<?xml version="1.0" encoding="UTF-8"?>
<testsuites name="RegressionSuite" time="288" tests="2" failures="0" errors="0">
   <testsuite name="RegressionSuite" tests="2" failures="0" errors="0" time="288" timestamp="2018-04-23 13:51:18" hostname="shalinin - NIBC2129.nousinfo.com" id="Test Suites/RegressionSuite">
      <properties>
         <property name="deviceName" value=""/>
         <property name="devicePlatform" value=""/>
         <property name="logFolder" value="C:\\Users\\shalinin\\Katalon Studio\\HME\\Reports\\RegressionSuite\\20180423_135114"/>
         <property name="logFiles" value="C:\\Users\\shalinin\\Katalon Studio\\HME\\Reports\\RegressionSuite\\20180423_135114\\execution0.log"/>
         <property name="attachments" value=""/>
         <property name="hostName" value="shalinin - NIBC2129.nousinfo.com"/>
         <property name="os" value="Windows 7 64bit"/>
         <property name="katalonVersion" value="5.3.1.1"/>
         <property name="browser" value="Chrome 65.0.3325.181"/>
         <property name="hostAddress" value="192.168.24.72"/>
         <property name="sessionId" value="9d3c49edda72437be74c27f9659f913e"/>
         <property name="seleniumVersion" value="3.7.1"/>
         <property name="proxyInformation" value="ProxyInformation{proxyOption=NO_PROXY, proxyServerType=HTTP, password=, proxyServerAddress=, proxyServerPort=0}"/>
         <property name="platform" value="Windows 7"/>
      </properties>
      <testcase name="Test Cases/CreateGroupTC/HME-CreateGroup-04" classname="Test Cases/CreateGroupTC/HME-CreateGroup-04" status="PASSED">
         <system-out><![CDATA[2018-04-23 13:51:18 - [TEST_CASE][PASSED] - Test Cases/CreateGroupTC/HME-CreateGroup-04: Browser is closed

2018-04-23 13:51:18 - [TEST_STEP][PASSED] - Start listener action : sampleBeforeTestCase: Current window maximized

2018-04-23 13:51:18 - [TEST_STEP][PASSED] - openBrowser: Browser is opened with url: ''

2018-04-23 13:51:22 - [MESSAGE][PASSED] - Browser is opened with url: ''

2018-04-23 13:51:22 - [TEST_STEP][PASSED] - maximizeWindow: Current window maximized

2018-04-23 13:51:23 - [MESSAGE][PASSED] - Current window maximized

2018-04-23 13:51:24 - [TEST_STEP][PASSED] - Statement - TCflag = true: null

2018-04-23 13:51:24 - [TEST_STEP][PASSED] - Statement - Try: uiaction.CommonUIActions.click is PASSED

2018-04-23 13:51:24 - [TEST_STEP][PASSED] - navigateToUrl: Navigate to 'https://hme-dev-public-cloud-app.azurewebsites.net/' successfully

2018-04-23 13:51:28 - [MESSAGE][PASSED] - Navigate to 'https://hme-dev-public-cloud-app.azurewebsites.net/' successfully

2018-04-23 13:51:28 - [TEST_STEP][PASSED] - projectSpecific.Reusability.login: projectSpecific.Reusability.login is PASSED

2018-04-23 13:51:29 - [MESSAGE][PASSED] - projectSpecific.Reusability.getTestData is PASSED

2018-04-23 13:51:29 - [MESSAGE][PASSED] - projectSpecific.Reusability.getTestData is PASSED

2018-04-23 13:51:29 - [MESSAGE][PASSED] - Text 'selvendrank@nousinfo.com' is set on object 'Object Repository/LoginPage/Username'

2018-04-23 13:51:29 - [MESSAGE][PASSED] - Text 'nous;123' is set on object 'Object Repository/LoginPage/Password'

2018-04-23 13:51:29 - [MESSAGE][PASSED] - Object: 'Object Repository/LoginPage/Login' is clicked on

2018-04-23 13:51:29 - [MESSAGE][PASSED] - projectSpecific.Reusability.login is PASSED

2018-04-23 13:51:29 - [TEST_STEP][PASSED] - delay: Delayed 10 second(s)

2018-04-23 13:51:39 - [MESSAGE][PASSED] - Delayed 10 second(s)

2018-04-23 13:51:39 - [TEST_STEP][PASSED] - uiaction.CommonUIActions.click: uiaction.CommonUIActions.click is PASSED

2018-04-23 13:51:39 - [MESSAGE][PASSED] - uiaction.CommonUIActions.click is PASSED

2018-04-23 13:51:39 - [TEST_STEP][PASSED] - verifyElementPresent: Object 'Object Repository/ReportingGroupManagement/reportingGroupDetails' is present

2018-04-23 13:51:39 - [MESSAGE][PASSED] - Object 'Object Repository/ReportingGroupManagement/reportingGroupDetails' is present

2018-04-23 13:51:39 - [TEST_STEP][PASSED] - Statement - grpName = CustomKeywords.uiaction.CommonUIActions.getText(com.kms.katalon.core.testobject.ObjectRepository.findTestObject(ReportingGroupManagement/groupName)): uiaction.CommonUIActions.getText is PASSED

2018-04-23 13:51:39 - [MESSAGE][PASSED] - uiaction.CommonUIActions.getText is PASSED

2018-04-23 13:51:39 - [TEST_STEP][PASSED] - Statement - println("grpName"): null

2018-04-23 13:51:39 - [TEST_STEP][PASSED] - Statement - If (grpName.contains("*")): null

2018-04-23 13:51:39 - [TEST_STEP][PASSED] - Statement - out.println("Group Name text box is marked with asterisk symbol"): null

2018-04-23 13:51:39 - [TEST_STEP][PASSED] - Statement - StoreList = CustomKeywords.projectSpecific.Reusability.getTestData("ReportingGroupManagementPage", "availableStoreList"): projectSpecific.Reusability.getTestData is PASSED

2018-04-23 13:51:39 - [MESSAGE][PASSED] - projectSpecific.Reusability.getTestData is PASSED

2018-04-23 13:51:39 - [TEST_STEP][PASSED] - Statement - groupList = StoreList.split(","): null

2018-04-23 13:51:39 - [TEST_STEP][PASSED] - Statement - listOfStores = new java.util.ArrayList(java.util.Arrays.asList(groupList)): null

2018-04-23 13:51:39 - [TEST_STEP][PASSED] - Statement - out.println(listOfStores): null

2018-04-23 13:51:39 - [TEST_STEP][PASSED] - delay: Delayed 10 second(s)

2018-04-23 13:51:49 - [MESSAGE][PASSED] - Delayed 10 second(s)

2018-04-23 13:51:49 - [TEST_STEP][PASSED] - Statement - driver = com.kms.katalon.core.webui.driver.DriverFactory.getWebDriver(): null

2018-04-23 13:51:49 - [TEST_STEP][PASSED] - Statement - availableStoreList = driver.findElements(org.openqa.selenium.By.xpath(com.kms.katalon.core.testdata.TestDataFactory.findTestData(OR_file).getValue(2, 10))): Reading excel file with source file 'C:\Users\shalinin\Katalon Studio\HME\Data Files\HME_OR.xlsx' and sheet name 'Sheet1'

2018-04-23 13:51:49 - [TEST_STEP][PASSED] - Statement - actualList = new java.util.ArrayList(): null

2018-04-23 13:51:49 - [TEST_STEP][PASSED] - Statement - For ([i = 0, i < availableStoreList.size(), (i++)]): null

2018-04-23 13:51:49 - [TEST_STEP][PASSED] - Statement - actualList.add(i, availableStoreList.get(i).getText()): null

2018-04-23 13:51:49 - [TEST_STEP][PASSED] - Statement - actualList.add(i, availableStoreList.get(i).getText()): null

2018-04-23 13:51:49 - [TEST_STEP][PASSED] - Statement - actualList.add(i, availableStoreList.get(i).getText()): null

2018-04-23 13:51:49 - [TEST_STEP][PASSED] - Statement - actualList.add(i, availableStoreList.get(i).getText()): null

2018-04-23 13:51:50 - [TEST_STEP][PASSED] - Statement - actualList.add(i, availableStoreList.get(i).getText()): null

2018-04-23 13:51:50 - [TEST_STEP][PASSED] - Statement - actualList.add(i, availableStoreList.get(i).getText()): null

2018-04-23 13:51:50 - [TEST_STEP][PASSED] - Statement - actualList.add(i, availableStoreList.get(i).getText()): null

2018-04-23 13:51:50 - [TEST_STEP][PASSED] - Statement - actualList.add(i, availableStoreList.get(i).getText()): null

2018-04-23 13:51:50 - [TEST_STEP][PASSED] - Statement - actualList.add(i, availableStoreList.get(i).getText()): null

2018-04-23 13:51:50 - [TEST_STEP][PASSED] - Statement - actualList.add(i, availableStoreList.get(i).getText()): null

2018-04-23 13:51:50 - [TEST_STEP][PASSED] - Statement - actualList.add(i, availableStoreList.get(i).getText()): null

2018-04-23 13:51:50 - [TEST_STEP][PASSED] - Statement - actualList.add(i, availableStoreList.get(i).getText()): null

2018-04-23 13:51:50 - [TEST_STEP][PASSED] - Statement - actualList.add(i, availableStoreList.get(i).getText()): null

2018-04-23 13:51:50 - [TEST_STEP][PASSED] - Statement - actualList.add(i, availableStoreList.get(i).getText()): null

2018-04-23 13:51:50 - [TEST_STEP][PASSED] - Statement - actualList.add(i, availableStoreList.get(i).getText()): null

2018-04-23 13:51:50 - [TEST_STEP][PASSED] - Statement - actualList.add(i, availableStoreList.get(i).getText()): null

2018-04-23 13:51:50 - [TEST_STEP][PASSED] - Statement - actualList.add(i, availableStoreList.get(i).getText()): null

2018-04-23 13:51:50 - [TEST_STEP][PASSED] - Statement - actualList.add(i, availableStoreList.get(i).getText()): null

2018-04-23 13:51:50 - [TEST_STEP][PASSED] - Statement - actualList.add(i, availableStoreList.get(i).getText()): null

2018-04-23 13:51:50 - [TEST_STEP][PASSED] - Statement - actualList.add(i, availableStoreList.get(i).getText()): null

2018-04-23 13:51:50 - [TEST_STEP][PASSED] - Statement - out.println(actualList): null

2018-04-23 13:51:50 - [TEST_STEP][PASSED] - Statement - If (actualList.containsAll(listOfStores)): null

2018-04-23 13:51:50 - [TEST_STEP][PASSED] - Statement - println("Actual list contains the required stores or groups"): null

2018-04-23 13:51:50 - [TEST_STEP][PASSED] - Statement - secondStoreListBox = driver.findElements(org.openqa.selenium.By.xpath(com.kms.katalon.core.testdata.TestDataFactory.findTestData(OR_file).getValue(2, 11))): Reading excel file with source file 'C:\Users\shalinin\Katalon Studio\HME\Data Files\HME_OR.xlsx' and sheet name 'Sheet1'

2018-04-23 13:51:50 - [TEST_STEP][PASSED] - Statement - list = new java.util.ArrayList(): null

2018-04-23 13:51:50 - [TEST_STEP][PASSED] - Statement - For ([i = 0, i < secondStoreListBox.size(), (i++)]): null

2018-04-23 13:51:50 - [TEST_STEP][PASSED] - Statement - If (list.size() == 0): null

2018-04-23 13:51:50 - [TEST_STEP][PASSED] - Statement - println("No Groups/Stores is displayed in Groups/Stores in Group list box"): null

2018-04-23 13:51:50 - [TEST_STEP][PASSED] - uiaction.CommonUIActions.enter: uiaction.CommonUIActions.enter is PASSED

2018-04-23 13:51:50 - [MESSAGE][PASSED] - projectSpecific.Reusability.getTestData is PASSED

2018-04-23 13:51:50 - [MESSAGE][PASSED] - uiaction.CommonUIActions.enter is PASSED

2018-04-23 13:51:50 - [TEST_STEP][PASSED] - uiaction.CommonUIActions.enter: uiaction.CommonUIActions.enter is PASSED

2018-04-23 13:51:50 - [MESSAGE][PASSED] - projectSpecific.Reusability.getTestData is PASSED

2018-04-23 13:51:50 - [MESSAGE][PASSED] - uiaction.CommonUIActions.enter is PASSED

2018-04-23 13:51:50 - [TEST_STEP][PASSED] - Statement - groupNameAttr = com.kms.katalon.core.webui.keyword.WebUiBuiltInKeywords.getAttribute(com.kms.katalon.core.testobject.ObjectRepository.findTestObject(ReportingGroupManagement/groupNameTxt), "value"): Attribute 'value' of object 'Object Repository/ReportingGroupManagement/groupNameTxt' is: 'Group 11'

2018-04-23 13:51:50 - [MESSAGE][PASSED] - Attribute 'value' of object 'Object Repository/ReportingGroupManagement/groupNameTxt' is: 'Group 11'

2018-04-23 13:51:50 - [TEST_STEP][PASSED] - verifyMatch: Actual text 'Group 11' and expected text 'Group 11' are matched 

2018-04-23 13:51:50 - [MESSAGE][PASSED] - projectSpecific.Reusability.getTestData is PASSED

2018-04-23 13:51:50 - [MESSAGE][PASSED] - Actual text 'Group 11' and expected text 'Group 11' are matched 

2018-04-23 13:51:50 - [TEST_STEP][PASSED] - Statement - groupDescAttr = com.kms.katalon.core.webui.keyword.WebUiBuiltInKeywords.getAttribute(com.kms.katalon.core.testobject.ObjectRepository.findTestObject(ReportingGroupManagement/groupDescTxt), "value"): Attribute 'value' of object 'Object Repository/ReportingGroupManagement/groupDescTxt' is: 'South west branch Group 11'

2018-04-23 13:51:50 - [MESSAGE][PASSED] - Attribute 'value' of object 'Object Repository/ReportingGroupManagement/groupDescTxt' is: 'South west branch Group 11'

2018-04-23 13:51:50 - [TEST_STEP][PASSED] - verifyMatch: Actual text 'South west branch Group 11' and expected text 'South west branch Group 11' are matched 

2018-04-23 13:51:50 - [MESSAGE][PASSED] - projectSpecific.Reusability.getTestData is PASSED

2018-04-23 13:51:50 - [MESSAGE][PASSED] - Actual text 'South west branch Group 11' and expected text 'South west branch Group 11' are matched 

2018-04-23 13:51:50 - [TEST_STEP][PASSED] - uiaction.CommonUIActions.click: uiaction.CommonUIActions.click is PASSED

2018-04-23 13:51:50 - [MESSAGE][PASSED] - uiaction.CommonUIActions.click is PASSED

2018-04-23 13:51:50 - [TEST_STEP][PASSED] - Statement - availableStoresCheckBoxList = driver.findElements(org.openqa.selenium.By.xpath(com.kms.katalon.core.testdata.TestDataFactory.findTestData(OR_file).getValue(2, 12))): Reading excel file with source file 'C:\Users\shalinin\Katalon Studio\HME\Data Files\HME_OR.xlsx' and sheet name 'Sheet1'

2018-04-23 13:51:50 - [TEST_STEP][PASSED] - Statement - index = 1: null

2018-04-23 13:51:50 - [TEST_STEP][PASSED] - Statement - flag = true: null

2018-04-23 13:51:50 - [TEST_STEP][PASSED] - Statement - For ([i = 0, i < availableStoresCheckBoxList.size(), (i++)]): null

2018-04-23 13:51:50 - [TEST_STEP][PASSED] - Statement - element = availableStoresCheckBoxList[i]: null

2018-04-23 13:51:50 - [TEST_STEP][PASSED] - Statement - If (!(element.isSelected())): null

2018-04-23 13:51:50 - [TEST_STEP][PASSED] - Statement - element = availableStoresCheckBoxList[i]: null

2018-04-23 13:51:50 - [TEST_STEP][PASSED] - Statement - If (!(element.isSelected())): null

2018-04-23 13:51:50 - [TEST_STEP][PASSED] - Statement - element = availableStoresCheckBoxList[i]: null

2018-04-23 13:51:50 - [TEST_STEP][PASSED] - Statement - If (!(element.isSelected())): null

2018-04-23 13:51:50 - [TEST_STEP][PASSED] - Statement - element = availableStoresCheckBoxList[i]: null

2018-04-23 13:51:50 - [TEST_STEP][PASSED] - Statement - If (!(element.isSelected())): null

2018-04-23 13:51:50 - [TEST_STEP][PASSED] - Statement - element = availableStoresCheckBoxList[i]: null

2018-04-23 13:51:50 - [TEST_STEP][PASSED] - Statement - If (!(element.isSelected())): null

2018-04-23 13:51:50 - [TEST_STEP][PASSED] - Statement - element = availableStoresCheckBoxList[i]: null

2018-04-23 13:51:50 - [TEST_STEP][PASSED] - Statement - If (!(element.isSelected())): null

2018-04-23 13:51:50 - [TEST_STEP][PASSED] - Statement - element = availableStoresCheckBoxList[i]: null

2018-04-23 13:51:50 - [TEST_STEP][PASSED] - Statement - If (!(element.isSelected())): null

2018-04-23 13:51:50 - [TEST_STEP][PASSED] - Statement - element = availableStoresCheckBoxList[i]: null

2018-04-23 13:51:50 - [TEST_STEP][PASSED] - Statement - If (!(element.isSelected())): null

2018-04-23 13:51:50 - [TEST_STEP][PASSED] - Statement - element = availableStoresCheckBoxList[i]: null

2018-04-23 13:51:50 - [TEST_STEP][PASSED] - Statement - If (!(element.isSelected())): null

2018-04-23 13:51:50 - [TEST_STEP][PASSED] - Statement - element = availableStoresCheckBoxList[i]: null

2018-04-23 13:51:50 - [TEST_STEP][PASSED] - Statement - If (!(element.isSelected())): null

2018-04-23 13:51:50 - [TEST_STEP][PASSED] - Statement - element = availableStoresCheckBoxList[i]: null

2018-04-23 13:51:50 - [TEST_STEP][PASSED] - Statement - If (!(element.isSelected())): null

2018-04-23 13:51:50 - [TEST_STEP][PASSED] - Statement - element = availableStoresCheckBoxList[i]: null

2018-04-23 13:51:50 - [TEST_STEP][PASSED] - Statement - If (!(element.isSelected())): null

2018-04-23 13:51:50 - [TEST_STEP][PASSED] - Statement - element = availableStoresCheckBoxList[i]: null

2018-04-23 13:51:50 - [TEST_STEP][PASSED] - Statement - If (!(element.isSelected())): null

2018-04-23 13:51:51 - [TEST_STEP][PASSED] - Statement - element = availableStoresCheckBoxList[i]: null

2018-04-23 13:51:51 - [TEST_STEP][PASSED] - Statement - If (!(element.isSelected())): null

2018-04-23 13:51:51 - [TEST_STEP][PASSED] - Statement - element = availableStoresCheckBoxList[i]: null

2018-04-23 13:51:51 - [TEST_STEP][PASSED] - Statement - If (!(element.isSelected())): null

2018-04-23 13:51:51 - [TEST_STEP][PASSED] - Statement - element = availableStoresCheckBoxList[i]: null

2018-04-23 13:51:51 - [TEST_STEP][PASSED] - Statement - If (!(element.isSelected())): null

2018-04-23 13:51:51 - [TEST_STEP][PASSED] - Statement - element = availableStoresCheckBoxList[i]: null

2018-04-23 13:51:51 - [TEST_STEP][PASSED] - Statement - If (!(element.isSelected())): null

2018-04-23 13:51:51 - [TEST_STEP][PASSED] - Statement - element = availableStoresCheckBoxList[i]: null

2018-04-23 13:51:51 - [TEST_STEP][PASSED] - Statement - If (!(element.isSelected())): null

2018-04-23 13:51:51 - [TEST_STEP][PASSED] - Statement - element = availableStoresCheckBoxList[i]: null

2018-04-23 13:51:51 - [TEST_STEP][PASSED] - Statement - If (!(element.isSelected())): null

2018-04-23 13:51:51 - [TEST_STEP][PASSED] - Statement - element = availableStoresCheckBoxList[i]: null

2018-04-23 13:51:51 - [TEST_STEP][PASSED] - Statement - If (!(element.isSelected())): null

2018-04-23 13:51:51 - [TEST_STEP][PASSED] - Statement - If (flag): null

2018-04-23 13:51:51 - [TEST_STEP][PASSED] - Statement - out.println("All Available Store checkboxes are checked"): null

2018-04-23 13:51:51 - [TEST_STEP][PASSED] - delay: Delayed 4 second(s)

2018-04-23 13:51:55 - [MESSAGE][PASSED] - Delayed 4 second(s)

2018-04-23 13:51:55 - [TEST_STEP][PASSED] - Statement - StoresCBList = driver.findElements(org.openqa.selenium.By.xpath(com.kms.katalon.core.testdata.TestDataFactory.findTestData(OR_file).getValue(2, 12))): Reading excel file with source file 'C:\Users\shalinin\Katalon Studio\HME\Data Files\HME_OR.xlsx' and sheet name 'Sheet1'

2018-04-23 13:51:55 - [TEST_STEP][PASSED] - Statement - For (org.openqa.selenium.WebElement checkbox : StoresCBList): null

2018-04-23 13:51:55 - [TEST_STEP][PASSED] - Statement - If (checkbox.isSelected()): null

2018-04-23 13:51:55 - [TEST_STEP][PASSED] - Statement - checkbox.click(): null

2018-04-23 13:51:55 - [TEST_STEP][PASSED] - Statement - If (checkbox.isSelected()): null

2018-04-23 13:51:55 - [TEST_STEP][PASSED] - Statement - checkbox.click(): null

2018-04-23 13:51:55 - [TEST_STEP][PASSED] - Statement - If (checkbox.isSelected()): null

2018-04-23 13:51:55 - [TEST_STEP][PASSED] - Statement - checkbox.click(): null

2018-04-23 13:51:55 - [TEST_STEP][PASSED] - Statement - If (checkbox.isSelected()): null

2018-04-23 13:51:55 - [TEST_STEP][PASSED] - Statement - checkbox.click(): null

2018-04-23 13:51:55 - [TEST_STEP][PASSED] - Statement - If (checkbox.isSelected()): null

2018-04-23 13:51:55 - [TEST_STEP][PASSED] - Statement - checkbox.click(): null

2018-04-23 13:51:55 - [TEST_STEP][PASSED] - Statement - If (checkbox.isSelected()): null

2018-04-23 13:51:55 - [TEST_STEP][PASSED] - Statement - checkbox.click(): null

2018-04-23 13:51:55 - [TEST_STEP][PASSED] - Statement - If (checkbox.isSelected()): null

2018-04-23 13:51:55 - [TEST_STEP][PASSED] - Statement - checkbox.click(): null

2018-04-23 13:51:55 - [TEST_STEP][PASSED] - Statement - If (checkbox.isSelected()): null

2018-04-23 13:51:55 - [TEST_STEP][PASSED] - Statement - checkbox.click(): null

2018-04-23 13:51:55 - [TEST_STEP][PASSED] - Statement - If (checkbox.isSelected()): null

2018-04-23 13:51:55 - [TEST_STEP][PASSED] - Statement - checkbox.click(): null

2018-04-23 13:51:55 - [TEST_STEP][PASSED] - Statement - If (checkbox.isSelected()): null

2018-04-23 13:51:55 - [TEST_STEP][PASSED] - Statement - checkbox.click(): null

2018-04-23 13:51:55 - [TEST_STEP][PASSED] - Statement - If (checkbox.isSelected()): null

2018-04-23 13:51:55 - [TEST_STEP][PASSED] - Statement - checkbox.click(): null

2018-04-23 13:51:55 - [TEST_STEP][PASSED] - Statement - If (checkbox.isSelected()): null

2018-04-23 13:51:55 - [TEST_STEP][PASSED] - Statement - checkbox.click(): null

2018-04-23 13:51:55 - [TEST_STEP][PASSED] - Statement - If (checkbox.isSelected()): null

2018-04-23 13:51:55 - [TEST_STEP][PASSED] - Statement - checkbox.click(): null

2018-04-23 13:51:55 - [TEST_STEP][PASSED] - Statement - If (checkbox.isSelected()): null

2018-04-23 13:51:55 - [TEST_STEP][PASSED] - Statement - checkbox.click(): null

2018-04-23 13:51:55 - [TEST_STEP][PASSED] - Statement - If (checkbox.isSelected()): null

2018-04-23 13:51:55 - [TEST_STEP][PASSED] - Statement - checkbox.click(): null

2018-04-23 13:51:55 - [TEST_STEP][PASSED] - Statement - If (checkbox.isSelected()): null

2018-04-23 13:51:55 - [TEST_STEP][PASSED] - Statement - checkbox.click(): null

2018-04-23 13:51:55 - [TEST_STEP][PASSED] - Statement - If (checkbox.isSelected()): null

2018-04-23 13:51:55 - [TEST_STEP][PASSED] - Statement - checkbox.click(): null

2018-04-23 13:51:56 - [TEST_STEP][PASSED] - Statement - If (checkbox.isSelected()): null

2018-04-23 13:51:56 - [TEST_STEP][PASSED] - Statement - checkbox.click(): null

2018-04-23 13:51:56 - [TEST_STEP][PASSED] - Statement - If (checkbox.isSelected()): null

2018-04-23 13:51:56 - [TEST_STEP][PASSED] - Statement - checkbox.click(): null

2018-04-23 13:51:56 - [TEST_STEP][PASSED] - Statement - If (checkbox.isSelected()): null

2018-04-23 13:51:56 - [TEST_STEP][PASSED] - Statement - checkbox.click(): null

2018-04-23 13:51:56 - [TEST_STEP][PASSED] - Statement - StoresCBList1 = driver.findElements(org.openqa.selenium.By.xpath(com.kms.katalon.core.testdata.TestDataFactory.findTestData(OR_file).getValue(2, 12))): Reading excel file with source file 'C:\Users\shalinin\Katalon Studio\HME\Data Files\HME_OR.xlsx' and sheet name 'Sheet1'

2018-04-23 13:51:56 - [TEST_STEP][PASSED] - Statement - out.println(StoresCBList1.size()): null

2018-04-23 13:51:56 - [TEST_STEP][PASSED] - Statement - For ([i = 0, i < StoresCBList1.size() - 18, (i++)]): null

2018-04-23 13:51:56 - [TEST_STEP][PASSED] - Statement - StoresCBList1.get(i).click(): null

2018-04-23 13:51:56 - [TEST_STEP][PASSED] - Statement - StoresCBList1.get(i).click(): null

2018-04-23 13:51:56 - [TEST_STEP][PASSED] - uiaction.CommonUIActions.click: uiaction.CommonUIActions.click is PASSED

2018-04-23 13:51:56 - [MESSAGE][PASSED] - uiaction.CommonUIActions.click is PASSED

2018-04-23 13:51:56 - [TEST_STEP][PASSED] - Statement - StoreInGroupList = CustomKeywords.projectSpecific.Reusability.getTestData("ReportingGroupManagementPage", "StoresInGroupList"): projectSpecific.Reusability.getTestData is PASSED

2018-04-23 13:51:56 - [MESSAGE][PASSED] - projectSpecific.Reusability.getTestData is PASSED

2018-04-23 13:51:56 - [TEST_STEP][PASSED] - Statement - groupList1 = StoreInGroupList.split(","): null

2018-04-23 13:51:56 - [TEST_STEP][PASSED] - Statement - listOfStoresinGroupListbox = new java.util.ArrayList(java.util.Arrays.asList(groupList1)): null

2018-04-23 13:51:56 - [TEST_STEP][PASSED] - Statement - out.println(listOfStoresinGroupListbox): null

2018-04-23 13:51:56 - [TEST_STEP][PASSED] - delay: Delayed 10 second(s)

2018-04-23 13:52:06 - [MESSAGE][PASSED] - Delayed 10 second(s)

2018-04-23 13:52:06 - [TEST_STEP][PASSED] - Statement - secondStoreListBox1 = driver.findElements(org.openqa.selenium.By.xpath(com.kms.katalon.core.testdata.TestDataFactory.findTestData(OR_file).getValue(2, 11))): Reading excel file with source file 'C:\Users\shalinin\Katalon Studio\HME\Data Files\HME_OR.xlsx' and sheet name 'Sheet1'

2018-04-23 13:52:06 - [TEST_STEP][PASSED] - Statement - actualList1 = new java.util.ArrayList(): null

2018-04-23 13:52:06 - [TEST_STEP][PASSED] - Statement - For ([i = 0, i < secondStoreListBox1.size(), (i++)]): null

2018-04-23 13:52:06 - [TEST_STEP][PASSED] - Statement - actualList1.add(i, secondStoreListBox1.get(i).getText()): null

2018-04-23 13:52:06 - [TEST_STEP][PASSED] - Statement - actualList1.add(i, secondStoreListBox1.get(i).getText()): null

2018-04-23 13:52:06 - [TEST_STEP][PASSED] - Statement - out.println(actualList1): null

2018-04-23 13:52:06 - [TEST_STEP][PASSED] - delay: Delayed 10 second(s)

2018-04-23 13:52:16 - [MESSAGE][PASSED] - Delayed 10 second(s)

2018-04-23 13:52:16 - [TEST_STEP][PASSED] - Statement - If (actualList1.containsAll(listOfStoresinGroupListbox)): null

2018-04-23 13:52:16 - [TEST_STEP][PASSED] - Statement - println("Selected stores are displayed in Group/Stores in Group listbox"): null

2018-04-23 13:52:16 - [TEST_STEP][PASSED] - uiaction.CommonUIActions.click: uiaction.CommonUIActions.click is PASSED

2018-04-23 13:52:16 - [MESSAGE][PASSED] - uiaction.CommonUIActions.click is PASSED

2018-04-23 13:52:16 - [TEST_STEP][PASSED] - verifyElementPresent: Object 'Object Repository/ReportingGroupManagement/saveStatusMsg' is present

2018-04-23 13:52:16 - [MESSAGE][PASSED] - Object 'Object Repository/ReportingGroupManagement/saveStatusMsg' is present

2018-04-23 13:52:16 - [TEST_STEP][PASSED] - delay: Delayed 10 second(s)

2018-04-23 13:52:26 - [MESSAGE][PASSED] - Delayed 10 second(s)

2018-04-23 13:52:26 - [TEST_STEP][PASSED] - back: Navigate back successfully

2018-04-23 13:52:26 - [MESSAGE][PASSED] - Navigate back successfully

2018-04-23 13:52:26 - [TEST_STEP][PASSED] - delay: Delayed 10 second(s)

2018-04-23 13:52:36 - [MESSAGE][PASSED] - Delayed 10 second(s)

2018-04-23 13:52:36 - [TEST_STEP][PASSED] - Statement - groupHierarchyList = driver.findElements(org.openqa.selenium.By.xpath(com.kms.katalon.core.testdata.TestDataFactory.findTestData(OR_file).getValue(2, 13))): Reading excel file with source file 'C:\Users\shalinin\Katalon Studio\HME\Data Files\HME_OR.xlsx' and sheet name 'Sheet1'

2018-04-23 13:52:36 - [TEST_STEP][PASSED] - Statement - actualgroupList = new java.util.ArrayList(): null

2018-04-23 13:52:36 - [TEST_STEP][PASSED] - Statement - For ([i = 0, i < groupHierarchyList.size(), (i++)]): null

2018-04-23 13:52:36 - [TEST_STEP][PASSED] - Statement - actualgroupList.add(i, groupHierarchyList.get(i).getText()): null

2018-04-23 13:52:36 - [TEST_STEP][PASSED] - Statement - actualgroupList.add(i, groupHierarchyList.get(i).getText()): null

2018-04-23 13:52:36 - [TEST_STEP][PASSED] - Statement - actualgroupList.add(i, groupHierarchyList.get(i).getText()): null

2018-04-23 13:52:36 - [TEST_STEP][PASSED] - Statement - actualgroupList.add(i, groupHierarchyList.get(i).getText()): null

2018-04-23 13:52:36 - [TEST_STEP][PASSED] - Statement - actualgroupList.add(i, groupHierarchyList.get(i).getText()): null

2018-04-23 13:52:36 - [TEST_STEP][PASSED] - Statement - actualgroupList.add(i, groupHierarchyList.get(i).getText()): null

2018-04-23 13:52:36 - [TEST_STEP][PASSED] - Statement - actualgroupList.add(i, groupHierarchyList.get(i).getText()): null

2018-04-23 13:52:36 - [TEST_STEP][PASSED] - Statement - actualgroupList.add(i, groupHierarchyList.get(i).getText()): null

2018-04-23 13:52:36 - [TEST_STEP][PASSED] - Statement - actualgroupList.add(i, groupHierarchyList.get(i).getText()): null

2018-04-23 13:52:36 - [TEST_STEP][PASSED] - Statement - actualgroupList.add(i, groupHierarchyList.get(i).getText()): null

2018-04-23 13:52:36 - [TEST_STEP][PASSED] - Statement - actualgroupList.add(i, groupHierarchyList.get(i).getText()): null

2018-04-23 13:52:36 - [TEST_STEP][PASSED] - Statement - actualgroupList.add(i, groupHierarchyList.get(i).getText()): null

2018-04-23 13:52:36 - [TEST_STEP][PASSED] - Statement - actualgroupList.add(i, groupHierarchyList.get(i).getText()): null

2018-04-23 13:52:36 - [TEST_STEP][PASSED] - Statement - actualgroupList.add(i, groupHierarchyList.get(i).getText()): null

2018-04-23 13:52:36 - [TEST_STEP][PASSED] - Statement - actualgroupList.add(i, groupHierarchyList.get(i).getText()): null

2018-04-23 13:52:36 - [TEST_STEP][PASSED] - Statement - actualgroupList.add(i, groupHierarchyList.get(i).getText()): null

2018-04-23 13:52:36 - [TEST_STEP][PASSED] - Statement - actualgroupList.add(i, groupHierarchyList.get(i).getText()): null

2018-04-23 13:52:36 - [TEST_STEP][PASSED] - Statement - actualgroupList.add(i, groupHierarchyList.get(i).getText()): null

2018-04-23 13:52:36 - [TEST_STEP][PASSED] - Statement - actualgroupList.add(i, groupHierarchyList.get(i).getText()): null

2018-04-23 13:52:37 - [TEST_STEP][PASSED] - Statement - out.println(actualgroupList): null

2018-04-23 13:52:37 - [TEST_STEP][PASSED] - Statement - groupName = CustomKeywords.projectSpecific.Reusability.getTestData("ReportingGroupManagementPage", "GroupName"): projectSpecific.Reusability.getTestData is PASSED

2018-04-23 13:52:37 - [MESSAGE][PASSED] - projectSpecific.Reusability.getTestData is PASSED

2018-04-23 13:52:37 - [TEST_STEP][PASSED] - Statement - If (actualgroupList.contains(groupName)): null

2018-04-23 13:52:37 - [TEST_STEP][PASSED] - Statement - println("Group 11 is available in group hierarchy"): null

2018-04-23 13:52:37 - [TEST_STEP][PASSED] - uiaction.CommonUIActions.click: uiaction.CommonUIActions.click is PASSED

2018-04-23 13:52:37 - [MESSAGE][PASSED] - uiaction.CommonUIActions.click is PASSED

2018-04-23 13:52:37 - [TEST_STEP][PASSED] - uiaction.CommonUIActions.click: uiaction.CommonUIActions.click is PASSED

2018-04-23 13:52:37 - [MESSAGE][PASSED] - uiaction.CommonUIActions.click is PASSED

2018-04-23 13:52:37 - [TEST_STEP][PASSED] - uiaction.CommonUIActions.click: uiaction.CommonUIActions.click is PASSED

2018-04-23 13:52:37 - [MESSAGE][PASSED] - uiaction.CommonUIActions.click is PASSED

2018-04-23 13:52:37 - [TEST_STEP][PASSED] - uiaction.CommonUIActions.click: uiaction.CommonUIActions.click is PASSED

2018-04-23 13:52:57 - [MESSAGE][PASSED] - uiaction.CommonUIActions.click is PASSED

2018-04-23 13:52:57 - [TEST_STEP][PASSED] - delay: Delayed 10 second(s)

2018-04-23 13:53:07 - [MESSAGE][PASSED] - Delayed 10 second(s)

2018-04-23 13:53:07 - [TEST_STEP][PASSED] - uiaction.CommonUIActions.click: uiaction.CommonUIActions.click is PASSED

2018-04-23 13:53:08 - [MESSAGE][PASSED] - uiaction.CommonUIActions.click is PASSED

2018-04-23 13:53:08 - [TEST_STEP][PASSED] - uiaction.CommonUIActions.click: uiaction.CommonUIActions.click is PASSED

2018-04-23 13:53:08 - [MESSAGE][PASSED] - uiaction.CommonUIActions.click is PASSED

2018-04-23 13:53:08 - [TEST_STEP][PASSED] - uiaction.CommonUIActions.click: uiaction.CommonUIActions.click is PASSED

2018-04-23 13:53:08 - [MESSAGE][PASSED] - uiaction.CommonUIActions.click is PASSED

2018-04-23 13:53:08 - [TEST_STEP][PASSED] - delay: Delayed 10 second(s)

2018-04-23 13:53:18 - [MESSAGE][PASSED] - Delayed 10 second(s)

2018-04-23 13:53:18 - [TEST_STEP][PASSED] - back: Navigate back successfully

2018-04-23 13:53:18 - [MESSAGE][PASSED] - Navigate back successfully

2018-04-23 13:53:18 - [TEST_STEP][PASSED] - uiaction.CommonUIActions.click: uiaction.CommonUIActions.click is PASSED

2018-04-23 13:53:19 - [MESSAGE][PASSED] - uiaction.CommonUIActions.click is PASSED

2018-04-23 13:53:19 - [TEST_STEP][PASSED] - uiaction.CommonUIActions.click: uiaction.CommonUIActions.click is PASSED

2018-04-23 13:53:19 - [MESSAGE][PASSED] - uiaction.CommonUIActions.click is PASSED

2018-04-23 13:53:19 - [TEST_STEP][PASSED] - uiaction.CommonUIActions.click: uiaction.CommonUIActions.click is PASSED

2018-04-23 13:53:19 - [MESSAGE][PASSED] - uiaction.CommonUIActions.click is PASSED

2018-04-23 13:53:19 - [TEST_STEP][PASSED] - uiaction.CommonUIActions.click: uiaction.CommonUIActions.click is PASSED

2018-04-23 13:53:26 - [MESSAGE][PASSED] - uiaction.CommonUIActions.click is PASSED

2018-04-23 13:53:26 - [TEST_STEP][PASSED] - Statement - assert TCflag == true: null

2018-04-23 13:53:26 - [TEST_STEP][PASSED] - Start listener action : sampleAfterTestCase: Browser is closed

2018-04-23 13:53:26 - [TEST_STEP][PASSED] - Statement - println(testCaseContext.getTestCaseId()): null

2018-04-23 13:53:26 - [TEST_STEP][PASSED] - Statement - println(testCaseContext.getTestCaseStatus()): null

2018-04-23 13:53:26 - [TEST_STEP][PASSED] - closeBrowser: Browser is closed

2018-04-23 13:53:26 - [MESSAGE][PASSED] - Browser is closed]]></system-out>
         <system-err><![CDATA[]]></system-err>
      </testcase>
      <testcase name="Test Cases/CreateGroupTC/HME-EditGroup-05" classname="Test Cases/CreateGroupTC/HME-EditGroup-05" status="PASSED">
         <system-out><![CDATA[2018-04-23 13:53:26 - [TEST_CASE][PASSED] - Test Cases/CreateGroupTC/HME-EditGroup-05: Browser is closed

2018-04-23 13:53:26 - [TEST_STEP][PASSED] - Start listener action : sampleBeforeTestCase: Current window maximized

2018-04-23 13:53:26 - [TEST_STEP][PASSED] - openBrowser: Browser is opened with url: ''

2018-04-23 13:53:29 - [MESSAGE][PASSED] - Browser is opened with url: ''

2018-04-23 13:53:29 - [TEST_STEP][PASSED] - maximizeWindow: Current window maximized

2018-04-23 13:53:30 - [MESSAGE][PASSED] - Current window maximized

2018-04-23 13:53:30 - [TEST_STEP][PASSED] - Statement - TCflag = true: null

2018-04-23 13:53:30 - [TEST_STEP][PASSED] - Statement - Try: uiaction.CommonUIActions.click is PASSED

2018-04-23 13:53:30 - [TEST_STEP][PASSED] - navigateToUrl: Navigate to 'https://hme-dev-public-cloud-app.azurewebsites.net/' successfully

2018-04-23 13:53:34 - [MESSAGE][PASSED] - Navigate to 'https://hme-dev-public-cloud-app.azurewebsites.net/' successfully

2018-04-23 13:53:34 - [TEST_STEP][PASSED] - projectSpecific.Reusability.login: projectSpecific.Reusability.login is PASSED

2018-04-23 13:53:34 - [MESSAGE][PASSED] - projectSpecific.Reusability.getTestData is PASSED

2018-04-23 13:53:34 - [MESSAGE][PASSED] - projectSpecific.Reusability.getTestData is PASSED

2018-04-23 13:53:34 - [MESSAGE][PASSED] - Text 'selvendrank@nousinfo.com' is set on object 'Object Repository/LoginPage/Username'

2018-04-23 13:53:34 - [MESSAGE][PASSED] - Text 'nous;123' is set on object 'Object Repository/LoginPage/Password'

2018-04-23 13:53:34 - [MESSAGE][PASSED] - Object: 'Object Repository/LoginPage/Login' is clicked on

2018-04-23 13:53:34 - [MESSAGE][PASSED] - projectSpecific.Reusability.login is PASSED

2018-04-23 13:53:34 - [TEST_STEP][PASSED] - delay: Delayed 5 second(s)

2018-04-23 13:53:39 - [MESSAGE][PASSED] - Delayed 5 second(s)

2018-04-23 13:53:39 - [TEST_STEP][PASSED] - uiaction.CommonUIActions.click: uiaction.CommonUIActions.click is PASSED

2018-04-23 13:53:39 - [MESSAGE][PASSED] - uiaction.CommonUIActions.click is PASSED

2018-04-23 13:53:39 - [TEST_STEP][PASSED] - verifyElementPresent: Object 'Object Repository/ReportingGroupManagement/reportingGroupDetails' is present

2018-04-23 13:53:39 - [MESSAGE][PASSED] - Object 'Object Repository/ReportingGroupManagement/reportingGroupDetails' is present

2018-04-23 13:53:39 - [TEST_STEP][PASSED] - uiaction.CommonUIActions.enter: uiaction.CommonUIActions.enter is PASSED

2018-04-23 13:53:39 - [MESSAGE][PASSED] - projectSpecific.Reusability.getTestData is PASSED

2018-04-23 13:53:39 - [MESSAGE][PASSED] - uiaction.CommonUIActions.enter is PASSED

2018-04-23 13:53:39 - [TEST_STEP][PASSED] - uiaction.CommonUIActions.enter: uiaction.CommonUIActions.enter is PASSED

2018-04-23 13:53:39 - [MESSAGE][PASSED] - projectSpecific.Reusability.getTestData is PASSED

2018-04-23 13:53:39 - [MESSAGE][PASSED] - uiaction.CommonUIActions.enter is PASSED

2018-04-23 13:53:39 - [TEST_STEP][PASSED] - uiaction.CommonUIActions.click: uiaction.CommonUIActions.click is PASSED

2018-04-23 13:53:39 - [MESSAGE][PASSED] - uiaction.CommonUIActions.click is PASSED

2018-04-23 13:53:39 - [TEST_STEP][PASSED] - delay: Delayed 10 second(s)

2018-04-23 13:53:49 - [MESSAGE][PASSED] - Delayed 10 second(s)

2018-04-23 13:53:49 - [TEST_STEP][PASSED] - back: Navigate back successfully

2018-04-23 13:53:49 - [MESSAGE][PASSED] - Navigate back successfully

2018-04-23 13:53:49 - [TEST_STEP][PASSED] - delay: Delayed 10 second(s)

2018-04-23 13:53:59 - [MESSAGE][PASSED] - Delayed 10 second(s)

2018-04-23 13:53:59 - [TEST_STEP][PASSED] - Statement - driver = com.kms.katalon.core.webui.driver.DriverFactory.getWebDriver(): null

2018-04-23 13:53:59 - [TEST_STEP][PASSED] - Statement - groupHierarchyList = driver.findElements(org.openqa.selenium.By.xpath(com.kms.katalon.core.testdata.TestDataFactory.findTestData(OR_file).getValue(2, 13))): Reading excel file with source file 'C:\Users\shalinin\Katalon Studio\HME\Data Files\HME_OR.xlsx' and sheet name 'Sheet1'

2018-04-23 13:53:59 - [TEST_STEP][PASSED] - Statement - actualgroupList = new java.util.ArrayList(): null

2018-04-23 13:53:59 - [TEST_STEP][PASSED] - Statement - For ([i = 0, i < groupHierarchyList.size(), (i++)]): null

2018-04-23 13:53:59 - [TEST_STEP][PASSED] - Statement - actualgroupList.add(i, groupHierarchyList.get(i).getText()): null

2018-04-23 13:53:59 - [TEST_STEP][PASSED] - Statement - actualgroupList.add(i, groupHierarchyList.get(i).getText()): null

2018-04-23 13:53:59 - [TEST_STEP][PASSED] - Statement - actualgroupList.add(i, groupHierarchyList.get(i).getText()): null

2018-04-23 13:53:59 - [TEST_STEP][PASSED] - Statement - actualgroupList.add(i, groupHierarchyList.get(i).getText()): null

2018-04-23 13:54:00 - [TEST_STEP][PASSED] - Statement - actualgroupList.add(i, groupHierarchyList.get(i).getText()): null

2018-04-23 13:54:00 - [TEST_STEP][PASSED] - Statement - actualgroupList.add(i, groupHierarchyList.get(i).getText()): null

2018-04-23 13:54:00 - [TEST_STEP][PASSED] - Statement - actualgroupList.add(i, groupHierarchyList.get(i).getText()): null

2018-04-23 13:54:00 - [TEST_STEP][PASSED] - Statement - actualgroupList.add(i, groupHierarchyList.get(i).getText()): null

2018-04-23 13:54:00 - [TEST_STEP][PASSED] - Statement - actualgroupList.add(i, groupHierarchyList.get(i).getText()): null

2018-04-23 13:54:00 - [TEST_STEP][PASSED] - Statement - actualgroupList.add(i, groupHierarchyList.get(i).getText()): null

2018-04-23 13:54:00 - [TEST_STEP][PASSED] - Statement - actualgroupList.add(i, groupHierarchyList.get(i).getText()): null

2018-04-23 13:54:00 - [TEST_STEP][PASSED] - Statement - actualgroupList.add(i, groupHierarchyList.get(i).getText()): null

2018-04-23 13:54:00 - [TEST_STEP][PASSED] - Statement - actualgroupList.add(i, groupHierarchyList.get(i).getText()): null

2018-04-23 13:54:00 - [TEST_STEP][PASSED] - Statement - actualgroupList.add(i, groupHierarchyList.get(i).getText()): null

2018-04-23 13:54:00 - [TEST_STEP][PASSED] - Statement - actualgroupList.add(i, groupHierarchyList.get(i).getText()): null

2018-04-23 13:54:00 - [TEST_STEP][PASSED] - Statement - actualgroupList.add(i, groupHierarchyList.get(i).getText()): null

2018-04-23 13:54:00 - [TEST_STEP][PASSED] - Statement - actualgroupList.add(i, groupHierarchyList.get(i).getText()): null

2018-04-23 13:54:00 - [TEST_STEP][PASSED] - Statement - actualgroupList.add(i, groupHierarchyList.get(i).getText()): null

2018-04-23 13:54:00 - [TEST_STEP][PASSED] - Statement - actualgroupList.add(i, groupHierarchyList.get(i).getText()): null

2018-04-23 13:54:00 - [TEST_STEP][PASSED] - Statement - actualgroupList.add(i, groupHierarchyList.get(i).getText()): null

2018-04-23 13:54:00 - [TEST_STEP][PASSED] - Statement - actualgroupList.add(i, groupHierarchyList.get(i).getText()): null

2018-04-23 13:54:00 - [TEST_STEP][PASSED] - Statement - out.println(actualgroupList): null

2018-04-23 13:54:00 - [TEST_STEP][PASSED] - delay: Delayed 10 second(s)

2018-04-23 13:54:10 - [MESSAGE][PASSED] - Delayed 10 second(s)

2018-04-23 13:54:10 - [TEST_STEP][PASSED] - Statement - groupName = CustomKeywords.projectSpecific.Reusability.getTestData("ReportingGroupManagementPage", "GroupName"): projectSpecific.Reusability.getTestData is PASSED

2018-04-23 13:54:10 - [MESSAGE][PASSED] - projectSpecific.Reusability.getTestData is PASSED

2018-04-23 13:54:10 - [TEST_STEP][PASSED] - Statement - If (actualgroupList.contains(groupName)): null

2018-04-23 13:54:10 - [TEST_STEP][PASSED] - uiaction.CommonUIActions.click: uiaction.CommonUIActions.click is PASSED

2018-04-23 13:54:10 - [MESSAGE][PASSED] - uiaction.CommonUIActions.click is PASSED

2018-04-23 13:54:10 - [TEST_STEP][PASSED] - Statement - println("Group 11 is available in group hierarchy"): null

2018-04-23 13:54:10 - [TEST_STEP][PASSED] - verifyElementPresent: Object 'Object Repository/ReportingGroupManagement/reportingGroupDetails' is present

2018-04-23 13:54:10 - [MESSAGE][PASSED] - Object 'Object Repository/ReportingGroupManagement/reportingGroupDetails' is present

2018-04-23 13:54:10 - [TEST_STEP][PASSED] - delay: Delayed 5 second(s)

2018-04-23 13:54:15 - [MESSAGE][PASSED] - Delayed 5 second(s)

2018-04-23 13:54:15 - [TEST_STEP][PASSED] - Statement - groupNameAttr = com.kms.katalon.core.webui.keyword.WebUiBuiltInKeywords.getAttribute(com.kms.katalon.core.testobject.ObjectRepository.findTestObject(ReportingGroupManagement/groupNameTxt), "value"): Attribute 'value' of object 'Object Repository/ReportingGroupManagement/groupNameTxt' is: 'Group 11'

2018-04-23 13:54:15 - [MESSAGE][PASSED] - Attribute 'value' of object 'Object Repository/ReportingGroupManagement/groupNameTxt' is: 'Group 11'

2018-04-23 13:54:15 - [TEST_STEP][PASSED] - verifyMatch: Actual text 'Group 11' and expected text 'Group 11' are matched 

2018-04-23 13:54:15 - [MESSAGE][PASSED] - projectSpecific.Reusability.getTestData is PASSED

2018-04-23 13:54:15 - [MESSAGE][PASSED] - Actual text 'Group 11' and expected text 'Group 11' are matched 

2018-04-23 13:54:15 - [TEST_STEP][PASSED] - delay: Delayed 5 second(s)

2018-04-23 13:54:20 - [MESSAGE][PASSED] - Delayed 5 second(s)

2018-04-23 13:54:20 - [TEST_STEP][PASSED] - Statement - groupDescAttr = com.kms.katalon.core.webui.keyword.WebUiBuiltInKeywords.getAttribute(com.kms.katalon.core.testobject.ObjectRepository.findTestObject(ReportingGroupManagement/groupDescTxt), "value"): Attribute 'value' of object 'Object Repository/ReportingGroupManagement/groupDescTxt' is: 'South west branch Group 11'

2018-04-23 13:54:20 - [MESSAGE][PASSED] - Attribute 'value' of object 'Object Repository/ReportingGroupManagement/groupDescTxt' is: 'South west branch Group 11'

2018-04-23 13:54:20 - [TEST_STEP][PASSED] - delay: Delayed 5 second(s)

2018-04-23 13:54:25 - [MESSAGE][PASSED] - Delayed 5 second(s)

2018-04-23 13:54:25 - [TEST_STEP][PASSED] - verifyMatch: Actual text 'South west branch Group 11' and expected text 'South west branch Group 11' are matched 

2018-04-23 13:54:25 - [MESSAGE][PASSED] - projectSpecific.Reusability.getTestData is PASSED

2018-04-23 13:54:25 - [MESSAGE][PASSED] - Actual text 'South west branch Group 11' and expected text 'South west branch Group 11' are matched 

2018-04-23 13:54:25 - [TEST_STEP][PASSED] - Statement - StoreList = CustomKeywords.projectSpecific.Reusability.getTestData("ReportingGroupManagementPage", "availableStoreList"): projectSpecific.Reusability.getTestData is PASSED

2018-04-23 13:54:25 - [MESSAGE][PASSED] - projectSpecific.Reusability.getTestData is PASSED

2018-04-23 13:54:25 - [TEST_STEP][PASSED] - Statement - groupList = StoreList.split(","): null

2018-04-23 13:54:25 - [TEST_STEP][PASSED] - Statement - listOfStores = new java.util.ArrayList(java.util.Arrays.asList(groupList)): null

2018-04-23 13:54:25 - [TEST_STEP][PASSED] - Statement - out.println(listOfStores): null

2018-04-23 13:54:25 - [TEST_STEP][PASSED] - delay: Delayed 10 second(s)

2018-04-23 13:54:35 - [MESSAGE][PASSED] - Delayed 10 second(s)

2018-04-23 13:54:35 - [TEST_STEP][PASSED] - Statement - availableStoreList = driver.findElements(org.openqa.selenium.By.xpath(com.kms.katalon.core.testdata.TestDataFactory.findTestData(OR_file).getValue(2, 10))): Reading excel file with source file 'C:\Users\shalinin\Katalon Studio\HME\Data Files\HME_OR.xlsx' and sheet name 'Sheet1'

2018-04-23 13:54:35 - [TEST_STEP][PASSED] - Statement - actualList = new java.util.ArrayList(): null

2018-04-23 13:54:35 - [TEST_STEP][PASSED] - Statement - For ([i = 0, i < availableStoreList.size(), (i++)]): null

2018-04-23 13:54:35 - [TEST_STEP][PASSED] - Statement - actualList.add(i, availableStoreList.get(i).getText()): null

2018-04-23 13:54:35 - [TEST_STEP][PASSED] - Statement - actualList.add(i, availableStoreList.get(i).getText()): null

2018-04-23 13:54:35 - [TEST_STEP][PASSED] - Statement - actualList.add(i, availableStoreList.get(i).getText()): null

2018-04-23 13:54:35 - [TEST_STEP][PASSED] - Statement - actualList.add(i, availableStoreList.get(i).getText()): null

2018-04-23 13:54:35 - [TEST_STEP][PASSED] - Statement - actualList.add(i, availableStoreList.get(i).getText()): null

2018-04-23 13:54:35 - [TEST_STEP][PASSED] - Statement - actualList.add(i, availableStoreList.get(i).getText()): null

2018-04-23 13:54:35 - [TEST_STEP][PASSED] - Statement - actualList.add(i, availableStoreList.get(i).getText()): null

2018-04-23 13:54:35 - [TEST_STEP][PASSED] - Statement - actualList.add(i, availableStoreList.get(i).getText()): null

2018-04-23 13:54:35 - [TEST_STEP][PASSED] - Statement - actualList.add(i, availableStoreList.get(i).getText()): null

2018-04-23 13:54:35 - [TEST_STEP][PASSED] - Statement - actualList.add(i, availableStoreList.get(i).getText()): null

2018-04-23 13:54:35 - [TEST_STEP][PASSED] - Statement - actualList.add(i, availableStoreList.get(i).getText()): null

2018-04-23 13:54:35 - [TEST_STEP][PASSED] - Statement - actualList.add(i, availableStoreList.get(i).getText()): null

2018-04-23 13:54:35 - [TEST_STEP][PASSED] - Statement - actualList.add(i, availableStoreList.get(i).getText()): null

2018-04-23 13:54:35 - [TEST_STEP][PASSED] - Statement - actualList.add(i, availableStoreList.get(i).getText()): null

2018-04-23 13:54:35 - [TEST_STEP][PASSED] - Statement - actualList.add(i, availableStoreList.get(i).getText()): null

2018-04-23 13:54:35 - [TEST_STEP][PASSED] - Statement - actualList.add(i, availableStoreList.get(i).getText()): null

2018-04-23 13:54:35 - [TEST_STEP][PASSED] - Statement - actualList.add(i, availableStoreList.get(i).getText()): null

2018-04-23 13:54:35 - [TEST_STEP][PASSED] - Statement - actualList.add(i, availableStoreList.get(i).getText()): null

2018-04-23 13:54:35 - [TEST_STEP][PASSED] - Statement - actualList.add(i, availableStoreList.get(i).getText()): null

2018-04-23 13:54:36 - [TEST_STEP][PASSED] - Statement - actualList.add(i, availableStoreList.get(i).getText()): null

2018-04-23 13:54:36 - [TEST_STEP][PASSED] - Statement - out.println(actualList): null

2018-04-23 13:54:36 - [TEST_STEP][PASSED] - Statement - If (actualList.containsAll(listOfStores)): null

2018-04-23 13:54:36 - [TEST_STEP][PASSED] - Statement - println("Actual list contains the required stores or groups"): null

2018-04-23 13:54:36 - [TEST_STEP][PASSED] - Statement - StoresCBList = driver.findElements(org.openqa.selenium.By.xpath(com.kms.katalon.core.testdata.TestDataFactory.findTestData(OR_file).getValue(2, 12))): Reading excel file with source file 'C:\Users\shalinin\Katalon Studio\HME\Data Files\HME_OR.xlsx' and sheet name 'Sheet1'

2018-04-23 13:54:36 - [TEST_STEP][PASSED] - Statement - out.println(StoresCBList.size()): null

2018-04-23 13:54:36 - [TEST_STEP][PASSED] - Statement - For ([i = 0, i < StoresCBList.size() - 18, (i++)]): null

2018-04-23 13:54:36 - [TEST_STEP][PASSED] - Statement - StoresCBList.get(i).click(): null

2018-04-23 13:54:36 - [TEST_STEP][PASSED] - Statement - StoresCBList.get(i).click(): null

2018-04-23 13:54:36 - [TEST_STEP][PASSED] - uiaction.CommonUIActions.click: uiaction.CommonUIActions.click is PASSED

2018-04-23 13:54:36 - [MESSAGE][PASSED] - uiaction.CommonUIActions.click is PASSED

2018-04-23 13:54:36 - [TEST_STEP][PASSED] - Statement - StoreInGroupList = CustomKeywords.projectSpecific.Reusability.getTestData("ReportingGroupManagementPage", "StoresInGroupList"): projectSpecific.Reusability.getTestData is PASSED

2018-04-23 13:54:36 - [MESSAGE][PASSED] - projectSpecific.Reusability.getTestData is PASSED

2018-04-23 13:54:36 - [TEST_STEP][PASSED] - Statement - groupList1 = StoreInGroupList.split(","): null

2018-04-23 13:54:36 - [TEST_STEP][PASSED] - Statement - listOfStoresinGroupListbox = new java.util.ArrayList(java.util.Arrays.asList(groupList1)): null

2018-04-23 13:54:36 - [TEST_STEP][PASSED] - Statement - out.println(listOfStoresinGroupListbox): null

2018-04-23 13:54:36 - [TEST_STEP][PASSED] - delay: Delayed 10 second(s)

2018-04-23 13:54:46 - [MESSAGE][PASSED] - Delayed 10 second(s)

2018-04-23 13:54:46 - [TEST_STEP][PASSED] - Statement - secondStoreListBox = driver.findElements(org.openqa.selenium.By.xpath(com.kms.katalon.core.testdata.TestDataFactory.findTestData(OR_file).getValue(2, 11))): Reading excel file with source file 'C:\Users\shalinin\Katalon Studio\HME\Data Files\HME_OR.xlsx' and sheet name 'Sheet1'

2018-04-23 13:54:46 - [TEST_STEP][PASSED] - Statement - actualList1 = new java.util.ArrayList(): null

2018-04-23 13:54:46 - [TEST_STEP][PASSED] - Statement - For ([i = 0, i < secondStoreListBox.size(), (i++)]): null

2018-04-23 13:54:46 - [TEST_STEP][PASSED] - Statement - actualList1.add(i, secondStoreListBox.get(i).getText()): null

2018-04-23 13:54:46 - [TEST_STEP][PASSED] - Statement - actualList1.add(i, secondStoreListBox.get(i).getText()): null

2018-04-23 13:54:46 - [TEST_STEP][PASSED] - Statement - out.println(actualList1): null

2018-04-23 13:54:46 - [TEST_STEP][PASSED] - delay: Delayed 10 second(s)

2018-04-23 13:54:56 - [MESSAGE][PASSED] - Delayed 10 second(s)

2018-04-23 13:54:56 - [TEST_STEP][PASSED] - Statement - If (actualList1.containsAll(listOfStoresinGroupListbox)): null

2018-04-23 13:54:56 - [TEST_STEP][PASSED] - Statement - println("Selected stores are displayed in Group/Stores in Group listbox"): null

2018-04-23 13:54:56 - [TEST_STEP][PASSED] - uiaction.CommonUIActions.click: uiaction.CommonUIActions.click is PASSED

2018-04-23 13:54:56 - [MESSAGE][PASSED] - uiaction.CommonUIActions.click is PASSED

2018-04-23 13:54:56 - [TEST_STEP][PASSED] - delay: Delayed 10 second(s)

2018-04-23 13:55:06 - [MESSAGE][PASSED] - Delayed 10 second(s)

2018-04-23 13:55:06 - [TEST_STEP][PASSED] - back: Navigate back successfully

2018-04-23 13:55:06 - [MESSAGE][PASSED] - Navigate back successfully

2018-04-23 13:55:06 - [TEST_STEP][PASSED] - delay: Delayed 10 second(s)

2018-04-23 13:55:16 - [MESSAGE][PASSED] - Delayed 10 second(s)

2018-04-23 13:55:16 - [TEST_STEP][PASSED] - uiaction.CommonUIActions.click: uiaction.CommonUIActions.click is PASSED

2018-04-23 13:55:16 - [MESSAGE][PASSED] - uiaction.CommonUIActions.click is PASSED

2018-04-23 13:55:16 - [TEST_STEP][PASSED] - verifyElementPresent: Object 'Object Repository/ReportingGroupManagement/childItemHMEtest' is present

2018-04-23 13:55:16 - [MESSAGE][PASSED] - Object 'Object Repository/ReportingGroupManagement/childItemHMEtest' is present

2018-04-23 13:55:16 - [TEST_STEP][PASSED] - uiaction.CommonUIActions.click: uiaction.CommonUIActions.click is PASSED

2018-04-23 13:55:16 - [MESSAGE][PASSED] - uiaction.CommonUIActions.click is PASSED

2018-04-23 13:55:16 - [TEST_STEP][PASSED] - uiaction.CommonUIActions.click: uiaction.CommonUIActions.click is PASSED

2018-04-23 13:55:16 - [MESSAGE][PASSED] - uiaction.CommonUIActions.click is PASSED

2018-04-23 13:55:16 - [TEST_STEP][PASSED] - uiaction.CommonUIActions.click: uiaction.CommonUIActions.click is PASSED

2018-04-23 13:55:37 - [MESSAGE][PASSED] - uiaction.CommonUIActions.click is PASSED

2018-04-23 13:55:37 - [TEST_STEP][PASSED] - delay: Delayed 10 second(s)

2018-04-23 13:55:47 - [MESSAGE][PASSED] - Delayed 10 second(s)

2018-04-23 13:55:47 - [TEST_STEP][PASSED] - uiaction.CommonUIActions.click: uiaction.CommonUIActions.click is PASSED

2018-04-23 13:55:47 - [MESSAGE][PASSED] - uiaction.CommonUIActions.click is PASSED

2018-04-23 13:55:47 - [TEST_STEP][PASSED] - uiaction.CommonUIActions.click: uiaction.CommonUIActions.click is PASSED

2018-04-23 13:55:47 - [MESSAGE][PASSED] - uiaction.CommonUIActions.click is PASSED

2018-04-23 13:55:47 - [TEST_STEP][PASSED] - uiaction.CommonUIActions.click: uiaction.CommonUIActions.click is PASSED

2018-04-23 13:55:47 - [MESSAGE][PASSED] - uiaction.CommonUIActions.click is PASSED

2018-04-23 13:55:47 - [TEST_STEP][PASSED] - delay: Delayed 10 second(s)

2018-04-23 13:55:57 - [MESSAGE][PASSED] - Delayed 10 second(s)

2018-04-23 13:55:57 - [TEST_STEP][PASSED] - back: Navigate back successfully

2018-04-23 13:55:58 - [MESSAGE][PASSED] - Navigate back successfully

2018-04-23 13:55:58 - [TEST_STEP][PASSED] - uiaction.CommonUIActions.click: uiaction.CommonUIActions.click is PASSED

2018-04-23 13:55:59 - [MESSAGE][PASSED] - uiaction.CommonUIActions.click is PASSED

2018-04-23 13:55:59 - [TEST_STEP][PASSED] - uiaction.CommonUIActions.click: uiaction.CommonUIActions.click is PASSED

2018-04-23 13:55:59 - [MESSAGE][PASSED] - uiaction.CommonUIActions.click is PASSED

2018-04-23 13:55:59 - [TEST_STEP][PASSED] - uiaction.CommonUIActions.click: uiaction.CommonUIActions.click is PASSED

2018-04-23 13:55:59 - [MESSAGE][PASSED] - uiaction.CommonUIActions.click is PASSED

2018-04-23 13:55:59 - [TEST_STEP][PASSED] - uiaction.CommonUIActions.click: uiaction.CommonUIActions.click is PASSED

2018-04-23 13:56:05 - [MESSAGE][PASSED] - uiaction.CommonUIActions.click is PASSED

2018-04-23 13:56:05 - [TEST_STEP][PASSED] - Statement - assert TCflag == true: null

2018-04-23 13:56:05 - [TEST_STEP][PASSED] - Start listener action : sampleAfterTestCase: Browser is closed

2018-04-23 13:56:05 - [TEST_STEP][PASSED] - Statement - println(testCaseContext.getTestCaseId()): null

2018-04-23 13:56:05 - [TEST_STEP][PASSED] - Statement - println(testCaseContext.getTestCaseStatus()): null

2018-04-23 13:56:05 - [TEST_STEP][PASSED] - closeBrowser: Browser is closed

2018-04-23 13:56:06 - [MESSAGE][PASSED] - Browser is closed]]></system-out>
         <system-err><![CDATA[]]></system-err>
      </testcase>
      <system-out><![CDATA[2018-04-23 13:51:18 - [TEST_SUITE][PASSED] - RegressionSuite: Browser is closed]]></system-out>
      <system-err><![CDATA[]]></system-err>
   </testsuite>
</testsuites>
