<?xml version="1.0" encoding="UTF-8"?>
<testsuites name="RegressionSuite" time="214" tests="3" failures="0" errors="0">
   <testsuite name="RegressionSuite" tests="3" failures="0" errors="0" time="214" timestamp="2018-04-23 18:34:53" hostname="shalinin - NIBC2129.nousinfo.com" id="Test Suites/RegressionSuite">
      <properties>
         <property name="deviceName" value=""/>
         <property name="devicePlatform" value=""/>
         <property name="logFolder" value="C:\\Users\\shalinin\\Katalon Studio\\HME\\Reports\\RegressionSuite\\20180423_183451"/>
         <property name="logFiles" value="C:\\Users\\shalinin\\Katalon Studio\\HME\\Reports\\RegressionSuite\\20180423_183451\\execution0.log"/>
         <property name="attachments" value=""/>
         <property name="hostName" value="shalinin - NIBC2129.nousinfo.com"/>
         <property name="os" value="Windows 7 64bit"/>
         <property name="katalonVersion" value="5.3.1.1"/>
         <property name="browser" value="Chrome 65.0.3325.181"/>
         <property name="hostAddress" value="192.168.24.72"/>
         <property name="sessionId" value="099870c5925e6bba2d3861736b3ac77f"/>
         <property name="seleniumVersion" value="3.7.1"/>
         <property name="proxyInformation" value="ProxyInformation{proxyOption=NO_PROXY, proxyServerType=HTTP, password=, proxyServerAddress=, proxyServerPort=0}"/>
         <property name="platform" value="Windows 7"/>
      </properties>
      <testcase name="Test Cases/CreateGroupTC/HME-StoreListPage-01" classname="Test Cases/CreateGroupTC/HME-StoreListPage-01" status="PASSED">
         <system-out><![CDATA[2018-04-23 18:34:53 - [TEST_CASE][PASSED] - Test Cases/CreateGroupTC/HME-StoreListPage-01: Browser is closed

2018-04-23 18:34:53 - [TEST_STEP][PASSED] - Start listener action : sampleBeforeTestCase: Current window maximized

2018-04-23 18:34:53 - [TEST_STEP][PASSED] - openBrowser: Browser is opened with url: ''

2018-04-23 18:34:57 - [MESSAGE][PASSED] - Browser is opened with url: ''

2018-04-23 18:34:57 - [TEST_STEP][PASSED] - maximizeWindow: Current window maximized

2018-04-23 18:34:58 - [MESSAGE][PASSED] - Current window maximized

2018-04-23 18:34:59 - [TEST_STEP][PASSED] - Statement - TCflag = true: null

2018-04-23 18:34:59 - [TEST_STEP][PASSED] - Statement - Try: uiaction.CommonUIActions.click is PASSED

2018-04-23 18:34:59 - [TEST_STEP][PASSED] - navigateToUrl: Navigate to 'https://hme-dev-public-cloud-app.azurewebsites.net/' successfully

2018-04-23 18:35:01 - [MESSAGE][PASSED] - Navigate to 'https://hme-dev-public-cloud-app.azurewebsites.net/' successfully

2018-04-23 18:35:01 - [TEST_STEP][PASSED] - Statement - driver = com.kms.katalon.core.webui.driver.DriverFactory.getWebDriver(): null

2018-04-23 18:35:01 - [TEST_STEP][PASSED] - projectSpecific.Reusability.login: projectSpecific.Reusability.login is PASSED

2018-04-23 18:35:02 - [MESSAGE][PASSED] - projectSpecific.Reusability.getTestData is PASSED

2018-04-23 18:35:02 - [MESSAGE][PASSED] - projectSpecific.Reusability.getTestData is PASSED

2018-04-23 18:35:02 - [MESSAGE][PASSED] - Text 'selvendrank@nousinfo.com' is set on object 'Object Repository/LoginPage/Username'

2018-04-23 18:35:02 - [MESSAGE][PASSED] - Text 'nous;123' is set on object 'Object Repository/LoginPage/Password'

2018-04-23 18:35:02 - [MESSAGE][PASSED] - Object: 'Object Repository/LoginPage/Login' is clicked on

2018-04-23 18:35:02 - [MESSAGE][PASSED] - projectSpecific.Reusability.login is PASSED

2018-04-23 18:35:02 - [TEST_STEP][PASSED] - uiaction.CommonUIActions.click: uiaction.CommonUIActions.click is PASSED

2018-04-23 18:35:12 - [MESSAGE][PASSED] - uiaction.CommonUIActions.click is PASSED

2018-04-23 18:35:12 - [TEST_STEP][PASSED] - delay: Delayed 10 second(s)

2018-04-23 18:35:22 - [MESSAGE][PASSED] - Delayed 10 second(s)

2018-04-23 18:35:22 - [TEST_STEP][PASSED] - uiaction.CommonUIActions.click: uiaction.CommonUIActions.click is PASSED

2018-04-23 18:35:23 - [MESSAGE][PASSED] - uiaction.CommonUIActions.click is PASSED

2018-04-23 18:35:23 - [TEST_STEP][PASSED] - verifyElementPresent: Object 'Object Repository/StorePage/StoreListHeading' is present

2018-04-23 18:35:23 - [MESSAGE][PASSED] - Object 'Object Repository/StorePage/StoreListHeading' is present

2018-04-23 18:35:23 - [TEST_STEP][PASSED] - uiaction.CommonUIActions.click: uiaction.CommonUIActions.click is PASSED

2018-04-23 18:35:25 - [MESSAGE][PASSED] - uiaction.CommonUIActions.click is PASSED

2018-04-23 18:35:25 - [TEST_STEP][PASSED] - verifyElementPresent: Object 'Object Repository/StorePage/ManageLeaderGroupsButton' is present

2018-04-23 18:35:25 - [MESSAGE][PASSED] - Object 'Object Repository/StorePage/ManageLeaderGroupsButton' is present

2018-04-23 18:35:25 - [TEST_STEP][PASSED] - verifyElementPresent: Object 'Object Repository/StorePage/ManageReportGroupsButtton' is present

2018-04-23 18:35:25 - [MESSAGE][PASSED] - Object 'Object Repository/StorePage/ManageReportGroupsButtton' is present

2018-04-23 18:35:25 - [TEST_STEP][PASSED] - uiaction.CommonUIActions.click: uiaction.CommonUIActions.click is PASSED

2018-04-23 18:35:26 - [MESSAGE][PASSED] - uiaction.CommonUIActions.click is PASSED

2018-04-23 18:35:26 - [TEST_STEP][PASSED] - Statement - assert TCflag == true: null

2018-04-23 18:35:26 - [TEST_STEP][PASSED] - Start listener action : sampleAfterTestCase: Browser is closed

2018-04-23 18:35:26 - [TEST_STEP][PASSED] - Statement - println(testCaseContext.getTestCaseId()): null

2018-04-23 18:35:26 - [TEST_STEP][PASSED] - Statement - println(testCaseContext.getTestCaseStatus()): null

2018-04-23 18:35:26 - [TEST_STEP][PASSED] - closeBrowser: Browser is closed

2018-04-23 18:35:26 - [MESSAGE][PASSED] - Browser is closed]]></system-out>
         <system-err><![CDATA[]]></system-err>
      </testcase>
      <testcase name="Test Cases/CreateGroupTC/HME-ReportingGroupManagement-03" classname="Test Cases/CreateGroupTC/HME-ReportingGroupManagement-03" status="PASSED">
         <system-out><![CDATA[2018-04-23 18:35:26 - [TEST_CASE][PASSED] - Test Cases/CreateGroupTC/HME-ReportingGroupManagement-03: Browser is closed

2018-04-23 18:35:26 - [TEST_STEP][PASSED] - Start listener action : sampleBeforeTestCase: Current window maximized

2018-04-23 18:35:26 - [TEST_STEP][PASSED] - openBrowser: Browser is opened with url: ''

2018-04-23 18:35:29 - [MESSAGE][PASSED] - Browser is opened with url: ''

2018-04-23 18:35:29 - [TEST_STEP][PASSED] - maximizeWindow: Current window maximized

2018-04-23 18:35:30 - [MESSAGE][PASSED] - Current window maximized

2018-04-23 18:35:30 - [TEST_STEP][PASSED] - Statement - TCflag = true: null

2018-04-23 18:35:30 - [TEST_STEP][PASSED] - Statement - Try: uiaction.CommonUIActions.click is PASSED

2018-04-23 18:35:30 - [TEST_STEP][PASSED] - navigateToUrl: Navigate to 'https://hme-dev-public-cloud-app.azurewebsites.net/' successfully

2018-04-23 18:35:33 - [MESSAGE][PASSED] - Navigate to 'https://hme-dev-public-cloud-app.azurewebsites.net/' successfully

2018-04-23 18:35:33 - [TEST_STEP][PASSED] - Statement - driver = com.kms.katalon.core.webui.driver.DriverFactory.getWebDriver(): null

2018-04-23 18:35:33 - [TEST_STEP][PASSED] - projectSpecific.Reusability.login: projectSpecific.Reusability.login is PASSED

2018-04-23 18:35:33 - [MESSAGE][PASSED] - projectSpecific.Reusability.getTestData is PASSED

2018-04-23 18:35:33 - [MESSAGE][PASSED] - projectSpecific.Reusability.getTestData is PASSED

2018-04-23 18:35:33 - [MESSAGE][PASSED] - Text 'selvendrank@nousinfo.com' is set on object 'Object Repository/LoginPage/Username'

2018-04-23 18:35:33 - [MESSAGE][PASSED] - Text 'nous;123' is set on object 'Object Repository/LoginPage/Password'

2018-04-23 18:35:33 - [MESSAGE][PASSED] - Object: 'Object Repository/LoginPage/Login' is clicked on

2018-04-23 18:35:33 - [MESSAGE][PASSED] - projectSpecific.Reusability.login is PASSED

2018-04-23 18:35:33 - [TEST_STEP][PASSED] - uiaction.CommonUIActions.click: uiaction.CommonUIActions.click is PASSED

2018-04-23 18:35:42 - [MESSAGE][PASSED] - uiaction.CommonUIActions.click is PASSED

2018-04-23 18:35:42 - [TEST_STEP][PASSED] - delay: Delayed 10 second(s)

2018-04-23 18:35:52 - [MESSAGE][PASSED] - Delayed 10 second(s)

2018-04-23 18:35:52 - [TEST_STEP][PASSED] - uiaction.CommonUIActions.click: uiaction.CommonUIActions.click is PASSED

2018-04-23 18:35:53 - [MESSAGE][PASSED] - uiaction.CommonUIActions.click is PASSED

2018-04-23 18:35:53 - [TEST_STEP][PASSED] - verifyElementPresent: Object 'Object Repository/StorePage/StoreListHeading' is present

2018-04-23 18:35:53 - [MESSAGE][PASSED] - Object 'Object Repository/StorePage/StoreListHeading' is present

2018-04-23 18:35:53 - [TEST_STEP][PASSED] - uiaction.CommonUIActions.click: uiaction.CommonUIActions.click is PASSED

2018-04-23 18:35:55 - [MESSAGE][PASSED] - uiaction.CommonUIActions.click is PASSED

2018-04-23 18:35:55 - [TEST_STEP][PASSED] - verifyElementPresent: Object 'Object Repository/StorePage/ManageLeaderGroupsButton' is present

2018-04-23 18:35:55 - [MESSAGE][PASSED] - Object 'Object Repository/StorePage/ManageLeaderGroupsButton' is present

2018-04-23 18:35:55 - [TEST_STEP][PASSED] - verifyElementPresent: Object 'Object Repository/StorePage/ManageReportGroupsButtton' is present

2018-04-23 18:35:55 - [MESSAGE][PASSED] - Object 'Object Repository/StorePage/ManageReportGroupsButtton' is present

2018-04-23 18:35:55 - [TEST_STEP][PASSED] - uiaction.CommonUIActions.click: uiaction.CommonUIActions.click is PASSED

2018-04-23 18:35:56 - [MESSAGE][PASSED] - uiaction.CommonUIActions.click is PASSED

2018-04-23 18:35:56 - [TEST_STEP][PASSED] - verifyElementPresent: Object 'Object Repository/ReportingGroupManagement/addNewGroup' is present

2018-04-23 18:35:56 - [MESSAGE][PASSED] - Object 'Object Repository/ReportingGroupManagement/addNewGroup' is present

2018-04-23 18:35:56 - [TEST_STEP][PASSED] - uiaction.CommonUIActions.click: uiaction.CommonUIActions.click is PASSED

2018-04-23 18:35:56 - [MESSAGE][PASSED] - uiaction.CommonUIActions.click is PASSED

2018-04-23 18:35:56 - [TEST_STEP][PASSED] - uiaction.CommonUIActions.click: uiaction.CommonUIActions.click is PASSED

2018-04-23 18:35:56 - [MESSAGE][PASSED] - uiaction.CommonUIActions.click is PASSED

2018-04-23 18:35:56 - [TEST_STEP][PASSED] - uiaction.CommonUIActions.enter: uiaction.CommonUIActions.enter is PASSED

2018-04-23 18:35:56 - [MESSAGE][PASSED] - projectSpecific.Reusability.getTestData is PASSED

2018-04-23 18:35:56 - [MESSAGE][PASSED] - uiaction.CommonUIActions.enter is PASSED

2018-04-23 18:35:56 - [TEST_STEP][PASSED] - uiaction.CommonUIActions.click: uiaction.CommonUIActions.click is PASSED

2018-04-23 18:35:56 - [MESSAGE][PASSED] - uiaction.CommonUIActions.click is PASSED

2018-04-23 18:35:56 - [TEST_STEP][PASSED] - uiaction.CommonUIActions.enter: uiaction.CommonUIActions.enter is PASSED

2018-04-23 18:35:56 - [MESSAGE][PASSED] - projectSpecific.Reusability.getTestData is PASSED

2018-04-23 18:35:56 - [MESSAGE][PASSED] - uiaction.CommonUIActions.enter is PASSED

2018-04-23 18:35:56 - [TEST_STEP][PASSED] - uiaction.CommonUIActions.click: uiaction.CommonUIActions.click is PASSED

2018-04-23 18:35:56 - [MESSAGE][PASSED] - uiaction.CommonUIActions.click is PASSED

2018-04-23 18:35:56 - [TEST_STEP][PASSED] - delay: Delayed 10 second(s)

2018-04-23 18:36:06 - [MESSAGE][PASSED] - Delayed 10 second(s)

2018-04-23 18:36:06 - [TEST_STEP][PASSED] - back: Navigate back successfully

2018-04-23 18:36:06 - [MESSAGE][PASSED] - Navigate back successfully

2018-04-23 18:36:06 - [TEST_STEP][PASSED] - delay: Delayed 10 second(s)

2018-04-23 18:36:16 - [MESSAGE][PASSED] - Delayed 10 second(s)

2018-04-23 18:36:16 - [TEST_STEP][PASSED] - Statement - index = 0: null

2018-04-23 18:36:16 - [TEST_STEP][PASSED] - Statement - groupName = CustomKeywords.projectSpecific.Reusability.getTestData("ReportingGroupManagementPage", "groupNameTC3"): projectSpecific.Reusability.getTestData is PASSED

2018-04-23 18:36:16 - [MESSAGE][PASSED] - projectSpecific.Reusability.getTestData is PASSED

2018-04-23 18:36:16 - [TEST_STEP][PASSED] - Statement - groupHierarchyList = driver.findElements(org.openqa.selenium.By.xpath(com.kms.katalon.core.testdata.TestDataFactory.findTestData(OR_file).getValue(2, 13))): Reading excel file with source file 'C:\Users\shalinin\Katalon Studio\HME\Data Files\HME_OR.xlsx' and sheet name 'Sheet1'

2018-04-23 18:36:16 - [TEST_STEP][PASSED] - Statement - For ([i = 0, i < groupHierarchyList.size(), (i++)]): null

2018-04-23 18:36:16 - [TEST_STEP][PASSED] - Statement - If (groupHierarchyList.get(i).getText().equals(groupName)): null

2018-04-23 18:36:16 - [TEST_STEP][PASSED] - Statement - If (groupHierarchyList.get(i).getText().equals(groupName)): null

2018-04-23 18:36:16 - [TEST_STEP][PASSED] - Statement - If (groupHierarchyList.get(i).getText().equals(groupName)): null

2018-04-23 18:36:16 - [TEST_STEP][PASSED] - Statement - If (groupHierarchyList.get(i).getText().equals(groupName)): null

2018-04-23 18:36:16 - [TEST_STEP][PASSED] - Statement - If (groupHierarchyList.get(i).getText().equals(groupName)): null

2018-04-23 18:36:16 - [TEST_STEP][PASSED] - Statement - If (groupHierarchyList.get(i).getText().equals(groupName)): null

2018-04-23 18:36:16 - [TEST_STEP][PASSED] - Statement - index = i: null

2018-04-23 18:36:16 - [TEST_STEP][PASSED] - Statement - Break: null

2018-04-23 18:36:16 - [TEST_STEP][PASSED] - delay: Delayed 10 second(s)

2018-04-23 18:36:26 - [MESSAGE][PASSED] - Delayed 10 second(s)

2018-04-23 18:36:26 - [TEST_STEP][PASSED] - Statement - If (index != 0): uiaction.CommonUIActions.click is PASSED

2018-04-23 18:36:26 - [TEST_STEP][PASSED] - Statement - println("Group is available in group hierarchy"): null

2018-04-23 18:36:26 - [TEST_STEP][PASSED] - Statement - xpath = "//span[text()='" + groupName + "']": null

2018-04-23 18:36:26 - [TEST_STEP][PASSED] - Statement - out.println(xpath): null

2018-04-23 18:36:26 - [TEST_STEP][PASSED] - Statement - driver.findElement(org.openqa.selenium.By.xpath(xpath)).click(): null

2018-04-23 18:36:26 - [TEST_STEP][PASSED] - delay: Delayed 10 second(s)

2018-04-23 18:36:36 - [MESSAGE][PASSED] - Delayed 10 second(s)

2018-04-23 18:36:36 - [TEST_STEP][PASSED] - uiaction.CommonUIActions.click: uiaction.CommonUIActions.click is PASSED

2018-04-23 18:36:37 - [MESSAGE][PASSED] - uiaction.CommonUIActions.click is PASSED

2018-04-23 18:36:37 - [TEST_STEP][PASSED] - uiaction.CommonUIActions.click: uiaction.CommonUIActions.click is PASSED

2018-04-23 18:36:37 - [MESSAGE][PASSED] - uiaction.CommonUIActions.click is PASSED

2018-04-23 18:36:37 - [TEST_STEP][PASSED] - uiaction.CommonUIActions.click: uiaction.CommonUIActions.click is PASSED

2018-04-23 18:36:38 - [MESSAGE][PASSED] - uiaction.CommonUIActions.click is PASSED

2018-04-23 18:36:38 - [TEST_STEP][PASSED] - Statement - assert TCflag == true: null

2018-04-23 18:36:38 - [TEST_STEP][PASSED] - Start listener action : sampleAfterTestCase: Browser is closed

2018-04-23 18:36:38 - [TEST_STEP][PASSED] - Statement - println(testCaseContext.getTestCaseId()): null

2018-04-23 18:36:38 - [TEST_STEP][PASSED] - Statement - println(testCaseContext.getTestCaseStatus()): null

2018-04-23 18:36:38 - [TEST_STEP][PASSED] - closeBrowser: Browser is closed

2018-04-23 18:36:39 - [MESSAGE][PASSED] - Browser is closed]]></system-out>
         <system-err><![CDATA[]]></system-err>
      </testcase>
      <testcase name="Test Cases/CreateGroupTC/HME-CreateGroup-06" classname="Test Cases/CreateGroupTC/HME-CreateGroup-06" status="PASSED">
         <system-out><![CDATA[2018-04-23 18:36:39 - [TEST_CASE][PASSED] - Test Cases/CreateGroupTC/HME-CreateGroup-06: Browser is closed

2018-04-23 18:36:39 - [TEST_STEP][PASSED] - Start listener action : sampleBeforeTestCase: Current window maximized

2018-04-23 18:36:39 - [TEST_STEP][PASSED] - openBrowser: Browser is opened with url: ''

2018-04-23 18:36:41 - [MESSAGE][PASSED] - Browser is opened with url: ''

2018-04-23 18:36:41 - [TEST_STEP][PASSED] - maximizeWindow: Current window maximized

2018-04-23 18:36:42 - [MESSAGE][PASSED] - Current window maximized

2018-04-23 18:36:43 - [TEST_STEP][PASSED] - navigateToUrl: Navigate to 'https://hme-dev-public-cloud-app.azurewebsites.net/' successfully

2018-04-23 18:36:46 - [MESSAGE][PASSED] - Navigate to 'https://hme-dev-public-cloud-app.azurewebsites.net/' successfully

2018-04-23 18:36:46 - [TEST_STEP][PASSED] - projectSpecific.Reusability.login: projectSpecific.Reusability.login is PASSED

2018-04-23 18:36:46 - [MESSAGE][PASSED] - projectSpecific.Reusability.getTestData is PASSED

2018-04-23 18:36:46 - [MESSAGE][PASSED] - projectSpecific.Reusability.getTestData is PASSED

2018-04-23 18:36:46 - [MESSAGE][PASSED] - Text 'selvendrank@nousinfo.com' is set on object 'Object Repository/LoginPage/Username'

2018-04-23 18:36:46 - [MESSAGE][PASSED] - Text 'nous;123' is set on object 'Object Repository/LoginPage/Password'

2018-04-23 18:36:46 - [MESSAGE][PASSED] - Object: 'Object Repository/LoginPage/Login' is clicked on

2018-04-23 18:36:46 - [MESSAGE][PASSED] - projectSpecific.Reusability.login is PASSED

2018-04-23 18:36:46 - [TEST_STEP][PASSED] - delay: Delayed 5 second(s)

2018-04-23 18:36:51 - [MESSAGE][PASSED] - Delayed 5 second(s)

2018-04-23 18:36:51 - [TEST_STEP][PASSED] - uiaction.CommonUIActions.click: uiaction.CommonUIActions.click is PASSED

2018-04-23 18:36:51 - [MESSAGE][PASSED] - uiaction.CommonUIActions.click is PASSED

2018-04-23 18:36:51 - [TEST_STEP][PASSED] - verifyElementPresent: Object 'Object Repository/ReportingGroupManagement/reportingGroupDetails' is present

2018-04-23 18:36:51 - [MESSAGE][PASSED] - Object 'Object Repository/ReportingGroupManagement/reportingGroupDetails' is present

2018-04-23 18:36:51 - [TEST_STEP][PASSED] - Statement - StoreList = CustomKeywords.projectSpecific.Reusability.getTestData("ReportingGroupManagementPage", "availableStoreListforTC6"): projectSpecific.Reusability.getTestData is PASSED

2018-04-23 18:36:51 - [MESSAGE][PASSED] - projectSpecific.Reusability.getTestData is PASSED

2018-04-23 18:36:51 - [TEST_STEP][PASSED] - Statement - groupList = StoreList.split(","): null

2018-04-23 18:36:51 - [TEST_STEP][PASSED] - Statement - listOfStores = new java.util.ArrayList(java.util.Arrays.asList(groupList)): null

2018-04-23 18:36:51 - [TEST_STEP][PASSED] - Statement - out.println(listOfStores): null

2018-04-23 18:36:51 - [TEST_STEP][PASSED] - delay: Delayed 10 second(s)

2018-04-23 18:37:01 - [MESSAGE][PASSED] - Delayed 10 second(s)

2018-04-23 18:37:01 - [TEST_STEP][PASSED] - Statement - driver = com.kms.katalon.core.webui.driver.DriverFactory.getWebDriver(): null

2018-04-23 18:37:01 - [TEST_STEP][PASSED] - Statement - availableStoreList = driver.findElements(org.openqa.selenium.By.xpath(com.kms.katalon.core.testdata.TestDataFactory.findTestData(OR_file).getValue(2, 10))): Reading excel file with source file 'C:\Users\shalinin\Katalon Studio\HME\Data Files\HME_OR.xlsx' and sheet name 'Sheet1'

2018-04-23 18:37:01 - [TEST_STEP][PASSED] - Statement - actualList = new java.util.ArrayList(): null

2018-04-23 18:37:01 - [TEST_STEP][PASSED] - Statement - For ([i = 0, i < availableStoreList.size(), (i++)]): null

2018-04-23 18:37:01 - [TEST_STEP][PASSED] - Statement - actualList.add(i, availableStoreList.get(i).getText()): null

2018-04-23 18:37:01 - [TEST_STEP][PASSED] - Statement - actualList.add(i, availableStoreList.get(i).getText()): null

2018-04-23 18:37:01 - [TEST_STEP][PASSED] - Statement - actualList.add(i, availableStoreList.get(i).getText()): null

2018-04-23 18:37:01 - [TEST_STEP][PASSED] - Statement - actualList.add(i, availableStoreList.get(i).getText()): null

2018-04-23 18:37:01 - [TEST_STEP][PASSED] - Statement - actualList.add(i, availableStoreList.get(i).getText()): null

2018-04-23 18:37:01 - [TEST_STEP][PASSED] - Statement - actualList.add(i, availableStoreList.get(i).getText()): null

2018-04-23 18:37:01 - [TEST_STEP][PASSED] - Statement - actualList.add(i, availableStoreList.get(i).getText()): null

2018-04-23 18:37:01 - [TEST_STEP][PASSED] - Statement - actualList.add(i, availableStoreList.get(i).getText()): null

2018-04-23 18:37:01 - [TEST_STEP][PASSED] - Statement - actualList.add(i, availableStoreList.get(i).getText()): null

2018-04-23 18:37:01 - [TEST_STEP][PASSED] - Statement - actualList.add(i, availableStoreList.get(i).getText()): null

2018-04-23 18:37:01 - [TEST_STEP][PASSED] - Statement - actualList.add(i, availableStoreList.get(i).getText()): null

2018-04-23 18:37:01 - [TEST_STEP][PASSED] - Statement - actualList.add(i, availableStoreList.get(i).getText()): null

2018-04-23 18:37:01 - [TEST_STEP][PASSED] - Statement - actualList.add(i, availableStoreList.get(i).getText()): null

2018-04-23 18:37:01 - [TEST_STEP][PASSED] - Statement - actualList.add(i, availableStoreList.get(i).getText()): null

2018-04-23 18:37:01 - [TEST_STEP][PASSED] - Statement - actualList.add(i, availableStoreList.get(i).getText()): null

2018-04-23 18:37:01 - [TEST_STEP][PASSED] - Statement - actualList.add(i, availableStoreList.get(i).getText()): null

2018-04-23 18:37:01 - [TEST_STEP][PASSED] - Statement - actualList.add(i, availableStoreList.get(i).getText()): null

2018-04-23 18:37:02 - [TEST_STEP][PASSED] - Statement - actualList.add(i, availableStoreList.get(i).getText()): null

2018-04-23 18:37:02 - [TEST_STEP][PASSED] - Statement - actualList.add(i, availableStoreList.get(i).getText()): null

2018-04-23 18:37:02 - [TEST_STEP][PASSED] - Statement - out.println(actualList): null

2018-04-23 18:37:02 - [TEST_STEP][PASSED] - Statement - If (actualList.containsAll(listOfStores)): null

2018-04-23 18:37:02 - [TEST_STEP][PASSED] - Statement - Else: null

2018-04-23 18:37:02 - [TEST_STEP][PASSED] - Statement - println("Groups & Stores are not displayed in Available Groups/Stores listbox"): null

2018-04-23 18:37:02 - [TEST_STEP][PASSED] - Statement - secondStoreListBox = driver.findElements(org.openqa.selenium.By.xpath(com.kms.katalon.core.testdata.TestDataFactory.findTestData(OR_file).getValue(2, 11))): Reading excel file with source file 'C:\Users\shalinin\Katalon Studio\HME\Data Files\HME_OR.xlsx' and sheet name 'Sheet1'

2018-04-23 18:37:02 - [TEST_STEP][PASSED] - Statement - list = new java.util.ArrayList(): null

2018-04-23 18:37:02 - [TEST_STEP][PASSED] - Statement - For ([i = 0, i < secondStoreListBox.size(), (i++)]): null

2018-04-23 18:37:02 - [TEST_STEP][PASSED] - Statement - If (list.size() == 0): null

2018-04-23 18:37:02 - [TEST_STEP][PASSED] - Statement - println("No Groups/Stores is displayed in Groups/Stores in Group list box"): null

2018-04-23 18:37:02 - [TEST_STEP][PASSED] - uiaction.CommonUIActions.enter: uiaction.CommonUIActions.enter is PASSED

2018-04-23 18:37:02 - [MESSAGE][PASSED] - projectSpecific.Reusability.getTestData is PASSED

2018-04-23 18:37:02 - [MESSAGE][PASSED] - uiaction.CommonUIActions.enter is PASSED

2018-04-23 18:37:02 - [TEST_STEP][PASSED] - uiaction.CommonUIActions.enter: uiaction.CommonUIActions.enter is PASSED

2018-04-23 18:37:02 - [MESSAGE][PASSED] - projectSpecific.Reusability.getTestData is PASSED

2018-04-23 18:37:02 - [MESSAGE][PASSED] - uiaction.CommonUIActions.enter is PASSED

2018-04-23 18:37:02 - [TEST_STEP][PASSED] - Statement - groupNameAttr = com.kms.katalon.core.webui.keyword.WebUiBuiltInKeywords.getAttribute(com.kms.katalon.core.testobject.ObjectRepository.findTestObject(ReportingGroupManagement/groupNameTxt), "value"): Attribute 'value' of object 'Object Repository/ReportingGroupManagement/groupNameTxt' is: 'Group 1'

2018-04-23 18:37:02 - [MESSAGE][PASSED] - Attribute 'value' of object 'Object Repository/ReportingGroupManagement/groupNameTxt' is: 'Group 1'

2018-04-23 18:37:02 - [TEST_STEP][PASSED] - verifyMatch: Actual text 'Group 1' and expected text 'Group 1' are matched 

2018-04-23 18:37:02 - [MESSAGE][PASSED] - projectSpecific.Reusability.getTestData is PASSED

2018-04-23 18:37:02 - [MESSAGE][PASSED] - Actual text 'Group 1' and expected text 'Group 1' are matched 

2018-04-23 18:37:02 - [TEST_STEP][PASSED] - Statement - groupDescAttr = com.kms.katalon.core.webui.keyword.WebUiBuiltInKeywords.getAttribute(com.kms.katalon.core.testobject.ObjectRepository.findTestObject(ReportingGroupManagement/groupDescTxt), "value"): Attribute 'value' of object 'Object Repository/ReportingGroupManagement/groupDescTxt' is: 'South west branch Group 1'

2018-04-23 18:37:02 - [MESSAGE][PASSED] - Attribute 'value' of object 'Object Repository/ReportingGroupManagement/groupDescTxt' is: 'South west branch Group 1'

2018-04-23 18:37:02 - [TEST_STEP][PASSED] - verifyMatch: Actual text 'South west branch Group 1' and expected text 'South west branch Group 1' are matched 

2018-04-23 18:37:02 - [MESSAGE][PASSED] - projectSpecific.Reusability.getTestData is PASSED

2018-04-23 18:37:02 - [MESSAGE][PASSED] - Actual text 'South west branch Group 1' and expected text 'South west branch Group 1' are matched 

2018-04-23 18:37:02 - [TEST_STEP][PASSED] - Statement - StoresCBList = driver.findElements(org.openqa.selenium.By.xpath(com.kms.katalon.core.testdata.TestDataFactory.findTestData(OR_file).getValue(2, 12))): Reading excel file with source file 'C:\Users\shalinin\Katalon Studio\HME\Data Files\HME_OR.xlsx' and sheet name 'Sheet1'

2018-04-23 18:37:02 - [TEST_STEP][PASSED] - Statement - out.println(StoresCBList.size()): null

2018-04-23 18:37:02 - [TEST_STEP][PASSED] - Statement - For ([i = 0, i < StoresCBList.size() - 19, (i++)]): null

2018-04-23 18:37:02 - [TEST_STEP][PASSED] - uiaction.CommonUIActions.click: uiaction.CommonUIActions.click is PASSED

2018-04-23 18:37:23 - [MESSAGE][PASSED] - uiaction.CommonUIActions.click is PASSED

2018-04-23 18:37:23 - [TEST_STEP][PASSED] - uiaction.CommonUIActions.click: uiaction.CommonUIActions.click is PASSED

2018-04-23 18:37:23 - [MESSAGE][PASSED] - uiaction.CommonUIActions.click is PASSED

2018-04-23 18:37:23 - [TEST_STEP][PASSED] - Statement - StoreInGroupList = CustomKeywords.projectSpecific.Reusability.getTestData("ReportingGroupManagementPage", "StoresInGroupListTC6"): projectSpecific.Reusability.getTestData is PASSED

2018-04-23 18:37:23 - [MESSAGE][PASSED] - projectSpecific.Reusability.getTestData is PASSED

2018-04-23 18:37:23 - [TEST_STEP][PASSED] - Statement - groupList1 = StoreInGroupList.split(","): null

2018-04-23 18:37:23 - [TEST_STEP][PASSED] - Statement - listOfStoresinGroupListbox = new java.util.ArrayList(java.util.Arrays.asList(groupList1)): null

2018-04-23 18:37:23 - [TEST_STEP][PASSED] - Statement - out.println(listOfStoresinGroupListbox): null

2018-04-23 18:37:23 - [TEST_STEP][PASSED] - delay: Delayed 10 second(s)

2018-04-23 18:37:33 - [MESSAGE][PASSED] - Delayed 10 second(s)

2018-04-23 18:37:33 - [TEST_STEP][PASSED] - Statement - secondStoreListBox1 = driver.findElements(org.openqa.selenium.By.xpath(com.kms.katalon.core.testdata.TestDataFactory.findTestData(OR_file).getValue(2, 11))): Reading excel file with source file 'C:\Users\shalinin\Katalon Studio\HME\Data Files\HME_OR.xlsx' and sheet name 'Sheet1'

2018-04-23 18:37:33 - [TEST_STEP][PASSED] - Statement - actualList1 = new java.util.ArrayList(): null

2018-04-23 18:37:33 - [TEST_STEP][PASSED] - Statement - For ([i = 0, i < secondStoreListBox1.size(), (i++)]): null

2018-04-23 18:37:33 - [TEST_STEP][PASSED] - Statement - out.println(actualList1): null

2018-04-23 18:37:33 - [TEST_STEP][PASSED] - delay: Delayed 10 second(s)

2018-04-23 18:37:43 - [MESSAGE][PASSED] - Delayed 10 second(s)

2018-04-23 18:37:43 - [TEST_STEP][PASSED] - Statement - If (actualList1.containsAll(listOfStoresinGroupListbox)): null

2018-04-23 18:37:43 - [TEST_STEP][PASSED] - Statement - Else: null

2018-04-23 18:37:43 - [TEST_STEP][PASSED] - Statement - println("Selected stores are not displayed in Group/Stores in Group listbox"): null

2018-04-23 18:37:43 - [TEST_STEP][PASSED] - uiaction.CommonUIActions.click: uiaction.CommonUIActions.click is PASSED

2018-04-23 18:37:43 - [MESSAGE][PASSED] - uiaction.CommonUIActions.click is PASSED

2018-04-23 18:37:43 - [TEST_STEP][PASSED] - delay: Delayed 10 second(s)

2018-04-23 18:37:53 - [MESSAGE][PASSED] - Delayed 10 second(s)

2018-04-23 18:37:53 - [TEST_STEP][PASSED] - back: Navigate back successfully

2018-04-23 18:37:53 - [MESSAGE][PASSED] - Navigate back successfully

2018-04-23 18:37:53 - [TEST_STEP][PASSED] - delay: Delayed 10 second(s)

2018-04-23 18:38:03 - [MESSAGE][PASSED] - Delayed 10 second(s)

2018-04-23 18:38:03 - [TEST_STEP][PASSED] - uiaction.CommonUIActions.click: uiaction.CommonUIActions.click is PASSED

2018-04-23 18:38:03 - [MESSAGE][PASSED] - uiaction.CommonUIActions.click is PASSED

2018-04-23 18:38:03 - [TEST_STEP][PASSED] - verifyElementPresent: Object 'Object Repository/ReportingGroupManagement/childItemInTree' is present

2018-04-23 18:38:03 - [MESSAGE][PASSED] - Object 'Object Repository/ReportingGroupManagement/childItemInTree' is present

2018-04-23 18:38:03 - [TEST_STEP][PASSED] - uiaction.CommonUIActions.click: uiaction.CommonUIActions.click is PASSED

2018-04-23 18:38:04 - [MESSAGE][PASSED] - uiaction.CommonUIActions.click is PASSED

2018-04-23 18:38:04 - [TEST_STEP][PASSED] - uiaction.CommonUIActions.click: uiaction.CommonUIActions.click is PASSED

2018-04-23 18:38:04 - [MESSAGE][PASSED] - uiaction.CommonUIActions.click is PASSED

2018-04-23 18:38:04 - [TEST_STEP][PASSED] - uiaction.CommonUIActions.click: uiaction.CommonUIActions.click is PASSED

2018-04-23 18:38:04 - [MESSAGE][PASSED] - uiaction.CommonUIActions.click is PASSED

2018-04-23 18:38:04 - [TEST_STEP][PASSED] - verifyElementPresent: Object 'Object Repository/ReportingGroupManagement/childItemInTree' is present

2018-04-23 18:38:04 - [MESSAGE][PASSED] - Object 'Object Repository/ReportingGroupManagement/childItemInTree' is present

2018-04-23 18:38:04 - [TEST_STEP][PASSED] - uiaction.CommonUIActions.click: uiaction.CommonUIActions.click is PASSED

2018-04-23 18:38:04 - [MESSAGE][PASSED] - uiaction.CommonUIActions.click is PASSED

2018-04-23 18:38:04 - [TEST_STEP][PASSED] - delay: Delayed 5 second(s)

2018-04-23 18:38:09 - [MESSAGE][PASSED] - Delayed 5 second(s)

2018-04-23 18:38:09 - [TEST_STEP][PASSED] - uiaction.CommonUIActions.click: uiaction.CommonUIActions.click is PASSED

2018-04-23 18:38:09 - [MESSAGE][PASSED] - uiaction.CommonUIActions.click is PASSED

2018-04-23 18:38:09 - [TEST_STEP][PASSED] - uiaction.CommonUIActions.click: uiaction.CommonUIActions.click is PASSED

2018-04-23 18:38:09 - [MESSAGE][PASSED] - uiaction.CommonUIActions.click is PASSED

2018-04-23 18:38:09 - [TEST_STEP][PASSED] - uiaction.CommonUIActions.click: uiaction.CommonUIActions.click is PASSED

2018-04-23 18:38:09 - [MESSAGE][PASSED] - uiaction.CommonUIActions.click is PASSED

2018-04-23 18:38:09 - [TEST_STEP][PASSED] - delay: Delayed 10 second(s)

2018-04-23 18:38:19 - [MESSAGE][PASSED] - Delayed 10 second(s)

2018-04-23 18:38:19 - [TEST_STEP][PASSED] - back: Navigate back successfully

2018-04-23 18:38:19 - [MESSAGE][PASSED] - Navigate back successfully

2018-04-23 18:38:19 - [TEST_STEP][PASSED] - uiaction.CommonUIActions.click: uiaction.CommonUIActions.click is PASSED

2018-04-23 18:38:20 - [MESSAGE][PASSED] - uiaction.CommonUIActions.click is PASSED

2018-04-23 18:38:20 - [TEST_STEP][PASSED] - uiaction.CommonUIActions.click: uiaction.CommonUIActions.click is PASSED

2018-04-23 18:38:20 - [MESSAGE][PASSED] - uiaction.CommonUIActions.click is PASSED

2018-04-23 18:38:20 - [TEST_STEP][PASSED] - uiaction.CommonUIActions.click: uiaction.CommonUIActions.click is PASSED

2018-04-23 18:38:20 - [MESSAGE][PASSED] - uiaction.CommonUIActions.click is PASSED

2018-04-23 18:38:20 - [TEST_STEP][PASSED] - uiaction.CommonUIActions.click: uiaction.CommonUIActions.click is PASSED

2018-04-23 18:38:27 - [MESSAGE][PASSED] - uiaction.CommonUIActions.click is PASSED

2018-04-23 18:38:27 - [TEST_STEP][PASSED] - Start listener action : sampleAfterTestCase: Browser is closed

2018-04-23 18:38:27 - [TEST_STEP][PASSED] - Statement - println(testCaseContext.getTestCaseId()): null

2018-04-23 18:38:27 - [TEST_STEP][PASSED] - Statement - println(testCaseContext.getTestCaseStatus()): null

2018-04-23 18:38:27 - [TEST_STEP][PASSED] - closeBrowser: Browser is closed

2018-04-23 18:38:27 - [MESSAGE][PASSED] - Browser is closed]]></system-out>
         <system-err><![CDATA[]]></system-err>
      </testcase>
      <system-out><![CDATA[2018-04-23 18:34:53 - [TEST_SUITE][PASSED] - RegressionSuite: Browser is closed]]></system-out>
      <system-err><![CDATA[]]></system-err>
   </testsuite>
</testsuites>
