<?xml version="1.0" encoding="UTF-8"?>
<testsuites name="RegressionSuite" time="20" tests="1" failures="0" errors="0">
   <testsuite name="RegressionSuite" tests="1" failures="0" errors="0" time="20" timestamp="2018-04-04 16:44:51" hostname="shalinin - NIBC2129.nousinfo.com" id="Test Suites/RegressionSuite">
      <properties>
         <property name="deviceName" value=""/>
         <property name="devicePlatform" value=""/>
         <property name="logFolder" value="C:\\Users\\shalinin\\Katalon Studio\\HME\\Reports\\RegressionSuite\\20180404_164450"/>
         <property name="logFiles" value="C:\\Users\\shalinin\\Katalon Studio\\HME\\Reports\\RegressionSuite\\20180404_164450\\execution0.log"/>
         <property name="attachments" value="C:\\Users\\shalinin\\Katalon Studio\\HME\\Reports\\RegressionSuite\\20180404_164450\\1522840508994.png"/>
         <property name="hostName" value="shalinin - NIBC2129.nousinfo.com"/>
         <property name="os" value="Windows 7 64bit"/>
         <property name="katalonVersion" value="5.3.1.1"/>
         <property name="browser" value="Chrome 65.0.3325.181"/>
         <property name="hostAddress" value="192.168.24.72"/>
         <property name="sessionId" value="3016cc960762c1d8fe4850e242b23b5a"/>
         <property name="seleniumVersion" value="3.7.1"/>
         <property name="proxyInformation" value="ProxyInformation{proxyOption=NO_PROXY, proxyServerType=HTTP, password=, proxyServerAddress=, proxyServerPort=0}"/>
         <property name="platform" value="Windows 7"/>
      </properties>
      <testcase name="Test Cases/HME-StoreDetailsPage-09" classname="Test Cases/HME-StoreDetailsPage-09" status="PASSED">
         <system-out><![CDATA[2018-04-04 16:44:52 - [TEST_CASE][PASSED] - Test Cases/HME-StoreDetailsPage-09: Browser is closed

2018-04-04 16:44:52 - [TEST_STEP][PASSED] - Start listener action : sampleBeforeTestCase: Current window maximized

2018-04-04 16:44:52 - [TEST_STEP][PASSED] - openBrowser: Browser is opened with url: ''

2018-04-04 16:44:55 - [MESSAGE][PASSED] - Browser is opened with url: ''

2018-04-04 16:44:55 - [TEST_STEP][PASSED] - navigateToUrl: Navigate to 'https://uat.hmedtcloud.com/?pg=Login' successfully

2018-04-04 16:44:59 - [MESSAGE][PASSED] - Navigate to 'https://uat.hmedtcloud.com/?pg=Login' successfully

2018-04-04 16:44:59 - [TEST_STEP][PASSED] - maximizeWindow: Current window maximized

2018-04-04 16:45:00 - [MESSAGE][PASSED] - Current window maximized

2018-04-04 16:45:00 - [TEST_STEP][PASSED] - Statement - TCflag = true: null

2018-04-04 16:45:00 - [TEST_STEP][PASSED] - projectSpecific.Reusability.login: projectSpecific.Reusability.login is PASSED

2018-04-04 16:45:01 - [MESSAGE][PASSED] - Text 'abhradipr@nousinfo.com' is set on object 'Object Repository/LoginPage/Username'

2018-04-04 16:45:01 - [MESSAGE][PASSED] - Text '6Qt*qmL88' is set on object 'Object Repository/LoginPage/Password'

2018-04-04 16:45:07 - [MESSAGE][PASSED] - Object: 'Object Repository/LoginPage/Login' is clicked on

2018-04-04 16:45:07 - [MESSAGE][PASSED] - projectSpecific.Reusability.login is PASSED

2018-04-04 16:45:07 - [TEST_STEP][PASSED] - Statement - str = com.kms.katalon.core.testdata.TestDataFactory.findTestData(AdminCredentials).getValue("StoreDetails", 1): Reading excel file with source file 'C:\Users\shalinin\Katalon Studio\HME\Data Files\TestData.xlsx' and sheet name 'Sheet1'

2018-04-04 16:45:07 - [TEST_STEP][PASSED] - uiaction.CommonUIActions.click: uiaction.CommonUIActions.click is PASSED

2018-04-04 16:45:08 - [MESSAGE][PASSED] - uiaction.CommonUIActions.click is PASSED

2018-04-04 16:45:08 - [TEST_STEP][PASSED] - verifyElementPresent: Object 'Object Repository/HomePage/Verify_store' is present

2018-04-04 16:45:08 - [MESSAGE][PASSED] - Object 'Object Repository/HomePage/Verify_store' is present

2018-04-04 16:45:08 - [TEST_STEP][PASSED] - Statement - driver = com.kms.katalon.core.webui.driver.DriverFactory.getWebDriver(): null

2018-04-04 16:45:08 - [TEST_STEP][PASSED] - Statement - wes = driver.findElements(org.openqa.selenium.By.xpath("//div[@class='ctable']/table//tr/th")): null

2018-04-04 16:45:08 - [TEST_STEP][PASSED] - Statement - ar = [" ", "Brand", "Store", "Store Address", "City, State", "Leaderboard Groups", "System Name", "System Version", "System Status"]: null

2018-04-04 16:45:08 - [TEST_STEP][PASSED] - Statement - count = 1: null

2018-04-04 16:45:08 - [TEST_STEP][PASSED] - Statement - For ([i = 1, i < wes.size(), (i++)]): null

2018-04-04 16:45:08 - [TEST_STEP][PASSED] - Statement - execFlag = com.kms.katalon.core.webui.keyword.WebUiBuiltInKeywords.verifyMatch(wes.get(i).getText(), ar[i], false): Actual text 'Brand' and expected text 'Brand' are matched 

2018-04-04 16:45:08 - [MESSAGE][PASSED] - Actual text 'Brand' and expected text 'Brand' are matched 

2018-04-04 16:45:08 - [TEST_STEP][PASSED] - Statement - If (execFlag): null

2018-04-04 16:45:08 - [TEST_STEP][PASSED] - Statement - (count++): null

2018-04-04 16:45:08 - [TEST_STEP][PASSED] - Statement - execFlag = com.kms.katalon.core.webui.keyword.WebUiBuiltInKeywords.verifyMatch(wes.get(i).getText(), ar[i], false): Actual text 'Store' and expected text 'Store' are matched 

2018-04-04 16:45:08 - [MESSAGE][PASSED] - Actual text 'Store' and expected text 'Store' are matched 

2018-04-04 16:45:08 - [TEST_STEP][PASSED] - Statement - If (execFlag): null

2018-04-04 16:45:08 - [TEST_STEP][PASSED] - Statement - (count++): null

2018-04-04 16:45:08 - [TEST_STEP][PASSED] - Statement - execFlag = com.kms.katalon.core.webui.keyword.WebUiBuiltInKeywords.verifyMatch(wes.get(i).getText(), ar[i], false): Actual text 'Store Address' and expected text 'Store Address' are matched 

2018-04-04 16:45:08 - [MESSAGE][PASSED] - Actual text 'Store Address' and expected text 'Store Address' are matched 

2018-04-04 16:45:08 - [TEST_STEP][PASSED] - Statement - If (execFlag): null

2018-04-04 16:45:08 - [TEST_STEP][PASSED] - Statement - (count++): null

2018-04-04 16:45:08 - [TEST_STEP][PASSED] - Statement - execFlag = com.kms.katalon.core.webui.keyword.WebUiBuiltInKeywords.verifyMatch(wes.get(i).getText(), ar[i], false): Actual text 'City, State' and expected text 'City, State' are matched 

2018-04-04 16:45:08 - [MESSAGE][PASSED] - Actual text 'City, State' and expected text 'City, State' are matched 

2018-04-04 16:45:08 - [TEST_STEP][PASSED] - Statement - If (execFlag): null

2018-04-04 16:45:08 - [TEST_STEP][PASSED] - Statement - (count++): null

2018-04-04 16:45:08 - [TEST_STEP][PASSED] - Statement - execFlag = com.kms.katalon.core.webui.keyword.WebUiBuiltInKeywords.verifyMatch(wes.get(i).getText(), ar[i], false): Actual text 'Leaderboard Groups' and expected text 'Leaderboard Groups' are matched 

2018-04-04 16:45:08 - [MESSAGE][PASSED] - Actual text 'Leaderboard Groups' and expected text 'Leaderboard Groups' are matched 

2018-04-04 16:45:08 - [TEST_STEP][PASSED] - Statement - If (execFlag): null

2018-04-04 16:45:08 - [TEST_STEP][PASSED] - Statement - (count++): null

2018-04-04 16:45:08 - [TEST_STEP][PASSED] - Statement - execFlag = com.kms.katalon.core.webui.keyword.WebUiBuiltInKeywords.verifyMatch(wes.get(i).getText(), ar[i], false): Actual text 'System Name' and expected text 'System Name' are matched 

2018-04-04 16:45:08 - [MESSAGE][PASSED] - Actual text 'System Name' and expected text 'System Name' are matched 

2018-04-04 16:45:08 - [TEST_STEP][PASSED] - Statement - If (execFlag): null

2018-04-04 16:45:08 - [TEST_STEP][PASSED] - Statement - (count++): null

2018-04-04 16:45:08 - [TEST_STEP][PASSED] - Statement - execFlag = com.kms.katalon.core.webui.keyword.WebUiBuiltInKeywords.verifyMatch(wes.get(i).getText(), ar[i], false): Actual text 'System Version' and expected text 'System Version' are matched 

2018-04-04 16:45:08 - [MESSAGE][PASSED] - Actual text 'System Version' and expected text 'System Version' are matched 

2018-04-04 16:45:08 - [TEST_STEP][PASSED] - Statement - If (execFlag): null

2018-04-04 16:45:08 - [TEST_STEP][PASSED] - Statement - (count++): null

2018-04-04 16:45:08 - [TEST_STEP][PASSED] - Statement - execFlag = com.kms.katalon.core.webui.keyword.WebUiBuiltInKeywords.verifyMatch(wes.get(i).getText(), ar[i], false): Actual text 'System Status' and expected text 'System Status' are matched 

2018-04-04 16:45:08 - [MESSAGE][PASSED] - Actual text 'System Status' and expected text 'System Status' are matched 

2018-04-04 16:45:08 - [TEST_STEP][PASSED] - Statement - If (execFlag): null

2018-04-04 16:45:08 - [TEST_STEP][PASSED] - Statement - (count++): null

2018-04-04 16:45:08 - [TEST_STEP][PASSED] - Statement - If (count == wes.size()): Taking screenshot successfully

2018-04-04 16:45:08 - [TEST_STEP][PASSED] - takeScreenshot: Taking screenshot successfully

2018-04-04 16:45:09 - [MESSAGE][PASSED] - Taking screenshot successfully
[[ATTACHMENT|C:\\Users\\shalinin\\Katalon Studio\\HME\\Reports\\RegressionSuite\\20180404_164450\\1522840508994.png]]

2018-04-04 16:45:09 - [TEST_STEP][PASSED] - uiaction.CommonUIActions.click: uiaction.CommonUIActions.click is PASSED

2018-04-04 16:45:10 - [MESSAGE][PASSED] - uiaction.CommonUIActions.click is PASSED

2018-04-04 16:45:10 - [TEST_STEP][PASSED] - verifyElementPresent: Object 'Object Repository/StorePage/storedetailslabel' is present

2018-04-04 16:45:10 - [MESSAGE][PASSED] - Object 'Object Repository/StorePage/storedetailslabel' is present

2018-04-04 16:45:10 - [TEST_STEP][PASSED] - verifyElementPresent: Object 'Object Repository/StorePage/zoomlabel' is present

2018-04-04 16:45:10 - [MESSAGE][PASSED] - Object 'Object Repository/StorePage/zoomlabel' is present

2018-04-04 16:45:10 - [TEST_STEP][PASSED] - Statement - attr = com.kms.katalon.core.webui.keyword.WebUiBuiltInKeywords.getAttribute(com.kms.katalon.core.testobject.ObjectRepository.findTestObject(StorePage/defaultstoredetsails), "aria-selected"): Attribute 'aria-selected' of object 'Object Repository/StorePage/defaultstoredetsails' is: 'true'

2018-04-04 16:45:10 - [MESSAGE][PASSED] - Attribute 'aria-selected' of object 'Object Repository/StorePage/defaultstoredetsails' is: 'true'

2018-04-04 16:45:10 - [TEST_STEP][PASSED] - Statement - If (attr): null

2018-04-04 16:45:10 - [TEST_STEP][PASSED] - Statement - out.println("Store Details is set by default"): null

2018-04-04 16:45:10 - [TEST_STEP][PASSED] - Statement - storeArray = str.split(","): null

2018-04-04 16:45:10 - [TEST_STEP][PASSED] - Statement - storeList = new java.util.ArrayList(java.util.Arrays.asList(storeArray)): null

2018-04-04 16:45:10 - [TEST_STEP][PASSED] - Statement - storeList.unique(): null

2018-04-04 16:45:10 - [TEST_STEP][PASSED] - Statement - out.println(storeList): null

2018-04-04 16:45:10 - [TEST_STEP][PASSED] - Statement - wes1 = driver.findElements(org.openqa.selenium.By.xpath("//form[@name='store_submit']/table/tbody/tr/th")): null

2018-04-04 16:45:10 - [TEST_STEP][PASSED] - Statement - actualList = new java.util.ArrayList(): null

2018-04-04 16:45:10 - [TEST_STEP][PASSED] - Statement - For ([i = 0, i < wes1.size(), (i++)]): null

2018-04-04 16:45:10 - [TEST_STEP][PASSED] - Statement - actualList.add(i, wes1.get(i).getText()): null

2018-04-04 16:45:10 - [TEST_STEP][PASSED] - Statement - actualList.add(i, wes1.get(i).getText()): null

2018-04-04 16:45:10 - [TEST_STEP][PASSED] - Statement - actualList.add(i, wes1.get(i).getText()): null

2018-04-04 16:45:10 - [TEST_STEP][PASSED] - Statement - actualList.add(i, wes1.get(i).getText()): null

2018-04-04 16:45:10 - [TEST_STEP][PASSED] - Statement - actualList.add(i, wes1.get(i).getText()): null

2018-04-04 16:45:10 - [TEST_STEP][PASSED] - Statement - actualList.add(i, wes1.get(i).getText()): null

2018-04-04 16:45:10 - [TEST_STEP][PASSED] - Statement - actualList.add(i, wes1.get(i).getText()): null

2018-04-04 16:45:10 - [TEST_STEP][PASSED] - Statement - actualList.add(i, wes1.get(i).getText()): null

2018-04-04 16:45:10 - [TEST_STEP][PASSED] - Statement - actualList.add(i, wes1.get(i).getText()): null

2018-04-04 16:45:10 - [TEST_STEP][PASSED] - Statement - actualList.add(i, wes1.get(i).getText()): null

2018-04-04 16:45:10 - [TEST_STEP][PASSED] - Statement - actualList.add(i, wes1.get(i).getText()): null

2018-04-04 16:45:10 - [TEST_STEP][PASSED] - Statement - actualList.add(i, wes1.get(i).getText()): null

2018-04-04 16:45:10 - [TEST_STEP][PASSED] - Statement - actualList.add(i, wes1.get(i).getText()): null

2018-04-04 16:45:10 - [TEST_STEP][PASSED] - Statement - actualList.add(i, wes1.get(i).getText()): null

2018-04-04 16:45:10 - [TEST_STEP][PASSED] - Statement - out.println(actualList): null

2018-04-04 16:45:10 - [TEST_STEP][PASSED] - Statement - execFlag1 = true: null

2018-04-04 16:45:10 - [TEST_STEP][PASSED] - Statement - For ([j = 0, j < actualList.size(), (j++)]): null

2018-04-04 16:45:10 - [TEST_STEP][PASSED] - Statement - execFlag1 = com.kms.katalon.core.webui.keyword.WebUiBuiltInKeywords.verifyMatch(storeList.get(j).toString().trim(), actualList.get(j).toString().trim(), false): Actual text 'Brand' and expected text 'Brand' are matched 

2018-04-04 16:45:10 - [MESSAGE][PASSED] - Actual text 'Brand' and expected text 'Brand' are matched 

2018-04-04 16:45:10 - [TEST_STEP][PASSED] - Statement - If (!(execFlag1)): null

2018-04-04 16:45:10 - [TEST_STEP][PASSED] - Statement - execFlag1 = com.kms.katalon.core.webui.keyword.WebUiBuiltInKeywords.verifyMatch(storeList.get(j).toString().trim(), actualList.get(j).toString().trim(), false): Actual text 'Store Name' and expected text 'Store Name' are matched 

2018-04-04 16:45:10 - [MESSAGE][PASSED] - Actual text 'Store Name' and expected text 'Store Name' are matched 

2018-04-04 16:45:10 - [TEST_STEP][PASSED] - Statement - If (!(execFlag1)): null

2018-04-04 16:45:10 - [TEST_STEP][PASSED] - Statement - execFlag1 = com.kms.katalon.core.webui.keyword.WebUiBuiltInKeywords.verifyMatch(storeList.get(j).toString().trim(), actualList.get(j).toString().trim(), false): Actual text 'Store Number' and expected text 'Store Number' are matched 

2018-04-04 16:45:10 - [MESSAGE][PASSED] - Actual text 'Store Number' and expected text 'Store Number' are matched 

2018-04-04 16:45:10 - [TEST_STEP][PASSED] - Statement - If (!(execFlag1)): null

2018-04-04 16:45:10 - [TEST_STEP][PASSED] - Statement - execFlag1 = com.kms.katalon.core.webui.keyword.WebUiBuiltInKeywords.verifyMatch(storeList.get(j).toString().trim(), actualList.get(j).toString().trim(), false): Actual text 'Group:' and expected text 'Group:' are matched 

2018-04-04 16:45:10 - [MESSAGE][PASSED] - Actual text 'Group:' and expected text 'Group:' are matched 

2018-04-04 16:45:10 - [TEST_STEP][PASSED] - Statement - If (!(execFlag1)): null

2018-04-04 16:45:10 - [TEST_STEP][PASSED] - Statement - execFlag1 = com.kms.katalon.core.webui.keyword.WebUiBuiltInKeywords.verifyMatch(storeList.get(j).toString().trim(), actualList.get(j).toString().trim(), false): Actual text 'Address Line 1' and expected text 'Address Line 1' are matched 

2018-04-04 16:45:10 - [MESSAGE][PASSED] - Actual text 'Address Line 1' and expected text 'Address Line 1' are matched 

2018-04-04 16:45:10 - [TEST_STEP][PASSED] - Statement - If (!(execFlag1)): null

2018-04-04 16:45:10 - [TEST_STEP][PASSED] - Statement - execFlag1 = com.kms.katalon.core.webui.keyword.WebUiBuiltInKeywords.verifyMatch(storeList.get(j).toString().trim(), actualList.get(j).toString().trim(), false): Actual text 'Address Line 2' and expected text 'Address Line 2' are matched 

2018-04-04 16:45:10 - [MESSAGE][PASSED] - Actual text 'Address Line 2' and expected text 'Address Line 2' are matched 

2018-04-04 16:45:10 - [TEST_STEP][PASSED] - Statement - If (!(execFlag1)): null

2018-04-04 16:45:10 - [TEST_STEP][PASSED] - Statement - execFlag1 = com.kms.katalon.core.webui.keyword.WebUiBuiltInKeywords.verifyMatch(storeList.get(j).toString().trim(), actualList.get(j).toString().trim(), false): Actual text 'Address Line 3' and expected text 'Address Line 3' are matched 

2018-04-04 16:45:10 - [MESSAGE][PASSED] - Actual text 'Address Line 3' and expected text 'Address Line 3' are matched 

2018-04-04 16:45:10 - [TEST_STEP][PASSED] - Statement - If (!(execFlag1)): null

2018-04-04 16:45:10 - [TEST_STEP][PASSED] - Statement - execFlag1 = com.kms.katalon.core.webui.keyword.WebUiBuiltInKeywords.verifyMatch(storeList.get(j).toString().trim(), actualList.get(j).toString().trim(), false): Actual text 'Address Line 4' and expected text 'Address Line 4' are matched 

2018-04-04 16:45:10 - [MESSAGE][PASSED] - Actual text 'Address Line 4' and expected text 'Address Line 4' are matched 

2018-04-04 16:45:10 - [TEST_STEP][PASSED] - Statement - If (!(execFlag1)): null

2018-04-04 16:45:10 - [TEST_STEP][PASSED] - Statement - execFlag1 = com.kms.katalon.core.webui.keyword.WebUiBuiltInKeywords.verifyMatch(storeList.get(j).toString().trim(), actualList.get(j).toString().trim(), false): Actual text 'City' and expected text 'City' are matched 

2018-04-04 16:45:10 - [MESSAGE][PASSED] - Actual text 'City' and expected text 'City' are matched 

2018-04-04 16:45:10 - [TEST_STEP][PASSED] - Statement - If (!(execFlag1)): null

2018-04-04 16:45:10 - [TEST_STEP][PASSED] - Statement - execFlag1 = com.kms.katalon.core.webui.keyword.WebUiBuiltInKeywords.verifyMatch(storeList.get(j).toString().trim(), actualList.get(j).toString().trim(), false): Actual text 'Region: *' and expected text 'Region: *' are matched 

2018-04-04 16:45:10 - [MESSAGE][PASSED] - Actual text 'Region: *' and expected text 'Region: *' are matched 

2018-04-04 16:45:10 - [TEST_STEP][PASSED] - Statement - If (!(execFlag1)): null

2018-04-04 16:45:10 - [TEST_STEP][PASSED] - Statement - execFlag1 = com.kms.katalon.core.webui.keyword.WebUiBuiltInKeywords.verifyMatch(storeList.get(j).toString().trim(), actualList.get(j).toString().trim(), false): Actual text 'Zip:' and expected text 'Zip:' are matched 

2018-04-04 16:45:10 - [MESSAGE][PASSED] - Actual text 'Zip:' and expected text 'Zip:' are matched 

2018-04-04 16:45:10 - [TEST_STEP][PASSED] - Statement - If (!(execFlag1)): null

2018-04-04 16:45:10 - [TEST_STEP][PASSED] - Statement - execFlag1 = com.kms.katalon.core.webui.keyword.WebUiBuiltInKeywords.verifyMatch(storeList.get(j).toString().trim(), actualList.get(j).toString().trim(), false): Actual text 'Country:' and expected text 'Country:' are matched 

2018-04-04 16:45:10 - [MESSAGE][PASSED] - Actual text 'Country:' and expected text 'Country:' are matched 

2018-04-04 16:45:10 - [TEST_STEP][PASSED] - Statement - If (!(execFlag1)): null

2018-04-04 16:45:10 - [TEST_STEP][PASSED] - Statement - execFlag1 = com.kms.katalon.core.webui.keyword.WebUiBuiltInKeywords.verifyMatch(storeList.get(j).toString().trim(), actualList.get(j).toString().trim(), false): Actual text 'Phone:' and expected text 'Phone:' are matched 

2018-04-04 16:45:10 - [MESSAGE][PASSED] - Actual text 'Phone:' and expected text 'Phone:' are matched 

2018-04-04 16:45:10 - [TEST_STEP][PASSED] - Statement - If (!(execFlag1)): null

2018-04-04 16:45:10 - [TEST_STEP][PASSED] - Statement - execFlag1 = com.kms.katalon.core.webui.keyword.WebUiBuiltInKeywords.verifyMatch(storeList.get(j).toString().trim(), actualList.get(j).toString().trim(), false): Actual text 'Fax:' and expected text 'Fax:' are matched 

2018-04-04 16:45:10 - [MESSAGE][PASSED] - Actual text 'Fax:' and expected text 'Fax:' are matched 

2018-04-04 16:45:10 - [TEST_STEP][PASSED] - Statement - If (!(execFlag1)): null

2018-04-04 16:45:10 - [TEST_STEP][PASSED] - Statement - If (execFlag1): null

2018-04-04 16:45:10 - [TEST_STEP][PASSED] - Statement - out.println("Store details labels are verified"): null

2018-04-04 16:45:10 - [TEST_STEP][PASSED] - Statement - editfield = com.kms.katalon.core.webui.keyword.WebUiBuiltInKeywords.clearText(com.kms.katalon.core.testobject.ObjectRepository.findTestObject(StorePage/storeName)): Text of object 'Object Repository/StorePage/storeName' is cleared

2018-04-04 16:45:10 - [MESSAGE][PASSED] - Text of object 'Object Repository/StorePage/storeName' is cleared

2018-04-04 16:45:10 - [TEST_STEP][PASSED] - Statement - If (editfield): null

2018-04-04 16:45:10 - [TEST_STEP][PASSED] - Statement - out.println("The store name is editable field"): null

2018-04-04 16:45:10 - [TEST_STEP][PASSED] - Statement - inputFields = driver.findElements(org.openqa.selenium.By.xpath("//form[@name='store_submit']/table/tbody/tr//input")): null

2018-04-04 16:45:10 - [TEST_STEP][PASSED] - Statement - inputFieldsResults = new java.util.ArrayList(): null

2018-04-04 16:45:10 - [TEST_STEP][PASSED] - Statement - index = 3: null

2018-04-04 16:45:10 - [TEST_STEP][PASSED] - Statement - For ([i = 0, i < inputFields.size(), (i++)]): null

2018-04-04 16:45:10 - [TEST_STEP][PASSED] - Statement - xpathval = "//form[@name='store_submit']/table/tbody/tr[" + index + "]//input": null

2018-04-04 16:45:10 - [TEST_STEP][PASSED] - Statement - LinkToSearch = com.kms.katalon.core.webui.keyword.WebUiBuiltInKeywords.modifyObjectProperty(com.kms.katalon.core.testobject.ObjectRepository.findTestObject(StorePage/storeInputValue), "xpath", "equals", xpathval, true): Modify property of object successfully

2018-04-04 16:45:11 - [MESSAGE][PASSED] - Modify property of object successfully

2018-04-04 16:45:11 - [TEST_STEP][PASSED] - Statement - attr1 = com.kms.katalon.core.webui.keyword.WebUiBuiltInKeywords.getAttribute(LinkToSearch, "disabled"): Attribute 'disabled' of object 'Object Repository/StorePage/storeInputValue' is: 'true'

2018-04-04 16:45:11 - [MESSAGE][PASSED] - Attribute 'disabled' of object 'Object Repository/StorePage/storeInputValue' is: 'true'

2018-04-04 16:45:11 - [TEST_STEP][PASSED] - Statement - If (attr1): null

2018-04-04 16:45:11 - [TEST_STEP][PASSED] - Statement - xpathval = "//form[@name='store_submit']/table/tbody/tr[" + index + "]//input": null

2018-04-04 16:45:11 - [TEST_STEP][PASSED] - Statement - LinkToSearch = com.kms.katalon.core.webui.keyword.WebUiBuiltInKeywords.modifyObjectProperty(com.kms.katalon.core.testobject.ObjectRepository.findTestObject(StorePage/storeInputValue), "xpath", "equals", xpathval, true): Modify property of object successfully

2018-04-04 16:45:11 - [MESSAGE][PASSED] - Modify property of object successfully

2018-04-04 16:45:11 - [TEST_STEP][PASSED] - Statement - attr1 = com.kms.katalon.core.webui.keyword.WebUiBuiltInKeywords.getAttribute(LinkToSearch, "disabled"): Attribute 'disabled' of object 'Object Repository/StorePage/storeInputValue' is: 'true'

2018-04-04 16:45:11 - [MESSAGE][PASSED] - Attribute 'disabled' of object 'Object Repository/StorePage/storeInputValue' is: 'true'

2018-04-04 16:45:11 - [TEST_STEP][PASSED] - Statement - If (attr1): null

2018-04-04 16:45:11 - [TEST_STEP][PASSED] - Statement - xpathval = "//form[@name='store_submit']/table/tbody/tr[" + index + "]//input": null

2018-04-04 16:45:11 - [TEST_STEP][PASSED] - Statement - LinkToSearch = com.kms.katalon.core.webui.keyword.WebUiBuiltInKeywords.modifyObjectProperty(com.kms.katalon.core.testobject.ObjectRepository.findTestObject(StorePage/storeInputValue), "xpath", "equals", xpathval, true): Modify property of object successfully

2018-04-04 16:45:11 - [MESSAGE][PASSED] - Modify property of object successfully

2018-04-04 16:45:11 - [TEST_STEP][PASSED] - Statement - attr1 = com.kms.katalon.core.webui.keyword.WebUiBuiltInKeywords.getAttribute(LinkToSearch, "disabled"): Attribute 'disabled' of object 'Object Repository/StorePage/storeInputValue' is: 'true'

2018-04-04 16:45:11 - [MESSAGE][PASSED] - Attribute 'disabled' of object 'Object Repository/StorePage/storeInputValue' is: 'true'

2018-04-04 16:45:11 - [TEST_STEP][PASSED] - Statement - If (attr1): null

2018-04-04 16:45:11 - [TEST_STEP][PASSED] - Statement - xpathval = "//form[@name='store_submit']/table/tbody/tr[" + index + "]//input": null

2018-04-04 16:45:11 - [TEST_STEP][PASSED] - Statement - LinkToSearch = com.kms.katalon.core.webui.keyword.WebUiBuiltInKeywords.modifyObjectProperty(com.kms.katalon.core.testobject.ObjectRepository.findTestObject(StorePage/storeInputValue), "xpath", "equals", xpathval, true): Modify property of object successfully

2018-04-04 16:45:11 - [MESSAGE][PASSED] - Modify property of object successfully

2018-04-04 16:45:11 - [TEST_STEP][PASSED] - Statement - attr1 = com.kms.katalon.core.webui.keyword.WebUiBuiltInKeywords.getAttribute(LinkToSearch, "disabled"): Attribute 'disabled' of object 'Object Repository/StorePage/storeInputValue' is: 'true'

2018-04-04 16:45:11 - [MESSAGE][PASSED] - Attribute 'disabled' of object 'Object Repository/StorePage/storeInputValue' is: 'true'

2018-04-04 16:45:11 - [TEST_STEP][PASSED] - Statement - If (attr1): null

2018-04-04 16:45:11 - [TEST_STEP][PASSED] - Statement - xpathval = "//form[@name='store_submit']/table/tbody/tr[" + index + "]//input": null

2018-04-04 16:45:11 - [TEST_STEP][PASSED] - Statement - LinkToSearch = com.kms.katalon.core.webui.keyword.WebUiBuiltInKeywords.modifyObjectProperty(com.kms.katalon.core.testobject.ObjectRepository.findTestObject(StorePage/storeInputValue), "xpath", "equals", xpathval, true): Modify property of object successfully

2018-04-04 16:45:11 - [MESSAGE][PASSED] - Modify property of object successfully

2018-04-04 16:45:11 - [TEST_STEP][PASSED] - Statement - attr1 = com.kms.katalon.core.webui.keyword.WebUiBuiltInKeywords.getAttribute(LinkToSearch, "disabled"): Attribute 'disabled' of object 'Object Repository/StorePage/storeInputValue' is: 'true'

2018-04-04 16:45:11 - [MESSAGE][PASSED] - Attribute 'disabled' of object 'Object Repository/StorePage/storeInputValue' is: 'true'

2018-04-04 16:45:11 - [TEST_STEP][PASSED] - Statement - If (attr1): null

2018-04-04 16:45:11 - [TEST_STEP][PASSED] - Statement - xpathval = "//form[@name='store_submit']/table/tbody/tr[" + index + "]//input": null

2018-04-04 16:45:11 - [TEST_STEP][PASSED] - Statement - LinkToSearch = com.kms.katalon.core.webui.keyword.WebUiBuiltInKeywords.modifyObjectProperty(com.kms.katalon.core.testobject.ObjectRepository.findTestObject(StorePage/storeInputValue), "xpath", "equals", xpathval, true): Modify property of object successfully

2018-04-04 16:45:11 - [MESSAGE][PASSED] - Modify property of object successfully

2018-04-04 16:45:11 - [TEST_STEP][PASSED] - Statement - attr1 = com.kms.katalon.core.webui.keyword.WebUiBuiltInKeywords.getAttribute(LinkToSearch, "disabled"): Attribute 'disabled' of object 'Object Repository/StorePage/storeInputValue' is: 'true'

2018-04-04 16:45:11 - [MESSAGE][PASSED] - Attribute 'disabled' of object 'Object Repository/StorePage/storeInputValue' is: 'true'

2018-04-04 16:45:11 - [TEST_STEP][PASSED] - Statement - If (attr1): null

2018-04-04 16:45:11 - [TEST_STEP][PASSED] - Statement - xpathval = "//form[@name='store_submit']/table/tbody/tr[" + index + "]//input": null

2018-04-04 16:45:11 - [TEST_STEP][PASSED] - Statement - LinkToSearch = com.kms.katalon.core.webui.keyword.WebUiBuiltInKeywords.modifyObjectProperty(com.kms.katalon.core.testobject.ObjectRepository.findTestObject(StorePage/storeInputValue), "xpath", "equals", xpathval, true): Modify property of object successfully

2018-04-04 16:45:11 - [MESSAGE][PASSED] - Modify property of object successfully

2018-04-04 16:45:11 - [TEST_STEP][PASSED] - Statement - attr1 = com.kms.katalon.core.webui.keyword.WebUiBuiltInKeywords.getAttribute(LinkToSearch, "disabled"): Attribute 'disabled' of object 'Object Repository/StorePage/storeInputValue' is: 'true'

2018-04-04 16:45:11 - [MESSAGE][PASSED] - Attribute 'disabled' of object 'Object Repository/StorePage/storeInputValue' is: 'true'

2018-04-04 16:45:11 - [TEST_STEP][PASSED] - Statement - If (attr1): null

2018-04-04 16:45:11 - [TEST_STEP][PASSED] - Statement - xpathval = "//form[@name='store_submit']/table/tbody/tr[" + index + "]//input": null

2018-04-04 16:45:11 - [TEST_STEP][PASSED] - Statement - LinkToSearch = com.kms.katalon.core.webui.keyword.WebUiBuiltInKeywords.modifyObjectProperty(com.kms.katalon.core.testobject.ObjectRepository.findTestObject(StorePage/storeInputValue), "xpath", "equals", xpathval, true): Modify property of object successfully

2018-04-04 16:45:11 - [MESSAGE][PASSED] - Modify property of object successfully

2018-04-04 16:45:11 - [TEST_STEP][PASSED] - Statement - attr1 = com.kms.katalon.core.webui.keyword.WebUiBuiltInKeywords.getAttribute(LinkToSearch, "disabled"): Attribute 'disabled' of object 'Object Repository/StorePage/storeInputValue' is: 'true'

2018-04-04 16:45:11 - [MESSAGE][PASSED] - Attribute 'disabled' of object 'Object Repository/StorePage/storeInputValue' is: 'true'

2018-04-04 16:45:11 - [TEST_STEP][PASSED] - Statement - If (attr1): null

2018-04-04 16:45:11 - [TEST_STEP][PASSED] - Statement - xpathval = "//form[@name='store_submit']/table/tbody/tr[" + index + "]//input": null

2018-04-04 16:45:11 - [TEST_STEP][PASSED] - Statement - LinkToSearch = com.kms.katalon.core.webui.keyword.WebUiBuiltInKeywords.modifyObjectProperty(com.kms.katalon.core.testobject.ObjectRepository.findTestObject(StorePage/storeInputValue), "xpath", "equals", xpathval, true): Modify property of object successfully

2018-04-04 16:45:11 - [MESSAGE][PASSED] - Modify property of object successfully

2018-04-04 16:45:11 - [TEST_STEP][PASSED] - Statement - attr1 = com.kms.katalon.core.webui.keyword.WebUiBuiltInKeywords.getAttribute(LinkToSearch, "disabled"): Attribute 'disabled' of object 'Object Repository/StorePage/storeInputValue' is: 'true'

2018-04-04 16:45:11 - [MESSAGE][PASSED] - Attribute 'disabled' of object 'Object Repository/StorePage/storeInputValue' is: 'true'

2018-04-04 16:45:11 - [TEST_STEP][PASSED] - Statement - If (attr1): null

2018-04-04 16:45:11 - [TEST_STEP][PASSED] - Statement - xpathval = "//form[@name='store_submit']/table/tbody/tr[" + index + "]//input": null

2018-04-04 16:45:11 - [TEST_STEP][PASSED] - Statement - LinkToSearch = com.kms.katalon.core.webui.keyword.WebUiBuiltInKeywords.modifyObjectProperty(com.kms.katalon.core.testobject.ObjectRepository.findTestObject(StorePage/storeInputValue), "xpath", "equals", xpathval, true): Modify property of object successfully

2018-04-04 16:45:11 - [MESSAGE][PASSED] - Modify property of object successfully

2018-04-04 16:45:11 - [TEST_STEP][PASSED] - Statement - attr1 = com.kms.katalon.core.webui.keyword.WebUiBuiltInKeywords.getAttribute(LinkToSearch, "disabled"): Attribute 'disabled' of object 'Object Repository/StorePage/storeInputValue' is: 'true'

2018-04-04 16:45:11 - [MESSAGE][PASSED] - Attribute 'disabled' of object 'Object Repository/StorePage/storeInputValue' is: 'true'

2018-04-04 16:45:11 - [TEST_STEP][PASSED] - Statement - If (attr1): null

2018-04-04 16:45:11 - [TEST_STEP][PASSED] - Statement - xpathval = "//form[@name='store_submit']/table/tbody/tr[" + index + "]//input": null

2018-04-04 16:45:11 - [TEST_STEP][PASSED] - Statement - LinkToSearch = com.kms.katalon.core.webui.keyword.WebUiBuiltInKeywords.modifyObjectProperty(com.kms.katalon.core.testobject.ObjectRepository.findTestObject(StorePage/storeInputValue), "xpath", "equals", xpathval, true): Modify property of object successfully

2018-04-04 16:45:11 - [MESSAGE][PASSED] - Modify property of object successfully

2018-04-04 16:45:11 - [TEST_STEP][PASSED] - Statement - attr1 = com.kms.katalon.core.webui.keyword.WebUiBuiltInKeywords.getAttribute(LinkToSearch, "disabled"): Attribute 'disabled' of object 'Object Repository/StorePage/storeInputValue' is: 'true'

2018-04-04 16:45:11 - [MESSAGE][PASSED] - Attribute 'disabled' of object 'Object Repository/StorePage/storeInputValue' is: 'true'

2018-04-04 16:45:11 - [TEST_STEP][PASSED] - Statement - If (attr1): null

2018-04-04 16:45:11 - [TEST_STEP][PASSED] - Statement - xpathval = "//form[@name='store_submit']/table/tbody/tr[" + index + "]//input": null

2018-04-04 16:45:11 - [TEST_STEP][PASSED] - Statement - LinkToSearch = com.kms.katalon.core.webui.keyword.WebUiBuiltInKeywords.modifyObjectProperty(com.kms.katalon.core.testobject.ObjectRepository.findTestObject(StorePage/storeInputValue), "xpath", "equals", xpathval, true): Modify property of object successfully

2018-04-04 16:45:11 - [MESSAGE][PASSED] - Modify property of object successfully

2018-04-04 16:45:11 - [TEST_STEP][PASSED] - Statement - attr1 = com.kms.katalon.core.webui.keyword.WebUiBuiltInKeywords.getAttribute(LinkToSearch, "disabled"): Attribute 'disabled' of object 'Object Repository/StorePage/storeInputValue' is: 'true'

2018-04-04 16:45:11 - [MESSAGE][PASSED] - Attribute 'disabled' of object 'Object Repository/StorePage/storeInputValue' is: 'true'

2018-04-04 16:45:11 - [TEST_STEP][PASSED] - Statement - If (attr1): null

2018-04-04 16:45:11 - [TEST_STEP][PASSED] - Statement - s = inputFieldsResults[1]: null

2018-04-04 16:45:11 - [TEST_STEP][PASSED] - Statement - isEditable = false: null

2018-04-04 16:45:11 - [TEST_STEP][PASSED] - Statement - For ([j = 2, j < inputFieldsResults.size(), (j++)]): null

2018-04-04 16:45:11 - [TEST_STEP][PASSED] - Statement - s1 = inputFieldsResults[j]: null

2018-04-04 16:45:11 - [TEST_STEP][PASSED] - Statement - If (!(s1.equals(s))): null

2018-04-04 16:45:11 - [TEST_STEP][PASSED] - Statement - s1 = inputFieldsResults[j]: null

2018-04-04 16:45:11 - [TEST_STEP][PASSED] - Statement - If (!(s1.equals(s))): null

2018-04-04 16:45:11 - [TEST_STEP][PASSED] - Statement - s1 = inputFieldsResults[j]: null

2018-04-04 16:45:11 - [TEST_STEP][PASSED] - Statement - If (!(s1.equals(s))): null

2018-04-04 16:45:11 - [TEST_STEP][PASSED] - Statement - s1 = inputFieldsResults[j]: null

2018-04-04 16:45:11 - [TEST_STEP][PASSED] - Statement - If (!(s1.equals(s))): null

2018-04-04 16:45:11 - [TEST_STEP][PASSED] - Statement - s1 = inputFieldsResults[j]: null

2018-04-04 16:45:11 - [TEST_STEP][PASSED] - Statement - If (!(s1.equals(s))): null

2018-04-04 16:45:11 - [TEST_STEP][PASSED] - Statement - s1 = inputFieldsResults[j]: null

2018-04-04 16:45:11 - [TEST_STEP][PASSED] - Statement - If (!(s1.equals(s))): null

2018-04-04 16:45:11 - [TEST_STEP][PASSED] - Statement - s1 = inputFieldsResults[j]: null

2018-04-04 16:45:11 - [TEST_STEP][PASSED] - Statement - If (!(s1.equals(s))): null

2018-04-04 16:45:11 - [TEST_STEP][PASSED] - Statement - s1 = inputFieldsResults[j]: null

2018-04-04 16:45:11 - [TEST_STEP][PASSED] - Statement - If (!(s1.equals(s))): null

2018-04-04 16:45:11 - [TEST_STEP][PASSED] - Statement - s1 = inputFieldsResults[j]: null

2018-04-04 16:45:11 - [TEST_STEP][PASSED] - Statement - If (!(s1.equals(s))): null

2018-04-04 16:45:11 - [TEST_STEP][PASSED] - Statement - s1 = inputFieldsResults[j]: null

2018-04-04 16:45:11 - [TEST_STEP][PASSED] - Statement - If (!(s1.equals(s))): null

2018-04-04 16:45:11 - [TEST_STEP][PASSED] - Statement - If (!(isEditable)): null

2018-04-04 16:45:11 - [TEST_STEP][PASSED] - Statement - out.println("Store fields are not editable"): null

2018-04-04 16:45:11 - [TEST_STEP][PASSED] - Statement - attr = com.kms.katalon.core.webui.keyword.WebUiBuiltInKeywords.getAttribute(com.kms.katalon.core.testobject.ObjectRepository.findTestObject(StorePage/storebrandName), "disabled"): Attribute 'disabled' of object 'Object Repository/StorePage/storebrandName' is: 'true'

2018-04-04 16:45:11 - [MESSAGE][PASSED] - Attribute 'disabled' of object 'Object Repository/StorePage/storebrandName' is: 'true'

2018-04-04 16:45:11 - [TEST_STEP][PASSED] - Statement - If (attr): null

2018-04-04 16:45:11 - [TEST_STEP][PASSED] - Statement - out.println("Store brand is disabled"): null

2018-04-04 16:45:11 - [TEST_STEP][PASSED] - Statement - attr = com.kms.katalon.core.webui.keyword.WebUiBuiltInKeywords.getAttribute(com.kms.katalon.core.testobject.ObjectRepository.findTestObject(StorePage/storeCountryName), "disabled"): Attribute 'disabled' of object 'Object Repository/StorePage/storeCountryName' is: 'true'

2018-04-04 16:45:11 - [MESSAGE][PASSED] - Attribute 'disabled' of object 'Object Repository/StorePage/storeCountryName' is: 'true'

2018-04-04 16:45:11 - [TEST_STEP][PASSED] - Statement - If (attr): null

2018-04-04 16:45:11 - [TEST_STEP][PASSED] - Statement - out.println("Store countryName is disabled"): null

2018-04-04 16:45:11 - [TEST_STEP][PASSED] - Statement - assert TCflag == true: null

2018-04-04 16:45:11 - [TEST_STEP][PASSED] - Start listener action : sampleAfterTestCase: Browser is closed

2018-04-04 16:45:11 - [TEST_STEP][PASSED] - Statement - println(testCaseContext.getTestCaseId()): null

2018-04-04 16:45:11 - [TEST_STEP][PASSED] - Statement - println(testCaseContext.getTestCaseStatus()): null

2018-04-04 16:45:11 - [TEST_STEP][PASSED] - closeBrowser: Browser is closed

2018-04-04 16:45:12 - [MESSAGE][PASSED] - Browser is closed]]></system-out>
         <system-err><![CDATA[]]></system-err>
      </testcase>
      <system-out><![CDATA[2018-04-04 16:44:51 - [TEST_SUITE][PASSED] - RegressionSuite: Browser is closed]]></system-out>
      <system-err><![CDATA[]]></system-err>
   </testsuite>
</testsuites>
