<?xml version="1.0" encoding="UTF-8"?>
<testsuites name="RegressionSuite" time="369" tests="1" failures="0" errors="0">
   <testsuite name="RegressionSuite" tests="1" failures="0" errors="0" time="369" timestamp="2018-06-04 17:11:57" hostname="shalinin - NIBC2129.nousinfo.com" id="Test Suites/RegressionSuite">
      <properties>
         <property name="deviceName" value=""/>
         <property name="devicePlatform" value=""/>
         <property name="logFolder" value="C:\\Users\\shalinin\\Katalon Studio\\HME_Scripts\\Reports\\RegressionSuite\\20180604_171155"/>
         <property name="logFiles" value="C:\\Users\\shalinin\\Katalon Studio\\HME_Scripts\\Reports\\RegressionSuite\\20180604_171155\\execution0.log"/>
         <property name="attachments" value=""/>
         <property name="hostName" value="shalinin - NIBC2129.nousinfo.com"/>
         <property name="os" value="Windows 7 64bit"/>
         <property name="katalonVersion" value="5.3.1.1"/>
         <property name="browser" value="Chrome 66.0.3359.181"/>
         <property name="hostAddress" value="10.10.50.72"/>
         <property name="sessionId" value="4c2077118b4dcc0570cec2aadcab96a1"/>
         <property name="seleniumVersion" value="3.7.1"/>
         <property name="proxyInformation" value="ProxyInformation{proxyOption=NO_PROXY, proxyServerType=HTTP, password=, proxyServerAddress=, proxyServerPort=0}"/>
         <property name="platform" value="Windows 7"/>
      </properties>
      <testcase name="Test Cases/SummaryReportsTC/HME-Summary Report-04" classname="Test Cases/SummaryReportsTC/HME-Summary Report-04" status="PASSED">
         <system-out><![CDATA[2018-06-04 17:11:57 - [TEST_CASE][PASSED] - Test Cases/SummaryReportsTC/HME-Summary Report-04: Browser is closed

2018-06-04 17:11:57 - [TEST_STEP][PASSED] - Start listener action : sampleBeforeTestCase: Current window maximized

2018-06-04 17:11:57 - [TEST_STEP][PASSED] - openBrowser: Browser is opened with url: ''

2018-06-04 17:12:00 - [MESSAGE][PASSED] - Browser is opened with url: ''

2018-06-04 17:12:00 - [TEST_STEP][PASSED] - maximizeWindow: Current window maximized

2018-06-04 17:12:01 - [MESSAGE][PASSED] - Current window maximized

2018-06-04 17:12:02 - [TEST_STEP][PASSED] - Statement - TCflag = true: null

2018-06-04 17:12:02 - [TEST_STEP][PASSED] - Statement - Try: uiaction.CommonUIActions.click is PASSED

2018-06-04 17:12:02 - [TEST_STEP][PASSED] - navigateToUrl: Navigate to 'https://hme-dev-public-cloud-app.azurewebsites.net/' successfully

2018-06-04 17:12:23 - [MESSAGE][PASSED] - Navigate to 'https://hme-dev-public-cloud-app.azurewebsites.net/' successfully

2018-06-04 17:12:23 - [TEST_STEP][PASSED] - projectSpecific.Reusability.login: projectSpecific.Reusability.login is PASSED

2018-06-04 17:12:24 - [MESSAGE][PASSED] - projectSpecific.Reusability.getTestData is PASSED

2018-06-04 17:12:24 - [MESSAGE][PASSED] - projectSpecific.Reusability.getTestData is PASSED

2018-06-04 17:13:12 - [MESSAGE][PASSED] - Text 'selvendrank@nousinfo.com' is set on object 'Object Repository/LoginPage/Username'

2018-06-04 17:13:12 - [MESSAGE][PASSED] - Text 'nous;123' is set on object 'Object Repository/LoginPage/Password'

2018-06-04 17:13:12 - [MESSAGE][PASSED] - Object: 'Object Repository/LoginPage/Login' is clicked on

2018-06-04 17:13:12 - [MESSAGE][PASSED] - projectSpecific.Reusability.login is PASSED

2018-06-04 17:13:12 - [TEST_STEP][PASSED] - delay: Delayed 10 second(s)

2018-06-04 17:13:22 - [MESSAGE][PASSED] - Delayed 10 second(s)

2018-06-04 17:13:22 - [TEST_STEP][PASSED] - delay: Delayed 10 second(s)

2018-06-04 17:13:32 - [MESSAGE][PASSED] - Delayed 10 second(s)

2018-06-04 17:13:32 - [TEST_STEP][PASSED] - uiaction.CommonUIActions.click: uiaction.CommonUIActions.click is PASSED

2018-06-04 17:13:33 - [MESSAGE][PASSED] - uiaction.CommonUIActions.click is PASSED

2018-06-04 17:13:33 - [TEST_STEP][PASSED] - uiaction.CommonUIActions.click: uiaction.CommonUIActions.click is PASSED

2018-06-04 17:13:36 - [MESSAGE][PASSED] - uiaction.CommonUIActions.click is PASSED

2018-06-04 17:13:36 - [TEST_STEP][PASSED] - uiaction.CommonUIActions.click: uiaction.CommonUIActions.click is PASSED

2018-06-04 17:13:36 - [MESSAGE][PASSED] - uiaction.CommonUIActions.click is PASSED

2018-06-04 17:13:36 - [TEST_STEP][PASSED] - uiaction.CommonUIActions.click: uiaction.CommonUIActions.click is PASSED

2018-06-04 17:13:36 - [MESSAGE][PASSED] - uiaction.CommonUIActions.click is PASSED

2018-06-04 17:13:36 - [TEST_STEP][PASSED] - uiaction.CommonUIActions.enter: uiaction.CommonUIActions.enter is PASSED

2018-06-04 17:13:36 - [MESSAGE][PASSED] - projectSpecific.Reusability.getTestData is PASSED

2018-06-04 17:13:36 - [MESSAGE][PASSED] - uiaction.CommonUIActions.enter is PASSED

2018-06-04 17:13:36 - [TEST_STEP][PASSED] - uiaction.CommonUIActions.enter: uiaction.CommonUIActions.enter is PASSED

2018-06-04 17:13:37 - [MESSAGE][PASSED] - projectSpecific.Reusability.getTestData is PASSED

2018-06-04 17:13:37 - [MESSAGE][PASSED] - uiaction.CommonUIActions.enter is PASSED

2018-06-04 17:13:37 - [TEST_STEP][PASSED] - delay: Delayed 10 second(s)

2018-06-04 17:13:47 - [MESSAGE][PASSED] - Delayed 10 second(s)

2018-06-04 17:13:47 - [TEST_STEP][PASSED] - Statement - groupmain = CustomKeywords.projectSpecific.Reusability.getTestData("ReportingGroupManagementPage", "Summarygrp"): projectSpecific.Reusability.getTestData is PASSED

2018-06-04 17:13:47 - [MESSAGE][PASSED] - projectSpecific.Reusability.getTestData is PASSED

2018-06-04 17:13:47 - [TEST_STEP][PASSED] - Statement - driver = com.kms.katalon.core.webui.driver.DriverFactory.getWebDriver(): null

2018-06-04 17:13:47 - [TEST_STEP][PASSED] - Statement - grouplist = driver.findElements(org.openqa.selenium.By.xpath("//ul[@class='unlinked-grouplist']/li")): null

2018-06-04 17:13:47 - [TEST_STEP][PASSED] - delay: Delayed 10 second(s)

2018-06-04 17:13:57 - [MESSAGE][PASSED] - Delayed 10 second(s)

2018-06-04 17:13:57 - [TEST_STEP][PASSED] - Statement - For ([i = 0, i < 50, (i++)]): null

2018-06-04 17:13:57 - [TEST_STEP][PASSED] - Statement - println(grouplist.get(i).getText()): null

2018-06-04 17:13:57 - [TEST_STEP][PASSED] - Statement - If (grouplist.get(i).getText().contains("0000")): null

2018-06-04 17:13:57 - [TEST_STEP][PASSED] - Statement - println(grouplist.get(i).getText()): null

2018-06-04 17:13:57 - [TEST_STEP][PASSED] - Statement - If (grouplist.get(i).getText().contains("0000")): null

2018-06-04 17:13:57 - [TEST_STEP][PASSED] - Statement - println(grouplist.get(i).getText()): null

2018-06-04 17:13:57 - [TEST_STEP][PASSED] - Statement - If (grouplist.get(i).getText().contains("0000")): null

2018-06-04 17:13:57 - [TEST_STEP][PASSED] - Statement - println(grouplist.get(i).getText()): null

2018-06-04 17:13:57 - [TEST_STEP][PASSED] - Statement - If (grouplist.get(i).getText().contains("0000")): null

2018-06-04 17:13:57 - [TEST_STEP][PASSED] - Statement - println(grouplist.get(i).getText()): null

2018-06-04 17:13:57 - [TEST_STEP][PASSED] - Statement - If (grouplist.get(i).getText().contains("0000")): null

2018-06-04 17:13:57 - [TEST_STEP][PASSED] - Statement - println(grouplist.get(i).getText()): null

2018-06-04 17:13:57 - [TEST_STEP][PASSED] - Statement - If (grouplist.get(i).getText().contains("0000")): null

2018-06-04 17:13:57 - [TEST_STEP][PASSED] - Statement - println(grouplist.get(i).getText()): null

2018-06-04 17:13:57 - [TEST_STEP][PASSED] - Statement - If (grouplist.get(i).getText().contains("0000")): null

2018-06-04 17:13:57 - [TEST_STEP][PASSED] - Statement - println(grouplist.get(i).getText()): null

2018-06-04 17:13:57 - [TEST_STEP][PASSED] - Statement - If (grouplist.get(i).getText().contains("0000")): null

2018-06-04 17:13:57 - [TEST_STEP][PASSED] - Statement - println(grouplist.get(i).getText()): null

2018-06-04 17:13:57 - [TEST_STEP][PASSED] - Statement - If (grouplist.get(i).getText().contains("0000")): null

2018-06-04 17:13:57 - [TEST_STEP][PASSED] - Statement - println(grouplist.get(i).getText()): null

2018-06-04 17:13:57 - [TEST_STEP][PASSED] - Statement - If (grouplist.get(i).getText().contains("0000")): null

2018-06-04 17:13:57 - [TEST_STEP][PASSED] - Statement - println(grouplist.get(i).getText()): null

2018-06-04 17:13:57 - [TEST_STEP][PASSED] - Statement - If (grouplist.get(i).getText().contains("0000")): null

2018-06-04 17:13:57 - [TEST_STEP][PASSED] - Statement - println(grouplist.get(i).getText()): null

2018-06-04 17:13:57 - [TEST_STEP][PASSED] - Statement - If (grouplist.get(i).getText().contains("0000")): null

2018-06-04 17:13:57 - [TEST_STEP][PASSED] - Statement - driver.findElement(org.openqa.selenium.By.xpath("(//ul[@class='unlinked-grouplist']/li/label)[" + i + 1 + "]")).click(): null

2018-06-04 17:13:57 - [TEST_STEP][PASSED] - Statement - println(grouplist.get(i).getText()): null

2018-06-04 17:13:57 - [TEST_STEP][PASSED] - Statement - If (grouplist.get(i).getText().contains("0000")): null

2018-06-04 17:13:57 - [TEST_STEP][PASSED] - Statement - driver.findElement(org.openqa.selenium.By.xpath("(//ul[@class='unlinked-grouplist']/li/label)[" + i + 1 + "]")).click(): null

2018-06-04 17:13:57 - [TEST_STEP][PASSED] - Statement - println(grouplist.get(i).getText()): null

2018-06-04 17:13:57 - [TEST_STEP][PASSED] - Statement - If (grouplist.get(i).getText().contains("0000")): null

2018-06-04 17:13:57 - [TEST_STEP][PASSED] - Statement - driver.findElement(org.openqa.selenium.By.xpath("(//ul[@class='unlinked-grouplist']/li/label)[" + i + 1 + "]")).click(): null

2018-06-04 17:13:57 - [TEST_STEP][PASSED] - Statement - println(grouplist.get(i).getText()): null

2018-06-04 17:13:57 - [TEST_STEP][PASSED] - Statement - If (grouplist.get(i).getText().contains("0000")): null

2018-06-04 17:13:57 - [TEST_STEP][PASSED] - Statement - driver.findElement(org.openqa.selenium.By.xpath("(//ul[@class='unlinked-grouplist']/li/label)[" + i + 1 + "]")).click(): null

2018-06-04 17:13:58 - [TEST_STEP][PASSED] - Statement - println(grouplist.get(i).getText()): null

2018-06-04 17:13:58 - [TEST_STEP][PASSED] - Statement - If (grouplist.get(i).getText().contains("0000")): null

2018-06-04 17:13:58 - [TEST_STEP][PASSED] - Statement - driver.findElement(org.openqa.selenium.By.xpath("(//ul[@class='unlinked-grouplist']/li/label)[" + i + 1 + "]")).click(): null

2018-06-04 17:13:58 - [TEST_STEP][PASSED] - Statement - println(grouplist.get(i).getText()): null

2018-06-04 17:13:58 - [TEST_STEP][PASSED] - Statement - If (grouplist.get(i).getText().contains("0000")): null

2018-06-04 17:13:58 - [TEST_STEP][PASSED] - Statement - driver.findElement(org.openqa.selenium.By.xpath("(//ul[@class='unlinked-grouplist']/li/label)[" + i + 1 + "]")).click(): null

2018-06-04 17:13:58 - [TEST_STEP][PASSED] - Statement - println(grouplist.get(i).getText()): null

2018-06-04 17:13:58 - [TEST_STEP][PASSED] - Statement - If (grouplist.get(i).getText().contains("0000")): null

2018-06-04 17:13:58 - [TEST_STEP][PASSED] - Statement - driver.findElement(org.openqa.selenium.By.xpath("(//ul[@class='unlinked-grouplist']/li/label)[" + i + 1 + "]")).click(): null

2018-06-04 17:13:58 - [TEST_STEP][PASSED] - Statement - println(grouplist.get(i).getText()): null

2018-06-04 17:13:58 - [TEST_STEP][PASSED] - Statement - If (grouplist.get(i).getText().contains("0000")): null

2018-06-04 17:13:58 - [TEST_STEP][PASSED] - Statement - driver.findElement(org.openqa.selenium.By.xpath("(//ul[@class='unlinked-grouplist']/li/label)[" + i + 1 + "]")).click(): null

2018-06-04 17:13:58 - [TEST_STEP][PASSED] - Statement - println(grouplist.get(i).getText()): null

2018-06-04 17:13:58 - [TEST_STEP][PASSED] - Statement - If (grouplist.get(i).getText().contains("0000")): null

2018-06-04 17:13:58 - [TEST_STEP][PASSED] - Statement - driver.findElement(org.openqa.selenium.By.xpath("(//ul[@class='unlinked-grouplist']/li/label)[" + i + 1 + "]")).click(): null

2018-06-04 17:13:58 - [TEST_STEP][PASSED] - Statement - println(grouplist.get(i).getText()): null

2018-06-04 17:13:58 - [TEST_STEP][PASSED] - Statement - If (grouplist.get(i).getText().contains("0000")): null

2018-06-04 17:13:58 - [TEST_STEP][PASSED] - Statement - driver.findElement(org.openqa.selenium.By.xpath("(//ul[@class='unlinked-grouplist']/li/label)[" + i + 1 + "]")).click(): null

2018-06-04 17:13:58 - [TEST_STEP][PASSED] - Statement - println(grouplist.get(i).getText()): null

2018-06-04 17:13:58 - [TEST_STEP][PASSED] - Statement - If (grouplist.get(i).getText().contains("0000")): null

2018-06-04 17:13:58 - [TEST_STEP][PASSED] - Statement - driver.findElement(org.openqa.selenium.By.xpath("(//ul[@class='unlinked-grouplist']/li/label)[" + i + 1 + "]")).click(): null

2018-06-04 17:13:58 - [TEST_STEP][PASSED] - Statement - println(grouplist.get(i).getText()): null

2018-06-04 17:13:58 - [TEST_STEP][PASSED] - Statement - If (grouplist.get(i).getText().contains("0000")): null

2018-06-04 17:13:58 - [TEST_STEP][PASSED] - Statement - driver.findElement(org.openqa.selenium.By.xpath("(//ul[@class='unlinked-grouplist']/li/label)[" + i + 1 + "]")).click(): null

2018-06-04 17:13:58 - [TEST_STEP][PASSED] - Statement - println(grouplist.get(i).getText()): null

2018-06-04 17:13:58 - [TEST_STEP][PASSED] - Statement - If (grouplist.get(i).getText().contains("0000")): null

2018-06-04 17:13:58 - [TEST_STEP][PASSED] - Statement - driver.findElement(org.openqa.selenium.By.xpath("(//ul[@class='unlinked-grouplist']/li/label)[" + i + 1 + "]")).click(): null

2018-06-04 17:13:58 - [TEST_STEP][PASSED] - Statement - println(grouplist.get(i).getText()): null

2018-06-04 17:13:58 - [TEST_STEP][PASSED] - Statement - If (grouplist.get(i).getText().contains("0000")): null

2018-06-04 17:13:58 - [TEST_STEP][PASSED] - Statement - driver.findElement(org.openqa.selenium.By.xpath("(//ul[@class='unlinked-grouplist']/li/label)[" + i + 1 + "]")).click(): null

2018-06-04 17:13:58 - [TEST_STEP][PASSED] - Statement - println(grouplist.get(i).getText()): null

2018-06-04 17:13:58 - [TEST_STEP][PASSED] - Statement - If (grouplist.get(i).getText().contains("0000")): null

2018-06-04 17:13:58 - [TEST_STEP][PASSED] - Statement - driver.findElement(org.openqa.selenium.By.xpath("(//ul[@class='unlinked-grouplist']/li/label)[" + i + 1 + "]")).click(): null

2018-06-04 17:13:59 - [TEST_STEP][PASSED] - Statement - println(grouplist.get(i).getText()): null

2018-06-04 17:13:59 - [TEST_STEP][PASSED] - Statement - If (grouplist.get(i).getText().contains("0000")): null

2018-06-04 17:13:59 - [TEST_STEP][PASSED] - Statement - driver.findElement(org.openqa.selenium.By.xpath("(//ul[@class='unlinked-grouplist']/li/label)[" + i + 1 + "]")).click(): null

2018-06-04 17:13:59 - [TEST_STEP][PASSED] - Statement - println(grouplist.get(i).getText()): null

2018-06-04 17:13:59 - [TEST_STEP][PASSED] - Statement - If (grouplist.get(i).getText().contains("0000")): null

2018-06-04 17:13:59 - [TEST_STEP][PASSED] - Statement - driver.findElement(org.openqa.selenium.By.xpath("(//ul[@class='unlinked-grouplist']/li/label)[" + i + 1 + "]")).click(): null

2018-06-04 17:13:59 - [TEST_STEP][PASSED] - Statement - println(grouplist.get(i).getText()): null

2018-06-04 17:13:59 - [TEST_STEP][PASSED] - Statement - If (grouplist.get(i).getText().contains("0000")): null

2018-06-04 17:13:59 - [TEST_STEP][PASSED] - Statement - driver.findElement(org.openqa.selenium.By.xpath("(//ul[@class='unlinked-grouplist']/li/label)[" + i + 1 + "]")).click(): null

2018-06-04 17:13:59 - [TEST_STEP][PASSED] - Statement - println(grouplist.get(i).getText()): null

2018-06-04 17:13:59 - [TEST_STEP][PASSED] - Statement - If (grouplist.get(i).getText().contains("0000")): null

2018-06-04 17:13:59 - [TEST_STEP][PASSED] - Statement - driver.findElement(org.openqa.selenium.By.xpath("(//ul[@class='unlinked-grouplist']/li/label)[" + i + 1 + "]")).click(): null

2018-06-04 17:13:59 - [TEST_STEP][PASSED] - Statement - println(grouplist.get(i).getText()): null

2018-06-04 17:13:59 - [TEST_STEP][PASSED] - Statement - If (grouplist.get(i).getText().contains("0000")): null

2018-06-04 17:13:59 - [TEST_STEP][PASSED] - Statement - driver.findElement(org.openqa.selenium.By.xpath("(//ul[@class='unlinked-grouplist']/li/label)[" + i + 1 + "]")).click(): null

2018-06-04 17:13:59 - [TEST_STEP][PASSED] - Statement - println(grouplist.get(i).getText()): null

2018-06-04 17:13:59 - [TEST_STEP][PASSED] - Statement - If (grouplist.get(i).getText().contains("0000")): null

2018-06-04 17:13:59 - [TEST_STEP][PASSED] - Statement - driver.findElement(org.openqa.selenium.By.xpath("(//ul[@class='unlinked-grouplist']/li/label)[" + i + 1 + "]")).click(): null

2018-06-04 17:13:59 - [TEST_STEP][PASSED] - Statement - println(grouplist.get(i).getText()): null

2018-06-04 17:13:59 - [TEST_STEP][PASSED] - Statement - If (grouplist.get(i).getText().contains("0000")): null

2018-06-04 17:13:59 - [TEST_STEP][PASSED] - Statement - driver.findElement(org.openqa.selenium.By.xpath("(//ul[@class='unlinked-grouplist']/li/label)[" + i + 1 + "]")).click(): null

2018-06-04 17:13:59 - [TEST_STEP][PASSED] - Statement - println(grouplist.get(i).getText()): null

2018-06-04 17:13:59 - [TEST_STEP][PASSED] - Statement - If (grouplist.get(i).getText().contains("0000")): null

2018-06-04 17:13:59 - [TEST_STEP][PASSED] - Statement - driver.findElement(org.openqa.selenium.By.xpath("(//ul[@class='unlinked-grouplist']/li/label)[" + i + 1 + "]")).click(): null

2018-06-04 17:13:59 - [TEST_STEP][PASSED] - Statement - println(grouplist.get(i).getText()): null

2018-06-04 17:13:59 - [TEST_STEP][PASSED] - Statement - If (grouplist.get(i).getText().contains("0000")): null

2018-06-04 17:13:59 - [TEST_STEP][PASSED] - Statement - driver.findElement(org.openqa.selenium.By.xpath("(//ul[@class='unlinked-grouplist']/li/label)[" + i + 1 + "]")).click(): null

2018-06-04 17:13:59 - [TEST_STEP][PASSED] - Statement - println(grouplist.get(i).getText()): null

2018-06-04 17:13:59 - [TEST_STEP][PASSED] - Statement - If (grouplist.get(i).getText().contains("0000")): null

2018-06-04 17:13:59 - [TEST_STEP][PASSED] - Statement - driver.findElement(org.openqa.selenium.By.xpath("(//ul[@class='unlinked-grouplist']/li/label)[" + i + 1 + "]")).click(): null

2018-06-04 17:14:00 - [TEST_STEP][PASSED] - Statement - println(grouplist.get(i).getText()): null

2018-06-04 17:14:00 - [TEST_STEP][PASSED] - Statement - If (grouplist.get(i).getText().contains("0000")): null

2018-06-04 17:14:00 - [TEST_STEP][PASSED] - Statement - driver.findElement(org.openqa.selenium.By.xpath("(//ul[@class='unlinked-grouplist']/li/label)[" + i + 1 + "]")).click(): null

2018-06-04 17:14:00 - [TEST_STEP][PASSED] - Statement - println(grouplist.get(i).getText()): null

2018-06-04 17:14:00 - [TEST_STEP][PASSED] - Statement - If (grouplist.get(i).getText().contains("0000")): null

2018-06-04 17:14:00 - [TEST_STEP][PASSED] - Statement - driver.findElement(org.openqa.selenium.By.xpath("(//ul[@class='unlinked-grouplist']/li/label)[" + i + 1 + "]")).click(): null

2018-06-04 17:14:00 - [TEST_STEP][PASSED] - Statement - println(grouplist.get(i).getText()): null

2018-06-04 17:14:00 - [TEST_STEP][PASSED] - Statement - If (grouplist.get(i).getText().contains("0000")): null

2018-06-04 17:14:00 - [TEST_STEP][PASSED] - Statement - driver.findElement(org.openqa.selenium.By.xpath("(//ul[@class='unlinked-grouplist']/li/label)[" + i + 1 + "]")).click(): null

2018-06-04 17:14:00 - [TEST_STEP][PASSED] - Statement - println(grouplist.get(i).getText()): null

2018-06-04 17:14:00 - [TEST_STEP][PASSED] - Statement - If (grouplist.get(i).getText().contains("0000")): null

2018-06-04 17:14:00 - [TEST_STEP][PASSED] - Statement - driver.findElement(org.openqa.selenium.By.xpath("(//ul[@class='unlinked-grouplist']/li/label)[" + i + 1 + "]")).click(): null

2018-06-04 17:14:00 - [TEST_STEP][PASSED] - Statement - println(grouplist.get(i).getText()): null

2018-06-04 17:14:00 - [TEST_STEP][PASSED] - Statement - If (grouplist.get(i).getText().contains("0000")): null

2018-06-04 17:14:00 - [TEST_STEP][PASSED] - Statement - driver.findElement(org.openqa.selenium.By.xpath("(//ul[@class='unlinked-grouplist']/li/label)[" + i + 1 + "]")).click(): null

2018-06-04 17:14:00 - [TEST_STEP][PASSED] - Statement - println(grouplist.get(i).getText()): null

2018-06-04 17:14:00 - [TEST_STEP][PASSED] - Statement - If (grouplist.get(i).getText().contains("0000")): null

2018-06-04 17:14:00 - [TEST_STEP][PASSED] - Statement - driver.findElement(org.openqa.selenium.By.xpath("(//ul[@class='unlinked-grouplist']/li/label)[" + i + 1 + "]")).click(): null

2018-06-04 17:14:00 - [TEST_STEP][PASSED] - Statement - println(grouplist.get(i).getText()): null

2018-06-04 17:14:00 - [TEST_STEP][PASSED] - Statement - If (grouplist.get(i).getText().contains("0000")): null

2018-06-04 17:14:00 - [TEST_STEP][PASSED] - Statement - driver.findElement(org.openqa.selenium.By.xpath("(//ul[@class='unlinked-grouplist']/li/label)[" + i + 1 + "]")).click(): null

2018-06-04 17:14:00 - [TEST_STEP][PASSED] - Statement - println(grouplist.get(i).getText()): null

2018-06-04 17:14:00 - [TEST_STEP][PASSED] - Statement - If (grouplist.get(i).getText().contains("0000")): null

2018-06-04 17:14:00 - [TEST_STEP][PASSED] - Statement - driver.findElement(org.openqa.selenium.By.xpath("(//ul[@class='unlinked-grouplist']/li/label)[" + i + 1 + "]")).click(): null

2018-06-04 17:14:00 - [TEST_STEP][PASSED] - Statement - println(grouplist.get(i).getText()): null

2018-06-04 17:14:00 - [TEST_STEP][PASSED] - Statement - If (grouplist.get(i).getText().contains("0000")): null

2018-06-04 17:14:00 - [TEST_STEP][PASSED] - Statement - driver.findElement(org.openqa.selenium.By.xpath("(//ul[@class='unlinked-grouplist']/li/label)[" + i + 1 + "]")).click(): null

2018-06-04 17:14:00 - [TEST_STEP][PASSED] - Statement - println(grouplist.get(i).getText()): null

2018-06-04 17:14:00 - [TEST_STEP][PASSED] - Statement - If (grouplist.get(i).getText().contains("0000")): null

2018-06-04 17:14:00 - [TEST_STEP][PASSED] - Statement - driver.findElement(org.openqa.selenium.By.xpath("(//ul[@class='unlinked-grouplist']/li/label)[" + i + 1 + "]")).click(): null

2018-06-04 17:14:00 - [TEST_STEP][PASSED] - Statement - println(grouplist.get(i).getText()): null

2018-06-04 17:14:00 - [TEST_STEP][PASSED] - Statement - If (grouplist.get(i).getText().contains("0000")): null

2018-06-04 17:14:00 - [TEST_STEP][PASSED] - Statement - driver.findElement(org.openqa.selenium.By.xpath("(//ul[@class='unlinked-grouplist']/li/label)[" + i + 1 + "]")).click(): null

2018-06-04 17:14:01 - [TEST_STEP][PASSED] - Statement - println(grouplist.get(i).getText()): null

2018-06-04 17:14:01 - [TEST_STEP][PASSED] - Statement - If (grouplist.get(i).getText().contains("0000")): null

2018-06-04 17:14:01 - [TEST_STEP][PASSED] - Statement - driver.findElement(org.openqa.selenium.By.xpath("(//ul[@class='unlinked-grouplist']/li/label)[" + i + 1 + "]")).click(): null

2018-06-04 17:14:01 - [TEST_STEP][PASSED] - Statement - println(grouplist.get(i).getText()): null

2018-06-04 17:14:01 - [TEST_STEP][PASSED] - Statement - If (grouplist.get(i).getText().contains("0000")): null

2018-06-04 17:14:01 - [TEST_STEP][PASSED] - Statement - driver.findElement(org.openqa.selenium.By.xpath("(//ul[@class='unlinked-grouplist']/li/label)[" + i + 1 + "]")).click(): null

2018-06-04 17:14:01 - [TEST_STEP][PASSED] - Statement - println(grouplist.get(i).getText()): null

2018-06-04 17:14:01 - [TEST_STEP][PASSED] - Statement - If (grouplist.get(i).getText().contains("0000")): null

2018-06-04 17:14:01 - [TEST_STEP][PASSED] - Statement - driver.findElement(org.openqa.selenium.By.xpath("(//ul[@class='unlinked-grouplist']/li/label)[" + i + 1 + "]")).click(): null

2018-06-04 17:14:01 - [TEST_STEP][PASSED] - Statement - driver.findElement(org.openqa.selenium.By.xpath("//button[contains(text(),'>')]")).click(): null

2018-06-04 17:14:01 - [TEST_STEP][PASSED] - delay: Delayed 10 second(s)

2018-06-04 17:14:11 - [MESSAGE][PASSED] - Delayed 10 second(s)

2018-06-04 17:14:11 - [TEST_STEP][PASSED] - uiaction.CommonUIActions.click: uiaction.CommonUIActions.click is PASSED

2018-06-04 17:14:11 - [MESSAGE][PASSED] - uiaction.CommonUIActions.click is PASSED

2018-06-04 17:14:11 - [TEST_STEP][PASSED] - uiaction.CommonUIActions.click: uiaction.CommonUIActions.click is PASSED

2018-06-04 17:14:11 - [MESSAGE][PASSED] - uiaction.CommonUIActions.click is PASSED

2018-06-04 17:14:11 - [TEST_STEP][PASSED] - delay: Delayed 10 second(s)

2018-06-04 17:14:21 - [MESSAGE][PASSED] - Delayed 10 second(s)

2018-06-04 17:14:21 - [TEST_STEP][PASSED] - uiaction.CommonUIActions.click: uiaction.CommonUIActions.click is PASSED

2018-06-04 17:14:21 - [MESSAGE][PASSED] - uiaction.CommonUIActions.click is PASSED

2018-06-04 17:14:21 - [TEST_STEP][PASSED] - delay: Delayed 10 second(s)

2018-06-04 17:14:31 - [MESSAGE][PASSED] - Delayed 10 second(s)

2018-06-04 17:14:31 - [TEST_STEP][PASSED] - Statement - driver.findElement(org.openqa.selenium.By.xpath("//span[contains(text(),'" + groupmain + "')]/../../../../span[2]")).click(): null

2018-06-04 17:14:31 - [TEST_STEP][PASSED] - Statement - timemeasureoptions = driver.findElements(org.openqa.selenium.By.xpath("//select[@class='time-measures']/option")): null

2018-06-04 17:14:31 - [TEST_STEP][PASSED] - Statement - count = 0: null

2018-06-04 17:14:31 - [TEST_STEP][PASSED] - Statement - For ([i = 0, i < timemeasureoptions.size(), (i++)]): null

2018-06-04 17:14:31 - [TEST_STEP][PASSED] - Statement - println(timemeasureoptions.get(i).getText()): null

2018-06-04 17:14:31 - [TEST_STEP][PASSED] - Statement - If (timemeasureoptions.get(i).getText() == "Daypart"): null

2018-06-04 17:14:31 - [TEST_STEP][PASSED] - Statement - println(timemeasureoptions.get(i).getText()): null

2018-06-04 17:14:31 - [TEST_STEP][PASSED] - Statement - If (timemeasureoptions.get(i).getText() == "Daypart"): null

2018-06-04 17:14:31 - [TEST_STEP][PASSED] - Statement - timemeasureoptions[i].click(): null

2018-06-04 17:14:31 - [TEST_STEP][PASSED] - Statement - (count++): null

2018-06-04 17:14:31 - [TEST_STEP][PASSED] - Statement - Break: null

2018-06-04 17:14:31 - [TEST_STEP][PASSED] - Statement - If (count < 4): null

2018-06-04 17:14:31 - [TEST_STEP][PASSED] - Statement - out.println("Daypart option is selected"): null

2018-06-04 17:14:31 - [TEST_STEP][PASSED] - delay: Delayed 5 second(s)

2018-06-04 17:14:36 - [MESSAGE][PASSED] - Delayed 5 second(s)

2018-06-04 17:14:36 - [TEST_STEP][PASSED] - click: Object: 'Object Repository/ReportsPage/fromDateSelector' is clicked on

2018-06-04 17:14:37 - [MESSAGE][PASSED] - Object: 'Object Repository/ReportsPage/fromDateSelector' is clicked on

2018-06-04 17:14:37 - [TEST_STEP][PASSED] - delay: Delayed 5 second(s)

2018-06-04 17:14:42 - [MESSAGE][PASSED] - Delayed 5 second(s)

2018-06-04 17:14:42 - [TEST_STEP][PASSED] - Statement - monthText = com.kms.katalon.core.webui.keyword.WebUiBuiltInKeywords.getText(com.kms.katalon.core.testobject.ObjectRepository.findTestObject(ReportsPage/monthText)): Text of object 'Object Repository/ReportsPage/monthText' is: 'June 2018'

2018-06-04 17:14:42 - [MESSAGE][PASSED] - Text of object 'Object Repository/ReportsPage/monthText' is: 'June 2018'

2018-06-04 17:14:42 - [TEST_STEP][PASSED] - Statement - monthTextArray = monthText.split(" "): null

2018-06-04 17:14:42 - [TEST_STEP][PASSED] - Statement - month = monthTextArray[0]: null

2018-06-04 17:14:42 - [TEST_STEP][PASSED] - Statement - monthTextValue = CustomKeywords.projectSpecific.Reusability.getTestData("ReportsPage", "Month"): projectSpecific.Reusability.getTestData is PASSED

2018-06-04 17:14:42 - [MESSAGE][PASSED] - projectSpecific.Reusability.getTestData is PASSED

2018-06-04 17:14:42 - [TEST_STEP][PASSED] - Statement - If (!(monthTextValue.equals(month))): null

2018-06-04 17:14:42 - [TEST_STEP][PASSED] - Statement - While (!(monthTextValue.equals(month))): null

2018-06-04 17:14:42 - [TEST_STEP][PASSED] - click: Object: 'Object Repository/ReportsPage/previousDateSelector' is clicked on

2018-06-04 17:14:42 - [MESSAGE][PASSED] - Object: 'Object Repository/ReportsPage/previousDateSelector' is clicked on

2018-06-04 17:14:42 - [TEST_STEP][PASSED] - Statement - monthText = com.kms.katalon.core.webui.keyword.WebUiBuiltInKeywords.getText(com.kms.katalon.core.testobject.ObjectRepository.findTestObject(ReportsPage/monthText)): Text of object 'Object Repository/ReportsPage/monthText' is: 'May 2018'

2018-06-04 17:14:42 - [MESSAGE][PASSED] - Text of object 'Object Repository/ReportsPage/monthText' is: 'May 2018'

2018-06-04 17:14:42 - [TEST_STEP][PASSED] - Statement - monthTextArray = monthText.split(" "): null

2018-06-04 17:14:42 - [TEST_STEP][PASSED] - Statement - month = monthTextArray[0]: null

2018-06-04 17:14:42 - [TEST_STEP][PASSED] - click: Object: 'Object Repository/ReportsPage/previousDateSelector' is clicked on

2018-06-04 17:14:42 - [MESSAGE][PASSED] - Object: 'Object Repository/ReportsPage/previousDateSelector' is clicked on

2018-06-04 17:14:42 - [TEST_STEP][PASSED] - Statement - monthText = com.kms.katalon.core.webui.keyword.WebUiBuiltInKeywords.getText(com.kms.katalon.core.testobject.ObjectRepository.findTestObject(ReportsPage/monthText)): Text of object 'Object Repository/ReportsPage/monthText' is: 'April 2018'

2018-06-04 17:14:42 - [MESSAGE][PASSED] - Text of object 'Object Repository/ReportsPage/monthText' is: 'April 2018'

2018-06-04 17:14:42 - [TEST_STEP][PASSED] - Statement - monthTextArray = monthText.split(" "): null

2018-06-04 17:14:42 - [TEST_STEP][PASSED] - Statement - month = monthTextArray[0]: null

2018-06-04 17:14:42 - [TEST_STEP][PASSED] - click: Object: 'Object Repository/ReportsPage/previousDateSelector' is clicked on

2018-06-04 17:14:42 - [MESSAGE][PASSED] - Object: 'Object Repository/ReportsPage/previousDateSelector' is clicked on

2018-06-04 17:14:42 - [TEST_STEP][PASSED] - Statement - monthText = com.kms.katalon.core.webui.keyword.WebUiBuiltInKeywords.getText(com.kms.katalon.core.testobject.ObjectRepository.findTestObject(ReportsPage/monthText)): Text of object 'Object Repository/ReportsPage/monthText' is: 'March 2018'

2018-06-04 17:14:42 - [MESSAGE][PASSED] - Text of object 'Object Repository/ReportsPage/monthText' is: 'March 2018'

2018-06-04 17:14:42 - [TEST_STEP][PASSED] - Statement - monthTextArray = monthText.split(" "): null

2018-06-04 17:14:42 - [TEST_STEP][PASSED] - Statement - month = monthTextArray[0]: null

2018-06-04 17:14:42 - [TEST_STEP][PASSED] - Statement - data = CustomKeywords.projectSpecific.Reusability.getTestData("ReportsPage", "StartDate"): projectSpecific.Reusability.getTestData is PASSED

2018-06-04 17:14:42 - [MESSAGE][PASSED] - projectSpecific.Reusability.getTestData is PASSED

2018-06-04 17:14:42 - [TEST_STEP][PASSED] - Statement - startDate = "(//td[text()='" + data + "'])[1]": null

2018-06-04 17:14:42 - [TEST_STEP][PASSED] - Statement - println(startDate): null

2018-06-04 17:14:42 - [TEST_STEP][PASSED] - Statement - startdateEle = driver.findElement(org.openqa.selenium.By.xpath(startDate)): null

2018-06-04 17:14:42 - [TEST_STEP][PASSED] - Statement - startdateEle.click(): null

2018-06-04 17:14:42 - [TEST_STEP][PASSED] - delay: Delayed 5 second(s)

2018-06-04 17:14:47 - [MESSAGE][PASSED] - Delayed 5 second(s)

2018-06-04 17:14:47 - [TEST_STEP][PASSED] - click: Object: 'Object Repository/ReportsPage/toDateSelector' is clicked on

2018-06-04 17:14:47 - [MESSAGE][PASSED] - Object: 'Object Repository/ReportsPage/toDateSelector' is clicked on

2018-06-04 17:14:47 - [TEST_STEP][PASSED] - Statement - monthText = com.kms.katalon.core.webui.keyword.WebUiBuiltInKeywords.getText(com.kms.katalon.core.testobject.ObjectRepository.findTestObject(ReportsPage/monthText2)): Text of object 'Object Repository/ReportsPage/monthText2' is: 'June 2018'

2018-06-04 17:14:47 - [MESSAGE][PASSED] - Text of object 'Object Repository/ReportsPage/monthText2' is: 'June 2018'

2018-06-04 17:14:47 - [TEST_STEP][PASSED] - Statement - monthTextArray = monthText.split(" "): null

2018-06-04 17:14:47 - [TEST_STEP][PASSED] - Statement - month = monthTextArray[0]: null

2018-06-04 17:14:47 - [TEST_STEP][PASSED] - Statement - If (!(monthTextValue.equals(month))): null

2018-06-04 17:14:47 - [TEST_STEP][PASSED] - Statement - While (!(monthTextValue.equals(month))): null

2018-06-04 17:14:47 - [TEST_STEP][PASSED] - click: Object: 'Object Repository/ReportsPage/previousDateSelector2' is clicked on

2018-06-04 17:14:47 - [MESSAGE][PASSED] - Object: 'Object Repository/ReportsPage/previousDateSelector2' is clicked on

2018-06-04 17:14:47 - [TEST_STEP][PASSED] - Statement - monthText = com.kms.katalon.core.webui.keyword.WebUiBuiltInKeywords.getText(com.kms.katalon.core.testobject.ObjectRepository.findTestObject(ReportsPage/monthText2)): Text of object 'Object Repository/ReportsPage/monthText2' is: 'May 2018'

2018-06-04 17:14:47 - [MESSAGE][PASSED] - Text of object 'Object Repository/ReportsPage/monthText2' is: 'May 2018'

2018-06-04 17:14:47 - [TEST_STEP][PASSED] - Statement - monthTextArray = monthText.split(" "): null

2018-06-04 17:14:47 - [TEST_STEP][PASSED] - Statement - month = monthTextArray[0]: null

2018-06-04 17:14:47 - [TEST_STEP][PASSED] - click: Object: 'Object Repository/ReportsPage/previousDateSelector2' is clicked on

2018-06-04 17:14:47 - [MESSAGE][PASSED] - Object: 'Object Repository/ReportsPage/previousDateSelector2' is clicked on

2018-06-04 17:14:47 - [TEST_STEP][PASSED] - Statement - monthText = com.kms.katalon.core.webui.keyword.WebUiBuiltInKeywords.getText(com.kms.katalon.core.testobject.ObjectRepository.findTestObject(ReportsPage/monthText2)): Text of object 'Object Repository/ReportsPage/monthText2' is: 'April 2018'

2018-06-04 17:14:47 - [MESSAGE][PASSED] - Text of object 'Object Repository/ReportsPage/monthText2' is: 'April 2018'

2018-06-04 17:14:47 - [TEST_STEP][PASSED] - Statement - monthTextArray = monthText.split(" "): null

2018-06-04 17:14:47 - [TEST_STEP][PASSED] - Statement - month = monthTextArray[0]: null

2018-06-04 17:14:47 - [TEST_STEP][PASSED] - click: Object: 'Object Repository/ReportsPage/previousDateSelector2' is clicked on

2018-06-04 17:14:47 - [MESSAGE][PASSED] - Object: 'Object Repository/ReportsPage/previousDateSelector2' is clicked on

2018-06-04 17:14:47 - [TEST_STEP][PASSED] - Statement - monthText = com.kms.katalon.core.webui.keyword.WebUiBuiltInKeywords.getText(com.kms.katalon.core.testobject.ObjectRepository.findTestObject(ReportsPage/monthText2)): Text of object 'Object Repository/ReportsPage/monthText2' is: 'March 2018'

2018-06-04 17:14:47 - [MESSAGE][PASSED] - Text of object 'Object Repository/ReportsPage/monthText2' is: 'March 2018'

2018-06-04 17:14:47 - [TEST_STEP][PASSED] - Statement - monthTextArray = monthText.split(" "): null

2018-06-04 17:14:47 - [TEST_STEP][PASSED] - Statement - month = monthTextArray[0]: null

2018-06-04 17:14:47 - [TEST_STEP][PASSED] - Statement - endDate = CustomKeywords.projectSpecific.Reusability.getTestData("ReportsPage", "StartDate"): projectSpecific.Reusability.getTestData is PASSED

2018-06-04 17:14:47 - [MESSAGE][PASSED] - projectSpecific.Reusability.getTestData is PASSED

2018-06-04 17:14:47 - [TEST_STEP][PASSED] - Statement - toDate = "(//div[@class='rdtPicker']/div/table/tbody/tr/td[text()='" + endDate + "'])[3]": null

2018-06-04 17:14:47 - [TEST_STEP][PASSED] - Statement - toDateEle = driver.findElement(org.openqa.selenium.By.xpath(toDate)): null

2018-06-04 17:14:47 - [TEST_STEP][PASSED] - Statement - toDateEle.click(): null

2018-06-04 17:14:47 - [TEST_STEP][PASSED] - delay: Delayed 5 second(s)

2018-06-04 17:14:52 - [MESSAGE][PASSED] - Delayed 5 second(s)

2018-06-04 17:14:52 - [TEST_STEP][PASSED] - Statement - dateAttr = com.kms.katalon.core.webui.keyword.WebUiBuiltInKeywords.getAttribute(com.kms.katalon.core.testobject.ObjectRepository.findTestObject(ReportsPage/selectedDate1), "value"): Attribute 'value' of object 'Object Repository/ReportsPage/selectedDate1' is: '03/01/2018'

2018-06-04 17:14:52 - [MESSAGE][PASSED] - Attribute 'value' of object 'Object Repository/ReportsPage/selectedDate1' is: '03/01/2018'

2018-06-04 17:14:52 - [TEST_STEP][PASSED] - Statement - fromDateValue = CustomKeywords.projectSpecific.Reusability.getTestData("ReportsPage", "fromDate"): projectSpecific.Reusability.getTestData is PASSED

2018-06-04 17:14:53 - [MESSAGE][PASSED] - projectSpecific.Reusability.getTestData is PASSED

2018-06-04 17:14:53 - [TEST_STEP][PASSED] - Statement - If (!(dateAttr.equals(fromDateValue))): null

2018-06-04 17:14:53 - [TEST_STEP][PASSED] - Statement - dateAttr = com.kms.katalon.core.webui.keyword.WebUiBuiltInKeywords.getAttribute(com.kms.katalon.core.testobject.ObjectRepository.findTestObject(ReportsPage/selectedDate2), "value"): Attribute 'value' of object 'Object Repository/ReportsPage/selectedDate2' is: '03/01/2018'

2018-06-04 17:14:53 - [MESSAGE][PASSED] - Attribute 'value' of object 'Object Repository/ReportsPage/selectedDate2' is: '03/01/2018'

2018-06-04 17:14:53 - [TEST_STEP][PASSED] - Statement - toDateValue = CustomKeywords.projectSpecific.Reusability.getTestData("ReportsPage", "fromDate"): projectSpecific.Reusability.getTestData is PASSED

2018-06-04 17:14:53 - [MESSAGE][PASSED] - projectSpecific.Reusability.getTestData is PASSED

2018-06-04 17:14:53 - [TEST_STEP][PASSED] - Statement - If (!(dateAttr.equals(toDateValue))): null

2018-06-04 17:14:53 - [TEST_STEP][PASSED] - click: Object: 'Object Repository/ReportsPage/generateReport' is clicked on

2018-06-04 17:14:53 - [MESSAGE][PASSED] - Object: 'Object Repository/ReportsPage/generateReport' is clicked on

2018-06-04 17:14:53 - [TEST_STEP][PASSED] - delay: Delayed 10 second(s)

2018-06-04 17:15:03 - [MESSAGE][PASSED] - Delayed 10 second(s)

2018-06-04 17:15:03 - [TEST_STEP][PASSED] - verifyElementPresent: Object 'Object Repository/SummarizedReportPage/summaryReport' is present

2018-06-04 17:15:03 - [MESSAGE][PASSED] - Object 'Object Repository/SummarizedReportPage/summaryReport' is present

2018-06-04 17:15:03 - [TEST_STEP][PASSED] - Statement - startTime = CustomKeywords.projectSpecific.Reusability.getTestData("SummarizedReportPage", "reportstartTime"): projectSpecific.Reusability.getTestData is PASSED

2018-06-04 17:15:03 - [MESSAGE][PASSED] - projectSpecific.Reusability.getTestData is PASSED

2018-06-04 17:15:03 - [TEST_STEP][PASSED] - verifyElementText: Actual text and expected text of test object 'Object Repository/SummarizedReportPage/report_starttime' are matched.

2018-06-04 17:15:03 - [MESSAGE][PASSED] - Actual text and expected text of test object 'Object Repository/SummarizedReportPage/report_starttime' are matched.

2018-06-04 17:15:03 - [TEST_STEP][PASSED] - Statement - dateFormat = new java.text.SimpleDateFormat(dd): null

2018-06-04 17:15:03 - [TEST_STEP][PASSED] - Statement - date = new java.util.Date(): null

2018-06-04 17:15:03 - [TEST_STEP][PASSED] - Statement - dateapp = dateFormat.format(date): null

2018-06-04 17:15:03 - [TEST_STEP][PASSED] - delay: Delayed 10 second(s)

2018-06-04 17:15:13 - [MESSAGE][PASSED] - Delayed 10 second(s)

2018-06-04 17:15:13 - [TEST_STEP][PASSED] - Statement - printtimefromreport = driver.findElement(org.openqa.selenium.By.xpath("//span[@class='report-print-time-value']")).getText(): null

2018-06-04 17:15:13 - [TEST_STEP][PASSED] - Statement - s1 = printtimefromreport.split(","): null

2018-06-04 17:15:13 - [TEST_STEP][PASSED] - Statement - s2 = s1[0].split(" "): null

2018-06-04 17:15:13 - [TEST_STEP][PASSED] - Statement - If (dateapp.contains(s2[1])): null

2018-06-04 17:15:13 - [TEST_STEP][PASSED] - Statement - println("Print time is displayed"): null

2018-06-04 17:15:13 - [TEST_STEP][PASSED] - verifyElementPresent: Object 'Object Repository/SummarizedReportPage/summary_avaragetimemin_sec' is present

2018-06-04 17:15:13 - [MESSAGE][PASSED] - Object 'Object Repository/SummarizedReportPage/summary_avaragetimemin_sec' is present

2018-06-04 17:15:13 - [TEST_STEP][PASSED] - uiaction.CommonUIActions.click: uiaction.CommonUIActions.click is PASSED

2018-06-04 17:15:13 - [MESSAGE][PASSED] - uiaction.CommonUIActions.click is PASSED

2018-06-04 17:15:13 - [TEST_STEP][PASSED] - delay: Delayed 15 second(s)

2018-06-04 17:15:28 - [MESSAGE][PASSED] - Delayed 15 second(s)

2018-06-04 17:15:28 - [TEST_STEP][PASSED] - Statement - daypart = CustomKeywords.projectSpecific.Reusability.getTestData("SummarizedReportPage", "daypart"): projectSpecific.Reusability.getTestData is PASSED

2018-06-04 17:15:28 - [MESSAGE][PASSED] - projectSpecific.Reusability.getTestData is PASSED

2018-06-04 17:15:28 - [TEST_STEP][PASSED] - Statement - daypart_report = driver.findElement(org.openqa.selenium.By.xpath("//span[@class='timeSpan show']")).getText(): null

2018-06-04 17:15:28 - [TEST_STEP][PASSED] - Statement - If (daypart_report.equals(daypart)): null

2018-06-04 17:15:28 - [TEST_STEP][PASSED] - Statement - println("Daypart is Column is displayed"): null

2018-06-04 17:15:28 - [TEST_STEP][PASSED] - Statement - daypartdispay = driver.findElement(org.openqa.selenium.By.xpath("(//table[@class='summaryreport-table']//tr[2]/th/span)[1]")).getText(): null

2018-06-04 17:15:28 - [TEST_STEP][PASSED] - Statement - If (daypartdispay.equals("Daypart")): null

2018-06-04 17:15:28 - [TEST_STEP][PASSED] - Statement - println("Daypart Report is displayed"): null

2018-06-04 17:15:28 - [TEST_STEP][PASSED] - uiaction.CommonUIActions.click: uiaction.CommonUIActions.click is PASSED

2018-06-04 17:15:28 - [MESSAGE][PASSED] - uiaction.CommonUIActions.click is PASSED

2018-06-04 17:15:28 - [TEST_STEP][PASSED] - delay: Delayed 15 second(s)

2018-06-04 17:15:43 - [MESSAGE][PASSED] - Delayed 15 second(s)

2018-06-04 17:15:43 - [TEST_STEP][PASSED] - verifyElementPresent: Object 'Object Repository/SummarizedReportPage/rawCarDataHeading' is present

2018-06-04 17:15:43 - [MESSAGE][PASSED] - Object 'Object Repository/SummarizedReportPage/rawCarDataHeading' is present

2018-06-04 17:15:43 - [TEST_STEP][PASSED] - delay: Delayed 5 second(s)

2018-06-04 17:15:48 - [MESSAGE][PASSED] - Delayed 5 second(s)

2018-06-04 17:15:48 - [TEST_STEP][PASSED] - uiaction.CommonUIActions.click: uiaction.CommonUIActions.click is PASSED

2018-06-04 17:15:51 - [MESSAGE][PASSED] - uiaction.CommonUIActions.click is PASSED

2018-06-04 17:15:51 - [TEST_STEP][PASSED] - delay: Delayed 5 second(s)

2018-06-04 17:15:56 - [MESSAGE][PASSED] - Delayed 5 second(s)

2018-06-04 17:15:56 - [TEST_STEP][PASSED] - uiaction.CommonUIActions.click: uiaction.CommonUIActions.click is PASSED

2018-06-04 17:15:58 - [MESSAGE][PASSED] - uiaction.CommonUIActions.click is PASSED

2018-06-04 17:15:58 - [TEST_STEP][PASSED] - delay: Delayed 5 second(s)

2018-06-04 17:16:03 - [MESSAGE][PASSED] - Delayed 5 second(s)

2018-06-04 17:16:03 - [TEST_STEP][PASSED] - uiaction.CommonUIActions.click: uiaction.CommonUIActions.click is PASSED

2018-06-04 17:16:03 - [MESSAGE][PASSED] - uiaction.CommonUIActions.click is PASSED

2018-06-04 17:16:03 - [TEST_STEP][PASSED] - delay: Delayed 10 second(s)

2018-06-04 17:16:13 - [MESSAGE][PASSED] - Delayed 10 second(s)

2018-06-04 17:16:13 - [TEST_STEP][PASSED] - uiaction.CommonUIActions.click: uiaction.CommonUIActions.click is PASSED

2018-06-04 17:16:33 - [MESSAGE][PASSED] - uiaction.CommonUIActions.click is PASSED

2018-06-04 17:16:33 - [TEST_STEP][PASSED] - delay: Delayed 10 second(s)

2018-06-04 17:16:43 - [MESSAGE][PASSED] - Delayed 10 second(s)

2018-06-04 17:16:43 - [TEST_STEP][PASSED] - uiaction.CommonUIActions.click: uiaction.CommonUIActions.click is PASSED

2018-06-04 17:17:04 - [MESSAGE][PASSED] - uiaction.CommonUIActions.click is PASSED

2018-06-04 17:17:04 - [TEST_STEP][PASSED] - delay: Delayed 10 second(s)

2018-06-04 17:17:14 - [MESSAGE][PASSED] - Delayed 10 second(s)

2018-06-04 17:17:14 - [TEST_STEP][PASSED] - uiaction.CommonUIActions.click: uiaction.CommonUIActions.click is PASSED

2018-06-04 17:17:34 - [MESSAGE][PASSED] - uiaction.CommonUIActions.click is PASSED

2018-06-04 17:17:34 - [TEST_STEP][PASSED] - delay: Delayed 10 second(s)

2018-06-04 17:17:44 - [MESSAGE][PASSED] - Delayed 10 second(s)

2018-06-04 17:17:44 - [TEST_STEP][PASSED] - uiaction.CommonUIActions.click: uiaction.CommonUIActions.click is PASSED

2018-06-04 17:18:05 - [MESSAGE][PASSED] - uiaction.CommonUIActions.click is PASSED

2018-06-04 17:18:05 - [TEST_STEP][PASSED] - Statement - assert TCflag == true: null

2018-06-04 17:18:05 - [TEST_STEP][PASSED] - Start listener action : sampleAfterTestCase: Browser is closed

2018-06-04 17:18:05 - [TEST_STEP][PASSED] - Statement - println(testCaseContext.getTestCaseId()): null

2018-06-04 17:18:05 - [TEST_STEP][PASSED] - Statement - println(testCaseContext.getTestCaseStatus()): null

2018-06-04 17:18:05 - [TEST_STEP][PASSED] - closeBrowser: Browser is closed

2018-06-04 17:18:06 - [MESSAGE][PASSED] - Browser is closed]]></system-out>
         <system-err><![CDATA[]]></system-err>
      </testcase>
      <system-out><![CDATA[2018-06-04 17:11:57 - [TEST_SUITE][PASSED] - RegressionSuite: Browser is closed]]></system-out>
      <system-err><![CDATA[]]></system-err>
   </testsuite>
</testsuites>
