<?xml version="1.0" encoding="UTF-8"?>
<testsuites name="RegressionSuite" time="137" tests="2" failures="0" errors="0">
   <testsuite name="RegressionSuite" tests="2" failures="0" errors="0" time="137" timestamp="2018-04-13 15:29:48" hostname="shalinin - NIBC2129.nousinfo.com" id="Test Suites/RegressionSuite">
      <properties>
         <property name="deviceName" value=""/>
         <property name="devicePlatform" value=""/>
         <property name="logFolder" value="C:\\Users\\shalinin\\Katalon Studio\\HME\\Reports\\RegressionSuite\\20180413_152944"/>
         <property name="logFiles" value="C:\\Users\\shalinin\\Katalon Studio\\HME\\Reports\\RegressionSuite\\20180413_152944\\execution0.log"/>
         <property name="attachments" value="C:\\Users\\shalinin\\Katalon Studio\\HME\\Reports\\RegressionSuite\\20180413_152944\\1523613607796.png"/>
         <property name="hostName" value="shalinin - NIBC2129.nousinfo.com"/>
         <property name="os" value="Windows 7 64bit"/>
         <property name="katalonVersion" value="5.3.1.1"/>
         <property name="browser" value="Chrome 65.0.3325.181"/>
         <property name="hostAddress" value="10.10.50.88"/>
         <property name="sessionId" value="db8637a3ae94338bb7147419a3d32699"/>
         <property name="seleniumVersion" value="3.7.1"/>
         <property name="proxyInformation" value="ProxyInformation{proxyOption=NO_PROXY, proxyServerType=HTTP, password=, proxyServerAddress=, proxyServerPort=0}"/>
         <property name="platform" value="Windows 7"/>
      </properties>
      <testcase name="Test Cases/HME-StoreDetailsPage-09" classname="Test Cases/HME-StoreDetailsPage-09" status="PASSED">
         <system-out><![CDATA[2018-04-13 15:29:48 - [TEST_CASE][PASSED] - Test Cases/HME-StoreDetailsPage-09: Browser is closed

2018-04-13 15:29:48 - [TEST_STEP][PASSED] - Start listener action : sampleBeforeTestCase: Current window maximized

2018-04-13 15:29:48 - [TEST_STEP][PASSED] - openBrowser: Browser is opened with url: ''

2018-04-13 15:29:52 - [MESSAGE][PASSED] - Browser is opened with url: ''

2018-04-13 15:29:52 - [TEST_STEP][PASSED] - maximizeWindow: Current window maximized

2018-04-13 15:29:53 - [MESSAGE][PASSED] - Current window maximized

2018-04-13 15:29:53 - [TEST_STEP][PASSED] - Statement - TCflag = true: null

2018-04-13 15:29:53 - [TEST_STEP][PASSED] - Statement - Try: null

2018-04-13 15:29:53 - [TEST_STEP][PASSED] - navigateToUrl: Navigate to 'https://uat.hmedtcloud.com/?pg=Login' successfully

2018-04-13 15:29:58 - [MESSAGE][PASSED] - Navigate to 'https://uat.hmedtcloud.com/?pg=Login' successfully

2018-04-13 15:29:58 - [TEST_STEP][PASSED] - projectSpecific.Reusability.login: projectSpecific.Reusability.login is PASSED

2018-04-13 15:29:58 - [MESSAGE][PASSED] - projectSpecific.Reusability.getTestData is PASSED

2018-04-13 15:29:58 - [MESSAGE][PASSED] - projectSpecific.Reusability.getTestData is PASSED

2018-04-13 15:29:59 - [MESSAGE][PASSED] - Text 'abhradipr@nousinfo.com' is set on object 'Object Repository/LoginPage/Username'

2018-04-13 15:29:59 - [MESSAGE][PASSED] - Text '6Qt*qmL88' is set on object 'Object Repository/LoginPage/Password'

2018-04-13 15:30:04 - [MESSAGE][PASSED] - Object: 'Object Repository/LoginPage/Login' is clicked on

2018-04-13 15:30:04 - [MESSAGE][PASSED] - projectSpecific.Reusability.login is PASSED

2018-04-13 15:30:04 - [TEST_STEP][PASSED] - Statement - storeDetails = CustomKeywords.projectSpecific.Reusability.getTestData("StorePage", "StoreDetails"): projectSpecific.Reusability.getTestData is PASSED

2018-04-13 15:30:04 - [MESSAGE][PASSED] - projectSpecific.Reusability.getTestData is PASSED

2018-04-13 15:30:04 - [TEST_STEP][PASSED] - Statement - storedetail_label = CustomKeywords.projectSpecific.Reusability.getTestData("StorePage", "Store_labels"): projectSpecific.Reusability.getTestData is PASSED

2018-04-13 15:30:04 - [MESSAGE][PASSED] - projectSpecific.Reusability.getTestData is PASSED

2018-04-13 15:30:04 - [TEST_STEP][PASSED] - uiaction.CommonUIActions.click: uiaction.CommonUIActions.click is PASSED

2018-04-13 15:30:07 - [MESSAGE][PASSED] - uiaction.CommonUIActions.click is PASSED

2018-04-13 15:30:07 - [TEST_STEP][PASSED] - verifyElementPresent: Object 'Object Repository/HomePage/Verify_store' is present

2018-04-13 15:30:07 - [MESSAGE][PASSED] - Object 'Object Repository/HomePage/Verify_store' is present

2018-04-13 15:30:07 - [TEST_STEP][PASSED] - Statement - driver = com.kms.katalon.core.webui.driver.DriverFactory.getWebDriver(): null

2018-04-13 15:30:07 - [TEST_STEP][PASSED] - Statement - storeHeaders = driver.findElements(org.openqa.selenium.By.xpath(com.kms.katalon.core.testdata.TestDataFactory.findTestData(OR_file).getValue(2, 1))): Reading excel file with source file 'C:\Users\shalinin\Katalon Studio\HME\Data Files\HME_OR.xlsx' and sheet name 'Sheet1'

2018-04-13 15:30:07 - [TEST_STEP][PASSED] - Statement - storeArraylabels = storedetail_label.split(",,"): null

2018-04-13 15:30:07 - [TEST_STEP][PASSED] - Statement - storeListlabels = new java.util.ArrayList(java.util.Arrays.asList(storeArraylabels)): null

2018-04-13 15:30:07 - [TEST_STEP][PASSED] - Statement - storeListlabels.unique(): null

2018-04-13 15:30:07 - [TEST_STEP][PASSED] - Statement - out.println(storeListlabels): null

2018-04-13 15:30:07 - [TEST_STEP][PASSED] - Statement - count = 1: null

2018-04-13 15:30:07 - [TEST_STEP][PASSED] - Statement - For ([i = 1, i < storeHeaders.size(), (i++)]): null

2018-04-13 15:30:07 - [TEST_STEP][PASSED] - Statement - execFlag = com.kms.katalon.core.webui.keyword.WebUiBuiltInKeywords.verifyMatch(storeHeaders.get(i).getText().trim(), storeListlabels[i].toString().trim(), false): Actual text 'Brand' and expected text 'Brand' are matched 

2018-04-13 15:30:07 - [MESSAGE][PASSED] - Actual text 'Brand' and expected text 'Brand' are matched 

2018-04-13 15:30:07 - [TEST_STEP][PASSED] - Statement - If (execFlag): null

2018-04-13 15:30:07 - [TEST_STEP][PASSED] - Statement - (count++): null

2018-04-13 15:30:07 - [TEST_STEP][PASSED] - Statement - execFlag = com.kms.katalon.core.webui.keyword.WebUiBuiltInKeywords.verifyMatch(storeHeaders.get(i).getText().trim(), storeListlabels[i].toString().trim(), false): Actual text 'Store' and expected text 'Store' are matched 

2018-04-13 15:30:07 - [MESSAGE][PASSED] - Actual text 'Store' and expected text 'Store' are matched 

2018-04-13 15:30:07 - [TEST_STEP][PASSED] - Statement - If (execFlag): null

2018-04-13 15:30:07 - [TEST_STEP][PASSED] - Statement - (count++): null

2018-04-13 15:30:07 - [TEST_STEP][PASSED] - Statement - execFlag = com.kms.katalon.core.webui.keyword.WebUiBuiltInKeywords.verifyMatch(storeHeaders.get(i).getText().trim(), storeListlabels[i].toString().trim(), false): Actual text 'Store Address' and expected text 'Store Address' are matched 

2018-04-13 15:30:07 - [MESSAGE][PASSED] - Actual text 'Store Address' and expected text 'Store Address' are matched 

2018-04-13 15:30:07 - [TEST_STEP][PASSED] - Statement - If (execFlag): null

2018-04-13 15:30:07 - [TEST_STEP][PASSED] - Statement - (count++): null

2018-04-13 15:30:07 - [TEST_STEP][PASSED] - Statement - execFlag = com.kms.katalon.core.webui.keyword.WebUiBuiltInKeywords.verifyMatch(storeHeaders.get(i).getText().trim(), storeListlabels[i].toString().trim(), false): Actual text 'City, State' and expected text 'City, State' are matched 

2018-04-13 15:30:07 - [MESSAGE][PASSED] - Actual text 'City, State' and expected text 'City, State' are matched 

2018-04-13 15:30:07 - [TEST_STEP][PASSED] - Statement - If (execFlag): null

2018-04-13 15:30:07 - [TEST_STEP][PASSED] - Statement - (count++): null

2018-04-13 15:30:07 - [TEST_STEP][PASSED] - Statement - execFlag = com.kms.katalon.core.webui.keyword.WebUiBuiltInKeywords.verifyMatch(storeHeaders.get(i).getText().trim(), storeListlabels[i].toString().trim(), false): Actual text 'Leaderboard Groups' and expected text 'Leaderboard Groups' are matched 

2018-04-13 15:30:07 - [MESSAGE][PASSED] - Actual text 'Leaderboard Groups' and expected text 'Leaderboard Groups' are matched 

2018-04-13 15:30:07 - [TEST_STEP][PASSED] - Statement - If (execFlag): null

2018-04-13 15:30:07 - [TEST_STEP][PASSED] - Statement - (count++): null

2018-04-13 15:30:07 - [TEST_STEP][PASSED] - Statement - execFlag = com.kms.katalon.core.webui.keyword.WebUiBuiltInKeywords.verifyMatch(storeHeaders.get(i).getText().trim(), storeListlabels[i].toString().trim(), false): Actual text 'System Name' and expected text 'System Name' are matched 

2018-04-13 15:30:07 - [MESSAGE][PASSED] - Actual text 'System Name' and expected text 'System Name' are matched 

2018-04-13 15:30:07 - [TEST_STEP][PASSED] - Statement - If (execFlag): null

2018-04-13 15:30:07 - [TEST_STEP][PASSED] - Statement - (count++): null

2018-04-13 15:30:07 - [TEST_STEP][PASSED] - Statement - execFlag = com.kms.katalon.core.webui.keyword.WebUiBuiltInKeywords.verifyMatch(storeHeaders.get(i).getText().trim(), storeListlabels[i].toString().trim(), false): Actual text 'System Version' and expected text 'System Version' are matched 

2018-04-13 15:30:07 - [MESSAGE][PASSED] - Actual text 'System Version' and expected text 'System Version' are matched 

2018-04-13 15:30:07 - [TEST_STEP][PASSED] - Statement - If (execFlag): null

2018-04-13 15:30:07 - [TEST_STEP][PASSED] - Statement - (count++): null

2018-04-13 15:30:07 - [TEST_STEP][PASSED] - Statement - execFlag = com.kms.katalon.core.webui.keyword.WebUiBuiltInKeywords.verifyMatch(storeHeaders.get(i).getText().trim(), storeListlabels[i].toString().trim(), false): Actual text 'System Status' and expected text 'System Status' are matched 

2018-04-13 15:30:07 - [MESSAGE][PASSED] - Actual text 'System Status' and expected text 'System Status' are matched 

2018-04-13 15:30:07 - [TEST_STEP][PASSED] - Statement - If (execFlag): null

2018-04-13 15:30:07 - [TEST_STEP][PASSED] - Statement - (count++): null

2018-04-13 15:30:07 - [TEST_STEP][PASSED] - Statement - If (count == storeHeaders.size()): Taking screenshot successfully

2018-04-13 15:30:07 - [TEST_STEP][PASSED] - takeScreenshot: Taking screenshot successfully

2018-04-13 15:30:08 - [MESSAGE][PASSED] - Taking screenshot successfully
[[ATTACHMENT|C:\\Users\\shalinin\\Katalon Studio\\HME\\Reports\\RegressionSuite\\20180413_152944\\1523613607796.png]]

2018-04-13 15:30:08 - [TEST_STEP][PASSED] - uiaction.CommonUIActions.click: uiaction.CommonUIActions.click is PASSED

2018-04-13 15:30:09 - [MESSAGE][PASSED] - uiaction.CommonUIActions.click is PASSED

2018-04-13 15:30:09 - [TEST_STEP][PASSED] - verifyElementPresent: Object 'Object Repository/StorePage/storedetailslabel' is present

2018-04-13 15:30:09 - [MESSAGE][PASSED] - Object 'Object Repository/StorePage/storedetailslabel' is present

2018-04-13 15:30:09 - [TEST_STEP][PASSED] - verifyElementPresent: Object 'Object Repository/StorePage/zoomlabel' is present

2018-04-13 15:30:09 - [MESSAGE][PASSED] - Object 'Object Repository/StorePage/zoomlabel' is present

2018-04-13 15:30:09 - [TEST_STEP][PASSED] - Statement - defaultareaselected = com.kms.katalon.core.webui.keyword.WebUiBuiltInKeywords.getAttribute(com.kms.katalon.core.testobject.ObjectRepository.findTestObject(StorePage/defaultstoredetsails), "aria-selected"): Attribute 'aria-selected' of object 'Object Repository/StorePage/defaultstoredetsails' is: 'true'

2018-04-13 15:30:09 - [MESSAGE][PASSED] - Attribute 'aria-selected' of object 'Object Repository/StorePage/defaultstoredetsails' is: 'true'

2018-04-13 15:30:09 - [TEST_STEP][PASSED] - Statement - If (defaultareaselected): null

2018-04-13 15:30:09 - [TEST_STEP][PASSED] - Statement - out.println("Store Details is set by default"): null

2018-04-13 15:30:09 - [TEST_STEP][PASSED] - Statement - storeArray = storeDetails.split(","): null

2018-04-13 15:30:09 - [TEST_STEP][PASSED] - Statement - storeList = new java.util.ArrayList(java.util.Arrays.asList(storeArray)): null

2018-04-13 15:30:09 - [TEST_STEP][PASSED] - Statement - storeList.unique(): null

2018-04-13 15:30:09 - [TEST_STEP][PASSED] - Statement - out.println(storeList): null

2018-04-13 15:30:09 - [TEST_STEP][PASSED] - Statement - storeElements = driver.findElements(org.openqa.selenium.By.xpath(com.kms.katalon.core.testdata.TestDataFactory.findTestData(OR_file).getValue(2, 2))): Reading excel file with source file 'C:\Users\shalinin\Katalon Studio\HME\Data Files\HME_OR.xlsx' and sheet name 'Sheet1'

2018-04-13 15:30:10 - [TEST_STEP][PASSED] - Statement - actualList = new java.util.ArrayList(): null

2018-04-13 15:30:10 - [TEST_STEP][PASSED] - Statement - For ([i = 0, i < storeElements.size(), (i++)]): null

2018-04-13 15:30:10 - [TEST_STEP][PASSED] - Statement - actualList.add(i, storeElements.get(i).getText()): null

2018-04-13 15:30:10 - [TEST_STEP][PASSED] - Statement - actualList.add(i, storeElements.get(i).getText()): null

2018-04-13 15:30:10 - [TEST_STEP][PASSED] - Statement - actualList.add(i, storeElements.get(i).getText()): null

2018-04-13 15:30:10 - [TEST_STEP][PASSED] - Statement - actualList.add(i, storeElements.get(i).getText()): null

2018-04-13 15:30:10 - [TEST_STEP][PASSED] - Statement - actualList.add(i, storeElements.get(i).getText()): null

2018-04-13 15:30:10 - [TEST_STEP][PASSED] - Statement - actualList.add(i, storeElements.get(i).getText()): null

2018-04-13 15:30:10 - [TEST_STEP][PASSED] - Statement - actualList.add(i, storeElements.get(i).getText()): null

2018-04-13 15:30:10 - [TEST_STEP][PASSED] - Statement - actualList.add(i, storeElements.get(i).getText()): null

2018-04-13 15:30:10 - [TEST_STEP][PASSED] - Statement - actualList.add(i, storeElements.get(i).getText()): null

2018-04-13 15:30:10 - [TEST_STEP][PASSED] - Statement - actualList.add(i, storeElements.get(i).getText()): null

2018-04-13 15:30:10 - [TEST_STEP][PASSED] - Statement - actualList.add(i, storeElements.get(i).getText()): null

2018-04-13 15:30:10 - [TEST_STEP][PASSED] - Statement - actualList.add(i, storeElements.get(i).getText()): null

2018-04-13 15:30:10 - [TEST_STEP][PASSED] - Statement - actualList.add(i, storeElements.get(i).getText()): null

2018-04-13 15:30:10 - [TEST_STEP][PASSED] - Statement - actualList.add(i, storeElements.get(i).getText()): null

2018-04-13 15:30:10 - [TEST_STEP][PASSED] - Statement - out.println(actualList): null

2018-04-13 15:30:10 - [TEST_STEP][PASSED] - Statement - execFlag1 = true: null

2018-04-13 15:30:10 - [TEST_STEP][PASSED] - Statement - For ([j = 0, j < actualList.size(), (j++)]): null

2018-04-13 15:30:10 - [TEST_STEP][PASSED] - Statement - execFlag1 = com.kms.katalon.core.webui.keyword.WebUiBuiltInKeywords.verifyMatch(storeList.get(j).toString().trim(), actualList.get(j).toString().trim(), false): Actual text 'Brand' and expected text 'Brand' are matched 

2018-04-13 15:30:10 - [MESSAGE][PASSED] - Actual text 'Brand' and expected text 'Brand' are matched 

2018-04-13 15:30:10 - [TEST_STEP][PASSED] - Statement - If (!(execFlag1)): null

2018-04-13 15:30:10 - [TEST_STEP][PASSED] - Statement - execFlag1 = com.kms.katalon.core.webui.keyword.WebUiBuiltInKeywords.verifyMatch(storeList.get(j).toString().trim(), actualList.get(j).toString().trim(), false): Actual text 'Store Name' and expected text 'Store Name' are matched 

2018-04-13 15:30:10 - [MESSAGE][PASSED] - Actual text 'Store Name' and expected text 'Store Name' are matched 

2018-04-13 15:30:10 - [TEST_STEP][PASSED] - Statement - If (!(execFlag1)): null

2018-04-13 15:30:10 - [TEST_STEP][PASSED] - Statement - execFlag1 = com.kms.katalon.core.webui.keyword.WebUiBuiltInKeywords.verifyMatch(storeList.get(j).toString().trim(), actualList.get(j).toString().trim(), false): Actual text 'Store Number' and expected text 'Store Number' are matched 

2018-04-13 15:30:10 - [MESSAGE][PASSED] - Actual text 'Store Number' and expected text 'Store Number' are matched 

2018-04-13 15:30:10 - [TEST_STEP][PASSED] - Statement - If (!(execFlag1)): null

2018-04-13 15:30:10 - [TEST_STEP][PASSED] - Statement - execFlag1 = com.kms.katalon.core.webui.keyword.WebUiBuiltInKeywords.verifyMatch(storeList.get(j).toString().trim(), actualList.get(j).toString().trim(), false): Actual text 'Group:' and expected text 'Group:' are matched 

2018-04-13 15:30:10 - [MESSAGE][PASSED] - Actual text 'Group:' and expected text 'Group:' are matched 

2018-04-13 15:30:10 - [TEST_STEP][PASSED] - Statement - If (!(execFlag1)): null

2018-04-13 15:30:10 - [TEST_STEP][PASSED] - Statement - execFlag1 = com.kms.katalon.core.webui.keyword.WebUiBuiltInKeywords.verifyMatch(storeList.get(j).toString().trim(), actualList.get(j).toString().trim(), false): Actual text 'Address Line 1' and expected text 'Address Line 1' are matched 

2018-04-13 15:30:10 - [MESSAGE][PASSED] - Actual text 'Address Line 1' and expected text 'Address Line 1' are matched 

2018-04-13 15:30:10 - [TEST_STEP][PASSED] - Statement - If (!(execFlag1)): null

2018-04-13 15:30:10 - [TEST_STEP][PASSED] - Statement - execFlag1 = com.kms.katalon.core.webui.keyword.WebUiBuiltInKeywords.verifyMatch(storeList.get(j).toString().trim(), actualList.get(j).toString().trim(), false): Actual text 'Address Line 2' and expected text 'Address Line 2' are matched 

2018-04-13 15:30:10 - [MESSAGE][PASSED] - Actual text 'Address Line 2' and expected text 'Address Line 2' are matched 

2018-04-13 15:30:10 - [TEST_STEP][PASSED] - Statement - If (!(execFlag1)): null

2018-04-13 15:30:10 - [TEST_STEP][PASSED] - Statement - execFlag1 = com.kms.katalon.core.webui.keyword.WebUiBuiltInKeywords.verifyMatch(storeList.get(j).toString().trim(), actualList.get(j).toString().trim(), false): Actual text 'Address Line 3' and expected text 'Address Line 3' are matched 

2018-04-13 15:30:10 - [MESSAGE][PASSED] - Actual text 'Address Line 3' and expected text 'Address Line 3' are matched 

2018-04-13 15:30:10 - [TEST_STEP][PASSED] - Statement - If (!(execFlag1)): null

2018-04-13 15:30:10 - [TEST_STEP][PASSED] - Statement - execFlag1 = com.kms.katalon.core.webui.keyword.WebUiBuiltInKeywords.verifyMatch(storeList.get(j).toString().trim(), actualList.get(j).toString().trim(), false): Actual text 'Address Line 4' and expected text 'Address Line 4' are matched 

2018-04-13 15:30:10 - [MESSAGE][PASSED] - Actual text 'Address Line 4' and expected text 'Address Line 4' are matched 

2018-04-13 15:30:10 - [TEST_STEP][PASSED] - Statement - If (!(execFlag1)): null

2018-04-13 15:30:10 - [TEST_STEP][PASSED] - Statement - execFlag1 = com.kms.katalon.core.webui.keyword.WebUiBuiltInKeywords.verifyMatch(storeList.get(j).toString().trim(), actualList.get(j).toString().trim(), false): Actual text 'City' and expected text 'City' are matched 

2018-04-13 15:30:10 - [MESSAGE][PASSED] - Actual text 'City' and expected text 'City' are matched 

2018-04-13 15:30:10 - [TEST_STEP][PASSED] - Statement - If (!(execFlag1)): null

2018-04-13 15:30:10 - [TEST_STEP][PASSED] - Statement - execFlag1 = com.kms.katalon.core.webui.keyword.WebUiBuiltInKeywords.verifyMatch(storeList.get(j).toString().trim(), actualList.get(j).toString().trim(), false): Actual text 'Region: *' and expected text 'Region: *' are matched 

2018-04-13 15:30:10 - [MESSAGE][PASSED] - Actual text 'Region: *' and expected text 'Region: *' are matched 

2018-04-13 15:30:10 - [TEST_STEP][PASSED] - Statement - If (!(execFlag1)): null

2018-04-13 15:30:10 - [TEST_STEP][PASSED] - Statement - execFlag1 = com.kms.katalon.core.webui.keyword.WebUiBuiltInKeywords.verifyMatch(storeList.get(j).toString().trim(), actualList.get(j).toString().trim(), false): Actual text 'Zip:' and expected text 'Zip:' are matched 

2018-04-13 15:30:10 - [MESSAGE][PASSED] - Actual text 'Zip:' and expected text 'Zip:' are matched 

2018-04-13 15:30:10 - [TEST_STEP][PASSED] - Statement - If (!(execFlag1)): null

2018-04-13 15:30:10 - [TEST_STEP][PASSED] - Statement - execFlag1 = com.kms.katalon.core.webui.keyword.WebUiBuiltInKeywords.verifyMatch(storeList.get(j).toString().trim(), actualList.get(j).toString().trim(), false): Actual text 'Country:' and expected text 'Country:' are matched 

2018-04-13 15:30:10 - [MESSAGE][PASSED] - Actual text 'Country:' and expected text 'Country:' are matched 

2018-04-13 15:30:10 - [TEST_STEP][PASSED] - Statement - If (!(execFlag1)): null

2018-04-13 15:30:10 - [TEST_STEP][PASSED] - Statement - execFlag1 = com.kms.katalon.core.webui.keyword.WebUiBuiltInKeywords.verifyMatch(storeList.get(j).toString().trim(), actualList.get(j).toString().trim(), false): Actual text 'Phone:' and expected text 'Phone:' are matched 

2018-04-13 15:30:10 - [MESSAGE][PASSED] - Actual text 'Phone:' and expected text 'Phone:' are matched 

2018-04-13 15:30:10 - [TEST_STEP][PASSED] - Statement - If (!(execFlag1)): null

2018-04-13 15:30:10 - [TEST_STEP][PASSED] - Statement - execFlag1 = com.kms.katalon.core.webui.keyword.WebUiBuiltInKeywords.verifyMatch(storeList.get(j).toString().trim(), actualList.get(j).toString().trim(), false): Actual text 'Fax:' and expected text 'Fax:' are matched 

2018-04-13 15:30:10 - [MESSAGE][PASSED] - Actual text 'Fax:' and expected text 'Fax:' are matched 

2018-04-13 15:30:10 - [TEST_STEP][PASSED] - Statement - If (!(execFlag1)): null

2018-04-13 15:30:10 - [TEST_STEP][PASSED] - Statement - If (execFlag1): null

2018-04-13 15:30:10 - [TEST_STEP][PASSED] - Statement - out.println("Store details labels are verified"): null

2018-04-13 15:30:10 - [TEST_STEP][PASSED] - Statement - editfield = com.kms.katalon.core.webui.keyword.WebUiBuiltInKeywords.clearText(com.kms.katalon.core.testobject.ObjectRepository.findTestObject(StorePage/storeName)): Text of object 'Object Repository/StorePage/storeName' is cleared

2018-04-13 15:30:10 - [MESSAGE][PASSED] - Text of object 'Object Repository/StorePage/storeName' is cleared

2018-04-13 15:30:10 - [TEST_STEP][PASSED] - Statement - If (editfield): null

2018-04-13 15:30:10 - [TEST_STEP][PASSED] - Statement - out.println("The store name is editable field"): null

2018-04-13 15:30:10 - [TEST_STEP][PASSED] - Statement - inputFields = driver.findElements(org.openqa.selenium.By.xpath(com.kms.katalon.core.testdata.TestDataFactory.findTestData(OR_file).getValue(2, 3))): Reading excel file with source file 'C:\Users\shalinin\Katalon Studio\HME\Data Files\HME_OR.xlsx' and sheet name 'Sheet1'

2018-04-13 15:30:10 - [TEST_STEP][PASSED] - Statement - inputFieldsResults = new java.util.ArrayList(): null

2018-04-13 15:30:10 - [TEST_STEP][PASSED] - Statement - index = 3: null

2018-04-13 15:30:10 - [TEST_STEP][PASSED] - Statement - For ([i = 0, i < inputFields.size(), (i++)]): null

2018-04-13 15:30:10 - [TEST_STEP][PASSED] - Statement - xpathval = "//form[@name='store_submit']/table/tbody/tr[" + index + "]//input": null

2018-04-13 15:30:10 - [TEST_STEP][PASSED] - Statement - LinkToSearch = com.kms.katalon.core.webui.keyword.WebUiBuiltInKeywords.modifyObjectProperty(com.kms.katalon.core.testobject.ObjectRepository.findTestObject(StorePage/storeInputValue), "xpath", "equals", xpathval, true): Modify property of object successfully

2018-04-13 15:30:10 - [MESSAGE][PASSED] - Modify property of object successfully

2018-04-13 15:30:10 - [TEST_STEP][PASSED] - Statement - attr1 = com.kms.katalon.core.webui.keyword.WebUiBuiltInKeywords.getAttribute(LinkToSearch, "disabled"): Attribute 'disabled' of object 'Object Repository/StorePage/storeInputValue' is: 'true'

2018-04-13 15:30:10 - [MESSAGE][PASSED] - Attribute 'disabled' of object 'Object Repository/StorePage/storeInputValue' is: 'true'

2018-04-13 15:30:10 - [TEST_STEP][PASSED] - Statement - If (attr1): null

2018-04-13 15:30:10 - [TEST_STEP][PASSED] - Statement - xpathval = "//form[@name='store_submit']/table/tbody/tr[" + index + "]//input": null

2018-04-13 15:30:10 - [TEST_STEP][PASSED] - Statement - LinkToSearch = com.kms.katalon.core.webui.keyword.WebUiBuiltInKeywords.modifyObjectProperty(com.kms.katalon.core.testobject.ObjectRepository.findTestObject(StorePage/storeInputValue), "xpath", "equals", xpathval, true): Modify property of object successfully

2018-04-13 15:30:10 - [MESSAGE][PASSED] - Modify property of object successfully

2018-04-13 15:30:10 - [TEST_STEP][PASSED] - Statement - attr1 = com.kms.katalon.core.webui.keyword.WebUiBuiltInKeywords.getAttribute(LinkToSearch, "disabled"): Attribute 'disabled' of object 'Object Repository/StorePage/storeInputValue' is: 'true'

2018-04-13 15:30:10 - [MESSAGE][PASSED] - Attribute 'disabled' of object 'Object Repository/StorePage/storeInputValue' is: 'true'

2018-04-13 15:30:10 - [TEST_STEP][PASSED] - Statement - If (attr1): null

2018-04-13 15:30:10 - [TEST_STEP][PASSED] - Statement - xpathval = "//form[@name='store_submit']/table/tbody/tr[" + index + "]//input": null

2018-04-13 15:30:10 - [TEST_STEP][PASSED] - Statement - LinkToSearch = com.kms.katalon.core.webui.keyword.WebUiBuiltInKeywords.modifyObjectProperty(com.kms.katalon.core.testobject.ObjectRepository.findTestObject(StorePage/storeInputValue), "xpath", "equals", xpathval, true): Modify property of object successfully

2018-04-13 15:30:10 - [MESSAGE][PASSED] - Modify property of object successfully

2018-04-13 15:30:10 - [TEST_STEP][PASSED] - Statement - attr1 = com.kms.katalon.core.webui.keyword.WebUiBuiltInKeywords.getAttribute(LinkToSearch, "disabled"): Attribute 'disabled' of object 'Object Repository/StorePage/storeInputValue' is: 'true'

2018-04-13 15:30:10 - [MESSAGE][PASSED] - Attribute 'disabled' of object 'Object Repository/StorePage/storeInputValue' is: 'true'

2018-04-13 15:30:10 - [TEST_STEP][PASSED] - Statement - If (attr1): null

2018-04-13 15:30:10 - [TEST_STEP][PASSED] - Statement - xpathval = "//form[@name='store_submit']/table/tbody/tr[" + index + "]//input": null

2018-04-13 15:30:10 - [TEST_STEP][PASSED] - Statement - LinkToSearch = com.kms.katalon.core.webui.keyword.WebUiBuiltInKeywords.modifyObjectProperty(com.kms.katalon.core.testobject.ObjectRepository.findTestObject(StorePage/storeInputValue), "xpath", "equals", xpathval, true): Modify property of object successfully

2018-04-13 15:30:10 - [MESSAGE][PASSED] - Modify property of object successfully

2018-04-13 15:30:10 - [TEST_STEP][PASSED] - Statement - attr1 = com.kms.katalon.core.webui.keyword.WebUiBuiltInKeywords.getAttribute(LinkToSearch, "disabled"): Attribute 'disabled' of object 'Object Repository/StorePage/storeInputValue' is: 'true'

2018-04-13 15:30:10 - [MESSAGE][PASSED] - Attribute 'disabled' of object 'Object Repository/StorePage/storeInputValue' is: 'true'

2018-04-13 15:30:10 - [TEST_STEP][PASSED] - Statement - If (attr1): null

2018-04-13 15:30:10 - [TEST_STEP][PASSED] - Statement - xpathval = "//form[@name='store_submit']/table/tbody/tr[" + index + "]//input": null

2018-04-13 15:30:10 - [TEST_STEP][PASSED] - Statement - LinkToSearch = com.kms.katalon.core.webui.keyword.WebUiBuiltInKeywords.modifyObjectProperty(com.kms.katalon.core.testobject.ObjectRepository.findTestObject(StorePage/storeInputValue), "xpath", "equals", xpathval, true): Modify property of object successfully

2018-04-13 15:30:10 - [MESSAGE][PASSED] - Modify property of object successfully

2018-04-13 15:30:10 - [TEST_STEP][PASSED] - Statement - attr1 = com.kms.katalon.core.webui.keyword.WebUiBuiltInKeywords.getAttribute(LinkToSearch, "disabled"): Attribute 'disabled' of object 'Object Repository/StorePage/storeInputValue' is: 'true'

2018-04-13 15:30:10 - [MESSAGE][PASSED] - Attribute 'disabled' of object 'Object Repository/StorePage/storeInputValue' is: 'true'

2018-04-13 15:30:10 - [TEST_STEP][PASSED] - Statement - If (attr1): null

2018-04-13 15:30:10 - [TEST_STEP][PASSED] - Statement - xpathval = "//form[@name='store_submit']/table/tbody/tr[" + index + "]//input": null

2018-04-13 15:30:10 - [TEST_STEP][PASSED] - Statement - LinkToSearch = com.kms.katalon.core.webui.keyword.WebUiBuiltInKeywords.modifyObjectProperty(com.kms.katalon.core.testobject.ObjectRepository.findTestObject(StorePage/storeInputValue), "xpath", "equals", xpathval, true): Modify property of object successfully

2018-04-13 15:30:10 - [MESSAGE][PASSED] - Modify property of object successfully

2018-04-13 15:30:10 - [TEST_STEP][PASSED] - Statement - attr1 = com.kms.katalon.core.webui.keyword.WebUiBuiltInKeywords.getAttribute(LinkToSearch, "disabled"): Attribute 'disabled' of object 'Object Repository/StorePage/storeInputValue' is: 'true'

2018-04-13 15:30:10 - [MESSAGE][PASSED] - Attribute 'disabled' of object 'Object Repository/StorePage/storeInputValue' is: 'true'

2018-04-13 15:30:10 - [TEST_STEP][PASSED] - Statement - If (attr1): null

2018-04-13 15:30:10 - [TEST_STEP][PASSED] - Statement - xpathval = "//form[@name='store_submit']/table/tbody/tr[" + index + "]//input": null

2018-04-13 15:30:10 - [TEST_STEP][PASSED] - Statement - LinkToSearch = com.kms.katalon.core.webui.keyword.WebUiBuiltInKeywords.modifyObjectProperty(com.kms.katalon.core.testobject.ObjectRepository.findTestObject(StorePage/storeInputValue), "xpath", "equals", xpathval, true): Modify property of object successfully

2018-04-13 15:30:10 - [MESSAGE][PASSED] - Modify property of object successfully

2018-04-13 15:30:10 - [TEST_STEP][PASSED] - Statement - attr1 = com.kms.katalon.core.webui.keyword.WebUiBuiltInKeywords.getAttribute(LinkToSearch, "disabled"): Attribute 'disabled' of object 'Object Repository/StorePage/storeInputValue' is: 'true'

2018-04-13 15:30:10 - [MESSAGE][PASSED] - Attribute 'disabled' of object 'Object Repository/StorePage/storeInputValue' is: 'true'

2018-04-13 15:30:10 - [TEST_STEP][PASSED] - Statement - If (attr1): null

2018-04-13 15:30:10 - [TEST_STEP][PASSED] - Statement - xpathval = "//form[@name='store_submit']/table/tbody/tr[" + index + "]//input": null

2018-04-13 15:30:10 - [TEST_STEP][PASSED] - Statement - LinkToSearch = com.kms.katalon.core.webui.keyword.WebUiBuiltInKeywords.modifyObjectProperty(com.kms.katalon.core.testobject.ObjectRepository.findTestObject(StorePage/storeInputValue), "xpath", "equals", xpathval, true): Modify property of object successfully

2018-04-13 15:30:10 - [MESSAGE][PASSED] - Modify property of object successfully

2018-04-13 15:30:10 - [TEST_STEP][PASSED] - Statement - attr1 = com.kms.katalon.core.webui.keyword.WebUiBuiltInKeywords.getAttribute(LinkToSearch, "disabled"): Attribute 'disabled' of object 'Object Repository/StorePage/storeInputValue' is: 'true'

2018-04-13 15:30:10 - [MESSAGE][PASSED] - Attribute 'disabled' of object 'Object Repository/StorePage/storeInputValue' is: 'true'

2018-04-13 15:30:10 - [TEST_STEP][PASSED] - Statement - If (attr1): null

2018-04-13 15:30:10 - [TEST_STEP][PASSED] - Statement - xpathval = "//form[@name='store_submit']/table/tbody/tr[" + index + "]//input": null

2018-04-13 15:30:10 - [TEST_STEP][PASSED] - Statement - LinkToSearch = com.kms.katalon.core.webui.keyword.WebUiBuiltInKeywords.modifyObjectProperty(com.kms.katalon.core.testobject.ObjectRepository.findTestObject(StorePage/storeInputValue), "xpath", "equals", xpathval, true): Modify property of object successfully

2018-04-13 15:30:10 - [MESSAGE][PASSED] - Modify property of object successfully

2018-04-13 15:30:10 - [TEST_STEP][PASSED] - Statement - attr1 = com.kms.katalon.core.webui.keyword.WebUiBuiltInKeywords.getAttribute(LinkToSearch, "disabled"): Attribute 'disabled' of object 'Object Repository/StorePage/storeInputValue' is: 'true'

2018-04-13 15:30:10 - [MESSAGE][PASSED] - Attribute 'disabled' of object 'Object Repository/StorePage/storeInputValue' is: 'true'

2018-04-13 15:30:10 - [TEST_STEP][PASSED] - Statement - If (attr1): null

2018-04-13 15:30:10 - [TEST_STEP][PASSED] - Statement - xpathval = "//form[@name='store_submit']/table/tbody/tr[" + index + "]//input": null

2018-04-13 15:30:10 - [TEST_STEP][PASSED] - Statement - LinkToSearch = com.kms.katalon.core.webui.keyword.WebUiBuiltInKeywords.modifyObjectProperty(com.kms.katalon.core.testobject.ObjectRepository.findTestObject(StorePage/storeInputValue), "xpath", "equals", xpathval, true): Modify property of object successfully

2018-04-13 15:30:10 - [MESSAGE][PASSED] - Modify property of object successfully

2018-04-13 15:30:10 - [TEST_STEP][PASSED] - Statement - attr1 = com.kms.katalon.core.webui.keyword.WebUiBuiltInKeywords.getAttribute(LinkToSearch, "disabled"): Attribute 'disabled' of object 'Object Repository/StorePage/storeInputValue' is: 'true'

2018-04-13 15:30:10 - [MESSAGE][PASSED] - Attribute 'disabled' of object 'Object Repository/StorePage/storeInputValue' is: 'true'

2018-04-13 15:30:10 - [TEST_STEP][PASSED] - Statement - If (attr1): null

2018-04-13 15:30:10 - [TEST_STEP][PASSED] - Statement - xpathval = "//form[@name='store_submit']/table/tbody/tr[" + index + "]//input": null

2018-04-13 15:30:10 - [TEST_STEP][PASSED] - Statement - LinkToSearch = com.kms.katalon.core.webui.keyword.WebUiBuiltInKeywords.modifyObjectProperty(com.kms.katalon.core.testobject.ObjectRepository.findTestObject(StorePage/storeInputValue), "xpath", "equals", xpathval, true): Modify property of object successfully

2018-04-13 15:30:10 - [MESSAGE][PASSED] - Modify property of object successfully

2018-04-13 15:30:10 - [TEST_STEP][PASSED] - Statement - attr1 = com.kms.katalon.core.webui.keyword.WebUiBuiltInKeywords.getAttribute(LinkToSearch, "disabled"): Attribute 'disabled' of object 'Object Repository/StorePage/storeInputValue' is: 'true'

2018-04-13 15:30:10 - [MESSAGE][PASSED] - Attribute 'disabled' of object 'Object Repository/StorePage/storeInputValue' is: 'true'

2018-04-13 15:30:10 - [TEST_STEP][PASSED] - Statement - If (attr1): null

2018-04-13 15:30:10 - [TEST_STEP][PASSED] - Statement - xpathval = "//form[@name='store_submit']/table/tbody/tr[" + index + "]//input": null

2018-04-13 15:30:10 - [TEST_STEP][PASSED] - Statement - LinkToSearch = com.kms.katalon.core.webui.keyword.WebUiBuiltInKeywords.modifyObjectProperty(com.kms.katalon.core.testobject.ObjectRepository.findTestObject(StorePage/storeInputValue), "xpath", "equals", xpathval, true): Modify property of object successfully

2018-04-13 15:30:10 - [MESSAGE][PASSED] - Modify property of object successfully

2018-04-13 15:30:10 - [TEST_STEP][PASSED] - Statement - attr1 = com.kms.katalon.core.webui.keyword.WebUiBuiltInKeywords.getAttribute(LinkToSearch, "disabled"): Attribute 'disabled' of object 'Object Repository/StorePage/storeInputValue' is: 'true'

2018-04-13 15:30:10 - [MESSAGE][PASSED] - Attribute 'disabled' of object 'Object Repository/StorePage/storeInputValue' is: 'true'

2018-04-13 15:30:10 - [TEST_STEP][PASSED] - Statement - If (attr1): null

2018-04-13 15:30:10 - [TEST_STEP][PASSED] - Statement - s = inputFieldsResults[1]: null

2018-04-13 15:30:10 - [TEST_STEP][PASSED] - Statement - isEditable = false: null

2018-04-13 15:30:10 - [TEST_STEP][PASSED] - Statement - For ([j = 2, j < inputFieldsResults.size(), (j++)]): null

2018-04-13 15:30:10 - [TEST_STEP][PASSED] - Statement - s1 = inputFieldsResults[j]: null

2018-04-13 15:30:10 - [TEST_STEP][PASSED] - Statement - If (!(s1.equals(s))): null

2018-04-13 15:30:10 - [TEST_STEP][PASSED] - Statement - s1 = inputFieldsResults[j]: null

2018-04-13 15:30:10 - [TEST_STEP][PASSED] - Statement - If (!(s1.equals(s))): null

2018-04-13 15:30:10 - [TEST_STEP][PASSED] - Statement - s1 = inputFieldsResults[j]: null

2018-04-13 15:30:10 - [TEST_STEP][PASSED] - Statement - If (!(s1.equals(s))): null

2018-04-13 15:30:10 - [TEST_STEP][PASSED] - Statement - s1 = inputFieldsResults[j]: null

2018-04-13 15:30:10 - [TEST_STEP][PASSED] - Statement - If (!(s1.equals(s))): null

2018-04-13 15:30:10 - [TEST_STEP][PASSED] - Statement - s1 = inputFieldsResults[j]: null

2018-04-13 15:30:10 - [TEST_STEP][PASSED] - Statement - If (!(s1.equals(s))): null

2018-04-13 15:30:10 - [TEST_STEP][PASSED] - Statement - s1 = inputFieldsResults[j]: null

2018-04-13 15:30:10 - [TEST_STEP][PASSED] - Statement - If (!(s1.equals(s))): null

2018-04-13 15:30:10 - [TEST_STEP][PASSED] - Statement - s1 = inputFieldsResults[j]: null

2018-04-13 15:30:10 - [TEST_STEP][PASSED] - Statement - If (!(s1.equals(s))): null

2018-04-13 15:30:10 - [TEST_STEP][PASSED] - Statement - s1 = inputFieldsResults[j]: null

2018-04-13 15:30:10 - [TEST_STEP][PASSED] - Statement - If (!(s1.equals(s))): null

2018-04-13 15:30:10 - [TEST_STEP][PASSED] - Statement - s1 = inputFieldsResults[j]: null

2018-04-13 15:30:10 - [TEST_STEP][PASSED] - Statement - If (!(s1.equals(s))): null

2018-04-13 15:30:10 - [TEST_STEP][PASSED] - Statement - s1 = inputFieldsResults[j]: null

2018-04-13 15:30:10 - [TEST_STEP][PASSED] - Statement - If (!(s1.equals(s))): null

2018-04-13 15:30:10 - [TEST_STEP][PASSED] - Statement - If (!(isEditable)): null

2018-04-13 15:30:10 - [TEST_STEP][PASSED] - Statement - out.println("Store fields are not editable"): null

2018-04-13 15:30:10 - [TEST_STEP][PASSED] - Statement - attrDisabled = com.kms.katalon.core.webui.keyword.WebUiBuiltInKeywords.getAttribute(com.kms.katalon.core.testobject.ObjectRepository.findTestObject(StorePage/storebrandName), "disabled"): Attribute 'disabled' of object 'Object Repository/StorePage/storebrandName' is: 'true'

2018-04-13 15:30:10 - [MESSAGE][PASSED] - Attribute 'disabled' of object 'Object Repository/StorePage/storebrandName' is: 'true'

2018-04-13 15:30:10 - [TEST_STEP][PASSED] - Statement - If (attrDisabled): null

2018-04-13 15:30:10 - [TEST_STEP][PASSED] - Statement - out.println("Store brand is disabled"): null

2018-04-13 15:30:10 - [TEST_STEP][PASSED] - Statement - attrDisabled = com.kms.katalon.core.webui.keyword.WebUiBuiltInKeywords.getAttribute(com.kms.katalon.core.testobject.ObjectRepository.findTestObject(StorePage/storeCountryName), "disabled"): Attribute 'disabled' of object 'Object Repository/StorePage/storeCountryName' is: 'true'

2018-04-13 15:30:10 - [MESSAGE][PASSED] - Attribute 'disabled' of object 'Object Repository/StorePage/storeCountryName' is: 'true'

2018-04-13 15:30:10 - [TEST_STEP][PASSED] - Statement - If (attrDisabled): null

2018-04-13 15:30:10 - [TEST_STEP][PASSED] - Statement - out.println("Store countryName is disabled"): null

2018-04-13 15:30:10 - [TEST_STEP][PASSED] - Statement - assert TCflag == true: null

2018-04-13 15:30:10 - [TEST_STEP][PASSED] - Start listener action : sampleAfterTestCase: Browser is closed

2018-04-13 15:30:10 - [TEST_STEP][PASSED] - Statement - println(testCaseContext.getTestCaseId()): null

2018-04-13 15:30:10 - [TEST_STEP][PASSED] - Statement - println(testCaseContext.getTestCaseStatus()): null

2018-04-13 15:30:10 - [TEST_STEP][PASSED] - closeBrowser: Browser is closed

2018-04-13 15:30:11 - [MESSAGE][PASSED] - Browser is closed]]></system-out>
         <system-err><![CDATA[]]></system-err>
      </testcase>
      <testcase name="Test Cases/HME-Summary Report-02" classname="Test Cases/HME-Summary Report-02" status="PASSED">
         <system-out><![CDATA[2018-04-13 15:30:11 - [TEST_CASE][PASSED] - Test Cases/HME-Summary Report-02: Browser is closed

2018-04-13 15:30:11 - [TEST_STEP][PASSED] - Start listener action : sampleBeforeTestCase: Current window maximized

2018-04-13 15:30:11 - [TEST_STEP][PASSED] - openBrowser: Browser is opened with url: ''

2018-04-13 15:30:14 - [MESSAGE][PASSED] - Browser is opened with url: ''

2018-04-13 15:30:14 - [TEST_STEP][PASSED] - maximizeWindow: Current window maximized

2018-04-13 15:30:15 - [MESSAGE][PASSED] - Current window maximized

2018-04-13 15:30:15 - [TEST_STEP][PASSED] - Statement - TCflag = true: null

2018-04-13 15:30:15 - [TEST_STEP][PASSED] - Statement - Try: null

2018-04-13 15:30:15 - [TEST_STEP][PASSED] - navigateToUrl: Navigate to 'http://uatadmin.hme.com/hmecloud/?pg=Login' successfully

2018-04-13 15:30:20 - [MESSAGE][PASSED] - Navigate to 'http://uatadmin.hme.com/hmecloud/?pg=Login' successfully

2018-04-13 15:30:20 - [TEST_STEP][PASSED] - projectSpecific.Reusability.login: projectSpecific.Reusability.login is PASSED

2018-04-13 15:30:20 - [MESSAGE][PASSED] - projectSpecific.Reusability.getTestData is PASSED

2018-04-13 15:30:20 - [MESSAGE][PASSED] - projectSpecific.Reusability.getTestData is PASSED

2018-04-13 15:30:20 - [MESSAGE][PASSED] - Text 'nous-abhradipr' is set on object 'Object Repository/LoginPage/Username'

2018-04-13 15:30:20 - [MESSAGE][PASSED] - Text '6Qt*qmL88' is set on object 'Object Repository/LoginPage/Password'

2018-04-13 15:30:22 - [MESSAGE][PASSED] - Object: 'Object Repository/LoginPage/Login' is clicked on

2018-04-13 15:30:22 - [MESSAGE][PASSED] - projectSpecific.Reusability.login is PASSED

2018-04-13 15:30:22 - [TEST_STEP][PASSED] - delay: Delayed 5 second(s)

2018-04-13 15:30:27 - [MESSAGE][PASSED] - Delayed 5 second(s)

2018-04-13 15:30:27 - [TEST_STEP][PASSED] - Statement - reportHeaders = CustomKeywords.projectSpecific.Reusability.getTestData("ReportsPage", "ReportsCoulmnHeader"): projectSpecific.Reusability.getTestData is PASSED

2018-04-13 15:30:27 - [MESSAGE][PASSED] - projectSpecific.Reusability.getTestData is PASSED

2018-04-13 15:30:27 - [TEST_STEP][PASSED] - uiaction.CommonUIActions.click: uiaction.CommonUIActions.click is PASSED

2018-04-13 15:30:29 - [MESSAGE][PASSED] - uiaction.CommonUIActions.click is PASSED

2018-04-13 15:30:29 - [TEST_STEP][PASSED] - uiaction.CommonUIActions.enter: uiaction.CommonUIActions.enter is PASSED

2018-04-13 15:30:29 - [MESSAGE][PASSED] - projectSpecific.Reusability.getTestData is PASSED

2018-04-13 15:30:29 - [MESSAGE][PASSED] - uiaction.CommonUIActions.enter is PASSED

2018-04-13 15:30:29 - [TEST_STEP][PASSED] - uiaction.CommonUIActions.click: uiaction.CommonUIActions.click is PASSED

2018-04-13 15:30:30 - [MESSAGE][PASSED] - uiaction.CommonUIActions.click is PASSED

2018-04-13 15:30:30 - [TEST_STEP][PASSED] - delay: Delayed 5 second(s)

2018-04-13 15:30:35 - [MESSAGE][PASSED] - Delayed 5 second(s)

2018-04-13 15:30:35 - [TEST_STEP][PASSED] - uiaction.CommonUIActions.click: uiaction.CommonUIActions.click is PASSED

2018-04-13 15:30:36 - [MESSAGE][PASSED] - uiaction.CommonUIActions.click is PASSED

2018-04-13 15:30:36 - [TEST_STEP][PASSED] - uiaction.CommonUIActions.click: uiaction.CommonUIActions.click is PASSED

2018-04-13 15:30:38 - [MESSAGE][PASSED] - uiaction.CommonUIActions.click is PASSED

2018-04-13 15:30:38 - [TEST_STEP][PASSED] - delay: Delayed 4 second(s)

2018-04-13 15:30:42 - [MESSAGE][PASSED] - Delayed 4 second(s)

2018-04-13 15:30:42 - [TEST_STEP][PASSED] - Statement - driver = com.kms.katalon.core.webui.driver.DriverFactory.getWebDriver(): null

2018-04-13 15:30:42 - [TEST_STEP][PASSED] - uiaction.CommonUIActions.click: uiaction.CommonUIActions.click is PASSED

2018-04-13 15:30:43 - [MESSAGE][PASSED] - uiaction.CommonUIActions.click is PASSED

2018-04-13 15:30:43 - [TEST_STEP][PASSED] - Statement - storesCheckBoxList = driver.findElements(org.openqa.selenium.By.xpath(com.kms.katalon.core.testdata.TestDataFactory.findTestData(OR_file).getValue(2, 4))): Reading excel file with source file 'C:\Users\shalinin\Katalon Studio\HME\Data Files\HME_OR.xlsx' and sheet name 'Sheet1'

2018-04-13 15:30:43 - [TEST_STEP][PASSED] - Statement - index = 1: null

2018-04-13 15:30:43 - [TEST_STEP][PASSED] - Statement - flag = true: null

2018-04-13 15:30:43 - [TEST_STEP][PASSED] - Statement - For ([i = 0, i < storesCheckBoxList.size(), (i++)]): null

2018-04-13 15:30:43 - [TEST_STEP][PASSED] - Statement - element = storesCheckBoxList[i]: null

2018-04-13 15:30:43 - [TEST_STEP][PASSED] - Statement - If (!(element.isSelected())): null

2018-04-13 15:30:43 - [TEST_STEP][PASSED] - Statement - element = storesCheckBoxList[i]: null

2018-04-13 15:30:43 - [TEST_STEP][PASSED] - Statement - If (!(element.isSelected())): null

2018-04-13 15:30:43 - [TEST_STEP][PASSED] - Statement - element = storesCheckBoxList[i]: null

2018-04-13 15:30:43 - [TEST_STEP][PASSED] - Statement - If (!(element.isSelected())): null

2018-04-13 15:30:43 - [TEST_STEP][PASSED] - Statement - element = storesCheckBoxList[i]: null

2018-04-13 15:30:43 - [TEST_STEP][PASSED] - Statement - If (!(element.isSelected())): null

2018-04-13 15:30:43 - [TEST_STEP][PASSED] - Statement - element = storesCheckBoxList[i]: null

2018-04-13 15:30:43 - [TEST_STEP][PASSED] - Statement - If (!(element.isSelected())): null

2018-04-13 15:30:43 - [TEST_STEP][PASSED] - Statement - element = storesCheckBoxList[i]: null

2018-04-13 15:30:43 - [TEST_STEP][PASSED] - Statement - If (!(element.isSelected())): null

2018-04-13 15:30:43 - [TEST_STEP][PASSED] - Statement - element = storesCheckBoxList[i]: null

2018-04-13 15:30:43 - [TEST_STEP][PASSED] - Statement - If (!(element.isSelected())): null

2018-04-13 15:30:43 - [TEST_STEP][PASSED] - Statement - element = storesCheckBoxList[i]: null

2018-04-13 15:30:43 - [TEST_STEP][PASSED] - Statement - If (!(element.isSelected())): null

2018-04-13 15:30:43 - [TEST_STEP][PASSED] - Statement - If (flag): null

2018-04-13 15:30:43 - [TEST_STEP][PASSED] - Statement - out.println("All Store checkboxes are checked"): null

2018-04-13 15:30:43 - [TEST_STEP][PASSED] - delay: Delayed 4 second(s)

2018-04-13 15:30:47 - [MESSAGE][PASSED] - Delayed 4 second(s)

2018-04-13 15:30:47 - [TEST_STEP][PASSED] - click: Object: 'Object Repository/ReportsPage/timeSelection' is clicked on

2018-04-13 15:30:47 - [MESSAGE][PASSED] - Object: 'Object Repository/ReportsPage/timeSelection' is clicked on

2018-04-13 15:30:47 - [TEST_STEP][PASSED] - click: Object: 'Object Repository/ReportsPage/weekTimeOption' is clicked on

2018-04-13 15:30:47 - [MESSAGE][PASSED] - Object: 'Object Repository/ReportsPage/weekTimeOption' is clicked on

2018-04-13 15:30:47 - [TEST_STEP][PASSED] - click: Object: 'Object Repository/ReportsPage/summaryReportHeading' is clicked on

2018-04-13 15:30:47 - [MESSAGE][PASSED] - Object: 'Object Repository/ReportsPage/summaryReportHeading' is clicked on

2018-04-13 15:30:47 - [TEST_STEP][PASSED] - verifyElementText: Actual text and expected text of test object 'Object Repository/ReportsPage/weekTimeOption' are matched.

2018-04-13 15:30:47 - [MESSAGE][PASSED] - projectSpecific.Reusability.getTestData is PASSED

2018-04-13 15:30:47 - [MESSAGE][PASSED] - Actual text and expected text of test object 'Object Repository/ReportsPage/weekTimeOption' are matched.

2018-04-13 15:30:47 - [TEST_STEP][PASSED] - verifyElementText: Actual text and expected text of test object 'Object Repository/ReportsPage/criteriaTimeMeasure' are matched.

2018-04-13 15:30:47 - [MESSAGE][PASSED] - projectSpecific.Reusability.getTestData is PASSED

2018-04-13 15:30:47 - [MESSAGE][PASSED] - Actual text and expected text of test object 'Object Repository/ReportsPage/criteriaTimeMeasure' are matched.

2018-04-13 15:30:47 - [TEST_STEP][PASSED] - delay: Delayed 4 second(s)

2018-04-13 15:30:51 - [MESSAGE][PASSED] - Delayed 4 second(s)

2018-04-13 15:30:51 - [TEST_STEP][PASSED] - click: Object: 'Object Repository/ReportsPage/fromDateSelector' is clicked on

2018-04-13 15:30:52 - [MESSAGE][PASSED] - Object: 'Object Repository/ReportsPage/fromDateSelector' is clicked on

2018-04-13 15:30:52 - [TEST_STEP][PASSED] - delay: Delayed 4 second(s)

2018-04-13 15:30:56 - [MESSAGE][PASSED] - Delayed 4 second(s)

2018-04-13 15:30:56 - [TEST_STEP][PASSED] - Statement - monthText = com.kms.katalon.core.webui.keyword.WebUiBuiltInKeywords.getText(com.kms.katalon.core.testobject.ObjectRepository.findTestObject(ReportsPage/monthText)): Text of object 'Object Repository/ReportsPage/monthText' is: 'April'

2018-04-13 15:30:56 - [MESSAGE][PASSED] - Text of object 'Object Repository/ReportsPage/monthText' is: 'April'

2018-04-13 15:30:56 - [TEST_STEP][PASSED] - Statement - monthTextValue = CustomKeywords.projectSpecific.Reusability.getTestData("ReportsPage", "Month"): projectSpecific.Reusability.getTestData is PASSED

2018-04-13 15:30:56 - [MESSAGE][PASSED] - projectSpecific.Reusability.getTestData is PASSED

2018-04-13 15:30:56 - [TEST_STEP][PASSED] - Statement - If (!(monthTextValue.equals(monthText))): Text of object 'Object Repository/ReportsPage/monthText' is: 'March'

2018-04-13 15:30:56 - [TEST_STEP][PASSED] - Statement - While (!(monthTextValue.equals(monthText))): Text of object 'Object Repository/ReportsPage/monthText' is: 'March'

2018-04-13 15:30:56 - [TEST_STEP][PASSED] - click: Object: 'Object Repository/ReportsPage/previousDateSelector' is clicked on

2018-04-13 15:30:56 - [MESSAGE][PASSED] - Object: 'Object Repository/ReportsPage/previousDateSelector' is clicked on

2018-04-13 15:30:56 - [TEST_STEP][PASSED] - Statement - monthText = com.kms.katalon.core.webui.keyword.WebUiBuiltInKeywords.getText(com.kms.katalon.core.testobject.ObjectRepository.findTestObject(ReportsPage/monthText)): Text of object 'Object Repository/ReportsPage/monthText' is: 'March'

2018-04-13 15:30:56 - [MESSAGE][PASSED] - Text of object 'Object Repository/ReportsPage/monthText' is: 'March'

2018-04-13 15:30:56 - [TEST_STEP][PASSED] - Statement - data = CustomKeywords.projectSpecific.Reusability.getTestData("ReportsPage", "StartDate"): projectSpecific.Reusability.getTestData is PASSED

2018-04-13 15:30:56 - [MESSAGE][PASSED] - projectSpecific.Reusability.getTestData is PASSED

2018-04-13 15:30:56 - [TEST_STEP][PASSED] - Statement - startDate = "//td//a[text()='" + data + "']": null

2018-04-13 15:30:56 - [TEST_STEP][PASSED] - Statement - println(startDate): null

2018-04-13 15:30:56 - [TEST_STEP][PASSED] - Statement - startdateEle = driver.findElement(org.openqa.selenium.By.xpath(startDate)): null

2018-04-13 15:30:56 - [TEST_STEP][PASSED] - Statement - startdateEle.click(): null

2018-04-13 15:30:56 - [TEST_STEP][PASSED] - delay: Delayed 4 second(s)

2018-04-13 15:31:00 - [MESSAGE][PASSED] - Delayed 4 second(s)

2018-04-13 15:31:00 - [TEST_STEP][PASSED] - click: Object: 'Object Repository/ReportsPage/toDateSelector' is clicked on

2018-04-13 15:31:00 - [MESSAGE][PASSED] - Object: 'Object Repository/ReportsPage/toDateSelector' is clicked on

2018-04-13 15:31:00 - [TEST_STEP][PASSED] - Statement - monthText = com.kms.katalon.core.webui.keyword.WebUiBuiltInKeywords.getText(com.kms.katalon.core.testobject.ObjectRepository.findTestObject(ReportsPage/monthText)): Text of object 'Object Repository/ReportsPage/monthText' is: 'April'

2018-04-13 15:31:00 - [MESSAGE][PASSED] - Text of object 'Object Repository/ReportsPage/monthText' is: 'April'

2018-04-13 15:31:00 - [TEST_STEP][PASSED] - Statement - monthTextValue = CustomKeywords.projectSpecific.Reusability.getTestData("ReportsPage", "Month"): projectSpecific.Reusability.getTestData is PASSED

2018-04-13 15:31:00 - [MESSAGE][PASSED] - projectSpecific.Reusability.getTestData is PASSED

2018-04-13 15:31:00 - [TEST_STEP][PASSED] - Statement - If (!(monthTextValue.equals(monthText))): Text of object 'Object Repository/ReportsPage/monthText' is: 'March'

2018-04-13 15:31:00 - [TEST_STEP][PASSED] - Statement - While (!(monthTextValue.equals(monthText))): Text of object 'Object Repository/ReportsPage/monthText' is: 'March'

2018-04-13 15:31:00 - [TEST_STEP][PASSED] - click: Object: 'Object Repository/ReportsPage/previousDateSelector' is clicked on

2018-04-13 15:31:00 - [MESSAGE][PASSED] - Object: 'Object Repository/ReportsPage/previousDateSelector' is clicked on

2018-04-13 15:31:00 - [TEST_STEP][PASSED] - Statement - monthText = com.kms.katalon.core.webui.keyword.WebUiBuiltInKeywords.getText(com.kms.katalon.core.testobject.ObjectRepository.findTestObject(ReportsPage/monthText)): Text of object 'Object Repository/ReportsPage/monthText' is: 'March'

2018-04-13 15:31:00 - [MESSAGE][PASSED] - Text of object 'Object Repository/ReportsPage/monthText' is: 'March'

2018-04-13 15:31:00 - [TEST_STEP][PASSED] - Statement - toDate = "//td//a[text()='" + CustomKeywords.projectSpecific.Reusability.getTestData("ReportsPage", "EndDate") + "']": projectSpecific.Reusability.getTestData is PASSED

2018-04-13 15:31:00 - [MESSAGE][PASSED] - projectSpecific.Reusability.getTestData is PASSED

2018-04-13 15:31:00 - [TEST_STEP][PASSED] - Statement - toDateEle = driver.findElement(org.openqa.selenium.By.xpath(toDate)): null

2018-04-13 15:31:00 - [TEST_STEP][PASSED] - Statement - toDateEle.click(): null

2018-04-13 15:31:00 - [TEST_STEP][PASSED] - delay: Delayed 4 second(s)

2018-04-13 15:31:04 - [MESSAGE][PASSED] - Delayed 4 second(s)

2018-04-13 15:31:04 - [TEST_STEP][PASSED] - Statement - dateAttr = com.kms.katalon.core.webui.keyword.WebUiBuiltInKeywords.getAttribute(com.kms.katalon.core.testobject.ObjectRepository.findTestObject(ReportsPage/fromDate), "value"): Attribute 'value' of object 'Object Repository/ReportsPage/fromDate' is: '03/01/2018'

2018-04-13 15:31:04 - [MESSAGE][PASSED] - Attribute 'value' of object 'Object Repository/ReportsPage/fromDate' is: '03/01/2018'

2018-04-13 15:31:04 - [TEST_STEP][PASSED] - Statement - fromDateValue = CustomKeywords.projectSpecific.Reusability.getTestData("ReportsPage", "fromDate"): projectSpecific.Reusability.getTestData is PASSED

2018-04-13 15:31:04 - [MESSAGE][PASSED] - projectSpecific.Reusability.getTestData is PASSED

2018-04-13 15:31:04 - [TEST_STEP][PASSED] - Statement - If (!(dateAttr.equals(fromDateValue))): null

2018-04-13 15:31:04 - [TEST_STEP][PASSED] - Statement - dateAttr = com.kms.katalon.core.webui.keyword.WebUiBuiltInKeywords.getAttribute(com.kms.katalon.core.testobject.ObjectRepository.findTestObject(ReportsPage/toDate), "value"): Attribute 'value' of object 'Object Repository/ReportsPage/toDate' is: '03/14/2018'

2018-04-13 15:31:04 - [MESSAGE][PASSED] - Attribute 'value' of object 'Object Repository/ReportsPage/toDate' is: '03/14/2018'

2018-04-13 15:31:04 - [TEST_STEP][PASSED] - Statement - toDateValue = CustomKeywords.projectSpecific.Reusability.getTestData("ReportsPage", "toDate"): projectSpecific.Reusability.getTestData is PASSED

2018-04-13 15:31:04 - [MESSAGE][PASSED] - projectSpecific.Reusability.getTestData is PASSED

2018-04-13 15:31:04 - [TEST_STEP][PASSED] - Statement - If (!(dateAttr.equals(toDateValue))): null

2018-04-13 15:31:04 - [TEST_STEP][PASSED] - verifyElementText: Actual text and expected text of test object 'Object Repository/ReportsPage/includeText' are matched.

2018-04-13 15:31:04 - [MESSAGE][PASSED] - projectSpecific.Reusability.getTestData is PASSED

2018-04-13 15:31:04 - [MESSAGE][PASSED] - Actual text and expected text of test object 'Object Repository/ReportsPage/includeText' are matched.

2018-04-13 15:31:04 - [TEST_STEP][PASSED] - verifyElementText: Actual text and expected text of test object 'Object Repository/ReportsPage/formatText' are matched.

2018-04-13 15:31:04 - [MESSAGE][PASSED] - projectSpecific.Reusability.getTestData is PASSED

2018-04-13 15:31:05 - [MESSAGE][PASSED] - Actual text and expected text of test object 'Object Repository/ReportsPage/formatText' are matched.

2018-04-13 15:31:05 - [TEST_STEP][PASSED] - Statement - Try: null

2018-04-13 15:31:05 - [TEST_STEP][PASSED] - Statement - templateHeading = CustomKeywords.projectSpecific.Reusability.getTestData("ReportsPage", "templateHeading"): projectSpecific.Reusability.getTestData is PASSED

2018-04-13 15:31:05 - [MESSAGE][PASSED] - projectSpecific.Reusability.getTestData is PASSED

2018-04-13 15:31:05 - [TEST_STEP][PASSED] - Statement - existingTemplatexpath = "//td[text()='" + templateHeading + "']/../td[2]": null

2018-04-13 15:31:05 - [TEST_STEP][PASSED] - Statement - existingTemplatedeleteLink = driver.findElement(org.openqa.selenium.By.xpath(existingTemplatexpath)): null

2018-04-13 15:31:05 - [TEST_STEP][PASSED] - Statement - If (existingTemplatedeleteLink.isDisplayed() == true): null

2018-04-13 15:31:05 - [TEST_STEP][PASSED] - click: Object: 'Object Repository/ReportsPage/saveTemplateChkBox' is clicked on

2018-04-13 15:31:05 - [MESSAGE][PASSED] - Object: 'Object Repository/ReportsPage/saveTemplateChkBox' is clicked on

2018-04-13 15:31:05 - [TEST_STEP][PASSED] - verifyElementChecked: Object 'Object Repository/ReportsPage/saveTemplateChkBox' is checked

2018-04-13 15:31:05 - [MESSAGE][PASSED] - Object 'Object Repository/ReportsPage/saveTemplateChkBox' is checked

2018-04-13 15:31:05 - [TEST_STEP][PASSED] - click: Object: 'Object Repository/ReportsPage/templateName' is clicked on

2018-04-13 15:31:05 - [MESSAGE][PASSED] - Object: 'Object Repository/ReportsPage/templateName' is clicked on

2018-04-13 15:31:05 - [TEST_STEP][PASSED] - uiaction.CommonUIActions.enter: uiaction.CommonUIActions.enter is PASSED

2018-04-13 15:31:05 - [MESSAGE][PASSED] - projectSpecific.Reusability.getTestData is PASSED

2018-04-13 15:31:05 - [MESSAGE][PASSED] - uiaction.CommonUIActions.enter is PASSED

2018-04-13 15:31:05 - [TEST_STEP][PASSED] - Statement - s1 = com.kms.katalon.core.webui.keyword.WebUiBuiltInKeywords.getAttribute(com.kms.katalon.core.testobject.ObjectRepository.findTestObject(ReportsPage/templateName), "value"): Attribute 'value' of object 'Object Repository/ReportsPage/templateName' is: 'Weekly report for first 2 weeks in March'

2018-04-13 15:31:05 - [MESSAGE][PASSED] - Attribute 'value' of object 'Object Repository/ReportsPage/templateName' is: 'Weekly report for first 2 weeks in March'

2018-04-13 15:31:05 - [TEST_STEP][PASSED] - Statement - execFlag = com.kms.katalon.core.webui.keyword.WebUiBuiltInKeywords.verifyMatch(s1, CustomKeywords.projectSpecific.Reusability.getTestData("ReportsPage", "templateHeading"), false): Actual text 'Weekly report for first 2 weeks in March' and expected text 'Weekly report for first 2 weeks in March' are matched 

2018-04-13 15:31:05 - [MESSAGE][PASSED] - projectSpecific.Reusability.getTestData is PASSED

2018-04-13 15:31:05 - [MESSAGE][PASSED] - Actual text 'Weekly report for first 2 weeks in March' and expected text 'Weekly report for first 2 weeks in March' are matched 

2018-04-13 15:31:05 - [TEST_STEP][PASSED] - Statement - If (!(execFlag)): null

2018-04-13 15:31:05 - [TEST_STEP][PASSED] - click: Object: 'Object Repository/ReportsPage/generateReport' is clicked on

2018-04-13 15:31:35 - [MESSAGE][PASSED] - Object: 'Object Repository/ReportsPage/generateReport' is clicked on

2018-04-13 15:31:35 - [TEST_STEP][PASSED] - delay: Delayed 15 second(s)

2018-04-13 15:31:50 - [MESSAGE][PASSED] - Delayed 15 second(s)

2018-04-13 15:31:50 - [TEST_STEP][PASSED] - Statement - summHeading = CustomKeywords.projectSpecific.Reusability.getTestData("SummarizedReportPage", "summaryHeading"): projectSpecific.Reusability.getTestData is PASSED

2018-04-13 15:31:50 - [MESSAGE][PASSED] - projectSpecific.Reusability.getTestData is PASSED

2018-04-13 15:31:50 - [TEST_STEP][PASSED] - verifyElementText: Actual text and expected text of test object 'Object Repository/SummarizedReportPage/summaryReport' are matched.

2018-04-13 15:31:50 - [MESSAGE][PASSED] - Actual text and expected text of test object 'Object Repository/SummarizedReportPage/summaryReport' are matched.

2018-04-13 15:31:50 - [TEST_STEP][PASSED] - Statement - startTime = CustomKeywords.projectSpecific.Reusability.getTestData("SummarizedReportPage", "reportstartTime"): projectSpecific.Reusability.getTestData is PASSED

2018-04-13 15:31:50 - [MESSAGE][PASSED] - projectSpecific.Reusability.getTestData is PASSED

2018-04-13 15:31:50 - [TEST_STEP][PASSED] - verifyElementText: Actual text and expected text of test object 'Object Repository/SummarizedReportPage/startDateText' are matched.

2018-04-13 15:31:50 - [MESSAGE][PASSED] - Actual text and expected text of test object 'Object Repository/SummarizedReportPage/startDateText' are matched.

2018-04-13 15:31:50 - [TEST_STEP][PASSED] - Statement - endTime = CustomKeywords.projectSpecific.Reusability.getTestData("SummarizedReportPage", "reportendTime"): projectSpecific.Reusability.getTestData is PASSED

2018-04-13 15:31:50 - [MESSAGE][PASSED] - projectSpecific.Reusability.getTestData is PASSED

2018-04-13 15:31:50 - [TEST_STEP][PASSED] - verifyElementText: Actual text and expected text of test object 'Object Repository/SummarizedReportPage/endDateText' are matched.

2018-04-13 15:31:50 - [MESSAGE][PASSED] - Actual text and expected text of test object 'Object Repository/SummarizedReportPage/endDateText' are matched.

2018-04-13 15:31:50 - [TEST_STEP][PASSED] - verifyElementPresent: Object 'Object Repository/SummarizedReportPage/printDateText' is present

2018-04-13 15:31:50 - [MESSAGE][PASSED] - Object 'Object Repository/SummarizedReportPage/printDateText' is present

2018-04-13 15:31:50 - [TEST_STEP][PASSED] - Statement - today = new java.util.Date(): null

2018-04-13 15:31:50 - [TEST_STEP][PASSED] - Statement - println(today.format("MMMMM dd,yyyy")): null

2018-04-13 15:31:50 - [TEST_STEP][PASSED] - Statement - todayDate = today.format("MMMMM dd,yyyy"): null

2018-04-13 15:31:50 - [TEST_STEP][PASSED] - Statement - date1 = CustomKeywords.uiaction.CommonUIActions.getText(com.kms.katalon.core.testobject.ObjectRepository.findTestObject(SummarizedReportPage/printDateText)): uiaction.CommonUIActions.getText is PASSED

2018-04-13 15:31:50 - [MESSAGE][PASSED] - uiaction.CommonUIActions.getText is PASSED

2018-04-13 15:31:50 - [TEST_STEP][PASSED] - Statement - If (date1.contains(todayDate)): null

2018-04-13 15:31:50 - [TEST_STEP][PASSED] - Statement - firstDateRange = CustomKeywords.projectSpecific.Reusability.getTestData("SummarizedReportPage", "firstDateRange"): projectSpecific.Reusability.getTestData is PASSED

2018-04-13 15:31:50 - [MESSAGE][PASSED] - projectSpecific.Reusability.getTestData is PASSED

2018-04-13 15:31:50 - [TEST_STEP][PASSED] - verifyElementText: Actual text and expected text of test object 'Object Repository/SummarizedReportPage/firstWeekDateRange' are matched.

2018-04-13 15:31:50 - [MESSAGE][PASSED] - Actual text and expected text of test object 'Object Repository/SummarizedReportPage/firstWeekDateRange' are matched.

2018-04-13 15:31:50 - [TEST_STEP][PASSED] - Statement - storeNames = driver.findElements(org.openqa.selenium.By.xpath(com.kms.katalon.core.testdata.TestDataFactory.findTestData(OR_file).getValue(2, 9))): Reading excel file with source file 'C:\Users\shalinin\Katalon Studio\HME\Data Files\HME_OR.xlsx' and sheet name 'Sheet1'

2018-04-13 15:31:50 - [TEST_STEP][PASSED] - Statement - storeNameString = "McD": null

2018-04-13 15:31:50 - [TEST_STEP][PASSED] - Statement - contains = true: null

2018-04-13 15:31:50 - [TEST_STEP][PASSED] - Statement - For ([i = 0, i < storeNames.size(), (i++)]): null

2018-04-13 15:31:50 - [TEST_STEP][PASSED] - Statement - val = storeNames[i].getText(): null

2018-04-13 15:31:50 - [TEST_STEP][PASSED] - Statement - If (!(val.contains(storeNameString))): null

2018-04-13 15:31:50 - [TEST_STEP][PASSED] - Statement - val = storeNames[i].getText(): null

2018-04-13 15:31:50 - [TEST_STEP][PASSED] - Statement - If (!(val.contains(storeNameString))): null

2018-04-13 15:31:50 - [TEST_STEP][PASSED] - Statement - val = storeNames[i].getText(): null

2018-04-13 15:31:50 - [TEST_STEP][PASSED] - Statement - If (!(val.contains(storeNameString))): null

2018-04-13 15:31:50 - [TEST_STEP][PASSED] - Statement - val = storeNames[i].getText(): null

2018-04-13 15:31:50 - [TEST_STEP][PASSED] - Statement - If (!(val.contains(storeNameString))): null

2018-04-13 15:31:50 - [TEST_STEP][PASSED] - Statement - val = storeNames[i].getText(): null

2018-04-13 15:31:50 - [TEST_STEP][PASSED] - Statement - If (!(val.contains(storeNameString))): null

2018-04-13 15:31:50 - [TEST_STEP][PASSED] - Statement - val = storeNames[i].getText(): null

2018-04-13 15:31:50 - [TEST_STEP][PASSED] - Statement - If (!(val.contains(storeNameString))): null

2018-04-13 15:31:50 - [TEST_STEP][PASSED] - Statement - val = storeNames[i].getText(): null

2018-04-13 15:31:50 - [TEST_STEP][PASSED] - Statement - If (!(val.contains(storeNameString))): null

2018-04-13 15:31:50 - [TEST_STEP][PASSED] - Statement - val = storeNames[i].getText(): null

2018-04-13 15:31:50 - [TEST_STEP][PASSED] - Statement - If (!(val.contains(storeNameString))): null

2018-04-13 15:31:50 - [TEST_STEP][PASSED] - Statement - If (!(contains)): null

2018-04-13 15:31:50 - [TEST_STEP][PASSED] - Statement - reportsArray = reportHeaders.split(","): null

2018-04-13 15:31:50 - [TEST_STEP][PASSED] - Statement - reportsHeaderList = new java.util.ArrayList(java.util.Arrays.asList(reportsArray)): null

2018-04-13 15:31:50 - [TEST_STEP][PASSED] - Statement - reportsHeaderList.unique(): null

2018-04-13 15:31:50 - [TEST_STEP][PASSED] - Statement - out.println(reportsHeaderList): null

2018-04-13 15:31:50 - [TEST_STEP][PASSED] - Statement - columnHeaderList = driver.findElements(org.openqa.selenium.By.xpath(com.kms.katalon.core.testdata.TestDataFactory.findTestData(OR_file).getValue(2, 5))): Reading excel file with source file 'C:\Users\shalinin\Katalon Studio\HME\Data Files\HME_OR.xlsx' and sheet name 'Sheet1'

2018-04-13 15:31:50 - [TEST_STEP][PASSED] - Statement - actualList = new java.util.ArrayList(): null

2018-04-13 15:31:50 - [TEST_STEP][PASSED] - Statement - For ([i = 0, i < columnHeaderList.size() - 7, (i++)]): null

2018-04-13 15:31:50 - [TEST_STEP][PASSED] - Statement - actualList.add(i, columnHeaderList.get(i).getText()): null

2018-04-13 15:31:50 - [TEST_STEP][PASSED] - Statement - actualList.add(i, columnHeaderList.get(i).getText()): null

2018-04-13 15:31:50 - [TEST_STEP][PASSED] - Statement - actualList.add(i, columnHeaderList.get(i).getText()): null

2018-04-13 15:31:50 - [TEST_STEP][PASSED] - Statement - actualList.add(i, columnHeaderList.get(i).getText()): null

2018-04-13 15:31:50 - [TEST_STEP][PASSED] - Statement - actualList.add(i, columnHeaderList.get(i).getText()): null

2018-04-13 15:31:50 - [TEST_STEP][PASSED] - Statement - actualList.add(i, columnHeaderList.get(i).getText()): null

2018-04-13 15:31:50 - [TEST_STEP][PASSED] - Statement - actualList.add(i, columnHeaderList.get(i).getText()): null

2018-04-13 15:31:50 - [TEST_STEP][PASSED] - Statement - out.println(actualList): null

2018-04-13 15:31:50 - [TEST_STEP][PASSED] - Statement - execFlag1 = true: null

2018-04-13 15:31:50 - [TEST_STEP][PASSED] - Statement - For ([j = 0, j < actualList.size(), (j++)]): null

2018-04-13 15:31:50 - [TEST_STEP][PASSED] - Statement - execFlag1 = com.kms.katalon.core.webui.keyword.WebUiBuiltInKeywords.verifyMatch(reportsHeaderList.get(j).toString().trim(), actualList.get(j).toString().trim(), false): Actual text 'Stores' and expected text 'Stores' are matched 

2018-04-13 15:31:50 - [MESSAGE][PASSED] - Actual text 'Stores' and expected text 'Stores' are matched 

2018-04-13 15:31:50 - [TEST_STEP][PASSED] - Statement - If (!(execFlag1)): null

2018-04-13 15:31:50 - [TEST_STEP][PASSED] - Statement - execFlag1 = com.kms.katalon.core.webui.keyword.WebUiBuiltInKeywords.verifyMatch(reportsHeaderList.get(j).toString().trim(), actualList.get(j).toString().trim(), false): Actual text 'Menu Board' and expected text 'Menu Board' are matched 

2018-04-13 15:31:50 - [MESSAGE][PASSED] - Actual text 'Menu Board' and expected text 'Menu Board' are matched 

2018-04-13 15:31:50 - [TEST_STEP][PASSED] - Statement - If (!(execFlag1)): null

2018-04-13 15:31:50 - [TEST_STEP][PASSED] - Statement - execFlag1 = com.kms.katalon.core.webui.keyword.WebUiBuiltInKeywords.verifyMatch(reportsHeaderList.get(j).toString().trim(), actualList.get(j).toString().trim(), false): Actual text 'Greet' and expected text 'Greet' are matched 

2018-04-13 15:31:50 - [MESSAGE][PASSED] - Actual text 'Greet' and expected text 'Greet' are matched 

2018-04-13 15:31:50 - [TEST_STEP][PASSED] - Statement - If (!(execFlag1)): null

2018-04-13 15:31:50 - [TEST_STEP][PASSED] - Statement - execFlag1 = com.kms.katalon.core.webui.keyword.WebUiBuiltInKeywords.verifyMatch(reportsHeaderList.get(j).toString().trim(), actualList.get(j).toString().trim(), false): Actual text 'Service' and expected text 'Service' are matched 

2018-04-13 15:31:50 - [MESSAGE][PASSED] - Actual text 'Service' and expected text 'Service' are matched 

2018-04-13 15:31:50 - [TEST_STEP][PASSED] - Statement - If (!(execFlag1)): null

2018-04-13 15:31:50 - [TEST_STEP][PASSED] - Statement - execFlag1 = com.kms.katalon.core.webui.keyword.WebUiBuiltInKeywords.verifyMatch(reportsHeaderList.get(j).toString().trim(), actualList.get(j).toString().trim(), false): Actual text 'Lane Queue *' and expected text 'Lane Queue *' are matched 

2018-04-13 15:31:50 - [MESSAGE][PASSED] - Actual text 'Lane Queue *' and expected text 'Lane Queue *' are matched 

2018-04-13 15:31:50 - [TEST_STEP][PASSED] - Statement - If (!(execFlag1)): null

2018-04-13 15:31:50 - [TEST_STEP][PASSED] - Statement - execFlag1 = com.kms.katalon.core.webui.keyword.WebUiBuiltInKeywords.verifyMatch(reportsHeaderList.get(j).toString().trim(), actualList.get(j).toString().trim(), false): Actual text 'Lane Total' and expected text 'Lane Total' are matched 

2018-04-13 15:31:50 - [MESSAGE][PASSED] - Actual text 'Lane Total' and expected text 'Lane Total' are matched 

2018-04-13 15:31:50 - [TEST_STEP][PASSED] - Statement - If (!(execFlag1)): null

2018-04-13 15:31:50 - [TEST_STEP][PASSED] - Statement - execFlag1 = com.kms.katalon.core.webui.keyword.WebUiBuiltInKeywords.verifyMatch(reportsHeaderList.get(j).toString().trim(), actualList.get(j).toString().trim(), false): Actual text 'Total Cars' and expected text 'Total Cars' are matched 

2018-04-13 15:31:50 - [MESSAGE][PASSED] - Actual text 'Total Cars' and expected text 'Total Cars' are matched 

2018-04-13 15:31:50 - [TEST_STEP][PASSED] - Statement - If (!(execFlag1)): null

2018-04-13 15:31:50 - [TEST_STEP][PASSED] - Statement - If (execFlag1): null

2018-04-13 15:31:50 - [TEST_STEP][PASSED] - Statement - out.println("Reports Column headers are verified"): null

2018-04-13 15:31:50 - [TEST_STEP][PASSED] - Statement - reportTotalWeek = driver.findElements(org.openqa.selenium.By.xpath(com.kms.katalon.core.testdata.TestDataFactory.findTestData(OR_file).getValue(2, 6))): Reading excel file with source file 'C:\Users\shalinin\Katalon Studio\HME\Data Files\HME_OR.xlsx' and sheet name 'Sheet1'

2018-04-13 15:31:50 - [TEST_STEP][PASSED] - Statement - totalweekrownumber = 0: null

2018-04-13 15:31:50 - [TEST_STEP][PASSED] - Statement - totalWeek = null: null

2018-04-13 15:31:50 - [TEST_STEP][PASSED] - Statement - For ([totalrows = 2, totalrows < reportTotalWeek.size(), (totalrows++)]): null

2018-04-13 15:31:50 - [TEST_STEP][PASSED] - Statement - If (reportTotalWeek.get(totalrows).getText().contains("Total Week")): null

2018-04-13 15:31:50 - [TEST_STEP][PASSED] - Statement - Else: null

2018-04-13 15:31:50 - [TEST_STEP][PASSED] - Statement - If (reportTotalWeek.get(totalrows).getText().contains("Total Week")): null

2018-04-13 15:31:50 - [TEST_STEP][PASSED] - Statement - Else: null

2018-04-13 15:31:50 - [TEST_STEP][PASSED] - Statement - If (reportTotalWeek.get(totalrows).getText().contains("Total Week")): null

2018-04-13 15:31:50 - [TEST_STEP][PASSED] - Statement - Else: null

2018-04-13 15:31:50 - [TEST_STEP][PASSED] - Statement - If (reportTotalWeek.get(totalrows).getText().contains("Total Week")): null

2018-04-13 15:31:50 - [TEST_STEP][PASSED] - Statement - Else: null

2018-04-13 15:31:50 - [TEST_STEP][PASSED] - Statement - If (reportTotalWeek.get(totalrows).getText().contains("Total Week")): null

2018-04-13 15:31:50 - [TEST_STEP][PASSED] - Statement - Else: null

2018-04-13 15:31:50 - [TEST_STEP][PASSED] - Statement - If (reportTotalWeek.get(totalrows).getText().contains("Total Week")): null

2018-04-13 15:31:50 - [TEST_STEP][PASSED] - Statement - Else: null

2018-04-13 15:31:50 - [TEST_STEP][PASSED] - Statement - If (reportTotalWeek.get(totalrows).getText().contains("Total Week")): null

2018-04-13 15:31:50 - [TEST_STEP][PASSED] - Statement - totalWeek = driver.findElement(org.openqa.selenium.By.xpath("(//div[@class='clear']/table/tbody/tr/td[1])[" + totalrows + 1 + "]")).getText(): null

2018-04-13 15:31:50 - [TEST_STEP][PASSED] - Statement - Break: null

2018-04-13 15:31:50 - [TEST_STEP][PASSED] - Statement - totalWeekValue = CustomKeywords.projectSpecific.Reusability.getTestData("SummarizedReportPage", "TotalWeek"): projectSpecific.Reusability.getTestData is PASSED

2018-04-13 15:31:50 - [MESSAGE][PASSED] - projectSpecific.Reusability.getTestData is PASSED

2018-04-13 15:31:50 - [TEST_STEP][PASSED] - Statement - If (totalWeek.trim().equals(totalWeekValue)): null

2018-04-13 15:31:50 - [TEST_STEP][PASSED] - Statement - out.println("Total week is displayed in last row"): null

2018-04-13 15:31:50 - [TEST_STEP][PASSED] - delay: Delayed 5 second(s)

2018-04-13 15:31:55 - [MESSAGE][PASSED] - Delayed 5 second(s)

2018-04-13 15:31:55 - [TEST_STEP][PASSED] - Statement - secondDateRange = CustomKeywords.projectSpecific.Reusability.getTestData("SummarizedReportPage", "secondDateRange"): projectSpecific.Reusability.getTestData is PASSED

2018-04-13 15:31:55 - [MESSAGE][PASSED] - projectSpecific.Reusability.getTestData is PASSED

2018-04-13 15:31:55 - [TEST_STEP][PASSED] - verifyElementText: Actual text and expected text of test object 'Object Repository/SummarizedReportPage/secondWeekDateRange' are matched.

2018-04-13 15:31:56 - [MESSAGE][PASSED] - Actual text and expected text of test object 'Object Repository/SummarizedReportPage/secondWeekDateRange' are matched.

2018-04-13 15:31:56 - [TEST_STEP][PASSED] - uiaction.CommonUIActions.click: uiaction.CommonUIActions.click is PASSED

2018-04-13 15:32:04 - [MESSAGE][PASSED] - uiaction.CommonUIActions.click is PASSED

2018-04-13 15:32:04 - [TEST_STEP][PASSED] - Statement - summheadingforSingleStore = CustomKeywords.projectSpecific.Reusability.getTestData("SummarizedReportPage", "summaryHeading"): projectSpecific.Reusability.getTestData is PASSED

2018-04-13 15:32:04 - [MESSAGE][PASSED] - projectSpecific.Reusability.getTestData is PASSED

2018-04-13 15:32:04 - [TEST_STEP][PASSED] - verifyElementText: Actual text and expected text of test object 'Object Repository/SummarizedReportPage/summerizedReportforSingleStore' are matched.

2018-04-13 15:32:05 - [MESSAGE][PASSED] - Actual text and expected text of test object 'Object Repository/SummarizedReportPage/summerizedReportforSingleStore' are matched.

2018-04-13 15:32:05 - [TEST_STEP][PASSED] - Statement - header1 = CustomKeywords.projectSpecific.Reusability.getTestData("SummarizedReportPage", "WeekReportHeader1"): projectSpecific.Reusability.getTestData is PASSED

2018-04-13 15:32:05 - [MESSAGE][PASSED] - projectSpecific.Reusability.getTestData is PASSED

2018-04-13 15:32:05 - [TEST_STEP][PASSED] - Statement - weekReportHeader1 = header1.split(","): null

2018-04-13 15:32:05 - [TEST_STEP][PASSED] - Statement - weekReportHeaderList1 = new java.util.ArrayList(java.util.Arrays.asList(weekReportHeader1)): null

2018-04-13 15:32:05 - [TEST_STEP][PASSED] - Statement - weekReportHeaderList1.unique(): null

2018-04-13 15:32:05 - [TEST_STEP][PASSED] - Statement - out.println(weekReportHeaderList1): null

2018-04-13 15:32:05 - [TEST_STEP][PASSED] - Statement - weekHeaderList = driver.findElements(org.openqa.selenium.By.xpath(com.kms.katalon.core.testdata.TestDataFactory.findTestData(OR_file).getValue(2, 7))): Reading excel file with source file 'C:\Users\shalinin\Katalon Studio\HME\Data Files\HME_OR.xlsx' and sheet name 'Sheet1'

2018-04-13 15:32:05 - [TEST_STEP][PASSED] - Statement - actualList1 = new java.util.ArrayList(): null

2018-04-13 15:32:05 - [TEST_STEP][PASSED] - Statement - For ([i = 0, i < weekHeaderList.size(), (i++)]): null

2018-04-13 15:32:05 - [TEST_STEP][PASSED] - Statement - actualList1.add(i, weekHeaderList.get(i).getText()): null

2018-04-13 15:32:05 - [TEST_STEP][PASSED] - Statement - actualList1.add(i, weekHeaderList.get(i).getText()): null

2018-04-13 15:32:05 - [TEST_STEP][PASSED] - Statement - actualList1.add(i, weekHeaderList.get(i).getText()): null

2018-04-13 15:32:05 - [TEST_STEP][PASSED] - Statement - actualList1.add(i, weekHeaderList.get(i).getText()): null

2018-04-13 15:32:05 - [TEST_STEP][PASSED] - Statement - actualList1.add(i, weekHeaderList.get(i).getText()): null

2018-04-13 15:32:05 - [TEST_STEP][PASSED] - Statement - actualList1.add(i, weekHeaderList.get(i).getText()): null

2018-04-13 15:32:05 - [TEST_STEP][PASSED] - Statement - out.println(actualList1): null

2018-04-13 15:32:05 - [TEST_STEP][PASSED] - Statement - execFlag2 = true: null

2018-04-13 15:32:05 - [TEST_STEP][PASSED] - Statement - For ([j = 0, j < actualList1.size(), (j++)]): null

2018-04-13 15:32:05 - [TEST_STEP][PASSED] - Statement - execFlag2 = com.kms.katalon.core.webui.keyword.WebUiBuiltInKeywords.verifyMatch(weekReportHeaderList1.get(j).toString().trim(), actualList1.get(j).toString().trim(), false): Actual text 'Store #:' and expected text 'Store #:' are matched 

2018-04-13 15:32:05 - [MESSAGE][PASSED] - Actual text 'Store #:' and expected text 'Store #:' are matched 

2018-04-13 15:32:05 - [TEST_STEP][PASSED] - Statement - If (!(execFlag2)): null

2018-04-13 15:32:05 - [TEST_STEP][PASSED] - Statement - execFlag2 = com.kms.katalon.core.webui.keyword.WebUiBuiltInKeywords.verifyMatch(weekReportHeaderList1.get(j).toString().trim(), actualList1.get(j).toString().trim(), false): Actual text 'Start Time:' and expected text 'Start Time:' are matched 

2018-04-13 15:32:05 - [MESSAGE][PASSED] - Actual text 'Start Time:' and expected text 'Start Time:' are matched 

2018-04-13 15:32:05 - [TEST_STEP][PASSED] - Statement - If (!(execFlag2)): null

2018-04-13 15:32:05 - [TEST_STEP][PASSED] - Statement - execFlag2 = com.kms.katalon.core.webui.keyword.WebUiBuiltInKeywords.verifyMatch(weekReportHeaderList1.get(j).toString().trim(), actualList1.get(j).toString().trim(), false): Actual text 'Print Date:' and expected text 'Print Date:' are matched 

2018-04-13 15:32:05 - [MESSAGE][PASSED] - Actual text 'Print Date:' and expected text 'Print Date:' are matched 

2018-04-13 15:32:05 - [TEST_STEP][PASSED] - Statement - If (!(execFlag2)): null

2018-04-13 15:32:05 - [TEST_STEP][PASSED] - Statement - execFlag2 = com.kms.katalon.core.webui.keyword.WebUiBuiltInKeywords.verifyMatch(weekReportHeaderList1.get(j).toString().trim(), actualList1.get(j).toString().trim(), false): Actual text 'Store Desc.:' and expected text 'Store Desc.:' are matched 

2018-04-13 15:32:05 - [MESSAGE][PASSED] - Actual text 'Store Desc.:' and expected text 'Store Desc.:' are matched 

2018-04-13 15:32:05 - [TEST_STEP][PASSED] - Statement - If (!(execFlag2)): null

2018-04-13 15:32:05 - [TEST_STEP][PASSED] - Statement - execFlag2 = com.kms.katalon.core.webui.keyword.WebUiBuiltInKeywords.verifyMatch(weekReportHeaderList1.get(j).toString().trim(), actualList1.get(j).toString().trim(), false): Actual text 'Stop Time:' and expected text 'Stop Time:' are matched 

2018-04-13 15:32:05 - [MESSAGE][PASSED] - Actual text 'Stop Time:' and expected text 'Stop Time:' are matched 

2018-04-13 15:32:05 - [TEST_STEP][PASSED] - Statement - If (!(execFlag2)): null

2018-04-13 15:32:05 - [TEST_STEP][PASSED] - Statement - execFlag2 = com.kms.katalon.core.webui.keyword.WebUiBuiltInKeywords.verifyMatch(weekReportHeaderList1.get(j).toString().trim(), actualList1.get(j).toString().trim(), false): Actual text 'Print Time:' and expected text 'Print Time:' are matched 

2018-04-13 15:32:05 - [MESSAGE][PASSED] - Actual text 'Print Time:' and expected text 'Print Time:' are matched 

2018-04-13 15:32:05 - [TEST_STEP][PASSED] - Statement - If (!(execFlag2)): null

2018-04-13 15:32:05 - [TEST_STEP][PASSED] - Statement - If (execFlag2): null

2018-04-13 15:32:05 - [TEST_STEP][PASSED] - Statement - out.println("Week Report headers are verified"): null

2018-04-13 15:32:05 - [TEST_STEP][PASSED] - Statement - assert TCflag == true: null

2018-04-13 15:32:05 - [TEST_STEP][PASSED] - Start listener action : sampleAfterTestCase: Browser is closed

2018-04-13 15:32:05 - [TEST_STEP][PASSED] - Statement - println(testCaseContext.getTestCaseId()): null

2018-04-13 15:32:05 - [TEST_STEP][PASSED] - Statement - println(testCaseContext.getTestCaseStatus()): null

2018-04-13 15:32:05 - [TEST_STEP][PASSED] - closeBrowser: Browser is closed

2018-04-13 15:32:05 - [MESSAGE][PASSED] - Browser is closed]]></system-out>
         <system-err><![CDATA[]]></system-err>
      </testcase>
      <system-out><![CDATA[2018-04-13 15:29:48 - [TEST_SUITE][PASSED] - RegressionSuite: Browser is closed]]></system-out>
      <system-err><![CDATA[]]></system-err>
   </testsuite>
</testsuites>
