<?xml version="1.0" encoding="UTF-8"?>
<testsuites name="RegressionSuite" time="13667" tests="13" failures="37" errors="2">
   <testsuite name="RegressionSuite" tests="13" failures="37" errors="2" time="13667" timestamp="2018-06-14 16:44:43" hostname="shalinin - NIBC2129.nousinfo.com" id="Test Suites/RegressionSuite">
      <properties>
         <property name="deviceName" value=""/>
         <property name="devicePlatform" value=""/>
         <property name="logFolder" value="C:\\Users\\shalinin\\Katalon Studio\\HME_Scripts\\Reports\\RegressionSuite\\20180614_164441"/>
         <property name="logFiles" value="C:\\Users\\shalinin\\Katalon Studio\\HME_Scripts\\Reports\\RegressionSuite\\20180614_164441\\execution0.log, C:\\Users\\shalinin\\Katalon Studio\\HME_Scripts\\Reports\\RegressionSuite\\20180614_164441\\execution1.log, C:\\Users\\shalinin\\Katalon Studio\\HME_Scripts\\Reports\\RegressionSuite\\20180614_164441\\execution2.log"/>
         <property name="attachments" value="C:\\Users\\shalinin\\Katalon Studio\\HME_Scripts\\Reports\\RegressionSuite\\20180614_164441\\1528977740966.png, C:\\Users\\shalinin\\Katalon Studio\\HME_Scripts\\Reports\\RegressionSuite\\20180614_164441\\1528978435250.png, C:\\Users\\shalinin\\Katalon Studio\\HME_Scripts\\Reports\\RegressionSuite\\20180614_164441\\1528978442921.png, C:\\Users\\shalinin\\Katalon Studio\\HME_Scripts\\Reports\\RegressionSuite\\20180614_164441\\1528978601980.png, C:\\Users\\shalinin\\Katalon Studio\\HME_Scripts\\Reports\\RegressionSuite\\20180614_164441\\1528978632815.png, C:\\Users\\shalinin\\Katalon Studio\\HME_Scripts\\Reports\\RegressionSuite\\20180614_164441\\1528978751850.png, C:\\Users\\shalinin\\Katalon Studio\\HME_Scripts\\Reports\\RegressionSuite\\20180614_164441\\1528979694184.png, C:\\Users\\shalinin\\Katalon Studio\\HME_Scripts\\Reports\\RegressionSuite\\20180614_164441\\1528979943746.png, C:\\Users\\shalinin\\Katalon Studio\\HME_Scripts\\Reports\\RegressionSuite\\20180614_164441\\1528980193122.png, C:\\Users\\shalinin\\Katalon Studio\\HME_Scripts\\Reports\\RegressionSuite\\20180614_164441\\1528980442534.png, C:\\Users\\shalinin\\Katalon Studio\\HME_Scripts\\Reports\\RegressionSuite\\20180614_164441\\1528980691994.png, C:\\Users\\shalinin\\Katalon Studio\\HME_Scripts\\Reports\\RegressionSuite\\20180614_164441\\1528980882212.png, C:\\Users\\shalinin\\Katalon Studio\\HME_Scripts\\Reports\\RegressionSuite\\20180614_164441\\1528980887777.png, C:\\Users\\shalinin\\Katalon Studio\\HME_Scripts\\Reports\\RegressionSuite\\20180614_164441\\1528980918533.png, C:\\Users\\shalinin\\Katalon Studio\\HME_Scripts\\Reports\\RegressionSuite\\20180614_164441\\1528980918811.png, C:\\Users\\shalinin\\Katalon Studio\\HME_Scripts\\Reports\\RegressionSuite\\20180614_164441\\1528980919103.png, C:\\Users\\shalinin\\Katalon Studio\\HME_Scripts\\Reports\\RegressionSuite\\20180614_164441\\1528980919707.png, C:\\Users\\shalinin\\Katalon Studio\\HME_Scripts\\Reports\\RegressionSuite\\20180614_164441\\1528980919974.png, C:\\Users\\shalinin\\Katalon Studio\\HME_Scripts\\Reports\\RegressionSuite\\20180614_164441\\1528980950700.png, C:\\Users\\shalinin\\Katalon Studio\\HME_Scripts\\Reports\\RegressionSuite\\20180614_164441\\1528980950969.png, C:\\Users\\shalinin\\Katalon Studio\\HME_Scripts\\Reports\\RegressionSuite\\20180614_164441\\1528981005390.png, C:\\Users\\shalinin\\Katalon Studio\\HME_Scripts\\Reports\\RegressionSuite\\20180614_164441\\1528981137473.png, C:\\Users\\shalinin\\Katalon Studio\\HME_Scripts\\Reports\\RegressionSuite\\20180614_164441\\1528981423605.png, C:\\Users\\shalinin\\Katalon Studio\\HME_Scripts\\Reports\\RegressionSuite\\20180614_164441\\1528981780778.png, C:\\Users\\shalinin\\Katalon Studio\\HME_Scripts\\Reports\\RegressionSuite\\20180614_164441\\1528981786289.png, C:\\Users\\shalinin\\Katalon Studio\\HME_Scripts\\Reports\\RegressionSuite\\20180614_164441\\1528981817041.png, C:\\Users\\shalinin\\Katalon Studio\\HME_Scripts\\Reports\\RegressionSuite\\20180614_164441\\1528981817312.png, C:\\Users\\shalinin\\Katalon Studio\\HME_Scripts\\Reports\\RegressionSuite\\20180614_164441\\1528981817604.png, C:\\Users\\shalinin\\Katalon Studio\\HME_Scripts\\Reports\\RegressionSuite\\20180614_164441\\1528981818162.png, C:\\Users\\shalinin\\Katalon Studio\\HME_Scripts\\Reports\\RegressionSuite\\20180614_164441\\1528981818430.png, C:\\Users\\shalinin\\Katalon Studio\\HME_Scripts\\Reports\\RegressionSuite\\20180614_164441\\1528981849139.png, C:\\Users\\shalinin\\Katalon Studio\\HME_Scripts\\Reports\\RegressionSuite\\20180614_164441\\1528981849408.png, C:\\Users\\shalinin\\Katalon Studio\\HME_Scripts\\Reports\\RegressionSuite\\20180614_164441\\1528982165688.png, C:\\Users\\shalinin\\Katalon Studio\\HME_Scripts\\Reports\\RegressionSuite\\20180614_164441\\1528982695596.png, C:\\Users\\shalinin\\Katalon Studio\\HME_Scripts\\Reports\\RegressionSuite\\20180614_164441\\1528983157538.png, C:\\Users\\shalinin\\Katalon Studio\\HME_Scripts\\Reports\\RegressionSuite\\20180614_164441\\1528983246402.png, C:\\Users\\shalinin\\Katalon Studio\\HME_Scripts\\Reports\\RegressionSuite\\20180614_164441\\1528983257145.png, C:\\Users\\shalinin\\Katalon Studio\\HME_Scripts\\Reports\\RegressionSuite\\20180614_164441\\1528984210216.png, C:\\Users\\shalinin\\Katalon Studio\\HME_Scripts\\Reports\\RegressionSuite\\20180614_164441\\1528986105605.png, C:\\Users\\shalinin\\Katalon Studio\\HME_Scripts\\Reports\\RegressionSuite\\20180614_164441\\1528986116766.png, C:\\Users\\shalinin\\Katalon Studio\\HME_Scripts\\Reports\\RegressionSuite\\20180614_164441\\1528986127186.png, C:\\Users\\shalinin\\Katalon Studio\\HME_Scripts\\Reports\\RegressionSuite\\20180614_164441\\1528986468270.png, C:\\Users\\shalinin\\Katalon Studio\\HME_Scripts\\Reports\\RegressionSuite\\20180614_164441\\1528986478692.png, C:\\Users\\shalinin\\Katalon Studio\\HME_Scripts\\Reports\\RegressionSuite\\20180614_164441\\1528987128842.png, C:\\Users\\shalinin\\Katalon Studio\\HME_Scripts\\Reports\\RegressionSuite\\20180614_164441\\1528987333054.png, C:\\Users\\shalinin\\Katalon Studio\\HME_Scripts\\Reports\\RegressionSuite\\20180614_164441\\1528987926203.png, C:\\Users\\shalinin\\Katalon Studio\\HME_Scripts\\Reports\\RegressionSuite\\20180614_164441\\1528988052858.png, C:\\Users\\shalinin\\Katalon Studio\\HME_Scripts\\Reports\\RegressionSuite\\20180614_164441\\1528988189651.png, C:\\Users\\shalinin\\Katalon Studio\\HME_Scripts\\Reports\\RegressionSuite\\20180614_164441\\1528988307098.png, C:\\Users\\shalinin\\Katalon Studio\\HME_Scripts\\Reports\\RegressionSuite\\20180614_164441\\1528988423829.png, C:\\Users\\shalinin\\Katalon Studio\\HME_Scripts\\Reports\\RegressionSuite\\20180614_164441\\1528988540316.png"/>
         <property name="hostName" value="shalinin - NIBC2129.nousinfo.com"/>
         <property name="os" value="Windows 7 64bit"/>
         <property name="katalonVersion" value="5.3.1.1"/>
         <property name="browser" value="Chrome 67.0.3396.79"/>
         <property name="hostAddress" value="192.168.24.174"/>
         <property name="sessionId" value="85971cd944e18a7c52bd812c0e6d3bc3"/>
         <property name="seleniumVersion" value="3.7.1"/>
         <property name="proxyInformation" value="ProxyInformation{proxyOption=NO_PROXY, proxyServerType=HTTP, password=, proxyServerAddress=, proxyServerPort=0}"/>
         <property name="platform" value="Windows 7"/>
      </properties>
      <testcase name="Test Cases/GoalStatisticsTC/HME-Goal Statistics Report-02" classname="Test Cases/GoalStatisticsTC/HME-Goal Statistics Report-02" status="PASSED">
         <system-out><![CDATA[2018-06-14 16:44:43 - [TEST_CASE][PASSED] - Test Cases/GoalStatisticsTC/HME-Goal Statistics Report-02: Browser is closed

2018-06-14 16:44:43 - [TEST_STEP][PASSED] - Start listener action : sampleBeforeTestCase: uiaction.CommonUIActions.deleteAllCookies is PASSED

2018-06-14 16:44:43 - [TEST_STEP][PASSED] - openBrowser: Browser is opened with url: ''

2018-06-14 16:44:46 - [MESSAGE][PASSED] - Browser is opened with url: ''

2018-06-14 16:44:46 - [TEST_STEP][PASSED] - maximizeWindow: Current window maximized

2018-06-14 16:44:48 - [MESSAGE][PASSED] - Current window maximized

2018-06-14 16:44:48 - [TEST_STEP][PASSED] - uiaction.CommonUIActions.deleteAllCookies: uiaction.CommonUIActions.deleteAllCookies is PASSED

2018-06-14 16:44:48 - [MESSAGE][PASSED] - Delete all cookies successfully

2018-06-14 16:44:48 - [MESSAGE][PASSED] - uiaction.CommonUIActions.deleteAllCookies is PASSED

2018-06-14 16:44:48 - [TEST_STEP][PASSED] - Statement - TCflag = true: null

2018-06-14 16:44:48 - [TEST_STEP][PASSED] - Statement - Try: uiaction.CommonUIActions.click is PASSED

2018-06-14 16:44:48 - [TEST_STEP][PASSED] - navigateToUrl: Navigate to 'https://hme-dev-public-cloud-app.azurewebsites.net/' successfully

2018-06-14 16:44:51 - [MESSAGE][PASSED] - Navigate to 'https://hme-dev-public-cloud-app.azurewebsites.net/' successfully

2018-06-14 16:44:51 - [TEST_STEP][PASSED] - projectSpecific.Reusability.login: projectSpecific.Reusability.login is PASSED

2018-06-14 16:44:52 - [MESSAGE][PASSED] - projectSpecific.Reusability.getTestData is PASSED

2018-06-14 16:44:52 - [MESSAGE][PASSED] - projectSpecific.Reusability.getTestData is PASSED

2018-06-14 16:44:52 - [MESSAGE][PASSED] - Text 'selvendrank@nousinfo.com' is set on object 'Object Repository/LoginPage/Username'

2018-06-14 16:44:52 - [MESSAGE][PASSED] - Text 'nous;123' is set on object 'Object Repository/LoginPage/Password'

2018-06-14 16:44:52 - [MESSAGE][PASSED] - Object: 'Object Repository/LoginPage/Login' is clicked on

2018-06-14 16:44:52 - [MESSAGE][PASSED] - projectSpecific.Reusability.login is PASSED

2018-06-14 16:44:52 - [TEST_STEP][PASSED] - delay: Delayed 15 second(s)

2018-06-14 16:45:07 - [MESSAGE][PASSED] - Delayed 15 second(s)

2018-06-14 16:45:07 - [TEST_STEP][PASSED] - uiaction.CommonUIActions.click: uiaction.CommonUIActions.click is PASSED

2018-06-14 16:45:13 - [MESSAGE][PASSED] - uiaction.CommonUIActions.click is PASSED

2018-06-14 16:45:13 - [TEST_STEP][PASSED] - Statement - driver = com.kms.katalon.core.webui.driver.DriverFactory.getWebDriver(): null

2018-06-14 16:45:13 - [TEST_STEP][PASSED] - delay: Delayed 15 second(s)

2018-06-14 16:45:28 - [MESSAGE][PASSED] - Delayed 15 second(s)

2018-06-14 16:45:28 - [TEST_STEP][PASSED] - Statement - xpath = "//span[contains(text(),'00000121')]": null

2018-06-14 16:45:28 - [TEST_STEP][PASSED] - Statement - driver.findElement(org.openqa.selenium.By.xpath(xpath)).click(): null

2018-06-14 16:45:28 - [TEST_STEP][PASSED] - delay: Delayed 10 second(s)

2018-06-14 16:45:38 - [MESSAGE][PASSED] - Delayed 10 second(s)

2018-06-14 16:45:38 - [TEST_STEP][PASSED] - uiaction.CommonUIActions.click: uiaction.CommonUIActions.click is PASSED

2018-06-14 16:45:38 - [MESSAGE][PASSED] - uiaction.CommonUIActions.click is PASSED

2018-06-14 16:45:38 - [TEST_STEP][PASSED] - uiaction.CommonUIActions.click: uiaction.CommonUIActions.click is PASSED

2018-06-14 16:45:38 - [MESSAGE][PASSED] - uiaction.CommonUIActions.click is PASSED

2018-06-14 16:45:38 - [TEST_STEP][PASSED] - click: Object: 'Object Repository/ReportsPage/fromDateSelector' is clicked on

2018-06-14 16:45:39 - [MESSAGE][PASSED] - Object: 'Object Repository/ReportsPage/fromDateSelector' is clicked on

2018-06-14 16:45:39 - [TEST_STEP][PASSED] - delay: Delayed 5 second(s)

2018-06-14 16:45:44 - [MESSAGE][PASSED] - Delayed 5 second(s)

2018-06-14 16:45:44 - [TEST_STEP][PASSED] - Statement - monthText = com.kms.katalon.core.webui.keyword.WebUiBuiltInKeywords.getText(com.kms.katalon.core.testobject.ObjectRepository.findTestObject(ReportsPage/monthText)): Text of object 'Object Repository/ReportsPage/monthText' is: 'June 2018'

2018-06-14 16:45:44 - [MESSAGE][PASSED] - Text of object 'Object Repository/ReportsPage/monthText' is: 'June 2018'

2018-06-14 16:45:44 - [TEST_STEP][PASSED] - Statement - monthTextArray = monthText.split(" "): null

2018-06-14 16:45:44 - [TEST_STEP][PASSED] - Statement - month = monthTextArray[0]: null

2018-06-14 16:45:44 - [TEST_STEP][PASSED] - Statement - monthTextValue = CustomKeywords.projectSpecific.Reusability.getTestData("ReportsPage", "Month"): projectSpecific.Reusability.getTestData is PASSED

2018-06-14 16:45:44 - [MESSAGE][PASSED] - projectSpecific.Reusability.getTestData is PASSED

2018-06-14 16:45:44 - [TEST_STEP][PASSED] - Statement - If (!(monthTextValue.equals(month))): null

2018-06-14 16:45:44 - [TEST_STEP][PASSED] - Statement - While (!(monthTextValue.equals(month))): null

2018-06-14 16:45:44 - [TEST_STEP][PASSED] - click: Object: 'Object Repository/ReportsPage/previousDateSelector' is clicked on

2018-06-14 16:45:44 - [MESSAGE][PASSED] - Object: 'Object Repository/ReportsPage/previousDateSelector' is clicked on

2018-06-14 16:45:44 - [TEST_STEP][PASSED] - Statement - monthText = com.kms.katalon.core.webui.keyword.WebUiBuiltInKeywords.getText(com.kms.katalon.core.testobject.ObjectRepository.findTestObject(ReportsPage/monthText)): Text of object 'Object Repository/ReportsPage/monthText' is: 'May 2018'

2018-06-14 16:45:44 - [MESSAGE][PASSED] - Text of object 'Object Repository/ReportsPage/monthText' is: 'May 2018'

2018-06-14 16:45:44 - [TEST_STEP][PASSED] - Statement - monthTextArray = monthText.split(" "): null

2018-06-14 16:45:44 - [TEST_STEP][PASSED] - Statement - month = monthTextArray[0]: null

2018-06-14 16:45:44 - [TEST_STEP][PASSED] - click: Object: 'Object Repository/ReportsPage/previousDateSelector' is clicked on

2018-06-14 16:45:44 - [MESSAGE][PASSED] - Object: 'Object Repository/ReportsPage/previousDateSelector' is clicked on

2018-06-14 16:45:44 - [TEST_STEP][PASSED] - Statement - monthText = com.kms.katalon.core.webui.keyword.WebUiBuiltInKeywords.getText(com.kms.katalon.core.testobject.ObjectRepository.findTestObject(ReportsPage/monthText)): Text of object 'Object Repository/ReportsPage/monthText' is: 'April 2018'

2018-06-14 16:45:44 - [MESSAGE][PASSED] - Text of object 'Object Repository/ReportsPage/monthText' is: 'April 2018'

2018-06-14 16:45:44 - [TEST_STEP][PASSED] - Statement - monthTextArray = monthText.split(" "): null

2018-06-14 16:45:44 - [TEST_STEP][PASSED] - Statement - month = monthTextArray[0]: null

2018-06-14 16:45:44 - [TEST_STEP][PASSED] - click: Object: 'Object Repository/ReportsPage/previousDateSelector' is clicked on

2018-06-14 16:45:44 - [MESSAGE][PASSED] - Object: 'Object Repository/ReportsPage/previousDateSelector' is clicked on

2018-06-14 16:45:44 - [TEST_STEP][PASSED] - Statement - monthText = com.kms.katalon.core.webui.keyword.WebUiBuiltInKeywords.getText(com.kms.katalon.core.testobject.ObjectRepository.findTestObject(ReportsPage/monthText)): Text of object 'Object Repository/ReportsPage/monthText' is: 'March 2018'

2018-06-14 16:45:44 - [MESSAGE][PASSED] - Text of object 'Object Repository/ReportsPage/monthText' is: 'March 2018'

2018-06-14 16:45:44 - [TEST_STEP][PASSED] - Statement - monthTextArray = monthText.split(" "): null

2018-06-14 16:45:44 - [TEST_STEP][PASSED] - Statement - month = monthTextArray[0]: null

2018-06-14 16:45:44 - [TEST_STEP][PASSED] - Statement - data = CustomKeywords.projectSpecific.Reusability.getTestData("ReportsPage", "StartDate"): projectSpecific.Reusability.getTestData is PASSED

2018-06-14 16:45:44 - [MESSAGE][PASSED] - projectSpecific.Reusability.getTestData is PASSED

2018-06-14 16:45:44 - [TEST_STEP][PASSED] - Statement - startDate = "(//div[@class='rdtPicker']/div/table/tbody/tr/td[text()='" + data + "'])[1]": null

2018-06-14 16:45:44 - [TEST_STEP][PASSED] - Statement - println(startDate): null

2018-06-14 16:45:44 - [TEST_STEP][PASSED] - Statement - startdateEle = driver.findElement(org.openqa.selenium.By.xpath(startDate)): null

2018-06-14 16:45:44 - [TEST_STEP][PASSED] - Statement - startdateEle.click(): null

2018-06-14 16:45:44 - [TEST_STEP][PASSED] - delay: Delayed 5 second(s)

2018-06-14 16:45:49 - [MESSAGE][PASSED] - Delayed 5 second(s)

2018-06-14 16:45:49 - [TEST_STEP][PASSED] - click: Object: 'Object Repository/ReportsPage/toDateSelector' is clicked on

2018-06-14 16:45:49 - [MESSAGE][PASSED] - Object: 'Object Repository/ReportsPage/toDateSelector' is clicked on

2018-06-14 16:45:49 - [TEST_STEP][PASSED] - Statement - monthText = com.kms.katalon.core.webui.keyword.WebUiBuiltInKeywords.getText(com.kms.katalon.core.testobject.ObjectRepository.findTestObject(ReportsPage/monthText2)): Text of object 'Object Repository/ReportsPage/monthText2' is: 'June 2018'

2018-06-14 16:45:49 - [MESSAGE][PASSED] - Text of object 'Object Repository/ReportsPage/monthText2' is: 'June 2018'

2018-06-14 16:45:49 - [TEST_STEP][PASSED] - Statement - monthTextArray = monthText.split(" "): null

2018-06-14 16:45:49 - [TEST_STEP][PASSED] - Statement - month = monthTextArray[0]: null

2018-06-14 16:45:49 - [TEST_STEP][PASSED] - Statement - monthTextValue1 = CustomKeywords.projectSpecific.Reusability.getTestData("ReportsPage", "Month"): projectSpecific.Reusability.getTestData is PASSED

2018-06-14 16:45:49 - [MESSAGE][PASSED] - projectSpecific.Reusability.getTestData is PASSED

2018-06-14 16:45:49 - [TEST_STEP][PASSED] - Statement - If (!(monthTextValue1.equals(month))): null

2018-06-14 16:45:49 - [TEST_STEP][PASSED] - Statement - While (!(monthTextValue1.equals(month))): null

2018-06-14 16:45:49 - [TEST_STEP][PASSED] - click: Object: 'Object Repository/ReportsPage/previousDateSelector2' is clicked on

2018-06-14 16:45:49 - [MESSAGE][PASSED] - Object: 'Object Repository/ReportsPage/previousDateSelector2' is clicked on

2018-06-14 16:45:49 - [TEST_STEP][PASSED] - Statement - monthText = com.kms.katalon.core.webui.keyword.WebUiBuiltInKeywords.getText(com.kms.katalon.core.testobject.ObjectRepository.findTestObject(ReportsPage/monthText2)): Text of object 'Object Repository/ReportsPage/monthText2' is: 'May 2018'

2018-06-14 16:45:49 - [MESSAGE][PASSED] - Text of object 'Object Repository/ReportsPage/monthText2' is: 'May 2018'

2018-06-14 16:45:49 - [TEST_STEP][PASSED] - Statement - monthTextArray = monthText.split(" "): null

2018-06-14 16:45:49 - [TEST_STEP][PASSED] - Statement - month = monthTextArray[0]: null

2018-06-14 16:45:49 - [TEST_STEP][PASSED] - click: Object: 'Object Repository/ReportsPage/previousDateSelector2' is clicked on

2018-06-14 16:45:49 - [MESSAGE][PASSED] - Object: 'Object Repository/ReportsPage/previousDateSelector2' is clicked on

2018-06-14 16:45:49 - [TEST_STEP][PASSED] - Statement - monthText = com.kms.katalon.core.webui.keyword.WebUiBuiltInKeywords.getText(com.kms.katalon.core.testobject.ObjectRepository.findTestObject(ReportsPage/monthText2)): Text of object 'Object Repository/ReportsPage/monthText2' is: 'April 2018'

2018-06-14 16:45:49 - [MESSAGE][PASSED] - Text of object 'Object Repository/ReportsPage/monthText2' is: 'April 2018'

2018-06-14 16:45:49 - [TEST_STEP][PASSED] - Statement - monthTextArray = monthText.split(" "): null

2018-06-14 16:45:49 - [TEST_STEP][PASSED] - Statement - month = monthTextArray[0]: null

2018-06-14 16:45:49 - [TEST_STEP][PASSED] - click: Object: 'Object Repository/ReportsPage/previousDateSelector2' is clicked on

2018-06-14 16:45:49 - [MESSAGE][PASSED] - Object: 'Object Repository/ReportsPage/previousDateSelector2' is clicked on

2018-06-14 16:45:49 - [TEST_STEP][PASSED] - Statement - monthText = com.kms.katalon.core.webui.keyword.WebUiBuiltInKeywords.getText(com.kms.katalon.core.testobject.ObjectRepository.findTestObject(ReportsPage/monthText2)): Text of object 'Object Repository/ReportsPage/monthText2' is: 'March 2018'

2018-06-14 16:45:50 - [MESSAGE][PASSED] - Text of object 'Object Repository/ReportsPage/monthText2' is: 'March 2018'

2018-06-14 16:45:50 - [TEST_STEP][PASSED] - Statement - monthTextArray = monthText.split(" "): null

2018-06-14 16:45:50 - [TEST_STEP][PASSED] - Statement - month = monthTextArray[0]: null

2018-06-14 16:45:50 - [TEST_STEP][PASSED] - Statement - endDate = CustomKeywords.projectSpecific.Reusability.getTestData("ReportsPage", "EndDate"): projectSpecific.Reusability.getTestData is PASSED

2018-06-14 16:45:50 - [MESSAGE][PASSED] - projectSpecific.Reusability.getTestData is PASSED

2018-06-14 16:45:50 - [TEST_STEP][PASSED] - Statement - toDate = "(//div[@class='rdt date-time rdtOpen']/div[@class='rdtPicker']/div/table/tbody/tr/td[text()='" + endDate + "'])[1]": null

2018-06-14 16:45:50 - [TEST_STEP][PASSED] - Statement - println(toDate): null

2018-06-14 16:45:50 - [TEST_STEP][PASSED] - Statement - toDateEle = driver.findElement(org.openqa.selenium.By.xpath(toDate)): null

2018-06-14 16:45:50 - [TEST_STEP][PASSED] - Statement - toDateEle.click(): null

2018-06-14 16:45:50 - [TEST_STEP][PASSED] - delay: Delayed 5 second(s)

2018-06-14 16:45:55 - [MESSAGE][PASSED] - Delayed 5 second(s)

2018-06-14 16:45:55 - [TEST_STEP][PASSED] - Statement - dateAttr = com.kms.katalon.core.webui.keyword.WebUiBuiltInKeywords.getAttribute(com.kms.katalon.core.testobject.ObjectRepository.findTestObject(ReportsPage/selectedDate1), "value"): Attribute 'value' of object 'Object Repository/ReportsPage/selectedDate1' is: '03/01/2018'

2018-06-14 16:45:55 - [MESSAGE][PASSED] - Attribute 'value' of object 'Object Repository/ReportsPage/selectedDate1' is: '03/01/2018'

2018-06-14 16:45:55 - [TEST_STEP][PASSED] - Statement - fromDateValue = CustomKeywords.projectSpecific.Reusability.getTestData("ReportsPage", "fromDate"): projectSpecific.Reusability.getTestData is PASSED

2018-06-14 16:45:55 - [MESSAGE][PASSED] - projectSpecific.Reusability.getTestData is PASSED

2018-06-14 16:45:55 - [TEST_STEP][PASSED] - Statement - If (!(dateAttr.equals(fromDateValue))): null

2018-06-14 16:45:55 - [TEST_STEP][PASSED] - Statement - dateAttr = com.kms.katalon.core.webui.keyword.WebUiBuiltInKeywords.getAttribute(com.kms.katalon.core.testobject.ObjectRepository.findTestObject(ReportsPage/selectedDate2), "value"): Attribute 'value' of object 'Object Repository/ReportsPage/selectedDate2' is: '03/14/2018'

2018-06-14 16:45:55 - [MESSAGE][PASSED] - Attribute 'value' of object 'Object Repository/ReportsPage/selectedDate2' is: '03/14/2018'

2018-06-14 16:45:55 - [TEST_STEP][PASSED] - Statement - toDateValue = CustomKeywords.projectSpecific.Reusability.getTestData("ReportsPage", "toDate"): projectSpecific.Reusability.getTestData is PASSED

2018-06-14 16:45:55 - [MESSAGE][PASSED] - projectSpecific.Reusability.getTestData is PASSED

2018-06-14 16:45:55 - [TEST_STEP][PASSED] - Statement - If (!(dateAttr.equals(toDateValue))): null

2018-06-14 16:45:55 - [TEST_STEP][PASSED] - delay: Delayed 10 second(s)

2018-06-14 16:46:05 - [MESSAGE][PASSED] - Delayed 10 second(s)

2018-06-14 16:46:05 - [TEST_STEP][PASSED] - uiaction.CommonUIActions.click: uiaction.CommonUIActions.click is PASSED

2018-06-14 16:46:05 - [MESSAGE][PASSED] - uiaction.CommonUIActions.click is PASSED

2018-06-14 16:46:05 - [TEST_STEP][PASSED] - Statement - Try: null

2018-06-14 16:46:05 - [TEST_STEP][PASSED] - Statement - templateHeading = CustomKeywords.projectSpecific.Reusability.getTestData("ReportsPage", "templateHeading"): projectSpecific.Reusability.getTestData is PASSED

2018-06-14 16:46:05 - [MESSAGE][PASSED] - projectSpecific.Reusability.getTestData is PASSED

2018-06-14 16:46:05 - [TEST_STEP][PASSED] - Statement - existingTemplatexpath = "//div[text()='" + templateHeading + "']/../div[2]": null

2018-06-14 16:46:05 - [TEST_STEP][PASSED] - Statement - existingTemplatedeleteLink = driver.findElement(org.openqa.selenium.By.xpath(existingTemplatexpath)): null

2018-06-14 16:46:05 - [TEST_STEP][PASSED] - Statement - If (existingTemplatedeleteLink.isDisplayed() == true): null

2018-06-14 16:46:05 - [TEST_STEP][PASSED] - click: Object: 'Object Repository/ReportsPage/saveTemplateChkBox' is clicked on

2018-06-14 16:46:05 - [MESSAGE][PASSED] - Object: 'Object Repository/ReportsPage/saveTemplateChkBox' is clicked on

2018-06-14 16:46:05 - [TEST_STEP][PASSED] - verifyElementChecked: Object 'Object Repository/ReportsPage/saveTemplateChkBox' is checked

2018-06-14 16:46:05 - [MESSAGE][PASSED] - Object 'Object Repository/ReportsPage/saveTemplateChkBox' is checked

2018-06-14 16:46:05 - [TEST_STEP][PASSED] - click: Object: 'Object Repository/ReportsPage/templateName' is clicked on

2018-06-14 16:46:05 - [MESSAGE][PASSED] - Object: 'Object Repository/ReportsPage/templateName' is clicked on

2018-06-14 16:46:05 - [TEST_STEP][PASSED] - uiaction.CommonUIActions.enter: uiaction.CommonUIActions.enter is PASSED

2018-06-14 16:46:05 - [MESSAGE][PASSED] - projectSpecific.Reusability.getTestData is PASSED

2018-06-14 16:46:06 - [MESSAGE][PASSED] - uiaction.CommonUIActions.enter is PASSED

2018-06-14 16:46:06 - [TEST_STEP][PASSED] - Statement - s1 = com.kms.katalon.core.webui.keyword.WebUiBuiltInKeywords.getAttribute(com.kms.katalon.core.testobject.ObjectRepository.findTestObject(ReportsPage/templateName), "value"): Attribute 'value' of object 'Object Repository/ReportsPage/templateName' is: 'March Weekly Report'

2018-06-14 16:46:06 - [MESSAGE][PASSED] - Attribute 'value' of object 'Object Repository/ReportsPage/templateName' is: 'March Weekly Report'

2018-06-14 16:46:06 - [TEST_STEP][PASSED] - Statement - execFlag = com.kms.katalon.core.webui.keyword.WebUiBuiltInKeywords.verifyMatch(s1, CustomKeywords.projectSpecific.Reusability.getTestData("ReportsPage", "templateHeading"), false): Actual text 'March Weekly Report' and expected text 'March Weekly Report' are matched 

2018-06-14 16:46:06 - [MESSAGE][PASSED] - projectSpecific.Reusability.getTestData is PASSED

2018-06-14 16:46:06 - [MESSAGE][PASSED] - Actual text 'March Weekly Report' and expected text 'March Weekly Report' are matched 

2018-06-14 16:46:06 - [TEST_STEP][PASSED] - Statement - If (!(execFlag)): null

2018-06-14 16:46:06 - [TEST_STEP][PASSED] - delay: Delayed 5 second(s)

2018-06-14 16:46:11 - [MESSAGE][PASSED] - Delayed 5 second(s)

2018-06-14 16:46:11 - [TEST_STEP][PASSED] - click: Object: 'Object Repository/ReportsPage/generateReport' is clicked on

2018-06-14 16:46:11 - [MESSAGE][PASSED] - Object: 'Object Repository/ReportsPage/generateReport' is clicked on

2018-06-14 16:46:11 - [TEST_STEP][PASSED] - delay: Delayed 15 second(s)

2018-06-14 16:46:26 - [MESSAGE][PASSED] - Delayed 15 second(s)

2018-06-14 16:46:26 - [TEST_STEP][PASSED] - Statement - goalStatisticsList = driver.findElements(org.openqa.selenium.By.xpath(com.kms.katalon.core.testdata.TestDataFactory.findTestData(OR_file).getValue(2, 27))): Reading excel file with source file 'C:\Users\shalinin\Katalon Studio\HME_Scripts\Data Files\HME_OR.xlsx' and sheet name 'Sheet1'

2018-06-14 16:46:26 - [TEST_STEP][PASSED] - Statement - groupSize = goalStatisticsList.size(): null

2018-06-14 16:46:26 - [TEST_STEP][PASSED] - Statement - actualgroupList = new java.util.ArrayList(): null

2018-06-14 16:46:26 - [TEST_STEP][PASSED] - Statement - For ([i = 0, i < groupSize, (i++)]): null

2018-06-14 16:46:26 - [TEST_STEP][PASSED] - Statement - actualgroupList.add(i, goalStatisticsList.get(i).getText()): null

2018-06-14 16:46:26 - [TEST_STEP][PASSED] - Statement - actualgroupList.add(i, goalStatisticsList.get(i).getText()): null

2018-06-14 16:46:26 - [TEST_STEP][PASSED] - Statement - actualgroupList.add(i, goalStatisticsList.get(i).getText()): null

2018-06-14 16:46:26 - [TEST_STEP][PASSED] - Statement - actualgroupList.add(i, goalStatisticsList.get(i).getText()): null

2018-06-14 16:46:26 - [TEST_STEP][PASSED] - Statement - actualgroupList.add(i, goalStatisticsList.get(i).getText()): null

2018-06-14 16:46:26 - [TEST_STEP][PASSED] - Statement - actualgroupList.add(i, goalStatisticsList.get(i).getText()): null

2018-06-14 16:46:26 - [TEST_STEP][PASSED] - Statement - actualgroupList.add(i, goalStatisticsList.get(i).getText()): null

2018-06-14 16:46:26 - [TEST_STEP][PASSED] - Statement - goalStatisticsdata = CustomKeywords.projectSpecific.Reusability.getTestData("SummarizedReportPage", "averageTimeHeader"): projectSpecific.Reusability.getTestData is PASSED

2018-06-14 16:46:26 - [MESSAGE][PASSED] - projectSpecific.Reusability.getTestData is PASSED

2018-06-14 16:46:26 - [TEST_STEP][PASSED] - Statement - goalStatisticsdataArray = goalStatisticsdata.split(","): null

2018-06-14 16:46:26 - [TEST_STEP][PASSED] - Statement - goalStatisticsdataList = new java.util.ArrayList(java.util.Arrays.asList(goalStatisticsdataArray)): null

2018-06-14 16:46:26 - [TEST_STEP][PASSED] - Statement - goalStatisticsdataList.unique(): null

2018-06-14 16:46:26 - [TEST_STEP][PASSED] - Statement - out.println(goalStatisticsdataList): null

2018-06-14 16:46:26 - [TEST_STEP][PASSED] - Statement - matchFound = true: null

2018-06-14 16:46:26 - [TEST_STEP][PASSED] - Statement - For ([j = 0, j < actualgroupList.size(), (j++)]): null

2018-06-14 16:46:26 - [TEST_STEP][PASSED] - Statement - matchFound = com.kms.katalon.core.webui.keyword.WebUiBuiltInKeywords.verifyMatch(actualgroupList.get(j).toString().trim(), goalStatisticsdataList.get(j).toString().trim(), false): Actual text 'Week' and expected text 'Week' are matched 

2018-06-14 16:46:26 - [MESSAGE][PASSED] - Actual text 'Week' and expected text 'Week' are matched 

2018-06-14 16:46:26 - [TEST_STEP][PASSED] - Statement - If (!(matchFound)): null

2018-06-14 16:46:26 - [TEST_STEP][PASSED] - Statement - matchFound = com.kms.katalon.core.webui.keyword.WebUiBuiltInKeywords.verifyMatch(actualgroupList.get(j).toString().trim(), goalStatisticsdataList.get(j).toString().trim(), false): Actual text 'Menu Board' and expected text 'Menu Board' are matched 

2018-06-14 16:46:26 - [MESSAGE][PASSED] - Actual text 'Menu Board' and expected text 'Menu Board' are matched 

2018-06-14 16:46:26 - [TEST_STEP][PASSED] - Statement - If (!(matchFound)): null

2018-06-14 16:46:26 - [TEST_STEP][PASSED] - Statement - matchFound = com.kms.katalon.core.webui.keyword.WebUiBuiltInKeywords.verifyMatch(actualgroupList.get(j).toString().trim(), goalStatisticsdataList.get(j).toString().trim(), false): Actual text 'Greet' and expected text 'Greet' are matched 

2018-06-14 16:46:26 - [MESSAGE][PASSED] - Actual text 'Greet' and expected text 'Greet' are matched 

2018-06-14 16:46:26 - [TEST_STEP][PASSED] - Statement - If (!(matchFound)): null

2018-06-14 16:46:26 - [TEST_STEP][PASSED] - Statement - matchFound = com.kms.katalon.core.webui.keyword.WebUiBuiltInKeywords.verifyMatch(actualgroupList.get(j).toString().trim(), goalStatisticsdataList.get(j).toString().trim(), false): Actual text 'Service' and expected text 'Service' are matched 

2018-06-14 16:46:26 - [MESSAGE][PASSED] - Actual text 'Service' and expected text 'Service' are matched 

2018-06-14 16:46:26 - [TEST_STEP][PASSED] - Statement - If (!(matchFound)): null

2018-06-14 16:46:26 - [TEST_STEP][PASSED] - Statement - matchFound = com.kms.katalon.core.webui.keyword.WebUiBuiltInKeywords.verifyMatch(actualgroupList.get(j).toString().trim(), goalStatisticsdataList.get(j).toString().trim(), false): Actual text 'Lane Queue' and expected text 'Lane Queue' are matched 

2018-06-14 16:46:26 - [MESSAGE][PASSED] - Actual text 'Lane Queue' and expected text 'Lane Queue' are matched 

2018-06-14 16:46:26 - [TEST_STEP][PASSED] - Statement - If (!(matchFound)): null

2018-06-14 16:46:26 - [TEST_STEP][PASSED] - Statement - matchFound = com.kms.katalon.core.webui.keyword.WebUiBuiltInKeywords.verifyMatch(actualgroupList.get(j).toString().trim(), goalStatisticsdataList.get(j).toString().trim(), false): Actual text 'Lane Total' and expected text 'Lane Total' are matched 

2018-06-14 16:46:26 - [MESSAGE][PASSED] - Actual text 'Lane Total' and expected text 'Lane Total' are matched 

2018-06-14 16:46:26 - [TEST_STEP][PASSED] - Statement - If (!(matchFound)): null

2018-06-14 16:46:26 - [TEST_STEP][PASSED] - Statement - matchFound = com.kms.katalon.core.webui.keyword.WebUiBuiltInKeywords.verifyMatch(actualgroupList.get(j).toString().trim(), goalStatisticsdataList.get(j).toString().trim(), false): Actual text 'Total Cars' and expected text 'Total Cars' are matched 

2018-06-14 16:46:26 - [MESSAGE][PASSED] - Actual text 'Total Cars' and expected text 'Total Cars' are matched 

2018-06-14 16:46:26 - [TEST_STEP][PASSED] - Statement - If (!(matchFound)): null

2018-06-14 16:46:26 - [TEST_STEP][PASSED] - Statement - If (matchFound): null

2018-06-14 16:46:26 - [TEST_STEP][PASSED] - Statement - out.println("GoalStatistics Columns are verified"): null

2018-06-14 16:46:26 - [TEST_STEP][PASSED] - delay: Delayed 10 second(s)

2018-06-14 16:46:36 - [MESSAGE][PASSED] - Delayed 10 second(s)

2018-06-14 16:46:36 - [TEST_STEP][PASSED] - Statement - goalList = driver.findElements(org.openqa.selenium.By.xpath(com.kms.katalon.core.testdata.TestDataFactory.findTestData(OR_file).getValue(2, 31))): Reading excel file with source file 'C:\Users\shalinin\Katalon Studio\HME_Scripts\Data Files\HME_OR.xlsx' and sheet name 'Sheet1'

2018-06-14 16:46:36 - [TEST_STEP][PASSED] - Statement - groupSize = goalList.size(): null

2018-06-14 16:46:36 - [TEST_STEP][PASSED] - Statement - actualgroupList = new java.util.ArrayList(): null

2018-06-14 16:46:36 - [TEST_STEP][PASSED] - Statement - For ([i = 0, i < groupSize, (i++)]): null

2018-06-14 16:46:36 - [TEST_STEP][PASSED] - Statement - actualgroupList.add(i, goalList.get(i).getText()): null

2018-06-14 16:46:36 - [TEST_STEP][PASSED] - Statement - actualgroupList.add(i, goalList.get(i).getText()): null

2018-06-14 16:46:36 - [TEST_STEP][PASSED] - Statement - actualgroupList.add(i, goalList.get(i).getText()): null

2018-06-14 16:46:36 - [TEST_STEP][PASSED] - Statement - actualgroupList.add(i, goalList.get(i).getText()): null

2018-06-14 16:46:36 - [TEST_STEP][PASSED] - Statement - actualgroupList.add(i, goalList.get(i).getText()): null

2018-06-14 16:46:36 - [TEST_STEP][PASSED] - Statement - goaldata = CustomKeywords.projectSpecific.Reusability.getTestData("SummarizedReportPage", "goals"): projectSpecific.Reusability.getTestData is PASSED

2018-06-14 16:46:36 - [MESSAGE][PASSED] - projectSpecific.Reusability.getTestData is PASSED

2018-06-14 16:46:36 - [TEST_STEP][PASSED] - Statement - goaldataArray = goaldata.split(","): null

2018-06-14 16:46:36 - [TEST_STEP][PASSED] - Statement - goaldataList = new java.util.ArrayList(java.util.Arrays.asList(goaldataArray)): null

2018-06-14 16:46:36 - [TEST_STEP][PASSED] - Statement - goaldataList.unique(): null

2018-06-14 16:46:36 - [TEST_STEP][PASSED] - Statement - out.println(goaldataList): null

2018-06-14 16:46:36 - [TEST_STEP][PASSED] - Statement - matchFound = true: null

2018-06-14 16:46:36 - [TEST_STEP][PASSED] - Statement - For ([j = 0, j < actualgroupList.size(), (j++)]): null

2018-06-14 16:46:36 - [TEST_STEP][PASSED] - Statement - matchFound = com.kms.katalon.core.webui.keyword.WebUiBuiltInKeywords.verifyMatch(actualgroupList.get(j).toString().trim(), goaldataList.get(j).toString().trim(), false): Actual text '< Goal A (min:sec)' and expected text '< Goal A (min:sec)' are matched 

2018-06-14 16:46:36 - [MESSAGE][PASSED] - Actual text '< Goal A (min:sec)' and expected text '< Goal A (min:sec)' are matched 

2018-06-14 16:46:36 - [TEST_STEP][PASSED] - Statement - If (!(matchFound)): null

2018-06-14 16:46:36 - [TEST_STEP][PASSED] - Statement - matchFound = com.kms.katalon.core.webui.keyword.WebUiBuiltInKeywords.verifyMatch(actualgroupList.get(j).toString().trim(), goaldataList.get(j).toString().trim(), false): Actual text '< Goal B (min:sec)' and expected text '< Goal B (min:sec)' are matched 

2018-06-14 16:46:36 - [MESSAGE][PASSED] - Actual text '< Goal B (min:sec)' and expected text '< Goal B (min:sec)' are matched 

2018-06-14 16:46:36 - [TEST_STEP][PASSED] - Statement - If (!(matchFound)): null

2018-06-14 16:46:36 - [TEST_STEP][PASSED] - Statement - matchFound = com.kms.katalon.core.webui.keyword.WebUiBuiltInKeywords.verifyMatch(actualgroupList.get(j).toString().trim(), goaldataList.get(j).toString().trim(), false): Actual text '< Goal C (min:sec)' and expected text '< Goal C (min:sec)' are matched 

2018-06-14 16:46:36 - [MESSAGE][PASSED] - Actual text '< Goal C (min:sec)' and expected text '< Goal C (min:sec)' are matched 

2018-06-14 16:46:36 - [TEST_STEP][PASSED] - Statement - If (!(matchFound)): null

2018-06-14 16:46:36 - [TEST_STEP][PASSED] - Statement - matchFound = com.kms.katalon.core.webui.keyword.WebUiBuiltInKeywords.verifyMatch(actualgroupList.get(j).toString().trim(), goaldataList.get(j).toString().trim(), false): Actual text '< Goal D (min:sec)' and expected text '< Goal D (min:sec)' are matched 

2018-06-14 16:46:36 - [MESSAGE][PASSED] - Actual text '< Goal D (min:sec)' and expected text '< Goal D (min:sec)' are matched 

2018-06-14 16:46:36 - [TEST_STEP][PASSED] - Statement - If (!(matchFound)): null

2018-06-14 16:46:36 - [TEST_STEP][PASSED] - Statement - matchFound = com.kms.katalon.core.webui.keyword.WebUiBuiltInKeywords.verifyMatch(actualgroupList.get(j).toString().trim(), goaldataList.get(j).toString().trim(), false): Actual text '> Goal D (min:sec)' and expected text '> Goal D (min:sec)' are matched 

2018-06-14 16:46:36 - [MESSAGE][PASSED] - Actual text '> Goal D (min:sec)' and expected text '> Goal D (min:sec)' are matched 

2018-06-14 16:46:36 - [TEST_STEP][PASSED] - Statement - If (!(matchFound)): null

2018-06-14 16:46:36 - [TEST_STEP][PASSED] - Statement - If (matchFound): null

2018-06-14 16:46:36 - [TEST_STEP][PASSED] - Statement - out.println("Goal Columns are verified"): null

2018-06-14 16:46:36 - [TEST_STEP][PASSED] - delay: Delayed 10 second(s)

2018-06-14 16:46:46 - [MESSAGE][PASSED] - Delayed 10 second(s)

2018-06-14 16:46:46 - [TEST_STEP][PASSED] - Statement - goalAText = CustomKeywords.projectSpecific.Reusability.getTestData("SummarizedReportPage", "goalA"): projectSpecific.Reusability.getTestData is PASSED

2018-06-14 16:46:46 - [MESSAGE][PASSED] - projectSpecific.Reusability.getTestData is PASSED

2018-06-14 16:46:46 - [TEST_STEP][PASSED] - Statement - goalAText1 = CustomKeywords.uiaction.CommonUIActions.getText(com.kms.katalon.core.testobject.ObjectRepository.findTestObject(SummarizedReportPage/goalAText)): uiaction.CommonUIActions.getText is PASSED

2018-06-14 16:46:46 - [MESSAGE][PASSED] - uiaction.CommonUIActions.getText is PASSED

2018-06-14 16:46:46 - [TEST_STEP][PASSED] - Statement - confirm = goalAText1.trim().contains(goalAText.trim()): null

2018-06-14 16:46:46 - [TEST_STEP][PASSED] - Statement - If (confirm): null

2018-06-14 16:46:46 - [TEST_STEP][PASSED] - Statement - out.println("Goal A Report is verified"): null

2018-06-14 16:46:46 - [TEST_STEP][PASSED] - Statement - goalAdata = CustomKeywords.projectSpecific.Reusability.getTestData("SummarizedReportPage", "goalAText"): projectSpecific.Reusability.getTestData is PASSED

2018-06-14 16:46:46 - [MESSAGE][PASSED] - projectSpecific.Reusability.getTestData is PASSED

2018-06-14 16:46:46 - [TEST_STEP][PASSED] - Statement - println(goalAdata): null

2018-06-14 16:46:46 - [TEST_STEP][PASSED] - Statement - goalAdataArray = goalAdata.split(","): null

2018-06-14 16:46:46 - [TEST_STEP][PASSED] - Statement - goalAdataList = new java.util.ArrayList(java.util.Arrays.asList(goalAdataArray)): null

2018-06-14 16:46:46 - [TEST_STEP][PASSED] - Statement - out.println(goalAdataList): null

2018-06-14 16:46:47 - [TEST_STEP][PASSED] - Statement - matchFound = true: null

2018-06-14 16:46:47 - [TEST_STEP][PASSED] - Statement - goaldataList2 = driver.findElements(org.openqa.selenium.By.xpath(com.kms.katalon.core.testdata.TestDataFactory.findTestData(OR_file).getValue(2, 32))): Reading excel file with source file 'C:\Users\shalinin\Katalon Studio\HME_Scripts\Data Files\HME_OR.xlsx' and sheet name 'Sheet1'

2018-06-14 16:46:47 - [TEST_STEP][PASSED] - Statement - groupSize = goaldataList2.size(): null

2018-06-14 16:46:47 - [TEST_STEP][PASSED] - Statement - actualgroupList = new java.util.ArrayList(): null

2018-06-14 16:46:47 - [TEST_STEP][PASSED] - Statement - For ([i = 0, i < groupSize, (i++)]): null

2018-06-14 16:46:47 - [TEST_STEP][PASSED] - Statement - actualgroupList.add(i, goaldataList2.get(i).getText()): null

2018-06-14 16:46:47 - [TEST_STEP][PASSED] - Statement - actualgroupList.add(i, goaldataList2.get(i).getText()): null

2018-06-14 16:46:47 - [TEST_STEP][PASSED] - Statement - actualgroupList.add(i, goaldataList2.get(i).getText()): null

2018-06-14 16:46:47 - [TEST_STEP][PASSED] - Statement - actualgroupList.add(i, goaldataList2.get(i).getText()): null

2018-06-14 16:46:47 - [TEST_STEP][PASSED] - Statement - actualgroupList.add(i, goaldataList2.get(i).getText()): null

2018-06-14 16:46:47 - [TEST_STEP][PASSED] - Statement - actualgroupList.add(i, goaldataList2.get(i).getText()): null

2018-06-14 16:46:47 - [TEST_STEP][PASSED] - Statement - actualgroupList.add(i, goaldataList2.get(i).getText()): null

2018-06-14 16:46:47 - [TEST_STEP][PASSED] - Statement - actualgroupList.add(i, goaldataList2.get(i).getText()): null

2018-06-14 16:46:47 - [TEST_STEP][PASSED] - Statement - actualgroupList.add(i, goaldataList2.get(i).getText()): null

2018-06-14 16:46:47 - [TEST_STEP][PASSED] - Statement - actualgroupList.add(i, goaldataList2.get(i).getText()): null

2018-06-14 16:46:47 - [TEST_STEP][PASSED] - Statement - actualgroupList.add(i, goaldataList2.get(i).getText()): null

2018-06-14 16:46:47 - [TEST_STEP][PASSED] - Statement - actualgroupList.add(i, goaldataList2.get(i).getText()): null

2018-06-14 16:46:47 - [TEST_STEP][PASSED] - Statement - actualgroupList.add(i, goaldataList2.get(i).getText()): null

2018-06-14 16:46:47 - [TEST_STEP][PASSED] - Statement - actualgroupList.add(i, goaldataList2.get(i).getText()): null

2018-06-14 16:46:47 - [TEST_STEP][PASSED] - Statement - actualgroupList.add(i, goaldataList2.get(i).getText()): null

2018-06-14 16:46:47 - [TEST_STEP][PASSED] - Statement - actualgroupList.add(i, goaldataList2.get(i).getText()): null

2018-06-14 16:46:47 - [TEST_STEP][PASSED] - Statement - actualgroupList.add(i, goaldataList2.get(i).getText()): null

2018-06-14 16:46:47 - [TEST_STEP][PASSED] - Statement - actualgroupList.add(i, goaldataList2.get(i).getText()): null

2018-06-14 16:46:47 - [TEST_STEP][PASSED] - Statement - actualgroupList.add(i, goaldataList2.get(i).getText()): null

2018-06-14 16:46:47 - [TEST_STEP][PASSED] - Statement - actualgroupList.add(i, goaldataList2.get(i).getText()): null

2018-06-14 16:46:47 - [TEST_STEP][PASSED] - Statement - actualgroupList.add(i, goaldataList2.get(i).getText()): null

2018-06-14 16:46:47 - [TEST_STEP][PASSED] - Statement - actualgroupList.add(i, goaldataList2.get(i).getText()): null

2018-06-14 16:46:47 - [TEST_STEP][PASSED] - Statement - actualgroupList.add(i, goaldataList2.get(i).getText()): null

2018-06-14 16:46:47 - [TEST_STEP][PASSED] - Statement - actualgroupList.add(i, goaldataList2.get(i).getText()): null

2018-06-14 16:46:47 - [TEST_STEP][PASSED] - Statement - actualgroupList.add(i, goaldataList2.get(i).getText()): null

2018-06-14 16:46:47 - [TEST_STEP][PASSED] - Statement - actualgroupList.add(i, goaldataList2.get(i).getText()): null

2018-06-14 16:46:47 - [TEST_STEP][PASSED] - Statement - actualgroupList.add(i, goaldataList2.get(i).getText()): null

2018-06-14 16:46:47 - [TEST_STEP][PASSED] - Statement - actualgroupList.add(i, goaldataList2.get(i).getText()): null

2018-06-14 16:46:47 - [TEST_STEP][PASSED] - Statement - actualgroupList.add(i, goaldataList2.get(i).getText()): null

2018-06-14 16:46:47 - [TEST_STEP][PASSED] - Statement - actualgroupList.add(i, goaldataList2.get(i).getText()): null

2018-06-14 16:46:47 - [TEST_STEP][PASSED] - Statement - For ([j = 1, j <= 5, (j++)]): null

2018-06-14 16:46:47 - [TEST_STEP][PASSED] - Statement - matchFound = com.kms.katalon.core.webui.keyword.WebUiBuiltInKeywords.verifyMatch(actualgroupList.get(j).toString().trim(), goalAdataList.get(j - 1).toString().trim(), false): Actual text '0:30' and expected text '0:30' are matched 

2018-06-14 16:46:47 - [MESSAGE][PASSED] - Actual text '0:30' and expected text '0:30' are matched 

2018-06-14 16:46:47 - [TEST_STEP][PASSED] - Statement - If (!(matchFound)): null

2018-06-14 16:46:47 - [TEST_STEP][PASSED] - Statement - matchFound = com.kms.katalon.core.webui.keyword.WebUiBuiltInKeywords.verifyMatch(actualgroupList.get(j).toString().trim(), goalAdataList.get(j - 1).toString().trim(), false): Actual text '0:5' and expected text '0:5' are matched 

2018-06-14 16:46:47 - [MESSAGE][PASSED] - Actual text '0:5' and expected text '0:5' are matched 

2018-06-14 16:46:47 - [TEST_STEP][PASSED] - Statement - If (!(matchFound)): null

2018-06-14 16:46:47 - [TEST_STEP][PASSED] - Statement - matchFound = com.kms.katalon.core.webui.keyword.WebUiBuiltInKeywords.verifyMatch(actualgroupList.get(j).toString().trim(), goalAdataList.get(j - 1).toString().trim(), false): Actual text '0:30' and expected text '0:30' are matched 

2018-06-14 16:46:47 - [MESSAGE][PASSED] - Actual text '0:30' and expected text '0:30' are matched 

2018-06-14 16:46:47 - [TEST_STEP][PASSED] - Statement - If (!(matchFound)): null

2018-06-14 16:46:47 - [TEST_STEP][PASSED] - Statement - matchFound = com.kms.katalon.core.webui.keyword.WebUiBuiltInKeywords.verifyMatch(actualgroupList.get(j).toString().trim(), goalAdataList.get(j - 1).toString().trim(), false): Actual text '0:30' and expected text '0:30' are matched 

2018-06-14 16:46:47 - [MESSAGE][PASSED] - Actual text '0:30' and expected text '0:30' are matched 

2018-06-14 16:46:47 - [TEST_STEP][PASSED] - Statement - If (!(matchFound)): null

2018-06-14 16:46:47 - [TEST_STEP][PASSED] - Statement - matchFound = com.kms.katalon.core.webui.keyword.WebUiBuiltInKeywords.verifyMatch(actualgroupList.get(j).toString().trim(), goalAdataList.get(j - 1).toString().trim(), false): Actual text '1:30' and expected text '1:30' are matched 

2018-06-14 16:46:47 - [MESSAGE][PASSED] - Actual text '1:30' and expected text '1:30' are matched 

2018-06-14 16:46:47 - [TEST_STEP][PASSED] - Statement - If (!(matchFound)): null

2018-06-14 16:46:47 - [TEST_STEP][PASSED] - Statement - If (matchFound): null

2018-06-14 16:46:47 - [TEST_STEP][PASSED] - Statement - out.println("Goal A Columns are verified"): null

2018-06-14 16:46:47 - [TEST_STEP][PASSED] - delay: Delayed 10 second(s)

2018-06-14 16:46:57 - [MESSAGE][PASSED] - Delayed 10 second(s)

2018-06-14 16:46:57 - [TEST_STEP][PASSED] - Statement - goalBText = CustomKeywords.projectSpecific.Reusability.getTestData("SummarizedReportPage", "goalB"): projectSpecific.Reusability.getTestData is PASSED

2018-06-14 16:46:57 - [MESSAGE][PASSED] - projectSpecific.Reusability.getTestData is PASSED

2018-06-14 16:46:57 - [TEST_STEP][PASSED] - Statement - goalBText1 = CustomKeywords.uiaction.CommonUIActions.getText(com.kms.katalon.core.testobject.ObjectRepository.findTestObject(SummarizedReportPage/goalBText)): uiaction.CommonUIActions.getText is PASSED

2018-06-14 16:46:57 - [MESSAGE][PASSED] - uiaction.CommonUIActions.getText is PASSED

2018-06-14 16:46:57 - [TEST_STEP][PASSED] - Statement - confirm = goalBText1.trim().contains(goalBText.trim()): null

2018-06-14 16:46:57 - [TEST_STEP][PASSED] - Statement - If (confirm): null

2018-06-14 16:46:57 - [TEST_STEP][PASSED] - Statement - out.println("Goal B Report is verified"): null

2018-06-14 16:46:57 - [TEST_STEP][PASSED] - Statement - goalBdata = CustomKeywords.projectSpecific.Reusability.getTestData("SummarizedReportPage", "goalBText"): projectSpecific.Reusability.getTestData is PASSED

2018-06-14 16:46:57 - [MESSAGE][PASSED] - projectSpecific.Reusability.getTestData is PASSED

2018-06-14 16:46:57 - [TEST_STEP][PASSED] - Statement - println(goalBdata): null

2018-06-14 16:46:57 - [TEST_STEP][PASSED] - Statement - goalBdataArray = goalBdata.split(","): null

2018-06-14 16:46:57 - [TEST_STEP][PASSED] - Statement - goalBdataList = new java.util.ArrayList(java.util.Arrays.asList(goalBdataArray)): null

2018-06-14 16:46:57 - [TEST_STEP][PASSED] - Statement - out.println(goalBdataList): null

2018-06-14 16:46:57 - [TEST_STEP][PASSED] - Statement - matchFound = true: null

2018-06-14 16:46:57 - [TEST_STEP][PASSED] - Statement - i = 0: null

2018-06-14 16:46:57 - [TEST_STEP][PASSED] - Statement - For ([j = 7, j <= 11, (j++)]): null

2018-06-14 16:46:57 - [TEST_STEP][PASSED] - Statement - matchFound = com.kms.katalon.core.webui.keyword.WebUiBuiltInKeywords.verifyMatch(actualgroupList.get(j).toString().trim(), goalBdataList.get(i).toString().trim(), false): Actual text '1:00' and expected text '1:00' are matched 

2018-06-14 16:46:57 - [MESSAGE][PASSED] - Actual text '1:00' and expected text '1:00' are matched 

2018-06-14 16:46:57 - [TEST_STEP][PASSED] - Statement - (i++): null

2018-06-14 16:46:57 - [TEST_STEP][PASSED] - Statement - If (!(matchFound)): null

2018-06-14 16:46:57 - [TEST_STEP][PASSED] - Statement - matchFound = com.kms.katalon.core.webui.keyword.WebUiBuiltInKeywords.verifyMatch(actualgroupList.get(j).toString().trim(), goalBdataList.get(i).toString().trim(), false): Actual text '0:10' and expected text '0:10' are matched 

2018-06-14 16:46:57 - [MESSAGE][PASSED] - Actual text '0:10' and expected text '0:10' are matched 

2018-06-14 16:46:57 - [TEST_STEP][PASSED] - Statement - (i++): null

2018-06-14 16:46:57 - [TEST_STEP][PASSED] - Statement - If (!(matchFound)): null

2018-06-14 16:46:57 - [TEST_STEP][PASSED] - Statement - matchFound = com.kms.katalon.core.webui.keyword.WebUiBuiltInKeywords.verifyMatch(actualgroupList.get(j).toString().trim(), goalBdataList.get(i).toString().trim(), false): Actual text '1:00' and expected text '1:00' are matched 

2018-06-14 16:46:57 - [MESSAGE][PASSED] - Actual text '1:00' and expected text '1:00' are matched 

2018-06-14 16:46:57 - [TEST_STEP][PASSED] - Statement - (i++): null

2018-06-14 16:46:57 - [TEST_STEP][PASSED] - Statement - If (!(matchFound)): null

2018-06-14 16:46:57 - [TEST_STEP][PASSED] - Statement - matchFound = com.kms.katalon.core.webui.keyword.WebUiBuiltInKeywords.verifyMatch(actualgroupList.get(j).toString().trim(), goalBdataList.get(i).toString().trim(), false): Actual text '0:30' and expected text '0:30' are matched 

2018-06-14 16:46:57 - [MESSAGE][PASSED] - Actual text '0:30' and expected text '0:30' are matched 

2018-06-14 16:46:57 - [TEST_STEP][PASSED] - Statement - (i++): null

2018-06-14 16:46:57 - [TEST_STEP][PASSED] - Statement - If (!(matchFound)): null

2018-06-14 16:46:57 - [TEST_STEP][PASSED] - Statement - matchFound = com.kms.katalon.core.webui.keyword.WebUiBuiltInKeywords.verifyMatch(actualgroupList.get(j).toString().trim(), goalBdataList.get(i).toString().trim(), false): Actual text '2:30' and expected text '2:30' are matched 

2018-06-14 16:46:57 - [MESSAGE][PASSED] - Actual text '2:30' and expected text '2:30' are matched 

2018-06-14 16:46:57 - [TEST_STEP][PASSED] - Statement - (i++): null

2018-06-14 16:46:57 - [TEST_STEP][PASSED] - Statement - If (!(matchFound)): null

2018-06-14 16:46:57 - [TEST_STEP][PASSED] - Statement - If (matchFound): null

2018-06-14 16:46:57 - [TEST_STEP][PASSED] - Statement - out.println("Goal B Columns are verified"): null

2018-06-14 16:46:57 - [TEST_STEP][PASSED] - delay: Delayed 10 second(s)

2018-06-14 16:47:07 - [MESSAGE][PASSED] - Delayed 10 second(s)

2018-06-14 16:47:07 - [TEST_STEP][PASSED] - Statement - goalCText = CustomKeywords.projectSpecific.Reusability.getTestData("SummarizedReportPage", "goalC"): projectSpecific.Reusability.getTestData is PASSED

2018-06-14 16:47:07 - [MESSAGE][PASSED] - projectSpecific.Reusability.getTestData is PASSED

2018-06-14 16:47:07 - [TEST_STEP][PASSED] - Statement - goalCText1 = CustomKeywords.uiaction.CommonUIActions.getText(com.kms.katalon.core.testobject.ObjectRepository.findTestObject(SummarizedReportPage/goalCText)): uiaction.CommonUIActions.getText is PASSED

2018-06-14 16:47:07 - [MESSAGE][PASSED] - uiaction.CommonUIActions.getText is PASSED

2018-06-14 16:47:07 - [TEST_STEP][PASSED] - Statement - confirm = goalCText1.trim().contains(goalCText.trim()): null

2018-06-14 16:47:07 - [TEST_STEP][PASSED] - Statement - If (confirm): null

2018-06-14 16:47:07 - [TEST_STEP][PASSED] - Statement - out.println("Goal C Report is verified"): null

2018-06-14 16:47:07 - [TEST_STEP][PASSED] - Statement - goalCdata = CustomKeywords.projectSpecific.Reusability.getTestData("SummarizedReportPage", "goalCText"): projectSpecific.Reusability.getTestData is PASSED

2018-06-14 16:47:07 - [MESSAGE][PASSED] - projectSpecific.Reusability.getTestData is PASSED

2018-06-14 16:47:07 - [TEST_STEP][PASSED] - Statement - println(goalCdata): null

2018-06-14 16:47:07 - [TEST_STEP][PASSED] - Statement - goalCdataArray = goalCdata.split(","): null

2018-06-14 16:47:07 - [TEST_STEP][PASSED] - Statement - goalCdataList = new java.util.ArrayList(java.util.Arrays.asList(goalCdataArray)): null

2018-06-14 16:47:07 - [TEST_STEP][PASSED] - Statement - out.println(goalCdataList): null

2018-06-14 16:47:07 - [TEST_STEP][PASSED] - Statement - matchFound = true: null

2018-06-14 16:47:07 - [TEST_STEP][PASSED] - Statement - i = 0: null

2018-06-14 16:47:07 - [TEST_STEP][PASSED] - Statement - For ([j = 13, j <= 17, (j++)]): null

2018-06-14 16:47:07 - [TEST_STEP][PASSED] - Statement - matchFound = com.kms.katalon.core.webui.keyword.WebUiBuiltInKeywords.verifyMatch(actualgroupList.get(j).toString().trim(), goalCdataList.get(i).toString().trim(), false): Actual text '1:30' and expected text '1:30' are matched 

2018-06-14 16:47:07 - [MESSAGE][PASSED] - Actual text '1:30' and expected text '1:30' are matched 

2018-06-14 16:47:07 - [TEST_STEP][PASSED] - Statement - (i++): null

2018-06-14 16:47:07 - [TEST_STEP][PASSED] - Statement - If (!(matchFound)): null

2018-06-14 16:47:07 - [TEST_STEP][PASSED] - Statement - matchFound = com.kms.katalon.core.webui.keyword.WebUiBuiltInKeywords.verifyMatch(actualgroupList.get(j).toString().trim(), goalCdataList.get(i).toString().trim(), false): Actual text '0:15' and expected text '0:15' are matched 

2018-06-14 16:47:07 - [MESSAGE][PASSED] - Actual text '0:15' and expected text '0:15' are matched 

2018-06-14 16:47:07 - [TEST_STEP][PASSED] - Statement - (i++): null

2018-06-14 16:47:07 - [TEST_STEP][PASSED] - Statement - If (!(matchFound)): null

2018-06-14 16:47:07 - [TEST_STEP][PASSED] - Statement - matchFound = com.kms.katalon.core.webui.keyword.WebUiBuiltInKeywords.verifyMatch(actualgroupList.get(j).toString().trim(), goalCdataList.get(i).toString().trim(), false): Actual text '1:30' and expected text '1:30' are matched 

2018-06-14 16:47:07 - [MESSAGE][PASSED] - Actual text '1:30' and expected text '1:30' are matched 

2018-06-14 16:47:07 - [TEST_STEP][PASSED] - Statement - (i++): null

2018-06-14 16:47:07 - [TEST_STEP][PASSED] - Statement - If (!(matchFound)): null

2018-06-14 16:47:07 - [TEST_STEP][PASSED] - Statement - matchFound = com.kms.katalon.core.webui.keyword.WebUiBuiltInKeywords.verifyMatch(actualgroupList.get(j).toString().trim(), goalCdataList.get(i).toString().trim(), false): Actual text '2:00' and expected text '2:00' are matched 

2018-06-14 16:47:07 - [MESSAGE][PASSED] - Actual text '2:00' and expected text '2:00' are matched 

2018-06-14 16:47:07 - [TEST_STEP][PASSED] - Statement - (i++): null

2018-06-14 16:47:07 - [TEST_STEP][PASSED] - Statement - If (!(matchFound)): null

2018-06-14 16:47:07 - [TEST_STEP][PASSED] - Statement - matchFound = com.kms.katalon.core.webui.keyword.WebUiBuiltInKeywords.verifyMatch(actualgroupList.get(j).toString().trim(), goalCdataList.get(i).toString().trim(), false): Actual text '5:00' and expected text '5:00' are matched 

2018-06-14 16:47:07 - [MESSAGE][PASSED] - Actual text '5:00' and expected text '5:00' are matched 

2018-06-14 16:47:07 - [TEST_STEP][PASSED] - Statement - (i++): null

2018-06-14 16:47:07 - [TEST_STEP][PASSED] - Statement - If (!(matchFound)): null

2018-06-14 16:47:07 - [TEST_STEP][PASSED] - Statement - If (matchFound): null

2018-06-14 16:47:07 - [TEST_STEP][PASSED] - Statement - out.println("Goal C Columns are verified"): null

2018-06-14 16:47:07 - [TEST_STEP][PASSED] - delay: Delayed 10 second(s)

2018-06-14 16:47:17 - [MESSAGE][PASSED] - Delayed 10 second(s)

2018-06-14 16:47:17 - [TEST_STEP][PASSED] - Statement - goalDText = CustomKeywords.projectSpecific.Reusability.getTestData("SummarizedReportPage", "goalD"): projectSpecific.Reusability.getTestData is PASSED

2018-06-14 16:47:17 - [MESSAGE][PASSED] - projectSpecific.Reusability.getTestData is PASSED

2018-06-14 16:47:17 - [TEST_STEP][PASSED] - Statement - goalDText1 = CustomKeywords.uiaction.CommonUIActions.getText(com.kms.katalon.core.testobject.ObjectRepository.findTestObject(SummarizedReportPage/goalDText)): uiaction.CommonUIActions.getText is PASSED

2018-06-14 16:47:17 - [MESSAGE][PASSED] - uiaction.CommonUIActions.getText is PASSED

2018-06-14 16:47:17 - [TEST_STEP][PASSED] - Statement - confirm = goalDText1.trim().contains(goalDText.trim()): null

2018-06-14 16:47:17 - [TEST_STEP][PASSED] - Statement - If (confirm): null

2018-06-14 16:47:17 - [TEST_STEP][PASSED] - Statement - out.println("Goal D Report is verified"): null

2018-06-14 16:47:17 - [TEST_STEP][PASSED] - Statement - goalDdata = CustomKeywords.projectSpecific.Reusability.getTestData("SummarizedReportPage", "goalDText"): projectSpecific.Reusability.getTestData is PASSED

2018-06-14 16:47:17 - [MESSAGE][PASSED] - projectSpecific.Reusability.getTestData is PASSED

2018-06-14 16:47:17 - [TEST_STEP][PASSED] - Statement - println(goalDdata): null

2018-06-14 16:47:17 - [TEST_STEP][PASSED] - Statement - goalDdataArray = goalDdata.split(","): null

2018-06-14 16:47:17 - [TEST_STEP][PASSED] - Statement - goalDdataList = new java.util.ArrayList(java.util.Arrays.asList(goalDdataArray)): null

2018-06-14 16:47:17 - [TEST_STEP][PASSED] - Statement - out.println(goalDdataList): null

2018-06-14 16:47:17 - [TEST_STEP][PASSED] - Statement - matchFound = true: null

2018-06-14 16:47:17 - [TEST_STEP][PASSED] - Statement - i = 0: null

2018-06-14 16:47:17 - [TEST_STEP][PASSED] - Statement - For ([j = 19, j <= 23, (j++)]): null

2018-06-14 16:47:17 - [TEST_STEP][PASSED] - Statement - matchFound = com.kms.katalon.core.webui.keyword.WebUiBuiltInKeywords.verifyMatch(actualgroupList.get(j).toString().trim(), goalDdataList.get(i).toString().trim(), false): Actual text '2:00' and expected text '2:00' are matched 

2018-06-14 16:47:17 - [MESSAGE][PASSED] - Actual text '2:00' and expected text '2:00' are matched 

2018-06-14 16:47:17 - [TEST_STEP][PASSED] - Statement - (i++): null

2018-06-14 16:47:17 - [TEST_STEP][PASSED] - Statement - If (!(matchFound)): null

2018-06-14 16:47:17 - [TEST_STEP][PASSED] - Statement - matchFound = com.kms.katalon.core.webui.keyword.WebUiBuiltInKeywords.verifyMatch(actualgroupList.get(j).toString().trim(), goalDdataList.get(i).toString().trim(), false): Actual text '0:20' and expected text '0:20' are matched 

2018-06-14 16:47:17 - [MESSAGE][PASSED] - Actual text '0:20' and expected text '0:20' are matched 

2018-06-14 16:47:17 - [TEST_STEP][PASSED] - Statement - (i++): null

2018-06-14 16:47:17 - [TEST_STEP][PASSED] - Statement - If (!(matchFound)): null

2018-06-14 16:47:17 - [TEST_STEP][PASSED] - Statement - matchFound = com.kms.katalon.core.webui.keyword.WebUiBuiltInKeywords.verifyMatch(actualgroupList.get(j).toString().trim(), goalDdataList.get(i).toString().trim(), false): Actual text '2:00' and expected text '2:00' are matched 

2018-06-14 16:47:17 - [MESSAGE][PASSED] - Actual text '2:00' and expected text '2:00' are matched 

2018-06-14 16:47:17 - [TEST_STEP][PASSED] - Statement - (i++): null

2018-06-14 16:47:17 - [TEST_STEP][PASSED] - Statement - If (!(matchFound)): null

2018-06-14 16:47:17 - [TEST_STEP][PASSED] - Statement - matchFound = com.kms.katalon.core.webui.keyword.WebUiBuiltInKeywords.verifyMatch(actualgroupList.get(j).toString().trim(), goalDdataList.get(i).toString().trim(), false): Actual text '3:00' and expected text '3:00' are matched 

2018-06-14 16:47:17 - [MESSAGE][PASSED] - Actual text '3:00' and expected text '3:00' are matched 

2018-06-14 16:47:17 - [TEST_STEP][PASSED] - Statement - (i++): null

2018-06-14 16:47:17 - [TEST_STEP][PASSED] - Statement - If (!(matchFound)): null

2018-06-14 16:47:17 - [TEST_STEP][PASSED] - Statement - matchFound = com.kms.katalon.core.webui.keyword.WebUiBuiltInKeywords.verifyMatch(actualgroupList.get(j).toString().trim(), goalDdataList.get(i).toString().trim(), false): Actual text '7:00' and expected text '7:00' are matched 

2018-06-14 16:47:17 - [MESSAGE][PASSED] - Actual text '7:00' and expected text '7:00' are matched 

2018-06-14 16:47:17 - [TEST_STEP][PASSED] - Statement - (i++): null

2018-06-14 16:47:17 - [TEST_STEP][PASSED] - Statement - If (!(matchFound)): null

2018-06-14 16:47:17 - [TEST_STEP][PASSED] - Statement - If (matchFound): null

2018-06-14 16:47:17 - [TEST_STEP][PASSED] - Statement - out.println("Goal D Columns are verified"): null

2018-06-14 16:47:17 - [TEST_STEP][PASSED] - delay: Delayed 10 second(s)

2018-06-14 16:47:27 - [MESSAGE][PASSED] - Delayed 10 second(s)

2018-06-14 16:47:27 - [TEST_STEP][PASSED] - delay: Delayed 10 second(s)

2018-06-14 16:47:37 - [MESSAGE][PASSED] - Delayed 10 second(s)

2018-06-14 16:47:37 - [TEST_STEP][PASSED] - uiaction.CommonUIActions.click: uiaction.CommonUIActions.click is PASSED

2018-06-14 16:47:41 - [MESSAGE][PASSED] - uiaction.CommonUIActions.click is PASSED

2018-06-14 16:47:41 - [TEST_STEP][PASSED] - Statement - assert TCflag == true: null

2018-06-14 16:47:41 - [TEST_STEP][PASSED] - Start listener action : sampleAfterTestCase: Browser is closed

2018-06-14 16:47:41 - [TEST_STEP][PASSED] - Statement - println(testCaseContext.getTestCaseId()): null

2018-06-14 16:47:41 - [TEST_STEP][PASSED] - Statement - println(testCaseContext.getTestCaseStatus()): null

2018-06-14 16:47:41 - [TEST_STEP][PASSED] - closeBrowser: Browser is closed

2018-06-14 16:47:42 - [MESSAGE][PASSED] - Browser is closed]]></system-out>
         <system-err><![CDATA[]]></system-err>
      </testcase>
      <testcase name="Test Cases/GoalStatisticsTC/HME-Goal Statistics Report-03" classname="Test Cases/GoalStatisticsTC/HME-Goal Statistics Report-03" status="PASSED">
         <system-out><![CDATA[2018-06-14 16:47:42 - [TEST_CASE][PASSED] - Test Cases/GoalStatisticsTC/HME-Goal Statistics Report-03: Browser is closed

2018-06-14 16:47:42 - [TEST_STEP][PASSED] - Start listener action : sampleBeforeTestCase: uiaction.CommonUIActions.deleteAllCookies is PASSED

2018-06-14 16:47:42 - [TEST_STEP][PASSED] - openBrowser: Browser is opened with url: ''

2018-06-14 16:47:44 - [MESSAGE][PASSED] - Browser is opened with url: ''

2018-06-14 16:47:44 - [TEST_STEP][PASSED] - maximizeWindow: Current window maximized

2018-06-14 16:47:45 - [MESSAGE][PASSED] - Current window maximized

2018-06-14 16:47:45 - [TEST_STEP][PASSED] - uiaction.CommonUIActions.deleteAllCookies: uiaction.CommonUIActions.deleteAllCookies is PASSED

2018-06-14 16:47:45 - [MESSAGE][PASSED] - Delete all cookies successfully

2018-06-14 16:47:45 - [MESSAGE][PASSED] - uiaction.CommonUIActions.deleteAllCookies is PASSED

2018-06-14 16:47:45 - [TEST_STEP][PASSED] - Statement - TCflag = true: null

2018-06-14 16:47:45 - [TEST_STEP][PASSED] - Statement - Try: uiaction.CommonUIActions.click is PASSED

2018-06-14 16:47:45 - [TEST_STEP][PASSED] - navigateToUrl: Navigate to 'https://hme-dev-public-cloud-app.azurewebsites.net/' successfully

2018-06-14 16:47:48 - [MESSAGE][PASSED] - Navigate to 'https://hme-dev-public-cloud-app.azurewebsites.net/' successfully

2018-06-14 16:47:48 - [TEST_STEP][PASSED] - projectSpecific.Reusability.login: projectSpecific.Reusability.login is PASSED

2018-06-14 16:47:48 - [MESSAGE][PASSED] - projectSpecific.Reusability.getTestData is PASSED

2018-06-14 16:47:48 - [MESSAGE][PASSED] - projectSpecific.Reusability.getTestData is PASSED

2018-06-14 16:47:48 - [MESSAGE][PASSED] - Text 'selvendrank@nousinfo.com' is set on object 'Object Repository/LoginPage/Username'

2018-06-14 16:47:48 - [MESSAGE][PASSED] - Text 'nous;123' is set on object 'Object Repository/LoginPage/Password'

2018-06-14 16:47:48 - [MESSAGE][PASSED] - Object: 'Object Repository/LoginPage/Login' is clicked on

2018-06-14 16:47:48 - [MESSAGE][PASSED] - projectSpecific.Reusability.login is PASSED

2018-06-14 16:47:48 - [TEST_STEP][PASSED] - delay: Delayed 15 second(s)

2018-06-14 16:48:03 - [MESSAGE][PASSED] - Delayed 15 second(s)

2018-06-14 16:48:03 - [TEST_STEP][PASSED] - uiaction.CommonUIActions.click: uiaction.CommonUIActions.click is PASSED

2018-06-14 16:48:09 - [MESSAGE][PASSED] - uiaction.CommonUIActions.click is PASSED

2018-06-14 16:48:09 - [TEST_STEP][PASSED] - Statement - driver = com.kms.katalon.core.webui.driver.DriverFactory.getWebDriver(): null

2018-06-14 16:48:09 - [TEST_STEP][PASSED] - delay: Delayed 15 second(s)

2018-06-14 16:48:24 - [MESSAGE][PASSED] - Delayed 15 second(s)

2018-06-14 16:48:24 - [TEST_STEP][PASSED] - uiaction.CommonUIActions.click: uiaction.CommonUIActions.click is PASSED

2018-06-14 16:48:27 - [MESSAGE][PASSED] - uiaction.CommonUIActions.click is PASSED

2018-06-14 16:48:27 - [TEST_STEP][PASSED] - uiaction.CommonUIActions.click: uiaction.CommonUIActions.click is PASSED

2018-06-14 16:48:38 - [MESSAGE][PASSED] - uiaction.CommonUIActions.click is PASSED

2018-06-14 16:48:38 - [TEST_STEP][PASSED] - uiaction.CommonUIActions.click: uiaction.CommonUIActions.click is PASSED

2018-06-14 16:48:39 - [MESSAGE][PASSED] - uiaction.CommonUIActions.click is PASSED

2018-06-14 16:48:39 - [TEST_STEP][PASSED] - uiaction.CommonUIActions.click: uiaction.CommonUIActions.click is PASSED

2018-06-14 16:48:39 - [MESSAGE][PASSED] - uiaction.CommonUIActions.click is PASSED

2018-06-14 16:48:39 - [TEST_STEP][PASSED] - uiaction.CommonUIActions.enter: uiaction.CommonUIActions.enter is PASSED

2018-06-14 16:48:39 - [MESSAGE][PASSED] - projectSpecific.Reusability.getTestData is PASSED

2018-06-14 16:48:39 - [MESSAGE][PASSED] - uiaction.CommonUIActions.enter is PASSED

2018-06-14 16:48:39 - [TEST_STEP][PASSED] - uiaction.CommonUIActions.enter: uiaction.CommonUIActions.enter is PASSED

2018-06-14 16:48:39 - [MESSAGE][PASSED] - projectSpecific.Reusability.getTestData is PASSED

2018-06-14 16:48:40 - [MESSAGE][PASSED] - uiaction.CommonUIActions.enter is PASSED

2018-06-14 16:48:40 - [TEST_STEP][PASSED] - delay: Delayed 10 second(s)

2018-06-14 16:48:50 - [MESSAGE][PASSED] - Delayed 10 second(s)

2018-06-14 16:48:50 - [TEST_STEP][PASSED] - Statement - groupmain = CustomKeywords.projectSpecific.Reusability.getTestData("ReportingGroupManagementPage", "Summarygrp"): projectSpecific.Reusability.getTestData is PASSED

2018-06-14 16:48:50 - [MESSAGE][PASSED] - projectSpecific.Reusability.getTestData is PASSED

2018-06-14 16:48:50 - [TEST_STEP][PASSED] - Statement - grouplist = driver.findElements(org.openqa.selenium.By.xpath("//ul[@class='unlinked-grouplist']/li")): null

2018-06-14 16:48:50 - [TEST_STEP][PASSED] - delay: Delayed 10 second(s)

2018-06-14 16:49:00 - [MESSAGE][PASSED] - Delayed 10 second(s)

2018-06-14 16:49:00 - [TEST_STEP][PASSED] - Statement - For ([i = 0, i < grouplist.size(), (i++)]): null

2018-06-14 16:49:00 - [TEST_STEP][PASSED] - Statement - println(grouplist.get(i).getText()): null

2018-06-14 16:49:00 - [TEST_STEP][PASSED] - Statement - If (grouplist.get(i).getText().contains("0000")): null

2018-06-14 16:49:00 - [TEST_STEP][PASSED] - Statement - println(grouplist.get(i).getText()): null

2018-06-14 16:49:00 - [TEST_STEP][PASSED] - Statement - If (grouplist.get(i).getText().contains("0000")): null

2018-06-14 16:49:00 - [TEST_STEP][PASSED] - Statement - println(grouplist.get(i).getText()): null

2018-06-14 16:49:00 - [TEST_STEP][PASSED] - Statement - If (grouplist.get(i).getText().contains("0000")): null

2018-06-14 16:49:00 - [TEST_STEP][PASSED] - Statement - println(grouplist.get(i).getText()): null

2018-06-14 16:49:00 - [TEST_STEP][PASSED] - Statement - If (grouplist.get(i).getText().contains("0000")): null

2018-06-14 16:49:00 - [TEST_STEP][PASSED] - Statement - println(grouplist.get(i).getText()): null

2018-06-14 16:49:00 - [TEST_STEP][PASSED] - Statement - If (grouplist.get(i).getText().contains("0000")): null

2018-06-14 16:49:00 - [TEST_STEP][PASSED] - Statement - println(grouplist.get(i).getText()): null

2018-06-14 16:49:00 - [TEST_STEP][PASSED] - Statement - If (grouplist.get(i).getText().contains("0000")): null

2018-06-14 16:49:00 - [TEST_STEP][PASSED] - Statement - println(grouplist.get(i).getText()): null

2018-06-14 16:49:00 - [TEST_STEP][PASSED] - Statement - If (grouplist.get(i).getText().contains("0000")): null

2018-06-14 16:49:00 - [TEST_STEP][PASSED] - Statement - println(grouplist.get(i).getText()): null

2018-06-14 16:49:00 - [TEST_STEP][PASSED] - Statement - If (grouplist.get(i).getText().contains("0000")): null

2018-06-14 16:49:00 - [TEST_STEP][PASSED] - Statement - println(grouplist.get(i).getText()): null

2018-06-14 16:49:00 - [TEST_STEP][PASSED] - Statement - If (grouplist.get(i).getText().contains("0000")): null

2018-06-14 16:49:00 - [TEST_STEP][PASSED] - Statement - println(grouplist.get(i).getText()): null

2018-06-14 16:49:00 - [TEST_STEP][PASSED] - Statement - If (grouplist.get(i).getText().contains("0000")): null

2018-06-14 16:49:00 - [TEST_STEP][PASSED] - Statement - println(grouplist.get(i).getText()): null

2018-06-14 16:49:00 - [TEST_STEP][PASSED] - Statement - If (grouplist.get(i).getText().contains("0000")): null

2018-06-14 16:49:00 - [TEST_STEP][PASSED] - Statement - println(grouplist.get(i).getText()): null

2018-06-14 16:49:00 - [TEST_STEP][PASSED] - Statement - If (grouplist.get(i).getText().contains("0000")): null

2018-06-14 16:49:00 - [TEST_STEP][PASSED] - Statement - println(grouplist.get(i).getText()): null

2018-06-14 16:49:00 - [TEST_STEP][PASSED] - Statement - If (grouplist.get(i).getText().contains("0000")): null

2018-06-14 16:49:00 - [TEST_STEP][PASSED] - Statement - println(grouplist.get(i).getText()): null

2018-06-14 16:49:00 - [TEST_STEP][PASSED] - Statement - If (grouplist.get(i).getText().contains("0000")): null

2018-06-14 16:49:00 - [TEST_STEP][PASSED] - Statement - println(grouplist.get(i).getText()): null

2018-06-14 16:49:00 - [TEST_STEP][PASSED] - Statement - If (grouplist.get(i).getText().contains("0000")): null

2018-06-14 16:49:00 - [TEST_STEP][PASSED] - Statement - println(grouplist.get(i).getText()): null

2018-06-14 16:49:00 - [TEST_STEP][PASSED] - Statement - If (grouplist.get(i).getText().contains("0000")): null

2018-06-14 16:49:00 - [TEST_STEP][PASSED] - Statement - println(grouplist.get(i).getText()): null

2018-06-14 16:49:00 - [TEST_STEP][PASSED] - Statement - If (grouplist.get(i).getText().contains("0000")): null

2018-06-14 16:49:00 - [TEST_STEP][PASSED] - Statement - driver.findElement(org.openqa.selenium.By.xpath("(//ul[@class='unlinked-grouplist']/li/label)[" + i + 1 + "]")).click(): null

2018-06-14 16:49:00 - [TEST_STEP][PASSED] - Statement - Break: null

2018-06-14 16:49:00 - [TEST_STEP][PASSED] - Statement - driver.findElement(org.openqa.selenium.By.xpath("//button[contains(text(),'>')]")).click(): null

2018-06-14 16:49:00 - [TEST_STEP][PASSED] - delay: Delayed 10 second(s)

2018-06-14 16:49:10 - [MESSAGE][PASSED] - Delayed 10 second(s)

2018-06-14 16:49:10 - [TEST_STEP][PASSED] - uiaction.CommonUIActions.click: uiaction.CommonUIActions.click is PASSED

2018-06-14 16:49:10 - [MESSAGE][PASSED] - uiaction.CommonUIActions.click is PASSED

2018-06-14 16:49:10 - [TEST_STEP][PASSED] - uiaction.CommonUIActions.click: uiaction.CommonUIActions.click is PASSED

2018-06-14 16:49:10 - [MESSAGE][PASSED] - uiaction.CommonUIActions.click is PASSED

2018-06-14 16:49:10 - [TEST_STEP][PASSED] - delay: Delayed 10 second(s)

2018-06-14 16:49:20 - [MESSAGE][PASSED] - Delayed 10 second(s)

2018-06-14 16:49:20 - [TEST_STEP][PASSED] - uiaction.CommonUIActions.click: uiaction.CommonUIActions.click is PASSED

2018-06-14 16:49:21 - [MESSAGE][PASSED] - uiaction.CommonUIActions.click is PASSED

2018-06-14 16:49:21 - [TEST_STEP][PASSED] - delay: Delayed 10 second(s)

2018-06-14 16:49:31 - [MESSAGE][PASSED] - Delayed 10 second(s)

2018-06-14 16:49:31 - [TEST_STEP][PASSED] - Statement - driver.findElement(org.openqa.selenium.By.xpath("//span[contains(text(),'" + groupmain + "')]/../../../../span[2]")).click(): null

2018-06-14 16:49:31 - [TEST_STEP][PASSED] - delay: Delayed 10 second(s)

2018-06-14 16:49:41 - [MESSAGE][PASSED] - Delayed 10 second(s)

2018-06-14 16:49:41 - [TEST_STEP][PASSED] - uiaction.CommonUIActions.click: uiaction.CommonUIActions.click is PASSED

2018-06-14 16:49:41 - [MESSAGE][PASSED] - uiaction.CommonUIActions.click is PASSED

2018-06-14 16:49:41 - [TEST_STEP][PASSED] - uiaction.CommonUIActions.click: uiaction.CommonUIActions.click is PASSED

2018-06-14 16:49:41 - [MESSAGE][PASSED] - uiaction.CommonUIActions.click is PASSED

2018-06-14 16:49:41 - [TEST_STEP][PASSED] - click: Object: 'Object Repository/ReportsPage/fromDateSelector' is clicked on

2018-06-14 16:49:41 - [MESSAGE][PASSED] - Object: 'Object Repository/ReportsPage/fromDateSelector' is clicked on

2018-06-14 16:49:41 - [TEST_STEP][PASSED] - delay: Delayed 5 second(s)

2018-06-14 16:49:46 - [MESSAGE][PASSED] - Delayed 5 second(s)

2018-06-14 16:49:46 - [TEST_STEP][PASSED] - Statement - monthText = com.kms.katalon.core.webui.keyword.WebUiBuiltInKeywords.getText(com.kms.katalon.core.testobject.ObjectRepository.findTestObject(ReportsPage/monthText)): Text of object 'Object Repository/ReportsPage/monthText' is: 'June 2018'

2018-06-14 16:49:46 - [MESSAGE][PASSED] - Text of object 'Object Repository/ReportsPage/monthText' is: 'June 2018'

2018-06-14 16:49:46 - [TEST_STEP][PASSED] - Statement - monthTextArray = monthText.split(" "): null

2018-06-14 16:49:46 - [TEST_STEP][PASSED] - Statement - month = monthTextArray[0]: null

2018-06-14 16:49:46 - [TEST_STEP][PASSED] - Statement - monthTextValue = CustomKeywords.projectSpecific.Reusability.getTestData("ReportsPage", "Month"): projectSpecific.Reusability.getTestData is PASSED

2018-06-14 16:49:46 - [MESSAGE][PASSED] - projectSpecific.Reusability.getTestData is PASSED

2018-06-14 16:49:46 - [TEST_STEP][PASSED] - Statement - If (!(monthTextValue.equals(month))): null

2018-06-14 16:49:46 - [TEST_STEP][PASSED] - Statement - While (!(monthTextValue.equals(month))): null

2018-06-14 16:49:46 - [TEST_STEP][PASSED] - click: Object: 'Object Repository/ReportsPage/previousDateSelector' is clicked on

2018-06-14 16:49:46 - [MESSAGE][PASSED] - Object: 'Object Repository/ReportsPage/previousDateSelector' is clicked on

2018-06-14 16:49:46 - [TEST_STEP][PASSED] - Statement - monthText = com.kms.katalon.core.webui.keyword.WebUiBuiltInKeywords.getText(com.kms.katalon.core.testobject.ObjectRepository.findTestObject(ReportsPage/monthText)): Text of object 'Object Repository/ReportsPage/monthText' is: 'May 2018'

2018-06-14 16:49:46 - [MESSAGE][PASSED] - Text of object 'Object Repository/ReportsPage/monthText' is: 'May 2018'

2018-06-14 16:49:46 - [TEST_STEP][PASSED] - Statement - monthTextArray = monthText.split(" "): null

2018-06-14 16:49:46 - [TEST_STEP][PASSED] - Statement - month = monthTextArray[0]: null

2018-06-14 16:49:46 - [TEST_STEP][PASSED] - click: Object: 'Object Repository/ReportsPage/previousDateSelector' is clicked on

2018-06-14 16:49:46 - [MESSAGE][PASSED] - Object: 'Object Repository/ReportsPage/previousDateSelector' is clicked on

2018-06-14 16:49:46 - [TEST_STEP][PASSED] - Statement - monthText = com.kms.katalon.core.webui.keyword.WebUiBuiltInKeywords.getText(com.kms.katalon.core.testobject.ObjectRepository.findTestObject(ReportsPage/monthText)): Text of object 'Object Repository/ReportsPage/monthText' is: 'April 2018'

2018-06-14 16:49:46 - [MESSAGE][PASSED] - Text of object 'Object Repository/ReportsPage/monthText' is: 'April 2018'

2018-06-14 16:49:46 - [TEST_STEP][PASSED] - Statement - monthTextArray = monthText.split(" "): null

2018-06-14 16:49:46 - [TEST_STEP][PASSED] - Statement - month = monthTextArray[0]: null

2018-06-14 16:49:46 - [TEST_STEP][PASSED] - click: Object: 'Object Repository/ReportsPage/previousDateSelector' is clicked on

2018-06-14 16:49:46 - [MESSAGE][PASSED] - Object: 'Object Repository/ReportsPage/previousDateSelector' is clicked on

2018-06-14 16:49:46 - [TEST_STEP][PASSED] - Statement - monthText = com.kms.katalon.core.webui.keyword.WebUiBuiltInKeywords.getText(com.kms.katalon.core.testobject.ObjectRepository.findTestObject(ReportsPage/monthText)): Text of object 'Object Repository/ReportsPage/monthText' is: 'March 2018'

2018-06-14 16:49:46 - [MESSAGE][PASSED] - Text of object 'Object Repository/ReportsPage/monthText' is: 'March 2018'

2018-06-14 16:49:46 - [TEST_STEP][PASSED] - Statement - monthTextArray = monthText.split(" "): null

2018-06-14 16:49:46 - [TEST_STEP][PASSED] - Statement - month = monthTextArray[0]: null

2018-06-14 16:49:46 - [TEST_STEP][PASSED] - Statement - data = CustomKeywords.projectSpecific.Reusability.getTestData("ReportsPage", "StartDate"): projectSpecific.Reusability.getTestData is PASSED

2018-06-14 16:49:46 - [MESSAGE][PASSED] - projectSpecific.Reusability.getTestData is PASSED

2018-06-14 16:49:46 - [TEST_STEP][PASSED] - Statement - startDate = "(//div[@class='rdtPicker']/div/table/tbody/tr/td[text()='" + data + "'])[1]": null

2018-06-14 16:49:46 - [TEST_STEP][PASSED] - Statement - println(startDate): null

2018-06-14 16:49:46 - [TEST_STEP][PASSED] - Statement - startdateEle = driver.findElement(org.openqa.selenium.By.xpath(startDate)): null

2018-06-14 16:49:46 - [TEST_STEP][PASSED] - Statement - startdateEle.click(): null

2018-06-14 16:49:46 - [TEST_STEP][PASSED] - delay: Delayed 5 second(s)

2018-06-14 16:49:51 - [MESSAGE][PASSED] - Delayed 5 second(s)

2018-06-14 16:49:51 - [TEST_STEP][PASSED] - click: Object: 'Object Repository/ReportsPage/toDateSelector' is clicked on

2018-06-14 16:49:51 - [MESSAGE][PASSED] - Object: 'Object Repository/ReportsPage/toDateSelector' is clicked on

2018-06-14 16:49:51 - [TEST_STEP][PASSED] - Statement - monthText = com.kms.katalon.core.webui.keyword.WebUiBuiltInKeywords.getText(com.kms.katalon.core.testobject.ObjectRepository.findTestObject(ReportsPage/monthText2)): Text of object 'Object Repository/ReportsPage/monthText2' is: 'June 2018'

2018-06-14 16:49:51 - [MESSAGE][PASSED] - Text of object 'Object Repository/ReportsPage/monthText2' is: 'June 2018'

2018-06-14 16:49:51 - [TEST_STEP][PASSED] - Statement - monthTextArray = monthText.split(" "): null

2018-06-14 16:49:51 - [TEST_STEP][PASSED] - Statement - month = monthTextArray[0]: null

2018-06-14 16:49:51 - [TEST_STEP][PASSED] - Statement - monthTextValue1 = CustomKeywords.projectSpecific.Reusability.getTestData("ReportsPage", "Month"): projectSpecific.Reusability.getTestData is PASSED

2018-06-14 16:49:51 - [MESSAGE][PASSED] - projectSpecific.Reusability.getTestData is PASSED

2018-06-14 16:49:51 - [TEST_STEP][PASSED] - Statement - If (!(monthTextValue1.equals(month))): null

2018-06-14 16:49:51 - [TEST_STEP][PASSED] - Statement - While (!(monthTextValue1.equals(month))): null

2018-06-14 16:49:51 - [TEST_STEP][PASSED] - click: Object: 'Object Repository/ReportsPage/previousDateSelector2' is clicked on

2018-06-14 16:49:51 - [MESSAGE][PASSED] - Object: 'Object Repository/ReportsPage/previousDateSelector2' is clicked on

2018-06-14 16:49:51 - [TEST_STEP][PASSED] - Statement - monthText = com.kms.katalon.core.webui.keyword.WebUiBuiltInKeywords.getText(com.kms.katalon.core.testobject.ObjectRepository.findTestObject(ReportsPage/monthText2)): Text of object 'Object Repository/ReportsPage/monthText2' is: 'May 2018'

2018-06-14 16:49:51 - [MESSAGE][PASSED] - Text of object 'Object Repository/ReportsPage/monthText2' is: 'May 2018'

2018-06-14 16:49:51 - [TEST_STEP][PASSED] - Statement - monthTextArray = monthText.split(" "): null

2018-06-14 16:49:51 - [TEST_STEP][PASSED] - Statement - month = monthTextArray[0]: null

2018-06-14 16:49:51 - [TEST_STEP][PASSED] - click: Object: 'Object Repository/ReportsPage/previousDateSelector2' is clicked on

2018-06-14 16:49:51 - [MESSAGE][PASSED] - Object: 'Object Repository/ReportsPage/previousDateSelector2' is clicked on

2018-06-14 16:49:51 - [TEST_STEP][PASSED] - Statement - monthText = com.kms.katalon.core.webui.keyword.WebUiBuiltInKeywords.getText(com.kms.katalon.core.testobject.ObjectRepository.findTestObject(ReportsPage/monthText2)): Text of object 'Object Repository/ReportsPage/monthText2' is: 'April 2018'

2018-06-14 16:49:52 - [MESSAGE][PASSED] - Text of object 'Object Repository/ReportsPage/monthText2' is: 'April 2018'

2018-06-14 16:49:52 - [TEST_STEP][PASSED] - Statement - monthTextArray = monthText.split(" "): null

2018-06-14 16:49:52 - [TEST_STEP][PASSED] - Statement - month = monthTextArray[0]: null

2018-06-14 16:49:52 - [TEST_STEP][PASSED] - click: Object: 'Object Repository/ReportsPage/previousDateSelector2' is clicked on

2018-06-14 16:49:52 - [MESSAGE][PASSED] - Object: 'Object Repository/ReportsPage/previousDateSelector2' is clicked on

2018-06-14 16:49:52 - [TEST_STEP][PASSED] - Statement - monthText = com.kms.katalon.core.webui.keyword.WebUiBuiltInKeywords.getText(com.kms.katalon.core.testobject.ObjectRepository.findTestObject(ReportsPage/monthText2)): Text of object 'Object Repository/ReportsPage/monthText2' is: 'March 2018'

2018-06-14 16:49:52 - [MESSAGE][PASSED] - Text of object 'Object Repository/ReportsPage/monthText2' is: 'March 2018'

2018-06-14 16:49:52 - [TEST_STEP][PASSED] - Statement - monthTextArray = monthText.split(" "): null

2018-06-14 16:49:52 - [TEST_STEP][PASSED] - Statement - month = monthTextArray[0]: null

2018-06-14 16:49:52 - [TEST_STEP][PASSED] - Statement - endDate = CustomKeywords.projectSpecific.Reusability.getTestData("ReportsPage", "startdate_TC8"): projectSpecific.Reusability.getTestData is PASSED

2018-06-14 16:49:52 - [MESSAGE][PASSED] - projectSpecific.Reusability.getTestData is PASSED

2018-06-14 16:49:52 - [TEST_STEP][PASSED] - Statement - toDate = "(//div[@class='rdt date-time rdtOpen']/div[@class='rdtPicker']/div/table/tbody/tr/td[text()='" + endDate + "'])[1]": null

2018-06-14 16:49:52 - [TEST_STEP][PASSED] - Statement - println(toDate): null

2018-06-14 16:49:52 - [TEST_STEP][PASSED] - Statement - toDateEle = driver.findElement(org.openqa.selenium.By.xpath(toDate)): null

2018-06-14 16:49:52 - [TEST_STEP][PASSED] - Statement - toDateEle.click(): null

2018-06-14 16:49:52 - [TEST_STEP][PASSED] - delay: Delayed 5 second(s)

2018-06-14 16:49:57 - [MESSAGE][PASSED] - Delayed 5 second(s)

2018-06-14 16:49:57 - [TEST_STEP][PASSED] - Statement - dateAttr = com.kms.katalon.core.webui.keyword.WebUiBuiltInKeywords.getAttribute(com.kms.katalon.core.testobject.ObjectRepository.findTestObject(ReportsPage/selectedDate1), "value"): Attribute 'value' of object 'Object Repository/ReportsPage/selectedDate1' is: '03/01/2018'

2018-06-14 16:49:57 - [MESSAGE][PASSED] - Attribute 'value' of object 'Object Repository/ReportsPage/selectedDate1' is: '03/01/2018'

2018-06-14 16:49:57 - [TEST_STEP][PASSED] - Statement - fromDateValue = CustomKeywords.projectSpecific.Reusability.getTestData("ReportsPage", "fromDate"): projectSpecific.Reusability.getTestData is PASSED

2018-06-14 16:49:57 - [MESSAGE][PASSED] - projectSpecific.Reusability.getTestData is PASSED

2018-06-14 16:49:57 - [TEST_STEP][PASSED] - Statement - If (!(dateAttr.equals(fromDateValue))): null

2018-06-14 16:49:57 - [TEST_STEP][PASSED] - Statement - dateAttr = com.kms.katalon.core.webui.keyword.WebUiBuiltInKeywords.getAttribute(com.kms.katalon.core.testobject.ObjectRepository.findTestObject(ReportsPage/selectedDate2), "value"): Attribute 'value' of object 'Object Repository/ReportsPage/selectedDate2' is: '03/07/2018'

2018-06-14 16:49:57 - [MESSAGE][PASSED] - Attribute 'value' of object 'Object Repository/ReportsPage/selectedDate2' is: '03/07/2018'

2018-06-14 16:49:57 - [TEST_STEP][PASSED] - Statement - toDateValue = CustomKeywords.projectSpecific.Reusability.getTestData("ReportsPage", "Fromdate_TC8"): projectSpecific.Reusability.getTestData is PASSED

2018-06-14 16:49:57 - [MESSAGE][PASSED] - projectSpecific.Reusability.getTestData is PASSED

2018-06-14 16:49:57 - [TEST_STEP][PASSED] - Statement - If (!(dateAttr.equals(toDateValue))): null

2018-06-14 16:49:57 - [TEST_STEP][PASSED] - delay: Delayed 10 second(s)

2018-06-14 16:50:07 - [MESSAGE][PASSED] - Delayed 10 second(s)

2018-06-14 16:50:07 - [TEST_STEP][PASSED] - uiaction.CommonUIActions.click: uiaction.CommonUIActions.click is PASSED

2018-06-14 16:50:07 - [MESSAGE][PASSED] - uiaction.CommonUIActions.click is PASSED

2018-06-14 16:50:07 - [TEST_STEP][PASSED] - click: Object: 'Object Repository/ReportsPage/generateReport' is clicked on

2018-06-14 16:50:07 - [MESSAGE][PASSED] - Object: 'Object Repository/ReportsPage/generateReport' is clicked on

2018-06-14 16:50:07 - [TEST_STEP][PASSED] - delay: Delayed 15 second(s)

2018-06-14 16:50:22 - [MESSAGE][PASSED] - Delayed 15 second(s)

2018-06-14 16:50:22 - [TEST_STEP][PASSED] - Statement - goalStatisticsList = driver.findElements(org.openqa.selenium.By.xpath(com.kms.katalon.core.testdata.TestDataFactory.findTestData(OR_file).getValue(2, 28))): Reading excel file with source file 'C:\Users\shalinin\Katalon Studio\HME_Scripts\Data Files\HME_OR.xlsx' and sheet name 'Sheet1'

2018-06-14 16:50:22 - [TEST_STEP][PASSED] - Statement - groupSize = goalStatisticsList.size(): null

2018-06-14 16:50:22 - [TEST_STEP][PASSED] - Statement - actualgroupList = new java.util.ArrayList(): null

2018-06-14 16:50:22 - [TEST_STEP][PASSED] - Statement - For ([i = 0, i < groupSize, (i++)]): null

2018-06-14 16:50:22 - [TEST_STEP][PASSED] - Statement - actualgroupList.add(i, goalStatisticsList.get(i).getText()): null

2018-06-14 16:50:22 - [TEST_STEP][PASSED] - Statement - actualgroupList.add(i, goalStatisticsList.get(i).getText()): null

2018-06-14 16:50:22 - [TEST_STEP][PASSED] - Statement - actualgroupList.add(i, goalStatisticsList.get(i).getText()): null

2018-06-14 16:50:22 - [TEST_STEP][PASSED] - Statement - actualgroupList.add(i, goalStatisticsList.get(i).getText()): null

2018-06-14 16:50:22 - [TEST_STEP][PASSED] - Statement - actualgroupList.add(i, goalStatisticsList.get(i).getText()): null

2018-06-14 16:50:22 - [TEST_STEP][PASSED] - Statement - actualgroupList.add(i, goalStatisticsList.get(i).getText()): null

2018-06-14 16:50:22 - [TEST_STEP][PASSED] - Statement - actualgroupList.add(i, goalStatisticsList.get(i).getText()): null

2018-06-14 16:50:22 - [TEST_STEP][PASSED] - Statement - goalStatisticsdata = CustomKeywords.projectSpecific.Reusability.getTestData("SummarizedReportPage", "goalReportHeader"): projectSpecific.Reusability.getTestData is PASSED

2018-06-14 16:50:22 - [MESSAGE][PASSED] - projectSpecific.Reusability.getTestData is PASSED

2018-06-14 16:50:22 - [TEST_STEP][PASSED] - Statement - goalStatisticsdataArray = goalStatisticsdata.split(","): null

2018-06-14 16:50:22 - [TEST_STEP][PASSED] - Statement - goalStatisticsdataList = new java.util.ArrayList(java.util.Arrays.asList(goalStatisticsdataArray)): null

2018-06-14 16:50:22 - [TEST_STEP][PASSED] - Statement - goalStatisticsdataList.unique(): null

2018-06-14 16:50:22 - [TEST_STEP][PASSED] - Statement - out.println(goalStatisticsdataList): null

2018-06-14 16:50:22 - [TEST_STEP][PASSED] - Statement - matchFound = true: null

2018-06-14 16:50:22 - [TEST_STEP][PASSED] - Statement - For ([j = 0, j < actualgroupList.size(), (j++)]): null

2018-06-14 16:50:22 - [TEST_STEP][PASSED] - Statement - matchFound = com.kms.katalon.core.webui.keyword.WebUiBuiltInKeywords.verifyMatch(actualgroupList.get(j).toString().trim(), goalStatisticsdataList.get(j).toString().trim(), false): Actual text 'Day' and expected text 'Day' are matched 

2018-06-14 16:50:22 - [MESSAGE][PASSED] - Actual text 'Day' and expected text 'Day' are matched 

2018-06-14 16:50:22 - [TEST_STEP][PASSED] - Statement - If (!(matchFound)): null

2018-06-14 16:50:22 - [TEST_STEP][PASSED] - Statement - matchFound = com.kms.katalon.core.webui.keyword.WebUiBuiltInKeywords.verifyMatch(actualgroupList.get(j).toString().trim(), goalStatisticsdataList.get(j).toString().trim(), false): Actual text 'Menu Board' and expected text 'Menu Board' are matched 

2018-06-14 16:50:22 - [MESSAGE][PASSED] - Actual text 'Menu Board' and expected text 'Menu Board' are matched 

2018-06-14 16:50:22 - [TEST_STEP][PASSED] - Statement - If (!(matchFound)): null

2018-06-14 16:50:22 - [TEST_STEP][PASSED] - Statement - matchFound = com.kms.katalon.core.webui.keyword.WebUiBuiltInKeywords.verifyMatch(actualgroupList.get(j).toString().trim(), goalStatisticsdataList.get(j).toString().trim(), false): Actual text 'Greet' and expected text 'Greet' are matched 

2018-06-14 16:50:22 - [MESSAGE][PASSED] - Actual text 'Greet' and expected text 'Greet' are matched 

2018-06-14 16:50:22 - [TEST_STEP][PASSED] - Statement - If (!(matchFound)): null

2018-06-14 16:50:22 - [TEST_STEP][PASSED] - Statement - matchFound = com.kms.katalon.core.webui.keyword.WebUiBuiltInKeywords.verifyMatch(actualgroupList.get(j).toString().trim(), goalStatisticsdataList.get(j).toString().trim(), false): Actual text 'Service' and expected text 'Service' are matched 

2018-06-14 16:50:22 - [MESSAGE][PASSED] - Actual text 'Service' and expected text 'Service' are matched 

2018-06-14 16:50:22 - [TEST_STEP][PASSED] - Statement - If (!(matchFound)): null

2018-06-14 16:50:22 - [TEST_STEP][PASSED] - Statement - matchFound = com.kms.katalon.core.webui.keyword.WebUiBuiltInKeywords.verifyMatch(actualgroupList.get(j).toString().trim(), goalStatisticsdataList.get(j).toString().trim(), false): Actual text 'Lane Queue' and expected text 'Lane Queue' are matched 

2018-06-14 16:50:22 - [MESSAGE][PASSED] - Actual text 'Lane Queue' and expected text 'Lane Queue' are matched 

2018-06-14 16:50:22 - [TEST_STEP][PASSED] - Statement - If (!(matchFound)): null

2018-06-14 16:50:22 - [TEST_STEP][PASSED] - Statement - matchFound = com.kms.katalon.core.webui.keyword.WebUiBuiltInKeywords.verifyMatch(actualgroupList.get(j).toString().trim(), goalStatisticsdataList.get(j).toString().trim(), false): Actual text 'Lane Total' and expected text 'Lane Total' are matched 

2018-06-14 16:50:22 - [MESSAGE][PASSED] - Actual text 'Lane Total' and expected text 'Lane Total' are matched 

2018-06-14 16:50:22 - [TEST_STEP][PASSED] - Statement - If (!(matchFound)): null

2018-06-14 16:50:22 - [TEST_STEP][PASSED] - Statement - matchFound = com.kms.katalon.core.webui.keyword.WebUiBuiltInKeywords.verifyMatch(actualgroupList.get(j).toString().trim(), goalStatisticsdataList.get(j).toString().trim(), false): Actual text 'Total Cars' and expected text 'Total Cars' are matched 

2018-06-14 16:50:22 - [MESSAGE][PASSED] - Actual text 'Total Cars' and expected text 'Total Cars' are matched 

2018-06-14 16:50:22 - [TEST_STEP][PASSED] - Statement - If (!(matchFound)): null

2018-06-14 16:50:22 - [TEST_STEP][PASSED] - Statement - If (matchFound): null

2018-06-14 16:50:22 - [TEST_STEP][PASSED] - Statement - out.println("GoalStatistics Columns are verified"): null

2018-06-14 16:50:22 - [TEST_STEP][PASSED] - delay: Delayed 10 second(s)

2018-06-14 16:50:32 - [MESSAGE][PASSED] - Delayed 10 second(s)

2018-06-14 16:50:32 - [TEST_STEP][PASSED] - Statement - goalAText = CustomKeywords.projectSpecific.Reusability.getTestData("SummarizedReportPage", "goalA"): projectSpecific.Reusability.getTestData is PASSED

2018-06-14 16:50:32 - [MESSAGE][PASSED] - projectSpecific.Reusability.getTestData is PASSED

2018-06-14 16:50:32 - [TEST_STEP][PASSED] - Statement - goalAText1 = CustomKeywords.uiaction.CommonUIActions.getText(com.kms.katalon.core.testobject.ObjectRepository.findTestObject(SummarizedReportPage/goalAText)): uiaction.CommonUIActions.getText is PASSED

2018-06-14 16:50:32 - [MESSAGE][PASSED] - uiaction.CommonUIActions.getText is PASSED

2018-06-14 16:50:32 - [TEST_STEP][PASSED] - Statement - confirm = goalAText1.trim().contains(goalAText.trim()): null

2018-06-14 16:50:32 - [TEST_STEP][PASSED] - Statement - If (confirm): null

2018-06-14 16:50:32 - [TEST_STEP][PASSED] - Statement - out.println("Goal A Report is verified"): null

2018-06-14 16:50:32 - [TEST_STEP][PASSED] - Statement - goalAdata = CustomKeywords.projectSpecific.Reusability.getTestData("SummarizedReportPage", "goalAText"): projectSpecific.Reusability.getTestData is PASSED

2018-06-14 16:50:32 - [MESSAGE][PASSED] - projectSpecific.Reusability.getTestData is PASSED

2018-06-14 16:50:32 - [TEST_STEP][PASSED] - Statement - println(goalAdata): null

2018-06-14 16:50:32 - [TEST_STEP][PASSED] - Statement - goalStatisticsList1 = driver.findElements(org.openqa.selenium.By.xpath(com.kms.katalon.core.testdata.TestDataFactory.findTestData(OR_file).getValue(2, 29))): Reading excel file with source file 'C:\Users\shalinin\Katalon Studio\HME_Scripts\Data Files\HME_OR.xlsx' and sheet name 'Sheet1'

2018-06-14 16:50:32 - [TEST_STEP][PASSED] - Statement - For ([k = 1, k < size, (k++)]): null

2018-06-14 16:50:32 - [TEST_STEP][PASSED] - Statement - If (goalAdata.contains(goalStatisticsList1.get(k).getText())): null

2018-06-14 16:50:32 - [TEST_STEP][PASSED] - Statement - out.println("Goal A Columns are verified"): null

2018-06-14 16:50:32 - [TEST_STEP][PASSED] - Statement - If (goalAdata.contains(goalStatisticsList1.get(k).getText())): null

2018-06-14 16:50:32 - [TEST_STEP][PASSED] - Statement - out.println("Goal A Columns are verified"): null

2018-06-14 16:50:32 - [TEST_STEP][PASSED] - Statement - If (goalAdata.contains(goalStatisticsList1.get(k).getText())): null

2018-06-14 16:50:32 - [TEST_STEP][PASSED] - Statement - out.println("Goal A Columns are verified"): null

2018-06-14 16:50:32 - [TEST_STEP][PASSED] - Statement - If (goalAdata.contains(goalStatisticsList1.get(k).getText())): null

2018-06-14 16:50:32 - [TEST_STEP][PASSED] - Statement - out.println("Goal A Columns are verified"): null

2018-06-14 16:50:32 - [TEST_STEP][PASSED] - Statement - If (goalAdata.contains(goalStatisticsList1.get(k).getText())): null

2018-06-14 16:50:32 - [TEST_STEP][PASSED] - Statement - out.println("Goal A Columns are verified"): null

2018-06-14 16:50:32 - [TEST_STEP][PASSED] - delay: Delayed 10 second(s)

2018-06-14 16:50:42 - [MESSAGE][PASSED] - Delayed 10 second(s)

2018-06-14 16:50:42 - [TEST_STEP][PASSED] - Statement - goalBText = CustomKeywords.projectSpecific.Reusability.getTestData("SummarizedReportPage", "goalB"): projectSpecific.Reusability.getTestData is PASSED

2018-06-14 16:50:42 - [MESSAGE][PASSED] - projectSpecific.Reusability.getTestData is PASSED

2018-06-14 16:50:42 - [TEST_STEP][PASSED] - Statement - goalBText1 = CustomKeywords.uiaction.CommonUIActions.getText(com.kms.katalon.core.testobject.ObjectRepository.findTestObject(SummarizedReportPage/goalBText)): uiaction.CommonUIActions.getText is PASSED

2018-06-14 16:50:42 - [MESSAGE][PASSED] - uiaction.CommonUIActions.getText is PASSED

2018-06-14 16:50:42 - [TEST_STEP][PASSED] - Statement - confirm = goalBText1.trim().contains(goalBText.trim()): null

2018-06-14 16:50:42 - [TEST_STEP][PASSED] - Statement - If (confirm): null

2018-06-14 16:50:42 - [TEST_STEP][PASSED] - Statement - out.println("Goal B Report is verified"): null

2018-06-14 16:50:42 - [TEST_STEP][PASSED] - Statement - goalBdata = CustomKeywords.projectSpecific.Reusability.getTestData("SummarizedReportPage", "goalBText"): projectSpecific.Reusability.getTestData is PASSED

2018-06-14 16:50:42 - [MESSAGE][PASSED] - projectSpecific.Reusability.getTestData is PASSED

2018-06-14 16:50:42 - [TEST_STEP][PASSED] - Statement - println(goalBdata): null

2018-06-14 16:50:42 - [TEST_STEP][PASSED] - Statement - goalStatisticsListB = driver.findElements(org.openqa.selenium.By.xpath(com.kms.katalon.core.testdata.TestDataFactory.findTestData(OR_file).getValue(2, 30))): Reading excel file with source file 'C:\Users\shalinin\Katalon Studio\HME_Scripts\Data Files\HME_OR.xlsx' and sheet name 'Sheet1'

2018-06-14 16:50:42 - [TEST_STEP][PASSED] - Statement - For ([k1 = 1, k1 < size, (k1++)]): null

2018-06-14 16:50:42 - [TEST_STEP][PASSED] - Statement - If (goalBdata.contains(goalStatisticsListB.get(k1).getText())): null

2018-06-14 16:50:42 - [TEST_STEP][PASSED] - Statement - out.println("Goal B Columns are verified"): null

2018-06-14 16:50:42 - [TEST_STEP][PASSED] - Statement - If (goalBdata.contains(goalStatisticsListB.get(k1).getText())): null

2018-06-14 16:50:42 - [TEST_STEP][PASSED] - Statement - out.println("Goal B Columns are verified"): null

2018-06-14 16:50:42 - [TEST_STEP][PASSED] - Statement - If (goalBdata.contains(goalStatisticsListB.get(k1).getText())): null

2018-06-14 16:50:43 - [TEST_STEP][PASSED] - Statement - out.println("Goal B Columns are verified"): null

2018-06-14 16:50:43 - [TEST_STEP][PASSED] - Statement - If (goalBdata.contains(goalStatisticsListB.get(k1).getText())): null

2018-06-14 16:50:43 - [TEST_STEP][PASSED] - Statement - out.println("Goal B Columns are verified"): null

2018-06-14 16:50:43 - [TEST_STEP][PASSED] - Statement - If (goalBdata.contains(goalStatisticsListB.get(k1).getText())): null

2018-06-14 16:50:43 - [TEST_STEP][PASSED] - Statement - out.println("Goal B Columns are verified"): null

2018-06-14 16:50:43 - [TEST_STEP][PASSED] - delay: Delayed 10 second(s)

2018-06-14 16:50:53 - [MESSAGE][PASSED] - Delayed 10 second(s)

2018-06-14 16:50:53 - [TEST_STEP][PASSED] - delay: Delayed 5 second(s)

2018-06-14 16:50:58 - [MESSAGE][PASSED] - Delayed 5 second(s)

2018-06-14 16:50:58 - [TEST_STEP][PASSED] - uiaction.CommonUIActions.click: uiaction.CommonUIActions.click is PASSED

2018-06-14 16:51:01 - [MESSAGE][PASSED] - uiaction.CommonUIActions.click is PASSED

2018-06-14 16:51:01 - [TEST_STEP][PASSED] - delay: Delayed 5 second(s)

2018-06-14 16:51:06 - [MESSAGE][PASSED] - Delayed 5 second(s)

2018-06-14 16:51:06 - [TEST_STEP][PASSED] - uiaction.CommonUIActions.click: uiaction.CommonUIActions.click is PASSED

2018-06-14 16:51:18 - [MESSAGE][PASSED] - uiaction.CommonUIActions.click is PASSED

2018-06-14 16:51:18 - [TEST_STEP][PASSED] - delay: Delayed 5 second(s)

2018-06-14 16:51:23 - [MESSAGE][PASSED] - Delayed 5 second(s)

2018-06-14 16:51:23 - [TEST_STEP][PASSED] - uiaction.CommonUIActions.click: uiaction.CommonUIActions.click is PASSED

2018-06-14 16:51:24 - [MESSAGE][PASSED] - uiaction.CommonUIActions.click is PASSED

2018-06-14 16:51:24 - [TEST_STEP][PASSED] - delay: Delayed 10 second(s)

2018-06-14 16:51:34 - [MESSAGE][PASSED] - Delayed 10 second(s)

2018-06-14 16:51:34 - [TEST_STEP][PASSED] - uiaction.CommonUIActions.click: uiaction.CommonUIActions.click is PASSED

2018-06-14 16:51:34 - [MESSAGE][PASSED] - uiaction.CommonUIActions.click is PASSED

2018-06-14 16:51:34 - [TEST_STEP][PASSED] - delay: Delayed 10 second(s)

2018-06-14 16:51:44 - [MESSAGE][PASSED] - Delayed 10 second(s)

2018-06-14 16:51:44 - [TEST_STEP][PASSED] - uiaction.CommonUIActions.click: uiaction.CommonUIActions.click is PASSED

2018-06-14 16:51:44 - [MESSAGE][PASSED] - uiaction.CommonUIActions.click is PASSED

2018-06-14 16:51:44 - [TEST_STEP][PASSED] - delay: Delayed 10 second(s)

2018-06-14 16:51:54 - [MESSAGE][PASSED] - Delayed 10 second(s)

2018-06-14 16:51:54 - [TEST_STEP][PASSED] - uiaction.CommonUIActions.click: uiaction.CommonUIActions.click is PASSED

2018-06-14 16:51:54 - [MESSAGE][PASSED] - uiaction.CommonUIActions.click is PASSED

2018-06-14 16:51:54 - [TEST_STEP][PASSED] - delay: Delayed 10 second(s)

2018-06-14 16:52:04 - [MESSAGE][PASSED] - Delayed 10 second(s)

2018-06-14 16:52:04 - [TEST_STEP][PASSED] - uiaction.CommonUIActions.click: uiaction.CommonUIActions.click is PASSED

2018-06-14 16:52:07 - [MESSAGE][PASSED] - uiaction.CommonUIActions.click is PASSED

2018-06-14 16:52:07 - [TEST_STEP][PASSED] - Statement - assert TCflag == true: null

2018-06-14 16:52:07 - [TEST_STEP][PASSED] - Start listener action : sampleAfterTestCase: Browser is closed

2018-06-14 16:52:07 - [TEST_STEP][PASSED] - Statement - println(testCaseContext.getTestCaseId()): null

2018-06-14 16:52:07 - [TEST_STEP][PASSED] - Statement - println(testCaseContext.getTestCaseStatus()): null

2018-06-14 16:52:07 - [TEST_STEP][PASSED] - closeBrowser: Browser is closed

2018-06-14 16:52:08 - [MESSAGE][PASSED] - Browser is closed]]></system-out>
         <system-err><![CDATA[]]></system-err>
      </testcase>
      <testcase name="Test Cases/GoalStatisticsTC/HME-Goal Statistics Report-04" classname="Test Cases/GoalStatisticsTC/HME-Goal Statistics Report-04" status="PASSED">
         <system-out><![CDATA[2018-06-14 16:52:08 - [TEST_CASE][PASSED] - Test Cases/GoalStatisticsTC/HME-Goal Statistics Report-04: Browser is closed

2018-06-14 16:52:08 - [TEST_STEP][PASSED] - Start listener action : sampleBeforeTestCase: uiaction.CommonUIActions.deleteAllCookies is PASSED

2018-06-14 16:52:08 - [TEST_STEP][PASSED] - openBrowser: Browser is opened with url: ''

2018-06-14 16:52:10 - [MESSAGE][PASSED] - Browser is opened with url: ''

2018-06-14 16:52:10 - [TEST_STEP][PASSED] - maximizeWindow: Current window maximized

2018-06-14 16:52:11 - [MESSAGE][PASSED] - Current window maximized

2018-06-14 16:52:11 - [TEST_STEP][PASSED] - uiaction.CommonUIActions.deleteAllCookies: uiaction.CommonUIActions.deleteAllCookies is PASSED

2018-06-14 16:52:11 - [MESSAGE][PASSED] - Delete all cookies successfully

2018-06-14 16:52:11 - [MESSAGE][PASSED] - uiaction.CommonUIActions.deleteAllCookies is PASSED

2018-06-14 16:52:11 - [TEST_STEP][PASSED] - Statement - TCflag = true: null

2018-06-14 16:52:11 - [TEST_STEP][PASSED] - Statement - Try: null

2018-06-14 16:52:11 - [TEST_STEP][PASSED] - navigateToUrl: Navigate to 'https://hme-dev-public-cloud-app.azurewebsites.net/' successfully

2018-06-14 16:52:14 - [MESSAGE][PASSED] - Navigate to 'https://hme-dev-public-cloud-app.azurewebsites.net/' successfully

2018-06-14 16:52:14 - [TEST_STEP][PASSED] - projectSpecific.Reusability.login: projectSpecific.Reusability.login is PASSED

2018-06-14 16:52:14 - [MESSAGE][PASSED] - projectSpecific.Reusability.getTestData is PASSED

2018-06-14 16:52:14 - [MESSAGE][PASSED] - projectSpecific.Reusability.getTestData is PASSED

2018-06-14 16:52:15 - [MESSAGE][PASSED] - Text 'selvendrank@nousinfo.com' is set on object 'Object Repository/LoginPage/Username'

2018-06-14 16:52:15 - [MESSAGE][PASSED] - Text 'nous;123' is set on object 'Object Repository/LoginPage/Password'

2018-06-14 16:52:15 - [MESSAGE][PASSED] - Object: 'Object Repository/LoginPage/Login' is clicked on

2018-06-14 16:52:15 - [MESSAGE][PASSED] - projectSpecific.Reusability.login is PASSED

2018-06-14 16:52:15 - [TEST_STEP][PASSED] - delay: Delayed 10 second(s)

2018-06-14 16:52:25 - [MESSAGE][PASSED] - Delayed 10 second(s)

2018-06-14 16:52:25 - [TEST_STEP][PASSED] - uiaction.CommonUIActions.click: uiaction.CommonUIActions.click is PASSED

2018-06-14 16:52:41 - [MESSAGE][PASSED] - uiaction.CommonUIActions.click is PASSED

2018-06-14 16:52:41 - [TEST_STEP][PASSED] - uiaction.CommonUIActions.click: uiaction.CommonUIActions.click is PASSED

2018-06-14 16:52:41 - [MESSAGE][PASSED] - uiaction.CommonUIActions.click is PASSED

2018-06-14 16:52:41 - [TEST_STEP][PASSED] - uiaction.CommonUIActions.click: uiaction.CommonUIActions.click is PASSED

2018-06-14 16:52:43 - [MESSAGE][PASSED] - uiaction.CommonUIActions.click is PASSED

2018-06-14 16:52:43 - [TEST_STEP][PASSED] - delay: Delayed 10 second(s)

2018-06-14 16:52:53 - [MESSAGE][PASSED] - Delayed 10 second(s)

2018-06-14 16:52:53 - [TEST_STEP][PASSED] - uiaction.CommonUIActions.clear: uiaction.CommonUIActions.clear is PASSED

2018-06-14 16:52:53 - [MESSAGE][PASSED] - uiaction.CommonUIActions.clear is PASSED

2018-06-14 16:52:53 - [TEST_STEP][PASSED] - uiaction.CommonUIActions.enter: uiaction.CommonUIActions.enter is PASSED

2018-06-14 16:52:53 - [MESSAGE][PASSED] - uiaction.CommonUIActions.enter is PASSED

2018-06-14 16:52:53 - [TEST_STEP][PASSED] - uiaction.CommonUIActions.clear: uiaction.CommonUIActions.clear is PASSED

2018-06-14 16:52:53 - [MESSAGE][PASSED] - uiaction.CommonUIActions.clear is PASSED

2018-06-14 16:52:53 - [TEST_STEP][PASSED] - uiaction.CommonUIActions.enter: uiaction.CommonUIActions.enter is PASSED

2018-06-14 16:52:53 - [MESSAGE][PASSED] - uiaction.CommonUIActions.enter is PASSED

2018-06-14 16:52:53 - [TEST_STEP][PASSED] - uiaction.CommonUIActions.clear: uiaction.CommonUIActions.clear is PASSED

2018-06-14 16:52:54 - [MESSAGE][PASSED] - uiaction.CommonUIActions.clear is PASSED

2018-06-14 16:52:54 - [TEST_STEP][PASSED] - uiaction.CommonUIActions.enter: uiaction.CommonUIActions.enter is PASSED

2018-06-14 16:52:54 - [MESSAGE][PASSED] - uiaction.CommonUIActions.enter is PASSED

2018-06-14 16:52:54 - [TEST_STEP][PASSED] - scrollToPosition: Browser is scrolled to position x = 100, y = 1000

2018-06-14 16:52:54 - [MESSAGE][PASSED] - Browser is scrolled to position x = 100, y = 1000

2018-06-14 16:52:54 - [TEST_STEP][PASSED] - delay: Delayed 5 second(s)

2018-06-14 16:52:59 - [MESSAGE][PASSED] - Delayed 5 second(s)

2018-06-14 16:52:59 - [TEST_STEP][PASSED] - uiaction.CommonUIActions.click: uiaction.CommonUIActions.click is PASSED

2018-06-14 16:53:01 - [MESSAGE][PASSED] - uiaction.CommonUIActions.click is PASSED

2018-06-14 16:53:01 - [TEST_STEP][PASSED] - delay: Delayed 15 second(s)

2018-06-14 16:53:16 - [MESSAGE][PASSED] - Delayed 15 second(s)

2018-06-14 16:53:16 - [TEST_STEP][PASSED] - uiaction.CommonUIActions.click: uiaction.CommonUIActions.click is PASSED

2018-06-14 16:53:18 - [MESSAGE][PASSED] - uiaction.CommonUIActions.click is PASSED

2018-06-14 16:53:18 - [TEST_STEP][PASSED] - Statement - driver = com.kms.katalon.core.webui.driver.DriverFactory.getWebDriver(): null

2018-06-14 16:53:18 - [TEST_STEP][PASSED] - delay: Delayed 15 second(s)

2018-06-14 16:53:33 - [MESSAGE][PASSED] - Delayed 15 second(s)

2018-06-14 16:53:33 - [TEST_STEP][PASSED] - Statement - list_stores = driver.findElements(org.openqa.selenium.By.xpath("//span[@class='StoreTitile level-0']")): null

2018-06-14 16:53:33 - [TEST_STEP][PASSED] - Statement - size_list = list_stores.size(): null

2018-06-14 16:53:33 - [TEST_STEP][PASSED] - delay: Delayed 5 second(s)

2018-06-14 16:53:38 - [MESSAGE][PASSED] - Delayed 5 second(s)

2018-06-14 16:53:38 - [TEST_STEP][PASSED] - Statement - driver.findElement(org.openqa.selenium.By.xpath("//ul[@role='tree-node']/li[" + size_list + "]")).click(): null

2018-06-14 16:53:38 - [TEST_STEP][PASSED] - click: Object: 'Object Repository/ReportsPage/fromDateSelector' is clicked on

2018-06-14 16:53:38 - [MESSAGE][PASSED] - Object: 'Object Repository/ReportsPage/fromDateSelector' is clicked on

2018-06-14 16:53:38 - [TEST_STEP][PASSED] - delay: Delayed 5 second(s)

2018-06-14 16:53:43 - [MESSAGE][PASSED] - Delayed 5 second(s)

2018-06-14 16:53:43 - [TEST_STEP][PASSED] - Statement - monthText = com.kms.katalon.core.webui.keyword.WebUiBuiltInKeywords.getText(com.kms.katalon.core.testobject.ObjectRepository.findTestObject(ReportsPage/monthText)): Text of object 'Object Repository/ReportsPage/monthText' is: 'June 2018'

2018-06-14 16:53:43 - [MESSAGE][PASSED] - Text of object 'Object Repository/ReportsPage/monthText' is: 'June 2018'

2018-06-14 16:53:43 - [TEST_STEP][PASSED] - Statement - monthTextArray = monthText.split(" "): null

2018-06-14 16:53:43 - [TEST_STEP][PASSED] - Statement - month = monthTextArray[0]: null

2018-06-14 16:53:43 - [TEST_STEP][PASSED] - Statement - monthTextValue = CustomKeywords.projectSpecific.Reusability.getTestData("ReportsPage", "Month"): projectSpecific.Reusability.getTestData is PASSED

2018-06-14 16:53:43 - [MESSAGE][PASSED] - projectSpecific.Reusability.getTestData is PASSED

2018-06-14 16:53:43 - [TEST_STEP][PASSED] - Statement - If (!(monthTextValue.equals(month))): null

2018-06-14 16:53:43 - [TEST_STEP][PASSED] - Statement - While (!(monthTextValue.equals(month))): null

2018-06-14 16:53:43 - [TEST_STEP][PASSED] - click: Object: 'Object Repository/ReportsPage/previousDateSelector' is clicked on

2018-06-14 16:53:43 - [MESSAGE][PASSED] - Object: 'Object Repository/ReportsPage/previousDateSelector' is clicked on

2018-06-14 16:53:43 - [TEST_STEP][PASSED] - Statement - monthText = com.kms.katalon.core.webui.keyword.WebUiBuiltInKeywords.getText(com.kms.katalon.core.testobject.ObjectRepository.findTestObject(ReportsPage/monthText)): Text of object 'Object Repository/ReportsPage/monthText' is: 'May 2018'

2018-06-14 16:53:43 - [MESSAGE][PASSED] - Text of object 'Object Repository/ReportsPage/monthText' is: 'May 2018'

2018-06-14 16:53:43 - [TEST_STEP][PASSED] - Statement - monthTextArray = monthText.split(" "): null

2018-06-14 16:53:43 - [TEST_STEP][PASSED] - Statement - month = monthTextArray[0]: null

2018-06-14 16:53:43 - [TEST_STEP][PASSED] - click: Object: 'Object Repository/ReportsPage/previousDateSelector' is clicked on

2018-06-14 16:53:43 - [MESSAGE][PASSED] - Object: 'Object Repository/ReportsPage/previousDateSelector' is clicked on

2018-06-14 16:53:43 - [TEST_STEP][PASSED] - Statement - monthText = com.kms.katalon.core.webui.keyword.WebUiBuiltInKeywords.getText(com.kms.katalon.core.testobject.ObjectRepository.findTestObject(ReportsPage/monthText)): Text of object 'Object Repository/ReportsPage/monthText' is: 'April 2018'

2018-06-14 16:53:43 - [MESSAGE][PASSED] - Text of object 'Object Repository/ReportsPage/monthText' is: 'April 2018'

2018-06-14 16:53:43 - [TEST_STEP][PASSED] - Statement - monthTextArray = monthText.split(" "): null

2018-06-14 16:53:43 - [TEST_STEP][PASSED] - Statement - month = monthTextArray[0]: null

2018-06-14 16:53:43 - [TEST_STEP][PASSED] - click: Object: 'Object Repository/ReportsPage/previousDateSelector' is clicked on

2018-06-14 16:53:43 - [MESSAGE][PASSED] - Object: 'Object Repository/ReportsPage/previousDateSelector' is clicked on

2018-06-14 16:53:43 - [TEST_STEP][PASSED] - Statement - monthText = com.kms.katalon.core.webui.keyword.WebUiBuiltInKeywords.getText(com.kms.katalon.core.testobject.ObjectRepository.findTestObject(ReportsPage/monthText)): Text of object 'Object Repository/ReportsPage/monthText' is: 'March 2018'

2018-06-14 16:53:43 - [MESSAGE][PASSED] - Text of object 'Object Repository/ReportsPage/monthText' is: 'March 2018'

2018-06-14 16:53:43 - [TEST_STEP][PASSED] - Statement - monthTextArray = monthText.split(" "): null

2018-06-14 16:53:43 - [TEST_STEP][PASSED] - Statement - month = monthTextArray[0]: null

2018-06-14 16:53:43 - [TEST_STEP][PASSED] - Statement - data = CustomKeywords.projectSpecific.Reusability.getTestData("ReportsPage", "startdate_TC8"): projectSpecific.Reusability.getTestData is PASSED

2018-06-14 16:53:43 - [MESSAGE][PASSED] - projectSpecific.Reusability.getTestData is PASSED

2018-06-14 16:53:43 - [TEST_STEP][PASSED] - Statement - startDate = "(//div[@class='rdtPicker']/div/table/tbody/tr/td[text()='" + data + "'])[1]": null

2018-06-14 16:53:43 - [TEST_STEP][PASSED] - Statement - println(startDate): null

2018-06-14 16:53:43 - [TEST_STEP][PASSED] - Statement - startdateEle = driver.findElement(org.openqa.selenium.By.xpath(startDate)): null

2018-06-14 16:53:43 - [TEST_STEP][PASSED] - Statement - startdateEle.click(): null

2018-06-14 16:53:43 - [TEST_STEP][PASSED] - delay: Delayed 5 second(s)

2018-06-14 16:53:48 - [MESSAGE][PASSED] - Delayed 5 second(s)

2018-06-14 16:53:48 - [TEST_STEP][PASSED] - click: Object: 'Object Repository/ReportsPage/toDateSelector' is clicked on

2018-06-14 16:53:48 - [MESSAGE][PASSED] - Object: 'Object Repository/ReportsPage/toDateSelector' is clicked on

2018-06-14 16:53:48 - [TEST_STEP][PASSED] - Statement - monthText = com.kms.katalon.core.webui.keyword.WebUiBuiltInKeywords.getText(com.kms.katalon.core.testobject.ObjectRepository.findTestObject(ReportsPage/monthText2)): Text of object 'Object Repository/ReportsPage/monthText2' is: 'June 2018'

2018-06-14 16:53:49 - [MESSAGE][PASSED] - Text of object 'Object Repository/ReportsPage/monthText2' is: 'June 2018'

2018-06-14 16:53:49 - [TEST_STEP][PASSED] - Statement - monthTextArray = monthText.split(" "): null

2018-06-14 16:53:49 - [TEST_STEP][PASSED] - Statement - month = monthTextArray[0]: null

2018-06-14 16:53:49 - [TEST_STEP][PASSED] - Statement - monthTextValue1 = CustomKeywords.projectSpecific.Reusability.getTestData("ReportsPage", "Month"): projectSpecific.Reusability.getTestData is PASSED

2018-06-14 16:53:49 - [MESSAGE][PASSED] - projectSpecific.Reusability.getTestData is PASSED

2018-06-14 16:53:49 - [TEST_STEP][PASSED] - Statement - If (!(monthTextValue1.equals(month))): null

2018-06-14 16:53:49 - [TEST_STEP][PASSED] - Statement - While (!(monthTextValue1.equals(month))): null

2018-06-14 16:53:49 - [TEST_STEP][PASSED] - click: Object: 'Object Repository/ReportsPage/previousDateSelector2' is clicked on

2018-06-14 16:53:49 - [MESSAGE][PASSED] - Object: 'Object Repository/ReportsPage/previousDateSelector2' is clicked on

2018-06-14 16:53:49 - [TEST_STEP][PASSED] - Statement - monthText = com.kms.katalon.core.webui.keyword.WebUiBuiltInKeywords.getText(com.kms.katalon.core.testobject.ObjectRepository.findTestObject(ReportsPage/monthText2)): Text of object 'Object Repository/ReportsPage/monthText2' is: 'May 2018'

2018-06-14 16:53:49 - [MESSAGE][PASSED] - Text of object 'Object Repository/ReportsPage/monthText2' is: 'May 2018'

2018-06-14 16:53:49 - [TEST_STEP][PASSED] - Statement - monthTextArray = monthText.split(" "): null

2018-06-14 16:53:49 - [TEST_STEP][PASSED] - Statement - month = monthTextArray[0]: null

2018-06-14 16:53:49 - [TEST_STEP][PASSED] - click: Object: 'Object Repository/ReportsPage/previousDateSelector2' is clicked on

2018-06-14 16:53:49 - [MESSAGE][PASSED] - Object: 'Object Repository/ReportsPage/previousDateSelector2' is clicked on

2018-06-14 16:53:49 - [TEST_STEP][PASSED] - Statement - monthText = com.kms.katalon.core.webui.keyword.WebUiBuiltInKeywords.getText(com.kms.katalon.core.testobject.ObjectRepository.findTestObject(ReportsPage/monthText2)): Text of object 'Object Repository/ReportsPage/monthText2' is: 'April 2018'

2018-06-14 16:53:49 - [MESSAGE][PASSED] - Text of object 'Object Repository/ReportsPage/monthText2' is: 'April 2018'

2018-06-14 16:53:49 - [TEST_STEP][PASSED] - Statement - monthTextArray = monthText.split(" "): null

2018-06-14 16:53:49 - [TEST_STEP][PASSED] - Statement - month = monthTextArray[0]: null

2018-06-14 16:53:49 - [TEST_STEP][PASSED] - click: Object: 'Object Repository/ReportsPage/previousDateSelector2' is clicked on

2018-06-14 16:53:49 - [MESSAGE][PASSED] - Object: 'Object Repository/ReportsPage/previousDateSelector2' is clicked on

2018-06-14 16:53:49 - [TEST_STEP][PASSED] - Statement - monthText = com.kms.katalon.core.webui.keyword.WebUiBuiltInKeywords.getText(com.kms.katalon.core.testobject.ObjectRepository.findTestObject(ReportsPage/monthText2)): Text of object 'Object Repository/ReportsPage/monthText2' is: 'March 2018'

2018-06-14 16:53:49 - [MESSAGE][PASSED] - Text of object 'Object Repository/ReportsPage/monthText2' is: 'March 2018'

2018-06-14 16:53:49 - [TEST_STEP][PASSED] - Statement - monthTextArray = monthText.split(" "): null

2018-06-14 16:53:49 - [TEST_STEP][PASSED] - Statement - month = monthTextArray[0]: null

2018-06-14 16:53:49 - [TEST_STEP][PASSED] - Statement - endDate = CustomKeywords.projectSpecific.Reusability.getTestData("ReportsPage", "Enddate_goalstatics"): projectSpecific.Reusability.getTestData is PASSED

2018-06-14 16:53:49 - [MESSAGE][PASSED] - projectSpecific.Reusability.getTestData is PASSED

2018-06-14 16:53:49 - [TEST_STEP][PASSED] - Statement - toDate = "(//div[@class='rdt date-time rdtOpen']/div[@class='rdtPicker']/div/table/tbody/tr/td[text()='" + endDate + "'])[1]": null

2018-06-14 16:53:49 - [TEST_STEP][PASSED] - Statement - println(toDate): null

2018-06-14 16:53:49 - [TEST_STEP][PASSED] - Statement - toDateEle = driver.findElement(org.openqa.selenium.By.xpath(toDate)): null

2018-06-14 16:53:49 - [TEST_STEP][PASSED] - Statement - toDateEle.click(): null

2018-06-14 16:53:49 - [TEST_STEP][PASSED] - delay: Delayed 5 second(s)

2018-06-14 16:53:54 - [MESSAGE][PASSED] - Delayed 5 second(s)

2018-06-14 16:53:54 - [TEST_STEP][PASSED] - Statement - dateAttr = com.kms.katalon.core.webui.keyword.WebUiBuiltInKeywords.getAttribute(com.kms.katalon.core.testobject.ObjectRepository.findTestObject(ReportsPage/selectedDate1), "value"): Attribute 'value' of object 'Object Repository/ReportsPage/selectedDate1' is: '03/07/2018'

2018-06-14 16:53:54 - [MESSAGE][PASSED] - Attribute 'value' of object 'Object Repository/ReportsPage/selectedDate1' is: '03/07/2018'

2018-06-14 16:53:54 - [TEST_STEP][PASSED] - Statement - fromDateValue = CustomKeywords.projectSpecific.Reusability.getTestData("ReportsPage", "Fromdate_TC8"): projectSpecific.Reusability.getTestData is PASSED

2018-06-14 16:53:54 - [MESSAGE][PASSED] - projectSpecific.Reusability.getTestData is PASSED

2018-06-14 16:53:54 - [TEST_STEP][PASSED] - Statement - If (!(dateAttr.equals(fromDateValue))): null

2018-06-14 16:53:54 - [TEST_STEP][PASSED] - Statement - dateAttr = com.kms.katalon.core.webui.keyword.WebUiBuiltInKeywords.getAttribute(com.kms.katalon.core.testobject.ObjectRepository.findTestObject(ReportsPage/selectedDate2), "value"): Attribute 'value' of object 'Object Repository/ReportsPage/selectedDate2' is: '03/08/2018'

2018-06-14 16:53:54 - [MESSAGE][PASSED] - Attribute 'value' of object 'Object Repository/ReportsPage/selectedDate2' is: '03/08/2018'

2018-06-14 16:53:54 - [TEST_STEP][PASSED] - Statement - toDateValue = CustomKeywords.projectSpecific.Reusability.getTestData("ReportsPage", "todate_Enddate_goalstatics"): projectSpecific.Reusability.getTestData is PASSED

2018-06-14 16:53:54 - [MESSAGE][PASSED] - projectSpecific.Reusability.getTestData is PASSED

2018-06-14 16:53:54 - [TEST_STEP][PASSED] - Statement - If (!(dateAttr.equals(toDateValue))): null

2018-06-14 16:53:54 - [TEST_STEP][PASSED] - delay: Delayed 10 second(s)

2018-06-14 16:54:04 - [MESSAGE][PASSED] - Delayed 10 second(s)

2018-06-14 16:54:04 - [TEST_STEP][PASSED] - click: Object: 'Object Repository/ReportsPage/generateReport' is clicked on

2018-06-14 16:54:04 - [MESSAGE][PASSED] - Object: 'Object Repository/ReportsPage/generateReport' is clicked on

2018-06-14 16:54:04 - [TEST_STEP][PASSED] - delay: Delayed 15 second(s)

2018-06-14 16:54:19 - [MESSAGE][PASSED] - Delayed 15 second(s)

2018-06-14 16:54:19 - [TEST_STEP][PASSED] - delay: Delayed 15 second(s)

2018-06-14 16:54:34 - [MESSAGE][PASSED] - Delayed 15 second(s)

2018-06-14 16:54:34 - [TEST_STEP][PASSED] - Statement - colourfield = driver.findElement(org.openqa.selenium.By.xpath("(//table[@class='goalstatistics-table goalstatistics-table-content'])[1]//tr[1]")): null

2018-06-14 16:54:34 - [TEST_STEP][PASSED] - Statement - text = colourfield.getCssValue("background-color"): null

2018-06-14 16:54:34 - [TEST_STEP][PASSED] - Statement - blue = CustomKeywords.projectSpecific.Reusability.getTestData("ReportsPage", "blue"): projectSpecific.Reusability.getTestData is PASSED

2018-06-14 16:54:34 - [MESSAGE][PASSED] - projectSpecific.Reusability.getTestData is PASSED

2018-06-14 16:54:34 - [TEST_STEP][PASSED] - Statement - If (text.equals(blue)): null

2018-06-14 16:54:34 - [TEST_STEP][PASSED] - Statement - out.println("The colour displayed for GOAL A is--- Blue"): null

2018-06-14 16:54:34 - [TEST_STEP][PASSED] - Statement - colourfield1 = driver.findElement(org.openqa.selenium.By.xpath("(//table[@class='goalstatistics-table goalstatistics-table-content'])[2]//tr[1]")): null

2018-06-14 16:54:34 - [TEST_STEP][PASSED] - Statement - text1 = colourfield1.getCssValue("background-color"): null

2018-06-14 16:54:34 - [TEST_STEP][PASSED] - Statement - pink = CustomKeywords.projectSpecific.Reusability.getTestData("ReportsPage", "pink"): projectSpecific.Reusability.getTestData is PASSED

2018-06-14 16:54:34 - [MESSAGE][PASSED] - projectSpecific.Reusability.getTestData is PASSED

2018-06-14 16:54:34 - [TEST_STEP][PASSED] - Statement - If (text1.equals(pink)): null

2018-06-14 16:54:34 - [TEST_STEP][PASSED] - Statement - out.println("The colour displayed for GOAL A is--- Pink"): null

2018-06-14 16:54:34 - [TEST_STEP][PASSED] - Statement - colourfield2 = driver.findElement(org.openqa.selenium.By.xpath("(//table[@class='goalstatistics-table goalstatistics-table-content'])[3]//tr[1]")): null

2018-06-14 16:54:34 - [TEST_STEP][PASSED] - Statement - text3 = colourfield2.getCssValue("background-color"): null

2018-06-14 16:54:34 - [TEST_STEP][PASSED] - Statement - green = CustomKeywords.projectSpecific.Reusability.getTestData("ReportsPage", "green"): projectSpecific.Reusability.getTestData is PASSED

2018-06-14 16:54:34 - [MESSAGE][PASSED] - projectSpecific.Reusability.getTestData is PASSED

2018-06-14 16:54:34 - [TEST_STEP][PASSED] - Statement - If (text3.equals(green)): null

2018-06-14 16:54:34 - [TEST_STEP][PASSED] - Statement - out.println("The colour displayed for GOAL A is--- Green"): null

2018-06-14 16:54:34 - [TEST_STEP][PASSED] - Statement - assert TCflag == true: null

2018-06-14 16:54:34 - [TEST_STEP][PASSED] - Start listener action : sampleAfterTestCase: Browser is closed

2018-06-14 16:54:34 - [TEST_STEP][PASSED] - Statement - println(testCaseContext.getTestCaseId()): null

2018-06-14 16:54:34 - [TEST_STEP][PASSED] - Statement - println(testCaseContext.getTestCaseStatus()): null

2018-06-14 16:54:34 - [TEST_STEP][PASSED] - closeBrowser: Browser is closed

2018-06-14 16:54:35 - [MESSAGE][PASSED] - Browser is closed]]></system-out>
         <system-err><![CDATA[]]></system-err>
      </testcase>
      <testcase name="Test Cases/MasqueradeTC/HME-Masquerade-05" classname="Test Cases/MasqueradeTC/HME-Masquerade-05" status="PASSED">
         <system-out><![CDATA[2018-06-14 16:54:35 - [TEST_CASE][PASSED] - Test Cases/MasqueradeTC/HME-Masquerade-05: Browser is closed

2018-06-14 16:54:35 - [TEST_STEP][PASSED] - Start listener action : sampleBeforeTestCase: uiaction.CommonUIActions.deleteAllCookies is PASSED

2018-06-14 16:54:35 - [TEST_STEP][PASSED] - openBrowser: Browser is opened with url: ''

2018-06-14 16:54:37 - [MESSAGE][PASSED] - Browser is opened with url: ''

2018-06-14 16:54:37 - [TEST_STEP][PASSED] - maximizeWindow: Current window maximized

2018-06-14 16:54:38 - [MESSAGE][PASSED] - Current window maximized

2018-06-14 16:54:38 - [TEST_STEP][PASSED] - uiaction.CommonUIActions.deleteAllCookies: uiaction.CommonUIActions.deleteAllCookies is PASSED

2018-06-14 16:54:38 - [MESSAGE][PASSED] - Delete all cookies successfully

2018-06-14 16:54:38 - [MESSAGE][PASSED] - uiaction.CommonUIActions.deleteAllCookies is PASSED

2018-06-14 16:54:38 - [TEST_STEP][PASSED] - Statement - TCflag = true: null

2018-06-14 16:54:38 - [TEST_STEP][PASSED] - Statement - Try: Delayed 10 second(s)

2018-06-14 16:54:38 - [TEST_STEP][PASSED] - navigateToUrl: Navigate to 'https://hme-dev-public-cloud-app.azurewebsites.net/admin' successfully

2018-06-14 16:54:42 - [MESSAGE][PASSED] - Navigate to 'https://hme-dev-public-cloud-app.azurewebsites.net/admin' successfully

2018-06-14 16:54:42 - [TEST_STEP][PASSED] - projectSpecific.Reusability.login: projectSpecific.Reusability.login is PASSED

2018-06-14 16:54:42 - [MESSAGE][PASSED] - projectSpecific.Reusability.getTestData is PASSED

2018-06-14 16:54:42 - [MESSAGE][PASSED] - projectSpecific.Reusability.getTestData is PASSED

2018-06-14 16:54:42 - [MESSAGE][PASSED] - Text 'nous-abhradipr@hme.com' is set on object 'Object Repository/LoginPage/Username'

2018-06-14 16:54:42 - [MESSAGE][PASSED] - Text '6Qt*qmL88' is set on object 'Object Repository/LoginPage/Password'

2018-06-14 16:54:42 - [MESSAGE][PASSED] - Object: 'Object Repository/LoginPage/Login' is clicked on

2018-06-14 16:54:42 - [MESSAGE][PASSED] - projectSpecific.Reusability.login is PASSED

2018-06-14 16:54:42 - [TEST_STEP][PASSED] - delay: Delayed 15 second(s)

2018-06-14 16:54:57 - [MESSAGE][PASSED] - Delayed 15 second(s)

2018-06-14 16:54:57 - [TEST_STEP][PASSED] - verifyElementPresent: Object 'Object Repository/HomePage/loggedinUser' is present

2018-06-14 16:54:57 - [MESSAGE][PASSED] - Object 'Object Repository/HomePage/loggedinUser' is present

2018-06-14 16:54:57 - [TEST_STEP][PASSED] - Statement - loggedInUser = CustomKeywords.uiaction.CommonUIActions.getText(com.kms.katalon.core.testobject.ObjectRepository.findTestObject(HomePage/loggedinUser)): uiaction.CommonUIActions.getText is PASSED

2018-06-14 16:54:57 - [MESSAGE][PASSED] - uiaction.CommonUIActions.getText is PASSED

2018-06-14 16:54:57 - [TEST_STEP][PASSED] - Statement - loggedInUser = loggedInUser.trim(): null

2018-06-14 16:54:57 - [TEST_STEP][PASSED] - Statement - loggedinText = CustomKeywords.projectSpecific.Reusability.getTestData("HomePage", "loggedinText"): projectSpecific.Reusability.getTestData is PASSED

2018-06-14 16:54:57 - [MESSAGE][PASSED] - projectSpecific.Reusability.getTestData is PASSED

2018-06-14 16:54:57 - [TEST_STEP][PASSED] - Statement - If (loggedInUser.equals(loggedinText)): null

2018-06-14 16:54:57 - [TEST_STEP][PASSED] - Statement - welcomeUser = CustomKeywords.uiaction.CommonUIActions.getText(com.kms.katalon.core.testobject.ObjectRepository.findTestObject(HomePage/welcomeUserText)): uiaction.CommonUIActions.getText is PASSED

2018-06-14 16:54:57 - [MESSAGE][PASSED] - uiaction.CommonUIActions.getText is PASSED

2018-06-14 16:54:57 - [TEST_STEP][PASSED] - Statement - welcomeUser = welcomeUser.trim(): null

2018-06-14 16:54:57 - [TEST_STEP][PASSED] - Statement - welcomeText = CustomKeywords.projectSpecific.Reusability.getTestData("HomePage", "welcomeText"): projectSpecific.Reusability.getTestData is PASSED

2018-06-14 16:54:57 - [MESSAGE][PASSED] - projectSpecific.Reusability.getTestData is PASSED

2018-06-14 16:54:57 - [TEST_STEP][PASSED] - Statement - If (welcomeUser.equals(welcomeText)): null

2018-06-14 16:54:57 - [TEST_STEP][PASSED] - uiaction.CommonUIActions.click: uiaction.CommonUIActions.click is PASSED

2018-06-14 16:54:58 - [MESSAGE][PASSED] - uiaction.CommonUIActions.click is PASSED

2018-06-14 16:54:58 - [TEST_STEP][PASSED] - delay: Delayed 10 second(s)

2018-06-14 16:55:08 - [MESSAGE][PASSED] - Delayed 10 second(s)

2018-06-14 16:55:08 - [TEST_STEP][PASSED] - uiaction.CommonUIActions.click: uiaction.CommonUIActions.click is PASSED

2018-06-14 16:55:10 - [MESSAGE][PASSED] - uiaction.CommonUIActions.click is PASSED

2018-06-14 16:55:10 - [TEST_STEP][PASSED] - delay: Delayed 10 second(s)

2018-06-14 16:55:20 - [MESSAGE][PASSED] - Delayed 10 second(s)

2018-06-14 16:55:20 - [TEST_STEP][PASSED] - uiaction.CommonUIActions.click: uiaction.CommonUIActions.click is PASSED

2018-06-14 16:55:22 - [MESSAGE][PASSED] - uiaction.CommonUIActions.click is PASSED

2018-06-14 16:55:22 - [TEST_STEP][PASSED] - delay: Delayed 10 second(s)

2018-06-14 16:55:32 - [MESSAGE][PASSED] - Delayed 10 second(s)

2018-06-14 16:55:32 - [TEST_STEP][PASSED] - Statement - driver = com.kms.katalon.core.webui.driver.DriverFactory.getWebDriver(): null

2018-06-14 16:55:32 - [TEST_STEP][PASSED] - Statement - rolesList = driver.findElements(org.openqa.selenium.By.xpath(com.kms.katalon.core.testdata.TestDataFactory.findTestData(OR_file).getValue(2, 18))): Reading excel file with source file 'C:\Users\shalinin\Katalon Studio\HME_Scripts\Data Files\HME_OR.xlsx' and sheet name 'Sheet1'

2018-06-14 16:55:32 - [TEST_STEP][PASSED] - Statement - roleName = CustomKeywords.projectSpecific.Reusability.getTestData("RolesPage", "roleName"): projectSpecific.Reusability.getTestData is PASSED

2018-06-14 16:55:32 - [MESSAGE][PASSED] - projectSpecific.Reusability.getTestData is PASSED

2018-06-14 16:55:32 - [TEST_STEP][PASSED] - Statement - found = false: null

2018-06-14 16:55:32 - [TEST_STEP][PASSED] - Statement - For ([i = 0, i < rolesList.size(), (i++)]): null

2018-06-14 16:55:32 - [TEST_STEP][PASSED] - Statement - If (rolesList.get(i).getText().equals(roleName)): null

2018-06-14 16:55:32 - [TEST_STEP][PASSED] - Statement - found = true: null

2018-06-14 16:55:32 - [TEST_STEP][PASSED] - Statement - Break: null

2018-06-14 16:55:32 - [TEST_STEP][PASSED] - Statement - If (found): null

2018-06-14 16:55:32 - [TEST_STEP][PASSED] - Statement - println(roleName + "Role found"): null

2018-06-14 16:55:32 - [TEST_STEP][PASSED] - Statement - roleViewEditXpath = "//div[@class='ctable']/table/tbody/tr/td[text()='" + roleName + "']/../td[1]": null

2018-06-14 16:55:32 - [TEST_STEP][PASSED] - Statement - driver.findElement(org.openqa.selenium.By.xpath(roleViewEditXpath)).click(): null

2018-06-14 16:55:33 - [TEST_STEP][PASSED] - verifyElementPresent: Object 'Object Repository/RolesPage/roleName' is present

2018-06-14 16:55:33 - [MESSAGE][PASSED] - Object 'Object Repository/RolesPage/roleName' is present

2018-06-14 16:55:33 - [TEST_STEP][PASSED] - Statement - roleAttr = com.kms.katalon.core.webui.keyword.WebUiBuiltInKeywords.getAttribute(com.kms.katalon.core.testobject.ObjectRepository.findTestObject(RolesPage/roleName), "value"): Attribute 'value' of object 'Object Repository/RolesPage/roleName' is: 'Company Admin'

2018-06-14 16:55:33 - [MESSAGE][PASSED] - Attribute 'value' of object 'Object Repository/RolesPage/roleName' is: 'Company Admin'

2018-06-14 16:55:33 - [TEST_STEP][PASSED] - verifyMatch: Actual text 'Company Admin' and expected text 'Company Admin' are matched 

2018-06-14 16:55:33 - [MESSAGE][PASSED] - Actual text 'Company Admin' and expected text 'Company Admin' are matched 

2018-06-14 16:55:33 - [TEST_STEP][PASSED] - verifyElementPresent: Object 'Object Repository/RolesPage/permissionsHeading' is present

2018-06-14 16:55:33 - [MESSAGE][PASSED] - Object 'Object Repository/RolesPage/permissionsHeading' is present

2018-06-14 16:55:33 - [TEST_STEP][PASSED] - Statement - permissionValue = CustomKeywords.uiaction.CommonUIActions.getText(com.kms.katalon.core.testobject.ObjectRepository.findTestObject(/RolesPage/permissionsHeading)): uiaction.CommonUIActions.getText is PASSED

2018-06-14 16:55:33 - [MESSAGE][PASSED] - uiaction.CommonUIActions.getText is PASSED

2018-06-14 16:55:33 - [TEST_STEP][PASSED] - Statement - permissionText = CustomKeywords.projectSpecific.Reusability.getTestData("RolesPage", "permissionText"): projectSpecific.Reusability.getTestData is PASSED

2018-06-14 16:55:33 - [MESSAGE][PASSED] - projectSpecific.Reusability.getTestData is PASSED

2018-06-14 16:55:33 - [TEST_STEP][PASSED] - Statement - If (permissionValue.equals(permissionText)): null

2018-06-14 16:55:33 - [TEST_STEP][PASSED] - verifyElementPresent: Object 'Object Repository/RolesPage/addRoleCheckBox' is present

2018-06-14 16:55:33 - [MESSAGE][PASSED] - Object 'Object Repository/RolesPage/addRoleCheckBox' is present

2018-06-14 16:55:33 - [TEST_STEP][PASSED] - verifyElementPresent: Object 'Object Repository/RolesPage/addUserCheckBox' is present

2018-06-14 16:55:33 - [MESSAGE][PASSED] - Object 'Object Repository/RolesPage/addUserCheckBox' is present

2018-06-14 16:55:33 - [TEST_STEP][PASSED] - verifyElementPresent: Object 'Object Repository/RolesPage/editRoleCheckBox' is present

2018-06-14 16:55:33 - [MESSAGE][PASSED] - Object 'Object Repository/RolesPage/editRoleCheckBox' is present

2018-06-14 16:55:33 - [TEST_STEP][PASSED] - verifyElementPresent: Object 'Object Repository/RolesPage/editUserCheckBox' is present

2018-06-14 16:55:33 - [MESSAGE][PASSED] - Object 'Object Repository/RolesPage/editUserCheckBox' is present

2018-06-14 16:55:33 - [TEST_STEP][PASSED] - uiaction.CommonUIActions.click: uiaction.CommonUIActions.click is PASSED

2018-06-14 16:55:34 - [MESSAGE][PASSED] - uiaction.CommonUIActions.click is PASSED

2018-06-14 16:55:34 - [TEST_STEP][PASSED] - delay: Delayed 10 second(s)

2018-06-14 16:55:44 - [MESSAGE][PASSED] - Delayed 10 second(s)

2018-06-14 16:55:44 - [TEST_STEP][PASSED] - uiaction.CommonUIActions.click: uiaction.CommonUIActions.click is PASSED

2018-06-14 16:55:44 - [MESSAGE][PASSED] - uiaction.CommonUIActions.click is PASSED

2018-06-14 16:55:44 - [TEST_STEP][PASSED] - delay: Delayed 10 second(s)

2018-06-14 16:55:54 - [MESSAGE][PASSED] - Delayed 10 second(s)

2018-06-14 16:55:54 - [TEST_STEP][PASSED] - uiaction.CommonUIActions.click: uiaction.CommonUIActions.click is PASSED

2018-06-14 16:55:55 - [MESSAGE][PASSED] - uiaction.CommonUIActions.click is PASSED

2018-06-14 16:55:55 - [TEST_STEP][PASSED] - Statement - userPageHeading = CustomKeywords.uiaction.CommonUIActions.getText(com.kms.katalon.core.testobject.ObjectRepository.findTestObject(UsersPage/userHeading)): uiaction.CommonUIActions.getText is PASSED

2018-06-14 16:55:55 - [MESSAGE][PASSED] - uiaction.CommonUIActions.getText is PASSED

2018-06-14 16:55:55 - [TEST_STEP][PASSED] - Statement - userText = CustomKeywords.projectSpecific.Reusability.getTestData("UsersPage", "userHeading"): projectSpecific.Reusability.getTestData is PASSED

2018-06-14 16:55:55 - [MESSAGE][PASSED] - projectSpecific.Reusability.getTestData is PASSED

2018-06-14 16:55:55 - [TEST_STEP][PASSED] - Statement - If (userPageHeading.contains(userText)): null

2018-06-14 16:55:55 - [TEST_STEP][PASSED] - delay: Delayed 10 second(s)

2018-06-14 16:56:05 - [MESSAGE][PASSED] - Delayed 10 second(s)

2018-06-14 16:56:05 - [TEST_STEP][PASSED] - uiaction.CommonUIActions.click: uiaction.CommonUIActions.click is PASSED

2018-06-14 16:56:07 - [MESSAGE][PASSED] - uiaction.CommonUIActions.click is PASSED

2018-06-14 16:56:07 - [TEST_STEP][PASSED] - delay: Delayed 10 second(s)

2018-06-14 16:56:17 - [MESSAGE][PASSED] - Delayed 10 second(s)

2018-06-14 16:56:17 - [TEST_STEP][PASSED] - verifyElementNotPresent: Web element with id: 'Object Repository/RolesPage/addNewRoleButton' located by 'By.xpath: //span[text()='Add a Role']' is not present after '10' second(s)

2018-06-14 16:56:17 - [MESSAGE][PASSED] - Web element with id: 'Object Repository/RolesPage/addNewRoleButton' located by 'By.xpath: //span[text()='Add a Role']' is not present after '10' second(s)

2018-06-14 16:56:17 - [TEST_STEP][PASSED] - Statement - userRolesList = driver.findElements(org.openqa.selenium.By.xpath(com.kms.katalon.core.testdata.TestDataFactory.findTestData(OR_file).getValue(2, 24))): Reading excel file with source file 'C:\Users\shalinin\Katalon Studio\HME_Scripts\Data Files\HME_OR.xlsx' and sheet name 'Sheet1'

2018-06-14 16:56:17 - [TEST_STEP][PASSED] - Statement - If (userRolesList.size() > 0): null

2018-06-14 16:56:17 - [TEST_STEP][PASSED] - uiaction.CommonUIActions.click: uiaction.CommonUIActions.click is PASSED

2018-06-14 16:56:18 - [MESSAGE][PASSED] - uiaction.CommonUIActions.click is PASSED

2018-06-14 16:56:18 - [TEST_STEP][PASSED] - delay: Delayed 10 second(s)

2018-06-14 16:56:28 - [MESSAGE][PASSED] - Delayed 10 second(s)

2018-06-14 16:56:28 - [TEST_STEP][PASSED] - uiaction.CommonUIActions.click: uiaction.CommonUIActions.click is PASSED

2018-06-14 16:56:28 - [MESSAGE][PASSED] - uiaction.CommonUIActions.click is PASSED

2018-06-14 16:56:28 - [TEST_STEP][PASSED] - delay: Delayed 10 second(s)

2018-06-14 16:56:38 - [MESSAGE][PASSED] - Delayed 10 second(s)

2018-06-14 16:56:38 - [TEST_STEP][PASSED] - verifyElementNotPresent: Web element with id: 'Object Repository/RolesPage/deleteRoleLink' located by 'By.xpath: //a[text()='Delete Role']' is not present after '10' second(s)

2018-06-14 16:56:38 - [MESSAGE][PASSED] - Web element with id: 'Object Repository/RolesPage/deleteRoleLink' located by 'By.xpath: //a[text()='Delete Role']' is not present after '10' second(s)

2018-06-14 16:56:38 - [TEST_STEP][PASSED] - delay: Delayed 10 second(s)

2018-06-14 16:56:48 - [MESSAGE][PASSED] - Delayed 10 second(s)

2018-06-14 16:56:48 - [TEST_STEP][PASSED] - Statement - assert TCflag == true: null

2018-06-14 16:56:48 - [TEST_STEP][PASSED] - Start listener action : sampleAfterTestCase: Browser is closed

2018-06-14 16:56:48 - [TEST_STEP][PASSED] - Statement - println(testCaseContext.getTestCaseId()): null

2018-06-14 16:56:48 - [TEST_STEP][PASSED] - Statement - println(testCaseContext.getTestCaseStatus()): null

2018-06-14 16:56:48 - [TEST_STEP][PASSED] - closeBrowser: Browser is closed

2018-06-14 16:56:49 - [MESSAGE][PASSED] - Browser is closed]]></system-out>
         <system-err><![CDATA[]]></system-err>
      </testcase>
      <testcase name="Test Cases/MultilingualTC/HME-JWT-04" classname="Test Cases/MultilingualTC/HME-JWT-04" status="PASSED">
         <system-out><![CDATA[2018-06-14 16:56:49 - [TEST_CASE][PASSED] - Test Cases/MultilingualTC/HME-JWT-04: Browser is closed

2018-06-14 16:56:49 - [TEST_STEP][PASSED] - Start listener action : sampleBeforeTestCase: uiaction.CommonUIActions.deleteAllCookies is PASSED

2018-06-14 16:56:49 - [TEST_STEP][PASSED] - openBrowser: Browser is opened with url: ''

2018-06-14 16:56:51 - [MESSAGE][PASSED] - Browser is opened with url: ''

2018-06-14 16:56:51 - [TEST_STEP][PASSED] - maximizeWindow: Current window maximized

2018-06-14 16:56:52 - [MESSAGE][PASSED] - Current window maximized

2018-06-14 16:56:52 - [TEST_STEP][PASSED] - uiaction.CommonUIActions.deleteAllCookies: uiaction.CommonUIActions.deleteAllCookies is PASSED

2018-06-14 16:56:52 - [MESSAGE][PASSED] - Delete all cookies successfully

2018-06-14 16:56:52 - [MESSAGE][PASSED] - uiaction.CommonUIActions.deleteAllCookies is PASSED

2018-06-14 16:56:53 - [TEST_STEP][PASSED] - Statement - TCflag = true: null

2018-06-14 16:56:53 - [TEST_STEP][PASSED] - Statement - Try: Object 'Object Repository/LoginPage/Username' is present

2018-06-14 16:56:53 - [TEST_STEP][PASSED] - navigateToUrl: Navigate to 'https://hme-dev-public-cloud-app.azurewebsites.net/' successfully

2018-06-14 16:56:55 - [MESSAGE][PASSED] - Navigate to 'https://hme-dev-public-cloud-app.azurewebsites.net/' successfully

2018-06-14 16:56:55 - [TEST_STEP][PASSED] - Statement - oldurl = "https://engdev.hmedtcloud.com/": null

2018-06-14 16:56:55 - [TEST_STEP][PASSED] - projectSpecific.Reusability.login: projectSpecific.Reusability.login is PASSED

2018-06-14 16:56:55 - [MESSAGE][PASSED] - projectSpecific.Reusability.getTestData is PASSED

2018-06-14 16:56:55 - [MESSAGE][PASSED] - projectSpecific.Reusability.getTestData is PASSED

2018-06-14 16:56:56 - [MESSAGE][PASSED] - Text 'selvendrank@nousinfo.com' is set on object 'Object Repository/LoginPage/Username'

2018-06-14 16:56:56 - [MESSAGE][PASSED] - Text 'nous;123' is set on object 'Object Repository/LoginPage/Password'

2018-06-14 16:56:56 - [MESSAGE][PASSED] - Object: 'Object Repository/LoginPage/Login' is clicked on

2018-06-14 16:56:56 - [MESSAGE][PASSED] - projectSpecific.Reusability.login is PASSED

2018-06-14 16:56:56 - [TEST_STEP][PASSED] - delay: Delayed 10 second(s)

2018-06-14 16:57:06 - [MESSAGE][PASSED] - Delayed 10 second(s)

2018-06-14 16:57:06 - [TEST_STEP][PASSED] - Statement - oldurlfromapp = com.kms.katalon.core.webui.keyword.WebUiBuiltInKeywords.getUrl(): Current window's url is: 'https://engdev.hmedtcloud.com/'

2018-06-14 16:57:17 - [MESSAGE][PASSED] - Current window's url is: 'https://engdev.hmedtcloud.com/'

2018-06-14 16:57:17 - [TEST_STEP][PASSED] - Statement - If (oldurlfromapp.equals(oldurl)): null

2018-06-14 16:57:17 - [TEST_STEP][PASSED] - Statement - println("Application home page is displayed and navigated  old URL"): null

2018-06-14 16:57:17 - [TEST_STEP][PASSED] - delay: Delayed 1,200 second(s)

2018-06-14 17:17:17 - [MESSAGE][PASSED] - Delayed 1,200 second(s)

2018-06-14 17:17:17 - [TEST_STEP][PASSED] - delay: Delayed 20 second(s)

2018-06-14 17:17:37 - [MESSAGE][PASSED] - Delayed 20 second(s)

2018-06-14 17:17:37 - [TEST_STEP][PASSED] - verifyElementPresent: Object 'Object Repository/LoginPage/Username' is present

2018-06-14 17:17:42 - [MESSAGE][PASSED] - Object 'Object Repository/LoginPage/Username' is present

2018-06-14 17:17:42 - [TEST_STEP][PASSED] - Statement - assert TCflag == true: null

2018-06-14 17:17:42 - [TEST_STEP][PASSED] - Start listener action : sampleAfterTestCase: Browser is closed

2018-06-14 17:17:42 - [TEST_STEP][PASSED] - Statement - println(testCaseContext.getTestCaseId()): null

2018-06-14 17:17:42 - [TEST_STEP][PASSED] - Statement - println(testCaseContext.getTestCaseStatus()): null

2018-06-14 17:17:42 - [TEST_STEP][PASSED] - closeBrowser: Browser is closed

2018-06-14 17:17:42 - [MESSAGE][PASSED] - Browser is closed]]></system-out>
         <system-err><![CDATA[]]></system-err>
      </testcase>
      <testcase name="Test Cases/CreateGroupTC/HME-CreateGroup-04" classname="Test Cases/CreateGroupTC/HME-CreateGroup-04" status="PASSED">
         <system-out><![CDATA[2018-06-14 17:17:42 - [TEST_CASE][PASSED] - Test Cases/CreateGroupTC/HME-CreateGroup-04: Browser is closed

2018-06-14 17:17:43 - [TEST_STEP][PASSED] - Start listener action : sampleBeforeTestCase: uiaction.CommonUIActions.deleteAllCookies is PASSED

2018-06-14 17:17:43 - [TEST_STEP][PASSED] - openBrowser: Browser is opened with url: ''

2018-06-14 17:17:45 - [MESSAGE][PASSED] - Browser is opened with url: ''

2018-06-14 17:17:45 - [TEST_STEP][PASSED] - maximizeWindow: Current window maximized

2018-06-14 17:17:46 - [MESSAGE][PASSED] - Current window maximized

2018-06-14 17:17:46 - [TEST_STEP][PASSED] - uiaction.CommonUIActions.deleteAllCookies: uiaction.CommonUIActions.deleteAllCookies is PASSED

2018-06-14 17:17:46 - [MESSAGE][PASSED] - Delete all cookies successfully

2018-06-14 17:17:46 - [MESSAGE][PASSED] - uiaction.CommonUIActions.deleteAllCookies is PASSED

2018-06-14 17:17:46 - [TEST_STEP][PASSED] - Statement - TCflag = true: null

2018-06-14 17:17:46 - [TEST_STEP][PASSED] - Statement - Try: uiaction.CommonUIActions.click is PASSED

2018-06-14 17:17:46 - [TEST_STEP][PASSED] - navigateToUrl: Navigate to 'https://hme-dev-public-cloud-app.azurewebsites.net/' successfully

2018-06-14 17:17:49 - [MESSAGE][PASSED] - Navigate to 'https://hme-dev-public-cloud-app.azurewebsites.net/' successfully

2018-06-14 17:17:49 - [TEST_STEP][PASSED] - projectSpecific.Reusability.login: projectSpecific.Reusability.login is PASSED

2018-06-14 17:17:49 - [MESSAGE][PASSED] - projectSpecific.Reusability.getTestData is PASSED

2018-06-14 17:17:49 - [MESSAGE][PASSED] - projectSpecific.Reusability.getTestData is PASSED

2018-06-14 17:17:49 - [MESSAGE][PASSED] - Text 'selvendrank@nousinfo.com' is set on object 'Object Repository/LoginPage/Username'

2018-06-14 17:17:49 - [MESSAGE][PASSED] - Text 'nous;123' is set on object 'Object Repository/LoginPage/Password'

2018-06-14 17:17:49 - [MESSAGE][PASSED] - Object: 'Object Repository/LoginPage/Login' is clicked on

2018-06-14 17:17:49 - [MESSAGE][PASSED] - projectSpecific.Reusability.login is PASSED

2018-06-14 17:17:49 - [TEST_STEP][PASSED] - delay: Delayed 10 second(s)

2018-06-14 17:17:59 - [MESSAGE][PASSED] - Delayed 10 second(s)

2018-06-14 17:17:59 - [TEST_STEP][PASSED] - uiaction.CommonUIActions.click: uiaction.CommonUIActions.click is PASSED

2018-06-14 17:18:21 - [MESSAGE][PASSED] - uiaction.CommonUIActions.click is PASSED

2018-06-14 17:18:21 - [TEST_STEP][PASSED] - uiaction.CommonUIActions.click: uiaction.CommonUIActions.click is PASSED

2018-06-14 17:18:22 - [MESSAGE][PASSED] - uiaction.CommonUIActions.click is PASSED

2018-06-14 17:18:22 - [TEST_STEP][PASSED] - uiaction.CommonUIActions.click: uiaction.CommonUIActions.click is PASSED

2018-06-14 17:18:22 - [MESSAGE][PASSED] - uiaction.CommonUIActions.click is PASSED

2018-06-14 17:18:22 - [TEST_STEP][PASSED] - verifyElementPresent: Object 'Object Repository/ReportingGroupManagement/reportingGroupDetails' is present

2018-06-14 17:18:22 - [MESSAGE][PASSED] - Object 'Object Repository/ReportingGroupManagement/reportingGroupDetails' is present

2018-06-14 17:18:22 - [TEST_STEP][PASSED] - Statement - grpName = CustomKeywords.uiaction.CommonUIActions.getText(com.kms.katalon.core.testobject.ObjectRepository.findTestObject(ReportingGroupManagement/groupName)): uiaction.CommonUIActions.getText is PASSED

2018-06-14 17:18:22 - [MESSAGE][PASSED] - uiaction.CommonUIActions.getText is PASSED

2018-06-14 17:18:22 - [TEST_STEP][PASSED] - Statement - println("grpName"): null

2018-06-14 17:18:23 - [TEST_STEP][PASSED] - Statement - If (grpName.contains("*")): null

2018-06-14 17:18:23 - [TEST_STEP][PASSED] - Statement - out.println("Group Name text box is marked with asterisk symbol"): null

2018-06-14 17:18:23 - [TEST_STEP][PASSED] - uiaction.CommonUIActions.enter: uiaction.CommonUIActions.enter is PASSED

2018-06-14 17:18:23 - [MESSAGE][PASSED] - projectSpecific.Reusability.getTestData is PASSED

2018-06-14 17:18:23 - [MESSAGE][PASSED] - uiaction.CommonUIActions.enter is PASSED

2018-06-14 17:18:23 - [TEST_STEP][PASSED] - uiaction.CommonUIActions.enter: uiaction.CommonUIActions.enter is PASSED

2018-06-14 17:18:23 - [MESSAGE][PASSED] - projectSpecific.Reusability.getTestData is PASSED

2018-06-14 17:18:23 - [MESSAGE][PASSED] - uiaction.CommonUIActions.enter is PASSED

2018-06-14 17:18:23 - [TEST_STEP][PASSED] - uiaction.CommonUIActions.click: uiaction.CommonUIActions.click is PASSED

2018-06-14 17:18:23 - [MESSAGE][PASSED] - uiaction.CommonUIActions.click is PASSED

2018-06-14 17:18:23 - [TEST_STEP][PASSED] - delay: Delayed 10 second(s)

2018-06-14 17:18:33 - [MESSAGE][PASSED] - Delayed 10 second(s)

2018-06-14 17:18:33 - [TEST_STEP][PASSED] - uiaction.CommonUIActions.back: uiaction.CommonUIActions.back is PASSED

2018-06-14 17:18:33 - [MESSAGE][PASSED] - Navigate back successfully

2018-06-14 17:18:33 - [MESSAGE][PASSED] - uiaction.CommonUIActions.back is PASSED

2018-06-14 17:18:33 - [TEST_STEP][PASSED] - delay: Delayed 5 second(s)

2018-06-14 17:18:38 - [MESSAGE][PASSED] - Delayed 5 second(s)

2018-06-14 17:18:38 - [TEST_STEP][PASSED] - uiaction.CommonUIActions.enter: uiaction.CommonUIActions.enter is PASSED

2018-06-14 17:18:38 - [MESSAGE][PASSED] - projectSpecific.Reusability.getTestData is PASSED

2018-06-14 17:18:38 - [MESSAGE][PASSED] - uiaction.CommonUIActions.enter is PASSED

2018-06-14 17:18:38 - [TEST_STEP][PASSED] - uiaction.CommonUIActions.enter: uiaction.CommonUIActions.enter is PASSED

2018-06-14 17:18:38 - [MESSAGE][PASSED] - projectSpecific.Reusability.getTestData is PASSED

2018-06-14 17:18:38 - [MESSAGE][PASSED] - uiaction.CommonUIActions.enter is PASSED

2018-06-14 17:18:38 - [TEST_STEP][PASSED] - uiaction.CommonUIActions.click: uiaction.CommonUIActions.click is PASSED

2018-06-14 17:18:38 - [MESSAGE][PASSED] - uiaction.CommonUIActions.click is PASSED

2018-06-14 17:18:38 - [TEST_STEP][PASSED] - delay: Delayed 10 second(s)

2018-06-14 17:18:48 - [MESSAGE][PASSED] - Delayed 10 second(s)

2018-06-14 17:18:48 - [TEST_STEP][PASSED] - uiaction.CommonUIActions.back: uiaction.CommonUIActions.back is PASSED

2018-06-14 17:18:48 - [MESSAGE][PASSED] - Navigate back successfully

2018-06-14 17:18:48 - [MESSAGE][PASSED] - uiaction.CommonUIActions.back is PASSED

2018-06-14 17:18:48 - [TEST_STEP][PASSED] - delay: Delayed 5 second(s)

2018-06-14 17:18:53 - [MESSAGE][PASSED] - Delayed 5 second(s)

2018-06-14 17:18:53 - [TEST_STEP][PASSED] - uiaction.CommonUIActions.back: uiaction.CommonUIActions.back is PASSED

2018-06-14 17:18:53 - [MESSAGE][PASSED] - Navigate back successfully

2018-06-14 17:18:53 - [MESSAGE][PASSED] - uiaction.CommonUIActions.back is PASSED

2018-06-14 17:18:53 - [TEST_STEP][PASSED] - delay: Delayed 5 second(s)

2018-06-14 17:18:58 - [MESSAGE][PASSED] - Delayed 5 second(s)

2018-06-14 17:18:58 - [TEST_STEP][PASSED] - uiaction.CommonUIActions.click: uiaction.CommonUIActions.click is PASSED

2018-06-14 17:18:58 - [MESSAGE][PASSED] - uiaction.CommonUIActions.click is PASSED

2018-06-14 17:18:58 - [TEST_STEP][PASSED] - Statement - StoreList = CustomKeywords.projectSpecific.Reusability.getTestData("ReportingGroupManagementPage", "dummyGroupName2"): projectSpecific.Reusability.getTestData is PASSED

2018-06-14 17:18:58 - [MESSAGE][PASSED] - projectSpecific.Reusability.getTestData is PASSED

2018-06-14 17:18:58 - [TEST_STEP][PASSED] - Statement - listOfStores = new java.util.ArrayList(java.util.Arrays.asList(StoreList)): null

2018-06-14 17:18:58 - [TEST_STEP][PASSED] - Statement - out.println(listOfStores): null

2018-06-14 17:18:58 - [TEST_STEP][PASSED] - delay: Delayed 10 second(s)

2018-06-14 17:19:08 - [MESSAGE][PASSED] - Delayed 10 second(s)

2018-06-14 17:19:08 - [TEST_STEP][PASSED] - Statement - driver = com.kms.katalon.core.webui.driver.DriverFactory.getWebDriver(): null

2018-06-14 17:19:08 - [TEST_STEP][PASSED] - Statement - availableStoreList = driver.findElements(org.openqa.selenium.By.xpath(com.kms.katalon.core.testdata.TestDataFactory.findTestData(OR_file).getValue(2, 10))): Reading excel file with source file 'C:\Users\shalinin\Katalon Studio\HME_Scripts\Data Files\HME_OR.xlsx' and sheet name 'Sheet1'

2018-06-14 17:19:08 - [TEST_STEP][PASSED] - Statement - actualList = new java.util.ArrayList(): null

2018-06-14 17:19:08 - [TEST_STEP][PASSED] - Statement - For ([i = 0, i < availableStoreList.size(), (i++)]): null

2018-06-14 17:19:08 - [TEST_STEP][PASSED] - Statement - actualList.add(i, availableStoreList.get(i).getText()): null

2018-06-14 17:19:08 - [TEST_STEP][PASSED] - Statement - actualList.add(i, availableStoreList.get(i).getText()): null

2018-06-14 17:19:08 - [TEST_STEP][PASSED] - Statement - actualList.add(i, availableStoreList.get(i).getText()): null

2018-06-14 17:19:08 - [TEST_STEP][PASSED] - Statement - actualList.add(i, availableStoreList.get(i).getText()): null

2018-06-14 17:19:08 - [TEST_STEP][PASSED] - Statement - actualList.add(i, availableStoreList.get(i).getText()): null

2018-06-14 17:19:09 - [TEST_STEP][PASSED] - Statement - actualList.add(i, availableStoreList.get(i).getText()): null

2018-06-14 17:19:09 - [TEST_STEP][PASSED] - Statement - actualList.add(i, availableStoreList.get(i).getText()): null

2018-06-14 17:19:09 - [TEST_STEP][PASSED] - Statement - actualList.add(i, availableStoreList.get(i).getText()): null

2018-06-14 17:19:09 - [TEST_STEP][PASSED] - Statement - actualList.add(i, availableStoreList.get(i).getText()): null

2018-06-14 17:19:09 - [TEST_STEP][PASSED] - Statement - actualList.add(i, availableStoreList.get(i).getText()): null

2018-06-14 17:19:09 - [TEST_STEP][PASSED] - Statement - actualList.add(i, availableStoreList.get(i).getText()): null

2018-06-14 17:19:09 - [TEST_STEP][PASSED] - Statement - actualList.add(i, availableStoreList.get(i).getText()): null

2018-06-14 17:19:09 - [TEST_STEP][PASSED] - Statement - actualList.add(i, availableStoreList.get(i).getText()): null

2018-06-14 17:19:09 - [TEST_STEP][PASSED] - Statement - actualList.add(i, availableStoreList.get(i).getText()): null

2018-06-14 17:19:09 - [TEST_STEP][PASSED] - Statement - actualList.add(i, availableStoreList.get(i).getText()): null

2018-06-14 17:19:09 - [TEST_STEP][PASSED] - Statement - actualList.add(i, availableStoreList.get(i).getText()): null

2018-06-14 17:19:09 - [TEST_STEP][PASSED] - Statement - actualList.add(i, availableStoreList.get(i).getText()): null

2018-06-14 17:19:09 - [TEST_STEP][PASSED] - Statement - actualList.add(i, availableStoreList.get(i).getText()): null

2018-06-14 17:19:09 - [TEST_STEP][PASSED] - Statement - actualList.add(i, availableStoreList.get(i).getText()): null

2018-06-14 17:19:09 - [TEST_STEP][PASSED] - Statement - actualList.add(i, availableStoreList.get(i).getText()): null

2018-06-14 17:19:09 - [TEST_STEP][PASSED] - Statement - actualList.add(i, availableStoreList.get(i).getText()): null

2018-06-14 17:19:09 - [TEST_STEP][PASSED] - Statement - actualList.add(i, availableStoreList.get(i).getText()): null

2018-06-14 17:19:09 - [TEST_STEP][PASSED] - Statement - actualList.add(i, availableStoreList.get(i).getText()): null

2018-06-14 17:19:09 - [TEST_STEP][PASSED] - Statement - actualList.add(i, availableStoreList.get(i).getText()): null

2018-06-14 17:19:09 - [TEST_STEP][PASSED] - Statement - actualList.add(i, availableStoreList.get(i).getText()): null

2018-06-14 17:19:09 - [TEST_STEP][PASSED] - Statement - actualList.add(i, availableStoreList.get(i).getText()): null

2018-06-14 17:19:09 - [TEST_STEP][PASSED] - Statement - actualList.add(i, availableStoreList.get(i).getText()): null

2018-06-14 17:19:09 - [TEST_STEP][PASSED] - Statement - actualList.add(i, availableStoreList.get(i).getText()): null

2018-06-14 17:19:09 - [TEST_STEP][PASSED] - Statement - actualList.add(i, availableStoreList.get(i).getText()): null

2018-06-14 17:19:09 - [TEST_STEP][PASSED] - Statement - actualList.add(i, availableStoreList.get(i).getText()): null

2018-06-14 17:19:09 - [TEST_STEP][PASSED] - Statement - actualList.add(i, availableStoreList.get(i).getText()): null

2018-06-14 17:19:09 - [TEST_STEP][PASSED] - Statement - actualList.add(i, availableStoreList.get(i).getText()): null

2018-06-14 17:19:09 - [TEST_STEP][PASSED] - Statement - actualList.add(i, availableStoreList.get(i).getText()): null

2018-06-14 17:19:09 - [TEST_STEP][PASSED] - Statement - actualList.add(i, availableStoreList.get(i).getText()): null

2018-06-14 17:19:09 - [TEST_STEP][PASSED] - Statement - actualList.add(i, availableStoreList.get(i).getText()): null

2018-06-14 17:19:09 - [TEST_STEP][PASSED] - Statement - actualList.add(i, availableStoreList.get(i).getText()): null

2018-06-14 17:19:09 - [TEST_STEP][PASSED] - Statement - actualList.add(i, availableStoreList.get(i).getText()): null

2018-06-14 17:19:09 - [TEST_STEP][PASSED] - Statement - actualList.add(i, availableStoreList.get(i).getText()): null

2018-06-14 17:19:09 - [TEST_STEP][PASSED] - Statement - actualList.add(i, availableStoreList.get(i).getText()): null

2018-06-14 17:19:09 - [TEST_STEP][PASSED] - Statement - actualList.add(i, availableStoreList.get(i).getText()): null

2018-06-14 17:19:09 - [TEST_STEP][PASSED] - Statement - actualList.add(i, availableStoreList.get(i).getText()): null

2018-06-14 17:19:09 - [TEST_STEP][PASSED] - Statement - actualList.add(i, availableStoreList.get(i).getText()): null

2018-06-14 17:19:09 - [TEST_STEP][PASSED] - Statement - actualList.add(i, availableStoreList.get(i).getText()): null

2018-06-14 17:19:09 - [TEST_STEP][PASSED] - Statement - actualList.add(i, availableStoreList.get(i).getText()): null

2018-06-14 17:19:09 - [TEST_STEP][PASSED] - Statement - actualList.add(i, availableStoreList.get(i).getText()): null

2018-06-14 17:19:09 - [TEST_STEP][PASSED] - Statement - actualList.add(i, availableStoreList.get(i).getText()): null

2018-06-14 17:19:09 - [TEST_STEP][PASSED] - Statement - actualList.add(i, availableStoreList.get(i).getText()): null

2018-06-14 17:19:09 - [TEST_STEP][PASSED] - Statement - actualList.add(i, availableStoreList.get(i).getText()): null

2018-06-14 17:19:09 - [TEST_STEP][PASSED] - Statement - actualList.add(i, availableStoreList.get(i).getText()): null

2018-06-14 17:19:09 - [TEST_STEP][PASSED] - Statement - actualList.add(i, availableStoreList.get(i).getText()): null

2018-06-14 17:19:09 - [TEST_STEP][PASSED] - Statement - actualList.add(i, availableStoreList.get(i).getText()): null

2018-06-14 17:19:09 - [TEST_STEP][PASSED] - Statement - actualList.add(i, availableStoreList.get(i).getText()): null

2018-06-14 17:19:09 - [TEST_STEP][PASSED] - Statement - actualList.add(i, availableStoreList.get(i).getText()): null

2018-06-14 17:19:09 - [TEST_STEP][PASSED] - Statement - actualList.add(i, availableStoreList.get(i).getText()): null

2018-06-14 17:19:09 - [TEST_STEP][PASSED] - Statement - actualList.add(i, availableStoreList.get(i).getText()): null

2018-06-14 17:19:09 - [TEST_STEP][PASSED] - Statement - actualList.add(i, availableStoreList.get(i).getText()): null

2018-06-14 17:19:09 - [TEST_STEP][PASSED] - Statement - actualList.add(i, availableStoreList.get(i).getText()): null

2018-06-14 17:19:09 - [TEST_STEP][PASSED] - Statement - actualList.add(i, availableStoreList.get(i).getText()): null

2018-06-14 17:19:09 - [TEST_STEP][PASSED] - Statement - actualList.add(i, availableStoreList.get(i).getText()): null

2018-06-14 17:19:09 - [TEST_STEP][PASSED] - Statement - actualList.add(i, availableStoreList.get(i).getText()): null

2018-06-14 17:19:09 - [TEST_STEP][PASSED] - Statement - actualList.add(i, availableStoreList.get(i).getText()): null

2018-06-14 17:19:09 - [TEST_STEP][PASSED] - Statement - actualList.add(i, availableStoreList.get(i).getText()): null

2018-06-14 17:19:09 - [TEST_STEP][PASSED] - Statement - actualList.add(i, availableStoreList.get(i).getText()): null

2018-06-14 17:19:09 - [TEST_STEP][PASSED] - Statement - actualList.add(i, availableStoreList.get(i).getText()): null

2018-06-14 17:19:09 - [TEST_STEP][PASSED] - Statement - actualList.add(i, availableStoreList.get(i).getText()): null

2018-06-14 17:19:09 - [TEST_STEP][PASSED] - Statement - actualList.add(i, availableStoreList.get(i).getText()): null

2018-06-14 17:19:09 - [TEST_STEP][PASSED] - Statement - actualList.add(i, availableStoreList.get(i).getText()): null

2018-06-14 17:19:10 - [TEST_STEP][PASSED] - Statement - actualList.add(i, availableStoreList.get(i).getText()): null

2018-06-14 17:19:10 - [TEST_STEP][PASSED] - Statement - actualList.add(i, availableStoreList.get(i).getText()): null

2018-06-14 17:19:10 - [TEST_STEP][PASSED] - Statement - actualList.add(i, availableStoreList.get(i).getText()): null

2018-06-14 17:19:10 - [TEST_STEP][PASSED] - Statement - actualList.add(i, availableStoreList.get(i).getText()): null

2018-06-14 17:19:10 - [TEST_STEP][PASSED] - Statement - actualList.add(i, availableStoreList.get(i).getText()): null

2018-06-14 17:19:10 - [TEST_STEP][PASSED] - Statement - actualList.add(i, availableStoreList.get(i).getText()): null

2018-06-14 17:19:10 - [TEST_STEP][PASSED] - Statement - actualList.add(i, availableStoreList.get(i).getText()): null

2018-06-14 17:19:10 - [TEST_STEP][PASSED] - Statement - actualList.add(i, availableStoreList.get(i).getText()): null

2018-06-14 17:19:10 - [TEST_STEP][PASSED] - Statement - actualList.add(i, availableStoreList.get(i).getText()): null

2018-06-14 17:19:10 - [TEST_STEP][PASSED] - Statement - actualList.add(i, availableStoreList.get(i).getText()): null

2018-06-14 17:19:10 - [TEST_STEP][PASSED] - Statement - actualList.add(i, availableStoreList.get(i).getText()): null

2018-06-14 17:19:10 - [TEST_STEP][PASSED] - Statement - actualList.add(i, availableStoreList.get(i).getText()): null

2018-06-14 17:19:10 - [TEST_STEP][PASSED] - Statement - actualList.add(i, availableStoreList.get(i).getText()): null

2018-06-14 17:19:10 - [TEST_STEP][PASSED] - Statement - actualList.add(i, availableStoreList.get(i).getText()): null

2018-06-14 17:19:10 - [TEST_STEP][PASSED] - Statement - actualList.add(i, availableStoreList.get(i).getText()): null

2018-06-14 17:19:10 - [TEST_STEP][PASSED] - Statement - actualList.add(i, availableStoreList.get(i).getText()): null

2018-06-14 17:19:10 - [TEST_STEP][PASSED] - Statement - actualList.add(i, availableStoreList.get(i).getText()): null

2018-06-14 17:19:10 - [TEST_STEP][PASSED] - Statement - actualList.add(i, availableStoreList.get(i).getText()): null

2018-06-14 17:19:10 - [TEST_STEP][PASSED] - Statement - actualList.add(i, availableStoreList.get(i).getText()): null

2018-06-14 17:19:10 - [TEST_STEP][PASSED] - Statement - actualList.add(i, availableStoreList.get(i).getText()): null

2018-06-14 17:19:10 - [TEST_STEP][PASSED] - Statement - actualList.add(i, availableStoreList.get(i).getText()): null

2018-06-14 17:19:10 - [TEST_STEP][PASSED] - Statement - actualList.add(i, availableStoreList.get(i).getText()): null

2018-06-14 17:19:10 - [TEST_STEP][PASSED] - Statement - actualList.add(i, availableStoreList.get(i).getText()): null

2018-06-14 17:19:10 - [TEST_STEP][PASSED] - Statement - actualList.add(i, availableStoreList.get(i).getText()): null

2018-06-14 17:19:10 - [TEST_STEP][PASSED] - Statement - actualList.add(i, availableStoreList.get(i).getText()): null

2018-06-14 17:19:10 - [TEST_STEP][PASSED] - Statement - actualList.add(i, availableStoreList.get(i).getText()): null

2018-06-14 17:19:10 - [TEST_STEP][PASSED] - Statement - actualList.add(i, availableStoreList.get(i).getText()): null

2018-06-14 17:19:10 - [TEST_STEP][PASSED] - Statement - actualList.add(i, availableStoreList.get(i).getText()): null

2018-06-14 17:19:10 - [TEST_STEP][PASSED] - Statement - actualList.add(i, availableStoreList.get(i).getText()): null

2018-06-14 17:19:10 - [TEST_STEP][PASSED] - Statement - actualList.add(i, availableStoreList.get(i).getText()): null

2018-06-14 17:19:10 - [TEST_STEP][PASSED] - Statement - actualList.add(i, availableStoreList.get(i).getText()): null

2018-06-14 17:19:10 - [TEST_STEP][PASSED] - Statement - actualList.add(i, availableStoreList.get(i).getText()): null

2018-06-14 17:19:10 - [TEST_STEP][PASSED] - Statement - actualList.add(i, availableStoreList.get(i).getText()): null

2018-06-14 17:19:10 - [TEST_STEP][PASSED] - Statement - actualList.add(i, availableStoreList.get(i).getText()): null

2018-06-14 17:19:10 - [TEST_STEP][PASSED] - Statement - actualList.add(i, availableStoreList.get(i).getText()): null

2018-06-14 17:19:10 - [TEST_STEP][PASSED] - Statement - actualList.add(i, availableStoreList.get(i).getText()): null

2018-06-14 17:19:10 - [TEST_STEP][PASSED] - Statement - actualList.add(i, availableStoreList.get(i).getText()): null

2018-06-14 17:19:10 - [TEST_STEP][PASSED] - Statement - actualList.add(i, availableStoreList.get(i).getText()): null

2018-06-14 17:19:10 - [TEST_STEP][PASSED] - Statement - actualList.add(i, availableStoreList.get(i).getText()): null

2018-06-14 17:19:10 - [TEST_STEP][PASSED] - Statement - actualList.add(i, availableStoreList.get(i).getText()): null

2018-06-14 17:19:10 - [TEST_STEP][PASSED] - Statement - actualList.add(i, availableStoreList.get(i).getText()): null

2018-06-14 17:19:10 - [TEST_STEP][PASSED] - Statement - actualList.add(i, availableStoreList.get(i).getText()): null

2018-06-14 17:19:10 - [TEST_STEP][PASSED] - Statement - actualList.add(i, availableStoreList.get(i).getText()): null

2018-06-14 17:19:10 - [TEST_STEP][PASSED] - Statement - actualList.add(i, availableStoreList.get(i).getText()): null

2018-06-14 17:19:10 - [TEST_STEP][PASSED] - Statement - actualList.add(i, availableStoreList.get(i).getText()): null

2018-06-14 17:19:10 - [TEST_STEP][PASSED] - Statement - actualList.add(i, availableStoreList.get(i).getText()): null

2018-06-14 17:19:10 - [TEST_STEP][PASSED] - Statement - actualList.add(i, availableStoreList.get(i).getText()): null

2018-06-14 17:19:10 - [TEST_STEP][PASSED] - Statement - actualList.add(i, availableStoreList.get(i).getText()): null

2018-06-14 17:19:10 - [TEST_STEP][PASSED] - Statement - actualList.add(i, availableStoreList.get(i).getText()): null

2018-06-14 17:19:10 - [TEST_STEP][PASSED] - Statement - actualList.add(i, availableStoreList.get(i).getText()): null

2018-06-14 17:19:10 - [TEST_STEP][PASSED] - Statement - actualList.add(i, availableStoreList.get(i).getText()): null

2018-06-14 17:19:10 - [TEST_STEP][PASSED] - Statement - actualList.add(i, availableStoreList.get(i).getText()): null

2018-06-14 17:19:10 - [TEST_STEP][PASSED] - Statement - actualList.add(i, availableStoreList.get(i).getText()): null

2018-06-14 17:19:10 - [TEST_STEP][PASSED] - Statement - actualList.add(i, availableStoreList.get(i).getText()): null

2018-06-14 17:19:10 - [TEST_STEP][PASSED] - Statement - actualList.add(i, availableStoreList.get(i).getText()): null

2018-06-14 17:19:10 - [TEST_STEP][PASSED] - Statement - actualList.add(i, availableStoreList.get(i).getText()): null

2018-06-14 17:19:10 - [TEST_STEP][PASSED] - Statement - actualList.add(i, availableStoreList.get(i).getText()): null

2018-06-14 17:19:10 - [TEST_STEP][PASSED] - Statement - actualList.add(i, availableStoreList.get(i).getText()): null

2018-06-14 17:19:10 - [TEST_STEP][PASSED] - Statement - actualList.add(i, availableStoreList.get(i).getText()): null

2018-06-14 17:19:10 - [TEST_STEP][PASSED] - Statement - actualList.add(i, availableStoreList.get(i).getText()): null

2018-06-14 17:19:10 - [TEST_STEP][PASSED] - Statement - actualList.add(i, availableStoreList.get(i).getText()): null

2018-06-14 17:19:10 - [TEST_STEP][PASSED] - Statement - actualList.add(i, availableStoreList.get(i).getText()): null

2018-06-14 17:19:10 - [TEST_STEP][PASSED] - Statement - actualList.add(i, availableStoreList.get(i).getText()): null

2018-06-14 17:19:10 - [TEST_STEP][PASSED] - Statement - actualList.add(i, availableStoreList.get(i).getText()): null

2018-06-14 17:19:10 - [TEST_STEP][PASSED] - Statement - actualList.add(i, availableStoreList.get(i).getText()): null

2018-06-14 17:19:10 - [TEST_STEP][PASSED] - Statement - actualList.add(i, availableStoreList.get(i).getText()): null

2018-06-14 17:19:10 - [TEST_STEP][PASSED] - Statement - actualList.add(i, availableStoreList.get(i).getText()): null

2018-06-14 17:19:11 - [TEST_STEP][PASSED] - Statement - actualList.add(i, availableStoreList.get(i).getText()): null

2018-06-14 17:19:11 - [TEST_STEP][PASSED] - Statement - actualList.add(i, availableStoreList.get(i).getText()): null

2018-06-14 17:19:11 - [TEST_STEP][PASSED] - Statement - actualList.add(i, availableStoreList.get(i).getText()): null

2018-06-14 17:19:11 - [TEST_STEP][PASSED] - Statement - actualList.add(i, availableStoreList.get(i).getText()): null

2018-06-14 17:19:11 - [TEST_STEP][PASSED] - Statement - actualList.add(i, availableStoreList.get(i).getText()): null

2018-06-14 17:19:11 - [TEST_STEP][PASSED] - Statement - actualList.add(i, availableStoreList.get(i).getText()): null

2018-06-14 17:19:11 - [TEST_STEP][PASSED] - Statement - actualList.add(i, availableStoreList.get(i).getText()): null

2018-06-14 17:19:11 - [TEST_STEP][PASSED] - Statement - actualList.add(i, availableStoreList.get(i).getText()): null

2018-06-14 17:19:11 - [TEST_STEP][PASSED] - Statement - actualList.add(i, availableStoreList.get(i).getText()): null

2018-06-14 17:19:11 - [TEST_STEP][PASSED] - Statement - actualList.add(i, availableStoreList.get(i).getText()): null

2018-06-14 17:19:11 - [TEST_STEP][PASSED] - Statement - actualList.add(i, availableStoreList.get(i).getText()): null

2018-06-14 17:19:11 - [TEST_STEP][PASSED] - Statement - actualList.add(i, availableStoreList.get(i).getText()): null

2018-06-14 17:19:11 - [TEST_STEP][PASSED] - Statement - actualList.add(i, availableStoreList.get(i).getText()): null

2018-06-14 17:19:11 - [TEST_STEP][PASSED] - Statement - actualList.add(i, availableStoreList.get(i).getText()): null

2018-06-14 17:19:11 - [TEST_STEP][PASSED] - Statement - actualList.add(i, availableStoreList.get(i).getText()): null

2018-06-14 17:19:11 - [TEST_STEP][PASSED] - Statement - actualList.add(i, availableStoreList.get(i).getText()): null

2018-06-14 17:19:11 - [TEST_STEP][PASSED] - Statement - actualList.add(i, availableStoreList.get(i).getText()): null

2018-06-14 17:19:11 - [TEST_STEP][PASSED] - Statement - actualList.add(i, availableStoreList.get(i).getText()): null

2018-06-14 17:19:11 - [TEST_STEP][PASSED] - Statement - actualList.add(i, availableStoreList.get(i).getText()): null

2018-06-14 17:19:11 - [TEST_STEP][PASSED] - Statement - actualList.add(i, availableStoreList.get(i).getText()): null

2018-06-14 17:19:11 - [TEST_STEP][PASSED] - Statement - actualList.add(i, availableStoreList.get(i).getText()): null

2018-06-14 17:19:11 - [TEST_STEP][PASSED] - Statement - actualList.add(i, availableStoreList.get(i).getText()): null

2018-06-14 17:19:11 - [TEST_STEP][PASSED] - Statement - actualList.add(i, availableStoreList.get(i).getText()): null

2018-06-14 17:19:11 - [TEST_STEP][PASSED] - Statement - actualList.add(i, availableStoreList.get(i).getText()): null

2018-06-14 17:19:11 - [TEST_STEP][PASSED] - Statement - actualList.add(i, availableStoreList.get(i).getText()): null

2018-06-14 17:19:11 - [TEST_STEP][PASSED] - Statement - actualList.add(i, availableStoreList.get(i).getText()): null

2018-06-14 17:19:11 - [TEST_STEP][PASSED] - Statement - actualList.add(i, availableStoreList.get(i).getText()): null

2018-06-14 17:19:11 - [TEST_STEP][PASSED] - Statement - actualList.add(i, availableStoreList.get(i).getText()): null

2018-06-14 17:19:11 - [TEST_STEP][PASSED] - Statement - actualList.add(i, availableStoreList.get(i).getText()): null

2018-06-14 17:19:11 - [TEST_STEP][PASSED] - Statement - actualList.add(i, availableStoreList.get(i).getText()): null

2018-06-14 17:19:11 - [TEST_STEP][PASSED] - Statement - actualList.add(i, availableStoreList.get(i).getText()): null

2018-06-14 17:19:11 - [TEST_STEP][PASSED] - Statement - actualList.add(i, availableStoreList.get(i).getText()): null

2018-06-14 17:19:11 - [TEST_STEP][PASSED] - Statement - actualList.add(i, availableStoreList.get(i).getText()): null

2018-06-14 17:19:11 - [TEST_STEP][PASSED] - Statement - actualList.add(i, availableStoreList.get(i).getText()): null

2018-06-14 17:19:11 - [TEST_STEP][PASSED] - Statement - actualList.add(i, availableStoreList.get(i).getText()): null

2018-06-14 17:19:11 - [TEST_STEP][PASSED] - Statement - actualList.add(i, availableStoreList.get(i).getText()): null

2018-06-14 17:19:11 - [TEST_STEP][PASSED] - Statement - actualList.add(i, availableStoreList.get(i).getText()): null

2018-06-14 17:19:11 - [TEST_STEP][PASSED] - Statement - actualList.add(i, availableStoreList.get(i).getText()): null

2018-06-14 17:19:11 - [TEST_STEP][PASSED] - Statement - actualList.add(i, availableStoreList.get(i).getText()): null

2018-06-14 17:19:11 - [TEST_STEP][PASSED] - Statement - actualList.add(i, availableStoreList.get(i).getText()): null

2018-06-14 17:19:11 - [TEST_STEP][PASSED] - Statement - actualList.add(i, availableStoreList.get(i).getText()): null

2018-06-14 17:19:11 - [TEST_STEP][PASSED] - Statement - actualList.add(i, availableStoreList.get(i).getText()): null

2018-06-14 17:19:11 - [TEST_STEP][PASSED] - Statement - actualList.add(i, availableStoreList.get(i).getText()): null

2018-06-14 17:19:11 - [TEST_STEP][PASSED] - Statement - actualList.add(i, availableStoreList.get(i).getText()): null

2018-06-14 17:19:11 - [TEST_STEP][PASSED] - Statement - actualList.add(i, availableStoreList.get(i).getText()): null

2018-06-14 17:19:11 - [TEST_STEP][PASSED] - Statement - actualList.add(i, availableStoreList.get(i).getText()): null

2018-06-14 17:19:11 - [TEST_STEP][PASSED] - Statement - actualList.add(i, availableStoreList.get(i).getText()): null

2018-06-14 17:19:11 - [TEST_STEP][PASSED] - Statement - actualList.add(i, availableStoreList.get(i).getText()): null

2018-06-14 17:19:11 - [TEST_STEP][PASSED] - Statement - actualList.add(i, availableStoreList.get(i).getText()): null

2018-06-14 17:19:11 - [TEST_STEP][PASSED] - Statement - actualList.add(i, availableStoreList.get(i).getText()): null

2018-06-14 17:19:11 - [TEST_STEP][PASSED] - Statement - actualList.add(i, availableStoreList.get(i).getText()): null

2018-06-14 17:19:11 - [TEST_STEP][PASSED] - Statement - actualList.add(i, availableStoreList.get(i).getText()): null

2018-06-14 17:19:11 - [TEST_STEP][PASSED] - Statement - actualList.add(i, availableStoreList.get(i).getText()): null

2018-06-14 17:19:11 - [TEST_STEP][PASSED] - Statement - actualList.add(i, availableStoreList.get(i).getText()): null

2018-06-14 17:19:11 - [TEST_STEP][PASSED] - Statement - actualList.add(i, availableStoreList.get(i).getText()): null

2018-06-14 17:19:11 - [TEST_STEP][PASSED] - Statement - actualList.add(i, availableStoreList.get(i).getText()): null

2018-06-14 17:19:11 - [TEST_STEP][PASSED] - Statement - actualList.add(i, availableStoreList.get(i).getText()): null

2018-06-14 17:19:11 - [TEST_STEP][PASSED] - Statement - actualList.add(i, availableStoreList.get(i).getText()): null

2018-06-14 17:19:11 - [TEST_STEP][PASSED] - Statement - actualList.add(i, availableStoreList.get(i).getText()): null

2018-06-14 17:19:11 - [TEST_STEP][PASSED] - Statement - actualList.add(i, availableStoreList.get(i).getText()): null

2018-06-14 17:19:11 - [TEST_STEP][PASSED] - Statement - actualList.add(i, availableStoreList.get(i).getText()): null

2018-06-14 17:19:11 - [TEST_STEP][PASSED] - Statement - actualList.add(i, availableStoreList.get(i).getText()): null

2018-06-14 17:19:11 - [TEST_STEP][PASSED] - Statement - actualList.add(i, availableStoreList.get(i).getText()): null

2018-06-14 17:19:11 - [TEST_STEP][PASSED] - Statement - actualList.add(i, availableStoreList.get(i).getText()): null

2018-06-14 17:19:12 - [TEST_STEP][PASSED] - Statement - actualList.add(i, availableStoreList.get(i).getText()): null

2018-06-14 17:19:12 - [TEST_STEP][PASSED] - Statement - actualList.add(i, availableStoreList.get(i).getText()): null

2018-06-14 17:19:12 - [TEST_STEP][PASSED] - Statement - actualList.add(i, availableStoreList.get(i).getText()): null

2018-06-14 17:19:12 - [TEST_STEP][PASSED] - Statement - actualList.add(i, availableStoreList.get(i).getText()): null

2018-06-14 17:19:12 - [TEST_STEP][PASSED] - Statement - actualList.add(i, availableStoreList.get(i).getText()): null

2018-06-14 17:19:12 - [TEST_STEP][PASSED] - Statement - actualList.add(i, availableStoreList.get(i).getText()): null

2018-06-14 17:19:12 - [TEST_STEP][PASSED] - Statement - actualList.add(i, availableStoreList.get(i).getText()): null

2018-06-14 17:19:12 - [TEST_STEP][PASSED] - Statement - actualList.add(i, availableStoreList.get(i).getText()): null

2018-06-14 17:19:12 - [TEST_STEP][PASSED] - Statement - actualList.add(i, availableStoreList.get(i).getText()): null

2018-06-14 17:19:12 - [TEST_STEP][PASSED] - Statement - actualList.add(i, availableStoreList.get(i).getText()): null

2018-06-14 17:19:12 - [TEST_STEP][PASSED] - Statement - actualList.add(i, availableStoreList.get(i).getText()): null

2018-06-14 17:19:12 - [TEST_STEP][PASSED] - Statement - actualList.add(i, availableStoreList.get(i).getText()): null

2018-06-14 17:19:12 - [TEST_STEP][PASSED] - Statement - actualList.add(i, availableStoreList.get(i).getText()): null

2018-06-14 17:19:12 - [TEST_STEP][PASSED] - Statement - actualList.add(i, availableStoreList.get(i).getText()): null

2018-06-14 17:19:12 - [TEST_STEP][PASSED] - Statement - actualList.add(i, availableStoreList.get(i).getText()): null

2018-06-14 17:19:12 - [TEST_STEP][PASSED] - Statement - actualList.add(i, availableStoreList.get(i).getText()): null

2018-06-14 17:19:12 - [TEST_STEP][PASSED] - Statement - actualList.add(i, availableStoreList.get(i).getText()): null

2018-06-14 17:19:12 - [TEST_STEP][PASSED] - Statement - actualList.add(i, availableStoreList.get(i).getText()): null

2018-06-14 17:19:12 - [TEST_STEP][PASSED] - Statement - actualList.add(i, availableStoreList.get(i).getText()): null

2018-06-14 17:19:12 - [TEST_STEP][PASSED] - Statement - actualList.add(i, availableStoreList.get(i).getText()): null

2018-06-14 17:19:12 - [TEST_STEP][PASSED] - Statement - actualList.add(i, availableStoreList.get(i).getText()): null

2018-06-14 17:19:12 - [TEST_STEP][PASSED] - Statement - actualList.add(i, availableStoreList.get(i).getText()): null

2018-06-14 17:19:12 - [TEST_STEP][PASSED] - Statement - out.println(actualList): null

2018-06-14 17:19:12 - [TEST_STEP][PASSED] - Statement - If (actualList.containsAll(listOfStores)): null

2018-06-14 17:19:12 - [TEST_STEP][PASSED] - Statement - println("Actual list contains the required stores or groups"): null

2018-06-14 17:19:12 - [TEST_STEP][PASSED] - uiaction.CommonUIActions.click: uiaction.CommonUIActions.click is PASSED

2018-06-14 17:19:12 - [MESSAGE][PASSED] - uiaction.CommonUIActions.click is PASSED

2018-06-14 17:19:12 - [TEST_STEP][PASSED] - uiaction.CommonUIActions.click: uiaction.CommonUIActions.click is PASSED

2018-06-14 17:19:12 - [MESSAGE][PASSED] - uiaction.CommonUIActions.click is PASSED

2018-06-14 17:19:12 - [TEST_STEP][PASSED] - uiaction.CommonUIActions.back: uiaction.CommonUIActions.back is PASSED

2018-06-14 17:19:12 - [MESSAGE][PASSED] - Navigate back successfully

2018-06-14 17:19:12 - [MESSAGE][PASSED] - uiaction.CommonUIActions.back is PASSED

2018-06-14 17:19:12 - [TEST_STEP][PASSED] - delay: Delayed 5 second(s)

2018-06-14 17:19:17 - [MESSAGE][PASSED] - Delayed 5 second(s)

2018-06-14 17:19:17 - [TEST_STEP][PASSED] - uiaction.CommonUIActions.back: uiaction.CommonUIActions.back is PASSED

2018-06-14 17:19:17 - [MESSAGE][PASSED] - Navigate back successfully

2018-06-14 17:19:17 - [MESSAGE][PASSED] - uiaction.CommonUIActions.back is PASSED

2018-06-14 17:19:17 - [TEST_STEP][PASSED] - delay: Delayed 5 second(s)

2018-06-14 17:19:22 - [MESSAGE][PASSED] - Delayed 5 second(s)

2018-06-14 17:19:22 - [TEST_STEP][PASSED] - uiaction.CommonUIActions.click: uiaction.CommonUIActions.click is PASSED

2018-06-14 17:19:22 - [MESSAGE][PASSED] - uiaction.CommonUIActions.click is PASSED

2018-06-14 17:19:22 - [TEST_STEP][PASSED] - uiaction.CommonUIActions.click: uiaction.CommonUIActions.click is PASSED

2018-06-14 17:19:22 - [MESSAGE][PASSED] - uiaction.CommonUIActions.click is PASSED

2018-06-14 17:19:22 - [TEST_STEP][PASSED] - uiaction.CommonUIActions.click: uiaction.CommonUIActions.click is PASSED

2018-06-14 17:19:22 - [MESSAGE][PASSED] - uiaction.CommonUIActions.click is PASSED

2018-06-14 17:19:22 - [TEST_STEP][PASSED] - uiaction.CommonUIActions.back: uiaction.CommonUIActions.back is PASSED

2018-06-14 17:19:22 - [MESSAGE][PASSED] - Navigate back successfully

2018-06-14 17:19:22 - [MESSAGE][PASSED] - uiaction.CommonUIActions.back is PASSED

2018-06-14 17:19:22 - [TEST_STEP][PASSED] - delay: Delayed 5 second(s)

2018-06-14 17:19:27 - [MESSAGE][PASSED] - Delayed 5 second(s)

2018-06-14 17:19:27 - [TEST_STEP][PASSED] - uiaction.CommonUIActions.back: uiaction.CommonUIActions.back is PASSED

2018-06-14 17:19:27 - [MESSAGE][PASSED] - Navigate back successfully

2018-06-14 17:19:27 - [MESSAGE][PASSED] - uiaction.CommonUIActions.back is PASSED

2018-06-14 17:19:27 - [TEST_STEP][PASSED] - delay: Delayed 5 second(s)

2018-06-14 17:19:32 - [MESSAGE][PASSED] - Delayed 5 second(s)

2018-06-14 17:19:32 - [TEST_STEP][PASSED] - uiaction.CommonUIActions.click: uiaction.CommonUIActions.click is PASSED

2018-06-14 17:19:32 - [MESSAGE][PASSED] - uiaction.CommonUIActions.click is PASSED

2018-06-14 17:19:32 - [TEST_STEP][PASSED] - delay: Delayed 5 second(s)

2018-06-14 17:19:37 - [MESSAGE][PASSED] - Delayed 5 second(s)

2018-06-14 17:19:37 - [TEST_STEP][PASSED] - Statement - secondStoreListBox = driver.findElements(org.openqa.selenium.By.xpath(com.kms.katalon.core.testdata.TestDataFactory.findTestData(OR_file).getValue(2, 11))): Reading excel file with source file 'C:\Users\shalinin\Katalon Studio\HME_Scripts\Data Files\HME_OR.xlsx' and sheet name 'Sheet1'

2018-06-14 17:19:37 - [TEST_STEP][PASSED] - Statement - list = new java.util.ArrayList(): null

2018-06-14 17:19:37 - [TEST_STEP][PASSED] - Statement - For ([i = 0, i < secondStoreListBox.size(), (i++)]): null

2018-06-14 17:19:37 - [TEST_STEP][PASSED] - Statement - If (list.size() == 0): null

2018-06-14 17:19:37 - [TEST_STEP][PASSED] - Statement - println("No Groups/Stores is displayed in Groups/Stores in Group list box"): null

2018-06-14 17:19:37 - [TEST_STEP][PASSED] - uiaction.CommonUIActions.enter: uiaction.CommonUIActions.enter is PASSED

2018-06-14 17:19:37 - [MESSAGE][PASSED] - projectSpecific.Reusability.getTestData is PASSED

2018-06-14 17:19:38 - [MESSAGE][PASSED] - uiaction.CommonUIActions.enter is PASSED

2018-06-14 17:19:38 - [TEST_STEP][PASSED] - uiaction.CommonUIActions.enter: uiaction.CommonUIActions.enter is PASSED

2018-06-14 17:19:38 - [MESSAGE][PASSED] - projectSpecific.Reusability.getTestData is PASSED

2018-06-14 17:19:38 - [MESSAGE][PASSED] - uiaction.CommonUIActions.enter is PASSED

2018-06-14 17:19:38 - [TEST_STEP][PASSED] - uiaction.CommonUIActions.verifyMatch: uiaction.CommonUIActions.verifyMatch is PASSED

2018-06-14 17:19:38 - [MESSAGE][PASSED] - projectSpecific.Reusability.getTestData is PASSED

2018-06-14 17:19:38 - [MESSAGE][PASSED] - Attribute 'value' of object 'Object Repository/ReportingGroupManagement/groupNameTxt' is: 'AutomationGroup'

2018-06-14 17:19:38 - [MESSAGE][PASSED] - Actual text 'AutomationGroup' and expected text 'AutomationGroup' are matched 

2018-06-14 17:19:38 - [MESSAGE][PASSED] - uiaction.CommonUIActions.verifyMatch is PASSED

2018-06-14 17:19:38 - [TEST_STEP][PASSED] - uiaction.CommonUIActions.verifyMatch: uiaction.CommonUIActions.verifyMatch is PASSED

2018-06-14 17:19:38 - [MESSAGE][PASSED] - projectSpecific.Reusability.getTestData is PASSED

2018-06-14 17:19:38 - [MESSAGE][PASSED] - Attribute 'value' of object 'Object Repository/ReportingGroupManagement/groupDescTxt' is: 'South west branch Group 11'

2018-06-14 17:19:38 - [MESSAGE][PASSED] - Actual text 'South west branch Group 11' and expected text 'South west branch Group 11' are matched 

2018-06-14 17:19:38 - [MESSAGE][PASSED] - uiaction.CommonUIActions.verifyMatch is PASSED

2018-06-14 17:19:38 - [TEST_STEP][PASSED] - delay: Delayed 5 second(s)

2018-06-14 17:19:43 - [MESSAGE][PASSED] - Delayed 5 second(s)

2018-06-14 17:19:43 - [TEST_STEP][PASSED] - uiaction.CommonUIActions.click: uiaction.CommonUIActions.click is PASSED

2018-06-14 17:19:43 - [MESSAGE][PASSED] - uiaction.CommonUIActions.click is PASSED

2018-06-14 17:19:43 - [TEST_STEP][PASSED] - Statement - availableStoresCheckBoxList = driver.findElements(org.openqa.selenium.By.xpath(com.kms.katalon.core.testdata.TestDataFactory.findTestData(OR_file).getValue(2, 12))): Reading excel file with source file 'C:\Users\shalinin\Katalon Studio\HME_Scripts\Data Files\HME_OR.xlsx' and sheet name 'Sheet1'

2018-06-14 17:19:43 - [TEST_STEP][PASSED] - Statement - index = 1: null

2018-06-14 17:19:43 - [TEST_STEP][PASSED] - Statement - flag = true: null

2018-06-14 17:19:43 - [TEST_STEP][PASSED] - Statement - For ([i = 0, i < availableStoresCheckBoxList.size(), (i++)]): null

2018-06-14 17:19:43 - [TEST_STEP][PASSED] - Statement - element = availableStoresCheckBoxList[i]: null

2018-06-14 17:19:43 - [TEST_STEP][PASSED] - Statement - If (!(element.isSelected())): null

2018-06-14 17:19:43 - [TEST_STEP][PASSED] - Statement - element = availableStoresCheckBoxList[i]: null

2018-06-14 17:19:43 - [TEST_STEP][PASSED] - Statement - If (!(element.isSelected())): null

2018-06-14 17:19:43 - [TEST_STEP][PASSED] - Statement - element = availableStoresCheckBoxList[i]: null

2018-06-14 17:19:43 - [TEST_STEP][PASSED] - Statement - If (!(element.isSelected())): null

2018-06-14 17:19:43 - [TEST_STEP][PASSED] - Statement - element = availableStoresCheckBoxList[i]: null

2018-06-14 17:19:43 - [TEST_STEP][PASSED] - Statement - If (!(element.isSelected())): null

2018-06-14 17:19:43 - [TEST_STEP][PASSED] - Statement - element = availableStoresCheckBoxList[i]: null

2018-06-14 17:19:43 - [TEST_STEP][PASSED] - Statement - If (!(element.isSelected())): null

2018-06-14 17:19:43 - [TEST_STEP][PASSED] - Statement - element = availableStoresCheckBoxList[i]: null

2018-06-14 17:19:43 - [TEST_STEP][PASSED] - Statement - If (!(element.isSelected())): null

2018-06-14 17:19:43 - [TEST_STEP][PASSED] - Statement - element = availableStoresCheckBoxList[i]: null

2018-06-14 17:19:43 - [TEST_STEP][PASSED] - Statement - If (!(element.isSelected())): null

2018-06-14 17:19:43 - [TEST_STEP][PASSED] - Statement - element = availableStoresCheckBoxList[i]: null

2018-06-14 17:19:43 - [TEST_STEP][PASSED] - Statement - If (!(element.isSelected())): null

2018-06-14 17:19:43 - [TEST_STEP][PASSED] - Statement - element = availableStoresCheckBoxList[i]: null

2018-06-14 17:19:43 - [TEST_STEP][PASSED] - Statement - If (!(element.isSelected())): null

2018-06-14 17:19:43 - [TEST_STEP][PASSED] - Statement - element = availableStoresCheckBoxList[i]: null

2018-06-14 17:19:43 - [TEST_STEP][PASSED] - Statement - If (!(element.isSelected())): null

2018-06-14 17:19:43 - [TEST_STEP][PASSED] - Statement - element = availableStoresCheckBoxList[i]: null

2018-06-14 17:19:43 - [TEST_STEP][PASSED] - Statement - If (!(element.isSelected())): null

2018-06-14 17:19:43 - [TEST_STEP][PASSED] - Statement - element = availableStoresCheckBoxList[i]: null

2018-06-14 17:19:43 - [TEST_STEP][PASSED] - Statement - If (!(element.isSelected())): null

2018-06-14 17:19:43 - [TEST_STEP][PASSED] - Statement - element = availableStoresCheckBoxList[i]: null

2018-06-14 17:19:43 - [TEST_STEP][PASSED] - Statement - If (!(element.isSelected())): null

2018-06-14 17:19:43 - [TEST_STEP][PASSED] - Statement - element = availableStoresCheckBoxList[i]: null

2018-06-14 17:19:43 - [TEST_STEP][PASSED] - Statement - If (!(element.isSelected())): null

2018-06-14 17:19:43 - [TEST_STEP][PASSED] - Statement - element = availableStoresCheckBoxList[i]: null

2018-06-14 17:19:43 - [TEST_STEP][PASSED] - Statement - If (!(element.isSelected())): null

2018-06-14 17:19:43 - [TEST_STEP][PASSED] - Statement - element = availableStoresCheckBoxList[i]: null

2018-06-14 17:19:43 - [TEST_STEP][PASSED] - Statement - If (!(element.isSelected())): null

2018-06-14 17:19:43 - [TEST_STEP][PASSED] - Statement - element = availableStoresCheckBoxList[i]: null

2018-06-14 17:19:43 - [TEST_STEP][PASSED] - Statement - If (!(element.isSelected())): null

2018-06-14 17:19:43 - [TEST_STEP][PASSED] - Statement - element = availableStoresCheckBoxList[i]: null

2018-06-14 17:19:43 - [TEST_STEP][PASSED] - Statement - If (!(element.isSelected())): null

2018-06-14 17:19:43 - [TEST_STEP][PASSED] - Statement - element = availableStoresCheckBoxList[i]: null

2018-06-14 17:19:43 - [TEST_STEP][PASSED] - Statement - If (!(element.isSelected())): null

2018-06-14 17:19:43 - [TEST_STEP][PASSED] - Statement - element = availableStoresCheckBoxList[i]: null

2018-06-14 17:19:43 - [TEST_STEP][PASSED] - Statement - If (!(element.isSelected())): null

2018-06-14 17:19:43 - [TEST_STEP][PASSED] - Statement - element = availableStoresCheckBoxList[i]: null

2018-06-14 17:19:43 - [TEST_STEP][PASSED] - Statement - If (!(element.isSelected())): null

2018-06-14 17:19:43 - [TEST_STEP][PASSED] - Statement - element = availableStoresCheckBoxList[i]: null

2018-06-14 17:19:43 - [TEST_STEP][PASSED] - Statement - If (!(element.isSelected())): null

2018-06-14 17:19:43 - [TEST_STEP][PASSED] - Statement - element = availableStoresCheckBoxList[i]: null

2018-06-14 17:19:43 - [TEST_STEP][PASSED] - Statement - If (!(element.isSelected())): null

2018-06-14 17:19:43 - [TEST_STEP][PASSED] - Statement - element = availableStoresCheckBoxList[i]: null

2018-06-14 17:19:43 - [TEST_STEP][PASSED] - Statement - If (!(element.isSelected())): null

2018-06-14 17:19:43 - [TEST_STEP][PASSED] - Statement - element = availableStoresCheckBoxList[i]: null

2018-06-14 17:19:43 - [TEST_STEP][PASSED] - Statement - If (!(element.isSelected())): null

2018-06-14 17:19:43 - [TEST_STEP][PASSED] - Statement - element = availableStoresCheckBoxList[i]: null

2018-06-14 17:19:43 - [TEST_STEP][PASSED] - Statement - If (!(element.isSelected())): null

2018-06-14 17:19:43 - [TEST_STEP][PASSED] - Statement - element = availableStoresCheckBoxList[i]: null

2018-06-14 17:19:43 - [TEST_STEP][PASSED] - Statement - If (!(element.isSelected())): null

2018-06-14 17:19:43 - [TEST_STEP][PASSED] - Statement - element = availableStoresCheckBoxList[i]: null

2018-06-14 17:19:43 - [TEST_STEP][PASSED] - Statement - If (!(element.isSelected())): null

2018-06-14 17:19:43 - [TEST_STEP][PASSED] - Statement - element = availableStoresCheckBoxList[i]: null

2018-06-14 17:19:43 - [TEST_STEP][PASSED] - Statement - If (!(element.isSelected())): null

2018-06-14 17:19:43 - [TEST_STEP][PASSED] - Statement - element = availableStoresCheckBoxList[i]: null

2018-06-14 17:19:43 - [TEST_STEP][PASSED] - Statement - If (!(element.isSelected())): null

2018-06-14 17:19:43 - [TEST_STEP][PASSED] - Statement - element = availableStoresCheckBoxList[i]: null

2018-06-14 17:19:43 - [TEST_STEP][PASSED] - Statement - If (!(element.isSelected())): null

2018-06-14 17:19:43 - [TEST_STEP][PASSED] - Statement - element = availableStoresCheckBoxList[i]: null

2018-06-14 17:19:43 - [TEST_STEP][PASSED] - Statement - If (!(element.isSelected())): null

2018-06-14 17:19:43 - [TEST_STEP][PASSED] - Statement - element = availableStoresCheckBoxList[i]: null

2018-06-14 17:19:43 - [TEST_STEP][PASSED] - Statement - If (!(element.isSelected())): null

2018-06-14 17:19:43 - [TEST_STEP][PASSED] - Statement - element = availableStoresCheckBoxList[i]: null

2018-06-14 17:19:43 - [TEST_STEP][PASSED] - Statement - If (!(element.isSelected())): null

2018-06-14 17:19:43 - [TEST_STEP][PASSED] - Statement - element = availableStoresCheckBoxList[i]: null

2018-06-14 17:19:43 - [TEST_STEP][PASSED] - Statement - If (!(element.isSelected())): null

2018-06-14 17:19:43 - [TEST_STEP][PASSED] - Statement - element = availableStoresCheckBoxList[i]: null

2018-06-14 17:19:43 - [TEST_STEP][PASSED] - Statement - If (!(element.isSelected())): null

2018-06-14 17:19:43 - [TEST_STEP][PASSED] - Statement - element = availableStoresCheckBoxList[i]: null

2018-06-14 17:19:43 - [TEST_STEP][PASSED] - Statement - If (!(element.isSelected())): null

2018-06-14 17:19:43 - [TEST_STEP][PASSED] - Statement - element = availableStoresCheckBoxList[i]: null

2018-06-14 17:19:43 - [TEST_STEP][PASSED] - Statement - If (!(element.isSelected())): null

2018-06-14 17:19:43 - [TEST_STEP][PASSED] - Statement - element = availableStoresCheckBoxList[i]: null

2018-06-14 17:19:43 - [TEST_STEP][PASSED] - Statement - If (!(element.isSelected())): null

2018-06-14 17:19:43 - [TEST_STEP][PASSED] - Statement - element = availableStoresCheckBoxList[i]: null

2018-06-14 17:19:43 - [TEST_STEP][PASSED] - Statement - If (!(element.isSelected())): null

2018-06-14 17:19:43 - [TEST_STEP][PASSED] - Statement - element = availableStoresCheckBoxList[i]: null

2018-06-14 17:19:43 - [TEST_STEP][PASSED] - Statement - If (!(element.isSelected())): null

2018-06-14 17:19:43 - [TEST_STEP][PASSED] - Statement - element = availableStoresCheckBoxList[i]: null

2018-06-14 17:19:43 - [TEST_STEP][PASSED] - Statement - If (!(element.isSelected())): null

2018-06-14 17:19:43 - [TEST_STEP][PASSED] - Statement - element = availableStoresCheckBoxList[i]: null

2018-06-14 17:19:43 - [TEST_STEP][PASSED] - Statement - If (!(element.isSelected())): null

2018-06-14 17:19:43 - [TEST_STEP][PASSED] - Statement - element = availableStoresCheckBoxList[i]: null

2018-06-14 17:19:43 - [TEST_STEP][PASSED] - Statement - If (!(element.isSelected())): null

2018-06-14 17:19:43 - [TEST_STEP][PASSED] - Statement - element = availableStoresCheckBoxList[i]: null

2018-06-14 17:19:43 - [TEST_STEP][PASSED] - Statement - If (!(element.isSelected())): null

2018-06-14 17:19:43 - [TEST_STEP][PASSED] - Statement - element = availableStoresCheckBoxList[i]: null

2018-06-14 17:19:43 - [TEST_STEP][PASSED] - Statement - If (!(element.isSelected())): null

2018-06-14 17:19:43 - [TEST_STEP][PASSED] - Statement - element = availableStoresCheckBoxList[i]: null

2018-06-14 17:19:43 - [TEST_STEP][PASSED] - Statement - If (!(element.isSelected())): null

2018-06-14 17:19:43 - [TEST_STEP][PASSED] - Statement - element = availableStoresCheckBoxList[i]: null

2018-06-14 17:19:43 - [TEST_STEP][PASSED] - Statement - If (!(element.isSelected())): null

2018-06-14 17:19:43 - [TEST_STEP][PASSED] - Statement - element = availableStoresCheckBoxList[i]: null

2018-06-14 17:19:43 - [TEST_STEP][PASSED] - Statement - If (!(element.isSelected())): null

2018-06-14 17:19:43 - [TEST_STEP][PASSED] - Statement - element = availableStoresCheckBoxList[i]: null

2018-06-14 17:19:43 - [TEST_STEP][PASSED] - Statement - If (!(element.isSelected())): null

2018-06-14 17:19:43 - [TEST_STEP][PASSED] - Statement - element = availableStoresCheckBoxList[i]: null

2018-06-14 17:19:43 - [TEST_STEP][PASSED] - Statement - If (!(element.isSelected())): null

2018-06-14 17:19:43 - [TEST_STEP][PASSED] - Statement - element = availableStoresCheckBoxList[i]: null

2018-06-14 17:19:43 - [TEST_STEP][PASSED] - Statement - If (!(element.isSelected())): null

2018-06-14 17:19:43 - [TEST_STEP][PASSED] - Statement - element = availableStoresCheckBoxList[i]: null

2018-06-14 17:19:43 - [TEST_STEP][PASSED] - Statement - If (!(element.isSelected())): null

2018-06-14 17:19:44 - [TEST_STEP][PASSED] - Statement - element = availableStoresCheckBoxList[i]: null

2018-06-14 17:19:44 - [TEST_STEP][PASSED] - Statement - If (!(element.isSelected())): null

2018-06-14 17:19:44 - [TEST_STEP][PASSED] - Statement - element = availableStoresCheckBoxList[i]: null

2018-06-14 17:19:44 - [TEST_STEP][PASSED] - Statement - If (!(element.isSelected())): null

2018-06-14 17:19:44 - [TEST_STEP][PASSED] - Statement - element = availableStoresCheckBoxList[i]: null

2018-06-14 17:19:44 - [TEST_STEP][PASSED] - Statement - If (!(element.isSelected())): null

2018-06-14 17:19:44 - [TEST_STEP][PASSED] - Statement - element = availableStoresCheckBoxList[i]: null

2018-06-14 17:19:44 - [TEST_STEP][PASSED] - Statement - If (!(element.isSelected())): null

2018-06-14 17:19:44 - [TEST_STEP][PASSED] - Statement - element = availableStoresCheckBoxList[i]: null

2018-06-14 17:19:44 - [TEST_STEP][PASSED] - Statement - If (!(element.isSelected())): null

2018-06-14 17:19:44 - [TEST_STEP][PASSED] - Statement - element = availableStoresCheckBoxList[i]: null

2018-06-14 17:19:44 - [TEST_STEP][PASSED] - Statement - If (!(element.isSelected())): null

2018-06-14 17:19:44 - [TEST_STEP][PASSED] - Statement - element = availableStoresCheckBoxList[i]: null

2018-06-14 17:19:44 - [TEST_STEP][PASSED] - Statement - If (!(element.isSelected())): null

2018-06-14 17:19:44 - [TEST_STEP][PASSED] - Statement - element = availableStoresCheckBoxList[i]: null

2018-06-14 17:19:44 - [TEST_STEP][PASSED] - Statement - If (!(element.isSelected())): null

2018-06-14 17:19:44 - [TEST_STEP][PASSED] - Statement - element = availableStoresCheckBoxList[i]: null

2018-06-14 17:19:44 - [TEST_STEP][PASSED] - Statement - If (!(element.isSelected())): null

2018-06-14 17:19:44 - [TEST_STEP][PASSED] - Statement - element = availableStoresCheckBoxList[i]: null

2018-06-14 17:19:44 - [TEST_STEP][PASSED] - Statement - If (!(element.isSelected())): null

2018-06-14 17:19:44 - [TEST_STEP][PASSED] - Statement - element = availableStoresCheckBoxList[i]: null

2018-06-14 17:19:44 - [TEST_STEP][PASSED] - Statement - If (!(element.isSelected())): null

2018-06-14 17:19:44 - [TEST_STEP][PASSED] - Statement - element = availableStoresCheckBoxList[i]: null

2018-06-14 17:19:44 - [TEST_STEP][PASSED] - Statement - If (!(element.isSelected())): null

2018-06-14 17:19:44 - [TEST_STEP][PASSED] - Statement - element = availableStoresCheckBoxList[i]: null

2018-06-14 17:19:44 - [TEST_STEP][PASSED] - Statement - If (!(element.isSelected())): null

2018-06-14 17:19:44 - [TEST_STEP][PASSED] - Statement - element = availableStoresCheckBoxList[i]: null

2018-06-14 17:19:44 - [TEST_STEP][PASSED] - Statement - If (!(element.isSelected())): null

2018-06-14 17:19:44 - [TEST_STEP][PASSED] - Statement - element = availableStoresCheckBoxList[i]: null

2018-06-14 17:19:44 - [TEST_STEP][PASSED] - Statement - If (!(element.isSelected())): null

2018-06-14 17:19:44 - [TEST_STEP][PASSED] - Statement - element = availableStoresCheckBoxList[i]: null

2018-06-14 17:19:44 - [TEST_STEP][PASSED] - Statement - If (!(element.isSelected())): null

2018-06-14 17:19:44 - [TEST_STEP][PASSED] - Statement - element = availableStoresCheckBoxList[i]: null

2018-06-14 17:19:44 - [TEST_STEP][PASSED] - Statement - If (!(element.isSelected())): null

2018-06-14 17:19:44 - [TEST_STEP][PASSED] - Statement - element = availableStoresCheckBoxList[i]: null

2018-06-14 17:19:44 - [TEST_STEP][PASSED] - Statement - If (!(element.isSelected())): null

2018-06-14 17:19:44 - [TEST_STEP][PASSED] - Statement - element = availableStoresCheckBoxList[i]: null

2018-06-14 17:19:44 - [TEST_STEP][PASSED] - Statement - If (!(element.isSelected())): null

2018-06-14 17:19:44 - [TEST_STEP][PASSED] - Statement - element = availableStoresCheckBoxList[i]: null

2018-06-14 17:19:44 - [TEST_STEP][PASSED] - Statement - If (!(element.isSelected())): null

2018-06-14 17:19:44 - [TEST_STEP][PASSED] - Statement - element = availableStoresCheckBoxList[i]: null

2018-06-14 17:19:44 - [TEST_STEP][PASSED] - Statement - If (!(element.isSelected())): null

2018-06-14 17:19:44 - [TEST_STEP][PASSED] - Statement - element = availableStoresCheckBoxList[i]: null

2018-06-14 17:19:44 - [TEST_STEP][PASSED] - Statement - If (!(element.isSelected())): null

2018-06-14 17:19:44 - [TEST_STEP][PASSED] - Statement - element = availableStoresCheckBoxList[i]: null

2018-06-14 17:19:44 - [TEST_STEP][PASSED] - Statement - If (!(element.isSelected())): null

2018-06-14 17:19:44 - [TEST_STEP][PASSED] - Statement - element = availableStoresCheckBoxList[i]: null

2018-06-14 17:19:44 - [TEST_STEP][PASSED] - Statement - If (!(element.isSelected())): null

2018-06-14 17:19:44 - [TEST_STEP][PASSED] - Statement - element = availableStoresCheckBoxList[i]: null

2018-06-14 17:19:44 - [TEST_STEP][PASSED] - Statement - If (!(element.isSelected())): null

2018-06-14 17:19:44 - [TEST_STEP][PASSED] - Statement - element = availableStoresCheckBoxList[i]: null

2018-06-14 17:19:44 - [TEST_STEP][PASSED] - Statement - If (!(element.isSelected())): null

2018-06-14 17:19:44 - [TEST_STEP][PASSED] - Statement - element = availableStoresCheckBoxList[i]: null

2018-06-14 17:19:44 - [TEST_STEP][PASSED] - Statement - If (!(element.isSelected())): null

2018-06-14 17:19:44 - [TEST_STEP][PASSED] - Statement - element = availableStoresCheckBoxList[i]: null

2018-06-14 17:19:44 - [TEST_STEP][PASSED] - Statement - If (!(element.isSelected())): null

2018-06-14 17:19:44 - [TEST_STEP][PASSED] - Statement - element = availableStoresCheckBoxList[i]: null

2018-06-14 17:19:44 - [TEST_STEP][PASSED] - Statement - If (!(element.isSelected())): null

2018-06-14 17:19:44 - [TEST_STEP][PASSED] - Statement - element = availableStoresCheckBoxList[i]: null

2018-06-14 17:19:44 - [TEST_STEP][PASSED] - Statement - If (!(element.isSelected())): null

2018-06-14 17:19:44 - [TEST_STEP][PASSED] - Statement - element = availableStoresCheckBoxList[i]: null

2018-06-14 17:19:44 - [TEST_STEP][PASSED] - Statement - If (!(element.isSelected())): null

2018-06-14 17:19:44 - [TEST_STEP][PASSED] - Statement - element = availableStoresCheckBoxList[i]: null

2018-06-14 17:19:44 - [TEST_STEP][PASSED] - Statement - If (!(element.isSelected())): null

2018-06-14 17:19:44 - [TEST_STEP][PASSED] - Statement - element = availableStoresCheckBoxList[i]: null

2018-06-14 17:19:44 - [TEST_STEP][PASSED] - Statement - If (!(element.isSelected())): null

2018-06-14 17:19:44 - [TEST_STEP][PASSED] - Statement - element = availableStoresCheckBoxList[i]: null

2018-06-14 17:19:44 - [TEST_STEP][PASSED] - Statement - If (!(element.isSelected())): null

2018-06-14 17:19:44 - [TEST_STEP][PASSED] - Statement - element = availableStoresCheckBoxList[i]: null

2018-06-14 17:19:44 - [TEST_STEP][PASSED] - Statement - If (!(element.isSelected())): null

2018-06-14 17:19:44 - [TEST_STEP][PASSED] - Statement - element = availableStoresCheckBoxList[i]: null

2018-06-14 17:19:44 - [TEST_STEP][PASSED] - Statement - If (!(element.isSelected())): null

2018-06-14 17:19:44 - [TEST_STEP][PASSED] - Statement - element = availableStoresCheckBoxList[i]: null

2018-06-14 17:19:44 - [TEST_STEP][PASSED] - Statement - If (!(element.isSelected())): null

2018-06-14 17:19:44 - [TEST_STEP][PASSED] - Statement - element = availableStoresCheckBoxList[i]: null

2018-06-14 17:19:44 - [TEST_STEP][PASSED] - Statement - If (!(element.isSelected())): null

2018-06-14 17:19:44 - [TEST_STEP][PASSED] - Statement - element = availableStoresCheckBoxList[i]: null

2018-06-14 17:19:44 - [TEST_STEP][PASSED] - Statement - If (!(element.isSelected())): null

2018-06-14 17:19:44 - [TEST_STEP][PASSED] - Statement - element = availableStoresCheckBoxList[i]: null

2018-06-14 17:19:44 - [TEST_STEP][PASSED] - Statement - If (!(element.isSelected())): null

2018-06-14 17:19:44 - [TEST_STEP][PASSED] - Statement - element = availableStoresCheckBoxList[i]: null

2018-06-14 17:19:44 - [TEST_STEP][PASSED] - Statement - If (!(element.isSelected())): null

2018-06-14 17:19:44 - [TEST_STEP][PASSED] - Statement - element = availableStoresCheckBoxList[i]: null

2018-06-14 17:19:44 - [TEST_STEP][PASSED] - Statement - If (!(element.isSelected())): null

2018-06-14 17:19:44 - [TEST_STEP][PASSED] - Statement - element = availableStoresCheckBoxList[i]: null

2018-06-14 17:19:44 - [TEST_STEP][PASSED] - Statement - If (!(element.isSelected())): null

2018-06-14 17:19:44 - [TEST_STEP][PASSED] - Statement - element = availableStoresCheckBoxList[i]: null

2018-06-14 17:19:44 - [TEST_STEP][PASSED] - Statement - If (!(element.isSelected())): null

2018-06-14 17:19:44 - [TEST_STEP][PASSED] - Statement - element = availableStoresCheckBoxList[i]: null

2018-06-14 17:19:44 - [TEST_STEP][PASSED] - Statement - If (!(element.isSelected())): null

2018-06-14 17:19:44 - [TEST_STEP][PASSED] - Statement - element = availableStoresCheckBoxList[i]: null

2018-06-14 17:19:44 - [TEST_STEP][PASSED] - Statement - If (!(element.isSelected())): null

2018-06-14 17:19:44 - [TEST_STEP][PASSED] - Statement - element = availableStoresCheckBoxList[i]: null

2018-06-14 17:19:44 - [TEST_STEP][PASSED] - Statement - If (!(element.isSelected())): null

2018-06-14 17:19:44 - [TEST_STEP][PASSED] - Statement - element = availableStoresCheckBoxList[i]: null

2018-06-14 17:19:44 - [TEST_STEP][PASSED] - Statement - If (!(element.isSelected())): null

2018-06-14 17:19:44 - [TEST_STEP][PASSED] - Statement - element = availableStoresCheckBoxList[i]: null

2018-06-14 17:19:44 - [TEST_STEP][PASSED] - Statement - If (!(element.isSelected())): null

2018-06-14 17:19:44 - [TEST_STEP][PASSED] - Statement - element = availableStoresCheckBoxList[i]: null

2018-06-14 17:19:44 - [TEST_STEP][PASSED] - Statement - If (!(element.isSelected())): null

2018-06-14 17:19:44 - [TEST_STEP][PASSED] - Statement - element = availableStoresCheckBoxList[i]: null

2018-06-14 17:19:44 - [TEST_STEP][PASSED] - Statement - If (!(element.isSelected())): null

2018-06-14 17:19:44 - [TEST_STEP][PASSED] - Statement - element = availableStoresCheckBoxList[i]: null

2018-06-14 17:19:44 - [TEST_STEP][PASSED] - Statement - If (!(element.isSelected())): null

2018-06-14 17:19:44 - [TEST_STEP][PASSED] - Statement - element = availableStoresCheckBoxList[i]: null

2018-06-14 17:19:44 - [TEST_STEP][PASSED] - Statement - If (!(element.isSelected())): null

2018-06-14 17:19:44 - [TEST_STEP][PASSED] - Statement - element = availableStoresCheckBoxList[i]: null

2018-06-14 17:19:44 - [TEST_STEP][PASSED] - Statement - If (!(element.isSelected())): null

2018-06-14 17:19:44 - [TEST_STEP][PASSED] - Statement - element = availableStoresCheckBoxList[i]: null

2018-06-14 17:19:44 - [TEST_STEP][PASSED] - Statement - If (!(element.isSelected())): null

2018-06-14 17:19:44 - [TEST_STEP][PASSED] - Statement - element = availableStoresCheckBoxList[i]: null

2018-06-14 17:19:44 - [TEST_STEP][PASSED] - Statement - If (!(element.isSelected())): null

2018-06-14 17:19:44 - [TEST_STEP][PASSED] - Statement - element = availableStoresCheckBoxList[i]: null

2018-06-14 17:19:44 - [TEST_STEP][PASSED] - Statement - If (!(element.isSelected())): null

2018-06-14 17:19:44 - [TEST_STEP][PASSED] - Statement - element = availableStoresCheckBoxList[i]: null

2018-06-14 17:19:44 - [TEST_STEP][PASSED] - Statement - If (!(element.isSelected())): null

2018-06-14 17:19:44 - [TEST_STEP][PASSED] - Statement - element = availableStoresCheckBoxList[i]: null

2018-06-14 17:19:44 - [TEST_STEP][PASSED] - Statement - If (!(element.isSelected())): null

2018-06-14 17:19:44 - [TEST_STEP][PASSED] - Statement - element = availableStoresCheckBoxList[i]: null

2018-06-14 17:19:44 - [TEST_STEP][PASSED] - Statement - If (!(element.isSelected())): null

2018-06-14 17:19:44 - [TEST_STEP][PASSED] - Statement - element = availableStoresCheckBoxList[i]: null

2018-06-14 17:19:44 - [TEST_STEP][PASSED] - Statement - If (!(element.isSelected())): null

2018-06-14 17:19:44 - [TEST_STEP][PASSED] - Statement - element = availableStoresCheckBoxList[i]: null

2018-06-14 17:19:44 - [TEST_STEP][PASSED] - Statement - If (!(element.isSelected())): null

2018-06-14 17:19:44 - [TEST_STEP][PASSED] - Statement - element = availableStoresCheckBoxList[i]: null

2018-06-14 17:19:44 - [TEST_STEP][PASSED] - Statement - If (!(element.isSelected())): null

2018-06-14 17:19:44 - [TEST_STEP][PASSED] - Statement - element = availableStoresCheckBoxList[i]: null

2018-06-14 17:19:44 - [TEST_STEP][PASSED] - Statement - If (!(element.isSelected())): null

2018-06-14 17:19:44 - [TEST_STEP][PASSED] - Statement - element = availableStoresCheckBoxList[i]: null

2018-06-14 17:19:44 - [TEST_STEP][PASSED] - Statement - If (!(element.isSelected())): null

2018-06-14 17:19:44 - [TEST_STEP][PASSED] - Statement - element = availableStoresCheckBoxList[i]: null

2018-06-14 17:19:44 - [TEST_STEP][PASSED] - Statement - If (!(element.isSelected())): null

2018-06-14 17:19:44 - [TEST_STEP][PASSED] - Statement - element = availableStoresCheckBoxList[i]: null

2018-06-14 17:19:44 - [TEST_STEP][PASSED] - Statement - If (!(element.isSelected())): null

2018-06-14 17:19:44 - [TEST_STEP][PASSED] - Statement - element = availableStoresCheckBoxList[i]: null

2018-06-14 17:19:44 - [TEST_STEP][PASSED] - Statement - If (!(element.isSelected())): null

2018-06-14 17:19:44 - [TEST_STEP][PASSED] - Statement - element = availableStoresCheckBoxList[i]: null

2018-06-14 17:19:44 - [TEST_STEP][PASSED] - Statement - If (!(element.isSelected())): null

2018-06-14 17:19:44 - [TEST_STEP][PASSED] - Statement - element = availableStoresCheckBoxList[i]: null

2018-06-14 17:19:44 - [TEST_STEP][PASSED] - Statement - If (!(element.isSelected())): null

2018-06-14 17:19:44 - [TEST_STEP][PASSED] - Statement - element = availableStoresCheckBoxList[i]: null

2018-06-14 17:19:44 - [TEST_STEP][PASSED] - Statement - If (!(element.isSelected())): null

2018-06-14 17:19:44 - [TEST_STEP][PASSED] - Statement - element = availableStoresCheckBoxList[i]: null

2018-06-14 17:19:44 - [TEST_STEP][PASSED] - Statement - If (!(element.isSelected())): null

2018-06-14 17:19:44 - [TEST_STEP][PASSED] - Statement - element = availableStoresCheckBoxList[i]: null

2018-06-14 17:19:44 - [TEST_STEP][PASSED] - Statement - If (!(element.isSelected())): null

2018-06-14 17:19:44 - [TEST_STEP][PASSED] - Statement - element = availableStoresCheckBoxList[i]: null

2018-06-14 17:19:44 - [TEST_STEP][PASSED] - Statement - If (!(element.isSelected())): null

2018-06-14 17:19:44 - [TEST_STEP][PASSED] - Statement - element = availableStoresCheckBoxList[i]: null

2018-06-14 17:19:44 - [TEST_STEP][PASSED] - Statement - If (!(element.isSelected())): null

2018-06-14 17:19:44 - [TEST_STEP][PASSED] - Statement - element = availableStoresCheckBoxList[i]: null

2018-06-14 17:19:44 - [TEST_STEP][PASSED] - Statement - If (!(element.isSelected())): null

2018-06-14 17:19:44 - [TEST_STEP][PASSED] - Statement - element = availableStoresCheckBoxList[i]: null

2018-06-14 17:19:44 - [TEST_STEP][PASSED] - Statement - If (!(element.isSelected())): null

2018-06-14 17:19:44 - [TEST_STEP][PASSED] - Statement - element = availableStoresCheckBoxList[i]: null

2018-06-14 17:19:44 - [TEST_STEP][PASSED] - Statement - If (!(element.isSelected())): null

2018-06-14 17:19:44 - [TEST_STEP][PASSED] - Statement - element = availableStoresCheckBoxList[i]: null

2018-06-14 17:19:44 - [TEST_STEP][PASSED] - Statement - If (!(element.isSelected())): null

2018-06-14 17:19:44 - [TEST_STEP][PASSED] - Statement - element = availableStoresCheckBoxList[i]: null

2018-06-14 17:19:44 - [TEST_STEP][PASSED] - Statement - If (!(element.isSelected())): null

2018-06-14 17:19:44 - [TEST_STEP][PASSED] - Statement - element = availableStoresCheckBoxList[i]: null

2018-06-14 17:19:44 - [TEST_STEP][PASSED] - Statement - If (!(element.isSelected())): null

2018-06-14 17:19:44 - [TEST_STEP][PASSED] - Statement - element = availableStoresCheckBoxList[i]: null

2018-06-14 17:19:44 - [TEST_STEP][PASSED] - Statement - If (!(element.isSelected())): null

2018-06-14 17:19:44 - [TEST_STEP][PASSED] - Statement - element = availableStoresCheckBoxList[i]: null

2018-06-14 17:19:44 - [TEST_STEP][PASSED] - Statement - If (!(element.isSelected())): null

2018-06-14 17:19:44 - [TEST_STEP][PASSED] - Statement - element = availableStoresCheckBoxList[i]: null

2018-06-14 17:19:44 - [TEST_STEP][PASSED] - Statement - If (!(element.isSelected())): null

2018-06-14 17:19:44 - [TEST_STEP][PASSED] - Statement - element = availableStoresCheckBoxList[i]: null

2018-06-14 17:19:44 - [TEST_STEP][PASSED] - Statement - If (!(element.isSelected())): null

2018-06-14 17:19:44 - [TEST_STEP][PASSED] - Statement - element = availableStoresCheckBoxList[i]: null

2018-06-14 17:19:44 - [TEST_STEP][PASSED] - Statement - If (!(element.isSelected())): null

2018-06-14 17:19:44 - [TEST_STEP][PASSED] - Statement - element = availableStoresCheckBoxList[i]: null

2018-06-14 17:19:44 - [TEST_STEP][PASSED] - Statement - If (!(element.isSelected())): null

2018-06-14 17:19:44 - [TEST_STEP][PASSED] - Statement - element = availableStoresCheckBoxList[i]: null

2018-06-14 17:19:44 - [TEST_STEP][PASSED] - Statement - If (!(element.isSelected())): null

2018-06-14 17:19:44 - [TEST_STEP][PASSED] - Statement - element = availableStoresCheckBoxList[i]: null

2018-06-14 17:19:44 - [TEST_STEP][PASSED] - Statement - If (!(element.isSelected())): null

2018-06-14 17:19:44 - [TEST_STEP][PASSED] - Statement - element = availableStoresCheckBoxList[i]: null

2018-06-14 17:19:44 - [TEST_STEP][PASSED] - Statement - If (!(element.isSelected())): null

2018-06-14 17:19:44 - [TEST_STEP][PASSED] - Statement - element = availableStoresCheckBoxList[i]: null

2018-06-14 17:19:44 - [TEST_STEP][PASSED] - Statement - If (!(element.isSelected())): null

2018-06-14 17:19:45 - [TEST_STEP][PASSED] - Statement - element = availableStoresCheckBoxList[i]: null

2018-06-14 17:19:45 - [TEST_STEP][PASSED] - Statement - If (!(element.isSelected())): null

2018-06-14 17:19:45 - [TEST_STEP][PASSED] - Statement - element = availableStoresCheckBoxList[i]: null

2018-06-14 17:19:45 - [TEST_STEP][PASSED] - Statement - If (!(element.isSelected())): null

2018-06-14 17:19:45 - [TEST_STEP][PASSED] - Statement - element = availableStoresCheckBoxList[i]: null

2018-06-14 17:19:45 - [TEST_STEP][PASSED] - Statement - If (!(element.isSelected())): null

2018-06-14 17:19:45 - [TEST_STEP][PASSED] - Statement - element = availableStoresCheckBoxList[i]: null

2018-06-14 17:19:45 - [TEST_STEP][PASSED] - Statement - If (!(element.isSelected())): null

2018-06-14 17:19:45 - [TEST_STEP][PASSED] - Statement - element = availableStoresCheckBoxList[i]: null

2018-06-14 17:19:45 - [TEST_STEP][PASSED] - Statement - If (!(element.isSelected())): null

2018-06-14 17:19:45 - [TEST_STEP][PASSED] - Statement - element = availableStoresCheckBoxList[i]: null

2018-06-14 17:19:45 - [TEST_STEP][PASSED] - Statement - If (!(element.isSelected())): null

2018-06-14 17:19:45 - [TEST_STEP][PASSED] - Statement - element = availableStoresCheckBoxList[i]: null

2018-06-14 17:19:45 - [TEST_STEP][PASSED] - Statement - If (!(element.isSelected())): null

2018-06-14 17:19:45 - [TEST_STEP][PASSED] - Statement - element = availableStoresCheckBoxList[i]: null

2018-06-14 17:19:45 - [TEST_STEP][PASSED] - Statement - If (!(element.isSelected())): null

2018-06-14 17:19:45 - [TEST_STEP][PASSED] - Statement - element = availableStoresCheckBoxList[i]: null

2018-06-14 17:19:45 - [TEST_STEP][PASSED] - Statement - If (!(element.isSelected())): null

2018-06-14 17:19:45 - [TEST_STEP][PASSED] - Statement - element = availableStoresCheckBoxList[i]: null

2018-06-14 17:19:45 - [TEST_STEP][PASSED] - Statement - If (!(element.isSelected())): null

2018-06-14 17:19:45 - [TEST_STEP][PASSED] - Statement - element = availableStoresCheckBoxList[i]: null

2018-06-14 17:19:45 - [TEST_STEP][PASSED] - Statement - If (!(element.isSelected())): null

2018-06-14 17:19:45 - [TEST_STEP][PASSED] - Statement - element = availableStoresCheckBoxList[i]: null

2018-06-14 17:19:45 - [TEST_STEP][PASSED] - Statement - If (!(element.isSelected())): null

2018-06-14 17:19:45 - [TEST_STEP][PASSED] - Statement - element = availableStoresCheckBoxList[i]: null

2018-06-14 17:19:45 - [TEST_STEP][PASSED] - Statement - If (!(element.isSelected())): null

2018-06-14 17:19:45 - [TEST_STEP][PASSED] - Statement - element = availableStoresCheckBoxList[i]: null

2018-06-14 17:19:45 - [TEST_STEP][PASSED] - Statement - If (!(element.isSelected())): null

2018-06-14 17:19:45 - [TEST_STEP][PASSED] - Statement - element = availableStoresCheckBoxList[i]: null

2018-06-14 17:19:45 - [TEST_STEP][PASSED] - Statement - If (!(element.isSelected())): null

2018-06-14 17:19:45 - [TEST_STEP][PASSED] - Statement - element = availableStoresCheckBoxList[i]: null

2018-06-14 17:19:45 - [TEST_STEP][PASSED] - Statement - If (!(element.isSelected())): null

2018-06-14 17:19:45 - [TEST_STEP][PASSED] - Statement - element = availableStoresCheckBoxList[i]: null

2018-06-14 17:19:45 - [TEST_STEP][PASSED] - Statement - If (!(element.isSelected())): null

2018-06-14 17:19:45 - [TEST_STEP][PASSED] - Statement - element = availableStoresCheckBoxList[i]: null

2018-06-14 17:19:45 - [TEST_STEP][PASSED] - Statement - If (!(element.isSelected())): null

2018-06-14 17:19:45 - [TEST_STEP][PASSED] - Statement - element = availableStoresCheckBoxList[i]: null

2018-06-14 17:19:45 - [TEST_STEP][PASSED] - Statement - If (!(element.isSelected())): null

2018-06-14 17:19:45 - [TEST_STEP][PASSED] - Statement - element = availableStoresCheckBoxList[i]: null

2018-06-14 17:19:45 - [TEST_STEP][PASSED] - Statement - If (!(element.isSelected())): null

2018-06-14 17:19:45 - [TEST_STEP][PASSED] - Statement - element = availableStoresCheckBoxList[i]: null

2018-06-14 17:19:45 - [TEST_STEP][PASSED] - Statement - If (!(element.isSelected())): null

2018-06-14 17:19:45 - [TEST_STEP][PASSED] - Statement - element = availableStoresCheckBoxList[i]: null

2018-06-14 17:19:45 - [TEST_STEP][PASSED] - Statement - If (!(element.isSelected())): null

2018-06-14 17:19:45 - [TEST_STEP][PASSED] - Statement - element = availableStoresCheckBoxList[i]: null

2018-06-14 17:19:45 - [TEST_STEP][PASSED] - Statement - If (!(element.isSelected())): null

2018-06-14 17:19:45 - [TEST_STEP][PASSED] - Statement - element = availableStoresCheckBoxList[i]: null

2018-06-14 17:19:45 - [TEST_STEP][PASSED] - Statement - If (!(element.isSelected())): null

2018-06-14 17:19:45 - [TEST_STEP][PASSED] - Statement - element = availableStoresCheckBoxList[i]: null

2018-06-14 17:19:45 - [TEST_STEP][PASSED] - Statement - If (!(element.isSelected())): null

2018-06-14 17:19:45 - [TEST_STEP][PASSED] - Statement - element = availableStoresCheckBoxList[i]: null

2018-06-14 17:19:45 - [TEST_STEP][PASSED] - Statement - If (!(element.isSelected())): null

2018-06-14 17:19:45 - [TEST_STEP][PASSED] - Statement - element = availableStoresCheckBoxList[i]: null

2018-06-14 17:19:45 - [TEST_STEP][PASSED] - Statement - If (!(element.isSelected())): null

2018-06-14 17:19:45 - [TEST_STEP][PASSED] - Statement - element = availableStoresCheckBoxList[i]: null

2018-06-14 17:19:45 - [TEST_STEP][PASSED] - Statement - If (!(element.isSelected())): null

2018-06-14 17:19:45 - [TEST_STEP][PASSED] - Statement - element = availableStoresCheckBoxList[i]: null

2018-06-14 17:19:45 - [TEST_STEP][PASSED] - Statement - If (!(element.isSelected())): null

2018-06-14 17:19:45 - [TEST_STEP][PASSED] - Statement - element = availableStoresCheckBoxList[i]: null

2018-06-14 17:19:45 - [TEST_STEP][PASSED] - Statement - If (!(element.isSelected())): null

2018-06-14 17:19:45 - [TEST_STEP][PASSED] - Statement - element = availableStoresCheckBoxList[i]: null

2018-06-14 17:19:45 - [TEST_STEP][PASSED] - Statement - If (!(element.isSelected())): null

2018-06-14 17:19:45 - [TEST_STEP][PASSED] - Statement - element = availableStoresCheckBoxList[i]: null

2018-06-14 17:19:45 - [TEST_STEP][PASSED] - Statement - If (!(element.isSelected())): null

2018-06-14 17:19:45 - [TEST_STEP][PASSED] - Statement - element = availableStoresCheckBoxList[i]: null

2018-06-14 17:19:45 - [TEST_STEP][PASSED] - Statement - If (!(element.isSelected())): null

2018-06-14 17:19:45 - [TEST_STEP][PASSED] - Statement - element = availableStoresCheckBoxList[i]: null

2018-06-14 17:19:45 - [TEST_STEP][PASSED] - Statement - If (!(element.isSelected())): null

2018-06-14 17:19:45 - [TEST_STEP][PASSED] - Statement - element = availableStoresCheckBoxList[i]: null

2018-06-14 17:19:45 - [TEST_STEP][PASSED] - Statement - If (!(element.isSelected())): null

2018-06-14 17:19:45 - [TEST_STEP][PASSED] - Statement - element = availableStoresCheckBoxList[i]: null

2018-06-14 17:19:45 - [TEST_STEP][PASSED] - Statement - If (!(element.isSelected())): null

2018-06-14 17:19:45 - [TEST_STEP][PASSED] - Statement - element = availableStoresCheckBoxList[i]: null

2018-06-14 17:19:45 - [TEST_STEP][PASSED] - Statement - If (!(element.isSelected())): null

2018-06-14 17:19:45 - [TEST_STEP][PASSED] - Statement - element = availableStoresCheckBoxList[i]: null

2018-06-14 17:19:45 - [TEST_STEP][PASSED] - Statement - If (!(element.isSelected())): null

2018-06-14 17:19:45 - [TEST_STEP][PASSED] - Statement - element = availableStoresCheckBoxList[i]: null

2018-06-14 17:19:45 - [TEST_STEP][PASSED] - Statement - If (!(element.isSelected())): null

2018-06-14 17:19:45 - [TEST_STEP][PASSED] - Statement - element = availableStoresCheckBoxList[i]: null

2018-06-14 17:19:45 - [TEST_STEP][PASSED] - Statement - If (!(element.isSelected())): null

2018-06-14 17:19:45 - [TEST_STEP][PASSED] - Statement - element = availableStoresCheckBoxList[i]: null

2018-06-14 17:19:45 - [TEST_STEP][PASSED] - Statement - If (!(element.isSelected())): null

2018-06-14 17:19:45 - [TEST_STEP][PASSED] - Statement - element = availableStoresCheckBoxList[i]: null

2018-06-14 17:19:45 - [TEST_STEP][PASSED] - Statement - If (!(element.isSelected())): null

2018-06-14 17:19:45 - [TEST_STEP][PASSED] - Statement - element = availableStoresCheckBoxList[i]: null

2018-06-14 17:19:45 - [TEST_STEP][PASSED] - Statement - If (!(element.isSelected())): null

2018-06-14 17:19:45 - [TEST_STEP][PASSED] - Statement - element = availableStoresCheckBoxList[i]: null

2018-06-14 17:19:45 - [TEST_STEP][PASSED] - Statement - If (!(element.isSelected())): null

2018-06-14 17:19:45 - [TEST_STEP][PASSED] - Statement - element = availableStoresCheckBoxList[i]: null

2018-06-14 17:19:45 - [TEST_STEP][PASSED] - Statement - If (!(element.isSelected())): null

2018-06-14 17:19:45 - [TEST_STEP][PASSED] - Statement - element = availableStoresCheckBoxList[i]: null

2018-06-14 17:19:45 - [TEST_STEP][PASSED] - Statement - If (!(element.isSelected())): null

2018-06-14 17:19:45 - [TEST_STEP][PASSED] - Statement - element = availableStoresCheckBoxList[i]: null

2018-06-14 17:19:45 - [TEST_STEP][PASSED] - Statement - If (!(element.isSelected())): null

2018-06-14 17:19:45 - [TEST_STEP][PASSED] - Statement - element = availableStoresCheckBoxList[i]: null

2018-06-14 17:19:45 - [TEST_STEP][PASSED] - Statement - If (!(element.isSelected())): null

2018-06-14 17:19:45 - [TEST_STEP][PASSED] - Statement - element = availableStoresCheckBoxList[i]: null

2018-06-14 17:19:45 - [TEST_STEP][PASSED] - Statement - If (!(element.isSelected())): null

2018-06-14 17:19:45 - [TEST_STEP][PASSED] - Statement - element = availableStoresCheckBoxList[i]: null

2018-06-14 17:19:45 - [TEST_STEP][PASSED] - Statement - If (!(element.isSelected())): null

2018-06-14 17:19:45 - [TEST_STEP][PASSED] - Statement - element = availableStoresCheckBoxList[i]: null

2018-06-14 17:19:45 - [TEST_STEP][PASSED] - Statement - If (!(element.isSelected())): null

2018-06-14 17:19:45 - [TEST_STEP][PASSED] - Statement - element = availableStoresCheckBoxList[i]: null

2018-06-14 17:19:45 - [TEST_STEP][PASSED] - Statement - If (!(element.isSelected())): null

2018-06-14 17:19:45 - [TEST_STEP][PASSED] - Statement - element = availableStoresCheckBoxList[i]: null

2018-06-14 17:19:45 - [TEST_STEP][PASSED] - Statement - If (!(element.isSelected())): null

2018-06-14 17:19:45 - [TEST_STEP][PASSED] - Statement - element = availableStoresCheckBoxList[i]: null

2018-06-14 17:19:45 - [TEST_STEP][PASSED] - Statement - If (!(element.isSelected())): null

2018-06-14 17:19:45 - [TEST_STEP][PASSED] - Statement - element = availableStoresCheckBoxList[i]: null

2018-06-14 17:19:45 - [TEST_STEP][PASSED] - Statement - If (!(element.isSelected())): null

2018-06-14 17:19:45 - [TEST_STEP][PASSED] - Statement - element = availableStoresCheckBoxList[i]: null

2018-06-14 17:19:45 - [TEST_STEP][PASSED] - Statement - If (!(element.isSelected())): null

2018-06-14 17:19:45 - [TEST_STEP][PASSED] - Statement - element = availableStoresCheckBoxList[i]: null

2018-06-14 17:19:45 - [TEST_STEP][PASSED] - Statement - If (!(element.isSelected())): null

2018-06-14 17:19:45 - [TEST_STEP][PASSED] - Statement - element = availableStoresCheckBoxList[i]: null

2018-06-14 17:19:45 - [TEST_STEP][PASSED] - Statement - If (!(element.isSelected())): null

2018-06-14 17:19:45 - [TEST_STEP][PASSED] - Statement - element = availableStoresCheckBoxList[i]: null

2018-06-14 17:19:45 - [TEST_STEP][PASSED] - Statement - If (!(element.isSelected())): null

2018-06-14 17:19:45 - [TEST_STEP][PASSED] - Statement - element = availableStoresCheckBoxList[i]: null

2018-06-14 17:19:45 - [TEST_STEP][PASSED] - Statement - If (!(element.isSelected())): null

2018-06-14 17:19:45 - [TEST_STEP][PASSED] - Statement - element = availableStoresCheckBoxList[i]: null

2018-06-14 17:19:45 - [TEST_STEP][PASSED] - Statement - If (!(element.isSelected())): null

2018-06-14 17:19:45 - [TEST_STEP][PASSED] - Statement - element = availableStoresCheckBoxList[i]: null

2018-06-14 17:19:45 - [TEST_STEP][PASSED] - Statement - If (!(element.isSelected())): null

2018-06-14 17:19:45 - [TEST_STEP][PASSED] - Statement - element = availableStoresCheckBoxList[i]: null

2018-06-14 17:19:45 - [TEST_STEP][PASSED] - Statement - If (!(element.isSelected())): null

2018-06-14 17:19:45 - [TEST_STEP][PASSED] - Statement - element = availableStoresCheckBoxList[i]: null

2018-06-14 17:19:45 - [TEST_STEP][PASSED] - Statement - If (!(element.isSelected())): null

2018-06-14 17:19:45 - [TEST_STEP][PASSED] - Statement - element = availableStoresCheckBoxList[i]: null

2018-06-14 17:19:45 - [TEST_STEP][PASSED] - Statement - If (!(element.isSelected())): null

2018-06-14 17:19:45 - [TEST_STEP][PASSED] - Statement - element = availableStoresCheckBoxList[i]: null

2018-06-14 17:19:45 - [TEST_STEP][PASSED] - Statement - If (!(element.isSelected())): null

2018-06-14 17:19:45 - [TEST_STEP][PASSED] - Statement - element = availableStoresCheckBoxList[i]: null

2018-06-14 17:19:45 - [TEST_STEP][PASSED] - Statement - If (!(element.isSelected())): null

2018-06-14 17:19:45 - [TEST_STEP][PASSED] - Statement - element = availableStoresCheckBoxList[i]: null

2018-06-14 17:19:45 - [TEST_STEP][PASSED] - Statement - If (!(element.isSelected())): null

2018-06-14 17:19:45 - [TEST_STEP][PASSED] - Statement - element = availableStoresCheckBoxList[i]: null

2018-06-14 17:19:45 - [TEST_STEP][PASSED] - Statement - If (!(element.isSelected())): null

2018-06-14 17:19:45 - [TEST_STEP][PASSED] - Statement - element = availableStoresCheckBoxList[i]: null

2018-06-14 17:19:45 - [TEST_STEP][PASSED] - Statement - If (!(element.isSelected())): null

2018-06-14 17:19:45 - [TEST_STEP][PASSED] - Statement - element = availableStoresCheckBoxList[i]: null

2018-06-14 17:19:45 - [TEST_STEP][PASSED] - Statement - If (!(element.isSelected())): null

2018-06-14 17:19:45 - [TEST_STEP][PASSED] - Statement - element = availableStoresCheckBoxList[i]: null

2018-06-14 17:19:45 - [TEST_STEP][PASSED] - Statement - If (!(element.isSelected())): null

2018-06-14 17:19:45 - [TEST_STEP][PASSED] - Statement - element = availableStoresCheckBoxList[i]: null

2018-06-14 17:19:45 - [TEST_STEP][PASSED] - Statement - If (!(element.isSelected())): null

2018-06-14 17:19:45 - [TEST_STEP][PASSED] - Statement - element = availableStoresCheckBoxList[i]: null

2018-06-14 17:19:45 - [TEST_STEP][PASSED] - Statement - If (!(element.isSelected())): null

2018-06-14 17:19:45 - [TEST_STEP][PASSED] - Statement - element = availableStoresCheckBoxList[i]: null

2018-06-14 17:19:45 - [TEST_STEP][PASSED] - Statement - If (!(element.isSelected())): null

2018-06-14 17:19:45 - [TEST_STEP][PASSED] - Statement - If (flag): null

2018-06-14 17:19:45 - [TEST_STEP][PASSED] - Statement - out.println("All Available Store checkboxes are checked"): null

2018-06-14 17:19:45 - [TEST_STEP][PASSED] - delay: Delayed 5 second(s)

2018-06-14 17:19:50 - [MESSAGE][PASSED] - Delayed 5 second(s)

2018-06-14 17:19:50 - [TEST_STEP][PASSED] - Statement - StoresCBList = driver.findElements(org.openqa.selenium.By.xpath(com.kms.katalon.core.testdata.TestDataFactory.findTestData(OR_file).getValue(2, 12))): Reading excel file with source file 'C:\Users\shalinin\Katalon Studio\HME_Scripts\Data Files\HME_OR.xlsx' and sheet name 'Sheet1'

2018-06-14 17:19:50 - [TEST_STEP][PASSED] - Statement - For (org.openqa.selenium.WebElement checkbox : StoresCBList): null

2018-06-14 17:19:50 - [TEST_STEP][PASSED] - Statement - If (checkbox.isSelected()): null

2018-06-14 17:19:50 - [TEST_STEP][PASSED] - Statement - checkbox.click(): null

2018-06-14 17:19:50 - [TEST_STEP][PASSED] - Statement - If (checkbox.isSelected()): null

2018-06-14 17:19:50 - [TEST_STEP][PASSED] - Statement - checkbox.click(): null

2018-06-14 17:19:51 - [TEST_STEP][PASSED] - Statement - If (checkbox.isSelected()): null

2018-06-14 17:19:51 - [TEST_STEP][PASSED] - Statement - checkbox.click(): null

2018-06-14 17:19:51 - [TEST_STEP][PASSED] - Statement - If (checkbox.isSelected()): null

2018-06-14 17:19:51 - [TEST_STEP][PASSED] - Statement - checkbox.click(): null

2018-06-14 17:19:51 - [TEST_STEP][PASSED] - Statement - If (checkbox.isSelected()): null

2018-06-14 17:19:51 - [TEST_STEP][PASSED] - Statement - checkbox.click(): null

2018-06-14 17:19:51 - [TEST_STEP][PASSED] - Statement - If (checkbox.isSelected()): null

2018-06-14 17:19:51 - [TEST_STEP][PASSED] - Statement - checkbox.click(): null

2018-06-14 17:19:51 - [TEST_STEP][PASSED] - Statement - If (checkbox.isSelected()): null

2018-06-14 17:19:51 - [TEST_STEP][PASSED] - Statement - checkbox.click(): null

2018-06-14 17:19:51 - [TEST_STEP][PASSED] - Statement - If (checkbox.isSelected()): null

2018-06-14 17:19:51 - [TEST_STEP][PASSED] - Statement - checkbox.click(): null

2018-06-14 17:19:51 - [TEST_STEP][PASSED] - Statement - If (checkbox.isSelected()): null

2018-06-14 17:19:51 - [TEST_STEP][PASSED] - Statement - checkbox.click(): null

2018-06-14 17:19:51 - [TEST_STEP][PASSED] - Statement - If (checkbox.isSelected()): null

2018-06-14 17:19:51 - [TEST_STEP][PASSED] - Statement - checkbox.click(): null

2018-06-14 17:19:51 - [TEST_STEP][PASSED] - Statement - If (checkbox.isSelected()): null

2018-06-14 17:19:51 - [TEST_STEP][PASSED] - Statement - checkbox.click(): null

2018-06-14 17:19:51 - [TEST_STEP][PASSED] - Statement - If (checkbox.isSelected()): null

2018-06-14 17:19:51 - [TEST_STEP][PASSED] - Statement - checkbox.click(): null

2018-06-14 17:19:51 - [TEST_STEP][PASSED] - Statement - If (checkbox.isSelected()): null

2018-06-14 17:19:51 - [TEST_STEP][PASSED] - Statement - checkbox.click(): null

2018-06-14 17:19:51 - [TEST_STEP][PASSED] - Statement - If (checkbox.isSelected()): null

2018-06-14 17:19:51 - [TEST_STEP][PASSED] - Statement - checkbox.click(): null

2018-06-14 17:19:51 - [TEST_STEP][PASSED] - Statement - If (checkbox.isSelected()): null

2018-06-14 17:19:51 - [TEST_STEP][PASSED] - Statement - checkbox.click(): null

2018-06-14 17:19:51 - [TEST_STEP][PASSED] - Statement - If (checkbox.isSelected()): null

2018-06-14 17:19:51 - [TEST_STEP][PASSED] - Statement - checkbox.click(): null

2018-06-14 17:19:51 - [TEST_STEP][PASSED] - Statement - If (checkbox.isSelected()): null

2018-06-14 17:19:51 - [TEST_STEP][PASSED] - Statement - checkbox.click(): null

2018-06-14 17:19:51 - [TEST_STEP][PASSED] - Statement - If (checkbox.isSelected()): null

2018-06-14 17:19:51 - [TEST_STEP][PASSED] - Statement - checkbox.click(): null

2018-06-14 17:19:51 - [TEST_STEP][PASSED] - Statement - If (checkbox.isSelected()): null

2018-06-14 17:19:51 - [TEST_STEP][PASSED] - Statement - checkbox.click(): null

2018-06-14 17:19:52 - [TEST_STEP][PASSED] - Statement - If (checkbox.isSelected()): null

2018-06-14 17:19:52 - [TEST_STEP][PASSED] - Statement - checkbox.click(): null

2018-06-14 17:19:52 - [TEST_STEP][PASSED] - Statement - If (checkbox.isSelected()): null

2018-06-14 17:19:52 - [TEST_STEP][PASSED] - Statement - checkbox.click(): null

2018-06-14 17:19:52 - [TEST_STEP][PASSED] - Statement - If (checkbox.isSelected()): null

2018-06-14 17:19:52 - [TEST_STEP][PASSED] - Statement - checkbox.click(): null

2018-06-14 17:19:52 - [TEST_STEP][PASSED] - Statement - If (checkbox.isSelected()): null

2018-06-14 17:19:52 - [TEST_STEP][PASSED] - Statement - checkbox.click(): null

2018-06-14 17:19:52 - [TEST_STEP][PASSED] - Statement - If (checkbox.isSelected()): null

2018-06-14 17:19:52 - [TEST_STEP][PASSED] - Statement - checkbox.click(): null

2018-06-14 17:19:52 - [TEST_STEP][PASSED] - Statement - If (checkbox.isSelected()): null

2018-06-14 17:19:52 - [TEST_STEP][PASSED] - Statement - checkbox.click(): null

2018-06-14 17:19:52 - [TEST_STEP][PASSED] - Statement - If (checkbox.isSelected()): null

2018-06-14 17:19:52 - [TEST_STEP][PASSED] - Statement - checkbox.click(): null

2018-06-14 17:19:52 - [TEST_STEP][PASSED] - Statement - If (checkbox.isSelected()): null

2018-06-14 17:19:52 - [TEST_STEP][PASSED] - Statement - checkbox.click(): null

2018-06-14 17:19:52 - [TEST_STEP][PASSED] - Statement - If (checkbox.isSelected()): null

2018-06-14 17:19:52 - [TEST_STEP][PASSED] - Statement - checkbox.click(): null

2018-06-14 17:19:52 - [TEST_STEP][PASSED] - Statement - If (checkbox.isSelected()): null

2018-06-14 17:19:52 - [TEST_STEP][PASSED] - Statement - checkbox.click(): null

2018-06-14 17:19:52 - [TEST_STEP][PASSED] - Statement - If (checkbox.isSelected()): null

2018-06-14 17:19:52 - [TEST_STEP][PASSED] - Statement - checkbox.click(): null

2018-06-14 17:19:52 - [TEST_STEP][PASSED] - Statement - If (checkbox.isSelected()): null

2018-06-14 17:19:52 - [TEST_STEP][PASSED] - Statement - checkbox.click(): null

2018-06-14 17:19:52 - [TEST_STEP][PASSED] - Statement - If (checkbox.isSelected()): null

2018-06-14 17:19:52 - [TEST_STEP][PASSED] - Statement - checkbox.click(): null

2018-06-14 17:19:52 - [TEST_STEP][PASSED] - Statement - If (checkbox.isSelected()): null

2018-06-14 17:19:52 - [TEST_STEP][PASSED] - Statement - checkbox.click(): null

2018-06-14 17:19:52 - [TEST_STEP][PASSED] - Statement - If (checkbox.isSelected()): null

2018-06-14 17:19:52 - [TEST_STEP][PASSED] - Statement - checkbox.click(): null

2018-06-14 17:19:52 - [TEST_STEP][PASSED] - Statement - If (checkbox.isSelected()): null

2018-06-14 17:19:52 - [TEST_STEP][PASSED] - Statement - checkbox.click(): null

2018-06-14 17:19:52 - [TEST_STEP][PASSED] - Statement - If (checkbox.isSelected()): null

2018-06-14 17:19:52 - [TEST_STEP][PASSED] - Statement - checkbox.click(): null

2018-06-14 17:19:52 - [TEST_STEP][PASSED] - Statement - If (checkbox.isSelected()): null

2018-06-14 17:19:52 - [TEST_STEP][PASSED] - Statement - checkbox.click(): null

2018-06-14 17:19:52 - [TEST_STEP][PASSED] - Statement - If (checkbox.isSelected()): null

2018-06-14 17:19:52 - [TEST_STEP][PASSED] - Statement - checkbox.click(): null

2018-06-14 17:19:53 - [TEST_STEP][PASSED] - Statement - If (checkbox.isSelected()): null

2018-06-14 17:19:53 - [TEST_STEP][PASSED] - Statement - checkbox.click(): null

2018-06-14 17:19:53 - [TEST_STEP][PASSED] - Statement - If (checkbox.isSelected()): null

2018-06-14 17:19:53 - [TEST_STEP][PASSED] - Statement - checkbox.click(): null

2018-06-14 17:19:53 - [TEST_STEP][PASSED] - Statement - If (checkbox.isSelected()): null

2018-06-14 17:19:53 - [TEST_STEP][PASSED] - Statement - checkbox.click(): null

2018-06-14 17:19:53 - [TEST_STEP][PASSED] - Statement - If (checkbox.isSelected()): null

2018-06-14 17:19:53 - [TEST_STEP][PASSED] - Statement - checkbox.click(): null

2018-06-14 17:19:53 - [TEST_STEP][PASSED] - Statement - If (checkbox.isSelected()): null

2018-06-14 17:19:53 - [TEST_STEP][PASSED] - Statement - checkbox.click(): null

2018-06-14 17:19:53 - [TEST_STEP][PASSED] - Statement - If (checkbox.isSelected()): null

2018-06-14 17:19:53 - [TEST_STEP][PASSED] - Statement - checkbox.click(): null

2018-06-14 17:19:53 - [TEST_STEP][PASSED] - Statement - If (checkbox.isSelected()): null

2018-06-14 17:19:53 - [TEST_STEP][PASSED] - Statement - checkbox.click(): null

2018-06-14 17:19:53 - [TEST_STEP][PASSED] - Statement - If (checkbox.isSelected()): null

2018-06-14 17:19:53 - [TEST_STEP][PASSED] - Statement - checkbox.click(): null

2018-06-14 17:19:53 - [TEST_STEP][PASSED] - Statement - If (checkbox.isSelected()): null

2018-06-14 17:19:53 - [TEST_STEP][PASSED] - Statement - checkbox.click(): null

2018-06-14 17:19:53 - [TEST_STEP][PASSED] - Statement - If (checkbox.isSelected()): null

2018-06-14 17:19:53 - [TEST_STEP][PASSED] - Statement - checkbox.click(): null

2018-06-14 17:19:53 - [TEST_STEP][PASSED] - Statement - If (checkbox.isSelected()): null

2018-06-14 17:19:53 - [TEST_STEP][PASSED] - Statement - checkbox.click(): null

2018-06-14 17:19:53 - [TEST_STEP][PASSED] - Statement - If (checkbox.isSelected()): null

2018-06-14 17:19:53 - [TEST_STEP][PASSED] - Statement - checkbox.click(): null

2018-06-14 17:19:53 - [TEST_STEP][PASSED] - Statement - If (checkbox.isSelected()): null

2018-06-14 17:19:53 - [TEST_STEP][PASSED] - Statement - checkbox.click(): null

2018-06-14 17:19:53 - [TEST_STEP][PASSED] - Statement - If (checkbox.isSelected()): null

2018-06-14 17:19:53 - [TEST_STEP][PASSED] - Statement - checkbox.click(): null

2018-06-14 17:19:53 - [TEST_STEP][PASSED] - Statement - If (checkbox.isSelected()): null

2018-06-14 17:19:53 - [TEST_STEP][PASSED] - Statement - checkbox.click(): null

2018-06-14 17:19:53 - [TEST_STEP][PASSED] - Statement - If (checkbox.isSelected()): null

2018-06-14 17:19:53 - [TEST_STEP][PASSED] - Statement - checkbox.click(): null

2018-06-14 17:19:53 - [TEST_STEP][PASSED] - Statement - If (checkbox.isSelected()): null

2018-06-14 17:19:53 - [TEST_STEP][PASSED] - Statement - checkbox.click(): null

2018-06-14 17:19:53 - [TEST_STEP][PASSED] - Statement - If (checkbox.isSelected()): null

2018-06-14 17:19:53 - [TEST_STEP][PASSED] - Statement - checkbox.click(): null

2018-06-14 17:19:53 - [TEST_STEP][PASSED] - Statement - If (checkbox.isSelected()): null

2018-06-14 17:19:53 - [TEST_STEP][PASSED] - Statement - checkbox.click(): null

2018-06-14 17:19:54 - [TEST_STEP][PASSED] - Statement - If (checkbox.isSelected()): null

2018-06-14 17:19:54 - [TEST_STEP][PASSED] - Statement - checkbox.click(): null

2018-06-14 17:19:54 - [TEST_STEP][PASSED] - Statement - If (checkbox.isSelected()): null

2018-06-14 17:19:54 - [TEST_STEP][PASSED] - Statement - checkbox.click(): null

2018-06-14 17:19:54 - [TEST_STEP][PASSED] - Statement - If (checkbox.isSelected()): null

2018-06-14 17:19:54 - [TEST_STEP][PASSED] - Statement - checkbox.click(): null

2018-06-14 17:19:54 - [TEST_STEP][PASSED] - Statement - If (checkbox.isSelected()): null

2018-06-14 17:19:54 - [TEST_STEP][PASSED] - Statement - checkbox.click(): null

2018-06-14 17:19:54 - [TEST_STEP][PASSED] - Statement - If (checkbox.isSelected()): null

2018-06-14 17:19:54 - [TEST_STEP][PASSED] - Statement - checkbox.click(): null

2018-06-14 17:19:54 - [TEST_STEP][PASSED] - Statement - If (checkbox.isSelected()): null

2018-06-14 17:19:54 - [TEST_STEP][PASSED] - Statement - checkbox.click(): null

2018-06-14 17:19:54 - [TEST_STEP][PASSED] - Statement - If (checkbox.isSelected()): null

2018-06-14 17:19:54 - [TEST_STEP][PASSED] - Statement - checkbox.click(): null

2018-06-14 17:19:54 - [TEST_STEP][PASSED] - Statement - If (checkbox.isSelected()): null

2018-06-14 17:19:54 - [TEST_STEP][PASSED] - Statement - checkbox.click(): null

2018-06-14 17:19:54 - [TEST_STEP][PASSED] - Statement - If (checkbox.isSelected()): null

2018-06-14 17:19:54 - [TEST_STEP][PASSED] - Statement - checkbox.click(): null

2018-06-14 17:19:54 - [TEST_STEP][PASSED] - Statement - If (checkbox.isSelected()): null

2018-06-14 17:19:54 - [TEST_STEP][PASSED] - Statement - checkbox.click(): null

2018-06-14 17:19:54 - [TEST_STEP][PASSED] - Statement - If (checkbox.isSelected()): null

2018-06-14 17:19:54 - [TEST_STEP][PASSED] - Statement - checkbox.click(): null

2018-06-14 17:19:54 - [TEST_STEP][PASSED] - Statement - If (checkbox.isSelected()): null

2018-06-14 17:19:54 - [TEST_STEP][PASSED] - Statement - checkbox.click(): null

2018-06-14 17:19:54 - [TEST_STEP][PASSED] - Statement - If (checkbox.isSelected()): null

2018-06-14 17:19:54 - [TEST_STEP][PASSED] - Statement - checkbox.click(): null

2018-06-14 17:19:54 - [TEST_STEP][PASSED] - Statement - If (checkbox.isSelected()): null

2018-06-14 17:19:54 - [TEST_STEP][PASSED] - Statement - checkbox.click(): null

2018-06-14 17:19:54 - [TEST_STEP][PASSED] - Statement - If (checkbox.isSelected()): null

2018-06-14 17:19:54 - [TEST_STEP][PASSED] - Statement - checkbox.click(): null

2018-06-14 17:19:54 - [TEST_STEP][PASSED] - Statement - If (checkbox.isSelected()): null

2018-06-14 17:19:54 - [TEST_STEP][PASSED] - Statement - checkbox.click(): null

2018-06-14 17:19:54 - [TEST_STEP][PASSED] - Statement - If (checkbox.isSelected()): null

2018-06-14 17:19:54 - [TEST_STEP][PASSED] - Statement - checkbox.click(): null

2018-06-14 17:19:54 - [TEST_STEP][PASSED] - Statement - If (checkbox.isSelected()): null

2018-06-14 17:19:54 - [TEST_STEP][PASSED] - Statement - checkbox.click(): null

2018-06-14 17:19:54 - [TEST_STEP][PASSED] - Statement - If (checkbox.isSelected()): null

2018-06-14 17:19:54 - [TEST_STEP][PASSED] - Statement - checkbox.click(): null

2018-06-14 17:19:55 - [TEST_STEP][PASSED] - Statement - If (checkbox.isSelected()): null

2018-06-14 17:19:55 - [TEST_STEP][PASSED] - Statement - checkbox.click(): null

2018-06-14 17:19:55 - [TEST_STEP][PASSED] - Statement - If (checkbox.isSelected()): null

2018-06-14 17:19:55 - [TEST_STEP][PASSED] - Statement - checkbox.click(): null

2018-06-14 17:19:55 - [TEST_STEP][PASSED] - Statement - If (checkbox.isSelected()): null

2018-06-14 17:19:55 - [TEST_STEP][PASSED] - Statement - checkbox.click(): null

2018-06-14 17:19:55 - [TEST_STEP][PASSED] - Statement - If (checkbox.isSelected()): null

2018-06-14 17:19:55 - [TEST_STEP][PASSED] - Statement - checkbox.click(): null

2018-06-14 17:19:55 - [TEST_STEP][PASSED] - Statement - If (checkbox.isSelected()): null

2018-06-14 17:19:55 - [TEST_STEP][PASSED] - Statement - checkbox.click(): null

2018-06-14 17:19:55 - [TEST_STEP][PASSED] - Statement - If (checkbox.isSelected()): null

2018-06-14 17:19:55 - [TEST_STEP][PASSED] - Statement - checkbox.click(): null

2018-06-14 17:19:55 - [TEST_STEP][PASSED] - Statement - If (checkbox.isSelected()): null

2018-06-14 17:19:55 - [TEST_STEP][PASSED] - Statement - checkbox.click(): null

2018-06-14 17:19:55 - [TEST_STEP][PASSED] - Statement - If (checkbox.isSelected()): null

2018-06-14 17:19:55 - [TEST_STEP][PASSED] - Statement - checkbox.click(): null

2018-06-14 17:19:55 - [TEST_STEP][PASSED] - Statement - If (checkbox.isSelected()): null

2018-06-14 17:19:55 - [TEST_STEP][PASSED] - Statement - checkbox.click(): null

2018-06-14 17:19:55 - [TEST_STEP][PASSED] - Statement - If (checkbox.isSelected()): null

2018-06-14 17:19:55 - [TEST_STEP][PASSED] - Statement - checkbox.click(): null

2018-06-14 17:19:55 - [TEST_STEP][PASSED] - Statement - If (checkbox.isSelected()): null

2018-06-14 17:19:55 - [TEST_STEP][PASSED] - Statement - checkbox.click(): null

2018-06-14 17:19:55 - [TEST_STEP][PASSED] - Statement - If (checkbox.isSelected()): null

2018-06-14 17:19:55 - [TEST_STEP][PASSED] - Statement - checkbox.click(): null

2018-06-14 17:19:55 - [TEST_STEP][PASSED] - Statement - If (checkbox.isSelected()): null

2018-06-14 17:19:55 - [TEST_STEP][PASSED] - Statement - checkbox.click(): null

2018-06-14 17:19:55 - [TEST_STEP][PASSED] - Statement - If (checkbox.isSelected()): null

2018-06-14 17:19:55 - [TEST_STEP][PASSED] - Statement - checkbox.click(): null

2018-06-14 17:19:55 - [TEST_STEP][PASSED] - Statement - If (checkbox.isSelected()): null

2018-06-14 17:19:55 - [TEST_STEP][PASSED] - Statement - checkbox.click(): null

2018-06-14 17:19:55 - [TEST_STEP][PASSED] - Statement - If (checkbox.isSelected()): null

2018-06-14 17:19:55 - [TEST_STEP][PASSED] - Statement - checkbox.click(): null

2018-06-14 17:19:55 - [TEST_STEP][PASSED] - Statement - If (checkbox.isSelected()): null

2018-06-14 17:19:55 - [TEST_STEP][PASSED] - Statement - checkbox.click(): null

2018-06-14 17:19:55 - [TEST_STEP][PASSED] - Statement - If (checkbox.isSelected()): null

2018-06-14 17:19:55 - [TEST_STEP][PASSED] - Statement - checkbox.click(): null

2018-06-14 17:19:55 - [TEST_STEP][PASSED] - Statement - If (checkbox.isSelected()): null

2018-06-14 17:19:55 - [TEST_STEP][PASSED] - Statement - checkbox.click(): null

2018-06-14 17:19:56 - [TEST_STEP][PASSED] - Statement - If (checkbox.isSelected()): null

2018-06-14 17:19:56 - [TEST_STEP][PASSED] - Statement - checkbox.click(): null

2018-06-14 17:19:56 - [TEST_STEP][PASSED] - Statement - If (checkbox.isSelected()): null

2018-06-14 17:19:56 - [TEST_STEP][PASSED] - Statement - checkbox.click(): null

2018-06-14 17:19:56 - [TEST_STEP][PASSED] - Statement - If (checkbox.isSelected()): null

2018-06-14 17:19:56 - [TEST_STEP][PASSED] - Statement - checkbox.click(): null

2018-06-14 17:19:56 - [TEST_STEP][PASSED] - Statement - If (checkbox.isSelected()): null

2018-06-14 17:19:56 - [TEST_STEP][PASSED] - Statement - checkbox.click(): null

2018-06-14 17:19:56 - [TEST_STEP][PASSED] - Statement - If (checkbox.isSelected()): null

2018-06-14 17:19:56 - [TEST_STEP][PASSED] - Statement - checkbox.click(): null

2018-06-14 17:19:56 - [TEST_STEP][PASSED] - Statement - If (checkbox.isSelected()): null

2018-06-14 17:19:56 - [TEST_STEP][PASSED] - Statement - checkbox.click(): null

2018-06-14 17:19:56 - [TEST_STEP][PASSED] - Statement - If (checkbox.isSelected()): null

2018-06-14 17:19:56 - [TEST_STEP][PASSED] - Statement - checkbox.click(): null

2018-06-14 17:19:56 - [TEST_STEP][PASSED] - Statement - If (checkbox.isSelected()): null

2018-06-14 17:19:56 - [TEST_STEP][PASSED] - Statement - checkbox.click(): null

2018-06-14 17:19:56 - [TEST_STEP][PASSED] - Statement - If (checkbox.isSelected()): null

2018-06-14 17:19:56 - [TEST_STEP][PASSED] - Statement - checkbox.click(): null

2018-06-14 17:19:56 - [TEST_STEP][PASSED] - Statement - If (checkbox.isSelected()): null

2018-06-14 17:19:56 - [TEST_STEP][PASSED] - Statement - checkbox.click(): null

2018-06-14 17:19:56 - [TEST_STEP][PASSED] - Statement - If (checkbox.isSelected()): null

2018-06-14 17:19:56 - [TEST_STEP][PASSED] - Statement - checkbox.click(): null

2018-06-14 17:19:56 - [TEST_STEP][PASSED] - Statement - If (checkbox.isSelected()): null

2018-06-14 17:19:56 - [TEST_STEP][PASSED] - Statement - checkbox.click(): null

2018-06-14 17:19:56 - [TEST_STEP][PASSED] - Statement - If (checkbox.isSelected()): null

2018-06-14 17:19:56 - [TEST_STEP][PASSED] - Statement - checkbox.click(): null

2018-06-14 17:19:56 - [TEST_STEP][PASSED] - Statement - If (checkbox.isSelected()): null

2018-06-14 17:19:56 - [TEST_STEP][PASSED] - Statement - checkbox.click(): null

2018-06-14 17:19:56 - [TEST_STEP][PASSED] - Statement - If (checkbox.isSelected()): null

2018-06-14 17:19:56 - [TEST_STEP][PASSED] - Statement - checkbox.click(): null

2018-06-14 17:19:56 - [TEST_STEP][PASSED] - Statement - If (checkbox.isSelected()): null

2018-06-14 17:19:56 - [TEST_STEP][PASSED] - Statement - checkbox.click(): null

2018-06-14 17:19:56 - [TEST_STEP][PASSED] - Statement - If (checkbox.isSelected()): null

2018-06-14 17:19:56 - [TEST_STEP][PASSED] - Statement - checkbox.click(): null

2018-06-14 17:19:56 - [TEST_STEP][PASSED] - Statement - If (checkbox.isSelected()): null

2018-06-14 17:19:56 - [TEST_STEP][PASSED] - Statement - checkbox.click(): null

2018-06-14 17:19:56 - [TEST_STEP][PASSED] - Statement - If (checkbox.isSelected()): null

2018-06-14 17:19:56 - [TEST_STEP][PASSED] - Statement - checkbox.click(): null

2018-06-14 17:19:57 - [TEST_STEP][PASSED] - Statement - If (checkbox.isSelected()): null

2018-06-14 17:19:57 - [TEST_STEP][PASSED] - Statement - checkbox.click(): null

2018-06-14 17:19:57 - [TEST_STEP][PASSED] - Statement - If (checkbox.isSelected()): null

2018-06-14 17:19:57 - [TEST_STEP][PASSED] - Statement - checkbox.click(): null

2018-06-14 17:19:57 - [TEST_STEP][PASSED] - Statement - If (checkbox.isSelected()): null

2018-06-14 17:19:57 - [TEST_STEP][PASSED] - Statement - checkbox.click(): null

2018-06-14 17:19:57 - [TEST_STEP][PASSED] - Statement - If (checkbox.isSelected()): null

2018-06-14 17:19:57 - [TEST_STEP][PASSED] - Statement - checkbox.click(): null

2018-06-14 17:19:57 - [TEST_STEP][PASSED] - Statement - If (checkbox.isSelected()): null

2018-06-14 17:19:57 - [TEST_STEP][PASSED] - Statement - checkbox.click(): null

2018-06-14 17:19:57 - [TEST_STEP][PASSED] - Statement - If (checkbox.isSelected()): null

2018-06-14 17:19:57 - [TEST_STEP][PASSED] - Statement - checkbox.click(): null

2018-06-14 17:19:57 - [TEST_STEP][PASSED] - Statement - If (checkbox.isSelected()): null

2018-06-14 17:19:57 - [TEST_STEP][PASSED] - Statement - checkbox.click(): null

2018-06-14 17:19:57 - [TEST_STEP][PASSED] - Statement - If (checkbox.isSelected()): null

2018-06-14 17:19:57 - [TEST_STEP][PASSED] - Statement - checkbox.click(): null

2018-06-14 17:19:57 - [TEST_STEP][PASSED] - Statement - If (checkbox.isSelected()): null

2018-06-14 17:19:57 - [TEST_STEP][PASSED] - Statement - checkbox.click(): null

2018-06-14 17:19:57 - [TEST_STEP][PASSED] - Statement - If (checkbox.isSelected()): null

2018-06-14 17:19:57 - [TEST_STEP][PASSED] - Statement - checkbox.click(): null

2018-06-14 17:19:57 - [TEST_STEP][PASSED] - Statement - If (checkbox.isSelected()): null

2018-06-14 17:19:57 - [TEST_STEP][PASSED] - Statement - checkbox.click(): null

2018-06-14 17:19:57 - [TEST_STEP][PASSED] - Statement - If (checkbox.isSelected()): null

2018-06-14 17:19:57 - [TEST_STEP][PASSED] - Statement - checkbox.click(): null

2018-06-14 17:19:57 - [TEST_STEP][PASSED] - Statement - If (checkbox.isSelected()): null

2018-06-14 17:19:57 - [TEST_STEP][PASSED] - Statement - checkbox.click(): null

2018-06-14 17:19:57 - [TEST_STEP][PASSED] - Statement - If (checkbox.isSelected()): null

2018-06-14 17:19:57 - [TEST_STEP][PASSED] - Statement - checkbox.click(): null

2018-06-14 17:19:57 - [TEST_STEP][PASSED] - Statement - If (checkbox.isSelected()): null

2018-06-14 17:19:57 - [TEST_STEP][PASSED] - Statement - checkbox.click(): null

2018-06-14 17:19:57 - [TEST_STEP][PASSED] - Statement - If (checkbox.isSelected()): null

2018-06-14 17:19:57 - [TEST_STEP][PASSED] - Statement - checkbox.click(): null

2018-06-14 17:19:57 - [TEST_STEP][PASSED] - Statement - If (checkbox.isSelected()): null

2018-06-14 17:19:57 - [TEST_STEP][PASSED] - Statement - checkbox.click(): null

2018-06-14 17:19:57 - [TEST_STEP][PASSED] - Statement - If (checkbox.isSelected()): null

2018-06-14 17:19:57 - [TEST_STEP][PASSED] - Statement - checkbox.click(): null

2018-06-14 17:19:58 - [TEST_STEP][PASSED] - Statement - If (checkbox.isSelected()): null

2018-06-14 17:19:58 - [TEST_STEP][PASSED] - Statement - checkbox.click(): null

2018-06-14 17:19:58 - [TEST_STEP][PASSED] - Statement - If (checkbox.isSelected()): null

2018-06-14 17:19:58 - [TEST_STEP][PASSED] - Statement - checkbox.click(): null

2018-06-14 17:19:58 - [TEST_STEP][PASSED] - Statement - If (checkbox.isSelected()): null

2018-06-14 17:19:58 - [TEST_STEP][PASSED] - Statement - checkbox.click(): null

2018-06-14 17:19:58 - [TEST_STEP][PASSED] - Statement - If (checkbox.isSelected()): null

2018-06-14 17:19:58 - [TEST_STEP][PASSED] - Statement - checkbox.click(): null

2018-06-14 17:19:58 - [TEST_STEP][PASSED] - Statement - If (checkbox.isSelected()): null

2018-06-14 17:19:58 - [TEST_STEP][PASSED] - Statement - checkbox.click(): null

2018-06-14 17:19:58 - [TEST_STEP][PASSED] - Statement - If (checkbox.isSelected()): null

2018-06-14 17:19:58 - [TEST_STEP][PASSED] - Statement - checkbox.click(): null

2018-06-14 17:19:58 - [TEST_STEP][PASSED] - Statement - If (checkbox.isSelected()): null

2018-06-14 17:19:58 - [TEST_STEP][PASSED] - Statement - checkbox.click(): null

2018-06-14 17:19:58 - [TEST_STEP][PASSED] - Statement - If (checkbox.isSelected()): null

2018-06-14 17:19:58 - [TEST_STEP][PASSED] - Statement - checkbox.click(): null

2018-06-14 17:19:58 - [TEST_STEP][PASSED] - Statement - If (checkbox.isSelected()): null

2018-06-14 17:19:58 - [TEST_STEP][PASSED] - Statement - checkbox.click(): null

2018-06-14 17:19:58 - [TEST_STEP][PASSED] - Statement - If (checkbox.isSelected()): null

2018-06-14 17:19:58 - [TEST_STEP][PASSED] - Statement - checkbox.click(): null

2018-06-14 17:19:58 - [TEST_STEP][PASSED] - Statement - If (checkbox.isSelected()): null

2018-06-14 17:19:58 - [TEST_STEP][PASSED] - Statement - checkbox.click(): null

2018-06-14 17:19:58 - [TEST_STEP][PASSED] - Statement - If (checkbox.isSelected()): null

2018-06-14 17:19:58 - [TEST_STEP][PASSED] - Statement - checkbox.click(): null

2018-06-14 17:19:58 - [TEST_STEP][PASSED] - Statement - If (checkbox.isSelected()): null

2018-06-14 17:19:58 - [TEST_STEP][PASSED] - Statement - checkbox.click(): null

2018-06-14 17:19:58 - [TEST_STEP][PASSED] - Statement - If (checkbox.isSelected()): null

2018-06-14 17:19:58 - [TEST_STEP][PASSED] - Statement - checkbox.click(): null

2018-06-14 17:19:58 - [TEST_STEP][PASSED] - Statement - If (checkbox.isSelected()): null

2018-06-14 17:19:58 - [TEST_STEP][PASSED] - Statement - checkbox.click(): null

2018-06-14 17:19:58 - [TEST_STEP][PASSED] - Statement - If (checkbox.isSelected()): null

2018-06-14 17:19:58 - [TEST_STEP][PASSED] - Statement - checkbox.click(): null

2018-06-14 17:19:58 - [TEST_STEP][PASSED] - Statement - If (checkbox.isSelected()): null

2018-06-14 17:19:58 - [TEST_STEP][PASSED] - Statement - checkbox.click(): null

2018-06-14 17:19:58 - [TEST_STEP][PASSED] - Statement - If (checkbox.isSelected()): null

2018-06-14 17:19:59 - [TEST_STEP][PASSED] - Statement - checkbox.click(): null

2018-06-14 17:19:59 - [TEST_STEP][PASSED] - Statement - If (checkbox.isSelected()): null

2018-06-14 17:19:59 - [TEST_STEP][PASSED] - Statement - checkbox.click(): null

2018-06-14 17:19:59 - [TEST_STEP][PASSED] - Statement - If (checkbox.isSelected()): null

2018-06-14 17:19:59 - [TEST_STEP][PASSED] - Statement - checkbox.click(): null

2018-06-14 17:19:59 - [TEST_STEP][PASSED] - Statement - If (checkbox.isSelected()): null

2018-06-14 17:19:59 - [TEST_STEP][PASSED] - Statement - checkbox.click(): null

2018-06-14 17:19:59 - [TEST_STEP][PASSED] - Statement - If (checkbox.isSelected()): null

2018-06-14 17:19:59 - [TEST_STEP][PASSED] - Statement - checkbox.click(): null

2018-06-14 17:19:59 - [TEST_STEP][PASSED] - Statement - If (checkbox.isSelected()): null

2018-06-14 17:19:59 - [TEST_STEP][PASSED] - Statement - checkbox.click(): null

2018-06-14 17:19:59 - [TEST_STEP][PASSED] - Statement - If (checkbox.isSelected()): null

2018-06-14 17:19:59 - [TEST_STEP][PASSED] - Statement - checkbox.click(): null

2018-06-14 17:19:59 - [TEST_STEP][PASSED] - Statement - If (checkbox.isSelected()): null

2018-06-14 17:19:59 - [TEST_STEP][PASSED] - Statement - checkbox.click(): null

2018-06-14 17:19:59 - [TEST_STEP][PASSED] - Statement - If (checkbox.isSelected()): null

2018-06-14 17:19:59 - [TEST_STEP][PASSED] - Statement - checkbox.click(): null

2018-06-14 17:19:59 - [TEST_STEP][PASSED] - Statement - If (checkbox.isSelected()): null

2018-06-14 17:19:59 - [TEST_STEP][PASSED] - Statement - checkbox.click(): null

2018-06-14 17:19:59 - [TEST_STEP][PASSED] - Statement - If (checkbox.isSelected()): null

2018-06-14 17:19:59 - [TEST_STEP][PASSED] - Statement - checkbox.click(): null

2018-06-14 17:19:59 - [TEST_STEP][PASSED] - Statement - If (checkbox.isSelected()): null

2018-06-14 17:19:59 - [TEST_STEP][PASSED] - Statement - checkbox.click(): null

2018-06-14 17:19:59 - [TEST_STEP][PASSED] - Statement - If (checkbox.isSelected()): null

2018-06-14 17:19:59 - [TEST_STEP][PASSED] - Statement - checkbox.click(): null

2018-06-14 17:19:59 - [TEST_STEP][PASSED] - Statement - If (checkbox.isSelected()): null

2018-06-14 17:19:59 - [TEST_STEP][PASSED] - Statement - checkbox.click(): null

2018-06-14 17:19:59 - [TEST_STEP][PASSED] - Statement - If (checkbox.isSelected()): null

2018-06-14 17:19:59 - [TEST_STEP][PASSED] - Statement - checkbox.click(): null

2018-06-14 17:19:59 - [TEST_STEP][PASSED] - Statement - If (checkbox.isSelected()): null

2018-06-14 17:19:59 - [TEST_STEP][PASSED] - Statement - checkbox.click(): null

2018-06-14 17:19:59 - [TEST_STEP][PASSED] - Statement - If (checkbox.isSelected()): null

2018-06-14 17:19:59 - [TEST_STEP][PASSED] - Statement - checkbox.click(): null

2018-06-14 17:20:00 - [TEST_STEP][PASSED] - Statement - If (checkbox.isSelected()): null

2018-06-14 17:20:00 - [TEST_STEP][PASSED] - Statement - checkbox.click(): null

2018-06-14 17:20:00 - [TEST_STEP][PASSED] - Statement - If (checkbox.isSelected()): null

2018-06-14 17:20:00 - [TEST_STEP][PASSED] - Statement - checkbox.click(): null

2018-06-14 17:20:00 - [TEST_STEP][PASSED] - Statement - If (checkbox.isSelected()): null

2018-06-14 17:20:00 - [TEST_STEP][PASSED] - Statement - checkbox.click(): null

2018-06-14 17:20:00 - [TEST_STEP][PASSED] - Statement - If (checkbox.isSelected()): null

2018-06-14 17:20:00 - [TEST_STEP][PASSED] - Statement - checkbox.click(): null

2018-06-14 17:20:00 - [TEST_STEP][PASSED] - Statement - If (checkbox.isSelected()): null

2018-06-14 17:20:00 - [TEST_STEP][PASSED] - Statement - checkbox.click(): null

2018-06-14 17:20:00 - [TEST_STEP][PASSED] - Statement - If (checkbox.isSelected()): null

2018-06-14 17:20:00 - [TEST_STEP][PASSED] - Statement - checkbox.click(): null

2018-06-14 17:20:00 - [TEST_STEP][PASSED] - Statement - If (checkbox.isSelected()): null

2018-06-14 17:20:00 - [TEST_STEP][PASSED] - Statement - checkbox.click(): null

2018-06-14 17:20:00 - [TEST_STEP][PASSED] - Statement - If (checkbox.isSelected()): null

2018-06-14 17:20:00 - [TEST_STEP][PASSED] - Statement - checkbox.click(): null

2018-06-14 17:20:00 - [TEST_STEP][PASSED] - Statement - If (checkbox.isSelected()): null

2018-06-14 17:20:00 - [TEST_STEP][PASSED] - Statement - checkbox.click(): null

2018-06-14 17:20:00 - [TEST_STEP][PASSED] - Statement - If (checkbox.isSelected()): null

2018-06-14 17:20:00 - [TEST_STEP][PASSED] - Statement - checkbox.click(): null

2018-06-14 17:20:00 - [TEST_STEP][PASSED] - Statement - If (checkbox.isSelected()): null

2018-06-14 17:20:00 - [TEST_STEP][PASSED] - Statement - checkbox.click(): null

2018-06-14 17:20:00 - [TEST_STEP][PASSED] - Statement - If (checkbox.isSelected()): null

2018-06-14 17:20:00 - [TEST_STEP][PASSED] - Statement - checkbox.click(): null

2018-06-14 17:20:00 - [TEST_STEP][PASSED] - Statement - If (checkbox.isSelected()): null

2018-06-14 17:20:00 - [TEST_STEP][PASSED] - Statement - checkbox.click(): null

2018-06-14 17:20:00 - [TEST_STEP][PASSED] - Statement - If (checkbox.isSelected()): null

2018-06-14 17:20:00 - [TEST_STEP][PASSED] - Statement - checkbox.click(): null

2018-06-14 17:20:00 - [TEST_STEP][PASSED] - Statement - If (checkbox.isSelected()): null

2018-06-14 17:20:00 - [TEST_STEP][PASSED] - Statement - checkbox.click(): null

2018-06-14 17:20:00 - [TEST_STEP][PASSED] - Statement - If (checkbox.isSelected()): null

2018-06-14 17:20:00 - [TEST_STEP][PASSED] - Statement - checkbox.click(): null

2018-06-14 17:20:00 - [TEST_STEP][PASSED] - Statement - If (checkbox.isSelected()): null

2018-06-14 17:20:00 - [TEST_STEP][PASSED] - Statement - checkbox.click(): null

2018-06-14 17:20:00 - [TEST_STEP][PASSED] - Statement - If (checkbox.isSelected()): null

2018-06-14 17:20:00 - [TEST_STEP][PASSED] - Statement - checkbox.click(): null

2018-06-14 17:20:01 - [TEST_STEP][PASSED] - Statement - If (checkbox.isSelected()): null

2018-06-14 17:20:01 - [TEST_STEP][PASSED] - Statement - checkbox.click(): null

2018-06-14 17:20:01 - [TEST_STEP][PASSED] - Statement - If (checkbox.isSelected()): null

2018-06-14 17:20:01 - [TEST_STEP][PASSED] - Statement - checkbox.click(): null

2018-06-14 17:20:01 - [TEST_STEP][PASSED] - Statement - If (checkbox.isSelected()): null

2018-06-14 17:20:01 - [TEST_STEP][PASSED] - Statement - checkbox.click(): null

2018-06-14 17:20:01 - [TEST_STEP][PASSED] - Statement - If (checkbox.isSelected()): null

2018-06-14 17:20:01 - [TEST_STEP][PASSED] - Statement - checkbox.click(): null

2018-06-14 17:20:01 - [TEST_STEP][PASSED] - Statement - If (checkbox.isSelected()): null

2018-06-14 17:20:01 - [TEST_STEP][PASSED] - Statement - checkbox.click(): null

2018-06-14 17:20:01 - [TEST_STEP][PASSED] - Statement - If (checkbox.isSelected()): null

2018-06-14 17:20:01 - [TEST_STEP][PASSED] - Statement - checkbox.click(): null

2018-06-14 17:20:01 - [TEST_STEP][PASSED] - Statement - If (checkbox.isSelected()): null

2018-06-14 17:20:01 - [TEST_STEP][PASSED] - Statement - checkbox.click(): null

2018-06-14 17:20:01 - [TEST_STEP][PASSED] - Statement - If (checkbox.isSelected()): null

2018-06-14 17:20:01 - [TEST_STEP][PASSED] - Statement - checkbox.click(): null

2018-06-14 17:20:01 - [TEST_STEP][PASSED] - Statement - If (checkbox.isSelected()): null

2018-06-14 17:20:01 - [TEST_STEP][PASSED] - Statement - checkbox.click(): null

2018-06-14 17:20:01 - [TEST_STEP][PASSED] - Statement - If (checkbox.isSelected()): null

2018-06-14 17:20:01 - [TEST_STEP][PASSED] - Statement - checkbox.click(): null

2018-06-14 17:20:01 - [TEST_STEP][PASSED] - Statement - If (checkbox.isSelected()): null

2018-06-14 17:20:01 - [TEST_STEP][PASSED] - Statement - checkbox.click(): null

2018-06-14 17:20:01 - [TEST_STEP][PASSED] - Statement - If (checkbox.isSelected()): null

2018-06-14 17:20:01 - [TEST_STEP][PASSED] - Statement - checkbox.click(): null

2018-06-14 17:20:01 - [TEST_STEP][PASSED] - Statement - If (checkbox.isSelected()): null

2018-06-14 17:20:01 - [TEST_STEP][PASSED] - Statement - checkbox.click(): null

2018-06-14 17:20:01 - [TEST_STEP][PASSED] - Statement - If (checkbox.isSelected()): null

2018-06-14 17:20:01 - [TEST_STEP][PASSED] - Statement - checkbox.click(): null

2018-06-14 17:20:01 - [TEST_STEP][PASSED] - Statement - If (checkbox.isSelected()): null

2018-06-14 17:20:01 - [TEST_STEP][PASSED] - Statement - checkbox.click(): null

2018-06-14 17:20:01 - [TEST_STEP][PASSED] - Statement - If (checkbox.isSelected()): null

2018-06-14 17:20:01 - [TEST_STEP][PASSED] - Statement - checkbox.click(): null

2018-06-14 17:20:01 - [TEST_STEP][PASSED] - Statement - If (checkbox.isSelected()): null

2018-06-14 17:20:01 - [TEST_STEP][PASSED] - Statement - checkbox.click(): null

2018-06-14 17:20:02 - [TEST_STEP][PASSED] - Statement - If (checkbox.isSelected()): null

2018-06-14 17:20:02 - [TEST_STEP][PASSED] - Statement - checkbox.click(): null

2018-06-14 17:20:02 - [TEST_STEP][PASSED] - Statement - If (checkbox.isSelected()): null

2018-06-14 17:20:02 - [TEST_STEP][PASSED] - Statement - checkbox.click(): null

2018-06-14 17:20:02 - [TEST_STEP][PASSED] - Statement - If (checkbox.isSelected()): null

2018-06-14 17:20:02 - [TEST_STEP][PASSED] - Statement - checkbox.click(): null

2018-06-14 17:20:02 - [TEST_STEP][PASSED] - Statement - If (checkbox.isSelected()): null

2018-06-14 17:20:02 - [TEST_STEP][PASSED] - Statement - checkbox.click(): null

2018-06-14 17:20:02 - [TEST_STEP][PASSED] - Statement - If (checkbox.isSelected()): null

2018-06-14 17:20:02 - [TEST_STEP][PASSED] - Statement - checkbox.click(): null

2018-06-14 17:20:02 - [TEST_STEP][PASSED] - Statement - If (checkbox.isSelected()): null

2018-06-14 17:20:02 - [TEST_STEP][PASSED] - Statement - checkbox.click(): null

2018-06-14 17:20:02 - [TEST_STEP][PASSED] - Statement - If (checkbox.isSelected()): null

2018-06-14 17:20:02 - [TEST_STEP][PASSED] - Statement - checkbox.click(): null

2018-06-14 17:20:02 - [TEST_STEP][PASSED] - Statement - If (checkbox.isSelected()): null

2018-06-14 17:20:02 - [TEST_STEP][PASSED] - Statement - checkbox.click(): null

2018-06-14 17:20:02 - [TEST_STEP][PASSED] - Statement - If (checkbox.isSelected()): null

2018-06-14 17:20:02 - [TEST_STEP][PASSED] - Statement - checkbox.click(): null

2018-06-14 17:20:02 - [TEST_STEP][PASSED] - Statement - If (checkbox.isSelected()): null

2018-06-14 17:20:02 - [TEST_STEP][PASSED] - Statement - checkbox.click(): null

2018-06-14 17:20:02 - [TEST_STEP][PASSED] - Statement - If (checkbox.isSelected()): null

2018-06-14 17:20:02 - [TEST_STEP][PASSED] - Statement - checkbox.click(): null

2018-06-14 17:20:02 - [TEST_STEP][PASSED] - Statement - If (checkbox.isSelected()): null

2018-06-14 17:20:02 - [TEST_STEP][PASSED] - Statement - checkbox.click(): null

2018-06-14 17:20:02 - [TEST_STEP][PASSED] - Statement - If (checkbox.isSelected()): null

2018-06-14 17:20:02 - [TEST_STEP][PASSED] - Statement - checkbox.click(): null

2018-06-14 17:20:02 - [TEST_STEP][PASSED] - Statement - If (checkbox.isSelected()): null

2018-06-14 17:20:02 - [TEST_STEP][PASSED] - Statement - checkbox.click(): null

2018-06-14 17:20:02 - [TEST_STEP][PASSED] - Statement - If (checkbox.isSelected()): null

2018-06-14 17:20:02 - [TEST_STEP][PASSED] - Statement - checkbox.click(): null

2018-06-14 17:20:02 - [TEST_STEP][PASSED] - Statement - If (checkbox.isSelected()): null

2018-06-14 17:20:02 - [TEST_STEP][PASSED] - Statement - checkbox.click(): null

2018-06-14 17:20:02 - [TEST_STEP][PASSED] - Statement - If (checkbox.isSelected()): null

2018-06-14 17:20:02 - [TEST_STEP][PASSED] - Statement - checkbox.click(): null

2018-06-14 17:20:03 - [TEST_STEP][PASSED] - Statement - If (checkbox.isSelected()): null

2018-06-14 17:20:03 - [TEST_STEP][PASSED] - Statement - checkbox.click(): null

2018-06-14 17:20:03 - [TEST_STEP][PASSED] - Statement - StoresCBList1 = driver.findElements(org.openqa.selenium.By.xpath(com.kms.katalon.core.testdata.TestDataFactory.findTestData(OR_file).getValue(2, 12))): Reading excel file with source file 'C:\Users\shalinin\Katalon Studio\HME_Scripts\Data Files\HME_OR.xlsx' and sheet name 'Sheet1'

2018-06-14 17:20:03 - [TEST_STEP][PASSED] - Statement - storesLabel = driver.findElements(org.openqa.selenium.By.xpath(com.kms.katalon.core.testdata.TestDataFactory.findTestData(OR_file).getValue(2, 10))): Reading excel file with source file 'C:\Users\shalinin\Katalon Studio\HME_Scripts\Data Files\HME_OR.xlsx' and sheet name 'Sheet1'

2018-06-14 17:20:03 - [TEST_STEP][PASSED] - Statement - groupStoresList = new java.util.ArrayList(): null

2018-06-14 17:20:03 - [TEST_STEP][PASSED] - Statement - groupStoresList1 = new java.util.ArrayList(): null

2018-06-14 17:20:03 - [TEST_STEP][PASSED] - Statement - out.println(StoresCBList1.size()): null

2018-06-14 17:20:03 - [TEST_STEP][PASSED] - Statement - size = StoresCBList1.size(): null

2018-06-14 17:20:03 - [TEST_STEP][PASSED] - Statement - For ([i = 0, i < StoresCBList1.size(), (i++)]): null

2018-06-14 17:20:03 - [TEST_STEP][PASSED] - Statement - groupStoresList[i] = storesLabel.get(i).getText(): null

2018-06-14 17:20:03 - [TEST_STEP][PASSED] - Statement - StoresCBList1.get(i).click(): null

2018-06-14 17:20:03 - [TEST_STEP][PASSED] - Statement - groupStoresList[i] = storesLabel.get(i).getText(): null

2018-06-14 17:20:03 - [TEST_STEP][PASSED] - Statement - StoresCBList1.get(i).click(): null

2018-06-14 17:20:03 - [TEST_STEP][PASSED] - Statement - groupStoresList[i] = storesLabel.get(i).getText(): null

2018-06-14 17:20:03 - [TEST_STEP][PASSED] - Statement - StoresCBList1.get(i).click(): null

2018-06-14 17:20:03 - [TEST_STEP][PASSED] - Statement - groupStoresList[i] = storesLabel.get(i).getText(): null

2018-06-14 17:20:03 - [TEST_STEP][PASSED] - Statement - StoresCBList1.get(i).click(): null

2018-06-14 17:20:03 - [TEST_STEP][PASSED] - Statement - groupStoresList[i] = storesLabel.get(i).getText(): null

2018-06-14 17:20:03 - [TEST_STEP][PASSED] - Statement - StoresCBList1.get(i).click(): null

2018-06-14 17:20:03 - [TEST_STEP][PASSED] - Statement - groupStoresList[i] = storesLabel.get(i).getText(): null

2018-06-14 17:20:03 - [TEST_STEP][PASSED] - Statement - StoresCBList1.get(i).click(): null

2018-06-14 17:20:03 - [TEST_STEP][PASSED] - Statement - groupStoresList[i] = storesLabel.get(i).getText(): null

2018-06-14 17:20:03 - [TEST_STEP][PASSED] - Statement - StoresCBList1.get(i).click(): null

2018-06-14 17:20:03 - [TEST_STEP][PASSED] - Statement - groupStoresList[i] = storesLabel.get(i).getText(): null

2018-06-14 17:20:03 - [TEST_STEP][PASSED] - Statement - StoresCBList1.get(i).click(): null

2018-06-14 17:20:03 - [TEST_STEP][PASSED] - Statement - groupStoresList[i] = storesLabel.get(i).getText(): null

2018-06-14 17:20:03 - [TEST_STEP][PASSED] - Statement - StoresCBList1.get(i).click(): null

2018-06-14 17:20:03 - [TEST_STEP][PASSED] - Statement - groupStoresList[i] = storesLabel.get(i).getText(): null

2018-06-14 17:20:03 - [TEST_STEP][PASSED] - Statement - StoresCBList1.get(i).click(): null

2018-06-14 17:20:03 - [TEST_STEP][PASSED] - Statement - groupStoresList[i] = storesLabel.get(i).getText(): null

2018-06-14 17:20:03 - [TEST_STEP][PASSED] - Statement - StoresCBList1.get(i).click(): null

2018-06-14 17:20:03 - [TEST_STEP][PASSED] - Statement - groupStoresList[i] = storesLabel.get(i).getText(): null

2018-06-14 17:20:03 - [TEST_STEP][PASSED] - Statement - StoresCBList1.get(i).click(): null

2018-06-14 17:20:03 - [TEST_STEP][PASSED] - Statement - groupStoresList[i] = storesLabel.get(i).getText(): null

2018-06-14 17:20:03 - [TEST_STEP][PASSED] - Statement - StoresCBList1.get(i).click(): null

2018-06-14 17:20:03 - [TEST_STEP][PASSED] - Statement - groupStoresList[i] = storesLabel.get(i).getText(): null

2018-06-14 17:20:03 - [TEST_STEP][PASSED] - Statement - StoresCBList1.get(i).click(): null

2018-06-14 17:20:04 - [TEST_STEP][PASSED] - Statement - groupStoresList[i] = storesLabel.get(i).getText(): null

2018-06-14 17:20:04 - [TEST_STEP][PASSED] - Statement - StoresCBList1.get(i).click(): null

2018-06-14 17:20:04 - [TEST_STEP][PASSED] - Statement - groupStoresList[i] = storesLabel.get(i).getText(): null

2018-06-14 17:20:04 - [TEST_STEP][PASSED] - Statement - StoresCBList1.get(i).click(): null

2018-06-14 17:20:04 - [TEST_STEP][PASSED] - Statement - groupStoresList[i] = storesLabel.get(i).getText(): null

2018-06-14 17:20:04 - [TEST_STEP][PASSED] - Statement - StoresCBList1.get(i).click(): null

2018-06-14 17:20:04 - [TEST_STEP][PASSED] - Statement - groupStoresList[i] = storesLabel.get(i).getText(): null

2018-06-14 17:20:04 - [TEST_STEP][PASSED] - Statement - StoresCBList1.get(i).click(): null

2018-06-14 17:20:04 - [TEST_STEP][PASSED] - Statement - groupStoresList[i] = storesLabel.get(i).getText(): null

2018-06-14 17:20:04 - [TEST_STEP][PASSED] - Statement - StoresCBList1.get(i).click(): null

2018-06-14 17:20:04 - [TEST_STEP][PASSED] - Statement - groupStoresList[i] = storesLabel.get(i).getText(): null

2018-06-14 17:20:04 - [TEST_STEP][PASSED] - Statement - StoresCBList1.get(i).click(): null

2018-06-14 17:20:04 - [TEST_STEP][PASSED] - Statement - groupStoresList[i] = storesLabel.get(i).getText(): null

2018-06-14 17:20:04 - [TEST_STEP][PASSED] - Statement - StoresCBList1.get(i).click(): null

2018-06-14 17:20:04 - [TEST_STEP][PASSED] - Statement - groupStoresList[i] = storesLabel.get(i).getText(): null

2018-06-14 17:20:04 - [TEST_STEP][PASSED] - Statement - StoresCBList1.get(i).click(): null

2018-06-14 17:20:04 - [TEST_STEP][PASSED] - Statement - groupStoresList[i] = storesLabel.get(i).getText(): null

2018-06-14 17:20:04 - [TEST_STEP][PASSED] - Statement - StoresCBList1.get(i).click(): null

2018-06-14 17:20:04 - [TEST_STEP][PASSED] - Statement - groupStoresList[i] = storesLabel.get(i).getText(): null

2018-06-14 17:20:04 - [TEST_STEP][PASSED] - Statement - StoresCBList1.get(i).click(): null

2018-06-14 17:20:04 - [TEST_STEP][PASSED] - Statement - groupStoresList[i] = storesLabel.get(i).getText(): null

2018-06-14 17:20:04 - [TEST_STEP][PASSED] - Statement - StoresCBList1.get(i).click(): null

2018-06-14 17:20:04 - [TEST_STEP][PASSED] - Statement - groupStoresList[i] = storesLabel.get(i).getText(): null

2018-06-14 17:20:04 - [TEST_STEP][PASSED] - Statement - StoresCBList1.get(i).click(): null

2018-06-14 17:20:04 - [TEST_STEP][PASSED] - Statement - groupStoresList[i] = storesLabel.get(i).getText(): null

2018-06-14 17:20:04 - [TEST_STEP][PASSED] - Statement - StoresCBList1.get(i).click(): null

2018-06-14 17:20:04 - [TEST_STEP][PASSED] - Statement - groupStoresList[i] = storesLabel.get(i).getText(): null

2018-06-14 17:20:04 - [TEST_STEP][PASSED] - Statement - StoresCBList1.get(i).click(): null

2018-06-14 17:20:04 - [TEST_STEP][PASSED] - Statement - groupStoresList[i] = storesLabel.get(i).getText(): null

2018-06-14 17:20:04 - [TEST_STEP][PASSED] - Statement - StoresCBList1.get(i).click(): null

2018-06-14 17:20:05 - [TEST_STEP][PASSED] - Statement - groupStoresList[i] = storesLabel.get(i).getText(): null

2018-06-14 17:20:05 - [TEST_STEP][PASSED] - Statement - StoresCBList1.get(i).click(): null

2018-06-14 17:20:05 - [TEST_STEP][PASSED] - Statement - groupStoresList[i] = storesLabel.get(i).getText(): null

2018-06-14 17:20:05 - [TEST_STEP][PASSED] - Statement - StoresCBList1.get(i).click(): null

2018-06-14 17:20:05 - [TEST_STEP][PASSED] - Statement - groupStoresList[i] = storesLabel.get(i).getText(): null

2018-06-14 17:20:05 - [TEST_STEP][PASSED] - Statement - StoresCBList1.get(i).click(): null

2018-06-14 17:20:05 - [TEST_STEP][PASSED] - Statement - groupStoresList[i] = storesLabel.get(i).getText(): null

2018-06-14 17:20:05 - [TEST_STEP][PASSED] - Statement - StoresCBList1.get(i).click(): null

2018-06-14 17:20:05 - [TEST_STEP][PASSED] - Statement - groupStoresList[i] = storesLabel.get(i).getText(): null

2018-06-14 17:20:05 - [TEST_STEP][PASSED] - Statement - StoresCBList1.get(i).click(): null

2018-06-14 17:20:05 - [TEST_STEP][PASSED] - Statement - groupStoresList[i] = storesLabel.get(i).getText(): null

2018-06-14 17:20:05 - [TEST_STEP][PASSED] - Statement - StoresCBList1.get(i).click(): null

2018-06-14 17:20:05 - [TEST_STEP][PASSED] - Statement - groupStoresList[i] = storesLabel.get(i).getText(): null

2018-06-14 17:20:05 - [TEST_STEP][PASSED] - Statement - StoresCBList1.get(i).click(): null

2018-06-14 17:20:05 - [TEST_STEP][PASSED] - Statement - groupStoresList[i] = storesLabel.get(i).getText(): null

2018-06-14 17:20:05 - [TEST_STEP][PASSED] - Statement - StoresCBList1.get(i).click(): null

2018-06-14 17:20:05 - [TEST_STEP][PASSED] - Statement - groupStoresList[i] = storesLabel.get(i).getText(): null

2018-06-14 17:20:05 - [TEST_STEP][PASSED] - Statement - StoresCBList1.get(i).click(): null

2018-06-14 17:20:05 - [TEST_STEP][PASSED] - Statement - groupStoresList[i] = storesLabel.get(i).getText(): null

2018-06-14 17:20:05 - [TEST_STEP][PASSED] - Statement - StoresCBList1.get(i).click(): null

2018-06-14 17:20:05 - [TEST_STEP][PASSED] - Statement - groupStoresList[i] = storesLabel.get(i).getText(): null

2018-06-14 17:20:05 - [TEST_STEP][PASSED] - Statement - StoresCBList1.get(i).click(): null

2018-06-14 17:20:05 - [TEST_STEP][PASSED] - Statement - groupStoresList[i] = storesLabel.get(i).getText(): null

2018-06-14 17:20:05 - [TEST_STEP][PASSED] - Statement - StoresCBList1.get(i).click(): null

2018-06-14 17:20:05 - [TEST_STEP][PASSED] - Statement - groupStoresList[i] = storesLabel.get(i).getText(): null

2018-06-14 17:20:05 - [TEST_STEP][PASSED] - Statement - StoresCBList1.get(i).click(): null

2018-06-14 17:20:05 - [TEST_STEP][PASSED] - Statement - groupStoresList[i] = storesLabel.get(i).getText(): null

2018-06-14 17:20:05 - [TEST_STEP][PASSED] - Statement - StoresCBList1.get(i).click(): null

2018-06-14 17:20:05 - [TEST_STEP][PASSED] - Statement - groupStoresList[i] = storesLabel.get(i).getText(): null

2018-06-14 17:20:05 - [TEST_STEP][PASSED] - Statement - StoresCBList1.get(i).click(): null

2018-06-14 17:20:06 - [TEST_STEP][PASSED] - Statement - groupStoresList[i] = storesLabel.get(i).getText(): null

2018-06-14 17:20:06 - [TEST_STEP][PASSED] - Statement - StoresCBList1.get(i).click(): null

2018-06-14 17:20:06 - [TEST_STEP][PASSED] - Statement - groupStoresList[i] = storesLabel.get(i).getText(): null

2018-06-14 17:20:06 - [TEST_STEP][PASSED] - Statement - StoresCBList1.get(i).click(): null

2018-06-14 17:20:06 - [TEST_STEP][PASSED] - Statement - groupStoresList[i] = storesLabel.get(i).getText(): null

2018-06-14 17:20:06 - [TEST_STEP][PASSED] - Statement - StoresCBList1.get(i).click(): null

2018-06-14 17:20:06 - [TEST_STEP][PASSED] - Statement - groupStoresList[i] = storesLabel.get(i).getText(): null

2018-06-14 17:20:06 - [TEST_STEP][PASSED] - Statement - StoresCBList1.get(i).click(): null

2018-06-14 17:20:06 - [TEST_STEP][PASSED] - Statement - groupStoresList[i] = storesLabel.get(i).getText(): null

2018-06-14 17:20:06 - [TEST_STEP][PASSED] - Statement - StoresCBList1.get(i).click(): null

2018-06-14 17:20:06 - [TEST_STEP][PASSED] - Statement - groupStoresList[i] = storesLabel.get(i).getText(): null

2018-06-14 17:20:06 - [TEST_STEP][PASSED] - Statement - StoresCBList1.get(i).click(): null

2018-06-14 17:20:06 - [TEST_STEP][PASSED] - Statement - groupStoresList[i] = storesLabel.get(i).getText(): null

2018-06-14 17:20:06 - [TEST_STEP][PASSED] - Statement - StoresCBList1.get(i).click(): null

2018-06-14 17:20:06 - [TEST_STEP][PASSED] - Statement - groupStoresList[i] = storesLabel.get(i).getText(): null

2018-06-14 17:20:06 - [TEST_STEP][PASSED] - Statement - StoresCBList1.get(i).click(): null

2018-06-14 17:20:06 - [TEST_STEP][PASSED] - Statement - groupStoresList[i] = storesLabel.get(i).getText(): null

2018-06-14 17:20:06 - [TEST_STEP][PASSED] - Statement - StoresCBList1.get(i).click(): null

2018-06-14 17:20:06 - [TEST_STEP][PASSED] - Statement - groupStoresList[i] = storesLabel.get(i).getText(): null

2018-06-14 17:20:06 - [TEST_STEP][PASSED] - Statement - StoresCBList1.get(i).click(): null

2018-06-14 17:20:06 - [TEST_STEP][PASSED] - Statement - groupStoresList[i] = storesLabel.get(i).getText(): null

2018-06-14 17:20:06 - [TEST_STEP][PASSED] - Statement - StoresCBList1.get(i).click(): null

2018-06-14 17:20:06 - [TEST_STEP][PASSED] - Statement - groupStoresList[i] = storesLabel.get(i).getText(): null

2018-06-14 17:20:06 - [TEST_STEP][PASSED] - Statement - StoresCBList1.get(i).click(): null

2018-06-14 17:20:06 - [TEST_STEP][PASSED] - Statement - groupStoresList[i] = storesLabel.get(i).getText(): null

2018-06-14 17:20:06 - [TEST_STEP][PASSED] - Statement - StoresCBList1.get(i).click(): null

2018-06-14 17:20:06 - [TEST_STEP][PASSED] - Statement - groupStoresList[i] = storesLabel.get(i).getText(): null

2018-06-14 17:20:06 - [TEST_STEP][PASSED] - Statement - StoresCBList1.get(i).click(): null

2018-06-14 17:20:06 - [TEST_STEP][PASSED] - Statement - groupStoresList[i] = storesLabel.get(i).getText(): null

2018-06-14 17:20:06 - [TEST_STEP][PASSED] - Statement - StoresCBList1.get(i).click(): null

2018-06-14 17:20:06 - [TEST_STEP][PASSED] - Statement - groupStoresList[i] = storesLabel.get(i).getText(): null

2018-06-14 17:20:06 - [TEST_STEP][PASSED] - Statement - StoresCBList1.get(i).click(): null

2018-06-14 17:20:06 - [TEST_STEP][PASSED] - Statement - groupStoresList[i] = storesLabel.get(i).getText(): null

2018-06-14 17:20:06 - [TEST_STEP][PASSED] - Statement - StoresCBList1.get(i).click(): null

2018-06-14 17:20:06 - [TEST_STEP][PASSED] - Statement - groupStoresList[i] = storesLabel.get(i).getText(): null

2018-06-14 17:20:06 - [TEST_STEP][PASSED] - Statement - StoresCBList1.get(i).click(): null

2018-06-14 17:20:06 - [TEST_STEP][PASSED] - Statement - groupStoresList[i] = storesLabel.get(i).getText(): null

2018-06-14 17:20:06 - [TEST_STEP][PASSED] - Statement - StoresCBList1.get(i).click(): null

2018-06-14 17:20:06 - [TEST_STEP][PASSED] - Statement - groupStoresList[i] = storesLabel.get(i).getText(): null

2018-06-14 17:20:06 - [TEST_STEP][PASSED] - Statement - StoresCBList1.get(i).click(): null

2018-06-14 17:20:07 - [TEST_STEP][PASSED] - Statement - groupStoresList[i] = storesLabel.get(i).getText(): null

2018-06-14 17:20:07 - [TEST_STEP][PASSED] - Statement - StoresCBList1.get(i).click(): null

2018-06-14 17:20:07 - [TEST_STEP][PASSED] - Statement - groupStoresList[i] = storesLabel.get(i).getText(): null

2018-06-14 17:20:07 - [TEST_STEP][PASSED] - Statement - StoresCBList1.get(i).click(): null

2018-06-14 17:20:07 - [TEST_STEP][PASSED] - Statement - groupStoresList[i] = storesLabel.get(i).getText(): null

2018-06-14 17:20:07 - [TEST_STEP][PASSED] - Statement - StoresCBList1.get(i).click(): null

2018-06-14 17:20:07 - [TEST_STEP][PASSED] - Statement - groupStoresList[i] = storesLabel.get(i).getText(): null

2018-06-14 17:20:07 - [TEST_STEP][PASSED] - Statement - StoresCBList1.get(i).click(): null

2018-06-14 17:20:07 - [TEST_STEP][PASSED] - Statement - groupStoresList[i] = storesLabel.get(i).getText(): null

2018-06-14 17:20:07 - [TEST_STEP][PASSED] - Statement - StoresCBList1.get(i).click(): null

2018-06-14 17:20:07 - [TEST_STEP][PASSED] - Statement - groupStoresList[i] = storesLabel.get(i).getText(): null

2018-06-14 17:20:07 - [TEST_STEP][PASSED] - Statement - StoresCBList1.get(i).click(): null

2018-06-14 17:20:07 - [TEST_STEP][PASSED] - Statement - groupStoresList[i] = storesLabel.get(i).getText(): null

2018-06-14 17:20:07 - [TEST_STEP][PASSED] - Statement - StoresCBList1.get(i).click(): null

2018-06-14 17:20:07 - [TEST_STEP][PASSED] - Statement - groupStoresList[i] = storesLabel.get(i).getText(): null

2018-06-14 17:20:07 - [TEST_STEP][PASSED] - Statement - StoresCBList1.get(i).click(): null

2018-06-14 17:20:07 - [TEST_STEP][PASSED] - Statement - groupStoresList[i] = storesLabel.get(i).getText(): null

2018-06-14 17:20:07 - [TEST_STEP][PASSED] - Statement - StoresCBList1.get(i).click(): null

2018-06-14 17:20:07 - [TEST_STEP][PASSED] - Statement - groupStoresList[i] = storesLabel.get(i).getText(): null

2018-06-14 17:20:07 - [TEST_STEP][PASSED] - Statement - StoresCBList1.get(i).click(): null

2018-06-14 17:20:07 - [TEST_STEP][PASSED] - Statement - groupStoresList[i] = storesLabel.get(i).getText(): null

2018-06-14 17:20:07 - [TEST_STEP][PASSED] - Statement - StoresCBList1.get(i).click(): null

2018-06-14 17:20:07 - [TEST_STEP][PASSED] - Statement - groupStoresList[i] = storesLabel.get(i).getText(): null

2018-06-14 17:20:07 - [TEST_STEP][PASSED] - Statement - StoresCBList1.get(i).click(): null

2018-06-14 17:20:07 - [TEST_STEP][PASSED] - Statement - groupStoresList[i] = storesLabel.get(i).getText(): null

2018-06-14 17:20:07 - [TEST_STEP][PASSED] - Statement - StoresCBList1.get(i).click(): null

2018-06-14 17:20:07 - [TEST_STEP][PASSED] - Statement - groupStoresList[i] = storesLabel.get(i).getText(): null

2018-06-14 17:20:07 - [TEST_STEP][PASSED] - Statement - StoresCBList1.get(i).click(): null

2018-06-14 17:20:07 - [TEST_STEP][PASSED] - Statement - groupStoresList[i] = storesLabel.get(i).getText(): null

2018-06-14 17:20:07 - [TEST_STEP][PASSED] - Statement - StoresCBList1.get(i).click(): null

2018-06-14 17:20:07 - [TEST_STEP][PASSED] - Statement - groupStoresList[i] = storesLabel.get(i).getText(): null

2018-06-14 17:20:07 - [TEST_STEP][PASSED] - Statement - StoresCBList1.get(i).click(): null

2018-06-14 17:20:07 - [TEST_STEP][PASSED] - Statement - groupStoresList[i] = storesLabel.get(i).getText(): null

2018-06-14 17:20:07 - [TEST_STEP][PASSED] - Statement - StoresCBList1.get(i).click(): null

2018-06-14 17:20:07 - [TEST_STEP][PASSED] - Statement - groupStoresList[i] = storesLabel.get(i).getText(): null

2018-06-14 17:20:07 - [TEST_STEP][PASSED] - Statement - StoresCBList1.get(i).click(): null

2018-06-14 17:20:07 - [TEST_STEP][PASSED] - Statement - groupStoresList[i] = storesLabel.get(i).getText(): null

2018-06-14 17:20:07 - [TEST_STEP][PASSED] - Statement - StoresCBList1.get(i).click(): null

2018-06-14 17:20:07 - [TEST_STEP][PASSED] - Statement - groupStoresList[i] = storesLabel.get(i).getText(): null

2018-06-14 17:20:08 - [TEST_STEP][PASSED] - Statement - StoresCBList1.get(i).click(): null

2018-06-14 17:20:08 - [TEST_STEP][PASSED] - Statement - groupStoresList[i] = storesLabel.get(i).getText(): null

2018-06-14 17:20:08 - [TEST_STEP][PASSED] - Statement - StoresCBList1.get(i).click(): null

2018-06-14 17:20:08 - [TEST_STEP][PASSED] - Statement - groupStoresList[i] = storesLabel.get(i).getText(): null

2018-06-14 17:20:08 - [TEST_STEP][PASSED] - Statement - StoresCBList1.get(i).click(): null

2018-06-14 17:20:08 - [TEST_STEP][PASSED] - Statement - groupStoresList[i] = storesLabel.get(i).getText(): null

2018-06-14 17:20:08 - [TEST_STEP][PASSED] - Statement - StoresCBList1.get(i).click(): null

2018-06-14 17:20:08 - [TEST_STEP][PASSED] - Statement - groupStoresList[i] = storesLabel.get(i).getText(): null

2018-06-14 17:20:08 - [TEST_STEP][PASSED] - Statement - StoresCBList1.get(i).click(): null

2018-06-14 17:20:08 - [TEST_STEP][PASSED] - Statement - groupStoresList[i] = storesLabel.get(i).getText(): null

2018-06-14 17:20:08 - [TEST_STEP][PASSED] - Statement - StoresCBList1.get(i).click(): null

2018-06-14 17:20:08 - [TEST_STEP][PASSED] - Statement - groupStoresList[i] = storesLabel.get(i).getText(): null

2018-06-14 17:20:08 - [TEST_STEP][PASSED] - Statement - StoresCBList1.get(i).click(): null

2018-06-14 17:20:08 - [TEST_STEP][PASSED] - Statement - groupStoresList[i] = storesLabel.get(i).getText(): null

2018-06-14 17:20:08 - [TEST_STEP][PASSED] - Statement - StoresCBList1.get(i).click(): null

2018-06-14 17:20:08 - [TEST_STEP][PASSED] - Statement - groupStoresList[i] = storesLabel.get(i).getText(): null

2018-06-14 17:20:08 - [TEST_STEP][PASSED] - Statement - StoresCBList1.get(i).click(): null

2018-06-14 17:20:08 - [TEST_STEP][PASSED] - Statement - groupStoresList[i] = storesLabel.get(i).getText(): null

2018-06-14 17:20:08 - [TEST_STEP][PASSED] - Statement - StoresCBList1.get(i).click(): null

2018-06-14 17:20:08 - [TEST_STEP][PASSED] - Statement - groupStoresList[i] = storesLabel.get(i).getText(): null

2018-06-14 17:20:08 - [TEST_STEP][PASSED] - Statement - StoresCBList1.get(i).click(): null

2018-06-14 17:20:08 - [TEST_STEP][PASSED] - Statement - groupStoresList[i] = storesLabel.get(i).getText(): null

2018-06-14 17:20:08 - [TEST_STEP][PASSED] - Statement - StoresCBList1.get(i).click(): null

2018-06-14 17:20:08 - [TEST_STEP][PASSED] - Statement - groupStoresList[i] = storesLabel.get(i).getText(): null

2018-06-14 17:20:08 - [TEST_STEP][PASSED] - Statement - StoresCBList1.get(i).click(): null

2018-06-14 17:20:08 - [TEST_STEP][PASSED] - Statement - groupStoresList[i] = storesLabel.get(i).getText(): null

2018-06-14 17:20:08 - [TEST_STEP][PASSED] - Statement - StoresCBList1.get(i).click(): null

2018-06-14 17:20:08 - [TEST_STEP][PASSED] - Statement - groupStoresList[i] = storesLabel.get(i).getText(): null

2018-06-14 17:20:08 - [TEST_STEP][PASSED] - Statement - StoresCBList1.get(i).click(): null

2018-06-14 17:20:08 - [TEST_STEP][PASSED] - Statement - groupStoresList[i] = storesLabel.get(i).getText(): null

2018-06-14 17:20:08 - [TEST_STEP][PASSED] - Statement - StoresCBList1.get(i).click(): null

2018-06-14 17:20:08 - [TEST_STEP][PASSED] - Statement - groupStoresList[i] = storesLabel.get(i).getText(): null

2018-06-14 17:20:08 - [TEST_STEP][PASSED] - Statement - StoresCBList1.get(i).click(): null

2018-06-14 17:20:08 - [TEST_STEP][PASSED] - Statement - groupStoresList[i] = storesLabel.get(i).getText(): null

2018-06-14 17:20:08 - [TEST_STEP][PASSED] - Statement - StoresCBList1.get(i).click(): null

2018-06-14 17:20:08 - [TEST_STEP][PASSED] - Statement - groupStoresList[i] = storesLabel.get(i).getText(): null

2018-06-14 17:20:08 - [TEST_STEP][PASSED] - Statement - StoresCBList1.get(i).click(): null

2018-06-14 17:20:08 - [TEST_STEP][PASSED] - Statement - groupStoresList[i] = storesLabel.get(i).getText(): null

2018-06-14 17:20:08 - [TEST_STEP][PASSED] - Statement - StoresCBList1.get(i).click(): null

2018-06-14 17:20:08 - [TEST_STEP][PASSED] - Statement - groupStoresList[i] = storesLabel.get(i).getText(): null

2018-06-14 17:20:09 - [TEST_STEP][PASSED] - Statement - StoresCBList1.get(i).click(): null

2018-06-14 17:20:09 - [TEST_STEP][PASSED] - Statement - groupStoresList[i] = storesLabel.get(i).getText(): null

2018-06-14 17:20:09 - [TEST_STEP][PASSED] - Statement - StoresCBList1.get(i).click(): null

2018-06-14 17:20:09 - [TEST_STEP][PASSED] - Statement - groupStoresList[i] = storesLabel.get(i).getText(): null

2018-06-14 17:20:09 - [TEST_STEP][PASSED] - Statement - StoresCBList1.get(i).click(): null

2018-06-14 17:20:09 - [TEST_STEP][PASSED] - Statement - groupStoresList[i] = storesLabel.get(i).getText(): null

2018-06-14 17:20:09 - [TEST_STEP][PASSED] - Statement - StoresCBList1.get(i).click(): null

2018-06-14 17:20:09 - [TEST_STEP][PASSED] - Statement - groupStoresList[i] = storesLabel.get(i).getText(): null

2018-06-14 17:20:09 - [TEST_STEP][PASSED] - Statement - StoresCBList1.get(i).click(): null

2018-06-14 17:20:09 - [TEST_STEP][PASSED] - Statement - groupStoresList[i] = storesLabel.get(i).getText(): null

2018-06-14 17:20:09 - [TEST_STEP][PASSED] - Statement - StoresCBList1.get(i).click(): null

2018-06-14 17:20:09 - [TEST_STEP][PASSED] - Statement - groupStoresList[i] = storesLabel.get(i).getText(): null

2018-06-14 17:20:09 - [TEST_STEP][PASSED] - Statement - StoresCBList1.get(i).click(): null

2018-06-14 17:20:09 - [TEST_STEP][PASSED] - Statement - groupStoresList[i] = storesLabel.get(i).getText(): null

2018-06-14 17:20:09 - [TEST_STEP][PASSED] - Statement - StoresCBList1.get(i).click(): null

2018-06-14 17:20:09 - [TEST_STEP][PASSED] - Statement - groupStoresList[i] = storesLabel.get(i).getText(): null

2018-06-14 17:20:09 - [TEST_STEP][PASSED] - Statement - StoresCBList1.get(i).click(): null

2018-06-14 17:20:09 - [TEST_STEP][PASSED] - Statement - groupStoresList[i] = storesLabel.get(i).getText(): null

2018-06-14 17:20:09 - [TEST_STEP][PASSED] - Statement - StoresCBList1.get(i).click(): null

2018-06-14 17:20:09 - [TEST_STEP][PASSED] - Statement - groupStoresList[i] = storesLabel.get(i).getText(): null

2018-06-14 17:20:09 - [TEST_STEP][PASSED] - Statement - StoresCBList1.get(i).click(): null

2018-06-14 17:20:09 - [TEST_STEP][PASSED] - Statement - groupStoresList[i] = storesLabel.get(i).getText(): null

2018-06-14 17:20:09 - [TEST_STEP][PASSED] - Statement - StoresCBList1.get(i).click(): null

2018-06-14 17:20:09 - [TEST_STEP][PASSED] - Statement - groupStoresList[i] = storesLabel.get(i).getText(): null

2018-06-14 17:20:09 - [TEST_STEP][PASSED] - Statement - StoresCBList1.get(i).click(): null

2018-06-14 17:20:09 - [TEST_STEP][PASSED] - Statement - groupStoresList[i] = storesLabel.get(i).getText(): null

2018-06-14 17:20:09 - [TEST_STEP][PASSED] - Statement - StoresCBList1.get(i).click(): null

2018-06-14 17:20:09 - [TEST_STEP][PASSED] - Statement - groupStoresList[i] = storesLabel.get(i).getText(): null

2018-06-14 17:20:09 - [TEST_STEP][PASSED] - Statement - StoresCBList1.get(i).click(): null

2018-06-14 17:20:09 - [TEST_STEP][PASSED] - Statement - groupStoresList[i] = storesLabel.get(i).getText(): null

2018-06-14 17:20:09 - [TEST_STEP][PASSED] - Statement - StoresCBList1.get(i).click(): null

2018-06-14 17:20:09 - [TEST_STEP][PASSED] - Statement - groupStoresList[i] = storesLabel.get(i).getText(): null

2018-06-14 17:20:09 - [TEST_STEP][PASSED] - Statement - StoresCBList1.get(i).click(): null

2018-06-14 17:20:09 - [TEST_STEP][PASSED] - Statement - groupStoresList[i] = storesLabel.get(i).getText(): null

2018-06-14 17:20:09 - [TEST_STEP][PASSED] - Statement - StoresCBList1.get(i).click(): null

2018-06-14 17:20:09 - [TEST_STEP][PASSED] - Statement - groupStoresList[i] = storesLabel.get(i).getText(): null

2018-06-14 17:20:09 - [TEST_STEP][PASSED] - Statement - StoresCBList1.get(i).click(): null

2018-06-14 17:20:09 - [TEST_STEP][PASSED] - Statement - groupStoresList[i] = storesLabel.get(i).getText(): null

2018-06-14 17:20:10 - [TEST_STEP][PASSED] - Statement - StoresCBList1.get(i).click(): null

2018-06-14 17:20:10 - [TEST_STEP][PASSED] - Statement - groupStoresList[i] = storesLabel.get(i).getText(): null

2018-06-14 17:20:10 - [TEST_STEP][PASSED] - Statement - StoresCBList1.get(i).click(): null

2018-06-14 17:20:10 - [TEST_STEP][PASSED] - Statement - groupStoresList[i] = storesLabel.get(i).getText(): null

2018-06-14 17:20:10 - [TEST_STEP][PASSED] - Statement - StoresCBList1.get(i).click(): null

2018-06-14 17:20:10 - [TEST_STEP][PASSED] - Statement - groupStoresList[i] = storesLabel.get(i).getText(): null

2018-06-14 17:20:10 - [TEST_STEP][PASSED] - Statement - StoresCBList1.get(i).click(): null

2018-06-14 17:20:10 - [TEST_STEP][PASSED] - Statement - groupStoresList[i] = storesLabel.get(i).getText(): null

2018-06-14 17:20:10 - [TEST_STEP][PASSED] - Statement - StoresCBList1.get(i).click(): null

2018-06-14 17:20:10 - [TEST_STEP][PASSED] - Statement - groupStoresList[i] = storesLabel.get(i).getText(): null

2018-06-14 17:20:10 - [TEST_STEP][PASSED] - Statement - StoresCBList1.get(i).click(): null

2018-06-14 17:20:10 - [TEST_STEP][PASSED] - Statement - groupStoresList[i] = storesLabel.get(i).getText(): null

2018-06-14 17:20:10 - [TEST_STEP][PASSED] - Statement - StoresCBList1.get(i).click(): null

2018-06-14 17:20:10 - [TEST_STEP][PASSED] - Statement - groupStoresList[i] = storesLabel.get(i).getText(): null

2018-06-14 17:20:10 - [TEST_STEP][PASSED] - Statement - StoresCBList1.get(i).click(): null

2018-06-14 17:20:10 - [TEST_STEP][PASSED] - Statement - groupStoresList[i] = storesLabel.get(i).getText(): null

2018-06-14 17:20:10 - [TEST_STEP][PASSED] - Statement - StoresCBList1.get(i).click(): null

2018-06-14 17:20:10 - [TEST_STEP][PASSED] - Statement - groupStoresList[i] = storesLabel.get(i).getText(): null

2018-06-14 17:20:10 - [TEST_STEP][PASSED] - Statement - StoresCBList1.get(i).click(): null

2018-06-14 17:20:10 - [TEST_STEP][PASSED] - Statement - groupStoresList[i] = storesLabel.get(i).getText(): null

2018-06-14 17:20:10 - [TEST_STEP][PASSED] - Statement - StoresCBList1.get(i).click(): null

2018-06-14 17:20:10 - [TEST_STEP][PASSED] - Statement - groupStoresList[i] = storesLabel.get(i).getText(): null

2018-06-14 17:20:10 - [TEST_STEP][PASSED] - Statement - StoresCBList1.get(i).click(): null

2018-06-14 17:20:10 - [TEST_STEP][PASSED] - Statement - groupStoresList[i] = storesLabel.get(i).getText(): null

2018-06-14 17:20:10 - [TEST_STEP][PASSED] - Statement - StoresCBList1.get(i).click(): null

2018-06-14 17:20:10 - [TEST_STEP][PASSED] - Statement - groupStoresList[i] = storesLabel.get(i).getText(): null

2018-06-14 17:20:10 - [TEST_STEP][PASSED] - Statement - StoresCBList1.get(i).click(): null

2018-06-14 17:20:10 - [TEST_STEP][PASSED] - Statement - groupStoresList[i] = storesLabel.get(i).getText(): null

2018-06-14 17:20:10 - [TEST_STEP][PASSED] - Statement - StoresCBList1.get(i).click(): null

2018-06-14 17:20:10 - [TEST_STEP][PASSED] - Statement - groupStoresList[i] = storesLabel.get(i).getText(): null

2018-06-14 17:20:10 - [TEST_STEP][PASSED] - Statement - StoresCBList1.get(i).click(): null

2018-06-14 17:20:10 - [TEST_STEP][PASSED] - Statement - groupStoresList[i] = storesLabel.get(i).getText(): null

2018-06-14 17:20:10 - [TEST_STEP][PASSED] - Statement - StoresCBList1.get(i).click(): null

2018-06-14 17:20:10 - [TEST_STEP][PASSED] - Statement - groupStoresList[i] = storesLabel.get(i).getText(): null

2018-06-14 17:20:10 - [TEST_STEP][PASSED] - Statement - StoresCBList1.get(i).click(): null

2018-06-14 17:20:10 - [TEST_STEP][PASSED] - Statement - groupStoresList[i] = storesLabel.get(i).getText(): null

2018-06-14 17:20:10 - [TEST_STEP][PASSED] - Statement - StoresCBList1.get(i).click(): null

2018-06-14 17:20:10 - [TEST_STEP][PASSED] - Statement - groupStoresList[i] = storesLabel.get(i).getText(): null

2018-06-14 17:20:10 - [TEST_STEP][PASSED] - Statement - StoresCBList1.get(i).click(): null

2018-06-14 17:20:10 - [TEST_STEP][PASSED] - Statement - groupStoresList[i] = storesLabel.get(i).getText(): null

2018-06-14 17:20:11 - [TEST_STEP][PASSED] - Statement - StoresCBList1.get(i).click(): null

2018-06-14 17:20:11 - [TEST_STEP][PASSED] - Statement - groupStoresList[i] = storesLabel.get(i).getText(): null

2018-06-14 17:20:11 - [TEST_STEP][PASSED] - Statement - StoresCBList1.get(i).click(): null

2018-06-14 17:20:11 - [TEST_STEP][PASSED] - Statement - groupStoresList[i] = storesLabel.get(i).getText(): null

2018-06-14 17:20:11 - [TEST_STEP][PASSED] - Statement - StoresCBList1.get(i).click(): null

2018-06-14 17:20:11 - [TEST_STEP][PASSED] - Statement - groupStoresList[i] = storesLabel.get(i).getText(): null

2018-06-14 17:20:11 - [TEST_STEP][PASSED] - Statement - StoresCBList1.get(i).click(): null

2018-06-14 17:20:11 - [TEST_STEP][PASSED] - Statement - groupStoresList[i] = storesLabel.get(i).getText(): null

2018-06-14 17:20:11 - [TEST_STEP][PASSED] - Statement - StoresCBList1.get(i).click(): null

2018-06-14 17:20:11 - [TEST_STEP][PASSED] - Statement - groupStoresList[i] = storesLabel.get(i).getText(): null

2018-06-14 17:20:11 - [TEST_STEP][PASSED] - Statement - StoresCBList1.get(i).click(): null

2018-06-14 17:20:11 - [TEST_STEP][PASSED] - Statement - groupStoresList[i] = storesLabel.get(i).getText(): null

2018-06-14 17:20:11 - [TEST_STEP][PASSED] - Statement - StoresCBList1.get(i).click(): null

2018-06-14 17:20:11 - [TEST_STEP][PASSED] - Statement - groupStoresList[i] = storesLabel.get(i).getText(): null

2018-06-14 17:20:11 - [TEST_STEP][PASSED] - Statement - StoresCBList1.get(i).click(): null

2018-06-14 17:20:11 - [TEST_STEP][PASSED] - Statement - groupStoresList[i] = storesLabel.get(i).getText(): null

2018-06-14 17:20:11 - [TEST_STEP][PASSED] - Statement - StoresCBList1.get(i).click(): null

2018-06-14 17:20:11 - [TEST_STEP][PASSED] - Statement - groupStoresList[i] = storesLabel.get(i).getText(): null

2018-06-14 17:20:11 - [TEST_STEP][PASSED] - Statement - StoresCBList1.get(i).click(): null

2018-06-14 17:20:11 - [TEST_STEP][PASSED] - Statement - groupStoresList[i] = storesLabel.get(i).getText(): null

2018-06-14 17:20:11 - [TEST_STEP][PASSED] - Statement - StoresCBList1.get(i).click(): null

2018-06-14 17:20:11 - [TEST_STEP][PASSED] - Statement - groupStoresList[i] = storesLabel.get(i).getText(): null

2018-06-14 17:20:11 - [TEST_STEP][PASSED] - Statement - StoresCBList1.get(i).click(): null

2018-06-14 17:20:11 - [TEST_STEP][PASSED] - Statement - groupStoresList[i] = storesLabel.get(i).getText(): null

2018-06-14 17:20:11 - [TEST_STEP][PASSED] - Statement - StoresCBList1.get(i).click(): null

2018-06-14 17:20:11 - [TEST_STEP][PASSED] - Statement - groupStoresList[i] = storesLabel.get(i).getText(): null

2018-06-14 17:20:11 - [TEST_STEP][PASSED] - Statement - StoresCBList1.get(i).click(): null

2018-06-14 17:20:11 - [TEST_STEP][PASSED] - Statement - groupStoresList[i] = storesLabel.get(i).getText(): null

2018-06-14 17:20:11 - [TEST_STEP][PASSED] - Statement - StoresCBList1.get(i).click(): null

2018-06-14 17:20:11 - [TEST_STEP][PASSED] - Statement - groupStoresList[i] = storesLabel.get(i).getText(): null

2018-06-14 17:20:11 - [TEST_STEP][PASSED] - Statement - StoresCBList1.get(i).click(): null

2018-06-14 17:20:11 - [TEST_STEP][PASSED] - Statement - groupStoresList[i] = storesLabel.get(i).getText(): null

2018-06-14 17:20:11 - [TEST_STEP][PASSED] - Statement - StoresCBList1.get(i).click(): null

2018-06-14 17:20:11 - [TEST_STEP][PASSED] - Statement - groupStoresList[i] = storesLabel.get(i).getText(): null

2018-06-14 17:20:11 - [TEST_STEP][PASSED] - Statement - StoresCBList1.get(i).click(): null

2018-06-14 17:20:11 - [TEST_STEP][PASSED] - Statement - groupStoresList[i] = storesLabel.get(i).getText(): null

2018-06-14 17:20:11 - [TEST_STEP][PASSED] - Statement - StoresCBList1.get(i).click(): null

2018-06-14 17:20:11 - [TEST_STEP][PASSED] - Statement - groupStoresList[i] = storesLabel.get(i).getText(): null

2018-06-14 17:20:11 - [TEST_STEP][PASSED] - Statement - StoresCBList1.get(i).click(): null

2018-06-14 17:20:11 - [TEST_STEP][PASSED] - Statement - groupStoresList[i] = storesLabel.get(i).getText(): null

2018-06-14 17:20:12 - [TEST_STEP][PASSED] - Statement - StoresCBList1.get(i).click(): null

2018-06-14 17:20:12 - [TEST_STEP][PASSED] - Statement - groupStoresList[i] = storesLabel.get(i).getText(): null

2018-06-14 17:20:12 - [TEST_STEP][PASSED] - Statement - StoresCBList1.get(i).click(): null

2018-06-14 17:20:12 - [TEST_STEP][PASSED] - Statement - groupStoresList[i] = storesLabel.get(i).getText(): null

2018-06-14 17:20:12 - [TEST_STEP][PASSED] - Statement - StoresCBList1.get(i).click(): null

2018-06-14 17:20:12 - [TEST_STEP][PASSED] - Statement - groupStoresList[i] = storesLabel.get(i).getText(): null

2018-06-14 17:20:12 - [TEST_STEP][PASSED] - Statement - StoresCBList1.get(i).click(): null

2018-06-14 17:20:12 - [TEST_STEP][PASSED] - Statement - groupStoresList[i] = storesLabel.get(i).getText(): null

2018-06-14 17:20:12 - [TEST_STEP][PASSED] - Statement - StoresCBList1.get(i).click(): null

2018-06-14 17:20:12 - [TEST_STEP][PASSED] - Statement - groupStoresList[i] = storesLabel.get(i).getText(): null

2018-06-14 17:20:12 - [TEST_STEP][PASSED] - Statement - StoresCBList1.get(i).click(): null

2018-06-14 17:20:12 - [TEST_STEP][PASSED] - Statement - groupStoresList[i] = storesLabel.get(i).getText(): null

2018-06-14 17:20:12 - [TEST_STEP][PASSED] - Statement - StoresCBList1.get(i).click(): null

2018-06-14 17:20:12 - [TEST_STEP][PASSED] - Statement - groupStoresList[i] = storesLabel.get(i).getText(): null

2018-06-14 17:20:12 - [TEST_STEP][PASSED] - Statement - StoresCBList1.get(i).click(): null

2018-06-14 17:20:12 - [TEST_STEP][PASSED] - Statement - groupStoresList[i] = storesLabel.get(i).getText(): null

2018-06-14 17:20:12 - [TEST_STEP][PASSED] - Statement - StoresCBList1.get(i).click(): null

2018-06-14 17:20:12 - [TEST_STEP][PASSED] - Statement - groupStoresList[i] = storesLabel.get(i).getText(): null

2018-06-14 17:20:12 - [TEST_STEP][PASSED] - Statement - StoresCBList1.get(i).click(): null

2018-06-14 17:20:12 - [TEST_STEP][PASSED] - Statement - groupStoresList[i] = storesLabel.get(i).getText(): null

2018-06-14 17:20:12 - [TEST_STEP][PASSED] - Statement - StoresCBList1.get(i).click(): null

2018-06-14 17:20:12 - [TEST_STEP][PASSED] - Statement - groupStoresList[i] = storesLabel.get(i).getText(): null

2018-06-14 17:20:12 - [TEST_STEP][PASSED] - Statement - StoresCBList1.get(i).click(): null

2018-06-14 17:20:12 - [TEST_STEP][PASSED] - Statement - groupStoresList[i] = storesLabel.get(i).getText(): null

2018-06-14 17:20:12 - [TEST_STEP][PASSED] - Statement - StoresCBList1.get(i).click(): null

2018-06-14 17:20:12 - [TEST_STEP][PASSED] - Statement - groupStoresList[i] = storesLabel.get(i).getText(): null

2018-06-14 17:20:12 - [TEST_STEP][PASSED] - Statement - StoresCBList1.get(i).click(): null

2018-06-14 17:20:12 - [TEST_STEP][PASSED] - Statement - groupStoresList[i] = storesLabel.get(i).getText(): null

2018-06-14 17:20:12 - [TEST_STEP][PASSED] - Statement - StoresCBList1.get(i).click(): null

2018-06-14 17:20:12 - [TEST_STEP][PASSED] - Statement - groupStoresList[i] = storesLabel.get(i).getText(): null

2018-06-14 17:20:12 - [TEST_STEP][PASSED] - Statement - StoresCBList1.get(i).click(): null

2018-06-14 17:20:12 - [TEST_STEP][PASSED] - Statement - groupStoresList[i] = storesLabel.get(i).getText(): null

2018-06-14 17:20:12 - [TEST_STEP][PASSED] - Statement - StoresCBList1.get(i).click(): null

2018-06-14 17:20:12 - [TEST_STEP][PASSED] - Statement - groupStoresList[i] = storesLabel.get(i).getText(): null

2018-06-14 17:20:12 - [TEST_STEP][PASSED] - Statement - StoresCBList1.get(i).click(): null

2018-06-14 17:20:12 - [TEST_STEP][PASSED] - Statement - groupStoresList[i] = storesLabel.get(i).getText(): null

2018-06-14 17:20:12 - [TEST_STEP][PASSED] - Statement - StoresCBList1.get(i).click(): null

2018-06-14 17:20:12 - [TEST_STEP][PASSED] - Statement - groupStoresList[i] = storesLabel.get(i).getText(): null

2018-06-14 17:20:12 - [TEST_STEP][PASSED] - Statement - StoresCBList1.get(i).click(): null

2018-06-14 17:20:13 - [TEST_STEP][PASSED] - Statement - groupStoresList[i] = storesLabel.get(i).getText(): null

2018-06-14 17:20:13 - [TEST_STEP][PASSED] - Statement - StoresCBList1.get(i).click(): null

2018-06-14 17:20:13 - [TEST_STEP][PASSED] - Statement - groupStoresList[i] = storesLabel.get(i).getText(): null

2018-06-14 17:20:13 - [TEST_STEP][PASSED] - Statement - StoresCBList1.get(i).click(): null

2018-06-14 17:20:13 - [TEST_STEP][PASSED] - Statement - groupStoresList[i] = storesLabel.get(i).getText(): null

2018-06-14 17:20:13 - [TEST_STEP][PASSED] - Statement - StoresCBList1.get(i).click(): null

2018-06-14 17:20:13 - [TEST_STEP][PASSED] - Statement - groupStoresList[i] = storesLabel.get(i).getText(): null

2018-06-14 17:20:13 - [TEST_STEP][PASSED] - Statement - StoresCBList1.get(i).click(): null

2018-06-14 17:20:13 - [TEST_STEP][PASSED] - Statement - groupStoresList[i] = storesLabel.get(i).getText(): null

2018-06-14 17:20:13 - [TEST_STEP][PASSED] - Statement - StoresCBList1.get(i).click(): null

2018-06-14 17:20:13 - [TEST_STEP][PASSED] - Statement - groupStoresList[i] = storesLabel.get(i).getText(): null

2018-06-14 17:20:13 - [TEST_STEP][PASSED] - Statement - StoresCBList1.get(i).click(): null

2018-06-14 17:20:13 - [TEST_STEP][PASSED] - Statement - groupStoresList[i] = storesLabel.get(i).getText(): null

2018-06-14 17:20:13 - [TEST_STEP][PASSED] - Statement - StoresCBList1.get(i).click(): null

2018-06-14 17:20:13 - [TEST_STEP][PASSED] - Statement - groupStoresList[i] = storesLabel.get(i).getText(): null

2018-06-14 17:20:13 - [TEST_STEP][PASSED] - Statement - StoresCBList1.get(i).click(): null

2018-06-14 17:20:13 - [TEST_STEP][PASSED] - Statement - groupStoresList[i] = storesLabel.get(i).getText(): null

2018-06-14 17:20:13 - [TEST_STEP][PASSED] - Statement - StoresCBList1.get(i).click(): null

2018-06-14 17:20:13 - [TEST_STEP][PASSED] - Statement - groupStoresList[i] = storesLabel.get(i).getText(): null

2018-06-14 17:20:13 - [TEST_STEP][PASSED] - Statement - StoresCBList1.get(i).click(): null

2018-06-14 17:20:13 - [TEST_STEP][PASSED] - Statement - groupStoresList[i] = storesLabel.get(i).getText(): null

2018-06-14 17:20:13 - [TEST_STEP][PASSED] - Statement - StoresCBList1.get(i).click(): null

2018-06-14 17:20:13 - [TEST_STEP][PASSED] - Statement - groupStoresList[i] = storesLabel.get(i).getText(): null

2018-06-14 17:20:13 - [TEST_STEP][PASSED] - Statement - StoresCBList1.get(i).click(): null

2018-06-14 17:20:13 - [TEST_STEP][PASSED] - Statement - groupStoresList[i] = storesLabel.get(i).getText(): null

2018-06-14 17:20:13 - [TEST_STEP][PASSED] - Statement - StoresCBList1.get(i).click(): null

2018-06-14 17:20:13 - [TEST_STEP][PASSED] - Statement - groupStoresList[i] = storesLabel.get(i).getText(): null

2018-06-14 17:20:13 - [TEST_STEP][PASSED] - Statement - StoresCBList1.get(i).click(): null

2018-06-14 17:20:13 - [TEST_STEP][PASSED] - Statement - groupStoresList[i] = storesLabel.get(i).getText(): null

2018-06-14 17:20:13 - [TEST_STEP][PASSED] - Statement - StoresCBList1.get(i).click(): null

2018-06-14 17:20:13 - [TEST_STEP][PASSED] - Statement - groupStoresList[i] = storesLabel.get(i).getText(): null

2018-06-14 17:20:13 - [TEST_STEP][PASSED] - Statement - StoresCBList1.get(i).click(): null

2018-06-14 17:20:13 - [TEST_STEP][PASSED] - Statement - groupStoresList[i] = storesLabel.get(i).getText(): null

2018-06-14 17:20:13 - [TEST_STEP][PASSED] - Statement - StoresCBList1.get(i).click(): null

2018-06-14 17:20:13 - [TEST_STEP][PASSED] - Statement - groupStoresList[i] = storesLabel.get(i).getText(): null

2018-06-14 17:20:13 - [TEST_STEP][PASSED] - Statement - StoresCBList1.get(i).click(): null

2018-06-14 17:20:13 - [TEST_STEP][PASSED] - Statement - groupStoresList[i] = storesLabel.get(i).getText(): null

2018-06-14 17:20:13 - [TEST_STEP][PASSED] - Statement - StoresCBList1.get(i).click(): null

2018-06-14 17:20:13 - [TEST_STEP][PASSED] - Statement - groupStoresList[i] = storesLabel.get(i).getText(): null

2018-06-14 17:20:13 - [TEST_STEP][PASSED] - Statement - StoresCBList1.get(i).click(): null

2018-06-14 17:20:14 - [TEST_STEP][PASSED] - Statement - groupStoresList[i] = storesLabel.get(i).getText(): null

2018-06-14 17:20:14 - [TEST_STEP][PASSED] - Statement - StoresCBList1.get(i).click(): null

2018-06-14 17:20:14 - [TEST_STEP][PASSED] - Statement - groupStoresList[i] = storesLabel.get(i).getText(): null

2018-06-14 17:20:14 - [TEST_STEP][PASSED] - Statement - StoresCBList1.get(i).click(): null

2018-06-14 17:20:14 - [TEST_STEP][PASSED] - Statement - groupStoresList[i] = storesLabel.get(i).getText(): null

2018-06-14 17:20:14 - [TEST_STEP][PASSED] - Statement - StoresCBList1.get(i).click(): null

2018-06-14 17:20:14 - [TEST_STEP][PASSED] - Statement - groupStoresList[i] = storesLabel.get(i).getText(): null

2018-06-14 17:20:14 - [TEST_STEP][PASSED] - Statement - StoresCBList1.get(i).click(): null

2018-06-14 17:20:14 - [TEST_STEP][PASSED] - Statement - groupStoresList[i] = storesLabel.get(i).getText(): null

2018-06-14 17:20:14 - [TEST_STEP][PASSED] - Statement - StoresCBList1.get(i).click(): null

2018-06-14 17:20:14 - [TEST_STEP][PASSED] - Statement - groupStoresList[i] = storesLabel.get(i).getText(): null

2018-06-14 17:20:14 - [TEST_STEP][PASSED] - Statement - StoresCBList1.get(i).click(): null

2018-06-14 17:20:14 - [TEST_STEP][PASSED] - Statement - groupStoresList[i] = storesLabel.get(i).getText(): null

2018-06-14 17:20:14 - [TEST_STEP][PASSED] - Statement - StoresCBList1.get(i).click(): null

2018-06-14 17:20:14 - [TEST_STEP][PASSED] - Statement - groupStoresList[i] = storesLabel.get(i).getText(): null

2018-06-14 17:20:14 - [TEST_STEP][PASSED] - Statement - StoresCBList1.get(i).click(): null

2018-06-14 17:20:14 - [TEST_STEP][PASSED] - Statement - groupStoresList[i] = storesLabel.get(i).getText(): null

2018-06-14 17:20:14 - [TEST_STEP][PASSED] - Statement - StoresCBList1.get(i).click(): null

2018-06-14 17:20:14 - [TEST_STEP][PASSED] - Statement - groupStoresList[i] = storesLabel.get(i).getText(): null

2018-06-14 17:20:14 - [TEST_STEP][PASSED] - Statement - StoresCBList1.get(i).click(): null

2018-06-14 17:20:14 - [TEST_STEP][PASSED] - Statement - groupStoresList[i] = storesLabel.get(i).getText(): null

2018-06-14 17:20:14 - [TEST_STEP][PASSED] - Statement - StoresCBList1.get(i).click(): null

2018-06-14 17:20:14 - [TEST_STEP][PASSED] - Statement - groupStoresList[i] = storesLabel.get(i).getText(): null

2018-06-14 17:20:14 - [TEST_STEP][PASSED] - Statement - StoresCBList1.get(i).click(): null

2018-06-14 17:20:14 - [TEST_STEP][PASSED] - Statement - groupStoresList[i] = storesLabel.get(i).getText(): null

2018-06-14 17:20:14 - [TEST_STEP][PASSED] - Statement - StoresCBList1.get(i).click(): null

2018-06-14 17:20:14 - [TEST_STEP][PASSED] - Statement - groupStoresList[i] = storesLabel.get(i).getText(): null

2018-06-14 17:20:14 - [TEST_STEP][PASSED] - Statement - StoresCBList1.get(i).click(): null

2018-06-14 17:20:14 - [TEST_STEP][PASSED] - Statement - groupStoresList[i] = storesLabel.get(i).getText(): null

2018-06-14 17:20:14 - [TEST_STEP][PASSED] - Statement - StoresCBList1.get(i).click(): null

2018-06-14 17:20:14 - [TEST_STEP][PASSED] - Statement - groupStoresList[i] = storesLabel.get(i).getText(): null

2018-06-14 17:20:14 - [TEST_STEP][PASSED] - Statement - StoresCBList1.get(i).click(): null

2018-06-14 17:20:14 - [TEST_STEP][PASSED] - Statement - groupStoresList[i] = storesLabel.get(i).getText(): null

2018-06-14 17:20:14 - [TEST_STEP][PASSED] - Statement - StoresCBList1.get(i).click(): null

2018-06-14 17:20:14 - [TEST_STEP][PASSED] - Statement - For ([i = 0, i < StoresCBList1.size() - 10, (i++)]): null

2018-06-14 17:20:14 - [TEST_STEP][PASSED] - Statement - groupStoresList1[i] = storesLabel.get(i).getText(): null

2018-06-14 17:20:14 - [TEST_STEP][PASSED] - Statement - groupStoresList1[i] = storesLabel.get(i).getText(): null

2018-06-14 17:20:14 - [TEST_STEP][PASSED] - Statement - groupStoresList1[i] = storesLabel.get(i).getText(): null

2018-06-14 17:20:14 - [TEST_STEP][PASSED] - Statement - groupStoresList1[i] = storesLabel.get(i).getText(): null

2018-06-14 17:20:14 - [TEST_STEP][PASSED] - Statement - groupStoresList1[i] = storesLabel.get(i).getText(): null

2018-06-14 17:20:14 - [TEST_STEP][PASSED] - Statement - groupStoresList1[i] = storesLabel.get(i).getText(): null

2018-06-14 17:20:14 - [TEST_STEP][PASSED] - Statement - groupStoresList1[i] = storesLabel.get(i).getText(): null

2018-06-14 17:20:14 - [TEST_STEP][PASSED] - Statement - groupStoresList1[i] = storesLabel.get(i).getText(): null

2018-06-14 17:20:14 - [TEST_STEP][PASSED] - Statement - groupStoresList1[i] = storesLabel.get(i).getText(): null

2018-06-14 17:20:14 - [TEST_STEP][PASSED] - Statement - groupStoresList1[i] = storesLabel.get(i).getText(): null

2018-06-14 17:20:14 - [TEST_STEP][PASSED] - Statement - groupStoresList1[i] = storesLabel.get(i).getText(): null

2018-06-14 17:20:14 - [TEST_STEP][PASSED] - Statement - groupStoresList1[i] = storesLabel.get(i).getText(): null

2018-06-14 17:20:14 - [TEST_STEP][PASSED] - Statement - groupStoresList1[i] = storesLabel.get(i).getText(): null

2018-06-14 17:20:14 - [TEST_STEP][PASSED] - Statement - groupStoresList1[i] = storesLabel.get(i).getText(): null

2018-06-14 17:20:14 - [TEST_STEP][PASSED] - Statement - groupStoresList1[i] = storesLabel.get(i).getText(): null

2018-06-14 17:20:14 - [TEST_STEP][PASSED] - Statement - groupStoresList1[i] = storesLabel.get(i).getText(): null

2018-06-14 17:20:15 - [TEST_STEP][PASSED] - Statement - groupStoresList1[i] = storesLabel.get(i).getText(): null

2018-06-14 17:20:15 - [TEST_STEP][PASSED] - Statement - groupStoresList1[i] = storesLabel.get(i).getText(): null

2018-06-14 17:20:15 - [TEST_STEP][PASSED] - Statement - groupStoresList1[i] = storesLabel.get(i).getText(): null

2018-06-14 17:20:15 - [TEST_STEP][PASSED] - Statement - groupStoresList1[i] = storesLabel.get(i).getText(): null

2018-06-14 17:20:15 - [TEST_STEP][PASSED] - Statement - groupStoresList1[i] = storesLabel.get(i).getText(): null

2018-06-14 17:20:15 - [TEST_STEP][PASSED] - Statement - groupStoresList1[i] = storesLabel.get(i).getText(): null

2018-06-14 17:20:15 - [TEST_STEP][PASSED] - Statement - groupStoresList1[i] = storesLabel.get(i).getText(): null

2018-06-14 17:20:15 - [TEST_STEP][PASSED] - Statement - groupStoresList1[i] = storesLabel.get(i).getText(): null

2018-06-14 17:20:15 - [TEST_STEP][PASSED] - Statement - groupStoresList1[i] = storesLabel.get(i).getText(): null

2018-06-14 17:20:15 - [TEST_STEP][PASSED] - Statement - groupStoresList1[i] = storesLabel.get(i).getText(): null

2018-06-14 17:20:15 - [TEST_STEP][PASSED] - Statement - groupStoresList1[i] = storesLabel.get(i).getText(): null

2018-06-14 17:20:15 - [TEST_STEP][PASSED] - Statement - groupStoresList1[i] = storesLabel.get(i).getText(): null

2018-06-14 17:20:15 - [TEST_STEP][PASSED] - Statement - groupStoresList1[i] = storesLabel.get(i).getText(): null

2018-06-14 17:20:15 - [TEST_STEP][PASSED] - Statement - groupStoresList1[i] = storesLabel.get(i).getText(): null

2018-06-14 17:20:15 - [TEST_STEP][PASSED] - Statement - groupStoresList1[i] = storesLabel.get(i).getText(): null

2018-06-14 17:20:15 - [TEST_STEP][PASSED] - Statement - groupStoresList1[i] = storesLabel.get(i).getText(): null

2018-06-14 17:20:15 - [TEST_STEP][PASSED] - Statement - groupStoresList1[i] = storesLabel.get(i).getText(): null

2018-06-14 17:20:15 - [TEST_STEP][PASSED] - Statement - groupStoresList1[i] = storesLabel.get(i).getText(): null

2018-06-14 17:20:15 - [TEST_STEP][PASSED] - Statement - groupStoresList1[i] = storesLabel.get(i).getText(): null

2018-06-14 17:20:15 - [TEST_STEP][PASSED] - Statement - groupStoresList1[i] = storesLabel.get(i).getText(): null

2018-06-14 17:20:15 - [TEST_STEP][PASSED] - Statement - groupStoresList1[i] = storesLabel.get(i).getText(): null

2018-06-14 17:20:15 - [TEST_STEP][PASSED] - Statement - groupStoresList1[i] = storesLabel.get(i).getText(): null

2018-06-14 17:20:15 - [TEST_STEP][PASSED] - Statement - groupStoresList1[i] = storesLabel.get(i).getText(): null

2018-06-14 17:20:15 - [TEST_STEP][PASSED] - Statement - groupStoresList1[i] = storesLabel.get(i).getText(): null

2018-06-14 17:20:15 - [TEST_STEP][PASSED] - Statement - groupStoresList1[i] = storesLabel.get(i).getText(): null

2018-06-14 17:20:15 - [TEST_STEP][PASSED] - Statement - groupStoresList1[i] = storesLabel.get(i).getText(): null

2018-06-14 17:20:15 - [TEST_STEP][PASSED] - Statement - groupStoresList1[i] = storesLabel.get(i).getText(): null

2018-06-14 17:20:15 - [TEST_STEP][PASSED] - Statement - groupStoresList1[i] = storesLabel.get(i).getText(): null

2018-06-14 17:20:15 - [TEST_STEP][PASSED] - Statement - groupStoresList1[i] = storesLabel.get(i).getText(): null

2018-06-14 17:20:15 - [TEST_STEP][PASSED] - Statement - groupStoresList1[i] = storesLabel.get(i).getText(): null

2018-06-14 17:20:15 - [TEST_STEP][PASSED] - Statement - groupStoresList1[i] = storesLabel.get(i).getText(): null

2018-06-14 17:20:15 - [TEST_STEP][PASSED] - Statement - groupStoresList1[i] = storesLabel.get(i).getText(): null

2018-06-14 17:20:15 - [TEST_STEP][PASSED] - Statement - groupStoresList1[i] = storesLabel.get(i).getText(): null

2018-06-14 17:20:15 - [TEST_STEP][PASSED] - Statement - groupStoresList1[i] = storesLabel.get(i).getText(): null

2018-06-14 17:20:15 - [TEST_STEP][PASSED] - Statement - groupStoresList1[i] = storesLabel.get(i).getText(): null

2018-06-14 17:20:15 - [TEST_STEP][PASSED] - Statement - groupStoresList1[i] = storesLabel.get(i).getText(): null

2018-06-14 17:20:15 - [TEST_STEP][PASSED] - Statement - groupStoresList1[i] = storesLabel.get(i).getText(): null

2018-06-14 17:20:15 - [TEST_STEP][PASSED] - Statement - groupStoresList1[i] = storesLabel.get(i).getText(): null

2018-06-14 17:20:15 - [TEST_STEP][PASSED] - Statement - groupStoresList1[i] = storesLabel.get(i).getText(): null

2018-06-14 17:20:15 - [TEST_STEP][PASSED] - Statement - groupStoresList1[i] = storesLabel.get(i).getText(): null

2018-06-14 17:20:15 - [TEST_STEP][PASSED] - Statement - groupStoresList1[i] = storesLabel.get(i).getText(): null

2018-06-14 17:20:15 - [TEST_STEP][PASSED] - Statement - groupStoresList1[i] = storesLabel.get(i).getText(): null

2018-06-14 17:20:15 - [TEST_STEP][PASSED] - Statement - groupStoresList1[i] = storesLabel.get(i).getText(): null

2018-06-14 17:20:15 - [TEST_STEP][PASSED] - Statement - groupStoresList1[i] = storesLabel.get(i).getText(): null

2018-06-14 17:20:15 - [TEST_STEP][PASSED] - Statement - groupStoresList1[i] = storesLabel.get(i).getText(): null

2018-06-14 17:20:15 - [TEST_STEP][PASSED] - Statement - groupStoresList1[i] = storesLabel.get(i).getText(): null

2018-06-14 17:20:15 - [TEST_STEP][PASSED] - Statement - groupStoresList1[i] = storesLabel.get(i).getText(): null

2018-06-14 17:20:15 - [TEST_STEP][PASSED] - Statement - groupStoresList1[i] = storesLabel.get(i).getText(): null

2018-06-14 17:20:15 - [TEST_STEP][PASSED] - Statement - groupStoresList1[i] = storesLabel.get(i).getText(): null

2018-06-14 17:20:15 - [TEST_STEP][PASSED] - Statement - groupStoresList1[i] = storesLabel.get(i).getText(): null

2018-06-14 17:20:15 - [TEST_STEP][PASSED] - Statement - groupStoresList1[i] = storesLabel.get(i).getText(): null

2018-06-14 17:20:15 - [TEST_STEP][PASSED] - Statement - groupStoresList1[i] = storesLabel.get(i).getText(): null

2018-06-14 17:20:15 - [TEST_STEP][PASSED] - Statement - groupStoresList1[i] = storesLabel.get(i).getText(): null

2018-06-14 17:20:15 - [TEST_STEP][PASSED] - Statement - groupStoresList1[i] = storesLabel.get(i).getText(): null

2018-06-14 17:20:15 - [TEST_STEP][PASSED] - Statement - groupStoresList1[i] = storesLabel.get(i).getText(): null

2018-06-14 17:20:15 - [TEST_STEP][PASSED] - Statement - groupStoresList1[i] = storesLabel.get(i).getText(): null

2018-06-14 17:20:15 - [TEST_STEP][PASSED] - Statement - groupStoresList1[i] = storesLabel.get(i).getText(): null

2018-06-14 17:20:15 - [TEST_STEP][PASSED] - Statement - groupStoresList1[i] = storesLabel.get(i).getText(): null

2018-06-14 17:20:15 - [TEST_STEP][PASSED] - Statement - groupStoresList1[i] = storesLabel.get(i).getText(): null

2018-06-14 17:20:15 - [TEST_STEP][PASSED] - Statement - groupStoresList1[i] = storesLabel.get(i).getText(): null

2018-06-14 17:20:15 - [TEST_STEP][PASSED] - Statement - groupStoresList1[i] = storesLabel.get(i).getText(): null

2018-06-14 17:20:15 - [TEST_STEP][PASSED] - Statement - groupStoresList1[i] = storesLabel.get(i).getText(): null

2018-06-14 17:20:15 - [TEST_STEP][PASSED] - Statement - groupStoresList1[i] = storesLabel.get(i).getText(): null

2018-06-14 17:20:15 - [TEST_STEP][PASSED] - Statement - groupStoresList1[i] = storesLabel.get(i).getText(): null

2018-06-14 17:20:15 - [TEST_STEP][PASSED] - Statement - groupStoresList1[i] = storesLabel.get(i).getText(): null

2018-06-14 17:20:15 - [TEST_STEP][PASSED] - Statement - groupStoresList1[i] = storesLabel.get(i).getText(): null

2018-06-14 17:20:15 - [TEST_STEP][PASSED] - Statement - groupStoresList1[i] = storesLabel.get(i).getText(): null

2018-06-14 17:20:15 - [TEST_STEP][PASSED] - Statement - groupStoresList1[i] = storesLabel.get(i).getText(): null

2018-06-14 17:20:15 - [TEST_STEP][PASSED] - Statement - groupStoresList1[i] = storesLabel.get(i).getText(): null

2018-06-14 17:20:15 - [TEST_STEP][PASSED] - Statement - groupStoresList1[i] = storesLabel.get(i).getText(): null

2018-06-14 17:20:15 - [TEST_STEP][PASSED] - Statement - groupStoresList1[i] = storesLabel.get(i).getText(): null

2018-06-14 17:20:15 - [TEST_STEP][PASSED] - Statement - groupStoresList1[i] = storesLabel.get(i).getText(): null

2018-06-14 17:20:15 - [TEST_STEP][PASSED] - Statement - groupStoresList1[i] = storesLabel.get(i).getText(): null

2018-06-14 17:20:15 - [TEST_STEP][PASSED] - Statement - groupStoresList1[i] = storesLabel.get(i).getText(): null

2018-06-14 17:20:15 - [TEST_STEP][PASSED] - Statement - groupStoresList1[i] = storesLabel.get(i).getText(): null

2018-06-14 17:20:15 - [TEST_STEP][PASSED] - Statement - groupStoresList1[i] = storesLabel.get(i).getText(): null

2018-06-14 17:20:15 - [TEST_STEP][PASSED] - Statement - groupStoresList1[i] = storesLabel.get(i).getText(): null

2018-06-14 17:20:15 - [TEST_STEP][PASSED] - Statement - groupStoresList1[i] = storesLabel.get(i).getText(): null

2018-06-14 17:20:15 - [TEST_STEP][PASSED] - Statement - groupStoresList1[i] = storesLabel.get(i).getText(): null

2018-06-14 17:20:15 - [TEST_STEP][PASSED] - Statement - groupStoresList1[i] = storesLabel.get(i).getText(): null

2018-06-14 17:20:15 - [TEST_STEP][PASSED] - Statement - groupStoresList1[i] = storesLabel.get(i).getText(): null

2018-06-14 17:20:15 - [TEST_STEP][PASSED] - Statement - groupStoresList1[i] = storesLabel.get(i).getText(): null

2018-06-14 17:20:15 - [TEST_STEP][PASSED] - Statement - groupStoresList1[i] = storesLabel.get(i).getText(): null

2018-06-14 17:20:15 - [TEST_STEP][PASSED] - Statement - groupStoresList1[i] = storesLabel.get(i).getText(): null

2018-06-14 17:20:15 - [TEST_STEP][PASSED] - Statement - groupStoresList1[i] = storesLabel.get(i).getText(): null

2018-06-14 17:20:15 - [TEST_STEP][PASSED] - Statement - groupStoresList1[i] = storesLabel.get(i).getText(): null

2018-06-14 17:20:15 - [TEST_STEP][PASSED] - Statement - groupStoresList1[i] = storesLabel.get(i).getText(): null

2018-06-14 17:20:15 - [TEST_STEP][PASSED] - Statement - groupStoresList1[i] = storesLabel.get(i).getText(): null

2018-06-14 17:20:15 - [TEST_STEP][PASSED] - Statement - groupStoresList1[i] = storesLabel.get(i).getText(): null

2018-06-14 17:20:15 - [TEST_STEP][PASSED] - Statement - groupStoresList1[i] = storesLabel.get(i).getText(): null

2018-06-14 17:20:15 - [TEST_STEP][PASSED] - Statement - groupStoresList1[i] = storesLabel.get(i).getText(): null

2018-06-14 17:20:15 - [TEST_STEP][PASSED] - Statement - groupStoresList1[i] = storesLabel.get(i).getText(): null

2018-06-14 17:20:15 - [TEST_STEP][PASSED] - Statement - groupStoresList1[i] = storesLabel.get(i).getText(): null

2018-06-14 17:20:15 - [TEST_STEP][PASSED] - Statement - groupStoresList1[i] = storesLabel.get(i).getText(): null

2018-06-14 17:20:15 - [TEST_STEP][PASSED] - Statement - groupStoresList1[i] = storesLabel.get(i).getText(): null

2018-06-14 17:20:15 - [TEST_STEP][PASSED] - Statement - groupStoresList1[i] = storesLabel.get(i).getText(): null

2018-06-14 17:20:15 - [TEST_STEP][PASSED] - Statement - groupStoresList1[i] = storesLabel.get(i).getText(): null

2018-06-14 17:20:15 - [TEST_STEP][PASSED] - Statement - groupStoresList1[i] = storesLabel.get(i).getText(): null

2018-06-14 17:20:15 - [TEST_STEP][PASSED] - Statement - groupStoresList1[i] = storesLabel.get(i).getText(): null

2018-06-14 17:20:15 - [TEST_STEP][PASSED] - Statement - groupStoresList1[i] = storesLabel.get(i).getText(): null

2018-06-14 17:20:15 - [TEST_STEP][PASSED] - Statement - groupStoresList1[i] = storesLabel.get(i).getText(): null

2018-06-14 17:20:15 - [TEST_STEP][PASSED] - Statement - groupStoresList1[i] = storesLabel.get(i).getText(): null

2018-06-14 17:20:15 - [TEST_STEP][PASSED] - Statement - groupStoresList1[i] = storesLabel.get(i).getText(): null

2018-06-14 17:20:15 - [TEST_STEP][PASSED] - Statement - groupStoresList1[i] = storesLabel.get(i).getText(): null

2018-06-14 17:20:15 - [TEST_STEP][PASSED] - Statement - groupStoresList1[i] = storesLabel.get(i).getText(): null

2018-06-14 17:20:15 - [TEST_STEP][PASSED] - Statement - groupStoresList1[i] = storesLabel.get(i).getText(): null

2018-06-14 17:20:15 - [TEST_STEP][PASSED] - Statement - groupStoresList1[i] = storesLabel.get(i).getText(): null

2018-06-14 17:20:15 - [TEST_STEP][PASSED] - Statement - groupStoresList1[i] = storesLabel.get(i).getText(): null

2018-06-14 17:20:15 - [TEST_STEP][PASSED] - Statement - groupStoresList1[i] = storesLabel.get(i).getText(): null

2018-06-14 17:20:15 - [TEST_STEP][PASSED] - Statement - groupStoresList1[i] = storesLabel.get(i).getText(): null

2018-06-14 17:20:15 - [TEST_STEP][PASSED] - Statement - groupStoresList1[i] = storesLabel.get(i).getText(): null

2018-06-14 17:20:15 - [TEST_STEP][PASSED] - Statement - groupStoresList1[i] = storesLabel.get(i).getText(): null

2018-06-14 17:20:15 - [TEST_STEP][PASSED] - Statement - groupStoresList1[i] = storesLabel.get(i).getText(): null

2018-06-14 17:20:16 - [TEST_STEP][PASSED] - Statement - groupStoresList1[i] = storesLabel.get(i).getText(): null

2018-06-14 17:20:16 - [TEST_STEP][PASSED] - Statement - groupStoresList1[i] = storesLabel.get(i).getText(): null

2018-06-14 17:20:16 - [TEST_STEP][PASSED] - Statement - groupStoresList1[i] = storesLabel.get(i).getText(): null

2018-06-14 17:20:16 - [TEST_STEP][PASSED] - Statement - groupStoresList1[i] = storesLabel.get(i).getText(): null

2018-06-14 17:20:16 - [TEST_STEP][PASSED] - Statement - groupStoresList1[i] = storesLabel.get(i).getText(): null

2018-06-14 17:20:16 - [TEST_STEP][PASSED] - Statement - groupStoresList1[i] = storesLabel.get(i).getText(): null

2018-06-14 17:20:16 - [TEST_STEP][PASSED] - Statement - groupStoresList1[i] = storesLabel.get(i).getText(): null

2018-06-14 17:20:16 - [TEST_STEP][PASSED] - Statement - groupStoresList1[i] = storesLabel.get(i).getText(): null

2018-06-14 17:20:16 - [TEST_STEP][PASSED] - Statement - groupStoresList1[i] = storesLabel.get(i).getText(): null

2018-06-14 17:20:16 - [TEST_STEP][PASSED] - Statement - groupStoresList1[i] = storesLabel.get(i).getText(): null

2018-06-14 17:20:16 - [TEST_STEP][PASSED] - Statement - groupStoresList1[i] = storesLabel.get(i).getText(): null

2018-06-14 17:20:16 - [TEST_STEP][PASSED] - Statement - groupStoresList1[i] = storesLabel.get(i).getText(): null

2018-06-14 17:20:16 - [TEST_STEP][PASSED] - Statement - groupStoresList1[i] = storesLabel.get(i).getText(): null

2018-06-14 17:20:16 - [TEST_STEP][PASSED] - Statement - groupStoresList1[i] = storesLabel.get(i).getText(): null

2018-06-14 17:20:16 - [TEST_STEP][PASSED] - Statement - groupStoresList1[i] = storesLabel.get(i).getText(): null

2018-06-14 17:20:16 - [TEST_STEP][PASSED] - Statement - groupStoresList1[i] = storesLabel.get(i).getText(): null

2018-06-14 17:20:16 - [TEST_STEP][PASSED] - Statement - groupStoresList1[i] = storesLabel.get(i).getText(): null

2018-06-14 17:20:16 - [TEST_STEP][PASSED] - Statement - groupStoresList1[i] = storesLabel.get(i).getText(): null

2018-06-14 17:20:16 - [TEST_STEP][PASSED] - Statement - groupStoresList1[i] = storesLabel.get(i).getText(): null

2018-06-14 17:20:16 - [TEST_STEP][PASSED] - Statement - groupStoresList1[i] = storesLabel.get(i).getText(): null

2018-06-14 17:20:16 - [TEST_STEP][PASSED] - Statement - groupStoresList1[i] = storesLabel.get(i).getText(): null

2018-06-14 17:20:16 - [TEST_STEP][PASSED] - Statement - groupStoresList1[i] = storesLabel.get(i).getText(): null

2018-06-14 17:20:16 - [TEST_STEP][PASSED] - Statement - groupStoresList1[i] = storesLabel.get(i).getText(): null

2018-06-14 17:20:16 - [TEST_STEP][PASSED] - Statement - groupStoresList1[i] = storesLabel.get(i).getText(): null

2018-06-14 17:20:16 - [TEST_STEP][PASSED] - Statement - groupStoresList1[i] = storesLabel.get(i).getText(): null

2018-06-14 17:20:16 - [TEST_STEP][PASSED] - Statement - groupStoresList1[i] = storesLabel.get(i).getText(): null

2018-06-14 17:20:16 - [TEST_STEP][PASSED] - Statement - groupStoresList1[i] = storesLabel.get(i).getText(): null

2018-06-14 17:20:16 - [TEST_STEP][PASSED] - Statement - groupStoresList1[i] = storesLabel.get(i).getText(): null

2018-06-14 17:20:16 - [TEST_STEP][PASSED] - Statement - groupStoresList1[i] = storesLabel.get(i).getText(): null

2018-06-14 17:20:16 - [TEST_STEP][PASSED] - Statement - groupStoresList1[i] = storesLabel.get(i).getText(): null

2018-06-14 17:20:16 - [TEST_STEP][PASSED] - Statement - groupStoresList1[i] = storesLabel.get(i).getText(): null

2018-06-14 17:20:16 - [TEST_STEP][PASSED] - Statement - groupStoresList1[i] = storesLabel.get(i).getText(): null

2018-06-14 17:20:16 - [TEST_STEP][PASSED] - Statement - groupStoresList1[i] = storesLabel.get(i).getText(): null

2018-06-14 17:20:16 - [TEST_STEP][PASSED] - Statement - groupStoresList1[i] = storesLabel.get(i).getText(): null

2018-06-14 17:20:16 - [TEST_STEP][PASSED] - Statement - groupStoresList1[i] = storesLabel.get(i).getText(): null

2018-06-14 17:20:16 - [TEST_STEP][PASSED] - Statement - groupStoresList1[i] = storesLabel.get(i).getText(): null

2018-06-14 17:20:16 - [TEST_STEP][PASSED] - Statement - groupStoresList1[i] = storesLabel.get(i).getText(): null

2018-06-14 17:20:16 - [TEST_STEP][PASSED] - Statement - groupStoresList1[i] = storesLabel.get(i).getText(): null

2018-06-14 17:20:16 - [TEST_STEP][PASSED] - Statement - groupStoresList1[i] = storesLabel.get(i).getText(): null

2018-06-14 17:20:16 - [TEST_STEP][PASSED] - Statement - groupStoresList1[i] = storesLabel.get(i).getText(): null

2018-06-14 17:20:16 - [TEST_STEP][PASSED] - Statement - groupStoresList1[i] = storesLabel.get(i).getText(): null

2018-06-14 17:20:16 - [TEST_STEP][PASSED] - Statement - groupStoresList1[i] = storesLabel.get(i).getText(): null

2018-06-14 17:20:16 - [TEST_STEP][PASSED] - Statement - groupStoresList1[i] = storesLabel.get(i).getText(): null

2018-06-14 17:20:16 - [TEST_STEP][PASSED] - Statement - groupStoresList1[i] = storesLabel.get(i).getText(): null

2018-06-14 17:20:16 - [TEST_STEP][PASSED] - Statement - groupStoresList1[i] = storesLabel.get(i).getText(): null

2018-06-14 17:20:16 - [TEST_STEP][PASSED] - Statement - groupStoresList1[i] = storesLabel.get(i).getText(): null

2018-06-14 17:20:16 - [TEST_STEP][PASSED] - Statement - groupStoresList1[i] = storesLabel.get(i).getText(): null

2018-06-14 17:20:16 - [TEST_STEP][PASSED] - Statement - groupStoresList1[i] = storesLabel.get(i).getText(): null

2018-06-14 17:20:16 - [TEST_STEP][PASSED] - Statement - groupStoresList1[i] = storesLabel.get(i).getText(): null

2018-06-14 17:20:16 - [TEST_STEP][PASSED] - Statement - groupStoresList1[i] = storesLabel.get(i).getText(): null

2018-06-14 17:20:16 - [TEST_STEP][PASSED] - Statement - groupStoresList1[i] = storesLabel.get(i).getText(): null

2018-06-14 17:20:16 - [TEST_STEP][PASSED] - Statement - groupStoresList1[i] = storesLabel.get(i).getText(): null

2018-06-14 17:20:16 - [TEST_STEP][PASSED] - Statement - groupStoresList1[i] = storesLabel.get(i).getText(): null

2018-06-14 17:20:16 - [TEST_STEP][PASSED] - Statement - groupStoresList1[i] = storesLabel.get(i).getText(): null

2018-06-14 17:20:16 - [TEST_STEP][PASSED] - Statement - groupStoresList1[i] = storesLabel.get(i).getText(): null

2018-06-14 17:20:16 - [TEST_STEP][PASSED] - Statement - groupStoresList1[i] = storesLabel.get(i).getText(): null

2018-06-14 17:20:16 - [TEST_STEP][PASSED] - Statement - groupStoresList1[i] = storesLabel.get(i).getText(): null

2018-06-14 17:20:16 - [TEST_STEP][PASSED] - Statement - groupStoresList1[i] = storesLabel.get(i).getText(): null

2018-06-14 17:20:16 - [TEST_STEP][PASSED] - Statement - groupStoresList1[i] = storesLabel.get(i).getText(): null

2018-06-14 17:20:16 - [TEST_STEP][PASSED] - Statement - groupStoresList1[i] = storesLabel.get(i).getText(): null

2018-06-14 17:20:16 - [TEST_STEP][PASSED] - Statement - groupStoresList1[i] = storesLabel.get(i).getText(): null

2018-06-14 17:20:16 - [TEST_STEP][PASSED] - Statement - groupStoresList1[i] = storesLabel.get(i).getText(): null

2018-06-14 17:20:16 - [TEST_STEP][PASSED] - Statement - groupStoresList1[i] = storesLabel.get(i).getText(): null

2018-06-14 17:20:16 - [TEST_STEP][PASSED] - Statement - groupStoresList1[i] = storesLabel.get(i).getText(): null

2018-06-14 17:20:16 - [TEST_STEP][PASSED] - Statement - groupStoresList1[i] = storesLabel.get(i).getText(): null

2018-06-14 17:20:16 - [TEST_STEP][PASSED] - Statement - groupStoresList1[i] = storesLabel.get(i).getText(): null

2018-06-14 17:20:16 - [TEST_STEP][PASSED] - Statement - groupStoresList1[i] = storesLabel.get(i).getText(): null

2018-06-14 17:20:16 - [TEST_STEP][PASSED] - Statement - groupStoresList1[i] = storesLabel.get(i).getText(): null

2018-06-14 17:20:16 - [TEST_STEP][PASSED] - Statement - groupStoresList1[i] = storesLabel.get(i).getText(): null

2018-06-14 17:20:16 - [TEST_STEP][PASSED] - Statement - groupStoresList1[i] = storesLabel.get(i).getText(): null

2018-06-14 17:20:16 - [TEST_STEP][PASSED] - Statement - groupStoresList1[i] = storesLabel.get(i).getText(): null

2018-06-14 17:20:16 - [TEST_STEP][PASSED] - Statement - groupStoresList1[i] = storesLabel.get(i).getText(): null

2018-06-14 17:20:16 - [TEST_STEP][PASSED] - Statement - groupStoresList1[i] = storesLabel.get(i).getText(): null

2018-06-14 17:20:16 - [TEST_STEP][PASSED] - Statement - groupStoresList1[i] = storesLabel.get(i).getText(): null

2018-06-14 17:20:16 - [TEST_STEP][PASSED] - Statement - groupStoresList1[i] = storesLabel.get(i).getText(): null

2018-06-14 17:20:16 - [TEST_STEP][PASSED] - Statement - groupStoresList1[i] = storesLabel.get(i).getText(): null

2018-06-14 17:20:16 - [TEST_STEP][PASSED] - Statement - groupStoresList1[i] = storesLabel.get(i).getText(): null

2018-06-14 17:20:16 - [TEST_STEP][PASSED] - Statement - groupStoresList1[i] = storesLabel.get(i).getText(): null

2018-06-14 17:20:16 - [TEST_STEP][PASSED] - Statement - groupStoresList1[i] = storesLabel.get(i).getText(): null

2018-06-14 17:20:16 - [TEST_STEP][PASSED] - Statement - groupStoresList1[i] = storesLabel.get(i).getText(): null

2018-06-14 17:20:16 - [TEST_STEP][PASSED] - Statement - out.println(groupStoresList): null

2018-06-14 17:20:16 - [TEST_STEP][PASSED] - uiaction.CommonUIActions.click: uiaction.CommonUIActions.click is PASSED

2018-06-14 17:20:17 - [MESSAGE][PASSED] - uiaction.CommonUIActions.click is PASSED

2018-06-14 17:20:17 - [TEST_STEP][PASSED] - delay: Delayed 5 second(s)

2018-06-14 17:20:22 - [MESSAGE][PASSED] - Delayed 5 second(s)

2018-06-14 17:20:22 - [TEST_STEP][PASSED] - Statement - secondStoreListBox1 = driver.findElements(org.openqa.selenium.By.xpath(com.kms.katalon.core.testdata.TestDataFactory.findTestData(OR_file).getValue(2, 11))): Reading excel file with source file 'C:\Users\shalinin\Katalon Studio\HME_Scripts\Data Files\HME_OR.xlsx' and sheet name 'Sheet1'

2018-06-14 17:20:22 - [TEST_STEP][PASSED] - Statement - actualList1 = new java.util.ArrayList(): null

2018-06-14 17:20:22 - [TEST_STEP][PASSED] - Statement - For ([i = 0, i < secondStoreListBox1.size(), (i++)]): null

2018-06-14 17:20:22 - [TEST_STEP][PASSED] - Statement - actualList1.add(i, secondStoreListBox1.get(i).getText()): null

2018-06-14 17:20:22 - [TEST_STEP][PASSED] - Statement - actualList1.add(i, secondStoreListBox1.get(i).getText()): null

2018-06-14 17:20:22 - [TEST_STEP][PASSED] - Statement - actualList1.add(i, secondStoreListBox1.get(i).getText()): null

2018-06-14 17:20:22 - [TEST_STEP][PASSED] - Statement - actualList1.add(i, secondStoreListBox1.get(i).getText()): null

2018-06-14 17:20:22 - [TEST_STEP][PASSED] - Statement - actualList1.add(i, secondStoreListBox1.get(i).getText()): null

2018-06-14 17:20:22 - [TEST_STEP][PASSED] - Statement - actualList1.add(i, secondStoreListBox1.get(i).getText()): null

2018-06-14 17:20:22 - [TEST_STEP][PASSED] - Statement - actualList1.add(i, secondStoreListBox1.get(i).getText()): null

2018-06-14 17:20:22 - [TEST_STEP][PASSED] - Statement - actualList1.add(i, secondStoreListBox1.get(i).getText()): null

2018-06-14 17:20:22 - [TEST_STEP][PASSED] - Statement - actualList1.add(i, secondStoreListBox1.get(i).getText()): null

2018-06-14 17:20:22 - [TEST_STEP][PASSED] - Statement - actualList1.add(i, secondStoreListBox1.get(i).getText()): null

2018-06-14 17:20:22 - [TEST_STEP][PASSED] - Statement - actualList1.add(i, secondStoreListBox1.get(i).getText()): null

2018-06-14 17:20:22 - [TEST_STEP][PASSED] - Statement - actualList1.add(i, secondStoreListBox1.get(i).getText()): null

2018-06-14 17:20:22 - [TEST_STEP][PASSED] - Statement - actualList1.add(i, secondStoreListBox1.get(i).getText()): null

2018-06-14 17:20:22 - [TEST_STEP][PASSED] - Statement - actualList1.add(i, secondStoreListBox1.get(i).getText()): null

2018-06-14 17:20:22 - [TEST_STEP][PASSED] - Statement - actualList1.add(i, secondStoreListBox1.get(i).getText()): null

2018-06-14 17:20:22 - [TEST_STEP][PASSED] - Statement - actualList1.add(i, secondStoreListBox1.get(i).getText()): null

2018-06-14 17:20:22 - [TEST_STEP][PASSED] - Statement - actualList1.add(i, secondStoreListBox1.get(i).getText()): null

2018-06-14 17:20:22 - [TEST_STEP][PASSED] - Statement - actualList1.add(i, secondStoreListBox1.get(i).getText()): null

2018-06-14 17:20:22 - [TEST_STEP][PASSED] - Statement - actualList1.add(i, secondStoreListBox1.get(i).getText()): null

2018-06-14 17:20:22 - [TEST_STEP][PASSED] - Statement - actualList1.add(i, secondStoreListBox1.get(i).getText()): null

2018-06-14 17:20:22 - [TEST_STEP][PASSED] - Statement - actualList1.add(i, secondStoreListBox1.get(i).getText()): null

2018-06-14 17:20:22 - [TEST_STEP][PASSED] - Statement - actualList1.add(i, secondStoreListBox1.get(i).getText()): null

2018-06-14 17:20:22 - [TEST_STEP][PASSED] - Statement - actualList1.add(i, secondStoreListBox1.get(i).getText()): null

2018-06-14 17:20:22 - [TEST_STEP][PASSED] - Statement - actualList1.add(i, secondStoreListBox1.get(i).getText()): null

2018-06-14 17:20:22 - [TEST_STEP][PASSED] - Statement - actualList1.add(i, secondStoreListBox1.get(i).getText()): null

2018-06-14 17:20:22 - [TEST_STEP][PASSED] - Statement - actualList1.add(i, secondStoreListBox1.get(i).getText()): null

2018-06-14 17:20:22 - [TEST_STEP][PASSED] - Statement - actualList1.add(i, secondStoreListBox1.get(i).getText()): null

2018-06-14 17:20:22 - [TEST_STEP][PASSED] - Statement - actualList1.add(i, secondStoreListBox1.get(i).getText()): null

2018-06-14 17:20:22 - [TEST_STEP][PASSED] - Statement - actualList1.add(i, secondStoreListBox1.get(i).getText()): null

2018-06-14 17:20:22 - [TEST_STEP][PASSED] - Statement - actualList1.add(i, secondStoreListBox1.get(i).getText()): null

2018-06-14 17:20:22 - [TEST_STEP][PASSED] - Statement - actualList1.add(i, secondStoreListBox1.get(i).getText()): null

2018-06-14 17:20:22 - [TEST_STEP][PASSED] - Statement - actualList1.add(i, secondStoreListBox1.get(i).getText()): null

2018-06-14 17:20:22 - [TEST_STEP][PASSED] - Statement - actualList1.add(i, secondStoreListBox1.get(i).getText()): null

2018-06-14 17:20:22 - [TEST_STEP][PASSED] - Statement - actualList1.add(i, secondStoreListBox1.get(i).getText()): null

2018-06-14 17:20:22 - [TEST_STEP][PASSED] - Statement - actualList1.add(i, secondStoreListBox1.get(i).getText()): null

2018-06-14 17:20:22 - [TEST_STEP][PASSED] - Statement - actualList1.add(i, secondStoreListBox1.get(i).getText()): null

2018-06-14 17:20:22 - [TEST_STEP][PASSED] - Statement - actualList1.add(i, secondStoreListBox1.get(i).getText()): null

2018-06-14 17:20:22 - [TEST_STEP][PASSED] - Statement - actualList1.add(i, secondStoreListBox1.get(i).getText()): null

2018-06-14 17:20:22 - [TEST_STEP][PASSED] - Statement - actualList1.add(i, secondStoreListBox1.get(i).getText()): null

2018-06-14 17:20:22 - [TEST_STEP][PASSED] - Statement - actualList1.add(i, secondStoreListBox1.get(i).getText()): null

2018-06-14 17:20:22 - [TEST_STEP][PASSED] - Statement - actualList1.add(i, secondStoreListBox1.get(i).getText()): null

2018-06-14 17:20:22 - [TEST_STEP][PASSED] - Statement - actualList1.add(i, secondStoreListBox1.get(i).getText()): null

2018-06-14 17:20:22 - [TEST_STEP][PASSED] - Statement - actualList1.add(i, secondStoreListBox1.get(i).getText()): null

2018-06-14 17:20:22 - [TEST_STEP][PASSED] - Statement - actualList1.add(i, secondStoreListBox1.get(i).getText()): null

2018-06-14 17:20:22 - [TEST_STEP][PASSED] - Statement - actualList1.add(i, secondStoreListBox1.get(i).getText()): null

2018-06-14 17:20:22 - [TEST_STEP][PASSED] - Statement - actualList1.add(i, secondStoreListBox1.get(i).getText()): null

2018-06-14 17:20:22 - [TEST_STEP][PASSED] - Statement - actualList1.add(i, secondStoreListBox1.get(i).getText()): null

2018-06-14 17:20:22 - [TEST_STEP][PASSED] - Statement - actualList1.add(i, secondStoreListBox1.get(i).getText()): null

2018-06-14 17:20:22 - [TEST_STEP][PASSED] - Statement - actualList1.add(i, secondStoreListBox1.get(i).getText()): null

2018-06-14 17:20:22 - [TEST_STEP][PASSED] - Statement - actualList1.add(i, secondStoreListBox1.get(i).getText()): null

2018-06-14 17:20:22 - [TEST_STEP][PASSED] - Statement - actualList1.add(i, secondStoreListBox1.get(i).getText()): null

2018-06-14 17:20:22 - [TEST_STEP][PASSED] - Statement - actualList1.add(i, secondStoreListBox1.get(i).getText()): null

2018-06-14 17:20:22 - [TEST_STEP][PASSED] - Statement - actualList1.add(i, secondStoreListBox1.get(i).getText()): null

2018-06-14 17:20:22 - [TEST_STEP][PASSED] - Statement - actualList1.add(i, secondStoreListBox1.get(i).getText()): null

2018-06-14 17:20:22 - [TEST_STEP][PASSED] - Statement - actualList1.add(i, secondStoreListBox1.get(i).getText()): null

2018-06-14 17:20:22 - [TEST_STEP][PASSED] - Statement - actualList1.add(i, secondStoreListBox1.get(i).getText()): null

2018-06-14 17:20:22 - [TEST_STEP][PASSED] - Statement - actualList1.add(i, secondStoreListBox1.get(i).getText()): null

2018-06-14 17:20:22 - [TEST_STEP][PASSED] - Statement - actualList1.add(i, secondStoreListBox1.get(i).getText()): null

2018-06-14 17:20:22 - [TEST_STEP][PASSED] - Statement - actualList1.add(i, secondStoreListBox1.get(i).getText()): null

2018-06-14 17:20:23 - [TEST_STEP][PASSED] - Statement - actualList1.add(i, secondStoreListBox1.get(i).getText()): null

2018-06-14 17:20:23 - [TEST_STEP][PASSED] - Statement - actualList1.add(i, secondStoreListBox1.get(i).getText()): null

2018-06-14 17:20:23 - [TEST_STEP][PASSED] - Statement - actualList1.add(i, secondStoreListBox1.get(i).getText()): null

2018-06-14 17:20:23 - [TEST_STEP][PASSED] - Statement - actualList1.add(i, secondStoreListBox1.get(i).getText()): null

2018-06-14 17:20:23 - [TEST_STEP][PASSED] - Statement - actualList1.add(i, secondStoreListBox1.get(i).getText()): null

2018-06-14 17:20:23 - [TEST_STEP][PASSED] - Statement - actualList1.add(i, secondStoreListBox1.get(i).getText()): null

2018-06-14 17:20:23 - [TEST_STEP][PASSED] - Statement - actualList1.add(i, secondStoreListBox1.get(i).getText()): null

2018-06-14 17:20:23 - [TEST_STEP][PASSED] - Statement - actualList1.add(i, secondStoreListBox1.get(i).getText()): null

2018-06-14 17:20:23 - [TEST_STEP][PASSED] - Statement - actualList1.add(i, secondStoreListBox1.get(i).getText()): null

2018-06-14 17:20:23 - [TEST_STEP][PASSED] - Statement - actualList1.add(i, secondStoreListBox1.get(i).getText()): null

2018-06-14 17:20:23 - [TEST_STEP][PASSED] - Statement - actualList1.add(i, secondStoreListBox1.get(i).getText()): null

2018-06-14 17:20:23 - [TEST_STEP][PASSED] - Statement - actualList1.add(i, secondStoreListBox1.get(i).getText()): null

2018-06-14 17:20:23 - [TEST_STEP][PASSED] - Statement - actualList1.add(i, secondStoreListBox1.get(i).getText()): null

2018-06-14 17:20:23 - [TEST_STEP][PASSED] - Statement - actualList1.add(i, secondStoreListBox1.get(i).getText()): null

2018-06-14 17:20:23 - [TEST_STEP][PASSED] - Statement - actualList1.add(i, secondStoreListBox1.get(i).getText()): null

2018-06-14 17:20:23 - [TEST_STEP][PASSED] - Statement - actualList1.add(i, secondStoreListBox1.get(i).getText()): null

2018-06-14 17:20:23 - [TEST_STEP][PASSED] - Statement - actualList1.add(i, secondStoreListBox1.get(i).getText()): null

2018-06-14 17:20:23 - [TEST_STEP][PASSED] - Statement - actualList1.add(i, secondStoreListBox1.get(i).getText()): null

2018-06-14 17:20:23 - [TEST_STEP][PASSED] - Statement - actualList1.add(i, secondStoreListBox1.get(i).getText()): null

2018-06-14 17:20:23 - [TEST_STEP][PASSED] - Statement - actualList1.add(i, secondStoreListBox1.get(i).getText()): null

2018-06-14 17:20:23 - [TEST_STEP][PASSED] - Statement - actualList1.add(i, secondStoreListBox1.get(i).getText()): null

2018-06-14 17:20:23 - [TEST_STEP][PASSED] - Statement - actualList1.add(i, secondStoreListBox1.get(i).getText()): null

2018-06-14 17:20:23 - [TEST_STEP][PASSED] - Statement - actualList1.add(i, secondStoreListBox1.get(i).getText()): null

2018-06-14 17:20:23 - [TEST_STEP][PASSED] - Statement - actualList1.add(i, secondStoreListBox1.get(i).getText()): null

2018-06-14 17:20:23 - [TEST_STEP][PASSED] - Statement - actualList1.add(i, secondStoreListBox1.get(i).getText()): null

2018-06-14 17:20:23 - [TEST_STEP][PASSED] - Statement - actualList1.add(i, secondStoreListBox1.get(i).getText()): null

2018-06-14 17:20:23 - [TEST_STEP][PASSED] - Statement - actualList1.add(i, secondStoreListBox1.get(i).getText()): null

2018-06-14 17:20:23 - [TEST_STEP][PASSED] - Statement - actualList1.add(i, secondStoreListBox1.get(i).getText()): null

2018-06-14 17:20:23 - [TEST_STEP][PASSED] - Statement - actualList1.add(i, secondStoreListBox1.get(i).getText()): null

2018-06-14 17:20:23 - [TEST_STEP][PASSED] - Statement - actualList1.add(i, secondStoreListBox1.get(i).getText()): null

2018-06-14 17:20:23 - [TEST_STEP][PASSED] - Statement - actualList1.add(i, secondStoreListBox1.get(i).getText()): null

2018-06-14 17:20:23 - [TEST_STEP][PASSED] - Statement - actualList1.add(i, secondStoreListBox1.get(i).getText()): null

2018-06-14 17:20:23 - [TEST_STEP][PASSED] - Statement - actualList1.add(i, secondStoreListBox1.get(i).getText()): null

2018-06-14 17:20:23 - [TEST_STEP][PASSED] - Statement - actualList1.add(i, secondStoreListBox1.get(i).getText()): null

2018-06-14 17:20:23 - [TEST_STEP][PASSED] - Statement - actualList1.add(i, secondStoreListBox1.get(i).getText()): null

2018-06-14 17:20:23 - [TEST_STEP][PASSED] - Statement - actualList1.add(i, secondStoreListBox1.get(i).getText()): null

2018-06-14 17:20:23 - [TEST_STEP][PASSED] - Statement - actualList1.add(i, secondStoreListBox1.get(i).getText()): null

2018-06-14 17:20:23 - [TEST_STEP][PASSED] - Statement - actualList1.add(i, secondStoreListBox1.get(i).getText()): null

2018-06-14 17:20:23 - [TEST_STEP][PASSED] - Statement - actualList1.add(i, secondStoreListBox1.get(i).getText()): null

2018-06-14 17:20:23 - [TEST_STEP][PASSED] - Statement - actualList1.add(i, secondStoreListBox1.get(i).getText()): null

2018-06-14 17:20:23 - [TEST_STEP][PASSED] - Statement - actualList1.add(i, secondStoreListBox1.get(i).getText()): null

2018-06-14 17:20:23 - [TEST_STEP][PASSED] - Statement - actualList1.add(i, secondStoreListBox1.get(i).getText()): null

2018-06-14 17:20:23 - [TEST_STEP][PASSED] - Statement - actualList1.add(i, secondStoreListBox1.get(i).getText()): null

2018-06-14 17:20:23 - [TEST_STEP][PASSED] - Statement - actualList1.add(i, secondStoreListBox1.get(i).getText()): null

2018-06-14 17:20:23 - [TEST_STEP][PASSED] - Statement - actualList1.add(i, secondStoreListBox1.get(i).getText()): null

2018-06-14 17:20:23 - [TEST_STEP][PASSED] - Statement - actualList1.add(i, secondStoreListBox1.get(i).getText()): null

2018-06-14 17:20:23 - [TEST_STEP][PASSED] - Statement - actualList1.add(i, secondStoreListBox1.get(i).getText()): null

2018-06-14 17:20:23 - [TEST_STEP][PASSED] - Statement - actualList1.add(i, secondStoreListBox1.get(i).getText()): null

2018-06-14 17:20:23 - [TEST_STEP][PASSED] - Statement - actualList1.add(i, secondStoreListBox1.get(i).getText()): null

2018-06-14 17:20:23 - [TEST_STEP][PASSED] - Statement - actualList1.add(i, secondStoreListBox1.get(i).getText()): null

2018-06-14 17:20:23 - [TEST_STEP][PASSED] - Statement - actualList1.add(i, secondStoreListBox1.get(i).getText()): null

2018-06-14 17:20:23 - [TEST_STEP][PASSED] - Statement - actualList1.add(i, secondStoreListBox1.get(i).getText()): null

2018-06-14 17:20:23 - [TEST_STEP][PASSED] - Statement - actualList1.add(i, secondStoreListBox1.get(i).getText()): null

2018-06-14 17:20:23 - [TEST_STEP][PASSED] - Statement - actualList1.add(i, secondStoreListBox1.get(i).getText()): null

2018-06-14 17:20:23 - [TEST_STEP][PASSED] - Statement - actualList1.add(i, secondStoreListBox1.get(i).getText()): null

2018-06-14 17:20:23 - [TEST_STEP][PASSED] - Statement - actualList1.add(i, secondStoreListBox1.get(i).getText()): null

2018-06-14 17:20:23 - [TEST_STEP][PASSED] - Statement - actualList1.add(i, secondStoreListBox1.get(i).getText()): null

2018-06-14 17:20:23 - [TEST_STEP][PASSED] - Statement - actualList1.add(i, secondStoreListBox1.get(i).getText()): null

2018-06-14 17:20:23 - [TEST_STEP][PASSED] - Statement - actualList1.add(i, secondStoreListBox1.get(i).getText()): null

2018-06-14 17:20:24 - [TEST_STEP][PASSED] - Statement - actualList1.add(i, secondStoreListBox1.get(i).getText()): null

2018-06-14 17:20:24 - [TEST_STEP][PASSED] - Statement - actualList1.add(i, secondStoreListBox1.get(i).getText()): null

2018-06-14 17:20:24 - [TEST_STEP][PASSED] - Statement - actualList1.add(i, secondStoreListBox1.get(i).getText()): null

2018-06-14 17:20:24 - [TEST_STEP][PASSED] - Statement - actualList1.add(i, secondStoreListBox1.get(i).getText()): null

2018-06-14 17:20:24 - [TEST_STEP][PASSED] - Statement - actualList1.add(i, secondStoreListBox1.get(i).getText()): null

2018-06-14 17:20:24 - [TEST_STEP][PASSED] - Statement - actualList1.add(i, secondStoreListBox1.get(i).getText()): null

2018-06-14 17:20:24 - [TEST_STEP][PASSED] - Statement - actualList1.add(i, secondStoreListBox1.get(i).getText()): null

2018-06-14 17:20:24 - [TEST_STEP][PASSED] - Statement - actualList1.add(i, secondStoreListBox1.get(i).getText()): null

2018-06-14 17:20:24 - [TEST_STEP][PASSED] - Statement - actualList1.add(i, secondStoreListBox1.get(i).getText()): null

2018-06-14 17:20:24 - [TEST_STEP][PASSED] - Statement - actualList1.add(i, secondStoreListBox1.get(i).getText()): null

2018-06-14 17:20:24 - [TEST_STEP][PASSED] - Statement - actualList1.add(i, secondStoreListBox1.get(i).getText()): null

2018-06-14 17:20:24 - [TEST_STEP][PASSED] - Statement - actualList1.add(i, secondStoreListBox1.get(i).getText()): null

2018-06-14 17:20:24 - [TEST_STEP][PASSED] - Statement - actualList1.add(i, secondStoreListBox1.get(i).getText()): null

2018-06-14 17:20:24 - [TEST_STEP][PASSED] - Statement - actualList1.add(i, secondStoreListBox1.get(i).getText()): null

2018-06-14 17:20:24 - [TEST_STEP][PASSED] - Statement - actualList1.add(i, secondStoreListBox1.get(i).getText()): null

2018-06-14 17:20:24 - [TEST_STEP][PASSED] - Statement - actualList1.add(i, secondStoreListBox1.get(i).getText()): null

2018-06-14 17:20:24 - [TEST_STEP][PASSED] - Statement - actualList1.add(i, secondStoreListBox1.get(i).getText()): null

2018-06-14 17:20:24 - [TEST_STEP][PASSED] - Statement - actualList1.add(i, secondStoreListBox1.get(i).getText()): null

2018-06-14 17:20:24 - [TEST_STEP][PASSED] - Statement - actualList1.add(i, secondStoreListBox1.get(i).getText()): null

2018-06-14 17:20:24 - [TEST_STEP][PASSED] - Statement - actualList1.add(i, secondStoreListBox1.get(i).getText()): null

2018-06-14 17:20:24 - [TEST_STEP][PASSED] - Statement - actualList1.add(i, secondStoreListBox1.get(i).getText()): null

2018-06-14 17:20:24 - [TEST_STEP][PASSED] - Statement - actualList1.add(i, secondStoreListBox1.get(i).getText()): null

2018-06-14 17:20:24 - [TEST_STEP][PASSED] - Statement - actualList1.add(i, secondStoreListBox1.get(i).getText()): null

2018-06-14 17:20:24 - [TEST_STEP][PASSED] - Statement - actualList1.add(i, secondStoreListBox1.get(i).getText()): null

2018-06-14 17:20:24 - [TEST_STEP][PASSED] - Statement - actualList1.add(i, secondStoreListBox1.get(i).getText()): null

2018-06-14 17:20:24 - [TEST_STEP][PASSED] - Statement - actualList1.add(i, secondStoreListBox1.get(i).getText()): null

2018-06-14 17:20:24 - [TEST_STEP][PASSED] - Statement - actualList1.add(i, secondStoreListBox1.get(i).getText()): null

2018-06-14 17:20:24 - [TEST_STEP][PASSED] - Statement - actualList1.add(i, secondStoreListBox1.get(i).getText()): null

2018-06-14 17:20:24 - [TEST_STEP][PASSED] - Statement - actualList1.add(i, secondStoreListBox1.get(i).getText()): null

2018-06-14 17:20:24 - [TEST_STEP][PASSED] - Statement - actualList1.add(i, secondStoreListBox1.get(i).getText()): null

2018-06-14 17:20:24 - [TEST_STEP][PASSED] - Statement - actualList1.add(i, secondStoreListBox1.get(i).getText()): null

2018-06-14 17:20:24 - [TEST_STEP][PASSED] - Statement - actualList1.add(i, secondStoreListBox1.get(i).getText()): null

2018-06-14 17:20:24 - [TEST_STEP][PASSED] - Statement - actualList1.add(i, secondStoreListBox1.get(i).getText()): null

2018-06-14 17:20:24 - [TEST_STEP][PASSED] - Statement - actualList1.add(i, secondStoreListBox1.get(i).getText()): null

2018-06-14 17:20:24 - [TEST_STEP][PASSED] - Statement - actualList1.add(i, secondStoreListBox1.get(i).getText()): null

2018-06-14 17:20:24 - [TEST_STEP][PASSED] - Statement - actualList1.add(i, secondStoreListBox1.get(i).getText()): null

2018-06-14 17:20:24 - [TEST_STEP][PASSED] - Statement - actualList1.add(i, secondStoreListBox1.get(i).getText()): null

2018-06-14 17:20:24 - [TEST_STEP][PASSED] - Statement - actualList1.add(i, secondStoreListBox1.get(i).getText()): null

2018-06-14 17:20:24 - [TEST_STEP][PASSED] - Statement - actualList1.add(i, secondStoreListBox1.get(i).getText()): null

2018-06-14 17:20:24 - [TEST_STEP][PASSED] - Statement - actualList1.add(i, secondStoreListBox1.get(i).getText()): null

2018-06-14 17:20:24 - [TEST_STEP][PASSED] - Statement - actualList1.add(i, secondStoreListBox1.get(i).getText()): null

2018-06-14 17:20:24 - [TEST_STEP][PASSED] - Statement - actualList1.add(i, secondStoreListBox1.get(i).getText()): null

2018-06-14 17:20:24 - [TEST_STEP][PASSED] - Statement - actualList1.add(i, secondStoreListBox1.get(i).getText()): null

2018-06-14 17:20:24 - [TEST_STEP][PASSED] - Statement - actualList1.add(i, secondStoreListBox1.get(i).getText()): null

2018-06-14 17:20:24 - [TEST_STEP][PASSED] - Statement - actualList1.add(i, secondStoreListBox1.get(i).getText()): null

2018-06-14 17:20:24 - [TEST_STEP][PASSED] - Statement - actualList1.add(i, secondStoreListBox1.get(i).getText()): null

2018-06-14 17:20:24 - [TEST_STEP][PASSED] - Statement - actualList1.add(i, secondStoreListBox1.get(i).getText()): null

2018-06-14 17:20:24 - [TEST_STEP][PASSED] - Statement - actualList1.add(i, secondStoreListBox1.get(i).getText()): null

2018-06-14 17:20:24 - [TEST_STEP][PASSED] - Statement - actualList1.add(i, secondStoreListBox1.get(i).getText()): null

2018-06-14 17:20:24 - [TEST_STEP][PASSED] - Statement - actualList1.add(i, secondStoreListBox1.get(i).getText()): null

2018-06-14 17:20:24 - [TEST_STEP][PASSED] - Statement - actualList1.add(i, secondStoreListBox1.get(i).getText()): null

2018-06-14 17:20:24 - [TEST_STEP][PASSED] - Statement - actualList1.add(i, secondStoreListBox1.get(i).getText()): null

2018-06-14 17:20:24 - [TEST_STEP][PASSED] - Statement - actualList1.add(i, secondStoreListBox1.get(i).getText()): null

2018-06-14 17:20:24 - [TEST_STEP][PASSED] - Statement - actualList1.add(i, secondStoreListBox1.get(i).getText()): null

2018-06-14 17:20:24 - [TEST_STEP][PASSED] - Statement - actualList1.add(i, secondStoreListBox1.get(i).getText()): null

2018-06-14 17:20:24 - [TEST_STEP][PASSED] - Statement - actualList1.add(i, secondStoreListBox1.get(i).getText()): null

2018-06-14 17:20:24 - [TEST_STEP][PASSED] - Statement - actualList1.add(i, secondStoreListBox1.get(i).getText()): null

2018-06-14 17:20:25 - [TEST_STEP][PASSED] - Statement - actualList1.add(i, secondStoreListBox1.get(i).getText()): null

2018-06-14 17:20:25 - [TEST_STEP][PASSED] - Statement - actualList1.add(i, secondStoreListBox1.get(i).getText()): null

2018-06-14 17:20:25 - [TEST_STEP][PASSED] - Statement - actualList1.add(i, secondStoreListBox1.get(i).getText()): null

2018-06-14 17:20:25 - [TEST_STEP][PASSED] - Statement - actualList1.add(i, secondStoreListBox1.get(i).getText()): null

2018-06-14 17:20:25 - [TEST_STEP][PASSED] - Statement - actualList1.add(i, secondStoreListBox1.get(i).getText()): null

2018-06-14 17:20:25 - [TEST_STEP][PASSED] - Statement - actualList1.add(i, secondStoreListBox1.get(i).getText()): null

2018-06-14 17:20:25 - [TEST_STEP][PASSED] - Statement - actualList1.add(i, secondStoreListBox1.get(i).getText()): null

2018-06-14 17:20:25 - [TEST_STEP][PASSED] - Statement - actualList1.add(i, secondStoreListBox1.get(i).getText()): null

2018-06-14 17:20:25 - [TEST_STEP][PASSED] - Statement - actualList1.add(i, secondStoreListBox1.get(i).getText()): null

2018-06-14 17:20:25 - [TEST_STEP][PASSED] - Statement - actualList1.add(i, secondStoreListBox1.get(i).getText()): null

2018-06-14 17:20:25 - [TEST_STEP][PASSED] - Statement - actualList1.add(i, secondStoreListBox1.get(i).getText()): null

2018-06-14 17:20:25 - [TEST_STEP][PASSED] - Statement - actualList1.add(i, secondStoreListBox1.get(i).getText()): null

2018-06-14 17:20:25 - [TEST_STEP][PASSED] - Statement - actualList1.add(i, secondStoreListBox1.get(i).getText()): null

2018-06-14 17:20:25 - [TEST_STEP][PASSED] - Statement - actualList1.add(i, secondStoreListBox1.get(i).getText()): null

2018-06-14 17:20:25 - [TEST_STEP][PASSED] - Statement - actualList1.add(i, secondStoreListBox1.get(i).getText()): null

2018-06-14 17:20:25 - [TEST_STEP][PASSED] - Statement - actualList1.add(i, secondStoreListBox1.get(i).getText()): null

2018-06-14 17:20:25 - [TEST_STEP][PASSED] - Statement - actualList1.add(i, secondStoreListBox1.get(i).getText()): null

2018-06-14 17:20:25 - [TEST_STEP][PASSED] - Statement - actualList1.add(i, secondStoreListBox1.get(i).getText()): null

2018-06-14 17:20:25 - [TEST_STEP][PASSED] - Statement - actualList1.add(i, secondStoreListBox1.get(i).getText()): null

2018-06-14 17:20:25 - [TEST_STEP][PASSED] - Statement - actualList1.add(i, secondStoreListBox1.get(i).getText()): null

2018-06-14 17:20:25 - [TEST_STEP][PASSED] - Statement - actualList1.add(i, secondStoreListBox1.get(i).getText()): null

2018-06-14 17:20:25 - [TEST_STEP][PASSED] - Statement - actualList1.add(i, secondStoreListBox1.get(i).getText()): null

2018-06-14 17:20:25 - [TEST_STEP][PASSED] - Statement - actualList1.add(i, secondStoreListBox1.get(i).getText()): null

2018-06-14 17:20:25 - [TEST_STEP][PASSED] - Statement - actualList1.add(i, secondStoreListBox1.get(i).getText()): null

2018-06-14 17:20:25 - [TEST_STEP][PASSED] - Statement - actualList1.add(i, secondStoreListBox1.get(i).getText()): null

2018-06-14 17:20:25 - [TEST_STEP][PASSED] - Statement - actualList1.add(i, secondStoreListBox1.get(i).getText()): null

2018-06-14 17:20:25 - [TEST_STEP][PASSED] - Statement - actualList1.add(i, secondStoreListBox1.get(i).getText()): null

2018-06-14 17:20:25 - [TEST_STEP][PASSED] - Statement - actualList1.add(i, secondStoreListBox1.get(i).getText()): null

2018-06-14 17:20:25 - [TEST_STEP][PASSED] - Statement - actualList1.add(i, secondStoreListBox1.get(i).getText()): null

2018-06-14 17:20:25 - [TEST_STEP][PASSED] - Statement - actualList1.add(i, secondStoreListBox1.get(i).getText()): null

2018-06-14 17:20:25 - [TEST_STEP][PASSED] - Statement - actualList1.add(i, secondStoreListBox1.get(i).getText()): null

2018-06-14 17:20:25 - [TEST_STEP][PASSED] - Statement - actualList1.add(i, secondStoreListBox1.get(i).getText()): null

2018-06-14 17:20:25 - [TEST_STEP][PASSED] - Statement - actualList1.add(i, secondStoreListBox1.get(i).getText()): null

2018-06-14 17:20:25 - [TEST_STEP][PASSED] - Statement - actualList1.add(i, secondStoreListBox1.get(i).getText()): null

2018-06-14 17:20:25 - [TEST_STEP][PASSED] - Statement - actualList1.add(i, secondStoreListBox1.get(i).getText()): null

2018-06-14 17:20:25 - [TEST_STEP][PASSED] - Statement - actualList1.add(i, secondStoreListBox1.get(i).getText()): null

2018-06-14 17:20:25 - [TEST_STEP][PASSED] - Statement - actualList1.add(i, secondStoreListBox1.get(i).getText()): null

2018-06-14 17:20:25 - [TEST_STEP][PASSED] - Statement - actualList1.add(i, secondStoreListBox1.get(i).getText()): null

2018-06-14 17:20:25 - [TEST_STEP][PASSED] - Statement - actualList1.add(i, secondStoreListBox1.get(i).getText()): null

2018-06-14 17:20:25 - [TEST_STEP][PASSED] - Statement - actualList1.add(i, secondStoreListBox1.get(i).getText()): null

2018-06-14 17:20:25 - [TEST_STEP][PASSED] - Statement - actualList1.add(i, secondStoreListBox1.get(i).getText()): null

2018-06-14 17:20:25 - [TEST_STEP][PASSED] - Statement - actualList1.add(i, secondStoreListBox1.get(i).getText()): null

2018-06-14 17:20:25 - [TEST_STEP][PASSED] - Statement - actualList1.add(i, secondStoreListBox1.get(i).getText()): null

2018-06-14 17:20:25 - [TEST_STEP][PASSED] - Statement - actualList1.add(i, secondStoreListBox1.get(i).getText()): null

2018-06-14 17:20:25 - [TEST_STEP][PASSED] - Statement - out.println(actualList1): null

2018-06-14 17:20:25 - [TEST_STEP][PASSED] - delay: Delayed 10 second(s)

2018-06-14 17:20:35 - [MESSAGE][PASSED] - Delayed 10 second(s)

2018-06-14 17:20:35 - [TEST_STEP][PASSED] - Statement - If (actualList1.containsAll(groupStoresList)): null

2018-06-14 17:20:35 - [TEST_STEP][PASSED] - Statement - println("Selected stores are displayed in Group/Stores in Group listbox"): null

2018-06-14 17:20:35 - [TEST_STEP][PASSED] - uiaction.CommonUIActions.click: uiaction.CommonUIActions.click is PASSED

2018-06-14 17:20:35 - [MESSAGE][PASSED] - uiaction.CommonUIActions.click is PASSED

2018-06-14 17:20:35 - [TEST_STEP][PASSED] - verifyElementPresent: Object 'Object Repository/ReportingGroupManagement/groupCreatedMsg' is present

2018-06-14 17:20:43 - [MESSAGE][PASSED] - Object 'Object Repository/ReportingGroupManagement/groupCreatedMsg' is present

2018-06-14 17:20:43 - [TEST_STEP][PASSED] - delay: Delayed 10 second(s)

2018-06-14 17:20:53 - [MESSAGE][PASSED] - Delayed 10 second(s)

2018-06-14 17:20:53 - [TEST_STEP][PASSED] - uiaction.CommonUIActions.back: uiaction.CommonUIActions.back is PASSED

2018-06-14 17:20:53 - [MESSAGE][PASSED] - Navigate back successfully

2018-06-14 17:20:53 - [MESSAGE][PASSED] - uiaction.CommonUIActions.back is PASSED

2018-06-14 17:20:53 - [TEST_STEP][PASSED] - delay: Delayed 5 second(s)

2018-06-14 17:20:58 - [MESSAGE][PASSED] - Delayed 5 second(s)

2018-06-14 17:20:58 - [TEST_STEP][PASSED] - uiaction.CommonUIActions.back: uiaction.CommonUIActions.back is PASSED

2018-06-14 17:20:58 - [MESSAGE][PASSED] - Navigate back successfully

2018-06-14 17:20:58 - [MESSAGE][PASSED] - uiaction.CommonUIActions.back is PASSED

2018-06-14 17:20:58 - [TEST_STEP][PASSED] - delay: Delayed 5 second(s)

2018-06-14 17:21:03 - [MESSAGE][PASSED] - Delayed 5 second(s)

2018-06-14 17:21:03 - [TEST_STEP][PASSED] - Statement - groupHierarchyList = driver.findElements(org.openqa.selenium.By.xpath(com.kms.katalon.core.testdata.TestDataFactory.findTestData(OR_file).getValue(2, 13))): Reading excel file with source file 'C:\Users\shalinin\Katalon Studio\HME_Scripts\Data Files\HME_OR.xlsx' and sheet name 'Sheet1'

2018-06-14 17:21:03 - [TEST_STEP][PASSED] - Statement - actualgroupList = new java.util.ArrayList(): null

2018-06-14 17:21:03 - [TEST_STEP][PASSED] - Statement - For ([i = 0, i < groupHierarchyList.size(), (i++)]): null

2018-06-14 17:21:03 - [TEST_STEP][PASSED] - Statement - actualgroupList.add(i, groupHierarchyList.get(i).getText()): null

2018-06-14 17:21:03 - [TEST_STEP][PASSED] - Statement - out.println(actualgroupList): null

2018-06-14 17:21:03 - [TEST_STEP][PASSED] - delay: Delayed 5 second(s)

2018-06-14 17:21:08 - [MESSAGE][PASSED] - Delayed 5 second(s)

2018-06-14 17:21:08 - [TEST_STEP][PASSED] - Statement - groupName = CustomKeywords.projectSpecific.Reusability.getTestData("ReportingGroupManagementPage", "GroupName"): projectSpecific.Reusability.getTestData is PASSED

2018-06-14 17:21:08 - [MESSAGE][PASSED] - projectSpecific.Reusability.getTestData is PASSED

2018-06-14 17:21:08 - [TEST_STEP][PASSED] - Statement - If (actualgroupList.contains(groupName)): null

2018-06-14 17:21:08 - [TEST_STEP][PASSED] - Statement - println("Automation Group is available in group hierarchy"): null

2018-06-14 17:21:08 - [TEST_STEP][PASSED] - uiaction.CommonUIActions.click: uiaction.CommonUIActions.click is PASSED

2018-06-14 17:21:08 - [MESSAGE][PASSED] - uiaction.CommonUIActions.click is PASSED

2018-06-14 17:21:08 - [TEST_STEP][PASSED] - Statement - subGroupList = new java.util.ArrayList(): null

2018-06-14 17:21:08 - [TEST_STEP][PASSED] - Statement - For ([i = 1, i <= size, (i++)]): null

2018-06-14 17:21:08 - [TEST_STEP][PASSED] - Statement - groupXpath = "(//span[@title='" + groupName + "']/following-sibling::ul/li/span[3]/span[2])[" + i + "]": null

2018-06-14 17:21:08 - [TEST_STEP][PASSED] - Statement - println(groupXpath): null

2018-06-14 17:21:08 - [TEST_STEP][PASSED] - Statement - childgroup = driver.findElement(org.openqa.selenium.By.xpath(groupXpath)).getText(): null

2018-06-14 17:21:08 - [TEST_STEP][PASSED] - Statement - println(childgroup): null

2018-06-14 17:21:08 - [TEST_STEP][PASSED] - Statement - subGroupList[i - 1] = childgroup: null

2018-06-14 17:21:08 - [TEST_STEP][PASSED] - Statement - groupXpath = "(//span[@title='" + groupName + "']/following-sibling::ul/li/span[3]/span[2])[" + i + "]": null

2018-06-14 17:21:08 - [TEST_STEP][PASSED] - Statement - println(groupXpath): null

2018-06-14 17:21:08 - [TEST_STEP][PASSED] - Statement - childgroup = driver.findElement(org.openqa.selenium.By.xpath(groupXpath)).getText(): null

2018-06-14 17:21:08 - [TEST_STEP][PASSED] - Statement - println(childgroup): null

2018-06-14 17:21:08 - [TEST_STEP][PASSED] - Statement - subGroupList[i - 1] = childgroup: null

2018-06-14 17:21:08 - [TEST_STEP][PASSED] - Statement - groupXpath = "(//span[@title='" + groupName + "']/following-sibling::ul/li/span[3]/span[2])[" + i + "]": null

2018-06-14 17:21:08 - [TEST_STEP][PASSED] - Statement - println(groupXpath): null

2018-06-14 17:21:08 - [TEST_STEP][PASSED] - Statement - childgroup = driver.findElement(org.openqa.selenium.By.xpath(groupXpath)).getText(): null

2018-06-14 17:21:08 - [TEST_STEP][PASSED] - Statement - println(childgroup): null

2018-06-14 17:21:08 - [TEST_STEP][PASSED] - Statement - subGroupList[i - 1] = childgroup: null

2018-06-14 17:21:08 - [TEST_STEP][PASSED] - Statement - groupXpath = "(//span[@title='" + groupName + "']/following-sibling::ul/li/span[3]/span[2])[" + i + "]": null

2018-06-14 17:21:08 - [TEST_STEP][PASSED] - Statement - println(groupXpath): null

2018-06-14 17:21:08 - [TEST_STEP][PASSED] - Statement - childgroup = driver.findElement(org.openqa.selenium.By.xpath(groupXpath)).getText(): null

2018-06-14 17:21:08 - [TEST_STEP][PASSED] - Statement - println(childgroup): null

2018-06-14 17:21:08 - [TEST_STEP][PASSED] - Statement - subGroupList[i - 1] = childgroup: null

2018-06-14 17:21:08 - [TEST_STEP][PASSED] - Statement - groupXpath = "(//span[@title='" + groupName + "']/following-sibling::ul/li/span[3]/span[2])[" + i + "]": null

2018-06-14 17:21:08 - [TEST_STEP][PASSED] - Statement - println(groupXpath): null

2018-06-14 17:21:08 - [TEST_STEP][PASSED] - Statement - childgroup = driver.findElement(org.openqa.selenium.By.xpath(groupXpath)).getText(): null

2018-06-14 17:21:08 - [TEST_STEP][PASSED] - Statement - println(childgroup): null

2018-06-14 17:21:08 - [TEST_STEP][PASSED] - Statement - subGroupList[i - 1] = childgroup: null

2018-06-14 17:21:08 - [TEST_STEP][PASSED] - Statement - groupXpath = "(//span[@title='" + groupName + "']/following-sibling::ul/li/span[3]/span[2])[" + i + "]": null

2018-06-14 17:21:08 - [TEST_STEP][PASSED] - Statement - println(groupXpath): null

2018-06-14 17:21:08 - [TEST_STEP][PASSED] - Statement - childgroup = driver.findElement(org.openqa.selenium.By.xpath(groupXpath)).getText(): null

2018-06-14 17:21:08 - [TEST_STEP][PASSED] - Statement - println(childgroup): null

2018-06-14 17:21:08 - [TEST_STEP][PASSED] - Statement - subGroupList[i - 1] = childgroup: null

2018-06-14 17:21:08 - [TEST_STEP][PASSED] - Statement - groupXpath = "(//span[@title='" + groupName + "']/following-sibling::ul/li/span[3]/span[2])[" + i + "]": null

2018-06-14 17:21:08 - [TEST_STEP][PASSED] - Statement - println(groupXpath): null

2018-06-14 17:21:08 - [TEST_STEP][PASSED] - Statement - childgroup = driver.findElement(org.openqa.selenium.By.xpath(groupXpath)).getText(): null

2018-06-14 17:21:08 - [TEST_STEP][PASSED] - Statement - println(childgroup): null

2018-06-14 17:21:08 - [TEST_STEP][PASSED] - Statement - subGroupList[i - 1] = childgroup: null

2018-06-14 17:21:08 - [TEST_STEP][PASSED] - Statement - groupXpath = "(//span[@title='" + groupName + "']/following-sibling::ul/li/span[3]/span[2])[" + i + "]": null

2018-06-14 17:21:08 - [TEST_STEP][PASSED] - Statement - println(groupXpath): null

2018-06-14 17:21:08 - [TEST_STEP][PASSED] - Statement - childgroup = driver.findElement(org.openqa.selenium.By.xpath(groupXpath)).getText(): null

2018-06-14 17:21:08 - [TEST_STEP][PASSED] - Statement - println(childgroup): null

2018-06-14 17:21:08 - [TEST_STEP][PASSED] - Statement - subGroupList[i - 1] = childgroup: null

2018-06-14 17:21:08 - [TEST_STEP][PASSED] - Statement - groupXpath = "(//span[@title='" + groupName + "']/following-sibling::ul/li/span[3]/span[2])[" + i + "]": null

2018-06-14 17:21:08 - [TEST_STEP][PASSED] - Statement - println(groupXpath): null

2018-06-14 17:21:08 - [TEST_STEP][PASSED] - Statement - childgroup = driver.findElement(org.openqa.selenium.By.xpath(groupXpath)).getText(): null

2018-06-14 17:21:08 - [TEST_STEP][PASSED] - Statement - println(childgroup): null

2018-06-14 17:21:08 - [TEST_STEP][PASSED] - Statement - subGroupList[i - 1] = childgroup: null

2018-06-14 17:21:08 - [TEST_STEP][PASSED] - Statement - groupXpath = "(//span[@title='" + groupName + "']/following-sibling::ul/li/span[3]/span[2])[" + i + "]": null

2018-06-14 17:21:08 - [TEST_STEP][PASSED] - Statement - println(groupXpath): null

2018-06-14 17:21:08 - [TEST_STEP][PASSED] - Statement - childgroup = driver.findElement(org.openqa.selenium.By.xpath(groupXpath)).getText(): null

2018-06-14 17:21:08 - [TEST_STEP][PASSED] - Statement - println(childgroup): null

2018-06-14 17:21:08 - [TEST_STEP][PASSED] - Statement - subGroupList[i - 1] = childgroup: null

2018-06-14 17:21:08 - [TEST_STEP][PASSED] - Statement - groupXpath = "(//span[@title='" + groupName + "']/following-sibling::ul/li/span[3]/span[2])[" + i + "]": null

2018-06-14 17:21:08 - [TEST_STEP][PASSED] - Statement - println(groupXpath): null

2018-06-14 17:21:08 - [TEST_STEP][PASSED] - Statement - childgroup = driver.findElement(org.openqa.selenium.By.xpath(groupXpath)).getText(): null

2018-06-14 17:21:08 - [TEST_STEP][PASSED] - Statement - println(childgroup): null

2018-06-14 17:21:08 - [TEST_STEP][PASSED] - Statement - subGroupList[i - 1] = childgroup: null

2018-06-14 17:21:08 - [TEST_STEP][PASSED] - Statement - groupXpath = "(//span[@title='" + groupName + "']/following-sibling::ul/li/span[3]/span[2])[" + i + "]": null

2018-06-14 17:21:08 - [TEST_STEP][PASSED] - Statement - println(groupXpath): null

2018-06-14 17:21:08 - [TEST_STEP][PASSED] - Statement - childgroup = driver.findElement(org.openqa.selenium.By.xpath(groupXpath)).getText(): null

2018-06-14 17:21:08 - [TEST_STEP][PASSED] - Statement - println(childgroup): null

2018-06-14 17:21:08 - [TEST_STEP][PASSED] - Statement - subGroupList[i - 1] = childgroup: null

2018-06-14 17:21:08 - [TEST_STEP][PASSED] - Statement - groupXpath = "(//span[@title='" + groupName + "']/following-sibling::ul/li/span[3]/span[2])[" + i + "]": null

2018-06-14 17:21:08 - [TEST_STEP][PASSED] - Statement - println(groupXpath): null

2018-06-14 17:21:08 - [TEST_STEP][PASSED] - Statement - childgroup = driver.findElement(org.openqa.selenium.By.xpath(groupXpath)).getText(): null

2018-06-14 17:21:08 - [TEST_STEP][PASSED] - Statement - println(childgroup): null

2018-06-14 17:21:08 - [TEST_STEP][PASSED] - Statement - subGroupList[i - 1] = childgroup: null

2018-06-14 17:21:08 - [TEST_STEP][PASSED] - Statement - groupXpath = "(//span[@title='" + groupName + "']/following-sibling::ul/li/span[3]/span[2])[" + i + "]": null

2018-06-14 17:21:08 - [TEST_STEP][PASSED] - Statement - println(groupXpath): null

2018-06-14 17:21:08 - [TEST_STEP][PASSED] - Statement - childgroup = driver.findElement(org.openqa.selenium.By.xpath(groupXpath)).getText(): null

2018-06-14 17:21:08 - [TEST_STEP][PASSED] - Statement - println(childgroup): null

2018-06-14 17:21:08 - [TEST_STEP][PASSED] - Statement - subGroupList[i - 1] = childgroup: null

2018-06-14 17:21:08 - [TEST_STEP][PASSED] - Statement - groupXpath = "(//span[@title='" + groupName + "']/following-sibling::ul/li/span[3]/span[2])[" + i + "]": null

2018-06-14 17:21:08 - [TEST_STEP][PASSED] - Statement - println(groupXpath): null

2018-06-14 17:21:08 - [TEST_STEP][PASSED] - Statement - childgroup = driver.findElement(org.openqa.selenium.By.xpath(groupXpath)).getText(): null

2018-06-14 17:21:08 - [TEST_STEP][PASSED] - Statement - println(childgroup): null

2018-06-14 17:21:08 - [TEST_STEP][PASSED] - Statement - subGroupList[i - 1] = childgroup: null

2018-06-14 17:21:08 - [TEST_STEP][PASSED] - Statement - groupXpath = "(//span[@title='" + groupName + "']/following-sibling::ul/li/span[3]/span[2])[" + i + "]": null

2018-06-14 17:21:08 - [TEST_STEP][PASSED] - Statement - println(groupXpath): null

2018-06-14 17:21:08 - [TEST_STEP][PASSED] - Statement - childgroup = driver.findElement(org.openqa.selenium.By.xpath(groupXpath)).getText(): null

2018-06-14 17:21:08 - [TEST_STEP][PASSED] - Statement - println(childgroup): null

2018-06-14 17:21:08 - [TEST_STEP][PASSED] - Statement - subGroupList[i - 1] = childgroup: null

2018-06-14 17:21:08 - [TEST_STEP][PASSED] - Statement - groupXpath = "(//span[@title='" + groupName + "']/following-sibling::ul/li/span[3]/span[2])[" + i + "]": null

2018-06-14 17:21:08 - [TEST_STEP][PASSED] - Statement - println(groupXpath): null

2018-06-14 17:21:08 - [TEST_STEP][PASSED] - Statement - childgroup = driver.findElement(org.openqa.selenium.By.xpath(groupXpath)).getText(): null

2018-06-14 17:21:08 - [TEST_STEP][PASSED] - Statement - println(childgroup): null

2018-06-14 17:21:08 - [TEST_STEP][PASSED] - Statement - subGroupList[i - 1] = childgroup: null

2018-06-14 17:21:08 - [TEST_STEP][PASSED] - Statement - groupXpath = "(//span[@title='" + groupName + "']/following-sibling::ul/li/span[3]/span[2])[" + i + "]": null

2018-06-14 17:21:08 - [TEST_STEP][PASSED] - Statement - println(groupXpath): null

2018-06-14 17:21:08 - [TEST_STEP][PASSED] - Statement - childgroup = driver.findElement(org.openqa.selenium.By.xpath(groupXpath)).getText(): null

2018-06-14 17:21:08 - [TEST_STEP][PASSED] - Statement - println(childgroup): null

2018-06-14 17:21:08 - [TEST_STEP][PASSED] - Statement - subGroupList[i - 1] = childgroup: null

2018-06-14 17:21:08 - [TEST_STEP][PASSED] - Statement - groupXpath = "(//span[@title='" + groupName + "']/following-sibling::ul/li/span[3]/span[2])[" + i + "]": null

2018-06-14 17:21:08 - [TEST_STEP][PASSED] - Statement - println(groupXpath): null

2018-06-14 17:21:08 - [TEST_STEP][PASSED] - Statement - childgroup = driver.findElement(org.openqa.selenium.By.xpath(groupXpath)).getText(): null

2018-06-14 17:21:08 - [TEST_STEP][PASSED] - Statement - println(childgroup): null

2018-06-14 17:21:08 - [TEST_STEP][PASSED] - Statement - subGroupList[i - 1] = childgroup: null

2018-06-14 17:21:08 - [TEST_STEP][PASSED] - Statement - groupXpath = "(//span[@title='" + groupName + "']/following-sibling::ul/li/span[3]/span[2])[" + i + "]": null

2018-06-14 17:21:08 - [TEST_STEP][PASSED] - Statement - println(groupXpath): null

2018-06-14 17:21:08 - [TEST_STEP][PASSED] - Statement - childgroup = driver.findElement(org.openqa.selenium.By.xpath(groupXpath)).getText(): null

2018-06-14 17:21:08 - [TEST_STEP][PASSED] - Statement - println(childgroup): null

2018-06-14 17:21:08 - [TEST_STEP][PASSED] - Statement - subGroupList[i - 1] = childgroup: null

2018-06-14 17:21:08 - [TEST_STEP][PASSED] - Statement - groupXpath = "(//span[@title='" + groupName + "']/following-sibling::ul/li/span[3]/span[2])[" + i + "]": null

2018-06-14 17:21:08 - [TEST_STEP][PASSED] - Statement - println(groupXpath): null

2018-06-14 17:21:08 - [TEST_STEP][PASSED] - Statement - childgroup = driver.findElement(org.openqa.selenium.By.xpath(groupXpath)).getText(): null

2018-06-14 17:21:08 - [TEST_STEP][PASSED] - Statement - println(childgroup): null

2018-06-14 17:21:08 - [TEST_STEP][PASSED] - Statement - subGroupList[i - 1] = childgroup: null

2018-06-14 17:21:08 - [TEST_STEP][PASSED] - Statement - groupXpath = "(//span[@title='" + groupName + "']/following-sibling::ul/li/span[3]/span[2])[" + i + "]": null

2018-06-14 17:21:08 - [TEST_STEP][PASSED] - Statement - println(groupXpath): null

2018-06-14 17:21:08 - [TEST_STEP][PASSED] - Statement - childgroup = driver.findElement(org.openqa.selenium.By.xpath(groupXpath)).getText(): null

2018-06-14 17:21:08 - [TEST_STEP][PASSED] - Statement - println(childgroup): null

2018-06-14 17:21:08 - [TEST_STEP][PASSED] - Statement - subGroupList[i - 1] = childgroup: null

2018-06-14 17:21:08 - [TEST_STEP][PASSED] - Statement - groupXpath = "(//span[@title='" + groupName + "']/following-sibling::ul/li/span[3]/span[2])[" + i + "]": null

2018-06-14 17:21:08 - [TEST_STEP][PASSED] - Statement - println(groupXpath): null

2018-06-14 17:21:08 - [TEST_STEP][PASSED] - Statement - childgroup = driver.findElement(org.openqa.selenium.By.xpath(groupXpath)).getText(): null

2018-06-14 17:21:08 - [TEST_STEP][PASSED] - Statement - println(childgroup): null

2018-06-14 17:21:08 - [TEST_STEP][PASSED] - Statement - subGroupList[i - 1] = childgroup: null

2018-06-14 17:21:08 - [TEST_STEP][PASSED] - Statement - groupXpath = "(//span[@title='" + groupName + "']/following-sibling::ul/li/span[3]/span[2])[" + i + "]": null

2018-06-14 17:21:08 - [TEST_STEP][PASSED] - Statement - println(groupXpath): null

2018-06-14 17:21:08 - [TEST_STEP][PASSED] - Statement - childgroup = driver.findElement(org.openqa.selenium.By.xpath(groupXpath)).getText(): null

2018-06-14 17:21:08 - [TEST_STEP][PASSED] - Statement - println(childgroup): null

2018-06-14 17:21:08 - [TEST_STEP][PASSED] - Statement - subGroupList[i - 1] = childgroup: null

2018-06-14 17:21:08 - [TEST_STEP][PASSED] - Statement - groupXpath = "(//span[@title='" + groupName + "']/following-sibling::ul/li/span[3]/span[2])[" + i + "]": null

2018-06-14 17:21:08 - [TEST_STEP][PASSED] - Statement - println(groupXpath): null

2018-06-14 17:21:08 - [TEST_STEP][PASSED] - Statement - childgroup = driver.findElement(org.openqa.selenium.By.xpath(groupXpath)).getText(): null

2018-06-14 17:21:09 - [TEST_STEP][PASSED] - Statement - println(childgroup): null

2018-06-14 17:21:09 - [TEST_STEP][PASSED] - Statement - subGroupList[i - 1] = childgroup: null

2018-06-14 17:21:09 - [TEST_STEP][PASSED] - Statement - groupXpath = "(//span[@title='" + groupName + "']/following-sibling::ul/li/span[3]/span[2])[" + i + "]": null

2018-06-14 17:21:09 - [TEST_STEP][PASSED] - Statement - println(groupXpath): null

2018-06-14 17:21:09 - [TEST_STEP][PASSED] - Statement - childgroup = driver.findElement(org.openqa.selenium.By.xpath(groupXpath)).getText(): null

2018-06-14 17:21:09 - [TEST_STEP][PASSED] - Statement - println(childgroup): null

2018-06-14 17:21:09 - [TEST_STEP][PASSED] - Statement - subGroupList[i - 1] = childgroup: null

2018-06-14 17:21:09 - [TEST_STEP][PASSED] - Statement - groupXpath = "(//span[@title='" + groupName + "']/following-sibling::ul/li/span[3]/span[2])[" + i + "]": null

2018-06-14 17:21:09 - [TEST_STEP][PASSED] - Statement - println(groupXpath): null

2018-06-14 17:21:09 - [TEST_STEP][PASSED] - Statement - childgroup = driver.findElement(org.openqa.selenium.By.xpath(groupXpath)).getText(): null

2018-06-14 17:21:09 - [TEST_STEP][PASSED] - Statement - println(childgroup): null

2018-06-14 17:21:09 - [TEST_STEP][PASSED] - Statement - subGroupList[i - 1] = childgroup: null

2018-06-14 17:21:09 - [TEST_STEP][PASSED] - Statement - groupXpath = "(//span[@title='" + groupName + "']/following-sibling::ul/li/span[3]/span[2])[" + i + "]": null

2018-06-14 17:21:09 - [TEST_STEP][PASSED] - Statement - println(groupXpath): null

2018-06-14 17:21:09 - [TEST_STEP][PASSED] - Statement - childgroup = driver.findElement(org.openqa.selenium.By.xpath(groupXpath)).getText(): null

2018-06-14 17:21:09 - [TEST_STEP][PASSED] - Statement - println(childgroup): null

2018-06-14 17:21:09 - [TEST_STEP][PASSED] - Statement - subGroupList[i - 1] = childgroup: null

2018-06-14 17:21:09 - [TEST_STEP][PASSED] - Statement - groupXpath = "(//span[@title='" + groupName + "']/following-sibling::ul/li/span[3]/span[2])[" + i + "]": null

2018-06-14 17:21:09 - [TEST_STEP][PASSED] - Statement - println(groupXpath): null

2018-06-14 17:21:09 - [TEST_STEP][PASSED] - Statement - childgroup = driver.findElement(org.openqa.selenium.By.xpath(groupXpath)).getText(): null

2018-06-14 17:21:09 - [TEST_STEP][PASSED] - Statement - println(childgroup): null

2018-06-14 17:21:09 - [TEST_STEP][PASSED] - Statement - subGroupList[i - 1] = childgroup: null

2018-06-14 17:21:09 - [TEST_STEP][PASSED] - Statement - groupXpath = "(//span[@title='" + groupName + "']/following-sibling::ul/li/span[3]/span[2])[" + i + "]": null

2018-06-14 17:21:09 - [TEST_STEP][PASSED] - Statement - println(groupXpath): null

2018-06-14 17:21:09 - [TEST_STEP][PASSED] - Statement - childgroup = driver.findElement(org.openqa.selenium.By.xpath(groupXpath)).getText(): null

2018-06-14 17:21:09 - [TEST_STEP][PASSED] - Statement - println(childgroup): null

2018-06-14 17:21:09 - [TEST_STEP][PASSED] - Statement - subGroupList[i - 1] = childgroup: null

2018-06-14 17:21:09 - [TEST_STEP][PASSED] - Statement - groupXpath = "(//span[@title='" + groupName + "']/following-sibling::ul/li/span[3]/span[2])[" + i + "]": null

2018-06-14 17:21:09 - [TEST_STEP][PASSED] - Statement - println(groupXpath): null

2018-06-14 17:21:09 - [TEST_STEP][PASSED] - Statement - childgroup = driver.findElement(org.openqa.selenium.By.xpath(groupXpath)).getText(): null

2018-06-14 17:21:09 - [TEST_STEP][PASSED] - Statement - println(childgroup): null

2018-06-14 17:21:09 - [TEST_STEP][PASSED] - Statement - subGroupList[i - 1] = childgroup: null

2018-06-14 17:21:09 - [TEST_STEP][PASSED] - Statement - groupXpath = "(//span[@title='" + groupName + "']/following-sibling::ul/li/span[3]/span[2])[" + i + "]": null

2018-06-14 17:21:09 - [TEST_STEP][PASSED] - Statement - println(groupXpath): null

2018-06-14 17:21:09 - [TEST_STEP][PASSED] - Statement - childgroup = driver.findElement(org.openqa.selenium.By.xpath(groupXpath)).getText(): null

2018-06-14 17:21:09 - [TEST_STEP][PASSED] - Statement - println(childgroup): null

2018-06-14 17:21:09 - [TEST_STEP][PASSED] - Statement - subGroupList[i - 1] = childgroup: null

2018-06-14 17:21:09 - [TEST_STEP][PASSED] - Statement - groupXpath = "(//span[@title='" + groupName + "']/following-sibling::ul/li/span[3]/span[2])[" + i + "]": null

2018-06-14 17:21:09 - [TEST_STEP][PASSED] - Statement - println(groupXpath): null

2018-06-14 17:21:09 - [TEST_STEP][PASSED] - Statement - childgroup = driver.findElement(org.openqa.selenium.By.xpath(groupXpath)).getText(): null

2018-06-14 17:21:09 - [TEST_STEP][PASSED] - Statement - println(childgroup): null

2018-06-14 17:21:09 - [TEST_STEP][PASSED] - Statement - subGroupList[i - 1] = childgroup: null

2018-06-14 17:21:09 - [TEST_STEP][PASSED] - Statement - groupXpath = "(//span[@title='" + groupName + "']/following-sibling::ul/li/span[3]/span[2])[" + i + "]": null

2018-06-14 17:21:09 - [TEST_STEP][PASSED] - Statement - println(groupXpath): null

2018-06-14 17:21:09 - [TEST_STEP][PASSED] - Statement - childgroup = driver.findElement(org.openqa.selenium.By.xpath(groupXpath)).getText(): null

2018-06-14 17:21:09 - [TEST_STEP][PASSED] - Statement - println(childgroup): null

2018-06-14 17:21:09 - [TEST_STEP][PASSED] - Statement - subGroupList[i - 1] = childgroup: null

2018-06-14 17:21:09 - [TEST_STEP][PASSED] - Statement - groupXpath = "(//span[@title='" + groupName + "']/following-sibling::ul/li/span[3]/span[2])[" + i + "]": null

2018-06-14 17:21:09 - [TEST_STEP][PASSED] - Statement - println(groupXpath): null

2018-06-14 17:21:09 - [TEST_STEP][PASSED] - Statement - childgroup = driver.findElement(org.openqa.selenium.By.xpath(groupXpath)).getText(): null

2018-06-14 17:21:09 - [TEST_STEP][PASSED] - Statement - println(childgroup): null

2018-06-14 17:21:09 - [TEST_STEP][PASSED] - Statement - subGroupList[i - 1] = childgroup: null

2018-06-14 17:21:09 - [TEST_STEP][PASSED] - Statement - groupXpath = "(//span[@title='" + groupName + "']/following-sibling::ul/li/span[3]/span[2])[" + i + "]": null

2018-06-14 17:21:09 - [TEST_STEP][PASSED] - Statement - println(groupXpath): null

2018-06-14 17:21:09 - [TEST_STEP][PASSED] - Statement - childgroup = driver.findElement(org.openqa.selenium.By.xpath(groupXpath)).getText(): null

2018-06-14 17:21:09 - [TEST_STEP][PASSED] - Statement - println(childgroup): null

2018-06-14 17:21:09 - [TEST_STEP][PASSED] - Statement - subGroupList[i - 1] = childgroup: null

2018-06-14 17:21:09 - [TEST_STEP][PASSED] - Statement - groupXpath = "(//span[@title='" + groupName + "']/following-sibling::ul/li/span[3]/span[2])[" + i + "]": null

2018-06-14 17:21:09 - [TEST_STEP][PASSED] - Statement - println(groupXpath): null

2018-06-14 17:21:09 - [TEST_STEP][PASSED] - Statement - childgroup = driver.findElement(org.openqa.selenium.By.xpath(groupXpath)).getText(): null

2018-06-14 17:21:09 - [TEST_STEP][PASSED] - Statement - println(childgroup): null

2018-06-14 17:21:09 - [TEST_STEP][PASSED] - Statement - subGroupList[i - 1] = childgroup: null

2018-06-14 17:21:09 - [TEST_STEP][PASSED] - Statement - groupXpath = "(//span[@title='" + groupName + "']/following-sibling::ul/li/span[3]/span[2])[" + i + "]": null

2018-06-14 17:21:09 - [TEST_STEP][PASSED] - Statement - println(groupXpath): null

2018-06-14 17:21:09 - [TEST_STEP][PASSED] - Statement - childgroup = driver.findElement(org.openqa.selenium.By.xpath(groupXpath)).getText(): null

2018-06-14 17:21:09 - [TEST_STEP][PASSED] - Statement - println(childgroup): null

2018-06-14 17:21:09 - [TEST_STEP][PASSED] - Statement - subGroupList[i - 1] = childgroup: null

2018-06-14 17:21:09 - [TEST_STEP][PASSED] - Statement - groupXpath = "(//span[@title='" + groupName + "']/following-sibling::ul/li/span[3]/span[2])[" + i + "]": null

2018-06-14 17:21:09 - [TEST_STEP][PASSED] - Statement - println(groupXpath): null

2018-06-14 17:21:09 - [TEST_STEP][PASSED] - Statement - childgroup = driver.findElement(org.openqa.selenium.By.xpath(groupXpath)).getText(): null

2018-06-14 17:21:09 - [TEST_STEP][PASSED] - Statement - println(childgroup): null

2018-06-14 17:21:09 - [TEST_STEP][PASSED] - Statement - subGroupList[i - 1] = childgroup: null

2018-06-14 17:21:09 - [TEST_STEP][PASSED] - Statement - groupXpath = "(//span[@title='" + groupName + "']/following-sibling::ul/li/span[3]/span[2])[" + i + "]": null

2018-06-14 17:21:09 - [TEST_STEP][PASSED] - Statement - println(groupXpath): null

2018-06-14 17:21:09 - [TEST_STEP][PASSED] - Statement - childgroup = driver.findElement(org.openqa.selenium.By.xpath(groupXpath)).getText(): null

2018-06-14 17:21:09 - [TEST_STEP][PASSED] - Statement - println(childgroup): null

2018-06-14 17:21:09 - [TEST_STEP][PASSED] - Statement - subGroupList[i - 1] = childgroup: null

2018-06-14 17:21:09 - [TEST_STEP][PASSED] - Statement - groupXpath = "(//span[@title='" + groupName + "']/following-sibling::ul/li/span[3]/span[2])[" + i + "]": null

2018-06-14 17:21:09 - [TEST_STEP][PASSED] - Statement - println(groupXpath): null

2018-06-14 17:21:09 - [TEST_STEP][PASSED] - Statement - childgroup = driver.findElement(org.openqa.selenium.By.xpath(groupXpath)).getText(): null

2018-06-14 17:21:09 - [TEST_STEP][PASSED] - Statement - println(childgroup): null

2018-06-14 17:21:09 - [TEST_STEP][PASSED] - Statement - subGroupList[i - 1] = childgroup: null

2018-06-14 17:21:09 - [TEST_STEP][PASSED] - Statement - groupXpath = "(//span[@title='" + groupName + "']/following-sibling::ul/li/span[3]/span[2])[" + i + "]": null

2018-06-14 17:21:09 - [TEST_STEP][PASSED] - Statement - println(groupXpath): null

2018-06-14 17:21:09 - [TEST_STEP][PASSED] - Statement - childgroup = driver.findElement(org.openqa.selenium.By.xpath(groupXpath)).getText(): null

2018-06-14 17:21:09 - [TEST_STEP][PASSED] - Statement - println(childgroup): null

2018-06-14 17:21:09 - [TEST_STEP][PASSED] - Statement - subGroupList[i - 1] = childgroup: null

2018-06-14 17:21:09 - [TEST_STEP][PASSED] - Statement - groupXpath = "(//span[@title='" + groupName + "']/following-sibling::ul/li/span[3]/span[2])[" + i + "]": null

2018-06-14 17:21:09 - [TEST_STEP][PASSED] - Statement - println(groupXpath): null

2018-06-14 17:21:09 - [TEST_STEP][PASSED] - Statement - childgroup = driver.findElement(org.openqa.selenium.By.xpath(groupXpath)).getText(): null

2018-06-14 17:21:09 - [TEST_STEP][PASSED] - Statement - println(childgroup): null

2018-06-14 17:21:09 - [TEST_STEP][PASSED] - Statement - subGroupList[i - 1] = childgroup: null

2018-06-14 17:21:09 - [TEST_STEP][PASSED] - Statement - groupXpath = "(//span[@title='" + groupName + "']/following-sibling::ul/li/span[3]/span[2])[" + i + "]": null

2018-06-14 17:21:09 - [TEST_STEP][PASSED] - Statement - println(groupXpath): null

2018-06-14 17:21:09 - [TEST_STEP][PASSED] - Statement - childgroup = driver.findElement(org.openqa.selenium.By.xpath(groupXpath)).getText(): null

2018-06-14 17:21:09 - [TEST_STEP][PASSED] - Statement - println(childgroup): null

2018-06-14 17:21:09 - [TEST_STEP][PASSED] - Statement - subGroupList[i - 1] = childgroup: null

2018-06-14 17:21:09 - [TEST_STEP][PASSED] - Statement - groupXpath = "(//span[@title='" + groupName + "']/following-sibling::ul/li/span[3]/span[2])[" + i + "]": null

2018-06-14 17:21:09 - [TEST_STEP][PASSED] - Statement - println(groupXpath): null

2018-06-14 17:21:09 - [TEST_STEP][PASSED] - Statement - childgroup = driver.findElement(org.openqa.selenium.By.xpath(groupXpath)).getText(): null

2018-06-14 17:21:09 - [TEST_STEP][PASSED] - Statement - println(childgroup): null

2018-06-14 17:21:09 - [TEST_STEP][PASSED] - Statement - subGroupList[i - 1] = childgroup: null

2018-06-14 17:21:09 - [TEST_STEP][PASSED] - Statement - groupXpath = "(//span[@title='" + groupName + "']/following-sibling::ul/li/span[3]/span[2])[" + i + "]": null

2018-06-14 17:21:09 - [TEST_STEP][PASSED] - Statement - println(groupXpath): null

2018-06-14 17:21:09 - [TEST_STEP][PASSED] - Statement - childgroup = driver.findElement(org.openqa.selenium.By.xpath(groupXpath)).getText(): null

2018-06-14 17:21:09 - [TEST_STEP][PASSED] - Statement - println(childgroup): null

2018-06-14 17:21:09 - [TEST_STEP][PASSED] - Statement - subGroupList[i - 1] = childgroup: null

2018-06-14 17:21:09 - [TEST_STEP][PASSED] - Statement - groupXpath = "(//span[@title='" + groupName + "']/following-sibling::ul/li/span[3]/span[2])[" + i + "]": null

2018-06-14 17:21:09 - [TEST_STEP][PASSED] - Statement - println(groupXpath): null

2018-06-14 17:21:09 - [TEST_STEP][PASSED] - Statement - childgroup = driver.findElement(org.openqa.selenium.By.xpath(groupXpath)).getText(): null

2018-06-14 17:21:09 - [TEST_STEP][PASSED] - Statement - println(childgroup): null

2018-06-14 17:21:09 - [TEST_STEP][PASSED] - Statement - subGroupList[i - 1] = childgroup: null

2018-06-14 17:21:09 - [TEST_STEP][PASSED] - Statement - groupXpath = "(//span[@title='" + groupName + "']/following-sibling::ul/li/span[3]/span[2])[" + i + "]": null

2018-06-14 17:21:09 - [TEST_STEP][PASSED] - Statement - println(groupXpath): null

2018-06-14 17:21:09 - [TEST_STEP][PASSED] - Statement - childgroup = driver.findElement(org.openqa.selenium.By.xpath(groupXpath)).getText(): null

2018-06-14 17:21:09 - [TEST_STEP][PASSED] - Statement - println(childgroup): null

2018-06-14 17:21:09 - [TEST_STEP][PASSED] - Statement - subGroupList[i - 1] = childgroup: null

2018-06-14 17:21:09 - [TEST_STEP][PASSED] - Statement - groupXpath = "(//span[@title='" + groupName + "']/following-sibling::ul/li/span[3]/span[2])[" + i + "]": null

2018-06-14 17:21:09 - [TEST_STEP][PASSED] - Statement - println(groupXpath): null

2018-06-14 17:21:09 - [TEST_STEP][PASSED] - Statement - childgroup = driver.findElement(org.openqa.selenium.By.xpath(groupXpath)).getText(): null

2018-06-14 17:21:09 - [TEST_STEP][PASSED] - Statement - println(childgroup): null

2018-06-14 17:21:09 - [TEST_STEP][PASSED] - Statement - subGroupList[i - 1] = childgroup: null

2018-06-14 17:21:09 - [TEST_STEP][PASSED] - Statement - groupXpath = "(//span[@title='" + groupName + "']/following-sibling::ul/li/span[3]/span[2])[" + i + "]": null

2018-06-14 17:21:09 - [TEST_STEP][PASSED] - Statement - println(groupXpath): null

2018-06-14 17:21:09 - [TEST_STEP][PASSED] - Statement - childgroup = driver.findElement(org.openqa.selenium.By.xpath(groupXpath)).getText(): null

2018-06-14 17:21:09 - [TEST_STEP][PASSED] - Statement - println(childgroup): null

2018-06-14 17:21:09 - [TEST_STEP][PASSED] - Statement - subGroupList[i - 1] = childgroup: null

2018-06-14 17:21:09 - [TEST_STEP][PASSED] - Statement - groupXpath = "(//span[@title='" + groupName + "']/following-sibling::ul/li/span[3]/span[2])[" + i + "]": null

2018-06-14 17:21:09 - [TEST_STEP][PASSED] - Statement - println(groupXpath): null

2018-06-14 17:21:09 - [TEST_STEP][PASSED] - Statement - childgroup = driver.findElement(org.openqa.selenium.By.xpath(groupXpath)).getText(): null

2018-06-14 17:21:09 - [TEST_STEP][PASSED] - Statement - println(childgroup): null

2018-06-14 17:21:09 - [TEST_STEP][PASSED] - Statement - subGroupList[i - 1] = childgroup: null

2018-06-14 17:21:09 - [TEST_STEP][PASSED] - Statement - groupXpath = "(//span[@title='" + groupName + "']/following-sibling::ul/li/span[3]/span[2])[" + i + "]": null

2018-06-14 17:21:09 - [TEST_STEP][PASSED] - Statement - println(groupXpath): null

2018-06-14 17:21:09 - [TEST_STEP][PASSED] - Statement - childgroup = driver.findElement(org.openqa.selenium.By.xpath(groupXpath)).getText(): null

2018-06-14 17:21:09 - [TEST_STEP][PASSED] - Statement - println(childgroup): null

2018-06-14 17:21:09 - [TEST_STEP][PASSED] - Statement - subGroupList[i - 1] = childgroup: null

2018-06-14 17:21:09 - [TEST_STEP][PASSED] - Statement - groupXpath = "(//span[@title='" + groupName + "']/following-sibling::ul/li/span[3]/span[2])[" + i + "]": null

2018-06-14 17:21:09 - [TEST_STEP][PASSED] - Statement - println(groupXpath): null

2018-06-14 17:21:09 - [TEST_STEP][PASSED] - Statement - childgroup = driver.findElement(org.openqa.selenium.By.xpath(groupXpath)).getText(): null

2018-06-14 17:21:09 - [TEST_STEP][PASSED] - Statement - println(childgroup): null

2018-06-14 17:21:09 - [TEST_STEP][PASSED] - Statement - subGroupList[i - 1] = childgroup: null

2018-06-14 17:21:09 - [TEST_STEP][PASSED] - Statement - groupXpath = "(//span[@title='" + groupName + "']/following-sibling::ul/li/span[3]/span[2])[" + i + "]": null

2018-06-14 17:21:09 - [TEST_STEP][PASSED] - Statement - println(groupXpath): null

2018-06-14 17:21:09 - [TEST_STEP][PASSED] - Statement - childgroup = driver.findElement(org.openqa.selenium.By.xpath(groupXpath)).getText(): null

2018-06-14 17:21:09 - [TEST_STEP][PASSED] - Statement - println(childgroup): null

2018-06-14 17:21:09 - [TEST_STEP][PASSED] - Statement - subGroupList[i - 1] = childgroup: null

2018-06-14 17:21:09 - [TEST_STEP][PASSED] - Statement - groupXpath = "(//span[@title='" + groupName + "']/following-sibling::ul/li/span[3]/span[2])[" + i + "]": null

2018-06-14 17:21:09 - [TEST_STEP][PASSED] - Statement - println(groupXpath): null

2018-06-14 17:21:09 - [TEST_STEP][PASSED] - Statement - childgroup = driver.findElement(org.openqa.selenium.By.xpath(groupXpath)).getText(): null

2018-06-14 17:21:09 - [TEST_STEP][PASSED] - Statement - println(childgroup): null

2018-06-14 17:21:09 - [TEST_STEP][PASSED] - Statement - subGroupList[i - 1] = childgroup: null

2018-06-14 17:21:09 - [TEST_STEP][PASSED] - Statement - groupXpath = "(//span[@title='" + groupName + "']/following-sibling::ul/li/span[3]/span[2])[" + i + "]": null

2018-06-14 17:21:09 - [TEST_STEP][PASSED] - Statement - println(groupXpath): null

2018-06-14 17:21:09 - [TEST_STEP][PASSED] - Statement - childgroup = driver.findElement(org.openqa.selenium.By.xpath(groupXpath)).getText(): null

2018-06-14 17:21:09 - [TEST_STEP][PASSED] - Statement - println(childgroup): null

2018-06-14 17:21:09 - [TEST_STEP][PASSED] - Statement - subGroupList[i - 1] = childgroup: null

2018-06-14 17:21:09 - [TEST_STEP][PASSED] - Statement - groupXpath = "(//span[@title='" + groupName + "']/following-sibling::ul/li/span[3]/span[2])[" + i + "]": null

2018-06-14 17:21:09 - [TEST_STEP][PASSED] - Statement - println(groupXpath): null

2018-06-14 17:21:09 - [TEST_STEP][PASSED] - Statement - childgroup = driver.findElement(org.openqa.selenium.By.xpath(groupXpath)).getText(): null

2018-06-14 17:21:09 - [TEST_STEP][PASSED] - Statement - println(childgroup): null

2018-06-14 17:21:09 - [TEST_STEP][PASSED] - Statement - subGroupList[i - 1] = childgroup: null

2018-06-14 17:21:09 - [TEST_STEP][PASSED] - Statement - groupXpath = "(//span[@title='" + groupName + "']/following-sibling::ul/li/span[3]/span[2])[" + i + "]": null

2018-06-14 17:21:09 - [TEST_STEP][PASSED] - Statement - println(groupXpath): null

2018-06-14 17:21:09 - [TEST_STEP][PASSED] - Statement - childgroup = driver.findElement(org.openqa.selenium.By.xpath(groupXpath)).getText(): null

2018-06-14 17:21:09 - [TEST_STEP][PASSED] - Statement - println(childgroup): null

2018-06-14 17:21:09 - [TEST_STEP][PASSED] - Statement - subGroupList[i - 1] = childgroup: null

2018-06-14 17:21:09 - [TEST_STEP][PASSED] - Statement - groupXpath = "(//span[@title='" + groupName + "']/following-sibling::ul/li/span[3]/span[2])[" + i + "]": null

2018-06-14 17:21:09 - [TEST_STEP][PASSED] - Statement - println(groupXpath): null

2018-06-14 17:21:09 - [TEST_STEP][PASSED] - Statement - childgroup = driver.findElement(org.openqa.selenium.By.xpath(groupXpath)).getText(): null

2018-06-14 17:21:10 - [TEST_STEP][PASSED] - Statement - println(childgroup): null

2018-06-14 17:21:10 - [TEST_STEP][PASSED] - Statement - subGroupList[i - 1] = childgroup: null

2018-06-14 17:21:10 - [TEST_STEP][PASSED] - Statement - groupXpath = "(//span[@title='" + groupName + "']/following-sibling::ul/li/span[3]/span[2])[" + i + "]": null

2018-06-14 17:21:10 - [TEST_STEP][PASSED] - Statement - println(groupXpath): null

2018-06-14 17:21:10 - [TEST_STEP][PASSED] - Statement - childgroup = driver.findElement(org.openqa.selenium.By.xpath(groupXpath)).getText(): null

2018-06-14 17:21:10 - [TEST_STEP][PASSED] - Statement - println(childgroup): null

2018-06-14 17:21:10 - [TEST_STEP][PASSED] - Statement - subGroupList[i - 1] = childgroup: null

2018-06-14 17:21:10 - [TEST_STEP][PASSED] - Statement - groupXpath = "(//span[@title='" + groupName + "']/following-sibling::ul/li/span[3]/span[2])[" + i + "]": null

2018-06-14 17:21:10 - [TEST_STEP][PASSED] - Statement - println(groupXpath): null

2018-06-14 17:21:10 - [TEST_STEP][PASSED] - Statement - childgroup = driver.findElement(org.openqa.selenium.By.xpath(groupXpath)).getText(): null

2018-06-14 17:21:10 - [TEST_STEP][PASSED] - Statement - println(childgroup): null

2018-06-14 17:21:10 - [TEST_STEP][PASSED] - Statement - subGroupList[i - 1] = childgroup: null

2018-06-14 17:21:10 - [TEST_STEP][PASSED] - Statement - groupXpath = "(//span[@title='" + groupName + "']/following-sibling::ul/li/span[3]/span[2])[" + i + "]": null

2018-06-14 17:21:10 - [TEST_STEP][PASSED] - Statement - println(groupXpath): null

2018-06-14 17:21:10 - [TEST_STEP][PASSED] - Statement - childgroup = driver.findElement(org.openqa.selenium.By.xpath(groupXpath)).getText(): null

2018-06-14 17:21:10 - [TEST_STEP][PASSED] - Statement - println(childgroup): null

2018-06-14 17:21:10 - [TEST_STEP][PASSED] - Statement - subGroupList[i - 1] = childgroup: null

2018-06-14 17:21:10 - [TEST_STEP][PASSED] - Statement - groupXpath = "(//span[@title='" + groupName + "']/following-sibling::ul/li/span[3]/span[2])[" + i + "]": null

2018-06-14 17:21:10 - [TEST_STEP][PASSED] - Statement - println(groupXpath): null

2018-06-14 17:21:10 - [TEST_STEP][PASSED] - Statement - childgroup = driver.findElement(org.openqa.selenium.By.xpath(groupXpath)).getText(): null

2018-06-14 17:21:10 - [TEST_STEP][PASSED] - Statement - println(childgroup): null

2018-06-14 17:21:10 - [TEST_STEP][PASSED] - Statement - subGroupList[i - 1] = childgroup: null

2018-06-14 17:21:10 - [TEST_STEP][PASSED] - Statement - groupXpath = "(//span[@title='" + groupName + "']/following-sibling::ul/li/span[3]/span[2])[" + i + "]": null

2018-06-14 17:21:10 - [TEST_STEP][PASSED] - Statement - println(groupXpath): null

2018-06-14 17:21:10 - [TEST_STEP][PASSED] - Statement - childgroup = driver.findElement(org.openqa.selenium.By.xpath(groupXpath)).getText(): null

2018-06-14 17:21:10 - [TEST_STEP][PASSED] - Statement - println(childgroup): null

2018-06-14 17:21:10 - [TEST_STEP][PASSED] - Statement - subGroupList[i - 1] = childgroup: null

2018-06-14 17:21:10 - [TEST_STEP][PASSED] - Statement - groupXpath = "(//span[@title='" + groupName + "']/following-sibling::ul/li/span[3]/span[2])[" + i + "]": null

2018-06-14 17:21:10 - [TEST_STEP][PASSED] - Statement - println(groupXpath): null

2018-06-14 17:21:10 - [TEST_STEP][PASSED] - Statement - childgroup = driver.findElement(org.openqa.selenium.By.xpath(groupXpath)).getText(): null

2018-06-14 17:21:10 - [TEST_STEP][PASSED] - Statement - println(childgroup): null

2018-06-14 17:21:10 - [TEST_STEP][PASSED] - Statement - subGroupList[i - 1] = childgroup: null

2018-06-14 17:21:10 - [TEST_STEP][PASSED] - Statement - groupXpath = "(//span[@title='" + groupName + "']/following-sibling::ul/li/span[3]/span[2])[" + i + "]": null

2018-06-14 17:21:10 - [TEST_STEP][PASSED] - Statement - println(groupXpath): null

2018-06-14 17:21:10 - [TEST_STEP][PASSED] - Statement - childgroup = driver.findElement(org.openqa.selenium.By.xpath(groupXpath)).getText(): null

2018-06-14 17:21:10 - [TEST_STEP][PASSED] - Statement - println(childgroup): null

2018-06-14 17:21:10 - [TEST_STEP][PASSED] - Statement - subGroupList[i - 1] = childgroup: null

2018-06-14 17:21:10 - [TEST_STEP][PASSED] - Statement - groupXpath = "(//span[@title='" + groupName + "']/following-sibling::ul/li/span[3]/span[2])[" + i + "]": null

2018-06-14 17:21:10 - [TEST_STEP][PASSED] - Statement - println(groupXpath): null

2018-06-14 17:21:10 - [TEST_STEP][PASSED] - Statement - childgroup = driver.findElement(org.openqa.selenium.By.xpath(groupXpath)).getText(): null

2018-06-14 17:21:10 - [TEST_STEP][PASSED] - Statement - println(childgroup): null

2018-06-14 17:21:10 - [TEST_STEP][PASSED] - Statement - subGroupList[i - 1] = childgroup: null

2018-06-14 17:21:10 - [TEST_STEP][PASSED] - Statement - groupXpath = "(//span[@title='" + groupName + "']/following-sibling::ul/li/span[3]/span[2])[" + i + "]": null

2018-06-14 17:21:10 - [TEST_STEP][PASSED] - Statement - println(groupXpath): null

2018-06-14 17:21:10 - [TEST_STEP][PASSED] - Statement - childgroup = driver.findElement(org.openqa.selenium.By.xpath(groupXpath)).getText(): null

2018-06-14 17:21:10 - [TEST_STEP][PASSED] - Statement - println(childgroup): null

2018-06-14 17:21:10 - [TEST_STEP][PASSED] - Statement - subGroupList[i - 1] = childgroup: null

2018-06-14 17:21:10 - [TEST_STEP][PASSED] - Statement - groupXpath = "(//span[@title='" + groupName + "']/following-sibling::ul/li/span[3]/span[2])[" + i + "]": null

2018-06-14 17:21:10 - [TEST_STEP][PASSED] - Statement - println(groupXpath): null

2018-06-14 17:21:10 - [TEST_STEP][PASSED] - Statement - childgroup = driver.findElement(org.openqa.selenium.By.xpath(groupXpath)).getText(): null

2018-06-14 17:21:10 - [TEST_STEP][PASSED] - Statement - println(childgroup): null

2018-06-14 17:21:10 - [TEST_STEP][PASSED] - Statement - subGroupList[i - 1] = childgroup: null

2018-06-14 17:21:10 - [TEST_STEP][PASSED] - Statement - groupXpath = "(//span[@title='" + groupName + "']/following-sibling::ul/li/span[3]/span[2])[" + i + "]": null

2018-06-14 17:21:10 - [TEST_STEP][PASSED] - Statement - println(groupXpath): null

2018-06-14 17:21:10 - [TEST_STEP][PASSED] - Statement - childgroup = driver.findElement(org.openqa.selenium.By.xpath(groupXpath)).getText(): null

2018-06-14 17:21:10 - [TEST_STEP][PASSED] - Statement - println(childgroup): null

2018-06-14 17:21:10 - [TEST_STEP][PASSED] - Statement - subGroupList[i - 1] = childgroup: null

2018-06-14 17:21:10 - [TEST_STEP][PASSED] - Statement - groupXpath = "(//span[@title='" + groupName + "']/following-sibling::ul/li/span[3]/span[2])[" + i + "]": null

2018-06-14 17:21:10 - [TEST_STEP][PASSED] - Statement - println(groupXpath): null

2018-06-14 17:21:10 - [TEST_STEP][PASSED] - Statement - childgroup = driver.findElement(org.openqa.selenium.By.xpath(groupXpath)).getText(): null

2018-06-14 17:21:10 - [TEST_STEP][PASSED] - Statement - println(childgroup): null

2018-06-14 17:21:10 - [TEST_STEP][PASSED] - Statement - subGroupList[i - 1] = childgroup: null

2018-06-14 17:21:10 - [TEST_STEP][PASSED] - Statement - groupXpath = "(//span[@title='" + groupName + "']/following-sibling::ul/li/span[3]/span[2])[" + i + "]": null

2018-06-14 17:21:10 - [TEST_STEP][PASSED] - Statement - println(groupXpath): null

2018-06-14 17:21:10 - [TEST_STEP][PASSED] - Statement - childgroup = driver.findElement(org.openqa.selenium.By.xpath(groupXpath)).getText(): null

2018-06-14 17:21:10 - [TEST_STEP][PASSED] - Statement - println(childgroup): null

2018-06-14 17:21:10 - [TEST_STEP][PASSED] - Statement - subGroupList[i - 1] = childgroup: null

2018-06-14 17:21:10 - [TEST_STEP][PASSED] - Statement - groupXpath = "(//span[@title='" + groupName + "']/following-sibling::ul/li/span[3]/span[2])[" + i + "]": null

2018-06-14 17:21:10 - [TEST_STEP][PASSED] - Statement - println(groupXpath): null

2018-06-14 17:21:10 - [TEST_STEP][PASSED] - Statement - childgroup = driver.findElement(org.openqa.selenium.By.xpath(groupXpath)).getText(): null

2018-06-14 17:21:10 - [TEST_STEP][PASSED] - Statement - println(childgroup): null

2018-06-14 17:21:10 - [TEST_STEP][PASSED] - Statement - subGroupList[i - 1] = childgroup: null

2018-06-14 17:21:10 - [TEST_STEP][PASSED] - Statement - groupXpath = "(//span[@title='" + groupName + "']/following-sibling::ul/li/span[3]/span[2])[" + i + "]": null

2018-06-14 17:21:10 - [TEST_STEP][PASSED] - Statement - println(groupXpath): null

2018-06-14 17:21:10 - [TEST_STEP][PASSED] - Statement - childgroup = driver.findElement(org.openqa.selenium.By.xpath(groupXpath)).getText(): null

2018-06-14 17:21:10 - [TEST_STEP][PASSED] - Statement - println(childgroup): null

2018-06-14 17:21:10 - [TEST_STEP][PASSED] - Statement - subGroupList[i - 1] = childgroup: null

2018-06-14 17:21:10 - [TEST_STEP][PASSED] - Statement - groupXpath = "(//span[@title='" + groupName + "']/following-sibling::ul/li/span[3]/span[2])[" + i + "]": null

2018-06-14 17:21:10 - [TEST_STEP][PASSED] - Statement - println(groupXpath): null

2018-06-14 17:21:10 - [TEST_STEP][PASSED] - Statement - childgroup = driver.findElement(org.openqa.selenium.By.xpath(groupXpath)).getText(): null

2018-06-14 17:21:10 - [TEST_STEP][PASSED] - Statement - println(childgroup): null

2018-06-14 17:21:10 - [TEST_STEP][PASSED] - Statement - subGroupList[i - 1] = childgroup: null

2018-06-14 17:21:10 - [TEST_STEP][PASSED] - Statement - groupXpath = "(//span[@title='" + groupName + "']/following-sibling::ul/li/span[3]/span[2])[" + i + "]": null

2018-06-14 17:21:10 - [TEST_STEP][PASSED] - Statement - println(groupXpath): null

2018-06-14 17:21:10 - [TEST_STEP][PASSED] - Statement - childgroup = driver.findElement(org.openqa.selenium.By.xpath(groupXpath)).getText(): null

2018-06-14 17:21:10 - [TEST_STEP][PASSED] - Statement - println(childgroup): null

2018-06-14 17:21:10 - [TEST_STEP][PASSED] - Statement - subGroupList[i - 1] = childgroup: null

2018-06-14 17:21:10 - [TEST_STEP][PASSED] - Statement - groupXpath = "(//span[@title='" + groupName + "']/following-sibling::ul/li/span[3]/span[2])[" + i + "]": null

2018-06-14 17:21:10 - [TEST_STEP][PASSED] - Statement - println(groupXpath): null

2018-06-14 17:21:10 - [TEST_STEP][PASSED] - Statement - childgroup = driver.findElement(org.openqa.selenium.By.xpath(groupXpath)).getText(): null

2018-06-14 17:21:10 - [TEST_STEP][PASSED] - Statement - println(childgroup): null

2018-06-14 17:21:10 - [TEST_STEP][PASSED] - Statement - subGroupList[i - 1] = childgroup: null

2018-06-14 17:21:10 - [TEST_STEP][PASSED] - Statement - groupXpath = "(//span[@title='" + groupName + "']/following-sibling::ul/li/span[3]/span[2])[" + i + "]": null

2018-06-14 17:21:10 - [TEST_STEP][PASSED] - Statement - println(groupXpath): null

2018-06-14 17:21:10 - [TEST_STEP][PASSED] - Statement - childgroup = driver.findElement(org.openqa.selenium.By.xpath(groupXpath)).getText(): null

2018-06-14 17:21:10 - [TEST_STEP][PASSED] - Statement - println(childgroup): null

2018-06-14 17:21:10 - [TEST_STEP][PASSED] - Statement - subGroupList[i - 1] = childgroup: null

2018-06-14 17:21:10 - [TEST_STEP][PASSED] - Statement - groupXpath = "(//span[@title='" + groupName + "']/following-sibling::ul/li/span[3]/span[2])[" + i + "]": null

2018-06-14 17:21:10 - [TEST_STEP][PASSED] - Statement - println(groupXpath): null

2018-06-14 17:21:10 - [TEST_STEP][PASSED] - Statement - childgroup = driver.findElement(org.openqa.selenium.By.xpath(groupXpath)).getText(): null

2018-06-14 17:21:10 - [TEST_STEP][PASSED] - Statement - println(childgroup): null

2018-06-14 17:21:10 - [TEST_STEP][PASSED] - Statement - subGroupList[i - 1] = childgroup: null

2018-06-14 17:21:10 - [TEST_STEP][PASSED] - Statement - groupXpath = "(//span[@title='" + groupName + "']/following-sibling::ul/li/span[3]/span[2])[" + i + "]": null

2018-06-14 17:21:10 - [TEST_STEP][PASSED] - Statement - println(groupXpath): null

2018-06-14 17:21:10 - [TEST_STEP][PASSED] - Statement - childgroup = driver.findElement(org.openqa.selenium.By.xpath(groupXpath)).getText(): null

2018-06-14 17:21:10 - [TEST_STEP][PASSED] - Statement - println(childgroup): null

2018-06-14 17:21:10 - [TEST_STEP][PASSED] - Statement - subGroupList[i - 1] = childgroup: null

2018-06-14 17:21:10 - [TEST_STEP][PASSED] - Statement - groupXpath = "(//span[@title='" + groupName + "']/following-sibling::ul/li/span[3]/span[2])[" + i + "]": null

2018-06-14 17:21:10 - [TEST_STEP][PASSED] - Statement - println(groupXpath): null

2018-06-14 17:21:10 - [TEST_STEP][PASSED] - Statement - childgroup = driver.findElement(org.openqa.selenium.By.xpath(groupXpath)).getText(): null

2018-06-14 17:21:10 - [TEST_STEP][PASSED] - Statement - println(childgroup): null

2018-06-14 17:21:10 - [TEST_STEP][PASSED] - Statement - subGroupList[i - 1] = childgroup: null

2018-06-14 17:21:10 - [TEST_STEP][PASSED] - Statement - groupXpath = "(//span[@title='" + groupName + "']/following-sibling::ul/li/span[3]/span[2])[" + i + "]": null

2018-06-14 17:21:10 - [TEST_STEP][PASSED] - Statement - println(groupXpath): null

2018-06-14 17:21:10 - [TEST_STEP][PASSED] - Statement - childgroup = driver.findElement(org.openqa.selenium.By.xpath(groupXpath)).getText(): null

2018-06-14 17:21:10 - [TEST_STEP][PASSED] - Statement - println(childgroup): null

2018-06-14 17:21:10 - [TEST_STEP][PASSED] - Statement - subGroupList[i - 1] = childgroup: null

2018-06-14 17:21:10 - [TEST_STEP][PASSED] - Statement - groupXpath = "(//span[@title='" + groupName + "']/following-sibling::ul/li/span[3]/span[2])[" + i + "]": null

2018-06-14 17:21:10 - [TEST_STEP][PASSED] - Statement - println(groupXpath): null

2018-06-14 17:21:10 - [TEST_STEP][PASSED] - Statement - childgroup = driver.findElement(org.openqa.selenium.By.xpath(groupXpath)).getText(): null

2018-06-14 17:21:10 - [TEST_STEP][PASSED] - Statement - println(childgroup): null

2018-06-14 17:21:10 - [TEST_STEP][PASSED] - Statement - subGroupList[i - 1] = childgroup: null

2018-06-14 17:21:10 - [TEST_STEP][PASSED] - Statement - groupXpath = "(//span[@title='" + groupName + "']/following-sibling::ul/li/span[3]/span[2])[" + i + "]": null

2018-06-14 17:21:10 - [TEST_STEP][PASSED] - Statement - println(groupXpath): null

2018-06-14 17:21:10 - [TEST_STEP][PASSED] - Statement - childgroup = driver.findElement(org.openqa.selenium.By.xpath(groupXpath)).getText(): null

2018-06-14 17:21:10 - [TEST_STEP][PASSED] - Statement - println(childgroup): null

2018-06-14 17:21:10 - [TEST_STEP][PASSED] - Statement - subGroupList[i - 1] = childgroup: null

2018-06-14 17:21:10 - [TEST_STEP][PASSED] - Statement - groupXpath = "(//span[@title='" + groupName + "']/following-sibling::ul/li/span[3]/span[2])[" + i + "]": null

2018-06-14 17:21:10 - [TEST_STEP][PASSED] - Statement - println(groupXpath): null

2018-06-14 17:21:10 - [TEST_STEP][PASSED] - Statement - childgroup = driver.findElement(org.openqa.selenium.By.xpath(groupXpath)).getText(): null

2018-06-14 17:21:10 - [TEST_STEP][PASSED] - Statement - println(childgroup): null

2018-06-14 17:21:10 - [TEST_STEP][PASSED] - Statement - subGroupList[i - 1] = childgroup: null

2018-06-14 17:21:10 - [TEST_STEP][PASSED] - Statement - groupXpath = "(//span[@title='" + groupName + "']/following-sibling::ul/li/span[3]/span[2])[" + i + "]": null

2018-06-14 17:21:10 - [TEST_STEP][PASSED] - Statement - println(groupXpath): null

2018-06-14 17:21:10 - [TEST_STEP][PASSED] - Statement - childgroup = driver.findElement(org.openqa.selenium.By.xpath(groupXpath)).getText(): null

2018-06-14 17:21:10 - [TEST_STEP][PASSED] - Statement - println(childgroup): null

2018-06-14 17:21:10 - [TEST_STEP][PASSED] - Statement - subGroupList[i - 1] = childgroup: null

2018-06-14 17:21:10 - [TEST_STEP][PASSED] - Statement - groupXpath = "(//span[@title='" + groupName + "']/following-sibling::ul/li/span[3]/span[2])[" + i + "]": null

2018-06-14 17:21:10 - [TEST_STEP][PASSED] - Statement - println(groupXpath): null

2018-06-14 17:21:10 - [TEST_STEP][PASSED] - Statement - childgroup = driver.findElement(org.openqa.selenium.By.xpath(groupXpath)).getText(): null

2018-06-14 17:21:10 - [TEST_STEP][PASSED] - Statement - println(childgroup): null

2018-06-14 17:21:10 - [TEST_STEP][PASSED] - Statement - subGroupList[i - 1] = childgroup: null

2018-06-14 17:21:10 - [TEST_STEP][PASSED] - Statement - groupXpath = "(//span[@title='" + groupName + "']/following-sibling::ul/li/span[3]/span[2])[" + i + "]": null

2018-06-14 17:21:10 - [TEST_STEP][PASSED] - Statement - println(groupXpath): null

2018-06-14 17:21:10 - [TEST_STEP][PASSED] - Statement - childgroup = driver.findElement(org.openqa.selenium.By.xpath(groupXpath)).getText(): null

2018-06-14 17:21:10 - [TEST_STEP][PASSED] - Statement - println(childgroup): null

2018-06-14 17:21:10 - [TEST_STEP][PASSED] - Statement - subGroupList[i - 1] = childgroup: null

2018-06-14 17:21:10 - [TEST_STEP][PASSED] - Statement - groupXpath = "(//span[@title='" + groupName + "']/following-sibling::ul/li/span[3]/span[2])[" + i + "]": null

2018-06-14 17:21:10 - [TEST_STEP][PASSED] - Statement - println(groupXpath): null

2018-06-14 17:21:10 - [TEST_STEP][PASSED] - Statement - childgroup = driver.findElement(org.openqa.selenium.By.xpath(groupXpath)).getText(): null

2018-06-14 17:21:10 - [TEST_STEP][PASSED] - Statement - println(childgroup): null

2018-06-14 17:21:10 - [TEST_STEP][PASSED] - Statement - subGroupList[i - 1] = childgroup: null

2018-06-14 17:21:10 - [TEST_STEP][PASSED] - Statement - groupXpath = "(//span[@title='" + groupName + "']/following-sibling::ul/li/span[3]/span[2])[" + i + "]": null

2018-06-14 17:21:10 - [TEST_STEP][PASSED] - Statement - println(groupXpath): null

2018-06-14 17:21:10 - [TEST_STEP][PASSED] - Statement - childgroup = driver.findElement(org.openqa.selenium.By.xpath(groupXpath)).getText(): null

2018-06-14 17:21:10 - [TEST_STEP][PASSED] - Statement - println(childgroup): null

2018-06-14 17:21:10 - [TEST_STEP][PASSED] - Statement - subGroupList[i - 1] = childgroup: null

2018-06-14 17:21:10 - [TEST_STEP][PASSED] - Statement - groupXpath = "(//span[@title='" + groupName + "']/following-sibling::ul/li/span[3]/span[2])[" + i + "]": null

2018-06-14 17:21:10 - [TEST_STEP][PASSED] - Statement - println(groupXpath): null

2018-06-14 17:21:10 - [TEST_STEP][PASSED] - Statement - childgroup = driver.findElement(org.openqa.selenium.By.xpath(groupXpath)).getText(): null

2018-06-14 17:21:10 - [TEST_STEP][PASSED] - Statement - println(childgroup): null

2018-06-14 17:21:10 - [TEST_STEP][PASSED] - Statement - subGroupList[i - 1] = childgroup: null

2018-06-14 17:21:10 - [TEST_STEP][PASSED] - Statement - groupXpath = "(//span[@title='" + groupName + "']/following-sibling::ul/li/span[3]/span[2])[" + i + "]": null

2018-06-14 17:21:10 - [TEST_STEP][PASSED] - Statement - println(groupXpath): null

2018-06-14 17:21:10 - [TEST_STEP][PASSED] - Statement - childgroup = driver.findElement(org.openqa.selenium.By.xpath(groupXpath)).getText(): null

2018-06-14 17:21:10 - [TEST_STEP][PASSED] - Statement - println(childgroup): null

2018-06-14 17:21:10 - [TEST_STEP][PASSED] - Statement - subGroupList[i - 1] = childgroup: null

2018-06-14 17:21:10 - [TEST_STEP][PASSED] - Statement - groupXpath = "(//span[@title='" + groupName + "']/following-sibling::ul/li/span[3]/span[2])[" + i + "]": null

2018-06-14 17:21:10 - [TEST_STEP][PASSED] - Statement - println(groupXpath): null

2018-06-14 17:21:10 - [TEST_STEP][PASSED] - Statement - childgroup = driver.findElement(org.openqa.selenium.By.xpath(groupXpath)).getText(): null

2018-06-14 17:21:11 - [TEST_STEP][PASSED] - Statement - println(childgroup): null

2018-06-14 17:21:11 - [TEST_STEP][PASSED] - Statement - subGroupList[i - 1] = childgroup: null

2018-06-14 17:21:11 - [TEST_STEP][PASSED] - Statement - groupXpath = "(//span[@title='" + groupName + "']/following-sibling::ul/li/span[3]/span[2])[" + i + "]": null

2018-06-14 17:21:11 - [TEST_STEP][PASSED] - Statement - println(groupXpath): null

2018-06-14 17:21:11 - [TEST_STEP][PASSED] - Statement - childgroup = driver.findElement(org.openqa.selenium.By.xpath(groupXpath)).getText(): null

2018-06-14 17:21:11 - [TEST_STEP][PASSED] - Statement - println(childgroup): null

2018-06-14 17:21:11 - [TEST_STEP][PASSED] - Statement - subGroupList[i - 1] = childgroup: null

2018-06-14 17:21:11 - [TEST_STEP][PASSED] - Statement - groupXpath = "(//span[@title='" + groupName + "']/following-sibling::ul/li/span[3]/span[2])[" + i + "]": null

2018-06-14 17:21:11 - [TEST_STEP][PASSED] - Statement - println(groupXpath): null

2018-06-14 17:21:11 - [TEST_STEP][PASSED] - Statement - childgroup = driver.findElement(org.openqa.selenium.By.xpath(groupXpath)).getText(): null

2018-06-14 17:21:11 - [TEST_STEP][PASSED] - Statement - println(childgroup): null

2018-06-14 17:21:11 - [TEST_STEP][PASSED] - Statement - subGroupList[i - 1] = childgroup: null

2018-06-14 17:21:11 - [TEST_STEP][PASSED] - Statement - groupXpath = "(//span[@title='" + groupName + "']/following-sibling::ul/li/span[3]/span[2])[" + i + "]": null

2018-06-14 17:21:11 - [TEST_STEP][PASSED] - Statement - println(groupXpath): null

2018-06-14 17:21:11 - [TEST_STEP][PASSED] - Statement - childgroup = driver.findElement(org.openqa.selenium.By.xpath(groupXpath)).getText(): null

2018-06-14 17:21:11 - [TEST_STEP][PASSED] - Statement - println(childgroup): null

2018-06-14 17:21:11 - [TEST_STEP][PASSED] - Statement - subGroupList[i - 1] = childgroup: null

2018-06-14 17:21:11 - [TEST_STEP][PASSED] - Statement - groupXpath = "(//span[@title='" + groupName + "']/following-sibling::ul/li/span[3]/span[2])[" + i + "]": null

2018-06-14 17:21:11 - [TEST_STEP][PASSED] - Statement - println(groupXpath): null

2018-06-14 17:21:11 - [TEST_STEP][PASSED] - Statement - childgroup = driver.findElement(org.openqa.selenium.By.xpath(groupXpath)).getText(): null

2018-06-14 17:21:11 - [TEST_STEP][PASSED] - Statement - println(childgroup): null

2018-06-14 17:21:11 - [TEST_STEP][PASSED] - Statement - subGroupList[i - 1] = childgroup: null

2018-06-14 17:21:11 - [TEST_STEP][PASSED] - Statement - groupXpath = "(//span[@title='" + groupName + "']/following-sibling::ul/li/span[3]/span[2])[" + i + "]": null

2018-06-14 17:21:11 - [TEST_STEP][PASSED] - Statement - println(groupXpath): null

2018-06-14 17:21:11 - [TEST_STEP][PASSED] - Statement - childgroup = driver.findElement(org.openqa.selenium.By.xpath(groupXpath)).getText(): null

2018-06-14 17:21:11 - [TEST_STEP][PASSED] - Statement - println(childgroup): null

2018-06-14 17:21:11 - [TEST_STEP][PASSED] - Statement - subGroupList[i - 1] = childgroup: null

2018-06-14 17:21:11 - [TEST_STEP][PASSED] - Statement - groupXpath = "(//span[@title='" + groupName + "']/following-sibling::ul/li/span[3]/span[2])[" + i + "]": null

2018-06-14 17:21:11 - [TEST_STEP][PASSED] - Statement - println(groupXpath): null

2018-06-14 17:21:11 - [TEST_STEP][PASSED] - Statement - childgroup = driver.findElement(org.openqa.selenium.By.xpath(groupXpath)).getText(): null

2018-06-14 17:21:11 - [TEST_STEP][PASSED] - Statement - println(childgroup): null

2018-06-14 17:21:11 - [TEST_STEP][PASSED] - Statement - subGroupList[i - 1] = childgroup: null

2018-06-14 17:21:11 - [TEST_STEP][PASSED] - Statement - groupXpath = "(//span[@title='" + groupName + "']/following-sibling::ul/li/span[3]/span[2])[" + i + "]": null

2018-06-14 17:21:11 - [TEST_STEP][PASSED] - Statement - println(groupXpath): null

2018-06-14 17:21:11 - [TEST_STEP][PASSED] - Statement - childgroup = driver.findElement(org.openqa.selenium.By.xpath(groupXpath)).getText(): null

2018-06-14 17:21:11 - [TEST_STEP][PASSED] - Statement - println(childgroup): null

2018-06-14 17:21:11 - [TEST_STEP][PASSED] - Statement - subGroupList[i - 1] = childgroup: null

2018-06-14 17:21:11 - [TEST_STEP][PASSED] - Statement - groupXpath = "(//span[@title='" + groupName + "']/following-sibling::ul/li/span[3]/span[2])[" + i + "]": null

2018-06-14 17:21:11 - [TEST_STEP][PASSED] - Statement - println(groupXpath): null

2018-06-14 17:21:11 - [TEST_STEP][PASSED] - Statement - childgroup = driver.findElement(org.openqa.selenium.By.xpath(groupXpath)).getText(): null

2018-06-14 17:21:11 - [TEST_STEP][PASSED] - Statement - println(childgroup): null

2018-06-14 17:21:11 - [TEST_STEP][PASSED] - Statement - subGroupList[i - 1] = childgroup: null

2018-06-14 17:21:11 - [TEST_STEP][PASSED] - Statement - groupXpath = "(//span[@title='" + groupName + "']/following-sibling::ul/li/span[3]/span[2])[" + i + "]": null

2018-06-14 17:21:11 - [TEST_STEP][PASSED] - Statement - println(groupXpath): null

2018-06-14 17:21:11 - [TEST_STEP][PASSED] - Statement - childgroup = driver.findElement(org.openqa.selenium.By.xpath(groupXpath)).getText(): null

2018-06-14 17:21:11 - [TEST_STEP][PASSED] - Statement - println(childgroup): null

2018-06-14 17:21:11 - [TEST_STEP][PASSED] - Statement - subGroupList[i - 1] = childgroup: null

2018-06-14 17:21:11 - [TEST_STEP][PASSED] - Statement - groupXpath = "(//span[@title='" + groupName + "']/following-sibling::ul/li/span[3]/span[2])[" + i + "]": null

2018-06-14 17:21:11 - [TEST_STEP][PASSED] - Statement - println(groupXpath): null

2018-06-14 17:21:11 - [TEST_STEP][PASSED] - Statement - childgroup = driver.findElement(org.openqa.selenium.By.xpath(groupXpath)).getText(): null

2018-06-14 17:21:11 - [TEST_STEP][PASSED] - Statement - println(childgroup): null

2018-06-14 17:21:11 - [TEST_STEP][PASSED] - Statement - subGroupList[i - 1] = childgroup: null

2018-06-14 17:21:11 - [TEST_STEP][PASSED] - Statement - groupXpath = "(//span[@title='" + groupName + "']/following-sibling::ul/li/span[3]/span[2])[" + i + "]": null

2018-06-14 17:21:11 - [TEST_STEP][PASSED] - Statement - println(groupXpath): null

2018-06-14 17:21:11 - [TEST_STEP][PASSED] - Statement - childgroup = driver.findElement(org.openqa.selenium.By.xpath(groupXpath)).getText(): null

2018-06-14 17:21:11 - [TEST_STEP][PASSED] - Statement - println(childgroup): null

2018-06-14 17:21:11 - [TEST_STEP][PASSED] - Statement - subGroupList[i - 1] = childgroup: null

2018-06-14 17:21:11 - [TEST_STEP][PASSED] - Statement - groupXpath = "(//span[@title='" + groupName + "']/following-sibling::ul/li/span[3]/span[2])[" + i + "]": null

2018-06-14 17:21:11 - [TEST_STEP][PASSED] - Statement - println(groupXpath): null

2018-06-14 17:21:11 - [TEST_STEP][PASSED] - Statement - childgroup = driver.findElement(org.openqa.selenium.By.xpath(groupXpath)).getText(): null

2018-06-14 17:21:11 - [TEST_STEP][PASSED] - Statement - println(childgroup): null

2018-06-14 17:21:11 - [TEST_STEP][PASSED] - Statement - subGroupList[i - 1] = childgroup: null

2018-06-14 17:21:11 - [TEST_STEP][PASSED] - Statement - groupXpath = "(//span[@title='" + groupName + "']/following-sibling::ul/li/span[3]/span[2])[" + i + "]": null

2018-06-14 17:21:11 - [TEST_STEP][PASSED] - Statement - println(groupXpath): null

2018-06-14 17:21:11 - [TEST_STEP][PASSED] - Statement - childgroup = driver.findElement(org.openqa.selenium.By.xpath(groupXpath)).getText(): null

2018-06-14 17:21:11 - [TEST_STEP][PASSED] - Statement - println(childgroup): null

2018-06-14 17:21:11 - [TEST_STEP][PASSED] - Statement - subGroupList[i - 1] = childgroup: null

2018-06-14 17:21:11 - [TEST_STEP][PASSED] - Statement - groupXpath = "(//span[@title='" + groupName + "']/following-sibling::ul/li/span[3]/span[2])[" + i + "]": null

2018-06-14 17:21:11 - [TEST_STEP][PASSED] - Statement - println(groupXpath): null

2018-06-14 17:21:11 - [TEST_STEP][PASSED] - Statement - childgroup = driver.findElement(org.openqa.selenium.By.xpath(groupXpath)).getText(): null

2018-06-14 17:21:11 - [TEST_STEP][PASSED] - Statement - println(childgroup): null

2018-06-14 17:21:11 - [TEST_STEP][PASSED] - Statement - subGroupList[i - 1] = childgroup: null

2018-06-14 17:21:11 - [TEST_STEP][PASSED] - Statement - groupXpath = "(//span[@title='" + groupName + "']/following-sibling::ul/li/span[3]/span[2])[" + i + "]": null

2018-06-14 17:21:11 - [TEST_STEP][PASSED] - Statement - println(groupXpath): null

2018-06-14 17:21:11 - [TEST_STEP][PASSED] - Statement - childgroup = driver.findElement(org.openqa.selenium.By.xpath(groupXpath)).getText(): null

2018-06-14 17:21:11 - [TEST_STEP][PASSED] - Statement - println(childgroup): null

2018-06-14 17:21:11 - [TEST_STEP][PASSED] - Statement - subGroupList[i - 1] = childgroup: null

2018-06-14 17:21:11 - [TEST_STEP][PASSED] - Statement - groupXpath = "(//span[@title='" + groupName + "']/following-sibling::ul/li/span[3]/span[2])[" + i + "]": null

2018-06-14 17:21:11 - [TEST_STEP][PASSED] - Statement - println(groupXpath): null

2018-06-14 17:21:11 - [TEST_STEP][PASSED] - Statement - childgroup = driver.findElement(org.openqa.selenium.By.xpath(groupXpath)).getText(): null

2018-06-14 17:21:11 - [TEST_STEP][PASSED] - Statement - println(childgroup): null

2018-06-14 17:21:11 - [TEST_STEP][PASSED] - Statement - subGroupList[i - 1] = childgroup: null

2018-06-14 17:21:11 - [TEST_STEP][PASSED] - Statement - groupXpath = "(//span[@title='" + groupName + "']/following-sibling::ul/li/span[3]/span[2])[" + i + "]": null

2018-06-14 17:21:11 - [TEST_STEP][PASSED] - Statement - println(groupXpath): null

2018-06-14 17:21:11 - [TEST_STEP][PASSED] - Statement - childgroup = driver.findElement(org.openqa.selenium.By.xpath(groupXpath)).getText(): null

2018-06-14 17:21:11 - [TEST_STEP][PASSED] - Statement - println(childgroup): null

2018-06-14 17:21:11 - [TEST_STEP][PASSED] - Statement - subGroupList[i - 1] = childgroup: null

2018-06-14 17:21:11 - [TEST_STEP][PASSED] - Statement - groupXpath = "(//span[@title='" + groupName + "']/following-sibling::ul/li/span[3]/span[2])[" + i + "]": null

2018-06-14 17:21:11 - [TEST_STEP][PASSED] - Statement - println(groupXpath): null

2018-06-14 17:21:11 - [TEST_STEP][PASSED] - Statement - childgroup = driver.findElement(org.openqa.selenium.By.xpath(groupXpath)).getText(): null

2018-06-14 17:21:11 - [TEST_STEP][PASSED] - Statement - println(childgroup): null

2018-06-14 17:21:11 - [TEST_STEP][PASSED] - Statement - subGroupList[i - 1] = childgroup: null

2018-06-14 17:21:11 - [TEST_STEP][PASSED] - Statement - groupXpath = "(//span[@title='" + groupName + "']/following-sibling::ul/li/span[3]/span[2])[" + i + "]": null

2018-06-14 17:21:11 - [TEST_STEP][PASSED] - Statement - println(groupXpath): null

2018-06-14 17:21:11 - [TEST_STEP][PASSED] - Statement - childgroup = driver.findElement(org.openqa.selenium.By.xpath(groupXpath)).getText(): null

2018-06-14 17:21:11 - [TEST_STEP][PASSED] - Statement - println(childgroup): null

2018-06-14 17:21:11 - [TEST_STEP][PASSED] - Statement - subGroupList[i - 1] = childgroup: null

2018-06-14 17:21:11 - [TEST_STEP][PASSED] - Statement - groupXpath = "(//span[@title='" + groupName + "']/following-sibling::ul/li/span[3]/span[2])[" + i + "]": null

2018-06-14 17:21:11 - [TEST_STEP][PASSED] - Statement - println(groupXpath): null

2018-06-14 17:21:11 - [TEST_STEP][PASSED] - Statement - childgroup = driver.findElement(org.openqa.selenium.By.xpath(groupXpath)).getText(): null

2018-06-14 17:21:11 - [TEST_STEP][PASSED] - Statement - println(childgroup): null

2018-06-14 17:21:11 - [TEST_STEP][PASSED] - Statement - subGroupList[i - 1] = childgroup: null

2018-06-14 17:21:11 - [TEST_STEP][PASSED] - Statement - groupXpath = "(//span[@title='" + groupName + "']/following-sibling::ul/li/span[3]/span[2])[" + i + "]": null

2018-06-14 17:21:11 - [TEST_STEP][PASSED] - Statement - println(groupXpath): null

2018-06-14 17:21:11 - [TEST_STEP][PASSED] - Statement - childgroup = driver.findElement(org.openqa.selenium.By.xpath(groupXpath)).getText(): null

2018-06-14 17:21:11 - [TEST_STEP][PASSED] - Statement - println(childgroup): null

2018-06-14 17:21:11 - [TEST_STEP][PASSED] - Statement - subGroupList[i - 1] = childgroup: null

2018-06-14 17:21:11 - [TEST_STEP][PASSED] - Statement - groupXpath = "(//span[@title='" + groupName + "']/following-sibling::ul/li/span[3]/span[2])[" + i + "]": null

2018-06-14 17:21:11 - [TEST_STEP][PASSED] - Statement - println(groupXpath): null

2018-06-14 17:21:11 - [TEST_STEP][PASSED] - Statement - childgroup = driver.findElement(org.openqa.selenium.By.xpath(groupXpath)).getText(): null

2018-06-14 17:21:11 - [TEST_STEP][PASSED] - Statement - println(childgroup): null

2018-06-14 17:21:11 - [TEST_STEP][PASSED] - Statement - subGroupList[i - 1] = childgroup: null

2018-06-14 17:21:11 - [TEST_STEP][PASSED] - Statement - groupXpath = "(//span[@title='" + groupName + "']/following-sibling::ul/li/span[3]/span[2])[" + i + "]": null

2018-06-14 17:21:11 - [TEST_STEP][PASSED] - Statement - println(groupXpath): null

2018-06-14 17:21:11 - [TEST_STEP][PASSED] - Statement - childgroup = driver.findElement(org.openqa.selenium.By.xpath(groupXpath)).getText(): null

2018-06-14 17:21:11 - [TEST_STEP][PASSED] - Statement - println(childgroup): null

2018-06-14 17:21:11 - [TEST_STEP][PASSED] - Statement - subGroupList[i - 1] = childgroup: null

2018-06-14 17:21:11 - [TEST_STEP][PASSED] - Statement - groupXpath = "(//span[@title='" + groupName + "']/following-sibling::ul/li/span[3]/span[2])[" + i + "]": null

2018-06-14 17:21:11 - [TEST_STEP][PASSED] - Statement - println(groupXpath): null

2018-06-14 17:21:11 - [TEST_STEP][PASSED] - Statement - childgroup = driver.findElement(org.openqa.selenium.By.xpath(groupXpath)).getText(): null

2018-06-14 17:21:11 - [TEST_STEP][PASSED] - Statement - println(childgroup): null

2018-06-14 17:21:11 - [TEST_STEP][PASSED] - Statement - subGroupList[i - 1] = childgroup: null

2018-06-14 17:21:11 - [TEST_STEP][PASSED] - Statement - groupXpath = "(//span[@title='" + groupName + "']/following-sibling::ul/li/span[3]/span[2])[" + i + "]": null

2018-06-14 17:21:11 - [TEST_STEP][PASSED] - Statement - println(groupXpath): null

2018-06-14 17:21:11 - [TEST_STEP][PASSED] - Statement - childgroup = driver.findElement(org.openqa.selenium.By.xpath(groupXpath)).getText(): null

2018-06-14 17:21:11 - [TEST_STEP][PASSED] - Statement - println(childgroup): null

2018-06-14 17:21:11 - [TEST_STEP][PASSED] - Statement - subGroupList[i - 1] = childgroup: null

2018-06-14 17:21:11 - [TEST_STEP][PASSED] - Statement - groupXpath = "(//span[@title='" + groupName + "']/following-sibling::ul/li/span[3]/span[2])[" + i + "]": null

2018-06-14 17:21:11 - [TEST_STEP][PASSED] - Statement - println(groupXpath): null

2018-06-14 17:21:11 - [TEST_STEP][PASSED] - Statement - childgroup = driver.findElement(org.openqa.selenium.By.xpath(groupXpath)).getText(): null

2018-06-14 17:21:11 - [TEST_STEP][PASSED] - Statement - println(childgroup): null

2018-06-14 17:21:11 - [TEST_STEP][PASSED] - Statement - subGroupList[i - 1] = childgroup: null

2018-06-14 17:21:11 - [TEST_STEP][PASSED] - Statement - groupXpath = "(//span[@title='" + groupName + "']/following-sibling::ul/li/span[3]/span[2])[" + i + "]": null

2018-06-14 17:21:11 - [TEST_STEP][PASSED] - Statement - println(groupXpath): null

2018-06-14 17:21:11 - [TEST_STEP][PASSED] - Statement - childgroup = driver.findElement(org.openqa.selenium.By.xpath(groupXpath)).getText(): null

2018-06-14 17:21:11 - [TEST_STEP][PASSED] - Statement - println(childgroup): null

2018-06-14 17:21:11 - [TEST_STEP][PASSED] - Statement - subGroupList[i - 1] = childgroup: null

2018-06-14 17:21:11 - [TEST_STEP][PASSED] - Statement - groupXpath = "(//span[@title='" + groupName + "']/following-sibling::ul/li/span[3]/span[2])[" + i + "]": null

2018-06-14 17:21:11 - [TEST_STEP][PASSED] - Statement - println(groupXpath): null

2018-06-14 17:21:11 - [TEST_STEP][PASSED] - Statement - childgroup = driver.findElement(org.openqa.selenium.By.xpath(groupXpath)).getText(): null

2018-06-14 17:21:11 - [TEST_STEP][PASSED] - Statement - println(childgroup): null

2018-06-14 17:21:11 - [TEST_STEP][PASSED] - Statement - subGroupList[i - 1] = childgroup: null

2018-06-14 17:21:11 - [TEST_STEP][PASSED] - Statement - groupXpath = "(//span[@title='" + groupName + "']/following-sibling::ul/li/span[3]/span[2])[" + i + "]": null

2018-06-14 17:21:11 - [TEST_STEP][PASSED] - Statement - println(groupXpath): null

2018-06-14 17:21:11 - [TEST_STEP][PASSED] - Statement - childgroup = driver.findElement(org.openqa.selenium.By.xpath(groupXpath)).getText(): null

2018-06-14 17:21:11 - [TEST_STEP][PASSED] - Statement - println(childgroup): null

2018-06-14 17:21:11 - [TEST_STEP][PASSED] - Statement - subGroupList[i - 1] = childgroup: null

2018-06-14 17:21:11 - [TEST_STEP][PASSED] - Statement - groupXpath = "(//span[@title='" + groupName + "']/following-sibling::ul/li/span[3]/span[2])[" + i + "]": null

2018-06-14 17:21:11 - [TEST_STEP][PASSED] - Statement - println(groupXpath): null

2018-06-14 17:21:11 - [TEST_STEP][PASSED] - Statement - childgroup = driver.findElement(org.openqa.selenium.By.xpath(groupXpath)).getText(): null

2018-06-14 17:21:11 - [TEST_STEP][PASSED] - Statement - println(childgroup): null

2018-06-14 17:21:11 - [TEST_STEP][PASSED] - Statement - subGroupList[i - 1] = childgroup: null

2018-06-14 17:21:11 - [TEST_STEP][PASSED] - Statement - groupXpath = "(//span[@title='" + groupName + "']/following-sibling::ul/li/span[3]/span[2])[" + i + "]": null

2018-06-14 17:21:11 - [TEST_STEP][PASSED] - Statement - println(groupXpath): null

2018-06-14 17:21:11 - [TEST_STEP][PASSED] - Statement - childgroup = driver.findElement(org.openqa.selenium.By.xpath(groupXpath)).getText(): null

2018-06-14 17:21:11 - [TEST_STEP][PASSED] - Statement - println(childgroup): null

2018-06-14 17:21:11 - [TEST_STEP][PASSED] - Statement - subGroupList[i - 1] = childgroup: null

2018-06-14 17:21:11 - [TEST_STEP][PASSED] - Statement - groupXpath = "(//span[@title='" + groupName + "']/following-sibling::ul/li/span[3]/span[2])[" + i + "]": null

2018-06-14 17:21:11 - [TEST_STEP][PASSED] - Statement - println(groupXpath): null

2018-06-14 17:21:11 - [TEST_STEP][PASSED] - Statement - childgroup = driver.findElement(org.openqa.selenium.By.xpath(groupXpath)).getText(): null

2018-06-14 17:21:11 - [TEST_STEP][PASSED] - Statement - println(childgroup): null

2018-06-14 17:21:11 - [TEST_STEP][PASSED] - Statement - subGroupList[i - 1] = childgroup: null

2018-06-14 17:21:11 - [TEST_STEP][PASSED] - Statement - groupXpath = "(//span[@title='" + groupName + "']/following-sibling::ul/li/span[3]/span[2])[" + i + "]": null

2018-06-14 17:21:11 - [TEST_STEP][PASSED] - Statement - println(groupXpath): null

2018-06-14 17:21:11 - [TEST_STEP][PASSED] - Statement - childgroup = driver.findElement(org.openqa.selenium.By.xpath(groupXpath)).getText(): null

2018-06-14 17:21:11 - [TEST_STEP][PASSED] - Statement - println(childgroup): null

2018-06-14 17:21:11 - [TEST_STEP][PASSED] - Statement - subGroupList[i - 1] = childgroup: null

2018-06-14 17:21:11 - [TEST_STEP][PASSED] - Statement - groupXpath = "(//span[@title='" + groupName + "']/following-sibling::ul/li/span[3]/span[2])[" + i + "]": null

2018-06-14 17:21:11 - [TEST_STEP][PASSED] - Statement - println(groupXpath): null

2018-06-14 17:21:11 - [TEST_STEP][PASSED] - Statement - childgroup = driver.findElement(org.openqa.selenium.By.xpath(groupXpath)).getText(): null

2018-06-14 17:21:11 - [TEST_STEP][PASSED] - Statement - println(childgroup): null

2018-06-14 17:21:11 - [TEST_STEP][PASSED] - Statement - subGroupList[i - 1] = childgroup: null

2018-06-14 17:21:11 - [TEST_STEP][PASSED] - Statement - groupXpath = "(//span[@title='" + groupName + "']/following-sibling::ul/li/span[3]/span[2])[" + i + "]": null

2018-06-14 17:21:11 - [TEST_STEP][PASSED] - Statement - println(groupXpath): null

2018-06-14 17:21:11 - [TEST_STEP][PASSED] - Statement - childgroup = driver.findElement(org.openqa.selenium.By.xpath(groupXpath)).getText(): null

2018-06-14 17:21:11 - [TEST_STEP][PASSED] - Statement - println(childgroup): null

2018-06-14 17:21:11 - [TEST_STEP][PASSED] - Statement - subGroupList[i - 1] = childgroup: null

2018-06-14 17:21:11 - [TEST_STEP][PASSED] - Statement - groupXpath = "(//span[@title='" + groupName + "']/following-sibling::ul/li/span[3]/span[2])[" + i + "]": null

2018-06-14 17:21:11 - [TEST_STEP][PASSED] - Statement - println(groupXpath): null

2018-06-14 17:21:11 - [TEST_STEP][PASSED] - Statement - childgroup = driver.findElement(org.openqa.selenium.By.xpath(groupXpath)).getText(): null

2018-06-14 17:21:12 - [TEST_STEP][PASSED] - Statement - println(childgroup): null

2018-06-14 17:21:12 - [TEST_STEP][PASSED] - Statement - subGroupList[i - 1] = childgroup: null

2018-06-14 17:21:12 - [TEST_STEP][PASSED] - Statement - groupXpath = "(//span[@title='" + groupName + "']/following-sibling::ul/li/span[3]/span[2])[" + i + "]": null

2018-06-14 17:21:12 - [TEST_STEP][PASSED] - Statement - println(groupXpath): null

2018-06-14 17:21:12 - [TEST_STEP][PASSED] - Statement - childgroup = driver.findElement(org.openqa.selenium.By.xpath(groupXpath)).getText(): null

2018-06-14 17:21:12 - [TEST_STEP][PASSED] - Statement - println(childgroup): null

2018-06-14 17:21:12 - [TEST_STEP][PASSED] - Statement - subGroupList[i - 1] = childgroup: null

2018-06-14 17:21:12 - [TEST_STEP][PASSED] - Statement - groupXpath = "(//span[@title='" + groupName + "']/following-sibling::ul/li/span[3]/span[2])[" + i + "]": null

2018-06-14 17:21:12 - [TEST_STEP][PASSED] - Statement - println(groupXpath): null

2018-06-14 17:21:12 - [TEST_STEP][PASSED] - Statement - childgroup = driver.findElement(org.openqa.selenium.By.xpath(groupXpath)).getText(): null

2018-06-14 17:21:12 - [TEST_STEP][PASSED] - Statement - println(childgroup): null

2018-06-14 17:21:12 - [TEST_STEP][PASSED] - Statement - subGroupList[i - 1] = childgroup: null

2018-06-14 17:21:12 - [TEST_STEP][PASSED] - Statement - groupXpath = "(//span[@title='" + groupName + "']/following-sibling::ul/li/span[3]/span[2])[" + i + "]": null

2018-06-14 17:21:12 - [TEST_STEP][PASSED] - Statement - println(groupXpath): null

2018-06-14 17:21:12 - [TEST_STEP][PASSED] - Statement - childgroup = driver.findElement(org.openqa.selenium.By.xpath(groupXpath)).getText(): null

2018-06-14 17:21:12 - [TEST_STEP][PASSED] - Statement - println(childgroup): null

2018-06-14 17:21:12 - [TEST_STEP][PASSED] - Statement - subGroupList[i - 1] = childgroup: null

2018-06-14 17:21:12 - [TEST_STEP][PASSED] - Statement - groupXpath = "(//span[@title='" + groupName + "']/following-sibling::ul/li/span[3]/span[2])[" + i + "]": null

2018-06-14 17:21:12 - [TEST_STEP][PASSED] - Statement - println(groupXpath): null

2018-06-14 17:21:12 - [TEST_STEP][PASSED] - Statement - childgroup = driver.findElement(org.openqa.selenium.By.xpath(groupXpath)).getText(): null

2018-06-14 17:21:12 - [TEST_STEP][PASSED] - Statement - println(childgroup): null

2018-06-14 17:21:12 - [TEST_STEP][PASSED] - Statement - subGroupList[i - 1] = childgroup: null

2018-06-14 17:21:12 - [TEST_STEP][PASSED] - Statement - groupXpath = "(//span[@title='" + groupName + "']/following-sibling::ul/li/span[3]/span[2])[" + i + "]": null

2018-06-14 17:21:12 - [TEST_STEP][PASSED] - Statement - println(groupXpath): null

2018-06-14 17:21:12 - [TEST_STEP][PASSED] - Statement - childgroup = driver.findElement(org.openqa.selenium.By.xpath(groupXpath)).getText(): null

2018-06-14 17:21:12 - [TEST_STEP][PASSED] - Statement - println(childgroup): null

2018-06-14 17:21:12 - [TEST_STEP][PASSED] - Statement - subGroupList[i - 1] = childgroup: null

2018-06-14 17:21:12 - [TEST_STEP][PASSED] - Statement - groupXpath = "(//span[@title='" + groupName + "']/following-sibling::ul/li/span[3]/span[2])[" + i + "]": null

2018-06-14 17:21:12 - [TEST_STEP][PASSED] - Statement - println(groupXpath): null

2018-06-14 17:21:12 - [TEST_STEP][PASSED] - Statement - childgroup = driver.findElement(org.openqa.selenium.By.xpath(groupXpath)).getText(): null

2018-06-14 17:21:12 - [TEST_STEP][PASSED] - Statement - println(childgroup): null

2018-06-14 17:21:12 - [TEST_STEP][PASSED] - Statement - subGroupList[i - 1] = childgroup: null

2018-06-14 17:21:12 - [TEST_STEP][PASSED] - Statement - groupXpath = "(//span[@title='" + groupName + "']/following-sibling::ul/li/span[3]/span[2])[" + i + "]": null

2018-06-14 17:21:12 - [TEST_STEP][PASSED] - Statement - println(groupXpath): null

2018-06-14 17:21:12 - [TEST_STEP][PASSED] - Statement - childgroup = driver.findElement(org.openqa.selenium.By.xpath(groupXpath)).getText(): null

2018-06-14 17:21:12 - [TEST_STEP][PASSED] - Statement - println(childgroup): null

2018-06-14 17:21:12 - [TEST_STEP][PASSED] - Statement - subGroupList[i - 1] = childgroup: null

2018-06-14 17:21:12 - [TEST_STEP][PASSED] - Statement - groupXpath = "(//span[@title='" + groupName + "']/following-sibling::ul/li/span[3]/span[2])[" + i + "]": null

2018-06-14 17:21:12 - [TEST_STEP][PASSED] - Statement - println(groupXpath): null

2018-06-14 17:21:12 - [TEST_STEP][PASSED] - Statement - childgroup = driver.findElement(org.openqa.selenium.By.xpath(groupXpath)).getText(): null

2018-06-14 17:21:12 - [TEST_STEP][PASSED] - Statement - println(childgroup): null

2018-06-14 17:21:12 - [TEST_STEP][PASSED] - Statement - subGroupList[i - 1] = childgroup: null

2018-06-14 17:21:12 - [TEST_STEP][PASSED] - Statement - groupXpath = "(//span[@title='" + groupName + "']/following-sibling::ul/li/span[3]/span[2])[" + i + "]": null

2018-06-14 17:21:12 - [TEST_STEP][PASSED] - Statement - println(groupXpath): null

2018-06-14 17:21:12 - [TEST_STEP][PASSED] - Statement - childgroup = driver.findElement(org.openqa.selenium.By.xpath(groupXpath)).getText(): null

2018-06-14 17:21:12 - [TEST_STEP][PASSED] - Statement - println(childgroup): null

2018-06-14 17:21:12 - [TEST_STEP][PASSED] - Statement - subGroupList[i - 1] = childgroup: null

2018-06-14 17:21:12 - [TEST_STEP][PASSED] - Statement - groupXpath = "(//span[@title='" + groupName + "']/following-sibling::ul/li/span[3]/span[2])[" + i + "]": null

2018-06-14 17:21:12 - [TEST_STEP][PASSED] - Statement - println(groupXpath): null

2018-06-14 17:21:12 - [TEST_STEP][PASSED] - Statement - childgroup = driver.findElement(org.openqa.selenium.By.xpath(groupXpath)).getText(): null

2018-06-14 17:21:12 - [TEST_STEP][PASSED] - Statement - println(childgroup): null

2018-06-14 17:21:12 - [TEST_STEP][PASSED] - Statement - subGroupList[i - 1] = childgroup: null

2018-06-14 17:21:12 - [TEST_STEP][PASSED] - Statement - groupXpath = "(//span[@title='" + groupName + "']/following-sibling::ul/li/span[3]/span[2])[" + i + "]": null

2018-06-14 17:21:12 - [TEST_STEP][PASSED] - Statement - println(groupXpath): null

2018-06-14 17:21:12 - [TEST_STEP][PASSED] - Statement - childgroup = driver.findElement(org.openqa.selenium.By.xpath(groupXpath)).getText(): null

2018-06-14 17:21:12 - [TEST_STEP][PASSED] - Statement - println(childgroup): null

2018-06-14 17:21:12 - [TEST_STEP][PASSED] - Statement - subGroupList[i - 1] = childgroup: null

2018-06-14 17:21:12 - [TEST_STEP][PASSED] - Statement - groupXpath = "(//span[@title='" + groupName + "']/following-sibling::ul/li/span[3]/span[2])[" + i + "]": null

2018-06-14 17:21:12 - [TEST_STEP][PASSED] - Statement - println(groupXpath): null

2018-06-14 17:21:12 - [TEST_STEP][PASSED] - Statement - childgroup = driver.findElement(org.openqa.selenium.By.xpath(groupXpath)).getText(): null

2018-06-14 17:21:12 - [TEST_STEP][PASSED] - Statement - println(childgroup): null

2018-06-14 17:21:12 - [TEST_STEP][PASSED] - Statement - subGroupList[i - 1] = childgroup: null

2018-06-14 17:21:12 - [TEST_STEP][PASSED] - Statement - groupXpath = "(//span[@title='" + groupName + "']/following-sibling::ul/li/span[3]/span[2])[" + i + "]": null

2018-06-14 17:21:12 - [TEST_STEP][PASSED] - Statement - println(groupXpath): null

2018-06-14 17:21:12 - [TEST_STEP][PASSED] - Statement - childgroup = driver.findElement(org.openqa.selenium.By.xpath(groupXpath)).getText(): null

2018-06-14 17:21:12 - [TEST_STEP][PASSED] - Statement - println(childgroup): null

2018-06-14 17:21:12 - [TEST_STEP][PASSED] - Statement - subGroupList[i - 1] = childgroup: null

2018-06-14 17:21:12 - [TEST_STEP][PASSED] - Statement - groupXpath = "(//span[@title='" + groupName + "']/following-sibling::ul/li/span[3]/span[2])[" + i + "]": null

2018-06-14 17:21:12 - [TEST_STEP][PASSED] - Statement - println(groupXpath): null

2018-06-14 17:21:12 - [TEST_STEP][PASSED] - Statement - childgroup = driver.findElement(org.openqa.selenium.By.xpath(groupXpath)).getText(): null

2018-06-14 17:21:12 - [TEST_STEP][PASSED] - Statement - println(childgroup): null

2018-06-14 17:21:12 - [TEST_STEP][PASSED] - Statement - subGroupList[i - 1] = childgroup: null

2018-06-14 17:21:12 - [TEST_STEP][PASSED] - Statement - groupXpath = "(//span[@title='" + groupName + "']/following-sibling::ul/li/span[3]/span[2])[" + i + "]": null

2018-06-14 17:21:12 - [TEST_STEP][PASSED] - Statement - println(groupXpath): null

2018-06-14 17:21:12 - [TEST_STEP][PASSED] - Statement - childgroup = driver.findElement(org.openqa.selenium.By.xpath(groupXpath)).getText(): null

2018-06-14 17:21:12 - [TEST_STEP][PASSED] - Statement - println(childgroup): null

2018-06-14 17:21:12 - [TEST_STEP][PASSED] - Statement - subGroupList[i - 1] = childgroup: null

2018-06-14 17:21:12 - [TEST_STEP][PASSED] - Statement - groupXpath = "(//span[@title='" + groupName + "']/following-sibling::ul/li/span[3]/span[2])[" + i + "]": null

2018-06-14 17:21:12 - [TEST_STEP][PASSED] - Statement - println(groupXpath): null

2018-06-14 17:21:12 - [TEST_STEP][PASSED] - Statement - childgroup = driver.findElement(org.openqa.selenium.By.xpath(groupXpath)).getText(): null

2018-06-14 17:21:12 - [TEST_STEP][PASSED] - Statement - println(childgroup): null

2018-06-14 17:21:12 - [TEST_STEP][PASSED] - Statement - subGroupList[i - 1] = childgroup: null

2018-06-14 17:21:12 - [TEST_STEP][PASSED] - Statement - groupXpath = "(//span[@title='" + groupName + "']/following-sibling::ul/li/span[3]/span[2])[" + i + "]": null

2018-06-14 17:21:12 - [TEST_STEP][PASSED] - Statement - println(groupXpath): null

2018-06-14 17:21:12 - [TEST_STEP][PASSED] - Statement - childgroup = driver.findElement(org.openqa.selenium.By.xpath(groupXpath)).getText(): null

2018-06-14 17:21:12 - [TEST_STEP][PASSED] - Statement - println(childgroup): null

2018-06-14 17:21:12 - [TEST_STEP][PASSED] - Statement - subGroupList[i - 1] = childgroup: null

2018-06-14 17:21:12 - [TEST_STEP][PASSED] - Statement - groupXpath = "(//span[@title='" + groupName + "']/following-sibling::ul/li/span[3]/span[2])[" + i + "]": null

2018-06-14 17:21:12 - [TEST_STEP][PASSED] - Statement - println(groupXpath): null

2018-06-14 17:21:12 - [TEST_STEP][PASSED] - Statement - childgroup = driver.findElement(org.openqa.selenium.By.xpath(groupXpath)).getText(): null

2018-06-14 17:21:12 - [TEST_STEP][PASSED] - Statement - println(childgroup): null

2018-06-14 17:21:12 - [TEST_STEP][PASSED] - Statement - subGroupList[i - 1] = childgroup: null

2018-06-14 17:21:12 - [TEST_STEP][PASSED] - Statement - groupXpath = "(//span[@title='" + groupName + "']/following-sibling::ul/li/span[3]/span[2])[" + i + "]": null

2018-06-14 17:21:12 - [TEST_STEP][PASSED] - Statement - println(groupXpath): null

2018-06-14 17:21:12 - [TEST_STEP][PASSED] - Statement - childgroup = driver.findElement(org.openqa.selenium.By.xpath(groupXpath)).getText(): null

2018-06-14 17:21:12 - [TEST_STEP][PASSED] - Statement - println(childgroup): null

2018-06-14 17:21:12 - [TEST_STEP][PASSED] - Statement - subGroupList[i - 1] = childgroup: null

2018-06-14 17:21:12 - [TEST_STEP][PASSED] - Statement - groupXpath = "(//span[@title='" + groupName + "']/following-sibling::ul/li/span[3]/span[2])[" + i + "]": null

2018-06-14 17:21:12 - [TEST_STEP][PASSED] - Statement - println(groupXpath): null

2018-06-14 17:21:12 - [TEST_STEP][PASSED] - Statement - childgroup = driver.findElement(org.openqa.selenium.By.xpath(groupXpath)).getText(): null

2018-06-14 17:21:12 - [TEST_STEP][PASSED] - Statement - println(childgroup): null

2018-06-14 17:21:12 - [TEST_STEP][PASSED] - Statement - subGroupList[i - 1] = childgroup: null

2018-06-14 17:21:12 - [TEST_STEP][PASSED] - Statement - groupXpath = "(//span[@title='" + groupName + "']/following-sibling::ul/li/span[3]/span[2])[" + i + "]": null

2018-06-14 17:21:12 - [TEST_STEP][PASSED] - Statement - println(groupXpath): null

2018-06-14 17:21:12 - [TEST_STEP][PASSED] - Statement - childgroup = driver.findElement(org.openqa.selenium.By.xpath(groupXpath)).getText(): null

2018-06-14 17:21:12 - [TEST_STEP][PASSED] - Statement - println(childgroup): null

2018-06-14 17:21:12 - [TEST_STEP][PASSED] - Statement - subGroupList[i - 1] = childgroup: null

2018-06-14 17:21:12 - [TEST_STEP][PASSED] - Statement - groupXpath = "(//span[@title='" + groupName + "']/following-sibling::ul/li/span[3]/span[2])[" + i + "]": null

2018-06-14 17:21:12 - [TEST_STEP][PASSED] - Statement - println(groupXpath): null

2018-06-14 17:21:12 - [TEST_STEP][PASSED] - Statement - childgroup = driver.findElement(org.openqa.selenium.By.xpath(groupXpath)).getText(): null

2018-06-14 17:21:12 - [TEST_STEP][PASSED] - Statement - println(childgroup): null

2018-06-14 17:21:12 - [TEST_STEP][PASSED] - Statement - subGroupList[i - 1] = childgroup: null

2018-06-14 17:21:12 - [TEST_STEP][PASSED] - Statement - groupXpath = "(//span[@title='" + groupName + "']/following-sibling::ul/li/span[3]/span[2])[" + i + "]": null

2018-06-14 17:21:12 - [TEST_STEP][PASSED] - Statement - println(groupXpath): null

2018-06-14 17:21:12 - [TEST_STEP][PASSED] - Statement - childgroup = driver.findElement(org.openqa.selenium.By.xpath(groupXpath)).getText(): null

2018-06-14 17:21:12 - [TEST_STEP][PASSED] - Statement - println(childgroup): null

2018-06-14 17:21:12 - [TEST_STEP][PASSED] - Statement - subGroupList[i - 1] = childgroup: null

2018-06-14 17:21:12 - [TEST_STEP][PASSED] - Statement - groupXpath = "(//span[@title='" + groupName + "']/following-sibling::ul/li/span[3]/span[2])[" + i + "]": null

2018-06-14 17:21:12 - [TEST_STEP][PASSED] - Statement - println(groupXpath): null

2018-06-14 17:21:12 - [TEST_STEP][PASSED] - Statement - childgroup = driver.findElement(org.openqa.selenium.By.xpath(groupXpath)).getText(): null

2018-06-14 17:21:12 - [TEST_STEP][PASSED] - Statement - println(childgroup): null

2018-06-14 17:21:12 - [TEST_STEP][PASSED] - Statement - subGroupList[i - 1] = childgroup: null

2018-06-14 17:21:12 - [TEST_STEP][PASSED] - Statement - groupXpath = "(//span[@title='" + groupName + "']/following-sibling::ul/li/span[3]/span[2])[" + i + "]": null

2018-06-14 17:21:12 - [TEST_STEP][PASSED] - Statement - println(groupXpath): null

2018-06-14 17:21:12 - [TEST_STEP][PASSED] - Statement - childgroup = driver.findElement(org.openqa.selenium.By.xpath(groupXpath)).getText(): null

2018-06-14 17:21:12 - [TEST_STEP][PASSED] - Statement - println(childgroup): null

2018-06-14 17:21:12 - [TEST_STEP][PASSED] - Statement - subGroupList[i - 1] = childgroup: null

2018-06-14 17:21:12 - [TEST_STEP][PASSED] - Statement - groupXpath = "(//span[@title='" + groupName + "']/following-sibling::ul/li/span[3]/span[2])[" + i + "]": null

2018-06-14 17:21:12 - [TEST_STEP][PASSED] - Statement - println(groupXpath): null

2018-06-14 17:21:12 - [TEST_STEP][PASSED] - Statement - childgroup = driver.findElement(org.openqa.selenium.By.xpath(groupXpath)).getText(): null

2018-06-14 17:21:12 - [TEST_STEP][PASSED] - Statement - println(childgroup): null

2018-06-14 17:21:12 - [TEST_STEP][PASSED] - Statement - subGroupList[i - 1] = childgroup: null

2018-06-14 17:21:12 - [TEST_STEP][PASSED] - Statement - groupXpath = "(//span[@title='" + groupName + "']/following-sibling::ul/li/span[3]/span[2])[" + i + "]": null

2018-06-14 17:21:12 - [TEST_STEP][PASSED] - Statement - println(groupXpath): null

2018-06-14 17:21:12 - [TEST_STEP][PASSED] - Statement - childgroup = driver.findElement(org.openqa.selenium.By.xpath(groupXpath)).getText(): null

2018-06-14 17:21:12 - [TEST_STEP][PASSED] - Statement - println(childgroup): null

2018-06-14 17:21:12 - [TEST_STEP][PASSED] - Statement - subGroupList[i - 1] = childgroup: null

2018-06-14 17:21:12 - [TEST_STEP][PASSED] - Statement - groupXpath = "(//span[@title='" + groupName + "']/following-sibling::ul/li/span[3]/span[2])[" + i + "]": null

2018-06-14 17:21:12 - [TEST_STEP][PASSED] - Statement - println(groupXpath): null

2018-06-14 17:21:12 - [TEST_STEP][PASSED] - Statement - childgroup = driver.findElement(org.openqa.selenium.By.xpath(groupXpath)).getText(): null

2018-06-14 17:21:12 - [TEST_STEP][PASSED] - Statement - println(childgroup): null

2018-06-14 17:21:12 - [TEST_STEP][PASSED] - Statement - subGroupList[i - 1] = childgroup: null

2018-06-14 17:21:12 - [TEST_STEP][PASSED] - Statement - groupXpath = "(//span[@title='" + groupName + "']/following-sibling::ul/li/span[3]/span[2])[" + i + "]": null

2018-06-14 17:21:12 - [TEST_STEP][PASSED] - Statement - println(groupXpath): null

2018-06-14 17:21:12 - [TEST_STEP][PASSED] - Statement - childgroup = driver.findElement(org.openqa.selenium.By.xpath(groupXpath)).getText(): null

2018-06-14 17:21:12 - [TEST_STEP][PASSED] - Statement - println(childgroup): null

2018-06-14 17:21:12 - [TEST_STEP][PASSED] - Statement - subGroupList[i - 1] = childgroup: null

2018-06-14 17:21:12 - [TEST_STEP][PASSED] - Statement - groupXpath = "(//span[@title='" + groupName + "']/following-sibling::ul/li/span[3]/span[2])[" + i + "]": null

2018-06-14 17:21:12 - [TEST_STEP][PASSED] - Statement - println(groupXpath): null

2018-06-14 17:21:12 - [TEST_STEP][PASSED] - Statement - childgroup = driver.findElement(org.openqa.selenium.By.xpath(groupXpath)).getText(): null

2018-06-14 17:21:12 - [TEST_STEP][PASSED] - Statement - println(childgroup): null

2018-06-14 17:21:12 - [TEST_STEP][PASSED] - Statement - subGroupList[i - 1] = childgroup: null

2018-06-14 17:21:12 - [TEST_STEP][PASSED] - Statement - groupXpath = "(//span[@title='" + groupName + "']/following-sibling::ul/li/span[3]/span[2])[" + i + "]": null

2018-06-14 17:21:12 - [TEST_STEP][PASSED] - Statement - println(groupXpath): null

2018-06-14 17:21:12 - [TEST_STEP][PASSED] - Statement - childgroup = driver.findElement(org.openqa.selenium.By.xpath(groupXpath)).getText(): null

2018-06-14 17:21:12 - [TEST_STEP][PASSED] - Statement - println(childgroup): null

2018-06-14 17:21:12 - [TEST_STEP][PASSED] - Statement - subGroupList[i - 1] = childgroup: null

2018-06-14 17:21:12 - [TEST_STEP][PASSED] - Statement - groupXpath = "(//span[@title='" + groupName + "']/following-sibling::ul/li/span[3]/span[2])[" + i + "]": null

2018-06-14 17:21:12 - [TEST_STEP][PASSED] - Statement - println(groupXpath): null

2018-06-14 17:21:12 - [TEST_STEP][PASSED] - Statement - childgroup = driver.findElement(org.openqa.selenium.By.xpath(groupXpath)).getText(): null

2018-06-14 17:21:12 - [TEST_STEP][PASSED] - Statement - println(childgroup): null

2018-06-14 17:21:12 - [TEST_STEP][PASSED] - Statement - subGroupList[i - 1] = childgroup: null

2018-06-14 17:21:12 - [TEST_STEP][PASSED] - Statement - groupXpath = "(//span[@title='" + groupName + "']/following-sibling::ul/li/span[3]/span[2])[" + i + "]": null

2018-06-14 17:21:12 - [TEST_STEP][PASSED] - Statement - println(groupXpath): null

2018-06-14 17:21:12 - [TEST_STEP][PASSED] - Statement - childgroup = driver.findElement(org.openqa.selenium.By.xpath(groupXpath)).getText(): null

2018-06-14 17:21:12 - [TEST_STEP][PASSED] - Statement - println(childgroup): null

2018-06-14 17:21:12 - [TEST_STEP][PASSED] - Statement - subGroupList[i - 1] = childgroup: null

2018-06-14 17:21:12 - [TEST_STEP][PASSED] - Statement - groupXpath = "(//span[@title='" + groupName + "']/following-sibling::ul/li/span[3]/span[2])[" + i + "]": null

2018-06-14 17:21:12 - [TEST_STEP][PASSED] - Statement - println(groupXpath): null

2018-06-14 17:21:12 - [TEST_STEP][PASSED] - Statement - childgroup = driver.findElement(org.openqa.selenium.By.xpath(groupXpath)).getText(): null

2018-06-14 17:21:13 - [TEST_STEP][PASSED] - Statement - println(childgroup): null

2018-06-14 17:21:13 - [TEST_STEP][PASSED] - Statement - subGroupList[i - 1] = childgroup: null

2018-06-14 17:21:13 - [TEST_STEP][PASSED] - Statement - groupXpath = "(//span[@title='" + groupName + "']/following-sibling::ul/li/span[3]/span[2])[" + i + "]": null

2018-06-14 17:21:13 - [TEST_STEP][PASSED] - Statement - println(groupXpath): null

2018-06-14 17:21:13 - [TEST_STEP][PASSED] - Statement - childgroup = driver.findElement(org.openqa.selenium.By.xpath(groupXpath)).getText(): null

2018-06-14 17:21:13 - [TEST_STEP][PASSED] - Statement - println(childgroup): null

2018-06-14 17:21:13 - [TEST_STEP][PASSED] - Statement - subGroupList[i - 1] = childgroup: null

2018-06-14 17:21:13 - [TEST_STEP][PASSED] - Statement - groupXpath = "(//span[@title='" + groupName + "']/following-sibling::ul/li/span[3]/span[2])[" + i + "]": null

2018-06-14 17:21:13 - [TEST_STEP][PASSED] - Statement - println(groupXpath): null

2018-06-14 17:21:13 - [TEST_STEP][PASSED] - Statement - childgroup = driver.findElement(org.openqa.selenium.By.xpath(groupXpath)).getText(): null

2018-06-14 17:21:13 - [TEST_STEP][PASSED] - Statement - println(childgroup): null

2018-06-14 17:21:13 - [TEST_STEP][PASSED] - Statement - subGroupList[i - 1] = childgroup: null

2018-06-14 17:21:13 - [TEST_STEP][PASSED] - Statement - groupXpath = "(//span[@title='" + groupName + "']/following-sibling::ul/li/span[3]/span[2])[" + i + "]": null

2018-06-14 17:21:13 - [TEST_STEP][PASSED] - Statement - println(groupXpath): null

2018-06-14 17:21:13 - [TEST_STEP][PASSED] - Statement - childgroup = driver.findElement(org.openqa.selenium.By.xpath(groupXpath)).getText(): null

2018-06-14 17:21:13 - [TEST_STEP][PASSED] - Statement - println(childgroup): null

2018-06-14 17:21:13 - [TEST_STEP][PASSED] - Statement - subGroupList[i - 1] = childgroup: null

2018-06-14 17:21:13 - [TEST_STEP][PASSED] - Statement - groupXpath = "(//span[@title='" + groupName + "']/following-sibling::ul/li/span[3]/span[2])[" + i + "]": null

2018-06-14 17:21:13 - [TEST_STEP][PASSED] - Statement - println(groupXpath): null

2018-06-14 17:21:13 - [TEST_STEP][PASSED] - Statement - childgroup = driver.findElement(org.openqa.selenium.By.xpath(groupXpath)).getText(): null

2018-06-14 17:21:13 - [TEST_STEP][PASSED] - Statement - println(childgroup): null

2018-06-14 17:21:13 - [TEST_STEP][PASSED] - Statement - subGroupList[i - 1] = childgroup: null

2018-06-14 17:21:13 - [TEST_STEP][PASSED] - Statement - groupXpath = "(//span[@title='" + groupName + "']/following-sibling::ul/li/span[3]/span[2])[" + i + "]": null

2018-06-14 17:21:13 - [TEST_STEP][PASSED] - Statement - println(groupXpath): null

2018-06-14 17:21:13 - [TEST_STEP][PASSED] - Statement - childgroup = driver.findElement(org.openqa.selenium.By.xpath(groupXpath)).getText(): null

2018-06-14 17:21:13 - [TEST_STEP][PASSED] - Statement - println(childgroup): null

2018-06-14 17:21:13 - [TEST_STEP][PASSED] - Statement - subGroupList[i - 1] = childgroup: null

2018-06-14 17:21:13 - [TEST_STEP][PASSED] - Statement - groupXpath = "(//span[@title='" + groupName + "']/following-sibling::ul/li/span[3]/span[2])[" + i + "]": null

2018-06-14 17:21:13 - [TEST_STEP][PASSED] - Statement - println(groupXpath): null

2018-06-14 17:21:13 - [TEST_STEP][PASSED] - Statement - childgroup = driver.findElement(org.openqa.selenium.By.xpath(groupXpath)).getText(): null

2018-06-14 17:21:13 - [TEST_STEP][PASSED] - Statement - println(childgroup): null

2018-06-14 17:21:13 - [TEST_STEP][PASSED] - Statement - subGroupList[i - 1] = childgroup: null

2018-06-14 17:21:13 - [TEST_STEP][PASSED] - Statement - groupXpath = "(//span[@title='" + groupName + "']/following-sibling::ul/li/span[3]/span[2])[" + i + "]": null

2018-06-14 17:21:13 - [TEST_STEP][PASSED] - Statement - println(groupXpath): null

2018-06-14 17:21:13 - [TEST_STEP][PASSED] - Statement - childgroup = driver.findElement(org.openqa.selenium.By.xpath(groupXpath)).getText(): null

2018-06-14 17:21:13 - [TEST_STEP][PASSED] - Statement - println(childgroup): null

2018-06-14 17:21:13 - [TEST_STEP][PASSED] - Statement - subGroupList[i - 1] = childgroup: null

2018-06-14 17:21:13 - [TEST_STEP][PASSED] - Statement - groupXpath = "(//span[@title='" + groupName + "']/following-sibling::ul/li/span[3]/span[2])[" + i + "]": null

2018-06-14 17:21:13 - [TEST_STEP][PASSED] - Statement - println(groupXpath): null

2018-06-14 17:21:13 - [TEST_STEP][PASSED] - Statement - childgroup = driver.findElement(org.openqa.selenium.By.xpath(groupXpath)).getText(): null

2018-06-14 17:21:13 - [TEST_STEP][PASSED] - Statement - println(childgroup): null

2018-06-14 17:21:13 - [TEST_STEP][PASSED] - Statement - subGroupList[i - 1] = childgroup: null

2018-06-14 17:21:13 - [TEST_STEP][PASSED] - Statement - groupXpath = "(//span[@title='" + groupName + "']/following-sibling::ul/li/span[3]/span[2])[" + i + "]": null

2018-06-14 17:21:13 - [TEST_STEP][PASSED] - Statement - println(groupXpath): null

2018-06-14 17:21:13 - [TEST_STEP][PASSED] - Statement - childgroup = driver.findElement(org.openqa.selenium.By.xpath(groupXpath)).getText(): null

2018-06-14 17:21:13 - [TEST_STEP][PASSED] - Statement - println(childgroup): null

2018-06-14 17:21:13 - [TEST_STEP][PASSED] - Statement - subGroupList[i - 1] = childgroup: null

2018-06-14 17:21:13 - [TEST_STEP][PASSED] - Statement - groupXpath = "(//span[@title='" + groupName + "']/following-sibling::ul/li/span[3]/span[2])[" + i + "]": null

2018-06-14 17:21:13 - [TEST_STEP][PASSED] - Statement - println(groupXpath): null

2018-06-14 17:21:13 - [TEST_STEP][PASSED] - Statement - childgroup = driver.findElement(org.openqa.selenium.By.xpath(groupXpath)).getText(): null

2018-06-14 17:21:13 - [TEST_STEP][PASSED] - Statement - println(childgroup): null

2018-06-14 17:21:13 - [TEST_STEP][PASSED] - Statement - subGroupList[i - 1] = childgroup: null

2018-06-14 17:21:13 - [TEST_STEP][PASSED] - Statement - groupXpath = "(//span[@title='" + groupName + "']/following-sibling::ul/li/span[3]/span[2])[" + i + "]": null

2018-06-14 17:21:13 - [TEST_STEP][PASSED] - Statement - println(groupXpath): null

2018-06-14 17:21:13 - [TEST_STEP][PASSED] - Statement - childgroup = driver.findElement(org.openqa.selenium.By.xpath(groupXpath)).getText(): null

2018-06-14 17:21:13 - [TEST_STEP][PASSED] - Statement - println(childgroup): null

2018-06-14 17:21:13 - [TEST_STEP][PASSED] - Statement - subGroupList[i - 1] = childgroup: null

2018-06-14 17:21:13 - [TEST_STEP][PASSED] - Statement - groupXpath = "(//span[@title='" + groupName + "']/following-sibling::ul/li/span[3]/span[2])[" + i + "]": null

2018-06-14 17:21:13 - [TEST_STEP][PASSED] - Statement - println(groupXpath): null

2018-06-14 17:21:13 - [TEST_STEP][PASSED] - Statement - childgroup = driver.findElement(org.openqa.selenium.By.xpath(groupXpath)).getText(): null

2018-06-14 17:21:13 - [TEST_STEP][PASSED] - Statement - println(childgroup): null

2018-06-14 17:21:13 - [TEST_STEP][PASSED] - Statement - subGroupList[i - 1] = childgroup: null

2018-06-14 17:21:13 - [TEST_STEP][PASSED] - Statement - groupXpath = "(//span[@title='" + groupName + "']/following-sibling::ul/li/span[3]/span[2])[" + i + "]": null

2018-06-14 17:21:13 - [TEST_STEP][PASSED] - Statement - println(groupXpath): null

2018-06-14 17:21:13 - [TEST_STEP][PASSED] - Statement - childgroup = driver.findElement(org.openqa.selenium.By.xpath(groupXpath)).getText(): null

2018-06-14 17:21:13 - [TEST_STEP][PASSED] - Statement - println(childgroup): null

2018-06-14 17:21:13 - [TEST_STEP][PASSED] - Statement - subGroupList[i - 1] = childgroup: null

2018-06-14 17:21:13 - [TEST_STEP][PASSED] - Statement - groupXpath = "(//span[@title='" + groupName + "']/following-sibling::ul/li/span[3]/span[2])[" + i + "]": null

2018-06-14 17:21:13 - [TEST_STEP][PASSED] - Statement - println(groupXpath): null

2018-06-14 17:21:13 - [TEST_STEP][PASSED] - Statement - childgroup = driver.findElement(org.openqa.selenium.By.xpath(groupXpath)).getText(): null

2018-06-14 17:21:13 - [TEST_STEP][PASSED] - Statement - println(childgroup): null

2018-06-14 17:21:13 - [TEST_STEP][PASSED] - Statement - subGroupList[i - 1] = childgroup: null

2018-06-14 17:21:13 - [TEST_STEP][PASSED] - Statement - groupXpath = "(//span[@title='" + groupName + "']/following-sibling::ul/li/span[3]/span[2])[" + i + "]": null

2018-06-14 17:21:13 - [TEST_STEP][PASSED] - Statement - println(groupXpath): null

2018-06-14 17:21:13 - [TEST_STEP][PASSED] - Statement - childgroup = driver.findElement(org.openqa.selenium.By.xpath(groupXpath)).getText(): null

2018-06-14 17:21:13 - [TEST_STEP][PASSED] - Statement - println(childgroup): null

2018-06-14 17:21:13 - [TEST_STEP][PASSED] - Statement - subGroupList[i - 1] = childgroup: null

2018-06-14 17:21:13 - [TEST_STEP][PASSED] - Statement - groupXpath = "(//span[@title='" + groupName + "']/following-sibling::ul/li/span[3]/span[2])[" + i + "]": null

2018-06-14 17:21:13 - [TEST_STEP][PASSED] - Statement - println(groupXpath): null

2018-06-14 17:21:13 - [TEST_STEP][PASSED] - Statement - childgroup = driver.findElement(org.openqa.selenium.By.xpath(groupXpath)).getText(): null

2018-06-14 17:21:13 - [TEST_STEP][PASSED] - Statement - println(childgroup): null

2018-06-14 17:21:13 - [TEST_STEP][PASSED] - Statement - subGroupList[i - 1] = childgroup: null

2018-06-14 17:21:13 - [TEST_STEP][PASSED] - Statement - groupXpath = "(//span[@title='" + groupName + "']/following-sibling::ul/li/span[3]/span[2])[" + i + "]": null

2018-06-14 17:21:13 - [TEST_STEP][PASSED] - Statement - println(groupXpath): null

2018-06-14 17:21:13 - [TEST_STEP][PASSED] - Statement - childgroup = driver.findElement(org.openqa.selenium.By.xpath(groupXpath)).getText(): null

2018-06-14 17:21:13 - [TEST_STEP][PASSED] - Statement - println(childgroup): null

2018-06-14 17:21:13 - [TEST_STEP][PASSED] - Statement - subGroupList[i - 1] = childgroup: null

2018-06-14 17:21:13 - [TEST_STEP][PASSED] - Statement - groupXpath = "(//span[@title='" + groupName + "']/following-sibling::ul/li/span[3]/span[2])[" + i + "]": null

2018-06-14 17:21:13 - [TEST_STEP][PASSED] - Statement - println(groupXpath): null

2018-06-14 17:21:13 - [TEST_STEP][PASSED] - Statement - childgroup = driver.findElement(org.openqa.selenium.By.xpath(groupXpath)).getText(): null

2018-06-14 17:21:13 - [TEST_STEP][PASSED] - Statement - println(childgroup): null

2018-06-14 17:21:13 - [TEST_STEP][PASSED] - Statement - subGroupList[i - 1] = childgroup: null

2018-06-14 17:21:13 - [TEST_STEP][PASSED] - Statement - groupXpath = "(//span[@title='" + groupName + "']/following-sibling::ul/li/span[3]/span[2])[" + i + "]": null

2018-06-14 17:21:13 - [TEST_STEP][PASSED] - Statement - println(groupXpath): null

2018-06-14 17:21:13 - [TEST_STEP][PASSED] - Statement - childgroup = driver.findElement(org.openqa.selenium.By.xpath(groupXpath)).getText(): null

2018-06-14 17:21:13 - [TEST_STEP][PASSED] - Statement - println(childgroup): null

2018-06-14 17:21:13 - [TEST_STEP][PASSED] - Statement - subGroupList[i - 1] = childgroup: null

2018-06-14 17:21:13 - [TEST_STEP][PASSED] - Statement - groupXpath = "(//span[@title='" + groupName + "']/following-sibling::ul/li/span[3]/span[2])[" + i + "]": null

2018-06-14 17:21:13 - [TEST_STEP][PASSED] - Statement - println(groupXpath): null

2018-06-14 17:21:13 - [TEST_STEP][PASSED] - Statement - childgroup = driver.findElement(org.openqa.selenium.By.xpath(groupXpath)).getText(): null

2018-06-14 17:21:13 - [TEST_STEP][PASSED] - Statement - println(childgroup): null

2018-06-14 17:21:13 - [TEST_STEP][PASSED] - Statement - subGroupList[i - 1] = childgroup: null

2018-06-14 17:21:13 - [TEST_STEP][PASSED] - Statement - groupXpath = "(//span[@title='" + groupName + "']/following-sibling::ul/li/span[3]/span[2])[" + i + "]": null

2018-06-14 17:21:13 - [TEST_STEP][PASSED] - Statement - println(groupXpath): null

2018-06-14 17:21:13 - [TEST_STEP][PASSED] - Statement - childgroup = driver.findElement(org.openqa.selenium.By.xpath(groupXpath)).getText(): null

2018-06-14 17:21:13 - [TEST_STEP][PASSED] - Statement - println(childgroup): null

2018-06-14 17:21:13 - [TEST_STEP][PASSED] - Statement - subGroupList[i - 1] = childgroup: null

2018-06-14 17:21:13 - [TEST_STEP][PASSED] - Statement - groupXpath = "(//span[@title='" + groupName + "']/following-sibling::ul/li/span[3]/span[2])[" + i + "]": null

2018-06-14 17:21:13 - [TEST_STEP][PASSED] - Statement - println(groupXpath): null

2018-06-14 17:21:13 - [TEST_STEP][PASSED] - Statement - childgroup = driver.findElement(org.openqa.selenium.By.xpath(groupXpath)).getText(): null

2018-06-14 17:21:13 - [TEST_STEP][PASSED] - Statement - println(childgroup): null

2018-06-14 17:21:13 - [TEST_STEP][PASSED] - Statement - subGroupList[i - 1] = childgroup: null

2018-06-14 17:21:13 - [TEST_STEP][PASSED] - Statement - groupXpath = "(//span[@title='" + groupName + "']/following-sibling::ul/li/span[3]/span[2])[" + i + "]": null

2018-06-14 17:21:13 - [TEST_STEP][PASSED] - Statement - println(groupXpath): null

2018-06-14 17:21:13 - [TEST_STEP][PASSED] - Statement - childgroup = driver.findElement(org.openqa.selenium.By.xpath(groupXpath)).getText(): null

2018-06-14 17:21:13 - [TEST_STEP][PASSED] - Statement - println(childgroup): null

2018-06-14 17:21:13 - [TEST_STEP][PASSED] - Statement - subGroupList[i - 1] = childgroup: null

2018-06-14 17:21:13 - [TEST_STEP][PASSED] - Statement - groupXpath = "(//span[@title='" + groupName + "']/following-sibling::ul/li/span[3]/span[2])[" + i + "]": null

2018-06-14 17:21:13 - [TEST_STEP][PASSED] - Statement - println(groupXpath): null

2018-06-14 17:21:13 - [TEST_STEP][PASSED] - Statement - childgroup = driver.findElement(org.openqa.selenium.By.xpath(groupXpath)).getText(): null

2018-06-14 17:21:13 - [TEST_STEP][PASSED] - Statement - println(childgroup): null

2018-06-14 17:21:13 - [TEST_STEP][PASSED] - Statement - subGroupList[i - 1] = childgroup: null

2018-06-14 17:21:13 - [TEST_STEP][PASSED] - Statement - groupXpath = "(//span[@title='" + groupName + "']/following-sibling::ul/li/span[3]/span[2])[" + i + "]": null

2018-06-14 17:21:13 - [TEST_STEP][PASSED] - Statement - println(groupXpath): null

2018-06-14 17:21:13 - [TEST_STEP][PASSED] - Statement - childgroup = driver.findElement(org.openqa.selenium.By.xpath(groupXpath)).getText(): null

2018-06-14 17:21:13 - [TEST_STEP][PASSED] - Statement - println(childgroup): null

2018-06-14 17:21:13 - [TEST_STEP][PASSED] - Statement - subGroupList[i - 1] = childgroup: null

2018-06-14 17:21:13 - [TEST_STEP][PASSED] - Statement - groupXpath = "(//span[@title='" + groupName + "']/following-sibling::ul/li/span[3]/span[2])[" + i + "]": null

2018-06-14 17:21:13 - [TEST_STEP][PASSED] - Statement - println(groupXpath): null

2018-06-14 17:21:13 - [TEST_STEP][PASSED] - Statement - childgroup = driver.findElement(org.openqa.selenium.By.xpath(groupXpath)).getText(): null

2018-06-14 17:21:13 - [TEST_STEP][PASSED] - Statement - println(childgroup): null

2018-06-14 17:21:13 - [TEST_STEP][PASSED] - Statement - subGroupList[i - 1] = childgroup: null

2018-06-14 17:21:13 - [TEST_STEP][PASSED] - Statement - groupXpath = "(//span[@title='" + groupName + "']/following-sibling::ul/li/span[3]/span[2])[" + i + "]": null

2018-06-14 17:21:13 - [TEST_STEP][PASSED] - Statement - println(groupXpath): null

2018-06-14 17:21:13 - [TEST_STEP][PASSED] - Statement - childgroup = driver.findElement(org.openqa.selenium.By.xpath(groupXpath)).getText(): null

2018-06-14 17:21:13 - [TEST_STEP][PASSED] - Statement - println(childgroup): null

2018-06-14 17:21:13 - [TEST_STEP][PASSED] - Statement - subGroupList[i - 1] = childgroup: null

2018-06-14 17:21:13 - [TEST_STEP][PASSED] - Statement - groupXpath = "(//span[@title='" + groupName + "']/following-sibling::ul/li/span[3]/span[2])[" + i + "]": null

2018-06-14 17:21:13 - [TEST_STEP][PASSED] - Statement - println(groupXpath): null

2018-06-14 17:21:13 - [TEST_STEP][PASSED] - Statement - childgroup = driver.findElement(org.openqa.selenium.By.xpath(groupXpath)).getText(): null

2018-06-14 17:21:13 - [TEST_STEP][PASSED] - Statement - println(childgroup): null

2018-06-14 17:21:13 - [TEST_STEP][PASSED] - Statement - subGroupList[i - 1] = childgroup: null

2018-06-14 17:21:13 - [TEST_STEP][PASSED] - Statement - groupXpath = "(//span[@title='" + groupName + "']/following-sibling::ul/li/span[3]/span[2])[" + i + "]": null

2018-06-14 17:21:13 - [TEST_STEP][PASSED] - Statement - println(groupXpath): null

2018-06-14 17:21:13 - [TEST_STEP][PASSED] - Statement - childgroup = driver.findElement(org.openqa.selenium.By.xpath(groupXpath)).getText(): null

2018-06-14 17:21:13 - [TEST_STEP][PASSED] - Statement - println(childgroup): null

2018-06-14 17:21:13 - [TEST_STEP][PASSED] - Statement - subGroupList[i - 1] = childgroup: null

2018-06-14 17:21:13 - [TEST_STEP][PASSED] - Statement - groupXpath = "(//span[@title='" + groupName + "']/following-sibling::ul/li/span[3]/span[2])[" + i + "]": null

2018-06-14 17:21:13 - [TEST_STEP][PASSED] - Statement - println(groupXpath): null

2018-06-14 17:21:13 - [TEST_STEP][PASSED] - Statement - childgroup = driver.findElement(org.openqa.selenium.By.xpath(groupXpath)).getText(): null

2018-06-14 17:21:13 - [TEST_STEP][PASSED] - Statement - println(childgroup): null

2018-06-14 17:21:13 - [TEST_STEP][PASSED] - Statement - subGroupList[i - 1] = childgroup: null

2018-06-14 17:21:13 - [TEST_STEP][PASSED] - Statement - groupXpath = "(//span[@title='" + groupName + "']/following-sibling::ul/li/span[3]/span[2])[" + i + "]": null

2018-06-14 17:21:13 - [TEST_STEP][PASSED] - Statement - println(groupXpath): null

2018-06-14 17:21:13 - [TEST_STEP][PASSED] - Statement - childgroup = driver.findElement(org.openqa.selenium.By.xpath(groupXpath)).getText(): null

2018-06-14 17:21:13 - [TEST_STEP][PASSED] - Statement - println(childgroup): null

2018-06-14 17:21:13 - [TEST_STEP][PASSED] - Statement - subGroupList[i - 1] = childgroup: null

2018-06-14 17:21:13 - [TEST_STEP][PASSED] - Statement - groupXpath = "(//span[@title='" + groupName + "']/following-sibling::ul/li/span[3]/span[2])[" + i + "]": null

2018-06-14 17:21:13 - [TEST_STEP][PASSED] - Statement - println(groupXpath): null

2018-06-14 17:21:13 - [TEST_STEP][PASSED] - Statement - childgroup = driver.findElement(org.openqa.selenium.By.xpath(groupXpath)).getText(): null

2018-06-14 17:21:13 - [TEST_STEP][PASSED] - Statement - println(childgroup): null

2018-06-14 17:21:13 - [TEST_STEP][PASSED] - Statement - subGroupList[i - 1] = childgroup: null

2018-06-14 17:21:13 - [TEST_STEP][PASSED] - Statement - groupXpath = "(//span[@title='" + groupName + "']/following-sibling::ul/li/span[3]/span[2])[" + i + "]": null

2018-06-14 17:21:13 - [TEST_STEP][PASSED] - Statement - println(groupXpath): null

2018-06-14 17:21:13 - [TEST_STEP][PASSED] - Statement - childgroup = driver.findElement(org.openqa.selenium.By.xpath(groupXpath)).getText(): null

2018-06-14 17:21:14 - [TEST_STEP][PASSED] - Statement - println(childgroup): null

2018-06-14 17:21:14 - [TEST_STEP][PASSED] - Statement - subGroupList[i - 1] = childgroup: null

2018-06-14 17:21:14 - [TEST_STEP][PASSED] - Statement - groupXpath = "(//span[@title='" + groupName + "']/following-sibling::ul/li/span[3]/span[2])[" + i + "]": null

2018-06-14 17:21:14 - [TEST_STEP][PASSED] - Statement - println(groupXpath): null

2018-06-14 17:21:14 - [TEST_STEP][PASSED] - Statement - childgroup = driver.findElement(org.openqa.selenium.By.xpath(groupXpath)).getText(): null

2018-06-14 17:21:14 - [TEST_STEP][PASSED] - Statement - println(childgroup): null

2018-06-14 17:21:14 - [TEST_STEP][PASSED] - Statement - subGroupList[i - 1] = childgroup: null

2018-06-14 17:21:14 - [TEST_STEP][PASSED] - Statement - groupXpath = "(//span[@title='" + groupName + "']/following-sibling::ul/li/span[3]/span[2])[" + i + "]": null

2018-06-14 17:21:14 - [TEST_STEP][PASSED] - Statement - println(groupXpath): null

2018-06-14 17:21:14 - [TEST_STEP][PASSED] - Statement - childgroup = driver.findElement(org.openqa.selenium.By.xpath(groupXpath)).getText(): null

2018-06-14 17:21:14 - [TEST_STEP][PASSED] - Statement - println(childgroup): null

2018-06-14 17:21:14 - [TEST_STEP][PASSED] - Statement - subGroupList[i - 1] = childgroup: null

2018-06-14 17:21:14 - [TEST_STEP][PASSED] - Statement - groupXpath = "(//span[@title='" + groupName + "']/following-sibling::ul/li/span[3]/span[2])[" + i + "]": null

2018-06-14 17:21:14 - [TEST_STEP][PASSED] - Statement - println(groupXpath): null

2018-06-14 17:21:14 - [TEST_STEP][PASSED] - Statement - childgroup = driver.findElement(org.openqa.selenium.By.xpath(groupXpath)).getText(): null

2018-06-14 17:21:14 - [TEST_STEP][PASSED] - Statement - println(childgroup): null

2018-06-14 17:21:14 - [TEST_STEP][PASSED] - Statement - subGroupList[i - 1] = childgroup: null

2018-06-14 17:21:14 - [TEST_STEP][PASSED] - Statement - groupXpath = "(//span[@title='" + groupName + "']/following-sibling::ul/li/span[3]/span[2])[" + i + "]": null

2018-06-14 17:21:14 - [TEST_STEP][PASSED] - Statement - println(groupXpath): null

2018-06-14 17:21:14 - [TEST_STEP][PASSED] - Statement - childgroup = driver.findElement(org.openqa.selenium.By.xpath(groupXpath)).getText(): null

2018-06-14 17:21:14 - [TEST_STEP][PASSED] - Statement - println(childgroup): null

2018-06-14 17:21:14 - [TEST_STEP][PASSED] - Statement - subGroupList[i - 1] = childgroup: null

2018-06-14 17:21:14 - [TEST_STEP][PASSED] - Statement - groupXpath = "(//span[@title='" + groupName + "']/following-sibling::ul/li/span[3]/span[2])[" + i + "]": null

2018-06-14 17:21:14 - [TEST_STEP][PASSED] - Statement - println(groupXpath): null

2018-06-14 17:21:14 - [TEST_STEP][PASSED] - Statement - childgroup = driver.findElement(org.openqa.selenium.By.xpath(groupXpath)).getText(): null

2018-06-14 17:21:14 - [TEST_STEP][PASSED] - Statement - println(childgroup): null

2018-06-14 17:21:14 - [TEST_STEP][PASSED] - Statement - subGroupList[i - 1] = childgroup: null

2018-06-14 17:21:14 - [TEST_STEP][PASSED] - Statement - groupXpath = "(//span[@title='" + groupName + "']/following-sibling::ul/li/span[3]/span[2])[" + i + "]": null

2018-06-14 17:21:14 - [TEST_STEP][PASSED] - Statement - println(groupXpath): null

2018-06-14 17:21:14 - [TEST_STEP][PASSED] - Statement - childgroup = driver.findElement(org.openqa.selenium.By.xpath(groupXpath)).getText(): null

2018-06-14 17:21:14 - [TEST_STEP][PASSED] - Statement - println(childgroup): null

2018-06-14 17:21:14 - [TEST_STEP][PASSED] - Statement - subGroupList[i - 1] = childgroup: null

2018-06-14 17:21:14 - [TEST_STEP][PASSED] - Statement - groupXpath = "(//span[@title='" + groupName + "']/following-sibling::ul/li/span[3]/span[2])[" + i + "]": null

2018-06-14 17:21:14 - [TEST_STEP][PASSED] - Statement - println(groupXpath): null

2018-06-14 17:21:14 - [TEST_STEP][PASSED] - Statement - childgroup = driver.findElement(org.openqa.selenium.By.xpath(groupXpath)).getText(): null

2018-06-14 17:21:14 - [TEST_STEP][PASSED] - Statement - println(childgroup): null

2018-06-14 17:21:14 - [TEST_STEP][PASSED] - Statement - subGroupList[i - 1] = childgroup: null

2018-06-14 17:21:14 - [TEST_STEP][PASSED] - Statement - groupXpath = "(//span[@title='" + groupName + "']/following-sibling::ul/li/span[3]/span[2])[" + i + "]": null

2018-06-14 17:21:14 - [TEST_STEP][PASSED] - Statement - println(groupXpath): null

2018-06-14 17:21:14 - [TEST_STEP][PASSED] - Statement - childgroup = driver.findElement(org.openqa.selenium.By.xpath(groupXpath)).getText(): null

2018-06-14 17:21:14 - [TEST_STEP][PASSED] - Statement - println(childgroup): null

2018-06-14 17:21:14 - [TEST_STEP][PASSED] - Statement - subGroupList[i - 1] = childgroup: null

2018-06-14 17:21:14 - [TEST_STEP][PASSED] - Statement - groupXpath = "(//span[@title='" + groupName + "']/following-sibling::ul/li/span[3]/span[2])[" + i + "]": null

2018-06-14 17:21:14 - [TEST_STEP][PASSED] - Statement - println(groupXpath): null

2018-06-14 17:21:14 - [TEST_STEP][PASSED] - Statement - childgroup = driver.findElement(org.openqa.selenium.By.xpath(groupXpath)).getText(): null

2018-06-14 17:21:14 - [TEST_STEP][PASSED] - Statement - println(childgroup): null

2018-06-14 17:21:14 - [TEST_STEP][PASSED] - Statement - subGroupList[i - 1] = childgroup: null

2018-06-14 17:21:14 - [TEST_STEP][PASSED] - Statement - groupXpath = "(//span[@title='" + groupName + "']/following-sibling::ul/li/span[3]/span[2])[" + i + "]": null

2018-06-14 17:21:14 - [TEST_STEP][PASSED] - Statement - println(groupXpath): null

2018-06-14 17:21:14 - [TEST_STEP][PASSED] - Statement - childgroup = driver.findElement(org.openqa.selenium.By.xpath(groupXpath)).getText(): null

2018-06-14 17:21:14 - [TEST_STEP][PASSED] - Statement - println(childgroup): null

2018-06-14 17:21:14 - [TEST_STEP][PASSED] - Statement - subGroupList[i - 1] = childgroup: null

2018-06-14 17:21:14 - [TEST_STEP][PASSED] - Statement - groupXpath = "(//span[@title='" + groupName + "']/following-sibling::ul/li/span[3]/span[2])[" + i + "]": null

2018-06-14 17:21:14 - [TEST_STEP][PASSED] - Statement - println(groupXpath): null

2018-06-14 17:21:14 - [TEST_STEP][PASSED] - Statement - childgroup = driver.findElement(org.openqa.selenium.By.xpath(groupXpath)).getText(): null

2018-06-14 17:21:14 - [TEST_STEP][PASSED] - Statement - println(childgroup): null

2018-06-14 17:21:14 - [TEST_STEP][PASSED] - Statement - subGroupList[i - 1] = childgroup: null

2018-06-14 17:21:14 - [TEST_STEP][PASSED] - Statement - groupXpath = "(//span[@title='" + groupName + "']/following-sibling::ul/li/span[3]/span[2])[" + i + "]": null

2018-06-14 17:21:14 - [TEST_STEP][PASSED] - Statement - println(groupXpath): null

2018-06-14 17:21:14 - [TEST_STEP][PASSED] - Statement - childgroup = driver.findElement(org.openqa.selenium.By.xpath(groupXpath)).getText(): null

2018-06-14 17:21:14 - [TEST_STEP][PASSED] - Statement - println(childgroup): null

2018-06-14 17:21:14 - [TEST_STEP][PASSED] - Statement - subGroupList[i - 1] = childgroup: null

2018-06-14 17:21:14 - [TEST_STEP][PASSED] - Statement - groupXpath = "(//span[@title='" + groupName + "']/following-sibling::ul/li/span[3]/span[2])[" + i + "]": null

2018-06-14 17:21:14 - [TEST_STEP][PASSED] - Statement - println(groupXpath): null

2018-06-14 17:21:14 - [TEST_STEP][PASSED] - Statement - childgroup = driver.findElement(org.openqa.selenium.By.xpath(groupXpath)).getText(): null

2018-06-14 17:21:14 - [TEST_STEP][PASSED] - Statement - println(childgroup): null

2018-06-14 17:21:14 - [TEST_STEP][PASSED] - Statement - subGroupList[i - 1] = childgroup: null

2018-06-14 17:21:14 - [TEST_STEP][PASSED] - Statement - groupXpath = "(//span[@title='" + groupName + "']/following-sibling::ul/li/span[3]/span[2])[" + i + "]": null

2018-06-14 17:21:14 - [TEST_STEP][PASSED] - Statement - println(groupXpath): null

2018-06-14 17:21:14 - [TEST_STEP][PASSED] - Statement - childgroup = driver.findElement(org.openqa.selenium.By.xpath(groupXpath)).getText(): null

2018-06-14 17:21:14 - [TEST_STEP][PASSED] - Statement - println(childgroup): null

2018-06-14 17:21:14 - [TEST_STEP][PASSED] - Statement - subGroupList[i - 1] = childgroup: null

2018-06-14 17:21:14 - [TEST_STEP][PASSED] - Statement - groupXpath = "(//span[@title='" + groupName + "']/following-sibling::ul/li/span[3]/span[2])[" + i + "]": null

2018-06-14 17:21:14 - [TEST_STEP][PASSED] - Statement - println(groupXpath): null

2018-06-14 17:21:14 - [TEST_STEP][PASSED] - Statement - childgroup = driver.findElement(org.openqa.selenium.By.xpath(groupXpath)).getText(): null

2018-06-14 17:21:14 - [TEST_STEP][PASSED] - Statement - println(childgroup): null

2018-06-14 17:21:14 - [TEST_STEP][PASSED] - Statement - subGroupList[i - 1] = childgroup: null

2018-06-14 17:21:14 - [TEST_STEP][PASSED] - Statement - groupXpath = "(//span[@title='" + groupName + "']/following-sibling::ul/li/span[3]/span[2])[" + i + "]": null

2018-06-14 17:21:14 - [TEST_STEP][PASSED] - Statement - println(groupXpath): null

2018-06-14 17:21:14 - [TEST_STEP][PASSED] - Statement - childgroup = driver.findElement(org.openqa.selenium.By.xpath(groupXpath)).getText(): null

2018-06-14 17:21:14 - [TEST_STEP][PASSED] - Statement - println(childgroup): null

2018-06-14 17:21:14 - [TEST_STEP][PASSED] - Statement - subGroupList[i - 1] = childgroup: null

2018-06-14 17:21:14 - [TEST_STEP][PASSED] - Statement - groupXpath = "(//span[@title='" + groupName + "']/following-sibling::ul/li/span[3]/span[2])[" + i + "]": null

2018-06-14 17:21:14 - [TEST_STEP][PASSED] - Statement - println(groupXpath): null

2018-06-14 17:21:14 - [TEST_STEP][PASSED] - Statement - childgroup = driver.findElement(org.openqa.selenium.By.xpath(groupXpath)).getText(): null

2018-06-14 17:21:14 - [TEST_STEP][PASSED] - Statement - println(childgroup): null

2018-06-14 17:21:14 - [TEST_STEP][PASSED] - Statement - subGroupList[i - 1] = childgroup: null

2018-06-14 17:21:14 - [TEST_STEP][PASSED] - Statement - groupXpath = "(//span[@title='" + groupName + "']/following-sibling::ul/li/span[3]/span[2])[" + i + "]": null

2018-06-14 17:21:14 - [TEST_STEP][PASSED] - Statement - println(groupXpath): null

2018-06-14 17:21:14 - [TEST_STEP][PASSED] - Statement - childgroup = driver.findElement(org.openqa.selenium.By.xpath(groupXpath)).getText(): null

2018-06-14 17:21:14 - [TEST_STEP][PASSED] - Statement - println(childgroup): null

2018-06-14 17:21:14 - [TEST_STEP][PASSED] - Statement - subGroupList[i - 1] = childgroup: null

2018-06-14 17:21:14 - [TEST_STEP][PASSED] - Statement - groupXpath = "(//span[@title='" + groupName + "']/following-sibling::ul/li/span[3]/span[2])[" + i + "]": null

2018-06-14 17:21:14 - [TEST_STEP][PASSED] - Statement - println(groupXpath): null

2018-06-14 17:21:14 - [TEST_STEP][PASSED] - Statement - childgroup = driver.findElement(org.openqa.selenium.By.xpath(groupXpath)).getText(): null

2018-06-14 17:21:14 - [TEST_STEP][PASSED] - Statement - println(childgroup): null

2018-06-14 17:21:14 - [TEST_STEP][PASSED] - Statement - subGroupList[i - 1] = childgroup: null

2018-06-14 17:21:14 - [TEST_STEP][PASSED] - Statement - groupXpath = "(//span[@title='" + groupName + "']/following-sibling::ul/li/span[3]/span[2])[" + i + "]": null

2018-06-14 17:21:14 - [TEST_STEP][PASSED] - Statement - println(groupXpath): null

2018-06-14 17:21:14 - [TEST_STEP][PASSED] - Statement - childgroup = driver.findElement(org.openqa.selenium.By.xpath(groupXpath)).getText(): null

2018-06-14 17:21:14 - [TEST_STEP][PASSED] - Statement - println(childgroup): null

2018-06-14 17:21:14 - [TEST_STEP][PASSED] - Statement - subGroupList[i - 1] = childgroup: null

2018-06-14 17:21:14 - [TEST_STEP][PASSED] - Statement - groupXpath = "(//span[@title='" + groupName + "']/following-sibling::ul/li/span[3]/span[2])[" + i + "]": null

2018-06-14 17:21:14 - [TEST_STEP][PASSED] - Statement - println(groupXpath): null

2018-06-14 17:21:14 - [TEST_STEP][PASSED] - Statement - childgroup = driver.findElement(org.openqa.selenium.By.xpath(groupXpath)).getText(): null

2018-06-14 17:21:14 - [TEST_STEP][PASSED] - Statement - println(childgroup): null

2018-06-14 17:21:14 - [TEST_STEP][PASSED] - Statement - subGroupList[i - 1] = childgroup: null

2018-06-14 17:21:14 - [TEST_STEP][PASSED] - Statement - groupXpath = "(//span[@title='" + groupName + "']/following-sibling::ul/li/span[3]/span[2])[" + i + "]": null

2018-06-14 17:21:14 - [TEST_STEP][PASSED] - Statement - println(groupXpath): null

2018-06-14 17:21:14 - [TEST_STEP][PASSED] - Statement - childgroup = driver.findElement(org.openqa.selenium.By.xpath(groupXpath)).getText(): null

2018-06-14 17:21:14 - [TEST_STEP][PASSED] - Statement - println(childgroup): null

2018-06-14 17:21:14 - [TEST_STEP][PASSED] - Statement - subGroupList[i - 1] = childgroup: null

2018-06-14 17:21:14 - [TEST_STEP][PASSED] - Statement - groupXpath = "(//span[@title='" + groupName + "']/following-sibling::ul/li/span[3]/span[2])[" + i + "]": null

2018-06-14 17:21:14 - [TEST_STEP][PASSED] - Statement - println(groupXpath): null

2018-06-14 17:21:14 - [TEST_STEP][PASSED] - Statement - childgroup = driver.findElement(org.openqa.selenium.By.xpath(groupXpath)).getText(): null

2018-06-14 17:21:14 - [TEST_STEP][PASSED] - Statement - println(childgroup): null

2018-06-14 17:21:14 - [TEST_STEP][PASSED] - Statement - subGroupList[i - 1] = childgroup: null

2018-06-14 17:21:14 - [TEST_STEP][PASSED] - Statement - println(subGroupList): null

2018-06-14 17:21:14 - [TEST_STEP][PASSED] - Statement - println(groupStoresList1): null

2018-06-14 17:21:14 - [TEST_STEP][PASSED] - Statement - If (subGroupList.containsAll(groupStoresList1)): null

2018-06-14 17:21:14 - [TEST_STEP][PASSED] - Statement - println("Parent group have all the associated stores and groups"): null

2018-06-14 17:21:14 - [TEST_STEP][PASSED] - uiaction.CommonUIActions.click: uiaction.CommonUIActions.click is PASSED

2018-06-14 17:21:14 - [MESSAGE][PASSED] - uiaction.CommonUIActions.click is PASSED

2018-06-14 17:21:14 - [TEST_STEP][PASSED] - uiaction.CommonUIActions.click: uiaction.CommonUIActions.click is PASSED

2018-06-14 17:21:29 - [MESSAGE][PASSED] - uiaction.CommonUIActions.click is PASSED

2018-06-14 17:21:29 - [TEST_STEP][PASSED] - Statement - storesList = driver.findElements(org.openqa.selenium.By.xpath(com.kms.katalon.core.testdata.TestDataFactory.findTestData(OR_file).getValue(2, 16))): Reading excel file with source file 'C:\Users\shalinin\Katalon Studio\HME_Scripts\Data Files\HME_OR.xlsx' and sheet name 'Sheet1'

2018-06-14 17:21:29 - [TEST_STEP][PASSED] - Statement - For ([i = 1, i <= storesList.size(), (i++)]): null

2018-06-14 17:21:29 - [TEST_STEP][PASSED] - Statement - reportgroup = "(//div[@class='ctable']/table/tbody/tr[@class='tdata clear'])[" + i + "]/td[7]": null

2018-06-14 17:21:29 - [TEST_STEP][PASSED] - Statement - reportgroupTxt = driver.findElement(org.openqa.selenium.By.xpath(reportgroup)).getText(): null

2018-06-14 17:21:29 - [TEST_STEP][PASSED] - Statement - If (reportgroupTxt == "AutomationGroup"): null

2018-06-14 17:21:29 - [TEST_STEP][PASSED] - Statement - println("Report group has right group name"): null

2018-06-14 17:21:29 - [TEST_STEP][PASSED] - Statement - reportgroup = "(//div[@class='ctable']/table/tbody/tr[@class='tdata clear'])[" + i + "]/td[7]": null

2018-06-14 17:21:29 - [TEST_STEP][PASSED] - Statement - reportgroupTxt = driver.findElement(org.openqa.selenium.By.xpath(reportgroup)).getText(): null

2018-06-14 17:21:29 - [TEST_STEP][PASSED] - Statement - If (reportgroupTxt == "AutomationGroup"): null

2018-06-14 17:21:29 - [TEST_STEP][PASSED] - Statement - println("Report group has right group name"): null

2018-06-14 17:21:29 - [TEST_STEP][PASSED] - Statement - reportgroup = "(//div[@class='ctable']/table/tbody/tr[@class='tdata clear'])[" + i + "]/td[7]": null

2018-06-14 17:21:29 - [TEST_STEP][PASSED] - Statement - reportgroupTxt = driver.findElement(org.openqa.selenium.By.xpath(reportgroup)).getText(): null

2018-06-14 17:21:29 - [TEST_STEP][PASSED] - Statement - If (reportgroupTxt == "AutomationGroup"): null

2018-06-14 17:21:29 - [TEST_STEP][PASSED] - Statement - println("Report group has right group name"): null

2018-06-14 17:21:29 - [TEST_STEP][PASSED] - Statement - reportgroup = "(//div[@class='ctable']/table/tbody/tr[@class='tdata clear'])[" + i + "]/td[7]": null

2018-06-14 17:21:29 - [TEST_STEP][PASSED] - Statement - reportgroupTxt = driver.findElement(org.openqa.selenium.By.xpath(reportgroup)).getText(): null

2018-06-14 17:21:29 - [TEST_STEP][PASSED] - Statement - If (reportgroupTxt == "AutomationGroup"): null

2018-06-14 17:21:29 - [TEST_STEP][PASSED] - Statement - println("Report group has right group name"): null

2018-06-14 17:21:29 - [TEST_STEP][PASSED] - Statement - reportgroup = "(//div[@class='ctable']/table/tbody/tr[@class='tdata clear'])[" + i + "]/td[7]": null

2018-06-14 17:21:29 - [TEST_STEP][PASSED] - Statement - reportgroupTxt = driver.findElement(org.openqa.selenium.By.xpath(reportgroup)).getText(): null

2018-06-14 17:21:29 - [TEST_STEP][PASSED] - Statement - If (reportgroupTxt == "AutomationGroup"): null

2018-06-14 17:21:29 - [TEST_STEP][PASSED] - Statement - println("Report group has right group name"): null

2018-06-14 17:21:29 - [TEST_STEP][PASSED] - Statement - reportgroup = "(//div[@class='ctable']/table/tbody/tr[@class='tdata clear'])[" + i + "]/td[7]": null

2018-06-14 17:21:29 - [TEST_STEP][PASSED] - Statement - reportgroupTxt = driver.findElement(org.openqa.selenium.By.xpath(reportgroup)).getText(): null

2018-06-14 17:21:29 - [TEST_STEP][PASSED] - Statement - If (reportgroupTxt == "AutomationGroup"): null

2018-06-14 17:21:29 - [TEST_STEP][PASSED] - Statement - Else: null

2018-06-14 17:21:29 - [TEST_STEP][PASSED] - Statement - If (!(TCflag)): null

2018-06-14 17:21:29 - [TEST_STEP][PASSED] - Statement - reportgroup = "(//div[@class='ctable']/table/tbody/tr[@class='tdata clear'])[" + i + "]/td[7]": null

2018-06-14 17:21:29 - [TEST_STEP][PASSED] - Statement - reportgroupTxt = driver.findElement(org.openqa.selenium.By.xpath(reportgroup)).getText(): null

2018-06-14 17:21:29 - [TEST_STEP][PASSED] - Statement - If (reportgroupTxt == "AutomationGroup"): null

2018-06-14 17:21:29 - [TEST_STEP][PASSED] - Statement - Else: null

2018-06-14 17:21:29 - [TEST_STEP][PASSED] - Statement - If (!(TCflag)): null

2018-06-14 17:21:29 - [TEST_STEP][PASSED] - Statement - reportgroup = "(//div[@class='ctable']/table/tbody/tr[@class='tdata clear'])[" + i + "]/td[7]": null

2018-06-14 17:21:29 - [TEST_STEP][PASSED] - Statement - reportgroupTxt = driver.findElement(org.openqa.selenium.By.xpath(reportgroup)).getText(): null

2018-06-14 17:21:29 - [TEST_STEP][PASSED] - Statement - If (reportgroupTxt == "AutomationGroup"): null

2018-06-14 17:21:29 - [TEST_STEP][PASSED] - Statement - Else: null

2018-06-14 17:21:29 - [TEST_STEP][PASSED] - Statement - If (!(TCflag)): null

2018-06-14 17:21:29 - [TEST_STEP][PASSED] - Statement - reportgroup = "(//div[@class='ctable']/table/tbody/tr[@class='tdata clear'])[" + i + "]/td[7]": null

2018-06-14 17:21:29 - [TEST_STEP][PASSED] - Statement - reportgroupTxt = driver.findElement(org.openqa.selenium.By.xpath(reportgroup)).getText(): null

2018-06-14 17:21:29 - [TEST_STEP][PASSED] - Statement - If (reportgroupTxt == "AutomationGroup"): null

2018-06-14 17:21:29 - [TEST_STEP][PASSED] - Statement - println("Report group has right group name"): null

2018-06-14 17:21:29 - [TEST_STEP][PASSED] - Statement - reportgroup = "(//div[@class='ctable']/table/tbody/tr[@class='tdata clear'])[" + i + "]/td[7]": null

2018-06-14 17:21:29 - [TEST_STEP][PASSED] - Statement - reportgroupTxt = driver.findElement(org.openqa.selenium.By.xpath(reportgroup)).getText(): null

2018-06-14 17:21:29 - [TEST_STEP][PASSED] - Statement - If (reportgroupTxt == "AutomationGroup"): null

2018-06-14 17:21:29 - [TEST_STEP][PASSED] - Statement - println("Report group has right group name"): null

2018-06-14 17:21:29 - [TEST_STEP][PASSED] - Statement - reportgroup = "(//div[@class='ctable']/table/tbody/tr[@class='tdata clear'])[" + i + "]/td[7]": null

2018-06-14 17:21:29 - [TEST_STEP][PASSED] - Statement - reportgroupTxt = driver.findElement(org.openqa.selenium.By.xpath(reportgroup)).getText(): null

2018-06-14 17:21:29 - [TEST_STEP][PASSED] - Statement - If (reportgroupTxt == "AutomationGroup"): null

2018-06-14 17:21:29 - [TEST_STEP][PASSED] - Statement - println("Report group has right group name"): null

2018-06-14 17:21:29 - [TEST_STEP][PASSED] - Statement - reportgroup = "(//div[@class='ctable']/table/tbody/tr[@class='tdata clear'])[" + i + "]/td[7]": null

2018-06-14 17:21:29 - [TEST_STEP][PASSED] - Statement - reportgroupTxt = driver.findElement(org.openqa.selenium.By.xpath(reportgroup)).getText(): null

2018-06-14 17:21:29 - [TEST_STEP][PASSED] - Statement - If (reportgroupTxt == "AutomationGroup"): null

2018-06-14 17:21:29 - [TEST_STEP][PASSED] - Statement - println("Report group has right group name"): null

2018-06-14 17:21:29 - [TEST_STEP][PASSED] - Statement - reportgroup = "(//div[@class='ctable']/table/tbody/tr[@class='tdata clear'])[" + i + "]/td[7]": null

2018-06-14 17:21:29 - [TEST_STEP][PASSED] - Statement - reportgroupTxt = driver.findElement(org.openqa.selenium.By.xpath(reportgroup)).getText(): null

2018-06-14 17:21:29 - [TEST_STEP][PASSED] - Statement - If (reportgroupTxt == "AutomationGroup"): null

2018-06-14 17:21:29 - [TEST_STEP][PASSED] - Statement - println("Report group has right group name"): null

2018-06-14 17:21:29 - [TEST_STEP][PASSED] - Statement - reportgroup = "(//div[@class='ctable']/table/tbody/tr[@class='tdata clear'])[" + i + "]/td[7]": null

2018-06-14 17:21:29 - [TEST_STEP][PASSED] - Statement - reportgroupTxt = driver.findElement(org.openqa.selenium.By.xpath(reportgroup)).getText(): null

2018-06-14 17:21:29 - [TEST_STEP][PASSED] - Statement - If (reportgroupTxt == "AutomationGroup"): null

2018-06-14 17:21:29 - [TEST_STEP][PASSED] - Statement - Else: null

2018-06-14 17:21:29 - [TEST_STEP][PASSED] - Statement - If (!(TCflag)): null

2018-06-14 17:21:29 - [TEST_STEP][PASSED] - Statement - reportgroup = "(//div[@class='ctable']/table/tbody/tr[@class='tdata clear'])[" + i + "]/td[7]": null

2018-06-14 17:21:29 - [TEST_STEP][PASSED] - Statement - reportgroupTxt = driver.findElement(org.openqa.selenium.By.xpath(reportgroup)).getText(): null

2018-06-14 17:21:29 - [TEST_STEP][PASSED] - Statement - If (reportgroupTxt == "AutomationGroup"): null

2018-06-14 17:21:29 - [TEST_STEP][PASSED] - Statement - println("Report group has right group name"): null

2018-06-14 17:21:29 - [TEST_STEP][PASSED] - Statement - reportgroup = "(//div[@class='ctable']/table/tbody/tr[@class='tdata clear'])[" + i + "]/td[7]": null

2018-06-14 17:21:29 - [TEST_STEP][PASSED] - Statement - reportgroupTxt = driver.findElement(org.openqa.selenium.By.xpath(reportgroup)).getText(): null

2018-06-14 17:21:29 - [TEST_STEP][PASSED] - Statement - If (reportgroupTxt == "AutomationGroup"): null

2018-06-14 17:21:29 - [TEST_STEP][PASSED] - Statement - Else: null

2018-06-14 17:21:29 - [TEST_STEP][PASSED] - Statement - If (!(TCflag)): null

2018-06-14 17:21:29 - [TEST_STEP][PASSED] - Statement - reportgroup = "(//div[@class='ctable']/table/tbody/tr[@class='tdata clear'])[" + i + "]/td[7]": null

2018-06-14 17:21:29 - [TEST_STEP][PASSED] - Statement - reportgroupTxt = driver.findElement(org.openqa.selenium.By.xpath(reportgroup)).getText(): null

2018-06-14 17:21:29 - [TEST_STEP][PASSED] - Statement - If (reportgroupTxt == "AutomationGroup"): null

2018-06-14 17:21:29 - [TEST_STEP][PASSED] - Statement - println("Report group has right group name"): null

2018-06-14 17:21:29 - [TEST_STEP][PASSED] - Statement - reportgroup = "(//div[@class='ctable']/table/tbody/tr[@class='tdata clear'])[" + i + "]/td[7]": null

2018-06-14 17:21:29 - [TEST_STEP][PASSED] - Statement - reportgroupTxt = driver.findElement(org.openqa.selenium.By.xpath(reportgroup)).getText(): null

2018-06-14 17:21:29 - [TEST_STEP][PASSED] - Statement - If (reportgroupTxt == "AutomationGroup"): null

2018-06-14 17:21:29 - [TEST_STEP][PASSED] - Statement - println("Report group has right group name"): null

2018-06-14 17:21:29 - [TEST_STEP][PASSED] - Statement - reportgroup = "(//div[@class='ctable']/table/tbody/tr[@class='tdata clear'])[" + i + "]/td[7]": null

2018-06-14 17:21:29 - [TEST_STEP][PASSED] - Statement - reportgroupTxt = driver.findElement(org.openqa.selenium.By.xpath(reportgroup)).getText(): null

2018-06-14 17:21:29 - [TEST_STEP][PASSED] - Statement - If (reportgroupTxt == "AutomationGroup"): null

2018-06-14 17:21:29 - [TEST_STEP][PASSED] - Statement - println("Report group has right group name"): null

2018-06-14 17:21:29 - [TEST_STEP][PASSED] - Statement - reportgroup = "(//div[@class='ctable']/table/tbody/tr[@class='tdata clear'])[" + i + "]/td[7]": null

2018-06-14 17:21:29 - [TEST_STEP][PASSED] - Statement - reportgroupTxt = driver.findElement(org.openqa.selenium.By.xpath(reportgroup)).getText(): null

2018-06-14 17:21:29 - [TEST_STEP][PASSED] - Statement - If (reportgroupTxt == "AutomationGroup"): null

2018-06-14 17:21:29 - [TEST_STEP][PASSED] - Statement - println("Report group has right group name"): null

2018-06-14 17:21:29 - [TEST_STEP][PASSED] - Statement - reportgroup = "(//div[@class='ctable']/table/tbody/tr[@class='tdata clear'])[" + i + "]/td[7]": null

2018-06-14 17:21:29 - [TEST_STEP][PASSED] - Statement - reportgroupTxt = driver.findElement(org.openqa.selenium.By.xpath(reportgroup)).getText(): null

2018-06-14 17:21:29 - [TEST_STEP][PASSED] - Statement - If (reportgroupTxt == "AutomationGroup"): null

2018-06-14 17:21:29 - [TEST_STEP][PASSED] - Statement - println("Report group has right group name"): null

2018-06-14 17:21:29 - [TEST_STEP][PASSED] - Statement - reportgroup = "(//div[@class='ctable']/table/tbody/tr[@class='tdata clear'])[" + i + "]/td[7]": null

2018-06-14 17:21:29 - [TEST_STEP][PASSED] - Statement - reportgroupTxt = driver.findElement(org.openqa.selenium.By.xpath(reportgroup)).getText(): null

2018-06-14 17:21:29 - [TEST_STEP][PASSED] - Statement - If (reportgroupTxt == "AutomationGroup"): null

2018-06-14 17:21:29 - [TEST_STEP][PASSED] - Statement - println("Report group has right group name"): null

2018-06-14 17:21:29 - [TEST_STEP][PASSED] - Statement - reportgroup = "(//div[@class='ctable']/table/tbody/tr[@class='tdata clear'])[" + i + "]/td[7]": null

2018-06-14 17:21:29 - [TEST_STEP][PASSED] - Statement - reportgroupTxt = driver.findElement(org.openqa.selenium.By.xpath(reportgroup)).getText(): null

2018-06-14 17:21:29 - [TEST_STEP][PASSED] - Statement - If (reportgroupTxt == "AutomationGroup"): null

2018-06-14 17:21:29 - [TEST_STEP][PASSED] - Statement - println("Report group has right group name"): null

2018-06-14 17:21:29 - [TEST_STEP][PASSED] - Statement - reportgroup = "(//div[@class='ctable']/table/tbody/tr[@class='tdata clear'])[" + i + "]/td[7]": null

2018-06-14 17:21:29 - [TEST_STEP][PASSED] - Statement - reportgroupTxt = driver.findElement(org.openqa.selenium.By.xpath(reportgroup)).getText(): null

2018-06-14 17:21:29 - [TEST_STEP][PASSED] - Statement - If (reportgroupTxt == "AutomationGroup"): null

2018-06-14 17:21:29 - [TEST_STEP][PASSED] - Statement - Else: null

2018-06-14 17:21:29 - [TEST_STEP][PASSED] - Statement - If (!(TCflag)): null

2018-06-14 17:21:29 - [TEST_STEP][PASSED] - Statement - reportgroup = "(//div[@class='ctable']/table/tbody/tr[@class='tdata clear'])[" + i + "]/td[7]": null

2018-06-14 17:21:29 - [TEST_STEP][PASSED] - Statement - reportgroupTxt = driver.findElement(org.openqa.selenium.By.xpath(reportgroup)).getText(): null

2018-06-14 17:21:29 - [TEST_STEP][PASSED] - Statement - If (reportgroupTxt == "AutomationGroup"): null

2018-06-14 17:21:29 - [TEST_STEP][PASSED] - Statement - Else: null

2018-06-14 17:21:29 - [TEST_STEP][PASSED] - Statement - If (!(TCflag)): null

2018-06-14 17:21:29 - [TEST_STEP][PASSED] - Statement - reportgroup = "(//div[@class='ctable']/table/tbody/tr[@class='tdata clear'])[" + i + "]/td[7]": null

2018-06-14 17:21:29 - [TEST_STEP][PASSED] - Statement - reportgroupTxt = driver.findElement(org.openqa.selenium.By.xpath(reportgroup)).getText(): null

2018-06-14 17:21:29 - [TEST_STEP][PASSED] - Statement - If (reportgroupTxt == "AutomationGroup"): null

2018-06-14 17:21:29 - [TEST_STEP][PASSED] - Statement - println("Report group has right group name"): null

2018-06-14 17:21:29 - [TEST_STEP][PASSED] - Statement - reportgroup = "(//div[@class='ctable']/table/tbody/tr[@class='tdata clear'])[" + i + "]/td[7]": null

2018-06-14 17:21:29 - [TEST_STEP][PASSED] - Statement - reportgroupTxt = driver.findElement(org.openqa.selenium.By.xpath(reportgroup)).getText(): null

2018-06-14 17:21:29 - [TEST_STEP][PASSED] - Statement - If (reportgroupTxt == "AutomationGroup"): null

2018-06-14 17:21:29 - [TEST_STEP][PASSED] - Statement - println("Report group has right group name"): null

2018-06-14 17:21:29 - [TEST_STEP][PASSED] - Statement - reportgroup = "(//div[@class='ctable']/table/tbody/tr[@class='tdata clear'])[" + i + "]/td[7]": null

2018-06-14 17:21:29 - [TEST_STEP][PASSED] - Statement - reportgroupTxt = driver.findElement(org.openqa.selenium.By.xpath(reportgroup)).getText(): null

2018-06-14 17:21:29 - [TEST_STEP][PASSED] - Statement - If (reportgroupTxt == "AutomationGroup"): null

2018-06-14 17:21:29 - [TEST_STEP][PASSED] - Statement - println("Report group has right group name"): null

2018-06-14 17:21:29 - [TEST_STEP][PASSED] - Statement - reportgroup = "(//div[@class='ctable']/table/tbody/tr[@class='tdata clear'])[" + i + "]/td[7]": null

2018-06-14 17:21:29 - [TEST_STEP][PASSED] - Statement - reportgroupTxt = driver.findElement(org.openqa.selenium.By.xpath(reportgroup)).getText(): null

2018-06-14 17:21:30 - [TEST_STEP][PASSED] - Statement - If (reportgroupTxt == "AutomationGroup"): null

2018-06-14 17:21:30 - [TEST_STEP][PASSED] - Statement - Else: null

2018-06-14 17:21:30 - [TEST_STEP][PASSED] - Statement - If (!(TCflag)): null

2018-06-14 17:21:30 - [TEST_STEP][PASSED] - Statement - reportgroup = "(//div[@class='ctable']/table/tbody/tr[@class='tdata clear'])[" + i + "]/td[7]": null

2018-06-14 17:21:30 - [TEST_STEP][PASSED] - Statement - reportgroupTxt = driver.findElement(org.openqa.selenium.By.xpath(reportgroup)).getText(): null

2018-06-14 17:21:30 - [TEST_STEP][PASSED] - Statement - If (reportgroupTxt == "AutomationGroup"): null

2018-06-14 17:21:30 - [TEST_STEP][PASSED] - Statement - println("Report group has right group name"): null

2018-06-14 17:21:30 - [TEST_STEP][PASSED] - Statement - reportgroup = "(//div[@class='ctable']/table/tbody/tr[@class='tdata clear'])[" + i + "]/td[7]": null

2018-06-14 17:21:30 - [TEST_STEP][PASSED] - Statement - reportgroupTxt = driver.findElement(org.openqa.selenium.By.xpath(reportgroup)).getText(): null

2018-06-14 17:21:30 - [TEST_STEP][PASSED] - Statement - If (reportgroupTxt == "AutomationGroup"): null

2018-06-14 17:21:30 - [TEST_STEP][PASSED] - Statement - println("Report group has right group name"): null

2018-06-14 17:21:30 - [TEST_STEP][PASSED] - Statement - reportgroup = "(//div[@class='ctable']/table/tbody/tr[@class='tdata clear'])[" + i + "]/td[7]": null

2018-06-14 17:21:30 - [TEST_STEP][PASSED] - Statement - reportgroupTxt = driver.findElement(org.openqa.selenium.By.xpath(reportgroup)).getText(): null

2018-06-14 17:21:30 - [TEST_STEP][PASSED] - Statement - If (reportgroupTxt == "AutomationGroup"): null

2018-06-14 17:21:30 - [TEST_STEP][PASSED] - Statement - println("Report group has right group name"): null

2018-06-14 17:21:30 - [TEST_STEP][PASSED] - Statement - reportgroup = "(//div[@class='ctable']/table/tbody/tr[@class='tdata clear'])[" + i + "]/td[7]": null

2018-06-14 17:21:30 - [TEST_STEP][PASSED] - Statement - reportgroupTxt = driver.findElement(org.openqa.selenium.By.xpath(reportgroup)).getText(): null

2018-06-14 17:21:30 - [TEST_STEP][PASSED] - Statement - If (reportgroupTxt == "AutomationGroup"): null

2018-06-14 17:21:30 - [TEST_STEP][PASSED] - Statement - println("Report group has right group name"): null

2018-06-14 17:21:30 - [TEST_STEP][PASSED] - Statement - reportgroup = "(//div[@class='ctable']/table/tbody/tr[@class='tdata clear'])[" + i + "]/td[7]": null

2018-06-14 17:21:30 - [TEST_STEP][PASSED] - Statement - reportgroupTxt = driver.findElement(org.openqa.selenium.By.xpath(reportgroup)).getText(): null

2018-06-14 17:21:30 - [TEST_STEP][PASSED] - Statement - If (reportgroupTxt == "AutomationGroup"): null

2018-06-14 17:21:30 - [TEST_STEP][PASSED] - Statement - Else: null

2018-06-14 17:21:30 - [TEST_STEP][PASSED] - Statement - If (!(TCflag)): null

2018-06-14 17:21:30 - [TEST_STEP][PASSED] - Statement - reportgroup = "(//div[@class='ctable']/table/tbody/tr[@class='tdata clear'])[" + i + "]/td[7]": null

2018-06-14 17:21:30 - [TEST_STEP][PASSED] - Statement - reportgroupTxt = driver.findElement(org.openqa.selenium.By.xpath(reportgroup)).getText(): null

2018-06-14 17:21:30 - [TEST_STEP][PASSED] - Statement - If (reportgroupTxt == "AutomationGroup"): null

2018-06-14 17:21:30 - [TEST_STEP][PASSED] - Statement - println("Report group has right group name"): null

2018-06-14 17:21:30 - [TEST_STEP][PASSED] - Statement - reportgroup = "(//div[@class='ctable']/table/tbody/tr[@class='tdata clear'])[" + i + "]/td[7]": null

2018-06-14 17:21:30 - [TEST_STEP][PASSED] - Statement - reportgroupTxt = driver.findElement(org.openqa.selenium.By.xpath(reportgroup)).getText(): null

2018-06-14 17:21:30 - [TEST_STEP][PASSED] - Statement - If (reportgroupTxt == "AutomationGroup"): null

2018-06-14 17:21:30 - [TEST_STEP][PASSED] - Statement - println("Report group has right group name"): null

2018-06-14 17:21:30 - [TEST_STEP][PASSED] - Statement - reportgroup = "(//div[@class='ctable']/table/tbody/tr[@class='tdata clear'])[" + i + "]/td[7]": null

2018-06-14 17:21:30 - [TEST_STEP][PASSED] - Statement - reportgroupTxt = driver.findElement(org.openqa.selenium.By.xpath(reportgroup)).getText(): null

2018-06-14 17:21:30 - [TEST_STEP][PASSED] - Statement - If (reportgroupTxt == "AutomationGroup"): null

2018-06-14 17:21:30 - [TEST_STEP][PASSED] - Statement - println("Report group has right group name"): null

2018-06-14 17:21:30 - [TEST_STEP][PASSED] - Statement - reportgroup = "(//div[@class='ctable']/table/tbody/tr[@class='tdata clear'])[" + i + "]/td[7]": null

2018-06-14 17:21:30 - [TEST_STEP][PASSED] - Statement - reportgroupTxt = driver.findElement(org.openqa.selenium.By.xpath(reportgroup)).getText(): null

2018-06-14 17:21:30 - [TEST_STEP][PASSED] - Statement - If (reportgroupTxt == "AutomationGroup"): null

2018-06-14 17:21:30 - [TEST_STEP][PASSED] - Statement - println("Report group has right group name"): null

2018-06-14 17:21:30 - [TEST_STEP][PASSED] - Statement - reportgroup = "(//div[@class='ctable']/table/tbody/tr[@class='tdata clear'])[" + i + "]/td[7]": null

2018-06-14 17:21:30 - [TEST_STEP][PASSED] - Statement - reportgroupTxt = driver.findElement(org.openqa.selenium.By.xpath(reportgroup)).getText(): null

2018-06-14 17:21:30 - [TEST_STEP][PASSED] - Statement - If (reportgroupTxt == "AutomationGroup"): null

2018-06-14 17:21:30 - [TEST_STEP][PASSED] - Statement - println("Report group has right group name"): null

2018-06-14 17:21:30 - [TEST_STEP][PASSED] - Statement - reportgroup = "(//div[@class='ctable']/table/tbody/tr[@class='tdata clear'])[" + i + "]/td[7]": null

2018-06-14 17:21:30 - [TEST_STEP][PASSED] - Statement - reportgroupTxt = driver.findElement(org.openqa.selenium.By.xpath(reportgroup)).getText(): null

2018-06-14 17:21:30 - [TEST_STEP][PASSED] - Statement - If (reportgroupTxt == "AutomationGroup"): null

2018-06-14 17:21:30 - [TEST_STEP][PASSED] - Statement - println("Report group has right group name"): null

2018-06-14 17:21:30 - [TEST_STEP][PASSED] - Statement - reportgroup = "(//div[@class='ctable']/table/tbody/tr[@class='tdata clear'])[" + i + "]/td[7]": null

2018-06-14 17:21:30 - [TEST_STEP][PASSED] - Statement - reportgroupTxt = driver.findElement(org.openqa.selenium.By.xpath(reportgroup)).getText(): null

2018-06-14 17:21:30 - [TEST_STEP][PASSED] - Statement - If (reportgroupTxt == "AutomationGroup"): null

2018-06-14 17:21:30 - [TEST_STEP][PASSED] - Statement - println("Report group has right group name"): null

2018-06-14 17:21:30 - [TEST_STEP][PASSED] - Statement - reportgroup = "(//div[@class='ctable']/table/tbody/tr[@class='tdata clear'])[" + i + "]/td[7]": null

2018-06-14 17:21:30 - [TEST_STEP][PASSED] - Statement - reportgroupTxt = driver.findElement(org.openqa.selenium.By.xpath(reportgroup)).getText(): null

2018-06-14 17:21:30 - [TEST_STEP][PASSED] - Statement - If (reportgroupTxt == "AutomationGroup"): null

2018-06-14 17:21:30 - [TEST_STEP][PASSED] - Statement - println("Report group has right group name"): null

2018-06-14 17:21:30 - [TEST_STEP][PASSED] - Statement - reportgroup = "(//div[@class='ctable']/table/tbody/tr[@class='tdata clear'])[" + i + "]/td[7]": null

2018-06-14 17:21:30 - [TEST_STEP][PASSED] - Statement - reportgroupTxt = driver.findElement(org.openqa.selenium.By.xpath(reportgroup)).getText(): null

2018-06-14 17:21:30 - [TEST_STEP][PASSED] - Statement - If (reportgroupTxt == "AutomationGroup"): null

2018-06-14 17:21:30 - [TEST_STEP][PASSED] - Statement - Else: null

2018-06-14 17:21:30 - [TEST_STEP][PASSED] - Statement - If (!(TCflag)): null

2018-06-14 17:21:30 - [TEST_STEP][PASSED] - Statement - reportgroup = "(//div[@class='ctable']/table/tbody/tr[@class='tdata clear'])[" + i + "]/td[7]": null

2018-06-14 17:21:30 - [TEST_STEP][PASSED] - Statement - reportgroupTxt = driver.findElement(org.openqa.selenium.By.xpath(reportgroup)).getText(): null

2018-06-14 17:21:30 - [TEST_STEP][PASSED] - Statement - If (reportgroupTxt == "AutomationGroup"): null

2018-06-14 17:21:30 - [TEST_STEP][PASSED] - Statement - println("Report group has right group name"): null

2018-06-14 17:21:30 - [TEST_STEP][PASSED] - Statement - reportgroup = "(//div[@class='ctable']/table/tbody/tr[@class='tdata clear'])[" + i + "]/td[7]": null

2018-06-14 17:21:30 - [TEST_STEP][PASSED] - Statement - reportgroupTxt = driver.findElement(org.openqa.selenium.By.xpath(reportgroup)).getText(): null

2018-06-14 17:21:30 - [TEST_STEP][PASSED] - Statement - If (reportgroupTxt == "AutomationGroup"): null

2018-06-14 17:21:30 - [TEST_STEP][PASSED] - Statement - println("Report group has right group name"): null

2018-06-14 17:21:30 - [TEST_STEP][PASSED] - Statement - reportgroup = "(//div[@class='ctable']/table/tbody/tr[@class='tdata clear'])[" + i + "]/td[7]": null

2018-06-14 17:21:30 - [TEST_STEP][PASSED] - Statement - reportgroupTxt = driver.findElement(org.openqa.selenium.By.xpath(reportgroup)).getText(): null

2018-06-14 17:21:30 - [TEST_STEP][PASSED] - Statement - If (reportgroupTxt == "AutomationGroup"): null

2018-06-14 17:21:30 - [TEST_STEP][PASSED] - Statement - println("Report group has right group name"): null

2018-06-14 17:21:30 - [TEST_STEP][PASSED] - Statement - reportgroup = "(//div[@class='ctable']/table/tbody/tr[@class='tdata clear'])[" + i + "]/td[7]": null

2018-06-14 17:21:30 - [TEST_STEP][PASSED] - Statement - reportgroupTxt = driver.findElement(org.openqa.selenium.By.xpath(reportgroup)).getText(): null

2018-06-14 17:21:30 - [TEST_STEP][PASSED] - Statement - If (reportgroupTxt == "AutomationGroup"): null

2018-06-14 17:21:30 - [TEST_STEP][PASSED] - Statement - println("Report group has right group name"): null

2018-06-14 17:21:30 - [TEST_STEP][PASSED] - Statement - reportgroup = "(//div[@class='ctable']/table/tbody/tr[@class='tdata clear'])[" + i + "]/td[7]": null

2018-06-14 17:21:30 - [TEST_STEP][PASSED] - Statement - reportgroupTxt = driver.findElement(org.openqa.selenium.By.xpath(reportgroup)).getText(): null

2018-06-14 17:21:30 - [TEST_STEP][PASSED] - Statement - If (reportgroupTxt == "AutomationGroup"): null

2018-06-14 17:21:30 - [TEST_STEP][PASSED] - Statement - println("Report group has right group name"): null

2018-06-14 17:21:30 - [TEST_STEP][PASSED] - Statement - reportgroup = "(//div[@class='ctable']/table/tbody/tr[@class='tdata clear'])[" + i + "]/td[7]": null

2018-06-14 17:21:30 - [TEST_STEP][PASSED] - Statement - reportgroupTxt = driver.findElement(org.openqa.selenium.By.xpath(reportgroup)).getText(): null

2018-06-14 17:21:30 - [TEST_STEP][PASSED] - Statement - If (reportgroupTxt == "AutomationGroup"): null

2018-06-14 17:21:30 - [TEST_STEP][PASSED] - Statement - println("Report group has right group name"): null

2018-06-14 17:21:30 - [TEST_STEP][PASSED] - Statement - reportgroup = "(//div[@class='ctable']/table/tbody/tr[@class='tdata clear'])[" + i + "]/td[7]": null

2018-06-14 17:21:30 - [TEST_STEP][PASSED] - Statement - reportgroupTxt = driver.findElement(org.openqa.selenium.By.xpath(reportgroup)).getText(): null

2018-06-14 17:21:30 - [TEST_STEP][PASSED] - Statement - If (reportgroupTxt == "AutomationGroup"): null

2018-06-14 17:21:30 - [TEST_STEP][PASSED] - Statement - println("Report group has right group name"): null

2018-06-14 17:21:30 - [TEST_STEP][PASSED] - Statement - reportgroup = "(//div[@class='ctable']/table/tbody/tr[@class='tdata clear'])[" + i + "]/td[7]": null

2018-06-14 17:21:30 - [TEST_STEP][PASSED] - Statement - reportgroupTxt = driver.findElement(org.openqa.selenium.By.xpath(reportgroup)).getText(): null

2018-06-14 17:21:30 - [TEST_STEP][PASSED] - Statement - If (reportgroupTxt == "AutomationGroup"): null

2018-06-14 17:21:30 - [TEST_STEP][PASSED] - Statement - Else: null

2018-06-14 17:21:30 - [TEST_STEP][PASSED] - Statement - If (!(TCflag)): null

2018-06-14 17:21:30 - [TEST_STEP][PASSED] - Statement - reportgroup = "(//div[@class='ctable']/table/tbody/tr[@class='tdata clear'])[" + i + "]/td[7]": null

2018-06-14 17:21:30 - [TEST_STEP][PASSED] - Statement - reportgroupTxt = driver.findElement(org.openqa.selenium.By.xpath(reportgroup)).getText(): null

2018-06-14 17:21:30 - [TEST_STEP][PASSED] - Statement - If (reportgroupTxt == "AutomationGroup"): null

2018-06-14 17:21:30 - [TEST_STEP][PASSED] - Statement - Else: null

2018-06-14 17:21:30 - [TEST_STEP][PASSED] - Statement - If (!(TCflag)): null

2018-06-14 17:21:30 - [TEST_STEP][PASSED] - Statement - reportgroup = "(//div[@class='ctable']/table/tbody/tr[@class='tdata clear'])[" + i + "]/td[7]": null

2018-06-14 17:21:30 - [TEST_STEP][PASSED] - Statement - reportgroupTxt = driver.findElement(org.openqa.selenium.By.xpath(reportgroup)).getText(): null

2018-06-14 17:21:30 - [TEST_STEP][PASSED] - Statement - If (reportgroupTxt == "AutomationGroup"): null

2018-06-14 17:21:30 - [TEST_STEP][PASSED] - Statement - println("Report group has right group name"): null

2018-06-14 17:21:30 - [TEST_STEP][PASSED] - Statement - reportgroup = "(//div[@class='ctable']/table/tbody/tr[@class='tdata clear'])[" + i + "]/td[7]": null

2018-06-14 17:21:30 - [TEST_STEP][PASSED] - Statement - reportgroupTxt = driver.findElement(org.openqa.selenium.By.xpath(reportgroup)).getText(): null

2018-06-14 17:21:30 - [TEST_STEP][PASSED] - Statement - If (reportgroupTxt == "AutomationGroup"): null

2018-06-14 17:21:30 - [TEST_STEP][PASSED] - Statement - println("Report group has right group name"): null

2018-06-14 17:21:30 - [TEST_STEP][PASSED] - Statement - reportgroup = "(//div[@class='ctable']/table/tbody/tr[@class='tdata clear'])[" + i + "]/td[7]": null

2018-06-14 17:21:30 - [TEST_STEP][PASSED] - Statement - reportgroupTxt = driver.findElement(org.openqa.selenium.By.xpath(reportgroup)).getText(): null

2018-06-14 17:21:30 - [TEST_STEP][PASSED] - Statement - If (reportgroupTxt == "AutomationGroup"): null

2018-06-14 17:21:30 - [TEST_STEP][PASSED] - Statement - println("Report group has right group name"): null

2018-06-14 17:21:30 - [TEST_STEP][PASSED] - Statement - reportgroup = "(//div[@class='ctable']/table/tbody/tr[@class='tdata clear'])[" + i + "]/td[7]": null

2018-06-14 17:21:30 - [TEST_STEP][PASSED] - Statement - reportgroupTxt = driver.findElement(org.openqa.selenium.By.xpath(reportgroup)).getText(): null

2018-06-14 17:21:30 - [TEST_STEP][PASSED] - Statement - If (reportgroupTxt == "AutomationGroup"): null

2018-06-14 17:21:30 - [TEST_STEP][PASSED] - Statement - println("Report group has right group name"): null

2018-06-14 17:21:30 - [TEST_STEP][PASSED] - Statement - reportgroup = "(//div[@class='ctable']/table/tbody/tr[@class='tdata clear'])[" + i + "]/td[7]": null

2018-06-14 17:21:30 - [TEST_STEP][PASSED] - Statement - reportgroupTxt = driver.findElement(org.openqa.selenium.By.xpath(reportgroup)).getText(): null

2018-06-14 17:21:30 - [TEST_STEP][PASSED] - Statement - If (reportgroupTxt == "AutomationGroup"): null

2018-06-14 17:21:30 - [TEST_STEP][PASSED] - Statement - println("Report group has right group name"): null

2018-06-14 17:21:30 - [TEST_STEP][PASSED] - Statement - reportgroup = "(//div[@class='ctable']/table/tbody/tr[@class='tdata clear'])[" + i + "]/td[7]": null

2018-06-14 17:21:30 - [TEST_STEP][PASSED] - Statement - reportgroupTxt = driver.findElement(org.openqa.selenium.By.xpath(reportgroup)).getText(): null

2018-06-14 17:21:30 - [TEST_STEP][PASSED] - Statement - If (reportgroupTxt == "AutomationGroup"): null

2018-06-14 17:21:30 - [TEST_STEP][PASSED] - Statement - println("Report group has right group name"): null

2018-06-14 17:21:30 - [TEST_STEP][PASSED] - Statement - reportgroup = "(//div[@class='ctable']/table/tbody/tr[@class='tdata clear'])[" + i + "]/td[7]": null

2018-06-14 17:21:30 - [TEST_STEP][PASSED] - Statement - reportgroupTxt = driver.findElement(org.openqa.selenium.By.xpath(reportgroup)).getText(): null

2018-06-14 17:21:30 - [TEST_STEP][PASSED] - Statement - If (reportgroupTxt == "AutomationGroup"): null

2018-06-14 17:21:30 - [TEST_STEP][PASSED] - Statement - println("Report group has right group name"): null

2018-06-14 17:21:30 - [TEST_STEP][PASSED] - Statement - reportgroup = "(//div[@class='ctable']/table/tbody/tr[@class='tdata clear'])[" + i + "]/td[7]": null

2018-06-14 17:21:30 - [TEST_STEP][PASSED] - Statement - reportgroupTxt = driver.findElement(org.openqa.selenium.By.xpath(reportgroup)).getText(): null

2018-06-14 17:21:30 - [TEST_STEP][PASSED] - Statement - If (reportgroupTxt == "AutomationGroup"): null

2018-06-14 17:21:30 - [TEST_STEP][PASSED] - Statement - println("Report group has right group name"): null

2018-06-14 17:21:30 - [TEST_STEP][PASSED] - Statement - reportgroup = "(//div[@class='ctable']/table/tbody/tr[@class='tdata clear'])[" + i + "]/td[7]": null

2018-06-14 17:21:30 - [TEST_STEP][PASSED] - Statement - reportgroupTxt = driver.findElement(org.openqa.selenium.By.xpath(reportgroup)).getText(): null

2018-06-14 17:21:30 - [TEST_STEP][PASSED] - Statement - If (reportgroupTxt == "AutomationGroup"): null

2018-06-14 17:21:30 - [TEST_STEP][PASSED] - Statement - println("Report group has right group name"): null

2018-06-14 17:21:30 - [TEST_STEP][PASSED] - Statement - reportgroup = "(//div[@class='ctable']/table/tbody/tr[@class='tdata clear'])[" + i + "]/td[7]": null

2018-06-14 17:21:30 - [TEST_STEP][PASSED] - Statement - reportgroupTxt = driver.findElement(org.openqa.selenium.By.xpath(reportgroup)).getText(): null

2018-06-14 17:21:30 - [TEST_STEP][PASSED] - Statement - If (reportgroupTxt == "AutomationGroup"): null

2018-06-14 17:21:30 - [TEST_STEP][PASSED] - Statement - println("Report group has right group name"): null

2018-06-14 17:21:30 - [TEST_STEP][PASSED] - Statement - reportgroup = "(//div[@class='ctable']/table/tbody/tr[@class='tdata clear'])[" + i + "]/td[7]": null

2018-06-14 17:21:30 - [TEST_STEP][PASSED] - Statement - reportgroupTxt = driver.findElement(org.openqa.selenium.By.xpath(reportgroup)).getText(): null

2018-06-14 17:21:30 - [TEST_STEP][PASSED] - Statement - If (reportgroupTxt == "AutomationGroup"): null

2018-06-14 17:21:30 - [TEST_STEP][PASSED] - Statement - println("Report group has right group name"): null

2018-06-14 17:21:30 - [TEST_STEP][PASSED] - Statement - reportgroup = "(//div[@class='ctable']/table/tbody/tr[@class='tdata clear'])[" + i + "]/td[7]": null

2018-06-14 17:21:30 - [TEST_STEP][PASSED] - Statement - reportgroupTxt = driver.findElement(org.openqa.selenium.By.xpath(reportgroup)).getText(): null

2018-06-14 17:21:31 - [TEST_STEP][PASSED] - Statement - If (reportgroupTxt == "AutomationGroup"): null

2018-06-14 17:21:31 - [TEST_STEP][PASSED] - Statement - Else: null

2018-06-14 17:21:31 - [TEST_STEP][PASSED] - Statement - If (!(TCflag)): null

2018-06-14 17:21:31 - [TEST_STEP][PASSED] - Statement - reportgroup = "(//div[@class='ctable']/table/tbody/tr[@class='tdata clear'])[" + i + "]/td[7]": null

2018-06-14 17:21:31 - [TEST_STEP][PASSED] - Statement - reportgroupTxt = driver.findElement(org.openqa.selenium.By.xpath(reportgroup)).getText(): null

2018-06-14 17:21:31 - [TEST_STEP][PASSED] - Statement - If (reportgroupTxt == "AutomationGroup"): null

2018-06-14 17:21:31 - [TEST_STEP][PASSED] - Statement - println("Report group has right group name"): null

2018-06-14 17:21:31 - [TEST_STEP][PASSED] - Statement - reportgroup = "(//div[@class='ctable']/table/tbody/tr[@class='tdata clear'])[" + i + "]/td[7]": null

2018-06-14 17:21:31 - [TEST_STEP][PASSED] - Statement - reportgroupTxt = driver.findElement(org.openqa.selenium.By.xpath(reportgroup)).getText(): null

2018-06-14 17:21:31 - [TEST_STEP][PASSED] - Statement - If (reportgroupTxt == "AutomationGroup"): null

2018-06-14 17:21:31 - [TEST_STEP][PASSED] - Statement - println("Report group has right group name"): null

2018-06-14 17:21:31 - [TEST_STEP][PASSED] - Statement - reportgroup = "(//div[@class='ctable']/table/tbody/tr[@class='tdata clear'])[" + i + "]/td[7]": null

2018-06-14 17:21:31 - [TEST_STEP][PASSED] - Statement - reportgroupTxt = driver.findElement(org.openqa.selenium.By.xpath(reportgroup)).getText(): null

2018-06-14 17:21:31 - [TEST_STEP][PASSED] - Statement - If (reportgroupTxt == "AutomationGroup"): null

2018-06-14 17:21:31 - [TEST_STEP][PASSED] - Statement - println("Report group has right group name"): null

2018-06-14 17:21:31 - [TEST_STEP][PASSED] - Statement - reportgroup = "(//div[@class='ctable']/table/tbody/tr[@class='tdata clear'])[" + i + "]/td[7]": null

2018-06-14 17:21:31 - [TEST_STEP][PASSED] - Statement - reportgroupTxt = driver.findElement(org.openqa.selenium.By.xpath(reportgroup)).getText(): null

2018-06-14 17:21:31 - [TEST_STEP][PASSED] - Statement - If (reportgroupTxt == "AutomationGroup"): null

2018-06-14 17:21:31 - [TEST_STEP][PASSED] - Statement - println("Report group has right group name"): null

2018-06-14 17:21:31 - [TEST_STEP][PASSED] - Statement - reportgroup = "(//div[@class='ctable']/table/tbody/tr[@class='tdata clear'])[" + i + "]/td[7]": null

2018-06-14 17:21:31 - [TEST_STEP][PASSED] - Statement - reportgroupTxt = driver.findElement(org.openqa.selenium.By.xpath(reportgroup)).getText(): null

2018-06-14 17:21:31 - [TEST_STEP][PASSED] - Statement - If (reportgroupTxt == "AutomationGroup"): null

2018-06-14 17:21:31 - [TEST_STEP][PASSED] - Statement - println("Report group has right group name"): null

2018-06-14 17:21:31 - [TEST_STEP][PASSED] - Statement - reportgroup = "(//div[@class='ctable']/table/tbody/tr[@class='tdata clear'])[" + i + "]/td[7]": null

2018-06-14 17:21:31 - [TEST_STEP][PASSED] - Statement - reportgroupTxt = driver.findElement(org.openqa.selenium.By.xpath(reportgroup)).getText(): null

2018-06-14 17:21:31 - [TEST_STEP][PASSED] - Statement - If (reportgroupTxt == "AutomationGroup"): null

2018-06-14 17:21:31 - [TEST_STEP][PASSED] - Statement - println("Report group has right group name"): null

2018-06-14 17:21:31 - [TEST_STEP][PASSED] - Statement - reportgroup = "(//div[@class='ctable']/table/tbody/tr[@class='tdata clear'])[" + i + "]/td[7]": null

2018-06-14 17:21:31 - [TEST_STEP][PASSED] - Statement - reportgroupTxt = driver.findElement(org.openqa.selenium.By.xpath(reportgroup)).getText(): null

2018-06-14 17:21:31 - [TEST_STEP][PASSED] - Statement - If (reportgroupTxt == "AutomationGroup"): null

2018-06-14 17:21:31 - [TEST_STEP][PASSED] - Statement - println("Report group has right group name"): null

2018-06-14 17:21:31 - [TEST_STEP][PASSED] - Statement - reportgroup = "(//div[@class='ctable']/table/tbody/tr[@class='tdata clear'])[" + i + "]/td[7]": null

2018-06-14 17:21:31 - [TEST_STEP][PASSED] - Statement - reportgroupTxt = driver.findElement(org.openqa.selenium.By.xpath(reportgroup)).getText(): null

2018-06-14 17:21:31 - [TEST_STEP][PASSED] - Statement - If (reportgroupTxt == "AutomationGroup"): null

2018-06-14 17:21:31 - [TEST_STEP][PASSED] - Statement - Else: null

2018-06-14 17:21:31 - [TEST_STEP][PASSED] - Statement - If (!(TCflag)): null

2018-06-14 17:21:31 - [TEST_STEP][PASSED] - Statement - reportgroup = "(//div[@class='ctable']/table/tbody/tr[@class='tdata clear'])[" + i + "]/td[7]": null

2018-06-14 17:21:31 - [TEST_STEP][PASSED] - Statement - reportgroupTxt = driver.findElement(org.openqa.selenium.By.xpath(reportgroup)).getText(): null

2018-06-14 17:21:31 - [TEST_STEP][PASSED] - Statement - If (reportgroupTxt == "AutomationGroup"): null

2018-06-14 17:21:31 - [TEST_STEP][PASSED] - Statement - Else: null

2018-06-14 17:21:31 - [TEST_STEP][PASSED] - Statement - If (!(TCflag)): null

2018-06-14 17:21:31 - [TEST_STEP][PASSED] - Statement - reportgroup = "(//div[@class='ctable']/table/tbody/tr[@class='tdata clear'])[" + i + "]/td[7]": null

2018-06-14 17:21:31 - [TEST_STEP][PASSED] - Statement - reportgroupTxt = driver.findElement(org.openqa.selenium.By.xpath(reportgroup)).getText(): null

2018-06-14 17:21:31 - [TEST_STEP][PASSED] - Statement - If (reportgroupTxt == "AutomationGroup"): null

2018-06-14 17:21:31 - [TEST_STEP][PASSED] - Statement - println("Report group has right group name"): null

2018-06-14 17:21:31 - [TEST_STEP][PASSED] - Statement - reportgroup = "(//div[@class='ctable']/table/tbody/tr[@class='tdata clear'])[" + i + "]/td[7]": null

2018-06-14 17:21:31 - [TEST_STEP][PASSED] - Statement - reportgroupTxt = driver.findElement(org.openqa.selenium.By.xpath(reportgroup)).getText(): null

2018-06-14 17:21:31 - [TEST_STEP][PASSED] - Statement - If (reportgroupTxt == "AutomationGroup"): null

2018-06-14 17:21:31 - [TEST_STEP][PASSED] - Statement - println("Report group has right group name"): null

2018-06-14 17:21:31 - [TEST_STEP][PASSED] - Statement - reportgroup = "(//div[@class='ctable']/table/tbody/tr[@class='tdata clear'])[" + i + "]/td[7]": null

2018-06-14 17:21:31 - [TEST_STEP][PASSED] - Statement - reportgroupTxt = driver.findElement(org.openqa.selenium.By.xpath(reportgroup)).getText(): null

2018-06-14 17:21:31 - [TEST_STEP][PASSED] - Statement - If (reportgroupTxt == "AutomationGroup"): null

2018-06-14 17:21:31 - [TEST_STEP][PASSED] - Statement - Else: null

2018-06-14 17:21:31 - [TEST_STEP][PASSED] - Statement - If (!(TCflag)): null

2018-06-14 17:21:31 - [TEST_STEP][PASSED] - Statement - reportgroup = "(//div[@class='ctable']/table/tbody/tr[@class='tdata clear'])[" + i + "]/td[7]": null

2018-06-14 17:21:31 - [TEST_STEP][PASSED] - Statement - reportgroupTxt = driver.findElement(org.openqa.selenium.By.xpath(reportgroup)).getText(): null

2018-06-14 17:21:31 - [TEST_STEP][PASSED] - Statement - If (reportgroupTxt == "AutomationGroup"): null

2018-06-14 17:21:31 - [TEST_STEP][PASSED] - Statement - println("Report group has right group name"): null

2018-06-14 17:21:31 - [TEST_STEP][PASSED] - Statement - reportgroup = "(//div[@class='ctable']/table/tbody/tr[@class='tdata clear'])[" + i + "]/td[7]": null

2018-06-14 17:21:31 - [TEST_STEP][PASSED] - Statement - reportgroupTxt = driver.findElement(org.openqa.selenium.By.xpath(reportgroup)).getText(): null

2018-06-14 17:21:31 - [TEST_STEP][PASSED] - Statement - If (reportgroupTxt == "AutomationGroup"): null

2018-06-14 17:21:31 - [TEST_STEP][PASSED] - Statement - println("Report group has right group name"): null

2018-06-14 17:21:31 - [TEST_STEP][PASSED] - Statement - reportgroup = "(//div[@class='ctable']/table/tbody/tr[@class='tdata clear'])[" + i + "]/td[7]": null

2018-06-14 17:21:31 - [TEST_STEP][PASSED] - Statement - reportgroupTxt = driver.findElement(org.openqa.selenium.By.xpath(reportgroup)).getText(): null

2018-06-14 17:21:31 - [TEST_STEP][PASSED] - Statement - If (reportgroupTxt == "AutomationGroup"): null

2018-06-14 17:21:31 - [TEST_STEP][PASSED] - Statement - Else: null

2018-06-14 17:21:31 - [TEST_STEP][PASSED] - Statement - If (!(TCflag)): null

2018-06-14 17:21:31 - [TEST_STEP][PASSED] - Statement - reportgroup = "(//div[@class='ctable']/table/tbody/tr[@class='tdata clear'])[" + i + "]/td[7]": null

2018-06-14 17:21:31 - [TEST_STEP][PASSED] - Statement - reportgroupTxt = driver.findElement(org.openqa.selenium.By.xpath(reportgroup)).getText(): null

2018-06-14 17:21:31 - [TEST_STEP][PASSED] - Statement - If (reportgroupTxt == "AutomationGroup"): null

2018-06-14 17:21:31 - [TEST_STEP][PASSED] - Statement - println("Report group has right group name"): null

2018-06-14 17:21:31 - [TEST_STEP][PASSED] - Statement - reportgroup = "(//div[@class='ctable']/table/tbody/tr[@class='tdata clear'])[" + i + "]/td[7]": null

2018-06-14 17:21:31 - [TEST_STEP][PASSED] - Statement - reportgroupTxt = driver.findElement(org.openqa.selenium.By.xpath(reportgroup)).getText(): null

2018-06-14 17:21:31 - [TEST_STEP][PASSED] - Statement - If (reportgroupTxt == "AutomationGroup"): null

2018-06-14 17:21:31 - [TEST_STEP][PASSED] - Statement - println("Report group has right group name"): null

2018-06-14 17:21:31 - [TEST_STEP][PASSED] - Statement - reportgroup = "(//div[@class='ctable']/table/tbody/tr[@class='tdata clear'])[" + i + "]/td[7]": null

2018-06-14 17:21:31 - [TEST_STEP][PASSED] - Statement - reportgroupTxt = driver.findElement(org.openqa.selenium.By.xpath(reportgroup)).getText(): null

2018-06-14 17:21:31 - [TEST_STEP][PASSED] - Statement - If (reportgroupTxt == "AutomationGroup"): null

2018-06-14 17:21:31 - [TEST_STEP][PASSED] - Statement - Else: null

2018-06-14 17:21:31 - [TEST_STEP][PASSED] - Statement - If (!(TCflag)): null

2018-06-14 17:21:31 - [TEST_STEP][PASSED] - Statement - reportgroup = "(//div[@class='ctable']/table/tbody/tr[@class='tdata clear'])[" + i + "]/td[7]": null

2018-06-14 17:21:31 - [TEST_STEP][PASSED] - Statement - reportgroupTxt = driver.findElement(org.openqa.selenium.By.xpath(reportgroup)).getText(): null

2018-06-14 17:21:31 - [TEST_STEP][PASSED] - Statement - If (reportgroupTxt == "AutomationGroup"): null

2018-06-14 17:21:31 - [TEST_STEP][PASSED] - Statement - println("Report group has right group name"): null

2018-06-14 17:21:31 - [TEST_STEP][PASSED] - Statement - reportgroup = "(//div[@class='ctable']/table/tbody/tr[@class='tdata clear'])[" + i + "]/td[7]": null

2018-06-14 17:21:31 - [TEST_STEP][PASSED] - Statement - reportgroupTxt = driver.findElement(org.openqa.selenium.By.xpath(reportgroup)).getText(): null

2018-06-14 17:21:31 - [TEST_STEP][PASSED] - Statement - If (reportgroupTxt == "AutomationGroup"): null

2018-06-14 17:21:31 - [TEST_STEP][PASSED] - Statement - println("Report group has right group name"): null

2018-06-14 17:21:31 - [TEST_STEP][PASSED] - Statement - reportgroup = "(//div[@class='ctable']/table/tbody/tr[@class='tdata clear'])[" + i + "]/td[7]": null

2018-06-14 17:21:31 - [TEST_STEP][PASSED] - Statement - reportgroupTxt = driver.findElement(org.openqa.selenium.By.xpath(reportgroup)).getText(): null

2018-06-14 17:21:31 - [TEST_STEP][PASSED] - Statement - If (reportgroupTxt == "AutomationGroup"): null

2018-06-14 17:21:31 - [TEST_STEP][PASSED] - Statement - println("Report group has right group name"): null

2018-06-14 17:21:31 - [TEST_STEP][PASSED] - Statement - reportgroup = "(//div[@class='ctable']/table/tbody/tr[@class='tdata clear'])[" + i + "]/td[7]": null

2018-06-14 17:21:31 - [TEST_STEP][PASSED] - Statement - reportgroupTxt = driver.findElement(org.openqa.selenium.By.xpath(reportgroup)).getText(): null

2018-06-14 17:21:31 - [TEST_STEP][PASSED] - Statement - If (reportgroupTxt == "AutomationGroup"): null

2018-06-14 17:21:31 - [TEST_STEP][PASSED] - Statement - println("Report group has right group name"): null

2018-06-14 17:21:31 - [TEST_STEP][PASSED] - Statement - reportgroup = "(//div[@class='ctable']/table/tbody/tr[@class='tdata clear'])[" + i + "]/td[7]": null

2018-06-14 17:21:31 - [TEST_STEP][PASSED] - Statement - reportgroupTxt = driver.findElement(org.openqa.selenium.By.xpath(reportgroup)).getText(): null

2018-06-14 17:21:31 - [TEST_STEP][PASSED] - Statement - If (reportgroupTxt == "AutomationGroup"): null

2018-06-14 17:21:31 - [TEST_STEP][PASSED] - Statement - println("Report group has right group name"): null

2018-06-14 17:21:31 - [TEST_STEP][PASSED] - Statement - reportgroup = "(//div[@class='ctable']/table/tbody/tr[@class='tdata clear'])[" + i + "]/td[7]": null

2018-06-14 17:21:31 - [TEST_STEP][PASSED] - Statement - reportgroupTxt = driver.findElement(org.openqa.selenium.By.xpath(reportgroup)).getText(): null

2018-06-14 17:21:31 - [TEST_STEP][PASSED] - Statement - If (reportgroupTxt == "AutomationGroup"): null

2018-06-14 17:21:31 - [TEST_STEP][PASSED] - Statement - Else: null

2018-06-14 17:21:31 - [TEST_STEP][PASSED] - Statement - If (!(TCflag)): null

2018-06-14 17:21:31 - [TEST_STEP][PASSED] - Statement - reportgroup = "(//div[@class='ctable']/table/tbody/tr[@class='tdata clear'])[" + i + "]/td[7]": null

2018-06-14 17:21:31 - [TEST_STEP][PASSED] - Statement - reportgroupTxt = driver.findElement(org.openqa.selenium.By.xpath(reportgroup)).getText(): null

2018-06-14 17:21:31 - [TEST_STEP][PASSED] - Statement - If (reportgroupTxt == "AutomationGroup"): null

2018-06-14 17:21:31 - [TEST_STEP][PASSED] - Statement - Else: null

2018-06-14 17:21:31 - [TEST_STEP][PASSED] - Statement - If (!(TCflag)): null

2018-06-14 17:21:31 - [TEST_STEP][PASSED] - Statement - reportgroup = "(//div[@class='ctable']/table/tbody/tr[@class='tdata clear'])[" + i + "]/td[7]": null

2018-06-14 17:21:31 - [TEST_STEP][PASSED] - Statement - reportgroupTxt = driver.findElement(org.openqa.selenium.By.xpath(reportgroup)).getText(): null

2018-06-14 17:21:31 - [TEST_STEP][PASSED] - Statement - If (reportgroupTxt == "AutomationGroup"): null

2018-06-14 17:21:31 - [TEST_STEP][PASSED] - Statement - println("Report group has right group name"): null

2018-06-14 17:21:31 - [TEST_STEP][PASSED] - Statement - reportgroup = "(//div[@class='ctable']/table/tbody/tr[@class='tdata clear'])[" + i + "]/td[7]": null

2018-06-14 17:21:31 - [TEST_STEP][PASSED] - Statement - reportgroupTxt = driver.findElement(org.openqa.selenium.By.xpath(reportgroup)).getText(): null

2018-06-14 17:21:31 - [TEST_STEP][PASSED] - Statement - If (reportgroupTxt == "AutomationGroup"): null

2018-06-14 17:21:31 - [TEST_STEP][PASSED] - Statement - println("Report group has right group name"): null

2018-06-14 17:21:31 - [TEST_STEP][PASSED] - Statement - reportgroup = "(//div[@class='ctable']/table/tbody/tr[@class='tdata clear'])[" + i + "]/td[7]": null

2018-06-14 17:21:31 - [TEST_STEP][PASSED] - Statement - reportgroupTxt = driver.findElement(org.openqa.selenium.By.xpath(reportgroup)).getText(): null

2018-06-14 17:21:31 - [TEST_STEP][PASSED] - Statement - If (reportgroupTxt == "AutomationGroup"): null

2018-06-14 17:21:31 - [TEST_STEP][PASSED] - Statement - println("Report group has right group name"): null

2018-06-14 17:21:31 - [TEST_STEP][PASSED] - Statement - reportgroup = "(//div[@class='ctable']/table/tbody/tr[@class='tdata clear'])[" + i + "]/td[7]": null

2018-06-14 17:21:31 - [TEST_STEP][PASSED] - Statement - reportgroupTxt = driver.findElement(org.openqa.selenium.By.xpath(reportgroup)).getText(): null

2018-06-14 17:21:31 - [TEST_STEP][PASSED] - Statement - If (reportgroupTxt == "AutomationGroup"): null

2018-06-14 17:21:31 - [TEST_STEP][PASSED] - Statement - println("Report group has right group name"): null

2018-06-14 17:21:31 - [TEST_STEP][PASSED] - Statement - reportgroup = "(//div[@class='ctable']/table/tbody/tr[@class='tdata clear'])[" + i + "]/td[7]": null

2018-06-14 17:21:31 - [TEST_STEP][PASSED] - Statement - reportgroupTxt = driver.findElement(org.openqa.selenium.By.xpath(reportgroup)).getText(): null

2018-06-14 17:21:31 - [TEST_STEP][PASSED] - Statement - If (reportgroupTxt == "AutomationGroup"): null

2018-06-14 17:21:31 - [TEST_STEP][PASSED] - Statement - println("Report group has right group name"): null

2018-06-14 17:21:31 - [TEST_STEP][PASSED] - Statement - reportgroup = "(//div[@class='ctable']/table/tbody/tr[@class='tdata clear'])[" + i + "]/td[7]": null

2018-06-14 17:21:31 - [TEST_STEP][PASSED] - Statement - reportgroupTxt = driver.findElement(org.openqa.selenium.By.xpath(reportgroup)).getText(): null

2018-06-14 17:21:31 - [TEST_STEP][PASSED] - Statement - If (reportgroupTxt == "AutomationGroup"): null

2018-06-14 17:21:31 - [TEST_STEP][PASSED] - Statement - println("Report group has right group name"): null

2018-06-14 17:21:31 - [TEST_STEP][PASSED] - Statement - reportgroup = "(//div[@class='ctable']/table/tbody/tr[@class='tdata clear'])[" + i + "]/td[7]": null

2018-06-14 17:21:31 - [TEST_STEP][PASSED] - Statement - reportgroupTxt = driver.findElement(org.openqa.selenium.By.xpath(reportgroup)).getText(): null

2018-06-14 17:21:31 - [TEST_STEP][PASSED] - Statement - If (reportgroupTxt == "AutomationGroup"): null

2018-06-14 17:21:31 - [TEST_STEP][PASSED] - Statement - println("Report group has right group name"): null

2018-06-14 17:21:31 - [TEST_STEP][PASSED] - Statement - reportgroup = "(//div[@class='ctable']/table/tbody/tr[@class='tdata clear'])[" + i + "]/td[7]": null

2018-06-14 17:21:31 - [TEST_STEP][PASSED] - Statement - reportgroupTxt = driver.findElement(org.openqa.selenium.By.xpath(reportgroup)).getText(): null

2018-06-14 17:21:31 - [TEST_STEP][PASSED] - Statement - If (reportgroupTxt == "AutomationGroup"): null

2018-06-14 17:21:31 - [TEST_STEP][PASSED] - Statement - println("Report group has right group name"): null

2018-06-14 17:21:31 - [TEST_STEP][PASSED] - Statement - reportgroup = "(//div[@class='ctable']/table/tbody/tr[@class='tdata clear'])[" + i + "]/td[7]": null

2018-06-14 17:21:31 - [TEST_STEP][PASSED] - Statement - reportgroupTxt = driver.findElement(org.openqa.selenium.By.xpath(reportgroup)).getText(): null

2018-06-14 17:21:31 - [TEST_STEP][PASSED] - Statement - If (reportgroupTxt == "AutomationGroup"): null

2018-06-14 17:21:31 - [TEST_STEP][PASSED] - Statement - println("Report group has right group name"): null

2018-06-14 17:21:31 - [TEST_STEP][PASSED] - Statement - reportgroup = "(//div[@class='ctable']/table/tbody/tr[@class='tdata clear'])[" + i + "]/td[7]": null

2018-06-14 17:21:31 - [TEST_STEP][PASSED] - Statement - reportgroupTxt = driver.findElement(org.openqa.selenium.By.xpath(reportgroup)).getText(): null

2018-06-14 17:21:32 - [TEST_STEP][PASSED] - Statement - If (reportgroupTxt == "AutomationGroup"): null

2018-06-14 17:21:32 - [TEST_STEP][PASSED] - Statement - println("Report group has right group name"): null

2018-06-14 17:21:32 - [TEST_STEP][PASSED] - Statement - reportgroup = "(//div[@class='ctable']/table/tbody/tr[@class='tdata clear'])[" + i + "]/td[7]": null

2018-06-14 17:21:32 - [TEST_STEP][PASSED] - Statement - reportgroupTxt = driver.findElement(org.openqa.selenium.By.xpath(reportgroup)).getText(): null

2018-06-14 17:21:32 - [TEST_STEP][PASSED] - Statement - If (reportgroupTxt == "AutomationGroup"): null

2018-06-14 17:21:32 - [TEST_STEP][PASSED] - Statement - Else: null

2018-06-14 17:21:32 - [TEST_STEP][PASSED] - Statement - If (!(TCflag)): null

2018-06-14 17:21:32 - [TEST_STEP][PASSED] - Statement - reportgroup = "(//div[@class='ctable']/table/tbody/tr[@class='tdata clear'])[" + i + "]/td[7]": null

2018-06-14 17:21:32 - [TEST_STEP][PASSED] - Statement - reportgroupTxt = driver.findElement(org.openqa.selenium.By.xpath(reportgroup)).getText(): null

2018-06-14 17:21:32 - [TEST_STEP][PASSED] - Statement - If (reportgroupTxt == "AutomationGroup"): null

2018-06-14 17:21:32 - [TEST_STEP][PASSED] - Statement - println("Report group has right group name"): null

2018-06-14 17:21:32 - [TEST_STEP][PASSED] - Statement - reportgroup = "(//div[@class='ctable']/table/tbody/tr[@class='tdata clear'])[" + i + "]/td[7]": null

2018-06-14 17:21:32 - [TEST_STEP][PASSED] - Statement - reportgroupTxt = driver.findElement(org.openqa.selenium.By.xpath(reportgroup)).getText(): null

2018-06-14 17:21:32 - [TEST_STEP][PASSED] - Statement - If (reportgroupTxt == "AutomationGroup"): null

2018-06-14 17:21:32 - [TEST_STEP][PASSED] - Statement - println("Report group has right group name"): null

2018-06-14 17:21:32 - [TEST_STEP][PASSED] - Statement - reportgroup = "(//div[@class='ctable']/table/tbody/tr[@class='tdata clear'])[" + i + "]/td[7]": null

2018-06-14 17:21:32 - [TEST_STEP][PASSED] - Statement - reportgroupTxt = driver.findElement(org.openqa.selenium.By.xpath(reportgroup)).getText(): null

2018-06-14 17:21:32 - [TEST_STEP][PASSED] - Statement - If (reportgroupTxt == "AutomationGroup"): null

2018-06-14 17:21:32 - [TEST_STEP][PASSED] - Statement - println("Report group has right group name"): null

2018-06-14 17:21:32 - [TEST_STEP][PASSED] - Statement - reportgroup = "(//div[@class='ctable']/table/tbody/tr[@class='tdata clear'])[" + i + "]/td[7]": null

2018-06-14 17:21:32 - [TEST_STEP][PASSED] - Statement - reportgroupTxt = driver.findElement(org.openqa.selenium.By.xpath(reportgroup)).getText(): null

2018-06-14 17:21:32 - [TEST_STEP][PASSED] - Statement - If (reportgroupTxt == "AutomationGroup"): null

2018-06-14 17:21:32 - [TEST_STEP][PASSED] - Statement - println("Report group has right group name"): null

2018-06-14 17:21:32 - [TEST_STEP][PASSED] - Statement - reportgroup = "(//div[@class='ctable']/table/tbody/tr[@class='tdata clear'])[" + i + "]/td[7]": null

2018-06-14 17:21:32 - [TEST_STEP][PASSED] - Statement - reportgroupTxt = driver.findElement(org.openqa.selenium.By.xpath(reportgroup)).getText(): null

2018-06-14 17:21:32 - [TEST_STEP][PASSED] - Statement - If (reportgroupTxt == "AutomationGroup"): null

2018-06-14 17:21:32 - [TEST_STEP][PASSED] - Statement - Else: null

2018-06-14 17:21:32 - [TEST_STEP][PASSED] - Statement - If (!(TCflag)): null

2018-06-14 17:21:32 - [TEST_STEP][PASSED] - Statement - reportgroup = "(//div[@class='ctable']/table/tbody/tr[@class='tdata clear'])[" + i + "]/td[7]": null

2018-06-14 17:21:32 - [TEST_STEP][PASSED] - Statement - reportgroupTxt = driver.findElement(org.openqa.selenium.By.xpath(reportgroup)).getText(): null

2018-06-14 17:21:32 - [TEST_STEP][PASSED] - Statement - If (reportgroupTxt == "AutomationGroup"): null

2018-06-14 17:21:32 - [TEST_STEP][PASSED] - Statement - Else: null

2018-06-14 17:21:32 - [TEST_STEP][PASSED] - Statement - If (!(TCflag)): null

2018-06-14 17:21:32 - [TEST_STEP][PASSED] - Statement - reportgroup = "(//div[@class='ctable']/table/tbody/tr[@class='tdata clear'])[" + i + "]/td[7]": null

2018-06-14 17:21:32 - [TEST_STEP][PASSED] - Statement - reportgroupTxt = driver.findElement(org.openqa.selenium.By.xpath(reportgroup)).getText(): null

2018-06-14 17:21:32 - [TEST_STEP][PASSED] - Statement - If (reportgroupTxt == "AutomationGroup"): null

2018-06-14 17:21:32 - [TEST_STEP][PASSED] - Statement - Else: null

2018-06-14 17:21:32 - [TEST_STEP][PASSED] - Statement - If (!(TCflag)): null

2018-06-14 17:21:32 - [TEST_STEP][PASSED] - Statement - reportgroup = "(//div[@class='ctable']/table/tbody/tr[@class='tdata clear'])[" + i + "]/td[7]": null

2018-06-14 17:21:32 - [TEST_STEP][PASSED] - Statement - reportgroupTxt = driver.findElement(org.openqa.selenium.By.xpath(reportgroup)).getText(): null

2018-06-14 17:21:32 - [TEST_STEP][PASSED] - Statement - If (reportgroupTxt == "AutomationGroup"): null

2018-06-14 17:21:32 - [TEST_STEP][PASSED] - Statement - println("Report group has right group name"): null

2018-06-14 17:21:32 - [TEST_STEP][PASSED] - Statement - reportgroup = "(//div[@class='ctable']/table/tbody/tr[@class='tdata clear'])[" + i + "]/td[7]": null

2018-06-14 17:21:32 - [TEST_STEP][PASSED] - Statement - reportgroupTxt = driver.findElement(org.openqa.selenium.By.xpath(reportgroup)).getText(): null

2018-06-14 17:21:32 - [TEST_STEP][PASSED] - Statement - If (reportgroupTxt == "AutomationGroup"): null

2018-06-14 17:21:32 - [TEST_STEP][PASSED] - Statement - println("Report group has right group name"): null

2018-06-14 17:21:32 - [TEST_STEP][PASSED] - Statement - reportgroup = "(//div[@class='ctable']/table/tbody/tr[@class='tdata clear'])[" + i + "]/td[7]": null

2018-06-14 17:21:32 - [TEST_STEP][PASSED] - Statement - reportgroupTxt = driver.findElement(org.openqa.selenium.By.xpath(reportgroup)).getText(): null

2018-06-14 17:21:32 - [TEST_STEP][PASSED] - Statement - If (reportgroupTxt == "AutomationGroup"): null

2018-06-14 17:21:32 - [TEST_STEP][PASSED] - Statement - println("Report group has right group name"): null

2018-06-14 17:21:32 - [TEST_STEP][PASSED] - Statement - reportgroup = "(//div[@class='ctable']/table/tbody/tr[@class='tdata clear'])[" + i + "]/td[7]": null

2018-06-14 17:21:32 - [TEST_STEP][PASSED] - Statement - reportgroupTxt = driver.findElement(org.openqa.selenium.By.xpath(reportgroup)).getText(): null

2018-06-14 17:21:32 - [TEST_STEP][PASSED] - Statement - If (reportgroupTxt == "AutomationGroup"): null

2018-06-14 17:21:32 - [TEST_STEP][PASSED] - Statement - println("Report group has right group name"): null

2018-06-14 17:21:32 - [TEST_STEP][PASSED] - Statement - reportgroup = "(//div[@class='ctable']/table/tbody/tr[@class='tdata clear'])[" + i + "]/td[7]": null

2018-06-14 17:21:32 - [TEST_STEP][PASSED] - Statement - reportgroupTxt = driver.findElement(org.openqa.selenium.By.xpath(reportgroup)).getText(): null

2018-06-14 17:21:32 - [TEST_STEP][PASSED] - Statement - If (reportgroupTxt == "AutomationGroup"): null

2018-06-14 17:21:32 - [TEST_STEP][PASSED] - Statement - println("Report group has right group name"): null

2018-06-14 17:21:32 - [TEST_STEP][PASSED] - Statement - reportgroup = "(//div[@class='ctable']/table/tbody/tr[@class='tdata clear'])[" + i + "]/td[7]": null

2018-06-14 17:21:32 - [TEST_STEP][PASSED] - Statement - reportgroupTxt = driver.findElement(org.openqa.selenium.By.xpath(reportgroup)).getText(): null

2018-06-14 17:21:32 - [TEST_STEP][PASSED] - Statement - If (reportgroupTxt == "AutomationGroup"): null

2018-06-14 17:21:32 - [TEST_STEP][PASSED] - Statement - println("Report group has right group name"): null

2018-06-14 17:21:32 - [TEST_STEP][PASSED] - Statement - reportgroup = "(//div[@class='ctable']/table/tbody/tr[@class='tdata clear'])[" + i + "]/td[7]": null

2018-06-14 17:21:32 - [TEST_STEP][PASSED] - Statement - reportgroupTxt = driver.findElement(org.openqa.selenium.By.xpath(reportgroup)).getText(): null

2018-06-14 17:21:32 - [TEST_STEP][PASSED] - Statement - If (reportgroupTxt == "AutomationGroup"): null

2018-06-14 17:21:32 - [TEST_STEP][PASSED] - Statement - println("Report group has right group name"): null

2018-06-14 17:21:32 - [TEST_STEP][PASSED] - Statement - reportgroup = "(//div[@class='ctable']/table/tbody/tr[@class='tdata clear'])[" + i + "]/td[7]": null

2018-06-14 17:21:32 - [TEST_STEP][PASSED] - Statement - reportgroupTxt = driver.findElement(org.openqa.selenium.By.xpath(reportgroup)).getText(): null

2018-06-14 17:21:32 - [TEST_STEP][PASSED] - Statement - If (reportgroupTxt == "AutomationGroup"): null

2018-06-14 17:21:32 - [TEST_STEP][PASSED] - Statement - println("Report group has right group name"): null

2018-06-14 17:21:32 - [TEST_STEP][PASSED] - Statement - reportgroup = "(//div[@class='ctable']/table/tbody/tr[@class='tdata clear'])[" + i + "]/td[7]": null

2018-06-14 17:21:32 - [TEST_STEP][PASSED] - Statement - reportgroupTxt = driver.findElement(org.openqa.selenium.By.xpath(reportgroup)).getText(): null

2018-06-14 17:21:32 - [TEST_STEP][PASSED] - Statement - If (reportgroupTxt == "AutomationGroup"): null

2018-06-14 17:21:32 - [TEST_STEP][PASSED] - Statement - Else: null

2018-06-14 17:21:32 - [TEST_STEP][PASSED] - Statement - If (!(TCflag)): null

2018-06-14 17:21:32 - [TEST_STEP][PASSED] - Statement - reportgroup = "(//div[@class='ctable']/table/tbody/tr[@class='tdata clear'])[" + i + "]/td[7]": null

2018-06-14 17:21:32 - [TEST_STEP][PASSED] - Statement - reportgroupTxt = driver.findElement(org.openqa.selenium.By.xpath(reportgroup)).getText(): null

2018-06-14 17:21:32 - [TEST_STEP][PASSED] - Statement - If (reportgroupTxt == "AutomationGroup"): null

2018-06-14 17:21:32 - [TEST_STEP][PASSED] - Statement - println("Report group has right group name"): null

2018-06-14 17:21:32 - [TEST_STEP][PASSED] - Statement - reportgroup = "(//div[@class='ctable']/table/tbody/tr[@class='tdata clear'])[" + i + "]/td[7]": null

2018-06-14 17:21:32 - [TEST_STEP][PASSED] - Statement - reportgroupTxt = driver.findElement(org.openqa.selenium.By.xpath(reportgroup)).getText(): null

2018-06-14 17:21:32 - [TEST_STEP][PASSED] - Statement - If (reportgroupTxt == "AutomationGroup"): null

2018-06-14 17:21:32 - [TEST_STEP][PASSED] - Statement - println("Report group has right group name"): null

2018-06-14 17:21:32 - [TEST_STEP][PASSED] - Statement - reportgroup = "(//div[@class='ctable']/table/tbody/tr[@class='tdata clear'])[" + i + "]/td[7]": null

2018-06-14 17:21:32 - [TEST_STEP][PASSED] - Statement - reportgroupTxt = driver.findElement(org.openqa.selenium.By.xpath(reportgroup)).getText(): null

2018-06-14 17:21:32 - [TEST_STEP][PASSED] - Statement - If (reportgroupTxt == "AutomationGroup"): null

2018-06-14 17:21:32 - [TEST_STEP][PASSED] - Statement - println("Report group has right group name"): null

2018-06-14 17:21:32 - [TEST_STEP][PASSED] - Statement - reportgroup = "(//div[@class='ctable']/table/tbody/tr[@class='tdata clear'])[" + i + "]/td[7]": null

2018-06-14 17:21:32 - [TEST_STEP][PASSED] - Statement - reportgroupTxt = driver.findElement(org.openqa.selenium.By.xpath(reportgroup)).getText(): null

2018-06-14 17:21:32 - [TEST_STEP][PASSED] - Statement - If (reportgroupTxt == "AutomationGroup"): null

2018-06-14 17:21:32 - [TEST_STEP][PASSED] - Statement - println("Report group has right group name"): null

2018-06-14 17:21:32 - [TEST_STEP][PASSED] - Statement - reportgroup = "(//div[@class='ctable']/table/tbody/tr[@class='tdata clear'])[" + i + "]/td[7]": null

2018-06-14 17:21:32 - [TEST_STEP][PASSED] - Statement - reportgroupTxt = driver.findElement(org.openqa.selenium.By.xpath(reportgroup)).getText(): null

2018-06-14 17:21:32 - [TEST_STEP][PASSED] - Statement - If (reportgroupTxt == "AutomationGroup"): null

2018-06-14 17:21:32 - [TEST_STEP][PASSED] - Statement - println("Report group has right group name"): null

2018-06-14 17:21:32 - [TEST_STEP][PASSED] - Statement - reportgroup = "(//div[@class='ctable']/table/tbody/tr[@class='tdata clear'])[" + i + "]/td[7]": null

2018-06-14 17:21:32 - [TEST_STEP][PASSED] - Statement - reportgroupTxt = driver.findElement(org.openqa.selenium.By.xpath(reportgroup)).getText(): null

2018-06-14 17:21:32 - [TEST_STEP][PASSED] - Statement - If (reportgroupTxt == "AutomationGroup"): null

2018-06-14 17:21:32 - [TEST_STEP][PASSED] - Statement - println("Report group has right group name"): null

2018-06-14 17:21:32 - [TEST_STEP][PASSED] - Statement - reportgroup = "(//div[@class='ctable']/table/tbody/tr[@class='tdata clear'])[" + i + "]/td[7]": null

2018-06-14 17:21:32 - [TEST_STEP][PASSED] - Statement - reportgroupTxt = driver.findElement(org.openqa.selenium.By.xpath(reportgroup)).getText(): null

2018-06-14 17:21:32 - [TEST_STEP][PASSED] - Statement - If (reportgroupTxt == "AutomationGroup"): null

2018-06-14 17:21:32 - [TEST_STEP][PASSED] - Statement - println("Report group has right group name"): null

2018-06-14 17:21:32 - [TEST_STEP][PASSED] - Statement - reportgroup = "(//div[@class='ctable']/table/tbody/tr[@class='tdata clear'])[" + i + "]/td[7]": null

2018-06-14 17:21:32 - [TEST_STEP][PASSED] - Statement - reportgroupTxt = driver.findElement(org.openqa.selenium.By.xpath(reportgroup)).getText(): null

2018-06-14 17:21:32 - [TEST_STEP][PASSED] - Statement - If (reportgroupTxt == "AutomationGroup"): null

2018-06-14 17:21:32 - [TEST_STEP][PASSED] - Statement - Else: null

2018-06-14 17:21:32 - [TEST_STEP][PASSED] - Statement - If (!(TCflag)): null

2018-06-14 17:21:32 - [TEST_STEP][PASSED] - Statement - reportgroup = "(//div[@class='ctable']/table/tbody/tr[@class='tdata clear'])[" + i + "]/td[7]": null

2018-06-14 17:21:32 - [TEST_STEP][PASSED] - Statement - reportgroupTxt = driver.findElement(org.openqa.selenium.By.xpath(reportgroup)).getText(): null

2018-06-14 17:21:32 - [TEST_STEP][PASSED] - Statement - If (reportgroupTxt == "AutomationGroup"): null

2018-06-14 17:21:32 - [TEST_STEP][PASSED] - Statement - println("Report group has right group name"): null

2018-06-14 17:21:32 - [TEST_STEP][PASSED] - Statement - reportgroup = "(//div[@class='ctable']/table/tbody/tr[@class='tdata clear'])[" + i + "]/td[7]": null

2018-06-14 17:21:32 - [TEST_STEP][PASSED] - Statement - reportgroupTxt = driver.findElement(org.openqa.selenium.By.xpath(reportgroup)).getText(): null

2018-06-14 17:21:32 - [TEST_STEP][PASSED] - Statement - If (reportgroupTxt == "AutomationGroup"): null

2018-06-14 17:21:32 - [TEST_STEP][PASSED] - Statement - println("Report group has right group name"): null

2018-06-14 17:21:32 - [TEST_STEP][PASSED] - Statement - reportgroup = "(//div[@class='ctable']/table/tbody/tr[@class='tdata clear'])[" + i + "]/td[7]": null

2018-06-14 17:21:32 - [TEST_STEP][PASSED] - Statement - reportgroupTxt = driver.findElement(org.openqa.selenium.By.xpath(reportgroup)).getText(): null

2018-06-14 17:21:32 - [TEST_STEP][PASSED] - Statement - If (reportgroupTxt == "AutomationGroup"): null

2018-06-14 17:21:32 - [TEST_STEP][PASSED] - Statement - Else: null

2018-06-14 17:21:32 - [TEST_STEP][PASSED] - Statement - If (!(TCflag)): null

2018-06-14 17:21:32 - [TEST_STEP][PASSED] - Statement - reportgroup = "(//div[@class='ctable']/table/tbody/tr[@class='tdata clear'])[" + i + "]/td[7]": null

2018-06-14 17:21:32 - [TEST_STEP][PASSED] - Statement - reportgroupTxt = driver.findElement(org.openqa.selenium.By.xpath(reportgroup)).getText(): null

2018-06-14 17:21:32 - [TEST_STEP][PASSED] - Statement - If (reportgroupTxt == "AutomationGroup"): null

2018-06-14 17:21:32 - [TEST_STEP][PASSED] - Statement - println("Report group has right group name"): null

2018-06-14 17:21:32 - [TEST_STEP][PASSED] - Statement - reportgroup = "(//div[@class='ctable']/table/tbody/tr[@class='tdata clear'])[" + i + "]/td[7]": null

2018-06-14 17:21:32 - [TEST_STEP][PASSED] - Statement - reportgroupTxt = driver.findElement(org.openqa.selenium.By.xpath(reportgroup)).getText(): null

2018-06-14 17:21:32 - [TEST_STEP][PASSED] - Statement - If (reportgroupTxt == "AutomationGroup"): null

2018-06-14 17:21:32 - [TEST_STEP][PASSED] - Statement - println("Report group has right group name"): null

2018-06-14 17:21:32 - [TEST_STEP][PASSED] - Statement - reportgroup = "(//div[@class='ctable']/table/tbody/tr[@class='tdata clear'])[" + i + "]/td[7]": null

2018-06-14 17:21:32 - [TEST_STEP][PASSED] - Statement - reportgroupTxt = driver.findElement(org.openqa.selenium.By.xpath(reportgroup)).getText(): null

2018-06-14 17:21:32 - [TEST_STEP][PASSED] - Statement - If (reportgroupTxt == "AutomationGroup"): null

2018-06-14 17:21:32 - [TEST_STEP][PASSED] - Statement - println("Report group has right group name"): null

2018-06-14 17:21:32 - [TEST_STEP][PASSED] - Statement - reportgroup = "(//div[@class='ctable']/table/tbody/tr[@class='tdata clear'])[" + i + "]/td[7]": null

2018-06-14 17:21:32 - [TEST_STEP][PASSED] - Statement - reportgroupTxt = driver.findElement(org.openqa.selenium.By.xpath(reportgroup)).getText(): null

2018-06-14 17:21:32 - [TEST_STEP][PASSED] - Statement - If (reportgroupTxt == "AutomationGroup"): null

2018-06-14 17:21:32 - [TEST_STEP][PASSED] - Statement - println("Report group has right group name"): null

2018-06-14 17:21:32 - [TEST_STEP][PASSED] - Statement - reportgroup = "(//div[@class='ctable']/table/tbody/tr[@class='tdata clear'])[" + i + "]/td[7]": null

2018-06-14 17:21:32 - [TEST_STEP][PASSED] - Statement - reportgroupTxt = driver.findElement(org.openqa.selenium.By.xpath(reportgroup)).getText(): null

2018-06-14 17:21:32 - [TEST_STEP][PASSED] - Statement - If (reportgroupTxt == "AutomationGroup"): null

2018-06-14 17:21:32 - [TEST_STEP][PASSED] - Statement - println("Report group has right group name"): null

2018-06-14 17:21:32 - [TEST_STEP][PASSED] - Statement - reportgroup = "(//div[@class='ctable']/table/tbody/tr[@class='tdata clear'])[" + i + "]/td[7]": null

2018-06-14 17:21:32 - [TEST_STEP][PASSED] - Statement - reportgroupTxt = driver.findElement(org.openqa.selenium.By.xpath(reportgroup)).getText(): null

2018-06-14 17:21:32 - [TEST_STEP][PASSED] - Statement - If (reportgroupTxt == "AutomationGroup"): null

2018-06-14 17:21:32 - [TEST_STEP][PASSED] - Statement - Else: null

2018-06-14 17:21:32 - [TEST_STEP][PASSED] - Statement - If (!(TCflag)): null

2018-06-14 17:21:32 - [TEST_STEP][PASSED] - Statement - reportgroup = "(//div[@class='ctable']/table/tbody/tr[@class='tdata clear'])[" + i + "]/td[7]": null

2018-06-14 17:21:32 - [TEST_STEP][PASSED] - Statement - reportgroupTxt = driver.findElement(org.openqa.selenium.By.xpath(reportgroup)).getText(): null

2018-06-14 17:21:33 - [TEST_STEP][PASSED] - Statement - If (reportgroupTxt == "AutomationGroup"): null

2018-06-14 17:21:33 - [TEST_STEP][PASSED] - Statement - println("Report group has right group name"): null

2018-06-14 17:21:33 - [TEST_STEP][PASSED] - Statement - reportgroup = "(//div[@class='ctable']/table/tbody/tr[@class='tdata clear'])[" + i + "]/td[7]": null

2018-06-14 17:21:33 - [TEST_STEP][PASSED] - Statement - reportgroupTxt = driver.findElement(org.openqa.selenium.By.xpath(reportgroup)).getText(): null

2018-06-14 17:21:33 - [TEST_STEP][PASSED] - Statement - If (reportgroupTxt == "AutomationGroup"): null

2018-06-14 17:21:33 - [TEST_STEP][PASSED] - Statement - println("Report group has right group name"): null

2018-06-14 17:21:33 - [TEST_STEP][PASSED] - Statement - reportgroup = "(//div[@class='ctable']/table/tbody/tr[@class='tdata clear'])[" + i + "]/td[7]": null

2018-06-14 17:21:33 - [TEST_STEP][PASSED] - Statement - reportgroupTxt = driver.findElement(org.openqa.selenium.By.xpath(reportgroup)).getText(): null

2018-06-14 17:21:33 - [TEST_STEP][PASSED] - Statement - If (reportgroupTxt == "AutomationGroup"): null

2018-06-14 17:21:33 - [TEST_STEP][PASSED] - Statement - Else: null

2018-06-14 17:21:33 - [TEST_STEP][PASSED] - Statement - If (!(TCflag)): null

2018-06-14 17:21:33 - [TEST_STEP][PASSED] - Statement - reportgroup = "(//div[@class='ctable']/table/tbody/tr[@class='tdata clear'])[" + i + "]/td[7]": null

2018-06-14 17:21:33 - [TEST_STEP][PASSED] - Statement - reportgroupTxt = driver.findElement(org.openqa.selenium.By.xpath(reportgroup)).getText(): null

2018-06-14 17:21:33 - [TEST_STEP][PASSED] - Statement - If (reportgroupTxt == "AutomationGroup"): null

2018-06-14 17:21:33 - [TEST_STEP][PASSED] - Statement - println("Report group has right group name"): null

2018-06-14 17:21:33 - [TEST_STEP][PASSED] - Statement - reportgroup = "(//div[@class='ctable']/table/tbody/tr[@class='tdata clear'])[" + i + "]/td[7]": null

2018-06-14 17:21:33 - [TEST_STEP][PASSED] - Statement - reportgroupTxt = driver.findElement(org.openqa.selenium.By.xpath(reportgroup)).getText(): null

2018-06-14 17:21:33 - [TEST_STEP][PASSED] - Statement - If (reportgroupTxt == "AutomationGroup"): null

2018-06-14 17:21:33 - [TEST_STEP][PASSED] - Statement - Else: null

2018-06-14 17:21:33 - [TEST_STEP][PASSED] - Statement - If (!(TCflag)): null

2018-06-14 17:21:33 - [TEST_STEP][PASSED] - Statement - reportgroup = "(//div[@class='ctable']/table/tbody/tr[@class='tdata clear'])[" + i + "]/td[7]": null

2018-06-14 17:21:33 - [TEST_STEP][PASSED] - Statement - reportgroupTxt = driver.findElement(org.openqa.selenium.By.xpath(reportgroup)).getText(): null

2018-06-14 17:21:33 - [TEST_STEP][PASSED] - Statement - If (reportgroupTxt == "AutomationGroup"): null

2018-06-14 17:21:33 - [TEST_STEP][PASSED] - Statement - println("Report group has right group name"): null

2018-06-14 17:21:33 - [TEST_STEP][PASSED] - Statement - reportgroup = "(//div[@class='ctable']/table/tbody/tr[@class='tdata clear'])[" + i + "]/td[7]": null

2018-06-14 17:21:33 - [TEST_STEP][PASSED] - Statement - reportgroupTxt = driver.findElement(org.openqa.selenium.By.xpath(reportgroup)).getText(): null

2018-06-14 17:21:33 - [TEST_STEP][PASSED] - Statement - If (reportgroupTxt == "AutomationGroup"): null

2018-06-14 17:21:33 - [TEST_STEP][PASSED] - Statement - println("Report group has right group name"): null

2018-06-14 17:21:33 - [TEST_STEP][PASSED] - Statement - reportgroup = "(//div[@class='ctable']/table/tbody/tr[@class='tdata clear'])[" + i + "]/td[7]": null

2018-06-14 17:21:33 - [TEST_STEP][PASSED] - Statement - reportgroupTxt = driver.findElement(org.openqa.selenium.By.xpath(reportgroup)).getText(): null

2018-06-14 17:21:33 - [TEST_STEP][PASSED] - Statement - If (reportgroupTxt == "AutomationGroup"): null

2018-06-14 17:21:33 - [TEST_STEP][PASSED] - Statement - println("Report group has right group name"): null

2018-06-14 17:21:33 - [TEST_STEP][PASSED] - Statement - reportgroup = "(//div[@class='ctable']/table/tbody/tr[@class='tdata clear'])[" + i + "]/td[7]": null

2018-06-14 17:21:33 - [TEST_STEP][PASSED] - Statement - reportgroupTxt = driver.findElement(org.openqa.selenium.By.xpath(reportgroup)).getText(): null

2018-06-14 17:21:33 - [TEST_STEP][PASSED] - Statement - If (reportgroupTxt == "AutomationGroup"): null

2018-06-14 17:21:33 - [TEST_STEP][PASSED] - Statement - Else: null

2018-06-14 17:21:33 - [TEST_STEP][PASSED] - Statement - If (!(TCflag)): null

2018-06-14 17:21:33 - [TEST_STEP][PASSED] - Statement - reportgroup = "(//div[@class='ctable']/table/tbody/tr[@class='tdata clear'])[" + i + "]/td[7]": null

2018-06-14 17:21:33 - [TEST_STEP][PASSED] - Statement - reportgroupTxt = driver.findElement(org.openqa.selenium.By.xpath(reportgroup)).getText(): null

2018-06-14 17:21:33 - [TEST_STEP][PASSED] - Statement - If (reportgroupTxt == "AutomationGroup"): null

2018-06-14 17:21:33 - [TEST_STEP][PASSED] - Statement - println("Report group has right group name"): null

2018-06-14 17:21:33 - [TEST_STEP][PASSED] - Statement - reportgroup = "(//div[@class='ctable']/table/tbody/tr[@class='tdata clear'])[" + i + "]/td[7]": null

2018-06-14 17:21:33 - [TEST_STEP][PASSED] - Statement - reportgroupTxt = driver.findElement(org.openqa.selenium.By.xpath(reportgroup)).getText(): null

2018-06-14 17:21:33 - [TEST_STEP][PASSED] - Statement - If (reportgroupTxt == "AutomationGroup"): null

2018-06-14 17:21:33 - [TEST_STEP][PASSED] - Statement - println("Report group has right group name"): null

2018-06-14 17:21:33 - [TEST_STEP][PASSED] - Statement - reportgroup = "(//div[@class='ctable']/table/tbody/tr[@class='tdata clear'])[" + i + "]/td[7]": null

2018-06-14 17:21:33 - [TEST_STEP][PASSED] - Statement - reportgroupTxt = driver.findElement(org.openqa.selenium.By.xpath(reportgroup)).getText(): null

2018-06-14 17:21:33 - [TEST_STEP][PASSED] - Statement - If (reportgroupTxt == "AutomationGroup"): null

2018-06-14 17:21:33 - [TEST_STEP][PASSED] - Statement - println("Report group has right group name"): null

2018-06-14 17:21:33 - [TEST_STEP][PASSED] - Statement - reportgroup = "(//div[@class='ctable']/table/tbody/tr[@class='tdata clear'])[" + i + "]/td[7]": null

2018-06-14 17:21:33 - [TEST_STEP][PASSED] - Statement - reportgroupTxt = driver.findElement(org.openqa.selenium.By.xpath(reportgroup)).getText(): null

2018-06-14 17:21:33 - [TEST_STEP][PASSED] - Statement - If (reportgroupTxt == "AutomationGroup"): null

2018-06-14 17:21:33 - [TEST_STEP][PASSED] - Statement - println("Report group has right group name"): null

2018-06-14 17:21:33 - [TEST_STEP][PASSED] - Statement - reportgroup = "(//div[@class='ctable']/table/tbody/tr[@class='tdata clear'])[" + i + "]/td[7]": null

2018-06-14 17:21:33 - [TEST_STEP][PASSED] - Statement - reportgroupTxt = driver.findElement(org.openqa.selenium.By.xpath(reportgroup)).getText(): null

2018-06-14 17:21:33 - [TEST_STEP][PASSED] - Statement - If (reportgroupTxt == "AutomationGroup"): null

2018-06-14 17:21:33 - [TEST_STEP][PASSED] - Statement - println("Report group has right group name"): null

2018-06-14 17:21:33 - [TEST_STEP][PASSED] - Statement - reportgroup = "(//div[@class='ctable']/table/tbody/tr[@class='tdata clear'])[" + i + "]/td[7]": null

2018-06-14 17:21:33 - [TEST_STEP][PASSED] - Statement - reportgroupTxt = driver.findElement(org.openqa.selenium.By.xpath(reportgroup)).getText(): null

2018-06-14 17:21:33 - [TEST_STEP][PASSED] - Statement - If (reportgroupTxt == "AutomationGroup"): null

2018-06-14 17:21:33 - [TEST_STEP][PASSED] - Statement - println("Report group has right group name"): null

2018-06-14 17:21:33 - [TEST_STEP][PASSED] - Statement - reportgroup = "(//div[@class='ctable']/table/tbody/tr[@class='tdata clear'])[" + i + "]/td[7]": null

2018-06-14 17:21:33 - [TEST_STEP][PASSED] - Statement - reportgroupTxt = driver.findElement(org.openqa.selenium.By.xpath(reportgroup)).getText(): null

2018-06-14 17:21:33 - [TEST_STEP][PASSED] - Statement - If (reportgroupTxt == "AutomationGroup"): null

2018-06-14 17:21:33 - [TEST_STEP][PASSED] - Statement - println("Report group has right group name"): null

2018-06-14 17:21:33 - [TEST_STEP][PASSED] - Statement - reportgroup = "(//div[@class='ctable']/table/tbody/tr[@class='tdata clear'])[" + i + "]/td[7]": null

2018-06-14 17:21:33 - [TEST_STEP][PASSED] - Statement - reportgroupTxt = driver.findElement(org.openqa.selenium.By.xpath(reportgroup)).getText(): null

2018-06-14 17:21:33 - [TEST_STEP][PASSED] - Statement - If (reportgroupTxt == "AutomationGroup"): null

2018-06-14 17:21:33 - [TEST_STEP][PASSED] - Statement - println("Report group has right group name"): null

2018-06-14 17:21:33 - [TEST_STEP][PASSED] - Statement - reportgroup = "(//div[@class='ctable']/table/tbody/tr[@class='tdata clear'])[" + i + "]/td[7]": null

2018-06-14 17:21:33 - [TEST_STEP][PASSED] - Statement - reportgroupTxt = driver.findElement(org.openqa.selenium.By.xpath(reportgroup)).getText(): null

2018-06-14 17:21:33 - [TEST_STEP][PASSED] - Statement - If (reportgroupTxt == "AutomationGroup"): null

2018-06-14 17:21:33 - [TEST_STEP][PASSED] - Statement - println("Report group has right group name"): null

2018-06-14 17:21:33 - [TEST_STEP][PASSED] - Statement - reportgroup = "(//div[@class='ctable']/table/tbody/tr[@class='tdata clear'])[" + i + "]/td[7]": null

2018-06-14 17:21:33 - [TEST_STEP][PASSED] - Statement - reportgroupTxt = driver.findElement(org.openqa.selenium.By.xpath(reportgroup)).getText(): null

2018-06-14 17:21:33 - [TEST_STEP][PASSED] - Statement - If (reportgroupTxt == "AutomationGroup"): null

2018-06-14 17:21:33 - [TEST_STEP][PASSED] - Statement - println("Report group has right group name"): null

2018-06-14 17:21:33 - [TEST_STEP][PASSED] - Statement - reportgroup = "(//div[@class='ctable']/table/tbody/tr[@class='tdata clear'])[" + i + "]/td[7]": null

2018-06-14 17:21:33 - [TEST_STEP][PASSED] - Statement - reportgroupTxt = driver.findElement(org.openqa.selenium.By.xpath(reportgroup)).getText(): null

2018-06-14 17:21:33 - [TEST_STEP][PASSED] - Statement - If (reportgroupTxt == "AutomationGroup"): null

2018-06-14 17:21:33 - [TEST_STEP][PASSED] - Statement - println("Report group has right group name"): null

2018-06-14 17:21:33 - [TEST_STEP][PASSED] - Statement - reportgroup = "(//div[@class='ctable']/table/tbody/tr[@class='tdata clear'])[" + i + "]/td[7]": null

2018-06-14 17:21:33 - [TEST_STEP][PASSED] - Statement - reportgroupTxt = driver.findElement(org.openqa.selenium.By.xpath(reportgroup)).getText(): null

2018-06-14 17:21:33 - [TEST_STEP][PASSED] - Statement - If (reportgroupTxt == "AutomationGroup"): null

2018-06-14 17:21:33 - [TEST_STEP][PASSED] - Statement - println("Report group has right group name"): null

2018-06-14 17:21:33 - [TEST_STEP][PASSED] - Statement - reportgroup = "(//div[@class='ctable']/table/tbody/tr[@class='tdata clear'])[" + i + "]/td[7]": null

2018-06-14 17:21:33 - [TEST_STEP][PASSED] - Statement - reportgroupTxt = driver.findElement(org.openqa.selenium.By.xpath(reportgroup)).getText(): null

2018-06-14 17:21:33 - [TEST_STEP][PASSED] - Statement - If (reportgroupTxt == "AutomationGroup"): null

2018-06-14 17:21:33 - [TEST_STEP][PASSED] - Statement - println("Report group has right group name"): null

2018-06-14 17:21:33 - [TEST_STEP][PASSED] - Statement - reportgroup = "(//div[@class='ctable']/table/tbody/tr[@class='tdata clear'])[" + i + "]/td[7]": null

2018-06-14 17:21:33 - [TEST_STEP][PASSED] - Statement - reportgroupTxt = driver.findElement(org.openqa.selenium.By.xpath(reportgroup)).getText(): null

2018-06-14 17:21:33 - [TEST_STEP][PASSED] - Statement - If (reportgroupTxt == "AutomationGroup"): null

2018-06-14 17:21:33 - [TEST_STEP][PASSED] - Statement - println("Report group has right group name"): null

2018-06-14 17:21:33 - [TEST_STEP][PASSED] - Statement - reportgroup = "(//div[@class='ctable']/table/tbody/tr[@class='tdata clear'])[" + i + "]/td[7]": null

2018-06-14 17:21:33 - [TEST_STEP][PASSED] - Statement - reportgroupTxt = driver.findElement(org.openqa.selenium.By.xpath(reportgroup)).getText(): null

2018-06-14 17:21:33 - [TEST_STEP][PASSED] - Statement - If (reportgroupTxt == "AutomationGroup"): null

2018-06-14 17:21:33 - [TEST_STEP][PASSED] - Statement - println("Report group has right group name"): null

2018-06-14 17:21:33 - [TEST_STEP][PASSED] - Statement - reportgroup = "(//div[@class='ctable']/table/tbody/tr[@class='tdata clear'])[" + i + "]/td[7]": null

2018-06-14 17:21:33 - [TEST_STEP][PASSED] - Statement - reportgroupTxt = driver.findElement(org.openqa.selenium.By.xpath(reportgroup)).getText(): null

2018-06-14 17:21:33 - [TEST_STEP][PASSED] - Statement - If (reportgroupTxt == "AutomationGroup"): null

2018-06-14 17:21:33 - [TEST_STEP][PASSED] - Statement - println("Report group has right group name"): null

2018-06-14 17:21:33 - [TEST_STEP][PASSED] - Statement - reportgroup = "(//div[@class='ctable']/table/tbody/tr[@class='tdata clear'])[" + i + "]/td[7]": null

2018-06-14 17:21:33 - [TEST_STEP][PASSED] - Statement - reportgroupTxt = driver.findElement(org.openqa.selenium.By.xpath(reportgroup)).getText(): null

2018-06-14 17:21:33 - [TEST_STEP][PASSED] - Statement - If (reportgroupTxt == "AutomationGroup"): null

2018-06-14 17:21:33 - [TEST_STEP][PASSED] - Statement - println("Report group has right group name"): null

2018-06-14 17:21:33 - [TEST_STEP][PASSED] - Statement - reportgroup = "(//div[@class='ctable']/table/tbody/tr[@class='tdata clear'])[" + i + "]/td[7]": null

2018-06-14 17:21:33 - [TEST_STEP][PASSED] - Statement - reportgroupTxt = driver.findElement(org.openqa.selenium.By.xpath(reportgroup)).getText(): null

2018-06-14 17:21:33 - [TEST_STEP][PASSED] - Statement - If (reportgroupTxt == "AutomationGroup"): null

2018-06-14 17:21:33 - [TEST_STEP][PASSED] - Statement - println("Report group has right group name"): null

2018-06-14 17:21:33 - [TEST_STEP][PASSED] - Statement - reportgroup = "(//div[@class='ctable']/table/tbody/tr[@class='tdata clear'])[" + i + "]/td[7]": null

2018-06-14 17:21:33 - [TEST_STEP][PASSED] - Statement - reportgroupTxt = driver.findElement(org.openqa.selenium.By.xpath(reportgroup)).getText(): null

2018-06-14 17:21:33 - [TEST_STEP][PASSED] - Statement - If (reportgroupTxt == "AutomationGroup"): null

2018-06-14 17:21:33 - [TEST_STEP][PASSED] - Statement - println("Report group has right group name"): null

2018-06-14 17:21:33 - [TEST_STEP][PASSED] - Statement - reportgroup = "(//div[@class='ctable']/table/tbody/tr[@class='tdata clear'])[" + i + "]/td[7]": null

2018-06-14 17:21:33 - [TEST_STEP][PASSED] - Statement - reportgroupTxt = driver.findElement(org.openqa.selenium.By.xpath(reportgroup)).getText(): null

2018-06-14 17:21:33 - [TEST_STEP][PASSED] - Statement - If (reportgroupTxt == "AutomationGroup"): null

2018-06-14 17:21:33 - [TEST_STEP][PASSED] - Statement - println("Report group has right group name"): null

2018-06-14 17:21:33 - [TEST_STEP][PASSED] - Statement - reportgroup = "(//div[@class='ctable']/table/tbody/tr[@class='tdata clear'])[" + i + "]/td[7]": null

2018-06-14 17:21:33 - [TEST_STEP][PASSED] - Statement - reportgroupTxt = driver.findElement(org.openqa.selenium.By.xpath(reportgroup)).getText(): null

2018-06-14 17:21:33 - [TEST_STEP][PASSED] - Statement - If (reportgroupTxt == "AutomationGroup"): null

2018-06-14 17:21:33 - [TEST_STEP][PASSED] - Statement - Else: null

2018-06-14 17:21:33 - [TEST_STEP][PASSED] - Statement - If (!(TCflag)): null

2018-06-14 17:21:33 - [TEST_STEP][PASSED] - Statement - reportgroup = "(//div[@class='ctable']/table/tbody/tr[@class='tdata clear'])[" + i + "]/td[7]": null

2018-06-14 17:21:33 - [TEST_STEP][PASSED] - Statement - reportgroupTxt = driver.findElement(org.openqa.selenium.By.xpath(reportgroup)).getText(): null

2018-06-14 17:21:33 - [TEST_STEP][PASSED] - Statement - If (reportgroupTxt == "AutomationGroup"): null

2018-06-14 17:21:33 - [TEST_STEP][PASSED] - Statement - println("Report group has right group name"): null

2018-06-14 17:21:33 - [TEST_STEP][PASSED] - Statement - reportgroup = "(//div[@class='ctable']/table/tbody/tr[@class='tdata clear'])[" + i + "]/td[7]": null

2018-06-14 17:21:33 - [TEST_STEP][PASSED] - Statement - reportgroupTxt = driver.findElement(org.openqa.selenium.By.xpath(reportgroup)).getText(): null

2018-06-14 17:21:33 - [TEST_STEP][PASSED] - Statement - If (reportgroupTxt == "AutomationGroup"): null

2018-06-14 17:21:33 - [TEST_STEP][PASSED] - Statement - Else: null

2018-06-14 17:21:33 - [TEST_STEP][PASSED] - Statement - If (!(TCflag)): null

2018-06-14 17:21:33 - [TEST_STEP][PASSED] - Statement - reportgroup = "(//div[@class='ctable']/table/tbody/tr[@class='tdata clear'])[" + i + "]/td[7]": null

2018-06-14 17:21:33 - [TEST_STEP][PASSED] - Statement - reportgroupTxt = driver.findElement(org.openqa.selenium.By.xpath(reportgroup)).getText(): null

2018-06-14 17:21:33 - [TEST_STEP][PASSED] - Statement - If (reportgroupTxt == "AutomationGroup"): null

2018-06-14 17:21:33 - [TEST_STEP][PASSED] - Statement - println("Report group has right group name"): null

2018-06-14 17:21:33 - [TEST_STEP][PASSED] - Statement - reportgroup = "(//div[@class='ctable']/table/tbody/tr[@class='tdata clear'])[" + i + "]/td[7]": null

2018-06-14 17:21:33 - [TEST_STEP][PASSED] - Statement - reportgroupTxt = driver.findElement(org.openqa.selenium.By.xpath(reportgroup)).getText(): null

2018-06-14 17:21:33 - [TEST_STEP][PASSED] - Statement - If (reportgroupTxt == "AutomationGroup"): null

2018-06-14 17:21:33 - [TEST_STEP][PASSED] - Statement - println("Report group has right group name"): null

2018-06-14 17:21:33 - [TEST_STEP][PASSED] - Statement - reportgroup = "(//div[@class='ctable']/table/tbody/tr[@class='tdata clear'])[" + i + "]/td[7]": null

2018-06-14 17:21:33 - [TEST_STEP][PASSED] - Statement - reportgroupTxt = driver.findElement(org.openqa.selenium.By.xpath(reportgroup)).getText(): null

2018-06-14 17:21:34 - [TEST_STEP][PASSED] - Statement - If (reportgroupTxt == "AutomationGroup"): null

2018-06-14 17:21:34 - [TEST_STEP][PASSED] - Statement - println("Report group has right group name"): null

2018-06-14 17:21:34 - [TEST_STEP][PASSED] - Statement - reportgroup = "(//div[@class='ctable']/table/tbody/tr[@class='tdata clear'])[" + i + "]/td[7]": null

2018-06-14 17:21:34 - [TEST_STEP][PASSED] - Statement - reportgroupTxt = driver.findElement(org.openqa.selenium.By.xpath(reportgroup)).getText(): null

2018-06-14 17:21:34 - [TEST_STEP][PASSED] - Statement - If (reportgroupTxt == "AutomationGroup"): null

2018-06-14 17:21:34 - [TEST_STEP][PASSED] - Statement - println("Report group has right group name"): null

2018-06-14 17:21:34 - [TEST_STEP][PASSED] - Statement - reportgroup = "(//div[@class='ctable']/table/tbody/tr[@class='tdata clear'])[" + i + "]/td[7]": null

2018-06-14 17:21:34 - [TEST_STEP][PASSED] - Statement - reportgroupTxt = driver.findElement(org.openqa.selenium.By.xpath(reportgroup)).getText(): null

2018-06-14 17:21:34 - [TEST_STEP][PASSED] - Statement - If (reportgroupTxt == "AutomationGroup"): null

2018-06-14 17:21:34 - [TEST_STEP][PASSED] - Statement - Else: null

2018-06-14 17:21:34 - [TEST_STEP][PASSED] - Statement - If (!(TCflag)): null

2018-06-14 17:21:34 - [TEST_STEP][PASSED] - Statement - reportgroup = "(//div[@class='ctable']/table/tbody/tr[@class='tdata clear'])[" + i + "]/td[7]": null

2018-06-14 17:21:34 - [TEST_STEP][PASSED] - Statement - reportgroupTxt = driver.findElement(org.openqa.selenium.By.xpath(reportgroup)).getText(): null

2018-06-14 17:21:34 - [TEST_STEP][PASSED] - Statement - If (reportgroupTxt == "AutomationGroup"): null

2018-06-14 17:21:34 - [TEST_STEP][PASSED] - Statement - println("Report group has right group name"): null

2018-06-14 17:21:34 - [TEST_STEP][PASSED] - Statement - reportgroup = "(//div[@class='ctable']/table/tbody/tr[@class='tdata clear'])[" + i + "]/td[7]": null

2018-06-14 17:21:34 - [TEST_STEP][PASSED] - Statement - reportgroupTxt = driver.findElement(org.openqa.selenium.By.xpath(reportgroup)).getText(): null

2018-06-14 17:21:34 - [TEST_STEP][PASSED] - Statement - If (reportgroupTxt == "AutomationGroup"): null

2018-06-14 17:21:34 - [TEST_STEP][PASSED] - Statement - println("Report group has right group name"): null

2018-06-14 17:21:34 - [TEST_STEP][PASSED] - Statement - reportgroup = "(//div[@class='ctable']/table/tbody/tr[@class='tdata clear'])[" + i + "]/td[7]": null

2018-06-14 17:21:34 - [TEST_STEP][PASSED] - Statement - reportgroupTxt = driver.findElement(org.openqa.selenium.By.xpath(reportgroup)).getText(): null

2018-06-14 17:21:34 - [TEST_STEP][PASSED] - Statement - If (reportgroupTxt == "AutomationGroup"): null

2018-06-14 17:21:34 - [TEST_STEP][PASSED] - Statement - println("Report group has right group name"): null

2018-06-14 17:21:34 - [TEST_STEP][PASSED] - Statement - reportgroup = "(//div[@class='ctable']/table/tbody/tr[@class='tdata clear'])[" + i + "]/td[7]": null

2018-06-14 17:21:34 - [TEST_STEP][PASSED] - Statement - reportgroupTxt = driver.findElement(org.openqa.selenium.By.xpath(reportgroup)).getText(): null

2018-06-14 17:21:34 - [TEST_STEP][PASSED] - Statement - If (reportgroupTxt == "AutomationGroup"): null

2018-06-14 17:21:34 - [TEST_STEP][PASSED] - Statement - println("Report group has right group name"): null

2018-06-14 17:21:34 - [TEST_STEP][PASSED] - Statement - reportgroup = "(//div[@class='ctable']/table/tbody/tr[@class='tdata clear'])[" + i + "]/td[7]": null

2018-06-14 17:21:34 - [TEST_STEP][PASSED] - Statement - reportgroupTxt = driver.findElement(org.openqa.selenium.By.xpath(reportgroup)).getText(): null

2018-06-14 17:21:34 - [TEST_STEP][PASSED] - Statement - If (reportgroupTxt == "AutomationGroup"): null

2018-06-14 17:21:34 - [TEST_STEP][PASSED] - Statement - Else: null

2018-06-14 17:21:34 - [TEST_STEP][PASSED] - Statement - If (!(TCflag)): null

2018-06-14 17:21:34 - [TEST_STEP][PASSED] - Statement - reportgroup = "(//div[@class='ctable']/table/tbody/tr[@class='tdata clear'])[" + i + "]/td[7]": null

2018-06-14 17:21:34 - [TEST_STEP][PASSED] - Statement - reportgroupTxt = driver.findElement(org.openqa.selenium.By.xpath(reportgroup)).getText(): null

2018-06-14 17:21:34 - [TEST_STEP][PASSED] - Statement - If (reportgroupTxt == "AutomationGroup"): null

2018-06-14 17:21:34 - [TEST_STEP][PASSED] - Statement - Else: null

2018-06-14 17:21:34 - [TEST_STEP][PASSED] - Statement - If (!(TCflag)): null

2018-06-14 17:21:34 - [TEST_STEP][PASSED] - Statement - reportgroup = "(//div[@class='ctable']/table/tbody/tr[@class='tdata clear'])[" + i + "]/td[7]": null

2018-06-14 17:21:34 - [TEST_STEP][PASSED] - Statement - reportgroupTxt = driver.findElement(org.openqa.selenium.By.xpath(reportgroup)).getText(): null

2018-06-14 17:21:34 - [TEST_STEP][PASSED] - Statement - If (reportgroupTxt == "AutomationGroup"): null

2018-06-14 17:21:34 - [TEST_STEP][PASSED] - Statement - println("Report group has right group name"): null

2018-06-14 17:21:34 - [TEST_STEP][PASSED] - Statement - reportgroup = "(//div[@class='ctable']/table/tbody/tr[@class='tdata clear'])[" + i + "]/td[7]": null

2018-06-14 17:21:34 - [TEST_STEP][PASSED] - Statement - reportgroupTxt = driver.findElement(org.openqa.selenium.By.xpath(reportgroup)).getText(): null

2018-06-14 17:21:34 - [TEST_STEP][PASSED] - Statement - If (reportgroupTxt == "AutomationGroup"): null

2018-06-14 17:21:34 - [TEST_STEP][PASSED] - Statement - println("Report group has right group name"): null

2018-06-14 17:21:34 - [TEST_STEP][PASSED] - Statement - reportgroup = "(//div[@class='ctable']/table/tbody/tr[@class='tdata clear'])[" + i + "]/td[7]": null

2018-06-14 17:21:34 - [TEST_STEP][PASSED] - Statement - reportgroupTxt = driver.findElement(org.openqa.selenium.By.xpath(reportgroup)).getText(): null

2018-06-14 17:21:34 - [TEST_STEP][PASSED] - Statement - If (reportgroupTxt == "AutomationGroup"): null

2018-06-14 17:21:34 - [TEST_STEP][PASSED] - Statement - println("Report group has right group name"): null

2018-06-14 17:21:34 - [TEST_STEP][PASSED] - Statement - reportgroup = "(//div[@class='ctable']/table/tbody/tr[@class='tdata clear'])[" + i + "]/td[7]": null

2018-06-14 17:21:34 - [TEST_STEP][PASSED] - Statement - reportgroupTxt = driver.findElement(org.openqa.selenium.By.xpath(reportgroup)).getText(): null

2018-06-14 17:21:34 - [TEST_STEP][PASSED] - Statement - If (reportgroupTxt == "AutomationGroup"): null

2018-06-14 17:21:34 - [TEST_STEP][PASSED] - Statement - println("Report group has right group name"): null

2018-06-14 17:21:34 - [TEST_STEP][PASSED] - Statement - reportgroup = "(//div[@class='ctable']/table/tbody/tr[@class='tdata clear'])[" + i + "]/td[7]": null

2018-06-14 17:21:34 - [TEST_STEP][PASSED] - Statement - reportgroupTxt = driver.findElement(org.openqa.selenium.By.xpath(reportgroup)).getText(): null

2018-06-14 17:21:34 - [TEST_STEP][PASSED] - Statement - If (reportgroupTxt == "AutomationGroup"): null

2018-06-14 17:21:34 - [TEST_STEP][PASSED] - Statement - println("Report group has right group name"): null

2018-06-14 17:21:34 - [TEST_STEP][PASSED] - Statement - reportgroup = "(//div[@class='ctable']/table/tbody/tr[@class='tdata clear'])[" + i + "]/td[7]": null

2018-06-14 17:21:34 - [TEST_STEP][PASSED] - Statement - reportgroupTxt = driver.findElement(org.openqa.selenium.By.xpath(reportgroup)).getText(): null

2018-06-14 17:21:34 - [TEST_STEP][PASSED] - Statement - If (reportgroupTxt == "AutomationGroup"): null

2018-06-14 17:21:34 - [TEST_STEP][PASSED] - Statement - Else: null

2018-06-14 17:21:34 - [TEST_STEP][PASSED] - Statement - If (!(TCflag)): null

2018-06-14 17:21:34 - [TEST_STEP][PASSED] - Statement - reportgroup = "(//div[@class='ctable']/table/tbody/tr[@class='tdata clear'])[" + i + "]/td[7]": null

2018-06-14 17:21:34 - [TEST_STEP][PASSED] - Statement - reportgroupTxt = driver.findElement(org.openqa.selenium.By.xpath(reportgroup)).getText(): null

2018-06-14 17:21:34 - [TEST_STEP][PASSED] - Statement - If (reportgroupTxt == "AutomationGroup"): null

2018-06-14 17:21:34 - [TEST_STEP][PASSED] - Statement - println("Report group has right group name"): null

2018-06-14 17:21:34 - [TEST_STEP][PASSED] - Statement - reportgroup = "(//div[@class='ctable']/table/tbody/tr[@class='tdata clear'])[" + i + "]/td[7]": null

2018-06-14 17:21:34 - [TEST_STEP][PASSED] - Statement - reportgroupTxt = driver.findElement(org.openqa.selenium.By.xpath(reportgroup)).getText(): null

2018-06-14 17:21:34 - [TEST_STEP][PASSED] - Statement - If (reportgroupTxt == "AutomationGroup"): null

2018-06-14 17:21:34 - [TEST_STEP][PASSED] - Statement - println("Report group has right group name"): null

2018-06-14 17:21:34 - [TEST_STEP][PASSED] - Statement - reportgroup = "(//div[@class='ctable']/table/tbody/tr[@class='tdata clear'])[" + i + "]/td[7]": null

2018-06-14 17:21:34 - [TEST_STEP][PASSED] - Statement - reportgroupTxt = driver.findElement(org.openqa.selenium.By.xpath(reportgroup)).getText(): null

2018-06-14 17:21:34 - [TEST_STEP][PASSED] - Statement - If (reportgroupTxt == "AutomationGroup"): null

2018-06-14 17:21:34 - [TEST_STEP][PASSED] - Statement - Else: null

2018-06-14 17:21:34 - [TEST_STEP][PASSED] - Statement - If (!(TCflag)): null

2018-06-14 17:21:34 - [TEST_STEP][PASSED] - Statement - reportgroup = "(//div[@class='ctable']/table/tbody/tr[@class='tdata clear'])[" + i + "]/td[7]": null

2018-06-14 17:21:34 - [TEST_STEP][PASSED] - Statement - reportgroupTxt = driver.findElement(org.openqa.selenium.By.xpath(reportgroup)).getText(): null

2018-06-14 17:21:34 - [TEST_STEP][PASSED] - Statement - If (reportgroupTxt == "AutomationGroup"): null

2018-06-14 17:21:34 - [TEST_STEP][PASSED] - Statement - println("Report group has right group name"): null

2018-06-14 17:21:34 - [TEST_STEP][PASSED] - Statement - reportgroup = "(//div[@class='ctable']/table/tbody/tr[@class='tdata clear'])[" + i + "]/td[7]": null

2018-06-14 17:21:34 - [TEST_STEP][PASSED] - Statement - reportgroupTxt = driver.findElement(org.openqa.selenium.By.xpath(reportgroup)).getText(): null

2018-06-14 17:21:34 - [TEST_STEP][PASSED] - Statement - If (reportgroupTxt == "AutomationGroup"): null

2018-06-14 17:21:34 - [TEST_STEP][PASSED] - Statement - println("Report group has right group name"): null

2018-06-14 17:21:34 - [TEST_STEP][PASSED] - Statement - reportgroup = "(//div[@class='ctable']/table/tbody/tr[@class='tdata clear'])[" + i + "]/td[7]": null

2018-06-14 17:21:34 - [TEST_STEP][PASSED] - Statement - reportgroupTxt = driver.findElement(org.openqa.selenium.By.xpath(reportgroup)).getText(): null

2018-06-14 17:21:34 - [TEST_STEP][PASSED] - Statement - If (reportgroupTxt == "AutomationGroup"): null

2018-06-14 17:21:34 - [TEST_STEP][PASSED] - Statement - println("Report group has right group name"): null

2018-06-14 17:21:34 - [TEST_STEP][PASSED] - Statement - reportgroup = "(//div[@class='ctable']/table/tbody/tr[@class='tdata clear'])[" + i + "]/td[7]": null

2018-06-14 17:21:34 - [TEST_STEP][PASSED] - Statement - reportgroupTxt = driver.findElement(org.openqa.selenium.By.xpath(reportgroup)).getText(): null

2018-06-14 17:21:34 - [TEST_STEP][PASSED] - Statement - If (reportgroupTxt == "AutomationGroup"): null

2018-06-14 17:21:34 - [TEST_STEP][PASSED] - Statement - println("Report group has right group name"): null

2018-06-14 17:21:34 - [TEST_STEP][PASSED] - Statement - reportgroup = "(//div[@class='ctable']/table/tbody/tr[@class='tdata clear'])[" + i + "]/td[7]": null

2018-06-14 17:21:34 - [TEST_STEP][PASSED] - Statement - reportgroupTxt = driver.findElement(org.openqa.selenium.By.xpath(reportgroup)).getText(): null

2018-06-14 17:21:34 - [TEST_STEP][PASSED] - Statement - If (reportgroupTxt == "AutomationGroup"): null

2018-06-14 17:21:34 - [TEST_STEP][PASSED] - Statement - println("Report group has right group name"): null

2018-06-14 17:21:34 - [TEST_STEP][PASSED] - Statement - reportgroup = "(//div[@class='ctable']/table/tbody/tr[@class='tdata clear'])[" + i + "]/td[7]": null

2018-06-14 17:21:34 - [TEST_STEP][PASSED] - Statement - reportgroupTxt = driver.findElement(org.openqa.selenium.By.xpath(reportgroup)).getText(): null

2018-06-14 17:21:34 - [TEST_STEP][PASSED] - Statement - If (reportgroupTxt == "AutomationGroup"): null

2018-06-14 17:21:34 - [TEST_STEP][PASSED] - Statement - println("Report group has right group name"): null

2018-06-14 17:21:34 - [TEST_STEP][PASSED] - Statement - reportgroup = "(//div[@class='ctable']/table/tbody/tr[@class='tdata clear'])[" + i + "]/td[7]": null

2018-06-14 17:21:34 - [TEST_STEP][PASSED] - Statement - reportgroupTxt = driver.findElement(org.openqa.selenium.By.xpath(reportgroup)).getText(): null

2018-06-14 17:21:34 - [TEST_STEP][PASSED] - Statement - If (reportgroupTxt == "AutomationGroup"): null

2018-06-14 17:21:34 - [TEST_STEP][PASSED] - Statement - println("Report group has right group name"): null

2018-06-14 17:21:34 - [TEST_STEP][PASSED] - Statement - reportgroup = "(//div[@class='ctable']/table/tbody/tr[@class='tdata clear'])[" + i + "]/td[7]": null

2018-06-14 17:21:34 - [TEST_STEP][PASSED] - Statement - reportgroupTxt = driver.findElement(org.openqa.selenium.By.xpath(reportgroup)).getText(): null

2018-06-14 17:21:34 - [TEST_STEP][PASSED] - Statement - If (reportgroupTxt == "AutomationGroup"): null

2018-06-14 17:21:34 - [TEST_STEP][PASSED] - Statement - println("Report group has right group name"): null

2018-06-14 17:21:34 - [TEST_STEP][PASSED] - Statement - reportgroup = "(//div[@class='ctable']/table/tbody/tr[@class='tdata clear'])[" + i + "]/td[7]": null

2018-06-14 17:21:34 - [TEST_STEP][PASSED] - Statement - reportgroupTxt = driver.findElement(org.openqa.selenium.By.xpath(reportgroup)).getText(): null

2018-06-14 17:21:34 - [TEST_STEP][PASSED] - Statement - If (reportgroupTxt == "AutomationGroup"): null

2018-06-14 17:21:34 - [TEST_STEP][PASSED] - Statement - println("Report group has right group name"): null

2018-06-14 17:21:34 - [TEST_STEP][PASSED] - Statement - reportgroup = "(//div[@class='ctable']/table/tbody/tr[@class='tdata clear'])[" + i + "]/td[7]": null

2018-06-14 17:21:34 - [TEST_STEP][PASSED] - Statement - reportgroupTxt = driver.findElement(org.openqa.selenium.By.xpath(reportgroup)).getText(): null

2018-06-14 17:21:34 - [TEST_STEP][PASSED] - Statement - If (reportgroupTxt == "AutomationGroup"): null

2018-06-14 17:21:34 - [TEST_STEP][PASSED] - Statement - Else: null

2018-06-14 17:21:34 - [TEST_STEP][PASSED] - Statement - If (!(TCflag)): null

2018-06-14 17:21:34 - [TEST_STEP][PASSED] - Statement - reportgroup = "(//div[@class='ctable']/table/tbody/tr[@class='tdata clear'])[" + i + "]/td[7]": null

2018-06-14 17:21:34 - [TEST_STEP][PASSED] - Statement - reportgroupTxt = driver.findElement(org.openqa.selenium.By.xpath(reportgroup)).getText(): null

2018-06-14 17:21:34 - [TEST_STEP][PASSED] - Statement - If (reportgroupTxt == "AutomationGroup"): null

2018-06-14 17:21:34 - [TEST_STEP][PASSED] - Statement - println("Report group has right group name"): null

2018-06-14 17:21:34 - [TEST_STEP][PASSED] - Statement - reportgroup = "(//div[@class='ctable']/table/tbody/tr[@class='tdata clear'])[" + i + "]/td[7]": null

2018-06-14 17:21:34 - [TEST_STEP][PASSED] - Statement - reportgroupTxt = driver.findElement(org.openqa.selenium.By.xpath(reportgroup)).getText(): null

2018-06-14 17:21:34 - [TEST_STEP][PASSED] - Statement - If (reportgroupTxt == "AutomationGroup"): null

2018-06-14 17:21:34 - [TEST_STEP][PASSED] - Statement - println("Report group has right group name"): null

2018-06-14 17:21:34 - [TEST_STEP][PASSED] - Statement - reportgroup = "(//div[@class='ctable']/table/tbody/tr[@class='tdata clear'])[" + i + "]/td[7]": null

2018-06-14 17:21:34 - [TEST_STEP][PASSED] - Statement - reportgroupTxt = driver.findElement(org.openqa.selenium.By.xpath(reportgroup)).getText(): null

2018-06-14 17:21:34 - [TEST_STEP][PASSED] - Statement - If (reportgroupTxt == "AutomationGroup"): null

2018-06-14 17:21:34 - [TEST_STEP][PASSED] - Statement - Else: null

2018-06-14 17:21:34 - [TEST_STEP][PASSED] - Statement - If (!(TCflag)): null

2018-06-14 17:21:34 - [TEST_STEP][PASSED] - Statement - reportgroup = "(//div[@class='ctable']/table/tbody/tr[@class='tdata clear'])[" + i + "]/td[7]": null

2018-06-14 17:21:34 - [TEST_STEP][PASSED] - Statement - reportgroupTxt = driver.findElement(org.openqa.selenium.By.xpath(reportgroup)).getText(): null

2018-06-14 17:21:34 - [TEST_STEP][PASSED] - Statement - If (reportgroupTxt == "AutomationGroup"): null

2018-06-14 17:21:34 - [TEST_STEP][PASSED] - Statement - println("Report group has right group name"): null

2018-06-14 17:21:34 - [TEST_STEP][PASSED] - Statement - reportgroup = "(//div[@class='ctable']/table/tbody/tr[@class='tdata clear'])[" + i + "]/td[7]": null

2018-06-14 17:21:34 - [TEST_STEP][PASSED] - Statement - reportgroupTxt = driver.findElement(org.openqa.selenium.By.xpath(reportgroup)).getText(): null

2018-06-14 17:21:34 - [TEST_STEP][PASSED] - Statement - If (reportgroupTxt == "AutomationGroup"): null

2018-06-14 17:21:34 - [TEST_STEP][PASSED] - Statement - println("Report group has right group name"): null

2018-06-14 17:21:34 - [TEST_STEP][PASSED] - Statement - reportgroup = "(//div[@class='ctable']/table/tbody/tr[@class='tdata clear'])[" + i + "]/td[7]": null

2018-06-14 17:21:34 - [TEST_STEP][PASSED] - Statement - reportgroupTxt = driver.findElement(org.openqa.selenium.By.xpath(reportgroup)).getText(): null

2018-06-14 17:21:34 - [TEST_STEP][PASSED] - Statement - If (reportgroupTxt == "AutomationGroup"): null

2018-06-14 17:21:34 - [TEST_STEP][PASSED] - Statement - println("Report group has right group name"): null

2018-06-14 17:21:34 - [TEST_STEP][PASSED] - Statement - reportgroup = "(//div[@class='ctable']/table/tbody/tr[@class='tdata clear'])[" + i + "]/td[7]": null

2018-06-14 17:21:34 - [TEST_STEP][PASSED] - Statement - reportgroupTxt = driver.findElement(org.openqa.selenium.By.xpath(reportgroup)).getText(): null

2018-06-14 17:21:35 - [TEST_STEP][PASSED] - Statement - If (reportgroupTxt == "AutomationGroup"): null

2018-06-14 17:21:35 - [TEST_STEP][PASSED] - Statement - println("Report group has right group name"): null

2018-06-14 17:21:35 - [TEST_STEP][PASSED] - Statement - reportgroup = "(//div[@class='ctable']/table/tbody/tr[@class='tdata clear'])[" + i + "]/td[7]": null

2018-06-14 17:21:35 - [TEST_STEP][PASSED] - Statement - reportgroupTxt = driver.findElement(org.openqa.selenium.By.xpath(reportgroup)).getText(): null

2018-06-14 17:21:35 - [TEST_STEP][PASSED] - Statement - If (reportgroupTxt == "AutomationGroup"): null

2018-06-14 17:21:35 - [TEST_STEP][PASSED] - Statement - println("Report group has right group name"): null

2018-06-14 17:21:35 - [TEST_STEP][PASSED] - Statement - reportgroup = "(//div[@class='ctable']/table/tbody/tr[@class='tdata clear'])[" + i + "]/td[7]": null

2018-06-14 17:21:35 - [TEST_STEP][PASSED] - Statement - reportgroupTxt = driver.findElement(org.openqa.selenium.By.xpath(reportgroup)).getText(): null

2018-06-14 17:21:35 - [TEST_STEP][PASSED] - Statement - If (reportgroupTxt == "AutomationGroup"): null

2018-06-14 17:21:35 - [TEST_STEP][PASSED] - Statement - println("Report group has right group name"): null

2018-06-14 17:21:35 - [TEST_STEP][PASSED] - Statement - reportgroup = "(//div[@class='ctable']/table/tbody/tr[@class='tdata clear'])[" + i + "]/td[7]": null

2018-06-14 17:21:35 - [TEST_STEP][PASSED] - Statement - reportgroupTxt = driver.findElement(org.openqa.selenium.By.xpath(reportgroup)).getText(): null

2018-06-14 17:21:35 - [TEST_STEP][PASSED] - Statement - If (reportgroupTxt == "AutomationGroup"): null

2018-06-14 17:21:35 - [TEST_STEP][PASSED] - Statement - println("Report group has right group name"): null

2018-06-14 17:21:35 - [TEST_STEP][PASSED] - Statement - reportgroup = "(//div[@class='ctable']/table/tbody/tr[@class='tdata clear'])[" + i + "]/td[7]": null

2018-06-14 17:21:35 - [TEST_STEP][PASSED] - Statement - reportgroupTxt = driver.findElement(org.openqa.selenium.By.xpath(reportgroup)).getText(): null

2018-06-14 17:21:35 - [TEST_STEP][PASSED] - Statement - If (reportgroupTxt == "AutomationGroup"): null

2018-06-14 17:21:35 - [TEST_STEP][PASSED] - Statement - println("Report group has right group name"): null

2018-06-14 17:21:35 - [TEST_STEP][PASSED] - Statement - reportgroup = "(//div[@class='ctable']/table/tbody/tr[@class='tdata clear'])[" + i + "]/td[7]": null

2018-06-14 17:21:35 - [TEST_STEP][PASSED] - Statement - reportgroupTxt = driver.findElement(org.openqa.selenium.By.xpath(reportgroup)).getText(): null

2018-06-14 17:21:35 - [TEST_STEP][PASSED] - Statement - If (reportgroupTxt == "AutomationGroup"): null

2018-06-14 17:21:35 - [TEST_STEP][PASSED] - Statement - println("Report group has right group name"): null

2018-06-14 17:21:35 - [TEST_STEP][PASSED] - Statement - reportgroup = "(//div[@class='ctable']/table/tbody/tr[@class='tdata clear'])[" + i + "]/td[7]": null

2018-06-14 17:21:35 - [TEST_STEP][PASSED] - Statement - reportgroupTxt = driver.findElement(org.openqa.selenium.By.xpath(reportgroup)).getText(): null

2018-06-14 17:21:35 - [TEST_STEP][PASSED] - Statement - If (reportgroupTxt == "AutomationGroup"): null

2018-06-14 17:21:35 - [TEST_STEP][PASSED] - Statement - println("Report group has right group name"): null

2018-06-14 17:21:35 - [TEST_STEP][PASSED] - Statement - reportgroup = "(//div[@class='ctable']/table/tbody/tr[@class='tdata clear'])[" + i + "]/td[7]": null

2018-06-14 17:21:35 - [TEST_STEP][PASSED] - Statement - reportgroupTxt = driver.findElement(org.openqa.selenium.By.xpath(reportgroup)).getText(): null

2018-06-14 17:21:35 - [TEST_STEP][PASSED] - Statement - If (reportgroupTxt == "AutomationGroup"): null

2018-06-14 17:21:35 - [TEST_STEP][PASSED] - Statement - println("Report group has right group name"): null

2018-06-14 17:21:35 - [TEST_STEP][PASSED] - Statement - reportgroup = "(//div[@class='ctable']/table/tbody/tr[@class='tdata clear'])[" + i + "]/td[7]": null

2018-06-14 17:21:35 - [TEST_STEP][PASSED] - Statement - reportgroupTxt = driver.findElement(org.openqa.selenium.By.xpath(reportgroup)).getText(): null

2018-06-14 17:21:35 - [TEST_STEP][PASSED] - Statement - If (reportgroupTxt == "AutomationGroup"): null

2018-06-14 17:21:35 - [TEST_STEP][PASSED] - Statement - println("Report group has right group name"): null

2018-06-14 17:21:35 - [TEST_STEP][PASSED] - Statement - reportgroup = "(//div[@class='ctable']/table/tbody/tr[@class='tdata clear'])[" + i + "]/td[7]": null

2018-06-14 17:21:35 - [TEST_STEP][PASSED] - Statement - reportgroupTxt = driver.findElement(org.openqa.selenium.By.xpath(reportgroup)).getText(): null

2018-06-14 17:21:35 - [TEST_STEP][PASSED] - Statement - If (reportgroupTxt == "AutomationGroup"): null

2018-06-14 17:21:35 - [TEST_STEP][PASSED] - Statement - println("Report group has right group name"): null

2018-06-14 17:21:35 - [TEST_STEP][PASSED] - Statement - reportgroup = "(//div[@class='ctable']/table/tbody/tr[@class='tdata clear'])[" + i + "]/td[7]": null

2018-06-14 17:21:35 - [TEST_STEP][PASSED] - Statement - reportgroupTxt = driver.findElement(org.openqa.selenium.By.xpath(reportgroup)).getText(): null

2018-06-14 17:21:35 - [TEST_STEP][PASSED] - Statement - If (reportgroupTxt == "AutomationGroup"): null

2018-06-14 17:21:35 - [TEST_STEP][PASSED] - Statement - println("Report group has right group name"): null

2018-06-14 17:21:35 - [TEST_STEP][PASSED] - Statement - reportgroup = "(//div[@class='ctable']/table/tbody/tr[@class='tdata clear'])[" + i + "]/td[7]": null

2018-06-14 17:21:35 - [TEST_STEP][PASSED] - Statement - reportgroupTxt = driver.findElement(org.openqa.selenium.By.xpath(reportgroup)).getText(): null

2018-06-14 17:21:35 - [TEST_STEP][PASSED] - Statement - If (reportgroupTxt == "AutomationGroup"): null

2018-06-14 17:21:35 - [TEST_STEP][PASSED] - Statement - Else: null

2018-06-14 17:21:35 - [TEST_STEP][PASSED] - Statement - If (!(TCflag)): null

2018-06-14 17:21:35 - [TEST_STEP][PASSED] - Statement - reportgroup = "(//div[@class='ctable']/table/tbody/tr[@class='tdata clear'])[" + i + "]/td[7]": null

2018-06-14 17:21:35 - [TEST_STEP][PASSED] - Statement - reportgroupTxt = driver.findElement(org.openqa.selenium.By.xpath(reportgroup)).getText(): null

2018-06-14 17:21:35 - [TEST_STEP][PASSED] - Statement - If (reportgroupTxt == "AutomationGroup"): null

2018-06-14 17:21:35 - [TEST_STEP][PASSED] - Statement - Else: null

2018-06-14 17:21:35 - [TEST_STEP][PASSED] - Statement - If (!(TCflag)): null

2018-06-14 17:21:35 - [TEST_STEP][PASSED] - Statement - reportgroup = "(//div[@class='ctable']/table/tbody/tr[@class='tdata clear'])[" + i + "]/td[7]": null

2018-06-14 17:21:35 - [TEST_STEP][PASSED] - Statement - reportgroupTxt = driver.findElement(org.openqa.selenium.By.xpath(reportgroup)).getText(): null

2018-06-14 17:21:35 - [TEST_STEP][PASSED] - Statement - If (reportgroupTxt == "AutomationGroup"): null

2018-06-14 17:21:35 - [TEST_STEP][PASSED] - Statement - println("Report group has right group name"): null

2018-06-14 17:21:35 - [TEST_STEP][PASSED] - Statement - reportgroup = "(//div[@class='ctable']/table/tbody/tr[@class='tdata clear'])[" + i + "]/td[7]": null

2018-06-14 17:21:35 - [TEST_STEP][PASSED] - Statement - reportgroupTxt = driver.findElement(org.openqa.selenium.By.xpath(reportgroup)).getText(): null

2018-06-14 17:21:35 - [TEST_STEP][PASSED] - Statement - If (reportgroupTxt == "AutomationGroup"): null

2018-06-14 17:21:35 - [TEST_STEP][PASSED] - Statement - println("Report group has right group name"): null

2018-06-14 17:21:35 - [TEST_STEP][PASSED] - Statement - reportgroup = "(//div[@class='ctable']/table/tbody/tr[@class='tdata clear'])[" + i + "]/td[7]": null

2018-06-14 17:21:35 - [TEST_STEP][PASSED] - Statement - reportgroupTxt = driver.findElement(org.openqa.selenium.By.xpath(reportgroup)).getText(): null

2018-06-14 17:21:35 - [TEST_STEP][PASSED] - Statement - If (reportgroupTxt == "AutomationGroup"): null

2018-06-14 17:21:35 - [TEST_STEP][PASSED] - Statement - println("Report group has right group name"): null

2018-06-14 17:21:35 - [TEST_STEP][PASSED] - Statement - reportgroup = "(//div[@class='ctable']/table/tbody/tr[@class='tdata clear'])[" + i + "]/td[7]": null

2018-06-14 17:21:35 - [TEST_STEP][PASSED] - Statement - reportgroupTxt = driver.findElement(org.openqa.selenium.By.xpath(reportgroup)).getText(): null

2018-06-14 17:21:35 - [TEST_STEP][PASSED] - Statement - If (reportgroupTxt == "AutomationGroup"): null

2018-06-14 17:21:35 - [TEST_STEP][PASSED] - Statement - println("Report group has right group name"): null

2018-06-14 17:21:35 - [TEST_STEP][PASSED] - Statement - reportgroup = "(//div[@class='ctable']/table/tbody/tr[@class='tdata clear'])[" + i + "]/td[7]": null

2018-06-14 17:21:35 - [TEST_STEP][PASSED] - Statement - reportgroupTxt = driver.findElement(org.openqa.selenium.By.xpath(reportgroup)).getText(): null

2018-06-14 17:21:35 - [TEST_STEP][PASSED] - Statement - If (reportgroupTxt == "AutomationGroup"): null

2018-06-14 17:21:35 - [TEST_STEP][PASSED] - Statement - println("Report group has right group name"): null

2018-06-14 17:21:35 - [TEST_STEP][PASSED] - Statement - reportgroup = "(//div[@class='ctable']/table/tbody/tr[@class='tdata clear'])[" + i + "]/td[7]": null

2018-06-14 17:21:35 - [TEST_STEP][PASSED] - Statement - reportgroupTxt = driver.findElement(org.openqa.selenium.By.xpath(reportgroup)).getText(): null

2018-06-14 17:21:35 - [TEST_STEP][PASSED] - Statement - If (reportgroupTxt == "AutomationGroup"): null

2018-06-14 17:21:35 - [TEST_STEP][PASSED] - Statement - println("Report group has right group name"): null

2018-06-14 17:21:35 - [TEST_STEP][PASSED] - Statement - reportgroup = "(//div[@class='ctable']/table/tbody/tr[@class='tdata clear'])[" + i + "]/td[7]": null

2018-06-14 17:21:35 - [TEST_STEP][PASSED] - Statement - reportgroupTxt = driver.findElement(org.openqa.selenium.By.xpath(reportgroup)).getText(): null

2018-06-14 17:21:35 - [TEST_STEP][PASSED] - Statement - If (reportgroupTxt == "AutomationGroup"): null

2018-06-14 17:21:35 - [TEST_STEP][PASSED] - Statement - Else: null

2018-06-14 17:21:35 - [TEST_STEP][PASSED] - Statement - If (!(TCflag)): null

2018-06-14 17:21:35 - [TEST_STEP][PASSED] - Statement - reportgroup = "(//div[@class='ctable']/table/tbody/tr[@class='tdata clear'])[" + i + "]/td[7]": null

2018-06-14 17:21:35 - [TEST_STEP][PASSED] - Statement - reportgroupTxt = driver.findElement(org.openqa.selenium.By.xpath(reportgroup)).getText(): null

2018-06-14 17:21:35 - [TEST_STEP][PASSED] - Statement - If (reportgroupTxt == "AutomationGroup"): null

2018-06-14 17:21:35 - [TEST_STEP][PASSED] - Statement - println("Report group has right group name"): null

2018-06-14 17:21:35 - [TEST_STEP][PASSED] - Statement - reportgroup = "(//div[@class='ctable']/table/tbody/tr[@class='tdata clear'])[" + i + "]/td[7]": null

2018-06-14 17:21:35 - [TEST_STEP][PASSED] - Statement - reportgroupTxt = driver.findElement(org.openqa.selenium.By.xpath(reportgroup)).getText(): null

2018-06-14 17:21:35 - [TEST_STEP][PASSED] - Statement - If (reportgroupTxt == "AutomationGroup"): null

2018-06-14 17:21:35 - [TEST_STEP][PASSED] - Statement - println("Report group has right group name"): null

2018-06-14 17:21:35 - [TEST_STEP][PASSED] - Statement - reportgroup = "(//div[@class='ctable']/table/tbody/tr[@class='tdata clear'])[" + i + "]/td[7]": null

2018-06-14 17:21:35 - [TEST_STEP][PASSED] - Statement - reportgroupTxt = driver.findElement(org.openqa.selenium.By.xpath(reportgroup)).getText(): null

2018-06-14 17:21:35 - [TEST_STEP][PASSED] - Statement - If (reportgroupTxt == "AutomationGroup"): null

2018-06-14 17:21:35 - [TEST_STEP][PASSED] - Statement - println("Report group has right group name"): null

2018-06-14 17:21:35 - [TEST_STEP][PASSED] - Statement - reportgroup = "(//div[@class='ctable']/table/tbody/tr[@class='tdata clear'])[" + i + "]/td[7]": null

2018-06-14 17:21:35 - [TEST_STEP][PASSED] - Statement - reportgroupTxt = driver.findElement(org.openqa.selenium.By.xpath(reportgroup)).getText(): null

2018-06-14 17:21:35 - [TEST_STEP][PASSED] - Statement - If (reportgroupTxt == "AutomationGroup"): null

2018-06-14 17:21:35 - [TEST_STEP][PASSED] - Statement - Else: null

2018-06-14 17:21:35 - [TEST_STEP][PASSED] - Statement - If (!(TCflag)): null

2018-06-14 17:21:35 - [TEST_STEP][PASSED] - Statement - reportgroup = "(//div[@class='ctable']/table/tbody/tr[@class='tdata clear'])[" + i + "]/td[7]": null

2018-06-14 17:21:35 - [TEST_STEP][PASSED] - Statement - reportgroupTxt = driver.findElement(org.openqa.selenium.By.xpath(reportgroup)).getText(): null

2018-06-14 17:21:35 - [TEST_STEP][PASSED] - Statement - If (reportgroupTxt == "AutomationGroup"): null

2018-06-14 17:21:35 - [TEST_STEP][PASSED] - Statement - println("Report group has right group name"): null

2018-06-14 17:21:35 - [TEST_STEP][PASSED] - Statement - reportgroup = "(//div[@class='ctable']/table/tbody/tr[@class='tdata clear'])[" + i + "]/td[7]": null

2018-06-14 17:21:35 - [TEST_STEP][PASSED] - Statement - reportgroupTxt = driver.findElement(org.openqa.selenium.By.xpath(reportgroup)).getText(): null

2018-06-14 17:21:35 - [TEST_STEP][PASSED] - Statement - If (reportgroupTxt == "AutomationGroup"): null

2018-06-14 17:21:35 - [TEST_STEP][PASSED] - Statement - println("Report group has right group name"): null

2018-06-14 17:21:35 - [TEST_STEP][PASSED] - Statement - reportgroup = "(//div[@class='ctable']/table/tbody/tr[@class='tdata clear'])[" + i + "]/td[7]": null

2018-06-14 17:21:35 - [TEST_STEP][PASSED] - Statement - reportgroupTxt = driver.findElement(org.openqa.selenium.By.xpath(reportgroup)).getText(): null

2018-06-14 17:21:35 - [TEST_STEP][PASSED] - Statement - If (reportgroupTxt == "AutomationGroup"): null

2018-06-14 17:21:35 - [TEST_STEP][PASSED] - Statement - println("Report group has right group name"): null

2018-06-14 17:21:35 - [TEST_STEP][PASSED] - Statement - reportgroup = "(//div[@class='ctable']/table/tbody/tr[@class='tdata clear'])[" + i + "]/td[7]": null

2018-06-14 17:21:35 - [TEST_STEP][PASSED] - Statement - reportgroupTxt = driver.findElement(org.openqa.selenium.By.xpath(reportgroup)).getText(): null

2018-06-14 17:21:35 - [TEST_STEP][PASSED] - Statement - If (reportgroupTxt == "AutomationGroup"): null

2018-06-14 17:21:35 - [TEST_STEP][PASSED] - Statement - println("Report group has right group name"): null

2018-06-14 17:21:35 - [TEST_STEP][PASSED] - Statement - reportgroup = "(//div[@class='ctable']/table/tbody/tr[@class='tdata clear'])[" + i + "]/td[7]": null

2018-06-14 17:21:35 - [TEST_STEP][PASSED] - Statement - reportgroupTxt = driver.findElement(org.openqa.selenium.By.xpath(reportgroup)).getText(): null

2018-06-14 17:21:35 - [TEST_STEP][PASSED] - Statement - If (reportgroupTxt == "AutomationGroup"): null

2018-06-14 17:21:35 - [TEST_STEP][PASSED] - Statement - println("Report group has right group name"): null

2018-06-14 17:21:35 - [TEST_STEP][PASSED] - Statement - reportgroup = "(//div[@class='ctable']/table/tbody/tr[@class='tdata clear'])[" + i + "]/td[7]": null

2018-06-14 17:21:35 - [TEST_STEP][PASSED] - Statement - reportgroupTxt = driver.findElement(org.openqa.selenium.By.xpath(reportgroup)).getText(): null

2018-06-14 17:21:35 - [TEST_STEP][PASSED] - Statement - If (reportgroupTxt == "AutomationGroup"): null

2018-06-14 17:21:35 - [TEST_STEP][PASSED] - Statement - Else: null

2018-06-14 17:21:35 - [TEST_STEP][PASSED] - Statement - If (!(TCflag)): null

2018-06-14 17:21:35 - [TEST_STEP][PASSED] - Statement - reportgroup = "(//div[@class='ctable']/table/tbody/tr[@class='tdata clear'])[" + i + "]/td[7]": null

2018-06-14 17:21:35 - [TEST_STEP][PASSED] - Statement - reportgroupTxt = driver.findElement(org.openqa.selenium.By.xpath(reportgroup)).getText(): null

2018-06-14 17:21:35 - [TEST_STEP][PASSED] - Statement - If (reportgroupTxt == "AutomationGroup"): null

2018-06-14 17:21:35 - [TEST_STEP][PASSED] - Statement - println("Report group has right group name"): null

2018-06-14 17:21:35 - [TEST_STEP][PASSED] - Statement - reportgroup = "(//div[@class='ctable']/table/tbody/tr[@class='tdata clear'])[" + i + "]/td[7]": null

2018-06-14 17:21:35 - [TEST_STEP][PASSED] - Statement - reportgroupTxt = driver.findElement(org.openqa.selenium.By.xpath(reportgroup)).getText(): null

2018-06-14 17:21:35 - [TEST_STEP][PASSED] - Statement - If (reportgroupTxt == "AutomationGroup"): null

2018-06-14 17:21:35 - [TEST_STEP][PASSED] - Statement - println("Report group has right group name"): null

2018-06-14 17:21:35 - [TEST_STEP][PASSED] - Statement - reportgroup = "(//div[@class='ctable']/table/tbody/tr[@class='tdata clear'])[" + i + "]/td[7]": null

2018-06-14 17:21:35 - [TEST_STEP][PASSED] - Statement - reportgroupTxt = driver.findElement(org.openqa.selenium.By.xpath(reportgroup)).getText(): null

2018-06-14 17:21:35 - [TEST_STEP][PASSED] - Statement - If (reportgroupTxt == "AutomationGroup"): null

2018-06-14 17:21:35 - [TEST_STEP][PASSED] - Statement - println("Report group has right group name"): null

2018-06-14 17:21:35 - [TEST_STEP][PASSED] - Statement - reportgroup = "(//div[@class='ctable']/table/tbody/tr[@class='tdata clear'])[" + i + "]/td[7]": null

2018-06-14 17:21:35 - [TEST_STEP][PASSED] - Statement - reportgroupTxt = driver.findElement(org.openqa.selenium.By.xpath(reportgroup)).getText(): null

2018-06-14 17:21:35 - [TEST_STEP][PASSED] - Statement - If (reportgroupTxt == "AutomationGroup"): null

2018-06-14 17:21:35 - [TEST_STEP][PASSED] - Statement - println("Report group has right group name"): null

2018-06-14 17:21:35 - [TEST_STEP][PASSED] - Statement - reportgroup = "(//div[@class='ctable']/table/tbody/tr[@class='tdata clear'])[" + i + "]/td[7]": null

2018-06-14 17:21:35 - [TEST_STEP][PASSED] - Statement - reportgroupTxt = driver.findElement(org.openqa.selenium.By.xpath(reportgroup)).getText(): null

2018-06-14 17:21:36 - [TEST_STEP][PASSED] - Statement - If (reportgroupTxt == "AutomationGroup"): null

2018-06-14 17:21:36 - [TEST_STEP][PASSED] - Statement - println("Report group has right group name"): null

2018-06-14 17:21:36 - [TEST_STEP][PASSED] - Statement - reportgroup = "(//div[@class='ctable']/table/tbody/tr[@class='tdata clear'])[" + i + "]/td[7]": null

2018-06-14 17:21:36 - [TEST_STEP][PASSED] - Statement - reportgroupTxt = driver.findElement(org.openqa.selenium.By.xpath(reportgroup)).getText(): null

2018-06-14 17:21:36 - [TEST_STEP][PASSED] - Statement - If (reportgroupTxt == "AutomationGroup"): null

2018-06-14 17:21:36 - [TEST_STEP][PASSED] - Statement - println("Report group has right group name"): null

2018-06-14 17:21:36 - [TEST_STEP][PASSED] - Statement - reportgroup = "(//div[@class='ctable']/table/tbody/tr[@class='tdata clear'])[" + i + "]/td[7]": null

2018-06-14 17:21:36 - [TEST_STEP][PASSED] - Statement - reportgroupTxt = driver.findElement(org.openqa.selenium.By.xpath(reportgroup)).getText(): null

2018-06-14 17:21:36 - [TEST_STEP][PASSED] - Statement - If (reportgroupTxt == "AutomationGroup"): null

2018-06-14 17:21:36 - [TEST_STEP][PASSED] - Statement - println("Report group has right group name"): null

2018-06-14 17:21:36 - [TEST_STEP][PASSED] - Statement - reportgroup = "(//div[@class='ctable']/table/tbody/tr[@class='tdata clear'])[" + i + "]/td[7]": null

2018-06-14 17:21:36 - [TEST_STEP][PASSED] - Statement - reportgroupTxt = driver.findElement(org.openqa.selenium.By.xpath(reportgroup)).getText(): null

2018-06-14 17:21:36 - [TEST_STEP][PASSED] - Statement - If (reportgroupTxt == "AutomationGroup"): null

2018-06-14 17:21:36 - [TEST_STEP][PASSED] - Statement - println("Report group has right group name"): null

2018-06-14 17:21:36 - [TEST_STEP][PASSED] - Statement - reportgroup = "(//div[@class='ctable']/table/tbody/tr[@class='tdata clear'])[" + i + "]/td[7]": null

2018-06-14 17:21:36 - [TEST_STEP][PASSED] - Statement - reportgroupTxt = driver.findElement(org.openqa.selenium.By.xpath(reportgroup)).getText(): null

2018-06-14 17:21:36 - [TEST_STEP][PASSED] - Statement - If (reportgroupTxt == "AutomationGroup"): null

2018-06-14 17:21:36 - [TEST_STEP][PASSED] - Statement - println("Report group has right group name"): null

2018-06-14 17:21:36 - [TEST_STEP][PASSED] - Statement - reportgroup = "(//div[@class='ctable']/table/tbody/tr[@class='tdata clear'])[" + i + "]/td[7]": null

2018-06-14 17:21:36 - [TEST_STEP][PASSED] - Statement - reportgroupTxt = driver.findElement(org.openqa.selenium.By.xpath(reportgroup)).getText(): null

2018-06-14 17:21:36 - [TEST_STEP][PASSED] - Statement - If (reportgroupTxt == "AutomationGroup"): null

2018-06-14 17:21:36 - [TEST_STEP][PASSED] - Statement - println("Report group has right group name"): null

2018-06-14 17:21:36 - [TEST_STEP][PASSED] - Statement - reportgroup = "(//div[@class='ctable']/table/tbody/tr[@class='tdata clear'])[" + i + "]/td[7]": null

2018-06-14 17:21:36 - [TEST_STEP][PASSED] - Statement - reportgroupTxt = driver.findElement(org.openqa.selenium.By.xpath(reportgroup)).getText(): null

2018-06-14 17:21:36 - [TEST_STEP][PASSED] - Statement - If (reportgroupTxt == "AutomationGroup"): null

2018-06-14 17:21:36 - [TEST_STEP][PASSED] - Statement - Else: null

2018-06-14 17:21:36 - [TEST_STEP][PASSED] - Statement - If (!(TCflag)): null

2018-06-14 17:21:36 - [TEST_STEP][PASSED] - Statement - reportgroup = "(//div[@class='ctable']/table/tbody/tr[@class='tdata clear'])[" + i + "]/td[7]": null

2018-06-14 17:21:36 - [TEST_STEP][PASSED] - Statement - reportgroupTxt = driver.findElement(org.openqa.selenium.By.xpath(reportgroup)).getText(): null

2018-06-14 17:21:36 - [TEST_STEP][PASSED] - Statement - If (reportgroupTxt == "AutomationGroup"): null

2018-06-14 17:21:36 - [TEST_STEP][PASSED] - Statement - Else: null

2018-06-14 17:21:36 - [TEST_STEP][PASSED] - Statement - If (!(TCflag)): null

2018-06-14 17:21:36 - [TEST_STEP][PASSED] - Statement - reportgroup = "(//div[@class='ctable']/table/tbody/tr[@class='tdata clear'])[" + i + "]/td[7]": null

2018-06-14 17:21:36 - [TEST_STEP][PASSED] - Statement - reportgroupTxt = driver.findElement(org.openqa.selenium.By.xpath(reportgroup)).getText(): null

2018-06-14 17:21:36 - [TEST_STEP][PASSED] - Statement - If (reportgroupTxt == "AutomationGroup"): null

2018-06-14 17:21:36 - [TEST_STEP][PASSED] - Statement - Else: null

2018-06-14 17:21:36 - [TEST_STEP][PASSED] - Statement - If (!(TCflag)): null

2018-06-14 17:21:36 - [TEST_STEP][PASSED] - Statement - reportgroup = "(//div[@class='ctable']/table/tbody/tr[@class='tdata clear'])[" + i + "]/td[7]": null

2018-06-14 17:21:36 - [TEST_STEP][PASSED] - Statement - reportgroupTxt = driver.findElement(org.openqa.selenium.By.xpath(reportgroup)).getText(): null

2018-06-14 17:21:36 - [TEST_STEP][PASSED] - Statement - If (reportgroupTxt == "AutomationGroup"): null

2018-06-14 17:21:36 - [TEST_STEP][PASSED] - Statement - println("Report group has right group name"): null

2018-06-14 17:21:36 - [TEST_STEP][PASSED] - Statement - reportgroup = "(//div[@class='ctable']/table/tbody/tr[@class='tdata clear'])[" + i + "]/td[7]": null

2018-06-14 17:21:36 - [TEST_STEP][PASSED] - Statement - reportgroupTxt = driver.findElement(org.openqa.selenium.By.xpath(reportgroup)).getText(): null

2018-06-14 17:21:36 - [TEST_STEP][PASSED] - Statement - If (reportgroupTxt == "AutomationGroup"): null

2018-06-14 17:21:36 - [TEST_STEP][PASSED] - Statement - println("Report group has right group name"): null

2018-06-14 17:21:36 - [TEST_STEP][PASSED] - Statement - reportgroup = "(//div[@class='ctable']/table/tbody/tr[@class='tdata clear'])[" + i + "]/td[7]": null

2018-06-14 17:21:36 - [TEST_STEP][PASSED] - Statement - reportgroupTxt = driver.findElement(org.openqa.selenium.By.xpath(reportgroup)).getText(): null

2018-06-14 17:21:36 - [TEST_STEP][PASSED] - Statement - If (reportgroupTxt == "AutomationGroup"): null

2018-06-14 17:21:36 - [TEST_STEP][PASSED] - Statement - println("Report group has right group name"): null

2018-06-14 17:21:36 - [TEST_STEP][PASSED] - Statement - reportgroup = "(//div[@class='ctable']/table/tbody/tr[@class='tdata clear'])[" + i + "]/td[7]": null

2018-06-14 17:21:36 - [TEST_STEP][PASSED] - Statement - reportgroupTxt = driver.findElement(org.openqa.selenium.By.xpath(reportgroup)).getText(): null

2018-06-14 17:21:36 - [TEST_STEP][PASSED] - Statement - If (reportgroupTxt == "AutomationGroup"): null

2018-06-14 17:21:36 - [TEST_STEP][PASSED] - Statement - println("Report group has right group name"): null

2018-06-14 17:21:36 - [TEST_STEP][PASSED] - Statement - reportgroup = "(//div[@class='ctable']/table/tbody/tr[@class='tdata clear'])[" + i + "]/td[7]": null

2018-06-14 17:21:36 - [TEST_STEP][PASSED] - Statement - reportgroupTxt = driver.findElement(org.openqa.selenium.By.xpath(reportgroup)).getText(): null

2018-06-14 17:21:36 - [TEST_STEP][PASSED] - Statement - If (reportgroupTxt == "AutomationGroup"): null

2018-06-14 17:21:36 - [TEST_STEP][PASSED] - Statement - println("Report group has right group name"): null

2018-06-14 17:21:36 - [TEST_STEP][PASSED] - Statement - reportgroup = "(//div[@class='ctable']/table/tbody/tr[@class='tdata clear'])[" + i + "]/td[7]": null

2018-06-14 17:21:36 - [TEST_STEP][PASSED] - Statement - reportgroupTxt = driver.findElement(org.openqa.selenium.By.xpath(reportgroup)).getText(): null

2018-06-14 17:21:36 - [TEST_STEP][PASSED] - Statement - If (reportgroupTxt == "AutomationGroup"): null

2018-06-14 17:21:36 - [TEST_STEP][PASSED] - Statement - println("Report group has right group name"): null

2018-06-14 17:21:36 - [TEST_STEP][PASSED] - Statement - reportgroup = "(//div[@class='ctable']/table/tbody/tr[@class='tdata clear'])[" + i + "]/td[7]": null

2018-06-14 17:21:36 - [TEST_STEP][PASSED] - Statement - reportgroupTxt = driver.findElement(org.openqa.selenium.By.xpath(reportgroup)).getText(): null

2018-06-14 17:21:36 - [TEST_STEP][PASSED] - Statement - If (reportgroupTxt == "AutomationGroup"): null

2018-06-14 17:21:36 - [TEST_STEP][PASSED] - Statement - println("Report group has right group name"): null

2018-06-14 17:21:36 - [TEST_STEP][PASSED] - Statement - reportgroup = "(//div[@class='ctable']/table/tbody/tr[@class='tdata clear'])[" + i + "]/td[7]": null

2018-06-14 17:21:36 - [TEST_STEP][PASSED] - Statement - reportgroupTxt = driver.findElement(org.openqa.selenium.By.xpath(reportgroup)).getText(): null

2018-06-14 17:21:36 - [TEST_STEP][PASSED] - Statement - If (reportgroupTxt == "AutomationGroup"): null

2018-06-14 17:21:36 - [TEST_STEP][PASSED] - Statement - println("Report group has right group name"): null

2018-06-14 17:21:36 - [TEST_STEP][PASSED] - Statement - reportgroup = "(//div[@class='ctable']/table/tbody/tr[@class='tdata clear'])[" + i + "]/td[7]": null

2018-06-14 17:21:36 - [TEST_STEP][PASSED] - Statement - reportgroupTxt = driver.findElement(org.openqa.selenium.By.xpath(reportgroup)).getText(): null

2018-06-14 17:21:36 - [TEST_STEP][PASSED] - Statement - If (reportgroupTxt == "AutomationGroup"): null

2018-06-14 17:21:36 - [TEST_STEP][PASSED] - Statement - println("Report group has right group name"): null

2018-06-14 17:21:36 - [TEST_STEP][PASSED] - Statement - reportgroup = "(//div[@class='ctable']/table/tbody/tr[@class='tdata clear'])[" + i + "]/td[7]": null

2018-06-14 17:21:36 - [TEST_STEP][PASSED] - Statement - reportgroupTxt = driver.findElement(org.openqa.selenium.By.xpath(reportgroup)).getText(): null

2018-06-14 17:21:36 - [TEST_STEP][PASSED] - Statement - If (reportgroupTxt == "AutomationGroup"): null

2018-06-14 17:21:36 - [TEST_STEP][PASSED] - Statement - println("Report group has right group name"): null

2018-06-14 17:21:36 - [TEST_STEP][PASSED] - Statement - reportgroup = "(//div[@class='ctable']/table/tbody/tr[@class='tdata clear'])[" + i + "]/td[7]": null

2018-06-14 17:21:36 - [TEST_STEP][PASSED] - Statement - reportgroupTxt = driver.findElement(org.openqa.selenium.By.xpath(reportgroup)).getText(): null

2018-06-14 17:21:36 - [TEST_STEP][PASSED] - Statement - If (reportgroupTxt == "AutomationGroup"): null

2018-06-14 17:21:36 - [TEST_STEP][PASSED] - Statement - println("Report group has right group name"): null

2018-06-14 17:21:36 - [TEST_STEP][PASSED] - Statement - reportgroup = "(//div[@class='ctable']/table/tbody/tr[@class='tdata clear'])[" + i + "]/td[7]": null

2018-06-14 17:21:36 - [TEST_STEP][PASSED] - Statement - reportgroupTxt = driver.findElement(org.openqa.selenium.By.xpath(reportgroup)).getText(): null

2018-06-14 17:21:36 - [TEST_STEP][PASSED] - Statement - If (reportgroupTxt == "AutomationGroup"): null

2018-06-14 17:21:36 - [TEST_STEP][PASSED] - Statement - println("Report group has right group name"): null

2018-06-14 17:21:36 - [TEST_STEP][PASSED] - uiaction.CommonUIActions.click: uiaction.CommonUIActions.click is PASSED

2018-06-14 17:21:36 - [MESSAGE][PASSED] - uiaction.CommonUIActions.click is PASSED

2018-06-14 17:21:36 - [TEST_STEP][PASSED] - uiaction.CommonUIActions.click: uiaction.CommonUIActions.click is PASSED

2018-06-14 17:21:38 - [MESSAGE][PASSED] - uiaction.CommonUIActions.click is PASSED

2018-06-14 17:21:38 - [TEST_STEP][PASSED] - delay: Delayed 10 second(s)

2018-06-14 17:21:48 - [MESSAGE][PASSED] - Delayed 10 second(s)

2018-06-14 17:21:48 - [TEST_STEP][PASSED] - uiaction.CommonUIActions.click: uiaction.CommonUIActions.click is PASSED

2018-06-14 17:21:48 - [MESSAGE][PASSED] - uiaction.CommonUIActions.click is PASSED

2018-06-14 17:21:48 - [TEST_STEP][PASSED] - uiaction.CommonUIActions.click: uiaction.CommonUIActions.click is PASSED

2018-06-14 17:21:48 - [MESSAGE][PASSED] - uiaction.CommonUIActions.click is PASSED

2018-06-14 17:21:48 - [TEST_STEP][PASSED] - uiaction.CommonUIActions.click: uiaction.CommonUIActions.click is PASSED

2018-06-14 17:21:48 - [MESSAGE][PASSED] - uiaction.CommonUIActions.click is PASSED

2018-06-14 17:21:48 - [TEST_STEP][PASSED] - delay: Delayed 10 second(s)

2018-06-14 17:21:58 - [MESSAGE][PASSED] - Delayed 10 second(s)

2018-06-14 17:21:58 - [TEST_STEP][PASSED] - uiaction.CommonUIActions.back: uiaction.CommonUIActions.back is PASSED

2018-06-14 17:21:58 - [MESSAGE][PASSED] - Navigate back successfully

2018-06-14 17:21:58 - [MESSAGE][PASSED] - uiaction.CommonUIActions.back is PASSED

2018-06-14 17:21:58 - [TEST_STEP][PASSED] - delay: Delayed 5 second(s)

2018-06-14 17:22:03 - [MESSAGE][PASSED] - Delayed 5 second(s)

2018-06-14 17:22:03 - [TEST_STEP][PASSED] - uiaction.CommonUIActions.back: uiaction.CommonUIActions.back is PASSED

2018-06-14 17:22:03 - [MESSAGE][PASSED] - Navigate back successfully

2018-06-14 17:22:03 - [MESSAGE][PASSED] - uiaction.CommonUIActions.back is PASSED

2018-06-14 17:22:03 - [TEST_STEP][PASSED] - delay: Delayed 5 second(s)

2018-06-14 17:22:08 - [MESSAGE][PASSED] - Delayed 5 second(s)

2018-06-14 17:22:08 - [TEST_STEP][PASSED] - uiaction.CommonUIActions.click: uiaction.CommonUIActions.click is PASSED

2018-06-14 17:22:08 - [MESSAGE][PASSED] - uiaction.CommonUIActions.click is PASSED

2018-06-14 17:22:08 - [TEST_STEP][PASSED] - uiaction.CommonUIActions.click: uiaction.CommonUIActions.click is PASSED

2018-06-14 17:22:09 - [MESSAGE][PASSED] - uiaction.CommonUIActions.click is PASSED

2018-06-14 17:22:09 - [TEST_STEP][PASSED] - uiaction.CommonUIActions.click: uiaction.CommonUIActions.click is PASSED

2018-06-14 17:22:09 - [MESSAGE][PASSED] - uiaction.CommonUIActions.click is PASSED

2018-06-14 17:22:09 - [TEST_STEP][PASSED] - uiaction.CommonUIActions.click: uiaction.CommonUIActions.click is PASSED

2018-06-14 17:22:12 - [MESSAGE][PASSED] - uiaction.CommonUIActions.click is PASSED

2018-06-14 17:22:12 - [TEST_STEP][PASSED] - Statement - assert TCflag == true: null

2018-06-14 17:22:12 - [TEST_STEP][PASSED] - Start listener action : sampleAfterTestCase: Browser is closed

2018-06-14 17:22:12 - [TEST_STEP][PASSED] - Statement - println(testCaseContext.getTestCaseId()): null

2018-06-14 17:22:12 - [TEST_STEP][PASSED] - Statement - println(testCaseContext.getTestCaseStatus()): null

2018-06-14 17:22:12 - [TEST_STEP][PASSED] - closeBrowser: Browser is closed

2018-06-14 17:22:13 - [MESSAGE][PASSED] - Browser is closed]]></system-out>
         <system-err><![CDATA[]]></system-err>
      </testcase>
      <testcase name="Test Cases/CreateGroupTC/HME-CreateGroup-06" classname="Test Cases/CreateGroupTC/HME-CreateGroup-06" status="PASSED">
         <system-out><![CDATA[2018-06-14 17:22:13 - [TEST_CASE][PASSED] - Test Cases/CreateGroupTC/HME-CreateGroup-06: Browser is closed

2018-06-14 17:22:13 - [TEST_STEP][PASSED] - Start listener action : sampleBeforeTestCase: uiaction.CommonUIActions.deleteAllCookies is PASSED

2018-06-14 17:22:13 - [TEST_STEP][PASSED] - openBrowser: Browser is opened with url: ''

2018-06-14 17:22:15 - [MESSAGE][PASSED] - Browser is opened with url: ''

2018-06-14 17:22:15 - [TEST_STEP][PASSED] - maximizeWindow: Current window maximized

2018-06-14 17:22:16 - [MESSAGE][PASSED] - Current window maximized

2018-06-14 17:22:16 - [TEST_STEP][PASSED] - uiaction.CommonUIActions.deleteAllCookies: uiaction.CommonUIActions.deleteAllCookies is PASSED

2018-06-14 17:22:16 - [MESSAGE][PASSED] - Delete all cookies successfully

2018-06-14 17:22:16 - [MESSAGE][PASSED] - uiaction.CommonUIActions.deleteAllCookies is PASSED

2018-06-14 17:22:16 - [TEST_STEP][PASSED] - Statement - TCflag = true: null

2018-06-14 17:22:16 - [TEST_STEP][PASSED] - Statement - Try: uiaction.CommonUIActions.click is PASSED

2018-06-14 17:22:16 - [TEST_STEP][PASSED] - navigateToUrl: Navigate to 'https://hme-dev-public-cloud-app.azurewebsites.net/' successfully

2018-06-14 17:22:19 - [MESSAGE][PASSED] - Navigate to 'https://hme-dev-public-cloud-app.azurewebsites.net/' successfully

2018-06-14 17:22:19 - [TEST_STEP][PASSED] - projectSpecific.Reusability.login: projectSpecific.Reusability.login is PASSED

2018-06-14 17:22:19 - [MESSAGE][PASSED] - projectSpecific.Reusability.getTestData is PASSED

2018-06-14 17:22:19 - [MESSAGE][PASSED] - projectSpecific.Reusability.getTestData is PASSED

2018-06-14 17:22:20 - [MESSAGE][PASSED] - Text 'selvendrank@nousinfo.com' is set on object 'Object Repository/LoginPage/Username'

2018-06-14 17:22:20 - [MESSAGE][PASSED] - Text 'nous;123' is set on object 'Object Repository/LoginPage/Password'

2018-06-14 17:22:20 - [MESSAGE][PASSED] - Object: 'Object Repository/LoginPage/Login' is clicked on

2018-06-14 17:22:20 - [MESSAGE][PASSED] - projectSpecific.Reusability.login is PASSED

2018-06-14 17:22:20 - [TEST_STEP][PASSED] - delay: Delayed 5 second(s)

2018-06-14 17:22:25 - [MESSAGE][PASSED] - Delayed 5 second(s)

2018-06-14 17:22:25 - [TEST_STEP][PASSED] - uiaction.CommonUIActions.click: uiaction.CommonUIActions.click is PASSED

2018-06-14 17:22:52 - [MESSAGE][PASSED] - uiaction.CommonUIActions.click is PASSED

2018-06-14 17:22:52 - [TEST_STEP][PASSED] - uiaction.CommonUIActions.click: uiaction.CommonUIActions.click is PASSED

2018-06-14 17:22:53 - [MESSAGE][PASSED] - uiaction.CommonUIActions.click is PASSED

2018-06-14 17:22:53 - [TEST_STEP][PASSED] - uiaction.CommonUIActions.click: uiaction.CommonUIActions.click is PASSED

2018-06-14 17:22:53 - [MESSAGE][PASSED] - uiaction.CommonUIActions.click is PASSED

2018-06-14 17:22:53 - [TEST_STEP][PASSED] - verifyElementPresent: Object 'Object Repository/ReportingGroupManagement/reportingGroupDetails' is present

2018-06-14 17:22:53 - [MESSAGE][PASSED] - Object 'Object Repository/ReportingGroupManagement/reportingGroupDetails' is present

2018-06-14 17:22:53 - [TEST_STEP][PASSED] - uiaction.CommonUIActions.enter: uiaction.CommonUIActions.enter is PASSED

2018-06-14 17:22:54 - [MESSAGE][PASSED] - projectSpecific.Reusability.getTestData is PASSED

2018-06-14 17:22:54 - [MESSAGE][PASSED] - uiaction.CommonUIActions.enter is PASSED

2018-06-14 17:22:54 - [TEST_STEP][PASSED] - uiaction.CommonUIActions.enter: uiaction.CommonUIActions.enter is PASSED

2018-06-14 17:22:54 - [MESSAGE][PASSED] - projectSpecific.Reusability.getTestData is PASSED

2018-06-14 17:22:54 - [MESSAGE][PASSED] - uiaction.CommonUIActions.enter is PASSED

2018-06-14 17:22:54 - [TEST_STEP][PASSED] - uiaction.CommonUIActions.click: uiaction.CommonUIActions.click is PASSED

2018-06-14 17:22:54 - [MESSAGE][PASSED] - uiaction.CommonUIActions.click is PASSED

2018-06-14 17:22:54 - [TEST_STEP][PASSED] - delay: Delayed 10 second(s)

2018-06-14 17:23:04 - [MESSAGE][PASSED] - Delayed 10 second(s)

2018-06-14 17:23:04 - [TEST_STEP][PASSED] - uiaction.CommonUIActions.back: uiaction.CommonUIActions.back is PASSED

2018-06-14 17:23:04 - [MESSAGE][PASSED] - Navigate back successfully

2018-06-14 17:23:04 - [MESSAGE][PASSED] - uiaction.CommonUIActions.back is PASSED

2018-06-14 17:23:04 - [TEST_STEP][PASSED] - delay: Delayed 5 second(s)

2018-06-14 17:23:09 - [MESSAGE][PASSED] - Delayed 5 second(s)

2018-06-14 17:23:09 - [TEST_STEP][PASSED] - uiaction.CommonUIActions.enter: uiaction.CommonUIActions.enter is PASSED

2018-06-14 17:23:09 - [MESSAGE][PASSED] - projectSpecific.Reusability.getTestData is PASSED

2018-06-14 17:23:09 - [MESSAGE][PASSED] - uiaction.CommonUIActions.enter is PASSED

2018-06-14 17:23:09 - [TEST_STEP][PASSED] - uiaction.CommonUIActions.enter: uiaction.CommonUIActions.enter is PASSED

2018-06-14 17:23:09 - [MESSAGE][PASSED] - projectSpecific.Reusability.getTestData is PASSED

2018-06-14 17:23:09 - [MESSAGE][PASSED] - uiaction.CommonUIActions.enter is PASSED

2018-06-14 17:23:09 - [TEST_STEP][PASSED] - uiaction.CommonUIActions.click: uiaction.CommonUIActions.click is PASSED

2018-06-14 17:23:09 - [MESSAGE][PASSED] - uiaction.CommonUIActions.click is PASSED

2018-06-14 17:23:09 - [TEST_STEP][PASSED] - delay: Delayed 5 second(s)

2018-06-14 17:23:14 - [MESSAGE][PASSED] - Delayed 5 second(s)

2018-06-14 17:23:14 - [TEST_STEP][PASSED] - uiaction.CommonUIActions.back: uiaction.CommonUIActions.back is PASSED

2018-06-14 17:23:14 - [MESSAGE][PASSED] - Navigate back successfully

2018-06-14 17:23:14 - [MESSAGE][PASSED] - uiaction.CommonUIActions.back is PASSED

2018-06-14 17:23:14 - [TEST_STEP][PASSED] - delay: Delayed 5 second(s)

2018-06-14 17:23:19 - [MESSAGE][PASSED] - Delayed 5 second(s)

2018-06-14 17:23:19 - [TEST_STEP][PASSED] - uiaction.CommonUIActions.back: uiaction.CommonUIActions.back is PASSED

2018-06-14 17:23:19 - [MESSAGE][PASSED] - Navigate back successfully

2018-06-14 17:23:19 - [MESSAGE][PASSED] - uiaction.CommonUIActions.back is PASSED

2018-06-14 17:23:19 - [TEST_STEP][PASSED] - delay: Delayed 5 second(s)

2018-06-14 17:23:24 - [MESSAGE][PASSED] - Delayed 5 second(s)

2018-06-14 17:23:24 - [TEST_STEP][PASSED] - uiaction.CommonUIActions.click: uiaction.CommonUIActions.click is PASSED

2018-06-14 17:23:24 - [MESSAGE][PASSED] - uiaction.CommonUIActions.click is PASSED

2018-06-14 17:23:24 - [TEST_STEP][PASSED] - Statement - StoreList = CustomKeywords.projectSpecific.Reusability.getTestData("ReportingGroupManagementPage", "dummyGroupName2"): projectSpecific.Reusability.getTestData is PASSED

2018-06-14 17:23:24 - [MESSAGE][PASSED] - projectSpecific.Reusability.getTestData is PASSED

2018-06-14 17:23:24 - [TEST_STEP][PASSED] - Statement - listOfStores = new java.util.ArrayList(java.util.Arrays.asList(StoreList)): null

2018-06-14 17:23:24 - [TEST_STEP][PASSED] - Statement - out.println(listOfStores): null

2018-06-14 17:23:24 - [TEST_STEP][PASSED] - delay: Delayed 10 second(s)

2018-06-14 17:23:34 - [MESSAGE][PASSED] - Delayed 10 second(s)

2018-06-14 17:23:34 - [TEST_STEP][PASSED] - Statement - driver = com.kms.katalon.core.webui.driver.DriverFactory.getWebDriver(): null

2018-06-14 17:23:34 - [TEST_STEP][PASSED] - Statement - availableStoreList = driver.findElements(org.openqa.selenium.By.xpath(com.kms.katalon.core.testdata.TestDataFactory.findTestData(OR_file).getValue(2, 10))): Reading excel file with source file 'C:\Users\shalinin\Katalon Studio\HME_Scripts\Data Files\HME_OR.xlsx' and sheet name 'Sheet1'

2018-06-14 17:23:34 - [TEST_STEP][PASSED] - Statement - actualList = new java.util.ArrayList(): null

2018-06-14 17:23:34 - [TEST_STEP][PASSED] - Statement - For ([i = 0, i < availableStoreList.size(), (i++)]): null

2018-06-14 17:23:34 - [TEST_STEP][PASSED] - Statement - actualList.add(i, availableStoreList.get(i).getText()): null

2018-06-14 17:23:34 - [TEST_STEP][PASSED] - Statement - actualList.add(i, availableStoreList.get(i).getText()): null

2018-06-14 17:23:34 - [TEST_STEP][PASSED] - Statement - actualList.add(i, availableStoreList.get(i).getText()): null

2018-06-14 17:23:34 - [TEST_STEP][PASSED] - Statement - actualList.add(i, availableStoreList.get(i).getText()): null

2018-06-14 17:23:34 - [TEST_STEP][PASSED] - Statement - actualList.add(i, availableStoreList.get(i).getText()): null

2018-06-14 17:23:34 - [TEST_STEP][PASSED] - Statement - actualList.add(i, availableStoreList.get(i).getText()): null

2018-06-14 17:23:34 - [TEST_STEP][PASSED] - Statement - actualList.add(i, availableStoreList.get(i).getText()): null

2018-06-14 17:23:34 - [TEST_STEP][PASSED] - Statement - actualList.add(i, availableStoreList.get(i).getText()): null

2018-06-14 17:23:34 - [TEST_STEP][PASSED] - Statement - actualList.add(i, availableStoreList.get(i).getText()): null

2018-06-14 17:23:34 - [TEST_STEP][PASSED] - Statement - actualList.add(i, availableStoreList.get(i).getText()): null

2018-06-14 17:23:35 - [TEST_STEP][PASSED] - Statement - actualList.add(i, availableStoreList.get(i).getText()): null

2018-06-14 17:23:35 - [TEST_STEP][PASSED] - Statement - actualList.add(i, availableStoreList.get(i).getText()): null

2018-06-14 17:23:35 - [TEST_STEP][PASSED] - Statement - actualList.add(i, availableStoreList.get(i).getText()): null

2018-06-14 17:23:35 - [TEST_STEP][PASSED] - Statement - actualList.add(i, availableStoreList.get(i).getText()): null

2018-06-14 17:23:35 - [TEST_STEP][PASSED] - Statement - actualList.add(i, availableStoreList.get(i).getText()): null

2018-06-14 17:23:35 - [TEST_STEP][PASSED] - Statement - actualList.add(i, availableStoreList.get(i).getText()): null

2018-06-14 17:23:35 - [TEST_STEP][PASSED] - Statement - actualList.add(i, availableStoreList.get(i).getText()): null

2018-06-14 17:23:35 - [TEST_STEP][PASSED] - Statement - actualList.add(i, availableStoreList.get(i).getText()): null

2018-06-14 17:23:35 - [TEST_STEP][PASSED] - Statement - actualList.add(i, availableStoreList.get(i).getText()): null

2018-06-14 17:23:35 - [TEST_STEP][PASSED] - Statement - actualList.add(i, availableStoreList.get(i).getText()): null

2018-06-14 17:23:35 - [TEST_STEP][PASSED] - Statement - actualList.add(i, availableStoreList.get(i).getText()): null

2018-06-14 17:23:35 - [TEST_STEP][PASSED] - Statement - actualList.add(i, availableStoreList.get(i).getText()): null

2018-06-14 17:23:35 - [TEST_STEP][PASSED] - Statement - actualList.add(i, availableStoreList.get(i).getText()): null

2018-06-14 17:23:35 - [TEST_STEP][PASSED] - Statement - actualList.add(i, availableStoreList.get(i).getText()): null

2018-06-14 17:23:35 - [TEST_STEP][PASSED] - Statement - actualList.add(i, availableStoreList.get(i).getText()): null

2018-06-14 17:23:35 - [TEST_STEP][PASSED] - Statement - actualList.add(i, availableStoreList.get(i).getText()): null

2018-06-14 17:23:35 - [TEST_STEP][PASSED] - Statement - actualList.add(i, availableStoreList.get(i).getText()): null

2018-06-14 17:23:35 - [TEST_STEP][PASSED] - Statement - actualList.add(i, availableStoreList.get(i).getText()): null

2018-06-14 17:23:35 - [TEST_STEP][PASSED] - Statement - actualList.add(i, availableStoreList.get(i).getText()): null

2018-06-14 17:23:35 - [TEST_STEP][PASSED] - Statement - actualList.add(i, availableStoreList.get(i).getText()): null

2018-06-14 17:23:35 - [TEST_STEP][PASSED] - Statement - actualList.add(i, availableStoreList.get(i).getText()): null

2018-06-14 17:23:35 - [TEST_STEP][PASSED] - Statement - actualList.add(i, availableStoreList.get(i).getText()): null

2018-06-14 17:23:35 - [TEST_STEP][PASSED] - Statement - actualList.add(i, availableStoreList.get(i).getText()): null

2018-06-14 17:23:35 - [TEST_STEP][PASSED] - Statement - actualList.add(i, availableStoreList.get(i).getText()): null

2018-06-14 17:23:35 - [TEST_STEP][PASSED] - Statement - actualList.add(i, availableStoreList.get(i).getText()): null

2018-06-14 17:23:35 - [TEST_STEP][PASSED] - Statement - actualList.add(i, availableStoreList.get(i).getText()): null

2018-06-14 17:23:35 - [TEST_STEP][PASSED] - Statement - actualList.add(i, availableStoreList.get(i).getText()): null

2018-06-14 17:23:35 - [TEST_STEP][PASSED] - Statement - actualList.add(i, availableStoreList.get(i).getText()): null

2018-06-14 17:23:35 - [TEST_STEP][PASSED] - Statement - actualList.add(i, availableStoreList.get(i).getText()): null

2018-06-14 17:23:35 - [TEST_STEP][PASSED] - Statement - actualList.add(i, availableStoreList.get(i).getText()): null

2018-06-14 17:23:35 - [TEST_STEP][PASSED] - Statement - actualList.add(i, availableStoreList.get(i).getText()): null

2018-06-14 17:23:35 - [TEST_STEP][PASSED] - Statement - actualList.add(i, availableStoreList.get(i).getText()): null

2018-06-14 17:23:35 - [TEST_STEP][PASSED] - Statement - actualList.add(i, availableStoreList.get(i).getText()): null

2018-06-14 17:23:35 - [TEST_STEP][PASSED] - Statement - actualList.add(i, availableStoreList.get(i).getText()): null

2018-06-14 17:23:35 - [TEST_STEP][PASSED] - Statement - actualList.add(i, availableStoreList.get(i).getText()): null

2018-06-14 17:23:35 - [TEST_STEP][PASSED] - Statement - actualList.add(i, availableStoreList.get(i).getText()): null

2018-06-14 17:23:35 - [TEST_STEP][PASSED] - Statement - actualList.add(i, availableStoreList.get(i).getText()): null

2018-06-14 17:23:35 - [TEST_STEP][PASSED] - Statement - actualList.add(i, availableStoreList.get(i).getText()): null

2018-06-14 17:23:35 - [TEST_STEP][PASSED] - Statement - actualList.add(i, availableStoreList.get(i).getText()): null

2018-06-14 17:23:35 - [TEST_STEP][PASSED] - Statement - actualList.add(i, availableStoreList.get(i).getText()): null

2018-06-14 17:23:35 - [TEST_STEP][PASSED] - Statement - actualList.add(i, availableStoreList.get(i).getText()): null

2018-06-14 17:23:35 - [TEST_STEP][PASSED] - Statement - actualList.add(i, availableStoreList.get(i).getText()): null

2018-06-14 17:23:35 - [TEST_STEP][PASSED] - Statement - actualList.add(i, availableStoreList.get(i).getText()): null

2018-06-14 17:23:35 - [TEST_STEP][PASSED] - Statement - actualList.add(i, availableStoreList.get(i).getText()): null

2018-06-14 17:23:35 - [TEST_STEP][PASSED] - Statement - actualList.add(i, availableStoreList.get(i).getText()): null

2018-06-14 17:23:35 - [TEST_STEP][PASSED] - Statement - actualList.add(i, availableStoreList.get(i).getText()): null

2018-06-14 17:23:35 - [TEST_STEP][PASSED] - Statement - actualList.add(i, availableStoreList.get(i).getText()): null

2018-06-14 17:23:35 - [TEST_STEP][PASSED] - Statement - actualList.add(i, availableStoreList.get(i).getText()): null

2018-06-14 17:23:35 - [TEST_STEP][PASSED] - Statement - actualList.add(i, availableStoreList.get(i).getText()): null

2018-06-14 17:23:35 - [TEST_STEP][PASSED] - Statement - actualList.add(i, availableStoreList.get(i).getText()): null

2018-06-14 17:23:35 - [TEST_STEP][PASSED] - Statement - actualList.add(i, availableStoreList.get(i).getText()): null

2018-06-14 17:23:35 - [TEST_STEP][PASSED] - Statement - actualList.add(i, availableStoreList.get(i).getText()): null

2018-06-14 17:23:35 - [TEST_STEP][PASSED] - Statement - actualList.add(i, availableStoreList.get(i).getText()): null

2018-06-14 17:23:35 - [TEST_STEP][PASSED] - Statement - actualList.add(i, availableStoreList.get(i).getText()): null

2018-06-14 17:23:35 - [TEST_STEP][PASSED] - Statement - actualList.add(i, availableStoreList.get(i).getText()): null

2018-06-14 17:23:35 - [TEST_STEP][PASSED] - Statement - actualList.add(i, availableStoreList.get(i).getText()): null

2018-06-14 17:23:35 - [TEST_STEP][PASSED] - Statement - actualList.add(i, availableStoreList.get(i).getText()): null

2018-06-14 17:23:35 - [TEST_STEP][PASSED] - Statement - actualList.add(i, availableStoreList.get(i).getText()): null

2018-06-14 17:23:35 - [TEST_STEP][PASSED] - Statement - actualList.add(i, availableStoreList.get(i).getText()): null

2018-06-14 17:23:35 - [TEST_STEP][PASSED] - Statement - actualList.add(i, availableStoreList.get(i).getText()): null

2018-06-14 17:23:35 - [TEST_STEP][PASSED] - Statement - actualList.add(i, availableStoreList.get(i).getText()): null

2018-06-14 17:23:35 - [TEST_STEP][PASSED] - Statement - actualList.add(i, availableStoreList.get(i).getText()): null

2018-06-14 17:23:35 - [TEST_STEP][PASSED] - Statement - actualList.add(i, availableStoreList.get(i).getText()): null

2018-06-14 17:23:36 - [TEST_STEP][PASSED] - Statement - actualList.add(i, availableStoreList.get(i).getText()): null

2018-06-14 17:23:36 - [TEST_STEP][PASSED] - Statement - actualList.add(i, availableStoreList.get(i).getText()): null

2018-06-14 17:23:36 - [TEST_STEP][PASSED] - Statement - actualList.add(i, availableStoreList.get(i).getText()): null

2018-06-14 17:23:36 - [TEST_STEP][PASSED] - Statement - actualList.add(i, availableStoreList.get(i).getText()): null

2018-06-14 17:23:36 - [TEST_STEP][PASSED] - Statement - actualList.add(i, availableStoreList.get(i).getText()): null

2018-06-14 17:23:36 - [TEST_STEP][PASSED] - Statement - actualList.add(i, availableStoreList.get(i).getText()): null

2018-06-14 17:23:36 - [TEST_STEP][PASSED] - Statement - actualList.add(i, availableStoreList.get(i).getText()): null

2018-06-14 17:23:36 - [TEST_STEP][PASSED] - Statement - actualList.add(i, availableStoreList.get(i).getText()): null

2018-06-14 17:23:36 - [TEST_STEP][PASSED] - Statement - actualList.add(i, availableStoreList.get(i).getText()): null

2018-06-14 17:23:36 - [TEST_STEP][PASSED] - Statement - actualList.add(i, availableStoreList.get(i).getText()): null

2018-06-14 17:23:36 - [TEST_STEP][PASSED] - Statement - actualList.add(i, availableStoreList.get(i).getText()): null

2018-06-14 17:23:36 - [TEST_STEP][PASSED] - Statement - actualList.add(i, availableStoreList.get(i).getText()): null

2018-06-14 17:23:36 - [TEST_STEP][PASSED] - Statement - actualList.add(i, availableStoreList.get(i).getText()): null

2018-06-14 17:23:36 - [TEST_STEP][PASSED] - Statement - actualList.add(i, availableStoreList.get(i).getText()): null

2018-06-14 17:23:36 - [TEST_STEP][PASSED] - Statement - actualList.add(i, availableStoreList.get(i).getText()): null

2018-06-14 17:23:36 - [TEST_STEP][PASSED] - Statement - actualList.add(i, availableStoreList.get(i).getText()): null

2018-06-14 17:23:36 - [TEST_STEP][PASSED] - Statement - actualList.add(i, availableStoreList.get(i).getText()): null

2018-06-14 17:23:36 - [TEST_STEP][PASSED] - Statement - actualList.add(i, availableStoreList.get(i).getText()): null

2018-06-14 17:23:36 - [TEST_STEP][PASSED] - Statement - actualList.add(i, availableStoreList.get(i).getText()): null

2018-06-14 17:23:36 - [TEST_STEP][PASSED] - Statement - actualList.add(i, availableStoreList.get(i).getText()): null

2018-06-14 17:23:36 - [TEST_STEP][PASSED] - Statement - actualList.add(i, availableStoreList.get(i).getText()): null

2018-06-14 17:23:36 - [TEST_STEP][PASSED] - Statement - actualList.add(i, availableStoreList.get(i).getText()): null

2018-06-14 17:23:36 - [TEST_STEP][PASSED] - Statement - actualList.add(i, availableStoreList.get(i).getText()): null

2018-06-14 17:23:36 - [TEST_STEP][PASSED] - Statement - actualList.add(i, availableStoreList.get(i).getText()): null

2018-06-14 17:23:36 - [TEST_STEP][PASSED] - Statement - actualList.add(i, availableStoreList.get(i).getText()): null

2018-06-14 17:23:36 - [TEST_STEP][PASSED] - Statement - actualList.add(i, availableStoreList.get(i).getText()): null

2018-06-14 17:23:36 - [TEST_STEP][PASSED] - Statement - actualList.add(i, availableStoreList.get(i).getText()): null

2018-06-14 17:23:36 - [TEST_STEP][PASSED] - Statement - actualList.add(i, availableStoreList.get(i).getText()): null

2018-06-14 17:23:36 - [TEST_STEP][PASSED] - Statement - actualList.add(i, availableStoreList.get(i).getText()): null

2018-06-14 17:23:36 - [TEST_STEP][PASSED] - Statement - actualList.add(i, availableStoreList.get(i).getText()): null

2018-06-14 17:23:36 - [TEST_STEP][PASSED] - Statement - actualList.add(i, availableStoreList.get(i).getText()): null

2018-06-14 17:23:36 - [TEST_STEP][PASSED] - Statement - actualList.add(i, availableStoreList.get(i).getText()): null

2018-06-14 17:23:36 - [TEST_STEP][PASSED] - Statement - actualList.add(i, availableStoreList.get(i).getText()): null

2018-06-14 17:23:36 - [TEST_STEP][PASSED] - Statement - actualList.add(i, availableStoreList.get(i).getText()): null

2018-06-14 17:23:36 - [TEST_STEP][PASSED] - Statement - actualList.add(i, availableStoreList.get(i).getText()): null

2018-06-14 17:23:36 - [TEST_STEP][PASSED] - Statement - actualList.add(i, availableStoreList.get(i).getText()): null

2018-06-14 17:23:36 - [TEST_STEP][PASSED] - Statement - actualList.add(i, availableStoreList.get(i).getText()): null

2018-06-14 17:23:36 - [TEST_STEP][PASSED] - Statement - actualList.add(i, availableStoreList.get(i).getText()): null

2018-06-14 17:23:36 - [TEST_STEP][PASSED] - Statement - actualList.add(i, availableStoreList.get(i).getText()): null

2018-06-14 17:23:36 - [TEST_STEP][PASSED] - Statement - actualList.add(i, availableStoreList.get(i).getText()): null

2018-06-14 17:23:36 - [TEST_STEP][PASSED] - Statement - actualList.add(i, availableStoreList.get(i).getText()): null

2018-06-14 17:23:36 - [TEST_STEP][PASSED] - Statement - actualList.add(i, availableStoreList.get(i).getText()): null

2018-06-14 17:23:36 - [TEST_STEP][PASSED] - Statement - actualList.add(i, availableStoreList.get(i).getText()): null

2018-06-14 17:23:36 - [TEST_STEP][PASSED] - Statement - actualList.add(i, availableStoreList.get(i).getText()): null

2018-06-14 17:23:36 - [TEST_STEP][PASSED] - Statement - actualList.add(i, availableStoreList.get(i).getText()): null

2018-06-14 17:23:36 - [TEST_STEP][PASSED] - Statement - actualList.add(i, availableStoreList.get(i).getText()): null

2018-06-14 17:23:36 - [TEST_STEP][PASSED] - Statement - actualList.add(i, availableStoreList.get(i).getText()): null

2018-06-14 17:23:36 - [TEST_STEP][PASSED] - Statement - actualList.add(i, availableStoreList.get(i).getText()): null

2018-06-14 17:23:36 - [TEST_STEP][PASSED] - Statement - actualList.add(i, availableStoreList.get(i).getText()): null

2018-06-14 17:23:36 - [TEST_STEP][PASSED] - Statement - actualList.add(i, availableStoreList.get(i).getText()): null

2018-06-14 17:23:36 - [TEST_STEP][PASSED] - Statement - actualList.add(i, availableStoreList.get(i).getText()): null

2018-06-14 17:23:36 - [TEST_STEP][PASSED] - Statement - actualList.add(i, availableStoreList.get(i).getText()): null

2018-06-14 17:23:36 - [TEST_STEP][PASSED] - Statement - actualList.add(i, availableStoreList.get(i).getText()): null

2018-06-14 17:23:36 - [TEST_STEP][PASSED] - Statement - actualList.add(i, availableStoreList.get(i).getText()): null

2018-06-14 17:23:36 - [TEST_STEP][PASSED] - Statement - actualList.add(i, availableStoreList.get(i).getText()): null

2018-06-14 17:23:36 - [TEST_STEP][PASSED] - Statement - actualList.add(i, availableStoreList.get(i).getText()): null

2018-06-14 17:23:36 - [TEST_STEP][PASSED] - Statement - actualList.add(i, availableStoreList.get(i).getText()): null

2018-06-14 17:23:36 - [TEST_STEP][PASSED] - Statement - actualList.add(i, availableStoreList.get(i).getText()): null

2018-06-14 17:23:36 - [TEST_STEP][PASSED] - Statement - actualList.add(i, availableStoreList.get(i).getText()): null

2018-06-14 17:23:36 - [TEST_STEP][PASSED] - Statement - actualList.add(i, availableStoreList.get(i).getText()): null

2018-06-14 17:23:36 - [TEST_STEP][PASSED] - Statement - actualList.add(i, availableStoreList.get(i).getText()): null

2018-06-14 17:23:36 - [TEST_STEP][PASSED] - Statement - actualList.add(i, availableStoreList.get(i).getText()): null

2018-06-14 17:23:36 - [TEST_STEP][PASSED] - Statement - actualList.add(i, availableStoreList.get(i).getText()): null

2018-06-14 17:23:36 - [TEST_STEP][PASSED] - Statement - actualList.add(i, availableStoreList.get(i).getText()): null

2018-06-14 17:23:36 - [TEST_STEP][PASSED] - Statement - actualList.add(i, availableStoreList.get(i).getText()): null

2018-06-14 17:23:36 - [TEST_STEP][PASSED] - Statement - actualList.add(i, availableStoreList.get(i).getText()): null

2018-06-14 17:23:37 - [TEST_STEP][PASSED] - Statement - actualList.add(i, availableStoreList.get(i).getText()): null

2018-06-14 17:23:37 - [TEST_STEP][PASSED] - Statement - actualList.add(i, availableStoreList.get(i).getText()): null

2018-06-14 17:23:37 - [TEST_STEP][PASSED] - Statement - actualList.add(i, availableStoreList.get(i).getText()): null

2018-06-14 17:23:37 - [TEST_STEP][PASSED] - Statement - actualList.add(i, availableStoreList.get(i).getText()): null

2018-06-14 17:23:37 - [TEST_STEP][PASSED] - Statement - actualList.add(i, availableStoreList.get(i).getText()): null

2018-06-14 17:23:37 - [TEST_STEP][PASSED] - Statement - actualList.add(i, availableStoreList.get(i).getText()): null

2018-06-14 17:23:37 - [TEST_STEP][PASSED] - Statement - actualList.add(i, availableStoreList.get(i).getText()): null

2018-06-14 17:23:37 - [TEST_STEP][PASSED] - Statement - actualList.add(i, availableStoreList.get(i).getText()): null

2018-06-14 17:23:37 - [TEST_STEP][PASSED] - Statement - actualList.add(i, availableStoreList.get(i).getText()): null

2018-06-14 17:23:37 - [TEST_STEP][PASSED] - Statement - actualList.add(i, availableStoreList.get(i).getText()): null

2018-06-14 17:23:37 - [TEST_STEP][PASSED] - Statement - actualList.add(i, availableStoreList.get(i).getText()): null

2018-06-14 17:23:37 - [TEST_STEP][PASSED] - Statement - actualList.add(i, availableStoreList.get(i).getText()): null

2018-06-14 17:23:37 - [TEST_STEP][PASSED] - Statement - actualList.add(i, availableStoreList.get(i).getText()): null

2018-06-14 17:23:37 - [TEST_STEP][PASSED] - Statement - actualList.add(i, availableStoreList.get(i).getText()): null

2018-06-14 17:23:37 - [TEST_STEP][PASSED] - Statement - actualList.add(i, availableStoreList.get(i).getText()): null

2018-06-14 17:23:37 - [TEST_STEP][PASSED] - Statement - actualList.add(i, availableStoreList.get(i).getText()): null

2018-06-14 17:23:37 - [TEST_STEP][PASSED] - Statement - actualList.add(i, availableStoreList.get(i).getText()): null

2018-06-14 17:23:37 - [TEST_STEP][PASSED] - Statement - actualList.add(i, availableStoreList.get(i).getText()): null

2018-06-14 17:23:37 - [TEST_STEP][PASSED] - Statement - actualList.add(i, availableStoreList.get(i).getText()): null

2018-06-14 17:23:37 - [TEST_STEP][PASSED] - Statement - actualList.add(i, availableStoreList.get(i).getText()): null

2018-06-14 17:23:37 - [TEST_STEP][PASSED] - Statement - actualList.add(i, availableStoreList.get(i).getText()): null

2018-06-14 17:23:37 - [TEST_STEP][PASSED] - Statement - actualList.add(i, availableStoreList.get(i).getText()): null

2018-06-14 17:23:37 - [TEST_STEP][PASSED] - Statement - actualList.add(i, availableStoreList.get(i).getText()): null

2018-06-14 17:23:37 - [TEST_STEP][PASSED] - Statement - actualList.add(i, availableStoreList.get(i).getText()): null

2018-06-14 17:23:37 - [TEST_STEP][PASSED] - Statement - actualList.add(i, availableStoreList.get(i).getText()): null

2018-06-14 17:23:37 - [TEST_STEP][PASSED] - Statement - actualList.add(i, availableStoreList.get(i).getText()): null

2018-06-14 17:23:37 - [TEST_STEP][PASSED] - Statement - actualList.add(i, availableStoreList.get(i).getText()): null

2018-06-14 17:23:37 - [TEST_STEP][PASSED] - Statement - actualList.add(i, availableStoreList.get(i).getText()): null

2018-06-14 17:23:37 - [TEST_STEP][PASSED] - Statement - actualList.add(i, availableStoreList.get(i).getText()): null

2018-06-14 17:23:37 - [TEST_STEP][PASSED] - Statement - actualList.add(i, availableStoreList.get(i).getText()): null

2018-06-14 17:23:37 - [TEST_STEP][PASSED] - Statement - actualList.add(i, availableStoreList.get(i).getText()): null

2018-06-14 17:23:37 - [TEST_STEP][PASSED] - Statement - actualList.add(i, availableStoreList.get(i).getText()): null

2018-06-14 17:23:37 - [TEST_STEP][PASSED] - Statement - actualList.add(i, availableStoreList.get(i).getText()): null

2018-06-14 17:23:37 - [TEST_STEP][PASSED] - Statement - actualList.add(i, availableStoreList.get(i).getText()): null

2018-06-14 17:23:37 - [TEST_STEP][PASSED] - Statement - actualList.add(i, availableStoreList.get(i).getText()): null

2018-06-14 17:23:37 - [TEST_STEP][PASSED] - Statement - actualList.add(i, availableStoreList.get(i).getText()): null

2018-06-14 17:23:37 - [TEST_STEP][PASSED] - Statement - actualList.add(i, availableStoreList.get(i).getText()): null

2018-06-14 17:23:37 - [TEST_STEP][PASSED] - Statement - actualList.add(i, availableStoreList.get(i).getText()): null

2018-06-14 17:23:37 - [TEST_STEP][PASSED] - Statement - actualList.add(i, availableStoreList.get(i).getText()): null

2018-06-14 17:23:37 - [TEST_STEP][PASSED] - Statement - actualList.add(i, availableStoreList.get(i).getText()): null

2018-06-14 17:23:37 - [TEST_STEP][PASSED] - Statement - actualList.add(i, availableStoreList.get(i).getText()): null

2018-06-14 17:23:37 - [TEST_STEP][PASSED] - Statement - actualList.add(i, availableStoreList.get(i).getText()): null

2018-06-14 17:23:37 - [TEST_STEP][PASSED] - Statement - actualList.add(i, availableStoreList.get(i).getText()): null

2018-06-14 17:23:37 - [TEST_STEP][PASSED] - Statement - actualList.add(i, availableStoreList.get(i).getText()): null

2018-06-14 17:23:37 - [TEST_STEP][PASSED] - Statement - actualList.add(i, availableStoreList.get(i).getText()): null

2018-06-14 17:23:37 - [TEST_STEP][PASSED] - Statement - actualList.add(i, availableStoreList.get(i).getText()): null

2018-06-14 17:23:37 - [TEST_STEP][PASSED] - Statement - actualList.add(i, availableStoreList.get(i).getText()): null

2018-06-14 17:23:37 - [TEST_STEP][PASSED] - Statement - actualList.add(i, availableStoreList.get(i).getText()): null

2018-06-14 17:23:37 - [TEST_STEP][PASSED] - Statement - actualList.add(i, availableStoreList.get(i).getText()): null

2018-06-14 17:23:37 - [TEST_STEP][PASSED] - Statement - actualList.add(i, availableStoreList.get(i).getText()): null

2018-06-14 17:23:37 - [TEST_STEP][PASSED] - Statement - actualList.add(i, availableStoreList.get(i).getText()): null

2018-06-14 17:23:37 - [TEST_STEP][PASSED] - Statement - actualList.add(i, availableStoreList.get(i).getText()): null

2018-06-14 17:23:37 - [TEST_STEP][PASSED] - Statement - actualList.add(i, availableStoreList.get(i).getText()): null

2018-06-14 17:23:37 - [TEST_STEP][PASSED] - Statement - actualList.add(i, availableStoreList.get(i).getText()): null

2018-06-14 17:23:37 - [TEST_STEP][PASSED] - Statement - actualList.add(i, availableStoreList.get(i).getText()): null

2018-06-14 17:23:37 - [TEST_STEP][PASSED] - Statement - actualList.add(i, availableStoreList.get(i).getText()): null

2018-06-14 17:23:37 - [TEST_STEP][PASSED] - Statement - actualList.add(i, availableStoreList.get(i).getText()): null

2018-06-14 17:23:37 - [TEST_STEP][PASSED] - Statement - actualList.add(i, availableStoreList.get(i).getText()): null

2018-06-14 17:23:37 - [TEST_STEP][PASSED] - Statement - actualList.add(i, availableStoreList.get(i).getText()): null

2018-06-14 17:23:37 - [TEST_STEP][PASSED] - Statement - actualList.add(i, availableStoreList.get(i).getText()): null

2018-06-14 17:23:37 - [TEST_STEP][PASSED] - Statement - actualList.add(i, availableStoreList.get(i).getText()): null

2018-06-14 17:23:37 - [TEST_STEP][PASSED] - Statement - actualList.add(i, availableStoreList.get(i).getText()): null

2018-06-14 17:23:37 - [TEST_STEP][PASSED] - Statement - actualList.add(i, availableStoreList.get(i).getText()): null

2018-06-14 17:23:37 - [TEST_STEP][PASSED] - Statement - actualList.add(i, availableStoreList.get(i).getText()): null

2018-06-14 17:23:37 - [TEST_STEP][PASSED] - Statement - actualList.add(i, availableStoreList.get(i).getText()): null

2018-06-14 17:23:38 - [TEST_STEP][PASSED] - Statement - actualList.add(i, availableStoreList.get(i).getText()): null

2018-06-14 17:23:38 - [TEST_STEP][PASSED] - Statement - actualList.add(i, availableStoreList.get(i).getText()): null

2018-06-14 17:23:38 - [TEST_STEP][PASSED] - Statement - actualList.add(i, availableStoreList.get(i).getText()): null

2018-06-14 17:23:38 - [TEST_STEP][PASSED] - Statement - actualList.add(i, availableStoreList.get(i).getText()): null

2018-06-14 17:23:38 - [TEST_STEP][PASSED] - Statement - actualList.add(i, availableStoreList.get(i).getText()): null

2018-06-14 17:23:38 - [TEST_STEP][PASSED] - Statement - actualList.add(i, availableStoreList.get(i).getText()): null

2018-06-14 17:23:38 - [TEST_STEP][PASSED] - Statement - actualList.add(i, availableStoreList.get(i).getText()): null

2018-06-14 17:23:38 - [TEST_STEP][PASSED] - Statement - actualList.add(i, availableStoreList.get(i).getText()): null

2018-06-14 17:23:38 - [TEST_STEP][PASSED] - Statement - actualList.add(i, availableStoreList.get(i).getText()): null

2018-06-14 17:23:38 - [TEST_STEP][PASSED] - Statement - actualList.add(i, availableStoreList.get(i).getText()): null

2018-06-14 17:23:38 - [TEST_STEP][PASSED] - Statement - actualList.add(i, availableStoreList.get(i).getText()): null

2018-06-14 17:23:38 - [TEST_STEP][PASSED] - Statement - actualList.add(i, availableStoreList.get(i).getText()): null

2018-06-14 17:23:38 - [TEST_STEP][PASSED] - Statement - actualList.add(i, availableStoreList.get(i).getText()): null

2018-06-14 17:23:38 - [TEST_STEP][PASSED] - Statement - actualList.add(i, availableStoreList.get(i).getText()): null

2018-06-14 17:23:38 - [TEST_STEP][PASSED] - Statement - actualList.add(i, availableStoreList.get(i).getText()): null

2018-06-14 17:23:38 - [TEST_STEP][PASSED] - Statement - actualList.add(i, availableStoreList.get(i).getText()): null

2018-06-14 17:23:38 - [TEST_STEP][PASSED] - Statement - out.println(actualList): null

2018-06-14 17:23:38 - [TEST_STEP][PASSED] - Statement - If (actualList.containsAll(listOfStores)): null

2018-06-14 17:23:38 - [TEST_STEP][PASSED] - Statement - println("Groups & Stores are displayed in Available Groups/Stores listbox"): null

2018-06-14 17:23:38 - [TEST_STEP][PASSED] - uiaction.CommonUIActions.click: uiaction.CommonUIActions.click is PASSED

2018-06-14 17:23:38 - [MESSAGE][PASSED] - uiaction.CommonUIActions.click is PASSED

2018-06-14 17:23:38 - [TEST_STEP][PASSED] - uiaction.CommonUIActions.click: uiaction.CommonUIActions.click is PASSED

2018-06-14 17:23:38 - [MESSAGE][PASSED] - uiaction.CommonUIActions.click is PASSED

2018-06-14 17:23:38 - [TEST_STEP][PASSED] - uiaction.CommonUIActions.back: uiaction.CommonUIActions.back is PASSED

2018-06-14 17:23:38 - [MESSAGE][PASSED] - Navigate back successfully

2018-06-14 17:23:38 - [MESSAGE][PASSED] - uiaction.CommonUIActions.back is PASSED

2018-06-14 17:23:38 - [TEST_STEP][PASSED] - delay: Delayed 5 second(s)

2018-06-14 17:23:43 - [MESSAGE][PASSED] - Delayed 5 second(s)

2018-06-14 17:23:43 - [TEST_STEP][PASSED] - uiaction.CommonUIActions.back: uiaction.CommonUIActions.back is PASSED

2018-06-14 17:23:43 - [MESSAGE][PASSED] - Navigate back successfully

2018-06-14 17:23:43 - [MESSAGE][PASSED] - uiaction.CommonUIActions.back is PASSED

2018-06-14 17:23:43 - [TEST_STEP][PASSED] - delay: Delayed 5 second(s)

2018-06-14 17:23:48 - [MESSAGE][PASSED] - Delayed 5 second(s)

2018-06-14 17:23:48 - [TEST_STEP][PASSED] - uiaction.CommonUIActions.click: uiaction.CommonUIActions.click is PASSED

2018-06-14 17:23:48 - [MESSAGE][PASSED] - uiaction.CommonUIActions.click is PASSED

2018-06-14 17:23:48 - [TEST_STEP][PASSED] - uiaction.CommonUIActions.click: uiaction.CommonUIActions.click is PASSED

2018-06-14 17:23:48 - [MESSAGE][PASSED] - uiaction.CommonUIActions.click is PASSED

2018-06-14 17:23:48 - [TEST_STEP][PASSED] - uiaction.CommonUIActions.click: uiaction.CommonUIActions.click is PASSED

2018-06-14 17:23:48 - [MESSAGE][PASSED] - uiaction.CommonUIActions.click is PASSED

2018-06-14 17:23:48 - [TEST_STEP][PASSED] - uiaction.CommonUIActions.back: uiaction.CommonUIActions.back is PASSED

2018-06-14 17:23:48 - [MESSAGE][PASSED] - Navigate back successfully

2018-06-14 17:23:48 - [MESSAGE][PASSED] - uiaction.CommonUIActions.back is PASSED

2018-06-14 17:23:48 - [TEST_STEP][PASSED] - delay: Delayed 5 second(s)

2018-06-14 17:23:53 - [MESSAGE][PASSED] - Delayed 5 second(s)

2018-06-14 17:23:53 - [TEST_STEP][PASSED] - uiaction.CommonUIActions.back: uiaction.CommonUIActions.back is PASSED

2018-06-14 17:23:53 - [MESSAGE][PASSED] - Navigate back successfully

2018-06-14 17:23:53 - [MESSAGE][PASSED] - uiaction.CommonUIActions.back is PASSED

2018-06-14 17:23:53 - [TEST_STEP][PASSED] - delay: Delayed 5 second(s)

2018-06-14 17:23:58 - [MESSAGE][PASSED] - Delayed 5 second(s)

2018-06-14 17:23:58 - [TEST_STEP][PASSED] - uiaction.CommonUIActions.click: uiaction.CommonUIActions.click is PASSED

2018-06-14 17:23:58 - [MESSAGE][PASSED] - uiaction.CommonUIActions.click is PASSED

2018-06-14 17:23:58 - [TEST_STEP][PASSED] - delay: Delayed 5 second(s)

2018-06-14 17:24:03 - [MESSAGE][PASSED] - Delayed 5 second(s)

2018-06-14 17:24:03 - [TEST_STEP][PASSED] - Statement - secondStoreListBox = driver.findElements(org.openqa.selenium.By.xpath(com.kms.katalon.core.testdata.TestDataFactory.findTestData(OR_file).getValue(2, 11))): Reading excel file with source file 'C:\Users\shalinin\Katalon Studio\HME_Scripts\Data Files\HME_OR.xlsx' and sheet name 'Sheet1'

2018-06-14 17:24:03 - [TEST_STEP][PASSED] - Statement - list = new java.util.ArrayList(): null

2018-06-14 17:24:03 - [TEST_STEP][PASSED] - Statement - For ([i = 0, i < secondStoreListBox.size(), (i++)]): null

2018-06-14 17:24:03 - [TEST_STEP][PASSED] - Statement - If (list.size() == 0): null

2018-06-14 17:24:03 - [TEST_STEP][PASSED] - Statement - println("No Groups/Stores is displayed in Groups/Stores in Group list box"): null

2018-06-14 17:24:03 - [TEST_STEP][PASSED] - uiaction.CommonUIActions.enter: uiaction.CommonUIActions.enter is PASSED

2018-06-14 17:24:03 - [MESSAGE][PASSED] - projectSpecific.Reusability.getTestData is PASSED

2018-06-14 17:24:03 - [MESSAGE][PASSED] - uiaction.CommonUIActions.enter is PASSED

2018-06-14 17:24:03 - [TEST_STEP][PASSED] - uiaction.CommonUIActions.enter: uiaction.CommonUIActions.enter is PASSED

2018-06-14 17:24:03 - [MESSAGE][PASSED] - projectSpecific.Reusability.getTestData is PASSED

2018-06-14 17:24:04 - [MESSAGE][PASSED] - uiaction.CommonUIActions.enter is PASSED

2018-06-14 17:24:04 - [TEST_STEP][PASSED] - uiaction.CommonUIActions.verifyMatch: uiaction.CommonUIActions.verifyMatch is PASSED

2018-06-14 17:24:04 - [MESSAGE][PASSED] - projectSpecific.Reusability.getTestData is PASSED

2018-06-14 17:24:04 - [MESSAGE][PASSED] - Attribute 'value' of object 'Object Repository/ReportingGroupManagement/groupNameTxt' is: 'AutomationGroup1'

2018-06-14 17:24:04 - [MESSAGE][PASSED] - Actual text 'AutomationGroup1' and expected text 'AutomationGroup1' are matched 

2018-06-14 17:24:04 - [MESSAGE][PASSED] - uiaction.CommonUIActions.verifyMatch is PASSED

2018-06-14 17:24:04 - [TEST_STEP][PASSED] - uiaction.CommonUIActions.verifyMatch: uiaction.CommonUIActions.verifyMatch is PASSED

2018-06-14 17:24:04 - [MESSAGE][PASSED] - projectSpecific.Reusability.getTestData is PASSED

2018-06-14 17:24:04 - [MESSAGE][PASSED] - Attribute 'value' of object 'Object Repository/ReportingGroupManagement/groupDescTxt' is: 'South west branch Group 1'

2018-06-14 17:24:04 - [MESSAGE][PASSED] - Actual text 'South west branch Group 1' and expected text 'South west branch Group 1' are matched 

2018-06-14 17:24:04 - [MESSAGE][PASSED] - uiaction.CommonUIActions.verifyMatch is PASSED

2018-06-14 17:24:04 - [TEST_STEP][PASSED] - delay: Delayed 5 second(s)

2018-06-14 17:24:09 - [MESSAGE][PASSED] - Delayed 5 second(s)

2018-06-14 17:24:09 - [TEST_STEP][PASSED] - Statement - StoresCBList = driver.findElements(org.openqa.selenium.By.xpath(com.kms.katalon.core.testdata.TestDataFactory.findTestData(OR_file).getValue(2, 12))): Reading excel file with source file 'C:\Users\shalinin\Katalon Studio\HME_Scripts\Data Files\HME_OR.xlsx' and sheet name 'Sheet1'

2018-06-14 17:24:09 - [TEST_STEP][PASSED] - Statement - storesLabel = driver.findElements(org.openqa.selenium.By.xpath(com.kms.katalon.core.testdata.TestDataFactory.findTestData(OR_file).getValue(2, 10))): Reading excel file with source file 'C:\Users\shalinin\Katalon Studio\HME_Scripts\Data Files\HME_OR.xlsx' and sheet name 'Sheet1'

2018-06-14 17:24:09 - [TEST_STEP][PASSED] - Statement - groupStoresList = new java.util.ArrayList(): null

2018-06-14 17:24:09 - [TEST_STEP][PASSED] - Statement - out.println(StoresCBList.size()): null

2018-06-14 17:24:09 - [TEST_STEP][PASSED] - Statement - size = StoresCBList.size(): null

2018-06-14 17:24:09 - [TEST_STEP][PASSED] - delay: Delayed 5 second(s)

2018-06-14 17:24:14 - [MESSAGE][PASSED] - Delayed 5 second(s)

2018-06-14 17:24:14 - [TEST_STEP][PASSED] - Statement - For ([i = 0, i < size, (i++)]): null

2018-06-14 17:24:14 - [TEST_STEP][PASSED] - Statement - groupStoresList[i] = storesLabel.get(i).getText(): null

2018-06-14 17:24:14 - [TEST_STEP][PASSED] - Statement - StoresCBList.get(i).click(): null

2018-06-14 17:24:14 - [TEST_STEP][PASSED] - Statement - groupStoresList[i] = storesLabel.get(i).getText(): null

2018-06-14 17:24:14 - [TEST_STEP][PASSED] - Statement - StoresCBList.get(i).click(): null

2018-06-14 17:24:14 - [TEST_STEP][PASSED] - Statement - groupStoresList[i] = storesLabel.get(i).getText(): null

2018-06-14 17:24:14 - [TEST_STEP][PASSED] - Statement - StoresCBList.get(i).click(): null

2018-06-14 17:24:14 - [TEST_STEP][PASSED] - Statement - groupStoresList[i] = storesLabel.get(i).getText(): null

2018-06-14 17:24:14 - [TEST_STEP][PASSED] - Statement - StoresCBList.get(i).click(): null

2018-06-14 17:24:14 - [TEST_STEP][PASSED] - Statement - groupStoresList[i] = storesLabel.get(i).getText(): null

2018-06-14 17:24:14 - [TEST_STEP][PASSED] - Statement - StoresCBList.get(i).click(): null

2018-06-14 17:24:14 - [TEST_STEP][PASSED] - Statement - groupStoresList[i] = storesLabel.get(i).getText(): null

2018-06-14 17:24:14 - [TEST_STEP][PASSED] - Statement - StoresCBList.get(i).click(): null

2018-06-14 17:24:14 - [TEST_STEP][PASSED] - Statement - groupStoresList[i] = storesLabel.get(i).getText(): null

2018-06-14 17:24:14 - [TEST_STEP][PASSED] - Statement - StoresCBList.get(i).click(): null

2018-06-14 17:24:14 - [TEST_STEP][PASSED] - Statement - groupStoresList[i] = storesLabel.get(i).getText(): null

2018-06-14 17:24:14 - [TEST_STEP][PASSED] - Statement - StoresCBList.get(i).click(): null

2018-06-14 17:24:14 - [TEST_STEP][PASSED] - Statement - groupStoresList[i] = storesLabel.get(i).getText(): null

2018-06-14 17:24:14 - [TEST_STEP][PASSED] - Statement - StoresCBList.get(i).click(): null

2018-06-14 17:24:14 - [TEST_STEP][PASSED] - Statement - groupStoresList[i] = storesLabel.get(i).getText(): null

2018-06-14 17:24:14 - [TEST_STEP][PASSED] - Statement - StoresCBList.get(i).click(): null

2018-06-14 17:24:14 - [TEST_STEP][PASSED] - Statement - groupStoresList[i] = storesLabel.get(i).getText(): null

2018-06-14 17:24:14 - [TEST_STEP][PASSED] - Statement - StoresCBList.get(i).click(): null

2018-06-14 17:24:14 - [TEST_STEP][PASSED] - Statement - groupStoresList[i] = storesLabel.get(i).getText(): null

2018-06-14 17:24:14 - [TEST_STEP][PASSED] - Statement - StoresCBList.get(i).click(): null

2018-06-14 17:24:14 - [TEST_STEP][PASSED] - Statement - groupStoresList[i] = storesLabel.get(i).getText(): null

2018-06-14 17:24:15 - [TEST_STEP][PASSED] - Statement - StoresCBList.get(i).click(): null

2018-06-14 17:24:15 - [TEST_STEP][PASSED] - Statement - groupStoresList[i] = storesLabel.get(i).getText(): null

2018-06-14 17:24:15 - [TEST_STEP][PASSED] - Statement - StoresCBList.get(i).click(): null

2018-06-14 17:24:15 - [TEST_STEP][PASSED] - Statement - groupStoresList[i] = storesLabel.get(i).getText(): null

2018-06-14 17:24:15 - [TEST_STEP][PASSED] - Statement - StoresCBList.get(i).click(): null

2018-06-14 17:24:15 - [TEST_STEP][PASSED] - Statement - groupStoresList[i] = storesLabel.get(i).getText(): null

2018-06-14 17:24:15 - [TEST_STEP][PASSED] - Statement - StoresCBList.get(i).click(): null

2018-06-14 17:24:15 - [TEST_STEP][PASSED] - Statement - groupStoresList[i] = storesLabel.get(i).getText(): null

2018-06-14 17:24:15 - [TEST_STEP][PASSED] - Statement - StoresCBList.get(i).click(): null

2018-06-14 17:24:15 - [TEST_STEP][PASSED] - Statement - groupStoresList[i] = storesLabel.get(i).getText(): null

2018-06-14 17:24:15 - [TEST_STEP][PASSED] - Statement - StoresCBList.get(i).click(): null

2018-06-14 17:24:15 - [TEST_STEP][PASSED] - Statement - groupStoresList[i] = storesLabel.get(i).getText(): null

2018-06-14 17:24:15 - [TEST_STEP][PASSED] - Statement - StoresCBList.get(i).click(): null

2018-06-14 17:24:15 - [TEST_STEP][PASSED] - Statement - groupStoresList[i] = storesLabel.get(i).getText(): null

2018-06-14 17:24:15 - [TEST_STEP][PASSED] - Statement - StoresCBList.get(i).click(): null

2018-06-14 17:24:15 - [TEST_STEP][PASSED] - Statement - groupStoresList[i] = storesLabel.get(i).getText(): null

2018-06-14 17:24:15 - [TEST_STEP][PASSED] - Statement - StoresCBList.get(i).click(): null

2018-06-14 17:24:15 - [TEST_STEP][PASSED] - Statement - groupStoresList[i] = storesLabel.get(i).getText(): null

2018-06-14 17:24:15 - [TEST_STEP][PASSED] - Statement - StoresCBList.get(i).click(): null

2018-06-14 17:24:15 - [TEST_STEP][PASSED] - Statement - groupStoresList[i] = storesLabel.get(i).getText(): null

2018-06-14 17:24:15 - [TEST_STEP][PASSED] - Statement - StoresCBList.get(i).click(): null

2018-06-14 17:24:15 - [TEST_STEP][PASSED] - Statement - groupStoresList[i] = storesLabel.get(i).getText(): null

2018-06-14 17:24:15 - [TEST_STEP][PASSED] - Statement - StoresCBList.get(i).click(): null

2018-06-14 17:24:15 - [TEST_STEP][PASSED] - Statement - groupStoresList[i] = storesLabel.get(i).getText(): null

2018-06-14 17:24:15 - [TEST_STEP][PASSED] - Statement - StoresCBList.get(i).click(): null

2018-06-14 17:24:15 - [TEST_STEP][PASSED] - Statement - groupStoresList[i] = storesLabel.get(i).getText(): null

2018-06-14 17:24:15 - [TEST_STEP][PASSED] - Statement - StoresCBList.get(i).click(): null

2018-06-14 17:24:15 - [TEST_STEP][PASSED] - Statement - groupStoresList[i] = storesLabel.get(i).getText(): null

2018-06-14 17:24:15 - [TEST_STEP][PASSED] - Statement - StoresCBList.get(i).click(): null

2018-06-14 17:24:16 - [TEST_STEP][PASSED] - Statement - groupStoresList[i] = storesLabel.get(i).getText(): null

2018-06-14 17:24:16 - [TEST_STEP][PASSED] - Statement - StoresCBList.get(i).click(): null

2018-06-14 17:24:16 - [TEST_STEP][PASSED] - Statement - groupStoresList[i] = storesLabel.get(i).getText(): null

2018-06-14 17:24:16 - [TEST_STEP][PASSED] - Statement - StoresCBList.get(i).click(): null

2018-06-14 17:24:16 - [TEST_STEP][PASSED] - Statement - groupStoresList[i] = storesLabel.get(i).getText(): null

2018-06-14 17:24:16 - [TEST_STEP][PASSED] - Statement - StoresCBList.get(i).click(): null

2018-06-14 17:24:16 - [TEST_STEP][PASSED] - Statement - groupStoresList[i] = storesLabel.get(i).getText(): null

2018-06-14 17:24:16 - [TEST_STEP][PASSED] - Statement - StoresCBList.get(i).click(): null

2018-06-14 17:24:16 - [TEST_STEP][PASSED] - Statement - groupStoresList[i] = storesLabel.get(i).getText(): null

2018-06-14 17:24:16 - [TEST_STEP][PASSED] - Statement - StoresCBList.get(i).click(): null

2018-06-14 17:24:16 - [TEST_STEP][PASSED] - Statement - groupStoresList[i] = storesLabel.get(i).getText(): null

2018-06-14 17:24:16 - [TEST_STEP][PASSED] - Statement - StoresCBList.get(i).click(): null

2018-06-14 17:24:16 - [TEST_STEP][PASSED] - Statement - groupStoresList[i] = storesLabel.get(i).getText(): null

2018-06-14 17:24:16 - [TEST_STEP][PASSED] - Statement - StoresCBList.get(i).click(): null

2018-06-14 17:24:16 - [TEST_STEP][PASSED] - Statement - groupStoresList[i] = storesLabel.get(i).getText(): null

2018-06-14 17:24:16 - [TEST_STEP][PASSED] - Statement - StoresCBList.get(i).click(): null

2018-06-14 17:24:16 - [TEST_STEP][PASSED] - Statement - groupStoresList[i] = storesLabel.get(i).getText(): null

2018-06-14 17:24:16 - [TEST_STEP][PASSED] - Statement - StoresCBList.get(i).click(): null

2018-06-14 17:24:16 - [TEST_STEP][PASSED] - Statement - groupStoresList[i] = storesLabel.get(i).getText(): null

2018-06-14 17:24:16 - [TEST_STEP][PASSED] - Statement - StoresCBList.get(i).click(): null

2018-06-14 17:24:16 - [TEST_STEP][PASSED] - Statement - groupStoresList[i] = storesLabel.get(i).getText(): null

2018-06-14 17:24:16 - [TEST_STEP][PASSED] - Statement - StoresCBList.get(i).click(): null

2018-06-14 17:24:16 - [TEST_STEP][PASSED] - Statement - groupStoresList[i] = storesLabel.get(i).getText(): null

2018-06-14 17:24:16 - [TEST_STEP][PASSED] - Statement - StoresCBList.get(i).click(): null

2018-06-14 17:24:16 - [TEST_STEP][PASSED] - Statement - groupStoresList[i] = storesLabel.get(i).getText(): null

2018-06-14 17:24:16 - [TEST_STEP][PASSED] - Statement - StoresCBList.get(i).click(): null

2018-06-14 17:24:16 - [TEST_STEP][PASSED] - Statement - groupStoresList[i] = storesLabel.get(i).getText(): null

2018-06-14 17:24:16 - [TEST_STEP][PASSED] - Statement - StoresCBList.get(i).click(): null

2018-06-14 17:24:16 - [TEST_STEP][PASSED] - Statement - groupStoresList[i] = storesLabel.get(i).getText(): null

2018-06-14 17:24:16 - [TEST_STEP][PASSED] - Statement - StoresCBList.get(i).click(): null

2018-06-14 17:24:17 - [TEST_STEP][PASSED] - Statement - groupStoresList[i] = storesLabel.get(i).getText(): null

2018-06-14 17:24:17 - [TEST_STEP][PASSED] - Statement - StoresCBList.get(i).click(): null

2018-06-14 17:24:17 - [TEST_STEP][PASSED] - Statement - groupStoresList[i] = storesLabel.get(i).getText(): null

2018-06-14 17:24:17 - [TEST_STEP][PASSED] - Statement - StoresCBList.get(i).click(): null

2018-06-14 17:24:17 - [TEST_STEP][PASSED] - Statement - groupStoresList[i] = storesLabel.get(i).getText(): null

2018-06-14 17:24:17 - [TEST_STEP][PASSED] - Statement - StoresCBList.get(i).click(): null

2018-06-14 17:24:17 - [TEST_STEP][PASSED] - Statement - groupStoresList[i] = storesLabel.get(i).getText(): null

2018-06-14 17:24:17 - [TEST_STEP][PASSED] - Statement - StoresCBList.get(i).click(): null

2018-06-14 17:24:17 - [TEST_STEP][PASSED] - Statement - groupStoresList[i] = storesLabel.get(i).getText(): null

2018-06-14 17:24:17 - [TEST_STEP][PASSED] - Statement - StoresCBList.get(i).click(): null

2018-06-14 17:24:17 - [TEST_STEP][PASSED] - Statement - groupStoresList[i] = storesLabel.get(i).getText(): null

2018-06-14 17:24:17 - [TEST_STEP][PASSED] - Statement - StoresCBList.get(i).click(): null

2018-06-14 17:24:17 - [TEST_STEP][PASSED] - Statement - groupStoresList[i] = storesLabel.get(i).getText(): null

2018-06-14 17:24:17 - [TEST_STEP][PASSED] - Statement - StoresCBList.get(i).click(): null

2018-06-14 17:24:17 - [TEST_STEP][PASSED] - Statement - groupStoresList[i] = storesLabel.get(i).getText(): null

2018-06-14 17:24:17 - [TEST_STEP][PASSED] - Statement - StoresCBList.get(i).click(): null

2018-06-14 17:24:17 - [TEST_STEP][PASSED] - Statement - groupStoresList[i] = storesLabel.get(i).getText(): null

2018-06-14 17:24:17 - [TEST_STEP][PASSED] - Statement - StoresCBList.get(i).click(): null

2018-06-14 17:24:17 - [TEST_STEP][PASSED] - Statement - groupStoresList[i] = storesLabel.get(i).getText(): null

2018-06-14 17:24:17 - [TEST_STEP][PASSED] - Statement - StoresCBList.get(i).click(): null

2018-06-14 17:24:17 - [TEST_STEP][PASSED] - Statement - groupStoresList[i] = storesLabel.get(i).getText(): null

2018-06-14 17:24:17 - [TEST_STEP][PASSED] - Statement - StoresCBList.get(i).click(): null

2018-06-14 17:24:17 - [TEST_STEP][PASSED] - Statement - groupStoresList[i] = storesLabel.get(i).getText(): null

2018-06-14 17:24:17 - [TEST_STEP][PASSED] - Statement - StoresCBList.get(i).click(): null

2018-06-14 17:24:17 - [TEST_STEP][PASSED] - Statement - groupStoresList[i] = storesLabel.get(i).getText(): null

2018-06-14 17:24:17 - [TEST_STEP][PASSED] - Statement - StoresCBList.get(i).click(): null

2018-06-14 17:24:17 - [TEST_STEP][PASSED] - Statement - groupStoresList[i] = storesLabel.get(i).getText(): null

2018-06-14 17:24:17 - [TEST_STEP][PASSED] - Statement - StoresCBList.get(i).click(): null

2018-06-14 17:24:17 - [TEST_STEP][PASSED] - Statement - groupStoresList[i] = storesLabel.get(i).getText(): null

2018-06-14 17:24:17 - [TEST_STEP][PASSED] - Statement - StoresCBList.get(i).click(): null

2018-06-14 17:24:17 - [TEST_STEP][PASSED] - Statement - groupStoresList[i] = storesLabel.get(i).getText(): null

2018-06-14 17:24:18 - [TEST_STEP][PASSED] - Statement - StoresCBList.get(i).click(): null

2018-06-14 17:24:18 - [TEST_STEP][PASSED] - Statement - groupStoresList[i] = storesLabel.get(i).getText(): null

2018-06-14 17:24:18 - [TEST_STEP][PASSED] - Statement - StoresCBList.get(i).click(): null

2018-06-14 17:24:18 - [TEST_STEP][PASSED] - Statement - groupStoresList[i] = storesLabel.get(i).getText(): null

2018-06-14 17:24:18 - [TEST_STEP][PASSED] - Statement - StoresCBList.get(i).click(): null

2018-06-14 17:24:18 - [TEST_STEP][PASSED] - Statement - groupStoresList[i] = storesLabel.get(i).getText(): null

2018-06-14 17:24:18 - [TEST_STEP][PASSED] - Statement - StoresCBList.get(i).click(): null

2018-06-14 17:24:18 - [TEST_STEP][PASSED] - Statement - groupStoresList[i] = storesLabel.get(i).getText(): null

2018-06-14 17:24:18 - [TEST_STEP][PASSED] - Statement - StoresCBList.get(i).click(): null

2018-06-14 17:24:18 - [TEST_STEP][PASSED] - Statement - groupStoresList[i] = storesLabel.get(i).getText(): null

2018-06-14 17:24:18 - [TEST_STEP][PASSED] - Statement - StoresCBList.get(i).click(): null

2018-06-14 17:24:18 - [TEST_STEP][PASSED] - Statement - groupStoresList[i] = storesLabel.get(i).getText(): null

2018-06-14 17:24:18 - [TEST_STEP][PASSED] - Statement - StoresCBList.get(i).click(): null

2018-06-14 17:24:18 - [TEST_STEP][PASSED] - Statement - groupStoresList[i] = storesLabel.get(i).getText(): null

2018-06-14 17:24:18 - [TEST_STEP][PASSED] - Statement - StoresCBList.get(i).click(): null

2018-06-14 17:24:18 - [TEST_STEP][PASSED] - Statement - groupStoresList[i] = storesLabel.get(i).getText(): null

2018-06-14 17:24:18 - [TEST_STEP][PASSED] - Statement - StoresCBList.get(i).click(): null

2018-06-14 17:24:18 - [TEST_STEP][PASSED] - Statement - groupStoresList[i] = storesLabel.get(i).getText(): null

2018-06-14 17:24:18 - [TEST_STEP][PASSED] - Statement - StoresCBList.get(i).click(): null

2018-06-14 17:24:18 - [TEST_STEP][PASSED] - Statement - groupStoresList[i] = storesLabel.get(i).getText(): null

2018-06-14 17:24:18 - [TEST_STEP][PASSED] - Statement - StoresCBList.get(i).click(): null

2018-06-14 17:24:18 - [TEST_STEP][PASSED] - Statement - groupStoresList[i] = storesLabel.get(i).getText(): null

2018-06-14 17:24:18 - [TEST_STEP][PASSED] - Statement - StoresCBList.get(i).click(): null

2018-06-14 17:24:18 - [TEST_STEP][PASSED] - Statement - groupStoresList[i] = storesLabel.get(i).getText(): null

2018-06-14 17:24:18 - [TEST_STEP][PASSED] - Statement - StoresCBList.get(i).click(): null

2018-06-14 17:24:18 - [TEST_STEP][PASSED] - Statement - groupStoresList[i] = storesLabel.get(i).getText(): null

2018-06-14 17:24:18 - [TEST_STEP][PASSED] - Statement - StoresCBList.get(i).click(): null

2018-06-14 17:24:18 - [TEST_STEP][PASSED] - Statement - groupStoresList[i] = storesLabel.get(i).getText(): null

2018-06-14 17:24:18 - [TEST_STEP][PASSED] - Statement - StoresCBList.get(i).click(): null

2018-06-14 17:24:19 - [TEST_STEP][PASSED] - Statement - groupStoresList[i] = storesLabel.get(i).getText(): null

2018-06-14 17:24:19 - [TEST_STEP][PASSED] - Statement - StoresCBList.get(i).click(): null

2018-06-14 17:24:19 - [TEST_STEP][PASSED] - Statement - groupStoresList[i] = storesLabel.get(i).getText(): null

2018-06-14 17:24:19 - [TEST_STEP][PASSED] - Statement - StoresCBList.get(i).click(): null

2018-06-14 17:24:19 - [TEST_STEP][PASSED] - Statement - groupStoresList[i] = storesLabel.get(i).getText(): null

2018-06-14 17:24:19 - [TEST_STEP][PASSED] - Statement - StoresCBList.get(i).click(): null

2018-06-14 17:24:19 - [TEST_STEP][PASSED] - Statement - groupStoresList[i] = storesLabel.get(i).getText(): null

2018-06-14 17:24:19 - [TEST_STEP][PASSED] - Statement - StoresCBList.get(i).click(): null

2018-06-14 17:24:19 - [TEST_STEP][PASSED] - Statement - groupStoresList[i] = storesLabel.get(i).getText(): null

2018-06-14 17:24:19 - [TEST_STEP][PASSED] - Statement - StoresCBList.get(i).click(): null

2018-06-14 17:24:19 - [TEST_STEP][PASSED] - Statement - groupStoresList[i] = storesLabel.get(i).getText(): null

2018-06-14 17:24:19 - [TEST_STEP][PASSED] - Statement - StoresCBList.get(i).click(): null

2018-06-14 17:24:19 - [TEST_STEP][PASSED] - Statement - groupStoresList[i] = storesLabel.get(i).getText(): null

2018-06-14 17:24:19 - [TEST_STEP][PASSED] - Statement - StoresCBList.get(i).click(): null

2018-06-14 17:24:19 - [TEST_STEP][PASSED] - Statement - groupStoresList[i] = storesLabel.get(i).getText(): null

2018-06-14 17:24:19 - [TEST_STEP][PASSED] - Statement - StoresCBList.get(i).click(): null

2018-06-14 17:24:19 - [TEST_STEP][PASSED] - Statement - groupStoresList[i] = storesLabel.get(i).getText(): null

2018-06-14 17:24:19 - [TEST_STEP][PASSED] - Statement - StoresCBList.get(i).click(): null

2018-06-14 17:24:19 - [TEST_STEP][PASSED] - Statement - groupStoresList[i] = storesLabel.get(i).getText(): null

2018-06-14 17:24:19 - [TEST_STEP][PASSED] - Statement - StoresCBList.get(i).click(): null

2018-06-14 17:24:19 - [TEST_STEP][PASSED] - Statement - groupStoresList[i] = storesLabel.get(i).getText(): null

2018-06-14 17:24:19 - [TEST_STEP][PASSED] - Statement - StoresCBList.get(i).click(): null

2018-06-14 17:24:19 - [TEST_STEP][PASSED] - Statement - groupStoresList[i] = storesLabel.get(i).getText(): null

2018-06-14 17:24:19 - [TEST_STEP][PASSED] - Statement - StoresCBList.get(i).click(): null

2018-06-14 17:24:19 - [TEST_STEP][PASSED] - Statement - groupStoresList[i] = storesLabel.get(i).getText(): null

2018-06-14 17:24:19 - [TEST_STEP][PASSED] - Statement - StoresCBList.get(i).click(): null

2018-06-14 17:24:19 - [TEST_STEP][PASSED] - Statement - groupStoresList[i] = storesLabel.get(i).getText(): null

2018-06-14 17:24:19 - [TEST_STEP][PASSED] - Statement - StoresCBList.get(i).click(): null

2018-06-14 17:24:19 - [TEST_STEP][PASSED] - Statement - groupStoresList[i] = storesLabel.get(i).getText(): null

2018-06-14 17:24:19 - [TEST_STEP][PASSED] - Statement - StoresCBList.get(i).click(): null

2018-06-14 17:24:19 - [TEST_STEP][PASSED] - Statement - groupStoresList[i] = storesLabel.get(i).getText(): null

2018-06-14 17:24:20 - [TEST_STEP][PASSED] - Statement - StoresCBList.get(i).click(): null

2018-06-14 17:24:20 - [TEST_STEP][PASSED] - Statement - groupStoresList[i] = storesLabel.get(i).getText(): null

2018-06-14 17:24:20 - [TEST_STEP][PASSED] - Statement - StoresCBList.get(i).click(): null

2018-06-14 17:24:20 - [TEST_STEP][PASSED] - Statement - groupStoresList[i] = storesLabel.get(i).getText(): null

2018-06-14 17:24:20 - [TEST_STEP][PASSED] - Statement - StoresCBList.get(i).click(): null

2018-06-14 17:24:20 - [TEST_STEP][PASSED] - Statement - groupStoresList[i] = storesLabel.get(i).getText(): null

2018-06-14 17:24:20 - [TEST_STEP][PASSED] - Statement - StoresCBList.get(i).click(): null

2018-06-14 17:24:20 - [TEST_STEP][PASSED] - Statement - groupStoresList[i] = storesLabel.get(i).getText(): null

2018-06-14 17:24:20 - [TEST_STEP][PASSED] - Statement - StoresCBList.get(i).click(): null

2018-06-14 17:24:20 - [TEST_STEP][PASSED] - Statement - groupStoresList[i] = storesLabel.get(i).getText(): null

2018-06-14 17:24:20 - [TEST_STEP][PASSED] - Statement - StoresCBList.get(i).click(): null

2018-06-14 17:24:20 - [TEST_STEP][PASSED] - Statement - groupStoresList[i] = storesLabel.get(i).getText(): null

2018-06-14 17:24:20 - [TEST_STEP][PASSED] - Statement - StoresCBList.get(i).click(): null

2018-06-14 17:24:20 - [TEST_STEP][PASSED] - Statement - groupStoresList[i] = storesLabel.get(i).getText(): null

2018-06-14 17:24:20 - [TEST_STEP][PASSED] - Statement - StoresCBList.get(i).click(): null

2018-06-14 17:24:20 - [TEST_STEP][PASSED] - Statement - groupStoresList[i] = storesLabel.get(i).getText(): null

2018-06-14 17:24:20 - [TEST_STEP][PASSED] - Statement - StoresCBList.get(i).click(): null

2018-06-14 17:24:20 - [TEST_STEP][PASSED] - Statement - groupStoresList[i] = storesLabel.get(i).getText(): null

2018-06-14 17:24:20 - [TEST_STEP][PASSED] - Statement - StoresCBList.get(i).click(): null

2018-06-14 17:24:20 - [TEST_STEP][PASSED] - Statement - groupStoresList[i] = storesLabel.get(i).getText(): null

2018-06-14 17:24:20 - [TEST_STEP][PASSED] - Statement - StoresCBList.get(i).click(): null

2018-06-14 17:24:20 - [TEST_STEP][PASSED] - Statement - groupStoresList[i] = storesLabel.get(i).getText(): null

2018-06-14 17:24:20 - [TEST_STEP][PASSED] - Statement - StoresCBList.get(i).click(): null

2018-06-14 17:24:20 - [TEST_STEP][PASSED] - Statement - groupStoresList[i] = storesLabel.get(i).getText(): null

2018-06-14 17:24:20 - [TEST_STEP][PASSED] - Statement - StoresCBList.get(i).click(): null

2018-06-14 17:24:20 - [TEST_STEP][PASSED] - Statement - groupStoresList[i] = storesLabel.get(i).getText(): null

2018-06-14 17:24:20 - [TEST_STEP][PASSED] - Statement - StoresCBList.get(i).click(): null

2018-06-14 17:24:20 - [TEST_STEP][PASSED] - Statement - groupStoresList[i] = storesLabel.get(i).getText(): null

2018-06-14 17:24:20 - [TEST_STEP][PASSED] - Statement - StoresCBList.get(i).click(): null

2018-06-14 17:24:21 - [TEST_STEP][PASSED] - Statement - groupStoresList[i] = storesLabel.get(i).getText(): null

2018-06-14 17:24:21 - [TEST_STEP][PASSED] - Statement - StoresCBList.get(i).click(): null

2018-06-14 17:24:21 - [TEST_STEP][PASSED] - Statement - groupStoresList[i] = storesLabel.get(i).getText(): null

2018-06-14 17:24:21 - [TEST_STEP][PASSED] - Statement - StoresCBList.get(i).click(): null

2018-06-14 17:24:21 - [TEST_STEP][PASSED] - Statement - groupStoresList[i] = storesLabel.get(i).getText(): null

2018-06-14 17:24:21 - [TEST_STEP][PASSED] - Statement - StoresCBList.get(i).click(): null

2018-06-14 17:24:21 - [TEST_STEP][PASSED] - Statement - groupStoresList[i] = storesLabel.get(i).getText(): null

2018-06-14 17:24:21 - [TEST_STEP][PASSED] - Statement - StoresCBList.get(i).click(): null

2018-06-14 17:24:21 - [TEST_STEP][PASSED] - Statement - groupStoresList[i] = storesLabel.get(i).getText(): null

2018-06-14 17:24:21 - [TEST_STEP][PASSED] - Statement - StoresCBList.get(i).click(): null

2018-06-14 17:24:21 - [TEST_STEP][PASSED] - Statement - groupStoresList[i] = storesLabel.get(i).getText(): null

2018-06-14 17:24:21 - [TEST_STEP][PASSED] - Statement - StoresCBList.get(i).click(): null

2018-06-14 17:24:21 - [TEST_STEP][PASSED] - Statement - groupStoresList[i] = storesLabel.get(i).getText(): null

2018-06-14 17:24:21 - [TEST_STEP][PASSED] - Statement - StoresCBList.get(i).click(): null

2018-06-14 17:24:21 - [TEST_STEP][PASSED] - Statement - groupStoresList[i] = storesLabel.get(i).getText(): null

2018-06-14 17:24:21 - [TEST_STEP][PASSED] - Statement - StoresCBList.get(i).click(): null

2018-06-14 17:24:21 - [TEST_STEP][PASSED] - Statement - groupStoresList[i] = storesLabel.get(i).getText(): null

2018-06-14 17:24:21 - [TEST_STEP][PASSED] - Statement - StoresCBList.get(i).click(): null

2018-06-14 17:24:21 - [TEST_STEP][PASSED] - Statement - groupStoresList[i] = storesLabel.get(i).getText(): null

2018-06-14 17:24:21 - [TEST_STEP][PASSED] - Statement - StoresCBList.get(i).click(): null

2018-06-14 17:24:21 - [TEST_STEP][PASSED] - Statement - groupStoresList[i] = storesLabel.get(i).getText(): null

2018-06-14 17:24:21 - [TEST_STEP][PASSED] - Statement - StoresCBList.get(i).click(): null

2018-06-14 17:24:21 - [TEST_STEP][PASSED] - Statement - groupStoresList[i] = storesLabel.get(i).getText(): null

2018-06-14 17:24:21 - [TEST_STEP][PASSED] - Statement - StoresCBList.get(i).click(): null

2018-06-14 17:24:21 - [TEST_STEP][PASSED] - Statement - groupStoresList[i] = storesLabel.get(i).getText(): null

2018-06-14 17:24:21 - [TEST_STEP][PASSED] - Statement - StoresCBList.get(i).click(): null

2018-06-14 17:24:21 - [TEST_STEP][PASSED] - Statement - groupStoresList[i] = storesLabel.get(i).getText(): null

2018-06-14 17:24:21 - [TEST_STEP][PASSED] - Statement - StoresCBList.get(i).click(): null

2018-06-14 17:24:21 - [TEST_STEP][PASSED] - Statement - groupStoresList[i] = storesLabel.get(i).getText(): null

2018-06-14 17:24:21 - [TEST_STEP][PASSED] - Statement - StoresCBList.get(i).click(): null

2018-06-14 17:24:21 - [TEST_STEP][PASSED] - Statement - groupStoresList[i] = storesLabel.get(i).getText(): null

2018-06-14 17:24:22 - [TEST_STEP][PASSED] - Statement - StoresCBList.get(i).click(): null

2018-06-14 17:24:22 - [TEST_STEP][PASSED] - Statement - groupStoresList[i] = storesLabel.get(i).getText(): null

2018-06-14 17:24:22 - [TEST_STEP][PASSED] - Statement - StoresCBList.get(i).click(): null

2018-06-14 17:24:22 - [TEST_STEP][PASSED] - Statement - groupStoresList[i] = storesLabel.get(i).getText(): null

2018-06-14 17:24:22 - [TEST_STEP][PASSED] - Statement - StoresCBList.get(i).click(): null

2018-06-14 17:24:22 - [TEST_STEP][PASSED] - Statement - groupStoresList[i] = storesLabel.get(i).getText(): null

2018-06-14 17:24:22 - [TEST_STEP][PASSED] - Statement - StoresCBList.get(i).click(): null

2018-06-14 17:24:22 - [TEST_STEP][PASSED] - Statement - groupStoresList[i] = storesLabel.get(i).getText(): null

2018-06-14 17:24:22 - [TEST_STEP][PASSED] - Statement - StoresCBList.get(i).click(): null

2018-06-14 17:24:22 - [TEST_STEP][PASSED] - Statement - groupStoresList[i] = storesLabel.get(i).getText(): null

2018-06-14 17:24:22 - [TEST_STEP][PASSED] - Statement - StoresCBList.get(i).click(): null

2018-06-14 17:24:22 - [TEST_STEP][PASSED] - Statement - groupStoresList[i] = storesLabel.get(i).getText(): null

2018-06-14 17:24:22 - [TEST_STEP][PASSED] - Statement - StoresCBList.get(i).click(): null

2018-06-14 17:24:22 - [TEST_STEP][PASSED] - Statement - groupStoresList[i] = storesLabel.get(i).getText(): null

2018-06-14 17:24:22 - [TEST_STEP][PASSED] - Statement - StoresCBList.get(i).click(): null

2018-06-14 17:24:22 - [TEST_STEP][PASSED] - Statement - groupStoresList[i] = storesLabel.get(i).getText(): null

2018-06-14 17:24:22 - [TEST_STEP][PASSED] - Statement - StoresCBList.get(i).click(): null

2018-06-14 17:24:22 - [TEST_STEP][PASSED] - Statement - groupStoresList[i] = storesLabel.get(i).getText(): null

2018-06-14 17:24:22 - [TEST_STEP][PASSED] - Statement - StoresCBList.get(i).click(): null

2018-06-14 17:24:22 - [TEST_STEP][PASSED] - Statement - groupStoresList[i] = storesLabel.get(i).getText(): null

2018-06-14 17:24:22 - [TEST_STEP][PASSED] - Statement - StoresCBList.get(i).click(): null

2018-06-14 17:24:22 - [TEST_STEP][PASSED] - Statement - groupStoresList[i] = storesLabel.get(i).getText(): null

2018-06-14 17:24:22 - [TEST_STEP][PASSED] - Statement - StoresCBList.get(i).click(): null

2018-06-14 17:24:22 - [TEST_STEP][PASSED] - Statement - groupStoresList[i] = storesLabel.get(i).getText(): null

2018-06-14 17:24:22 - [TEST_STEP][PASSED] - Statement - StoresCBList.get(i).click(): null

2018-06-14 17:24:22 - [TEST_STEP][PASSED] - Statement - groupStoresList[i] = storesLabel.get(i).getText(): null

2018-06-14 17:24:22 - [TEST_STEP][PASSED] - Statement - StoresCBList.get(i).click(): null

2018-06-14 17:24:22 - [TEST_STEP][PASSED] - Statement - groupStoresList[i] = storesLabel.get(i).getText(): null

2018-06-14 17:24:22 - [TEST_STEP][PASSED] - Statement - StoresCBList.get(i).click(): null

2018-06-14 17:24:22 - [TEST_STEP][PASSED] - Statement - groupStoresList[i] = storesLabel.get(i).getText(): null

2018-06-14 17:24:22 - [TEST_STEP][PASSED] - Statement - StoresCBList.get(i).click(): null

2018-06-14 17:24:23 - [TEST_STEP][PASSED] - Statement - groupStoresList[i] = storesLabel.get(i).getText(): null

2018-06-14 17:24:23 - [TEST_STEP][PASSED] - Statement - StoresCBList.get(i).click(): null

2018-06-14 17:24:23 - [TEST_STEP][PASSED] - Statement - groupStoresList[i] = storesLabel.get(i).getText(): null

2018-06-14 17:24:23 - [TEST_STEP][PASSED] - Statement - StoresCBList.get(i).click(): null

2018-06-14 17:24:23 - [TEST_STEP][PASSED] - Statement - groupStoresList[i] = storesLabel.get(i).getText(): null

2018-06-14 17:24:23 - [TEST_STEP][PASSED] - Statement - StoresCBList.get(i).click(): null

2018-06-14 17:24:23 - [TEST_STEP][PASSED] - Statement - groupStoresList[i] = storesLabel.get(i).getText(): null

2018-06-14 17:24:23 - [TEST_STEP][PASSED] - Statement - StoresCBList.get(i).click(): null

2018-06-14 17:24:23 - [TEST_STEP][PASSED] - Statement - groupStoresList[i] = storesLabel.get(i).getText(): null

2018-06-14 17:24:23 - [TEST_STEP][PASSED] - Statement - StoresCBList.get(i).click(): null

2018-06-14 17:24:23 - [TEST_STEP][PASSED] - Statement - groupStoresList[i] = storesLabel.get(i).getText(): null

2018-06-14 17:24:23 - [TEST_STEP][PASSED] - Statement - StoresCBList.get(i).click(): null

2018-06-14 17:24:23 - [TEST_STEP][PASSED] - Statement - groupStoresList[i] = storesLabel.get(i).getText(): null

2018-06-14 17:24:23 - [TEST_STEP][PASSED] - Statement - StoresCBList.get(i).click(): null

2018-06-14 17:24:23 - [TEST_STEP][PASSED] - Statement - groupStoresList[i] = storesLabel.get(i).getText(): null

2018-06-14 17:24:23 - [TEST_STEP][PASSED] - Statement - StoresCBList.get(i).click(): null

2018-06-14 17:24:23 - [TEST_STEP][PASSED] - Statement - groupStoresList[i] = storesLabel.get(i).getText(): null

2018-06-14 17:24:23 - [TEST_STEP][PASSED] - Statement - StoresCBList.get(i).click(): null

2018-06-14 17:24:23 - [TEST_STEP][PASSED] - Statement - groupStoresList[i] = storesLabel.get(i).getText(): null

2018-06-14 17:24:23 - [TEST_STEP][PASSED] - Statement - StoresCBList.get(i).click(): null

2018-06-14 17:24:23 - [TEST_STEP][PASSED] - Statement - groupStoresList[i] = storesLabel.get(i).getText(): null

2018-06-14 17:24:23 - [TEST_STEP][PASSED] - Statement - StoresCBList.get(i).click(): null

2018-06-14 17:24:23 - [TEST_STEP][PASSED] - Statement - groupStoresList[i] = storesLabel.get(i).getText(): null

2018-06-14 17:24:23 - [TEST_STEP][PASSED] - Statement - StoresCBList.get(i).click(): null

2018-06-14 17:24:23 - [TEST_STEP][PASSED] - Statement - groupStoresList[i] = storesLabel.get(i).getText(): null

2018-06-14 17:24:23 - [TEST_STEP][PASSED] - Statement - StoresCBList.get(i).click(): null

2018-06-14 17:24:23 - [TEST_STEP][PASSED] - Statement - groupStoresList[i] = storesLabel.get(i).getText(): null

2018-06-14 17:24:23 - [TEST_STEP][PASSED] - Statement - StoresCBList.get(i).click(): null

2018-06-14 17:24:23 - [TEST_STEP][PASSED] - Statement - groupStoresList[i] = storesLabel.get(i).getText(): null

2018-06-14 17:24:23 - [TEST_STEP][PASSED] - Statement - StoresCBList.get(i).click(): null

2018-06-14 17:24:24 - [TEST_STEP][PASSED] - Statement - groupStoresList[i] = storesLabel.get(i).getText(): null

2018-06-14 17:24:24 - [TEST_STEP][PASSED] - Statement - StoresCBList.get(i).click(): null

2018-06-14 17:24:24 - [TEST_STEP][PASSED] - Statement - groupStoresList[i] = storesLabel.get(i).getText(): null

2018-06-14 17:24:24 - [TEST_STEP][PASSED] - Statement - StoresCBList.get(i).click(): null

2018-06-14 17:24:24 - [TEST_STEP][PASSED] - Statement - groupStoresList[i] = storesLabel.get(i).getText(): null

2018-06-14 17:24:24 - [TEST_STEP][PASSED] - Statement - StoresCBList.get(i).click(): null

2018-06-14 17:24:24 - [TEST_STEP][PASSED] - Statement - groupStoresList[i] = storesLabel.get(i).getText(): null

2018-06-14 17:24:24 - [TEST_STEP][PASSED] - Statement - StoresCBList.get(i).click(): null

2018-06-14 17:24:24 - [TEST_STEP][PASSED] - Statement - groupStoresList[i] = storesLabel.get(i).getText(): null

2018-06-14 17:24:24 - [TEST_STEP][PASSED] - Statement - StoresCBList.get(i).click(): null

2018-06-14 17:24:24 - [TEST_STEP][PASSED] - Statement - groupStoresList[i] = storesLabel.get(i).getText(): null

2018-06-14 17:24:24 - [TEST_STEP][PASSED] - Statement - StoresCBList.get(i).click(): null

2018-06-14 17:24:24 - [TEST_STEP][PASSED] - Statement - groupStoresList[i] = storesLabel.get(i).getText(): null

2018-06-14 17:24:24 - [TEST_STEP][PASSED] - Statement - StoresCBList.get(i).click(): null

2018-06-14 17:24:24 - [TEST_STEP][PASSED] - Statement - groupStoresList[i] = storesLabel.get(i).getText(): null

2018-06-14 17:24:24 - [TEST_STEP][PASSED] - Statement - StoresCBList.get(i).click(): null

2018-06-14 17:24:24 - [TEST_STEP][PASSED] - Statement - groupStoresList[i] = storesLabel.get(i).getText(): null

2018-06-14 17:24:24 - [TEST_STEP][PASSED] - Statement - StoresCBList.get(i).click(): null

2018-06-14 17:24:24 - [TEST_STEP][PASSED] - Statement - groupStoresList[i] = storesLabel.get(i).getText(): null

2018-06-14 17:24:24 - [TEST_STEP][PASSED] - Statement - StoresCBList.get(i).click(): null

2018-06-14 17:24:24 - [TEST_STEP][PASSED] - Statement - groupStoresList[i] = storesLabel.get(i).getText(): null

2018-06-14 17:24:24 - [TEST_STEP][PASSED] - Statement - StoresCBList.get(i).click(): null

2018-06-14 17:24:24 - [TEST_STEP][PASSED] - Statement - groupStoresList[i] = storesLabel.get(i).getText(): null

2018-06-14 17:24:24 - [TEST_STEP][PASSED] - Statement - StoresCBList.get(i).click(): null

2018-06-14 17:24:24 - [TEST_STEP][PASSED] - Statement - groupStoresList[i] = storesLabel.get(i).getText(): null

2018-06-14 17:24:24 - [TEST_STEP][PASSED] - Statement - StoresCBList.get(i).click(): null

2018-06-14 17:24:24 - [TEST_STEP][PASSED] - Statement - groupStoresList[i] = storesLabel.get(i).getText(): null

2018-06-14 17:24:24 - [TEST_STEP][PASSED] - Statement - StoresCBList.get(i).click(): null

2018-06-14 17:24:25 - [TEST_STEP][PASSED] - Statement - groupStoresList[i] = storesLabel.get(i).getText(): null

2018-06-14 17:24:25 - [TEST_STEP][PASSED] - Statement - StoresCBList.get(i).click(): null

2018-06-14 17:24:25 - [TEST_STEP][PASSED] - Statement - groupStoresList[i] = storesLabel.get(i).getText(): null

2018-06-14 17:24:25 - [TEST_STEP][PASSED] - Statement - StoresCBList.get(i).click(): null

2018-06-14 17:24:25 - [TEST_STEP][PASSED] - Statement - groupStoresList[i] = storesLabel.get(i).getText(): null

2018-06-14 17:24:25 - [TEST_STEP][PASSED] - Statement - StoresCBList.get(i).click(): null

2018-06-14 17:24:25 - [TEST_STEP][PASSED] - Statement - groupStoresList[i] = storesLabel.get(i).getText(): null

2018-06-14 17:24:25 - [TEST_STEP][PASSED] - Statement - StoresCBList.get(i).click(): null

2018-06-14 17:24:25 - [TEST_STEP][PASSED] - Statement - groupStoresList[i] = storesLabel.get(i).getText(): null

2018-06-14 17:24:25 - [TEST_STEP][PASSED] - Statement - StoresCBList.get(i).click(): null

2018-06-14 17:24:25 - [TEST_STEP][PASSED] - Statement - groupStoresList[i] = storesLabel.get(i).getText(): null

2018-06-14 17:24:25 - [TEST_STEP][PASSED] - Statement - StoresCBList.get(i).click(): null

2018-06-14 17:24:25 - [TEST_STEP][PASSED] - Statement - groupStoresList[i] = storesLabel.get(i).getText(): null

2018-06-14 17:24:25 - [TEST_STEP][PASSED] - Statement - StoresCBList.get(i).click(): null

2018-06-14 17:24:25 - [TEST_STEP][PASSED] - Statement - groupStoresList[i] = storesLabel.get(i).getText(): null

2018-06-14 17:24:25 - [TEST_STEP][PASSED] - Statement - StoresCBList.get(i).click(): null

2018-06-14 17:24:25 - [TEST_STEP][PASSED] - Statement - groupStoresList[i] = storesLabel.get(i).getText(): null

2018-06-14 17:24:25 - [TEST_STEP][PASSED] - Statement - StoresCBList.get(i).click(): null

2018-06-14 17:24:25 - [TEST_STEP][PASSED] - Statement - groupStoresList[i] = storesLabel.get(i).getText(): null

2018-06-14 17:24:25 - [TEST_STEP][PASSED] - Statement - StoresCBList.get(i).click(): null

2018-06-14 17:24:25 - [TEST_STEP][PASSED] - Statement - groupStoresList[i] = storesLabel.get(i).getText(): null

2018-06-14 17:24:25 - [TEST_STEP][PASSED] - Statement - StoresCBList.get(i).click(): null

2018-06-14 17:24:25 - [TEST_STEP][PASSED] - Statement - groupStoresList[i] = storesLabel.get(i).getText(): null

2018-06-14 17:24:25 - [TEST_STEP][PASSED] - Statement - StoresCBList.get(i).click(): null

2018-06-14 17:24:25 - [TEST_STEP][PASSED] - Statement - groupStoresList[i] = storesLabel.get(i).getText(): null

2018-06-14 17:24:25 - [TEST_STEP][PASSED] - Statement - StoresCBList.get(i).click(): null

2018-06-14 17:24:25 - [TEST_STEP][PASSED] - Statement - groupStoresList[i] = storesLabel.get(i).getText(): null

2018-06-14 17:24:25 - [TEST_STEP][PASSED] - Statement - StoresCBList.get(i).click(): null

2018-06-14 17:24:25 - [TEST_STEP][PASSED] - Statement - groupStoresList[i] = storesLabel.get(i).getText(): null

2018-06-14 17:24:25 - [TEST_STEP][PASSED] - Statement - StoresCBList.get(i).click(): null

2018-06-14 17:24:26 - [TEST_STEP][PASSED] - Statement - groupStoresList[i] = storesLabel.get(i).getText(): null

2018-06-14 17:24:26 - [TEST_STEP][PASSED] - Statement - StoresCBList.get(i).click(): null

2018-06-14 17:24:26 - [TEST_STEP][PASSED] - Statement - groupStoresList[i] = storesLabel.get(i).getText(): null

2018-06-14 17:24:26 - [TEST_STEP][PASSED] - Statement - StoresCBList.get(i).click(): null

2018-06-14 17:24:26 - [TEST_STEP][PASSED] - Statement - groupStoresList[i] = storesLabel.get(i).getText(): null

2018-06-14 17:24:26 - [TEST_STEP][PASSED] - Statement - StoresCBList.get(i).click(): null

2018-06-14 17:24:26 - [TEST_STEP][PASSED] - Statement - groupStoresList[i] = storesLabel.get(i).getText(): null

2018-06-14 17:24:26 - [TEST_STEP][PASSED] - Statement - StoresCBList.get(i).click(): null

2018-06-14 17:24:26 - [TEST_STEP][PASSED] - Statement - groupStoresList[i] = storesLabel.get(i).getText(): null

2018-06-14 17:24:26 - [TEST_STEP][PASSED] - Statement - StoresCBList.get(i).click(): null

2018-06-14 17:24:26 - [TEST_STEP][PASSED] - Statement - groupStoresList[i] = storesLabel.get(i).getText(): null

2018-06-14 17:24:26 - [TEST_STEP][PASSED] - Statement - StoresCBList.get(i).click(): null

2018-06-14 17:24:26 - [TEST_STEP][PASSED] - Statement - groupStoresList[i] = storesLabel.get(i).getText(): null

2018-06-14 17:24:26 - [TEST_STEP][PASSED] - Statement - StoresCBList.get(i).click(): null

2018-06-14 17:24:26 - [TEST_STEP][PASSED] - Statement - groupStoresList[i] = storesLabel.get(i).getText(): null

2018-06-14 17:24:26 - [TEST_STEP][PASSED] - Statement - StoresCBList.get(i).click(): null

2018-06-14 17:24:26 - [TEST_STEP][PASSED] - Statement - groupStoresList[i] = storesLabel.get(i).getText(): null

2018-06-14 17:24:26 - [TEST_STEP][PASSED] - Statement - StoresCBList.get(i).click(): null

2018-06-14 17:24:26 - [TEST_STEP][PASSED] - Statement - groupStoresList[i] = storesLabel.get(i).getText(): null

2018-06-14 17:24:26 - [TEST_STEP][PASSED] - Statement - StoresCBList.get(i).click(): null

2018-06-14 17:24:26 - [TEST_STEP][PASSED] - Statement - groupStoresList[i] = storesLabel.get(i).getText(): null

2018-06-14 17:24:26 - [TEST_STEP][PASSED] - Statement - StoresCBList.get(i).click(): null

2018-06-14 17:24:26 - [TEST_STEP][PASSED] - Statement - groupStoresList[i] = storesLabel.get(i).getText(): null

2018-06-14 17:24:26 - [TEST_STEP][PASSED] - Statement - StoresCBList.get(i).click(): null

2018-06-14 17:24:26 - [TEST_STEP][PASSED] - Statement - groupStoresList[i] = storesLabel.get(i).getText(): null

2018-06-14 17:24:26 - [TEST_STEP][PASSED] - Statement - StoresCBList.get(i).click(): null

2018-06-14 17:24:26 - [TEST_STEP][PASSED] - Statement - groupStoresList[i] = storesLabel.get(i).getText(): null

2018-06-14 17:24:26 - [TEST_STEP][PASSED] - Statement - StoresCBList.get(i).click(): null

2018-06-14 17:24:26 - [TEST_STEP][PASSED] - Statement - groupStoresList[i] = storesLabel.get(i).getText(): null

2018-06-14 17:24:26 - [TEST_STEP][PASSED] - Statement - StoresCBList.get(i).click(): null

2018-06-14 17:24:27 - [TEST_STEP][PASSED] - Statement - groupStoresList[i] = storesLabel.get(i).getText(): null

2018-06-14 17:24:27 - [TEST_STEP][PASSED] - Statement - StoresCBList.get(i).click(): null

2018-06-14 17:24:27 - [TEST_STEP][PASSED] - Statement - groupStoresList[i] = storesLabel.get(i).getText(): null

2018-06-14 17:24:27 - [TEST_STEP][PASSED] - Statement - StoresCBList.get(i).click(): null

2018-06-14 17:24:27 - [TEST_STEP][PASSED] - Statement - groupStoresList[i] = storesLabel.get(i).getText(): null

2018-06-14 17:24:27 - [TEST_STEP][PASSED] - Statement - StoresCBList.get(i).click(): null

2018-06-14 17:24:27 - [TEST_STEP][PASSED] - Statement - groupStoresList[i] = storesLabel.get(i).getText(): null

2018-06-14 17:24:27 - [TEST_STEP][PASSED] - Statement - StoresCBList.get(i).click(): null

2018-06-14 17:24:27 - [TEST_STEP][PASSED] - Statement - groupStoresList[i] = storesLabel.get(i).getText(): null

2018-06-14 17:24:27 - [TEST_STEP][PASSED] - Statement - StoresCBList.get(i).click(): null

2018-06-14 17:24:27 - [TEST_STEP][PASSED] - Statement - groupStoresList[i] = storesLabel.get(i).getText(): null

2018-06-14 17:24:27 - [TEST_STEP][PASSED] - Statement - StoresCBList.get(i).click(): null

2018-06-14 17:24:27 - [TEST_STEP][PASSED] - Statement - groupStoresList[i] = storesLabel.get(i).getText(): null

2018-06-14 17:24:27 - [TEST_STEP][PASSED] - Statement - StoresCBList.get(i).click(): null

2018-06-14 17:24:27 - [TEST_STEP][PASSED] - Statement - groupStoresList[i] = storesLabel.get(i).getText(): null

2018-06-14 17:24:27 - [TEST_STEP][PASSED] - Statement - StoresCBList.get(i).click(): null

2018-06-14 17:24:27 - [TEST_STEP][PASSED] - Statement - groupStoresList[i] = storesLabel.get(i).getText(): null

2018-06-14 17:24:27 - [TEST_STEP][PASSED] - Statement - StoresCBList.get(i).click(): null

2018-06-14 17:24:27 - [TEST_STEP][PASSED] - Statement - groupStoresList[i] = storesLabel.get(i).getText(): null

2018-06-14 17:24:27 - [TEST_STEP][PASSED] - Statement - StoresCBList.get(i).click(): null

2018-06-14 17:24:27 - [TEST_STEP][PASSED] - Statement - groupStoresList[i] = storesLabel.get(i).getText(): null

2018-06-14 17:24:27 - [TEST_STEP][PASSED] - Statement - StoresCBList.get(i).click(): null

2018-06-14 17:24:27 - [TEST_STEP][PASSED] - Statement - groupStoresList[i] = storesLabel.get(i).getText(): null

2018-06-14 17:24:27 - [TEST_STEP][PASSED] - Statement - StoresCBList.get(i).click(): null

2018-06-14 17:24:27 - [TEST_STEP][PASSED] - Statement - groupStoresList[i] = storesLabel.get(i).getText(): null

2018-06-14 17:24:27 - [TEST_STEP][PASSED] - Statement - StoresCBList.get(i).click(): null

2018-06-14 17:24:27 - [TEST_STEP][PASSED] - Statement - groupStoresList[i] = storesLabel.get(i).getText(): null

2018-06-14 17:24:27 - [TEST_STEP][PASSED] - Statement - StoresCBList.get(i).click(): null

2018-06-14 17:24:27 - [TEST_STEP][PASSED] - Statement - groupStoresList[i] = storesLabel.get(i).getText(): null

2018-06-14 17:24:27 - [TEST_STEP][PASSED] - Statement - StoresCBList.get(i).click(): null

2018-06-14 17:24:28 - [TEST_STEP][PASSED] - Statement - groupStoresList[i] = storesLabel.get(i).getText(): null

2018-06-14 17:24:28 - [TEST_STEP][PASSED] - Statement - StoresCBList.get(i).click(): null

2018-06-14 17:24:28 - [TEST_STEP][PASSED] - Statement - groupStoresList[i] = storesLabel.get(i).getText(): null

2018-06-14 17:24:28 - [TEST_STEP][PASSED] - Statement - StoresCBList.get(i).click(): null

2018-06-14 17:24:28 - [TEST_STEP][PASSED] - Statement - groupStoresList[i] = storesLabel.get(i).getText(): null

2018-06-14 17:24:28 - [TEST_STEP][PASSED] - Statement - StoresCBList.get(i).click(): null

2018-06-14 17:24:28 - [TEST_STEP][PASSED] - Statement - groupStoresList[i] = storesLabel.get(i).getText(): null

2018-06-14 17:24:28 - [TEST_STEP][PASSED] - Statement - StoresCBList.get(i).click(): null

2018-06-14 17:24:28 - [TEST_STEP][PASSED] - Statement - groupStoresList[i] = storesLabel.get(i).getText(): null

2018-06-14 17:24:28 - [TEST_STEP][PASSED] - Statement - StoresCBList.get(i).click(): null

2018-06-14 17:24:28 - [TEST_STEP][PASSED] - Statement - groupStoresList[i] = storesLabel.get(i).getText(): null

2018-06-14 17:24:28 - [TEST_STEP][PASSED] - Statement - StoresCBList.get(i).click(): null

2018-06-14 17:24:28 - [TEST_STEP][PASSED] - Statement - groupStoresList[i] = storesLabel.get(i).getText(): null

2018-06-14 17:24:28 - [TEST_STEP][PASSED] - Statement - StoresCBList.get(i).click(): null

2018-06-14 17:24:28 - [TEST_STEP][PASSED] - Statement - groupStoresList[i] = storesLabel.get(i).getText(): null

2018-06-14 17:24:28 - [TEST_STEP][PASSED] - Statement - StoresCBList.get(i).click(): null

2018-06-14 17:24:28 - [TEST_STEP][PASSED] - Statement - groupStoresList[i] = storesLabel.get(i).getText(): null

2018-06-14 17:24:28 - [TEST_STEP][PASSED] - Statement - StoresCBList.get(i).click(): null

2018-06-14 17:24:28 - [TEST_STEP][PASSED] - Statement - groupStoresList[i] = storesLabel.get(i).getText(): null

2018-06-14 17:24:28 - [TEST_STEP][PASSED] - Statement - StoresCBList.get(i).click(): null

2018-06-14 17:24:28 - [TEST_STEP][PASSED] - Statement - groupStoresList[i] = storesLabel.get(i).getText(): null

2018-06-14 17:24:28 - [TEST_STEP][PASSED] - Statement - StoresCBList.get(i).click(): null

2018-06-14 17:24:28 - [TEST_STEP][PASSED] - Statement - groupStoresList[i] = storesLabel.get(i).getText(): null

2018-06-14 17:24:28 - [TEST_STEP][PASSED] - Statement - StoresCBList.get(i).click(): null

2018-06-14 17:24:28 - [TEST_STEP][PASSED] - Statement - out.println(groupStoresList): null

2018-06-14 17:24:28 - [TEST_STEP][PASSED] - delay: Delayed 10 second(s)

2018-06-14 17:24:38 - [MESSAGE][PASSED] - Delayed 10 second(s)

2018-06-14 17:24:38 - [TEST_STEP][PASSED] - uiaction.CommonUIActions.click: uiaction.CommonUIActions.click is PASSED

2018-06-14 17:24:38 - [MESSAGE][PASSED] - uiaction.CommonUIActions.click is PASSED

2018-06-14 17:24:38 - [TEST_STEP][PASSED] - delay: Delayed 10 second(s)

2018-06-14 17:24:48 - [MESSAGE][PASSED] - Delayed 10 second(s)

2018-06-14 17:24:48 - [TEST_STEP][PASSED] - Statement - secondStoreListBox1 = driver.findElements(org.openqa.selenium.By.xpath(com.kms.katalon.core.testdata.TestDataFactory.findTestData(OR_file).getValue(2, 11))): Reading excel file with source file 'C:\Users\shalinin\Katalon Studio\HME_Scripts\Data Files\HME_OR.xlsx' and sheet name 'Sheet1'

2018-06-14 17:24:48 - [TEST_STEP][PASSED] - Statement - actualList1 = new java.util.ArrayList(): null

2018-06-14 17:24:48 - [TEST_STEP][PASSED] - Statement - For ([i = 0, i < secondStoreListBox1.size(), (i++)]): null

2018-06-14 17:24:48 - [TEST_STEP][PASSED] - Statement - actualList1.add(i, secondStoreListBox1.get(i).getText()): null

2018-06-14 17:24:48 - [TEST_STEP][PASSED] - Statement - actualList1.add(i, secondStoreListBox1.get(i).getText()): null

2018-06-14 17:24:48 - [TEST_STEP][PASSED] - Statement - actualList1.add(i, secondStoreListBox1.get(i).getText()): null

2018-06-14 17:24:49 - [TEST_STEP][PASSED] - Statement - actualList1.add(i, secondStoreListBox1.get(i).getText()): null

2018-06-14 17:24:49 - [TEST_STEP][PASSED] - Statement - actualList1.add(i, secondStoreListBox1.get(i).getText()): null

2018-06-14 17:24:49 - [TEST_STEP][PASSED] - Statement - actualList1.add(i, secondStoreListBox1.get(i).getText()): null

2018-06-14 17:24:49 - [TEST_STEP][PASSED] - Statement - actualList1.add(i, secondStoreListBox1.get(i).getText()): null

2018-06-14 17:24:49 - [TEST_STEP][PASSED] - Statement - actualList1.add(i, secondStoreListBox1.get(i).getText()): null

2018-06-14 17:24:49 - [TEST_STEP][PASSED] - Statement - actualList1.add(i, secondStoreListBox1.get(i).getText()): null

2018-06-14 17:24:49 - [TEST_STEP][PASSED] - Statement - actualList1.add(i, secondStoreListBox1.get(i).getText()): null

2018-06-14 17:24:49 - [TEST_STEP][PASSED] - Statement - actualList1.add(i, secondStoreListBox1.get(i).getText()): null

2018-06-14 17:24:49 - [TEST_STEP][PASSED] - Statement - actualList1.add(i, secondStoreListBox1.get(i).getText()): null

2018-06-14 17:24:49 - [TEST_STEP][PASSED] - Statement - actualList1.add(i, secondStoreListBox1.get(i).getText()): null

2018-06-14 17:24:49 - [TEST_STEP][PASSED] - Statement - actualList1.add(i, secondStoreListBox1.get(i).getText()): null

2018-06-14 17:24:49 - [TEST_STEP][PASSED] - Statement - actualList1.add(i, secondStoreListBox1.get(i).getText()): null

2018-06-14 17:24:49 - [TEST_STEP][PASSED] - Statement - actualList1.add(i, secondStoreListBox1.get(i).getText()): null

2018-06-14 17:24:49 - [TEST_STEP][PASSED] - Statement - actualList1.add(i, secondStoreListBox1.get(i).getText()): null

2018-06-14 17:24:49 - [TEST_STEP][PASSED] - Statement - actualList1.add(i, secondStoreListBox1.get(i).getText()): null

2018-06-14 17:24:49 - [TEST_STEP][PASSED] - Statement - actualList1.add(i, secondStoreListBox1.get(i).getText()): null

2018-06-14 17:24:49 - [TEST_STEP][PASSED] - Statement - actualList1.add(i, secondStoreListBox1.get(i).getText()): null

2018-06-14 17:24:49 - [TEST_STEP][PASSED] - Statement - actualList1.add(i, secondStoreListBox1.get(i).getText()): null

2018-06-14 17:24:49 - [TEST_STEP][PASSED] - Statement - actualList1.add(i, secondStoreListBox1.get(i).getText()): null

2018-06-14 17:24:49 - [TEST_STEP][PASSED] - Statement - actualList1.add(i, secondStoreListBox1.get(i).getText()): null

2018-06-14 17:24:49 - [TEST_STEP][PASSED] - Statement - actualList1.add(i, secondStoreListBox1.get(i).getText()): null

2018-06-14 17:24:49 - [TEST_STEP][PASSED] - Statement - actualList1.add(i, secondStoreListBox1.get(i).getText()): null

2018-06-14 17:24:49 - [TEST_STEP][PASSED] - Statement - actualList1.add(i, secondStoreListBox1.get(i).getText()): null

2018-06-14 17:24:49 - [TEST_STEP][PASSED] - Statement - actualList1.add(i, secondStoreListBox1.get(i).getText()): null

2018-06-14 17:24:49 - [TEST_STEP][PASSED] - Statement - actualList1.add(i, secondStoreListBox1.get(i).getText()): null

2018-06-14 17:24:49 - [TEST_STEP][PASSED] - Statement - actualList1.add(i, secondStoreListBox1.get(i).getText()): null

2018-06-14 17:24:49 - [TEST_STEP][PASSED] - Statement - actualList1.add(i, secondStoreListBox1.get(i).getText()): null

2018-06-14 17:24:49 - [TEST_STEP][PASSED] - Statement - actualList1.add(i, secondStoreListBox1.get(i).getText()): null

2018-06-14 17:24:49 - [TEST_STEP][PASSED] - Statement - actualList1.add(i, secondStoreListBox1.get(i).getText()): null

2018-06-14 17:24:49 - [TEST_STEP][PASSED] - Statement - actualList1.add(i, secondStoreListBox1.get(i).getText()): null

2018-06-14 17:24:49 - [TEST_STEP][PASSED] - Statement - actualList1.add(i, secondStoreListBox1.get(i).getText()): null

2018-06-14 17:24:49 - [TEST_STEP][PASSED] - Statement - actualList1.add(i, secondStoreListBox1.get(i).getText()): null

2018-06-14 17:24:49 - [TEST_STEP][PASSED] - Statement - actualList1.add(i, secondStoreListBox1.get(i).getText()): null

2018-06-14 17:24:49 - [TEST_STEP][PASSED] - Statement - actualList1.add(i, secondStoreListBox1.get(i).getText()): null

2018-06-14 17:24:49 - [TEST_STEP][PASSED] - Statement - actualList1.add(i, secondStoreListBox1.get(i).getText()): null

2018-06-14 17:24:49 - [TEST_STEP][PASSED] - Statement - actualList1.add(i, secondStoreListBox1.get(i).getText()): null

2018-06-14 17:24:49 - [TEST_STEP][PASSED] - Statement - actualList1.add(i, secondStoreListBox1.get(i).getText()): null

2018-06-14 17:24:49 - [TEST_STEP][PASSED] - Statement - actualList1.add(i, secondStoreListBox1.get(i).getText()): null

2018-06-14 17:24:49 - [TEST_STEP][PASSED] - Statement - actualList1.add(i, secondStoreListBox1.get(i).getText()): null

2018-06-14 17:24:49 - [TEST_STEP][PASSED] - Statement - actualList1.add(i, secondStoreListBox1.get(i).getText()): null

2018-06-14 17:24:49 - [TEST_STEP][PASSED] - Statement - actualList1.add(i, secondStoreListBox1.get(i).getText()): null

2018-06-14 17:24:49 - [TEST_STEP][PASSED] - Statement - actualList1.add(i, secondStoreListBox1.get(i).getText()): null

2018-06-14 17:24:49 - [TEST_STEP][PASSED] - Statement - actualList1.add(i, secondStoreListBox1.get(i).getText()): null

2018-06-14 17:24:49 - [TEST_STEP][PASSED] - Statement - actualList1.add(i, secondStoreListBox1.get(i).getText()): null

2018-06-14 17:24:49 - [TEST_STEP][PASSED] - Statement - actualList1.add(i, secondStoreListBox1.get(i).getText()): null

2018-06-14 17:24:49 - [TEST_STEP][PASSED] - Statement - actualList1.add(i, secondStoreListBox1.get(i).getText()): null

2018-06-14 17:24:49 - [TEST_STEP][PASSED] - Statement - actualList1.add(i, secondStoreListBox1.get(i).getText()): null

2018-06-14 17:24:49 - [TEST_STEP][PASSED] - Statement - actualList1.add(i, secondStoreListBox1.get(i).getText()): null

2018-06-14 17:24:49 - [TEST_STEP][PASSED] - Statement - actualList1.add(i, secondStoreListBox1.get(i).getText()): null

2018-06-14 17:24:49 - [TEST_STEP][PASSED] - Statement - actualList1.add(i, secondStoreListBox1.get(i).getText()): null

2018-06-14 17:24:49 - [TEST_STEP][PASSED] - Statement - actualList1.add(i, secondStoreListBox1.get(i).getText()): null

2018-06-14 17:24:49 - [TEST_STEP][PASSED] - Statement - actualList1.add(i, secondStoreListBox1.get(i).getText()): null

2018-06-14 17:24:49 - [TEST_STEP][PASSED] - Statement - actualList1.add(i, secondStoreListBox1.get(i).getText()): null

2018-06-14 17:24:49 - [TEST_STEP][PASSED] - Statement - actualList1.add(i, secondStoreListBox1.get(i).getText()): null

2018-06-14 17:24:49 - [TEST_STEP][PASSED] - Statement - actualList1.add(i, secondStoreListBox1.get(i).getText()): null

2018-06-14 17:24:49 - [TEST_STEP][PASSED] - Statement - actualList1.add(i, secondStoreListBox1.get(i).getText()): null

2018-06-14 17:24:49 - [TEST_STEP][PASSED] - Statement - actualList1.add(i, secondStoreListBox1.get(i).getText()): null

2018-06-14 17:24:49 - [TEST_STEP][PASSED] - Statement - actualList1.add(i, secondStoreListBox1.get(i).getText()): null

2018-06-14 17:24:49 - [TEST_STEP][PASSED] - Statement - actualList1.add(i, secondStoreListBox1.get(i).getText()): null

2018-06-14 17:24:49 - [TEST_STEP][PASSED] - Statement - actualList1.add(i, secondStoreListBox1.get(i).getText()): null

2018-06-14 17:24:49 - [TEST_STEP][PASSED] - Statement - actualList1.add(i, secondStoreListBox1.get(i).getText()): null

2018-06-14 17:24:49 - [TEST_STEP][PASSED] - Statement - actualList1.add(i, secondStoreListBox1.get(i).getText()): null

2018-06-14 17:24:49 - [TEST_STEP][PASSED] - Statement - actualList1.add(i, secondStoreListBox1.get(i).getText()): null

2018-06-14 17:24:50 - [TEST_STEP][PASSED] - Statement - actualList1.add(i, secondStoreListBox1.get(i).getText()): null

2018-06-14 17:24:50 - [TEST_STEP][PASSED] - Statement - actualList1.add(i, secondStoreListBox1.get(i).getText()): null

2018-06-14 17:24:50 - [TEST_STEP][PASSED] - Statement - actualList1.add(i, secondStoreListBox1.get(i).getText()): null

2018-06-14 17:24:50 - [TEST_STEP][PASSED] - Statement - actualList1.add(i, secondStoreListBox1.get(i).getText()): null

2018-06-14 17:24:50 - [TEST_STEP][PASSED] - Statement - actualList1.add(i, secondStoreListBox1.get(i).getText()): null

2018-06-14 17:24:50 - [TEST_STEP][PASSED] - Statement - actualList1.add(i, secondStoreListBox1.get(i).getText()): null

2018-06-14 17:24:50 - [TEST_STEP][PASSED] - Statement - actualList1.add(i, secondStoreListBox1.get(i).getText()): null

2018-06-14 17:24:50 - [TEST_STEP][PASSED] - Statement - actualList1.add(i, secondStoreListBox1.get(i).getText()): null

2018-06-14 17:24:50 - [TEST_STEP][PASSED] - Statement - actualList1.add(i, secondStoreListBox1.get(i).getText()): null

2018-06-14 17:24:50 - [TEST_STEP][PASSED] - Statement - actualList1.add(i, secondStoreListBox1.get(i).getText()): null

2018-06-14 17:24:50 - [TEST_STEP][PASSED] - Statement - actualList1.add(i, secondStoreListBox1.get(i).getText()): null

2018-06-14 17:24:50 - [TEST_STEP][PASSED] - Statement - actualList1.add(i, secondStoreListBox1.get(i).getText()): null

2018-06-14 17:24:50 - [TEST_STEP][PASSED] - Statement - actualList1.add(i, secondStoreListBox1.get(i).getText()): null

2018-06-14 17:24:50 - [TEST_STEP][PASSED] - Statement - actualList1.add(i, secondStoreListBox1.get(i).getText()): null

2018-06-14 17:24:50 - [TEST_STEP][PASSED] - Statement - actualList1.add(i, secondStoreListBox1.get(i).getText()): null

2018-06-14 17:24:50 - [TEST_STEP][PASSED] - Statement - actualList1.add(i, secondStoreListBox1.get(i).getText()): null

2018-06-14 17:24:50 - [TEST_STEP][PASSED] - Statement - actualList1.add(i, secondStoreListBox1.get(i).getText()): null

2018-06-14 17:24:50 - [TEST_STEP][PASSED] - Statement - actualList1.add(i, secondStoreListBox1.get(i).getText()): null

2018-06-14 17:24:50 - [TEST_STEP][PASSED] - Statement - actualList1.add(i, secondStoreListBox1.get(i).getText()): null

2018-06-14 17:24:50 - [TEST_STEP][PASSED] - Statement - actualList1.add(i, secondStoreListBox1.get(i).getText()): null

2018-06-14 17:24:50 - [TEST_STEP][PASSED] - Statement - actualList1.add(i, secondStoreListBox1.get(i).getText()): null

2018-06-14 17:24:50 - [TEST_STEP][PASSED] - Statement - actualList1.add(i, secondStoreListBox1.get(i).getText()): null

2018-06-14 17:24:50 - [TEST_STEP][PASSED] - Statement - actualList1.add(i, secondStoreListBox1.get(i).getText()): null

2018-06-14 17:24:50 - [TEST_STEP][PASSED] - Statement - actualList1.add(i, secondStoreListBox1.get(i).getText()): null

2018-06-14 17:24:50 - [TEST_STEP][PASSED] - Statement - actualList1.add(i, secondStoreListBox1.get(i).getText()): null

2018-06-14 17:24:50 - [TEST_STEP][PASSED] - Statement - actualList1.add(i, secondStoreListBox1.get(i).getText()): null

2018-06-14 17:24:50 - [TEST_STEP][PASSED] - Statement - actualList1.add(i, secondStoreListBox1.get(i).getText()): null

2018-06-14 17:24:50 - [TEST_STEP][PASSED] - Statement - actualList1.add(i, secondStoreListBox1.get(i).getText()): null

2018-06-14 17:24:50 - [TEST_STEP][PASSED] - Statement - actualList1.add(i, secondStoreListBox1.get(i).getText()): null

2018-06-14 17:24:50 - [TEST_STEP][PASSED] - Statement - actualList1.add(i, secondStoreListBox1.get(i).getText()): null

2018-06-14 17:24:50 - [TEST_STEP][PASSED] - Statement - actualList1.add(i, secondStoreListBox1.get(i).getText()): null

2018-06-14 17:24:50 - [TEST_STEP][PASSED] - Statement - actualList1.add(i, secondStoreListBox1.get(i).getText()): null

2018-06-14 17:24:50 - [TEST_STEP][PASSED] - Statement - actualList1.add(i, secondStoreListBox1.get(i).getText()): null

2018-06-14 17:24:50 - [TEST_STEP][PASSED] - Statement - actualList1.add(i, secondStoreListBox1.get(i).getText()): null

2018-06-14 17:24:50 - [TEST_STEP][PASSED] - Statement - actualList1.add(i, secondStoreListBox1.get(i).getText()): null

2018-06-14 17:24:50 - [TEST_STEP][PASSED] - Statement - actualList1.add(i, secondStoreListBox1.get(i).getText()): null

2018-06-14 17:24:50 - [TEST_STEP][PASSED] - Statement - actualList1.add(i, secondStoreListBox1.get(i).getText()): null

2018-06-14 17:24:50 - [TEST_STEP][PASSED] - Statement - actualList1.add(i, secondStoreListBox1.get(i).getText()): null

2018-06-14 17:24:50 - [TEST_STEP][PASSED] - Statement - actualList1.add(i, secondStoreListBox1.get(i).getText()): null

2018-06-14 17:24:50 - [TEST_STEP][PASSED] - Statement - actualList1.add(i, secondStoreListBox1.get(i).getText()): null

2018-06-14 17:24:50 - [TEST_STEP][PASSED] - Statement - actualList1.add(i, secondStoreListBox1.get(i).getText()): null

2018-06-14 17:24:50 - [TEST_STEP][PASSED] - Statement - actualList1.add(i, secondStoreListBox1.get(i).getText()): null

2018-06-14 17:24:50 - [TEST_STEP][PASSED] - Statement - actualList1.add(i, secondStoreListBox1.get(i).getText()): null

2018-06-14 17:24:50 - [TEST_STEP][PASSED] - Statement - actualList1.add(i, secondStoreListBox1.get(i).getText()): null

2018-06-14 17:24:50 - [TEST_STEP][PASSED] - Statement - actualList1.add(i, secondStoreListBox1.get(i).getText()): null

2018-06-14 17:24:50 - [TEST_STEP][PASSED] - Statement - actualList1.add(i, secondStoreListBox1.get(i).getText()): null

2018-06-14 17:24:50 - [TEST_STEP][PASSED] - Statement - actualList1.add(i, secondStoreListBox1.get(i).getText()): null

2018-06-14 17:24:50 - [TEST_STEP][PASSED] - Statement - actualList1.add(i, secondStoreListBox1.get(i).getText()): null

2018-06-14 17:24:50 - [TEST_STEP][PASSED] - Statement - actualList1.add(i, secondStoreListBox1.get(i).getText()): null

2018-06-14 17:24:50 - [TEST_STEP][PASSED] - Statement - actualList1.add(i, secondStoreListBox1.get(i).getText()): null

2018-06-14 17:24:50 - [TEST_STEP][PASSED] - Statement - actualList1.add(i, secondStoreListBox1.get(i).getText()): null

2018-06-14 17:24:50 - [TEST_STEP][PASSED] - Statement - actualList1.add(i, secondStoreListBox1.get(i).getText()): null

2018-06-14 17:24:50 - [TEST_STEP][PASSED] - Statement - actualList1.add(i, secondStoreListBox1.get(i).getText()): null

2018-06-14 17:24:50 - [TEST_STEP][PASSED] - Statement - actualList1.add(i, secondStoreListBox1.get(i).getText()): null

2018-06-14 17:24:50 - [TEST_STEP][PASSED] - Statement - actualList1.add(i, secondStoreListBox1.get(i).getText()): null

2018-06-14 17:24:50 - [TEST_STEP][PASSED] - Statement - actualList1.add(i, secondStoreListBox1.get(i).getText()): null

2018-06-14 17:24:50 - [TEST_STEP][PASSED] - Statement - actualList1.add(i, secondStoreListBox1.get(i).getText()): null

2018-06-14 17:24:50 - [TEST_STEP][PASSED] - Statement - actualList1.add(i, secondStoreListBox1.get(i).getText()): null

2018-06-14 17:24:50 - [TEST_STEP][PASSED] - Statement - actualList1.add(i, secondStoreListBox1.get(i).getText()): null

2018-06-14 17:24:50 - [TEST_STEP][PASSED] - Statement - actualList1.add(i, secondStoreListBox1.get(i).getText()): null

2018-06-14 17:24:50 - [TEST_STEP][PASSED] - Statement - actualList1.add(i, secondStoreListBox1.get(i).getText()): null

2018-06-14 17:24:50 - [TEST_STEP][PASSED] - Statement - actualList1.add(i, secondStoreListBox1.get(i).getText()): null

2018-06-14 17:24:50 - [TEST_STEP][PASSED] - Statement - actualList1.add(i, secondStoreListBox1.get(i).getText()): null

2018-06-14 17:24:50 - [TEST_STEP][PASSED] - Statement - actualList1.add(i, secondStoreListBox1.get(i).getText()): null

2018-06-14 17:24:51 - [TEST_STEP][PASSED] - Statement - actualList1.add(i, secondStoreListBox1.get(i).getText()): null

2018-06-14 17:24:51 - [TEST_STEP][PASSED] - Statement - actualList1.add(i, secondStoreListBox1.get(i).getText()): null

2018-06-14 17:24:51 - [TEST_STEP][PASSED] - Statement - actualList1.add(i, secondStoreListBox1.get(i).getText()): null

2018-06-14 17:24:51 - [TEST_STEP][PASSED] - Statement - actualList1.add(i, secondStoreListBox1.get(i).getText()): null

2018-06-14 17:24:51 - [TEST_STEP][PASSED] - Statement - actualList1.add(i, secondStoreListBox1.get(i).getText()): null

2018-06-14 17:24:51 - [TEST_STEP][PASSED] - Statement - actualList1.add(i, secondStoreListBox1.get(i).getText()): null

2018-06-14 17:24:51 - [TEST_STEP][PASSED] - Statement - actualList1.add(i, secondStoreListBox1.get(i).getText()): null

2018-06-14 17:24:51 - [TEST_STEP][PASSED] - Statement - actualList1.add(i, secondStoreListBox1.get(i).getText()): null

2018-06-14 17:24:51 - [TEST_STEP][PASSED] - Statement - actualList1.add(i, secondStoreListBox1.get(i).getText()): null

2018-06-14 17:24:51 - [TEST_STEP][PASSED] - Statement - actualList1.add(i, secondStoreListBox1.get(i).getText()): null

2018-06-14 17:24:51 - [TEST_STEP][PASSED] - Statement - actualList1.add(i, secondStoreListBox1.get(i).getText()): null

2018-06-14 17:24:51 - [TEST_STEP][PASSED] - Statement - actualList1.add(i, secondStoreListBox1.get(i).getText()): null

2018-06-14 17:24:51 - [TEST_STEP][PASSED] - Statement - actualList1.add(i, secondStoreListBox1.get(i).getText()): null

2018-06-14 17:24:51 - [TEST_STEP][PASSED] - Statement - actualList1.add(i, secondStoreListBox1.get(i).getText()): null

2018-06-14 17:24:51 - [TEST_STEP][PASSED] - Statement - actualList1.add(i, secondStoreListBox1.get(i).getText()): null

2018-06-14 17:24:51 - [TEST_STEP][PASSED] - Statement - actualList1.add(i, secondStoreListBox1.get(i).getText()): null

2018-06-14 17:24:51 - [TEST_STEP][PASSED] - Statement - actualList1.add(i, secondStoreListBox1.get(i).getText()): null

2018-06-14 17:24:51 - [TEST_STEP][PASSED] - Statement - actualList1.add(i, secondStoreListBox1.get(i).getText()): null

2018-06-14 17:24:51 - [TEST_STEP][PASSED] - Statement - actualList1.add(i, secondStoreListBox1.get(i).getText()): null

2018-06-14 17:24:51 - [TEST_STEP][PASSED] - Statement - actualList1.add(i, secondStoreListBox1.get(i).getText()): null

2018-06-14 17:24:51 - [TEST_STEP][PASSED] - Statement - actualList1.add(i, secondStoreListBox1.get(i).getText()): null

2018-06-14 17:24:51 - [TEST_STEP][PASSED] - Statement - actualList1.add(i, secondStoreListBox1.get(i).getText()): null

2018-06-14 17:24:51 - [TEST_STEP][PASSED] - Statement - actualList1.add(i, secondStoreListBox1.get(i).getText()): null

2018-06-14 17:24:51 - [TEST_STEP][PASSED] - Statement - actualList1.add(i, secondStoreListBox1.get(i).getText()): null

2018-06-14 17:24:51 - [TEST_STEP][PASSED] - Statement - actualList1.add(i, secondStoreListBox1.get(i).getText()): null

2018-06-14 17:24:51 - [TEST_STEP][PASSED] - Statement - actualList1.add(i, secondStoreListBox1.get(i).getText()): null

2018-06-14 17:24:51 - [TEST_STEP][PASSED] - Statement - actualList1.add(i, secondStoreListBox1.get(i).getText()): null

2018-06-14 17:24:51 - [TEST_STEP][PASSED] - Statement - actualList1.add(i, secondStoreListBox1.get(i).getText()): null

2018-06-14 17:24:51 - [TEST_STEP][PASSED] - Statement - actualList1.add(i, secondStoreListBox1.get(i).getText()): null

2018-06-14 17:24:51 - [TEST_STEP][PASSED] - Statement - actualList1.add(i, secondStoreListBox1.get(i).getText()): null

2018-06-14 17:24:51 - [TEST_STEP][PASSED] - Statement - actualList1.add(i, secondStoreListBox1.get(i).getText()): null

2018-06-14 17:24:51 - [TEST_STEP][PASSED] - Statement - actualList1.add(i, secondStoreListBox1.get(i).getText()): null

2018-06-14 17:24:51 - [TEST_STEP][PASSED] - Statement - actualList1.add(i, secondStoreListBox1.get(i).getText()): null

2018-06-14 17:24:51 - [TEST_STEP][PASSED] - Statement - actualList1.add(i, secondStoreListBox1.get(i).getText()): null

2018-06-14 17:24:51 - [TEST_STEP][PASSED] - Statement - actualList1.add(i, secondStoreListBox1.get(i).getText()): null

2018-06-14 17:24:51 - [TEST_STEP][PASSED] - Statement - actualList1.add(i, secondStoreListBox1.get(i).getText()): null

2018-06-14 17:24:51 - [TEST_STEP][PASSED] - Statement - actualList1.add(i, secondStoreListBox1.get(i).getText()): null

2018-06-14 17:24:51 - [TEST_STEP][PASSED] - Statement - actualList1.add(i, secondStoreListBox1.get(i).getText()): null

2018-06-14 17:24:51 - [TEST_STEP][PASSED] - Statement - actualList1.add(i, secondStoreListBox1.get(i).getText()): null

2018-06-14 17:24:51 - [TEST_STEP][PASSED] - Statement - actualList1.add(i, secondStoreListBox1.get(i).getText()): null

2018-06-14 17:24:51 - [TEST_STEP][PASSED] - Statement - actualList1.add(i, secondStoreListBox1.get(i).getText()): null

2018-06-14 17:24:51 - [TEST_STEP][PASSED] - Statement - actualList1.add(i, secondStoreListBox1.get(i).getText()): null

2018-06-14 17:24:51 - [TEST_STEP][PASSED] - Statement - actualList1.add(i, secondStoreListBox1.get(i).getText()): null

2018-06-14 17:24:51 - [TEST_STEP][PASSED] - Statement - actualList1.add(i, secondStoreListBox1.get(i).getText()): null

2018-06-14 17:24:51 - [TEST_STEP][PASSED] - Statement - actualList1.add(i, secondStoreListBox1.get(i).getText()): null

2018-06-14 17:24:51 - [TEST_STEP][PASSED] - Statement - actualList1.add(i, secondStoreListBox1.get(i).getText()): null

2018-06-14 17:24:51 - [TEST_STEP][PASSED] - Statement - actualList1.add(i, secondStoreListBox1.get(i).getText()): null

2018-06-14 17:24:51 - [TEST_STEP][PASSED] - Statement - actualList1.add(i, secondStoreListBox1.get(i).getText()): null

2018-06-14 17:24:51 - [TEST_STEP][PASSED] - Statement - actualList1.add(i, secondStoreListBox1.get(i).getText()): null

2018-06-14 17:24:51 - [TEST_STEP][PASSED] - Statement - actualList1.add(i, secondStoreListBox1.get(i).getText()): null

2018-06-14 17:24:51 - [TEST_STEP][PASSED] - Statement - actualList1.add(i, secondStoreListBox1.get(i).getText()): null

2018-06-14 17:24:51 - [TEST_STEP][PASSED] - Statement - actualList1.add(i, secondStoreListBox1.get(i).getText()): null

2018-06-14 17:24:51 - [TEST_STEP][PASSED] - Statement - actualList1.add(i, secondStoreListBox1.get(i).getText()): null

2018-06-14 17:24:51 - [TEST_STEP][PASSED] - Statement - actualList1.add(i, secondStoreListBox1.get(i).getText()): null

2018-06-14 17:24:51 - [TEST_STEP][PASSED] - Statement - actualList1.add(i, secondStoreListBox1.get(i).getText()): null

2018-06-14 17:24:51 - [TEST_STEP][PASSED] - Statement - actualList1.add(i, secondStoreListBox1.get(i).getText()): null

2018-06-14 17:24:51 - [TEST_STEP][PASSED] - Statement - actualList1.add(i, secondStoreListBox1.get(i).getText()): null

2018-06-14 17:24:51 - [TEST_STEP][PASSED] - Statement - actualList1.add(i, secondStoreListBox1.get(i).getText()): null

2018-06-14 17:24:51 - [TEST_STEP][PASSED] - Statement - actualList1.add(i, secondStoreListBox1.get(i).getText()): null

2018-06-14 17:24:51 - [TEST_STEP][PASSED] - Statement - actualList1.add(i, secondStoreListBox1.get(i).getText()): null

2018-06-14 17:24:51 - [TEST_STEP][PASSED] - Statement - actualList1.add(i, secondStoreListBox1.get(i).getText()): null

2018-06-14 17:24:51 - [TEST_STEP][PASSED] - Statement - actualList1.add(i, secondStoreListBox1.get(i).getText()): null

2018-06-14 17:24:51 - [TEST_STEP][PASSED] - Statement - actualList1.add(i, secondStoreListBox1.get(i).getText()): null

2018-06-14 17:24:52 - [TEST_STEP][PASSED] - Statement - actualList1.add(i, secondStoreListBox1.get(i).getText()): null

2018-06-14 17:24:52 - [TEST_STEP][PASSED] - Statement - actualList1.add(i, secondStoreListBox1.get(i).getText()): null

2018-06-14 17:24:52 - [TEST_STEP][PASSED] - Statement - actualList1.add(i, secondStoreListBox1.get(i).getText()): null

2018-06-14 17:24:52 - [TEST_STEP][PASSED] - Statement - actualList1.add(i, secondStoreListBox1.get(i).getText()): null

2018-06-14 17:24:52 - [TEST_STEP][PASSED] - Statement - actualList1.add(i, secondStoreListBox1.get(i).getText()): null

2018-06-14 17:24:52 - [TEST_STEP][PASSED] - Statement - actualList1.add(i, secondStoreListBox1.get(i).getText()): null

2018-06-14 17:24:52 - [TEST_STEP][PASSED] - Statement - actualList1.add(i, secondStoreListBox1.get(i).getText()): null

2018-06-14 17:24:52 - [TEST_STEP][PASSED] - Statement - actualList1.add(i, secondStoreListBox1.get(i).getText()): null

2018-06-14 17:24:52 - [TEST_STEP][PASSED] - Statement - actualList1.add(i, secondStoreListBox1.get(i).getText()): null

2018-06-14 17:24:52 - [TEST_STEP][PASSED] - Statement - actualList1.add(i, secondStoreListBox1.get(i).getText()): null

2018-06-14 17:24:52 - [TEST_STEP][PASSED] - Statement - actualList1.add(i, secondStoreListBox1.get(i).getText()): null

2018-06-14 17:24:52 - [TEST_STEP][PASSED] - Statement - actualList1.add(i, secondStoreListBox1.get(i).getText()): null

2018-06-14 17:24:52 - [TEST_STEP][PASSED] - Statement - actualList1.add(i, secondStoreListBox1.get(i).getText()): null

2018-06-14 17:24:52 - [TEST_STEP][PASSED] - Statement - actualList1.add(i, secondStoreListBox1.get(i).getText()): null

2018-06-14 17:24:52 - [TEST_STEP][PASSED] - Statement - actualList1.add(i, secondStoreListBox1.get(i).getText()): null

2018-06-14 17:24:52 - [TEST_STEP][PASSED] - Statement - actualList1.add(i, secondStoreListBox1.get(i).getText()): null

2018-06-14 17:24:52 - [TEST_STEP][PASSED] - Statement - actualList1.add(i, secondStoreListBox1.get(i).getText()): null

2018-06-14 17:24:52 - [TEST_STEP][PASSED] - Statement - actualList1.add(i, secondStoreListBox1.get(i).getText()): null

2018-06-14 17:24:52 - [TEST_STEP][PASSED] - Statement - actualList1.add(i, secondStoreListBox1.get(i).getText()): null

2018-06-14 17:24:52 - [TEST_STEP][PASSED] - Statement - actualList1.add(i, secondStoreListBox1.get(i).getText()): null

2018-06-14 17:24:52 - [TEST_STEP][PASSED] - Statement - actualList1.add(i, secondStoreListBox1.get(i).getText()): null

2018-06-14 17:24:52 - [TEST_STEP][PASSED] - Statement - actualList1.add(i, secondStoreListBox1.get(i).getText()): null

2018-06-14 17:24:52 - [TEST_STEP][PASSED] - Statement - actualList1.add(i, secondStoreListBox1.get(i).getText()): null

2018-06-14 17:24:52 - [TEST_STEP][PASSED] - Statement - actualList1.add(i, secondStoreListBox1.get(i).getText()): null

2018-06-14 17:24:52 - [TEST_STEP][PASSED] - Statement - actualList1.add(i, secondStoreListBox1.get(i).getText()): null

2018-06-14 17:24:52 - [TEST_STEP][PASSED] - Statement - actualList1.add(i, secondStoreListBox1.get(i).getText()): null

2018-06-14 17:24:52 - [TEST_STEP][PASSED] - Statement - out.println(actualList1): null

2018-06-14 17:24:52 - [TEST_STEP][PASSED] - delay: Delayed 10 second(s)

2018-06-14 17:25:02 - [MESSAGE][PASSED] - Delayed 10 second(s)

2018-06-14 17:25:02 - [TEST_STEP][PASSED] - Statement - If (actualList1.containsAll(groupStoresList)): null

2018-06-14 17:25:02 - [TEST_STEP][PASSED] - Statement - println("Selected stores are displayed in Group/Stores in Group listbox"): null

2018-06-14 17:25:02 - [TEST_STEP][PASSED] - uiaction.CommonUIActions.click: uiaction.CommonUIActions.click is PASSED

2018-06-14 17:25:02 - [MESSAGE][PASSED] - uiaction.CommonUIActions.click is PASSED

2018-06-14 17:25:02 - [TEST_STEP][PASSED] - delay: Delayed 10 second(s)

2018-06-14 17:25:12 - [MESSAGE][PASSED] - Delayed 10 second(s)

2018-06-14 17:25:12 - [TEST_STEP][PASSED] - uiaction.CommonUIActions.back: uiaction.CommonUIActions.back is PASSED

2018-06-14 17:25:12 - [MESSAGE][PASSED] - Navigate back successfully

2018-06-14 17:25:12 - [MESSAGE][PASSED] - uiaction.CommonUIActions.back is PASSED

2018-06-14 17:25:12 - [TEST_STEP][PASSED] - delay: Delayed 5 second(s)

2018-06-14 17:25:17 - [MESSAGE][PASSED] - Delayed 5 second(s)

2018-06-14 17:25:17 - [TEST_STEP][PASSED] - uiaction.CommonUIActions.back: uiaction.CommonUIActions.back is PASSED

2018-06-14 17:25:17 - [MESSAGE][PASSED] - Navigate back successfully

2018-06-14 17:25:17 - [MESSAGE][PASSED] - uiaction.CommonUIActions.back is PASSED

2018-06-14 17:25:17 - [TEST_STEP][PASSED] - delay: Delayed 5 second(s)

2018-06-14 17:25:22 - [MESSAGE][PASSED] - Delayed 5 second(s)

2018-06-14 17:25:22 - [TEST_STEP][PASSED] - uiaction.CommonUIActions.click: uiaction.CommonUIActions.click is PASSED

2018-06-14 17:25:22 - [MESSAGE][PASSED] - uiaction.CommonUIActions.click is PASSED

2018-06-14 17:25:22 - [TEST_STEP][PASSED] - uiaction.CommonUIActions.click: uiaction.CommonUIActions.click is PASSED

2018-06-14 17:25:22 - [MESSAGE][PASSED] - uiaction.CommonUIActions.click is PASSED

2018-06-14 17:25:22 - [TEST_STEP][PASSED] - uiaction.CommonUIActions.click: uiaction.CommonUIActions.click is PASSED

2018-06-14 17:25:37 - [MESSAGE][PASSED] - uiaction.CommonUIActions.click is PASSED

2018-06-14 17:25:37 - [TEST_STEP][PASSED] - Statement - storesList = driver.findElements(org.openqa.selenium.By.xpath(com.kms.katalon.core.testdata.TestDataFactory.findTestData(OR_file).getValue(2, 16))): Reading excel file with source file 'C:\Users\shalinin\Katalon Studio\HME_Scripts\Data Files\HME_OR.xlsx' and sheet name 'Sheet1'

2018-06-14 17:25:37 - [TEST_STEP][PASSED] - Statement - For ([i = 1, i < storesList.size(), (i++)]): null

2018-06-14 17:25:37 - [TEST_STEP][PASSED] - Statement - reportgroup = "(//div[@class='ctable']/table/tbody/tr[@class='tdata clear'])[" + i + "]/td[7]": null

2018-06-14 17:25:37 - [TEST_STEP][PASSED] - Statement - reportgroupTxt = driver.findElement(org.openqa.selenium.By.xpath(reportgroup)).getText(): null

2018-06-14 17:25:37 - [TEST_STEP][PASSED] - Statement - If (reportgroupTxt == "AutomationGroup1"): null

2018-06-14 17:25:37 - [TEST_STEP][PASSED] - Statement - println("Report group has right group name"): null

2018-06-14 17:25:37 - [TEST_STEP][PASSED] - Statement - reportgroup = "(//div[@class='ctable']/table/tbody/tr[@class='tdata clear'])[" + i + "]/td[7]": null

2018-06-14 17:25:37 - [TEST_STEP][PASSED] - Statement - reportgroupTxt = driver.findElement(org.openqa.selenium.By.xpath(reportgroup)).getText(): null

2018-06-14 17:25:37 - [TEST_STEP][PASSED] - Statement - If (reportgroupTxt == "AutomationGroup1"): null

2018-06-14 17:25:37 - [TEST_STEP][PASSED] - Statement - println("Report group has right group name"): null

2018-06-14 17:25:37 - [TEST_STEP][PASSED] - Statement - reportgroup = "(//div[@class='ctable']/table/tbody/tr[@class='tdata clear'])[" + i + "]/td[7]": null

2018-06-14 17:25:37 - [TEST_STEP][PASSED] - Statement - reportgroupTxt = driver.findElement(org.openqa.selenium.By.xpath(reportgroup)).getText(): null

2018-06-14 17:25:37 - [TEST_STEP][PASSED] - Statement - If (reportgroupTxt == "AutomationGroup1"): null

2018-06-14 17:25:37 - [TEST_STEP][PASSED] - Statement - println("Report group has right group name"): null

2018-06-14 17:25:37 - [TEST_STEP][PASSED] - Statement - reportgroup = "(//div[@class='ctable']/table/tbody/tr[@class='tdata clear'])[" + i + "]/td[7]": null

2018-06-14 17:25:37 - [TEST_STEP][PASSED] - Statement - reportgroupTxt = driver.findElement(org.openqa.selenium.By.xpath(reportgroup)).getText(): null

2018-06-14 17:25:37 - [TEST_STEP][PASSED] - Statement - If (reportgroupTxt == "AutomationGroup1"): null

2018-06-14 17:25:37 - [TEST_STEP][PASSED] - Statement - println("Report group has right group name"): null

2018-06-14 17:25:37 - [TEST_STEP][PASSED] - Statement - reportgroup = "(//div[@class='ctable']/table/tbody/tr[@class='tdata clear'])[" + i + "]/td[7]": null

2018-06-14 17:25:37 - [TEST_STEP][PASSED] - Statement - reportgroupTxt = driver.findElement(org.openqa.selenium.By.xpath(reportgroup)).getText(): null

2018-06-14 17:25:37 - [TEST_STEP][PASSED] - Statement - If (reportgroupTxt == "AutomationGroup1"): null

2018-06-14 17:25:37 - [TEST_STEP][PASSED] - Statement - println("Report group has right group name"): null

2018-06-14 17:25:37 - [TEST_STEP][PASSED] - Statement - reportgroup = "(//div[@class='ctable']/table/tbody/tr[@class='tdata clear'])[" + i + "]/td[7]": null

2018-06-14 17:25:37 - [TEST_STEP][PASSED] - Statement - reportgroupTxt = driver.findElement(org.openqa.selenium.By.xpath(reportgroup)).getText(): null

2018-06-14 17:25:37 - [TEST_STEP][PASSED] - Statement - If (reportgroupTxt == "AutomationGroup1"): null

2018-06-14 17:25:37 - [TEST_STEP][PASSED] - Statement - Else: null

2018-06-14 17:25:37 - [TEST_STEP][PASSED] - Statement - If (!(TCflag)): null

2018-06-14 17:25:37 - [TEST_STEP][PASSED] - Statement - reportgroup = "(//div[@class='ctable']/table/tbody/tr[@class='tdata clear'])[" + i + "]/td[7]": null

2018-06-14 17:25:37 - [TEST_STEP][PASSED] - Statement - reportgroupTxt = driver.findElement(org.openqa.selenium.By.xpath(reportgroup)).getText(): null

2018-06-14 17:25:37 - [TEST_STEP][PASSED] - Statement - If (reportgroupTxt == "AutomationGroup1"): null

2018-06-14 17:25:37 - [TEST_STEP][PASSED] - Statement - Else: null

2018-06-14 17:25:37 - [TEST_STEP][PASSED] - Statement - If (!(TCflag)): null

2018-06-14 17:25:37 - [TEST_STEP][PASSED] - Statement - reportgroup = "(//div[@class='ctable']/table/tbody/tr[@class='tdata clear'])[" + i + "]/td[7]": null

2018-06-14 17:25:37 - [TEST_STEP][PASSED] - Statement - reportgroupTxt = driver.findElement(org.openqa.selenium.By.xpath(reportgroup)).getText(): null

2018-06-14 17:25:37 - [TEST_STEP][PASSED] - Statement - If (reportgroupTxt == "AutomationGroup1"): null

2018-06-14 17:25:37 - [TEST_STEP][PASSED] - Statement - Else: null

2018-06-14 17:25:37 - [TEST_STEP][PASSED] - Statement - If (!(TCflag)): null

2018-06-14 17:25:37 - [TEST_STEP][PASSED] - Statement - reportgroup = "(//div[@class='ctable']/table/tbody/tr[@class='tdata clear'])[" + i + "]/td[7]": null

2018-06-14 17:25:37 - [TEST_STEP][PASSED] - Statement - reportgroupTxt = driver.findElement(org.openqa.selenium.By.xpath(reportgroup)).getText(): null

2018-06-14 17:25:37 - [TEST_STEP][PASSED] - Statement - If (reportgroupTxt == "AutomationGroup1"): null

2018-06-14 17:25:37 - [TEST_STEP][PASSED] - Statement - println("Report group has right group name"): null

2018-06-14 17:25:37 - [TEST_STEP][PASSED] - Statement - reportgroup = "(//div[@class='ctable']/table/tbody/tr[@class='tdata clear'])[" + i + "]/td[7]": null

2018-06-14 17:25:37 - [TEST_STEP][PASSED] - Statement - reportgroupTxt = driver.findElement(org.openqa.selenium.By.xpath(reportgroup)).getText(): null

2018-06-14 17:25:37 - [TEST_STEP][PASSED] - Statement - If (reportgroupTxt == "AutomationGroup1"): null

2018-06-14 17:25:37 - [TEST_STEP][PASSED] - Statement - println("Report group has right group name"): null

2018-06-14 17:25:37 - [TEST_STEP][PASSED] - Statement - reportgroup = "(//div[@class='ctable']/table/tbody/tr[@class='tdata clear'])[" + i + "]/td[7]": null

2018-06-14 17:25:37 - [TEST_STEP][PASSED] - Statement - reportgroupTxt = driver.findElement(org.openqa.selenium.By.xpath(reportgroup)).getText(): null

2018-06-14 17:25:37 - [TEST_STEP][PASSED] - Statement - If (reportgroupTxt == "AutomationGroup1"): null

2018-06-14 17:25:37 - [TEST_STEP][PASSED] - Statement - println("Report group has right group name"): null

2018-06-14 17:25:37 - [TEST_STEP][PASSED] - Statement - reportgroup = "(//div[@class='ctable']/table/tbody/tr[@class='tdata clear'])[" + i + "]/td[7]": null

2018-06-14 17:25:37 - [TEST_STEP][PASSED] - Statement - reportgroupTxt = driver.findElement(org.openqa.selenium.By.xpath(reportgroup)).getText(): null

2018-06-14 17:25:37 - [TEST_STEP][PASSED] - Statement - If (reportgroupTxt == "AutomationGroup1"): null

2018-06-14 17:25:37 - [TEST_STEP][PASSED] - Statement - println("Report group has right group name"): null

2018-06-14 17:25:37 - [TEST_STEP][PASSED] - Statement - reportgroup = "(//div[@class='ctable']/table/tbody/tr[@class='tdata clear'])[" + i + "]/td[7]": null

2018-06-14 17:25:37 - [TEST_STEP][PASSED] - Statement - reportgroupTxt = driver.findElement(org.openqa.selenium.By.xpath(reportgroup)).getText(): null

2018-06-14 17:25:37 - [TEST_STEP][PASSED] - Statement - If (reportgroupTxt == "AutomationGroup1"): null

2018-06-14 17:25:37 - [TEST_STEP][PASSED] - Statement - println("Report group has right group name"): null

2018-06-14 17:25:37 - [TEST_STEP][PASSED] - Statement - reportgroup = "(//div[@class='ctable']/table/tbody/tr[@class='tdata clear'])[" + i + "]/td[7]": null

2018-06-14 17:25:37 - [TEST_STEP][PASSED] - Statement - reportgroupTxt = driver.findElement(org.openqa.selenium.By.xpath(reportgroup)).getText(): null

2018-06-14 17:25:37 - [TEST_STEP][PASSED] - Statement - If (reportgroupTxt == "AutomationGroup1"): null

2018-06-14 17:25:37 - [TEST_STEP][PASSED] - Statement - Else: null

2018-06-14 17:25:37 - [TEST_STEP][PASSED] - Statement - If (!(TCflag)): null

2018-06-14 17:25:37 - [TEST_STEP][PASSED] - Statement - reportgroup = "(//div[@class='ctable']/table/tbody/tr[@class='tdata clear'])[" + i + "]/td[7]": null

2018-06-14 17:25:37 - [TEST_STEP][PASSED] - Statement - reportgroupTxt = driver.findElement(org.openqa.selenium.By.xpath(reportgroup)).getText(): null

2018-06-14 17:25:37 - [TEST_STEP][PASSED] - Statement - If (reportgroupTxt == "AutomationGroup1"): null

2018-06-14 17:25:37 - [TEST_STEP][PASSED] - Statement - println("Report group has right group name"): null

2018-06-14 17:25:37 - [TEST_STEP][PASSED] - Statement - reportgroup = "(//div[@class='ctable']/table/tbody/tr[@class='tdata clear'])[" + i + "]/td[7]": null

2018-06-14 17:25:37 - [TEST_STEP][PASSED] - Statement - reportgroupTxt = driver.findElement(org.openqa.selenium.By.xpath(reportgroup)).getText(): null

2018-06-14 17:25:37 - [TEST_STEP][PASSED] - Statement - If (reportgroupTxt == "AutomationGroup1"): null

2018-06-14 17:25:37 - [TEST_STEP][PASSED] - Statement - Else: null

2018-06-14 17:25:37 - [TEST_STEP][PASSED] - Statement - If (!(TCflag)): null

2018-06-14 17:25:37 - [TEST_STEP][PASSED] - Statement - reportgroup = "(//div[@class='ctable']/table/tbody/tr[@class='tdata clear'])[" + i + "]/td[7]": null

2018-06-14 17:25:37 - [TEST_STEP][PASSED] - Statement - reportgroupTxt = driver.findElement(org.openqa.selenium.By.xpath(reportgroup)).getText(): null

2018-06-14 17:25:37 - [TEST_STEP][PASSED] - Statement - If (reportgroupTxt == "AutomationGroup1"): null

2018-06-14 17:25:37 - [TEST_STEP][PASSED] - Statement - println("Report group has right group name"): null

2018-06-14 17:25:37 - [TEST_STEP][PASSED] - Statement - reportgroup = "(//div[@class='ctable']/table/tbody/tr[@class='tdata clear'])[" + i + "]/td[7]": null

2018-06-14 17:25:37 - [TEST_STEP][PASSED] - Statement - reportgroupTxt = driver.findElement(org.openqa.selenium.By.xpath(reportgroup)).getText(): null

2018-06-14 17:25:37 - [TEST_STEP][PASSED] - Statement - If (reportgroupTxt == "AutomationGroup1"): null

2018-06-14 17:25:37 - [TEST_STEP][PASSED] - Statement - println("Report group has right group name"): null

2018-06-14 17:25:37 - [TEST_STEP][PASSED] - Statement - reportgroup = "(//div[@class='ctable']/table/tbody/tr[@class='tdata clear'])[" + i + "]/td[7]": null

2018-06-14 17:25:37 - [TEST_STEP][PASSED] - Statement - reportgroupTxt = driver.findElement(org.openqa.selenium.By.xpath(reportgroup)).getText(): null

2018-06-14 17:25:37 - [TEST_STEP][PASSED] - Statement - If (reportgroupTxt == "AutomationGroup1"): null

2018-06-14 17:25:37 - [TEST_STEP][PASSED] - Statement - println("Report group has right group name"): null

2018-06-14 17:25:37 - [TEST_STEP][PASSED] - Statement - reportgroup = "(//div[@class='ctable']/table/tbody/tr[@class='tdata clear'])[" + i + "]/td[7]": null

2018-06-14 17:25:37 - [TEST_STEP][PASSED] - Statement - reportgroupTxt = driver.findElement(org.openqa.selenium.By.xpath(reportgroup)).getText(): null

2018-06-14 17:25:37 - [TEST_STEP][PASSED] - Statement - If (reportgroupTxt == "AutomationGroup1"): null

2018-06-14 17:25:37 - [TEST_STEP][PASSED] - Statement - println("Report group has right group name"): null

2018-06-14 17:25:37 - [TEST_STEP][PASSED] - Statement - reportgroup = "(//div[@class='ctable']/table/tbody/tr[@class='tdata clear'])[" + i + "]/td[7]": null

2018-06-14 17:25:37 - [TEST_STEP][PASSED] - Statement - reportgroupTxt = driver.findElement(org.openqa.selenium.By.xpath(reportgroup)).getText(): null

2018-06-14 17:25:37 - [TEST_STEP][PASSED] - Statement - If (reportgroupTxt == "AutomationGroup1"): null

2018-06-14 17:25:37 - [TEST_STEP][PASSED] - Statement - println("Report group has right group name"): null

2018-06-14 17:25:37 - [TEST_STEP][PASSED] - Statement - reportgroup = "(//div[@class='ctable']/table/tbody/tr[@class='tdata clear'])[" + i + "]/td[7]": null

2018-06-14 17:25:37 - [TEST_STEP][PASSED] - Statement - reportgroupTxt = driver.findElement(org.openqa.selenium.By.xpath(reportgroup)).getText(): null

2018-06-14 17:25:37 - [TEST_STEP][PASSED] - Statement - If (reportgroupTxt == "AutomationGroup1"): null

2018-06-14 17:25:37 - [TEST_STEP][PASSED] - Statement - println("Report group has right group name"): null

2018-06-14 17:25:37 - [TEST_STEP][PASSED] - Statement - reportgroup = "(//div[@class='ctable']/table/tbody/tr[@class='tdata clear'])[" + i + "]/td[7]": null

2018-06-14 17:25:37 - [TEST_STEP][PASSED] - Statement - reportgroupTxt = driver.findElement(org.openqa.selenium.By.xpath(reportgroup)).getText(): null

2018-06-14 17:25:37 - [TEST_STEP][PASSED] - Statement - If (reportgroupTxt == "AutomationGroup1"): null

2018-06-14 17:25:37 - [TEST_STEP][PASSED] - Statement - println("Report group has right group name"): null

2018-06-14 17:25:37 - [TEST_STEP][PASSED] - Statement - reportgroup = "(//div[@class='ctable']/table/tbody/tr[@class='tdata clear'])[" + i + "]/td[7]": null

2018-06-14 17:25:37 - [TEST_STEP][PASSED] - Statement - reportgroupTxt = driver.findElement(org.openqa.selenium.By.xpath(reportgroup)).getText(): null

2018-06-14 17:25:37 - [TEST_STEP][PASSED] - Statement - If (reportgroupTxt == "AutomationGroup1"): null

2018-06-14 17:25:37 - [TEST_STEP][PASSED] - Statement - Else: null

2018-06-14 17:25:37 - [TEST_STEP][PASSED] - Statement - If (!(TCflag)): null

2018-06-14 17:25:37 - [TEST_STEP][PASSED] - Statement - reportgroup = "(//div[@class='ctable']/table/tbody/tr[@class='tdata clear'])[" + i + "]/td[7]": null

2018-06-14 17:25:37 - [TEST_STEP][PASSED] - Statement - reportgroupTxt = driver.findElement(org.openqa.selenium.By.xpath(reportgroup)).getText(): null

2018-06-14 17:25:37 - [TEST_STEP][PASSED] - Statement - If (reportgroupTxt == "AutomationGroup1"): null

2018-06-14 17:25:37 - [TEST_STEP][PASSED] - Statement - Else: null

2018-06-14 17:25:37 - [TEST_STEP][PASSED] - Statement - If (!(TCflag)): null

2018-06-14 17:25:37 - [TEST_STEP][PASSED] - Statement - reportgroup = "(//div[@class='ctable']/table/tbody/tr[@class='tdata clear'])[" + i + "]/td[7]": null

2018-06-14 17:25:37 - [TEST_STEP][PASSED] - Statement - reportgroupTxt = driver.findElement(org.openqa.selenium.By.xpath(reportgroup)).getText(): null

2018-06-14 17:25:38 - [TEST_STEP][PASSED] - Statement - If (reportgroupTxt == "AutomationGroup1"): null

2018-06-14 17:25:38 - [TEST_STEP][PASSED] - Statement - println("Report group has right group name"): null

2018-06-14 17:25:38 - [TEST_STEP][PASSED] - Statement - reportgroup = "(//div[@class='ctable']/table/tbody/tr[@class='tdata clear'])[" + i + "]/td[7]": null

2018-06-14 17:25:38 - [TEST_STEP][PASSED] - Statement - reportgroupTxt = driver.findElement(org.openqa.selenium.By.xpath(reportgroup)).getText(): null

2018-06-14 17:25:38 - [TEST_STEP][PASSED] - Statement - If (reportgroupTxt == "AutomationGroup1"): null

2018-06-14 17:25:38 - [TEST_STEP][PASSED] - Statement - println("Report group has right group name"): null

2018-06-14 17:25:38 - [TEST_STEP][PASSED] - Statement - reportgroup = "(//div[@class='ctable']/table/tbody/tr[@class='tdata clear'])[" + i + "]/td[7]": null

2018-06-14 17:25:38 - [TEST_STEP][PASSED] - Statement - reportgroupTxt = driver.findElement(org.openqa.selenium.By.xpath(reportgroup)).getText(): null

2018-06-14 17:25:38 - [TEST_STEP][PASSED] - Statement - If (reportgroupTxt == "AutomationGroup1"): null

2018-06-14 17:25:38 - [TEST_STEP][PASSED] - Statement - println("Report group has right group name"): null

2018-06-14 17:25:38 - [TEST_STEP][PASSED] - Statement - reportgroup = "(//div[@class='ctable']/table/tbody/tr[@class='tdata clear'])[" + i + "]/td[7]": null

2018-06-14 17:25:38 - [TEST_STEP][PASSED] - Statement - reportgroupTxt = driver.findElement(org.openqa.selenium.By.xpath(reportgroup)).getText(): null

2018-06-14 17:25:38 - [TEST_STEP][PASSED] - Statement - If (reportgroupTxt == "AutomationGroup1"): null

2018-06-14 17:25:38 - [TEST_STEP][PASSED] - Statement - Else: null

2018-06-14 17:25:38 - [TEST_STEP][PASSED] - Statement - If (!(TCflag)): null

2018-06-14 17:25:38 - [TEST_STEP][PASSED] - Statement - reportgroup = "(//div[@class='ctable']/table/tbody/tr[@class='tdata clear'])[" + i + "]/td[7]": null

2018-06-14 17:25:38 - [TEST_STEP][PASSED] - Statement - reportgroupTxt = driver.findElement(org.openqa.selenium.By.xpath(reportgroup)).getText(): null

2018-06-14 17:25:38 - [TEST_STEP][PASSED] - Statement - If (reportgroupTxt == "AutomationGroup1"): null

2018-06-14 17:25:38 - [TEST_STEP][PASSED] - Statement - println("Report group has right group name"): null

2018-06-14 17:25:38 - [TEST_STEP][PASSED] - Statement - reportgroup = "(//div[@class='ctable']/table/tbody/tr[@class='tdata clear'])[" + i + "]/td[7]": null

2018-06-14 17:25:38 - [TEST_STEP][PASSED] - Statement - reportgroupTxt = driver.findElement(org.openqa.selenium.By.xpath(reportgroup)).getText(): null

2018-06-14 17:25:38 - [TEST_STEP][PASSED] - Statement - If (reportgroupTxt == "AutomationGroup1"): null

2018-06-14 17:25:38 - [TEST_STEP][PASSED] - Statement - println("Report group has right group name"): null

2018-06-14 17:25:38 - [TEST_STEP][PASSED] - Statement - reportgroup = "(//div[@class='ctable']/table/tbody/tr[@class='tdata clear'])[" + i + "]/td[7]": null

2018-06-14 17:25:38 - [TEST_STEP][PASSED] - Statement - reportgroupTxt = driver.findElement(org.openqa.selenium.By.xpath(reportgroup)).getText(): null

2018-06-14 17:25:38 - [TEST_STEP][PASSED] - Statement - If (reportgroupTxt == "AutomationGroup1"): null

2018-06-14 17:25:38 - [TEST_STEP][PASSED] - Statement - println("Report group has right group name"): null

2018-06-14 17:25:38 - [TEST_STEP][PASSED] - Statement - reportgroup = "(//div[@class='ctable']/table/tbody/tr[@class='tdata clear'])[" + i + "]/td[7]": null

2018-06-14 17:25:38 - [TEST_STEP][PASSED] - Statement - reportgroupTxt = driver.findElement(org.openqa.selenium.By.xpath(reportgroup)).getText(): null

2018-06-14 17:25:38 - [TEST_STEP][PASSED] - Statement - If (reportgroupTxt == "AutomationGroup1"): null

2018-06-14 17:25:38 - [TEST_STEP][PASSED] - Statement - println("Report group has right group name"): null

2018-06-14 17:25:38 - [TEST_STEP][PASSED] - Statement - reportgroup = "(//div[@class='ctable']/table/tbody/tr[@class='tdata clear'])[" + i + "]/td[7]": null

2018-06-14 17:25:38 - [TEST_STEP][PASSED] - Statement - reportgroupTxt = driver.findElement(org.openqa.selenium.By.xpath(reportgroup)).getText(): null

2018-06-14 17:25:38 - [TEST_STEP][PASSED] - Statement - If (reportgroupTxt == "AutomationGroup1"): null

2018-06-14 17:25:38 - [TEST_STEP][PASSED] - Statement - Else: null

2018-06-14 17:25:38 - [TEST_STEP][PASSED] - Statement - If (!(TCflag)): null

2018-06-14 17:25:38 - [TEST_STEP][PASSED] - Statement - reportgroup = "(//div[@class='ctable']/table/tbody/tr[@class='tdata clear'])[" + i + "]/td[7]": null

2018-06-14 17:25:38 - [TEST_STEP][PASSED] - Statement - reportgroupTxt = driver.findElement(org.openqa.selenium.By.xpath(reportgroup)).getText(): null

2018-06-14 17:25:38 - [TEST_STEP][PASSED] - Statement - If (reportgroupTxt == "AutomationGroup1"): null

2018-06-14 17:25:38 - [TEST_STEP][PASSED] - Statement - println("Report group has right group name"): null

2018-06-14 17:25:38 - [TEST_STEP][PASSED] - Statement - reportgroup = "(//div[@class='ctable']/table/tbody/tr[@class='tdata clear'])[" + i + "]/td[7]": null

2018-06-14 17:25:38 - [TEST_STEP][PASSED] - Statement - reportgroupTxt = driver.findElement(org.openqa.selenium.By.xpath(reportgroup)).getText(): null

2018-06-14 17:25:38 - [TEST_STEP][PASSED] - Statement - If (reportgroupTxt == "AutomationGroup1"): null

2018-06-14 17:25:38 - [TEST_STEP][PASSED] - Statement - println("Report group has right group name"): null

2018-06-14 17:25:38 - [TEST_STEP][PASSED] - Statement - reportgroup = "(//div[@class='ctable']/table/tbody/tr[@class='tdata clear'])[" + i + "]/td[7]": null

2018-06-14 17:25:38 - [TEST_STEP][PASSED] - Statement - reportgroupTxt = driver.findElement(org.openqa.selenium.By.xpath(reportgroup)).getText(): null

2018-06-14 17:25:38 - [TEST_STEP][PASSED] - Statement - If (reportgroupTxt == "AutomationGroup1"): null

2018-06-14 17:25:38 - [TEST_STEP][PASSED] - Statement - println("Report group has right group name"): null

2018-06-14 17:25:38 - [TEST_STEP][PASSED] - Statement - reportgroup = "(//div[@class='ctable']/table/tbody/tr[@class='tdata clear'])[" + i + "]/td[7]": null

2018-06-14 17:25:38 - [TEST_STEP][PASSED] - Statement - reportgroupTxt = driver.findElement(org.openqa.selenium.By.xpath(reportgroup)).getText(): null

2018-06-14 17:25:38 - [TEST_STEP][PASSED] - Statement - If (reportgroupTxt == "AutomationGroup1"): null

2018-06-14 17:25:38 - [TEST_STEP][PASSED] - Statement - println("Report group has right group name"): null

2018-06-14 17:25:38 - [TEST_STEP][PASSED] - Statement - reportgroup = "(//div[@class='ctable']/table/tbody/tr[@class='tdata clear'])[" + i + "]/td[7]": null

2018-06-14 17:25:38 - [TEST_STEP][PASSED] - Statement - reportgroupTxt = driver.findElement(org.openqa.selenium.By.xpath(reportgroup)).getText(): null

2018-06-14 17:25:38 - [TEST_STEP][PASSED] - Statement - If (reportgroupTxt == "AutomationGroup1"): null

2018-06-14 17:25:38 - [TEST_STEP][PASSED] - Statement - println("Report group has right group name"): null

2018-06-14 17:25:38 - [TEST_STEP][PASSED] - Statement - reportgroup = "(//div[@class='ctable']/table/tbody/tr[@class='tdata clear'])[" + i + "]/td[7]": null

2018-06-14 17:25:38 - [TEST_STEP][PASSED] - Statement - reportgroupTxt = driver.findElement(org.openqa.selenium.By.xpath(reportgroup)).getText(): null

2018-06-14 17:25:38 - [TEST_STEP][PASSED] - Statement - If (reportgroupTxt == "AutomationGroup1"): null

2018-06-14 17:25:38 - [TEST_STEP][PASSED] - Statement - println("Report group has right group name"): null

2018-06-14 17:25:38 - [TEST_STEP][PASSED] - Statement - reportgroup = "(//div[@class='ctable']/table/tbody/tr[@class='tdata clear'])[" + i + "]/td[7]": null

2018-06-14 17:25:38 - [TEST_STEP][PASSED] - Statement - reportgroupTxt = driver.findElement(org.openqa.selenium.By.xpath(reportgroup)).getText(): null

2018-06-14 17:25:38 - [TEST_STEP][PASSED] - Statement - If (reportgroupTxt == "AutomationGroup1"): null

2018-06-14 17:25:38 - [TEST_STEP][PASSED] - Statement - println("Report group has right group name"): null

2018-06-14 17:25:38 - [TEST_STEP][PASSED] - Statement - reportgroup = "(//div[@class='ctable']/table/tbody/tr[@class='tdata clear'])[" + i + "]/td[7]": null

2018-06-14 17:25:38 - [TEST_STEP][PASSED] - Statement - reportgroupTxt = driver.findElement(org.openqa.selenium.By.xpath(reportgroup)).getText(): null

2018-06-14 17:25:38 - [TEST_STEP][PASSED] - Statement - If (reportgroupTxt == "AutomationGroup1"): null

2018-06-14 17:25:38 - [TEST_STEP][PASSED] - Statement - println("Report group has right group name"): null

2018-06-14 17:25:38 - [TEST_STEP][PASSED] - Statement - reportgroup = "(//div[@class='ctable']/table/tbody/tr[@class='tdata clear'])[" + i + "]/td[7]": null

2018-06-14 17:25:38 - [TEST_STEP][PASSED] - Statement - reportgroupTxt = driver.findElement(org.openqa.selenium.By.xpath(reportgroup)).getText(): null

2018-06-14 17:25:38 - [TEST_STEP][PASSED] - Statement - If (reportgroupTxt == "AutomationGroup1"): null

2018-06-14 17:25:38 - [TEST_STEP][PASSED] - Statement - Else: null

2018-06-14 17:25:38 - [TEST_STEP][PASSED] - Statement - If (!(TCflag)): null

2018-06-14 17:25:38 - [TEST_STEP][PASSED] - Statement - reportgroup = "(//div[@class='ctable']/table/tbody/tr[@class='tdata clear'])[" + i + "]/td[7]": null

2018-06-14 17:25:38 - [TEST_STEP][PASSED] - Statement - reportgroupTxt = driver.findElement(org.openqa.selenium.By.xpath(reportgroup)).getText(): null

2018-06-14 17:25:38 - [TEST_STEP][PASSED] - Statement - If (reportgroupTxt == "AutomationGroup1"): null

2018-06-14 17:25:38 - [TEST_STEP][PASSED] - Statement - println("Report group has right group name"): null

2018-06-14 17:25:38 - [TEST_STEP][PASSED] - Statement - reportgroup = "(//div[@class='ctable']/table/tbody/tr[@class='tdata clear'])[" + i + "]/td[7]": null

2018-06-14 17:25:38 - [TEST_STEP][PASSED] - Statement - reportgroupTxt = driver.findElement(org.openqa.selenium.By.xpath(reportgroup)).getText(): null

2018-06-14 17:25:38 - [TEST_STEP][PASSED] - Statement - If (reportgroupTxt == "AutomationGroup1"): null

2018-06-14 17:25:38 - [TEST_STEP][PASSED] - Statement - println("Report group has right group name"): null

2018-06-14 17:25:38 - [TEST_STEP][PASSED] - Statement - reportgroup = "(//div[@class='ctable']/table/tbody/tr[@class='tdata clear'])[" + i + "]/td[7]": null

2018-06-14 17:25:38 - [TEST_STEP][PASSED] - Statement - reportgroupTxt = driver.findElement(org.openqa.selenium.By.xpath(reportgroup)).getText(): null

2018-06-14 17:25:38 - [TEST_STEP][PASSED] - Statement - If (reportgroupTxt == "AutomationGroup1"): null

2018-06-14 17:25:38 - [TEST_STEP][PASSED] - Statement - println("Report group has right group name"): null

2018-06-14 17:25:38 - [TEST_STEP][PASSED] - Statement - reportgroup = "(//div[@class='ctable']/table/tbody/tr[@class='tdata clear'])[" + i + "]/td[7]": null

2018-06-14 17:25:38 - [TEST_STEP][PASSED] - Statement - reportgroupTxt = driver.findElement(org.openqa.selenium.By.xpath(reportgroup)).getText(): null

2018-06-14 17:25:38 - [TEST_STEP][PASSED] - Statement - If (reportgroupTxt == "AutomationGroup1"): null

2018-06-14 17:25:38 - [TEST_STEP][PASSED] - Statement - println("Report group has right group name"): null

2018-06-14 17:25:38 - [TEST_STEP][PASSED] - Statement - reportgroup = "(//div[@class='ctable']/table/tbody/tr[@class='tdata clear'])[" + i + "]/td[7]": null

2018-06-14 17:25:38 - [TEST_STEP][PASSED] - Statement - reportgroupTxt = driver.findElement(org.openqa.selenium.By.xpath(reportgroup)).getText(): null

2018-06-14 17:25:38 - [TEST_STEP][PASSED] - Statement - If (reportgroupTxt == "AutomationGroup1"): null

2018-06-14 17:25:38 - [TEST_STEP][PASSED] - Statement - println("Report group has right group name"): null

2018-06-14 17:25:38 - [TEST_STEP][PASSED] - Statement - reportgroup = "(//div[@class='ctable']/table/tbody/tr[@class='tdata clear'])[" + i + "]/td[7]": null

2018-06-14 17:25:38 - [TEST_STEP][PASSED] - Statement - reportgroupTxt = driver.findElement(org.openqa.selenium.By.xpath(reportgroup)).getText(): null

2018-06-14 17:25:38 - [TEST_STEP][PASSED] - Statement - If (reportgroupTxt == "AutomationGroup1"): null

2018-06-14 17:25:38 - [TEST_STEP][PASSED] - Statement - println("Report group has right group name"): null

2018-06-14 17:25:38 - [TEST_STEP][PASSED] - Statement - reportgroup = "(//div[@class='ctable']/table/tbody/tr[@class='tdata clear'])[" + i + "]/td[7]": null

2018-06-14 17:25:38 - [TEST_STEP][PASSED] - Statement - reportgroupTxt = driver.findElement(org.openqa.selenium.By.xpath(reportgroup)).getText(): null

2018-06-14 17:25:38 - [TEST_STEP][PASSED] - Statement - If (reportgroupTxt == "AutomationGroup1"): null

2018-06-14 17:25:38 - [TEST_STEP][PASSED] - Statement - println("Report group has right group name"): null

2018-06-14 17:25:38 - [TEST_STEP][PASSED] - Statement - reportgroup = "(//div[@class='ctable']/table/tbody/tr[@class='tdata clear'])[" + i + "]/td[7]": null

2018-06-14 17:25:38 - [TEST_STEP][PASSED] - Statement - reportgroupTxt = driver.findElement(org.openqa.selenium.By.xpath(reportgroup)).getText(): null

2018-06-14 17:25:38 - [TEST_STEP][PASSED] - Statement - If (reportgroupTxt == "AutomationGroup1"): null

2018-06-14 17:25:38 - [TEST_STEP][PASSED] - Statement - Else: null

2018-06-14 17:25:38 - [TEST_STEP][PASSED] - Statement - If (!(TCflag)): null

2018-06-14 17:25:38 - [TEST_STEP][PASSED] - Statement - reportgroup = "(//div[@class='ctable']/table/tbody/tr[@class='tdata clear'])[" + i + "]/td[7]": null

2018-06-14 17:25:38 - [TEST_STEP][PASSED] - Statement - reportgroupTxt = driver.findElement(org.openqa.selenium.By.xpath(reportgroup)).getText(): null

2018-06-14 17:25:38 - [TEST_STEP][PASSED] - Statement - If (reportgroupTxt == "AutomationGroup1"): null

2018-06-14 17:25:38 - [TEST_STEP][PASSED] - Statement - Else: null

2018-06-14 17:25:38 - [TEST_STEP][PASSED] - Statement - If (!(TCflag)): null

2018-06-14 17:25:38 - [TEST_STEP][PASSED] - Statement - reportgroup = "(//div[@class='ctable']/table/tbody/tr[@class='tdata clear'])[" + i + "]/td[7]": null

2018-06-14 17:25:38 - [TEST_STEP][PASSED] - Statement - reportgroupTxt = driver.findElement(org.openqa.selenium.By.xpath(reportgroup)).getText(): null

2018-06-14 17:25:38 - [TEST_STEP][PASSED] - Statement - If (reportgroupTxt == "AutomationGroup1"): null

2018-06-14 17:25:38 - [TEST_STEP][PASSED] - Statement - println("Report group has right group name"): null

2018-06-14 17:25:38 - [TEST_STEP][PASSED] - Statement - reportgroup = "(//div[@class='ctable']/table/tbody/tr[@class='tdata clear'])[" + i + "]/td[7]": null

2018-06-14 17:25:38 - [TEST_STEP][PASSED] - Statement - reportgroupTxt = driver.findElement(org.openqa.selenium.By.xpath(reportgroup)).getText(): null

2018-06-14 17:25:38 - [TEST_STEP][PASSED] - Statement - If (reportgroupTxt == "AutomationGroup1"): null

2018-06-14 17:25:38 - [TEST_STEP][PASSED] - Statement - println("Report group has right group name"): null

2018-06-14 17:25:38 - [TEST_STEP][PASSED] - Statement - reportgroup = "(//div[@class='ctable']/table/tbody/tr[@class='tdata clear'])[" + i + "]/td[7]": null

2018-06-14 17:25:38 - [TEST_STEP][PASSED] - Statement - reportgroupTxt = driver.findElement(org.openqa.selenium.By.xpath(reportgroup)).getText(): null

2018-06-14 17:25:38 - [TEST_STEP][PASSED] - Statement - If (reportgroupTxt == "AutomationGroup1"): null

2018-06-14 17:25:38 - [TEST_STEP][PASSED] - Statement - println("Report group has right group name"): null

2018-06-14 17:25:38 - [TEST_STEP][PASSED] - Statement - reportgroup = "(//div[@class='ctable']/table/tbody/tr[@class='tdata clear'])[" + i + "]/td[7]": null

2018-06-14 17:25:38 - [TEST_STEP][PASSED] - Statement - reportgroupTxt = driver.findElement(org.openqa.selenium.By.xpath(reportgroup)).getText(): null

2018-06-14 17:25:38 - [TEST_STEP][PASSED] - Statement - If (reportgroupTxt == "AutomationGroup1"): null

2018-06-14 17:25:38 - [TEST_STEP][PASSED] - Statement - println("Report group has right group name"): null

2018-06-14 17:25:38 - [TEST_STEP][PASSED] - Statement - reportgroup = "(//div[@class='ctable']/table/tbody/tr[@class='tdata clear'])[" + i + "]/td[7]": null

2018-06-14 17:25:38 - [TEST_STEP][PASSED] - Statement - reportgroupTxt = driver.findElement(org.openqa.selenium.By.xpath(reportgroup)).getText(): null

2018-06-14 17:25:38 - [TEST_STEP][PASSED] - Statement - If (reportgroupTxt == "AutomationGroup1"): null

2018-06-14 17:25:38 - [TEST_STEP][PASSED] - Statement - println("Report group has right group name"): null

2018-06-14 17:25:38 - [TEST_STEP][PASSED] - Statement - reportgroup = "(//div[@class='ctable']/table/tbody/tr[@class='tdata clear'])[" + i + "]/td[7]": null

2018-06-14 17:25:38 - [TEST_STEP][PASSED] - Statement - reportgroupTxt = driver.findElement(org.openqa.selenium.By.xpath(reportgroup)).getText(): null

2018-06-14 17:25:38 - [TEST_STEP][PASSED] - Statement - If (reportgroupTxt == "AutomationGroup1"): null

2018-06-14 17:25:38 - [TEST_STEP][PASSED] - Statement - println("Report group has right group name"): null

2018-06-14 17:25:38 - [TEST_STEP][PASSED] - Statement - reportgroup = "(//div[@class='ctable']/table/tbody/tr[@class='tdata clear'])[" + i + "]/td[7]": null

2018-06-14 17:25:38 - [TEST_STEP][PASSED] - Statement - reportgroupTxt = driver.findElement(org.openqa.selenium.By.xpath(reportgroup)).getText(): null

2018-06-14 17:25:38 - [TEST_STEP][PASSED] - Statement - If (reportgroupTxt == "AutomationGroup1"): null

2018-06-14 17:25:38 - [TEST_STEP][PASSED] - Statement - println("Report group has right group name"): null

2018-06-14 17:25:38 - [TEST_STEP][PASSED] - Statement - reportgroup = "(//div[@class='ctable']/table/tbody/tr[@class='tdata clear'])[" + i + "]/td[7]": null

2018-06-14 17:25:38 - [TEST_STEP][PASSED] - Statement - reportgroupTxt = driver.findElement(org.openqa.selenium.By.xpath(reportgroup)).getText(): null

2018-06-14 17:25:38 - [TEST_STEP][PASSED] - Statement - If (reportgroupTxt == "AutomationGroup1"): null

2018-06-14 17:25:38 - [TEST_STEP][PASSED] - Statement - println("Report group has right group name"): null

2018-06-14 17:25:38 - [TEST_STEP][PASSED] - Statement - reportgroup = "(//div[@class='ctable']/table/tbody/tr[@class='tdata clear'])[" + i + "]/td[7]": null

2018-06-14 17:25:38 - [TEST_STEP][PASSED] - Statement - reportgroupTxt = driver.findElement(org.openqa.selenium.By.xpath(reportgroup)).getText(): null

2018-06-14 17:25:39 - [TEST_STEP][PASSED] - Statement - If (reportgroupTxt == "AutomationGroup1"): null

2018-06-14 17:25:39 - [TEST_STEP][PASSED] - Statement - println("Report group has right group name"): null

2018-06-14 17:25:39 - [TEST_STEP][PASSED] - Statement - reportgroup = "(//div[@class='ctable']/table/tbody/tr[@class='tdata clear'])[" + i + "]/td[7]": null

2018-06-14 17:25:39 - [TEST_STEP][PASSED] - Statement - reportgroupTxt = driver.findElement(org.openqa.selenium.By.xpath(reportgroup)).getText(): null

2018-06-14 17:25:39 - [TEST_STEP][PASSED] - Statement - If (reportgroupTxt == "AutomationGroup1"): null

2018-06-14 17:25:39 - [TEST_STEP][PASSED] - Statement - println("Report group has right group name"): null

2018-06-14 17:25:39 - [TEST_STEP][PASSED] - Statement - reportgroup = "(//div[@class='ctable']/table/tbody/tr[@class='tdata clear'])[" + i + "]/td[7]": null

2018-06-14 17:25:39 - [TEST_STEP][PASSED] - Statement - reportgroupTxt = driver.findElement(org.openqa.selenium.By.xpath(reportgroup)).getText(): null

2018-06-14 17:25:39 - [TEST_STEP][PASSED] - Statement - If (reportgroupTxt == "AutomationGroup1"): null

2018-06-14 17:25:39 - [TEST_STEP][PASSED] - Statement - println("Report group has right group name"): null

2018-06-14 17:25:39 - [TEST_STEP][PASSED] - Statement - reportgroup = "(//div[@class='ctable']/table/tbody/tr[@class='tdata clear'])[" + i + "]/td[7]": null

2018-06-14 17:25:39 - [TEST_STEP][PASSED] - Statement - reportgroupTxt = driver.findElement(org.openqa.selenium.By.xpath(reportgroup)).getText(): null

2018-06-14 17:25:39 - [TEST_STEP][PASSED] - Statement - If (reportgroupTxt == "AutomationGroup1"): null

2018-06-14 17:25:39 - [TEST_STEP][PASSED] - Statement - Else: null

2018-06-14 17:25:39 - [TEST_STEP][PASSED] - Statement - If (!(TCflag)): null

2018-06-14 17:25:39 - [TEST_STEP][PASSED] - Statement - reportgroup = "(//div[@class='ctable']/table/tbody/tr[@class='tdata clear'])[" + i + "]/td[7]": null

2018-06-14 17:25:39 - [TEST_STEP][PASSED] - Statement - reportgroupTxt = driver.findElement(org.openqa.selenium.By.xpath(reportgroup)).getText(): null

2018-06-14 17:25:39 - [TEST_STEP][PASSED] - Statement - If (reportgroupTxt == "AutomationGroup1"): null

2018-06-14 17:25:39 - [TEST_STEP][PASSED] - Statement - println("Report group has right group name"): null

2018-06-14 17:25:39 - [TEST_STEP][PASSED] - Statement - reportgroup = "(//div[@class='ctable']/table/tbody/tr[@class='tdata clear'])[" + i + "]/td[7]": null

2018-06-14 17:25:39 - [TEST_STEP][PASSED] - Statement - reportgroupTxt = driver.findElement(org.openqa.selenium.By.xpath(reportgroup)).getText(): null

2018-06-14 17:25:39 - [TEST_STEP][PASSED] - Statement - If (reportgroupTxt == "AutomationGroup1"): null

2018-06-14 17:25:39 - [TEST_STEP][PASSED] - Statement - println("Report group has right group name"): null

2018-06-14 17:25:39 - [TEST_STEP][PASSED] - Statement - reportgroup = "(//div[@class='ctable']/table/tbody/tr[@class='tdata clear'])[" + i + "]/td[7]": null

2018-06-14 17:25:39 - [TEST_STEP][PASSED] - Statement - reportgroupTxt = driver.findElement(org.openqa.selenium.By.xpath(reportgroup)).getText(): null

2018-06-14 17:25:39 - [TEST_STEP][PASSED] - Statement - If (reportgroupTxt == "AutomationGroup1"): null

2018-06-14 17:25:39 - [TEST_STEP][PASSED] - Statement - println("Report group has right group name"): null

2018-06-14 17:25:39 - [TEST_STEP][PASSED] - Statement - reportgroup = "(//div[@class='ctable']/table/tbody/tr[@class='tdata clear'])[" + i + "]/td[7]": null

2018-06-14 17:25:39 - [TEST_STEP][PASSED] - Statement - reportgroupTxt = driver.findElement(org.openqa.selenium.By.xpath(reportgroup)).getText(): null

2018-06-14 17:25:39 - [TEST_STEP][PASSED] - Statement - If (reportgroupTxt == "AutomationGroup1"): null

2018-06-14 17:25:39 - [TEST_STEP][PASSED] - Statement - println("Report group has right group name"): null

2018-06-14 17:25:39 - [TEST_STEP][PASSED] - Statement - reportgroup = "(//div[@class='ctable']/table/tbody/tr[@class='tdata clear'])[" + i + "]/td[7]": null

2018-06-14 17:25:39 - [TEST_STEP][PASSED] - Statement - reportgroupTxt = driver.findElement(org.openqa.selenium.By.xpath(reportgroup)).getText(): null

2018-06-14 17:25:39 - [TEST_STEP][PASSED] - Statement - If (reportgroupTxt == "AutomationGroup1"): null

2018-06-14 17:25:39 - [TEST_STEP][PASSED] - Statement - println("Report group has right group name"): null

2018-06-14 17:25:39 - [TEST_STEP][PASSED] - Statement - reportgroup = "(//div[@class='ctable']/table/tbody/tr[@class='tdata clear'])[" + i + "]/td[7]": null

2018-06-14 17:25:39 - [TEST_STEP][PASSED] - Statement - reportgroupTxt = driver.findElement(org.openqa.selenium.By.xpath(reportgroup)).getText(): null

2018-06-14 17:25:39 - [TEST_STEP][PASSED] - Statement - If (reportgroupTxt == "AutomationGroup1"): null

2018-06-14 17:25:39 - [TEST_STEP][PASSED] - Statement - println("Report group has right group name"): null

2018-06-14 17:25:39 - [TEST_STEP][PASSED] - Statement - reportgroup = "(//div[@class='ctable']/table/tbody/tr[@class='tdata clear'])[" + i + "]/td[7]": null

2018-06-14 17:25:39 - [TEST_STEP][PASSED] - Statement - reportgroupTxt = driver.findElement(org.openqa.selenium.By.xpath(reportgroup)).getText(): null

2018-06-14 17:25:39 - [TEST_STEP][PASSED] - Statement - If (reportgroupTxt == "AutomationGroup1"): null

2018-06-14 17:25:39 - [TEST_STEP][PASSED] - Statement - println("Report group has right group name"): null

2018-06-14 17:25:39 - [TEST_STEP][PASSED] - Statement - reportgroup = "(//div[@class='ctable']/table/tbody/tr[@class='tdata clear'])[" + i + "]/td[7]": null

2018-06-14 17:25:39 - [TEST_STEP][PASSED] - Statement - reportgroupTxt = driver.findElement(org.openqa.selenium.By.xpath(reportgroup)).getText(): null

2018-06-14 17:25:39 - [TEST_STEP][PASSED] - Statement - If (reportgroupTxt == "AutomationGroup1"): null

2018-06-14 17:25:39 - [TEST_STEP][PASSED] - Statement - Else: null

2018-06-14 17:25:39 - [TEST_STEP][PASSED] - Statement - If (!(TCflag)): null

2018-06-14 17:25:39 - [TEST_STEP][PASSED] - Statement - reportgroup = "(//div[@class='ctable']/table/tbody/tr[@class='tdata clear'])[" + i + "]/td[7]": null

2018-06-14 17:25:39 - [TEST_STEP][PASSED] - Statement - reportgroupTxt = driver.findElement(org.openqa.selenium.By.xpath(reportgroup)).getText(): null

2018-06-14 17:25:39 - [TEST_STEP][PASSED] - Statement - If (reportgroupTxt == "AutomationGroup1"): null

2018-06-14 17:25:39 - [TEST_STEP][PASSED] - Statement - Else: null

2018-06-14 17:25:39 - [TEST_STEP][PASSED] - Statement - If (!(TCflag)): null

2018-06-14 17:25:39 - [TEST_STEP][PASSED] - Statement - reportgroup = "(//div[@class='ctable']/table/tbody/tr[@class='tdata clear'])[" + i + "]/td[7]": null

2018-06-14 17:25:39 - [TEST_STEP][PASSED] - Statement - reportgroupTxt = driver.findElement(org.openqa.selenium.By.xpath(reportgroup)).getText(): null

2018-06-14 17:25:39 - [TEST_STEP][PASSED] - Statement - If (reportgroupTxt == "AutomationGroup1"): null

2018-06-14 17:25:39 - [TEST_STEP][PASSED] - Statement - println("Report group has right group name"): null

2018-06-14 17:25:39 - [TEST_STEP][PASSED] - Statement - reportgroup = "(//div[@class='ctable']/table/tbody/tr[@class='tdata clear'])[" + i + "]/td[7]": null

2018-06-14 17:25:39 - [TEST_STEP][PASSED] - Statement - reportgroupTxt = driver.findElement(org.openqa.selenium.By.xpath(reportgroup)).getText(): null

2018-06-14 17:25:39 - [TEST_STEP][PASSED] - Statement - If (reportgroupTxt == "AutomationGroup1"): null

2018-06-14 17:25:39 - [TEST_STEP][PASSED] - Statement - println("Report group has right group name"): null

2018-06-14 17:25:39 - [TEST_STEP][PASSED] - Statement - reportgroup = "(//div[@class='ctable']/table/tbody/tr[@class='tdata clear'])[" + i + "]/td[7]": null

2018-06-14 17:25:39 - [TEST_STEP][PASSED] - Statement - reportgroupTxt = driver.findElement(org.openqa.selenium.By.xpath(reportgroup)).getText(): null

2018-06-14 17:25:39 - [TEST_STEP][PASSED] - Statement - If (reportgroupTxt == "AutomationGroup1"): null

2018-06-14 17:25:39 - [TEST_STEP][PASSED] - Statement - Else: null

2018-06-14 17:25:39 - [TEST_STEP][PASSED] - Statement - If (!(TCflag)): null

2018-06-14 17:25:39 - [TEST_STEP][PASSED] - Statement - reportgroup = "(//div[@class='ctable']/table/tbody/tr[@class='tdata clear'])[" + i + "]/td[7]": null

2018-06-14 17:25:39 - [TEST_STEP][PASSED] - Statement - reportgroupTxt = driver.findElement(org.openqa.selenium.By.xpath(reportgroup)).getText(): null

2018-06-14 17:25:39 - [TEST_STEP][PASSED] - Statement - If (reportgroupTxt == "AutomationGroup1"): null

2018-06-14 17:25:39 - [TEST_STEP][PASSED] - Statement - println("Report group has right group name"): null

2018-06-14 17:25:39 - [TEST_STEP][PASSED] - Statement - reportgroup = "(//div[@class='ctable']/table/tbody/tr[@class='tdata clear'])[" + i + "]/td[7]": null

2018-06-14 17:25:39 - [TEST_STEP][PASSED] - Statement - reportgroupTxt = driver.findElement(org.openqa.selenium.By.xpath(reportgroup)).getText(): null

2018-06-14 17:25:39 - [TEST_STEP][PASSED] - Statement - If (reportgroupTxt == "AutomationGroup1"): null

2018-06-14 17:25:39 - [TEST_STEP][PASSED] - Statement - println("Report group has right group name"): null

2018-06-14 17:25:39 - [TEST_STEP][PASSED] - Statement - reportgroup = "(//div[@class='ctable']/table/tbody/tr[@class='tdata clear'])[" + i + "]/td[7]": null

2018-06-14 17:25:39 - [TEST_STEP][PASSED] - Statement - reportgroupTxt = driver.findElement(org.openqa.selenium.By.xpath(reportgroup)).getText(): null

2018-06-14 17:25:39 - [TEST_STEP][PASSED] - Statement - If (reportgroupTxt == "AutomationGroup1"): null

2018-06-14 17:25:39 - [TEST_STEP][PASSED] - Statement - Else: null

2018-06-14 17:25:39 - [TEST_STEP][PASSED] - Statement - If (!(TCflag)): null

2018-06-14 17:25:39 - [TEST_STEP][PASSED] - Statement - reportgroup = "(//div[@class='ctable']/table/tbody/tr[@class='tdata clear'])[" + i + "]/td[7]": null

2018-06-14 17:25:39 - [TEST_STEP][PASSED] - Statement - reportgroupTxt = driver.findElement(org.openqa.selenium.By.xpath(reportgroup)).getText(): null

2018-06-14 17:25:39 - [TEST_STEP][PASSED] - Statement - If (reportgroupTxt == "AutomationGroup1"): null

2018-06-14 17:25:39 - [TEST_STEP][PASSED] - Statement - println("Report group has right group name"): null

2018-06-14 17:25:39 - [TEST_STEP][PASSED] - Statement - reportgroup = "(//div[@class='ctable']/table/tbody/tr[@class='tdata clear'])[" + i + "]/td[7]": null

2018-06-14 17:25:39 - [TEST_STEP][PASSED] - Statement - reportgroupTxt = driver.findElement(org.openqa.selenium.By.xpath(reportgroup)).getText(): null

2018-06-14 17:25:39 - [TEST_STEP][PASSED] - Statement - If (reportgroupTxt == "AutomationGroup1"): null

2018-06-14 17:25:39 - [TEST_STEP][PASSED] - Statement - println("Report group has right group name"): null

2018-06-14 17:25:39 - [TEST_STEP][PASSED] - Statement - reportgroup = "(//div[@class='ctable']/table/tbody/tr[@class='tdata clear'])[" + i + "]/td[7]": null

2018-06-14 17:25:39 - [TEST_STEP][PASSED] - Statement - reportgroupTxt = driver.findElement(org.openqa.selenium.By.xpath(reportgroup)).getText(): null

2018-06-14 17:25:39 - [TEST_STEP][PASSED] - Statement - If (reportgroupTxt == "AutomationGroup1"): null

2018-06-14 17:25:39 - [TEST_STEP][PASSED] - Statement - Else: null

2018-06-14 17:25:39 - [TEST_STEP][PASSED] - Statement - If (!(TCflag)): null

2018-06-14 17:25:39 - [TEST_STEP][PASSED] - Statement - reportgroup = "(//div[@class='ctable']/table/tbody/tr[@class='tdata clear'])[" + i + "]/td[7]": null

2018-06-14 17:25:39 - [TEST_STEP][PASSED] - Statement - reportgroupTxt = driver.findElement(org.openqa.selenium.By.xpath(reportgroup)).getText(): null

2018-06-14 17:25:39 - [TEST_STEP][PASSED] - Statement - If (reportgroupTxt == "AutomationGroup1"): null

2018-06-14 17:25:39 - [TEST_STEP][PASSED] - Statement - println("Report group has right group name"): null

2018-06-14 17:25:39 - [TEST_STEP][PASSED] - Statement - reportgroup = "(//div[@class='ctable']/table/tbody/tr[@class='tdata clear'])[" + i + "]/td[7]": null

2018-06-14 17:25:39 - [TEST_STEP][PASSED] - Statement - reportgroupTxt = driver.findElement(org.openqa.selenium.By.xpath(reportgroup)).getText(): null

2018-06-14 17:25:39 - [TEST_STEP][PASSED] - Statement - If (reportgroupTxt == "AutomationGroup1"): null

2018-06-14 17:25:39 - [TEST_STEP][PASSED] - Statement - println("Report group has right group name"): null

2018-06-14 17:25:39 - [TEST_STEP][PASSED] - Statement - reportgroup = "(//div[@class='ctable']/table/tbody/tr[@class='tdata clear'])[" + i + "]/td[7]": null

2018-06-14 17:25:39 - [TEST_STEP][PASSED] - Statement - reportgroupTxt = driver.findElement(org.openqa.selenium.By.xpath(reportgroup)).getText(): null

2018-06-14 17:25:39 - [TEST_STEP][PASSED] - Statement - If (reportgroupTxt == "AutomationGroup1"): null

2018-06-14 17:25:39 - [TEST_STEP][PASSED] - Statement - println("Report group has right group name"): null

2018-06-14 17:25:39 - [TEST_STEP][PASSED] - Statement - reportgroup = "(//div[@class='ctable']/table/tbody/tr[@class='tdata clear'])[" + i + "]/td[7]": null

2018-06-14 17:25:39 - [TEST_STEP][PASSED] - Statement - reportgroupTxt = driver.findElement(org.openqa.selenium.By.xpath(reportgroup)).getText(): null

2018-06-14 17:25:39 - [TEST_STEP][PASSED] - Statement - If (reportgroupTxt == "AutomationGroup1"): null

2018-06-14 17:25:39 - [TEST_STEP][PASSED] - Statement - println("Report group has right group name"): null

2018-06-14 17:25:39 - [TEST_STEP][PASSED] - Statement - reportgroup = "(//div[@class='ctable']/table/tbody/tr[@class='tdata clear'])[" + i + "]/td[7]": null

2018-06-14 17:25:39 - [TEST_STEP][PASSED] - Statement - reportgroupTxt = driver.findElement(org.openqa.selenium.By.xpath(reportgroup)).getText(): null

2018-06-14 17:25:39 - [TEST_STEP][PASSED] - Statement - If (reportgroupTxt == "AutomationGroup1"): null

2018-06-14 17:25:39 - [TEST_STEP][PASSED] - Statement - println("Report group has right group name"): null

2018-06-14 17:25:39 - [TEST_STEP][PASSED] - Statement - reportgroup = "(//div[@class='ctable']/table/tbody/tr[@class='tdata clear'])[" + i + "]/td[7]": null

2018-06-14 17:25:39 - [TEST_STEP][PASSED] - Statement - reportgroupTxt = driver.findElement(org.openqa.selenium.By.xpath(reportgroup)).getText(): null

2018-06-14 17:25:39 - [TEST_STEP][PASSED] - Statement - If (reportgroupTxt == "AutomationGroup1"): null

2018-06-14 17:25:39 - [TEST_STEP][PASSED] - Statement - Else: null

2018-06-14 17:25:39 - [TEST_STEP][PASSED] - Statement - If (!(TCflag)): null

2018-06-14 17:25:39 - [TEST_STEP][PASSED] - Statement - reportgroup = "(//div[@class='ctable']/table/tbody/tr[@class='tdata clear'])[" + i + "]/td[7]": null

2018-06-14 17:25:39 - [TEST_STEP][PASSED] - Statement - reportgroupTxt = driver.findElement(org.openqa.selenium.By.xpath(reportgroup)).getText(): null

2018-06-14 17:25:39 - [TEST_STEP][PASSED] - Statement - If (reportgroupTxt == "AutomationGroup1"): null

2018-06-14 17:25:39 - [TEST_STEP][PASSED] - Statement - Else: null

2018-06-14 17:25:39 - [TEST_STEP][PASSED] - Statement - If (!(TCflag)): null

2018-06-14 17:25:39 - [TEST_STEP][PASSED] - Statement - reportgroup = "(//div[@class='ctable']/table/tbody/tr[@class='tdata clear'])[" + i + "]/td[7]": null

2018-06-14 17:25:39 - [TEST_STEP][PASSED] - Statement - reportgroupTxt = driver.findElement(org.openqa.selenium.By.xpath(reportgroup)).getText(): null

2018-06-14 17:25:39 - [TEST_STEP][PASSED] - Statement - If (reportgroupTxt == "AutomationGroup1"): null

2018-06-14 17:25:39 - [TEST_STEP][PASSED] - Statement - println("Report group has right group name"): null

2018-06-14 17:25:39 - [TEST_STEP][PASSED] - Statement - reportgroup = "(//div[@class='ctable']/table/tbody/tr[@class='tdata clear'])[" + i + "]/td[7]": null

2018-06-14 17:25:39 - [TEST_STEP][PASSED] - Statement - reportgroupTxt = driver.findElement(org.openqa.selenium.By.xpath(reportgroup)).getText(): null

2018-06-14 17:25:39 - [TEST_STEP][PASSED] - Statement - If (reportgroupTxt == "AutomationGroup1"): null

2018-06-14 17:25:39 - [TEST_STEP][PASSED] - Statement - println("Report group has right group name"): null

2018-06-14 17:25:39 - [TEST_STEP][PASSED] - Statement - reportgroup = "(//div[@class='ctable']/table/tbody/tr[@class='tdata clear'])[" + i + "]/td[7]": null

2018-06-14 17:25:39 - [TEST_STEP][PASSED] - Statement - reportgroupTxt = driver.findElement(org.openqa.selenium.By.xpath(reportgroup)).getText(): null

2018-06-14 17:25:39 - [TEST_STEP][PASSED] - Statement - If (reportgroupTxt == "AutomationGroup1"): null

2018-06-14 17:25:39 - [TEST_STEP][PASSED] - Statement - println("Report group has right group name"): null

2018-06-14 17:25:39 - [TEST_STEP][PASSED] - Statement - reportgroup = "(//div[@class='ctable']/table/tbody/tr[@class='tdata clear'])[" + i + "]/td[7]": null

2018-06-14 17:25:39 - [TEST_STEP][PASSED] - Statement - reportgroupTxt = driver.findElement(org.openqa.selenium.By.xpath(reportgroup)).getText(): null

2018-06-14 17:25:39 - [TEST_STEP][PASSED] - Statement - If (reportgroupTxt == "AutomationGroup1"): null

2018-06-14 17:25:39 - [TEST_STEP][PASSED] - Statement - println("Report group has right group name"): null

2018-06-14 17:25:39 - [TEST_STEP][PASSED] - Statement - reportgroup = "(//div[@class='ctable']/table/tbody/tr[@class='tdata clear'])[" + i + "]/td[7]": null

2018-06-14 17:25:39 - [TEST_STEP][PASSED] - Statement - reportgroupTxt = driver.findElement(org.openqa.selenium.By.xpath(reportgroup)).getText(): null

2018-06-14 17:25:39 - [TEST_STEP][PASSED] - Statement - If (reportgroupTxt == "AutomationGroup1"): null

2018-06-14 17:25:39 - [TEST_STEP][PASSED] - Statement - println("Report group has right group name"): null

2018-06-14 17:25:39 - [TEST_STEP][PASSED] - Statement - reportgroup = "(//div[@class='ctable']/table/tbody/tr[@class='tdata clear'])[" + i + "]/td[7]": null

2018-06-14 17:25:39 - [TEST_STEP][PASSED] - Statement - reportgroupTxt = driver.findElement(org.openqa.selenium.By.xpath(reportgroup)).getText(): null

2018-06-14 17:25:39 - [TEST_STEP][PASSED] - Statement - If (reportgroupTxt == "AutomationGroup1"): null

2018-06-14 17:25:39 - [TEST_STEP][PASSED] - Statement - println("Report group has right group name"): null

2018-06-14 17:25:39 - [TEST_STEP][PASSED] - Statement - reportgroup = "(//div[@class='ctable']/table/tbody/tr[@class='tdata clear'])[" + i + "]/td[7]": null

2018-06-14 17:25:39 - [TEST_STEP][PASSED] - Statement - reportgroupTxt = driver.findElement(org.openqa.selenium.By.xpath(reportgroup)).getText(): null

2018-06-14 17:25:39 - [TEST_STEP][PASSED] - Statement - If (reportgroupTxt == "AutomationGroup1"): null

2018-06-14 17:25:39 - [TEST_STEP][PASSED] - Statement - println("Report group has right group name"): null

2018-06-14 17:25:39 - [TEST_STEP][PASSED] - Statement - reportgroup = "(//div[@class='ctable']/table/tbody/tr[@class='tdata clear'])[" + i + "]/td[7]": null

2018-06-14 17:25:39 - [TEST_STEP][PASSED] - Statement - reportgroupTxt = driver.findElement(org.openqa.selenium.By.xpath(reportgroup)).getText(): null

2018-06-14 17:25:40 - [TEST_STEP][PASSED] - Statement - If (reportgroupTxt == "AutomationGroup1"): null

2018-06-14 17:25:40 - [TEST_STEP][PASSED] - Statement - println("Report group has right group name"): null

2018-06-14 17:25:40 - [TEST_STEP][PASSED] - Statement - reportgroup = "(//div[@class='ctable']/table/tbody/tr[@class='tdata clear'])[" + i + "]/td[7]": null

2018-06-14 17:25:40 - [TEST_STEP][PASSED] - Statement - reportgroupTxt = driver.findElement(org.openqa.selenium.By.xpath(reportgroup)).getText(): null

2018-06-14 17:25:40 - [TEST_STEP][PASSED] - Statement - If (reportgroupTxt == "AutomationGroup1"): null

2018-06-14 17:25:40 - [TEST_STEP][PASSED] - Statement - println("Report group has right group name"): null

2018-06-14 17:25:40 - [TEST_STEP][PASSED] - Statement - reportgroup = "(//div[@class='ctable']/table/tbody/tr[@class='tdata clear'])[" + i + "]/td[7]": null

2018-06-14 17:25:40 - [TEST_STEP][PASSED] - Statement - reportgroupTxt = driver.findElement(org.openqa.selenium.By.xpath(reportgroup)).getText(): null

2018-06-14 17:25:40 - [TEST_STEP][PASSED] - Statement - If (reportgroupTxt == "AutomationGroup1"): null

2018-06-14 17:25:40 - [TEST_STEP][PASSED] - Statement - println("Report group has right group name"): null

2018-06-14 17:25:40 - [TEST_STEP][PASSED] - Statement - reportgroup = "(//div[@class='ctable']/table/tbody/tr[@class='tdata clear'])[" + i + "]/td[7]": null

2018-06-14 17:25:40 - [TEST_STEP][PASSED] - Statement - reportgroupTxt = driver.findElement(org.openqa.selenium.By.xpath(reportgroup)).getText(): null

2018-06-14 17:25:40 - [TEST_STEP][PASSED] - Statement - If (reportgroupTxt == "AutomationGroup1"): null

2018-06-14 17:25:40 - [TEST_STEP][PASSED] - Statement - Else: null

2018-06-14 17:25:40 - [TEST_STEP][PASSED] - Statement - If (!(TCflag)): null

2018-06-14 17:25:40 - [TEST_STEP][PASSED] - Statement - reportgroup = "(//div[@class='ctable']/table/tbody/tr[@class='tdata clear'])[" + i + "]/td[7]": null

2018-06-14 17:25:40 - [TEST_STEP][PASSED] - Statement - reportgroupTxt = driver.findElement(org.openqa.selenium.By.xpath(reportgroup)).getText(): null

2018-06-14 17:25:40 - [TEST_STEP][PASSED] - Statement - If (reportgroupTxt == "AutomationGroup1"): null

2018-06-14 17:25:40 - [TEST_STEP][PASSED] - Statement - println("Report group has right group name"): null

2018-06-14 17:25:40 - [TEST_STEP][PASSED] - Statement - reportgroup = "(//div[@class='ctable']/table/tbody/tr[@class='tdata clear'])[" + i + "]/td[7]": null

2018-06-14 17:25:40 - [TEST_STEP][PASSED] - Statement - reportgroupTxt = driver.findElement(org.openqa.selenium.By.xpath(reportgroup)).getText(): null

2018-06-14 17:25:40 - [TEST_STEP][PASSED] - Statement - If (reportgroupTxt == "AutomationGroup1"): null

2018-06-14 17:25:40 - [TEST_STEP][PASSED] - Statement - println("Report group has right group name"): null

2018-06-14 17:25:40 - [TEST_STEP][PASSED] - Statement - reportgroup = "(//div[@class='ctable']/table/tbody/tr[@class='tdata clear'])[" + i + "]/td[7]": null

2018-06-14 17:25:40 - [TEST_STEP][PASSED] - Statement - reportgroupTxt = driver.findElement(org.openqa.selenium.By.xpath(reportgroup)).getText(): null

2018-06-14 17:25:40 - [TEST_STEP][PASSED] - Statement - If (reportgroupTxt == "AutomationGroup1"): null

2018-06-14 17:25:40 - [TEST_STEP][PASSED] - Statement - println("Report group has right group name"): null

2018-06-14 17:25:40 - [TEST_STEP][PASSED] - Statement - reportgroup = "(//div[@class='ctable']/table/tbody/tr[@class='tdata clear'])[" + i + "]/td[7]": null

2018-06-14 17:25:40 - [TEST_STEP][PASSED] - Statement - reportgroupTxt = driver.findElement(org.openqa.selenium.By.xpath(reportgroup)).getText(): null

2018-06-14 17:25:40 - [TEST_STEP][PASSED] - Statement - If (reportgroupTxt == "AutomationGroup1"): null

2018-06-14 17:25:40 - [TEST_STEP][PASSED] - Statement - println("Report group has right group name"): null

2018-06-14 17:25:40 - [TEST_STEP][PASSED] - Statement - reportgroup = "(//div[@class='ctable']/table/tbody/tr[@class='tdata clear'])[" + i + "]/td[7]": null

2018-06-14 17:25:40 - [TEST_STEP][PASSED] - Statement - reportgroupTxt = driver.findElement(org.openqa.selenium.By.xpath(reportgroup)).getText(): null

2018-06-14 17:25:40 - [TEST_STEP][PASSED] - Statement - If (reportgroupTxt == "AutomationGroup1"): null

2018-06-14 17:25:40 - [TEST_STEP][PASSED] - Statement - Else: null

2018-06-14 17:25:40 - [TEST_STEP][PASSED] - Statement - If (!(TCflag)): null

2018-06-14 17:25:40 - [TEST_STEP][PASSED] - Statement - reportgroup = "(//div[@class='ctable']/table/tbody/tr[@class='tdata clear'])[" + i + "]/td[7]": null

2018-06-14 17:25:40 - [TEST_STEP][PASSED] - Statement - reportgroupTxt = driver.findElement(org.openqa.selenium.By.xpath(reportgroup)).getText(): null

2018-06-14 17:25:40 - [TEST_STEP][PASSED] - Statement - If (reportgroupTxt == "AutomationGroup1"): null

2018-06-14 17:25:40 - [TEST_STEP][PASSED] - Statement - Else: null

2018-06-14 17:25:40 - [TEST_STEP][PASSED] - Statement - If (!(TCflag)): null

2018-06-14 17:25:40 - [TEST_STEP][PASSED] - Statement - reportgroup = "(//div[@class='ctable']/table/tbody/tr[@class='tdata clear'])[" + i + "]/td[7]": null

2018-06-14 17:25:40 - [TEST_STEP][PASSED] - Statement - reportgroupTxt = driver.findElement(org.openqa.selenium.By.xpath(reportgroup)).getText(): null

2018-06-14 17:25:40 - [TEST_STEP][PASSED] - Statement - If (reportgroupTxt == "AutomationGroup1"): null

2018-06-14 17:25:40 - [TEST_STEP][PASSED] - Statement - Else: null

2018-06-14 17:25:40 - [TEST_STEP][PASSED] - Statement - If (!(TCflag)): null

2018-06-14 17:25:40 - [TEST_STEP][PASSED] - Statement - reportgroup = "(//div[@class='ctable']/table/tbody/tr[@class='tdata clear'])[" + i + "]/td[7]": null

2018-06-14 17:25:40 - [TEST_STEP][PASSED] - Statement - reportgroupTxt = driver.findElement(org.openqa.selenium.By.xpath(reportgroup)).getText(): null

2018-06-14 17:25:40 - [TEST_STEP][PASSED] - Statement - If (reportgroupTxt == "AutomationGroup1"): null

2018-06-14 17:25:40 - [TEST_STEP][PASSED] - Statement - println("Report group has right group name"): null

2018-06-14 17:25:40 - [TEST_STEP][PASSED] - Statement - reportgroup = "(//div[@class='ctable']/table/tbody/tr[@class='tdata clear'])[" + i + "]/td[7]": null

2018-06-14 17:25:40 - [TEST_STEP][PASSED] - Statement - reportgroupTxt = driver.findElement(org.openqa.selenium.By.xpath(reportgroup)).getText(): null

2018-06-14 17:25:40 - [TEST_STEP][PASSED] - Statement - If (reportgroupTxt == "AutomationGroup1"): null

2018-06-14 17:25:40 - [TEST_STEP][PASSED] - Statement - println("Report group has right group name"): null

2018-06-14 17:25:40 - [TEST_STEP][PASSED] - Statement - reportgroup = "(//div[@class='ctable']/table/tbody/tr[@class='tdata clear'])[" + i + "]/td[7]": null

2018-06-14 17:25:40 - [TEST_STEP][PASSED] - Statement - reportgroupTxt = driver.findElement(org.openqa.selenium.By.xpath(reportgroup)).getText(): null

2018-06-14 17:25:40 - [TEST_STEP][PASSED] - Statement - If (reportgroupTxt == "AutomationGroup1"): null

2018-06-14 17:25:40 - [TEST_STEP][PASSED] - Statement - println("Report group has right group name"): null

2018-06-14 17:25:40 - [TEST_STEP][PASSED] - Statement - reportgroup = "(//div[@class='ctable']/table/tbody/tr[@class='tdata clear'])[" + i + "]/td[7]": null

2018-06-14 17:25:40 - [TEST_STEP][PASSED] - Statement - reportgroupTxt = driver.findElement(org.openqa.selenium.By.xpath(reportgroup)).getText(): null

2018-06-14 17:25:40 - [TEST_STEP][PASSED] - Statement - If (reportgroupTxt == "AutomationGroup1"): null

2018-06-14 17:25:40 - [TEST_STEP][PASSED] - Statement - println("Report group has right group name"): null

2018-06-14 17:25:40 - [TEST_STEP][PASSED] - Statement - reportgroup = "(//div[@class='ctable']/table/tbody/tr[@class='tdata clear'])[" + i + "]/td[7]": null

2018-06-14 17:25:40 - [TEST_STEP][PASSED] - Statement - reportgroupTxt = driver.findElement(org.openqa.selenium.By.xpath(reportgroup)).getText(): null

2018-06-14 17:25:40 - [TEST_STEP][PASSED] - Statement - If (reportgroupTxt == "AutomationGroup1"): null

2018-06-14 17:25:40 - [TEST_STEP][PASSED] - Statement - println("Report group has right group name"): null

2018-06-14 17:25:40 - [TEST_STEP][PASSED] - Statement - reportgroup = "(//div[@class='ctable']/table/tbody/tr[@class='tdata clear'])[" + i + "]/td[7]": null

2018-06-14 17:25:40 - [TEST_STEP][PASSED] - Statement - reportgroupTxt = driver.findElement(org.openqa.selenium.By.xpath(reportgroup)).getText(): null

2018-06-14 17:25:40 - [TEST_STEP][PASSED] - Statement - If (reportgroupTxt == "AutomationGroup1"): null

2018-06-14 17:25:40 - [TEST_STEP][PASSED] - Statement - println("Report group has right group name"): null

2018-06-14 17:25:40 - [TEST_STEP][PASSED] - Statement - reportgroup = "(//div[@class='ctable']/table/tbody/tr[@class='tdata clear'])[" + i + "]/td[7]": null

2018-06-14 17:25:40 - [TEST_STEP][PASSED] - Statement - reportgroupTxt = driver.findElement(org.openqa.selenium.By.xpath(reportgroup)).getText(): null

2018-06-14 17:25:40 - [TEST_STEP][PASSED] - Statement - If (reportgroupTxt == "AutomationGroup1"): null

2018-06-14 17:25:40 - [TEST_STEP][PASSED] - Statement - println("Report group has right group name"): null

2018-06-14 17:25:40 - [TEST_STEP][PASSED] - Statement - reportgroup = "(//div[@class='ctable']/table/tbody/tr[@class='tdata clear'])[" + i + "]/td[7]": null

2018-06-14 17:25:40 - [TEST_STEP][PASSED] - Statement - reportgroupTxt = driver.findElement(org.openqa.selenium.By.xpath(reportgroup)).getText(): null

2018-06-14 17:25:40 - [TEST_STEP][PASSED] - Statement - If (reportgroupTxt == "AutomationGroup1"): null

2018-06-14 17:25:40 - [TEST_STEP][PASSED] - Statement - println("Report group has right group name"): null

2018-06-14 17:25:40 - [TEST_STEP][PASSED] - Statement - reportgroup = "(//div[@class='ctable']/table/tbody/tr[@class='tdata clear'])[" + i + "]/td[7]": null

2018-06-14 17:25:40 - [TEST_STEP][PASSED] - Statement - reportgroupTxt = driver.findElement(org.openqa.selenium.By.xpath(reportgroup)).getText(): null

2018-06-14 17:25:40 - [TEST_STEP][PASSED] - Statement - If (reportgroupTxt == "AutomationGroup1"): null

2018-06-14 17:25:40 - [TEST_STEP][PASSED] - Statement - Else: null

2018-06-14 17:25:40 - [TEST_STEP][PASSED] - Statement - If (!(TCflag)): null

2018-06-14 17:25:40 - [TEST_STEP][PASSED] - Statement - reportgroup = "(//div[@class='ctable']/table/tbody/tr[@class='tdata clear'])[" + i + "]/td[7]": null

2018-06-14 17:25:40 - [TEST_STEP][PASSED] - Statement - reportgroupTxt = driver.findElement(org.openqa.selenium.By.xpath(reportgroup)).getText(): null

2018-06-14 17:25:40 - [TEST_STEP][PASSED] - Statement - If (reportgroupTxt == "AutomationGroup1"): null

2018-06-14 17:25:40 - [TEST_STEP][PASSED] - Statement - println("Report group has right group name"): null

2018-06-14 17:25:40 - [TEST_STEP][PASSED] - Statement - reportgroup = "(//div[@class='ctable']/table/tbody/tr[@class='tdata clear'])[" + i + "]/td[7]": null

2018-06-14 17:25:40 - [TEST_STEP][PASSED] - Statement - reportgroupTxt = driver.findElement(org.openqa.selenium.By.xpath(reportgroup)).getText(): null

2018-06-14 17:25:40 - [TEST_STEP][PASSED] - Statement - If (reportgroupTxt == "AutomationGroup1"): null

2018-06-14 17:25:40 - [TEST_STEP][PASSED] - Statement - println("Report group has right group name"): null

2018-06-14 17:25:40 - [TEST_STEP][PASSED] - Statement - reportgroup = "(//div[@class='ctable']/table/tbody/tr[@class='tdata clear'])[" + i + "]/td[7]": null

2018-06-14 17:25:40 - [TEST_STEP][PASSED] - Statement - reportgroupTxt = driver.findElement(org.openqa.selenium.By.xpath(reportgroup)).getText(): null

2018-06-14 17:25:40 - [TEST_STEP][PASSED] - Statement - If (reportgroupTxt == "AutomationGroup1"): null

2018-06-14 17:25:40 - [TEST_STEP][PASSED] - Statement - println("Report group has right group name"): null

2018-06-14 17:25:40 - [TEST_STEP][PASSED] - Statement - reportgroup = "(//div[@class='ctable']/table/tbody/tr[@class='tdata clear'])[" + i + "]/td[7]": null

2018-06-14 17:25:40 - [TEST_STEP][PASSED] - Statement - reportgroupTxt = driver.findElement(org.openqa.selenium.By.xpath(reportgroup)).getText(): null

2018-06-14 17:25:40 - [TEST_STEP][PASSED] - Statement - If (reportgroupTxt == "AutomationGroup1"): null

2018-06-14 17:25:40 - [TEST_STEP][PASSED] - Statement - println("Report group has right group name"): null

2018-06-14 17:25:40 - [TEST_STEP][PASSED] - Statement - reportgroup = "(//div[@class='ctable']/table/tbody/tr[@class='tdata clear'])[" + i + "]/td[7]": null

2018-06-14 17:25:40 - [TEST_STEP][PASSED] - Statement - reportgroupTxt = driver.findElement(org.openqa.selenium.By.xpath(reportgroup)).getText(): null

2018-06-14 17:25:40 - [TEST_STEP][PASSED] - Statement - If (reportgroupTxt == "AutomationGroup1"): null

2018-06-14 17:25:40 - [TEST_STEP][PASSED] - Statement - println("Report group has right group name"): null

2018-06-14 17:25:40 - [TEST_STEP][PASSED] - Statement - reportgroup = "(//div[@class='ctable']/table/tbody/tr[@class='tdata clear'])[" + i + "]/td[7]": null

2018-06-14 17:25:40 - [TEST_STEP][PASSED] - Statement - reportgroupTxt = driver.findElement(org.openqa.selenium.By.xpath(reportgroup)).getText(): null

2018-06-14 17:25:40 - [TEST_STEP][PASSED] - Statement - If (reportgroupTxt == "AutomationGroup1"): null

2018-06-14 17:25:40 - [TEST_STEP][PASSED] - Statement - println("Report group has right group name"): null

2018-06-14 17:25:40 - [TEST_STEP][PASSED] - Statement - reportgroup = "(//div[@class='ctable']/table/tbody/tr[@class='tdata clear'])[" + i + "]/td[7]": null

2018-06-14 17:25:40 - [TEST_STEP][PASSED] - Statement - reportgroupTxt = driver.findElement(org.openqa.selenium.By.xpath(reportgroup)).getText(): null

2018-06-14 17:25:40 - [TEST_STEP][PASSED] - Statement - If (reportgroupTxt == "AutomationGroup1"): null

2018-06-14 17:25:40 - [TEST_STEP][PASSED] - Statement - println("Report group has right group name"): null

2018-06-14 17:25:40 - [TEST_STEP][PASSED] - Statement - reportgroup = "(//div[@class='ctable']/table/tbody/tr[@class='tdata clear'])[" + i + "]/td[7]": null

2018-06-14 17:25:40 - [TEST_STEP][PASSED] - Statement - reportgroupTxt = driver.findElement(org.openqa.selenium.By.xpath(reportgroup)).getText(): null

2018-06-14 17:25:40 - [TEST_STEP][PASSED] - Statement - If (reportgroupTxt == "AutomationGroup1"): null

2018-06-14 17:25:40 - [TEST_STEP][PASSED] - Statement - Else: null

2018-06-14 17:25:40 - [TEST_STEP][PASSED] - Statement - If (!(TCflag)): null

2018-06-14 17:25:40 - [TEST_STEP][PASSED] - Statement - reportgroup = "(//div[@class='ctable']/table/tbody/tr[@class='tdata clear'])[" + i + "]/td[7]": null

2018-06-14 17:25:40 - [TEST_STEP][PASSED] - Statement - reportgroupTxt = driver.findElement(org.openqa.selenium.By.xpath(reportgroup)).getText(): null

2018-06-14 17:25:40 - [TEST_STEP][PASSED] - Statement - If (reportgroupTxt == "AutomationGroup1"): null

2018-06-14 17:25:40 - [TEST_STEP][PASSED] - Statement - println("Report group has right group name"): null

2018-06-14 17:25:40 - [TEST_STEP][PASSED] - Statement - reportgroup = "(//div[@class='ctable']/table/tbody/tr[@class='tdata clear'])[" + i + "]/td[7]": null

2018-06-14 17:25:40 - [TEST_STEP][PASSED] - Statement - reportgroupTxt = driver.findElement(org.openqa.selenium.By.xpath(reportgroup)).getText(): null

2018-06-14 17:25:40 - [TEST_STEP][PASSED] - Statement - If (reportgroupTxt == "AutomationGroup1"): null

2018-06-14 17:25:40 - [TEST_STEP][PASSED] - Statement - println("Report group has right group name"): null

2018-06-14 17:25:40 - [TEST_STEP][PASSED] - Statement - reportgroup = "(//div[@class='ctable']/table/tbody/tr[@class='tdata clear'])[" + i + "]/td[7]": null

2018-06-14 17:25:40 - [TEST_STEP][PASSED] - Statement - reportgroupTxt = driver.findElement(org.openqa.selenium.By.xpath(reportgroup)).getText(): null

2018-06-14 17:25:40 - [TEST_STEP][PASSED] - Statement - If (reportgroupTxt == "AutomationGroup1"): null

2018-06-14 17:25:40 - [TEST_STEP][PASSED] - Statement - Else: null

2018-06-14 17:25:40 - [TEST_STEP][PASSED] - Statement - If (!(TCflag)): null

2018-06-14 17:25:40 - [TEST_STEP][PASSED] - Statement - reportgroup = "(//div[@class='ctable']/table/tbody/tr[@class='tdata clear'])[" + i + "]/td[7]": null

2018-06-14 17:25:40 - [TEST_STEP][PASSED] - Statement - reportgroupTxt = driver.findElement(org.openqa.selenium.By.xpath(reportgroup)).getText(): null

2018-06-14 17:25:40 - [TEST_STEP][PASSED] - Statement - If (reportgroupTxt == "AutomationGroup1"): null

2018-06-14 17:25:40 - [TEST_STEP][PASSED] - Statement - println("Report group has right group name"): null

2018-06-14 17:25:40 - [TEST_STEP][PASSED] - Statement - reportgroup = "(//div[@class='ctable']/table/tbody/tr[@class='tdata clear'])[" + i + "]/td[7]": null

2018-06-14 17:25:40 - [TEST_STEP][PASSED] - Statement - reportgroupTxt = driver.findElement(org.openqa.selenium.By.xpath(reportgroup)).getText(): null

2018-06-14 17:25:40 - [TEST_STEP][PASSED] - Statement - If (reportgroupTxt == "AutomationGroup1"): null

2018-06-14 17:25:40 - [TEST_STEP][PASSED] - Statement - println("Report group has right group name"): null

2018-06-14 17:25:40 - [TEST_STEP][PASSED] - Statement - reportgroup = "(//div[@class='ctable']/table/tbody/tr[@class='tdata clear'])[" + i + "]/td[7]": null

2018-06-14 17:25:40 - [TEST_STEP][PASSED] - Statement - reportgroupTxt = driver.findElement(org.openqa.selenium.By.xpath(reportgroup)).getText(): null

2018-06-14 17:25:40 - [TEST_STEP][PASSED] - Statement - If (reportgroupTxt == "AutomationGroup1"): null

2018-06-14 17:25:40 - [TEST_STEP][PASSED] - Statement - println("Report group has right group name"): null

2018-06-14 17:25:40 - [TEST_STEP][PASSED] - Statement - reportgroup = "(//div[@class='ctable']/table/tbody/tr[@class='tdata clear'])[" + i + "]/td[7]": null

2018-06-14 17:25:40 - [TEST_STEP][PASSED] - Statement - reportgroupTxt = driver.findElement(org.openqa.selenium.By.xpath(reportgroup)).getText(): null

2018-06-14 17:25:40 - [TEST_STEP][PASSED] - Statement - If (reportgroupTxt == "AutomationGroup1"): null

2018-06-14 17:25:40 - [TEST_STEP][PASSED] - Statement - println("Report group has right group name"): null

2018-06-14 17:25:40 - [TEST_STEP][PASSED] - Statement - reportgroup = "(//div[@class='ctable']/table/tbody/tr[@class='tdata clear'])[" + i + "]/td[7]": null

2018-06-14 17:25:40 - [TEST_STEP][PASSED] - Statement - reportgroupTxt = driver.findElement(org.openqa.selenium.By.xpath(reportgroup)).getText(): null

2018-06-14 17:25:41 - [TEST_STEP][PASSED] - Statement - If (reportgroupTxt == "AutomationGroup1"): null

2018-06-14 17:25:41 - [TEST_STEP][PASSED] - Statement - println("Report group has right group name"): null

2018-06-14 17:25:41 - [TEST_STEP][PASSED] - Statement - reportgroup = "(//div[@class='ctable']/table/tbody/tr[@class='tdata clear'])[" + i + "]/td[7]": null

2018-06-14 17:25:41 - [TEST_STEP][PASSED] - Statement - reportgroupTxt = driver.findElement(org.openqa.selenium.By.xpath(reportgroup)).getText(): null

2018-06-14 17:25:41 - [TEST_STEP][PASSED] - Statement - If (reportgroupTxt == "AutomationGroup1"): null

2018-06-14 17:25:41 - [TEST_STEP][PASSED] - Statement - Else: null

2018-06-14 17:25:41 - [TEST_STEP][PASSED] - Statement - If (!(TCflag)): null

2018-06-14 17:25:41 - [TEST_STEP][PASSED] - Statement - reportgroup = "(//div[@class='ctable']/table/tbody/tr[@class='tdata clear'])[" + i + "]/td[7]": null

2018-06-14 17:25:41 - [TEST_STEP][PASSED] - Statement - reportgroupTxt = driver.findElement(org.openqa.selenium.By.xpath(reportgroup)).getText(): null

2018-06-14 17:25:41 - [TEST_STEP][PASSED] - Statement - If (reportgroupTxt == "AutomationGroup1"): null

2018-06-14 17:25:41 - [TEST_STEP][PASSED] - Statement - println("Report group has right group name"): null

2018-06-14 17:25:41 - [TEST_STEP][PASSED] - Statement - reportgroup = "(//div[@class='ctable']/table/tbody/tr[@class='tdata clear'])[" + i + "]/td[7]": null

2018-06-14 17:25:41 - [TEST_STEP][PASSED] - Statement - reportgroupTxt = driver.findElement(org.openqa.selenium.By.xpath(reportgroup)).getText(): null

2018-06-14 17:25:41 - [TEST_STEP][PASSED] - Statement - If (reportgroupTxt == "AutomationGroup1"): null

2018-06-14 17:25:41 - [TEST_STEP][PASSED] - Statement - println("Report group has right group name"): null

2018-06-14 17:25:41 - [TEST_STEP][PASSED] - Statement - reportgroup = "(//div[@class='ctable']/table/tbody/tr[@class='tdata clear'])[" + i + "]/td[7]": null

2018-06-14 17:25:41 - [TEST_STEP][PASSED] - Statement - reportgroupTxt = driver.findElement(org.openqa.selenium.By.xpath(reportgroup)).getText(): null

2018-06-14 17:25:41 - [TEST_STEP][PASSED] - Statement - If (reportgroupTxt == "AutomationGroup1"): null

2018-06-14 17:25:41 - [TEST_STEP][PASSED] - Statement - Else: null

2018-06-14 17:25:41 - [TEST_STEP][PASSED] - Statement - If (!(TCflag)): null

2018-06-14 17:25:41 - [TEST_STEP][PASSED] - Statement - reportgroup = "(//div[@class='ctable']/table/tbody/tr[@class='tdata clear'])[" + i + "]/td[7]": null

2018-06-14 17:25:41 - [TEST_STEP][PASSED] - Statement - reportgroupTxt = driver.findElement(org.openqa.selenium.By.xpath(reportgroup)).getText(): null

2018-06-14 17:25:41 - [TEST_STEP][PASSED] - Statement - If (reportgroupTxt == "AutomationGroup1"): null

2018-06-14 17:25:41 - [TEST_STEP][PASSED] - Statement - println("Report group has right group name"): null

2018-06-14 17:25:41 - [TEST_STEP][PASSED] - Statement - reportgroup = "(//div[@class='ctable']/table/tbody/tr[@class='tdata clear'])[" + i + "]/td[7]": null

2018-06-14 17:25:41 - [TEST_STEP][PASSED] - Statement - reportgroupTxt = driver.findElement(org.openqa.selenium.By.xpath(reportgroup)).getText(): null

2018-06-14 17:25:41 - [TEST_STEP][PASSED] - Statement - If (reportgroupTxt == "AutomationGroup1"): null

2018-06-14 17:25:41 - [TEST_STEP][PASSED] - Statement - Else: null

2018-06-14 17:25:41 - [TEST_STEP][PASSED] - Statement - If (!(TCflag)): null

2018-06-14 17:25:41 - [TEST_STEP][PASSED] - Statement - reportgroup = "(//div[@class='ctable']/table/tbody/tr[@class='tdata clear'])[" + i + "]/td[7]": null

2018-06-14 17:25:41 - [TEST_STEP][PASSED] - Statement - reportgroupTxt = driver.findElement(org.openqa.selenium.By.xpath(reportgroup)).getText(): null

2018-06-14 17:25:41 - [TEST_STEP][PASSED] - Statement - If (reportgroupTxt == "AutomationGroup1"): null

2018-06-14 17:25:41 - [TEST_STEP][PASSED] - Statement - println("Report group has right group name"): null

2018-06-14 17:25:41 - [TEST_STEP][PASSED] - Statement - reportgroup = "(//div[@class='ctable']/table/tbody/tr[@class='tdata clear'])[" + i + "]/td[7]": null

2018-06-14 17:25:41 - [TEST_STEP][PASSED] - Statement - reportgroupTxt = driver.findElement(org.openqa.selenium.By.xpath(reportgroup)).getText(): null

2018-06-14 17:25:41 - [TEST_STEP][PASSED] - Statement - If (reportgroupTxt == "AutomationGroup1"): null

2018-06-14 17:25:41 - [TEST_STEP][PASSED] - Statement - println("Report group has right group name"): null

2018-06-14 17:25:41 - [TEST_STEP][PASSED] - Statement - reportgroup = "(//div[@class='ctable']/table/tbody/tr[@class='tdata clear'])[" + i + "]/td[7]": null

2018-06-14 17:25:41 - [TEST_STEP][PASSED] - Statement - reportgroupTxt = driver.findElement(org.openqa.selenium.By.xpath(reportgroup)).getText(): null

2018-06-14 17:25:41 - [TEST_STEP][PASSED] - Statement - If (reportgroupTxt == "AutomationGroup1"): null

2018-06-14 17:25:41 - [TEST_STEP][PASSED] - Statement - println("Report group has right group name"): null

2018-06-14 17:25:41 - [TEST_STEP][PASSED] - Statement - reportgroup = "(//div[@class='ctable']/table/tbody/tr[@class='tdata clear'])[" + i + "]/td[7]": null

2018-06-14 17:25:41 - [TEST_STEP][PASSED] - Statement - reportgroupTxt = driver.findElement(org.openqa.selenium.By.xpath(reportgroup)).getText(): null

2018-06-14 17:25:41 - [TEST_STEP][PASSED] - Statement - If (reportgroupTxt == "AutomationGroup1"): null

2018-06-14 17:25:41 - [TEST_STEP][PASSED] - Statement - Else: null

2018-06-14 17:25:41 - [TEST_STEP][PASSED] - Statement - If (!(TCflag)): null

2018-06-14 17:25:41 - [TEST_STEP][PASSED] - Statement - reportgroup = "(//div[@class='ctable']/table/tbody/tr[@class='tdata clear'])[" + i + "]/td[7]": null

2018-06-14 17:25:41 - [TEST_STEP][PASSED] - Statement - reportgroupTxt = driver.findElement(org.openqa.selenium.By.xpath(reportgroup)).getText(): null

2018-06-14 17:25:41 - [TEST_STEP][PASSED] - Statement - If (reportgroupTxt == "AutomationGroup1"): null

2018-06-14 17:25:41 - [TEST_STEP][PASSED] - Statement - println("Report group has right group name"): null

2018-06-14 17:25:41 - [TEST_STEP][PASSED] - Statement - reportgroup = "(//div[@class='ctable']/table/tbody/tr[@class='tdata clear'])[" + i + "]/td[7]": null

2018-06-14 17:25:41 - [TEST_STEP][PASSED] - Statement - reportgroupTxt = driver.findElement(org.openqa.selenium.By.xpath(reportgroup)).getText(): null

2018-06-14 17:25:41 - [TEST_STEP][PASSED] - Statement - If (reportgroupTxt == "AutomationGroup1"): null

2018-06-14 17:25:41 - [TEST_STEP][PASSED] - Statement - println("Report group has right group name"): null

2018-06-14 17:25:41 - [TEST_STEP][PASSED] - Statement - reportgroup = "(//div[@class='ctable']/table/tbody/tr[@class='tdata clear'])[" + i + "]/td[7]": null

2018-06-14 17:25:41 - [TEST_STEP][PASSED] - Statement - reportgroupTxt = driver.findElement(org.openqa.selenium.By.xpath(reportgroup)).getText(): null

2018-06-14 17:25:41 - [TEST_STEP][PASSED] - Statement - If (reportgroupTxt == "AutomationGroup1"): null

2018-06-14 17:25:41 - [TEST_STEP][PASSED] - Statement - println("Report group has right group name"): null

2018-06-14 17:25:41 - [TEST_STEP][PASSED] - Statement - reportgroup = "(//div[@class='ctable']/table/tbody/tr[@class='tdata clear'])[" + i + "]/td[7]": null

2018-06-14 17:25:41 - [TEST_STEP][PASSED] - Statement - reportgroupTxt = driver.findElement(org.openqa.selenium.By.xpath(reportgroup)).getText(): null

2018-06-14 17:25:41 - [TEST_STEP][PASSED] - Statement - If (reportgroupTxt == "AutomationGroup1"): null

2018-06-14 17:25:41 - [TEST_STEP][PASSED] - Statement - println("Report group has right group name"): null

2018-06-14 17:25:41 - [TEST_STEP][PASSED] - Statement - reportgroup = "(//div[@class='ctable']/table/tbody/tr[@class='tdata clear'])[" + i + "]/td[7]": null

2018-06-14 17:25:41 - [TEST_STEP][PASSED] - Statement - reportgroupTxt = driver.findElement(org.openqa.selenium.By.xpath(reportgroup)).getText(): null

2018-06-14 17:25:41 - [TEST_STEP][PASSED] - Statement - If (reportgroupTxt == "AutomationGroup1"): null

2018-06-14 17:25:41 - [TEST_STEP][PASSED] - Statement - println("Report group has right group name"): null

2018-06-14 17:25:41 - [TEST_STEP][PASSED] - Statement - reportgroup = "(//div[@class='ctable']/table/tbody/tr[@class='tdata clear'])[" + i + "]/td[7]": null

2018-06-14 17:25:41 - [TEST_STEP][PASSED] - Statement - reportgroupTxt = driver.findElement(org.openqa.selenium.By.xpath(reportgroup)).getText(): null

2018-06-14 17:25:41 - [TEST_STEP][PASSED] - Statement - If (reportgroupTxt == "AutomationGroup1"): null

2018-06-14 17:25:41 - [TEST_STEP][PASSED] - Statement - println("Report group has right group name"): null

2018-06-14 17:25:41 - [TEST_STEP][PASSED] - Statement - reportgroup = "(//div[@class='ctable']/table/tbody/tr[@class='tdata clear'])[" + i + "]/td[7]": null

2018-06-14 17:25:41 - [TEST_STEP][PASSED] - Statement - reportgroupTxt = driver.findElement(org.openqa.selenium.By.xpath(reportgroup)).getText(): null

2018-06-14 17:25:41 - [TEST_STEP][PASSED] - Statement - If (reportgroupTxt == "AutomationGroup1"): null

2018-06-14 17:25:41 - [TEST_STEP][PASSED] - Statement - println("Report group has right group name"): null

2018-06-14 17:25:41 - [TEST_STEP][PASSED] - Statement - reportgroup = "(//div[@class='ctable']/table/tbody/tr[@class='tdata clear'])[" + i + "]/td[7]": null

2018-06-14 17:25:41 - [TEST_STEP][PASSED] - Statement - reportgroupTxt = driver.findElement(org.openqa.selenium.By.xpath(reportgroup)).getText(): null

2018-06-14 17:25:41 - [TEST_STEP][PASSED] - Statement - If (reportgroupTxt == "AutomationGroup1"): null

2018-06-14 17:25:41 - [TEST_STEP][PASSED] - Statement - println("Report group has right group name"): null

2018-06-14 17:25:41 - [TEST_STEP][PASSED] - Statement - reportgroup = "(//div[@class='ctable']/table/tbody/tr[@class='tdata clear'])[" + i + "]/td[7]": null

2018-06-14 17:25:41 - [TEST_STEP][PASSED] - Statement - reportgroupTxt = driver.findElement(org.openqa.selenium.By.xpath(reportgroup)).getText(): null

2018-06-14 17:25:41 - [TEST_STEP][PASSED] - Statement - If (reportgroupTxt == "AutomationGroup1"): null

2018-06-14 17:25:41 - [TEST_STEP][PASSED] - Statement - println("Report group has right group name"): null

2018-06-14 17:25:41 - [TEST_STEP][PASSED] - Statement - reportgroup = "(//div[@class='ctable']/table/tbody/tr[@class='tdata clear'])[" + i + "]/td[7]": null

2018-06-14 17:25:41 - [TEST_STEP][PASSED] - Statement - reportgroupTxt = driver.findElement(org.openqa.selenium.By.xpath(reportgroup)).getText(): null

2018-06-14 17:25:41 - [TEST_STEP][PASSED] - Statement - If (reportgroupTxt == "AutomationGroup1"): null

2018-06-14 17:25:41 - [TEST_STEP][PASSED] - Statement - println("Report group has right group name"): null

2018-06-14 17:25:41 - [TEST_STEP][PASSED] - Statement - reportgroup = "(//div[@class='ctable']/table/tbody/tr[@class='tdata clear'])[" + i + "]/td[7]": null

2018-06-14 17:25:41 - [TEST_STEP][PASSED] - Statement - reportgroupTxt = driver.findElement(org.openqa.selenium.By.xpath(reportgroup)).getText(): null

2018-06-14 17:25:41 - [TEST_STEP][PASSED] - Statement - If (reportgroupTxt == "AutomationGroup1"): null

2018-06-14 17:25:41 - [TEST_STEP][PASSED] - Statement - println("Report group has right group name"): null

2018-06-14 17:25:41 - [TEST_STEP][PASSED] - Statement - reportgroup = "(//div[@class='ctable']/table/tbody/tr[@class='tdata clear'])[" + i + "]/td[7]": null

2018-06-14 17:25:41 - [TEST_STEP][PASSED] - Statement - reportgroupTxt = driver.findElement(org.openqa.selenium.By.xpath(reportgroup)).getText(): null

2018-06-14 17:25:41 - [TEST_STEP][PASSED] - Statement - If (reportgroupTxt == "AutomationGroup1"): null

2018-06-14 17:25:41 - [TEST_STEP][PASSED] - Statement - println("Report group has right group name"): null

2018-06-14 17:25:41 - [TEST_STEP][PASSED] - Statement - reportgroup = "(//div[@class='ctable']/table/tbody/tr[@class='tdata clear'])[" + i + "]/td[7]": null

2018-06-14 17:25:41 - [TEST_STEP][PASSED] - Statement - reportgroupTxt = driver.findElement(org.openqa.selenium.By.xpath(reportgroup)).getText(): null

2018-06-14 17:25:41 - [TEST_STEP][PASSED] - Statement - If (reportgroupTxt == "AutomationGroup1"): null

2018-06-14 17:25:41 - [TEST_STEP][PASSED] - Statement - println("Report group has right group name"): null

2018-06-14 17:25:41 - [TEST_STEP][PASSED] - Statement - reportgroup = "(//div[@class='ctable']/table/tbody/tr[@class='tdata clear'])[" + i + "]/td[7]": null

2018-06-14 17:25:41 - [TEST_STEP][PASSED] - Statement - reportgroupTxt = driver.findElement(org.openqa.selenium.By.xpath(reportgroup)).getText(): null

2018-06-14 17:25:41 - [TEST_STEP][PASSED] - Statement - If (reportgroupTxt == "AutomationGroup1"): null

2018-06-14 17:25:41 - [TEST_STEP][PASSED] - Statement - println("Report group has right group name"): null

2018-06-14 17:25:41 - [TEST_STEP][PASSED] - Statement - reportgroup = "(//div[@class='ctable']/table/tbody/tr[@class='tdata clear'])[" + i + "]/td[7]": null

2018-06-14 17:25:41 - [TEST_STEP][PASSED] - Statement - reportgroupTxt = driver.findElement(org.openqa.selenium.By.xpath(reportgroup)).getText(): null

2018-06-14 17:25:41 - [TEST_STEP][PASSED] - Statement - If (reportgroupTxt == "AutomationGroup1"): null

2018-06-14 17:25:41 - [TEST_STEP][PASSED] - Statement - println("Report group has right group name"): null

2018-06-14 17:25:41 - [TEST_STEP][PASSED] - Statement - reportgroup = "(//div[@class='ctable']/table/tbody/tr[@class='tdata clear'])[" + i + "]/td[7]": null

2018-06-14 17:25:41 - [TEST_STEP][PASSED] - Statement - reportgroupTxt = driver.findElement(org.openqa.selenium.By.xpath(reportgroup)).getText(): null

2018-06-14 17:25:41 - [TEST_STEP][PASSED] - Statement - If (reportgroupTxt == "AutomationGroup1"): null

2018-06-14 17:25:41 - [TEST_STEP][PASSED] - Statement - println("Report group has right group name"): null

2018-06-14 17:25:41 - [TEST_STEP][PASSED] - Statement - reportgroup = "(//div[@class='ctable']/table/tbody/tr[@class='tdata clear'])[" + i + "]/td[7]": null

2018-06-14 17:25:41 - [TEST_STEP][PASSED] - Statement - reportgroupTxt = driver.findElement(org.openqa.selenium.By.xpath(reportgroup)).getText(): null

2018-06-14 17:25:41 - [TEST_STEP][PASSED] - Statement - If (reportgroupTxt == "AutomationGroup1"): null

2018-06-14 17:25:41 - [TEST_STEP][PASSED] - Statement - println("Report group has right group name"): null

2018-06-14 17:25:41 - [TEST_STEP][PASSED] - Statement - reportgroup = "(//div[@class='ctable']/table/tbody/tr[@class='tdata clear'])[" + i + "]/td[7]": null

2018-06-14 17:25:41 - [TEST_STEP][PASSED] - Statement - reportgroupTxt = driver.findElement(org.openqa.selenium.By.xpath(reportgroup)).getText(): null

2018-06-14 17:25:41 - [TEST_STEP][PASSED] - Statement - If (reportgroupTxt == "AutomationGroup1"): null

2018-06-14 17:25:41 - [TEST_STEP][PASSED] - Statement - println("Report group has right group name"): null

2018-06-14 17:25:41 - [TEST_STEP][PASSED] - Statement - reportgroup = "(//div[@class='ctable']/table/tbody/tr[@class='tdata clear'])[" + i + "]/td[7]": null

2018-06-14 17:25:41 - [TEST_STEP][PASSED] - Statement - reportgroupTxt = driver.findElement(org.openqa.selenium.By.xpath(reportgroup)).getText(): null

2018-06-14 17:25:41 - [TEST_STEP][PASSED] - Statement - If (reportgroupTxt == "AutomationGroup1"): null

2018-06-14 17:25:41 - [TEST_STEP][PASSED] - Statement - println("Report group has right group name"): null

2018-06-14 17:25:41 - [TEST_STEP][PASSED] - Statement - reportgroup = "(//div[@class='ctable']/table/tbody/tr[@class='tdata clear'])[" + i + "]/td[7]": null

2018-06-14 17:25:41 - [TEST_STEP][PASSED] - Statement - reportgroupTxt = driver.findElement(org.openqa.selenium.By.xpath(reportgroup)).getText(): null

2018-06-14 17:25:41 - [TEST_STEP][PASSED] - Statement - If (reportgroupTxt == "AutomationGroup1"): null

2018-06-14 17:25:41 - [TEST_STEP][PASSED] - Statement - println("Report group has right group name"): null

2018-06-14 17:25:41 - [TEST_STEP][PASSED] - Statement - reportgroup = "(//div[@class='ctable']/table/tbody/tr[@class='tdata clear'])[" + i + "]/td[7]": null

2018-06-14 17:25:41 - [TEST_STEP][PASSED] - Statement - reportgroupTxt = driver.findElement(org.openqa.selenium.By.xpath(reportgroup)).getText(): null

2018-06-14 17:25:41 - [TEST_STEP][PASSED] - Statement - If (reportgroupTxt == "AutomationGroup1"): null

2018-06-14 17:25:41 - [TEST_STEP][PASSED] - Statement - Else: null

2018-06-14 17:25:41 - [TEST_STEP][PASSED] - Statement - If (!(TCflag)): null

2018-06-14 17:25:41 - [TEST_STEP][PASSED] - Statement - reportgroup = "(//div[@class='ctable']/table/tbody/tr[@class='tdata clear'])[" + i + "]/td[7]": null

2018-06-14 17:25:41 - [TEST_STEP][PASSED] - Statement - reportgroupTxt = driver.findElement(org.openqa.selenium.By.xpath(reportgroup)).getText(): null

2018-06-14 17:25:41 - [TEST_STEP][PASSED] - Statement - If (reportgroupTxt == "AutomationGroup1"): null

2018-06-14 17:25:41 - [TEST_STEP][PASSED] - Statement - println("Report group has right group name"): null

2018-06-14 17:25:41 - [TEST_STEP][PASSED] - Statement - reportgroup = "(//div[@class='ctable']/table/tbody/tr[@class='tdata clear'])[" + i + "]/td[7]": null

2018-06-14 17:25:41 - [TEST_STEP][PASSED] - Statement - reportgroupTxt = driver.findElement(org.openqa.selenium.By.xpath(reportgroup)).getText(): null

2018-06-14 17:25:41 - [TEST_STEP][PASSED] - Statement - If (reportgroupTxt == "AutomationGroup1"): null

2018-06-14 17:25:41 - [TEST_STEP][PASSED] - Statement - Else: null

2018-06-14 17:25:41 - [TEST_STEP][PASSED] - Statement - If (!(TCflag)): null

2018-06-14 17:25:41 - [TEST_STEP][PASSED] - Statement - reportgroup = "(//div[@class='ctable']/table/tbody/tr[@class='tdata clear'])[" + i + "]/td[7]": null

2018-06-14 17:25:41 - [TEST_STEP][PASSED] - Statement - reportgroupTxt = driver.findElement(org.openqa.selenium.By.xpath(reportgroup)).getText(): null

2018-06-14 17:25:42 - [TEST_STEP][PASSED] - Statement - If (reportgroupTxt == "AutomationGroup1"): null

2018-06-14 17:25:42 - [TEST_STEP][PASSED] - Statement - println("Report group has right group name"): null

2018-06-14 17:25:42 - [TEST_STEP][PASSED] - Statement - reportgroup = "(//div[@class='ctable']/table/tbody/tr[@class='tdata clear'])[" + i + "]/td[7]": null

2018-06-14 17:25:42 - [TEST_STEP][PASSED] - Statement - reportgroupTxt = driver.findElement(org.openqa.selenium.By.xpath(reportgroup)).getText(): null

2018-06-14 17:25:42 - [TEST_STEP][PASSED] - Statement - If (reportgroupTxt == "AutomationGroup1"): null

2018-06-14 17:25:42 - [TEST_STEP][PASSED] - Statement - println("Report group has right group name"): null

2018-06-14 17:25:42 - [TEST_STEP][PASSED] - Statement - reportgroup = "(//div[@class='ctable']/table/tbody/tr[@class='tdata clear'])[" + i + "]/td[7]": null

2018-06-14 17:25:42 - [TEST_STEP][PASSED] - Statement - reportgroupTxt = driver.findElement(org.openqa.selenium.By.xpath(reportgroup)).getText(): null

2018-06-14 17:25:42 - [TEST_STEP][PASSED] - Statement - If (reportgroupTxt == "AutomationGroup1"): null

2018-06-14 17:25:42 - [TEST_STEP][PASSED] - Statement - println("Report group has right group name"): null

2018-06-14 17:25:42 - [TEST_STEP][PASSED] - Statement - reportgroup = "(//div[@class='ctable']/table/tbody/tr[@class='tdata clear'])[" + i + "]/td[7]": null

2018-06-14 17:25:42 - [TEST_STEP][PASSED] - Statement - reportgroupTxt = driver.findElement(org.openqa.selenium.By.xpath(reportgroup)).getText(): null

2018-06-14 17:25:42 - [TEST_STEP][PASSED] - Statement - If (reportgroupTxt == "AutomationGroup1"): null

2018-06-14 17:25:42 - [TEST_STEP][PASSED] - Statement - println("Report group has right group name"): null

2018-06-14 17:25:42 - [TEST_STEP][PASSED] - Statement - reportgroup = "(//div[@class='ctable']/table/tbody/tr[@class='tdata clear'])[" + i + "]/td[7]": null

2018-06-14 17:25:42 - [TEST_STEP][PASSED] - Statement - reportgroupTxt = driver.findElement(org.openqa.selenium.By.xpath(reportgroup)).getText(): null

2018-06-14 17:25:42 - [TEST_STEP][PASSED] - Statement - If (reportgroupTxt == "AutomationGroup1"): null

2018-06-14 17:25:42 - [TEST_STEP][PASSED] - Statement - Else: null

2018-06-14 17:25:42 - [TEST_STEP][PASSED] - Statement - If (!(TCflag)): null

2018-06-14 17:25:42 - [TEST_STEP][PASSED] - Statement - reportgroup = "(//div[@class='ctable']/table/tbody/tr[@class='tdata clear'])[" + i + "]/td[7]": null

2018-06-14 17:25:42 - [TEST_STEP][PASSED] - Statement - reportgroupTxt = driver.findElement(org.openqa.selenium.By.xpath(reportgroup)).getText(): null

2018-06-14 17:25:42 - [TEST_STEP][PASSED] - Statement - If (reportgroupTxt == "AutomationGroup1"): null

2018-06-14 17:25:42 - [TEST_STEP][PASSED] - Statement - println("Report group has right group name"): null

2018-06-14 17:25:42 - [TEST_STEP][PASSED] - Statement - reportgroup = "(//div[@class='ctable']/table/tbody/tr[@class='tdata clear'])[" + i + "]/td[7]": null

2018-06-14 17:25:42 - [TEST_STEP][PASSED] - Statement - reportgroupTxt = driver.findElement(org.openqa.selenium.By.xpath(reportgroup)).getText(): null

2018-06-14 17:25:42 - [TEST_STEP][PASSED] - Statement - If (reportgroupTxt == "AutomationGroup1"): null

2018-06-14 17:25:42 - [TEST_STEP][PASSED] - Statement - println("Report group has right group name"): null

2018-06-14 17:25:42 - [TEST_STEP][PASSED] - Statement - reportgroup = "(//div[@class='ctable']/table/tbody/tr[@class='tdata clear'])[" + i + "]/td[7]": null

2018-06-14 17:25:42 - [TEST_STEP][PASSED] - Statement - reportgroupTxt = driver.findElement(org.openqa.selenium.By.xpath(reportgroup)).getText(): null

2018-06-14 17:25:42 - [TEST_STEP][PASSED] - Statement - If (reportgroupTxt == "AutomationGroup1"): null

2018-06-14 17:25:42 - [TEST_STEP][PASSED] - Statement - println("Report group has right group name"): null

2018-06-14 17:25:42 - [TEST_STEP][PASSED] - Statement - reportgroup = "(//div[@class='ctable']/table/tbody/tr[@class='tdata clear'])[" + i + "]/td[7]": null

2018-06-14 17:25:42 - [TEST_STEP][PASSED] - Statement - reportgroupTxt = driver.findElement(org.openqa.selenium.By.xpath(reportgroup)).getText(): null

2018-06-14 17:25:42 - [TEST_STEP][PASSED] - Statement - If (reportgroupTxt == "AutomationGroup1"): null

2018-06-14 17:25:42 - [TEST_STEP][PASSED] - Statement - println("Report group has right group name"): null

2018-06-14 17:25:42 - [TEST_STEP][PASSED] - Statement - reportgroup = "(//div[@class='ctable']/table/tbody/tr[@class='tdata clear'])[" + i + "]/td[7]": null

2018-06-14 17:25:42 - [TEST_STEP][PASSED] - Statement - reportgroupTxt = driver.findElement(org.openqa.selenium.By.xpath(reportgroup)).getText(): null

2018-06-14 17:25:42 - [TEST_STEP][PASSED] - Statement - If (reportgroupTxt == "AutomationGroup1"): null

2018-06-14 17:25:42 - [TEST_STEP][PASSED] - Statement - Else: null

2018-06-14 17:25:42 - [TEST_STEP][PASSED] - Statement - If (!(TCflag)): null

2018-06-14 17:25:42 - [TEST_STEP][PASSED] - Statement - reportgroup = "(//div[@class='ctable']/table/tbody/tr[@class='tdata clear'])[" + i + "]/td[7]": null

2018-06-14 17:25:42 - [TEST_STEP][PASSED] - Statement - reportgroupTxt = driver.findElement(org.openqa.selenium.By.xpath(reportgroup)).getText(): null

2018-06-14 17:25:42 - [TEST_STEP][PASSED] - Statement - If (reportgroupTxt == "AutomationGroup1"): null

2018-06-14 17:25:42 - [TEST_STEP][PASSED] - Statement - Else: null

2018-06-14 17:25:42 - [TEST_STEP][PASSED] - Statement - If (!(TCflag)): null

2018-06-14 17:25:42 - [TEST_STEP][PASSED] - Statement - reportgroup = "(//div[@class='ctable']/table/tbody/tr[@class='tdata clear'])[" + i + "]/td[7]": null

2018-06-14 17:25:42 - [TEST_STEP][PASSED] - Statement - reportgroupTxt = driver.findElement(org.openqa.selenium.By.xpath(reportgroup)).getText(): null

2018-06-14 17:25:42 - [TEST_STEP][PASSED] - Statement - If (reportgroupTxt == "AutomationGroup1"): null

2018-06-14 17:25:42 - [TEST_STEP][PASSED] - Statement - println("Report group has right group name"): null

2018-06-14 17:25:42 - [TEST_STEP][PASSED] - Statement - reportgroup = "(//div[@class='ctable']/table/tbody/tr[@class='tdata clear'])[" + i + "]/td[7]": null

2018-06-14 17:25:42 - [TEST_STEP][PASSED] - Statement - reportgroupTxt = driver.findElement(org.openqa.selenium.By.xpath(reportgroup)).getText(): null

2018-06-14 17:25:42 - [TEST_STEP][PASSED] - Statement - If (reportgroupTxt == "AutomationGroup1"): null

2018-06-14 17:25:42 - [TEST_STEP][PASSED] - Statement - println("Report group has right group name"): null

2018-06-14 17:25:42 - [TEST_STEP][PASSED] - Statement - reportgroup = "(//div[@class='ctable']/table/tbody/tr[@class='tdata clear'])[" + i + "]/td[7]": null

2018-06-14 17:25:42 - [TEST_STEP][PASSED] - Statement - reportgroupTxt = driver.findElement(org.openqa.selenium.By.xpath(reportgroup)).getText(): null

2018-06-14 17:25:42 - [TEST_STEP][PASSED] - Statement - If (reportgroupTxt == "AutomationGroup1"): null

2018-06-14 17:25:42 - [TEST_STEP][PASSED] - Statement - println("Report group has right group name"): null

2018-06-14 17:25:42 - [TEST_STEP][PASSED] - Statement - reportgroup = "(//div[@class='ctable']/table/tbody/tr[@class='tdata clear'])[" + i + "]/td[7]": null

2018-06-14 17:25:42 - [TEST_STEP][PASSED] - Statement - reportgroupTxt = driver.findElement(org.openqa.selenium.By.xpath(reportgroup)).getText(): null

2018-06-14 17:25:42 - [TEST_STEP][PASSED] - Statement - If (reportgroupTxt == "AutomationGroup1"): null

2018-06-14 17:25:42 - [TEST_STEP][PASSED] - Statement - println("Report group has right group name"): null

2018-06-14 17:25:42 - [TEST_STEP][PASSED] - Statement - reportgroup = "(//div[@class='ctable']/table/tbody/tr[@class='tdata clear'])[" + i + "]/td[7]": null

2018-06-14 17:25:42 - [TEST_STEP][PASSED] - Statement - reportgroupTxt = driver.findElement(org.openqa.selenium.By.xpath(reportgroup)).getText(): null

2018-06-14 17:25:42 - [TEST_STEP][PASSED] - Statement - If (reportgroupTxt == "AutomationGroup1"): null

2018-06-14 17:25:42 - [TEST_STEP][PASSED] - Statement - println("Report group has right group name"): null

2018-06-14 17:25:42 - [TEST_STEP][PASSED] - Statement - reportgroup = "(//div[@class='ctable']/table/tbody/tr[@class='tdata clear'])[" + i + "]/td[7]": null

2018-06-14 17:25:42 - [TEST_STEP][PASSED] - Statement - reportgroupTxt = driver.findElement(org.openqa.selenium.By.xpath(reportgroup)).getText(): null

2018-06-14 17:25:42 - [TEST_STEP][PASSED] - Statement - If (reportgroupTxt == "AutomationGroup1"): null

2018-06-14 17:25:42 - [TEST_STEP][PASSED] - Statement - Else: null

2018-06-14 17:25:42 - [TEST_STEP][PASSED] - Statement - If (!(TCflag)): null

2018-06-14 17:25:42 - [TEST_STEP][PASSED] - Statement - reportgroup = "(//div[@class='ctable']/table/tbody/tr[@class='tdata clear'])[" + i + "]/td[7]": null

2018-06-14 17:25:42 - [TEST_STEP][PASSED] - Statement - reportgroupTxt = driver.findElement(org.openqa.selenium.By.xpath(reportgroup)).getText(): null

2018-06-14 17:25:42 - [TEST_STEP][PASSED] - Statement - If (reportgroupTxt == "AutomationGroup1"): null

2018-06-14 17:25:42 - [TEST_STEP][PASSED] - Statement - println("Report group has right group name"): null

2018-06-14 17:25:42 - [TEST_STEP][PASSED] - Statement - reportgroup = "(//div[@class='ctable']/table/tbody/tr[@class='tdata clear'])[" + i + "]/td[7]": null

2018-06-14 17:25:42 - [TEST_STEP][PASSED] - Statement - reportgroupTxt = driver.findElement(org.openqa.selenium.By.xpath(reportgroup)).getText(): null

2018-06-14 17:25:42 - [TEST_STEP][PASSED] - Statement - If (reportgroupTxt == "AutomationGroup1"): null

2018-06-14 17:25:42 - [TEST_STEP][PASSED] - Statement - println("Report group has right group name"): null

2018-06-14 17:25:42 - [TEST_STEP][PASSED] - Statement - reportgroup = "(//div[@class='ctable']/table/tbody/tr[@class='tdata clear'])[" + i + "]/td[7]": null

2018-06-14 17:25:42 - [TEST_STEP][PASSED] - Statement - reportgroupTxt = driver.findElement(org.openqa.selenium.By.xpath(reportgroup)).getText(): null

2018-06-14 17:25:42 - [TEST_STEP][PASSED] - Statement - If (reportgroupTxt == "AutomationGroup1"): null

2018-06-14 17:25:42 - [TEST_STEP][PASSED] - Statement - Else: null

2018-06-14 17:25:42 - [TEST_STEP][PASSED] - Statement - If (!(TCflag)): null

2018-06-14 17:25:42 - [TEST_STEP][PASSED] - Statement - reportgroup = "(//div[@class='ctable']/table/tbody/tr[@class='tdata clear'])[" + i + "]/td[7]": null

2018-06-14 17:25:42 - [TEST_STEP][PASSED] - Statement - reportgroupTxt = driver.findElement(org.openqa.selenium.By.xpath(reportgroup)).getText(): null

2018-06-14 17:25:42 - [TEST_STEP][PASSED] - Statement - If (reportgroupTxt == "AutomationGroup1"): null

2018-06-14 17:25:42 - [TEST_STEP][PASSED] - Statement - println("Report group has right group name"): null

2018-06-14 17:25:42 - [TEST_STEP][PASSED] - Statement - reportgroup = "(//div[@class='ctable']/table/tbody/tr[@class='tdata clear'])[" + i + "]/td[7]": null

2018-06-14 17:25:42 - [TEST_STEP][PASSED] - Statement - reportgroupTxt = driver.findElement(org.openqa.selenium.By.xpath(reportgroup)).getText(): null

2018-06-14 17:25:42 - [TEST_STEP][PASSED] - Statement - If (reportgroupTxt == "AutomationGroup1"): null

2018-06-14 17:25:42 - [TEST_STEP][PASSED] - Statement - println("Report group has right group name"): null

2018-06-14 17:25:42 - [TEST_STEP][PASSED] - Statement - reportgroup = "(//div[@class='ctable']/table/tbody/tr[@class='tdata clear'])[" + i + "]/td[7]": null

2018-06-14 17:25:42 - [TEST_STEP][PASSED] - Statement - reportgroupTxt = driver.findElement(org.openqa.selenium.By.xpath(reportgroup)).getText(): null

2018-06-14 17:25:42 - [TEST_STEP][PASSED] - Statement - If (reportgroupTxt == "AutomationGroup1"): null

2018-06-14 17:25:42 - [TEST_STEP][PASSED] - Statement - println("Report group has right group name"): null

2018-06-14 17:25:42 - [TEST_STEP][PASSED] - Statement - reportgroup = "(//div[@class='ctable']/table/tbody/tr[@class='tdata clear'])[" + i + "]/td[7]": null

2018-06-14 17:25:42 - [TEST_STEP][PASSED] - Statement - reportgroupTxt = driver.findElement(org.openqa.selenium.By.xpath(reportgroup)).getText(): null

2018-06-14 17:25:42 - [TEST_STEP][PASSED] - Statement - If (reportgroupTxt == "AutomationGroup1"): null

2018-06-14 17:25:42 - [TEST_STEP][PASSED] - Statement - println("Report group has right group name"): null

2018-06-14 17:25:42 - [TEST_STEP][PASSED] - Statement - reportgroup = "(//div[@class='ctable']/table/tbody/tr[@class='tdata clear'])[" + i + "]/td[7]": null

2018-06-14 17:25:42 - [TEST_STEP][PASSED] - Statement - reportgroupTxt = driver.findElement(org.openqa.selenium.By.xpath(reportgroup)).getText(): null

2018-06-14 17:25:42 - [TEST_STEP][PASSED] - Statement - If (reportgroupTxt == "AutomationGroup1"): null

2018-06-14 17:25:42 - [TEST_STEP][PASSED] - Statement - println("Report group has right group name"): null

2018-06-14 17:25:42 - [TEST_STEP][PASSED] - Statement - reportgroup = "(//div[@class='ctable']/table/tbody/tr[@class='tdata clear'])[" + i + "]/td[7]": null

2018-06-14 17:25:42 - [TEST_STEP][PASSED] - Statement - reportgroupTxt = driver.findElement(org.openqa.selenium.By.xpath(reportgroup)).getText(): null

2018-06-14 17:25:42 - [TEST_STEP][PASSED] - Statement - If (reportgroupTxt == "AutomationGroup1"): null

2018-06-14 17:25:42 - [TEST_STEP][PASSED] - Statement - println("Report group has right group name"): null

2018-06-14 17:25:42 - [TEST_STEP][PASSED] - Statement - reportgroup = "(//div[@class='ctable']/table/tbody/tr[@class='tdata clear'])[" + i + "]/td[7]": null

2018-06-14 17:25:42 - [TEST_STEP][PASSED] - Statement - reportgroupTxt = driver.findElement(org.openqa.selenium.By.xpath(reportgroup)).getText(): null

2018-06-14 17:25:42 - [TEST_STEP][PASSED] - Statement - If (reportgroupTxt == "AutomationGroup1"): null

2018-06-14 17:25:42 - [TEST_STEP][PASSED] - Statement - println("Report group has right group name"): null

2018-06-14 17:25:42 - [TEST_STEP][PASSED] - Statement - reportgroup = "(//div[@class='ctable']/table/tbody/tr[@class='tdata clear'])[" + i + "]/td[7]": null

2018-06-14 17:25:42 - [TEST_STEP][PASSED] - Statement - reportgroupTxt = driver.findElement(org.openqa.selenium.By.xpath(reportgroup)).getText(): null

2018-06-14 17:25:42 - [TEST_STEP][PASSED] - Statement - If (reportgroupTxt == "AutomationGroup1"): null

2018-06-14 17:25:42 - [TEST_STEP][PASSED] - Statement - println("Report group has right group name"): null

2018-06-14 17:25:42 - [TEST_STEP][PASSED] - Statement - reportgroup = "(//div[@class='ctable']/table/tbody/tr[@class='tdata clear'])[" + i + "]/td[7]": null

2018-06-14 17:25:42 - [TEST_STEP][PASSED] - Statement - reportgroupTxt = driver.findElement(org.openqa.selenium.By.xpath(reportgroup)).getText(): null

2018-06-14 17:25:42 - [TEST_STEP][PASSED] - Statement - If (reportgroupTxt == "AutomationGroup1"): null

2018-06-14 17:25:42 - [TEST_STEP][PASSED] - Statement - println("Report group has right group name"): null

2018-06-14 17:25:42 - [TEST_STEP][PASSED] - Statement - reportgroup = "(//div[@class='ctable']/table/tbody/tr[@class='tdata clear'])[" + i + "]/td[7]": null

2018-06-14 17:25:42 - [TEST_STEP][PASSED] - Statement - reportgroupTxt = driver.findElement(org.openqa.selenium.By.xpath(reportgroup)).getText(): null

2018-06-14 17:25:42 - [TEST_STEP][PASSED] - Statement - If (reportgroupTxt == "AutomationGroup1"): null

2018-06-14 17:25:42 - [TEST_STEP][PASSED] - Statement - Else: null

2018-06-14 17:25:42 - [TEST_STEP][PASSED] - Statement - If (!(TCflag)): null

2018-06-14 17:25:42 - [TEST_STEP][PASSED] - Statement - reportgroup = "(//div[@class='ctable']/table/tbody/tr[@class='tdata clear'])[" + i + "]/td[7]": null

2018-06-14 17:25:42 - [TEST_STEP][PASSED] - Statement - reportgroupTxt = driver.findElement(org.openqa.selenium.By.xpath(reportgroup)).getText(): null

2018-06-14 17:25:42 - [TEST_STEP][PASSED] - Statement - If (reportgroupTxt == "AutomationGroup1"): null

2018-06-14 17:25:42 - [TEST_STEP][PASSED] - Statement - println("Report group has right group name"): null

2018-06-14 17:25:42 - [TEST_STEP][PASSED] - Statement - reportgroup = "(//div[@class='ctable']/table/tbody/tr[@class='tdata clear'])[" + i + "]/td[7]": null

2018-06-14 17:25:42 - [TEST_STEP][PASSED] - Statement - reportgroupTxt = driver.findElement(org.openqa.selenium.By.xpath(reportgroup)).getText(): null

2018-06-14 17:25:42 - [TEST_STEP][PASSED] - Statement - If (reportgroupTxt == "AutomationGroup1"): null

2018-06-14 17:25:42 - [TEST_STEP][PASSED] - Statement - println("Report group has right group name"): null

2018-06-14 17:25:42 - [TEST_STEP][PASSED] - Statement - reportgroup = "(//div[@class='ctable']/table/tbody/tr[@class='tdata clear'])[" + i + "]/td[7]": null

2018-06-14 17:25:42 - [TEST_STEP][PASSED] - Statement - reportgroupTxt = driver.findElement(org.openqa.selenium.By.xpath(reportgroup)).getText(): null

2018-06-14 17:25:42 - [TEST_STEP][PASSED] - Statement - If (reportgroupTxt == "AutomationGroup1"): null

2018-06-14 17:25:42 - [TEST_STEP][PASSED] - Statement - Else: null

2018-06-14 17:25:42 - [TEST_STEP][PASSED] - Statement - If (!(TCflag)): null

2018-06-14 17:25:42 - [TEST_STEP][PASSED] - Statement - reportgroup = "(//div[@class='ctable']/table/tbody/tr[@class='tdata clear'])[" + i + "]/td[7]": null

2018-06-14 17:25:42 - [TEST_STEP][PASSED] - Statement - reportgroupTxt = driver.findElement(org.openqa.selenium.By.xpath(reportgroup)).getText(): null

2018-06-14 17:25:42 - [TEST_STEP][PASSED] - Statement - If (reportgroupTxt == "AutomationGroup1"): null

2018-06-14 17:25:42 - [TEST_STEP][PASSED] - Statement - println("Report group has right group name"): null

2018-06-14 17:25:42 - [TEST_STEP][PASSED] - Statement - reportgroup = "(//div[@class='ctable']/table/tbody/tr[@class='tdata clear'])[" + i + "]/td[7]": null

2018-06-14 17:25:42 - [TEST_STEP][PASSED] - Statement - reportgroupTxt = driver.findElement(org.openqa.selenium.By.xpath(reportgroup)).getText(): null

2018-06-14 17:25:43 - [TEST_STEP][PASSED] - Statement - If (reportgroupTxt == "AutomationGroup1"): null

2018-06-14 17:25:43 - [TEST_STEP][PASSED] - Statement - println("Report group has right group name"): null

2018-06-14 17:25:43 - [TEST_STEP][PASSED] - Statement - reportgroup = "(//div[@class='ctable']/table/tbody/tr[@class='tdata clear'])[" + i + "]/td[7]": null

2018-06-14 17:25:43 - [TEST_STEP][PASSED] - Statement - reportgroupTxt = driver.findElement(org.openqa.selenium.By.xpath(reportgroup)).getText(): null

2018-06-14 17:25:43 - [TEST_STEP][PASSED] - Statement - If (reportgroupTxt == "AutomationGroup1"): null

2018-06-14 17:25:43 - [TEST_STEP][PASSED] - Statement - println("Report group has right group name"): null

2018-06-14 17:25:43 - [TEST_STEP][PASSED] - Statement - reportgroup = "(//div[@class='ctable']/table/tbody/tr[@class='tdata clear'])[" + i + "]/td[7]": null

2018-06-14 17:25:43 - [TEST_STEP][PASSED] - Statement - reportgroupTxt = driver.findElement(org.openqa.selenium.By.xpath(reportgroup)).getText(): null

2018-06-14 17:25:43 - [TEST_STEP][PASSED] - Statement - If (reportgroupTxt == "AutomationGroup1"): null

2018-06-14 17:25:43 - [TEST_STEP][PASSED] - Statement - println("Report group has right group name"): null

2018-06-14 17:25:43 - [TEST_STEP][PASSED] - Statement - reportgroup = "(//div[@class='ctable']/table/tbody/tr[@class='tdata clear'])[" + i + "]/td[7]": null

2018-06-14 17:25:43 - [TEST_STEP][PASSED] - Statement - reportgroupTxt = driver.findElement(org.openqa.selenium.By.xpath(reportgroup)).getText(): null

2018-06-14 17:25:43 - [TEST_STEP][PASSED] - Statement - If (reportgroupTxt == "AutomationGroup1"): null

2018-06-14 17:25:43 - [TEST_STEP][PASSED] - Statement - println("Report group has right group name"): null

2018-06-14 17:25:43 - [TEST_STEP][PASSED] - Statement - reportgroup = "(//div[@class='ctable']/table/tbody/tr[@class='tdata clear'])[" + i + "]/td[7]": null

2018-06-14 17:25:43 - [TEST_STEP][PASSED] - Statement - reportgroupTxt = driver.findElement(org.openqa.selenium.By.xpath(reportgroup)).getText(): null

2018-06-14 17:25:43 - [TEST_STEP][PASSED] - Statement - If (reportgroupTxt == "AutomationGroup1"): null

2018-06-14 17:25:43 - [TEST_STEP][PASSED] - Statement - println("Report group has right group name"): null

2018-06-14 17:25:43 - [TEST_STEP][PASSED] - Statement - reportgroup = "(//div[@class='ctable']/table/tbody/tr[@class='tdata clear'])[" + i + "]/td[7]": null

2018-06-14 17:25:43 - [TEST_STEP][PASSED] - Statement - reportgroupTxt = driver.findElement(org.openqa.selenium.By.xpath(reportgroup)).getText(): null

2018-06-14 17:25:43 - [TEST_STEP][PASSED] - Statement - If (reportgroupTxt == "AutomationGroup1"): null

2018-06-14 17:25:43 - [TEST_STEP][PASSED] - Statement - println("Report group has right group name"): null

2018-06-14 17:25:43 - [TEST_STEP][PASSED] - Statement - reportgroup = "(//div[@class='ctable']/table/tbody/tr[@class='tdata clear'])[" + i + "]/td[7]": null

2018-06-14 17:25:43 - [TEST_STEP][PASSED] - Statement - reportgroupTxt = driver.findElement(org.openqa.selenium.By.xpath(reportgroup)).getText(): null

2018-06-14 17:25:43 - [TEST_STEP][PASSED] - Statement - If (reportgroupTxt == "AutomationGroup1"): null

2018-06-14 17:25:43 - [TEST_STEP][PASSED] - Statement - println("Report group has right group name"): null

2018-06-14 17:25:43 - [TEST_STEP][PASSED] - Statement - reportgroup = "(//div[@class='ctable']/table/tbody/tr[@class='tdata clear'])[" + i + "]/td[7]": null

2018-06-14 17:25:43 - [TEST_STEP][PASSED] - Statement - reportgroupTxt = driver.findElement(org.openqa.selenium.By.xpath(reportgroup)).getText(): null

2018-06-14 17:25:43 - [TEST_STEP][PASSED] - Statement - If (reportgroupTxt == "AutomationGroup1"): null

2018-06-14 17:25:43 - [TEST_STEP][PASSED] - Statement - println("Report group has right group name"): null

2018-06-14 17:25:43 - [TEST_STEP][PASSED] - Statement - reportgroup = "(//div[@class='ctable']/table/tbody/tr[@class='tdata clear'])[" + i + "]/td[7]": null

2018-06-14 17:25:43 - [TEST_STEP][PASSED] - Statement - reportgroupTxt = driver.findElement(org.openqa.selenium.By.xpath(reportgroup)).getText(): null

2018-06-14 17:25:43 - [TEST_STEP][PASSED] - Statement - If (reportgroupTxt == "AutomationGroup1"): null

2018-06-14 17:25:43 - [TEST_STEP][PASSED] - Statement - println("Report group has right group name"): null

2018-06-14 17:25:43 - [TEST_STEP][PASSED] - Statement - reportgroup = "(//div[@class='ctable']/table/tbody/tr[@class='tdata clear'])[" + i + "]/td[7]": null

2018-06-14 17:25:43 - [TEST_STEP][PASSED] - Statement - reportgroupTxt = driver.findElement(org.openqa.selenium.By.xpath(reportgroup)).getText(): null

2018-06-14 17:25:43 - [TEST_STEP][PASSED] - Statement - If (reportgroupTxt == "AutomationGroup1"): null

2018-06-14 17:25:43 - [TEST_STEP][PASSED] - Statement - println("Report group has right group name"): null

2018-06-14 17:25:43 - [TEST_STEP][PASSED] - Statement - reportgroup = "(//div[@class='ctable']/table/tbody/tr[@class='tdata clear'])[" + i + "]/td[7]": null

2018-06-14 17:25:43 - [TEST_STEP][PASSED] - Statement - reportgroupTxt = driver.findElement(org.openqa.selenium.By.xpath(reportgroup)).getText(): null

2018-06-14 17:25:43 - [TEST_STEP][PASSED] - Statement - If (reportgroupTxt == "AutomationGroup1"): null

2018-06-14 17:25:43 - [TEST_STEP][PASSED] - Statement - println("Report group has right group name"): null

2018-06-14 17:25:43 - [TEST_STEP][PASSED] - Statement - reportgroup = "(//div[@class='ctable']/table/tbody/tr[@class='tdata clear'])[" + i + "]/td[7]": null

2018-06-14 17:25:43 - [TEST_STEP][PASSED] - Statement - reportgroupTxt = driver.findElement(org.openqa.selenium.By.xpath(reportgroup)).getText(): null

2018-06-14 17:25:43 - [TEST_STEP][PASSED] - Statement - If (reportgroupTxt == "AutomationGroup1"): null

2018-06-14 17:25:43 - [TEST_STEP][PASSED] - Statement - println("Report group has right group name"): null

2018-06-14 17:25:43 - [TEST_STEP][PASSED] - Statement - reportgroup = "(//div[@class='ctable']/table/tbody/tr[@class='tdata clear'])[" + i + "]/td[7]": null

2018-06-14 17:25:43 - [TEST_STEP][PASSED] - Statement - reportgroupTxt = driver.findElement(org.openqa.selenium.By.xpath(reportgroup)).getText(): null

2018-06-14 17:25:43 - [TEST_STEP][PASSED] - Statement - If (reportgroupTxt == "AutomationGroup1"): null

2018-06-14 17:25:43 - [TEST_STEP][PASSED] - Statement - println("Report group has right group name"): null

2018-06-14 17:25:43 - [TEST_STEP][PASSED] - Statement - reportgroup = "(//div[@class='ctable']/table/tbody/tr[@class='tdata clear'])[" + i + "]/td[7]": null

2018-06-14 17:25:43 - [TEST_STEP][PASSED] - Statement - reportgroupTxt = driver.findElement(org.openqa.selenium.By.xpath(reportgroup)).getText(): null

2018-06-14 17:25:43 - [TEST_STEP][PASSED] - Statement - If (reportgroupTxt == "AutomationGroup1"): null

2018-06-14 17:25:43 - [TEST_STEP][PASSED] - Statement - Else: null

2018-06-14 17:25:43 - [TEST_STEP][PASSED] - Statement - If (!(TCflag)): null

2018-06-14 17:25:43 - [TEST_STEP][PASSED] - Statement - reportgroup = "(//div[@class='ctable']/table/tbody/tr[@class='tdata clear'])[" + i + "]/td[7]": null

2018-06-14 17:25:43 - [TEST_STEP][PASSED] - Statement - reportgroupTxt = driver.findElement(org.openqa.selenium.By.xpath(reportgroup)).getText(): null

2018-06-14 17:25:43 - [TEST_STEP][PASSED] - Statement - If (reportgroupTxt == "AutomationGroup1"): null

2018-06-14 17:25:43 - [TEST_STEP][PASSED] - Statement - Else: null

2018-06-14 17:25:43 - [TEST_STEP][PASSED] - Statement - If (!(TCflag)): null

2018-06-14 17:25:43 - [TEST_STEP][PASSED] - Statement - reportgroup = "(//div[@class='ctable']/table/tbody/tr[@class='tdata clear'])[" + i + "]/td[7]": null

2018-06-14 17:25:43 - [TEST_STEP][PASSED] - Statement - reportgroupTxt = driver.findElement(org.openqa.selenium.By.xpath(reportgroup)).getText(): null

2018-06-14 17:25:43 - [TEST_STEP][PASSED] - Statement - If (reportgroupTxt == "AutomationGroup1"): null

2018-06-14 17:25:43 - [TEST_STEP][PASSED] - Statement - println("Report group has right group name"): null

2018-06-14 17:25:43 - [TEST_STEP][PASSED] - Statement - reportgroup = "(//div[@class='ctable']/table/tbody/tr[@class='tdata clear'])[" + i + "]/td[7]": null

2018-06-14 17:25:43 - [TEST_STEP][PASSED] - Statement - reportgroupTxt = driver.findElement(org.openqa.selenium.By.xpath(reportgroup)).getText(): null

2018-06-14 17:25:43 - [TEST_STEP][PASSED] - Statement - If (reportgroupTxt == "AutomationGroup1"): null

2018-06-14 17:25:43 - [TEST_STEP][PASSED] - Statement - println("Report group has right group name"): null

2018-06-14 17:25:43 - [TEST_STEP][PASSED] - Statement - reportgroup = "(//div[@class='ctable']/table/tbody/tr[@class='tdata clear'])[" + i + "]/td[7]": null

2018-06-14 17:25:43 - [TEST_STEP][PASSED] - Statement - reportgroupTxt = driver.findElement(org.openqa.selenium.By.xpath(reportgroup)).getText(): null

2018-06-14 17:25:43 - [TEST_STEP][PASSED] - Statement - If (reportgroupTxt == "AutomationGroup1"): null

2018-06-14 17:25:43 - [TEST_STEP][PASSED] - Statement - println("Report group has right group name"): null

2018-06-14 17:25:43 - [TEST_STEP][PASSED] - Statement - reportgroup = "(//div[@class='ctable']/table/tbody/tr[@class='tdata clear'])[" + i + "]/td[7]": null

2018-06-14 17:25:43 - [TEST_STEP][PASSED] - Statement - reportgroupTxt = driver.findElement(org.openqa.selenium.By.xpath(reportgroup)).getText(): null

2018-06-14 17:25:43 - [TEST_STEP][PASSED] - Statement - If (reportgroupTxt == "AutomationGroup1"): null

2018-06-14 17:25:43 - [TEST_STEP][PASSED] - Statement - println("Report group has right group name"): null

2018-06-14 17:25:43 - [TEST_STEP][PASSED] - Statement - reportgroup = "(//div[@class='ctable']/table/tbody/tr[@class='tdata clear'])[" + i + "]/td[7]": null

2018-06-14 17:25:43 - [TEST_STEP][PASSED] - Statement - reportgroupTxt = driver.findElement(org.openqa.selenium.By.xpath(reportgroup)).getText(): null

2018-06-14 17:25:43 - [TEST_STEP][PASSED] - Statement - If (reportgroupTxt == "AutomationGroup1"): null

2018-06-14 17:25:43 - [TEST_STEP][PASSED] - Statement - println("Report group has right group name"): null

2018-06-14 17:25:43 - [TEST_STEP][PASSED] - Statement - reportgroup = "(//div[@class='ctable']/table/tbody/tr[@class='tdata clear'])[" + i + "]/td[7]": null

2018-06-14 17:25:43 - [TEST_STEP][PASSED] - Statement - reportgroupTxt = driver.findElement(org.openqa.selenium.By.xpath(reportgroup)).getText(): null

2018-06-14 17:25:43 - [TEST_STEP][PASSED] - Statement - If (reportgroupTxt == "AutomationGroup1"): null

2018-06-14 17:25:43 - [TEST_STEP][PASSED] - Statement - println("Report group has right group name"): null

2018-06-14 17:25:43 - [TEST_STEP][PASSED] - Statement - reportgroup = "(//div[@class='ctable']/table/tbody/tr[@class='tdata clear'])[" + i + "]/td[7]": null

2018-06-14 17:25:43 - [TEST_STEP][PASSED] - Statement - reportgroupTxt = driver.findElement(org.openqa.selenium.By.xpath(reportgroup)).getText(): null

2018-06-14 17:25:43 - [TEST_STEP][PASSED] - Statement - If (reportgroupTxt == "AutomationGroup1"): null

2018-06-14 17:25:43 - [TEST_STEP][PASSED] - Statement - Else: null

2018-06-14 17:25:43 - [TEST_STEP][PASSED] - Statement - If (!(TCflag)): null

2018-06-14 17:25:43 - [TEST_STEP][PASSED] - Statement - reportgroup = "(//div[@class='ctable']/table/tbody/tr[@class='tdata clear'])[" + i + "]/td[7]": null

2018-06-14 17:25:43 - [TEST_STEP][PASSED] - Statement - reportgroupTxt = driver.findElement(org.openqa.selenium.By.xpath(reportgroup)).getText(): null

2018-06-14 17:25:43 - [TEST_STEP][PASSED] - Statement - If (reportgroupTxt == "AutomationGroup1"): null

2018-06-14 17:25:43 - [TEST_STEP][PASSED] - Statement - println("Report group has right group name"): null

2018-06-14 17:25:43 - [TEST_STEP][PASSED] - Statement - reportgroup = "(//div[@class='ctable']/table/tbody/tr[@class='tdata clear'])[" + i + "]/td[7]": null

2018-06-14 17:25:43 - [TEST_STEP][PASSED] - Statement - reportgroupTxt = driver.findElement(org.openqa.selenium.By.xpath(reportgroup)).getText(): null

2018-06-14 17:25:43 - [TEST_STEP][PASSED] - Statement - If (reportgroupTxt == "AutomationGroup1"): null

2018-06-14 17:25:43 - [TEST_STEP][PASSED] - Statement - println("Report group has right group name"): null

2018-06-14 17:25:43 - [TEST_STEP][PASSED] - Statement - reportgroup = "(//div[@class='ctable']/table/tbody/tr[@class='tdata clear'])[" + i + "]/td[7]": null

2018-06-14 17:25:43 - [TEST_STEP][PASSED] - Statement - reportgroupTxt = driver.findElement(org.openqa.selenium.By.xpath(reportgroup)).getText(): null

2018-06-14 17:25:43 - [TEST_STEP][PASSED] - Statement - If (reportgroupTxt == "AutomationGroup1"): null

2018-06-14 17:25:43 - [TEST_STEP][PASSED] - Statement - println("Report group has right group name"): null

2018-06-14 17:25:43 - [TEST_STEP][PASSED] - Statement - reportgroup = "(//div[@class='ctable']/table/tbody/tr[@class='tdata clear'])[" + i + "]/td[7]": null

2018-06-14 17:25:43 - [TEST_STEP][PASSED] - Statement - reportgroupTxt = driver.findElement(org.openqa.selenium.By.xpath(reportgroup)).getText(): null

2018-06-14 17:25:43 - [TEST_STEP][PASSED] - Statement - If (reportgroupTxt == "AutomationGroup1"): null

2018-06-14 17:25:43 - [TEST_STEP][PASSED] - Statement - Else: null

2018-06-14 17:25:43 - [TEST_STEP][PASSED] - Statement - If (!(TCflag)): null

2018-06-14 17:25:43 - [TEST_STEP][PASSED] - Statement - reportgroup = "(//div[@class='ctable']/table/tbody/tr[@class='tdata clear'])[" + i + "]/td[7]": null

2018-06-14 17:25:43 - [TEST_STEP][PASSED] - Statement - reportgroupTxt = driver.findElement(org.openqa.selenium.By.xpath(reportgroup)).getText(): null

2018-06-14 17:25:43 - [TEST_STEP][PASSED] - Statement - If (reportgroupTxt == "AutomationGroup1"): null

2018-06-14 17:25:43 - [TEST_STEP][PASSED] - Statement - println("Report group has right group name"): null

2018-06-14 17:25:43 - [TEST_STEP][PASSED] - Statement - reportgroup = "(//div[@class='ctable']/table/tbody/tr[@class='tdata clear'])[" + i + "]/td[7]": null

2018-06-14 17:25:43 - [TEST_STEP][PASSED] - Statement - reportgroupTxt = driver.findElement(org.openqa.selenium.By.xpath(reportgroup)).getText(): null

2018-06-14 17:25:43 - [TEST_STEP][PASSED] - Statement - If (reportgroupTxt == "AutomationGroup1"): null

2018-06-14 17:25:43 - [TEST_STEP][PASSED] - Statement - println("Report group has right group name"): null

2018-06-14 17:25:43 - [TEST_STEP][PASSED] - Statement - reportgroup = "(//div[@class='ctable']/table/tbody/tr[@class='tdata clear'])[" + i + "]/td[7]": null

2018-06-14 17:25:43 - [TEST_STEP][PASSED] - Statement - reportgroupTxt = driver.findElement(org.openqa.selenium.By.xpath(reportgroup)).getText(): null

2018-06-14 17:25:43 - [TEST_STEP][PASSED] - Statement - If (reportgroupTxt == "AutomationGroup1"): null

2018-06-14 17:25:43 - [TEST_STEP][PASSED] - Statement - println("Report group has right group name"): null

2018-06-14 17:25:43 - [TEST_STEP][PASSED] - Statement - reportgroup = "(//div[@class='ctable']/table/tbody/tr[@class='tdata clear'])[" + i + "]/td[7]": null

2018-06-14 17:25:43 - [TEST_STEP][PASSED] - Statement - reportgroupTxt = driver.findElement(org.openqa.selenium.By.xpath(reportgroup)).getText(): null

2018-06-14 17:25:43 - [TEST_STEP][PASSED] - Statement - If (reportgroupTxt == "AutomationGroup1"): null

2018-06-14 17:25:43 - [TEST_STEP][PASSED] - Statement - println("Report group has right group name"): null

2018-06-14 17:25:43 - [TEST_STEP][PASSED] - Statement - reportgroup = "(//div[@class='ctable']/table/tbody/tr[@class='tdata clear'])[" + i + "]/td[7]": null

2018-06-14 17:25:43 - [TEST_STEP][PASSED] - Statement - reportgroupTxt = driver.findElement(org.openqa.selenium.By.xpath(reportgroup)).getText(): null

2018-06-14 17:25:43 - [TEST_STEP][PASSED] - Statement - If (reportgroupTxt == "AutomationGroup1"): null

2018-06-14 17:25:43 - [TEST_STEP][PASSED] - Statement - println("Report group has right group name"): null

2018-06-14 17:25:43 - [TEST_STEP][PASSED] - Statement - reportgroup = "(//div[@class='ctable']/table/tbody/tr[@class='tdata clear'])[" + i + "]/td[7]": null

2018-06-14 17:25:43 - [TEST_STEP][PASSED] - Statement - reportgroupTxt = driver.findElement(org.openqa.selenium.By.xpath(reportgroup)).getText(): null

2018-06-14 17:25:43 - [TEST_STEP][PASSED] - Statement - If (reportgroupTxt == "AutomationGroup1"): null

2018-06-14 17:25:43 - [TEST_STEP][PASSED] - Statement - Else: null

2018-06-14 17:25:43 - [TEST_STEP][PASSED] - Statement - If (!(TCflag)): null

2018-06-14 17:25:43 - [TEST_STEP][PASSED] - Statement - reportgroup = "(//div[@class='ctable']/table/tbody/tr[@class='tdata clear'])[" + i + "]/td[7]": null

2018-06-14 17:25:43 - [TEST_STEP][PASSED] - Statement - reportgroupTxt = driver.findElement(org.openqa.selenium.By.xpath(reportgroup)).getText(): null

2018-06-14 17:25:44 - [TEST_STEP][PASSED] - Statement - If (reportgroupTxt == "AutomationGroup1"): null

2018-06-14 17:25:44 - [TEST_STEP][PASSED] - Statement - println("Report group has right group name"): null

2018-06-14 17:25:44 - [TEST_STEP][PASSED] - Statement - reportgroup = "(//div[@class='ctable']/table/tbody/tr[@class='tdata clear'])[" + i + "]/td[7]": null

2018-06-14 17:25:44 - [TEST_STEP][PASSED] - Statement - reportgroupTxt = driver.findElement(org.openqa.selenium.By.xpath(reportgroup)).getText(): null

2018-06-14 17:25:44 - [TEST_STEP][PASSED] - Statement - If (reportgroupTxt == "AutomationGroup1"): null

2018-06-14 17:25:44 - [TEST_STEP][PASSED] - Statement - println("Report group has right group name"): null

2018-06-14 17:25:44 - [TEST_STEP][PASSED] - Statement - reportgroup = "(//div[@class='ctable']/table/tbody/tr[@class='tdata clear'])[" + i + "]/td[7]": null

2018-06-14 17:25:44 - [TEST_STEP][PASSED] - Statement - reportgroupTxt = driver.findElement(org.openqa.selenium.By.xpath(reportgroup)).getText(): null

2018-06-14 17:25:44 - [TEST_STEP][PASSED] - Statement - If (reportgroupTxt == "AutomationGroup1"): null

2018-06-14 17:25:44 - [TEST_STEP][PASSED] - Statement - println("Report group has right group name"): null

2018-06-14 17:25:44 - [TEST_STEP][PASSED] - Statement - reportgroup = "(//div[@class='ctable']/table/tbody/tr[@class='tdata clear'])[" + i + "]/td[7]": null

2018-06-14 17:25:44 - [TEST_STEP][PASSED] - Statement - reportgroupTxt = driver.findElement(org.openqa.selenium.By.xpath(reportgroup)).getText(): null

2018-06-14 17:25:44 - [TEST_STEP][PASSED] - Statement - If (reportgroupTxt == "AutomationGroup1"): null

2018-06-14 17:25:44 - [TEST_STEP][PASSED] - Statement - println("Report group has right group name"): null

2018-06-14 17:25:44 - [TEST_STEP][PASSED] - Statement - reportgroup = "(//div[@class='ctable']/table/tbody/tr[@class='tdata clear'])[" + i + "]/td[7]": null

2018-06-14 17:25:44 - [TEST_STEP][PASSED] - Statement - reportgroupTxt = driver.findElement(org.openqa.selenium.By.xpath(reportgroup)).getText(): null

2018-06-14 17:25:44 - [TEST_STEP][PASSED] - Statement - If (reportgroupTxt == "AutomationGroup1"): null

2018-06-14 17:25:44 - [TEST_STEP][PASSED] - Statement - println("Report group has right group name"): null

2018-06-14 17:25:44 - [TEST_STEP][PASSED] - Statement - reportgroup = "(//div[@class='ctable']/table/tbody/tr[@class='tdata clear'])[" + i + "]/td[7]": null

2018-06-14 17:25:44 - [TEST_STEP][PASSED] - Statement - reportgroupTxt = driver.findElement(org.openqa.selenium.By.xpath(reportgroup)).getText(): null

2018-06-14 17:25:44 - [TEST_STEP][PASSED] - Statement - If (reportgroupTxt == "AutomationGroup1"): null

2018-06-14 17:25:44 - [TEST_STEP][PASSED] - Statement - println("Report group has right group name"): null

2018-06-14 17:25:44 - [TEST_STEP][PASSED] - Statement - reportgroup = "(//div[@class='ctable']/table/tbody/tr[@class='tdata clear'])[" + i + "]/td[7]": null

2018-06-14 17:25:44 - [TEST_STEP][PASSED] - Statement - reportgroupTxt = driver.findElement(org.openqa.selenium.By.xpath(reportgroup)).getText(): null

2018-06-14 17:25:44 - [TEST_STEP][PASSED] - Statement - If (reportgroupTxt == "AutomationGroup1"): null

2018-06-14 17:25:44 - [TEST_STEP][PASSED] - Statement - println("Report group has right group name"): null

2018-06-14 17:25:44 - [TEST_STEP][PASSED] - Statement - reportgroup = "(//div[@class='ctable']/table/tbody/tr[@class='tdata clear'])[" + i + "]/td[7]": null

2018-06-14 17:25:44 - [TEST_STEP][PASSED] - Statement - reportgroupTxt = driver.findElement(org.openqa.selenium.By.xpath(reportgroup)).getText(): null

2018-06-14 17:25:44 - [TEST_STEP][PASSED] - Statement - If (reportgroupTxt == "AutomationGroup1"): null

2018-06-14 17:25:44 - [TEST_STEP][PASSED] - Statement - println("Report group has right group name"): null

2018-06-14 17:25:44 - [TEST_STEP][PASSED] - Statement - reportgroup = "(//div[@class='ctable']/table/tbody/tr[@class='tdata clear'])[" + i + "]/td[7]": null

2018-06-14 17:25:44 - [TEST_STEP][PASSED] - Statement - reportgroupTxt = driver.findElement(org.openqa.selenium.By.xpath(reportgroup)).getText(): null

2018-06-14 17:25:44 - [TEST_STEP][PASSED] - Statement - If (reportgroupTxt == "AutomationGroup1"): null

2018-06-14 17:25:44 - [TEST_STEP][PASSED] - Statement - println("Report group has right group name"): null

2018-06-14 17:25:44 - [TEST_STEP][PASSED] - Statement - reportgroup = "(//div[@class='ctable']/table/tbody/tr[@class='tdata clear'])[" + i + "]/td[7]": null

2018-06-14 17:25:44 - [TEST_STEP][PASSED] - Statement - reportgroupTxt = driver.findElement(org.openqa.selenium.By.xpath(reportgroup)).getText(): null

2018-06-14 17:25:44 - [TEST_STEP][PASSED] - Statement - If (reportgroupTxt == "AutomationGroup1"): null

2018-06-14 17:25:44 - [TEST_STEP][PASSED] - Statement - println("Report group has right group name"): null

2018-06-14 17:25:44 - [TEST_STEP][PASSED] - Statement - reportgroup = "(//div[@class='ctable']/table/tbody/tr[@class='tdata clear'])[" + i + "]/td[7]": null

2018-06-14 17:25:44 - [TEST_STEP][PASSED] - Statement - reportgroupTxt = driver.findElement(org.openqa.selenium.By.xpath(reportgroup)).getText(): null

2018-06-14 17:25:44 - [TEST_STEP][PASSED] - Statement - If (reportgroupTxt == "AutomationGroup1"): null

2018-06-14 17:25:44 - [TEST_STEP][PASSED] - Statement - Else: null

2018-06-14 17:25:44 - [TEST_STEP][PASSED] - Statement - If (!(TCflag)): null

2018-06-14 17:25:44 - [TEST_STEP][PASSED] - Statement - reportgroup = "(//div[@class='ctable']/table/tbody/tr[@class='tdata clear'])[" + i + "]/td[7]": null

2018-06-14 17:25:44 - [TEST_STEP][PASSED] - Statement - reportgroupTxt = driver.findElement(org.openqa.selenium.By.xpath(reportgroup)).getText(): null

2018-06-14 17:25:44 - [TEST_STEP][PASSED] - Statement - If (reportgroupTxt == "AutomationGroup1"): null

2018-06-14 17:25:44 - [TEST_STEP][PASSED] - Statement - Else: null

2018-06-14 17:25:44 - [TEST_STEP][PASSED] - Statement - If (!(TCflag)): null

2018-06-14 17:25:44 - [TEST_STEP][PASSED] - Statement - reportgroup = "(//div[@class='ctable']/table/tbody/tr[@class='tdata clear'])[" + i + "]/td[7]": null

2018-06-14 17:25:44 - [TEST_STEP][PASSED] - Statement - reportgroupTxt = driver.findElement(org.openqa.selenium.By.xpath(reportgroup)).getText(): null

2018-06-14 17:25:44 - [TEST_STEP][PASSED] - Statement - If (reportgroupTxt == "AutomationGroup1"): null

2018-06-14 17:25:44 - [TEST_STEP][PASSED] - Statement - Else: null

2018-06-14 17:25:44 - [TEST_STEP][PASSED] - Statement - If (!(TCflag)): null

2018-06-14 17:25:44 - [TEST_STEP][PASSED] - Statement - reportgroup = "(//div[@class='ctable']/table/tbody/tr[@class='tdata clear'])[" + i + "]/td[7]": null

2018-06-14 17:25:44 - [TEST_STEP][PASSED] - Statement - reportgroupTxt = driver.findElement(org.openqa.selenium.By.xpath(reportgroup)).getText(): null

2018-06-14 17:25:44 - [TEST_STEP][PASSED] - Statement - If (reportgroupTxt == "AutomationGroup1"): null

2018-06-14 17:25:44 - [TEST_STEP][PASSED] - Statement - println("Report group has right group name"): null

2018-06-14 17:25:44 - [TEST_STEP][PASSED] - Statement - reportgroup = "(//div[@class='ctable']/table/tbody/tr[@class='tdata clear'])[" + i + "]/td[7]": null

2018-06-14 17:25:44 - [TEST_STEP][PASSED] - Statement - reportgroupTxt = driver.findElement(org.openqa.selenium.By.xpath(reportgroup)).getText(): null

2018-06-14 17:25:44 - [TEST_STEP][PASSED] - Statement - If (reportgroupTxt == "AutomationGroup1"): null

2018-06-14 17:25:44 - [TEST_STEP][PASSED] - Statement - println("Report group has right group name"): null

2018-06-14 17:25:44 - [TEST_STEP][PASSED] - Statement - reportgroup = "(//div[@class='ctable']/table/tbody/tr[@class='tdata clear'])[" + i + "]/td[7]": null

2018-06-14 17:25:44 - [TEST_STEP][PASSED] - Statement - reportgroupTxt = driver.findElement(org.openqa.selenium.By.xpath(reportgroup)).getText(): null

2018-06-14 17:25:44 - [TEST_STEP][PASSED] - Statement - If (reportgroupTxt == "AutomationGroup1"): null

2018-06-14 17:25:44 - [TEST_STEP][PASSED] - Statement - println("Report group has right group name"): null

2018-06-14 17:25:44 - [TEST_STEP][PASSED] - Statement - reportgroup = "(//div[@class='ctable']/table/tbody/tr[@class='tdata clear'])[" + i + "]/td[7]": null

2018-06-14 17:25:44 - [TEST_STEP][PASSED] - Statement - reportgroupTxt = driver.findElement(org.openqa.selenium.By.xpath(reportgroup)).getText(): null

2018-06-14 17:25:44 - [TEST_STEP][PASSED] - Statement - If (reportgroupTxt == "AutomationGroup1"): null

2018-06-14 17:25:44 - [TEST_STEP][PASSED] - Statement - println("Report group has right group name"): null

2018-06-14 17:25:44 - [TEST_STEP][PASSED] - Statement - reportgroup = "(//div[@class='ctable']/table/tbody/tr[@class='tdata clear'])[" + i + "]/td[7]": null

2018-06-14 17:25:44 - [TEST_STEP][PASSED] - Statement - reportgroupTxt = driver.findElement(org.openqa.selenium.By.xpath(reportgroup)).getText(): null

2018-06-14 17:25:44 - [TEST_STEP][PASSED] - Statement - If (reportgroupTxt == "AutomationGroup1"): null

2018-06-14 17:25:44 - [TEST_STEP][PASSED] - Statement - println("Report group has right group name"): null

2018-06-14 17:25:44 - [TEST_STEP][PASSED] - Statement - reportgroup = "(//div[@class='ctable']/table/tbody/tr[@class='tdata clear'])[" + i + "]/td[7]": null

2018-06-14 17:25:44 - [TEST_STEP][PASSED] - Statement - reportgroupTxt = driver.findElement(org.openqa.selenium.By.xpath(reportgroup)).getText(): null

2018-06-14 17:25:44 - [TEST_STEP][PASSED] - Statement - If (reportgroupTxt == "AutomationGroup1"): null

2018-06-14 17:25:44 - [TEST_STEP][PASSED] - Statement - println("Report group has right group name"): null

2018-06-14 17:25:44 - [TEST_STEP][PASSED] - Statement - reportgroup = "(//div[@class='ctable']/table/tbody/tr[@class='tdata clear'])[" + i + "]/td[7]": null

2018-06-14 17:25:44 - [TEST_STEP][PASSED] - Statement - reportgroupTxt = driver.findElement(org.openqa.selenium.By.xpath(reportgroup)).getText(): null

2018-06-14 17:25:44 - [TEST_STEP][PASSED] - Statement - If (reportgroupTxt == "AutomationGroup1"): null

2018-06-14 17:25:44 - [TEST_STEP][PASSED] - Statement - println("Report group has right group name"): null

2018-06-14 17:25:44 - [TEST_STEP][PASSED] - Statement - reportgroup = "(//div[@class='ctable']/table/tbody/tr[@class='tdata clear'])[" + i + "]/td[7]": null

2018-06-14 17:25:44 - [TEST_STEP][PASSED] - Statement - reportgroupTxt = driver.findElement(org.openqa.selenium.By.xpath(reportgroup)).getText(): null

2018-06-14 17:25:44 - [TEST_STEP][PASSED] - Statement - If (reportgroupTxt == "AutomationGroup1"): null

2018-06-14 17:25:44 - [TEST_STEP][PASSED] - Statement - println("Report group has right group name"): null

2018-06-14 17:25:44 - [TEST_STEP][PASSED] - Statement - reportgroup = "(//div[@class='ctable']/table/tbody/tr[@class='tdata clear'])[" + i + "]/td[7]": null

2018-06-14 17:25:44 - [TEST_STEP][PASSED] - Statement - reportgroupTxt = driver.findElement(org.openqa.selenium.By.xpath(reportgroup)).getText(): null

2018-06-14 17:25:44 - [TEST_STEP][PASSED] - Statement - If (reportgroupTxt == "AutomationGroup1"): null

2018-06-14 17:25:44 - [TEST_STEP][PASSED] - Statement - println("Report group has right group name"): null

2018-06-14 17:25:44 - [TEST_STEP][PASSED] - Statement - reportgroup = "(//div[@class='ctable']/table/tbody/tr[@class='tdata clear'])[" + i + "]/td[7]": null

2018-06-14 17:25:44 - [TEST_STEP][PASSED] - Statement - reportgroupTxt = driver.findElement(org.openqa.selenium.By.xpath(reportgroup)).getText(): null

2018-06-14 17:25:44 - [TEST_STEP][PASSED] - Statement - If (reportgroupTxt == "AutomationGroup1"): null

2018-06-14 17:25:44 - [TEST_STEP][PASSED] - Statement - println("Report group has right group name"): null

2018-06-14 17:25:44 - [TEST_STEP][PASSED] - Statement - reportgroup = "(//div[@class='ctable']/table/tbody/tr[@class='tdata clear'])[" + i + "]/td[7]": null

2018-06-14 17:25:44 - [TEST_STEP][PASSED] - Statement - reportgroupTxt = driver.findElement(org.openqa.selenium.By.xpath(reportgroup)).getText(): null

2018-06-14 17:25:44 - [TEST_STEP][PASSED] - Statement - If (reportgroupTxt == "AutomationGroup1"): null

2018-06-14 17:25:44 - [TEST_STEP][PASSED] - Statement - println("Report group has right group name"): null

2018-06-14 17:25:44 - [TEST_STEP][PASSED] - uiaction.CommonUIActions.click: uiaction.CommonUIActions.click is PASSED

2018-06-14 17:25:45 - [MESSAGE][PASSED] - uiaction.CommonUIActions.click is PASSED

2018-06-14 17:25:45 - [TEST_STEP][PASSED] - delay: Delayed 5 second(s)

2018-06-14 17:25:50 - [MESSAGE][PASSED] - Delayed 5 second(s)

2018-06-14 17:25:50 - [TEST_STEP][PASSED] - uiaction.CommonUIActions.click: uiaction.CommonUIActions.click is PASSED

2018-06-14 17:25:50 - [MESSAGE][PASSED] - uiaction.CommonUIActions.click is PASSED

2018-06-14 17:25:50 - [TEST_STEP][PASSED] - delay: Delayed 5 second(s)

2018-06-14 17:25:55 - [MESSAGE][PASSED] - Delayed 5 second(s)

2018-06-14 17:25:55 - [TEST_STEP][PASSED] - uiaction.CommonUIActions.click: uiaction.CommonUIActions.click is PASSED

2018-06-14 17:25:55 - [MESSAGE][PASSED] - uiaction.CommonUIActions.click is PASSED

2018-06-14 17:25:55 - [TEST_STEP][PASSED] - uiaction.CommonUIActions.click: uiaction.CommonUIActions.click is PASSED

2018-06-14 17:25:55 - [MESSAGE][PASSED] - uiaction.CommonUIActions.click is PASSED

2018-06-14 17:25:55 - [TEST_STEP][PASSED] - uiaction.CommonUIActions.click: uiaction.CommonUIActions.click is PASSED

2018-06-14 17:25:55 - [MESSAGE][PASSED] - uiaction.CommonUIActions.click is PASSED

2018-06-14 17:25:55 - [TEST_STEP][PASSED] - delay: Delayed 10 second(s)

2018-06-14 17:26:05 - [MESSAGE][PASSED] - Delayed 10 second(s)

2018-06-14 17:26:05 - [TEST_STEP][PASSED] - uiaction.CommonUIActions.back: uiaction.CommonUIActions.back is PASSED

2018-06-14 17:26:05 - [MESSAGE][PASSED] - Navigate back successfully

2018-06-14 17:26:05 - [MESSAGE][PASSED] - uiaction.CommonUIActions.back is PASSED

2018-06-14 17:26:05 - [TEST_STEP][PASSED] - delay: Delayed 5 second(s)

2018-06-14 17:26:10 - [MESSAGE][PASSED] - Delayed 5 second(s)

2018-06-14 17:26:10 - [TEST_STEP][PASSED] - uiaction.CommonUIActions.back: uiaction.CommonUIActions.back is PASSED

2018-06-14 17:26:10 - [MESSAGE][PASSED] - Navigate back successfully

2018-06-14 17:26:10 - [MESSAGE][PASSED] - uiaction.CommonUIActions.back is PASSED

2018-06-14 17:26:10 - [TEST_STEP][PASSED] - uiaction.CommonUIActions.click: uiaction.CommonUIActions.click is PASSED

2018-06-14 17:26:11 - [MESSAGE][PASSED] - uiaction.CommonUIActions.click is PASSED

2018-06-14 17:26:11 - [TEST_STEP][PASSED] - uiaction.CommonUIActions.click: uiaction.CommonUIActions.click is PASSED

2018-06-14 17:26:11 - [MESSAGE][PASSED] - uiaction.CommonUIActions.click is PASSED

2018-06-14 17:26:11 - [TEST_STEP][PASSED] - uiaction.CommonUIActions.click: uiaction.CommonUIActions.click is PASSED

2018-06-14 17:26:11 - [MESSAGE][PASSED] - uiaction.CommonUIActions.click is PASSED

2018-06-14 17:26:11 - [TEST_STEP][PASSED] - uiaction.CommonUIActions.click: uiaction.CommonUIActions.click is PASSED

2018-06-14 17:26:15 - [MESSAGE][PASSED] - uiaction.CommonUIActions.click is PASSED

2018-06-14 17:26:15 - [TEST_STEP][PASSED] - Statement - assert TCflag == true: null

2018-06-14 17:26:15 - [TEST_STEP][PASSED] - Start listener action : sampleAfterTestCase: Browser is closed

2018-06-14 17:26:15 - [TEST_STEP][PASSED] - Statement - println(testCaseContext.getTestCaseId()): null

2018-06-14 17:26:15 - [TEST_STEP][PASSED] - Statement - println(testCaseContext.getTestCaseStatus()): null

2018-06-14 17:26:15 - [TEST_STEP][PASSED] - closeBrowser: Browser is closed

2018-06-14 17:26:16 - [MESSAGE][PASSED] - Browser is closed]]></system-out>
         <system-err><![CDATA[]]></system-err>
      </testcase>
      <testcase name="Test Cases/CreateGroupTC/HME-CreateGroup-08" classname="Test Cases/CreateGroupTC/HME-CreateGroup-08" status="FAILED">
         <failure type="FAILED" message="Unable to verify match between actual text 'Group already exist in the user account' and expected text 'Web element with id: 'Object Repository/ReportingGroupManagement/groupCreationErrorMessage' located by 'By.xpath: //div[@class='alert alert-danger'] 
' not found' (Root cause: Actual text 'Group already exist in the user account' and expected text 'Web element with id: 'Object Repository/ReportingGroupManagement/groupCreationErrorMessage' located by 'By.xpath: //div[@class='alert alert-danger'] 
' not found' are not matched)"/>
         <system-out><![CDATA[2018-06-14 17:26:16 - [TEST_CASE][FAILED] - Test Cases/CreateGroupTC/HME-CreateGroup-08: Test Cases/CreateGroupTC/HME-CreateGroup-08 FAILED because (of) Unable to verify match between actual text 'Group already exist in the user account' and expected text 'Web element with id: 'Object Repository/ReportingGroupManagement/groupCreationErrorMessage' located by 'By.xpath: //div[@class='alert alert-danger'] 
' not found' (Root cause: Actual text 'Group already exist in the user account' and expected text 'Web element with id: 'Object Repository/ReportingGroupManagement/groupCreationErrorMessage' located by 'By.xpath: //div[@class='alert alert-danger'] 
' not found' are not matched)

2018-06-14 17:26:16 - [TEST_STEP][PASSED] - Start listener action : sampleBeforeTestCase: uiaction.CommonUIActions.deleteAllCookies is PASSED

2018-06-14 17:26:16 - [TEST_STEP][PASSED] - openBrowser: Browser is opened with url: ''

2018-06-14 17:26:18 - [MESSAGE][PASSED] - Browser is opened with url: ''

2018-06-14 17:26:18 - [TEST_STEP][PASSED] - maximizeWindow: Current window maximized

2018-06-14 17:26:19 - [MESSAGE][PASSED] - Current window maximized

2018-06-14 17:26:19 - [TEST_STEP][PASSED] - uiaction.CommonUIActions.deleteAllCookies: uiaction.CommonUIActions.deleteAllCookies is PASSED

2018-06-14 17:26:19 - [MESSAGE][PASSED] - Delete all cookies successfully

2018-06-14 17:26:19 - [MESSAGE][PASSED] - uiaction.CommonUIActions.deleteAllCookies is PASSED

2018-06-14 17:26:19 - [TEST_STEP][PASSED] - Statement - TCflag = true: null

2018-06-14 17:26:19 - [TEST_STEP][FAILED] - Statement - Try: Finding web element with id: 'Object Repository/ReportingGroupManagement/groupNameTxt' located by 'By.xpath: //input[@type='text']' in '30' second(s)

2018-06-14 17:26:19 - [TEST_STEP][PASSED] - navigateToUrl: Navigate to 'https://hme-dev-public-cloud-app.azurewebsites.net/' successfully

2018-06-14 17:26:22 - [MESSAGE][PASSED] - Navigate to 'https://hme-dev-public-cloud-app.azurewebsites.net/' successfully

2018-06-14 17:26:22 - [TEST_STEP][PASSED] - projectSpecific.Reusability.login: projectSpecific.Reusability.login is PASSED

2018-06-14 17:26:22 - [MESSAGE][PASSED] - projectSpecific.Reusability.getTestData is PASSED

2018-06-14 17:26:22 - [MESSAGE][PASSED] - projectSpecific.Reusability.getTestData is PASSED

2018-06-14 17:26:22 - [MESSAGE][PASSED] - Text 'selvendrank@nousinfo.com' is set on object 'Object Repository/LoginPage/Username'

2018-06-14 17:26:22 - [MESSAGE][PASSED] - Text 'nous;123' is set on object 'Object Repository/LoginPage/Password'

2018-06-14 17:26:22 - [MESSAGE][PASSED] - Object: 'Object Repository/LoginPage/Login' is clicked on

2018-06-14 17:26:22 - [MESSAGE][PASSED] - projectSpecific.Reusability.login is PASSED

2018-06-14 17:26:22 - [TEST_STEP][PASSED] - delay: Delayed 10 second(s)

2018-06-14 17:26:32 - [MESSAGE][PASSED] - Delayed 10 second(s)

2018-06-14 17:26:32 - [TEST_STEP][PASSED] - Statement - driver = com.kms.katalon.core.webui.driver.DriverFactory.getWebDriver(): null

2018-06-14 17:26:32 - [TEST_STEP][PASSED] - uiaction.CommonUIActions.click: uiaction.CommonUIActions.click is PASSED

2018-06-14 17:26:53 - [MESSAGE][PASSED] - uiaction.CommonUIActions.click is PASSED

2018-06-14 17:26:53 - [TEST_STEP][PASSED] - uiaction.CommonUIActions.click: uiaction.CommonUIActions.click is PASSED

2018-06-14 17:26:55 - [MESSAGE][PASSED] - uiaction.CommonUIActions.click is PASSED

2018-06-14 17:26:55 - [TEST_STEP][PASSED] - uiaction.CommonUIActions.click: uiaction.CommonUIActions.click is PASSED

2018-06-14 17:26:55 - [MESSAGE][PASSED] - uiaction.CommonUIActions.click is PASSED

2018-06-14 17:26:55 - [TEST_STEP][PASSED] - delay: Delayed 10 second(s)

2018-06-14 17:27:05 - [MESSAGE][PASSED] - Delayed 10 second(s)

2018-06-14 17:27:05 - [TEST_STEP][PASSED] - Statement - existingGroup = CustomKeywords.projectSpecific.Reusability.getTestData("ReportingGroupManagementPage", "alreadyDeletedGroup"): projectSpecific.Reusability.getTestData is PASSED

2018-06-14 17:27:05 - [MESSAGE][PASSED] - projectSpecific.Reusability.getTestData is PASSED

2018-06-14 17:27:05 - [TEST_STEP][PASSED] - uiaction.CommonUIActions.enter: uiaction.CommonUIActions.enter is PASSED

2018-06-14 17:27:05 - [MESSAGE][PASSED] - uiaction.CommonUIActions.enter is PASSED

2018-06-14 17:27:05 - [TEST_STEP][PASSED] - uiaction.CommonUIActions.enter: uiaction.CommonUIActions.enter is PASSED

2018-06-14 17:27:05 - [MESSAGE][PASSED] - projectSpecific.Reusability.getTestData is PASSED

2018-06-14 17:27:05 - [MESSAGE][PASSED] - uiaction.CommonUIActions.enter is PASSED

2018-06-14 17:27:05 - [TEST_STEP][PASSED] - delay: Delayed 10 second(s)

2018-06-14 17:27:15 - [MESSAGE][PASSED] - Delayed 10 second(s)

2018-06-14 17:27:15 - [TEST_STEP][PASSED] - uiaction.CommonUIActions.click: uiaction.CommonUIActions.click is PASSED

2018-06-14 17:27:15 - [MESSAGE][PASSED] - uiaction.CommonUIActions.click is PASSED

2018-06-14 17:27:15 - [TEST_STEP][PASSED] - back: Navigate back successfully

2018-06-14 17:27:15 - [MESSAGE][PASSED] - Navigate back successfully

2018-06-14 17:27:15 - [TEST_STEP][PASSED] - delay: Delayed 10 second(s)

2018-06-14 17:27:25 - [MESSAGE][PASSED] - Delayed 10 second(s)

2018-06-14 17:27:25 - [TEST_STEP][PASSED] - back: Navigate back successfully

2018-06-14 17:27:25 - [MESSAGE][PASSED] - Navigate back successfully

2018-06-14 17:27:25 - [TEST_STEP][PASSED] - delay: Delayed 10 second(s)

2018-06-14 17:27:35 - [MESSAGE][PASSED] - Delayed 10 second(s)

2018-06-14 17:27:35 - [TEST_STEP][PASSED] - Statement - groupHierarchyList = driver.findElements(org.openqa.selenium.By.xpath(com.kms.katalon.core.testdata.TestDataFactory.findTestData(OR_file).getValue(2, 13))): Reading excel file with source file 'C:\Users\shalinin\Katalon Studio\HME_Scripts\Data Files\HME_OR.xlsx' and sheet name 'Sheet1'

2018-06-14 17:27:35 - [TEST_STEP][PASSED] - Statement - exists = false: null

2018-06-14 17:27:35 - [TEST_STEP][PASSED] - Statement - For ([i = 0, i < groupHierarchyList.size(), (i++)]): null

2018-06-14 17:27:35 - [TEST_STEP][PASSED] - Statement - If (groupHierarchyList.get(i).getText().equals(existingGroup)): null

2018-06-14 17:27:35 - [TEST_STEP][PASSED] - Statement - If (groupHierarchyList.get(i).getText().equals(existingGroup)): null

2018-06-14 17:27:35 - [TEST_STEP][PASSED] - Statement - If (groupHierarchyList.get(i).getText().equals(existingGroup)): null

2018-06-14 17:27:35 - [TEST_STEP][PASSED] - Statement - println("group exists"): null

2018-06-14 17:27:35 - [TEST_STEP][PASSED] - Statement - exists = true: null

2018-06-14 17:27:35 - [TEST_STEP][PASSED] - Statement - Break: null

2018-06-14 17:27:35 - [TEST_STEP][PASSED] - Statement - If (!(exists)): null

2018-06-14 17:27:35 - [TEST_STEP][PASSED] - Statement - groupXpath = "//span[text()='" + existingGroup + "']": null

2018-06-14 17:27:35 - [TEST_STEP][PASSED] - Statement - println(groupXpath): null

2018-06-14 17:27:35 - [TEST_STEP][PASSED] - Statement - driver.findElement(org.openqa.selenium.By.xpath(groupXpath)).click(): null

2018-06-14 17:27:35 - [TEST_STEP][PASSED] - delay: Delayed 10 second(s)

2018-06-14 17:27:45 - [MESSAGE][PASSED] - Delayed 10 second(s)

2018-06-14 17:27:45 - [TEST_STEP][PASSED] - uiaction.CommonUIActions.click: uiaction.CommonUIActions.click is PASSED

2018-06-14 17:27:46 - [MESSAGE][PASSED] - uiaction.CommonUIActions.click is PASSED

2018-06-14 17:27:46 - [TEST_STEP][PASSED] - delay: Delayed 10 second(s)

2018-06-14 17:27:56 - [MESSAGE][PASSED] - Delayed 10 second(s)

2018-06-14 17:27:56 - [TEST_STEP][PASSED] - Statement - confirmToDeleteText = CustomKeywords.uiaction.CommonUIActions.getText(com.kms.katalon.core.testobject.ObjectRepository.findTestObject(ReportingGroupManagement/confirmToDeleteText)): uiaction.CommonUIActions.getText is PASSED

2018-06-14 17:27:56 - [MESSAGE][PASSED] - uiaction.CommonUIActions.getText is PASSED

2018-06-14 17:27:56 - [TEST_STEP][PASSED] - Statement - confirmToDeleteText2 = CustomKeywords.projectSpecific.Reusability.getTestData("ReportingGroupManagementPage", "confirmDeleteTxt"): projectSpecific.Reusability.getTestData is PASSED

2018-06-14 17:27:56 - [MESSAGE][PASSED] - projectSpecific.Reusability.getTestData is PASSED

2018-06-14 17:27:56 - [TEST_STEP][PASSED] - verifyMatch: Actual text 'Confirm to Delete
Are you sure you want to remove this group?
Yes
No' and expected text 'Confirm to Delete
Are you sure you want to remove this group?
Yes
No' are matched 

2018-06-14 17:27:56 - [MESSAGE][PASSED] - Actual text 'Confirm to Delete
Are you sure you want to remove this group?
Yes
No' and expected text 'Confirm to Delete
Are you sure you want to remove this group?
Yes
No' are matched 

2018-06-14 17:27:56 - [TEST_STEP][PASSED] - verifyElementPresent: Object 'Object Repository/ReportingGroupManagement/confirmToDelNoBtn' is present

2018-06-14 17:27:56 - [MESSAGE][PASSED] - Object 'Object Repository/ReportingGroupManagement/confirmToDelNoBtn' is present

2018-06-14 17:27:56 - [TEST_STEP][PASSED] - verifyElementPresent: Object 'Object Repository/ReportingGroupManagement/confirmToDelBtn' is present

2018-06-14 17:27:56 - [MESSAGE][PASSED] - Object 'Object Repository/ReportingGroupManagement/confirmToDelBtn' is present

2018-06-14 17:27:56 - [TEST_STEP][PASSED] - uiaction.CommonUIActions.click: uiaction.CommonUIActions.click is PASSED

2018-06-14 17:27:56 - [MESSAGE][PASSED] - uiaction.CommonUIActions.click is PASSED

2018-06-14 17:27:56 - [TEST_STEP][PASSED] - back: Navigate back successfully

2018-06-14 17:27:56 - [MESSAGE][PASSED] - Navigate back successfully

2018-06-14 17:27:56 - [TEST_STEP][PASSED] - delay: Delayed 10 second(s)

2018-06-14 17:28:06 - [MESSAGE][PASSED] - Delayed 10 second(s)

2018-06-14 17:28:06 - [TEST_STEP][PASSED] - back: Navigate back successfully

2018-06-14 17:28:06 - [MESSAGE][PASSED] - Navigate back successfully

2018-06-14 17:28:06 - [TEST_STEP][PASSED] - delay: Delayed 10 second(s)

2018-06-14 17:28:16 - [MESSAGE][PASSED] - Delayed 10 second(s)

2018-06-14 17:28:16 - [TEST_STEP][PASSED] - Statement - groupHierarchyList = driver.findElements(org.openqa.selenium.By.xpath(com.kms.katalon.core.testdata.TestDataFactory.findTestData(OR_file).getValue(2, 13))): Reading excel file with source file 'C:\Users\shalinin\Katalon Studio\HME_Scripts\Data Files\HME_OR.xlsx' and sheet name 'Sheet1'

2018-06-14 17:28:16 - [TEST_STEP][PASSED] - Statement - groupSize = groupHierarchyList.size(): null

2018-06-14 17:28:16 - [TEST_STEP][PASSED] - Statement - existingGroupName = groupHierarchyList.get(groupSize - 1).getText(): null

2018-06-14 17:28:16 - [TEST_STEP][PASSED] - uiaction.CommonUIActions.click: uiaction.CommonUIActions.click is PASSED

2018-06-14 17:28:16 - [MESSAGE][PASSED] - uiaction.CommonUIActions.click is PASSED

2018-06-14 17:28:16 - [TEST_STEP][PASSED] - verifyElementPresent: Object 'Object Repository/ReportingGroupManagement/reportingGroupDetails' is present

2018-06-14 17:28:16 - [MESSAGE][PASSED] - Object 'Object Repository/ReportingGroupManagement/reportingGroupDetails' is present

2018-06-14 17:28:16 - [TEST_STEP][PASSED] - Statement - println(existingGroupName): null

2018-06-14 17:28:16 - [TEST_STEP][PASSED] - uiaction.CommonUIActions.enter: uiaction.CommonUIActions.enter is PASSED

2018-06-14 17:28:16 - [MESSAGE][PASSED] - uiaction.CommonUIActions.enter is PASSED

2018-06-14 17:28:16 - [TEST_STEP][PASSED] - uiaction.CommonUIActions.click: uiaction.CommonUIActions.click is PASSED

2018-06-14 17:28:16 - [MESSAGE][PASSED] - uiaction.CommonUIActions.click is PASSED

2018-06-14 17:28:16 - [TEST_STEP][PASSED] - delay: Delayed 10 second(s)

2018-06-14 17:28:26 - [MESSAGE][PASSED] - Delayed 10 second(s)

2018-06-14 17:28:26 - [TEST_STEP][PASSED] - Statement - groupalreadyExists = CustomKeywords.projectSpecific.Reusability.getTestData("ReportingGroupManagementPage", "groupAlreadyMessage"): projectSpecific.Reusability.getTestData is PASSED

2018-06-14 17:28:26 - [MESSAGE][PASSED] - projectSpecific.Reusability.getTestData is PASSED

2018-06-14 17:28:26 - [TEST_STEP][PASSED] - Statement - groupalreadyText = CustomKeywords.uiaction.CommonUIActions.getText(com.kms.katalon.core.testobject.ObjectRepository.findTestObject(ReportingGroupManagement/groupCreationErrorMessage)): uiaction.CommonUIActions.getText is PASSED

2018-06-14 17:28:46 - [MESSAGE][PASSED] - uiaction.CommonUIActions.getText is PASSED

2018-06-14 17:28:46 - [TEST_STEP][FAILED] - verifyMatch: Unable to verify match between actual text 'Group already exist in the user account' and expected text 'Web element with id: 'Object Repository/ReportingGroupManagement/groupCreationErrorMessage' located by 'By.xpath: //div[@class='alert alert-danger'] 
' not found' (Root cause: Actual text 'Group already exist in the user account' and expected text 'Web element with id: 'Object Repository/ReportingGroupManagement/groupCreationErrorMessage' located by 'By.xpath: //div[@class='alert alert-danger'] 
' not found' are not matched)

2018-06-14 17:28:46 - [MESSAGE][FAILED] - Unable to verify match between actual text 'Group already exist in the user account' and expected text 'Web element with id: 'Object Repository/ReportingGroupManagement/groupCreationErrorMessage' located by 'By.xpath: //div[@class='alert alert-danger'] 
' not found' (Root cause: Actual text 'Group already exist in the user account' and expected text 'Web element with id: 'Object Repository/ReportingGroupManagement/groupCreationErrorMessage' located by 'By.xpath: //div[@class='alert alert-danger'] 
' not found' are not matched)

2018-06-14 17:28:46 - [TEST_STEP][PASSED] - uiaction.CommonUIActions.click: uiaction.CommonUIActions.click is PASSED

2018-06-14 17:29:07 - [MESSAGE][PASSED] - uiaction.CommonUIActions.click is PASSED

2018-06-14 17:29:07 - [TEST_STEP][PASSED] - Statement - com.kms.katalon.core.webui.common.WebUiCommonHelper.findWebElement(com.kms.katalon.core.testobject.ObjectRepository.findTestObject(ReportingGroupManagement/groupNameTxt), 30).clear(): Finding web element with id: 'Object Repository/ReportingGroupManagement/groupNameTxt' located by 'By.xpath: //input[@type='text']' in '30' second(s)

2018-06-14 17:29:37 - [TEST_STEP][PASSED] - Statement - Catch (Exception e): null

2018-06-14 17:29:37 - [TEST_STEP][PASSED] - Statement - println("exception occured"): null

2018-06-14 17:29:37 - [TEST_STEP][PASSED] - Start listener action : sampleAfterTestCase: Browser is closed

2018-06-14 17:29:37 - [TEST_STEP][PASSED] - Statement - println(testCaseContext.getTestCaseId()): null

2018-06-14 17:29:37 - [TEST_STEP][PASSED] - Statement - println(testCaseContext.getTestCaseStatus()): null

2018-06-14 17:29:37 - [TEST_STEP][PASSED] - closeBrowser: Browser is closed

2018-06-14 17:29:38 - [MESSAGE][PASSED] - Browser is closed]]></system-out>
         <system-err><![CDATA[2018-06-14 17:26:16 - [TEST_CASE][FAILED] - Test Cases/CreateGroupTC/HME-CreateGroup-08: Test Cases/CreateGroupTC/HME-CreateGroup-08 FAILED because (of) Unable to verify match between actual text 'Group already exist in the user account' and expected text 'Web element with id: 'Object Repository/ReportingGroupManagement/groupCreationErrorMessage' located by 'By.xpath: //div[@class='alert alert-danger'] 
' not found' (Root cause: Actual text 'Group already exist in the user account' and expected text 'Web element with id: 'Object Repository/ReportingGroupManagement/groupCreationErrorMessage' located by 'By.xpath: //div[@class='alert alert-danger'] 
' not found' are not matched)]]></system-err>
      </testcase>
      <testcase name="Test Cases/CreateGroupTC/HME-DeleteGroup-07" classname="Test Cases/CreateGroupTC/HME-DeleteGroup-07" status="PASSED">
         <system-out><![CDATA[2018-06-14 17:29:38 - [TEST_CASE][PASSED] - Test Cases/CreateGroupTC/HME-DeleteGroup-07: Browser is closed

2018-06-14 17:29:38 - [TEST_STEP][PASSED] - Start listener action : sampleBeforeTestCase: uiaction.CommonUIActions.deleteAllCookies is PASSED

2018-06-14 17:29:38 - [TEST_STEP][PASSED] - openBrowser: Browser is opened with url: ''

2018-06-14 17:29:40 - [MESSAGE][PASSED] - Browser is opened with url: ''

2018-06-14 17:29:40 - [TEST_STEP][PASSED] - maximizeWindow: Current window maximized

2018-06-14 17:29:41 - [MESSAGE][PASSED] - Current window maximized

2018-06-14 17:29:41 - [TEST_STEP][PASSED] - uiaction.CommonUIActions.deleteAllCookies: uiaction.CommonUIActions.deleteAllCookies is PASSED

2018-06-14 17:29:41 - [MESSAGE][PASSED] - Delete all cookies successfully

2018-06-14 17:29:41 - [MESSAGE][PASSED] - uiaction.CommonUIActions.deleteAllCookies is PASSED

2018-06-14 17:29:41 - [TEST_STEP][PASSED] - Statement - TCflag = true: null

2018-06-14 17:29:41 - [TEST_STEP][PASSED] - Statement - Try: null

2018-06-14 17:29:41 - [TEST_STEP][PASSED] - navigateToUrl: Navigate to 'https://hme-dev-public-cloud-app.azurewebsites.net/' successfully

2018-06-14 17:29:44 - [MESSAGE][PASSED] - Navigate to 'https://hme-dev-public-cloud-app.azurewebsites.net/' successfully

2018-06-14 17:29:44 - [TEST_STEP][PASSED] - projectSpecific.Reusability.login: projectSpecific.Reusability.login is PASSED

2018-06-14 17:29:44 - [MESSAGE][PASSED] - projectSpecific.Reusability.getTestData is PASSED

2018-06-14 17:29:44 - [MESSAGE][PASSED] - projectSpecific.Reusability.getTestData is PASSED

2018-06-14 17:29:45 - [MESSAGE][PASSED] - Text 'selvendrank@nousinfo.com' is set on object 'Object Repository/LoginPage/Username'

2018-06-14 17:29:45 - [MESSAGE][PASSED] - Text 'nous;123' is set on object 'Object Repository/LoginPage/Password'

2018-06-14 17:29:45 - [MESSAGE][PASSED] - Object: 'Object Repository/LoginPage/Login' is clicked on

2018-06-14 17:29:45 - [MESSAGE][PASSED] - projectSpecific.Reusability.login is PASSED

2018-06-14 17:29:45 - [TEST_STEP][PASSED] - delay: Delayed 5 second(s)

2018-06-14 17:29:50 - [MESSAGE][PASSED] - Delayed 5 second(s)

2018-06-14 17:29:50 - [TEST_STEP][PASSED] - uiaction.CommonUIActions.click: uiaction.CommonUIActions.click is PASSED

2018-06-14 17:30:16 - [MESSAGE][PASSED] - uiaction.CommonUIActions.click is PASSED

2018-06-14 17:30:16 - [TEST_STEP][PASSED] - uiaction.CommonUIActions.click: uiaction.CommonUIActions.click is PASSED

2018-06-14 17:30:17 - [MESSAGE][PASSED] - uiaction.CommonUIActions.click is PASSED

2018-06-14 17:30:17 - [TEST_STEP][PASSED] - Statement - driver = com.kms.katalon.core.webui.driver.DriverFactory.getWebDriver(): null

2018-06-14 17:30:17 - [TEST_STEP][PASSED] - uiaction.CommonUIActions.click: uiaction.CommonUIActions.click is PASSED

2018-06-14 17:30:17 - [MESSAGE][PASSED] - uiaction.CommonUIActions.click is PASSED

2018-06-14 17:30:17 - [TEST_STEP][PASSED] - verifyElementPresent: Object 'Object Repository/ReportingGroupManagement/reportingGroupDetails' is present

2018-06-14 17:30:17 - [MESSAGE][PASSED] - Object 'Object Repository/ReportingGroupManagement/reportingGroupDetails' is present

2018-06-14 17:30:17 - [TEST_STEP][PASSED] - uiaction.CommonUIActions.enter: uiaction.CommonUIActions.enter is PASSED

2018-06-14 17:30:17 - [MESSAGE][PASSED] - projectSpecific.Reusability.getTestData is PASSED

2018-06-14 17:30:17 - [MESSAGE][PASSED] - uiaction.CommonUIActions.enter is PASSED

2018-06-14 17:30:17 - [TEST_STEP][PASSED] - uiaction.CommonUIActions.enter: uiaction.CommonUIActions.enter is PASSED

2018-06-14 17:30:17 - [MESSAGE][PASSED] - projectSpecific.Reusability.getTestData is PASSED

2018-06-14 17:30:17 - [MESSAGE][PASSED] - uiaction.CommonUIActions.enter is PASSED

2018-06-14 17:30:17 - [TEST_STEP][PASSED] - delay: Delayed 5 second(s)

2018-06-14 17:30:22 - [MESSAGE][PASSED] - Delayed 5 second(s)

2018-06-14 17:30:22 - [TEST_STEP][PASSED] - Statement - StoresCBList1 = driver.findElements(org.openqa.selenium.By.xpath(com.kms.katalon.core.testdata.TestDataFactory.findTestData(OR_file).getValue(2, 12))): Reading excel file with source file 'C:\Users\shalinin\Katalon Studio\HME_Scripts\Data Files\HME_OR.xlsx' and sheet name 'Sheet1'

2018-06-14 17:30:22 - [TEST_STEP][PASSED] - Statement - storesLabel = driver.findElements(org.openqa.selenium.By.xpath(com.kms.katalon.core.testdata.TestDataFactory.findTestData(OR_file).getValue(2, 10))): Reading excel file with source file 'C:\Users\shalinin\Katalon Studio\HME_Scripts\Data Files\HME_OR.xlsx' and sheet name 'Sheet1'

2018-06-14 17:30:22 - [TEST_STEP][PASSED] - Statement - groupStoresList = new java.util.ArrayList(): null

2018-06-14 17:30:22 - [TEST_STEP][PASSED] - Statement - out.println(StoresCBList1.size()): null

2018-06-14 17:30:22 - [TEST_STEP][PASSED] - Statement - size = StoresCBList1.size(): null

2018-06-14 17:30:22 - [TEST_STEP][PASSED] - Statement - For ([i = 0, i < size, (i++)]): null

2018-06-14 17:30:22 - [TEST_STEP][PASSED] - Statement - groupStoresList[i] = storesLabel.get(i).getText(): null

2018-06-14 17:30:22 - [TEST_STEP][PASSED] - Statement - StoresCBList1.get(i).click(): null

2018-06-14 17:30:22 - [TEST_STEP][PASSED] - Statement - groupStoresList[i] = storesLabel.get(i).getText(): null

2018-06-14 17:30:23 - [TEST_STEP][PASSED] - Statement - StoresCBList1.get(i).click(): null

2018-06-14 17:30:23 - [TEST_STEP][PASSED] - Statement - groupStoresList[i] = storesLabel.get(i).getText(): null

2018-06-14 17:30:23 - [TEST_STEP][PASSED] - Statement - StoresCBList1.get(i).click(): null

2018-06-14 17:30:23 - [TEST_STEP][PASSED] - Statement - groupStoresList[i] = storesLabel.get(i).getText(): null

2018-06-14 17:30:23 - [TEST_STEP][PASSED] - Statement - StoresCBList1.get(i).click(): null

2018-06-14 17:30:23 - [TEST_STEP][PASSED] - Statement - groupStoresList[i] = storesLabel.get(i).getText(): null

2018-06-14 17:30:23 - [TEST_STEP][PASSED] - Statement - StoresCBList1.get(i).click(): null

2018-06-14 17:30:23 - [TEST_STEP][PASSED] - Statement - groupStoresList[i] = storesLabel.get(i).getText(): null

2018-06-14 17:30:23 - [TEST_STEP][PASSED] - Statement - StoresCBList1.get(i).click(): null

2018-06-14 17:30:23 - [TEST_STEP][PASSED] - Statement - groupStoresList[i] = storesLabel.get(i).getText(): null

2018-06-14 17:30:23 - [TEST_STEP][PASSED] - Statement - StoresCBList1.get(i).click(): null

2018-06-14 17:30:23 - [TEST_STEP][PASSED] - Statement - groupStoresList[i] = storesLabel.get(i).getText(): null

2018-06-14 17:30:23 - [TEST_STEP][PASSED] - Statement - StoresCBList1.get(i).click(): null

2018-06-14 17:30:23 - [TEST_STEP][PASSED] - Statement - groupStoresList[i] = storesLabel.get(i).getText(): null

2018-06-14 17:30:23 - [TEST_STEP][PASSED] - Statement - StoresCBList1.get(i).click(): null

2018-06-14 17:30:23 - [TEST_STEP][PASSED] - Statement - groupStoresList[i] = storesLabel.get(i).getText(): null

2018-06-14 17:30:23 - [TEST_STEP][PASSED] - Statement - StoresCBList1.get(i).click(): null

2018-06-14 17:30:23 - [TEST_STEP][PASSED] - Statement - groupStoresList[i] = storesLabel.get(i).getText(): null

2018-06-14 17:30:23 - [TEST_STEP][PASSED] - Statement - StoresCBList1.get(i).click(): null

2018-06-14 17:30:23 - [TEST_STEP][PASSED] - Statement - groupStoresList[i] = storesLabel.get(i).getText(): null

2018-06-14 17:30:23 - [TEST_STEP][PASSED] - Statement - StoresCBList1.get(i).click(): null

2018-06-14 17:30:23 - [TEST_STEP][PASSED] - Statement - groupStoresList[i] = storesLabel.get(i).getText(): null

2018-06-14 17:30:23 - [TEST_STEP][PASSED] - Statement - StoresCBList1.get(i).click(): null

2018-06-14 17:30:23 - [TEST_STEP][PASSED] - Statement - groupStoresList[i] = storesLabel.get(i).getText(): null

2018-06-14 17:30:23 - [TEST_STEP][PASSED] - Statement - StoresCBList1.get(i).click(): null

2018-06-14 17:30:23 - [TEST_STEP][PASSED] - Statement - groupStoresList[i] = storesLabel.get(i).getText(): null

2018-06-14 17:30:23 - [TEST_STEP][PASSED] - Statement - StoresCBList1.get(i).click(): null

2018-06-14 17:30:23 - [TEST_STEP][PASSED] - Statement - groupStoresList[i] = storesLabel.get(i).getText(): null

2018-06-14 17:30:23 - [TEST_STEP][PASSED] - Statement - StoresCBList1.get(i).click(): null

2018-06-14 17:30:23 - [TEST_STEP][PASSED] - Statement - groupStoresList[i] = storesLabel.get(i).getText(): null

2018-06-14 17:30:23 - [TEST_STEP][PASSED] - Statement - StoresCBList1.get(i).click(): null

2018-06-14 17:30:24 - [TEST_STEP][PASSED] - Statement - groupStoresList[i] = storesLabel.get(i).getText(): null

2018-06-14 17:30:24 - [TEST_STEP][PASSED] - Statement - StoresCBList1.get(i).click(): null

2018-06-14 17:30:24 - [TEST_STEP][PASSED] - Statement - groupStoresList[i] = storesLabel.get(i).getText(): null

2018-06-14 17:30:24 - [TEST_STEP][PASSED] - Statement - StoresCBList1.get(i).click(): null

2018-06-14 17:30:24 - [TEST_STEP][PASSED] - Statement - groupStoresList[i] = storesLabel.get(i).getText(): null

2018-06-14 17:30:24 - [TEST_STEP][PASSED] - Statement - StoresCBList1.get(i).click(): null

2018-06-14 17:30:24 - [TEST_STEP][PASSED] - Statement - groupStoresList[i] = storesLabel.get(i).getText(): null

2018-06-14 17:30:24 - [TEST_STEP][PASSED] - Statement - StoresCBList1.get(i).click(): null

2018-06-14 17:30:24 - [TEST_STEP][PASSED] - Statement - groupStoresList[i] = storesLabel.get(i).getText(): null

2018-06-14 17:30:24 - [TEST_STEP][PASSED] - Statement - StoresCBList1.get(i).click(): null

2018-06-14 17:30:24 - [TEST_STEP][PASSED] - Statement - groupStoresList[i] = storesLabel.get(i).getText(): null

2018-06-14 17:30:24 - [TEST_STEP][PASSED] - Statement - StoresCBList1.get(i).click(): null

2018-06-14 17:30:24 - [TEST_STEP][PASSED] - Statement - groupStoresList[i] = storesLabel.get(i).getText(): null

2018-06-14 17:30:24 - [TEST_STEP][PASSED] - Statement - StoresCBList1.get(i).click(): null

2018-06-14 17:30:24 - [TEST_STEP][PASSED] - Statement - groupStoresList[i] = storesLabel.get(i).getText(): null

2018-06-14 17:30:24 - [TEST_STEP][PASSED] - Statement - StoresCBList1.get(i).click(): null

2018-06-14 17:30:24 - [TEST_STEP][PASSED] - Statement - groupStoresList[i] = storesLabel.get(i).getText(): null

2018-06-14 17:30:24 - [TEST_STEP][PASSED] - Statement - StoresCBList1.get(i).click(): null

2018-06-14 17:30:24 - [TEST_STEP][PASSED] - Statement - groupStoresList[i] = storesLabel.get(i).getText(): null

2018-06-14 17:30:24 - [TEST_STEP][PASSED] - Statement - StoresCBList1.get(i).click(): null

2018-06-14 17:30:24 - [TEST_STEP][PASSED] - Statement - groupStoresList[i] = storesLabel.get(i).getText(): null

2018-06-14 17:30:24 - [TEST_STEP][PASSED] - Statement - StoresCBList1.get(i).click(): null

2018-06-14 17:30:24 - [TEST_STEP][PASSED] - Statement - groupStoresList[i] = storesLabel.get(i).getText(): null

2018-06-14 17:30:24 - [TEST_STEP][PASSED] - Statement - StoresCBList1.get(i).click(): null

2018-06-14 17:30:24 - [TEST_STEP][PASSED] - Statement - groupStoresList[i] = storesLabel.get(i).getText(): null

2018-06-14 17:30:24 - [TEST_STEP][PASSED] - Statement - StoresCBList1.get(i).click(): null

2018-06-14 17:30:24 - [TEST_STEP][PASSED] - Statement - groupStoresList[i] = storesLabel.get(i).getText(): null

2018-06-14 17:30:24 - [TEST_STEP][PASSED] - Statement - StoresCBList1.get(i).click(): null

2018-06-14 17:30:24 - [TEST_STEP][PASSED] - Statement - groupStoresList[i] = storesLabel.get(i).getText(): null

2018-06-14 17:30:24 - [TEST_STEP][PASSED] - Statement - StoresCBList1.get(i).click(): null

2018-06-14 17:30:25 - [TEST_STEP][PASSED] - Statement - groupStoresList[i] = storesLabel.get(i).getText(): null

2018-06-14 17:30:25 - [TEST_STEP][PASSED] - Statement - StoresCBList1.get(i).click(): null

2018-06-14 17:30:25 - [TEST_STEP][PASSED] - Statement - groupStoresList[i] = storesLabel.get(i).getText(): null

2018-06-14 17:30:25 - [TEST_STEP][PASSED] - Statement - StoresCBList1.get(i).click(): null

2018-06-14 17:30:25 - [TEST_STEP][PASSED] - Statement - groupStoresList[i] = storesLabel.get(i).getText(): null

2018-06-14 17:30:25 - [TEST_STEP][PASSED] - Statement - StoresCBList1.get(i).click(): null

2018-06-14 17:30:25 - [TEST_STEP][PASSED] - Statement - groupStoresList[i] = storesLabel.get(i).getText(): null

2018-06-14 17:30:25 - [TEST_STEP][PASSED] - Statement - StoresCBList1.get(i).click(): null

2018-06-14 17:30:25 - [TEST_STEP][PASSED] - Statement - groupStoresList[i] = storesLabel.get(i).getText(): null

2018-06-14 17:30:25 - [TEST_STEP][PASSED] - Statement - StoresCBList1.get(i).click(): null

2018-06-14 17:30:25 - [TEST_STEP][PASSED] - Statement - groupStoresList[i] = storesLabel.get(i).getText(): null

2018-06-14 17:30:25 - [TEST_STEP][PASSED] - Statement - StoresCBList1.get(i).click(): null

2018-06-14 17:30:25 - [TEST_STEP][PASSED] - Statement - groupStoresList[i] = storesLabel.get(i).getText(): null

2018-06-14 17:30:25 - [TEST_STEP][PASSED] - Statement - StoresCBList1.get(i).click(): null

2018-06-14 17:30:25 - [TEST_STEP][PASSED] - Statement - groupStoresList[i] = storesLabel.get(i).getText(): null

2018-06-14 17:30:25 - [TEST_STEP][PASSED] - Statement - StoresCBList1.get(i).click(): null

2018-06-14 17:30:25 - [TEST_STEP][PASSED] - Statement - groupStoresList[i] = storesLabel.get(i).getText(): null

2018-06-14 17:30:25 - [TEST_STEP][PASSED] - Statement - StoresCBList1.get(i).click(): null

2018-06-14 17:30:25 - [TEST_STEP][PASSED] - Statement - groupStoresList[i] = storesLabel.get(i).getText(): null

2018-06-14 17:30:25 - [TEST_STEP][PASSED] - Statement - StoresCBList1.get(i).click(): null

2018-06-14 17:30:25 - [TEST_STEP][PASSED] - Statement - groupStoresList[i] = storesLabel.get(i).getText(): null

2018-06-14 17:30:25 - [TEST_STEP][PASSED] - Statement - StoresCBList1.get(i).click(): null

2018-06-14 17:30:25 - [TEST_STEP][PASSED] - Statement - groupStoresList[i] = storesLabel.get(i).getText(): null

2018-06-14 17:30:25 - [TEST_STEP][PASSED] - Statement - StoresCBList1.get(i).click(): null

2018-06-14 17:30:25 - [TEST_STEP][PASSED] - Statement - groupStoresList[i] = storesLabel.get(i).getText(): null

2018-06-14 17:30:25 - [TEST_STEP][PASSED] - Statement - StoresCBList1.get(i).click(): null

2018-06-14 17:30:25 - [TEST_STEP][PASSED] - Statement - groupStoresList[i] = storesLabel.get(i).getText(): null

2018-06-14 17:30:25 - [TEST_STEP][PASSED] - Statement - StoresCBList1.get(i).click(): null

2018-06-14 17:30:25 - [TEST_STEP][PASSED] - Statement - groupStoresList[i] = storesLabel.get(i).getText(): null

2018-06-14 17:30:25 - [TEST_STEP][PASSED] - Statement - StoresCBList1.get(i).click(): null

2018-06-14 17:30:26 - [TEST_STEP][PASSED] - Statement - groupStoresList[i] = storesLabel.get(i).getText(): null

2018-06-14 17:30:26 - [TEST_STEP][PASSED] - Statement - StoresCBList1.get(i).click(): null

2018-06-14 17:30:26 - [TEST_STEP][PASSED] - Statement - groupStoresList[i] = storesLabel.get(i).getText(): null

2018-06-14 17:30:26 - [TEST_STEP][PASSED] - Statement - StoresCBList1.get(i).click(): null

2018-06-14 17:30:26 - [TEST_STEP][PASSED] - Statement - groupStoresList[i] = storesLabel.get(i).getText(): null

2018-06-14 17:30:26 - [TEST_STEP][PASSED] - Statement - StoresCBList1.get(i).click(): null

2018-06-14 17:30:26 - [TEST_STEP][PASSED] - Statement - groupStoresList[i] = storesLabel.get(i).getText(): null

2018-06-14 17:30:26 - [TEST_STEP][PASSED] - Statement - StoresCBList1.get(i).click(): null

2018-06-14 17:30:26 - [TEST_STEP][PASSED] - Statement - groupStoresList[i] = storesLabel.get(i).getText(): null

2018-06-14 17:30:26 - [TEST_STEP][PASSED] - Statement - StoresCBList1.get(i).click(): null

2018-06-14 17:30:26 - [TEST_STEP][PASSED] - Statement - groupStoresList[i] = storesLabel.get(i).getText(): null

2018-06-14 17:30:26 - [TEST_STEP][PASSED] - Statement - StoresCBList1.get(i).click(): null

2018-06-14 17:30:26 - [TEST_STEP][PASSED] - Statement - groupStoresList[i] = storesLabel.get(i).getText(): null

2018-06-14 17:30:26 - [TEST_STEP][PASSED] - Statement - StoresCBList1.get(i).click(): null

2018-06-14 17:30:26 - [TEST_STEP][PASSED] - Statement - groupStoresList[i] = storesLabel.get(i).getText(): null

2018-06-14 17:30:26 - [TEST_STEP][PASSED] - Statement - StoresCBList1.get(i).click(): null

2018-06-14 17:30:26 - [TEST_STEP][PASSED] - Statement - groupStoresList[i] = storesLabel.get(i).getText(): null

2018-06-14 17:30:26 - [TEST_STEP][PASSED] - Statement - StoresCBList1.get(i).click(): null

2018-06-14 17:30:26 - [TEST_STEP][PASSED] - Statement - groupStoresList[i] = storesLabel.get(i).getText(): null

2018-06-14 17:30:26 - [TEST_STEP][PASSED] - Statement - StoresCBList1.get(i).click(): null

2018-06-14 17:30:26 - [TEST_STEP][PASSED] - Statement - groupStoresList[i] = storesLabel.get(i).getText(): null

2018-06-14 17:30:26 - [TEST_STEP][PASSED] - Statement - StoresCBList1.get(i).click(): null

2018-06-14 17:30:26 - [TEST_STEP][PASSED] - Statement - groupStoresList[i] = storesLabel.get(i).getText(): null

2018-06-14 17:30:26 - [TEST_STEP][PASSED] - Statement - StoresCBList1.get(i).click(): null

2018-06-14 17:30:26 - [TEST_STEP][PASSED] - Statement - groupStoresList[i] = storesLabel.get(i).getText(): null

2018-06-14 17:30:26 - [TEST_STEP][PASSED] - Statement - StoresCBList1.get(i).click(): null

2018-06-14 17:30:26 - [TEST_STEP][PASSED] - Statement - groupStoresList[i] = storesLabel.get(i).getText(): null

2018-06-14 17:30:26 - [TEST_STEP][PASSED] - Statement - StoresCBList1.get(i).click(): null

2018-06-14 17:30:26 - [TEST_STEP][PASSED] - Statement - groupStoresList[i] = storesLabel.get(i).getText(): null

2018-06-14 17:30:26 - [TEST_STEP][PASSED] - Statement - StoresCBList1.get(i).click(): null

2018-06-14 17:30:26 - [TEST_STEP][PASSED] - Statement - groupStoresList[i] = storesLabel.get(i).getText(): null

2018-06-14 17:30:26 - [TEST_STEP][PASSED] - Statement - StoresCBList1.get(i).click(): null

2018-06-14 17:30:27 - [TEST_STEP][PASSED] - Statement - groupStoresList[i] = storesLabel.get(i).getText(): null

2018-06-14 17:30:27 - [TEST_STEP][PASSED] - Statement - StoresCBList1.get(i).click(): null

2018-06-14 17:30:27 - [TEST_STEP][PASSED] - Statement - groupStoresList[i] = storesLabel.get(i).getText(): null

2018-06-14 17:30:27 - [TEST_STEP][PASSED] - Statement - StoresCBList1.get(i).click(): null

2018-06-14 17:30:27 - [TEST_STEP][PASSED] - Statement - groupStoresList[i] = storesLabel.get(i).getText(): null

2018-06-14 17:30:27 - [TEST_STEP][PASSED] - Statement - StoresCBList1.get(i).click(): null

2018-06-14 17:30:27 - [TEST_STEP][PASSED] - Statement - groupStoresList[i] = storesLabel.get(i).getText(): null

2018-06-14 17:30:27 - [TEST_STEP][PASSED] - Statement - StoresCBList1.get(i).click(): null

2018-06-14 17:30:27 - [TEST_STEP][PASSED] - Statement - groupStoresList[i] = storesLabel.get(i).getText(): null

2018-06-14 17:30:27 - [TEST_STEP][PASSED] - Statement - StoresCBList1.get(i).click(): null

2018-06-14 17:30:27 - [TEST_STEP][PASSED] - Statement - groupStoresList[i] = storesLabel.get(i).getText(): null

2018-06-14 17:30:27 - [TEST_STEP][PASSED] - Statement - StoresCBList1.get(i).click(): null

2018-06-14 17:30:27 - [TEST_STEP][PASSED] - Statement - groupStoresList[i] = storesLabel.get(i).getText(): null

2018-06-14 17:30:27 - [TEST_STEP][PASSED] - Statement - StoresCBList1.get(i).click(): null

2018-06-14 17:30:27 - [TEST_STEP][PASSED] - Statement - groupStoresList[i] = storesLabel.get(i).getText(): null

2018-06-14 17:30:27 - [TEST_STEP][PASSED] - Statement - StoresCBList1.get(i).click(): null

2018-06-14 17:30:27 - [TEST_STEP][PASSED] - Statement - groupStoresList[i] = storesLabel.get(i).getText(): null

2018-06-14 17:30:27 - [TEST_STEP][PASSED] - Statement - StoresCBList1.get(i).click(): null

2018-06-14 17:30:27 - [TEST_STEP][PASSED] - Statement - groupStoresList[i] = storesLabel.get(i).getText(): null

2018-06-14 17:30:27 - [TEST_STEP][PASSED] - Statement - StoresCBList1.get(i).click(): null

2018-06-14 17:30:27 - [TEST_STEP][PASSED] - Statement - groupStoresList[i] = storesLabel.get(i).getText(): null

2018-06-14 17:30:27 - [TEST_STEP][PASSED] - Statement - StoresCBList1.get(i).click(): null

2018-06-14 17:30:27 - [TEST_STEP][PASSED] - Statement - groupStoresList[i] = storesLabel.get(i).getText(): null

2018-06-14 17:30:27 - [TEST_STEP][PASSED] - Statement - StoresCBList1.get(i).click(): null

2018-06-14 17:30:27 - [TEST_STEP][PASSED] - Statement - groupStoresList[i] = storesLabel.get(i).getText(): null

2018-06-14 17:30:27 - [TEST_STEP][PASSED] - Statement - StoresCBList1.get(i).click(): null

2018-06-14 17:30:27 - [TEST_STEP][PASSED] - Statement - groupStoresList[i] = storesLabel.get(i).getText(): null

2018-06-14 17:30:27 - [TEST_STEP][PASSED] - Statement - StoresCBList1.get(i).click(): null

2018-06-14 17:30:27 - [TEST_STEP][PASSED] - Statement - groupStoresList[i] = storesLabel.get(i).getText(): null

2018-06-14 17:30:27 - [TEST_STEP][PASSED] - Statement - StoresCBList1.get(i).click(): null

2018-06-14 17:30:28 - [TEST_STEP][PASSED] - Statement - groupStoresList[i] = storesLabel.get(i).getText(): null

2018-06-14 17:30:28 - [TEST_STEP][PASSED] - Statement - StoresCBList1.get(i).click(): null

2018-06-14 17:30:28 - [TEST_STEP][PASSED] - Statement - groupStoresList[i] = storesLabel.get(i).getText(): null

2018-06-14 17:30:28 - [TEST_STEP][PASSED] - Statement - StoresCBList1.get(i).click(): null

2018-06-14 17:30:28 - [TEST_STEP][PASSED] - Statement - groupStoresList[i] = storesLabel.get(i).getText(): null

2018-06-14 17:30:28 - [TEST_STEP][PASSED] - Statement - StoresCBList1.get(i).click(): null

2018-06-14 17:30:28 - [TEST_STEP][PASSED] - Statement - groupStoresList[i] = storesLabel.get(i).getText(): null

2018-06-14 17:30:28 - [TEST_STEP][PASSED] - Statement - StoresCBList1.get(i).click(): null

2018-06-14 17:30:28 - [TEST_STEP][PASSED] - Statement - groupStoresList[i] = storesLabel.get(i).getText(): null

2018-06-14 17:30:28 - [TEST_STEP][PASSED] - Statement - StoresCBList1.get(i).click(): null

2018-06-14 17:30:28 - [TEST_STEP][PASSED] - Statement - groupStoresList[i] = storesLabel.get(i).getText(): null

2018-06-14 17:30:28 - [TEST_STEP][PASSED] - Statement - StoresCBList1.get(i).click(): null

2018-06-14 17:30:28 - [TEST_STEP][PASSED] - Statement - groupStoresList[i] = storesLabel.get(i).getText(): null

2018-06-14 17:30:28 - [TEST_STEP][PASSED] - Statement - StoresCBList1.get(i).click(): null

2018-06-14 17:30:28 - [TEST_STEP][PASSED] - Statement - groupStoresList[i] = storesLabel.get(i).getText(): null

2018-06-14 17:30:28 - [TEST_STEP][PASSED] - Statement - StoresCBList1.get(i).click(): null

2018-06-14 17:30:28 - [TEST_STEP][PASSED] - Statement - groupStoresList[i] = storesLabel.get(i).getText(): null

2018-06-14 17:30:28 - [TEST_STEP][PASSED] - Statement - StoresCBList1.get(i).click(): null

2018-06-14 17:30:28 - [TEST_STEP][PASSED] - Statement - groupStoresList[i] = storesLabel.get(i).getText(): null

2018-06-14 17:30:28 - [TEST_STEP][PASSED] - Statement - StoresCBList1.get(i).click(): null

2018-06-14 17:30:28 - [TEST_STEP][PASSED] - Statement - groupStoresList[i] = storesLabel.get(i).getText(): null

2018-06-14 17:30:28 - [TEST_STEP][PASSED] - Statement - StoresCBList1.get(i).click(): null

2018-06-14 17:30:28 - [TEST_STEP][PASSED] - Statement - groupStoresList[i] = storesLabel.get(i).getText(): null

2018-06-14 17:30:28 - [TEST_STEP][PASSED] - Statement - StoresCBList1.get(i).click(): null

2018-06-14 17:30:28 - [TEST_STEP][PASSED] - Statement - groupStoresList[i] = storesLabel.get(i).getText(): null

2018-06-14 17:30:28 - [TEST_STEP][PASSED] - Statement - StoresCBList1.get(i).click(): null

2018-06-14 17:30:28 - [TEST_STEP][PASSED] - Statement - groupStoresList[i] = storesLabel.get(i).getText(): null

2018-06-14 17:30:28 - [TEST_STEP][PASSED] - Statement - StoresCBList1.get(i).click(): null

2018-06-14 17:30:28 - [TEST_STEP][PASSED] - Statement - groupStoresList[i] = storesLabel.get(i).getText(): null

2018-06-14 17:30:28 - [TEST_STEP][PASSED] - Statement - StoresCBList1.get(i).click(): null

2018-06-14 17:30:29 - [TEST_STEP][PASSED] - Statement - groupStoresList[i] = storesLabel.get(i).getText(): null

2018-06-14 17:30:29 - [TEST_STEP][PASSED] - Statement - StoresCBList1.get(i).click(): null

2018-06-14 17:30:29 - [TEST_STEP][PASSED] - Statement - groupStoresList[i] = storesLabel.get(i).getText(): null

2018-06-14 17:30:29 - [TEST_STEP][PASSED] - Statement - StoresCBList1.get(i).click(): null

2018-06-14 17:30:29 - [TEST_STEP][PASSED] - Statement - groupStoresList[i] = storesLabel.get(i).getText(): null

2018-06-14 17:30:29 - [TEST_STEP][PASSED] - Statement - StoresCBList1.get(i).click(): null

2018-06-14 17:30:29 - [TEST_STEP][PASSED] - Statement - groupStoresList[i] = storesLabel.get(i).getText(): null

2018-06-14 17:30:29 - [TEST_STEP][PASSED] - Statement - StoresCBList1.get(i).click(): null

2018-06-14 17:30:29 - [TEST_STEP][PASSED] - Statement - groupStoresList[i] = storesLabel.get(i).getText(): null

2018-06-14 17:30:29 - [TEST_STEP][PASSED] - Statement - StoresCBList1.get(i).click(): null

2018-06-14 17:30:29 - [TEST_STEP][PASSED] - Statement - groupStoresList[i] = storesLabel.get(i).getText(): null

2018-06-14 17:30:29 - [TEST_STEP][PASSED] - Statement - StoresCBList1.get(i).click(): null

2018-06-14 17:30:29 - [TEST_STEP][PASSED] - Statement - groupStoresList[i] = storesLabel.get(i).getText(): null

2018-06-14 17:30:29 - [TEST_STEP][PASSED] - Statement - StoresCBList1.get(i).click(): null

2018-06-14 17:30:29 - [TEST_STEP][PASSED] - Statement - groupStoresList[i] = storesLabel.get(i).getText(): null

2018-06-14 17:30:29 - [TEST_STEP][PASSED] - Statement - StoresCBList1.get(i).click(): null

2018-06-14 17:30:29 - [TEST_STEP][PASSED] - Statement - groupStoresList[i] = storesLabel.get(i).getText(): null

2018-06-14 17:30:29 - [TEST_STEP][PASSED] - Statement - StoresCBList1.get(i).click(): null

2018-06-14 17:30:29 - [TEST_STEP][PASSED] - Statement - groupStoresList[i] = storesLabel.get(i).getText(): null

2018-06-14 17:30:29 - [TEST_STEP][PASSED] - Statement - StoresCBList1.get(i).click(): null

2018-06-14 17:30:29 - [TEST_STEP][PASSED] - Statement - groupStoresList[i] = storesLabel.get(i).getText(): null

2018-06-14 17:30:29 - [TEST_STEP][PASSED] - Statement - StoresCBList1.get(i).click(): null

2018-06-14 17:30:29 - [TEST_STEP][PASSED] - Statement - groupStoresList[i] = storesLabel.get(i).getText(): null

2018-06-14 17:30:29 - [TEST_STEP][PASSED] - Statement - StoresCBList1.get(i).click(): null

2018-06-14 17:30:29 - [TEST_STEP][PASSED] - Statement - groupStoresList[i] = storesLabel.get(i).getText(): null

2018-06-14 17:30:29 - [TEST_STEP][PASSED] - Statement - StoresCBList1.get(i).click(): null

2018-06-14 17:30:29 - [TEST_STEP][PASSED] - Statement - groupStoresList[i] = storesLabel.get(i).getText(): null

2018-06-14 17:30:29 - [TEST_STEP][PASSED] - Statement - StoresCBList1.get(i).click(): null

2018-06-14 17:30:29 - [TEST_STEP][PASSED] - Statement - groupStoresList[i] = storesLabel.get(i).getText(): null

2018-06-14 17:30:29 - [TEST_STEP][PASSED] - Statement - StoresCBList1.get(i).click(): null

2018-06-14 17:30:29 - [TEST_STEP][PASSED] - Statement - groupStoresList[i] = storesLabel.get(i).getText(): null

2018-06-14 17:30:29 - [TEST_STEP][PASSED] - Statement - StoresCBList1.get(i).click(): null

2018-06-14 17:30:30 - [TEST_STEP][PASSED] - Statement - groupStoresList[i] = storesLabel.get(i).getText(): null

2018-06-14 17:30:30 - [TEST_STEP][PASSED] - Statement - StoresCBList1.get(i).click(): null

2018-06-14 17:30:30 - [TEST_STEP][PASSED] - Statement - groupStoresList[i] = storesLabel.get(i).getText(): null

2018-06-14 17:30:30 - [TEST_STEP][PASSED] - Statement - StoresCBList1.get(i).click(): null

2018-06-14 17:30:30 - [TEST_STEP][PASSED] - Statement - groupStoresList[i] = storesLabel.get(i).getText(): null

2018-06-14 17:30:30 - [TEST_STEP][PASSED] - Statement - StoresCBList1.get(i).click(): null

2018-06-14 17:30:30 - [TEST_STEP][PASSED] - Statement - groupStoresList[i] = storesLabel.get(i).getText(): null

2018-06-14 17:30:30 - [TEST_STEP][PASSED] - Statement - StoresCBList1.get(i).click(): null

2018-06-14 17:30:30 - [TEST_STEP][PASSED] - Statement - groupStoresList[i] = storesLabel.get(i).getText(): null

2018-06-14 17:30:30 - [TEST_STEP][PASSED] - Statement - StoresCBList1.get(i).click(): null

2018-06-14 17:30:30 - [TEST_STEP][PASSED] - Statement - groupStoresList[i] = storesLabel.get(i).getText(): null

2018-06-14 17:30:30 - [TEST_STEP][PASSED] - Statement - StoresCBList1.get(i).click(): null

2018-06-14 17:30:30 - [TEST_STEP][PASSED] - Statement - groupStoresList[i] = storesLabel.get(i).getText(): null

2018-06-14 17:30:30 - [TEST_STEP][PASSED] - Statement - StoresCBList1.get(i).click(): null

2018-06-14 17:30:30 - [TEST_STEP][PASSED] - Statement - groupStoresList[i] = storesLabel.get(i).getText(): null

2018-06-14 17:30:30 - [TEST_STEP][PASSED] - Statement - StoresCBList1.get(i).click(): null

2018-06-14 17:30:30 - [TEST_STEP][PASSED] - Statement - groupStoresList[i] = storesLabel.get(i).getText(): null

2018-06-14 17:30:30 - [TEST_STEP][PASSED] - Statement - StoresCBList1.get(i).click(): null

2018-06-14 17:30:30 - [TEST_STEP][PASSED] - Statement - groupStoresList[i] = storesLabel.get(i).getText(): null

2018-06-14 17:30:30 - [TEST_STEP][PASSED] - Statement - StoresCBList1.get(i).click(): null

2018-06-14 17:30:30 - [TEST_STEP][PASSED] - Statement - groupStoresList[i] = storesLabel.get(i).getText(): null

2018-06-14 17:30:30 - [TEST_STEP][PASSED] - Statement - StoresCBList1.get(i).click(): null

2018-06-14 17:30:30 - [TEST_STEP][PASSED] - Statement - groupStoresList[i] = storesLabel.get(i).getText(): null

2018-06-14 17:30:30 - [TEST_STEP][PASSED] - Statement - StoresCBList1.get(i).click(): null

2018-06-14 17:30:30 - [TEST_STEP][PASSED] - Statement - groupStoresList[i] = storesLabel.get(i).getText(): null

2018-06-14 17:30:30 - [TEST_STEP][PASSED] - Statement - StoresCBList1.get(i).click(): null

2018-06-14 17:30:30 - [TEST_STEP][PASSED] - Statement - groupStoresList[i] = storesLabel.get(i).getText(): null

2018-06-14 17:30:30 - [TEST_STEP][PASSED] - Statement - StoresCBList1.get(i).click(): null

2018-06-14 17:30:30 - [TEST_STEP][PASSED] - Statement - groupStoresList[i] = storesLabel.get(i).getText(): null

2018-06-14 17:30:30 - [TEST_STEP][PASSED] - Statement - StoresCBList1.get(i).click(): null

2018-06-14 17:30:31 - [TEST_STEP][PASSED] - Statement - groupStoresList[i] = storesLabel.get(i).getText(): null

2018-06-14 17:30:31 - [TEST_STEP][PASSED] - Statement - StoresCBList1.get(i).click(): null

2018-06-14 17:30:31 - [TEST_STEP][PASSED] - Statement - groupStoresList[i] = storesLabel.get(i).getText(): null

2018-06-14 17:30:31 - [TEST_STEP][PASSED] - Statement - StoresCBList1.get(i).click(): null

2018-06-14 17:30:31 - [TEST_STEP][PASSED] - Statement - groupStoresList[i] = storesLabel.get(i).getText(): null

2018-06-14 17:30:31 - [TEST_STEP][PASSED] - Statement - StoresCBList1.get(i).click(): null

2018-06-14 17:30:31 - [TEST_STEP][PASSED] - Statement - groupStoresList[i] = storesLabel.get(i).getText(): null

2018-06-14 17:30:31 - [TEST_STEP][PASSED] - Statement - StoresCBList1.get(i).click(): null

2018-06-14 17:30:31 - [TEST_STEP][PASSED] - Statement - groupStoresList[i] = storesLabel.get(i).getText(): null

2018-06-14 17:30:31 - [TEST_STEP][PASSED] - Statement - StoresCBList1.get(i).click(): null

2018-06-14 17:30:31 - [TEST_STEP][PASSED] - Statement - groupStoresList[i] = storesLabel.get(i).getText(): null

2018-06-14 17:30:31 - [TEST_STEP][PASSED] - Statement - StoresCBList1.get(i).click(): null

2018-06-14 17:30:31 - [TEST_STEP][PASSED] - Statement - groupStoresList[i] = storesLabel.get(i).getText(): null

2018-06-14 17:30:31 - [TEST_STEP][PASSED] - Statement - StoresCBList1.get(i).click(): null

2018-06-14 17:30:31 - [TEST_STEP][PASSED] - Statement - groupStoresList[i] = storesLabel.get(i).getText(): null

2018-06-14 17:30:31 - [TEST_STEP][PASSED] - Statement - StoresCBList1.get(i).click(): null

2018-06-14 17:30:31 - [TEST_STEP][PASSED] - Statement - groupStoresList[i] = storesLabel.get(i).getText(): null

2018-06-14 17:30:31 - [TEST_STEP][PASSED] - Statement - StoresCBList1.get(i).click(): null

2018-06-14 17:30:31 - [TEST_STEP][PASSED] - Statement - groupStoresList[i] = storesLabel.get(i).getText(): null

2018-06-14 17:30:31 - [TEST_STEP][PASSED] - Statement - StoresCBList1.get(i).click(): null

2018-06-14 17:30:31 - [TEST_STEP][PASSED] - Statement - groupStoresList[i] = storesLabel.get(i).getText(): null

2018-06-14 17:30:31 - [TEST_STEP][PASSED] - Statement - StoresCBList1.get(i).click(): null

2018-06-14 17:30:31 - [TEST_STEP][PASSED] - Statement - groupStoresList[i] = storesLabel.get(i).getText(): null

2018-06-14 17:30:31 - [TEST_STEP][PASSED] - Statement - StoresCBList1.get(i).click(): null

2018-06-14 17:30:31 - [TEST_STEP][PASSED] - Statement - groupStoresList[i] = storesLabel.get(i).getText(): null

2018-06-14 17:30:31 - [TEST_STEP][PASSED] - Statement - StoresCBList1.get(i).click(): null

2018-06-14 17:30:31 - [TEST_STEP][PASSED] - Statement - groupStoresList[i] = storesLabel.get(i).getText(): null

2018-06-14 17:30:31 - [TEST_STEP][PASSED] - Statement - StoresCBList1.get(i).click(): null

2018-06-14 17:30:31 - [TEST_STEP][PASSED] - Statement - groupStoresList[i] = storesLabel.get(i).getText(): null

2018-06-14 17:30:31 - [TEST_STEP][PASSED] - Statement - StoresCBList1.get(i).click(): null

2018-06-14 17:30:32 - [TEST_STEP][PASSED] - Statement - groupStoresList[i] = storesLabel.get(i).getText(): null

2018-06-14 17:30:32 - [TEST_STEP][PASSED] - Statement - StoresCBList1.get(i).click(): null

2018-06-14 17:30:32 - [TEST_STEP][PASSED] - Statement - groupStoresList[i] = storesLabel.get(i).getText(): null

2018-06-14 17:30:32 - [TEST_STEP][PASSED] - Statement - StoresCBList1.get(i).click(): null

2018-06-14 17:30:32 - [TEST_STEP][PASSED] - Statement - groupStoresList[i] = storesLabel.get(i).getText(): null

2018-06-14 17:30:32 - [TEST_STEP][PASSED] - Statement - StoresCBList1.get(i).click(): null

2018-06-14 17:30:32 - [TEST_STEP][PASSED] - Statement - groupStoresList[i] = storesLabel.get(i).getText(): null

2018-06-14 17:30:32 - [TEST_STEP][PASSED] - Statement - StoresCBList1.get(i).click(): null

2018-06-14 17:30:32 - [TEST_STEP][PASSED] - Statement - groupStoresList[i] = storesLabel.get(i).getText(): null

2018-06-14 17:30:32 - [TEST_STEP][PASSED] - Statement - StoresCBList1.get(i).click(): null

2018-06-14 17:30:32 - [TEST_STEP][PASSED] - Statement - groupStoresList[i] = storesLabel.get(i).getText(): null

2018-06-14 17:30:32 - [TEST_STEP][PASSED] - Statement - StoresCBList1.get(i).click(): null

2018-06-14 17:30:32 - [TEST_STEP][PASSED] - Statement - groupStoresList[i] = storesLabel.get(i).getText(): null

2018-06-14 17:30:32 - [TEST_STEP][PASSED] - Statement - StoresCBList1.get(i).click(): null

2018-06-14 17:30:32 - [TEST_STEP][PASSED] - Statement - groupStoresList[i] = storesLabel.get(i).getText(): null

2018-06-14 17:30:32 - [TEST_STEP][PASSED] - Statement - StoresCBList1.get(i).click(): null

2018-06-14 17:30:32 - [TEST_STEP][PASSED] - Statement - groupStoresList[i] = storesLabel.get(i).getText(): null

2018-06-14 17:30:32 - [TEST_STEP][PASSED] - Statement - StoresCBList1.get(i).click(): null

2018-06-14 17:30:32 - [TEST_STEP][PASSED] - Statement - groupStoresList[i] = storesLabel.get(i).getText(): null

2018-06-14 17:30:32 - [TEST_STEP][PASSED] - Statement - StoresCBList1.get(i).click(): null

2018-06-14 17:30:32 - [TEST_STEP][PASSED] - Statement - groupStoresList[i] = storesLabel.get(i).getText(): null

2018-06-14 17:30:32 - [TEST_STEP][PASSED] - Statement - StoresCBList1.get(i).click(): null

2018-06-14 17:30:32 - [TEST_STEP][PASSED] - Statement - groupStoresList[i] = storesLabel.get(i).getText(): null

2018-06-14 17:30:32 - [TEST_STEP][PASSED] - Statement - StoresCBList1.get(i).click(): null

2018-06-14 17:30:32 - [TEST_STEP][PASSED] - Statement - groupStoresList[i] = storesLabel.get(i).getText(): null

2018-06-14 17:30:32 - [TEST_STEP][PASSED] - Statement - StoresCBList1.get(i).click(): null

2018-06-14 17:30:32 - [TEST_STEP][PASSED] - Statement - groupStoresList[i] = storesLabel.get(i).getText(): null

2018-06-14 17:30:32 - [TEST_STEP][PASSED] - Statement - StoresCBList1.get(i).click(): null

2018-06-14 17:30:32 - [TEST_STEP][PASSED] - Statement - groupStoresList[i] = storesLabel.get(i).getText(): null

2018-06-14 17:30:32 - [TEST_STEP][PASSED] - Statement - StoresCBList1.get(i).click(): null

2018-06-14 17:30:33 - [TEST_STEP][PASSED] - Statement - groupStoresList[i] = storesLabel.get(i).getText(): null

2018-06-14 17:30:33 - [TEST_STEP][PASSED] - Statement - StoresCBList1.get(i).click(): null

2018-06-14 17:30:33 - [TEST_STEP][PASSED] - Statement - groupStoresList[i] = storesLabel.get(i).getText(): null

2018-06-14 17:30:33 - [TEST_STEP][PASSED] - Statement - StoresCBList1.get(i).click(): null

2018-06-14 17:30:33 - [TEST_STEP][PASSED] - Statement - groupStoresList[i] = storesLabel.get(i).getText(): null

2018-06-14 17:30:33 - [TEST_STEP][PASSED] - Statement - StoresCBList1.get(i).click(): null

2018-06-14 17:30:33 - [TEST_STEP][PASSED] - Statement - groupStoresList[i] = storesLabel.get(i).getText(): null

2018-06-14 17:30:33 - [TEST_STEP][PASSED] - Statement - StoresCBList1.get(i).click(): null

2018-06-14 17:30:33 - [TEST_STEP][PASSED] - Statement - groupStoresList[i] = storesLabel.get(i).getText(): null

2018-06-14 17:30:33 - [TEST_STEP][PASSED] - Statement - StoresCBList1.get(i).click(): null

2018-06-14 17:30:33 - [TEST_STEP][PASSED] - Statement - groupStoresList[i] = storesLabel.get(i).getText(): null

2018-06-14 17:30:33 - [TEST_STEP][PASSED] - Statement - StoresCBList1.get(i).click(): null

2018-06-14 17:30:33 - [TEST_STEP][PASSED] - Statement - groupStoresList[i] = storesLabel.get(i).getText(): null

2018-06-14 17:30:33 - [TEST_STEP][PASSED] - Statement - StoresCBList1.get(i).click(): null

2018-06-14 17:30:33 - [TEST_STEP][PASSED] - Statement - groupStoresList[i] = storesLabel.get(i).getText(): null

2018-06-14 17:30:33 - [TEST_STEP][PASSED] - Statement - StoresCBList1.get(i).click(): null

2018-06-14 17:30:33 - [TEST_STEP][PASSED] - Statement - groupStoresList[i] = storesLabel.get(i).getText(): null

2018-06-14 17:30:33 - [TEST_STEP][PASSED] - Statement - StoresCBList1.get(i).click(): null

2018-06-14 17:30:33 - [TEST_STEP][PASSED] - Statement - groupStoresList[i] = storesLabel.get(i).getText(): null

2018-06-14 17:30:33 - [TEST_STEP][PASSED] - Statement - StoresCBList1.get(i).click(): null

2018-06-14 17:30:33 - [TEST_STEP][PASSED] - Statement - groupStoresList[i] = storesLabel.get(i).getText(): null

2018-06-14 17:30:33 - [TEST_STEP][PASSED] - Statement - StoresCBList1.get(i).click(): null

2018-06-14 17:30:33 - [TEST_STEP][PASSED] - Statement - groupStoresList[i] = storesLabel.get(i).getText(): null

2018-06-14 17:30:33 - [TEST_STEP][PASSED] - Statement - StoresCBList1.get(i).click(): null

2018-06-14 17:30:33 - [TEST_STEP][PASSED] - Statement - groupStoresList[i] = storesLabel.get(i).getText(): null

2018-06-14 17:30:33 - [TEST_STEP][PASSED] - Statement - StoresCBList1.get(i).click(): null

2018-06-14 17:30:33 - [TEST_STEP][PASSED] - Statement - groupStoresList[i] = storesLabel.get(i).getText(): null

2018-06-14 17:30:33 - [TEST_STEP][PASSED] - Statement - StoresCBList1.get(i).click(): null

2018-06-14 17:30:33 - [TEST_STEP][PASSED] - Statement - groupStoresList[i] = storesLabel.get(i).getText(): null

2018-06-14 17:30:34 - [TEST_STEP][PASSED] - Statement - StoresCBList1.get(i).click(): null

2018-06-14 17:30:34 - [TEST_STEP][PASSED] - Statement - groupStoresList[i] = storesLabel.get(i).getText(): null

2018-06-14 17:30:34 - [TEST_STEP][PASSED] - Statement - StoresCBList1.get(i).click(): null

2018-06-14 17:30:34 - [TEST_STEP][PASSED] - Statement - groupStoresList[i] = storesLabel.get(i).getText(): null

2018-06-14 17:30:34 - [TEST_STEP][PASSED] - Statement - StoresCBList1.get(i).click(): null

2018-06-14 17:30:34 - [TEST_STEP][PASSED] - Statement - groupStoresList[i] = storesLabel.get(i).getText(): null

2018-06-14 17:30:34 - [TEST_STEP][PASSED] - Statement - StoresCBList1.get(i).click(): null

2018-06-14 17:30:34 - [TEST_STEP][PASSED] - Statement - groupStoresList[i] = storesLabel.get(i).getText(): null

2018-06-14 17:30:34 - [TEST_STEP][PASSED] - Statement - StoresCBList1.get(i).click(): null

2018-06-14 17:30:34 - [TEST_STEP][PASSED] - Statement - groupStoresList[i] = storesLabel.get(i).getText(): null

2018-06-14 17:30:34 - [TEST_STEP][PASSED] - Statement - StoresCBList1.get(i).click(): null

2018-06-14 17:30:34 - [TEST_STEP][PASSED] - Statement - groupStoresList[i] = storesLabel.get(i).getText(): null

2018-06-14 17:30:34 - [TEST_STEP][PASSED] - Statement - StoresCBList1.get(i).click(): null

2018-06-14 17:30:34 - [TEST_STEP][PASSED] - Statement - groupStoresList[i] = storesLabel.get(i).getText(): null

2018-06-14 17:30:34 - [TEST_STEP][PASSED] - Statement - StoresCBList1.get(i).click(): null

2018-06-14 17:30:34 - [TEST_STEP][PASSED] - Statement - groupStoresList[i] = storesLabel.get(i).getText(): null

2018-06-14 17:30:34 - [TEST_STEP][PASSED] - Statement - StoresCBList1.get(i).click(): null

2018-06-14 17:30:34 - [TEST_STEP][PASSED] - Statement - groupStoresList[i] = storesLabel.get(i).getText(): null

2018-06-14 17:30:34 - [TEST_STEP][PASSED] - Statement - StoresCBList1.get(i).click(): null

2018-06-14 17:30:34 - [TEST_STEP][PASSED] - Statement - groupStoresList[i] = storesLabel.get(i).getText(): null

2018-06-14 17:30:34 - [TEST_STEP][PASSED] - Statement - StoresCBList1.get(i).click(): null

2018-06-14 17:30:34 - [TEST_STEP][PASSED] - Statement - groupStoresList[i] = storesLabel.get(i).getText(): null

2018-06-14 17:30:34 - [TEST_STEP][PASSED] - Statement - StoresCBList1.get(i).click(): null

2018-06-14 17:30:34 - [TEST_STEP][PASSED] - Statement - groupStoresList[i] = storesLabel.get(i).getText(): null

2018-06-14 17:30:34 - [TEST_STEP][PASSED] - Statement - StoresCBList1.get(i).click(): null

2018-06-14 17:30:34 - [TEST_STEP][PASSED] - Statement - groupStoresList[i] = storesLabel.get(i).getText(): null

2018-06-14 17:30:34 - [TEST_STEP][PASSED] - Statement - StoresCBList1.get(i).click(): null

2018-06-14 17:30:34 - [TEST_STEP][PASSED] - Statement - groupStoresList[i] = storesLabel.get(i).getText(): null

2018-06-14 17:30:34 - [TEST_STEP][PASSED] - Statement - StoresCBList1.get(i).click(): null

2018-06-14 17:30:34 - [TEST_STEP][PASSED] - Statement - groupStoresList[i] = storesLabel.get(i).getText(): null

2018-06-14 17:30:35 - [TEST_STEP][PASSED] - Statement - StoresCBList1.get(i).click(): null

2018-06-14 17:30:35 - [TEST_STEP][PASSED] - Statement - groupStoresList[i] = storesLabel.get(i).getText(): null

2018-06-14 17:30:35 - [TEST_STEP][PASSED] - Statement - StoresCBList1.get(i).click(): null

2018-06-14 17:30:35 - [TEST_STEP][PASSED] - Statement - groupStoresList[i] = storesLabel.get(i).getText(): null

2018-06-14 17:30:35 - [TEST_STEP][PASSED] - Statement - StoresCBList1.get(i).click(): null

2018-06-14 17:30:35 - [TEST_STEP][PASSED] - Statement - groupStoresList[i] = storesLabel.get(i).getText(): null

2018-06-14 17:30:35 - [TEST_STEP][PASSED] - Statement - StoresCBList1.get(i).click(): null

2018-06-14 17:30:35 - [TEST_STEP][PASSED] - Statement - groupStoresList[i] = storesLabel.get(i).getText(): null

2018-06-14 17:30:35 - [TEST_STEP][PASSED] - Statement - StoresCBList1.get(i).click(): null

2018-06-14 17:30:35 - [TEST_STEP][PASSED] - Statement - groupStoresList[i] = storesLabel.get(i).getText(): null

2018-06-14 17:30:35 - [TEST_STEP][PASSED] - Statement - StoresCBList1.get(i).click(): null

2018-06-14 17:30:35 - [TEST_STEP][PASSED] - Statement - groupStoresList[i] = storesLabel.get(i).getText(): null

2018-06-14 17:30:35 - [TEST_STEP][PASSED] - Statement - StoresCBList1.get(i).click(): null

2018-06-14 17:30:35 - [TEST_STEP][PASSED] - Statement - groupStoresList[i] = storesLabel.get(i).getText(): null

2018-06-14 17:30:35 - [TEST_STEP][PASSED] - Statement - StoresCBList1.get(i).click(): null

2018-06-14 17:30:35 - [TEST_STEP][PASSED] - Statement - groupStoresList[i] = storesLabel.get(i).getText(): null

2018-06-14 17:30:35 - [TEST_STEP][PASSED] - Statement - StoresCBList1.get(i).click(): null

2018-06-14 17:30:35 - [TEST_STEP][PASSED] - Statement - groupStoresList[i] = storesLabel.get(i).getText(): null

2018-06-14 17:30:35 - [TEST_STEP][PASSED] - Statement - StoresCBList1.get(i).click(): null

2018-06-14 17:30:35 - [TEST_STEP][PASSED] - Statement - groupStoresList[i] = storesLabel.get(i).getText(): null

2018-06-14 17:30:35 - [TEST_STEP][PASSED] - Statement - StoresCBList1.get(i).click(): null

2018-06-14 17:30:35 - [TEST_STEP][PASSED] - Statement - groupStoresList[i] = storesLabel.get(i).getText(): null

2018-06-14 17:30:35 - [TEST_STEP][PASSED] - Statement - StoresCBList1.get(i).click(): null

2018-06-14 17:30:35 - [TEST_STEP][PASSED] - Statement - groupStoresList[i] = storesLabel.get(i).getText(): null

2018-06-14 17:30:35 - [TEST_STEP][PASSED] - Statement - StoresCBList1.get(i).click(): null

2018-06-14 17:30:35 - [TEST_STEP][PASSED] - Statement - groupStoresList[i] = storesLabel.get(i).getText(): null

2018-06-14 17:30:35 - [TEST_STEP][PASSED] - Statement - StoresCBList1.get(i).click(): null

2018-06-14 17:30:35 - [TEST_STEP][PASSED] - Statement - groupStoresList[i] = storesLabel.get(i).getText(): null

2018-06-14 17:30:35 - [TEST_STEP][PASSED] - Statement - StoresCBList1.get(i).click(): null

2018-06-14 17:30:36 - [TEST_STEP][PASSED] - Statement - groupStoresList[i] = storesLabel.get(i).getText(): null

2018-06-14 17:30:36 - [TEST_STEP][PASSED] - Statement - StoresCBList1.get(i).click(): null

2018-06-14 17:30:36 - [TEST_STEP][PASSED] - Statement - groupStoresList[i] = storesLabel.get(i).getText(): null

2018-06-14 17:30:36 - [TEST_STEP][PASSED] - Statement - StoresCBList1.get(i).click(): null

2018-06-14 17:30:36 - [TEST_STEP][PASSED] - Statement - groupStoresList[i] = storesLabel.get(i).getText(): null

2018-06-14 17:30:36 - [TEST_STEP][PASSED] - Statement - StoresCBList1.get(i).click(): null

2018-06-14 17:30:36 - [TEST_STEP][PASSED] - Statement - groupStoresList[i] = storesLabel.get(i).getText(): null

2018-06-14 17:30:36 - [TEST_STEP][PASSED] - Statement - StoresCBList1.get(i).click(): null

2018-06-14 17:30:36 - [TEST_STEP][PASSED] - Statement - groupStoresList[i] = storesLabel.get(i).getText(): null

2018-06-14 17:30:36 - [TEST_STEP][PASSED] - Statement - StoresCBList1.get(i).click(): null

2018-06-14 17:30:36 - [TEST_STEP][PASSED] - Statement - groupStoresList[i] = storesLabel.get(i).getText(): null

2018-06-14 17:30:36 - [TEST_STEP][PASSED] - Statement - StoresCBList1.get(i).click(): null

2018-06-14 17:30:36 - [TEST_STEP][PASSED] - Statement - groupStoresList[i] = storesLabel.get(i).getText(): null

2018-06-14 17:30:36 - [TEST_STEP][PASSED] - Statement - StoresCBList1.get(i).click(): null

2018-06-14 17:30:36 - [TEST_STEP][PASSED] - Statement - groupStoresList[i] = storesLabel.get(i).getText(): null

2018-06-14 17:30:36 - [TEST_STEP][PASSED] - Statement - StoresCBList1.get(i).click(): null

2018-06-14 17:30:36 - [TEST_STEP][PASSED] - Statement - groupStoresList[i] = storesLabel.get(i).getText(): null

2018-06-14 17:30:36 - [TEST_STEP][PASSED] - Statement - StoresCBList1.get(i).click(): null

2018-06-14 17:30:36 - [TEST_STEP][PASSED] - Statement - groupStoresList[i] = storesLabel.get(i).getText(): null

2018-06-14 17:30:36 - [TEST_STEP][PASSED] - Statement - StoresCBList1.get(i).click(): null

2018-06-14 17:30:36 - [TEST_STEP][PASSED] - Statement - groupStoresList[i] = storesLabel.get(i).getText(): null

2018-06-14 17:30:36 - [TEST_STEP][PASSED] - Statement - StoresCBList1.get(i).click(): null

2018-06-14 17:30:36 - [TEST_STEP][PASSED] - Statement - groupStoresList[i] = storesLabel.get(i).getText(): null

2018-06-14 17:30:36 - [TEST_STEP][PASSED] - Statement - StoresCBList1.get(i).click(): null

2018-06-14 17:30:36 - [TEST_STEP][PASSED] - Statement - groupStoresList[i] = storesLabel.get(i).getText(): null

2018-06-14 17:30:36 - [TEST_STEP][PASSED] - Statement - StoresCBList1.get(i).click(): null

2018-06-14 17:30:36 - [TEST_STEP][PASSED] - Statement - groupStoresList[i] = storesLabel.get(i).getText(): null

2018-06-14 17:30:36 - [TEST_STEP][PASSED] - Statement - StoresCBList1.get(i).click(): null

2018-06-14 17:30:36 - [TEST_STEP][PASSED] - Statement - groupStoresList[i] = storesLabel.get(i).getText(): null

2018-06-14 17:30:36 - [TEST_STEP][PASSED] - Statement - StoresCBList1.get(i).click(): null

2018-06-14 17:30:37 - [TEST_STEP][PASSED] - Statement - groupStoresList[i] = storesLabel.get(i).getText(): null

2018-06-14 17:30:37 - [TEST_STEP][PASSED] - Statement - StoresCBList1.get(i).click(): null

2018-06-14 17:30:37 - [TEST_STEP][PASSED] - Statement - groupStoresList[i] = storesLabel.get(i).getText(): null

2018-06-14 17:30:37 - [TEST_STEP][PASSED] - Statement - StoresCBList1.get(i).click(): null

2018-06-14 17:30:37 - [TEST_STEP][PASSED] - Statement - groupStoresList[i] = storesLabel.get(i).getText(): null

2018-06-14 17:30:37 - [TEST_STEP][PASSED] - Statement - StoresCBList1.get(i).click(): null

2018-06-14 17:30:37 - [TEST_STEP][PASSED] - Statement - groupStoresList[i] = storesLabel.get(i).getText(): null

2018-06-14 17:30:37 - [TEST_STEP][PASSED] - Statement - StoresCBList1.get(i).click(): null

2018-06-14 17:30:37 - [TEST_STEP][PASSED] - Statement - groupStoresList[i] = storesLabel.get(i).getText(): null

2018-06-14 17:30:37 - [TEST_STEP][PASSED] - Statement - StoresCBList1.get(i).click(): null

2018-06-14 17:30:37 - [TEST_STEP][PASSED] - Statement - groupStoresList[i] = storesLabel.get(i).getText(): null

2018-06-14 17:30:37 - [TEST_STEP][PASSED] - Statement - StoresCBList1.get(i).click(): null

2018-06-14 17:30:37 - [TEST_STEP][PASSED] - Statement - groupStoresList[i] = storesLabel.get(i).getText(): null

2018-06-14 17:30:37 - [TEST_STEP][PASSED] - Statement - StoresCBList1.get(i).click(): null

2018-06-14 17:30:37 - [TEST_STEP][PASSED] - Statement - out.println(groupStoresList): null

2018-06-14 17:30:37 - [TEST_STEP][PASSED] - uiaction.CommonUIActions.click: uiaction.CommonUIActions.click is PASSED

2018-06-14 17:30:37 - [MESSAGE][PASSED] - uiaction.CommonUIActions.click is PASSED

2018-06-14 17:30:37 - [TEST_STEP][PASSED] - delay: Delayed 5 second(s)

2018-06-14 17:30:42 - [MESSAGE][PASSED] - Delayed 5 second(s)

2018-06-14 17:30:42 - [TEST_STEP][PASSED] - Statement - secondStoreListBox1 = driver.findElements(org.openqa.selenium.By.xpath(com.kms.katalon.core.testdata.TestDataFactory.findTestData(OR_file).getValue(2, 11))): Reading excel file with source file 'C:\Users\shalinin\Katalon Studio\HME_Scripts\Data Files\HME_OR.xlsx' and sheet name 'Sheet1'

2018-06-14 17:30:42 - [TEST_STEP][PASSED] - Statement - actualList1 = new java.util.ArrayList(): null

2018-06-14 17:30:42 - [TEST_STEP][PASSED] - Statement - For ([i = 0, i < secondStoreListBox1.size(), (i++)]): null

2018-06-14 17:30:42 - [TEST_STEP][PASSED] - Statement - actualList1.add(i, secondStoreListBox1.get(i).getText()): null

2018-06-14 17:30:42 - [TEST_STEP][PASSED] - Statement - actualList1.add(i, secondStoreListBox1.get(i).getText()): null

2018-06-14 17:30:42 - [TEST_STEP][PASSED] - Statement - actualList1.add(i, secondStoreListBox1.get(i).getText()): null

2018-06-14 17:30:42 - [TEST_STEP][PASSED] - Statement - actualList1.add(i, secondStoreListBox1.get(i).getText()): null

2018-06-14 17:30:42 - [TEST_STEP][PASSED] - Statement - actualList1.add(i, secondStoreListBox1.get(i).getText()): null

2018-06-14 17:30:42 - [TEST_STEP][PASSED] - Statement - actualList1.add(i, secondStoreListBox1.get(i).getText()): null

2018-06-14 17:30:42 - [TEST_STEP][PASSED] - Statement - actualList1.add(i, secondStoreListBox1.get(i).getText()): null

2018-06-14 17:30:42 - [TEST_STEP][PASSED] - Statement - actualList1.add(i, secondStoreListBox1.get(i).getText()): null

2018-06-14 17:30:42 - [TEST_STEP][PASSED] - Statement - actualList1.add(i, secondStoreListBox1.get(i).getText()): null

2018-06-14 17:30:42 - [TEST_STEP][PASSED] - Statement - actualList1.add(i, secondStoreListBox1.get(i).getText()): null

2018-06-14 17:30:42 - [TEST_STEP][PASSED] - Statement - actualList1.add(i, secondStoreListBox1.get(i).getText()): null

2018-06-14 17:30:42 - [TEST_STEP][PASSED] - Statement - actualList1.add(i, secondStoreListBox1.get(i).getText()): null

2018-06-14 17:30:42 - [TEST_STEP][PASSED] - Statement - actualList1.add(i, secondStoreListBox1.get(i).getText()): null

2018-06-14 17:30:42 - [TEST_STEP][PASSED] - Statement - actualList1.add(i, secondStoreListBox1.get(i).getText()): null

2018-06-14 17:30:42 - [TEST_STEP][PASSED] - Statement - actualList1.add(i, secondStoreListBox1.get(i).getText()): null

2018-06-14 17:30:42 - [TEST_STEP][PASSED] - Statement - actualList1.add(i, secondStoreListBox1.get(i).getText()): null

2018-06-14 17:30:42 - [TEST_STEP][PASSED] - Statement - actualList1.add(i, secondStoreListBox1.get(i).getText()): null

2018-06-14 17:30:42 - [TEST_STEP][PASSED] - Statement - actualList1.add(i, secondStoreListBox1.get(i).getText()): null

2018-06-14 17:30:42 - [TEST_STEP][PASSED] - Statement - actualList1.add(i, secondStoreListBox1.get(i).getText()): null

2018-06-14 17:30:42 - [TEST_STEP][PASSED] - Statement - actualList1.add(i, secondStoreListBox1.get(i).getText()): null

2018-06-14 17:30:42 - [TEST_STEP][PASSED] - Statement - actualList1.add(i, secondStoreListBox1.get(i).getText()): null

2018-06-14 17:30:42 - [TEST_STEP][PASSED] - Statement - actualList1.add(i, secondStoreListBox1.get(i).getText()): null

2018-06-14 17:30:42 - [TEST_STEP][PASSED] - Statement - actualList1.add(i, secondStoreListBox1.get(i).getText()): null

2018-06-14 17:30:42 - [TEST_STEP][PASSED] - Statement - actualList1.add(i, secondStoreListBox1.get(i).getText()): null

2018-06-14 17:30:42 - [TEST_STEP][PASSED] - Statement - actualList1.add(i, secondStoreListBox1.get(i).getText()): null

2018-06-14 17:30:43 - [TEST_STEP][PASSED] - Statement - actualList1.add(i, secondStoreListBox1.get(i).getText()): null

2018-06-14 17:30:43 - [TEST_STEP][PASSED] - Statement - actualList1.add(i, secondStoreListBox1.get(i).getText()): null

2018-06-14 17:30:43 - [TEST_STEP][PASSED] - Statement - actualList1.add(i, secondStoreListBox1.get(i).getText()): null

2018-06-14 17:30:43 - [TEST_STEP][PASSED] - Statement - actualList1.add(i, secondStoreListBox1.get(i).getText()): null

2018-06-14 17:30:43 - [TEST_STEP][PASSED] - Statement - actualList1.add(i, secondStoreListBox1.get(i).getText()): null

2018-06-14 17:30:43 - [TEST_STEP][PASSED] - Statement - actualList1.add(i, secondStoreListBox1.get(i).getText()): null

2018-06-14 17:30:43 - [TEST_STEP][PASSED] - Statement - actualList1.add(i, secondStoreListBox1.get(i).getText()): null

2018-06-14 17:30:43 - [TEST_STEP][PASSED] - Statement - actualList1.add(i, secondStoreListBox1.get(i).getText()): null

2018-06-14 17:30:43 - [TEST_STEP][PASSED] - Statement - actualList1.add(i, secondStoreListBox1.get(i).getText()): null

2018-06-14 17:30:43 - [TEST_STEP][PASSED] - Statement - actualList1.add(i, secondStoreListBox1.get(i).getText()): null

2018-06-14 17:30:43 - [TEST_STEP][PASSED] - Statement - actualList1.add(i, secondStoreListBox1.get(i).getText()): null

2018-06-14 17:30:43 - [TEST_STEP][PASSED] - Statement - actualList1.add(i, secondStoreListBox1.get(i).getText()): null

2018-06-14 17:30:43 - [TEST_STEP][PASSED] - Statement - actualList1.add(i, secondStoreListBox1.get(i).getText()): null

2018-06-14 17:30:43 - [TEST_STEP][PASSED] - Statement - actualList1.add(i, secondStoreListBox1.get(i).getText()): null

2018-06-14 17:30:43 - [TEST_STEP][PASSED] - Statement - actualList1.add(i, secondStoreListBox1.get(i).getText()): null

2018-06-14 17:30:43 - [TEST_STEP][PASSED] - Statement - actualList1.add(i, secondStoreListBox1.get(i).getText()): null

2018-06-14 17:30:43 - [TEST_STEP][PASSED] - Statement - actualList1.add(i, secondStoreListBox1.get(i).getText()): null

2018-06-14 17:30:43 - [TEST_STEP][PASSED] - Statement - actualList1.add(i, secondStoreListBox1.get(i).getText()): null

2018-06-14 17:30:43 - [TEST_STEP][PASSED] - Statement - actualList1.add(i, secondStoreListBox1.get(i).getText()): null

2018-06-14 17:30:43 - [TEST_STEP][PASSED] - Statement - actualList1.add(i, secondStoreListBox1.get(i).getText()): null

2018-06-14 17:30:43 - [TEST_STEP][PASSED] - Statement - actualList1.add(i, secondStoreListBox1.get(i).getText()): null

2018-06-14 17:30:43 - [TEST_STEP][PASSED] - Statement - actualList1.add(i, secondStoreListBox1.get(i).getText()): null

2018-06-14 17:30:43 - [TEST_STEP][PASSED] - Statement - actualList1.add(i, secondStoreListBox1.get(i).getText()): null

2018-06-14 17:30:43 - [TEST_STEP][PASSED] - Statement - actualList1.add(i, secondStoreListBox1.get(i).getText()): null

2018-06-14 17:30:43 - [TEST_STEP][PASSED] - Statement - actualList1.add(i, secondStoreListBox1.get(i).getText()): null

2018-06-14 17:30:43 - [TEST_STEP][PASSED] - Statement - actualList1.add(i, secondStoreListBox1.get(i).getText()): null

2018-06-14 17:30:43 - [TEST_STEP][PASSED] - Statement - actualList1.add(i, secondStoreListBox1.get(i).getText()): null

2018-06-14 17:30:43 - [TEST_STEP][PASSED] - Statement - actualList1.add(i, secondStoreListBox1.get(i).getText()): null

2018-06-14 17:30:43 - [TEST_STEP][PASSED] - Statement - actualList1.add(i, secondStoreListBox1.get(i).getText()): null

2018-06-14 17:30:43 - [TEST_STEP][PASSED] - Statement - actualList1.add(i, secondStoreListBox1.get(i).getText()): null

2018-06-14 17:30:43 - [TEST_STEP][PASSED] - Statement - actualList1.add(i, secondStoreListBox1.get(i).getText()): null

2018-06-14 17:30:43 - [TEST_STEP][PASSED] - Statement - actualList1.add(i, secondStoreListBox1.get(i).getText()): null

2018-06-14 17:30:43 - [TEST_STEP][PASSED] - Statement - actualList1.add(i, secondStoreListBox1.get(i).getText()): null

2018-06-14 17:30:43 - [TEST_STEP][PASSED] - Statement - actualList1.add(i, secondStoreListBox1.get(i).getText()): null

2018-06-14 17:30:43 - [TEST_STEP][PASSED] - Statement - actualList1.add(i, secondStoreListBox1.get(i).getText()): null

2018-06-14 17:30:43 - [TEST_STEP][PASSED] - Statement - actualList1.add(i, secondStoreListBox1.get(i).getText()): null

2018-06-14 17:30:43 - [TEST_STEP][PASSED] - Statement - actualList1.add(i, secondStoreListBox1.get(i).getText()): null

2018-06-14 17:30:43 - [TEST_STEP][PASSED] - Statement - actualList1.add(i, secondStoreListBox1.get(i).getText()): null

2018-06-14 17:30:43 - [TEST_STEP][PASSED] - Statement - actualList1.add(i, secondStoreListBox1.get(i).getText()): null

2018-06-14 17:30:43 - [TEST_STEP][PASSED] - Statement - actualList1.add(i, secondStoreListBox1.get(i).getText()): null

2018-06-14 17:30:43 - [TEST_STEP][PASSED] - Statement - actualList1.add(i, secondStoreListBox1.get(i).getText()): null

2018-06-14 17:30:43 - [TEST_STEP][PASSED] - Statement - actualList1.add(i, secondStoreListBox1.get(i).getText()): null

2018-06-14 17:30:43 - [TEST_STEP][PASSED] - Statement - actualList1.add(i, secondStoreListBox1.get(i).getText()): null

2018-06-14 17:30:43 - [TEST_STEP][PASSED] - Statement - actualList1.add(i, secondStoreListBox1.get(i).getText()): null

2018-06-14 17:30:43 - [TEST_STEP][PASSED] - Statement - actualList1.add(i, secondStoreListBox1.get(i).getText()): null

2018-06-14 17:30:43 - [TEST_STEP][PASSED] - Statement - actualList1.add(i, secondStoreListBox1.get(i).getText()): null

2018-06-14 17:30:43 - [TEST_STEP][PASSED] - Statement - actualList1.add(i, secondStoreListBox1.get(i).getText()): null

2018-06-14 17:30:43 - [TEST_STEP][PASSED] - Statement - actualList1.add(i, secondStoreListBox1.get(i).getText()): null

2018-06-14 17:30:43 - [TEST_STEP][PASSED] - Statement - actualList1.add(i, secondStoreListBox1.get(i).getText()): null

2018-06-14 17:30:43 - [TEST_STEP][PASSED] - Statement - actualList1.add(i, secondStoreListBox1.get(i).getText()): null

2018-06-14 17:30:43 - [TEST_STEP][PASSED] - Statement - actualList1.add(i, secondStoreListBox1.get(i).getText()): null

2018-06-14 17:30:43 - [TEST_STEP][PASSED] - Statement - actualList1.add(i, secondStoreListBox1.get(i).getText()): null

2018-06-14 17:30:43 - [TEST_STEP][PASSED] - Statement - actualList1.add(i, secondStoreListBox1.get(i).getText()): null

2018-06-14 17:30:43 - [TEST_STEP][PASSED] - Statement - actualList1.add(i, secondStoreListBox1.get(i).getText()): null

2018-06-14 17:30:43 - [TEST_STEP][PASSED] - Statement - actualList1.add(i, secondStoreListBox1.get(i).getText()): null

2018-06-14 17:30:43 - [TEST_STEP][PASSED] - Statement - actualList1.add(i, secondStoreListBox1.get(i).getText()): null

2018-06-14 17:30:43 - [TEST_STEP][PASSED] - Statement - actualList1.add(i, secondStoreListBox1.get(i).getText()): null

2018-06-14 17:30:43 - [TEST_STEP][PASSED] - Statement - actualList1.add(i, secondStoreListBox1.get(i).getText()): null

2018-06-14 17:30:43 - [TEST_STEP][PASSED] - Statement - actualList1.add(i, secondStoreListBox1.get(i).getText()): null

2018-06-14 17:30:44 - [TEST_STEP][PASSED] - Statement - actualList1.add(i, secondStoreListBox1.get(i).getText()): null

2018-06-14 17:30:44 - [TEST_STEP][PASSED] - Statement - actualList1.add(i, secondStoreListBox1.get(i).getText()): null

2018-06-14 17:30:44 - [TEST_STEP][PASSED] - Statement - actualList1.add(i, secondStoreListBox1.get(i).getText()): null

2018-06-14 17:30:44 - [TEST_STEP][PASSED] - Statement - actualList1.add(i, secondStoreListBox1.get(i).getText()): null

2018-06-14 17:30:44 - [TEST_STEP][PASSED] - Statement - actualList1.add(i, secondStoreListBox1.get(i).getText()): null

2018-06-14 17:30:44 - [TEST_STEP][PASSED] - Statement - actualList1.add(i, secondStoreListBox1.get(i).getText()): null

2018-06-14 17:30:44 - [TEST_STEP][PASSED] - Statement - actualList1.add(i, secondStoreListBox1.get(i).getText()): null

2018-06-14 17:30:44 - [TEST_STEP][PASSED] - Statement - actualList1.add(i, secondStoreListBox1.get(i).getText()): null

2018-06-14 17:30:44 - [TEST_STEP][PASSED] - Statement - actualList1.add(i, secondStoreListBox1.get(i).getText()): null

2018-06-14 17:30:44 - [TEST_STEP][PASSED] - Statement - actualList1.add(i, secondStoreListBox1.get(i).getText()): null

2018-06-14 17:30:44 - [TEST_STEP][PASSED] - Statement - actualList1.add(i, secondStoreListBox1.get(i).getText()): null

2018-06-14 17:30:44 - [TEST_STEP][PASSED] - Statement - actualList1.add(i, secondStoreListBox1.get(i).getText()): null

2018-06-14 17:30:44 - [TEST_STEP][PASSED] - Statement - actualList1.add(i, secondStoreListBox1.get(i).getText()): null

2018-06-14 17:30:44 - [TEST_STEP][PASSED] - Statement - actualList1.add(i, secondStoreListBox1.get(i).getText()): null

2018-06-14 17:30:44 - [TEST_STEP][PASSED] - Statement - actualList1.add(i, secondStoreListBox1.get(i).getText()): null

2018-06-14 17:30:44 - [TEST_STEP][PASSED] - Statement - actualList1.add(i, secondStoreListBox1.get(i).getText()): null

2018-06-14 17:30:44 - [TEST_STEP][PASSED] - Statement - actualList1.add(i, secondStoreListBox1.get(i).getText()): null

2018-06-14 17:30:44 - [TEST_STEP][PASSED] - Statement - actualList1.add(i, secondStoreListBox1.get(i).getText()): null

2018-06-14 17:30:44 - [TEST_STEP][PASSED] - Statement - actualList1.add(i, secondStoreListBox1.get(i).getText()): null

2018-06-14 17:30:44 - [TEST_STEP][PASSED] - Statement - actualList1.add(i, secondStoreListBox1.get(i).getText()): null

2018-06-14 17:30:44 - [TEST_STEP][PASSED] - Statement - actualList1.add(i, secondStoreListBox1.get(i).getText()): null

2018-06-14 17:30:44 - [TEST_STEP][PASSED] - Statement - actualList1.add(i, secondStoreListBox1.get(i).getText()): null

2018-06-14 17:30:44 - [TEST_STEP][PASSED] - Statement - actualList1.add(i, secondStoreListBox1.get(i).getText()): null

2018-06-14 17:30:44 - [TEST_STEP][PASSED] - Statement - actualList1.add(i, secondStoreListBox1.get(i).getText()): null

2018-06-14 17:30:44 - [TEST_STEP][PASSED] - Statement - actualList1.add(i, secondStoreListBox1.get(i).getText()): null

2018-06-14 17:30:44 - [TEST_STEP][PASSED] - Statement - actualList1.add(i, secondStoreListBox1.get(i).getText()): null

2018-06-14 17:30:44 - [TEST_STEP][PASSED] - Statement - actualList1.add(i, secondStoreListBox1.get(i).getText()): null

2018-06-14 17:30:44 - [TEST_STEP][PASSED] - Statement - actualList1.add(i, secondStoreListBox1.get(i).getText()): null

2018-06-14 17:30:44 - [TEST_STEP][PASSED] - Statement - actualList1.add(i, secondStoreListBox1.get(i).getText()): null

2018-06-14 17:30:44 - [TEST_STEP][PASSED] - Statement - actualList1.add(i, secondStoreListBox1.get(i).getText()): null

2018-06-14 17:30:44 - [TEST_STEP][PASSED] - Statement - actualList1.add(i, secondStoreListBox1.get(i).getText()): null

2018-06-14 17:30:44 - [TEST_STEP][PASSED] - Statement - actualList1.add(i, secondStoreListBox1.get(i).getText()): null

2018-06-14 17:30:44 - [TEST_STEP][PASSED] - Statement - actualList1.add(i, secondStoreListBox1.get(i).getText()): null

2018-06-14 17:30:44 - [TEST_STEP][PASSED] - Statement - actualList1.add(i, secondStoreListBox1.get(i).getText()): null

2018-06-14 17:30:44 - [TEST_STEP][PASSED] - Statement - actualList1.add(i, secondStoreListBox1.get(i).getText()): null

2018-06-14 17:30:44 - [TEST_STEP][PASSED] - Statement - actualList1.add(i, secondStoreListBox1.get(i).getText()): null

2018-06-14 17:30:44 - [TEST_STEP][PASSED] - Statement - actualList1.add(i, secondStoreListBox1.get(i).getText()): null

2018-06-14 17:30:44 - [TEST_STEP][PASSED] - Statement - actualList1.add(i, secondStoreListBox1.get(i).getText()): null

2018-06-14 17:30:44 - [TEST_STEP][PASSED] - Statement - actualList1.add(i, secondStoreListBox1.get(i).getText()): null

2018-06-14 17:30:44 - [TEST_STEP][PASSED] - Statement - actualList1.add(i, secondStoreListBox1.get(i).getText()): null

2018-06-14 17:30:44 - [TEST_STEP][PASSED] - Statement - actualList1.add(i, secondStoreListBox1.get(i).getText()): null

2018-06-14 17:30:44 - [TEST_STEP][PASSED] - Statement - actualList1.add(i, secondStoreListBox1.get(i).getText()): null

2018-06-14 17:30:44 - [TEST_STEP][PASSED] - Statement - actualList1.add(i, secondStoreListBox1.get(i).getText()): null

2018-06-14 17:30:44 - [TEST_STEP][PASSED] - Statement - actualList1.add(i, secondStoreListBox1.get(i).getText()): null

2018-06-14 17:30:44 - [TEST_STEP][PASSED] - Statement - actualList1.add(i, secondStoreListBox1.get(i).getText()): null

2018-06-14 17:30:44 - [TEST_STEP][PASSED] - Statement - actualList1.add(i, secondStoreListBox1.get(i).getText()): null

2018-06-14 17:30:44 - [TEST_STEP][PASSED] - Statement - actualList1.add(i, secondStoreListBox1.get(i).getText()): null

2018-06-14 17:30:44 - [TEST_STEP][PASSED] - Statement - actualList1.add(i, secondStoreListBox1.get(i).getText()): null

2018-06-14 17:30:44 - [TEST_STEP][PASSED] - Statement - actualList1.add(i, secondStoreListBox1.get(i).getText()): null

2018-06-14 17:30:44 - [TEST_STEP][PASSED] - Statement - actualList1.add(i, secondStoreListBox1.get(i).getText()): null

2018-06-14 17:30:44 - [TEST_STEP][PASSED] - Statement - actualList1.add(i, secondStoreListBox1.get(i).getText()): null

2018-06-14 17:30:44 - [TEST_STEP][PASSED] - Statement - actualList1.add(i, secondStoreListBox1.get(i).getText()): null

2018-06-14 17:30:44 - [TEST_STEP][PASSED] - Statement - actualList1.add(i, secondStoreListBox1.get(i).getText()): null

2018-06-14 17:30:44 - [TEST_STEP][PASSED] - Statement - actualList1.add(i, secondStoreListBox1.get(i).getText()): null

2018-06-14 17:30:44 - [TEST_STEP][PASSED] - Statement - actualList1.add(i, secondStoreListBox1.get(i).getText()): null

2018-06-14 17:30:44 - [TEST_STEP][PASSED] - Statement - actualList1.add(i, secondStoreListBox1.get(i).getText()): null

2018-06-14 17:30:44 - [TEST_STEP][PASSED] - Statement - actualList1.add(i, secondStoreListBox1.get(i).getText()): null

2018-06-14 17:30:44 - [TEST_STEP][PASSED] - Statement - actualList1.add(i, secondStoreListBox1.get(i).getText()): null

2018-06-14 17:30:44 - [TEST_STEP][PASSED] - Statement - actualList1.add(i, secondStoreListBox1.get(i).getText()): null

2018-06-14 17:30:45 - [TEST_STEP][PASSED] - Statement - actualList1.add(i, secondStoreListBox1.get(i).getText()): null

2018-06-14 17:30:45 - [TEST_STEP][PASSED] - Statement - actualList1.add(i, secondStoreListBox1.get(i).getText()): null

2018-06-14 17:30:45 - [TEST_STEP][PASSED] - Statement - actualList1.add(i, secondStoreListBox1.get(i).getText()): null

2018-06-14 17:30:45 - [TEST_STEP][PASSED] - Statement - actualList1.add(i, secondStoreListBox1.get(i).getText()): null

2018-06-14 17:30:45 - [TEST_STEP][PASSED] - Statement - actualList1.add(i, secondStoreListBox1.get(i).getText()): null

2018-06-14 17:30:45 - [TEST_STEP][PASSED] - Statement - actualList1.add(i, secondStoreListBox1.get(i).getText()): null

2018-06-14 17:30:45 - [TEST_STEP][PASSED] - Statement - actualList1.add(i, secondStoreListBox1.get(i).getText()): null

2018-06-14 17:30:45 - [TEST_STEP][PASSED] - Statement - actualList1.add(i, secondStoreListBox1.get(i).getText()): null

2018-06-14 17:30:45 - [TEST_STEP][PASSED] - Statement - actualList1.add(i, secondStoreListBox1.get(i).getText()): null

2018-06-14 17:30:45 - [TEST_STEP][PASSED] - Statement - actualList1.add(i, secondStoreListBox1.get(i).getText()): null

2018-06-14 17:30:45 - [TEST_STEP][PASSED] - Statement - actualList1.add(i, secondStoreListBox1.get(i).getText()): null

2018-06-14 17:30:45 - [TEST_STEP][PASSED] - Statement - actualList1.add(i, secondStoreListBox1.get(i).getText()): null

2018-06-14 17:30:45 - [TEST_STEP][PASSED] - Statement - actualList1.add(i, secondStoreListBox1.get(i).getText()): null

2018-06-14 17:30:45 - [TEST_STEP][PASSED] - Statement - actualList1.add(i, secondStoreListBox1.get(i).getText()): null

2018-06-14 17:30:45 - [TEST_STEP][PASSED] - Statement - actualList1.add(i, secondStoreListBox1.get(i).getText()): null

2018-06-14 17:30:45 - [TEST_STEP][PASSED] - Statement - actualList1.add(i, secondStoreListBox1.get(i).getText()): null

2018-06-14 17:30:45 - [TEST_STEP][PASSED] - Statement - actualList1.add(i, secondStoreListBox1.get(i).getText()): null

2018-06-14 17:30:45 - [TEST_STEP][PASSED] - Statement - actualList1.add(i, secondStoreListBox1.get(i).getText()): null

2018-06-14 17:30:45 - [TEST_STEP][PASSED] - Statement - actualList1.add(i, secondStoreListBox1.get(i).getText()): null

2018-06-14 17:30:45 - [TEST_STEP][PASSED] - Statement - actualList1.add(i, secondStoreListBox1.get(i).getText()): null

2018-06-14 17:30:45 - [TEST_STEP][PASSED] - Statement - actualList1.add(i, secondStoreListBox1.get(i).getText()): null

2018-06-14 17:30:45 - [TEST_STEP][PASSED] - Statement - actualList1.add(i, secondStoreListBox1.get(i).getText()): null

2018-06-14 17:30:45 - [TEST_STEP][PASSED] - Statement - actualList1.add(i, secondStoreListBox1.get(i).getText()): null

2018-06-14 17:30:45 - [TEST_STEP][PASSED] - Statement - actualList1.add(i, secondStoreListBox1.get(i).getText()): null

2018-06-14 17:30:45 - [TEST_STEP][PASSED] - Statement - actualList1.add(i, secondStoreListBox1.get(i).getText()): null

2018-06-14 17:30:45 - [TEST_STEP][PASSED] - Statement - actualList1.add(i, secondStoreListBox1.get(i).getText()): null

2018-06-14 17:30:45 - [TEST_STEP][PASSED] - Statement - actualList1.add(i, secondStoreListBox1.get(i).getText()): null

2018-06-14 17:30:45 - [TEST_STEP][PASSED] - Statement - actualList1.add(i, secondStoreListBox1.get(i).getText()): null

2018-06-14 17:30:45 - [TEST_STEP][PASSED] - Statement - actualList1.add(i, secondStoreListBox1.get(i).getText()): null

2018-06-14 17:30:45 - [TEST_STEP][PASSED] - Statement - actualList1.add(i, secondStoreListBox1.get(i).getText()): null

2018-06-14 17:30:45 - [TEST_STEP][PASSED] - Statement - actualList1.add(i, secondStoreListBox1.get(i).getText()): null

2018-06-14 17:30:45 - [TEST_STEP][PASSED] - Statement - actualList1.add(i, secondStoreListBox1.get(i).getText()): null

2018-06-14 17:30:45 - [TEST_STEP][PASSED] - Statement - actualList1.add(i, secondStoreListBox1.get(i).getText()): null

2018-06-14 17:30:45 - [TEST_STEP][PASSED] - Statement - actualList1.add(i, secondStoreListBox1.get(i).getText()): null

2018-06-14 17:30:45 - [TEST_STEP][PASSED] - Statement - actualList1.add(i, secondStoreListBox1.get(i).getText()): null

2018-06-14 17:30:45 - [TEST_STEP][PASSED] - Statement - actualList1.add(i, secondStoreListBox1.get(i).getText()): null

2018-06-14 17:30:45 - [TEST_STEP][PASSED] - Statement - actualList1.add(i, secondStoreListBox1.get(i).getText()): null

2018-06-14 17:30:45 - [TEST_STEP][PASSED] - Statement - actualList1.add(i, secondStoreListBox1.get(i).getText()): null

2018-06-14 17:30:45 - [TEST_STEP][PASSED] - Statement - actualList1.add(i, secondStoreListBox1.get(i).getText()): null

2018-06-14 17:30:45 - [TEST_STEP][PASSED] - Statement - actualList1.add(i, secondStoreListBox1.get(i).getText()): null

2018-06-14 17:30:45 - [TEST_STEP][PASSED] - Statement - actualList1.add(i, secondStoreListBox1.get(i).getText()): null

2018-06-14 17:30:45 - [TEST_STEP][PASSED] - Statement - actualList1.add(i, secondStoreListBox1.get(i).getText()): null

2018-06-14 17:30:45 - [TEST_STEP][PASSED] - Statement - actualList1.add(i, secondStoreListBox1.get(i).getText()): null

2018-06-14 17:30:45 - [TEST_STEP][PASSED] - Statement - actualList1.add(i, secondStoreListBox1.get(i).getText()): null

2018-06-14 17:30:45 - [TEST_STEP][PASSED] - Statement - actualList1.add(i, secondStoreListBox1.get(i).getText()): null

2018-06-14 17:30:45 - [TEST_STEP][PASSED] - Statement - actualList1.add(i, secondStoreListBox1.get(i).getText()): null

2018-06-14 17:30:45 - [TEST_STEP][PASSED] - Statement - actualList1.add(i, secondStoreListBox1.get(i).getText()): null

2018-06-14 17:30:45 - [TEST_STEP][PASSED] - Statement - actualList1.add(i, secondStoreListBox1.get(i).getText()): null

2018-06-14 17:30:45 - [TEST_STEP][PASSED] - Statement - actualList1.add(i, secondStoreListBox1.get(i).getText()): null

2018-06-14 17:30:45 - [TEST_STEP][PASSED] - Statement - actualList1.add(i, secondStoreListBox1.get(i).getText()): null

2018-06-14 17:30:45 - [TEST_STEP][PASSED] - Statement - actualList1.add(i, secondStoreListBox1.get(i).getText()): null

2018-06-14 17:30:45 - [TEST_STEP][PASSED] - Statement - actualList1.add(i, secondStoreListBox1.get(i).getText()): null

2018-06-14 17:30:45 - [TEST_STEP][PASSED] - Statement - actualList1.add(i, secondStoreListBox1.get(i).getText()): null

2018-06-14 17:30:45 - [TEST_STEP][PASSED] - Statement - actualList1.add(i, secondStoreListBox1.get(i).getText()): null

2018-06-14 17:30:45 - [TEST_STEP][PASSED] - Statement - actualList1.add(i, secondStoreListBox1.get(i).getText()): null

2018-06-14 17:30:46 - [TEST_STEP][PASSED] - Statement - actualList1.add(i, secondStoreListBox1.get(i).getText()): null

2018-06-14 17:30:46 - [TEST_STEP][PASSED] - Statement - actualList1.add(i, secondStoreListBox1.get(i).getText()): null

2018-06-14 17:30:46 - [TEST_STEP][PASSED] - Statement - actualList1.add(i, secondStoreListBox1.get(i).getText()): null

2018-06-14 17:30:46 - [TEST_STEP][PASSED] - Statement - actualList1.add(i, secondStoreListBox1.get(i).getText()): null

2018-06-14 17:30:46 - [TEST_STEP][PASSED] - Statement - actualList1.add(i, secondStoreListBox1.get(i).getText()): null

2018-06-14 17:30:46 - [TEST_STEP][PASSED] - Statement - actualList1.add(i, secondStoreListBox1.get(i).getText()): null

2018-06-14 17:30:46 - [TEST_STEP][PASSED] - Statement - actualList1.add(i, secondStoreListBox1.get(i).getText()): null

2018-06-14 17:30:46 - [TEST_STEP][PASSED] - Statement - actualList1.add(i, secondStoreListBox1.get(i).getText()): null

2018-06-14 17:30:46 - [TEST_STEP][PASSED] - Statement - actualList1.add(i, secondStoreListBox1.get(i).getText()): null

2018-06-14 17:30:46 - [TEST_STEP][PASSED] - Statement - actualList1.add(i, secondStoreListBox1.get(i).getText()): null

2018-06-14 17:30:46 - [TEST_STEP][PASSED] - Statement - actualList1.add(i, secondStoreListBox1.get(i).getText()): null

2018-06-14 17:30:46 - [TEST_STEP][PASSED] - Statement - actualList1.add(i, secondStoreListBox1.get(i).getText()): null

2018-06-14 17:30:46 - [TEST_STEP][PASSED] - Statement - actualList1.add(i, secondStoreListBox1.get(i).getText()): null

2018-06-14 17:30:46 - [TEST_STEP][PASSED] - Statement - actualList1.add(i, secondStoreListBox1.get(i).getText()): null

2018-06-14 17:30:46 - [TEST_STEP][PASSED] - Statement - actualList1.add(i, secondStoreListBox1.get(i).getText()): null

2018-06-14 17:30:46 - [TEST_STEP][PASSED] - Statement - actualList1.add(i, secondStoreListBox1.get(i).getText()): null

2018-06-14 17:30:46 - [TEST_STEP][PASSED] - Statement - actualList1.add(i, secondStoreListBox1.get(i).getText()): null

2018-06-14 17:30:46 - [TEST_STEP][PASSED] - Statement - actualList1.add(i, secondStoreListBox1.get(i).getText()): null

2018-06-14 17:30:46 - [TEST_STEP][PASSED] - Statement - actualList1.add(i, secondStoreListBox1.get(i).getText()): null

2018-06-14 17:30:46 - [TEST_STEP][PASSED] - Statement - actualList1.add(i, secondStoreListBox1.get(i).getText()): null

2018-06-14 17:30:46 - [TEST_STEP][PASSED] - Statement - actualList1.add(i, secondStoreListBox1.get(i).getText()): null

2018-06-14 17:30:46 - [TEST_STEP][PASSED] - Statement - actualList1.add(i, secondStoreListBox1.get(i).getText()): null

2018-06-14 17:30:46 - [TEST_STEP][PASSED] - Statement - out.println(actualList1): null

2018-06-14 17:30:46 - [TEST_STEP][PASSED] - delay: Delayed 10 second(s)

2018-06-14 17:30:56 - [MESSAGE][PASSED] - Delayed 10 second(s)

2018-06-14 17:30:56 - [TEST_STEP][PASSED] - Statement - exists = false: null

2018-06-14 17:30:56 - [TEST_STEP][PASSED] - Statement - If (actualList1.containsAll(groupStoresList)): null

2018-06-14 17:30:56 - [TEST_STEP][PASSED] - Statement - exists = true: null

2018-06-14 17:30:56 - [TEST_STEP][PASSED] - Statement - println("Selected stores are displayed in Group/Stores in Group listbox"): null

2018-06-14 17:30:56 - [TEST_STEP][PASSED] - Statement - StoresCBList1 = driver.findElements(org.openqa.selenium.By.xpath(com.kms.katalon.core.testdata.TestDataFactory.findTestData(OR_file).getValue(2, 12))): Reading excel file with source file 'C:\Users\shalinin\Katalon Studio\HME_Scripts\Data Files\HME_OR.xlsx' and sheet name 'Sheet1'

2018-06-14 17:30:56 - [TEST_STEP][PASSED] - Statement - storesLabel = driver.findElements(org.openqa.selenium.By.xpath(com.kms.katalon.core.testdata.TestDataFactory.findTestData(OR_file).getValue(2, 10))): Reading excel file with source file 'C:\Users\shalinin\Katalon Studio\HME_Scripts\Data Files\HME_OR.xlsx' and sheet name 'Sheet1'

2018-06-14 17:30:56 - [TEST_STEP][PASSED] - Statement - storesLabelList = new java.util.ArrayList(): null

2018-06-14 17:30:56 - [TEST_STEP][PASSED] - Statement - For ([i = 0, i < storesLabel.size(), (i++)]): null

2018-06-14 17:30:56 - [TEST_STEP][PASSED] - Statement - println("storesLabel" + storesLabelList): null

2018-06-14 17:30:56 - [TEST_STEP][PASSED] - uiaction.CommonUIActions.click: uiaction.CommonUIActions.click is PASSED

2018-06-14 17:30:56 - [MESSAGE][PASSED] - uiaction.CommonUIActions.click is PASSED

2018-06-14 17:30:56 - [TEST_STEP][PASSED] - delay: Delayed 10 second(s)

2018-06-14 17:31:06 - [MESSAGE][PASSED] - Delayed 10 second(s)

2018-06-14 17:31:06 - [TEST_STEP][PASSED] - back: Navigate back successfully

2018-06-14 17:31:06 - [MESSAGE][PASSED] - Navigate back successfully

2018-06-14 17:31:06 - [TEST_STEP][PASSED] - delay: Delayed 10 second(s)

2018-06-14 17:31:16 - [MESSAGE][PASSED] - Delayed 10 second(s)

2018-06-14 17:31:16 - [TEST_STEP][PASSED] - back: Navigate back successfully

2018-06-14 17:31:16 - [MESSAGE][PASSED] - Navigate back successfully

2018-06-14 17:31:16 - [TEST_STEP][PASSED] - delay: Delayed 10 second(s)

2018-06-14 17:31:26 - [MESSAGE][PASSED] - Delayed 10 second(s)

2018-06-14 17:31:26 - [TEST_STEP][PASSED] - Statement - groupHierarchyList = driver.findElements(org.openqa.selenium.By.xpath(com.kms.katalon.core.testdata.TestDataFactory.findTestData(OR_file).getValue(2, 13))): Reading excel file with source file 'C:\Users\shalinin\Katalon Studio\HME_Scripts\Data Files\HME_OR.xlsx' and sheet name 'Sheet1'

2018-06-14 17:31:26 - [TEST_STEP][PASSED] - Statement - actualgroupList = new java.util.ArrayList(): null

2018-06-14 17:31:26 - [TEST_STEP][PASSED] - Statement - For ([i = 0, i < groupHierarchyList.size(), (i++)]): null

2018-06-14 17:31:26 - [TEST_STEP][PASSED] - Statement - actualgroupList.add(i, groupHierarchyList.get(i).getText()): null

2018-06-14 17:31:26 - [TEST_STEP][PASSED] - Statement - groupXpath = "//span[text()='" + CustomKeywords.projectSpecific.Reusability.getTestData("ReportingGroupManagementPage", "groupNameTC7") + "']": projectSpecific.Reusability.getTestData is PASSED

2018-06-14 17:31:26 - [MESSAGE][PASSED] - projectSpecific.Reusability.getTestData is PASSED

2018-06-14 17:31:26 - [TEST_STEP][PASSED] - Statement - println(groupXpath): null

2018-06-14 17:31:26 - [TEST_STEP][PASSED] - Statement - driver.findElement(org.openqa.selenium.By.xpath(groupXpath)).click(): null

2018-06-14 17:31:26 - [TEST_STEP][PASSED] - delay: Delayed 10 second(s)

2018-06-14 17:31:36 - [MESSAGE][PASSED] - Delayed 10 second(s)

2018-06-14 17:31:36 - [TEST_STEP][PASSED] - Statement - groupNameAttr = com.kms.katalon.core.webui.keyword.WebUiBuiltInKeywords.getAttribute(com.kms.katalon.core.testobject.ObjectRepository.findTestObject(ReportingGroupManagement/groupNameTxt), "value"): Attribute 'value' of object 'Object Repository/ReportingGroupManagement/groupNameTxt' is: 'Group TC7'

2018-06-14 17:31:36 - [MESSAGE][PASSED] - Attribute 'value' of object 'Object Repository/ReportingGroupManagement/groupNameTxt' is: 'Group TC7'

2018-06-14 17:31:36 - [TEST_STEP][PASSED] - verifyMatch: Actual text 'Group TC7' and expected text 'Group TC7' are matched 

2018-06-14 17:31:36 - [MESSAGE][PASSED] - projectSpecific.Reusability.getTestData is PASSED

2018-06-14 17:31:36 - [MESSAGE][PASSED] - Actual text 'Group TC7' and expected text 'Group TC7' are matched 

2018-06-14 17:31:36 - [TEST_STEP][PASSED] - Statement - groupDescAttr = com.kms.katalon.core.webui.keyword.WebUiBuiltInKeywords.getAttribute(com.kms.katalon.core.testobject.ObjectRepository.findTestObject(ReportingGroupManagement/groupDescTxt), "value"): Attribute 'value' of object 'Object Repository/ReportingGroupManagement/groupDescTxt' is: 'South west branch Group 1'

2018-06-14 17:31:36 - [MESSAGE][PASSED] - Attribute 'value' of object 'Object Repository/ReportingGroupManagement/groupDescTxt' is: 'South west branch Group 1'

2018-06-14 17:31:36 - [TEST_STEP][PASSED] - verifyMatch: Actual text 'South west branch Group 1' and expected text 'South west branch Group 1' are matched 

2018-06-14 17:31:36 - [MESSAGE][PASSED] - projectSpecific.Reusability.getTestData is PASSED

2018-06-14 17:31:36 - [MESSAGE][PASSED] - Actual text 'South west branch Group 1' and expected text 'South west branch Group 1' are matched 

2018-06-14 17:31:36 - [TEST_STEP][PASSED] - Statement - availableStoreList = driver.findElements(org.openqa.selenium.By.xpath(com.kms.katalon.core.testdata.TestDataFactory.findTestData(OR_file).getValue(2, 10))): Reading excel file with source file 'C:\Users\shalinin\Katalon Studio\HME_Scripts\Data Files\HME_OR.xlsx' and sheet name 'Sheet1'

2018-06-14 17:31:36 - [TEST_STEP][PASSED] - Statement - actualList = new java.util.ArrayList(): null

2018-06-14 17:31:36 - [TEST_STEP][PASSED] - Statement - For ([i = 0, i < availableStoreList.size(), (i++)]): null

2018-06-14 17:31:36 - [TEST_STEP][PASSED] - Statement - out.println(actualList): null

2018-06-14 17:31:36 - [TEST_STEP][PASSED] - Statement - out.println(storesLabelList): null

2018-06-14 17:31:36 - [TEST_STEP][PASSED] - Statement - If (actualList.containsAll(storesLabelList)): null

2018-06-14 17:31:36 - [TEST_STEP][PASSED] - Statement - println("Selected stores are displayed in Group/Stores in Group listbox"): null

2018-06-14 17:31:36 - [TEST_STEP][PASSED] - Statement - secondStoreListBox1 = driver.findElements(org.openqa.selenium.By.xpath(com.kms.katalon.core.testdata.TestDataFactory.findTestData(OR_file).getValue(2, 11))): Reading excel file with source file 'C:\Users\shalinin\Katalon Studio\HME_Scripts\Data Files\HME_OR.xlsx' and sheet name 'Sheet1'

2018-06-14 17:31:36 - [TEST_STEP][PASSED] - Statement - actualList2 = new java.util.ArrayList(): null

2018-06-14 17:31:36 - [TEST_STEP][PASSED] - Statement - For ([i = 0, i < secondStoreListBox1.size(), (i++)]): null

2018-06-14 17:31:36 - [TEST_STEP][PASSED] - Statement - out.println(actualList2): null

2018-06-14 17:31:36 - [TEST_STEP][PASSED] - Statement - If (actualList1.containsAll(actualList2)): null

2018-06-14 17:31:36 - [TEST_STEP][PASSED] - Statement - println("Selected stores are displayed in Group/Stores in Group listbox"): null

2018-06-14 17:31:36 - [TEST_STEP][PASSED] - uiaction.CommonUIActions.click: uiaction.CommonUIActions.click is PASSED

2018-06-14 17:31:36 - [MESSAGE][PASSED] - uiaction.CommonUIActions.click is PASSED

2018-06-14 17:31:36 - [TEST_STEP][PASSED] - delay: Delayed 10 second(s)

2018-06-14 17:31:46 - [MESSAGE][PASSED] - Delayed 10 second(s)

2018-06-14 17:31:46 - [TEST_STEP][PASSED] - Statement - confirmToDeleteText = CustomKeywords.uiaction.CommonUIActions.getText(com.kms.katalon.core.testobject.ObjectRepository.findTestObject(ReportingGroupManagement/confirmToDeleteText)): uiaction.CommonUIActions.getText is PASSED

2018-06-14 17:31:47 - [MESSAGE][PASSED] - uiaction.CommonUIActions.getText is PASSED

2018-06-14 17:31:47 - [TEST_STEP][PASSED] - Statement - confirmToDeleteText2 = CustomKeywords.projectSpecific.Reusability.getTestData("ReportingGroupManagementPage", "confirmDeleteTxt"): projectSpecific.Reusability.getTestData is PASSED

2018-06-14 17:31:47 - [MESSAGE][PASSED] - projectSpecific.Reusability.getTestData is PASSED

2018-06-14 17:31:47 - [TEST_STEP][PASSED] - verifyMatch: Actual text 'Confirm to Delete
Are you sure you want to remove this group?
Yes
No' and expected text 'Confirm to Delete
Are you sure you want to remove this group?
Yes
No' are matched 

2018-06-14 17:31:47 - [MESSAGE][PASSED] - Actual text 'Confirm to Delete
Are you sure you want to remove this group?
Yes
No' and expected text 'Confirm to Delete
Are you sure you want to remove this group?
Yes
No' are matched 

2018-06-14 17:31:47 - [TEST_STEP][PASSED] - verifyElementPresent: Object 'Object Repository/ReportingGroupManagement/confirmToDelNoBtn' is present

2018-06-14 17:31:47 - [MESSAGE][PASSED] - Object 'Object Repository/ReportingGroupManagement/confirmToDelNoBtn' is present

2018-06-14 17:31:47 - [TEST_STEP][PASSED] - verifyElementPresent: Object 'Object Repository/ReportingGroupManagement/confirmToDelBtn' is present

2018-06-14 17:31:47 - [MESSAGE][PASSED] - Object 'Object Repository/ReportingGroupManagement/confirmToDelBtn' is present

2018-06-14 17:31:47 - [TEST_STEP][PASSED] - uiaction.CommonUIActions.click: uiaction.CommonUIActions.click is PASSED

2018-06-14 17:31:47 - [MESSAGE][PASSED] - uiaction.CommonUIActions.click is PASSED

2018-06-14 17:31:47 - [TEST_STEP][PASSED] - Statement - groupNameAttr = com.kms.katalon.core.webui.keyword.WebUiBuiltInKeywords.getAttribute(com.kms.katalon.core.testobject.ObjectRepository.findTestObject(ReportingGroupManagement/groupNameTxt), "value"): Attribute 'value' of object 'Object Repository/ReportingGroupManagement/groupNameTxt' is: 'Group TC7'

2018-06-14 17:31:47 - [MESSAGE][PASSED] - Attribute 'value' of object 'Object Repository/ReportingGroupManagement/groupNameTxt' is: 'Group TC7'

2018-06-14 17:31:47 - [TEST_STEP][PASSED] - verifyMatch: Actual text 'Group TC7' and expected text 'Group TC7' are matched 

2018-06-14 17:31:47 - [MESSAGE][PASSED] - projectSpecific.Reusability.getTestData is PASSED

2018-06-14 17:31:47 - [MESSAGE][PASSED] - Actual text 'Group TC7' and expected text 'Group TC7' are matched 

2018-06-14 17:31:47 - [TEST_STEP][PASSED] - uiaction.CommonUIActions.click: uiaction.CommonUIActions.click is PASSED

2018-06-14 17:31:47 - [MESSAGE][PASSED] - uiaction.CommonUIActions.click is PASSED

2018-06-14 17:31:47 - [TEST_STEP][PASSED] - delay: Delayed 10 second(s)

2018-06-14 17:31:57 - [MESSAGE][PASSED] - Delayed 10 second(s)

2018-06-14 17:31:57 - [TEST_STEP][PASSED] - Statement - confirmToDeleteText = CustomKeywords.uiaction.CommonUIActions.getText(com.kms.katalon.core.testobject.ObjectRepository.findTestObject(ReportingGroupManagement/confirmToDeleteText)): uiaction.CommonUIActions.getText is PASSED

2018-06-14 17:31:57 - [MESSAGE][PASSED] - uiaction.CommonUIActions.getText is PASSED

2018-06-14 17:31:57 - [TEST_STEP][PASSED] - Statement - confirmToDeleteText2 = CustomKeywords.projectSpecific.Reusability.getTestData("ReportingGroupManagementPage", "confirmDeleteTxt"): projectSpecific.Reusability.getTestData is PASSED

2018-06-14 17:31:57 - [MESSAGE][PASSED] - projectSpecific.Reusability.getTestData is PASSED

2018-06-14 17:31:57 - [TEST_STEP][PASSED] - verifyMatch: Actual text 'Confirm to Delete
Are you sure you want to remove this group?
Yes
No' and expected text 'Confirm to Delete
Are you sure you want to remove this group?
Yes
No' are matched 

2018-06-14 17:31:57 - [MESSAGE][PASSED] - Actual text 'Confirm to Delete
Are you sure you want to remove this group?
Yes
No' and expected text 'Confirm to Delete
Are you sure you want to remove this group?
Yes
No' are matched 

2018-06-14 17:31:57 - [TEST_STEP][PASSED] - uiaction.CommonUIActions.click: uiaction.CommonUIActions.click is PASSED

2018-06-14 17:31:57 - [MESSAGE][PASSED] - uiaction.CommonUIActions.click is PASSED

2018-06-14 17:31:57 - [TEST_STEP][PASSED] - back: Navigate back successfully

2018-06-14 17:31:57 - [MESSAGE][PASSED] - Navigate back successfully

2018-06-14 17:31:57 - [TEST_STEP][PASSED] - delay: Delayed 10 second(s)

2018-06-14 17:32:07 - [MESSAGE][PASSED] - Delayed 10 second(s)

2018-06-14 17:32:07 - [TEST_STEP][PASSED] - back: Navigate back successfully

2018-06-14 17:32:07 - [MESSAGE][PASSED] - Navigate back successfully

2018-06-14 17:32:07 - [TEST_STEP][PASSED] - delay: Delayed 10 second(s)

2018-06-14 17:32:17 - [MESSAGE][PASSED] - Delayed 10 second(s)

2018-06-14 17:32:17 - [TEST_STEP][PASSED] - Statement - groupHierarchyList2 = driver.findElements(org.openqa.selenium.By.xpath(com.kms.katalon.core.testdata.TestDataFactory.findTestData(OR_file).getValue(2, 13))): Reading excel file with source file 'C:\Users\shalinin\Katalon Studio\HME_Scripts\Data Files\HME_OR.xlsx' and sheet name 'Sheet1'

2018-06-14 17:32:17 - [TEST_STEP][PASSED] - Statement - actualgroupList2 = new java.util.ArrayList(): null

2018-06-14 17:32:17 - [TEST_STEP][PASSED] - Statement - For ([i = 0, i < groupHierarchyList2.size(), (i++)]): null

2018-06-14 17:32:17 - [TEST_STEP][PASSED] - Statement - actualgroupList2[i] = groupHierarchyList2.get(i).getText(): null

2018-06-14 17:32:17 - [TEST_STEP][PASSED] - Statement - actualgroupList2[i] = groupHierarchyList2.get(i).getText(): null

2018-06-14 17:32:17 - [TEST_STEP][PASSED] - Statement - actualgroupList2[i] = groupHierarchyList2.get(i).getText(): null

2018-06-14 17:32:17 - [TEST_STEP][PASSED] - Statement - actualgroupList2[i] = groupHierarchyList2.get(i).getText(): null

2018-06-14 17:32:17 - [TEST_STEP][PASSED] - Statement - actualgroupList2[i] = groupHierarchyList2.get(i).getText(): null

2018-06-14 17:32:17 - [TEST_STEP][PASSED] - Statement - actualgroupList2[i] = groupHierarchyList2.get(i).getText(): null

2018-06-14 17:32:17 - [TEST_STEP][PASSED] - Statement - actualgroupList2[i] = groupHierarchyList2.get(i).getText(): null

2018-06-14 17:32:17 - [TEST_STEP][PASSED] - Statement - actualgroupList2[i] = groupHierarchyList2.get(i).getText(): null

2018-06-14 17:32:17 - [TEST_STEP][PASSED] - Statement - actualgroupList2[i] = groupHierarchyList2.get(i).getText(): null

2018-06-14 17:32:17 - [TEST_STEP][PASSED] - Statement - actualgroupList2[i] = groupHierarchyList2.get(i).getText(): null

2018-06-14 17:32:17 - [TEST_STEP][PASSED] - Statement - actualgroupList2[i] = groupHierarchyList2.get(i).getText(): null

2018-06-14 17:32:17 - [TEST_STEP][PASSED] - Statement - actualgroupList2[i] = groupHierarchyList2.get(i).getText(): null

2018-06-14 17:32:17 - [TEST_STEP][PASSED] - Statement - actualgroupList2[i] = groupHierarchyList2.get(i).getText(): null

2018-06-14 17:32:17 - [TEST_STEP][PASSED] - Statement - actualgroupList2[i] = groupHierarchyList2.get(i).getText(): null

2018-06-14 17:32:17 - [TEST_STEP][PASSED] - Statement - actualgroupList2[i] = groupHierarchyList2.get(i).getText(): null

2018-06-14 17:32:17 - [TEST_STEP][PASSED] - Statement - actualgroupList2[i] = groupHierarchyList2.get(i).getText(): null

2018-06-14 17:32:17 - [TEST_STEP][PASSED] - Statement - actualgroupList2[i] = groupHierarchyList2.get(i).getText(): null

2018-06-14 17:32:17 - [TEST_STEP][PASSED] - Statement - actualgroupList2[i] = groupHierarchyList2.get(i).getText(): null

2018-06-14 17:32:17 - [TEST_STEP][PASSED] - Statement - actualgroupList2[i] = groupHierarchyList2.get(i).getText(): null

2018-06-14 17:32:17 - [TEST_STEP][PASSED] - Statement - actualgroupList2[i] = groupHierarchyList2.get(i).getText(): null

2018-06-14 17:32:17 - [TEST_STEP][PASSED] - Statement - actualgroupList2[i] = groupHierarchyList2.get(i).getText(): null

2018-06-14 17:32:17 - [TEST_STEP][PASSED] - Statement - actualgroupList2[i] = groupHierarchyList2.get(i).getText(): null

2018-06-14 17:32:17 - [TEST_STEP][PASSED] - Statement - actualgroupList2[i] = groupHierarchyList2.get(i).getText(): null

2018-06-14 17:32:17 - [TEST_STEP][PASSED] - Statement - actualgroupList2[i] = groupHierarchyList2.get(i).getText(): null

2018-06-14 17:32:17 - [TEST_STEP][PASSED] - Statement - actualgroupList2[i] = groupHierarchyList2.get(i).getText(): null

2018-06-14 17:32:17 - [TEST_STEP][PASSED] - Statement - actualgroupList2[i] = groupHierarchyList2.get(i).getText(): null

2018-06-14 17:32:17 - [TEST_STEP][PASSED] - Statement - actualgroupList2[i] = groupHierarchyList2.get(i).getText(): null

2018-06-14 17:32:17 - [TEST_STEP][PASSED] - Statement - actualgroupList2[i] = groupHierarchyList2.get(i).getText(): null

2018-06-14 17:32:17 - [TEST_STEP][PASSED] - Statement - actualgroupList2[i] = groupHierarchyList2.get(i).getText(): null

2018-06-14 17:32:17 - [TEST_STEP][PASSED] - Statement - actualgroupList2[i] = groupHierarchyList2.get(i).getText(): null

2018-06-14 17:32:17 - [TEST_STEP][PASSED] - Statement - actualgroupList2[i] = groupHierarchyList2.get(i).getText(): null

2018-06-14 17:32:17 - [TEST_STEP][PASSED] - Statement - actualgroupList2[i] = groupHierarchyList2.get(i).getText(): null

2018-06-14 17:32:17 - [TEST_STEP][PASSED] - Statement - actualgroupList2[i] = groupHierarchyList2.get(i).getText(): null

2018-06-14 17:32:17 - [TEST_STEP][PASSED] - Statement - actualgroupList2[i] = groupHierarchyList2.get(i).getText(): null

2018-06-14 17:32:17 - [TEST_STEP][PASSED] - Statement - actualgroupList2[i] = groupHierarchyList2.get(i).getText(): null

2018-06-14 17:32:17 - [TEST_STEP][PASSED] - Statement - actualgroupList2[i] = groupHierarchyList2.get(i).getText(): null

2018-06-14 17:32:17 - [TEST_STEP][PASSED] - Statement - actualgroupList2[i] = groupHierarchyList2.get(i).getText(): null

2018-06-14 17:32:18 - [TEST_STEP][PASSED] - Statement - actualgroupList2[i] = groupHierarchyList2.get(i).getText(): null

2018-06-14 17:32:18 - [TEST_STEP][PASSED] - Statement - actualgroupList2[i] = groupHierarchyList2.get(i).getText(): null

2018-06-14 17:32:18 - [TEST_STEP][PASSED] - Statement - actualgroupList2[i] = groupHierarchyList2.get(i).getText(): null

2018-06-14 17:32:18 - [TEST_STEP][PASSED] - Statement - actualgroupList2[i] = groupHierarchyList2.get(i).getText(): null

2018-06-14 17:32:18 - [TEST_STEP][PASSED] - Statement - actualgroupList2[i] = groupHierarchyList2.get(i).getText(): null

2018-06-14 17:32:18 - [TEST_STEP][PASSED] - Statement - actualgroupList2[i] = groupHierarchyList2.get(i).getText(): null

2018-06-14 17:32:18 - [TEST_STEP][PASSED] - Statement - actualgroupList2[i] = groupHierarchyList2.get(i).getText(): null

2018-06-14 17:32:18 - [TEST_STEP][PASSED] - Statement - actualgroupList2[i] = groupHierarchyList2.get(i).getText(): null

2018-06-14 17:32:18 - [TEST_STEP][PASSED] - Statement - actualgroupList2[i] = groupHierarchyList2.get(i).getText(): null

2018-06-14 17:32:18 - [TEST_STEP][PASSED] - Statement - actualgroupList2[i] = groupHierarchyList2.get(i).getText(): null

2018-06-14 17:32:18 - [TEST_STEP][PASSED] - Statement - actualgroupList2[i] = groupHierarchyList2.get(i).getText(): null

2018-06-14 17:32:18 - [TEST_STEP][PASSED] - Statement - actualgroupList2[i] = groupHierarchyList2.get(i).getText(): null

2018-06-14 17:32:18 - [TEST_STEP][PASSED] - Statement - actualgroupList2[i] = groupHierarchyList2.get(i).getText(): null

2018-06-14 17:32:18 - [TEST_STEP][PASSED] - Statement - actualgroupList2[i] = groupHierarchyList2.get(i).getText(): null

2018-06-14 17:32:18 - [TEST_STEP][PASSED] - Statement - actualgroupList2[i] = groupHierarchyList2.get(i).getText(): null

2018-06-14 17:32:18 - [TEST_STEP][PASSED] - Statement - actualgroupList2[i] = groupHierarchyList2.get(i).getText(): null

2018-06-14 17:32:18 - [TEST_STEP][PASSED] - Statement - actualgroupList2[i] = groupHierarchyList2.get(i).getText(): null

2018-06-14 17:32:18 - [TEST_STEP][PASSED] - Statement - actualgroupList2[i] = groupHierarchyList2.get(i).getText(): null

2018-06-14 17:32:18 - [TEST_STEP][PASSED] - Statement - actualgroupList2[i] = groupHierarchyList2.get(i).getText(): null

2018-06-14 17:32:18 - [TEST_STEP][PASSED] - Statement - actualgroupList2[i] = groupHierarchyList2.get(i).getText(): null

2018-06-14 17:32:18 - [TEST_STEP][PASSED] - Statement - actualgroupList2[i] = groupHierarchyList2.get(i).getText(): null

2018-06-14 17:32:18 - [TEST_STEP][PASSED] - Statement - actualgroupList2[i] = groupHierarchyList2.get(i).getText(): null

2018-06-14 17:32:18 - [TEST_STEP][PASSED] - Statement - actualgroupList2[i] = groupHierarchyList2.get(i).getText(): null

2018-06-14 17:32:18 - [TEST_STEP][PASSED] - Statement - actualgroupList2[i] = groupHierarchyList2.get(i).getText(): null

2018-06-14 17:32:18 - [TEST_STEP][PASSED] - Statement - actualgroupList2[i] = groupHierarchyList2.get(i).getText(): null

2018-06-14 17:32:18 - [TEST_STEP][PASSED] - Statement - actualgroupList2[i] = groupHierarchyList2.get(i).getText(): null

2018-06-14 17:32:18 - [TEST_STEP][PASSED] - Statement - actualgroupList2[i] = groupHierarchyList2.get(i).getText(): null

2018-06-14 17:32:18 - [TEST_STEP][PASSED] - Statement - actualgroupList2[i] = groupHierarchyList2.get(i).getText(): null

2018-06-14 17:32:18 - [TEST_STEP][PASSED] - Statement - actualgroupList2[i] = groupHierarchyList2.get(i).getText(): null

2018-06-14 17:32:18 - [TEST_STEP][PASSED] - Statement - actualgroupList2[i] = groupHierarchyList2.get(i).getText(): null

2018-06-14 17:32:18 - [TEST_STEP][PASSED] - Statement - actualgroupList2[i] = groupHierarchyList2.get(i).getText(): null

2018-06-14 17:32:18 - [TEST_STEP][PASSED] - Statement - actualgroupList2[i] = groupHierarchyList2.get(i).getText(): null

2018-06-14 17:32:18 - [TEST_STEP][PASSED] - Statement - actualgroupList2[i] = groupHierarchyList2.get(i).getText(): null

2018-06-14 17:32:18 - [TEST_STEP][PASSED] - Statement - actualgroupList2[i] = groupHierarchyList2.get(i).getText(): null

2018-06-14 17:32:18 - [TEST_STEP][PASSED] - Statement - actualgroupList2[i] = groupHierarchyList2.get(i).getText(): null

2018-06-14 17:32:18 - [TEST_STEP][PASSED] - Statement - actualgroupList2[i] = groupHierarchyList2.get(i).getText(): null

2018-06-14 17:32:18 - [TEST_STEP][PASSED] - Statement - actualgroupList2[i] = groupHierarchyList2.get(i).getText(): null

2018-06-14 17:32:18 - [TEST_STEP][PASSED] - Statement - actualgroupList2[i] = groupHierarchyList2.get(i).getText(): null

2018-06-14 17:32:18 - [TEST_STEP][PASSED] - Statement - actualgroupList2[i] = groupHierarchyList2.get(i).getText(): null

2018-06-14 17:32:18 - [TEST_STEP][PASSED] - Statement - actualgroupList2[i] = groupHierarchyList2.get(i).getText(): null

2018-06-14 17:32:18 - [TEST_STEP][PASSED] - Statement - actualgroupList2[i] = groupHierarchyList2.get(i).getText(): null

2018-06-14 17:32:18 - [TEST_STEP][PASSED] - Statement - actualgroupList2[i] = groupHierarchyList2.get(i).getText(): null

2018-06-14 17:32:18 - [TEST_STEP][PASSED] - Statement - actualgroupList2[i] = groupHierarchyList2.get(i).getText(): null

2018-06-14 17:32:18 - [TEST_STEP][PASSED] - Statement - actualgroupList2[i] = groupHierarchyList2.get(i).getText(): null

2018-06-14 17:32:18 - [TEST_STEP][PASSED] - Statement - actualgroupList2[i] = groupHierarchyList2.get(i).getText(): null

2018-06-14 17:32:18 - [TEST_STEP][PASSED] - Statement - actualgroupList2[i] = groupHierarchyList2.get(i).getText(): null

2018-06-14 17:32:18 - [TEST_STEP][PASSED] - Statement - actualgroupList2[i] = groupHierarchyList2.get(i).getText(): null

2018-06-14 17:32:18 - [TEST_STEP][PASSED] - Statement - actualgroupList2[i] = groupHierarchyList2.get(i).getText(): null

2018-06-14 17:32:18 - [TEST_STEP][PASSED] - Statement - actualgroupList2[i] = groupHierarchyList2.get(i).getText(): null

2018-06-14 17:32:18 - [TEST_STEP][PASSED] - Statement - actualgroupList2[i] = groupHierarchyList2.get(i).getText(): null

2018-06-14 17:32:18 - [TEST_STEP][PASSED] - Statement - actualgroupList2[i] = groupHierarchyList2.get(i).getText(): null

2018-06-14 17:32:18 - [TEST_STEP][PASSED] - Statement - actualgroupList2[i] = groupHierarchyList2.get(i).getText(): null

2018-06-14 17:32:18 - [TEST_STEP][PASSED] - Statement - actualgroupList2[i] = groupHierarchyList2.get(i).getText(): null

2018-06-14 17:32:18 - [TEST_STEP][PASSED] - Statement - actualgroupList2[i] = groupHierarchyList2.get(i).getText(): null

2018-06-14 17:32:18 - [TEST_STEP][PASSED] - Statement - actualgroupList2[i] = groupHierarchyList2.get(i).getText(): null

2018-06-14 17:32:18 - [TEST_STEP][PASSED] - Statement - actualgroupList2[i] = groupHierarchyList2.get(i).getText(): null

2018-06-14 17:32:18 - [TEST_STEP][PASSED] - Statement - actualgroupList2[i] = groupHierarchyList2.get(i).getText(): null

2018-06-14 17:32:18 - [TEST_STEP][PASSED] - Statement - actualgroupList2[i] = groupHierarchyList2.get(i).getText(): null

2018-06-14 17:32:18 - [TEST_STEP][PASSED] - Statement - actualgroupList2[i] = groupHierarchyList2.get(i).getText(): null

2018-06-14 17:32:18 - [TEST_STEP][PASSED] - Statement - actualgroupList2[i] = groupHierarchyList2.get(i).getText(): null

2018-06-14 17:32:18 - [TEST_STEP][PASSED] - Statement - actualgroupList2[i] = groupHierarchyList2.get(i).getText(): null

2018-06-14 17:32:18 - [TEST_STEP][PASSED] - Statement - actualgroupList2[i] = groupHierarchyList2.get(i).getText(): null

2018-06-14 17:32:18 - [TEST_STEP][PASSED] - Statement - actualgroupList2[i] = groupHierarchyList2.get(i).getText(): null

2018-06-14 17:32:19 - [TEST_STEP][PASSED] - Statement - actualgroupList2[i] = groupHierarchyList2.get(i).getText(): null

2018-06-14 17:32:19 - [TEST_STEP][PASSED] - Statement - actualgroupList2[i] = groupHierarchyList2.get(i).getText(): null

2018-06-14 17:32:19 - [TEST_STEP][PASSED] - Statement - actualgroupList2[i] = groupHierarchyList2.get(i).getText(): null

2018-06-14 17:32:19 - [TEST_STEP][PASSED] - Statement - actualgroupList2[i] = groupHierarchyList2.get(i).getText(): null

2018-06-14 17:32:19 - [TEST_STEP][PASSED] - Statement - actualgroupList2[i] = groupHierarchyList2.get(i).getText(): null

2018-06-14 17:32:19 - [TEST_STEP][PASSED] - Statement - actualgroupList2[i] = groupHierarchyList2.get(i).getText(): null

2018-06-14 17:32:19 - [TEST_STEP][PASSED] - Statement - actualgroupList2[i] = groupHierarchyList2.get(i).getText(): null

2018-06-14 17:32:19 - [TEST_STEP][PASSED] - Statement - actualgroupList2[i] = groupHierarchyList2.get(i).getText(): null

2018-06-14 17:32:19 - [TEST_STEP][PASSED] - Statement - actualgroupList2[i] = groupHierarchyList2.get(i).getText(): null

2018-06-14 17:32:19 - [TEST_STEP][PASSED] - Statement - actualgroupList2[i] = groupHierarchyList2.get(i).getText(): null

2018-06-14 17:32:19 - [TEST_STEP][PASSED] - Statement - actualgroupList2[i] = groupHierarchyList2.get(i).getText(): null

2018-06-14 17:32:19 - [TEST_STEP][PASSED] - Statement - actualgroupList2[i] = groupHierarchyList2.get(i).getText(): null

2018-06-14 17:32:19 - [TEST_STEP][PASSED] - Statement - actualgroupList2[i] = groupHierarchyList2.get(i).getText(): null

2018-06-14 17:32:19 - [TEST_STEP][PASSED] - Statement - actualgroupList2[i] = groupHierarchyList2.get(i).getText(): null

2018-06-14 17:32:19 - [TEST_STEP][PASSED] - Statement - actualgroupList2[i] = groupHierarchyList2.get(i).getText(): null

2018-06-14 17:32:19 - [TEST_STEP][PASSED] - Statement - actualgroupList2[i] = groupHierarchyList2.get(i).getText(): null

2018-06-14 17:32:19 - [TEST_STEP][PASSED] - Statement - actualgroupList2[i] = groupHierarchyList2.get(i).getText(): null

2018-06-14 17:32:19 - [TEST_STEP][PASSED] - Statement - actualgroupList2[i] = groupHierarchyList2.get(i).getText(): null

2018-06-14 17:32:19 - [TEST_STEP][PASSED] - Statement - actualgroupList2[i] = groupHierarchyList2.get(i).getText(): null

2018-06-14 17:32:19 - [TEST_STEP][PASSED] - Statement - actualgroupList2[i] = groupHierarchyList2.get(i).getText(): null

2018-06-14 17:32:19 - [TEST_STEP][PASSED] - Statement - actualgroupList2[i] = groupHierarchyList2.get(i).getText(): null

2018-06-14 17:32:19 - [TEST_STEP][PASSED] - Statement - actualgroupList2[i] = groupHierarchyList2.get(i).getText(): null

2018-06-14 17:32:19 - [TEST_STEP][PASSED] - Statement - actualgroupList2[i] = groupHierarchyList2.get(i).getText(): null

2018-06-14 17:32:19 - [TEST_STEP][PASSED] - Statement - actualgroupList2[i] = groupHierarchyList2.get(i).getText(): null

2018-06-14 17:32:19 - [TEST_STEP][PASSED] - Statement - actualgroupList2[i] = groupHierarchyList2.get(i).getText(): null

2018-06-14 17:32:19 - [TEST_STEP][PASSED] - Statement - actualgroupList2[i] = groupHierarchyList2.get(i).getText(): null

2018-06-14 17:32:19 - [TEST_STEP][PASSED] - Statement - actualgroupList2[i] = groupHierarchyList2.get(i).getText(): null

2018-06-14 17:32:19 - [TEST_STEP][PASSED] - Statement - actualgroupList2[i] = groupHierarchyList2.get(i).getText(): null

2018-06-14 17:32:19 - [TEST_STEP][PASSED] - Statement - actualgroupList2[i] = groupHierarchyList2.get(i).getText(): null

2018-06-14 17:32:19 - [TEST_STEP][PASSED] - Statement - actualgroupList2[i] = groupHierarchyList2.get(i).getText(): null

2018-06-14 17:32:19 - [TEST_STEP][PASSED] - Statement - actualgroupList2[i] = groupHierarchyList2.get(i).getText(): null

2018-06-14 17:32:19 - [TEST_STEP][PASSED] - Statement - actualgroupList2[i] = groupHierarchyList2.get(i).getText(): null

2018-06-14 17:32:19 - [TEST_STEP][PASSED] - Statement - actualgroupList2[i] = groupHierarchyList2.get(i).getText(): null

2018-06-14 17:32:19 - [TEST_STEP][PASSED] - Statement - actualgroupList2[i] = groupHierarchyList2.get(i).getText(): null

2018-06-14 17:32:19 - [TEST_STEP][PASSED] - Statement - actualgroupList2[i] = groupHierarchyList2.get(i).getText(): null

2018-06-14 17:32:19 - [TEST_STEP][PASSED] - Statement - actualgroupList2[i] = groupHierarchyList2.get(i).getText(): null

2018-06-14 17:32:19 - [TEST_STEP][PASSED] - Statement - actualgroupList2[i] = groupHierarchyList2.get(i).getText(): null

2018-06-14 17:32:19 - [TEST_STEP][PASSED] - Statement - actualgroupList2[i] = groupHierarchyList2.get(i).getText(): null

2018-06-14 17:32:19 - [TEST_STEP][PASSED] - Statement - actualgroupList2[i] = groupHierarchyList2.get(i).getText(): null

2018-06-14 17:32:19 - [TEST_STEP][PASSED] - Statement - actualgroupList2[i] = groupHierarchyList2.get(i).getText(): null

2018-06-14 17:32:19 - [TEST_STEP][PASSED] - Statement - actualgroupList2[i] = groupHierarchyList2.get(i).getText(): null

2018-06-14 17:32:19 - [TEST_STEP][PASSED] - Statement - actualgroupList2[i] = groupHierarchyList2.get(i).getText(): null

2018-06-14 17:32:19 - [TEST_STEP][PASSED] - Statement - actualgroupList2[i] = groupHierarchyList2.get(i).getText(): null

2018-06-14 17:32:19 - [TEST_STEP][PASSED] - Statement - actualgroupList2[i] = groupHierarchyList2.get(i).getText(): null

2018-06-14 17:32:19 - [TEST_STEP][PASSED] - Statement - actualgroupList2[i] = groupHierarchyList2.get(i).getText(): null

2018-06-14 17:32:19 - [TEST_STEP][PASSED] - Statement - actualgroupList2[i] = groupHierarchyList2.get(i).getText(): null

2018-06-14 17:32:19 - [TEST_STEP][PASSED] - Statement - actualgroupList2[i] = groupHierarchyList2.get(i).getText(): null

2018-06-14 17:32:19 - [TEST_STEP][PASSED] - Statement - actualgroupList2[i] = groupHierarchyList2.get(i).getText(): null

2018-06-14 17:32:19 - [TEST_STEP][PASSED] - Statement - actualgroupList2[i] = groupHierarchyList2.get(i).getText(): null

2018-06-14 17:32:19 - [TEST_STEP][PASSED] - Statement - actualgroupList2[i] = groupHierarchyList2.get(i).getText(): null

2018-06-14 17:32:19 - [TEST_STEP][PASSED] - Statement - actualgroupList2[i] = groupHierarchyList2.get(i).getText(): null

2018-06-14 17:32:19 - [TEST_STEP][PASSED] - Statement - actualgroupList2[i] = groupHierarchyList2.get(i).getText(): null

2018-06-14 17:32:19 - [TEST_STEP][PASSED] - Statement - actualgroupList2[i] = groupHierarchyList2.get(i).getText(): null

2018-06-14 17:32:19 - [TEST_STEP][PASSED] - Statement - actualgroupList2[i] = groupHierarchyList2.get(i).getText(): null

2018-06-14 17:32:19 - [TEST_STEP][PASSED] - Statement - actualgroupList2[i] = groupHierarchyList2.get(i).getText(): null

2018-06-14 17:32:19 - [TEST_STEP][PASSED] - Statement - actualgroupList2[i] = groupHierarchyList2.get(i).getText(): null

2018-06-14 17:32:19 - [TEST_STEP][PASSED] - Statement - actualgroupList2[i] = groupHierarchyList2.get(i).getText(): null

2018-06-14 17:32:19 - [TEST_STEP][PASSED] - Statement - actualgroupList2[i] = groupHierarchyList2.get(i).getText(): null

2018-06-14 17:32:19 - [TEST_STEP][PASSED] - Statement - actualgroupList2[i] = groupHierarchyList2.get(i).getText(): null

2018-06-14 17:32:19 - [TEST_STEP][PASSED] - Statement - actualgroupList2[i] = groupHierarchyList2.get(i).getText(): null

2018-06-14 17:32:19 - [TEST_STEP][PASSED] - Statement - actualgroupList2[i] = groupHierarchyList2.get(i).getText(): null

2018-06-14 17:32:19 - [TEST_STEP][PASSED] - Statement - actualgroupList2[i] = groupHierarchyList2.get(i).getText(): null

2018-06-14 17:32:19 - [TEST_STEP][PASSED] - Statement - actualgroupList2[i] = groupHierarchyList2.get(i).getText(): null

2018-06-14 17:32:20 - [TEST_STEP][PASSED] - Statement - actualgroupList2[i] = groupHierarchyList2.get(i).getText(): null

2018-06-14 17:32:20 - [TEST_STEP][PASSED] - Statement - actualgroupList2[i] = groupHierarchyList2.get(i).getText(): null

2018-06-14 17:32:20 - [TEST_STEP][PASSED] - Statement - actualgroupList2[i] = groupHierarchyList2.get(i).getText(): null

2018-06-14 17:32:20 - [TEST_STEP][PASSED] - Statement - actualgroupList2[i] = groupHierarchyList2.get(i).getText(): null

2018-06-14 17:32:20 - [TEST_STEP][PASSED] - Statement - actualgroupList2[i] = groupHierarchyList2.get(i).getText(): null

2018-06-14 17:32:20 - [TEST_STEP][PASSED] - Statement - actualgroupList2[i] = groupHierarchyList2.get(i).getText(): null

2018-06-14 17:32:20 - [TEST_STEP][PASSED] - Statement - actualgroupList2[i] = groupHierarchyList2.get(i).getText(): null

2018-06-14 17:32:20 - [TEST_STEP][PASSED] - Statement - actualgroupList2[i] = groupHierarchyList2.get(i).getText(): null

2018-06-14 17:32:20 - [TEST_STEP][PASSED] - Statement - actualgroupList2[i] = groupHierarchyList2.get(i).getText(): null

2018-06-14 17:32:20 - [TEST_STEP][PASSED] - Statement - actualgroupList2[i] = groupHierarchyList2.get(i).getText(): null

2018-06-14 17:32:20 - [TEST_STEP][PASSED] - Statement - actualgroupList2[i] = groupHierarchyList2.get(i).getText(): null

2018-06-14 17:32:20 - [TEST_STEP][PASSED] - Statement - actualgroupList2[i] = groupHierarchyList2.get(i).getText(): null

2018-06-14 17:32:20 - [TEST_STEP][PASSED] - Statement - actualgroupList2[i] = groupHierarchyList2.get(i).getText(): null

2018-06-14 17:32:20 - [TEST_STEP][PASSED] - Statement - actualgroupList2[i] = groupHierarchyList2.get(i).getText(): null

2018-06-14 17:32:20 - [TEST_STEP][PASSED] - Statement - actualgroupList2[i] = groupHierarchyList2.get(i).getText(): null

2018-06-14 17:32:20 - [TEST_STEP][PASSED] - Statement - actualgroupList2[i] = groupHierarchyList2.get(i).getText(): null

2018-06-14 17:32:20 - [TEST_STEP][PASSED] - Statement - actualgroupList2[i] = groupHierarchyList2.get(i).getText(): null

2018-06-14 17:32:20 - [TEST_STEP][PASSED] - Statement - actualgroupList2[i] = groupHierarchyList2.get(i).getText(): null

2018-06-14 17:32:20 - [TEST_STEP][PASSED] - Statement - actualgroupList2[i] = groupHierarchyList2.get(i).getText(): null

2018-06-14 17:32:20 - [TEST_STEP][PASSED] - Statement - actualgroupList2[i] = groupHierarchyList2.get(i).getText(): null

2018-06-14 17:32:20 - [TEST_STEP][PASSED] - Statement - actualgroupList2[i] = groupHierarchyList2.get(i).getText(): null

2018-06-14 17:32:20 - [TEST_STEP][PASSED] - Statement - actualgroupList2[i] = groupHierarchyList2.get(i).getText(): null

2018-06-14 17:32:20 - [TEST_STEP][PASSED] - Statement - actualgroupList2[i] = groupHierarchyList2.get(i).getText(): null

2018-06-14 17:32:20 - [TEST_STEP][PASSED] - Statement - actualgroupList2[i] = groupHierarchyList2.get(i).getText(): null

2018-06-14 17:32:20 - [TEST_STEP][PASSED] - Statement - actualgroupList2[i] = groupHierarchyList2.get(i).getText(): null

2018-06-14 17:32:20 - [TEST_STEP][PASSED] - Statement - actualgroupList2[i] = groupHierarchyList2.get(i).getText(): null

2018-06-14 17:32:20 - [TEST_STEP][PASSED] - Statement - actualgroupList2[i] = groupHierarchyList2.get(i).getText(): null

2018-06-14 17:32:20 - [TEST_STEP][PASSED] - Statement - actualgroupList2[i] = groupHierarchyList2.get(i).getText(): null

2018-06-14 17:32:20 - [TEST_STEP][PASSED] - Statement - actualgroupList2[i] = groupHierarchyList2.get(i).getText(): null

2018-06-14 17:32:20 - [TEST_STEP][PASSED] - Statement - actualgroupList2[i] = groupHierarchyList2.get(i).getText(): null

2018-06-14 17:32:20 - [TEST_STEP][PASSED] - Statement - actualgroupList2[i] = groupHierarchyList2.get(i).getText(): null

2018-06-14 17:32:20 - [TEST_STEP][PASSED] - Statement - actualgroupList2[i] = groupHierarchyList2.get(i).getText(): null

2018-06-14 17:32:20 - [TEST_STEP][PASSED] - Statement - actualgroupList2[i] = groupHierarchyList2.get(i).getText(): null

2018-06-14 17:32:20 - [TEST_STEP][PASSED] - Statement - actualgroupList2[i] = groupHierarchyList2.get(i).getText(): null

2018-06-14 17:32:20 - [TEST_STEP][PASSED] - Statement - actualgroupList2[i] = groupHierarchyList2.get(i).getText(): null

2018-06-14 17:32:20 - [TEST_STEP][PASSED] - Statement - actualgroupList2[i] = groupHierarchyList2.get(i).getText(): null

2018-06-14 17:32:20 - [TEST_STEP][PASSED] - Statement - actualgroupList2[i] = groupHierarchyList2.get(i).getText(): null

2018-06-14 17:32:20 - [TEST_STEP][PASSED] - Statement - actualgroupList2[i] = groupHierarchyList2.get(i).getText(): null

2018-06-14 17:32:20 - [TEST_STEP][PASSED] - Statement - actualgroupList2[i] = groupHierarchyList2.get(i).getText(): null

2018-06-14 17:32:20 - [TEST_STEP][PASSED] - Statement - actualgroupList2[i] = groupHierarchyList2.get(i).getText(): null

2018-06-14 17:32:20 - [TEST_STEP][PASSED] - Statement - actualgroupList2[i] = groupHierarchyList2.get(i).getText(): null

2018-06-14 17:32:20 - [TEST_STEP][PASSED] - Statement - actualgroupList2[i] = groupHierarchyList2.get(i).getText(): null

2018-06-14 17:32:20 - [TEST_STEP][PASSED] - Statement - actualgroupList2[i] = groupHierarchyList2.get(i).getText(): null

2018-06-14 17:32:20 - [TEST_STEP][PASSED] - Statement - actualgroupList2[i] = groupHierarchyList2.get(i).getText(): null

2018-06-14 17:32:20 - [TEST_STEP][PASSED] - Statement - actualgroupList2[i] = groupHierarchyList2.get(i).getText(): null

2018-06-14 17:32:20 - [TEST_STEP][PASSED] - Statement - actualgroupList2[i] = groupHierarchyList2.get(i).getText(): null

2018-06-14 17:32:20 - [TEST_STEP][PASSED] - Statement - actualgroupList2[i] = groupHierarchyList2.get(i).getText(): null

2018-06-14 17:32:20 - [TEST_STEP][PASSED] - Statement - actualgroupList2[i] = groupHierarchyList2.get(i).getText(): null

2018-06-14 17:32:20 - [TEST_STEP][PASSED] - Statement - actualgroupList2[i] = groupHierarchyList2.get(i).getText(): null

2018-06-14 17:32:20 - [TEST_STEP][PASSED] - Statement - actualgroupList2[i] = groupHierarchyList2.get(i).getText(): null

2018-06-14 17:32:20 - [TEST_STEP][PASSED] - Statement - actualgroupList2[i] = groupHierarchyList2.get(i).getText(): null

2018-06-14 17:32:20 - [TEST_STEP][PASSED] - Statement - actualgroupList2[i] = groupHierarchyList2.get(i).getText(): null

2018-06-14 17:32:20 - [TEST_STEP][PASSED] - Statement - actualgroupList2[i] = groupHierarchyList2.get(i).getText(): null

2018-06-14 17:32:20 - [TEST_STEP][PASSED] - Statement - actualgroupList2[i] = groupHierarchyList2.get(i).getText(): null

2018-06-14 17:32:20 - [TEST_STEP][PASSED] - Statement - actualgroupList2[i] = groupHierarchyList2.get(i).getText(): null

2018-06-14 17:32:20 - [TEST_STEP][PASSED] - Statement - actualgroupList2[i] = groupHierarchyList2.get(i).getText(): null

2018-06-14 17:32:20 - [TEST_STEP][PASSED] - Statement - actualgroupList2[i] = groupHierarchyList2.get(i).getText(): null

2018-06-14 17:32:20 - [TEST_STEP][PASSED] - Statement - out.println(actualgroupList2): null

2018-06-14 17:32:20 - [TEST_STEP][PASSED] - Statement - groupName = CustomKeywords.projectSpecific.Reusability.getTestData("ReportingGroupManagementPage", "groupNameTC7"): projectSpecific.Reusability.getTestData is PASSED

2018-06-14 17:32:20 - [MESSAGE][PASSED] - projectSpecific.Reusability.getTestData is PASSED

2018-06-14 17:32:20 - [TEST_STEP][PASSED] - Statement - If (actualgroupList2.contains(groupName)): null

2018-06-14 17:32:20 - [TEST_STEP][PASSED] - Statement - Else: Taking screenshot successfully

2018-06-14 17:32:20 - [TEST_STEP][PASSED] - Statement - println("Required group is not available in tree structure"): null

2018-06-14 17:32:20 - [TEST_STEP][PASSED] - Statement - If (!(TCflag)): null

2018-06-14 17:32:20 - [TEST_STEP][PASSED] - takeScreenshot: Taking screenshot successfully

2018-06-14 17:32:21 - [MESSAGE][PASSED] - Taking screenshot successfully
[[ATTACHMENT|C:\\Users\\shalinin\\Katalon Studio\\HME_Scripts\\Reports\\RegressionSuite\\20180614_164441\\1528977740966.png]]

2018-06-14 17:32:21 - [TEST_STEP][PASSED] - uiaction.CommonUIActions.click: uiaction.CommonUIActions.click is PASSED

2018-06-14 17:32:21 - [MESSAGE][PASSED] - uiaction.CommonUIActions.click is PASSED

2018-06-14 17:32:21 - [TEST_STEP][PASSED] - verifyElementPresent: Object 'Object Repository/ReportingGroupManagement/reportingGroupDetails' is present

2018-06-14 17:32:21 - [MESSAGE][PASSED] - Object 'Object Repository/ReportingGroupManagement/reportingGroupDetails' is present

2018-06-14 17:32:21 - [TEST_STEP][PASSED] - Statement - storesLabel = driver.findElements(org.openqa.selenium.By.xpath(com.kms.katalon.core.testdata.TestDataFactory.findTestData(OR_file).getValue(2, 10))): Reading excel file with source file 'C:\Users\shalinin\Katalon Studio\HME_Scripts\Data Files\HME_OR.xlsx' and sheet name 'Sheet1'

2018-06-14 17:32:21 - [TEST_STEP][PASSED] - Statement - groupStoresList = new java.util.ArrayList(): null

2018-06-14 17:32:21 - [TEST_STEP][PASSED] - Statement - For ([i = 0, i < storesLabel.size(), (i++)]): null

2018-06-14 17:32:21 - [TEST_STEP][PASSED] - Statement - If (actualgroupList2.containsAll(groupStoresList)): null

2018-06-14 17:32:21 - [TEST_STEP][PASSED] - Statement - println("Selected stores are displayed in Group/Stores in Group listbox"): null

2018-06-14 17:32:21 - [TEST_STEP][PASSED] - delay: Delayed 5 second(s)

2018-06-14 17:32:26 - [MESSAGE][PASSED] - Delayed 5 second(s)

2018-06-14 17:32:26 - [TEST_STEP][PASSED] - uiaction.CommonUIActions.click: uiaction.CommonUIActions.click is PASSED

2018-06-14 17:32:40 - [MESSAGE][PASSED] - uiaction.CommonUIActions.click is PASSED

2018-06-14 17:32:40 - [TEST_STEP][PASSED] - Statement - storesList = driver.findElements(org.openqa.selenium.By.xpath(com.kms.katalon.core.testdata.TestDataFactory.findTestData(OR_file).getValue(2, 16))): Reading excel file with source file 'C:\Users\shalinin\Katalon Studio\HME_Scripts\Data Files\HME_OR.xlsx' and sheet name 'Sheet1'

2018-06-14 17:32:40 - [TEST_STEP][PASSED] - Statement - For ([i = 1, i < storesList.size(), (i++)]): null

2018-06-14 17:32:40 - [TEST_STEP][PASSED] - Statement - reportgroup = "(//div[@class='ctable']/table/tbody/tr[@class='tdata clear'])[" + i + "]/td[7]": null

2018-06-14 17:32:40 - [TEST_STEP][PASSED] - Statement - reportgroupTxt = driver.findElement(org.openqa.selenium.By.xpath(reportgroup)).getText(): null

2018-06-14 17:32:40 - [TEST_STEP][PASSED] - Statement - If (reportgroupTxt == ""): null

2018-06-14 17:32:40 - [TEST_STEP][PASSED] - Statement - println("Report group does not have group name"): null

2018-06-14 17:32:40 - [TEST_STEP][PASSED] - Statement - reportgroup = "(//div[@class='ctable']/table/tbody/tr[@class='tdata clear'])[" + i + "]/td[7]": null

2018-06-14 17:32:40 - [TEST_STEP][PASSED] - Statement - reportgroupTxt = driver.findElement(org.openqa.selenium.By.xpath(reportgroup)).getText(): null

2018-06-14 17:32:40 - [TEST_STEP][PASSED] - Statement - If (reportgroupTxt == ""): null

2018-06-14 17:32:40 - [TEST_STEP][PASSED] - Statement - println("Report group does not have group name"): null

2018-06-14 17:32:40 - [TEST_STEP][PASSED] - Statement - reportgroup = "(//div[@class='ctable']/table/tbody/tr[@class='tdata clear'])[" + i + "]/td[7]": null

2018-06-14 17:32:40 - [TEST_STEP][PASSED] - Statement - reportgroupTxt = driver.findElement(org.openqa.selenium.By.xpath(reportgroup)).getText(): null

2018-06-14 17:32:40 - [TEST_STEP][PASSED] - Statement - If (reportgroupTxt == ""): null

2018-06-14 17:32:40 - [TEST_STEP][PASSED] - Statement - println("Report group does not have group name"): null

2018-06-14 17:32:40 - [TEST_STEP][PASSED] - Statement - reportgroup = "(//div[@class='ctable']/table/tbody/tr[@class='tdata clear'])[" + i + "]/td[7]": null

2018-06-14 17:32:40 - [TEST_STEP][PASSED] - Statement - reportgroupTxt = driver.findElement(org.openqa.selenium.By.xpath(reportgroup)).getText(): null

2018-06-14 17:32:40 - [TEST_STEP][PASSED] - Statement - If (reportgroupTxt == ""): null

2018-06-14 17:32:40 - [TEST_STEP][PASSED] - Statement - println("Report group does not have group name"): null

2018-06-14 17:32:40 - [TEST_STEP][PASSED] - Statement - reportgroup = "(//div[@class='ctable']/table/tbody/tr[@class='tdata clear'])[" + i + "]/td[7]": null

2018-06-14 17:32:40 - [TEST_STEP][PASSED] - Statement - reportgroupTxt = driver.findElement(org.openqa.selenium.By.xpath(reportgroup)).getText(): null

2018-06-14 17:32:40 - [TEST_STEP][PASSED] - Statement - If (reportgroupTxt == ""): null

2018-06-14 17:32:40 - [TEST_STEP][PASSED] - Statement - println("Report group does not have group name"): null

2018-06-14 17:32:40 - [TEST_STEP][PASSED] - Statement - reportgroup = "(//div[@class='ctable']/table/tbody/tr[@class='tdata clear'])[" + i + "]/td[7]": null

2018-06-14 17:32:40 - [TEST_STEP][PASSED] - Statement - reportgroupTxt = driver.findElement(org.openqa.selenium.By.xpath(reportgroup)).getText(): null

2018-06-14 17:32:40 - [TEST_STEP][PASSED] - Statement - If (reportgroupTxt == ""): null

2018-06-14 17:32:40 - [TEST_STEP][PASSED] - Statement - Else: null

2018-06-14 17:32:40 - [TEST_STEP][PASSED] - Statement - If (!(TCflag)): null

2018-06-14 17:32:40 - [TEST_STEP][PASSED] - Statement - reportgroup = "(//div[@class='ctable']/table/tbody/tr[@class='tdata clear'])[" + i + "]/td[7]": null

2018-06-14 17:32:40 - [TEST_STEP][PASSED] - Statement - reportgroupTxt = driver.findElement(org.openqa.selenium.By.xpath(reportgroup)).getText(): null

2018-06-14 17:32:40 - [TEST_STEP][PASSED] - Statement - If (reportgroupTxt == ""): null

2018-06-14 17:32:40 - [TEST_STEP][PASSED] - Statement - Else: null

2018-06-14 17:32:40 - [TEST_STEP][PASSED] - Statement - If (!(TCflag)): null

2018-06-14 17:32:40 - [TEST_STEP][PASSED] - Statement - reportgroup = "(//div[@class='ctable']/table/tbody/tr[@class='tdata clear'])[" + i + "]/td[7]": null

2018-06-14 17:32:40 - [TEST_STEP][PASSED] - Statement - reportgroupTxt = driver.findElement(org.openqa.selenium.By.xpath(reportgroup)).getText(): null

2018-06-14 17:32:40 - [TEST_STEP][PASSED] - Statement - If (reportgroupTxt == ""): null

2018-06-14 17:32:40 - [TEST_STEP][PASSED] - Statement - Else: null

2018-06-14 17:32:40 - [TEST_STEP][PASSED] - Statement - If (!(TCflag)): null

2018-06-14 17:32:40 - [TEST_STEP][PASSED] - Statement - reportgroup = "(//div[@class='ctable']/table/tbody/tr[@class='tdata clear'])[" + i + "]/td[7]": null

2018-06-14 17:32:40 - [TEST_STEP][PASSED] - Statement - reportgroupTxt = driver.findElement(org.openqa.selenium.By.xpath(reportgroup)).getText(): null

2018-06-14 17:32:40 - [TEST_STEP][PASSED] - Statement - If (reportgroupTxt == ""): null

2018-06-14 17:32:40 - [TEST_STEP][PASSED] - Statement - println("Report group does not have group name"): null

2018-06-14 17:32:40 - [TEST_STEP][PASSED] - Statement - reportgroup = "(//div[@class='ctable']/table/tbody/tr[@class='tdata clear'])[" + i + "]/td[7]": null

2018-06-14 17:32:40 - [TEST_STEP][PASSED] - Statement - reportgroupTxt = driver.findElement(org.openqa.selenium.By.xpath(reportgroup)).getText(): null

2018-06-14 17:32:40 - [TEST_STEP][PASSED] - Statement - If (reportgroupTxt == ""): null

2018-06-14 17:32:40 - [TEST_STEP][PASSED] - Statement - println("Report group does not have group name"): null

2018-06-14 17:32:40 - [TEST_STEP][PASSED] - Statement - reportgroup = "(//div[@class='ctable']/table/tbody/tr[@class='tdata clear'])[" + i + "]/td[7]": null

2018-06-14 17:32:40 - [TEST_STEP][PASSED] - Statement - reportgroupTxt = driver.findElement(org.openqa.selenium.By.xpath(reportgroup)).getText(): null

2018-06-14 17:32:40 - [TEST_STEP][PASSED] - Statement - If (reportgroupTxt == ""): null

2018-06-14 17:32:40 - [TEST_STEP][PASSED] - Statement - println("Report group does not have group name"): null

2018-06-14 17:32:40 - [TEST_STEP][PASSED] - Statement - reportgroup = "(//div[@class='ctable']/table/tbody/tr[@class='tdata clear'])[" + i + "]/td[7]": null

2018-06-14 17:32:40 - [TEST_STEP][PASSED] - Statement - reportgroupTxt = driver.findElement(org.openqa.selenium.By.xpath(reportgroup)).getText(): null

2018-06-14 17:32:40 - [TEST_STEP][PASSED] - Statement - If (reportgroupTxt == ""): null

2018-06-14 17:32:40 - [TEST_STEP][PASSED] - Statement - println("Report group does not have group name"): null

2018-06-14 17:32:40 - [TEST_STEP][PASSED] - Statement - reportgroup = "(//div[@class='ctable']/table/tbody/tr[@class='tdata clear'])[" + i + "]/td[7]": null

2018-06-14 17:32:40 - [TEST_STEP][PASSED] - Statement - reportgroupTxt = driver.findElement(org.openqa.selenium.By.xpath(reportgroup)).getText(): null

2018-06-14 17:32:40 - [TEST_STEP][PASSED] - Statement - If (reportgroupTxt == ""): null

2018-06-14 17:32:40 - [TEST_STEP][PASSED] - Statement - println("Report group does not have group name"): null

2018-06-14 17:32:40 - [TEST_STEP][PASSED] - Statement - reportgroup = "(//div[@class='ctable']/table/tbody/tr[@class='tdata clear'])[" + i + "]/td[7]": null

2018-06-14 17:32:40 - [TEST_STEP][PASSED] - Statement - reportgroupTxt = driver.findElement(org.openqa.selenium.By.xpath(reportgroup)).getText(): null

2018-06-14 17:32:41 - [TEST_STEP][PASSED] - Statement - If (reportgroupTxt == ""): null

2018-06-14 17:32:41 - [TEST_STEP][PASSED] - Statement - Else: null

2018-06-14 17:32:41 - [TEST_STEP][PASSED] - Statement - If (!(TCflag)): null

2018-06-14 17:32:41 - [TEST_STEP][PASSED] - Statement - reportgroup = "(//div[@class='ctable']/table/tbody/tr[@class='tdata clear'])[" + i + "]/td[7]": null

2018-06-14 17:32:41 - [TEST_STEP][PASSED] - Statement - reportgroupTxt = driver.findElement(org.openqa.selenium.By.xpath(reportgroup)).getText(): null

2018-06-14 17:32:41 - [TEST_STEP][PASSED] - Statement - If (reportgroupTxt == ""): null

2018-06-14 17:32:41 - [TEST_STEP][PASSED] - Statement - println("Report group does not have group name"): null

2018-06-14 17:32:41 - [TEST_STEP][PASSED] - Statement - reportgroup = "(//div[@class='ctable']/table/tbody/tr[@class='tdata clear'])[" + i + "]/td[7]": null

2018-06-14 17:32:41 - [TEST_STEP][PASSED] - Statement - reportgroupTxt = driver.findElement(org.openqa.selenium.By.xpath(reportgroup)).getText(): null

2018-06-14 17:32:41 - [TEST_STEP][PASSED] - Statement - If (reportgroupTxt == ""): null

2018-06-14 17:32:41 - [TEST_STEP][PASSED] - Statement - Else: null

2018-06-14 17:32:41 - [TEST_STEP][PASSED] - Statement - If (!(TCflag)): null

2018-06-14 17:32:41 - [TEST_STEP][PASSED] - Statement - reportgroup = "(//div[@class='ctable']/table/tbody/tr[@class='tdata clear'])[" + i + "]/td[7]": null

2018-06-14 17:32:41 - [TEST_STEP][PASSED] - Statement - reportgroupTxt = driver.findElement(org.openqa.selenium.By.xpath(reportgroup)).getText(): null

2018-06-14 17:32:41 - [TEST_STEP][PASSED] - Statement - If (reportgroupTxt == ""): null

2018-06-14 17:32:41 - [TEST_STEP][PASSED] - Statement - println("Report group does not have group name"): null

2018-06-14 17:32:41 - [TEST_STEP][PASSED] - Statement - reportgroup = "(//div[@class='ctable']/table/tbody/tr[@class='tdata clear'])[" + i + "]/td[7]": null

2018-06-14 17:32:41 - [TEST_STEP][PASSED] - Statement - reportgroupTxt = driver.findElement(org.openqa.selenium.By.xpath(reportgroup)).getText(): null

2018-06-14 17:32:41 - [TEST_STEP][PASSED] - Statement - If (reportgroupTxt == ""): null

2018-06-14 17:32:41 - [TEST_STEP][PASSED] - Statement - println("Report group does not have group name"): null

2018-06-14 17:32:41 - [TEST_STEP][PASSED] - Statement - reportgroup = "(//div[@class='ctable']/table/tbody/tr[@class='tdata clear'])[" + i + "]/td[7]": null

2018-06-14 17:32:41 - [TEST_STEP][PASSED] - Statement - reportgroupTxt = driver.findElement(org.openqa.selenium.By.xpath(reportgroup)).getText(): null

2018-06-14 17:32:41 - [TEST_STEP][PASSED] - Statement - If (reportgroupTxt == ""): null

2018-06-14 17:32:41 - [TEST_STEP][PASSED] - Statement - println("Report group does not have group name"): null

2018-06-14 17:32:41 - [TEST_STEP][PASSED] - Statement - reportgroup = "(//div[@class='ctable']/table/tbody/tr[@class='tdata clear'])[" + i + "]/td[7]": null

2018-06-14 17:32:41 - [TEST_STEP][PASSED] - Statement - reportgroupTxt = driver.findElement(org.openqa.selenium.By.xpath(reportgroup)).getText(): null

2018-06-14 17:32:41 - [TEST_STEP][PASSED] - Statement - If (reportgroupTxt == ""): null

2018-06-14 17:32:41 - [TEST_STEP][PASSED] - Statement - println("Report group does not have group name"): null

2018-06-14 17:32:41 - [TEST_STEP][PASSED] - Statement - reportgroup = "(//div[@class='ctable']/table/tbody/tr[@class='tdata clear'])[" + i + "]/td[7]": null

2018-06-14 17:32:41 - [TEST_STEP][PASSED] - Statement - reportgroupTxt = driver.findElement(org.openqa.selenium.By.xpath(reportgroup)).getText(): null

2018-06-14 17:32:41 - [TEST_STEP][PASSED] - Statement - If (reportgroupTxt == ""): null

2018-06-14 17:32:41 - [TEST_STEP][PASSED] - Statement - println("Report group does not have group name"): null

2018-06-14 17:32:41 - [TEST_STEP][PASSED] - Statement - reportgroup = "(//div[@class='ctable']/table/tbody/tr[@class='tdata clear'])[" + i + "]/td[7]": null

2018-06-14 17:32:41 - [TEST_STEP][PASSED] - Statement - reportgroupTxt = driver.findElement(org.openqa.selenium.By.xpath(reportgroup)).getText(): null

2018-06-14 17:32:41 - [TEST_STEP][PASSED] - Statement - If (reportgroupTxt == ""): null

2018-06-14 17:32:41 - [TEST_STEP][PASSED] - Statement - println("Report group does not have group name"): null

2018-06-14 17:32:41 - [TEST_STEP][PASSED] - Statement - reportgroup = "(//div[@class='ctable']/table/tbody/tr[@class='tdata clear'])[" + i + "]/td[7]": null

2018-06-14 17:32:41 - [TEST_STEP][PASSED] - Statement - reportgroupTxt = driver.findElement(org.openqa.selenium.By.xpath(reportgroup)).getText(): null

2018-06-14 17:32:41 - [TEST_STEP][PASSED] - Statement - If (reportgroupTxt == ""): null

2018-06-14 17:32:41 - [TEST_STEP][PASSED] - Statement - println("Report group does not have group name"): null

2018-06-14 17:32:41 - [TEST_STEP][PASSED] - Statement - reportgroup = "(//div[@class='ctable']/table/tbody/tr[@class='tdata clear'])[" + i + "]/td[7]": null

2018-06-14 17:32:41 - [TEST_STEP][PASSED] - Statement - reportgroupTxt = driver.findElement(org.openqa.selenium.By.xpath(reportgroup)).getText(): null

2018-06-14 17:32:41 - [TEST_STEP][PASSED] - Statement - If (reportgroupTxt == ""): null

2018-06-14 17:32:41 - [TEST_STEP][PASSED] - Statement - Else: null

2018-06-14 17:32:41 - [TEST_STEP][PASSED] - Statement - If (!(TCflag)): null

2018-06-14 17:32:41 - [TEST_STEP][PASSED] - Statement - reportgroup = "(//div[@class='ctable']/table/tbody/tr[@class='tdata clear'])[" + i + "]/td[7]": null

2018-06-14 17:32:41 - [TEST_STEP][PASSED] - Statement - reportgroupTxt = driver.findElement(org.openqa.selenium.By.xpath(reportgroup)).getText(): null

2018-06-14 17:32:41 - [TEST_STEP][PASSED] - Statement - If (reportgroupTxt == ""): null

2018-06-14 17:32:41 - [TEST_STEP][PASSED] - Statement - Else: null

2018-06-14 17:32:41 - [TEST_STEP][PASSED] - Statement - If (!(TCflag)): null

2018-06-14 17:32:41 - [TEST_STEP][PASSED] - Statement - reportgroup = "(//div[@class='ctable']/table/tbody/tr[@class='tdata clear'])[" + i + "]/td[7]": null

2018-06-14 17:32:41 - [TEST_STEP][PASSED] - Statement - reportgroupTxt = driver.findElement(org.openqa.selenium.By.xpath(reportgroup)).getText(): null

2018-06-14 17:32:41 - [TEST_STEP][PASSED] - Statement - If (reportgroupTxt == ""): null

2018-06-14 17:32:41 - [TEST_STEP][PASSED] - Statement - println("Report group does not have group name"): null

2018-06-14 17:32:41 - [TEST_STEP][PASSED] - Statement - reportgroup = "(//div[@class='ctable']/table/tbody/tr[@class='tdata clear'])[" + i + "]/td[7]": null

2018-06-14 17:32:41 - [TEST_STEP][PASSED] - Statement - reportgroupTxt = driver.findElement(org.openqa.selenium.By.xpath(reportgroup)).getText(): null

2018-06-14 17:32:41 - [TEST_STEP][PASSED] - Statement - If (reportgroupTxt == ""): null

2018-06-14 17:32:41 - [TEST_STEP][PASSED] - Statement - println("Report group does not have group name"): null

2018-06-14 17:32:41 - [TEST_STEP][PASSED] - Statement - reportgroup = "(//div[@class='ctable']/table/tbody/tr[@class='tdata clear'])[" + i + "]/td[7]": null

2018-06-14 17:32:41 - [TEST_STEP][PASSED] - Statement - reportgroupTxt = driver.findElement(org.openqa.selenium.By.xpath(reportgroup)).getText(): null

2018-06-14 17:32:41 - [TEST_STEP][PASSED] - Statement - If (reportgroupTxt == ""): null

2018-06-14 17:32:41 - [TEST_STEP][PASSED] - Statement - println("Report group does not have group name"): null

2018-06-14 17:32:41 - [TEST_STEP][PASSED] - Statement - reportgroup = "(//div[@class='ctable']/table/tbody/tr[@class='tdata clear'])[" + i + "]/td[7]": null

2018-06-14 17:32:41 - [TEST_STEP][PASSED] - Statement - reportgroupTxt = driver.findElement(org.openqa.selenium.By.xpath(reportgroup)).getText(): null

2018-06-14 17:32:41 - [TEST_STEP][PASSED] - Statement - If (reportgroupTxt == ""): null

2018-06-14 17:32:41 - [TEST_STEP][PASSED] - Statement - Else: null

2018-06-14 17:32:41 - [TEST_STEP][PASSED] - Statement - If (!(TCflag)): null

2018-06-14 17:32:41 - [TEST_STEP][PASSED] - Statement - reportgroup = "(//div[@class='ctable']/table/tbody/tr[@class='tdata clear'])[" + i + "]/td[7]": null

2018-06-14 17:32:41 - [TEST_STEP][PASSED] - Statement - reportgroupTxt = driver.findElement(org.openqa.selenium.By.xpath(reportgroup)).getText(): null

2018-06-14 17:32:41 - [TEST_STEP][PASSED] - Statement - If (reportgroupTxt == ""): null

2018-06-14 17:32:41 - [TEST_STEP][PASSED] - Statement - println("Report group does not have group name"): null

2018-06-14 17:32:41 - [TEST_STEP][PASSED] - Statement - reportgroup = "(//div[@class='ctable']/table/tbody/tr[@class='tdata clear'])[" + i + "]/td[7]": null

2018-06-14 17:32:41 - [TEST_STEP][PASSED] - Statement - reportgroupTxt = driver.findElement(org.openqa.selenium.By.xpath(reportgroup)).getText(): null

2018-06-14 17:32:41 - [TEST_STEP][PASSED] - Statement - If (reportgroupTxt == ""): null

2018-06-14 17:32:41 - [TEST_STEP][PASSED] - Statement - println("Report group does not have group name"): null

2018-06-14 17:32:41 - [TEST_STEP][PASSED] - Statement - reportgroup = "(//div[@class='ctable']/table/tbody/tr[@class='tdata clear'])[" + i + "]/td[7]": null

2018-06-14 17:32:41 - [TEST_STEP][PASSED] - Statement - reportgroupTxt = driver.findElement(org.openqa.selenium.By.xpath(reportgroup)).getText(): null

2018-06-14 17:32:41 - [TEST_STEP][PASSED] - Statement - If (reportgroupTxt == ""): null

2018-06-14 17:32:41 - [TEST_STEP][PASSED] - Statement - println("Report group does not have group name"): null

2018-06-14 17:32:41 - [TEST_STEP][PASSED] - Statement - reportgroup = "(//div[@class='ctable']/table/tbody/tr[@class='tdata clear'])[" + i + "]/td[7]": null

2018-06-14 17:32:41 - [TEST_STEP][PASSED] - Statement - reportgroupTxt = driver.findElement(org.openqa.selenium.By.xpath(reportgroup)).getText(): null

2018-06-14 17:32:41 - [TEST_STEP][PASSED] - Statement - If (reportgroupTxt == ""): null

2018-06-14 17:32:41 - [TEST_STEP][PASSED] - Statement - println("Report group does not have group name"): null

2018-06-14 17:32:41 - [TEST_STEP][PASSED] - Statement - reportgroup = "(//div[@class='ctable']/table/tbody/tr[@class='tdata clear'])[" + i + "]/td[7]": null

2018-06-14 17:32:41 - [TEST_STEP][PASSED] - Statement - reportgroupTxt = driver.findElement(org.openqa.selenium.By.xpath(reportgroup)).getText(): null

2018-06-14 17:32:41 - [TEST_STEP][PASSED] - Statement - If (reportgroupTxt == ""): null

2018-06-14 17:32:41 - [TEST_STEP][PASSED] - Statement - Else: null

2018-06-14 17:32:41 - [TEST_STEP][PASSED] - Statement - If (!(TCflag)): null

2018-06-14 17:32:41 - [TEST_STEP][PASSED] - Statement - reportgroup = "(//div[@class='ctable']/table/tbody/tr[@class='tdata clear'])[" + i + "]/td[7]": null

2018-06-14 17:32:41 - [TEST_STEP][PASSED] - Statement - reportgroupTxt = driver.findElement(org.openqa.selenium.By.xpath(reportgroup)).getText(): null

2018-06-14 17:32:41 - [TEST_STEP][PASSED] - Statement - If (reportgroupTxt == ""): null

2018-06-14 17:32:41 - [TEST_STEP][PASSED] - Statement - println("Report group does not have group name"): null

2018-06-14 17:32:41 - [TEST_STEP][PASSED] - Statement - reportgroup = "(//div[@class='ctable']/table/tbody/tr[@class='tdata clear'])[" + i + "]/td[7]": null

2018-06-14 17:32:41 - [TEST_STEP][PASSED] - Statement - reportgroupTxt = driver.findElement(org.openqa.selenium.By.xpath(reportgroup)).getText(): null

2018-06-14 17:32:41 - [TEST_STEP][PASSED] - Statement - If (reportgroupTxt == ""): null

2018-06-14 17:32:41 - [TEST_STEP][PASSED] - Statement - println("Report group does not have group name"): null

2018-06-14 17:32:41 - [TEST_STEP][PASSED] - Statement - reportgroup = "(//div[@class='ctable']/table/tbody/tr[@class='tdata clear'])[" + i + "]/td[7]": null

2018-06-14 17:32:41 - [TEST_STEP][PASSED] - Statement - reportgroupTxt = driver.findElement(org.openqa.selenium.By.xpath(reportgroup)).getText(): null

2018-06-14 17:32:41 - [TEST_STEP][PASSED] - Statement - If (reportgroupTxt == ""): null

2018-06-14 17:32:41 - [TEST_STEP][PASSED] - Statement - println("Report group does not have group name"): null

2018-06-14 17:32:41 - [TEST_STEP][PASSED] - Statement - reportgroup = "(//div[@class='ctable']/table/tbody/tr[@class='tdata clear'])[" + i + "]/td[7]": null

2018-06-14 17:32:41 - [TEST_STEP][PASSED] - Statement - reportgroupTxt = driver.findElement(org.openqa.selenium.By.xpath(reportgroup)).getText(): null

2018-06-14 17:32:41 - [TEST_STEP][PASSED] - Statement - If (reportgroupTxt == ""): null

2018-06-14 17:32:41 - [TEST_STEP][PASSED] - Statement - println("Report group does not have group name"): null

2018-06-14 17:32:41 - [TEST_STEP][PASSED] - Statement - reportgroup = "(//div[@class='ctable']/table/tbody/tr[@class='tdata clear'])[" + i + "]/td[7]": null

2018-06-14 17:32:41 - [TEST_STEP][PASSED] - Statement - reportgroupTxt = driver.findElement(org.openqa.selenium.By.xpath(reportgroup)).getText(): null

2018-06-14 17:32:41 - [TEST_STEP][PASSED] - Statement - If (reportgroupTxt == ""): null

2018-06-14 17:32:41 - [TEST_STEP][PASSED] - Statement - println("Report group does not have group name"): null

2018-06-14 17:32:41 - [TEST_STEP][PASSED] - Statement - reportgroup = "(//div[@class='ctable']/table/tbody/tr[@class='tdata clear'])[" + i + "]/td[7]": null

2018-06-14 17:32:41 - [TEST_STEP][PASSED] - Statement - reportgroupTxt = driver.findElement(org.openqa.selenium.By.xpath(reportgroup)).getText(): null

2018-06-14 17:32:41 - [TEST_STEP][PASSED] - Statement - If (reportgroupTxt == ""): null

2018-06-14 17:32:41 - [TEST_STEP][PASSED] - Statement - println("Report group does not have group name"): null

2018-06-14 17:32:41 - [TEST_STEP][PASSED] - Statement - reportgroup = "(//div[@class='ctable']/table/tbody/tr[@class='tdata clear'])[" + i + "]/td[7]": null

2018-06-14 17:32:41 - [TEST_STEP][PASSED] - Statement - reportgroupTxt = driver.findElement(org.openqa.selenium.By.xpath(reportgroup)).getText(): null

2018-06-14 17:32:41 - [TEST_STEP][PASSED] - Statement - If (reportgroupTxt == ""): null

2018-06-14 17:32:41 - [TEST_STEP][PASSED] - Statement - println("Report group does not have group name"): null

2018-06-14 17:32:41 - [TEST_STEP][PASSED] - Statement - reportgroup = "(//div[@class='ctable']/table/tbody/tr[@class='tdata clear'])[" + i + "]/td[7]": null

2018-06-14 17:32:41 - [TEST_STEP][PASSED] - Statement - reportgroupTxt = driver.findElement(org.openqa.selenium.By.xpath(reportgroup)).getText(): null

2018-06-14 17:32:41 - [TEST_STEP][PASSED] - Statement - If (reportgroupTxt == ""): null

2018-06-14 17:32:41 - [TEST_STEP][PASSED] - Statement - println("Report group does not have group name"): null

2018-06-14 17:32:41 - [TEST_STEP][PASSED] - Statement - reportgroup = "(//div[@class='ctable']/table/tbody/tr[@class='tdata clear'])[" + i + "]/td[7]": null

2018-06-14 17:32:41 - [TEST_STEP][PASSED] - Statement - reportgroupTxt = driver.findElement(org.openqa.selenium.By.xpath(reportgroup)).getText(): null

2018-06-14 17:32:41 - [TEST_STEP][PASSED] - Statement - If (reportgroupTxt == ""): null

2018-06-14 17:32:41 - [TEST_STEP][PASSED] - Statement - Else: null

2018-06-14 17:32:41 - [TEST_STEP][PASSED] - Statement - If (!(TCflag)): null

2018-06-14 17:32:41 - [TEST_STEP][PASSED] - Statement - reportgroup = "(//div[@class='ctable']/table/tbody/tr[@class='tdata clear'])[" + i + "]/td[7]": null

2018-06-14 17:32:41 - [TEST_STEP][PASSED] - Statement - reportgroupTxt = driver.findElement(org.openqa.selenium.By.xpath(reportgroup)).getText(): null

2018-06-14 17:32:41 - [TEST_STEP][PASSED] - Statement - If (reportgroupTxt == ""): null

2018-06-14 17:32:41 - [TEST_STEP][PASSED] - Statement - println("Report group does not have group name"): null

2018-06-14 17:32:41 - [TEST_STEP][PASSED] - Statement - reportgroup = "(//div[@class='ctable']/table/tbody/tr[@class='tdata clear'])[" + i + "]/td[7]": null

2018-06-14 17:32:41 - [TEST_STEP][PASSED] - Statement - reportgroupTxt = driver.findElement(org.openqa.selenium.By.xpath(reportgroup)).getText(): null

2018-06-14 17:32:41 - [TEST_STEP][PASSED] - Statement - If (reportgroupTxt == ""): null

2018-06-14 17:32:41 - [TEST_STEP][PASSED] - Statement - println("Report group does not have group name"): null

2018-06-14 17:32:41 - [TEST_STEP][PASSED] - Statement - reportgroup = "(//div[@class='ctable']/table/tbody/tr[@class='tdata clear'])[" + i + "]/td[7]": null

2018-06-14 17:32:41 - [TEST_STEP][PASSED] - Statement - reportgroupTxt = driver.findElement(org.openqa.selenium.By.xpath(reportgroup)).getText(): null

2018-06-14 17:32:41 - [TEST_STEP][PASSED] - Statement - If (reportgroupTxt == ""): null

2018-06-14 17:32:41 - [TEST_STEP][PASSED] - Statement - println("Report group does not have group name"): null

2018-06-14 17:32:41 - [TEST_STEP][PASSED] - Statement - reportgroup = "(//div[@class='ctable']/table/tbody/tr[@class='tdata clear'])[" + i + "]/td[7]": null

2018-06-14 17:32:41 - [TEST_STEP][PASSED] - Statement - reportgroupTxt = driver.findElement(org.openqa.selenium.By.xpath(reportgroup)).getText(): null

2018-06-14 17:32:41 - [TEST_STEP][PASSED] - Statement - If (reportgroupTxt == ""): null

2018-06-14 17:32:41 - [TEST_STEP][PASSED] - Statement - println("Report group does not have group name"): null

2018-06-14 17:32:41 - [TEST_STEP][PASSED] - Statement - reportgroup = "(//div[@class='ctable']/table/tbody/tr[@class='tdata clear'])[" + i + "]/td[7]": null

2018-06-14 17:32:41 - [TEST_STEP][PASSED] - Statement - reportgroupTxt = driver.findElement(org.openqa.selenium.By.xpath(reportgroup)).getText(): null

2018-06-14 17:32:41 - [TEST_STEP][PASSED] - Statement - If (reportgroupTxt == ""): null

2018-06-14 17:32:41 - [TEST_STEP][PASSED] - Statement - println("Report group does not have group name"): null

2018-06-14 17:32:41 - [TEST_STEP][PASSED] - Statement - reportgroup = "(//div[@class='ctable']/table/tbody/tr[@class='tdata clear'])[" + i + "]/td[7]": null

2018-06-14 17:32:41 - [TEST_STEP][PASSED] - Statement - reportgroupTxt = driver.findElement(org.openqa.selenium.By.xpath(reportgroup)).getText(): null

2018-06-14 17:32:41 - [TEST_STEP][PASSED] - Statement - If (reportgroupTxt == ""): null

2018-06-14 17:32:41 - [TEST_STEP][PASSED] - Statement - println("Report group does not have group name"): null

2018-06-14 17:32:41 - [TEST_STEP][PASSED] - Statement - reportgroup = "(//div[@class='ctable']/table/tbody/tr[@class='tdata clear'])[" + i + "]/td[7]": null

2018-06-14 17:32:41 - [TEST_STEP][PASSED] - Statement - reportgroupTxt = driver.findElement(org.openqa.selenium.By.xpath(reportgroup)).getText(): null

2018-06-14 17:32:42 - [TEST_STEP][PASSED] - Statement - If (reportgroupTxt == ""): null

2018-06-14 17:32:42 - [TEST_STEP][PASSED] - Statement - println("Report group does not have group name"): null

2018-06-14 17:32:42 - [TEST_STEP][PASSED] - Statement - reportgroup = "(//div[@class='ctable']/table/tbody/tr[@class='tdata clear'])[" + i + "]/td[7]": null

2018-06-14 17:32:42 - [TEST_STEP][PASSED] - Statement - reportgroupTxt = driver.findElement(org.openqa.selenium.By.xpath(reportgroup)).getText(): null

2018-06-14 17:32:42 - [TEST_STEP][PASSED] - Statement - If (reportgroupTxt == ""): null

2018-06-14 17:32:42 - [TEST_STEP][PASSED] - Statement - Else: null

2018-06-14 17:32:42 - [TEST_STEP][PASSED] - Statement - If (!(TCflag)): null

2018-06-14 17:32:42 - [TEST_STEP][PASSED] - Statement - reportgroup = "(//div[@class='ctable']/table/tbody/tr[@class='tdata clear'])[" + i + "]/td[7]": null

2018-06-14 17:32:42 - [TEST_STEP][PASSED] - Statement - reportgroupTxt = driver.findElement(org.openqa.selenium.By.xpath(reportgroup)).getText(): null

2018-06-14 17:32:42 - [TEST_STEP][PASSED] - Statement - If (reportgroupTxt == ""): null

2018-06-14 17:32:42 - [TEST_STEP][PASSED] - Statement - Else: null

2018-06-14 17:32:42 - [TEST_STEP][PASSED] - Statement - If (!(TCflag)): null

2018-06-14 17:32:42 - [TEST_STEP][PASSED] - Statement - reportgroup = "(//div[@class='ctable']/table/tbody/tr[@class='tdata clear'])[" + i + "]/td[7]": null

2018-06-14 17:32:42 - [TEST_STEP][PASSED] - Statement - reportgroupTxt = driver.findElement(org.openqa.selenium.By.xpath(reportgroup)).getText(): null

2018-06-14 17:32:42 - [TEST_STEP][PASSED] - Statement - If (reportgroupTxt == ""): null

2018-06-14 17:32:42 - [TEST_STEP][PASSED] - Statement - println("Report group does not have group name"): null

2018-06-14 17:32:42 - [TEST_STEP][PASSED] - Statement - reportgroup = "(//div[@class='ctable']/table/tbody/tr[@class='tdata clear'])[" + i + "]/td[7]": null

2018-06-14 17:32:42 - [TEST_STEP][PASSED] - Statement - reportgroupTxt = driver.findElement(org.openqa.selenium.By.xpath(reportgroup)).getText(): null

2018-06-14 17:32:42 - [TEST_STEP][PASSED] - Statement - If (reportgroupTxt == ""): null

2018-06-14 17:32:42 - [TEST_STEP][PASSED] - Statement - println("Report group does not have group name"): null

2018-06-14 17:32:42 - [TEST_STEP][PASSED] - Statement - reportgroup = "(//div[@class='ctable']/table/tbody/tr[@class='tdata clear'])[" + i + "]/td[7]": null

2018-06-14 17:32:42 - [TEST_STEP][PASSED] - Statement - reportgroupTxt = driver.findElement(org.openqa.selenium.By.xpath(reportgroup)).getText(): null

2018-06-14 17:32:42 - [TEST_STEP][PASSED] - Statement - If (reportgroupTxt == ""): null

2018-06-14 17:32:42 - [TEST_STEP][PASSED] - Statement - println("Report group does not have group name"): null

2018-06-14 17:32:42 - [TEST_STEP][PASSED] - Statement - reportgroup = "(//div[@class='ctable']/table/tbody/tr[@class='tdata clear'])[" + i + "]/td[7]": null

2018-06-14 17:32:42 - [TEST_STEP][PASSED] - Statement - reportgroupTxt = driver.findElement(org.openqa.selenium.By.xpath(reportgroup)).getText(): null

2018-06-14 17:32:42 - [TEST_STEP][PASSED] - Statement - If (reportgroupTxt == ""): null

2018-06-14 17:32:42 - [TEST_STEP][PASSED] - Statement - println("Report group does not have group name"): null

2018-06-14 17:32:42 - [TEST_STEP][PASSED] - Statement - reportgroup = "(//div[@class='ctable']/table/tbody/tr[@class='tdata clear'])[" + i + "]/td[7]": null

2018-06-14 17:32:42 - [TEST_STEP][PASSED] - Statement - reportgroupTxt = driver.findElement(org.openqa.selenium.By.xpath(reportgroup)).getText(): null

2018-06-14 17:32:42 - [TEST_STEP][PASSED] - Statement - If (reportgroupTxt == ""): null

2018-06-14 17:32:42 - [TEST_STEP][PASSED] - Statement - println("Report group does not have group name"): null

2018-06-14 17:32:42 - [TEST_STEP][PASSED] - Statement - reportgroup = "(//div[@class='ctable']/table/tbody/tr[@class='tdata clear'])[" + i + "]/td[7]": null

2018-06-14 17:32:42 - [TEST_STEP][PASSED] - Statement - reportgroupTxt = driver.findElement(org.openqa.selenium.By.xpath(reportgroup)).getText(): null

2018-06-14 17:32:42 - [TEST_STEP][PASSED] - Statement - If (reportgroupTxt == ""): null

2018-06-14 17:32:42 - [TEST_STEP][PASSED] - Statement - println("Report group does not have group name"): null

2018-06-14 17:32:42 - [TEST_STEP][PASSED] - Statement - reportgroup = "(//div[@class='ctable']/table/tbody/tr[@class='tdata clear'])[" + i + "]/td[7]": null

2018-06-14 17:32:42 - [TEST_STEP][PASSED] - Statement - reportgroupTxt = driver.findElement(org.openqa.selenium.By.xpath(reportgroup)).getText(): null

2018-06-14 17:32:42 - [TEST_STEP][PASSED] - Statement - If (reportgroupTxt == ""): null

2018-06-14 17:32:42 - [TEST_STEP][PASSED] - Statement - println("Report group does not have group name"): null

2018-06-14 17:32:42 - [TEST_STEP][PASSED] - Statement - reportgroup = "(//div[@class='ctable']/table/tbody/tr[@class='tdata clear'])[" + i + "]/td[7]": null

2018-06-14 17:32:42 - [TEST_STEP][PASSED] - Statement - reportgroupTxt = driver.findElement(org.openqa.selenium.By.xpath(reportgroup)).getText(): null

2018-06-14 17:32:42 - [TEST_STEP][PASSED] - Statement - If (reportgroupTxt == ""): null

2018-06-14 17:32:42 - [TEST_STEP][PASSED] - Statement - println("Report group does not have group name"): null

2018-06-14 17:32:42 - [TEST_STEP][PASSED] - Statement - reportgroup = "(//div[@class='ctable']/table/tbody/tr[@class='tdata clear'])[" + i + "]/td[7]": null

2018-06-14 17:32:42 - [TEST_STEP][PASSED] - Statement - reportgroupTxt = driver.findElement(org.openqa.selenium.By.xpath(reportgroup)).getText(): null

2018-06-14 17:32:42 - [TEST_STEP][PASSED] - Statement - If (reportgroupTxt == ""): null

2018-06-14 17:32:42 - [TEST_STEP][PASSED] - Statement - println("Report group does not have group name"): null

2018-06-14 17:32:42 - [TEST_STEP][PASSED] - Statement - reportgroup = "(//div[@class='ctable']/table/tbody/tr[@class='tdata clear'])[" + i + "]/td[7]": null

2018-06-14 17:32:42 - [TEST_STEP][PASSED] - Statement - reportgroupTxt = driver.findElement(org.openqa.selenium.By.xpath(reportgroup)).getText(): null

2018-06-14 17:32:42 - [TEST_STEP][PASSED] - Statement - If (reportgroupTxt == ""): null

2018-06-14 17:32:42 - [TEST_STEP][PASSED] - Statement - println("Report group does not have group name"): null

2018-06-14 17:32:42 - [TEST_STEP][PASSED] - Statement - reportgroup = "(//div[@class='ctable']/table/tbody/tr[@class='tdata clear'])[" + i + "]/td[7]": null

2018-06-14 17:32:42 - [TEST_STEP][PASSED] - Statement - reportgroupTxt = driver.findElement(org.openqa.selenium.By.xpath(reportgroup)).getText(): null

2018-06-14 17:32:42 - [TEST_STEP][PASSED] - Statement - If (reportgroupTxt == ""): null

2018-06-14 17:32:42 - [TEST_STEP][PASSED] - Statement - println("Report group does not have group name"): null

2018-06-14 17:32:42 - [TEST_STEP][PASSED] - Statement - reportgroup = "(//div[@class='ctable']/table/tbody/tr[@class='tdata clear'])[" + i + "]/td[7]": null

2018-06-14 17:32:42 - [TEST_STEP][PASSED] - Statement - reportgroupTxt = driver.findElement(org.openqa.selenium.By.xpath(reportgroup)).getText(): null

2018-06-14 17:32:42 - [TEST_STEP][PASSED] - Statement - If (reportgroupTxt == ""): null

2018-06-14 17:32:42 - [TEST_STEP][PASSED] - Statement - Else: null

2018-06-14 17:32:42 - [TEST_STEP][PASSED] - Statement - If (!(TCflag)): null

2018-06-14 17:32:42 - [TEST_STEP][PASSED] - Statement - reportgroup = "(//div[@class='ctable']/table/tbody/tr[@class='tdata clear'])[" + i + "]/td[7]": null

2018-06-14 17:32:42 - [TEST_STEP][PASSED] - Statement - reportgroupTxt = driver.findElement(org.openqa.selenium.By.xpath(reportgroup)).getText(): null

2018-06-14 17:32:42 - [TEST_STEP][PASSED] - Statement - If (reportgroupTxt == ""): null

2018-06-14 17:32:42 - [TEST_STEP][PASSED] - Statement - println("Report group does not have group name"): null

2018-06-14 17:32:42 - [TEST_STEP][PASSED] - Statement - reportgroup = "(//div[@class='ctable']/table/tbody/tr[@class='tdata clear'])[" + i + "]/td[7]": null

2018-06-14 17:32:42 - [TEST_STEP][PASSED] - Statement - reportgroupTxt = driver.findElement(org.openqa.selenium.By.xpath(reportgroup)).getText(): null

2018-06-14 17:32:42 - [TEST_STEP][PASSED] - Statement - If (reportgroupTxt == ""): null

2018-06-14 17:32:42 - [TEST_STEP][PASSED] - Statement - println("Report group does not have group name"): null

2018-06-14 17:32:42 - [TEST_STEP][PASSED] - Statement - reportgroup = "(//div[@class='ctable']/table/tbody/tr[@class='tdata clear'])[" + i + "]/td[7]": null

2018-06-14 17:32:42 - [TEST_STEP][PASSED] - Statement - reportgroupTxt = driver.findElement(org.openqa.selenium.By.xpath(reportgroup)).getText(): null

2018-06-14 17:32:42 - [TEST_STEP][PASSED] - Statement - If (reportgroupTxt == ""): null

2018-06-14 17:32:42 - [TEST_STEP][PASSED] - Statement - println("Report group does not have group name"): null

2018-06-14 17:32:42 - [TEST_STEP][PASSED] - Statement - reportgroup = "(//div[@class='ctable']/table/tbody/tr[@class='tdata clear'])[" + i + "]/td[7]": null

2018-06-14 17:32:42 - [TEST_STEP][PASSED] - Statement - reportgroupTxt = driver.findElement(org.openqa.selenium.By.xpath(reportgroup)).getText(): null

2018-06-14 17:32:42 - [TEST_STEP][PASSED] - Statement - If (reportgroupTxt == ""): null

2018-06-14 17:32:42 - [TEST_STEP][PASSED] - Statement - println("Report group does not have group name"): null

2018-06-14 17:32:42 - [TEST_STEP][PASSED] - Statement - reportgroup = "(//div[@class='ctable']/table/tbody/tr[@class='tdata clear'])[" + i + "]/td[7]": null

2018-06-14 17:32:42 - [TEST_STEP][PASSED] - Statement - reportgroupTxt = driver.findElement(org.openqa.selenium.By.xpath(reportgroup)).getText(): null

2018-06-14 17:32:42 - [TEST_STEP][PASSED] - Statement - If (reportgroupTxt == ""): null

2018-06-14 17:32:42 - [TEST_STEP][PASSED] - Statement - println("Report group does not have group name"): null

2018-06-14 17:32:42 - [TEST_STEP][PASSED] - Statement - reportgroup = "(//div[@class='ctable']/table/tbody/tr[@class='tdata clear'])[" + i + "]/td[7]": null

2018-06-14 17:32:42 - [TEST_STEP][PASSED] - Statement - reportgroupTxt = driver.findElement(org.openqa.selenium.By.xpath(reportgroup)).getText(): null

2018-06-14 17:32:42 - [TEST_STEP][PASSED] - Statement - If (reportgroupTxt == ""): null

2018-06-14 17:32:42 - [TEST_STEP][PASSED] - Statement - println("Report group does not have group name"): null

2018-06-14 17:32:42 - [TEST_STEP][PASSED] - Statement - reportgroup = "(//div[@class='ctable']/table/tbody/tr[@class='tdata clear'])[" + i + "]/td[7]": null

2018-06-14 17:32:42 - [TEST_STEP][PASSED] - Statement - reportgroupTxt = driver.findElement(org.openqa.selenium.By.xpath(reportgroup)).getText(): null

2018-06-14 17:32:42 - [TEST_STEP][PASSED] - Statement - If (reportgroupTxt == ""): null

2018-06-14 17:32:42 - [TEST_STEP][PASSED] - Statement - println("Report group does not have group name"): null

2018-06-14 17:32:42 - [TEST_STEP][PASSED] - Statement - reportgroup = "(//div[@class='ctable']/table/tbody/tr[@class='tdata clear'])[" + i + "]/td[7]": null

2018-06-14 17:32:42 - [TEST_STEP][PASSED] - Statement - reportgroupTxt = driver.findElement(org.openqa.selenium.By.xpath(reportgroup)).getText(): null

2018-06-14 17:32:42 - [TEST_STEP][PASSED] - Statement - If (reportgroupTxt == ""): null

2018-06-14 17:32:42 - [TEST_STEP][PASSED] - Statement - Else: null

2018-06-14 17:32:42 - [TEST_STEP][PASSED] - Statement - If (!(TCflag)): null

2018-06-14 17:32:42 - [TEST_STEP][PASSED] - Statement - reportgroup = "(//div[@class='ctable']/table/tbody/tr[@class='tdata clear'])[" + i + "]/td[7]": null

2018-06-14 17:32:42 - [TEST_STEP][PASSED] - Statement - reportgroupTxt = driver.findElement(org.openqa.selenium.By.xpath(reportgroup)).getText(): null

2018-06-14 17:32:42 - [TEST_STEP][PASSED] - Statement - If (reportgroupTxt == ""): null

2018-06-14 17:32:42 - [TEST_STEP][PASSED] - Statement - Else: null

2018-06-14 17:32:42 - [TEST_STEP][PASSED] - Statement - If (!(TCflag)): null

2018-06-14 17:32:42 - [TEST_STEP][PASSED] - Statement - reportgroup = "(//div[@class='ctable']/table/tbody/tr[@class='tdata clear'])[" + i + "]/td[7]": null

2018-06-14 17:32:42 - [TEST_STEP][PASSED] - Statement - reportgroupTxt = driver.findElement(org.openqa.selenium.By.xpath(reportgroup)).getText(): null

2018-06-14 17:32:42 - [TEST_STEP][PASSED] - Statement - If (reportgroupTxt == ""): null

2018-06-14 17:32:42 - [TEST_STEP][PASSED] - Statement - println("Report group does not have group name"): null

2018-06-14 17:32:42 - [TEST_STEP][PASSED] - Statement - reportgroup = "(//div[@class='ctable']/table/tbody/tr[@class='tdata clear'])[" + i + "]/td[7]": null

2018-06-14 17:32:42 - [TEST_STEP][PASSED] - Statement - reportgroupTxt = driver.findElement(org.openqa.selenium.By.xpath(reportgroup)).getText(): null

2018-06-14 17:32:42 - [TEST_STEP][PASSED] - Statement - If (reportgroupTxt == ""): null

2018-06-14 17:32:42 - [TEST_STEP][PASSED] - Statement - println("Report group does not have group name"): null

2018-06-14 17:32:42 - [TEST_STEP][PASSED] - Statement - reportgroup = "(//div[@class='ctable']/table/tbody/tr[@class='tdata clear'])[" + i + "]/td[7]": null

2018-06-14 17:32:42 - [TEST_STEP][PASSED] - Statement - reportgroupTxt = driver.findElement(org.openqa.selenium.By.xpath(reportgroup)).getText(): null

2018-06-14 17:32:42 - [TEST_STEP][PASSED] - Statement - If (reportgroupTxt == ""): null

2018-06-14 17:32:42 - [TEST_STEP][PASSED] - Statement - Else: null

2018-06-14 17:32:42 - [TEST_STEP][PASSED] - Statement - If (!(TCflag)): null

2018-06-14 17:32:42 - [TEST_STEP][PASSED] - Statement - reportgroup = "(//div[@class='ctable']/table/tbody/tr[@class='tdata clear'])[" + i + "]/td[7]": null

2018-06-14 17:32:42 - [TEST_STEP][PASSED] - Statement - reportgroupTxt = driver.findElement(org.openqa.selenium.By.xpath(reportgroup)).getText(): null

2018-06-14 17:32:42 - [TEST_STEP][PASSED] - Statement - If (reportgroupTxt == ""): null

2018-06-14 17:32:42 - [TEST_STEP][PASSED] - Statement - println("Report group does not have group name"): null

2018-06-14 17:32:42 - [TEST_STEP][PASSED] - Statement - reportgroup = "(//div[@class='ctable']/table/tbody/tr[@class='tdata clear'])[" + i + "]/td[7]": null

2018-06-14 17:32:42 - [TEST_STEP][PASSED] - Statement - reportgroupTxt = driver.findElement(org.openqa.selenium.By.xpath(reportgroup)).getText(): null

2018-06-14 17:32:42 - [TEST_STEP][PASSED] - Statement - If (reportgroupTxt == ""): null

2018-06-14 17:32:42 - [TEST_STEP][PASSED] - Statement - println("Report group does not have group name"): null

2018-06-14 17:32:42 - [TEST_STEP][PASSED] - Statement - reportgroup = "(//div[@class='ctable']/table/tbody/tr[@class='tdata clear'])[" + i + "]/td[7]": null

2018-06-14 17:32:42 - [TEST_STEP][PASSED] - Statement - reportgroupTxt = driver.findElement(org.openqa.selenium.By.xpath(reportgroup)).getText(): null

2018-06-14 17:32:42 - [TEST_STEP][PASSED] - Statement - If (reportgroupTxt == ""): null

2018-06-14 17:32:42 - [TEST_STEP][PASSED] - Statement - Else: null

2018-06-14 17:32:42 - [TEST_STEP][PASSED] - Statement - If (!(TCflag)): null

2018-06-14 17:32:42 - [TEST_STEP][PASSED] - Statement - reportgroup = "(//div[@class='ctable']/table/tbody/tr[@class='tdata clear'])[" + i + "]/td[7]": null

2018-06-14 17:32:42 - [TEST_STEP][PASSED] - Statement - reportgroupTxt = driver.findElement(org.openqa.selenium.By.xpath(reportgroup)).getText(): null

2018-06-14 17:32:42 - [TEST_STEP][PASSED] - Statement - If (reportgroupTxt == ""): null

2018-06-14 17:32:42 - [TEST_STEP][PASSED] - Statement - println("Report group does not have group name"): null

2018-06-14 17:32:42 - [TEST_STEP][PASSED] - Statement - reportgroup = "(//div[@class='ctable']/table/tbody/tr[@class='tdata clear'])[" + i + "]/td[7]": null

2018-06-14 17:32:42 - [TEST_STEP][PASSED] - Statement - reportgroupTxt = driver.findElement(org.openqa.selenium.By.xpath(reportgroup)).getText(): null

2018-06-14 17:32:42 - [TEST_STEP][PASSED] - Statement - If (reportgroupTxt == ""): null

2018-06-14 17:32:42 - [TEST_STEP][PASSED] - Statement - println("Report group does not have group name"): null

2018-06-14 17:32:42 - [TEST_STEP][PASSED] - Statement - reportgroup = "(//div[@class='ctable']/table/tbody/tr[@class='tdata clear'])[" + i + "]/td[7]": null

2018-06-14 17:32:42 - [TEST_STEP][PASSED] - Statement - reportgroupTxt = driver.findElement(org.openqa.selenium.By.xpath(reportgroup)).getText(): null

2018-06-14 17:32:42 - [TEST_STEP][PASSED] - Statement - If (reportgroupTxt == ""): null

2018-06-14 17:32:42 - [TEST_STEP][PASSED] - Statement - Else: null

2018-06-14 17:32:42 - [TEST_STEP][PASSED] - Statement - If (!(TCflag)): null

2018-06-14 17:32:42 - [TEST_STEP][PASSED] - Statement - reportgroup = "(//div[@class='ctable']/table/tbody/tr[@class='tdata clear'])[" + i + "]/td[7]": null

2018-06-14 17:32:42 - [TEST_STEP][PASSED] - Statement - reportgroupTxt = driver.findElement(org.openqa.selenium.By.xpath(reportgroup)).getText(): null

2018-06-14 17:32:42 - [TEST_STEP][PASSED] - Statement - If (reportgroupTxt == ""): null

2018-06-14 17:32:42 - [TEST_STEP][PASSED] - Statement - println("Report group does not have group name"): null

2018-06-14 17:32:42 - [TEST_STEP][PASSED] - Statement - reportgroup = "(//div[@class='ctable']/table/tbody/tr[@class='tdata clear'])[" + i + "]/td[7]": null

2018-06-14 17:32:42 - [TEST_STEP][PASSED] - Statement - reportgroupTxt = driver.findElement(org.openqa.selenium.By.xpath(reportgroup)).getText(): null

2018-06-14 17:32:42 - [TEST_STEP][PASSED] - Statement - If (reportgroupTxt == ""): null

2018-06-14 17:32:42 - [TEST_STEP][PASSED] - Statement - println("Report group does not have group name"): null

2018-06-14 17:32:42 - [TEST_STEP][PASSED] - Statement - reportgroup = "(//div[@class='ctable']/table/tbody/tr[@class='tdata clear'])[" + i + "]/td[7]": null

2018-06-14 17:32:42 - [TEST_STEP][PASSED] - Statement - reportgroupTxt = driver.findElement(org.openqa.selenium.By.xpath(reportgroup)).getText(): null

2018-06-14 17:32:43 - [TEST_STEP][PASSED] - Statement - If (reportgroupTxt == ""): null

2018-06-14 17:32:43 - [TEST_STEP][PASSED] - Statement - println("Report group does not have group name"): null

2018-06-14 17:32:43 - [TEST_STEP][PASSED] - Statement - reportgroup = "(//div[@class='ctable']/table/tbody/tr[@class='tdata clear'])[" + i + "]/td[7]": null

2018-06-14 17:32:43 - [TEST_STEP][PASSED] - Statement - reportgroupTxt = driver.findElement(org.openqa.selenium.By.xpath(reportgroup)).getText(): null

2018-06-14 17:32:43 - [TEST_STEP][PASSED] - Statement - If (reportgroupTxt == ""): null

2018-06-14 17:32:43 - [TEST_STEP][PASSED] - Statement - println("Report group does not have group name"): null

2018-06-14 17:32:43 - [TEST_STEP][PASSED] - Statement - reportgroup = "(//div[@class='ctable']/table/tbody/tr[@class='tdata clear'])[" + i + "]/td[7]": null

2018-06-14 17:32:43 - [TEST_STEP][PASSED] - Statement - reportgroupTxt = driver.findElement(org.openqa.selenium.By.xpath(reportgroup)).getText(): null

2018-06-14 17:32:43 - [TEST_STEP][PASSED] - Statement - If (reportgroupTxt == ""): null

2018-06-14 17:32:43 - [TEST_STEP][PASSED] - Statement - println("Report group does not have group name"): null

2018-06-14 17:32:43 - [TEST_STEP][PASSED] - Statement - reportgroup = "(//div[@class='ctable']/table/tbody/tr[@class='tdata clear'])[" + i + "]/td[7]": null

2018-06-14 17:32:43 - [TEST_STEP][PASSED] - Statement - reportgroupTxt = driver.findElement(org.openqa.selenium.By.xpath(reportgroup)).getText(): null

2018-06-14 17:32:43 - [TEST_STEP][PASSED] - Statement - If (reportgroupTxt == ""): null

2018-06-14 17:32:43 - [TEST_STEP][PASSED] - Statement - Else: null

2018-06-14 17:32:43 - [TEST_STEP][PASSED] - Statement - If (!(TCflag)): null

2018-06-14 17:32:43 - [TEST_STEP][PASSED] - Statement - reportgroup = "(//div[@class='ctable']/table/tbody/tr[@class='tdata clear'])[" + i + "]/td[7]": null

2018-06-14 17:32:43 - [TEST_STEP][PASSED] - Statement - reportgroupTxt = driver.findElement(org.openqa.selenium.By.xpath(reportgroup)).getText(): null

2018-06-14 17:32:43 - [TEST_STEP][PASSED] - Statement - If (reportgroupTxt == ""): null

2018-06-14 17:32:43 - [TEST_STEP][PASSED] - Statement - Else: null

2018-06-14 17:32:43 - [TEST_STEP][PASSED] - Statement - If (!(TCflag)): null

2018-06-14 17:32:43 - [TEST_STEP][PASSED] - Statement - reportgroup = "(//div[@class='ctable']/table/tbody/tr[@class='tdata clear'])[" + i + "]/td[7]": null

2018-06-14 17:32:43 - [TEST_STEP][PASSED] - Statement - reportgroupTxt = driver.findElement(org.openqa.selenium.By.xpath(reportgroup)).getText(): null

2018-06-14 17:32:43 - [TEST_STEP][PASSED] - Statement - If (reportgroupTxt == ""): null

2018-06-14 17:32:43 - [TEST_STEP][PASSED] - Statement - println("Report group does not have group name"): null

2018-06-14 17:32:43 - [TEST_STEP][PASSED] - Statement - reportgroup = "(//div[@class='ctable']/table/tbody/tr[@class='tdata clear'])[" + i + "]/td[7]": null

2018-06-14 17:32:43 - [TEST_STEP][PASSED] - Statement - reportgroupTxt = driver.findElement(org.openqa.selenium.By.xpath(reportgroup)).getText(): null

2018-06-14 17:32:43 - [TEST_STEP][PASSED] - Statement - If (reportgroupTxt == ""): null

2018-06-14 17:32:43 - [TEST_STEP][PASSED] - Statement - println("Report group does not have group name"): null

2018-06-14 17:32:43 - [TEST_STEP][PASSED] - Statement - reportgroup = "(//div[@class='ctable']/table/tbody/tr[@class='tdata clear'])[" + i + "]/td[7]": null

2018-06-14 17:32:43 - [TEST_STEP][PASSED] - Statement - reportgroupTxt = driver.findElement(org.openqa.selenium.By.xpath(reportgroup)).getText(): null

2018-06-14 17:32:43 - [TEST_STEP][PASSED] - Statement - If (reportgroupTxt == ""): null

2018-06-14 17:32:43 - [TEST_STEP][PASSED] - Statement - println("Report group does not have group name"): null

2018-06-14 17:32:43 - [TEST_STEP][PASSED] - Statement - reportgroup = "(//div[@class='ctable']/table/tbody/tr[@class='tdata clear'])[" + i + "]/td[7]": null

2018-06-14 17:32:43 - [TEST_STEP][PASSED] - Statement - reportgroupTxt = driver.findElement(org.openqa.selenium.By.xpath(reportgroup)).getText(): null

2018-06-14 17:32:43 - [TEST_STEP][PASSED] - Statement - If (reportgroupTxt == ""): null

2018-06-14 17:32:43 - [TEST_STEP][PASSED] - Statement - println("Report group does not have group name"): null

2018-06-14 17:32:43 - [TEST_STEP][PASSED] - Statement - reportgroup = "(//div[@class='ctable']/table/tbody/tr[@class='tdata clear'])[" + i + "]/td[7]": null

2018-06-14 17:32:43 - [TEST_STEP][PASSED] - Statement - reportgroupTxt = driver.findElement(org.openqa.selenium.By.xpath(reportgroup)).getText(): null

2018-06-14 17:32:43 - [TEST_STEP][PASSED] - Statement - If (reportgroupTxt == ""): null

2018-06-14 17:32:43 - [TEST_STEP][PASSED] - Statement - println("Report group does not have group name"): null

2018-06-14 17:32:43 - [TEST_STEP][PASSED] - Statement - reportgroup = "(//div[@class='ctable']/table/tbody/tr[@class='tdata clear'])[" + i + "]/td[7]": null

2018-06-14 17:32:43 - [TEST_STEP][PASSED] - Statement - reportgroupTxt = driver.findElement(org.openqa.selenium.By.xpath(reportgroup)).getText(): null

2018-06-14 17:32:43 - [TEST_STEP][PASSED] - Statement - If (reportgroupTxt == ""): null

2018-06-14 17:32:43 - [TEST_STEP][PASSED] - Statement - println("Report group does not have group name"): null

2018-06-14 17:32:43 - [TEST_STEP][PASSED] - Statement - reportgroup = "(//div[@class='ctable']/table/tbody/tr[@class='tdata clear'])[" + i + "]/td[7]": null

2018-06-14 17:32:43 - [TEST_STEP][PASSED] - Statement - reportgroupTxt = driver.findElement(org.openqa.selenium.By.xpath(reportgroup)).getText(): null

2018-06-14 17:32:43 - [TEST_STEP][PASSED] - Statement - If (reportgroupTxt == ""): null

2018-06-14 17:32:43 - [TEST_STEP][PASSED] - Statement - println("Report group does not have group name"): null

2018-06-14 17:32:43 - [TEST_STEP][PASSED] - Statement - reportgroup = "(//div[@class='ctable']/table/tbody/tr[@class='tdata clear'])[" + i + "]/td[7]": null

2018-06-14 17:32:43 - [TEST_STEP][PASSED] - Statement - reportgroupTxt = driver.findElement(org.openqa.selenium.By.xpath(reportgroup)).getText(): null

2018-06-14 17:32:43 - [TEST_STEP][PASSED] - Statement - If (reportgroupTxt == ""): null

2018-06-14 17:32:43 - [TEST_STEP][PASSED] - Statement - println("Report group does not have group name"): null

2018-06-14 17:32:43 - [TEST_STEP][PASSED] - Statement - reportgroup = "(//div[@class='ctable']/table/tbody/tr[@class='tdata clear'])[" + i + "]/td[7]": null

2018-06-14 17:32:43 - [TEST_STEP][PASSED] - Statement - reportgroupTxt = driver.findElement(org.openqa.selenium.By.xpath(reportgroup)).getText(): null

2018-06-14 17:32:43 - [TEST_STEP][PASSED] - Statement - If (reportgroupTxt == ""): null

2018-06-14 17:32:43 - [TEST_STEP][PASSED] - Statement - println("Report group does not have group name"): null

2018-06-14 17:32:43 - [TEST_STEP][PASSED] - Statement - reportgroup = "(//div[@class='ctable']/table/tbody/tr[@class='tdata clear'])[" + i + "]/td[7]": null

2018-06-14 17:32:43 - [TEST_STEP][PASSED] - Statement - reportgroupTxt = driver.findElement(org.openqa.selenium.By.xpath(reportgroup)).getText(): null

2018-06-14 17:32:43 - [TEST_STEP][PASSED] - Statement - If (reportgroupTxt == ""): null

2018-06-14 17:32:43 - [TEST_STEP][PASSED] - Statement - println("Report group does not have group name"): null

2018-06-14 17:32:43 - [TEST_STEP][PASSED] - Statement - reportgroup = "(//div[@class='ctable']/table/tbody/tr[@class='tdata clear'])[" + i + "]/td[7]": null

2018-06-14 17:32:43 - [TEST_STEP][PASSED] - Statement - reportgroupTxt = driver.findElement(org.openqa.selenium.By.xpath(reportgroup)).getText(): null

2018-06-14 17:32:43 - [TEST_STEP][PASSED] - Statement - If (reportgroupTxt == ""): null

2018-06-14 17:32:43 - [TEST_STEP][PASSED] - Statement - Else: null

2018-06-14 17:32:43 - [TEST_STEP][PASSED] - Statement - If (!(TCflag)): null

2018-06-14 17:32:43 - [TEST_STEP][PASSED] - Statement - reportgroup = "(//div[@class='ctable']/table/tbody/tr[@class='tdata clear'])[" + i + "]/td[7]": null

2018-06-14 17:32:43 - [TEST_STEP][PASSED] - Statement - reportgroupTxt = driver.findElement(org.openqa.selenium.By.xpath(reportgroup)).getText(): null

2018-06-14 17:32:43 - [TEST_STEP][PASSED] - Statement - If (reportgroupTxt == ""): null

2018-06-14 17:32:43 - [TEST_STEP][PASSED] - Statement - println("Report group does not have group name"): null

2018-06-14 17:32:43 - [TEST_STEP][PASSED] - Statement - reportgroup = "(//div[@class='ctable']/table/tbody/tr[@class='tdata clear'])[" + i + "]/td[7]": null

2018-06-14 17:32:43 - [TEST_STEP][PASSED] - Statement - reportgroupTxt = driver.findElement(org.openqa.selenium.By.xpath(reportgroup)).getText(): null

2018-06-14 17:32:43 - [TEST_STEP][PASSED] - Statement - If (reportgroupTxt == ""): null

2018-06-14 17:32:43 - [TEST_STEP][PASSED] - Statement - println("Report group does not have group name"): null

2018-06-14 17:32:43 - [TEST_STEP][PASSED] - Statement - reportgroup = "(//div[@class='ctable']/table/tbody/tr[@class='tdata clear'])[" + i + "]/td[7]": null

2018-06-14 17:32:43 - [TEST_STEP][PASSED] - Statement - reportgroupTxt = driver.findElement(org.openqa.selenium.By.xpath(reportgroup)).getText(): null

2018-06-14 17:32:43 - [TEST_STEP][PASSED] - Statement - If (reportgroupTxt == ""): null

2018-06-14 17:32:43 - [TEST_STEP][PASSED] - Statement - println("Report group does not have group name"): null

2018-06-14 17:32:43 - [TEST_STEP][PASSED] - Statement - reportgroup = "(//div[@class='ctable']/table/tbody/tr[@class='tdata clear'])[" + i + "]/td[7]": null

2018-06-14 17:32:43 - [TEST_STEP][PASSED] - Statement - reportgroupTxt = driver.findElement(org.openqa.selenium.By.xpath(reportgroup)).getText(): null

2018-06-14 17:32:43 - [TEST_STEP][PASSED] - Statement - If (reportgroupTxt == ""): null

2018-06-14 17:32:43 - [TEST_STEP][PASSED] - Statement - println("Report group does not have group name"): null

2018-06-14 17:32:43 - [TEST_STEP][PASSED] - Statement - reportgroup = "(//div[@class='ctable']/table/tbody/tr[@class='tdata clear'])[" + i + "]/td[7]": null

2018-06-14 17:32:43 - [TEST_STEP][PASSED] - Statement - reportgroupTxt = driver.findElement(org.openqa.selenium.By.xpath(reportgroup)).getText(): null

2018-06-14 17:32:43 - [TEST_STEP][PASSED] - Statement - If (reportgroupTxt == ""): null

2018-06-14 17:32:43 - [TEST_STEP][PASSED] - Statement - Else: null

2018-06-14 17:32:43 - [TEST_STEP][PASSED] - Statement - If (!(TCflag)): null

2018-06-14 17:32:43 - [TEST_STEP][PASSED] - Statement - reportgroup = "(//div[@class='ctable']/table/tbody/tr[@class='tdata clear'])[" + i + "]/td[7]": null

2018-06-14 17:32:43 - [TEST_STEP][PASSED] - Statement - reportgroupTxt = driver.findElement(org.openqa.selenium.By.xpath(reportgroup)).getText(): null

2018-06-14 17:32:43 - [TEST_STEP][PASSED] - Statement - If (reportgroupTxt == ""): null

2018-06-14 17:32:43 - [TEST_STEP][PASSED] - Statement - Else: null

2018-06-14 17:32:43 - [TEST_STEP][PASSED] - Statement - If (!(TCflag)): null

2018-06-14 17:32:43 - [TEST_STEP][PASSED] - Statement - reportgroup = "(//div[@class='ctable']/table/tbody/tr[@class='tdata clear'])[" + i + "]/td[7]": null

2018-06-14 17:32:43 - [TEST_STEP][PASSED] - Statement - reportgroupTxt = driver.findElement(org.openqa.selenium.By.xpath(reportgroup)).getText(): null

2018-06-14 17:32:43 - [TEST_STEP][PASSED] - Statement - If (reportgroupTxt == ""): null

2018-06-14 17:32:43 - [TEST_STEP][PASSED] - Statement - Else: null

2018-06-14 17:32:43 - [TEST_STEP][PASSED] - Statement - If (!(TCflag)): null

2018-06-14 17:32:43 - [TEST_STEP][PASSED] - Statement - reportgroup = "(//div[@class='ctable']/table/tbody/tr[@class='tdata clear'])[" + i + "]/td[7]": null

2018-06-14 17:32:43 - [TEST_STEP][PASSED] - Statement - reportgroupTxt = driver.findElement(org.openqa.selenium.By.xpath(reportgroup)).getText(): null

2018-06-14 17:32:43 - [TEST_STEP][PASSED] - Statement - If (reportgroupTxt == ""): null

2018-06-14 17:32:43 - [TEST_STEP][PASSED] - Statement - println("Report group does not have group name"): null

2018-06-14 17:32:43 - [TEST_STEP][PASSED] - Statement - reportgroup = "(//div[@class='ctable']/table/tbody/tr[@class='tdata clear'])[" + i + "]/td[7]": null

2018-06-14 17:32:43 - [TEST_STEP][PASSED] - Statement - reportgroupTxt = driver.findElement(org.openqa.selenium.By.xpath(reportgroup)).getText(): null

2018-06-14 17:32:43 - [TEST_STEP][PASSED] - Statement - If (reportgroupTxt == ""): null

2018-06-14 17:32:43 - [TEST_STEP][PASSED] - Statement - println("Report group does not have group name"): null

2018-06-14 17:32:43 - [TEST_STEP][PASSED] - Statement - reportgroup = "(//div[@class='ctable']/table/tbody/tr[@class='tdata clear'])[" + i + "]/td[7]": null

2018-06-14 17:32:43 - [TEST_STEP][PASSED] - Statement - reportgroupTxt = driver.findElement(org.openqa.selenium.By.xpath(reportgroup)).getText(): null

2018-06-14 17:32:43 - [TEST_STEP][PASSED] - Statement - If (reportgroupTxt == ""): null

2018-06-14 17:32:43 - [TEST_STEP][PASSED] - Statement - println("Report group does not have group name"): null

2018-06-14 17:32:43 - [TEST_STEP][PASSED] - Statement - reportgroup = "(//div[@class='ctable']/table/tbody/tr[@class='tdata clear'])[" + i + "]/td[7]": null

2018-06-14 17:32:43 - [TEST_STEP][PASSED] - Statement - reportgroupTxt = driver.findElement(org.openqa.selenium.By.xpath(reportgroup)).getText(): null

2018-06-14 17:32:43 - [TEST_STEP][PASSED] - Statement - If (reportgroupTxt == ""): null

2018-06-14 17:32:43 - [TEST_STEP][PASSED] - Statement - println("Report group does not have group name"): null

2018-06-14 17:32:43 - [TEST_STEP][PASSED] - Statement - reportgroup = "(//div[@class='ctable']/table/tbody/tr[@class='tdata clear'])[" + i + "]/td[7]": null

2018-06-14 17:32:43 - [TEST_STEP][PASSED] - Statement - reportgroupTxt = driver.findElement(org.openqa.selenium.By.xpath(reportgroup)).getText(): null

2018-06-14 17:32:43 - [TEST_STEP][PASSED] - Statement - If (reportgroupTxt == ""): null

2018-06-14 17:32:43 - [TEST_STEP][PASSED] - Statement - println("Report group does not have group name"): null

2018-06-14 17:32:43 - [TEST_STEP][PASSED] - Statement - reportgroup = "(//div[@class='ctable']/table/tbody/tr[@class='tdata clear'])[" + i + "]/td[7]": null

2018-06-14 17:32:43 - [TEST_STEP][PASSED] - Statement - reportgroupTxt = driver.findElement(org.openqa.selenium.By.xpath(reportgroup)).getText(): null

2018-06-14 17:32:43 - [TEST_STEP][PASSED] - Statement - If (reportgroupTxt == ""): null

2018-06-14 17:32:43 - [TEST_STEP][PASSED] - Statement - println("Report group does not have group name"): null

2018-06-14 17:32:43 - [TEST_STEP][PASSED] - Statement - reportgroup = "(//div[@class='ctable']/table/tbody/tr[@class='tdata clear'])[" + i + "]/td[7]": null

2018-06-14 17:32:43 - [TEST_STEP][PASSED] - Statement - reportgroupTxt = driver.findElement(org.openqa.selenium.By.xpath(reportgroup)).getText(): null

2018-06-14 17:32:43 - [TEST_STEP][PASSED] - Statement - If (reportgroupTxt == ""): null

2018-06-14 17:32:43 - [TEST_STEP][PASSED] - Statement - println("Report group does not have group name"): null

2018-06-14 17:32:43 - [TEST_STEP][PASSED] - Statement - reportgroup = "(//div[@class='ctable']/table/tbody/tr[@class='tdata clear'])[" + i + "]/td[7]": null

2018-06-14 17:32:43 - [TEST_STEP][PASSED] - Statement - reportgroupTxt = driver.findElement(org.openqa.selenium.By.xpath(reportgroup)).getText(): null

2018-06-14 17:32:43 - [TEST_STEP][PASSED] - Statement - If (reportgroupTxt == ""): null

2018-06-14 17:32:43 - [TEST_STEP][PASSED] - Statement - println("Report group does not have group name"): null

2018-06-14 17:32:43 - [TEST_STEP][PASSED] - Statement - reportgroup = "(//div[@class='ctable']/table/tbody/tr[@class='tdata clear'])[" + i + "]/td[7]": null

2018-06-14 17:32:43 - [TEST_STEP][PASSED] - Statement - reportgroupTxt = driver.findElement(org.openqa.selenium.By.xpath(reportgroup)).getText(): null

2018-06-14 17:32:43 - [TEST_STEP][PASSED] - Statement - If (reportgroupTxt == ""): null

2018-06-14 17:32:43 - [TEST_STEP][PASSED] - Statement - Else: null

2018-06-14 17:32:43 - [TEST_STEP][PASSED] - Statement - If (!(TCflag)): null

2018-06-14 17:32:43 - [TEST_STEP][PASSED] - Statement - reportgroup = "(//div[@class='ctable']/table/tbody/tr[@class='tdata clear'])[" + i + "]/td[7]": null

2018-06-14 17:32:43 - [TEST_STEP][PASSED] - Statement - reportgroupTxt = driver.findElement(org.openqa.selenium.By.xpath(reportgroup)).getText(): null

2018-06-14 17:32:43 - [TEST_STEP][PASSED] - Statement - If (reportgroupTxt == ""): null

2018-06-14 17:32:43 - [TEST_STEP][PASSED] - Statement - println("Report group does not have group name"): null

2018-06-14 17:32:43 - [TEST_STEP][PASSED] - Statement - reportgroup = "(//div[@class='ctable']/table/tbody/tr[@class='tdata clear'])[" + i + "]/td[7]": null

2018-06-14 17:32:43 - [TEST_STEP][PASSED] - Statement - reportgroupTxt = driver.findElement(org.openqa.selenium.By.xpath(reportgroup)).getText(): null

2018-06-14 17:32:43 - [TEST_STEP][PASSED] - Statement - If (reportgroupTxt == ""): null

2018-06-14 17:32:43 - [TEST_STEP][PASSED] - Statement - println("Report group does not have group name"): null

2018-06-14 17:32:43 - [TEST_STEP][PASSED] - Statement - reportgroup = "(//div[@class='ctable']/table/tbody/tr[@class='tdata clear'])[" + i + "]/td[7]": null

2018-06-14 17:32:43 - [TEST_STEP][PASSED] - Statement - reportgroupTxt = driver.findElement(org.openqa.selenium.By.xpath(reportgroup)).getText(): null

2018-06-14 17:32:43 - [TEST_STEP][PASSED] - Statement - If (reportgroupTxt == ""): null

2018-06-14 17:32:43 - [TEST_STEP][PASSED] - Statement - println("Report group does not have group name"): null

2018-06-14 17:32:43 - [TEST_STEP][PASSED] - Statement - reportgroup = "(//div[@class='ctable']/table/tbody/tr[@class='tdata clear'])[" + i + "]/td[7]": null

2018-06-14 17:32:43 - [TEST_STEP][PASSED] - Statement - reportgroupTxt = driver.findElement(org.openqa.selenium.By.xpath(reportgroup)).getText(): null

2018-06-14 17:32:44 - [TEST_STEP][PASSED] - Statement - If (reportgroupTxt == ""): null

2018-06-14 17:32:44 - [TEST_STEP][PASSED] - Statement - println("Report group does not have group name"): null

2018-06-14 17:32:44 - [TEST_STEP][PASSED] - Statement - reportgroup = "(//div[@class='ctable']/table/tbody/tr[@class='tdata clear'])[" + i + "]/td[7]": null

2018-06-14 17:32:44 - [TEST_STEP][PASSED] - Statement - reportgroupTxt = driver.findElement(org.openqa.selenium.By.xpath(reportgroup)).getText(): null

2018-06-14 17:32:44 - [TEST_STEP][PASSED] - Statement - If (reportgroupTxt == ""): null

2018-06-14 17:32:44 - [TEST_STEP][PASSED] - Statement - println("Report group does not have group name"): null

2018-06-14 17:32:44 - [TEST_STEP][PASSED] - Statement - reportgroup = "(//div[@class='ctable']/table/tbody/tr[@class='tdata clear'])[" + i + "]/td[7]": null

2018-06-14 17:32:44 - [TEST_STEP][PASSED] - Statement - reportgroupTxt = driver.findElement(org.openqa.selenium.By.xpath(reportgroup)).getText(): null

2018-06-14 17:32:44 - [TEST_STEP][PASSED] - Statement - If (reportgroupTxt == ""): null

2018-06-14 17:32:44 - [TEST_STEP][PASSED] - Statement - println("Report group does not have group name"): null

2018-06-14 17:32:44 - [TEST_STEP][PASSED] - Statement - reportgroup = "(//div[@class='ctable']/table/tbody/tr[@class='tdata clear'])[" + i + "]/td[7]": null

2018-06-14 17:32:44 - [TEST_STEP][PASSED] - Statement - reportgroupTxt = driver.findElement(org.openqa.selenium.By.xpath(reportgroup)).getText(): null

2018-06-14 17:32:44 - [TEST_STEP][PASSED] - Statement - If (reportgroupTxt == ""): null

2018-06-14 17:32:44 - [TEST_STEP][PASSED] - Statement - println("Report group does not have group name"): null

2018-06-14 17:32:44 - [TEST_STEP][PASSED] - Statement - reportgroup = "(//div[@class='ctable']/table/tbody/tr[@class='tdata clear'])[" + i + "]/td[7]": null

2018-06-14 17:32:44 - [TEST_STEP][PASSED] - Statement - reportgroupTxt = driver.findElement(org.openqa.selenium.By.xpath(reportgroup)).getText(): null

2018-06-14 17:32:44 - [TEST_STEP][PASSED] - Statement - If (reportgroupTxt == ""): null

2018-06-14 17:32:44 - [TEST_STEP][PASSED] - Statement - Else: null

2018-06-14 17:32:44 - [TEST_STEP][PASSED] - Statement - If (!(TCflag)): null

2018-06-14 17:32:44 - [TEST_STEP][PASSED] - Statement - reportgroup = "(//div[@class='ctable']/table/tbody/tr[@class='tdata clear'])[" + i + "]/td[7]": null

2018-06-14 17:32:44 - [TEST_STEP][PASSED] - Statement - reportgroupTxt = driver.findElement(org.openqa.selenium.By.xpath(reportgroup)).getText(): null

2018-06-14 17:32:44 - [TEST_STEP][PASSED] - Statement - If (reportgroupTxt == ""): null

2018-06-14 17:32:44 - [TEST_STEP][PASSED] - Statement - println("Report group does not have group name"): null

2018-06-14 17:32:44 - [TEST_STEP][PASSED] - Statement - reportgroup = "(//div[@class='ctable']/table/tbody/tr[@class='tdata clear'])[" + i + "]/td[7]": null

2018-06-14 17:32:44 - [TEST_STEP][PASSED] - Statement - reportgroupTxt = driver.findElement(org.openqa.selenium.By.xpath(reportgroup)).getText(): null

2018-06-14 17:32:44 - [TEST_STEP][PASSED] - Statement - If (reportgroupTxt == ""): null

2018-06-14 17:32:44 - [TEST_STEP][PASSED] - Statement - println("Report group does not have group name"): null

2018-06-14 17:32:44 - [TEST_STEP][PASSED] - Statement - reportgroup = "(//div[@class='ctable']/table/tbody/tr[@class='tdata clear'])[" + i + "]/td[7]": null

2018-06-14 17:32:44 - [TEST_STEP][PASSED] - Statement - reportgroupTxt = driver.findElement(org.openqa.selenium.By.xpath(reportgroup)).getText(): null

2018-06-14 17:32:44 - [TEST_STEP][PASSED] - Statement - If (reportgroupTxt == ""): null

2018-06-14 17:32:44 - [TEST_STEP][PASSED] - Statement - Else: null

2018-06-14 17:32:44 - [TEST_STEP][PASSED] - Statement - If (!(TCflag)): null

2018-06-14 17:32:44 - [TEST_STEP][PASSED] - Statement - reportgroup = "(//div[@class='ctable']/table/tbody/tr[@class='tdata clear'])[" + i + "]/td[7]": null

2018-06-14 17:32:44 - [TEST_STEP][PASSED] - Statement - reportgroupTxt = driver.findElement(org.openqa.selenium.By.xpath(reportgroup)).getText(): null

2018-06-14 17:32:44 - [TEST_STEP][PASSED] - Statement - If (reportgroupTxt == ""): null

2018-06-14 17:32:44 - [TEST_STEP][PASSED] - Statement - println("Report group does not have group name"): null

2018-06-14 17:32:44 - [TEST_STEP][PASSED] - Statement - reportgroup = "(//div[@class='ctable']/table/tbody/tr[@class='tdata clear'])[" + i + "]/td[7]": null

2018-06-14 17:32:44 - [TEST_STEP][PASSED] - Statement - reportgroupTxt = driver.findElement(org.openqa.selenium.By.xpath(reportgroup)).getText(): null

2018-06-14 17:32:44 - [TEST_STEP][PASSED] - Statement - If (reportgroupTxt == ""): null

2018-06-14 17:32:44 - [TEST_STEP][PASSED] - Statement - println("Report group does not have group name"): null

2018-06-14 17:32:44 - [TEST_STEP][PASSED] - Statement - reportgroup = "(//div[@class='ctable']/table/tbody/tr[@class='tdata clear'])[" + i + "]/td[7]": null

2018-06-14 17:32:44 - [TEST_STEP][PASSED] - Statement - reportgroupTxt = driver.findElement(org.openqa.selenium.By.xpath(reportgroup)).getText(): null

2018-06-14 17:32:44 - [TEST_STEP][PASSED] - Statement - If (reportgroupTxt == ""): null

2018-06-14 17:32:44 - [TEST_STEP][PASSED] - Statement - println("Report group does not have group name"): null

2018-06-14 17:32:44 - [TEST_STEP][PASSED] - Statement - reportgroup = "(//div[@class='ctable']/table/tbody/tr[@class='tdata clear'])[" + i + "]/td[7]": null

2018-06-14 17:32:44 - [TEST_STEP][PASSED] - Statement - reportgroupTxt = driver.findElement(org.openqa.selenium.By.xpath(reportgroup)).getText(): null

2018-06-14 17:32:44 - [TEST_STEP][PASSED] - Statement - If (reportgroupTxt == ""): null

2018-06-14 17:32:44 - [TEST_STEP][PASSED] - Statement - println("Report group does not have group name"): null

2018-06-14 17:32:44 - [TEST_STEP][PASSED] - Statement - reportgroup = "(//div[@class='ctable']/table/tbody/tr[@class='tdata clear'])[" + i + "]/td[7]": null

2018-06-14 17:32:44 - [TEST_STEP][PASSED] - Statement - reportgroupTxt = driver.findElement(org.openqa.selenium.By.xpath(reportgroup)).getText(): null

2018-06-14 17:32:44 - [TEST_STEP][PASSED] - Statement - If (reportgroupTxt == ""): null

2018-06-14 17:32:44 - [TEST_STEP][PASSED] - Statement - println("Report group does not have group name"): null

2018-06-14 17:32:44 - [TEST_STEP][PASSED] - Statement - reportgroup = "(//div[@class='ctable']/table/tbody/tr[@class='tdata clear'])[" + i + "]/td[7]": null

2018-06-14 17:32:44 - [TEST_STEP][PASSED] - Statement - reportgroupTxt = driver.findElement(org.openqa.selenium.By.xpath(reportgroup)).getText(): null

2018-06-14 17:32:44 - [TEST_STEP][PASSED] - Statement - If (reportgroupTxt == ""): null

2018-06-14 17:32:44 - [TEST_STEP][PASSED] - Statement - Else: null

2018-06-14 17:32:44 - [TEST_STEP][PASSED] - Statement - If (!(TCflag)): null

2018-06-14 17:32:44 - [TEST_STEP][PASSED] - Statement - reportgroup = "(//div[@class='ctable']/table/tbody/tr[@class='tdata clear'])[" + i + "]/td[7]": null

2018-06-14 17:32:44 - [TEST_STEP][PASSED] - Statement - reportgroupTxt = driver.findElement(org.openqa.selenium.By.xpath(reportgroup)).getText(): null

2018-06-14 17:32:44 - [TEST_STEP][PASSED] - Statement - If (reportgroupTxt == ""): null

2018-06-14 17:32:44 - [TEST_STEP][PASSED] - Statement - println("Report group does not have group name"): null

2018-06-14 17:32:44 - [TEST_STEP][PASSED] - Statement - reportgroup = "(//div[@class='ctable']/table/tbody/tr[@class='tdata clear'])[" + i + "]/td[7]": null

2018-06-14 17:32:44 - [TEST_STEP][PASSED] - Statement - reportgroupTxt = driver.findElement(org.openqa.selenium.By.xpath(reportgroup)).getText(): null

2018-06-14 17:32:44 - [TEST_STEP][PASSED] - Statement - If (reportgroupTxt == ""): null

2018-06-14 17:32:44 - [TEST_STEP][PASSED] - Statement - println("Report group does not have group name"): null

2018-06-14 17:32:44 - [TEST_STEP][PASSED] - Statement - reportgroup = "(//div[@class='ctable']/table/tbody/tr[@class='tdata clear'])[" + i + "]/td[7]": null

2018-06-14 17:32:44 - [TEST_STEP][PASSED] - Statement - reportgroupTxt = driver.findElement(org.openqa.selenium.By.xpath(reportgroup)).getText(): null

2018-06-14 17:32:44 - [TEST_STEP][PASSED] - Statement - If (reportgroupTxt == ""): null

2018-06-14 17:32:44 - [TEST_STEP][PASSED] - Statement - Else: null

2018-06-14 17:32:44 - [TEST_STEP][PASSED] - Statement - If (!(TCflag)): null

2018-06-14 17:32:44 - [TEST_STEP][PASSED] - Statement - reportgroup = "(//div[@class='ctable']/table/tbody/tr[@class='tdata clear'])[" + i + "]/td[7]": null

2018-06-14 17:32:44 - [TEST_STEP][PASSED] - Statement - reportgroupTxt = driver.findElement(org.openqa.selenium.By.xpath(reportgroup)).getText(): null

2018-06-14 17:32:44 - [TEST_STEP][PASSED] - Statement - If (reportgroupTxt == ""): null

2018-06-14 17:32:44 - [TEST_STEP][PASSED] - Statement - println("Report group does not have group name"): null

2018-06-14 17:32:44 - [TEST_STEP][PASSED] - Statement - reportgroup = "(//div[@class='ctable']/table/tbody/tr[@class='tdata clear'])[" + i + "]/td[7]": null

2018-06-14 17:32:44 - [TEST_STEP][PASSED] - Statement - reportgroupTxt = driver.findElement(org.openqa.selenium.By.xpath(reportgroup)).getText(): null

2018-06-14 17:32:44 - [TEST_STEP][PASSED] - Statement - If (reportgroupTxt == ""): null

2018-06-14 17:32:44 - [TEST_STEP][PASSED] - Statement - Else: null

2018-06-14 17:32:44 - [TEST_STEP][PASSED] - Statement - If (!(TCflag)): null

2018-06-14 17:32:44 - [TEST_STEP][PASSED] - Statement - reportgroup = "(//div[@class='ctable']/table/tbody/tr[@class='tdata clear'])[" + i + "]/td[7]": null

2018-06-14 17:32:44 - [TEST_STEP][PASSED] - Statement - reportgroupTxt = driver.findElement(org.openqa.selenium.By.xpath(reportgroup)).getText(): null

2018-06-14 17:32:44 - [TEST_STEP][PASSED] - Statement - If (reportgroupTxt == ""): null

2018-06-14 17:32:44 - [TEST_STEP][PASSED] - Statement - println("Report group does not have group name"): null

2018-06-14 17:32:44 - [TEST_STEP][PASSED] - Statement - reportgroup = "(//div[@class='ctable']/table/tbody/tr[@class='tdata clear'])[" + i + "]/td[7]": null

2018-06-14 17:32:44 - [TEST_STEP][PASSED] - Statement - reportgroupTxt = driver.findElement(org.openqa.selenium.By.xpath(reportgroup)).getText(): null

2018-06-14 17:32:44 - [TEST_STEP][PASSED] - Statement - If (reportgroupTxt == ""): null

2018-06-14 17:32:44 - [TEST_STEP][PASSED] - Statement - println("Report group does not have group name"): null

2018-06-14 17:32:44 - [TEST_STEP][PASSED] - Statement - reportgroup = "(//div[@class='ctable']/table/tbody/tr[@class='tdata clear'])[" + i + "]/td[7]": null

2018-06-14 17:32:44 - [TEST_STEP][PASSED] - Statement - reportgroupTxt = driver.findElement(org.openqa.selenium.By.xpath(reportgroup)).getText(): null

2018-06-14 17:32:44 - [TEST_STEP][PASSED] - Statement - If (reportgroupTxt == ""): null

2018-06-14 17:32:44 - [TEST_STEP][PASSED] - Statement - println("Report group does not have group name"): null

2018-06-14 17:32:44 - [TEST_STEP][PASSED] - Statement - reportgroup = "(//div[@class='ctable']/table/tbody/tr[@class='tdata clear'])[" + i + "]/td[7]": null

2018-06-14 17:32:44 - [TEST_STEP][PASSED] - Statement - reportgroupTxt = driver.findElement(org.openqa.selenium.By.xpath(reportgroup)).getText(): null

2018-06-14 17:32:44 - [TEST_STEP][PASSED] - Statement - If (reportgroupTxt == ""): null

2018-06-14 17:32:44 - [TEST_STEP][PASSED] - Statement - Else: null

2018-06-14 17:32:44 - [TEST_STEP][PASSED] - Statement - If (!(TCflag)): null

2018-06-14 17:32:44 - [TEST_STEP][PASSED] - Statement - reportgroup = "(//div[@class='ctable']/table/tbody/tr[@class='tdata clear'])[" + i + "]/td[7]": null

2018-06-14 17:32:44 - [TEST_STEP][PASSED] - Statement - reportgroupTxt = driver.findElement(org.openqa.selenium.By.xpath(reportgroup)).getText(): null

2018-06-14 17:32:44 - [TEST_STEP][PASSED] - Statement - If (reportgroupTxt == ""): null

2018-06-14 17:32:44 - [TEST_STEP][PASSED] - Statement - println("Report group does not have group name"): null

2018-06-14 17:32:44 - [TEST_STEP][PASSED] - Statement - reportgroup = "(//div[@class='ctable']/table/tbody/tr[@class='tdata clear'])[" + i + "]/td[7]": null

2018-06-14 17:32:44 - [TEST_STEP][PASSED] - Statement - reportgroupTxt = driver.findElement(org.openqa.selenium.By.xpath(reportgroup)).getText(): null

2018-06-14 17:32:44 - [TEST_STEP][PASSED] - Statement - If (reportgroupTxt == ""): null

2018-06-14 17:32:44 - [TEST_STEP][PASSED] - Statement - println("Report group does not have group name"): null

2018-06-14 17:32:44 - [TEST_STEP][PASSED] - Statement - reportgroup = "(//div[@class='ctable']/table/tbody/tr[@class='tdata clear'])[" + i + "]/td[7]": null

2018-06-14 17:32:44 - [TEST_STEP][PASSED] - Statement - reportgroupTxt = driver.findElement(org.openqa.selenium.By.xpath(reportgroup)).getText(): null

2018-06-14 17:32:44 - [TEST_STEP][PASSED] - Statement - If (reportgroupTxt == ""): null

2018-06-14 17:32:44 - [TEST_STEP][PASSED] - Statement - println("Report group does not have group name"): null

2018-06-14 17:32:44 - [TEST_STEP][PASSED] - Statement - reportgroup = "(//div[@class='ctable']/table/tbody/tr[@class='tdata clear'])[" + i + "]/td[7]": null

2018-06-14 17:32:44 - [TEST_STEP][PASSED] - Statement - reportgroupTxt = driver.findElement(org.openqa.selenium.By.xpath(reportgroup)).getText(): null

2018-06-14 17:32:44 - [TEST_STEP][PASSED] - Statement - If (reportgroupTxt == ""): null

2018-06-14 17:32:44 - [TEST_STEP][PASSED] - Statement - println("Report group does not have group name"): null

2018-06-14 17:32:44 - [TEST_STEP][PASSED] - Statement - reportgroup = "(//div[@class='ctable']/table/tbody/tr[@class='tdata clear'])[" + i + "]/td[7]": null

2018-06-14 17:32:44 - [TEST_STEP][PASSED] - Statement - reportgroupTxt = driver.findElement(org.openqa.selenium.By.xpath(reportgroup)).getText(): null

2018-06-14 17:32:44 - [TEST_STEP][PASSED] - Statement - If (reportgroupTxt == ""): null

2018-06-14 17:32:44 - [TEST_STEP][PASSED] - Statement - println("Report group does not have group name"): null

2018-06-14 17:32:44 - [TEST_STEP][PASSED] - Statement - reportgroup = "(//div[@class='ctable']/table/tbody/tr[@class='tdata clear'])[" + i + "]/td[7]": null

2018-06-14 17:32:44 - [TEST_STEP][PASSED] - Statement - reportgroupTxt = driver.findElement(org.openqa.selenium.By.xpath(reportgroup)).getText(): null

2018-06-14 17:32:44 - [TEST_STEP][PASSED] - Statement - If (reportgroupTxt == ""): null

2018-06-14 17:32:44 - [TEST_STEP][PASSED] - Statement - println("Report group does not have group name"): null

2018-06-14 17:32:44 - [TEST_STEP][PASSED] - Statement - reportgroup = "(//div[@class='ctable']/table/tbody/tr[@class='tdata clear'])[" + i + "]/td[7]": null

2018-06-14 17:32:44 - [TEST_STEP][PASSED] - Statement - reportgroupTxt = driver.findElement(org.openqa.selenium.By.xpath(reportgroup)).getText(): null

2018-06-14 17:32:44 - [TEST_STEP][PASSED] - Statement - If (reportgroupTxt == ""): null

2018-06-14 17:32:44 - [TEST_STEP][PASSED] - Statement - println("Report group does not have group name"): null

2018-06-14 17:32:44 - [TEST_STEP][PASSED] - Statement - reportgroup = "(//div[@class='ctable']/table/tbody/tr[@class='tdata clear'])[" + i + "]/td[7]": null

2018-06-14 17:32:44 - [TEST_STEP][PASSED] - Statement - reportgroupTxt = driver.findElement(org.openqa.selenium.By.xpath(reportgroup)).getText(): null

2018-06-14 17:32:44 - [TEST_STEP][PASSED] - Statement - If (reportgroupTxt == ""): null

2018-06-14 17:32:44 - [TEST_STEP][PASSED] - Statement - println("Report group does not have group name"): null

2018-06-14 17:32:44 - [TEST_STEP][PASSED] - Statement - reportgroup = "(//div[@class='ctable']/table/tbody/tr[@class='tdata clear'])[" + i + "]/td[7]": null

2018-06-14 17:32:44 - [TEST_STEP][PASSED] - Statement - reportgroupTxt = driver.findElement(org.openqa.selenium.By.xpath(reportgroup)).getText(): null

2018-06-14 17:32:44 - [TEST_STEP][PASSED] - Statement - If (reportgroupTxt == ""): null

2018-06-14 17:32:44 - [TEST_STEP][PASSED] - Statement - println("Report group does not have group name"): null

2018-06-14 17:32:44 - [TEST_STEP][PASSED] - Statement - reportgroup = "(//div[@class='ctable']/table/tbody/tr[@class='tdata clear'])[" + i + "]/td[7]": null

2018-06-14 17:32:44 - [TEST_STEP][PASSED] - Statement - reportgroupTxt = driver.findElement(org.openqa.selenium.By.xpath(reportgroup)).getText(): null

2018-06-14 17:32:44 - [TEST_STEP][PASSED] - Statement - If (reportgroupTxt == ""): null

2018-06-14 17:32:44 - [TEST_STEP][PASSED] - Statement - println("Report group does not have group name"): null

2018-06-14 17:32:44 - [TEST_STEP][PASSED] - Statement - reportgroup = "(//div[@class='ctable']/table/tbody/tr[@class='tdata clear'])[" + i + "]/td[7]": null

2018-06-14 17:32:44 - [TEST_STEP][PASSED] - Statement - reportgroupTxt = driver.findElement(org.openqa.selenium.By.xpath(reportgroup)).getText(): null

2018-06-14 17:32:44 - [TEST_STEP][PASSED] - Statement - If (reportgroupTxt == ""): null

2018-06-14 17:32:44 - [TEST_STEP][PASSED] - Statement - println("Report group does not have group name"): null

2018-06-14 17:32:44 - [TEST_STEP][PASSED] - Statement - reportgroup = "(//div[@class='ctable']/table/tbody/tr[@class='tdata clear'])[" + i + "]/td[7]": null

2018-06-14 17:32:44 - [TEST_STEP][PASSED] - Statement - reportgroupTxt = driver.findElement(org.openqa.selenium.By.xpath(reportgroup)).getText(): null

2018-06-14 17:32:44 - [TEST_STEP][PASSED] - Statement - If (reportgroupTxt == ""): null

2018-06-14 17:32:44 - [TEST_STEP][PASSED] - Statement - println("Report group does not have group name"): null

2018-06-14 17:32:44 - [TEST_STEP][PASSED] - Statement - reportgroup = "(//div[@class='ctable']/table/tbody/tr[@class='tdata clear'])[" + i + "]/td[7]": null

2018-06-14 17:32:44 - [TEST_STEP][PASSED] - Statement - reportgroupTxt = driver.findElement(org.openqa.selenium.By.xpath(reportgroup)).getText(): null

2018-06-14 17:32:45 - [TEST_STEP][PASSED] - Statement - If (reportgroupTxt == ""): null

2018-06-14 17:32:45 - [TEST_STEP][PASSED] - Statement - println("Report group does not have group name"): null

2018-06-14 17:32:45 - [TEST_STEP][PASSED] - Statement - reportgroup = "(//div[@class='ctable']/table/tbody/tr[@class='tdata clear'])[" + i + "]/td[7]": null

2018-06-14 17:32:45 - [TEST_STEP][PASSED] - Statement - reportgroupTxt = driver.findElement(org.openqa.selenium.By.xpath(reportgroup)).getText(): null

2018-06-14 17:32:45 - [TEST_STEP][PASSED] - Statement - If (reportgroupTxt == ""): null

2018-06-14 17:32:45 - [TEST_STEP][PASSED] - Statement - println("Report group does not have group name"): null

2018-06-14 17:32:45 - [TEST_STEP][PASSED] - Statement - reportgroup = "(//div[@class='ctable']/table/tbody/tr[@class='tdata clear'])[" + i + "]/td[7]": null

2018-06-14 17:32:45 - [TEST_STEP][PASSED] - Statement - reportgroupTxt = driver.findElement(org.openqa.selenium.By.xpath(reportgroup)).getText(): null

2018-06-14 17:32:45 - [TEST_STEP][PASSED] - Statement - If (reportgroupTxt == ""): null

2018-06-14 17:32:45 - [TEST_STEP][PASSED] - Statement - println("Report group does not have group name"): null

2018-06-14 17:32:45 - [TEST_STEP][PASSED] - Statement - reportgroup = "(//div[@class='ctable']/table/tbody/tr[@class='tdata clear'])[" + i + "]/td[7]": null

2018-06-14 17:32:45 - [TEST_STEP][PASSED] - Statement - reportgroupTxt = driver.findElement(org.openqa.selenium.By.xpath(reportgroup)).getText(): null

2018-06-14 17:32:45 - [TEST_STEP][PASSED] - Statement - If (reportgroupTxt == ""): null

2018-06-14 17:32:45 - [TEST_STEP][PASSED] - Statement - println("Report group does not have group name"): null

2018-06-14 17:32:45 - [TEST_STEP][PASSED] - Statement - reportgroup = "(//div[@class='ctable']/table/tbody/tr[@class='tdata clear'])[" + i + "]/td[7]": null

2018-06-14 17:32:45 - [TEST_STEP][PASSED] - Statement - reportgroupTxt = driver.findElement(org.openqa.selenium.By.xpath(reportgroup)).getText(): null

2018-06-14 17:32:45 - [TEST_STEP][PASSED] - Statement - If (reportgroupTxt == ""): null

2018-06-14 17:32:45 - [TEST_STEP][PASSED] - Statement - println("Report group does not have group name"): null

2018-06-14 17:32:45 - [TEST_STEP][PASSED] - Statement - reportgroup = "(//div[@class='ctable']/table/tbody/tr[@class='tdata clear'])[" + i + "]/td[7]": null

2018-06-14 17:32:45 - [TEST_STEP][PASSED] - Statement - reportgroupTxt = driver.findElement(org.openqa.selenium.By.xpath(reportgroup)).getText(): null

2018-06-14 17:32:45 - [TEST_STEP][PASSED] - Statement - If (reportgroupTxt == ""): null

2018-06-14 17:32:45 - [TEST_STEP][PASSED] - Statement - println("Report group does not have group name"): null

2018-06-14 17:32:45 - [TEST_STEP][PASSED] - Statement - reportgroup = "(//div[@class='ctable']/table/tbody/tr[@class='tdata clear'])[" + i + "]/td[7]": null

2018-06-14 17:32:45 - [TEST_STEP][PASSED] - Statement - reportgroupTxt = driver.findElement(org.openqa.selenium.By.xpath(reportgroup)).getText(): null

2018-06-14 17:32:45 - [TEST_STEP][PASSED] - Statement - If (reportgroupTxt == ""): null

2018-06-14 17:32:45 - [TEST_STEP][PASSED] - Statement - println("Report group does not have group name"): null

2018-06-14 17:32:45 - [TEST_STEP][PASSED] - Statement - reportgroup = "(//div[@class='ctable']/table/tbody/tr[@class='tdata clear'])[" + i + "]/td[7]": null

2018-06-14 17:32:45 - [TEST_STEP][PASSED] - Statement - reportgroupTxt = driver.findElement(org.openqa.selenium.By.xpath(reportgroup)).getText(): null

2018-06-14 17:32:45 - [TEST_STEP][PASSED] - Statement - If (reportgroupTxt == ""): null

2018-06-14 17:32:45 - [TEST_STEP][PASSED] - Statement - println("Report group does not have group name"): null

2018-06-14 17:32:45 - [TEST_STEP][PASSED] - Statement - reportgroup = "(//div[@class='ctable']/table/tbody/tr[@class='tdata clear'])[" + i + "]/td[7]": null

2018-06-14 17:32:45 - [TEST_STEP][PASSED] - Statement - reportgroupTxt = driver.findElement(org.openqa.selenium.By.xpath(reportgroup)).getText(): null

2018-06-14 17:32:45 - [TEST_STEP][PASSED] - Statement - If (reportgroupTxt == ""): null

2018-06-14 17:32:45 - [TEST_STEP][PASSED] - Statement - Else: null

2018-06-14 17:32:45 - [TEST_STEP][PASSED] - Statement - If (!(TCflag)): null

2018-06-14 17:32:45 - [TEST_STEP][PASSED] - Statement - reportgroup = "(//div[@class='ctable']/table/tbody/tr[@class='tdata clear'])[" + i + "]/td[7]": null

2018-06-14 17:32:45 - [TEST_STEP][PASSED] - Statement - reportgroupTxt = driver.findElement(org.openqa.selenium.By.xpath(reportgroup)).getText(): null

2018-06-14 17:32:45 - [TEST_STEP][PASSED] - Statement - If (reportgroupTxt == ""): null

2018-06-14 17:32:45 - [TEST_STEP][PASSED] - Statement - println("Report group does not have group name"): null

2018-06-14 17:32:45 - [TEST_STEP][PASSED] - Statement - reportgroup = "(//div[@class='ctable']/table/tbody/tr[@class='tdata clear'])[" + i + "]/td[7]": null

2018-06-14 17:32:45 - [TEST_STEP][PASSED] - Statement - reportgroupTxt = driver.findElement(org.openqa.selenium.By.xpath(reportgroup)).getText(): null

2018-06-14 17:32:45 - [TEST_STEP][PASSED] - Statement - If (reportgroupTxt == ""): null

2018-06-14 17:32:45 - [TEST_STEP][PASSED] - Statement - Else: null

2018-06-14 17:32:45 - [TEST_STEP][PASSED] - Statement - If (!(TCflag)): null

2018-06-14 17:32:45 - [TEST_STEP][PASSED] - Statement - reportgroup = "(//div[@class='ctable']/table/tbody/tr[@class='tdata clear'])[" + i + "]/td[7]": null

2018-06-14 17:32:45 - [TEST_STEP][PASSED] - Statement - reportgroupTxt = driver.findElement(org.openqa.selenium.By.xpath(reportgroup)).getText(): null

2018-06-14 17:32:45 - [TEST_STEP][PASSED] - Statement - If (reportgroupTxt == ""): null

2018-06-14 17:32:45 - [TEST_STEP][PASSED] - Statement - println("Report group does not have group name"): null

2018-06-14 17:32:45 - [TEST_STEP][PASSED] - Statement - reportgroup = "(//div[@class='ctable']/table/tbody/tr[@class='tdata clear'])[" + i + "]/td[7]": null

2018-06-14 17:32:45 - [TEST_STEP][PASSED] - Statement - reportgroupTxt = driver.findElement(org.openqa.selenium.By.xpath(reportgroup)).getText(): null

2018-06-14 17:32:45 - [TEST_STEP][PASSED] - Statement - If (reportgroupTxt == ""): null

2018-06-14 17:32:45 - [TEST_STEP][PASSED] - Statement - println("Report group does not have group name"): null

2018-06-14 17:32:45 - [TEST_STEP][PASSED] - Statement - reportgroup = "(//div[@class='ctable']/table/tbody/tr[@class='tdata clear'])[" + i + "]/td[7]": null

2018-06-14 17:32:45 - [TEST_STEP][PASSED] - Statement - reportgroupTxt = driver.findElement(org.openqa.selenium.By.xpath(reportgroup)).getText(): null

2018-06-14 17:32:45 - [TEST_STEP][PASSED] - Statement - If (reportgroupTxt == ""): null

2018-06-14 17:32:45 - [TEST_STEP][PASSED] - Statement - println("Report group does not have group name"): null

2018-06-14 17:32:45 - [TEST_STEP][PASSED] - Statement - reportgroup = "(//div[@class='ctable']/table/tbody/tr[@class='tdata clear'])[" + i + "]/td[7]": null

2018-06-14 17:32:45 - [TEST_STEP][PASSED] - Statement - reportgroupTxt = driver.findElement(org.openqa.selenium.By.xpath(reportgroup)).getText(): null

2018-06-14 17:32:45 - [TEST_STEP][PASSED] - Statement - If (reportgroupTxt == ""): null

2018-06-14 17:32:45 - [TEST_STEP][PASSED] - Statement - println("Report group does not have group name"): null

2018-06-14 17:32:45 - [TEST_STEP][PASSED] - Statement - reportgroup = "(//div[@class='ctable']/table/tbody/tr[@class='tdata clear'])[" + i + "]/td[7]": null

2018-06-14 17:32:45 - [TEST_STEP][PASSED] - Statement - reportgroupTxt = driver.findElement(org.openqa.selenium.By.xpath(reportgroup)).getText(): null

2018-06-14 17:32:45 - [TEST_STEP][PASSED] - Statement - If (reportgroupTxt == ""): null

2018-06-14 17:32:45 - [TEST_STEP][PASSED] - Statement - Else: null

2018-06-14 17:32:45 - [TEST_STEP][PASSED] - Statement - If (!(TCflag)): null

2018-06-14 17:32:45 - [TEST_STEP][PASSED] - Statement - reportgroup = "(//div[@class='ctable']/table/tbody/tr[@class='tdata clear'])[" + i + "]/td[7]": null

2018-06-14 17:32:45 - [TEST_STEP][PASSED] - Statement - reportgroupTxt = driver.findElement(org.openqa.selenium.By.xpath(reportgroup)).getText(): null

2018-06-14 17:32:45 - [TEST_STEP][PASSED] - Statement - If (reportgroupTxt == ""): null

2018-06-14 17:32:45 - [TEST_STEP][PASSED] - Statement - println("Report group does not have group name"): null

2018-06-14 17:32:45 - [TEST_STEP][PASSED] - Statement - reportgroup = "(//div[@class='ctable']/table/tbody/tr[@class='tdata clear'])[" + i + "]/td[7]": null

2018-06-14 17:32:45 - [TEST_STEP][PASSED] - Statement - reportgroupTxt = driver.findElement(org.openqa.selenium.By.xpath(reportgroup)).getText(): null

2018-06-14 17:32:45 - [TEST_STEP][PASSED] - Statement - If (reportgroupTxt == ""): null

2018-06-14 17:32:45 - [TEST_STEP][PASSED] - Statement - println("Report group does not have group name"): null

2018-06-14 17:32:45 - [TEST_STEP][PASSED] - Statement - reportgroup = "(//div[@class='ctable']/table/tbody/tr[@class='tdata clear'])[" + i + "]/td[7]": null

2018-06-14 17:32:45 - [TEST_STEP][PASSED] - Statement - reportgroupTxt = driver.findElement(org.openqa.selenium.By.xpath(reportgroup)).getText(): null

2018-06-14 17:32:45 - [TEST_STEP][PASSED] - Statement - If (reportgroupTxt == ""): null

2018-06-14 17:32:45 - [TEST_STEP][PASSED] - Statement - println("Report group does not have group name"): null

2018-06-14 17:32:45 - [TEST_STEP][PASSED] - Statement - reportgroup = "(//div[@class='ctable']/table/tbody/tr[@class='tdata clear'])[" + i + "]/td[7]": null

2018-06-14 17:32:45 - [TEST_STEP][PASSED] - Statement - reportgroupTxt = driver.findElement(org.openqa.selenium.By.xpath(reportgroup)).getText(): null

2018-06-14 17:32:45 - [TEST_STEP][PASSED] - Statement - If (reportgroupTxt == ""): null

2018-06-14 17:32:45 - [TEST_STEP][PASSED] - Statement - println("Report group does not have group name"): null

2018-06-14 17:32:45 - [TEST_STEP][PASSED] - Statement - reportgroup = "(//div[@class='ctable']/table/tbody/tr[@class='tdata clear'])[" + i + "]/td[7]": null

2018-06-14 17:32:45 - [TEST_STEP][PASSED] - Statement - reportgroupTxt = driver.findElement(org.openqa.selenium.By.xpath(reportgroup)).getText(): null

2018-06-14 17:32:45 - [TEST_STEP][PASSED] - Statement - If (reportgroupTxt == ""): null

2018-06-14 17:32:45 - [TEST_STEP][PASSED] - Statement - Else: null

2018-06-14 17:32:45 - [TEST_STEP][PASSED] - Statement - If (!(TCflag)): null

2018-06-14 17:32:45 - [TEST_STEP][PASSED] - Statement - reportgroup = "(//div[@class='ctable']/table/tbody/tr[@class='tdata clear'])[" + i + "]/td[7]": null

2018-06-14 17:32:45 - [TEST_STEP][PASSED] - Statement - reportgroupTxt = driver.findElement(org.openqa.selenium.By.xpath(reportgroup)).getText(): null

2018-06-14 17:32:45 - [TEST_STEP][PASSED] - Statement - If (reportgroupTxt == ""): null

2018-06-14 17:32:45 - [TEST_STEP][PASSED] - Statement - Else: null

2018-06-14 17:32:45 - [TEST_STEP][PASSED] - Statement - If (!(TCflag)): null

2018-06-14 17:32:45 - [TEST_STEP][PASSED] - Statement - reportgroup = "(//div[@class='ctable']/table/tbody/tr[@class='tdata clear'])[" + i + "]/td[7]": null

2018-06-14 17:32:45 - [TEST_STEP][PASSED] - Statement - reportgroupTxt = driver.findElement(org.openqa.selenium.By.xpath(reportgroup)).getText(): null

2018-06-14 17:32:45 - [TEST_STEP][PASSED] - Statement - If (reportgroupTxt == ""): null

2018-06-14 17:32:45 - [TEST_STEP][PASSED] - Statement - println("Report group does not have group name"): null

2018-06-14 17:32:45 - [TEST_STEP][PASSED] - Statement - reportgroup = "(//div[@class='ctable']/table/tbody/tr[@class='tdata clear'])[" + i + "]/td[7]": null

2018-06-14 17:32:45 - [TEST_STEP][PASSED] - Statement - reportgroupTxt = driver.findElement(org.openqa.selenium.By.xpath(reportgroup)).getText(): null

2018-06-14 17:32:45 - [TEST_STEP][PASSED] - Statement - If (reportgroupTxt == ""): null

2018-06-14 17:32:45 - [TEST_STEP][PASSED] - Statement - println("Report group does not have group name"): null

2018-06-14 17:32:45 - [TEST_STEP][PASSED] - Statement - reportgroup = "(//div[@class='ctable']/table/tbody/tr[@class='tdata clear'])[" + i + "]/td[7]": null

2018-06-14 17:32:45 - [TEST_STEP][PASSED] - Statement - reportgroupTxt = driver.findElement(org.openqa.selenium.By.xpath(reportgroup)).getText(): null

2018-06-14 17:32:45 - [TEST_STEP][PASSED] - Statement - If (reportgroupTxt == ""): null

2018-06-14 17:32:45 - [TEST_STEP][PASSED] - Statement - println("Report group does not have group name"): null

2018-06-14 17:32:45 - [TEST_STEP][PASSED] - Statement - reportgroup = "(//div[@class='ctable']/table/tbody/tr[@class='tdata clear'])[" + i + "]/td[7]": null

2018-06-14 17:32:45 - [TEST_STEP][PASSED] - Statement - reportgroupTxt = driver.findElement(org.openqa.selenium.By.xpath(reportgroup)).getText(): null

2018-06-14 17:32:45 - [TEST_STEP][PASSED] - Statement - If (reportgroupTxt == ""): null

2018-06-14 17:32:45 - [TEST_STEP][PASSED] - Statement - println("Report group does not have group name"): null

2018-06-14 17:32:45 - [TEST_STEP][PASSED] - Statement - reportgroup = "(//div[@class='ctable']/table/tbody/tr[@class='tdata clear'])[" + i + "]/td[7]": null

2018-06-14 17:32:45 - [TEST_STEP][PASSED] - Statement - reportgroupTxt = driver.findElement(org.openqa.selenium.By.xpath(reportgroup)).getText(): null

2018-06-14 17:32:45 - [TEST_STEP][PASSED] - Statement - If (reportgroupTxt == ""): null

2018-06-14 17:32:45 - [TEST_STEP][PASSED] - Statement - println("Report group does not have group name"): null

2018-06-14 17:32:45 - [TEST_STEP][PASSED] - Statement - reportgroup = "(//div[@class='ctable']/table/tbody/tr[@class='tdata clear'])[" + i + "]/td[7]": null

2018-06-14 17:32:45 - [TEST_STEP][PASSED] - Statement - reportgroupTxt = driver.findElement(org.openqa.selenium.By.xpath(reportgroup)).getText(): null

2018-06-14 17:32:45 - [TEST_STEP][PASSED] - Statement - If (reportgroupTxt == ""): null

2018-06-14 17:32:45 - [TEST_STEP][PASSED] - Statement - Else: null

2018-06-14 17:32:45 - [TEST_STEP][PASSED] - Statement - If (!(TCflag)): null

2018-06-14 17:32:45 - [TEST_STEP][PASSED] - Statement - reportgroup = "(//div[@class='ctable']/table/tbody/tr[@class='tdata clear'])[" + i + "]/td[7]": null

2018-06-14 17:32:45 - [TEST_STEP][PASSED] - Statement - reportgroupTxt = driver.findElement(org.openqa.selenium.By.xpath(reportgroup)).getText(): null

2018-06-14 17:32:45 - [TEST_STEP][PASSED] - Statement - If (reportgroupTxt == ""): null

2018-06-14 17:32:45 - [TEST_STEP][PASSED] - Statement - println("Report group does not have group name"): null

2018-06-14 17:32:45 - [TEST_STEP][PASSED] - Statement - reportgroup = "(//div[@class='ctable']/table/tbody/tr[@class='tdata clear'])[" + i + "]/td[7]": null

2018-06-14 17:32:45 - [TEST_STEP][PASSED] - Statement - reportgroupTxt = driver.findElement(org.openqa.selenium.By.xpath(reportgroup)).getText(): null

2018-06-14 17:32:45 - [TEST_STEP][PASSED] - Statement - If (reportgroupTxt == ""): null

2018-06-14 17:32:45 - [TEST_STEP][PASSED] - Statement - println("Report group does not have group name"): null

2018-06-14 17:32:45 - [TEST_STEP][PASSED] - Statement - reportgroup = "(//div[@class='ctable']/table/tbody/tr[@class='tdata clear'])[" + i + "]/td[7]": null

2018-06-14 17:32:45 - [TEST_STEP][PASSED] - Statement - reportgroupTxt = driver.findElement(org.openqa.selenium.By.xpath(reportgroup)).getText(): null

2018-06-14 17:32:45 - [TEST_STEP][PASSED] - Statement - If (reportgroupTxt == ""): null

2018-06-14 17:32:45 - [TEST_STEP][PASSED] - Statement - Else: null

2018-06-14 17:32:45 - [TEST_STEP][PASSED] - Statement - If (!(TCflag)): null

2018-06-14 17:32:45 - [TEST_STEP][PASSED] - Statement - reportgroup = "(//div[@class='ctable']/table/tbody/tr[@class='tdata clear'])[" + i + "]/td[7]": null

2018-06-14 17:32:45 - [TEST_STEP][PASSED] - Statement - reportgroupTxt = driver.findElement(org.openqa.selenium.By.xpath(reportgroup)).getText(): null

2018-06-14 17:32:45 - [TEST_STEP][PASSED] - Statement - If (reportgroupTxt == ""): null

2018-06-14 17:32:45 - [TEST_STEP][PASSED] - Statement - println("Report group does not have group name"): null

2018-06-14 17:32:45 - [TEST_STEP][PASSED] - Statement - reportgroup = "(//div[@class='ctable']/table/tbody/tr[@class='tdata clear'])[" + i + "]/td[7]": null

2018-06-14 17:32:45 - [TEST_STEP][PASSED] - Statement - reportgroupTxt = driver.findElement(org.openqa.selenium.By.xpath(reportgroup)).getText(): null

2018-06-14 17:32:45 - [TEST_STEP][PASSED] - Statement - If (reportgroupTxt == ""): null

2018-06-14 17:32:45 - [TEST_STEP][PASSED] - Statement - println("Report group does not have group name"): null

2018-06-14 17:32:45 - [TEST_STEP][PASSED] - Statement - reportgroup = "(//div[@class='ctable']/table/tbody/tr[@class='tdata clear'])[" + i + "]/td[7]": null

2018-06-14 17:32:45 - [TEST_STEP][PASSED] - Statement - reportgroupTxt = driver.findElement(org.openqa.selenium.By.xpath(reportgroup)).getText(): null

2018-06-14 17:32:45 - [TEST_STEP][PASSED] - Statement - If (reportgroupTxt == ""): null

2018-06-14 17:32:45 - [TEST_STEP][PASSED] - Statement - println("Report group does not have group name"): null

2018-06-14 17:32:45 - [TEST_STEP][PASSED] - Statement - reportgroup = "(//div[@class='ctable']/table/tbody/tr[@class='tdata clear'])[" + i + "]/td[7]": null

2018-06-14 17:32:45 - [TEST_STEP][PASSED] - Statement - reportgroupTxt = driver.findElement(org.openqa.selenium.By.xpath(reportgroup)).getText(): null

2018-06-14 17:32:45 - [TEST_STEP][PASSED] - Statement - If (reportgroupTxt == ""): null

2018-06-14 17:32:45 - [TEST_STEP][PASSED] - Statement - println("Report group does not have group name"): null

2018-06-14 17:32:45 - [TEST_STEP][PASSED] - Statement - reportgroup = "(//div[@class='ctable']/table/tbody/tr[@class='tdata clear'])[" + i + "]/td[7]": null

2018-06-14 17:32:45 - [TEST_STEP][PASSED] - Statement - reportgroupTxt = driver.findElement(org.openqa.selenium.By.xpath(reportgroup)).getText(): null

2018-06-14 17:32:46 - [TEST_STEP][PASSED] - Statement - If (reportgroupTxt == ""): null

2018-06-14 17:32:46 - [TEST_STEP][PASSED] - Statement - println("Report group does not have group name"): null

2018-06-14 17:32:46 - [TEST_STEP][PASSED] - Statement - reportgroup = "(//div[@class='ctable']/table/tbody/tr[@class='tdata clear'])[" + i + "]/td[7]": null

2018-06-14 17:32:46 - [TEST_STEP][PASSED] - Statement - reportgroupTxt = driver.findElement(org.openqa.selenium.By.xpath(reportgroup)).getText(): null

2018-06-14 17:32:46 - [TEST_STEP][PASSED] - Statement - If (reportgroupTxt == ""): null

2018-06-14 17:32:46 - [TEST_STEP][PASSED] - Statement - println("Report group does not have group name"): null

2018-06-14 17:32:46 - [TEST_STEP][PASSED] - Statement - reportgroup = "(//div[@class='ctable']/table/tbody/tr[@class='tdata clear'])[" + i + "]/td[7]": null

2018-06-14 17:32:46 - [TEST_STEP][PASSED] - Statement - reportgroupTxt = driver.findElement(org.openqa.selenium.By.xpath(reportgroup)).getText(): null

2018-06-14 17:32:46 - [TEST_STEP][PASSED] - Statement - If (reportgroupTxt == ""): null

2018-06-14 17:32:46 - [TEST_STEP][PASSED] - Statement - println("Report group does not have group name"): null

2018-06-14 17:32:46 - [TEST_STEP][PASSED] - Statement - reportgroup = "(//div[@class='ctable']/table/tbody/tr[@class='tdata clear'])[" + i + "]/td[7]": null

2018-06-14 17:32:46 - [TEST_STEP][PASSED] - Statement - reportgroupTxt = driver.findElement(org.openqa.selenium.By.xpath(reportgroup)).getText(): null

2018-06-14 17:32:46 - [TEST_STEP][PASSED] - Statement - If (reportgroupTxt == ""): null

2018-06-14 17:32:46 - [TEST_STEP][PASSED] - Statement - println("Report group does not have group name"): null

2018-06-14 17:32:46 - [TEST_STEP][PASSED] - Statement - reportgroup = "(//div[@class='ctable']/table/tbody/tr[@class='tdata clear'])[" + i + "]/td[7]": null

2018-06-14 17:32:46 - [TEST_STEP][PASSED] - Statement - reportgroupTxt = driver.findElement(org.openqa.selenium.By.xpath(reportgroup)).getText(): null

2018-06-14 17:32:46 - [TEST_STEP][PASSED] - Statement - If (reportgroupTxt == ""): null

2018-06-14 17:32:46 - [TEST_STEP][PASSED] - Statement - println("Report group does not have group name"): null

2018-06-14 17:32:46 - [TEST_STEP][PASSED] - Statement - reportgroup = "(//div[@class='ctable']/table/tbody/tr[@class='tdata clear'])[" + i + "]/td[7]": null

2018-06-14 17:32:46 - [TEST_STEP][PASSED] - Statement - reportgroupTxt = driver.findElement(org.openqa.selenium.By.xpath(reportgroup)).getText(): null

2018-06-14 17:32:46 - [TEST_STEP][PASSED] - Statement - If (reportgroupTxt == ""): null

2018-06-14 17:32:46 - [TEST_STEP][PASSED] - Statement - Else: null

2018-06-14 17:32:46 - [TEST_STEP][PASSED] - Statement - If (!(TCflag)): null

2018-06-14 17:32:46 - [TEST_STEP][PASSED] - Statement - reportgroup = "(//div[@class='ctable']/table/tbody/tr[@class='tdata clear'])[" + i + "]/td[7]": null

2018-06-14 17:32:46 - [TEST_STEP][PASSED] - Statement - reportgroupTxt = driver.findElement(org.openqa.selenium.By.xpath(reportgroup)).getText(): null

2018-06-14 17:32:46 - [TEST_STEP][PASSED] - Statement - If (reportgroupTxt == ""): null

2018-06-14 17:32:46 - [TEST_STEP][PASSED] - Statement - println("Report group does not have group name"): null

2018-06-14 17:32:46 - [TEST_STEP][PASSED] - Statement - reportgroup = "(//div[@class='ctable']/table/tbody/tr[@class='tdata clear'])[" + i + "]/td[7]": null

2018-06-14 17:32:46 - [TEST_STEP][PASSED] - Statement - reportgroupTxt = driver.findElement(org.openqa.selenium.By.xpath(reportgroup)).getText(): null

2018-06-14 17:32:46 - [TEST_STEP][PASSED] - Statement - If (reportgroupTxt == ""): null

2018-06-14 17:32:46 - [TEST_STEP][PASSED] - Statement - println("Report group does not have group name"): null

2018-06-14 17:32:46 - [TEST_STEP][PASSED] - Statement - reportgroup = "(//div[@class='ctable']/table/tbody/tr[@class='tdata clear'])[" + i + "]/td[7]": null

2018-06-14 17:32:46 - [TEST_STEP][PASSED] - Statement - reportgroupTxt = driver.findElement(org.openqa.selenium.By.xpath(reportgroup)).getText(): null

2018-06-14 17:32:46 - [TEST_STEP][PASSED] - Statement - If (reportgroupTxt == ""): null

2018-06-14 17:32:46 - [TEST_STEP][PASSED] - Statement - Else: null

2018-06-14 17:32:46 - [TEST_STEP][PASSED] - Statement - If (!(TCflag)): null

2018-06-14 17:32:46 - [TEST_STEP][PASSED] - Statement - reportgroup = "(//div[@class='ctable']/table/tbody/tr[@class='tdata clear'])[" + i + "]/td[7]": null

2018-06-14 17:32:46 - [TEST_STEP][PASSED] - Statement - reportgroupTxt = driver.findElement(org.openqa.selenium.By.xpath(reportgroup)).getText(): null

2018-06-14 17:32:46 - [TEST_STEP][PASSED] - Statement - If (reportgroupTxt == ""): null

2018-06-14 17:32:46 - [TEST_STEP][PASSED] - Statement - println("Report group does not have group name"): null

2018-06-14 17:32:46 - [TEST_STEP][PASSED] - Statement - reportgroup = "(//div[@class='ctable']/table/tbody/tr[@class='tdata clear'])[" + i + "]/td[7]": null

2018-06-14 17:32:46 - [TEST_STEP][PASSED] - Statement - reportgroupTxt = driver.findElement(org.openqa.selenium.By.xpath(reportgroup)).getText(): null

2018-06-14 17:32:46 - [TEST_STEP][PASSED] - Statement - If (reportgroupTxt == ""): null

2018-06-14 17:32:46 - [TEST_STEP][PASSED] - Statement - println("Report group does not have group name"): null

2018-06-14 17:32:46 - [TEST_STEP][PASSED] - Statement - reportgroup = "(//div[@class='ctable']/table/tbody/tr[@class='tdata clear'])[" + i + "]/td[7]": null

2018-06-14 17:32:46 - [TEST_STEP][PASSED] - Statement - reportgroupTxt = driver.findElement(org.openqa.selenium.By.xpath(reportgroup)).getText(): null

2018-06-14 17:32:46 - [TEST_STEP][PASSED] - Statement - If (reportgroupTxt == ""): null

2018-06-14 17:32:46 - [TEST_STEP][PASSED] - Statement - println("Report group does not have group name"): null

2018-06-14 17:32:46 - [TEST_STEP][PASSED] - Statement - reportgroup = "(//div[@class='ctable']/table/tbody/tr[@class='tdata clear'])[" + i + "]/td[7]": null

2018-06-14 17:32:46 - [TEST_STEP][PASSED] - Statement - reportgroupTxt = driver.findElement(org.openqa.selenium.By.xpath(reportgroup)).getText(): null

2018-06-14 17:32:46 - [TEST_STEP][PASSED] - Statement - If (reportgroupTxt == ""): null

2018-06-14 17:32:46 - [TEST_STEP][PASSED] - Statement - println("Report group does not have group name"): null

2018-06-14 17:32:46 - [TEST_STEP][PASSED] - Statement - reportgroup = "(//div[@class='ctable']/table/tbody/tr[@class='tdata clear'])[" + i + "]/td[7]": null

2018-06-14 17:32:46 - [TEST_STEP][PASSED] - Statement - reportgroupTxt = driver.findElement(org.openqa.selenium.By.xpath(reportgroup)).getText(): null

2018-06-14 17:32:46 - [TEST_STEP][PASSED] - Statement - If (reportgroupTxt == ""): null

2018-06-14 17:32:46 - [TEST_STEP][PASSED] - Statement - println("Report group does not have group name"): null

2018-06-14 17:32:46 - [TEST_STEP][PASSED] - Statement - reportgroup = "(//div[@class='ctable']/table/tbody/tr[@class='tdata clear'])[" + i + "]/td[7]": null

2018-06-14 17:32:46 - [TEST_STEP][PASSED] - Statement - reportgroupTxt = driver.findElement(org.openqa.selenium.By.xpath(reportgroup)).getText(): null

2018-06-14 17:32:46 - [TEST_STEP][PASSED] - Statement - If (reportgroupTxt == ""): null

2018-06-14 17:32:46 - [TEST_STEP][PASSED] - Statement - println("Report group does not have group name"): null

2018-06-14 17:32:46 - [TEST_STEP][PASSED] - Statement - reportgroup = "(//div[@class='ctable']/table/tbody/tr[@class='tdata clear'])[" + i + "]/td[7]": null

2018-06-14 17:32:46 - [TEST_STEP][PASSED] - Statement - reportgroupTxt = driver.findElement(org.openqa.selenium.By.xpath(reportgroup)).getText(): null

2018-06-14 17:32:46 - [TEST_STEP][PASSED] - Statement - If (reportgroupTxt == ""): null

2018-06-14 17:32:46 - [TEST_STEP][PASSED] - Statement - println("Report group does not have group name"): null

2018-06-14 17:32:46 - [TEST_STEP][PASSED] - Statement - reportgroup = "(//div[@class='ctable']/table/tbody/tr[@class='tdata clear'])[" + i + "]/td[7]": null

2018-06-14 17:32:46 - [TEST_STEP][PASSED] - Statement - reportgroupTxt = driver.findElement(org.openqa.selenium.By.xpath(reportgroup)).getText(): null

2018-06-14 17:32:46 - [TEST_STEP][PASSED] - Statement - If (reportgroupTxt == ""): null

2018-06-14 17:32:46 - [TEST_STEP][PASSED] - Statement - println("Report group does not have group name"): null

2018-06-14 17:32:46 - [TEST_STEP][PASSED] - Statement - reportgroup = "(//div[@class='ctable']/table/tbody/tr[@class='tdata clear'])[" + i + "]/td[7]": null

2018-06-14 17:32:46 - [TEST_STEP][PASSED] - Statement - reportgroupTxt = driver.findElement(org.openqa.selenium.By.xpath(reportgroup)).getText(): null

2018-06-14 17:32:46 - [TEST_STEP][PASSED] - Statement - If (reportgroupTxt == ""): null

2018-06-14 17:32:46 - [TEST_STEP][PASSED] - Statement - println("Report group does not have group name"): null

2018-06-14 17:32:46 - [TEST_STEP][PASSED] - Statement - reportgroup = "(//div[@class='ctable']/table/tbody/tr[@class='tdata clear'])[" + i + "]/td[7]": null

2018-06-14 17:32:46 - [TEST_STEP][PASSED] - Statement - reportgroupTxt = driver.findElement(org.openqa.selenium.By.xpath(reportgroup)).getText(): null

2018-06-14 17:32:46 - [TEST_STEP][PASSED] - Statement - If (reportgroupTxt == ""): null

2018-06-14 17:32:46 - [TEST_STEP][PASSED] - Statement - println("Report group does not have group name"): null

2018-06-14 17:32:46 - [TEST_STEP][PASSED] - Statement - reportgroup = "(//div[@class='ctable']/table/tbody/tr[@class='tdata clear'])[" + i + "]/td[7]": null

2018-06-14 17:32:46 - [TEST_STEP][PASSED] - Statement - reportgroupTxt = driver.findElement(org.openqa.selenium.By.xpath(reportgroup)).getText(): null

2018-06-14 17:32:46 - [TEST_STEP][PASSED] - Statement - If (reportgroupTxt == ""): null

2018-06-14 17:32:46 - [TEST_STEP][PASSED] - Statement - println("Report group does not have group name"): null

2018-06-14 17:32:46 - [TEST_STEP][PASSED] - Statement - reportgroup = "(//div[@class='ctable']/table/tbody/tr[@class='tdata clear'])[" + i + "]/td[7]": null

2018-06-14 17:32:46 - [TEST_STEP][PASSED] - Statement - reportgroupTxt = driver.findElement(org.openqa.selenium.By.xpath(reportgroup)).getText(): null

2018-06-14 17:32:46 - [TEST_STEP][PASSED] - Statement - If (reportgroupTxt == ""): null

2018-06-14 17:32:46 - [TEST_STEP][PASSED] - Statement - println("Report group does not have group name"): null

2018-06-14 17:32:46 - [TEST_STEP][PASSED] - Statement - reportgroup = "(//div[@class='ctable']/table/tbody/tr[@class='tdata clear'])[" + i + "]/td[7]": null

2018-06-14 17:32:46 - [TEST_STEP][PASSED] - Statement - reportgroupTxt = driver.findElement(org.openqa.selenium.By.xpath(reportgroup)).getText(): null

2018-06-14 17:32:46 - [TEST_STEP][PASSED] - Statement - If (reportgroupTxt == ""): null

2018-06-14 17:32:46 - [TEST_STEP][PASSED] - Statement - println("Report group does not have group name"): null

2018-06-14 17:32:46 - [TEST_STEP][PASSED] - Statement - reportgroup = "(//div[@class='ctable']/table/tbody/tr[@class='tdata clear'])[" + i + "]/td[7]": null

2018-06-14 17:32:46 - [TEST_STEP][PASSED] - Statement - reportgroupTxt = driver.findElement(org.openqa.selenium.By.xpath(reportgroup)).getText(): null

2018-06-14 17:32:46 - [TEST_STEP][PASSED] - Statement - If (reportgroupTxt == ""): null

2018-06-14 17:32:46 - [TEST_STEP][PASSED] - Statement - println("Report group does not have group name"): null

2018-06-14 17:32:46 - [TEST_STEP][PASSED] - Statement - reportgroup = "(//div[@class='ctable']/table/tbody/tr[@class='tdata clear'])[" + i + "]/td[7]": null

2018-06-14 17:32:46 - [TEST_STEP][PASSED] - Statement - reportgroupTxt = driver.findElement(org.openqa.selenium.By.xpath(reportgroup)).getText(): null

2018-06-14 17:32:46 - [TEST_STEP][PASSED] - Statement - If (reportgroupTxt == ""): null

2018-06-14 17:32:46 - [TEST_STEP][PASSED] - Statement - Else: null

2018-06-14 17:32:46 - [TEST_STEP][PASSED] - Statement - If (!(TCflag)): null

2018-06-14 17:32:46 - [TEST_STEP][PASSED] - Statement - reportgroup = "(//div[@class='ctable']/table/tbody/tr[@class='tdata clear'])[" + i + "]/td[7]": null

2018-06-14 17:32:46 - [TEST_STEP][PASSED] - Statement - reportgroupTxt = driver.findElement(org.openqa.selenium.By.xpath(reportgroup)).getText(): null

2018-06-14 17:32:46 - [TEST_STEP][PASSED] - Statement - If (reportgroupTxt == ""): null

2018-06-14 17:32:46 - [TEST_STEP][PASSED] - Statement - Else: null

2018-06-14 17:32:46 - [TEST_STEP][PASSED] - Statement - If (!(TCflag)): null

2018-06-14 17:32:46 - [TEST_STEP][PASSED] - Statement - reportgroup = "(//div[@class='ctable']/table/tbody/tr[@class='tdata clear'])[" + i + "]/td[7]": null

2018-06-14 17:32:46 - [TEST_STEP][PASSED] - Statement - reportgroupTxt = driver.findElement(org.openqa.selenium.By.xpath(reportgroup)).getText(): null

2018-06-14 17:32:46 - [TEST_STEP][PASSED] - Statement - If (reportgroupTxt == ""): null

2018-06-14 17:32:46 - [TEST_STEP][PASSED] - Statement - println("Report group does not have group name"): null

2018-06-14 17:32:46 - [TEST_STEP][PASSED] - Statement - reportgroup = "(//div[@class='ctable']/table/tbody/tr[@class='tdata clear'])[" + i + "]/td[7]": null

2018-06-14 17:32:46 - [TEST_STEP][PASSED] - Statement - reportgroupTxt = driver.findElement(org.openqa.selenium.By.xpath(reportgroup)).getText(): null

2018-06-14 17:32:46 - [TEST_STEP][PASSED] - Statement - If (reportgroupTxt == ""): null

2018-06-14 17:32:46 - [TEST_STEP][PASSED] - Statement - println("Report group does not have group name"): null

2018-06-14 17:32:46 - [TEST_STEP][PASSED] - Statement - reportgroup = "(//div[@class='ctable']/table/tbody/tr[@class='tdata clear'])[" + i + "]/td[7]": null

2018-06-14 17:32:46 - [TEST_STEP][PASSED] - Statement - reportgroupTxt = driver.findElement(org.openqa.selenium.By.xpath(reportgroup)).getText(): null

2018-06-14 17:32:46 - [TEST_STEP][PASSED] - Statement - If (reportgroupTxt == ""): null

2018-06-14 17:32:46 - [TEST_STEP][PASSED] - Statement - println("Report group does not have group name"): null

2018-06-14 17:32:46 - [TEST_STEP][PASSED] - Statement - reportgroup = "(//div[@class='ctable']/table/tbody/tr[@class='tdata clear'])[" + i + "]/td[7]": null

2018-06-14 17:32:46 - [TEST_STEP][PASSED] - Statement - reportgroupTxt = driver.findElement(org.openqa.selenium.By.xpath(reportgroup)).getText(): null

2018-06-14 17:32:46 - [TEST_STEP][PASSED] - Statement - If (reportgroupTxt == ""): null

2018-06-14 17:32:46 - [TEST_STEP][PASSED] - Statement - println("Report group does not have group name"): null

2018-06-14 17:32:46 - [TEST_STEP][PASSED] - Statement - reportgroup = "(//div[@class='ctable']/table/tbody/tr[@class='tdata clear'])[" + i + "]/td[7]": null

2018-06-14 17:32:46 - [TEST_STEP][PASSED] - Statement - reportgroupTxt = driver.findElement(org.openqa.selenium.By.xpath(reportgroup)).getText(): null

2018-06-14 17:32:46 - [TEST_STEP][PASSED] - Statement - If (reportgroupTxt == ""): null

2018-06-14 17:32:46 - [TEST_STEP][PASSED] - Statement - println("Report group does not have group name"): null

2018-06-14 17:32:46 - [TEST_STEP][PASSED] - Statement - reportgroup = "(//div[@class='ctable']/table/tbody/tr[@class='tdata clear'])[" + i + "]/td[7]": null

2018-06-14 17:32:46 - [TEST_STEP][PASSED] - Statement - reportgroupTxt = driver.findElement(org.openqa.selenium.By.xpath(reportgroup)).getText(): null

2018-06-14 17:32:46 - [TEST_STEP][PASSED] - Statement - If (reportgroupTxt == ""): null

2018-06-14 17:32:46 - [TEST_STEP][PASSED] - Statement - println("Report group does not have group name"): null

2018-06-14 17:32:46 - [TEST_STEP][PASSED] - Statement - reportgroup = "(//div[@class='ctable']/table/tbody/tr[@class='tdata clear'])[" + i + "]/td[7]": null

2018-06-14 17:32:46 - [TEST_STEP][PASSED] - Statement - reportgroupTxt = driver.findElement(org.openqa.selenium.By.xpath(reportgroup)).getText(): null

2018-06-14 17:32:46 - [TEST_STEP][PASSED] - Statement - If (reportgroupTxt == ""): null

2018-06-14 17:32:46 - [TEST_STEP][PASSED] - Statement - Else: null

2018-06-14 17:32:46 - [TEST_STEP][PASSED] - Statement - If (!(TCflag)): null

2018-06-14 17:32:46 - [TEST_STEP][PASSED] - Statement - reportgroup = "(//div[@class='ctable']/table/tbody/tr[@class='tdata clear'])[" + i + "]/td[7]": null

2018-06-14 17:32:46 - [TEST_STEP][PASSED] - Statement - reportgroupTxt = driver.findElement(org.openqa.selenium.By.xpath(reportgroup)).getText(): null

2018-06-14 17:32:46 - [TEST_STEP][PASSED] - Statement - If (reportgroupTxt == ""): null

2018-06-14 17:32:46 - [TEST_STEP][PASSED] - Statement - println("Report group does not have group name"): null

2018-06-14 17:32:46 - [TEST_STEP][PASSED] - Statement - reportgroup = "(//div[@class='ctable']/table/tbody/tr[@class='tdata clear'])[" + i + "]/td[7]": null

2018-06-14 17:32:46 - [TEST_STEP][PASSED] - Statement - reportgroupTxt = driver.findElement(org.openqa.selenium.By.xpath(reportgroup)).getText(): null

2018-06-14 17:32:46 - [TEST_STEP][PASSED] - Statement - If (reportgroupTxt == ""): null

2018-06-14 17:32:46 - [TEST_STEP][PASSED] - Statement - println("Report group does not have group name"): null

2018-06-14 17:32:46 - [TEST_STEP][PASSED] - Statement - reportgroup = "(//div[@class='ctable']/table/tbody/tr[@class='tdata clear'])[" + i + "]/td[7]": null

2018-06-14 17:32:46 - [TEST_STEP][PASSED] - Statement - reportgroupTxt = driver.findElement(org.openqa.selenium.By.xpath(reportgroup)).getText(): null

2018-06-14 17:32:46 - [TEST_STEP][PASSED] - Statement - If (reportgroupTxt == ""): null

2018-06-14 17:32:46 - [TEST_STEP][PASSED] - Statement - println("Report group does not have group name"): null

2018-06-14 17:32:46 - [TEST_STEP][PASSED] - Statement - reportgroup = "(//div[@class='ctable']/table/tbody/tr[@class='tdata clear'])[" + i + "]/td[7]": null

2018-06-14 17:32:46 - [TEST_STEP][PASSED] - Statement - reportgroupTxt = driver.findElement(org.openqa.selenium.By.xpath(reportgroup)).getText(): null

2018-06-14 17:32:47 - [TEST_STEP][PASSED] - Statement - If (reportgroupTxt == ""): null

2018-06-14 17:32:47 - [TEST_STEP][PASSED] - Statement - Else: null

2018-06-14 17:32:47 - [TEST_STEP][PASSED] - Statement - If (!(TCflag)): null

2018-06-14 17:32:47 - [TEST_STEP][PASSED] - Statement - reportgroup = "(//div[@class='ctable']/table/tbody/tr[@class='tdata clear'])[" + i + "]/td[7]": null

2018-06-14 17:32:47 - [TEST_STEP][PASSED] - Statement - reportgroupTxt = driver.findElement(org.openqa.selenium.By.xpath(reportgroup)).getText(): null

2018-06-14 17:32:47 - [TEST_STEP][PASSED] - Statement - If (reportgroupTxt == ""): null

2018-06-14 17:32:47 - [TEST_STEP][PASSED] - Statement - println("Report group does not have group name"): null

2018-06-14 17:32:47 - [TEST_STEP][PASSED] - Statement - reportgroup = "(//div[@class='ctable']/table/tbody/tr[@class='tdata clear'])[" + i + "]/td[7]": null

2018-06-14 17:32:47 - [TEST_STEP][PASSED] - Statement - reportgroupTxt = driver.findElement(org.openqa.selenium.By.xpath(reportgroup)).getText(): null

2018-06-14 17:32:47 - [TEST_STEP][PASSED] - Statement - If (reportgroupTxt == ""): null

2018-06-14 17:32:47 - [TEST_STEP][PASSED] - Statement - println("Report group does not have group name"): null

2018-06-14 17:32:47 - [TEST_STEP][PASSED] - Statement - reportgroup = "(//div[@class='ctable']/table/tbody/tr[@class='tdata clear'])[" + i + "]/td[7]": null

2018-06-14 17:32:47 - [TEST_STEP][PASSED] - Statement - reportgroupTxt = driver.findElement(org.openqa.selenium.By.xpath(reportgroup)).getText(): null

2018-06-14 17:32:47 - [TEST_STEP][PASSED] - Statement - If (reportgroupTxt == ""): null

2018-06-14 17:32:47 - [TEST_STEP][PASSED] - Statement - println("Report group does not have group name"): null

2018-06-14 17:32:47 - [TEST_STEP][PASSED] - Statement - reportgroup = "(//div[@class='ctable']/table/tbody/tr[@class='tdata clear'])[" + i + "]/td[7]": null

2018-06-14 17:32:47 - [TEST_STEP][PASSED] - Statement - reportgroupTxt = driver.findElement(org.openqa.selenium.By.xpath(reportgroup)).getText(): null

2018-06-14 17:32:47 - [TEST_STEP][PASSED] - Statement - If (reportgroupTxt == ""): null

2018-06-14 17:32:47 - [TEST_STEP][PASSED] - Statement - println("Report group does not have group name"): null

2018-06-14 17:32:47 - [TEST_STEP][PASSED] - Statement - reportgroup = "(//div[@class='ctable']/table/tbody/tr[@class='tdata clear'])[" + i + "]/td[7]": null

2018-06-14 17:32:47 - [TEST_STEP][PASSED] - Statement - reportgroupTxt = driver.findElement(org.openqa.selenium.By.xpath(reportgroup)).getText(): null

2018-06-14 17:32:47 - [TEST_STEP][PASSED] - Statement - If (reportgroupTxt == ""): null

2018-06-14 17:32:47 - [TEST_STEP][PASSED] - Statement - println("Report group does not have group name"): null

2018-06-14 17:32:47 - [TEST_STEP][PASSED] - Statement - reportgroup = "(//div[@class='ctable']/table/tbody/tr[@class='tdata clear'])[" + i + "]/td[7]": null

2018-06-14 17:32:47 - [TEST_STEP][PASSED] - Statement - reportgroupTxt = driver.findElement(org.openqa.selenium.By.xpath(reportgroup)).getText(): null

2018-06-14 17:32:47 - [TEST_STEP][PASSED] - Statement - If (reportgroupTxt == ""): null

2018-06-14 17:32:47 - [TEST_STEP][PASSED] - Statement - Else: null

2018-06-14 17:32:47 - [TEST_STEP][PASSED] - Statement - If (!(TCflag)): null

2018-06-14 17:32:47 - [TEST_STEP][PASSED] - Statement - reportgroup = "(//div[@class='ctable']/table/tbody/tr[@class='tdata clear'])[" + i + "]/td[7]": null

2018-06-14 17:32:47 - [TEST_STEP][PASSED] - Statement - reportgroupTxt = driver.findElement(org.openqa.selenium.By.xpath(reportgroup)).getText(): null

2018-06-14 17:32:47 - [TEST_STEP][PASSED] - Statement - If (reportgroupTxt == ""): null

2018-06-14 17:32:47 - [TEST_STEP][PASSED] - Statement - println("Report group does not have group name"): null

2018-06-14 17:32:47 - [TEST_STEP][PASSED] - Statement - reportgroup = "(//div[@class='ctable']/table/tbody/tr[@class='tdata clear'])[" + i + "]/td[7]": null

2018-06-14 17:32:47 - [TEST_STEP][PASSED] - Statement - reportgroupTxt = driver.findElement(org.openqa.selenium.By.xpath(reportgroup)).getText(): null

2018-06-14 17:32:47 - [TEST_STEP][PASSED] - Statement - If (reportgroupTxt == ""): null

2018-06-14 17:32:47 - [TEST_STEP][PASSED] - Statement - println("Report group does not have group name"): null

2018-06-14 17:32:47 - [TEST_STEP][PASSED] - Statement - reportgroup = "(//div[@class='ctable']/table/tbody/tr[@class='tdata clear'])[" + i + "]/td[7]": null

2018-06-14 17:32:47 - [TEST_STEP][PASSED] - Statement - reportgroupTxt = driver.findElement(org.openqa.selenium.By.xpath(reportgroup)).getText(): null

2018-06-14 17:32:47 - [TEST_STEP][PASSED] - Statement - If (reportgroupTxt == ""): null

2018-06-14 17:32:47 - [TEST_STEP][PASSED] - Statement - println("Report group does not have group name"): null

2018-06-14 17:32:47 - [TEST_STEP][PASSED] - Statement - reportgroup = "(//div[@class='ctable']/table/tbody/tr[@class='tdata clear'])[" + i + "]/td[7]": null

2018-06-14 17:32:47 - [TEST_STEP][PASSED] - Statement - reportgroupTxt = driver.findElement(org.openqa.selenium.By.xpath(reportgroup)).getText(): null

2018-06-14 17:32:47 - [TEST_STEP][PASSED] - Statement - If (reportgroupTxt == ""): null

2018-06-14 17:32:47 - [TEST_STEP][PASSED] - Statement - println("Report group does not have group name"): null

2018-06-14 17:32:47 - [TEST_STEP][PASSED] - Statement - reportgroup = "(//div[@class='ctable']/table/tbody/tr[@class='tdata clear'])[" + i + "]/td[7]": null

2018-06-14 17:32:47 - [TEST_STEP][PASSED] - Statement - reportgroupTxt = driver.findElement(org.openqa.selenium.By.xpath(reportgroup)).getText(): null

2018-06-14 17:32:47 - [TEST_STEP][PASSED] - Statement - If (reportgroupTxt == ""): null

2018-06-14 17:32:47 - [TEST_STEP][PASSED] - Statement - println("Report group does not have group name"): null

2018-06-14 17:32:47 - [TEST_STEP][PASSED] - Statement - reportgroup = "(//div[@class='ctable']/table/tbody/tr[@class='tdata clear'])[" + i + "]/td[7]": null

2018-06-14 17:32:47 - [TEST_STEP][PASSED] - Statement - reportgroupTxt = driver.findElement(org.openqa.selenium.By.xpath(reportgroup)).getText(): null

2018-06-14 17:32:47 - [TEST_STEP][PASSED] - Statement - If (reportgroupTxt == ""): null

2018-06-14 17:32:47 - [TEST_STEP][PASSED] - Statement - println("Report group does not have group name"): null

2018-06-14 17:32:47 - [TEST_STEP][PASSED] - Statement - reportgroup = "(//div[@class='ctable']/table/tbody/tr[@class='tdata clear'])[" + i + "]/td[7]": null

2018-06-14 17:32:47 - [TEST_STEP][PASSED] - Statement - reportgroupTxt = driver.findElement(org.openqa.selenium.By.xpath(reportgroup)).getText(): null

2018-06-14 17:32:47 - [TEST_STEP][PASSED] - Statement - If (reportgroupTxt == ""): null

2018-06-14 17:32:47 - [TEST_STEP][PASSED] - Statement - println("Report group does not have group name"): null

2018-06-14 17:32:47 - [TEST_STEP][PASSED] - Statement - reportgroup = "(//div[@class='ctable']/table/tbody/tr[@class='tdata clear'])[" + i + "]/td[7]": null

2018-06-14 17:32:47 - [TEST_STEP][PASSED] - Statement - reportgroupTxt = driver.findElement(org.openqa.selenium.By.xpath(reportgroup)).getText(): null

2018-06-14 17:32:47 - [TEST_STEP][PASSED] - Statement - If (reportgroupTxt == ""): null

2018-06-14 17:32:47 - [TEST_STEP][PASSED] - Statement - println("Report group does not have group name"): null

2018-06-14 17:32:47 - [TEST_STEP][PASSED] - Statement - reportgroup = "(//div[@class='ctable']/table/tbody/tr[@class='tdata clear'])[" + i + "]/td[7]": null

2018-06-14 17:32:47 - [TEST_STEP][PASSED] - Statement - reportgroupTxt = driver.findElement(org.openqa.selenium.By.xpath(reportgroup)).getText(): null

2018-06-14 17:32:47 - [TEST_STEP][PASSED] - Statement - If (reportgroupTxt == ""): null

2018-06-14 17:32:47 - [TEST_STEP][PASSED] - Statement - println("Report group does not have group name"): null

2018-06-14 17:32:47 - [TEST_STEP][PASSED] - Statement - reportgroup = "(//div[@class='ctable']/table/tbody/tr[@class='tdata clear'])[" + i + "]/td[7]": null

2018-06-14 17:32:47 - [TEST_STEP][PASSED] - Statement - reportgroupTxt = driver.findElement(org.openqa.selenium.By.xpath(reportgroup)).getText(): null

2018-06-14 17:32:47 - [TEST_STEP][PASSED] - Statement - If (reportgroupTxt == ""): null

2018-06-14 17:32:47 - [TEST_STEP][PASSED] - Statement - println("Report group does not have group name"): null

2018-06-14 17:32:47 - [TEST_STEP][PASSED] - Statement - reportgroup = "(//div[@class='ctable']/table/tbody/tr[@class='tdata clear'])[" + i + "]/td[7]": null

2018-06-14 17:32:47 - [TEST_STEP][PASSED] - Statement - reportgroupTxt = driver.findElement(org.openqa.selenium.By.xpath(reportgroup)).getText(): null

2018-06-14 17:32:47 - [TEST_STEP][PASSED] - Statement - If (reportgroupTxt == ""): null

2018-06-14 17:32:47 - [TEST_STEP][PASSED] - Statement - Else: null

2018-06-14 17:32:47 - [TEST_STEP][PASSED] - Statement - If (!(TCflag)): null

2018-06-14 17:32:47 - [TEST_STEP][PASSED] - Statement - reportgroup = "(//div[@class='ctable']/table/tbody/tr[@class='tdata clear'])[" + i + "]/td[7]": null

2018-06-14 17:32:47 - [TEST_STEP][PASSED] - Statement - reportgroupTxt = driver.findElement(org.openqa.selenium.By.xpath(reportgroup)).getText(): null

2018-06-14 17:32:47 - [TEST_STEP][PASSED] - Statement - If (reportgroupTxt == ""): null

2018-06-14 17:32:47 - [TEST_STEP][PASSED] - Statement - Else: null

2018-06-14 17:32:47 - [TEST_STEP][PASSED] - Statement - If (!(TCflag)): null

2018-06-14 17:32:47 - [TEST_STEP][PASSED] - Statement - reportgroup = "(//div[@class='ctable']/table/tbody/tr[@class='tdata clear'])[" + i + "]/td[7]": null

2018-06-14 17:32:47 - [TEST_STEP][PASSED] - Statement - reportgroupTxt = driver.findElement(org.openqa.selenium.By.xpath(reportgroup)).getText(): null

2018-06-14 17:32:47 - [TEST_STEP][PASSED] - Statement - If (reportgroupTxt == ""): null

2018-06-14 17:32:47 - [TEST_STEP][PASSED] - Statement - Else: null

2018-06-14 17:32:47 - [TEST_STEP][PASSED] - Statement - If (!(TCflag)): null

2018-06-14 17:32:47 - [TEST_STEP][PASSED] - Statement - reportgroup = "(//div[@class='ctable']/table/tbody/tr[@class='tdata clear'])[" + i + "]/td[7]": null

2018-06-14 17:32:47 - [TEST_STEP][PASSED] - Statement - reportgroupTxt = driver.findElement(org.openqa.selenium.By.xpath(reportgroup)).getText(): null

2018-06-14 17:32:47 - [TEST_STEP][PASSED] - Statement - If (reportgroupTxt == ""): null

2018-06-14 17:32:47 - [TEST_STEP][PASSED] - Statement - println("Report group does not have group name"): null

2018-06-14 17:32:47 - [TEST_STEP][PASSED] - Statement - reportgroup = "(//div[@class='ctable']/table/tbody/tr[@class='tdata clear'])[" + i + "]/td[7]": null

2018-06-14 17:32:47 - [TEST_STEP][PASSED] - Statement - reportgroupTxt = driver.findElement(org.openqa.selenium.By.xpath(reportgroup)).getText(): null

2018-06-14 17:32:47 - [TEST_STEP][PASSED] - Statement - If (reportgroupTxt == ""): null

2018-06-14 17:32:47 - [TEST_STEP][PASSED] - Statement - println("Report group does not have group name"): null

2018-06-14 17:32:47 - [TEST_STEP][PASSED] - Statement - reportgroup = "(//div[@class='ctable']/table/tbody/tr[@class='tdata clear'])[" + i + "]/td[7]": null

2018-06-14 17:32:47 - [TEST_STEP][PASSED] - Statement - reportgroupTxt = driver.findElement(org.openqa.selenium.By.xpath(reportgroup)).getText(): null

2018-06-14 17:32:47 - [TEST_STEP][PASSED] - Statement - If (reportgroupTxt == ""): null

2018-06-14 17:32:47 - [TEST_STEP][PASSED] - Statement - println("Report group does not have group name"): null

2018-06-14 17:32:47 - [TEST_STEP][PASSED] - Statement - reportgroup = "(//div[@class='ctable']/table/tbody/tr[@class='tdata clear'])[" + i + "]/td[7]": null

2018-06-14 17:32:47 - [TEST_STEP][PASSED] - Statement - reportgroupTxt = driver.findElement(org.openqa.selenium.By.xpath(reportgroup)).getText(): null

2018-06-14 17:32:47 - [TEST_STEP][PASSED] - Statement - If (reportgroupTxt == ""): null

2018-06-14 17:32:47 - [TEST_STEP][PASSED] - Statement - println("Report group does not have group name"): null

2018-06-14 17:32:47 - [TEST_STEP][PASSED] - Statement - reportgroup = "(//div[@class='ctable']/table/tbody/tr[@class='tdata clear'])[" + i + "]/td[7]": null

2018-06-14 17:32:47 - [TEST_STEP][PASSED] - Statement - reportgroupTxt = driver.findElement(org.openqa.selenium.By.xpath(reportgroup)).getText(): null

2018-06-14 17:32:47 - [TEST_STEP][PASSED] - Statement - If (reportgroupTxt == ""): null

2018-06-14 17:32:47 - [TEST_STEP][PASSED] - Statement - println("Report group does not have group name"): null

2018-06-14 17:32:47 - [TEST_STEP][PASSED] - Statement - reportgroup = "(//div[@class='ctable']/table/tbody/tr[@class='tdata clear'])[" + i + "]/td[7]": null

2018-06-14 17:32:47 - [TEST_STEP][PASSED] - Statement - reportgroupTxt = driver.findElement(org.openqa.selenium.By.xpath(reportgroup)).getText(): null

2018-06-14 17:32:47 - [TEST_STEP][PASSED] - Statement - If (reportgroupTxt == ""): null

2018-06-14 17:32:47 - [TEST_STEP][PASSED] - Statement - println("Report group does not have group name"): null

2018-06-14 17:32:47 - [TEST_STEP][PASSED] - Statement - reportgroup = "(//div[@class='ctable']/table/tbody/tr[@class='tdata clear'])[" + i + "]/td[7]": null

2018-06-14 17:32:47 - [TEST_STEP][PASSED] - Statement - reportgroupTxt = driver.findElement(org.openqa.selenium.By.xpath(reportgroup)).getText(): null

2018-06-14 17:32:47 - [TEST_STEP][PASSED] - Statement - If (reportgroupTxt == ""): null

2018-06-14 17:32:47 - [TEST_STEP][PASSED] - Statement - println("Report group does not have group name"): null

2018-06-14 17:32:47 - [TEST_STEP][PASSED] - Statement - reportgroup = "(//div[@class='ctable']/table/tbody/tr[@class='tdata clear'])[" + i + "]/td[7]": null

2018-06-14 17:32:47 - [TEST_STEP][PASSED] - Statement - reportgroupTxt = driver.findElement(org.openqa.selenium.By.xpath(reportgroup)).getText(): null

2018-06-14 17:32:47 - [TEST_STEP][PASSED] - Statement - If (reportgroupTxt == ""): null

2018-06-14 17:32:47 - [TEST_STEP][PASSED] - Statement - println("Report group does not have group name"): null

2018-06-14 17:32:47 - [TEST_STEP][PASSED] - Statement - reportgroup = "(//div[@class='ctable']/table/tbody/tr[@class='tdata clear'])[" + i + "]/td[7]": null

2018-06-14 17:32:47 - [TEST_STEP][PASSED] - Statement - reportgroupTxt = driver.findElement(org.openqa.selenium.By.xpath(reportgroup)).getText(): null

2018-06-14 17:32:47 - [TEST_STEP][PASSED] - Statement - If (reportgroupTxt == ""): null

2018-06-14 17:32:47 - [TEST_STEP][PASSED] - Statement - println("Report group does not have group name"): null

2018-06-14 17:32:47 - [TEST_STEP][PASSED] - Statement - reportgroup = "(//div[@class='ctable']/table/tbody/tr[@class='tdata clear'])[" + i + "]/td[7]": null

2018-06-14 17:32:47 - [TEST_STEP][PASSED] - Statement - reportgroupTxt = driver.findElement(org.openqa.selenium.By.xpath(reportgroup)).getText(): null

2018-06-14 17:32:47 - [TEST_STEP][PASSED] - Statement - If (reportgroupTxt == ""): null

2018-06-14 17:32:47 - [TEST_STEP][PASSED] - Statement - println("Report group does not have group name"): null

2018-06-14 17:32:47 - [TEST_STEP][PASSED] - Statement - reportgroup = "(//div[@class='ctable']/table/tbody/tr[@class='tdata clear'])[" + i + "]/td[7]": null

2018-06-14 17:32:47 - [TEST_STEP][PASSED] - Statement - reportgroupTxt = driver.findElement(org.openqa.selenium.By.xpath(reportgroup)).getText(): null

2018-06-14 17:32:47 - [TEST_STEP][PASSED] - Statement - If (reportgroupTxt == ""): null

2018-06-14 17:32:47 - [TEST_STEP][PASSED] - Statement - println("Report group does not have group name"): null

2018-06-14 17:32:47 - [TEST_STEP][PASSED] - uiaction.CommonUIActions.click: uiaction.CommonUIActions.click is PASSED

2018-06-14 17:32:48 - [MESSAGE][PASSED] - uiaction.CommonUIActions.click is PASSED

2018-06-14 17:32:48 - [TEST_STEP][PASSED] - uiaction.CommonUIActions.click: uiaction.CommonUIActions.click is PASSED

2018-06-14 17:32:48 - [MESSAGE][PASSED] - uiaction.CommonUIActions.click is PASSED

2018-06-14 17:32:48 - [TEST_STEP][PASSED] - verifyElementPresent: Object 'Object Repository/ReportingGroupManagement/reportingGroupDetails' is present

2018-06-14 17:32:48 - [MESSAGE][PASSED] - Object 'Object Repository/ReportingGroupManagement/reportingGroupDetails' is present

2018-06-14 17:32:48 - [TEST_STEP][PASSED] - uiaction.CommonUIActions.enter: uiaction.CommonUIActions.enter is PASSED

2018-06-14 17:32:48 - [MESSAGE][PASSED] - projectSpecific.Reusability.getTestData is PASSED

2018-06-14 17:32:48 - [MESSAGE][PASSED] - uiaction.CommonUIActions.enter is PASSED

2018-06-14 17:32:48 - [TEST_STEP][PASSED] - uiaction.CommonUIActions.enter: uiaction.CommonUIActions.enter is PASSED

2018-06-14 17:32:48 - [MESSAGE][PASSED] - projectSpecific.Reusability.getTestData is PASSED

2018-06-14 17:32:48 - [MESSAGE][PASSED] - uiaction.CommonUIActions.enter is PASSED

2018-06-14 17:32:48 - [TEST_STEP][PASSED] - uiaction.CommonUIActions.click: uiaction.CommonUIActions.click is PASSED

2018-06-14 17:32:48 - [MESSAGE][PASSED] - uiaction.CommonUIActions.click is PASSED

2018-06-14 17:32:48 - [TEST_STEP][PASSED] - delay: Delayed 10 second(s)

2018-06-14 17:32:58 - [MESSAGE][PASSED] - Delayed 10 second(s)

2018-06-14 17:32:58 - [TEST_STEP][PASSED] - uiaction.CommonUIActions.back: uiaction.CommonUIActions.back is PASSED

2018-06-14 17:32:58 - [MESSAGE][PASSED] - Navigate back successfully

2018-06-14 17:32:58 - [MESSAGE][PASSED] - uiaction.CommonUIActions.back is PASSED

2018-06-14 17:32:58 - [TEST_STEP][PASSED] - delay: Delayed 5 second(s)

2018-06-14 17:33:03 - [MESSAGE][PASSED] - Delayed 5 second(s)

2018-06-14 17:33:03 - [TEST_STEP][PASSED] - uiaction.CommonUIActions.enter: uiaction.CommonUIActions.enter is PASSED

2018-06-14 17:33:03 - [MESSAGE][PASSED] - projectSpecific.Reusability.getTestData is PASSED

2018-06-14 17:33:03 - [MESSAGE][PASSED] - uiaction.CommonUIActions.enter is PASSED

2018-06-14 17:33:03 - [TEST_STEP][PASSED] - uiaction.CommonUIActions.enter: uiaction.CommonUIActions.enter is PASSED

2018-06-14 17:33:03 - [MESSAGE][PASSED] - projectSpecific.Reusability.getTestData is PASSED

2018-06-14 17:33:03 - [MESSAGE][PASSED] - uiaction.CommonUIActions.enter is PASSED

2018-06-14 17:33:03 - [TEST_STEP][PASSED] - uiaction.CommonUIActions.click: uiaction.CommonUIActions.click is PASSED

2018-06-14 17:33:03 - [MESSAGE][PASSED] - uiaction.CommonUIActions.click is PASSED

2018-06-14 17:33:03 - [TEST_STEP][PASSED] - delay: Delayed 5 second(s)

2018-06-14 17:33:08 - [MESSAGE][PASSED] - Delayed 5 second(s)

2018-06-14 17:33:08 - [TEST_STEP][PASSED] - uiaction.CommonUIActions.back: uiaction.CommonUIActions.back is PASSED

2018-06-14 17:33:09 - [MESSAGE][PASSED] - Navigate back successfully

2018-06-14 17:33:09 - [MESSAGE][PASSED] - uiaction.CommonUIActions.back is PASSED

2018-06-14 17:33:09 - [TEST_STEP][PASSED] - delay: Delayed 5 second(s)

2018-06-14 17:33:14 - [MESSAGE][PASSED] - Delayed 5 second(s)

2018-06-14 17:33:14 - [TEST_STEP][PASSED] - uiaction.CommonUIActions.back: uiaction.CommonUIActions.back is PASSED

2018-06-14 17:33:14 - [MESSAGE][PASSED] - Navigate back successfully

2018-06-14 17:33:14 - [MESSAGE][PASSED] - uiaction.CommonUIActions.back is PASSED

2018-06-14 17:33:14 - [TEST_STEP][PASSED] - delay: Delayed 5 second(s)

2018-06-14 17:33:19 - [MESSAGE][PASSED] - Delayed 5 second(s)

2018-06-14 17:33:19 - [TEST_STEP][PASSED] - uiaction.CommonUIActions.click: uiaction.CommonUIActions.click is PASSED

2018-06-14 17:33:19 - [MESSAGE][PASSED] - uiaction.CommonUIActions.click is PASSED

2018-06-14 17:33:19 - [TEST_STEP][PASSED] - Statement - StoreList = CustomKeywords.projectSpecific.Reusability.getTestData("ReportingGroupManagementPage", "dummyGroupName2"): projectSpecific.Reusability.getTestData is PASSED

2018-06-14 17:33:19 - [MESSAGE][PASSED] - projectSpecific.Reusability.getTestData is PASSED

2018-06-14 17:33:19 - [TEST_STEP][PASSED] - Statement - listOfStores = new java.util.ArrayList(java.util.Arrays.asList(StoreList)): null

2018-06-14 17:33:19 - [TEST_STEP][PASSED] - Statement - out.println(listOfStores): null

2018-06-14 17:33:19 - [TEST_STEP][PASSED] - delay: Delayed 10 second(s)

2018-06-14 17:33:29 - [MESSAGE][PASSED] - Delayed 10 second(s)

2018-06-14 17:33:29 - [TEST_STEP][PASSED] - Statement - availableStoreList = driver.findElements(org.openqa.selenium.By.xpath(com.kms.katalon.core.testdata.TestDataFactory.findTestData(OR_file).getValue(2, 10))): Reading excel file with source file 'C:\Users\shalinin\Katalon Studio\HME_Scripts\Data Files\HME_OR.xlsx' and sheet name 'Sheet1'

2018-06-14 17:33:29 - [TEST_STEP][PASSED] - Statement - actualList = new java.util.ArrayList(): null

2018-06-14 17:33:29 - [TEST_STEP][PASSED] - Statement - For ([i = 0, i < availableStoreList.size(), (i++)]): null

2018-06-14 17:33:29 - [TEST_STEP][PASSED] - Statement - actualList.add(i, availableStoreList.get(i).getText()): null

2018-06-14 17:33:29 - [TEST_STEP][PASSED] - Statement - actualList.add(i, availableStoreList.get(i).getText()): null

2018-06-14 17:33:29 - [TEST_STEP][PASSED] - Statement - actualList.add(i, availableStoreList.get(i).getText()): null

2018-06-14 17:33:29 - [TEST_STEP][PASSED] - Statement - actualList.add(i, availableStoreList.get(i).getText()): null

2018-06-14 17:33:29 - [TEST_STEP][PASSED] - Statement - actualList.add(i, availableStoreList.get(i).getText()): null

2018-06-14 17:33:29 - [TEST_STEP][PASSED] - Statement - actualList.add(i, availableStoreList.get(i).getText()): null

2018-06-14 17:33:29 - [TEST_STEP][PASSED] - Statement - actualList.add(i, availableStoreList.get(i).getText()): null

2018-06-14 17:33:29 - [TEST_STEP][PASSED] - Statement - actualList.add(i, availableStoreList.get(i).getText()): null

2018-06-14 17:33:29 - [TEST_STEP][PASSED] - Statement - actualList.add(i, availableStoreList.get(i).getText()): null

2018-06-14 17:33:29 - [TEST_STEP][PASSED] - Statement - actualList.add(i, availableStoreList.get(i).getText()): null

2018-06-14 17:33:29 - [TEST_STEP][PASSED] - Statement - actualList.add(i, availableStoreList.get(i).getText()): null

2018-06-14 17:33:29 - [TEST_STEP][PASSED] - Statement - actualList.add(i, availableStoreList.get(i).getText()): null

2018-06-14 17:33:29 - [TEST_STEP][PASSED] - Statement - actualList.add(i, availableStoreList.get(i).getText()): null

2018-06-14 17:33:29 - [TEST_STEP][PASSED] - Statement - actualList.add(i, availableStoreList.get(i).getText()): null

2018-06-14 17:33:29 - [TEST_STEP][PASSED] - Statement - actualList.add(i, availableStoreList.get(i).getText()): null

2018-06-14 17:33:29 - [TEST_STEP][PASSED] - Statement - actualList.add(i, availableStoreList.get(i).getText()): null

2018-06-14 17:33:29 - [TEST_STEP][PASSED] - Statement - actualList.add(i, availableStoreList.get(i).getText()): null

2018-06-14 17:33:29 - [TEST_STEP][PASSED] - Statement - actualList.add(i, availableStoreList.get(i).getText()): null

2018-06-14 17:33:29 - [TEST_STEP][PASSED] - Statement - actualList.add(i, availableStoreList.get(i).getText()): null

2018-06-14 17:33:29 - [TEST_STEP][PASSED] - Statement - actualList.add(i, availableStoreList.get(i).getText()): null

2018-06-14 17:33:29 - [TEST_STEP][PASSED] - Statement - actualList.add(i, availableStoreList.get(i).getText()): null

2018-06-14 17:33:29 - [TEST_STEP][PASSED] - Statement - actualList.add(i, availableStoreList.get(i).getText()): null

2018-06-14 17:33:29 - [TEST_STEP][PASSED] - Statement - actualList.add(i, availableStoreList.get(i).getText()): null

2018-06-14 17:33:29 - [TEST_STEP][PASSED] - Statement - actualList.add(i, availableStoreList.get(i).getText()): null

2018-06-14 17:33:29 - [TEST_STEP][PASSED] - Statement - actualList.add(i, availableStoreList.get(i).getText()): null

2018-06-14 17:33:29 - [TEST_STEP][PASSED] - Statement - actualList.add(i, availableStoreList.get(i).getText()): null

2018-06-14 17:33:29 - [TEST_STEP][PASSED] - Statement - actualList.add(i, availableStoreList.get(i).getText()): null

2018-06-14 17:33:29 - [TEST_STEP][PASSED] - Statement - actualList.add(i, availableStoreList.get(i).getText()): null

2018-06-14 17:33:29 - [TEST_STEP][PASSED] - Statement - actualList.add(i, availableStoreList.get(i).getText()): null

2018-06-14 17:33:29 - [TEST_STEP][PASSED] - Statement - actualList.add(i, availableStoreList.get(i).getText()): null

2018-06-14 17:33:29 - [TEST_STEP][PASSED] - Statement - actualList.add(i, availableStoreList.get(i).getText()): null

2018-06-14 17:33:29 - [TEST_STEP][PASSED] - Statement - actualList.add(i, availableStoreList.get(i).getText()): null

2018-06-14 17:33:29 - [TEST_STEP][PASSED] - Statement - actualList.add(i, availableStoreList.get(i).getText()): null

2018-06-14 17:33:29 - [TEST_STEP][PASSED] - Statement - actualList.add(i, availableStoreList.get(i).getText()): null

2018-06-14 17:33:29 - [TEST_STEP][PASSED] - Statement - actualList.add(i, availableStoreList.get(i).getText()): null

2018-06-14 17:33:29 - [TEST_STEP][PASSED] - Statement - actualList.add(i, availableStoreList.get(i).getText()): null

2018-06-14 17:33:29 - [TEST_STEP][PASSED] - Statement - actualList.add(i, availableStoreList.get(i).getText()): null

2018-06-14 17:33:29 - [TEST_STEP][PASSED] - Statement - actualList.add(i, availableStoreList.get(i).getText()): null

2018-06-14 17:33:29 - [TEST_STEP][PASSED] - Statement - actualList.add(i, availableStoreList.get(i).getText()): null

2018-06-14 17:33:29 - [TEST_STEP][PASSED] - Statement - actualList.add(i, availableStoreList.get(i).getText()): null

2018-06-14 17:33:29 - [TEST_STEP][PASSED] - Statement - actualList.add(i, availableStoreList.get(i).getText()): null

2018-06-14 17:33:29 - [TEST_STEP][PASSED] - Statement - actualList.add(i, availableStoreList.get(i).getText()): null

2018-06-14 17:33:29 - [TEST_STEP][PASSED] - Statement - actualList.add(i, availableStoreList.get(i).getText()): null

2018-06-14 17:33:29 - [TEST_STEP][PASSED] - Statement - actualList.add(i, availableStoreList.get(i).getText()): null

2018-06-14 17:33:29 - [TEST_STEP][PASSED] - Statement - actualList.add(i, availableStoreList.get(i).getText()): null

2018-06-14 17:33:29 - [TEST_STEP][PASSED] - Statement - actualList.add(i, availableStoreList.get(i).getText()): null

2018-06-14 17:33:29 - [TEST_STEP][PASSED] - Statement - actualList.add(i, availableStoreList.get(i).getText()): null

2018-06-14 17:33:29 - [TEST_STEP][PASSED] - Statement - actualList.add(i, availableStoreList.get(i).getText()): null

2018-06-14 17:33:29 - [TEST_STEP][PASSED] - Statement - actualList.add(i, availableStoreList.get(i).getText()): null

2018-06-14 17:33:29 - [TEST_STEP][PASSED] - Statement - actualList.add(i, availableStoreList.get(i).getText()): null

2018-06-14 17:33:29 - [TEST_STEP][PASSED] - Statement - actualList.add(i, availableStoreList.get(i).getText()): null

2018-06-14 17:33:29 - [TEST_STEP][PASSED] - Statement - actualList.add(i, availableStoreList.get(i).getText()): null

2018-06-14 17:33:29 - [TEST_STEP][PASSED] - Statement - actualList.add(i, availableStoreList.get(i).getText()): null

2018-06-14 17:33:30 - [TEST_STEP][PASSED] - Statement - actualList.add(i, availableStoreList.get(i).getText()): null

2018-06-14 17:33:30 - [TEST_STEP][PASSED] - Statement - actualList.add(i, availableStoreList.get(i).getText()): null

2018-06-14 17:33:30 - [TEST_STEP][PASSED] - Statement - actualList.add(i, availableStoreList.get(i).getText()): null

2018-06-14 17:33:30 - [TEST_STEP][PASSED] - Statement - actualList.add(i, availableStoreList.get(i).getText()): null

2018-06-14 17:33:30 - [TEST_STEP][PASSED] - Statement - actualList.add(i, availableStoreList.get(i).getText()): null

2018-06-14 17:33:30 - [TEST_STEP][PASSED] - Statement - actualList.add(i, availableStoreList.get(i).getText()): null

2018-06-14 17:33:30 - [TEST_STEP][PASSED] - Statement - actualList.add(i, availableStoreList.get(i).getText()): null

2018-06-14 17:33:30 - [TEST_STEP][PASSED] - Statement - actualList.add(i, availableStoreList.get(i).getText()): null

2018-06-14 17:33:30 - [TEST_STEP][PASSED] - Statement - actualList.add(i, availableStoreList.get(i).getText()): null

2018-06-14 17:33:30 - [TEST_STEP][PASSED] - Statement - actualList.add(i, availableStoreList.get(i).getText()): null

2018-06-14 17:33:30 - [TEST_STEP][PASSED] - Statement - actualList.add(i, availableStoreList.get(i).getText()): null

2018-06-14 17:33:30 - [TEST_STEP][PASSED] - Statement - actualList.add(i, availableStoreList.get(i).getText()): null

2018-06-14 17:33:30 - [TEST_STEP][PASSED] - Statement - actualList.add(i, availableStoreList.get(i).getText()): null

2018-06-14 17:33:30 - [TEST_STEP][PASSED] - Statement - actualList.add(i, availableStoreList.get(i).getText()): null

2018-06-14 17:33:30 - [TEST_STEP][PASSED] - Statement - actualList.add(i, availableStoreList.get(i).getText()): null

2018-06-14 17:33:30 - [TEST_STEP][PASSED] - Statement - actualList.add(i, availableStoreList.get(i).getText()): null

2018-06-14 17:33:30 - [TEST_STEP][PASSED] - Statement - actualList.add(i, availableStoreList.get(i).getText()): null

2018-06-14 17:33:30 - [TEST_STEP][PASSED] - Statement - actualList.add(i, availableStoreList.get(i).getText()): null

2018-06-14 17:33:30 - [TEST_STEP][PASSED] - Statement - actualList.add(i, availableStoreList.get(i).getText()): null

2018-06-14 17:33:30 - [TEST_STEP][PASSED] - Statement - actualList.add(i, availableStoreList.get(i).getText()): null

2018-06-14 17:33:30 - [TEST_STEP][PASSED] - Statement - actualList.add(i, availableStoreList.get(i).getText()): null

2018-06-14 17:33:30 - [TEST_STEP][PASSED] - Statement - actualList.add(i, availableStoreList.get(i).getText()): null

2018-06-14 17:33:30 - [TEST_STEP][PASSED] - Statement - actualList.add(i, availableStoreList.get(i).getText()): null

2018-06-14 17:33:30 - [TEST_STEP][PASSED] - Statement - actualList.add(i, availableStoreList.get(i).getText()): null

2018-06-14 17:33:30 - [TEST_STEP][PASSED] - Statement - actualList.add(i, availableStoreList.get(i).getText()): null

2018-06-14 17:33:30 - [TEST_STEP][PASSED] - Statement - actualList.add(i, availableStoreList.get(i).getText()): null

2018-06-14 17:33:30 - [TEST_STEP][PASSED] - Statement - actualList.add(i, availableStoreList.get(i).getText()): null

2018-06-14 17:33:30 - [TEST_STEP][PASSED] - Statement - actualList.add(i, availableStoreList.get(i).getText()): null

2018-06-14 17:33:30 - [TEST_STEP][PASSED] - Statement - actualList.add(i, availableStoreList.get(i).getText()): null

2018-06-14 17:33:30 - [TEST_STEP][PASSED] - Statement - actualList.add(i, availableStoreList.get(i).getText()): null

2018-06-14 17:33:30 - [TEST_STEP][PASSED] - Statement - actualList.add(i, availableStoreList.get(i).getText()): null

2018-06-14 17:33:30 - [TEST_STEP][PASSED] - Statement - actualList.add(i, availableStoreList.get(i).getText()): null

2018-06-14 17:33:30 - [TEST_STEP][PASSED] - Statement - actualList.add(i, availableStoreList.get(i).getText()): null

2018-06-14 17:33:30 - [TEST_STEP][PASSED] - Statement - actualList.add(i, availableStoreList.get(i).getText()): null

2018-06-14 17:33:30 - [TEST_STEP][PASSED] - Statement - actualList.add(i, availableStoreList.get(i).getText()): null

2018-06-14 17:33:30 - [TEST_STEP][PASSED] - Statement - actualList.add(i, availableStoreList.get(i).getText()): null

2018-06-14 17:33:30 - [TEST_STEP][PASSED] - Statement - actualList.add(i, availableStoreList.get(i).getText()): null

2018-06-14 17:33:30 - [TEST_STEP][PASSED] - Statement - actualList.add(i, availableStoreList.get(i).getText()): null

2018-06-14 17:33:30 - [TEST_STEP][PASSED] - Statement - actualList.add(i, availableStoreList.get(i).getText()): null

2018-06-14 17:33:30 - [TEST_STEP][PASSED] - Statement - actualList.add(i, availableStoreList.get(i).getText()): null

2018-06-14 17:33:30 - [TEST_STEP][PASSED] - Statement - actualList.add(i, availableStoreList.get(i).getText()): null

2018-06-14 17:33:30 - [TEST_STEP][PASSED] - Statement - actualList.add(i, availableStoreList.get(i).getText()): null

2018-06-14 17:33:30 - [TEST_STEP][PASSED] - Statement - actualList.add(i, availableStoreList.get(i).getText()): null

2018-06-14 17:33:30 - [TEST_STEP][PASSED] - Statement - actualList.add(i, availableStoreList.get(i).getText()): null

2018-06-14 17:33:30 - [TEST_STEP][PASSED] - Statement - actualList.add(i, availableStoreList.get(i).getText()): null

2018-06-14 17:33:30 - [TEST_STEP][PASSED] - Statement - actualList.add(i, availableStoreList.get(i).getText()): null

2018-06-14 17:33:30 - [TEST_STEP][PASSED] - Statement - actualList.add(i, availableStoreList.get(i).getText()): null

2018-06-14 17:33:30 - [TEST_STEP][PASSED] - Statement - actualList.add(i, availableStoreList.get(i).getText()): null

2018-06-14 17:33:30 - [TEST_STEP][PASSED] - Statement - actualList.add(i, availableStoreList.get(i).getText()): null

2018-06-14 17:33:30 - [TEST_STEP][PASSED] - Statement - actualList.add(i, availableStoreList.get(i).getText()): null

2018-06-14 17:33:30 - [TEST_STEP][PASSED] - Statement - actualList.add(i, availableStoreList.get(i).getText()): null

2018-06-14 17:33:30 - [TEST_STEP][PASSED] - Statement - actualList.add(i, availableStoreList.get(i).getText()): null

2018-06-14 17:33:30 - [TEST_STEP][PASSED] - Statement - actualList.add(i, availableStoreList.get(i).getText()): null

2018-06-14 17:33:30 - [TEST_STEP][PASSED] - Statement - actualList.add(i, availableStoreList.get(i).getText()): null

2018-06-14 17:33:30 - [TEST_STEP][PASSED] - Statement - actualList.add(i, availableStoreList.get(i).getText()): null

2018-06-14 17:33:30 - [TEST_STEP][PASSED] - Statement - actualList.add(i, availableStoreList.get(i).getText()): null

2018-06-14 17:33:30 - [TEST_STEP][PASSED] - Statement - actualList.add(i, availableStoreList.get(i).getText()): null

2018-06-14 17:33:30 - [TEST_STEP][PASSED] - Statement - actualList.add(i, availableStoreList.get(i).getText()): null

2018-06-14 17:33:30 - [TEST_STEP][PASSED] - Statement - actualList.add(i, availableStoreList.get(i).getText()): null

2018-06-14 17:33:30 - [TEST_STEP][PASSED] - Statement - actualList.add(i, availableStoreList.get(i).getText()): null

2018-06-14 17:33:30 - [TEST_STEP][PASSED] - Statement - actualList.add(i, availableStoreList.get(i).getText()): null

2018-06-14 17:33:30 - [TEST_STEP][PASSED] - Statement - actualList.add(i, availableStoreList.get(i).getText()): null

2018-06-14 17:33:30 - [TEST_STEP][PASSED] - Statement - actualList.add(i, availableStoreList.get(i).getText()): null

2018-06-14 17:33:30 - [TEST_STEP][PASSED] - Statement - actualList.add(i, availableStoreList.get(i).getText()): null

2018-06-14 17:33:31 - [TEST_STEP][PASSED] - Statement - actualList.add(i, availableStoreList.get(i).getText()): null

2018-06-14 17:33:31 - [TEST_STEP][PASSED] - Statement - actualList.add(i, availableStoreList.get(i).getText()): null

2018-06-14 17:33:31 - [TEST_STEP][PASSED] - Statement - actualList.add(i, availableStoreList.get(i).getText()): null

2018-06-14 17:33:31 - [TEST_STEP][PASSED] - Statement - actualList.add(i, availableStoreList.get(i).getText()): null

2018-06-14 17:33:31 - [TEST_STEP][PASSED] - Statement - actualList.add(i, availableStoreList.get(i).getText()): null

2018-06-14 17:33:31 - [TEST_STEP][PASSED] - Statement - actualList.add(i, availableStoreList.get(i).getText()): null

2018-06-14 17:33:31 - [TEST_STEP][PASSED] - Statement - actualList.add(i, availableStoreList.get(i).getText()): null

2018-06-14 17:33:31 - [TEST_STEP][PASSED] - Statement - actualList.add(i, availableStoreList.get(i).getText()): null

2018-06-14 17:33:31 - [TEST_STEP][PASSED] - Statement - actualList.add(i, availableStoreList.get(i).getText()): null

2018-06-14 17:33:31 - [TEST_STEP][PASSED] - Statement - actualList.add(i, availableStoreList.get(i).getText()): null

2018-06-14 17:33:31 - [TEST_STEP][PASSED] - Statement - actualList.add(i, availableStoreList.get(i).getText()): null

2018-06-14 17:33:31 - [TEST_STEP][PASSED] - Statement - actualList.add(i, availableStoreList.get(i).getText()): null

2018-06-14 17:33:31 - [TEST_STEP][PASSED] - Statement - actualList.add(i, availableStoreList.get(i).getText()): null

2018-06-14 17:33:31 - [TEST_STEP][PASSED] - Statement - actualList.add(i, availableStoreList.get(i).getText()): null

2018-06-14 17:33:31 - [TEST_STEP][PASSED] - Statement - actualList.add(i, availableStoreList.get(i).getText()): null

2018-06-14 17:33:31 - [TEST_STEP][PASSED] - Statement - actualList.add(i, availableStoreList.get(i).getText()): null

2018-06-14 17:33:31 - [TEST_STEP][PASSED] - Statement - actualList.add(i, availableStoreList.get(i).getText()): null

2018-06-14 17:33:31 - [TEST_STEP][PASSED] - Statement - actualList.add(i, availableStoreList.get(i).getText()): null

2018-06-14 17:33:31 - [TEST_STEP][PASSED] - Statement - actualList.add(i, availableStoreList.get(i).getText()): null

2018-06-14 17:33:31 - [TEST_STEP][PASSED] - Statement - actualList.add(i, availableStoreList.get(i).getText()): null

2018-06-14 17:33:31 - [TEST_STEP][PASSED] - Statement - actualList.add(i, availableStoreList.get(i).getText()): null

2018-06-14 17:33:31 - [TEST_STEP][PASSED] - Statement - actualList.add(i, availableStoreList.get(i).getText()): null

2018-06-14 17:33:31 - [TEST_STEP][PASSED] - Statement - actualList.add(i, availableStoreList.get(i).getText()): null

2018-06-14 17:33:31 - [TEST_STEP][PASSED] - Statement - actualList.add(i, availableStoreList.get(i).getText()): null

2018-06-14 17:33:31 - [TEST_STEP][PASSED] - Statement - actualList.add(i, availableStoreList.get(i).getText()): null

2018-06-14 17:33:31 - [TEST_STEP][PASSED] - Statement - actualList.add(i, availableStoreList.get(i).getText()): null

2018-06-14 17:33:31 - [TEST_STEP][PASSED] - Statement - actualList.add(i, availableStoreList.get(i).getText()): null

2018-06-14 17:33:31 - [TEST_STEP][PASSED] - Statement - actualList.add(i, availableStoreList.get(i).getText()): null

2018-06-14 17:33:31 - [TEST_STEP][PASSED] - Statement - actualList.add(i, availableStoreList.get(i).getText()): null

2018-06-14 17:33:31 - [TEST_STEP][PASSED] - Statement - actualList.add(i, availableStoreList.get(i).getText()): null

2018-06-14 17:33:31 - [TEST_STEP][PASSED] - Statement - actualList.add(i, availableStoreList.get(i).getText()): null

2018-06-14 17:33:31 - [TEST_STEP][PASSED] - Statement - actualList.add(i, availableStoreList.get(i).getText()): null

2018-06-14 17:33:31 - [TEST_STEP][PASSED] - Statement - actualList.add(i, availableStoreList.get(i).getText()): null

2018-06-14 17:33:31 - [TEST_STEP][PASSED] - Statement - actualList.add(i, availableStoreList.get(i).getText()): null

2018-06-14 17:33:31 - [TEST_STEP][PASSED] - Statement - actualList.add(i, availableStoreList.get(i).getText()): null

2018-06-14 17:33:31 - [TEST_STEP][PASSED] - Statement - actualList.add(i, availableStoreList.get(i).getText()): null

2018-06-14 17:33:31 - [TEST_STEP][PASSED] - Statement - actualList.add(i, availableStoreList.get(i).getText()): null

2018-06-14 17:33:31 - [TEST_STEP][PASSED] - Statement - actualList.add(i, availableStoreList.get(i).getText()): null

2018-06-14 17:33:31 - [TEST_STEP][PASSED] - Statement - actualList.add(i, availableStoreList.get(i).getText()): null

2018-06-14 17:33:31 - [TEST_STEP][PASSED] - Statement - actualList.add(i, availableStoreList.get(i).getText()): null

2018-06-14 17:33:31 - [TEST_STEP][PASSED] - Statement - actualList.add(i, availableStoreList.get(i).getText()): null

2018-06-14 17:33:31 - [TEST_STEP][PASSED] - Statement - actualList.add(i, availableStoreList.get(i).getText()): null

2018-06-14 17:33:31 - [TEST_STEP][PASSED] - Statement - actualList.add(i, availableStoreList.get(i).getText()): null

2018-06-14 17:33:31 - [TEST_STEP][PASSED] - Statement - actualList.add(i, availableStoreList.get(i).getText()): null

2018-06-14 17:33:31 - [TEST_STEP][PASSED] - Statement - actualList.add(i, availableStoreList.get(i).getText()): null

2018-06-14 17:33:31 - [TEST_STEP][PASSED] - Statement - actualList.add(i, availableStoreList.get(i).getText()): null

2018-06-14 17:33:31 - [TEST_STEP][PASSED] - Statement - actualList.add(i, availableStoreList.get(i).getText()): null

2018-06-14 17:33:31 - [TEST_STEP][PASSED] - Statement - actualList.add(i, availableStoreList.get(i).getText()): null

2018-06-14 17:33:31 - [TEST_STEP][PASSED] - Statement - actualList.add(i, availableStoreList.get(i).getText()): null

2018-06-14 17:33:31 - [TEST_STEP][PASSED] - Statement - actualList.add(i, availableStoreList.get(i).getText()): null

2018-06-14 17:33:31 - [TEST_STEP][PASSED] - Statement - actualList.add(i, availableStoreList.get(i).getText()): null

2018-06-14 17:33:31 - [TEST_STEP][PASSED] - Statement - actualList.add(i, availableStoreList.get(i).getText()): null

2018-06-14 17:33:31 - [TEST_STEP][PASSED] - Statement - actualList.add(i, availableStoreList.get(i).getText()): null

2018-06-14 17:33:31 - [TEST_STEP][PASSED] - Statement - actualList.add(i, availableStoreList.get(i).getText()): null

2018-06-14 17:33:31 - [TEST_STEP][PASSED] - Statement - actualList.add(i, availableStoreList.get(i).getText()): null

2018-06-14 17:33:31 - [TEST_STEP][PASSED] - Statement - actualList.add(i, availableStoreList.get(i).getText()): null

2018-06-14 17:33:31 - [TEST_STEP][PASSED] - Statement - actualList.add(i, availableStoreList.get(i).getText()): null

2018-06-14 17:33:31 - [TEST_STEP][PASSED] - Statement - actualList.add(i, availableStoreList.get(i).getText()): null

2018-06-14 17:33:31 - [TEST_STEP][PASSED] - Statement - actualList.add(i, availableStoreList.get(i).getText()): null

2018-06-14 17:33:31 - [TEST_STEP][PASSED] - Statement - actualList.add(i, availableStoreList.get(i).getText()): null

2018-06-14 17:33:31 - [TEST_STEP][PASSED] - Statement - actualList.add(i, availableStoreList.get(i).getText()): null

2018-06-14 17:33:31 - [TEST_STEP][PASSED] - Statement - actualList.add(i, availableStoreList.get(i).getText()): null

2018-06-14 17:33:31 - [TEST_STEP][PASSED] - Statement - actualList.add(i, availableStoreList.get(i).getText()): null

2018-06-14 17:33:31 - [TEST_STEP][PASSED] - Statement - actualList.add(i, availableStoreList.get(i).getText()): null

2018-06-14 17:33:31 - [TEST_STEP][PASSED] - Statement - actualList.add(i, availableStoreList.get(i).getText()): null

2018-06-14 17:33:31 - [TEST_STEP][PASSED] - Statement - actualList.add(i, availableStoreList.get(i).getText()): null

2018-06-14 17:33:32 - [TEST_STEP][PASSED] - Statement - actualList.add(i, availableStoreList.get(i).getText()): null

2018-06-14 17:33:32 - [TEST_STEP][PASSED] - Statement - actualList.add(i, availableStoreList.get(i).getText()): null

2018-06-14 17:33:32 - [TEST_STEP][PASSED] - Statement - actualList.add(i, availableStoreList.get(i).getText()): null

2018-06-14 17:33:32 - [TEST_STEP][PASSED] - Statement - actualList.add(i, availableStoreList.get(i).getText()): null

2018-06-14 17:33:32 - [TEST_STEP][PASSED] - Statement - actualList.add(i, availableStoreList.get(i).getText()): null

2018-06-14 17:33:32 - [TEST_STEP][PASSED] - Statement - actualList.add(i, availableStoreList.get(i).getText()): null

2018-06-14 17:33:32 - [TEST_STEP][PASSED] - Statement - actualList.add(i, availableStoreList.get(i).getText()): null

2018-06-14 17:33:32 - [TEST_STEP][PASSED] - Statement - actualList.add(i, availableStoreList.get(i).getText()): null

2018-06-14 17:33:32 - [TEST_STEP][PASSED] - Statement - actualList.add(i, availableStoreList.get(i).getText()): null

2018-06-14 17:33:32 - [TEST_STEP][PASSED] - Statement - actualList.add(i, availableStoreList.get(i).getText()): null

2018-06-14 17:33:32 - [TEST_STEP][PASSED] - Statement - actualList.add(i, availableStoreList.get(i).getText()): null

2018-06-14 17:33:32 - [TEST_STEP][PASSED] - Statement - actualList.add(i, availableStoreList.get(i).getText()): null

2018-06-14 17:33:32 - [TEST_STEP][PASSED] - Statement - actualList.add(i, availableStoreList.get(i).getText()): null

2018-06-14 17:33:32 - [TEST_STEP][PASSED] - Statement - actualList.add(i, availableStoreList.get(i).getText()): null

2018-06-14 17:33:32 - [TEST_STEP][PASSED] - Statement - actualList.add(i, availableStoreList.get(i).getText()): null

2018-06-14 17:33:32 - [TEST_STEP][PASSED] - Statement - actualList.add(i, availableStoreList.get(i).getText()): null

2018-06-14 17:33:32 - [TEST_STEP][PASSED] - Statement - actualList.add(i, availableStoreList.get(i).getText()): null

2018-06-14 17:33:32 - [TEST_STEP][PASSED] - Statement - actualList.add(i, availableStoreList.get(i).getText()): null

2018-06-14 17:33:32 - [TEST_STEP][PASSED] - Statement - actualList.add(i, availableStoreList.get(i).getText()): null

2018-06-14 17:33:32 - [TEST_STEP][PASSED] - Statement - actualList.add(i, availableStoreList.get(i).getText()): null

2018-06-14 17:33:32 - [TEST_STEP][PASSED] - Statement - actualList.add(i, availableStoreList.get(i).getText()): null

2018-06-14 17:33:32 - [TEST_STEP][PASSED] - Statement - actualList.add(i, availableStoreList.get(i).getText()): null

2018-06-14 17:33:32 - [TEST_STEP][PASSED] - Statement - actualList.add(i, availableStoreList.get(i).getText()): null

2018-06-14 17:33:32 - [TEST_STEP][PASSED] - Statement - actualList.add(i, availableStoreList.get(i).getText()): null

2018-06-14 17:33:32 - [TEST_STEP][PASSED] - Statement - actualList.add(i, availableStoreList.get(i).getText()): null

2018-06-14 17:33:32 - [TEST_STEP][PASSED] - Statement - actualList.add(i, availableStoreList.get(i).getText()): null

2018-06-14 17:33:32 - [TEST_STEP][PASSED] - Statement - actualList.add(i, availableStoreList.get(i).getText()): null

2018-06-14 17:33:32 - [TEST_STEP][PASSED] - Statement - actualList.add(i, availableStoreList.get(i).getText()): null

2018-06-14 17:33:32 - [TEST_STEP][PASSED] - Statement - actualList.add(i, availableStoreList.get(i).getText()): null

2018-06-14 17:33:32 - [TEST_STEP][PASSED] - Statement - actualList.add(i, availableStoreList.get(i).getText()): null

2018-06-14 17:33:32 - [TEST_STEP][PASSED] - Statement - actualList.add(i, availableStoreList.get(i).getText()): null

2018-06-14 17:33:32 - [TEST_STEP][PASSED] - Statement - actualList.add(i, availableStoreList.get(i).getText()): null

2018-06-14 17:33:32 - [TEST_STEP][PASSED] - Statement - actualList.add(i, availableStoreList.get(i).getText()): null

2018-06-14 17:33:32 - [TEST_STEP][PASSED] - Statement - actualList.add(i, availableStoreList.get(i).getText()): null

2018-06-14 17:33:32 - [TEST_STEP][PASSED] - Statement - actualList.add(i, availableStoreList.get(i).getText()): null

2018-06-14 17:33:32 - [TEST_STEP][PASSED] - Statement - actualList.add(i, availableStoreList.get(i).getText()): null

2018-06-14 17:33:32 - [TEST_STEP][PASSED] - Statement - actualList.add(i, availableStoreList.get(i).getText()): null

2018-06-14 17:33:32 - [TEST_STEP][PASSED] - Statement - actualList.add(i, availableStoreList.get(i).getText()): null

2018-06-14 17:33:32 - [TEST_STEP][PASSED] - Statement - out.println(actualList): null

2018-06-14 17:33:32 - [TEST_STEP][PASSED] - Statement - If (actualList.containsAll(listOfStores)): null

2018-06-14 17:33:32 - [TEST_STEP][PASSED] - Statement - println("Groups & Stores are displayed in Available Groups/Stores listbox"): null

2018-06-14 17:33:32 - [TEST_STEP][PASSED] - uiaction.CommonUIActions.click: uiaction.CommonUIActions.click is PASSED

2018-06-14 17:33:32 - [MESSAGE][PASSED] - uiaction.CommonUIActions.click is PASSED

2018-06-14 17:33:32 - [TEST_STEP][PASSED] - uiaction.CommonUIActions.click: uiaction.CommonUIActions.click is PASSED

2018-06-14 17:33:32 - [MESSAGE][PASSED] - uiaction.CommonUIActions.click is PASSED

2018-06-14 17:33:32 - [TEST_STEP][PASSED] - uiaction.CommonUIActions.back: uiaction.CommonUIActions.back is PASSED

2018-06-14 17:33:32 - [MESSAGE][PASSED] - Navigate back successfully

2018-06-14 17:33:32 - [MESSAGE][PASSED] - uiaction.CommonUIActions.back is PASSED

2018-06-14 17:33:32 - [TEST_STEP][PASSED] - delay: Delayed 5 second(s)

2018-06-14 17:33:37 - [MESSAGE][PASSED] - Delayed 5 second(s)

2018-06-14 17:33:37 - [TEST_STEP][PASSED] - uiaction.CommonUIActions.back: uiaction.CommonUIActions.back is PASSED

2018-06-14 17:33:37 - [MESSAGE][PASSED] - Navigate back successfully

2018-06-14 17:33:37 - [MESSAGE][PASSED] - uiaction.CommonUIActions.back is PASSED

2018-06-14 17:33:37 - [TEST_STEP][PASSED] - delay: Delayed 5 second(s)

2018-06-14 17:33:42 - [MESSAGE][PASSED] - Delayed 5 second(s)

2018-06-14 17:33:42 - [TEST_STEP][PASSED] - uiaction.CommonUIActions.click: uiaction.CommonUIActions.click is PASSED

2018-06-14 17:33:42 - [MESSAGE][PASSED] - uiaction.CommonUIActions.click is PASSED

2018-06-14 17:33:42 - [TEST_STEP][PASSED] - uiaction.CommonUIActions.click: uiaction.CommonUIActions.click is PASSED

2018-06-14 17:33:42 - [MESSAGE][PASSED] - uiaction.CommonUIActions.click is PASSED

2018-06-14 17:33:42 - [TEST_STEP][PASSED] - uiaction.CommonUIActions.click: uiaction.CommonUIActions.click is PASSED

2018-06-14 17:33:43 - [MESSAGE][PASSED] - uiaction.CommonUIActions.click is PASSED

2018-06-14 17:33:43 - [TEST_STEP][PASSED] - uiaction.CommonUIActions.back: uiaction.CommonUIActions.back is PASSED

2018-06-14 17:33:43 - [MESSAGE][PASSED] - Navigate back successfully

2018-06-14 17:33:43 - [MESSAGE][PASSED] - uiaction.CommonUIActions.back is PASSED

2018-06-14 17:33:43 - [TEST_STEP][PASSED] - delay: Delayed 5 second(s)

2018-06-14 17:33:48 - [MESSAGE][PASSED] - Delayed 5 second(s)

2018-06-14 17:33:48 - [TEST_STEP][PASSED] - uiaction.CommonUIActions.back: uiaction.CommonUIActions.back is PASSED

2018-06-14 17:33:48 - [MESSAGE][PASSED] - Navigate back successfully

2018-06-14 17:33:48 - [MESSAGE][PASSED] - uiaction.CommonUIActions.back is PASSED

2018-06-14 17:33:48 - [TEST_STEP][PASSED] - delay: Delayed 5 second(s)

2018-06-14 17:33:53 - [MESSAGE][PASSED] - Delayed 5 second(s)

2018-06-14 17:33:53 - [TEST_STEP][PASSED] - uiaction.CommonUIActions.click: uiaction.CommonUIActions.click is PASSED

2018-06-14 17:33:53 - [MESSAGE][PASSED] - uiaction.CommonUIActions.click is PASSED

2018-06-14 17:33:53 - [TEST_STEP][PASSED] - delay: Delayed 5 second(s)

2018-06-14 17:33:58 - [MESSAGE][PASSED] - Delayed 5 second(s)

2018-06-14 17:33:58 - [TEST_STEP][PASSED] - uiaction.CommonUIActions.enter: uiaction.CommonUIActions.enter is PASSED

2018-06-14 17:33:58 - [MESSAGE][PASSED] - projectSpecific.Reusability.getTestData is PASSED

2018-06-14 17:33:58 - [MESSAGE][PASSED] - uiaction.CommonUIActions.enter is PASSED

2018-06-14 17:33:58 - [TEST_STEP][PASSED] - uiaction.CommonUIActions.enter: uiaction.CommonUIActions.enter is PASSED

2018-06-14 17:33:58 - [MESSAGE][PASSED] - projectSpecific.Reusability.getTestData is PASSED

2018-06-14 17:33:58 - [MESSAGE][PASSED] - uiaction.CommonUIActions.enter is PASSED

2018-06-14 17:33:58 - [TEST_STEP][PASSED] - delay: Delayed 5 second(s)

2018-06-14 17:34:03 - [MESSAGE][PASSED] - Delayed 5 second(s)

2018-06-14 17:34:03 - [TEST_STEP][PASSED] - Statement - StoresCBList = driver.findElements(org.openqa.selenium.By.xpath(com.kms.katalon.core.testdata.TestDataFactory.findTestData(OR_file).getValue(2, 12))): Reading excel file with source file 'C:\Users\shalinin\Katalon Studio\HME_Scripts\Data Files\HME_OR.xlsx' and sheet name 'Sheet1'

2018-06-14 17:34:03 - [TEST_STEP][PASSED] - Statement - storesLabel = driver.findElements(org.openqa.selenium.By.xpath(com.kms.katalon.core.testdata.TestDataFactory.findTestData(OR_file).getValue(2, 10))): Reading excel file with source file 'C:\Users\shalinin\Katalon Studio\HME_Scripts\Data Files\HME_OR.xlsx' and sheet name 'Sheet1'

2018-06-14 17:34:03 - [TEST_STEP][PASSED] - Statement - groupStoresList = new java.util.ArrayList(): null

2018-06-14 17:34:03 - [TEST_STEP][PASSED] - Statement - out.println(StoresCBList.size()): null

2018-06-14 17:34:03 - [TEST_STEP][PASSED] - Statement - size = StoresCBList.size(): null

2018-06-14 17:34:03 - [TEST_STEP][PASSED] - delay: Delayed 5 second(s)

2018-06-14 17:34:08 - [MESSAGE][PASSED] - Delayed 5 second(s)

2018-06-14 17:34:08 - [TEST_STEP][PASSED] - Statement - For ([i = 0, i < size, (i++)]): null

2018-06-14 17:34:08 - [TEST_STEP][PASSED] - Statement - groupStoresList[i] = storesLabel.get(i).getText(): null

2018-06-14 17:34:08 - [TEST_STEP][PASSED] - Statement - StoresCBList.get(i).click(): null

2018-06-14 17:34:08 - [TEST_STEP][PASSED] - Statement - groupStoresList[i] = storesLabel.get(i).getText(): null

2018-06-14 17:34:08 - [TEST_STEP][PASSED] - Statement - StoresCBList.get(i).click(): null

2018-06-14 17:34:08 - [TEST_STEP][PASSED] - Statement - groupStoresList[i] = storesLabel.get(i).getText(): null

2018-06-14 17:34:08 - [TEST_STEP][PASSED] - Statement - StoresCBList.get(i).click(): null

2018-06-14 17:34:08 - [TEST_STEP][PASSED] - Statement - groupStoresList[i] = storesLabel.get(i).getText(): null

2018-06-14 17:34:08 - [TEST_STEP][PASSED] - Statement - StoresCBList.get(i).click(): null

2018-06-14 17:34:08 - [TEST_STEP][PASSED] - Statement - groupStoresList[i] = storesLabel.get(i).getText(): null

2018-06-14 17:34:08 - [TEST_STEP][PASSED] - Statement - StoresCBList.get(i).click(): null

2018-06-14 17:34:08 - [TEST_STEP][PASSED] - Statement - groupStoresList[i] = storesLabel.get(i).getText(): null

2018-06-14 17:34:08 - [TEST_STEP][PASSED] - Statement - StoresCBList.get(i).click(): null

2018-06-14 17:34:08 - [TEST_STEP][PASSED] - Statement - groupStoresList[i] = storesLabel.get(i).getText(): null

2018-06-14 17:34:08 - [TEST_STEP][PASSED] - Statement - StoresCBList.get(i).click(): null

2018-06-14 17:34:08 - [TEST_STEP][PASSED] - Statement - groupStoresList[i] = storesLabel.get(i).getText(): null

2018-06-14 17:34:08 - [TEST_STEP][PASSED] - Statement - StoresCBList.get(i).click(): null

2018-06-14 17:34:08 - [TEST_STEP][PASSED] - Statement - groupStoresList[i] = storesLabel.get(i).getText(): null

2018-06-14 17:34:08 - [TEST_STEP][PASSED] - Statement - StoresCBList.get(i).click(): null

2018-06-14 17:34:09 - [TEST_STEP][PASSED] - Statement - groupStoresList[i] = storesLabel.get(i).getText(): null

2018-06-14 17:34:09 - [TEST_STEP][PASSED] - Statement - StoresCBList.get(i).click(): null

2018-06-14 17:34:09 - [TEST_STEP][PASSED] - Statement - groupStoresList[i] = storesLabel.get(i).getText(): null

2018-06-14 17:34:09 - [TEST_STEP][PASSED] - Statement - StoresCBList.get(i).click(): null

2018-06-14 17:34:09 - [TEST_STEP][PASSED] - Statement - groupStoresList[i] = storesLabel.get(i).getText(): null

2018-06-14 17:34:09 - [TEST_STEP][PASSED] - Statement - StoresCBList.get(i).click(): null

2018-06-14 17:34:09 - [TEST_STEP][PASSED] - Statement - groupStoresList[i] = storesLabel.get(i).getText(): null

2018-06-14 17:34:09 - [TEST_STEP][PASSED] - Statement - StoresCBList.get(i).click(): null

2018-06-14 17:34:09 - [TEST_STEP][PASSED] - Statement - groupStoresList[i] = storesLabel.get(i).getText(): null

2018-06-14 17:34:09 - [TEST_STEP][PASSED] - Statement - StoresCBList.get(i).click(): null

2018-06-14 17:34:09 - [TEST_STEP][PASSED] - Statement - groupStoresList[i] = storesLabel.get(i).getText(): null

2018-06-14 17:34:09 - [TEST_STEP][PASSED] - Statement - StoresCBList.get(i).click(): null

2018-06-14 17:34:09 - [TEST_STEP][PASSED] - Statement - groupStoresList[i] = storesLabel.get(i).getText(): null

2018-06-14 17:34:09 - [TEST_STEP][PASSED] - Statement - StoresCBList.get(i).click(): null

2018-06-14 17:34:09 - [TEST_STEP][PASSED] - Statement - groupStoresList[i] = storesLabel.get(i).getText(): null

2018-06-14 17:34:09 - [TEST_STEP][PASSED] - Statement - StoresCBList.get(i).click(): null

2018-06-14 17:34:09 - [TEST_STEP][PASSED] - Statement - groupStoresList[i] = storesLabel.get(i).getText(): null

2018-06-14 17:34:09 - [TEST_STEP][PASSED] - Statement - StoresCBList.get(i).click(): null

2018-06-14 17:34:09 - [TEST_STEP][PASSED] - Statement - groupStoresList[i] = storesLabel.get(i).getText(): null

2018-06-14 17:34:09 - [TEST_STEP][PASSED] - Statement - StoresCBList.get(i).click(): null

2018-06-14 17:34:09 - [TEST_STEP][PASSED] - Statement - groupStoresList[i] = storesLabel.get(i).getText(): null

2018-06-14 17:34:09 - [TEST_STEP][PASSED] - Statement - StoresCBList.get(i).click(): null

2018-06-14 17:34:09 - [TEST_STEP][PASSED] - Statement - groupStoresList[i] = storesLabel.get(i).getText(): null

2018-06-14 17:34:09 - [TEST_STEP][PASSED] - Statement - StoresCBList.get(i).click(): null

2018-06-14 17:34:09 - [TEST_STEP][PASSED] - Statement - groupStoresList[i] = storesLabel.get(i).getText(): null

2018-06-14 17:34:09 - [TEST_STEP][PASSED] - Statement - StoresCBList.get(i).click(): null

2018-06-14 17:34:09 - [TEST_STEP][PASSED] - Statement - groupStoresList[i] = storesLabel.get(i).getText(): null

2018-06-14 17:34:09 - [TEST_STEP][PASSED] - Statement - StoresCBList.get(i).click(): null

2018-06-14 17:34:09 - [TEST_STEP][PASSED] - Statement - groupStoresList[i] = storesLabel.get(i).getText(): null

2018-06-14 17:34:09 - [TEST_STEP][PASSED] - Statement - StoresCBList.get(i).click(): null

2018-06-14 17:34:10 - [TEST_STEP][PASSED] - Statement - groupStoresList[i] = storesLabel.get(i).getText(): null

2018-06-14 17:34:10 - [TEST_STEP][PASSED] - Statement - StoresCBList.get(i).click(): null

2018-06-14 17:34:10 - [TEST_STEP][PASSED] - Statement - groupStoresList[i] = storesLabel.get(i).getText(): null

2018-06-14 17:34:10 - [TEST_STEP][PASSED] - Statement - StoresCBList.get(i).click(): null

2018-06-14 17:34:10 - [TEST_STEP][PASSED] - Statement - groupStoresList[i] = storesLabel.get(i).getText(): null

2018-06-14 17:34:10 - [TEST_STEP][PASSED] - Statement - StoresCBList.get(i).click(): null

2018-06-14 17:34:10 - [TEST_STEP][PASSED] - Statement - groupStoresList[i] = storesLabel.get(i).getText(): null

2018-06-14 17:34:10 - [TEST_STEP][PASSED] - Statement - StoresCBList.get(i).click(): null

2018-06-14 17:34:10 - [TEST_STEP][PASSED] - Statement - groupStoresList[i] = storesLabel.get(i).getText(): null

2018-06-14 17:34:10 - [TEST_STEP][PASSED] - Statement - StoresCBList.get(i).click(): null

2018-06-14 17:34:10 - [TEST_STEP][PASSED] - Statement - groupStoresList[i] = storesLabel.get(i).getText(): null

2018-06-14 17:34:10 - [TEST_STEP][PASSED] - Statement - StoresCBList.get(i).click(): null

2018-06-14 17:34:10 - [TEST_STEP][PASSED] - Statement - groupStoresList[i] = storesLabel.get(i).getText(): null

2018-06-14 17:34:10 - [TEST_STEP][PASSED] - Statement - StoresCBList.get(i).click(): null

2018-06-14 17:34:10 - [TEST_STEP][PASSED] - Statement - groupStoresList[i] = storesLabel.get(i).getText(): null

2018-06-14 17:34:10 - [TEST_STEP][PASSED] - Statement - StoresCBList.get(i).click(): null

2018-06-14 17:34:10 - [TEST_STEP][PASSED] - Statement - groupStoresList[i] = storesLabel.get(i).getText(): null

2018-06-14 17:34:10 - [TEST_STEP][PASSED] - Statement - StoresCBList.get(i).click(): null

2018-06-14 17:34:10 - [TEST_STEP][PASSED] - Statement - groupStoresList[i] = storesLabel.get(i).getText(): null

2018-06-14 17:34:10 - [TEST_STEP][PASSED] - Statement - StoresCBList.get(i).click(): null

2018-06-14 17:34:10 - [TEST_STEP][PASSED] - Statement - groupStoresList[i] = storesLabel.get(i).getText(): null

2018-06-14 17:34:10 - [TEST_STEP][PASSED] - Statement - StoresCBList.get(i).click(): null

2018-06-14 17:34:10 - [TEST_STEP][PASSED] - Statement - groupStoresList[i] = storesLabel.get(i).getText(): null

2018-06-14 17:34:10 - [TEST_STEP][PASSED] - Statement - StoresCBList.get(i).click(): null

2018-06-14 17:34:10 - [TEST_STEP][PASSED] - Statement - groupStoresList[i] = storesLabel.get(i).getText(): null

2018-06-14 17:34:10 - [TEST_STEP][PASSED] - Statement - StoresCBList.get(i).click(): null

2018-06-14 17:34:10 - [TEST_STEP][PASSED] - Statement - groupStoresList[i] = storesLabel.get(i).getText(): null

2018-06-14 17:34:10 - [TEST_STEP][PASSED] - Statement - StoresCBList.get(i).click(): null

2018-06-14 17:34:10 - [TEST_STEP][PASSED] - Statement - groupStoresList[i] = storesLabel.get(i).getText(): null

2018-06-14 17:34:10 - [TEST_STEP][PASSED] - Statement - StoresCBList.get(i).click(): null

2018-06-14 17:34:11 - [TEST_STEP][PASSED] - Statement - groupStoresList[i] = storesLabel.get(i).getText(): null

2018-06-14 17:34:11 - [TEST_STEP][PASSED] - Statement - StoresCBList.get(i).click(): null

2018-06-14 17:34:11 - [TEST_STEP][PASSED] - Statement - groupStoresList[i] = storesLabel.get(i).getText(): null

2018-06-14 17:34:11 - [TEST_STEP][PASSED] - Statement - StoresCBList.get(i).click(): null

2018-06-14 17:34:11 - [TEST_STEP][PASSED] - Statement - groupStoresList[i] = storesLabel.get(i).getText(): null

2018-06-14 17:34:11 - [TEST_STEP][PASSED] - Statement - StoresCBList.get(i).click(): null

2018-06-14 17:34:11 - [TEST_STEP][PASSED] - Statement - groupStoresList[i] = storesLabel.get(i).getText(): null

2018-06-14 17:34:11 - [TEST_STEP][PASSED] - Statement - StoresCBList.get(i).click(): null

2018-06-14 17:34:11 - [TEST_STEP][PASSED] - Statement - groupStoresList[i] = storesLabel.get(i).getText(): null

2018-06-14 17:34:11 - [TEST_STEP][PASSED] - Statement - StoresCBList.get(i).click(): null

2018-06-14 17:34:11 - [TEST_STEP][PASSED] - Statement - groupStoresList[i] = storesLabel.get(i).getText(): null

2018-06-14 17:34:11 - [TEST_STEP][PASSED] - Statement - StoresCBList.get(i).click(): null

2018-06-14 17:34:11 - [TEST_STEP][PASSED] - Statement - groupStoresList[i] = storesLabel.get(i).getText(): null

2018-06-14 17:34:11 - [TEST_STEP][PASSED] - Statement - StoresCBList.get(i).click(): null

2018-06-14 17:34:11 - [TEST_STEP][PASSED] - Statement - groupStoresList[i] = storesLabel.get(i).getText(): null

2018-06-14 17:34:11 - [TEST_STEP][PASSED] - Statement - StoresCBList.get(i).click(): null

2018-06-14 17:34:11 - [TEST_STEP][PASSED] - Statement - groupStoresList[i] = storesLabel.get(i).getText(): null

2018-06-14 17:34:11 - [TEST_STEP][PASSED] - Statement - StoresCBList.get(i).click(): null

2018-06-14 17:34:11 - [TEST_STEP][PASSED] - Statement - groupStoresList[i] = storesLabel.get(i).getText(): null

2018-06-14 17:34:11 - [TEST_STEP][PASSED] - Statement - StoresCBList.get(i).click(): null

2018-06-14 17:34:11 - [TEST_STEP][PASSED] - Statement - groupStoresList[i] = storesLabel.get(i).getText(): null

2018-06-14 17:34:11 - [TEST_STEP][PASSED] - Statement - StoresCBList.get(i).click(): null

2018-06-14 17:34:11 - [TEST_STEP][PASSED] - Statement - groupStoresList[i] = storesLabel.get(i).getText(): null

2018-06-14 17:34:11 - [TEST_STEP][PASSED] - Statement - StoresCBList.get(i).click(): null

2018-06-14 17:34:11 - [TEST_STEP][PASSED] - Statement - groupStoresList[i] = storesLabel.get(i).getText(): null

2018-06-14 17:34:11 - [TEST_STEP][PASSED] - Statement - StoresCBList.get(i).click(): null

2018-06-14 17:34:11 - [TEST_STEP][PASSED] - Statement - groupStoresList[i] = storesLabel.get(i).getText(): null

2018-06-14 17:34:11 - [TEST_STEP][PASSED] - Statement - StoresCBList.get(i).click(): null

2018-06-14 17:34:11 - [TEST_STEP][PASSED] - Statement - groupStoresList[i] = storesLabel.get(i).getText(): null

2018-06-14 17:34:11 - [TEST_STEP][PASSED] - Statement - StoresCBList.get(i).click(): null

2018-06-14 17:34:11 - [TEST_STEP][PASSED] - Statement - groupStoresList[i] = storesLabel.get(i).getText(): null

2018-06-14 17:34:11 - [TEST_STEP][PASSED] - Statement - StoresCBList.get(i).click(): null

2018-06-14 17:34:12 - [TEST_STEP][PASSED] - Statement - groupStoresList[i] = storesLabel.get(i).getText(): null

2018-06-14 17:34:12 - [TEST_STEP][PASSED] - Statement - StoresCBList.get(i).click(): null

2018-06-14 17:34:12 - [TEST_STEP][PASSED] - Statement - groupStoresList[i] = storesLabel.get(i).getText(): null

2018-06-14 17:34:12 - [TEST_STEP][PASSED] - Statement - StoresCBList.get(i).click(): null

2018-06-14 17:34:12 - [TEST_STEP][PASSED] - Statement - groupStoresList[i] = storesLabel.get(i).getText(): null

2018-06-14 17:34:12 - [TEST_STEP][PASSED] - Statement - StoresCBList.get(i).click(): null

2018-06-14 17:34:12 - [TEST_STEP][PASSED] - Statement - groupStoresList[i] = storesLabel.get(i).getText(): null

2018-06-14 17:34:12 - [TEST_STEP][PASSED] - Statement - StoresCBList.get(i).click(): null

2018-06-14 17:34:12 - [TEST_STEP][PASSED] - Statement - groupStoresList[i] = storesLabel.get(i).getText(): null

2018-06-14 17:34:12 - [TEST_STEP][PASSED] - Statement - StoresCBList.get(i).click(): null

2018-06-14 17:34:12 - [TEST_STEP][PASSED] - Statement - groupStoresList[i] = storesLabel.get(i).getText(): null

2018-06-14 17:34:12 - [TEST_STEP][PASSED] - Statement - StoresCBList.get(i).click(): null

2018-06-14 17:34:12 - [TEST_STEP][PASSED] - Statement - groupStoresList[i] = storesLabel.get(i).getText(): null

2018-06-14 17:34:12 - [TEST_STEP][PASSED] - Statement - StoresCBList.get(i).click(): null

2018-06-14 17:34:12 - [TEST_STEP][PASSED] - Statement - groupStoresList[i] = storesLabel.get(i).getText(): null

2018-06-14 17:34:12 - [TEST_STEP][PASSED] - Statement - StoresCBList.get(i).click(): null

2018-06-14 17:34:12 - [TEST_STEP][PASSED] - Statement - groupStoresList[i] = storesLabel.get(i).getText(): null

2018-06-14 17:34:12 - [TEST_STEP][PASSED] - Statement - StoresCBList.get(i).click(): null

2018-06-14 17:34:12 - [TEST_STEP][PASSED] - Statement - groupStoresList[i] = storesLabel.get(i).getText(): null

2018-06-14 17:34:12 - [TEST_STEP][PASSED] - Statement - StoresCBList.get(i).click(): null

2018-06-14 17:34:12 - [TEST_STEP][PASSED] - Statement - groupStoresList[i] = storesLabel.get(i).getText(): null

2018-06-14 17:34:12 - [TEST_STEP][PASSED] - Statement - StoresCBList.get(i).click(): null

2018-06-14 17:34:12 - [TEST_STEP][PASSED] - Statement - groupStoresList[i] = storesLabel.get(i).getText(): null

2018-06-14 17:34:12 - [TEST_STEP][PASSED] - Statement - StoresCBList.get(i).click(): null

2018-06-14 17:34:12 - [TEST_STEP][PASSED] - Statement - groupStoresList[i] = storesLabel.get(i).getText(): null

2018-06-14 17:34:12 - [TEST_STEP][PASSED] - Statement - StoresCBList.get(i).click(): null

2018-06-14 17:34:12 - [TEST_STEP][PASSED] - Statement - groupStoresList[i] = storesLabel.get(i).getText(): null

2018-06-14 17:34:12 - [TEST_STEP][PASSED] - Statement - StoresCBList.get(i).click(): null

2018-06-14 17:34:12 - [TEST_STEP][PASSED] - Statement - groupStoresList[i] = storesLabel.get(i).getText(): null

2018-06-14 17:34:12 - [TEST_STEP][PASSED] - Statement - StoresCBList.get(i).click(): null

2018-06-14 17:34:13 - [TEST_STEP][PASSED] - Statement - groupStoresList[i] = storesLabel.get(i).getText(): null

2018-06-14 17:34:13 - [TEST_STEP][PASSED] - Statement - StoresCBList.get(i).click(): null

2018-06-14 17:34:13 - [TEST_STEP][PASSED] - Statement - groupStoresList[i] = storesLabel.get(i).getText(): null

2018-06-14 17:34:13 - [TEST_STEP][PASSED] - Statement - StoresCBList.get(i).click(): null

2018-06-14 17:34:13 - [TEST_STEP][PASSED] - Statement - groupStoresList[i] = storesLabel.get(i).getText(): null

2018-06-14 17:34:13 - [TEST_STEP][PASSED] - Statement - StoresCBList.get(i).click(): null

2018-06-14 17:34:13 - [TEST_STEP][PASSED] - Statement - groupStoresList[i] = storesLabel.get(i).getText(): null

2018-06-14 17:34:13 - [TEST_STEP][PASSED] - Statement - StoresCBList.get(i).click(): null

2018-06-14 17:34:13 - [TEST_STEP][PASSED] - Statement - groupStoresList[i] = storesLabel.get(i).getText(): null

2018-06-14 17:34:13 - [TEST_STEP][PASSED] - Statement - StoresCBList.get(i).click(): null

2018-06-14 17:34:13 - [TEST_STEP][PASSED] - Statement - groupStoresList[i] = storesLabel.get(i).getText(): null

2018-06-14 17:34:13 - [TEST_STEP][PASSED] - Statement - StoresCBList.get(i).click(): null

2018-06-14 17:34:13 - [TEST_STEP][PASSED] - Statement - groupStoresList[i] = storesLabel.get(i).getText(): null

2018-06-14 17:34:13 - [TEST_STEP][PASSED] - Statement - StoresCBList.get(i).click(): null

2018-06-14 17:34:13 - [TEST_STEP][PASSED] - Statement - groupStoresList[i] = storesLabel.get(i).getText(): null

2018-06-14 17:34:13 - [TEST_STEP][PASSED] - Statement - StoresCBList.get(i).click(): null

2018-06-14 17:34:13 - [TEST_STEP][PASSED] - Statement - groupStoresList[i] = storesLabel.get(i).getText(): null

2018-06-14 17:34:13 - [TEST_STEP][PASSED] - Statement - StoresCBList.get(i).click(): null

2018-06-14 17:34:13 - [TEST_STEP][PASSED] - Statement - groupStoresList[i] = storesLabel.get(i).getText(): null

2018-06-14 17:34:13 - [TEST_STEP][PASSED] - Statement - StoresCBList.get(i).click(): null

2018-06-14 17:34:13 - [TEST_STEP][PASSED] - Statement - groupStoresList[i] = storesLabel.get(i).getText(): null

2018-06-14 17:34:13 - [TEST_STEP][PASSED] - Statement - StoresCBList.get(i).click(): null

2018-06-14 17:34:13 - [TEST_STEP][PASSED] - Statement - groupStoresList[i] = storesLabel.get(i).getText(): null

2018-06-14 17:34:13 - [TEST_STEP][PASSED] - Statement - StoresCBList.get(i).click(): null

2018-06-14 17:34:13 - [TEST_STEP][PASSED] - Statement - groupStoresList[i] = storesLabel.get(i).getText(): null

2018-06-14 17:34:13 - [TEST_STEP][PASSED] - Statement - StoresCBList.get(i).click(): null

2018-06-14 17:34:13 - [TEST_STEP][PASSED] - Statement - groupStoresList[i] = storesLabel.get(i).getText(): null

2018-06-14 17:34:13 - [TEST_STEP][PASSED] - Statement - StoresCBList.get(i).click(): null

2018-06-14 17:34:13 - [TEST_STEP][PASSED] - Statement - groupStoresList[i] = storesLabel.get(i).getText(): null

2018-06-14 17:34:13 - [TEST_STEP][PASSED] - Statement - StoresCBList.get(i).click(): null

2018-06-14 17:34:14 - [TEST_STEP][PASSED] - Statement - groupStoresList[i] = storesLabel.get(i).getText(): null

2018-06-14 17:34:14 - [TEST_STEP][PASSED] - Statement - StoresCBList.get(i).click(): null

2018-06-14 17:34:14 - [TEST_STEP][PASSED] - Statement - groupStoresList[i] = storesLabel.get(i).getText(): null

2018-06-14 17:34:14 - [TEST_STEP][PASSED] - Statement - StoresCBList.get(i).click(): null

2018-06-14 17:34:14 - [TEST_STEP][PASSED] - Statement - groupStoresList[i] = storesLabel.get(i).getText(): null

2018-06-14 17:34:14 - [TEST_STEP][PASSED] - Statement - StoresCBList.get(i).click(): null

2018-06-14 17:34:14 - [TEST_STEP][PASSED] - Statement - groupStoresList[i] = storesLabel.get(i).getText(): null

2018-06-14 17:34:14 - [TEST_STEP][PASSED] - Statement - StoresCBList.get(i).click(): null

2018-06-14 17:34:14 - [TEST_STEP][PASSED] - Statement - groupStoresList[i] = storesLabel.get(i).getText(): null

2018-06-14 17:34:14 - [TEST_STEP][PASSED] - Statement - StoresCBList.get(i).click(): null

2018-06-14 17:34:14 - [TEST_STEP][PASSED] - Statement - groupStoresList[i] = storesLabel.get(i).getText(): null

2018-06-14 17:34:14 - [TEST_STEP][PASSED] - Statement - StoresCBList.get(i).click(): null

2018-06-14 17:34:14 - [TEST_STEP][PASSED] - Statement - groupStoresList[i] = storesLabel.get(i).getText(): null

2018-06-14 17:34:14 - [TEST_STEP][PASSED] - Statement - StoresCBList.get(i).click(): null

2018-06-14 17:34:14 - [TEST_STEP][PASSED] - Statement - groupStoresList[i] = storesLabel.get(i).getText(): null

2018-06-14 17:34:14 - [TEST_STEP][PASSED] - Statement - StoresCBList.get(i).click(): null

2018-06-14 17:34:14 - [TEST_STEP][PASSED] - Statement - groupStoresList[i] = storesLabel.get(i).getText(): null

2018-06-14 17:34:14 - [TEST_STEP][PASSED] - Statement - StoresCBList.get(i).click(): null

2018-06-14 17:34:14 - [TEST_STEP][PASSED] - Statement - groupStoresList[i] = storesLabel.get(i).getText(): null

2018-06-14 17:34:14 - [TEST_STEP][PASSED] - Statement - StoresCBList.get(i).click(): null

2018-06-14 17:34:14 - [TEST_STEP][PASSED] - Statement - groupStoresList[i] = storesLabel.get(i).getText(): null

2018-06-14 17:34:14 - [TEST_STEP][PASSED] - Statement - StoresCBList.get(i).click(): null

2018-06-14 17:34:14 - [TEST_STEP][PASSED] - Statement - groupStoresList[i] = storesLabel.get(i).getText(): null

2018-06-14 17:34:14 - [TEST_STEP][PASSED] - Statement - StoresCBList.get(i).click(): null

2018-06-14 17:34:14 - [TEST_STEP][PASSED] - Statement - groupStoresList[i] = storesLabel.get(i).getText(): null

2018-06-14 17:34:14 - [TEST_STEP][PASSED] - Statement - StoresCBList.get(i).click(): null

2018-06-14 17:34:14 - [TEST_STEP][PASSED] - Statement - groupStoresList[i] = storesLabel.get(i).getText(): null

2018-06-14 17:34:14 - [TEST_STEP][PASSED] - Statement - StoresCBList.get(i).click(): null

2018-06-14 17:34:14 - [TEST_STEP][PASSED] - Statement - groupStoresList[i] = storesLabel.get(i).getText(): null

2018-06-14 17:34:14 - [TEST_STEP][PASSED] - Statement - StoresCBList.get(i).click(): null

2018-06-14 17:34:14 - [TEST_STEP][PASSED] - Statement - groupStoresList[i] = storesLabel.get(i).getText(): null

2018-06-14 17:34:15 - [TEST_STEP][PASSED] - Statement - StoresCBList.get(i).click(): null

2018-06-14 17:34:15 - [TEST_STEP][PASSED] - Statement - groupStoresList[i] = storesLabel.get(i).getText(): null

2018-06-14 17:34:15 - [TEST_STEP][PASSED] - Statement - StoresCBList.get(i).click(): null

2018-06-14 17:34:15 - [TEST_STEP][PASSED] - Statement - groupStoresList[i] = storesLabel.get(i).getText(): null

2018-06-14 17:34:15 - [TEST_STEP][PASSED] - Statement - StoresCBList.get(i).click(): null

2018-06-14 17:34:15 - [TEST_STEP][PASSED] - Statement - groupStoresList[i] = storesLabel.get(i).getText(): null

2018-06-14 17:34:15 - [TEST_STEP][PASSED] - Statement - StoresCBList.get(i).click(): null

2018-06-14 17:34:15 - [TEST_STEP][PASSED] - Statement - groupStoresList[i] = storesLabel.get(i).getText(): null

2018-06-14 17:34:15 - [TEST_STEP][PASSED] - Statement - StoresCBList.get(i).click(): null

2018-06-14 17:34:15 - [TEST_STEP][PASSED] - Statement - groupStoresList[i] = storesLabel.get(i).getText(): null

2018-06-14 17:34:15 - [TEST_STEP][PASSED] - Statement - StoresCBList.get(i).click(): null

2018-06-14 17:34:15 - [TEST_STEP][PASSED] - Statement - groupStoresList[i] = storesLabel.get(i).getText(): null

2018-06-14 17:34:15 - [TEST_STEP][PASSED] - Statement - StoresCBList.get(i).click(): null

2018-06-14 17:34:15 - [TEST_STEP][PASSED] - Statement - groupStoresList[i] = storesLabel.get(i).getText(): null

2018-06-14 17:34:15 - [TEST_STEP][PASSED] - Statement - StoresCBList.get(i).click(): null

2018-06-14 17:34:15 - [TEST_STEP][PASSED] - Statement - groupStoresList[i] = storesLabel.get(i).getText(): null

2018-06-14 17:34:15 - [TEST_STEP][PASSED] - Statement - StoresCBList.get(i).click(): null

2018-06-14 17:34:15 - [TEST_STEP][PASSED] - Statement - groupStoresList[i] = storesLabel.get(i).getText(): null

2018-06-14 17:34:15 - [TEST_STEP][PASSED] - Statement - StoresCBList.get(i).click(): null

2018-06-14 17:34:15 - [TEST_STEP][PASSED] - Statement - groupStoresList[i] = storesLabel.get(i).getText(): null

2018-06-14 17:34:15 - [TEST_STEP][PASSED] - Statement - StoresCBList.get(i).click(): null

2018-06-14 17:34:15 - [TEST_STEP][PASSED] - Statement - groupStoresList[i] = storesLabel.get(i).getText(): null

2018-06-14 17:34:15 - [TEST_STEP][PASSED] - Statement - StoresCBList.get(i).click(): null

2018-06-14 17:34:15 - [TEST_STEP][PASSED] - Statement - groupStoresList[i] = storesLabel.get(i).getText(): null

2018-06-14 17:34:15 - [TEST_STEP][PASSED] - Statement - StoresCBList.get(i).click(): null

2018-06-14 17:34:15 - [TEST_STEP][PASSED] - Statement - groupStoresList[i] = storesLabel.get(i).getText(): null

2018-06-14 17:34:15 - [TEST_STEP][PASSED] - Statement - StoresCBList.get(i).click(): null

2018-06-14 17:34:15 - [TEST_STEP][PASSED] - Statement - groupStoresList[i] = storesLabel.get(i).getText(): null

2018-06-14 17:34:15 - [TEST_STEP][PASSED] - Statement - StoresCBList.get(i).click(): null

2018-06-14 17:34:15 - [TEST_STEP][PASSED] - Statement - groupStoresList[i] = storesLabel.get(i).getText(): null

2018-06-14 17:34:15 - [TEST_STEP][PASSED] - Statement - StoresCBList.get(i).click(): null

2018-06-14 17:34:15 - [TEST_STEP][PASSED] - Statement - groupStoresList[i] = storesLabel.get(i).getText(): null

2018-06-14 17:34:16 - [TEST_STEP][PASSED] - Statement - StoresCBList.get(i).click(): null

2018-06-14 17:34:16 - [TEST_STEP][PASSED] - Statement - groupStoresList[i] = storesLabel.get(i).getText(): null

2018-06-14 17:34:16 - [TEST_STEP][PASSED] - Statement - StoresCBList.get(i).click(): null

2018-06-14 17:34:16 - [TEST_STEP][PASSED] - Statement - groupStoresList[i] = storesLabel.get(i).getText(): null

2018-06-14 17:34:16 - [TEST_STEP][PASSED] - Statement - StoresCBList.get(i).click(): null

2018-06-14 17:34:16 - [TEST_STEP][PASSED] - Statement - groupStoresList[i] = storesLabel.get(i).getText(): null

2018-06-14 17:34:16 - [TEST_STEP][PASSED] - Statement - StoresCBList.get(i).click(): null

2018-06-14 17:34:16 - [TEST_STEP][PASSED] - Statement - groupStoresList[i] = storesLabel.get(i).getText(): null

2018-06-14 17:34:16 - [TEST_STEP][PASSED] - Statement - StoresCBList.get(i).click(): null

2018-06-14 17:34:16 - [TEST_STEP][PASSED] - Statement - groupStoresList[i] = storesLabel.get(i).getText(): null

2018-06-14 17:34:16 - [TEST_STEP][PASSED] - Statement - StoresCBList.get(i).click(): null

2018-06-14 17:34:16 - [TEST_STEP][PASSED] - Statement - groupStoresList[i] = storesLabel.get(i).getText(): null

2018-06-14 17:34:16 - [TEST_STEP][PASSED] - Statement - StoresCBList.get(i).click(): null

2018-06-14 17:34:16 - [TEST_STEP][PASSED] - Statement - groupStoresList[i] = storesLabel.get(i).getText(): null

2018-06-14 17:34:16 - [TEST_STEP][PASSED] - Statement - StoresCBList.get(i).click(): null

2018-06-14 17:34:16 - [TEST_STEP][PASSED] - Statement - groupStoresList[i] = storesLabel.get(i).getText(): null

2018-06-14 17:34:16 - [TEST_STEP][PASSED] - Statement - StoresCBList.get(i).click(): null

2018-06-14 17:34:16 - [TEST_STEP][PASSED] - Statement - groupStoresList[i] = storesLabel.get(i).getText(): null

2018-06-14 17:34:16 - [TEST_STEP][PASSED] - Statement - StoresCBList.get(i).click(): null

2018-06-14 17:34:16 - [TEST_STEP][PASSED] - Statement - groupStoresList[i] = storesLabel.get(i).getText(): null

2018-06-14 17:34:16 - [TEST_STEP][PASSED] - Statement - StoresCBList.get(i).click(): null

2018-06-14 17:34:16 - [TEST_STEP][PASSED] - Statement - groupStoresList[i] = storesLabel.get(i).getText(): null

2018-06-14 17:34:16 - [TEST_STEP][PASSED] - Statement - StoresCBList.get(i).click(): null

2018-06-14 17:34:16 - [TEST_STEP][PASSED] - Statement - groupStoresList[i] = storesLabel.get(i).getText(): null

2018-06-14 17:34:16 - [TEST_STEP][PASSED] - Statement - StoresCBList.get(i).click(): null

2018-06-14 17:34:16 - [TEST_STEP][PASSED] - Statement - groupStoresList[i] = storesLabel.get(i).getText(): null

2018-06-14 17:34:16 - [TEST_STEP][PASSED] - Statement - StoresCBList.get(i).click(): null

2018-06-14 17:34:16 - [TEST_STEP][PASSED] - Statement - groupStoresList[i] = storesLabel.get(i).getText(): null

2018-06-14 17:34:16 - [TEST_STEP][PASSED] - Statement - StoresCBList.get(i).click(): null

2018-06-14 17:34:16 - [TEST_STEP][PASSED] - Statement - groupStoresList[i] = storesLabel.get(i).getText(): null

2018-06-14 17:34:17 - [TEST_STEP][PASSED] - Statement - StoresCBList.get(i).click(): null

2018-06-14 17:34:17 - [TEST_STEP][PASSED] - Statement - groupStoresList[i] = storesLabel.get(i).getText(): null

2018-06-14 17:34:17 - [TEST_STEP][PASSED] - Statement - StoresCBList.get(i).click(): null

2018-06-14 17:34:17 - [TEST_STEP][PASSED] - Statement - groupStoresList[i] = storesLabel.get(i).getText(): null

2018-06-14 17:34:17 - [TEST_STEP][PASSED] - Statement - StoresCBList.get(i).click(): null

2018-06-14 17:34:17 - [TEST_STEP][PASSED] - Statement - groupStoresList[i] = storesLabel.get(i).getText(): null

2018-06-14 17:34:17 - [TEST_STEP][PASSED] - Statement - StoresCBList.get(i).click(): null

2018-06-14 17:34:17 - [TEST_STEP][PASSED] - Statement - groupStoresList[i] = storesLabel.get(i).getText(): null

2018-06-14 17:34:17 - [TEST_STEP][PASSED] - Statement - StoresCBList.get(i).click(): null

2018-06-14 17:34:17 - [TEST_STEP][PASSED] - Statement - groupStoresList[i] = storesLabel.get(i).getText(): null

2018-06-14 17:34:17 - [TEST_STEP][PASSED] - Statement - StoresCBList.get(i).click(): null

2018-06-14 17:34:17 - [TEST_STEP][PASSED] - Statement - groupStoresList[i] = storesLabel.get(i).getText(): null

2018-06-14 17:34:17 - [TEST_STEP][PASSED] - Statement - StoresCBList.get(i).click(): null

2018-06-14 17:34:17 - [TEST_STEP][PASSED] - Statement - groupStoresList[i] = storesLabel.get(i).getText(): null

2018-06-14 17:34:17 - [TEST_STEP][PASSED] - Statement - StoresCBList.get(i).click(): null

2018-06-14 17:34:17 - [TEST_STEP][PASSED] - Statement - groupStoresList[i] = storesLabel.get(i).getText(): null

2018-06-14 17:34:17 - [TEST_STEP][PASSED] - Statement - StoresCBList.get(i).click(): null

2018-06-14 17:34:17 - [TEST_STEP][PASSED] - Statement - groupStoresList[i] = storesLabel.get(i).getText(): null

2018-06-14 17:34:17 - [TEST_STEP][PASSED] - Statement - StoresCBList.get(i).click(): null

2018-06-14 17:34:17 - [TEST_STEP][PASSED] - Statement - groupStoresList[i] = storesLabel.get(i).getText(): null

2018-06-14 17:34:17 - [TEST_STEP][PASSED] - Statement - StoresCBList.get(i).click(): null

2018-06-14 17:34:17 - [TEST_STEP][PASSED] - Statement - groupStoresList[i] = storesLabel.get(i).getText(): null

2018-06-14 17:34:17 - [TEST_STEP][PASSED] - Statement - StoresCBList.get(i).click(): null

2018-06-14 17:34:17 - [TEST_STEP][PASSED] - Statement - groupStoresList[i] = storesLabel.get(i).getText(): null

2018-06-14 17:34:17 - [TEST_STEP][PASSED] - Statement - StoresCBList.get(i).click(): null

2018-06-14 17:34:17 - [TEST_STEP][PASSED] - Statement - groupStoresList[i] = storesLabel.get(i).getText(): null

2018-06-14 17:34:17 - [TEST_STEP][PASSED] - Statement - StoresCBList.get(i).click(): null

2018-06-14 17:34:17 - [TEST_STEP][PASSED] - Statement - groupStoresList[i] = storesLabel.get(i).getText(): null

2018-06-14 17:34:17 - [TEST_STEP][PASSED] - Statement - StoresCBList.get(i).click(): null

2018-06-14 17:34:17 - [TEST_STEP][PASSED] - Statement - groupStoresList[i] = storesLabel.get(i).getText(): null

2018-06-14 17:34:17 - [TEST_STEP][PASSED] - Statement - StoresCBList.get(i).click(): null

2018-06-14 17:34:18 - [TEST_STEP][PASSED] - Statement - groupStoresList[i] = storesLabel.get(i).getText(): null

2018-06-14 17:34:18 - [TEST_STEP][PASSED] - Statement - StoresCBList.get(i).click(): null

2018-06-14 17:34:18 - [TEST_STEP][PASSED] - Statement - groupStoresList[i] = storesLabel.get(i).getText(): null

2018-06-14 17:34:18 - [TEST_STEP][PASSED] - Statement - StoresCBList.get(i).click(): null

2018-06-14 17:34:18 - [TEST_STEP][PASSED] - Statement - groupStoresList[i] = storesLabel.get(i).getText(): null

2018-06-14 17:34:18 - [TEST_STEP][PASSED] - Statement - StoresCBList.get(i).click(): null

2018-06-14 17:34:18 - [TEST_STEP][PASSED] - Statement - groupStoresList[i] = storesLabel.get(i).getText(): null

2018-06-14 17:34:18 - [TEST_STEP][PASSED] - Statement - StoresCBList.get(i).click(): null

2018-06-14 17:34:18 - [TEST_STEP][PASSED] - Statement - groupStoresList[i] = storesLabel.get(i).getText(): null

2018-06-14 17:34:18 - [TEST_STEP][PASSED] - Statement - StoresCBList.get(i).click(): null

2018-06-14 17:34:18 - [TEST_STEP][PASSED] - Statement - groupStoresList[i] = storesLabel.get(i).getText(): null

2018-06-14 17:34:18 - [TEST_STEP][PASSED] - Statement - StoresCBList.get(i).click(): null

2018-06-14 17:34:18 - [TEST_STEP][PASSED] - Statement - groupStoresList[i] = storesLabel.get(i).getText(): null

2018-06-14 17:34:18 - [TEST_STEP][PASSED] - Statement - StoresCBList.get(i).click(): null

2018-06-14 17:34:18 - [TEST_STEP][PASSED] - Statement - groupStoresList[i] = storesLabel.get(i).getText(): null

2018-06-14 17:34:18 - [TEST_STEP][PASSED] - Statement - StoresCBList.get(i).click(): null

2018-06-14 17:34:18 - [TEST_STEP][PASSED] - Statement - groupStoresList[i] = storesLabel.get(i).getText(): null

2018-06-14 17:34:18 - [TEST_STEP][PASSED] - Statement - StoresCBList.get(i).click(): null

2018-06-14 17:34:18 - [TEST_STEP][PASSED] - Statement - groupStoresList[i] = storesLabel.get(i).getText(): null

2018-06-14 17:34:18 - [TEST_STEP][PASSED] - Statement - StoresCBList.get(i).click(): null

2018-06-14 17:34:18 - [TEST_STEP][PASSED] - Statement - groupStoresList[i] = storesLabel.get(i).getText(): null

2018-06-14 17:34:18 - [TEST_STEP][PASSED] - Statement - StoresCBList.get(i).click(): null

2018-06-14 17:34:18 - [TEST_STEP][PASSED] - Statement - groupStoresList[i] = storesLabel.get(i).getText(): null

2018-06-14 17:34:18 - [TEST_STEP][PASSED] - Statement - StoresCBList.get(i).click(): null

2018-06-14 17:34:18 - [TEST_STEP][PASSED] - Statement - groupStoresList[i] = storesLabel.get(i).getText(): null

2018-06-14 17:34:18 - [TEST_STEP][PASSED] - Statement - StoresCBList.get(i).click(): null

2018-06-14 17:34:18 - [TEST_STEP][PASSED] - Statement - groupStoresList[i] = storesLabel.get(i).getText(): null

2018-06-14 17:34:18 - [TEST_STEP][PASSED] - Statement - StoresCBList.get(i).click(): null

2018-06-14 17:34:18 - [TEST_STEP][PASSED] - Statement - groupStoresList[i] = storesLabel.get(i).getText(): null

2018-06-14 17:34:18 - [TEST_STEP][PASSED] - Statement - StoresCBList.get(i).click(): null

2018-06-14 17:34:19 - [TEST_STEP][PASSED] - Statement - groupStoresList[i] = storesLabel.get(i).getText(): null

2018-06-14 17:34:19 - [TEST_STEP][PASSED] - Statement - StoresCBList.get(i).click(): null

2018-06-14 17:34:19 - [TEST_STEP][PASSED] - Statement - groupStoresList[i] = storesLabel.get(i).getText(): null

2018-06-14 17:34:19 - [TEST_STEP][PASSED] - Statement - StoresCBList.get(i).click(): null

2018-06-14 17:34:19 - [TEST_STEP][PASSED] - Statement - groupStoresList[i] = storesLabel.get(i).getText(): null

2018-06-14 17:34:19 - [TEST_STEP][PASSED] - Statement - StoresCBList.get(i).click(): null

2018-06-14 17:34:19 - [TEST_STEP][PASSED] - Statement - groupStoresList[i] = storesLabel.get(i).getText(): null

2018-06-14 17:34:19 - [TEST_STEP][PASSED] - Statement - StoresCBList.get(i).click(): null

2018-06-14 17:34:19 - [TEST_STEP][PASSED] - Statement - groupStoresList[i] = storesLabel.get(i).getText(): null

2018-06-14 17:34:19 - [TEST_STEP][PASSED] - Statement - StoresCBList.get(i).click(): null

2018-06-14 17:34:19 - [TEST_STEP][PASSED] - Statement - groupStoresList[i] = storesLabel.get(i).getText(): null

2018-06-14 17:34:19 - [TEST_STEP][PASSED] - Statement - StoresCBList.get(i).click(): null

2018-06-14 17:34:19 - [TEST_STEP][PASSED] - Statement - groupStoresList[i] = storesLabel.get(i).getText(): null

2018-06-14 17:34:19 - [TEST_STEP][PASSED] - Statement - StoresCBList.get(i).click(): null

2018-06-14 17:34:19 - [TEST_STEP][PASSED] - Statement - groupStoresList[i] = storesLabel.get(i).getText(): null

2018-06-14 17:34:19 - [TEST_STEP][PASSED] - Statement - StoresCBList.get(i).click(): null

2018-06-14 17:34:19 - [TEST_STEP][PASSED] - Statement - groupStoresList[i] = storesLabel.get(i).getText(): null

2018-06-14 17:34:19 - [TEST_STEP][PASSED] - Statement - StoresCBList.get(i).click(): null

2018-06-14 17:34:19 - [TEST_STEP][PASSED] - Statement - groupStoresList[i] = storesLabel.get(i).getText(): null

2018-06-14 17:34:19 - [TEST_STEP][PASSED] - Statement - StoresCBList.get(i).click(): null

2018-06-14 17:34:19 - [TEST_STEP][PASSED] - Statement - groupStoresList[i] = storesLabel.get(i).getText(): null

2018-06-14 17:34:19 - [TEST_STEP][PASSED] - Statement - StoresCBList.get(i).click(): null

2018-06-14 17:34:19 - [TEST_STEP][PASSED] - Statement - groupStoresList[i] = storesLabel.get(i).getText(): null

2018-06-14 17:34:19 - [TEST_STEP][PASSED] - Statement - StoresCBList.get(i).click(): null

2018-06-14 17:34:19 - [TEST_STEP][PASSED] - Statement - groupStoresList[i] = storesLabel.get(i).getText(): null

2018-06-14 17:34:19 - [TEST_STEP][PASSED] - Statement - StoresCBList.get(i).click(): null

2018-06-14 17:34:19 - [TEST_STEP][PASSED] - Statement - groupStoresList[i] = storesLabel.get(i).getText(): null

2018-06-14 17:34:19 - [TEST_STEP][PASSED] - Statement - StoresCBList.get(i).click(): null

2018-06-14 17:34:19 - [TEST_STEP][PASSED] - Statement - groupStoresList[i] = storesLabel.get(i).getText(): null

2018-06-14 17:34:19 - [TEST_STEP][PASSED] - Statement - StoresCBList.get(i).click(): null

2018-06-14 17:34:20 - [TEST_STEP][PASSED] - Statement - groupStoresList[i] = storesLabel.get(i).getText(): null

2018-06-14 17:34:20 - [TEST_STEP][PASSED] - Statement - StoresCBList.get(i).click(): null

2018-06-14 17:34:20 - [TEST_STEP][PASSED] - Statement - groupStoresList[i] = storesLabel.get(i).getText(): null

2018-06-14 17:34:20 - [TEST_STEP][PASSED] - Statement - StoresCBList.get(i).click(): null

2018-06-14 17:34:20 - [TEST_STEP][PASSED] - Statement - groupStoresList[i] = storesLabel.get(i).getText(): null

2018-06-14 17:34:20 - [TEST_STEP][PASSED] - Statement - StoresCBList.get(i).click(): null

2018-06-14 17:34:20 - [TEST_STEP][PASSED] - Statement - groupStoresList[i] = storesLabel.get(i).getText(): null

2018-06-14 17:34:20 - [TEST_STEP][PASSED] - Statement - StoresCBList.get(i).click(): null

2018-06-14 17:34:20 - [TEST_STEP][PASSED] - Statement - groupStoresList[i] = storesLabel.get(i).getText(): null

2018-06-14 17:34:20 - [TEST_STEP][PASSED] - Statement - StoresCBList.get(i).click(): null

2018-06-14 17:34:20 - [TEST_STEP][PASSED] - Statement - groupStoresList[i] = storesLabel.get(i).getText(): null

2018-06-14 17:34:20 - [TEST_STEP][PASSED] - Statement - StoresCBList.get(i).click(): null

2018-06-14 17:34:20 - [TEST_STEP][PASSED] - Statement - groupStoresList[i] = storesLabel.get(i).getText(): null

2018-06-14 17:34:20 - [TEST_STEP][PASSED] - Statement - StoresCBList.get(i).click(): null

2018-06-14 17:34:20 - [TEST_STEP][PASSED] - Statement - groupStoresList[i] = storesLabel.get(i).getText(): null

2018-06-14 17:34:20 - [TEST_STEP][PASSED] - Statement - StoresCBList.get(i).click(): null

2018-06-14 17:34:20 - [TEST_STEP][PASSED] - Statement - groupStoresList[i] = storesLabel.get(i).getText(): null

2018-06-14 17:34:20 - [TEST_STEP][PASSED] - Statement - StoresCBList.get(i).click(): null

2018-06-14 17:34:20 - [TEST_STEP][PASSED] - Statement - groupStoresList[i] = storesLabel.get(i).getText(): null

2018-06-14 17:34:20 - [TEST_STEP][PASSED] - Statement - StoresCBList.get(i).click(): null

2018-06-14 17:34:20 - [TEST_STEP][PASSED] - Statement - groupStoresList[i] = storesLabel.get(i).getText(): null

2018-06-14 17:34:20 - [TEST_STEP][PASSED] - Statement - StoresCBList.get(i).click(): null

2018-06-14 17:34:20 - [TEST_STEP][PASSED] - Statement - groupStoresList[i] = storesLabel.get(i).getText(): null

2018-06-14 17:34:20 - [TEST_STEP][PASSED] - Statement - StoresCBList.get(i).click(): null

2018-06-14 17:34:20 - [TEST_STEP][PASSED] - Statement - groupStoresList[i] = storesLabel.get(i).getText(): null

2018-06-14 17:34:20 - [TEST_STEP][PASSED] - Statement - StoresCBList.get(i).click(): null

2018-06-14 17:34:20 - [TEST_STEP][PASSED] - Statement - groupStoresList[i] = storesLabel.get(i).getText(): null

2018-06-14 17:34:20 - [TEST_STEP][PASSED] - Statement - StoresCBList.get(i).click(): null

2018-06-14 17:34:21 - [TEST_STEP][PASSED] - Statement - groupStoresList[i] = storesLabel.get(i).getText(): null

2018-06-14 17:34:21 - [TEST_STEP][PASSED] - Statement - StoresCBList.get(i).click(): null

2018-06-14 17:34:21 - [TEST_STEP][PASSED] - Statement - groupStoresList[i] = storesLabel.get(i).getText(): null

2018-06-14 17:34:21 - [TEST_STEP][PASSED] - Statement - StoresCBList.get(i).click(): null

2018-06-14 17:34:21 - [TEST_STEP][PASSED] - Statement - groupStoresList[i] = storesLabel.get(i).getText(): null

2018-06-14 17:34:21 - [TEST_STEP][PASSED] - Statement - StoresCBList.get(i).click(): null

2018-06-14 17:34:21 - [TEST_STEP][PASSED] - Statement - groupStoresList[i] = storesLabel.get(i).getText(): null

2018-06-14 17:34:21 - [TEST_STEP][PASSED] - Statement - StoresCBList.get(i).click(): null

2018-06-14 17:34:21 - [TEST_STEP][PASSED] - Statement - groupStoresList[i] = storesLabel.get(i).getText(): null

2018-06-14 17:34:21 - [TEST_STEP][PASSED] - Statement - StoresCBList.get(i).click(): null

2018-06-14 17:34:21 - [TEST_STEP][PASSED] - Statement - groupStoresList[i] = storesLabel.get(i).getText(): null

2018-06-14 17:34:21 - [TEST_STEP][PASSED] - Statement - StoresCBList.get(i).click(): null

2018-06-14 17:34:21 - [TEST_STEP][PASSED] - Statement - groupStoresList[i] = storesLabel.get(i).getText(): null

2018-06-14 17:34:21 - [TEST_STEP][PASSED] - Statement - StoresCBList.get(i).click(): null

2018-06-14 17:34:21 - [TEST_STEP][PASSED] - Statement - groupStoresList[i] = storesLabel.get(i).getText(): null

2018-06-14 17:34:21 - [TEST_STEP][PASSED] - Statement - StoresCBList.get(i).click(): null

2018-06-14 17:34:21 - [TEST_STEP][PASSED] - Statement - groupStoresList[i] = storesLabel.get(i).getText(): null

2018-06-14 17:34:21 - [TEST_STEP][PASSED] - Statement - StoresCBList.get(i).click(): null

2018-06-14 17:34:21 - [TEST_STEP][PASSED] - Statement - groupStoresList[i] = storesLabel.get(i).getText(): null

2018-06-14 17:34:21 - [TEST_STEP][PASSED] - Statement - StoresCBList.get(i).click(): null

2018-06-14 17:34:21 - [TEST_STEP][PASSED] - Statement - groupStoresList[i] = storesLabel.get(i).getText(): null

2018-06-14 17:34:21 - [TEST_STEP][PASSED] - Statement - StoresCBList.get(i).click(): null

2018-06-14 17:34:21 - [TEST_STEP][PASSED] - Statement - groupStoresList[i] = storesLabel.get(i).getText(): null

2018-06-14 17:34:21 - [TEST_STEP][PASSED] - Statement - StoresCBList.get(i).click(): null

2018-06-14 17:34:21 - [TEST_STEP][PASSED] - Statement - groupStoresList[i] = storesLabel.get(i).getText(): null

2018-06-14 17:34:21 - [TEST_STEP][PASSED] - Statement - StoresCBList.get(i).click(): null

2018-06-14 17:34:21 - [TEST_STEP][PASSED] - Statement - groupStoresList[i] = storesLabel.get(i).getText(): null

2018-06-14 17:34:21 - [TEST_STEP][PASSED] - Statement - StoresCBList.get(i).click(): null

2018-06-14 17:34:21 - [TEST_STEP][PASSED] - Statement - groupStoresList[i] = storesLabel.get(i).getText(): null

2018-06-14 17:34:21 - [TEST_STEP][PASSED] - Statement - StoresCBList.get(i).click(): null

2018-06-14 17:34:22 - [TEST_STEP][PASSED] - Statement - groupStoresList[i] = storesLabel.get(i).getText(): null

2018-06-14 17:34:22 - [TEST_STEP][PASSED] - Statement - StoresCBList.get(i).click(): null

2018-06-14 17:34:22 - [TEST_STEP][PASSED] - Statement - groupStoresList[i] = storesLabel.get(i).getText(): null

2018-06-14 17:34:22 - [TEST_STEP][PASSED] - Statement - StoresCBList.get(i).click(): null

2018-06-14 17:34:22 - [TEST_STEP][PASSED] - Statement - groupStoresList[i] = storesLabel.get(i).getText(): null

2018-06-14 17:34:22 - [TEST_STEP][PASSED] - Statement - StoresCBList.get(i).click(): null

2018-06-14 17:34:22 - [TEST_STEP][PASSED] - Statement - groupStoresList[i] = storesLabel.get(i).getText(): null

2018-06-14 17:34:22 - [TEST_STEP][PASSED] - Statement - StoresCBList.get(i).click(): null

2018-06-14 17:34:22 - [TEST_STEP][PASSED] - Statement - groupStoresList[i] = storesLabel.get(i).getText(): null

2018-06-14 17:34:22 - [TEST_STEP][PASSED] - Statement - StoresCBList.get(i).click(): null

2018-06-14 17:34:22 - [TEST_STEP][PASSED] - Statement - groupStoresList[i] = storesLabel.get(i).getText(): null

2018-06-14 17:34:22 - [TEST_STEP][PASSED] - Statement - StoresCBList.get(i).click(): null

2018-06-14 17:34:22 - [TEST_STEP][PASSED] - Statement - groupStoresList[i] = storesLabel.get(i).getText(): null

2018-06-14 17:34:22 - [TEST_STEP][PASSED] - Statement - StoresCBList.get(i).click(): null

2018-06-14 17:34:22 - [TEST_STEP][PASSED] - Statement - groupStoresList[i] = storesLabel.get(i).getText(): null

2018-06-14 17:34:22 - [TEST_STEP][PASSED] - Statement - StoresCBList.get(i).click(): null

2018-06-14 17:34:22 - [TEST_STEP][PASSED] - Statement - groupStoresList[i] = storesLabel.get(i).getText(): null

2018-06-14 17:34:22 - [TEST_STEP][PASSED] - Statement - StoresCBList.get(i).click(): null

2018-06-14 17:34:22 - [TEST_STEP][PASSED] - Statement - groupStoresList[i] = storesLabel.get(i).getText(): null

2018-06-14 17:34:22 - [TEST_STEP][PASSED] - Statement - StoresCBList.get(i).click(): null

2018-06-14 17:34:22 - [TEST_STEP][PASSED] - Statement - groupStoresList[i] = storesLabel.get(i).getText(): null

2018-06-14 17:34:22 - [TEST_STEP][PASSED] - Statement - StoresCBList.get(i).click(): null

2018-06-14 17:34:22 - [TEST_STEP][PASSED] - Statement - groupStoresList[i] = storesLabel.get(i).getText(): null

2018-06-14 17:34:22 - [TEST_STEP][PASSED] - Statement - StoresCBList.get(i).click(): null

2018-06-14 17:34:22 - [TEST_STEP][PASSED] - Statement - groupStoresList[i] = storesLabel.get(i).getText(): null

2018-06-14 17:34:22 - [TEST_STEP][PASSED] - Statement - StoresCBList.get(i).click(): null

2018-06-14 17:34:22 - [TEST_STEP][PASSED] - Statement - groupStoresList[i] = storesLabel.get(i).getText(): null

2018-06-14 17:34:22 - [TEST_STEP][PASSED] - Statement - StoresCBList.get(i).click(): null

2018-06-14 17:34:22 - [TEST_STEP][PASSED] - Statement - out.println(groupStoresList): null

2018-06-14 17:34:22 - [TEST_STEP][PASSED] - delay: Delayed 10 second(s)

2018-06-14 17:34:32 - [MESSAGE][PASSED] - Delayed 10 second(s)

2018-06-14 17:34:32 - [TEST_STEP][PASSED] - uiaction.CommonUIActions.click: uiaction.CommonUIActions.click is PASSED

2018-06-14 17:34:33 - [MESSAGE][PASSED] - uiaction.CommonUIActions.click is PASSED

2018-06-14 17:34:33 - [TEST_STEP][PASSED] - delay: Delayed 10 second(s)

2018-06-14 17:34:43 - [MESSAGE][PASSED] - Delayed 10 second(s)

2018-06-14 17:34:43 - [TEST_STEP][PASSED] - Statement - secondStoreListBox1 = driver.findElements(org.openqa.selenium.By.xpath(com.kms.katalon.core.testdata.TestDataFactory.findTestData(OR_file).getValue(2, 11))): Reading excel file with source file 'C:\Users\shalinin\Katalon Studio\HME_Scripts\Data Files\HME_OR.xlsx' and sheet name 'Sheet1'

2018-06-14 17:34:43 - [TEST_STEP][PASSED] - Statement - actualList1 = new java.util.ArrayList(): null

2018-06-14 17:34:43 - [TEST_STEP][PASSED] - Statement - For ([i = 0, i < secondStoreListBox1.size(), (i++)]): null

2018-06-14 17:34:43 - [TEST_STEP][PASSED] - Statement - actualList1.add(i, secondStoreListBox1.get(i).getText()): null

2018-06-14 17:34:43 - [TEST_STEP][PASSED] - Statement - actualList1.add(i, secondStoreListBox1.get(i).getText()): null

2018-06-14 17:34:43 - [TEST_STEP][PASSED] - Statement - actualList1.add(i, secondStoreListBox1.get(i).getText()): null

2018-06-14 17:34:43 - [TEST_STEP][PASSED] - Statement - actualList1.add(i, secondStoreListBox1.get(i).getText()): null

2018-06-14 17:34:43 - [TEST_STEP][PASSED] - Statement - actualList1.add(i, secondStoreListBox1.get(i).getText()): null

2018-06-14 17:34:43 - [TEST_STEP][PASSED] - Statement - actualList1.add(i, secondStoreListBox1.get(i).getText()): null

2018-06-14 17:34:43 - [TEST_STEP][PASSED] - Statement - actualList1.add(i, secondStoreListBox1.get(i).getText()): null

2018-06-14 17:34:43 - [TEST_STEP][PASSED] - Statement - actualList1.add(i, secondStoreListBox1.get(i).getText()): null

2018-06-14 17:34:43 - [TEST_STEP][PASSED] - Statement - actualList1.add(i, secondStoreListBox1.get(i).getText()): null

2018-06-14 17:34:43 - [TEST_STEP][PASSED] - Statement - actualList1.add(i, secondStoreListBox1.get(i).getText()): null

2018-06-14 17:34:43 - [TEST_STEP][PASSED] - Statement - actualList1.add(i, secondStoreListBox1.get(i).getText()): null

2018-06-14 17:34:43 - [TEST_STEP][PASSED] - Statement - actualList1.add(i, secondStoreListBox1.get(i).getText()): null

2018-06-14 17:34:43 - [TEST_STEP][PASSED] - Statement - actualList1.add(i, secondStoreListBox1.get(i).getText()): null

2018-06-14 17:34:43 - [TEST_STEP][PASSED] - Statement - actualList1.add(i, secondStoreListBox1.get(i).getText()): null

2018-06-14 17:34:43 - [TEST_STEP][PASSED] - Statement - actualList1.add(i, secondStoreListBox1.get(i).getText()): null

2018-06-14 17:34:43 - [TEST_STEP][PASSED] - Statement - actualList1.add(i, secondStoreListBox1.get(i).getText()): null

2018-06-14 17:34:43 - [TEST_STEP][PASSED] - Statement - actualList1.add(i, secondStoreListBox1.get(i).getText()): null

2018-06-14 17:34:43 - [TEST_STEP][PASSED] - Statement - actualList1.add(i, secondStoreListBox1.get(i).getText()): null

2018-06-14 17:34:43 - [TEST_STEP][PASSED] - Statement - actualList1.add(i, secondStoreListBox1.get(i).getText()): null

2018-06-14 17:34:43 - [TEST_STEP][PASSED] - Statement - actualList1.add(i, secondStoreListBox1.get(i).getText()): null

2018-06-14 17:34:43 - [TEST_STEP][PASSED] - Statement - actualList1.add(i, secondStoreListBox1.get(i).getText()): null

2018-06-14 17:34:43 - [TEST_STEP][PASSED] - Statement - actualList1.add(i, secondStoreListBox1.get(i).getText()): null

2018-06-14 17:34:43 - [TEST_STEP][PASSED] - Statement - actualList1.add(i, secondStoreListBox1.get(i).getText()): null

2018-06-14 17:34:43 - [TEST_STEP][PASSED] - Statement - actualList1.add(i, secondStoreListBox1.get(i).getText()): null

2018-06-14 17:34:43 - [TEST_STEP][PASSED] - Statement - actualList1.add(i, secondStoreListBox1.get(i).getText()): null

2018-06-14 17:34:43 - [TEST_STEP][PASSED] - Statement - actualList1.add(i, secondStoreListBox1.get(i).getText()): null

2018-06-14 17:34:43 - [TEST_STEP][PASSED] - Statement - actualList1.add(i, secondStoreListBox1.get(i).getText()): null

2018-06-14 17:34:43 - [TEST_STEP][PASSED] - Statement - actualList1.add(i, secondStoreListBox1.get(i).getText()): null

2018-06-14 17:34:43 - [TEST_STEP][PASSED] - Statement - actualList1.add(i, secondStoreListBox1.get(i).getText()): null

2018-06-14 17:34:43 - [TEST_STEP][PASSED] - Statement - actualList1.add(i, secondStoreListBox1.get(i).getText()): null

2018-06-14 17:34:43 - [TEST_STEP][PASSED] - Statement - actualList1.add(i, secondStoreListBox1.get(i).getText()): null

2018-06-14 17:34:43 - [TEST_STEP][PASSED] - Statement - actualList1.add(i, secondStoreListBox1.get(i).getText()): null

2018-06-14 17:34:43 - [TEST_STEP][PASSED] - Statement - actualList1.add(i, secondStoreListBox1.get(i).getText()): null

2018-06-14 17:34:43 - [TEST_STEP][PASSED] - Statement - actualList1.add(i, secondStoreListBox1.get(i).getText()): null

2018-06-14 17:34:43 - [TEST_STEP][PASSED] - Statement - actualList1.add(i, secondStoreListBox1.get(i).getText()): null

2018-06-14 17:34:43 - [TEST_STEP][PASSED] - Statement - actualList1.add(i, secondStoreListBox1.get(i).getText()): null

2018-06-14 17:34:43 - [TEST_STEP][PASSED] - Statement - actualList1.add(i, secondStoreListBox1.get(i).getText()): null

2018-06-14 17:34:43 - [TEST_STEP][PASSED] - Statement - actualList1.add(i, secondStoreListBox1.get(i).getText()): null

2018-06-14 17:34:43 - [TEST_STEP][PASSED] - Statement - actualList1.add(i, secondStoreListBox1.get(i).getText()): null

2018-06-14 17:34:43 - [TEST_STEP][PASSED] - Statement - actualList1.add(i, secondStoreListBox1.get(i).getText()): null

2018-06-14 17:34:43 - [TEST_STEP][PASSED] - Statement - actualList1.add(i, secondStoreListBox1.get(i).getText()): null

2018-06-14 17:34:43 - [TEST_STEP][PASSED] - Statement - actualList1.add(i, secondStoreListBox1.get(i).getText()): null

2018-06-14 17:34:43 - [TEST_STEP][PASSED] - Statement - actualList1.add(i, secondStoreListBox1.get(i).getText()): null

2018-06-14 17:34:43 - [TEST_STEP][PASSED] - Statement - actualList1.add(i, secondStoreListBox1.get(i).getText()): null

2018-06-14 17:34:43 - [TEST_STEP][PASSED] - Statement - actualList1.add(i, secondStoreListBox1.get(i).getText()): null

2018-06-14 17:34:43 - [TEST_STEP][PASSED] - Statement - actualList1.add(i, secondStoreListBox1.get(i).getText()): null

2018-06-14 17:34:43 - [TEST_STEP][PASSED] - Statement - actualList1.add(i, secondStoreListBox1.get(i).getText()): null

2018-06-14 17:34:43 - [TEST_STEP][PASSED] - Statement - actualList1.add(i, secondStoreListBox1.get(i).getText()): null

2018-06-14 17:34:43 - [TEST_STEP][PASSED] - Statement - actualList1.add(i, secondStoreListBox1.get(i).getText()): null

2018-06-14 17:34:43 - [TEST_STEP][PASSED] - Statement - actualList1.add(i, secondStoreListBox1.get(i).getText()): null

2018-06-14 17:34:43 - [TEST_STEP][PASSED] - Statement - actualList1.add(i, secondStoreListBox1.get(i).getText()): null

2018-06-14 17:34:43 - [TEST_STEP][PASSED] - Statement - actualList1.add(i, secondStoreListBox1.get(i).getText()): null

2018-06-14 17:34:43 - [TEST_STEP][PASSED] - Statement - actualList1.add(i, secondStoreListBox1.get(i).getText()): null

2018-06-14 17:34:43 - [TEST_STEP][PASSED] - Statement - actualList1.add(i, secondStoreListBox1.get(i).getText()): null

2018-06-14 17:34:43 - [TEST_STEP][PASSED] - Statement - actualList1.add(i, secondStoreListBox1.get(i).getText()): null

2018-06-14 17:34:43 - [TEST_STEP][PASSED] - Statement - actualList1.add(i, secondStoreListBox1.get(i).getText()): null

2018-06-14 17:34:44 - [TEST_STEP][PASSED] - Statement - actualList1.add(i, secondStoreListBox1.get(i).getText()): null

2018-06-14 17:34:44 - [TEST_STEP][PASSED] - Statement - actualList1.add(i, secondStoreListBox1.get(i).getText()): null

2018-06-14 17:34:44 - [TEST_STEP][PASSED] - Statement - actualList1.add(i, secondStoreListBox1.get(i).getText()): null

2018-06-14 17:34:44 - [TEST_STEP][PASSED] - Statement - actualList1.add(i, secondStoreListBox1.get(i).getText()): null

2018-06-14 17:34:44 - [TEST_STEP][PASSED] - Statement - actualList1.add(i, secondStoreListBox1.get(i).getText()): null

2018-06-14 17:34:44 - [TEST_STEP][PASSED] - Statement - actualList1.add(i, secondStoreListBox1.get(i).getText()): null

2018-06-14 17:34:44 - [TEST_STEP][PASSED] - Statement - actualList1.add(i, secondStoreListBox1.get(i).getText()): null

2018-06-14 17:34:44 - [TEST_STEP][PASSED] - Statement - actualList1.add(i, secondStoreListBox1.get(i).getText()): null

2018-06-14 17:34:44 - [TEST_STEP][PASSED] - Statement - actualList1.add(i, secondStoreListBox1.get(i).getText()): null

2018-06-14 17:34:44 - [TEST_STEP][PASSED] - Statement - actualList1.add(i, secondStoreListBox1.get(i).getText()): null

2018-06-14 17:34:44 - [TEST_STEP][PASSED] - Statement - actualList1.add(i, secondStoreListBox1.get(i).getText()): null

2018-06-14 17:34:44 - [TEST_STEP][PASSED] - Statement - actualList1.add(i, secondStoreListBox1.get(i).getText()): null

2018-06-14 17:34:44 - [TEST_STEP][PASSED] - Statement - actualList1.add(i, secondStoreListBox1.get(i).getText()): null

2018-06-14 17:34:44 - [TEST_STEP][PASSED] - Statement - actualList1.add(i, secondStoreListBox1.get(i).getText()): null

2018-06-14 17:34:44 - [TEST_STEP][PASSED] - Statement - actualList1.add(i, secondStoreListBox1.get(i).getText()): null

2018-06-14 17:34:44 - [TEST_STEP][PASSED] - Statement - actualList1.add(i, secondStoreListBox1.get(i).getText()): null

2018-06-14 17:34:44 - [TEST_STEP][PASSED] - Statement - actualList1.add(i, secondStoreListBox1.get(i).getText()): null

2018-06-14 17:34:44 - [TEST_STEP][PASSED] - Statement - actualList1.add(i, secondStoreListBox1.get(i).getText()): null

2018-06-14 17:34:44 - [TEST_STEP][PASSED] - Statement - actualList1.add(i, secondStoreListBox1.get(i).getText()): null

2018-06-14 17:34:44 - [TEST_STEP][PASSED] - Statement - actualList1.add(i, secondStoreListBox1.get(i).getText()): null

2018-06-14 17:34:44 - [TEST_STEP][PASSED] - Statement - actualList1.add(i, secondStoreListBox1.get(i).getText()): null

2018-06-14 17:34:44 - [TEST_STEP][PASSED] - Statement - actualList1.add(i, secondStoreListBox1.get(i).getText()): null

2018-06-14 17:34:44 - [TEST_STEP][PASSED] - Statement - actualList1.add(i, secondStoreListBox1.get(i).getText()): null

2018-06-14 17:34:44 - [TEST_STEP][PASSED] - Statement - actualList1.add(i, secondStoreListBox1.get(i).getText()): null

2018-06-14 17:34:44 - [TEST_STEP][PASSED] - Statement - actualList1.add(i, secondStoreListBox1.get(i).getText()): null

2018-06-14 17:34:44 - [TEST_STEP][PASSED] - Statement - actualList1.add(i, secondStoreListBox1.get(i).getText()): null

2018-06-14 17:34:44 - [TEST_STEP][PASSED] - Statement - actualList1.add(i, secondStoreListBox1.get(i).getText()): null

2018-06-14 17:34:44 - [TEST_STEP][PASSED] - Statement - actualList1.add(i, secondStoreListBox1.get(i).getText()): null

2018-06-14 17:34:44 - [TEST_STEP][PASSED] - Statement - actualList1.add(i, secondStoreListBox1.get(i).getText()): null

2018-06-14 17:34:44 - [TEST_STEP][PASSED] - Statement - actualList1.add(i, secondStoreListBox1.get(i).getText()): null

2018-06-14 17:34:44 - [TEST_STEP][PASSED] - Statement - actualList1.add(i, secondStoreListBox1.get(i).getText()): null

2018-06-14 17:34:44 - [TEST_STEP][PASSED] - Statement - actualList1.add(i, secondStoreListBox1.get(i).getText()): null

2018-06-14 17:34:44 - [TEST_STEP][PASSED] - Statement - actualList1.add(i, secondStoreListBox1.get(i).getText()): null

2018-06-14 17:34:44 - [TEST_STEP][PASSED] - Statement - actualList1.add(i, secondStoreListBox1.get(i).getText()): null

2018-06-14 17:34:44 - [TEST_STEP][PASSED] - Statement - actualList1.add(i, secondStoreListBox1.get(i).getText()): null

2018-06-14 17:34:44 - [TEST_STEP][PASSED] - Statement - actualList1.add(i, secondStoreListBox1.get(i).getText()): null

2018-06-14 17:34:44 - [TEST_STEP][PASSED] - Statement - actualList1.add(i, secondStoreListBox1.get(i).getText()): null

2018-06-14 17:34:44 - [TEST_STEP][PASSED] - Statement - actualList1.add(i, secondStoreListBox1.get(i).getText()): null

2018-06-14 17:34:44 - [TEST_STEP][PASSED] - Statement - actualList1.add(i, secondStoreListBox1.get(i).getText()): null

2018-06-14 17:34:44 - [TEST_STEP][PASSED] - Statement - actualList1.add(i, secondStoreListBox1.get(i).getText()): null

2018-06-14 17:34:44 - [TEST_STEP][PASSED] - Statement - actualList1.add(i, secondStoreListBox1.get(i).getText()): null

2018-06-14 17:34:44 - [TEST_STEP][PASSED] - Statement - actualList1.add(i, secondStoreListBox1.get(i).getText()): null

2018-06-14 17:34:44 - [TEST_STEP][PASSED] - Statement - actualList1.add(i, secondStoreListBox1.get(i).getText()): null

2018-06-14 17:34:44 - [TEST_STEP][PASSED] - Statement - actualList1.add(i, secondStoreListBox1.get(i).getText()): null

2018-06-14 17:34:44 - [TEST_STEP][PASSED] - Statement - actualList1.add(i, secondStoreListBox1.get(i).getText()): null

2018-06-14 17:34:44 - [TEST_STEP][PASSED] - Statement - actualList1.add(i, secondStoreListBox1.get(i).getText()): null

2018-06-14 17:34:44 - [TEST_STEP][PASSED] - Statement - actualList1.add(i, secondStoreListBox1.get(i).getText()): null

2018-06-14 17:34:44 - [TEST_STEP][PASSED] - Statement - actualList1.add(i, secondStoreListBox1.get(i).getText()): null

2018-06-14 17:34:44 - [TEST_STEP][PASSED] - Statement - actualList1.add(i, secondStoreListBox1.get(i).getText()): null

2018-06-14 17:34:44 - [TEST_STEP][PASSED] - Statement - actualList1.add(i, secondStoreListBox1.get(i).getText()): null

2018-06-14 17:34:44 - [TEST_STEP][PASSED] - Statement - actualList1.add(i, secondStoreListBox1.get(i).getText()): null

2018-06-14 17:34:44 - [TEST_STEP][PASSED] - Statement - actualList1.add(i, secondStoreListBox1.get(i).getText()): null

2018-06-14 17:34:44 - [TEST_STEP][PASSED] - Statement - actualList1.add(i, secondStoreListBox1.get(i).getText()): null

2018-06-14 17:34:44 - [TEST_STEP][PASSED] - Statement - actualList1.add(i, secondStoreListBox1.get(i).getText()): null

2018-06-14 17:34:44 - [TEST_STEP][PASSED] - Statement - actualList1.add(i, secondStoreListBox1.get(i).getText()): null

2018-06-14 17:34:44 - [TEST_STEP][PASSED] - Statement - actualList1.add(i, secondStoreListBox1.get(i).getText()): null

2018-06-14 17:34:44 - [TEST_STEP][PASSED] - Statement - actualList1.add(i, secondStoreListBox1.get(i).getText()): null

2018-06-14 17:34:44 - [TEST_STEP][PASSED] - Statement - actualList1.add(i, secondStoreListBox1.get(i).getText()): null

2018-06-14 17:34:44 - [TEST_STEP][PASSED] - Statement - actualList1.add(i, secondStoreListBox1.get(i).getText()): null

2018-06-14 17:34:44 - [TEST_STEP][PASSED] - Statement - actualList1.add(i, secondStoreListBox1.get(i).getText()): null

2018-06-14 17:34:44 - [TEST_STEP][PASSED] - Statement - actualList1.add(i, secondStoreListBox1.get(i).getText()): null

2018-06-14 17:34:44 - [TEST_STEP][PASSED] - Statement - actualList1.add(i, secondStoreListBox1.get(i).getText()): null

2018-06-14 17:34:44 - [TEST_STEP][PASSED] - Statement - actualList1.add(i, secondStoreListBox1.get(i).getText()): null

2018-06-14 17:34:44 - [TEST_STEP][PASSED] - Statement - actualList1.add(i, secondStoreListBox1.get(i).getText()): null

2018-06-14 17:34:44 - [TEST_STEP][PASSED] - Statement - actualList1.add(i, secondStoreListBox1.get(i).getText()): null

2018-06-14 17:34:44 - [TEST_STEP][PASSED] - Statement - actualList1.add(i, secondStoreListBox1.get(i).getText()): null

2018-06-14 17:34:45 - [TEST_STEP][PASSED] - Statement - actualList1.add(i, secondStoreListBox1.get(i).getText()): null

2018-06-14 17:34:45 - [TEST_STEP][PASSED] - Statement - actualList1.add(i, secondStoreListBox1.get(i).getText()): null

2018-06-14 17:34:45 - [TEST_STEP][PASSED] - Statement - actualList1.add(i, secondStoreListBox1.get(i).getText()): null

2018-06-14 17:34:45 - [TEST_STEP][PASSED] - Statement - actualList1.add(i, secondStoreListBox1.get(i).getText()): null

2018-06-14 17:34:45 - [TEST_STEP][PASSED] - Statement - actualList1.add(i, secondStoreListBox1.get(i).getText()): null

2018-06-14 17:34:45 - [TEST_STEP][PASSED] - Statement - actualList1.add(i, secondStoreListBox1.get(i).getText()): null

2018-06-14 17:34:45 - [TEST_STEP][PASSED] - Statement - actualList1.add(i, secondStoreListBox1.get(i).getText()): null

2018-06-14 17:34:45 - [TEST_STEP][PASSED] - Statement - actualList1.add(i, secondStoreListBox1.get(i).getText()): null

2018-06-14 17:34:45 - [TEST_STEP][PASSED] - Statement - actualList1.add(i, secondStoreListBox1.get(i).getText()): null

2018-06-14 17:34:45 - [TEST_STEP][PASSED] - Statement - actualList1.add(i, secondStoreListBox1.get(i).getText()): null

2018-06-14 17:34:45 - [TEST_STEP][PASSED] - Statement - actualList1.add(i, secondStoreListBox1.get(i).getText()): null

2018-06-14 17:34:45 - [TEST_STEP][PASSED] - Statement - actualList1.add(i, secondStoreListBox1.get(i).getText()): null

2018-06-14 17:34:45 - [TEST_STEP][PASSED] - Statement - actualList1.add(i, secondStoreListBox1.get(i).getText()): null

2018-06-14 17:34:45 - [TEST_STEP][PASSED] - Statement - actualList1.add(i, secondStoreListBox1.get(i).getText()): null

2018-06-14 17:34:45 - [TEST_STEP][PASSED] - Statement - actualList1.add(i, secondStoreListBox1.get(i).getText()): null

2018-06-14 17:34:45 - [TEST_STEP][PASSED] - Statement - actualList1.add(i, secondStoreListBox1.get(i).getText()): null

2018-06-14 17:34:45 - [TEST_STEP][PASSED] - Statement - actualList1.add(i, secondStoreListBox1.get(i).getText()): null

2018-06-14 17:34:45 - [TEST_STEP][PASSED] - Statement - actualList1.add(i, secondStoreListBox1.get(i).getText()): null

2018-06-14 17:34:45 - [TEST_STEP][PASSED] - Statement - actualList1.add(i, secondStoreListBox1.get(i).getText()): null

2018-06-14 17:34:45 - [TEST_STEP][PASSED] - Statement - actualList1.add(i, secondStoreListBox1.get(i).getText()): null

2018-06-14 17:34:45 - [TEST_STEP][PASSED] - Statement - actualList1.add(i, secondStoreListBox1.get(i).getText()): null

2018-06-14 17:34:45 - [TEST_STEP][PASSED] - Statement - actualList1.add(i, secondStoreListBox1.get(i).getText()): null

2018-06-14 17:34:45 - [TEST_STEP][PASSED] - Statement - actualList1.add(i, secondStoreListBox1.get(i).getText()): null

2018-06-14 17:34:45 - [TEST_STEP][PASSED] - Statement - actualList1.add(i, secondStoreListBox1.get(i).getText()): null

2018-06-14 17:34:45 - [TEST_STEP][PASSED] - Statement - actualList1.add(i, secondStoreListBox1.get(i).getText()): null

2018-06-14 17:34:45 - [TEST_STEP][PASSED] - Statement - actualList1.add(i, secondStoreListBox1.get(i).getText()): null

2018-06-14 17:34:45 - [TEST_STEP][PASSED] - Statement - actualList1.add(i, secondStoreListBox1.get(i).getText()): null

2018-06-14 17:34:45 - [TEST_STEP][PASSED] - Statement - actualList1.add(i, secondStoreListBox1.get(i).getText()): null

2018-06-14 17:34:45 - [TEST_STEP][PASSED] - Statement - actualList1.add(i, secondStoreListBox1.get(i).getText()): null

2018-06-14 17:34:45 - [TEST_STEP][PASSED] - Statement - actualList1.add(i, secondStoreListBox1.get(i).getText()): null

2018-06-14 17:34:45 - [TEST_STEP][PASSED] - Statement - actualList1.add(i, secondStoreListBox1.get(i).getText()): null

2018-06-14 17:34:45 - [TEST_STEP][PASSED] - Statement - actualList1.add(i, secondStoreListBox1.get(i).getText()): null

2018-06-14 17:34:45 - [TEST_STEP][PASSED] - Statement - actualList1.add(i, secondStoreListBox1.get(i).getText()): null

2018-06-14 17:34:45 - [TEST_STEP][PASSED] - Statement - actualList1.add(i, secondStoreListBox1.get(i).getText()): null

2018-06-14 17:34:45 - [TEST_STEP][PASSED] - Statement - actualList1.add(i, secondStoreListBox1.get(i).getText()): null

2018-06-14 17:34:45 - [TEST_STEP][PASSED] - Statement - actualList1.add(i, secondStoreListBox1.get(i).getText()): null

2018-06-14 17:34:45 - [TEST_STEP][PASSED] - Statement - actualList1.add(i, secondStoreListBox1.get(i).getText()): null

2018-06-14 17:34:45 - [TEST_STEP][PASSED] - Statement - actualList1.add(i, secondStoreListBox1.get(i).getText()): null

2018-06-14 17:34:45 - [TEST_STEP][PASSED] - Statement - actualList1.add(i, secondStoreListBox1.get(i).getText()): null

2018-06-14 17:34:45 - [TEST_STEP][PASSED] - Statement - actualList1.add(i, secondStoreListBox1.get(i).getText()): null

2018-06-14 17:34:45 - [TEST_STEP][PASSED] - Statement - actualList1.add(i, secondStoreListBox1.get(i).getText()): null

2018-06-14 17:34:45 - [TEST_STEP][PASSED] - Statement - actualList1.add(i, secondStoreListBox1.get(i).getText()): null

2018-06-14 17:34:45 - [TEST_STEP][PASSED] - Statement - actualList1.add(i, secondStoreListBox1.get(i).getText()): null

2018-06-14 17:34:45 - [TEST_STEP][PASSED] - Statement - actualList1.add(i, secondStoreListBox1.get(i).getText()): null

2018-06-14 17:34:45 - [TEST_STEP][PASSED] - Statement - actualList1.add(i, secondStoreListBox1.get(i).getText()): null

2018-06-14 17:34:45 - [TEST_STEP][PASSED] - Statement - actualList1.add(i, secondStoreListBox1.get(i).getText()): null

2018-06-14 17:34:45 - [TEST_STEP][PASSED] - Statement - actualList1.add(i, secondStoreListBox1.get(i).getText()): null

2018-06-14 17:34:45 - [TEST_STEP][PASSED] - Statement - actualList1.add(i, secondStoreListBox1.get(i).getText()): null

2018-06-14 17:34:45 - [TEST_STEP][PASSED] - Statement - actualList1.add(i, secondStoreListBox1.get(i).getText()): null

2018-06-14 17:34:45 - [TEST_STEP][PASSED] - Statement - actualList1.add(i, secondStoreListBox1.get(i).getText()): null

2018-06-14 17:34:45 - [TEST_STEP][PASSED] - Statement - actualList1.add(i, secondStoreListBox1.get(i).getText()): null

2018-06-14 17:34:45 - [TEST_STEP][PASSED] - Statement - actualList1.add(i, secondStoreListBox1.get(i).getText()): null

2018-06-14 17:34:45 - [TEST_STEP][PASSED] - Statement - actualList1.add(i, secondStoreListBox1.get(i).getText()): null

2018-06-14 17:34:45 - [TEST_STEP][PASSED] - Statement - actualList1.add(i, secondStoreListBox1.get(i).getText()): null

2018-06-14 17:34:45 - [TEST_STEP][PASSED] - Statement - actualList1.add(i, secondStoreListBox1.get(i).getText()): null

2018-06-14 17:34:45 - [TEST_STEP][PASSED] - Statement - actualList1.add(i, secondStoreListBox1.get(i).getText()): null

2018-06-14 17:34:45 - [TEST_STEP][PASSED] - Statement - actualList1.add(i, secondStoreListBox1.get(i).getText()): null

2018-06-14 17:34:45 - [TEST_STEP][PASSED] - Statement - actualList1.add(i, secondStoreListBox1.get(i).getText()): null

2018-06-14 17:34:45 - [TEST_STEP][PASSED] - Statement - actualList1.add(i, secondStoreListBox1.get(i).getText()): null

2018-06-14 17:34:45 - [TEST_STEP][PASSED] - Statement - actualList1.add(i, secondStoreListBox1.get(i).getText()): null

2018-06-14 17:34:45 - [TEST_STEP][PASSED] - Statement - actualList1.add(i, secondStoreListBox1.get(i).getText()): null

2018-06-14 17:34:45 - [TEST_STEP][PASSED] - Statement - actualList1.add(i, secondStoreListBox1.get(i).getText()): null

2018-06-14 17:34:45 - [TEST_STEP][PASSED] - Statement - actualList1.add(i, secondStoreListBox1.get(i).getText()): null

2018-06-14 17:34:46 - [TEST_STEP][PASSED] - Statement - actualList1.add(i, secondStoreListBox1.get(i).getText()): null

2018-06-14 17:34:46 - [TEST_STEP][PASSED] - Statement - actualList1.add(i, secondStoreListBox1.get(i).getText()): null

2018-06-14 17:34:46 - [TEST_STEP][PASSED] - Statement - actualList1.add(i, secondStoreListBox1.get(i).getText()): null

2018-06-14 17:34:46 - [TEST_STEP][PASSED] - Statement - actualList1.add(i, secondStoreListBox1.get(i).getText()): null

2018-06-14 17:34:46 - [TEST_STEP][PASSED] - Statement - actualList1.add(i, secondStoreListBox1.get(i).getText()): null

2018-06-14 17:34:46 - [TEST_STEP][PASSED] - Statement - actualList1.add(i, secondStoreListBox1.get(i).getText()): null

2018-06-14 17:34:46 - [TEST_STEP][PASSED] - Statement - actualList1.add(i, secondStoreListBox1.get(i).getText()): null

2018-06-14 17:34:46 - [TEST_STEP][PASSED] - Statement - actualList1.add(i, secondStoreListBox1.get(i).getText()): null

2018-06-14 17:34:46 - [TEST_STEP][PASSED] - Statement - actualList1.add(i, secondStoreListBox1.get(i).getText()): null

2018-06-14 17:34:46 - [TEST_STEP][PASSED] - Statement - actualList1.add(i, secondStoreListBox1.get(i).getText()): null

2018-06-14 17:34:46 - [TEST_STEP][PASSED] - Statement - actualList1.add(i, secondStoreListBox1.get(i).getText()): null

2018-06-14 17:34:46 - [TEST_STEP][PASSED] - Statement - actualList1.add(i, secondStoreListBox1.get(i).getText()): null

2018-06-14 17:34:46 - [TEST_STEP][PASSED] - Statement - actualList1.add(i, secondStoreListBox1.get(i).getText()): null

2018-06-14 17:34:46 - [TEST_STEP][PASSED] - Statement - actualList1.add(i, secondStoreListBox1.get(i).getText()): null

2018-06-14 17:34:46 - [TEST_STEP][PASSED] - Statement - actualList1.add(i, secondStoreListBox1.get(i).getText()): null

2018-06-14 17:34:46 - [TEST_STEP][PASSED] - Statement - actualList1.add(i, secondStoreListBox1.get(i).getText()): null

2018-06-14 17:34:46 - [TEST_STEP][PASSED] - Statement - actualList1.add(i, secondStoreListBox1.get(i).getText()): null

2018-06-14 17:34:46 - [TEST_STEP][PASSED] - Statement - actualList1.add(i, secondStoreListBox1.get(i).getText()): null

2018-06-14 17:34:46 - [TEST_STEP][PASSED] - Statement - actualList1.add(i, secondStoreListBox1.get(i).getText()): null

2018-06-14 17:34:46 - [TEST_STEP][PASSED] - Statement - actualList1.add(i, secondStoreListBox1.get(i).getText()): null

2018-06-14 17:34:46 - [TEST_STEP][PASSED] - Statement - actualList1.add(i, secondStoreListBox1.get(i).getText()): null

2018-06-14 17:34:46 - [TEST_STEP][PASSED] - Statement - actualList1.add(i, secondStoreListBox1.get(i).getText()): null

2018-06-14 17:34:46 - [TEST_STEP][PASSED] - Statement - actualList1.add(i, secondStoreListBox1.get(i).getText()): null

2018-06-14 17:34:46 - [TEST_STEP][PASSED] - Statement - actualList1.add(i, secondStoreListBox1.get(i).getText()): null

2018-06-14 17:34:46 - [TEST_STEP][PASSED] - Statement - actualList1.add(i, secondStoreListBox1.get(i).getText()): null

2018-06-14 17:34:46 - [TEST_STEP][PASSED] - Statement - actualList1.add(i, secondStoreListBox1.get(i).getText()): null

2018-06-14 17:34:46 - [TEST_STEP][PASSED] - Statement - actualList1.add(i, secondStoreListBox1.get(i).getText()): null

2018-06-14 17:34:46 - [TEST_STEP][PASSED] - Statement - actualList1.add(i, secondStoreListBox1.get(i).getText()): null

2018-06-14 17:34:46 - [TEST_STEP][PASSED] - Statement - actualList1.add(i, secondStoreListBox1.get(i).getText()): null

2018-06-14 17:34:46 - [TEST_STEP][PASSED] - Statement - actualList1.add(i, secondStoreListBox1.get(i).getText()): null

2018-06-14 17:34:46 - [TEST_STEP][PASSED] - Statement - actualList1.add(i, secondStoreListBox1.get(i).getText()): null

2018-06-14 17:34:46 - [TEST_STEP][PASSED] - Statement - actualList1.add(i, secondStoreListBox1.get(i).getText()): null

2018-06-14 17:34:46 - [TEST_STEP][PASSED] - Statement - actualList1.add(i, secondStoreListBox1.get(i).getText()): null

2018-06-14 17:34:46 - [TEST_STEP][PASSED] - Statement - actualList1.add(i, secondStoreListBox1.get(i).getText()): null

2018-06-14 17:34:46 - [TEST_STEP][PASSED] - Statement - actualList1.add(i, secondStoreListBox1.get(i).getText()): null

2018-06-14 17:34:46 - [TEST_STEP][PASSED] - Statement - out.println(actualList1): null

2018-06-14 17:34:46 - [TEST_STEP][PASSED] - delay: Delayed 10 second(s)

2018-06-14 17:34:56 - [MESSAGE][PASSED] - Delayed 10 second(s)

2018-06-14 17:34:56 - [TEST_STEP][PASSED] - Statement - If (actualList1.containsAll(groupStoresList)): null

2018-06-14 17:34:56 - [TEST_STEP][PASSED] - Statement - println("Selected stores are displayed in Group/Stores in Group listbox"): null

2018-06-14 17:34:56 - [TEST_STEP][PASSED] - uiaction.CommonUIActions.click: uiaction.CommonUIActions.click is PASSED

2018-06-14 17:34:56 - [MESSAGE][PASSED] - uiaction.CommonUIActions.click is PASSED

2018-06-14 17:34:56 - [TEST_STEP][PASSED] - delay: Delayed 10 second(s)

2018-06-14 17:35:06 - [MESSAGE][PASSED] - Delayed 10 second(s)

2018-06-14 17:35:06 - [TEST_STEP][PASSED] - uiaction.CommonUIActions.back: uiaction.CommonUIActions.back is PASSED

2018-06-14 17:35:06 - [MESSAGE][PASSED] - Navigate back successfully

2018-06-14 17:35:06 - [MESSAGE][PASSED] - uiaction.CommonUIActions.back is PASSED

2018-06-14 17:35:06 - [TEST_STEP][PASSED] - delay: Delayed 5 second(s)

2018-06-14 17:35:11 - [MESSAGE][PASSED] - Delayed 5 second(s)

2018-06-14 17:35:11 - [TEST_STEP][PASSED] - uiaction.CommonUIActions.back: uiaction.CommonUIActions.back is PASSED

2018-06-14 17:35:11 - [MESSAGE][PASSED] - Navigate back successfully

2018-06-14 17:35:11 - [MESSAGE][PASSED] - uiaction.CommonUIActions.back is PASSED

2018-06-14 17:35:11 - [TEST_STEP][PASSED] - delay: Delayed 5 second(s)

2018-06-14 17:35:16 - [MESSAGE][PASSED] - Delayed 5 second(s)

2018-06-14 17:35:16 - [TEST_STEP][PASSED] - uiaction.CommonUIActions.click: uiaction.CommonUIActions.click is PASSED

2018-06-14 17:35:16 - [MESSAGE][PASSED] - uiaction.CommonUIActions.click is PASSED

2018-06-14 17:35:16 - [TEST_STEP][PASSED] - uiaction.CommonUIActions.click: uiaction.CommonUIActions.click is PASSED

2018-06-14 17:35:16 - [MESSAGE][PASSED] - uiaction.CommonUIActions.click is PASSED

2018-06-14 17:35:16 - [TEST_STEP][PASSED] - delay: Delayed 10 second(s)

2018-06-14 17:35:26 - [MESSAGE][PASSED] - Delayed 10 second(s)

2018-06-14 17:35:26 - [TEST_STEP][PASSED] - uiaction.CommonUIActions.click: uiaction.CommonUIActions.click is PASSED

2018-06-14 17:35:26 - [MESSAGE][PASSED] - uiaction.CommonUIActions.click is PASSED

2018-06-14 17:35:26 - [TEST_STEP][PASSED] - uiaction.CommonUIActions.click: uiaction.CommonUIActions.click is PASSED

2018-06-14 17:35:31 - [MESSAGE][PASSED] - uiaction.CommonUIActions.click is PASSED

2018-06-14 17:35:31 - [TEST_STEP][PASSED] - Statement - assert TCflag == true: null

2018-06-14 17:35:31 - [TEST_STEP][PASSED] - Start listener action : sampleAfterTestCase: Browser is closed

2018-06-14 17:35:31 - [TEST_STEP][PASSED] - Statement - println(testCaseContext.getTestCaseId()): null

2018-06-14 17:35:31 - [TEST_STEP][PASSED] - Statement - println(testCaseContext.getTestCaseStatus()): null

2018-06-14 17:35:31 - [TEST_STEP][PASSED] - closeBrowser: Browser is closed

2018-06-14 17:35:31 - [MESSAGE][PASSED] - Browser is closed]]></system-out>
         <system-err><![CDATA[]]></system-err>
      </testcase>
      <testcase name="Test Cases/CreateGroupTC/HME-EditGroup-05" classname="Test Cases/CreateGroupTC/HME-EditGroup-05" status="PASSED">
         <system-out><![CDATA[2018-06-14 17:35:31 - [TEST_CASE][PASSED] - Test Cases/CreateGroupTC/HME-EditGroup-05: Browser is closed

2018-06-14 17:35:31 - [TEST_STEP][PASSED] - Start listener action : sampleBeforeTestCase: uiaction.CommonUIActions.deleteAllCookies is PASSED

2018-06-14 17:35:31 - [TEST_STEP][PASSED] - openBrowser: Browser is opened with url: ''

2018-06-14 17:35:34 - [MESSAGE][PASSED] - Browser is opened with url: ''

2018-06-14 17:35:34 - [TEST_STEP][PASSED] - maximizeWindow: Current window maximized

2018-06-14 17:35:35 - [MESSAGE][PASSED] - Current window maximized

2018-06-14 17:35:35 - [TEST_STEP][PASSED] - uiaction.CommonUIActions.deleteAllCookies: uiaction.CommonUIActions.deleteAllCookies is PASSED

2018-06-14 17:35:35 - [MESSAGE][PASSED] - Delete all cookies successfully

2018-06-14 17:35:35 - [MESSAGE][PASSED] - uiaction.CommonUIActions.deleteAllCookies is PASSED

2018-06-14 17:35:35 - [TEST_STEP][PASSED] - Statement - TCflag = true: null

2018-06-14 17:35:35 - [TEST_STEP][PASSED] - Statement - Try: uiaction.CommonUIActions.click is PASSED

2018-06-14 17:35:35 - [TEST_STEP][PASSED] - navigateToUrl: Navigate to 'https://hme-dev-public-cloud-app.azurewebsites.net/' successfully

2018-06-14 17:35:38 - [MESSAGE][PASSED] - Navigate to 'https://hme-dev-public-cloud-app.azurewebsites.net/' successfully

2018-06-14 17:35:38 - [TEST_STEP][PASSED] - projectSpecific.Reusability.login: projectSpecific.Reusability.login is PASSED

2018-06-14 17:35:38 - [MESSAGE][PASSED] - projectSpecific.Reusability.getTestData is PASSED

2018-06-14 17:35:38 - [MESSAGE][PASSED] - projectSpecific.Reusability.getTestData is PASSED

2018-06-14 17:35:38 - [MESSAGE][PASSED] - Text 'selvendrank@nousinfo.com' is set on object 'Object Repository/LoginPage/Username'

2018-06-14 17:35:38 - [MESSAGE][PASSED] - Text 'nous;123' is set on object 'Object Repository/LoginPage/Password'

2018-06-14 17:35:38 - [MESSAGE][PASSED] - Object: 'Object Repository/LoginPage/Login' is clicked on

2018-06-14 17:35:38 - [MESSAGE][PASSED] - projectSpecific.Reusability.login is PASSED

2018-06-14 17:35:38 - [TEST_STEP][PASSED] - delay: Delayed 5 second(s)

2018-06-14 17:35:43 - [MESSAGE][PASSED] - Delayed 5 second(s)

2018-06-14 17:35:43 - [TEST_STEP][PASSED] - uiaction.CommonUIActions.click: uiaction.CommonUIActions.click is PASSED

2018-06-14 17:36:09 - [MESSAGE][PASSED] - uiaction.CommonUIActions.click is PASSED

2018-06-14 17:36:09 - [TEST_STEP][PASSED] - uiaction.CommonUIActions.click: uiaction.CommonUIActions.click is PASSED

2018-06-14 17:36:11 - [MESSAGE][PASSED] - uiaction.CommonUIActions.click is PASSED

2018-06-14 17:36:11 - [TEST_STEP][PASSED] - uiaction.CommonUIActions.click: uiaction.CommonUIActions.click is PASSED

2018-06-14 17:36:11 - [MESSAGE][PASSED] - uiaction.CommonUIActions.click is PASSED

2018-06-14 17:36:11 - [TEST_STEP][PASSED] - verifyElementPresent: Object 'Object Repository/ReportingGroupManagement/reportingGroupDetails' is present

2018-06-14 17:36:11 - [MESSAGE][PASSED] - Object 'Object Repository/ReportingGroupManagement/reportingGroupDetails' is present

2018-06-14 17:36:11 - [TEST_STEP][PASSED] - uiaction.CommonUIActions.enter: uiaction.CommonUIActions.enter is PASSED

2018-06-14 17:36:11 - [MESSAGE][PASSED] - projectSpecific.Reusability.getTestData is PASSED

2018-06-14 17:36:11 - [MESSAGE][PASSED] - uiaction.CommonUIActions.enter is PASSED

2018-06-14 17:36:11 - [TEST_STEP][PASSED] - uiaction.CommonUIActions.enter: uiaction.CommonUIActions.enter is PASSED

2018-06-14 17:36:11 - [MESSAGE][PASSED] - projectSpecific.Reusability.getTestData is PASSED

2018-06-14 17:36:11 - [MESSAGE][PASSED] - uiaction.CommonUIActions.enter is PASSED

2018-06-14 17:36:11 - [TEST_STEP][PASSED] - uiaction.CommonUIActions.click: uiaction.CommonUIActions.click is PASSED

2018-06-14 17:36:11 - [MESSAGE][PASSED] - uiaction.CommonUIActions.click is PASSED

2018-06-14 17:36:11 - [TEST_STEP][PASSED] - delay: Delayed 10 second(s)

2018-06-14 17:36:21 - [MESSAGE][PASSED] - Delayed 10 second(s)

2018-06-14 17:36:21 - [TEST_STEP][PASSED] - uiaction.CommonUIActions.back: uiaction.CommonUIActions.back is PASSED

2018-06-14 17:36:21 - [MESSAGE][PASSED] - Navigate back successfully

2018-06-14 17:36:21 - [MESSAGE][PASSED] - uiaction.CommonUIActions.back is PASSED

2018-06-14 17:36:21 - [TEST_STEP][PASSED] - delay: Delayed 5 second(s)

2018-06-14 17:36:26 - [MESSAGE][PASSED] - Delayed 5 second(s)

2018-06-14 17:36:26 - [TEST_STEP][PASSED] - uiaction.CommonUIActions.back: uiaction.CommonUIActions.back is PASSED

2018-06-14 17:36:26 - [MESSAGE][PASSED] - Navigate back successfully

2018-06-14 17:36:26 - [MESSAGE][PASSED] - uiaction.CommonUIActions.back is PASSED

2018-06-14 17:36:26 - [TEST_STEP][PASSED] - delay: Delayed 5 second(s)

2018-06-14 17:36:31 - [MESSAGE][PASSED] - Delayed 5 second(s)

2018-06-14 17:36:31 - [TEST_STEP][PASSED] - Statement - driver = com.kms.katalon.core.webui.driver.DriverFactory.getWebDriver(): null

2018-06-14 17:36:31 - [TEST_STEP][PASSED] - Statement - groupHierarchyList = driver.findElements(org.openqa.selenium.By.xpath(com.kms.katalon.core.testdata.TestDataFactory.findTestData(OR_file).getValue(2, 13))): Reading excel file with source file 'C:\Users\shalinin\Katalon Studio\HME_Scripts\Data Files\HME_OR.xlsx' and sheet name 'Sheet1'

2018-06-14 17:36:31 - [TEST_STEP][PASSED] - Statement - actualgroupList = new java.util.ArrayList(): null

2018-06-14 17:36:31 - [TEST_STEP][PASSED] - Statement - For ([i = 0, i < groupHierarchyList.size(), (i++)]): null

2018-06-14 17:36:31 - [TEST_STEP][PASSED] - Statement - actualgroupList.add(i, groupHierarchyList.get(i).getText()): null

2018-06-14 17:36:31 - [TEST_STEP][PASSED] - Statement - actualgroupList.add(i, groupHierarchyList.get(i).getText()): null

2018-06-14 17:36:31 - [TEST_STEP][PASSED] - Statement - actualgroupList.add(i, groupHierarchyList.get(i).getText()): null

2018-06-14 17:36:31 - [TEST_STEP][PASSED] - Statement - actualgroupList.add(i, groupHierarchyList.get(i).getText()): null

2018-06-14 17:36:31 - [TEST_STEP][PASSED] - Statement - actualgroupList.add(i, groupHierarchyList.get(i).getText()): null

2018-06-14 17:36:31 - [TEST_STEP][PASSED] - Statement - actualgroupList.add(i, groupHierarchyList.get(i).getText()): null

2018-06-14 17:36:31 - [TEST_STEP][PASSED] - Statement - actualgroupList.add(i, groupHierarchyList.get(i).getText()): null

2018-06-14 17:36:31 - [TEST_STEP][PASSED] - Statement - actualgroupList.add(i, groupHierarchyList.get(i).getText()): null

2018-06-14 17:36:31 - [TEST_STEP][PASSED] - Statement - actualgroupList.add(i, groupHierarchyList.get(i).getText()): null

2018-06-14 17:36:31 - [TEST_STEP][PASSED] - Statement - actualgroupList.add(i, groupHierarchyList.get(i).getText()): null

2018-06-14 17:36:31 - [TEST_STEP][PASSED] - Statement - actualgroupList.add(i, groupHierarchyList.get(i).getText()): null

2018-06-14 17:36:31 - [TEST_STEP][PASSED] - Statement - actualgroupList.add(i, groupHierarchyList.get(i).getText()): null

2018-06-14 17:36:31 - [TEST_STEP][PASSED] - Statement - actualgroupList.add(i, groupHierarchyList.get(i).getText()): null

2018-06-14 17:36:31 - [TEST_STEP][PASSED] - Statement - actualgroupList.add(i, groupHierarchyList.get(i).getText()): null

2018-06-14 17:36:31 - [TEST_STEP][PASSED] - Statement - actualgroupList.add(i, groupHierarchyList.get(i).getText()): null

2018-06-14 17:36:31 - [TEST_STEP][PASSED] - Statement - actualgroupList.add(i, groupHierarchyList.get(i).getText()): null

2018-06-14 17:36:31 - [TEST_STEP][PASSED] - Statement - actualgroupList.add(i, groupHierarchyList.get(i).getText()): null

2018-06-14 17:36:31 - [TEST_STEP][PASSED] - Statement - actualgroupList.add(i, groupHierarchyList.get(i).getText()): null

2018-06-14 17:36:31 - [TEST_STEP][PASSED] - Statement - actualgroupList.add(i, groupHierarchyList.get(i).getText()): null

2018-06-14 17:36:32 - [TEST_STEP][PASSED] - Statement - actualgroupList.add(i, groupHierarchyList.get(i).getText()): null

2018-06-14 17:36:32 - [TEST_STEP][PASSED] - Statement - actualgroupList.add(i, groupHierarchyList.get(i).getText()): null

2018-06-14 17:36:32 - [TEST_STEP][PASSED] - Statement - actualgroupList.add(i, groupHierarchyList.get(i).getText()): null

2018-06-14 17:36:32 - [TEST_STEP][PASSED] - Statement - actualgroupList.add(i, groupHierarchyList.get(i).getText()): null

2018-06-14 17:36:32 - [TEST_STEP][PASSED] - Statement - actualgroupList.add(i, groupHierarchyList.get(i).getText()): null

2018-06-14 17:36:32 - [TEST_STEP][PASSED] - Statement - actualgroupList.add(i, groupHierarchyList.get(i).getText()): null

2018-06-14 17:36:32 - [TEST_STEP][PASSED] - Statement - actualgroupList.add(i, groupHierarchyList.get(i).getText()): null

2018-06-14 17:36:32 - [TEST_STEP][PASSED] - Statement - actualgroupList.add(i, groupHierarchyList.get(i).getText()): null

2018-06-14 17:36:32 - [TEST_STEP][PASSED] - Statement - actualgroupList.add(i, groupHierarchyList.get(i).getText()): null

2018-06-14 17:36:32 - [TEST_STEP][PASSED] - Statement - actualgroupList.add(i, groupHierarchyList.get(i).getText()): null

2018-06-14 17:36:32 - [TEST_STEP][PASSED] - Statement - actualgroupList.add(i, groupHierarchyList.get(i).getText()): null

2018-06-14 17:36:32 - [TEST_STEP][PASSED] - Statement - actualgroupList.add(i, groupHierarchyList.get(i).getText()): null

2018-06-14 17:36:32 - [TEST_STEP][PASSED] - Statement - actualgroupList.add(i, groupHierarchyList.get(i).getText()): null

2018-06-14 17:36:32 - [TEST_STEP][PASSED] - Statement - actualgroupList.add(i, groupHierarchyList.get(i).getText()): null

2018-06-14 17:36:32 - [TEST_STEP][PASSED] - Statement - actualgroupList.add(i, groupHierarchyList.get(i).getText()): null

2018-06-14 17:36:32 - [TEST_STEP][PASSED] - Statement - actualgroupList.add(i, groupHierarchyList.get(i).getText()): null

2018-06-14 17:36:32 - [TEST_STEP][PASSED] - Statement - actualgroupList.add(i, groupHierarchyList.get(i).getText()): null

2018-06-14 17:36:32 - [TEST_STEP][PASSED] - Statement - actualgroupList.add(i, groupHierarchyList.get(i).getText()): null

2018-06-14 17:36:32 - [TEST_STEP][PASSED] - Statement - actualgroupList.add(i, groupHierarchyList.get(i).getText()): null

2018-06-14 17:36:32 - [TEST_STEP][PASSED] - Statement - actualgroupList.add(i, groupHierarchyList.get(i).getText()): null

2018-06-14 17:36:32 - [TEST_STEP][PASSED] - Statement - actualgroupList.add(i, groupHierarchyList.get(i).getText()): null

2018-06-14 17:36:32 - [TEST_STEP][PASSED] - Statement - actualgroupList.add(i, groupHierarchyList.get(i).getText()): null

2018-06-14 17:36:32 - [TEST_STEP][PASSED] - Statement - actualgroupList.add(i, groupHierarchyList.get(i).getText()): null

2018-06-14 17:36:32 - [TEST_STEP][PASSED] - Statement - actualgroupList.add(i, groupHierarchyList.get(i).getText()): null

2018-06-14 17:36:32 - [TEST_STEP][PASSED] - Statement - actualgroupList.add(i, groupHierarchyList.get(i).getText()): null

2018-06-14 17:36:32 - [TEST_STEP][PASSED] - Statement - actualgroupList.add(i, groupHierarchyList.get(i).getText()): null

2018-06-14 17:36:32 - [TEST_STEP][PASSED] - Statement - actualgroupList.add(i, groupHierarchyList.get(i).getText()): null

2018-06-14 17:36:32 - [TEST_STEP][PASSED] - Statement - actualgroupList.add(i, groupHierarchyList.get(i).getText()): null

2018-06-14 17:36:32 - [TEST_STEP][PASSED] - Statement - actualgroupList.add(i, groupHierarchyList.get(i).getText()): null

2018-06-14 17:36:32 - [TEST_STEP][PASSED] - Statement - actualgroupList.add(i, groupHierarchyList.get(i).getText()): null

2018-06-14 17:36:32 - [TEST_STEP][PASSED] - Statement - actualgroupList.add(i, groupHierarchyList.get(i).getText()): null

2018-06-14 17:36:32 - [TEST_STEP][PASSED] - Statement - actualgroupList.add(i, groupHierarchyList.get(i).getText()): null

2018-06-14 17:36:32 - [TEST_STEP][PASSED] - Statement - actualgroupList.add(i, groupHierarchyList.get(i).getText()): null

2018-06-14 17:36:32 - [TEST_STEP][PASSED] - Statement - actualgroupList.add(i, groupHierarchyList.get(i).getText()): null

2018-06-14 17:36:32 - [TEST_STEP][PASSED] - Statement - actualgroupList.add(i, groupHierarchyList.get(i).getText()): null

2018-06-14 17:36:32 - [TEST_STEP][PASSED] - Statement - actualgroupList.add(i, groupHierarchyList.get(i).getText()): null

2018-06-14 17:36:32 - [TEST_STEP][PASSED] - Statement - actualgroupList.add(i, groupHierarchyList.get(i).getText()): null

2018-06-14 17:36:32 - [TEST_STEP][PASSED] - Statement - actualgroupList.add(i, groupHierarchyList.get(i).getText()): null

2018-06-14 17:36:32 - [TEST_STEP][PASSED] - Statement - actualgroupList.add(i, groupHierarchyList.get(i).getText()): null

2018-06-14 17:36:32 - [TEST_STEP][PASSED] - Statement - actualgroupList.add(i, groupHierarchyList.get(i).getText()): null

2018-06-14 17:36:32 - [TEST_STEP][PASSED] - Statement - actualgroupList.add(i, groupHierarchyList.get(i).getText()): null

2018-06-14 17:36:32 - [TEST_STEP][PASSED] - Statement - actualgroupList.add(i, groupHierarchyList.get(i).getText()): null

2018-06-14 17:36:32 - [TEST_STEP][PASSED] - Statement - actualgroupList.add(i, groupHierarchyList.get(i).getText()): null

2018-06-14 17:36:32 - [TEST_STEP][PASSED] - Statement - actualgroupList.add(i, groupHierarchyList.get(i).getText()): null

2018-06-14 17:36:32 - [TEST_STEP][PASSED] - Statement - actualgroupList.add(i, groupHierarchyList.get(i).getText()): null

2018-06-14 17:36:32 - [TEST_STEP][PASSED] - Statement - actualgroupList.add(i, groupHierarchyList.get(i).getText()): null

2018-06-14 17:36:32 - [TEST_STEP][PASSED] - Statement - actualgroupList.add(i, groupHierarchyList.get(i).getText()): null

2018-06-14 17:36:32 - [TEST_STEP][PASSED] - Statement - actualgroupList.add(i, groupHierarchyList.get(i).getText()): null

2018-06-14 17:36:32 - [TEST_STEP][PASSED] - Statement - actualgroupList.add(i, groupHierarchyList.get(i).getText()): null

2018-06-14 17:36:32 - [TEST_STEP][PASSED] - Statement - actualgroupList.add(i, groupHierarchyList.get(i).getText()): null

2018-06-14 17:36:32 - [TEST_STEP][PASSED] - Statement - actualgroupList.add(i, groupHierarchyList.get(i).getText()): null

2018-06-14 17:36:32 - [TEST_STEP][PASSED] - Statement - actualgroupList.add(i, groupHierarchyList.get(i).getText()): null

2018-06-14 17:36:32 - [TEST_STEP][PASSED] - Statement - actualgroupList.add(i, groupHierarchyList.get(i).getText()): null

2018-06-14 17:36:32 - [TEST_STEP][PASSED] - Statement - actualgroupList.add(i, groupHierarchyList.get(i).getText()): null

2018-06-14 17:36:32 - [TEST_STEP][PASSED] - Statement - actualgroupList.add(i, groupHierarchyList.get(i).getText()): null

2018-06-14 17:36:32 - [TEST_STEP][PASSED] - Statement - actualgroupList.add(i, groupHierarchyList.get(i).getText()): null

2018-06-14 17:36:32 - [TEST_STEP][PASSED] - Statement - actualgroupList.add(i, groupHierarchyList.get(i).getText()): null

2018-06-14 17:36:32 - [TEST_STEP][PASSED] - Statement - actualgroupList.add(i, groupHierarchyList.get(i).getText()): null

2018-06-14 17:36:32 - [TEST_STEP][PASSED] - Statement - actualgroupList.add(i, groupHierarchyList.get(i).getText()): null

2018-06-14 17:36:32 - [TEST_STEP][PASSED] - Statement - actualgroupList.add(i, groupHierarchyList.get(i).getText()): null

2018-06-14 17:36:32 - [TEST_STEP][PASSED] - Statement - actualgroupList.add(i, groupHierarchyList.get(i).getText()): null

2018-06-14 17:36:33 - [TEST_STEP][PASSED] - Statement - actualgroupList.add(i, groupHierarchyList.get(i).getText()): null

2018-06-14 17:36:33 - [TEST_STEP][PASSED] - Statement - actualgroupList.add(i, groupHierarchyList.get(i).getText()): null

2018-06-14 17:36:33 - [TEST_STEP][PASSED] - Statement - actualgroupList.add(i, groupHierarchyList.get(i).getText()): null

2018-06-14 17:36:33 - [TEST_STEP][PASSED] - Statement - actualgroupList.add(i, groupHierarchyList.get(i).getText()): null

2018-06-14 17:36:33 - [TEST_STEP][PASSED] - Statement - actualgroupList.add(i, groupHierarchyList.get(i).getText()): null

2018-06-14 17:36:33 - [TEST_STEP][PASSED] - Statement - actualgroupList.add(i, groupHierarchyList.get(i).getText()): null

2018-06-14 17:36:33 - [TEST_STEP][PASSED] - Statement - actualgroupList.add(i, groupHierarchyList.get(i).getText()): null

2018-06-14 17:36:33 - [TEST_STEP][PASSED] - Statement - actualgroupList.add(i, groupHierarchyList.get(i).getText()): null

2018-06-14 17:36:33 - [TEST_STEP][PASSED] - Statement - actualgroupList.add(i, groupHierarchyList.get(i).getText()): null

2018-06-14 17:36:33 - [TEST_STEP][PASSED] - Statement - actualgroupList.add(i, groupHierarchyList.get(i).getText()): null

2018-06-14 17:36:33 - [TEST_STEP][PASSED] - Statement - actualgroupList.add(i, groupHierarchyList.get(i).getText()): null

2018-06-14 17:36:33 - [TEST_STEP][PASSED] - Statement - actualgroupList.add(i, groupHierarchyList.get(i).getText()): null

2018-06-14 17:36:33 - [TEST_STEP][PASSED] - Statement - actualgroupList.add(i, groupHierarchyList.get(i).getText()): null

2018-06-14 17:36:33 - [TEST_STEP][PASSED] - Statement - actualgroupList.add(i, groupHierarchyList.get(i).getText()): null

2018-06-14 17:36:33 - [TEST_STEP][PASSED] - Statement - actualgroupList.add(i, groupHierarchyList.get(i).getText()): null

2018-06-14 17:36:33 - [TEST_STEP][PASSED] - Statement - actualgroupList.add(i, groupHierarchyList.get(i).getText()): null

2018-06-14 17:36:33 - [TEST_STEP][PASSED] - Statement - actualgroupList.add(i, groupHierarchyList.get(i).getText()): null

2018-06-14 17:36:33 - [TEST_STEP][PASSED] - Statement - actualgroupList.add(i, groupHierarchyList.get(i).getText()): null

2018-06-14 17:36:33 - [TEST_STEP][PASSED] - Statement - actualgroupList.add(i, groupHierarchyList.get(i).getText()): null

2018-06-14 17:36:33 - [TEST_STEP][PASSED] - Statement - actualgroupList.add(i, groupHierarchyList.get(i).getText()): null

2018-06-14 17:36:33 - [TEST_STEP][PASSED] - Statement - actualgroupList.add(i, groupHierarchyList.get(i).getText()): null

2018-06-14 17:36:33 - [TEST_STEP][PASSED] - Statement - actualgroupList.add(i, groupHierarchyList.get(i).getText()): null

2018-06-14 17:36:33 - [TEST_STEP][PASSED] - Statement - actualgroupList.add(i, groupHierarchyList.get(i).getText()): null

2018-06-14 17:36:33 - [TEST_STEP][PASSED] - Statement - actualgroupList.add(i, groupHierarchyList.get(i).getText()): null

2018-06-14 17:36:33 - [TEST_STEP][PASSED] - Statement - actualgroupList.add(i, groupHierarchyList.get(i).getText()): null

2018-06-14 17:36:33 - [TEST_STEP][PASSED] - Statement - actualgroupList.add(i, groupHierarchyList.get(i).getText()): null

2018-06-14 17:36:33 - [TEST_STEP][PASSED] - Statement - actualgroupList.add(i, groupHierarchyList.get(i).getText()): null

2018-06-14 17:36:33 - [TEST_STEP][PASSED] - Statement - actualgroupList.add(i, groupHierarchyList.get(i).getText()): null

2018-06-14 17:36:33 - [TEST_STEP][PASSED] - Statement - actualgroupList.add(i, groupHierarchyList.get(i).getText()): null

2018-06-14 17:36:33 - [TEST_STEP][PASSED] - Statement - actualgroupList.add(i, groupHierarchyList.get(i).getText()): null

2018-06-14 17:36:33 - [TEST_STEP][PASSED] - Statement - actualgroupList.add(i, groupHierarchyList.get(i).getText()): null

2018-06-14 17:36:33 - [TEST_STEP][PASSED] - Statement - actualgroupList.add(i, groupHierarchyList.get(i).getText()): null

2018-06-14 17:36:33 - [TEST_STEP][PASSED] - Statement - actualgroupList.add(i, groupHierarchyList.get(i).getText()): null

2018-06-14 17:36:33 - [TEST_STEP][PASSED] - Statement - actualgroupList.add(i, groupHierarchyList.get(i).getText()): null

2018-06-14 17:36:33 - [TEST_STEP][PASSED] - Statement - actualgroupList.add(i, groupHierarchyList.get(i).getText()): null

2018-06-14 17:36:33 - [TEST_STEP][PASSED] - Statement - actualgroupList.add(i, groupHierarchyList.get(i).getText()): null

2018-06-14 17:36:33 - [TEST_STEP][PASSED] - Statement - actualgroupList.add(i, groupHierarchyList.get(i).getText()): null

2018-06-14 17:36:33 - [TEST_STEP][PASSED] - Statement - actualgroupList.add(i, groupHierarchyList.get(i).getText()): null

2018-06-14 17:36:33 - [TEST_STEP][PASSED] - Statement - actualgroupList.add(i, groupHierarchyList.get(i).getText()): null

2018-06-14 17:36:33 - [TEST_STEP][PASSED] - Statement - actualgroupList.add(i, groupHierarchyList.get(i).getText()): null

2018-06-14 17:36:33 - [TEST_STEP][PASSED] - Statement - actualgroupList.add(i, groupHierarchyList.get(i).getText()): null

2018-06-14 17:36:33 - [TEST_STEP][PASSED] - Statement - actualgroupList.add(i, groupHierarchyList.get(i).getText()): null

2018-06-14 17:36:33 - [TEST_STEP][PASSED] - Statement - actualgroupList.add(i, groupHierarchyList.get(i).getText()): null

2018-06-14 17:36:33 - [TEST_STEP][PASSED] - Statement - actualgroupList.add(i, groupHierarchyList.get(i).getText()): null

2018-06-14 17:36:33 - [TEST_STEP][PASSED] - Statement - actualgroupList.add(i, groupHierarchyList.get(i).getText()): null

2018-06-14 17:36:33 - [TEST_STEP][PASSED] - Statement - actualgroupList.add(i, groupHierarchyList.get(i).getText()): null

2018-06-14 17:36:33 - [TEST_STEP][PASSED] - Statement - actualgroupList.add(i, groupHierarchyList.get(i).getText()): null

2018-06-14 17:36:33 - [TEST_STEP][PASSED] - Statement - actualgroupList.add(i, groupHierarchyList.get(i).getText()): null

2018-06-14 17:36:33 - [TEST_STEP][PASSED] - Statement - actualgroupList.add(i, groupHierarchyList.get(i).getText()): null

2018-06-14 17:36:33 - [TEST_STEP][PASSED] - Statement - actualgroupList.add(i, groupHierarchyList.get(i).getText()): null

2018-06-14 17:36:33 - [TEST_STEP][PASSED] - Statement - actualgroupList.add(i, groupHierarchyList.get(i).getText()): null

2018-06-14 17:36:33 - [TEST_STEP][PASSED] - Statement - actualgroupList.add(i, groupHierarchyList.get(i).getText()): null

2018-06-14 17:36:33 - [TEST_STEP][PASSED] - Statement - actualgroupList.add(i, groupHierarchyList.get(i).getText()): null

2018-06-14 17:36:33 - [TEST_STEP][PASSED] - Statement - actualgroupList.add(i, groupHierarchyList.get(i).getText()): null

2018-06-14 17:36:33 - [TEST_STEP][PASSED] - Statement - actualgroupList.add(i, groupHierarchyList.get(i).getText()): null

2018-06-14 17:36:33 - [TEST_STEP][PASSED] - Statement - actualgroupList.add(i, groupHierarchyList.get(i).getText()): null

2018-06-14 17:36:33 - [TEST_STEP][PASSED] - Statement - actualgroupList.add(i, groupHierarchyList.get(i).getText()): null

2018-06-14 17:36:33 - [TEST_STEP][PASSED] - Statement - actualgroupList.add(i, groupHierarchyList.get(i).getText()): null

2018-06-14 17:36:33 - [TEST_STEP][PASSED] - Statement - actualgroupList.add(i, groupHierarchyList.get(i).getText()): null

2018-06-14 17:36:33 - [TEST_STEP][PASSED] - Statement - actualgroupList.add(i, groupHierarchyList.get(i).getText()): null

2018-06-14 17:36:33 - [TEST_STEP][PASSED] - Statement - actualgroupList.add(i, groupHierarchyList.get(i).getText()): null

2018-06-14 17:36:33 - [TEST_STEP][PASSED] - Statement - actualgroupList.add(i, groupHierarchyList.get(i).getText()): null

2018-06-14 17:36:33 - [TEST_STEP][PASSED] - Statement - actualgroupList.add(i, groupHierarchyList.get(i).getText()): null

2018-06-14 17:36:34 - [TEST_STEP][PASSED] - Statement - actualgroupList.add(i, groupHierarchyList.get(i).getText()): null

2018-06-14 17:36:34 - [TEST_STEP][PASSED] - Statement - actualgroupList.add(i, groupHierarchyList.get(i).getText()): null

2018-06-14 17:36:34 - [TEST_STEP][PASSED] - Statement - actualgroupList.add(i, groupHierarchyList.get(i).getText()): null

2018-06-14 17:36:34 - [TEST_STEP][PASSED] - Statement - actualgroupList.add(i, groupHierarchyList.get(i).getText()): null

2018-06-14 17:36:34 - [TEST_STEP][PASSED] - Statement - actualgroupList.add(i, groupHierarchyList.get(i).getText()): null

2018-06-14 17:36:34 - [TEST_STEP][PASSED] - Statement - actualgroupList.add(i, groupHierarchyList.get(i).getText()): null

2018-06-14 17:36:34 - [TEST_STEP][PASSED] - Statement - actualgroupList.add(i, groupHierarchyList.get(i).getText()): null

2018-06-14 17:36:34 - [TEST_STEP][PASSED] - Statement - actualgroupList.add(i, groupHierarchyList.get(i).getText()): null

2018-06-14 17:36:34 - [TEST_STEP][PASSED] - Statement - actualgroupList.add(i, groupHierarchyList.get(i).getText()): null

2018-06-14 17:36:34 - [TEST_STEP][PASSED] - Statement - actualgroupList.add(i, groupHierarchyList.get(i).getText()): null

2018-06-14 17:36:34 - [TEST_STEP][PASSED] - Statement - actualgroupList.add(i, groupHierarchyList.get(i).getText()): null

2018-06-14 17:36:34 - [TEST_STEP][PASSED] - Statement - actualgroupList.add(i, groupHierarchyList.get(i).getText()): null

2018-06-14 17:36:34 - [TEST_STEP][PASSED] - Statement - actualgroupList.add(i, groupHierarchyList.get(i).getText()): null

2018-06-14 17:36:34 - [TEST_STEP][PASSED] - Statement - actualgroupList.add(i, groupHierarchyList.get(i).getText()): null

2018-06-14 17:36:34 - [TEST_STEP][PASSED] - Statement - actualgroupList.add(i, groupHierarchyList.get(i).getText()): null

2018-06-14 17:36:34 - [TEST_STEP][PASSED] - Statement - actualgroupList.add(i, groupHierarchyList.get(i).getText()): null

2018-06-14 17:36:34 - [TEST_STEP][PASSED] - Statement - actualgroupList.add(i, groupHierarchyList.get(i).getText()): null

2018-06-14 17:36:34 - [TEST_STEP][PASSED] - Statement - actualgroupList.add(i, groupHierarchyList.get(i).getText()): null

2018-06-14 17:36:34 - [TEST_STEP][PASSED] - Statement - actualgroupList.add(i, groupHierarchyList.get(i).getText()): null

2018-06-14 17:36:34 - [TEST_STEP][PASSED] - Statement - actualgroupList.add(i, groupHierarchyList.get(i).getText()): null

2018-06-14 17:36:34 - [TEST_STEP][PASSED] - Statement - actualgroupList.add(i, groupHierarchyList.get(i).getText()): null

2018-06-14 17:36:34 - [TEST_STEP][PASSED] - Statement - actualgroupList.add(i, groupHierarchyList.get(i).getText()): null

2018-06-14 17:36:34 - [TEST_STEP][PASSED] - Statement - actualgroupList.add(i, groupHierarchyList.get(i).getText()): null

2018-06-14 17:36:34 - [TEST_STEP][PASSED] - Statement - actualgroupList.add(i, groupHierarchyList.get(i).getText()): null

2018-06-14 17:36:34 - [TEST_STEP][PASSED] - Statement - actualgroupList.add(i, groupHierarchyList.get(i).getText()): null

2018-06-14 17:36:34 - [TEST_STEP][PASSED] - Statement - actualgroupList.add(i, groupHierarchyList.get(i).getText()): null

2018-06-14 17:36:34 - [TEST_STEP][PASSED] - Statement - actualgroupList.add(i, groupHierarchyList.get(i).getText()): null

2018-06-14 17:36:34 - [TEST_STEP][PASSED] - Statement - actualgroupList.add(i, groupHierarchyList.get(i).getText()): null

2018-06-14 17:36:34 - [TEST_STEP][PASSED] - Statement - actualgroupList.add(i, groupHierarchyList.get(i).getText()): null

2018-06-14 17:36:34 - [TEST_STEP][PASSED] - Statement - actualgroupList.add(i, groupHierarchyList.get(i).getText()): null

2018-06-14 17:36:34 - [TEST_STEP][PASSED] - Statement - actualgroupList.add(i, groupHierarchyList.get(i).getText()): null

2018-06-14 17:36:34 - [TEST_STEP][PASSED] - Statement - actualgroupList.add(i, groupHierarchyList.get(i).getText()): null

2018-06-14 17:36:34 - [TEST_STEP][PASSED] - Statement - actualgroupList.add(i, groupHierarchyList.get(i).getText()): null

2018-06-14 17:36:34 - [TEST_STEP][PASSED] - Statement - actualgroupList.add(i, groupHierarchyList.get(i).getText()): null

2018-06-14 17:36:34 - [TEST_STEP][PASSED] - Statement - actualgroupList.add(i, groupHierarchyList.get(i).getText()): null

2018-06-14 17:36:34 - [TEST_STEP][PASSED] - Statement - actualgroupList.add(i, groupHierarchyList.get(i).getText()): null

2018-06-14 17:36:34 - [TEST_STEP][PASSED] - Statement - actualgroupList.add(i, groupHierarchyList.get(i).getText()): null

2018-06-14 17:36:34 - [TEST_STEP][PASSED] - Statement - actualgroupList.add(i, groupHierarchyList.get(i).getText()): null

2018-06-14 17:36:34 - [TEST_STEP][PASSED] - Statement - actualgroupList.add(i, groupHierarchyList.get(i).getText()): null

2018-06-14 17:36:34 - [TEST_STEP][PASSED] - Statement - actualgroupList.add(i, groupHierarchyList.get(i).getText()): null

2018-06-14 17:36:34 - [TEST_STEP][PASSED] - Statement - actualgroupList.add(i, groupHierarchyList.get(i).getText()): null

2018-06-14 17:36:34 - [TEST_STEP][PASSED] - Statement - actualgroupList.add(i, groupHierarchyList.get(i).getText()): null

2018-06-14 17:36:34 - [TEST_STEP][PASSED] - Statement - actualgroupList.add(i, groupHierarchyList.get(i).getText()): null

2018-06-14 17:36:34 - [TEST_STEP][PASSED] - Statement - actualgroupList.add(i, groupHierarchyList.get(i).getText()): null

2018-06-14 17:36:34 - [TEST_STEP][PASSED] - Statement - actualgroupList.add(i, groupHierarchyList.get(i).getText()): null

2018-06-14 17:36:34 - [TEST_STEP][PASSED] - Statement - actualgroupList.add(i, groupHierarchyList.get(i).getText()): null

2018-06-14 17:36:34 - [TEST_STEP][PASSED] - Statement - actualgroupList.add(i, groupHierarchyList.get(i).getText()): null

2018-06-14 17:36:34 - [TEST_STEP][PASSED] - Statement - actualgroupList.add(i, groupHierarchyList.get(i).getText()): null

2018-06-14 17:36:34 - [TEST_STEP][PASSED] - Statement - actualgroupList.add(i, groupHierarchyList.get(i).getText()): null

2018-06-14 17:36:34 - [TEST_STEP][PASSED] - Statement - actualgroupList.add(i, groupHierarchyList.get(i).getText()): null

2018-06-14 17:36:34 - [TEST_STEP][PASSED] - Statement - actualgroupList.add(i, groupHierarchyList.get(i).getText()): null

2018-06-14 17:36:34 - [TEST_STEP][PASSED] - Statement - actualgroupList.add(i, groupHierarchyList.get(i).getText()): null

2018-06-14 17:36:34 - [TEST_STEP][PASSED] - Statement - actualgroupList.add(i, groupHierarchyList.get(i).getText()): null

2018-06-14 17:36:34 - [TEST_STEP][PASSED] - Statement - actualgroupList.add(i, groupHierarchyList.get(i).getText()): null

2018-06-14 17:36:34 - [TEST_STEP][PASSED] - Statement - actualgroupList.add(i, groupHierarchyList.get(i).getText()): null

2018-06-14 17:36:34 - [TEST_STEP][PASSED] - Statement - actualgroupList.add(i, groupHierarchyList.get(i).getText()): null

2018-06-14 17:36:34 - [TEST_STEP][PASSED] - Statement - actualgroupList.add(i, groupHierarchyList.get(i).getText()): null

2018-06-14 17:36:34 - [TEST_STEP][PASSED] - Statement - actualgroupList.add(i, groupHierarchyList.get(i).getText()): null

2018-06-14 17:36:34 - [TEST_STEP][PASSED] - Statement - actualgroupList.add(i, groupHierarchyList.get(i).getText()): null

2018-06-14 17:36:34 - [TEST_STEP][PASSED] - Statement - actualgroupList.add(i, groupHierarchyList.get(i).getText()): null

2018-06-14 17:36:34 - [TEST_STEP][PASSED] - Statement - actualgroupList.add(i, groupHierarchyList.get(i).getText()): null

2018-06-14 17:36:34 - [TEST_STEP][PASSED] - Statement - actualgroupList.add(i, groupHierarchyList.get(i).getText()): null

2018-06-14 17:36:34 - [TEST_STEP][PASSED] - Statement - actualgroupList.add(i, groupHierarchyList.get(i).getText()): null

2018-06-14 17:36:34 - [TEST_STEP][PASSED] - Statement - actualgroupList.add(i, groupHierarchyList.get(i).getText()): null

2018-06-14 17:36:35 - [TEST_STEP][PASSED] - Statement - actualgroupList.add(i, groupHierarchyList.get(i).getText()): null

2018-06-14 17:36:35 - [TEST_STEP][PASSED] - Statement - actualgroupList.add(i, groupHierarchyList.get(i).getText()): null

2018-06-14 17:36:35 - [TEST_STEP][PASSED] - Statement - actualgroupList.add(i, groupHierarchyList.get(i).getText()): null

2018-06-14 17:36:35 - [TEST_STEP][PASSED] - Statement - actualgroupList.add(i, groupHierarchyList.get(i).getText()): null

2018-06-14 17:36:35 - [TEST_STEP][PASSED] - Statement - actualgroupList.add(i, groupHierarchyList.get(i).getText()): null

2018-06-14 17:36:35 - [TEST_STEP][PASSED] - Statement - actualgroupList.add(i, groupHierarchyList.get(i).getText()): null

2018-06-14 17:36:35 - [TEST_STEP][PASSED] - Statement - actualgroupList.add(i, groupHierarchyList.get(i).getText()): null

2018-06-14 17:36:35 - [TEST_STEP][PASSED] - Statement - actualgroupList.add(i, groupHierarchyList.get(i).getText()): null

2018-06-14 17:36:35 - [TEST_STEP][PASSED] - Statement - actualgroupList.add(i, groupHierarchyList.get(i).getText()): null

2018-06-14 17:36:35 - [TEST_STEP][PASSED] - Statement - actualgroupList.add(i, groupHierarchyList.get(i).getText()): null

2018-06-14 17:36:35 - [TEST_STEP][PASSED] - Statement - actualgroupList.add(i, groupHierarchyList.get(i).getText()): null

2018-06-14 17:36:35 - [TEST_STEP][PASSED] - Statement - actualgroupList.add(i, groupHierarchyList.get(i).getText()): null

2018-06-14 17:36:35 - [TEST_STEP][PASSED] - Statement - actualgroupList.add(i, groupHierarchyList.get(i).getText()): null

2018-06-14 17:36:35 - [TEST_STEP][PASSED] - Statement - actualgroupList.add(i, groupHierarchyList.get(i).getText()): null

2018-06-14 17:36:35 - [TEST_STEP][PASSED] - Statement - out.println(actualgroupList): null

2018-06-14 17:36:35 - [TEST_STEP][PASSED] - delay: Delayed 10 second(s)

2018-06-14 17:36:45 - [MESSAGE][PASSED] - Delayed 10 second(s)

2018-06-14 17:36:45 - [TEST_STEP][PASSED] - Statement - groupName = CustomKeywords.projectSpecific.Reusability.getTestData("ReportingGroupManagementPage", "GroupName"): projectSpecific.Reusability.getTestData is PASSED

2018-06-14 17:36:45 - [MESSAGE][PASSED] - projectSpecific.Reusability.getTestData is PASSED

2018-06-14 17:36:45 - [TEST_STEP][PASSED] - Statement - If (actualgroupList.contains(groupName)): null

2018-06-14 17:36:45 - [TEST_STEP][PASSED] - uiaction.CommonUIActions.click: uiaction.CommonUIActions.click is PASSED

2018-06-14 17:36:45 - [MESSAGE][PASSED] - uiaction.CommonUIActions.click is PASSED

2018-06-14 17:36:45 - [TEST_STEP][PASSED] - Statement - println("Automation Group is available in group hierarchy"): null

2018-06-14 17:36:45 - [TEST_STEP][PASSED] - verifyElementPresent: Object 'Object Repository/ReportingGroupManagement/reportingGroupDetails' is present

2018-06-14 17:36:45 - [MESSAGE][PASSED] - Object 'Object Repository/ReportingGroupManagement/reportingGroupDetails' is present

2018-06-14 17:36:45 - [TEST_STEP][PASSED] - delay: Delayed 5 second(s)

2018-06-14 17:36:50 - [MESSAGE][PASSED] - Delayed 5 second(s)

2018-06-14 17:36:50 - [TEST_STEP][PASSED] - uiaction.CommonUIActions.verifyMatch: uiaction.CommonUIActions.verifyMatch is PASSED

2018-06-14 17:36:50 - [MESSAGE][PASSED] - projectSpecific.Reusability.getTestData is PASSED

2018-06-14 17:36:50 - [MESSAGE][PASSED] - Attribute 'value' of object 'Object Repository/ReportingGroupManagement/groupNameTxt' is: 'AutomationGroup'

2018-06-14 17:36:50 - [MESSAGE][PASSED] - Actual text 'AutomationGroup' and expected text 'AutomationGroup' are matched 

2018-06-14 17:36:50 - [MESSAGE][PASSED] - uiaction.CommonUIActions.verifyMatch is PASSED

2018-06-14 17:36:50 - [TEST_STEP][PASSED] - delay: Delayed 5 second(s)

2018-06-14 17:36:55 - [MESSAGE][PASSED] - Delayed 5 second(s)

2018-06-14 17:36:55 - [TEST_STEP][PASSED] - uiaction.CommonUIActions.verifyMatch: uiaction.CommonUIActions.verifyMatch is PASSED

2018-06-14 17:36:55 - [MESSAGE][PASSED] - projectSpecific.Reusability.getTestData is PASSED

2018-06-14 17:36:55 - [MESSAGE][PASSED] - Attribute 'value' of object 'Object Repository/ReportingGroupManagement/groupDescTxt' is: 'South west branch Group 11'

2018-06-14 17:36:55 - [MESSAGE][PASSED] - Actual text 'South west branch Group 11' and expected text 'South west branch Group 11' are matched 

2018-06-14 17:36:55 - [MESSAGE][PASSED] - uiaction.CommonUIActions.verifyMatch is PASSED

2018-06-14 17:36:55 - [TEST_STEP][PASSED] - uiaction.CommonUIActions.click: uiaction.CommonUIActions.click is PASSED

2018-06-14 17:36:55 - [MESSAGE][PASSED] - uiaction.CommonUIActions.click is PASSED

2018-06-14 17:36:55 - [TEST_STEP][PASSED] - delay: Delayed 5 second(s)

2018-06-14 17:37:00 - [MESSAGE][PASSED] - Delayed 5 second(s)

2018-06-14 17:37:00 - [TEST_STEP][PASSED] - uiaction.CommonUIActions.click: uiaction.CommonUIActions.click is PASSED

2018-06-14 17:37:00 - [MESSAGE][PASSED] - uiaction.CommonUIActions.click is PASSED

2018-06-14 17:37:00 - [TEST_STEP][PASSED] - uiaction.CommonUIActions.enter: uiaction.CommonUIActions.enter is PASSED

2018-06-14 17:37:00 - [MESSAGE][PASSED] - projectSpecific.Reusability.getTestData is PASSED

2018-06-14 17:37:00 - [MESSAGE][PASSED] - uiaction.CommonUIActions.enter is PASSED

2018-06-14 17:37:00 - [TEST_STEP][PASSED] - uiaction.CommonUIActions.enter: uiaction.CommonUIActions.enter is PASSED

2018-06-14 17:37:00 - [MESSAGE][PASSED] - projectSpecific.Reusability.getTestData is PASSED

2018-06-14 17:37:00 - [MESSAGE][PASSED] - uiaction.CommonUIActions.enter is PASSED

2018-06-14 17:37:00 - [TEST_STEP][PASSED] - uiaction.CommonUIActions.click: uiaction.CommonUIActions.click is PASSED

2018-06-14 17:37:01 - [MESSAGE][PASSED] - uiaction.CommonUIActions.click is PASSED

2018-06-14 17:37:01 - [TEST_STEP][PASSED] - delay: Delayed 10 second(s)

2018-06-14 17:37:11 - [MESSAGE][PASSED] - Delayed 10 second(s)

2018-06-14 17:37:11 - [TEST_STEP][PASSED] - uiaction.CommonUIActions.back: uiaction.CommonUIActions.back is PASSED

2018-06-14 17:37:11 - [MESSAGE][PASSED] - Navigate back successfully

2018-06-14 17:37:11 - [MESSAGE][PASSED] - uiaction.CommonUIActions.back is PASSED

2018-06-14 17:37:11 - [TEST_STEP][PASSED] - delay: Delayed 5 second(s)

2018-06-14 17:37:16 - [MESSAGE][PASSED] - Delayed 5 second(s)

2018-06-14 17:37:16 - [TEST_STEP][PASSED] - uiaction.CommonUIActions.back: uiaction.CommonUIActions.back is PASSED

2018-06-14 17:37:16 - [MESSAGE][PASSED] - Navigate back successfully

2018-06-14 17:37:16 - [MESSAGE][PASSED] - uiaction.CommonUIActions.back is PASSED

2018-06-14 17:37:16 - [TEST_STEP][PASSED] - delay: Delayed 5 second(s)

2018-06-14 17:37:21 - [MESSAGE][PASSED] - Delayed 5 second(s)

2018-06-14 17:37:21 - [TEST_STEP][PASSED] - uiaction.CommonUIActions.click: uiaction.CommonUIActions.click is PASSED

2018-06-14 17:37:21 - [MESSAGE][PASSED] - uiaction.CommonUIActions.click is PASSED

2018-06-14 17:37:21 - [TEST_STEP][PASSED] - uiaction.CommonUIActions.enter: uiaction.CommonUIActions.enter is PASSED

2018-06-14 17:37:21 - [MESSAGE][PASSED] - projectSpecific.Reusability.getTestData is PASSED

2018-06-14 17:37:21 - [MESSAGE][PASSED] - uiaction.CommonUIActions.enter is PASSED

2018-06-14 17:37:21 - [TEST_STEP][PASSED] - uiaction.CommonUIActions.enter: uiaction.CommonUIActions.enter is PASSED

2018-06-14 17:37:21 - [MESSAGE][PASSED] - projectSpecific.Reusability.getTestData is PASSED

2018-06-14 17:37:21 - [MESSAGE][PASSED] - uiaction.CommonUIActions.enter is PASSED

2018-06-14 17:37:21 - [TEST_STEP][PASSED] - uiaction.CommonUIActions.click: uiaction.CommonUIActions.click is PASSED

2018-06-14 17:37:21 - [MESSAGE][PASSED] - uiaction.CommonUIActions.click is PASSED

2018-06-14 17:37:21 - [TEST_STEP][PASSED] - delay: Delayed 10 second(s)

2018-06-14 17:37:31 - [MESSAGE][PASSED] - Delayed 10 second(s)

2018-06-14 17:37:31 - [TEST_STEP][PASSED] - uiaction.CommonUIActions.back: uiaction.CommonUIActions.back is PASSED

2018-06-14 17:37:31 - [MESSAGE][PASSED] - Navigate back successfully

2018-06-14 17:37:31 - [MESSAGE][PASSED] - uiaction.CommonUIActions.back is PASSED

2018-06-14 17:37:31 - [TEST_STEP][PASSED] - delay: Delayed 5 second(s)

2018-06-14 17:37:36 - [MESSAGE][PASSED] - Delayed 5 second(s)

2018-06-14 17:37:36 - [TEST_STEP][PASSED] - uiaction.CommonUIActions.back: uiaction.CommonUIActions.back is PASSED

2018-06-14 17:37:36 - [MESSAGE][PASSED] - Navigate back successfully

2018-06-14 17:37:36 - [MESSAGE][PASSED] - uiaction.CommonUIActions.back is PASSED

2018-06-14 17:37:36 - [TEST_STEP][PASSED] - delay: Delayed 5 second(s)

2018-06-14 17:37:41 - [MESSAGE][PASSED] - Delayed 5 second(s)

2018-06-14 17:37:41 - [TEST_STEP][PASSED] - uiaction.CommonUIActions.click: uiaction.CommonUIActions.click is PASSED

2018-06-14 17:37:41 - [MESSAGE][PASSED] - uiaction.CommonUIActions.click is PASSED

2018-06-14 17:37:41 - [TEST_STEP][PASSED] - Statement - StoreList = CustomKeywords.projectSpecific.Reusability.getTestData("ReportingGroupManagementPage", "dummyGroupName2"): projectSpecific.Reusability.getTestData is PASSED

2018-06-14 17:37:41 - [MESSAGE][PASSED] - projectSpecific.Reusability.getTestData is PASSED

2018-06-14 17:37:41 - [TEST_STEP][PASSED] - Statement - listOfStores = new java.util.ArrayList(java.util.Arrays.asList(StoreList)): null

2018-06-14 17:37:41 - [TEST_STEP][PASSED] - Statement - out.println(listOfStores): null

2018-06-14 17:37:41 - [TEST_STEP][PASSED] - delay: Delayed 10 second(s)

2018-06-14 17:37:51 - [MESSAGE][PASSED] - Delayed 10 second(s)

2018-06-14 17:37:51 - [TEST_STEP][PASSED] - Statement - availableStoreList = driver.findElements(org.openqa.selenium.By.xpath(com.kms.katalon.core.testdata.TestDataFactory.findTestData(OR_file).getValue(2, 10))): Reading excel file with source file 'C:\Users\shalinin\Katalon Studio\HME_Scripts\Data Files\HME_OR.xlsx' and sheet name 'Sheet1'

2018-06-14 17:37:51 - [TEST_STEP][PASSED] - Statement - actualList = new java.util.ArrayList(): null

2018-06-14 17:37:51 - [TEST_STEP][PASSED] - Statement - For ([i = 0, i < availableStoreList.size(), (i++)]): null

2018-06-14 17:37:51 - [TEST_STEP][PASSED] - Statement - actualList.add(i, availableStoreList.get(i).getText()): null

2018-06-14 17:37:51 - [TEST_STEP][PASSED] - Statement - actualList.add(i, availableStoreList.get(i).getText()): null

2018-06-14 17:37:51 - [TEST_STEP][PASSED] - Statement - actualList.add(i, availableStoreList.get(i).getText()): null

2018-06-14 17:37:51 - [TEST_STEP][PASSED] - Statement - actualList.add(i, availableStoreList.get(i).getText()): null

2018-06-14 17:37:51 - [TEST_STEP][PASSED] - Statement - actualList.add(i, availableStoreList.get(i).getText()): null

2018-06-14 17:37:51 - [TEST_STEP][PASSED] - Statement - actualList.add(i, availableStoreList.get(i).getText()): null

2018-06-14 17:37:51 - [TEST_STEP][PASSED] - Statement - actualList.add(i, availableStoreList.get(i).getText()): null

2018-06-14 17:37:51 - [TEST_STEP][PASSED] - Statement - actualList.add(i, availableStoreList.get(i).getText()): null

2018-06-14 17:37:51 - [TEST_STEP][PASSED] - Statement - actualList.add(i, availableStoreList.get(i).getText()): null

2018-06-14 17:37:51 - [TEST_STEP][PASSED] - Statement - actualList.add(i, availableStoreList.get(i).getText()): null

2018-06-14 17:37:51 - [TEST_STEP][PASSED] - Statement - actualList.add(i, availableStoreList.get(i).getText()): null

2018-06-14 17:37:51 - [TEST_STEP][PASSED] - Statement - actualList.add(i, availableStoreList.get(i).getText()): null

2018-06-14 17:37:51 - [TEST_STEP][PASSED] - Statement - actualList.add(i, availableStoreList.get(i).getText()): null

2018-06-14 17:37:51 - [TEST_STEP][PASSED] - Statement - actualList.add(i, availableStoreList.get(i).getText()): null

2018-06-14 17:37:51 - [TEST_STEP][PASSED] - Statement - actualList.add(i, availableStoreList.get(i).getText()): null

2018-06-14 17:37:51 - [TEST_STEP][PASSED] - Statement - actualList.add(i, availableStoreList.get(i).getText()): null

2018-06-14 17:37:51 - [TEST_STEP][PASSED] - Statement - actualList.add(i, availableStoreList.get(i).getText()): null

2018-06-14 17:37:51 - [TEST_STEP][PASSED] - Statement - actualList.add(i, availableStoreList.get(i).getText()): null

2018-06-14 17:37:51 - [TEST_STEP][PASSED] - Statement - actualList.add(i, availableStoreList.get(i).getText()): null

2018-06-14 17:37:51 - [TEST_STEP][PASSED] - Statement - actualList.add(i, availableStoreList.get(i).getText()): null

2018-06-14 17:37:51 - [TEST_STEP][PASSED] - Statement - actualList.add(i, availableStoreList.get(i).getText()): null

2018-06-14 17:37:52 - [TEST_STEP][PASSED] - Statement - actualList.add(i, availableStoreList.get(i).getText()): null

2018-06-14 17:37:52 - [TEST_STEP][PASSED] - Statement - actualList.add(i, availableStoreList.get(i).getText()): null

2018-06-14 17:37:52 - [TEST_STEP][PASSED] - Statement - actualList.add(i, availableStoreList.get(i).getText()): null

2018-06-14 17:37:52 - [TEST_STEP][PASSED] - Statement - actualList.add(i, availableStoreList.get(i).getText()): null

2018-06-14 17:37:52 - [TEST_STEP][PASSED] - Statement - actualList.add(i, availableStoreList.get(i).getText()): null

2018-06-14 17:37:52 - [TEST_STEP][PASSED] - Statement - actualList.add(i, availableStoreList.get(i).getText()): null

2018-06-14 17:37:52 - [TEST_STEP][PASSED] - Statement - actualList.add(i, availableStoreList.get(i).getText()): null

2018-06-14 17:37:52 - [TEST_STEP][PASSED] - Statement - actualList.add(i, availableStoreList.get(i).getText()): null

2018-06-14 17:37:52 - [TEST_STEP][PASSED] - Statement - actualList.add(i, availableStoreList.get(i).getText()): null

2018-06-14 17:37:52 - [TEST_STEP][PASSED] - Statement - actualList.add(i, availableStoreList.get(i).getText()): null

2018-06-14 17:37:52 - [TEST_STEP][PASSED] - Statement - actualList.add(i, availableStoreList.get(i).getText()): null

2018-06-14 17:37:52 - [TEST_STEP][PASSED] - Statement - actualList.add(i, availableStoreList.get(i).getText()): null

2018-06-14 17:37:52 - [TEST_STEP][PASSED] - Statement - actualList.add(i, availableStoreList.get(i).getText()): null

2018-06-14 17:37:52 - [TEST_STEP][PASSED] - Statement - actualList.add(i, availableStoreList.get(i).getText()): null

2018-06-14 17:37:52 - [TEST_STEP][PASSED] - Statement - actualList.add(i, availableStoreList.get(i).getText()): null

2018-06-14 17:37:52 - [TEST_STEP][PASSED] - Statement - actualList.add(i, availableStoreList.get(i).getText()): null

2018-06-14 17:37:52 - [TEST_STEP][PASSED] - Statement - actualList.add(i, availableStoreList.get(i).getText()): null

2018-06-14 17:37:52 - [TEST_STEP][PASSED] - Statement - actualList.add(i, availableStoreList.get(i).getText()): null

2018-06-14 17:37:52 - [TEST_STEP][PASSED] - Statement - actualList.add(i, availableStoreList.get(i).getText()): null

2018-06-14 17:37:52 - [TEST_STEP][PASSED] - Statement - actualList.add(i, availableStoreList.get(i).getText()): null

2018-06-14 17:37:52 - [TEST_STEP][PASSED] - Statement - actualList.add(i, availableStoreList.get(i).getText()): null

2018-06-14 17:37:52 - [TEST_STEP][PASSED] - Statement - actualList.add(i, availableStoreList.get(i).getText()): null

2018-06-14 17:37:52 - [TEST_STEP][PASSED] - Statement - actualList.add(i, availableStoreList.get(i).getText()): null

2018-06-14 17:37:52 - [TEST_STEP][PASSED] - Statement - actualList.add(i, availableStoreList.get(i).getText()): null

2018-06-14 17:37:52 - [TEST_STEP][PASSED] - Statement - actualList.add(i, availableStoreList.get(i).getText()): null

2018-06-14 17:37:52 - [TEST_STEP][PASSED] - Statement - actualList.add(i, availableStoreList.get(i).getText()): null

2018-06-14 17:37:52 - [TEST_STEP][PASSED] - Statement - actualList.add(i, availableStoreList.get(i).getText()): null

2018-06-14 17:37:52 - [TEST_STEP][PASSED] - Statement - actualList.add(i, availableStoreList.get(i).getText()): null

2018-06-14 17:37:52 - [TEST_STEP][PASSED] - Statement - actualList.add(i, availableStoreList.get(i).getText()): null

2018-06-14 17:37:52 - [TEST_STEP][PASSED] - Statement - actualList.add(i, availableStoreList.get(i).getText()): null

2018-06-14 17:37:52 - [TEST_STEP][PASSED] - Statement - actualList.add(i, availableStoreList.get(i).getText()): null

2018-06-14 17:37:52 - [TEST_STEP][PASSED] - Statement - actualList.add(i, availableStoreList.get(i).getText()): null

2018-06-14 17:37:52 - [TEST_STEP][PASSED] - Statement - actualList.add(i, availableStoreList.get(i).getText()): null

2018-06-14 17:37:52 - [TEST_STEP][PASSED] - Statement - actualList.add(i, availableStoreList.get(i).getText()): null

2018-06-14 17:37:52 - [TEST_STEP][PASSED] - Statement - actualList.add(i, availableStoreList.get(i).getText()): null

2018-06-14 17:37:52 - [TEST_STEP][PASSED] - Statement - actualList.add(i, availableStoreList.get(i).getText()): null

2018-06-14 17:37:52 - [TEST_STEP][PASSED] - Statement - actualList.add(i, availableStoreList.get(i).getText()): null

2018-06-14 17:37:52 - [TEST_STEP][PASSED] - Statement - actualList.add(i, availableStoreList.get(i).getText()): null

2018-06-14 17:37:52 - [TEST_STEP][PASSED] - Statement - actualList.add(i, availableStoreList.get(i).getText()): null

2018-06-14 17:37:52 - [TEST_STEP][PASSED] - Statement - actualList.add(i, availableStoreList.get(i).getText()): null

2018-06-14 17:37:52 - [TEST_STEP][PASSED] - Statement - actualList.add(i, availableStoreList.get(i).getText()): null

2018-06-14 17:37:52 - [TEST_STEP][PASSED] - Statement - actualList.add(i, availableStoreList.get(i).getText()): null

2018-06-14 17:37:52 - [TEST_STEP][PASSED] - Statement - actualList.add(i, availableStoreList.get(i).getText()): null

2018-06-14 17:37:52 - [TEST_STEP][PASSED] - Statement - actualList.add(i, availableStoreList.get(i).getText()): null

2018-06-14 17:37:52 - [TEST_STEP][PASSED] - Statement - actualList.add(i, availableStoreList.get(i).getText()): null

2018-06-14 17:37:52 - [TEST_STEP][PASSED] - Statement - actualList.add(i, availableStoreList.get(i).getText()): null

2018-06-14 17:37:52 - [TEST_STEP][PASSED] - Statement - actualList.add(i, availableStoreList.get(i).getText()): null

2018-06-14 17:37:52 - [TEST_STEP][PASSED] - Statement - actualList.add(i, availableStoreList.get(i).getText()): null

2018-06-14 17:37:52 - [TEST_STEP][PASSED] - Statement - actualList.add(i, availableStoreList.get(i).getText()): null

2018-06-14 17:37:52 - [TEST_STEP][PASSED] - Statement - actualList.add(i, availableStoreList.get(i).getText()): null

2018-06-14 17:37:52 - [TEST_STEP][PASSED] - Statement - actualList.add(i, availableStoreList.get(i).getText()): null

2018-06-14 17:37:52 - [TEST_STEP][PASSED] - Statement - actualList.add(i, availableStoreList.get(i).getText()): null

2018-06-14 17:37:52 - [TEST_STEP][PASSED] - Statement - actualList.add(i, availableStoreList.get(i).getText()): null

2018-06-14 17:37:52 - [TEST_STEP][PASSED] - Statement - actualList.add(i, availableStoreList.get(i).getText()): null

2018-06-14 17:37:52 - [TEST_STEP][PASSED] - Statement - actualList.add(i, availableStoreList.get(i).getText()): null

2018-06-14 17:37:52 - [TEST_STEP][PASSED] - Statement - actualList.add(i, availableStoreList.get(i).getText()): null

2018-06-14 17:37:52 - [TEST_STEP][PASSED] - Statement - actualList.add(i, availableStoreList.get(i).getText()): null

2018-06-14 17:37:52 - [TEST_STEP][PASSED] - Statement - actualList.add(i, availableStoreList.get(i).getText()): null

2018-06-14 17:37:52 - [TEST_STEP][PASSED] - Statement - actualList.add(i, availableStoreList.get(i).getText()): null

2018-06-14 17:37:52 - [TEST_STEP][PASSED] - Statement - actualList.add(i, availableStoreList.get(i).getText()): null

2018-06-14 17:37:52 - [TEST_STEP][PASSED] - Statement - actualList.add(i, availableStoreList.get(i).getText()): null

2018-06-14 17:37:52 - [TEST_STEP][PASSED] - Statement - actualList.add(i, availableStoreList.get(i).getText()): null

2018-06-14 17:37:52 - [TEST_STEP][PASSED] - Statement - actualList.add(i, availableStoreList.get(i).getText()): null

2018-06-14 17:37:52 - [TEST_STEP][PASSED] - Statement - actualList.add(i, availableStoreList.get(i).getText()): null

2018-06-14 17:37:52 - [TEST_STEP][PASSED] - Statement - actualList.add(i, availableStoreList.get(i).getText()): null

2018-06-14 17:37:53 - [TEST_STEP][PASSED] - Statement - actualList.add(i, availableStoreList.get(i).getText()): null

2018-06-14 17:37:53 - [TEST_STEP][PASSED] - Statement - actualList.add(i, availableStoreList.get(i).getText()): null

2018-06-14 17:37:53 - [TEST_STEP][PASSED] - Statement - actualList.add(i, availableStoreList.get(i).getText()): null

2018-06-14 17:37:53 - [TEST_STEP][PASSED] - Statement - actualList.add(i, availableStoreList.get(i).getText()): null

2018-06-14 17:37:53 - [TEST_STEP][PASSED] - Statement - actualList.add(i, availableStoreList.get(i).getText()): null

2018-06-14 17:37:53 - [TEST_STEP][PASSED] - Statement - actualList.add(i, availableStoreList.get(i).getText()): null

2018-06-14 17:37:53 - [TEST_STEP][PASSED] - Statement - actualList.add(i, availableStoreList.get(i).getText()): null

2018-06-14 17:37:53 - [TEST_STEP][PASSED] - Statement - actualList.add(i, availableStoreList.get(i).getText()): null

2018-06-14 17:37:53 - [TEST_STEP][PASSED] - Statement - actualList.add(i, availableStoreList.get(i).getText()): null

2018-06-14 17:37:53 - [TEST_STEP][PASSED] - Statement - actualList.add(i, availableStoreList.get(i).getText()): null

2018-06-14 17:37:53 - [TEST_STEP][PASSED] - Statement - actualList.add(i, availableStoreList.get(i).getText()): null

2018-06-14 17:37:53 - [TEST_STEP][PASSED] - Statement - actualList.add(i, availableStoreList.get(i).getText()): null

2018-06-14 17:37:53 - [TEST_STEP][PASSED] - Statement - actualList.add(i, availableStoreList.get(i).getText()): null

2018-06-14 17:37:53 - [TEST_STEP][PASSED] - Statement - actualList.add(i, availableStoreList.get(i).getText()): null

2018-06-14 17:37:53 - [TEST_STEP][PASSED] - Statement - actualList.add(i, availableStoreList.get(i).getText()): null

2018-06-14 17:37:53 - [TEST_STEP][PASSED] - Statement - actualList.add(i, availableStoreList.get(i).getText()): null

2018-06-14 17:37:53 - [TEST_STEP][PASSED] - Statement - actualList.add(i, availableStoreList.get(i).getText()): null

2018-06-14 17:37:53 - [TEST_STEP][PASSED] - Statement - actualList.add(i, availableStoreList.get(i).getText()): null

2018-06-14 17:37:53 - [TEST_STEP][PASSED] - Statement - actualList.add(i, availableStoreList.get(i).getText()): null

2018-06-14 17:37:53 - [TEST_STEP][PASSED] - Statement - actualList.add(i, availableStoreList.get(i).getText()): null

2018-06-14 17:37:53 - [TEST_STEP][PASSED] - Statement - actualList.add(i, availableStoreList.get(i).getText()): null

2018-06-14 17:37:53 - [TEST_STEP][PASSED] - Statement - actualList.add(i, availableStoreList.get(i).getText()): null

2018-06-14 17:37:53 - [TEST_STEP][PASSED] - Statement - actualList.add(i, availableStoreList.get(i).getText()): null

2018-06-14 17:37:53 - [TEST_STEP][PASSED] - Statement - actualList.add(i, availableStoreList.get(i).getText()): null

2018-06-14 17:37:53 - [TEST_STEP][PASSED] - Statement - actualList.add(i, availableStoreList.get(i).getText()): null

2018-06-14 17:37:53 - [TEST_STEP][PASSED] - Statement - actualList.add(i, availableStoreList.get(i).getText()): null

2018-06-14 17:37:53 - [TEST_STEP][PASSED] - Statement - actualList.add(i, availableStoreList.get(i).getText()): null

2018-06-14 17:37:53 - [TEST_STEP][PASSED] - Statement - actualList.add(i, availableStoreList.get(i).getText()): null

2018-06-14 17:37:53 - [TEST_STEP][PASSED] - Statement - actualList.add(i, availableStoreList.get(i).getText()): null

2018-06-14 17:37:53 - [TEST_STEP][PASSED] - Statement - actualList.add(i, availableStoreList.get(i).getText()): null

2018-06-14 17:37:53 - [TEST_STEP][PASSED] - Statement - actualList.add(i, availableStoreList.get(i).getText()): null

2018-06-14 17:37:53 - [TEST_STEP][PASSED] - Statement - actualList.add(i, availableStoreList.get(i).getText()): null

2018-06-14 17:37:53 - [TEST_STEP][PASSED] - Statement - actualList.add(i, availableStoreList.get(i).getText()): null

2018-06-14 17:37:53 - [TEST_STEP][PASSED] - Statement - actualList.add(i, availableStoreList.get(i).getText()): null

2018-06-14 17:37:53 - [TEST_STEP][PASSED] - Statement - actualList.add(i, availableStoreList.get(i).getText()): null

2018-06-14 17:37:53 - [TEST_STEP][PASSED] - Statement - actualList.add(i, availableStoreList.get(i).getText()): null

2018-06-14 17:37:53 - [TEST_STEP][PASSED] - Statement - actualList.add(i, availableStoreList.get(i).getText()): null

2018-06-14 17:37:53 - [TEST_STEP][PASSED] - Statement - actualList.add(i, availableStoreList.get(i).getText()): null

2018-06-14 17:37:53 - [TEST_STEP][PASSED] - Statement - actualList.add(i, availableStoreList.get(i).getText()): null

2018-06-14 17:37:53 - [TEST_STEP][PASSED] - Statement - actualList.add(i, availableStoreList.get(i).getText()): null

2018-06-14 17:37:53 - [TEST_STEP][PASSED] - Statement - actualList.add(i, availableStoreList.get(i).getText()): null

2018-06-14 17:37:53 - [TEST_STEP][PASSED] - Statement - actualList.add(i, availableStoreList.get(i).getText()): null

2018-06-14 17:37:53 - [TEST_STEP][PASSED] - Statement - actualList.add(i, availableStoreList.get(i).getText()): null

2018-06-14 17:37:53 - [TEST_STEP][PASSED] - Statement - actualList.add(i, availableStoreList.get(i).getText()): null

2018-06-14 17:37:53 - [TEST_STEP][PASSED] - Statement - actualList.add(i, availableStoreList.get(i).getText()): null

2018-06-14 17:37:53 - [TEST_STEP][PASSED] - Statement - actualList.add(i, availableStoreList.get(i).getText()): null

2018-06-14 17:37:53 - [TEST_STEP][PASSED] - Statement - actualList.add(i, availableStoreList.get(i).getText()): null

2018-06-14 17:37:53 - [TEST_STEP][PASSED] - Statement - actualList.add(i, availableStoreList.get(i).getText()): null

2018-06-14 17:37:53 - [TEST_STEP][PASSED] - Statement - actualList.add(i, availableStoreList.get(i).getText()): null

2018-06-14 17:37:53 - [TEST_STEP][PASSED] - Statement - actualList.add(i, availableStoreList.get(i).getText()): null

2018-06-14 17:37:53 - [TEST_STEP][PASSED] - Statement - actualList.add(i, availableStoreList.get(i).getText()): null

2018-06-14 17:37:53 - [TEST_STEP][PASSED] - Statement - actualList.add(i, availableStoreList.get(i).getText()): null

2018-06-14 17:37:53 - [TEST_STEP][PASSED] - Statement - actualList.add(i, availableStoreList.get(i).getText()): null

2018-06-14 17:37:53 - [TEST_STEP][PASSED] - Statement - actualList.add(i, availableStoreList.get(i).getText()): null

2018-06-14 17:37:53 - [TEST_STEP][PASSED] - Statement - actualList.add(i, availableStoreList.get(i).getText()): null

2018-06-14 17:37:53 - [TEST_STEP][PASSED] - Statement - actualList.add(i, availableStoreList.get(i).getText()): null

2018-06-14 17:37:53 - [TEST_STEP][PASSED] - Statement - actualList.add(i, availableStoreList.get(i).getText()): null

2018-06-14 17:37:53 - [TEST_STEP][PASSED] - Statement - actualList.add(i, availableStoreList.get(i).getText()): null

2018-06-14 17:37:53 - [TEST_STEP][PASSED] - Statement - actualList.add(i, availableStoreList.get(i).getText()): null

2018-06-14 17:37:53 - [TEST_STEP][PASSED] - Statement - actualList.add(i, availableStoreList.get(i).getText()): null

2018-06-14 17:37:53 - [TEST_STEP][PASSED] - Statement - actualList.add(i, availableStoreList.get(i).getText()): null

2018-06-14 17:37:53 - [TEST_STEP][PASSED] - Statement - actualList.add(i, availableStoreList.get(i).getText()): null

2018-06-14 17:37:53 - [TEST_STEP][PASSED] - Statement - actualList.add(i, availableStoreList.get(i).getText()): null

2018-06-14 17:37:53 - [TEST_STEP][PASSED] - Statement - actualList.add(i, availableStoreList.get(i).getText()): null

2018-06-14 17:37:53 - [TEST_STEP][PASSED] - Statement - actualList.add(i, availableStoreList.get(i).getText()): null

2018-06-14 17:37:53 - [TEST_STEP][PASSED] - Statement - actualList.add(i, availableStoreList.get(i).getText()): null

2018-06-14 17:37:53 - [TEST_STEP][PASSED] - Statement - actualList.add(i, availableStoreList.get(i).getText()): null

2018-06-14 17:37:53 - [TEST_STEP][PASSED] - Statement - actualList.add(i, availableStoreList.get(i).getText()): null

2018-06-14 17:37:53 - [TEST_STEP][PASSED] - Statement - actualList.add(i, availableStoreList.get(i).getText()): null

2018-06-14 17:37:53 - [TEST_STEP][PASSED] - Statement - actualList.add(i, availableStoreList.get(i).getText()): null

2018-06-14 17:37:54 - [TEST_STEP][PASSED] - Statement - actualList.add(i, availableStoreList.get(i).getText()): null

2018-06-14 17:37:54 - [TEST_STEP][PASSED] - Statement - actualList.add(i, availableStoreList.get(i).getText()): null

2018-06-14 17:37:54 - [TEST_STEP][PASSED] - Statement - actualList.add(i, availableStoreList.get(i).getText()): null

2018-06-14 17:37:54 - [TEST_STEP][PASSED] - Statement - actualList.add(i, availableStoreList.get(i).getText()): null

2018-06-14 17:37:54 - [TEST_STEP][PASSED] - Statement - actualList.add(i, availableStoreList.get(i).getText()): null

2018-06-14 17:37:54 - [TEST_STEP][PASSED] - Statement - actualList.add(i, availableStoreList.get(i).getText()): null

2018-06-14 17:37:54 - [TEST_STEP][PASSED] - Statement - actualList.add(i, availableStoreList.get(i).getText()): null

2018-06-14 17:37:54 - [TEST_STEP][PASSED] - Statement - actualList.add(i, availableStoreList.get(i).getText()): null

2018-06-14 17:37:54 - [TEST_STEP][PASSED] - Statement - actualList.add(i, availableStoreList.get(i).getText()): null

2018-06-14 17:37:54 - [TEST_STEP][PASSED] - Statement - actualList.add(i, availableStoreList.get(i).getText()): null

2018-06-14 17:37:54 - [TEST_STEP][PASSED] - Statement - actualList.add(i, availableStoreList.get(i).getText()): null

2018-06-14 17:37:54 - [TEST_STEP][PASSED] - Statement - actualList.add(i, availableStoreList.get(i).getText()): null

2018-06-14 17:37:54 - [TEST_STEP][PASSED] - Statement - actualList.add(i, availableStoreList.get(i).getText()): null

2018-06-14 17:37:54 - [TEST_STEP][PASSED] - Statement - actualList.add(i, availableStoreList.get(i).getText()): null

2018-06-14 17:37:54 - [TEST_STEP][PASSED] - Statement - actualList.add(i, availableStoreList.get(i).getText()): null

2018-06-14 17:37:54 - [TEST_STEP][PASSED] - Statement - actualList.add(i, availableStoreList.get(i).getText()): null

2018-06-14 17:37:54 - [TEST_STEP][PASSED] - Statement - actualList.add(i, availableStoreList.get(i).getText()): null

2018-06-14 17:37:54 - [TEST_STEP][PASSED] - Statement - actualList.add(i, availableStoreList.get(i).getText()): null

2018-06-14 17:37:54 - [TEST_STEP][PASSED] - Statement - actualList.add(i, availableStoreList.get(i).getText()): null

2018-06-14 17:37:54 - [TEST_STEP][PASSED] - Statement - actualList.add(i, availableStoreList.get(i).getText()): null

2018-06-14 17:37:54 - [TEST_STEP][PASSED] - Statement - actualList.add(i, availableStoreList.get(i).getText()): null

2018-06-14 17:37:54 - [TEST_STEP][PASSED] - Statement - actualList.add(i, availableStoreList.get(i).getText()): null

2018-06-14 17:37:54 - [TEST_STEP][PASSED] - Statement - actualList.add(i, availableStoreList.get(i).getText()): null

2018-06-14 17:37:54 - [TEST_STEP][PASSED] - Statement - actualList.add(i, availableStoreList.get(i).getText()): null

2018-06-14 17:37:54 - [TEST_STEP][PASSED] - Statement - actualList.add(i, availableStoreList.get(i).getText()): null

2018-06-14 17:37:54 - [TEST_STEP][PASSED] - Statement - actualList.add(i, availableStoreList.get(i).getText()): null

2018-06-14 17:37:54 - [TEST_STEP][PASSED] - Statement - actualList.add(i, availableStoreList.get(i).getText()): null

2018-06-14 17:37:54 - [TEST_STEP][PASSED] - Statement - actualList.add(i, availableStoreList.get(i).getText()): null

2018-06-14 17:37:54 - [TEST_STEP][PASSED] - Statement - actualList.add(i, availableStoreList.get(i).getText()): null

2018-06-14 17:37:54 - [TEST_STEP][PASSED] - Statement - actualList.add(i, availableStoreList.get(i).getText()): null

2018-06-14 17:37:54 - [TEST_STEP][PASSED] - Statement - actualList.add(i, availableStoreList.get(i).getText()): null

2018-06-14 17:37:54 - [TEST_STEP][PASSED] - Statement - actualList.add(i, availableStoreList.get(i).getText()): null

2018-06-14 17:37:54 - [TEST_STEP][PASSED] - Statement - actualList.add(i, availableStoreList.get(i).getText()): null

2018-06-14 17:37:54 - [TEST_STEP][PASSED] - Statement - actualList.add(i, availableStoreList.get(i).getText()): null

2018-06-14 17:37:54 - [TEST_STEP][PASSED] - Statement - actualList.add(i, availableStoreList.get(i).getText()): null

2018-06-14 17:37:54 - [TEST_STEP][PASSED] - Statement - actualList.add(i, availableStoreList.get(i).getText()): null

2018-06-14 17:37:54 - [TEST_STEP][PASSED] - Statement - actualList.add(i, availableStoreList.get(i).getText()): null

2018-06-14 17:37:54 - [TEST_STEP][PASSED] - Statement - actualList.add(i, availableStoreList.get(i).getText()): null

2018-06-14 17:37:54 - [TEST_STEP][PASSED] - Statement - actualList.add(i, availableStoreList.get(i).getText()): null

2018-06-14 17:37:54 - [TEST_STEP][PASSED] - Statement - actualList.add(i, availableStoreList.get(i).getText()): null

2018-06-14 17:37:54 - [TEST_STEP][PASSED] - Statement - actualList.add(i, availableStoreList.get(i).getText()): null

2018-06-14 17:37:54 - [TEST_STEP][PASSED] - Statement - actualList.add(i, availableStoreList.get(i).getText()): null

2018-06-14 17:37:54 - [TEST_STEP][PASSED] - Statement - actualList.add(i, availableStoreList.get(i).getText()): null

2018-06-14 17:37:54 - [TEST_STEP][PASSED] - Statement - actualList.add(i, availableStoreList.get(i).getText()): null

2018-06-14 17:37:54 - [TEST_STEP][PASSED] - Statement - actualList.add(i, availableStoreList.get(i).getText()): null

2018-06-14 17:37:54 - [TEST_STEP][PASSED] - Statement - actualList.add(i, availableStoreList.get(i).getText()): null

2018-06-14 17:37:54 - [TEST_STEP][PASSED] - Statement - actualList.add(i, availableStoreList.get(i).getText()): null

2018-06-14 17:37:54 - [TEST_STEP][PASSED] - Statement - actualList.add(i, availableStoreList.get(i).getText()): null

2018-06-14 17:37:54 - [TEST_STEP][PASSED] - Statement - actualList.add(i, availableStoreList.get(i).getText()): null

2018-06-14 17:37:54 - [TEST_STEP][PASSED] - Statement - actualList.add(i, availableStoreList.get(i).getText()): null

2018-06-14 17:37:54 - [TEST_STEP][PASSED] - Statement - actualList.add(i, availableStoreList.get(i).getText()): null

2018-06-14 17:37:54 - [TEST_STEP][PASSED] - Statement - actualList.add(i, availableStoreList.get(i).getText()): null

2018-06-14 17:37:54 - [TEST_STEP][PASSED] - Statement - actualList.add(i, availableStoreList.get(i).getText()): null

2018-06-14 17:37:54 - [TEST_STEP][PASSED] - Statement - actualList.add(i, availableStoreList.get(i).getText()): null

2018-06-14 17:37:54 - [TEST_STEP][PASSED] - Statement - actualList.add(i, availableStoreList.get(i).getText()): null

2018-06-14 17:37:54 - [TEST_STEP][PASSED] - Statement - actualList.add(i, availableStoreList.get(i).getText()): null

2018-06-14 17:37:54 - [TEST_STEP][PASSED] - Statement - actualList.add(i, availableStoreList.get(i).getText()): null

2018-06-14 17:37:54 - [TEST_STEP][PASSED] - Statement - actualList.add(i, availableStoreList.get(i).getText()): null

2018-06-14 17:37:54 - [TEST_STEP][PASSED] - Statement - actualList.add(i, availableStoreList.get(i).getText()): null

2018-06-14 17:37:54 - [TEST_STEP][PASSED] - Statement - actualList.add(i, availableStoreList.get(i).getText()): null

2018-06-14 17:37:54 - [TEST_STEP][PASSED] - Statement - actualList.add(i, availableStoreList.get(i).getText()): null

2018-06-14 17:37:54 - [TEST_STEP][PASSED] - Statement - actualList.add(i, availableStoreList.get(i).getText()): null

2018-06-14 17:37:54 - [TEST_STEP][PASSED] - Statement - actualList.add(i, availableStoreList.get(i).getText()): null

2018-06-14 17:37:54 - [TEST_STEP][PASSED] - Statement - actualList.add(i, availableStoreList.get(i).getText()): null

2018-06-14 17:37:54 - [TEST_STEP][PASSED] - Statement - actualList.add(i, availableStoreList.get(i).getText()): null

2018-06-14 17:37:55 - [TEST_STEP][PASSED] - Statement - actualList.add(i, availableStoreList.get(i).getText()): null

2018-06-14 17:37:55 - [TEST_STEP][PASSED] - Statement - out.println(actualList): null

2018-06-14 17:37:55 - [TEST_STEP][PASSED] - Statement - If (actualList.containsAll(listOfStores)): null

2018-06-14 17:37:55 - [TEST_STEP][PASSED] - Statement - println("Actual list contains the required stores or groups"): null

2018-06-14 17:37:55 - [TEST_STEP][PASSED] - uiaction.CommonUIActions.click: uiaction.CommonUIActions.click is PASSED

2018-06-14 17:37:55 - [MESSAGE][PASSED] - uiaction.CommonUIActions.click is PASSED

2018-06-14 17:37:55 - [TEST_STEP][PASSED] - uiaction.CommonUIActions.click: uiaction.CommonUIActions.click is PASSED

2018-06-14 17:37:55 - [MESSAGE][PASSED] - uiaction.CommonUIActions.click is PASSED

2018-06-14 17:37:55 - [TEST_STEP][PASSED] - uiaction.CommonUIActions.back: uiaction.CommonUIActions.back is PASSED

2018-06-14 17:37:55 - [MESSAGE][PASSED] - Navigate back successfully

2018-06-14 17:37:55 - [MESSAGE][PASSED] - uiaction.CommonUIActions.back is PASSED

2018-06-14 17:37:55 - [TEST_STEP][PASSED] - delay: Delayed 5 second(s)

2018-06-14 17:38:00 - [MESSAGE][PASSED] - Delayed 5 second(s)

2018-06-14 17:38:00 - [TEST_STEP][PASSED] - uiaction.CommonUIActions.back: uiaction.CommonUIActions.back is PASSED

2018-06-14 17:38:00 - [MESSAGE][PASSED] - Navigate back successfully

2018-06-14 17:38:00 - [MESSAGE][PASSED] - uiaction.CommonUIActions.back is PASSED

2018-06-14 17:38:00 - [TEST_STEP][PASSED] - delay: Delayed 5 second(s)

2018-06-14 17:38:05 - [MESSAGE][PASSED] - Delayed 5 second(s)

2018-06-14 17:38:05 - [TEST_STEP][PASSED] - uiaction.CommonUIActions.click: uiaction.CommonUIActions.click is PASSED

2018-06-14 17:38:05 - [MESSAGE][PASSED] - uiaction.CommonUIActions.click is PASSED

2018-06-14 17:38:05 - [TEST_STEP][PASSED] - uiaction.CommonUIActions.click: uiaction.CommonUIActions.click is PASSED

2018-06-14 17:38:05 - [MESSAGE][PASSED] - uiaction.CommonUIActions.click is PASSED

2018-06-14 17:38:05 - [TEST_STEP][PASSED] - uiaction.CommonUIActions.click: uiaction.CommonUIActions.click is PASSED

2018-06-14 17:38:05 - [MESSAGE][PASSED] - uiaction.CommonUIActions.click is PASSED

2018-06-14 17:38:05 - [TEST_STEP][PASSED] - uiaction.CommonUIActions.back: uiaction.CommonUIActions.back is PASSED

2018-06-14 17:38:05 - [MESSAGE][PASSED] - Navigate back successfully

2018-06-14 17:38:05 - [MESSAGE][PASSED] - uiaction.CommonUIActions.back is PASSED

2018-06-14 17:38:05 - [TEST_STEP][PASSED] - delay: Delayed 5 second(s)

2018-06-14 17:38:10 - [MESSAGE][PASSED] - Delayed 5 second(s)

2018-06-14 17:38:10 - [TEST_STEP][PASSED] - uiaction.CommonUIActions.back: uiaction.CommonUIActions.back is PASSED

2018-06-14 17:38:10 - [MESSAGE][PASSED] - Navigate back successfully

2018-06-14 17:38:10 - [MESSAGE][PASSED] - uiaction.CommonUIActions.back is PASSED

2018-06-14 17:38:10 - [TEST_STEP][PASSED] - delay: Delayed 5 second(s)

2018-06-14 17:38:15 - [MESSAGE][PASSED] - Delayed 5 second(s)

2018-06-14 17:38:15 - [TEST_STEP][PASSED] - uiaction.CommonUIActions.click: uiaction.CommonUIActions.click is PASSED

2018-06-14 17:38:15 - [MESSAGE][PASSED] - uiaction.CommonUIActions.click is PASSED

2018-06-14 17:38:15 - [TEST_STEP][PASSED] - delay: Delayed 10 second(s)

2018-06-14 17:38:25 - [MESSAGE][PASSED] - Delayed 10 second(s)

2018-06-14 17:38:25 - [TEST_STEP][PASSED] - Statement - StoresCBList = driver.findElements(org.openqa.selenium.By.xpath(com.kms.katalon.core.testdata.TestDataFactory.findTestData(OR_file).getValue(2, 12))): Reading excel file with source file 'C:\Users\shalinin\Katalon Studio\HME_Scripts\Data Files\HME_OR.xlsx' and sheet name 'Sheet1'

2018-06-14 17:38:25 - [TEST_STEP][PASSED] - Statement - storesLabel = driver.findElements(org.openqa.selenium.By.xpath(com.kms.katalon.core.testdata.TestDataFactory.findTestData(OR_file).getValue(2, 10))): Reading excel file with source file 'C:\Users\shalinin\Katalon Studio\HME_Scripts\Data Files\HME_OR.xlsx' and sheet name 'Sheet1'

2018-06-14 17:38:25 - [TEST_STEP][PASSED] - Statement - groupStoresList = new java.util.ArrayList(): null

2018-06-14 17:38:25 - [TEST_STEP][PASSED] - Statement - groupStoresList1 = new java.util.ArrayList(): null

2018-06-14 17:38:25 - [TEST_STEP][PASSED] - Statement - out.println(StoresCBList.size()): null

2018-06-14 17:38:25 - [TEST_STEP][PASSED] - delay: Delayed 10 second(s)

2018-06-14 17:38:35 - [MESSAGE][PASSED] - Delayed 10 second(s)

2018-06-14 17:38:35 - [TEST_STEP][PASSED] - Statement - For ([i = 0, i < StoresCBList.size(), (i++)]): null

2018-06-14 17:38:35 - [TEST_STEP][PASSED] - Statement - groupStoresList[i] = storesLabel.get(i).getText(): null

2018-06-14 17:38:35 - [TEST_STEP][PASSED] - Statement - StoresCBList.get(i).click(): null

2018-06-14 17:38:35 - [TEST_STEP][PASSED] - Statement - groupStoresList[i] = storesLabel.get(i).getText(): null

2018-06-14 17:38:35 - [TEST_STEP][PASSED] - Statement - StoresCBList.get(i).click(): null

2018-06-14 17:38:35 - [TEST_STEP][PASSED] - Statement - groupStoresList[i] = storesLabel.get(i).getText(): null

2018-06-14 17:38:35 - [TEST_STEP][PASSED] - Statement - StoresCBList.get(i).click(): null

2018-06-14 17:38:35 - [TEST_STEP][PASSED] - Statement - groupStoresList[i] = storesLabel.get(i).getText(): null

2018-06-14 17:38:35 - [TEST_STEP][PASSED] - Statement - StoresCBList.get(i).click(): null

2018-06-14 17:38:35 - [TEST_STEP][PASSED] - Statement - groupStoresList[i] = storesLabel.get(i).getText(): null

2018-06-14 17:38:35 - [TEST_STEP][PASSED] - Statement - StoresCBList.get(i).click(): null

2018-06-14 17:38:35 - [TEST_STEP][PASSED] - Statement - groupStoresList[i] = storesLabel.get(i).getText(): null

2018-06-14 17:38:35 - [TEST_STEP][PASSED] - Statement - StoresCBList.get(i).click(): null

2018-06-14 17:38:35 - [TEST_STEP][PASSED] - Statement - groupStoresList[i] = storesLabel.get(i).getText(): null

2018-06-14 17:38:36 - [TEST_STEP][PASSED] - Statement - StoresCBList.get(i).click(): null

2018-06-14 17:38:36 - [TEST_STEP][PASSED] - Statement - groupStoresList[i] = storesLabel.get(i).getText(): null

2018-06-14 17:38:36 - [TEST_STEP][PASSED] - Statement - StoresCBList.get(i).click(): null

2018-06-14 17:38:36 - [TEST_STEP][PASSED] - Statement - groupStoresList[i] = storesLabel.get(i).getText(): null

2018-06-14 17:38:36 - [TEST_STEP][PASSED] - Statement - StoresCBList.get(i).click(): null

2018-06-14 17:38:36 - [TEST_STEP][PASSED] - Statement - groupStoresList[i] = storesLabel.get(i).getText(): null

2018-06-14 17:38:36 - [TEST_STEP][PASSED] - Statement - StoresCBList.get(i).click(): null

2018-06-14 17:38:36 - [TEST_STEP][PASSED] - Statement - groupStoresList[i] = storesLabel.get(i).getText(): null

2018-06-14 17:38:36 - [TEST_STEP][PASSED] - Statement - StoresCBList.get(i).click(): null

2018-06-14 17:38:36 - [TEST_STEP][PASSED] - Statement - groupStoresList[i] = storesLabel.get(i).getText(): null

2018-06-14 17:38:36 - [TEST_STEP][PASSED] - Statement - StoresCBList.get(i).click(): null

2018-06-14 17:38:36 - [TEST_STEP][PASSED] - Statement - groupStoresList[i] = storesLabel.get(i).getText(): null

2018-06-14 17:38:36 - [TEST_STEP][PASSED] - Statement - StoresCBList.get(i).click(): null

2018-06-14 17:38:36 - [TEST_STEP][PASSED] - Statement - groupStoresList[i] = storesLabel.get(i).getText(): null

2018-06-14 17:38:36 - [TEST_STEP][PASSED] - Statement - StoresCBList.get(i).click(): null

2018-06-14 17:38:36 - [TEST_STEP][PASSED] - Statement - groupStoresList[i] = storesLabel.get(i).getText(): null

2018-06-14 17:38:36 - [TEST_STEP][PASSED] - Statement - StoresCBList.get(i).click(): null

2018-06-14 17:38:36 - [TEST_STEP][PASSED] - Statement - groupStoresList[i] = storesLabel.get(i).getText(): null

2018-06-14 17:38:36 - [TEST_STEP][PASSED] - Statement - StoresCBList.get(i).click(): null

2018-06-14 17:38:36 - [TEST_STEP][PASSED] - Statement - groupStoresList[i] = storesLabel.get(i).getText(): null

2018-06-14 17:38:36 - [TEST_STEP][PASSED] - Statement - StoresCBList.get(i).click(): null

2018-06-14 17:38:36 - [TEST_STEP][PASSED] - Statement - groupStoresList[i] = storesLabel.get(i).getText(): null

2018-06-14 17:38:36 - [TEST_STEP][PASSED] - Statement - StoresCBList.get(i).click(): null

2018-06-14 17:38:36 - [TEST_STEP][PASSED] - Statement - groupStoresList[i] = storesLabel.get(i).getText(): null

2018-06-14 17:38:36 - [TEST_STEP][PASSED] - Statement - StoresCBList.get(i).click(): null

2018-06-14 17:38:36 - [TEST_STEP][PASSED] - Statement - groupStoresList[i] = storesLabel.get(i).getText(): null

2018-06-14 17:38:36 - [TEST_STEP][PASSED] - Statement - StoresCBList.get(i).click(): null

2018-06-14 17:38:36 - [TEST_STEP][PASSED] - Statement - groupStoresList[i] = storesLabel.get(i).getText(): null

2018-06-14 17:38:36 - [TEST_STEP][PASSED] - Statement - StoresCBList.get(i).click(): null

2018-06-14 17:38:36 - [TEST_STEP][PASSED] - Statement - groupStoresList[i] = storesLabel.get(i).getText(): null

2018-06-14 17:38:37 - [TEST_STEP][PASSED] - Statement - StoresCBList.get(i).click(): null

2018-06-14 17:38:37 - [TEST_STEP][PASSED] - Statement - groupStoresList[i] = storesLabel.get(i).getText(): null

2018-06-14 17:38:37 - [TEST_STEP][PASSED] - Statement - StoresCBList.get(i).click(): null

2018-06-14 17:38:37 - [TEST_STEP][PASSED] - Statement - groupStoresList[i] = storesLabel.get(i).getText(): null

2018-06-14 17:38:37 - [TEST_STEP][PASSED] - Statement - StoresCBList.get(i).click(): null

2018-06-14 17:38:37 - [TEST_STEP][PASSED] - Statement - groupStoresList[i] = storesLabel.get(i).getText(): null

2018-06-14 17:38:37 - [TEST_STEP][PASSED] - Statement - StoresCBList.get(i).click(): null

2018-06-14 17:38:37 - [TEST_STEP][PASSED] - Statement - groupStoresList[i] = storesLabel.get(i).getText(): null

2018-06-14 17:38:37 - [TEST_STEP][PASSED] - Statement - StoresCBList.get(i).click(): null

2018-06-14 17:38:37 - [TEST_STEP][PASSED] - Statement - groupStoresList[i] = storesLabel.get(i).getText(): null

2018-06-14 17:38:37 - [TEST_STEP][PASSED] - Statement - StoresCBList.get(i).click(): null

2018-06-14 17:38:37 - [TEST_STEP][PASSED] - Statement - groupStoresList[i] = storesLabel.get(i).getText(): null

2018-06-14 17:38:37 - [TEST_STEP][PASSED] - Statement - StoresCBList.get(i).click(): null

2018-06-14 17:38:37 - [TEST_STEP][PASSED] - Statement - groupStoresList[i] = storesLabel.get(i).getText(): null

2018-06-14 17:38:37 - [TEST_STEP][PASSED] - Statement - StoresCBList.get(i).click(): null

2018-06-14 17:38:37 - [TEST_STEP][PASSED] - Statement - groupStoresList[i] = storesLabel.get(i).getText(): null

2018-06-14 17:38:37 - [TEST_STEP][PASSED] - Statement - StoresCBList.get(i).click(): null

2018-06-14 17:38:37 - [TEST_STEP][PASSED] - Statement - groupStoresList[i] = storesLabel.get(i).getText(): null

2018-06-14 17:38:37 - [TEST_STEP][PASSED] - Statement - StoresCBList.get(i).click(): null

2018-06-14 17:38:37 - [TEST_STEP][PASSED] - Statement - groupStoresList[i] = storesLabel.get(i).getText(): null

2018-06-14 17:38:37 - [TEST_STEP][PASSED] - Statement - StoresCBList.get(i).click(): null

2018-06-14 17:38:37 - [TEST_STEP][PASSED] - Statement - groupStoresList[i] = storesLabel.get(i).getText(): null

2018-06-14 17:38:37 - [TEST_STEP][PASSED] - Statement - StoresCBList.get(i).click(): null

2018-06-14 17:38:37 - [TEST_STEP][PASSED] - Statement - groupStoresList[i] = storesLabel.get(i).getText(): null

2018-06-14 17:38:37 - [TEST_STEP][PASSED] - Statement - StoresCBList.get(i).click(): null

2018-06-14 17:38:37 - [TEST_STEP][PASSED] - Statement - groupStoresList[i] = storesLabel.get(i).getText(): null

2018-06-14 17:38:37 - [TEST_STEP][PASSED] - Statement - StoresCBList.get(i).click(): null

2018-06-14 17:38:37 - [TEST_STEP][PASSED] - Statement - groupStoresList[i] = storesLabel.get(i).getText(): null

2018-06-14 17:38:37 - [TEST_STEP][PASSED] - Statement - StoresCBList.get(i).click(): null

2018-06-14 17:38:38 - [TEST_STEP][PASSED] - Statement - groupStoresList[i] = storesLabel.get(i).getText(): null

2018-06-14 17:38:38 - [TEST_STEP][PASSED] - Statement - StoresCBList.get(i).click(): null

2018-06-14 17:38:38 - [TEST_STEP][PASSED] - Statement - groupStoresList[i] = storesLabel.get(i).getText(): null

2018-06-14 17:38:38 - [TEST_STEP][PASSED] - Statement - StoresCBList.get(i).click(): null

2018-06-14 17:38:38 - [TEST_STEP][PASSED] - Statement - groupStoresList[i] = storesLabel.get(i).getText(): null

2018-06-14 17:38:38 - [TEST_STEP][PASSED] - Statement - StoresCBList.get(i).click(): null

2018-06-14 17:38:38 - [TEST_STEP][PASSED] - Statement - groupStoresList[i] = storesLabel.get(i).getText(): null

2018-06-14 17:38:38 - [TEST_STEP][PASSED] - Statement - StoresCBList.get(i).click(): null

2018-06-14 17:38:38 - [TEST_STEP][PASSED] - Statement - groupStoresList[i] = storesLabel.get(i).getText(): null

2018-06-14 17:38:38 - [TEST_STEP][PASSED] - Statement - StoresCBList.get(i).click(): null

2018-06-14 17:38:38 - [TEST_STEP][PASSED] - Statement - groupStoresList[i] = storesLabel.get(i).getText(): null

2018-06-14 17:38:38 - [TEST_STEP][PASSED] - Statement - StoresCBList.get(i).click(): null

2018-06-14 17:38:38 - [TEST_STEP][PASSED] - Statement - groupStoresList[i] = storesLabel.get(i).getText(): null

2018-06-14 17:38:38 - [TEST_STEP][PASSED] - Statement - StoresCBList.get(i).click(): null

2018-06-14 17:38:38 - [TEST_STEP][PASSED] - Statement - groupStoresList[i] = storesLabel.get(i).getText(): null

2018-06-14 17:38:38 - [TEST_STEP][PASSED] - Statement - StoresCBList.get(i).click(): null

2018-06-14 17:38:38 - [TEST_STEP][PASSED] - Statement - groupStoresList[i] = storesLabel.get(i).getText(): null

2018-06-14 17:38:38 - [TEST_STEP][PASSED] - Statement - StoresCBList.get(i).click(): null

2018-06-14 17:38:38 - [TEST_STEP][PASSED] - Statement - groupStoresList[i] = storesLabel.get(i).getText(): null

2018-06-14 17:38:38 - [TEST_STEP][PASSED] - Statement - StoresCBList.get(i).click(): null

2018-06-14 17:38:38 - [TEST_STEP][PASSED] - Statement - groupStoresList[i] = storesLabel.get(i).getText(): null

2018-06-14 17:38:38 - [TEST_STEP][PASSED] - Statement - StoresCBList.get(i).click(): null

2018-06-14 17:38:38 - [TEST_STEP][PASSED] - Statement - groupStoresList[i] = storesLabel.get(i).getText(): null

2018-06-14 17:38:38 - [TEST_STEP][PASSED] - Statement - StoresCBList.get(i).click(): null

2018-06-14 17:38:38 - [TEST_STEP][PASSED] - Statement - groupStoresList[i] = storesLabel.get(i).getText(): null

2018-06-14 17:38:38 - [TEST_STEP][PASSED] - Statement - StoresCBList.get(i).click(): null

2018-06-14 17:38:38 - [TEST_STEP][PASSED] - Statement - groupStoresList[i] = storesLabel.get(i).getText(): null

2018-06-14 17:38:38 - [TEST_STEP][PASSED] - Statement - StoresCBList.get(i).click(): null

2018-06-14 17:38:38 - [TEST_STEP][PASSED] - Statement - groupStoresList[i] = storesLabel.get(i).getText(): null

2018-06-14 17:38:39 - [TEST_STEP][PASSED] - Statement - StoresCBList.get(i).click(): null

2018-06-14 17:38:39 - [TEST_STEP][PASSED] - Statement - groupStoresList[i] = storesLabel.get(i).getText(): null

2018-06-14 17:38:39 - [TEST_STEP][PASSED] - Statement - StoresCBList.get(i).click(): null

2018-06-14 17:38:39 - [TEST_STEP][PASSED] - Statement - groupStoresList[i] = storesLabel.get(i).getText(): null

2018-06-14 17:38:39 - [TEST_STEP][PASSED] - Statement - StoresCBList.get(i).click(): null

2018-06-14 17:38:39 - [TEST_STEP][PASSED] - Statement - groupStoresList[i] = storesLabel.get(i).getText(): null

2018-06-14 17:38:39 - [TEST_STEP][PASSED] - Statement - StoresCBList.get(i).click(): null

2018-06-14 17:38:39 - [TEST_STEP][PASSED] - Statement - groupStoresList[i] = storesLabel.get(i).getText(): null

2018-06-14 17:38:39 - [TEST_STEP][PASSED] - Statement - StoresCBList.get(i).click(): null

2018-06-14 17:38:39 - [TEST_STEP][PASSED] - Statement - groupStoresList[i] = storesLabel.get(i).getText(): null

2018-06-14 17:38:39 - [TEST_STEP][PASSED] - Statement - StoresCBList.get(i).click(): null

2018-06-14 17:38:39 - [TEST_STEP][PASSED] - Statement - groupStoresList[i] = storesLabel.get(i).getText(): null

2018-06-14 17:38:39 - [TEST_STEP][PASSED] - Statement - StoresCBList.get(i).click(): null

2018-06-14 17:38:39 - [TEST_STEP][PASSED] - Statement - groupStoresList[i] = storesLabel.get(i).getText(): null

2018-06-14 17:38:39 - [TEST_STEP][PASSED] - Statement - StoresCBList.get(i).click(): null

2018-06-14 17:38:39 - [TEST_STEP][PASSED] - Statement - groupStoresList[i] = storesLabel.get(i).getText(): null

2018-06-14 17:38:39 - [TEST_STEP][PASSED] - Statement - StoresCBList.get(i).click(): null

2018-06-14 17:38:39 - [TEST_STEP][PASSED] - Statement - groupStoresList[i] = storesLabel.get(i).getText(): null

2018-06-14 17:38:39 - [TEST_STEP][PASSED] - Statement - StoresCBList.get(i).click(): null

2018-06-14 17:38:39 - [TEST_STEP][PASSED] - Statement - groupStoresList[i] = storesLabel.get(i).getText(): null

2018-06-14 17:38:39 - [TEST_STEP][PASSED] - Statement - StoresCBList.get(i).click(): null

2018-06-14 17:38:39 - [TEST_STEP][PASSED] - Statement - groupStoresList[i] = storesLabel.get(i).getText(): null

2018-06-14 17:38:39 - [TEST_STEP][PASSED] - Statement - StoresCBList.get(i).click(): null

2018-06-14 17:38:39 - [TEST_STEP][PASSED] - Statement - groupStoresList[i] = storesLabel.get(i).getText(): null

2018-06-14 17:38:39 - [TEST_STEP][PASSED] - Statement - StoresCBList.get(i).click(): null

2018-06-14 17:38:39 - [TEST_STEP][PASSED] - Statement - groupStoresList[i] = storesLabel.get(i).getText(): null

2018-06-14 17:38:39 - [TEST_STEP][PASSED] - Statement - StoresCBList.get(i).click(): null

2018-06-14 17:38:39 - [TEST_STEP][PASSED] - Statement - groupStoresList[i] = storesLabel.get(i).getText(): null

2018-06-14 17:38:39 - [TEST_STEP][PASSED] - Statement - StoresCBList.get(i).click(): null

2018-06-14 17:38:40 - [TEST_STEP][PASSED] - Statement - groupStoresList[i] = storesLabel.get(i).getText(): null

2018-06-14 17:38:40 - [TEST_STEP][PASSED] - Statement - StoresCBList.get(i).click(): null

2018-06-14 17:38:40 - [TEST_STEP][PASSED] - Statement - groupStoresList[i] = storesLabel.get(i).getText(): null

2018-06-14 17:38:40 - [TEST_STEP][PASSED] - Statement - StoresCBList.get(i).click(): null

2018-06-14 17:38:40 - [TEST_STEP][PASSED] - Statement - groupStoresList[i] = storesLabel.get(i).getText(): null

2018-06-14 17:38:40 - [TEST_STEP][PASSED] - Statement - StoresCBList.get(i).click(): null

2018-06-14 17:38:40 - [TEST_STEP][PASSED] - Statement - groupStoresList[i] = storesLabel.get(i).getText(): null

2018-06-14 17:38:40 - [TEST_STEP][PASSED] - Statement - StoresCBList.get(i).click(): null

2018-06-14 17:38:40 - [TEST_STEP][PASSED] - Statement - groupStoresList[i] = storesLabel.get(i).getText(): null

2018-06-14 17:38:40 - [TEST_STEP][PASSED] - Statement - StoresCBList.get(i).click(): null

2018-06-14 17:38:40 - [TEST_STEP][PASSED] - Statement - groupStoresList[i] = storesLabel.get(i).getText(): null

2018-06-14 17:38:40 - [TEST_STEP][PASSED] - Statement - StoresCBList.get(i).click(): null

2018-06-14 17:38:40 - [TEST_STEP][PASSED] - Statement - groupStoresList[i] = storesLabel.get(i).getText(): null

2018-06-14 17:38:40 - [TEST_STEP][PASSED] - Statement - StoresCBList.get(i).click(): null

2018-06-14 17:38:40 - [TEST_STEP][PASSED] - Statement - groupStoresList[i] = storesLabel.get(i).getText(): null

2018-06-14 17:38:40 - [TEST_STEP][PASSED] - Statement - StoresCBList.get(i).click(): null

2018-06-14 17:38:40 - [TEST_STEP][PASSED] - Statement - groupStoresList[i] = storesLabel.get(i).getText(): null

2018-06-14 17:38:40 - [TEST_STEP][PASSED] - Statement - StoresCBList.get(i).click(): null

2018-06-14 17:38:40 - [TEST_STEP][PASSED] - Statement - groupStoresList[i] = storesLabel.get(i).getText(): null

2018-06-14 17:38:40 - [TEST_STEP][PASSED] - Statement - StoresCBList.get(i).click(): null

2018-06-14 17:38:40 - [TEST_STEP][PASSED] - Statement - groupStoresList[i] = storesLabel.get(i).getText(): null

2018-06-14 17:38:40 - [TEST_STEP][PASSED] - Statement - StoresCBList.get(i).click(): null

2018-06-14 17:38:40 - [TEST_STEP][PASSED] - Statement - groupStoresList[i] = storesLabel.get(i).getText(): null

2018-06-14 17:38:40 - [TEST_STEP][PASSED] - Statement - StoresCBList.get(i).click(): null

2018-06-14 17:38:40 - [TEST_STEP][PASSED] - Statement - groupStoresList[i] = storesLabel.get(i).getText(): null

2018-06-14 17:38:40 - [TEST_STEP][PASSED] - Statement - StoresCBList.get(i).click(): null

2018-06-14 17:38:40 - [TEST_STEP][PASSED] - Statement - groupStoresList[i] = storesLabel.get(i).getText(): null

2018-06-14 17:38:40 - [TEST_STEP][PASSED] - Statement - StoresCBList.get(i).click(): null

2018-06-14 17:38:40 - [TEST_STEP][PASSED] - Statement - groupStoresList[i] = storesLabel.get(i).getText(): null

2018-06-14 17:38:40 - [TEST_STEP][PASSED] - Statement - StoresCBList.get(i).click(): null

2018-06-14 17:38:40 - [TEST_STEP][PASSED] - Statement - groupStoresList[i] = storesLabel.get(i).getText(): null

2018-06-14 17:38:40 - [TEST_STEP][PASSED] - Statement - StoresCBList.get(i).click(): null

2018-06-14 17:38:41 - [TEST_STEP][PASSED] - Statement - groupStoresList[i] = storesLabel.get(i).getText(): null

2018-06-14 17:38:41 - [TEST_STEP][PASSED] - Statement - StoresCBList.get(i).click(): null

2018-06-14 17:38:41 - [TEST_STEP][PASSED] - Statement - groupStoresList[i] = storesLabel.get(i).getText(): null

2018-06-14 17:38:41 - [TEST_STEP][PASSED] - Statement - StoresCBList.get(i).click(): null

2018-06-14 17:38:41 - [TEST_STEP][PASSED] - Statement - groupStoresList[i] = storesLabel.get(i).getText(): null

2018-06-14 17:38:41 - [TEST_STEP][PASSED] - Statement - StoresCBList.get(i).click(): null

2018-06-14 17:38:41 - [TEST_STEP][PASSED] - Statement - groupStoresList[i] = storesLabel.get(i).getText(): null

2018-06-14 17:38:41 - [TEST_STEP][PASSED] - Statement - StoresCBList.get(i).click(): null

2018-06-14 17:38:41 - [TEST_STEP][PASSED] - Statement - groupStoresList[i] = storesLabel.get(i).getText(): null

2018-06-14 17:38:41 - [TEST_STEP][PASSED] - Statement - StoresCBList.get(i).click(): null

2018-06-14 17:38:41 - [TEST_STEP][PASSED] - Statement - groupStoresList[i] = storesLabel.get(i).getText(): null

2018-06-14 17:38:41 - [TEST_STEP][PASSED] - Statement - StoresCBList.get(i).click(): null

2018-06-14 17:38:41 - [TEST_STEP][PASSED] - Statement - groupStoresList[i] = storesLabel.get(i).getText(): null

2018-06-14 17:38:41 - [TEST_STEP][PASSED] - Statement - StoresCBList.get(i).click(): null

2018-06-14 17:38:41 - [TEST_STEP][PASSED] - Statement - groupStoresList[i] = storesLabel.get(i).getText(): null

2018-06-14 17:38:41 - [TEST_STEP][PASSED] - Statement - StoresCBList.get(i).click(): null

2018-06-14 17:38:41 - [TEST_STEP][PASSED] - Statement - groupStoresList[i] = storesLabel.get(i).getText(): null

2018-06-14 17:38:41 - [TEST_STEP][PASSED] - Statement - StoresCBList.get(i).click(): null

2018-06-14 17:38:41 - [TEST_STEP][PASSED] - Statement - groupStoresList[i] = storesLabel.get(i).getText(): null

2018-06-14 17:38:41 - [TEST_STEP][PASSED] - Statement - StoresCBList.get(i).click(): null

2018-06-14 17:38:41 - [TEST_STEP][PASSED] - Statement - groupStoresList[i] = storesLabel.get(i).getText(): null

2018-06-14 17:38:41 - [TEST_STEP][PASSED] - Statement - StoresCBList.get(i).click(): null

2018-06-14 17:38:41 - [TEST_STEP][PASSED] - Statement - groupStoresList[i] = storesLabel.get(i).getText(): null

2018-06-14 17:38:41 - [TEST_STEP][PASSED] - Statement - StoresCBList.get(i).click(): null

2018-06-14 17:38:41 - [TEST_STEP][PASSED] - Statement - groupStoresList[i] = storesLabel.get(i).getText(): null

2018-06-14 17:38:41 - [TEST_STEP][PASSED] - Statement - StoresCBList.get(i).click(): null

2018-06-14 17:38:41 - [TEST_STEP][PASSED] - Statement - groupStoresList[i] = storesLabel.get(i).getText(): null

2018-06-14 17:38:41 - [TEST_STEP][PASSED] - Statement - StoresCBList.get(i).click(): null

2018-06-14 17:38:42 - [TEST_STEP][PASSED] - Statement - groupStoresList[i] = storesLabel.get(i).getText(): null

2018-06-14 17:38:42 - [TEST_STEP][PASSED] - Statement - StoresCBList.get(i).click(): null

2018-06-14 17:38:42 - [TEST_STEP][PASSED] - Statement - groupStoresList[i] = storesLabel.get(i).getText(): null

2018-06-14 17:38:42 - [TEST_STEP][PASSED] - Statement - StoresCBList.get(i).click(): null

2018-06-14 17:38:42 - [TEST_STEP][PASSED] - Statement - groupStoresList[i] = storesLabel.get(i).getText(): null

2018-06-14 17:38:42 - [TEST_STEP][PASSED] - Statement - StoresCBList.get(i).click(): null

2018-06-14 17:38:42 - [TEST_STEP][PASSED] - Statement - groupStoresList[i] = storesLabel.get(i).getText(): null

2018-06-14 17:38:42 - [TEST_STEP][PASSED] - Statement - StoresCBList.get(i).click(): null

2018-06-14 17:38:42 - [TEST_STEP][PASSED] - Statement - groupStoresList[i] = storesLabel.get(i).getText(): null

2018-06-14 17:38:42 - [TEST_STEP][PASSED] - Statement - StoresCBList.get(i).click(): null

2018-06-14 17:38:42 - [TEST_STEP][PASSED] - Statement - groupStoresList[i] = storesLabel.get(i).getText(): null

2018-06-14 17:38:42 - [TEST_STEP][PASSED] - Statement - StoresCBList.get(i).click(): null

2018-06-14 17:38:42 - [TEST_STEP][PASSED] - Statement - groupStoresList[i] = storesLabel.get(i).getText(): null

2018-06-14 17:38:42 - [TEST_STEP][PASSED] - Statement - StoresCBList.get(i).click(): null

2018-06-14 17:38:42 - [TEST_STEP][PASSED] - Statement - groupStoresList[i] = storesLabel.get(i).getText(): null

2018-06-14 17:38:42 - [TEST_STEP][PASSED] - Statement - StoresCBList.get(i).click(): null

2018-06-14 17:38:42 - [TEST_STEP][PASSED] - Statement - groupStoresList[i] = storesLabel.get(i).getText(): null

2018-06-14 17:38:42 - [TEST_STEP][PASSED] - Statement - StoresCBList.get(i).click(): null

2018-06-14 17:38:42 - [TEST_STEP][PASSED] - Statement - groupStoresList[i] = storesLabel.get(i).getText(): null

2018-06-14 17:38:42 - [TEST_STEP][PASSED] - Statement - StoresCBList.get(i).click(): null

2018-06-14 17:38:42 - [TEST_STEP][PASSED] - Statement - groupStoresList[i] = storesLabel.get(i).getText(): null

2018-06-14 17:38:42 - [TEST_STEP][PASSED] - Statement - StoresCBList.get(i).click(): null

2018-06-14 17:38:42 - [TEST_STEP][PASSED] - Statement - groupStoresList[i] = storesLabel.get(i).getText(): null

2018-06-14 17:38:42 - [TEST_STEP][PASSED] - Statement - StoresCBList.get(i).click(): null

2018-06-14 17:38:42 - [TEST_STEP][PASSED] - Statement - groupStoresList[i] = storesLabel.get(i).getText(): null

2018-06-14 17:38:42 - [TEST_STEP][PASSED] - Statement - StoresCBList.get(i).click(): null

2018-06-14 17:38:42 - [TEST_STEP][PASSED] - Statement - groupStoresList[i] = storesLabel.get(i).getText(): null

2018-06-14 17:38:42 - [TEST_STEP][PASSED] - Statement - StoresCBList.get(i).click(): null

2018-06-14 17:38:42 - [TEST_STEP][PASSED] - Statement - groupStoresList[i] = storesLabel.get(i).getText(): null

2018-06-14 17:38:43 - [TEST_STEP][PASSED] - Statement - StoresCBList.get(i).click(): null

2018-06-14 17:38:43 - [TEST_STEP][PASSED] - Statement - groupStoresList[i] = storesLabel.get(i).getText(): null

2018-06-14 17:38:43 - [TEST_STEP][PASSED] - Statement - StoresCBList.get(i).click(): null

2018-06-14 17:38:43 - [TEST_STEP][PASSED] - Statement - groupStoresList[i] = storesLabel.get(i).getText(): null

2018-06-14 17:38:43 - [TEST_STEP][PASSED] - Statement - StoresCBList.get(i).click(): null

2018-06-14 17:38:43 - [TEST_STEP][PASSED] - Statement - groupStoresList[i] = storesLabel.get(i).getText(): null

2018-06-14 17:38:43 - [TEST_STEP][PASSED] - Statement - StoresCBList.get(i).click(): null

2018-06-14 17:38:43 - [TEST_STEP][PASSED] - Statement - groupStoresList[i] = storesLabel.get(i).getText(): null

2018-06-14 17:38:43 - [TEST_STEP][PASSED] - Statement - StoresCBList.get(i).click(): null

2018-06-14 17:38:43 - [TEST_STEP][PASSED] - Statement - groupStoresList[i] = storesLabel.get(i).getText(): null

2018-06-14 17:38:43 - [TEST_STEP][PASSED] - Statement - StoresCBList.get(i).click(): null

2018-06-14 17:38:43 - [TEST_STEP][PASSED] - Statement - groupStoresList[i] = storesLabel.get(i).getText(): null

2018-06-14 17:38:43 - [TEST_STEP][PASSED] - Statement - StoresCBList.get(i).click(): null

2018-06-14 17:38:43 - [TEST_STEP][PASSED] - Statement - groupStoresList[i] = storesLabel.get(i).getText(): null

2018-06-14 17:38:43 - [TEST_STEP][PASSED] - Statement - StoresCBList.get(i).click(): null

2018-06-14 17:38:43 - [TEST_STEP][PASSED] - Statement - groupStoresList[i] = storesLabel.get(i).getText(): null

2018-06-14 17:38:43 - [TEST_STEP][PASSED] - Statement - StoresCBList.get(i).click(): null

2018-06-14 17:38:43 - [TEST_STEP][PASSED] - Statement - groupStoresList[i] = storesLabel.get(i).getText(): null

2018-06-14 17:38:43 - [TEST_STEP][PASSED] - Statement - StoresCBList.get(i).click(): null

2018-06-14 17:38:43 - [TEST_STEP][PASSED] - Statement - groupStoresList[i] = storesLabel.get(i).getText(): null

2018-06-14 17:38:43 - [TEST_STEP][PASSED] - Statement - StoresCBList.get(i).click(): null

2018-06-14 17:38:43 - [TEST_STEP][PASSED] - Statement - groupStoresList[i] = storesLabel.get(i).getText(): null

2018-06-14 17:38:43 - [TEST_STEP][PASSED] - Statement - StoresCBList.get(i).click(): null

2018-06-14 17:38:43 - [TEST_STEP][PASSED] - Statement - groupStoresList[i] = storesLabel.get(i).getText(): null

2018-06-14 17:38:43 - [TEST_STEP][PASSED] - Statement - StoresCBList.get(i).click(): null

2018-06-14 17:38:43 - [TEST_STEP][PASSED] - Statement - groupStoresList[i] = storesLabel.get(i).getText(): null

2018-06-14 17:38:43 - [TEST_STEP][PASSED] - Statement - StoresCBList.get(i).click(): null

2018-06-14 17:38:43 - [TEST_STEP][PASSED] - Statement - groupStoresList[i] = storesLabel.get(i).getText(): null

2018-06-14 17:38:43 - [TEST_STEP][PASSED] - Statement - StoresCBList.get(i).click(): null

2018-06-14 17:38:43 - [TEST_STEP][PASSED] - Statement - groupStoresList[i] = storesLabel.get(i).getText(): null

2018-06-14 17:38:43 - [TEST_STEP][PASSED] - Statement - StoresCBList.get(i).click(): null

2018-06-14 17:38:44 - [TEST_STEP][PASSED] - Statement - groupStoresList[i] = storesLabel.get(i).getText(): null

2018-06-14 17:38:44 - [TEST_STEP][PASSED] - Statement - StoresCBList.get(i).click(): null

2018-06-14 17:38:44 - [TEST_STEP][PASSED] - Statement - groupStoresList[i] = storesLabel.get(i).getText(): null

2018-06-14 17:38:44 - [TEST_STEP][PASSED] - Statement - StoresCBList.get(i).click(): null

2018-06-14 17:38:44 - [TEST_STEP][PASSED] - Statement - groupStoresList[i] = storesLabel.get(i).getText(): null

2018-06-14 17:38:44 - [TEST_STEP][PASSED] - Statement - StoresCBList.get(i).click(): null

2018-06-14 17:38:44 - [TEST_STEP][PASSED] - Statement - groupStoresList[i] = storesLabel.get(i).getText(): null

2018-06-14 17:38:44 - [TEST_STEP][PASSED] - Statement - StoresCBList.get(i).click(): null

2018-06-14 17:38:44 - [TEST_STEP][PASSED] - Statement - groupStoresList[i] = storesLabel.get(i).getText(): null

2018-06-14 17:38:44 - [TEST_STEP][PASSED] - Statement - StoresCBList.get(i).click(): null

2018-06-14 17:38:44 - [TEST_STEP][PASSED] - Statement - groupStoresList[i] = storesLabel.get(i).getText(): null

2018-06-14 17:38:44 - [TEST_STEP][PASSED] - Statement - StoresCBList.get(i).click(): null

2018-06-14 17:38:44 - [TEST_STEP][PASSED] - Statement - groupStoresList[i] = storesLabel.get(i).getText(): null

2018-06-14 17:38:44 - [TEST_STEP][PASSED] - Statement - StoresCBList.get(i).click(): null

2018-06-14 17:38:44 - [TEST_STEP][PASSED] - Statement - groupStoresList[i] = storesLabel.get(i).getText(): null

2018-06-14 17:38:44 - [TEST_STEP][PASSED] - Statement - StoresCBList.get(i).click(): null

2018-06-14 17:38:44 - [TEST_STEP][PASSED] - Statement - groupStoresList[i] = storesLabel.get(i).getText(): null

2018-06-14 17:38:44 - [TEST_STEP][PASSED] - Statement - StoresCBList.get(i).click(): null

2018-06-14 17:38:44 - [TEST_STEP][PASSED] - Statement - groupStoresList[i] = storesLabel.get(i).getText(): null

2018-06-14 17:38:44 - [TEST_STEP][PASSED] - Statement - StoresCBList.get(i).click(): null

2018-06-14 17:38:44 - [TEST_STEP][PASSED] - Statement - groupStoresList[i] = storesLabel.get(i).getText(): null

2018-06-14 17:38:44 - [TEST_STEP][PASSED] - Statement - StoresCBList.get(i).click(): null

2018-06-14 17:38:44 - [TEST_STEP][PASSED] - Statement - groupStoresList[i] = storesLabel.get(i).getText(): null

2018-06-14 17:38:44 - [TEST_STEP][PASSED] - Statement - StoresCBList.get(i).click(): null

2018-06-14 17:38:44 - [TEST_STEP][PASSED] - Statement - groupStoresList[i] = storesLabel.get(i).getText(): null

2018-06-14 17:38:44 - [TEST_STEP][PASSED] - Statement - StoresCBList.get(i).click(): null

2018-06-14 17:38:44 - [TEST_STEP][PASSED] - Statement - groupStoresList[i] = storesLabel.get(i).getText(): null

2018-06-14 17:38:44 - [TEST_STEP][PASSED] - Statement - StoresCBList.get(i).click(): null

2018-06-14 17:38:44 - [TEST_STEP][PASSED] - Statement - groupStoresList[i] = storesLabel.get(i).getText(): null

2018-06-14 17:38:44 - [TEST_STEP][PASSED] - Statement - StoresCBList.get(i).click(): null

2018-06-14 17:38:45 - [TEST_STEP][PASSED] - Statement - groupStoresList[i] = storesLabel.get(i).getText(): null

2018-06-14 17:38:45 - [TEST_STEP][PASSED] - Statement - StoresCBList.get(i).click(): null

2018-06-14 17:38:45 - [TEST_STEP][PASSED] - Statement - groupStoresList[i] = storesLabel.get(i).getText(): null

2018-06-14 17:38:45 - [TEST_STEP][PASSED] - Statement - StoresCBList.get(i).click(): null

2018-06-14 17:38:45 - [TEST_STEP][PASSED] - Statement - groupStoresList[i] = storesLabel.get(i).getText(): null

2018-06-14 17:38:45 - [TEST_STEP][PASSED] - Statement - StoresCBList.get(i).click(): null

2018-06-14 17:38:45 - [TEST_STEP][PASSED] - Statement - groupStoresList[i] = storesLabel.get(i).getText(): null

2018-06-14 17:38:45 - [TEST_STEP][PASSED] - Statement - StoresCBList.get(i).click(): null

2018-06-14 17:38:45 - [TEST_STEP][PASSED] - Statement - groupStoresList[i] = storesLabel.get(i).getText(): null

2018-06-14 17:38:45 - [TEST_STEP][PASSED] - Statement - StoresCBList.get(i).click(): null

2018-06-14 17:38:45 - [TEST_STEP][PASSED] - Statement - groupStoresList[i] = storesLabel.get(i).getText(): null

2018-06-14 17:38:45 - [TEST_STEP][PASSED] - Statement - StoresCBList.get(i).click(): null

2018-06-14 17:38:45 - [TEST_STEP][PASSED] - Statement - groupStoresList[i] = storesLabel.get(i).getText(): null

2018-06-14 17:38:45 - [TEST_STEP][PASSED] - Statement - StoresCBList.get(i).click(): null

2018-06-14 17:38:45 - [TEST_STEP][PASSED] - Statement - groupStoresList[i] = storesLabel.get(i).getText(): null

2018-06-14 17:38:45 - [TEST_STEP][PASSED] - Statement - StoresCBList.get(i).click(): null

2018-06-14 17:38:45 - [TEST_STEP][PASSED] - Statement - groupStoresList[i] = storesLabel.get(i).getText(): null

2018-06-14 17:38:45 - [TEST_STEP][PASSED] - Statement - StoresCBList.get(i).click(): null

2018-06-14 17:38:45 - [TEST_STEP][PASSED] - Statement - groupStoresList[i] = storesLabel.get(i).getText(): null

2018-06-14 17:38:45 - [TEST_STEP][PASSED] - Statement - StoresCBList.get(i).click(): null

2018-06-14 17:38:45 - [TEST_STEP][PASSED] - Statement - groupStoresList[i] = storesLabel.get(i).getText(): null

2018-06-14 17:38:45 - [TEST_STEP][PASSED] - Statement - StoresCBList.get(i).click(): null

2018-06-14 17:38:45 - [TEST_STEP][PASSED] - Statement - groupStoresList[i] = storesLabel.get(i).getText(): null

2018-06-14 17:38:45 - [TEST_STEP][PASSED] - Statement - StoresCBList.get(i).click(): null

2018-06-14 17:38:45 - [TEST_STEP][PASSED] - Statement - groupStoresList[i] = storesLabel.get(i).getText(): null

2018-06-14 17:38:45 - [TEST_STEP][PASSED] - Statement - StoresCBList.get(i).click(): null

2018-06-14 17:38:45 - [TEST_STEP][PASSED] - Statement - groupStoresList[i] = storesLabel.get(i).getText(): null

2018-06-14 17:38:45 - [TEST_STEP][PASSED] - Statement - StoresCBList.get(i).click(): null

2018-06-14 17:38:45 - [TEST_STEP][PASSED] - Statement - groupStoresList[i] = storesLabel.get(i).getText(): null

2018-06-14 17:38:45 - [TEST_STEP][PASSED] - Statement - StoresCBList.get(i).click(): null

2018-06-14 17:38:46 - [TEST_STEP][PASSED] - Statement - groupStoresList[i] = storesLabel.get(i).getText(): null

2018-06-14 17:38:46 - [TEST_STEP][PASSED] - Statement - StoresCBList.get(i).click(): null

2018-06-14 17:38:46 - [TEST_STEP][PASSED] - Statement - groupStoresList[i] = storesLabel.get(i).getText(): null

2018-06-14 17:38:46 - [TEST_STEP][PASSED] - Statement - StoresCBList.get(i).click(): null

2018-06-14 17:38:46 - [TEST_STEP][PASSED] - Statement - groupStoresList[i] = storesLabel.get(i).getText(): null

2018-06-14 17:38:46 - [TEST_STEP][PASSED] - Statement - StoresCBList.get(i).click(): null

2018-06-14 17:38:46 - [TEST_STEP][PASSED] - Statement - groupStoresList[i] = storesLabel.get(i).getText(): null

2018-06-14 17:38:46 - [TEST_STEP][PASSED] - Statement - StoresCBList.get(i).click(): null

2018-06-14 17:38:46 - [TEST_STEP][PASSED] - Statement - groupStoresList[i] = storesLabel.get(i).getText(): null

2018-06-14 17:38:46 - [TEST_STEP][PASSED] - Statement - StoresCBList.get(i).click(): null

2018-06-14 17:38:46 - [TEST_STEP][PASSED] - Statement - groupStoresList[i] = storesLabel.get(i).getText(): null

2018-06-14 17:38:46 - [TEST_STEP][PASSED] - Statement - StoresCBList.get(i).click(): null

2018-06-14 17:38:46 - [TEST_STEP][PASSED] - Statement - groupStoresList[i] = storesLabel.get(i).getText(): null

2018-06-14 17:38:46 - [TEST_STEP][PASSED] - Statement - StoresCBList.get(i).click(): null

2018-06-14 17:38:46 - [TEST_STEP][PASSED] - Statement - groupStoresList[i] = storesLabel.get(i).getText(): null

2018-06-14 17:38:46 - [TEST_STEP][PASSED] - Statement - StoresCBList.get(i).click(): null

2018-06-14 17:38:46 - [TEST_STEP][PASSED] - Statement - groupStoresList[i] = storesLabel.get(i).getText(): null

2018-06-14 17:38:46 - [TEST_STEP][PASSED] - Statement - StoresCBList.get(i).click(): null

2018-06-14 17:38:46 - [TEST_STEP][PASSED] - Statement - groupStoresList[i] = storesLabel.get(i).getText(): null

2018-06-14 17:38:46 - [TEST_STEP][PASSED] - Statement - StoresCBList.get(i).click(): null

2018-06-14 17:38:46 - [TEST_STEP][PASSED] - Statement - groupStoresList[i] = storesLabel.get(i).getText(): null

2018-06-14 17:38:46 - [TEST_STEP][PASSED] - Statement - StoresCBList.get(i).click(): null

2018-06-14 17:38:46 - [TEST_STEP][PASSED] - Statement - groupStoresList[i] = storesLabel.get(i).getText(): null

2018-06-14 17:38:46 - [TEST_STEP][PASSED] - Statement - StoresCBList.get(i).click(): null

2018-06-14 17:38:46 - [TEST_STEP][PASSED] - Statement - groupStoresList[i] = storesLabel.get(i).getText(): null

2018-06-14 17:38:46 - [TEST_STEP][PASSED] - Statement - StoresCBList.get(i).click(): null

2018-06-14 17:38:46 - [TEST_STEP][PASSED] - Statement - groupStoresList[i] = storesLabel.get(i).getText(): null

2018-06-14 17:38:46 - [TEST_STEP][PASSED] - Statement - StoresCBList.get(i).click(): null

2018-06-14 17:38:46 - [TEST_STEP][PASSED] - Statement - groupStoresList[i] = storesLabel.get(i).getText(): null

2018-06-14 17:38:46 - [TEST_STEP][PASSED] - Statement - StoresCBList.get(i).click(): null

2018-06-14 17:38:47 - [TEST_STEP][PASSED] - Statement - groupStoresList[i] = storesLabel.get(i).getText(): null

2018-06-14 17:38:47 - [TEST_STEP][PASSED] - Statement - StoresCBList.get(i).click(): null

2018-06-14 17:38:47 - [TEST_STEP][PASSED] - Statement - groupStoresList[i] = storesLabel.get(i).getText(): null

2018-06-14 17:38:47 - [TEST_STEP][PASSED] - Statement - StoresCBList.get(i).click(): null

2018-06-14 17:38:47 - [TEST_STEP][PASSED] - Statement - groupStoresList[i] = storesLabel.get(i).getText(): null

2018-06-14 17:38:47 - [TEST_STEP][PASSED] - Statement - StoresCBList.get(i).click(): null

2018-06-14 17:38:47 - [TEST_STEP][PASSED] - Statement - groupStoresList[i] = storesLabel.get(i).getText(): null

2018-06-14 17:38:47 - [TEST_STEP][PASSED] - Statement - StoresCBList.get(i).click(): null

2018-06-14 17:38:47 - [TEST_STEP][PASSED] - Statement - groupStoresList[i] = storesLabel.get(i).getText(): null

2018-06-14 17:38:47 - [TEST_STEP][PASSED] - Statement - StoresCBList.get(i).click(): null

2018-06-14 17:38:47 - [TEST_STEP][PASSED] - Statement - groupStoresList[i] = storesLabel.get(i).getText(): null

2018-06-14 17:38:47 - [TEST_STEP][PASSED] - Statement - StoresCBList.get(i).click(): null

2018-06-14 17:38:47 - [TEST_STEP][PASSED] - Statement - groupStoresList[i] = storesLabel.get(i).getText(): null

2018-06-14 17:38:47 - [TEST_STEP][PASSED] - Statement - StoresCBList.get(i).click(): null

2018-06-14 17:38:47 - [TEST_STEP][PASSED] - Statement - groupStoresList[i] = storesLabel.get(i).getText(): null

2018-06-14 17:38:47 - [TEST_STEP][PASSED] - Statement - StoresCBList.get(i).click(): null

2018-06-14 17:38:47 - [TEST_STEP][PASSED] - Statement - groupStoresList[i] = storesLabel.get(i).getText(): null

2018-06-14 17:38:47 - [TEST_STEP][PASSED] - Statement - StoresCBList.get(i).click(): null

2018-06-14 17:38:47 - [TEST_STEP][PASSED] - Statement - groupStoresList[i] = storesLabel.get(i).getText(): null

2018-06-14 17:38:47 - [TEST_STEP][PASSED] - Statement - StoresCBList.get(i).click(): null

2018-06-14 17:38:47 - [TEST_STEP][PASSED] - Statement - groupStoresList[i] = storesLabel.get(i).getText(): null

2018-06-14 17:38:47 - [TEST_STEP][PASSED] - Statement - StoresCBList.get(i).click(): null

2018-06-14 17:38:47 - [TEST_STEP][PASSED] - Statement - groupStoresList[i] = storesLabel.get(i).getText(): null

2018-06-14 17:38:47 - [TEST_STEP][PASSED] - Statement - StoresCBList.get(i).click(): null

2018-06-14 17:38:47 - [TEST_STEP][PASSED] - Statement - groupStoresList[i] = storesLabel.get(i).getText(): null

2018-06-14 17:38:47 - [TEST_STEP][PASSED] - Statement - StoresCBList.get(i).click(): null

2018-06-14 17:38:47 - [TEST_STEP][PASSED] - Statement - groupStoresList[i] = storesLabel.get(i).getText(): null

2018-06-14 17:38:47 - [TEST_STEP][PASSED] - Statement - StoresCBList.get(i).click(): null

2018-06-14 17:38:47 - [TEST_STEP][PASSED] - Statement - groupStoresList[i] = storesLabel.get(i).getText(): null

2018-06-14 17:38:47 - [TEST_STEP][PASSED] - Statement - StoresCBList.get(i).click(): null

2018-06-14 17:38:48 - [TEST_STEP][PASSED] - Statement - groupStoresList[i] = storesLabel.get(i).getText(): null

2018-06-14 17:38:48 - [TEST_STEP][PASSED] - Statement - StoresCBList.get(i).click(): null

2018-06-14 17:38:48 - [TEST_STEP][PASSED] - Statement - groupStoresList[i] = storesLabel.get(i).getText(): null

2018-06-14 17:38:48 - [TEST_STEP][PASSED] - Statement - StoresCBList.get(i).click(): null

2018-06-14 17:38:48 - [TEST_STEP][PASSED] - Statement - groupStoresList[i] = storesLabel.get(i).getText(): null

2018-06-14 17:38:48 - [TEST_STEP][PASSED] - Statement - StoresCBList.get(i).click(): null

2018-06-14 17:38:48 - [TEST_STEP][PASSED] - Statement - groupStoresList[i] = storesLabel.get(i).getText(): null

2018-06-14 17:38:48 - [TEST_STEP][PASSED] - Statement - StoresCBList.get(i).click(): null

2018-06-14 17:38:48 - [TEST_STEP][PASSED] - Statement - groupStoresList[i] = storesLabel.get(i).getText(): null

2018-06-14 17:38:48 - [TEST_STEP][PASSED] - Statement - StoresCBList.get(i).click(): null

2018-06-14 17:38:48 - [TEST_STEP][PASSED] - Statement - groupStoresList[i] = storesLabel.get(i).getText(): null

2018-06-14 17:38:48 - [TEST_STEP][PASSED] - Statement - StoresCBList.get(i).click(): null

2018-06-14 17:38:48 - [TEST_STEP][PASSED] - Statement - groupStoresList[i] = storesLabel.get(i).getText(): null

2018-06-14 17:38:48 - [TEST_STEP][PASSED] - Statement - StoresCBList.get(i).click(): null

2018-06-14 17:38:48 - [TEST_STEP][PASSED] - Statement - groupStoresList[i] = storesLabel.get(i).getText(): null

2018-06-14 17:38:48 - [TEST_STEP][PASSED] - Statement - StoresCBList.get(i).click(): null

2018-06-14 17:38:48 - [TEST_STEP][PASSED] - Statement - groupStoresList[i] = storesLabel.get(i).getText(): null

2018-06-14 17:38:48 - [TEST_STEP][PASSED] - Statement - StoresCBList.get(i).click(): null

2018-06-14 17:38:48 - [TEST_STEP][PASSED] - Statement - groupStoresList[i] = storesLabel.get(i).getText(): null

2018-06-14 17:38:48 - [TEST_STEP][PASSED] - Statement - StoresCBList.get(i).click(): null

2018-06-14 17:38:48 - [TEST_STEP][PASSED] - Statement - groupStoresList[i] = storesLabel.get(i).getText(): null

2018-06-14 17:38:48 - [TEST_STEP][PASSED] - Statement - StoresCBList.get(i).click(): null

2018-06-14 17:38:48 - [TEST_STEP][PASSED] - Statement - groupStoresList[i] = storesLabel.get(i).getText(): null

2018-06-14 17:38:48 - [TEST_STEP][PASSED] - Statement - StoresCBList.get(i).click(): null

2018-06-14 17:38:48 - [TEST_STEP][PASSED] - Statement - groupStoresList[i] = storesLabel.get(i).getText(): null

2018-06-14 17:38:48 - [TEST_STEP][PASSED] - Statement - StoresCBList.get(i).click(): null

2018-06-14 17:38:48 - [TEST_STEP][PASSED] - Statement - groupStoresList[i] = storesLabel.get(i).getText(): null

2018-06-14 17:38:48 - [TEST_STEP][PASSED] - Statement - StoresCBList.get(i).click(): null

2018-06-14 17:38:48 - [TEST_STEP][PASSED] - Statement - groupStoresList[i] = storesLabel.get(i).getText(): null

2018-06-14 17:38:49 - [TEST_STEP][PASSED] - Statement - StoresCBList.get(i).click(): null

2018-06-14 17:38:49 - [TEST_STEP][PASSED] - Statement - groupStoresList[i] = storesLabel.get(i).getText(): null

2018-06-14 17:38:49 - [TEST_STEP][PASSED] - Statement - StoresCBList.get(i).click(): null

2018-06-14 17:38:49 - [TEST_STEP][PASSED] - Statement - groupStoresList[i] = storesLabel.get(i).getText(): null

2018-06-14 17:38:49 - [TEST_STEP][PASSED] - Statement - StoresCBList.get(i).click(): null

2018-06-14 17:38:49 - [TEST_STEP][PASSED] - Statement - groupStoresList[i] = storesLabel.get(i).getText(): null

2018-06-14 17:38:49 - [TEST_STEP][PASSED] - Statement - StoresCBList.get(i).click(): null

2018-06-14 17:38:49 - [TEST_STEP][PASSED] - Statement - groupStoresList[i] = storesLabel.get(i).getText(): null

2018-06-14 17:38:49 - [TEST_STEP][PASSED] - Statement - StoresCBList.get(i).click(): null

2018-06-14 17:38:49 - [TEST_STEP][PASSED] - Statement - groupStoresList[i] = storesLabel.get(i).getText(): null

2018-06-14 17:38:49 - [TEST_STEP][PASSED] - Statement - StoresCBList.get(i).click(): null

2018-06-14 17:38:49 - [TEST_STEP][PASSED] - Statement - groupStoresList[i] = storesLabel.get(i).getText(): null

2018-06-14 17:38:49 - [TEST_STEP][PASSED] - Statement - StoresCBList.get(i).click(): null

2018-06-14 17:38:49 - [TEST_STEP][PASSED] - Statement - groupStoresList[i] = storesLabel.get(i).getText(): null

2018-06-14 17:38:49 - [TEST_STEP][PASSED] - Statement - StoresCBList.get(i).click(): null

2018-06-14 17:38:49 - [TEST_STEP][PASSED] - Statement - groupStoresList[i] = storesLabel.get(i).getText(): null

2018-06-14 17:38:49 - [TEST_STEP][PASSED] - Statement - StoresCBList.get(i).click(): null

2018-06-14 17:38:49 - [TEST_STEP][PASSED] - Statement - groupStoresList[i] = storesLabel.get(i).getText(): null

2018-06-14 17:38:49 - [TEST_STEP][PASSED] - Statement - StoresCBList.get(i).click(): null

2018-06-14 17:38:49 - [TEST_STEP][PASSED] - Statement - groupStoresList[i] = storesLabel.get(i).getText(): null

2018-06-14 17:38:49 - [TEST_STEP][PASSED] - Statement - StoresCBList.get(i).click(): null

2018-06-14 17:38:49 - [TEST_STEP][PASSED] - Statement - groupStoresList[i] = storesLabel.get(i).getText(): null

2018-06-14 17:38:49 - [TEST_STEP][PASSED] - Statement - StoresCBList.get(i).click(): null

2018-06-14 17:38:49 - [TEST_STEP][PASSED] - Statement - groupStoresList[i] = storesLabel.get(i).getText(): null

2018-06-14 17:38:49 - [TEST_STEP][PASSED] - Statement - StoresCBList.get(i).click(): null

2018-06-14 17:38:49 - [TEST_STEP][PASSED] - Statement - groupStoresList[i] = storesLabel.get(i).getText(): null

2018-06-14 17:38:49 - [TEST_STEP][PASSED] - Statement - StoresCBList.get(i).click(): null

2018-06-14 17:38:49 - [TEST_STEP][PASSED] - Statement - groupStoresList[i] = storesLabel.get(i).getText(): null

2018-06-14 17:38:49 - [TEST_STEP][PASSED] - Statement - StoresCBList.get(i).click(): null

2018-06-14 17:38:49 - [TEST_STEP][PASSED] - Statement - groupStoresList[i] = storesLabel.get(i).getText(): null

2018-06-14 17:38:50 - [TEST_STEP][PASSED] - Statement - StoresCBList.get(i).click(): null

2018-06-14 17:38:50 - [TEST_STEP][PASSED] - Statement - groupStoresList[i] = storesLabel.get(i).getText(): null

2018-06-14 17:38:50 - [TEST_STEP][PASSED] - Statement - StoresCBList.get(i).click(): null

2018-06-14 17:38:50 - [TEST_STEP][PASSED] - Statement - groupStoresList[i] = storesLabel.get(i).getText(): null

2018-06-14 17:38:50 - [TEST_STEP][PASSED] - Statement - StoresCBList.get(i).click(): null

2018-06-14 17:38:50 - [TEST_STEP][PASSED] - Statement - groupStoresList[i] = storesLabel.get(i).getText(): null

2018-06-14 17:38:50 - [TEST_STEP][PASSED] - Statement - StoresCBList.get(i).click(): null

2018-06-14 17:38:50 - [TEST_STEP][PASSED] - Statement - groupStoresList[i] = storesLabel.get(i).getText(): null

2018-06-14 17:38:50 - [TEST_STEP][PASSED] - Statement - StoresCBList.get(i).click(): null

2018-06-14 17:38:50 - [TEST_STEP][PASSED] - Statement - groupStoresList[i] = storesLabel.get(i).getText(): null

2018-06-14 17:38:50 - [TEST_STEP][PASSED] - Statement - StoresCBList.get(i).click(): null

2018-06-14 17:38:50 - [TEST_STEP][PASSED] - Statement - out.println(groupStoresList): null

2018-06-14 17:38:50 - [TEST_STEP][PASSED] - Statement - size = groupStoresList.size(): null

2018-06-14 17:38:50 - [TEST_STEP][PASSED] - Statement - For ([i = 0, i < StoresCBList.size() - 10, (i++)]): null

2018-06-14 17:38:50 - [TEST_STEP][PASSED] - Statement - groupStoresList1[i] = storesLabel.get(i).getText(): null

2018-06-14 17:38:50 - [TEST_STEP][PASSED] - Statement - groupStoresList1[i] = storesLabel.get(i).getText(): null

2018-06-14 17:38:50 - [TEST_STEP][PASSED] - Statement - groupStoresList1[i] = storesLabel.get(i).getText(): null

2018-06-14 17:38:50 - [TEST_STEP][PASSED] - Statement - groupStoresList1[i] = storesLabel.get(i).getText(): null

2018-06-14 17:38:50 - [TEST_STEP][PASSED] - Statement - groupStoresList1[i] = storesLabel.get(i).getText(): null

2018-06-14 17:38:50 - [TEST_STEP][PASSED] - Statement - groupStoresList1[i] = storesLabel.get(i).getText(): null

2018-06-14 17:38:50 - [TEST_STEP][PASSED] - Statement - groupStoresList1[i] = storesLabel.get(i).getText(): null

2018-06-14 17:38:50 - [TEST_STEP][PASSED] - Statement - groupStoresList1[i] = storesLabel.get(i).getText(): null

2018-06-14 17:38:50 - [TEST_STEP][PASSED] - Statement - groupStoresList1[i] = storesLabel.get(i).getText(): null

2018-06-14 17:38:50 - [TEST_STEP][PASSED] - Statement - groupStoresList1[i] = storesLabel.get(i).getText(): null

2018-06-14 17:38:50 - [TEST_STEP][PASSED] - Statement - groupStoresList1[i] = storesLabel.get(i).getText(): null

2018-06-14 17:38:50 - [TEST_STEP][PASSED] - Statement - groupStoresList1[i] = storesLabel.get(i).getText(): null

2018-06-14 17:38:50 - [TEST_STEP][PASSED] - Statement - groupStoresList1[i] = storesLabel.get(i).getText(): null

2018-06-14 17:38:50 - [TEST_STEP][PASSED] - Statement - groupStoresList1[i] = storesLabel.get(i).getText(): null

2018-06-14 17:38:50 - [TEST_STEP][PASSED] - Statement - groupStoresList1[i] = storesLabel.get(i).getText(): null

2018-06-14 17:38:50 - [TEST_STEP][PASSED] - Statement - groupStoresList1[i] = storesLabel.get(i).getText(): null

2018-06-14 17:38:50 - [TEST_STEP][PASSED] - Statement - groupStoresList1[i] = storesLabel.get(i).getText(): null

2018-06-14 17:38:50 - [TEST_STEP][PASSED] - Statement - groupStoresList1[i] = storesLabel.get(i).getText(): null

2018-06-14 17:38:50 - [TEST_STEP][PASSED] - Statement - groupStoresList1[i] = storesLabel.get(i).getText(): null

2018-06-14 17:38:50 - [TEST_STEP][PASSED] - Statement - groupStoresList1[i] = storesLabel.get(i).getText(): null

2018-06-14 17:38:50 - [TEST_STEP][PASSED] - Statement - groupStoresList1[i] = storesLabel.get(i).getText(): null

2018-06-14 17:38:50 - [TEST_STEP][PASSED] - Statement - groupStoresList1[i] = storesLabel.get(i).getText(): null

2018-06-14 17:38:50 - [TEST_STEP][PASSED] - Statement - groupStoresList1[i] = storesLabel.get(i).getText(): null

2018-06-14 17:38:50 - [TEST_STEP][PASSED] - Statement - groupStoresList1[i] = storesLabel.get(i).getText(): null

2018-06-14 17:38:50 - [TEST_STEP][PASSED] - Statement - groupStoresList1[i] = storesLabel.get(i).getText(): null

2018-06-14 17:38:50 - [TEST_STEP][PASSED] - Statement - groupStoresList1[i] = storesLabel.get(i).getText(): null

2018-06-14 17:38:50 - [TEST_STEP][PASSED] - Statement - groupStoresList1[i] = storesLabel.get(i).getText(): null

2018-06-14 17:38:50 - [TEST_STEP][PASSED] - Statement - groupStoresList1[i] = storesLabel.get(i).getText(): null

2018-06-14 17:38:50 - [TEST_STEP][PASSED] - Statement - groupStoresList1[i] = storesLabel.get(i).getText(): null

2018-06-14 17:38:50 - [TEST_STEP][PASSED] - Statement - groupStoresList1[i] = storesLabel.get(i).getText(): null

2018-06-14 17:38:50 - [TEST_STEP][PASSED] - Statement - groupStoresList1[i] = storesLabel.get(i).getText(): null

2018-06-14 17:38:50 - [TEST_STEP][PASSED] - Statement - groupStoresList1[i] = storesLabel.get(i).getText(): null

2018-06-14 17:38:50 - [TEST_STEP][PASSED] - Statement - groupStoresList1[i] = storesLabel.get(i).getText(): null

2018-06-14 17:38:50 - [TEST_STEP][PASSED] - Statement - groupStoresList1[i] = storesLabel.get(i).getText(): null

2018-06-14 17:38:50 - [TEST_STEP][PASSED] - Statement - groupStoresList1[i] = storesLabel.get(i).getText(): null

2018-06-14 17:38:50 - [TEST_STEP][PASSED] - Statement - groupStoresList1[i] = storesLabel.get(i).getText(): null

2018-06-14 17:38:50 - [TEST_STEP][PASSED] - Statement - groupStoresList1[i] = storesLabel.get(i).getText(): null

2018-06-14 17:38:50 - [TEST_STEP][PASSED] - Statement - groupStoresList1[i] = storesLabel.get(i).getText(): null

2018-06-14 17:38:50 - [TEST_STEP][PASSED] - Statement - groupStoresList1[i] = storesLabel.get(i).getText(): null

2018-06-14 17:38:51 - [TEST_STEP][PASSED] - Statement - groupStoresList1[i] = storesLabel.get(i).getText(): null

2018-06-14 17:38:51 - [TEST_STEP][PASSED] - Statement - groupStoresList1[i] = storesLabel.get(i).getText(): null

2018-06-14 17:38:51 - [TEST_STEP][PASSED] - Statement - groupStoresList1[i] = storesLabel.get(i).getText(): null

2018-06-14 17:38:51 - [TEST_STEP][PASSED] - Statement - groupStoresList1[i] = storesLabel.get(i).getText(): null

2018-06-14 17:38:51 - [TEST_STEP][PASSED] - Statement - groupStoresList1[i] = storesLabel.get(i).getText(): null

2018-06-14 17:38:51 - [TEST_STEP][PASSED] - Statement - groupStoresList1[i] = storesLabel.get(i).getText(): null

2018-06-14 17:38:51 - [TEST_STEP][PASSED] - Statement - groupStoresList1[i] = storesLabel.get(i).getText(): null

2018-06-14 17:38:51 - [TEST_STEP][PASSED] - Statement - groupStoresList1[i] = storesLabel.get(i).getText(): null

2018-06-14 17:38:51 - [TEST_STEP][PASSED] - Statement - groupStoresList1[i] = storesLabel.get(i).getText(): null

2018-06-14 17:38:51 - [TEST_STEP][PASSED] - Statement - groupStoresList1[i] = storesLabel.get(i).getText(): null

2018-06-14 17:38:51 - [TEST_STEP][PASSED] - Statement - groupStoresList1[i] = storesLabel.get(i).getText(): null

2018-06-14 17:38:51 - [TEST_STEP][PASSED] - Statement - groupStoresList1[i] = storesLabel.get(i).getText(): null

2018-06-14 17:38:51 - [TEST_STEP][PASSED] - Statement - groupStoresList1[i] = storesLabel.get(i).getText(): null

2018-06-14 17:38:51 - [TEST_STEP][PASSED] - Statement - groupStoresList1[i] = storesLabel.get(i).getText(): null

2018-06-14 17:38:51 - [TEST_STEP][PASSED] - Statement - groupStoresList1[i] = storesLabel.get(i).getText(): null

2018-06-14 17:38:51 - [TEST_STEP][PASSED] - Statement - groupStoresList1[i] = storesLabel.get(i).getText(): null

2018-06-14 17:38:51 - [TEST_STEP][PASSED] - Statement - groupStoresList1[i] = storesLabel.get(i).getText(): null

2018-06-14 17:38:51 - [TEST_STEP][PASSED] - Statement - groupStoresList1[i] = storesLabel.get(i).getText(): null

2018-06-14 17:38:51 - [TEST_STEP][PASSED] - Statement - groupStoresList1[i] = storesLabel.get(i).getText(): null

2018-06-14 17:38:51 - [TEST_STEP][PASSED] - Statement - groupStoresList1[i] = storesLabel.get(i).getText(): null

2018-06-14 17:38:51 - [TEST_STEP][PASSED] - Statement - groupStoresList1[i] = storesLabel.get(i).getText(): null

2018-06-14 17:38:51 - [TEST_STEP][PASSED] - Statement - groupStoresList1[i] = storesLabel.get(i).getText(): null

2018-06-14 17:38:51 - [TEST_STEP][PASSED] - Statement - groupStoresList1[i] = storesLabel.get(i).getText(): null

2018-06-14 17:38:51 - [TEST_STEP][PASSED] - Statement - groupStoresList1[i] = storesLabel.get(i).getText(): null

2018-06-14 17:38:51 - [TEST_STEP][PASSED] - Statement - groupStoresList1[i] = storesLabel.get(i).getText(): null

2018-06-14 17:38:51 - [TEST_STEP][PASSED] - Statement - groupStoresList1[i] = storesLabel.get(i).getText(): null

2018-06-14 17:38:51 - [TEST_STEP][PASSED] - Statement - groupStoresList1[i] = storesLabel.get(i).getText(): null

2018-06-14 17:38:51 - [TEST_STEP][PASSED] - Statement - groupStoresList1[i] = storesLabel.get(i).getText(): null

2018-06-14 17:38:51 - [TEST_STEP][PASSED] - Statement - groupStoresList1[i] = storesLabel.get(i).getText(): null

2018-06-14 17:38:51 - [TEST_STEP][PASSED] - Statement - groupStoresList1[i] = storesLabel.get(i).getText(): null

2018-06-14 17:38:51 - [TEST_STEP][PASSED] - Statement - groupStoresList1[i] = storesLabel.get(i).getText(): null

2018-06-14 17:38:51 - [TEST_STEP][PASSED] - Statement - groupStoresList1[i] = storesLabel.get(i).getText(): null

2018-06-14 17:38:51 - [TEST_STEP][PASSED] - Statement - groupStoresList1[i] = storesLabel.get(i).getText(): null

2018-06-14 17:38:51 - [TEST_STEP][PASSED] - Statement - groupStoresList1[i] = storesLabel.get(i).getText(): null

2018-06-14 17:38:51 - [TEST_STEP][PASSED] - Statement - groupStoresList1[i] = storesLabel.get(i).getText(): null

2018-06-14 17:38:51 - [TEST_STEP][PASSED] - Statement - groupStoresList1[i] = storesLabel.get(i).getText(): null

2018-06-14 17:38:51 - [TEST_STEP][PASSED] - Statement - groupStoresList1[i] = storesLabel.get(i).getText(): null

2018-06-14 17:38:51 - [TEST_STEP][PASSED] - Statement - groupStoresList1[i] = storesLabel.get(i).getText(): null

2018-06-14 17:38:51 - [TEST_STEP][PASSED] - Statement - groupStoresList1[i] = storesLabel.get(i).getText(): null

2018-06-14 17:38:51 - [TEST_STEP][PASSED] - Statement - groupStoresList1[i] = storesLabel.get(i).getText(): null

2018-06-14 17:38:51 - [TEST_STEP][PASSED] - Statement - groupStoresList1[i] = storesLabel.get(i).getText(): null

2018-06-14 17:38:51 - [TEST_STEP][PASSED] - Statement - groupStoresList1[i] = storesLabel.get(i).getText(): null

2018-06-14 17:38:51 - [TEST_STEP][PASSED] - Statement - groupStoresList1[i] = storesLabel.get(i).getText(): null

2018-06-14 17:38:51 - [TEST_STEP][PASSED] - Statement - groupStoresList1[i] = storesLabel.get(i).getText(): null

2018-06-14 17:38:51 - [TEST_STEP][PASSED] - Statement - groupStoresList1[i] = storesLabel.get(i).getText(): null

2018-06-14 17:38:51 - [TEST_STEP][PASSED] - Statement - groupStoresList1[i] = storesLabel.get(i).getText(): null

2018-06-14 17:38:51 - [TEST_STEP][PASSED] - Statement - groupStoresList1[i] = storesLabel.get(i).getText(): null

2018-06-14 17:38:51 - [TEST_STEP][PASSED] - Statement - groupStoresList1[i] = storesLabel.get(i).getText(): null

2018-06-14 17:38:51 - [TEST_STEP][PASSED] - Statement - groupStoresList1[i] = storesLabel.get(i).getText(): null

2018-06-14 17:38:51 - [TEST_STEP][PASSED] - Statement - groupStoresList1[i] = storesLabel.get(i).getText(): null

2018-06-14 17:38:51 - [TEST_STEP][PASSED] - Statement - groupStoresList1[i] = storesLabel.get(i).getText(): null

2018-06-14 17:38:51 - [TEST_STEP][PASSED] - Statement - groupStoresList1[i] = storesLabel.get(i).getText(): null

2018-06-14 17:38:51 - [TEST_STEP][PASSED] - Statement - groupStoresList1[i] = storesLabel.get(i).getText(): null

2018-06-14 17:38:51 - [TEST_STEP][PASSED] - Statement - groupStoresList1[i] = storesLabel.get(i).getText(): null

2018-06-14 17:38:51 - [TEST_STEP][PASSED] - Statement - groupStoresList1[i] = storesLabel.get(i).getText(): null

2018-06-14 17:38:51 - [TEST_STEP][PASSED] - Statement - groupStoresList1[i] = storesLabel.get(i).getText(): null

2018-06-14 17:38:51 - [TEST_STEP][PASSED] - Statement - groupStoresList1[i] = storesLabel.get(i).getText(): null

2018-06-14 17:38:51 - [TEST_STEP][PASSED] - Statement - groupStoresList1[i] = storesLabel.get(i).getText(): null

2018-06-14 17:38:51 - [TEST_STEP][PASSED] - Statement - groupStoresList1[i] = storesLabel.get(i).getText(): null

2018-06-14 17:38:51 - [TEST_STEP][PASSED] - Statement - groupStoresList1[i] = storesLabel.get(i).getText(): null

2018-06-14 17:38:51 - [TEST_STEP][PASSED] - Statement - groupStoresList1[i] = storesLabel.get(i).getText(): null

2018-06-14 17:38:51 - [TEST_STEP][PASSED] - Statement - groupStoresList1[i] = storesLabel.get(i).getText(): null

2018-06-14 17:38:51 - [TEST_STEP][PASSED] - Statement - groupStoresList1[i] = storesLabel.get(i).getText(): null

2018-06-14 17:38:51 - [TEST_STEP][PASSED] - Statement - groupStoresList1[i] = storesLabel.get(i).getText(): null

2018-06-14 17:38:51 - [TEST_STEP][PASSED] - Statement - groupStoresList1[i] = storesLabel.get(i).getText(): null

2018-06-14 17:38:51 - [TEST_STEP][PASSED] - Statement - groupStoresList1[i] = storesLabel.get(i).getText(): null

2018-06-14 17:38:51 - [TEST_STEP][PASSED] - Statement - groupStoresList1[i] = storesLabel.get(i).getText(): null

2018-06-14 17:38:51 - [TEST_STEP][PASSED] - Statement - groupStoresList1[i] = storesLabel.get(i).getText(): null

2018-06-14 17:38:51 - [TEST_STEP][PASSED] - Statement - groupStoresList1[i] = storesLabel.get(i).getText(): null

2018-06-14 17:38:51 - [TEST_STEP][PASSED] - Statement - groupStoresList1[i] = storesLabel.get(i).getText(): null

2018-06-14 17:38:51 - [TEST_STEP][PASSED] - Statement - groupStoresList1[i] = storesLabel.get(i).getText(): null

2018-06-14 17:38:51 - [TEST_STEP][PASSED] - Statement - groupStoresList1[i] = storesLabel.get(i).getText(): null

2018-06-14 17:38:51 - [TEST_STEP][PASSED] - Statement - groupStoresList1[i] = storesLabel.get(i).getText(): null

2018-06-14 17:38:51 - [TEST_STEP][PASSED] - Statement - groupStoresList1[i] = storesLabel.get(i).getText(): null

2018-06-14 17:38:51 - [TEST_STEP][PASSED] - Statement - groupStoresList1[i] = storesLabel.get(i).getText(): null

2018-06-14 17:38:52 - [TEST_STEP][PASSED] - Statement - groupStoresList1[i] = storesLabel.get(i).getText(): null

2018-06-14 17:38:52 - [TEST_STEP][PASSED] - Statement - groupStoresList1[i] = storesLabel.get(i).getText(): null

2018-06-14 17:38:52 - [TEST_STEP][PASSED] - Statement - groupStoresList1[i] = storesLabel.get(i).getText(): null

2018-06-14 17:38:52 - [TEST_STEP][PASSED] - Statement - groupStoresList1[i] = storesLabel.get(i).getText(): null

2018-06-14 17:38:52 - [TEST_STEP][PASSED] - Statement - groupStoresList1[i] = storesLabel.get(i).getText(): null

2018-06-14 17:38:52 - [TEST_STEP][PASSED] - Statement - groupStoresList1[i] = storesLabel.get(i).getText(): null

2018-06-14 17:38:52 - [TEST_STEP][PASSED] - Statement - groupStoresList1[i] = storesLabel.get(i).getText(): null

2018-06-14 17:38:52 - [TEST_STEP][PASSED] - Statement - groupStoresList1[i] = storesLabel.get(i).getText(): null

2018-06-14 17:38:52 - [TEST_STEP][PASSED] - Statement - groupStoresList1[i] = storesLabel.get(i).getText(): null

2018-06-14 17:38:52 - [TEST_STEP][PASSED] - Statement - groupStoresList1[i] = storesLabel.get(i).getText(): null

2018-06-14 17:38:52 - [TEST_STEP][PASSED] - Statement - groupStoresList1[i] = storesLabel.get(i).getText(): null

2018-06-14 17:38:52 - [TEST_STEP][PASSED] - Statement - groupStoresList1[i] = storesLabel.get(i).getText(): null

2018-06-14 17:38:52 - [TEST_STEP][PASSED] - Statement - groupStoresList1[i] = storesLabel.get(i).getText(): null

2018-06-14 17:38:52 - [TEST_STEP][PASSED] - Statement - groupStoresList1[i] = storesLabel.get(i).getText(): null

2018-06-14 17:38:52 - [TEST_STEP][PASSED] - Statement - groupStoresList1[i] = storesLabel.get(i).getText(): null

2018-06-14 17:38:52 - [TEST_STEP][PASSED] - Statement - groupStoresList1[i] = storesLabel.get(i).getText(): null

2018-06-14 17:38:52 - [TEST_STEP][PASSED] - Statement - groupStoresList1[i] = storesLabel.get(i).getText(): null

2018-06-14 17:38:52 - [TEST_STEP][PASSED] - Statement - groupStoresList1[i] = storesLabel.get(i).getText(): null

2018-06-14 17:38:52 - [TEST_STEP][PASSED] - Statement - groupStoresList1[i] = storesLabel.get(i).getText(): null

2018-06-14 17:38:52 - [TEST_STEP][PASSED] - Statement - groupStoresList1[i] = storesLabel.get(i).getText(): null

2018-06-14 17:38:52 - [TEST_STEP][PASSED] - Statement - groupStoresList1[i] = storesLabel.get(i).getText(): null

2018-06-14 17:38:52 - [TEST_STEP][PASSED] - Statement - groupStoresList1[i] = storesLabel.get(i).getText(): null

2018-06-14 17:38:52 - [TEST_STEP][PASSED] - Statement - groupStoresList1[i] = storesLabel.get(i).getText(): null

2018-06-14 17:38:52 - [TEST_STEP][PASSED] - Statement - groupStoresList1[i] = storesLabel.get(i).getText(): null

2018-06-14 17:38:52 - [TEST_STEP][PASSED] - Statement - groupStoresList1[i] = storesLabel.get(i).getText(): null

2018-06-14 17:38:52 - [TEST_STEP][PASSED] - Statement - groupStoresList1[i] = storesLabel.get(i).getText(): null

2018-06-14 17:38:52 - [TEST_STEP][PASSED] - Statement - groupStoresList1[i] = storesLabel.get(i).getText(): null

2018-06-14 17:38:52 - [TEST_STEP][PASSED] - Statement - groupStoresList1[i] = storesLabel.get(i).getText(): null

2018-06-14 17:38:52 - [TEST_STEP][PASSED] - Statement - groupStoresList1[i] = storesLabel.get(i).getText(): null

2018-06-14 17:38:52 - [TEST_STEP][PASSED] - Statement - groupStoresList1[i] = storesLabel.get(i).getText(): null

2018-06-14 17:38:52 - [TEST_STEP][PASSED] - Statement - groupStoresList1[i] = storesLabel.get(i).getText(): null

2018-06-14 17:38:52 - [TEST_STEP][PASSED] - Statement - groupStoresList1[i] = storesLabel.get(i).getText(): null

2018-06-14 17:38:52 - [TEST_STEP][PASSED] - Statement - groupStoresList1[i] = storesLabel.get(i).getText(): null

2018-06-14 17:38:52 - [TEST_STEP][PASSED] - Statement - groupStoresList1[i] = storesLabel.get(i).getText(): null

2018-06-14 17:38:52 - [TEST_STEP][PASSED] - Statement - groupStoresList1[i] = storesLabel.get(i).getText(): null

2018-06-14 17:38:52 - [TEST_STEP][PASSED] - Statement - groupStoresList1[i] = storesLabel.get(i).getText(): null

2018-06-14 17:38:52 - [TEST_STEP][PASSED] - Statement - groupStoresList1[i] = storesLabel.get(i).getText(): null

2018-06-14 17:38:52 - [TEST_STEP][PASSED] - Statement - groupStoresList1[i] = storesLabel.get(i).getText(): null

2018-06-14 17:38:52 - [TEST_STEP][PASSED] - Statement - groupStoresList1[i] = storesLabel.get(i).getText(): null

2018-06-14 17:38:52 - [TEST_STEP][PASSED] - Statement - groupStoresList1[i] = storesLabel.get(i).getText(): null

2018-06-14 17:38:52 - [TEST_STEP][PASSED] - Statement - groupStoresList1[i] = storesLabel.get(i).getText(): null

2018-06-14 17:38:52 - [TEST_STEP][PASSED] - Statement - groupStoresList1[i] = storesLabel.get(i).getText(): null

2018-06-14 17:38:52 - [TEST_STEP][PASSED] - Statement - groupStoresList1[i] = storesLabel.get(i).getText(): null

2018-06-14 17:38:52 - [TEST_STEP][PASSED] - Statement - groupStoresList1[i] = storesLabel.get(i).getText(): null

2018-06-14 17:38:52 - [TEST_STEP][PASSED] - Statement - groupStoresList1[i] = storesLabel.get(i).getText(): null

2018-06-14 17:38:52 - [TEST_STEP][PASSED] - Statement - groupStoresList1[i] = storesLabel.get(i).getText(): null

2018-06-14 17:38:52 - [TEST_STEP][PASSED] - Statement - groupStoresList1[i] = storesLabel.get(i).getText(): null

2018-06-14 17:38:52 - [TEST_STEP][PASSED] - Statement - groupStoresList1[i] = storesLabel.get(i).getText(): null

2018-06-14 17:38:52 - [TEST_STEP][PASSED] - Statement - groupStoresList1[i] = storesLabel.get(i).getText(): null

2018-06-14 17:38:52 - [TEST_STEP][PASSED] - Statement - groupStoresList1[i] = storesLabel.get(i).getText(): null

2018-06-14 17:38:52 - [TEST_STEP][PASSED] - Statement - groupStoresList1[i] = storesLabel.get(i).getText(): null

2018-06-14 17:38:52 - [TEST_STEP][PASSED] - Statement - groupStoresList1[i] = storesLabel.get(i).getText(): null

2018-06-14 17:38:52 - [TEST_STEP][PASSED] - Statement - groupStoresList1[i] = storesLabel.get(i).getText(): null

2018-06-14 17:38:52 - [TEST_STEP][PASSED] - Statement - groupStoresList1[i] = storesLabel.get(i).getText(): null

2018-06-14 17:38:52 - [TEST_STEP][PASSED] - Statement - groupStoresList1[i] = storesLabel.get(i).getText(): null

2018-06-14 17:38:52 - [TEST_STEP][PASSED] - Statement - groupStoresList1[i] = storesLabel.get(i).getText(): null

2018-06-14 17:38:52 - [TEST_STEP][PASSED] - Statement - groupStoresList1[i] = storesLabel.get(i).getText(): null

2018-06-14 17:38:52 - [TEST_STEP][PASSED] - Statement - groupStoresList1[i] = storesLabel.get(i).getText(): null

2018-06-14 17:38:52 - [TEST_STEP][PASSED] - Statement - groupStoresList1[i] = storesLabel.get(i).getText(): null

2018-06-14 17:38:52 - [TEST_STEP][PASSED] - Statement - groupStoresList1[i] = storesLabel.get(i).getText(): null

2018-06-14 17:38:52 - [TEST_STEP][PASSED] - Statement - groupStoresList1[i] = storesLabel.get(i).getText(): null

2018-06-14 17:38:52 - [TEST_STEP][PASSED] - Statement - groupStoresList1[i] = storesLabel.get(i).getText(): null

2018-06-14 17:38:52 - [TEST_STEP][PASSED] - Statement - groupStoresList1[i] = storesLabel.get(i).getText(): null

2018-06-14 17:38:52 - [TEST_STEP][PASSED] - Statement - groupStoresList1[i] = storesLabel.get(i).getText(): null

2018-06-14 17:38:52 - [TEST_STEP][PASSED] - Statement - groupStoresList1[i] = storesLabel.get(i).getText(): null

2018-06-14 17:38:52 - [TEST_STEP][PASSED] - Statement - groupStoresList1[i] = storesLabel.get(i).getText(): null

2018-06-14 17:38:52 - [TEST_STEP][PASSED] - Statement - groupStoresList1[i] = storesLabel.get(i).getText(): null

2018-06-14 17:38:52 - [TEST_STEP][PASSED] - Statement - groupStoresList1[i] = storesLabel.get(i).getText(): null

2018-06-14 17:38:52 - [TEST_STEP][PASSED] - Statement - groupStoresList1[i] = storesLabel.get(i).getText(): null

2018-06-14 17:38:52 - [TEST_STEP][PASSED] - Statement - groupStoresList1[i] = storesLabel.get(i).getText(): null

2018-06-14 17:38:52 - [TEST_STEP][PASSED] - Statement - groupStoresList1[i] = storesLabel.get(i).getText(): null

2018-06-14 17:38:52 - [TEST_STEP][PASSED] - Statement - groupStoresList1[i] = storesLabel.get(i).getText(): null

2018-06-14 17:38:52 - [TEST_STEP][PASSED] - Statement - groupStoresList1[i] = storesLabel.get(i).getText(): null

2018-06-14 17:38:52 - [TEST_STEP][PASSED] - Statement - groupStoresList1[i] = storesLabel.get(i).getText(): null

2018-06-14 17:38:52 - [TEST_STEP][PASSED] - Statement - groupStoresList1[i] = storesLabel.get(i).getText(): null

2018-06-14 17:38:52 - [TEST_STEP][PASSED] - Statement - groupStoresList1[i] = storesLabel.get(i).getText(): null

2018-06-14 17:38:52 - [TEST_STEP][PASSED] - Statement - groupStoresList1[i] = storesLabel.get(i).getText(): null

2018-06-14 17:38:52 - [TEST_STEP][PASSED] - Statement - groupStoresList1[i] = storesLabel.get(i).getText(): null

2018-06-14 17:38:52 - [TEST_STEP][PASSED] - Statement - groupStoresList1[i] = storesLabel.get(i).getText(): null

2018-06-14 17:38:52 - [TEST_STEP][PASSED] - Statement - groupStoresList1[i] = storesLabel.get(i).getText(): null

2018-06-14 17:38:52 - [TEST_STEP][PASSED] - Statement - groupStoresList1[i] = storesLabel.get(i).getText(): null

2018-06-14 17:38:52 - [TEST_STEP][PASSED] - Statement - groupStoresList1[i] = storesLabel.get(i).getText(): null

2018-06-14 17:38:52 - [TEST_STEP][PASSED] - Statement - groupStoresList1[i] = storesLabel.get(i).getText(): null

2018-06-14 17:38:52 - [TEST_STEP][PASSED] - Statement - groupStoresList1[i] = storesLabel.get(i).getText(): null

2018-06-14 17:38:52 - [TEST_STEP][PASSED] - Statement - groupStoresList1[i] = storesLabel.get(i).getText(): null

2018-06-14 17:38:52 - [TEST_STEP][PASSED] - Statement - groupStoresList1[i] = storesLabel.get(i).getText(): null

2018-06-14 17:38:52 - [TEST_STEP][PASSED] - Statement - groupStoresList1[i] = storesLabel.get(i).getText(): null

2018-06-14 17:38:52 - [TEST_STEP][PASSED] - Statement - groupStoresList1[i] = storesLabel.get(i).getText(): null

2018-06-14 17:38:52 - [TEST_STEP][PASSED] - Statement - groupStoresList1[i] = storesLabel.get(i).getText(): null

2018-06-14 17:38:52 - [TEST_STEP][PASSED] - Statement - groupStoresList1[i] = storesLabel.get(i).getText(): null

2018-06-14 17:38:52 - [TEST_STEP][PASSED] - Statement - groupStoresList1[i] = storesLabel.get(i).getText(): null

2018-06-14 17:38:52 - [TEST_STEP][PASSED] - Statement - groupStoresList1[i] = storesLabel.get(i).getText(): null

2018-06-14 17:38:52 - [TEST_STEP][PASSED] - Statement - groupStoresList1[i] = storesLabel.get(i).getText(): null

2018-06-14 17:38:52 - [TEST_STEP][PASSED] - Statement - groupStoresList1[i] = storesLabel.get(i).getText(): null

2018-06-14 17:38:52 - [TEST_STEP][PASSED] - Statement - groupStoresList1[i] = storesLabel.get(i).getText(): null

2018-06-14 17:38:52 - [TEST_STEP][PASSED] - Statement - groupStoresList1[i] = storesLabel.get(i).getText(): null

2018-06-14 17:38:52 - [TEST_STEP][PASSED] - delay: Delayed 10 second(s)

2018-06-14 17:39:02 - [MESSAGE][PASSED] - Delayed 10 second(s)

2018-06-14 17:39:02 - [TEST_STEP][PASSED] - uiaction.CommonUIActions.click: uiaction.CommonUIActions.click is PASSED

2018-06-14 17:39:02 - [MESSAGE][PASSED] - uiaction.CommonUIActions.click is PASSED

2018-06-14 17:39:02 - [TEST_STEP][PASSED] - delay: Delayed 5 second(s)

2018-06-14 17:39:07 - [MESSAGE][PASSED] - Delayed 5 second(s)

2018-06-14 17:39:07 - [TEST_STEP][PASSED] - Statement - secondStoreListBox = driver.findElements(org.openqa.selenium.By.xpath(com.kms.katalon.core.testdata.TestDataFactory.findTestData(OR_file).getValue(2, 11))): Reading excel file with source file 'C:\Users\shalinin\Katalon Studio\HME_Scripts\Data Files\HME_OR.xlsx' and sheet name 'Sheet1'

2018-06-14 17:39:07 - [TEST_STEP][PASSED] - Statement - actualList1 = new java.util.ArrayList(): null

2018-06-14 17:39:07 - [TEST_STEP][PASSED] - Statement - For ([i = 0, i < secondStoreListBox.size(), (i++)]): null

2018-06-14 17:39:07 - [TEST_STEP][PASSED] - Statement - actualList1.add(i, secondStoreListBox.get(i).getText()): null

2018-06-14 17:39:07 - [TEST_STEP][PASSED] - Statement - actualList1.add(i, secondStoreListBox.get(i).getText()): null

2018-06-14 17:39:07 - [TEST_STEP][PASSED] - Statement - actualList1.add(i, secondStoreListBox.get(i).getText()): null

2018-06-14 17:39:08 - [TEST_STEP][PASSED] - Statement - actualList1.add(i, secondStoreListBox.get(i).getText()): null

2018-06-14 17:39:08 - [TEST_STEP][PASSED] - Statement - actualList1.add(i, secondStoreListBox.get(i).getText()): null

2018-06-14 17:39:08 - [TEST_STEP][PASSED] - Statement - actualList1.add(i, secondStoreListBox.get(i).getText()): null

2018-06-14 17:39:08 - [TEST_STEP][PASSED] - Statement - actualList1.add(i, secondStoreListBox.get(i).getText()): null

2018-06-14 17:39:08 - [TEST_STEP][PASSED] - Statement - actualList1.add(i, secondStoreListBox.get(i).getText()): null

2018-06-14 17:39:08 - [TEST_STEP][PASSED] - Statement - actualList1.add(i, secondStoreListBox.get(i).getText()): null

2018-06-14 17:39:08 - [TEST_STEP][PASSED] - Statement - actualList1.add(i, secondStoreListBox.get(i).getText()): null

2018-06-14 17:39:08 - [TEST_STEP][PASSED] - Statement - actualList1.add(i, secondStoreListBox.get(i).getText()): null

2018-06-14 17:39:08 - [TEST_STEP][PASSED] - Statement - actualList1.add(i, secondStoreListBox.get(i).getText()): null

2018-06-14 17:39:08 - [TEST_STEP][PASSED] - Statement - actualList1.add(i, secondStoreListBox.get(i).getText()): null

2018-06-14 17:39:08 - [TEST_STEP][PASSED] - Statement - actualList1.add(i, secondStoreListBox.get(i).getText()): null

2018-06-14 17:39:08 - [TEST_STEP][PASSED] - Statement - actualList1.add(i, secondStoreListBox.get(i).getText()): null

2018-06-14 17:39:08 - [TEST_STEP][PASSED] - Statement - actualList1.add(i, secondStoreListBox.get(i).getText()): null

2018-06-14 17:39:08 - [TEST_STEP][PASSED] - Statement - actualList1.add(i, secondStoreListBox.get(i).getText()): null

2018-06-14 17:39:08 - [TEST_STEP][PASSED] - Statement - actualList1.add(i, secondStoreListBox.get(i).getText()): null

2018-06-14 17:39:08 - [TEST_STEP][PASSED] - Statement - actualList1.add(i, secondStoreListBox.get(i).getText()): null

2018-06-14 17:39:08 - [TEST_STEP][PASSED] - Statement - actualList1.add(i, secondStoreListBox.get(i).getText()): null

2018-06-14 17:39:08 - [TEST_STEP][PASSED] - Statement - actualList1.add(i, secondStoreListBox.get(i).getText()): null

2018-06-14 17:39:08 - [TEST_STEP][PASSED] - Statement - actualList1.add(i, secondStoreListBox.get(i).getText()): null

2018-06-14 17:39:08 - [TEST_STEP][PASSED] - Statement - actualList1.add(i, secondStoreListBox.get(i).getText()): null

2018-06-14 17:39:08 - [TEST_STEP][PASSED] - Statement - actualList1.add(i, secondStoreListBox.get(i).getText()): null

2018-06-14 17:39:08 - [TEST_STEP][PASSED] - Statement - actualList1.add(i, secondStoreListBox.get(i).getText()): null

2018-06-14 17:39:08 - [TEST_STEP][PASSED] - Statement - actualList1.add(i, secondStoreListBox.get(i).getText()): null

2018-06-14 17:39:08 - [TEST_STEP][PASSED] - Statement - actualList1.add(i, secondStoreListBox.get(i).getText()): null

2018-06-14 17:39:08 - [TEST_STEP][PASSED] - Statement - actualList1.add(i, secondStoreListBox.get(i).getText()): null

2018-06-14 17:39:08 - [TEST_STEP][PASSED] - Statement - actualList1.add(i, secondStoreListBox.get(i).getText()): null

2018-06-14 17:39:08 - [TEST_STEP][PASSED] - Statement - actualList1.add(i, secondStoreListBox.get(i).getText()): null

2018-06-14 17:39:08 - [TEST_STEP][PASSED] - Statement - actualList1.add(i, secondStoreListBox.get(i).getText()): null

2018-06-14 17:39:08 - [TEST_STEP][PASSED] - Statement - actualList1.add(i, secondStoreListBox.get(i).getText()): null

2018-06-14 17:39:08 - [TEST_STEP][PASSED] - Statement - actualList1.add(i, secondStoreListBox.get(i).getText()): null

2018-06-14 17:39:08 - [TEST_STEP][PASSED] - Statement - actualList1.add(i, secondStoreListBox.get(i).getText()): null

2018-06-14 17:39:08 - [TEST_STEP][PASSED] - Statement - actualList1.add(i, secondStoreListBox.get(i).getText()): null

2018-06-14 17:39:08 - [TEST_STEP][PASSED] - Statement - actualList1.add(i, secondStoreListBox.get(i).getText()): null

2018-06-14 17:39:08 - [TEST_STEP][PASSED] - Statement - actualList1.add(i, secondStoreListBox.get(i).getText()): null

2018-06-14 17:39:08 - [TEST_STEP][PASSED] - Statement - actualList1.add(i, secondStoreListBox.get(i).getText()): null

2018-06-14 17:39:08 - [TEST_STEP][PASSED] - Statement - actualList1.add(i, secondStoreListBox.get(i).getText()): null

2018-06-14 17:39:08 - [TEST_STEP][PASSED] - Statement - actualList1.add(i, secondStoreListBox.get(i).getText()): null

2018-06-14 17:39:08 - [TEST_STEP][PASSED] - Statement - actualList1.add(i, secondStoreListBox.get(i).getText()): null

2018-06-14 17:39:08 - [TEST_STEP][PASSED] - Statement - actualList1.add(i, secondStoreListBox.get(i).getText()): null

2018-06-14 17:39:08 - [TEST_STEP][PASSED] - Statement - actualList1.add(i, secondStoreListBox.get(i).getText()): null

2018-06-14 17:39:08 - [TEST_STEP][PASSED] - Statement - actualList1.add(i, secondStoreListBox.get(i).getText()): null

2018-06-14 17:39:08 - [TEST_STEP][PASSED] - Statement - actualList1.add(i, secondStoreListBox.get(i).getText()): null

2018-06-14 17:39:08 - [TEST_STEP][PASSED] - Statement - actualList1.add(i, secondStoreListBox.get(i).getText()): null

2018-06-14 17:39:08 - [TEST_STEP][PASSED] - Statement - actualList1.add(i, secondStoreListBox.get(i).getText()): null

2018-06-14 17:39:08 - [TEST_STEP][PASSED] - Statement - actualList1.add(i, secondStoreListBox.get(i).getText()): null

2018-06-14 17:39:08 - [TEST_STEP][PASSED] - Statement - actualList1.add(i, secondStoreListBox.get(i).getText()): null

2018-06-14 17:39:08 - [TEST_STEP][PASSED] - Statement - actualList1.add(i, secondStoreListBox.get(i).getText()): null

2018-06-14 17:39:08 - [TEST_STEP][PASSED] - Statement - actualList1.add(i, secondStoreListBox.get(i).getText()): null

2018-06-14 17:39:08 - [TEST_STEP][PASSED] - Statement - actualList1.add(i, secondStoreListBox.get(i).getText()): null

2018-06-14 17:39:08 - [TEST_STEP][PASSED] - Statement - actualList1.add(i, secondStoreListBox.get(i).getText()): null

2018-06-14 17:39:08 - [TEST_STEP][PASSED] - Statement - actualList1.add(i, secondStoreListBox.get(i).getText()): null

2018-06-14 17:39:08 - [TEST_STEP][PASSED] - Statement - actualList1.add(i, secondStoreListBox.get(i).getText()): null

2018-06-14 17:39:08 - [TEST_STEP][PASSED] - Statement - actualList1.add(i, secondStoreListBox.get(i).getText()): null

2018-06-14 17:39:08 - [TEST_STEP][PASSED] - Statement - actualList1.add(i, secondStoreListBox.get(i).getText()): null

2018-06-14 17:39:08 - [TEST_STEP][PASSED] - Statement - actualList1.add(i, secondStoreListBox.get(i).getText()): null

2018-06-14 17:39:08 - [TEST_STEP][PASSED] - Statement - actualList1.add(i, secondStoreListBox.get(i).getText()): null

2018-06-14 17:39:08 - [TEST_STEP][PASSED] - Statement - actualList1.add(i, secondStoreListBox.get(i).getText()): null

2018-06-14 17:39:08 - [TEST_STEP][PASSED] - Statement - actualList1.add(i, secondStoreListBox.get(i).getText()): null

2018-06-14 17:39:08 - [TEST_STEP][PASSED] - Statement - actualList1.add(i, secondStoreListBox.get(i).getText()): null

2018-06-14 17:39:08 - [TEST_STEP][PASSED] - Statement - actualList1.add(i, secondStoreListBox.get(i).getText()): null

2018-06-14 17:39:08 - [TEST_STEP][PASSED] - Statement - actualList1.add(i, secondStoreListBox.get(i).getText()): null

2018-06-14 17:39:09 - [TEST_STEP][PASSED] - Statement - actualList1.add(i, secondStoreListBox.get(i).getText()): null

2018-06-14 17:39:09 - [TEST_STEP][PASSED] - Statement - actualList1.add(i, secondStoreListBox.get(i).getText()): null

2018-06-14 17:39:09 - [TEST_STEP][PASSED] - Statement - actualList1.add(i, secondStoreListBox.get(i).getText()): null

2018-06-14 17:39:09 - [TEST_STEP][PASSED] - Statement - actualList1.add(i, secondStoreListBox.get(i).getText()): null

2018-06-14 17:39:09 - [TEST_STEP][PASSED] - Statement - actualList1.add(i, secondStoreListBox.get(i).getText()): null

2018-06-14 17:39:09 - [TEST_STEP][PASSED] - Statement - actualList1.add(i, secondStoreListBox.get(i).getText()): null

2018-06-14 17:39:09 - [TEST_STEP][PASSED] - Statement - actualList1.add(i, secondStoreListBox.get(i).getText()): null

2018-06-14 17:39:09 - [TEST_STEP][PASSED] - Statement - actualList1.add(i, secondStoreListBox.get(i).getText()): null

2018-06-14 17:39:09 - [TEST_STEP][PASSED] - Statement - actualList1.add(i, secondStoreListBox.get(i).getText()): null

2018-06-14 17:39:09 - [TEST_STEP][PASSED] - Statement - actualList1.add(i, secondStoreListBox.get(i).getText()): null

2018-06-14 17:39:09 - [TEST_STEP][PASSED] - Statement - actualList1.add(i, secondStoreListBox.get(i).getText()): null

2018-06-14 17:39:09 - [TEST_STEP][PASSED] - Statement - actualList1.add(i, secondStoreListBox.get(i).getText()): null

2018-06-14 17:39:09 - [TEST_STEP][PASSED] - Statement - actualList1.add(i, secondStoreListBox.get(i).getText()): null

2018-06-14 17:39:09 - [TEST_STEP][PASSED] - Statement - actualList1.add(i, secondStoreListBox.get(i).getText()): null

2018-06-14 17:39:09 - [TEST_STEP][PASSED] - Statement - actualList1.add(i, secondStoreListBox.get(i).getText()): null

2018-06-14 17:39:09 - [TEST_STEP][PASSED] - Statement - actualList1.add(i, secondStoreListBox.get(i).getText()): null

2018-06-14 17:39:09 - [TEST_STEP][PASSED] - Statement - actualList1.add(i, secondStoreListBox.get(i).getText()): null

2018-06-14 17:39:09 - [TEST_STEP][PASSED] - Statement - actualList1.add(i, secondStoreListBox.get(i).getText()): null

2018-06-14 17:39:09 - [TEST_STEP][PASSED] - Statement - actualList1.add(i, secondStoreListBox.get(i).getText()): null

2018-06-14 17:39:09 - [TEST_STEP][PASSED] - Statement - actualList1.add(i, secondStoreListBox.get(i).getText()): null

2018-06-14 17:39:09 - [TEST_STEP][PASSED] - Statement - actualList1.add(i, secondStoreListBox.get(i).getText()): null

2018-06-14 17:39:09 - [TEST_STEP][PASSED] - Statement - actualList1.add(i, secondStoreListBox.get(i).getText()): null

2018-06-14 17:39:09 - [TEST_STEP][PASSED] - Statement - actualList1.add(i, secondStoreListBox.get(i).getText()): null

2018-06-14 17:39:09 - [TEST_STEP][PASSED] - Statement - actualList1.add(i, secondStoreListBox.get(i).getText()): null

2018-06-14 17:39:09 - [TEST_STEP][PASSED] - Statement - actualList1.add(i, secondStoreListBox.get(i).getText()): null

2018-06-14 17:39:09 - [TEST_STEP][PASSED] - Statement - actualList1.add(i, secondStoreListBox.get(i).getText()): null

2018-06-14 17:39:09 - [TEST_STEP][PASSED] - Statement - actualList1.add(i, secondStoreListBox.get(i).getText()): null

2018-06-14 17:39:09 - [TEST_STEP][PASSED] - Statement - actualList1.add(i, secondStoreListBox.get(i).getText()): null

2018-06-14 17:39:09 - [TEST_STEP][PASSED] - Statement - actualList1.add(i, secondStoreListBox.get(i).getText()): null

2018-06-14 17:39:09 - [TEST_STEP][PASSED] - Statement - actualList1.add(i, secondStoreListBox.get(i).getText()): null

2018-06-14 17:39:09 - [TEST_STEP][PASSED] - Statement - actualList1.add(i, secondStoreListBox.get(i).getText()): null

2018-06-14 17:39:09 - [TEST_STEP][PASSED] - Statement - actualList1.add(i, secondStoreListBox.get(i).getText()): null

2018-06-14 17:39:09 - [TEST_STEP][PASSED] - Statement - actualList1.add(i, secondStoreListBox.get(i).getText()): null

2018-06-14 17:39:09 - [TEST_STEP][PASSED] - Statement - actualList1.add(i, secondStoreListBox.get(i).getText()): null

2018-06-14 17:39:09 - [TEST_STEP][PASSED] - Statement - actualList1.add(i, secondStoreListBox.get(i).getText()): null

2018-06-14 17:39:09 - [TEST_STEP][PASSED] - Statement - actualList1.add(i, secondStoreListBox.get(i).getText()): null

2018-06-14 17:39:09 - [TEST_STEP][PASSED] - Statement - actualList1.add(i, secondStoreListBox.get(i).getText()): null

2018-06-14 17:39:09 - [TEST_STEP][PASSED] - Statement - actualList1.add(i, secondStoreListBox.get(i).getText()): null

2018-06-14 17:39:09 - [TEST_STEP][PASSED] - Statement - actualList1.add(i, secondStoreListBox.get(i).getText()): null

2018-06-14 17:39:09 - [TEST_STEP][PASSED] - Statement - actualList1.add(i, secondStoreListBox.get(i).getText()): null

2018-06-14 17:39:09 - [TEST_STEP][PASSED] - Statement - actualList1.add(i, secondStoreListBox.get(i).getText()): null

2018-06-14 17:39:09 - [TEST_STEP][PASSED] - Statement - actualList1.add(i, secondStoreListBox.get(i).getText()): null

2018-06-14 17:39:09 - [TEST_STEP][PASSED] - Statement - actualList1.add(i, secondStoreListBox.get(i).getText()): null

2018-06-14 17:39:09 - [TEST_STEP][PASSED] - Statement - actualList1.add(i, secondStoreListBox.get(i).getText()): null

2018-06-14 17:39:09 - [TEST_STEP][PASSED] - Statement - actualList1.add(i, secondStoreListBox.get(i).getText()): null

2018-06-14 17:39:09 - [TEST_STEP][PASSED] - Statement - actualList1.add(i, secondStoreListBox.get(i).getText()): null

2018-06-14 17:39:09 - [TEST_STEP][PASSED] - Statement - actualList1.add(i, secondStoreListBox.get(i).getText()): null

2018-06-14 17:39:09 - [TEST_STEP][PASSED] - Statement - actualList1.add(i, secondStoreListBox.get(i).getText()): null

2018-06-14 17:39:09 - [TEST_STEP][PASSED] - Statement - actualList1.add(i, secondStoreListBox.get(i).getText()): null

2018-06-14 17:39:09 - [TEST_STEP][PASSED] - Statement - actualList1.add(i, secondStoreListBox.get(i).getText()): null

2018-06-14 17:39:09 - [TEST_STEP][PASSED] - Statement - actualList1.add(i, secondStoreListBox.get(i).getText()): null

2018-06-14 17:39:09 - [TEST_STEP][PASSED] - Statement - actualList1.add(i, secondStoreListBox.get(i).getText()): null

2018-06-14 17:39:09 - [TEST_STEP][PASSED] - Statement - actualList1.add(i, secondStoreListBox.get(i).getText()): null

2018-06-14 17:39:09 - [TEST_STEP][PASSED] - Statement - actualList1.add(i, secondStoreListBox.get(i).getText()): null

2018-06-14 17:39:09 - [TEST_STEP][PASSED] - Statement - actualList1.add(i, secondStoreListBox.get(i).getText()): null

2018-06-14 17:39:09 - [TEST_STEP][PASSED] - Statement - actualList1.add(i, secondStoreListBox.get(i).getText()): null

2018-06-14 17:39:09 - [TEST_STEP][PASSED] - Statement - actualList1.add(i, secondStoreListBox.get(i).getText()): null

2018-06-14 17:39:09 - [TEST_STEP][PASSED] - Statement - actualList1.add(i, secondStoreListBox.get(i).getText()): null

2018-06-14 17:39:09 - [TEST_STEP][PASSED] - Statement - actualList1.add(i, secondStoreListBox.get(i).getText()): null

2018-06-14 17:39:09 - [TEST_STEP][PASSED] - Statement - actualList1.add(i, secondStoreListBox.get(i).getText()): null

2018-06-14 17:39:09 - [TEST_STEP][PASSED] - Statement - actualList1.add(i, secondStoreListBox.get(i).getText()): null

2018-06-14 17:39:09 - [TEST_STEP][PASSED] - Statement - actualList1.add(i, secondStoreListBox.get(i).getText()): null

2018-06-14 17:39:09 - [TEST_STEP][PASSED] - Statement - actualList1.add(i, secondStoreListBox.get(i).getText()): null

2018-06-14 17:39:09 - [TEST_STEP][PASSED] - Statement - actualList1.add(i, secondStoreListBox.get(i).getText()): null

2018-06-14 17:39:10 - [TEST_STEP][PASSED] - Statement - actualList1.add(i, secondStoreListBox.get(i).getText()): null

2018-06-14 17:39:10 - [TEST_STEP][PASSED] - Statement - actualList1.add(i, secondStoreListBox.get(i).getText()): null

2018-06-14 17:39:10 - [TEST_STEP][PASSED] - Statement - actualList1.add(i, secondStoreListBox.get(i).getText()): null

2018-06-14 17:39:10 - [TEST_STEP][PASSED] - Statement - actualList1.add(i, secondStoreListBox.get(i).getText()): null

2018-06-14 17:39:10 - [TEST_STEP][PASSED] - Statement - actualList1.add(i, secondStoreListBox.get(i).getText()): null

2018-06-14 17:39:10 - [TEST_STEP][PASSED] - Statement - actualList1.add(i, secondStoreListBox.get(i).getText()): null

2018-06-14 17:39:10 - [TEST_STEP][PASSED] - Statement - actualList1.add(i, secondStoreListBox.get(i).getText()): null

2018-06-14 17:39:10 - [TEST_STEP][PASSED] - Statement - actualList1.add(i, secondStoreListBox.get(i).getText()): null

2018-06-14 17:39:10 - [TEST_STEP][PASSED] - Statement - actualList1.add(i, secondStoreListBox.get(i).getText()): null

2018-06-14 17:39:10 - [TEST_STEP][PASSED] - Statement - actualList1.add(i, secondStoreListBox.get(i).getText()): null

2018-06-14 17:39:10 - [TEST_STEP][PASSED] - Statement - actualList1.add(i, secondStoreListBox.get(i).getText()): null

2018-06-14 17:39:10 - [TEST_STEP][PASSED] - Statement - actualList1.add(i, secondStoreListBox.get(i).getText()): null

2018-06-14 17:39:10 - [TEST_STEP][PASSED] - Statement - actualList1.add(i, secondStoreListBox.get(i).getText()): null

2018-06-14 17:39:10 - [TEST_STEP][PASSED] - Statement - actualList1.add(i, secondStoreListBox.get(i).getText()): null

2018-06-14 17:39:10 - [TEST_STEP][PASSED] - Statement - actualList1.add(i, secondStoreListBox.get(i).getText()): null

2018-06-14 17:39:10 - [TEST_STEP][PASSED] - Statement - actualList1.add(i, secondStoreListBox.get(i).getText()): null

2018-06-14 17:39:10 - [TEST_STEP][PASSED] - Statement - actualList1.add(i, secondStoreListBox.get(i).getText()): null

2018-06-14 17:39:10 - [TEST_STEP][PASSED] - Statement - actualList1.add(i, secondStoreListBox.get(i).getText()): null

2018-06-14 17:39:10 - [TEST_STEP][PASSED] - Statement - actualList1.add(i, secondStoreListBox.get(i).getText()): null

2018-06-14 17:39:10 - [TEST_STEP][PASSED] - Statement - actualList1.add(i, secondStoreListBox.get(i).getText()): null

2018-06-14 17:39:10 - [TEST_STEP][PASSED] - Statement - actualList1.add(i, secondStoreListBox.get(i).getText()): null

2018-06-14 17:39:10 - [TEST_STEP][PASSED] - Statement - actualList1.add(i, secondStoreListBox.get(i).getText()): null

2018-06-14 17:39:10 - [TEST_STEP][PASSED] - Statement - actualList1.add(i, secondStoreListBox.get(i).getText()): null

2018-06-14 17:39:10 - [TEST_STEP][PASSED] - Statement - actualList1.add(i, secondStoreListBox.get(i).getText()): null

2018-06-14 17:39:10 - [TEST_STEP][PASSED] - Statement - actualList1.add(i, secondStoreListBox.get(i).getText()): null

2018-06-14 17:39:10 - [TEST_STEP][PASSED] - Statement - actualList1.add(i, secondStoreListBox.get(i).getText()): null

2018-06-14 17:39:10 - [TEST_STEP][PASSED] - Statement - actualList1.add(i, secondStoreListBox.get(i).getText()): null

2018-06-14 17:39:10 - [TEST_STEP][PASSED] - Statement - actualList1.add(i, secondStoreListBox.get(i).getText()): null

2018-06-14 17:39:10 - [TEST_STEP][PASSED] - Statement - actualList1.add(i, secondStoreListBox.get(i).getText()): null

2018-06-14 17:39:10 - [TEST_STEP][PASSED] - Statement - actualList1.add(i, secondStoreListBox.get(i).getText()): null

2018-06-14 17:39:10 - [TEST_STEP][PASSED] - Statement - actualList1.add(i, secondStoreListBox.get(i).getText()): null

2018-06-14 17:39:10 - [TEST_STEP][PASSED] - Statement - actualList1.add(i, secondStoreListBox.get(i).getText()): null

2018-06-14 17:39:10 - [TEST_STEP][PASSED] - Statement - actualList1.add(i, secondStoreListBox.get(i).getText()): null

2018-06-14 17:39:10 - [TEST_STEP][PASSED] - Statement - actualList1.add(i, secondStoreListBox.get(i).getText()): null

2018-06-14 17:39:10 - [TEST_STEP][PASSED] - Statement - actualList1.add(i, secondStoreListBox.get(i).getText()): null

2018-06-14 17:39:10 - [TEST_STEP][PASSED] - Statement - actualList1.add(i, secondStoreListBox.get(i).getText()): null

2018-06-14 17:39:10 - [TEST_STEP][PASSED] - Statement - actualList1.add(i, secondStoreListBox.get(i).getText()): null

2018-06-14 17:39:10 - [TEST_STEP][PASSED] - Statement - actualList1.add(i, secondStoreListBox.get(i).getText()): null

2018-06-14 17:39:10 - [TEST_STEP][PASSED] - Statement - actualList1.add(i, secondStoreListBox.get(i).getText()): null

2018-06-14 17:39:10 - [TEST_STEP][PASSED] - Statement - actualList1.add(i, secondStoreListBox.get(i).getText()): null

2018-06-14 17:39:10 - [TEST_STEP][PASSED] - Statement - actualList1.add(i, secondStoreListBox.get(i).getText()): null

2018-06-14 17:39:10 - [TEST_STEP][PASSED] - Statement - actualList1.add(i, secondStoreListBox.get(i).getText()): null

2018-06-14 17:39:10 - [TEST_STEP][PASSED] - Statement - actualList1.add(i, secondStoreListBox.get(i).getText()): null

2018-06-14 17:39:10 - [TEST_STEP][PASSED] - Statement - actualList1.add(i, secondStoreListBox.get(i).getText()): null

2018-06-14 17:39:10 - [TEST_STEP][PASSED] - Statement - actualList1.add(i, secondStoreListBox.get(i).getText()): null

2018-06-14 17:39:10 - [TEST_STEP][PASSED] - Statement - actualList1.add(i, secondStoreListBox.get(i).getText()): null

2018-06-14 17:39:10 - [TEST_STEP][PASSED] - Statement - actualList1.add(i, secondStoreListBox.get(i).getText()): null

2018-06-14 17:39:10 - [TEST_STEP][PASSED] - Statement - actualList1.add(i, secondStoreListBox.get(i).getText()): null

2018-06-14 17:39:10 - [TEST_STEP][PASSED] - Statement - actualList1.add(i, secondStoreListBox.get(i).getText()): null

2018-06-14 17:39:10 - [TEST_STEP][PASSED] - Statement - actualList1.add(i, secondStoreListBox.get(i).getText()): null

2018-06-14 17:39:10 - [TEST_STEP][PASSED] - Statement - actualList1.add(i, secondStoreListBox.get(i).getText()): null

2018-06-14 17:39:10 - [TEST_STEP][PASSED] - Statement - actualList1.add(i, secondStoreListBox.get(i).getText()): null

2018-06-14 17:39:10 - [TEST_STEP][PASSED] - Statement - actualList1.add(i, secondStoreListBox.get(i).getText()): null

2018-06-14 17:39:10 - [TEST_STEP][PASSED] - Statement - actualList1.add(i, secondStoreListBox.get(i).getText()): null

2018-06-14 17:39:10 - [TEST_STEP][PASSED] - Statement - actualList1.add(i, secondStoreListBox.get(i).getText()): null

2018-06-14 17:39:10 - [TEST_STEP][PASSED] - Statement - actualList1.add(i, secondStoreListBox.get(i).getText()): null

2018-06-14 17:39:10 - [TEST_STEP][PASSED] - Statement - actualList1.add(i, secondStoreListBox.get(i).getText()): null

2018-06-14 17:39:10 - [TEST_STEP][PASSED] - Statement - actualList1.add(i, secondStoreListBox.get(i).getText()): null

2018-06-14 17:39:10 - [TEST_STEP][PASSED] - Statement - actualList1.add(i, secondStoreListBox.get(i).getText()): null

2018-06-14 17:39:10 - [TEST_STEP][PASSED] - Statement - actualList1.add(i, secondStoreListBox.get(i).getText()): null

2018-06-14 17:39:10 - [TEST_STEP][PASSED] - Statement - actualList1.add(i, secondStoreListBox.get(i).getText()): null

2018-06-14 17:39:11 - [TEST_STEP][PASSED] - Statement - actualList1.add(i, secondStoreListBox.get(i).getText()): null

2018-06-14 17:39:11 - [TEST_STEP][PASSED] - Statement - actualList1.add(i, secondStoreListBox.get(i).getText()): null

2018-06-14 17:39:11 - [TEST_STEP][PASSED] - Statement - actualList1.add(i, secondStoreListBox.get(i).getText()): null

2018-06-14 17:39:11 - [TEST_STEP][PASSED] - Statement - actualList1.add(i, secondStoreListBox.get(i).getText()): null

2018-06-14 17:39:11 - [TEST_STEP][PASSED] - Statement - actualList1.add(i, secondStoreListBox.get(i).getText()): null

2018-06-14 17:39:11 - [TEST_STEP][PASSED] - Statement - actualList1.add(i, secondStoreListBox.get(i).getText()): null

2018-06-14 17:39:11 - [TEST_STEP][PASSED] - Statement - actualList1.add(i, secondStoreListBox.get(i).getText()): null

2018-06-14 17:39:11 - [TEST_STEP][PASSED] - Statement - actualList1.add(i, secondStoreListBox.get(i).getText()): null

2018-06-14 17:39:11 - [TEST_STEP][PASSED] - Statement - actualList1.add(i, secondStoreListBox.get(i).getText()): null

2018-06-14 17:39:11 - [TEST_STEP][PASSED] - Statement - actualList1.add(i, secondStoreListBox.get(i).getText()): null

2018-06-14 17:39:11 - [TEST_STEP][PASSED] - Statement - actualList1.add(i, secondStoreListBox.get(i).getText()): null

2018-06-14 17:39:11 - [TEST_STEP][PASSED] - Statement - actualList1.add(i, secondStoreListBox.get(i).getText()): null

2018-06-14 17:39:11 - [TEST_STEP][PASSED] - Statement - actualList1.add(i, secondStoreListBox.get(i).getText()): null

2018-06-14 17:39:11 - [TEST_STEP][PASSED] - Statement - actualList1.add(i, secondStoreListBox.get(i).getText()): null

2018-06-14 17:39:11 - [TEST_STEP][PASSED] - Statement - actualList1.add(i, secondStoreListBox.get(i).getText()): null

2018-06-14 17:39:11 - [TEST_STEP][PASSED] - Statement - actualList1.add(i, secondStoreListBox.get(i).getText()): null

2018-06-14 17:39:11 - [TEST_STEP][PASSED] - Statement - actualList1.add(i, secondStoreListBox.get(i).getText()): null

2018-06-14 17:39:11 - [TEST_STEP][PASSED] - Statement - actualList1.add(i, secondStoreListBox.get(i).getText()): null

2018-06-14 17:39:11 - [TEST_STEP][PASSED] - Statement - actualList1.add(i, secondStoreListBox.get(i).getText()): null

2018-06-14 17:39:11 - [TEST_STEP][PASSED] - Statement - actualList1.add(i, secondStoreListBox.get(i).getText()): null

2018-06-14 17:39:11 - [TEST_STEP][PASSED] - Statement - actualList1.add(i, secondStoreListBox.get(i).getText()): null

2018-06-14 17:39:11 - [TEST_STEP][PASSED] - Statement - actualList1.add(i, secondStoreListBox.get(i).getText()): null

2018-06-14 17:39:11 - [TEST_STEP][PASSED] - Statement - actualList1.add(i, secondStoreListBox.get(i).getText()): null

2018-06-14 17:39:11 - [TEST_STEP][PASSED] - Statement - actualList1.add(i, secondStoreListBox.get(i).getText()): null

2018-06-14 17:39:11 - [TEST_STEP][PASSED] - Statement - actualList1.add(i, secondStoreListBox.get(i).getText()): null

2018-06-14 17:39:11 - [TEST_STEP][PASSED] - Statement - actualList1.add(i, secondStoreListBox.get(i).getText()): null

2018-06-14 17:39:11 - [TEST_STEP][PASSED] - Statement - actualList1.add(i, secondStoreListBox.get(i).getText()): null

2018-06-14 17:39:11 - [TEST_STEP][PASSED] - Statement - actualList1.add(i, secondStoreListBox.get(i).getText()): null

2018-06-14 17:39:11 - [TEST_STEP][PASSED] - Statement - actualList1.add(i, secondStoreListBox.get(i).getText()): null

2018-06-14 17:39:11 - [TEST_STEP][PASSED] - Statement - actualList1.add(i, secondStoreListBox.get(i).getText()): null

2018-06-14 17:39:11 - [TEST_STEP][PASSED] - Statement - actualList1.add(i, secondStoreListBox.get(i).getText()): null

2018-06-14 17:39:11 - [TEST_STEP][PASSED] - Statement - out.println(actualList1): null

2018-06-14 17:39:11 - [TEST_STEP][PASSED] - delay: Delayed 10 second(s)

2018-06-14 17:39:21 - [MESSAGE][PASSED] - Delayed 10 second(s)

2018-06-14 17:39:21 - [TEST_STEP][PASSED] - Statement - If (actualList1.containsAll(groupStoresList)): null

2018-06-14 17:39:21 - [TEST_STEP][PASSED] - Statement - println("Moved stores are displayed in Group/Stores in Group listbox"): null

2018-06-14 17:39:21 - [TEST_STEP][PASSED] - uiaction.CommonUIActions.click: uiaction.CommonUIActions.click is PASSED

2018-06-14 17:39:21 - [MESSAGE][PASSED] - uiaction.CommonUIActions.click is PASSED

2018-06-14 17:39:21 - [TEST_STEP][PASSED] - delay: Delayed 10 second(s)

2018-06-14 17:39:31 - [MESSAGE][PASSED] - Delayed 10 second(s)

2018-06-14 17:39:31 - [TEST_STEP][PASSED] - uiaction.CommonUIActions.back: uiaction.CommonUIActions.back is PASSED

2018-06-14 17:39:31 - [MESSAGE][PASSED] - Navigate back successfully

2018-06-14 17:39:31 - [MESSAGE][PASSED] - uiaction.CommonUIActions.back is PASSED

2018-06-14 17:39:31 - [TEST_STEP][PASSED] - delay: Delayed 5 second(s)

2018-06-14 17:39:36 - [MESSAGE][PASSED] - Delayed 5 second(s)

2018-06-14 17:39:36 - [TEST_STEP][PASSED] - uiaction.CommonUIActions.back: uiaction.CommonUIActions.back is PASSED

2018-06-14 17:39:36 - [MESSAGE][PASSED] - Navigate back successfully

2018-06-14 17:39:36 - [MESSAGE][PASSED] - uiaction.CommonUIActions.back is PASSED

2018-06-14 17:39:36 - [TEST_STEP][PASSED] - delay: Delayed 5 second(s)

2018-06-14 17:39:41 - [MESSAGE][PASSED] - Delayed 5 second(s)

2018-06-14 17:39:41 - [TEST_STEP][PASSED] - uiaction.CommonUIActions.click: uiaction.CommonUIActions.click is PASSED

2018-06-14 17:39:41 - [MESSAGE][PASSED] - uiaction.CommonUIActions.click is PASSED

2018-06-14 17:39:41 - [TEST_STEP][PASSED] - Statement - subGroupList = new java.util.ArrayList(): null

2018-06-14 17:39:41 - [TEST_STEP][PASSED] - Statement - For ([i = 1, i <= size, (i++)]): null

2018-06-14 17:39:41 - [TEST_STEP][PASSED] - Statement - groupXpath = "(//span[@title='" + groupName + "']/following-sibling::ul/li/span[3]/span[2])[" + i + "]": null

2018-06-14 17:39:41 - [TEST_STEP][PASSED] - Statement - println(groupXpath): null

2018-06-14 17:39:41 - [TEST_STEP][PASSED] - Statement - childgroup = driver.findElement(org.openqa.selenium.By.xpath(groupXpath)).getText(): null

2018-06-14 17:39:41 - [TEST_STEP][PASSED] - Statement - println(childgroup): null

2018-06-14 17:39:41 - [TEST_STEP][PASSED] - Statement - subGroupList[i - 1] = childgroup: null

2018-06-14 17:39:41 - [TEST_STEP][PASSED] - Statement - groupXpath = "(//span[@title='" + groupName + "']/following-sibling::ul/li/span[3]/span[2])[" + i + "]": null

2018-06-14 17:39:41 - [TEST_STEP][PASSED] - Statement - println(groupXpath): null

2018-06-14 17:39:41 - [TEST_STEP][PASSED] - Statement - childgroup = driver.findElement(org.openqa.selenium.By.xpath(groupXpath)).getText(): null

2018-06-14 17:39:41 - [TEST_STEP][PASSED] - Statement - println(childgroup): null

2018-06-14 17:39:41 - [TEST_STEP][PASSED] - Statement - subGroupList[i - 1] = childgroup: null

2018-06-14 17:39:41 - [TEST_STEP][PASSED] - Statement - groupXpath = "(//span[@title='" + groupName + "']/following-sibling::ul/li/span[3]/span[2])[" + i + "]": null

2018-06-14 17:39:41 - [TEST_STEP][PASSED] - Statement - println(groupXpath): null

2018-06-14 17:39:41 - [TEST_STEP][PASSED] - Statement - childgroup = driver.findElement(org.openqa.selenium.By.xpath(groupXpath)).getText(): null

2018-06-14 17:39:41 - [TEST_STEP][PASSED] - Statement - println(childgroup): null

2018-06-14 17:39:41 - [TEST_STEP][PASSED] - Statement - subGroupList[i - 1] = childgroup: null

2018-06-14 17:39:41 - [TEST_STEP][PASSED] - Statement - groupXpath = "(//span[@title='" + groupName + "']/following-sibling::ul/li/span[3]/span[2])[" + i + "]": null

2018-06-14 17:39:41 - [TEST_STEP][PASSED] - Statement - println(groupXpath): null

2018-06-14 17:39:41 - [TEST_STEP][PASSED] - Statement - childgroup = driver.findElement(org.openqa.selenium.By.xpath(groupXpath)).getText(): null

2018-06-14 17:39:41 - [TEST_STEP][PASSED] - Statement - println(childgroup): null

2018-06-14 17:39:41 - [TEST_STEP][PASSED] - Statement - subGroupList[i - 1] = childgroup: null

2018-06-14 17:39:41 - [TEST_STEP][PASSED] - Statement - groupXpath = "(//span[@title='" + groupName + "']/following-sibling::ul/li/span[3]/span[2])[" + i + "]": null

2018-06-14 17:39:41 - [TEST_STEP][PASSED] - Statement - println(groupXpath): null

2018-06-14 17:39:41 - [TEST_STEP][PASSED] - Statement - childgroup = driver.findElement(org.openqa.selenium.By.xpath(groupXpath)).getText(): null

2018-06-14 17:39:41 - [TEST_STEP][PASSED] - Statement - println(childgroup): null

2018-06-14 17:39:41 - [TEST_STEP][PASSED] - Statement - subGroupList[i - 1] = childgroup: null

2018-06-14 17:39:41 - [TEST_STEP][PASSED] - Statement - groupXpath = "(//span[@title='" + groupName + "']/following-sibling::ul/li/span[3]/span[2])[" + i + "]": null

2018-06-14 17:39:41 - [TEST_STEP][PASSED] - Statement - println(groupXpath): null

2018-06-14 17:39:41 - [TEST_STEP][PASSED] - Statement - childgroup = driver.findElement(org.openqa.selenium.By.xpath(groupXpath)).getText(): null

2018-06-14 17:39:41 - [TEST_STEP][PASSED] - Statement - println(childgroup): null

2018-06-14 17:39:41 - [TEST_STEP][PASSED] - Statement - subGroupList[i - 1] = childgroup: null

2018-06-14 17:39:41 - [TEST_STEP][PASSED] - Statement - groupXpath = "(//span[@title='" + groupName + "']/following-sibling::ul/li/span[3]/span[2])[" + i + "]": null

2018-06-14 17:39:41 - [TEST_STEP][PASSED] - Statement - println(groupXpath): null

2018-06-14 17:39:41 - [TEST_STEP][PASSED] - Statement - childgroup = driver.findElement(org.openqa.selenium.By.xpath(groupXpath)).getText(): null

2018-06-14 17:39:41 - [TEST_STEP][PASSED] - Statement - println(childgroup): null

2018-06-14 17:39:41 - [TEST_STEP][PASSED] - Statement - subGroupList[i - 1] = childgroup: null

2018-06-14 17:39:41 - [TEST_STEP][PASSED] - Statement - groupXpath = "(//span[@title='" + groupName + "']/following-sibling::ul/li/span[3]/span[2])[" + i + "]": null

2018-06-14 17:39:41 - [TEST_STEP][PASSED] - Statement - println(groupXpath): null

2018-06-14 17:39:41 - [TEST_STEP][PASSED] - Statement - childgroup = driver.findElement(org.openqa.selenium.By.xpath(groupXpath)).getText(): null

2018-06-14 17:39:42 - [TEST_STEP][PASSED] - Statement - println(childgroup): null

2018-06-14 17:39:42 - [TEST_STEP][PASSED] - Statement - subGroupList[i - 1] = childgroup: null

2018-06-14 17:39:42 - [TEST_STEP][PASSED] - Statement - groupXpath = "(//span[@title='" + groupName + "']/following-sibling::ul/li/span[3]/span[2])[" + i + "]": null

2018-06-14 17:39:42 - [TEST_STEP][PASSED] - Statement - println(groupXpath): null

2018-06-14 17:39:42 - [TEST_STEP][PASSED] - Statement - childgroup = driver.findElement(org.openqa.selenium.By.xpath(groupXpath)).getText(): null

2018-06-14 17:39:42 - [TEST_STEP][PASSED] - Statement - println(childgroup): null

2018-06-14 17:39:42 - [TEST_STEP][PASSED] - Statement - subGroupList[i - 1] = childgroup: null

2018-06-14 17:39:42 - [TEST_STEP][PASSED] - Statement - groupXpath = "(//span[@title='" + groupName + "']/following-sibling::ul/li/span[3]/span[2])[" + i + "]": null

2018-06-14 17:39:42 - [TEST_STEP][PASSED] - Statement - println(groupXpath): null

2018-06-14 17:39:42 - [TEST_STEP][PASSED] - Statement - childgroup = driver.findElement(org.openqa.selenium.By.xpath(groupXpath)).getText(): null

2018-06-14 17:39:42 - [TEST_STEP][PASSED] - Statement - println(childgroup): null

2018-06-14 17:39:42 - [TEST_STEP][PASSED] - Statement - subGroupList[i - 1] = childgroup: null

2018-06-14 17:39:42 - [TEST_STEP][PASSED] - Statement - groupXpath = "(//span[@title='" + groupName + "']/following-sibling::ul/li/span[3]/span[2])[" + i + "]": null

2018-06-14 17:39:42 - [TEST_STEP][PASSED] - Statement - println(groupXpath): null

2018-06-14 17:39:42 - [TEST_STEP][PASSED] - Statement - childgroup = driver.findElement(org.openqa.selenium.By.xpath(groupXpath)).getText(): null

2018-06-14 17:39:42 - [TEST_STEP][PASSED] - Statement - println(childgroup): null

2018-06-14 17:39:42 - [TEST_STEP][PASSED] - Statement - subGroupList[i - 1] = childgroup: null

2018-06-14 17:39:42 - [TEST_STEP][PASSED] - Statement - groupXpath = "(//span[@title='" + groupName + "']/following-sibling::ul/li/span[3]/span[2])[" + i + "]": null

2018-06-14 17:39:42 - [TEST_STEP][PASSED] - Statement - println(groupXpath): null

2018-06-14 17:39:42 - [TEST_STEP][PASSED] - Statement - childgroup = driver.findElement(org.openqa.selenium.By.xpath(groupXpath)).getText(): null

2018-06-14 17:39:42 - [TEST_STEP][PASSED] - Statement - println(childgroup): null

2018-06-14 17:39:42 - [TEST_STEP][PASSED] - Statement - subGroupList[i - 1] = childgroup: null

2018-06-14 17:39:42 - [TEST_STEP][PASSED] - Statement - groupXpath = "(//span[@title='" + groupName + "']/following-sibling::ul/li/span[3]/span[2])[" + i + "]": null

2018-06-14 17:39:42 - [TEST_STEP][PASSED] - Statement - println(groupXpath): null

2018-06-14 17:39:42 - [TEST_STEP][PASSED] - Statement - childgroup = driver.findElement(org.openqa.selenium.By.xpath(groupXpath)).getText(): null

2018-06-14 17:39:42 - [TEST_STEP][PASSED] - Statement - println(childgroup): null

2018-06-14 17:39:42 - [TEST_STEP][PASSED] - Statement - subGroupList[i - 1] = childgroup: null

2018-06-14 17:39:42 - [TEST_STEP][PASSED] - Statement - groupXpath = "(//span[@title='" + groupName + "']/following-sibling::ul/li/span[3]/span[2])[" + i + "]": null

2018-06-14 17:39:42 - [TEST_STEP][PASSED] - Statement - println(groupXpath): null

2018-06-14 17:39:42 - [TEST_STEP][PASSED] - Statement - childgroup = driver.findElement(org.openqa.selenium.By.xpath(groupXpath)).getText(): null

2018-06-14 17:39:42 - [TEST_STEP][PASSED] - Statement - println(childgroup): null

2018-06-14 17:39:42 - [TEST_STEP][PASSED] - Statement - subGroupList[i - 1] = childgroup: null

2018-06-14 17:39:42 - [TEST_STEP][PASSED] - Statement - groupXpath = "(//span[@title='" + groupName + "']/following-sibling::ul/li/span[3]/span[2])[" + i + "]": null

2018-06-14 17:39:42 - [TEST_STEP][PASSED] - Statement - println(groupXpath): null

2018-06-14 17:39:42 - [TEST_STEP][PASSED] - Statement - childgroup = driver.findElement(org.openqa.selenium.By.xpath(groupXpath)).getText(): null

2018-06-14 17:39:42 - [TEST_STEP][PASSED] - Statement - println(childgroup): null

2018-06-14 17:39:42 - [TEST_STEP][PASSED] - Statement - subGroupList[i - 1] = childgroup: null

2018-06-14 17:39:42 - [TEST_STEP][PASSED] - Statement - groupXpath = "(//span[@title='" + groupName + "']/following-sibling::ul/li/span[3]/span[2])[" + i + "]": null

2018-06-14 17:39:42 - [TEST_STEP][PASSED] - Statement - println(groupXpath): null

2018-06-14 17:39:42 - [TEST_STEP][PASSED] - Statement - childgroup = driver.findElement(org.openqa.selenium.By.xpath(groupXpath)).getText(): null

2018-06-14 17:39:42 - [TEST_STEP][PASSED] - Statement - println(childgroup): null

2018-06-14 17:39:42 - [TEST_STEP][PASSED] - Statement - subGroupList[i - 1] = childgroup: null

2018-06-14 17:39:42 - [TEST_STEP][PASSED] - Statement - groupXpath = "(//span[@title='" + groupName + "']/following-sibling::ul/li/span[3]/span[2])[" + i + "]": null

2018-06-14 17:39:42 - [TEST_STEP][PASSED] - Statement - println(groupXpath): null

2018-06-14 17:39:42 - [TEST_STEP][PASSED] - Statement - childgroup = driver.findElement(org.openqa.selenium.By.xpath(groupXpath)).getText(): null

2018-06-14 17:39:42 - [TEST_STEP][PASSED] - Statement - println(childgroup): null

2018-06-14 17:39:42 - [TEST_STEP][PASSED] - Statement - subGroupList[i - 1] = childgroup: null

2018-06-14 17:39:42 - [TEST_STEP][PASSED] - Statement - groupXpath = "(//span[@title='" + groupName + "']/following-sibling::ul/li/span[3]/span[2])[" + i + "]": null

2018-06-14 17:39:42 - [TEST_STEP][PASSED] - Statement - println(groupXpath): null

2018-06-14 17:39:42 - [TEST_STEP][PASSED] - Statement - childgroup = driver.findElement(org.openqa.selenium.By.xpath(groupXpath)).getText(): null

2018-06-14 17:39:42 - [TEST_STEP][PASSED] - Statement - println(childgroup): null

2018-06-14 17:39:42 - [TEST_STEP][PASSED] - Statement - subGroupList[i - 1] = childgroup: null

2018-06-14 17:39:42 - [TEST_STEP][PASSED] - Statement - groupXpath = "(//span[@title='" + groupName + "']/following-sibling::ul/li/span[3]/span[2])[" + i + "]": null

2018-06-14 17:39:42 - [TEST_STEP][PASSED] - Statement - println(groupXpath): null

2018-06-14 17:39:42 - [TEST_STEP][PASSED] - Statement - childgroup = driver.findElement(org.openqa.selenium.By.xpath(groupXpath)).getText(): null

2018-06-14 17:39:42 - [TEST_STEP][PASSED] - Statement - println(childgroup): null

2018-06-14 17:39:42 - [TEST_STEP][PASSED] - Statement - subGroupList[i - 1] = childgroup: null

2018-06-14 17:39:42 - [TEST_STEP][PASSED] - Statement - groupXpath = "(//span[@title='" + groupName + "']/following-sibling::ul/li/span[3]/span[2])[" + i + "]": null

2018-06-14 17:39:42 - [TEST_STEP][PASSED] - Statement - println(groupXpath): null

2018-06-14 17:39:42 - [TEST_STEP][PASSED] - Statement - childgroup = driver.findElement(org.openqa.selenium.By.xpath(groupXpath)).getText(): null

2018-06-14 17:39:42 - [TEST_STEP][PASSED] - Statement - println(childgroup): null

2018-06-14 17:39:42 - [TEST_STEP][PASSED] - Statement - subGroupList[i - 1] = childgroup: null

2018-06-14 17:39:42 - [TEST_STEP][PASSED] - Statement - groupXpath = "(//span[@title='" + groupName + "']/following-sibling::ul/li/span[3]/span[2])[" + i + "]": null

2018-06-14 17:39:42 - [TEST_STEP][PASSED] - Statement - println(groupXpath): null

2018-06-14 17:39:42 - [TEST_STEP][PASSED] - Statement - childgroup = driver.findElement(org.openqa.selenium.By.xpath(groupXpath)).getText(): null

2018-06-14 17:39:42 - [TEST_STEP][PASSED] - Statement - println(childgroup): null

2018-06-14 17:39:42 - [TEST_STEP][PASSED] - Statement - subGroupList[i - 1] = childgroup: null

2018-06-14 17:39:42 - [TEST_STEP][PASSED] - Statement - groupXpath = "(//span[@title='" + groupName + "']/following-sibling::ul/li/span[3]/span[2])[" + i + "]": null

2018-06-14 17:39:42 - [TEST_STEP][PASSED] - Statement - println(groupXpath): null

2018-06-14 17:39:42 - [TEST_STEP][PASSED] - Statement - childgroup = driver.findElement(org.openqa.selenium.By.xpath(groupXpath)).getText(): null

2018-06-14 17:39:42 - [TEST_STEP][PASSED] - Statement - println(childgroup): null

2018-06-14 17:39:42 - [TEST_STEP][PASSED] - Statement - subGroupList[i - 1] = childgroup: null

2018-06-14 17:39:42 - [TEST_STEP][PASSED] - Statement - groupXpath = "(//span[@title='" + groupName + "']/following-sibling::ul/li/span[3]/span[2])[" + i + "]": null

2018-06-14 17:39:42 - [TEST_STEP][PASSED] - Statement - println(groupXpath): null

2018-06-14 17:39:42 - [TEST_STEP][PASSED] - Statement - childgroup = driver.findElement(org.openqa.selenium.By.xpath(groupXpath)).getText(): null

2018-06-14 17:39:42 - [TEST_STEP][PASSED] - Statement - println(childgroup): null

2018-06-14 17:39:42 - [TEST_STEP][PASSED] - Statement - subGroupList[i - 1] = childgroup: null

2018-06-14 17:39:42 - [TEST_STEP][PASSED] - Statement - groupXpath = "(//span[@title='" + groupName + "']/following-sibling::ul/li/span[3]/span[2])[" + i + "]": null

2018-06-14 17:39:42 - [TEST_STEP][PASSED] - Statement - println(groupXpath): null

2018-06-14 17:39:42 - [TEST_STEP][PASSED] - Statement - childgroup = driver.findElement(org.openqa.selenium.By.xpath(groupXpath)).getText(): null

2018-06-14 17:39:42 - [TEST_STEP][PASSED] - Statement - println(childgroup): null

2018-06-14 17:39:42 - [TEST_STEP][PASSED] - Statement - subGroupList[i - 1] = childgroup: null

2018-06-14 17:39:42 - [TEST_STEP][PASSED] - Statement - groupXpath = "(//span[@title='" + groupName + "']/following-sibling::ul/li/span[3]/span[2])[" + i + "]": null

2018-06-14 17:39:42 - [TEST_STEP][PASSED] - Statement - println(groupXpath): null

2018-06-14 17:39:42 - [TEST_STEP][PASSED] - Statement - childgroup = driver.findElement(org.openqa.selenium.By.xpath(groupXpath)).getText(): null

2018-06-14 17:39:42 - [TEST_STEP][PASSED] - Statement - println(childgroup): null

2018-06-14 17:39:42 - [TEST_STEP][PASSED] - Statement - subGroupList[i - 1] = childgroup: null

2018-06-14 17:39:42 - [TEST_STEP][PASSED] - Statement - groupXpath = "(//span[@title='" + groupName + "']/following-sibling::ul/li/span[3]/span[2])[" + i + "]": null

2018-06-14 17:39:42 - [TEST_STEP][PASSED] - Statement - println(groupXpath): null

2018-06-14 17:39:42 - [TEST_STEP][PASSED] - Statement - childgroup = driver.findElement(org.openqa.selenium.By.xpath(groupXpath)).getText(): null

2018-06-14 17:39:42 - [TEST_STEP][PASSED] - Statement - println(childgroup): null

2018-06-14 17:39:42 - [TEST_STEP][PASSED] - Statement - subGroupList[i - 1] = childgroup: null

2018-06-14 17:39:42 - [TEST_STEP][PASSED] - Statement - groupXpath = "(//span[@title='" + groupName + "']/following-sibling::ul/li/span[3]/span[2])[" + i + "]": null

2018-06-14 17:39:42 - [TEST_STEP][PASSED] - Statement - println(groupXpath): null

2018-06-14 17:39:42 - [TEST_STEP][PASSED] - Statement - childgroup = driver.findElement(org.openqa.selenium.By.xpath(groupXpath)).getText(): null

2018-06-14 17:39:42 - [TEST_STEP][PASSED] - Statement - println(childgroup): null

2018-06-14 17:39:42 - [TEST_STEP][PASSED] - Statement - subGroupList[i - 1] = childgroup: null

2018-06-14 17:39:42 - [TEST_STEP][PASSED] - Statement - groupXpath = "(//span[@title='" + groupName + "']/following-sibling::ul/li/span[3]/span[2])[" + i + "]": null

2018-06-14 17:39:42 - [TEST_STEP][PASSED] - Statement - println(groupXpath): null

2018-06-14 17:39:42 - [TEST_STEP][PASSED] - Statement - childgroup = driver.findElement(org.openqa.selenium.By.xpath(groupXpath)).getText(): null

2018-06-14 17:39:42 - [TEST_STEP][PASSED] - Statement - println(childgroup): null

2018-06-14 17:39:42 - [TEST_STEP][PASSED] - Statement - subGroupList[i - 1] = childgroup: null

2018-06-14 17:39:42 - [TEST_STEP][PASSED] - Statement - groupXpath = "(//span[@title='" + groupName + "']/following-sibling::ul/li/span[3]/span[2])[" + i + "]": null

2018-06-14 17:39:42 - [TEST_STEP][PASSED] - Statement - println(groupXpath): null

2018-06-14 17:39:42 - [TEST_STEP][PASSED] - Statement - childgroup = driver.findElement(org.openqa.selenium.By.xpath(groupXpath)).getText(): null

2018-06-14 17:39:42 - [TEST_STEP][PASSED] - Statement - println(childgroup): null

2018-06-14 17:39:42 - [TEST_STEP][PASSED] - Statement - subGroupList[i - 1] = childgroup: null

2018-06-14 17:39:42 - [TEST_STEP][PASSED] - Statement - groupXpath = "(//span[@title='" + groupName + "']/following-sibling::ul/li/span[3]/span[2])[" + i + "]": null

2018-06-14 17:39:42 - [TEST_STEP][PASSED] - Statement - println(groupXpath): null

2018-06-14 17:39:42 - [TEST_STEP][PASSED] - Statement - childgroup = driver.findElement(org.openqa.selenium.By.xpath(groupXpath)).getText(): null

2018-06-14 17:39:42 - [TEST_STEP][PASSED] - Statement - println(childgroup): null

2018-06-14 17:39:42 - [TEST_STEP][PASSED] - Statement - subGroupList[i - 1] = childgroup: null

2018-06-14 17:39:42 - [TEST_STEP][PASSED] - Statement - groupXpath = "(//span[@title='" + groupName + "']/following-sibling::ul/li/span[3]/span[2])[" + i + "]": null

2018-06-14 17:39:42 - [TEST_STEP][PASSED] - Statement - println(groupXpath): null

2018-06-14 17:39:42 - [TEST_STEP][PASSED] - Statement - childgroup = driver.findElement(org.openqa.selenium.By.xpath(groupXpath)).getText(): null

2018-06-14 17:39:42 - [TEST_STEP][PASSED] - Statement - println(childgroup): null

2018-06-14 17:39:42 - [TEST_STEP][PASSED] - Statement - subGroupList[i - 1] = childgroup: null

2018-06-14 17:39:42 - [TEST_STEP][PASSED] - Statement - groupXpath = "(//span[@title='" + groupName + "']/following-sibling::ul/li/span[3]/span[2])[" + i + "]": null

2018-06-14 17:39:42 - [TEST_STEP][PASSED] - Statement - println(groupXpath): null

2018-06-14 17:39:42 - [TEST_STEP][PASSED] - Statement - childgroup = driver.findElement(org.openqa.selenium.By.xpath(groupXpath)).getText(): null

2018-06-14 17:39:42 - [TEST_STEP][PASSED] - Statement - println(childgroup): null

2018-06-14 17:39:42 - [TEST_STEP][PASSED] - Statement - subGroupList[i - 1] = childgroup: null

2018-06-14 17:39:42 - [TEST_STEP][PASSED] - Statement - groupXpath = "(//span[@title='" + groupName + "']/following-sibling::ul/li/span[3]/span[2])[" + i + "]": null

2018-06-14 17:39:42 - [TEST_STEP][PASSED] - Statement - println(groupXpath): null

2018-06-14 17:39:42 - [TEST_STEP][PASSED] - Statement - childgroup = driver.findElement(org.openqa.selenium.By.xpath(groupXpath)).getText(): null

2018-06-14 17:39:42 - [TEST_STEP][PASSED] - Statement - println(childgroup): null

2018-06-14 17:39:42 - [TEST_STEP][PASSED] - Statement - subGroupList[i - 1] = childgroup: null

2018-06-14 17:39:42 - [TEST_STEP][PASSED] - Statement - groupXpath = "(//span[@title='" + groupName + "']/following-sibling::ul/li/span[3]/span[2])[" + i + "]": null

2018-06-14 17:39:42 - [TEST_STEP][PASSED] - Statement - println(groupXpath): null

2018-06-14 17:39:42 - [TEST_STEP][PASSED] - Statement - childgroup = driver.findElement(org.openqa.selenium.By.xpath(groupXpath)).getText(): null

2018-06-14 17:39:42 - [TEST_STEP][PASSED] - Statement - println(childgroup): null

2018-06-14 17:39:42 - [TEST_STEP][PASSED] - Statement - subGroupList[i - 1] = childgroup: null

2018-06-14 17:39:42 - [TEST_STEP][PASSED] - Statement - groupXpath = "(//span[@title='" + groupName + "']/following-sibling::ul/li/span[3]/span[2])[" + i + "]": null

2018-06-14 17:39:42 - [TEST_STEP][PASSED] - Statement - println(groupXpath): null

2018-06-14 17:39:42 - [TEST_STEP][PASSED] - Statement - childgroup = driver.findElement(org.openqa.selenium.By.xpath(groupXpath)).getText(): null

2018-06-14 17:39:42 - [TEST_STEP][PASSED] - Statement - println(childgroup): null

2018-06-14 17:39:42 - [TEST_STEP][PASSED] - Statement - subGroupList[i - 1] = childgroup: null

2018-06-14 17:39:42 - [TEST_STEP][PASSED] - Statement - groupXpath = "(//span[@title='" + groupName + "']/following-sibling::ul/li/span[3]/span[2])[" + i + "]": null

2018-06-14 17:39:42 - [TEST_STEP][PASSED] - Statement - println(groupXpath): null

2018-06-14 17:39:42 - [TEST_STEP][PASSED] - Statement - childgroup = driver.findElement(org.openqa.selenium.By.xpath(groupXpath)).getText(): null

2018-06-14 17:39:42 - [TEST_STEP][PASSED] - Statement - println(childgroup): null

2018-06-14 17:39:42 - [TEST_STEP][PASSED] - Statement - subGroupList[i - 1] = childgroup: null

2018-06-14 17:39:42 - [TEST_STEP][PASSED] - Statement - groupXpath = "(//span[@title='" + groupName + "']/following-sibling::ul/li/span[3]/span[2])[" + i + "]": null

2018-06-14 17:39:42 - [TEST_STEP][PASSED] - Statement - println(groupXpath): null

2018-06-14 17:39:42 - [TEST_STEP][PASSED] - Statement - childgroup = driver.findElement(org.openqa.selenium.By.xpath(groupXpath)).getText(): null

2018-06-14 17:39:42 - [TEST_STEP][PASSED] - Statement - println(childgroup): null

2018-06-14 17:39:42 - [TEST_STEP][PASSED] - Statement - subGroupList[i - 1] = childgroup: null

2018-06-14 17:39:42 - [TEST_STEP][PASSED] - Statement - groupXpath = "(//span[@title='" + groupName + "']/following-sibling::ul/li/span[3]/span[2])[" + i + "]": null

2018-06-14 17:39:42 - [TEST_STEP][PASSED] - Statement - println(groupXpath): null

2018-06-14 17:39:42 - [TEST_STEP][PASSED] - Statement - childgroup = driver.findElement(org.openqa.selenium.By.xpath(groupXpath)).getText(): null

2018-06-14 17:39:42 - [TEST_STEP][PASSED] - Statement - println(childgroup): null

2018-06-14 17:39:42 - [TEST_STEP][PASSED] - Statement - subGroupList[i - 1] = childgroup: null

2018-06-14 17:39:42 - [TEST_STEP][PASSED] - Statement - groupXpath = "(//span[@title='" + groupName + "']/following-sibling::ul/li/span[3]/span[2])[" + i + "]": null

2018-06-14 17:39:42 - [TEST_STEP][PASSED] - Statement - println(groupXpath): null

2018-06-14 17:39:42 - [TEST_STEP][PASSED] - Statement - childgroup = driver.findElement(org.openqa.selenium.By.xpath(groupXpath)).getText(): null

2018-06-14 17:39:42 - [TEST_STEP][PASSED] - Statement - println(childgroup): null

2018-06-14 17:39:42 - [TEST_STEP][PASSED] - Statement - subGroupList[i - 1] = childgroup: null

2018-06-14 17:39:42 - [TEST_STEP][PASSED] - Statement - groupXpath = "(//span[@title='" + groupName + "']/following-sibling::ul/li/span[3]/span[2])[" + i + "]": null

2018-06-14 17:39:42 - [TEST_STEP][PASSED] - Statement - println(groupXpath): null

2018-06-14 17:39:42 - [TEST_STEP][PASSED] - Statement - childgroup = driver.findElement(org.openqa.selenium.By.xpath(groupXpath)).getText(): null

2018-06-14 17:39:42 - [TEST_STEP][PASSED] - Statement - println(childgroup): null

2018-06-14 17:39:42 - [TEST_STEP][PASSED] - Statement - subGroupList[i - 1] = childgroup: null

2018-06-14 17:39:42 - [TEST_STEP][PASSED] - Statement - groupXpath = "(//span[@title='" + groupName + "']/following-sibling::ul/li/span[3]/span[2])[" + i + "]": null

2018-06-14 17:39:42 - [TEST_STEP][PASSED] - Statement - println(groupXpath): null

2018-06-14 17:39:42 - [TEST_STEP][PASSED] - Statement - childgroup = driver.findElement(org.openqa.selenium.By.xpath(groupXpath)).getText(): null

2018-06-14 17:39:42 - [TEST_STEP][PASSED] - Statement - println(childgroup): null

2018-06-14 17:39:42 - [TEST_STEP][PASSED] - Statement - subGroupList[i - 1] = childgroup: null

2018-06-14 17:39:42 - [TEST_STEP][PASSED] - Statement - groupXpath = "(//span[@title='" + groupName + "']/following-sibling::ul/li/span[3]/span[2])[" + i + "]": null

2018-06-14 17:39:42 - [TEST_STEP][PASSED] - Statement - println(groupXpath): null

2018-06-14 17:39:42 - [TEST_STEP][PASSED] - Statement - childgroup = driver.findElement(org.openqa.selenium.By.xpath(groupXpath)).getText(): null

2018-06-14 17:39:42 - [TEST_STEP][PASSED] - Statement - println(childgroup): null

2018-06-14 17:39:42 - [TEST_STEP][PASSED] - Statement - subGroupList[i - 1] = childgroup: null

2018-06-14 17:39:42 - [TEST_STEP][PASSED] - Statement - groupXpath = "(//span[@title='" + groupName + "']/following-sibling::ul/li/span[3]/span[2])[" + i + "]": null

2018-06-14 17:39:42 - [TEST_STEP][PASSED] - Statement - println(groupXpath): null

2018-06-14 17:39:42 - [TEST_STEP][PASSED] - Statement - childgroup = driver.findElement(org.openqa.selenium.By.xpath(groupXpath)).getText(): null

2018-06-14 17:39:43 - [TEST_STEP][PASSED] - Statement - println(childgroup): null

2018-06-14 17:39:43 - [TEST_STEP][PASSED] - Statement - subGroupList[i - 1] = childgroup: null

2018-06-14 17:39:43 - [TEST_STEP][PASSED] - Statement - groupXpath = "(//span[@title='" + groupName + "']/following-sibling::ul/li/span[3]/span[2])[" + i + "]": null

2018-06-14 17:39:43 - [TEST_STEP][PASSED] - Statement - println(groupXpath): null

2018-06-14 17:39:43 - [TEST_STEP][PASSED] - Statement - childgroup = driver.findElement(org.openqa.selenium.By.xpath(groupXpath)).getText(): null

2018-06-14 17:39:43 - [TEST_STEP][PASSED] - Statement - println(childgroup): null

2018-06-14 17:39:43 - [TEST_STEP][PASSED] - Statement - subGroupList[i - 1] = childgroup: null

2018-06-14 17:39:43 - [TEST_STEP][PASSED] - Statement - groupXpath = "(//span[@title='" + groupName + "']/following-sibling::ul/li/span[3]/span[2])[" + i + "]": null

2018-06-14 17:39:43 - [TEST_STEP][PASSED] - Statement - println(groupXpath): null

2018-06-14 17:39:43 - [TEST_STEP][PASSED] - Statement - childgroup = driver.findElement(org.openqa.selenium.By.xpath(groupXpath)).getText(): null

2018-06-14 17:39:43 - [TEST_STEP][PASSED] - Statement - println(childgroup): null

2018-06-14 17:39:43 - [TEST_STEP][PASSED] - Statement - subGroupList[i - 1] = childgroup: null

2018-06-14 17:39:43 - [TEST_STEP][PASSED] - Statement - groupXpath = "(//span[@title='" + groupName + "']/following-sibling::ul/li/span[3]/span[2])[" + i + "]": null

2018-06-14 17:39:43 - [TEST_STEP][PASSED] - Statement - println(groupXpath): null

2018-06-14 17:39:43 - [TEST_STEP][PASSED] - Statement - childgroup = driver.findElement(org.openqa.selenium.By.xpath(groupXpath)).getText(): null

2018-06-14 17:39:43 - [TEST_STEP][PASSED] - Statement - println(childgroup): null

2018-06-14 17:39:43 - [TEST_STEP][PASSED] - Statement - subGroupList[i - 1] = childgroup: null

2018-06-14 17:39:43 - [TEST_STEP][PASSED] - Statement - groupXpath = "(//span[@title='" + groupName + "']/following-sibling::ul/li/span[3]/span[2])[" + i + "]": null

2018-06-14 17:39:43 - [TEST_STEP][PASSED] - Statement - println(groupXpath): null

2018-06-14 17:39:43 - [TEST_STEP][PASSED] - Statement - childgroup = driver.findElement(org.openqa.selenium.By.xpath(groupXpath)).getText(): null

2018-06-14 17:39:43 - [TEST_STEP][PASSED] - Statement - println(childgroup): null

2018-06-14 17:39:43 - [TEST_STEP][PASSED] - Statement - subGroupList[i - 1] = childgroup: null

2018-06-14 17:39:43 - [TEST_STEP][PASSED] - Statement - groupXpath = "(//span[@title='" + groupName + "']/following-sibling::ul/li/span[3]/span[2])[" + i + "]": null

2018-06-14 17:39:43 - [TEST_STEP][PASSED] - Statement - println(groupXpath): null

2018-06-14 17:39:43 - [TEST_STEP][PASSED] - Statement - childgroup = driver.findElement(org.openqa.selenium.By.xpath(groupXpath)).getText(): null

2018-06-14 17:39:43 - [TEST_STEP][PASSED] - Statement - println(childgroup): null

2018-06-14 17:39:43 - [TEST_STEP][PASSED] - Statement - subGroupList[i - 1] = childgroup: null

2018-06-14 17:39:43 - [TEST_STEP][PASSED] - Statement - groupXpath = "(//span[@title='" + groupName + "']/following-sibling::ul/li/span[3]/span[2])[" + i + "]": null

2018-06-14 17:39:43 - [TEST_STEP][PASSED] - Statement - println(groupXpath): null

2018-06-14 17:39:43 - [TEST_STEP][PASSED] - Statement - childgroup = driver.findElement(org.openqa.selenium.By.xpath(groupXpath)).getText(): null

2018-06-14 17:39:43 - [TEST_STEP][PASSED] - Statement - println(childgroup): null

2018-06-14 17:39:43 - [TEST_STEP][PASSED] - Statement - subGroupList[i - 1] = childgroup: null

2018-06-14 17:39:43 - [TEST_STEP][PASSED] - Statement - groupXpath = "(//span[@title='" + groupName + "']/following-sibling::ul/li/span[3]/span[2])[" + i + "]": null

2018-06-14 17:39:43 - [TEST_STEP][PASSED] - Statement - println(groupXpath): null

2018-06-14 17:39:43 - [TEST_STEP][PASSED] - Statement - childgroup = driver.findElement(org.openqa.selenium.By.xpath(groupXpath)).getText(): null

2018-06-14 17:39:43 - [TEST_STEP][PASSED] - Statement - println(childgroup): null

2018-06-14 17:39:43 - [TEST_STEP][PASSED] - Statement - subGroupList[i - 1] = childgroup: null

2018-06-14 17:39:43 - [TEST_STEP][PASSED] - Statement - groupXpath = "(//span[@title='" + groupName + "']/following-sibling::ul/li/span[3]/span[2])[" + i + "]": null

2018-06-14 17:39:43 - [TEST_STEP][PASSED] - Statement - println(groupXpath): null

2018-06-14 17:39:43 - [TEST_STEP][PASSED] - Statement - childgroup = driver.findElement(org.openqa.selenium.By.xpath(groupXpath)).getText(): null

2018-06-14 17:39:43 - [TEST_STEP][PASSED] - Statement - println(childgroup): null

2018-06-14 17:39:43 - [TEST_STEP][PASSED] - Statement - subGroupList[i - 1] = childgroup: null

2018-06-14 17:39:43 - [TEST_STEP][PASSED] - Statement - groupXpath = "(//span[@title='" + groupName + "']/following-sibling::ul/li/span[3]/span[2])[" + i + "]": null

2018-06-14 17:39:43 - [TEST_STEP][PASSED] - Statement - println(groupXpath): null

2018-06-14 17:39:43 - [TEST_STEP][PASSED] - Statement - childgroup = driver.findElement(org.openqa.selenium.By.xpath(groupXpath)).getText(): null

2018-06-14 17:39:43 - [TEST_STEP][PASSED] - Statement - println(childgroup): null

2018-06-14 17:39:43 - [TEST_STEP][PASSED] - Statement - subGroupList[i - 1] = childgroup: null

2018-06-14 17:39:43 - [TEST_STEP][PASSED] - Statement - groupXpath = "(//span[@title='" + groupName + "']/following-sibling::ul/li/span[3]/span[2])[" + i + "]": null

2018-06-14 17:39:43 - [TEST_STEP][PASSED] - Statement - println(groupXpath): null

2018-06-14 17:39:43 - [TEST_STEP][PASSED] - Statement - childgroup = driver.findElement(org.openqa.selenium.By.xpath(groupXpath)).getText(): null

2018-06-14 17:39:43 - [TEST_STEP][PASSED] - Statement - println(childgroup): null

2018-06-14 17:39:43 - [TEST_STEP][PASSED] - Statement - subGroupList[i - 1] = childgroup: null

2018-06-14 17:39:43 - [TEST_STEP][PASSED] - Statement - groupXpath = "(//span[@title='" + groupName + "']/following-sibling::ul/li/span[3]/span[2])[" + i + "]": null

2018-06-14 17:39:43 - [TEST_STEP][PASSED] - Statement - println(groupXpath): null

2018-06-14 17:39:43 - [TEST_STEP][PASSED] - Statement - childgroup = driver.findElement(org.openqa.selenium.By.xpath(groupXpath)).getText(): null

2018-06-14 17:39:43 - [TEST_STEP][PASSED] - Statement - println(childgroup): null

2018-06-14 17:39:43 - [TEST_STEP][PASSED] - Statement - subGroupList[i - 1] = childgroup: null

2018-06-14 17:39:43 - [TEST_STEP][PASSED] - Statement - groupXpath = "(//span[@title='" + groupName + "']/following-sibling::ul/li/span[3]/span[2])[" + i + "]": null

2018-06-14 17:39:43 - [TEST_STEP][PASSED] - Statement - println(groupXpath): null

2018-06-14 17:39:43 - [TEST_STEP][PASSED] - Statement - childgroup = driver.findElement(org.openqa.selenium.By.xpath(groupXpath)).getText(): null

2018-06-14 17:39:43 - [TEST_STEP][PASSED] - Statement - println(childgroup): null

2018-06-14 17:39:43 - [TEST_STEP][PASSED] - Statement - subGroupList[i - 1] = childgroup: null

2018-06-14 17:39:43 - [TEST_STEP][PASSED] - Statement - groupXpath = "(//span[@title='" + groupName + "']/following-sibling::ul/li/span[3]/span[2])[" + i + "]": null

2018-06-14 17:39:43 - [TEST_STEP][PASSED] - Statement - println(groupXpath): null

2018-06-14 17:39:43 - [TEST_STEP][PASSED] - Statement - childgroup = driver.findElement(org.openqa.selenium.By.xpath(groupXpath)).getText(): null

2018-06-14 17:39:43 - [TEST_STEP][PASSED] - Statement - println(childgroup): null

2018-06-14 17:39:43 - [TEST_STEP][PASSED] - Statement - subGroupList[i - 1] = childgroup: null

2018-06-14 17:39:43 - [TEST_STEP][PASSED] - Statement - groupXpath = "(//span[@title='" + groupName + "']/following-sibling::ul/li/span[3]/span[2])[" + i + "]": null

2018-06-14 17:39:43 - [TEST_STEP][PASSED] - Statement - println(groupXpath): null

2018-06-14 17:39:43 - [TEST_STEP][PASSED] - Statement - childgroup = driver.findElement(org.openqa.selenium.By.xpath(groupXpath)).getText(): null

2018-06-14 17:39:43 - [TEST_STEP][PASSED] - Statement - println(childgroup): null

2018-06-14 17:39:43 - [TEST_STEP][PASSED] - Statement - subGroupList[i - 1] = childgroup: null

2018-06-14 17:39:43 - [TEST_STEP][PASSED] - Statement - groupXpath = "(//span[@title='" + groupName + "']/following-sibling::ul/li/span[3]/span[2])[" + i + "]": null

2018-06-14 17:39:43 - [TEST_STEP][PASSED] - Statement - println(groupXpath): null

2018-06-14 17:39:43 - [TEST_STEP][PASSED] - Statement - childgroup = driver.findElement(org.openqa.selenium.By.xpath(groupXpath)).getText(): null

2018-06-14 17:39:43 - [TEST_STEP][PASSED] - Statement - println(childgroup): null

2018-06-14 17:39:43 - [TEST_STEP][PASSED] - Statement - subGroupList[i - 1] = childgroup: null

2018-06-14 17:39:43 - [TEST_STEP][PASSED] - Statement - groupXpath = "(//span[@title='" + groupName + "']/following-sibling::ul/li/span[3]/span[2])[" + i + "]": null

2018-06-14 17:39:43 - [TEST_STEP][PASSED] - Statement - println(groupXpath): null

2018-06-14 17:39:43 - [TEST_STEP][PASSED] - Statement - childgroup = driver.findElement(org.openqa.selenium.By.xpath(groupXpath)).getText(): null

2018-06-14 17:39:43 - [TEST_STEP][PASSED] - Statement - println(childgroup): null

2018-06-14 17:39:43 - [TEST_STEP][PASSED] - Statement - subGroupList[i - 1] = childgroup: null

2018-06-14 17:39:43 - [TEST_STEP][PASSED] - Statement - groupXpath = "(//span[@title='" + groupName + "']/following-sibling::ul/li/span[3]/span[2])[" + i + "]": null

2018-06-14 17:39:43 - [TEST_STEP][PASSED] - Statement - println(groupXpath): null

2018-06-14 17:39:43 - [TEST_STEP][PASSED] - Statement - childgroup = driver.findElement(org.openqa.selenium.By.xpath(groupXpath)).getText(): null

2018-06-14 17:39:43 - [TEST_STEP][PASSED] - Statement - println(childgroup): null

2018-06-14 17:39:43 - [TEST_STEP][PASSED] - Statement - subGroupList[i - 1] = childgroup: null

2018-06-14 17:39:43 - [TEST_STEP][PASSED] - Statement - groupXpath = "(//span[@title='" + groupName + "']/following-sibling::ul/li/span[3]/span[2])[" + i + "]": null

2018-06-14 17:39:43 - [TEST_STEP][PASSED] - Statement - println(groupXpath): null

2018-06-14 17:39:43 - [TEST_STEP][PASSED] - Statement - childgroup = driver.findElement(org.openqa.selenium.By.xpath(groupXpath)).getText(): null

2018-06-14 17:39:43 - [TEST_STEP][PASSED] - Statement - println(childgroup): null

2018-06-14 17:39:43 - [TEST_STEP][PASSED] - Statement - subGroupList[i - 1] = childgroup: null

2018-06-14 17:39:43 - [TEST_STEP][PASSED] - Statement - groupXpath = "(//span[@title='" + groupName + "']/following-sibling::ul/li/span[3]/span[2])[" + i + "]": null

2018-06-14 17:39:43 - [TEST_STEP][PASSED] - Statement - println(groupXpath): null

2018-06-14 17:39:43 - [TEST_STEP][PASSED] - Statement - childgroup = driver.findElement(org.openqa.selenium.By.xpath(groupXpath)).getText(): null

2018-06-14 17:39:43 - [TEST_STEP][PASSED] - Statement - println(childgroup): null

2018-06-14 17:39:43 - [TEST_STEP][PASSED] - Statement - subGroupList[i - 1] = childgroup: null

2018-06-14 17:39:43 - [TEST_STEP][PASSED] - Statement - groupXpath = "(//span[@title='" + groupName + "']/following-sibling::ul/li/span[3]/span[2])[" + i + "]": null

2018-06-14 17:39:43 - [TEST_STEP][PASSED] - Statement - println(groupXpath): null

2018-06-14 17:39:43 - [TEST_STEP][PASSED] - Statement - childgroup = driver.findElement(org.openqa.selenium.By.xpath(groupXpath)).getText(): null

2018-06-14 17:39:43 - [TEST_STEP][PASSED] - Statement - println(childgroup): null

2018-06-14 17:39:43 - [TEST_STEP][PASSED] - Statement - subGroupList[i - 1] = childgroup: null

2018-06-14 17:39:43 - [TEST_STEP][PASSED] - Statement - groupXpath = "(//span[@title='" + groupName + "']/following-sibling::ul/li/span[3]/span[2])[" + i + "]": null

2018-06-14 17:39:43 - [TEST_STEP][PASSED] - Statement - println(groupXpath): null

2018-06-14 17:39:43 - [TEST_STEP][PASSED] - Statement - childgroup = driver.findElement(org.openqa.selenium.By.xpath(groupXpath)).getText(): null

2018-06-14 17:39:43 - [TEST_STEP][PASSED] - Statement - println(childgroup): null

2018-06-14 17:39:43 - [TEST_STEP][PASSED] - Statement - subGroupList[i - 1] = childgroup: null

2018-06-14 17:39:43 - [TEST_STEP][PASSED] - Statement - groupXpath = "(//span[@title='" + groupName + "']/following-sibling::ul/li/span[3]/span[2])[" + i + "]": null

2018-06-14 17:39:43 - [TEST_STEP][PASSED] - Statement - println(groupXpath): null

2018-06-14 17:39:43 - [TEST_STEP][PASSED] - Statement - childgroup = driver.findElement(org.openqa.selenium.By.xpath(groupXpath)).getText(): null

2018-06-14 17:39:43 - [TEST_STEP][PASSED] - Statement - println(childgroup): null

2018-06-14 17:39:43 - [TEST_STEP][PASSED] - Statement - subGroupList[i - 1] = childgroup: null

2018-06-14 17:39:43 - [TEST_STEP][PASSED] - Statement - groupXpath = "(//span[@title='" + groupName + "']/following-sibling::ul/li/span[3]/span[2])[" + i + "]": null

2018-06-14 17:39:43 - [TEST_STEP][PASSED] - Statement - println(groupXpath): null

2018-06-14 17:39:43 - [TEST_STEP][PASSED] - Statement - childgroup = driver.findElement(org.openqa.selenium.By.xpath(groupXpath)).getText(): null

2018-06-14 17:39:43 - [TEST_STEP][PASSED] - Statement - println(childgroup): null

2018-06-14 17:39:43 - [TEST_STEP][PASSED] - Statement - subGroupList[i - 1] = childgroup: null

2018-06-14 17:39:43 - [TEST_STEP][PASSED] - Statement - groupXpath = "(//span[@title='" + groupName + "']/following-sibling::ul/li/span[3]/span[2])[" + i + "]": null

2018-06-14 17:39:43 - [TEST_STEP][PASSED] - Statement - println(groupXpath): null

2018-06-14 17:39:43 - [TEST_STEP][PASSED] - Statement - childgroup = driver.findElement(org.openqa.selenium.By.xpath(groupXpath)).getText(): null

2018-06-14 17:39:43 - [TEST_STEP][PASSED] - Statement - println(childgroup): null

2018-06-14 17:39:43 - [TEST_STEP][PASSED] - Statement - subGroupList[i - 1] = childgroup: null

2018-06-14 17:39:43 - [TEST_STEP][PASSED] - Statement - groupXpath = "(//span[@title='" + groupName + "']/following-sibling::ul/li/span[3]/span[2])[" + i + "]": null

2018-06-14 17:39:43 - [TEST_STEP][PASSED] - Statement - println(groupXpath): null

2018-06-14 17:39:43 - [TEST_STEP][PASSED] - Statement - childgroup = driver.findElement(org.openqa.selenium.By.xpath(groupXpath)).getText(): null

2018-06-14 17:39:43 - [TEST_STEP][PASSED] - Statement - println(childgroup): null

2018-06-14 17:39:43 - [TEST_STEP][PASSED] - Statement - subGroupList[i - 1] = childgroup: null

2018-06-14 17:39:43 - [TEST_STEP][PASSED] - Statement - groupXpath = "(//span[@title='" + groupName + "']/following-sibling::ul/li/span[3]/span[2])[" + i + "]": null

2018-06-14 17:39:43 - [TEST_STEP][PASSED] - Statement - println(groupXpath): null

2018-06-14 17:39:43 - [TEST_STEP][PASSED] - Statement - childgroup = driver.findElement(org.openqa.selenium.By.xpath(groupXpath)).getText(): null

2018-06-14 17:39:43 - [TEST_STEP][PASSED] - Statement - println(childgroup): null

2018-06-14 17:39:43 - [TEST_STEP][PASSED] - Statement - subGroupList[i - 1] = childgroup: null

2018-06-14 17:39:43 - [TEST_STEP][PASSED] - Statement - groupXpath = "(//span[@title='" + groupName + "']/following-sibling::ul/li/span[3]/span[2])[" + i + "]": null

2018-06-14 17:39:43 - [TEST_STEP][PASSED] - Statement - println(groupXpath): null

2018-06-14 17:39:43 - [TEST_STEP][PASSED] - Statement - childgroup = driver.findElement(org.openqa.selenium.By.xpath(groupXpath)).getText(): null

2018-06-14 17:39:43 - [TEST_STEP][PASSED] - Statement - println(childgroup): null

2018-06-14 17:39:43 - [TEST_STEP][PASSED] - Statement - subGroupList[i - 1] = childgroup: null

2018-06-14 17:39:43 - [TEST_STEP][PASSED] - Statement - groupXpath = "(//span[@title='" + groupName + "']/following-sibling::ul/li/span[3]/span[2])[" + i + "]": null

2018-06-14 17:39:43 - [TEST_STEP][PASSED] - Statement - println(groupXpath): null

2018-06-14 17:39:43 - [TEST_STEP][PASSED] - Statement - childgroup = driver.findElement(org.openqa.selenium.By.xpath(groupXpath)).getText(): null

2018-06-14 17:39:43 - [TEST_STEP][PASSED] - Statement - println(childgroup): null

2018-06-14 17:39:43 - [TEST_STEP][PASSED] - Statement - subGroupList[i - 1] = childgroup: null

2018-06-14 17:39:43 - [TEST_STEP][PASSED] - Statement - groupXpath = "(//span[@title='" + groupName + "']/following-sibling::ul/li/span[3]/span[2])[" + i + "]": null

2018-06-14 17:39:43 - [TEST_STEP][PASSED] - Statement - println(groupXpath): null

2018-06-14 17:39:43 - [TEST_STEP][PASSED] - Statement - childgroup = driver.findElement(org.openqa.selenium.By.xpath(groupXpath)).getText(): null

2018-06-14 17:39:43 - [TEST_STEP][PASSED] - Statement - println(childgroup): null

2018-06-14 17:39:43 - [TEST_STEP][PASSED] - Statement - subGroupList[i - 1] = childgroup: null

2018-06-14 17:39:43 - [TEST_STEP][PASSED] - Statement - groupXpath = "(//span[@title='" + groupName + "']/following-sibling::ul/li/span[3]/span[2])[" + i + "]": null

2018-06-14 17:39:43 - [TEST_STEP][PASSED] - Statement - println(groupXpath): null

2018-06-14 17:39:43 - [TEST_STEP][PASSED] - Statement - childgroup = driver.findElement(org.openqa.selenium.By.xpath(groupXpath)).getText(): null

2018-06-14 17:39:43 - [TEST_STEP][PASSED] - Statement - println(childgroup): null

2018-06-14 17:39:43 - [TEST_STEP][PASSED] - Statement - subGroupList[i - 1] = childgroup: null

2018-06-14 17:39:43 - [TEST_STEP][PASSED] - Statement - groupXpath = "(//span[@title='" + groupName + "']/following-sibling::ul/li/span[3]/span[2])[" + i + "]": null

2018-06-14 17:39:43 - [TEST_STEP][PASSED] - Statement - println(groupXpath): null

2018-06-14 17:39:43 - [TEST_STEP][PASSED] - Statement - childgroup = driver.findElement(org.openqa.selenium.By.xpath(groupXpath)).getText(): null

2018-06-14 17:39:43 - [TEST_STEP][PASSED] - Statement - println(childgroup): null

2018-06-14 17:39:43 - [TEST_STEP][PASSED] - Statement - subGroupList[i - 1] = childgroup: null

2018-06-14 17:39:43 - [TEST_STEP][PASSED] - Statement - groupXpath = "(//span[@title='" + groupName + "']/following-sibling::ul/li/span[3]/span[2])[" + i + "]": null

2018-06-14 17:39:43 - [TEST_STEP][PASSED] - Statement - println(groupXpath): null

2018-06-14 17:39:43 - [TEST_STEP][PASSED] - Statement - childgroup = driver.findElement(org.openqa.selenium.By.xpath(groupXpath)).getText(): null

2018-06-14 17:39:43 - [TEST_STEP][PASSED] - Statement - println(childgroup): null

2018-06-14 17:39:43 - [TEST_STEP][PASSED] - Statement - subGroupList[i - 1] = childgroup: null

2018-06-14 17:39:43 - [TEST_STEP][PASSED] - Statement - groupXpath = "(//span[@title='" + groupName + "']/following-sibling::ul/li/span[3]/span[2])[" + i + "]": null

2018-06-14 17:39:43 - [TEST_STEP][PASSED] - Statement - println(groupXpath): null

2018-06-14 17:39:43 - [TEST_STEP][PASSED] - Statement - childgroup = driver.findElement(org.openqa.selenium.By.xpath(groupXpath)).getText(): null

2018-06-14 17:39:43 - [TEST_STEP][PASSED] - Statement - println(childgroup): null

2018-06-14 17:39:43 - [TEST_STEP][PASSED] - Statement - subGroupList[i - 1] = childgroup: null

2018-06-14 17:39:43 - [TEST_STEP][PASSED] - Statement - groupXpath = "(//span[@title='" + groupName + "']/following-sibling::ul/li/span[3]/span[2])[" + i + "]": null

2018-06-14 17:39:43 - [TEST_STEP][PASSED] - Statement - println(groupXpath): null

2018-06-14 17:39:43 - [TEST_STEP][PASSED] - Statement - childgroup = driver.findElement(org.openqa.selenium.By.xpath(groupXpath)).getText(): null

2018-06-14 17:39:44 - [TEST_STEP][PASSED] - Statement - println(childgroup): null

2018-06-14 17:39:44 - [TEST_STEP][PASSED] - Statement - subGroupList[i - 1] = childgroup: null

2018-06-14 17:39:44 - [TEST_STEP][PASSED] - Statement - groupXpath = "(//span[@title='" + groupName + "']/following-sibling::ul/li/span[3]/span[2])[" + i + "]": null

2018-06-14 17:39:44 - [TEST_STEP][PASSED] - Statement - println(groupXpath): null

2018-06-14 17:39:44 - [TEST_STEP][PASSED] - Statement - childgroup = driver.findElement(org.openqa.selenium.By.xpath(groupXpath)).getText(): null

2018-06-14 17:39:44 - [TEST_STEP][PASSED] - Statement - println(childgroup): null

2018-06-14 17:39:44 - [TEST_STEP][PASSED] - Statement - subGroupList[i - 1] = childgroup: null

2018-06-14 17:39:44 - [TEST_STEP][PASSED] - Statement - groupXpath = "(//span[@title='" + groupName + "']/following-sibling::ul/li/span[3]/span[2])[" + i + "]": null

2018-06-14 17:39:44 - [TEST_STEP][PASSED] - Statement - println(groupXpath): null

2018-06-14 17:39:44 - [TEST_STEP][PASSED] - Statement - childgroup = driver.findElement(org.openqa.selenium.By.xpath(groupXpath)).getText(): null

2018-06-14 17:39:44 - [TEST_STEP][PASSED] - Statement - println(childgroup): null

2018-06-14 17:39:44 - [TEST_STEP][PASSED] - Statement - subGroupList[i - 1] = childgroup: null

2018-06-14 17:39:44 - [TEST_STEP][PASSED] - Statement - groupXpath = "(//span[@title='" + groupName + "']/following-sibling::ul/li/span[3]/span[2])[" + i + "]": null

2018-06-14 17:39:44 - [TEST_STEP][PASSED] - Statement - println(groupXpath): null

2018-06-14 17:39:44 - [TEST_STEP][PASSED] - Statement - childgroup = driver.findElement(org.openqa.selenium.By.xpath(groupXpath)).getText(): null

2018-06-14 17:39:44 - [TEST_STEP][PASSED] - Statement - println(childgroup): null

2018-06-14 17:39:44 - [TEST_STEP][PASSED] - Statement - subGroupList[i - 1] = childgroup: null

2018-06-14 17:39:44 - [TEST_STEP][PASSED] - Statement - groupXpath = "(//span[@title='" + groupName + "']/following-sibling::ul/li/span[3]/span[2])[" + i + "]": null

2018-06-14 17:39:44 - [TEST_STEP][PASSED] - Statement - println(groupXpath): null

2018-06-14 17:39:44 - [TEST_STEP][PASSED] - Statement - childgroup = driver.findElement(org.openqa.selenium.By.xpath(groupXpath)).getText(): null

2018-06-14 17:39:44 - [TEST_STEP][PASSED] - Statement - println(childgroup): null

2018-06-14 17:39:44 - [TEST_STEP][PASSED] - Statement - subGroupList[i - 1] = childgroup: null

2018-06-14 17:39:44 - [TEST_STEP][PASSED] - Statement - groupXpath = "(//span[@title='" + groupName + "']/following-sibling::ul/li/span[3]/span[2])[" + i + "]": null

2018-06-14 17:39:44 - [TEST_STEP][PASSED] - Statement - println(groupXpath): null

2018-06-14 17:39:44 - [TEST_STEP][PASSED] - Statement - childgroup = driver.findElement(org.openqa.selenium.By.xpath(groupXpath)).getText(): null

2018-06-14 17:39:44 - [TEST_STEP][PASSED] - Statement - println(childgroup): null

2018-06-14 17:39:44 - [TEST_STEP][PASSED] - Statement - subGroupList[i - 1] = childgroup: null

2018-06-14 17:39:44 - [TEST_STEP][PASSED] - Statement - groupXpath = "(//span[@title='" + groupName + "']/following-sibling::ul/li/span[3]/span[2])[" + i + "]": null

2018-06-14 17:39:44 - [TEST_STEP][PASSED] - Statement - println(groupXpath): null

2018-06-14 17:39:44 - [TEST_STEP][PASSED] - Statement - childgroup = driver.findElement(org.openqa.selenium.By.xpath(groupXpath)).getText(): null

2018-06-14 17:39:44 - [TEST_STEP][PASSED] - Statement - println(childgroup): null

2018-06-14 17:39:44 - [TEST_STEP][PASSED] - Statement - subGroupList[i - 1] = childgroup: null

2018-06-14 17:39:44 - [TEST_STEP][PASSED] - Statement - groupXpath = "(//span[@title='" + groupName + "']/following-sibling::ul/li/span[3]/span[2])[" + i + "]": null

2018-06-14 17:39:44 - [TEST_STEP][PASSED] - Statement - println(groupXpath): null

2018-06-14 17:39:44 - [TEST_STEP][PASSED] - Statement - childgroup = driver.findElement(org.openqa.selenium.By.xpath(groupXpath)).getText(): null

2018-06-14 17:39:44 - [TEST_STEP][PASSED] - Statement - println(childgroup): null

2018-06-14 17:39:44 - [TEST_STEP][PASSED] - Statement - subGroupList[i - 1] = childgroup: null

2018-06-14 17:39:44 - [TEST_STEP][PASSED] - Statement - groupXpath = "(//span[@title='" + groupName + "']/following-sibling::ul/li/span[3]/span[2])[" + i + "]": null

2018-06-14 17:39:44 - [TEST_STEP][PASSED] - Statement - println(groupXpath): null

2018-06-14 17:39:44 - [TEST_STEP][PASSED] - Statement - childgroup = driver.findElement(org.openqa.selenium.By.xpath(groupXpath)).getText(): null

2018-06-14 17:39:44 - [TEST_STEP][PASSED] - Statement - println(childgroup): null

2018-06-14 17:39:44 - [TEST_STEP][PASSED] - Statement - subGroupList[i - 1] = childgroup: null

2018-06-14 17:39:44 - [TEST_STEP][PASSED] - Statement - groupXpath = "(//span[@title='" + groupName + "']/following-sibling::ul/li/span[3]/span[2])[" + i + "]": null

2018-06-14 17:39:44 - [TEST_STEP][PASSED] - Statement - println(groupXpath): null

2018-06-14 17:39:44 - [TEST_STEP][PASSED] - Statement - childgroup = driver.findElement(org.openqa.selenium.By.xpath(groupXpath)).getText(): null

2018-06-14 17:39:44 - [TEST_STEP][PASSED] - Statement - println(childgroup): null

2018-06-14 17:39:44 - [TEST_STEP][PASSED] - Statement - subGroupList[i - 1] = childgroup: null

2018-06-14 17:39:44 - [TEST_STEP][PASSED] - Statement - groupXpath = "(//span[@title='" + groupName + "']/following-sibling::ul/li/span[3]/span[2])[" + i + "]": null

2018-06-14 17:39:44 - [TEST_STEP][PASSED] - Statement - println(groupXpath): null

2018-06-14 17:39:44 - [TEST_STEP][PASSED] - Statement - childgroup = driver.findElement(org.openqa.selenium.By.xpath(groupXpath)).getText(): null

2018-06-14 17:39:44 - [TEST_STEP][PASSED] - Statement - println(childgroup): null

2018-06-14 17:39:44 - [TEST_STEP][PASSED] - Statement - subGroupList[i - 1] = childgroup: null

2018-06-14 17:39:44 - [TEST_STEP][PASSED] - Statement - groupXpath = "(//span[@title='" + groupName + "']/following-sibling::ul/li/span[3]/span[2])[" + i + "]": null

2018-06-14 17:39:44 - [TEST_STEP][PASSED] - Statement - println(groupXpath): null

2018-06-14 17:39:44 - [TEST_STEP][PASSED] - Statement - childgroup = driver.findElement(org.openqa.selenium.By.xpath(groupXpath)).getText(): null

2018-06-14 17:39:44 - [TEST_STEP][PASSED] - Statement - println(childgroup): null

2018-06-14 17:39:44 - [TEST_STEP][PASSED] - Statement - subGroupList[i - 1] = childgroup: null

2018-06-14 17:39:44 - [TEST_STEP][PASSED] - Statement - groupXpath = "(//span[@title='" + groupName + "']/following-sibling::ul/li/span[3]/span[2])[" + i + "]": null

2018-06-14 17:39:44 - [TEST_STEP][PASSED] - Statement - println(groupXpath): null

2018-06-14 17:39:44 - [TEST_STEP][PASSED] - Statement - childgroup = driver.findElement(org.openqa.selenium.By.xpath(groupXpath)).getText(): null

2018-06-14 17:39:44 - [TEST_STEP][PASSED] - Statement - println(childgroup): null

2018-06-14 17:39:44 - [TEST_STEP][PASSED] - Statement - subGroupList[i - 1] = childgroup: null

2018-06-14 17:39:44 - [TEST_STEP][PASSED] - Statement - groupXpath = "(//span[@title='" + groupName + "']/following-sibling::ul/li/span[3]/span[2])[" + i + "]": null

2018-06-14 17:39:44 - [TEST_STEP][PASSED] - Statement - println(groupXpath): null

2018-06-14 17:39:44 - [TEST_STEP][PASSED] - Statement - childgroup = driver.findElement(org.openqa.selenium.By.xpath(groupXpath)).getText(): null

2018-06-14 17:39:44 - [TEST_STEP][PASSED] - Statement - println(childgroup): null

2018-06-14 17:39:44 - [TEST_STEP][PASSED] - Statement - subGroupList[i - 1] = childgroup: null

2018-06-14 17:39:44 - [TEST_STEP][PASSED] - Statement - groupXpath = "(//span[@title='" + groupName + "']/following-sibling::ul/li/span[3]/span[2])[" + i + "]": null

2018-06-14 17:39:44 - [TEST_STEP][PASSED] - Statement - println(groupXpath): null

2018-06-14 17:39:44 - [TEST_STEP][PASSED] - Statement - childgroup = driver.findElement(org.openqa.selenium.By.xpath(groupXpath)).getText(): null

2018-06-14 17:39:44 - [TEST_STEP][PASSED] - Statement - println(childgroup): null

2018-06-14 17:39:44 - [TEST_STEP][PASSED] - Statement - subGroupList[i - 1] = childgroup: null

2018-06-14 17:39:44 - [TEST_STEP][PASSED] - Statement - groupXpath = "(//span[@title='" + groupName + "']/following-sibling::ul/li/span[3]/span[2])[" + i + "]": null

2018-06-14 17:39:44 - [TEST_STEP][PASSED] - Statement - println(groupXpath): null

2018-06-14 17:39:44 - [TEST_STEP][PASSED] - Statement - childgroup = driver.findElement(org.openqa.selenium.By.xpath(groupXpath)).getText(): null

2018-06-14 17:39:44 - [TEST_STEP][PASSED] - Statement - println(childgroup): null

2018-06-14 17:39:44 - [TEST_STEP][PASSED] - Statement - subGroupList[i - 1] = childgroup: null

2018-06-14 17:39:44 - [TEST_STEP][PASSED] - Statement - groupXpath = "(//span[@title='" + groupName + "']/following-sibling::ul/li/span[3]/span[2])[" + i + "]": null

2018-06-14 17:39:44 - [TEST_STEP][PASSED] - Statement - println(groupXpath): null

2018-06-14 17:39:44 - [TEST_STEP][PASSED] - Statement - childgroup = driver.findElement(org.openqa.selenium.By.xpath(groupXpath)).getText(): null

2018-06-14 17:39:44 - [TEST_STEP][PASSED] - Statement - println(childgroup): null

2018-06-14 17:39:44 - [TEST_STEP][PASSED] - Statement - subGroupList[i - 1] = childgroup: null

2018-06-14 17:39:44 - [TEST_STEP][PASSED] - Statement - groupXpath = "(//span[@title='" + groupName + "']/following-sibling::ul/li/span[3]/span[2])[" + i + "]": null

2018-06-14 17:39:44 - [TEST_STEP][PASSED] - Statement - println(groupXpath): null

2018-06-14 17:39:44 - [TEST_STEP][PASSED] - Statement - childgroup = driver.findElement(org.openqa.selenium.By.xpath(groupXpath)).getText(): null

2018-06-14 17:39:44 - [TEST_STEP][PASSED] - Statement - println(childgroup): null

2018-06-14 17:39:44 - [TEST_STEP][PASSED] - Statement - subGroupList[i - 1] = childgroup: null

2018-06-14 17:39:44 - [TEST_STEP][PASSED] - Statement - groupXpath = "(//span[@title='" + groupName + "']/following-sibling::ul/li/span[3]/span[2])[" + i + "]": null

2018-06-14 17:39:44 - [TEST_STEP][PASSED] - Statement - println(groupXpath): null

2018-06-14 17:39:44 - [TEST_STEP][PASSED] - Statement - childgroup = driver.findElement(org.openqa.selenium.By.xpath(groupXpath)).getText(): null

2018-06-14 17:39:44 - [TEST_STEP][PASSED] - Statement - println(childgroup): null

2018-06-14 17:39:44 - [TEST_STEP][PASSED] - Statement - subGroupList[i - 1] = childgroup: null

2018-06-14 17:39:44 - [TEST_STEP][PASSED] - Statement - groupXpath = "(//span[@title='" + groupName + "']/following-sibling::ul/li/span[3]/span[2])[" + i + "]": null

2018-06-14 17:39:44 - [TEST_STEP][PASSED] - Statement - println(groupXpath): null

2018-06-14 17:39:44 - [TEST_STEP][PASSED] - Statement - childgroup = driver.findElement(org.openqa.selenium.By.xpath(groupXpath)).getText(): null

2018-06-14 17:39:44 - [TEST_STEP][PASSED] - Statement - println(childgroup): null

2018-06-14 17:39:44 - [TEST_STEP][PASSED] - Statement - subGroupList[i - 1] = childgroup: null

2018-06-14 17:39:44 - [TEST_STEP][PASSED] - Statement - groupXpath = "(//span[@title='" + groupName + "']/following-sibling::ul/li/span[3]/span[2])[" + i + "]": null

2018-06-14 17:39:44 - [TEST_STEP][PASSED] - Statement - println(groupXpath): null

2018-06-14 17:39:44 - [TEST_STEP][PASSED] - Statement - childgroup = driver.findElement(org.openqa.selenium.By.xpath(groupXpath)).getText(): null

2018-06-14 17:39:44 - [TEST_STEP][PASSED] - Statement - println(childgroup): null

2018-06-14 17:39:44 - [TEST_STEP][PASSED] - Statement - subGroupList[i - 1] = childgroup: null

2018-06-14 17:39:44 - [TEST_STEP][PASSED] - Statement - groupXpath = "(//span[@title='" + groupName + "']/following-sibling::ul/li/span[3]/span[2])[" + i + "]": null

2018-06-14 17:39:44 - [TEST_STEP][PASSED] - Statement - println(groupXpath): null

2018-06-14 17:39:44 - [TEST_STEP][PASSED] - Statement - childgroup = driver.findElement(org.openqa.selenium.By.xpath(groupXpath)).getText(): null

2018-06-14 17:39:44 - [TEST_STEP][PASSED] - Statement - println(childgroup): null

2018-06-14 17:39:44 - [TEST_STEP][PASSED] - Statement - subGroupList[i - 1] = childgroup: null

2018-06-14 17:39:44 - [TEST_STEP][PASSED] - Statement - groupXpath = "(//span[@title='" + groupName + "']/following-sibling::ul/li/span[3]/span[2])[" + i + "]": null

2018-06-14 17:39:44 - [TEST_STEP][PASSED] - Statement - println(groupXpath): null

2018-06-14 17:39:44 - [TEST_STEP][PASSED] - Statement - childgroup = driver.findElement(org.openqa.selenium.By.xpath(groupXpath)).getText(): null

2018-06-14 17:39:44 - [TEST_STEP][PASSED] - Statement - println(childgroup): null

2018-06-14 17:39:44 - [TEST_STEP][PASSED] - Statement - subGroupList[i - 1] = childgroup: null

2018-06-14 17:39:44 - [TEST_STEP][PASSED] - Statement - groupXpath = "(//span[@title='" + groupName + "']/following-sibling::ul/li/span[3]/span[2])[" + i + "]": null

2018-06-14 17:39:44 - [TEST_STEP][PASSED] - Statement - println(groupXpath): null

2018-06-14 17:39:44 - [TEST_STEP][PASSED] - Statement - childgroup = driver.findElement(org.openqa.selenium.By.xpath(groupXpath)).getText(): null

2018-06-14 17:39:44 - [TEST_STEP][PASSED] - Statement - println(childgroup): null

2018-06-14 17:39:44 - [TEST_STEP][PASSED] - Statement - subGroupList[i - 1] = childgroup: null

2018-06-14 17:39:44 - [TEST_STEP][PASSED] - Statement - groupXpath = "(//span[@title='" + groupName + "']/following-sibling::ul/li/span[3]/span[2])[" + i + "]": null

2018-06-14 17:39:44 - [TEST_STEP][PASSED] - Statement - println(groupXpath): null

2018-06-14 17:39:44 - [TEST_STEP][PASSED] - Statement - childgroup = driver.findElement(org.openqa.selenium.By.xpath(groupXpath)).getText(): null

2018-06-14 17:39:44 - [TEST_STEP][PASSED] - Statement - println(childgroup): null

2018-06-14 17:39:44 - [TEST_STEP][PASSED] - Statement - subGroupList[i - 1] = childgroup: null

2018-06-14 17:39:44 - [TEST_STEP][PASSED] - Statement - groupXpath = "(//span[@title='" + groupName + "']/following-sibling::ul/li/span[3]/span[2])[" + i + "]": null

2018-06-14 17:39:44 - [TEST_STEP][PASSED] - Statement - println(groupXpath): null

2018-06-14 17:39:44 - [TEST_STEP][PASSED] - Statement - childgroup = driver.findElement(org.openqa.selenium.By.xpath(groupXpath)).getText(): null

2018-06-14 17:39:44 - [TEST_STEP][PASSED] - Statement - println(childgroup): null

2018-06-14 17:39:44 - [TEST_STEP][PASSED] - Statement - subGroupList[i - 1] = childgroup: null

2018-06-14 17:39:44 - [TEST_STEP][PASSED] - Statement - groupXpath = "(//span[@title='" + groupName + "']/following-sibling::ul/li/span[3]/span[2])[" + i + "]": null

2018-06-14 17:39:44 - [TEST_STEP][PASSED] - Statement - println(groupXpath): null

2018-06-14 17:39:44 - [TEST_STEP][PASSED] - Statement - childgroup = driver.findElement(org.openqa.selenium.By.xpath(groupXpath)).getText(): null

2018-06-14 17:39:44 - [TEST_STEP][PASSED] - Statement - println(childgroup): null

2018-06-14 17:39:44 - [TEST_STEP][PASSED] - Statement - subGroupList[i - 1] = childgroup: null

2018-06-14 17:39:44 - [TEST_STEP][PASSED] - Statement - groupXpath = "(//span[@title='" + groupName + "']/following-sibling::ul/li/span[3]/span[2])[" + i + "]": null

2018-06-14 17:39:44 - [TEST_STEP][PASSED] - Statement - println(groupXpath): null

2018-06-14 17:39:44 - [TEST_STEP][PASSED] - Statement - childgroup = driver.findElement(org.openqa.selenium.By.xpath(groupXpath)).getText(): null

2018-06-14 17:39:44 - [TEST_STEP][PASSED] - Statement - println(childgroup): null

2018-06-14 17:39:44 - [TEST_STEP][PASSED] - Statement - subGroupList[i - 1] = childgroup: null

2018-06-14 17:39:44 - [TEST_STEP][PASSED] - Statement - groupXpath = "(//span[@title='" + groupName + "']/following-sibling::ul/li/span[3]/span[2])[" + i + "]": null

2018-06-14 17:39:44 - [TEST_STEP][PASSED] - Statement - println(groupXpath): null

2018-06-14 17:39:44 - [TEST_STEP][PASSED] - Statement - childgroup = driver.findElement(org.openqa.selenium.By.xpath(groupXpath)).getText(): null

2018-06-14 17:39:44 - [TEST_STEP][PASSED] - Statement - println(childgroup): null

2018-06-14 17:39:44 - [TEST_STEP][PASSED] - Statement - subGroupList[i - 1] = childgroup: null

2018-06-14 17:39:44 - [TEST_STEP][PASSED] - Statement - groupXpath = "(//span[@title='" + groupName + "']/following-sibling::ul/li/span[3]/span[2])[" + i + "]": null

2018-06-14 17:39:44 - [TEST_STEP][PASSED] - Statement - println(groupXpath): null

2018-06-14 17:39:44 - [TEST_STEP][PASSED] - Statement - childgroup = driver.findElement(org.openqa.selenium.By.xpath(groupXpath)).getText(): null

2018-06-14 17:39:44 - [TEST_STEP][PASSED] - Statement - println(childgroup): null

2018-06-14 17:39:44 - [TEST_STEP][PASSED] - Statement - subGroupList[i - 1] = childgroup: null

2018-06-14 17:39:44 - [TEST_STEP][PASSED] - Statement - groupXpath = "(//span[@title='" + groupName + "']/following-sibling::ul/li/span[3]/span[2])[" + i + "]": null

2018-06-14 17:39:44 - [TEST_STEP][PASSED] - Statement - println(groupXpath): null

2018-06-14 17:39:44 - [TEST_STEP][PASSED] - Statement - childgroup = driver.findElement(org.openqa.selenium.By.xpath(groupXpath)).getText(): null

2018-06-14 17:39:44 - [TEST_STEP][PASSED] - Statement - println(childgroup): null

2018-06-14 17:39:44 - [TEST_STEP][PASSED] - Statement - subGroupList[i - 1] = childgroup: null

2018-06-14 17:39:44 - [TEST_STEP][PASSED] - Statement - groupXpath = "(//span[@title='" + groupName + "']/following-sibling::ul/li/span[3]/span[2])[" + i + "]": null

2018-06-14 17:39:44 - [TEST_STEP][PASSED] - Statement - println(groupXpath): null

2018-06-14 17:39:44 - [TEST_STEP][PASSED] - Statement - childgroup = driver.findElement(org.openqa.selenium.By.xpath(groupXpath)).getText(): null

2018-06-14 17:39:44 - [TEST_STEP][PASSED] - Statement - println(childgroup): null

2018-06-14 17:39:44 - [TEST_STEP][PASSED] - Statement - subGroupList[i - 1] = childgroup: null

2018-06-14 17:39:44 - [TEST_STEP][PASSED] - Statement - groupXpath = "(//span[@title='" + groupName + "']/following-sibling::ul/li/span[3]/span[2])[" + i + "]": null

2018-06-14 17:39:44 - [TEST_STEP][PASSED] - Statement - println(groupXpath): null

2018-06-14 17:39:44 - [TEST_STEP][PASSED] - Statement - childgroup = driver.findElement(org.openqa.selenium.By.xpath(groupXpath)).getText(): null

2018-06-14 17:39:44 - [TEST_STEP][PASSED] - Statement - println(childgroup): null

2018-06-14 17:39:44 - [TEST_STEP][PASSED] - Statement - subGroupList[i - 1] = childgroup: null

2018-06-14 17:39:44 - [TEST_STEP][PASSED] - Statement - groupXpath = "(//span[@title='" + groupName + "']/following-sibling::ul/li/span[3]/span[2])[" + i + "]": null

2018-06-14 17:39:44 - [TEST_STEP][PASSED] - Statement - println(groupXpath): null

2018-06-14 17:39:44 - [TEST_STEP][PASSED] - Statement - childgroup = driver.findElement(org.openqa.selenium.By.xpath(groupXpath)).getText(): null

2018-06-14 17:39:44 - [TEST_STEP][PASSED] - Statement - println(childgroup): null

2018-06-14 17:39:44 - [TEST_STEP][PASSED] - Statement - subGroupList[i - 1] = childgroup: null

2018-06-14 17:39:44 - [TEST_STEP][PASSED] - Statement - groupXpath = "(//span[@title='" + groupName + "']/following-sibling::ul/li/span[3]/span[2])[" + i + "]": null

2018-06-14 17:39:44 - [TEST_STEP][PASSED] - Statement - println(groupXpath): null

2018-06-14 17:39:44 - [TEST_STEP][PASSED] - Statement - childgroup = driver.findElement(org.openqa.selenium.By.xpath(groupXpath)).getText(): null

2018-06-14 17:39:44 - [TEST_STEP][PASSED] - Statement - println(childgroup): null

2018-06-14 17:39:44 - [TEST_STEP][PASSED] - Statement - subGroupList[i - 1] = childgroup: null

2018-06-14 17:39:44 - [TEST_STEP][PASSED] - Statement - groupXpath = "(//span[@title='" + groupName + "']/following-sibling::ul/li/span[3]/span[2])[" + i + "]": null

2018-06-14 17:39:44 - [TEST_STEP][PASSED] - Statement - println(groupXpath): null

2018-06-14 17:39:44 - [TEST_STEP][PASSED] - Statement - childgroup = driver.findElement(org.openqa.selenium.By.xpath(groupXpath)).getText(): null

2018-06-14 17:39:44 - [TEST_STEP][PASSED] - Statement - println(childgroup): null

2018-06-14 17:39:44 - [TEST_STEP][PASSED] - Statement - subGroupList[i - 1] = childgroup: null

2018-06-14 17:39:44 - [TEST_STEP][PASSED] - Statement - groupXpath = "(//span[@title='" + groupName + "']/following-sibling::ul/li/span[3]/span[2])[" + i + "]": null

2018-06-14 17:39:44 - [TEST_STEP][PASSED] - Statement - println(groupXpath): null

2018-06-14 17:39:44 - [TEST_STEP][PASSED] - Statement - childgroup = driver.findElement(org.openqa.selenium.By.xpath(groupXpath)).getText(): null

2018-06-14 17:39:44 - [TEST_STEP][PASSED] - Statement - println(childgroup): null

2018-06-14 17:39:44 - [TEST_STEP][PASSED] - Statement - subGroupList[i - 1] = childgroup: null

2018-06-14 17:39:44 - [TEST_STEP][PASSED] - Statement - groupXpath = "(//span[@title='" + groupName + "']/following-sibling::ul/li/span[3]/span[2])[" + i + "]": null

2018-06-14 17:39:44 - [TEST_STEP][PASSED] - Statement - println(groupXpath): null

2018-06-14 17:39:44 - [TEST_STEP][PASSED] - Statement - childgroup = driver.findElement(org.openqa.selenium.By.xpath(groupXpath)).getText(): null

2018-06-14 17:39:45 - [TEST_STEP][PASSED] - Statement - println(childgroup): null

2018-06-14 17:39:45 - [TEST_STEP][PASSED] - Statement - subGroupList[i - 1] = childgroup: null

2018-06-14 17:39:45 - [TEST_STEP][PASSED] - Statement - groupXpath = "(//span[@title='" + groupName + "']/following-sibling::ul/li/span[3]/span[2])[" + i + "]": null

2018-06-14 17:39:45 - [TEST_STEP][PASSED] - Statement - println(groupXpath): null

2018-06-14 17:39:45 - [TEST_STEP][PASSED] - Statement - childgroup = driver.findElement(org.openqa.selenium.By.xpath(groupXpath)).getText(): null

2018-06-14 17:39:45 - [TEST_STEP][PASSED] - Statement - println(childgroup): null

2018-06-14 17:39:45 - [TEST_STEP][PASSED] - Statement - subGroupList[i - 1] = childgroup: null

2018-06-14 17:39:45 - [TEST_STEP][PASSED] - Statement - groupXpath = "(//span[@title='" + groupName + "']/following-sibling::ul/li/span[3]/span[2])[" + i + "]": null

2018-06-14 17:39:45 - [TEST_STEP][PASSED] - Statement - println(groupXpath): null

2018-06-14 17:39:45 - [TEST_STEP][PASSED] - Statement - childgroup = driver.findElement(org.openqa.selenium.By.xpath(groupXpath)).getText(): null

2018-06-14 17:39:45 - [TEST_STEP][PASSED] - Statement - println(childgroup): null

2018-06-14 17:39:45 - [TEST_STEP][PASSED] - Statement - subGroupList[i - 1] = childgroup: null

2018-06-14 17:39:45 - [TEST_STEP][PASSED] - Statement - groupXpath = "(//span[@title='" + groupName + "']/following-sibling::ul/li/span[3]/span[2])[" + i + "]": null

2018-06-14 17:39:45 - [TEST_STEP][PASSED] - Statement - println(groupXpath): null

2018-06-14 17:39:45 - [TEST_STEP][PASSED] - Statement - childgroup = driver.findElement(org.openqa.selenium.By.xpath(groupXpath)).getText(): null

2018-06-14 17:39:45 - [TEST_STEP][PASSED] - Statement - println(childgroup): null

2018-06-14 17:39:45 - [TEST_STEP][PASSED] - Statement - subGroupList[i - 1] = childgroup: null

2018-06-14 17:39:45 - [TEST_STEP][PASSED] - Statement - groupXpath = "(//span[@title='" + groupName + "']/following-sibling::ul/li/span[3]/span[2])[" + i + "]": null

2018-06-14 17:39:45 - [TEST_STEP][PASSED] - Statement - println(groupXpath): null

2018-06-14 17:39:45 - [TEST_STEP][PASSED] - Statement - childgroup = driver.findElement(org.openqa.selenium.By.xpath(groupXpath)).getText(): null

2018-06-14 17:39:45 - [TEST_STEP][PASSED] - Statement - println(childgroup): null

2018-06-14 17:39:45 - [TEST_STEP][PASSED] - Statement - subGroupList[i - 1] = childgroup: null

2018-06-14 17:39:45 - [TEST_STEP][PASSED] - Statement - groupXpath = "(//span[@title='" + groupName + "']/following-sibling::ul/li/span[3]/span[2])[" + i + "]": null

2018-06-14 17:39:45 - [TEST_STEP][PASSED] - Statement - println(groupXpath): null

2018-06-14 17:39:45 - [TEST_STEP][PASSED] - Statement - childgroup = driver.findElement(org.openqa.selenium.By.xpath(groupXpath)).getText(): null

2018-06-14 17:39:45 - [TEST_STEP][PASSED] - Statement - println(childgroup): null

2018-06-14 17:39:45 - [TEST_STEP][PASSED] - Statement - subGroupList[i - 1] = childgroup: null

2018-06-14 17:39:45 - [TEST_STEP][PASSED] - Statement - groupXpath = "(//span[@title='" + groupName + "']/following-sibling::ul/li/span[3]/span[2])[" + i + "]": null

2018-06-14 17:39:45 - [TEST_STEP][PASSED] - Statement - println(groupXpath): null

2018-06-14 17:39:45 - [TEST_STEP][PASSED] - Statement - childgroup = driver.findElement(org.openqa.selenium.By.xpath(groupXpath)).getText(): null

2018-06-14 17:39:45 - [TEST_STEP][PASSED] - Statement - println(childgroup): null

2018-06-14 17:39:45 - [TEST_STEP][PASSED] - Statement - subGroupList[i - 1] = childgroup: null

2018-06-14 17:39:45 - [TEST_STEP][PASSED] - Statement - groupXpath = "(//span[@title='" + groupName + "']/following-sibling::ul/li/span[3]/span[2])[" + i + "]": null

2018-06-14 17:39:45 - [TEST_STEP][PASSED] - Statement - println(groupXpath): null

2018-06-14 17:39:45 - [TEST_STEP][PASSED] - Statement - childgroup = driver.findElement(org.openqa.selenium.By.xpath(groupXpath)).getText(): null

2018-06-14 17:39:45 - [TEST_STEP][PASSED] - Statement - println(childgroup): null

2018-06-14 17:39:45 - [TEST_STEP][PASSED] - Statement - subGroupList[i - 1] = childgroup: null

2018-06-14 17:39:45 - [TEST_STEP][PASSED] - Statement - groupXpath = "(//span[@title='" + groupName + "']/following-sibling::ul/li/span[3]/span[2])[" + i + "]": null

2018-06-14 17:39:45 - [TEST_STEP][PASSED] - Statement - println(groupXpath): null

2018-06-14 17:39:45 - [TEST_STEP][PASSED] - Statement - childgroup = driver.findElement(org.openqa.selenium.By.xpath(groupXpath)).getText(): null

2018-06-14 17:39:45 - [TEST_STEP][PASSED] - Statement - println(childgroup): null

2018-06-14 17:39:45 - [TEST_STEP][PASSED] - Statement - subGroupList[i - 1] = childgroup: null

2018-06-14 17:39:45 - [TEST_STEP][PASSED] - Statement - groupXpath = "(//span[@title='" + groupName + "']/following-sibling::ul/li/span[3]/span[2])[" + i + "]": null

2018-06-14 17:39:45 - [TEST_STEP][PASSED] - Statement - println(groupXpath): null

2018-06-14 17:39:45 - [TEST_STEP][PASSED] - Statement - childgroup = driver.findElement(org.openqa.selenium.By.xpath(groupXpath)).getText(): null

2018-06-14 17:39:45 - [TEST_STEP][PASSED] - Statement - println(childgroup): null

2018-06-14 17:39:45 - [TEST_STEP][PASSED] - Statement - subGroupList[i - 1] = childgroup: null

2018-06-14 17:39:45 - [TEST_STEP][PASSED] - Statement - groupXpath = "(//span[@title='" + groupName + "']/following-sibling::ul/li/span[3]/span[2])[" + i + "]": null

2018-06-14 17:39:45 - [TEST_STEP][PASSED] - Statement - println(groupXpath): null

2018-06-14 17:39:45 - [TEST_STEP][PASSED] - Statement - childgroup = driver.findElement(org.openqa.selenium.By.xpath(groupXpath)).getText(): null

2018-06-14 17:39:45 - [TEST_STEP][PASSED] - Statement - println(childgroup): null

2018-06-14 17:39:45 - [TEST_STEP][PASSED] - Statement - subGroupList[i - 1] = childgroup: null

2018-06-14 17:39:45 - [TEST_STEP][PASSED] - Statement - groupXpath = "(//span[@title='" + groupName + "']/following-sibling::ul/li/span[3]/span[2])[" + i + "]": null

2018-06-14 17:39:45 - [TEST_STEP][PASSED] - Statement - println(groupXpath): null

2018-06-14 17:39:45 - [TEST_STEP][PASSED] - Statement - childgroup = driver.findElement(org.openqa.selenium.By.xpath(groupXpath)).getText(): null

2018-06-14 17:39:45 - [TEST_STEP][PASSED] - Statement - println(childgroup): null

2018-06-14 17:39:45 - [TEST_STEP][PASSED] - Statement - subGroupList[i - 1] = childgroup: null

2018-06-14 17:39:45 - [TEST_STEP][PASSED] - Statement - groupXpath = "(//span[@title='" + groupName + "']/following-sibling::ul/li/span[3]/span[2])[" + i + "]": null

2018-06-14 17:39:45 - [TEST_STEP][PASSED] - Statement - println(groupXpath): null

2018-06-14 17:39:45 - [TEST_STEP][PASSED] - Statement - childgroup = driver.findElement(org.openqa.selenium.By.xpath(groupXpath)).getText(): null

2018-06-14 17:39:45 - [TEST_STEP][PASSED] - Statement - println(childgroup): null

2018-06-14 17:39:45 - [TEST_STEP][PASSED] - Statement - subGroupList[i - 1] = childgroup: null

2018-06-14 17:39:45 - [TEST_STEP][PASSED] - Statement - groupXpath = "(//span[@title='" + groupName + "']/following-sibling::ul/li/span[3]/span[2])[" + i + "]": null

2018-06-14 17:39:45 - [TEST_STEP][PASSED] - Statement - println(groupXpath): null

2018-06-14 17:39:45 - [TEST_STEP][PASSED] - Statement - childgroup = driver.findElement(org.openqa.selenium.By.xpath(groupXpath)).getText(): null

2018-06-14 17:39:45 - [TEST_STEP][PASSED] - Statement - println(childgroup): null

2018-06-14 17:39:45 - [TEST_STEP][PASSED] - Statement - subGroupList[i - 1] = childgroup: null

2018-06-14 17:39:45 - [TEST_STEP][PASSED] - Statement - groupXpath = "(//span[@title='" + groupName + "']/following-sibling::ul/li/span[3]/span[2])[" + i + "]": null

2018-06-14 17:39:45 - [TEST_STEP][PASSED] - Statement - println(groupXpath): null

2018-06-14 17:39:45 - [TEST_STEP][PASSED] - Statement - childgroup = driver.findElement(org.openqa.selenium.By.xpath(groupXpath)).getText(): null

2018-06-14 17:39:45 - [TEST_STEP][PASSED] - Statement - println(childgroup): null

2018-06-14 17:39:45 - [TEST_STEP][PASSED] - Statement - subGroupList[i - 1] = childgroup: null

2018-06-14 17:39:45 - [TEST_STEP][PASSED] - Statement - groupXpath = "(//span[@title='" + groupName + "']/following-sibling::ul/li/span[3]/span[2])[" + i + "]": null

2018-06-14 17:39:45 - [TEST_STEP][PASSED] - Statement - println(groupXpath): null

2018-06-14 17:39:45 - [TEST_STEP][PASSED] - Statement - childgroup = driver.findElement(org.openqa.selenium.By.xpath(groupXpath)).getText(): null

2018-06-14 17:39:45 - [TEST_STEP][PASSED] - Statement - println(childgroup): null

2018-06-14 17:39:45 - [TEST_STEP][PASSED] - Statement - subGroupList[i - 1] = childgroup: null

2018-06-14 17:39:45 - [TEST_STEP][PASSED] - Statement - groupXpath = "(//span[@title='" + groupName + "']/following-sibling::ul/li/span[3]/span[2])[" + i + "]": null

2018-06-14 17:39:45 - [TEST_STEP][PASSED] - Statement - println(groupXpath): null

2018-06-14 17:39:45 - [TEST_STEP][PASSED] - Statement - childgroup = driver.findElement(org.openqa.selenium.By.xpath(groupXpath)).getText(): null

2018-06-14 17:39:45 - [TEST_STEP][PASSED] - Statement - println(childgroup): null

2018-06-14 17:39:45 - [TEST_STEP][PASSED] - Statement - subGroupList[i - 1] = childgroup: null

2018-06-14 17:39:45 - [TEST_STEP][PASSED] - Statement - groupXpath = "(//span[@title='" + groupName + "']/following-sibling::ul/li/span[3]/span[2])[" + i + "]": null

2018-06-14 17:39:45 - [TEST_STEP][PASSED] - Statement - println(groupXpath): null

2018-06-14 17:39:45 - [TEST_STEP][PASSED] - Statement - childgroup = driver.findElement(org.openqa.selenium.By.xpath(groupXpath)).getText(): null

2018-06-14 17:39:45 - [TEST_STEP][PASSED] - Statement - println(childgroup): null

2018-06-14 17:39:45 - [TEST_STEP][PASSED] - Statement - subGroupList[i - 1] = childgroup: null

2018-06-14 17:39:45 - [TEST_STEP][PASSED] - Statement - groupXpath = "(//span[@title='" + groupName + "']/following-sibling::ul/li/span[3]/span[2])[" + i + "]": null

2018-06-14 17:39:45 - [TEST_STEP][PASSED] - Statement - println(groupXpath): null

2018-06-14 17:39:45 - [TEST_STEP][PASSED] - Statement - childgroup = driver.findElement(org.openqa.selenium.By.xpath(groupXpath)).getText(): null

2018-06-14 17:39:45 - [TEST_STEP][PASSED] - Statement - println(childgroup): null

2018-06-14 17:39:45 - [TEST_STEP][PASSED] - Statement - subGroupList[i - 1] = childgroup: null

2018-06-14 17:39:45 - [TEST_STEP][PASSED] - Statement - groupXpath = "(//span[@title='" + groupName + "']/following-sibling::ul/li/span[3]/span[2])[" + i + "]": null

2018-06-14 17:39:45 - [TEST_STEP][PASSED] - Statement - println(groupXpath): null

2018-06-14 17:39:45 - [TEST_STEP][PASSED] - Statement - childgroup = driver.findElement(org.openqa.selenium.By.xpath(groupXpath)).getText(): null

2018-06-14 17:39:45 - [TEST_STEP][PASSED] - Statement - println(childgroup): null

2018-06-14 17:39:45 - [TEST_STEP][PASSED] - Statement - subGroupList[i - 1] = childgroup: null

2018-06-14 17:39:45 - [TEST_STEP][PASSED] - Statement - groupXpath = "(//span[@title='" + groupName + "']/following-sibling::ul/li/span[3]/span[2])[" + i + "]": null

2018-06-14 17:39:45 - [TEST_STEP][PASSED] - Statement - println(groupXpath): null

2018-06-14 17:39:45 - [TEST_STEP][PASSED] - Statement - childgroup = driver.findElement(org.openqa.selenium.By.xpath(groupXpath)).getText(): null

2018-06-14 17:39:45 - [TEST_STEP][PASSED] - Statement - println(childgroup): null

2018-06-14 17:39:45 - [TEST_STEP][PASSED] - Statement - subGroupList[i - 1] = childgroup: null

2018-06-14 17:39:45 - [TEST_STEP][PASSED] - Statement - groupXpath = "(//span[@title='" + groupName + "']/following-sibling::ul/li/span[3]/span[2])[" + i + "]": null

2018-06-14 17:39:45 - [TEST_STEP][PASSED] - Statement - println(groupXpath): null

2018-06-14 17:39:45 - [TEST_STEP][PASSED] - Statement - childgroup = driver.findElement(org.openqa.selenium.By.xpath(groupXpath)).getText(): null

2018-06-14 17:39:45 - [TEST_STEP][PASSED] - Statement - println(childgroup): null

2018-06-14 17:39:45 - [TEST_STEP][PASSED] - Statement - subGroupList[i - 1] = childgroup: null

2018-06-14 17:39:45 - [TEST_STEP][PASSED] - Statement - groupXpath = "(//span[@title='" + groupName + "']/following-sibling::ul/li/span[3]/span[2])[" + i + "]": null

2018-06-14 17:39:45 - [TEST_STEP][PASSED] - Statement - println(groupXpath): null

2018-06-14 17:39:45 - [TEST_STEP][PASSED] - Statement - childgroup = driver.findElement(org.openqa.selenium.By.xpath(groupXpath)).getText(): null

2018-06-14 17:39:45 - [TEST_STEP][PASSED] - Statement - println(childgroup): null

2018-06-14 17:39:45 - [TEST_STEP][PASSED] - Statement - subGroupList[i - 1] = childgroup: null

2018-06-14 17:39:45 - [TEST_STEP][PASSED] - Statement - groupXpath = "(//span[@title='" + groupName + "']/following-sibling::ul/li/span[3]/span[2])[" + i + "]": null

2018-06-14 17:39:45 - [TEST_STEP][PASSED] - Statement - println(groupXpath): null

2018-06-14 17:39:45 - [TEST_STEP][PASSED] - Statement - childgroup = driver.findElement(org.openqa.selenium.By.xpath(groupXpath)).getText(): null

2018-06-14 17:39:45 - [TEST_STEP][PASSED] - Statement - println(childgroup): null

2018-06-14 17:39:45 - [TEST_STEP][PASSED] - Statement - subGroupList[i - 1] = childgroup: null

2018-06-14 17:39:45 - [TEST_STEP][PASSED] - Statement - groupXpath = "(//span[@title='" + groupName + "']/following-sibling::ul/li/span[3]/span[2])[" + i + "]": null

2018-06-14 17:39:45 - [TEST_STEP][PASSED] - Statement - println(groupXpath): null

2018-06-14 17:39:45 - [TEST_STEP][PASSED] - Statement - childgroup = driver.findElement(org.openqa.selenium.By.xpath(groupXpath)).getText(): null

2018-06-14 17:39:45 - [TEST_STEP][PASSED] - Statement - println(childgroup): null

2018-06-14 17:39:45 - [TEST_STEP][PASSED] - Statement - subGroupList[i - 1] = childgroup: null

2018-06-14 17:39:45 - [TEST_STEP][PASSED] - Statement - groupXpath = "(//span[@title='" + groupName + "']/following-sibling::ul/li/span[3]/span[2])[" + i + "]": null

2018-06-14 17:39:45 - [TEST_STEP][PASSED] - Statement - println(groupXpath): null

2018-06-14 17:39:45 - [TEST_STEP][PASSED] - Statement - childgroup = driver.findElement(org.openqa.selenium.By.xpath(groupXpath)).getText(): null

2018-06-14 17:39:45 - [TEST_STEP][PASSED] - Statement - println(childgroup): null

2018-06-14 17:39:45 - [TEST_STEP][PASSED] - Statement - subGroupList[i - 1] = childgroup: null

2018-06-14 17:39:45 - [TEST_STEP][PASSED] - Statement - groupXpath = "(//span[@title='" + groupName + "']/following-sibling::ul/li/span[3]/span[2])[" + i + "]": null

2018-06-14 17:39:45 - [TEST_STEP][PASSED] - Statement - println(groupXpath): null

2018-06-14 17:39:45 - [TEST_STEP][PASSED] - Statement - childgroup = driver.findElement(org.openqa.selenium.By.xpath(groupXpath)).getText(): null

2018-06-14 17:39:45 - [TEST_STEP][PASSED] - Statement - println(childgroup): null

2018-06-14 17:39:45 - [TEST_STEP][PASSED] - Statement - subGroupList[i - 1] = childgroup: null

2018-06-14 17:39:45 - [TEST_STEP][PASSED] - Statement - groupXpath = "(//span[@title='" + groupName + "']/following-sibling::ul/li/span[3]/span[2])[" + i + "]": null

2018-06-14 17:39:45 - [TEST_STEP][PASSED] - Statement - println(groupXpath): null

2018-06-14 17:39:45 - [TEST_STEP][PASSED] - Statement - childgroup = driver.findElement(org.openqa.selenium.By.xpath(groupXpath)).getText(): null

2018-06-14 17:39:45 - [TEST_STEP][PASSED] - Statement - println(childgroup): null

2018-06-14 17:39:45 - [TEST_STEP][PASSED] - Statement - subGroupList[i - 1] = childgroup: null

2018-06-14 17:39:45 - [TEST_STEP][PASSED] - Statement - groupXpath = "(//span[@title='" + groupName + "']/following-sibling::ul/li/span[3]/span[2])[" + i + "]": null

2018-06-14 17:39:45 - [TEST_STEP][PASSED] - Statement - println(groupXpath): null

2018-06-14 17:39:45 - [TEST_STEP][PASSED] - Statement - childgroup = driver.findElement(org.openqa.selenium.By.xpath(groupXpath)).getText(): null

2018-06-14 17:39:45 - [TEST_STEP][PASSED] - Statement - println(childgroup): null

2018-06-14 17:39:45 - [TEST_STEP][PASSED] - Statement - subGroupList[i - 1] = childgroup: null

2018-06-14 17:39:45 - [TEST_STEP][PASSED] - Statement - groupXpath = "(//span[@title='" + groupName + "']/following-sibling::ul/li/span[3]/span[2])[" + i + "]": null

2018-06-14 17:39:45 - [TEST_STEP][PASSED] - Statement - println(groupXpath): null

2018-06-14 17:39:45 - [TEST_STEP][PASSED] - Statement - childgroup = driver.findElement(org.openqa.selenium.By.xpath(groupXpath)).getText(): null

2018-06-14 17:39:45 - [TEST_STEP][PASSED] - Statement - println(childgroup): null

2018-06-14 17:39:45 - [TEST_STEP][PASSED] - Statement - subGroupList[i - 1] = childgroup: null

2018-06-14 17:39:45 - [TEST_STEP][PASSED] - Statement - groupXpath = "(//span[@title='" + groupName + "']/following-sibling::ul/li/span[3]/span[2])[" + i + "]": null

2018-06-14 17:39:45 - [TEST_STEP][PASSED] - Statement - println(groupXpath): null

2018-06-14 17:39:45 - [TEST_STEP][PASSED] - Statement - childgroup = driver.findElement(org.openqa.selenium.By.xpath(groupXpath)).getText(): null

2018-06-14 17:39:45 - [TEST_STEP][PASSED] - Statement - println(childgroup): null

2018-06-14 17:39:45 - [TEST_STEP][PASSED] - Statement - subGroupList[i - 1] = childgroup: null

2018-06-14 17:39:45 - [TEST_STEP][PASSED] - Statement - groupXpath = "(//span[@title='" + groupName + "']/following-sibling::ul/li/span[3]/span[2])[" + i + "]": null

2018-06-14 17:39:45 - [TEST_STEP][PASSED] - Statement - println(groupXpath): null

2018-06-14 17:39:45 - [TEST_STEP][PASSED] - Statement - childgroup = driver.findElement(org.openqa.selenium.By.xpath(groupXpath)).getText(): null

2018-06-14 17:39:45 - [TEST_STEP][PASSED] - Statement - println(childgroup): null

2018-06-14 17:39:45 - [TEST_STEP][PASSED] - Statement - subGroupList[i - 1] = childgroup: null

2018-06-14 17:39:45 - [TEST_STEP][PASSED] - Statement - groupXpath = "(//span[@title='" + groupName + "']/following-sibling::ul/li/span[3]/span[2])[" + i + "]": null

2018-06-14 17:39:45 - [TEST_STEP][PASSED] - Statement - println(groupXpath): null

2018-06-14 17:39:45 - [TEST_STEP][PASSED] - Statement - childgroup = driver.findElement(org.openqa.selenium.By.xpath(groupXpath)).getText(): null

2018-06-14 17:39:45 - [TEST_STEP][PASSED] - Statement - println(childgroup): null

2018-06-14 17:39:45 - [TEST_STEP][PASSED] - Statement - subGroupList[i - 1] = childgroup: null

2018-06-14 17:39:45 - [TEST_STEP][PASSED] - Statement - groupXpath = "(//span[@title='" + groupName + "']/following-sibling::ul/li/span[3]/span[2])[" + i + "]": null

2018-06-14 17:39:45 - [TEST_STEP][PASSED] - Statement - println(groupXpath): null

2018-06-14 17:39:45 - [TEST_STEP][PASSED] - Statement - childgroup = driver.findElement(org.openqa.selenium.By.xpath(groupXpath)).getText(): null

2018-06-14 17:39:45 - [TEST_STEP][PASSED] - Statement - println(childgroup): null

2018-06-14 17:39:45 - [TEST_STEP][PASSED] - Statement - subGroupList[i - 1] = childgroup: null

2018-06-14 17:39:45 - [TEST_STEP][PASSED] - Statement - groupXpath = "(//span[@title='" + groupName + "']/following-sibling::ul/li/span[3]/span[2])[" + i + "]": null

2018-06-14 17:39:45 - [TEST_STEP][PASSED] - Statement - println(groupXpath): null

2018-06-14 17:39:45 - [TEST_STEP][PASSED] - Statement - childgroup = driver.findElement(org.openqa.selenium.By.xpath(groupXpath)).getText(): null

2018-06-14 17:39:45 - [TEST_STEP][PASSED] - Statement - println(childgroup): null

2018-06-14 17:39:45 - [TEST_STEP][PASSED] - Statement - subGroupList[i - 1] = childgroup: null

2018-06-14 17:39:45 - [TEST_STEP][PASSED] - Statement - groupXpath = "(//span[@title='" + groupName + "']/following-sibling::ul/li/span[3]/span[2])[" + i + "]": null

2018-06-14 17:39:45 - [TEST_STEP][PASSED] - Statement - println(groupXpath): null

2018-06-14 17:39:45 - [TEST_STEP][PASSED] - Statement - childgroup = driver.findElement(org.openqa.selenium.By.xpath(groupXpath)).getText(): null

2018-06-14 17:39:45 - [TEST_STEP][PASSED] - Statement - println(childgroup): null

2018-06-14 17:39:45 - [TEST_STEP][PASSED] - Statement - subGroupList[i - 1] = childgroup: null

2018-06-14 17:39:45 - [TEST_STEP][PASSED] - Statement - groupXpath = "(//span[@title='" + groupName + "']/following-sibling::ul/li/span[3]/span[2])[" + i + "]": null

2018-06-14 17:39:45 - [TEST_STEP][PASSED] - Statement - println(groupXpath): null

2018-06-14 17:39:45 - [TEST_STEP][PASSED] - Statement - childgroup = driver.findElement(org.openqa.selenium.By.xpath(groupXpath)).getText(): null

2018-06-14 17:39:46 - [TEST_STEP][PASSED] - Statement - println(childgroup): null

2018-06-14 17:39:46 - [TEST_STEP][PASSED] - Statement - subGroupList[i - 1] = childgroup: null

2018-06-14 17:39:46 - [TEST_STEP][PASSED] - Statement - groupXpath = "(//span[@title='" + groupName + "']/following-sibling::ul/li/span[3]/span[2])[" + i + "]": null

2018-06-14 17:39:46 - [TEST_STEP][PASSED] - Statement - println(groupXpath): null

2018-06-14 17:39:46 - [TEST_STEP][PASSED] - Statement - childgroup = driver.findElement(org.openqa.selenium.By.xpath(groupXpath)).getText(): null

2018-06-14 17:39:46 - [TEST_STEP][PASSED] - Statement - println(childgroup): null

2018-06-14 17:39:46 - [TEST_STEP][PASSED] - Statement - subGroupList[i - 1] = childgroup: null

2018-06-14 17:39:46 - [TEST_STEP][PASSED] - Statement - groupXpath = "(//span[@title='" + groupName + "']/following-sibling::ul/li/span[3]/span[2])[" + i + "]": null

2018-06-14 17:39:46 - [TEST_STEP][PASSED] - Statement - println(groupXpath): null

2018-06-14 17:39:46 - [TEST_STEP][PASSED] - Statement - childgroup = driver.findElement(org.openqa.selenium.By.xpath(groupXpath)).getText(): null

2018-06-14 17:39:46 - [TEST_STEP][PASSED] - Statement - println(childgroup): null

2018-06-14 17:39:46 - [TEST_STEP][PASSED] - Statement - subGroupList[i - 1] = childgroup: null

2018-06-14 17:39:46 - [TEST_STEP][PASSED] - Statement - groupXpath = "(//span[@title='" + groupName + "']/following-sibling::ul/li/span[3]/span[2])[" + i + "]": null

2018-06-14 17:39:46 - [TEST_STEP][PASSED] - Statement - println(groupXpath): null

2018-06-14 17:39:46 - [TEST_STEP][PASSED] - Statement - childgroup = driver.findElement(org.openqa.selenium.By.xpath(groupXpath)).getText(): null

2018-06-14 17:39:46 - [TEST_STEP][PASSED] - Statement - println(childgroup): null

2018-06-14 17:39:46 - [TEST_STEP][PASSED] - Statement - subGroupList[i - 1] = childgroup: null

2018-06-14 17:39:46 - [TEST_STEP][PASSED] - Statement - groupXpath = "(//span[@title='" + groupName + "']/following-sibling::ul/li/span[3]/span[2])[" + i + "]": null

2018-06-14 17:39:46 - [TEST_STEP][PASSED] - Statement - println(groupXpath): null

2018-06-14 17:39:46 - [TEST_STEP][PASSED] - Statement - childgroup = driver.findElement(org.openqa.selenium.By.xpath(groupXpath)).getText(): null

2018-06-14 17:39:46 - [TEST_STEP][PASSED] - Statement - println(childgroup): null

2018-06-14 17:39:46 - [TEST_STEP][PASSED] - Statement - subGroupList[i - 1] = childgroup: null

2018-06-14 17:39:46 - [TEST_STEP][PASSED] - Statement - groupXpath = "(//span[@title='" + groupName + "']/following-sibling::ul/li/span[3]/span[2])[" + i + "]": null

2018-06-14 17:39:46 - [TEST_STEP][PASSED] - Statement - println(groupXpath): null

2018-06-14 17:39:46 - [TEST_STEP][PASSED] - Statement - childgroup = driver.findElement(org.openqa.selenium.By.xpath(groupXpath)).getText(): null

2018-06-14 17:39:46 - [TEST_STEP][PASSED] - Statement - println(childgroup): null

2018-06-14 17:39:46 - [TEST_STEP][PASSED] - Statement - subGroupList[i - 1] = childgroup: null

2018-06-14 17:39:46 - [TEST_STEP][PASSED] - Statement - groupXpath = "(//span[@title='" + groupName + "']/following-sibling::ul/li/span[3]/span[2])[" + i + "]": null

2018-06-14 17:39:46 - [TEST_STEP][PASSED] - Statement - println(groupXpath): null

2018-06-14 17:39:46 - [TEST_STEP][PASSED] - Statement - childgroup = driver.findElement(org.openqa.selenium.By.xpath(groupXpath)).getText(): null

2018-06-14 17:39:46 - [TEST_STEP][PASSED] - Statement - println(childgroup): null

2018-06-14 17:39:46 - [TEST_STEP][PASSED] - Statement - subGroupList[i - 1] = childgroup: null

2018-06-14 17:39:46 - [TEST_STEP][PASSED] - Statement - groupXpath = "(//span[@title='" + groupName + "']/following-sibling::ul/li/span[3]/span[2])[" + i + "]": null

2018-06-14 17:39:46 - [TEST_STEP][PASSED] - Statement - println(groupXpath): null

2018-06-14 17:39:46 - [TEST_STEP][PASSED] - Statement - childgroup = driver.findElement(org.openqa.selenium.By.xpath(groupXpath)).getText(): null

2018-06-14 17:39:46 - [TEST_STEP][PASSED] - Statement - println(childgroup): null

2018-06-14 17:39:46 - [TEST_STEP][PASSED] - Statement - subGroupList[i - 1] = childgroup: null

2018-06-14 17:39:46 - [TEST_STEP][PASSED] - Statement - groupXpath = "(//span[@title='" + groupName + "']/following-sibling::ul/li/span[3]/span[2])[" + i + "]": null

2018-06-14 17:39:46 - [TEST_STEP][PASSED] - Statement - println(groupXpath): null

2018-06-14 17:39:46 - [TEST_STEP][PASSED] - Statement - childgroup = driver.findElement(org.openqa.selenium.By.xpath(groupXpath)).getText(): null

2018-06-14 17:39:46 - [TEST_STEP][PASSED] - Statement - println(childgroup): null

2018-06-14 17:39:46 - [TEST_STEP][PASSED] - Statement - subGroupList[i - 1] = childgroup: null

2018-06-14 17:39:46 - [TEST_STEP][PASSED] - Statement - groupXpath = "(//span[@title='" + groupName + "']/following-sibling::ul/li/span[3]/span[2])[" + i + "]": null

2018-06-14 17:39:46 - [TEST_STEP][PASSED] - Statement - println(groupXpath): null

2018-06-14 17:39:46 - [TEST_STEP][PASSED] - Statement - childgroup = driver.findElement(org.openqa.selenium.By.xpath(groupXpath)).getText(): null

2018-06-14 17:39:46 - [TEST_STEP][PASSED] - Statement - println(childgroup): null

2018-06-14 17:39:46 - [TEST_STEP][PASSED] - Statement - subGroupList[i - 1] = childgroup: null

2018-06-14 17:39:46 - [TEST_STEP][PASSED] - Statement - groupXpath = "(//span[@title='" + groupName + "']/following-sibling::ul/li/span[3]/span[2])[" + i + "]": null

2018-06-14 17:39:46 - [TEST_STEP][PASSED] - Statement - println(groupXpath): null

2018-06-14 17:39:46 - [TEST_STEP][PASSED] - Statement - childgroup = driver.findElement(org.openqa.selenium.By.xpath(groupXpath)).getText(): null

2018-06-14 17:39:46 - [TEST_STEP][PASSED] - Statement - println(childgroup): null

2018-06-14 17:39:46 - [TEST_STEP][PASSED] - Statement - subGroupList[i - 1] = childgroup: null

2018-06-14 17:39:46 - [TEST_STEP][PASSED] - Statement - groupXpath = "(//span[@title='" + groupName + "']/following-sibling::ul/li/span[3]/span[2])[" + i + "]": null

2018-06-14 17:39:46 - [TEST_STEP][PASSED] - Statement - println(groupXpath): null

2018-06-14 17:39:46 - [TEST_STEP][PASSED] - Statement - childgroup = driver.findElement(org.openqa.selenium.By.xpath(groupXpath)).getText(): null

2018-06-14 17:39:46 - [TEST_STEP][PASSED] - Statement - println(childgroup): null

2018-06-14 17:39:46 - [TEST_STEP][PASSED] - Statement - subGroupList[i - 1] = childgroup: null

2018-06-14 17:39:46 - [TEST_STEP][PASSED] - Statement - groupXpath = "(//span[@title='" + groupName + "']/following-sibling::ul/li/span[3]/span[2])[" + i + "]": null

2018-06-14 17:39:46 - [TEST_STEP][PASSED] - Statement - println(groupXpath): null

2018-06-14 17:39:46 - [TEST_STEP][PASSED] - Statement - childgroup = driver.findElement(org.openqa.selenium.By.xpath(groupXpath)).getText(): null

2018-06-14 17:39:46 - [TEST_STEP][PASSED] - Statement - println(childgroup): null

2018-06-14 17:39:46 - [TEST_STEP][PASSED] - Statement - subGroupList[i - 1] = childgroup: null

2018-06-14 17:39:46 - [TEST_STEP][PASSED] - Statement - groupXpath = "(//span[@title='" + groupName + "']/following-sibling::ul/li/span[3]/span[2])[" + i + "]": null

2018-06-14 17:39:46 - [TEST_STEP][PASSED] - Statement - println(groupXpath): null

2018-06-14 17:39:46 - [TEST_STEP][PASSED] - Statement - childgroup = driver.findElement(org.openqa.selenium.By.xpath(groupXpath)).getText(): null

2018-06-14 17:39:46 - [TEST_STEP][PASSED] - Statement - println(childgroup): null

2018-06-14 17:39:46 - [TEST_STEP][PASSED] - Statement - subGroupList[i - 1] = childgroup: null

2018-06-14 17:39:46 - [TEST_STEP][PASSED] - Statement - groupXpath = "(//span[@title='" + groupName + "']/following-sibling::ul/li/span[3]/span[2])[" + i + "]": null

2018-06-14 17:39:46 - [TEST_STEP][PASSED] - Statement - println(groupXpath): null

2018-06-14 17:39:46 - [TEST_STEP][PASSED] - Statement - childgroup = driver.findElement(org.openqa.selenium.By.xpath(groupXpath)).getText(): null

2018-06-14 17:39:46 - [TEST_STEP][PASSED] - Statement - println(childgroup): null

2018-06-14 17:39:46 - [TEST_STEP][PASSED] - Statement - subGroupList[i - 1] = childgroup: null

2018-06-14 17:39:46 - [TEST_STEP][PASSED] - Statement - groupXpath = "(//span[@title='" + groupName + "']/following-sibling::ul/li/span[3]/span[2])[" + i + "]": null

2018-06-14 17:39:46 - [TEST_STEP][PASSED] - Statement - println(groupXpath): null

2018-06-14 17:39:46 - [TEST_STEP][PASSED] - Statement - childgroup = driver.findElement(org.openqa.selenium.By.xpath(groupXpath)).getText(): null

2018-06-14 17:39:46 - [TEST_STEP][PASSED] - Statement - println(childgroup): null

2018-06-14 17:39:46 - [TEST_STEP][PASSED] - Statement - subGroupList[i - 1] = childgroup: null

2018-06-14 17:39:46 - [TEST_STEP][PASSED] - Statement - groupXpath = "(//span[@title='" + groupName + "']/following-sibling::ul/li/span[3]/span[2])[" + i + "]": null

2018-06-14 17:39:46 - [TEST_STEP][PASSED] - Statement - println(groupXpath): null

2018-06-14 17:39:46 - [TEST_STEP][PASSED] - Statement - childgroup = driver.findElement(org.openqa.selenium.By.xpath(groupXpath)).getText(): null

2018-06-14 17:39:46 - [TEST_STEP][PASSED] - Statement - println(childgroup): null

2018-06-14 17:39:46 - [TEST_STEP][PASSED] - Statement - subGroupList[i - 1] = childgroup: null

2018-06-14 17:39:46 - [TEST_STEP][PASSED] - Statement - groupXpath = "(//span[@title='" + groupName + "']/following-sibling::ul/li/span[3]/span[2])[" + i + "]": null

2018-06-14 17:39:46 - [TEST_STEP][PASSED] - Statement - println(groupXpath): null

2018-06-14 17:39:46 - [TEST_STEP][PASSED] - Statement - childgroup = driver.findElement(org.openqa.selenium.By.xpath(groupXpath)).getText(): null

2018-06-14 17:39:46 - [TEST_STEP][PASSED] - Statement - println(childgroup): null

2018-06-14 17:39:46 - [TEST_STEP][PASSED] - Statement - subGroupList[i - 1] = childgroup: null

2018-06-14 17:39:46 - [TEST_STEP][PASSED] - Statement - groupXpath = "(//span[@title='" + groupName + "']/following-sibling::ul/li/span[3]/span[2])[" + i + "]": null

2018-06-14 17:39:46 - [TEST_STEP][PASSED] - Statement - println(groupXpath): null

2018-06-14 17:39:46 - [TEST_STEP][PASSED] - Statement - childgroup = driver.findElement(org.openqa.selenium.By.xpath(groupXpath)).getText(): null

2018-06-14 17:39:46 - [TEST_STEP][PASSED] - Statement - println(childgroup): null

2018-06-14 17:39:46 - [TEST_STEP][PASSED] - Statement - subGroupList[i - 1] = childgroup: null

2018-06-14 17:39:46 - [TEST_STEP][PASSED] - Statement - groupXpath = "(//span[@title='" + groupName + "']/following-sibling::ul/li/span[3]/span[2])[" + i + "]": null

2018-06-14 17:39:46 - [TEST_STEP][PASSED] - Statement - println(groupXpath): null

2018-06-14 17:39:46 - [TEST_STEP][PASSED] - Statement - childgroup = driver.findElement(org.openqa.selenium.By.xpath(groupXpath)).getText(): null

2018-06-14 17:39:46 - [TEST_STEP][PASSED] - Statement - println(childgroup): null

2018-06-14 17:39:46 - [TEST_STEP][PASSED] - Statement - subGroupList[i - 1] = childgroup: null

2018-06-14 17:39:46 - [TEST_STEP][PASSED] - Statement - groupXpath = "(//span[@title='" + groupName + "']/following-sibling::ul/li/span[3]/span[2])[" + i + "]": null

2018-06-14 17:39:46 - [TEST_STEP][PASSED] - Statement - println(groupXpath): null

2018-06-14 17:39:46 - [TEST_STEP][PASSED] - Statement - childgroup = driver.findElement(org.openqa.selenium.By.xpath(groupXpath)).getText(): null

2018-06-14 17:39:46 - [TEST_STEP][PASSED] - Statement - println(childgroup): null

2018-06-14 17:39:46 - [TEST_STEP][PASSED] - Statement - subGroupList[i - 1] = childgroup: null

2018-06-14 17:39:46 - [TEST_STEP][PASSED] - Statement - groupXpath = "(//span[@title='" + groupName + "']/following-sibling::ul/li/span[3]/span[2])[" + i + "]": null

2018-06-14 17:39:46 - [TEST_STEP][PASSED] - Statement - println(groupXpath): null

2018-06-14 17:39:46 - [TEST_STEP][PASSED] - Statement - childgroup = driver.findElement(org.openqa.selenium.By.xpath(groupXpath)).getText(): null

2018-06-14 17:39:46 - [TEST_STEP][PASSED] - Statement - println(childgroup): null

2018-06-14 17:39:46 - [TEST_STEP][PASSED] - Statement - subGroupList[i - 1] = childgroup: null

2018-06-14 17:39:46 - [TEST_STEP][PASSED] - Statement - groupXpath = "(//span[@title='" + groupName + "']/following-sibling::ul/li/span[3]/span[2])[" + i + "]": null

2018-06-14 17:39:46 - [TEST_STEP][PASSED] - Statement - println(groupXpath): null

2018-06-14 17:39:46 - [TEST_STEP][PASSED] - Statement - childgroup = driver.findElement(org.openqa.selenium.By.xpath(groupXpath)).getText(): null

2018-06-14 17:39:46 - [TEST_STEP][PASSED] - Statement - println(childgroup): null

2018-06-14 17:39:46 - [TEST_STEP][PASSED] - Statement - subGroupList[i - 1] = childgroup: null

2018-06-14 17:39:46 - [TEST_STEP][PASSED] - Statement - groupXpath = "(//span[@title='" + groupName + "']/following-sibling::ul/li/span[3]/span[2])[" + i + "]": null

2018-06-14 17:39:46 - [TEST_STEP][PASSED] - Statement - println(groupXpath): null

2018-06-14 17:39:46 - [TEST_STEP][PASSED] - Statement - childgroup = driver.findElement(org.openqa.selenium.By.xpath(groupXpath)).getText(): null

2018-06-14 17:39:46 - [TEST_STEP][PASSED] - Statement - println(childgroup): null

2018-06-14 17:39:46 - [TEST_STEP][PASSED] - Statement - subGroupList[i - 1] = childgroup: null

2018-06-14 17:39:46 - [TEST_STEP][PASSED] - Statement - groupXpath = "(//span[@title='" + groupName + "']/following-sibling::ul/li/span[3]/span[2])[" + i + "]": null

2018-06-14 17:39:46 - [TEST_STEP][PASSED] - Statement - println(groupXpath): null

2018-06-14 17:39:46 - [TEST_STEP][PASSED] - Statement - childgroup = driver.findElement(org.openqa.selenium.By.xpath(groupXpath)).getText(): null

2018-06-14 17:39:46 - [TEST_STEP][PASSED] - Statement - println(childgroup): null

2018-06-14 17:39:46 - [TEST_STEP][PASSED] - Statement - subGroupList[i - 1] = childgroup: null

2018-06-14 17:39:46 - [TEST_STEP][PASSED] - Statement - groupXpath = "(//span[@title='" + groupName + "']/following-sibling::ul/li/span[3]/span[2])[" + i + "]": null

2018-06-14 17:39:46 - [TEST_STEP][PASSED] - Statement - println(groupXpath): null

2018-06-14 17:39:46 - [TEST_STEP][PASSED] - Statement - childgroup = driver.findElement(org.openqa.selenium.By.xpath(groupXpath)).getText(): null

2018-06-14 17:39:46 - [TEST_STEP][PASSED] - Statement - println(childgroup): null

2018-06-14 17:39:46 - [TEST_STEP][PASSED] - Statement - subGroupList[i - 1] = childgroup: null

2018-06-14 17:39:46 - [TEST_STEP][PASSED] - Statement - groupXpath = "(//span[@title='" + groupName + "']/following-sibling::ul/li/span[3]/span[2])[" + i + "]": null

2018-06-14 17:39:46 - [TEST_STEP][PASSED] - Statement - println(groupXpath): null

2018-06-14 17:39:46 - [TEST_STEP][PASSED] - Statement - childgroup = driver.findElement(org.openqa.selenium.By.xpath(groupXpath)).getText(): null

2018-06-14 17:39:46 - [TEST_STEP][PASSED] - Statement - println(childgroup): null

2018-06-14 17:39:46 - [TEST_STEP][PASSED] - Statement - subGroupList[i - 1] = childgroup: null

2018-06-14 17:39:46 - [TEST_STEP][PASSED] - Statement - groupXpath = "(//span[@title='" + groupName + "']/following-sibling::ul/li/span[3]/span[2])[" + i + "]": null

2018-06-14 17:39:46 - [TEST_STEP][PASSED] - Statement - println(groupXpath): null

2018-06-14 17:39:46 - [TEST_STEP][PASSED] - Statement - childgroup = driver.findElement(org.openqa.selenium.By.xpath(groupXpath)).getText(): null

2018-06-14 17:39:46 - [TEST_STEP][PASSED] - Statement - println(childgroup): null

2018-06-14 17:39:46 - [TEST_STEP][PASSED] - Statement - subGroupList[i - 1] = childgroup: null

2018-06-14 17:39:46 - [TEST_STEP][PASSED] - Statement - groupXpath = "(//span[@title='" + groupName + "']/following-sibling::ul/li/span[3]/span[2])[" + i + "]": null

2018-06-14 17:39:46 - [TEST_STEP][PASSED] - Statement - println(groupXpath): null

2018-06-14 17:39:46 - [TEST_STEP][PASSED] - Statement - childgroup = driver.findElement(org.openqa.selenium.By.xpath(groupXpath)).getText(): null

2018-06-14 17:39:46 - [TEST_STEP][PASSED] - Statement - println(childgroup): null

2018-06-14 17:39:46 - [TEST_STEP][PASSED] - Statement - subGroupList[i - 1] = childgroup: null

2018-06-14 17:39:46 - [TEST_STEP][PASSED] - Statement - groupXpath = "(//span[@title='" + groupName + "']/following-sibling::ul/li/span[3]/span[2])[" + i + "]": null

2018-06-14 17:39:46 - [TEST_STEP][PASSED] - Statement - println(groupXpath): null

2018-06-14 17:39:46 - [TEST_STEP][PASSED] - Statement - childgroup = driver.findElement(org.openqa.selenium.By.xpath(groupXpath)).getText(): null

2018-06-14 17:39:46 - [TEST_STEP][PASSED] - Statement - println(childgroup): null

2018-06-14 17:39:46 - [TEST_STEP][PASSED] - Statement - subGroupList[i - 1] = childgroup: null

2018-06-14 17:39:46 - [TEST_STEP][PASSED] - Statement - groupXpath = "(//span[@title='" + groupName + "']/following-sibling::ul/li/span[3]/span[2])[" + i + "]": null

2018-06-14 17:39:46 - [TEST_STEP][PASSED] - Statement - println(groupXpath): null

2018-06-14 17:39:46 - [TEST_STEP][PASSED] - Statement - childgroup = driver.findElement(org.openqa.selenium.By.xpath(groupXpath)).getText(): null

2018-06-14 17:39:46 - [TEST_STEP][PASSED] - Statement - println(childgroup): null

2018-06-14 17:39:46 - [TEST_STEP][PASSED] - Statement - subGroupList[i - 1] = childgroup: null

2018-06-14 17:39:46 - [TEST_STEP][PASSED] - Statement - groupXpath = "(//span[@title='" + groupName + "']/following-sibling::ul/li/span[3]/span[2])[" + i + "]": null

2018-06-14 17:39:46 - [TEST_STEP][PASSED] - Statement - println(groupXpath): null

2018-06-14 17:39:46 - [TEST_STEP][PASSED] - Statement - childgroup = driver.findElement(org.openqa.selenium.By.xpath(groupXpath)).getText(): null

2018-06-14 17:39:46 - [TEST_STEP][PASSED] - Statement - println(childgroup): null

2018-06-14 17:39:46 - [TEST_STEP][PASSED] - Statement - subGroupList[i - 1] = childgroup: null

2018-06-14 17:39:46 - [TEST_STEP][PASSED] - Statement - groupXpath = "(//span[@title='" + groupName + "']/following-sibling::ul/li/span[3]/span[2])[" + i + "]": null

2018-06-14 17:39:46 - [TEST_STEP][PASSED] - Statement - println(groupXpath): null

2018-06-14 17:39:46 - [TEST_STEP][PASSED] - Statement - childgroup = driver.findElement(org.openqa.selenium.By.xpath(groupXpath)).getText(): null

2018-06-14 17:39:46 - [TEST_STEP][PASSED] - Statement - println(childgroup): null

2018-06-14 17:39:46 - [TEST_STEP][PASSED] - Statement - subGroupList[i - 1] = childgroup: null

2018-06-14 17:39:46 - [TEST_STEP][PASSED] - Statement - groupXpath = "(//span[@title='" + groupName + "']/following-sibling::ul/li/span[3]/span[2])[" + i + "]": null

2018-06-14 17:39:46 - [TEST_STEP][PASSED] - Statement - println(groupXpath): null

2018-06-14 17:39:46 - [TEST_STEP][PASSED] - Statement - childgroup = driver.findElement(org.openqa.selenium.By.xpath(groupXpath)).getText(): null

2018-06-14 17:39:46 - [TEST_STEP][PASSED] - Statement - println(childgroup): null

2018-06-14 17:39:46 - [TEST_STEP][PASSED] - Statement - subGroupList[i - 1] = childgroup: null

2018-06-14 17:39:46 - [TEST_STEP][PASSED] - Statement - groupXpath = "(//span[@title='" + groupName + "']/following-sibling::ul/li/span[3]/span[2])[" + i + "]": null

2018-06-14 17:39:46 - [TEST_STEP][PASSED] - Statement - println(groupXpath): null

2018-06-14 17:39:46 - [TEST_STEP][PASSED] - Statement - childgroup = driver.findElement(org.openqa.selenium.By.xpath(groupXpath)).getText(): null

2018-06-14 17:39:46 - [TEST_STEP][PASSED] - Statement - println(childgroup): null

2018-06-14 17:39:46 - [TEST_STEP][PASSED] - Statement - subGroupList[i - 1] = childgroup: null

2018-06-14 17:39:46 - [TEST_STEP][PASSED] - Statement - groupXpath = "(//span[@title='" + groupName + "']/following-sibling::ul/li/span[3]/span[2])[" + i + "]": null

2018-06-14 17:39:46 - [TEST_STEP][PASSED] - Statement - println(groupXpath): null

2018-06-14 17:39:46 - [TEST_STEP][PASSED] - Statement - childgroup = driver.findElement(org.openqa.selenium.By.xpath(groupXpath)).getText(): null

2018-06-14 17:39:47 - [TEST_STEP][PASSED] - Statement - println(childgroup): null

2018-06-14 17:39:47 - [TEST_STEP][PASSED] - Statement - subGroupList[i - 1] = childgroup: null

2018-06-14 17:39:47 - [TEST_STEP][PASSED] - Statement - groupXpath = "(//span[@title='" + groupName + "']/following-sibling::ul/li/span[3]/span[2])[" + i + "]": null

2018-06-14 17:39:47 - [TEST_STEP][PASSED] - Statement - println(groupXpath): null

2018-06-14 17:39:47 - [TEST_STEP][PASSED] - Statement - childgroup = driver.findElement(org.openqa.selenium.By.xpath(groupXpath)).getText(): null

2018-06-14 17:39:47 - [TEST_STEP][PASSED] - Statement - println(childgroup): null

2018-06-14 17:39:47 - [TEST_STEP][PASSED] - Statement - subGroupList[i - 1] = childgroup: null

2018-06-14 17:39:47 - [TEST_STEP][PASSED] - Statement - groupXpath = "(//span[@title='" + groupName + "']/following-sibling::ul/li/span[3]/span[2])[" + i + "]": null

2018-06-14 17:39:47 - [TEST_STEP][PASSED] - Statement - println(groupXpath): null

2018-06-14 17:39:47 - [TEST_STEP][PASSED] - Statement - childgroup = driver.findElement(org.openqa.selenium.By.xpath(groupXpath)).getText(): null

2018-06-14 17:39:47 - [TEST_STEP][PASSED] - Statement - println(childgroup): null

2018-06-14 17:39:47 - [TEST_STEP][PASSED] - Statement - subGroupList[i - 1] = childgroup: null

2018-06-14 17:39:47 - [TEST_STEP][PASSED] - Statement - groupXpath = "(//span[@title='" + groupName + "']/following-sibling::ul/li/span[3]/span[2])[" + i + "]": null

2018-06-14 17:39:47 - [TEST_STEP][PASSED] - Statement - println(groupXpath): null

2018-06-14 17:39:47 - [TEST_STEP][PASSED] - Statement - childgroup = driver.findElement(org.openqa.selenium.By.xpath(groupXpath)).getText(): null

2018-06-14 17:39:47 - [TEST_STEP][PASSED] - Statement - println(childgroup): null

2018-06-14 17:39:47 - [TEST_STEP][PASSED] - Statement - subGroupList[i - 1] = childgroup: null

2018-06-14 17:39:47 - [TEST_STEP][PASSED] - Statement - groupXpath = "(//span[@title='" + groupName + "']/following-sibling::ul/li/span[3]/span[2])[" + i + "]": null

2018-06-14 17:39:47 - [TEST_STEP][PASSED] - Statement - println(groupXpath): null

2018-06-14 17:39:47 - [TEST_STEP][PASSED] - Statement - childgroup = driver.findElement(org.openqa.selenium.By.xpath(groupXpath)).getText(): null

2018-06-14 17:39:47 - [TEST_STEP][PASSED] - Statement - println(childgroup): null

2018-06-14 17:39:47 - [TEST_STEP][PASSED] - Statement - subGroupList[i - 1] = childgroup: null

2018-06-14 17:39:47 - [TEST_STEP][PASSED] - Statement - groupXpath = "(//span[@title='" + groupName + "']/following-sibling::ul/li/span[3]/span[2])[" + i + "]": null

2018-06-14 17:39:47 - [TEST_STEP][PASSED] - Statement - println(groupXpath): null

2018-06-14 17:39:47 - [TEST_STEP][PASSED] - Statement - childgroup = driver.findElement(org.openqa.selenium.By.xpath(groupXpath)).getText(): null

2018-06-14 17:39:47 - [TEST_STEP][PASSED] - Statement - println(childgroup): null

2018-06-14 17:39:47 - [TEST_STEP][PASSED] - Statement - subGroupList[i - 1] = childgroup: null

2018-06-14 17:39:47 - [TEST_STEP][PASSED] - Statement - groupXpath = "(//span[@title='" + groupName + "']/following-sibling::ul/li/span[3]/span[2])[" + i + "]": null

2018-06-14 17:39:47 - [TEST_STEP][PASSED] - Statement - println(groupXpath): null

2018-06-14 17:39:47 - [TEST_STEP][PASSED] - Statement - childgroup = driver.findElement(org.openqa.selenium.By.xpath(groupXpath)).getText(): null

2018-06-14 17:39:47 - [TEST_STEP][PASSED] - Statement - println(childgroup): null

2018-06-14 17:39:47 - [TEST_STEP][PASSED] - Statement - subGroupList[i - 1] = childgroup: null

2018-06-14 17:39:47 - [TEST_STEP][PASSED] - Statement - groupXpath = "(//span[@title='" + groupName + "']/following-sibling::ul/li/span[3]/span[2])[" + i + "]": null

2018-06-14 17:39:47 - [TEST_STEP][PASSED] - Statement - println(groupXpath): null

2018-06-14 17:39:47 - [TEST_STEP][PASSED] - Statement - childgroup = driver.findElement(org.openqa.selenium.By.xpath(groupXpath)).getText(): null

2018-06-14 17:39:47 - [TEST_STEP][PASSED] - Statement - println(childgroup): null

2018-06-14 17:39:47 - [TEST_STEP][PASSED] - Statement - subGroupList[i - 1] = childgroup: null

2018-06-14 17:39:47 - [TEST_STEP][PASSED] - Statement - groupXpath = "(//span[@title='" + groupName + "']/following-sibling::ul/li/span[3]/span[2])[" + i + "]": null

2018-06-14 17:39:47 - [TEST_STEP][PASSED] - Statement - println(groupXpath): null

2018-06-14 17:39:47 - [TEST_STEP][PASSED] - Statement - childgroup = driver.findElement(org.openqa.selenium.By.xpath(groupXpath)).getText(): null

2018-06-14 17:39:47 - [TEST_STEP][PASSED] - Statement - println(childgroup): null

2018-06-14 17:39:47 - [TEST_STEP][PASSED] - Statement - subGroupList[i - 1] = childgroup: null

2018-06-14 17:39:47 - [TEST_STEP][PASSED] - Statement - groupXpath = "(//span[@title='" + groupName + "']/following-sibling::ul/li/span[3]/span[2])[" + i + "]": null

2018-06-14 17:39:47 - [TEST_STEP][PASSED] - Statement - println(groupXpath): null

2018-06-14 17:39:47 - [TEST_STEP][PASSED] - Statement - childgroup = driver.findElement(org.openqa.selenium.By.xpath(groupXpath)).getText(): null

2018-06-14 17:39:47 - [TEST_STEP][PASSED] - Statement - println(childgroup): null

2018-06-14 17:39:47 - [TEST_STEP][PASSED] - Statement - subGroupList[i - 1] = childgroup: null

2018-06-14 17:39:47 - [TEST_STEP][PASSED] - Statement - groupXpath = "(//span[@title='" + groupName + "']/following-sibling::ul/li/span[3]/span[2])[" + i + "]": null

2018-06-14 17:39:47 - [TEST_STEP][PASSED] - Statement - println(groupXpath): null

2018-06-14 17:39:47 - [TEST_STEP][PASSED] - Statement - childgroup = driver.findElement(org.openqa.selenium.By.xpath(groupXpath)).getText(): null

2018-06-14 17:39:47 - [TEST_STEP][PASSED] - Statement - println(childgroup): null

2018-06-14 17:39:47 - [TEST_STEP][PASSED] - Statement - subGroupList[i - 1] = childgroup: null

2018-06-14 17:39:47 - [TEST_STEP][PASSED] - Statement - groupXpath = "(//span[@title='" + groupName + "']/following-sibling::ul/li/span[3]/span[2])[" + i + "]": null

2018-06-14 17:39:47 - [TEST_STEP][PASSED] - Statement - println(groupXpath): null

2018-06-14 17:39:47 - [TEST_STEP][PASSED] - Statement - childgroup = driver.findElement(org.openqa.selenium.By.xpath(groupXpath)).getText(): null

2018-06-14 17:39:47 - [TEST_STEP][PASSED] - Statement - println(childgroup): null

2018-06-14 17:39:47 - [TEST_STEP][PASSED] - Statement - subGroupList[i - 1] = childgroup: null

2018-06-14 17:39:47 - [TEST_STEP][PASSED] - Statement - groupXpath = "(//span[@title='" + groupName + "']/following-sibling::ul/li/span[3]/span[2])[" + i + "]": null

2018-06-14 17:39:47 - [TEST_STEP][PASSED] - Statement - println(groupXpath): null

2018-06-14 17:39:47 - [TEST_STEP][PASSED] - Statement - childgroup = driver.findElement(org.openqa.selenium.By.xpath(groupXpath)).getText(): null

2018-06-14 17:39:47 - [TEST_STEP][PASSED] - Statement - println(childgroup): null

2018-06-14 17:39:47 - [TEST_STEP][PASSED] - Statement - subGroupList[i - 1] = childgroup: null

2018-06-14 17:39:47 - [TEST_STEP][PASSED] - Statement - groupXpath = "(//span[@title='" + groupName + "']/following-sibling::ul/li/span[3]/span[2])[" + i + "]": null

2018-06-14 17:39:47 - [TEST_STEP][PASSED] - Statement - println(groupXpath): null

2018-06-14 17:39:47 - [TEST_STEP][PASSED] - Statement - childgroup = driver.findElement(org.openqa.selenium.By.xpath(groupXpath)).getText(): null

2018-06-14 17:39:47 - [TEST_STEP][PASSED] - Statement - println(childgroup): null

2018-06-14 17:39:47 - [TEST_STEP][PASSED] - Statement - subGroupList[i - 1] = childgroup: null

2018-06-14 17:39:47 - [TEST_STEP][PASSED] - Statement - groupXpath = "(//span[@title='" + groupName + "']/following-sibling::ul/li/span[3]/span[2])[" + i + "]": null

2018-06-14 17:39:47 - [TEST_STEP][PASSED] - Statement - println(groupXpath): null

2018-06-14 17:39:47 - [TEST_STEP][PASSED] - Statement - childgroup = driver.findElement(org.openqa.selenium.By.xpath(groupXpath)).getText(): null

2018-06-14 17:39:47 - [TEST_STEP][PASSED] - Statement - println(childgroup): null

2018-06-14 17:39:47 - [TEST_STEP][PASSED] - Statement - subGroupList[i - 1] = childgroup: null

2018-06-14 17:39:47 - [TEST_STEP][PASSED] - Statement - groupXpath = "(//span[@title='" + groupName + "']/following-sibling::ul/li/span[3]/span[2])[" + i + "]": null

2018-06-14 17:39:47 - [TEST_STEP][PASSED] - Statement - println(groupXpath): null

2018-06-14 17:39:47 - [TEST_STEP][PASSED] - Statement - childgroup = driver.findElement(org.openqa.selenium.By.xpath(groupXpath)).getText(): null

2018-06-14 17:39:47 - [TEST_STEP][PASSED] - Statement - println(childgroup): null

2018-06-14 17:39:47 - [TEST_STEP][PASSED] - Statement - subGroupList[i - 1] = childgroup: null

2018-06-14 17:39:47 - [TEST_STEP][PASSED] - Statement - groupXpath = "(//span[@title='" + groupName + "']/following-sibling::ul/li/span[3]/span[2])[" + i + "]": null

2018-06-14 17:39:47 - [TEST_STEP][PASSED] - Statement - println(groupXpath): null

2018-06-14 17:39:47 - [TEST_STEP][PASSED] - Statement - childgroup = driver.findElement(org.openqa.selenium.By.xpath(groupXpath)).getText(): null

2018-06-14 17:39:47 - [TEST_STEP][PASSED] - Statement - println(childgroup): null

2018-06-14 17:39:47 - [TEST_STEP][PASSED] - Statement - subGroupList[i - 1] = childgroup: null

2018-06-14 17:39:47 - [TEST_STEP][PASSED] - Statement - groupXpath = "(//span[@title='" + groupName + "']/following-sibling::ul/li/span[3]/span[2])[" + i + "]": null

2018-06-14 17:39:47 - [TEST_STEP][PASSED] - Statement - println(groupXpath): null

2018-06-14 17:39:47 - [TEST_STEP][PASSED] - Statement - childgroup = driver.findElement(org.openqa.selenium.By.xpath(groupXpath)).getText(): null

2018-06-14 17:39:47 - [TEST_STEP][PASSED] - Statement - println(childgroup): null

2018-06-14 17:39:47 - [TEST_STEP][PASSED] - Statement - subGroupList[i - 1] = childgroup: null

2018-06-14 17:39:47 - [TEST_STEP][PASSED] - Statement - groupXpath = "(//span[@title='" + groupName + "']/following-sibling::ul/li/span[3]/span[2])[" + i + "]": null

2018-06-14 17:39:47 - [TEST_STEP][PASSED] - Statement - println(groupXpath): null

2018-06-14 17:39:47 - [TEST_STEP][PASSED] - Statement - childgroup = driver.findElement(org.openqa.selenium.By.xpath(groupXpath)).getText(): null

2018-06-14 17:39:47 - [TEST_STEP][PASSED] - Statement - println(childgroup): null

2018-06-14 17:39:47 - [TEST_STEP][PASSED] - Statement - subGroupList[i - 1] = childgroup: null

2018-06-14 17:39:47 - [TEST_STEP][PASSED] - Statement - groupXpath = "(//span[@title='" + groupName + "']/following-sibling::ul/li/span[3]/span[2])[" + i + "]": null

2018-06-14 17:39:47 - [TEST_STEP][PASSED] - Statement - println(groupXpath): null

2018-06-14 17:39:47 - [TEST_STEP][PASSED] - Statement - childgroup = driver.findElement(org.openqa.selenium.By.xpath(groupXpath)).getText(): null

2018-06-14 17:39:47 - [TEST_STEP][PASSED] - Statement - println(childgroup): null

2018-06-14 17:39:47 - [TEST_STEP][PASSED] - Statement - subGroupList[i - 1] = childgroup: null

2018-06-14 17:39:47 - [TEST_STEP][PASSED] - Statement - groupXpath = "(//span[@title='" + groupName + "']/following-sibling::ul/li/span[3]/span[2])[" + i + "]": null

2018-06-14 17:39:47 - [TEST_STEP][PASSED] - Statement - println(groupXpath): null

2018-06-14 17:39:47 - [TEST_STEP][PASSED] - Statement - childgroup = driver.findElement(org.openqa.selenium.By.xpath(groupXpath)).getText(): null

2018-06-14 17:39:47 - [TEST_STEP][PASSED] - Statement - println(childgroup): null

2018-06-14 17:39:47 - [TEST_STEP][PASSED] - Statement - subGroupList[i - 1] = childgroup: null

2018-06-14 17:39:47 - [TEST_STEP][PASSED] - Statement - groupXpath = "(//span[@title='" + groupName + "']/following-sibling::ul/li/span[3]/span[2])[" + i + "]": null

2018-06-14 17:39:47 - [TEST_STEP][PASSED] - Statement - println(groupXpath): null

2018-06-14 17:39:47 - [TEST_STEP][PASSED] - Statement - childgroup = driver.findElement(org.openqa.selenium.By.xpath(groupXpath)).getText(): null

2018-06-14 17:39:47 - [TEST_STEP][PASSED] - Statement - println(childgroup): null

2018-06-14 17:39:47 - [TEST_STEP][PASSED] - Statement - subGroupList[i - 1] = childgroup: null

2018-06-14 17:39:47 - [TEST_STEP][PASSED] - Statement - groupXpath = "(//span[@title='" + groupName + "']/following-sibling::ul/li/span[3]/span[2])[" + i + "]": null

2018-06-14 17:39:47 - [TEST_STEP][PASSED] - Statement - println(groupXpath): null

2018-06-14 17:39:47 - [TEST_STEP][PASSED] - Statement - childgroup = driver.findElement(org.openqa.selenium.By.xpath(groupXpath)).getText(): null

2018-06-14 17:39:47 - [TEST_STEP][PASSED] - Statement - println(childgroup): null

2018-06-14 17:39:47 - [TEST_STEP][PASSED] - Statement - subGroupList[i - 1] = childgroup: null

2018-06-14 17:39:47 - [TEST_STEP][PASSED] - Statement - groupXpath = "(//span[@title='" + groupName + "']/following-sibling::ul/li/span[3]/span[2])[" + i + "]": null

2018-06-14 17:39:47 - [TEST_STEP][PASSED] - Statement - println(groupXpath): null

2018-06-14 17:39:47 - [TEST_STEP][PASSED] - Statement - childgroup = driver.findElement(org.openqa.selenium.By.xpath(groupXpath)).getText(): null

2018-06-14 17:39:47 - [TEST_STEP][PASSED] - Statement - println(childgroup): null

2018-06-14 17:39:47 - [TEST_STEP][PASSED] - Statement - subGroupList[i - 1] = childgroup: null

2018-06-14 17:39:47 - [TEST_STEP][PASSED] - Statement - groupXpath = "(//span[@title='" + groupName + "']/following-sibling::ul/li/span[3]/span[2])[" + i + "]": null

2018-06-14 17:39:47 - [TEST_STEP][PASSED] - Statement - println(groupXpath): null

2018-06-14 17:39:47 - [TEST_STEP][PASSED] - Statement - childgroup = driver.findElement(org.openqa.selenium.By.xpath(groupXpath)).getText(): null

2018-06-14 17:39:47 - [TEST_STEP][PASSED] - Statement - println(childgroup): null

2018-06-14 17:39:47 - [TEST_STEP][PASSED] - Statement - subGroupList[i - 1] = childgroup: null

2018-06-14 17:39:47 - [TEST_STEP][PASSED] - Statement - groupXpath = "(//span[@title='" + groupName + "']/following-sibling::ul/li/span[3]/span[2])[" + i + "]": null

2018-06-14 17:39:47 - [TEST_STEP][PASSED] - Statement - println(groupXpath): null

2018-06-14 17:39:47 - [TEST_STEP][PASSED] - Statement - childgroup = driver.findElement(org.openqa.selenium.By.xpath(groupXpath)).getText(): null

2018-06-14 17:39:47 - [TEST_STEP][PASSED] - Statement - println(childgroup): null

2018-06-14 17:39:47 - [TEST_STEP][PASSED] - Statement - subGroupList[i - 1] = childgroup: null

2018-06-14 17:39:47 - [TEST_STEP][PASSED] - Statement - groupXpath = "(//span[@title='" + groupName + "']/following-sibling::ul/li/span[3]/span[2])[" + i + "]": null

2018-06-14 17:39:47 - [TEST_STEP][PASSED] - Statement - println(groupXpath): null

2018-06-14 17:39:47 - [TEST_STEP][PASSED] - Statement - childgroup = driver.findElement(org.openqa.selenium.By.xpath(groupXpath)).getText(): null

2018-06-14 17:39:47 - [TEST_STEP][PASSED] - Statement - println(childgroup): null

2018-06-14 17:39:47 - [TEST_STEP][PASSED] - Statement - subGroupList[i - 1] = childgroup: null

2018-06-14 17:39:47 - [TEST_STEP][PASSED] - Statement - groupXpath = "(//span[@title='" + groupName + "']/following-sibling::ul/li/span[3]/span[2])[" + i + "]": null

2018-06-14 17:39:47 - [TEST_STEP][PASSED] - Statement - println(groupXpath): null

2018-06-14 17:39:47 - [TEST_STEP][PASSED] - Statement - childgroup = driver.findElement(org.openqa.selenium.By.xpath(groupXpath)).getText(): null

2018-06-14 17:39:47 - [TEST_STEP][PASSED] - Statement - println(childgroup): null

2018-06-14 17:39:47 - [TEST_STEP][PASSED] - Statement - subGroupList[i - 1] = childgroup: null

2018-06-14 17:39:47 - [TEST_STEP][PASSED] - Statement - groupXpath = "(//span[@title='" + groupName + "']/following-sibling::ul/li/span[3]/span[2])[" + i + "]": null

2018-06-14 17:39:47 - [TEST_STEP][PASSED] - Statement - println(groupXpath): null

2018-06-14 17:39:47 - [TEST_STEP][PASSED] - Statement - childgroup = driver.findElement(org.openqa.selenium.By.xpath(groupXpath)).getText(): null

2018-06-14 17:39:47 - [TEST_STEP][PASSED] - Statement - println(childgroup): null

2018-06-14 17:39:47 - [TEST_STEP][PASSED] - Statement - subGroupList[i - 1] = childgroup: null

2018-06-14 17:39:47 - [TEST_STEP][PASSED] - Statement - groupXpath = "(//span[@title='" + groupName + "']/following-sibling::ul/li/span[3]/span[2])[" + i + "]": null

2018-06-14 17:39:47 - [TEST_STEP][PASSED] - Statement - println(groupXpath): null

2018-06-14 17:39:47 - [TEST_STEP][PASSED] - Statement - childgroup = driver.findElement(org.openqa.selenium.By.xpath(groupXpath)).getText(): null

2018-06-14 17:39:47 - [TEST_STEP][PASSED] - Statement - println(childgroup): null

2018-06-14 17:39:47 - [TEST_STEP][PASSED] - Statement - subGroupList[i - 1] = childgroup: null

2018-06-14 17:39:47 - [TEST_STEP][PASSED] - Statement - groupXpath = "(//span[@title='" + groupName + "']/following-sibling::ul/li/span[3]/span[2])[" + i + "]": null

2018-06-14 17:39:47 - [TEST_STEP][PASSED] - Statement - println(groupXpath): null

2018-06-14 17:39:47 - [TEST_STEP][PASSED] - Statement - childgroup = driver.findElement(org.openqa.selenium.By.xpath(groupXpath)).getText(): null

2018-06-14 17:39:47 - [TEST_STEP][PASSED] - Statement - println(childgroup): null

2018-06-14 17:39:47 - [TEST_STEP][PASSED] - Statement - subGroupList[i - 1] = childgroup: null

2018-06-14 17:39:47 - [TEST_STEP][PASSED] - Statement - groupXpath = "(//span[@title='" + groupName + "']/following-sibling::ul/li/span[3]/span[2])[" + i + "]": null

2018-06-14 17:39:47 - [TEST_STEP][PASSED] - Statement - println(groupXpath): null

2018-06-14 17:39:47 - [TEST_STEP][PASSED] - Statement - childgroup = driver.findElement(org.openqa.selenium.By.xpath(groupXpath)).getText(): null

2018-06-14 17:39:47 - [TEST_STEP][PASSED] - Statement - println(childgroup): null

2018-06-14 17:39:47 - [TEST_STEP][PASSED] - Statement - subGroupList[i - 1] = childgroup: null

2018-06-14 17:39:47 - [TEST_STEP][PASSED] - Statement - groupXpath = "(//span[@title='" + groupName + "']/following-sibling::ul/li/span[3]/span[2])[" + i + "]": null

2018-06-14 17:39:47 - [TEST_STEP][PASSED] - Statement - println(groupXpath): null

2018-06-14 17:39:47 - [TEST_STEP][PASSED] - Statement - childgroup = driver.findElement(org.openqa.selenium.By.xpath(groupXpath)).getText(): null

2018-06-14 17:39:47 - [TEST_STEP][PASSED] - Statement - println(childgroup): null

2018-06-14 17:39:47 - [TEST_STEP][PASSED] - Statement - subGroupList[i - 1] = childgroup: null

2018-06-14 17:39:47 - [TEST_STEP][PASSED] - Statement - groupXpath = "(//span[@title='" + groupName + "']/following-sibling::ul/li/span[3]/span[2])[" + i + "]": null

2018-06-14 17:39:47 - [TEST_STEP][PASSED] - Statement - println(groupXpath): null

2018-06-14 17:39:47 - [TEST_STEP][PASSED] - Statement - childgroup = driver.findElement(org.openqa.selenium.By.xpath(groupXpath)).getText(): null

2018-06-14 17:39:47 - [TEST_STEP][PASSED] - Statement - println(childgroup): null

2018-06-14 17:39:47 - [TEST_STEP][PASSED] - Statement - subGroupList[i - 1] = childgroup: null

2018-06-14 17:39:47 - [TEST_STEP][PASSED] - Statement - groupXpath = "(//span[@title='" + groupName + "']/following-sibling::ul/li/span[3]/span[2])[" + i + "]": null

2018-06-14 17:39:47 - [TEST_STEP][PASSED] - Statement - println(groupXpath): null

2018-06-14 17:39:47 - [TEST_STEP][PASSED] - Statement - childgroup = driver.findElement(org.openqa.selenium.By.xpath(groupXpath)).getText(): null

2018-06-14 17:39:47 - [TEST_STEP][PASSED] - Statement - println(childgroup): null

2018-06-14 17:39:47 - [TEST_STEP][PASSED] - Statement - subGroupList[i - 1] = childgroup: null

2018-06-14 17:39:47 - [TEST_STEP][PASSED] - Statement - groupXpath = "(//span[@title='" + groupName + "']/following-sibling::ul/li/span[3]/span[2])[" + i + "]": null

2018-06-14 17:39:47 - [TEST_STEP][PASSED] - Statement - println(groupXpath): null

2018-06-14 17:39:47 - [TEST_STEP][PASSED] - Statement - childgroup = driver.findElement(org.openqa.selenium.By.xpath(groupXpath)).getText(): null

2018-06-14 17:39:48 - [TEST_STEP][PASSED] - Statement - println(childgroup): null

2018-06-14 17:39:48 - [TEST_STEP][PASSED] - Statement - subGroupList[i - 1] = childgroup: null

2018-06-14 17:39:48 - [TEST_STEP][PASSED] - Statement - println(subGroupList): null

2018-06-14 17:39:48 - [TEST_STEP][PASSED] - Statement - println(groupStoresList1): null

2018-06-14 17:39:48 - [TEST_STEP][PASSED] - Statement - If (subGroupList.containsAll(groupStoresList1)): null

2018-06-14 17:39:48 - [TEST_STEP][PASSED] - Statement - println("Parent group have all the associated stores and groups"): null

2018-06-14 17:39:48 - [TEST_STEP][PASSED] - uiaction.CommonUIActions.click: uiaction.CommonUIActions.click is PASSED

2018-06-14 17:40:02 - [MESSAGE][PASSED] - uiaction.CommonUIActions.click is PASSED

2018-06-14 17:40:02 - [TEST_STEP][PASSED] - Statement - storesList = driver.findElements(org.openqa.selenium.By.xpath(com.kms.katalon.core.testdata.TestDataFactory.findTestData(OR_file).getValue(2, 16))): Reading excel file with source file 'C:\Users\shalinin\Katalon Studio\HME_Scripts\Data Files\HME_OR.xlsx' and sheet name 'Sheet1'

2018-06-14 17:40:02 - [TEST_STEP][PASSED] - Statement - For ([i = 1, i < storesList.size(), (i++)]): null

2018-06-14 17:40:02 - [TEST_STEP][PASSED] - Statement - reportgroup = "(//div[@class='ctable']/table/tbody/tr[@class='tdata clear'])[" + i + "]/td[7]": null

2018-06-14 17:40:02 - [TEST_STEP][PASSED] - Statement - reportgroupTxt = driver.findElement(org.openqa.selenium.By.xpath(reportgroup)).getText(): null

2018-06-14 17:40:02 - [TEST_STEP][PASSED] - Statement - If (reportgroupTxt == "AutomationGroup"): null

2018-06-14 17:40:02 - [TEST_STEP][PASSED] - Statement - println("Report group has right group name"): null

2018-06-14 17:40:02 - [TEST_STEP][PASSED] - Statement - reportgroup = "(//div[@class='ctable']/table/tbody/tr[@class='tdata clear'])[" + i + "]/td[7]": null

2018-06-14 17:40:02 - [TEST_STEP][PASSED] - Statement - reportgroupTxt = driver.findElement(org.openqa.selenium.By.xpath(reportgroup)).getText(): null

2018-06-14 17:40:02 - [TEST_STEP][PASSED] - Statement - If (reportgroupTxt == "AutomationGroup"): null

2018-06-14 17:40:02 - [TEST_STEP][PASSED] - Statement - println("Report group has right group name"): null

2018-06-14 17:40:02 - [TEST_STEP][PASSED] - Statement - reportgroup = "(//div[@class='ctable']/table/tbody/tr[@class='tdata clear'])[" + i + "]/td[7]": null

2018-06-14 17:40:02 - [TEST_STEP][PASSED] - Statement - reportgroupTxt = driver.findElement(org.openqa.selenium.By.xpath(reportgroup)).getText(): null

2018-06-14 17:40:02 - [TEST_STEP][PASSED] - Statement - If (reportgroupTxt == "AutomationGroup"): null

2018-06-14 17:40:02 - [TEST_STEP][PASSED] - Statement - println("Report group has right group name"): null

2018-06-14 17:40:02 - [TEST_STEP][PASSED] - Statement - reportgroup = "(//div[@class='ctable']/table/tbody/tr[@class='tdata clear'])[" + i + "]/td[7]": null

2018-06-14 17:40:02 - [TEST_STEP][PASSED] - Statement - reportgroupTxt = driver.findElement(org.openqa.selenium.By.xpath(reportgroup)).getText(): null

2018-06-14 17:40:02 - [TEST_STEP][PASSED] - Statement - If (reportgroupTxt == "AutomationGroup"): null

2018-06-14 17:40:02 - [TEST_STEP][PASSED] - Statement - println("Report group has right group name"): null

2018-06-14 17:40:02 - [TEST_STEP][PASSED] - Statement - reportgroup = "(//div[@class='ctable']/table/tbody/tr[@class='tdata clear'])[" + i + "]/td[7]": null

2018-06-14 17:40:02 - [TEST_STEP][PASSED] - Statement - reportgroupTxt = driver.findElement(org.openqa.selenium.By.xpath(reportgroup)).getText(): null

2018-06-14 17:40:02 - [TEST_STEP][PASSED] - Statement - If (reportgroupTxt == "AutomationGroup"): null

2018-06-14 17:40:02 - [TEST_STEP][PASSED] - Statement - println("Report group has right group name"): null

2018-06-14 17:40:02 - [TEST_STEP][PASSED] - Statement - reportgroup = "(//div[@class='ctable']/table/tbody/tr[@class='tdata clear'])[" + i + "]/td[7]": null

2018-06-14 17:40:02 - [TEST_STEP][PASSED] - Statement - reportgroupTxt = driver.findElement(org.openqa.selenium.By.xpath(reportgroup)).getText(): null

2018-06-14 17:40:02 - [TEST_STEP][PASSED] - Statement - If (reportgroupTxt == "AutomationGroup"): null

2018-06-14 17:40:02 - [TEST_STEP][PASSED] - Statement - Else: null

2018-06-14 17:40:02 - [TEST_STEP][PASSED] - Statement - If (!(TCflag)): null

2018-06-14 17:40:02 - [TEST_STEP][PASSED] - Statement - reportgroup = "(//div[@class='ctable']/table/tbody/tr[@class='tdata clear'])[" + i + "]/td[7]": null

2018-06-14 17:40:02 - [TEST_STEP][PASSED] - Statement - reportgroupTxt = driver.findElement(org.openqa.selenium.By.xpath(reportgroup)).getText(): null

2018-06-14 17:40:02 - [TEST_STEP][PASSED] - Statement - If (reportgroupTxt == "AutomationGroup"): null

2018-06-14 17:40:02 - [TEST_STEP][PASSED] - Statement - Else: null

2018-06-14 17:40:02 - [TEST_STEP][PASSED] - Statement - If (!(TCflag)): null

2018-06-14 17:40:02 - [TEST_STEP][PASSED] - Statement - reportgroup = "(//div[@class='ctable']/table/tbody/tr[@class='tdata clear'])[" + i + "]/td[7]": null

2018-06-14 17:40:02 - [TEST_STEP][PASSED] - Statement - reportgroupTxt = driver.findElement(org.openqa.selenium.By.xpath(reportgroup)).getText(): null

2018-06-14 17:40:02 - [TEST_STEP][PASSED] - Statement - If (reportgroupTxt == "AutomationGroup"): null

2018-06-14 17:40:02 - [TEST_STEP][PASSED] - Statement - Else: null

2018-06-14 17:40:02 - [TEST_STEP][PASSED] - Statement - If (!(TCflag)): null

2018-06-14 17:40:02 - [TEST_STEP][PASSED] - Statement - reportgroup = "(//div[@class='ctable']/table/tbody/tr[@class='tdata clear'])[" + i + "]/td[7]": null

2018-06-14 17:40:02 - [TEST_STEP][PASSED] - Statement - reportgroupTxt = driver.findElement(org.openqa.selenium.By.xpath(reportgroup)).getText(): null

2018-06-14 17:40:02 - [TEST_STEP][PASSED] - Statement - If (reportgroupTxt == "AutomationGroup"): null

2018-06-14 17:40:02 - [TEST_STEP][PASSED] - Statement - println("Report group has right group name"): null

2018-06-14 17:40:02 - [TEST_STEP][PASSED] - Statement - reportgroup = "(//div[@class='ctable']/table/tbody/tr[@class='tdata clear'])[" + i + "]/td[7]": null

2018-06-14 17:40:02 - [TEST_STEP][PASSED] - Statement - reportgroupTxt = driver.findElement(org.openqa.selenium.By.xpath(reportgroup)).getText(): null

2018-06-14 17:40:02 - [TEST_STEP][PASSED] - Statement - If (reportgroupTxt == "AutomationGroup"): null

2018-06-14 17:40:02 - [TEST_STEP][PASSED] - Statement - println("Report group has right group name"): null

2018-06-14 17:40:02 - [TEST_STEP][PASSED] - Statement - reportgroup = "(//div[@class='ctable']/table/tbody/tr[@class='tdata clear'])[" + i + "]/td[7]": null

2018-06-14 17:40:02 - [TEST_STEP][PASSED] - Statement - reportgroupTxt = driver.findElement(org.openqa.selenium.By.xpath(reportgroup)).getText(): null

2018-06-14 17:40:02 - [TEST_STEP][PASSED] - Statement - If (reportgroupTxt == "AutomationGroup"): null

2018-06-14 17:40:02 - [TEST_STEP][PASSED] - Statement - println("Report group has right group name"): null

2018-06-14 17:40:02 - [TEST_STEP][PASSED] - Statement - reportgroup = "(//div[@class='ctable']/table/tbody/tr[@class='tdata clear'])[" + i + "]/td[7]": null

2018-06-14 17:40:02 - [TEST_STEP][PASSED] - Statement - reportgroupTxt = driver.findElement(org.openqa.selenium.By.xpath(reportgroup)).getText(): null

2018-06-14 17:40:02 - [TEST_STEP][PASSED] - Statement - If (reportgroupTxt == "AutomationGroup"): null

2018-06-14 17:40:02 - [TEST_STEP][PASSED] - Statement - println("Report group has right group name"): null

2018-06-14 17:40:02 - [TEST_STEP][PASSED] - Statement - reportgroup = "(//div[@class='ctable']/table/tbody/tr[@class='tdata clear'])[" + i + "]/td[7]": null

2018-06-14 17:40:02 - [TEST_STEP][PASSED] - Statement - reportgroupTxt = driver.findElement(org.openqa.selenium.By.xpath(reportgroup)).getText(): null

2018-06-14 17:40:02 - [TEST_STEP][PASSED] - Statement - If (reportgroupTxt == "AutomationGroup"): null

2018-06-14 17:40:02 - [TEST_STEP][PASSED] - Statement - println("Report group has right group name"): null

2018-06-14 17:40:02 - [TEST_STEP][PASSED] - Statement - reportgroup = "(//div[@class='ctable']/table/tbody/tr[@class='tdata clear'])[" + i + "]/td[7]": null

2018-06-14 17:40:02 - [TEST_STEP][PASSED] - Statement - reportgroupTxt = driver.findElement(org.openqa.selenium.By.xpath(reportgroup)).getText(): null

2018-06-14 17:40:02 - [TEST_STEP][PASSED] - Statement - If (reportgroupTxt == "AutomationGroup"): null

2018-06-14 17:40:02 - [TEST_STEP][PASSED] - Statement - Else: null

2018-06-14 17:40:02 - [TEST_STEP][PASSED] - Statement - If (!(TCflag)): null

2018-06-14 17:40:02 - [TEST_STEP][PASSED] - Statement - reportgroup = "(//div[@class='ctable']/table/tbody/tr[@class='tdata clear'])[" + i + "]/td[7]": null

2018-06-14 17:40:02 - [TEST_STEP][PASSED] - Statement - reportgroupTxt = driver.findElement(org.openqa.selenium.By.xpath(reportgroup)).getText(): null

2018-06-14 17:40:03 - [TEST_STEP][PASSED] - Statement - If (reportgroupTxt == "AutomationGroup"): null

2018-06-14 17:40:03 - [TEST_STEP][PASSED] - Statement - println("Report group has right group name"): null

2018-06-14 17:40:03 - [TEST_STEP][PASSED] - Statement - reportgroup = "(//div[@class='ctable']/table/tbody/tr[@class='tdata clear'])[" + i + "]/td[7]": null

2018-06-14 17:40:03 - [TEST_STEP][PASSED] - Statement - reportgroupTxt = driver.findElement(org.openqa.selenium.By.xpath(reportgroup)).getText(): null

2018-06-14 17:40:03 - [TEST_STEP][PASSED] - Statement - If (reportgroupTxt == "AutomationGroup"): null

2018-06-14 17:40:03 - [TEST_STEP][PASSED] - Statement - Else: null

2018-06-14 17:40:03 - [TEST_STEP][PASSED] - Statement - If (!(TCflag)): null

2018-06-14 17:40:03 - [TEST_STEP][PASSED] - Statement - reportgroup = "(//div[@class='ctable']/table/tbody/tr[@class='tdata clear'])[" + i + "]/td[7]": null

2018-06-14 17:40:03 - [TEST_STEP][PASSED] - Statement - reportgroupTxt = driver.findElement(org.openqa.selenium.By.xpath(reportgroup)).getText(): null

2018-06-14 17:40:03 - [TEST_STEP][PASSED] - Statement - If (reportgroupTxt == "AutomationGroup"): null

2018-06-14 17:40:03 - [TEST_STEP][PASSED] - Statement - println("Report group has right group name"): null

2018-06-14 17:40:03 - [TEST_STEP][PASSED] - Statement - reportgroup = "(//div[@class='ctable']/table/tbody/tr[@class='tdata clear'])[" + i + "]/td[7]": null

2018-06-14 17:40:03 - [TEST_STEP][PASSED] - Statement - reportgroupTxt = driver.findElement(org.openqa.selenium.By.xpath(reportgroup)).getText(): null

2018-06-14 17:40:03 - [TEST_STEP][PASSED] - Statement - If (reportgroupTxt == "AutomationGroup"): null

2018-06-14 17:40:03 - [TEST_STEP][PASSED] - Statement - println("Report group has right group name"): null

2018-06-14 17:40:03 - [TEST_STEP][PASSED] - Statement - reportgroup = "(//div[@class='ctable']/table/tbody/tr[@class='tdata clear'])[" + i + "]/td[7]": null

2018-06-14 17:40:03 - [TEST_STEP][PASSED] - Statement - reportgroupTxt = driver.findElement(org.openqa.selenium.By.xpath(reportgroup)).getText(): null

2018-06-14 17:40:03 - [TEST_STEP][PASSED] - Statement - If (reportgroupTxt == "AutomationGroup"): null

2018-06-14 17:40:03 - [TEST_STEP][PASSED] - Statement - println("Report group has right group name"): null

2018-06-14 17:40:03 - [TEST_STEP][PASSED] - Statement - reportgroup = "(//div[@class='ctable']/table/tbody/tr[@class='tdata clear'])[" + i + "]/td[7]": null

2018-06-14 17:40:03 - [TEST_STEP][PASSED] - Statement - reportgroupTxt = driver.findElement(org.openqa.selenium.By.xpath(reportgroup)).getText(): null

2018-06-14 17:40:03 - [TEST_STEP][PASSED] - Statement - If (reportgroupTxt == "AutomationGroup"): null

2018-06-14 17:40:03 - [TEST_STEP][PASSED] - Statement - println("Report group has right group name"): null

2018-06-14 17:40:03 - [TEST_STEP][PASSED] - Statement - reportgroup = "(//div[@class='ctable']/table/tbody/tr[@class='tdata clear'])[" + i + "]/td[7]": null

2018-06-14 17:40:03 - [TEST_STEP][PASSED] - Statement - reportgroupTxt = driver.findElement(org.openqa.selenium.By.xpath(reportgroup)).getText(): null

2018-06-14 17:40:03 - [TEST_STEP][PASSED] - Statement - If (reportgroupTxt == "AutomationGroup"): null

2018-06-14 17:40:03 - [TEST_STEP][PASSED] - Statement - println("Report group has right group name"): null

2018-06-14 17:40:03 - [TEST_STEP][PASSED] - Statement - reportgroup = "(//div[@class='ctable']/table/tbody/tr[@class='tdata clear'])[" + i + "]/td[7]": null

2018-06-14 17:40:03 - [TEST_STEP][PASSED] - Statement - reportgroupTxt = driver.findElement(org.openqa.selenium.By.xpath(reportgroup)).getText(): null

2018-06-14 17:40:03 - [TEST_STEP][PASSED] - Statement - If (reportgroupTxt == "AutomationGroup"): null

2018-06-14 17:40:03 - [TEST_STEP][PASSED] - Statement - println("Report group has right group name"): null

2018-06-14 17:40:03 - [TEST_STEP][PASSED] - Statement - reportgroup = "(//div[@class='ctable']/table/tbody/tr[@class='tdata clear'])[" + i + "]/td[7]": null

2018-06-14 17:40:03 - [TEST_STEP][PASSED] - Statement - reportgroupTxt = driver.findElement(org.openqa.selenium.By.xpath(reportgroup)).getText(): null

2018-06-14 17:40:03 - [TEST_STEP][PASSED] - Statement - If (reportgroupTxt == "AutomationGroup"): null

2018-06-14 17:40:03 - [TEST_STEP][PASSED] - Statement - println("Report group has right group name"): null

2018-06-14 17:40:03 - [TEST_STEP][PASSED] - Statement - reportgroup = "(//div[@class='ctable']/table/tbody/tr[@class='tdata clear'])[" + i + "]/td[7]": null

2018-06-14 17:40:03 - [TEST_STEP][PASSED] - Statement - reportgroupTxt = driver.findElement(org.openqa.selenium.By.xpath(reportgroup)).getText(): null

2018-06-14 17:40:03 - [TEST_STEP][PASSED] - Statement - If (reportgroupTxt == "AutomationGroup"): null

2018-06-14 17:40:03 - [TEST_STEP][PASSED] - Statement - Else: null

2018-06-14 17:40:03 - [TEST_STEP][PASSED] - Statement - If (!(TCflag)): null

2018-06-14 17:40:03 - [TEST_STEP][PASSED] - Statement - reportgroup = "(//div[@class='ctable']/table/tbody/tr[@class='tdata clear'])[" + i + "]/td[7]": null

2018-06-14 17:40:03 - [TEST_STEP][PASSED] - Statement - reportgroupTxt = driver.findElement(org.openqa.selenium.By.xpath(reportgroup)).getText(): null

2018-06-14 17:40:03 - [TEST_STEP][PASSED] - Statement - If (reportgroupTxt == "AutomationGroup"): null

2018-06-14 17:40:03 - [TEST_STEP][PASSED] - Statement - Else: null

2018-06-14 17:40:03 - [TEST_STEP][PASSED] - Statement - If (!(TCflag)): null

2018-06-14 17:40:03 - [TEST_STEP][PASSED] - Statement - reportgroup = "(//div[@class='ctable']/table/tbody/tr[@class='tdata clear'])[" + i + "]/td[7]": null

2018-06-14 17:40:03 - [TEST_STEP][PASSED] - Statement - reportgroupTxt = driver.findElement(org.openqa.selenium.By.xpath(reportgroup)).getText(): null

2018-06-14 17:40:03 - [TEST_STEP][PASSED] - Statement - If (reportgroupTxt == "AutomationGroup"): null

2018-06-14 17:40:03 - [TEST_STEP][PASSED] - Statement - println("Report group has right group name"): null

2018-06-14 17:40:03 - [TEST_STEP][PASSED] - Statement - reportgroup = "(//div[@class='ctable']/table/tbody/tr[@class='tdata clear'])[" + i + "]/td[7]": null

2018-06-14 17:40:03 - [TEST_STEP][PASSED] - Statement - reportgroupTxt = driver.findElement(org.openqa.selenium.By.xpath(reportgroup)).getText(): null

2018-06-14 17:40:03 - [TEST_STEP][PASSED] - Statement - If (reportgroupTxt == "AutomationGroup"): null

2018-06-14 17:40:03 - [TEST_STEP][PASSED] - Statement - println("Report group has right group name"): null

2018-06-14 17:40:03 - [TEST_STEP][PASSED] - Statement - reportgroup = "(//div[@class='ctable']/table/tbody/tr[@class='tdata clear'])[" + i + "]/td[7]": null

2018-06-14 17:40:03 - [TEST_STEP][PASSED] - Statement - reportgroupTxt = driver.findElement(org.openqa.selenium.By.xpath(reportgroup)).getText(): null

2018-06-14 17:40:03 - [TEST_STEP][PASSED] - Statement - If (reportgroupTxt == "AutomationGroup"): null

2018-06-14 17:40:03 - [TEST_STEP][PASSED] - Statement - println("Report group has right group name"): null

2018-06-14 17:40:03 - [TEST_STEP][PASSED] - Statement - reportgroup = "(//div[@class='ctable']/table/tbody/tr[@class='tdata clear'])[" + i + "]/td[7]": null

2018-06-14 17:40:03 - [TEST_STEP][PASSED] - Statement - reportgroupTxt = driver.findElement(org.openqa.selenium.By.xpath(reportgroup)).getText(): null

2018-06-14 17:40:03 - [TEST_STEP][PASSED] - Statement - If (reportgroupTxt == "AutomationGroup"): null

2018-06-14 17:40:03 - [TEST_STEP][PASSED] - Statement - Else: null

2018-06-14 17:40:03 - [TEST_STEP][PASSED] - Statement - If (!(TCflag)): null

2018-06-14 17:40:03 - [TEST_STEP][PASSED] - Statement - reportgroup = "(//div[@class='ctable']/table/tbody/tr[@class='tdata clear'])[" + i + "]/td[7]": null

2018-06-14 17:40:03 - [TEST_STEP][PASSED] - Statement - reportgroupTxt = driver.findElement(org.openqa.selenium.By.xpath(reportgroup)).getText(): null

2018-06-14 17:40:03 - [TEST_STEP][PASSED] - Statement - If (reportgroupTxt == "AutomationGroup"): null

2018-06-14 17:40:03 - [TEST_STEP][PASSED] - Statement - println("Report group has right group name"): null

2018-06-14 17:40:03 - [TEST_STEP][PASSED] - Statement - reportgroup = "(//div[@class='ctable']/table/tbody/tr[@class='tdata clear'])[" + i + "]/td[7]": null

2018-06-14 17:40:03 - [TEST_STEP][PASSED] - Statement - reportgroupTxt = driver.findElement(org.openqa.selenium.By.xpath(reportgroup)).getText(): null

2018-06-14 17:40:03 - [TEST_STEP][PASSED] - Statement - If (reportgroupTxt == "AutomationGroup"): null

2018-06-14 17:40:03 - [TEST_STEP][PASSED] - Statement - println("Report group has right group name"): null

2018-06-14 17:40:03 - [TEST_STEP][PASSED] - Statement - reportgroup = "(//div[@class='ctable']/table/tbody/tr[@class='tdata clear'])[" + i + "]/td[7]": null

2018-06-14 17:40:03 - [TEST_STEP][PASSED] - Statement - reportgroupTxt = driver.findElement(org.openqa.selenium.By.xpath(reportgroup)).getText(): null

2018-06-14 17:40:03 - [TEST_STEP][PASSED] - Statement - If (reportgroupTxt == "AutomationGroup"): null

2018-06-14 17:40:03 - [TEST_STEP][PASSED] - Statement - println("Report group has right group name"): null

2018-06-14 17:40:03 - [TEST_STEP][PASSED] - Statement - reportgroup = "(//div[@class='ctable']/table/tbody/tr[@class='tdata clear'])[" + i + "]/td[7]": null

2018-06-14 17:40:03 - [TEST_STEP][PASSED] - Statement - reportgroupTxt = driver.findElement(org.openqa.selenium.By.xpath(reportgroup)).getText(): null

2018-06-14 17:40:03 - [TEST_STEP][PASSED] - Statement - If (reportgroupTxt == "AutomationGroup"): null

2018-06-14 17:40:03 - [TEST_STEP][PASSED] - Statement - println("Report group has right group name"): null

2018-06-14 17:40:03 - [TEST_STEP][PASSED] - Statement - reportgroup = "(//div[@class='ctable']/table/tbody/tr[@class='tdata clear'])[" + i + "]/td[7]": null

2018-06-14 17:40:03 - [TEST_STEP][PASSED] - Statement - reportgroupTxt = driver.findElement(org.openqa.selenium.By.xpath(reportgroup)).getText(): null

2018-06-14 17:40:03 - [TEST_STEP][PASSED] - Statement - If (reportgroupTxt == "AutomationGroup"): null

2018-06-14 17:40:03 - [TEST_STEP][PASSED] - Statement - Else: null

2018-06-14 17:40:03 - [TEST_STEP][PASSED] - Statement - If (!(TCflag)): null

2018-06-14 17:40:03 - [TEST_STEP][PASSED] - Statement - reportgroup = "(//div[@class='ctable']/table/tbody/tr[@class='tdata clear'])[" + i + "]/td[7]": null

2018-06-14 17:40:03 - [TEST_STEP][PASSED] - Statement - reportgroupTxt = driver.findElement(org.openqa.selenium.By.xpath(reportgroup)).getText(): null

2018-06-14 17:40:03 - [TEST_STEP][PASSED] - Statement - If (reportgroupTxt == "AutomationGroup"): null

2018-06-14 17:40:03 - [TEST_STEP][PASSED] - Statement - println("Report group has right group name"): null

2018-06-14 17:40:03 - [TEST_STEP][PASSED] - Statement - reportgroup = "(//div[@class='ctable']/table/tbody/tr[@class='tdata clear'])[" + i + "]/td[7]": null

2018-06-14 17:40:03 - [TEST_STEP][PASSED] - Statement - reportgroupTxt = driver.findElement(org.openqa.selenium.By.xpath(reportgroup)).getText(): null

2018-06-14 17:40:03 - [TEST_STEP][PASSED] - Statement - If (reportgroupTxt == "AutomationGroup"): null

2018-06-14 17:40:03 - [TEST_STEP][PASSED] - Statement - println("Report group has right group name"): null

2018-06-14 17:40:03 - [TEST_STEP][PASSED] - Statement - reportgroup = "(//div[@class='ctable']/table/tbody/tr[@class='tdata clear'])[" + i + "]/td[7]": null

2018-06-14 17:40:03 - [TEST_STEP][PASSED] - Statement - reportgroupTxt = driver.findElement(org.openqa.selenium.By.xpath(reportgroup)).getText(): null

2018-06-14 17:40:03 - [TEST_STEP][PASSED] - Statement - If (reportgroupTxt == "AutomationGroup"): null

2018-06-14 17:40:03 - [TEST_STEP][PASSED] - Statement - println("Report group has right group name"): null

2018-06-14 17:40:03 - [TEST_STEP][PASSED] - Statement - reportgroup = "(//div[@class='ctable']/table/tbody/tr[@class='tdata clear'])[" + i + "]/td[7]": null

2018-06-14 17:40:03 - [TEST_STEP][PASSED] - Statement - reportgroupTxt = driver.findElement(org.openqa.selenium.By.xpath(reportgroup)).getText(): null

2018-06-14 17:40:03 - [TEST_STEP][PASSED] - Statement - If (reportgroupTxt == "AutomationGroup"): null

2018-06-14 17:40:03 - [TEST_STEP][PASSED] - Statement - println("Report group has right group name"): null

2018-06-14 17:40:03 - [TEST_STEP][PASSED] - Statement - reportgroup = "(//div[@class='ctable']/table/tbody/tr[@class='tdata clear'])[" + i + "]/td[7]": null

2018-06-14 17:40:03 - [TEST_STEP][PASSED] - Statement - reportgroupTxt = driver.findElement(org.openqa.selenium.By.xpath(reportgroup)).getText(): null

2018-06-14 17:40:03 - [TEST_STEP][PASSED] - Statement - If (reportgroupTxt == "AutomationGroup"): null

2018-06-14 17:40:03 - [TEST_STEP][PASSED] - Statement - println("Report group has right group name"): null

2018-06-14 17:40:03 - [TEST_STEP][PASSED] - Statement - reportgroup = "(//div[@class='ctable']/table/tbody/tr[@class='tdata clear'])[" + i + "]/td[7]": null

2018-06-14 17:40:03 - [TEST_STEP][PASSED] - Statement - reportgroupTxt = driver.findElement(org.openqa.selenium.By.xpath(reportgroup)).getText(): null

2018-06-14 17:40:03 - [TEST_STEP][PASSED] - Statement - If (reportgroupTxt == "AutomationGroup"): null

2018-06-14 17:40:03 - [TEST_STEP][PASSED] - Statement - println("Report group has right group name"): null

2018-06-14 17:40:03 - [TEST_STEP][PASSED] - Statement - reportgroup = "(//div[@class='ctable']/table/tbody/tr[@class='tdata clear'])[" + i + "]/td[7]": null

2018-06-14 17:40:03 - [TEST_STEP][PASSED] - Statement - reportgroupTxt = driver.findElement(org.openqa.selenium.By.xpath(reportgroup)).getText(): null

2018-06-14 17:40:03 - [TEST_STEP][PASSED] - Statement - If (reportgroupTxt == "AutomationGroup"): null

2018-06-14 17:40:03 - [TEST_STEP][PASSED] - Statement - println("Report group has right group name"): null

2018-06-14 17:40:03 - [TEST_STEP][PASSED] - Statement - reportgroup = "(//div[@class='ctable']/table/tbody/tr[@class='tdata clear'])[" + i + "]/td[7]": null

2018-06-14 17:40:03 - [TEST_STEP][PASSED] - Statement - reportgroupTxt = driver.findElement(org.openqa.selenium.By.xpath(reportgroup)).getText(): null

2018-06-14 17:40:03 - [TEST_STEP][PASSED] - Statement - If (reportgroupTxt == "AutomationGroup"): null

2018-06-14 17:40:03 - [TEST_STEP][PASSED] - Statement - println("Report group has right group name"): null

2018-06-14 17:40:03 - [TEST_STEP][PASSED] - Statement - reportgroup = "(//div[@class='ctable']/table/tbody/tr[@class='tdata clear'])[" + i + "]/td[7]": null

2018-06-14 17:40:03 - [TEST_STEP][PASSED] - Statement - reportgroupTxt = driver.findElement(org.openqa.selenium.By.xpath(reportgroup)).getText(): null

2018-06-14 17:40:03 - [TEST_STEP][PASSED] - Statement - If (reportgroupTxt == "AutomationGroup"): null

2018-06-14 17:40:03 - [TEST_STEP][PASSED] - Statement - Else: null

2018-06-14 17:40:03 - [TEST_STEP][PASSED] - Statement - If (!(TCflag)): null

2018-06-14 17:40:03 - [TEST_STEP][PASSED] - Statement - reportgroup = "(//div[@class='ctable']/table/tbody/tr[@class='tdata clear'])[" + i + "]/td[7]": null

2018-06-14 17:40:03 - [TEST_STEP][PASSED] - Statement - reportgroupTxt = driver.findElement(org.openqa.selenium.By.xpath(reportgroup)).getText(): null

2018-06-14 17:40:03 - [TEST_STEP][PASSED] - Statement - If (reportgroupTxt == "AutomationGroup"): null

2018-06-14 17:40:03 - [TEST_STEP][PASSED] - Statement - println("Report group has right group name"): null

2018-06-14 17:40:03 - [TEST_STEP][PASSED] - Statement - reportgroup = "(//div[@class='ctable']/table/tbody/tr[@class='tdata clear'])[" + i + "]/td[7]": null

2018-06-14 17:40:03 - [TEST_STEP][PASSED] - Statement - reportgroupTxt = driver.findElement(org.openqa.selenium.By.xpath(reportgroup)).getText(): null

2018-06-14 17:40:03 - [TEST_STEP][PASSED] - Statement - If (reportgroupTxt == "AutomationGroup"): null

2018-06-14 17:40:03 - [TEST_STEP][PASSED] - Statement - println("Report group has right group name"): null

2018-06-14 17:40:03 - [TEST_STEP][PASSED] - Statement - reportgroup = "(//div[@class='ctable']/table/tbody/tr[@class='tdata clear'])[" + i + "]/td[7]": null

2018-06-14 17:40:03 - [TEST_STEP][PASSED] - Statement - reportgroupTxt = driver.findElement(org.openqa.selenium.By.xpath(reportgroup)).getText(): null

2018-06-14 17:40:03 - [TEST_STEP][PASSED] - Statement - If (reportgroupTxt == "AutomationGroup"): null

2018-06-14 17:40:03 - [TEST_STEP][PASSED] - Statement - println("Report group has right group name"): null

2018-06-14 17:40:03 - [TEST_STEP][PASSED] - Statement - reportgroup = "(//div[@class='ctable']/table/tbody/tr[@class='tdata clear'])[" + i + "]/td[7]": null

2018-06-14 17:40:03 - [TEST_STEP][PASSED] - Statement - reportgroupTxt = driver.findElement(org.openqa.selenium.By.xpath(reportgroup)).getText(): null

2018-06-14 17:40:03 - [TEST_STEP][PASSED] - Statement - If (reportgroupTxt == "AutomationGroup"): null

2018-06-14 17:40:03 - [TEST_STEP][PASSED] - Statement - println("Report group has right group name"): null

2018-06-14 17:40:03 - [TEST_STEP][PASSED] - Statement - reportgroup = "(//div[@class='ctable']/table/tbody/tr[@class='tdata clear'])[" + i + "]/td[7]": null

2018-06-14 17:40:03 - [TEST_STEP][PASSED] - Statement - reportgroupTxt = driver.findElement(org.openqa.selenium.By.xpath(reportgroup)).getText(): null

2018-06-14 17:40:03 - [TEST_STEP][PASSED] - Statement - If (reportgroupTxt == "AutomationGroup"): null

2018-06-14 17:40:03 - [TEST_STEP][PASSED] - Statement - println("Report group has right group name"): null

2018-06-14 17:40:03 - [TEST_STEP][PASSED] - Statement - reportgroup = "(//div[@class='ctable']/table/tbody/tr[@class='tdata clear'])[" + i + "]/td[7]": null

2018-06-14 17:40:03 - [TEST_STEP][PASSED] - Statement - reportgroupTxt = driver.findElement(org.openqa.selenium.By.xpath(reportgroup)).getText(): null

2018-06-14 17:40:03 - [TEST_STEP][PASSED] - Statement - If (reportgroupTxt == "AutomationGroup"): null

2018-06-14 17:40:03 - [TEST_STEP][PASSED] - Statement - println("Report group has right group name"): null

2018-06-14 17:40:03 - [TEST_STEP][PASSED] - Statement - reportgroup = "(//div[@class='ctable']/table/tbody/tr[@class='tdata clear'])[" + i + "]/td[7]": null

2018-06-14 17:40:03 - [TEST_STEP][PASSED] - Statement - reportgroupTxt = driver.findElement(org.openqa.selenium.By.xpath(reportgroup)).getText(): null

2018-06-14 17:40:03 - [TEST_STEP][PASSED] - Statement - If (reportgroupTxt == "AutomationGroup"): null

2018-06-14 17:40:03 - [TEST_STEP][PASSED] - Statement - println("Report group has right group name"): null

2018-06-14 17:40:03 - [TEST_STEP][PASSED] - Statement - reportgroup = "(//div[@class='ctable']/table/tbody/tr[@class='tdata clear'])[" + i + "]/td[7]": null

2018-06-14 17:40:03 - [TEST_STEP][PASSED] - Statement - reportgroupTxt = driver.findElement(org.openqa.selenium.By.xpath(reportgroup)).getText(): null

2018-06-14 17:40:03 - [TEST_STEP][PASSED] - Statement - If (reportgroupTxt == "AutomationGroup"): null

2018-06-14 17:40:03 - [TEST_STEP][PASSED] - Statement - Else: null

2018-06-14 17:40:03 - [TEST_STEP][PASSED] - Statement - If (!(TCflag)): null

2018-06-14 17:40:03 - [TEST_STEP][PASSED] - Statement - reportgroup = "(//div[@class='ctable']/table/tbody/tr[@class='tdata clear'])[" + i + "]/td[7]": null

2018-06-14 17:40:03 - [TEST_STEP][PASSED] - Statement - reportgroupTxt = driver.findElement(org.openqa.selenium.By.xpath(reportgroup)).getText(): null

2018-06-14 17:40:03 - [TEST_STEP][PASSED] - Statement - If (reportgroupTxt == "AutomationGroup"): null

2018-06-14 17:40:03 - [TEST_STEP][PASSED] - Statement - Else: null

2018-06-14 17:40:03 - [TEST_STEP][PASSED] - Statement - If (!(TCflag)): null

2018-06-14 17:40:03 - [TEST_STEP][PASSED] - Statement - reportgroup = "(//div[@class='ctable']/table/tbody/tr[@class='tdata clear'])[" + i + "]/td[7]": null

2018-06-14 17:40:03 - [TEST_STEP][PASSED] - Statement - reportgroupTxt = driver.findElement(org.openqa.selenium.By.xpath(reportgroup)).getText(): null

2018-06-14 17:40:04 - [TEST_STEP][PASSED] - Statement - If (reportgroupTxt == "AutomationGroup"): null

2018-06-14 17:40:04 - [TEST_STEP][PASSED] - Statement - println("Report group has right group name"): null

2018-06-14 17:40:04 - [TEST_STEP][PASSED] - Statement - reportgroup = "(//div[@class='ctable']/table/tbody/tr[@class='tdata clear'])[" + i + "]/td[7]": null

2018-06-14 17:40:04 - [TEST_STEP][PASSED] - Statement - reportgroupTxt = driver.findElement(org.openqa.selenium.By.xpath(reportgroup)).getText(): null

2018-06-14 17:40:04 - [TEST_STEP][PASSED] - Statement - If (reportgroupTxt == "AutomationGroup"): null

2018-06-14 17:40:04 - [TEST_STEP][PASSED] - Statement - println("Report group has right group name"): null

2018-06-14 17:40:04 - [TEST_STEP][PASSED] - Statement - reportgroup = "(//div[@class='ctable']/table/tbody/tr[@class='tdata clear'])[" + i + "]/td[7]": null

2018-06-14 17:40:04 - [TEST_STEP][PASSED] - Statement - reportgroupTxt = driver.findElement(org.openqa.selenium.By.xpath(reportgroup)).getText(): null

2018-06-14 17:40:04 - [TEST_STEP][PASSED] - Statement - If (reportgroupTxt == "AutomationGroup"): null

2018-06-14 17:40:04 - [TEST_STEP][PASSED] - Statement - println("Report group has right group name"): null

2018-06-14 17:40:04 - [TEST_STEP][PASSED] - Statement - reportgroup = "(//div[@class='ctable']/table/tbody/tr[@class='tdata clear'])[" + i + "]/td[7]": null

2018-06-14 17:40:04 - [TEST_STEP][PASSED] - Statement - reportgroupTxt = driver.findElement(org.openqa.selenium.By.xpath(reportgroup)).getText(): null

2018-06-14 17:40:04 - [TEST_STEP][PASSED] - Statement - If (reportgroupTxt == "AutomationGroup"): null

2018-06-14 17:40:04 - [TEST_STEP][PASSED] - Statement - println("Report group has right group name"): null

2018-06-14 17:40:04 - [TEST_STEP][PASSED] - Statement - reportgroup = "(//div[@class='ctable']/table/tbody/tr[@class='tdata clear'])[" + i + "]/td[7]": null

2018-06-14 17:40:04 - [TEST_STEP][PASSED] - Statement - reportgroupTxt = driver.findElement(org.openqa.selenium.By.xpath(reportgroup)).getText(): null

2018-06-14 17:40:04 - [TEST_STEP][PASSED] - Statement - If (reportgroupTxt == "AutomationGroup"): null

2018-06-14 17:40:04 - [TEST_STEP][PASSED] - Statement - println("Report group has right group name"): null

2018-06-14 17:40:04 - [TEST_STEP][PASSED] - Statement - reportgroup = "(//div[@class='ctable']/table/tbody/tr[@class='tdata clear'])[" + i + "]/td[7]": null

2018-06-14 17:40:04 - [TEST_STEP][PASSED] - Statement - reportgroupTxt = driver.findElement(org.openqa.selenium.By.xpath(reportgroup)).getText(): null

2018-06-14 17:40:04 - [TEST_STEP][PASSED] - Statement - If (reportgroupTxt == "AutomationGroup"): null

2018-06-14 17:40:04 - [TEST_STEP][PASSED] - Statement - println("Report group has right group name"): null

2018-06-14 17:40:04 - [TEST_STEP][PASSED] - Statement - reportgroup = "(//div[@class='ctable']/table/tbody/tr[@class='tdata clear'])[" + i + "]/td[7]": null

2018-06-14 17:40:04 - [TEST_STEP][PASSED] - Statement - reportgroupTxt = driver.findElement(org.openqa.selenium.By.xpath(reportgroup)).getText(): null

2018-06-14 17:40:04 - [TEST_STEP][PASSED] - Statement - If (reportgroupTxt == "AutomationGroup"): null

2018-06-14 17:40:04 - [TEST_STEP][PASSED] - Statement - println("Report group has right group name"): null

2018-06-14 17:40:04 - [TEST_STEP][PASSED] - Statement - reportgroup = "(//div[@class='ctable']/table/tbody/tr[@class='tdata clear'])[" + i + "]/td[7]": null

2018-06-14 17:40:04 - [TEST_STEP][PASSED] - Statement - reportgroupTxt = driver.findElement(org.openqa.selenium.By.xpath(reportgroup)).getText(): null

2018-06-14 17:40:04 - [TEST_STEP][PASSED] - Statement - If (reportgroupTxt == "AutomationGroup"): null

2018-06-14 17:40:04 - [TEST_STEP][PASSED] - Statement - println("Report group has right group name"): null

2018-06-14 17:40:04 - [TEST_STEP][PASSED] - Statement - reportgroup = "(//div[@class='ctable']/table/tbody/tr[@class='tdata clear'])[" + i + "]/td[7]": null

2018-06-14 17:40:04 - [TEST_STEP][PASSED] - Statement - reportgroupTxt = driver.findElement(org.openqa.selenium.By.xpath(reportgroup)).getText(): null

2018-06-14 17:40:04 - [TEST_STEP][PASSED] - Statement - If (reportgroupTxt == "AutomationGroup"): null

2018-06-14 17:40:04 - [TEST_STEP][PASSED] - Statement - println("Report group has right group name"): null

2018-06-14 17:40:04 - [TEST_STEP][PASSED] - Statement - reportgroup = "(//div[@class='ctable']/table/tbody/tr[@class='tdata clear'])[" + i + "]/td[7]": null

2018-06-14 17:40:04 - [TEST_STEP][PASSED] - Statement - reportgroupTxt = driver.findElement(org.openqa.selenium.By.xpath(reportgroup)).getText(): null

2018-06-14 17:40:04 - [TEST_STEP][PASSED] - Statement - If (reportgroupTxt == "AutomationGroup"): null

2018-06-14 17:40:04 - [TEST_STEP][PASSED] - Statement - println("Report group has right group name"): null

2018-06-14 17:40:04 - [TEST_STEP][PASSED] - Statement - reportgroup = "(//div[@class='ctable']/table/tbody/tr[@class='tdata clear'])[" + i + "]/td[7]": null

2018-06-14 17:40:04 - [TEST_STEP][PASSED] - Statement - reportgroupTxt = driver.findElement(org.openqa.selenium.By.xpath(reportgroup)).getText(): null

2018-06-14 17:40:04 - [TEST_STEP][PASSED] - Statement - If (reportgroupTxt == "AutomationGroup"): null

2018-06-14 17:40:04 - [TEST_STEP][PASSED] - Statement - println("Report group has right group name"): null

2018-06-14 17:40:04 - [TEST_STEP][PASSED] - Statement - reportgroup = "(//div[@class='ctable']/table/tbody/tr[@class='tdata clear'])[" + i + "]/td[7]": null

2018-06-14 17:40:04 - [TEST_STEP][PASSED] - Statement - reportgroupTxt = driver.findElement(org.openqa.selenium.By.xpath(reportgroup)).getText(): null

2018-06-14 17:40:04 - [TEST_STEP][PASSED] - Statement - If (reportgroupTxt == "AutomationGroup"): null

2018-06-14 17:40:04 - [TEST_STEP][PASSED] - Statement - Else: null

2018-06-14 17:40:04 - [TEST_STEP][PASSED] - Statement - If (!(TCflag)): null

2018-06-14 17:40:04 - [TEST_STEP][PASSED] - Statement - reportgroup = "(//div[@class='ctable']/table/tbody/tr[@class='tdata clear'])[" + i + "]/td[7]": null

2018-06-14 17:40:04 - [TEST_STEP][PASSED] - Statement - reportgroupTxt = driver.findElement(org.openqa.selenium.By.xpath(reportgroup)).getText(): null

2018-06-14 17:40:04 - [TEST_STEP][PASSED] - Statement - If (reportgroupTxt == "AutomationGroup"): null

2018-06-14 17:40:04 - [TEST_STEP][PASSED] - Statement - println("Report group has right group name"): null

2018-06-14 17:40:04 - [TEST_STEP][PASSED] - Statement - reportgroup = "(//div[@class='ctable']/table/tbody/tr[@class='tdata clear'])[" + i + "]/td[7]": null

2018-06-14 17:40:04 - [TEST_STEP][PASSED] - Statement - reportgroupTxt = driver.findElement(org.openqa.selenium.By.xpath(reportgroup)).getText(): null

2018-06-14 17:40:04 - [TEST_STEP][PASSED] - Statement - If (reportgroupTxt == "AutomationGroup"): null

2018-06-14 17:40:04 - [TEST_STEP][PASSED] - Statement - println("Report group has right group name"): null

2018-06-14 17:40:04 - [TEST_STEP][PASSED] - Statement - reportgroup = "(//div[@class='ctable']/table/tbody/tr[@class='tdata clear'])[" + i + "]/td[7]": null

2018-06-14 17:40:04 - [TEST_STEP][PASSED] - Statement - reportgroupTxt = driver.findElement(org.openqa.selenium.By.xpath(reportgroup)).getText(): null

2018-06-14 17:40:04 - [TEST_STEP][PASSED] - Statement - If (reportgroupTxt == "AutomationGroup"): null

2018-06-14 17:40:04 - [TEST_STEP][PASSED] - Statement - println("Report group has right group name"): null

2018-06-14 17:40:04 - [TEST_STEP][PASSED] - Statement - reportgroup = "(//div[@class='ctable']/table/tbody/tr[@class='tdata clear'])[" + i + "]/td[7]": null

2018-06-14 17:40:04 - [TEST_STEP][PASSED] - Statement - reportgroupTxt = driver.findElement(org.openqa.selenium.By.xpath(reportgroup)).getText(): null

2018-06-14 17:40:04 - [TEST_STEP][PASSED] - Statement - If (reportgroupTxt == "AutomationGroup"): null

2018-06-14 17:40:04 - [TEST_STEP][PASSED] - Statement - println("Report group has right group name"): null

2018-06-14 17:40:04 - [TEST_STEP][PASSED] - Statement - reportgroup = "(//div[@class='ctable']/table/tbody/tr[@class='tdata clear'])[" + i + "]/td[7]": null

2018-06-14 17:40:04 - [TEST_STEP][PASSED] - Statement - reportgroupTxt = driver.findElement(org.openqa.selenium.By.xpath(reportgroup)).getText(): null

2018-06-14 17:40:04 - [TEST_STEP][PASSED] - Statement - If (reportgroupTxt == "AutomationGroup"): null

2018-06-14 17:40:04 - [TEST_STEP][PASSED] - Statement - println("Report group has right group name"): null

2018-06-14 17:40:04 - [TEST_STEP][PASSED] - Statement - reportgroup = "(//div[@class='ctable']/table/tbody/tr[@class='tdata clear'])[" + i + "]/td[7]": null

2018-06-14 17:40:04 - [TEST_STEP][PASSED] - Statement - reportgroupTxt = driver.findElement(org.openqa.selenium.By.xpath(reportgroup)).getText(): null

2018-06-14 17:40:04 - [TEST_STEP][PASSED] - Statement - If (reportgroupTxt == "AutomationGroup"): null

2018-06-14 17:40:04 - [TEST_STEP][PASSED] - Statement - println("Report group has right group name"): null

2018-06-14 17:40:04 - [TEST_STEP][PASSED] - Statement - reportgroup = "(//div[@class='ctable']/table/tbody/tr[@class='tdata clear'])[" + i + "]/td[7]": null

2018-06-14 17:40:04 - [TEST_STEP][PASSED] - Statement - reportgroupTxt = driver.findElement(org.openqa.selenium.By.xpath(reportgroup)).getText(): null

2018-06-14 17:40:04 - [TEST_STEP][PASSED] - Statement - If (reportgroupTxt == "AutomationGroup"): null

2018-06-14 17:40:04 - [TEST_STEP][PASSED] - Statement - println("Report group has right group name"): null

2018-06-14 17:40:04 - [TEST_STEP][PASSED] - Statement - reportgroup = "(//div[@class='ctable']/table/tbody/tr[@class='tdata clear'])[" + i + "]/td[7]": null

2018-06-14 17:40:04 - [TEST_STEP][PASSED] - Statement - reportgroupTxt = driver.findElement(org.openqa.selenium.By.xpath(reportgroup)).getText(): null

2018-06-14 17:40:04 - [TEST_STEP][PASSED] - Statement - If (reportgroupTxt == "AutomationGroup"): null

2018-06-14 17:40:04 - [TEST_STEP][PASSED] - Statement - Else: null

2018-06-14 17:40:04 - [TEST_STEP][PASSED] - Statement - If (!(TCflag)): null

2018-06-14 17:40:04 - [TEST_STEP][PASSED] - Statement - reportgroup = "(//div[@class='ctable']/table/tbody/tr[@class='tdata clear'])[" + i + "]/td[7]": null

2018-06-14 17:40:04 - [TEST_STEP][PASSED] - Statement - reportgroupTxt = driver.findElement(org.openqa.selenium.By.xpath(reportgroup)).getText(): null

2018-06-14 17:40:04 - [TEST_STEP][PASSED] - Statement - If (reportgroupTxt == "AutomationGroup"): null

2018-06-14 17:40:04 - [TEST_STEP][PASSED] - Statement - Else: null

2018-06-14 17:40:04 - [TEST_STEP][PASSED] - Statement - If (!(TCflag)): null

2018-06-14 17:40:04 - [TEST_STEP][PASSED] - Statement - reportgroup = "(//div[@class='ctable']/table/tbody/tr[@class='tdata clear'])[" + i + "]/td[7]": null

2018-06-14 17:40:04 - [TEST_STEP][PASSED] - Statement - reportgroupTxt = driver.findElement(org.openqa.selenium.By.xpath(reportgroup)).getText(): null

2018-06-14 17:40:04 - [TEST_STEP][PASSED] - Statement - If (reportgroupTxt == "AutomationGroup"): null

2018-06-14 17:40:04 - [TEST_STEP][PASSED] - Statement - println("Report group has right group name"): null

2018-06-14 17:40:04 - [TEST_STEP][PASSED] - Statement - reportgroup = "(//div[@class='ctable']/table/tbody/tr[@class='tdata clear'])[" + i + "]/td[7]": null

2018-06-14 17:40:04 - [TEST_STEP][PASSED] - Statement - reportgroupTxt = driver.findElement(org.openqa.selenium.By.xpath(reportgroup)).getText(): null

2018-06-14 17:40:04 - [TEST_STEP][PASSED] - Statement - If (reportgroupTxt == "AutomationGroup"): null

2018-06-14 17:40:04 - [TEST_STEP][PASSED] - Statement - println("Report group has right group name"): null

2018-06-14 17:40:04 - [TEST_STEP][PASSED] - Statement - reportgroup = "(//div[@class='ctable']/table/tbody/tr[@class='tdata clear'])[" + i + "]/td[7]": null

2018-06-14 17:40:04 - [TEST_STEP][PASSED] - Statement - reportgroupTxt = driver.findElement(org.openqa.selenium.By.xpath(reportgroup)).getText(): null

2018-06-14 17:40:04 - [TEST_STEP][PASSED] - Statement - If (reportgroupTxt == "AutomationGroup"): null

2018-06-14 17:40:04 - [TEST_STEP][PASSED] - Statement - Else: null

2018-06-14 17:40:04 - [TEST_STEP][PASSED] - Statement - If (!(TCflag)): null

2018-06-14 17:40:04 - [TEST_STEP][PASSED] - Statement - reportgroup = "(//div[@class='ctable']/table/tbody/tr[@class='tdata clear'])[" + i + "]/td[7]": null

2018-06-14 17:40:04 - [TEST_STEP][PASSED] - Statement - reportgroupTxt = driver.findElement(org.openqa.selenium.By.xpath(reportgroup)).getText(): null

2018-06-14 17:40:04 - [TEST_STEP][PASSED] - Statement - If (reportgroupTxt == "AutomationGroup"): null

2018-06-14 17:40:04 - [TEST_STEP][PASSED] - Statement - println("Report group has right group name"): null

2018-06-14 17:40:04 - [TEST_STEP][PASSED] - Statement - reportgroup = "(//div[@class='ctable']/table/tbody/tr[@class='tdata clear'])[" + i + "]/td[7]": null

2018-06-14 17:40:04 - [TEST_STEP][PASSED] - Statement - reportgroupTxt = driver.findElement(org.openqa.selenium.By.xpath(reportgroup)).getText(): null

2018-06-14 17:40:04 - [TEST_STEP][PASSED] - Statement - If (reportgroupTxt == "AutomationGroup"): null

2018-06-14 17:40:04 - [TEST_STEP][PASSED] - Statement - println("Report group has right group name"): null

2018-06-14 17:40:04 - [TEST_STEP][PASSED] - Statement - reportgroup = "(//div[@class='ctable']/table/tbody/tr[@class='tdata clear'])[" + i + "]/td[7]": null

2018-06-14 17:40:04 - [TEST_STEP][PASSED] - Statement - reportgroupTxt = driver.findElement(org.openqa.selenium.By.xpath(reportgroup)).getText(): null

2018-06-14 17:40:04 - [TEST_STEP][PASSED] - Statement - If (reportgroupTxt == "AutomationGroup"): null

2018-06-14 17:40:04 - [TEST_STEP][PASSED] - Statement - Else: null

2018-06-14 17:40:04 - [TEST_STEP][PASSED] - Statement - If (!(TCflag)): null

2018-06-14 17:40:04 - [TEST_STEP][PASSED] - Statement - reportgroup = "(//div[@class='ctable']/table/tbody/tr[@class='tdata clear'])[" + i + "]/td[7]": null

2018-06-14 17:40:04 - [TEST_STEP][PASSED] - Statement - reportgroupTxt = driver.findElement(org.openqa.selenium.By.xpath(reportgroup)).getText(): null

2018-06-14 17:40:04 - [TEST_STEP][PASSED] - Statement - If (reportgroupTxt == "AutomationGroup"): null

2018-06-14 17:40:04 - [TEST_STEP][PASSED] - Statement - println("Report group has right group name"): null

2018-06-14 17:40:04 - [TEST_STEP][PASSED] - Statement - reportgroup = "(//div[@class='ctable']/table/tbody/tr[@class='tdata clear'])[" + i + "]/td[7]": null

2018-06-14 17:40:04 - [TEST_STEP][PASSED] - Statement - reportgroupTxt = driver.findElement(org.openqa.selenium.By.xpath(reportgroup)).getText(): null

2018-06-14 17:40:04 - [TEST_STEP][PASSED] - Statement - If (reportgroupTxt == "AutomationGroup"): null

2018-06-14 17:40:04 - [TEST_STEP][PASSED] - Statement - println("Report group has right group name"): null

2018-06-14 17:40:04 - [TEST_STEP][PASSED] - Statement - reportgroup = "(//div[@class='ctable']/table/tbody/tr[@class='tdata clear'])[" + i + "]/td[7]": null

2018-06-14 17:40:04 - [TEST_STEP][PASSED] - Statement - reportgroupTxt = driver.findElement(org.openqa.selenium.By.xpath(reportgroup)).getText(): null

2018-06-14 17:40:04 - [TEST_STEP][PASSED] - Statement - If (reportgroupTxt == "AutomationGroup"): null

2018-06-14 17:40:04 - [TEST_STEP][PASSED] - Statement - Else: null

2018-06-14 17:40:04 - [TEST_STEP][PASSED] - Statement - If (!(TCflag)): null

2018-06-14 17:40:04 - [TEST_STEP][PASSED] - Statement - reportgroup = "(//div[@class='ctable']/table/tbody/tr[@class='tdata clear'])[" + i + "]/td[7]": null

2018-06-14 17:40:04 - [TEST_STEP][PASSED] - Statement - reportgroupTxt = driver.findElement(org.openqa.selenium.By.xpath(reportgroup)).getText(): null

2018-06-14 17:40:04 - [TEST_STEP][PASSED] - Statement - If (reportgroupTxt == "AutomationGroup"): null

2018-06-14 17:40:04 - [TEST_STEP][PASSED] - Statement - println("Report group has right group name"): null

2018-06-14 17:40:04 - [TEST_STEP][PASSED] - Statement - reportgroup = "(//div[@class='ctable']/table/tbody/tr[@class='tdata clear'])[" + i + "]/td[7]": null

2018-06-14 17:40:04 - [TEST_STEP][PASSED] - Statement - reportgroupTxt = driver.findElement(org.openqa.selenium.By.xpath(reportgroup)).getText(): null

2018-06-14 17:40:04 - [TEST_STEP][PASSED] - Statement - If (reportgroupTxt == "AutomationGroup"): null

2018-06-14 17:40:04 - [TEST_STEP][PASSED] - Statement - println("Report group has right group name"): null

2018-06-14 17:40:04 - [TEST_STEP][PASSED] - Statement - reportgroup = "(//div[@class='ctable']/table/tbody/tr[@class='tdata clear'])[" + i + "]/td[7]": null

2018-06-14 17:40:04 - [TEST_STEP][PASSED] - Statement - reportgroupTxt = driver.findElement(org.openqa.selenium.By.xpath(reportgroup)).getText(): null

2018-06-14 17:40:04 - [TEST_STEP][PASSED] - Statement - If (reportgroupTxt == "AutomationGroup"): null

2018-06-14 17:40:04 - [TEST_STEP][PASSED] - Statement - println("Report group has right group name"): null

2018-06-14 17:40:04 - [TEST_STEP][PASSED] - Statement - reportgroup = "(//div[@class='ctable']/table/tbody/tr[@class='tdata clear'])[" + i + "]/td[7]": null

2018-06-14 17:40:04 - [TEST_STEP][PASSED] - Statement - reportgroupTxt = driver.findElement(org.openqa.selenium.By.xpath(reportgroup)).getText(): null

2018-06-14 17:40:04 - [TEST_STEP][PASSED] - Statement - If (reportgroupTxt == "AutomationGroup"): null

2018-06-14 17:40:04 - [TEST_STEP][PASSED] - Statement - println("Report group has right group name"): null

2018-06-14 17:40:04 - [TEST_STEP][PASSED] - Statement - reportgroup = "(//div[@class='ctable']/table/tbody/tr[@class='tdata clear'])[" + i + "]/td[7]": null

2018-06-14 17:40:04 - [TEST_STEP][PASSED] - Statement - reportgroupTxt = driver.findElement(org.openqa.selenium.By.xpath(reportgroup)).getText(): null

2018-06-14 17:40:04 - [TEST_STEP][PASSED] - Statement - If (reportgroupTxt == "AutomationGroup"): null

2018-06-14 17:40:04 - [TEST_STEP][PASSED] - Statement - println("Report group has right group name"): null

2018-06-14 17:40:04 - [TEST_STEP][PASSED] - Statement - reportgroup = "(//div[@class='ctable']/table/tbody/tr[@class='tdata clear'])[" + i + "]/td[7]": null

2018-06-14 17:40:04 - [TEST_STEP][PASSED] - Statement - reportgroupTxt = driver.findElement(org.openqa.selenium.By.xpath(reportgroup)).getText(): null

2018-06-14 17:40:05 - [TEST_STEP][PASSED] - Statement - If (reportgroupTxt == "AutomationGroup"): null

2018-06-14 17:40:05 - [TEST_STEP][PASSED] - Statement - Else: null

2018-06-14 17:40:05 - [TEST_STEP][PASSED] - Statement - If (!(TCflag)): null

2018-06-14 17:40:05 - [TEST_STEP][PASSED] - Statement - reportgroup = "(//div[@class='ctable']/table/tbody/tr[@class='tdata clear'])[" + i + "]/td[7]": null

2018-06-14 17:40:05 - [TEST_STEP][PASSED] - Statement - reportgroupTxt = driver.findElement(org.openqa.selenium.By.xpath(reportgroup)).getText(): null

2018-06-14 17:40:05 - [TEST_STEP][PASSED] - Statement - If (reportgroupTxt == "AutomationGroup"): null

2018-06-14 17:40:05 - [TEST_STEP][PASSED] - Statement - Else: null

2018-06-14 17:40:05 - [TEST_STEP][PASSED] - Statement - If (!(TCflag)): null

2018-06-14 17:40:05 - [TEST_STEP][PASSED] - Statement - reportgroup = "(//div[@class='ctable']/table/tbody/tr[@class='tdata clear'])[" + i + "]/td[7]": null

2018-06-14 17:40:05 - [TEST_STEP][PASSED] - Statement - reportgroupTxt = driver.findElement(org.openqa.selenium.By.xpath(reportgroup)).getText(): null

2018-06-14 17:40:05 - [TEST_STEP][PASSED] - Statement - If (reportgroupTxt == "AutomationGroup"): null

2018-06-14 17:40:05 - [TEST_STEP][PASSED] - Statement - println("Report group has right group name"): null

2018-06-14 17:40:05 - [TEST_STEP][PASSED] - Statement - reportgroup = "(//div[@class='ctable']/table/tbody/tr[@class='tdata clear'])[" + i + "]/td[7]": null

2018-06-14 17:40:05 - [TEST_STEP][PASSED] - Statement - reportgroupTxt = driver.findElement(org.openqa.selenium.By.xpath(reportgroup)).getText(): null

2018-06-14 17:40:05 - [TEST_STEP][PASSED] - Statement - If (reportgroupTxt == "AutomationGroup"): null

2018-06-14 17:40:05 - [TEST_STEP][PASSED] - Statement - println("Report group has right group name"): null

2018-06-14 17:40:05 - [TEST_STEP][PASSED] - Statement - reportgroup = "(//div[@class='ctable']/table/tbody/tr[@class='tdata clear'])[" + i + "]/td[7]": null

2018-06-14 17:40:05 - [TEST_STEP][PASSED] - Statement - reportgroupTxt = driver.findElement(org.openqa.selenium.By.xpath(reportgroup)).getText(): null

2018-06-14 17:40:05 - [TEST_STEP][PASSED] - Statement - If (reportgroupTxt == "AutomationGroup"): null

2018-06-14 17:40:05 - [TEST_STEP][PASSED] - Statement - println("Report group has right group name"): null

2018-06-14 17:40:05 - [TEST_STEP][PASSED] - Statement - reportgroup = "(//div[@class='ctable']/table/tbody/tr[@class='tdata clear'])[" + i + "]/td[7]": null

2018-06-14 17:40:05 - [TEST_STEP][PASSED] - Statement - reportgroupTxt = driver.findElement(org.openqa.selenium.By.xpath(reportgroup)).getText(): null

2018-06-14 17:40:05 - [TEST_STEP][PASSED] - Statement - If (reportgroupTxt == "AutomationGroup"): null

2018-06-14 17:40:05 - [TEST_STEP][PASSED] - Statement - println("Report group has right group name"): null

2018-06-14 17:40:05 - [TEST_STEP][PASSED] - Statement - reportgroup = "(//div[@class='ctable']/table/tbody/tr[@class='tdata clear'])[" + i + "]/td[7]": null

2018-06-14 17:40:05 - [TEST_STEP][PASSED] - Statement - reportgroupTxt = driver.findElement(org.openqa.selenium.By.xpath(reportgroup)).getText(): null

2018-06-14 17:40:05 - [TEST_STEP][PASSED] - Statement - If (reportgroupTxt == "AutomationGroup"): null

2018-06-14 17:40:05 - [TEST_STEP][PASSED] - Statement - println("Report group has right group name"): null

2018-06-14 17:40:05 - [TEST_STEP][PASSED] - Statement - reportgroup = "(//div[@class='ctable']/table/tbody/tr[@class='tdata clear'])[" + i + "]/td[7]": null

2018-06-14 17:40:05 - [TEST_STEP][PASSED] - Statement - reportgroupTxt = driver.findElement(org.openqa.selenium.By.xpath(reportgroup)).getText(): null

2018-06-14 17:40:05 - [TEST_STEP][PASSED] - Statement - If (reportgroupTxt == "AutomationGroup"): null

2018-06-14 17:40:05 - [TEST_STEP][PASSED] - Statement - println("Report group has right group name"): null

2018-06-14 17:40:05 - [TEST_STEP][PASSED] - Statement - reportgroup = "(//div[@class='ctable']/table/tbody/tr[@class='tdata clear'])[" + i + "]/td[7]": null

2018-06-14 17:40:05 - [TEST_STEP][PASSED] - Statement - reportgroupTxt = driver.findElement(org.openqa.selenium.By.xpath(reportgroup)).getText(): null

2018-06-14 17:40:05 - [TEST_STEP][PASSED] - Statement - If (reportgroupTxt == "AutomationGroup"): null

2018-06-14 17:40:05 - [TEST_STEP][PASSED] - Statement - println("Report group has right group name"): null

2018-06-14 17:40:05 - [TEST_STEP][PASSED] - Statement - reportgroup = "(//div[@class='ctable']/table/tbody/tr[@class='tdata clear'])[" + i + "]/td[7]": null

2018-06-14 17:40:05 - [TEST_STEP][PASSED] - Statement - reportgroupTxt = driver.findElement(org.openqa.selenium.By.xpath(reportgroup)).getText(): null

2018-06-14 17:40:05 - [TEST_STEP][PASSED] - Statement - If (reportgroupTxt == "AutomationGroup"): null

2018-06-14 17:40:05 - [TEST_STEP][PASSED] - Statement - println("Report group has right group name"): null

2018-06-14 17:40:05 - [TEST_STEP][PASSED] - Statement - reportgroup = "(//div[@class='ctable']/table/tbody/tr[@class='tdata clear'])[" + i + "]/td[7]": null

2018-06-14 17:40:05 - [TEST_STEP][PASSED] - Statement - reportgroupTxt = driver.findElement(org.openqa.selenium.By.xpath(reportgroup)).getText(): null

2018-06-14 17:40:05 - [TEST_STEP][PASSED] - Statement - If (reportgroupTxt == "AutomationGroup"): null

2018-06-14 17:40:05 - [TEST_STEP][PASSED] - Statement - println("Report group has right group name"): null

2018-06-14 17:40:05 - [TEST_STEP][PASSED] - Statement - reportgroup = "(//div[@class='ctable']/table/tbody/tr[@class='tdata clear'])[" + i + "]/td[7]": null

2018-06-14 17:40:05 - [TEST_STEP][PASSED] - Statement - reportgroupTxt = driver.findElement(org.openqa.selenium.By.xpath(reportgroup)).getText(): null

2018-06-14 17:40:05 - [TEST_STEP][PASSED] - Statement - If (reportgroupTxt == "AutomationGroup"): null

2018-06-14 17:40:05 - [TEST_STEP][PASSED] - Statement - println("Report group has right group name"): null

2018-06-14 17:40:05 - [TEST_STEP][PASSED] - Statement - reportgroup = "(//div[@class='ctable']/table/tbody/tr[@class='tdata clear'])[" + i + "]/td[7]": null

2018-06-14 17:40:05 - [TEST_STEP][PASSED] - Statement - reportgroupTxt = driver.findElement(org.openqa.selenium.By.xpath(reportgroup)).getText(): null

2018-06-14 17:40:05 - [TEST_STEP][PASSED] - Statement - If (reportgroupTxt == "AutomationGroup"): null

2018-06-14 17:40:05 - [TEST_STEP][PASSED] - Statement - Else: null

2018-06-14 17:40:05 - [TEST_STEP][PASSED] - Statement - If (!(TCflag)): null

2018-06-14 17:40:05 - [TEST_STEP][PASSED] - Statement - reportgroup = "(//div[@class='ctable']/table/tbody/tr[@class='tdata clear'])[" + i + "]/td[7]": null

2018-06-14 17:40:05 - [TEST_STEP][PASSED] - Statement - reportgroupTxt = driver.findElement(org.openqa.selenium.By.xpath(reportgroup)).getText(): null

2018-06-14 17:40:05 - [TEST_STEP][PASSED] - Statement - If (reportgroupTxt == "AutomationGroup"): null

2018-06-14 17:40:05 - [TEST_STEP][PASSED] - Statement - println("Report group has right group name"): null

2018-06-14 17:40:05 - [TEST_STEP][PASSED] - Statement - reportgroup = "(//div[@class='ctable']/table/tbody/tr[@class='tdata clear'])[" + i + "]/td[7]": null

2018-06-14 17:40:05 - [TEST_STEP][PASSED] - Statement - reportgroupTxt = driver.findElement(org.openqa.selenium.By.xpath(reportgroup)).getText(): null

2018-06-14 17:40:05 - [TEST_STEP][PASSED] - Statement - If (reportgroupTxt == "AutomationGroup"): null

2018-06-14 17:40:05 - [TEST_STEP][PASSED] - Statement - println("Report group has right group name"): null

2018-06-14 17:40:05 - [TEST_STEP][PASSED] - Statement - reportgroup = "(//div[@class='ctable']/table/tbody/tr[@class='tdata clear'])[" + i + "]/td[7]": null

2018-06-14 17:40:05 - [TEST_STEP][PASSED] - Statement - reportgroupTxt = driver.findElement(org.openqa.selenium.By.xpath(reportgroup)).getText(): null

2018-06-14 17:40:05 - [TEST_STEP][PASSED] - Statement - If (reportgroupTxt == "AutomationGroup"): null

2018-06-14 17:40:05 - [TEST_STEP][PASSED] - Statement - println("Report group has right group name"): null

2018-06-14 17:40:05 - [TEST_STEP][PASSED] - Statement - reportgroup = "(//div[@class='ctable']/table/tbody/tr[@class='tdata clear'])[" + i + "]/td[7]": null

2018-06-14 17:40:05 - [TEST_STEP][PASSED] - Statement - reportgroupTxt = driver.findElement(org.openqa.selenium.By.xpath(reportgroup)).getText(): null

2018-06-14 17:40:05 - [TEST_STEP][PASSED] - Statement - If (reportgroupTxt == "AutomationGroup"): null

2018-06-14 17:40:05 - [TEST_STEP][PASSED] - Statement - println("Report group has right group name"): null

2018-06-14 17:40:05 - [TEST_STEP][PASSED] - Statement - reportgroup = "(//div[@class='ctable']/table/tbody/tr[@class='tdata clear'])[" + i + "]/td[7]": null

2018-06-14 17:40:05 - [TEST_STEP][PASSED] - Statement - reportgroupTxt = driver.findElement(org.openqa.selenium.By.xpath(reportgroup)).getText(): null

2018-06-14 17:40:05 - [TEST_STEP][PASSED] - Statement - If (reportgroupTxt == "AutomationGroup"): null

2018-06-14 17:40:05 - [TEST_STEP][PASSED] - Statement - Else: null

2018-06-14 17:40:05 - [TEST_STEP][PASSED] - Statement - If (!(TCflag)): null

2018-06-14 17:40:05 - [TEST_STEP][PASSED] - Statement - reportgroup = "(//div[@class='ctable']/table/tbody/tr[@class='tdata clear'])[" + i + "]/td[7]": null

2018-06-14 17:40:05 - [TEST_STEP][PASSED] - Statement - reportgroupTxt = driver.findElement(org.openqa.selenium.By.xpath(reportgroup)).getText(): null

2018-06-14 17:40:05 - [TEST_STEP][PASSED] - Statement - If (reportgroupTxt == "AutomationGroup"): null

2018-06-14 17:40:05 - [TEST_STEP][PASSED] - Statement - Else: null

2018-06-14 17:40:05 - [TEST_STEP][PASSED] - Statement - If (!(TCflag)): null

2018-06-14 17:40:05 - [TEST_STEP][PASSED] - Statement - reportgroup = "(//div[@class='ctable']/table/tbody/tr[@class='tdata clear'])[" + i + "]/td[7]": null

2018-06-14 17:40:05 - [TEST_STEP][PASSED] - Statement - reportgroupTxt = driver.findElement(org.openqa.selenium.By.xpath(reportgroup)).getText(): null

2018-06-14 17:40:05 - [TEST_STEP][PASSED] - Statement - If (reportgroupTxt == "AutomationGroup"): null

2018-06-14 17:40:05 - [TEST_STEP][PASSED] - Statement - Else: null

2018-06-14 17:40:05 - [TEST_STEP][PASSED] - Statement - If (!(TCflag)): null

2018-06-14 17:40:05 - [TEST_STEP][PASSED] - Statement - reportgroup = "(//div[@class='ctable']/table/tbody/tr[@class='tdata clear'])[" + i + "]/td[7]": null

2018-06-14 17:40:05 - [TEST_STEP][PASSED] - Statement - reportgroupTxt = driver.findElement(org.openqa.selenium.By.xpath(reportgroup)).getText(): null

2018-06-14 17:40:05 - [TEST_STEP][PASSED] - Statement - If (reportgroupTxt == "AutomationGroup"): null

2018-06-14 17:40:05 - [TEST_STEP][PASSED] - Statement - println("Report group has right group name"): null

2018-06-14 17:40:05 - [TEST_STEP][PASSED] - Statement - reportgroup = "(//div[@class='ctable']/table/tbody/tr[@class='tdata clear'])[" + i + "]/td[7]": null

2018-06-14 17:40:05 - [TEST_STEP][PASSED] - Statement - reportgroupTxt = driver.findElement(org.openqa.selenium.By.xpath(reportgroup)).getText(): null

2018-06-14 17:40:05 - [TEST_STEP][PASSED] - Statement - If (reportgroupTxt == "AutomationGroup"): null

2018-06-14 17:40:05 - [TEST_STEP][PASSED] - Statement - println("Report group has right group name"): null

2018-06-14 17:40:05 - [TEST_STEP][PASSED] - Statement - reportgroup = "(//div[@class='ctable']/table/tbody/tr[@class='tdata clear'])[" + i + "]/td[7]": null

2018-06-14 17:40:05 - [TEST_STEP][PASSED] - Statement - reportgroupTxt = driver.findElement(org.openqa.selenium.By.xpath(reportgroup)).getText(): null

2018-06-14 17:40:05 - [TEST_STEP][PASSED] - Statement - If (reportgroupTxt == "AutomationGroup"): null

2018-06-14 17:40:05 - [TEST_STEP][PASSED] - Statement - println("Report group has right group name"): null

2018-06-14 17:40:05 - [TEST_STEP][PASSED] - Statement - reportgroup = "(//div[@class='ctable']/table/tbody/tr[@class='tdata clear'])[" + i + "]/td[7]": null

2018-06-14 17:40:05 - [TEST_STEP][PASSED] - Statement - reportgroupTxt = driver.findElement(org.openqa.selenium.By.xpath(reportgroup)).getText(): null

2018-06-14 17:40:05 - [TEST_STEP][PASSED] - Statement - If (reportgroupTxt == "AutomationGroup"): null

2018-06-14 17:40:05 - [TEST_STEP][PASSED] - Statement - println("Report group has right group name"): null

2018-06-14 17:40:05 - [TEST_STEP][PASSED] - Statement - reportgroup = "(//div[@class='ctable']/table/tbody/tr[@class='tdata clear'])[" + i + "]/td[7]": null

2018-06-14 17:40:05 - [TEST_STEP][PASSED] - Statement - reportgroupTxt = driver.findElement(org.openqa.selenium.By.xpath(reportgroup)).getText(): null

2018-06-14 17:40:05 - [TEST_STEP][PASSED] - Statement - If (reportgroupTxt == "AutomationGroup"): null

2018-06-14 17:40:05 - [TEST_STEP][PASSED] - Statement - println("Report group has right group name"): null

2018-06-14 17:40:05 - [TEST_STEP][PASSED] - Statement - reportgroup = "(//div[@class='ctable']/table/tbody/tr[@class='tdata clear'])[" + i + "]/td[7]": null

2018-06-14 17:40:05 - [TEST_STEP][PASSED] - Statement - reportgroupTxt = driver.findElement(org.openqa.selenium.By.xpath(reportgroup)).getText(): null

2018-06-14 17:40:05 - [TEST_STEP][PASSED] - Statement - If (reportgroupTxt == "AutomationGroup"): null

2018-06-14 17:40:05 - [TEST_STEP][PASSED] - Statement - println("Report group has right group name"): null

2018-06-14 17:40:05 - [TEST_STEP][PASSED] - Statement - reportgroup = "(//div[@class='ctable']/table/tbody/tr[@class='tdata clear'])[" + i + "]/td[7]": null

2018-06-14 17:40:05 - [TEST_STEP][PASSED] - Statement - reportgroupTxt = driver.findElement(org.openqa.selenium.By.xpath(reportgroup)).getText(): null

2018-06-14 17:40:05 - [TEST_STEP][PASSED] - Statement - If (reportgroupTxt == "AutomationGroup"): null

2018-06-14 17:40:05 - [TEST_STEP][PASSED] - Statement - println("Report group has right group name"): null

2018-06-14 17:40:05 - [TEST_STEP][PASSED] - Statement - reportgroup = "(//div[@class='ctable']/table/tbody/tr[@class='tdata clear'])[" + i + "]/td[7]": null

2018-06-14 17:40:05 - [TEST_STEP][PASSED] - Statement - reportgroupTxt = driver.findElement(org.openqa.selenium.By.xpath(reportgroup)).getText(): null

2018-06-14 17:40:05 - [TEST_STEP][PASSED] - Statement - If (reportgroupTxt == "AutomationGroup"): null

2018-06-14 17:40:05 - [TEST_STEP][PASSED] - Statement - println("Report group has right group name"): null

2018-06-14 17:40:05 - [TEST_STEP][PASSED] - Statement - reportgroup = "(//div[@class='ctable']/table/tbody/tr[@class='tdata clear'])[" + i + "]/td[7]": null

2018-06-14 17:40:05 - [TEST_STEP][PASSED] - Statement - reportgroupTxt = driver.findElement(org.openqa.selenium.By.xpath(reportgroup)).getText(): null

2018-06-14 17:40:05 - [TEST_STEP][PASSED] - Statement - If (reportgroupTxt == "AutomationGroup"): null

2018-06-14 17:40:05 - [TEST_STEP][PASSED] - Statement - Else: null

2018-06-14 17:40:05 - [TEST_STEP][PASSED] - Statement - If (!(TCflag)): null

2018-06-14 17:40:05 - [TEST_STEP][PASSED] - Statement - reportgroup = "(//div[@class='ctable']/table/tbody/tr[@class='tdata clear'])[" + i + "]/td[7]": null

2018-06-14 17:40:05 - [TEST_STEP][PASSED] - Statement - reportgroupTxt = driver.findElement(org.openqa.selenium.By.xpath(reportgroup)).getText(): null

2018-06-14 17:40:05 - [TEST_STEP][PASSED] - Statement - If (reportgroupTxt == "AutomationGroup"): null

2018-06-14 17:40:05 - [TEST_STEP][PASSED] - Statement - println("Report group has right group name"): null

2018-06-14 17:40:05 - [TEST_STEP][PASSED] - Statement - reportgroup = "(//div[@class='ctable']/table/tbody/tr[@class='tdata clear'])[" + i + "]/td[7]": null

2018-06-14 17:40:05 - [TEST_STEP][PASSED] - Statement - reportgroupTxt = driver.findElement(org.openqa.selenium.By.xpath(reportgroup)).getText(): null

2018-06-14 17:40:05 - [TEST_STEP][PASSED] - Statement - If (reportgroupTxt == "AutomationGroup"): null

2018-06-14 17:40:05 - [TEST_STEP][PASSED] - Statement - println("Report group has right group name"): null

2018-06-14 17:40:05 - [TEST_STEP][PASSED] - Statement - reportgroup = "(//div[@class='ctable']/table/tbody/tr[@class='tdata clear'])[" + i + "]/td[7]": null

2018-06-14 17:40:05 - [TEST_STEP][PASSED] - Statement - reportgroupTxt = driver.findElement(org.openqa.selenium.By.xpath(reportgroup)).getText(): null

2018-06-14 17:40:05 - [TEST_STEP][PASSED] - Statement - If (reportgroupTxt == "AutomationGroup"): null

2018-06-14 17:40:05 - [TEST_STEP][PASSED] - Statement - println("Report group has right group name"): null

2018-06-14 17:40:05 - [TEST_STEP][PASSED] - Statement - reportgroup = "(//div[@class='ctable']/table/tbody/tr[@class='tdata clear'])[" + i + "]/td[7]": null

2018-06-14 17:40:05 - [TEST_STEP][PASSED] - Statement - reportgroupTxt = driver.findElement(org.openqa.selenium.By.xpath(reportgroup)).getText(): null

2018-06-14 17:40:05 - [TEST_STEP][PASSED] - Statement - If (reportgroupTxt == "AutomationGroup"): null

2018-06-14 17:40:05 - [TEST_STEP][PASSED] - Statement - println("Report group has right group name"): null

2018-06-14 17:40:05 - [TEST_STEP][PASSED] - Statement - reportgroup = "(//div[@class='ctable']/table/tbody/tr[@class='tdata clear'])[" + i + "]/td[7]": null

2018-06-14 17:40:05 - [TEST_STEP][PASSED] - Statement - reportgroupTxt = driver.findElement(org.openqa.selenium.By.xpath(reportgroup)).getText(): null

2018-06-14 17:40:05 - [TEST_STEP][PASSED] - Statement - If (reportgroupTxt == "AutomationGroup"): null

2018-06-14 17:40:05 - [TEST_STEP][PASSED] - Statement - println("Report group has right group name"): null

2018-06-14 17:40:05 - [TEST_STEP][PASSED] - Statement - reportgroup = "(//div[@class='ctable']/table/tbody/tr[@class='tdata clear'])[" + i + "]/td[7]": null

2018-06-14 17:40:05 - [TEST_STEP][PASSED] - Statement - reportgroupTxt = driver.findElement(org.openqa.selenium.By.xpath(reportgroup)).getText(): null

2018-06-14 17:40:05 - [TEST_STEP][PASSED] - Statement - If (reportgroupTxt == "AutomationGroup"): null

2018-06-14 17:40:05 - [TEST_STEP][PASSED] - Statement - println("Report group has right group name"): null

2018-06-14 17:40:05 - [TEST_STEP][PASSED] - Statement - reportgroup = "(//div[@class='ctable']/table/tbody/tr[@class='tdata clear'])[" + i + "]/td[7]": null

2018-06-14 17:40:05 - [TEST_STEP][PASSED] - Statement - reportgroupTxt = driver.findElement(org.openqa.selenium.By.xpath(reportgroup)).getText(): null

2018-06-14 17:40:05 - [TEST_STEP][PASSED] - Statement - If (reportgroupTxt == "AutomationGroup"): null

2018-06-14 17:40:05 - [TEST_STEP][PASSED] - Statement - println("Report group has right group name"): null

2018-06-14 17:40:05 - [TEST_STEP][PASSED] - Statement - reportgroup = "(//div[@class='ctable']/table/tbody/tr[@class='tdata clear'])[" + i + "]/td[7]": null

2018-06-14 17:40:05 - [TEST_STEP][PASSED] - Statement - reportgroupTxt = driver.findElement(org.openqa.selenium.By.xpath(reportgroup)).getText(): null

2018-06-14 17:40:06 - [TEST_STEP][PASSED] - Statement - If (reportgroupTxt == "AutomationGroup"): null

2018-06-14 17:40:06 - [TEST_STEP][PASSED] - Statement - Else: null

2018-06-14 17:40:06 - [TEST_STEP][PASSED] - Statement - If (!(TCflag)): null

2018-06-14 17:40:06 - [TEST_STEP][PASSED] - Statement - reportgroup = "(//div[@class='ctable']/table/tbody/tr[@class='tdata clear'])[" + i + "]/td[7]": null

2018-06-14 17:40:06 - [TEST_STEP][PASSED] - Statement - reportgroupTxt = driver.findElement(org.openqa.selenium.By.xpath(reportgroup)).getText(): null

2018-06-14 17:40:06 - [TEST_STEP][PASSED] - Statement - If (reportgroupTxt == "AutomationGroup"): null

2018-06-14 17:40:06 - [TEST_STEP][PASSED] - Statement - println("Report group has right group name"): null

2018-06-14 17:40:06 - [TEST_STEP][PASSED] - Statement - reportgroup = "(//div[@class='ctable']/table/tbody/tr[@class='tdata clear'])[" + i + "]/td[7]": null

2018-06-14 17:40:06 - [TEST_STEP][PASSED] - Statement - reportgroupTxt = driver.findElement(org.openqa.selenium.By.xpath(reportgroup)).getText(): null

2018-06-14 17:40:06 - [TEST_STEP][PASSED] - Statement - If (reportgroupTxt == "AutomationGroup"): null

2018-06-14 17:40:06 - [TEST_STEP][PASSED] - Statement - println("Report group has right group name"): null

2018-06-14 17:40:06 - [TEST_STEP][PASSED] - Statement - reportgroup = "(//div[@class='ctable']/table/tbody/tr[@class='tdata clear'])[" + i + "]/td[7]": null

2018-06-14 17:40:06 - [TEST_STEP][PASSED] - Statement - reportgroupTxt = driver.findElement(org.openqa.selenium.By.xpath(reportgroup)).getText(): null

2018-06-14 17:40:06 - [TEST_STEP][PASSED] - Statement - If (reportgroupTxt == "AutomationGroup"): null

2018-06-14 17:40:06 - [TEST_STEP][PASSED] - Statement - Else: null

2018-06-14 17:40:06 - [TEST_STEP][PASSED] - Statement - If (!(TCflag)): null

2018-06-14 17:40:06 - [TEST_STEP][PASSED] - Statement - reportgroup = "(//div[@class='ctable']/table/tbody/tr[@class='tdata clear'])[" + i + "]/td[7]": null

2018-06-14 17:40:06 - [TEST_STEP][PASSED] - Statement - reportgroupTxt = driver.findElement(org.openqa.selenium.By.xpath(reportgroup)).getText(): null

2018-06-14 17:40:06 - [TEST_STEP][PASSED] - Statement - If (reportgroupTxt == "AutomationGroup"): null

2018-06-14 17:40:06 - [TEST_STEP][PASSED] - Statement - println("Report group has right group name"): null

2018-06-14 17:40:06 - [TEST_STEP][PASSED] - Statement - reportgroup = "(//div[@class='ctable']/table/tbody/tr[@class='tdata clear'])[" + i + "]/td[7]": null

2018-06-14 17:40:06 - [TEST_STEP][PASSED] - Statement - reportgroupTxt = driver.findElement(org.openqa.selenium.By.xpath(reportgroup)).getText(): null

2018-06-14 17:40:06 - [TEST_STEP][PASSED] - Statement - If (reportgroupTxt == "AutomationGroup"): null

2018-06-14 17:40:06 - [TEST_STEP][PASSED] - Statement - println("Report group has right group name"): null

2018-06-14 17:40:06 - [TEST_STEP][PASSED] - Statement - reportgroup = "(//div[@class='ctable']/table/tbody/tr[@class='tdata clear'])[" + i + "]/td[7]": null

2018-06-14 17:40:06 - [TEST_STEP][PASSED] - Statement - reportgroupTxt = driver.findElement(org.openqa.selenium.By.xpath(reportgroup)).getText(): null

2018-06-14 17:40:06 - [TEST_STEP][PASSED] - Statement - If (reportgroupTxt == "AutomationGroup"): null

2018-06-14 17:40:06 - [TEST_STEP][PASSED] - Statement - println("Report group has right group name"): null

2018-06-14 17:40:06 - [TEST_STEP][PASSED] - Statement - reportgroup = "(//div[@class='ctable']/table/tbody/tr[@class='tdata clear'])[" + i + "]/td[7]": null

2018-06-14 17:40:06 - [TEST_STEP][PASSED] - Statement - reportgroupTxt = driver.findElement(org.openqa.selenium.By.xpath(reportgroup)).getText(): null

2018-06-14 17:40:06 - [TEST_STEP][PASSED] - Statement - If (reportgroupTxt == "AutomationGroup"): null

2018-06-14 17:40:06 - [TEST_STEP][PASSED] - Statement - println("Report group has right group name"): null

2018-06-14 17:40:06 - [TEST_STEP][PASSED] - Statement - reportgroup = "(//div[@class='ctable']/table/tbody/tr[@class='tdata clear'])[" + i + "]/td[7]": null

2018-06-14 17:40:06 - [TEST_STEP][PASSED] - Statement - reportgroupTxt = driver.findElement(org.openqa.selenium.By.xpath(reportgroup)).getText(): null

2018-06-14 17:40:06 - [TEST_STEP][PASSED] - Statement - If (reportgroupTxt == "AutomationGroup"): null

2018-06-14 17:40:06 - [TEST_STEP][PASSED] - Statement - println("Report group has right group name"): null

2018-06-14 17:40:06 - [TEST_STEP][PASSED] - Statement - reportgroup = "(//div[@class='ctable']/table/tbody/tr[@class='tdata clear'])[" + i + "]/td[7]": null

2018-06-14 17:40:06 - [TEST_STEP][PASSED] - Statement - reportgroupTxt = driver.findElement(org.openqa.selenium.By.xpath(reportgroup)).getText(): null

2018-06-14 17:40:06 - [TEST_STEP][PASSED] - Statement - If (reportgroupTxt == "AutomationGroup"): null

2018-06-14 17:40:06 - [TEST_STEP][PASSED] - Statement - Else: null

2018-06-14 17:40:06 - [TEST_STEP][PASSED] - Statement - If (!(TCflag)): null

2018-06-14 17:40:06 - [TEST_STEP][PASSED] - Statement - reportgroup = "(//div[@class='ctable']/table/tbody/tr[@class='tdata clear'])[" + i + "]/td[7]": null

2018-06-14 17:40:06 - [TEST_STEP][PASSED] - Statement - reportgroupTxt = driver.findElement(org.openqa.selenium.By.xpath(reportgroup)).getText(): null

2018-06-14 17:40:06 - [TEST_STEP][PASSED] - Statement - If (reportgroupTxt == "AutomationGroup"): null

2018-06-14 17:40:06 - [TEST_STEP][PASSED] - Statement - println("Report group has right group name"): null

2018-06-14 17:40:06 - [TEST_STEP][PASSED] - Statement - reportgroup = "(//div[@class='ctable']/table/tbody/tr[@class='tdata clear'])[" + i + "]/td[7]": null

2018-06-14 17:40:06 - [TEST_STEP][PASSED] - Statement - reportgroupTxt = driver.findElement(org.openqa.selenium.By.xpath(reportgroup)).getText(): null

2018-06-14 17:40:06 - [TEST_STEP][PASSED] - Statement - If (reportgroupTxt == "AutomationGroup"): null

2018-06-14 17:40:06 - [TEST_STEP][PASSED] - Statement - println("Report group has right group name"): null

2018-06-14 17:40:06 - [TEST_STEP][PASSED] - Statement - reportgroup = "(//div[@class='ctable']/table/tbody/tr[@class='tdata clear'])[" + i + "]/td[7]": null

2018-06-14 17:40:06 - [TEST_STEP][PASSED] - Statement - reportgroupTxt = driver.findElement(org.openqa.selenium.By.xpath(reportgroup)).getText(): null

2018-06-14 17:40:06 - [TEST_STEP][PASSED] - Statement - If (reportgroupTxt == "AutomationGroup"): null

2018-06-14 17:40:06 - [TEST_STEP][PASSED] - Statement - Else: null

2018-06-14 17:40:06 - [TEST_STEP][PASSED] - Statement - If (!(TCflag)): null

2018-06-14 17:40:06 - [TEST_STEP][PASSED] - Statement - reportgroup = "(//div[@class='ctable']/table/tbody/tr[@class='tdata clear'])[" + i + "]/td[7]": null

2018-06-14 17:40:06 - [TEST_STEP][PASSED] - Statement - reportgroupTxt = driver.findElement(org.openqa.selenium.By.xpath(reportgroup)).getText(): null

2018-06-14 17:40:06 - [TEST_STEP][PASSED] - Statement - If (reportgroupTxt == "AutomationGroup"): null

2018-06-14 17:40:06 - [TEST_STEP][PASSED] - Statement - println("Report group has right group name"): null

2018-06-14 17:40:06 - [TEST_STEP][PASSED] - Statement - reportgroup = "(//div[@class='ctable']/table/tbody/tr[@class='tdata clear'])[" + i + "]/td[7]": null

2018-06-14 17:40:06 - [TEST_STEP][PASSED] - Statement - reportgroupTxt = driver.findElement(org.openqa.selenium.By.xpath(reportgroup)).getText(): null

2018-06-14 17:40:06 - [TEST_STEP][PASSED] - Statement - If (reportgroupTxt == "AutomationGroup"): null

2018-06-14 17:40:06 - [TEST_STEP][PASSED] - Statement - Else: null

2018-06-14 17:40:06 - [TEST_STEP][PASSED] - Statement - If (!(TCflag)): null

2018-06-14 17:40:06 - [TEST_STEP][PASSED] - Statement - reportgroup = "(//div[@class='ctable']/table/tbody/tr[@class='tdata clear'])[" + i + "]/td[7]": null

2018-06-14 17:40:06 - [TEST_STEP][PASSED] - Statement - reportgroupTxt = driver.findElement(org.openqa.selenium.By.xpath(reportgroup)).getText(): null

2018-06-14 17:40:06 - [TEST_STEP][PASSED] - Statement - If (reportgroupTxt == "AutomationGroup"): null

2018-06-14 17:40:06 - [TEST_STEP][PASSED] - Statement - println("Report group has right group name"): null

2018-06-14 17:40:06 - [TEST_STEP][PASSED] - Statement - reportgroup = "(//div[@class='ctable']/table/tbody/tr[@class='tdata clear'])[" + i + "]/td[7]": null

2018-06-14 17:40:06 - [TEST_STEP][PASSED] - Statement - reportgroupTxt = driver.findElement(org.openqa.selenium.By.xpath(reportgroup)).getText(): null

2018-06-14 17:40:06 - [TEST_STEP][PASSED] - Statement - If (reportgroupTxt == "AutomationGroup"): null

2018-06-14 17:40:06 - [TEST_STEP][PASSED] - Statement - println("Report group has right group name"): null

2018-06-14 17:40:06 - [TEST_STEP][PASSED] - Statement - reportgroup = "(//div[@class='ctable']/table/tbody/tr[@class='tdata clear'])[" + i + "]/td[7]": null

2018-06-14 17:40:06 - [TEST_STEP][PASSED] - Statement - reportgroupTxt = driver.findElement(org.openqa.selenium.By.xpath(reportgroup)).getText(): null

2018-06-14 17:40:06 - [TEST_STEP][PASSED] - Statement - If (reportgroupTxt == "AutomationGroup"): null

2018-06-14 17:40:06 - [TEST_STEP][PASSED] - Statement - println("Report group has right group name"): null

2018-06-14 17:40:06 - [TEST_STEP][PASSED] - Statement - reportgroup = "(//div[@class='ctable']/table/tbody/tr[@class='tdata clear'])[" + i + "]/td[7]": null

2018-06-14 17:40:06 - [TEST_STEP][PASSED] - Statement - reportgroupTxt = driver.findElement(org.openqa.selenium.By.xpath(reportgroup)).getText(): null

2018-06-14 17:40:06 - [TEST_STEP][PASSED] - Statement - If (reportgroupTxt == "AutomationGroup"): null

2018-06-14 17:40:06 - [TEST_STEP][PASSED] - Statement - Else: null

2018-06-14 17:40:06 - [TEST_STEP][PASSED] - Statement - If (!(TCflag)): null

2018-06-14 17:40:06 - [TEST_STEP][PASSED] - Statement - reportgroup = "(//div[@class='ctable']/table/tbody/tr[@class='tdata clear'])[" + i + "]/td[7]": null

2018-06-14 17:40:06 - [TEST_STEP][PASSED] - Statement - reportgroupTxt = driver.findElement(org.openqa.selenium.By.xpath(reportgroup)).getText(): null

2018-06-14 17:40:06 - [TEST_STEP][PASSED] - Statement - If (reportgroupTxt == "AutomationGroup"): null

2018-06-14 17:40:06 - [TEST_STEP][PASSED] - Statement - println("Report group has right group name"): null

2018-06-14 17:40:06 - [TEST_STEP][PASSED] - Statement - reportgroup = "(//div[@class='ctable']/table/tbody/tr[@class='tdata clear'])[" + i + "]/td[7]": null

2018-06-14 17:40:06 - [TEST_STEP][PASSED] - Statement - reportgroupTxt = driver.findElement(org.openqa.selenium.By.xpath(reportgroup)).getText(): null

2018-06-14 17:40:06 - [TEST_STEP][PASSED] - Statement - If (reportgroupTxt == "AutomationGroup"): null

2018-06-14 17:40:06 - [TEST_STEP][PASSED] - Statement - println("Report group has right group name"): null

2018-06-14 17:40:06 - [TEST_STEP][PASSED] - Statement - reportgroup = "(//div[@class='ctable']/table/tbody/tr[@class='tdata clear'])[" + i + "]/td[7]": null

2018-06-14 17:40:06 - [TEST_STEP][PASSED] - Statement - reportgroupTxt = driver.findElement(org.openqa.selenium.By.xpath(reportgroup)).getText(): null

2018-06-14 17:40:06 - [TEST_STEP][PASSED] - Statement - If (reportgroupTxt == "AutomationGroup"): null

2018-06-14 17:40:06 - [TEST_STEP][PASSED] - Statement - println("Report group has right group name"): null

2018-06-14 17:40:06 - [TEST_STEP][PASSED] - Statement - reportgroup = "(//div[@class='ctable']/table/tbody/tr[@class='tdata clear'])[" + i + "]/td[7]": null

2018-06-14 17:40:06 - [TEST_STEP][PASSED] - Statement - reportgroupTxt = driver.findElement(org.openqa.selenium.By.xpath(reportgroup)).getText(): null

2018-06-14 17:40:06 - [TEST_STEP][PASSED] - Statement - If (reportgroupTxt == "AutomationGroup"): null

2018-06-14 17:40:06 - [TEST_STEP][PASSED] - Statement - println("Report group has right group name"): null

2018-06-14 17:40:06 - [TEST_STEP][PASSED] - Statement - reportgroup = "(//div[@class='ctable']/table/tbody/tr[@class='tdata clear'])[" + i + "]/td[7]": null

2018-06-14 17:40:06 - [TEST_STEP][PASSED] - Statement - reportgroupTxt = driver.findElement(org.openqa.selenium.By.xpath(reportgroup)).getText(): null

2018-06-14 17:40:06 - [TEST_STEP][PASSED] - Statement - If (reportgroupTxt == "AutomationGroup"): null

2018-06-14 17:40:06 - [TEST_STEP][PASSED] - Statement - println("Report group has right group name"): null

2018-06-14 17:40:06 - [TEST_STEP][PASSED] - Statement - reportgroup = "(//div[@class='ctable']/table/tbody/tr[@class='tdata clear'])[" + i + "]/td[7]": null

2018-06-14 17:40:06 - [TEST_STEP][PASSED] - Statement - reportgroupTxt = driver.findElement(org.openqa.selenium.By.xpath(reportgroup)).getText(): null

2018-06-14 17:40:06 - [TEST_STEP][PASSED] - Statement - If (reportgroupTxt == "AutomationGroup"): null

2018-06-14 17:40:06 - [TEST_STEP][PASSED] - Statement - println("Report group has right group name"): null

2018-06-14 17:40:06 - [TEST_STEP][PASSED] - Statement - reportgroup = "(//div[@class='ctable']/table/tbody/tr[@class='tdata clear'])[" + i + "]/td[7]": null

2018-06-14 17:40:06 - [TEST_STEP][PASSED] - Statement - reportgroupTxt = driver.findElement(org.openqa.selenium.By.xpath(reportgroup)).getText(): null

2018-06-14 17:40:06 - [TEST_STEP][PASSED] - Statement - If (reportgroupTxt == "AutomationGroup"): null

2018-06-14 17:40:06 - [TEST_STEP][PASSED] - Statement - println("Report group has right group name"): null

2018-06-14 17:40:06 - [TEST_STEP][PASSED] - Statement - reportgroup = "(//div[@class='ctable']/table/tbody/tr[@class='tdata clear'])[" + i + "]/td[7]": null

2018-06-14 17:40:06 - [TEST_STEP][PASSED] - Statement - reportgroupTxt = driver.findElement(org.openqa.selenium.By.xpath(reportgroup)).getText(): null

2018-06-14 17:40:06 - [TEST_STEP][PASSED] - Statement - If (reportgroupTxt == "AutomationGroup"): null

2018-06-14 17:40:06 - [TEST_STEP][PASSED] - Statement - println("Report group has right group name"): null

2018-06-14 17:40:06 - [TEST_STEP][PASSED] - Statement - reportgroup = "(//div[@class='ctable']/table/tbody/tr[@class='tdata clear'])[" + i + "]/td[7]": null

2018-06-14 17:40:06 - [TEST_STEP][PASSED] - Statement - reportgroupTxt = driver.findElement(org.openqa.selenium.By.xpath(reportgroup)).getText(): null

2018-06-14 17:40:06 - [TEST_STEP][PASSED] - Statement - If (reportgroupTxt == "AutomationGroup"): null

2018-06-14 17:40:06 - [TEST_STEP][PASSED] - Statement - println("Report group has right group name"): null

2018-06-14 17:40:06 - [TEST_STEP][PASSED] - Statement - reportgroup = "(//div[@class='ctable']/table/tbody/tr[@class='tdata clear'])[" + i + "]/td[7]": null

2018-06-14 17:40:06 - [TEST_STEP][PASSED] - Statement - reportgroupTxt = driver.findElement(org.openqa.selenium.By.xpath(reportgroup)).getText(): null

2018-06-14 17:40:06 - [TEST_STEP][PASSED] - Statement - If (reportgroupTxt == "AutomationGroup"): null

2018-06-14 17:40:06 - [TEST_STEP][PASSED] - Statement - println("Report group has right group name"): null

2018-06-14 17:40:06 - [TEST_STEP][PASSED] - Statement - reportgroup = "(//div[@class='ctable']/table/tbody/tr[@class='tdata clear'])[" + i + "]/td[7]": null

2018-06-14 17:40:06 - [TEST_STEP][PASSED] - Statement - reportgroupTxt = driver.findElement(org.openqa.selenium.By.xpath(reportgroup)).getText(): null

2018-06-14 17:40:06 - [TEST_STEP][PASSED] - Statement - If (reportgroupTxt == "AutomationGroup"): null

2018-06-14 17:40:06 - [TEST_STEP][PASSED] - Statement - println("Report group has right group name"): null

2018-06-14 17:40:06 - [TEST_STEP][PASSED] - Statement - reportgroup = "(//div[@class='ctable']/table/tbody/tr[@class='tdata clear'])[" + i + "]/td[7]": null

2018-06-14 17:40:06 - [TEST_STEP][PASSED] - Statement - reportgroupTxt = driver.findElement(org.openqa.selenium.By.xpath(reportgroup)).getText(): null

2018-06-14 17:40:06 - [TEST_STEP][PASSED] - Statement - If (reportgroupTxt == "AutomationGroup"): null

2018-06-14 17:40:06 - [TEST_STEP][PASSED] - Statement - println("Report group has right group name"): null

2018-06-14 17:40:06 - [TEST_STEP][PASSED] - Statement - reportgroup = "(//div[@class='ctable']/table/tbody/tr[@class='tdata clear'])[" + i + "]/td[7]": null

2018-06-14 17:40:06 - [TEST_STEP][PASSED] - Statement - reportgroupTxt = driver.findElement(org.openqa.selenium.By.xpath(reportgroup)).getText(): null

2018-06-14 17:40:06 - [TEST_STEP][PASSED] - Statement - If (reportgroupTxt == "AutomationGroup"): null

2018-06-14 17:40:06 - [TEST_STEP][PASSED] - Statement - println("Report group has right group name"): null

2018-06-14 17:40:06 - [TEST_STEP][PASSED] - Statement - reportgroup = "(//div[@class='ctable']/table/tbody/tr[@class='tdata clear'])[" + i + "]/td[7]": null

2018-06-14 17:40:06 - [TEST_STEP][PASSED] - Statement - reportgroupTxt = driver.findElement(org.openqa.selenium.By.xpath(reportgroup)).getText(): null

2018-06-14 17:40:06 - [TEST_STEP][PASSED] - Statement - If (reportgroupTxt == "AutomationGroup"): null

2018-06-14 17:40:06 - [TEST_STEP][PASSED] - Statement - println("Report group has right group name"): null

2018-06-14 17:40:06 - [TEST_STEP][PASSED] - Statement - reportgroup = "(//div[@class='ctable']/table/tbody/tr[@class='tdata clear'])[" + i + "]/td[7]": null

2018-06-14 17:40:06 - [TEST_STEP][PASSED] - Statement - reportgroupTxt = driver.findElement(org.openqa.selenium.By.xpath(reportgroup)).getText(): null

2018-06-14 17:40:06 - [TEST_STEP][PASSED] - Statement - If (reportgroupTxt == "AutomationGroup"): null

2018-06-14 17:40:06 - [TEST_STEP][PASSED] - Statement - println("Report group has right group name"): null

2018-06-14 17:40:06 - [TEST_STEP][PASSED] - Statement - reportgroup = "(//div[@class='ctable']/table/tbody/tr[@class='tdata clear'])[" + i + "]/td[7]": null

2018-06-14 17:40:06 - [TEST_STEP][PASSED] - Statement - reportgroupTxt = driver.findElement(org.openqa.selenium.By.xpath(reportgroup)).getText(): null

2018-06-14 17:40:06 - [TEST_STEP][PASSED] - Statement - If (reportgroupTxt == "AutomationGroup"): null

2018-06-14 17:40:06 - [TEST_STEP][PASSED] - Statement - println("Report group has right group name"): null

2018-06-14 17:40:06 - [TEST_STEP][PASSED] - Statement - reportgroup = "(//div[@class='ctable']/table/tbody/tr[@class='tdata clear'])[" + i + "]/td[7]": null

2018-06-14 17:40:06 - [TEST_STEP][PASSED] - Statement - reportgroupTxt = driver.findElement(org.openqa.selenium.By.xpath(reportgroup)).getText(): null

2018-06-14 17:40:07 - [TEST_STEP][PASSED] - Statement - If (reportgroupTxt == "AutomationGroup"): null

2018-06-14 17:40:07 - [TEST_STEP][PASSED] - Statement - println("Report group has right group name"): null

2018-06-14 17:40:07 - [TEST_STEP][PASSED] - Statement - reportgroup = "(//div[@class='ctable']/table/tbody/tr[@class='tdata clear'])[" + i + "]/td[7]": null

2018-06-14 17:40:07 - [TEST_STEP][PASSED] - Statement - reportgroupTxt = driver.findElement(org.openqa.selenium.By.xpath(reportgroup)).getText(): null

2018-06-14 17:40:07 - [TEST_STEP][PASSED] - Statement - If (reportgroupTxt == "AutomationGroup"): null

2018-06-14 17:40:07 - [TEST_STEP][PASSED] - Statement - println("Report group has right group name"): null

2018-06-14 17:40:07 - [TEST_STEP][PASSED] - Statement - reportgroup = "(//div[@class='ctable']/table/tbody/tr[@class='tdata clear'])[" + i + "]/td[7]": null

2018-06-14 17:40:07 - [TEST_STEP][PASSED] - Statement - reportgroupTxt = driver.findElement(org.openqa.selenium.By.xpath(reportgroup)).getText(): null

2018-06-14 17:40:07 - [TEST_STEP][PASSED] - Statement - If (reportgroupTxt == "AutomationGroup"): null

2018-06-14 17:40:07 - [TEST_STEP][PASSED] - Statement - println("Report group has right group name"): null

2018-06-14 17:40:07 - [TEST_STEP][PASSED] - Statement - reportgroup = "(//div[@class='ctable']/table/tbody/tr[@class='tdata clear'])[" + i + "]/td[7]": null

2018-06-14 17:40:07 - [TEST_STEP][PASSED] - Statement - reportgroupTxt = driver.findElement(org.openqa.selenium.By.xpath(reportgroup)).getText(): null

2018-06-14 17:40:07 - [TEST_STEP][PASSED] - Statement - If (reportgroupTxt == "AutomationGroup"): null

2018-06-14 17:40:07 - [TEST_STEP][PASSED] - Statement - println("Report group has right group name"): null

2018-06-14 17:40:07 - [TEST_STEP][PASSED] - Statement - reportgroup = "(//div[@class='ctable']/table/tbody/tr[@class='tdata clear'])[" + i + "]/td[7]": null

2018-06-14 17:40:07 - [TEST_STEP][PASSED] - Statement - reportgroupTxt = driver.findElement(org.openqa.selenium.By.xpath(reportgroup)).getText(): null

2018-06-14 17:40:07 - [TEST_STEP][PASSED] - Statement - If (reportgroupTxt == "AutomationGroup"): null

2018-06-14 17:40:07 - [TEST_STEP][PASSED] - Statement - Else: null

2018-06-14 17:40:07 - [TEST_STEP][PASSED] - Statement - If (!(TCflag)): null

2018-06-14 17:40:07 - [TEST_STEP][PASSED] - Statement - reportgroup = "(//div[@class='ctable']/table/tbody/tr[@class='tdata clear'])[" + i + "]/td[7]": null

2018-06-14 17:40:07 - [TEST_STEP][PASSED] - Statement - reportgroupTxt = driver.findElement(org.openqa.selenium.By.xpath(reportgroup)).getText(): null

2018-06-14 17:40:07 - [TEST_STEP][PASSED] - Statement - If (reportgroupTxt == "AutomationGroup"): null

2018-06-14 17:40:07 - [TEST_STEP][PASSED] - Statement - println("Report group has right group name"): null

2018-06-14 17:40:07 - [TEST_STEP][PASSED] - Statement - reportgroup = "(//div[@class='ctable']/table/tbody/tr[@class='tdata clear'])[" + i + "]/td[7]": null

2018-06-14 17:40:07 - [TEST_STEP][PASSED] - Statement - reportgroupTxt = driver.findElement(org.openqa.selenium.By.xpath(reportgroup)).getText(): null

2018-06-14 17:40:07 - [TEST_STEP][PASSED] - Statement - If (reportgroupTxt == "AutomationGroup"): null

2018-06-14 17:40:07 - [TEST_STEP][PASSED] - Statement - Else: null

2018-06-14 17:40:07 - [TEST_STEP][PASSED] - Statement - If (!(TCflag)): null

2018-06-14 17:40:07 - [TEST_STEP][PASSED] - Statement - reportgroup = "(//div[@class='ctable']/table/tbody/tr[@class='tdata clear'])[" + i + "]/td[7]": null

2018-06-14 17:40:07 - [TEST_STEP][PASSED] - Statement - reportgroupTxt = driver.findElement(org.openqa.selenium.By.xpath(reportgroup)).getText(): null

2018-06-14 17:40:07 - [TEST_STEP][PASSED] - Statement - If (reportgroupTxt == "AutomationGroup"): null

2018-06-14 17:40:07 - [TEST_STEP][PASSED] - Statement - println("Report group has right group name"): null

2018-06-14 17:40:07 - [TEST_STEP][PASSED] - Statement - reportgroup = "(//div[@class='ctable']/table/tbody/tr[@class='tdata clear'])[" + i + "]/td[7]": null

2018-06-14 17:40:07 - [TEST_STEP][PASSED] - Statement - reportgroupTxt = driver.findElement(org.openqa.selenium.By.xpath(reportgroup)).getText(): null

2018-06-14 17:40:07 - [TEST_STEP][PASSED] - Statement - If (reportgroupTxt == "AutomationGroup"): null

2018-06-14 17:40:07 - [TEST_STEP][PASSED] - Statement - println("Report group has right group name"): null

2018-06-14 17:40:07 - [TEST_STEP][PASSED] - Statement - reportgroup = "(//div[@class='ctable']/table/tbody/tr[@class='tdata clear'])[" + i + "]/td[7]": null

2018-06-14 17:40:07 - [TEST_STEP][PASSED] - Statement - reportgroupTxt = driver.findElement(org.openqa.selenium.By.xpath(reportgroup)).getText(): null

2018-06-14 17:40:07 - [TEST_STEP][PASSED] - Statement - If (reportgroupTxt == "AutomationGroup"): null

2018-06-14 17:40:07 - [TEST_STEP][PASSED] - Statement - println("Report group has right group name"): null

2018-06-14 17:40:07 - [TEST_STEP][PASSED] - Statement - reportgroup = "(//div[@class='ctable']/table/tbody/tr[@class='tdata clear'])[" + i + "]/td[7]": null

2018-06-14 17:40:07 - [TEST_STEP][PASSED] - Statement - reportgroupTxt = driver.findElement(org.openqa.selenium.By.xpath(reportgroup)).getText(): null

2018-06-14 17:40:07 - [TEST_STEP][PASSED] - Statement - If (reportgroupTxt == "AutomationGroup"): null

2018-06-14 17:40:07 - [TEST_STEP][PASSED] - Statement - println("Report group has right group name"): null

2018-06-14 17:40:07 - [TEST_STEP][PASSED] - Statement - reportgroup = "(//div[@class='ctable']/table/tbody/tr[@class='tdata clear'])[" + i + "]/td[7]": null

2018-06-14 17:40:07 - [TEST_STEP][PASSED] - Statement - reportgroupTxt = driver.findElement(org.openqa.selenium.By.xpath(reportgroup)).getText(): null

2018-06-14 17:40:07 - [TEST_STEP][PASSED] - Statement - If (reportgroupTxt == "AutomationGroup"): null

2018-06-14 17:40:07 - [TEST_STEP][PASSED] - Statement - Else: null

2018-06-14 17:40:07 - [TEST_STEP][PASSED] - Statement - If (!(TCflag)): null

2018-06-14 17:40:07 - [TEST_STEP][PASSED] - Statement - reportgroup = "(//div[@class='ctable']/table/tbody/tr[@class='tdata clear'])[" + i + "]/td[7]": null

2018-06-14 17:40:07 - [TEST_STEP][PASSED] - Statement - reportgroupTxt = driver.findElement(org.openqa.selenium.By.xpath(reportgroup)).getText(): null

2018-06-14 17:40:07 - [TEST_STEP][PASSED] - Statement - If (reportgroupTxt == "AutomationGroup"): null

2018-06-14 17:40:07 - [TEST_STEP][PASSED] - Statement - println("Report group has right group name"): null

2018-06-14 17:40:07 - [TEST_STEP][PASSED] - Statement - reportgroup = "(//div[@class='ctable']/table/tbody/tr[@class='tdata clear'])[" + i + "]/td[7]": null

2018-06-14 17:40:07 - [TEST_STEP][PASSED] - Statement - reportgroupTxt = driver.findElement(org.openqa.selenium.By.xpath(reportgroup)).getText(): null

2018-06-14 17:40:07 - [TEST_STEP][PASSED] - Statement - If (reportgroupTxt == "AutomationGroup"): null

2018-06-14 17:40:07 - [TEST_STEP][PASSED] - Statement - println("Report group has right group name"): null

2018-06-14 17:40:07 - [TEST_STEP][PASSED] - Statement - reportgroup = "(//div[@class='ctable']/table/tbody/tr[@class='tdata clear'])[" + i + "]/td[7]": null

2018-06-14 17:40:07 - [TEST_STEP][PASSED] - Statement - reportgroupTxt = driver.findElement(org.openqa.selenium.By.xpath(reportgroup)).getText(): null

2018-06-14 17:40:07 - [TEST_STEP][PASSED] - Statement - If (reportgroupTxt == "AutomationGroup"): null

2018-06-14 17:40:07 - [TEST_STEP][PASSED] - Statement - println("Report group has right group name"): null

2018-06-14 17:40:07 - [TEST_STEP][PASSED] - Statement - reportgroup = "(//div[@class='ctable']/table/tbody/tr[@class='tdata clear'])[" + i + "]/td[7]": null

2018-06-14 17:40:07 - [TEST_STEP][PASSED] - Statement - reportgroupTxt = driver.findElement(org.openqa.selenium.By.xpath(reportgroup)).getText(): null

2018-06-14 17:40:07 - [TEST_STEP][PASSED] - Statement - If (reportgroupTxt == "AutomationGroup"): null

2018-06-14 17:40:07 - [TEST_STEP][PASSED] - Statement - println("Report group has right group name"): null

2018-06-14 17:40:07 - [TEST_STEP][PASSED] - Statement - reportgroup = "(//div[@class='ctable']/table/tbody/tr[@class='tdata clear'])[" + i + "]/td[7]": null

2018-06-14 17:40:07 - [TEST_STEP][PASSED] - Statement - reportgroupTxt = driver.findElement(org.openqa.selenium.By.xpath(reportgroup)).getText(): null

2018-06-14 17:40:07 - [TEST_STEP][PASSED] - Statement - If (reportgroupTxt == "AutomationGroup"): null

2018-06-14 17:40:07 - [TEST_STEP][PASSED] - Statement - Else: null

2018-06-14 17:40:07 - [TEST_STEP][PASSED] - Statement - If (!(TCflag)): null

2018-06-14 17:40:07 - [TEST_STEP][PASSED] - Statement - reportgroup = "(//div[@class='ctable']/table/tbody/tr[@class='tdata clear'])[" + i + "]/td[7]": null

2018-06-14 17:40:07 - [TEST_STEP][PASSED] - Statement - reportgroupTxt = driver.findElement(org.openqa.selenium.By.xpath(reportgroup)).getText(): null

2018-06-14 17:40:07 - [TEST_STEP][PASSED] - Statement - If (reportgroupTxt == "AutomationGroup"): null

2018-06-14 17:40:07 - [TEST_STEP][PASSED] - Statement - Else: null

2018-06-14 17:40:07 - [TEST_STEP][PASSED] - Statement - If (!(TCflag)): null

2018-06-14 17:40:07 - [TEST_STEP][PASSED] - Statement - reportgroup = "(//div[@class='ctable']/table/tbody/tr[@class='tdata clear'])[" + i + "]/td[7]": null

2018-06-14 17:40:07 - [TEST_STEP][PASSED] - Statement - reportgroupTxt = driver.findElement(org.openqa.selenium.By.xpath(reportgroup)).getText(): null

2018-06-14 17:40:07 - [TEST_STEP][PASSED] - Statement - If (reportgroupTxt == "AutomationGroup"): null

2018-06-14 17:40:07 - [TEST_STEP][PASSED] - Statement - println("Report group has right group name"): null

2018-06-14 17:40:07 - [TEST_STEP][PASSED] - Statement - reportgroup = "(//div[@class='ctable']/table/tbody/tr[@class='tdata clear'])[" + i + "]/td[7]": null

2018-06-14 17:40:07 - [TEST_STEP][PASSED] - Statement - reportgroupTxt = driver.findElement(org.openqa.selenium.By.xpath(reportgroup)).getText(): null

2018-06-14 17:40:07 - [TEST_STEP][PASSED] - Statement - If (reportgroupTxt == "AutomationGroup"): null

2018-06-14 17:40:07 - [TEST_STEP][PASSED] - Statement - println("Report group has right group name"): null

2018-06-14 17:40:07 - [TEST_STEP][PASSED] - Statement - reportgroup = "(//div[@class='ctable']/table/tbody/tr[@class='tdata clear'])[" + i + "]/td[7]": null

2018-06-14 17:40:07 - [TEST_STEP][PASSED] - Statement - reportgroupTxt = driver.findElement(org.openqa.selenium.By.xpath(reportgroup)).getText(): null

2018-06-14 17:40:07 - [TEST_STEP][PASSED] - Statement - If (reportgroupTxt == "AutomationGroup"): null

2018-06-14 17:40:07 - [TEST_STEP][PASSED] - Statement - println("Report group has right group name"): null

2018-06-14 17:40:07 - [TEST_STEP][PASSED] - Statement - reportgroup = "(//div[@class='ctable']/table/tbody/tr[@class='tdata clear'])[" + i + "]/td[7]": null

2018-06-14 17:40:07 - [TEST_STEP][PASSED] - Statement - reportgroupTxt = driver.findElement(org.openqa.selenium.By.xpath(reportgroup)).getText(): null

2018-06-14 17:40:07 - [TEST_STEP][PASSED] - Statement - If (reportgroupTxt == "AutomationGroup"): null

2018-06-14 17:40:07 - [TEST_STEP][PASSED] - Statement - println("Report group has right group name"): null

2018-06-14 17:40:07 - [TEST_STEP][PASSED] - Statement - reportgroup = "(//div[@class='ctable']/table/tbody/tr[@class='tdata clear'])[" + i + "]/td[7]": null

2018-06-14 17:40:07 - [TEST_STEP][PASSED] - Statement - reportgroupTxt = driver.findElement(org.openqa.selenium.By.xpath(reportgroup)).getText(): null

2018-06-14 17:40:07 - [TEST_STEP][PASSED] - Statement - If (reportgroupTxt == "AutomationGroup"): null

2018-06-14 17:40:07 - [TEST_STEP][PASSED] - Statement - println("Report group has right group name"): null

2018-06-14 17:40:07 - [TEST_STEP][PASSED] - Statement - reportgroup = "(//div[@class='ctable']/table/tbody/tr[@class='tdata clear'])[" + i + "]/td[7]": null

2018-06-14 17:40:07 - [TEST_STEP][PASSED] - Statement - reportgroupTxt = driver.findElement(org.openqa.selenium.By.xpath(reportgroup)).getText(): null

2018-06-14 17:40:07 - [TEST_STEP][PASSED] - Statement - If (reportgroupTxt == "AutomationGroup"): null

2018-06-14 17:40:07 - [TEST_STEP][PASSED] - Statement - Else: null

2018-06-14 17:40:07 - [TEST_STEP][PASSED] - Statement - If (!(TCflag)): null

2018-06-14 17:40:07 - [TEST_STEP][PASSED] - Statement - reportgroup = "(//div[@class='ctable']/table/tbody/tr[@class='tdata clear'])[" + i + "]/td[7]": null

2018-06-14 17:40:07 - [TEST_STEP][PASSED] - Statement - reportgroupTxt = driver.findElement(org.openqa.selenium.By.xpath(reportgroup)).getText(): null

2018-06-14 17:40:07 - [TEST_STEP][PASSED] - Statement - If (reportgroupTxt == "AutomationGroup"): null

2018-06-14 17:40:07 - [TEST_STEP][PASSED] - Statement - println("Report group has right group name"): null

2018-06-14 17:40:07 - [TEST_STEP][PASSED] - Statement - reportgroup = "(//div[@class='ctable']/table/tbody/tr[@class='tdata clear'])[" + i + "]/td[7]": null

2018-06-14 17:40:07 - [TEST_STEP][PASSED] - Statement - reportgroupTxt = driver.findElement(org.openqa.selenium.By.xpath(reportgroup)).getText(): null

2018-06-14 17:40:07 - [TEST_STEP][PASSED] - Statement - If (reportgroupTxt == "AutomationGroup"): null

2018-06-14 17:40:07 - [TEST_STEP][PASSED] - Statement - println("Report group has right group name"): null

2018-06-14 17:40:07 - [TEST_STEP][PASSED] - Statement - reportgroup = "(//div[@class='ctable']/table/tbody/tr[@class='tdata clear'])[" + i + "]/td[7]": null

2018-06-14 17:40:07 - [TEST_STEP][PASSED] - Statement - reportgroupTxt = driver.findElement(org.openqa.selenium.By.xpath(reportgroup)).getText(): null

2018-06-14 17:40:07 - [TEST_STEP][PASSED] - Statement - If (reportgroupTxt == "AutomationGroup"): null

2018-06-14 17:40:07 - [TEST_STEP][PASSED] - Statement - Else: null

2018-06-14 17:40:07 - [TEST_STEP][PASSED] - Statement - If (!(TCflag)): null

2018-06-14 17:40:07 - [TEST_STEP][PASSED] - Statement - reportgroup = "(//div[@class='ctable']/table/tbody/tr[@class='tdata clear'])[" + i + "]/td[7]": null

2018-06-14 17:40:07 - [TEST_STEP][PASSED] - Statement - reportgroupTxt = driver.findElement(org.openqa.selenium.By.xpath(reportgroup)).getText(): null

2018-06-14 17:40:07 - [TEST_STEP][PASSED] - Statement - If (reportgroupTxt == "AutomationGroup"): null

2018-06-14 17:40:07 - [TEST_STEP][PASSED] - Statement - println("Report group has right group name"): null

2018-06-14 17:40:07 - [TEST_STEP][PASSED] - Statement - reportgroup = "(//div[@class='ctable']/table/tbody/tr[@class='tdata clear'])[" + i + "]/td[7]": null

2018-06-14 17:40:07 - [TEST_STEP][PASSED] - Statement - reportgroupTxt = driver.findElement(org.openqa.selenium.By.xpath(reportgroup)).getText(): null

2018-06-14 17:40:07 - [TEST_STEP][PASSED] - Statement - If (reportgroupTxt == "AutomationGroup"): null

2018-06-14 17:40:07 - [TEST_STEP][PASSED] - Statement - println("Report group has right group name"): null

2018-06-14 17:40:07 - [TEST_STEP][PASSED] - Statement - reportgroup = "(//div[@class='ctable']/table/tbody/tr[@class='tdata clear'])[" + i + "]/td[7]": null

2018-06-14 17:40:07 - [TEST_STEP][PASSED] - Statement - reportgroupTxt = driver.findElement(org.openqa.selenium.By.xpath(reportgroup)).getText(): null

2018-06-14 17:40:07 - [TEST_STEP][PASSED] - Statement - If (reportgroupTxt == "AutomationGroup"): null

2018-06-14 17:40:07 - [TEST_STEP][PASSED] - Statement - println("Report group has right group name"): null

2018-06-14 17:40:07 - [TEST_STEP][PASSED] - Statement - reportgroup = "(//div[@class='ctable']/table/tbody/tr[@class='tdata clear'])[" + i + "]/td[7]": null

2018-06-14 17:40:07 - [TEST_STEP][PASSED] - Statement - reportgroupTxt = driver.findElement(org.openqa.selenium.By.xpath(reportgroup)).getText(): null

2018-06-14 17:40:07 - [TEST_STEP][PASSED] - Statement - If (reportgroupTxt == "AutomationGroup"): null

2018-06-14 17:40:07 - [TEST_STEP][PASSED] - Statement - println("Report group has right group name"): null

2018-06-14 17:40:07 - [TEST_STEP][PASSED] - Statement - reportgroup = "(//div[@class='ctable']/table/tbody/tr[@class='tdata clear'])[" + i + "]/td[7]": null

2018-06-14 17:40:07 - [TEST_STEP][PASSED] - Statement - reportgroupTxt = driver.findElement(org.openqa.selenium.By.xpath(reportgroup)).getText(): null

2018-06-14 17:40:07 - [TEST_STEP][PASSED] - Statement - If (reportgroupTxt == "AutomationGroup"): null

2018-06-14 17:40:07 - [TEST_STEP][PASSED] - Statement - println("Report group has right group name"): null

2018-06-14 17:40:07 - [TEST_STEP][PASSED] - Statement - reportgroup = "(//div[@class='ctable']/table/tbody/tr[@class='tdata clear'])[" + i + "]/td[7]": null

2018-06-14 17:40:07 - [TEST_STEP][PASSED] - Statement - reportgroupTxt = driver.findElement(org.openqa.selenium.By.xpath(reportgroup)).getText(): null

2018-06-14 17:40:07 - [TEST_STEP][PASSED] - Statement - If (reportgroupTxt == "AutomationGroup"): null

2018-06-14 17:40:07 - [TEST_STEP][PASSED] - Statement - println("Report group has right group name"): null

2018-06-14 17:40:07 - [TEST_STEP][PASSED] - Statement - reportgroup = "(//div[@class='ctable']/table/tbody/tr[@class='tdata clear'])[" + i + "]/td[7]": null

2018-06-14 17:40:07 - [TEST_STEP][PASSED] - Statement - reportgroupTxt = driver.findElement(org.openqa.selenium.By.xpath(reportgroup)).getText(): null

2018-06-14 17:40:07 - [TEST_STEP][PASSED] - Statement - If (reportgroupTxt == "AutomationGroup"): null

2018-06-14 17:40:07 - [TEST_STEP][PASSED] - Statement - println("Report group has right group name"): null

2018-06-14 17:40:07 - [TEST_STEP][PASSED] - Statement - reportgroup = "(//div[@class='ctable']/table/tbody/tr[@class='tdata clear'])[" + i + "]/td[7]": null

2018-06-14 17:40:07 - [TEST_STEP][PASSED] - Statement - reportgroupTxt = driver.findElement(org.openqa.selenium.By.xpath(reportgroup)).getText(): null

2018-06-14 17:40:08 - [TEST_STEP][PASSED] - Statement - If (reportgroupTxt == "AutomationGroup"): null

2018-06-14 17:40:08 - [TEST_STEP][PASSED] - Statement - println("Report group has right group name"): null

2018-06-14 17:40:08 - [TEST_STEP][PASSED] - Statement - reportgroup = "(//div[@class='ctable']/table/tbody/tr[@class='tdata clear'])[" + i + "]/td[7]": null

2018-06-14 17:40:08 - [TEST_STEP][PASSED] - Statement - reportgroupTxt = driver.findElement(org.openqa.selenium.By.xpath(reportgroup)).getText(): null

2018-06-14 17:40:08 - [TEST_STEP][PASSED] - Statement - If (reportgroupTxt == "AutomationGroup"): null

2018-06-14 17:40:08 - [TEST_STEP][PASSED] - Statement - println("Report group has right group name"): null

2018-06-14 17:40:08 - [TEST_STEP][PASSED] - Statement - reportgroup = "(//div[@class='ctable']/table/tbody/tr[@class='tdata clear'])[" + i + "]/td[7]": null

2018-06-14 17:40:08 - [TEST_STEP][PASSED] - Statement - reportgroupTxt = driver.findElement(org.openqa.selenium.By.xpath(reportgroup)).getText(): null

2018-06-14 17:40:08 - [TEST_STEP][PASSED] - Statement - If (reportgroupTxt == "AutomationGroup"): null

2018-06-14 17:40:08 - [TEST_STEP][PASSED] - Statement - Else: null

2018-06-14 17:40:08 - [TEST_STEP][PASSED] - Statement - If (!(TCflag)): null

2018-06-14 17:40:08 - [TEST_STEP][PASSED] - Statement - reportgroup = "(//div[@class='ctable']/table/tbody/tr[@class='tdata clear'])[" + i + "]/td[7]": null

2018-06-14 17:40:08 - [TEST_STEP][PASSED] - Statement - reportgroupTxt = driver.findElement(org.openqa.selenium.By.xpath(reportgroup)).getText(): null

2018-06-14 17:40:08 - [TEST_STEP][PASSED] - Statement - If (reportgroupTxt == "AutomationGroup"): null

2018-06-14 17:40:08 - [TEST_STEP][PASSED] - Statement - println("Report group has right group name"): null

2018-06-14 17:40:08 - [TEST_STEP][PASSED] - Statement - reportgroup = "(//div[@class='ctable']/table/tbody/tr[@class='tdata clear'])[" + i + "]/td[7]": null

2018-06-14 17:40:08 - [TEST_STEP][PASSED] - Statement - reportgroupTxt = driver.findElement(org.openqa.selenium.By.xpath(reportgroup)).getText(): null

2018-06-14 17:40:08 - [TEST_STEP][PASSED] - Statement - If (reportgroupTxt == "AutomationGroup"): null

2018-06-14 17:40:08 - [TEST_STEP][PASSED] - Statement - println("Report group has right group name"): null

2018-06-14 17:40:08 - [TEST_STEP][PASSED] - Statement - reportgroup = "(//div[@class='ctable']/table/tbody/tr[@class='tdata clear'])[" + i + "]/td[7]": null

2018-06-14 17:40:08 - [TEST_STEP][PASSED] - Statement - reportgroupTxt = driver.findElement(org.openqa.selenium.By.xpath(reportgroup)).getText(): null

2018-06-14 17:40:08 - [TEST_STEP][PASSED] - Statement - If (reportgroupTxt == "AutomationGroup"): null

2018-06-14 17:40:08 - [TEST_STEP][PASSED] - Statement - Else: null

2018-06-14 17:40:08 - [TEST_STEP][PASSED] - Statement - If (!(TCflag)): null

2018-06-14 17:40:08 - [TEST_STEP][PASSED] - Statement - reportgroup = "(//div[@class='ctable']/table/tbody/tr[@class='tdata clear'])[" + i + "]/td[7]": null

2018-06-14 17:40:08 - [TEST_STEP][PASSED] - Statement - reportgroupTxt = driver.findElement(org.openqa.selenium.By.xpath(reportgroup)).getText(): null

2018-06-14 17:40:08 - [TEST_STEP][PASSED] - Statement - If (reportgroupTxt == "AutomationGroup"): null

2018-06-14 17:40:08 - [TEST_STEP][PASSED] - Statement - println("Report group has right group name"): null

2018-06-14 17:40:08 - [TEST_STEP][PASSED] - Statement - reportgroup = "(//div[@class='ctable']/table/tbody/tr[@class='tdata clear'])[" + i + "]/td[7]": null

2018-06-14 17:40:08 - [TEST_STEP][PASSED] - Statement - reportgroupTxt = driver.findElement(org.openqa.selenium.By.xpath(reportgroup)).getText(): null

2018-06-14 17:40:08 - [TEST_STEP][PASSED] - Statement - If (reportgroupTxt == "AutomationGroup"): null

2018-06-14 17:40:08 - [TEST_STEP][PASSED] - Statement - println("Report group has right group name"): null

2018-06-14 17:40:08 - [TEST_STEP][PASSED] - Statement - reportgroup = "(//div[@class='ctable']/table/tbody/tr[@class='tdata clear'])[" + i + "]/td[7]": null

2018-06-14 17:40:08 - [TEST_STEP][PASSED] - Statement - reportgroupTxt = driver.findElement(org.openqa.selenium.By.xpath(reportgroup)).getText(): null

2018-06-14 17:40:08 - [TEST_STEP][PASSED] - Statement - If (reportgroupTxt == "AutomationGroup"): null

2018-06-14 17:40:08 - [TEST_STEP][PASSED] - Statement - println("Report group has right group name"): null

2018-06-14 17:40:08 - [TEST_STEP][PASSED] - Statement - reportgroup = "(//div[@class='ctable']/table/tbody/tr[@class='tdata clear'])[" + i + "]/td[7]": null

2018-06-14 17:40:08 - [TEST_STEP][PASSED] - Statement - reportgroupTxt = driver.findElement(org.openqa.selenium.By.xpath(reportgroup)).getText(): null

2018-06-14 17:40:08 - [TEST_STEP][PASSED] - Statement - If (reportgroupTxt == "AutomationGroup"): null

2018-06-14 17:40:08 - [TEST_STEP][PASSED] - Statement - println("Report group has right group name"): null

2018-06-14 17:40:08 - [TEST_STEP][PASSED] - Statement - reportgroup = "(//div[@class='ctable']/table/tbody/tr[@class='tdata clear'])[" + i + "]/td[7]": null

2018-06-14 17:40:08 - [TEST_STEP][PASSED] - Statement - reportgroupTxt = driver.findElement(org.openqa.selenium.By.xpath(reportgroup)).getText(): null

2018-06-14 17:40:08 - [TEST_STEP][PASSED] - Statement - If (reportgroupTxt == "AutomationGroup"): null

2018-06-14 17:40:08 - [TEST_STEP][PASSED] - Statement - println("Report group has right group name"): null

2018-06-14 17:40:08 - [TEST_STEP][PASSED] - Statement - reportgroup = "(//div[@class='ctable']/table/tbody/tr[@class='tdata clear'])[" + i + "]/td[7]": null

2018-06-14 17:40:08 - [TEST_STEP][PASSED] - Statement - reportgroupTxt = driver.findElement(org.openqa.selenium.By.xpath(reportgroup)).getText(): null

2018-06-14 17:40:08 - [TEST_STEP][PASSED] - Statement - If (reportgroupTxt == "AutomationGroup"): null

2018-06-14 17:40:08 - [TEST_STEP][PASSED] - Statement - println("Report group has right group name"): null

2018-06-14 17:40:08 - [TEST_STEP][PASSED] - Statement - reportgroup = "(//div[@class='ctable']/table/tbody/tr[@class='tdata clear'])[" + i + "]/td[7]": null

2018-06-14 17:40:08 - [TEST_STEP][PASSED] - Statement - reportgroupTxt = driver.findElement(org.openqa.selenium.By.xpath(reportgroup)).getText(): null

2018-06-14 17:40:08 - [TEST_STEP][PASSED] - Statement - If (reportgroupTxt == "AutomationGroup"): null

2018-06-14 17:40:08 - [TEST_STEP][PASSED] - Statement - println("Report group has right group name"): null

2018-06-14 17:40:08 - [TEST_STEP][PASSED] - Statement - reportgroup = "(//div[@class='ctable']/table/tbody/tr[@class='tdata clear'])[" + i + "]/td[7]": null

2018-06-14 17:40:08 - [TEST_STEP][PASSED] - Statement - reportgroupTxt = driver.findElement(org.openqa.selenium.By.xpath(reportgroup)).getText(): null

2018-06-14 17:40:08 - [TEST_STEP][PASSED] - Statement - If (reportgroupTxt == "AutomationGroup"): null

2018-06-14 17:40:08 - [TEST_STEP][PASSED] - Statement - println("Report group has right group name"): null

2018-06-14 17:40:08 - [TEST_STEP][PASSED] - Statement - reportgroup = "(//div[@class='ctable']/table/tbody/tr[@class='tdata clear'])[" + i + "]/td[7]": null

2018-06-14 17:40:08 - [TEST_STEP][PASSED] - Statement - reportgroupTxt = driver.findElement(org.openqa.selenium.By.xpath(reportgroup)).getText(): null

2018-06-14 17:40:08 - [TEST_STEP][PASSED] - Statement - If (reportgroupTxt == "AutomationGroup"): null

2018-06-14 17:40:08 - [TEST_STEP][PASSED] - Statement - println("Report group has right group name"): null

2018-06-14 17:40:08 - [TEST_STEP][PASSED] - Statement - reportgroup = "(//div[@class='ctable']/table/tbody/tr[@class='tdata clear'])[" + i + "]/td[7]": null

2018-06-14 17:40:08 - [TEST_STEP][PASSED] - Statement - reportgroupTxt = driver.findElement(org.openqa.selenium.By.xpath(reportgroup)).getText(): null

2018-06-14 17:40:08 - [TEST_STEP][PASSED] - Statement - If (reportgroupTxt == "AutomationGroup"): null

2018-06-14 17:40:08 - [TEST_STEP][PASSED] - Statement - println("Report group has right group name"): null

2018-06-14 17:40:08 - [TEST_STEP][PASSED] - Statement - reportgroup = "(//div[@class='ctable']/table/tbody/tr[@class='tdata clear'])[" + i + "]/td[7]": null

2018-06-14 17:40:08 - [TEST_STEP][PASSED] - Statement - reportgroupTxt = driver.findElement(org.openqa.selenium.By.xpath(reportgroup)).getText(): null

2018-06-14 17:40:08 - [TEST_STEP][PASSED] - Statement - If (reportgroupTxt == "AutomationGroup"): null

2018-06-14 17:40:08 - [TEST_STEP][PASSED] - Statement - println("Report group has right group name"): null

2018-06-14 17:40:08 - [TEST_STEP][PASSED] - Statement - reportgroup = "(//div[@class='ctable']/table/tbody/tr[@class='tdata clear'])[" + i + "]/td[7]": null

2018-06-14 17:40:08 - [TEST_STEP][PASSED] - Statement - reportgroupTxt = driver.findElement(org.openqa.selenium.By.xpath(reportgroup)).getText(): null

2018-06-14 17:40:08 - [TEST_STEP][PASSED] - Statement - If (reportgroupTxt == "AutomationGroup"): null

2018-06-14 17:40:08 - [TEST_STEP][PASSED] - Statement - println("Report group has right group name"): null

2018-06-14 17:40:08 - [TEST_STEP][PASSED] - Statement - reportgroup = "(//div[@class='ctable']/table/tbody/tr[@class='tdata clear'])[" + i + "]/td[7]": null

2018-06-14 17:40:08 - [TEST_STEP][PASSED] - Statement - reportgroupTxt = driver.findElement(org.openqa.selenium.By.xpath(reportgroup)).getText(): null

2018-06-14 17:40:08 - [TEST_STEP][PASSED] - Statement - If (reportgroupTxt == "AutomationGroup"): null

2018-06-14 17:40:08 - [TEST_STEP][PASSED] - Statement - println("Report group has right group name"): null

2018-06-14 17:40:08 - [TEST_STEP][PASSED] - Statement - reportgroup = "(//div[@class='ctable']/table/tbody/tr[@class='tdata clear'])[" + i + "]/td[7]": null

2018-06-14 17:40:08 - [TEST_STEP][PASSED] - Statement - reportgroupTxt = driver.findElement(org.openqa.selenium.By.xpath(reportgroup)).getText(): null

2018-06-14 17:40:08 - [TEST_STEP][PASSED] - Statement - If (reportgroupTxt == "AutomationGroup"): null

2018-06-14 17:40:08 - [TEST_STEP][PASSED] - Statement - println("Report group has right group name"): null

2018-06-14 17:40:08 - [TEST_STEP][PASSED] - Statement - reportgroup = "(//div[@class='ctable']/table/tbody/tr[@class='tdata clear'])[" + i + "]/td[7]": null

2018-06-14 17:40:08 - [TEST_STEP][PASSED] - Statement - reportgroupTxt = driver.findElement(org.openqa.selenium.By.xpath(reportgroup)).getText(): null

2018-06-14 17:40:08 - [TEST_STEP][PASSED] - Statement - If (reportgroupTxt == "AutomationGroup"): null

2018-06-14 17:40:08 - [TEST_STEP][PASSED] - Statement - Else: null

2018-06-14 17:40:08 - [TEST_STEP][PASSED] - Statement - If (!(TCflag)): null

2018-06-14 17:40:08 - [TEST_STEP][PASSED] - Statement - reportgroup = "(//div[@class='ctable']/table/tbody/tr[@class='tdata clear'])[" + i + "]/td[7]": null

2018-06-14 17:40:08 - [TEST_STEP][PASSED] - Statement - reportgroupTxt = driver.findElement(org.openqa.selenium.By.xpath(reportgroup)).getText(): null

2018-06-14 17:40:08 - [TEST_STEP][PASSED] - Statement - If (reportgroupTxt == "AutomationGroup"): null

2018-06-14 17:40:08 - [TEST_STEP][PASSED] - Statement - Else: null

2018-06-14 17:40:08 - [TEST_STEP][PASSED] - Statement - If (!(TCflag)): null

2018-06-14 17:40:08 - [TEST_STEP][PASSED] - Statement - reportgroup = "(//div[@class='ctable']/table/tbody/tr[@class='tdata clear'])[" + i + "]/td[7]": null

2018-06-14 17:40:08 - [TEST_STEP][PASSED] - Statement - reportgroupTxt = driver.findElement(org.openqa.selenium.By.xpath(reportgroup)).getText(): null

2018-06-14 17:40:08 - [TEST_STEP][PASSED] - Statement - If (reportgroupTxt == "AutomationGroup"): null

2018-06-14 17:40:08 - [TEST_STEP][PASSED] - Statement - println("Report group has right group name"): null

2018-06-14 17:40:08 - [TEST_STEP][PASSED] - Statement - reportgroup = "(//div[@class='ctable']/table/tbody/tr[@class='tdata clear'])[" + i + "]/td[7]": null

2018-06-14 17:40:08 - [TEST_STEP][PASSED] - Statement - reportgroupTxt = driver.findElement(org.openqa.selenium.By.xpath(reportgroup)).getText(): null

2018-06-14 17:40:08 - [TEST_STEP][PASSED] - Statement - If (reportgroupTxt == "AutomationGroup"): null

2018-06-14 17:40:08 - [TEST_STEP][PASSED] - Statement - println("Report group has right group name"): null

2018-06-14 17:40:08 - [TEST_STEP][PASSED] - Statement - reportgroup = "(//div[@class='ctable']/table/tbody/tr[@class='tdata clear'])[" + i + "]/td[7]": null

2018-06-14 17:40:08 - [TEST_STEP][PASSED] - Statement - reportgroupTxt = driver.findElement(org.openqa.selenium.By.xpath(reportgroup)).getText(): null

2018-06-14 17:40:08 - [TEST_STEP][PASSED] - Statement - If (reportgroupTxt == "AutomationGroup"): null

2018-06-14 17:40:08 - [TEST_STEP][PASSED] - Statement - println("Report group has right group name"): null

2018-06-14 17:40:08 - [TEST_STEP][PASSED] - Statement - reportgroup = "(//div[@class='ctable']/table/tbody/tr[@class='tdata clear'])[" + i + "]/td[7]": null

2018-06-14 17:40:08 - [TEST_STEP][PASSED] - Statement - reportgroupTxt = driver.findElement(org.openqa.selenium.By.xpath(reportgroup)).getText(): null

2018-06-14 17:40:08 - [TEST_STEP][PASSED] - Statement - If (reportgroupTxt == "AutomationGroup"): null

2018-06-14 17:40:08 - [TEST_STEP][PASSED] - Statement - println("Report group has right group name"): null

2018-06-14 17:40:08 - [TEST_STEP][PASSED] - Statement - reportgroup = "(//div[@class='ctable']/table/tbody/tr[@class='tdata clear'])[" + i + "]/td[7]": null

2018-06-14 17:40:08 - [TEST_STEP][PASSED] - Statement - reportgroupTxt = driver.findElement(org.openqa.selenium.By.xpath(reportgroup)).getText(): null

2018-06-14 17:40:08 - [TEST_STEP][PASSED] - Statement - If (reportgroupTxt == "AutomationGroup"): null

2018-06-14 17:40:08 - [TEST_STEP][PASSED] - Statement - println("Report group has right group name"): null

2018-06-14 17:40:08 - [TEST_STEP][PASSED] - Statement - reportgroup = "(//div[@class='ctable']/table/tbody/tr[@class='tdata clear'])[" + i + "]/td[7]": null

2018-06-14 17:40:08 - [TEST_STEP][PASSED] - Statement - reportgroupTxt = driver.findElement(org.openqa.selenium.By.xpath(reportgroup)).getText(): null

2018-06-14 17:40:08 - [TEST_STEP][PASSED] - Statement - If (reportgroupTxt == "AutomationGroup"): null

2018-06-14 17:40:08 - [TEST_STEP][PASSED] - Statement - println("Report group has right group name"): null

2018-06-14 17:40:08 - [TEST_STEP][PASSED] - Statement - reportgroup = "(//div[@class='ctable']/table/tbody/tr[@class='tdata clear'])[" + i + "]/td[7]": null

2018-06-14 17:40:08 - [TEST_STEP][PASSED] - Statement - reportgroupTxt = driver.findElement(org.openqa.selenium.By.xpath(reportgroup)).getText(): null

2018-06-14 17:40:08 - [TEST_STEP][PASSED] - Statement - If (reportgroupTxt == "AutomationGroup"): null

2018-06-14 17:40:08 - [TEST_STEP][PASSED] - Statement - Else: null

2018-06-14 17:40:08 - [TEST_STEP][PASSED] - Statement - If (!(TCflag)): null

2018-06-14 17:40:08 - [TEST_STEP][PASSED] - Statement - reportgroup = "(//div[@class='ctable']/table/tbody/tr[@class='tdata clear'])[" + i + "]/td[7]": null

2018-06-14 17:40:08 - [TEST_STEP][PASSED] - Statement - reportgroupTxt = driver.findElement(org.openqa.selenium.By.xpath(reportgroup)).getText(): null

2018-06-14 17:40:08 - [TEST_STEP][PASSED] - Statement - If (reportgroupTxt == "AutomationGroup"): null

2018-06-14 17:40:08 - [TEST_STEP][PASSED] - Statement - println("Report group has right group name"): null

2018-06-14 17:40:08 - [TEST_STEP][PASSED] - Statement - reportgroup = "(//div[@class='ctable']/table/tbody/tr[@class='tdata clear'])[" + i + "]/td[7]": null

2018-06-14 17:40:08 - [TEST_STEP][PASSED] - Statement - reportgroupTxt = driver.findElement(org.openqa.selenium.By.xpath(reportgroup)).getText(): null

2018-06-14 17:40:08 - [TEST_STEP][PASSED] - Statement - If (reportgroupTxt == "AutomationGroup"): null

2018-06-14 17:40:08 - [TEST_STEP][PASSED] - Statement - println("Report group has right group name"): null

2018-06-14 17:40:08 - [TEST_STEP][PASSED] - Statement - reportgroup = "(//div[@class='ctable']/table/tbody/tr[@class='tdata clear'])[" + i + "]/td[7]": null

2018-06-14 17:40:08 - [TEST_STEP][PASSED] - Statement - reportgroupTxt = driver.findElement(org.openqa.selenium.By.xpath(reportgroup)).getText(): null

2018-06-14 17:40:08 - [TEST_STEP][PASSED] - Statement - If (reportgroupTxt == "AutomationGroup"): null

2018-06-14 17:40:08 - [TEST_STEP][PASSED] - Statement - println("Report group has right group name"): null

2018-06-14 17:40:08 - [TEST_STEP][PASSED] - Statement - reportgroup = "(//div[@class='ctable']/table/tbody/tr[@class='tdata clear'])[" + i + "]/td[7]": null

2018-06-14 17:40:08 - [TEST_STEP][PASSED] - Statement - reportgroupTxt = driver.findElement(org.openqa.selenium.By.xpath(reportgroup)).getText(): null

2018-06-14 17:40:08 - [TEST_STEP][PASSED] - Statement - If (reportgroupTxt == "AutomationGroup"): null

2018-06-14 17:40:08 - [TEST_STEP][PASSED] - Statement - Else: null

2018-06-14 17:40:08 - [TEST_STEP][PASSED] - Statement - If (!(TCflag)): null

2018-06-14 17:40:08 - [TEST_STEP][PASSED] - Statement - reportgroup = "(//div[@class='ctable']/table/tbody/tr[@class='tdata clear'])[" + i + "]/td[7]": null

2018-06-14 17:40:08 - [TEST_STEP][PASSED] - Statement - reportgroupTxt = driver.findElement(org.openqa.selenium.By.xpath(reportgroup)).getText(): null

2018-06-14 17:40:09 - [TEST_STEP][PASSED] - Statement - If (reportgroupTxt == "AutomationGroup"): null

2018-06-14 17:40:09 - [TEST_STEP][PASSED] - Statement - println("Report group has right group name"): null

2018-06-14 17:40:09 - [TEST_STEP][PASSED] - Statement - reportgroup = "(//div[@class='ctable']/table/tbody/tr[@class='tdata clear'])[" + i + "]/td[7]": null

2018-06-14 17:40:09 - [TEST_STEP][PASSED] - Statement - reportgroupTxt = driver.findElement(org.openqa.selenium.By.xpath(reportgroup)).getText(): null

2018-06-14 17:40:09 - [TEST_STEP][PASSED] - Statement - If (reportgroupTxt == "AutomationGroup"): null

2018-06-14 17:40:09 - [TEST_STEP][PASSED] - Statement - println("Report group has right group name"): null

2018-06-14 17:40:09 - [TEST_STEP][PASSED] - Statement - reportgroup = "(//div[@class='ctable']/table/tbody/tr[@class='tdata clear'])[" + i + "]/td[7]": null

2018-06-14 17:40:09 - [TEST_STEP][PASSED] - Statement - reportgroupTxt = driver.findElement(org.openqa.selenium.By.xpath(reportgroup)).getText(): null

2018-06-14 17:40:09 - [TEST_STEP][PASSED] - Statement - If (reportgroupTxt == "AutomationGroup"): null

2018-06-14 17:40:09 - [TEST_STEP][PASSED] - Statement - println("Report group has right group name"): null

2018-06-14 17:40:09 - [TEST_STEP][PASSED] - Statement - reportgroup = "(//div[@class='ctable']/table/tbody/tr[@class='tdata clear'])[" + i + "]/td[7]": null

2018-06-14 17:40:09 - [TEST_STEP][PASSED] - Statement - reportgroupTxt = driver.findElement(org.openqa.selenium.By.xpath(reportgroup)).getText(): null

2018-06-14 17:40:09 - [TEST_STEP][PASSED] - Statement - If (reportgroupTxt == "AutomationGroup"): null

2018-06-14 17:40:09 - [TEST_STEP][PASSED] - Statement - println("Report group has right group name"): null

2018-06-14 17:40:09 - [TEST_STEP][PASSED] - Statement - reportgroup = "(//div[@class='ctable']/table/tbody/tr[@class='tdata clear'])[" + i + "]/td[7]": null

2018-06-14 17:40:09 - [TEST_STEP][PASSED] - Statement - reportgroupTxt = driver.findElement(org.openqa.selenium.By.xpath(reportgroup)).getText(): null

2018-06-14 17:40:09 - [TEST_STEP][PASSED] - Statement - If (reportgroupTxt == "AutomationGroup"): null

2018-06-14 17:40:09 - [TEST_STEP][PASSED] - Statement - println("Report group has right group name"): null

2018-06-14 17:40:09 - [TEST_STEP][PASSED] - Statement - reportgroup = "(//div[@class='ctable']/table/tbody/tr[@class='tdata clear'])[" + i + "]/td[7]": null

2018-06-14 17:40:09 - [TEST_STEP][PASSED] - Statement - reportgroupTxt = driver.findElement(org.openqa.selenium.By.xpath(reportgroup)).getText(): null

2018-06-14 17:40:09 - [TEST_STEP][PASSED] - Statement - If (reportgroupTxt == "AutomationGroup"): null

2018-06-14 17:40:09 - [TEST_STEP][PASSED] - Statement - Else: null

2018-06-14 17:40:09 - [TEST_STEP][PASSED] - Statement - If (!(TCflag)): null

2018-06-14 17:40:09 - [TEST_STEP][PASSED] - Statement - reportgroup = "(//div[@class='ctable']/table/tbody/tr[@class='tdata clear'])[" + i + "]/td[7]": null

2018-06-14 17:40:09 - [TEST_STEP][PASSED] - Statement - reportgroupTxt = driver.findElement(org.openqa.selenium.By.xpath(reportgroup)).getText(): null

2018-06-14 17:40:09 - [TEST_STEP][PASSED] - Statement - If (reportgroupTxt == "AutomationGroup"): null

2018-06-14 17:40:09 - [TEST_STEP][PASSED] - Statement - println("Report group has right group name"): null

2018-06-14 17:40:09 - [TEST_STEP][PASSED] - Statement - reportgroup = "(//div[@class='ctable']/table/tbody/tr[@class='tdata clear'])[" + i + "]/td[7]": null

2018-06-14 17:40:09 - [TEST_STEP][PASSED] - Statement - reportgroupTxt = driver.findElement(org.openqa.selenium.By.xpath(reportgroup)).getText(): null

2018-06-14 17:40:09 - [TEST_STEP][PASSED] - Statement - If (reportgroupTxt == "AutomationGroup"): null

2018-06-14 17:40:09 - [TEST_STEP][PASSED] - Statement - println("Report group has right group name"): null

2018-06-14 17:40:09 - [TEST_STEP][PASSED] - Statement - reportgroup = "(//div[@class='ctable']/table/tbody/tr[@class='tdata clear'])[" + i + "]/td[7]": null

2018-06-14 17:40:09 - [TEST_STEP][PASSED] - Statement - reportgroupTxt = driver.findElement(org.openqa.selenium.By.xpath(reportgroup)).getText(): null

2018-06-14 17:40:09 - [TEST_STEP][PASSED] - Statement - If (reportgroupTxt == "AutomationGroup"): null

2018-06-14 17:40:09 - [TEST_STEP][PASSED] - Statement - println("Report group has right group name"): null

2018-06-14 17:40:09 - [TEST_STEP][PASSED] - Statement - reportgroup = "(//div[@class='ctable']/table/tbody/tr[@class='tdata clear'])[" + i + "]/td[7]": null

2018-06-14 17:40:09 - [TEST_STEP][PASSED] - Statement - reportgroupTxt = driver.findElement(org.openqa.selenium.By.xpath(reportgroup)).getText(): null

2018-06-14 17:40:09 - [TEST_STEP][PASSED] - Statement - If (reportgroupTxt == "AutomationGroup"): null

2018-06-14 17:40:09 - [TEST_STEP][PASSED] - Statement - println("Report group has right group name"): null

2018-06-14 17:40:09 - [TEST_STEP][PASSED] - Statement - reportgroup = "(//div[@class='ctable']/table/tbody/tr[@class='tdata clear'])[" + i + "]/td[7]": null

2018-06-14 17:40:09 - [TEST_STEP][PASSED] - Statement - reportgroupTxt = driver.findElement(org.openqa.selenium.By.xpath(reportgroup)).getText(): null

2018-06-14 17:40:09 - [TEST_STEP][PASSED] - Statement - If (reportgroupTxt == "AutomationGroup"): null

2018-06-14 17:40:09 - [TEST_STEP][PASSED] - Statement - println("Report group has right group name"): null

2018-06-14 17:40:09 - [TEST_STEP][PASSED] - Statement - reportgroup = "(//div[@class='ctable']/table/tbody/tr[@class='tdata clear'])[" + i + "]/td[7]": null

2018-06-14 17:40:09 - [TEST_STEP][PASSED] - Statement - reportgroupTxt = driver.findElement(org.openqa.selenium.By.xpath(reportgroup)).getText(): null

2018-06-14 17:40:09 - [TEST_STEP][PASSED] - Statement - If (reportgroupTxt == "AutomationGroup"): null

2018-06-14 17:40:09 - [TEST_STEP][PASSED] - Statement - println("Report group has right group name"): null

2018-06-14 17:40:09 - [TEST_STEP][PASSED] - Statement - reportgroup = "(//div[@class='ctable']/table/tbody/tr[@class='tdata clear'])[" + i + "]/td[7]": null

2018-06-14 17:40:09 - [TEST_STEP][PASSED] - Statement - reportgroupTxt = driver.findElement(org.openqa.selenium.By.xpath(reportgroup)).getText(): null

2018-06-14 17:40:09 - [TEST_STEP][PASSED] - Statement - If (reportgroupTxt == "AutomationGroup"): null

2018-06-14 17:40:09 - [TEST_STEP][PASSED] - Statement - println("Report group has right group name"): null

2018-06-14 17:40:09 - [TEST_STEP][PASSED] - Statement - reportgroup = "(//div[@class='ctable']/table/tbody/tr[@class='tdata clear'])[" + i + "]/td[7]": null

2018-06-14 17:40:09 - [TEST_STEP][PASSED] - Statement - reportgroupTxt = driver.findElement(org.openqa.selenium.By.xpath(reportgroup)).getText(): null

2018-06-14 17:40:09 - [TEST_STEP][PASSED] - Statement - If (reportgroupTxt == "AutomationGroup"): null

2018-06-14 17:40:09 - [TEST_STEP][PASSED] - Statement - println("Report group has right group name"): null

2018-06-14 17:40:09 - [TEST_STEP][PASSED] - Statement - reportgroup = "(//div[@class='ctable']/table/tbody/tr[@class='tdata clear'])[" + i + "]/td[7]": null

2018-06-14 17:40:09 - [TEST_STEP][PASSED] - Statement - reportgroupTxt = driver.findElement(org.openqa.selenium.By.xpath(reportgroup)).getText(): null

2018-06-14 17:40:09 - [TEST_STEP][PASSED] - Statement - If (reportgroupTxt == "AutomationGroup"): null

2018-06-14 17:40:09 - [TEST_STEP][PASSED] - Statement - println("Report group has right group name"): null

2018-06-14 17:40:09 - [TEST_STEP][PASSED] - Statement - reportgroup = "(//div[@class='ctable']/table/tbody/tr[@class='tdata clear'])[" + i + "]/td[7]": null

2018-06-14 17:40:09 - [TEST_STEP][PASSED] - Statement - reportgroupTxt = driver.findElement(org.openqa.selenium.By.xpath(reportgroup)).getText(): null

2018-06-14 17:40:09 - [TEST_STEP][PASSED] - Statement - If (reportgroupTxt == "AutomationGroup"): null

2018-06-14 17:40:09 - [TEST_STEP][PASSED] - Statement - println("Report group has right group name"): null

2018-06-14 17:40:09 - [TEST_STEP][PASSED] - Statement - reportgroup = "(//div[@class='ctable']/table/tbody/tr[@class='tdata clear'])[" + i + "]/td[7]": null

2018-06-14 17:40:09 - [TEST_STEP][PASSED] - Statement - reportgroupTxt = driver.findElement(org.openqa.selenium.By.xpath(reportgroup)).getText(): null

2018-06-14 17:40:09 - [TEST_STEP][PASSED] - Statement - If (reportgroupTxt == "AutomationGroup"): null

2018-06-14 17:40:09 - [TEST_STEP][PASSED] - Statement - Else: null

2018-06-14 17:40:09 - [TEST_STEP][PASSED] - Statement - If (!(TCflag)): null

2018-06-14 17:40:09 - [TEST_STEP][PASSED] - Statement - reportgroup = "(//div[@class='ctable']/table/tbody/tr[@class='tdata clear'])[" + i + "]/td[7]": null

2018-06-14 17:40:09 - [TEST_STEP][PASSED] - Statement - reportgroupTxt = driver.findElement(org.openqa.selenium.By.xpath(reportgroup)).getText(): null

2018-06-14 17:40:09 - [TEST_STEP][PASSED] - Statement - If (reportgroupTxt == "AutomationGroup"): null

2018-06-14 17:40:09 - [TEST_STEP][PASSED] - Statement - Else: null

2018-06-14 17:40:09 - [TEST_STEP][PASSED] - Statement - If (!(TCflag)): null

2018-06-14 17:40:09 - [TEST_STEP][PASSED] - Statement - reportgroup = "(//div[@class='ctable']/table/tbody/tr[@class='tdata clear'])[" + i + "]/td[7]": null

2018-06-14 17:40:09 - [TEST_STEP][PASSED] - Statement - reportgroupTxt = driver.findElement(org.openqa.selenium.By.xpath(reportgroup)).getText(): null

2018-06-14 17:40:09 - [TEST_STEP][PASSED] - Statement - If (reportgroupTxt == "AutomationGroup"): null

2018-06-14 17:40:09 - [TEST_STEP][PASSED] - Statement - Else: null

2018-06-14 17:40:09 - [TEST_STEP][PASSED] - Statement - If (!(TCflag)): null

2018-06-14 17:40:09 - [TEST_STEP][PASSED] - Statement - reportgroup = "(//div[@class='ctable']/table/tbody/tr[@class='tdata clear'])[" + i + "]/td[7]": null

2018-06-14 17:40:09 - [TEST_STEP][PASSED] - Statement - reportgroupTxt = driver.findElement(org.openqa.selenium.By.xpath(reportgroup)).getText(): null

2018-06-14 17:40:09 - [TEST_STEP][PASSED] - Statement - If (reportgroupTxt == "AutomationGroup"): null

2018-06-14 17:40:09 - [TEST_STEP][PASSED] - Statement - println("Report group has right group name"): null

2018-06-14 17:40:09 - [TEST_STEP][PASSED] - Statement - reportgroup = "(//div[@class='ctable']/table/tbody/tr[@class='tdata clear'])[" + i + "]/td[7]": null

2018-06-14 17:40:09 - [TEST_STEP][PASSED] - Statement - reportgroupTxt = driver.findElement(org.openqa.selenium.By.xpath(reportgroup)).getText(): null

2018-06-14 17:40:09 - [TEST_STEP][PASSED] - Statement - If (reportgroupTxt == "AutomationGroup"): null

2018-06-14 17:40:09 - [TEST_STEP][PASSED] - Statement - println("Report group has right group name"): null

2018-06-14 17:40:09 - [TEST_STEP][PASSED] - Statement - reportgroup = "(//div[@class='ctable']/table/tbody/tr[@class='tdata clear'])[" + i + "]/td[7]": null

2018-06-14 17:40:09 - [TEST_STEP][PASSED] - Statement - reportgroupTxt = driver.findElement(org.openqa.selenium.By.xpath(reportgroup)).getText(): null

2018-06-14 17:40:09 - [TEST_STEP][PASSED] - Statement - If (reportgroupTxt == "AutomationGroup"): null

2018-06-14 17:40:09 - [TEST_STEP][PASSED] - Statement - println("Report group has right group name"): null

2018-06-14 17:40:09 - [TEST_STEP][PASSED] - Statement - reportgroup = "(//div[@class='ctable']/table/tbody/tr[@class='tdata clear'])[" + i + "]/td[7]": null

2018-06-14 17:40:09 - [TEST_STEP][PASSED] - Statement - reportgroupTxt = driver.findElement(org.openqa.selenium.By.xpath(reportgroup)).getText(): null

2018-06-14 17:40:09 - [TEST_STEP][PASSED] - Statement - If (reportgroupTxt == "AutomationGroup"): null

2018-06-14 17:40:09 - [TEST_STEP][PASSED] - Statement - println("Report group has right group name"): null

2018-06-14 17:40:09 - [TEST_STEP][PASSED] - Statement - reportgroup = "(//div[@class='ctable']/table/tbody/tr[@class='tdata clear'])[" + i + "]/td[7]": null

2018-06-14 17:40:09 - [TEST_STEP][PASSED] - Statement - reportgroupTxt = driver.findElement(org.openqa.selenium.By.xpath(reportgroup)).getText(): null

2018-06-14 17:40:09 - [TEST_STEP][PASSED] - Statement - If (reportgroupTxt == "AutomationGroup"): null

2018-06-14 17:40:09 - [TEST_STEP][PASSED] - Statement - println("Report group has right group name"): null

2018-06-14 17:40:09 - [TEST_STEP][PASSED] - Statement - reportgroup = "(//div[@class='ctable']/table/tbody/tr[@class='tdata clear'])[" + i + "]/td[7]": null

2018-06-14 17:40:09 - [TEST_STEP][PASSED] - Statement - reportgroupTxt = driver.findElement(org.openqa.selenium.By.xpath(reportgroup)).getText(): null

2018-06-14 17:40:09 - [TEST_STEP][PASSED] - Statement - If (reportgroupTxt == "AutomationGroup"): null

2018-06-14 17:40:09 - [TEST_STEP][PASSED] - Statement - println("Report group has right group name"): null

2018-06-14 17:40:09 - [TEST_STEP][PASSED] - Statement - reportgroup = "(//div[@class='ctable']/table/tbody/tr[@class='tdata clear'])[" + i + "]/td[7]": null

2018-06-14 17:40:09 - [TEST_STEP][PASSED] - Statement - reportgroupTxt = driver.findElement(org.openqa.selenium.By.xpath(reportgroup)).getText(): null

2018-06-14 17:40:09 - [TEST_STEP][PASSED] - Statement - If (reportgroupTxt == "AutomationGroup"): null

2018-06-14 17:40:09 - [TEST_STEP][PASSED] - Statement - println("Report group has right group name"): null

2018-06-14 17:40:09 - [TEST_STEP][PASSED] - Statement - reportgroup = "(//div[@class='ctable']/table/tbody/tr[@class='tdata clear'])[" + i + "]/td[7]": null

2018-06-14 17:40:09 - [TEST_STEP][PASSED] - Statement - reportgroupTxt = driver.findElement(org.openqa.selenium.By.xpath(reportgroup)).getText(): null

2018-06-14 17:40:09 - [TEST_STEP][PASSED] - Statement - If (reportgroupTxt == "AutomationGroup"): null

2018-06-14 17:40:09 - [TEST_STEP][PASSED] - Statement - println("Report group has right group name"): null

2018-06-14 17:40:09 - [TEST_STEP][PASSED] - Statement - reportgroup = "(//div[@class='ctable']/table/tbody/tr[@class='tdata clear'])[" + i + "]/td[7]": null

2018-06-14 17:40:09 - [TEST_STEP][PASSED] - Statement - reportgroupTxt = driver.findElement(org.openqa.selenium.By.xpath(reportgroup)).getText(): null

2018-06-14 17:40:09 - [TEST_STEP][PASSED] - Statement - If (reportgroupTxt == "AutomationGroup"): null

2018-06-14 17:40:09 - [TEST_STEP][PASSED] - Statement - println("Report group has right group name"): null

2018-06-14 17:40:09 - [TEST_STEP][PASSED] - Statement - reportgroup = "(//div[@class='ctable']/table/tbody/tr[@class='tdata clear'])[" + i + "]/td[7]": null

2018-06-14 17:40:09 - [TEST_STEP][PASSED] - Statement - reportgroupTxt = driver.findElement(org.openqa.selenium.By.xpath(reportgroup)).getText(): null

2018-06-14 17:40:09 - [TEST_STEP][PASSED] - Statement - If (reportgroupTxt == "AutomationGroup"): null

2018-06-14 17:40:09 - [TEST_STEP][PASSED] - Statement - println("Report group has right group name"): null

2018-06-14 17:40:09 - [TEST_STEP][PASSED] - Statement - reportgroup = "(//div[@class='ctable']/table/tbody/tr[@class='tdata clear'])[" + i + "]/td[7]": null

2018-06-14 17:40:09 - [TEST_STEP][PASSED] - Statement - reportgroupTxt = driver.findElement(org.openqa.selenium.By.xpath(reportgroup)).getText(): null

2018-06-14 17:40:09 - [TEST_STEP][PASSED] - Statement - If (reportgroupTxt == "AutomationGroup"): null

2018-06-14 17:40:09 - [TEST_STEP][PASSED] - Statement - println("Report group has right group name"): null

2018-06-14 17:40:09 - [TEST_STEP][PASSED] - uiaction.CommonUIActions.click: uiaction.CommonUIActions.click is PASSED

2018-06-14 17:40:10 - [MESSAGE][PASSED] - uiaction.CommonUIActions.click is PASSED

2018-06-14 17:40:10 - [TEST_STEP][PASSED] - uiaction.CommonUIActions.click: uiaction.CommonUIActions.click is PASSED

2018-06-14 17:40:11 - [MESSAGE][PASSED] - uiaction.CommonUIActions.click is PASSED

2018-06-14 17:40:11 - [TEST_STEP][PASSED] - uiaction.CommonUIActions.click: uiaction.CommonUIActions.click is PASSED

2018-06-14 17:40:11 - [MESSAGE][PASSED] - uiaction.CommonUIActions.click is PASSED

2018-06-14 17:40:11 - [TEST_STEP][PASSED] - delay: Delayed 10 second(s)

2018-06-14 17:40:21 - [MESSAGE][PASSED] - Delayed 10 second(s)

2018-06-14 17:40:21 - [TEST_STEP][PASSED] - uiaction.CommonUIActions.click: uiaction.CommonUIActions.click is PASSED

2018-06-14 17:40:21 - [MESSAGE][PASSED] - uiaction.CommonUIActions.click is PASSED

2018-06-14 17:40:21 - [TEST_STEP][PASSED] - uiaction.CommonUIActions.click: uiaction.CommonUIActions.click is PASSED

2018-06-14 17:40:21 - [MESSAGE][PASSED] - uiaction.CommonUIActions.click is PASSED

2018-06-14 17:40:21 - [TEST_STEP][PASSED] - uiaction.CommonUIActions.click: uiaction.CommonUIActions.click is PASSED

2018-06-14 17:40:21 - [MESSAGE][PASSED] - uiaction.CommonUIActions.click is PASSED

2018-06-14 17:40:21 - [TEST_STEP][PASSED] - delay: Delayed 10 second(s)

2018-06-14 17:40:31 - [MESSAGE][PASSED] - Delayed 10 second(s)

2018-06-14 17:40:31 - [TEST_STEP][PASSED] - uiaction.CommonUIActions.back: uiaction.CommonUIActions.back is PASSED

2018-06-14 17:40:31 - [MESSAGE][PASSED] - Navigate back successfully

2018-06-14 17:40:31 - [MESSAGE][PASSED] - uiaction.CommonUIActions.back is PASSED

2018-06-14 17:40:31 - [TEST_STEP][PASSED] - delay: Delayed 5 second(s)

2018-06-14 17:40:36 - [MESSAGE][PASSED] - Delayed 5 second(s)

2018-06-14 17:40:36 - [TEST_STEP][PASSED] - uiaction.CommonUIActions.back: uiaction.CommonUIActions.back is PASSED

2018-06-14 17:40:36 - [MESSAGE][PASSED] - Navigate back successfully

2018-06-14 17:40:36 - [MESSAGE][PASSED] - uiaction.CommonUIActions.back is PASSED

2018-06-14 17:40:36 - [TEST_STEP][PASSED] - uiaction.CommonUIActions.click: uiaction.CommonUIActions.click is PASSED

2018-06-14 17:40:37 - [MESSAGE][PASSED] - uiaction.CommonUIActions.click is PASSED

2018-06-14 17:40:37 - [TEST_STEP][PASSED] - uiaction.CommonUIActions.click: uiaction.CommonUIActions.click is PASSED

2018-06-14 17:40:37 - [MESSAGE][PASSED] - uiaction.CommonUIActions.click is PASSED

2018-06-14 17:40:37 - [TEST_STEP][PASSED] - uiaction.CommonUIActions.click: uiaction.CommonUIActions.click is PASSED

2018-06-14 17:40:37 - [MESSAGE][PASSED] - uiaction.CommonUIActions.click is PASSED

2018-06-14 17:40:37 - [TEST_STEP][PASSED] - uiaction.CommonUIActions.click: uiaction.CommonUIActions.click is PASSED

2018-06-14 17:40:41 - [MESSAGE][PASSED] - uiaction.CommonUIActions.click is PASSED

2018-06-14 17:40:41 - [TEST_STEP][PASSED] - Statement - assert TCflag == true: null

2018-06-14 17:40:41 - [TEST_STEP][PASSED] - Start listener action : sampleAfterTestCase: Browser is closed

2018-06-14 17:40:41 - [TEST_STEP][PASSED] - Statement - println(testCaseContext.getTestCaseId()): null

2018-06-14 17:40:41 - [TEST_STEP][PASSED] - Statement - println(testCaseContext.getTestCaseStatus()): null

2018-06-14 17:40:41 - [TEST_STEP][PASSED] - closeBrowser: Browser is closed

2018-06-14 17:40:42 - [MESSAGE][PASSED] - Browser is closed]]></system-out>
         <system-err><![CDATA[]]></system-err>
      </testcase>
      <testcase name="Test Cases/CreateGroupTC/HME-ReportingGroupManagement-03" classname="Test Cases/CreateGroupTC/HME-ReportingGroupManagement-03" status="PASSED">
         <system-out><![CDATA[2018-06-14 17:40:42 - [TEST_CASE][PASSED] - Test Cases/CreateGroupTC/HME-ReportingGroupManagement-03: Browser is closed

2018-06-14 17:40:42 - [TEST_STEP][PASSED] - Start listener action : sampleBeforeTestCase: uiaction.CommonUIActions.deleteAllCookies is PASSED

2018-06-14 17:40:42 - [TEST_STEP][PASSED] - openBrowser: Browser is opened with url: ''

2018-06-14 17:40:44 - [MESSAGE][PASSED] - Browser is opened with url: ''

2018-06-14 17:40:44 - [TEST_STEP][PASSED] - maximizeWindow: Current window maximized

2018-06-14 17:40:45 - [MESSAGE][PASSED] - Current window maximized

2018-06-14 17:40:45 - [TEST_STEP][PASSED] - uiaction.CommonUIActions.deleteAllCookies: uiaction.CommonUIActions.deleteAllCookies is PASSED

2018-06-14 17:40:45 - [MESSAGE][PASSED] - Delete all cookies successfully

2018-06-14 17:40:45 - [MESSAGE][PASSED] - uiaction.CommonUIActions.deleteAllCookies is PASSED

2018-06-14 17:40:45 - [TEST_STEP][PASSED] - Statement - TCflag = true: null

2018-06-14 17:40:45 - [TEST_STEP][PASSED] - Statement - Try: uiaction.CommonUIActions.click is PASSED

2018-06-14 17:40:45 - [TEST_STEP][PASSED] - navigateToUrl: Navigate to 'https://hme-dev-public-cloud-app.azurewebsites.net/' successfully

2018-06-14 17:40:48 - [MESSAGE][PASSED] - Navigate to 'https://hme-dev-public-cloud-app.azurewebsites.net/' successfully

2018-06-14 17:40:48 - [TEST_STEP][PASSED] - delay: Delayed 15 second(s)

2018-06-14 17:41:03 - [MESSAGE][PASSED] - Delayed 15 second(s)

2018-06-14 17:41:03 - [TEST_STEP][PASSED] - delay: Delayed 15 second(s)

2018-06-14 17:41:18 - [MESSAGE][PASSED] - Delayed 15 second(s)

2018-06-14 17:41:18 - [TEST_STEP][PASSED] - Statement - driver = com.kms.katalon.core.webui.driver.DriverFactory.getWebDriver(): null

2018-06-14 17:41:18 - [TEST_STEP][PASSED] - projectSpecific.Reusability.login: projectSpecific.Reusability.login is PASSED

2018-06-14 17:41:18 - [MESSAGE][PASSED] - projectSpecific.Reusability.getTestData is PASSED

2018-06-14 17:41:18 - [MESSAGE][PASSED] - projectSpecific.Reusability.getTestData is PASSED

2018-06-14 17:41:18 - [MESSAGE][PASSED] - Text 'selvendrank@nousinfo.com' is set on object 'Object Repository/LoginPage/Username'

2018-06-14 17:41:18 - [MESSAGE][PASSED] - Text 'nous;123' is set on object 'Object Repository/LoginPage/Password'

2018-06-14 17:41:18 - [MESSAGE][PASSED] - Object: 'Object Repository/LoginPage/Login' is clicked on

2018-06-14 17:41:18 - [MESSAGE][PASSED] - projectSpecific.Reusability.login is PASSED

2018-06-14 17:41:18 - [TEST_STEP][PASSED] - uiaction.CommonUIActions.click: uiaction.CommonUIActions.click is PASSED

2018-06-14 17:41:40 - [MESSAGE][PASSED] - uiaction.CommonUIActions.click is PASSED

2018-06-14 17:41:40 - [TEST_STEP][PASSED] - delay: Delayed 10 second(s)

2018-06-14 17:41:50 - [MESSAGE][PASSED] - Delayed 10 second(s)

2018-06-14 17:41:50 - [TEST_STEP][PASSED] - uiaction.CommonUIActions.click: uiaction.CommonUIActions.click is PASSED

2018-06-14 17:42:01 - [MESSAGE][PASSED] - uiaction.CommonUIActions.click is PASSED

2018-06-14 17:42:01 - [TEST_STEP][PASSED] - verifyElementPresent: Object 'Object Repository/StorePage/StoreListHeading' is present

2018-06-14 17:42:01 - [MESSAGE][PASSED] - Object 'Object Repository/StorePage/StoreListHeading' is present

2018-06-14 17:42:01 - [TEST_STEP][PASSED] - uiaction.CommonUIActions.click: uiaction.CommonUIActions.click is PASSED

2018-06-14 17:42:12 - [MESSAGE][PASSED] - uiaction.CommonUIActions.click is PASSED

2018-06-14 17:42:12 - [TEST_STEP][PASSED] - verifyElementPresent: Object 'Object Repository/StorePage/ManageLeaderGroupsButton' is present

2018-06-14 17:42:12 - [MESSAGE][PASSED] - Object 'Object Repository/StorePage/ManageLeaderGroupsButton' is present

2018-06-14 17:42:12 - [TEST_STEP][PASSED] - verifyElementPresent: Object 'Object Repository/StorePage/ManageReportGroupsButtton' is present

2018-06-14 17:42:12 - [MESSAGE][PASSED] - Object 'Object Repository/StorePage/ManageReportGroupsButtton' is present

2018-06-14 17:42:12 - [TEST_STEP][PASSED] - uiaction.CommonUIActions.click: uiaction.CommonUIActions.click is PASSED

2018-06-14 17:42:14 - [MESSAGE][PASSED] - uiaction.CommonUIActions.click is PASSED

2018-06-14 17:42:14 - [TEST_STEP][PASSED] - verifyElementPresent: Object 'Object Repository/ReportingGroupManagement/addNewGroup' is present

2018-06-14 17:42:14 - [MESSAGE][PASSED] - Object 'Object Repository/ReportingGroupManagement/addNewGroup' is present

2018-06-14 17:42:14 - [TEST_STEP][PASSED] - uiaction.CommonUIActions.click: uiaction.CommonUIActions.click is PASSED

2018-06-14 17:42:14 - [MESSAGE][PASSED] - uiaction.CommonUIActions.click is PASSED

2018-06-14 17:42:14 - [TEST_STEP][PASSED] - uiaction.CommonUIActions.click: uiaction.CommonUIActions.click is PASSED

2018-06-14 17:42:14 - [MESSAGE][PASSED] - uiaction.CommonUIActions.click is PASSED

2018-06-14 17:42:14 - [TEST_STEP][PASSED] - uiaction.CommonUIActions.enter: uiaction.CommonUIActions.enter is PASSED

2018-06-14 17:42:14 - [MESSAGE][PASSED] - projectSpecific.Reusability.getTestData is PASSED

2018-06-14 17:42:14 - [MESSAGE][PASSED] - uiaction.CommonUIActions.enter is PASSED

2018-06-14 17:42:14 - [TEST_STEP][PASSED] - uiaction.CommonUIActions.click: uiaction.CommonUIActions.click is PASSED

2018-06-14 17:42:14 - [MESSAGE][PASSED] - uiaction.CommonUIActions.click is PASSED

2018-06-14 17:42:14 - [TEST_STEP][PASSED] - uiaction.CommonUIActions.enter: uiaction.CommonUIActions.enter is PASSED

2018-06-14 17:42:14 - [MESSAGE][PASSED] - projectSpecific.Reusability.getTestData is PASSED

2018-06-14 17:42:14 - [MESSAGE][PASSED] - uiaction.CommonUIActions.enter is PASSED

2018-06-14 17:42:14 - [TEST_STEP][PASSED] - uiaction.CommonUIActions.click: uiaction.CommonUIActions.click is PASSED

2018-06-14 17:42:14 - [MESSAGE][PASSED] - uiaction.CommonUIActions.click is PASSED

2018-06-14 17:42:14 - [TEST_STEP][PASSED] - delay: Delayed 10 second(s)

2018-06-14 17:42:24 - [MESSAGE][PASSED] - Delayed 10 second(s)

2018-06-14 17:42:24 - [TEST_STEP][PASSED] - back: Navigate back successfully

2018-06-14 17:42:25 - [MESSAGE][PASSED] - Navigate back successfully

2018-06-14 17:42:25 - [TEST_STEP][PASSED] - delay: Delayed 5 second(s)

2018-06-14 17:42:30 - [MESSAGE][PASSED] - Delayed 5 second(s)

2018-06-14 17:42:30 - [TEST_STEP][PASSED] - back: Navigate back successfully

2018-06-14 17:42:30 - [MESSAGE][PASSED] - Navigate back successfully

2018-06-14 17:42:30 - [TEST_STEP][PASSED] - delay: Delayed 5 second(s)

2018-06-14 17:42:35 - [MESSAGE][PASSED] - Delayed 5 second(s)

2018-06-14 17:42:35 - [TEST_STEP][PASSED] - Statement - index = 0: null

2018-06-14 17:42:35 - [TEST_STEP][PASSED] - Statement - groupName = CustomKeywords.projectSpecific.Reusability.getTestData("ReportingGroupManagementPage", "groupNameTC3"): projectSpecific.Reusability.getTestData is PASSED

2018-06-14 17:42:35 - [MESSAGE][PASSED] - projectSpecific.Reusability.getTestData is PASSED

2018-06-14 17:42:35 - [TEST_STEP][PASSED] - Statement - groupHierarchyList = driver.findElements(org.openqa.selenium.By.xpath(com.kms.katalon.core.testdata.TestDataFactory.findTestData(OR_file).getValue(2, 13))): Reading excel file with source file 'C:\Users\shalinin\Katalon Studio\HME_Scripts\Data Files\HME_OR.xlsx' and sheet name 'Sheet1'

2018-06-14 17:42:35 - [TEST_STEP][PASSED] - Statement - For ([i = 0, i < groupHierarchyList.size(), (i++)]): null

2018-06-14 17:42:35 - [TEST_STEP][PASSED] - Statement - If (groupHierarchyList.get(i).getText().equals(groupName)): null

2018-06-14 17:42:35 - [TEST_STEP][PASSED] - Statement - If (groupHierarchyList.get(i).getText().equals(groupName)): null

2018-06-14 17:42:35 - [TEST_STEP][PASSED] - Statement - If (groupHierarchyList.get(i).getText().equals(groupName)): null

2018-06-14 17:42:35 - [TEST_STEP][PASSED] - Statement - If (groupHierarchyList.get(i).getText().equals(groupName)): null

2018-06-14 17:42:35 - [TEST_STEP][PASSED] - Statement - If (groupHierarchyList.get(i).getText().equals(groupName)): null

2018-06-14 17:42:35 - [TEST_STEP][PASSED] - Statement - index = i: null

2018-06-14 17:42:35 - [TEST_STEP][PASSED] - Statement - Break: null

2018-06-14 17:42:35 - [TEST_STEP][PASSED] - delay: Delayed 10 second(s)

2018-06-14 17:42:45 - [MESSAGE][PASSED] - Delayed 10 second(s)

2018-06-14 17:42:45 - [TEST_STEP][PASSED] - Statement - If (index != 0): uiaction.CommonUIActions.click is PASSED

2018-06-14 17:42:45 - [TEST_STEP][PASSED] - Statement - println("Group is available in group hierarchy"): null

2018-06-14 17:42:45 - [TEST_STEP][PASSED] - Statement - xpath = "//span[text()='" + groupName + "']": null

2018-06-14 17:42:45 - [TEST_STEP][PASSED] - Statement - out.println(xpath): null

2018-06-14 17:42:45 - [TEST_STEP][PASSED] - Statement - driver.findElement(org.openqa.selenium.By.xpath(xpath)).click(): null

2018-06-14 17:42:45 - [TEST_STEP][PASSED] - delay: Delayed 10 second(s)

2018-06-14 17:42:55 - [MESSAGE][PASSED] - Delayed 10 second(s)

2018-06-14 17:42:55 - [TEST_STEP][PASSED] - uiaction.CommonUIActions.click: uiaction.CommonUIActions.click is PASSED

2018-06-14 17:42:55 - [MESSAGE][PASSED] - uiaction.CommonUIActions.click is PASSED

2018-06-14 17:42:55 - [TEST_STEP][PASSED] - uiaction.CommonUIActions.click: uiaction.CommonUIActions.click is PASSED

2018-06-14 17:42:55 - [MESSAGE][PASSED] - uiaction.CommonUIActions.click is PASSED

2018-06-14 17:42:55 - [TEST_STEP][PASSED] - uiaction.CommonUIActions.click: uiaction.CommonUIActions.click is PASSED

2018-06-14 17:42:58 - [MESSAGE][PASSED] - uiaction.CommonUIActions.click is PASSED

2018-06-14 17:42:58 - [TEST_STEP][PASSED] - Statement - assert TCflag == true: null

2018-06-14 17:42:58 - [TEST_STEP][PASSED] - Start listener action : sampleAfterTestCase: Browser is closed

2018-06-14 17:42:58 - [TEST_STEP][PASSED] - Statement - println(testCaseContext.getTestCaseId()): null

2018-06-14 17:42:58 - [TEST_STEP][PASSED] - Statement - println(testCaseContext.getTestCaseStatus()): null

2018-06-14 17:42:58 - [TEST_STEP][PASSED] - closeBrowser: Browser is closed

2018-06-14 17:42:58 - [MESSAGE][PASSED] - Browser is closed]]></system-out>
         <system-err><![CDATA[]]></system-err>
      </testcase>
      <testcase name="Test Cases/CreateGroupTC/HME-StoreDetailsPage-09" classname="Test Cases/CreateGroupTC/HME-StoreDetailsPage-09" status="FAILED">
         <failure type="FAILED" message="com.kms.katalon.core.webui.exception.WebElementNotFoundException: Web element with id: 'Object Repository/StorePage/zoomlabel' located by 'By.xpath: //div[@id='store-tabs']/ul/li[2]/a' not found"/>
         <system-out><![CDATA[2018-06-14 17:42:58 - [TEST_CASE][FAILED] - Test Cases/CreateGroupTC/HME-StoreDetailsPage-09: Test Cases/CreateGroupTC/HME-StoreDetailsPage-09 FAILED because (of) com.kms.katalon.core.webui.exception.WebElementNotFoundException: Web element with id: 'Object Repository/StorePage/zoomlabel' located by 'By.xpath: //div[@id='store-tabs']/ul/li[2]/a' not found

2018-06-14 17:42:58 - [TEST_STEP][PASSED] - Start listener action : sampleBeforeTestCase: uiaction.CommonUIActions.deleteAllCookies is PASSED

2018-06-14 17:42:58 - [TEST_STEP][PASSED] - openBrowser: Browser is opened with url: ''

2018-06-14 17:43:00 - [MESSAGE][PASSED] - Browser is opened with url: ''

2018-06-14 17:43:00 - [TEST_STEP][PASSED] - maximizeWindow: Current window maximized

2018-06-14 17:43:02 - [MESSAGE][PASSED] - Current window maximized

2018-06-14 17:43:02 - [TEST_STEP][PASSED] - uiaction.CommonUIActions.deleteAllCookies: uiaction.CommonUIActions.deleteAllCookies is PASSED

2018-06-14 17:43:02 - [MESSAGE][PASSED] - Delete all cookies successfully

2018-06-14 17:43:02 - [MESSAGE][PASSED] - uiaction.CommonUIActions.deleteAllCookies is PASSED

2018-06-14 17:43:02 - [TEST_STEP][PASSED] - Statement - TCflag = true: null

2018-06-14 17:43:02 - [TEST_STEP][FAILED] - Statement - Try: null

2018-06-14 17:43:02 - [TEST_STEP][PASSED] - navigateToUrl: Navigate to 'https://hme-dev-public-cloud-app.azurewebsites.net/' successfully

2018-06-14 17:43:05 - [MESSAGE][PASSED] - Navigate to 'https://hme-dev-public-cloud-app.azurewebsites.net/' successfully

2018-06-14 17:43:05 - [TEST_STEP][PASSED] - projectSpecific.Reusability.login: projectSpecific.Reusability.login is PASSED

2018-06-14 17:43:05 - [MESSAGE][PASSED] - projectSpecific.Reusability.getTestData is PASSED

2018-06-14 17:43:05 - [MESSAGE][PASSED] - projectSpecific.Reusability.getTestData is PASSED

2018-06-14 17:43:05 - [MESSAGE][PASSED] - Text 'selvendrank@nousinfo.com' is set on object 'Object Repository/LoginPage/Username'

2018-06-14 17:43:05 - [MESSAGE][PASSED] - Text 'nous;123' is set on object 'Object Repository/LoginPage/Password'

2018-06-14 17:43:05 - [MESSAGE][PASSED] - Object: 'Object Repository/LoginPage/Login' is clicked on

2018-06-14 17:43:05 - [MESSAGE][PASSED] - projectSpecific.Reusability.login is PASSED

2018-06-14 17:43:05 - [TEST_STEP][PASSED] - delay: Delayed 10 second(s)

2018-06-14 17:43:15 - [MESSAGE][PASSED] - Delayed 10 second(s)

2018-06-14 17:43:15 - [TEST_STEP][PASSED] - uiaction.CommonUIActions.click: uiaction.CommonUIActions.click is PASSED

2018-06-14 17:43:26 - [MESSAGE][PASSED] - uiaction.CommonUIActions.click is PASSED

2018-06-14 17:43:26 - [TEST_STEP][PASSED] - delay: Delayed 5 second(s)

2018-06-14 17:43:31 - [MESSAGE][PASSED] - Delayed 5 second(s)

2018-06-14 17:43:31 - [TEST_STEP][PASSED] - uiaction.CommonUIActions.click: uiaction.CommonUIActions.click is PASSED

2018-06-14 17:43:43 - [MESSAGE][PASSED] - uiaction.CommonUIActions.click is PASSED

2018-06-14 17:43:43 - [TEST_STEP][PASSED] - verifyElementPresent: Object 'Object Repository/StorePage/StoreListHeading' is present

2018-06-14 17:43:43 - [MESSAGE][PASSED] - Object 'Object Repository/StorePage/StoreListHeading' is present

2018-06-14 17:43:43 - [TEST_STEP][PASSED] - Statement - storeDetails = CustomKeywords.projectSpecific.Reusability.getTestData("StorePage", "StoreDetails"): projectSpecific.Reusability.getTestData is PASSED

2018-06-14 17:43:43 - [MESSAGE][PASSED] - projectSpecific.Reusability.getTestData is PASSED

2018-06-14 17:43:43 - [TEST_STEP][PASSED] - Statement - storedetail_label = CustomKeywords.projectSpecific.Reusability.getTestData("StorePage", "Store_labels"): projectSpecific.Reusability.getTestData is PASSED

2018-06-14 17:43:43 - [MESSAGE][PASSED] - projectSpecific.Reusability.getTestData is PASSED

2018-06-14 17:43:43 - [TEST_STEP][PASSED] - uiaction.CommonUIActions.click: uiaction.CommonUIActions.click is PASSED

2018-06-14 17:43:55 - [MESSAGE][PASSED] - uiaction.CommonUIActions.click is PASSED

2018-06-14 17:43:55 - [TEST_STEP][PASSED] - verifyElementPresent: Object 'Object Repository/HomePage/Verify_store' is present

2018-06-14 17:43:55 - [MESSAGE][PASSED] - Object 'Object Repository/HomePage/Verify_store' is present

2018-06-14 17:43:55 - [TEST_STEP][PASSED] - Statement - driver = com.kms.katalon.core.webui.driver.DriverFactory.getWebDriver(): null

2018-06-14 17:43:55 - [TEST_STEP][PASSED] - Statement - storeHeaders = driver.findElements(org.openqa.selenium.By.xpath(com.kms.katalon.core.testdata.TestDataFactory.findTestData(OR_file).getValue(2, 1))): Reading excel file with source file 'C:\Users\shalinin\Katalon Studio\HME_Scripts\Data Files\HME_OR.xlsx' and sheet name 'Sheet1'

2018-06-14 17:43:55 - [TEST_STEP][PASSED] - Statement - storeArraylabels = storedetail_label.split(",,"): null

2018-06-14 17:43:55 - [TEST_STEP][PASSED] - Statement - storeListlabels = new java.util.ArrayList(java.util.Arrays.asList(storeArraylabels)): null

2018-06-14 17:43:55 - [TEST_STEP][PASSED] - Statement - storeListlabels.unique(): null

2018-06-14 17:43:55 - [TEST_STEP][PASSED] - Statement - out.println(storeListlabels): null

2018-06-14 17:43:55 - [TEST_STEP][PASSED] - Statement - count = 1: null

2018-06-14 17:43:55 - [TEST_STEP][PASSED] - Statement - For ([i = 1, i < storeHeaders.size(), (i++)]): null

2018-06-14 17:43:55 - [TEST_STEP][PASSED] - Statement - execFlag = com.kms.katalon.core.webui.keyword.WebUiBuiltInKeywords.verifyMatch(storeHeaders.get(i).getText().trim(), storeListlabels[i].toString().trim(), false): Actual text 'Brand' and expected text 'Brand' are matched 

2018-06-14 17:43:55 - [MESSAGE][PASSED] - Actual text 'Brand' and expected text 'Brand' are matched 

2018-06-14 17:43:55 - [TEST_STEP][PASSED] - Statement - If (execFlag): null

2018-06-14 17:43:55 - [TEST_STEP][PASSED] - Statement - (count++): null

2018-06-14 17:43:55 - [TEST_STEP][PASSED] - Statement - execFlag = com.kms.katalon.core.webui.keyword.WebUiBuiltInKeywords.verifyMatch(storeHeaders.get(i).getText().trim(), storeListlabels[i].toString().trim(), false): Actual text 'Store' and expected text 'Store' are matched 

2018-06-14 17:43:55 - [MESSAGE][PASSED] - Actual text 'Store' and expected text 'Store' are matched 

2018-06-14 17:43:55 - [TEST_STEP][PASSED] - Statement - If (execFlag): null

2018-06-14 17:43:55 - [TEST_STEP][PASSED] - Statement - (count++): null

2018-06-14 17:43:55 - [TEST_STEP][PASSED] - Statement - execFlag = com.kms.katalon.core.webui.keyword.WebUiBuiltInKeywords.verifyMatch(storeHeaders.get(i).getText().trim(), storeListlabels[i].toString().trim(), false): Actual text 'Store Address' and expected text 'Store Address' are matched 

2018-06-14 17:43:55 - [MESSAGE][PASSED] - Actual text 'Store Address' and expected text 'Store Address' are matched 

2018-06-14 17:43:55 - [TEST_STEP][PASSED] - Statement - If (execFlag): null

2018-06-14 17:43:55 - [TEST_STEP][PASSED] - Statement - (count++): null

2018-06-14 17:43:55 - [TEST_STEP][PASSED] - Statement - execFlag = com.kms.katalon.core.webui.keyword.WebUiBuiltInKeywords.verifyMatch(storeHeaders.get(i).getText().trim(), storeListlabels[i].toString().trim(), false): Actual text 'City, State' and expected text 'City, State' are matched 

2018-06-14 17:43:55 - [MESSAGE][PASSED] - Actual text 'City, State' and expected text 'City, State' are matched 

2018-06-14 17:43:55 - [TEST_STEP][PASSED] - Statement - If (execFlag): null

2018-06-14 17:43:55 - [TEST_STEP][PASSED] - Statement - (count++): null

2018-06-14 17:43:55 - [TEST_STEP][PASSED] - Statement - execFlag = com.kms.katalon.core.webui.keyword.WebUiBuiltInKeywords.verifyMatch(storeHeaders.get(i).getText().trim(), storeListlabels[i].toString().trim(), false): Actual text 'Leaderboard Groups' and expected text 'Leaderboard Groups' are matched 

2018-06-14 17:43:55 - [MESSAGE][PASSED] - Actual text 'Leaderboard Groups' and expected text 'Leaderboard Groups' are matched 

2018-06-14 17:43:55 - [TEST_STEP][PASSED] - Statement - If (execFlag): null

2018-06-14 17:43:55 - [TEST_STEP][PASSED] - Statement - (count++): null

2018-06-14 17:43:55 - [TEST_STEP][PASSED] - Statement - execFlag = com.kms.katalon.core.webui.keyword.WebUiBuiltInKeywords.verifyMatch(storeHeaders.get(i).getText().trim(), storeListlabels[i].toString().trim(), false): Actual text 'Report Group' and expected text 'Report Group' are matched 

2018-06-14 17:43:55 - [MESSAGE][PASSED] - Actual text 'Report Group' and expected text 'Report Group' are matched 

2018-06-14 17:43:55 - [TEST_STEP][PASSED] - Statement - If (execFlag): null

2018-06-14 17:43:55 - [TEST_STEP][PASSED] - Statement - (count++): null

2018-06-14 17:43:55 - [TEST_STEP][PASSED] - Statement - execFlag = com.kms.katalon.core.webui.keyword.WebUiBuiltInKeywords.verifyMatch(storeHeaders.get(i).getText().trim(), storeListlabels[i].toString().trim(), false): Actual text 'System Name' and expected text 'System Name' are matched 

2018-06-14 17:43:55 - [MESSAGE][PASSED] - Actual text 'System Name' and expected text 'System Name' are matched 

2018-06-14 17:43:55 - [TEST_STEP][PASSED] - Statement - If (execFlag): null

2018-06-14 17:43:55 - [TEST_STEP][PASSED] - Statement - (count++): null

2018-06-14 17:43:55 - [TEST_STEP][PASSED] - Statement - execFlag = com.kms.katalon.core.webui.keyword.WebUiBuiltInKeywords.verifyMatch(storeHeaders.get(i).getText().trim(), storeListlabels[i].toString().trim(), false): Actual text 'System Version' and expected text 'System Version' are matched 

2018-06-14 17:43:55 - [MESSAGE][PASSED] - Actual text 'System Version' and expected text 'System Version' are matched 

2018-06-14 17:43:55 - [TEST_STEP][PASSED] - Statement - If (execFlag): null

2018-06-14 17:43:55 - [TEST_STEP][PASSED] - Statement - (count++): null

2018-06-14 17:43:55 - [TEST_STEP][PASSED] - Statement - execFlag = com.kms.katalon.core.webui.keyword.WebUiBuiltInKeywords.verifyMatch(storeHeaders.get(i).getText().trim(), storeListlabels[i].toString().trim(), false): Actual text 'System Status' and expected text 'System Status' are matched 

2018-06-14 17:43:55 - [MESSAGE][PASSED] - Actual text 'System Status' and expected text 'System Status' are matched 

2018-06-14 17:43:55 - [TEST_STEP][PASSED] - Statement - If (execFlag): null

2018-06-14 17:43:55 - [TEST_STEP][PASSED] - Statement - (count++): null

2018-06-14 17:43:55 - [TEST_STEP][PASSED] - Statement - If (count == storeHeaders.size()): Taking screenshot successfully

2018-06-14 17:43:55 - [TEST_STEP][PASSED] - takeScreenshot: Taking screenshot successfully

2018-06-14 17:43:55 - [MESSAGE][PASSED] - Taking screenshot successfully
[[ATTACHMENT|C:\\Users\\shalinin\\Katalon Studio\\HME_Scripts\\Reports\\RegressionSuite\\20180614_164441\\1528978435250.png]]

2018-06-14 17:43:55 - [TEST_STEP][PASSED] - uiaction.CommonUIActions.click: uiaction.CommonUIActions.click is PASSED

2018-06-14 17:43:57 - [MESSAGE][PASSED] - uiaction.CommonUIActions.click is PASSED

2018-06-14 17:43:57 - [TEST_STEP][PASSED] - verifyElementPresent: Object 'Object Repository/StorePage/storedetailslabel' is present

2018-06-14 17:43:57 - [MESSAGE][PASSED] - Object 'Object Repository/StorePage/storedetailslabel' is present

2018-06-14 17:43:57 - [TEST_STEP][FAILED] - verifyElementPresent: com.kms.katalon.core.webui.exception.WebElementNotFoundException: Web element with id: 'Object Repository/StorePage/zoomlabel' located by 'By.xpath: //div[@id='store-tabs']/ul/li[2]/a' not found

2018-06-14 17:44:03 - [MESSAGE][FAILED] - com.kms.katalon.core.webui.exception.WebElementNotFoundException: Web element with id: 'Object Repository/StorePage/zoomlabel' located by 'By.xpath: //div[@id='store-tabs']/ul/li[2]/a' not found
[[ATTACHMENT|C:\\Users\\shalinin\\Katalon Studio\\HME_Scripts\\Reports\\RegressionSuite\\20180614_164441\\1528978442921.png]]

2018-06-14 17:44:03 - [TEST_STEP][PASSED] - Statement - defaultareaselected = com.kms.katalon.core.webui.keyword.WebUiBuiltInKeywords.getAttribute(com.kms.katalon.core.testobject.ObjectRepository.findTestObject(StorePage/defaultstoredetsails), "aria-selected"): Attribute 'aria-selected' of object 'Object Repository/StorePage/defaultstoredetsails' is: 'true'

2018-06-14 17:44:03 - [MESSAGE][PASSED] - Attribute 'aria-selected' of object 'Object Repository/StorePage/defaultstoredetsails' is: 'true'

2018-06-14 17:44:03 - [TEST_STEP][PASSED] - Statement - If (defaultareaselected): null

2018-06-14 17:44:03 - [TEST_STEP][PASSED] - Statement - out.println("Store Details is set by default"): null

2018-06-14 17:44:03 - [TEST_STEP][PASSED] - Statement - storeArray = storeDetails.split(","): null

2018-06-14 17:44:03 - [TEST_STEP][PASSED] - Statement - storeList = new java.util.ArrayList(java.util.Arrays.asList(storeArray)): null

2018-06-14 17:44:03 - [TEST_STEP][PASSED] - Statement - storeList.unique(): null

2018-06-14 17:44:03 - [TEST_STEP][PASSED] - Statement - out.println(storeList): null

2018-06-14 17:44:03 - [TEST_STEP][PASSED] - Statement - storeElements = driver.findElements(org.openqa.selenium.By.xpath(com.kms.katalon.core.testdata.TestDataFactory.findTestData(OR_file).getValue(2, 2))): Reading excel file with source file 'C:\Users\shalinin\Katalon Studio\HME_Scripts\Data Files\HME_OR.xlsx' and sheet name 'Sheet1'

2018-06-14 17:44:03 - [TEST_STEP][PASSED] - Statement - actualList = new java.util.ArrayList(): null

2018-06-14 17:44:03 - [TEST_STEP][PASSED] - Statement - For ([i = 0, i < storeElements.size(), (i++)]): null

2018-06-14 17:44:03 - [TEST_STEP][PASSED] - Statement - actualList.add(i, storeElements.get(i).getText()): null

2018-06-14 17:44:03 - [TEST_STEP][PASSED] - Statement - actualList.add(i, storeElements.get(i).getText()): null

2018-06-14 17:44:03 - [TEST_STEP][PASSED] - Statement - actualList.add(i, storeElements.get(i).getText()): null

2018-06-14 17:44:03 - [TEST_STEP][PASSED] - Statement - actualList.add(i, storeElements.get(i).getText()): null

2018-06-14 17:44:03 - [TEST_STEP][PASSED] - Statement - actualList.add(i, storeElements.get(i).getText()): null

2018-06-14 17:44:03 - [TEST_STEP][PASSED] - Statement - actualList.add(i, storeElements.get(i).getText()): null

2018-06-14 17:44:03 - [TEST_STEP][PASSED] - Statement - actualList.add(i, storeElements.get(i).getText()): null

2018-06-14 17:44:03 - [TEST_STEP][PASSED] - Statement - actualList.add(i, storeElements.get(i).getText()): null

2018-06-14 17:44:03 - [TEST_STEP][PASSED] - Statement - actualList.add(i, storeElements.get(i).getText()): null

2018-06-14 17:44:03 - [TEST_STEP][PASSED] - Statement - actualList.add(i, storeElements.get(i).getText()): null

2018-06-14 17:44:03 - [TEST_STEP][PASSED] - Statement - actualList.add(i, storeElements.get(i).getText()): null

2018-06-14 17:44:03 - [TEST_STEP][PASSED] - Statement - actualList.add(i, storeElements.get(i).getText()): null

2018-06-14 17:44:03 - [TEST_STEP][PASSED] - Statement - actualList.add(i, storeElements.get(i).getText()): null

2018-06-14 17:44:03 - [TEST_STEP][PASSED] - Statement - actualList.add(i, storeElements.get(i).getText()): null

2018-06-14 17:44:03 - [TEST_STEP][PASSED] - Statement - actualList.add(i, storeElements.get(i).getText()): null

2018-06-14 17:44:03 - [TEST_STEP][PASSED] - Statement - out.println(actualList): null

2018-06-14 17:44:03 - [TEST_STEP][PASSED] - Statement - execFlag1 = true: null

2018-06-14 17:44:03 - [TEST_STEP][PASSED] - Statement - For ([j = 0, j < actualList.size(), (j++)]): null

2018-06-14 17:44:03 - [TEST_STEP][PASSED] - Statement - execFlag1 = com.kms.katalon.core.webui.keyword.WebUiBuiltInKeywords.verifyMatch(storeList.get(j).toString().trim(), actualList.get(j).toString().trim(), false): Actual text 'Brand' and expected text 'Brand' are matched 

2018-06-14 17:44:03 - [MESSAGE][PASSED] - Actual text 'Brand' and expected text 'Brand' are matched 

2018-06-14 17:44:03 - [TEST_STEP][PASSED] - Statement - If (!(execFlag1)): null

2018-06-14 17:44:03 - [TEST_STEP][PASSED] - Statement - execFlag1 = com.kms.katalon.core.webui.keyword.WebUiBuiltInKeywords.verifyMatch(storeList.get(j).toString().trim(), actualList.get(j).toString().trim(), false): Actual text 'Store Name' and expected text 'Store Name' are matched 

2018-06-14 17:44:03 - [MESSAGE][PASSED] - Actual text 'Store Name' and expected text 'Store Name' are matched 

2018-06-14 17:44:03 - [TEST_STEP][PASSED] - Statement - If (!(execFlag1)): null

2018-06-14 17:44:03 - [TEST_STEP][PASSED] - Statement - execFlag1 = com.kms.katalon.core.webui.keyword.WebUiBuiltInKeywords.verifyMatch(storeList.get(j).toString().trim(), actualList.get(j).toString().trim(), false): Actual text 'Store Number' and expected text 'Store Number' are matched 

2018-06-14 17:44:03 - [MESSAGE][PASSED] - Actual text 'Store Number' and expected text 'Store Number' are matched 

2018-06-14 17:44:03 - [TEST_STEP][PASSED] - Statement - If (!(execFlag1)): null

2018-06-14 17:44:03 - [TEST_STEP][PASSED] - Statement - execFlag1 = com.kms.katalon.core.webui.keyword.WebUiBuiltInKeywords.verifyMatch(storeList.get(j).toString().trim(), actualList.get(j).toString().trim(), false): Actual text 'Group:' and expected text 'Group:' are matched 

2018-06-14 17:44:03 - [MESSAGE][PASSED] - Actual text 'Group:' and expected text 'Group:' are matched 

2018-06-14 17:44:03 - [TEST_STEP][PASSED] - Statement - If (!(execFlag1)): null

2018-06-14 17:44:03 - [TEST_STEP][PASSED] - Statement - execFlag1 = com.kms.katalon.core.webui.keyword.WebUiBuiltInKeywords.verifyMatch(storeList.get(j).toString().trim(), actualList.get(j).toString().trim(), false): Actual text 'Report Group:' and expected text 'Report Group:' are matched 

2018-06-14 17:44:03 - [MESSAGE][PASSED] - Actual text 'Report Group:' and expected text 'Report Group:' are matched 

2018-06-14 17:44:03 - [TEST_STEP][PASSED] - Statement - If (!(execFlag1)): null

2018-06-14 17:44:03 - [TEST_STEP][PASSED] - Statement - execFlag1 = com.kms.katalon.core.webui.keyword.WebUiBuiltInKeywords.verifyMatch(storeList.get(j).toString().trim(), actualList.get(j).toString().trim(), false): Actual text 'Address Line 1' and expected text 'Address Line 1' are matched 

2018-06-14 17:44:03 - [MESSAGE][PASSED] - Actual text 'Address Line 1' and expected text 'Address Line 1' are matched 

2018-06-14 17:44:03 - [TEST_STEP][PASSED] - Statement - If (!(execFlag1)): null

2018-06-14 17:44:03 - [TEST_STEP][PASSED] - Statement - execFlag1 = com.kms.katalon.core.webui.keyword.WebUiBuiltInKeywords.verifyMatch(storeList.get(j).toString().trim(), actualList.get(j).toString().trim(), false): Actual text 'Address Line 2' and expected text 'Address Line 2' are matched 

2018-06-14 17:44:03 - [MESSAGE][PASSED] - Actual text 'Address Line 2' and expected text 'Address Line 2' are matched 

2018-06-14 17:44:03 - [TEST_STEP][PASSED] - Statement - If (!(execFlag1)): null

2018-06-14 17:44:03 - [TEST_STEP][PASSED] - Statement - execFlag1 = com.kms.katalon.core.webui.keyword.WebUiBuiltInKeywords.verifyMatch(storeList.get(j).toString().trim(), actualList.get(j).toString().trim(), false): Actual text 'Address Line 3' and expected text 'Address Line 3' are matched 

2018-06-14 17:44:03 - [MESSAGE][PASSED] - Actual text 'Address Line 3' and expected text 'Address Line 3' are matched 

2018-06-14 17:44:03 - [TEST_STEP][PASSED] - Statement - If (!(execFlag1)): null

2018-06-14 17:44:03 - [TEST_STEP][PASSED] - Statement - execFlag1 = com.kms.katalon.core.webui.keyword.WebUiBuiltInKeywords.verifyMatch(storeList.get(j).toString().trim(), actualList.get(j).toString().trim(), false): Actual text 'Address Line 4' and expected text 'Address Line 4' are matched 

2018-06-14 17:44:03 - [MESSAGE][PASSED] - Actual text 'Address Line 4' and expected text 'Address Line 4' are matched 

2018-06-14 17:44:03 - [TEST_STEP][PASSED] - Statement - If (!(execFlag1)): null

2018-06-14 17:44:03 - [TEST_STEP][PASSED] - Statement - execFlag1 = com.kms.katalon.core.webui.keyword.WebUiBuiltInKeywords.verifyMatch(storeList.get(j).toString().trim(), actualList.get(j).toString().trim(), false): Actual text 'City' and expected text 'City' are matched 

2018-06-14 17:44:03 - [MESSAGE][PASSED] - Actual text 'City' and expected text 'City' are matched 

2018-06-14 17:44:03 - [TEST_STEP][PASSED] - Statement - If (!(execFlag1)): null

2018-06-14 17:44:03 - [TEST_STEP][PASSED] - Statement - execFlag1 = com.kms.katalon.core.webui.keyword.WebUiBuiltInKeywords.verifyMatch(storeList.get(j).toString().trim(), actualList.get(j).toString().trim(), false): Actual text 'Region: *' and expected text 'Region: *' are matched 

2018-06-14 17:44:03 - [MESSAGE][PASSED] - Actual text 'Region: *' and expected text 'Region: *' are matched 

2018-06-14 17:44:03 - [TEST_STEP][PASSED] - Statement - If (!(execFlag1)): null

2018-06-14 17:44:03 - [TEST_STEP][PASSED] - Statement - execFlag1 = com.kms.katalon.core.webui.keyword.WebUiBuiltInKeywords.verifyMatch(storeList.get(j).toString().trim(), actualList.get(j).toString().trim(), false): Actual text 'Zip:' and expected text 'Zip:' are matched 

2018-06-14 17:44:03 - [MESSAGE][PASSED] - Actual text 'Zip:' and expected text 'Zip:' are matched 

2018-06-14 17:44:03 - [TEST_STEP][PASSED] - Statement - If (!(execFlag1)): null

2018-06-14 17:44:03 - [TEST_STEP][PASSED] - Statement - execFlag1 = com.kms.katalon.core.webui.keyword.WebUiBuiltInKeywords.verifyMatch(storeList.get(j).toString().trim(), actualList.get(j).toString().trim(), false): Actual text 'Country:' and expected text 'Country:' are matched 

2018-06-14 17:44:03 - [MESSAGE][PASSED] - Actual text 'Country:' and expected text 'Country:' are matched 

2018-06-14 17:44:03 - [TEST_STEP][PASSED] - Statement - If (!(execFlag1)): null

2018-06-14 17:44:03 - [TEST_STEP][PASSED] - Statement - execFlag1 = com.kms.katalon.core.webui.keyword.WebUiBuiltInKeywords.verifyMatch(storeList.get(j).toString().trim(), actualList.get(j).toString().trim(), false): Actual text 'Phone:' and expected text 'Phone:' are matched 

2018-06-14 17:44:03 - [MESSAGE][PASSED] - Actual text 'Phone:' and expected text 'Phone:' are matched 

2018-06-14 17:44:03 - [TEST_STEP][PASSED] - Statement - If (!(execFlag1)): null

2018-06-14 17:44:03 - [TEST_STEP][PASSED] - Statement - execFlag1 = com.kms.katalon.core.webui.keyword.WebUiBuiltInKeywords.verifyMatch(storeList.get(j).toString().trim(), actualList.get(j).toString().trim(), false): Actual text 'Fax:' and expected text 'Fax:' are matched 

2018-06-14 17:44:03 - [MESSAGE][PASSED] - Actual text 'Fax:' and expected text 'Fax:' are matched 

2018-06-14 17:44:03 - [TEST_STEP][PASSED] - Statement - If (!(execFlag1)): null

2018-06-14 17:44:03 - [TEST_STEP][PASSED] - Statement - If (execFlag1): null

2018-06-14 17:44:03 - [TEST_STEP][PASSED] - Statement - out.println("Store details labels are verified"): null

2018-06-14 17:44:03 - [TEST_STEP][PASSED] - Statement - editfield = com.kms.katalon.core.webui.keyword.WebUiBuiltInKeywords.clearText(com.kms.katalon.core.testobject.ObjectRepository.findTestObject(StorePage/storeName)): Text of object 'Object Repository/StorePage/storeName' is cleared

2018-06-14 17:44:03 - [MESSAGE][PASSED] - Text of object 'Object Repository/StorePage/storeName' is cleared

2018-06-14 17:44:03 - [TEST_STEP][PASSED] - Statement - If (editfield): null

2018-06-14 17:44:03 - [TEST_STEP][PASSED] - Statement - out.println("The store name is editable field"): null

2018-06-14 17:44:03 - [TEST_STEP][PASSED] - Statement - inputFields = driver.findElements(org.openqa.selenium.By.xpath(com.kms.katalon.core.testdata.TestDataFactory.findTestData(OR_file).getValue(2, 3))): Reading excel file with source file 'C:\Users\shalinin\Katalon Studio\HME_Scripts\Data Files\HME_OR.xlsx' and sheet name 'Sheet1'

2018-06-14 17:44:03 - [TEST_STEP][PASSED] - Statement - inputFieldsResults = new java.util.ArrayList(): null

2018-06-14 17:44:03 - [TEST_STEP][PASSED] - Statement - index = 3: null

2018-06-14 17:44:03 - [TEST_STEP][PASSED] - Statement - For ([i = 0, i < inputFields.size(), (i++)]): null

2018-06-14 17:44:03 - [TEST_STEP][PASSED] - Statement - xpathval = "//form[@name='store_submit']/table/tbody/tr[" + index + "]//input": null

2018-06-14 17:44:03 - [TEST_STEP][PASSED] - Statement - LinkToSearch = com.kms.katalon.core.webui.keyword.WebUiBuiltInKeywords.modifyObjectProperty(com.kms.katalon.core.testobject.ObjectRepository.findTestObject(StorePage/storeInputValue), "xpath", "equals", xpathval, true): Modify property of object successfully

2018-06-14 17:44:03 - [MESSAGE][PASSED] - Modify property of object successfully

2018-06-14 17:44:03 - [TEST_STEP][PASSED] - Statement - attr1 = com.kms.katalon.core.webui.keyword.WebUiBuiltInKeywords.getAttribute(LinkToSearch, "disabled"): Attribute 'disabled' of object 'Object Repository/StorePage/storeInputValue' is: 'true'

2018-06-14 17:44:03 - [MESSAGE][PASSED] - Attribute 'disabled' of object 'Object Repository/StorePage/storeInputValue' is: 'true'

2018-06-14 17:44:03 - [TEST_STEP][PASSED] - Statement - If (attr1): null

2018-06-14 17:44:03 - [TEST_STEP][PASSED] - Statement - xpathval = "//form[@name='store_submit']/table/tbody/tr[" + index + "]//input": null

2018-06-14 17:44:03 - [TEST_STEP][PASSED] - Statement - LinkToSearch = com.kms.katalon.core.webui.keyword.WebUiBuiltInKeywords.modifyObjectProperty(com.kms.katalon.core.testobject.ObjectRepository.findTestObject(StorePage/storeInputValue), "xpath", "equals", xpathval, true): Modify property of object successfully

2018-06-14 17:44:03 - [MESSAGE][PASSED] - Modify property of object successfully

2018-06-14 17:44:03 - [TEST_STEP][PASSED] - Statement - attr1 = com.kms.katalon.core.webui.keyword.WebUiBuiltInKeywords.getAttribute(LinkToSearch, "disabled"): Attribute 'disabled' of object 'Object Repository/StorePage/storeInputValue' is: 'true'

2018-06-14 17:44:03 - [MESSAGE][PASSED] - Attribute 'disabled' of object 'Object Repository/StorePage/storeInputValue' is: 'true'

2018-06-14 17:44:03 - [TEST_STEP][PASSED] - Statement - If (attr1): null

2018-06-14 17:44:03 - [TEST_STEP][PASSED] - Statement - xpathval = "//form[@name='store_submit']/table/tbody/tr[" + index + "]//input": null

2018-06-14 17:44:03 - [TEST_STEP][PASSED] - Statement - LinkToSearch = com.kms.katalon.core.webui.keyword.WebUiBuiltInKeywords.modifyObjectProperty(com.kms.katalon.core.testobject.ObjectRepository.findTestObject(StorePage/storeInputValue), "xpath", "equals", xpathval, true): Modify property of object successfully

2018-06-14 17:44:03 - [MESSAGE][PASSED] - Modify property of object successfully

2018-06-14 17:44:03 - [TEST_STEP][PASSED] - Statement - attr1 = com.kms.katalon.core.webui.keyword.WebUiBuiltInKeywords.getAttribute(LinkToSearch, "disabled"): Attribute 'disabled' of object 'Object Repository/StorePage/storeInputValue' is: 'true'

2018-06-14 17:44:03 - [MESSAGE][PASSED] - Attribute 'disabled' of object 'Object Repository/StorePage/storeInputValue' is: 'true'

2018-06-14 17:44:03 - [TEST_STEP][PASSED] - Statement - If (attr1): null

2018-06-14 17:44:03 - [TEST_STEP][PASSED] - Statement - xpathval = "//form[@name='store_submit']/table/tbody/tr[" + index + "]//input": null

2018-06-14 17:44:03 - [TEST_STEP][PASSED] - Statement - LinkToSearch = com.kms.katalon.core.webui.keyword.WebUiBuiltInKeywords.modifyObjectProperty(com.kms.katalon.core.testobject.ObjectRepository.findTestObject(StorePage/storeInputValue), "xpath", "equals", xpathval, true): Modify property of object successfully

2018-06-14 17:44:03 - [MESSAGE][PASSED] - Modify property of object successfully

2018-06-14 17:44:03 - [TEST_STEP][PASSED] - Statement - attr1 = com.kms.katalon.core.webui.keyword.WebUiBuiltInKeywords.getAttribute(LinkToSearch, "disabled"): Attribute 'disabled' of object 'Object Repository/StorePage/storeInputValue' is: 'true'

2018-06-14 17:44:03 - [MESSAGE][PASSED] - Attribute 'disabled' of object 'Object Repository/StorePage/storeInputValue' is: 'true'

2018-06-14 17:44:03 - [TEST_STEP][PASSED] - Statement - If (attr1): null

2018-06-14 17:44:03 - [TEST_STEP][PASSED] - Statement - xpathval = "//form[@name='store_submit']/table/tbody/tr[" + index + "]//input": null

2018-06-14 17:44:03 - [TEST_STEP][PASSED] - Statement - LinkToSearch = com.kms.katalon.core.webui.keyword.WebUiBuiltInKeywords.modifyObjectProperty(com.kms.katalon.core.testobject.ObjectRepository.findTestObject(StorePage/storeInputValue), "xpath", "equals", xpathval, true): Modify property of object successfully

2018-06-14 17:44:03 - [MESSAGE][PASSED] - Modify property of object successfully

2018-06-14 17:44:03 - [TEST_STEP][PASSED] - Statement - attr1 = com.kms.katalon.core.webui.keyword.WebUiBuiltInKeywords.getAttribute(LinkToSearch, "disabled"): Attribute 'disabled' of object 'Object Repository/StorePage/storeInputValue' is: 'true'

2018-06-14 17:44:03 - [MESSAGE][PASSED] - Attribute 'disabled' of object 'Object Repository/StorePage/storeInputValue' is: 'true'

2018-06-14 17:44:03 - [TEST_STEP][PASSED] - Statement - If (attr1): null

2018-06-14 17:44:03 - [TEST_STEP][PASSED] - Statement - xpathval = "//form[@name='store_submit']/table/tbody/tr[" + index + "]//input": null

2018-06-14 17:44:03 - [TEST_STEP][PASSED] - Statement - LinkToSearch = com.kms.katalon.core.webui.keyword.WebUiBuiltInKeywords.modifyObjectProperty(com.kms.katalon.core.testobject.ObjectRepository.findTestObject(StorePage/storeInputValue), "xpath", "equals", xpathval, true): Modify property of object successfully

2018-06-14 17:44:03 - [MESSAGE][PASSED] - Modify property of object successfully

2018-06-14 17:44:03 - [TEST_STEP][PASSED] - Statement - attr1 = com.kms.katalon.core.webui.keyword.WebUiBuiltInKeywords.getAttribute(LinkToSearch, "disabled"): Attribute 'disabled' of object 'Object Repository/StorePage/storeInputValue' is: 'true'

2018-06-14 17:44:03 - [MESSAGE][PASSED] - Attribute 'disabled' of object 'Object Repository/StorePage/storeInputValue' is: 'true'

2018-06-14 17:44:03 - [TEST_STEP][PASSED] - Statement - If (attr1): null

2018-06-14 17:44:03 - [TEST_STEP][PASSED] - Statement - xpathval = "//form[@name='store_submit']/table/tbody/tr[" + index + "]//input": null

2018-06-14 17:44:03 - [TEST_STEP][PASSED] - Statement - LinkToSearch = com.kms.katalon.core.webui.keyword.WebUiBuiltInKeywords.modifyObjectProperty(com.kms.katalon.core.testobject.ObjectRepository.findTestObject(StorePage/storeInputValue), "xpath", "equals", xpathval, true): Modify property of object successfully

2018-06-14 17:44:03 - [MESSAGE][PASSED] - Modify property of object successfully

2018-06-14 17:44:03 - [TEST_STEP][PASSED] - Statement - attr1 = com.kms.katalon.core.webui.keyword.WebUiBuiltInKeywords.getAttribute(LinkToSearch, "disabled"): Attribute 'disabled' of object 'Object Repository/StorePage/storeInputValue' is: 'true'

2018-06-14 17:44:03 - [MESSAGE][PASSED] - Attribute 'disabled' of object 'Object Repository/StorePage/storeInputValue' is: 'true'

2018-06-14 17:44:03 - [TEST_STEP][PASSED] - Statement - If (attr1): null

2018-06-14 17:44:03 - [TEST_STEP][PASSED] - Statement - xpathval = "//form[@name='store_submit']/table/tbody/tr[" + index + "]//input": null

2018-06-14 17:44:03 - [TEST_STEP][PASSED] - Statement - LinkToSearch = com.kms.katalon.core.webui.keyword.WebUiBuiltInKeywords.modifyObjectProperty(com.kms.katalon.core.testobject.ObjectRepository.findTestObject(StorePage/storeInputValue), "xpath", "equals", xpathval, true): Modify property of object successfully

2018-06-14 17:44:03 - [MESSAGE][PASSED] - Modify property of object successfully

2018-06-14 17:44:03 - [TEST_STEP][PASSED] - Statement - attr1 = com.kms.katalon.core.webui.keyword.WebUiBuiltInKeywords.getAttribute(LinkToSearch, "disabled"): Attribute 'disabled' of object 'Object Repository/StorePage/storeInputValue' is: 'true'

2018-06-14 17:44:03 - [MESSAGE][PASSED] - Attribute 'disabled' of object 'Object Repository/StorePage/storeInputValue' is: 'true'

2018-06-14 17:44:03 - [TEST_STEP][PASSED] - Statement - If (attr1): null

2018-06-14 17:44:03 - [TEST_STEP][PASSED] - Statement - xpathval = "//form[@name='store_submit']/table/tbody/tr[" + index + "]//input": null

2018-06-14 17:44:03 - [TEST_STEP][PASSED] - Statement - LinkToSearch = com.kms.katalon.core.webui.keyword.WebUiBuiltInKeywords.modifyObjectProperty(com.kms.katalon.core.testobject.ObjectRepository.findTestObject(StorePage/storeInputValue), "xpath", "equals", xpathval, true): Modify property of object successfully

2018-06-14 17:44:03 - [MESSAGE][PASSED] - Modify property of object successfully

2018-06-14 17:44:03 - [TEST_STEP][PASSED] - Statement - attr1 = com.kms.katalon.core.webui.keyword.WebUiBuiltInKeywords.getAttribute(LinkToSearch, "disabled"): Attribute 'disabled' of object 'Object Repository/StorePage/storeInputValue' is: 'true'

2018-06-14 17:44:03 - [MESSAGE][PASSED] - Attribute 'disabled' of object 'Object Repository/StorePage/storeInputValue' is: 'true'

2018-06-14 17:44:03 - [TEST_STEP][PASSED] - Statement - If (attr1): null

2018-06-14 17:44:03 - [TEST_STEP][PASSED] - Statement - xpathval = "//form[@name='store_submit']/table/tbody/tr[" + index + "]//input": null

2018-06-14 17:44:03 - [TEST_STEP][PASSED] - Statement - LinkToSearch = com.kms.katalon.core.webui.keyword.WebUiBuiltInKeywords.modifyObjectProperty(com.kms.katalon.core.testobject.ObjectRepository.findTestObject(StorePage/storeInputValue), "xpath", "equals", xpathval, true): Modify property of object successfully

2018-06-14 17:44:03 - [MESSAGE][PASSED] - Modify property of object successfully

2018-06-14 17:44:03 - [TEST_STEP][PASSED] - Statement - attr1 = com.kms.katalon.core.webui.keyword.WebUiBuiltInKeywords.getAttribute(LinkToSearch, "disabled"): Attribute 'disabled' of object 'Object Repository/StorePage/storeInputValue' is: 'true'

2018-06-14 17:44:03 - [MESSAGE][PASSED] - Attribute 'disabled' of object 'Object Repository/StorePage/storeInputValue' is: 'true'

2018-06-14 17:44:03 - [TEST_STEP][PASSED] - Statement - If (attr1): null

2018-06-14 17:44:03 - [TEST_STEP][PASSED] - Statement - xpathval = "//form[@name='store_submit']/table/tbody/tr[" + index + "]//input": null

2018-06-14 17:44:03 - [TEST_STEP][PASSED] - Statement - LinkToSearch = com.kms.katalon.core.webui.keyword.WebUiBuiltInKeywords.modifyObjectProperty(com.kms.katalon.core.testobject.ObjectRepository.findTestObject(StorePage/storeInputValue), "xpath", "equals", xpathval, true): Modify property of object successfully

2018-06-14 17:44:03 - [MESSAGE][PASSED] - Modify property of object successfully

2018-06-14 17:44:03 - [TEST_STEP][PASSED] - Statement - attr1 = com.kms.katalon.core.webui.keyword.WebUiBuiltInKeywords.getAttribute(LinkToSearch, "disabled"): Attribute 'disabled' of object 'Object Repository/StorePage/storeInputValue' is: 'true'

2018-06-14 17:44:03 - [MESSAGE][PASSED] - Attribute 'disabled' of object 'Object Repository/StorePage/storeInputValue' is: 'true'

2018-06-14 17:44:03 - [TEST_STEP][PASSED] - Statement - If (attr1): null

2018-06-14 17:44:03 - [TEST_STEP][PASSED] - Statement - xpathval = "//form[@name='store_submit']/table/tbody/tr[" + index + "]//input": null

2018-06-14 17:44:03 - [TEST_STEP][PASSED] - Statement - LinkToSearch = com.kms.katalon.core.webui.keyword.WebUiBuiltInKeywords.modifyObjectProperty(com.kms.katalon.core.testobject.ObjectRepository.findTestObject(StorePage/storeInputValue), "xpath", "equals", xpathval, true): Modify property of object successfully

2018-06-14 17:44:03 - [MESSAGE][PASSED] - Modify property of object successfully

2018-06-14 17:44:03 - [TEST_STEP][PASSED] - Statement - attr1 = com.kms.katalon.core.webui.keyword.WebUiBuiltInKeywords.getAttribute(LinkToSearch, "disabled"): Attribute 'disabled' of object 'Object Repository/StorePage/storeInputValue' is: 'true'

2018-06-14 17:44:03 - [MESSAGE][PASSED] - Attribute 'disabled' of object 'Object Repository/StorePage/storeInputValue' is: 'true'

2018-06-14 17:44:03 - [TEST_STEP][PASSED] - Statement - If (attr1): null

2018-06-14 17:44:03 - [TEST_STEP][PASSED] - Statement - xpathval = "//form[@name='store_submit']/table/tbody/tr[" + index + "]//input": null

2018-06-14 17:44:03 - [TEST_STEP][PASSED] - Statement - LinkToSearch = com.kms.katalon.core.webui.keyword.WebUiBuiltInKeywords.modifyObjectProperty(com.kms.katalon.core.testobject.ObjectRepository.findTestObject(StorePage/storeInputValue), "xpath", "equals", xpathval, true): Modify property of object successfully

2018-06-14 17:44:03 - [MESSAGE][PASSED] - Modify property of object successfully

2018-06-14 17:44:03 - [TEST_STEP][PASSED] - Statement - attr1 = com.kms.katalon.core.webui.keyword.WebUiBuiltInKeywords.getAttribute(LinkToSearch, "disabled"): Attribute 'disabled' of object 'Object Repository/StorePage/storeInputValue' is: 'true'

2018-06-14 17:44:03 - [MESSAGE][PASSED] - Attribute 'disabled' of object 'Object Repository/StorePage/storeInputValue' is: 'true'

2018-06-14 17:44:03 - [TEST_STEP][PASSED] - Statement - If (attr1): null

2018-06-14 17:44:03 - [TEST_STEP][PASSED] - Statement - s = inputFieldsResults[1]: null

2018-06-14 17:44:03 - [TEST_STEP][PASSED] - Statement - isEditable = false: null

2018-06-14 17:44:03 - [TEST_STEP][PASSED] - Statement - For ([j = 2, j < inputFieldsResults.size(), (j++)]): null

2018-06-14 17:44:03 - [TEST_STEP][PASSED] - Statement - s1 = inputFieldsResults[j]: null

2018-06-14 17:44:03 - [TEST_STEP][PASSED] - Statement - If (!(s1.equals(s))): null

2018-06-14 17:44:03 - [TEST_STEP][PASSED] - Statement - s1 = inputFieldsResults[j]: null

2018-06-14 17:44:03 - [TEST_STEP][PASSED] - Statement - If (!(s1.equals(s))): null

2018-06-14 17:44:03 - [TEST_STEP][PASSED] - Statement - s1 = inputFieldsResults[j]: null

2018-06-14 17:44:03 - [TEST_STEP][PASSED] - Statement - If (!(s1.equals(s))): null

2018-06-14 17:44:03 - [TEST_STEP][PASSED] - Statement - s1 = inputFieldsResults[j]: null

2018-06-14 17:44:03 - [TEST_STEP][PASSED] - Statement - If (!(s1.equals(s))): null

2018-06-14 17:44:03 - [TEST_STEP][PASSED] - Statement - s1 = inputFieldsResults[j]: null

2018-06-14 17:44:03 - [TEST_STEP][PASSED] - Statement - If (!(s1.equals(s))): null

2018-06-14 17:44:03 - [TEST_STEP][PASSED] - Statement - s1 = inputFieldsResults[j]: null

2018-06-14 17:44:03 - [TEST_STEP][PASSED] - Statement - If (!(s1.equals(s))): null

2018-06-14 17:44:03 - [TEST_STEP][PASSED] - Statement - s1 = inputFieldsResults[j]: null

2018-06-14 17:44:03 - [TEST_STEP][PASSED] - Statement - If (!(s1.equals(s))): null

2018-06-14 17:44:03 - [TEST_STEP][PASSED] - Statement - s1 = inputFieldsResults[j]: null

2018-06-14 17:44:03 - [TEST_STEP][PASSED] - Statement - If (!(s1.equals(s))): null

2018-06-14 17:44:03 - [TEST_STEP][PASSED] - Statement - s1 = inputFieldsResults[j]: null

2018-06-14 17:44:03 - [TEST_STEP][PASSED] - Statement - If (!(s1.equals(s))): null

2018-06-14 17:44:03 - [TEST_STEP][PASSED] - Statement - s1 = inputFieldsResults[j]: null

2018-06-14 17:44:03 - [TEST_STEP][PASSED] - Statement - If (!(s1.equals(s))): null

2018-06-14 17:44:03 - [TEST_STEP][PASSED] - Statement - s1 = inputFieldsResults[j]: null

2018-06-14 17:44:03 - [TEST_STEP][PASSED] - Statement - If (!(s1.equals(s))): null

2018-06-14 17:44:03 - [TEST_STEP][PASSED] - Statement - If (!(isEditable)): null

2018-06-14 17:44:03 - [TEST_STEP][PASSED] - Statement - out.println("Store fields are not editable"): null

2018-06-14 17:44:03 - [TEST_STEP][PASSED] - Statement - attrDisabled = com.kms.katalon.core.webui.keyword.WebUiBuiltInKeywords.getAttribute(com.kms.katalon.core.testobject.ObjectRepository.findTestObject(StorePage/storebrandName), "disabled"): Attribute 'disabled' of object 'Object Repository/StorePage/storebrandName' is: 'true'

2018-06-14 17:44:03 - [MESSAGE][PASSED] - Attribute 'disabled' of object 'Object Repository/StorePage/storebrandName' is: 'true'

2018-06-14 17:44:03 - [TEST_STEP][PASSED] - Statement - If (attrDisabled): null

2018-06-14 17:44:03 - [TEST_STEP][PASSED] - Statement - out.println("Store brand is disabled"): null

2018-06-14 17:44:03 - [TEST_STEP][PASSED] - Statement - attrDisabled = com.kms.katalon.core.webui.keyword.WebUiBuiltInKeywords.getAttribute(com.kms.katalon.core.testobject.ObjectRepository.findTestObject(StorePage/storeCountryName), "disabled"): Attribute 'disabled' of object 'Object Repository/StorePage/storeCountryName' is: 'true'

2018-06-14 17:44:03 - [MESSAGE][PASSED] - Attribute 'disabled' of object 'Object Repository/StorePage/storeCountryName' is: 'true'

2018-06-14 17:44:03 - [TEST_STEP][PASSED] - Statement - If (attrDisabled): null

2018-06-14 17:44:03 - [TEST_STEP][PASSED] - Statement - out.println("Store countryName is disabled"): null

2018-06-14 17:44:03 - [TEST_STEP][PASSED] - Statement - assert TCflag == true: null

2018-06-14 17:44:03 - [TEST_STEP][PASSED] - Start listener action : sampleAfterTestCase: Browser is closed

2018-06-14 17:44:03 - [TEST_STEP][PASSED] - Statement - println(testCaseContext.getTestCaseId()): null

2018-06-14 17:44:03 - [TEST_STEP][PASSED] - Statement - println(testCaseContext.getTestCaseStatus()): null

2018-06-14 17:44:03 - [TEST_STEP][PASSED] - closeBrowser: Browser is closed

2018-06-14 17:44:04 - [MESSAGE][PASSED] - Browser is closed]]></system-out>
         <system-err><![CDATA[2018-06-14 17:42:58 - [TEST_CASE][FAILED] - Test Cases/CreateGroupTC/HME-StoreDetailsPage-09: Test Cases/CreateGroupTC/HME-StoreDetailsPage-09 FAILED because (of) com.kms.katalon.core.webui.exception.WebElementNotFoundException: Web element with id: 'Object Repository/StorePage/zoomlabel' located by 'By.xpath: //div[@id='store-tabs']/ul/li[2]/a' not found]]></system-err>
      </testcase>
      <testcase name="Test Cases/CreateGroupTC/HME-StoreListPage-01" classname="Test Cases/CreateGroupTC/HME-StoreListPage-01" status="PASSED">
         <system-out><![CDATA[2018-06-14 17:44:04 - [TEST_CASE][PASSED] - Test Cases/CreateGroupTC/HME-StoreListPage-01: Browser is closed

2018-06-14 17:44:04 - [TEST_STEP][PASSED] - Start listener action : sampleBeforeTestCase: uiaction.CommonUIActions.deleteAllCookies is PASSED

2018-06-14 17:44:04 - [TEST_STEP][PASSED] - openBrowser: Browser is opened with url: ''

2018-06-14 17:44:06 - [MESSAGE][PASSED] - Browser is opened with url: ''

2018-06-14 17:44:06 - [TEST_STEP][PASSED] - maximizeWindow: Current window maximized

2018-06-14 17:44:07 - [MESSAGE][PASSED] - Current window maximized

2018-06-14 17:44:07 - [TEST_STEP][PASSED] - uiaction.CommonUIActions.deleteAllCookies: uiaction.CommonUIActions.deleteAllCookies is PASSED

2018-06-14 17:44:07 - [MESSAGE][PASSED] - Delete all cookies successfully

2018-06-14 17:44:07 - [MESSAGE][PASSED] - uiaction.CommonUIActions.deleteAllCookies is PASSED

2018-06-14 17:44:07 - [TEST_STEP][PASSED] - Statement - TCflag = true: null

2018-06-14 17:44:07 - [TEST_STEP][PASSED] - Statement - Try: uiaction.CommonUIActions.click is PASSED

2018-06-14 17:44:07 - [TEST_STEP][PASSED] - navigateToUrl: Navigate to 'https://hme-dev-public-cloud-app.azurewebsites.net/' successfully

2018-06-14 17:44:10 - [MESSAGE][PASSED] - Navigate to 'https://hme-dev-public-cloud-app.azurewebsites.net/' successfully

2018-06-14 17:44:10 - [TEST_STEP][PASSED] - Statement - driver = com.kms.katalon.core.webui.driver.DriverFactory.getWebDriver(): null

2018-06-14 17:44:10 - [TEST_STEP][PASSED] - projectSpecific.Reusability.login: projectSpecific.Reusability.login is PASSED

2018-06-14 17:44:10 - [MESSAGE][PASSED] - projectSpecific.Reusability.getTestData is PASSED

2018-06-14 17:44:10 - [MESSAGE][PASSED] - projectSpecific.Reusability.getTestData is PASSED

2018-06-14 17:44:11 - [MESSAGE][PASSED] - Text 'selvendrank@nousinfo.com' is set on object 'Object Repository/LoginPage/Username'

2018-06-14 17:44:11 - [MESSAGE][PASSED] - Text 'nous;123' is set on object 'Object Repository/LoginPage/Password'

2018-06-14 17:44:11 - [MESSAGE][PASSED] - Object: 'Object Repository/LoginPage/Login' is clicked on

2018-06-14 17:44:11 - [MESSAGE][PASSED] - projectSpecific.Reusability.login is PASSED

2018-06-14 17:44:11 - [TEST_STEP][PASSED] - uiaction.CommonUIActions.click: uiaction.CommonUIActions.click is PASSED

2018-06-14 17:44:32 - [MESSAGE][PASSED] - uiaction.CommonUIActions.click is PASSED

2018-06-14 17:44:32 - [TEST_STEP][PASSED] - delay: Delayed 10 second(s)

2018-06-14 17:44:42 - [MESSAGE][PASSED] - Delayed 10 second(s)

2018-06-14 17:44:42 - [TEST_STEP][PASSED] - uiaction.CommonUIActions.click: uiaction.CommonUIActions.click is PASSED

2018-06-14 17:44:54 - [MESSAGE][PASSED] - uiaction.CommonUIActions.click is PASSED

2018-06-14 17:44:54 - [TEST_STEP][PASSED] - verifyElementPresent: Object 'Object Repository/StorePage/StoreListHeading' is present

2018-06-14 17:44:54 - [MESSAGE][PASSED] - Object 'Object Repository/StorePage/StoreListHeading' is present

2018-06-14 17:44:54 - [TEST_STEP][PASSED] - uiaction.CommonUIActions.click: uiaction.CommonUIActions.click is PASSED

2018-06-14 17:45:05 - [MESSAGE][PASSED] - uiaction.CommonUIActions.click is PASSED

2018-06-14 17:45:05 - [TEST_STEP][PASSED] - verifyElementPresent: Object 'Object Repository/StorePage/ManageLeaderGroupsButton' is present

2018-06-14 17:45:05 - [MESSAGE][PASSED] - Object 'Object Repository/StorePage/ManageLeaderGroupsButton' is present

2018-06-14 17:45:05 - [TEST_STEP][PASSED] - verifyElementPresent: Object 'Object Repository/StorePage/ManageReportGroupsButtton' is present

2018-06-14 17:45:05 - [MESSAGE][PASSED] - Object 'Object Repository/StorePage/ManageReportGroupsButtton' is present

2018-06-14 17:45:05 - [TEST_STEP][PASSED] - uiaction.CommonUIActions.click: uiaction.CommonUIActions.click is PASSED

2018-06-14 17:45:08 - [MESSAGE][PASSED] - uiaction.CommonUIActions.click is PASSED

2018-06-14 17:45:08 - [TEST_STEP][PASSED] - Statement - assert TCflag == true: null

2018-06-14 17:45:08 - [TEST_STEP][PASSED] - Start listener action : sampleAfterTestCase: Browser is closed

2018-06-14 17:45:08 - [TEST_STEP][PASSED] - Statement - println(testCaseContext.getTestCaseId()): null

2018-06-14 17:45:08 - [TEST_STEP][PASSED] - Statement - println(testCaseContext.getTestCaseStatus()): null

2018-06-14 17:45:08 - [TEST_STEP][PASSED] - closeBrowser: Browser is closed

2018-06-14 17:45:09 - [MESSAGE][PASSED] - Browser is closed]]></system-out>
         <system-err><![CDATA[]]></system-err>
      </testcase>
      <testcase name="Test Cases/CreateGroupTC/HME-StoreListPage-02" classname="Test Cases/CreateGroupTC/HME-StoreListPage-02" status="FAILED">
         <failure type="FAILED" message="Web element with id: 'Object Repository/StorePage/ManageLeaderGroupsButton' located by 'By.xpath: //span[text()='Manage Leaderboard Groups']/..' not found"/>
         <system-out><![CDATA[2018-06-14 17:45:09 - [TEST_CASE][FAILED] - Test Cases/CreateGroupTC/HME-StoreListPage-02: Test Cases/CreateGroupTC/HME-StoreListPage-02 FAILED because (of) Web element with id: 'Object Repository/StorePage/ManageLeaderGroupsButton' located by 'By.xpath: //span[text()='Manage Leaderboard Groups']/..' not found

2018-06-14 17:45:09 - [TEST_STEP][PASSED] - Start listener action : sampleBeforeTestCase: uiaction.CommonUIActions.deleteAllCookies is PASSED

2018-06-14 17:45:09 - [TEST_STEP][PASSED] - openBrowser: Browser is opened with url: ''

2018-06-14 17:45:11 - [MESSAGE][PASSED] - Browser is opened with url: ''

2018-06-14 17:45:11 - [TEST_STEP][PASSED] - maximizeWindow: Current window maximized

2018-06-14 17:45:12 - [MESSAGE][PASSED] - Current window maximized

2018-06-14 17:45:12 - [TEST_STEP][PASSED] - uiaction.CommonUIActions.deleteAllCookies: uiaction.CommonUIActions.deleteAllCookies is PASSED

2018-06-14 17:45:12 - [MESSAGE][PASSED] - Delete all cookies successfully

2018-06-14 17:45:12 - [MESSAGE][PASSED] - uiaction.CommonUIActions.deleteAllCookies is PASSED

2018-06-14 17:45:12 - [TEST_STEP][PASSED] - Statement - TCflag = true: null

2018-06-14 17:45:12 - [TEST_STEP][FAILED] - Statement - Try: uiaction.CommonUIActions.click is PASSED

2018-06-14 17:45:12 - [TEST_STEP][PASSED] - navigateToUrl: Navigate to 'https://hme-dev-public-cloud-app.azurewebsites.net/' successfully

2018-06-14 17:45:15 - [MESSAGE][PASSED] - Navigate to 'https://hme-dev-public-cloud-app.azurewebsites.net/' successfully

2018-06-14 17:45:15 - [TEST_STEP][PASSED] - projectSpecific.Reusability.login: projectSpecific.Reusability.login is PASSED

2018-06-14 17:45:15 - [MESSAGE][PASSED] - projectSpecific.Reusability.getTestData is PASSED

2018-06-14 17:45:15 - [MESSAGE][PASSED] - projectSpecific.Reusability.getTestData is PASSED

2018-06-14 17:45:15 - [MESSAGE][PASSED] - Text 'sangeetha_gokul@yahoo.com' is set on object 'Object Repository/LoginPage/Username'

2018-06-14 17:45:15 - [MESSAGE][PASSED] - Text 'gvcd6bjk5g' is set on object 'Object Repository/LoginPage/Password'

2018-06-14 17:45:16 - [MESSAGE][PASSED] - Object: 'Object Repository/LoginPage/Login' is clicked on

2018-06-14 17:45:16 - [MESSAGE][PASSED] - projectSpecific.Reusability.login is PASSED

2018-06-14 17:45:16 - [TEST_STEP][PASSED] - delay: Delayed 10 second(s)

2018-06-14 17:45:26 - [MESSAGE][PASSED] - Delayed 10 second(s)

2018-06-14 17:45:26 - [TEST_STEP][PASSED] - uiaction.CommonUIActions.click: uiaction.CommonUIActions.click is PASSED

2018-06-14 17:45:37 - [MESSAGE][PASSED] - uiaction.CommonUIActions.click is PASSED

2018-06-14 17:45:37 - [TEST_STEP][PASSED] - delay: Delayed 10 second(s)

2018-06-14 17:45:47 - [MESSAGE][PASSED] - Delayed 10 second(s)

2018-06-14 17:45:47 - [TEST_STEP][PASSED] - uiaction.CommonUIActions.click: uiaction.CommonUIActions.click is PASSED

2018-06-14 17:45:59 - [MESSAGE][PASSED] - uiaction.CommonUIActions.click is PASSED

2018-06-14 17:45:59 - [TEST_STEP][PASSED] - verifyElementPresent: Object 'Object Repository/StorePage/StoreListHeading' is present

2018-06-14 17:45:59 - [MESSAGE][PASSED] - Object 'Object Repository/StorePage/StoreListHeading' is present

2018-06-14 17:45:59 - [TEST_STEP][PASSED] - uiaction.CommonUIActions.click: uiaction.CommonUIActions.click is PASSED

2018-06-14 17:46:11 - [MESSAGE][PASSED] - uiaction.CommonUIActions.click is PASSED

2018-06-14 17:46:11 - [TEST_STEP][FAILED] - verifyElementNotVisible: Web element with id: 'Object Repository/StorePage/ManageLeaderGroupsButton' located by 'By.xpath: //span[text()='Manage Leaderboard Groups']/..' not found

2018-06-14 17:46:42 - [MESSAGE][FAILED] - Web element with id: 'Object Repository/StorePage/ManageLeaderGroupsButton' located by 'By.xpath: //span[text()='Manage Leaderboard Groups']/..' not found
[[ATTACHMENT|C:\\Users\\shalinin\\Katalon Studio\\HME_Scripts\\Reports\\RegressionSuite\\20180614_164441\\1528978601980.png]]

2018-06-14 17:46:42 - [TEST_STEP][FAILED] - verifyElementNotVisible: Web element with id: 'Object Repository/StorePage/ManageReportGroupsButtton' located by 'By.xpath: //span[text()='Manage Report Groups']/..' not found

2018-06-14 17:47:13 - [MESSAGE][FAILED] - Web element with id: 'Object Repository/StorePage/ManageReportGroupsButtton' located by 'By.xpath: //span[text()='Manage Report Groups']/..' not found
[[ATTACHMENT|C:\\Users\\shalinin\\Katalon Studio\\HME_Scripts\\Reports\\RegressionSuite\\20180614_164441\\1528978632815.png]]

2018-06-14 17:47:13 - [TEST_STEP][PASSED] - uiaction.CommonUIActions.click: uiaction.CommonUIActions.click is PASSED

2018-06-14 17:47:18 - [MESSAGE][PASSED] - uiaction.CommonUIActions.click is PASSED

2018-06-14 17:47:18 - [TEST_STEP][PASSED] - Statement - assert TCflag == true: null

2018-06-14 17:47:18 - [TEST_STEP][PASSED] - Start listener action : sampleAfterTestCase: Browser is closed

2018-06-14 17:47:18 - [TEST_STEP][PASSED] - Statement - println(testCaseContext.getTestCaseId()): null

2018-06-14 17:47:18 - [TEST_STEP][PASSED] - Statement - println(testCaseContext.getTestCaseStatus()): null

2018-06-14 17:47:18 - [TEST_STEP][PASSED] - closeBrowser: Browser is closed

2018-06-14 17:47:18 - [MESSAGE][PASSED] - Browser is closed]]></system-out>
         <system-err><![CDATA[2018-06-14 17:45:09 - [TEST_CASE][FAILED] - Test Cases/CreateGroupTC/HME-StoreListPage-02: Test Cases/CreateGroupTC/HME-StoreListPage-02 FAILED because (of) Web element with id: 'Object Repository/StorePage/ManageLeaderGroupsButton' located by 'By.xpath: //span[text()='Manage Leaderboard Groups']/..' not found]]></system-err>
      </testcase>
      <testcase name="Test Cases/GoalStatisticsTC/HME-Goal Statistics Report-01" classname="Test Cases/GoalStatisticsTC/HME-Goal Statistics Report-01" status="FAILED">
         <failure type="FAILED" message="com.kms.katalon.core.webui.exception.WebElementNotFoundException: Web element with id: 'Object Repository/SummarizedReportPage/SummaryReportheader' located by 'By.xpath: //header[contains(text(),'Summary Reports')]' not found"/>
         <system-out><![CDATA[2018-06-14 17:47:18 - [TEST_CASE][FAILED] - Test Cases/GoalStatisticsTC/HME-Goal Statistics Report-01: Test Cases/GoalStatisticsTC/HME-Goal Statistics Report-01 FAILED because (of) com.kms.katalon.core.webui.exception.WebElementNotFoundException: Web element with id: 'Object Repository/SummarizedReportPage/SummaryReportheader' located by 'By.xpath: //header[contains(text(),'Summary Reports')]' not found

2018-06-14 17:47:18 - [TEST_STEP][PASSED] - Start listener action : sampleBeforeTestCase: uiaction.CommonUIActions.deleteAllCookies is PASSED

2018-06-14 17:47:18 - [TEST_STEP][PASSED] - openBrowser: Browser is opened with url: ''

2018-06-14 17:47:20 - [MESSAGE][PASSED] - Browser is opened with url: ''

2018-06-14 17:47:20 - [TEST_STEP][PASSED] - maximizeWindow: Current window maximized

2018-06-14 17:47:22 - [MESSAGE][PASSED] - Current window maximized

2018-06-14 17:47:22 - [TEST_STEP][PASSED] - uiaction.CommonUIActions.deleteAllCookies: uiaction.CommonUIActions.deleteAllCookies is PASSED

2018-06-14 17:47:22 - [MESSAGE][PASSED] - Delete all cookies successfully

2018-06-14 17:47:22 - [MESSAGE][PASSED] - uiaction.CommonUIActions.deleteAllCookies is PASSED

2018-06-14 17:47:22 - [TEST_STEP][PASSED] - Statement - TCflag = true: null

2018-06-14 17:47:22 - [TEST_STEP][FAILED] - Statement - Try: null

2018-06-14 17:47:22 - [TEST_STEP][PASSED] - navigateToUrl: Navigate to 'https://hme-dev-public-cloud-app.azurewebsites.net/' successfully

2018-06-14 17:47:25 - [MESSAGE][PASSED] - Navigate to 'https://hme-dev-public-cloud-app.azurewebsites.net/' successfully

2018-06-14 17:47:25 - [TEST_STEP][PASSED] - projectSpecific.Reusability.login: projectSpecific.Reusability.login is PASSED

2018-06-14 17:47:25 - [MESSAGE][PASSED] - projectSpecific.Reusability.getTestData is PASSED

2018-06-14 17:47:25 - [MESSAGE][PASSED] - projectSpecific.Reusability.getTestData is PASSED

2018-06-14 17:47:25 - [MESSAGE][PASSED] - Text 'selvendrank@nousinfo.com' is set on object 'Object Repository/LoginPage/Username'

2018-06-14 17:47:25 - [MESSAGE][PASSED] - Text 'nous;123' is set on object 'Object Repository/LoginPage/Password'

2018-06-14 17:47:25 - [MESSAGE][PASSED] - Object: 'Object Repository/LoginPage/Login' is clicked on

2018-06-14 17:47:25 - [MESSAGE][PASSED] - projectSpecific.Reusability.login is PASSED

2018-06-14 17:47:25 - [TEST_STEP][PASSED] - delay: Delayed 10 second(s)

2018-06-14 17:47:35 - [MESSAGE][PASSED] - Delayed 10 second(s)

2018-06-14 17:47:35 - [TEST_STEP][PASSED] - uiaction.CommonUIActions.click: uiaction.CommonUIActions.click is PASSED

2018-06-14 17:47:58 - [MESSAGE][PASSED] - uiaction.CommonUIActions.click is PASSED

2018-06-14 17:47:58 - [TEST_STEP][PASSED] - uiaction.CommonUIActions.click: uiaction.CommonUIActions.click is PASSED

2018-06-14 17:48:00 - [MESSAGE][PASSED] - uiaction.CommonUIActions.click is PASSED

2018-06-14 17:48:00 - [TEST_STEP][PASSED] - uiaction.CommonUIActions.click: uiaction.CommonUIActions.click is PASSED

2018-06-14 17:48:20 - [MESSAGE][PASSED] - uiaction.CommonUIActions.click is PASSED

2018-06-14 17:48:20 - [TEST_STEP][PASSED] - uiaction.CommonUIActions.click: uiaction.CommonUIActions.click is PASSED

2018-06-14 17:48:41 - [MESSAGE][PASSED] - uiaction.CommonUIActions.click is PASSED

2018-06-14 17:48:41 - [TEST_STEP][PASSED] - Statement - storenumber = CustomKeywords.uiaction.CommonUIActions.getText(com.kms.katalon.core.testobject.ObjectRepository.findTestObject(StorePage/storeID)): uiaction.CommonUIActions.getText is PASSED

2018-06-14 17:49:01 - [MESSAGE][PASSED] - uiaction.CommonUIActions.getText is PASSED

2018-06-14 17:49:01 - [TEST_STEP][PASSED] - Statement - out.println(" the store number is--" + storenumber.trim()): null

2018-06-14 17:49:01 - [TEST_STEP][PASSED] - uiaction.CommonUIActions.click: uiaction.CommonUIActions.click is PASSED

2018-06-14 17:49:01 - [MESSAGE][PASSED] - uiaction.CommonUIActions.click is PASSED

2018-06-14 17:49:01 - [TEST_STEP][FAILED] - verifyElementPresent: com.kms.katalon.core.webui.exception.WebElementNotFoundException: Web element with id: 'Object Repository/SummarizedReportPage/SummaryReportheader' located by 'By.xpath: //header[contains(text(),'Summary Reports')]' not found

2018-06-14 17:49:12 - [MESSAGE][FAILED] - com.kms.katalon.core.webui.exception.WebElementNotFoundException: Web element with id: 'Object Repository/SummarizedReportPage/SummaryReportheader' located by 'By.xpath: //header[contains(text(),'Summary Reports')]' not found
[[ATTACHMENT|C:\\Users\\shalinin\\Katalon Studio\\HME_Scripts\\Reports\\RegressionSuite\\20180614_164441\\1528978751850.png]]

2018-06-14 17:49:12 - [TEST_STEP][PASSED] - Statement - println("Summary Reports screen will be displayed"): null

2018-06-14 17:49:12 - [TEST_STEP][PASSED] - uiaction.CommonUIActions.click: uiaction.CommonUIActions.click is PASSED

2018-06-14 17:49:12 - [MESSAGE][PASSED] - uiaction.CommonUIActions.click is PASSED

2018-06-14 17:49:12 - [TEST_STEP][PASSED] - uiaction.CommonUIActions.click: uiaction.CommonUIActions.click is PASSED

2018-06-14 17:49:12 - [MESSAGE][PASSED] - uiaction.CommonUIActions.click is PASSED

2018-06-14 17:49:12 - [TEST_STEP][PASSED] - uiaction.CommonUIActions.click: uiaction.CommonUIActions.click is PASSED

2018-06-14 17:49:12 - [MESSAGE][PASSED] - uiaction.CommonUIActions.click is PASSED

2018-06-14 17:49:12 - [TEST_STEP][PASSED] - uiaction.CommonUIActions.click: uiaction.CommonUIActions.click is PASSED

2018-06-14 17:49:32 - [MESSAGE][PASSED] - uiaction.CommonUIActions.click is PASSED

2018-06-14 17:49:32 - [TEST_STEP][PASSED] - uiaction.CommonUIActions.enter: uiaction.CommonUIActions.enter is PASSED

2018-06-14 17:49:32 - [MESSAGE][PASSED] - projectSpecific.Reusability.getTestData is PASSED

2018-06-14 17:49:32 - [MESSAGE][PASSED] - uiaction.CommonUIActions.enter is PASSED

2018-06-14 17:49:32 - [TEST_STEP][PASSED] - uiaction.CommonUIActions.enter: uiaction.CommonUIActions.enter is PASSED

2018-06-14 17:49:32 - [MESSAGE][PASSED] - projectSpecific.Reusability.getTestData is PASSED

2018-06-14 17:49:53 - [MESSAGE][PASSED] - uiaction.CommonUIActions.enter is PASSED

2018-06-14 17:49:53 - [TEST_STEP][PASSED] - uiaction.CommonUIActions.click: uiaction.CommonUIActions.click is PASSED

2018-06-14 17:50:13 - [MESSAGE][PASSED] - uiaction.CommonUIActions.click is PASSED

2018-06-14 17:50:13 - [TEST_STEP][PASSED] - delay: Delayed 10 second(s)

2018-06-14 17:50:23 - [MESSAGE][PASSED] - Delayed 10 second(s)

2018-06-14 17:50:23 - [TEST_STEP][PASSED] - uiaction.CommonUIActions.back: uiaction.CommonUIActions.back is PASSED

2018-06-14 17:50:23 - [MESSAGE][PASSED] - Navigate back successfully

2018-06-14 17:50:23 - [MESSAGE][PASSED] - uiaction.CommonUIActions.back is PASSED

2018-06-14 17:50:23 - [TEST_STEP][PASSED] - delay: Delayed 5 second(s)

2018-06-14 17:50:28 - [MESSAGE][PASSED] - Delayed 5 second(s)

2018-06-14 17:50:28 - [TEST_STEP][PASSED] - uiaction.CommonUIActions.enter: uiaction.CommonUIActions.enter is PASSED

2018-06-14 17:50:28 - [MESSAGE][PASSED] - projectSpecific.Reusability.getTestData is PASSED

2018-06-14 17:50:28 - [MESSAGE][PASSED] - uiaction.CommonUIActions.enter is PASSED

2018-06-14 17:50:28 - [TEST_STEP][PASSED] - uiaction.CommonUIActions.enter: uiaction.CommonUIActions.enter is PASSED

2018-06-14 17:50:28 - [MESSAGE][PASSED] - projectSpecific.Reusability.getTestData is PASSED

2018-06-14 17:50:49 - [MESSAGE][PASSED] - uiaction.CommonUIActions.enter is PASSED

2018-06-14 17:50:49 - [TEST_STEP][PASSED] - uiaction.CommonUIActions.click: uiaction.CommonUIActions.click is PASSED

2018-06-14 17:51:09 - [MESSAGE][PASSED] - uiaction.CommonUIActions.click is PASSED

2018-06-14 17:51:09 - [TEST_STEP][PASSED] - delay: Delayed 10 second(s)

2018-06-14 17:51:19 - [MESSAGE][PASSED] - Delayed 10 second(s)

2018-06-14 17:51:19 - [TEST_STEP][PASSED] - uiaction.CommonUIActions.back: uiaction.CommonUIActions.back is PASSED

2018-06-14 17:51:19 - [MESSAGE][PASSED] - Navigate back successfully

2018-06-14 17:51:19 - [MESSAGE][PASSED] - uiaction.CommonUIActions.back is PASSED

2018-06-14 17:51:19 - [TEST_STEP][PASSED] - uiaction.CommonUIActions.enter: uiaction.CommonUIActions.enter is PASSED

2018-06-14 17:51:19 - [MESSAGE][PASSED] - projectSpecific.Reusability.getTestData is PASSED

2018-06-14 17:51:39 - [MESSAGE][PASSED] - uiaction.CommonUIActions.enter is PASSED

2018-06-14 17:51:39 - [TEST_STEP][PASSED] - uiaction.CommonUIActions.enter: uiaction.CommonUIActions.enter is PASSED

2018-06-14 17:51:39 - [MESSAGE][PASSED] - projectSpecific.Reusability.getTestData is PASSED

2018-06-14 17:52:00 - [MESSAGE][PASSED] - uiaction.CommonUIActions.enter is PASSED

2018-06-14 17:52:00 - [TEST_STEP][PASSED] - Statement - group1 = CustomKeywords.projectSpecific.Reusability.getTestData("ReportingGroupManagementPage", "Summarygrpname1"): projectSpecific.Reusability.getTestData is PASSED

2018-06-14 17:52:00 - [MESSAGE][PASSED] - projectSpecific.Reusability.getTestData is PASSED

2018-06-14 17:52:00 - [TEST_STEP][PASSED] - Statement - group2 = CustomKeywords.projectSpecific.Reusability.getTestData("ReportingGroupManagementPage", "Summarygrpname2"): projectSpecific.Reusability.getTestData is PASSED

2018-06-14 17:52:00 - [MESSAGE][PASSED] - projectSpecific.Reusability.getTestData is PASSED

2018-06-14 17:52:00 - [TEST_STEP][PASSED] - Statement - groupmain = CustomKeywords.projectSpecific.Reusability.getTestData("ReportingGroupManagementPage", "Summarygrp"): projectSpecific.Reusability.getTestData is PASSED

2018-06-14 17:52:00 - [MESSAGE][PASSED] - projectSpecific.Reusability.getTestData is PASSED

2018-06-14 17:52:00 - [TEST_STEP][PASSED] - delay: Delayed 10 second(s)

2018-06-14 17:52:10 - [MESSAGE][PASSED] - Delayed 10 second(s)

2018-06-14 17:52:10 - [TEST_STEP][PASSED] - Statement - driver = com.kms.katalon.core.webui.driver.DriverFactory.getWebDriver(): null

2018-06-14 17:52:10 - [TEST_STEP][PASSED] - Statement - grouplist = driver.findElements(org.openqa.selenium.By.xpath("//ul[@class='unlinked-grouplist']/li")): null

2018-06-14 17:52:10 - [TEST_STEP][PASSED] - delay: Delayed 10 second(s)

2018-06-14 17:52:20 - [MESSAGE][PASSED] - Delayed 10 second(s)

2018-06-14 17:52:20 - [TEST_STEP][PASSED] - Statement - For ([i = 0, i < grouplist.size(), (i++)]): null

2018-06-14 17:52:20 - [TEST_STEP][PASSED] - delay: Delayed 10 second(s)

2018-06-14 17:52:30 - [MESSAGE][PASSED] - Delayed 10 second(s)

2018-06-14 17:52:30 - [TEST_STEP][PASSED] - uiaction.CommonUIActions.click: uiaction.CommonUIActions.click is PASSED

2018-06-14 17:52:50 - [MESSAGE][PASSED] - uiaction.CommonUIActions.click is PASSED

2018-06-14 17:52:50 - [TEST_STEP][PASSED] - uiaction.CommonUIActions.click: uiaction.CommonUIActions.click is PASSED

2018-06-14 17:53:10 - [MESSAGE][PASSED] - uiaction.CommonUIActions.click is PASSED

2018-06-14 17:53:10 - [TEST_STEP][PASSED] - delay: Delayed 10 second(s)

2018-06-14 17:53:20 - [MESSAGE][PASSED] - Delayed 10 second(s)

2018-06-14 17:53:20 - [TEST_STEP][PASSED] - uiaction.CommonUIActions.click: uiaction.CommonUIActions.click is PASSED

2018-06-14 17:53:22 - [MESSAGE][PASSED] - uiaction.CommonUIActions.click is PASSED

2018-06-14 17:53:22 - [TEST_STEP][PASSED] - delay: Delayed 10 second(s)

2018-06-14 17:53:32 - [MESSAGE][PASSED] - Delayed 10 second(s)

2018-06-14 17:53:32 - [TEST_STEP][PASSED] - Statement - driver.findElement(org.openqa.selenium.By.xpath("//span[contains(text(),'" + groupmain + "')]/../../../../span[1]")).click(): null

2018-06-14 17:53:32 - [TEST_STEP][PASSED] - Statement - Catch (Exception e): null

2018-06-14 17:53:32 - [TEST_STEP][PASSED] - Statement - e.printStackTrace(): null

2018-06-14 17:53:32 - [TEST_STEP][PASSED] - Statement - println("Exception of element not found"): null

2018-06-14 17:53:32 - [TEST_STEP][PASSED] - Statement - If (TCflag): null

2018-06-14 17:53:32 - [TEST_STEP][PASSED] - Statement - assert TCflag == true: null

2018-06-14 17:53:32 - [TEST_STEP][PASSED] - Start listener action : sampleAfterTestCase: Browser is closed

2018-06-14 17:53:32 - [TEST_STEP][PASSED] - Statement - println(testCaseContext.getTestCaseId()): null

2018-06-14 17:53:32 - [TEST_STEP][PASSED] - Statement - println(testCaseContext.getTestCaseStatus()): null

2018-06-14 17:53:32 - [TEST_STEP][PASSED] - closeBrowser: Browser is closed

2018-06-14 17:53:33 - [MESSAGE][PASSED] - Browser is closed]]></system-out>
         <system-err><![CDATA[2018-06-14 17:47:18 - [TEST_CASE][FAILED] - Test Cases/GoalStatisticsTC/HME-Goal Statistics Report-01: Test Cases/GoalStatisticsTC/HME-Goal Statistics Report-01 FAILED because (of) com.kms.katalon.core.webui.exception.WebElementNotFoundException: Web element with id: 'Object Repository/SummarizedReportPage/SummaryReportheader' located by 'By.xpath: //header[contains(text(),'Summary Reports')]' not found]]></system-err>
      </testcase>
      <testcase name="Test Cases/GoalStatisticsTC/HME-Goal Statistics Report-05" classname="Test Cases/GoalStatisticsTC/HME-Goal Statistics Report-05" status="FAILED">
         <failure type="FAILED" message="org.codehaus.groovy.runtime.powerassert.PowerAssertionError: assert TCflag==true
       |     |
       false false"/>
         <system-out><![CDATA[2018-06-14 17:53:33 - [TEST_CASE][FAILED] - Test Cases/GoalStatisticsTC/HME-Goal Statistics Report-05: Test Cases/GoalStatisticsTC/HME-Goal Statistics Report-05 FAILED because (of) org.codehaus.groovy.runtime.powerassert.PowerAssertionError: assert TCflag==true
       |     |
       false false

2018-06-14 17:53:33 - [TEST_STEP][PASSED] - Start listener action : sampleBeforeTestCase: uiaction.CommonUIActions.deleteAllCookies is PASSED

2018-06-14 17:53:33 - [TEST_STEP][PASSED] - openBrowser: Browser is opened with url: ''

2018-06-14 17:53:35 - [MESSAGE][PASSED] - Browser is opened with url: ''

2018-06-14 17:53:35 - [TEST_STEP][PASSED] - maximizeWindow: Current window maximized

2018-06-14 17:53:36 - [MESSAGE][PASSED] - Current window maximized

2018-06-14 17:53:36 - [TEST_STEP][PASSED] - uiaction.CommonUIActions.deleteAllCookies: uiaction.CommonUIActions.deleteAllCookies is PASSED

2018-06-14 17:53:36 - [MESSAGE][PASSED] - Delete all cookies successfully

2018-06-14 17:53:36 - [MESSAGE][PASSED] - uiaction.CommonUIActions.deleteAllCookies is PASSED

2018-06-14 17:53:36 - [TEST_STEP][PASSED] - Statement - TCflag = true: null

2018-06-14 17:53:36 - [TEST_STEP][PASSED] - Statement - Try: null

2018-06-14 17:53:36 - [TEST_STEP][PASSED] - navigateToUrl: Navigate to 'https://hme-dev-public-cloud-app.azurewebsites.net/' successfully

2018-06-14 17:53:39 - [MESSAGE][PASSED] - Navigate to 'https://hme-dev-public-cloud-app.azurewebsites.net/' successfully

2018-06-14 17:53:39 - [TEST_STEP][PASSED] - projectSpecific.Reusability.login: projectSpecific.Reusability.login is PASSED

2018-06-14 17:53:39 - [MESSAGE][PASSED] - projectSpecific.Reusability.getTestData is PASSED

2018-06-14 17:53:39 - [MESSAGE][PASSED] - projectSpecific.Reusability.getTestData is PASSED

2018-06-14 17:53:39 - [MESSAGE][PASSED] - Text 'selvendrank@nousinfo.com' is set on object 'Object Repository/LoginPage/Username'

2018-06-14 17:53:39 - [MESSAGE][PASSED] - Text 'nous;123' is set on object 'Object Repository/LoginPage/Password'

2018-06-14 17:53:39 - [MESSAGE][PASSED] - Object: 'Object Repository/LoginPage/Login' is clicked on

2018-06-14 17:53:39 - [MESSAGE][PASSED] - projectSpecific.Reusability.login is PASSED

2018-06-14 17:53:39 - [TEST_STEP][PASSED] - delay: Delayed 10 second(s)

2018-06-14 17:53:49 - [MESSAGE][PASSED] - Delayed 10 second(s)

2018-06-14 17:53:49 - [TEST_STEP][PASSED] - uiaction.CommonUIActions.click: uiaction.CommonUIActions.click is PASSED

2018-06-14 17:54:11 - [MESSAGE][PASSED] - uiaction.CommonUIActions.click is PASSED

2018-06-14 17:54:11 - [TEST_STEP][PASSED] - delay: Delayed 10 second(s)

2018-06-14 17:54:21 - [MESSAGE][PASSED] - Delayed 10 second(s)

2018-06-14 17:54:21 - [TEST_STEP][PASSED] - uiaction.CommonUIActions.click: uiaction.CommonUIActions.click is PASSED

2018-06-14 17:54:23 - [MESSAGE][PASSED] - uiaction.CommonUIActions.click is PASSED

2018-06-14 17:54:23 - [TEST_STEP][PASSED] - delay: Delayed 10 second(s)

2018-06-14 17:54:33 - [MESSAGE][PASSED] - Delayed 10 second(s)

2018-06-14 17:54:33 - [TEST_STEP][PASSED] - Statement - storelabel = com.kms.katalon.core.webui.keyword.WebUiBuiltInKeywords.getAttribute(com.kms.katalon.core.testobject.ObjectRepository.findTestObject(StorePage/store_label), "value"): Attribute 'value' of object 'Object Repository/StorePage/store_label' is: 'McDonald5'

2018-06-14 17:54:33 - [MESSAGE][PASSED] - Attribute 'value' of object 'Object Repository/StorePage/store_label' is: 'McDonald5'

2018-06-14 17:54:33 - [TEST_STEP][PASSED] - Statement - storelabel = storelabel.trim(): null

2018-06-14 17:54:33 - [TEST_STEP][PASSED] - uiaction.CommonUIActions.click: uiaction.CommonUIActions.click is PASSED

2018-06-14 17:54:53 - [MESSAGE][PASSED] - uiaction.CommonUIActions.click is PASSED

2018-06-14 17:54:53 - [TEST_STEP][PASSED] - uiaction.CommonUIActions.click: uiaction.CommonUIActions.click is PASSED

2018-06-14 17:55:14 - [MESSAGE][PASSED] - uiaction.CommonUIActions.click is PASSED

2018-06-14 17:55:14 - [TEST_STEP][PASSED] - Statement - storenumber = CustomKeywords.uiaction.CommonUIActions.getText(com.kms.katalon.core.testobject.ObjectRepository.findTestObject(StorePage/storeID)): uiaction.CommonUIActions.getText is PASSED

2018-06-14 17:55:34 - [MESSAGE][PASSED] - uiaction.CommonUIActions.getText is PASSED

2018-06-14 17:55:34 - [TEST_STEP][PASSED] - Statement - storenumber = storenumber.trim(): null

2018-06-14 17:55:34 - [TEST_STEP][PASSED] - Statement - out.println(" the store number is--" + storenumber.trim()): null

2018-06-14 17:55:34 - [TEST_STEP][PASSED] - Statement - driver = com.kms.katalon.core.webui.driver.DriverFactory.getWebDriver(): null

2018-06-14 17:55:34 - [TEST_STEP][PASSED] - delay: Delayed 10 second(s)

2018-06-14 17:55:44 - [MESSAGE][PASSED] - Delayed 10 second(s)

2018-06-14 17:55:44 - [TEST_STEP][PASSED] - uiaction.CommonUIActions.click: uiaction.CommonUIActions.click is PASSED

2018-06-14 17:55:44 - [MESSAGE][PASSED] - uiaction.CommonUIActions.click is PASSED

2018-06-14 17:55:44 - [TEST_STEP][PASSED] - delay: Delayed 10 second(s)

2018-06-14 17:55:54 - [MESSAGE][PASSED] - Delayed 10 second(s)

2018-06-14 17:55:54 - [TEST_STEP][PASSED] - uiaction.CommonUIActions.click: uiaction.CommonUIActions.click is PASSED

2018-06-14 17:55:54 - [MESSAGE][PASSED] - uiaction.CommonUIActions.click is PASSED

2018-06-14 17:55:54 - [TEST_STEP][PASSED] - delay: Delayed 10 second(s)

2018-06-14 17:56:04 - [MESSAGE][PASSED] - Delayed 10 second(s)

2018-06-14 17:56:04 - [TEST_STEP][PASSED] - uiaction.CommonUIActions.click: uiaction.CommonUIActions.click is PASSED

2018-06-14 17:56:04 - [MESSAGE][PASSED] - uiaction.CommonUIActions.click is PASSED

2018-06-14 17:56:04 - [TEST_STEP][PASSED] - uiaction.CommonUIActions.click: uiaction.CommonUIActions.click is PASSED

2018-06-14 17:56:24 - [MESSAGE][PASSED] - uiaction.CommonUIActions.click is PASSED

2018-06-14 17:56:24 - [TEST_STEP][PASSED] - Statement - grpName = "AutomationGrp2": null

2018-06-14 17:56:24 - [TEST_STEP][PASSED] - uiaction.CommonUIActions.enter: uiaction.CommonUIActions.enter is PASSED

2018-06-14 17:56:25 - [MESSAGE][PASSED] - uiaction.CommonUIActions.enter is PASSED

2018-06-14 17:56:25 - [TEST_STEP][PASSED] - uiaction.CommonUIActions.enter: uiaction.CommonUIActions.enter is PASSED

2018-06-14 17:56:25 - [MESSAGE][PASSED] - projectSpecific.Reusability.getTestData is PASSED

2018-06-14 17:56:45 - [MESSAGE][PASSED] - uiaction.CommonUIActions.enter is PASSED

2018-06-14 17:56:45 - [TEST_STEP][PASSED] - delay: Delayed 10 second(s)

2018-06-14 17:56:55 - [MESSAGE][PASSED] - Delayed 10 second(s)

2018-06-14 17:56:55 - [TEST_STEP][PASSED] - Statement - storesLabel = driver.findElements(org.openqa.selenium.By.xpath(com.kms.katalon.core.testdata.TestDataFactory.findTestData(OR_file).getValue(2, 10))): Reading excel file with source file 'C:\Users\shalinin\Katalon Studio\HME_Scripts\Data Files\HME_OR.xlsx' and sheet name 'Sheet1'

2018-06-14 17:56:55 - [TEST_STEP][PASSED] - Statement - groupStoresList = new java.util.ArrayList(): null

2018-06-14 17:56:55 - [TEST_STEP][PASSED] - Statement - out.println(storesLabel.size()): null

2018-06-14 17:56:55 - [TEST_STEP][PASSED] - Statement - size = storesLabel.size(): null

2018-06-14 17:56:55 - [TEST_STEP][PASSED] - Statement - index = 0: null

2018-06-14 17:56:55 - [TEST_STEP][PASSED] - Statement - For ([i = 0, i < size, (i++)]): null

2018-06-14 17:56:55 - [TEST_STEP][PASSED] - delay: Delayed 10 second(s)

2018-06-14 17:57:05 - [MESSAGE][PASSED] - Delayed 10 second(s)

2018-06-14 17:57:05 - [TEST_STEP][PASSED] - uiaction.CommonUIActions.click: uiaction.CommonUIActions.click is PASSED

2018-06-14 17:57:25 - [MESSAGE][PASSED] - uiaction.CommonUIActions.click is PASSED

2018-06-14 17:57:25 - [TEST_STEP][PASSED] - uiaction.CommonUIActions.click: uiaction.CommonUIActions.click is PASSED

2018-06-14 17:57:46 - [MESSAGE][PASSED] - uiaction.CommonUIActions.click is PASSED

2018-06-14 17:57:46 - [TEST_STEP][PASSED] - delay: Delayed 10 second(s)

2018-06-14 17:57:56 - [MESSAGE][PASSED] - Delayed 10 second(s)

2018-06-14 17:57:56 - [TEST_STEP][PASSED] - uiaction.CommonUIActions.back: uiaction.CommonUIActions.back is PASSED

2018-06-14 17:57:56 - [MESSAGE][PASSED] - Navigate back successfully

2018-06-14 17:57:56 - [MESSAGE][PASSED] - uiaction.CommonUIActions.back is PASSED

2018-06-14 17:57:56 - [TEST_STEP][PASSED] - delay: Delayed 10 second(s)

2018-06-14 17:58:06 - [MESSAGE][PASSED] - Delayed 10 second(s)

2018-06-14 17:58:06 - [TEST_STEP][PASSED] - uiaction.CommonUIActions.click: uiaction.CommonUIActions.click is PASSED

2018-06-14 17:58:06 - [MESSAGE][PASSED] - uiaction.CommonUIActions.click is PASSED

2018-06-14 17:58:06 - [TEST_STEP][PASSED] - delay: Delayed 15 second(s)

2018-06-14 17:58:21 - [MESSAGE][PASSED] - Delayed 15 second(s)

2018-06-14 17:58:21 - [TEST_STEP][PASSED] - Statement - driver.findElement(org.openqa.selenium.By.xpath("//li/span/span/div/span[@class='StoreTitile'][text()='" + grpName + "']/../../../../span[1]")).click(): null

2018-06-14 17:58:21 - [TEST_STEP][PASSED] - Statement - Catch (Exception e): null

2018-06-14 17:58:21 - [TEST_STEP][PASSED] - Statement - e.printStackTrace(): null

2018-06-14 17:58:21 - [TEST_STEP][PASSED] - Statement - println("Exception of element not found"): null

2018-06-14 17:58:21 - [TEST_STEP][PASSED] - Statement - If (TCflag): null

2018-06-14 17:58:21 - [TEST_STEP][PASSED] - Statement - assert TCflag == true: null

2018-06-14 17:58:21 - [TEST_STEP][PASSED] - Start listener action : sampleAfterTestCase: Browser is closed

2018-06-14 17:58:21 - [TEST_STEP][PASSED] - Statement - println(testCaseContext.getTestCaseId()): null

2018-06-14 17:58:21 - [TEST_STEP][PASSED] - Statement - println(testCaseContext.getTestCaseStatus()): null

2018-06-14 17:58:21 - [TEST_STEP][PASSED] - closeBrowser: Browser is closed

2018-06-14 17:58:22 - [MESSAGE][PASSED] - Browser is closed]]></system-out>
         <system-err><![CDATA[2018-06-14 17:53:33 - [TEST_CASE][FAILED] - Test Cases/GoalStatisticsTC/HME-Goal Statistics Report-05: Test Cases/GoalStatisticsTC/HME-Goal Statistics Report-05 FAILED because (of) org.codehaus.groovy.runtime.powerassert.PowerAssertionError: assert TCflag==true
       |     |
       false false]]></system-err>
      </testcase>
      <testcase name="Test Cases/GoalStatisticsTC/HME-Goal Statistics Report-06" classname="Test Cases/GoalStatisticsTC/HME-Goal Statistics Report-06" status="FAILED">
         <failure type="FAILED" message="org.codehaus.groovy.runtime.powerassert.PowerAssertionError: assert TCflag==true
       |     |
       false false"/>
         <system-out><![CDATA[2018-06-14 17:58:22 - [TEST_CASE][FAILED] - Test Cases/GoalStatisticsTC/HME-Goal Statistics Report-06: Test Cases/GoalStatisticsTC/HME-Goal Statistics Report-06 FAILED because (of) org.codehaus.groovy.runtime.powerassert.PowerAssertionError: assert TCflag==true
       |     |
       false false

2018-06-14 17:58:22 - [TEST_STEP][PASSED] - Start listener action : sampleBeforeTestCase: uiaction.CommonUIActions.deleteAllCookies is PASSED

2018-06-14 17:58:22 - [TEST_STEP][PASSED] - openBrowser: Browser is opened with url: ''

2018-06-14 17:58:24 - [MESSAGE][PASSED] - Browser is opened with url: ''

2018-06-14 17:58:24 - [TEST_STEP][PASSED] - maximizeWindow: Current window maximized

2018-06-14 17:58:25 - [MESSAGE][PASSED] - Current window maximized

2018-06-14 17:58:25 - [TEST_STEP][PASSED] - uiaction.CommonUIActions.deleteAllCookies: uiaction.CommonUIActions.deleteAllCookies is PASSED

2018-06-14 17:58:25 - [MESSAGE][PASSED] - Delete all cookies successfully

2018-06-14 17:58:25 - [MESSAGE][PASSED] - uiaction.CommonUIActions.deleteAllCookies is PASSED

2018-06-14 17:58:25 - [TEST_STEP][PASSED] - Statement - TCflag = true: null

2018-06-14 17:58:25 - [TEST_STEP][PASSED] - Statement - Try: null

2018-06-14 17:58:25 - [TEST_STEP][PASSED] - navigateToUrl: Navigate to 'https://hme-dev-public-cloud-app.azurewebsites.net/' successfully

2018-06-14 17:58:28 - [MESSAGE][PASSED] - Navigate to 'https://hme-dev-public-cloud-app.azurewebsites.net/' successfully

2018-06-14 17:58:28 - [TEST_STEP][PASSED] - projectSpecific.Reusability.login: projectSpecific.Reusability.login is PASSED

2018-06-14 17:58:28 - [MESSAGE][PASSED] - projectSpecific.Reusability.getTestData is PASSED

2018-06-14 17:58:28 - [MESSAGE][PASSED] - projectSpecific.Reusability.getTestData is PASSED

2018-06-14 17:58:28 - [MESSAGE][PASSED] - Text 'selvendrank@nousinfo.com' is set on object 'Object Repository/LoginPage/Username'

2018-06-14 17:58:28 - [MESSAGE][PASSED] - Text 'nous;123' is set on object 'Object Repository/LoginPage/Password'

2018-06-14 17:58:28 - [MESSAGE][PASSED] - Object: 'Object Repository/LoginPage/Login' is clicked on

2018-06-14 17:58:28 - [MESSAGE][PASSED] - projectSpecific.Reusability.login is PASSED

2018-06-14 17:58:28 - [TEST_STEP][PASSED] - delay: Delayed 10 second(s)

2018-06-14 17:58:38 - [MESSAGE][PASSED] - Delayed 10 second(s)

2018-06-14 17:58:38 - [TEST_STEP][PASSED] - uiaction.CommonUIActions.click: uiaction.CommonUIActions.click is PASSED

2018-06-14 17:58:59 - [MESSAGE][PASSED] - uiaction.CommonUIActions.click is PASSED

2018-06-14 17:58:59 - [TEST_STEP][PASSED] - delay: Delayed 10 second(s)

2018-06-14 17:59:09 - [MESSAGE][PASSED] - Delayed 10 second(s)

2018-06-14 17:59:09 - [TEST_STEP][PASSED] - uiaction.CommonUIActions.click: uiaction.CommonUIActions.click is PASSED

2018-06-14 17:59:11 - [MESSAGE][PASSED] - uiaction.CommonUIActions.click is PASSED

2018-06-14 17:59:11 - [TEST_STEP][PASSED] - delay: Delayed 10 second(s)

2018-06-14 17:59:21 - [MESSAGE][PASSED] - Delayed 10 second(s)

2018-06-14 17:59:21 - [TEST_STEP][PASSED] - Statement - storelabel = com.kms.katalon.core.webui.keyword.WebUiBuiltInKeywords.getAttribute(com.kms.katalon.core.testobject.ObjectRepository.findTestObject(StorePage/store_label), "value"): Attribute 'value' of object 'Object Repository/StorePage/store_label' is: 'McDonald5'

2018-06-14 17:59:21 - [MESSAGE][PASSED] - Attribute 'value' of object 'Object Repository/StorePage/store_label' is: 'McDonald5'

2018-06-14 17:59:21 - [TEST_STEP][PASSED] - Statement - storelabel = storelabel.trim(): null

2018-06-14 17:59:21 - [TEST_STEP][PASSED] - uiaction.CommonUIActions.click: uiaction.CommonUIActions.click is PASSED

2018-06-14 17:59:42 - [MESSAGE][PASSED] - uiaction.CommonUIActions.click is PASSED

2018-06-14 17:59:42 - [TEST_STEP][PASSED] - uiaction.CommonUIActions.click: uiaction.CommonUIActions.click is PASSED

2018-06-14 18:00:02 - [MESSAGE][PASSED] - uiaction.CommonUIActions.click is PASSED

2018-06-14 18:00:02 - [TEST_STEP][PASSED] - Statement - storenumber = CustomKeywords.uiaction.CommonUIActions.getText(com.kms.katalon.core.testobject.ObjectRepository.findTestObject(StorePage/storeID)): uiaction.CommonUIActions.getText is PASSED

2018-06-14 18:00:23 - [MESSAGE][PASSED] - uiaction.CommonUIActions.getText is PASSED

2018-06-14 18:00:23 - [TEST_STEP][PASSED] - Statement - storenumber = storenumber.trim(): null

2018-06-14 18:00:23 - [TEST_STEP][PASSED] - Statement - out.println(" the store number is--" + storenumber.trim()): null

2018-06-14 18:00:23 - [TEST_STEP][PASSED] - Statement - driver = com.kms.katalon.core.webui.driver.DriverFactory.getWebDriver(): null

2018-06-14 18:00:23 - [TEST_STEP][PASSED] - delay: Delayed 10 second(s)

2018-06-14 18:00:33 - [MESSAGE][PASSED] - Delayed 10 second(s)

2018-06-14 18:00:33 - [TEST_STEP][PASSED] - uiaction.CommonUIActions.click: uiaction.CommonUIActions.click is PASSED

2018-06-14 18:00:33 - [MESSAGE][PASSED] - uiaction.CommonUIActions.click is PASSED

2018-06-14 18:00:33 - [TEST_STEP][PASSED] - uiaction.CommonUIActions.click: uiaction.CommonUIActions.click is PASSED

2018-06-14 18:00:33 - [MESSAGE][PASSED] - uiaction.CommonUIActions.click is PASSED

2018-06-14 18:00:33 - [TEST_STEP][PASSED] - uiaction.CommonUIActions.click: uiaction.CommonUIActions.click is PASSED

2018-06-14 18:00:33 - [MESSAGE][PASSED] - uiaction.CommonUIActions.click is PASSED

2018-06-14 18:00:33 - [TEST_STEP][PASSED] - uiaction.CommonUIActions.click: uiaction.CommonUIActions.click is PASSED

2018-06-14 18:00:53 - [MESSAGE][PASSED] - uiaction.CommonUIActions.click is PASSED

2018-06-14 18:00:53 - [TEST_STEP][PASSED] - Statement - grpName = "AutomationGrp3": null

2018-06-14 18:00:53 - [TEST_STEP][PASSED] - uiaction.CommonUIActions.enter: uiaction.CommonUIActions.enter is PASSED

2018-06-14 18:00:53 - [MESSAGE][PASSED] - uiaction.CommonUIActions.enter is PASSED

2018-06-14 18:00:53 - [TEST_STEP][PASSED] - uiaction.CommonUIActions.enter: uiaction.CommonUIActions.enter is PASSED

2018-06-14 18:00:53 - [MESSAGE][PASSED] - projectSpecific.Reusability.getTestData is PASSED

2018-06-14 18:01:14 - [MESSAGE][PASSED] - uiaction.CommonUIActions.enter is PASSED

2018-06-14 18:01:14 - [TEST_STEP][PASSED] - delay: Delayed 10 second(s)

2018-06-14 18:01:24 - [MESSAGE][PASSED] - Delayed 10 second(s)

2018-06-14 18:01:24 - [TEST_STEP][PASSED] - Statement - storesLabel = driver.findElements(org.openqa.selenium.By.xpath(com.kms.katalon.core.testdata.TestDataFactory.findTestData(OR_file).getValue(2, 10))): Reading excel file with source file 'C:\Users\shalinin\Katalon Studio\HME_Scripts\Data Files\HME_OR.xlsx' and sheet name 'Sheet1'

2018-06-14 18:01:24 - [TEST_STEP][PASSED] - Statement - groupStoresList = new java.util.ArrayList(): null

2018-06-14 18:01:24 - [TEST_STEP][PASSED] - Statement - out.println(storesLabel.size()): null

2018-06-14 18:01:24 - [TEST_STEP][PASSED] - Statement - size = storesLabel.size(): null

2018-06-14 18:01:24 - [TEST_STEP][PASSED] - Statement - index = 0: null

2018-06-14 18:01:24 - [TEST_STEP][PASSED] - Statement - For ([i = 0, i < size, (i++)]): null

2018-06-14 18:01:24 - [TEST_STEP][PASSED] - delay: Delayed 10 second(s)

2018-06-14 18:01:34 - [MESSAGE][PASSED] - Delayed 10 second(s)

2018-06-14 18:01:34 - [TEST_STEP][PASSED] - uiaction.CommonUIActions.click: uiaction.CommonUIActions.click is PASSED

2018-06-14 18:01:54 - [MESSAGE][PASSED] - uiaction.CommonUIActions.click is PASSED

2018-06-14 18:01:54 - [TEST_STEP][PASSED] - uiaction.CommonUIActions.click: uiaction.CommonUIActions.click is PASSED

2018-06-14 18:02:14 - [MESSAGE][PASSED] - uiaction.CommonUIActions.click is PASSED

2018-06-14 18:02:14 - [TEST_STEP][PASSED] - delay: Delayed 10 second(s)

2018-06-14 18:02:24 - [MESSAGE][PASSED] - Delayed 10 second(s)

2018-06-14 18:02:24 - [TEST_STEP][PASSED] - uiaction.CommonUIActions.back: uiaction.CommonUIActions.back is PASSED

2018-06-14 18:02:24 - [MESSAGE][PASSED] - Navigate back successfully

2018-06-14 18:02:24 - [MESSAGE][PASSED] - uiaction.CommonUIActions.back is PASSED

2018-06-14 18:02:24 - [TEST_STEP][PASSED] - delay: Delayed 5 second(s)

2018-06-14 18:02:29 - [MESSAGE][PASSED] - Delayed 5 second(s)

2018-06-14 18:02:29 - [TEST_STEP][PASSED] - uiaction.CommonUIActions.back: uiaction.CommonUIActions.back is PASSED

2018-06-14 18:02:30 - [MESSAGE][PASSED] - Navigate back successfully

2018-06-14 18:02:30 - [MESSAGE][PASSED] - uiaction.CommonUIActions.back is PASSED

2018-06-14 18:02:30 - [TEST_STEP][PASSED] - delay: Delayed 10 second(s)

2018-06-14 18:02:40 - [MESSAGE][PASSED] - Delayed 10 second(s)

2018-06-14 18:02:40 - [TEST_STEP][PASSED] - uiaction.CommonUIActions.click: uiaction.CommonUIActions.click is PASSED

2018-06-14 18:02:41 - [MESSAGE][PASSED] - uiaction.CommonUIActions.click is PASSED

2018-06-14 18:02:41 - [TEST_STEP][PASSED] - delay: Delayed 10 second(s)

2018-06-14 18:02:51 - [MESSAGE][PASSED] - Delayed 10 second(s)

2018-06-14 18:02:51 - [TEST_STEP][PASSED] - Statement - driver.findElement(org.openqa.selenium.By.xpath("//li/span/span/div/span[@class='StoreTitile'][text()='" + grpName + "']/../../../../span[1]")).click(): null

2018-06-14 18:02:51 - [TEST_STEP][PASSED] - Statement - Catch (Exception e): null

2018-06-14 18:02:51 - [TEST_STEP][PASSED] - Statement - e.printStackTrace(): null

2018-06-14 18:02:51 - [TEST_STEP][PASSED] - Statement - println("Exception of element not found"): null

2018-06-14 18:02:51 - [TEST_STEP][PASSED] - Statement - If (TCflag): null

2018-06-14 18:02:51 - [TEST_STEP][PASSED] - Statement - assert TCflag == true: null

2018-06-14 18:02:51 - [TEST_STEP][PASSED] - Start listener action : sampleAfterTestCase: Browser is closed

2018-06-14 18:02:51 - [TEST_STEP][PASSED] - Statement - println(testCaseContext.getTestCaseId()): null

2018-06-14 18:02:51 - [TEST_STEP][PASSED] - Statement - println(testCaseContext.getTestCaseStatus()): null

2018-06-14 18:02:51 - [TEST_STEP][PASSED] - closeBrowser: Browser is closed

2018-06-14 18:02:52 - [MESSAGE][PASSED] - Browser is closed]]></system-out>
         <system-err><![CDATA[2018-06-14 17:58:22 - [TEST_CASE][FAILED] - Test Cases/GoalStatisticsTC/HME-Goal Statistics Report-06: Test Cases/GoalStatisticsTC/HME-Goal Statistics Report-06 FAILED because (of) org.codehaus.groovy.runtime.powerassert.PowerAssertionError: assert TCflag==true
       |     |
       false false]]></system-err>
      </testcase>
      <testcase name="Test Cases/GoalStatisticsTC/HME-Goal Statistics Report-07" classname="Test Cases/GoalStatisticsTC/HME-Goal Statistics Report-07" status="FAILED">
         <failure type="FAILED" message="com.kms.katalon.core.webui.exception.WebElementNotFoundException: Web element with id: 'Object Repository/SummarizedReportPage/SummaryReportheader' located by 'By.xpath: //header[contains(text(),'Summary Reports')]' not found"/>
         <system-out><![CDATA[2018-06-14 18:02:52 - [TEST_CASE][FAILED] - Test Cases/GoalStatisticsTC/HME-Goal Statistics Report-07: Test Cases/GoalStatisticsTC/HME-Goal Statistics Report-07 FAILED because (of) com.kms.katalon.core.webui.exception.WebElementNotFoundException: Web element with id: 'Object Repository/SummarizedReportPage/SummaryReportheader' located by 'By.xpath: //header[contains(text(),'Summary Reports')]' not found

2018-06-14 18:02:52 - [TEST_STEP][PASSED] - Start listener action : sampleBeforeTestCase: uiaction.CommonUIActions.deleteAllCookies is PASSED

2018-06-14 18:02:52 - [TEST_STEP][PASSED] - openBrowser: Browser is opened with url: ''

2018-06-14 18:02:54 - [MESSAGE][PASSED] - Browser is opened with url: ''

2018-06-14 18:02:54 - [TEST_STEP][PASSED] - maximizeWindow: Current window maximized

2018-06-14 18:02:55 - [MESSAGE][PASSED] - Current window maximized

2018-06-14 18:02:55 - [TEST_STEP][PASSED] - uiaction.CommonUIActions.deleteAllCookies: uiaction.CommonUIActions.deleteAllCookies is PASSED

2018-06-14 18:02:55 - [MESSAGE][PASSED] - Delete all cookies successfully

2018-06-14 18:02:55 - [MESSAGE][PASSED] - uiaction.CommonUIActions.deleteAllCookies is PASSED

2018-06-14 18:02:55 - [TEST_STEP][PASSED] - Statement - TCflag = true: null

2018-06-14 18:02:55 - [TEST_STEP][FAILED] - Statement - Try: null

2018-06-14 18:02:55 - [TEST_STEP][PASSED] - navigateToUrl: Navigate to 'https://hme-dev-public-cloud-app.azurewebsites.net/' successfully

2018-06-14 18:02:58 - [MESSAGE][PASSED] - Navigate to 'https://hme-dev-public-cloud-app.azurewebsites.net/' successfully

2018-06-14 18:02:58 - [TEST_STEP][PASSED] - projectSpecific.Reusability.login: projectSpecific.Reusability.login is PASSED

2018-06-14 18:02:58 - [MESSAGE][PASSED] - projectSpecific.Reusability.getTestData is PASSED

2018-06-14 18:02:58 - [MESSAGE][PASSED] - projectSpecific.Reusability.getTestData is PASSED

2018-06-14 18:02:58 - [MESSAGE][PASSED] - Text 'selvendrank@nousinfo.com' is set on object 'Object Repository/LoginPage/Username'

2018-06-14 18:02:59 - [MESSAGE][PASSED] - Text 'nous;123' is set on object 'Object Repository/LoginPage/Password'

2018-06-14 18:02:59 - [MESSAGE][PASSED] - Object: 'Object Repository/LoginPage/Login' is clicked on

2018-06-14 18:02:59 - [MESSAGE][PASSED] - projectSpecific.Reusability.login is PASSED

2018-06-14 18:02:59 - [TEST_STEP][PASSED] - delay: Delayed 10 second(s)

2018-06-14 18:03:09 - [MESSAGE][PASSED] - Delayed 10 second(s)

2018-06-14 18:03:09 - [TEST_STEP][PASSED] - uiaction.CommonUIActions.click: uiaction.CommonUIActions.click is PASSED

2018-06-14 18:03:30 - [MESSAGE][PASSED] - uiaction.CommonUIActions.click is PASSED

2018-06-14 18:03:30 - [TEST_STEP][PASSED] - uiaction.CommonUIActions.click: uiaction.CommonUIActions.click is PASSED

2018-06-14 18:03:32 - [MESSAGE][PASSED] - uiaction.CommonUIActions.click is PASSED

2018-06-14 18:03:32 - [TEST_STEP][PASSED] - uiaction.CommonUIActions.click: uiaction.CommonUIActions.click is PASSED

2018-06-14 18:03:53 - [MESSAGE][PASSED] - uiaction.CommonUIActions.click is PASSED

2018-06-14 18:03:53 - [TEST_STEP][PASSED] - uiaction.CommonUIActions.click: uiaction.CommonUIActions.click is PASSED

2018-06-14 18:04:13 - [MESSAGE][PASSED] - uiaction.CommonUIActions.click is PASSED

2018-06-14 18:04:13 - [TEST_STEP][PASSED] - delay: Delayed 10 second(s)

2018-06-14 18:04:23 - [MESSAGE][PASSED] - Delayed 10 second(s)

2018-06-14 18:04:23 - [TEST_STEP][PASSED] - Statement - storenumber = CustomKeywords.uiaction.CommonUIActions.getText(com.kms.katalon.core.testobject.ObjectRepository.findTestObject(StorePage/storeID)): uiaction.CommonUIActions.getText is PASSED

2018-06-14 18:04:43 - [MESSAGE][PASSED] - uiaction.CommonUIActions.getText is PASSED

2018-06-14 18:04:43 - [TEST_STEP][PASSED] - Statement - out.println(" the store number is--" + storenumber.trim()): null

2018-06-14 18:04:43 - [TEST_STEP][PASSED] - uiaction.CommonUIActions.click: uiaction.CommonUIActions.click is PASSED

2018-06-14 18:04:44 - [MESSAGE][PASSED] - uiaction.CommonUIActions.click is PASSED

2018-06-14 18:04:44 - [TEST_STEP][FAILED] - verifyElementPresent: com.kms.katalon.core.webui.exception.WebElementNotFoundException: Web element with id: 'Object Repository/SummarizedReportPage/SummaryReportheader' located by 'By.xpath: //header[contains(text(),'Summary Reports')]' not found

2018-06-14 18:04:54 - [MESSAGE][FAILED] - com.kms.katalon.core.webui.exception.WebElementNotFoundException: Web element with id: 'Object Repository/SummarizedReportPage/SummaryReportheader' located by 'By.xpath: //header[contains(text(),'Summary Reports')]' not found
[[ATTACHMENT|C:\\Users\\shalinin\\Katalon Studio\\HME_Scripts\\Reports\\RegressionSuite\\20180614_164441\\1528979694184.png]]

2018-06-14 18:04:54 - [TEST_STEP][PASSED] - Statement - println("Summary Reports screen will be displayed"): null

2018-06-14 18:04:54 - [TEST_STEP][PASSED] - uiaction.CommonUIActions.click: uiaction.CommonUIActions.click is PASSED

2018-06-14 18:04:54 - [MESSAGE][PASSED] - uiaction.CommonUIActions.click is PASSED

2018-06-14 18:04:54 - [TEST_STEP][PASSED] - uiaction.CommonUIActions.click: uiaction.CommonUIActions.click is PASSED

2018-06-14 18:04:54 - [MESSAGE][PASSED] - uiaction.CommonUIActions.click is PASSED

2018-06-14 18:04:54 - [TEST_STEP][PASSED] - uiaction.CommonUIActions.click: uiaction.CommonUIActions.click is PASSED

2018-06-14 18:04:54 - [MESSAGE][PASSED] - uiaction.CommonUIActions.click is PASSED

2018-06-14 18:04:54 - [TEST_STEP][PASSED] - uiaction.CommonUIActions.click: uiaction.CommonUIActions.click is PASSED

2018-06-14 18:05:14 - [MESSAGE][PASSED] - uiaction.CommonUIActions.click is PASSED

2018-06-14 18:05:14 - [TEST_STEP][PASSED] - uiaction.CommonUIActions.enter: uiaction.CommonUIActions.enter is PASSED

2018-06-14 18:05:14 - [MESSAGE][PASSED] - projectSpecific.Reusability.getTestData is PASSED

2018-06-14 18:05:15 - [MESSAGE][PASSED] - uiaction.CommonUIActions.enter is PASSED

2018-06-14 18:05:15 - [TEST_STEP][PASSED] - uiaction.CommonUIActions.enter: uiaction.CommonUIActions.enter is PASSED

2018-06-14 18:05:15 - [MESSAGE][PASSED] - projectSpecific.Reusability.getTestData is PASSED

2018-06-14 18:05:35 - [MESSAGE][PASSED] - uiaction.CommonUIActions.enter is PASSED

2018-06-14 18:05:35 - [TEST_STEP][PASSED] - Statement - groupmain = CustomKeywords.projectSpecific.Reusability.getTestData("ReportingGroupManagementPage", "Summarygrp"): projectSpecific.Reusability.getTestData is PASSED

2018-06-14 18:05:35 - [MESSAGE][PASSED] - projectSpecific.Reusability.getTestData is PASSED

2018-06-14 18:05:35 - [TEST_STEP][PASSED] - delay: Delayed 10 second(s)

2018-06-14 18:05:45 - [MESSAGE][PASSED] - Delayed 10 second(s)

2018-06-14 18:05:45 - [TEST_STEP][PASSED] - Statement - driver = com.kms.katalon.core.webui.driver.DriverFactory.getWebDriver(): null

2018-06-14 18:05:45 - [TEST_STEP][PASSED] - Statement - grouplist = driver.findElements(org.openqa.selenium.By.xpath("//ul[@class='unlinked-grouplist']/li")): null

2018-06-14 18:05:45 - [TEST_STEP][PASSED] - delay: Delayed 10 second(s)

2018-06-14 18:05:55 - [MESSAGE][PASSED] - Delayed 10 second(s)

2018-06-14 18:05:55 - [TEST_STEP][PASSED] - Statement - For ([i = 0, i < grouplist.size(), (i++)]): null

2018-06-14 18:05:55 - [TEST_STEP][PASSED] - delay: Delayed 10 second(s)

2018-06-14 18:06:05 - [MESSAGE][PASSED] - Delayed 10 second(s)

2018-06-14 18:06:05 - [TEST_STEP][PASSED] - uiaction.CommonUIActions.click: uiaction.CommonUIActions.click is PASSED

2018-06-14 18:06:25 - [MESSAGE][PASSED] - uiaction.CommonUIActions.click is PASSED

2018-06-14 18:06:25 - [TEST_STEP][PASSED] - uiaction.CommonUIActions.click: uiaction.CommonUIActions.click is PASSED

2018-06-14 18:06:46 - [MESSAGE][PASSED] - uiaction.CommonUIActions.click is PASSED

2018-06-14 18:06:46 - [TEST_STEP][PASSED] - delay: Delayed 10 second(s)

2018-06-14 18:06:56 - [MESSAGE][PASSED] - Delayed 10 second(s)

2018-06-14 18:06:56 - [TEST_STEP][PASSED] - uiaction.CommonUIActions.click: uiaction.CommonUIActions.click is PASSED

2018-06-14 18:06:56 - [MESSAGE][PASSED] - uiaction.CommonUIActions.click is PASSED

2018-06-14 18:06:56 - [TEST_STEP][PASSED] - delay: Delayed 10 second(s)

2018-06-14 18:07:06 - [MESSAGE][PASSED] - Delayed 10 second(s)

2018-06-14 18:07:06 - [TEST_STEP][PASSED] - Statement - driver.findElement(org.openqa.selenium.By.xpath("//span[contains(text(),'" + groupmain + "')]/../../../../span[1]")).click(): null

2018-06-14 18:07:06 - [TEST_STEP][PASSED] - Statement - Catch (Exception e): null

2018-06-14 18:07:06 - [TEST_STEP][PASSED] - Statement - e.printStackTrace(): null

2018-06-14 18:07:06 - [TEST_STEP][PASSED] - Statement - println("Exception of element not found"): null

2018-06-14 18:07:06 - [TEST_STEP][PASSED] - Statement - If (TCflag): null

2018-06-14 18:07:06 - [TEST_STEP][PASSED] - Statement - assert TCflag == true: null

2018-06-14 18:07:06 - [TEST_STEP][PASSED] - Start listener action : sampleAfterTestCase: Browser is closed

2018-06-14 18:07:06 - [TEST_STEP][PASSED] - Statement - println(testCaseContext.getTestCaseId()): null

2018-06-14 18:07:06 - [TEST_STEP][PASSED] - Statement - println(testCaseContext.getTestCaseStatus()): null

2018-06-14 18:07:06 - [TEST_STEP][PASSED] - closeBrowser: Browser is closed

2018-06-14 18:07:06 - [MESSAGE][PASSED] - Browser is closed]]></system-out>
         <system-err><![CDATA[2018-06-14 18:02:52 - [TEST_CASE][FAILED] - Test Cases/GoalStatisticsTC/HME-Goal Statistics Report-07: Test Cases/GoalStatisticsTC/HME-Goal Statistics Report-07 FAILED because (of) com.kms.katalon.core.webui.exception.WebElementNotFoundException: Web element with id: 'Object Repository/SummarizedReportPage/SummaryReportheader' located by 'By.xpath: //header[contains(text(),'Summary Reports')]' not found]]></system-err>
      </testcase>
      <testcase name="Test Cases/GoalStatisticsTC/HME-Goal Statistics Report-08" classname="Test Cases/GoalStatisticsTC/HME-Goal Statistics Report-08" status="FAILED">
         <failure type="FAILED" message="com.kms.katalon.core.webui.exception.WebElementNotFoundException: Web element with id: 'Object Repository/SummarizedReportPage/SummaryReportheader' located by 'By.xpath: //header[contains(text(),'Summary Reports')]' not found"/>
         <system-out><![CDATA[2018-06-14 18:07:06 - [TEST_CASE][FAILED] - Test Cases/GoalStatisticsTC/HME-Goal Statistics Report-08: Test Cases/GoalStatisticsTC/HME-Goal Statistics Report-08 FAILED because (of) com.kms.katalon.core.webui.exception.WebElementNotFoundException: Web element with id: 'Object Repository/SummarizedReportPage/SummaryReportheader' located by 'By.xpath: //header[contains(text(),'Summary Reports')]' not found

2018-06-14 18:07:06 - [TEST_STEP][PASSED] - Start listener action : sampleBeforeTestCase: uiaction.CommonUIActions.deleteAllCookies is PASSED

2018-06-14 18:07:06 - [TEST_STEP][PASSED] - openBrowser: Browser is opened with url: ''

2018-06-14 18:07:09 - [MESSAGE][PASSED] - Browser is opened with url: ''

2018-06-14 18:07:09 - [TEST_STEP][PASSED] - maximizeWindow: Current window maximized

2018-06-14 18:07:10 - [MESSAGE][PASSED] - Current window maximized

2018-06-14 18:07:10 - [TEST_STEP][PASSED] - uiaction.CommonUIActions.deleteAllCookies: uiaction.CommonUIActions.deleteAllCookies is PASSED

2018-06-14 18:07:10 - [MESSAGE][PASSED] - Delete all cookies successfully

2018-06-14 18:07:10 - [MESSAGE][PASSED] - uiaction.CommonUIActions.deleteAllCookies is PASSED

2018-06-14 18:07:10 - [TEST_STEP][PASSED] - Statement - TCflag = true: null

2018-06-14 18:07:10 - [TEST_STEP][FAILED] - Statement - Try: null

2018-06-14 18:07:10 - [TEST_STEP][PASSED] - navigateToUrl: Navigate to 'https://hme-dev-public-cloud-app.azurewebsites.net/' successfully

2018-06-14 18:07:13 - [MESSAGE][PASSED] - Navigate to 'https://hme-dev-public-cloud-app.azurewebsites.net/' successfully

2018-06-14 18:07:13 - [TEST_STEP][PASSED] - projectSpecific.Reusability.login: projectSpecific.Reusability.login is PASSED

2018-06-14 18:07:13 - [MESSAGE][PASSED] - projectSpecific.Reusability.getTestData is PASSED

2018-06-14 18:07:13 - [MESSAGE][PASSED] - projectSpecific.Reusability.getTestData is PASSED

2018-06-14 18:07:13 - [MESSAGE][PASSED] - Text 'selvendrank@nousinfo.com' is set on object 'Object Repository/LoginPage/Username'

2018-06-14 18:07:13 - [MESSAGE][PASSED] - Text 'nous;123' is set on object 'Object Repository/LoginPage/Password'

2018-06-14 18:07:14 - [MESSAGE][PASSED] - Object: 'Object Repository/LoginPage/Login' is clicked on

2018-06-14 18:07:14 - [MESSAGE][PASSED] - projectSpecific.Reusability.login is PASSED

2018-06-14 18:07:14 - [TEST_STEP][PASSED] - delay: Delayed 10 second(s)

2018-06-14 18:07:24 - [MESSAGE][PASSED] - Delayed 10 second(s)

2018-06-14 18:07:24 - [TEST_STEP][PASSED] - uiaction.CommonUIActions.click: uiaction.CommonUIActions.click is PASSED

2018-06-14 18:07:45 - [MESSAGE][PASSED] - uiaction.CommonUIActions.click is PASSED

2018-06-14 18:07:45 - [TEST_STEP][PASSED] - uiaction.CommonUIActions.click: uiaction.CommonUIActions.click is PASSED

2018-06-14 18:07:47 - [MESSAGE][PASSED] - uiaction.CommonUIActions.click is PASSED

2018-06-14 18:07:47 - [TEST_STEP][PASSED] - Statement - storelabel = com.kms.katalon.core.webui.keyword.WebUiBuiltInKeywords.getAttribute(com.kms.katalon.core.testobject.ObjectRepository.findTestObject(StorePage/storeName), "value"): Attribute 'value' of object 'Object Repository/StorePage/storeName' is: 'McDonald3'

2018-06-14 18:07:47 - [MESSAGE][PASSED] - Attribute 'value' of object 'Object Repository/StorePage/storeName' is: 'McDonald3'

2018-06-14 18:07:47 - [TEST_STEP][PASSED] - Statement - storelabel = storelabel.trim(): null

2018-06-14 18:07:47 - [TEST_STEP][PASSED] - Statement - out.println(" the storename is--" + storelabel.trim()): null

2018-06-14 18:07:47 - [TEST_STEP][PASSED] - delay: Delayed 5 second(s)

2018-06-14 18:07:52 - [MESSAGE][PASSED] - Delayed 5 second(s)

2018-06-14 18:07:52 - [TEST_STEP][PASSED] - uiaction.CommonUIActions.click: uiaction.CommonUIActions.click is PASSED

2018-06-14 18:08:12 - [MESSAGE][PASSED] - uiaction.CommonUIActions.click is PASSED

2018-06-14 18:08:12 - [TEST_STEP][PASSED] - uiaction.CommonUIActions.click: uiaction.CommonUIActions.click is PASSED

2018-06-14 18:08:33 - [MESSAGE][PASSED] - uiaction.CommonUIActions.click is PASSED

2018-06-14 18:08:33 - [TEST_STEP][PASSED] - Statement - storenumber = CustomKeywords.uiaction.CommonUIActions.getText(com.kms.katalon.core.testobject.ObjectRepository.findTestObject(StorePage/storeID)): uiaction.CommonUIActions.getText is PASSED

2018-06-14 18:08:53 - [MESSAGE][PASSED] - uiaction.CommonUIActions.getText is PASSED

2018-06-14 18:08:53 - [TEST_STEP][PASSED] - Statement - out.println(" the store number is--" + storenumber.trim()): null

2018-06-14 18:08:53 - [TEST_STEP][PASSED] - uiaction.CommonUIActions.click: uiaction.CommonUIActions.click is PASSED

2018-06-14 18:08:53 - [MESSAGE][PASSED] - uiaction.CommonUIActions.click is PASSED

2018-06-14 18:08:53 - [TEST_STEP][FAILED] - verifyElementPresent: com.kms.katalon.core.webui.exception.WebElementNotFoundException: Web element with id: 'Object Repository/SummarizedReportPage/SummaryReportheader' located by 'By.xpath: //header[contains(text(),'Summary Reports')]' not found

2018-06-14 18:09:04 - [MESSAGE][FAILED] - com.kms.katalon.core.webui.exception.WebElementNotFoundException: Web element with id: 'Object Repository/SummarizedReportPage/SummaryReportheader' located by 'By.xpath: //header[contains(text(),'Summary Reports')]' not found
[[ATTACHMENT|C:\\Users\\shalinin\\Katalon Studio\\HME_Scripts\\Reports\\RegressionSuite\\20180614_164441\\1528979943746.png]]

2018-06-14 18:09:04 - [TEST_STEP][PASSED] - Statement - println("Summary Reports screen will be displayed"): null

2018-06-14 18:09:04 - [TEST_STEP][PASSED] - uiaction.CommonUIActions.click: uiaction.CommonUIActions.click is PASSED

2018-06-14 18:09:04 - [MESSAGE][PASSED] - uiaction.CommonUIActions.click is PASSED

2018-06-14 18:09:04 - [TEST_STEP][PASSED] - uiaction.CommonUIActions.click: uiaction.CommonUIActions.click is PASSED

2018-06-14 18:09:04 - [MESSAGE][PASSED] - uiaction.CommonUIActions.click is PASSED

2018-06-14 18:09:04 - [TEST_STEP][PASSED] - uiaction.CommonUIActions.click: uiaction.CommonUIActions.click is PASSED

2018-06-14 18:09:04 - [MESSAGE][PASSED] - uiaction.CommonUIActions.click is PASSED

2018-06-14 18:09:04 - [TEST_STEP][PASSED] - uiaction.CommonUIActions.click: uiaction.CommonUIActions.click is PASSED

2018-06-14 18:09:24 - [MESSAGE][PASSED] - uiaction.CommonUIActions.click is PASSED

2018-06-14 18:09:24 - [TEST_STEP][PASSED] - uiaction.CommonUIActions.enter: uiaction.CommonUIActions.enter is PASSED

2018-06-14 18:09:24 - [MESSAGE][PASSED] - projectSpecific.Reusability.getTestData is PASSED

2018-06-14 18:09:24 - [MESSAGE][PASSED] - uiaction.CommonUIActions.enter is PASSED

2018-06-14 18:09:24 - [TEST_STEP][PASSED] - uiaction.CommonUIActions.enter: uiaction.CommonUIActions.enter is PASSED

2018-06-14 18:09:24 - [MESSAGE][PASSED] - projectSpecific.Reusability.getTestData is PASSED

2018-06-14 18:09:45 - [MESSAGE][PASSED] - uiaction.CommonUIActions.enter is PASSED

2018-06-14 18:09:45 - [TEST_STEP][PASSED] - Statement - groupmain = CustomKeywords.projectSpecific.Reusability.getTestData("ReportingGroupManagementPage", "Summarygrp"): projectSpecific.Reusability.getTestData is PASSED

2018-06-14 18:09:45 - [MESSAGE][PASSED] - projectSpecific.Reusability.getTestData is PASSED

2018-06-14 18:09:45 - [TEST_STEP][PASSED] - delay: Delayed 10 second(s)

2018-06-14 18:09:55 - [MESSAGE][PASSED] - Delayed 10 second(s)

2018-06-14 18:09:55 - [TEST_STEP][PASSED] - Statement - driver = com.kms.katalon.core.webui.driver.DriverFactory.getWebDriver(): null

2018-06-14 18:09:55 - [TEST_STEP][PASSED] - Statement - grouplist = driver.findElements(org.openqa.selenium.By.xpath("//ul[@class='unlinked-grouplist']/li")): null

2018-06-14 18:09:55 - [TEST_STEP][PASSED] - delay: Delayed 10 second(s)

2018-06-14 18:10:05 - [MESSAGE][PASSED] - Delayed 10 second(s)

2018-06-14 18:10:05 - [TEST_STEP][PASSED] - Statement - For ([i = 0, i < grouplist.size(), (i++)]): null

2018-06-14 18:10:05 - [TEST_STEP][PASSED] - delay: Delayed 10 second(s)

2018-06-14 18:10:15 - [MESSAGE][PASSED] - Delayed 10 second(s)

2018-06-14 18:10:15 - [TEST_STEP][PASSED] - uiaction.CommonUIActions.click: uiaction.CommonUIActions.click is PASSED

2018-06-14 18:10:35 - [MESSAGE][PASSED] - uiaction.CommonUIActions.click is PASSED

2018-06-14 18:10:35 - [TEST_STEP][PASSED] - uiaction.CommonUIActions.click: uiaction.CommonUIActions.click is PASSED

2018-06-14 18:10:55 - [MESSAGE][PASSED] - uiaction.CommonUIActions.click is PASSED

2018-06-14 18:10:55 - [TEST_STEP][PASSED] - delay: Delayed 10 second(s)

2018-06-14 18:11:05 - [MESSAGE][PASSED] - Delayed 10 second(s)

2018-06-14 18:11:05 - [TEST_STEP][PASSED] - uiaction.CommonUIActions.click: uiaction.CommonUIActions.click is PASSED

2018-06-14 18:11:05 - [MESSAGE][PASSED] - uiaction.CommonUIActions.click is PASSED

2018-06-14 18:11:05 - [TEST_STEP][PASSED] - delay: Delayed 10 second(s)

2018-06-14 18:11:15 - [MESSAGE][PASSED] - Delayed 10 second(s)

2018-06-14 18:11:15 - [TEST_STEP][PASSED] - Statement - driver.findElement(org.openqa.selenium.By.xpath("//span[contains(text(),'" + groupmain + "')]/../../../../span[1]")).click(): null

2018-06-14 18:11:15 - [TEST_STEP][PASSED] - Statement - Catch (Exception e): null

2018-06-14 18:11:15 - [TEST_STEP][PASSED] - Statement - e.printStackTrace(): null

2018-06-14 18:11:15 - [TEST_STEP][PASSED] - Statement - println("Exception of element not found"): null

2018-06-14 18:11:15 - [TEST_STEP][PASSED] - Statement - If (TCflag): null

2018-06-14 18:11:15 - [TEST_STEP][PASSED] - Statement - assert TCflag == true: null

2018-06-14 18:11:15 - [TEST_STEP][PASSED] - Start listener action : sampleAfterTestCase: Browser is closed

2018-06-14 18:11:15 - [TEST_STEP][PASSED] - Statement - println(testCaseContext.getTestCaseId()): null

2018-06-14 18:11:15 - [TEST_STEP][PASSED] - Statement - println(testCaseContext.getTestCaseStatus()): null

2018-06-14 18:11:15 - [TEST_STEP][PASSED] - closeBrowser: Browser is closed

2018-06-14 18:11:16 - [MESSAGE][PASSED] - Browser is closed]]></system-out>
         <system-err><![CDATA[2018-06-14 18:07:06 - [TEST_CASE][FAILED] - Test Cases/GoalStatisticsTC/HME-Goal Statistics Report-08: Test Cases/GoalStatisticsTC/HME-Goal Statistics Report-08 FAILED because (of) com.kms.katalon.core.webui.exception.WebElementNotFoundException: Web element with id: 'Object Repository/SummarizedReportPage/SummaryReportheader' located by 'By.xpath: //header[contains(text(),'Summary Reports')]' not found]]></system-err>
      </testcase>
      <testcase name="Test Cases/GoalStatisticsTC/HME-Goal Statistics Report-10" classname="Test Cases/GoalStatisticsTC/HME-Goal Statistics Report-10" status="FAILED">
         <failure type="FAILED" message="com.kms.katalon.core.webui.exception.WebElementNotFoundException: Web element with id: 'Object Repository/SummarizedReportPage/SummaryReportheader' located by 'By.xpath: //header[contains(text(),'Summary Reports')]' not found"/>
         <system-out><![CDATA[2018-06-14 18:11:16 - [TEST_CASE][FAILED] - Test Cases/GoalStatisticsTC/HME-Goal Statistics Report-10: Test Cases/GoalStatisticsTC/HME-Goal Statistics Report-10 FAILED because (of) com.kms.katalon.core.webui.exception.WebElementNotFoundException: Web element with id: 'Object Repository/SummarizedReportPage/SummaryReportheader' located by 'By.xpath: //header[contains(text(),'Summary Reports')]' not found

2018-06-14 18:11:16 - [TEST_STEP][PASSED] - Start listener action : sampleBeforeTestCase: uiaction.CommonUIActions.deleteAllCookies is PASSED

2018-06-14 18:11:16 - [TEST_STEP][PASSED] - openBrowser: Browser is opened with url: ''

2018-06-14 18:11:18 - [MESSAGE][PASSED] - Browser is opened with url: ''

2018-06-14 18:11:18 - [TEST_STEP][PASSED] - maximizeWindow: Current window maximized

2018-06-14 18:11:19 - [MESSAGE][PASSED] - Current window maximized

2018-06-14 18:11:19 - [TEST_STEP][PASSED] - uiaction.CommonUIActions.deleteAllCookies: uiaction.CommonUIActions.deleteAllCookies is PASSED

2018-06-14 18:11:19 - [MESSAGE][PASSED] - Delete all cookies successfully

2018-06-14 18:11:19 - [MESSAGE][PASSED] - uiaction.CommonUIActions.deleteAllCookies is PASSED

2018-06-14 18:11:19 - [TEST_STEP][PASSED] - Statement - TCflag = true: null

2018-06-14 18:11:19 - [TEST_STEP][FAILED] - Statement - Try: null

2018-06-14 18:11:19 - [TEST_STEP][PASSED] - navigateToUrl: Navigate to 'https://hme-dev-public-cloud-app.azurewebsites.net/' successfully

2018-06-14 18:11:22 - [MESSAGE][PASSED] - Navigate to 'https://hme-dev-public-cloud-app.azurewebsites.net/' successfully

2018-06-14 18:11:22 - [TEST_STEP][PASSED] - projectSpecific.Reusability.login: projectSpecific.Reusability.login is PASSED

2018-06-14 18:11:22 - [MESSAGE][PASSED] - projectSpecific.Reusability.getTestData is PASSED

2018-06-14 18:11:22 - [MESSAGE][PASSED] - projectSpecific.Reusability.getTestData is PASSED

2018-06-14 18:11:22 - [MESSAGE][PASSED] - Text 'selvendrank@nousinfo.com' is set on object 'Object Repository/LoginPage/Username'

2018-06-14 18:11:23 - [MESSAGE][PASSED] - Text 'nous;123' is set on object 'Object Repository/LoginPage/Password'

2018-06-14 18:11:23 - [MESSAGE][PASSED] - Object: 'Object Repository/LoginPage/Login' is clicked on

2018-06-14 18:11:23 - [MESSAGE][PASSED] - projectSpecific.Reusability.login is PASSED

2018-06-14 18:11:23 - [TEST_STEP][PASSED] - delay: Delayed 10 second(s)

2018-06-14 18:11:33 - [MESSAGE][PASSED] - Delayed 10 second(s)

2018-06-14 18:11:33 - [TEST_STEP][PASSED] - uiaction.CommonUIActions.click: uiaction.CommonUIActions.click is PASSED

2018-06-14 18:11:54 - [MESSAGE][PASSED] - uiaction.CommonUIActions.click is PASSED

2018-06-14 18:11:54 - [TEST_STEP][PASSED] - uiaction.CommonUIActions.click: uiaction.CommonUIActions.click is PASSED

2018-06-14 18:11:56 - [MESSAGE][PASSED] - uiaction.CommonUIActions.click is PASSED

2018-06-14 18:11:56 - [TEST_STEP][PASSED] - Statement - storelabel = com.kms.katalon.core.webui.keyword.WebUiBuiltInKeywords.getAttribute(com.kms.katalon.core.testobject.ObjectRepository.findTestObject(StorePage/storeName), "value"): Attribute 'value' of object 'Object Repository/StorePage/storeName' is: 'McDonald3'

2018-06-14 18:11:56 - [MESSAGE][PASSED] - Attribute 'value' of object 'Object Repository/StorePage/storeName' is: 'McDonald3'

2018-06-14 18:11:56 - [TEST_STEP][PASSED] - Statement - storelabel = storelabel.trim(): null

2018-06-14 18:11:56 - [TEST_STEP][PASSED] - Statement - out.println(" the storename is--" + storelabel.trim()): null

2018-06-14 18:11:56 - [TEST_STEP][PASSED] - delay: Delayed 5 second(s)

2018-06-14 18:12:01 - [MESSAGE][PASSED] - Delayed 5 second(s)

2018-06-14 18:12:01 - [TEST_STEP][PASSED] - uiaction.CommonUIActions.click: uiaction.CommonUIActions.click is PASSED

2018-06-14 18:12:22 - [MESSAGE][PASSED] - uiaction.CommonUIActions.click is PASSED

2018-06-14 18:12:22 - [TEST_STEP][PASSED] - uiaction.CommonUIActions.click: uiaction.CommonUIActions.click is PASSED

2018-06-14 18:12:42 - [MESSAGE][PASSED] - uiaction.CommonUIActions.click is PASSED

2018-06-14 18:12:42 - [TEST_STEP][PASSED] - Statement - storenumber = CustomKeywords.uiaction.CommonUIActions.getText(com.kms.katalon.core.testobject.ObjectRepository.findTestObject(StorePage/storeID)): uiaction.CommonUIActions.getText is PASSED

2018-06-14 18:13:02 - [MESSAGE][PASSED] - uiaction.CommonUIActions.getText is PASSED

2018-06-14 18:13:02 - [TEST_STEP][PASSED] - Statement - out.println(" the store number is--" + storenumber.trim()): null

2018-06-14 18:13:02 - [TEST_STEP][PASSED] - uiaction.CommonUIActions.click: uiaction.CommonUIActions.click is PASSED

2018-06-14 18:13:02 - [MESSAGE][PASSED] - uiaction.CommonUIActions.click is PASSED

2018-06-14 18:13:02 - [TEST_STEP][FAILED] - verifyElementPresent: com.kms.katalon.core.webui.exception.WebElementNotFoundException: Web element with id: 'Object Repository/SummarizedReportPage/SummaryReportheader' located by 'By.xpath: //header[contains(text(),'Summary Reports')]' not found

2018-06-14 18:13:13 - [MESSAGE][FAILED] - com.kms.katalon.core.webui.exception.WebElementNotFoundException: Web element with id: 'Object Repository/SummarizedReportPage/SummaryReportheader' located by 'By.xpath: //header[contains(text(),'Summary Reports')]' not found
[[ATTACHMENT|C:\\Users\\shalinin\\Katalon Studio\\HME_Scripts\\Reports\\RegressionSuite\\20180614_164441\\1528980193122.png]]

2018-06-14 18:13:13 - [TEST_STEP][PASSED] - Statement - println("Summary Reports screen will be displayed"): null

2018-06-14 18:13:13 - [TEST_STEP][PASSED] - uiaction.CommonUIActions.click: uiaction.CommonUIActions.click is PASSED

2018-06-14 18:13:13 - [MESSAGE][PASSED] - uiaction.CommonUIActions.click is PASSED

2018-06-14 18:13:13 - [TEST_STEP][PASSED] - uiaction.CommonUIActions.click: uiaction.CommonUIActions.click is PASSED

2018-06-14 18:13:13 - [MESSAGE][PASSED] - uiaction.CommonUIActions.click is PASSED

2018-06-14 18:13:13 - [TEST_STEP][PASSED] - uiaction.CommonUIActions.click: uiaction.CommonUIActions.click is PASSED

2018-06-14 18:13:13 - [MESSAGE][PASSED] - uiaction.CommonUIActions.click is PASSED

2018-06-14 18:13:13 - [TEST_STEP][PASSED] - uiaction.CommonUIActions.click: uiaction.CommonUIActions.click is PASSED

2018-06-14 18:13:33 - [MESSAGE][PASSED] - uiaction.CommonUIActions.click is PASSED

2018-06-14 18:13:33 - [TEST_STEP][PASSED] - uiaction.CommonUIActions.enter: uiaction.CommonUIActions.enter is PASSED

2018-06-14 18:13:33 - [MESSAGE][PASSED] - projectSpecific.Reusability.getTestData is PASSED

2018-06-14 18:13:34 - [MESSAGE][PASSED] - uiaction.CommonUIActions.enter is PASSED

2018-06-14 18:13:34 - [TEST_STEP][PASSED] - uiaction.CommonUIActions.enter: uiaction.CommonUIActions.enter is PASSED

2018-06-14 18:13:34 - [MESSAGE][PASSED] - projectSpecific.Reusability.getTestData is PASSED

2018-06-14 18:13:54 - [MESSAGE][PASSED] - uiaction.CommonUIActions.enter is PASSED

2018-06-14 18:13:54 - [TEST_STEP][PASSED] - Statement - groupmain = CustomKeywords.projectSpecific.Reusability.getTestData("ReportingGroupManagementPage", "Summarygrp"): projectSpecific.Reusability.getTestData is PASSED

2018-06-14 18:13:54 - [MESSAGE][PASSED] - projectSpecific.Reusability.getTestData is PASSED

2018-06-14 18:13:54 - [TEST_STEP][PASSED] - delay: Delayed 10 second(s)

2018-06-14 18:14:04 - [MESSAGE][PASSED] - Delayed 10 second(s)

2018-06-14 18:14:04 - [TEST_STEP][PASSED] - Statement - driver = com.kms.katalon.core.webui.driver.DriverFactory.getWebDriver(): null

2018-06-14 18:14:04 - [TEST_STEP][PASSED] - Statement - grouplist = driver.findElements(org.openqa.selenium.By.xpath("//ul[@class='unlinked-grouplist']/li")): null

2018-06-14 18:14:04 - [TEST_STEP][PASSED] - delay: Delayed 10 second(s)

2018-06-14 18:14:14 - [MESSAGE][PASSED] - Delayed 10 second(s)

2018-06-14 18:14:14 - [TEST_STEP][PASSED] - Statement - For ([i = 0, i < grouplist.size(), (i++)]): null

2018-06-14 18:14:14 - [TEST_STEP][PASSED] - delay: Delayed 10 second(s)

2018-06-14 18:14:24 - [MESSAGE][PASSED] - Delayed 10 second(s)

2018-06-14 18:14:24 - [TEST_STEP][PASSED] - uiaction.CommonUIActions.click: uiaction.CommonUIActions.click is PASSED

2018-06-14 18:14:44 - [MESSAGE][PASSED] - uiaction.CommonUIActions.click is PASSED

2018-06-14 18:14:44 - [TEST_STEP][PASSED] - uiaction.CommonUIActions.click: uiaction.CommonUIActions.click is PASSED

2018-06-14 18:15:05 - [MESSAGE][PASSED] - uiaction.CommonUIActions.click is PASSED

2018-06-14 18:15:05 - [TEST_STEP][PASSED] - delay: Delayed 10 second(s)

2018-06-14 18:15:15 - [MESSAGE][PASSED] - Delayed 10 second(s)

2018-06-14 18:15:15 - [TEST_STEP][PASSED] - uiaction.CommonUIActions.click: uiaction.CommonUIActions.click is PASSED

2018-06-14 18:15:15 - [MESSAGE][PASSED] - uiaction.CommonUIActions.click is PASSED

2018-06-14 18:15:15 - [TEST_STEP][PASSED] - delay: Delayed 10 second(s)

2018-06-14 18:15:25 - [MESSAGE][PASSED] - Delayed 10 second(s)

2018-06-14 18:15:25 - [TEST_STEP][PASSED] - Statement - driver.findElement(org.openqa.selenium.By.xpath("//span[contains(text(),'" + groupmain + "')]/../../../../span[1]")).click(): null

2018-06-14 18:15:25 - [TEST_STEP][PASSED] - Statement - Catch (Exception e): null

2018-06-14 18:15:25 - [TEST_STEP][PASSED] - Statement - e.printStackTrace(): null

2018-06-14 18:15:25 - [TEST_STEP][PASSED] - Statement - println("Exception of element not found"): null

2018-06-14 18:15:25 - [TEST_STEP][PASSED] - Statement - If (TCflag): null

2018-06-14 18:15:25 - [TEST_STEP][PASSED] - Statement - assert TCflag == true: null

2018-06-14 18:15:25 - [TEST_STEP][PASSED] - Start listener action : sampleAfterTestCase: Browser is closed

2018-06-14 18:15:25 - [TEST_STEP][PASSED] - Statement - println(testCaseContext.getTestCaseId()): null

2018-06-14 18:15:25 - [TEST_STEP][PASSED] - Statement - println(testCaseContext.getTestCaseStatus()): null

2018-06-14 18:15:25 - [TEST_STEP][PASSED] - closeBrowser: Browser is closed

2018-06-14 18:15:25 - [MESSAGE][PASSED] - Browser is closed]]></system-out>
         <system-err><![CDATA[2018-06-14 18:11:16 - [TEST_CASE][FAILED] - Test Cases/GoalStatisticsTC/HME-Goal Statistics Report-10: Test Cases/GoalStatisticsTC/HME-Goal Statistics Report-10 FAILED because (of) com.kms.katalon.core.webui.exception.WebElementNotFoundException: Web element with id: 'Object Repository/SummarizedReportPage/SummaryReportheader' located by 'By.xpath: //header[contains(text(),'Summary Reports')]' not found]]></system-err>
      </testcase>
      <testcase name="Test Cases/GoalStatisticsTC/HME-Goal Statistics Report-11" classname="Test Cases/GoalStatisticsTC/HME-Goal Statistics Report-11" status="FAILED">
         <failure type="FAILED" message="com.kms.katalon.core.webui.exception.WebElementNotFoundException: Web element with id: 'Object Repository/SummarizedReportPage/SummaryReportheader' located by 'By.xpath: //header[contains(text(),'Summary Reports')]' not found"/>
         <system-out><![CDATA[2018-06-14 18:15:25 - [TEST_CASE][FAILED] - Test Cases/GoalStatisticsTC/HME-Goal Statistics Report-11: Test Cases/GoalStatisticsTC/HME-Goal Statistics Report-11 FAILED because (of) com.kms.katalon.core.webui.exception.WebElementNotFoundException: Web element with id: 'Object Repository/SummarizedReportPage/SummaryReportheader' located by 'By.xpath: //header[contains(text(),'Summary Reports')]' not found

2018-06-14 18:15:25 - [TEST_STEP][PASSED] - Start listener action : sampleBeforeTestCase: uiaction.CommonUIActions.deleteAllCookies is PASSED

2018-06-14 18:15:25 - [TEST_STEP][PASSED] - openBrowser: Browser is opened with url: ''

2018-06-14 18:15:28 - [MESSAGE][PASSED] - Browser is opened with url: ''

2018-06-14 18:15:28 - [TEST_STEP][PASSED] - maximizeWindow: Current window maximized

2018-06-14 18:15:29 - [MESSAGE][PASSED] - Current window maximized

2018-06-14 18:15:29 - [TEST_STEP][PASSED] - uiaction.CommonUIActions.deleteAllCookies: uiaction.CommonUIActions.deleteAllCookies is PASSED

2018-06-14 18:15:29 - [MESSAGE][PASSED] - Delete all cookies successfully

2018-06-14 18:15:29 - [MESSAGE][PASSED] - uiaction.CommonUIActions.deleteAllCookies is PASSED

2018-06-14 18:15:29 - [TEST_STEP][PASSED] - Statement - TCflag = true: null

2018-06-14 18:15:29 - [TEST_STEP][FAILED] - Statement - Try: null

2018-06-14 18:15:29 - [TEST_STEP][PASSED] - navigateToUrl: Navigate to 'https://hme-dev-public-cloud-app.azurewebsites.net/' successfully

2018-06-14 18:15:32 - [MESSAGE][PASSED] - Navigate to 'https://hme-dev-public-cloud-app.azurewebsites.net/' successfully

2018-06-14 18:15:32 - [TEST_STEP][PASSED] - projectSpecific.Reusability.login: projectSpecific.Reusability.login is PASSED

2018-06-14 18:15:32 - [MESSAGE][PASSED] - projectSpecific.Reusability.getTestData is PASSED

2018-06-14 18:15:32 - [MESSAGE][PASSED] - projectSpecific.Reusability.getTestData is PASSED

2018-06-14 18:15:32 - [MESSAGE][PASSED] - Text 'selvendrank@nousinfo.com' is set on object 'Object Repository/LoginPage/Username'

2018-06-14 18:15:32 - [MESSAGE][PASSED] - Text 'nous;123' is set on object 'Object Repository/LoginPage/Password'

2018-06-14 18:15:32 - [MESSAGE][PASSED] - Object: 'Object Repository/LoginPage/Login' is clicked on

2018-06-14 18:15:32 - [MESSAGE][PASSED] - projectSpecific.Reusability.login is PASSED

2018-06-14 18:15:32 - [TEST_STEP][PASSED] - delay: Delayed 10 second(s)

2018-06-14 18:15:42 - [MESSAGE][PASSED] - Delayed 10 second(s)

2018-06-14 18:15:42 - [TEST_STEP][PASSED] - uiaction.CommonUIActions.click: uiaction.CommonUIActions.click is PASSED

2018-06-14 18:16:03 - [MESSAGE][PASSED] - uiaction.CommonUIActions.click is PASSED

2018-06-14 18:16:03 - [TEST_STEP][PASSED] - uiaction.CommonUIActions.click: uiaction.CommonUIActions.click is PASSED

2018-06-14 18:16:06 - [MESSAGE][PASSED] - uiaction.CommonUIActions.click is PASSED

2018-06-14 18:16:06 - [TEST_STEP][PASSED] - Statement - storelabel = com.kms.katalon.core.webui.keyword.WebUiBuiltInKeywords.getAttribute(com.kms.katalon.core.testobject.ObjectRepository.findTestObject(StorePage/storeName), "value"): Attribute 'value' of object 'Object Repository/StorePage/storeName' is: 'McDonald3'

2018-06-14 18:16:06 - [MESSAGE][PASSED] - Attribute 'value' of object 'Object Repository/StorePage/storeName' is: 'McDonald3'

2018-06-14 18:16:06 - [TEST_STEP][PASSED] - Statement - storelabel = storelabel.trim(): null

2018-06-14 18:16:06 - [TEST_STEP][PASSED] - Statement - out.println(" the storename is--" + storelabel.trim()): null

2018-06-14 18:16:06 - [TEST_STEP][PASSED] - delay: Delayed 5 second(s)

2018-06-14 18:16:11 - [MESSAGE][PASSED] - Delayed 5 second(s)

2018-06-14 18:16:11 - [TEST_STEP][PASSED] - uiaction.CommonUIActions.click: uiaction.CommonUIActions.click is PASSED

2018-06-14 18:16:31 - [MESSAGE][PASSED] - uiaction.CommonUIActions.click is PASSED

2018-06-14 18:16:31 - [TEST_STEP][PASSED] - uiaction.CommonUIActions.click: uiaction.CommonUIActions.click is PASSED

2018-06-14 18:16:51 - [MESSAGE][PASSED] - uiaction.CommonUIActions.click is PASSED

2018-06-14 18:16:51 - [TEST_STEP][PASSED] - Statement - storenumber = CustomKeywords.uiaction.CommonUIActions.getText(com.kms.katalon.core.testobject.ObjectRepository.findTestObject(StorePage/storeID)): uiaction.CommonUIActions.getText is PASSED

2018-06-14 18:17:12 - [MESSAGE][PASSED] - uiaction.CommonUIActions.getText is PASSED

2018-06-14 18:17:12 - [TEST_STEP][PASSED] - Statement - out.println(" the store number is--" + storenumber.trim()): null

2018-06-14 18:17:12 - [TEST_STEP][PASSED] - uiaction.CommonUIActions.click: uiaction.CommonUIActions.click is PASSED

2018-06-14 18:17:12 - [MESSAGE][PASSED] - uiaction.CommonUIActions.click is PASSED

2018-06-14 18:17:12 - [TEST_STEP][FAILED] - verifyElementPresent: com.kms.katalon.core.webui.exception.WebElementNotFoundException: Web element with id: 'Object Repository/SummarizedReportPage/SummaryReportheader' located by 'By.xpath: //header[contains(text(),'Summary Reports')]' not found

2018-06-14 18:17:22 - [MESSAGE][FAILED] - com.kms.katalon.core.webui.exception.WebElementNotFoundException: Web element with id: 'Object Repository/SummarizedReportPage/SummaryReportheader' located by 'By.xpath: //header[contains(text(),'Summary Reports')]' not found
[[ATTACHMENT|C:\\Users\\shalinin\\Katalon Studio\\HME_Scripts\\Reports\\RegressionSuite\\20180614_164441\\1528980442534.png]]

2018-06-14 18:17:22 - [TEST_STEP][PASSED] - Statement - println("Summary Reports screen will be displayed"): null

2018-06-14 18:17:22 - [TEST_STEP][PASSED] - uiaction.CommonUIActions.click: uiaction.CommonUIActions.click is PASSED

2018-06-14 18:17:22 - [MESSAGE][PASSED] - uiaction.CommonUIActions.click is PASSED

2018-06-14 18:17:22 - [TEST_STEP][PASSED] - uiaction.CommonUIActions.click: uiaction.CommonUIActions.click is PASSED

2018-06-14 18:17:22 - [MESSAGE][PASSED] - uiaction.CommonUIActions.click is PASSED

2018-06-14 18:17:22 - [TEST_STEP][PASSED] - uiaction.CommonUIActions.click: uiaction.CommonUIActions.click is PASSED

2018-06-14 18:17:22 - [MESSAGE][PASSED] - uiaction.CommonUIActions.click is PASSED

2018-06-14 18:17:22 - [TEST_STEP][PASSED] - uiaction.CommonUIActions.click: uiaction.CommonUIActions.click is PASSED

2018-06-14 18:17:43 - [MESSAGE][PASSED] - uiaction.CommonUIActions.click is PASSED

2018-06-14 18:17:43 - [TEST_STEP][PASSED] - uiaction.CommonUIActions.enter: uiaction.CommonUIActions.enter is PASSED

2018-06-14 18:17:43 - [MESSAGE][PASSED] - projectSpecific.Reusability.getTestData is PASSED

2018-06-14 18:17:43 - [MESSAGE][PASSED] - uiaction.CommonUIActions.enter is PASSED

2018-06-14 18:17:43 - [TEST_STEP][PASSED] - uiaction.CommonUIActions.enter: uiaction.CommonUIActions.enter is PASSED

2018-06-14 18:17:43 - [MESSAGE][PASSED] - projectSpecific.Reusability.getTestData is PASSED

2018-06-14 18:18:03 - [MESSAGE][PASSED] - uiaction.CommonUIActions.enter is PASSED

2018-06-14 18:18:03 - [TEST_STEP][PASSED] - Statement - groupmain = CustomKeywords.projectSpecific.Reusability.getTestData("ReportingGroupManagementPage", "Summarygrp"): projectSpecific.Reusability.getTestData is PASSED

2018-06-14 18:18:03 - [MESSAGE][PASSED] - projectSpecific.Reusability.getTestData is PASSED

2018-06-14 18:18:03 - [TEST_STEP][PASSED] - delay: Delayed 10 second(s)

2018-06-14 18:18:13 - [MESSAGE][PASSED] - Delayed 10 second(s)

2018-06-14 18:18:13 - [TEST_STEP][PASSED] - Statement - driver = com.kms.katalon.core.webui.driver.DriverFactory.getWebDriver(): null

2018-06-14 18:18:13 - [TEST_STEP][PASSED] - Statement - grouplist = driver.findElements(org.openqa.selenium.By.xpath("//ul[@class='unlinked-grouplist']/li")): null

2018-06-14 18:18:13 - [TEST_STEP][PASSED] - delay: Delayed 10 second(s)

2018-06-14 18:18:23 - [MESSAGE][PASSED] - Delayed 10 second(s)

2018-06-14 18:18:23 - [TEST_STEP][PASSED] - Statement - For ([i = 0, i < grouplist.size(), (i++)]): null

2018-06-14 18:18:23 - [TEST_STEP][PASSED] - delay: Delayed 10 second(s)

2018-06-14 18:18:33 - [MESSAGE][PASSED] - Delayed 10 second(s)

2018-06-14 18:18:33 - [TEST_STEP][PASSED] - uiaction.CommonUIActions.click: uiaction.CommonUIActions.click is PASSED

2018-06-14 18:18:54 - [MESSAGE][PASSED] - uiaction.CommonUIActions.click is PASSED

2018-06-14 18:18:54 - [TEST_STEP][PASSED] - uiaction.CommonUIActions.click: uiaction.CommonUIActions.click is PASSED

2018-06-14 18:19:14 - [MESSAGE][PASSED] - uiaction.CommonUIActions.click is PASSED

2018-06-14 18:19:14 - [TEST_STEP][PASSED] - delay: Delayed 10 second(s)

2018-06-14 18:19:24 - [MESSAGE][PASSED] - Delayed 10 second(s)

2018-06-14 18:19:24 - [TEST_STEP][PASSED] - uiaction.CommonUIActions.click: uiaction.CommonUIActions.click is PASSED

2018-06-14 18:19:24 - [MESSAGE][PASSED] - uiaction.CommonUIActions.click is PASSED

2018-06-14 18:19:24 - [TEST_STEP][PASSED] - delay: Delayed 10 second(s)

2018-06-14 18:19:34 - [MESSAGE][PASSED] - Delayed 10 second(s)

2018-06-14 18:19:34 - [TEST_STEP][PASSED] - Statement - driver.findElement(org.openqa.selenium.By.xpath("//span[contains(text(),'" + groupmain + "')]/../../../../span[1]")).click(): null

2018-06-14 18:19:34 - [TEST_STEP][PASSED] - Statement - Catch (Exception e): null

2018-06-14 18:19:34 - [TEST_STEP][PASSED] - Statement - e.printStackTrace(): null

2018-06-14 18:19:34 - [TEST_STEP][PASSED] - Statement - println("Exception of element not found"): null

2018-06-14 18:19:34 - [TEST_STEP][PASSED] - Statement - If (TCflag): null

2018-06-14 18:19:34 - [TEST_STEP][PASSED] - Statement - assert TCflag == true: null

2018-06-14 18:19:34 - [TEST_STEP][PASSED] - Start listener action : sampleAfterTestCase: Browser is closed

2018-06-14 18:19:34 - [TEST_STEP][PASSED] - Statement - println(testCaseContext.getTestCaseId()): null

2018-06-14 18:19:34 - [TEST_STEP][PASSED] - Statement - println(testCaseContext.getTestCaseStatus()): null

2018-06-14 18:19:34 - [TEST_STEP][PASSED] - closeBrowser: Browser is closed

2018-06-14 18:19:35 - [MESSAGE][PASSED] - Browser is closed]]></system-out>
         <system-err><![CDATA[2018-06-14 18:15:25 - [TEST_CASE][FAILED] - Test Cases/GoalStatisticsTC/HME-Goal Statistics Report-11: Test Cases/GoalStatisticsTC/HME-Goal Statistics Report-11 FAILED because (of) com.kms.katalon.core.webui.exception.WebElementNotFoundException: Web element with id: 'Object Repository/SummarizedReportPage/SummaryReportheader' located by 'By.xpath: //header[contains(text(),'Summary Reports')]' not found]]></system-err>
      </testcase>
      <testcase name="Test Cases/GoalStatisticsTC/HME-Goal Statistics Report-9" classname="Test Cases/GoalStatisticsTC/HME-Goal Statistics Report-9" status="FAILED">
         <failure type="FAILED" message="com.kms.katalon.core.webui.exception.WebElementNotFoundException: Web element with id: 'Object Repository/SummarizedReportPage/SummaryReportheader' located by 'By.xpath: //header[contains(text(),'Summary Reports')]' not found"/>
         <system-out><![CDATA[2018-06-14 18:19:35 - [TEST_CASE][FAILED] - Test Cases/GoalStatisticsTC/HME-Goal Statistics Report-9: Test Cases/GoalStatisticsTC/HME-Goal Statistics Report-9 FAILED because (of) com.kms.katalon.core.webui.exception.WebElementNotFoundException: Web element with id: 'Object Repository/SummarizedReportPage/SummaryReportheader' located by 'By.xpath: //header[contains(text(),'Summary Reports')]' not found

2018-06-14 18:19:35 - [TEST_STEP][PASSED] - Start listener action : sampleBeforeTestCase: uiaction.CommonUIActions.deleteAllCookies is PASSED

2018-06-14 18:19:35 - [TEST_STEP][PASSED] - openBrowser: Browser is opened with url: ''

2018-06-14 18:19:37 - [MESSAGE][PASSED] - Browser is opened with url: ''

2018-06-14 18:19:37 - [TEST_STEP][PASSED] - maximizeWindow: Current window maximized

2018-06-14 18:19:38 - [MESSAGE][PASSED] - Current window maximized

2018-06-14 18:19:38 - [TEST_STEP][PASSED] - uiaction.CommonUIActions.deleteAllCookies: uiaction.CommonUIActions.deleteAllCookies is PASSED

2018-06-14 18:19:38 - [MESSAGE][PASSED] - Delete all cookies successfully

2018-06-14 18:19:38 - [MESSAGE][PASSED] - uiaction.CommonUIActions.deleteAllCookies is PASSED

2018-06-14 18:19:38 - [TEST_STEP][PASSED] - Statement - TCflag = true: null

2018-06-14 18:19:38 - [TEST_STEP][FAILED] - Statement - Try: null

2018-06-14 18:19:38 - [TEST_STEP][PASSED] - navigateToUrl: Navigate to 'https://hme-dev-public-cloud-app.azurewebsites.net/' successfully

2018-06-14 18:19:41 - [MESSAGE][PASSED] - Navigate to 'https://hme-dev-public-cloud-app.azurewebsites.net/' successfully

2018-06-14 18:19:41 - [TEST_STEP][PASSED] - projectSpecific.Reusability.login: projectSpecific.Reusability.login is PASSED

2018-06-14 18:19:41 - [MESSAGE][PASSED] - projectSpecific.Reusability.getTestData is PASSED

2018-06-14 18:19:41 - [MESSAGE][PASSED] - projectSpecific.Reusability.getTestData is PASSED

2018-06-14 18:19:41 - [MESSAGE][PASSED] - Text 'selvendrank@nousinfo.com' is set on object 'Object Repository/LoginPage/Username'

2018-06-14 18:19:42 - [MESSAGE][PASSED] - Text 'nous;123' is set on object 'Object Repository/LoginPage/Password'

2018-06-14 18:19:42 - [MESSAGE][PASSED] - Object: 'Object Repository/LoginPage/Login' is clicked on

2018-06-14 18:19:42 - [MESSAGE][PASSED] - projectSpecific.Reusability.login is PASSED

2018-06-14 18:19:42 - [TEST_STEP][PASSED] - delay: Delayed 10 second(s)

2018-06-14 18:19:52 - [MESSAGE][PASSED] - Delayed 10 second(s)

2018-06-14 18:19:52 - [TEST_STEP][PASSED] - uiaction.CommonUIActions.click: uiaction.CommonUIActions.click is PASSED

2018-06-14 18:20:13 - [MESSAGE][PASSED] - uiaction.CommonUIActions.click is PASSED

2018-06-14 18:20:13 - [TEST_STEP][PASSED] - uiaction.CommonUIActions.click: uiaction.CommonUIActions.click is PASSED

2018-06-14 18:20:15 - [MESSAGE][PASSED] - uiaction.CommonUIActions.click is PASSED

2018-06-14 18:20:15 - [TEST_STEP][PASSED] - Statement - storelabel = com.kms.katalon.core.webui.keyword.WebUiBuiltInKeywords.getAttribute(com.kms.katalon.core.testobject.ObjectRepository.findTestObject(StorePage/storeName), "value"): Attribute 'value' of object 'Object Repository/StorePage/storeName' is: 'McDonald3'

2018-06-14 18:20:15 - [MESSAGE][PASSED] - Attribute 'value' of object 'Object Repository/StorePage/storeName' is: 'McDonald3'

2018-06-14 18:20:15 - [TEST_STEP][PASSED] - Statement - storelabel = storelabel.trim(): null

2018-06-14 18:20:15 - [TEST_STEP][PASSED] - Statement - out.println(" the storename is--" + storelabel.trim()): null

2018-06-14 18:20:15 - [TEST_STEP][PASSED] - delay: Delayed 5 second(s)

2018-06-14 18:20:20 - [MESSAGE][PASSED] - Delayed 5 second(s)

2018-06-14 18:20:20 - [TEST_STEP][PASSED] - uiaction.CommonUIActions.click: uiaction.CommonUIActions.click is PASSED

2018-06-14 18:20:41 - [MESSAGE][PASSED] - uiaction.CommonUIActions.click is PASSED

2018-06-14 18:20:41 - [TEST_STEP][PASSED] - uiaction.CommonUIActions.click: uiaction.CommonUIActions.click is PASSED

2018-06-14 18:21:01 - [MESSAGE][PASSED] - uiaction.CommonUIActions.click is PASSED

2018-06-14 18:21:01 - [TEST_STEP][PASSED] - Statement - storenumber = CustomKeywords.uiaction.CommonUIActions.getText(com.kms.katalon.core.testobject.ObjectRepository.findTestObject(StorePage/storeID)): uiaction.CommonUIActions.getText is PASSED

2018-06-14 18:21:21 - [MESSAGE][PASSED] - uiaction.CommonUIActions.getText is PASSED

2018-06-14 18:21:21 - [TEST_STEP][PASSED] - Statement - out.println(" the store number is--" + storenumber.trim()): null

2018-06-14 18:21:21 - [TEST_STEP][PASSED] - uiaction.CommonUIActions.click: uiaction.CommonUIActions.click is PASSED

2018-06-14 18:21:21 - [MESSAGE][PASSED] - uiaction.CommonUIActions.click is PASSED

2018-06-14 18:21:21 - [TEST_STEP][FAILED] - verifyElementPresent: com.kms.katalon.core.webui.exception.WebElementNotFoundException: Web element with id: 'Object Repository/SummarizedReportPage/SummaryReportheader' located by 'By.xpath: //header[contains(text(),'Summary Reports')]' not found

2018-06-14 18:21:32 - [MESSAGE][FAILED] - com.kms.katalon.core.webui.exception.WebElementNotFoundException: Web element with id: 'Object Repository/SummarizedReportPage/SummaryReportheader' located by 'By.xpath: //header[contains(text(),'Summary Reports')]' not found
[[ATTACHMENT|C:\\Users\\shalinin\\Katalon Studio\\HME_Scripts\\Reports\\RegressionSuite\\20180614_164441\\1528980691994.png]]

2018-06-14 18:21:32 - [TEST_STEP][PASSED] - Statement - println("Summary Reports screen will be displayed"): null

2018-06-14 18:21:32 - [TEST_STEP][PASSED] - uiaction.CommonUIActions.click: uiaction.CommonUIActions.click is PASSED

2018-06-14 18:21:32 - [MESSAGE][PASSED] - uiaction.CommonUIActions.click is PASSED

2018-06-14 18:21:32 - [TEST_STEP][PASSED] - uiaction.CommonUIActions.click: uiaction.CommonUIActions.click is PASSED

2018-06-14 18:21:32 - [MESSAGE][PASSED] - uiaction.CommonUIActions.click is PASSED

2018-06-14 18:21:32 - [TEST_STEP][PASSED] - uiaction.CommonUIActions.click: uiaction.CommonUIActions.click is PASSED

2018-06-14 18:21:32 - [MESSAGE][PASSED] - uiaction.CommonUIActions.click is PASSED

2018-06-14 18:21:32 - [TEST_STEP][PASSED] - uiaction.CommonUIActions.click: uiaction.CommonUIActions.click is PASSED

2018-06-14 18:21:52 - [MESSAGE][PASSED] - uiaction.CommonUIActions.click is PASSED

2018-06-14 18:21:52 - [TEST_STEP][PASSED] - uiaction.CommonUIActions.enter: uiaction.CommonUIActions.enter is PASSED

2018-06-14 18:21:52 - [MESSAGE][PASSED] - projectSpecific.Reusability.getTestData is PASSED

2018-06-14 18:21:52 - [MESSAGE][PASSED] - uiaction.CommonUIActions.enter is PASSED

2018-06-14 18:21:52 - [TEST_STEP][PASSED] - uiaction.CommonUIActions.enter: uiaction.CommonUIActions.enter is PASSED

2018-06-14 18:21:52 - [MESSAGE][PASSED] - projectSpecific.Reusability.getTestData is PASSED

2018-06-14 18:22:13 - [MESSAGE][PASSED] - uiaction.CommonUIActions.enter is PASSED

2018-06-14 18:22:13 - [TEST_STEP][PASSED] - Statement - groupmain = CustomKeywords.projectSpecific.Reusability.getTestData("ReportingGroupManagementPage", "Summarygrp"): projectSpecific.Reusability.getTestData is PASSED

2018-06-14 18:22:13 - [MESSAGE][PASSED] - projectSpecific.Reusability.getTestData is PASSED

2018-06-14 18:22:13 - [TEST_STEP][PASSED] - delay: Delayed 10 second(s)

2018-06-14 18:22:23 - [MESSAGE][PASSED] - Delayed 10 second(s)

2018-06-14 18:22:23 - [TEST_STEP][PASSED] - Statement - driver = com.kms.katalon.core.webui.driver.DriverFactory.getWebDriver(): null

2018-06-14 18:22:23 - [TEST_STEP][PASSED] - Statement - grouplist = driver.findElements(org.openqa.selenium.By.xpath("//ul[@class='unlinked-grouplist']/li")): null

2018-06-14 18:22:23 - [TEST_STEP][PASSED] - delay: Delayed 10 second(s)

2018-06-14 18:22:33 - [MESSAGE][PASSED] - Delayed 10 second(s)

2018-06-14 18:22:33 - [TEST_STEP][PASSED] - Statement - For ([i = 0, i < grouplist.size(), (i++)]): null

2018-06-14 18:22:33 - [TEST_STEP][PASSED] - delay: Delayed 10 second(s)

2018-06-14 18:22:43 - [MESSAGE][PASSED] - Delayed 10 second(s)

2018-06-14 18:22:43 - [TEST_STEP][PASSED] - uiaction.CommonUIActions.click: uiaction.CommonUIActions.click is PASSED

2018-06-14 18:23:03 - [MESSAGE][PASSED] - uiaction.CommonUIActions.click is PASSED

2018-06-14 18:23:03 - [TEST_STEP][PASSED] - uiaction.CommonUIActions.click: uiaction.CommonUIActions.click is PASSED

2018-06-14 18:23:24 - [MESSAGE][PASSED] - uiaction.CommonUIActions.click is PASSED

2018-06-14 18:23:24 - [TEST_STEP][PASSED] - delay: Delayed 10 second(s)

2018-06-14 18:23:34 - [MESSAGE][PASSED] - Delayed 10 second(s)

2018-06-14 18:23:34 - [TEST_STEP][PASSED] - uiaction.CommonUIActions.click: uiaction.CommonUIActions.click is PASSED

2018-06-14 18:23:34 - [MESSAGE][PASSED] - uiaction.CommonUIActions.click is PASSED

2018-06-14 18:23:34 - [TEST_STEP][PASSED] - delay: Delayed 10 second(s)

2018-06-14 18:23:44 - [MESSAGE][PASSED] - Delayed 10 second(s)

2018-06-14 18:23:44 - [TEST_STEP][PASSED] - Statement - driver.findElement(org.openqa.selenium.By.xpath("//span[contains(text(),'" + groupmain + "')]/../../../../span[1]")).click(): null

2018-06-14 18:23:44 - [TEST_STEP][PASSED] - Statement - Catch (Exception e): null

2018-06-14 18:23:44 - [TEST_STEP][PASSED] - Statement - e.printStackTrace(): null

2018-06-14 18:23:44 - [TEST_STEP][PASSED] - Statement - println("Exception of element not found"): null

2018-06-14 18:23:44 - [TEST_STEP][PASSED] - Statement - If (TCflag): null

2018-06-14 18:23:44 - [TEST_STEP][PASSED] - Statement - assert TCflag == true: null

2018-06-14 18:23:44 - [TEST_STEP][PASSED] - Start listener action : sampleAfterTestCase: Browser is closed

2018-06-14 18:23:44 - [TEST_STEP][PASSED] - Statement - println(testCaseContext.getTestCaseId()): null

2018-06-14 18:23:44 - [TEST_STEP][PASSED] - Statement - println(testCaseContext.getTestCaseStatus()): null

2018-06-14 18:23:44 - [TEST_STEP][PASSED] - closeBrowser: Browser is closed

2018-06-14 18:23:44 - [MESSAGE][PASSED] - Browser is closed]]></system-out>
         <system-err><![CDATA[2018-06-14 18:19:35 - [TEST_CASE][FAILED] - Test Cases/GoalStatisticsTC/HME-Goal Statistics Report-9: Test Cases/GoalStatisticsTC/HME-Goal Statistics Report-9 FAILED because (of) com.kms.katalon.core.webui.exception.WebElementNotFoundException: Web element with id: 'Object Repository/SummarizedReportPage/SummaryReportheader' located by 'By.xpath: //header[contains(text(),'Summary Reports')]' not found]]></system-err>
      </testcase>
      <testcase name="Test Cases/MasqueradeTC/HME-Masquerade-01" classname="Test Cases/MasqueradeTC/HME-Masquerade-01" status="PASSED">
         <system-out><![CDATA[2018-06-14 18:23:44 - [TEST_CASE][PASSED] - Test Cases/MasqueradeTC/HME-Masquerade-01: Browser is closed

2018-06-14 18:23:44 - [TEST_STEP][PASSED] - Start listener action : sampleBeforeTestCase: uiaction.CommonUIActions.deleteAllCookies is PASSED

2018-06-14 18:23:44 - [TEST_STEP][PASSED] - openBrowser: Browser is opened with url: ''

2018-06-14 18:23:46 - [MESSAGE][PASSED] - Browser is opened with url: ''

2018-06-14 18:23:46 - [TEST_STEP][PASSED] - maximizeWindow: Current window maximized

2018-06-14 18:23:48 - [MESSAGE][PASSED] - Current window maximized

2018-06-14 18:23:48 - [TEST_STEP][PASSED] - uiaction.CommonUIActions.deleteAllCookies: uiaction.CommonUIActions.deleteAllCookies is PASSED

2018-06-14 18:23:48 - [MESSAGE][PASSED] - Delete all cookies successfully

2018-06-14 18:23:48 - [MESSAGE][PASSED] - uiaction.CommonUIActions.deleteAllCookies is PASSED

2018-06-14 18:23:48 - [TEST_STEP][PASSED] - Statement - TCflag = true: null

2018-06-14 18:23:48 - [TEST_STEP][PASSED] - Statement - Try: uiaction.CommonUIActions.click is PASSED

2018-06-14 18:23:48 - [TEST_STEP][PASSED] - navigateToUrl: Navigate to 'https://hme-dev-public-cloud-app.azurewebsites.net/admin' successfully

2018-06-14 18:23:51 - [MESSAGE][PASSED] - Navigate to 'https://hme-dev-public-cloud-app.azurewebsites.net/admin' successfully

2018-06-14 18:23:51 - [TEST_STEP][PASSED] - projectSpecific.Reusability.login: projectSpecific.Reusability.login is PASSED

2018-06-14 18:23:51 - [MESSAGE][PASSED] - projectSpecific.Reusability.getTestData is PASSED

2018-06-14 18:23:51 - [MESSAGE][PASSED] - projectSpecific.Reusability.getTestData is PASSED

2018-06-14 18:23:51 - [MESSAGE][PASSED] - Text 'nous-abhradipr@hme.com' is set on object 'Object Repository/LoginPage/Username'

2018-06-14 18:23:51 - [MESSAGE][PASSED] - Text '6Qt*qmL88' is set on object 'Object Repository/LoginPage/Password'

2018-06-14 18:23:51 - [MESSAGE][PASSED] - Object: 'Object Repository/LoginPage/Login' is clicked on

2018-06-14 18:23:51 - [MESSAGE][PASSED] - projectSpecific.Reusability.login is PASSED

2018-06-14 18:23:51 - [TEST_STEP][PASSED] - delay: Delayed 10 second(s)

2018-06-14 18:24:01 - [MESSAGE][PASSED] - Delayed 10 second(s)

2018-06-14 18:24:01 - [TEST_STEP][PASSED] - uiaction.CommonUIActions.click: uiaction.CommonUIActions.click is PASSED

2018-06-14 18:24:02 - [MESSAGE][PASSED] - uiaction.CommonUIActions.click is PASSED

2018-06-14 18:24:02 - [TEST_STEP][PASSED] - delay: Delayed 10 second(s)

2018-06-14 18:24:12 - [MESSAGE][PASSED] - Delayed 10 second(s)

2018-06-14 18:24:12 - [TEST_STEP][PASSED] - verifyElementPresent: Object 'Object Repository/UsersPage/users' is present

2018-06-14 18:24:12 - [MESSAGE][PASSED] - Object 'Object Repository/UsersPage/users' is present

2018-06-14 18:24:12 - [TEST_STEP][PASSED] - verifyElementPresent: Object 'Object Repository/UsersPage/viewEditButton' is present

2018-06-14 18:24:12 - [MESSAGE][PASSED] - Object 'Object Repository/UsersPage/viewEditButton' is present

2018-06-14 18:24:12 - [TEST_STEP][PASSED] - Statement - driver = com.kms.katalon.core.webui.driver.DriverFactory.getWebDriver(): null

2018-06-14 18:24:12 - [TEST_STEP][PASSED] - Statement - userList = driver.findElements(org.openqa.selenium.By.xpath(com.kms.katalon.core.testdata.TestDataFactory.findTestData(OR_file).getValue(2, 19))): Reading excel file with source file 'C:\Users\shalinin\Katalon Studio\HME_Scripts\Data Files\HME_OR.xlsx' and sheet name 'Sheet1'

2018-06-14 18:24:12 - [TEST_STEP][PASSED] - Statement - size1 = userList.size(): null

2018-06-14 18:24:12 - [TEST_STEP][PASSED] - Statement - If (size1 <= 0): null

2018-06-14 18:24:12 - [TEST_STEP][PASSED] - Statement - Else: null

2018-06-14 18:24:12 - [TEST_STEP][PASSED] - Statement - out.println("User List is displayed"): null

2018-06-14 18:24:12 - [TEST_STEP][PASSED] - Statement - viewEditButtonList = driver.findElements(org.openqa.selenium.By.xpath(com.kms.katalon.core.testdata.TestDataFactory.findTestData(OR_file).getValue(2, 20))): Reading excel file with source file 'C:\Users\shalinin\Katalon Studio\HME_Scripts\Data Files\HME_OR.xlsx' and sheet name 'Sheet1'

2018-06-14 18:24:12 - [TEST_STEP][PASSED] - Statement - size2 = viewEditButtonList.size(): null

2018-06-14 18:24:12 - [TEST_STEP][PASSED] - Statement - If (size2 <= 0): null

2018-06-14 18:24:12 - [TEST_STEP][PASSED] - Statement - Else: null

2018-06-14 18:24:12 - [TEST_STEP][PASSED] - Statement - out.println("View/Edit Button is displayed"): null

2018-06-14 18:24:12 - [TEST_STEP][PASSED] - uiaction.CommonUIActions.click: uiaction.CommonUIActions.click is PASSED

2018-06-14 18:24:13 - [MESSAGE][PASSED] - uiaction.CommonUIActions.click is PASSED

2018-06-14 18:24:13 - [TEST_STEP][PASSED] - Statement - assert TCflag == true: null

2018-06-14 18:24:13 - [TEST_STEP][PASSED] - Start listener action : sampleAfterTestCase: Browser is closed

2018-06-14 18:24:13 - [TEST_STEP][PASSED] - Statement - println(testCaseContext.getTestCaseId()): null

2018-06-14 18:24:13 - [TEST_STEP][PASSED] - Statement - println(testCaseContext.getTestCaseStatus()): null

2018-06-14 18:24:13 - [TEST_STEP][PASSED] - closeBrowser: Browser is closed

2018-06-14 18:24:14 - [MESSAGE][PASSED] - Browser is closed]]></system-out>
         <system-err><![CDATA[]]></system-err>
      </testcase>
      <testcase name="Test Cases/MasqueradeTC/HME-Masquerade-03" classname="Test Cases/MasqueradeTC/HME-Masquerade-03" status="FAILED">
         <failure type="FAILED" message="com.kms.katalon.core.webui.exception.WebElementNotFoundException: Web element with id: 'Object Repository/StorePage/storeList' located by 'By.xpath: //div[@class='ctable']/table/tbody/tr/td[3]' not found"/>
         <system-out><![CDATA[2018-06-14 18:24:14 - [TEST_CASE][FAILED] - Test Cases/MasqueradeTC/HME-Masquerade-03: Test Cases/MasqueradeTC/HME-Masquerade-03 FAILED because (of) com.kms.katalon.core.webui.exception.WebElementNotFoundException: Web element with id: 'Object Repository/StorePage/storeList' located by 'By.xpath: //div[@class='ctable']/table/tbody/tr/td[3]' not found

2018-06-14 18:24:14 - [TEST_STEP][PASSED] - Start listener action : sampleBeforeTestCase: uiaction.CommonUIActions.deleteAllCookies is PASSED

2018-06-14 18:24:14 - [TEST_STEP][PASSED] - openBrowser: Browser is opened with url: ''

2018-06-14 18:24:16 - [MESSAGE][PASSED] - Browser is opened with url: ''

2018-06-14 18:24:16 - [TEST_STEP][PASSED] - maximizeWindow: Current window maximized

2018-06-14 18:24:17 - [MESSAGE][PASSED] - Current window maximized

2018-06-14 18:24:17 - [TEST_STEP][PASSED] - uiaction.CommonUIActions.deleteAllCookies: uiaction.CommonUIActions.deleteAllCookies is PASSED

2018-06-14 18:24:17 - [MESSAGE][PASSED] - Delete all cookies successfully

2018-06-14 18:24:17 - [MESSAGE][PASSED] - uiaction.CommonUIActions.deleteAllCookies is PASSED

2018-06-14 18:24:17 - [TEST_STEP][PASSED] - Statement - TCflag = true: null

2018-06-14 18:24:17 - [TEST_STEP][FAILED] - Statement - Try: uiaction.CommonUIActions.click is PASSED

2018-06-14 18:24:17 - [TEST_STEP][PASSED] - navigateToUrl: Navigate to 'https://hme-dev-public-cloud-app.azurewebsites.net/admin' successfully

2018-06-14 18:24:20 - [MESSAGE][PASSED] - Navigate to 'https://hme-dev-public-cloud-app.azurewebsites.net/admin' successfully

2018-06-14 18:24:20 - [TEST_STEP][PASSED] - projectSpecific.Reusability.login: projectSpecific.Reusability.login is PASSED

2018-06-14 18:24:20 - [MESSAGE][PASSED] - projectSpecific.Reusability.getTestData is PASSED

2018-06-14 18:24:20 - [MESSAGE][PASSED] - projectSpecific.Reusability.getTestData is PASSED

2018-06-14 18:24:20 - [MESSAGE][PASSED] - Text 'nous-abhradipr@hme.com' is set on object 'Object Repository/LoginPage/Username'

2018-06-14 18:24:20 - [MESSAGE][PASSED] - Text '6Qt*qmL88' is set on object 'Object Repository/LoginPage/Password'

2018-06-14 18:24:20 - [MESSAGE][PASSED] - Object: 'Object Repository/LoginPage/Login' is clicked on

2018-06-14 18:24:20 - [MESSAGE][PASSED] - projectSpecific.Reusability.login is PASSED

2018-06-14 18:24:20 - [TEST_STEP][PASSED] - delay: Delayed 15 second(s)

2018-06-14 18:24:35 - [MESSAGE][PASSED] - Delayed 15 second(s)

2018-06-14 18:24:35 - [TEST_STEP][PASSED] - verifyElementPresent: Object 'Object Repository/HomePage/loggedinUser' is present

2018-06-14 18:24:35 - [MESSAGE][PASSED] - Object 'Object Repository/HomePage/loggedinUser' is present

2018-06-14 18:24:35 - [TEST_STEP][PASSED] - Statement - loggedInUser = CustomKeywords.uiaction.CommonUIActions.getText(com.kms.katalon.core.testobject.ObjectRepository.findTestObject(Object Repository/HomePage/loggedinUser)): uiaction.CommonUIActions.getText is PASSED

2018-06-14 18:24:35 - [MESSAGE][PASSED] - uiaction.CommonUIActions.getText is PASSED

2018-06-14 18:24:35 - [TEST_STEP][PASSED] - Statement - loggedInUser = loggedInUser.trim(): null

2018-06-14 18:24:35 - [TEST_STEP][PASSED] - Statement - loggedinText = CustomKeywords.projectSpecific.Reusability.getTestData("HomePage", "loggedinText"): projectSpecific.Reusability.getTestData is PASSED

2018-06-14 18:24:35 - [MESSAGE][PASSED] - projectSpecific.Reusability.getTestData is PASSED

2018-06-14 18:24:35 - [TEST_STEP][PASSED] - Statement - If (loggedInUser.equals(loggedinText)): null

2018-06-14 18:24:35 - [TEST_STEP][PASSED] - Statement - welcomeUser = CustomKeywords.uiaction.CommonUIActions.getText(com.kms.katalon.core.testobject.ObjectRepository.findTestObject(Object Repository/HomePage/welcomeUserText)): uiaction.CommonUIActions.getText is PASSED

2018-06-14 18:24:35 - [MESSAGE][PASSED] - uiaction.CommonUIActions.getText is PASSED

2018-06-14 18:24:35 - [TEST_STEP][PASSED] - Statement - welcomeUser = welcomeUser.trim(): null

2018-06-14 18:24:35 - [TEST_STEP][PASSED] - Statement - welcomeText = CustomKeywords.projectSpecific.Reusability.getTestData("HomePage", "welcomeText"): projectSpecific.Reusability.getTestData is PASSED

2018-06-14 18:24:35 - [MESSAGE][PASSED] - projectSpecific.Reusability.getTestData is PASSED

2018-06-14 18:24:35 - [TEST_STEP][PASSED] - Statement - If (welcomeUser.equals(welcomeText)): null

2018-06-14 18:24:35 - [TEST_STEP][PASSED] - uiaction.CommonUIActions.click: uiaction.CommonUIActions.click is PASSED

2018-06-14 18:24:37 - [MESSAGE][PASSED] - uiaction.CommonUIActions.click is PASSED

2018-06-14 18:24:37 - [TEST_STEP][PASSED] - verifyElementPresent: Object 'Object Repository/StorePage/storeListHeading2' is present

2018-06-14 18:24:37 - [MESSAGE][PASSED] - Object 'Object Repository/StorePage/storeListHeading2' is present

2018-06-14 18:24:37 - [TEST_STEP][FAILED] - verifyElementPresent: com.kms.katalon.core.webui.exception.WebElementNotFoundException: Web element with id: 'Object Repository/StorePage/storeList' located by 'By.xpath: //div[@class='ctable']/table/tbody/tr/td[3]' not found

2018-06-14 18:24:42 - [MESSAGE][FAILED] - com.kms.katalon.core.webui.exception.WebElementNotFoundException: Web element with id: 'Object Repository/StorePage/storeList' located by 'By.xpath: //div[@class='ctable']/table/tbody/tr/td[3]' not found
[[ATTACHMENT|C:\\Users\\shalinin\\Katalon Studio\\HME_Scripts\\Reports\\RegressionSuite\\20180614_164441\\1528980882212.png]]

2018-06-14 18:24:42 - [TEST_STEP][PASSED] - uiaction.CommonUIActions.click: uiaction.CommonUIActions.click is PASSED

2018-06-14 18:24:42 - [MESSAGE][PASSED] - uiaction.CommonUIActions.click is PASSED

2018-06-14 18:24:42 - [TEST_STEP][FAILED] - verifyElementPresent: com.kms.katalon.core.webui.exception.WebElementNotFoundException: Web element with id: 'Object Repository/StorePage/storedetailslabel' located by 'By.xpath: //span[contains(text(),'Store Details')]' not found

2018-06-14 18:24:48 - [MESSAGE][FAILED] - com.kms.katalon.core.webui.exception.WebElementNotFoundException: Web element with id: 'Object Repository/StorePage/storedetailslabel' located by 'By.xpath: //span[contains(text(),'Store Details')]' not found
[[ATTACHMENT|C:\\Users\\shalinin\\Katalon Studio\\HME_Scripts\\Reports\\RegressionSuite\\20180614_164441\\1528980887777.png]]

2018-06-14 18:24:48 - [TEST_STEP][PASSED] - verifyElementPresent: Object 'Object Repository/StorePage/zoomlabel' is present

2018-06-14 18:24:48 - [MESSAGE][PASSED] - Object 'Object Repository/StorePage/zoomlabel' is present

2018-06-14 18:24:48 - [TEST_STEP][PASSED] - Statement - storedetail_label = CustomKeywords.projectSpecific.Reusability.getTestData("StorePage", "admin_Store_Labels"): projectSpecific.Reusability.getTestData is PASSED

2018-06-14 18:24:48 - [MESSAGE][PASSED] - projectSpecific.Reusability.getTestData is PASSED

2018-06-14 18:24:48 - [TEST_STEP][FAILED] - Statement - defaultareaselected = com.kms.katalon.core.webui.keyword.WebUiBuiltInKeywords.getAttribute(com.kms.katalon.core.testobject.ObjectRepository.findTestObject(StorePage/defaultstoredetsails), "aria-selected"): Unable to get attribute 'aria-selected' of object 'Object Repository/StorePage/defaultstoredetsails' (Root cause: com.kms.katalon.core.webui.exception.WebElementNotFoundException: Web element with id: 'Object Repository/StorePage/defaultstoredetsails' located by 'By.xpath: //div[@id='tabs']/ul/li[1]' not found)

2018-06-14 18:25:18 - [MESSAGE][FAILED] - Unable to get attribute 'aria-selected' of object 'Object Repository/StorePage/defaultstoredetsails' (Root cause: com.kms.katalon.core.webui.exception.WebElementNotFoundException: Web element with id: 'Object Repository/StorePage/defaultstoredetsails' located by 'By.xpath: //div[@id='tabs']/ul/li[1]' not found)
[[ATTACHMENT|C:\\Users\\shalinin\\Katalon Studio\\HME_Scripts\\Reports\\RegressionSuite\\20180614_164441\\1528980918533.png]]

2018-06-14 18:25:18 - [TEST_STEP][PASSED] - Statement - If (defaultareaselected): null

2018-06-14 18:25:18 - [TEST_STEP][PASSED] - Statement - Else: Taking screenshot successfully

2018-06-14 18:25:18 - [TEST_STEP][PASSED] - Statement - If (TCflag): null

2018-06-14 18:25:18 - [TEST_STEP][PASSED] - Statement - out.println("Store Details is not set by default"): null

2018-06-14 18:25:18 - [TEST_STEP][PASSED] - takeScreenshot: Taking screenshot successfully

2018-06-14 18:25:19 - [MESSAGE][PASSED] - Taking screenshot successfully
[[ATTACHMENT|C:\\Users\\shalinin\\Katalon Studio\\HME_Scripts\\Reports\\RegressionSuite\\20180614_164441\\1528980918811.png]]

2018-06-14 18:25:19 - [TEST_STEP][PASSED] - Statement - driver = com.kms.katalon.core.webui.driver.DriverFactory.getWebDriver(): null

2018-06-14 18:25:19 - [TEST_STEP][PASSED] - Statement - storeHeaders = driver.findElements(org.openqa.selenium.By.xpath(com.kms.katalon.core.testdata.TestDataFactory.findTestData(OR_file).getValue(2, 1))): Reading excel file with source file 'C:\Users\shalinin\Katalon Studio\HME_Scripts\Data Files\HME_OR.xlsx' and sheet name 'Sheet1'

2018-06-14 18:25:19 - [TEST_STEP][PASSED] - Statement - storeArraylabels = storedetail_label.split(","): null

2018-06-14 18:25:19 - [TEST_STEP][PASSED] - Statement - storeListlabels = new java.util.ArrayList(java.util.Arrays.asList(storeArraylabels)): null

2018-06-14 18:25:19 - [TEST_STEP][PASSED] - Statement - storeListlabels.unique(): null

2018-06-14 18:25:19 - [TEST_STEP][PASSED] - Statement - out.println(storeListlabels): null

2018-06-14 18:25:19 - [TEST_STEP][PASSED] - Statement - count = 0: null

2018-06-14 18:25:19 - [TEST_STEP][PASSED] - Statement - For ([i = 0, i < storeHeaders.size(), (i++)]): null

2018-06-14 18:25:19 - [TEST_STEP][PASSED] - Statement - If (count == storeHeaders.size()): Taking screenshot successfully

2018-06-14 18:25:19 - [TEST_STEP][PASSED] - takeScreenshot: Taking screenshot successfully

2018-06-14 18:25:19 - [MESSAGE][PASSED] - Taking screenshot successfully
[[ATTACHMENT|C:\\Users\\shalinin\\Katalon Studio\\HME_Scripts\\Reports\\RegressionSuite\\20180614_164441\\1528980919103.png]]

2018-06-14 18:25:19 - [TEST_STEP][PASSED] - Statement - storeDetails = CustomKeywords.projectSpecific.Reusability.getTestData("StorePage", "admin_Store_Details"): projectSpecific.Reusability.getTestData is PASSED

2018-06-14 18:25:19 - [MESSAGE][PASSED] - projectSpecific.Reusability.getTestData is PASSED

2018-06-14 18:25:19 - [TEST_STEP][PASSED] - Statement - storeArray = storeDetails.split(","): null

2018-06-14 18:25:19 - [TEST_STEP][PASSED] - Statement - storeList = new java.util.ArrayList(java.util.Arrays.asList(storeArray)): null

2018-06-14 18:25:19 - [TEST_STEP][PASSED] - Statement - storeList.unique(): null

2018-06-14 18:25:19 - [TEST_STEP][PASSED] - Statement - out.println(storeList): null

2018-06-14 18:25:19 - [TEST_STEP][PASSED] - Statement - storeElements = driver.findElements(org.openqa.selenium.By.xpath(com.kms.katalon.core.testdata.TestDataFactory.findTestData(OR_file).getValue(2, 21))): Reading excel file with source file 'C:\Users\shalinin\Katalon Studio\HME_Scripts\Data Files\HME_OR.xlsx' and sheet name 'Sheet1'

2018-06-14 18:25:19 - [TEST_STEP][PASSED] - Statement - actualList = new java.util.ArrayList(): null

2018-06-14 18:25:19 - [TEST_STEP][PASSED] - Statement - For ([i = 0, i < storeElements.size(), (i++)]): null

2018-06-14 18:25:19 - [TEST_STEP][PASSED] - Statement - actualList.add(i, storeElements.get(i).getText()): null

2018-06-14 18:25:19 - [TEST_STEP][PASSED] - Statement - actualList.add(i, storeElements.get(i).getText()): null

2018-06-14 18:25:19 - [TEST_STEP][PASSED] - Statement - actualList.add(i, storeElements.get(i).getText()): null

2018-06-14 18:25:19 - [TEST_STEP][PASSED] - Statement - actualList.add(i, storeElements.get(i).getText()): null

2018-06-14 18:25:19 - [TEST_STEP][PASSED] - Statement - actualList.add(i, storeElements.get(i).getText()): null

2018-06-14 18:25:19 - [TEST_STEP][PASSED] - Statement - actualList.add(i, storeElements.get(i).getText()): null

2018-06-14 18:25:19 - [TEST_STEP][PASSED] - Statement - actualList.add(i, storeElements.get(i).getText()): null

2018-06-14 18:25:19 - [TEST_STEP][PASSED] - Statement - actualList.add(i, storeElements.get(i).getText()): null

2018-06-14 18:25:19 - [TEST_STEP][PASSED] - Statement - actualList.add(i, storeElements.get(i).getText()): null

2018-06-14 18:25:19 - [TEST_STEP][PASSED] - Statement - actualList.add(i, storeElements.get(i).getText()): null

2018-06-14 18:25:19 - [TEST_STEP][PASSED] - Statement - actualList.add(i, storeElements.get(i).getText()): null

2018-06-14 18:25:19 - [TEST_STEP][PASSED] - Statement - actualList.add(i, storeElements.get(i).getText()): null

2018-06-14 18:25:19 - [TEST_STEP][PASSED] - Statement - actualList.add(i, storeElements.get(i).getText()): null

2018-06-14 18:25:19 - [TEST_STEP][PASSED] - Statement - actualList.add(i, storeElements.get(i).getText()): null

2018-06-14 18:25:19 - [TEST_STEP][PASSED] - Statement - actualList.add(i, storeElements.get(i).getText()): null

2018-06-14 18:25:19 - [TEST_STEP][PASSED] - Statement - actualList.add(i, storeElements.get(i).getText()): null

2018-06-14 18:25:19 - [TEST_STEP][PASSED] - Statement - actualList.add(i, storeElements.get(i).getText()): null

2018-06-14 18:25:19 - [TEST_STEP][PASSED] - Statement - actualList.add(i, storeElements.get(i).getText()): null

2018-06-14 18:25:19 - [TEST_STEP][PASSED] - Statement - actualList.add(i, storeElements.get(i).getText()): null

2018-06-14 18:25:19 - [TEST_STEP][PASSED] - Statement - actualList.add(i, storeElements.get(i).getText()): null

2018-06-14 18:25:19 - [TEST_STEP][PASSED] - Statement - out.println(actualList): null

2018-06-14 18:25:19 - [TEST_STEP][PASSED] - Statement - execFlag1 = true: null

2018-06-14 18:25:19 - [TEST_STEP][FAILED] - Statement - For ([j = 0, j < actualList.size(), (j++)]): null

2018-06-14 18:25:19 - [TEST_STEP][PASSED] - Statement - execFlag1 = com.kms.katalon.core.webui.keyword.WebUiBuiltInKeywords.verifyMatch(storeList.get(j).toString().trim(), actualList.get(j).toString().trim(), false): Actual text 'Brand: *' and expected text 'Brand: *' are matched 

2018-06-14 18:25:19 - [MESSAGE][PASSED] - Actual text 'Brand: *' and expected text 'Brand: *' are matched 

2018-06-14 18:25:19 - [TEST_STEP][PASSED] - Statement - If (!(execFlag1)): null

2018-06-14 18:25:19 - [TEST_STEP][FAILED] - Statement - execFlag1 = com.kms.katalon.core.webui.keyword.WebUiBuiltInKeywords.verifyMatch(storeList.get(j).toString().trim(), actualList.get(j).toString().trim(), false): Unable to verify match between actual text 'Store Name:' and expected text 'Store Name' (Root cause: Actual text 'Store Name:' and expected text 'Store Name' are not matched)

2018-06-14 18:25:19 - [MESSAGE][FAILED] - Unable to verify match between actual text 'Store Name:' and expected text 'Store Name' (Root cause: Actual text 'Store Name:' and expected text 'Store Name' are not matched)

2018-06-14 18:25:19 - [TEST_STEP][PASSED] - Statement - If (!(execFlag1)): null

2018-06-14 18:25:19 - [TEST_STEP][PASSED] - Statement - out.println("Store details lables are not matched "): null

2018-06-14 18:25:19 - [TEST_STEP][PASSED] - takeScreenshot: Taking screenshot successfully

2018-06-14 18:25:19 - [MESSAGE][PASSED] - Taking screenshot successfully
[[ATTACHMENT|C:\\Users\\shalinin\\Katalon Studio\\HME_Scripts\\Reports\\RegressionSuite\\20180614_164441\\1528980919707.png]]

2018-06-14 18:25:19 - [TEST_STEP][PASSED] - Statement - Break: null

2018-06-14 18:25:19 - [TEST_STEP][PASSED] - Statement - If (execFlag1): null

2018-06-14 18:25:19 - [TEST_STEP][PASSED] - Statement - Else: Taking screenshot successfully

2018-06-14 18:25:19 - [TEST_STEP][PASSED] - Statement - If (TCflag): null

2018-06-14 18:25:19 - [TEST_STEP][PASSED] - Statement - out.println("Failed to verify the Store details labels"): null

2018-06-14 18:25:19 - [TEST_STEP][PASSED] - takeScreenshot: Taking screenshot successfully

2018-06-14 18:25:20 - [MESSAGE][PASSED] - Taking screenshot successfully
[[ATTACHMENT|C:\\Users\\shalinin\\Katalon Studio\\HME_Scripts\\Reports\\RegressionSuite\\20180614_164441\\1528980919974.png]]

2018-06-14 18:25:20 - [TEST_STEP][FAILED] - Statement - attrDisabled = com.kms.katalon.core.webui.keyword.WebUiBuiltInKeywords.getAttribute(com.kms.katalon.core.testobject.ObjectRepository.findTestObject(StorePage/brandSelect), "disabled"): Unable to get attribute 'disabled' of object 'Object Repository/StorePage/brandSelect' (Root cause: com.kms.katalon.core.webui.exception.WebElementNotFoundException: Web element with id: 'Object Repository/StorePage/brandSelect' located by 'By.xpath: //table[@class='user_form']/tbody/tr/td/table/tbody/tr/td/select' not found)

2018-06-14 18:25:50 - [MESSAGE][FAILED] - Unable to get attribute 'disabled' of object 'Object Repository/StorePage/brandSelect' (Root cause: com.kms.katalon.core.webui.exception.WebElementNotFoundException: Web element with id: 'Object Repository/StorePage/brandSelect' located by 'By.xpath: //table[@class='user_form']/tbody/tr/td/table/tbody/tr/td/select' not found)
[[ATTACHMENT|C:\\Users\\shalinin\\Katalon Studio\\HME_Scripts\\Reports\\RegressionSuite\\20180614_164441\\1528980950700.png]]

2018-06-14 18:25:50 - [TEST_STEP][PASSED] - Statement - If (attrDisabled): null

2018-06-14 18:25:50 - [TEST_STEP][PASSED] - Statement - Else: Taking screenshot successfully

2018-06-14 18:25:50 - [TEST_STEP][PASSED] - Statement - If (TCflag): null

2018-06-14 18:25:50 - [TEST_STEP][PASSED] - Statement - out.println("Brand name is editable field"): null

2018-06-14 18:25:50 - [TEST_STEP][PASSED] - takeScreenshot: Taking screenshot successfully

2018-06-14 18:25:51 - [MESSAGE][PASSED] - Taking screenshot successfully
[[ATTACHMENT|C:\\Users\\shalinin\\Katalon Studio\\HME_Scripts\\Reports\\RegressionSuite\\20180614_164441\\1528980950969.png]]

2018-06-14 18:25:51 - [TEST_STEP][PASSED] - Statement - inputFields = driver.findElements(org.openqa.selenium.By.xpath(com.kms.katalon.core.testdata.TestDataFactory.findTestData(OR_file).getValue(2, 22))): Reading excel file with source file 'C:\Users\shalinin\Katalon Studio\HME_Scripts\Data Files\HME_OR.xlsx' and sheet name 'Sheet1'

2018-06-14 18:25:51 - [TEST_STEP][PASSED] - Statement - inputFieldsResults = new java.util.ArrayList(): null

2018-06-14 18:25:51 - [TEST_STEP][PASSED] - Statement - For ([i = 0, i < inputFields.size(), (i++)]): Delayed 3 second(s)

2018-06-14 18:25:51 - [TEST_STEP][PASSED] - Statement - If (i != 1): null

2018-06-14 18:25:51 - [TEST_STEP][PASSED] - Statement - attr = inputFields[i].getAttribute("disabled"): null

2018-06-14 18:25:51 - [TEST_STEP][PASSED] - Statement - If (attr): null

2018-06-14 18:25:51 - [TEST_STEP][PASSED] - delay: Delayed 3 second(s)

2018-06-14 18:25:54 - [MESSAGE][PASSED] - Delayed 3 second(s)

2018-06-14 18:25:54 - [TEST_STEP][PASSED] - Statement - If (i != 1): null

2018-06-14 18:25:54 - [TEST_STEP][PASSED] - Statement - Else: null

2018-06-14 18:25:54 - [TEST_STEP][PASSED] - Statement - inputFieldsResults[i] = "disabled": null

2018-06-14 18:25:54 - [TEST_STEP][PASSED] - delay: Delayed 3 second(s)

2018-06-14 18:25:57 - [MESSAGE][PASSED] - Delayed 3 second(s)

2018-06-14 18:25:57 - [TEST_STEP][PASSED] - Statement - If (i != 1): null

2018-06-14 18:25:57 - [TEST_STEP][PASSED] - Statement - attr = inputFields[i].getAttribute("disabled"): null

2018-06-14 18:25:57 - [TEST_STEP][PASSED] - Statement - If (attr): null

2018-06-14 18:25:57 - [TEST_STEP][PASSED] - delay: Delayed 3 second(s)

2018-06-14 18:26:00 - [MESSAGE][PASSED] - Delayed 3 second(s)

2018-06-14 18:26:00 - [TEST_STEP][PASSED] - Statement - If (i != 1): null

2018-06-14 18:26:00 - [TEST_STEP][PASSED] - Statement - attr = inputFields[i].getAttribute("disabled"): null

2018-06-14 18:26:00 - [TEST_STEP][PASSED] - Statement - If (attr): null

2018-06-14 18:26:00 - [TEST_STEP][PASSED] - delay: Delayed 3 second(s)

2018-06-14 18:26:03 - [MESSAGE][PASSED] - Delayed 3 second(s)

2018-06-14 18:26:03 - [TEST_STEP][PASSED] - Statement - If (i != 1): null

2018-06-14 18:26:03 - [TEST_STEP][PASSED] - Statement - attr = inputFields[i].getAttribute("disabled"): null

2018-06-14 18:26:03 - [TEST_STEP][PASSED] - Statement - If (attr): null

2018-06-14 18:26:03 - [TEST_STEP][PASSED] - delay: Delayed 3 second(s)

2018-06-14 18:26:06 - [MESSAGE][PASSED] - Delayed 3 second(s)

2018-06-14 18:26:06 - [TEST_STEP][PASSED] - Statement - If (i != 1): null

2018-06-14 18:26:06 - [TEST_STEP][PASSED] - Statement - attr = inputFields[i].getAttribute("disabled"): null

2018-06-14 18:26:06 - [TEST_STEP][PASSED] - Statement - If (attr): null

2018-06-14 18:26:06 - [TEST_STEP][PASSED] - delay: Delayed 3 second(s)

2018-06-14 18:26:09 - [MESSAGE][PASSED] - Delayed 3 second(s)

2018-06-14 18:26:09 - [TEST_STEP][PASSED] - Statement - If (i != 1): null

2018-06-14 18:26:09 - [TEST_STEP][PASSED] - Statement - attr = inputFields[i].getAttribute("disabled"): null

2018-06-14 18:26:09 - [TEST_STEP][PASSED] - Statement - If (attr): null

2018-06-14 18:26:09 - [TEST_STEP][PASSED] - delay: Delayed 3 second(s)

2018-06-14 18:26:12 - [MESSAGE][PASSED] - Delayed 3 second(s)

2018-06-14 18:26:12 - [TEST_STEP][PASSED] - Statement - If (i != 1): null

2018-06-14 18:26:12 - [TEST_STEP][PASSED] - Statement - attr = inputFields[i].getAttribute("disabled"): null

2018-06-14 18:26:12 - [TEST_STEP][PASSED] - Statement - If (attr): null

2018-06-14 18:26:12 - [TEST_STEP][PASSED] - delay: Delayed 3 second(s)

2018-06-14 18:26:15 - [MESSAGE][PASSED] - Delayed 3 second(s)

2018-06-14 18:26:15 - [TEST_STEP][PASSED] - Statement - If (i != 1): null

2018-06-14 18:26:15 - [TEST_STEP][PASSED] - Statement - attr = inputFields[i].getAttribute("disabled"): null

2018-06-14 18:26:15 - [TEST_STEP][PASSED] - Statement - If (attr): null

2018-06-14 18:26:15 - [TEST_STEP][PASSED] - delay: Delayed 3 second(s)

2018-06-14 18:26:18 - [MESSAGE][PASSED] - Delayed 3 second(s)

2018-06-14 18:26:18 - [TEST_STEP][PASSED] - Statement - If (i != 1): null

2018-06-14 18:26:18 - [TEST_STEP][PASSED] - Statement - attr = inputFields[i].getAttribute("disabled"): null

2018-06-14 18:26:18 - [TEST_STEP][PASSED] - Statement - If (attr): null

2018-06-14 18:26:18 - [TEST_STEP][PASSED] - delay: Delayed 3 second(s)

2018-06-14 18:26:21 - [MESSAGE][PASSED] - Delayed 3 second(s)

2018-06-14 18:26:21 - [TEST_STEP][PASSED] - Statement - If (i != 1): null

2018-06-14 18:26:21 - [TEST_STEP][PASSED] - Statement - attr = inputFields[i].getAttribute("disabled"): null

2018-06-14 18:26:21 - [TEST_STEP][PASSED] - Statement - If (attr): null

2018-06-14 18:26:21 - [TEST_STEP][PASSED] - delay: Delayed 3 second(s)

2018-06-14 18:26:24 - [MESSAGE][PASSED] - Delayed 3 second(s)

2018-06-14 18:26:24 - [TEST_STEP][PASSED] - Statement - If (i != 1): null

2018-06-14 18:26:24 - [TEST_STEP][PASSED] - Statement - attr = inputFields[i].getAttribute("disabled"): null

2018-06-14 18:26:24 - [TEST_STEP][PASSED] - Statement - If (attr): null

2018-06-14 18:26:24 - [TEST_STEP][PASSED] - delay: Delayed 3 second(s)

2018-06-14 18:26:27 - [MESSAGE][PASSED] - Delayed 3 second(s)

2018-06-14 18:26:27 - [TEST_STEP][PASSED] - Statement - If (i != 1): null

2018-06-14 18:26:27 - [TEST_STEP][PASSED] - Statement - attr = inputFields[i].getAttribute("disabled"): null

2018-06-14 18:26:27 - [TEST_STEP][PASSED] - Statement - If (attr): null

2018-06-14 18:26:27 - [TEST_STEP][PASSED] - delay: Delayed 3 second(s)

2018-06-14 18:26:30 - [MESSAGE][PASSED] - Delayed 3 second(s)

2018-06-14 18:26:30 - [TEST_STEP][PASSED] - Statement - If (i != 1): null

2018-06-14 18:26:30 - [TEST_STEP][PASSED] - Statement - attr = inputFields[i].getAttribute("disabled"): null

2018-06-14 18:26:30 - [TEST_STEP][PASSED] - Statement - If (attr): null

2018-06-14 18:26:30 - [TEST_STEP][PASSED] - delay: Delayed 3 second(s)

2018-06-14 18:26:33 - [MESSAGE][PASSED] - Delayed 3 second(s)

2018-06-14 18:26:33 - [TEST_STEP][PASSED] - Statement - If (i != 1): null

2018-06-14 18:26:33 - [TEST_STEP][PASSED] - Statement - attr = inputFields[i].getAttribute("disabled"): null

2018-06-14 18:26:33 - [TEST_STEP][PASSED] - Statement - If (attr): null

2018-06-14 18:26:33 - [TEST_STEP][PASSED] - delay: Delayed 3 second(s)

2018-06-14 18:26:36 - [MESSAGE][PASSED] - Delayed 3 second(s)

2018-06-14 18:26:36 - [TEST_STEP][PASSED] - Statement - If (i != 1): null

2018-06-14 18:26:36 - [TEST_STEP][PASSED] - Statement - attr = inputFields[i].getAttribute("disabled"): null

2018-06-14 18:26:36 - [TEST_STEP][PASSED] - Statement - If (attr): null

2018-06-14 18:26:36 - [TEST_STEP][PASSED] - Statement - Else: null

2018-06-14 18:26:36 - [TEST_STEP][PASSED] - Statement - inputFieldsResults[i] = "enabled": null

2018-06-14 18:26:36 - [TEST_STEP][PASSED] - delay: Delayed 3 second(s)

2018-06-14 18:26:39 - [MESSAGE][PASSED] - Delayed 3 second(s)

2018-06-14 18:26:39 - [TEST_STEP][PASSED] - Statement - If (i != 1): null

2018-06-14 18:26:39 - [TEST_STEP][PASSED] - Statement - attr = inputFields[i].getAttribute("disabled"): null

2018-06-14 18:26:39 - [TEST_STEP][PASSED] - Statement - If (attr): null

2018-06-14 18:26:39 - [TEST_STEP][PASSED] - delay: Delayed 3 second(s)

2018-06-14 18:26:42 - [MESSAGE][PASSED] - Delayed 3 second(s)

2018-06-14 18:26:42 - [TEST_STEP][PASSED] - Statement - If (i != 1): null

2018-06-14 18:26:42 - [TEST_STEP][PASSED] - Statement - attr = inputFields[i].getAttribute("disabled"): null

2018-06-14 18:26:42 - [TEST_STEP][PASSED] - Statement - If (attr): null

2018-06-14 18:26:42 - [TEST_STEP][PASSED] - Statement - Else: null

2018-06-14 18:26:42 - [TEST_STEP][PASSED] - Statement - inputFieldsResults[i] = "enabled": null

2018-06-14 18:26:42 - [TEST_STEP][PASSED] - delay: Delayed 3 second(s)

2018-06-14 18:26:45 - [MESSAGE][PASSED] - Delayed 3 second(s)

2018-06-14 18:26:45 - [TEST_STEP][PASSED] - Statement - s = inputFieldsResults[1]: null

2018-06-14 18:26:45 - [TEST_STEP][PASSED] - Statement - isEditable = false: null

2018-06-14 18:26:45 - [TEST_STEP][PASSED] - Statement - For ([j = 2, j < inputFieldsResults.size(), (j++)]): null

2018-06-14 18:26:45 - [TEST_STEP][PASSED] - Statement - s1 = inputFieldsResults[j]: null

2018-06-14 18:26:45 - [TEST_STEP][PASSED] - Statement - If (!(s1.equals(s))): null

2018-06-14 18:26:45 - [TEST_STEP][PASSED] - Statement - s1 = inputFieldsResults[j]: null

2018-06-14 18:26:45 - [TEST_STEP][PASSED] - Statement - If (!(s1.equals(s))): null

2018-06-14 18:26:45 - [TEST_STEP][PASSED] - Statement - s1 = inputFieldsResults[j]: null

2018-06-14 18:26:45 - [TEST_STEP][PASSED] - Statement - If (!(s1.equals(s))): null

2018-06-14 18:26:45 - [TEST_STEP][PASSED] - Statement - s1 = inputFieldsResults[j]: null

2018-06-14 18:26:45 - [TEST_STEP][PASSED] - Statement - If (!(s1.equals(s))): null

2018-06-14 18:26:45 - [TEST_STEP][PASSED] - Statement - s1 = inputFieldsResults[j]: null

2018-06-14 18:26:45 - [TEST_STEP][PASSED] - Statement - If (!(s1.equals(s))): null

2018-06-14 18:26:45 - [TEST_STEP][PASSED] - Statement - s1 = inputFieldsResults[j]: null

2018-06-14 18:26:45 - [TEST_STEP][PASSED] - Statement - If (!(s1.equals(s))): null

2018-06-14 18:26:45 - [TEST_STEP][PASSED] - Statement - s1 = inputFieldsResults[j]: null

2018-06-14 18:26:45 - [TEST_STEP][PASSED] - Statement - If (!(s1.equals(s))): null

2018-06-14 18:26:45 - [TEST_STEP][PASSED] - Statement - s1 = inputFieldsResults[j]: null

2018-06-14 18:26:45 - [TEST_STEP][PASSED] - Statement - If (!(s1.equals(s))): null

2018-06-14 18:26:45 - [TEST_STEP][PASSED] - Statement - s1 = inputFieldsResults[j]: null

2018-06-14 18:26:45 - [TEST_STEP][PASSED] - Statement - If (!(s1.equals(s))): null

2018-06-14 18:26:45 - [TEST_STEP][PASSED] - Statement - s1 = inputFieldsResults[j]: null

2018-06-14 18:26:45 - [TEST_STEP][PASSED] - Statement - If (!(s1.equals(s))): null

2018-06-14 18:26:45 - [TEST_STEP][PASSED] - Statement - s1 = inputFieldsResults[j]: null

2018-06-14 18:26:45 - [TEST_STEP][PASSED] - Statement - If (!(s1.equals(s))): null

2018-06-14 18:26:45 - [TEST_STEP][PASSED] - Statement - s1 = inputFieldsResults[j]: null

2018-06-14 18:26:45 - [TEST_STEP][PASSED] - Statement - If (!(s1.equals(s))): null

2018-06-14 18:26:45 - [TEST_STEP][PASSED] - Statement - s1 = inputFieldsResults[j]: null

2018-06-14 18:26:45 - [TEST_STEP][PASSED] - Statement - If (!(s1.equals(s))): null

2018-06-14 18:26:45 - [TEST_STEP][PASSED] - Statement - s1 = inputFieldsResults[j]: null

2018-06-14 18:26:45 - [TEST_STEP][PASSED] - Statement - If (!(s1.equals(s))): null

2018-06-14 18:26:45 - [TEST_STEP][PASSED] - Statement - isEditable = true: null

2018-06-14 18:26:45 - [TEST_STEP][PASSED] - Statement - Break: null

2018-06-14 18:26:45 - [TEST_STEP][PASSED] - Statement - If (!(isEditable)): null

2018-06-14 18:26:45 - [TEST_STEP][PASSED] - Statement - Else: Taking screenshot successfully

2018-06-14 18:26:45 - [TEST_STEP][PASSED] - Statement - If (TCflag): null

2018-06-14 18:26:45 - [TEST_STEP][PASSED] - Statement - out.println("Store fields are editable"): null

2018-06-14 18:26:45 - [TEST_STEP][PASSED] - takeScreenshot: Taking screenshot successfully

2018-06-14 18:26:45 - [MESSAGE][PASSED] - Taking screenshot successfully
[[ATTACHMENT|C:\\Users\\shalinin\\Katalon Studio\\HME_Scripts\\Reports\\RegressionSuite\\20180614_164441\\1528981005390.png]]

2018-06-14 18:26:45 - [TEST_STEP][PASSED] - Statement - attrDisabled = com.kms.katalon.core.webui.keyword.WebUiBuiltInKeywords.getAttribute(com.kms.katalon.core.testobject.ObjectRepository.findTestObject(StorePage/store_City), "disabled"): Attribute 'disabled' of object 'Object Repository/StorePage/store_City' is: 'true'

2018-06-14 18:26:45 - [MESSAGE][PASSED] - Attribute 'disabled' of object 'Object Repository/StorePage/store_City' is: 'true'

2018-06-14 18:26:45 - [TEST_STEP][PASSED] - Statement - If (attrDisabled): null

2018-06-14 18:26:45 - [TEST_STEP][PASSED] - Statement - out.println("Store City is disabled"): null

2018-06-14 18:26:45 - [TEST_STEP][PASSED] - Statement - attrDisabled = com.kms.katalon.core.webui.keyword.WebUiBuiltInKeywords.getAttribute(com.kms.katalon.core.testobject.ObjectRepository.findTestObject(StorePage/store_Region), "disabled"): Attribute 'disabled' of object 'Object Repository/StorePage/store_Region' is: 'true'

2018-06-14 18:26:45 - [MESSAGE][PASSED] - Attribute 'disabled' of object 'Object Repository/StorePage/store_Region' is: 'true'

2018-06-14 18:26:45 - [TEST_STEP][PASSED] - Statement - If (attrDisabled): null

2018-06-14 18:26:45 - [TEST_STEP][PASSED] - Statement - out.println("Store Region is disabled"): null

2018-06-14 18:26:45 - [TEST_STEP][PASSED] - Statement - attrDisabled = com.kms.katalon.core.webui.keyword.WebUiBuiltInKeywords.getAttribute(com.kms.katalon.core.testobject.ObjectRepository.findTestObject(StorePage/store_Country), "disabled"): Attribute 'disabled' of object 'Object Repository/StorePage/store_Country' is: 'true'

2018-06-14 18:26:45 - [MESSAGE][PASSED] - Attribute 'disabled' of object 'Object Repository/StorePage/store_Country' is: 'true'

2018-06-14 18:26:45 - [TEST_STEP][PASSED] - Statement - If (attrDisabled): null

2018-06-14 18:26:45 - [TEST_STEP][PASSED] - Statement - out.println("Store Country is disabled"): null

2018-06-14 18:26:45 - [TEST_STEP][PASSED] - Statement - attrDisabled = com.kms.katalon.core.webui.keyword.WebUiBuiltInKeywords.verifyElementClickable(com.kms.katalon.core.testobject.ObjectRepository.findTestObject(StorePage/store_timeZone)): Object 'Object Repository/StorePage/store_timeZone' is clickable

2018-06-14 18:26:45 - [MESSAGE][PASSED] - Object 'Object Repository/StorePage/store_timeZone' is clickable

2018-06-14 18:26:45 - [TEST_STEP][PASSED] - Statement - If (attrDisabled): null

2018-06-14 18:26:45 - [TEST_STEP][PASSED] - Statement - out.println("Store timeZone is enabled"): null

2018-06-14 18:26:45 - [TEST_STEP][PASSED] - uiaction.CommonUIActions.click: uiaction.CommonUIActions.click is PASSED

2018-06-14 18:27:06 - [MESSAGE][PASSED] - uiaction.CommonUIActions.click is PASSED

2018-06-14 18:27:06 - [TEST_STEP][PASSED] - uiaction.CommonUIActions.click: uiaction.CommonUIActions.click is PASSED

2018-06-14 18:27:06 - [MESSAGE][PASSED] - uiaction.CommonUIActions.click is PASSED

2018-06-14 18:27:06 - [TEST_STEP][PASSED] - Statement - searchUserText = CustomKeywords.projectSpecific.Reusability.getTestData("UsersPage", "userSearchText"): projectSpecific.Reusability.getTestData is PASSED

2018-06-14 18:27:06 - [MESSAGE][PASSED] - projectSpecific.Reusability.getTestData is PASSED

2018-06-14 18:27:06 - [TEST_STEP][PASSED] - uiaction.CommonUIActions.enter: uiaction.CommonUIActions.enter is PASSED

2018-06-14 18:27:26 - [MESSAGE][PASSED] - uiaction.CommonUIActions.enter is PASSED

2018-06-14 18:27:26 - [TEST_STEP][PASSED] - uiaction.CommonUIActions.click: uiaction.CommonUIActions.click is PASSED

2018-06-14 18:27:46 - [MESSAGE][PASSED] - uiaction.CommonUIActions.click is PASSED

2018-06-14 18:27:46 - [TEST_STEP][PASSED] - uiaction.CommonUIActions.click: uiaction.CommonUIActions.click is PASSED

2018-06-14 18:28:07 - [MESSAGE][PASSED] - uiaction.CommonUIActions.click is PASSED

2018-06-14 18:28:07 - [TEST_STEP][PASSED] - delay: Delayed 10 second(s)

2018-06-14 18:28:17 - [MESSAGE][PASSED] - Delayed 10 second(s)

2018-06-14 18:28:17 - [TEST_STEP][PASSED] - uiaction.CommonUIActions.click: uiaction.CommonUIActions.click is PASSED

2018-06-14 18:28:37 - [MESSAGE][PASSED] - uiaction.CommonUIActions.click is PASSED

2018-06-14 18:28:37 - [TEST_STEP][PASSED] - delay: Delayed 10 second(s)

2018-06-14 18:28:47 - [MESSAGE][PASSED] - Delayed 10 second(s)

2018-06-14 18:28:47 - [TEST_STEP][PASSED] - Statement - userStoreList = driver.findElements(org.openqa.selenium.By.xpath(com.kms.katalon.core.testdata.TestDataFactory.findTestData(OR_file).getValue(2, 23))): Reading excel file with source file 'C:\Users\shalinin\Katalon Studio\HME_Scripts\Data Files\HME_OR.xlsx' and sheet name 'Sheet1'

2018-06-14 18:28:47 - [TEST_STEP][PASSED] - Statement - userstoreListSize = userStoreList.size(): null

2018-06-14 18:28:47 - [TEST_STEP][PASSED] - uiaction.CommonUIActions.click: uiaction.CommonUIActions.click is PASSED

2018-06-14 18:28:47 - [MESSAGE][PASSED] - uiaction.CommonUIActions.click is PASSED

2018-06-14 18:28:47 - [TEST_STEP][PASSED] - delay: Delayed 10 second(s)

2018-06-14 18:28:57 - [MESSAGE][PASSED] - Delayed 10 second(s)

2018-06-14 18:28:57 - [TEST_STEP][PASSED] - Statement - adminStoreList = driver.findElements(org.openqa.selenium.By.xpath(com.kms.katalon.core.testdata.TestDataFactory.findTestData(OR_file).getValue(2, 23))): Reading excel file with source file 'C:\Users\shalinin\Katalon Studio\HME_Scripts\Data Files\HME_OR.xlsx' and sheet name 'Sheet1'

2018-06-14 18:28:57 - [TEST_STEP][PASSED] - Statement - adminstoreListSize = adminStoreList.size(): null

2018-06-14 18:28:57 - [TEST_STEP][PASSED] - Statement - If (userstoreListSize != adminstoreListSize): null

2018-06-14 18:28:57 - [TEST_STEP][PASSED] - Statement - Else: Taking screenshot successfully

2018-06-14 18:28:57 - [TEST_STEP][PASSED] - Statement - If (TCflag): null

2018-06-14 18:28:57 - [TEST_STEP][PASSED] - Statement - out.println(searchUserText + " User can see stores which are not related to him"): null

2018-06-14 18:28:57 - [TEST_STEP][PASSED] - takeScreenshot: Taking screenshot successfully

2018-06-14 18:28:57 - [MESSAGE][PASSED] - Taking screenshot successfully
[[ATTACHMENT|C:\\Users\\shalinin\\Katalon Studio\\HME_Scripts\\Reports\\RegressionSuite\\20180614_164441\\1528981137473.png]]

2018-06-14 18:28:57 - [TEST_STEP][PASSED] - uiaction.CommonUIActions.click: uiaction.CommonUIActions.click is PASSED

2018-06-14 18:29:18 - [MESSAGE][PASSED] - uiaction.CommonUIActions.click is PASSED

2018-06-14 18:29:18 - [TEST_STEP][PASSED] - Statement - assert TCflag == true: null

2018-06-14 18:29:18 - [TEST_STEP][PASSED] - Start listener action : sampleAfterTestCase: Browser is closed

2018-06-14 18:29:18 - [TEST_STEP][PASSED] - Statement - println(testCaseContext.getTestCaseId()): null

2018-06-14 18:29:18 - [TEST_STEP][PASSED] - Statement - println(testCaseContext.getTestCaseStatus()): null

2018-06-14 18:29:18 - [TEST_STEP][PASSED] - closeBrowser: Browser is closed

2018-06-14 18:29:18 - [MESSAGE][PASSED] - Browser is closed]]></system-out>
         <system-err><![CDATA[2018-06-14 18:24:14 - [TEST_CASE][FAILED] - Test Cases/MasqueradeTC/HME-Masquerade-03: Test Cases/MasqueradeTC/HME-Masquerade-03 FAILED because (of) com.kms.katalon.core.webui.exception.WebElementNotFoundException: Web element with id: 'Object Repository/StorePage/storeList' located by 'By.xpath: //div[@class='ctable']/table/tbody/tr/td[3]' not found]]></system-err>
      </testcase>
      <testcase name="Test Cases/MasqueradeTC/HME-Masquerade-04" classname="Test Cases/MasqueradeTC/HME-Masquerade-04" status="PASSED">
         <system-out><![CDATA[2018-06-14 18:29:18 - [TEST_CASE][PASSED] - Test Cases/MasqueradeTC/HME-Masquerade-04: Browser is closed

2018-06-14 18:29:18 - [TEST_STEP][PASSED] - Start listener action : sampleBeforeTestCase: uiaction.CommonUIActions.deleteAllCookies is PASSED

2018-06-14 18:29:18 - [TEST_STEP][PASSED] - openBrowser: Browser is opened with url: ''

2018-06-14 18:29:20 - [MESSAGE][PASSED] - Browser is opened with url: ''

2018-06-14 18:29:20 - [TEST_STEP][PASSED] - maximizeWindow: Current window maximized

2018-06-14 18:29:22 - [MESSAGE][PASSED] - Current window maximized

2018-06-14 18:29:22 - [TEST_STEP][PASSED] - uiaction.CommonUIActions.deleteAllCookies: uiaction.CommonUIActions.deleteAllCookies is PASSED

2018-06-14 18:29:22 - [MESSAGE][PASSED] - Delete all cookies successfully

2018-06-14 18:29:22 - [MESSAGE][PASSED] - uiaction.CommonUIActions.deleteAllCookies is PASSED

2018-06-14 18:29:22 - [TEST_STEP][PASSED] - Statement - TCflag = true: null

2018-06-14 18:29:22 - [TEST_STEP][PASSED] - Statement - Try: uiaction.CommonUIActions.click is PASSED

2018-06-14 18:29:22 - [TEST_STEP][PASSED] - navigateToUrl: Navigate to 'https://hme-dev-public-cloud-app.azurewebsites.net/admin' successfully

2018-06-14 18:29:25 - [MESSAGE][PASSED] - Navigate to 'https://hme-dev-public-cloud-app.azurewebsites.net/admin' successfully

2018-06-14 18:29:25 - [TEST_STEP][PASSED] - projectSpecific.Reusability.login: projectSpecific.Reusability.login is PASSED

2018-06-14 18:29:25 - [MESSAGE][PASSED] - projectSpecific.Reusability.getTestData is PASSED

2018-06-14 18:29:25 - [MESSAGE][PASSED] - projectSpecific.Reusability.getTestData is PASSED

2018-06-14 18:29:25 - [MESSAGE][PASSED] - Text 'nous-abhradipr@hme.com' is set on object 'Object Repository/LoginPage/Username'

2018-06-14 18:29:25 - [MESSAGE][PASSED] - Text '6Qt*qmL88' is set on object 'Object Repository/LoginPage/Password'

2018-06-14 18:29:25 - [MESSAGE][PASSED] - Object: 'Object Repository/LoginPage/Login' is clicked on

2018-06-14 18:29:25 - [MESSAGE][PASSED] - projectSpecific.Reusability.login is PASSED

2018-06-14 18:29:25 - [TEST_STEP][PASSED] - delay: Delayed 10 second(s)

2018-06-14 18:29:35 - [MESSAGE][PASSED] - Delayed 10 second(s)

2018-06-14 18:29:35 - [TEST_STEP][PASSED] - verifyElementPresent: Object 'Object Repository/HomePage/loggedinUser' is present

2018-06-14 18:29:35 - [MESSAGE][PASSED] - Object 'Object Repository/HomePage/loggedinUser' is present

2018-06-14 18:29:35 - [TEST_STEP][PASSED] - Statement - loggedInUser = CustomKeywords.uiaction.CommonUIActions.getText(com.kms.katalon.core.testobject.ObjectRepository.findTestObject(HomePage/loggedinUser)): uiaction.CommonUIActions.getText is PASSED

2018-06-14 18:29:35 - [MESSAGE][PASSED] - uiaction.CommonUIActions.getText is PASSED

2018-06-14 18:29:35 - [TEST_STEP][PASSED] - Statement - loggedInUser = loggedInUser.trim(): null

2018-06-14 18:29:35 - [TEST_STEP][PASSED] - Statement - loggedinText = CustomKeywords.projectSpecific.Reusability.getTestData("HomePage", "loggedinText"): projectSpecific.Reusability.getTestData is PASSED

2018-06-14 18:29:35 - [MESSAGE][PASSED] - projectSpecific.Reusability.getTestData is PASSED

2018-06-14 18:29:35 - [TEST_STEP][PASSED] - Statement - If (loggedInUser.equals(loggedinText)): null

2018-06-14 18:29:35 - [TEST_STEP][PASSED] - Statement - welcomeUser = CustomKeywords.uiaction.CommonUIActions.getText(com.kms.katalon.core.testobject.ObjectRepository.findTestObject(HomePage/welcomeUserText)): uiaction.CommonUIActions.getText is PASSED

2018-06-14 18:29:35 - [MESSAGE][PASSED] - uiaction.CommonUIActions.getText is PASSED

2018-06-14 18:29:35 - [TEST_STEP][PASSED] - Statement - welcomeUser = welcomeUser.trim(): null

2018-06-14 18:29:35 - [TEST_STEP][PASSED] - Statement - welcomeText = CustomKeywords.projectSpecific.Reusability.getTestData("HomePage", "welcomeText"): projectSpecific.Reusability.getTestData is PASSED

2018-06-14 18:29:35 - [MESSAGE][PASSED] - projectSpecific.Reusability.getTestData is PASSED

2018-06-14 18:29:35 - [TEST_STEP][PASSED] - Statement - If (welcomeUser.equals(welcomeText)): null

2018-06-14 18:29:35 - [TEST_STEP][PASSED] - uiaction.CommonUIActions.click: uiaction.CommonUIActions.click is PASSED

2018-06-14 18:29:36 - [MESSAGE][PASSED] - uiaction.CommonUIActions.click is PASSED

2018-06-14 18:29:36 - [TEST_STEP][PASSED] - Statement - driver = com.kms.katalon.core.webui.driver.DriverFactory.getWebDriver(): null

2018-06-14 18:29:36 - [TEST_STEP][PASSED] - Statement - userlist1 = driver.findElements(org.openqa.selenium.By.xpath("//table//tr/td[3]")): null

2018-06-14 18:29:36 - [TEST_STEP][PASSED] - Statement - If (userlist1.size() > 0): null

2018-06-14 18:29:36 - [TEST_STEP][PASSED] - Statement - out.println("Users are listed in User Page"): null

2018-06-14 18:29:36 - [TEST_STEP][PASSED] - Statement - firstname = CustomKeywords.uiaction.CommonUIActions.getText(com.kms.katalon.core.testobject.ObjectRepository.findTestObject(UsersPage/userFN)): uiaction.CommonUIActions.getText is PASSED

2018-06-14 18:29:36 - [MESSAGE][PASSED] - uiaction.CommonUIActions.getText is PASSED

2018-06-14 18:29:36 - [TEST_STEP][PASSED] - uiaction.CommonUIActions.click: uiaction.CommonUIActions.click is PASSED

2018-06-14 18:29:38 - [MESSAGE][PASSED] - uiaction.CommonUIActions.click is PASSED

2018-06-14 18:29:38 - [TEST_STEP][PASSED] - delay: Delayed 10 second(s)

2018-06-14 18:29:48 - [MESSAGE][PASSED] - Delayed 10 second(s)

2018-06-14 18:29:48 - [TEST_STEP][PASSED] - Statement - firstnamefromuserdetailpage = CustomKeywords.uiaction.CommonUIActions.getAttribute(com.kms.katalon.core.testobject.ObjectRepository.findTestObject(UserDetailsPage/user_firstname), "value"): uiaction.CommonUIActions.getAttribute is PASSED

2018-06-14 18:29:48 - [MESSAGE][PASSED] - Attribute 'value' of object 'Object Repository/UserDetailsPage/user_firstname' is: 'dfsd'

2018-06-14 18:29:48 - [MESSAGE][PASSED] - uiaction.CommonUIActions.getAttribute is PASSED

2018-06-14 18:29:48 - [TEST_STEP][PASSED] - Statement - If (firstnamefromuserdetailpage.equals(firstname)): null

2018-06-14 18:29:48 - [TEST_STEP][PASSED] - Statement - out.println("User first Name is displayed Correctly"): null

2018-06-14 18:29:48 - [TEST_STEP][PASSED] - uiaction.CommonUIActions.click: uiaction.CommonUIActions.click is PASSED

2018-06-14 18:29:49 - [MESSAGE][PASSED] - uiaction.CommonUIActions.click is PASSED

2018-06-14 18:29:49 - [TEST_STEP][PASSED] - uiaction.CommonUIActions.click: uiaction.CommonUIActions.click is PASSED

2018-06-14 18:29:50 - [MESSAGE][PASSED] - uiaction.CommonUIActions.click is PASSED

2018-06-14 18:29:50 - [TEST_STEP][PASSED] - Statement - Lastname_beforeedit = CustomKeywords.uiaction.CommonUIActions.getText(com.kms.katalon.core.testobject.ObjectRepository.findTestObject(UsersPage/userLN)): uiaction.CommonUIActions.getText is PASSED

2018-06-14 18:29:50 - [MESSAGE][PASSED] - uiaction.CommonUIActions.getText is PASSED

2018-06-14 18:29:50 - [TEST_STEP][PASSED] - uiaction.CommonUIActions.click: uiaction.CommonUIActions.click is PASSED

2018-06-14 18:29:51 - [MESSAGE][PASSED] - uiaction.CommonUIActions.click is PASSED

2018-06-14 18:29:51 - [TEST_STEP][PASSED] - uiaction.CommonUIActions.enter: uiaction.CommonUIActions.enter is PASSED

2018-06-14 18:29:51 - [MESSAGE][PASSED] - projectSpecific.Reusability.getTestData is PASSED

2018-06-14 18:29:51 - [MESSAGE][PASSED] - uiaction.CommonUIActions.enter is PASSED

2018-06-14 18:29:51 - [TEST_STEP][PASSED] - uiaction.CommonUIActions.click: uiaction.CommonUIActions.click is PASSED

2018-06-14 18:29:51 - [MESSAGE][PASSED] - uiaction.CommonUIActions.click is PASSED

2018-06-14 18:29:51 - [TEST_STEP][PASSED] - delay: Delayed 10 second(s)

2018-06-14 18:30:01 - [MESSAGE][PASSED] - Delayed 10 second(s)

2018-06-14 18:30:01 - [TEST_STEP][PASSED] - uiaction.CommonUIActions.click: uiaction.CommonUIActions.click is PASSED

2018-06-14 18:30:02 - [MESSAGE][PASSED] - uiaction.CommonUIActions.click is PASSED

2018-06-14 18:30:02 - [TEST_STEP][PASSED] - uiaction.CommonUIActions.click: uiaction.CommonUIActions.click is PASSED

2018-06-14 18:30:03 - [MESSAGE][PASSED] - uiaction.CommonUIActions.click is PASSED

2018-06-14 18:30:03 - [TEST_STEP][PASSED] - Statement - Lastname_afteredit = CustomKeywords.uiaction.CommonUIActions.getText(com.kms.katalon.core.testobject.ObjectRepository.findTestObject(UsersPage/userLN)): uiaction.CommonUIActions.getText is PASSED

2018-06-14 18:30:03 - [MESSAGE][PASSED] - uiaction.CommonUIActions.getText is PASSED

2018-06-14 18:30:03 - [TEST_STEP][PASSED] - Statement - If (!(Lastname_afteredit.equals(Lastname_beforeedit))): null

2018-06-14 18:30:03 - [TEST_STEP][PASSED] - Statement - Else: null

2018-06-14 18:30:03 - [TEST_STEP][PASSED] - Statement - If (TCflag): null

2018-06-14 18:30:03 - [TEST_STEP][PASSED] - Statement - out.println("User Last Name is not edited"): null

2018-06-14 18:30:03 - [TEST_STEP][PASSED] - Statement - TCflag = true: null

2018-06-14 18:30:03 - [TEST_STEP][PASSED] - Statement - userlist = driver.findElements(org.openqa.selenium.By.xpath("//table//tr/td[3]")): null

2018-06-14 18:30:03 - [TEST_STEP][PASSED] - Statement - If (userlist.size() > 0): null

2018-06-14 18:30:03 - [TEST_STEP][PASSED] - Statement - out.println("Users page will be displayed"): null

2018-06-14 18:30:03 - [TEST_STEP][PASSED] - Statement - a = CustomKeywords.uiaction.CommonUIActions.isElementPresent(com.kms.katalon.core.testobject.ObjectRepository.findTestObject(UsersPage/Add_user_btn)): uiaction.CommonUIActions.isElementPresent is PASSED

2018-06-14 18:30:03 - [MESSAGE][PASSED] - uiaction.CommonUIActions.isElementPresent is PASSED

2018-06-14 18:30:03 - [TEST_STEP][PASSED] - Statement - If (a): null

2018-06-14 18:30:03 - [TEST_STEP][PASSED] - Statement - Else: null

2018-06-14 18:30:03 - [TEST_STEP][PASSED] - Statement - out.println("Add User Link is not displayed"): null

2018-06-14 18:30:03 - [TEST_STEP][PASSED] - uiaction.CommonUIActions.click: uiaction.CommonUIActions.click is PASSED

2018-06-14 18:30:04 - [MESSAGE][PASSED] - uiaction.CommonUIActions.click is PASSED

2018-06-14 18:30:04 - [TEST_STEP][PASSED] - delay: Delayed 10 second(s)

2018-06-14 18:30:14 - [MESSAGE][PASSED] - Delayed 10 second(s)

2018-06-14 18:30:14 - [TEST_STEP][PASSED] - Statement - b = CustomKeywords.uiaction.CommonUIActions.isElementPresent(com.kms.katalon.core.testobject.ObjectRepository.findTestObject(UserDetailsPage/removeruser_link)): uiaction.CommonUIActions.isElementPresent is PASSED

2018-06-14 18:30:14 - [MESSAGE][PASSED] - uiaction.CommonUIActions.isElementPresent is PASSED

2018-06-14 18:30:14 - [TEST_STEP][PASSED] - Statement - If (b): null

2018-06-14 18:30:14 - [TEST_STEP][PASSED] - Statement - Else: null

2018-06-14 18:30:14 - [TEST_STEP][PASSED] - Statement - out.println("Remove Link is not displayed"): null

2018-06-14 18:30:14 - [TEST_STEP][PASSED] - uiaction.CommonUIActions.click: uiaction.CommonUIActions.click is PASSED

2018-06-14 18:30:34 - [MESSAGE][PASSED] - uiaction.CommonUIActions.click is PASSED

2018-06-14 18:30:34 - [TEST_STEP][PASSED] - Statement - assert TCflag == true: null

2018-06-14 18:30:34 - [TEST_STEP][PASSED] - Start listener action : sampleAfterTestCase: Browser is closed

2018-06-14 18:30:34 - [TEST_STEP][PASSED] - Statement - println(testCaseContext.getTestCaseId()): null

2018-06-14 18:30:34 - [TEST_STEP][PASSED] - Statement - println(testCaseContext.getTestCaseStatus()): null

2018-06-14 18:30:34 - [TEST_STEP][PASSED] - closeBrowser: Browser is closed

2018-06-14 18:30:35 - [MESSAGE][PASSED] - Browser is closed]]></system-out>
         <system-err><![CDATA[]]></system-err>
      </testcase>
      <testcase name="Test Cases/MasqueradeTC/HME-Masquerade-06" classname="Test Cases/MasqueradeTC/HME-Masquerade-06" status="FAILED">
         <failure type="FAILED" message="org.codehaus.groovy.runtime.powerassert.PowerAssertionError: assert TCflag==true
       |     |
       false false"/>
         <system-out><![CDATA[2018-06-14 18:30:35 - [TEST_CASE][FAILED] - Test Cases/MasqueradeTC/HME-Masquerade-06: Test Cases/MasqueradeTC/HME-Masquerade-06 FAILED because (of) org.codehaus.groovy.runtime.powerassert.PowerAssertionError: assert TCflag==true
       |     |
       false false

2018-06-14 18:30:35 - [TEST_STEP][PASSED] - Start listener action : sampleBeforeTestCase: uiaction.CommonUIActions.deleteAllCookies is PASSED

2018-06-14 18:30:35 - [TEST_STEP][PASSED] - openBrowser: Browser is opened with url: ''

2018-06-14 18:30:37 - [MESSAGE][PASSED] - Browser is opened with url: ''

2018-06-14 18:30:37 - [TEST_STEP][PASSED] - maximizeWindow: Current window maximized

2018-06-14 18:30:38 - [MESSAGE][PASSED] - Current window maximized

2018-06-14 18:30:38 - [TEST_STEP][PASSED] - uiaction.CommonUIActions.deleteAllCookies: uiaction.CommonUIActions.deleteAllCookies is PASSED

2018-06-14 18:30:38 - [MESSAGE][PASSED] - Delete all cookies successfully

2018-06-14 18:30:38 - [MESSAGE][PASSED] - uiaction.CommonUIActions.deleteAllCookies is PASSED

2018-06-14 18:30:38 - [TEST_STEP][PASSED] - Statement - TCflag = true: null

2018-06-14 18:30:38 - [TEST_STEP][PASSED] - Statement - Try: null

2018-06-14 18:30:38 - [TEST_STEP][PASSED] - navigateToUrl: Navigate to 'https://hme-dev-public-cloud-app.azurewebsites.net/admin' successfully

2018-06-14 18:30:41 - [MESSAGE][PASSED] - Navigate to 'https://hme-dev-public-cloud-app.azurewebsites.net/admin' successfully

2018-06-14 18:30:41 - [TEST_STEP][PASSED] - delay: Delayed 15 second(s)

2018-06-14 18:30:56 - [MESSAGE][PASSED] - Delayed 15 second(s)

2018-06-14 18:30:56 - [TEST_STEP][PASSED] - Statement - driver = com.kms.katalon.core.webui.driver.DriverFactory.getWebDriver(): null

2018-06-14 18:30:56 - [TEST_STEP][PASSED] - projectSpecific.Reusability.login: projectSpecific.Reusability.login is PASSED

2018-06-14 18:30:56 - [MESSAGE][PASSED] - projectSpecific.Reusability.getTestData is PASSED

2018-06-14 18:30:56 - [MESSAGE][PASSED] - projectSpecific.Reusability.getTestData is PASSED

2018-06-14 18:30:56 - [MESSAGE][PASSED] - Text 'nous-abhradipr@hme.com' is set on object 'Object Repository/LoginPage/Username'

2018-06-14 18:30:56 - [MESSAGE][PASSED] - Text '6Qt*qmL88' is set on object 'Object Repository/LoginPage/Password'

2018-06-14 18:30:56 - [MESSAGE][PASSED] - Object: 'Object Repository/LoginPage/Login' is clicked on

2018-06-14 18:30:56 - [MESSAGE][PASSED] - projectSpecific.Reusability.login is PASSED

2018-06-14 18:30:56 - [TEST_STEP][PASSED] - delay: Delayed 15 second(s)

2018-06-14 18:31:11 - [MESSAGE][PASSED] - Delayed 15 second(s)

2018-06-14 18:31:11 - [TEST_STEP][PASSED] - verifyElementPresent: Object 'Object Repository/HomePage/loggedinUser' is present

2018-06-14 18:31:11 - [MESSAGE][PASSED] - Object 'Object Repository/HomePage/loggedinUser' is present

2018-06-14 18:31:11 - [TEST_STEP][PASSED] - Statement - loggedInUser = CustomKeywords.uiaction.CommonUIActions.getText(com.kms.katalon.core.testobject.ObjectRepository.findTestObject(HomePage/loggedinUser)): uiaction.CommonUIActions.getText is PASSED

2018-06-14 18:31:11 - [MESSAGE][PASSED] - uiaction.CommonUIActions.getText is PASSED

2018-06-14 18:31:11 - [TEST_STEP][PASSED] - Statement - loggedInUser = loggedInUser.trim(): null

2018-06-14 18:31:11 - [TEST_STEP][PASSED] - Statement - loggedinText = CustomKeywords.projectSpecific.Reusability.getTestData("HomePage", "loggedinText"): projectSpecific.Reusability.getTestData is PASSED

2018-06-14 18:31:11 - [MESSAGE][PASSED] - projectSpecific.Reusability.getTestData is PASSED

2018-06-14 18:31:11 - [TEST_STEP][PASSED] - Statement - If (loggedInUser.equals(loggedinText)): null

2018-06-14 18:31:11 - [TEST_STEP][PASSED] - uiaction.CommonUIActions.click: uiaction.CommonUIActions.click is PASSED

2018-06-14 18:31:13 - [MESSAGE][PASSED] - uiaction.CommonUIActions.click is PASSED

2018-06-14 18:31:13 - [TEST_STEP][PASSED] - delay: Delayed 10 second(s)

2018-06-14 18:31:23 - [MESSAGE][PASSED] - Delayed 10 second(s)

2018-06-14 18:31:23 - [TEST_STEP][PASSED] - Statement - searchUserText2 = CustomKeywords.projectSpecific.Reusability.getTestData("UsersPage", "userSearchText2"): projectSpecific.Reusability.getTestData is PASSED

2018-06-14 18:31:23 - [MESSAGE][PASSED] - projectSpecific.Reusability.getTestData is PASSED

2018-06-14 18:31:23 - [TEST_STEP][PASSED] - uiaction.CommonUIActions.enter: uiaction.CommonUIActions.enter is PASSED

2018-06-14 18:31:23 - [MESSAGE][PASSED] - uiaction.CommonUIActions.enter is PASSED

2018-06-14 18:31:23 - [TEST_STEP][PASSED] - uiaction.CommonUIActions.click: uiaction.CommonUIActions.click is PASSED

2018-06-14 18:31:24 - [MESSAGE][PASSED] - uiaction.CommonUIActions.click is PASSED

2018-06-14 18:31:24 - [TEST_STEP][PASSED] - delay: Delayed 10 second(s)

2018-06-14 18:31:34 - [MESSAGE][PASSED] - Delayed 10 second(s)

2018-06-14 18:31:34 - [TEST_STEP][PASSED] - uiaction.CommonUIActions.click: uiaction.CommonUIActions.click is PASSED

2018-06-14 18:31:36 - [MESSAGE][PASSED] - uiaction.CommonUIActions.click is PASSED

2018-06-14 18:31:36 - [TEST_STEP][PASSED] - refresh: Refresh successfully

2018-06-14 18:31:37 - [MESSAGE][PASSED] - Refresh successfully

2018-06-14 18:31:37 - [TEST_STEP][PASSED] - delay: Delayed 15 second(s)

2018-06-14 18:31:52 - [MESSAGE][PASSED] - Delayed 15 second(s)

2018-06-14 18:31:52 - [TEST_STEP][PASSED] - Statement - viewAsUser = CustomKeywords.uiaction.CommonUIActions.getText(com.kms.katalon.core.testobject.ObjectRepository.findTestObject(UsersPage/viewAsUserText)): uiaction.CommonUIActions.getText is PASSED

2018-06-14 18:31:52 - [MESSAGE][PASSED] - uiaction.CommonUIActions.getText is PASSED

2018-06-14 18:31:52 - [TEST_STEP][PASSED] - Statement - viewAsUser = viewAsUser.trim(): null

2018-06-14 18:31:52 - [TEST_STEP][PASSED] - Statement - viewAsUserText = CustomKeywords.projectSpecific.Reusability.getTestData("HomePage", "viewAsUserText"): projectSpecific.Reusability.getTestData is PASSED

2018-06-14 18:31:52 - [MESSAGE][PASSED] - projectSpecific.Reusability.getTestData is PASSED

2018-06-14 18:31:52 - [TEST_STEP][PASSED] - Statement - If (viewAsUser.equals(viewAsUserText)): null

2018-06-14 18:31:52 - [TEST_STEP][PASSED] - delay: Delayed 10 second(s)

2018-06-14 18:32:02 - [MESSAGE][PASSED] - Delayed 10 second(s)

2018-06-14 18:32:02 - [TEST_STEP][PASSED] - uiaction.CommonUIActions.click: uiaction.CommonUIActions.click is PASSED

2018-06-14 18:32:03 - [MESSAGE][PASSED] - uiaction.CommonUIActions.click is PASSED

2018-06-14 18:32:03 - [TEST_STEP][PASSED] - delay: Delayed 10 second(s)

2018-06-14 18:32:13 - [MESSAGE][PASSED] - Delayed 10 second(s)

2018-06-14 18:32:13 - [TEST_STEP][PASSED] - uiaction.CommonUIActions.click: uiaction.CommonUIActions.click is PASSED

2018-06-14 18:32:14 - [MESSAGE][PASSED] - uiaction.CommonUIActions.click is PASSED

2018-06-14 18:32:14 - [TEST_STEP][PASSED] - delay: Delayed 10 second(s)

2018-06-14 18:32:24 - [MESSAGE][PASSED] - Delayed 10 second(s)

2018-06-14 18:32:24 - [TEST_STEP][PASSED] - verifyElementPresent: Object 'Object Repository/UsersPage/users' is present

2018-06-14 18:32:24 - [MESSAGE][PASSED] - Object 'Object Repository/UsersPage/users' is present

2018-06-14 18:32:24 - [TEST_STEP][PASSED] - verifyElementPresent: Object 'Object Repository/UsersPage/viewEditButton' is present

2018-06-14 18:32:24 - [MESSAGE][PASSED] - Object 'Object Repository/UsersPage/viewEditButton' is present

2018-06-14 18:32:24 - [TEST_STEP][PASSED] - delay: Delayed 5 second(s)

2018-06-14 18:32:29 - [MESSAGE][PASSED] - Delayed 5 second(s)

2018-06-14 18:32:29 - [TEST_STEP][PASSED] - Statement - userList = driver.findElements(org.openqa.selenium.By.xpath(com.kms.katalon.core.testdata.TestDataFactory.findTestData(OR_file).getValue(2, 19))): Reading excel file with source file 'C:\Users\shalinin\Katalon Studio\HME_Scripts\Data Files\HME_OR.xlsx' and sheet name 'Sheet1'

2018-06-14 18:32:29 - [TEST_STEP][PASSED] - Statement - size1 = userList.size(): null

2018-06-14 18:32:29 - [TEST_STEP][PASSED] - Statement - If (size1 <= 0): null

2018-06-14 18:32:29 - [TEST_STEP][PASSED] - Statement - Else: null

2018-06-14 18:32:29 - [TEST_STEP][PASSED] - Statement - out.println("User List is displayed"): null

2018-06-14 18:32:29 - [TEST_STEP][PASSED] - uiaction.CommonUIActions.click: uiaction.CommonUIActions.click is PASSED

2018-06-14 18:32:30 - [MESSAGE][PASSED] - uiaction.CommonUIActions.click is PASSED

2018-06-14 18:32:30 - [TEST_STEP][PASSED] - delay: Delayed 10 second(s)

2018-06-14 18:32:40 - [MESSAGE][PASSED] - Delayed 10 second(s)

2018-06-14 18:32:40 - [TEST_STEP][PASSED] - verifyElementPresent: Object 'Object Repository/StorePage/storeListHeading2' is present

2018-06-14 18:32:40 - [MESSAGE][PASSED] - Object 'Object Repository/StorePage/storeListHeading2' is present

2018-06-14 18:32:40 - [TEST_STEP][PASSED] - uiaction.CommonUIActions.click: uiaction.CommonUIActions.click is PASSED

2018-06-14 18:32:42 - [MESSAGE][PASSED] - uiaction.CommonUIActions.click is PASSED

2018-06-14 18:32:42 - [TEST_STEP][PASSED] - delay: Delayed 10 second(s)

2018-06-14 18:32:52 - [MESSAGE][PASSED] - Delayed 10 second(s)

2018-06-14 18:32:52 - [TEST_STEP][PASSED] - uiaction.CommonUIActions.click: uiaction.CommonUIActions.click is PASSED

2018-06-14 18:32:52 - [MESSAGE][PASSED] - uiaction.CommonUIActions.click is PASSED

2018-06-14 18:32:52 - [TEST_STEP][PASSED] - delay: Delayed 10 second(s)

2018-06-14 18:33:02 - [MESSAGE][PASSED] - Delayed 10 second(s)

2018-06-14 18:33:02 - [TEST_STEP][PASSED] - Statement - searchUserText2 = CustomKeywords.projectSpecific.Reusability.getTestData("UsersPage", "userSearchText2"): projectSpecific.Reusability.getTestData is PASSED

2018-06-14 18:33:02 - [MESSAGE][PASSED] - projectSpecific.Reusability.getTestData is PASSED

2018-06-14 18:33:02 - [TEST_STEP][PASSED] - uiaction.CommonUIActions.enter: uiaction.CommonUIActions.enter is PASSED

2018-06-14 18:33:03 - [MESSAGE][PASSED] - uiaction.CommonUIActions.enter is PASSED

2018-06-14 18:33:03 - [TEST_STEP][PASSED] - uiaction.CommonUIActions.click: uiaction.CommonUIActions.click is PASSED

2018-06-14 18:33:03 - [MESSAGE][PASSED] - uiaction.CommonUIActions.click is PASSED

2018-06-14 18:33:03 - [TEST_STEP][PASSED] - delay: Delayed 10 second(s)

2018-06-14 18:33:13 - [MESSAGE][PASSED] - Delayed 10 second(s)

2018-06-14 18:33:13 - [TEST_STEP][PASSED] - uiaction.CommonUIActions.click: uiaction.CommonUIActions.click is PASSED

2018-06-14 18:33:14 - [MESSAGE][PASSED] - uiaction.CommonUIActions.click is PASSED

2018-06-14 18:33:14 - [TEST_STEP][PASSED] - delay: Delayed 15 second(s)

2018-06-14 18:33:29 - [MESSAGE][PASSED] - Delayed 15 second(s)

2018-06-14 18:33:29 - [TEST_STEP][PASSED] - uiaction.CommonUIActions.click: uiaction.CommonUIActions.click is PASSED

2018-06-14 18:33:33 - [MESSAGE][PASSED] - uiaction.CommonUIActions.click is PASSED

2018-06-14 18:33:33 - [TEST_STEP][PASSED] - delay: Delayed 10 second(s)

2018-06-14 18:33:43 - [MESSAGE][PASSED] - Delayed 10 second(s)

2018-06-14 18:33:43 - [TEST_STEP][PASSED] - Statement - dashboardHeading = CustomKeywords.uiaction.CommonUIActions.getText(com.kms.katalon.core.testobject.ObjectRepository.findTestObject(DashBoardPage/dashboardHeading)): uiaction.CommonUIActions.getText is PASSED

2018-06-14 18:33:43 - [MESSAGE][PASSED] - uiaction.CommonUIActions.getText is PASSED

2018-06-14 18:33:43 - [TEST_STEP][PASSED] - Statement - dashboardHeading = dashboardHeading.trim(): null

2018-06-14 18:33:43 - [TEST_STEP][PASSED] - Statement - dashboardHeadingText = CustomKeywords.projectSpecific.Reusability.getTestData("UsersPage", "dashboardHeadingText"): projectSpecific.Reusability.getTestData is PASSED

2018-06-14 18:33:43 - [MESSAGE][PASSED] - projectSpecific.Reusability.getTestData is PASSED

2018-06-14 18:33:43 - [TEST_STEP][PASSED] - Statement - If (dashboardHeading.equals(dashboardHeadingText)): null

2018-06-14 18:33:43 - [TEST_STEP][PASSED] - verifyElementPresent: Object 'Object Repository/DashBoardPage/dashBoardStoreList' is present

2018-06-14 18:33:43 - [MESSAGE][PASSED] - Object 'Object Repository/DashBoardPage/dashBoardStoreList' is present

2018-06-14 18:33:43 - [TEST_STEP][PASSED] - Statement - dayHighlighted = com.kms.katalon.core.webui.keyword.WebUiBuiltInKeywords.getCSSValue(com.kms.katalon.core.testobject.ObjectRepository.findTestObject(DashBoardPage/dayPartLink), "cursor"): Get CSS 'cursor' value on 'Object Repository/DashBoardPage/dayPartLink' successfully: 'pointer'.

2018-06-14 18:33:43 - [MESSAGE][PASSED] - Get CSS 'cursor' value on 'Object Repository/DashBoardPage/dayPartLink' successfully: 'pointer'.

2018-06-14 18:33:43 - [TEST_STEP][PASSED] - Statement - If (dayHighlighted.contains("default")): null

2018-06-14 18:33:43 - [TEST_STEP][PASSED] - Statement - Else: Taking screenshot successfully

2018-06-14 18:33:43 - [TEST_STEP][PASSED] - Statement - If (TCflag): null

2018-06-14 18:33:43 - [TEST_STEP][PASSED] - Statement - out.println("Day dashboard is not shown by default"): null

2018-06-14 18:33:43 - [TEST_STEP][PASSED] - takeScreenshot: Taking screenshot successfully

2018-06-14 18:33:43 - [MESSAGE][PASSED] - Taking screenshot successfully
[[ATTACHMENT|C:\\Users\\shalinin\\Katalon Studio\\HME_Scripts\\Reports\\RegressionSuite\\20180614_164441\\1528981423605.png]]

2018-06-14 18:33:43 - [TEST_STEP][PASSED] - delay: Delayed 10 second(s)

2018-06-14 18:33:53 - [MESSAGE][PASSED] - Delayed 10 second(s)

2018-06-14 18:33:53 - [TEST_STEP][PASSED] - uiaction.CommonUIActions.click: uiaction.CommonUIActions.click is PASSED

2018-06-14 18:33:54 - [MESSAGE][PASSED] - uiaction.CommonUIActions.click is PASSED

2018-06-14 18:33:54 - [TEST_STEP][PASSED] - delay: Delayed 10 second(s)

2018-06-14 18:34:04 - [MESSAGE][PASSED] - Delayed 10 second(s)

2018-06-14 18:34:04 - [TEST_STEP][PASSED] - Statement - rollingHourHeading = CustomKeywords.uiaction.CommonUIActions.getText(com.kms.katalon.core.testobject.ObjectRepository.findTestObject(DashBoardPage/reportHeading)): uiaction.CommonUIActions.getText is PASSED

2018-06-14 18:34:04 - [MESSAGE][PASSED] - uiaction.CommonUIActions.getText is PASSED

2018-06-14 18:34:04 - [TEST_STEP][PASSED] - Statement - rollingHourHeading = rollingHourHeading.trim(): null

2018-06-14 18:34:04 - [TEST_STEP][PASSED] - Statement - rollingHourHeadingText = CustomKeywords.projectSpecific.Reusability.getTestData("UsersPage", "rollingHourHeadingText"): projectSpecific.Reusability.getTestData is PASSED

2018-06-14 18:34:04 - [MESSAGE][PASSED] - projectSpecific.Reusability.getTestData is PASSED

2018-06-14 18:34:04 - [TEST_STEP][PASSED] - Statement - If (rollingHourHeading.equals(rollingHourHeadingText)): null

2018-06-14 18:34:04 - [TEST_STEP][PASSED] - verifyElementPresent: Object 'Object Repository/DashBoardPage/dashBoardStoreList' is present

2018-06-14 18:34:05 - [MESSAGE][PASSED] - Object 'Object Repository/DashBoardPage/dashBoardStoreList' is present

2018-06-14 18:34:05 - [TEST_STEP][PASSED] - delay: Delayed 10 second(s)

2018-06-14 18:34:15 - [MESSAGE][PASSED] - Delayed 10 second(s)

2018-06-14 18:34:15 - [TEST_STEP][PASSED] - uiaction.CommonUIActions.click: uiaction.CommonUIActions.click is PASSED

2018-06-14 18:34:15 - [MESSAGE][PASSED] - uiaction.CommonUIActions.click is PASSED

2018-06-14 18:34:15 - [TEST_STEP][PASSED] - delay: Delayed 10 second(s)

2018-06-14 18:34:25 - [MESSAGE][PASSED] - Delayed 10 second(s)

2018-06-14 18:34:25 - [TEST_STEP][PASSED] - Statement - hourHeading = CustomKeywords.uiaction.CommonUIActions.getText(com.kms.katalon.core.testobject.ObjectRepository.findTestObject(DashBoardPage/reportHeading)): uiaction.CommonUIActions.getText is PASSED

2018-06-14 18:34:25 - [MESSAGE][PASSED] - uiaction.CommonUIActions.getText is PASSED

2018-06-14 18:34:25 - [TEST_STEP][PASSED] - Statement - hourHeading = hourHeading.trim(): null

2018-06-14 18:34:25 - [TEST_STEP][PASSED] - Statement - hourHeadingText = CustomKeywords.projectSpecific.Reusability.getTestData("UsersPage", "hourHeadingText"): projectSpecific.Reusability.getTestData is PASSED

2018-06-14 18:34:25 - [MESSAGE][PASSED] - projectSpecific.Reusability.getTestData is PASSED

2018-06-14 18:34:25 - [TEST_STEP][PASSED] - Statement - If (hourHeading.equals(hourHeadingText)): null

2018-06-14 18:34:25 - [TEST_STEP][PASSED] - verifyElementPresent: Object 'Object Repository/DashBoardPage/dashBoardStoreList' is present

2018-06-14 18:34:26 - [MESSAGE][PASSED] - Object 'Object Repository/DashBoardPage/dashBoardStoreList' is present

2018-06-14 18:34:26 - [TEST_STEP][PASSED] - delay: Delayed 10 second(s)

2018-06-14 18:34:36 - [MESSAGE][PASSED] - Delayed 10 second(s)

2018-06-14 18:34:36 - [TEST_STEP][PASSED] - uiaction.CommonUIActions.click: uiaction.CommonUIActions.click is PASSED

2018-06-14 18:34:36 - [MESSAGE][PASSED] - uiaction.CommonUIActions.click is PASSED

2018-06-14 18:34:36 - [TEST_STEP][PASSED] - delay: Delayed 10 second(s)

2018-06-14 18:34:46 - [MESSAGE][PASSED] - Delayed 10 second(s)

2018-06-14 18:34:46 - [TEST_STEP][PASSED] - Statement - dayPartHeading = CustomKeywords.uiaction.CommonUIActions.getText(com.kms.katalon.core.testobject.ObjectRepository.findTestObject(DashBoardPage/reportHeading)): uiaction.CommonUIActions.getText is PASSED

2018-06-14 18:34:46 - [MESSAGE][PASSED] - uiaction.CommonUIActions.getText is PASSED

2018-06-14 18:34:46 - [TEST_STEP][PASSED] - Statement - dayPartHeading = dayPartHeading.trim(): null

2018-06-14 18:34:46 - [TEST_STEP][PASSED] - Statement - dayPartHeadingText = CustomKeywords.projectSpecific.Reusability.getTestData("UsersPage", "dayPartText"): projectSpecific.Reusability.getTestData is PASSED

2018-06-14 18:34:46 - [MESSAGE][PASSED] - projectSpecific.Reusability.getTestData is PASSED

2018-06-14 18:34:46 - [TEST_STEP][PASSED] - Statement - If (dayPartHeading.equals(dayPartHeadingText)): null

2018-06-14 18:34:46 - [TEST_STEP][PASSED] - verifyElementPresent: Object 'Object Repository/DashBoardPage/dashBoardStoreList' is present

2018-06-14 18:34:47 - [MESSAGE][PASSED] - Object 'Object Repository/DashBoardPage/dashBoardStoreList' is present

2018-06-14 18:34:47 - [TEST_STEP][PASSED] - delay: Delayed 10 second(s)

2018-06-14 18:34:57 - [MESSAGE][PASSED] - Delayed 10 second(s)

2018-06-14 18:34:57 - [TEST_STEP][PASSED] - uiaction.CommonUIActions.click: uiaction.CommonUIActions.click is PASSED

2018-06-14 18:34:57 - [MESSAGE][PASSED] - uiaction.CommonUIActions.click is PASSED

2018-06-14 18:34:57 - [TEST_STEP][PASSED] - delay: Delayed 10 second(s)

2018-06-14 18:35:07 - [MESSAGE][PASSED] - Delayed 10 second(s)

2018-06-14 18:35:07 - [TEST_STEP][PASSED] - Statement - weekHeading = CustomKeywords.uiaction.CommonUIActions.getText(com.kms.katalon.core.testobject.ObjectRepository.findTestObject(DashBoardPage/reportHeading)): uiaction.CommonUIActions.getText is PASSED

2018-06-14 18:35:07 - [MESSAGE][PASSED] - uiaction.CommonUIActions.getText is PASSED

2018-06-14 18:35:07 - [TEST_STEP][PASSED] - Statement - weekHeading = weekHeading.trim(): null

2018-06-14 18:35:07 - [TEST_STEP][PASSED] - Statement - weekHeadingText = CustomKeywords.projectSpecific.Reusability.getTestData("UsersPage", "weekText"): projectSpecific.Reusability.getTestData is PASSED

2018-06-14 18:35:08 - [MESSAGE][PASSED] - projectSpecific.Reusability.getTestData is PASSED

2018-06-14 18:35:08 - [TEST_STEP][PASSED] - Statement - If (weekHeading.equals(weekHeadingText)): null

2018-06-14 18:35:08 - [TEST_STEP][PASSED] - verifyElementPresent: Object 'Object Repository/DashBoardPage/dashBoardStoreList' is present

2018-06-14 18:35:08 - [MESSAGE][PASSED] - Object 'Object Repository/DashBoardPage/dashBoardStoreList' is present

2018-06-14 18:35:08 - [TEST_STEP][PASSED] - delay: Delayed 10 second(s)

2018-06-14 18:35:18 - [MESSAGE][PASSED] - Delayed 10 second(s)

2018-06-14 18:35:18 - [TEST_STEP][PASSED] - uiaction.CommonUIActions.click: uiaction.CommonUIActions.click is PASSED

2018-06-14 18:35:19 - [MESSAGE][PASSED] - uiaction.CommonUIActions.click is PASSED

2018-06-14 18:35:19 - [TEST_STEP][PASSED] - delay: Delayed 10 second(s)

2018-06-14 18:35:29 - [MESSAGE][PASSED] - Delayed 10 second(s)

2018-06-14 18:35:29 - [TEST_STEP][PASSED] - Statement - monthHeading = CustomKeywords.uiaction.CommonUIActions.getText(com.kms.katalon.core.testobject.ObjectRepository.findTestObject(DashBoardPage/reportHeading)): uiaction.CommonUIActions.getText is PASSED

2018-06-14 18:35:29 - [MESSAGE][PASSED] - uiaction.CommonUIActions.getText is PASSED

2018-06-14 18:35:29 - [TEST_STEP][PASSED] - Statement - monthHeading = monthHeading.trim(): null

2018-06-14 18:35:29 - [TEST_STEP][PASSED] - Statement - monthHeadingText = CustomKeywords.projectSpecific.Reusability.getTestData("UsersPage", "monthText"): projectSpecific.Reusability.getTestData is PASSED

2018-06-14 18:35:29 - [MESSAGE][PASSED] - projectSpecific.Reusability.getTestData is PASSED

2018-06-14 18:35:29 - [TEST_STEP][PASSED] - Statement - If (monthHeading.equals(monthHeadingText)): null

2018-06-14 18:35:29 - [TEST_STEP][PASSED] - verifyElementPresent: Object 'Object Repository/DashBoardPage/dashBoardStoreList' is present

2018-06-14 18:35:29 - [MESSAGE][PASSED] - Object 'Object Repository/DashBoardPage/dashBoardStoreList' is present

2018-06-14 18:35:29 - [TEST_STEP][PASSED] - delay: Delayed 10 second(s)

2018-06-14 18:35:39 - [MESSAGE][PASSED] - Delayed 10 second(s)

2018-06-14 18:35:39 - [TEST_STEP][PASSED] - delay: Delayed 15 second(s)

2018-06-14 18:35:54 - [MESSAGE][PASSED] - Delayed 15 second(s)

2018-06-14 18:35:54 - [TEST_STEP][PASSED] - uiaction.CommonUIActions.click: uiaction.CommonUIActions.click is PASSED

2018-06-14 18:35:55 - [MESSAGE][PASSED] - uiaction.CommonUIActions.click is PASSED

2018-06-14 18:35:55 - [TEST_STEP][PASSED] - refresh: Refresh successfully

2018-06-14 18:35:56 - [MESSAGE][PASSED] - Refresh successfully

2018-06-14 18:35:56 - [TEST_STEP][PASSED] - delay: Delayed 15 second(s)

2018-06-14 18:36:11 - [MESSAGE][PASSED] - Delayed 15 second(s)

2018-06-14 18:36:11 - [TEST_STEP][PASSED] - uiaction.CommonUIActions.click: uiaction.CommonUIActions.click is PASSED

2018-06-14 18:36:11 - [MESSAGE][PASSED] - uiaction.CommonUIActions.click is PASSED

2018-06-14 18:36:11 - [TEST_STEP][PASSED] - Statement - reportStoreList = driver.findElements(org.openqa.selenium.By.xpath(com.kms.katalon.core.testdata.TestDataFactory.findTestData(OR_file).getValue(2, 25))): Reading excel file with source file 'C:\Users\shalinin\Katalon Studio\HME_Scripts\Data Files\HME_OR.xlsx' and sheet name 'Sheet1'

2018-06-14 18:36:11 - [TEST_STEP][PASSED] - Statement - reportStoreListSize = reportStoreList.size(): null

2018-06-14 18:36:11 - [TEST_STEP][PASSED] - Statement - index = 0: null

2018-06-14 18:36:11 - [TEST_STEP][PASSED] - Statement - pattern = java.util.regex.Pattern.compile("[0-9]+"): null

2018-06-14 18:36:11 - [TEST_STEP][PASSED] - Statement - count = 0: null

2018-06-14 18:36:11 - [TEST_STEP][PASSED] - Statement - For ([i = 0, i < reportStoreListSize, (i++)]): null

2018-06-14 18:36:11 - [TEST_STEP][PASSED] - Statement - txt = reportStoreList.get(i).getText(): null

2018-06-14 18:36:11 - [TEST_STEP][PASSED] - Statement - index = i + 1: null

2018-06-14 18:36:11 - [TEST_STEP][PASSED] - Statement - matched = pattern.matcher(txt).matches(): null

2018-06-14 18:36:11 - [TEST_STEP][PASSED] - Statement - If (matched): null

2018-06-14 18:36:11 - [TEST_STEP][PASSED] - Statement - txt = reportStoreList.get(i).getText(): null

2018-06-14 18:36:11 - [TEST_STEP][PASSED] - Statement - index = i + 1: null

2018-06-14 18:36:11 - [TEST_STEP][PASSED] - Statement - matched = pattern.matcher(txt).matches(): null

2018-06-14 18:36:11 - [TEST_STEP][PASSED] - Statement - If (matched): null

2018-06-14 18:36:11 - [TEST_STEP][PASSED] - Statement - txt = reportStoreList.get(i).getText(): null

2018-06-14 18:36:11 - [TEST_STEP][PASSED] - Statement - index = i + 1: null

2018-06-14 18:36:11 - [TEST_STEP][PASSED] - Statement - matched = pattern.matcher(txt).matches(): null

2018-06-14 18:36:11 - [TEST_STEP][PASSED] - Statement - If (matched): null

2018-06-14 18:36:11 - [TEST_STEP][PASSED] - Statement - txt = reportStoreList.get(i).getText(): null

2018-06-14 18:36:11 - [TEST_STEP][PASSED] - Statement - index = i + 1: null

2018-06-14 18:36:11 - [TEST_STEP][PASSED] - Statement - matched = pattern.matcher(txt).matches(): null

2018-06-14 18:36:11 - [TEST_STEP][PASSED] - Statement - If (matched): null

2018-06-14 18:36:11 - [TEST_STEP][PASSED] - Statement - txt = reportStoreList.get(i).getText(): null

2018-06-14 18:36:11 - [TEST_STEP][PASSED] - Statement - index = i + 1: null

2018-06-14 18:36:11 - [TEST_STEP][PASSED] - Statement - matched = pattern.matcher(txt).matches(): null

2018-06-14 18:36:11 - [TEST_STEP][PASSED] - Statement - If (matched): null

2018-06-14 18:36:11 - [TEST_STEP][PASSED] - Statement - txt = reportStoreList.get(i).getText(): null

2018-06-14 18:36:11 - [TEST_STEP][PASSED] - Statement - index = i + 1: null

2018-06-14 18:36:11 - [TEST_STEP][PASSED] - Statement - matched = pattern.matcher(txt).matches(): null

2018-06-14 18:36:11 - [TEST_STEP][PASSED] - Statement - If (matched): null

2018-06-14 18:36:11 - [TEST_STEP][PASSED] - Statement - txt = reportStoreList.get(i).getText(): null

2018-06-14 18:36:11 - [TEST_STEP][PASSED] - Statement - index = i + 1: null

2018-06-14 18:36:11 - [TEST_STEP][PASSED] - Statement - matched = pattern.matcher(txt).matches(): null

2018-06-14 18:36:11 - [TEST_STEP][PASSED] - Statement - If (matched): null

2018-06-14 18:36:11 - [TEST_STEP][PASSED] - Statement - txt = reportStoreList.get(i).getText(): null

2018-06-14 18:36:11 - [TEST_STEP][PASSED] - Statement - index = i + 1: null

2018-06-14 18:36:11 - [TEST_STEP][PASSED] - Statement - matched = pattern.matcher(txt).matches(): null

2018-06-14 18:36:11 - [TEST_STEP][PASSED] - Statement - If (matched): null

2018-06-14 18:36:11 - [TEST_STEP][PASSED] - Statement - txt = reportStoreList.get(i).getText(): null

2018-06-14 18:36:11 - [TEST_STEP][PASSED] - Statement - index = i + 1: null

2018-06-14 18:36:11 - [TEST_STEP][PASSED] - Statement - matched = pattern.matcher(txt).matches(): null

2018-06-14 18:36:11 - [TEST_STEP][PASSED] - Statement - If (matched): null

2018-06-14 18:36:11 - [TEST_STEP][PASSED] - Statement - txt = reportStoreList.get(i).getText(): null

2018-06-14 18:36:11 - [TEST_STEP][PASSED] - Statement - index = i + 1: null

2018-06-14 18:36:11 - [TEST_STEP][PASSED] - Statement - matched = pattern.matcher(txt).matches(): null

2018-06-14 18:36:11 - [TEST_STEP][PASSED] - Statement - If (matched): null

2018-06-14 18:36:11 - [TEST_STEP][PASSED] - Statement - txt = reportStoreList.get(i).getText(): null

2018-06-14 18:36:11 - [TEST_STEP][PASSED] - Statement - index = i + 1: null

2018-06-14 18:36:11 - [TEST_STEP][PASSED] - Statement - matched = pattern.matcher(txt).matches(): null

2018-06-14 18:36:11 - [TEST_STEP][PASSED] - Statement - If (matched): null

2018-06-14 18:36:11 - [TEST_STEP][PASSED] - Statement - txt = reportStoreList.get(i).getText(): null

2018-06-14 18:36:11 - [TEST_STEP][PASSED] - Statement - index = i + 1: null

2018-06-14 18:36:11 - [TEST_STEP][PASSED] - Statement - matched = pattern.matcher(txt).matches(): null

2018-06-14 18:36:11 - [TEST_STEP][PASSED] - Statement - If (matched): null

2018-06-14 18:36:11 - [TEST_STEP][PASSED] - Statement - txt = reportStoreList.get(i).getText(): null

2018-06-14 18:36:11 - [TEST_STEP][PASSED] - Statement - index = i + 1: null

2018-06-14 18:36:11 - [TEST_STEP][PASSED] - Statement - matched = pattern.matcher(txt).matches(): null

2018-06-14 18:36:11 - [TEST_STEP][PASSED] - Statement - If (matched): null

2018-06-14 18:36:11 - [TEST_STEP][PASSED] - Statement - xpath = "//div[@class='saved-reports']/ul/li[" + index + "]/span[2]": null

2018-06-14 18:36:11 - [TEST_STEP][PASSED] - Statement - driver.findElement(org.openqa.selenium.By.xpath(xpath)).click(): null

2018-06-14 18:36:11 - [TEST_STEP][PASSED] - Statement - (count++): null

2018-06-14 18:36:11 - [TEST_STEP][PASSED] - Statement - If (count > 2): null

2018-06-14 18:36:11 - [TEST_STEP][PASSED] - Statement - txt = reportStoreList.get(i).getText(): null

2018-06-14 18:36:11 - [TEST_STEP][PASSED] - Statement - index = i + 1: null

2018-06-14 18:36:11 - [TEST_STEP][PASSED] - Statement - matched = pattern.matcher(txt).matches(): null

2018-06-14 18:36:11 - [TEST_STEP][PASSED] - Statement - If (matched): null

2018-06-14 18:36:11 - [TEST_STEP][PASSED] - Statement - xpath = "//div[@class='saved-reports']/ul/li[" + index + "]/span[2]": null

2018-06-14 18:36:11 - [TEST_STEP][PASSED] - Statement - driver.findElement(org.openqa.selenium.By.xpath(xpath)).click(): null

2018-06-14 18:36:11 - [TEST_STEP][PASSED] - Statement - (count++): null

2018-06-14 18:36:11 - [TEST_STEP][PASSED] - Statement - If (count > 2): null

2018-06-14 18:36:11 - [TEST_STEP][PASSED] - Statement - txt = reportStoreList.get(i).getText(): null

2018-06-14 18:36:11 - [TEST_STEP][PASSED] - Statement - index = i + 1: null

2018-06-14 18:36:11 - [TEST_STEP][PASSED] - Statement - matched = pattern.matcher(txt).matches(): null

2018-06-14 18:36:11 - [TEST_STEP][PASSED] - Statement - If (matched): null

2018-06-14 18:36:11 - [TEST_STEP][PASSED] - Statement - xpath = "//div[@class='saved-reports']/ul/li[" + index + "]/span[2]": null

2018-06-14 18:36:11 - [TEST_STEP][PASSED] - Statement - driver.findElement(org.openqa.selenium.By.xpath(xpath)).click(): null

2018-06-14 18:36:11 - [TEST_STEP][PASSED] - Statement - (count++): null

2018-06-14 18:36:11 - [TEST_STEP][PASSED] - Statement - If (count > 2): null

2018-06-14 18:36:11 - [TEST_STEP][PASSED] - uiaction.CommonUIActions.click: uiaction.CommonUIActions.click is PASSED

2018-06-14 18:36:11 - [MESSAGE][PASSED] - uiaction.CommonUIActions.click is PASSED

2018-06-14 18:36:11 - [TEST_STEP][PASSED] - delay: Delayed 15 second(s)

2018-06-14 18:36:26 - [MESSAGE][PASSED] - Delayed 15 second(s)

2018-06-14 18:36:26 - [TEST_STEP][PASSED] - Statement - summaryHeading = CustomKeywords.uiaction.CommonUIActions.getText(com.kms.katalon.core.testobject.ObjectRepository.findTestObject(SummarizedReportPage/summaryReport)): uiaction.CommonUIActions.getText is PASSED

2018-06-14 18:36:26 - [MESSAGE][PASSED] - uiaction.CommonUIActions.getText is PASSED

2018-06-14 18:36:26 - [TEST_STEP][PASSED] - Statement - summaryHeading = summaryHeading.trim(): null

2018-06-14 18:36:26 - [TEST_STEP][PASSED] - Statement - summaryHeadingText = CustomKeywords.projectSpecific.Reusability.getTestData("SummarizedReportPage", "summaryHeading"): projectSpecific.Reusability.getTestData is PASSED

2018-06-14 18:36:26 - [MESSAGE][PASSED] - projectSpecific.Reusability.getTestData is PASSED

2018-06-14 18:36:26 - [TEST_STEP][PASSED] - Statement - If (summaryHeading.equals(summaryHeadingText)): null

2018-06-14 18:36:26 - [TEST_STEP][PASSED] - uiaction.CommonUIActions.click: uiaction.CommonUIActions.click is PASSED

2018-06-14 18:36:27 - [MESSAGE][PASSED] - uiaction.CommonUIActions.click is PASSED

2018-06-14 18:36:27 - [TEST_STEP][PASSED] - verifyElementPresent: Object 'Object Repository/SummarizedReportPage/csvOption' is present

2018-06-14 18:36:27 - [MESSAGE][PASSED] - Object 'Object Repository/SummarizedReportPage/csvOption' is present

2018-06-14 18:36:27 - [TEST_STEP][PASSED] - verifyElementPresent: Object 'Object Repository/SummarizedReportPage/pdfOption' is present

2018-06-14 18:36:27 - [MESSAGE][PASSED] - Object 'Object Repository/SummarizedReportPage/pdfOption' is present

2018-06-14 18:36:27 - [TEST_STEP][PASSED] - uiaction.CommonUIActions.click: uiaction.CommonUIActions.click is PASSED

2018-06-14 18:36:27 - [MESSAGE][PASSED] - uiaction.CommonUIActions.click is PASSED

2018-06-14 18:36:27 - [TEST_STEP][PASSED] - delay: Delayed 15 second(s)

2018-06-14 18:36:42 - [MESSAGE][PASSED] - Delayed 15 second(s)

2018-06-14 18:36:42 - [TEST_STEP][PASSED] - Statement - confirmationText = CustomKeywords.projectSpecific.Reusability.getTestData("SummarizedReportPage", "confirmationText"): projectSpecific.Reusability.getTestData is PASSED

2018-06-14 18:36:42 - [MESSAGE][PASSED] - projectSpecific.Reusability.getTestData is PASSED

2018-06-14 18:36:42 - [TEST_STEP][PASSED] - Statement - actualconfirmationText = CustomKeywords.uiaction.CommonUIActions.getText(com.kms.katalon.core.testobject.ObjectRepository.findTestObject(SummarizedReportPage/emailConfirmation)): uiaction.CommonUIActions.getText is PASSED

2018-06-14 18:36:45 - [MESSAGE][PASSED] - uiaction.CommonUIActions.getText is PASSED

2018-06-14 18:36:45 - [TEST_STEP][PASSED] - Statement - confirm = com.kms.katalon.core.webui.keyword.WebUiBuiltInKeywords.verifyMatch(confirmationText, actualconfirmationText, false): Actual text 'Please check your email. Your Report has been sent to nous-abhradipr@HME.COM.' and expected text 'Please check your email. Your Report has been sent to nous-abhradipr@HME.COM.' are matched 

2018-06-14 18:36:45 - [MESSAGE][PASSED] - Actual text 'Please check your email. Your Report has been sent to nous-abhradipr@HME.COM.' and expected text 'Please check your email. Your Report has been sent to nous-abhradipr@HME.COM.' are matched 

2018-06-14 18:36:45 - [TEST_STEP][PASSED] - Statement - If (confirm): null

2018-06-14 18:36:45 - [TEST_STEP][PASSED] - Statement - out.println("Email Verification received"): null

2018-06-14 18:36:45 - [TEST_STEP][PASSED] - delay: Delayed 10 second(s)

2018-06-14 18:36:55 - [MESSAGE][PASSED] - Delayed 10 second(s)

2018-06-14 18:36:55 - [TEST_STEP][PASSED] - back: Navigate back successfully

2018-06-14 18:36:55 - [MESSAGE][PASSED] - Navigate back successfully

2018-06-14 18:36:55 - [TEST_STEP][PASSED] - delay: Delayed 10 second(s)

2018-06-14 18:37:05 - [MESSAGE][PASSED] - Delayed 10 second(s)

2018-06-14 18:37:05 - [TEST_STEP][PASSED] - uiaction.CommonUIActions.click: uiaction.CommonUIActions.click is PASSED

2018-06-14 18:37:05 - [MESSAGE][PASSED] - uiaction.CommonUIActions.click is PASSED

2018-06-14 18:37:05 - [TEST_STEP][PASSED] - delay: Delayed 10 second(s)

2018-06-14 18:37:15 - [MESSAGE][PASSED] - Delayed 10 second(s)

2018-06-14 18:37:15 - [TEST_STEP][PASSED] - uiaction.CommonUIActions.click: uiaction.CommonUIActions.click is PASSED

2018-06-14 18:37:15 - [MESSAGE][PASSED] - uiaction.CommonUIActions.click is PASSED

2018-06-14 18:37:15 - [TEST_STEP][PASSED] - delay: Delayed 15 second(s)

2018-06-14 18:37:30 - [MESSAGE][PASSED] - Delayed 15 second(s)

2018-06-14 18:37:30 - [TEST_STEP][PASSED] - Statement - confirmationText = CustomKeywords.projectSpecific.Reusability.getTestData("SummarizedReportPage", "confirmationText"): projectSpecific.Reusability.getTestData is PASSED

2018-06-14 18:37:30 - [MESSAGE][PASSED] - projectSpecific.Reusability.getTestData is PASSED

2018-06-14 18:37:30 - [TEST_STEP][PASSED] - Statement - actualconfirmationText = CustomKeywords.uiaction.CommonUIActions.getText(com.kms.katalon.core.testobject.ObjectRepository.findTestObject(SummarizedReportPage/emailConfirmation)): uiaction.CommonUIActions.getText is PASSED

2018-06-14 18:37:30 - [MESSAGE][PASSED] - uiaction.CommonUIActions.getText is PASSED

2018-06-14 18:37:30 - [TEST_STEP][PASSED] - Statement - confirm = com.kms.katalon.core.webui.keyword.WebUiBuiltInKeywords.verifyMatch(confirmationText, actualconfirmationText, false): Actual text 'Please check your email. Your Report has been sent to nous-abhradipr@HME.COM.' and expected text 'Please check your email. Your Report has been sent to nous-abhradipr@HME.COM.' are matched 

2018-06-14 18:37:30 - [MESSAGE][PASSED] - Actual text 'Please check your email. Your Report has been sent to nous-abhradipr@HME.COM.' and expected text 'Please check your email. Your Report has been sent to nous-abhradipr@HME.COM.' are matched 

2018-06-14 18:37:30 - [TEST_STEP][PASSED] - Statement - If (confirm): null

2018-06-14 18:37:30 - [TEST_STEP][PASSED] - Statement - out.println("Email Verification received"): null

2018-06-14 18:37:30 - [TEST_STEP][PASSED] - back: Navigate back successfully

2018-06-14 18:37:30 - [MESSAGE][PASSED] - Navigate back successfully

2018-06-14 18:37:30 - [TEST_STEP][PASSED] - delay: Delayed 15 second(s)

2018-06-14 18:37:45 - [MESSAGE][PASSED] - Delayed 15 second(s)

2018-06-14 18:37:45 - [TEST_STEP][PASSED] - back: Navigate back successfully

2018-06-14 18:37:45 - [MESSAGE][PASSED] - Navigate back successfully

2018-06-14 18:37:45 - [TEST_STEP][PASSED] - delay: Delayed 15 second(s)

2018-06-14 18:38:00 - [MESSAGE][PASSED] - Delayed 15 second(s)

2018-06-14 18:38:00 - [TEST_STEP][PASSED] - Statement - driver.findElement(org.openqa.selenium.By.xpath("//span[contains(text(),'22222')]")).click(): null

2018-06-14 18:38:00 - [TEST_STEP][PASSED] - uiaction.CommonUIActions.click: uiaction.CommonUIActions.click is PASSED

2018-06-14 18:38:00 - [MESSAGE][PASSED] - uiaction.CommonUIActions.click is PASSED

2018-06-14 18:38:00 - [TEST_STEP][PASSED] - delay: Delayed 10 second(s)

2018-06-14 18:38:10 - [MESSAGE][PASSED] - Delayed 10 second(s)

2018-06-14 18:38:10 - [TEST_STEP][PASSED] - uiaction.CommonUIActions.click: uiaction.CommonUIActions.click is PASSED

2018-06-14 18:38:10 - [MESSAGE][PASSED] - uiaction.CommonUIActions.click is PASSED

2018-06-14 18:38:10 - [TEST_STEP][PASSED] - delay: Delayed 15 second(s)

2018-06-14 18:38:25 - [MESSAGE][PASSED] - Delayed 15 second(s)

2018-06-14 18:38:25 - [TEST_STEP][PASSED] - delay: Delayed 15 second(s)

2018-06-14 18:38:40 - [MESSAGE][PASSED] - Delayed 15 second(s)

2018-06-14 18:38:40 - [TEST_STEP][PASSED] - Statement - summaryHeading = CustomKeywords.uiaction.CommonUIActions.getText(com.kms.katalon.core.testobject.ObjectRepository.findTestObject(SummarizedReportPage/summaryReport)): uiaction.CommonUIActions.getText is PASSED

2018-06-14 18:39:01 - [MESSAGE][PASSED] - uiaction.CommonUIActions.getText is PASSED

2018-06-14 18:39:01 - [TEST_STEP][PASSED] - Statement - summaryHeading = summaryHeading.trim(): null

2018-06-14 18:39:01 - [TEST_STEP][PASSED] - Statement - summaryHeadingText = CustomKeywords.projectSpecific.Reusability.getTestData("SummarizedReportPage", "summaryHeading"): projectSpecific.Reusability.getTestData is PASSED

2018-06-14 18:39:01 - [MESSAGE][PASSED] - projectSpecific.Reusability.getTestData is PASSED

2018-06-14 18:39:01 - [TEST_STEP][PASSED] - Statement - If (summaryHeading.equals(summaryHeadingText)): null

2018-06-14 18:39:01 - [TEST_STEP][PASSED] - Statement - Else: null

2018-06-14 18:39:01 - [TEST_STEP][PASSED] - Statement - If (TCflag): null

2018-06-14 18:39:01 - [TEST_STEP][PASSED] - Statement - out.println("Day summary report is not displayed"): null

2018-06-14 18:39:01 - [TEST_STEP][PASSED] - back: Navigate back successfully

2018-06-14 18:39:01 - [MESSAGE][PASSED] - Navigate back successfully

2018-06-14 18:39:01 - [TEST_STEP][PASSED] - delay: Delayed 10 second(s)

2018-06-14 18:39:11 - [MESSAGE][PASSED] - Delayed 10 second(s)

2018-06-14 18:39:11 - [TEST_STEP][PASSED] - Statement - driver.findElement(org.openqa.selenium.By.xpath("//span[contains(text(),'22222')]")).click(): null

2018-06-14 18:39:11 - [TEST_STEP][PASSED] - Statement - Catch (Exception e): null

2018-06-14 18:39:11 - [TEST_STEP][PASSED] - Statement - e.printStackTrace(): null

2018-06-14 18:39:11 - [TEST_STEP][PASSED] - Statement - println("Exception of element not found"): null

2018-06-14 18:39:11 - [TEST_STEP][PASSED] - Statement - If (TCflag): null

2018-06-14 18:39:11 - [TEST_STEP][PASSED] - Statement - assert TCflag == true: null

2018-06-14 18:39:11 - [TEST_STEP][PASSED] - Start listener action : sampleAfterTestCase: Browser is closed

2018-06-14 18:39:11 - [TEST_STEP][PASSED] - Statement - println(testCaseContext.getTestCaseId()): null

2018-06-14 18:39:11 - [TEST_STEP][PASSED] - Statement - println(testCaseContext.getTestCaseStatus()): null

2018-06-14 18:39:11 - [TEST_STEP][PASSED] - closeBrowser: Browser is closed

2018-06-14 18:39:12 - [MESSAGE][PASSED] - Browser is closed]]></system-out>
         <system-err><![CDATA[2018-06-14 18:30:35 - [TEST_CASE][FAILED] - Test Cases/MasqueradeTC/HME-Masquerade-06: Test Cases/MasqueradeTC/HME-Masquerade-06 FAILED because (of) org.codehaus.groovy.runtime.powerassert.PowerAssertionError: assert TCflag==true
       |     |
       false false]]></system-err>
      </testcase>
      <testcase name="Test Cases/MasqueradeTC/HME-Masquerade-07" classname="Test Cases/MasqueradeTC/HME-Masquerade-07" status="FAILED">
         <failure type="FAILED" message="com.kms.katalon.core.webui.exception.WebElementNotFoundException: Web element with id: 'Object Repository/StorePage/storeList' located by 'By.xpath: //div[@class='ctable']/table/tbody/tr/td[3]' not found"/>
         <system-out><![CDATA[2018-06-14 18:39:12 - [TEST_CASE][FAILED] - Test Cases/MasqueradeTC/HME-Masquerade-07: Test Cases/MasqueradeTC/HME-Masquerade-07 FAILED because (of) com.kms.katalon.core.webui.exception.WebElementNotFoundException: Web element with id: 'Object Repository/StorePage/storeList' located by 'By.xpath: //div[@class='ctable']/table/tbody/tr/td[3]' not found

2018-06-14 18:39:12 - [TEST_STEP][PASSED] - Start listener action : sampleBeforeTestCase: uiaction.CommonUIActions.deleteAllCookies is PASSED

2018-06-14 18:39:12 - [TEST_STEP][PASSED] - openBrowser: Browser is opened with url: ''

2018-06-14 18:39:14 - [MESSAGE][PASSED] - Browser is opened with url: ''

2018-06-14 18:39:14 - [TEST_STEP][PASSED] - maximizeWindow: Current window maximized

2018-06-14 18:39:15 - [MESSAGE][PASSED] - Current window maximized

2018-06-14 18:39:15 - [TEST_STEP][PASSED] - uiaction.CommonUIActions.deleteAllCookies: uiaction.CommonUIActions.deleteAllCookies is PASSED

2018-06-14 18:39:15 - [MESSAGE][PASSED] - Delete all cookies successfully

2018-06-14 18:39:15 - [MESSAGE][PASSED] - uiaction.CommonUIActions.deleteAllCookies is PASSED

2018-06-14 18:39:15 - [TEST_STEP][PASSED] - Statement - TCflag = true: null

2018-06-14 18:39:15 - [TEST_STEP][FAILED] - Statement - Try: uiaction.CommonUIActions.click is PASSED

2018-06-14 18:39:15 - [TEST_STEP][PASSED] - navigateToUrl: Navigate to 'https://hme-dev-public-cloud-app.azurewebsites.net/admin' successfully

2018-06-14 18:39:18 - [MESSAGE][PASSED] - Navigate to 'https://hme-dev-public-cloud-app.azurewebsites.net/admin' successfully

2018-06-14 18:39:18 - [TEST_STEP][PASSED] - projectSpecific.Reusability.login: projectSpecific.Reusability.login is PASSED

2018-06-14 18:39:18 - [MESSAGE][PASSED] - projectSpecific.Reusability.getTestData is PASSED

2018-06-14 18:39:18 - [MESSAGE][PASSED] - projectSpecific.Reusability.getTestData is PASSED

2018-06-14 18:39:18 - [MESSAGE][PASSED] - Text 'nous-abhradipr@hme.com' is set on object 'Object Repository/LoginPage/Username'

2018-06-14 18:39:18 - [MESSAGE][PASSED] - Text '6Qt*qmL88' is set on object 'Object Repository/LoginPage/Password'

2018-06-14 18:39:19 - [MESSAGE][PASSED] - Object: 'Object Repository/LoginPage/Login' is clicked on

2018-06-14 18:39:19 - [MESSAGE][PASSED] - projectSpecific.Reusability.login is PASSED

2018-06-14 18:39:19 - [TEST_STEP][PASSED] - delay: Delayed 15 second(s)

2018-06-14 18:39:34 - [MESSAGE][PASSED] - Delayed 15 second(s)

2018-06-14 18:39:34 - [TEST_STEP][PASSED] - verifyElementPresent: Object 'Object Repository/HomePage/loggedinUser' is present

2018-06-14 18:39:34 - [MESSAGE][PASSED] - Object 'Object Repository/HomePage/loggedinUser' is present

2018-06-14 18:39:34 - [TEST_STEP][PASSED] - Statement - loggedInUser = CustomKeywords.uiaction.CommonUIActions.getText(com.kms.katalon.core.testobject.ObjectRepository.findTestObject(Object Repository/HomePage/loggedinUser)): uiaction.CommonUIActions.getText is PASSED

2018-06-14 18:39:34 - [MESSAGE][PASSED] - uiaction.CommonUIActions.getText is PASSED

2018-06-14 18:39:34 - [TEST_STEP][PASSED] - Statement - loggedInUser = loggedInUser.trim(): null

2018-06-14 18:39:34 - [TEST_STEP][PASSED] - Statement - loggedinText = CustomKeywords.projectSpecific.Reusability.getTestData("HomePage", "loggedinText"): projectSpecific.Reusability.getTestData is PASSED

2018-06-14 18:39:34 - [MESSAGE][PASSED] - projectSpecific.Reusability.getTestData is PASSED

2018-06-14 18:39:34 - [TEST_STEP][PASSED] - Statement - If (loggedInUser.equals(loggedinText)): null

2018-06-14 18:39:34 - [TEST_STEP][PASSED] - Statement - welcomeUser = CustomKeywords.uiaction.CommonUIActions.getText(com.kms.katalon.core.testobject.ObjectRepository.findTestObject(Object Repository/HomePage/welcomeUserText)): uiaction.CommonUIActions.getText is PASSED

2018-06-14 18:39:34 - [MESSAGE][PASSED] - uiaction.CommonUIActions.getText is PASSED

2018-06-14 18:39:34 - [TEST_STEP][PASSED] - Statement - welcomeUser = welcomeUser.trim(): null

2018-06-14 18:39:34 - [TEST_STEP][PASSED] - Statement - welcomeText = CustomKeywords.projectSpecific.Reusability.getTestData("HomePage", "welcomeText"): projectSpecific.Reusability.getTestData is PASSED

2018-06-14 18:39:34 - [MESSAGE][PASSED] - projectSpecific.Reusability.getTestData is PASSED

2018-06-14 18:39:34 - [TEST_STEP][PASSED] - Statement - If (welcomeUser.equals(welcomeText)): null

2018-06-14 18:39:34 - [TEST_STEP][PASSED] - uiaction.CommonUIActions.click: uiaction.CommonUIActions.click is PASSED

2018-06-14 18:39:35 - [MESSAGE][PASSED] - uiaction.CommonUIActions.click is PASSED

2018-06-14 18:39:35 - [TEST_STEP][PASSED] - verifyElementPresent: Object 'Object Repository/StorePage/storeListHeading2' is present

2018-06-14 18:39:35 - [MESSAGE][PASSED] - Object 'Object Repository/StorePage/storeListHeading2' is present

2018-06-14 18:39:35 - [TEST_STEP][FAILED] - verifyElementPresent: com.kms.katalon.core.webui.exception.WebElementNotFoundException: Web element with id: 'Object Repository/StorePage/storeList' located by 'By.xpath: //div[@class='ctable']/table/tbody/tr/td[3]' not found

2018-06-14 18:39:41 - [MESSAGE][FAILED] - com.kms.katalon.core.webui.exception.WebElementNotFoundException: Web element with id: 'Object Repository/StorePage/storeList' located by 'By.xpath: //div[@class='ctable']/table/tbody/tr/td[3]' not found
[[ATTACHMENT|C:\\Users\\shalinin\\Katalon Studio\\HME_Scripts\\Reports\\RegressionSuite\\20180614_164441\\1528981780778.png]]

2018-06-14 18:39:41 - [TEST_STEP][PASSED] - uiaction.CommonUIActions.click: uiaction.CommonUIActions.click is PASSED

2018-06-14 18:39:41 - [MESSAGE][PASSED] - uiaction.CommonUIActions.click is PASSED

2018-06-14 18:39:41 - [TEST_STEP][FAILED] - verifyElementPresent: com.kms.katalon.core.webui.exception.WebElementNotFoundException: Web element with id: 'Object Repository/StorePage/storedetailslabel' located by 'By.xpath: //span[contains(text(),'Store Details')]' not found

2018-06-14 18:39:46 - [MESSAGE][FAILED] - com.kms.katalon.core.webui.exception.WebElementNotFoundException: Web element with id: 'Object Repository/StorePage/storedetailslabel' located by 'By.xpath: //span[contains(text(),'Store Details')]' not found
[[ATTACHMENT|C:\\Users\\shalinin\\Katalon Studio\\HME_Scripts\\Reports\\RegressionSuite\\20180614_164441\\1528981786289.png]]

2018-06-14 18:39:46 - [TEST_STEP][PASSED] - verifyElementPresent: Object 'Object Repository/StorePage/zoomlabel' is present

2018-06-14 18:39:46 - [MESSAGE][PASSED] - Object 'Object Repository/StorePage/zoomlabel' is present

2018-06-14 18:39:46 - [TEST_STEP][PASSED] - Statement - storedetail_label = CustomKeywords.projectSpecific.Reusability.getTestData("StorePage", "admin_Store_Labels"): projectSpecific.Reusability.getTestData is PASSED

2018-06-14 18:39:46 - [MESSAGE][PASSED] - projectSpecific.Reusability.getTestData is PASSED

2018-06-14 18:39:46 - [TEST_STEP][FAILED] - Statement - defaultareaselected = com.kms.katalon.core.webui.keyword.WebUiBuiltInKeywords.getAttribute(com.kms.katalon.core.testobject.ObjectRepository.findTestObject(StorePage/defaultstoredetsails), "aria-selected"): Unable to get attribute 'aria-selected' of object 'Object Repository/StorePage/defaultstoredetsails' (Root cause: com.kms.katalon.core.webui.exception.WebElementNotFoundException: Web element with id: 'Object Repository/StorePage/defaultstoredetsails' located by 'By.xpath: //div[@id='tabs']/ul/li[1]' not found)

2018-06-14 18:40:17 - [MESSAGE][FAILED] - Unable to get attribute 'aria-selected' of object 'Object Repository/StorePage/defaultstoredetsails' (Root cause: com.kms.katalon.core.webui.exception.WebElementNotFoundException: Web element with id: 'Object Repository/StorePage/defaultstoredetsails' located by 'By.xpath: //div[@id='tabs']/ul/li[1]' not found)
[[ATTACHMENT|C:\\Users\\shalinin\\Katalon Studio\\HME_Scripts\\Reports\\RegressionSuite\\20180614_164441\\1528981817041.png]]

2018-06-14 18:40:17 - [TEST_STEP][PASSED] - Statement - If (defaultareaselected): null

2018-06-14 18:40:17 - [TEST_STEP][PASSED] - Statement - Else: Taking screenshot successfully

2018-06-14 18:40:17 - [TEST_STEP][PASSED] - Statement - If (TCflag): null

2018-06-14 18:40:17 - [TEST_STEP][PASSED] - Statement - out.println("Store Details is not set by default"): null

2018-06-14 18:40:17 - [TEST_STEP][PASSED] - takeScreenshot: Taking screenshot successfully

2018-06-14 18:40:17 - [MESSAGE][PASSED] - Taking screenshot successfully
[[ATTACHMENT|C:\\Users\\shalinin\\Katalon Studio\\HME_Scripts\\Reports\\RegressionSuite\\20180614_164441\\1528981817312.png]]

2018-06-14 18:40:17 - [TEST_STEP][PASSED] - Statement - driver = com.kms.katalon.core.webui.driver.DriverFactory.getWebDriver(): null

2018-06-14 18:40:17 - [TEST_STEP][PASSED] - Statement - storeHeaders = driver.findElements(org.openqa.selenium.By.xpath(com.kms.katalon.core.testdata.TestDataFactory.findTestData(OR_file).getValue(2, 1))): Reading excel file with source file 'C:\Users\shalinin\Katalon Studio\HME_Scripts\Data Files\HME_OR.xlsx' and sheet name 'Sheet1'

2018-06-14 18:40:17 - [TEST_STEP][PASSED] - Statement - storeArraylabels = storedetail_label.split(","): null

2018-06-14 18:40:17 - [TEST_STEP][PASSED] - Statement - storeListlabels = new java.util.ArrayList(java.util.Arrays.asList(storeArraylabels)): null

2018-06-14 18:40:17 - [TEST_STEP][PASSED] - Statement - storeListlabels.unique(): null

2018-06-14 18:40:17 - [TEST_STEP][PASSED] - Statement - out.println(storeListlabels): null

2018-06-14 18:40:17 - [TEST_STEP][PASSED] - Statement - count = 0: null

2018-06-14 18:40:17 - [TEST_STEP][PASSED] - Statement - For ([i = 0, i < storeHeaders.size(), (i++)]): null

2018-06-14 18:40:17 - [TEST_STEP][PASSED] - Statement - If (count == storeHeaders.size()): Taking screenshot successfully

2018-06-14 18:40:17 - [TEST_STEP][PASSED] - takeScreenshot: Taking screenshot successfully

2018-06-14 18:40:17 - [MESSAGE][PASSED] - Taking screenshot successfully
[[ATTACHMENT|C:\\Users\\shalinin\\Katalon Studio\\HME_Scripts\\Reports\\RegressionSuite\\20180614_164441\\1528981817604.png]]

2018-06-14 18:40:17 - [TEST_STEP][PASSED] - Statement - storeDetails = CustomKeywords.projectSpecific.Reusability.getTestData("StorePage", "admin_Store_Details"): projectSpecific.Reusability.getTestData is PASSED

2018-06-14 18:40:17 - [MESSAGE][PASSED] - projectSpecific.Reusability.getTestData is PASSED

2018-06-14 18:40:17 - [TEST_STEP][PASSED] - Statement - storeArray = storeDetails.split(","): null

2018-06-14 18:40:17 - [TEST_STEP][PASSED] - Statement - storeList = new java.util.ArrayList(java.util.Arrays.asList(storeArray)): null

2018-06-14 18:40:17 - [TEST_STEP][PASSED] - Statement - storeList.unique(): null

2018-06-14 18:40:17 - [TEST_STEP][PASSED] - Statement - out.println(storeList): null

2018-06-14 18:40:17 - [TEST_STEP][PASSED] - Statement - storeElements = driver.findElements(org.openqa.selenium.By.xpath(com.kms.katalon.core.testdata.TestDataFactory.findTestData(OR_file).getValue(2, 21))): Reading excel file with source file 'C:\Users\shalinin\Katalon Studio\HME_Scripts\Data Files\HME_OR.xlsx' and sheet name 'Sheet1'

2018-06-14 18:40:17 - [TEST_STEP][PASSED] - Statement - actualList = new java.util.ArrayList(): null

2018-06-14 18:40:17 - [TEST_STEP][PASSED] - Statement - For ([i = 0, i < storeElements.size(), (i++)]): null

2018-06-14 18:40:17 - [TEST_STEP][PASSED] - Statement - actualList.add(i, storeElements.get(i).getText()): null

2018-06-14 18:40:17 - [TEST_STEP][PASSED] - Statement - actualList.add(i, storeElements.get(i).getText()): null

2018-06-14 18:40:17 - [TEST_STEP][PASSED] - Statement - actualList.add(i, storeElements.get(i).getText()): null

2018-06-14 18:40:17 - [TEST_STEP][PASSED] - Statement - actualList.add(i, storeElements.get(i).getText()): null

2018-06-14 18:40:17 - [TEST_STEP][PASSED] - Statement - actualList.add(i, storeElements.get(i).getText()): null

2018-06-14 18:40:17 - [TEST_STEP][PASSED] - Statement - actualList.add(i, storeElements.get(i).getText()): null

2018-06-14 18:40:18 - [TEST_STEP][PASSED] - Statement - actualList.add(i, storeElements.get(i).getText()): null

2018-06-14 18:40:18 - [TEST_STEP][PASSED] - Statement - actualList.add(i, storeElements.get(i).getText()): null

2018-06-14 18:40:18 - [TEST_STEP][PASSED] - Statement - actualList.add(i, storeElements.get(i).getText()): null

2018-06-14 18:40:18 - [TEST_STEP][PASSED] - Statement - actualList.add(i, storeElements.get(i).getText()): null

2018-06-14 18:40:18 - [TEST_STEP][PASSED] - Statement - actualList.add(i, storeElements.get(i).getText()): null

2018-06-14 18:40:18 - [TEST_STEP][PASSED] - Statement - actualList.add(i, storeElements.get(i).getText()): null

2018-06-14 18:40:18 - [TEST_STEP][PASSED] - Statement - actualList.add(i, storeElements.get(i).getText()): null

2018-06-14 18:40:18 - [TEST_STEP][PASSED] - Statement - actualList.add(i, storeElements.get(i).getText()): null

2018-06-14 18:40:18 - [TEST_STEP][PASSED] - Statement - actualList.add(i, storeElements.get(i).getText()): null

2018-06-14 18:40:18 - [TEST_STEP][PASSED] - Statement - actualList.add(i, storeElements.get(i).getText()): null

2018-06-14 18:40:18 - [TEST_STEP][PASSED] - Statement - out.println(actualList): null

2018-06-14 18:40:18 - [TEST_STEP][PASSED] - Statement - execFlag1 = true: null

2018-06-14 18:40:18 - [TEST_STEP][FAILED] - Statement - For ([j = 0, j < actualList.size(), (j++)]): null

2018-06-14 18:40:18 - [TEST_STEP][PASSED] - Statement - execFlag1 = com.kms.katalon.core.webui.keyword.WebUiBuiltInKeywords.verifyMatch(storeList.get(j).toString().trim(), actualList.get(j).toString().trim(), false): Actual text 'Brand: *' and expected text 'Brand: *' are matched 

2018-06-14 18:40:18 - [MESSAGE][PASSED] - Actual text 'Brand: *' and expected text 'Brand: *' are matched 

2018-06-14 18:40:18 - [TEST_STEP][PASSED] - Statement - If (!(execFlag1)): null

2018-06-14 18:40:18 - [TEST_STEP][FAILED] - Statement - execFlag1 = com.kms.katalon.core.webui.keyword.WebUiBuiltInKeywords.verifyMatch(storeList.get(j).toString().trim(), actualList.get(j).toString().trim(), false): Unable to verify match between actual text 'Store Name:' and expected text 'Store Name' (Root cause: Actual text 'Store Name:' and expected text 'Store Name' are not matched)

2018-06-14 18:40:18 - [MESSAGE][FAILED] - Unable to verify match between actual text 'Store Name:' and expected text 'Store Name' (Root cause: Actual text 'Store Name:' and expected text 'Store Name' are not matched)

2018-06-14 18:40:18 - [TEST_STEP][PASSED] - Statement - If (!(execFlag1)): null

2018-06-14 18:40:18 - [TEST_STEP][PASSED] - Statement - out.println("Store details lables are not matched "): null

2018-06-14 18:40:18 - [TEST_STEP][PASSED] - takeScreenshot: Taking screenshot successfully

2018-06-14 18:40:18 - [MESSAGE][PASSED] - Taking screenshot successfully
[[ATTACHMENT|C:\\Users\\shalinin\\Katalon Studio\\HME_Scripts\\Reports\\RegressionSuite\\20180614_164441\\1528981818162.png]]

2018-06-14 18:40:18 - [TEST_STEP][PASSED] - Statement - Break: null

2018-06-14 18:40:18 - [TEST_STEP][PASSED] - Statement - If (execFlag1): null

2018-06-14 18:40:18 - [TEST_STEP][PASSED] - Statement - Else: Taking screenshot successfully

2018-06-14 18:40:18 - [TEST_STEP][PASSED] - Statement - If (TCflag): null

2018-06-14 18:40:18 - [TEST_STEP][PASSED] - Statement - out.println("Failed to verify the Store details labels"): null

2018-06-14 18:40:18 - [TEST_STEP][PASSED] - takeScreenshot: Taking screenshot successfully

2018-06-14 18:40:18 - [MESSAGE][PASSED] - Taking screenshot successfully
[[ATTACHMENT|C:\\Users\\shalinin\\Katalon Studio\\HME_Scripts\\Reports\\RegressionSuite\\20180614_164441\\1528981818430.png]]

2018-06-14 18:40:18 - [TEST_STEP][FAILED] - Statement - attrDisabled = com.kms.katalon.core.webui.keyword.WebUiBuiltInKeywords.getAttribute(com.kms.katalon.core.testobject.ObjectRepository.findTestObject(StorePage/brandSelect), "disabled"): Unable to get attribute 'disabled' of object 'Object Repository/StorePage/brandSelect' (Root cause: com.kms.katalon.core.webui.exception.WebElementNotFoundException: Web element with id: 'Object Repository/StorePage/brandSelect' located by 'By.xpath: //table[@class='user_form']/tbody/tr/td/table/tbody/tr/td/select' not found)

2018-06-14 18:40:49 - [MESSAGE][FAILED] - Unable to get attribute 'disabled' of object 'Object Repository/StorePage/brandSelect' (Root cause: com.kms.katalon.core.webui.exception.WebElementNotFoundException: Web element with id: 'Object Repository/StorePage/brandSelect' located by 'By.xpath: //table[@class='user_form']/tbody/tr/td/table/tbody/tr/td/select' not found)
[[ATTACHMENT|C:\\Users\\shalinin\\Katalon Studio\\HME_Scripts\\Reports\\RegressionSuite\\20180614_164441\\1528981849139.png]]

2018-06-14 18:40:49 - [TEST_STEP][PASSED] - Statement - If (attrDisabled): null

2018-06-14 18:40:49 - [TEST_STEP][PASSED] - Statement - Else: Taking screenshot successfully

2018-06-14 18:40:49 - [TEST_STEP][PASSED] - Statement - If (TCflag): null

2018-06-14 18:40:49 - [TEST_STEP][PASSED] - Statement - out.println("Brand name is editable field"): null

2018-06-14 18:40:49 - [TEST_STEP][PASSED] - takeScreenshot: Taking screenshot successfully

2018-06-14 18:40:49 - [MESSAGE][PASSED] - Taking screenshot successfully
[[ATTACHMENT|C:\\Users\\shalinin\\Katalon Studio\\HME_Scripts\\Reports\\RegressionSuite\\20180614_164441\\1528981849408.png]]

2018-06-14 18:40:49 - [TEST_STEP][PASSED] - Statement - inputFields = driver.findElements(org.openqa.selenium.By.xpath(com.kms.katalon.core.testdata.TestDataFactory.findTestData(OR_file).getValue(2, 22))): Reading excel file with source file 'C:\Users\shalinin\Katalon Studio\HME_Scripts\Data Files\HME_OR.xlsx' and sheet name 'Sheet1'

2018-06-14 18:40:49 - [TEST_STEP][PASSED] - Statement - inputFieldsResults = new java.util.ArrayList(): null

2018-06-14 18:40:49 - [TEST_STEP][PASSED] - Statement - For ([i = 0, i < inputFields.size(), (i++)]): Delayed 3 second(s)

2018-06-14 18:40:49 - [TEST_STEP][PASSED] - Statement - If (i != 1): null

2018-06-14 18:40:49 - [TEST_STEP][PASSED] - Statement - attr = inputFields[i].getAttribute("disabled"): null

2018-06-14 18:40:49 - [TEST_STEP][PASSED] - Statement - If (attr): null

2018-06-14 18:40:49 - [TEST_STEP][PASSED] - delay: Delayed 3 second(s)

2018-06-14 18:40:52 - [MESSAGE][PASSED] - Delayed 3 second(s)

2018-06-14 18:40:52 - [TEST_STEP][PASSED] - Statement - If (i != 1): null

2018-06-14 18:40:52 - [TEST_STEP][PASSED] - Statement - Else: null

2018-06-14 18:40:52 - [TEST_STEP][PASSED] - Statement - inputFieldsResults[i] = "disabled": null

2018-06-14 18:40:52 - [TEST_STEP][PASSED] - delay: Delayed 3 second(s)

2018-06-14 18:40:55 - [MESSAGE][PASSED] - Delayed 3 second(s)

2018-06-14 18:40:55 - [TEST_STEP][PASSED] - Statement - If (i != 1): null

2018-06-14 18:40:55 - [TEST_STEP][PASSED] - Statement - attr = inputFields[i].getAttribute("disabled"): null

2018-06-14 18:40:55 - [TEST_STEP][PASSED] - Statement - If (attr): null

2018-06-14 18:40:55 - [TEST_STEP][PASSED] - delay: Delayed 3 second(s)

2018-06-14 18:40:58 - [MESSAGE][PASSED] - Delayed 3 second(s)

2018-06-14 18:40:58 - [TEST_STEP][PASSED] - Statement - If (i != 1): null

2018-06-14 18:40:58 - [TEST_STEP][PASSED] - Statement - attr = inputFields[i].getAttribute("disabled"): null

2018-06-14 18:40:58 - [TEST_STEP][PASSED] - Statement - If (attr): null

2018-06-14 18:40:58 - [TEST_STEP][PASSED] - delay: Delayed 3 second(s)

2018-06-14 18:41:01 - [MESSAGE][PASSED] - Delayed 3 second(s)

2018-06-14 18:41:01 - [TEST_STEP][PASSED] - Statement - If (i != 1): null

2018-06-14 18:41:01 - [TEST_STEP][PASSED] - Statement - attr = inputFields[i].getAttribute("disabled"): null

2018-06-14 18:41:01 - [TEST_STEP][PASSED] - Statement - If (attr): null

2018-06-14 18:41:01 - [TEST_STEP][PASSED] - delay: Delayed 3 second(s)

2018-06-14 18:41:04 - [MESSAGE][PASSED] - Delayed 3 second(s)

2018-06-14 18:41:04 - [TEST_STEP][PASSED] - Statement - If (i != 1): null

2018-06-14 18:41:04 - [TEST_STEP][PASSED] - Statement - attr = inputFields[i].getAttribute("disabled"): null

2018-06-14 18:41:04 - [TEST_STEP][PASSED] - Statement - If (attr): null

2018-06-14 18:41:04 - [TEST_STEP][PASSED] - delay: Delayed 3 second(s)

2018-06-14 18:41:07 - [MESSAGE][PASSED] - Delayed 3 second(s)

2018-06-14 18:41:07 - [TEST_STEP][PASSED] - Statement - If (i != 1): null

2018-06-14 18:41:07 - [TEST_STEP][PASSED] - Statement - attr = inputFields[i].getAttribute("disabled"): null

2018-06-14 18:41:07 - [TEST_STEP][PASSED] - Statement - If (attr): null

2018-06-14 18:41:07 - [TEST_STEP][PASSED] - delay: Delayed 3 second(s)

2018-06-14 18:41:10 - [MESSAGE][PASSED] - Delayed 3 second(s)

2018-06-14 18:41:10 - [TEST_STEP][PASSED] - Statement - If (i != 1): null

2018-06-14 18:41:10 - [TEST_STEP][PASSED] - Statement - attr = inputFields[i].getAttribute("disabled"): null

2018-06-14 18:41:10 - [TEST_STEP][PASSED] - Statement - If (attr): null

2018-06-14 18:41:10 - [TEST_STEP][PASSED] - delay: Delayed 3 second(s)

2018-06-14 18:41:13 - [MESSAGE][PASSED] - Delayed 3 second(s)

2018-06-14 18:41:13 - [TEST_STEP][PASSED] - Statement - If (i != 1): null

2018-06-14 18:41:13 - [TEST_STEP][PASSED] - Statement - attr = inputFields[i].getAttribute("disabled"): null

2018-06-14 18:41:13 - [TEST_STEP][PASSED] - Statement - If (attr): null

2018-06-14 18:41:13 - [TEST_STEP][PASSED] - delay: Delayed 3 second(s)

2018-06-14 18:41:16 - [MESSAGE][PASSED] - Delayed 3 second(s)

2018-06-14 18:41:16 - [TEST_STEP][PASSED] - Statement - If (i != 1): null

2018-06-14 18:41:16 - [TEST_STEP][PASSED] - Statement - attr = inputFields[i].getAttribute("disabled"): null

2018-06-14 18:41:16 - [TEST_STEP][PASSED] - Statement - If (attr): null

2018-06-14 18:41:16 - [TEST_STEP][PASSED] - delay: Delayed 3 second(s)

2018-06-14 18:41:19 - [MESSAGE][PASSED] - Delayed 3 second(s)

2018-06-14 18:41:19 - [TEST_STEP][PASSED] - Statement - If (i != 1): null

2018-06-14 18:41:19 - [TEST_STEP][PASSED] - Statement - attr = inputFields[i].getAttribute("disabled"): null

2018-06-14 18:41:19 - [TEST_STEP][PASSED] - Statement - If (attr): null

2018-06-14 18:41:19 - [TEST_STEP][PASSED] - delay: Delayed 3 second(s)

2018-06-14 18:41:22 - [MESSAGE][PASSED] - Delayed 3 second(s)

2018-06-14 18:41:22 - [TEST_STEP][PASSED] - Statement - If (i != 1): null

2018-06-14 18:41:22 - [TEST_STEP][PASSED] - Statement - attr = inputFields[i].getAttribute("disabled"): null

2018-06-14 18:41:22 - [TEST_STEP][PASSED] - Statement - If (attr): null

2018-06-14 18:41:22 - [TEST_STEP][PASSED] - delay: Delayed 3 second(s)

2018-06-14 18:41:25 - [MESSAGE][PASSED] - Delayed 3 second(s)

2018-06-14 18:41:25 - [TEST_STEP][PASSED] - Statement - If (i != 1): null

2018-06-14 18:41:25 - [TEST_STEP][PASSED] - Statement - attr = inputFields[i].getAttribute("disabled"): null

2018-06-14 18:41:25 - [TEST_STEP][PASSED] - Statement - If (attr): null

2018-06-14 18:41:25 - [TEST_STEP][PASSED] - delay: Delayed 3 second(s)

2018-06-14 18:41:28 - [MESSAGE][PASSED] - Delayed 3 second(s)

2018-06-14 18:41:28 - [TEST_STEP][PASSED] - Statement - If (i != 1): null

2018-06-14 18:41:28 - [TEST_STEP][PASSED] - Statement - attr = inputFields[i].getAttribute("disabled"): null

2018-06-14 18:41:28 - [TEST_STEP][PASSED] - Statement - If (attr): null

2018-06-14 18:41:28 - [TEST_STEP][PASSED] - delay: Delayed 3 second(s)

2018-06-14 18:41:31 - [MESSAGE][PASSED] - Delayed 3 second(s)

2018-06-14 18:41:31 - [TEST_STEP][PASSED] - Statement - s = inputFieldsResults[1]: null

2018-06-14 18:41:31 - [TEST_STEP][PASSED] - Statement - isEditable = false: null

2018-06-14 18:41:31 - [TEST_STEP][PASSED] - Statement - For ([j = 2, j < inputFieldsResults.size(), (j++)]): null

2018-06-14 18:41:31 - [TEST_STEP][PASSED] - Statement - s1 = inputFieldsResults[j]: null

2018-06-14 18:41:31 - [TEST_STEP][PASSED] - Statement - If (!(s1.equals(s))): null

2018-06-14 18:41:31 - [TEST_STEP][PASSED] - Statement - s1 = inputFieldsResults[j]: null

2018-06-14 18:41:31 - [TEST_STEP][PASSED] - Statement - If (!(s1.equals(s))): null

2018-06-14 18:41:31 - [TEST_STEP][PASSED] - Statement - s1 = inputFieldsResults[j]: null

2018-06-14 18:41:31 - [TEST_STEP][PASSED] - Statement - If (!(s1.equals(s))): null

2018-06-14 18:41:31 - [TEST_STEP][PASSED] - Statement - s1 = inputFieldsResults[j]: null

2018-06-14 18:41:31 - [TEST_STEP][PASSED] - Statement - If (!(s1.equals(s))): null

2018-06-14 18:41:31 - [TEST_STEP][PASSED] - Statement - s1 = inputFieldsResults[j]: null

2018-06-14 18:41:31 - [TEST_STEP][PASSED] - Statement - If (!(s1.equals(s))): null

2018-06-14 18:41:31 - [TEST_STEP][PASSED] - Statement - s1 = inputFieldsResults[j]: null

2018-06-14 18:41:31 - [TEST_STEP][PASSED] - Statement - If (!(s1.equals(s))): null

2018-06-14 18:41:31 - [TEST_STEP][PASSED] - Statement - s1 = inputFieldsResults[j]: null

2018-06-14 18:41:31 - [TEST_STEP][PASSED] - Statement - If (!(s1.equals(s))): null

2018-06-14 18:41:31 - [TEST_STEP][PASSED] - Statement - s1 = inputFieldsResults[j]: null

2018-06-14 18:41:31 - [TEST_STEP][PASSED] - Statement - If (!(s1.equals(s))): null

2018-06-14 18:41:31 - [TEST_STEP][PASSED] - Statement - s1 = inputFieldsResults[j]: null

2018-06-14 18:41:31 - [TEST_STEP][PASSED] - Statement - If (!(s1.equals(s))): null

2018-06-14 18:41:31 - [TEST_STEP][PASSED] - Statement - s1 = inputFieldsResults[j]: null

2018-06-14 18:41:31 - [TEST_STEP][PASSED] - Statement - If (!(s1.equals(s))): null

2018-06-14 18:41:31 - [TEST_STEP][PASSED] - Statement - s1 = inputFieldsResults[j]: null

2018-06-14 18:41:31 - [TEST_STEP][PASSED] - Statement - If (!(s1.equals(s))): null

2018-06-14 18:41:31 - [TEST_STEP][PASSED] - Statement - s1 = inputFieldsResults[j]: null

2018-06-14 18:41:31 - [TEST_STEP][PASSED] - Statement - If (!(s1.equals(s))): null

2018-06-14 18:41:31 - [TEST_STEP][PASSED] - Statement - If (!(isEditable)): null

2018-06-14 18:41:31 - [TEST_STEP][PASSED] - Statement - out.println("Store fields are not editable"): null

2018-06-14 18:41:31 - [TEST_STEP][PASSED] - Statement - attrDisabled = com.kms.katalon.core.webui.keyword.WebUiBuiltInKeywords.getAttribute(com.kms.katalon.core.testobject.ObjectRepository.findTestObject(StorePage/store_City), "disabled"): Attribute 'disabled' of object 'Object Repository/StorePage/store_City' is: 'true'

2018-06-14 18:41:31 - [MESSAGE][PASSED] - Attribute 'disabled' of object 'Object Repository/StorePage/store_City' is: 'true'

2018-06-14 18:41:31 - [TEST_STEP][PASSED] - Statement - If (attrDisabled): null

2018-06-14 18:41:31 - [TEST_STEP][PASSED] - Statement - out.println("Store City is disabled"): null

2018-06-14 18:41:31 - [TEST_STEP][PASSED] - Statement - attrDisabled = com.kms.katalon.core.webui.keyword.WebUiBuiltInKeywords.getAttribute(com.kms.katalon.core.testobject.ObjectRepository.findTestObject(StorePage/store_Region), "disabled"): Attribute 'disabled' of object 'Object Repository/StorePage/store_Region' is: 'true'

2018-06-14 18:41:31 - [MESSAGE][PASSED] - Attribute 'disabled' of object 'Object Repository/StorePage/store_Region' is: 'true'

2018-06-14 18:41:31 - [TEST_STEP][PASSED] - Statement - If (attrDisabled): null

2018-06-14 18:41:31 - [TEST_STEP][PASSED] - Statement - out.println("Store Region is disabled"): null

2018-06-14 18:41:31 - [TEST_STEP][PASSED] - Statement - attrDisabled = com.kms.katalon.core.webui.keyword.WebUiBuiltInKeywords.getAttribute(com.kms.katalon.core.testobject.ObjectRepository.findTestObject(StorePage/store_Country), "disabled"): Attribute 'disabled' of object 'Object Repository/StorePage/store_Country' is: 'true'

2018-06-14 18:41:31 - [MESSAGE][PASSED] - Attribute 'disabled' of object 'Object Repository/StorePage/store_Country' is: 'true'

2018-06-14 18:41:31 - [TEST_STEP][PASSED] - Statement - If (attrDisabled): null

2018-06-14 18:41:31 - [TEST_STEP][PASSED] - Statement - out.println("Store Country is disabled"): null

2018-06-14 18:41:31 - [TEST_STEP][PASSED] - Statement - attrDisabled = com.kms.katalon.core.webui.keyword.WebUiBuiltInKeywords.verifyElementClickable(com.kms.katalon.core.testobject.ObjectRepository.findTestObject(StorePage/store_timeZone)): Object 'Object Repository/StorePage/store_timeZone' is clickable

2018-06-14 18:41:31 - [MESSAGE][PASSED] - Object 'Object Repository/StorePage/store_timeZone' is clickable

2018-06-14 18:41:31 - [TEST_STEP][PASSED] - Statement - If (attrDisabled): null

2018-06-14 18:41:31 - [TEST_STEP][PASSED] - Statement - out.println("Store timeZone is enabled"): null

2018-06-14 18:41:31 - [TEST_STEP][PASSED] - uiaction.CommonUIActions.click: uiaction.CommonUIActions.click is PASSED

2018-06-14 18:41:52 - [MESSAGE][PASSED] - uiaction.CommonUIActions.click is PASSED

2018-06-14 18:41:52 - [TEST_STEP][PASSED] - uiaction.CommonUIActions.click: uiaction.CommonUIActions.click is PASSED

2018-06-14 18:41:52 - [MESSAGE][PASSED] - uiaction.CommonUIActions.click is PASSED

2018-06-14 18:41:52 - [TEST_STEP][PASSED] - Statement - searchUserText = CustomKeywords.projectSpecific.Reusability.getTestData("UsersPage", "userSearchText1"): projectSpecific.Reusability.getTestData is PASSED

2018-06-14 18:41:52 - [MESSAGE][PASSED] - projectSpecific.Reusability.getTestData is PASSED

2018-06-14 18:41:52 - [TEST_STEP][PASSED] - uiaction.CommonUIActions.enter: uiaction.CommonUIActions.enter is PASSED

2018-06-14 18:42:12 - [MESSAGE][PASSED] - uiaction.CommonUIActions.enter is PASSED

2018-06-14 18:42:12 - [TEST_STEP][PASSED] - uiaction.CommonUIActions.click: uiaction.CommonUIActions.click is PASSED

2018-06-14 18:42:32 - [MESSAGE][PASSED] - uiaction.CommonUIActions.click is PASSED

2018-06-14 18:42:32 - [TEST_STEP][PASSED] - uiaction.CommonUIActions.click: uiaction.CommonUIActions.click is PASSED

2018-06-14 18:42:53 - [MESSAGE][PASSED] - uiaction.CommonUIActions.click is PASSED

2018-06-14 18:42:53 - [TEST_STEP][PASSED] - delay: Delayed 10 second(s)

2018-06-14 18:43:03 - [MESSAGE][PASSED] - Delayed 10 second(s)

2018-06-14 18:43:03 - [TEST_STEP][PASSED] - uiaction.CommonUIActions.click: uiaction.CommonUIActions.click is PASSED

2018-06-14 18:43:23 - [MESSAGE][PASSED] - uiaction.CommonUIActions.click is PASSED

2018-06-14 18:43:23 - [TEST_STEP][PASSED] - delay: Delayed 10 second(s)

2018-06-14 18:43:33 - [MESSAGE][PASSED] - Delayed 10 second(s)

2018-06-14 18:43:33 - [TEST_STEP][PASSED] - Statement - userStoreList = driver.findElements(org.openqa.selenium.By.xpath(com.kms.katalon.core.testdata.TestDataFactory.findTestData(OR_file).getValue(2, 23))): Reading excel file with source file 'C:\Users\shalinin\Katalon Studio\HME_Scripts\Data Files\HME_OR.xlsx' and sheet name 'Sheet1'

2018-06-14 18:43:33 - [TEST_STEP][PASSED] - Statement - userstoreListSize = userStoreList.size(): null

2018-06-14 18:43:33 - [TEST_STEP][PASSED] - uiaction.CommonUIActions.click: uiaction.CommonUIActions.click is PASSED

2018-06-14 18:43:33 - [MESSAGE][PASSED] - uiaction.CommonUIActions.click is PASSED

2018-06-14 18:43:33 - [TEST_STEP][PASSED] - delay: Delayed 10 second(s)

2018-06-14 18:43:43 - [MESSAGE][PASSED] - Delayed 10 second(s)

2018-06-14 18:43:43 - [TEST_STEP][PASSED] - Statement - adminStoreList = driver.findElements(org.openqa.selenium.By.xpath(com.kms.katalon.core.testdata.TestDataFactory.findTestData(OR_file).getValue(2, 23))): Reading excel file with source file 'C:\Users\shalinin\Katalon Studio\HME_Scripts\Data Files\HME_OR.xlsx' and sheet name 'Sheet1'

2018-06-14 18:43:43 - [TEST_STEP][PASSED] - Statement - adminstoreListSize = adminStoreList.size(): null

2018-06-14 18:43:43 - [TEST_STEP][PASSED] - Statement - If (userstoreListSize != adminstoreListSize || adminstoreListSize == 0): null

2018-06-14 18:43:43 - [TEST_STEP][PASSED] - Statement - out.println(searchUserText + " User can see only stores related to him or No Stores are found"): null

2018-06-14 18:43:43 - [TEST_STEP][PASSED] - uiaction.CommonUIActions.click: uiaction.CommonUIActions.click is PASSED

2018-06-14 18:44:03 - [MESSAGE][PASSED] - uiaction.CommonUIActions.click is PASSED

2018-06-14 18:44:03 - [TEST_STEP][PASSED] - Statement - assert TCflag == true: null

2018-06-14 18:44:03 - [TEST_STEP][PASSED] - Start listener action : sampleAfterTestCase: Browser is closed

2018-06-14 18:44:03 - [TEST_STEP][PASSED] - Statement - println(testCaseContext.getTestCaseId()): null

2018-06-14 18:44:03 - [TEST_STEP][PASSED] - Statement - println(testCaseContext.getTestCaseStatus()): null

2018-06-14 18:44:03 - [TEST_STEP][PASSED] - closeBrowser: Browser is closed

2018-06-14 18:44:04 - [MESSAGE][PASSED] - Browser is closed]]></system-out>
         <system-err><![CDATA[2018-06-14 18:39:12 - [TEST_CASE][FAILED] - Test Cases/MasqueradeTC/HME-Masquerade-07: Test Cases/MasqueradeTC/HME-Masquerade-07 FAILED because (of) com.kms.katalon.core.webui.exception.WebElementNotFoundException: Web element with id: 'Object Repository/StorePage/storeList' located by 'By.xpath: //div[@class='ctable']/table/tbody/tr/td[3]' not found]]></system-err>
      </testcase>
      <testcase name="Test Cases/MultilingualTC/HME-JWT-03" classname="Test Cases/MultilingualTC/HME-JWT-03" status="FAILED">
         <failure type="FAILED" message="Unable to get text of object 'Object Repository/Language/L_ReportsPage/summarizedReport' (Root cause: com.kms.katalon.core.webui.exception.WebElementNotFoundException: Web element with id: 'Object Repository/Language/L_ReportsPage/summarizedReport' located by 'By.xpath: //div[@class='col-xs-9 summary-header']/div[@class='summary-header-text']' not found)"/>
         <system-out><![CDATA[2018-06-14 18:44:04 - [TEST_CASE][FAILED] - Test Cases/MultilingualTC/HME-JWT-03: Test Cases/MultilingualTC/HME-JWT-03 FAILED because (of) Unable to get text of object 'Object Repository/Language/L_ReportsPage/summarizedReport' (Root cause: com.kms.katalon.core.webui.exception.WebElementNotFoundException: Web element with id: 'Object Repository/Language/L_ReportsPage/summarizedReport' located by 'By.xpath: //div[@class='col-xs-9 summary-header']/div[@class='summary-header-text']' not found)

2018-06-14 18:44:04 - [TEST_STEP][PASSED] - Start listener action : sampleBeforeTestCase: uiaction.CommonUIActions.deleteAllCookies is PASSED

2018-06-14 18:44:04 - [TEST_STEP][PASSED] - openBrowser: Browser is opened with url: ''

2018-06-14 18:44:06 - [MESSAGE][PASSED] - Browser is opened with url: ''

2018-06-14 18:44:06 - [TEST_STEP][PASSED] - maximizeWindow: Current window maximized

2018-06-14 18:44:07 - [MESSAGE][PASSED] - Current window maximized

2018-06-14 18:44:07 - [TEST_STEP][PASSED] - uiaction.CommonUIActions.deleteAllCookies: uiaction.CommonUIActions.deleteAllCookies is PASSED

2018-06-14 18:44:07 - [MESSAGE][PASSED] - Delete all cookies successfully

2018-06-14 18:44:07 - [MESSAGE][PASSED] - uiaction.CommonUIActions.deleteAllCookies is PASSED

2018-06-14 18:44:07 - [TEST_STEP][PASSED] - Statement - TCflag = true: null

2018-06-14 18:44:07 - [TEST_STEP][PASSED] - Statement - actual = null: null

2018-06-14 18:44:07 - [TEST_STEP][PASSED] - Statement - expected = null: null

2018-06-14 18:44:07 - [TEST_STEP][FAILED] - Statement - Try: null

2018-06-14 18:44:07 - [TEST_STEP][PASSED] - navigateToUrl: Navigate to 'https://hme-dev-public-cloud-app.azurewebsites.net/' successfully

2018-06-14 18:44:10 - [MESSAGE][PASSED] - Navigate to 'https://hme-dev-public-cloud-app.azurewebsites.net/' successfully

2018-06-14 18:44:10 - [TEST_STEP][PASSED] - Statement - actual = com.kms.katalon.core.webui.keyword.WebUiBuiltInKeywords.getText(com.kms.katalon.core.testobject.ObjectRepository.findTestObject(Language/L_LoginPage/userName)): Text of object 'Object Repository/Language/L_LoginPage/userName' is: 'Username'

2018-06-14 18:44:10 - [MESSAGE][PASSED] - Text of object 'Object Repository/Language/L_LoginPage/userName' is: 'Username'

2018-06-14 18:44:10 - [TEST_STEP][PASSED] - Statement - If (actual.equalsIgnoreCase(CustomKeywords.projectSpecific.Reusability.getTestData("MultiLanguageFrench", "UserName"))): null

2018-06-14 18:44:10 - [MESSAGE][PASSED] - projectSpecific.Reusability.getTestData is PASSED

2018-06-14 18:44:10 - [TEST_STEP][PASSED] - Statement - println("Login Page displayed"): null

2018-06-14 18:44:10 - [TEST_STEP][PASSED] - projectSpecific.Reusability.login: projectSpecific.Reusability.login is PASSED

2018-06-14 18:44:10 - [MESSAGE][PASSED] - projectSpecific.Reusability.getTestData is PASSED

2018-06-14 18:44:10 - [MESSAGE][PASSED] - projectSpecific.Reusability.getTestData is PASSED

2018-06-14 18:44:11 - [MESSAGE][PASSED] - Text 'selvendrank@nousinfo.com' is set on object 'Object Repository/LoginPage/Username'

2018-06-14 18:44:11 - [MESSAGE][PASSED] - Text 'nous;123' is set on object 'Object Repository/LoginPage/Password'

2018-06-14 18:44:11 - [MESSAGE][PASSED] - Object: 'Object Repository/LoginPage/Login' is clicked on

2018-06-14 18:44:11 - [MESSAGE][PASSED] - projectSpecific.Reusability.login is PASSED

2018-06-14 18:44:11 - [TEST_STEP][PASSED] - delay: Delayed 15 second(s)

2018-06-14 18:44:26 - [MESSAGE][PASSED] - Delayed 15 second(s)

2018-06-14 18:44:26 - [TEST_STEP][PASSED] - Statement - actual = com.kms.katalon.core.webui.keyword.WebUiBuiltInKeywords.getText(com.kms.katalon.core.testobject.ObjectRepository.findTestObject(Language/L_HomePage/logout)): Text of object 'Object Repository/Language/L_HomePage/logout' is: 'Logout'

2018-06-14 18:44:31 - [MESSAGE][PASSED] - Text of object 'Object Repository/Language/L_HomePage/logout' is: 'Logout'

2018-06-14 18:44:31 - [TEST_STEP][PASSED] - Statement - If (actual.equalsIgnoreCase("Logout")): null

2018-06-14 18:44:31 - [TEST_STEP][PASSED] - Statement - println("Home Page displayed"): null

2018-06-14 18:44:31 - [TEST_STEP][PASSED] - uiaction.CommonUIActions.click: uiaction.CommonUIActions.click is PASSED

2018-06-14 18:44:49 - [MESSAGE][PASSED] - uiaction.CommonUIActions.click is PASSED

2018-06-14 18:44:49 - [TEST_STEP][PASSED] - delay: Delayed 5 second(s)

2018-06-14 18:44:54 - [MESSAGE][PASSED] - Delayed 5 second(s)

2018-06-14 18:44:54 - [TEST_STEP][PASSED] - Statement - actual = com.kms.katalon.core.webui.keyword.WebUiBuiltInKeywords.getText(com.kms.katalon.core.testobject.ObjectRepository.findTestObject(Language/L_StoresPage/storeHeader)): Text of object 'Object Repository/Language/L_StoresPage/storeHeader' is: 'Stores'

2018-06-14 18:44:54 - [MESSAGE][PASSED] - Text of object 'Object Repository/Language/L_StoresPage/storeHeader' is: 'Stores'

2018-06-14 18:44:54 - [TEST_STEP][PASSED] - Statement - If (actual.equalsIgnoreCase(CustomKeywords.projectSpecific.Reusability.getTestData("MultiLanguageFrench", "StoreHeader"))): null

2018-06-14 18:44:54 - [MESSAGE][PASSED] - projectSpecific.Reusability.getTestData is PASSED

2018-06-14 18:44:54 - [TEST_STEP][PASSED] - Statement - println("Store Page displayed"): null

2018-06-14 18:44:54 - [TEST_STEP][PASSED] - uiaction.CommonUIActions.click: uiaction.CommonUIActions.click is PASSED

2018-06-14 18:44:55 - [MESSAGE][PASSED] - uiaction.CommonUIActions.click is PASSED

2018-06-14 18:44:55 - [TEST_STEP][PASSED] - delay: Delayed 5 second(s)

2018-06-14 18:45:00 - [MESSAGE][PASSED] - Delayed 5 second(s)

2018-06-14 18:45:00 - [TEST_STEP][PASSED] - Statement - actual = com.kms.katalon.core.webui.keyword.WebUiBuiltInKeywords.getText(com.kms.katalon.core.testobject.ObjectRepository.findTestObject(Language/L_StoresPage/reportingGroupmanagement)): Text of object 'Object Repository/Language/L_StoresPage/reportingGroupmanagement' is: 'Reporting Group Management'

2018-06-14 18:45:00 - [MESSAGE][PASSED] - Text of object 'Object Repository/Language/L_StoresPage/reportingGroupmanagement' is: 'Reporting Group Management'

2018-06-14 18:45:00 - [TEST_STEP][PASSED] - Statement - If (actual.equalsIgnoreCase(CustomKeywords.projectSpecific.Reusability.getTestData("MultiLanguageFrench", "ReportingGroupManagementHeader"))): null

2018-06-14 18:45:00 - [MESSAGE][PASSED] - projectSpecific.Reusability.getTestData is PASSED

2018-06-14 18:45:00 - [TEST_STEP][PASSED] - Statement - println("Reporting group management screen displayed"): null

2018-06-14 18:45:00 - [TEST_STEP][PASSED] - uiaction.CommonUIActions.click: uiaction.CommonUIActions.click is PASSED

2018-06-14 18:45:00 - [MESSAGE][PASSED] - uiaction.CommonUIActions.click is PASSED

2018-06-14 18:45:00 - [TEST_STEP][PASSED] - delay: Delayed 5 second(s)

2018-06-14 18:45:05 - [MESSAGE][PASSED] - Delayed 5 second(s)

2018-06-14 18:45:05 - [TEST_STEP][PASSED] - Statement - actual = com.kms.katalon.core.webui.keyword.WebUiBuiltInKeywords.getText(com.kms.katalon.core.testobject.ObjectRepository.findTestObject(Language/L_ReportingGroupDetailsPage/reportingGroupDetails_Header)): Text of object 'Object Repository/Language/L_ReportingGroupDetailsPage/reportingGroupDetails_Header' is: 'Reporting Group Details'

2018-06-14 18:45:05 - [MESSAGE][PASSED] - Text of object 'Object Repository/Language/L_ReportingGroupDetailsPage/reportingGroupDetails_Header' is: 'Reporting Group Details'

2018-06-14 18:45:05 - [TEST_STEP][PASSED] - Statement - If (actual.equalsIgnoreCase(CustomKeywords.projectSpecific.Reusability.getTestData("MultiLanguageFrench", "ReportingGroupDetailsHeader"))): null

2018-06-14 18:45:05 - [MESSAGE][PASSED] - projectSpecific.Reusability.getTestData is PASSED

2018-06-14 18:45:05 - [TEST_STEP][PASSED] - Statement - println("Reporting group details page  displayed"): null

2018-06-14 18:45:05 - [TEST_STEP][PASSED] - uiaction.CommonUIActions.click: uiaction.CommonUIActions.click is PASSED

2018-06-14 18:45:08 - [MESSAGE][PASSED] - uiaction.CommonUIActions.click is PASSED

2018-06-14 18:45:08 - [TEST_STEP][PASSED] - delay: Delayed 10 second(s)

2018-06-14 18:45:18 - [MESSAGE][PASSED] - Delayed 10 second(s)

2018-06-14 18:45:18 - [TEST_STEP][PASSED] - uiaction.CommonUIActions.click: uiaction.CommonUIActions.click is PASSED

2018-06-14 18:45:19 - [MESSAGE][PASSED] - uiaction.CommonUIActions.click is PASSED

2018-06-14 18:45:19 - [TEST_STEP][PASSED] - delay: Delayed 5 second(s)

2018-06-14 18:45:24 - [MESSAGE][PASSED] - Delayed 5 second(s)

2018-06-14 18:45:24 - [TEST_STEP][PASSED] - Statement - actual = com.kms.katalon.core.webui.keyword.WebUiBuiltInKeywords.getText(com.kms.katalon.core.testobject.ObjectRepository.findTestObject(Language/L_ReportsPage/summaryReport)): Text of object 'Object Repository/Language/L_ReportsPage/summaryReport' is: 'Summary Reports'

2018-06-14 18:45:24 - [MESSAGE][PASSED] - Text of object 'Object Repository/Language/L_ReportsPage/summaryReport' is: 'Summary Reports'

2018-06-14 18:45:24 - [TEST_STEP][PASSED] - Statement - If (actual.equalsIgnoreCase(CustomKeywords.projectSpecific.Reusability.getTestData("MultiLanguageFrench", "SummaryReportHeader"))): null

2018-06-14 18:45:24 - [MESSAGE][PASSED] - projectSpecific.Reusability.getTestData is PASSED

2018-06-14 18:45:24 - [TEST_STEP][PASSED] - Statement - println("Reports page  displayed"): null

2018-06-14 18:45:24 - [TEST_STEP][PASSED] - Statement - driver = com.kms.katalon.core.webui.driver.DriverFactory.getWebDriver(): null

2018-06-14 18:45:24 - [TEST_STEP][PASSED] - Statement - driver.findElement(org.openqa.selenium.By.xpath("//span[contains(text(),'22222')]")).click(): null

2018-06-14 18:45:24 - [TEST_STEP][PASSED] - uiaction.CommonUIActions.click: uiaction.CommonUIActions.click is PASSED

2018-06-14 18:45:25 - [MESSAGE][PASSED] - uiaction.CommonUIActions.click is PASSED

2018-06-14 18:45:25 - [TEST_STEP][PASSED] - uiaction.CommonUIActions.click: uiaction.CommonUIActions.click is PASSED

2018-06-14 18:45:25 - [MESSAGE][PASSED] - uiaction.CommonUIActions.click is PASSED

2018-06-14 18:45:25 - [TEST_STEP][PASSED] - click: Object: 'Object Repository/Language/L_ReportsPage/generateReportBtn' is clicked on

2018-06-14 18:45:25 - [MESSAGE][PASSED] - Object: 'Object Repository/Language/L_ReportsPage/generateReportBtn' is clicked on

2018-06-14 18:45:25 - [TEST_STEP][PASSED] - delay: Delayed 10 second(s)

2018-06-14 18:45:35 - [MESSAGE][PASSED] - Delayed 10 second(s)

2018-06-14 18:45:35 - [TEST_STEP][FAILED] - Statement - actual = com.kms.katalon.core.webui.keyword.WebUiBuiltInKeywords.getText(com.kms.katalon.core.testobject.ObjectRepository.findTestObject(Language/L_ReportsPage/summarizedReport)): Unable to get text of object 'Object Repository/Language/L_ReportsPage/summarizedReport' (Root cause: com.kms.katalon.core.webui.exception.WebElementNotFoundException: Web element with id: 'Object Repository/Language/L_ReportsPage/summarizedReport' located by 'By.xpath: //div[@class='col-xs-9 summary-header']/div[@class='summary-header-text']' not found)

2018-06-14 18:46:05 - [MESSAGE][FAILED] - Unable to get text of object 'Object Repository/Language/L_ReportsPage/summarizedReport' (Root cause: com.kms.katalon.core.webui.exception.WebElementNotFoundException: Web element with id: 'Object Repository/Language/L_ReportsPage/summarizedReport' located by 'By.xpath: //div[@class='col-xs-9 summary-header']/div[@class='summary-header-text']' not found)
[[ATTACHMENT|C:\\Users\\shalinin\\Katalon Studio\\HME_Scripts\\Reports\\RegressionSuite\\20180614_164441\\1528982165688.png]]

2018-06-14 18:46:05 - [TEST_STEP][PASSED] - Statement - If (actual.equalsIgnoreCase("Summarized Report")): null

2018-06-14 18:46:05 - [TEST_STEP][PASSED] - Statement - Catch (Exception e): null

2018-06-14 18:46:05 - [TEST_STEP][PASSED] - Statement - e.printStackTrace(): null

2018-06-14 18:46:05 - [TEST_STEP][PASSED] - Statement - println("Exception of element not found"): null

2018-06-14 18:46:05 - [TEST_STEP][PASSED] - Statement - If (TCflag): null

2018-06-14 18:46:05 - [TEST_STEP][PASSED] - Statement - assert TCflag == true: null

2018-06-14 18:46:05 - [TEST_STEP][PASSED] - Start listener action : sampleAfterTestCase: Browser is closed

2018-06-14 18:46:05 - [TEST_STEP][PASSED] - Statement - println(testCaseContext.getTestCaseId()): null

2018-06-14 18:46:05 - [TEST_STEP][PASSED] - Statement - println(testCaseContext.getTestCaseStatus()): null

2018-06-14 18:46:05 - [TEST_STEP][PASSED] - closeBrowser: Browser is closed

2018-06-14 18:46:06 - [MESSAGE][PASSED] - Browser is closed]]></system-out>
         <system-err><![CDATA[2018-06-14 18:44:04 - [TEST_CASE][FAILED] - Test Cases/MultilingualTC/HME-JWT-03: Test Cases/MultilingualTC/HME-JWT-03 FAILED because (of) Unable to get text of object 'Object Repository/Language/L_ReportsPage/summarizedReport' (Root cause: com.kms.katalon.core.webui.exception.WebElementNotFoundException: Web element with id: 'Object Repository/Language/L_ReportsPage/summarizedReport' located by 'By.xpath: //div[@class='col-xs-9 summary-header']/div[@class='summary-header-text']' not found)]]></system-err>
      </testcase>
      <testcase name="Test Cases/MultilingualTC/HME-Multilingual-01" classname="Test Cases/MultilingualTC/HME-Multilingual-01" status="ERROR">
         <error type="ERROR" message="Test Cases/MultilingualTC/HME-Multilingual-01 FAILED because (of) org.openqa.selenium.StaleElementReferenceException: stale element reference: element is not attached to the page document
  (Session info: chrome=67.0.3396.79)
  (Driver info: chromedriver=2.35.528161 (5b82f2d2aae0ca24b877009200ced9065a772e73),platform=Windows NT 6.1.7601 SP1 x86_64) (WARNING: The server did not provide any stacktrace information)
Command duration or timeout: 0 milliseconds
For documentation on this error, please visit: http://seleniumhq.org/exceptions/stale_element_reference.html
Build info: version: '3.7.1', revision: '8a0099a', time: '2017-11-06T21:07:36.161Z'
System info: host: 'NIBC2129', ip: '192.168.24.174', os.name: 'Windows 7', os.arch: 'amd64', os.version: '6.1', java.version: '1.8.0_102'
Driver info: com.kms.katalon.selenium.driver.CChromeDriver
Capabilities {acceptInsecureCerts: false, acceptSslCerts: false, applicationCacheEnabled: false, browserConnectionEnabled: false, browserName: chrome, chrome: {chromedriverVersion: 2.35.528161 (5b82f2d2aae0ca..., userDataDir: C:\Users\shalinin\AppData\L...}, cssSelectorsEnabled: true, databaseEnabled: false, handlesAlerts: true, hasTouchScreen: false, javascriptEnabled: true, locationContextEnabled: true, mobileEmulationEnabled: false, nativeEvents: true, networkConnectionEnabled: false, pageLoadStrategy: normal, platform: XP, platformName: XP, rotatable: false, setWindowRect: true, takesHeapSnapshot: true, takesScreenshot: true, unexpectedAlertBehaviour: , unhandledPromptBehavior: , version: 67.0.3396.79, webStorageEnabled: true}
Session ID: d21097e43d48e5b9e6880306b97205e5"/>
         <system-out><![CDATA[2018-06-14 18:46:06 - [TEST_CASE][ERROR] - Test Cases/MultilingualTC/HME-Multilingual-01: Test Cases/MultilingualTC/HME-Multilingual-01 FAILED because (of) org.openqa.selenium.StaleElementReferenceException: stale element reference: element is not attached to the page document
  (Session info: chrome=67.0.3396.79)
  (Driver info: chromedriver=2.35.528161 (5b82f2d2aae0ca24b877009200ced9065a772e73),platform=Windows NT 6.1.7601 SP1 x86_64) (WARNING: The server did not provide any stacktrace information)
Command duration or timeout: 0 milliseconds
For documentation on this error, please visit: http://seleniumhq.org/exceptions/stale_element_reference.html
Build info: version: '3.7.1', revision: '8a0099a', time: '2017-11-06T21:07:36.161Z'
System info: host: 'NIBC2129', ip: '192.168.24.174', os.name: 'Windows 7', os.arch: 'amd64', os.version: '6.1', java.version: '1.8.0_102'
Driver info: com.kms.katalon.selenium.driver.CChromeDriver
Capabilities {acceptInsecureCerts: false, acceptSslCerts: false, applicationCacheEnabled: false, browserConnectionEnabled: false, browserName: chrome, chrome: {chromedriverVersion: 2.35.528161 (5b82f2d2aae0ca..., userDataDir: C:\Users\shalinin\AppData\L...}, cssSelectorsEnabled: true, databaseEnabled: false, handlesAlerts: true, hasTouchScreen: false, javascriptEnabled: true, locationContextEnabled: true, mobileEmulationEnabled: false, nativeEvents: true, networkConnectionEnabled: false, pageLoadStrategy: normal, platform: XP, platformName: XP, rotatable: false, setWindowRect: true, takesHeapSnapshot: true, takesScreenshot: true, unexpectedAlertBehaviour: , unhandledPromptBehavior: , version: 67.0.3396.79, webStorageEnabled: true}
Session ID: d21097e43d48e5b9e6880306b97205e5

2018-06-14 18:46:06 - [TEST_STEP][PASSED] - Start listener action : sampleBeforeTestCase: uiaction.CommonUIActions.deleteAllCookies is PASSED

2018-06-14 18:46:06 - [TEST_STEP][PASSED] - openBrowser: Browser is opened with url: ''

2018-06-14 18:46:08 - [MESSAGE][PASSED] - Browser is opened with url: ''

2018-06-14 18:46:08 - [TEST_STEP][PASSED] - maximizeWindow: Current window maximized

2018-06-14 18:46:10 - [MESSAGE][PASSED] - Current window maximized

2018-06-14 18:46:10 - [TEST_STEP][PASSED] - uiaction.CommonUIActions.deleteAllCookies: uiaction.CommonUIActions.deleteAllCookies is PASSED

2018-06-14 18:46:10 - [MESSAGE][PASSED] - Delete all cookies successfully

2018-06-14 18:46:10 - [MESSAGE][PASSED] - uiaction.CommonUIActions.deleteAllCookies is PASSED

2018-06-14 18:46:10 - [TEST_STEP][PASSED] - Statement - TCflag = true: null

2018-06-14 18:46:10 - [TEST_STEP][PASSED] - Statement - actual = null: null

2018-06-14 18:46:10 - [TEST_STEP][PASSED] - Statement - expected = null: null

2018-06-14 18:46:10 - [TEST_STEP][ERROR] - Statement - Try: stale element reference: element is not attached to the page document
  (Session info: chrome=67.0.3396.79)
  (Driver info: chromedriver=2.35.528161 (5b82f2d2aae0ca24b877009200ced9065a772e73),platform=Windows NT 6.1.7601 SP1 x86_64) (WARNING: The server did not provide any stacktrace information)
Command duration or timeout: 0 milliseconds
For documentation on this error, please visit: http://seleniumhq.org/exceptions/stale_element_reference.html
Build info: version: '3.7.1', revision: '8a0099a', time: '2017-11-06T21:07:36.161Z'
System info: host: 'NIBC2129', ip: '192.168.24.174', os.name: 'Windows 7', os.arch: 'amd64', os.version: '6.1', java.version: '1.8.0_102'
Driver info: com.kms.katalon.selenium.driver.CChromeDriver
Capabilities {acceptInsecureCerts: false, acceptSslCerts: false, applicationCacheEnabled: false, browserConnectionEnabled: false, browserName: chrome, chrome: {chromedriverVersion: 2.35.528161 (5b82f2d2aae0ca..., userDataDir: C:\Users\shalinin\AppData\L...}, cssSelectorsEnabled: true, databaseEnabled: false, handlesAlerts: true, hasTouchScreen: false, javascriptEnabled: true, locationContextEnabled: true, mobileEmulationEnabled: false, nativeEvents: true, networkConnectionEnabled: false, pageLoadStrategy: normal, platform: XP, platformName: XP, rotatable: false, setWindowRect: true, takesHeapSnapshot: true, takesScreenshot: true, unexpectedAlertBehaviour: , unhandledPromptBehavior: , version: 67.0.3396.79, webStorageEnabled: true}
Session ID: d21097e43d48e5b9e6880306b97205e5

2018-06-14 18:46:10 - [TEST_STEP][PASSED] - Statement - jsCapabilities = org.openqa.selenium.remote.DesiredCapabilities.chrome(): null

2018-06-14 18:46:10 - [TEST_STEP][PASSED] - Statement - options = new org.openqa.selenium.chrome.ChromeOptions(): null

2018-06-14 18:46:10 - [TEST_STEP][PASSED] - Statement - prefs = new java.util.HashMap(): null

2018-06-14 18:46:10 - [TEST_STEP][PASSED] - Statement - prefs.put("intl.accept_languages", "fr"): null

2018-06-14 18:46:10 - [TEST_STEP][PASSED] - Statement - options.setExperimentalOption("prefs", prefs): null

2018-06-14 18:46:10 - [TEST_STEP][PASSED] - Statement - jsCapabilities.setCapability(CAPABILITY, options): null

2018-06-14 18:46:10 - [TEST_STEP][PASSED] - Statement - chromedriverPath = com.kms.katalon.core.configuration.RunConfiguration.getProjectDir() + "/chromedriver.exe": null

2018-06-14 18:46:10 - [TEST_STEP][PASSED] - Statement - java.lang.System.setProperty("webdriver.chrome.driver", chromedriverPath): null

2018-06-14 18:46:10 - [TEST_STEP][PASSED] - Statement - driver = new org.openqa.selenium.chrome.ChromeDriver(options): null

2018-06-14 18:46:12 - [TEST_STEP][PASSED] - Statement - com.kms.katalon.core.webui.driver.DriverFactory.changeWebDriver(driver): null

2018-06-14 18:46:12 - [TEST_STEP][PASSED] - delay: Delayed 10 second(s)

2018-06-14 18:46:22 - [MESSAGE][PASSED] - Delayed 10 second(s)

2018-06-14 18:46:22 - [TEST_STEP][PASSED] - Statement - driver.get("https://hme-dev-public-cloud-app.azurewebsites.net/"): null

2018-06-14 18:46:25 - [TEST_STEP][PASSED] - maximizeWindow: Current window maximized

2018-06-14 18:46:26 - [MESSAGE][PASSED] - Current window maximized

2018-06-14 18:46:26 - [TEST_STEP][PASSED] - delay: Delayed 10 second(s)

2018-06-14 18:46:36 - [MESSAGE][PASSED] - Delayed 10 second(s)

2018-06-14 18:46:36 - [TEST_STEP][PASSED] - projectSpecific.Reusability.login: projectSpecific.Reusability.login is PASSED

2018-06-14 18:46:36 - [MESSAGE][PASSED] - projectSpecific.Reusability.getTestData is PASSED

2018-06-14 18:46:36 - [MESSAGE][PASSED] - projectSpecific.Reusability.getTestData is PASSED

2018-06-14 18:46:36 - [MESSAGE][PASSED] - Text 'selvendrank@nousinfo.com' is set on object 'Object Repository/LoginPage/Username'

2018-06-14 18:46:36 - [MESSAGE][PASSED] - Text 'nous;123' is set on object 'Object Repository/LoginPage/Password'

2018-06-14 18:46:36 - [MESSAGE][PASSED] - Object: 'Object Repository/LoginPage/Login' is clicked on

2018-06-14 18:46:36 - [MESSAGE][PASSED] - projectSpecific.Reusability.login is PASSED

2018-06-14 18:46:36 - [TEST_STEP][PASSED] - delay: Delayed 15 second(s)

2018-06-14 18:46:51 - [MESSAGE][PASSED] - Delayed 15 second(s)

2018-06-14 18:46:51 - [TEST_STEP][PASSED] - uiaction.CommonUIActions.click: uiaction.CommonUIActions.click is PASSED

2018-06-14 18:46:57 - [MESSAGE][PASSED] - uiaction.CommonUIActions.click is PASSED

2018-06-14 18:46:57 - [TEST_STEP][PASSED] - delay: Delayed 10 second(s)

2018-06-14 18:47:07 - [MESSAGE][PASSED] - Delayed 10 second(s)

2018-06-14 18:47:07 - [TEST_STEP][PASSED] - uiaction.CommonUIActions.click: uiaction.CommonUIActions.click is PASSED

2018-06-14 18:47:07 - [MESSAGE][PASSED] - uiaction.CommonUIActions.click is PASSED

2018-06-14 18:47:07 - [TEST_STEP][PASSED] - click: Object: 'Object Repository/Language/L_ReportsPage/fromDateSelector' is clicked on

2018-06-14 18:47:07 - [MESSAGE][PASSED] - Object: 'Object Repository/Language/L_ReportsPage/fromDateSelector' is clicked on

2018-06-14 18:47:07 - [TEST_STEP][PASSED] - delay: Delayed 5 second(s)

2018-06-14 18:47:12 - [MESSAGE][PASSED] - Delayed 5 second(s)

2018-06-14 18:47:12 - [TEST_STEP][PASSED] - Statement - monthText = com.kms.katalon.core.webui.keyword.WebUiBuiltInKeywords.getText(com.kms.katalon.core.testobject.ObjectRepository.findTestObject(Language/L_ReportsPage/monthText)): Text of object 'Object Repository/Language/L_ReportsPage/monthText' is: 'June 2018'

2018-06-14 18:47:12 - [MESSAGE][PASSED] - Text of object 'Object Repository/Language/L_ReportsPage/monthText' is: 'June 2018'

2018-06-14 18:47:12 - [TEST_STEP][PASSED] - Statement - monthTextArray = monthText.split(" "): null

2018-06-14 18:47:12 - [TEST_STEP][PASSED] - Statement - month = monthTextArray[0]: null

2018-06-14 18:47:12 - [TEST_STEP][PASSED] - Statement - monthTextValue = "March": null

2018-06-14 18:47:12 - [TEST_STEP][PASSED] - Statement - If (!(monthTextValue.equals(month))): null

2018-06-14 18:47:12 - [TEST_STEP][PASSED] - Statement - While (!(monthTextValue.equals(month))): null

2018-06-14 18:47:12 - [TEST_STEP][PASSED] - click: Object: 'Object Repository/Language/L_ReportsPage/previousDateSelector' is clicked on

2018-06-14 18:47:13 - [MESSAGE][PASSED] - Object: 'Object Repository/Language/L_ReportsPage/previousDateSelector' is clicked on

2018-06-14 18:47:13 - [TEST_STEP][PASSED] - Statement - monthText = com.kms.katalon.core.webui.keyword.WebUiBuiltInKeywords.getText(com.kms.katalon.core.testobject.ObjectRepository.findTestObject(Language/L_ReportsPage/monthText)): Text of object 'Object Repository/Language/L_ReportsPage/monthText' is: 'May 2018'

2018-06-14 18:47:13 - [MESSAGE][PASSED] - Text of object 'Object Repository/Language/L_ReportsPage/monthText' is: 'May 2018'

2018-06-14 18:47:13 - [TEST_STEP][PASSED] - Statement - monthTextArray = monthText.split(" "): null

2018-06-14 18:47:13 - [TEST_STEP][PASSED] - Statement - month = monthTextArray[0]: null

2018-06-14 18:47:13 - [TEST_STEP][PASSED] - click: Object: 'Object Repository/Language/L_ReportsPage/previousDateSelector' is clicked on

2018-06-14 18:47:13 - [MESSAGE][PASSED] - Object: 'Object Repository/Language/L_ReportsPage/previousDateSelector' is clicked on

2018-06-14 18:47:13 - [TEST_STEP][PASSED] - Statement - monthText = com.kms.katalon.core.webui.keyword.WebUiBuiltInKeywords.getText(com.kms.katalon.core.testobject.ObjectRepository.findTestObject(Language/L_ReportsPage/monthText)): Text of object 'Object Repository/Language/L_ReportsPage/monthText' is: 'April 2018'

2018-06-14 18:47:13 - [MESSAGE][PASSED] - Text of object 'Object Repository/Language/L_ReportsPage/monthText' is: 'April 2018'

2018-06-14 18:47:13 - [TEST_STEP][PASSED] - Statement - monthTextArray = monthText.split(" "): null

2018-06-14 18:47:13 - [TEST_STEP][PASSED] - Statement - month = monthTextArray[0]: null

2018-06-14 18:47:13 - [TEST_STEP][PASSED] - click: Object: 'Object Repository/Language/L_ReportsPage/previousDateSelector' is clicked on

2018-06-14 18:47:13 - [MESSAGE][PASSED] - Object: 'Object Repository/Language/L_ReportsPage/previousDateSelector' is clicked on

2018-06-14 18:47:13 - [TEST_STEP][PASSED] - Statement - monthText = com.kms.katalon.core.webui.keyword.WebUiBuiltInKeywords.getText(com.kms.katalon.core.testobject.ObjectRepository.findTestObject(Language/L_ReportsPage/monthText)): Text of object 'Object Repository/Language/L_ReportsPage/monthText' is: 'March 2018'

2018-06-14 18:47:13 - [MESSAGE][PASSED] - Text of object 'Object Repository/Language/L_ReportsPage/monthText' is: 'March 2018'

2018-06-14 18:47:13 - [TEST_STEP][PASSED] - Statement - monthTextArray = monthText.split(" "): null

2018-06-14 18:47:13 - [TEST_STEP][PASSED] - Statement - month = monthTextArray[0]: null

2018-06-14 18:47:13 - [TEST_STEP][PASSED] - Statement - data = "1": null

2018-06-14 18:47:13 - [TEST_STEP][PASSED] - Statement - startDate = "(//td[text()='" + data + "'])[1]": null

2018-06-14 18:47:13 - [TEST_STEP][PASSED] - Statement - println(startDate): null

2018-06-14 18:47:13 - [TEST_STEP][PASSED] - Statement - startdateEle = driver.findElement(org.openqa.selenium.By.xpath(startDate)): null

2018-06-14 18:47:13 - [TEST_STEP][PASSED] - Statement - startdateEle.click(): null

2018-06-14 18:47:13 - [TEST_STEP][PASSED] - delay: Delayed 5 second(s)

2018-06-14 18:47:18 - [MESSAGE][PASSED] - Delayed 5 second(s)

2018-06-14 18:47:18 - [TEST_STEP][PASSED] - click: Object: 'Object Repository/Language/L_ReportsPage/toDateSelector' is clicked on

2018-06-14 18:47:18 - [MESSAGE][PASSED] - Object: 'Object Repository/Language/L_ReportsPage/toDateSelector' is clicked on

2018-06-14 18:47:18 - [TEST_STEP][PASSED] - Statement - monthText = com.kms.katalon.core.webui.keyword.WebUiBuiltInKeywords.getText(com.kms.katalon.core.testobject.ObjectRepository.findTestObject(Language/L_ReportsPage/monthText2)): Text of object 'Object Repository/Language/L_ReportsPage/monthText2' is: 'June 2018'

2018-06-14 18:47:18 - [MESSAGE][PASSED] - Text of object 'Object Repository/Language/L_ReportsPage/monthText2' is: 'June 2018'

2018-06-14 18:47:18 - [TEST_STEP][PASSED] - Statement - monthTextArray = monthText.split(" "): null

2018-06-14 18:47:18 - [TEST_STEP][PASSED] - Statement - month = monthTextArray[0]: null

2018-06-14 18:47:18 - [TEST_STEP][PASSED] - Statement - If (!(monthTextValue.equals(month))): null

2018-06-14 18:47:18 - [TEST_STEP][PASSED] - Statement - While (!(monthTextValue.equals(month))): null

2018-06-14 18:47:18 - [TEST_STEP][PASSED] - click: Object: 'Object Repository/Language/L_ReportsPage/previousDateSelector2' is clicked on

2018-06-14 18:47:18 - [MESSAGE][PASSED] - Object: 'Object Repository/Language/L_ReportsPage/previousDateSelector2' is clicked on

2018-06-14 18:47:18 - [TEST_STEP][PASSED] - Statement - monthText = com.kms.katalon.core.webui.keyword.WebUiBuiltInKeywords.getText(com.kms.katalon.core.testobject.ObjectRepository.findTestObject(Language/L_ReportsPage/monthText2)): Text of object 'Object Repository/Language/L_ReportsPage/monthText2' is: 'May 2018'

2018-06-14 18:47:18 - [MESSAGE][PASSED] - Text of object 'Object Repository/Language/L_ReportsPage/monthText2' is: 'May 2018'

2018-06-14 18:47:18 - [TEST_STEP][PASSED] - Statement - monthTextArray = monthText.split(" "): null

2018-06-14 18:47:18 - [TEST_STEP][PASSED] - Statement - month = monthTextArray[0]: null

2018-06-14 18:47:18 - [TEST_STEP][PASSED] - click: Object: 'Object Repository/Language/L_ReportsPage/previousDateSelector2' is clicked on

2018-06-14 18:47:18 - [MESSAGE][PASSED] - Object: 'Object Repository/Language/L_ReportsPage/previousDateSelector2' is clicked on

2018-06-14 18:47:18 - [TEST_STEP][PASSED] - Statement - monthText = com.kms.katalon.core.webui.keyword.WebUiBuiltInKeywords.getText(com.kms.katalon.core.testobject.ObjectRepository.findTestObject(Language/L_ReportsPage/monthText2)): Text of object 'Object Repository/Language/L_ReportsPage/monthText2' is: 'April 2018'

2018-06-14 18:47:18 - [MESSAGE][PASSED] - Text of object 'Object Repository/Language/L_ReportsPage/monthText2' is: 'April 2018'

2018-06-14 18:47:18 - [TEST_STEP][PASSED] - Statement - monthTextArray = monthText.split(" "): null

2018-06-14 18:47:18 - [TEST_STEP][PASSED] - Statement - month = monthTextArray[0]: null

2018-06-14 18:47:18 - [TEST_STEP][PASSED] - click: Object: 'Object Repository/Language/L_ReportsPage/previousDateSelector2' is clicked on

2018-06-14 18:47:18 - [MESSAGE][PASSED] - Object: 'Object Repository/Language/L_ReportsPage/previousDateSelector2' is clicked on

2018-06-14 18:47:18 - [TEST_STEP][PASSED] - Statement - monthText = com.kms.katalon.core.webui.keyword.WebUiBuiltInKeywords.getText(com.kms.katalon.core.testobject.ObjectRepository.findTestObject(Language/L_ReportsPage/monthText2)): Text of object 'Object Repository/Language/L_ReportsPage/monthText2' is: 'March 2018'

2018-06-14 18:47:18 - [MESSAGE][PASSED] - Text of object 'Object Repository/Language/L_ReportsPage/monthText2' is: 'March 2018'

2018-06-14 18:47:18 - [TEST_STEP][PASSED] - Statement - monthTextArray = monthText.split(" "): null

2018-06-14 18:47:18 - [TEST_STEP][PASSED] - Statement - month = monthTextArray[0]: null

2018-06-14 18:47:18 - [TEST_STEP][PASSED] - Statement - endDate = "1": null

2018-06-14 18:47:18 - [TEST_STEP][PASSED] - Statement - toDate = "(//td[text()='" + endDate + "'])[3]": null

2018-06-14 18:47:18 - [TEST_STEP][PASSED] - Statement - toDateEle = driver.findElement(org.openqa.selenium.By.xpath(toDate)): null

2018-06-14 18:47:18 - [TEST_STEP][PASSED] - Statement - toDateEle.click(): null

2018-06-14 18:47:18 - [TEST_STEP][PASSED] - delay: Delayed 5 second(s)

2018-06-14 18:47:23 - [MESSAGE][PASSED] - Delayed 5 second(s)

2018-06-14 18:47:23 - [TEST_STEP][PASSED] - Statement - dateAttr = com.kms.katalon.core.webui.keyword.WebUiBuiltInKeywords.getAttribute(com.kms.katalon.core.testobject.ObjectRepository.findTestObject(Language/L_ReportsPage/selectedDate1), "value"): Attribute 'value' of object 'Object Repository/Language/L_ReportsPage/selectedDate1' is: '03/01/2018'

2018-06-14 18:47:23 - [MESSAGE][PASSED] - Attribute 'value' of object 'Object Repository/Language/L_ReportsPage/selectedDate1' is: '03/01/2018'

2018-06-14 18:47:23 - [TEST_STEP][PASSED] - Statement - fromDateValue = "03/01/2018": null

2018-06-14 18:47:23 - [TEST_STEP][PASSED] - Statement - If (!(dateAttr.equals(fromDateValue))): null

2018-06-14 18:47:23 - [TEST_STEP][PASSED] - Statement - dateAttr = com.kms.katalon.core.webui.keyword.WebUiBuiltInKeywords.getAttribute(com.kms.katalon.core.testobject.ObjectRepository.findTestObject(Language/L_ReportsPage/selectedDate2), "value"): Attribute 'value' of object 'Object Repository/Language/L_ReportsPage/selectedDate2' is: '03/01/2018'

2018-06-14 18:47:23 - [MESSAGE][PASSED] - Attribute 'value' of object 'Object Repository/Language/L_ReportsPage/selectedDate2' is: '03/01/2018'

2018-06-14 18:47:23 - [TEST_STEP][PASSED] - Statement - toDateValue = "03/01/2018": null

2018-06-14 18:47:23 - [TEST_STEP][PASSED] - Statement - If (!(dateAttr.equals(toDateValue))): null

2018-06-14 18:47:23 - [TEST_STEP][PASSED] - click: Object: 'Object Repository/Language/L_ReportsPage/generateReportBtn' is clicked on

2018-06-14 18:47:23 - [MESSAGE][PASSED] - Object: 'Object Repository/Language/L_ReportsPage/generateReportBtn' is clicked on

2018-06-14 18:47:23 - [TEST_STEP][PASSED] - delay: Delayed 15 second(s)

2018-06-14 18:47:38 - [MESSAGE][PASSED] - Delayed 15 second(s)

2018-06-14 18:47:38 - [TEST_STEP][PASSED] - uiaction.CommonUIActions.click: uiaction.CommonUIActions.click is PASSED

2018-06-14 18:47:59 - [MESSAGE][PASSED] - uiaction.CommonUIActions.click is PASSED

2018-06-14 18:47:59 - [TEST_STEP][PASSED] - uiaction.CommonUIActions.click: uiaction.CommonUIActions.click is PASSED

2018-06-14 18:48:19 - [MESSAGE][PASSED] - uiaction.CommonUIActions.click is PASSED

2018-06-14 18:48:19 - [TEST_STEP][ERROR] - Statement - s = CustomKeywords.projectSpecific.Reusability.checkemailandverifyattachment(): stale element reference: element is not attached to the page document
  (Session info: chrome=67.0.3396.79)
  (Driver info: chromedriver=2.35.528161 (5b82f2d2aae0ca24b877009200ced9065a772e73),platform=Windows NT 6.1.7601 SP1 x86_64) (WARNING: The server did not provide any stacktrace information)
Command duration or timeout: 0 milliseconds
For documentation on this error, please visit: http://seleniumhq.org/exceptions/stale_element_reference.html
Build info: version: '3.7.1', revision: '8a0099a', time: '2017-11-06T21:07:36.161Z'
System info: host: 'NIBC2129', ip: '192.168.24.174', os.name: 'Windows 7', os.arch: 'amd64', os.version: '6.1', java.version: '1.8.0_102'
Driver info: com.kms.katalon.selenium.driver.CChromeDriver
Capabilities {acceptInsecureCerts: false, acceptSslCerts: false, applicationCacheEnabled: false, browserConnectionEnabled: false, browserName: chrome, chrome: {chromedriverVersion: 2.35.528161 (5b82f2d2aae0ca..., userDataDir: C:\Users\shalinin\AppData\L...}, cssSelectorsEnabled: true, databaseEnabled: false, handlesAlerts: true, hasTouchScreen: false, javascriptEnabled: true, locationContextEnabled: true, mobileEmulationEnabled: false, nativeEvents: true, networkConnectionEnabled: false, pageLoadStrategy: normal, platform: XP, platformName: XP, rotatable: false, setWindowRect: true, takesHeapSnapshot: true, takesScreenshot: true, unexpectedAlertBehaviour: , unhandledPromptBehavior: , version: 67.0.3396.79, webStorageEnabled: true}
Session ID: d21097e43d48e5b9e6880306b97205e5

2018-06-14 18:48:19 - [MESSAGE][WARNING] - A browser is already opened. Closing browser and opening a new one

2018-06-14 18:48:22 - [MESSAGE][PASSED] - Browser is opened with url: ''

2018-06-14 18:48:23 - [MESSAGE][PASSED] - Current window maximized

2018-06-14 18:48:25 - [MESSAGE][PASSED] - Navigate to 'https://mail.yahoo.com' successfully

2018-06-14 18:48:35 - [MESSAGE][PASSED] - Delayed 10 second(s)

2018-06-14 18:48:45 - [MESSAGE][PASSED] - Delayed 10 second(s)

2018-06-14 18:49:00 - [MESSAGE][PASSED] - Delayed 15 second(s)

2018-06-14 18:49:19 - [MESSAGE][PASSED] - Delayed 15 second(s)

2018-06-14 18:49:24 - [MESSAGE][PASSED] - Delayed 5 second(s)

2018-06-14 18:49:34 - [MESSAGE][PASSED] - Delayed 10 second(s)

2018-06-14 18:49:54 - [MESSAGE][PASSED] - Delayed 10 second(s)

2018-06-14 18:49:54 - [MESSAGE][ERROR] - stale element reference: element is not attached to the page document
  (Session info: chrome=67.0.3396.79)
  (Driver info: chromedriver=2.35.528161 (5b82f2d2aae0ca24b877009200ced9065a772e73),platform=Windows NT 6.1.7601 SP1 x86_64) (WARNING: The server did not provide any stacktrace information)
Command duration or timeout: 0 milliseconds
For documentation on this error, please visit: http://seleniumhq.org/exceptions/stale_element_reference.html
Build info: version: '3.7.1', revision: '8a0099a', time: '2017-11-06T21:07:36.161Z'
System info: host: 'NIBC2129', ip: '192.168.24.174', os.name: 'Windows 7', os.arch: 'amd64', os.version: '6.1', java.version: '1.8.0_102'
Driver info: com.kms.katalon.selenium.driver.CChromeDriver
Capabilities {acceptInsecureCerts: false, acceptSslCerts: false, applicationCacheEnabled: false, browserConnectionEnabled: false, browserName: chrome, chrome: {chromedriverVersion: 2.35.528161 (5b82f2d2aae0ca..., userDataDir: C:\Users\shalinin\AppData\L...}, cssSelectorsEnabled: true, databaseEnabled: false, handlesAlerts: true, hasTouchScreen: false, javascriptEnabled: true, locationContextEnabled: true, mobileEmulationEnabled: false, nativeEvents: true, networkConnectionEnabled: false, pageLoadStrategy: normal, platform: XP, platformName: XP, rotatable: false, setWindowRect: true, takesHeapSnapshot: true, takesScreenshot: true, unexpectedAlertBehaviour: , unhandledPromptBehavior: , version: 67.0.3396.79, webStorageEnabled: true}
Session ID: d21097e43d48e5b9e6880306b97205e5

2018-06-14 18:49:54 - [TEST_STEP][PASSED] - Statement - Catch (Exception e): null

2018-06-14 18:49:54 - [TEST_STEP][PASSED] - Statement - e.printStackTrace(): null

2018-06-14 18:49:54 - [TEST_STEP][PASSED] - Statement - println("Exception of element not found"): null

2018-06-14 18:49:54 - [TEST_STEP][PASSED] - Statement - If (TCflag): null

2018-06-14 18:49:54 - [TEST_STEP][PASSED] - Statement - assert TCflag == true: null

2018-06-14 18:49:54 - [TEST_STEP][PASSED] - Start listener action : sampleAfterTestCase: Browser is closed

2018-06-14 18:49:54 - [TEST_STEP][PASSED] - Statement - println(testCaseContext.getTestCaseId()): null

2018-06-14 18:49:54 - [TEST_STEP][PASSED] - Statement - println(testCaseContext.getTestCaseStatus()): null

2018-06-14 18:49:54 - [TEST_STEP][PASSED] - closeBrowser: Browser is closed

2018-06-14 18:49:55 - [MESSAGE][PASSED] - Browser is closed]]></system-out>
         <system-err><![CDATA[2018-06-14 18:46:06 - [TEST_CASE][ERROR] - Test Cases/MultilingualTC/HME-Multilingual-01: Test Cases/MultilingualTC/HME-Multilingual-01 FAILED because (of) org.openqa.selenium.StaleElementReferenceException: stale element reference: element is not attached to the page document
  (Session info: chrome=67.0.3396.79)
  (Driver info: chromedriver=2.35.528161 (5b82f2d2aae0ca24b877009200ced9065a772e73),platform=Windows NT 6.1.7601 SP1 x86_64) (WARNING: The server did not provide any stacktrace information)
Command duration or timeout: 0 milliseconds
For documentation on this error, please visit: http://seleniumhq.org/exceptions/stale_element_reference.html
Build info: version: '3.7.1', revision: '8a0099a', time: '2017-11-06T21:07:36.161Z'
System info: host: 'NIBC2129', ip: '192.168.24.174', os.name: 'Windows 7', os.arch: 'amd64', os.version: '6.1', java.version: '1.8.0_102'
Driver info: com.kms.katalon.selenium.driver.CChromeDriver
Capabilities {acceptInsecureCerts: false, acceptSslCerts: false, applicationCacheEnabled: false, browserConnectionEnabled: false, browserName: chrome, chrome: {chromedriverVersion: 2.35.528161 (5b82f2d2aae0ca..., userDataDir: C:\Users\shalinin\AppData\L...}, cssSelectorsEnabled: true, databaseEnabled: false, handlesAlerts: true, hasTouchScreen: false, javascriptEnabled: true, locationContextEnabled: true, mobileEmulationEnabled: false, nativeEvents: true, networkConnectionEnabled: false, pageLoadStrategy: normal, platform: XP, platformName: XP, rotatable: false, setWindowRect: true, takesHeapSnapshot: true, takesScreenshot: true, unexpectedAlertBehaviour: , unhandledPromptBehavior: , version: 67.0.3396.79, webStorageEnabled: true}
Session ID: d21097e43d48e5b9e6880306b97205e5]]></system-err>
      </testcase>
      <testcase name="Test Cases/MultilingualTC/HME-Multilingual-02" classname="Test Cases/MultilingualTC/HME-Multilingual-02" status="ERROR">
         <error type="ERROR" message="Test Cases/MultilingualTC/HME-Multilingual-02 FAILED because (of) org.openqa.selenium.StaleElementReferenceException: stale element reference: element is not attached to the page document
  (Session info: chrome=67.0.3396.79)
  (Driver info: chromedriver=2.35.528161 (5b82f2d2aae0ca24b877009200ced9065a772e73),platform=Windows NT 6.1.7601 SP1 x86_64) (WARNING: The server did not provide any stacktrace information)
Command duration or timeout: 0 milliseconds
For documentation on this error, please visit: http://seleniumhq.org/exceptions/stale_element_reference.html
Build info: version: '3.7.1', revision: '8a0099a', time: '2017-11-06T21:07:36.161Z'
System info: host: 'NIBC2129', ip: '192.168.24.174', os.name: 'Windows 7', os.arch: 'amd64', os.version: '6.1', java.version: '1.8.0_102'
Driver info: com.kms.katalon.selenium.driver.CChromeDriver
Capabilities {acceptInsecureCerts: false, acceptSslCerts: false, applicationCacheEnabled: false, browserConnectionEnabled: false, browserName: chrome, chrome: {chromedriverVersion: 2.35.528161 (5b82f2d2aae0ca..., userDataDir: C:\Users\shalinin\AppData\L...}, cssSelectorsEnabled: true, databaseEnabled: false, handlesAlerts: true, hasTouchScreen: false, javascriptEnabled: true, locationContextEnabled: true, mobileEmulationEnabled: false, nativeEvents: true, networkConnectionEnabled: false, pageLoadStrategy: normal, platform: XP, platformName: XP, rotatable: false, setWindowRect: true, takesHeapSnapshot: true, takesScreenshot: true, unexpectedAlertBehaviour: , unhandledPromptBehavior: , version: 67.0.3396.79, webStorageEnabled: true}
Session ID: fb4a3129a469cafaec991e818dca8c9d"/>
         <system-out><![CDATA[2018-06-14 18:49:55 - [TEST_CASE][ERROR] - Test Cases/MultilingualTC/HME-Multilingual-02: Test Cases/MultilingualTC/HME-Multilingual-02 FAILED because (of) org.openqa.selenium.StaleElementReferenceException: stale element reference: element is not attached to the page document
  (Session info: chrome=67.0.3396.79)
  (Driver info: chromedriver=2.35.528161 (5b82f2d2aae0ca24b877009200ced9065a772e73),platform=Windows NT 6.1.7601 SP1 x86_64) (WARNING: The server did not provide any stacktrace information)
Command duration or timeout: 0 milliseconds
For documentation on this error, please visit: http://seleniumhq.org/exceptions/stale_element_reference.html
Build info: version: '3.7.1', revision: '8a0099a', time: '2017-11-06T21:07:36.161Z'
System info: host: 'NIBC2129', ip: '192.168.24.174', os.name: 'Windows 7', os.arch: 'amd64', os.version: '6.1', java.version: '1.8.0_102'
Driver info: com.kms.katalon.selenium.driver.CChromeDriver
Capabilities {acceptInsecureCerts: false, acceptSslCerts: false, applicationCacheEnabled: false, browserConnectionEnabled: false, browserName: chrome, chrome: {chromedriverVersion: 2.35.528161 (5b82f2d2aae0ca..., userDataDir: C:\Users\shalinin\AppData\L...}, cssSelectorsEnabled: true, databaseEnabled: false, handlesAlerts: true, hasTouchScreen: false, javascriptEnabled: true, locationContextEnabled: true, mobileEmulationEnabled: false, nativeEvents: true, networkConnectionEnabled: false, pageLoadStrategy: normal, platform: XP, platformName: XP, rotatable: false, setWindowRect: true, takesHeapSnapshot: true, takesScreenshot: true, unexpectedAlertBehaviour: , unhandledPromptBehavior: , version: 67.0.3396.79, webStorageEnabled: true}
Session ID: fb4a3129a469cafaec991e818dca8c9d

2018-06-14 18:49:55 - [TEST_STEP][PASSED] - Start listener action : sampleBeforeTestCase: uiaction.CommonUIActions.deleteAllCookies is PASSED

2018-06-14 18:49:55 - [TEST_STEP][PASSED] - openBrowser: Browser is opened with url: ''

2018-06-14 18:49:57 - [MESSAGE][PASSED] - Browser is opened with url: ''

2018-06-14 18:49:57 - [TEST_STEP][PASSED] - maximizeWindow: Current window maximized

2018-06-14 18:49:58 - [MESSAGE][PASSED] - Current window maximized

2018-06-14 18:49:58 - [TEST_STEP][PASSED] - uiaction.CommonUIActions.deleteAllCookies: uiaction.CommonUIActions.deleteAllCookies is PASSED

2018-06-14 18:49:58 - [MESSAGE][PASSED] - Delete all cookies successfully

2018-06-14 18:49:58 - [MESSAGE][PASSED] - uiaction.CommonUIActions.deleteAllCookies is PASSED

2018-06-14 18:49:58 - [TEST_STEP][PASSED] - Statement - TCflag = true: null

2018-06-14 18:49:58 - [TEST_STEP][PASSED] - Statement - actual = null: null

2018-06-14 18:49:58 - [TEST_STEP][PASSED] - Statement - expected = null: null

2018-06-14 18:49:58 - [TEST_STEP][ERROR] - Statement - Try: stale element reference: element is not attached to the page document
  (Session info: chrome=67.0.3396.79)
  (Driver info: chromedriver=2.35.528161 (5b82f2d2aae0ca24b877009200ced9065a772e73),platform=Windows NT 6.1.7601 SP1 x86_64) (WARNING: The server did not provide any stacktrace information)
Command duration or timeout: 0 milliseconds
For documentation on this error, please visit: http://seleniumhq.org/exceptions/stale_element_reference.html
Build info: version: '3.7.1', revision: '8a0099a', time: '2017-11-06T21:07:36.161Z'
System info: host: 'NIBC2129', ip: '192.168.24.174', os.name: 'Windows 7', os.arch: 'amd64', os.version: '6.1', java.version: '1.8.0_102'
Driver info: com.kms.katalon.selenium.driver.CChromeDriver
Capabilities {acceptInsecureCerts: false, acceptSslCerts: false, applicationCacheEnabled: false, browserConnectionEnabled: false, browserName: chrome, chrome: {chromedriverVersion: 2.35.528161 (5b82f2d2aae0ca..., userDataDir: C:\Users\shalinin\AppData\L...}, cssSelectorsEnabled: true, databaseEnabled: false, handlesAlerts: true, hasTouchScreen: false, javascriptEnabled: true, locationContextEnabled: true, mobileEmulationEnabled: false, nativeEvents: true, networkConnectionEnabled: false, pageLoadStrategy: normal, platform: XP, platformName: XP, rotatable: false, setWindowRect: true, takesHeapSnapshot: true, takesScreenshot: true, unexpectedAlertBehaviour: , unhandledPromptBehavior: , version: 67.0.3396.79, webStorageEnabled: true}
Session ID: fb4a3129a469cafaec991e818dca8c9d

2018-06-14 18:49:58 - [TEST_STEP][PASSED] - Statement - jsCapabilities = org.openqa.selenium.remote.DesiredCapabilities.chrome(): null

2018-06-14 18:49:58 - [TEST_STEP][PASSED] - Statement - options = new org.openqa.selenium.chrome.ChromeOptions(): null

2018-06-14 18:49:58 - [TEST_STEP][PASSED] - Statement - prefs = new java.util.HashMap(): null

2018-06-14 18:49:58 - [TEST_STEP][PASSED] - Statement - prefs.put("intl.accept_languages", "en"): null

2018-06-14 18:49:58 - [TEST_STEP][PASSED] - Statement - options.setExperimentalOption("prefs", prefs): null

2018-06-14 18:49:58 - [TEST_STEP][PASSED] - Statement - jsCapabilities.setCapability(CAPABILITY, options): null

2018-06-14 18:49:58 - [TEST_STEP][PASSED] - Statement - chromedriverPath = com.kms.katalon.core.configuration.RunConfiguration.getProjectDir() + "/chromedriver.exe": null

2018-06-14 18:49:58 - [TEST_STEP][PASSED] - Statement - java.lang.System.setProperty("webdriver.chrome.driver", chromedriverPath): null

2018-06-14 18:49:58 - [TEST_STEP][PASSED] - Statement - driver = new org.openqa.selenium.chrome.ChromeDriver(options): null

2018-06-14 18:50:00 - [TEST_STEP][PASSED] - Statement - com.kms.katalon.core.webui.driver.DriverFactory.changeWebDriver(driver): null

2018-06-14 18:50:00 - [TEST_STEP][PASSED] - delay: Delayed 10 second(s)

2018-06-14 18:50:10 - [MESSAGE][PASSED] - Delayed 10 second(s)

2018-06-14 18:50:10 - [TEST_STEP][PASSED] - Statement - driver.get("https://hme-dev-public-cloud-app.azurewebsites.net/"): null

2018-06-14 18:50:13 - [TEST_STEP][PASSED] - maximizeWindow: Current window maximized

2018-06-14 18:50:14 - [MESSAGE][PASSED] - Current window maximized

2018-06-14 18:50:14 - [TEST_STEP][PASSED] - delay: Delayed 10 second(s)

2018-06-14 18:50:24 - [MESSAGE][PASSED] - Delayed 10 second(s)

2018-06-14 18:50:24 - [TEST_STEP][PASSED] - Statement - actual = com.kms.katalon.core.webui.keyword.WebUiBuiltInKeywords.getText(com.kms.katalon.core.testobject.ObjectRepository.findTestObject(Language/L_LoginPage/userName)): Text of object 'Object Repository/Language/L_LoginPage/userName' is: 'Username'

2018-06-14 18:50:25 - [MESSAGE][PASSED] - Text of object 'Object Repository/Language/L_LoginPage/userName' is: 'Username'

2018-06-14 18:50:25 - [TEST_STEP][PASSED] - verifyMatch: Actual text 'Username' and expected text 'Username' are matched 

2018-06-14 18:50:25 - [MESSAGE][PASSED] - projectSpecific.Reusability.getTestData is PASSED

2018-06-14 18:50:25 - [MESSAGE][PASSED] - Actual text 'Username' and expected text 'Username' are matched 

2018-06-14 18:50:25 - [TEST_STEP][PASSED] - Statement - actual = com.kms.katalon.core.webui.keyword.WebUiBuiltInKeywords.getText(com.kms.katalon.core.testobject.ObjectRepository.findTestObject(Language/L_LoginPage/userName)): Text of object 'Object Repository/Language/L_LoginPage/userName' is: 'Username'

2018-06-14 18:50:25 - [MESSAGE][PASSED] - Text of object 'Object Repository/Language/L_LoginPage/userName' is: 'Username'

2018-06-14 18:50:25 - [TEST_STEP][PASSED] - verifyMatch: Actual text 'Username' and expected text 'Username' are matched 

2018-06-14 18:50:25 - [MESSAGE][PASSED] - projectSpecific.Reusability.getTestData is PASSED

2018-06-14 18:50:25 - [MESSAGE][PASSED] - Actual text 'Username' and expected text 'Username' are matched 

2018-06-14 18:50:25 - [TEST_STEP][PASSED] - projectSpecific.Reusability.login: projectSpecific.Reusability.login is PASSED

2018-06-14 18:50:25 - [MESSAGE][PASSED] - projectSpecific.Reusability.getTestData is PASSED

2018-06-14 18:50:25 - [MESSAGE][PASSED] - projectSpecific.Reusability.getTestData is PASSED

2018-06-14 18:50:25 - [MESSAGE][PASSED] - Text 'sangeetha_gokul@yahoo.com' is set on object 'Object Repository/LoginPage/Username'

2018-06-14 18:50:25 - [MESSAGE][PASSED] - Text 'gvcd6bjk5g' is set on object 'Object Repository/LoginPage/Password'

2018-06-14 18:50:25 - [MESSAGE][PASSED] - Object: 'Object Repository/LoginPage/Login' is clicked on

2018-06-14 18:50:25 - [MESSAGE][PASSED] - projectSpecific.Reusability.login is PASSED

2018-06-14 18:50:25 - [TEST_STEP][PASSED] - delay: Delayed 15 second(s)

2018-06-14 18:50:40 - [MESSAGE][PASSED] - Delayed 15 second(s)

2018-06-14 18:50:40 - [TEST_STEP][PASSED] - uiaction.CommonUIActions.click: uiaction.CommonUIActions.click is PASSED

2018-06-14 18:50:53 - [MESSAGE][PASSED] - uiaction.CommonUIActions.click is PASSED

2018-06-14 18:50:53 - [TEST_STEP][PASSED] - delay: Delayed 10 second(s)

2018-06-14 18:51:03 - [MESSAGE][PASSED] - Delayed 10 second(s)

2018-06-14 18:51:03 - [TEST_STEP][PASSED] - Statement - driver.findElement(org.openqa.selenium.By.xpath("//span[contains(text(),'22222')]")).click(): null

2018-06-14 18:51:03 - [TEST_STEP][PASSED] - click: Object: 'Object Repository/Language/L_ReportsPage/fromDateSelector' is clicked on

2018-06-14 18:51:03 - [MESSAGE][PASSED] - Object: 'Object Repository/Language/L_ReportsPage/fromDateSelector' is clicked on

2018-06-14 18:51:03 - [TEST_STEP][PASSED] - delay: Delayed 5 second(s)

2018-06-14 18:51:08 - [MESSAGE][PASSED] - Delayed 5 second(s)

2018-06-14 18:51:08 - [TEST_STEP][PASSED] - Statement - monthText = com.kms.katalon.core.webui.keyword.WebUiBuiltInKeywords.getText(com.kms.katalon.core.testobject.ObjectRepository.findTestObject(Language/L_ReportsPage/monthText)): Text of object 'Object Repository/Language/L_ReportsPage/monthText' is: 'June 2018'

2018-06-14 18:51:08 - [MESSAGE][PASSED] - Text of object 'Object Repository/Language/L_ReportsPage/monthText' is: 'June 2018'

2018-06-14 18:51:08 - [TEST_STEP][PASSED] - Statement - monthTextArray = monthText.split(" "): null

2018-06-14 18:51:08 - [TEST_STEP][PASSED] - Statement - month = monthTextArray[0]: null

2018-06-14 18:51:08 - [TEST_STEP][PASSED] - Statement - monthTextValue = "March": null

2018-06-14 18:51:08 - [TEST_STEP][PASSED] - Statement - If (!(monthTextValue.equals(month))): null

2018-06-14 18:51:08 - [TEST_STEP][PASSED] - Statement - While (!(monthTextValue.equals(month))): null

2018-06-14 18:51:08 - [TEST_STEP][PASSED] - click: Object: 'Object Repository/Language/L_ReportsPage/previousDateSelector' is clicked on

2018-06-14 18:51:09 - [MESSAGE][PASSED] - Object: 'Object Repository/Language/L_ReportsPage/previousDateSelector' is clicked on

2018-06-14 18:51:09 - [TEST_STEP][PASSED] - Statement - monthText = com.kms.katalon.core.webui.keyword.WebUiBuiltInKeywords.getText(com.kms.katalon.core.testobject.ObjectRepository.findTestObject(Language/L_ReportsPage/monthText)): Text of object 'Object Repository/Language/L_ReportsPage/monthText' is: 'May 2018'

2018-06-14 18:51:09 - [MESSAGE][PASSED] - Text of object 'Object Repository/Language/L_ReportsPage/monthText' is: 'May 2018'

2018-06-14 18:51:09 - [TEST_STEP][PASSED] - Statement - monthTextArray = monthText.split(" "): null

2018-06-14 18:51:09 - [TEST_STEP][PASSED] - Statement - month = monthTextArray[0]: null

2018-06-14 18:51:09 - [TEST_STEP][PASSED] - click: Object: 'Object Repository/Language/L_ReportsPage/previousDateSelector' is clicked on

2018-06-14 18:51:09 - [MESSAGE][PASSED] - Object: 'Object Repository/Language/L_ReportsPage/previousDateSelector' is clicked on

2018-06-14 18:51:09 - [TEST_STEP][PASSED] - Statement - monthText = com.kms.katalon.core.webui.keyword.WebUiBuiltInKeywords.getText(com.kms.katalon.core.testobject.ObjectRepository.findTestObject(Language/L_ReportsPage/monthText)): Text of object 'Object Repository/Language/L_ReportsPage/monthText' is: 'April 2018'

2018-06-14 18:51:09 - [MESSAGE][PASSED] - Text of object 'Object Repository/Language/L_ReportsPage/monthText' is: 'April 2018'

2018-06-14 18:51:09 - [TEST_STEP][PASSED] - Statement - monthTextArray = monthText.split(" "): null

2018-06-14 18:51:09 - [TEST_STEP][PASSED] - Statement - month = monthTextArray[0]: null

2018-06-14 18:51:09 - [TEST_STEP][PASSED] - click: Object: 'Object Repository/Language/L_ReportsPage/previousDateSelector' is clicked on

2018-06-14 18:51:09 - [MESSAGE][PASSED] - Object: 'Object Repository/Language/L_ReportsPage/previousDateSelector' is clicked on

2018-06-14 18:51:09 - [TEST_STEP][PASSED] - Statement - monthText = com.kms.katalon.core.webui.keyword.WebUiBuiltInKeywords.getText(com.kms.katalon.core.testobject.ObjectRepository.findTestObject(Language/L_ReportsPage/monthText)): Text of object 'Object Repository/Language/L_ReportsPage/monthText' is: 'March 2018'

2018-06-14 18:51:09 - [MESSAGE][PASSED] - Text of object 'Object Repository/Language/L_ReportsPage/monthText' is: 'March 2018'

2018-06-14 18:51:09 - [TEST_STEP][PASSED] - Statement - monthTextArray = monthText.split(" "): null

2018-06-14 18:51:09 - [TEST_STEP][PASSED] - Statement - month = monthTextArray[0]: null

2018-06-14 18:51:09 - [TEST_STEP][PASSED] - Statement - data = "1": null

2018-06-14 18:51:09 - [TEST_STEP][PASSED] - Statement - startDate = "(//td[text()='" + data + "'])[1]": null

2018-06-14 18:51:09 - [TEST_STEP][PASSED] - Statement - println(startDate): null

2018-06-14 18:51:09 - [TEST_STEP][PASSED] - Statement - startdateEle = driver.findElement(org.openqa.selenium.By.xpath(startDate)): null

2018-06-14 18:51:09 - [TEST_STEP][PASSED] - Statement - startdateEle.click(): null

2018-06-14 18:51:09 - [TEST_STEP][PASSED] - delay: Delayed 5 second(s)

2018-06-14 18:51:14 - [MESSAGE][PASSED] - Delayed 5 second(s)

2018-06-14 18:51:14 - [TEST_STEP][PASSED] - click: Object: 'Object Repository/Language/L_ReportsPage/toDateSelector' is clicked on

2018-06-14 18:51:14 - [MESSAGE][PASSED] - Object: 'Object Repository/Language/L_ReportsPage/toDateSelector' is clicked on

2018-06-14 18:51:14 - [TEST_STEP][PASSED] - Statement - monthText = com.kms.katalon.core.webui.keyword.WebUiBuiltInKeywords.getText(com.kms.katalon.core.testobject.ObjectRepository.findTestObject(Language/L_ReportsPage/monthText2)): Text of object 'Object Repository/Language/L_ReportsPage/monthText2' is: 'June 2018'

2018-06-14 18:51:14 - [MESSAGE][PASSED] - Text of object 'Object Repository/Language/L_ReportsPage/monthText2' is: 'June 2018'

2018-06-14 18:51:14 - [TEST_STEP][PASSED] - Statement - monthTextArray = monthText.split(" "): null

2018-06-14 18:51:14 - [TEST_STEP][PASSED] - Statement - month = monthTextArray[0]: null

2018-06-14 18:51:14 - [TEST_STEP][PASSED] - Statement - If (!(monthTextValue.equals(month))): null

2018-06-14 18:51:14 - [TEST_STEP][PASSED] - Statement - While (!(monthTextValue.equals(month))): null

2018-06-14 18:51:14 - [TEST_STEP][PASSED] - click: Object: 'Object Repository/Language/L_ReportsPage/previousDateSelector2' is clicked on

2018-06-14 18:51:14 - [MESSAGE][PASSED] - Object: 'Object Repository/Language/L_ReportsPage/previousDateSelector2' is clicked on

2018-06-14 18:51:14 - [TEST_STEP][PASSED] - Statement - monthText = com.kms.katalon.core.webui.keyword.WebUiBuiltInKeywords.getText(com.kms.katalon.core.testobject.ObjectRepository.findTestObject(Language/L_ReportsPage/monthText2)): Text of object 'Object Repository/Language/L_ReportsPage/monthText2' is: 'May 2018'

2018-06-14 18:51:14 - [MESSAGE][PASSED] - Text of object 'Object Repository/Language/L_ReportsPage/monthText2' is: 'May 2018'

2018-06-14 18:51:14 - [TEST_STEP][PASSED] - Statement - monthTextArray = monthText.split(" "): null

2018-06-14 18:51:14 - [TEST_STEP][PASSED] - Statement - month = monthTextArray[0]: null

2018-06-14 18:51:14 - [TEST_STEP][PASSED] - click: Object: 'Object Repository/Language/L_ReportsPage/previousDateSelector2' is clicked on

2018-06-14 18:51:14 - [MESSAGE][PASSED] - Object: 'Object Repository/Language/L_ReportsPage/previousDateSelector2' is clicked on

2018-06-14 18:51:14 - [TEST_STEP][PASSED] - Statement - monthText = com.kms.katalon.core.webui.keyword.WebUiBuiltInKeywords.getText(com.kms.katalon.core.testobject.ObjectRepository.findTestObject(Language/L_ReportsPage/monthText2)): Text of object 'Object Repository/Language/L_ReportsPage/monthText2' is: 'April 2018'

2018-06-14 18:51:14 - [MESSAGE][PASSED] - Text of object 'Object Repository/Language/L_ReportsPage/monthText2' is: 'April 2018'

2018-06-14 18:51:14 - [TEST_STEP][PASSED] - Statement - monthTextArray = monthText.split(" "): null

2018-06-14 18:51:14 - [TEST_STEP][PASSED] - Statement - month = monthTextArray[0]: null

2018-06-14 18:51:14 - [TEST_STEP][PASSED] - click: Object: 'Object Repository/Language/L_ReportsPage/previousDateSelector2' is clicked on

2018-06-14 18:51:14 - [MESSAGE][PASSED] - Object: 'Object Repository/Language/L_ReportsPage/previousDateSelector2' is clicked on

2018-06-14 18:51:14 - [TEST_STEP][PASSED] - Statement - monthText = com.kms.katalon.core.webui.keyword.WebUiBuiltInKeywords.getText(com.kms.katalon.core.testobject.ObjectRepository.findTestObject(Language/L_ReportsPage/monthText2)): Text of object 'Object Repository/Language/L_ReportsPage/monthText2' is: 'March 2018'

2018-06-14 18:51:14 - [MESSAGE][PASSED] - Text of object 'Object Repository/Language/L_ReportsPage/monthText2' is: 'March 2018'

2018-06-14 18:51:14 - [TEST_STEP][PASSED] - Statement - monthTextArray = monthText.split(" "): null

2018-06-14 18:51:14 - [TEST_STEP][PASSED] - Statement - month = monthTextArray[0]: null

2018-06-14 18:51:14 - [TEST_STEP][PASSED] - Statement - endDate = "1": null

2018-06-14 18:51:14 - [TEST_STEP][PASSED] - Statement - toDate = "(//td[text()='" + endDate + "'])[3]": null

2018-06-14 18:51:14 - [TEST_STEP][PASSED] - Statement - toDateEle = driver.findElement(org.openqa.selenium.By.xpath(toDate)): null

2018-06-14 18:51:14 - [TEST_STEP][PASSED] - Statement - toDateEle.click(): null

2018-06-14 18:51:14 - [TEST_STEP][PASSED] - delay: Delayed 5 second(s)

2018-06-14 18:51:19 - [MESSAGE][PASSED] - Delayed 5 second(s)

2018-06-14 18:51:19 - [TEST_STEP][PASSED] - Statement - dateAttr = com.kms.katalon.core.webui.keyword.WebUiBuiltInKeywords.getAttribute(com.kms.katalon.core.testobject.ObjectRepository.findTestObject(Language/L_ReportsPage/selectedDate1), "value"): Attribute 'value' of object 'Object Repository/Language/L_ReportsPage/selectedDate1' is: '03/01/2018'

2018-06-14 18:51:19 - [MESSAGE][PASSED] - Attribute 'value' of object 'Object Repository/Language/L_ReportsPage/selectedDate1' is: '03/01/2018'

2018-06-14 18:51:19 - [TEST_STEP][PASSED] - Statement - fromDateValue = "03/01/2018": null

2018-06-14 18:51:19 - [TEST_STEP][PASSED] - Statement - If (!(dateAttr.equals(fromDateValue))): null

2018-06-14 18:51:19 - [TEST_STEP][PASSED] - Statement - dateAttr = com.kms.katalon.core.webui.keyword.WebUiBuiltInKeywords.getAttribute(com.kms.katalon.core.testobject.ObjectRepository.findTestObject(Language/L_ReportsPage/selectedDate2), "value"): Attribute 'value' of object 'Object Repository/Language/L_ReportsPage/selectedDate2' is: '03/01/2018'

2018-06-14 18:51:19 - [MESSAGE][PASSED] - Attribute 'value' of object 'Object Repository/Language/L_ReportsPage/selectedDate2' is: '03/01/2018'

2018-06-14 18:51:19 - [TEST_STEP][PASSED] - Statement - toDateValue = "03/01/2018": null

2018-06-14 18:51:19 - [TEST_STEP][PASSED] - Statement - If (!(dateAttr.equals(toDateValue))): null

2018-06-14 18:51:19 - [TEST_STEP][PASSED] - click: Object: 'Object Repository/Language/L_ReportsPage/generateReportBtn' is clicked on

2018-06-14 18:51:19 - [MESSAGE][PASSED] - Object: 'Object Repository/Language/L_ReportsPage/generateReportBtn' is clicked on

2018-06-14 18:51:19 - [TEST_STEP][PASSED] - delay: Delayed 15 second(s)

2018-06-14 18:51:34 - [MESSAGE][PASSED] - Delayed 15 second(s)

2018-06-14 18:51:34 - [TEST_STEP][PASSED] - uiaction.CommonUIActions.click: uiaction.CommonUIActions.click is PASSED

2018-06-14 18:51:55 - [MESSAGE][PASSED] - uiaction.CommonUIActions.click is PASSED

2018-06-14 18:51:55 - [TEST_STEP][PASSED] - uiaction.CommonUIActions.click: uiaction.CommonUIActions.click is PASSED

2018-06-14 18:52:15 - [MESSAGE][PASSED] - uiaction.CommonUIActions.click is PASSED

2018-06-14 18:52:15 - [TEST_STEP][PASSED] - delay: Delayed 15 second(s)

2018-06-14 18:52:30 - [MESSAGE][PASSED] - Delayed 15 second(s)

2018-06-14 18:52:30 - [TEST_STEP][ERROR] - Statement - s = CustomKeywords.projectSpecific.Reusability.checkemailandverifyattachment(): stale element reference: element is not attached to the page document
  (Session info: chrome=67.0.3396.79)
  (Driver info: chromedriver=2.35.528161 (5b82f2d2aae0ca24b877009200ced9065a772e73),platform=Windows NT 6.1.7601 SP1 x86_64) (WARNING: The server did not provide any stacktrace information)
Command duration or timeout: 0 milliseconds
For documentation on this error, please visit: http://seleniumhq.org/exceptions/stale_element_reference.html
Build info: version: '3.7.1', revision: '8a0099a', time: '2017-11-06T21:07:36.161Z'
System info: host: 'NIBC2129', ip: '192.168.24.174', os.name: 'Windows 7', os.arch: 'amd64', os.version: '6.1', java.version: '1.8.0_102'
Driver info: com.kms.katalon.selenium.driver.CChromeDriver
Capabilities {acceptInsecureCerts: false, acceptSslCerts: false, applicationCacheEnabled: false, browserConnectionEnabled: false, browserName: chrome, chrome: {chromedriverVersion: 2.35.528161 (5b82f2d2aae0ca..., userDataDir: C:\Users\shalinin\AppData\L...}, cssSelectorsEnabled: true, databaseEnabled: false, handlesAlerts: true, hasTouchScreen: false, javascriptEnabled: true, locationContextEnabled: true, mobileEmulationEnabled: false, nativeEvents: true, networkConnectionEnabled: false, pageLoadStrategy: normal, platform: XP, platformName: XP, rotatable: false, setWindowRect: true, takesHeapSnapshot: true, takesScreenshot: true, unexpectedAlertBehaviour: , unhandledPromptBehavior: , version: 67.0.3396.79, webStorageEnabled: true}
Session ID: fb4a3129a469cafaec991e818dca8c9d

2018-06-14 18:52:30 - [MESSAGE][WARNING] - A browser is already opened. Closing browser and opening a new one

2018-06-14 18:52:33 - [MESSAGE][PASSED] - Browser is opened with url: ''

2018-06-14 18:52:34 - [MESSAGE][PASSED] - Current window maximized

2018-06-14 18:52:36 - [MESSAGE][PASSED] - Navigate to 'https://mail.yahoo.com' successfully

2018-06-14 18:52:46 - [MESSAGE][PASSED] - Delayed 10 second(s)

2018-06-14 18:52:56 - [MESSAGE][PASSED] - Delayed 10 second(s)

2018-06-14 18:53:11 - [MESSAGE][PASSED] - Delayed 15 second(s)

2018-06-14 18:53:30 - [MESSAGE][PASSED] - Delayed 15 second(s)

2018-06-14 18:53:36 - [MESSAGE][PASSED] - Delayed 5 second(s)

2018-06-14 18:53:46 - [MESSAGE][PASSED] - Delayed 10 second(s)

2018-06-14 18:54:07 - [MESSAGE][PASSED] - Delayed 10 second(s)

2018-06-14 18:54:07 - [MESSAGE][ERROR] - stale element reference: element is not attached to the page document
  (Session info: chrome=67.0.3396.79)
  (Driver info: chromedriver=2.35.528161 (5b82f2d2aae0ca24b877009200ced9065a772e73),platform=Windows NT 6.1.7601 SP1 x86_64) (WARNING: The server did not provide any stacktrace information)
Command duration or timeout: 0 milliseconds
For documentation on this error, please visit: http://seleniumhq.org/exceptions/stale_element_reference.html
Build info: version: '3.7.1', revision: '8a0099a', time: '2017-11-06T21:07:36.161Z'
System info: host: 'NIBC2129', ip: '192.168.24.174', os.name: 'Windows 7', os.arch: 'amd64', os.version: '6.1', java.version: '1.8.0_102'
Driver info: com.kms.katalon.selenium.driver.CChromeDriver
Capabilities {acceptInsecureCerts: false, acceptSslCerts: false, applicationCacheEnabled: false, browserConnectionEnabled: false, browserName: chrome, chrome: {chromedriverVersion: 2.35.528161 (5b82f2d2aae0ca..., userDataDir: C:\Users\shalinin\AppData\L...}, cssSelectorsEnabled: true, databaseEnabled: false, handlesAlerts: true, hasTouchScreen: false, javascriptEnabled: true, locationContextEnabled: true, mobileEmulationEnabled: false, nativeEvents: true, networkConnectionEnabled: false, pageLoadStrategy: normal, platform: XP, platformName: XP, rotatable: false, setWindowRect: true, takesHeapSnapshot: true, takesScreenshot: true, unexpectedAlertBehaviour: , unhandledPromptBehavior: , version: 67.0.3396.79, webStorageEnabled: true}
Session ID: fb4a3129a469cafaec991e818dca8c9d

2018-06-14 18:54:07 - [TEST_STEP][PASSED] - Statement - Catch (Exception e): null

2018-06-14 18:54:07 - [TEST_STEP][PASSED] - Statement - e.printStackTrace(): null

2018-06-14 18:54:07 - [TEST_STEP][PASSED] - Statement - println("Exception of element not found"): null

2018-06-14 18:54:07 - [TEST_STEP][PASSED] - Statement - If (TCflag): null

2018-06-14 18:54:07 - [TEST_STEP][PASSED] - Statement - assert TCflag == true: null

2018-06-14 18:54:07 - [TEST_STEP][PASSED] - Start listener action : sampleAfterTestCase: Browser is closed

2018-06-14 18:54:07 - [TEST_STEP][PASSED] - Statement - println(testCaseContext.getTestCaseId()): null

2018-06-14 18:54:07 - [TEST_STEP][PASSED] - Statement - println(testCaseContext.getTestCaseStatus()): null

2018-06-14 18:54:07 - [TEST_STEP][PASSED] - closeBrowser: Browser is closed

2018-06-14 18:54:08 - [MESSAGE][PASSED] - Browser is closed]]></system-out>
         <system-err><![CDATA[2018-06-14 18:49:55 - [TEST_CASE][ERROR] - Test Cases/MultilingualTC/HME-Multilingual-02: Test Cases/MultilingualTC/HME-Multilingual-02 FAILED because (of) org.openqa.selenium.StaleElementReferenceException: stale element reference: element is not attached to the page document
  (Session info: chrome=67.0.3396.79)
  (Driver info: chromedriver=2.35.528161 (5b82f2d2aae0ca24b877009200ced9065a772e73),platform=Windows NT 6.1.7601 SP1 x86_64) (WARNING: The server did not provide any stacktrace information)
Command duration or timeout: 0 milliseconds
For documentation on this error, please visit: http://seleniumhq.org/exceptions/stale_element_reference.html
Build info: version: '3.7.1', revision: '8a0099a', time: '2017-11-06T21:07:36.161Z'
System info: host: 'NIBC2129', ip: '192.168.24.174', os.name: 'Windows 7', os.arch: 'amd64', os.version: '6.1', java.version: '1.8.0_102'
Driver info: com.kms.katalon.selenium.driver.CChromeDriver
Capabilities {acceptInsecureCerts: false, acceptSslCerts: false, applicationCacheEnabled: false, browserConnectionEnabled: false, browserName: chrome, chrome: {chromedriverVersion: 2.35.528161 (5b82f2d2aae0ca..., userDataDir: C:\Users\shalinin\AppData\L...}, cssSelectorsEnabled: true, databaseEnabled: false, handlesAlerts: true, hasTouchScreen: false, javascriptEnabled: true, locationContextEnabled: true, mobileEmulationEnabled: false, nativeEvents: true, networkConnectionEnabled: false, pageLoadStrategy: normal, platform: XP, platformName: XP, rotatable: false, setWindowRect: true, takesHeapSnapshot: true, takesScreenshot: true, unexpectedAlertBehaviour: , unhandledPromptBehavior: , version: 67.0.3396.79, webStorageEnabled: true}
Session ID: fb4a3129a469cafaec991e818dca8c9d]]></system-err>
      </testcase>
      <testcase name="Test Cases/SummaryReportsTC/HME-Summary Report-01" classname="Test Cases/SummaryReportsTC/HME-Summary Report-01" status="FAILED">
         <failure type="FAILED" message="com.kms.katalon.core.webui.exception.WebElementNotFoundException: Web element with id: 'Object Repository/SummarizedReportPage/SummaryReportheader' located by 'By.xpath: //header[contains(text(),'Summary Reports')]' not found"/>
         <system-out><![CDATA[2018-06-14 18:54:08 - [TEST_CASE][FAILED] - Test Cases/SummaryReportsTC/HME-Summary Report-01: Test Cases/SummaryReportsTC/HME-Summary Report-01 FAILED because (of) com.kms.katalon.core.webui.exception.WebElementNotFoundException: Web element with id: 'Object Repository/SummarizedReportPage/SummaryReportheader' located by 'By.xpath: //header[contains(text(),'Summary Reports')]' not found

2018-06-14 18:54:08 - [TEST_STEP][PASSED] - Start listener action : sampleBeforeTestCase: uiaction.CommonUIActions.deleteAllCookies is PASSED

2018-06-14 18:54:08 - [TEST_STEP][PASSED] - openBrowser: Browser is opened with url: ''

2018-06-14 18:54:10 - [MESSAGE][PASSED] - Browser is opened with url: ''

2018-06-14 18:54:10 - [TEST_STEP][PASSED] - maximizeWindow: Current window maximized

2018-06-14 18:54:11 - [MESSAGE][PASSED] - Current window maximized

2018-06-14 18:54:11 - [TEST_STEP][PASSED] - uiaction.CommonUIActions.deleteAllCookies: uiaction.CommonUIActions.deleteAllCookies is PASSED

2018-06-14 18:54:11 - [MESSAGE][PASSED] - Delete all cookies successfully

2018-06-14 18:54:11 - [MESSAGE][PASSED] - uiaction.CommonUIActions.deleteAllCookies is PASSED

2018-06-14 18:54:12 - [TEST_STEP][PASSED] - Statement - TCflag = true: null

2018-06-14 18:54:12 - [TEST_STEP][FAILED] - Statement - Try: null

2018-06-14 18:54:12 - [TEST_STEP][PASSED] - navigateToUrl: Navigate to 'https://hme-dev-public-cloud-app.azurewebsites.net/' successfully

2018-06-14 18:54:14 - [MESSAGE][PASSED] - Navigate to 'https://hme-dev-public-cloud-app.azurewebsites.net/' successfully

2018-06-14 18:54:14 - [TEST_STEP][PASSED] - projectSpecific.Reusability.login: projectSpecific.Reusability.login is PASSED

2018-06-14 18:54:14 - [MESSAGE][PASSED] - projectSpecific.Reusability.getTestData is PASSED

2018-06-14 18:54:14 - [MESSAGE][PASSED] - projectSpecific.Reusability.getTestData is PASSED

2018-06-14 18:54:15 - [MESSAGE][PASSED] - Text 'selvendrank@nousinfo.com' is set on object 'Object Repository/LoginPage/Username'

2018-06-14 18:54:15 - [MESSAGE][PASSED] - Text 'nous;123' is set on object 'Object Repository/LoginPage/Password'

2018-06-14 18:54:15 - [MESSAGE][PASSED] - Object: 'Object Repository/LoginPage/Login' is clicked on

2018-06-14 18:54:15 - [MESSAGE][PASSED] - projectSpecific.Reusability.login is PASSED

2018-06-14 18:54:15 - [TEST_STEP][PASSED] - delay: Delayed 10 second(s)

2018-06-14 18:54:25 - [MESSAGE][PASSED] - Delayed 10 second(s)

2018-06-14 18:54:25 - [TEST_STEP][PASSED] - uiaction.CommonUIActions.click: uiaction.CommonUIActions.click is PASSED

2018-06-14 18:54:45 - [MESSAGE][PASSED] - uiaction.CommonUIActions.click is PASSED

2018-06-14 18:54:45 - [TEST_STEP][FAILED] - verifyElementPresent: com.kms.katalon.core.webui.exception.WebElementNotFoundException: Web element with id: 'Object Repository/SummarizedReportPage/SummaryReportheader' located by 'By.xpath: //header[contains(text(),'Summary Reports')]' not found

2018-06-14 18:54:55 - [MESSAGE][FAILED] - com.kms.katalon.core.webui.exception.WebElementNotFoundException: Web element with id: 'Object Repository/SummarizedReportPage/SummaryReportheader' located by 'By.xpath: //header[contains(text(),'Summary Reports')]' not found
[[ATTACHMENT|C:\\Users\\shalinin\\Katalon Studio\\HME_Scripts\\Reports\\RegressionSuite\\20180614_164441\\1528982695596.png]]

2018-06-14 18:54:55 - [TEST_STEP][PASSED] - Statement - println("Summary Reports screen will be displayed"): null

2018-06-14 18:54:55 - [TEST_STEP][PASSED] - uiaction.CommonUIActions.click: uiaction.CommonUIActions.click is PASSED

2018-06-14 18:55:16 - [MESSAGE][PASSED] - uiaction.CommonUIActions.click is PASSED

2018-06-14 18:55:16 - [TEST_STEP][PASSED] - uiaction.CommonUIActions.click: uiaction.CommonUIActions.click is PASSED

2018-06-14 18:55:36 - [MESSAGE][PASSED] - uiaction.CommonUIActions.click is PASSED

2018-06-14 18:55:36 - [TEST_STEP][PASSED] - uiaction.CommonUIActions.click: uiaction.CommonUIActions.click is PASSED

2018-06-14 18:55:56 - [MESSAGE][PASSED] - uiaction.CommonUIActions.click is PASSED

2018-06-14 18:55:56 - [TEST_STEP][PASSED] - uiaction.CommonUIActions.click: uiaction.CommonUIActions.click is PASSED

2018-06-14 18:56:17 - [MESSAGE][PASSED] - uiaction.CommonUIActions.click is PASSED

2018-06-14 18:56:17 - [TEST_STEP][PASSED] - uiaction.CommonUIActions.enter: uiaction.CommonUIActions.enter is PASSED

2018-06-14 18:56:17 - [MESSAGE][PASSED] - projectSpecific.Reusability.getTestData is PASSED

2018-06-14 18:56:17 - [MESSAGE][PASSED] - uiaction.CommonUIActions.enter is PASSED

2018-06-14 18:56:17 - [TEST_STEP][PASSED] - uiaction.CommonUIActions.enter: uiaction.CommonUIActions.enter is PASSED

2018-06-14 18:56:17 - [MESSAGE][PASSED] - projectSpecific.Reusability.getTestData is PASSED

2018-06-14 18:56:37 - [MESSAGE][PASSED] - uiaction.CommonUIActions.enter is PASSED

2018-06-14 18:56:37 - [TEST_STEP][PASSED] - uiaction.CommonUIActions.click: uiaction.CommonUIActions.click is PASSED

2018-06-14 18:56:57 - [MESSAGE][PASSED] - uiaction.CommonUIActions.click is PASSED

2018-06-14 18:56:57 - [TEST_STEP][PASSED] - delay: Delayed 10 second(s)

2018-06-14 18:57:07 - [MESSAGE][PASSED] - Delayed 10 second(s)

2018-06-14 18:57:07 - [TEST_STEP][PASSED] - uiaction.CommonUIActions.back: uiaction.CommonUIActions.back is PASSED

2018-06-14 18:57:07 - [MESSAGE][PASSED] - Navigate back successfully

2018-06-14 18:57:07 - [MESSAGE][PASSED] - uiaction.CommonUIActions.back is PASSED

2018-06-14 18:57:07 - [TEST_STEP][PASSED] - delay: Delayed 5 second(s)

2018-06-14 18:57:12 - [MESSAGE][PASSED] - Delayed 5 second(s)

2018-06-14 18:57:12 - [TEST_STEP][PASSED] - uiaction.CommonUIActions.enter: uiaction.CommonUIActions.enter is PASSED

2018-06-14 18:57:12 - [MESSAGE][PASSED] - projectSpecific.Reusability.getTestData is PASSED

2018-06-14 18:57:12 - [MESSAGE][PASSED] - uiaction.CommonUIActions.enter is PASSED

2018-06-14 18:57:12 - [TEST_STEP][PASSED] - uiaction.CommonUIActions.enter: uiaction.CommonUIActions.enter is PASSED

2018-06-14 18:57:13 - [MESSAGE][PASSED] - projectSpecific.Reusability.getTestData is PASSED

2018-06-14 18:57:33 - [MESSAGE][PASSED] - uiaction.CommonUIActions.enter is PASSED

2018-06-14 18:57:33 - [TEST_STEP][PASSED] - uiaction.CommonUIActions.click: uiaction.CommonUIActions.click is PASSED

2018-06-14 18:57:53 - [MESSAGE][PASSED] - uiaction.CommonUIActions.click is PASSED

2018-06-14 18:57:53 - [TEST_STEP][PASSED] - delay: Delayed 10 second(s)

2018-06-14 18:58:03 - [MESSAGE][PASSED] - Delayed 10 second(s)

2018-06-14 18:58:03 - [TEST_STEP][PASSED] - uiaction.CommonUIActions.back: uiaction.CommonUIActions.back is PASSED

2018-06-14 18:58:03 - [MESSAGE][PASSED] - Navigate back successfully

2018-06-14 18:58:03 - [MESSAGE][PASSED] - uiaction.CommonUIActions.back is PASSED

2018-06-14 18:58:03 - [TEST_STEP][PASSED] - uiaction.CommonUIActions.enter: uiaction.CommonUIActions.enter is PASSED

2018-06-14 18:58:03 - [MESSAGE][PASSED] - projectSpecific.Reusability.getTestData is PASSED

2018-06-14 18:58:24 - [MESSAGE][PASSED] - uiaction.CommonUIActions.enter is PASSED

2018-06-14 18:58:24 - [TEST_STEP][PASSED] - uiaction.CommonUIActions.enter: uiaction.CommonUIActions.enter is PASSED

2018-06-14 18:58:24 - [MESSAGE][PASSED] - projectSpecific.Reusability.getTestData is PASSED

2018-06-14 18:58:44 - [MESSAGE][PASSED] - uiaction.CommonUIActions.enter is PASSED

2018-06-14 18:58:44 - [TEST_STEP][PASSED] - Statement - group1 = CustomKeywords.projectSpecific.Reusability.getTestData("ReportingGroupManagementPage", "Summarygrpname1"): projectSpecific.Reusability.getTestData is PASSED

2018-06-14 18:58:44 - [MESSAGE][PASSED] - projectSpecific.Reusability.getTestData is PASSED

2018-06-14 18:58:44 - [TEST_STEP][PASSED] - Statement - group2 = CustomKeywords.projectSpecific.Reusability.getTestData("ReportingGroupManagementPage", "Summarygrpname2"): projectSpecific.Reusability.getTestData is PASSED

2018-06-14 18:58:44 - [MESSAGE][PASSED] - projectSpecific.Reusability.getTestData is PASSED

2018-06-14 18:58:44 - [TEST_STEP][PASSED] - Statement - groupmain = CustomKeywords.projectSpecific.Reusability.getTestData("ReportingGroupManagementPage", "Summarygrp"): projectSpecific.Reusability.getTestData is PASSED

2018-06-14 18:58:44 - [MESSAGE][PASSED] - projectSpecific.Reusability.getTestData is PASSED

2018-06-14 18:58:44 - [TEST_STEP][PASSED] - delay: Delayed 10 second(s)

2018-06-14 18:58:54 - [MESSAGE][PASSED] - Delayed 10 second(s)

2018-06-14 18:58:54 - [TEST_STEP][PASSED] - Statement - driver = com.kms.katalon.core.webui.driver.DriverFactory.getWebDriver(): null

2018-06-14 18:58:54 - [TEST_STEP][PASSED] - Statement - grouplist = driver.findElements(org.openqa.selenium.By.xpath("//ul[@class='unlinked-grouplist']/li")): null

2018-06-14 18:58:54 - [TEST_STEP][PASSED] - delay: Delayed 10 second(s)

2018-06-14 18:59:04 - [MESSAGE][PASSED] - Delayed 10 second(s)

2018-06-14 18:59:04 - [TEST_STEP][PASSED] - Statement - For ([i = 0, i < grouplist.size(), (i++)]): null

2018-06-14 18:59:04 - [TEST_STEP][PASSED] - delay: Delayed 10 second(s)

2018-06-14 18:59:14 - [MESSAGE][PASSED] - Delayed 10 second(s)

2018-06-14 18:59:14 - [TEST_STEP][PASSED] - uiaction.CommonUIActions.click: uiaction.CommonUIActions.click is PASSED

2018-06-14 18:59:34 - [MESSAGE][PASSED] - uiaction.CommonUIActions.click is PASSED

2018-06-14 18:59:34 - [TEST_STEP][PASSED] - uiaction.CommonUIActions.click: uiaction.CommonUIActions.click is PASSED

2018-06-14 18:59:54 - [MESSAGE][PASSED] - uiaction.CommonUIActions.click is PASSED

2018-06-14 18:59:54 - [TEST_STEP][PASSED] - delay: Delayed 10 second(s)

2018-06-14 19:00:04 - [MESSAGE][PASSED] - Delayed 10 second(s)

2018-06-14 19:00:04 - [TEST_STEP][PASSED] - uiaction.CommonUIActions.click: uiaction.CommonUIActions.click is PASSED

2018-06-14 19:00:25 - [MESSAGE][PASSED] - uiaction.CommonUIActions.click is PASSED

2018-06-14 19:00:25 - [TEST_STEP][PASSED] - delay: Delayed 10 second(s)

2018-06-14 19:00:35 - [MESSAGE][PASSED] - Delayed 10 second(s)

2018-06-14 19:00:35 - [TEST_STEP][PASSED] - Statement - driver.findElement(org.openqa.selenium.By.xpath("//span[contains(text(),'" + groupmain + "')]/../../../../span[1]")).click(): null

2018-06-14 19:00:35 - [TEST_STEP][PASSED] - Statement - Catch (Exception e): null

2018-06-14 19:00:35 - [TEST_STEP][PASSED] - Statement - e.printStackTrace(): null

2018-06-14 19:00:35 - [TEST_STEP][PASSED] - Statement - println("Exception of element not found"): null

2018-06-14 19:00:35 - [TEST_STEP][PASSED] - Statement - If (TCflag): null

2018-06-14 19:00:35 - [TEST_STEP][PASSED] - Statement - assert TCflag == true: null

2018-06-14 19:00:35 - [TEST_STEP][PASSED] - Start listener action : sampleAfterTestCase: Browser is closed

2018-06-14 19:00:35 - [TEST_STEP][PASSED] - Statement - println(testCaseContext.getTestCaseId()): null

2018-06-14 19:00:35 - [TEST_STEP][PASSED] - Statement - println(testCaseContext.getTestCaseStatus()): null

2018-06-14 19:00:35 - [TEST_STEP][PASSED] - closeBrowser: Browser is closed

2018-06-14 19:00:36 - [MESSAGE][PASSED] - Browser is closed]]></system-out>
         <system-err><![CDATA[2018-06-14 18:54:08 - [TEST_CASE][FAILED] - Test Cases/SummaryReportsTC/HME-Summary Report-01: Test Cases/SummaryReportsTC/HME-Summary Report-01 FAILED because (of) com.kms.katalon.core.webui.exception.WebElementNotFoundException: Web element with id: 'Object Repository/SummarizedReportPage/SummaryReportheader' located by 'By.xpath: //header[contains(text(),'Summary Reports')]' not found]]></system-err>
      </testcase>
      <testcase name="Test Cases/SummaryReportsTC/HME-Summary Report-02" classname="Test Cases/SummaryReportsTC/HME-Summary Report-02" status="FAILED">
         <failure type="FAILED" message="Unable to move mouse over object 'Object Repository/ReportsPage/mouseOver' (Root cause: com.kms.katalon.core.webui.exception.WebElementNotFoundException: Web element with id: 'Object Repository/ReportsPage/mouseOver' located by 'By.xpath: //span[@class='storesDots']' not found)"/>
         <system-out><![CDATA[2018-06-14 19:00:36 - [TEST_CASE][FAILED] - Test Cases/SummaryReportsTC/HME-Summary Report-02: Test Cases/SummaryReportsTC/HME-Summary Report-02 FAILED because (of) Unable to move mouse over object 'Object Repository/ReportsPage/mouseOver' (Root cause: com.kms.katalon.core.webui.exception.WebElementNotFoundException: Web element with id: 'Object Repository/ReportsPage/mouseOver' located by 'By.xpath: //span[@class='storesDots']' not found)

2018-06-14 19:00:36 - [TEST_STEP][PASSED] - Start listener action : sampleBeforeTestCase: uiaction.CommonUIActions.deleteAllCookies is PASSED

2018-06-14 19:00:36 - [TEST_STEP][PASSED] - openBrowser: Browser is opened with url: ''

2018-06-14 19:00:38 - [MESSAGE][PASSED] - Browser is opened with url: ''

2018-06-14 19:00:38 - [TEST_STEP][PASSED] - maximizeWindow: Current window maximized

2018-06-14 19:00:39 - [MESSAGE][PASSED] - Current window maximized

2018-06-14 19:00:39 - [TEST_STEP][PASSED] - uiaction.CommonUIActions.deleteAllCookies: uiaction.CommonUIActions.deleteAllCookies is PASSED

2018-06-14 19:00:39 - [MESSAGE][PASSED] - Delete all cookies successfully

2018-06-14 19:00:39 - [MESSAGE][PASSED] - uiaction.CommonUIActions.deleteAllCookies is PASSED

2018-06-14 19:00:39 - [TEST_STEP][PASSED] - Statement - TCflag = true: null

2018-06-14 19:00:39 - [TEST_STEP][FAILED] - Statement - Try: uiaction.CommonUIActions.click is PASSED

2018-06-14 19:00:39 - [TEST_STEP][PASSED] - navigateToUrl: Navigate to 'https://hme-dev-public-cloud-app.azurewebsites.net/' successfully

2018-06-14 19:00:42 - [MESSAGE][PASSED] - Navigate to 'https://hme-dev-public-cloud-app.azurewebsites.net/' successfully

2018-06-14 19:00:42 - [TEST_STEP][PASSED] - delay: Delayed 10 second(s)

2018-06-14 19:00:52 - [MESSAGE][PASSED] - Delayed 10 second(s)

2018-06-14 19:00:52 - [TEST_STEP][PASSED] - projectSpecific.Reusability.login: projectSpecific.Reusability.login is PASSED

2018-06-14 19:00:52 - [MESSAGE][PASSED] - projectSpecific.Reusability.getTestData is PASSED

2018-06-14 19:00:52 - [MESSAGE][PASSED] - projectSpecific.Reusability.getTestData is PASSED

2018-06-14 19:00:52 - [MESSAGE][PASSED] - Text 'selvendrank@nousinfo.com' is set on object 'Object Repository/LoginPage/Username'

2018-06-14 19:00:52 - [MESSAGE][PASSED] - Text '6Qt*qmL88' is set on object 'Object Repository/LoginPage/Password'

2018-06-14 19:00:52 - [MESSAGE][PASSED] - Object: 'Object Repository/LoginPage/Login' is clicked on

2018-06-14 19:00:52 - [MESSAGE][PASSED] - projectSpecific.Reusability.login is PASSED

2018-06-14 19:00:52 - [TEST_STEP][PASSED] - delay: Delayed 15 second(s)

2018-06-14 19:01:07 - [MESSAGE][PASSED] - Delayed 15 second(s)

2018-06-14 19:01:07 - [TEST_STEP][PASSED] - uiaction.CommonUIActions.click: uiaction.CommonUIActions.click is PASSED

2018-06-14 19:01:23 - [MESSAGE][PASSED] - uiaction.CommonUIActions.click is PASSED

2018-06-14 19:01:23 - [TEST_STEP][PASSED] - uiaction.CommonUIActions.click: uiaction.CommonUIActions.click is PASSED

2018-06-14 19:01:25 - [MESSAGE][PASSED] - uiaction.CommonUIActions.click is PASSED

2018-06-14 19:01:25 - [TEST_STEP][PASSED] - uiaction.CommonUIActions.click: uiaction.CommonUIActions.click is PASSED

2018-06-14 19:01:25 - [MESSAGE][PASSED] - uiaction.CommonUIActions.click is PASSED

2018-06-14 19:01:25 - [TEST_STEP][PASSED] - uiaction.CommonUIActions.enter: uiaction.CommonUIActions.enter is PASSED

2018-06-14 19:01:25 - [MESSAGE][PASSED] - projectSpecific.Reusability.getTestData is PASSED

2018-06-14 19:01:25 - [MESSAGE][PASSED] - uiaction.CommonUIActions.enter is PASSED

2018-06-14 19:01:25 - [TEST_STEP][PASSED] - uiaction.CommonUIActions.enter: uiaction.CommonUIActions.enter is PASSED

2018-06-14 19:01:25 - [MESSAGE][PASSED] - projectSpecific.Reusability.getTestData is PASSED

2018-06-14 19:01:25 - [MESSAGE][PASSED] - uiaction.CommonUIActions.enter is PASSED

2018-06-14 19:01:25 - [TEST_STEP][PASSED] - delay: Delayed 10 second(s)

2018-06-14 19:01:35 - [MESSAGE][PASSED] - Delayed 10 second(s)

2018-06-14 19:01:35 - [TEST_STEP][PASSED] - Statement - driver = com.kms.katalon.core.webui.driver.DriverFactory.getWebDriver(): null

2018-06-14 19:01:35 - [TEST_STEP][PASSED] - Statement - grouplist = driver.findElements(org.openqa.selenium.By.xpath("//ul[@class='unlinked-grouplist']/li")): null

2018-06-14 19:01:35 - [TEST_STEP][PASSED] - delay: Delayed 5 second(s)

2018-06-14 19:01:40 - [MESSAGE][PASSED] - Delayed 5 second(s)

2018-06-14 19:01:40 - [TEST_STEP][PASSED] - Statement - pattern = java.util.regex.Pattern.compile("[0-9]+"): null

2018-06-14 19:01:40 - [TEST_STEP][PASSED] - Statement - store_count = 1: null

2018-06-14 19:01:40 - [TEST_STEP][PASSED] - Statement - For ([i = 0, i < 20, (i++)]): null

2018-06-14 19:01:40 - [TEST_STEP][PASSED] - Statement - println(grouplist.get(i).getText()): null

2018-06-14 19:01:40 - [TEST_STEP][PASSED] - Statement - txt = grouplist.get(i).getText(): null

2018-06-14 19:01:40 - [TEST_STEP][PASSED] - Statement - matched = pattern.matcher(txt).matches(): null

2018-06-14 19:01:40 - [TEST_STEP][PASSED] - Statement - If (matched): null

2018-06-14 19:01:40 - [TEST_STEP][PASSED] - Statement - println(grouplist.get(i).getText()): null

2018-06-14 19:01:40 - [TEST_STEP][PASSED] - Statement - txt = grouplist.get(i).getText(): null

2018-06-14 19:01:40 - [TEST_STEP][PASSED] - Statement - matched = pattern.matcher(txt).matches(): null

2018-06-14 19:01:40 - [TEST_STEP][PASSED] - Statement - If (matched): null

2018-06-14 19:01:40 - [TEST_STEP][PASSED] - Statement - println(grouplist.get(i).getText()): null

2018-06-14 19:01:40 - [TEST_STEP][PASSED] - Statement - txt = grouplist.get(i).getText(): null

2018-06-14 19:01:40 - [TEST_STEP][PASSED] - Statement - matched = pattern.matcher(txt).matches(): null

2018-06-14 19:01:40 - [TEST_STEP][PASSED] - Statement - If (matched): null

2018-06-14 19:01:40 - [TEST_STEP][PASSED] - Statement - println(grouplist.get(i).getText()): null

2018-06-14 19:01:41 - [TEST_STEP][PASSED] - Statement - txt = grouplist.get(i).getText(): null

2018-06-14 19:01:41 - [TEST_STEP][PASSED] - Statement - matched = pattern.matcher(txt).matches(): null

2018-06-14 19:01:41 - [TEST_STEP][PASSED] - Statement - If (matched): null

2018-06-14 19:01:41 - [TEST_STEP][PASSED] - Statement - println(grouplist.get(i).getText()): null

2018-06-14 19:01:41 - [TEST_STEP][PASSED] - Statement - txt = grouplist.get(i).getText(): null

2018-06-14 19:01:41 - [TEST_STEP][PASSED] - Statement - matched = pattern.matcher(txt).matches(): null

2018-06-14 19:01:41 - [TEST_STEP][PASSED] - Statement - If (matched): null

2018-06-14 19:01:41 - [TEST_STEP][PASSED] - Statement - println(grouplist.get(i).getText()): null

2018-06-14 19:01:41 - [TEST_STEP][PASSED] - Statement - txt = grouplist.get(i).getText(): null

2018-06-14 19:01:41 - [TEST_STEP][PASSED] - Statement - matched = pattern.matcher(txt).matches(): null

2018-06-14 19:01:41 - [TEST_STEP][PASSED] - Statement - If (matched): null

2018-06-14 19:01:41 - [TEST_STEP][PASSED] - Statement - println(grouplist.get(i).getText()): null

2018-06-14 19:01:41 - [TEST_STEP][PASSED] - Statement - txt = grouplist.get(i).getText(): null

2018-06-14 19:01:41 - [TEST_STEP][PASSED] - Statement - matched = pattern.matcher(txt).matches(): null

2018-06-14 19:01:41 - [TEST_STEP][PASSED] - Statement - If (matched): null

2018-06-14 19:01:41 - [TEST_STEP][PASSED] - Statement - println(grouplist.get(i).getText()): null

2018-06-14 19:01:41 - [TEST_STEP][PASSED] - Statement - txt = grouplist.get(i).getText(): null

2018-06-14 19:01:41 - [TEST_STEP][PASSED] - Statement - matched = pattern.matcher(txt).matches(): null

2018-06-14 19:01:41 - [TEST_STEP][PASSED] - Statement - If (matched): null

2018-06-14 19:01:41 - [TEST_STEP][PASSED] - Statement - println(grouplist.get(i).getText()): null

2018-06-14 19:01:41 - [TEST_STEP][PASSED] - Statement - txt = grouplist.get(i).getText(): null

2018-06-14 19:01:41 - [TEST_STEP][PASSED] - Statement - matched = pattern.matcher(txt).matches(): null

2018-06-14 19:01:41 - [TEST_STEP][PASSED] - Statement - If (matched): null

2018-06-14 19:01:41 - [TEST_STEP][PASSED] - Statement - println(grouplist.get(i).getText()): null

2018-06-14 19:01:41 - [TEST_STEP][PASSED] - Statement - txt = grouplist.get(i).getText(): null

2018-06-14 19:01:41 - [TEST_STEP][PASSED] - Statement - matched = pattern.matcher(txt).matches(): null

2018-06-14 19:01:41 - [TEST_STEP][PASSED] - Statement - If (matched): null

2018-06-14 19:01:41 - [TEST_STEP][PASSED] - Statement - println(grouplist.get(i).getText()): null

2018-06-14 19:01:41 - [TEST_STEP][PASSED] - Statement - txt = grouplist.get(i).getText(): null

2018-06-14 19:01:41 - [TEST_STEP][PASSED] - Statement - matched = pattern.matcher(txt).matches(): null

2018-06-14 19:01:41 - [TEST_STEP][PASSED] - Statement - If (matched): null

2018-06-14 19:01:41 - [TEST_STEP][PASSED] - Statement - println(grouplist.get(i).getText()): null

2018-06-14 19:01:41 - [TEST_STEP][PASSED] - Statement - txt = grouplist.get(i).getText(): null

2018-06-14 19:01:41 - [TEST_STEP][PASSED] - Statement - matched = pattern.matcher(txt).matches(): null

2018-06-14 19:01:41 - [TEST_STEP][PASSED] - Statement - If (matched): null

2018-06-14 19:01:41 - [TEST_STEP][PASSED] - Statement - println(grouplist.get(i).getText()): null

2018-06-14 19:01:41 - [TEST_STEP][PASSED] - Statement - txt = grouplist.get(i).getText(): null

2018-06-14 19:01:41 - [TEST_STEP][PASSED] - Statement - matched = pattern.matcher(txt).matches(): null

2018-06-14 19:01:41 - [TEST_STEP][PASSED] - Statement - If (matched): null

2018-06-14 19:01:41 - [TEST_STEP][PASSED] - Statement - println(grouplist.get(i).getText()): null

2018-06-14 19:01:41 - [TEST_STEP][PASSED] - Statement - txt = grouplist.get(i).getText(): null

2018-06-14 19:01:41 - [TEST_STEP][PASSED] - Statement - matched = pattern.matcher(txt).matches(): null

2018-06-14 19:01:41 - [TEST_STEP][PASSED] - Statement - If (matched): null

2018-06-14 19:01:41 - [TEST_STEP][PASSED] - Statement - println(grouplist.get(i).getText()): null

2018-06-14 19:01:41 - [TEST_STEP][PASSED] - Statement - txt = grouplist.get(i).getText(): null

2018-06-14 19:01:41 - [TEST_STEP][PASSED] - Statement - matched = pattern.matcher(txt).matches(): null

2018-06-14 19:01:41 - [TEST_STEP][PASSED] - Statement - If (matched): null

2018-06-14 19:01:41 - [TEST_STEP][PASSED] - Statement - println(grouplist.get(i).getText()): null

2018-06-14 19:01:41 - [TEST_STEP][PASSED] - Statement - txt = grouplist.get(i).getText(): null

2018-06-14 19:01:41 - [TEST_STEP][PASSED] - Statement - matched = pattern.matcher(txt).matches(): null

2018-06-14 19:01:41 - [TEST_STEP][PASSED] - Statement - If (matched): null

2018-06-14 19:01:41 - [TEST_STEP][PASSED] - Statement - println(grouplist.get(i).getText()): null

2018-06-14 19:01:41 - [TEST_STEP][PASSED] - Statement - txt = grouplist.get(i).getText(): null

2018-06-14 19:01:41 - [TEST_STEP][PASSED] - Statement - matched = pattern.matcher(txt).matches(): null

2018-06-14 19:01:41 - [TEST_STEP][PASSED] - Statement - If (matched): null

2018-06-14 19:01:41 - [TEST_STEP][PASSED] - Statement - println(grouplist.get(i).getText()): null

2018-06-14 19:01:41 - [TEST_STEP][PASSED] - Statement - txt = grouplist.get(i).getText(): null

2018-06-14 19:01:41 - [TEST_STEP][PASSED] - Statement - matched = pattern.matcher(txt).matches(): null

2018-06-14 19:01:41 - [TEST_STEP][PASSED] - Statement - If (matched): null

2018-06-14 19:01:41 - [TEST_STEP][PASSED] - Statement - driver.findElement(org.openqa.selenium.By.xpath("(//ul[@class='unlinked-grouplist']/li/label)[" + i + 1 + "]")).click(): null

2018-06-14 19:01:41 - [TEST_STEP][PASSED] - Statement - (store_count++): null

2018-06-14 19:01:41 - [TEST_STEP][PASSED] - Statement - println(grouplist.get(i).getText()): null

2018-06-14 19:01:41 - [TEST_STEP][PASSED] - Statement - txt = grouplist.get(i).getText(): null

2018-06-14 19:01:41 - [TEST_STEP][PASSED] - Statement - matched = pattern.matcher(txt).matches(): null

2018-06-14 19:01:41 - [TEST_STEP][PASSED] - Statement - If (matched): null

2018-06-14 19:01:41 - [TEST_STEP][PASSED] - Statement - driver.findElement(org.openqa.selenium.By.xpath("(//ul[@class='unlinked-grouplist']/li/label)[" + i + 1 + "]")).click(): null

2018-06-14 19:01:41 - [TEST_STEP][PASSED] - Statement - (store_count++): null

2018-06-14 19:01:41 - [TEST_STEP][PASSED] - Statement - println(grouplist.get(i).getText()): null

2018-06-14 19:01:41 - [TEST_STEP][PASSED] - Statement - txt = grouplist.get(i).getText(): null

2018-06-14 19:01:41 - [TEST_STEP][PASSED] - Statement - matched = pattern.matcher(txt).matches(): null

2018-06-14 19:01:41 - [TEST_STEP][PASSED] - Statement - If (matched): null

2018-06-14 19:01:41 - [TEST_STEP][PASSED] - Statement - driver.findElement(org.openqa.selenium.By.xpath("(//ul[@class='unlinked-grouplist']/li/label)[" + i + 1 + "]")).click(): null

2018-06-14 19:01:41 - [TEST_STEP][PASSED] - Statement - (store_count++): null

2018-06-14 19:01:41 - [TEST_STEP][PASSED] - Statement - driver.findElement(org.openqa.selenium.By.xpath("//button[contains(text(),'>')]")).click(): null

2018-06-14 19:01:41 - [TEST_STEP][PASSED] - uiaction.CommonUIActions.click: uiaction.CommonUIActions.click is PASSED

2018-06-14 19:01:41 - [MESSAGE][PASSED] - uiaction.CommonUIActions.click is PASSED

2018-06-14 19:01:41 - [TEST_STEP][PASSED] - delay: Delayed 5 second(s)

2018-06-14 19:01:46 - [MESSAGE][PASSED] - Delayed 5 second(s)

2018-06-14 19:01:46 - [TEST_STEP][PASSED] - uiaction.CommonUIActions.click: uiaction.CommonUIActions.click is PASSED

2018-06-14 19:01:46 - [MESSAGE][PASSED] - uiaction.CommonUIActions.click is PASSED

2018-06-14 19:01:46 - [TEST_STEP][PASSED] - delay: Delayed 10 second(s)

2018-06-14 19:01:56 - [MESSAGE][PASSED] - Delayed 10 second(s)

2018-06-14 19:01:56 - [TEST_STEP][PASSED] - Statement - groupmain = CustomKeywords.projectSpecific.Reusability.getTestData("ReportingGroupManagementPage", "dummyGroupName1"): projectSpecific.Reusability.getTestData is PASSED

2018-06-14 19:01:56 - [MESSAGE][PASSED] - projectSpecific.Reusability.getTestData is PASSED

2018-06-14 19:01:56 - [TEST_STEP][PASSED] - Statement - driver.findElement(org.openqa.selenium.By.xpath("//span[contains(text(),'" + groupmain + "')]/../../../../span[2]")).click(): null

2018-06-14 19:01:56 - [TEST_STEP][PASSED] - delay: Delayed 10 second(s)

2018-06-14 19:02:06 - [MESSAGE][PASSED] - Delayed 10 second(s)

2018-06-14 19:02:06 - [TEST_STEP][FAILED] - mouseOver: Unable to move mouse over object 'Object Repository/ReportsPage/mouseOver' (Root cause: com.kms.katalon.core.webui.exception.WebElementNotFoundException: Web element with id: 'Object Repository/ReportsPage/mouseOver' located by 'By.xpath: //span[@class='storesDots']' not found)

2018-06-14 19:02:37 - [MESSAGE][FAILED] - Unable to move mouse over object 'Object Repository/ReportsPage/mouseOver' (Root cause: com.kms.katalon.core.webui.exception.WebElementNotFoundException: Web element with id: 'Object Repository/ReportsPage/mouseOver' located by 'By.xpath: //span[@class='storesDots']' not found)
[[ATTACHMENT|C:\\Users\\shalinin\\Katalon Studio\\HME_Scripts\\Reports\\RegressionSuite\\20180614_164441\\1528983157538.png]]

2018-06-14 19:02:37 - [TEST_STEP][PASSED] - Statement - criteriaStoreList = driver.findElements(org.openqa.selenium.By.xpath(com.kms.katalon.core.testdata.TestDataFactory.findTestData(OR_file).getValue(2, 15))): Reading excel file with source file 'C:\Users\shalinin\Katalon Studio\HME_Scripts\Data Files\HME_OR.xlsx' and sheet name 'Sheet1'

2018-06-14 19:02:37 - [TEST_STEP][PASSED] - Statement - criteriaSTList = new java.util.ArrayList(): null

2018-06-14 19:02:37 - [TEST_STEP][PASSED] - Statement - For ([i = 0, i < criteriaStoreList.size(), (i++)]): null

2018-06-14 19:02:37 - [TEST_STEP][PASSED] - Statement - println(criteriaSTList): null

2018-06-14 19:02:37 - [TEST_STEP][PASSED] - click: Object: 'Object Repository/ReportsPage/timeSelection' is clicked on

2018-06-14 19:02:37 - [MESSAGE][PASSED] - Object: 'Object Repository/ReportsPage/timeSelection' is clicked on

2018-06-14 19:02:37 - [TEST_STEP][PASSED] - click: Object: 'Object Repository/ReportsPage/weekTimeOption' is clicked on

2018-06-14 19:02:37 - [MESSAGE][PASSED] - Object: 'Object Repository/ReportsPage/weekTimeOption' is clicked on

2018-06-14 19:02:37 - [TEST_STEP][PASSED] - click: Object: 'Object Repository/ReportsPage/summaryReportHeading' is clicked on

2018-06-14 19:02:38 - [MESSAGE][PASSED] - Object: 'Object Repository/ReportsPage/summaryReportHeading' is clicked on

2018-06-14 19:02:38 - [TEST_STEP][PASSED] - verifyElementText: Actual text and expected text of test object 'Object Repository/ReportsPage/weekTimeOption' are matched.

2018-06-14 19:02:38 - [MESSAGE][PASSED] - projectSpecific.Reusability.getTestData is PASSED

2018-06-14 19:02:38 - [MESSAGE][PASSED] - Actual text and expected text of test object 'Object Repository/ReportsPage/weekTimeOption' are matched.

2018-06-14 19:02:38 - [TEST_STEP][PASSED] - verifyElementText: Actual text and expected text of test object 'Object Repository/ReportsPage/criteriaTimeMeasure' are matched.

2018-06-14 19:02:38 - [MESSAGE][PASSED] - projectSpecific.Reusability.getTestData is PASSED

2018-06-14 19:02:38 - [MESSAGE][PASSED] - Actual text and expected text of test object 'Object Repository/ReportsPage/criteriaTimeMeasure' are matched.

2018-06-14 19:02:38 - [TEST_STEP][PASSED] - delay: Delayed 5 second(s)

2018-06-14 19:02:43 - [MESSAGE][PASSED] - Delayed 5 second(s)

2018-06-14 19:02:43 - [TEST_STEP][PASSED] - click: Object: 'Object Repository/ReportsPage/fromDateSelector' is clicked on

2018-06-14 19:02:43 - [MESSAGE][PASSED] - Object: 'Object Repository/ReportsPage/fromDateSelector' is clicked on

2018-06-14 19:02:43 - [TEST_STEP][PASSED] - delay: Delayed 5 second(s)

2018-06-14 19:02:48 - [MESSAGE][PASSED] - Delayed 5 second(s)

2018-06-14 19:02:48 - [TEST_STEP][PASSED] - Statement - monthText = com.kms.katalon.core.webui.keyword.WebUiBuiltInKeywords.getText(com.kms.katalon.core.testobject.ObjectRepository.findTestObject(ReportsPage/monthText)): Text of object 'Object Repository/ReportsPage/monthText' is: 'June 2018'

2018-06-14 19:02:48 - [MESSAGE][PASSED] - Text of object 'Object Repository/ReportsPage/monthText' is: 'June 2018'

2018-06-14 19:02:48 - [TEST_STEP][PASSED] - Statement - monthTextArray = monthText.split(" "): null

2018-06-14 19:02:48 - [TEST_STEP][PASSED] - Statement - month = monthTextArray[0]: null

2018-06-14 19:02:48 - [TEST_STEP][PASSED] - Statement - monthTextValue = CustomKeywords.projectSpecific.Reusability.getTestData("ReportsPage", "Month"): projectSpecific.Reusability.getTestData is PASSED

2018-06-14 19:02:48 - [MESSAGE][PASSED] - projectSpecific.Reusability.getTestData is PASSED

2018-06-14 19:02:48 - [TEST_STEP][PASSED] - Statement - If (!(monthTextValue.equals(month))): null

2018-06-14 19:02:48 - [TEST_STEP][PASSED] - Statement - While (!(monthTextValue.equals(month))): null

2018-06-14 19:02:48 - [TEST_STEP][PASSED] - click: Object: 'Object Repository/ReportsPage/previousDateSelector' is clicked on

2018-06-14 19:02:48 - [MESSAGE][PASSED] - Object: 'Object Repository/ReportsPage/previousDateSelector' is clicked on

2018-06-14 19:02:48 - [TEST_STEP][PASSED] - Statement - monthText = com.kms.katalon.core.webui.keyword.WebUiBuiltInKeywords.getText(com.kms.katalon.core.testobject.ObjectRepository.findTestObject(ReportsPage/monthText)): Text of object 'Object Repository/ReportsPage/monthText' is: 'May 2018'

2018-06-14 19:02:48 - [MESSAGE][PASSED] - Text of object 'Object Repository/ReportsPage/monthText' is: 'May 2018'

2018-06-14 19:02:48 - [TEST_STEP][PASSED] - Statement - monthTextArray = monthText.split(" "): null

2018-06-14 19:02:48 - [TEST_STEP][PASSED] - Statement - month = monthTextArray[0]: null

2018-06-14 19:02:48 - [TEST_STEP][PASSED] - click: Object: 'Object Repository/ReportsPage/previousDateSelector' is clicked on

2018-06-14 19:02:48 - [MESSAGE][PASSED] - Object: 'Object Repository/ReportsPage/previousDateSelector' is clicked on

2018-06-14 19:02:48 - [TEST_STEP][PASSED] - Statement - monthText = com.kms.katalon.core.webui.keyword.WebUiBuiltInKeywords.getText(com.kms.katalon.core.testobject.ObjectRepository.findTestObject(ReportsPage/monthText)): Text of object 'Object Repository/ReportsPage/monthText' is: 'April 2018'

2018-06-14 19:02:48 - [MESSAGE][PASSED] - Text of object 'Object Repository/ReportsPage/monthText' is: 'April 2018'

2018-06-14 19:02:48 - [TEST_STEP][PASSED] - Statement - monthTextArray = monthText.split(" "): null

2018-06-14 19:02:48 - [TEST_STEP][PASSED] - Statement - month = monthTextArray[0]: null

2018-06-14 19:02:48 - [TEST_STEP][PASSED] - click: Object: 'Object Repository/ReportsPage/previousDateSelector' is clicked on

2018-06-14 19:02:48 - [MESSAGE][PASSED] - Object: 'Object Repository/ReportsPage/previousDateSelector' is clicked on

2018-06-14 19:02:48 - [TEST_STEP][PASSED] - Statement - monthText = com.kms.katalon.core.webui.keyword.WebUiBuiltInKeywords.getText(com.kms.katalon.core.testobject.ObjectRepository.findTestObject(ReportsPage/monthText)): Text of object 'Object Repository/ReportsPage/monthText' is: 'March 2018'

2018-06-14 19:02:48 - [MESSAGE][PASSED] - Text of object 'Object Repository/ReportsPage/monthText' is: 'March 2018'

2018-06-14 19:02:48 - [TEST_STEP][PASSED] - Statement - monthTextArray = monthText.split(" "): null

2018-06-14 19:02:48 - [TEST_STEP][PASSED] - Statement - month = monthTextArray[0]: null

2018-06-14 19:02:48 - [TEST_STEP][PASSED] - Statement - data = CustomKeywords.projectSpecific.Reusability.getTestData("ReportsPage", "StartDate"): projectSpecific.Reusability.getTestData is PASSED

2018-06-14 19:02:48 - [MESSAGE][PASSED] - projectSpecific.Reusability.getTestData is PASSED

2018-06-14 19:02:48 - [TEST_STEP][PASSED] - Statement - startDate = "(//td[text()='" + data + "'])[1]": null

2018-06-14 19:02:48 - [TEST_STEP][PASSED] - Statement - println(startDate): null

2018-06-14 19:02:48 - [TEST_STEP][PASSED] - Statement - startdateEle = driver.findElement(org.openqa.selenium.By.xpath(startDate)): null

2018-06-14 19:02:48 - [TEST_STEP][PASSED] - Statement - startdateEle.click(): null

2018-06-14 19:02:48 - [TEST_STEP][PASSED] - delay: Delayed 5 second(s)

2018-06-14 19:02:53 - [MESSAGE][PASSED] - Delayed 5 second(s)

2018-06-14 19:02:53 - [TEST_STEP][PASSED] - click: Object: 'Object Repository/ReportsPage/toDateSelector' is clicked on

2018-06-14 19:02:53 - [MESSAGE][PASSED] - Object: 'Object Repository/ReportsPage/toDateSelector' is clicked on

2018-06-14 19:02:53 - [TEST_STEP][PASSED] - Statement - monthText = com.kms.katalon.core.webui.keyword.WebUiBuiltInKeywords.getText(com.kms.katalon.core.testobject.ObjectRepository.findTestObject(ReportsPage/monthText2)): Text of object 'Object Repository/ReportsPage/monthText2' is: 'June 2018'

2018-06-14 19:02:53 - [MESSAGE][PASSED] - Text of object 'Object Repository/ReportsPage/monthText2' is: 'June 2018'

2018-06-14 19:02:53 - [TEST_STEP][PASSED] - Statement - monthTextArray = monthText.split(" "): null

2018-06-14 19:02:53 - [TEST_STEP][PASSED] - Statement - month = monthTextArray[0]: null

2018-06-14 19:02:53 - [TEST_STEP][PASSED] - Statement - If (!(monthTextValue.equals(month))): null

2018-06-14 19:02:53 - [TEST_STEP][PASSED] - Statement - While (!(monthTextValue.equals(month))): null

2018-06-14 19:02:53 - [TEST_STEP][PASSED] - click: Object: 'Object Repository/ReportsPage/previousDateSelector2' is clicked on

2018-06-14 19:02:53 - [MESSAGE][PASSED] - Object: 'Object Repository/ReportsPage/previousDateSelector2' is clicked on

2018-06-14 19:02:53 - [TEST_STEP][PASSED] - Statement - monthText = com.kms.katalon.core.webui.keyword.WebUiBuiltInKeywords.getText(com.kms.katalon.core.testobject.ObjectRepository.findTestObject(ReportsPage/monthText2)): Text of object 'Object Repository/ReportsPage/monthText2' is: 'May 2018'

2018-06-14 19:02:53 - [MESSAGE][PASSED] - Text of object 'Object Repository/ReportsPage/monthText2' is: 'May 2018'

2018-06-14 19:02:53 - [TEST_STEP][PASSED] - Statement - monthTextArray = monthText.split(" "): null

2018-06-14 19:02:53 - [TEST_STEP][PASSED] - Statement - month = monthTextArray[0]: null

2018-06-14 19:02:53 - [TEST_STEP][PASSED] - click: Object: 'Object Repository/ReportsPage/previousDateSelector2' is clicked on

2018-06-14 19:02:53 - [MESSAGE][PASSED] - Object: 'Object Repository/ReportsPage/previousDateSelector2' is clicked on

2018-06-14 19:02:53 - [TEST_STEP][PASSED] - Statement - monthText = com.kms.katalon.core.webui.keyword.WebUiBuiltInKeywords.getText(com.kms.katalon.core.testobject.ObjectRepository.findTestObject(ReportsPage/monthText2)): Text of object 'Object Repository/ReportsPage/monthText2' is: 'April 2018'

2018-06-14 19:02:53 - [MESSAGE][PASSED] - Text of object 'Object Repository/ReportsPage/monthText2' is: 'April 2018'

2018-06-14 19:02:53 - [TEST_STEP][PASSED] - Statement - monthTextArray = monthText.split(" "): null

2018-06-14 19:02:53 - [TEST_STEP][PASSED] - Statement - month = monthTextArray[0]: null

2018-06-14 19:02:53 - [TEST_STEP][PASSED] - click: Object: 'Object Repository/ReportsPage/previousDateSelector2' is clicked on

2018-06-14 19:02:53 - [MESSAGE][PASSED] - Object: 'Object Repository/ReportsPage/previousDateSelector2' is clicked on

2018-06-14 19:02:53 - [TEST_STEP][PASSED] - Statement - monthText = com.kms.katalon.core.webui.keyword.WebUiBuiltInKeywords.getText(com.kms.katalon.core.testobject.ObjectRepository.findTestObject(ReportsPage/monthText2)): Text of object 'Object Repository/ReportsPage/monthText2' is: 'March 2018'

2018-06-14 19:02:53 - [MESSAGE][PASSED] - Text of object 'Object Repository/ReportsPage/monthText2' is: 'March 2018'

2018-06-14 19:02:53 - [TEST_STEP][PASSED] - Statement - monthTextArray = monthText.split(" "): null

2018-06-14 19:02:53 - [TEST_STEP][PASSED] - Statement - month = monthTextArray[0]: null

2018-06-14 19:02:53 - [TEST_STEP][PASSED] - Statement - endDate = CustomKeywords.projectSpecific.Reusability.getTestData("ReportsPage", "EndDate"): projectSpecific.Reusability.getTestData is PASSED

2018-06-14 19:02:53 - [MESSAGE][PASSED] - projectSpecific.Reusability.getTestData is PASSED

2018-06-14 19:02:53 - [TEST_STEP][PASSED] - Statement - toDate = "(//td[text()='" + endDate + "'])[2]": null

2018-06-14 19:02:53 - [TEST_STEP][PASSED] - Statement - toDateEle = driver.findElement(org.openqa.selenium.By.xpath(toDate)): null

2018-06-14 19:02:53 - [TEST_STEP][PASSED] - Statement - toDateEle.click(): null

2018-06-14 19:02:54 - [TEST_STEP][PASSED] - delay: Delayed 5 second(s)

2018-06-14 19:02:59 - [MESSAGE][PASSED] - Delayed 5 second(s)

2018-06-14 19:02:59 - [TEST_STEP][PASSED] - Statement - dateAttr = com.kms.katalon.core.webui.keyword.WebUiBuiltInKeywords.getAttribute(com.kms.katalon.core.testobject.ObjectRepository.findTestObject(ReportsPage/selectedDate1), "value"): Attribute 'value' of object 'Object Repository/ReportsPage/selectedDate1' is: '03/01/2018'

2018-06-14 19:02:59 - [MESSAGE][PASSED] - Attribute 'value' of object 'Object Repository/ReportsPage/selectedDate1' is: '03/01/2018'

2018-06-14 19:02:59 - [TEST_STEP][PASSED] - Statement - fromDateValue = CustomKeywords.projectSpecific.Reusability.getTestData("ReportsPage", "fromDate"): projectSpecific.Reusability.getTestData is PASSED

2018-06-14 19:02:59 - [MESSAGE][PASSED] - projectSpecific.Reusability.getTestData is PASSED

2018-06-14 19:02:59 - [TEST_STEP][PASSED] - Statement - If (!(dateAttr.equals(fromDateValue))): null

2018-06-14 19:02:59 - [TEST_STEP][PASSED] - Statement - dateAttr = com.kms.katalon.core.webui.keyword.WebUiBuiltInKeywords.getAttribute(com.kms.katalon.core.testobject.ObjectRepository.findTestObject(ReportsPage/selectedDate2), "value"): Attribute 'value' of object 'Object Repository/ReportsPage/selectedDate2' is: '03/14/2018'

2018-06-14 19:02:59 - [MESSAGE][PASSED] - Attribute 'value' of object 'Object Repository/ReportsPage/selectedDate2' is: '03/14/2018'

2018-06-14 19:02:59 - [TEST_STEP][PASSED] - Statement - toDateValue = CustomKeywords.projectSpecific.Reusability.getTestData("ReportsPage", "toDate"): projectSpecific.Reusability.getTestData is PASSED

2018-06-14 19:02:59 - [MESSAGE][PASSED] - projectSpecific.Reusability.getTestData is PASSED

2018-06-14 19:02:59 - [TEST_STEP][PASSED] - Statement - If (!(dateAttr.equals(toDateValue))): null

2018-06-14 19:02:59 - [TEST_STEP][PASSED] - verifyElementText: Actual text and expected text of test object 'Object Repository/ReportsPage/includeText' are matched.

2018-06-14 19:02:59 - [MESSAGE][PASSED] - projectSpecific.Reusability.getTestData is PASSED

2018-06-14 19:02:59 - [MESSAGE][PASSED] - Actual text and expected text of test object 'Object Repository/ReportsPage/includeText' are matched.

2018-06-14 19:02:59 - [TEST_STEP][PASSED] - verifyElementText: Actual text and expected text of test object 'Object Repository/ReportsPage/formatText' are matched.

2018-06-14 19:02:59 - [MESSAGE][PASSED] - projectSpecific.Reusability.getTestData is PASSED

2018-06-14 19:02:59 - [MESSAGE][PASSED] - Actual text and expected text of test object 'Object Repository/ReportsPage/formatText' are matched.

2018-06-14 19:02:59 - [TEST_STEP][PASSED] - Statement - Try: null

2018-06-14 19:02:59 - [TEST_STEP][PASSED] - Statement - templateHeading = CustomKeywords.projectSpecific.Reusability.getTestData("ReportsPage", "templateHeading"): projectSpecific.Reusability.getTestData is PASSED

2018-06-14 19:02:59 - [MESSAGE][PASSED] - projectSpecific.Reusability.getTestData is PASSED

2018-06-14 19:02:59 - [TEST_STEP][PASSED] - Statement - existingTemplatexpath = "//div[text()='" + templateHeading + "']/../div[2]": null

2018-06-14 19:02:59 - [TEST_STEP][PASSED] - Statement - existingTemplatedeleteLink = driver.findElement(org.openqa.selenium.By.xpath(existingTemplatexpath)): null

2018-06-14 19:02:59 - [TEST_STEP][PASSED] - Statement - Catch (Exception e): null

2018-06-14 19:02:59 - [TEST_STEP][PASSED] - Statement - println("Template does not exists"): null

2018-06-14 19:02:59 - [TEST_STEP][PASSED] - click: Object: 'Object Repository/ReportsPage/saveTemplateChkBox' is clicked on

2018-06-14 19:02:59 - [MESSAGE][PASSED] - Object: 'Object Repository/ReportsPage/saveTemplateChkBox' is clicked on

2018-06-14 19:02:59 - [TEST_STEP][PASSED] - verifyElementChecked: Object 'Object Repository/ReportsPage/saveTemplateChkBox' is checked

2018-06-14 19:02:59 - [MESSAGE][PASSED] - Object 'Object Repository/ReportsPage/saveTemplateChkBox' is checked

2018-06-14 19:02:59 - [TEST_STEP][PASSED] - click: Object: 'Object Repository/ReportsPage/templateName' is clicked on

2018-06-14 19:02:59 - [MESSAGE][PASSED] - Object: 'Object Repository/ReportsPage/templateName' is clicked on

2018-06-14 19:02:59 - [TEST_STEP][PASSED] - uiaction.CommonUIActions.enter: uiaction.CommonUIActions.enter is PASSED

2018-06-14 19:02:59 - [MESSAGE][PASSED] - projectSpecific.Reusability.getTestData is PASSED

2018-06-14 19:03:00 - [MESSAGE][PASSED] - uiaction.CommonUIActions.enter is PASSED

2018-06-14 19:03:00 - [TEST_STEP][PASSED] - Statement - s1 = com.kms.katalon.core.webui.keyword.WebUiBuiltInKeywords.getAttribute(com.kms.katalon.core.testobject.ObjectRepository.findTestObject(ReportsPage/templateName), "value"): Attribute 'value' of object 'Object Repository/ReportsPage/templateName' is: 'March Weekly Report'

2018-06-14 19:03:00 - [MESSAGE][PASSED] - Attribute 'value' of object 'Object Repository/ReportsPage/templateName' is: 'March Weekly Report'

2018-06-14 19:03:00 - [TEST_STEP][PASSED] - Statement - execFlag = com.kms.katalon.core.webui.keyword.WebUiBuiltInKeywords.verifyMatch(s1, CustomKeywords.projectSpecific.Reusability.getTestData("ReportsPage", "templateHeading"), false): Actual text 'March Weekly Report' and expected text 'March Weekly Report' are matched 

2018-06-14 19:03:00 - [MESSAGE][PASSED] - projectSpecific.Reusability.getTestData is PASSED

2018-06-14 19:03:00 - [MESSAGE][PASSED] - Actual text 'March Weekly Report' and expected text 'March Weekly Report' are matched 

2018-06-14 19:03:00 - [TEST_STEP][PASSED] - Statement - If (!(execFlag)): null

2018-06-14 19:03:00 - [TEST_STEP][PASSED] - delay: Delayed 5 second(s)

2018-06-14 19:03:05 - [MESSAGE][PASSED] - Delayed 5 second(s)

2018-06-14 19:03:05 - [TEST_STEP][PASSED] - click: Object: 'Object Repository/ReportsPage/generateReport' is clicked on

2018-06-14 19:03:05 - [MESSAGE][PASSED] - Object: 'Object Repository/ReportsPage/generateReport' is clicked on

2018-06-14 19:03:05 - [TEST_STEP][PASSED] - delay: Delayed 15 second(s)

2018-06-14 19:03:20 - [MESSAGE][PASSED] - Delayed 15 second(s)

2018-06-14 19:03:20 - [TEST_STEP][PASSED] - Statement - summHeading = CustomKeywords.projectSpecific.Reusability.getTestData("SummarizedReportPage", "summaryHeading"): projectSpecific.Reusability.getTestData is PASSED

2018-06-14 19:03:20 - [MESSAGE][PASSED] - projectSpecific.Reusability.getTestData is PASSED

2018-06-14 19:03:20 - [TEST_STEP][PASSED] - verifyElementText: Actual text and expected text of test object 'Object Repository/SummarizedReportPage/summaryReport' are matched.

2018-06-14 19:03:20 - [MESSAGE][PASSED] - Actual text and expected text of test object 'Object Repository/SummarizedReportPage/summaryReport' are matched.

2018-06-14 19:03:20 - [TEST_STEP][PASSED] - Statement - startTime = CustomKeywords.projectSpecific.Reusability.getTestData("SummarizedReportPage", "reportstartTime"): projectSpecific.Reusability.getTestData is PASSED

2018-06-14 19:03:20 - [MESSAGE][PASSED] - projectSpecific.Reusability.getTestData is PASSED

2018-06-14 19:03:20 - [TEST_STEP][PASSED] - verifyElementText: Actual text and expected text of test object 'Object Repository/SummarizedReportPage/startDateText' are matched.

2018-06-14 19:03:20 - [MESSAGE][PASSED] - Actual text and expected text of test object 'Object Repository/SummarizedReportPage/startDateText' are matched.

2018-06-14 19:03:20 - [TEST_STEP][PASSED] - Statement - endTime = CustomKeywords.projectSpecific.Reusability.getTestData("SummarizedReportPage", "reportendTime"): projectSpecific.Reusability.getTestData is PASSED

2018-06-14 19:03:20 - [MESSAGE][PASSED] - projectSpecific.Reusability.getTestData is PASSED

2018-06-14 19:03:20 - [TEST_STEP][PASSED] - verifyElementText: Actual text and expected text of test object 'Object Repository/SummarizedReportPage/endDateText' are matched.

2018-06-14 19:03:20 - [MESSAGE][PASSED] - Actual text and expected text of test object 'Object Repository/SummarizedReportPage/endDateText' are matched.

2018-06-14 19:03:20 - [TEST_STEP][PASSED] - verifyElementPresent: Object 'Object Repository/SummarizedReportPage/printDateTextHeading' is present

2018-06-14 19:03:20 - [MESSAGE][PASSED] - Object 'Object Repository/SummarizedReportPage/printDateTextHeading' is present

2018-06-14 19:03:20 - [TEST_STEP][PASSED] - Statement - today = new java.util.Date(): null

2018-06-14 19:03:20 - [TEST_STEP][PASSED] - Statement - println(today.format("MMMMM dd yyyy")): null

2018-06-14 19:03:20 - [TEST_STEP][PASSED] - Statement - todayDate = today.format("MMMMM dd yyyy"): null

2018-06-14 19:03:20 - [TEST_STEP][PASSED] - Statement - date1 = CustomKeywords.uiaction.CommonUIActions.getText(com.kms.katalon.core.testobject.ObjectRepository.findTestObject(SummarizedReportPage/printDateText)): uiaction.CommonUIActions.getText is PASSED

2018-06-14 19:03:20 - [MESSAGE][PASSED] - uiaction.CommonUIActions.getText is PASSED

2018-06-14 19:03:20 - [TEST_STEP][PASSED] - Statement - If (date1.contains(todayDate)): null

2018-06-14 19:03:20 - [TEST_STEP][PASSED] - delay: Delayed 5 second(s)

2018-06-14 19:03:25 - [MESSAGE][PASSED] - Delayed 5 second(s)

2018-06-14 19:03:25 - [TEST_STEP][PASSED] - Statement - firstDateRange = CustomKeywords.projectSpecific.Reusability.getTestData("SummarizedReportPage", "firstDateRange"): projectSpecific.Reusability.getTestData is PASSED

2018-06-14 19:03:25 - [MESSAGE][PASSED] - projectSpecific.Reusability.getTestData is PASSED

2018-06-14 19:03:25 - [TEST_STEP][PASSED] - verifyElementText: Actual text and expected text of test object 'Object Repository/SummarizedReportPage/firstWeekDateRange' are matched.

2018-06-14 19:03:25 - [MESSAGE][PASSED] - Actual text and expected text of test object 'Object Repository/SummarizedReportPage/firstWeekDateRange' are matched.

2018-06-14 19:03:25 - [TEST_STEP][PASSED] - delay: Delayed 5 second(s)

2018-06-14 19:03:30 - [MESSAGE][PASSED] - Delayed 5 second(s)

2018-06-14 19:03:30 - [TEST_STEP][PASSED] - Statement - storeNames = driver.findElements(org.openqa.selenium.By.xpath(com.kms.katalon.core.testdata.TestDataFactory.findTestData(OR_file).getValue(2, 9))): Reading excel file with source file 'C:\Users\shalinin\Katalon Studio\HME_Scripts\Data Files\HME_OR.xlsx' and sheet name 'Sheet1'

2018-06-14 19:03:30 - [TEST_STEP][PASSED] - Statement - storeNamesList = new java.util.ArrayList(): null

2018-06-14 19:03:30 - [TEST_STEP][PASSED] - Statement - For ([i = 0, i < storeNames.size(), (i++)]): null

2018-06-14 19:03:30 - [TEST_STEP][PASSED] - Statement - storeNamesList[i] = storeNames[i].getText(): null

2018-06-14 19:03:30 - [TEST_STEP][PASSED] - Statement - storeNamesList[i] = storeNames[i].getText(): null

2018-06-14 19:03:30 - [TEST_STEP][PASSED] - Statement - storeNamesList[i] = storeNames[i].getText(): null

2018-06-14 19:03:30 - [TEST_STEP][PASSED] - Statement - storeNamesList[i] = storeNames[i].getText(): null

2018-06-14 19:03:30 - [TEST_STEP][PASSED] - Statement - storeNamesList[i] = storeNames[i].getText(): null

2018-06-14 19:03:30 - [TEST_STEP][PASSED] - Statement - hs = new java.util.HashSet(): null

2018-06-14 19:03:30 - [TEST_STEP][PASSED] - Statement - hs.addAll(storeNamesList): null

2018-06-14 19:03:30 - [TEST_STEP][PASSED] - Statement - storeNamesList = new java.util.ArrayList(): null

2018-06-14 19:03:30 - [TEST_STEP][PASSED] - Statement - iter = hs.iterator(): null

2018-06-14 19:03:30 - [TEST_STEP][PASSED] - Statement - index = 0: null

2018-06-14 19:03:30 - [TEST_STEP][PASSED] - Statement - While (iter.hasNext()): null

2018-06-14 19:03:30 - [TEST_STEP][PASSED] - Statement - val = iter.next(): null

2018-06-14 19:03:30 - [TEST_STEP][PASSED] - Statement - valArray = val.split("-"): null

2018-06-14 19:03:30 - [TEST_STEP][PASSED] - Statement - storeNamesList[index] = valArray[0].trim(): null

2018-06-14 19:03:30 - [TEST_STEP][PASSED] - Statement - (index++): null

2018-06-14 19:03:30 - [TEST_STEP][PASSED] - Statement - val = iter.next(): null

2018-06-14 19:03:30 - [TEST_STEP][PASSED] - Statement - valArray = val.split("-"): null

2018-06-14 19:03:30 - [TEST_STEP][PASSED] - Statement - storeNamesList[index] = valArray[0].trim(): null

2018-06-14 19:03:30 - [TEST_STEP][PASSED] - Statement - (index++): null

2018-06-14 19:03:30 - [TEST_STEP][PASSED] - Statement - val = iter.next(): null

2018-06-14 19:03:30 - [TEST_STEP][PASSED] - Statement - valArray = val.split("-"): null

2018-06-14 19:03:30 - [TEST_STEP][PASSED] - Statement - storeNamesList[index] = valArray[0].trim(): null

2018-06-14 19:03:30 - [TEST_STEP][PASSED] - Statement - (index++): null

2018-06-14 19:03:30 - [TEST_STEP][PASSED] - Statement - val = iter.next(): null

2018-06-14 19:03:30 - [TEST_STEP][PASSED] - Statement - valArray = val.split("-"): null

2018-06-14 19:03:30 - [TEST_STEP][PASSED] - Statement - storeNamesList[index] = valArray[0].trim(): null

2018-06-14 19:03:30 - [TEST_STEP][PASSED] - Statement - (index++): null

2018-06-14 19:03:30 - [TEST_STEP][PASSED] - Statement - println(storeNamesList): null

2018-06-14 19:03:30 - [TEST_STEP][PASSED] - Statement - java.util.Collections.sort(storeNamesList): null

2018-06-14 19:03:30 - [TEST_STEP][PASSED] - Statement - storeNamesList.remove(""): null

2018-06-14 19:03:30 - [TEST_STEP][PASSED] - Statement - println(storeNamesList): null

2018-06-14 19:03:30 - [TEST_STEP][PASSED] - Statement - contains = true: null

2018-06-14 19:03:30 - [TEST_STEP][PASSED] - Statement - For ([i = 0, i < criteriaSTList.size(), (i++)]): null

2018-06-14 19:03:30 - [TEST_STEP][PASSED] - Statement - reportHeaders = CustomKeywords.projectSpecific.Reusability.getTestData("ReportsPage", "ReportsColumnHeader1"): projectSpecific.Reusability.getTestData is PASSED

2018-06-14 19:03:30 - [MESSAGE][PASSED] - projectSpecific.Reusability.getTestData is PASSED

2018-06-14 19:03:30 - [TEST_STEP][PASSED] - Statement - reportsArray = reportHeaders.split(","): null

2018-06-14 19:03:30 - [TEST_STEP][PASSED] - Statement - reportsHeaderList = new java.util.ArrayList(java.util.Arrays.asList(reportsArray)): null

2018-06-14 19:03:30 - [TEST_STEP][PASSED] - Statement - reportsHeaderList.unique(): null

2018-06-14 19:03:30 - [TEST_STEP][PASSED] - Statement - out.println(reportsHeaderList): null

2018-06-14 19:03:30 - [TEST_STEP][PASSED] - Statement - columnHeaderList = driver.findElements(org.openqa.selenium.By.xpath(com.kms.katalon.core.testdata.TestDataFactory.findTestData(OR_file).getValue(2, 5))): Reading excel file with source file 'C:\Users\shalinin\Katalon Studio\HME_Scripts\Data Files\HME_OR.xlsx' and sheet name 'Sheet1'

2018-06-14 19:03:30 - [TEST_STEP][PASSED] - Statement - actualList = new java.util.ArrayList(): null

2018-06-14 19:03:30 - [TEST_STEP][PASSED] - Statement - For ([i = 0, i < columnHeaderList.size(), (i++)]): null

2018-06-14 19:03:30 - [TEST_STEP][PASSED] - Statement - actualList.add(i, columnHeaderList.get(i).getText()): null

2018-06-14 19:03:30 - [TEST_STEP][PASSED] - Statement - actualList.add(i, columnHeaderList.get(i).getText()): null

2018-06-14 19:03:30 - [TEST_STEP][PASSED] - Statement - actualList.add(i, columnHeaderList.get(i).getText()): null

2018-06-14 19:03:30 - [TEST_STEP][PASSED] - Statement - actualList.add(i, columnHeaderList.get(i).getText()): null

2018-06-14 19:03:30 - [TEST_STEP][PASSED] - Statement - actualList.add(i, columnHeaderList.get(i).getText()): null

2018-06-14 19:03:30 - [TEST_STEP][PASSED] - Statement - actualList.add(i, columnHeaderList.get(i).getText()): null

2018-06-14 19:03:30 - [TEST_STEP][PASSED] - Statement - actualList.add(i, columnHeaderList.get(i).getText()): null

2018-06-14 19:03:30 - [TEST_STEP][PASSED] - Statement - actualList.add(i, columnHeaderList.get(i).getText()): null

2018-06-14 19:03:30 - [TEST_STEP][PASSED] - Statement - out.println(actualList): null

2018-06-14 19:03:30 - [TEST_STEP][PASSED] - Statement - execFlag1 = true: null

2018-06-14 19:03:30 - [TEST_STEP][PASSED] - Statement - For ([j = 0, j < actualList.size(), (j++)]): null

2018-06-14 19:03:30 - [TEST_STEP][PASSED] - Statement - execFlag1 = com.kms.katalon.core.webui.keyword.WebUiBuiltInKeywords.verifyMatch(reportsHeaderList.get(j).toString().trim(), actualList.get(j).toString().trim(), false): Actual text 'Groups' and expected text 'Groups' are matched 

2018-06-14 19:03:30 - [MESSAGE][PASSED] - Actual text 'Groups' and expected text 'Groups' are matched 

2018-06-14 19:03:30 - [TEST_STEP][PASSED] - Statement - If (!(execFlag1)): null

2018-06-14 19:03:30 - [TEST_STEP][PASSED] - Statement - execFlag1 = com.kms.katalon.core.webui.keyword.WebUiBuiltInKeywords.verifyMatch(reportsHeaderList.get(j).toString().trim(), actualList.get(j).toString().trim(), false): Actual text 'Stores' and expected text 'Stores' are matched 

2018-06-14 19:03:30 - [MESSAGE][PASSED] - Actual text 'Stores' and expected text 'Stores' are matched 

2018-06-14 19:03:30 - [TEST_STEP][PASSED] - Statement - If (!(execFlag1)): null

2018-06-14 19:03:30 - [TEST_STEP][PASSED] - Statement - execFlag1 = com.kms.katalon.core.webui.keyword.WebUiBuiltInKeywords.verifyMatch(reportsHeaderList.get(j).toString().trim(), actualList.get(j).toString().trim(), false): Actual text 'Menu Board' and expected text 'Menu Board' are matched 

2018-06-14 19:03:30 - [MESSAGE][PASSED] - Actual text 'Menu Board' and expected text 'Menu Board' are matched 

2018-06-14 19:03:30 - [TEST_STEP][PASSED] - Statement - If (!(execFlag1)): null

2018-06-14 19:03:30 - [TEST_STEP][PASSED] - Statement - execFlag1 = com.kms.katalon.core.webui.keyword.WebUiBuiltInKeywords.verifyMatch(reportsHeaderList.get(j).toString().trim(), actualList.get(j).toString().trim(), false): Actual text 'Greet' and expected text 'Greet' are matched 

2018-06-14 19:03:30 - [MESSAGE][PASSED] - Actual text 'Greet' and expected text 'Greet' are matched 

2018-06-14 19:03:30 - [TEST_STEP][PASSED] - Statement - If (!(execFlag1)): null

2018-06-14 19:03:30 - [TEST_STEP][PASSED] - Statement - execFlag1 = com.kms.katalon.core.webui.keyword.WebUiBuiltInKeywords.verifyMatch(reportsHeaderList.get(j).toString().trim(), actualList.get(j).toString().trim(), false): Actual text 'Service' and expected text 'Service' are matched 

2018-06-14 19:03:30 - [MESSAGE][PASSED] - Actual text 'Service' and expected text 'Service' are matched 

2018-06-14 19:03:30 - [TEST_STEP][PASSED] - Statement - If (!(execFlag1)): null

2018-06-14 19:03:30 - [TEST_STEP][PASSED] - Statement - execFlag1 = com.kms.katalon.core.webui.keyword.WebUiBuiltInKeywords.verifyMatch(reportsHeaderList.get(j).toString().trim(), actualList.get(j).toString().trim(), false): Actual text 'Lane Queue' and expected text 'Lane Queue' are matched 

2018-06-14 19:03:30 - [MESSAGE][PASSED] - Actual text 'Lane Queue' and expected text 'Lane Queue' are matched 

2018-06-14 19:03:30 - [TEST_STEP][PASSED] - Statement - If (!(execFlag1)): null

2018-06-14 19:03:30 - [TEST_STEP][PASSED] - Statement - execFlag1 = com.kms.katalon.core.webui.keyword.WebUiBuiltInKeywords.verifyMatch(reportsHeaderList.get(j).toString().trim(), actualList.get(j).toString().trim(), false): Actual text 'Lane Total' and expected text 'Lane Total' are matched 

2018-06-14 19:03:30 - [MESSAGE][PASSED] - Actual text 'Lane Total' and expected text 'Lane Total' are matched 

2018-06-14 19:03:30 - [TEST_STEP][PASSED] - Statement - If (!(execFlag1)): null

2018-06-14 19:03:30 - [TEST_STEP][PASSED] - Statement - execFlag1 = com.kms.katalon.core.webui.keyword.WebUiBuiltInKeywords.verifyMatch(reportsHeaderList.get(j).toString().trim(), actualList.get(j).toString().trim(), false): Actual text 'Total Cars' and expected text 'Total Cars' are matched 

2018-06-14 19:03:30 - [MESSAGE][PASSED] - Actual text 'Total Cars' and expected text 'Total Cars' are matched 

2018-06-14 19:03:30 - [TEST_STEP][PASSED] - Statement - If (!(execFlag1)): null

2018-06-14 19:03:30 - [TEST_STEP][PASSED] - Statement - If (execFlag1): null

2018-06-14 19:03:30 - [TEST_STEP][PASSED] - Statement - out.println("Reports Column headers are verified"): null

2018-06-14 19:03:30 - [TEST_STEP][PASSED] - Statement - reportTotalWeek = driver.findElements(org.openqa.selenium.By.xpath(com.kms.katalon.core.testdata.TestDataFactory.findTestData(OR_file).getValue(2, 6))): Reading excel file with source file 'C:\Users\shalinin\Katalon Studio\HME_Scripts\Data Files\HME_OR.xlsx' and sheet name 'Sheet1'

2018-06-14 19:03:30 - [TEST_STEP][PASSED] - Statement - totalweekrownumber = 0: null

2018-06-14 19:03:30 - [TEST_STEP][PASSED] - Statement - totalWeek = null: null

2018-06-14 19:03:30 - [TEST_STEP][PASSED] - Statement - For ([totalrows = 2, totalrows < reportTotalWeek.size(), (totalrows++)]): null

2018-06-14 19:03:30 - [TEST_STEP][PASSED] - Statement - If (reportTotalWeek.get(totalrows).getText().contains("Total Week")): null

2018-06-14 19:03:30 - [TEST_STEP][PASSED] - Statement - Else: null

2018-06-14 19:03:30 - [TEST_STEP][PASSED] - Statement - If (reportTotalWeek.get(totalrows).getText().contains("Total Week")): null

2018-06-14 19:03:30 - [TEST_STEP][PASSED] - Statement - Else: null

2018-06-14 19:03:30 - [TEST_STEP][PASSED] - Statement - If (reportTotalWeek.get(totalrows).getText().contains("Total Week")): null

2018-06-14 19:03:30 - [TEST_STEP][PASSED] - Statement - Else: null

2018-06-14 19:03:30 - [TEST_STEP][PASSED] - Statement - If (reportTotalWeek.get(totalrows).getText().contains("Total Week")): null

2018-06-14 19:03:30 - [TEST_STEP][PASSED] - Statement - Else: null

2018-06-14 19:03:30 - [TEST_STEP][PASSED] - Statement - If (reportTotalWeek.get(totalrows).getText().contains("Total Week")): null

2018-06-14 19:03:30 - [TEST_STEP][PASSED] - Statement - totalWeek = driver.findElement(org.openqa.selenium.By.xpath("(//table[@class='summaryreport-table']/tbody/tr[" + totalrows + 1 + "]/td)[1]")).getText(): null

2018-06-14 19:03:30 - [TEST_STEP][PASSED] - Statement - Break: null

2018-06-14 19:03:30 - [TEST_STEP][PASSED] - Statement - totalWeekValue = CustomKeywords.projectSpecific.Reusability.getTestData("SummarizedReportPage", "TotalWeek"): projectSpecific.Reusability.getTestData is PASSED

2018-06-14 19:03:30 - [MESSAGE][PASSED] - projectSpecific.Reusability.getTestData is PASSED

2018-06-14 19:03:30 - [TEST_STEP][PASSED] - Statement - If (totalWeek.trim().equals(totalWeekValue)): null

2018-06-14 19:03:30 - [TEST_STEP][PASSED] - Statement - out.println("Total week is displayed in last row"): null

2018-06-14 19:03:30 - [TEST_STEP][PASSED] - delay: Delayed 5 second(s)

2018-06-14 19:03:35 - [MESSAGE][PASSED] - Delayed 5 second(s)

2018-06-14 19:03:35 - [TEST_STEP][PASSED] - Statement - secondDateRange = CustomKeywords.projectSpecific.Reusability.getTestData("SummarizedReportPage", "secondDateRange"): projectSpecific.Reusability.getTestData is PASSED

2018-06-14 19:03:35 - [MESSAGE][PASSED] - projectSpecific.Reusability.getTestData is PASSED

2018-06-14 19:03:35 - [TEST_STEP][FAILED] - verifyElementText: com.kms.katalon.core.webui.exception.WebElementNotFoundException: Web element with id: 'Object Repository/SummarizedReportPage/secondWeekDateRange' located by 'By.xpath: (//div[@class='row summaryreport-table-section']/div/div/div/span)[2] ' not found

2018-06-14 19:04:06 - [MESSAGE][FAILED] - com.kms.katalon.core.webui.exception.WebElementNotFoundException: Web element with id: 'Object Repository/SummarizedReportPage/secondWeekDateRange' located by 'By.xpath: (//div[@class='row summaryreport-table-section']/div/div/div/span)[2] ' not found
[[ATTACHMENT|C:\\Users\\shalinin\\Katalon Studio\\HME_Scripts\\Reports\\RegressionSuite\\20180614_164441\\1528983246402.png]]

2018-06-14 19:04:06 - [TEST_STEP][PASSED] - uiaction.CommonUIActions.click: uiaction.CommonUIActions.click is PASSED

2018-06-14 19:04:06 - [MESSAGE][PASSED] - uiaction.CommonUIActions.click is PASSED

2018-06-14 19:04:06 - [TEST_STEP][PASSED] - delay: Delayed 10 second(s)

2018-06-14 19:04:16 - [MESSAGE][PASSED] - Delayed 10 second(s)

2018-06-14 19:04:16 - [TEST_STEP][PASSED] - Statement - summheadingforSingleStore = CustomKeywords.projectSpecific.Reusability.getTestData("SummarizedReportPage", "summaryHeading"): projectSpecific.Reusability.getTestData is PASSED

2018-06-14 19:04:16 - [MESSAGE][PASSED] - projectSpecific.Reusability.getTestData is PASSED

2018-06-14 19:04:16 - [TEST_STEP][PASSED] - verifyElementText: Actual text and expected text of test object 'Object Repository/SummarizedReportPage/summaryReport' are matched.

2018-06-14 19:04:16 - [MESSAGE][PASSED] - Actual text and expected text of test object 'Object Repository/SummarizedReportPage/summaryReport' are matched.

2018-06-14 19:04:16 - [TEST_STEP][PASSED] - Statement - header1 = CustomKeywords.projectSpecific.Reusability.getTestData("SummarizedReportPage", "WeekReportHeader1"): projectSpecific.Reusability.getTestData is PASSED

2018-06-14 19:04:16 - [MESSAGE][PASSED] - projectSpecific.Reusability.getTestData is PASSED

2018-06-14 19:04:16 - [TEST_STEP][PASSED] - Statement - weekReportHeader1 = header1.split(","): null

2018-06-14 19:04:16 - [TEST_STEP][PASSED] - Statement - weekReportHeaderList1 = new java.util.ArrayList(java.util.Arrays.asList(weekReportHeader1)): null

2018-06-14 19:04:16 - [TEST_STEP][PASSED] - Statement - weekReportHeaderList1.unique(): null

2018-06-14 19:04:16 - [TEST_STEP][PASSED] - Statement - out.println(weekReportHeaderList1): null

2018-06-14 19:04:16 - [TEST_STEP][PASSED] - Statement - weekHeaderList = driver.findElements(org.openqa.selenium.By.xpath(com.kms.katalon.core.testdata.TestDataFactory.findTestData(OR_file).getValue(2, 7))): Reading excel file with source file 'C:\Users\shalinin\Katalon Studio\HME_Scripts\Data Files\HME_OR.xlsx' and sheet name 'Sheet1'

2018-06-14 19:04:16 - [TEST_STEP][PASSED] - Statement - actualList1 = new java.util.ArrayList(): null

2018-06-14 19:04:16 - [TEST_STEP][PASSED] - Statement - For ([i = 0, i < weekHeaderList.size(), (i++)]): null

2018-06-14 19:04:16 - [TEST_STEP][PASSED] - Statement - actualList1.add(i, weekHeaderList.get(i).getText()): null

2018-06-14 19:04:16 - [TEST_STEP][PASSED] - Statement - actualList1.add(i, weekHeaderList.get(i).getText()): null

2018-06-14 19:04:16 - [TEST_STEP][PASSED] - Statement - actualList1.add(i, weekHeaderList.get(i).getText()): null

2018-06-14 19:04:16 - [TEST_STEP][PASSED] - Statement - actualList1.add(i, weekHeaderList.get(i).getText()): null

2018-06-14 19:04:16 - [TEST_STEP][PASSED] - Statement - actualList1.add(i, weekHeaderList.get(i).getText()): null

2018-06-14 19:04:16 - [TEST_STEP][PASSED] - Statement - actualList1.add(i, weekHeaderList.get(i).getText()): null

2018-06-14 19:04:16 - [TEST_STEP][PASSED] - Statement - out.println(actualList1): null

2018-06-14 19:04:16 - [TEST_STEP][PASSED] - Statement - execFlag2 = true: null

2018-06-14 19:04:16 - [TEST_STEP][PASSED] - Statement - For ([j = 0, j < actualList1.size(), (j++)]): null

2018-06-14 19:04:16 - [TEST_STEP][PASSED] - Statement - execFlag2 = com.kms.katalon.core.webui.keyword.WebUiBuiltInKeywords.verifyMatch(weekReportHeaderList1.get(j).toString().trim(), actualList1.get(j).toString().trim(), false): Actual text 'Store:' and expected text 'Store:' are matched 

2018-06-14 19:04:16 - [MESSAGE][PASSED] - Actual text 'Store:' and expected text 'Store:' are matched 

2018-06-14 19:04:16 - [TEST_STEP][PASSED] - Statement - If (!(execFlag2)): null

2018-06-14 19:04:16 - [TEST_STEP][PASSED] - Statement - execFlag2 = com.kms.katalon.core.webui.keyword.WebUiBuiltInKeywords.verifyMatch(weekReportHeaderList1.get(j).toString().trim(), actualList1.get(j).toString().trim(), false): Actual text 'Start Time:' and expected text 'Start Time:' are matched 

2018-06-14 19:04:16 - [MESSAGE][PASSED] - Actual text 'Start Time:' and expected text 'Start Time:' are matched 

2018-06-14 19:04:16 - [TEST_STEP][PASSED] - Statement - If (!(execFlag2)): null

2018-06-14 19:04:16 - [TEST_STEP][PASSED] - Statement - execFlag2 = com.kms.katalon.core.webui.keyword.WebUiBuiltInKeywords.verifyMatch(weekReportHeaderList1.get(j).toString().trim(), actualList1.get(j).toString().trim(), false): Actual text 'Print Date:' and expected text 'Print Date:' are matched 

2018-06-14 19:04:16 - [MESSAGE][PASSED] - Actual text 'Print Date:' and expected text 'Print Date:' are matched 

2018-06-14 19:04:16 - [TEST_STEP][PASSED] - Statement - If (!(execFlag2)): null

2018-06-14 19:04:16 - [TEST_STEP][PASSED] - Statement - execFlag2 = com.kms.katalon.core.webui.keyword.WebUiBuiltInKeywords.verifyMatch(weekReportHeaderList1.get(j).toString().trim(), actualList1.get(j).toString().trim(), false): Actual text 'Description:' and expected text 'Description:' are matched 

2018-06-14 19:04:16 - [MESSAGE][PASSED] - Actual text 'Description:' and expected text 'Description:' are matched 

2018-06-14 19:04:16 - [TEST_STEP][PASSED] - Statement - If (!(execFlag2)): null

2018-06-14 19:04:16 - [TEST_STEP][PASSED] - Statement - execFlag2 = com.kms.katalon.core.webui.keyword.WebUiBuiltInKeywords.verifyMatch(weekReportHeaderList1.get(j).toString().trim(), actualList1.get(j).toString().trim(), false): Actual text 'Stop Time:' and expected text 'Stop Time:' are matched 

2018-06-14 19:04:16 - [MESSAGE][PASSED] - Actual text 'Stop Time:' and expected text 'Stop Time:' are matched 

2018-06-14 19:04:16 - [TEST_STEP][PASSED] - Statement - If (!(execFlag2)): null

2018-06-14 19:04:16 - [TEST_STEP][PASSED] - Statement - execFlag2 = com.kms.katalon.core.webui.keyword.WebUiBuiltInKeywords.verifyMatch(weekReportHeaderList1.get(j).toString().trim(), actualList1.get(j).toString().trim(), false): Actual text 'Print Time:' and expected text 'Print Time:' are matched 

2018-06-14 19:04:16 - [MESSAGE][PASSED] - Actual text 'Print Time:' and expected text 'Print Time:' are matched 

2018-06-14 19:04:16 - [TEST_STEP][PASSED] - Statement - If (!(execFlag2)): null

2018-06-14 19:04:16 - [TEST_STEP][PASSED] - Statement - If (execFlag2): null

2018-06-14 19:04:16 - [TEST_STEP][PASSED] - Statement - out.println("Week Report headers are verified"): null

2018-06-14 19:04:16 - [TEST_STEP][PASSED] - Statement - avgTimeHeader = CustomKeywords.projectSpecific.Reusability.getTestData("SummarizedReportPage", "averageTimeHeader"): projectSpecific.Reusability.getTestData is PASSED

2018-06-14 19:04:16 - [MESSAGE][PASSED] - projectSpecific.Reusability.getTestData is PASSED

2018-06-14 19:04:16 - [TEST_STEP][PASSED] - Statement - avgTimeHeader1 = avgTimeHeader.split(","): null

2018-06-14 19:04:16 - [TEST_STEP][PASSED] - Statement - avgTimeHeaderExpectedList = new java.util.ArrayList(java.util.Arrays.asList(avgTimeHeader1)): null

2018-06-14 19:04:16 - [TEST_STEP][PASSED] - Statement - avgTimeHeaderExpectedList.unique(): null

2018-06-14 19:04:16 - [TEST_STEP][PASSED] - Statement - out.println(avgTimeHeaderExpectedList): null

2018-06-14 19:04:16 - [TEST_STEP][PASSED] - Statement - avgTimeHeaderList = driver.findElements(org.openqa.selenium.By.xpath(com.kms.katalon.core.testdata.TestDataFactory.findTestData(OR_file).getValue(2, 8))): Reading excel file with source file 'C:\Users\shalinin\Katalon Studio\HME_Scripts\Data Files\HME_OR.xlsx' and sheet name 'Sheet1'

2018-06-14 19:04:16 - [TEST_STEP][PASSED] - Statement - actualList2 = new java.util.ArrayList(): null

2018-06-14 19:04:16 - [TEST_STEP][PASSED] - Statement - For ([i = 0, i < avgTimeHeaderList.size(), (i++)]): null

2018-06-14 19:04:16 - [TEST_STEP][PASSED] - Statement - actualList2.add(i, avgTimeHeaderList.get(i).getText()): null

2018-06-14 19:04:16 - [TEST_STEP][PASSED] - Statement - actualList2.add(i, avgTimeHeaderList.get(i).getText()): null

2018-06-14 19:04:16 - [TEST_STEP][PASSED] - Statement - actualList2.add(i, avgTimeHeaderList.get(i).getText()): null

2018-06-14 19:04:17 - [TEST_STEP][PASSED] - Statement - actualList2.add(i, avgTimeHeaderList.get(i).getText()): null

2018-06-14 19:04:17 - [TEST_STEP][PASSED] - Statement - actualList2.add(i, avgTimeHeaderList.get(i).getText()): null

2018-06-14 19:04:17 - [TEST_STEP][PASSED] - Statement - actualList2.add(i, avgTimeHeaderList.get(i).getText()): null

2018-06-14 19:04:17 - [TEST_STEP][PASSED] - Statement - actualList2.add(i, avgTimeHeaderList.get(i).getText()): null

2018-06-14 19:04:17 - [TEST_STEP][PASSED] - Statement - out.println(actualList2): null

2018-06-14 19:04:17 - [TEST_STEP][PASSED] - Statement - execFlag3 = true: null

2018-06-14 19:04:17 - [TEST_STEP][PASSED] - Statement - For ([j = 0, j < actualList2.size(), (j++)]): null

2018-06-14 19:04:17 - [TEST_STEP][PASSED] - Statement - execFlag3 = com.kms.katalon.core.webui.keyword.WebUiBuiltInKeywords.verifyMatch(avgTimeHeaderExpectedList.get(j).toString().trim(), actualList2.get(j).toString().trim(), false): Actual text 'Week' and expected text 'Week' are matched 

2018-06-14 19:04:17 - [MESSAGE][PASSED] - Actual text 'Week' and expected text 'Week' are matched 

2018-06-14 19:04:17 - [TEST_STEP][PASSED] - Statement - If (!(execFlag3)): null

2018-06-14 19:04:17 - [TEST_STEP][PASSED] - Statement - execFlag3 = com.kms.katalon.core.webui.keyword.WebUiBuiltInKeywords.verifyMatch(avgTimeHeaderExpectedList.get(j).toString().trim(), actualList2.get(j).toString().trim(), false): Actual text 'Menu Board' and expected text 'Menu Board' are matched 

2018-06-14 19:04:17 - [MESSAGE][PASSED] - Actual text 'Menu Board' and expected text 'Menu Board' are matched 

2018-06-14 19:04:17 - [TEST_STEP][PASSED] - Statement - If (!(execFlag3)): null

2018-06-14 19:04:17 - [TEST_STEP][PASSED] - Statement - execFlag3 = com.kms.katalon.core.webui.keyword.WebUiBuiltInKeywords.verifyMatch(avgTimeHeaderExpectedList.get(j).toString().trim(), actualList2.get(j).toString().trim(), false): Actual text 'Greet' and expected text 'Greet' are matched 

2018-06-14 19:04:17 - [MESSAGE][PASSED] - Actual text 'Greet' and expected text 'Greet' are matched 

2018-06-14 19:04:17 - [TEST_STEP][PASSED] - Statement - If (!(execFlag3)): null

2018-06-14 19:04:17 - [TEST_STEP][PASSED] - Statement - execFlag3 = com.kms.katalon.core.webui.keyword.WebUiBuiltInKeywords.verifyMatch(avgTimeHeaderExpectedList.get(j).toString().trim(), actualList2.get(j).toString().trim(), false): Actual text 'Service' and expected text 'Service' are matched 

2018-06-14 19:04:17 - [MESSAGE][PASSED] - Actual text 'Service' and expected text 'Service' are matched 

2018-06-14 19:04:17 - [TEST_STEP][PASSED] - Statement - If (!(execFlag3)): null

2018-06-14 19:04:17 - [TEST_STEP][PASSED] - Statement - execFlag3 = com.kms.katalon.core.webui.keyword.WebUiBuiltInKeywords.verifyMatch(avgTimeHeaderExpectedList.get(j).toString().trim(), actualList2.get(j).toString().trim(), false): Actual text 'Lane Queue' and expected text 'Lane Queue' are matched 

2018-06-14 19:04:17 - [MESSAGE][PASSED] - Actual text 'Lane Queue' and expected text 'Lane Queue' are matched 

2018-06-14 19:04:17 - [TEST_STEP][PASSED] - Statement - If (!(execFlag3)): null

2018-06-14 19:04:17 - [TEST_STEP][PASSED] - Statement - execFlag3 = com.kms.katalon.core.webui.keyword.WebUiBuiltInKeywords.verifyMatch(avgTimeHeaderExpectedList.get(j).toString().trim(), actualList2.get(j).toString().trim(), false): Actual text 'Lane Total' and expected text 'Lane Total' are matched 

2018-06-14 19:04:17 - [MESSAGE][PASSED] - Actual text 'Lane Total' and expected text 'Lane Total' are matched 

2018-06-14 19:04:17 - [TEST_STEP][PASSED] - Statement - If (!(execFlag3)): null

2018-06-14 19:04:17 - [TEST_STEP][PASSED] - Statement - execFlag3 = com.kms.katalon.core.webui.keyword.WebUiBuiltInKeywords.verifyMatch(avgTimeHeaderExpectedList.get(j).toString().trim(), actualList2.get(j).toString().trim(), false): Actual text 'Total Cars' and expected text 'Total Cars' are matched 

2018-06-14 19:04:17 - [MESSAGE][PASSED] - Actual text 'Total Cars' and expected text 'Total Cars' are matched 

2018-06-14 19:04:17 - [TEST_STEP][PASSED] - Statement - If (!(execFlag3)): null

2018-06-14 19:04:17 - [TEST_STEP][PASSED] - Statement - If (execFlag3): null

2018-06-14 19:04:17 - [TEST_STEP][PASSED] - Statement - out.println("Average Time headers are verified"): null

2018-06-14 19:04:17 - [TEST_STEP][PASSED] - Statement - row1 = CustomKeywords.projectSpecific.Reusability.getTestData("SummarizedReportPage", "row1belowWeekHeader"): projectSpecific.Reusability.getTestData is PASSED

2018-06-14 19:04:17 - [MESSAGE][PASSED] - projectSpecific.Reusability.getTestData is PASSED

2018-06-14 19:04:17 - [TEST_STEP][FAILED] - verifyElementText: Actual text '03/01 - 03/07
OPEN - CLOSE' and expected text '03/01-03/07
OPEN - CLOSE' of test object 'Object Repository/SummarizedReportPage/row1BelowWeekHeader' are NOT matched.

2018-06-14 19:04:17 - [MESSAGE][FAILED] - Actual text '03/01 - 03/07
OPEN - CLOSE' and expected text '03/01-03/07
OPEN - CLOSE' of test object 'Object Repository/SummarizedReportPage/row1BelowWeekHeader' are NOT matched.
[[ATTACHMENT|C:\\Users\\shalinin\\Katalon Studio\\HME_Scripts\\Reports\\RegressionSuite\\20180614_164441\\1528983257145.png]]

2018-06-14 19:04:17 - [TEST_STEP][PASSED] - Statement - row2 = CustomKeywords.projectSpecific.Reusability.getTestData("SummarizedReportPage", "row2belowWeekHeader"): projectSpecific.Reusability.getTestData is PASSED

2018-06-14 19:04:17 - [MESSAGE][PASSED] - projectSpecific.Reusability.getTestData is PASSED

2018-06-14 19:04:17 - [TEST_STEP][PASSED] - verifyElementText: Actual text and expected text of test object 'Object Repository/SummarizedReportPage/row2BelowWeekHeader' are matched.

2018-06-14 19:04:17 - [MESSAGE][PASSED] - Actual text and expected text of test object 'Object Repository/SummarizedReportPage/row2BelowWeekHeader' are matched.

2018-06-14 19:04:17 - [TEST_STEP][PASSED] - uiaction.CommonUIActions.click: uiaction.CommonUIActions.click is PASSED

2018-06-14 19:04:21 - [MESSAGE][PASSED] - uiaction.CommonUIActions.click is PASSED

2018-06-14 19:04:21 - [TEST_STEP][PASSED] - navigateToUrl: Navigate to 'https://hme-dev-public-cloud-app.azurewebsites.net/' successfully

2018-06-14 19:04:21 - [MESSAGE][PASSED] - Navigate to 'https://hme-dev-public-cloud-app.azurewebsites.net/' successfully

2018-06-14 19:04:21 - [TEST_STEP][PASSED] - delay: Delayed 10 second(s)

2018-06-14 19:04:31 - [MESSAGE][PASSED] - Delayed 10 second(s)

2018-06-14 19:04:31 - [TEST_STEP][PASSED] - projectSpecific.Reusability.login: projectSpecific.Reusability.login is PASSED

2018-06-14 19:04:31 - [MESSAGE][PASSED] - projectSpecific.Reusability.getTestData is PASSED

2018-06-14 19:04:31 - [MESSAGE][PASSED] - projectSpecific.Reusability.getTestData is PASSED

2018-06-14 19:04:31 - [MESSAGE][PASSED] - Text 'sangeetha_gokul@yahoo.com' is set on object 'Object Repository/LoginPage/Username'

2018-06-14 19:04:32 - [MESSAGE][PASSED] - Text 'gvcd6bjk5g' is set on object 'Object Repository/LoginPage/Password'

2018-06-14 19:04:32 - [MESSAGE][PASSED] - Object: 'Object Repository/LoginPage/Login' is clicked on

2018-06-14 19:04:32 - [MESSAGE][PASSED] - projectSpecific.Reusability.login is PASSED

2018-06-14 19:04:32 - [TEST_STEP][PASSED] - delay: Delayed 10 second(s)

2018-06-14 19:04:42 - [MESSAGE][PASSED] - Delayed 10 second(s)

2018-06-14 19:04:42 - [TEST_STEP][PASSED] - uiaction.CommonUIActions.click: uiaction.CommonUIActions.click is PASSED

2018-06-14 19:04:42 - [MESSAGE][PASSED] - uiaction.CommonUIActions.click is PASSED

2018-06-14 19:04:42 - [TEST_STEP][PASSED] - delay: Delayed 10 second(s)

2018-06-14 19:04:52 - [MESSAGE][PASSED] - Delayed 10 second(s)

2018-06-14 19:04:52 - [TEST_STEP][PASSED] - Statement - groupmain = CustomKeywords.projectSpecific.Reusability.getTestData("ReportingGroupManagementPage", "dummyGroupName1"): projectSpecific.Reusability.getTestData is PASSED

2018-06-14 19:04:52 - [MESSAGE][PASSED] - projectSpecific.Reusability.getTestData is PASSED

2018-06-14 19:04:52 - [TEST_STEP][PASSED] - Statement - driver.findElement(org.openqa.selenium.By.xpath("//span[contains(text(),'" + groupmain + "')]/../../../../span[2]")).click(): null

2018-06-14 19:04:53 - [TEST_STEP][PASSED] - click: Object: 'Object Repository/ReportsPage/timeSelection' is clicked on

2018-06-14 19:04:53 - [MESSAGE][PASSED] - Object: 'Object Repository/ReportsPage/timeSelection' is clicked on

2018-06-14 19:04:53 - [TEST_STEP][PASSED] - click: Object: 'Object Repository/ReportsPage/weekTimeOption' is clicked on

2018-06-14 19:04:53 - [MESSAGE][PASSED] - Object: 'Object Repository/ReportsPage/weekTimeOption' is clicked on

2018-06-14 19:04:53 - [TEST_STEP][PASSED] - click: Object: 'Object Repository/ReportsPage/summaryReportHeading' is clicked on

2018-06-14 19:04:53 - [MESSAGE][PASSED] - Object: 'Object Repository/ReportsPage/summaryReportHeading' is clicked on

2018-06-14 19:04:53 - [TEST_STEP][PASSED] - verifyElementText: Actual text and expected text of test object 'Object Repository/ReportsPage/weekTimeOption' are matched.

2018-06-14 19:04:53 - [MESSAGE][PASSED] - projectSpecific.Reusability.getTestData is PASSED

2018-06-14 19:04:53 - [MESSAGE][PASSED] - Actual text and expected text of test object 'Object Repository/ReportsPage/weekTimeOption' are matched.

2018-06-14 19:04:53 - [TEST_STEP][PASSED] - verifyElementText: Actual text and expected text of test object 'Object Repository/ReportsPage/criteriaTimeMeasure' are matched.

2018-06-14 19:04:53 - [MESSAGE][PASSED] - projectSpecific.Reusability.getTestData is PASSED

2018-06-14 19:04:53 - [MESSAGE][PASSED] - Actual text and expected text of test object 'Object Repository/ReportsPage/criteriaTimeMeasure' are matched.

2018-06-14 19:04:53 - [TEST_STEP][PASSED] - delay: Delayed 5 second(s)

2018-06-14 19:04:58 - [MESSAGE][PASSED] - Delayed 5 second(s)

2018-06-14 19:04:58 - [TEST_STEP][PASSED] - click: Object: 'Object Repository/ReportsPage/fromDateSelector' is clicked on

2018-06-14 19:04:58 - [MESSAGE][PASSED] - Object: 'Object Repository/ReportsPage/fromDateSelector' is clicked on

2018-06-14 19:04:58 - [TEST_STEP][PASSED] - delay: Delayed 5 second(s)

2018-06-14 19:05:03 - [MESSAGE][PASSED] - Delayed 5 second(s)

2018-06-14 19:05:03 - [TEST_STEP][PASSED] - Statement - monthText = com.kms.katalon.core.webui.keyword.WebUiBuiltInKeywords.getText(com.kms.katalon.core.testobject.ObjectRepository.findTestObject(ReportsPage/monthText)): Text of object 'Object Repository/ReportsPage/monthText' is: 'June 2018'

2018-06-14 19:05:03 - [MESSAGE][PASSED] - Text of object 'Object Repository/ReportsPage/monthText' is: 'June 2018'

2018-06-14 19:05:03 - [TEST_STEP][PASSED] - Statement - monthTextArray = monthText.split(" "): null

2018-06-14 19:05:03 - [TEST_STEP][PASSED] - Statement - month = monthTextArray[0]: null

2018-06-14 19:05:03 - [TEST_STEP][PASSED] - Statement - monthTextValue = CustomKeywords.projectSpecific.Reusability.getTestData("ReportsPage", "Month"): projectSpecific.Reusability.getTestData is PASSED

2018-06-14 19:05:03 - [MESSAGE][PASSED] - projectSpecific.Reusability.getTestData is PASSED

2018-06-14 19:05:03 - [TEST_STEP][PASSED] - Statement - If (!(monthTextValue.equals(month))): null

2018-06-14 19:05:03 - [TEST_STEP][PASSED] - Statement - While (!(monthTextValue.equals(month))): null

2018-06-14 19:05:03 - [TEST_STEP][PASSED] - click: Object: 'Object Repository/ReportsPage/previousDateSelector' is clicked on

2018-06-14 19:05:03 - [MESSAGE][PASSED] - Object: 'Object Repository/ReportsPage/previousDateSelector' is clicked on

2018-06-14 19:05:03 - [TEST_STEP][PASSED] - Statement - monthText = com.kms.katalon.core.webui.keyword.WebUiBuiltInKeywords.getText(com.kms.katalon.core.testobject.ObjectRepository.findTestObject(ReportsPage/monthText)): Text of object 'Object Repository/ReportsPage/monthText' is: 'May 2018'

2018-06-14 19:05:03 - [MESSAGE][PASSED] - Text of object 'Object Repository/ReportsPage/monthText' is: 'May 2018'

2018-06-14 19:05:03 - [TEST_STEP][PASSED] - Statement - monthTextArray = monthText.split(" "): null

2018-06-14 19:05:03 - [TEST_STEP][PASSED] - Statement - month = monthTextArray[0]: null

2018-06-14 19:05:03 - [TEST_STEP][PASSED] - click: Object: 'Object Repository/ReportsPage/previousDateSelector' is clicked on

2018-06-14 19:05:03 - [MESSAGE][PASSED] - Object: 'Object Repository/ReportsPage/previousDateSelector' is clicked on

2018-06-14 19:05:03 - [TEST_STEP][PASSED] - Statement - monthText = com.kms.katalon.core.webui.keyword.WebUiBuiltInKeywords.getText(com.kms.katalon.core.testobject.ObjectRepository.findTestObject(ReportsPage/monthText)): Text of object 'Object Repository/ReportsPage/monthText' is: 'April 2018'

2018-06-14 19:05:03 - [MESSAGE][PASSED] - Text of object 'Object Repository/ReportsPage/monthText' is: 'April 2018'

2018-06-14 19:05:03 - [TEST_STEP][PASSED] - Statement - monthTextArray = monthText.split(" "): null

2018-06-14 19:05:03 - [TEST_STEP][PASSED] - Statement - month = monthTextArray[0]: null

2018-06-14 19:05:03 - [TEST_STEP][PASSED] - click: Object: 'Object Repository/ReportsPage/previousDateSelector' is clicked on

2018-06-14 19:05:03 - [MESSAGE][PASSED] - Object: 'Object Repository/ReportsPage/previousDateSelector' is clicked on

2018-06-14 19:05:03 - [TEST_STEP][PASSED] - Statement - monthText = com.kms.katalon.core.webui.keyword.WebUiBuiltInKeywords.getText(com.kms.katalon.core.testobject.ObjectRepository.findTestObject(ReportsPage/monthText)): Text of object 'Object Repository/ReportsPage/monthText' is: 'March 2018'

2018-06-14 19:05:03 - [MESSAGE][PASSED] - Text of object 'Object Repository/ReportsPage/monthText' is: 'March 2018'

2018-06-14 19:05:03 - [TEST_STEP][PASSED] - Statement - monthTextArray = monthText.split(" "): null

2018-06-14 19:05:03 - [TEST_STEP][PASSED] - Statement - month = monthTextArray[0]: null

2018-06-14 19:05:03 - [TEST_STEP][PASSED] - Statement - data = CustomKeywords.projectSpecific.Reusability.getTestData("ReportsPage", "StartDate"): projectSpecific.Reusability.getTestData is PASSED

2018-06-14 19:05:03 - [MESSAGE][PASSED] - projectSpecific.Reusability.getTestData is PASSED

2018-06-14 19:05:03 - [TEST_STEP][PASSED] - Statement - startDate = "(//td[text()='" + data + "'])[1]": null

2018-06-14 19:05:03 - [TEST_STEP][PASSED] - Statement - println(startDate): null

2018-06-14 19:05:03 - [TEST_STEP][PASSED] - Statement - startdateEle = driver.findElement(org.openqa.selenium.By.xpath(startDate)): null

2018-06-14 19:05:03 - [TEST_STEP][PASSED] - Statement - startdateEle.click(): null

2018-06-14 19:05:03 - [TEST_STEP][PASSED] - delay: Delayed 5 second(s)

2018-06-14 19:05:08 - [MESSAGE][PASSED] - Delayed 5 second(s)

2018-06-14 19:05:08 - [TEST_STEP][PASSED] - click: Object: 'Object Repository/ReportsPage/toDateSelector' is clicked on

2018-06-14 19:05:08 - [MESSAGE][PASSED] - Object: 'Object Repository/ReportsPage/toDateSelector' is clicked on

2018-06-14 19:05:08 - [TEST_STEP][PASSED] - Statement - monthText = com.kms.katalon.core.webui.keyword.WebUiBuiltInKeywords.getText(com.kms.katalon.core.testobject.ObjectRepository.findTestObject(ReportsPage/monthText2)): Text of object 'Object Repository/ReportsPage/monthText2' is: 'June 2018'

2018-06-14 19:05:08 - [MESSAGE][PASSED] - Text of object 'Object Repository/ReportsPage/monthText2' is: 'June 2018'

2018-06-14 19:05:08 - [TEST_STEP][PASSED] - Statement - monthTextArray = monthText.split(" "): null

2018-06-14 19:05:08 - [TEST_STEP][PASSED] - Statement - month = monthTextArray[0]: null

2018-06-14 19:05:08 - [TEST_STEP][PASSED] - Statement - If (!(monthTextValue.equals(month))): null

2018-06-14 19:05:08 - [TEST_STEP][PASSED] - Statement - While (!(monthTextValue.equals(month))): null

2018-06-14 19:05:08 - [TEST_STEP][PASSED] - click: Object: 'Object Repository/ReportsPage/previousDateSelector2' is clicked on

2018-06-14 19:05:08 - [MESSAGE][PASSED] - Object: 'Object Repository/ReportsPage/previousDateSelector2' is clicked on

2018-06-14 19:05:08 - [TEST_STEP][PASSED] - Statement - monthText = com.kms.katalon.core.webui.keyword.WebUiBuiltInKeywords.getText(com.kms.katalon.core.testobject.ObjectRepository.findTestObject(ReportsPage/monthText2)): Text of object 'Object Repository/ReportsPage/monthText2' is: 'May 2018'

2018-06-14 19:05:08 - [MESSAGE][PASSED] - Text of object 'Object Repository/ReportsPage/monthText2' is: 'May 2018'

2018-06-14 19:05:08 - [TEST_STEP][PASSED] - Statement - monthTextArray = monthText.split(" "): null

2018-06-14 19:05:08 - [TEST_STEP][PASSED] - Statement - month = monthTextArray[0]: null

2018-06-14 19:05:08 - [TEST_STEP][PASSED] - click: Object: 'Object Repository/ReportsPage/previousDateSelector2' is clicked on

2018-06-14 19:05:08 - [MESSAGE][PASSED] - Object: 'Object Repository/ReportsPage/previousDateSelector2' is clicked on

2018-06-14 19:05:08 - [TEST_STEP][PASSED] - Statement - monthText = com.kms.katalon.core.webui.keyword.WebUiBuiltInKeywords.getText(com.kms.katalon.core.testobject.ObjectRepository.findTestObject(ReportsPage/monthText2)): Text of object 'Object Repository/ReportsPage/monthText2' is: 'April 2018'

2018-06-14 19:05:08 - [MESSAGE][PASSED] - Text of object 'Object Repository/ReportsPage/monthText2' is: 'April 2018'

2018-06-14 19:05:08 - [TEST_STEP][PASSED] - Statement - monthTextArray = monthText.split(" "): null

2018-06-14 19:05:08 - [TEST_STEP][PASSED] - Statement - month = monthTextArray[0]: null

2018-06-14 19:05:08 - [TEST_STEP][PASSED] - click: Object: 'Object Repository/ReportsPage/previousDateSelector2' is clicked on

2018-06-14 19:05:09 - [MESSAGE][PASSED] - Object: 'Object Repository/ReportsPage/previousDateSelector2' is clicked on

2018-06-14 19:05:09 - [TEST_STEP][PASSED] - Statement - monthText = com.kms.katalon.core.webui.keyword.WebUiBuiltInKeywords.getText(com.kms.katalon.core.testobject.ObjectRepository.findTestObject(ReportsPage/monthText2)): Text of object 'Object Repository/ReportsPage/monthText2' is: 'March 2018'

2018-06-14 19:05:09 - [MESSAGE][PASSED] - Text of object 'Object Repository/ReportsPage/monthText2' is: 'March 2018'

2018-06-14 19:05:09 - [TEST_STEP][PASSED] - Statement - monthTextArray = monthText.split(" "): null

2018-06-14 19:05:09 - [TEST_STEP][PASSED] - Statement - month = monthTextArray[0]: null

2018-06-14 19:05:09 - [TEST_STEP][PASSED] - Statement - endDate = CustomKeywords.projectSpecific.Reusability.getTestData("ReportsPage", "EndDate"): projectSpecific.Reusability.getTestData is PASSED

2018-06-14 19:05:09 - [MESSAGE][PASSED] - projectSpecific.Reusability.getTestData is PASSED

2018-06-14 19:05:09 - [TEST_STEP][PASSED] - Statement - toDate = "(//td[text()='" + endDate + "'])[2]": null

2018-06-14 19:05:09 - [TEST_STEP][PASSED] - Statement - toDateEle = driver.findElement(org.openqa.selenium.By.xpath(toDate)): null

2018-06-14 19:05:09 - [TEST_STEP][PASSED] - Statement - toDateEle.click(): null

2018-06-14 19:05:09 - [TEST_STEP][PASSED] - delay: Delayed 5 second(s)

2018-06-14 19:05:14 - [MESSAGE][PASSED] - Delayed 5 second(s)

2018-06-14 19:05:14 - [TEST_STEP][PASSED] - Statement - dateAttr = com.kms.katalon.core.webui.keyword.WebUiBuiltInKeywords.getAttribute(com.kms.katalon.core.testobject.ObjectRepository.findTestObject(ReportsPage/selectedDate1), "value"): Attribute 'value' of object 'Object Repository/ReportsPage/selectedDate1' is: '03/01/2018'

2018-06-14 19:05:14 - [MESSAGE][PASSED] - Attribute 'value' of object 'Object Repository/ReportsPage/selectedDate1' is: '03/01/2018'

2018-06-14 19:05:14 - [TEST_STEP][PASSED] - Statement - fromDateValue = CustomKeywords.projectSpecific.Reusability.getTestData("ReportsPage", "fromDate"): projectSpecific.Reusability.getTestData is PASSED

2018-06-14 19:05:14 - [MESSAGE][PASSED] - projectSpecific.Reusability.getTestData is PASSED

2018-06-14 19:05:14 - [TEST_STEP][PASSED] - Statement - If (!(dateAttr.equals(fromDateValue))): null

2018-06-14 19:05:14 - [TEST_STEP][PASSED] - Statement - dateAttr = com.kms.katalon.core.webui.keyword.WebUiBuiltInKeywords.getAttribute(com.kms.katalon.core.testobject.ObjectRepository.findTestObject(ReportsPage/selectedDate2), "value"): Attribute 'value' of object 'Object Repository/ReportsPage/selectedDate2' is: '03/14/2018'

2018-06-14 19:05:14 - [MESSAGE][PASSED] - Attribute 'value' of object 'Object Repository/ReportsPage/selectedDate2' is: '03/14/2018'

2018-06-14 19:05:14 - [TEST_STEP][PASSED] - Statement - toDateValue = CustomKeywords.projectSpecific.Reusability.getTestData("ReportsPage", "toDate"): projectSpecific.Reusability.getTestData is PASSED

2018-06-14 19:05:14 - [MESSAGE][PASSED] - projectSpecific.Reusability.getTestData is PASSED

2018-06-14 19:05:14 - [TEST_STEP][PASSED] - Statement - If (!(dateAttr.equals(toDateValue))): null

2018-06-14 19:05:14 - [TEST_STEP][PASSED] - click: Object: 'Object Repository/ReportsPage/generateReport' is clicked on

2018-06-14 19:05:14 - [MESSAGE][PASSED] - Object: 'Object Repository/ReportsPage/generateReport' is clicked on

2018-06-14 19:05:14 - [TEST_STEP][PASSED] - delay: Delayed 15 second(s)

2018-06-14 19:05:29 - [MESSAGE][PASSED] - Delayed 15 second(s)

2018-06-14 19:05:29 - [TEST_STEP][PASSED] - uiaction.CommonUIActions.click: uiaction.CommonUIActions.click is PASSED

2018-06-14 19:05:29 - [MESSAGE][PASSED] - uiaction.CommonUIActions.click is PASSED

2018-06-14 19:05:29 - [TEST_STEP][PASSED] - delay: Delayed 10 second(s)

2018-06-14 19:05:39 - [MESSAGE][PASSED] - Delayed 10 second(s)

2018-06-14 19:05:39 - [TEST_STEP][PASSED] - uiaction.CommonUIActions.click: uiaction.CommonUIActions.click is PASSED

2018-06-14 19:05:39 - [MESSAGE][PASSED] - uiaction.CommonUIActions.click is PASSED

2018-06-14 19:05:39 - [TEST_STEP][PASSED] - uiaction.CommonUIActions.click: uiaction.CommonUIActions.click is PASSED

2018-06-14 19:05:39 - [MESSAGE][PASSED] - uiaction.CommonUIActions.click is PASSED

2018-06-14 19:05:39 - [TEST_STEP][PASSED] - delay: Delayed 15 second(s)

2018-06-14 19:05:54 - [MESSAGE][PASSED] - Delayed 15 second(s)

2018-06-14 19:05:54 - [TEST_STEP][PASSED] - Statement - s = CustomKeywords.projectSpecific.Reusability.checkemailandverifyattachment(): projectSpecific.Reusability.checkemailandverifyattachment is PASSED

2018-06-14 19:05:54 - [MESSAGE][WARNING] - A browser is already opened. Closing browser and opening a new one

2018-06-14 19:05:57 - [MESSAGE][PASSED] - Browser is opened with url: ''

2018-06-14 19:05:58 - [MESSAGE][PASSED] - Current window maximized

2018-06-14 19:06:00 - [MESSAGE][PASSED] - Navigate to 'https://mail.yahoo.com' successfully

2018-06-14 19:06:10 - [MESSAGE][PASSED] - Delayed 10 second(s)

2018-06-14 19:06:20 - [MESSAGE][PASSED] - Delayed 10 second(s)

2018-06-14 19:06:35 - [MESSAGE][PASSED] - Delayed 15 second(s)

2018-06-14 19:06:54 - [MESSAGE][PASSED] - Delayed 15 second(s)

2018-06-14 19:07:04 - [MESSAGE][PASSED] - Delayed 10 second(s)

2018-06-14 19:07:07 - [MESSAGE][PASSED] - Delayed 2 second(s)

2018-06-14 19:07:17 - [MESSAGE][PASSED] - Delayed 10 second(s)

2018-06-14 19:07:17 - [MESSAGE][PASSED] - projectSpecific.Reusability.checkemailandverifyattachment is PASSED

2018-06-14 19:07:17 - [TEST_STEP][PASSED] - Statement - out.println("the text is---" + s.get(0)): null

2018-06-14 19:07:17 - [TEST_STEP][PASSED] - Statement - englishmatch = s.get(0).substring(0, 7): null

2018-06-14 19:07:17 - [TEST_STEP][PASSED] - Statement - If (englishmatch.contains("W") && englishmatch.contains("e") && englishmatch.contains("e") && englishmatch.contains("k")): null

2018-06-14 19:07:17 - [TEST_STEP][PASSED] - Statement - out.println("Downloaded CSV file  displayed Week report"): null

2018-06-14 19:07:17 - [TEST_STEP][PASSED] - uiaction.CommonUIActions.click: uiaction.CommonUIActions.click is PASSED

2018-06-14 19:07:37 - [MESSAGE][PASSED] - uiaction.CommonUIActions.click is PASSED

2018-06-14 19:07:37 - [TEST_STEP][PASSED] - delay: Delayed 5 second(s)

2018-06-14 19:07:42 - [MESSAGE][PASSED] - Delayed 5 second(s)

2018-06-14 19:07:42 - [TEST_STEP][PASSED] - uiaction.CommonUIActions.click: uiaction.CommonUIActions.click is PASSED

2018-06-14 19:08:03 - [MESSAGE][PASSED] - uiaction.CommonUIActions.click is PASSED

2018-06-14 19:08:03 - [TEST_STEP][PASSED] - delay: Delayed 5 second(s)

2018-06-14 19:08:08 - [MESSAGE][PASSED] - Delayed 5 second(s)

2018-06-14 19:08:08 - [TEST_STEP][PASSED] - uiaction.CommonUIActions.click: uiaction.CommonUIActions.click is PASSED

2018-06-14 19:08:28 - [MESSAGE][PASSED] - uiaction.CommonUIActions.click is PASSED

2018-06-14 19:08:28 - [TEST_STEP][PASSED] - delay: Delayed 10 second(s)

2018-06-14 19:08:38 - [MESSAGE][PASSED] - Delayed 10 second(s)

2018-06-14 19:08:38 - [TEST_STEP][PASSED] - uiaction.CommonUIActions.click: uiaction.CommonUIActions.click is PASSED

2018-06-14 19:08:58 - [MESSAGE][PASSED] - uiaction.CommonUIActions.click is PASSED

2018-06-14 19:08:58 - [TEST_STEP][PASSED] - delay: Delayed 5 second(s)

2018-06-14 19:09:03 - [MESSAGE][PASSED] - Delayed 5 second(s)

2018-06-14 19:09:03 - [TEST_STEP][PASSED] - uiaction.CommonUIActions.click: uiaction.CommonUIActions.click is PASSED

2018-06-14 19:09:24 - [MESSAGE][PASSED] - uiaction.CommonUIActions.click is PASSED

2018-06-14 19:09:24 - [TEST_STEP][PASSED] - uiaction.CommonUIActions.click: uiaction.CommonUIActions.click is PASSED

2018-06-14 19:09:44 - [MESSAGE][PASSED] - uiaction.CommonUIActions.click is PASSED

2018-06-14 19:09:44 - [TEST_STEP][PASSED] - uiaction.CommonUIActions.click: uiaction.CommonUIActions.click is PASSED

2018-06-14 19:10:04 - [MESSAGE][PASSED] - uiaction.CommonUIActions.click is PASSED

2018-06-14 19:10:04 - [TEST_STEP][PASSED] - Statement - assert TCflag == true: null

2018-06-14 19:10:04 - [TEST_STEP][PASSED] - Start listener action : sampleAfterTestCase: Browser is closed

2018-06-14 19:10:04 - [TEST_STEP][PASSED] - Statement - println(testCaseContext.getTestCaseId()): null

2018-06-14 19:10:04 - [TEST_STEP][PASSED] - Statement - println(testCaseContext.getTestCaseStatus()): null

2018-06-14 19:10:04 - [TEST_STEP][PASSED] - closeBrowser: Browser is closed

2018-06-14 19:10:05 - [MESSAGE][PASSED] - Browser is closed]]></system-out>
         <system-err><![CDATA[2018-06-14 19:00:36 - [TEST_CASE][FAILED] - Test Cases/SummaryReportsTC/HME-Summary Report-02: Test Cases/SummaryReportsTC/HME-Summary Report-02 FAILED because (of) Unable to move mouse over object 'Object Repository/ReportsPage/mouseOver' (Root cause: com.kms.katalon.core.webui.exception.WebElementNotFoundException: Web element with id: 'Object Repository/ReportsPage/mouseOver' located by 'By.xpath: //span[@class='storesDots']' not found)]]></system-err>
      </testcase>
      <testcase name="Test Cases/SummaryReportsTC/HME-Summary Report-03" classname="Test Cases/SummaryReportsTC/HME-Summary Report-03" status="FAILED">
         <failure type="FAILED" message="Unable to verify match between actual text 'dummyAutomationGroup1' and expected text 'Total Day' (Root cause: Actual text 'dummyAutomationGroup1' and expected text 'Total Day' are not matched)"/>
         <system-out><![CDATA[2018-06-14 19:10:05 - [TEST_CASE][FAILED] - Test Cases/SummaryReportsTC/HME-Summary Report-03: Test Cases/SummaryReportsTC/HME-Summary Report-03 FAILED because (of) Unable to verify match between actual text 'dummyAutomationGroup1' and expected text 'Total Day' (Root cause: Actual text 'dummyAutomationGroup1' and expected text 'Total Day' are not matched)

2018-06-14 19:10:05 - [TEST_STEP][PASSED] - Start listener action : sampleBeforeTestCase: uiaction.CommonUIActions.deleteAllCookies is PASSED

2018-06-14 19:10:05 - [TEST_STEP][PASSED] - openBrowser: Browser is opened with url: ''

2018-06-14 19:10:07 - [MESSAGE][PASSED] - Browser is opened with url: ''

2018-06-14 19:10:07 - [TEST_STEP][PASSED] - maximizeWindow: Current window maximized

2018-06-14 19:10:09 - [MESSAGE][PASSED] - Current window maximized

2018-06-14 19:10:09 - [TEST_STEP][PASSED] - uiaction.CommonUIActions.deleteAllCookies: uiaction.CommonUIActions.deleteAllCookies is PASSED

2018-06-14 19:10:09 - [MESSAGE][PASSED] - Delete all cookies successfully

2018-06-14 19:10:09 - [MESSAGE][PASSED] - uiaction.CommonUIActions.deleteAllCookies is PASSED

2018-06-14 19:10:09 - [TEST_STEP][PASSED] - Statement - TCflag = true: null

2018-06-14 19:10:09 - [TEST_STEP][FAILED] - Statement - Try: uiaction.CommonUIActions.click is PASSED

2018-06-14 19:10:09 - [TEST_STEP][PASSED] - navigateToUrl: Navigate to 'https://hme-dev-public-cloud-app.azurewebsites.net/' successfully

2018-06-14 19:10:12 - [MESSAGE][PASSED] - Navigate to 'https://hme-dev-public-cloud-app.azurewebsites.net/' successfully

2018-06-14 19:10:12 - [TEST_STEP][PASSED] - delay: Delayed 5 second(s)

2018-06-14 19:10:17 - [MESSAGE][PASSED] - Delayed 5 second(s)

2018-06-14 19:10:17 - [TEST_STEP][PASSED] - projectSpecific.Reusability.login: projectSpecific.Reusability.login is PASSED

2018-06-14 19:10:17 - [MESSAGE][PASSED] - projectSpecific.Reusability.getTestData is PASSED

2018-06-14 19:10:17 - [MESSAGE][PASSED] - projectSpecific.Reusability.getTestData is PASSED

2018-06-14 19:10:17 - [MESSAGE][PASSED] - Text 'selvendrank@nousinfo.com' is set on object 'Object Repository/LoginPage/Username'

2018-06-14 19:10:17 - [MESSAGE][PASSED] - Text 'nous;123' is set on object 'Object Repository/LoginPage/Password'

2018-06-14 19:10:17 - [MESSAGE][PASSED] - Object: 'Object Repository/LoginPage/Login' is clicked on

2018-06-14 19:10:17 - [MESSAGE][PASSED] - projectSpecific.Reusability.login is PASSED

2018-06-14 19:10:17 - [TEST_STEP][PASSED] - delay: Delayed 15 second(s)

2018-06-14 19:10:32 - [MESSAGE][PASSED] - Delayed 15 second(s)

2018-06-14 19:10:32 - [TEST_STEP][PASSED] - Statement - driver = com.kms.katalon.core.webui.driver.DriverFactory.getWebDriver(): null

2018-06-14 19:10:32 - [TEST_STEP][PASSED] - uiaction.CommonUIActions.click: uiaction.CommonUIActions.click is PASSED

2018-06-14 19:10:38 - [MESSAGE][PASSED] - uiaction.CommonUIActions.click is PASSED

2018-06-14 19:10:38 - [TEST_STEP][PASSED] - delay: Delayed 10 second(s)

2018-06-14 19:10:48 - [MESSAGE][PASSED] - Delayed 10 second(s)

2018-06-14 19:10:48 - [TEST_STEP][PASSED] - uiaction.CommonUIActions.click: uiaction.CommonUIActions.click is PASSED

2018-06-14 19:11:01 - [MESSAGE][PASSED] - uiaction.CommonUIActions.click is PASSED

2018-06-14 19:11:01 - [TEST_STEP][PASSED] - delay: Delayed 15 second(s)

2018-06-14 19:11:16 - [MESSAGE][PASSED] - Delayed 15 second(s)

2018-06-14 19:11:16 - [TEST_STEP][PASSED] - uiaction.CommonUIActions.click: uiaction.CommonUIActions.click is PASSED

2018-06-14 19:11:18 - [MESSAGE][PASSED] - uiaction.CommonUIActions.click is PASSED

2018-06-14 19:11:18 - [TEST_STEP][PASSED] - delay: Delayed 10 second(s)

2018-06-14 19:11:28 - [MESSAGE][PASSED] - Delayed 10 second(s)

2018-06-14 19:11:28 - [TEST_STEP][PASSED] - uiaction.CommonUIActions.click: uiaction.CommonUIActions.click is PASSED

2018-06-14 19:11:28 - [MESSAGE][PASSED] - uiaction.CommonUIActions.click is PASSED

2018-06-14 19:11:28 - [TEST_STEP][PASSED] - uiaction.CommonUIActions.enter: uiaction.CommonUIActions.enter is PASSED

2018-06-14 19:11:28 - [MESSAGE][PASSED] - projectSpecific.Reusability.getTestData is PASSED

2018-06-14 19:11:28 - [MESSAGE][PASSED] - uiaction.CommonUIActions.enter is PASSED

2018-06-14 19:11:28 - [TEST_STEP][PASSED] - uiaction.CommonUIActions.enter: uiaction.CommonUIActions.enter is PASSED

2018-06-14 19:11:28 - [MESSAGE][PASSED] - projectSpecific.Reusability.getTestData is PASSED

2018-06-14 19:11:28 - [MESSAGE][PASSED] - uiaction.CommonUIActions.enter is PASSED

2018-06-14 19:11:28 - [TEST_STEP][PASSED] - delay: Delayed 10 second(s)

2018-06-14 19:11:38 - [MESSAGE][PASSED] - Delayed 10 second(s)

2018-06-14 19:11:38 - [TEST_STEP][PASSED] - Statement - grouplist = driver.findElements(org.openqa.selenium.By.xpath("//ul[@class='unlinked-grouplist']/li")): null

2018-06-14 19:11:38 - [TEST_STEP][PASSED] - delay: Delayed 10 second(s)

2018-06-14 19:11:48 - [MESSAGE][PASSED] - Delayed 10 second(s)

2018-06-14 19:11:48 - [TEST_STEP][PASSED] - Statement - size = grouplist.size(): null

2018-06-14 19:11:48 - [TEST_STEP][PASSED] - Statement - index = 0: null

2018-06-14 19:11:48 - [TEST_STEP][PASSED] - Statement - pattern = java.util.regex.Pattern.compile("[0-9]+"): null

2018-06-14 19:11:48 - [TEST_STEP][PASSED] - Statement - count = 0: null

2018-06-14 19:11:48 - [TEST_STEP][PASSED] - Statement - For ([i = 0, i < grouplist.size(), (i++)]): null

2018-06-14 19:11:48 - [TEST_STEP][PASSED] - Statement - txt = grouplist.get(i).getText(): null

2018-06-14 19:11:48 - [TEST_STEP][PASSED] - Statement - index = i + 1: null

2018-06-14 19:11:48 - [TEST_STEP][PASSED] - Statement - matched = pattern.matcher(txt).matches(): null

2018-06-14 19:11:48 - [TEST_STEP][PASSED] - Statement - If (matched): null

2018-06-14 19:11:48 - [TEST_STEP][PASSED] - Statement - txt = grouplist.get(i).getText(): null

2018-06-14 19:11:48 - [TEST_STEP][PASSED] - Statement - index = i + 1: null

2018-06-14 19:11:48 - [TEST_STEP][PASSED] - Statement - matched = pattern.matcher(txt).matches(): null

2018-06-14 19:11:48 - [TEST_STEP][PASSED] - Statement - If (matched): null

2018-06-14 19:11:48 - [TEST_STEP][PASSED] - Statement - txt = grouplist.get(i).getText(): null

2018-06-14 19:11:48 - [TEST_STEP][PASSED] - Statement - index = i + 1: null

2018-06-14 19:11:48 - [TEST_STEP][PASSED] - Statement - matched = pattern.matcher(txt).matches(): null

2018-06-14 19:11:48 - [TEST_STEP][PASSED] - Statement - If (matched): null

2018-06-14 19:11:48 - [TEST_STEP][PASSED] - Statement - txt = grouplist.get(i).getText(): null

2018-06-14 19:11:48 - [TEST_STEP][PASSED] - Statement - index = i + 1: null

2018-06-14 19:11:48 - [TEST_STEP][PASSED] - Statement - matched = pattern.matcher(txt).matches(): null

2018-06-14 19:11:48 - [TEST_STEP][PASSED] - Statement - If (matched): null

2018-06-14 19:11:48 - [TEST_STEP][PASSED] - Statement - txt = grouplist.get(i).getText(): null

2018-06-14 19:11:48 - [TEST_STEP][PASSED] - Statement - index = i + 1: null

2018-06-14 19:11:48 - [TEST_STEP][PASSED] - Statement - matched = pattern.matcher(txt).matches(): null

2018-06-14 19:11:48 - [TEST_STEP][PASSED] - Statement - If (matched): null

2018-06-14 19:11:48 - [TEST_STEP][PASSED] - Statement - txt = grouplist.get(i).getText(): null

2018-06-14 19:11:48 - [TEST_STEP][PASSED] - Statement - index = i + 1: null

2018-06-14 19:11:48 - [TEST_STEP][PASSED] - Statement - matched = pattern.matcher(txt).matches(): null

2018-06-14 19:11:48 - [TEST_STEP][PASSED] - Statement - If (matched): null

2018-06-14 19:11:48 - [TEST_STEP][PASSED] - Statement - txt = grouplist.get(i).getText(): null

2018-06-14 19:11:48 - [TEST_STEP][PASSED] - Statement - index = i + 1: null

2018-06-14 19:11:48 - [TEST_STEP][PASSED] - Statement - matched = pattern.matcher(txt).matches(): null

2018-06-14 19:11:48 - [TEST_STEP][PASSED] - Statement - If (matched): null

2018-06-14 19:11:48 - [TEST_STEP][PASSED] - Statement - txt = grouplist.get(i).getText(): null

2018-06-14 19:11:48 - [TEST_STEP][PASSED] - Statement - index = i + 1: null

2018-06-14 19:11:48 - [TEST_STEP][PASSED] - Statement - matched = pattern.matcher(txt).matches(): null

2018-06-14 19:11:48 - [TEST_STEP][PASSED] - Statement - If (matched): null

2018-06-14 19:11:48 - [TEST_STEP][PASSED] - Statement - txt = grouplist.get(i).getText(): null

2018-06-14 19:11:48 - [TEST_STEP][PASSED] - Statement - index = i + 1: null

2018-06-14 19:11:48 - [TEST_STEP][PASSED] - Statement - matched = pattern.matcher(txt).matches(): null

2018-06-14 19:11:48 - [TEST_STEP][PASSED] - Statement - If (matched): null

2018-06-14 19:11:48 - [TEST_STEP][PASSED] - Statement - txt = grouplist.get(i).getText(): null

2018-06-14 19:11:48 - [TEST_STEP][PASSED] - Statement - index = i + 1: null

2018-06-14 19:11:48 - [TEST_STEP][PASSED] - Statement - matched = pattern.matcher(txt).matches(): null

2018-06-14 19:11:48 - [TEST_STEP][PASSED] - Statement - If (matched): null

2018-06-14 19:11:48 - [TEST_STEP][PASSED] - Statement - txt = grouplist.get(i).getText(): null

2018-06-14 19:11:48 - [TEST_STEP][PASSED] - Statement - index = i + 1: null

2018-06-14 19:11:48 - [TEST_STEP][PASSED] - Statement - matched = pattern.matcher(txt).matches(): null

2018-06-14 19:11:48 - [TEST_STEP][PASSED] - Statement - If (matched): null

2018-06-14 19:11:48 - [TEST_STEP][PASSED] - Statement - txt = grouplist.get(i).getText(): null

2018-06-14 19:11:48 - [TEST_STEP][PASSED] - Statement - index = i + 1: null

2018-06-14 19:11:48 - [TEST_STEP][PASSED] - Statement - matched = pattern.matcher(txt).matches(): null

2018-06-14 19:11:48 - [TEST_STEP][PASSED] - Statement - If (matched): null

2018-06-14 19:11:48 - [TEST_STEP][PASSED] - Statement - txt = grouplist.get(i).getText(): null

2018-06-14 19:11:48 - [TEST_STEP][PASSED] - Statement - index = i + 1: null

2018-06-14 19:11:48 - [TEST_STEP][PASSED] - Statement - matched = pattern.matcher(txt).matches(): null

2018-06-14 19:11:48 - [TEST_STEP][PASSED] - Statement - If (matched): null

2018-06-14 19:11:48 - [TEST_STEP][PASSED] - Statement - txt = grouplist.get(i).getText(): null

2018-06-14 19:11:48 - [TEST_STEP][PASSED] - Statement - index = i + 1: null

2018-06-14 19:11:48 - [TEST_STEP][PASSED] - Statement - matched = pattern.matcher(txt).matches(): null

2018-06-14 19:11:48 - [TEST_STEP][PASSED] - Statement - If (matched): null

2018-06-14 19:11:48 - [TEST_STEP][PASSED] - Statement - txt = grouplist.get(i).getText(): null

2018-06-14 19:11:48 - [TEST_STEP][PASSED] - Statement - index = i + 1: null

2018-06-14 19:11:48 - [TEST_STEP][PASSED] - Statement - matched = pattern.matcher(txt).matches(): null

2018-06-14 19:11:48 - [TEST_STEP][PASSED] - Statement - If (matched): null

2018-06-14 19:11:48 - [TEST_STEP][PASSED] - Statement - txt = grouplist.get(i).getText(): null

2018-06-14 19:11:48 - [TEST_STEP][PASSED] - Statement - index = i + 1: null

2018-06-14 19:11:48 - [TEST_STEP][PASSED] - Statement - matched = pattern.matcher(txt).matches(): null

2018-06-14 19:11:48 - [TEST_STEP][PASSED] - Statement - If (matched): null

2018-06-14 19:11:48 - [TEST_STEP][PASSED] - Statement - txt = grouplist.get(i).getText(): null

2018-06-14 19:11:48 - [TEST_STEP][PASSED] - Statement - index = i + 1: null

2018-06-14 19:11:48 - [TEST_STEP][PASSED] - Statement - matched = pattern.matcher(txt).matches(): null

2018-06-14 19:11:48 - [TEST_STEP][PASSED] - Statement - If (matched): null

2018-06-14 19:11:48 - [TEST_STEP][PASSED] - Statement - txt = grouplist.get(i).getText(): null

2018-06-14 19:11:48 - [TEST_STEP][PASSED] - Statement - index = i + 1: null

2018-06-14 19:11:48 - [TEST_STEP][PASSED] - Statement - matched = pattern.matcher(txt).matches(): null

2018-06-14 19:11:48 - [TEST_STEP][PASSED] - Statement - If (matched): null

2018-06-14 19:11:48 - [TEST_STEP][PASSED] - Statement - txt = grouplist.get(i).getText(): null

2018-06-14 19:11:48 - [TEST_STEP][PASSED] - Statement - index = i + 1: null

2018-06-14 19:11:48 - [TEST_STEP][PASSED] - Statement - matched = pattern.matcher(txt).matches(): null

2018-06-14 19:11:48 - [TEST_STEP][PASSED] - Statement - If (matched): null

2018-06-14 19:11:48 - [TEST_STEP][PASSED] - Statement - driver.findElement(org.openqa.selenium.By.xpath("(//ul[@class='unlinked-grouplist']/li/label)[" + index + "]")).click(): null

2018-06-14 19:11:48 - [TEST_STEP][PASSED] - Statement - (count++): null

2018-06-14 19:11:48 - [TEST_STEP][PASSED] - Statement - If (count > 60): null

2018-06-14 19:11:48 - [TEST_STEP][PASSED] - Statement - txt = grouplist.get(i).getText(): null

2018-06-14 19:11:48 - [TEST_STEP][PASSED] - Statement - index = i + 1: null

2018-06-14 19:11:48 - [TEST_STEP][PASSED] - Statement - matched = pattern.matcher(txt).matches(): null

2018-06-14 19:11:48 - [TEST_STEP][PASSED] - Statement - If (matched): null

2018-06-14 19:11:48 - [TEST_STEP][PASSED] - Statement - driver.findElement(org.openqa.selenium.By.xpath("(//ul[@class='unlinked-grouplist']/li/label)[" + index + "]")).click(): null

2018-06-14 19:11:48 - [TEST_STEP][PASSED] - Statement - (count++): null

2018-06-14 19:11:48 - [TEST_STEP][PASSED] - Statement - If (count > 60): null

2018-06-14 19:11:48 - [TEST_STEP][PASSED] - Statement - txt = grouplist.get(i).getText(): null

2018-06-14 19:11:48 - [TEST_STEP][PASSED] - Statement - index = i + 1: null

2018-06-14 19:11:48 - [TEST_STEP][PASSED] - Statement - matched = pattern.matcher(txt).matches(): null

2018-06-14 19:11:48 - [TEST_STEP][PASSED] - Statement - If (matched): null

2018-06-14 19:11:48 - [TEST_STEP][PASSED] - Statement - driver.findElement(org.openqa.selenium.By.xpath("(//ul[@class='unlinked-grouplist']/li/label)[" + index + "]")).click(): null

2018-06-14 19:11:49 - [TEST_STEP][PASSED] - Statement - (count++): null

2018-06-14 19:11:49 - [TEST_STEP][PASSED] - Statement - If (count > 60): null

2018-06-14 19:11:49 - [TEST_STEP][PASSED] - Statement - txt = grouplist.get(i).getText(): null

2018-06-14 19:11:49 - [TEST_STEP][PASSED] - Statement - index = i + 1: null

2018-06-14 19:11:49 - [TEST_STEP][PASSED] - Statement - matched = pattern.matcher(txt).matches(): null

2018-06-14 19:11:49 - [TEST_STEP][PASSED] - Statement - If (matched): null

2018-06-14 19:11:49 - [TEST_STEP][PASSED] - Statement - driver.findElement(org.openqa.selenium.By.xpath("(//ul[@class='unlinked-grouplist']/li/label)[" + index + "]")).click(): null

2018-06-14 19:11:49 - [TEST_STEP][PASSED] - Statement - (count++): null

2018-06-14 19:11:49 - [TEST_STEP][PASSED] - Statement - If (count > 60): null

2018-06-14 19:11:49 - [TEST_STEP][PASSED] - Statement - txt = grouplist.get(i).getText(): null

2018-06-14 19:11:49 - [TEST_STEP][PASSED] - Statement - index = i + 1: null

2018-06-14 19:11:49 - [TEST_STEP][PASSED] - Statement - matched = pattern.matcher(txt).matches(): null

2018-06-14 19:11:49 - [TEST_STEP][PASSED] - Statement - If (matched): null

2018-06-14 19:11:49 - [TEST_STEP][PASSED] - Statement - driver.findElement(org.openqa.selenium.By.xpath("(//ul[@class='unlinked-grouplist']/li/label)[" + index + "]")).click(): null

2018-06-14 19:11:49 - [TEST_STEP][PASSED] - Statement - (count++): null

2018-06-14 19:11:49 - [TEST_STEP][PASSED] - Statement - If (count > 60): null

2018-06-14 19:11:49 - [TEST_STEP][PASSED] - Statement - txt = grouplist.get(i).getText(): null

2018-06-14 19:11:49 - [TEST_STEP][PASSED] - Statement - index = i + 1: null

2018-06-14 19:11:49 - [TEST_STEP][PASSED] - Statement - matched = pattern.matcher(txt).matches(): null

2018-06-14 19:11:49 - [TEST_STEP][PASSED] - Statement - If (matched): null

2018-06-14 19:11:49 - [TEST_STEP][PASSED] - Statement - driver.findElement(org.openqa.selenium.By.xpath("(//ul[@class='unlinked-grouplist']/li/label)[" + index + "]")).click(): null

2018-06-14 19:11:49 - [TEST_STEP][PASSED] - Statement - (count++): null

2018-06-14 19:11:49 - [TEST_STEP][PASSED] - Statement - If (count > 60): null

2018-06-14 19:11:49 - [TEST_STEP][PASSED] - Statement - txt = grouplist.get(i).getText(): null

2018-06-14 19:11:49 - [TEST_STEP][PASSED] - Statement - index = i + 1: null

2018-06-14 19:11:49 - [TEST_STEP][PASSED] - Statement - matched = pattern.matcher(txt).matches(): null

2018-06-14 19:11:49 - [TEST_STEP][PASSED] - Statement - If (matched): null

2018-06-14 19:11:49 - [TEST_STEP][PASSED] - Statement - driver.findElement(org.openqa.selenium.By.xpath("(//ul[@class='unlinked-grouplist']/li/label)[" + index + "]")).click(): null

2018-06-14 19:11:49 - [TEST_STEP][PASSED] - Statement - (count++): null

2018-06-14 19:11:49 - [TEST_STEP][PASSED] - Statement - If (count > 60): null

2018-06-14 19:11:49 - [TEST_STEP][PASSED] - Statement - txt = grouplist.get(i).getText(): null

2018-06-14 19:11:49 - [TEST_STEP][PASSED] - Statement - index = i + 1: null

2018-06-14 19:11:49 - [TEST_STEP][PASSED] - Statement - matched = pattern.matcher(txt).matches(): null

2018-06-14 19:11:49 - [TEST_STEP][PASSED] - Statement - If (matched): null

2018-06-14 19:11:49 - [TEST_STEP][PASSED] - Statement - driver.findElement(org.openqa.selenium.By.xpath("(//ul[@class='unlinked-grouplist']/li/label)[" + index + "]")).click(): null

2018-06-14 19:11:49 - [TEST_STEP][PASSED] - Statement - (count++): null

2018-06-14 19:11:49 - [TEST_STEP][PASSED] - Statement - If (count > 60): null

2018-06-14 19:11:49 - [TEST_STEP][PASSED] - Statement - txt = grouplist.get(i).getText(): null

2018-06-14 19:11:49 - [TEST_STEP][PASSED] - Statement - index = i + 1: null

2018-06-14 19:11:49 - [TEST_STEP][PASSED] - Statement - matched = pattern.matcher(txt).matches(): null

2018-06-14 19:11:49 - [TEST_STEP][PASSED] - Statement - If (matched): null

2018-06-14 19:11:49 - [TEST_STEP][PASSED] - Statement - driver.findElement(org.openqa.selenium.By.xpath("(//ul[@class='unlinked-grouplist']/li/label)[" + index + "]")).click(): null

2018-06-14 19:11:49 - [TEST_STEP][PASSED] - Statement - (count++): null

2018-06-14 19:11:49 - [TEST_STEP][PASSED] - Statement - If (count > 60): null

2018-06-14 19:11:49 - [TEST_STEP][PASSED] - Statement - txt = grouplist.get(i).getText(): null

2018-06-14 19:11:49 - [TEST_STEP][PASSED] - Statement - index = i + 1: null

2018-06-14 19:11:49 - [TEST_STEP][PASSED] - Statement - matched = pattern.matcher(txt).matches(): null

2018-06-14 19:11:49 - [TEST_STEP][PASSED] - Statement - If (matched): null

2018-06-14 19:11:49 - [TEST_STEP][PASSED] - Statement - driver.findElement(org.openqa.selenium.By.xpath("(//ul[@class='unlinked-grouplist']/li/label)[" + index + "]")).click(): null

2018-06-14 19:11:49 - [TEST_STEP][PASSED] - Statement - (count++): null

2018-06-14 19:11:49 - [TEST_STEP][PASSED] - Statement - If (count > 60): null

2018-06-14 19:11:49 - [TEST_STEP][PASSED] - Statement - txt = grouplist.get(i).getText(): null

2018-06-14 19:11:49 - [TEST_STEP][PASSED] - Statement - index = i + 1: null

2018-06-14 19:11:49 - [TEST_STEP][PASSED] - Statement - matched = pattern.matcher(txt).matches(): null

2018-06-14 19:11:49 - [TEST_STEP][PASSED] - Statement - If (matched): null

2018-06-14 19:11:49 - [TEST_STEP][PASSED] - Statement - driver.findElement(org.openqa.selenium.By.xpath("(//ul[@class='unlinked-grouplist']/li/label)[" + index + "]")).click(): null

2018-06-14 19:11:49 - [TEST_STEP][PASSED] - Statement - (count++): null

2018-06-14 19:11:49 - [TEST_STEP][PASSED] - Statement - If (count > 60): null

2018-06-14 19:11:49 - [TEST_STEP][PASSED] - Statement - txt = grouplist.get(i).getText(): null

2018-06-14 19:11:49 - [TEST_STEP][PASSED] - Statement - index = i + 1: null

2018-06-14 19:11:49 - [TEST_STEP][PASSED] - Statement - matched = pattern.matcher(txt).matches(): null

2018-06-14 19:11:49 - [TEST_STEP][PASSED] - Statement - If (matched): null

2018-06-14 19:11:49 - [TEST_STEP][PASSED] - Statement - driver.findElement(org.openqa.selenium.By.xpath("(//ul[@class='unlinked-grouplist']/li/label)[" + index + "]")).click(): null

2018-06-14 19:11:49 - [TEST_STEP][PASSED] - Statement - (count++): null

2018-06-14 19:11:49 - [TEST_STEP][PASSED] - Statement - If (count > 60): null

2018-06-14 19:11:49 - [TEST_STEP][PASSED] - Statement - txt = grouplist.get(i).getText(): null

2018-06-14 19:11:49 - [TEST_STEP][PASSED] - Statement - index = i + 1: null

2018-06-14 19:11:49 - [TEST_STEP][PASSED] - Statement - matched = pattern.matcher(txt).matches(): null

2018-06-14 19:11:49 - [TEST_STEP][PASSED] - Statement - If (matched): null

2018-06-14 19:11:49 - [TEST_STEP][PASSED] - Statement - driver.findElement(org.openqa.selenium.By.xpath("(//ul[@class='unlinked-grouplist']/li/label)[" + index + "]")).click(): null

2018-06-14 19:11:49 - [TEST_STEP][PASSED] - Statement - (count++): null

2018-06-14 19:11:49 - [TEST_STEP][PASSED] - Statement - If (count > 60): null

2018-06-14 19:11:49 - [TEST_STEP][PASSED] - Statement - txt = grouplist.get(i).getText(): null

2018-06-14 19:11:49 - [TEST_STEP][PASSED] - Statement - index = i + 1: null

2018-06-14 19:11:49 - [TEST_STEP][PASSED] - Statement - matched = pattern.matcher(txt).matches(): null

2018-06-14 19:11:49 - [TEST_STEP][PASSED] - Statement - If (matched): null

2018-06-14 19:11:49 - [TEST_STEP][PASSED] - Statement - driver.findElement(org.openqa.selenium.By.xpath("(//ul[@class='unlinked-grouplist']/li/label)[" + index + "]")).click(): null

2018-06-14 19:11:49 - [TEST_STEP][PASSED] - Statement - (count++): null

2018-06-14 19:11:49 - [TEST_STEP][PASSED] - Statement - If (count > 60): null

2018-06-14 19:11:49 - [TEST_STEP][PASSED] - Statement - txt = grouplist.get(i).getText(): null

2018-06-14 19:11:49 - [TEST_STEP][PASSED] - Statement - index = i + 1: null

2018-06-14 19:11:49 - [TEST_STEP][PASSED] - Statement - matched = pattern.matcher(txt).matches(): null

2018-06-14 19:11:49 - [TEST_STEP][PASSED] - Statement - If (matched): null

2018-06-14 19:11:49 - [TEST_STEP][PASSED] - Statement - driver.findElement(org.openqa.selenium.By.xpath("(//ul[@class='unlinked-grouplist']/li/label)[" + index + "]")).click(): null

2018-06-14 19:11:49 - [TEST_STEP][PASSED] - Statement - (count++): null

2018-06-14 19:11:49 - [TEST_STEP][PASSED] - Statement - If (count > 60): null

2018-06-14 19:11:49 - [TEST_STEP][PASSED] - Statement - txt = grouplist.get(i).getText(): null

2018-06-14 19:11:49 - [TEST_STEP][PASSED] - Statement - index = i + 1: null

2018-06-14 19:11:49 - [TEST_STEP][PASSED] - Statement - matched = pattern.matcher(txt).matches(): null

2018-06-14 19:11:49 - [TEST_STEP][PASSED] - Statement - If (matched): null

2018-06-14 19:11:49 - [TEST_STEP][PASSED] - Statement - driver.findElement(org.openqa.selenium.By.xpath("(//ul[@class='unlinked-grouplist']/li/label)[" + index + "]")).click(): null

2018-06-14 19:11:50 - [TEST_STEP][PASSED] - Statement - (count++): null

2018-06-14 19:11:50 - [TEST_STEP][PASSED] - Statement - If (count > 60): null

2018-06-14 19:11:50 - [TEST_STEP][PASSED] - Statement - txt = grouplist.get(i).getText(): null

2018-06-14 19:11:50 - [TEST_STEP][PASSED] - Statement - index = i + 1: null

2018-06-14 19:11:50 - [TEST_STEP][PASSED] - Statement - matched = pattern.matcher(txt).matches(): null

2018-06-14 19:11:50 - [TEST_STEP][PASSED] - Statement - If (matched): null

2018-06-14 19:11:50 - [TEST_STEP][PASSED] - Statement - driver.findElement(org.openqa.selenium.By.xpath("(//ul[@class='unlinked-grouplist']/li/label)[" + index + "]")).click(): null

2018-06-14 19:11:50 - [TEST_STEP][PASSED] - Statement - (count++): null

2018-06-14 19:11:50 - [TEST_STEP][PASSED] - Statement - If (count > 60): null

2018-06-14 19:11:50 - [TEST_STEP][PASSED] - Statement - txt = grouplist.get(i).getText(): null

2018-06-14 19:11:50 - [TEST_STEP][PASSED] - Statement - index = i + 1: null

2018-06-14 19:11:50 - [TEST_STEP][PASSED] - Statement - matched = pattern.matcher(txt).matches(): null

2018-06-14 19:11:50 - [TEST_STEP][PASSED] - Statement - If (matched): null

2018-06-14 19:11:50 - [TEST_STEP][PASSED] - Statement - driver.findElement(org.openqa.selenium.By.xpath("(//ul[@class='unlinked-grouplist']/li/label)[" + index + "]")).click(): null

2018-06-14 19:11:50 - [TEST_STEP][PASSED] - Statement - (count++): null

2018-06-14 19:11:50 - [TEST_STEP][PASSED] - Statement - If (count > 60): null

2018-06-14 19:11:50 - [TEST_STEP][PASSED] - Statement - txt = grouplist.get(i).getText(): null

2018-06-14 19:11:50 - [TEST_STEP][PASSED] - Statement - index = i + 1: null

2018-06-14 19:11:50 - [TEST_STEP][PASSED] - Statement - matched = pattern.matcher(txt).matches(): null

2018-06-14 19:11:50 - [TEST_STEP][PASSED] - Statement - If (matched): null

2018-06-14 19:11:50 - [TEST_STEP][PASSED] - Statement - driver.findElement(org.openqa.selenium.By.xpath("(//ul[@class='unlinked-grouplist']/li/label)[" + index + "]")).click(): null

2018-06-14 19:11:50 - [TEST_STEP][PASSED] - Statement - (count++): null

2018-06-14 19:11:50 - [TEST_STEP][PASSED] - Statement - If (count > 60): null

2018-06-14 19:11:50 - [TEST_STEP][PASSED] - Statement - txt = grouplist.get(i).getText(): null

2018-06-14 19:11:50 - [TEST_STEP][PASSED] - Statement - index = i + 1: null

2018-06-14 19:11:50 - [TEST_STEP][PASSED] - Statement - matched = pattern.matcher(txt).matches(): null

2018-06-14 19:11:50 - [TEST_STEP][PASSED] - Statement - If (matched): null

2018-06-14 19:11:50 - [TEST_STEP][PASSED] - Statement - driver.findElement(org.openqa.selenium.By.xpath("(//ul[@class='unlinked-grouplist']/li/label)[" + index + "]")).click(): null

2018-06-14 19:11:50 - [TEST_STEP][PASSED] - Statement - (count++): null

2018-06-14 19:11:50 - [TEST_STEP][PASSED] - Statement - If (count > 60): null

2018-06-14 19:11:50 - [TEST_STEP][PASSED] - Statement - txt = grouplist.get(i).getText(): null

2018-06-14 19:11:50 - [TEST_STEP][PASSED] - Statement - index = i + 1: null

2018-06-14 19:11:50 - [TEST_STEP][PASSED] - Statement - matched = pattern.matcher(txt).matches(): null

2018-06-14 19:11:50 - [TEST_STEP][PASSED] - Statement - If (matched): null

2018-06-14 19:11:50 - [TEST_STEP][PASSED] - Statement - driver.findElement(org.openqa.selenium.By.xpath("(//ul[@class='unlinked-grouplist']/li/label)[" + index + "]")).click(): null

2018-06-14 19:11:50 - [TEST_STEP][PASSED] - Statement - (count++): null

2018-06-14 19:11:50 - [TEST_STEP][PASSED] - Statement - If (count > 60): null

2018-06-14 19:11:50 - [TEST_STEP][PASSED] - Statement - txt = grouplist.get(i).getText(): null

2018-06-14 19:11:50 - [TEST_STEP][PASSED] - Statement - index = i + 1: null

2018-06-14 19:11:50 - [TEST_STEP][PASSED] - Statement - matched = pattern.matcher(txt).matches(): null

2018-06-14 19:11:50 - [TEST_STEP][PASSED] - Statement - If (matched): null

2018-06-14 19:11:50 - [TEST_STEP][PASSED] - Statement - driver.findElement(org.openqa.selenium.By.xpath("(//ul[@class='unlinked-grouplist']/li/label)[" + index + "]")).click(): null

2018-06-14 19:11:50 - [TEST_STEP][PASSED] - Statement - (count++): null

2018-06-14 19:11:50 - [TEST_STEP][PASSED] - Statement - If (count > 60): null

2018-06-14 19:11:50 - [TEST_STEP][PASSED] - Statement - txt = grouplist.get(i).getText(): null

2018-06-14 19:11:50 - [TEST_STEP][PASSED] - Statement - index = i + 1: null

2018-06-14 19:11:50 - [TEST_STEP][PASSED] - Statement - matched = pattern.matcher(txt).matches(): null

2018-06-14 19:11:50 - [TEST_STEP][PASSED] - Statement - If (matched): null

2018-06-14 19:11:50 - [TEST_STEP][PASSED] - Statement - driver.findElement(org.openqa.selenium.By.xpath("(//ul[@class='unlinked-grouplist']/li/label)[" + index + "]")).click(): null

2018-06-14 19:11:50 - [TEST_STEP][PASSED] - Statement - (count++): null

2018-06-14 19:11:50 - [TEST_STEP][PASSED] - Statement - If (count > 60): null

2018-06-14 19:11:50 - [TEST_STEP][PASSED] - Statement - txt = grouplist.get(i).getText(): null

2018-06-14 19:11:50 - [TEST_STEP][PASSED] - Statement - index = i + 1: null

2018-06-14 19:11:50 - [TEST_STEP][PASSED] - Statement - matched = pattern.matcher(txt).matches(): null

2018-06-14 19:11:50 - [TEST_STEP][PASSED] - Statement - If (matched): null

2018-06-14 19:11:50 - [TEST_STEP][PASSED] - Statement - driver.findElement(org.openqa.selenium.By.xpath("(//ul[@class='unlinked-grouplist']/li/label)[" + index + "]")).click(): null

2018-06-14 19:11:50 - [TEST_STEP][PASSED] - Statement - (count++): null

2018-06-14 19:11:50 - [TEST_STEP][PASSED] - Statement - If (count > 60): null

2018-06-14 19:11:50 - [TEST_STEP][PASSED] - Statement - txt = grouplist.get(i).getText(): null

2018-06-14 19:11:50 - [TEST_STEP][PASSED] - Statement - index = i + 1: null

2018-06-14 19:11:50 - [TEST_STEP][PASSED] - Statement - matched = pattern.matcher(txt).matches(): null

2018-06-14 19:11:50 - [TEST_STEP][PASSED] - Statement - If (matched): null

2018-06-14 19:11:50 - [TEST_STEP][PASSED] - Statement - driver.findElement(org.openqa.selenium.By.xpath("(//ul[@class='unlinked-grouplist']/li/label)[" + index + "]")).click(): null

2018-06-14 19:11:50 - [TEST_STEP][PASSED] - Statement - (count++): null

2018-06-14 19:11:50 - [TEST_STEP][PASSED] - Statement - If (count > 60): null

2018-06-14 19:11:50 - [TEST_STEP][PASSED] - Statement - txt = grouplist.get(i).getText(): null

2018-06-14 19:11:50 - [TEST_STEP][PASSED] - Statement - index = i + 1: null

2018-06-14 19:11:50 - [TEST_STEP][PASSED] - Statement - matched = pattern.matcher(txt).matches(): null

2018-06-14 19:11:50 - [TEST_STEP][PASSED] - Statement - If (matched): null

2018-06-14 19:11:50 - [TEST_STEP][PASSED] - Statement - driver.findElement(org.openqa.selenium.By.xpath("(//ul[@class='unlinked-grouplist']/li/label)[" + index + "]")).click(): null

2018-06-14 19:11:50 - [TEST_STEP][PASSED] - Statement - (count++): null

2018-06-14 19:11:50 - [TEST_STEP][PASSED] - Statement - If (count > 60): null

2018-06-14 19:11:50 - [TEST_STEP][PASSED] - Statement - txt = grouplist.get(i).getText(): null

2018-06-14 19:11:50 - [TEST_STEP][PASSED] - Statement - index = i + 1: null

2018-06-14 19:11:50 - [TEST_STEP][PASSED] - Statement - matched = pattern.matcher(txt).matches(): null

2018-06-14 19:11:50 - [TEST_STEP][PASSED] - Statement - If (matched): null

2018-06-14 19:11:50 - [TEST_STEP][PASSED] - Statement - driver.findElement(org.openqa.selenium.By.xpath("(//ul[@class='unlinked-grouplist']/li/label)[" + index + "]")).click(): null

2018-06-14 19:11:50 - [TEST_STEP][PASSED] - Statement - (count++): null

2018-06-14 19:11:50 - [TEST_STEP][PASSED] - Statement - If (count > 60): null

2018-06-14 19:11:50 - [TEST_STEP][PASSED] - Statement - txt = grouplist.get(i).getText(): null

2018-06-14 19:11:50 - [TEST_STEP][PASSED] - Statement - index = i + 1: null

2018-06-14 19:11:50 - [TEST_STEP][PASSED] - Statement - matched = pattern.matcher(txt).matches(): null

2018-06-14 19:11:50 - [TEST_STEP][PASSED] - Statement - If (matched): null

2018-06-14 19:11:50 - [TEST_STEP][PASSED] - Statement - driver.findElement(org.openqa.selenium.By.xpath("(//ul[@class='unlinked-grouplist']/li/label)[" + index + "]")).click(): null

2018-06-14 19:11:50 - [TEST_STEP][PASSED] - Statement - (count++): null

2018-06-14 19:11:50 - [TEST_STEP][PASSED] - Statement - If (count > 60): null

2018-06-14 19:11:50 - [TEST_STEP][PASSED] - Statement - txt = grouplist.get(i).getText(): null

2018-06-14 19:11:50 - [TEST_STEP][PASSED] - Statement - index = i + 1: null

2018-06-14 19:11:50 - [TEST_STEP][PASSED] - Statement - matched = pattern.matcher(txt).matches(): null

2018-06-14 19:11:50 - [TEST_STEP][PASSED] - Statement - If (matched): null

2018-06-14 19:11:50 - [TEST_STEP][PASSED] - Statement - driver.findElement(org.openqa.selenium.By.xpath("(//ul[@class='unlinked-grouplist']/li/label)[" + index + "]")).click(): null

2018-06-14 19:11:50 - [TEST_STEP][PASSED] - Statement - (count++): null

2018-06-14 19:11:50 - [TEST_STEP][PASSED] - Statement - If (count > 60): null

2018-06-14 19:11:50 - [TEST_STEP][PASSED] - Statement - txt = grouplist.get(i).getText(): null

2018-06-14 19:11:50 - [TEST_STEP][PASSED] - Statement - index = i + 1: null

2018-06-14 19:11:50 - [TEST_STEP][PASSED] - Statement - matched = pattern.matcher(txt).matches(): null

2018-06-14 19:11:50 - [TEST_STEP][PASSED] - Statement - If (matched): null

2018-06-14 19:11:50 - [TEST_STEP][PASSED] - Statement - driver.findElement(org.openqa.selenium.By.xpath("(//ul[@class='unlinked-grouplist']/li/label)[" + index + "]")).click(): null

2018-06-14 19:11:51 - [TEST_STEP][PASSED] - Statement - (count++): null

2018-06-14 19:11:51 - [TEST_STEP][PASSED] - Statement - If (count > 60): null

2018-06-14 19:11:51 - [TEST_STEP][PASSED] - Statement - txt = grouplist.get(i).getText(): null

2018-06-14 19:11:51 - [TEST_STEP][PASSED] - Statement - index = i + 1: null

2018-06-14 19:11:51 - [TEST_STEP][PASSED] - Statement - matched = pattern.matcher(txt).matches(): null

2018-06-14 19:11:51 - [TEST_STEP][PASSED] - Statement - If (matched): null

2018-06-14 19:11:51 - [TEST_STEP][PASSED] - Statement - driver.findElement(org.openqa.selenium.By.xpath("(//ul[@class='unlinked-grouplist']/li/label)[" + index + "]")).click(): null

2018-06-14 19:11:51 - [TEST_STEP][PASSED] - Statement - (count++): null

2018-06-14 19:11:51 - [TEST_STEP][PASSED] - Statement - If (count > 60): null

2018-06-14 19:11:51 - [TEST_STEP][PASSED] - Statement - txt = grouplist.get(i).getText(): null

2018-06-14 19:11:51 - [TEST_STEP][PASSED] - Statement - index = i + 1: null

2018-06-14 19:11:51 - [TEST_STEP][PASSED] - Statement - matched = pattern.matcher(txt).matches(): null

2018-06-14 19:11:51 - [TEST_STEP][PASSED] - Statement - If (matched): null

2018-06-14 19:11:51 - [TEST_STEP][PASSED] - Statement - driver.findElement(org.openqa.selenium.By.xpath("(//ul[@class='unlinked-grouplist']/li/label)[" + index + "]")).click(): null

2018-06-14 19:11:51 - [TEST_STEP][PASSED] - Statement - (count++): null

2018-06-14 19:11:51 - [TEST_STEP][PASSED] - Statement - If (count > 60): null

2018-06-14 19:11:51 - [TEST_STEP][PASSED] - Statement - txt = grouplist.get(i).getText(): null

2018-06-14 19:11:51 - [TEST_STEP][PASSED] - Statement - index = i + 1: null

2018-06-14 19:11:51 - [TEST_STEP][PASSED] - Statement - matched = pattern.matcher(txt).matches(): null

2018-06-14 19:11:51 - [TEST_STEP][PASSED] - Statement - If (matched): null

2018-06-14 19:11:51 - [TEST_STEP][PASSED] - Statement - driver.findElement(org.openqa.selenium.By.xpath("(//ul[@class='unlinked-grouplist']/li/label)[" + index + "]")).click(): null

2018-06-14 19:11:51 - [TEST_STEP][PASSED] - Statement - (count++): null

2018-06-14 19:11:51 - [TEST_STEP][PASSED] - Statement - If (count > 60): null

2018-06-14 19:11:51 - [TEST_STEP][PASSED] - Statement - txt = grouplist.get(i).getText(): null

2018-06-14 19:11:51 - [TEST_STEP][PASSED] - Statement - index = i + 1: null

2018-06-14 19:11:51 - [TEST_STEP][PASSED] - Statement - matched = pattern.matcher(txt).matches(): null

2018-06-14 19:11:51 - [TEST_STEP][PASSED] - Statement - If (matched): null

2018-06-14 19:11:51 - [TEST_STEP][PASSED] - Statement - driver.findElement(org.openqa.selenium.By.xpath("(//ul[@class='unlinked-grouplist']/li/label)[" + index + "]")).click(): null

2018-06-14 19:11:51 - [TEST_STEP][PASSED] - Statement - (count++): null

2018-06-14 19:11:51 - [TEST_STEP][PASSED] - Statement - If (count > 60): null

2018-06-14 19:11:51 - [TEST_STEP][PASSED] - Statement - txt = grouplist.get(i).getText(): null

2018-06-14 19:11:51 - [TEST_STEP][PASSED] - Statement - index = i + 1: null

2018-06-14 19:11:51 - [TEST_STEP][PASSED] - Statement - matched = pattern.matcher(txt).matches(): null

2018-06-14 19:11:51 - [TEST_STEP][PASSED] - Statement - If (matched): null

2018-06-14 19:11:51 - [TEST_STEP][PASSED] - Statement - driver.findElement(org.openqa.selenium.By.xpath("(//ul[@class='unlinked-grouplist']/li/label)[" + index + "]")).click(): null

2018-06-14 19:11:51 - [TEST_STEP][PASSED] - Statement - (count++): null

2018-06-14 19:11:51 - [TEST_STEP][PASSED] - Statement - If (count > 60): null

2018-06-14 19:11:51 - [TEST_STEP][PASSED] - Statement - txt = grouplist.get(i).getText(): null

2018-06-14 19:11:51 - [TEST_STEP][PASSED] - Statement - index = i + 1: null

2018-06-14 19:11:51 - [TEST_STEP][PASSED] - Statement - matched = pattern.matcher(txt).matches(): null

2018-06-14 19:11:51 - [TEST_STEP][PASSED] - Statement - If (matched): null

2018-06-14 19:11:51 - [TEST_STEP][PASSED] - Statement - driver.findElement(org.openqa.selenium.By.xpath("(//ul[@class='unlinked-grouplist']/li/label)[" + index + "]")).click(): null

2018-06-14 19:11:51 - [TEST_STEP][PASSED] - Statement - (count++): null

2018-06-14 19:11:51 - [TEST_STEP][PASSED] - Statement - If (count > 60): null

2018-06-14 19:11:51 - [TEST_STEP][PASSED] - Statement - txt = grouplist.get(i).getText(): null

2018-06-14 19:11:51 - [TEST_STEP][PASSED] - Statement - index = i + 1: null

2018-06-14 19:11:51 - [TEST_STEP][PASSED] - Statement - matched = pattern.matcher(txt).matches(): null

2018-06-14 19:11:51 - [TEST_STEP][PASSED] - Statement - If (matched): null

2018-06-14 19:11:51 - [TEST_STEP][PASSED] - Statement - driver.findElement(org.openqa.selenium.By.xpath("(//ul[@class='unlinked-grouplist']/li/label)[" + index + "]")).click(): null

2018-06-14 19:11:51 - [TEST_STEP][PASSED] - Statement - (count++): null

2018-06-14 19:11:51 - [TEST_STEP][PASSED] - Statement - If (count > 60): null

2018-06-14 19:11:51 - [TEST_STEP][PASSED] - Statement - txt = grouplist.get(i).getText(): null

2018-06-14 19:11:51 - [TEST_STEP][PASSED] - Statement - index = i + 1: null

2018-06-14 19:11:51 - [TEST_STEP][PASSED] - Statement - matched = pattern.matcher(txt).matches(): null

2018-06-14 19:11:51 - [TEST_STEP][PASSED] - Statement - If (matched): null

2018-06-14 19:11:51 - [TEST_STEP][PASSED] - Statement - driver.findElement(org.openqa.selenium.By.xpath("(//ul[@class='unlinked-grouplist']/li/label)[" + index + "]")).click(): null

2018-06-14 19:11:51 - [TEST_STEP][PASSED] - Statement - (count++): null

2018-06-14 19:11:51 - [TEST_STEP][PASSED] - Statement - If (count > 60): null

2018-06-14 19:11:51 - [TEST_STEP][PASSED] - Statement - txt = grouplist.get(i).getText(): null

2018-06-14 19:11:51 - [TEST_STEP][PASSED] - Statement - index = i + 1: null

2018-06-14 19:11:51 - [TEST_STEP][PASSED] - Statement - matched = pattern.matcher(txt).matches(): null

2018-06-14 19:11:51 - [TEST_STEP][PASSED] - Statement - If (matched): null

2018-06-14 19:11:51 - [TEST_STEP][PASSED] - Statement - driver.findElement(org.openqa.selenium.By.xpath("(//ul[@class='unlinked-grouplist']/li/label)[" + index + "]")).click(): null

2018-06-14 19:11:51 - [TEST_STEP][PASSED] - Statement - (count++): null

2018-06-14 19:11:51 - [TEST_STEP][PASSED] - Statement - If (count > 60): null

2018-06-14 19:11:51 - [TEST_STEP][PASSED] - Statement - txt = grouplist.get(i).getText(): null

2018-06-14 19:11:51 - [TEST_STEP][PASSED] - Statement - index = i + 1: null

2018-06-14 19:11:51 - [TEST_STEP][PASSED] - Statement - matched = pattern.matcher(txt).matches(): null

2018-06-14 19:11:51 - [TEST_STEP][PASSED] - Statement - If (matched): null

2018-06-14 19:11:51 - [TEST_STEP][PASSED] - Statement - driver.findElement(org.openqa.selenium.By.xpath("(//ul[@class='unlinked-grouplist']/li/label)[" + index + "]")).click(): null

2018-06-14 19:11:51 - [TEST_STEP][PASSED] - Statement - (count++): null

2018-06-14 19:11:51 - [TEST_STEP][PASSED] - Statement - If (count > 60): null

2018-06-14 19:11:51 - [TEST_STEP][PASSED] - Statement - txt = grouplist.get(i).getText(): null

2018-06-14 19:11:51 - [TEST_STEP][PASSED] - Statement - index = i + 1: null

2018-06-14 19:11:51 - [TEST_STEP][PASSED] - Statement - matched = pattern.matcher(txt).matches(): null

2018-06-14 19:11:51 - [TEST_STEP][PASSED] - Statement - If (matched): null

2018-06-14 19:11:51 - [TEST_STEP][PASSED] - Statement - driver.findElement(org.openqa.selenium.By.xpath("(//ul[@class='unlinked-grouplist']/li/label)[" + index + "]")).click(): null

2018-06-14 19:11:51 - [TEST_STEP][PASSED] - Statement - (count++): null

2018-06-14 19:11:51 - [TEST_STEP][PASSED] - Statement - If (count > 60): null

2018-06-14 19:11:51 - [TEST_STEP][PASSED] - Statement - txt = grouplist.get(i).getText(): null

2018-06-14 19:11:51 - [TEST_STEP][PASSED] - Statement - index = i + 1: null

2018-06-14 19:11:51 - [TEST_STEP][PASSED] - Statement - matched = pattern.matcher(txt).matches(): null

2018-06-14 19:11:51 - [TEST_STEP][PASSED] - Statement - If (matched): null

2018-06-14 19:11:51 - [TEST_STEP][PASSED] - Statement - driver.findElement(org.openqa.selenium.By.xpath("(//ul[@class='unlinked-grouplist']/li/label)[" + index + "]")).click(): null

2018-06-14 19:11:51 - [TEST_STEP][PASSED] - Statement - (count++): null

2018-06-14 19:11:51 - [TEST_STEP][PASSED] - Statement - If (count > 60): null

2018-06-14 19:11:51 - [TEST_STEP][PASSED] - Statement - txt = grouplist.get(i).getText(): null

2018-06-14 19:11:51 - [TEST_STEP][PASSED] - Statement - index = i + 1: null

2018-06-14 19:11:51 - [TEST_STEP][PASSED] - Statement - matched = pattern.matcher(txt).matches(): null

2018-06-14 19:11:51 - [TEST_STEP][PASSED] - Statement - If (matched): null

2018-06-14 19:11:51 - [TEST_STEP][PASSED] - Statement - driver.findElement(org.openqa.selenium.By.xpath("(//ul[@class='unlinked-grouplist']/li/label)[" + index + "]")).click(): null

2018-06-14 19:11:51 - [TEST_STEP][PASSED] - Statement - (count++): null

2018-06-14 19:11:51 - [TEST_STEP][PASSED] - Statement - If (count > 60): null

2018-06-14 19:11:51 - [TEST_STEP][PASSED] - Statement - txt = grouplist.get(i).getText(): null

2018-06-14 19:11:51 - [TEST_STEP][PASSED] - Statement - index = i + 1: null

2018-06-14 19:11:51 - [TEST_STEP][PASSED] - Statement - matched = pattern.matcher(txt).matches(): null

2018-06-14 19:11:51 - [TEST_STEP][PASSED] - Statement - If (matched): null

2018-06-14 19:11:51 - [TEST_STEP][PASSED] - Statement - driver.findElement(org.openqa.selenium.By.xpath("(//ul[@class='unlinked-grouplist']/li/label)[" + index + "]")).click(): null

2018-06-14 19:11:52 - [TEST_STEP][PASSED] - Statement - (count++): null

2018-06-14 19:11:52 - [TEST_STEP][PASSED] - Statement - If (count > 60): null

2018-06-14 19:11:52 - [TEST_STEP][PASSED] - Statement - txt = grouplist.get(i).getText(): null

2018-06-14 19:11:52 - [TEST_STEP][PASSED] - Statement - index = i + 1: null

2018-06-14 19:11:52 - [TEST_STEP][PASSED] - Statement - matched = pattern.matcher(txt).matches(): null

2018-06-14 19:11:52 - [TEST_STEP][PASSED] - Statement - If (matched): null

2018-06-14 19:11:52 - [TEST_STEP][PASSED] - Statement - driver.findElement(org.openqa.selenium.By.xpath("(//ul[@class='unlinked-grouplist']/li/label)[" + index + "]")).click(): null

2018-06-14 19:11:52 - [TEST_STEP][PASSED] - Statement - (count++): null

2018-06-14 19:11:52 - [TEST_STEP][PASSED] - Statement - If (count > 60): null

2018-06-14 19:11:52 - [TEST_STEP][PASSED] - Statement - txt = grouplist.get(i).getText(): null

2018-06-14 19:11:52 - [TEST_STEP][PASSED] - Statement - index = i + 1: null

2018-06-14 19:11:52 - [TEST_STEP][PASSED] - Statement - matched = pattern.matcher(txt).matches(): null

2018-06-14 19:11:52 - [TEST_STEP][PASSED] - Statement - If (matched): null

2018-06-14 19:11:52 - [TEST_STEP][PASSED] - Statement - driver.findElement(org.openqa.selenium.By.xpath("(//ul[@class='unlinked-grouplist']/li/label)[" + index + "]")).click(): null

2018-06-14 19:11:52 - [TEST_STEP][PASSED] - Statement - (count++): null

2018-06-14 19:11:52 - [TEST_STEP][PASSED] - Statement - If (count > 60): null

2018-06-14 19:11:52 - [TEST_STEP][PASSED] - Statement - txt = grouplist.get(i).getText(): null

2018-06-14 19:11:52 - [TEST_STEP][PASSED] - Statement - index = i + 1: null

2018-06-14 19:11:52 - [TEST_STEP][PASSED] - Statement - matched = pattern.matcher(txt).matches(): null

2018-06-14 19:11:52 - [TEST_STEP][PASSED] - Statement - If (matched): null

2018-06-14 19:11:52 - [TEST_STEP][PASSED] - Statement - driver.findElement(org.openqa.selenium.By.xpath("(//ul[@class='unlinked-grouplist']/li/label)[" + index + "]")).click(): null

2018-06-14 19:11:52 - [TEST_STEP][PASSED] - Statement - (count++): null

2018-06-14 19:11:52 - [TEST_STEP][PASSED] - Statement - If (count > 60): null

2018-06-14 19:11:52 - [TEST_STEP][PASSED] - Statement - txt = grouplist.get(i).getText(): null

2018-06-14 19:11:52 - [TEST_STEP][PASSED] - Statement - index = i + 1: null

2018-06-14 19:11:52 - [TEST_STEP][PASSED] - Statement - matched = pattern.matcher(txt).matches(): null

2018-06-14 19:11:52 - [TEST_STEP][PASSED] - Statement - If (matched): null

2018-06-14 19:11:52 - [TEST_STEP][PASSED] - Statement - driver.findElement(org.openqa.selenium.By.xpath("(//ul[@class='unlinked-grouplist']/li/label)[" + index + "]")).click(): null

2018-06-14 19:11:52 - [TEST_STEP][PASSED] - Statement - (count++): null

2018-06-14 19:11:52 - [TEST_STEP][PASSED] - Statement - If (count > 60): null

2018-06-14 19:11:52 - [TEST_STEP][PASSED] - Statement - txt = grouplist.get(i).getText(): null

2018-06-14 19:11:52 - [TEST_STEP][PASSED] - Statement - index = i + 1: null

2018-06-14 19:11:52 - [TEST_STEP][PASSED] - Statement - matched = pattern.matcher(txt).matches(): null

2018-06-14 19:11:52 - [TEST_STEP][PASSED] - Statement - If (matched): null

2018-06-14 19:11:52 - [TEST_STEP][PASSED] - Statement - driver.findElement(org.openqa.selenium.By.xpath("(//ul[@class='unlinked-grouplist']/li/label)[" + index + "]")).click(): null

2018-06-14 19:11:52 - [TEST_STEP][PASSED] - Statement - (count++): null

2018-06-14 19:11:52 - [TEST_STEP][PASSED] - Statement - If (count > 60): null

2018-06-14 19:11:52 - [TEST_STEP][PASSED] - Statement - txt = grouplist.get(i).getText(): null

2018-06-14 19:11:52 - [TEST_STEP][PASSED] - Statement - index = i + 1: null

2018-06-14 19:11:52 - [TEST_STEP][PASSED] - Statement - matched = pattern.matcher(txt).matches(): null

2018-06-14 19:11:52 - [TEST_STEP][PASSED] - Statement - If (matched): null

2018-06-14 19:11:52 - [TEST_STEP][PASSED] - Statement - driver.findElement(org.openqa.selenium.By.xpath("(//ul[@class='unlinked-grouplist']/li/label)[" + index + "]")).click(): null

2018-06-14 19:11:52 - [TEST_STEP][PASSED] - Statement - (count++): null

2018-06-14 19:11:52 - [TEST_STEP][PASSED] - Statement - If (count > 60): null

2018-06-14 19:11:52 - [TEST_STEP][PASSED] - Statement - txt = grouplist.get(i).getText(): null

2018-06-14 19:11:52 - [TEST_STEP][PASSED] - Statement - index = i + 1: null

2018-06-14 19:11:52 - [TEST_STEP][PASSED] - Statement - matched = pattern.matcher(txt).matches(): null

2018-06-14 19:11:52 - [TEST_STEP][PASSED] - Statement - If (matched): null

2018-06-14 19:11:52 - [TEST_STEP][PASSED] - Statement - driver.findElement(org.openqa.selenium.By.xpath("(//ul[@class='unlinked-grouplist']/li/label)[" + index + "]")).click(): null

2018-06-14 19:11:52 - [TEST_STEP][PASSED] - Statement - (count++): null

2018-06-14 19:11:52 - [TEST_STEP][PASSED] - Statement - If (count > 60): null

2018-06-14 19:11:52 - [TEST_STEP][PASSED] - Statement - txt = grouplist.get(i).getText(): null

2018-06-14 19:11:52 - [TEST_STEP][PASSED] - Statement - index = i + 1: null

2018-06-14 19:11:52 - [TEST_STEP][PASSED] - Statement - matched = pattern.matcher(txt).matches(): null

2018-06-14 19:11:52 - [TEST_STEP][PASSED] - Statement - If (matched): null

2018-06-14 19:11:52 - [TEST_STEP][PASSED] - Statement - driver.findElement(org.openqa.selenium.By.xpath("(//ul[@class='unlinked-grouplist']/li/label)[" + index + "]")).click(): null

2018-06-14 19:11:52 - [TEST_STEP][PASSED] - Statement - (count++): null

2018-06-14 19:11:52 - [TEST_STEP][PASSED] - Statement - If (count > 60): null

2018-06-14 19:11:52 - [TEST_STEP][PASSED] - Statement - txt = grouplist.get(i).getText(): null

2018-06-14 19:11:52 - [TEST_STEP][PASSED] - Statement - index = i + 1: null

2018-06-14 19:11:52 - [TEST_STEP][PASSED] - Statement - matched = pattern.matcher(txt).matches(): null

2018-06-14 19:11:52 - [TEST_STEP][PASSED] - Statement - If (matched): null

2018-06-14 19:11:52 - [TEST_STEP][PASSED] - Statement - driver.findElement(org.openqa.selenium.By.xpath("(//ul[@class='unlinked-grouplist']/li/label)[" + index + "]")).click(): null

2018-06-14 19:11:52 - [TEST_STEP][PASSED] - Statement - (count++): null

2018-06-14 19:11:52 - [TEST_STEP][PASSED] - Statement - If (count > 60): null

2018-06-14 19:11:52 - [TEST_STEP][PASSED] - Statement - txt = grouplist.get(i).getText(): null

2018-06-14 19:11:52 - [TEST_STEP][PASSED] - Statement - index = i + 1: null

2018-06-14 19:11:52 - [TEST_STEP][PASSED] - Statement - matched = pattern.matcher(txt).matches(): null

2018-06-14 19:11:52 - [TEST_STEP][PASSED] - Statement - If (matched): null

2018-06-14 19:11:52 - [TEST_STEP][PASSED] - Statement - driver.findElement(org.openqa.selenium.By.xpath("(//ul[@class='unlinked-grouplist']/li/label)[" + index + "]")).click(): null

2018-06-14 19:11:52 - [TEST_STEP][PASSED] - Statement - (count++): null

2018-06-14 19:11:52 - [TEST_STEP][PASSED] - Statement - If (count > 60): null

2018-06-14 19:11:52 - [TEST_STEP][PASSED] - Statement - txt = grouplist.get(i).getText(): null

2018-06-14 19:11:52 - [TEST_STEP][PASSED] - Statement - index = i + 1: null

2018-06-14 19:11:52 - [TEST_STEP][PASSED] - Statement - matched = pattern.matcher(txt).matches(): null

2018-06-14 19:11:52 - [TEST_STEP][PASSED] - Statement - If (matched): null

2018-06-14 19:11:52 - [TEST_STEP][PASSED] - Statement - driver.findElement(org.openqa.selenium.By.xpath("(//ul[@class='unlinked-grouplist']/li/label)[" + index + "]")).click(): null

2018-06-14 19:11:52 - [TEST_STEP][PASSED] - Statement - (count++): null

2018-06-14 19:11:52 - [TEST_STEP][PASSED] - Statement - If (count > 60): null

2018-06-14 19:11:52 - [TEST_STEP][PASSED] - Statement - txt = grouplist.get(i).getText(): null

2018-06-14 19:11:52 - [TEST_STEP][PASSED] - Statement - index = i + 1: null

2018-06-14 19:11:52 - [TEST_STEP][PASSED] - Statement - matched = pattern.matcher(txt).matches(): null

2018-06-14 19:11:52 - [TEST_STEP][PASSED] - Statement - If (matched): null

2018-06-14 19:11:52 - [TEST_STEP][PASSED] - Statement - driver.findElement(org.openqa.selenium.By.xpath("(//ul[@class='unlinked-grouplist']/li/label)[" + index + "]")).click(): null

2018-06-14 19:11:52 - [TEST_STEP][PASSED] - Statement - (count++): null

2018-06-14 19:11:52 - [TEST_STEP][PASSED] - Statement - If (count > 60): null

2018-06-14 19:11:52 - [TEST_STEP][PASSED] - Statement - txt = grouplist.get(i).getText(): null

2018-06-14 19:11:52 - [TEST_STEP][PASSED] - Statement - index = i + 1: null

2018-06-14 19:11:52 - [TEST_STEP][PASSED] - Statement - matched = pattern.matcher(txt).matches(): null

2018-06-14 19:11:52 - [TEST_STEP][PASSED] - Statement - If (matched): null

2018-06-14 19:11:52 - [TEST_STEP][PASSED] - Statement - driver.findElement(org.openqa.selenium.By.xpath("(//ul[@class='unlinked-grouplist']/li/label)[" + index + "]")).click(): null

2018-06-14 19:11:52 - [TEST_STEP][PASSED] - Statement - (count++): null

2018-06-14 19:11:52 - [TEST_STEP][PASSED] - Statement - If (count > 60): null

2018-06-14 19:11:52 - [TEST_STEP][PASSED] - Statement - txt = grouplist.get(i).getText(): null

2018-06-14 19:11:52 - [TEST_STEP][PASSED] - Statement - index = i + 1: null

2018-06-14 19:11:52 - [TEST_STEP][PASSED] - Statement - matched = pattern.matcher(txt).matches(): null

2018-06-14 19:11:52 - [TEST_STEP][PASSED] - Statement - If (matched): null

2018-06-14 19:11:52 - [TEST_STEP][PASSED] - Statement - driver.findElement(org.openqa.selenium.By.xpath("(//ul[@class='unlinked-grouplist']/li/label)[" + index + "]")).click(): null

2018-06-14 19:11:53 - [TEST_STEP][PASSED] - Statement - (count++): null

2018-06-14 19:11:53 - [TEST_STEP][PASSED] - Statement - If (count > 60): null

2018-06-14 19:11:53 - [TEST_STEP][PASSED] - Statement - txt = grouplist.get(i).getText(): null

2018-06-14 19:11:53 - [TEST_STEP][PASSED] - Statement - index = i + 1: null

2018-06-14 19:11:53 - [TEST_STEP][PASSED] - Statement - matched = pattern.matcher(txt).matches(): null

2018-06-14 19:11:53 - [TEST_STEP][PASSED] - Statement - If (matched): null

2018-06-14 19:11:53 - [TEST_STEP][PASSED] - Statement - driver.findElement(org.openqa.selenium.By.xpath("(//ul[@class='unlinked-grouplist']/li/label)[" + index + "]")).click(): null

2018-06-14 19:11:53 - [TEST_STEP][PASSED] - Statement - (count++): null

2018-06-14 19:11:53 - [TEST_STEP][PASSED] - Statement - If (count > 60): null

2018-06-14 19:11:53 - [TEST_STEP][PASSED] - Statement - txt = grouplist.get(i).getText(): null

2018-06-14 19:11:53 - [TEST_STEP][PASSED] - Statement - index = i + 1: null

2018-06-14 19:11:53 - [TEST_STEP][PASSED] - Statement - matched = pattern.matcher(txt).matches(): null

2018-06-14 19:11:53 - [TEST_STEP][PASSED] - Statement - If (matched): null

2018-06-14 19:11:53 - [TEST_STEP][PASSED] - Statement - driver.findElement(org.openqa.selenium.By.xpath("(//ul[@class='unlinked-grouplist']/li/label)[" + index + "]")).click(): null

2018-06-14 19:11:53 - [TEST_STEP][PASSED] - Statement - (count++): null

2018-06-14 19:11:53 - [TEST_STEP][PASSED] - Statement - If (count > 60): null

2018-06-14 19:11:53 - [TEST_STEP][PASSED] - Statement - txt = grouplist.get(i).getText(): null

2018-06-14 19:11:53 - [TEST_STEP][PASSED] - Statement - index = i + 1: null

2018-06-14 19:11:53 - [TEST_STEP][PASSED] - Statement - matched = pattern.matcher(txt).matches(): null

2018-06-14 19:11:53 - [TEST_STEP][PASSED] - Statement - If (matched): null

2018-06-14 19:11:53 - [TEST_STEP][PASSED] - Statement - driver.findElement(org.openqa.selenium.By.xpath("(//ul[@class='unlinked-grouplist']/li/label)[" + index + "]")).click(): null

2018-06-14 19:11:53 - [TEST_STEP][PASSED] - Statement - (count++): null

2018-06-14 19:11:53 - [TEST_STEP][PASSED] - Statement - If (count > 60): null

2018-06-14 19:11:53 - [TEST_STEP][PASSED] - Statement - driver.findElement(org.openqa.selenium.By.xpath("//button[contains(text(),'>')]")).click(): null

2018-06-14 19:11:53 - [TEST_STEP][PASSED] - delay: Delayed 10 second(s)

2018-06-14 19:12:03 - [MESSAGE][PASSED] - Delayed 10 second(s)

2018-06-14 19:12:03 - [TEST_STEP][PASSED] - uiaction.CommonUIActions.click: uiaction.CommonUIActions.click is PASSED

2018-06-14 19:12:03 - [MESSAGE][PASSED] - uiaction.CommonUIActions.click is PASSED

2018-06-14 19:12:03 - [TEST_STEP][PASSED] - uiaction.CommonUIActions.click: uiaction.CommonUIActions.click is PASSED

2018-06-14 19:12:03 - [MESSAGE][PASSED] - uiaction.CommonUIActions.click is PASSED

2018-06-14 19:12:03 - [TEST_STEP][PASSED] - delay: Delayed 10 second(s)

2018-06-14 19:12:13 - [MESSAGE][PASSED] - Delayed 10 second(s)

2018-06-14 19:12:13 - [TEST_STEP][PASSED] - uiaction.CommonUIActions.click: uiaction.CommonUIActions.click is PASSED

2018-06-14 19:12:13 - [MESSAGE][PASSED] - uiaction.CommonUIActions.click is PASSED

2018-06-14 19:12:13 - [TEST_STEP][PASSED] - delay: Delayed 15 second(s)

2018-06-14 19:12:28 - [MESSAGE][PASSED] - Delayed 15 second(s)

2018-06-14 19:12:28 - [TEST_STEP][PASSED] - delay: Delayed 15 second(s)

2018-06-14 19:12:43 - [MESSAGE][PASSED] - Delayed 15 second(s)

2018-06-14 19:12:43 - [TEST_STEP][PASSED] - Statement - groupmain = CustomKeywords.projectSpecific.Reusability.getTestData("ReportingGroupManagementPage", "dummyGroupName1"): projectSpecific.Reusability.getTestData is PASSED

2018-06-14 19:12:43 - [MESSAGE][PASSED] - projectSpecific.Reusability.getTestData is PASSED

2018-06-14 19:12:43 - [TEST_STEP][PASSED] - Statement - driver.findElement(org.openqa.selenium.By.xpath("//span[contains(text(),'" + groupmain + "')]/../../../../span[1]")).click(): null

2018-06-14 19:12:43 - [TEST_STEP][PASSED] - Statement - driver.findElement(org.openqa.selenium.By.xpath("//span[contains(text(),'" + groupmain + "')]/../../../../span[2]")).click(): null

2018-06-14 19:12:43 - [TEST_STEP][PASSED] - delay: Delayed 4 second(s)

2018-06-14 19:12:47 - [MESSAGE][PASSED] - Delayed 4 second(s)

2018-06-14 19:12:47 - [TEST_STEP][PASSED] - click: Object: 'Object Repository/ReportsPage/fromDateSelector' is clicked on

2018-06-14 19:12:47 - [MESSAGE][PASSED] - Object: 'Object Repository/ReportsPage/fromDateSelector' is clicked on

2018-06-14 19:12:47 - [TEST_STEP][PASSED] - delay: Delayed 4 second(s)

2018-06-14 19:12:51 - [MESSAGE][PASSED] - Delayed 4 second(s)

2018-06-14 19:12:51 - [TEST_STEP][PASSED] - Statement - monthText = com.kms.katalon.core.webui.keyword.WebUiBuiltInKeywords.getText(com.kms.katalon.core.testobject.ObjectRepository.findTestObject(ReportsPage/monthText)): Text of object 'Object Repository/ReportsPage/monthText' is: 'June 2018'

2018-06-14 19:12:51 - [MESSAGE][PASSED] - Text of object 'Object Repository/ReportsPage/monthText' is: 'June 2018'

2018-06-14 19:12:51 - [TEST_STEP][PASSED] - Statement - monthTextArray = monthText.split(" "): null

2018-06-14 19:12:51 - [TEST_STEP][PASSED] - Statement - month = monthTextArray[0]: null

2018-06-14 19:12:51 - [TEST_STEP][PASSED] - Statement - monthTextValue = CustomKeywords.projectSpecific.Reusability.getTestData("ReportsPage", "Month"): projectSpecific.Reusability.getTestData is PASSED

2018-06-14 19:12:51 - [MESSAGE][PASSED] - projectSpecific.Reusability.getTestData is PASSED

2018-06-14 19:12:51 - [TEST_STEP][PASSED] - Statement - If (!(monthTextValue.equals(month))): null

2018-06-14 19:12:51 - [TEST_STEP][PASSED] - Statement - While (!(monthTextValue.equals(month))): null

2018-06-14 19:12:51 - [TEST_STEP][PASSED] - click: Object: 'Object Repository/ReportsPage/previousDateSelector' is clicked on

2018-06-14 19:12:51 - [MESSAGE][PASSED] - Object: 'Object Repository/ReportsPage/previousDateSelector' is clicked on

2018-06-14 19:12:51 - [TEST_STEP][PASSED] - Statement - monthText = com.kms.katalon.core.webui.keyword.WebUiBuiltInKeywords.getText(com.kms.katalon.core.testobject.ObjectRepository.findTestObject(ReportsPage/monthText)): Text of object 'Object Repository/ReportsPage/monthText' is: 'May 2018'

2018-06-14 19:12:51 - [MESSAGE][PASSED] - Text of object 'Object Repository/ReportsPage/monthText' is: 'May 2018'

2018-06-14 19:12:51 - [TEST_STEP][PASSED] - Statement - monthTextArray = monthText.split(" "): null

2018-06-14 19:12:51 - [TEST_STEP][PASSED] - Statement - month = monthTextArray[0]: null

2018-06-14 19:12:51 - [TEST_STEP][PASSED] - click: Object: 'Object Repository/ReportsPage/previousDateSelector' is clicked on

2018-06-14 19:12:52 - [MESSAGE][PASSED] - Object: 'Object Repository/ReportsPage/previousDateSelector' is clicked on

2018-06-14 19:12:52 - [TEST_STEP][PASSED] - Statement - monthText = com.kms.katalon.core.webui.keyword.WebUiBuiltInKeywords.getText(com.kms.katalon.core.testobject.ObjectRepository.findTestObject(ReportsPage/monthText)): Text of object 'Object Repository/ReportsPage/monthText' is: 'April 2018'

2018-06-14 19:12:52 - [MESSAGE][PASSED] - Text of object 'Object Repository/ReportsPage/monthText' is: 'April 2018'

2018-06-14 19:12:52 - [TEST_STEP][PASSED] - Statement - monthTextArray = monthText.split(" "): null

2018-06-14 19:12:52 - [TEST_STEP][PASSED] - Statement - month = monthTextArray[0]: null

2018-06-14 19:12:52 - [TEST_STEP][PASSED] - click: Object: 'Object Repository/ReportsPage/previousDateSelector' is clicked on

2018-06-14 19:12:52 - [MESSAGE][PASSED] - Object: 'Object Repository/ReportsPage/previousDateSelector' is clicked on

2018-06-14 19:12:52 - [TEST_STEP][PASSED] - Statement - monthText = com.kms.katalon.core.webui.keyword.WebUiBuiltInKeywords.getText(com.kms.katalon.core.testobject.ObjectRepository.findTestObject(ReportsPage/monthText)): Text of object 'Object Repository/ReportsPage/monthText' is: 'March 2018'

2018-06-14 19:12:52 - [MESSAGE][PASSED] - Text of object 'Object Repository/ReportsPage/monthText' is: 'March 2018'

2018-06-14 19:12:52 - [TEST_STEP][PASSED] - Statement - monthTextArray = monthText.split(" "): null

2018-06-14 19:12:52 - [TEST_STEP][PASSED] - Statement - month = monthTextArray[0]: null

2018-06-14 19:12:52 - [TEST_STEP][PASSED] - Statement - data = CustomKeywords.projectSpecific.Reusability.getTestData("ReportsPage", "StartDate"): projectSpecific.Reusability.getTestData is PASSED

2018-06-14 19:12:52 - [MESSAGE][PASSED] - projectSpecific.Reusability.getTestData is PASSED

2018-06-14 19:12:52 - [TEST_STEP][PASSED] - Statement - startDate = "(//td[text()='" + data + "'])[1]": null

2018-06-14 19:12:52 - [TEST_STEP][PASSED] - Statement - println(startDate): null

2018-06-14 19:12:52 - [TEST_STEP][PASSED] - Statement - startdateEle = driver.findElement(org.openqa.selenium.By.xpath(startDate)): null

2018-06-14 19:12:52 - [TEST_STEP][PASSED] - Statement - startdateEle.click(): null

2018-06-14 19:12:52 - [TEST_STEP][PASSED] - delay: Delayed 3 second(s)

2018-06-14 19:12:55 - [MESSAGE][PASSED] - Delayed 3 second(s)

2018-06-14 19:12:55 - [TEST_STEP][PASSED] - click: Object: 'Object Repository/ReportsPage/toDateSelector' is clicked on

2018-06-14 19:12:55 - [MESSAGE][PASSED] - Object: 'Object Repository/ReportsPage/toDateSelector' is clicked on

2018-06-14 19:12:55 - [TEST_STEP][PASSED] - delay: Delayed 3 second(s)

2018-06-14 19:12:58 - [MESSAGE][PASSED] - Delayed 3 second(s)

2018-06-14 19:12:58 - [TEST_STEP][PASSED] - Statement - monthText = com.kms.katalon.core.webui.keyword.WebUiBuiltInKeywords.getText(com.kms.katalon.core.testobject.ObjectRepository.findTestObject(ReportsPage/monthText2)): Text of object 'Object Repository/ReportsPage/monthText2' is: 'June 2018'

2018-06-14 19:12:58 - [MESSAGE][PASSED] - Text of object 'Object Repository/ReportsPage/monthText2' is: 'June 2018'

2018-06-14 19:12:58 - [TEST_STEP][PASSED] - Statement - monthTextArray = monthText.split(" "): null

2018-06-14 19:12:58 - [TEST_STEP][PASSED] - Statement - month = monthTextArray[0]: null

2018-06-14 19:12:58 - [TEST_STEP][PASSED] - Statement - If (!(monthTextValue.equals(month))): null

2018-06-14 19:12:58 - [TEST_STEP][PASSED] - Statement - While (!(monthTextValue.equals(month))): null

2018-06-14 19:12:58 - [TEST_STEP][PASSED] - click: Object: 'Object Repository/ReportsPage/previousDateSelector2' is clicked on

2018-06-14 19:12:58 - [MESSAGE][PASSED] - Object: 'Object Repository/ReportsPage/previousDateSelector2' is clicked on

2018-06-14 19:12:58 - [TEST_STEP][PASSED] - Statement - monthText = com.kms.katalon.core.webui.keyword.WebUiBuiltInKeywords.getText(com.kms.katalon.core.testobject.ObjectRepository.findTestObject(ReportsPage/monthText2)): Text of object 'Object Repository/ReportsPage/monthText2' is: 'May 2018'

2018-06-14 19:12:58 - [MESSAGE][PASSED] - Text of object 'Object Repository/ReportsPage/monthText2' is: 'May 2018'

2018-06-14 19:12:58 - [TEST_STEP][PASSED] - Statement - monthTextArray = monthText.split(" "): null

2018-06-14 19:12:58 - [TEST_STEP][PASSED] - Statement - month = monthTextArray[0]: null

2018-06-14 19:12:58 - [TEST_STEP][PASSED] - click: Object: 'Object Repository/ReportsPage/previousDateSelector2' is clicked on

2018-06-14 19:12:58 - [MESSAGE][PASSED] - Object: 'Object Repository/ReportsPage/previousDateSelector2' is clicked on

2018-06-14 19:12:58 - [TEST_STEP][PASSED] - Statement - monthText = com.kms.katalon.core.webui.keyword.WebUiBuiltInKeywords.getText(com.kms.katalon.core.testobject.ObjectRepository.findTestObject(ReportsPage/monthText2)): Text of object 'Object Repository/ReportsPage/monthText2' is: 'April 2018'

2018-06-14 19:12:58 - [MESSAGE][PASSED] - Text of object 'Object Repository/ReportsPage/monthText2' is: 'April 2018'

2018-06-14 19:12:58 - [TEST_STEP][PASSED] - Statement - monthTextArray = monthText.split(" "): null

2018-06-14 19:12:58 - [TEST_STEP][PASSED] - Statement - month = monthTextArray[0]: null

2018-06-14 19:12:58 - [TEST_STEP][PASSED] - click: Object: 'Object Repository/ReportsPage/previousDateSelector2' is clicked on

2018-06-14 19:12:58 - [MESSAGE][PASSED] - Object: 'Object Repository/ReportsPage/previousDateSelector2' is clicked on

2018-06-14 19:12:58 - [TEST_STEP][PASSED] - Statement - monthText = com.kms.katalon.core.webui.keyword.WebUiBuiltInKeywords.getText(com.kms.katalon.core.testobject.ObjectRepository.findTestObject(ReportsPage/monthText2)): Text of object 'Object Repository/ReportsPage/monthText2' is: 'March 2018'

2018-06-14 19:12:58 - [MESSAGE][PASSED] - Text of object 'Object Repository/ReportsPage/monthText2' is: 'March 2018'

2018-06-14 19:12:58 - [TEST_STEP][PASSED] - Statement - monthTextArray = monthText.split(" "): null

2018-06-14 19:12:58 - [TEST_STEP][PASSED] - Statement - month = monthTextArray[0]: null

2018-06-14 19:12:58 - [TEST_STEP][PASSED] - delay: Delayed 5 second(s)

2018-06-14 19:13:03 - [MESSAGE][PASSED] - Delayed 5 second(s)

2018-06-14 19:13:03 - [TEST_STEP][PASSED] - Statement - toDate = "(//div[@class='rdtPicker']/div/table/tbody/tr/td[text()='" + CustomKeywords.projectSpecific.Reusability.getTestData("ReportsPage", "EndDate9") + "'])[3]": projectSpecific.Reusability.getTestData is PASSED

2018-06-14 19:13:03 - [MESSAGE][PASSED] - projectSpecific.Reusability.getTestData is PASSED

2018-06-14 19:13:03 - [TEST_STEP][PASSED] - Statement - println(toDate): null

2018-06-14 19:13:03 - [TEST_STEP][PASSED] - Statement - toDateEle = driver.findElement(org.openqa.selenium.By.xpath(toDate)): null

2018-06-14 19:13:03 - [TEST_STEP][PASSED] - delay: Delayed 2 second(s)

2018-06-14 19:13:05 - [MESSAGE][PASSED] - Delayed 2 second(s)

2018-06-14 19:13:05 - [TEST_STEP][PASSED] - Statement - toDateEle.click(): null

2018-06-14 19:13:05 - [TEST_STEP][PASSED] - delay: Delayed 4 second(s)

2018-06-14 19:13:09 - [MESSAGE][PASSED] - Delayed 4 second(s)

2018-06-14 19:13:09 - [TEST_STEP][PASSED] - Statement - attr = com.kms.katalon.core.webui.keyword.WebUiBuiltInKeywords.getAttribute(com.kms.katalon.core.testobject.ObjectRepository.findTestObject(ReportsPage/selectedDate1), "value"): Attribute 'value' of object 'Object Repository/ReportsPage/selectedDate1' is: '03/01/2018'

2018-06-14 19:13:09 - [MESSAGE][PASSED] - Attribute 'value' of object 'Object Repository/ReportsPage/selectedDate1' is: '03/01/2018'

2018-06-14 19:13:09 - [TEST_STEP][PASSED] - Statement - fromDateValue = CustomKeywords.projectSpecific.Reusability.getTestData("ReportsPage", "fromDate"): projectSpecific.Reusability.getTestData is PASSED

2018-06-14 19:13:09 - [MESSAGE][PASSED] - projectSpecific.Reusability.getTestData is PASSED

2018-06-14 19:13:09 - [TEST_STEP][PASSED] - Statement - If (!(attr.equals(fromDateValue))): null

2018-06-14 19:13:09 - [TEST_STEP][PASSED] - Statement - attr = com.kms.katalon.core.webui.keyword.WebUiBuiltInKeywords.getAttribute(com.kms.katalon.core.testobject.ObjectRepository.findTestObject(ReportsPage/selectedDate1), "value"): Attribute 'value' of object 'Object Repository/ReportsPage/selectedDate1' is: '03/01/2018'

2018-06-14 19:13:09 - [MESSAGE][PASSED] - Attribute 'value' of object 'Object Repository/ReportsPage/selectedDate1' is: '03/01/2018'

2018-06-14 19:13:09 - [TEST_STEP][PASSED] - Statement - println(attr): null

2018-06-14 19:13:09 - [TEST_STEP][PASSED] - Statement - toDateValue = CustomKeywords.projectSpecific.Reusability.getTestData("ReportsPage", "toDate10"): projectSpecific.Reusability.getTestData is PASSED

2018-06-14 19:13:09 - [MESSAGE][PASSED] - projectSpecific.Reusability.getTestData is PASSED

2018-06-14 19:13:09 - [TEST_STEP][PASSED] - click: Object: 'Object Repository/ReportsPage/generateReport' is clicked on

2018-06-14 19:13:09 - [MESSAGE][PASSED] - Object: 'Object Repository/ReportsPage/generateReport' is clicked on

2018-06-14 19:13:09 - [TEST_STEP][PASSED] - delay: Delayed 25 second(s)

2018-06-14 19:13:34 - [MESSAGE][PASSED] - Delayed 25 second(s)

2018-06-14 19:13:34 - [TEST_STEP][PASSED] - Statement - summHeading = CustomKeywords.projectSpecific.Reusability.getTestData("SummarizedReportPage", "summaryHeading"): projectSpecific.Reusability.getTestData is PASSED

2018-06-14 19:13:34 - [MESSAGE][PASSED] - projectSpecific.Reusability.getTestData is PASSED

2018-06-14 19:13:34 - [TEST_STEP][PASSED] - verifyElementText: Actual text and expected text of test object 'Object Repository/SummarizedReportPage/summaryReport' are matched.

2018-06-14 19:13:34 - [MESSAGE][PASSED] - Actual text and expected text of test object 'Object Repository/SummarizedReportPage/summaryReport' are matched.

2018-06-14 19:13:34 - [TEST_STEP][PASSED] - Statement - startTime = CustomKeywords.projectSpecific.Reusability.getTestData("SummarizedReportPage", "reportstartTime1"): projectSpecific.Reusability.getTestData is PASSED

2018-06-14 19:13:34 - [MESSAGE][PASSED] - projectSpecific.Reusability.getTestData is PASSED

2018-06-14 19:13:34 - [TEST_STEP][PASSED] - Statement - If (startTime != null): null

2018-06-14 19:13:34 - [TEST_STEP][PASSED] - Statement - startTimeText = com.kms.katalon.core.webui.keyword.WebUiBuiltInKeywords.getText(com.kms.katalon.core.testobject.ObjectRepository.findTestObject(SummarizedReportPage/startDateText)).trim(): Text of object 'Object Repository/SummarizedReportPage/startDateText' is: 'MAR 1, 2018 OPEN'

2018-06-14 19:13:34 - [MESSAGE][PASSED] - Text of object 'Object Repository/SummarizedReportPage/startDateText' is: 'MAR 1, 2018 OPEN'

2018-06-14 19:13:34 - [TEST_STEP][PASSED] - verifyMatch: Actual text 'MAR 1, 2018 OPEN' and expected text 'MAR 1, 2018 OPEN' are matched 

2018-06-14 19:13:34 - [MESSAGE][PASSED] - Actual text 'MAR 1, 2018 OPEN' and expected text 'MAR 1, 2018 OPEN' are matched 

2018-06-14 19:13:34 - [TEST_STEP][PASSED] - Statement - endTime = CustomKeywords.projectSpecific.Reusability.getTestData("SummarizedReportPage", "reportendTime1"): projectSpecific.Reusability.getTestData is PASSED

2018-06-14 19:13:34 - [MESSAGE][PASSED] - projectSpecific.Reusability.getTestData is PASSED

2018-06-14 19:13:34 - [TEST_STEP][PASSED] - Statement - If (endTime != null): null

2018-06-14 19:13:34 - [TEST_STEP][PASSED] - Statement - endTimeText = com.kms.katalon.core.webui.keyword.WebUiBuiltInKeywords.getText(com.kms.katalon.core.testobject.ObjectRepository.findTestObject(SummarizedReportPage/endDateText)).trim(): Text of object 'Object Repository/SummarizedReportPage/endDateText' is: 'MAR 5, 2018 CLOSE'

2018-06-14 19:13:34 - [MESSAGE][PASSED] - Text of object 'Object Repository/SummarizedReportPage/endDateText' is: 'MAR 5, 2018 CLOSE'

2018-06-14 19:13:34 - [TEST_STEP][PASSED] - verifyMatch: Actual text 'MAR 5, 2018 CLOSE' and expected text 'MAR 5, 2018 CLOSE' are matched 

2018-06-14 19:13:34 - [MESSAGE][PASSED] - Actual text 'MAR 5, 2018 CLOSE' and expected text 'MAR 5, 2018 CLOSE' are matched 

2018-06-14 19:13:34 - [TEST_STEP][PASSED] - Statement - today = new java.util.Date(): null

2018-06-14 19:13:34 - [TEST_STEP][PASSED] - Statement - println(today.format("d")): null

2018-06-14 19:13:34 - [TEST_STEP][PASSED] - Statement - todayDate = today.format("d"): null

2018-06-14 19:13:34 - [TEST_STEP][PASSED] - Statement - date1 = CustomKeywords.uiaction.CommonUIActions.getText(com.kms.katalon.core.testobject.ObjectRepository.findTestObject(SummarizedReportPage/printDateText)): uiaction.CommonUIActions.getText is PASSED

2018-06-14 19:13:34 - [MESSAGE][PASSED] - uiaction.CommonUIActions.getText is PASSED

2018-06-14 19:13:34 - [TEST_STEP][PASSED] - Statement - If (date1.contains(todayDate)): null

2018-06-14 19:13:34 - [TEST_STEP][PASSED] - Statement - println("print time matched"): null

2018-06-14 19:13:34 - [TEST_STEP][PASSED] - delay: Delayed 8 second(s)

2018-06-14 19:13:42 - [MESSAGE][PASSED] - Delayed 8 second(s)

2018-06-14 19:13:42 - [TEST_STEP][PASSED] - Statement - reportHeaders = CustomKeywords.projectSpecific.Reusability.getTestData("SummarizedReportPage", "ReportsColumnHeader"): projectSpecific.Reusability.getTestData is PASSED

2018-06-14 19:13:42 - [MESSAGE][PASSED] - projectSpecific.Reusability.getTestData is PASSED

2018-06-14 19:13:42 - [TEST_STEP][PASSED] - Statement - reportsArray = reportHeaders.split(","): null

2018-06-14 19:13:42 - [TEST_STEP][PASSED] - Statement - reportsHeaderList = new java.util.ArrayList(java.util.Arrays.asList(reportsArray)): null

2018-06-14 19:13:42 - [TEST_STEP][PASSED] - Statement - reportsHeaderList.unique(): null

2018-06-14 19:13:42 - [TEST_STEP][PASSED] - Statement - out.println(reportsHeaderList): null

2018-06-14 19:13:42 - [TEST_STEP][PASSED] - Statement - columnHeaderList = driver.findElements(org.openqa.selenium.By.xpath(com.kms.katalon.core.testdata.TestDataFactory.findTestData(OR_file).getValue(2, 5))): Reading excel file with source file 'C:\Users\shalinin\Katalon Studio\HME_Scripts\Data Files\HME_OR.xlsx' and sheet name 'Sheet1'

2018-06-14 19:13:43 - [TEST_STEP][PASSED] - Statement - actualList = new java.util.ArrayList(): null

2018-06-14 19:13:43 - [TEST_STEP][PASSED] - Statement - For ([i = 0, i < columnHeaderList.size(), (i++)]): null

2018-06-14 19:13:43 - [TEST_STEP][PASSED] - Statement - actualList.add(i, columnHeaderList.get(i).getText()): null

2018-06-14 19:13:43 - [TEST_STEP][PASSED] - Statement - actualList.add(i, columnHeaderList.get(i).getText()): null

2018-06-14 19:13:43 - [TEST_STEP][PASSED] - Statement - actualList.add(i, columnHeaderList.get(i).getText()): null

2018-06-14 19:13:43 - [TEST_STEP][PASSED] - Statement - actualList.add(i, columnHeaderList.get(i).getText()): null

2018-06-14 19:13:43 - [TEST_STEP][PASSED] - Statement - actualList.add(i, columnHeaderList.get(i).getText()): null

2018-06-14 19:13:43 - [TEST_STEP][PASSED] - Statement - actualList.add(i, columnHeaderList.get(i).getText()): null

2018-06-14 19:13:43 - [TEST_STEP][PASSED] - Statement - actualList.add(i, columnHeaderList.get(i).getText()): null

2018-06-14 19:13:43 - [TEST_STEP][PASSED] - Statement - actualList.add(i, columnHeaderList.get(i).getText()): null

2018-06-14 19:13:43 - [TEST_STEP][PASSED] - Statement - out.println(actualList): null

2018-06-14 19:13:43 - [TEST_STEP][PASSED] - Statement - execFlag1 = true: null

2018-06-14 19:13:43 - [TEST_STEP][PASSED] - Statement - For ([j = 0, j < actualList.size(), (j++)]): null

2018-06-14 19:13:43 - [TEST_STEP][PASSED] - Statement - execFlag1 = com.kms.katalon.core.webui.keyword.WebUiBuiltInKeywords.verifyMatch(reportsHeaderList.get(j).toString().trim(), actualList.get(j).toString().trim(), false): Actual text 'Groups' and expected text 'Groups' are matched 

2018-06-14 19:13:43 - [MESSAGE][PASSED] - Actual text 'Groups' and expected text 'Groups' are matched 

2018-06-14 19:13:43 - [TEST_STEP][PASSED] - Statement - If (!(execFlag1)): null

2018-06-14 19:13:43 - [TEST_STEP][PASSED] - Statement - execFlag1 = com.kms.katalon.core.webui.keyword.WebUiBuiltInKeywords.verifyMatch(reportsHeaderList.get(j).toString().trim(), actualList.get(j).toString().trim(), false): Actual text 'Stores' and expected text 'Stores' are matched 

2018-06-14 19:13:43 - [MESSAGE][PASSED] - Actual text 'Stores' and expected text 'Stores' are matched 

2018-06-14 19:13:43 - [TEST_STEP][PASSED] - Statement - If (!(execFlag1)): null

2018-06-14 19:13:43 - [TEST_STEP][PASSED] - Statement - execFlag1 = com.kms.katalon.core.webui.keyword.WebUiBuiltInKeywords.verifyMatch(reportsHeaderList.get(j).toString().trim(), actualList.get(j).toString().trim(), false): Actual text 'Menu Board' and expected text 'Menu Board' are matched 

2018-06-14 19:13:43 - [MESSAGE][PASSED] - Actual text 'Menu Board' and expected text 'Menu Board' are matched 

2018-06-14 19:13:43 - [TEST_STEP][PASSED] - Statement - If (!(execFlag1)): null

2018-06-14 19:13:43 - [TEST_STEP][PASSED] - Statement - execFlag1 = com.kms.katalon.core.webui.keyword.WebUiBuiltInKeywords.verifyMatch(reportsHeaderList.get(j).toString().trim(), actualList.get(j).toString().trim(), false): Actual text 'Greet' and expected text 'Greet' are matched 

2018-06-14 19:13:43 - [MESSAGE][PASSED] - Actual text 'Greet' and expected text 'Greet' are matched 

2018-06-14 19:13:43 - [TEST_STEP][PASSED] - Statement - If (!(execFlag1)): null

2018-06-14 19:13:43 - [TEST_STEP][PASSED] - Statement - execFlag1 = com.kms.katalon.core.webui.keyword.WebUiBuiltInKeywords.verifyMatch(reportsHeaderList.get(j).toString().trim(), actualList.get(j).toString().trim(), false): Actual text 'Service' and expected text 'Service' are matched 

2018-06-14 19:13:43 - [MESSAGE][PASSED] - Actual text 'Service' and expected text 'Service' are matched 

2018-06-14 19:13:43 - [TEST_STEP][PASSED] - Statement - If (!(execFlag1)): null

2018-06-14 19:13:43 - [TEST_STEP][PASSED] - Statement - execFlag1 = com.kms.katalon.core.webui.keyword.WebUiBuiltInKeywords.verifyMatch(reportsHeaderList.get(j).toString().trim(), actualList.get(j).toString().trim(), false): Actual text 'Lane Queue' and expected text 'Lane Queue' are matched 

2018-06-14 19:13:43 - [MESSAGE][PASSED] - Actual text 'Lane Queue' and expected text 'Lane Queue' are matched 

2018-06-14 19:13:43 - [TEST_STEP][PASSED] - Statement - If (!(execFlag1)): null

2018-06-14 19:13:43 - [TEST_STEP][PASSED] - Statement - execFlag1 = com.kms.katalon.core.webui.keyword.WebUiBuiltInKeywords.verifyMatch(reportsHeaderList.get(j).toString().trim(), actualList.get(j).toString().trim(), false): Actual text 'Lane Total' and expected text 'Lane Total' are matched 

2018-06-14 19:13:43 - [MESSAGE][PASSED] - Actual text 'Lane Total' and expected text 'Lane Total' are matched 

2018-06-14 19:13:43 - [TEST_STEP][PASSED] - Statement - If (!(execFlag1)): null

2018-06-14 19:13:43 - [TEST_STEP][PASSED] - Statement - execFlag1 = com.kms.katalon.core.webui.keyword.WebUiBuiltInKeywords.verifyMatch(reportsHeaderList.get(j).toString().trim(), actualList.get(j).toString().trim(), false): Actual text 'Total Cars' and expected text 'Total Cars' are matched 

2018-06-14 19:13:43 - [MESSAGE][PASSED] - Actual text 'Total Cars' and expected text 'Total Cars' are matched 

2018-06-14 19:13:43 - [TEST_STEP][PASSED] - Statement - If (!(execFlag1)): null

2018-06-14 19:13:43 - [TEST_STEP][PASSED] - Statement - If (execFlag1): null

2018-06-14 19:13:43 - [TEST_STEP][PASSED] - Statement - out.println("Reports Column headers are verified"): null

2018-06-14 19:13:43 - [TEST_STEP][PASSED] - delay: Delayed 8 second(s)

2018-06-14 19:13:51 - [MESSAGE][PASSED] - Delayed 8 second(s)

2018-06-14 19:13:51 - [TEST_STEP][PASSED] - Statement - storeHeader1 = CustomKeywords.projectSpecific.Reusability.getTestData("SummarizedReportPage", "storerowHeader1"): projectSpecific.Reusability.getTestData is PASSED

2018-06-14 19:13:51 - [MESSAGE][PASSED] - projectSpecific.Reusability.getTestData is PASSED

2018-06-14 19:13:51 - [TEST_STEP][PASSED] - Statement - storeHeader1Text = com.kms.katalon.core.webui.keyword.WebUiBuiltInKeywords.getText(com.kms.katalon.core.testobject.ObjectRepository.findTestObject(SummarizedReportPage/storerowUnderHeader1)).trim(): Text of object 'Object Repository/SummarizedReportPage/storerowUnderHeader1' is: 'Total Day'

2018-06-14 19:13:51 - [MESSAGE][PASSED] - Text of object 'Object Repository/SummarizedReportPage/storerowUnderHeader1' is: 'Total Day'

2018-06-14 19:13:51 - [TEST_STEP][FAILED] - verifyMatch: Unable to verify match between actual text 'dummyAutomationGroup1' and expected text 'Total Day' (Root cause: Actual text 'dummyAutomationGroup1' and expected text 'Total Day' are not matched)

2018-06-14 19:13:51 - [MESSAGE][FAILED] - Unable to verify match between actual text 'dummyAutomationGroup1' and expected text 'Total Day' (Root cause: Actual text 'dummyAutomationGroup1' and expected text 'Total Day' are not matched)

2018-06-14 19:13:51 - [TEST_STEP][PASSED] - verifyElementText: Actual text and expected text of test object 'Object Repository/SummarizedReportPage/weekRange1' are matched.

2018-06-14 19:13:51 - [MESSAGE][PASSED] - projectSpecific.Reusability.getTestData is PASSED

2018-06-14 19:13:51 - [MESSAGE][PASSED] - Actual text and expected text of test object 'Object Repository/SummarizedReportPage/weekRange1' are matched.

2018-06-14 19:13:51 - [TEST_STEP][PASSED] - verifyElementText: Actual text and expected text of test object 'Object Repository/SummarizedReportPage/weekRange2' are matched.

2018-06-14 19:13:51 - [MESSAGE][PASSED] - projectSpecific.Reusability.getTestData is PASSED

2018-06-14 19:13:51 - [MESSAGE][PASSED] - Actual text and expected text of test object 'Object Repository/SummarizedReportPage/weekRange2' are matched.

2018-06-14 19:13:51 - [TEST_STEP][PASSED] - uiaction.CommonUIActions.click: uiaction.CommonUIActions.click is PASSED

2018-06-14 19:13:51 - [MESSAGE][PASSED] - uiaction.CommonUIActions.click is PASSED

2018-06-14 19:13:51 - [TEST_STEP][PASSED] - delay: Delayed 15 second(s)

2018-06-14 19:14:06 - [MESSAGE][PASSED] - Delayed 15 second(s)

2018-06-14 19:14:06 - [TEST_STEP][PASSED] - verifyElementText: Actual text and expected text of test object 'Object Repository/SummarizedReportPage/weekDateRange1' are matched.

2018-06-14 19:14:06 - [MESSAGE][PASSED] - projectSpecific.Reusability.getTestData is PASSED

2018-06-14 19:14:06 - [MESSAGE][PASSED] - Actual text and expected text of test object 'Object Repository/SummarizedReportPage/weekDateRange1' are matched.

2018-06-14 19:14:06 - [TEST_STEP][PASSED] - verifyElementText: Actual text and expected text of test object 'Object Repository/SummarizedReportPage/weekDateRange2' are matched.

2018-06-14 19:14:06 - [MESSAGE][PASSED] - projectSpecific.Reusability.getTestData is PASSED

2018-06-14 19:14:06 - [MESSAGE][PASSED] - Actual text and expected text of test object 'Object Repository/SummarizedReportPage/weekDateRange2' are matched.

2018-06-14 19:14:06 - [TEST_STEP][PASSED] - uiaction.CommonUIActions.click: uiaction.CommonUIActions.click is PASSED

2018-06-14 19:14:06 - [MESSAGE][PASSED] - uiaction.CommonUIActions.click is PASSED

2018-06-14 19:14:06 - [TEST_STEP][PASSED] - delay: Delayed 15 second(s)

2018-06-14 19:14:21 - [MESSAGE][PASSED] - Delayed 15 second(s)

2018-06-14 19:14:21 - [TEST_STEP][PASSED] - verifyElementText: Actual text and expected text of test object 'Object Repository/SummarizedReportPage/weekDateRange1' are matched.

2018-06-14 19:14:21 - [MESSAGE][PASSED] - projectSpecific.Reusability.getTestData is PASSED

2018-06-14 19:14:21 - [MESSAGE][PASSED] - Actual text and expected text of test object 'Object Repository/SummarizedReportPage/weekDateRange1' are matched.

2018-06-14 19:14:21 - [TEST_STEP][PASSED] - verifyElementText: Actual text and expected text of test object 'Object Repository/SummarizedReportPage/weekDateRange2' are matched.

2018-06-14 19:14:21 - [MESSAGE][PASSED] - projectSpecific.Reusability.getTestData is PASSED

2018-06-14 19:14:21 - [MESSAGE][PASSED] - Actual text and expected text of test object 'Object Repository/SummarizedReportPage/weekDateRange2' are matched.

2018-06-14 19:14:21 - [TEST_STEP][PASSED] - verifyElementText: Actual text and expected text of test object 'Object Repository/SummarizedReportPage/weekDateRange3' are matched.

2018-06-14 19:14:21 - [MESSAGE][PASSED] - projectSpecific.Reusability.getTestData is PASSED

2018-06-14 19:14:21 - [MESSAGE][PASSED] - Actual text and expected text of test object 'Object Repository/SummarizedReportPage/weekDateRange3' are matched.

2018-06-14 19:14:21 - [TEST_STEP][PASSED] - verifyElementText: Actual text and expected text of test object 'Object Repository/SummarizedReportPage/weekDateRange4' are matched.

2018-06-14 19:14:21 - [MESSAGE][PASSED] - projectSpecific.Reusability.getTestData is PASSED

2018-06-14 19:14:21 - [MESSAGE][PASSED] - Actual text and expected text of test object 'Object Repository/SummarizedReportPage/weekDateRange4' are matched.

2018-06-14 19:14:21 - [TEST_STEP][PASSED] - uiaction.CommonUIActions.click: uiaction.CommonUIActions.click is PASSED

2018-06-14 19:14:21 - [MESSAGE][PASSED] - uiaction.CommonUIActions.click is PASSED

2018-06-14 19:14:21 - [TEST_STEP][PASSED] - delay: Delayed 15 second(s)

2018-06-14 19:14:36 - [MESSAGE][PASSED] - Delayed 15 second(s)

2018-06-14 19:14:36 - [TEST_STEP][PASSED] - verifyElementVisible: Object 'Object Repository/SummarizedReportPage/storeHeading' is visible

2018-06-14 19:14:36 - [MESSAGE][PASSED] - Object 'Object Repository/SummarizedReportPage/storeHeading' is visible

2018-06-14 19:14:36 - [TEST_STEP][PASSED] - verifyElementVisible: Object 'Object Repository/SummarizedReportPage/storeDescHeading' is visible

2018-06-14 19:14:36 - [MESSAGE][PASSED] - Object 'Object Repository/SummarizedReportPage/storeDescHeading' is visible

2018-06-14 19:14:36 - [TEST_STEP][PASSED] - verifyElementVisible: Object 'Object Repository/SummarizedReportPage/startTimeHeading' is visible

2018-06-14 19:14:36 - [MESSAGE][PASSED] - Object 'Object Repository/SummarizedReportPage/startTimeHeading' is visible

2018-06-14 19:14:36 - [TEST_STEP][PASSED] - verifyElementVisible: Object 'Object Repository/SummarizedReportPage/stopTimeHeading' is visible

2018-06-14 19:14:36 - [MESSAGE][PASSED] - Object 'Object Repository/SummarizedReportPage/stopTimeHeading' is visible

2018-06-14 19:14:36 - [TEST_STEP][PASSED] - Statement - startTimeText = CustomKeywords.uiaction.CommonUIActions.getText(com.kms.katalon.core.testobject.ObjectRepository.findTestObject(SummarizedReportPage/startTimeText)): uiaction.CommonUIActions.getText is PASSED

2018-06-14 19:14:36 - [MESSAGE][PASSED] - uiaction.CommonUIActions.getText is PASSED

2018-06-14 19:14:36 - [TEST_STEP][PASSED] - Statement - startTimeText = startTimeText.trim(): null

2018-06-14 19:14:36 - [TEST_STEP][PASSED] - Statement - startText = CustomKeywords.projectSpecific.Reusability.getTestData("SummarizedReportPage", "startText"): projectSpecific.Reusability.getTestData is PASSED

2018-06-14 19:14:37 - [MESSAGE][PASSED] - projectSpecific.Reusability.getTestData is PASSED

2018-06-14 19:14:37 - [TEST_STEP][PASSED] - Statement - startText = startText.trim(): null

2018-06-14 19:14:37 - [TEST_STEP][PASSED] - Statement - If (startTimeText.equals(startText)): null

2018-06-14 19:14:37 - [TEST_STEP][PASSED] - Statement - out.println("headers in daily report for a selected store displayed"): null

2018-06-14 19:14:37 - [TEST_STEP][PASSED] - Statement - endTimeText = CustomKeywords.projectSpecific.Reusability.getTestData("SummarizedReportPage", "endText"): projectSpecific.Reusability.getTestData is PASSED

2018-06-14 19:14:37 - [MESSAGE][PASSED] - projectSpecific.Reusability.getTestData is PASSED

2018-06-14 19:14:37 - [TEST_STEP][PASSED] - Statement - endTimeText = endTimeText.trim(): null

2018-06-14 19:14:37 - [TEST_STEP][PASSED] - Statement - endText = CustomKeywords.uiaction.CommonUIActions.getText(com.kms.katalon.core.testobject.ObjectRepository.findTestObject(SummarizedReportPage/endTimeText)): uiaction.CommonUIActions.getText is PASSED

2018-06-14 19:14:37 - [MESSAGE][PASSED] - uiaction.CommonUIActions.getText is PASSED

2018-06-14 19:14:37 - [TEST_STEP][PASSED] - Statement - endText = endText.trim(): null

2018-06-14 19:14:37 - [TEST_STEP][PASSED] - Statement - If (endTimeText.equals(endTimeText)): null

2018-06-14 19:14:37 - [TEST_STEP][PASSED] - Statement - out.println("endTime is displayed "): null

2018-06-14 19:14:37 - [TEST_STEP][PASSED] - Statement - date2 = CustomKeywords.uiaction.CommonUIActions.getText(com.kms.katalon.core.testobject.ObjectRepository.findTestObject(SummarizedReportPage/printDateValue)): uiaction.CommonUIActions.getText is PASSED

2018-06-14 19:14:37 - [MESSAGE][PASSED] - uiaction.CommonUIActions.getText is PASSED

2018-06-14 19:14:37 - [TEST_STEP][PASSED] - Statement - If (date2.contains(todayDate)): null

2018-06-14 19:14:37 - [TEST_STEP][PASSED] - Statement - println("Print Date matched"): null

2018-06-14 19:14:37 - [TEST_STEP][PASSED] - Statement - reportHeaders = CustomKeywords.projectSpecific.Reusability.getTestData("SummarizedReportPage", "ReportsColumnHeader4"): projectSpecific.Reusability.getTestData is PASSED

2018-06-14 19:14:37 - [MESSAGE][PASSED] - projectSpecific.Reusability.getTestData is PASSED

2018-06-14 19:14:37 - [TEST_STEP][PASSED] - Statement - reportsArray = reportHeaders.split(","): null

2018-06-14 19:14:37 - [TEST_STEP][PASSED] - Statement - reportsHeaderList = new java.util.ArrayList(java.util.Arrays.asList(reportsArray)): null

2018-06-14 19:14:37 - [TEST_STEP][PASSED] - Statement - reportsHeaderList.unique(): null

2018-06-14 19:14:37 - [TEST_STEP][PASSED] - Statement - out.println(reportsHeaderList): null

2018-06-14 19:14:37 - [TEST_STEP][PASSED] - Statement - columnHeaderList = driver.findElements(org.openqa.selenium.By.xpath(com.kms.katalon.core.testdata.TestDataFactory.findTestData(OR_file).getValue(2, 27))): Reading excel file with source file 'C:\Users\shalinin\Katalon Studio\HME_Scripts\Data Files\HME_OR.xlsx' and sheet name 'Sheet1'

2018-06-14 19:14:37 - [TEST_STEP][PASSED] - Statement - actualList = new java.util.ArrayList(): null

2018-06-14 19:14:37 - [TEST_STEP][PASSED] - Statement - For ([i = 0, i < columnHeaderList.size(), (i++)]): null

2018-06-14 19:14:37 - [TEST_STEP][PASSED] - Statement - actualList.add(i, columnHeaderList.get(i).getText()): null

2018-06-14 19:14:37 - [TEST_STEP][PASSED] - Statement - actualList.add(i, columnHeaderList.get(i).getText()): null

2018-06-14 19:14:37 - [TEST_STEP][PASSED] - Statement - actualList.add(i, columnHeaderList.get(i).getText()): null

2018-06-14 19:14:37 - [TEST_STEP][PASSED] - Statement - actualList.add(i, columnHeaderList.get(i).getText()): null

2018-06-14 19:14:37 - [TEST_STEP][PASSED] - Statement - actualList.add(i, columnHeaderList.get(i).getText()): null

2018-06-14 19:14:37 - [TEST_STEP][PASSED] - Statement - actualList.add(i, columnHeaderList.get(i).getText()): null

2018-06-14 19:14:37 - [TEST_STEP][PASSED] - Statement - actualList.add(i, columnHeaderList.get(i).getText()): null

2018-06-14 19:14:37 - [TEST_STEP][PASSED] - Statement - out.println(actualList): null

2018-06-14 19:14:37 - [TEST_STEP][PASSED] - Statement - execFlag1 = true: null

2018-06-14 19:14:37 - [TEST_STEP][PASSED] - Statement - For ([j = 0, j < actualList.size(), (j++)]): null

2018-06-14 19:14:37 - [TEST_STEP][PASSED] - Statement - execFlag1 = com.kms.katalon.core.webui.keyword.WebUiBuiltInKeywords.verifyMatch(reportsHeaderList.get(j).toString().trim(), actualList.get(j).toString().trim(), false): Actual text 'Day' and expected text 'Day' are matched 

2018-06-14 19:14:37 - [MESSAGE][PASSED] - Actual text 'Day' and expected text 'Day' are matched 

2018-06-14 19:14:37 - [TEST_STEP][PASSED] - Statement - If (!(execFlag1)): null

2018-06-14 19:14:37 - [TEST_STEP][PASSED] - Statement - execFlag1 = com.kms.katalon.core.webui.keyword.WebUiBuiltInKeywords.verifyMatch(reportsHeaderList.get(j).toString().trim(), actualList.get(j).toString().trim(), false): Actual text 'Menu Board' and expected text 'Menu Board' are matched 

2018-06-14 19:14:37 - [MESSAGE][PASSED] - Actual text 'Menu Board' and expected text 'Menu Board' are matched 

2018-06-14 19:14:37 - [TEST_STEP][PASSED] - Statement - If (!(execFlag1)): null

2018-06-14 19:14:37 - [TEST_STEP][PASSED] - Statement - execFlag1 = com.kms.katalon.core.webui.keyword.WebUiBuiltInKeywords.verifyMatch(reportsHeaderList.get(j).toString().trim(), actualList.get(j).toString().trim(), false): Actual text 'Greet' and expected text 'Greet' are matched 

2018-06-14 19:14:37 - [MESSAGE][PASSED] - Actual text 'Greet' and expected text 'Greet' are matched 

2018-06-14 19:14:37 - [TEST_STEP][PASSED] - Statement - If (!(execFlag1)): null

2018-06-14 19:14:37 - [TEST_STEP][PASSED] - Statement - execFlag1 = com.kms.katalon.core.webui.keyword.WebUiBuiltInKeywords.verifyMatch(reportsHeaderList.get(j).toString().trim(), actualList.get(j).toString().trim(), false): Actual text 'Service' and expected text 'Service' are matched 

2018-06-14 19:14:37 - [MESSAGE][PASSED] - Actual text 'Service' and expected text 'Service' are matched 

2018-06-14 19:14:37 - [TEST_STEP][PASSED] - Statement - If (!(execFlag1)): null

2018-06-14 19:14:37 - [TEST_STEP][PASSED] - Statement - execFlag1 = com.kms.katalon.core.webui.keyword.WebUiBuiltInKeywords.verifyMatch(reportsHeaderList.get(j).toString().trim(), actualList.get(j).toString().trim(), false): Actual text 'Lane Queue' and expected text 'Lane Queue' are matched 

2018-06-14 19:14:37 - [MESSAGE][PASSED] - Actual text 'Lane Queue' and expected text 'Lane Queue' are matched 

2018-06-14 19:14:37 - [TEST_STEP][PASSED] - Statement - If (!(execFlag1)): null

2018-06-14 19:14:37 - [TEST_STEP][PASSED] - Statement - execFlag1 = com.kms.katalon.core.webui.keyword.WebUiBuiltInKeywords.verifyMatch(reportsHeaderList.get(j).toString().trim(), actualList.get(j).toString().trim(), false): Actual text 'Lane Total' and expected text 'Lane Total' are matched 

2018-06-14 19:14:37 - [MESSAGE][PASSED] - Actual text 'Lane Total' and expected text 'Lane Total' are matched 

2018-06-14 19:14:37 - [TEST_STEP][PASSED] - Statement - If (!(execFlag1)): null

2018-06-14 19:14:37 - [TEST_STEP][PASSED] - Statement - execFlag1 = com.kms.katalon.core.webui.keyword.WebUiBuiltInKeywords.verifyMatch(reportsHeaderList.get(j).toString().trim(), actualList.get(j).toString().trim(), false): Actual text 'Total Cars' and expected text 'Total Cars' are matched 

2018-06-14 19:14:37 - [MESSAGE][PASSED] - Actual text 'Total Cars' and expected text 'Total Cars' are matched 

2018-06-14 19:14:37 - [TEST_STEP][PASSED] - Statement - If (!(execFlag1)): null

2018-06-14 19:14:37 - [TEST_STEP][PASSED] - Statement - If (execFlag1): null

2018-06-14 19:14:37 - [TEST_STEP][PASSED] - Statement - out.println("Reports Column headers are verified"): null

2018-06-14 19:14:37 - [TEST_STEP][PASSED] - Statement - storeReportDate = CustomKeywords.uiaction.CommonUIActions.getText(com.kms.katalon.core.testobject.ObjectRepository.findTestObject(SummarizedReportPage/storeReportDate)): uiaction.CommonUIActions.getText is PASSED

2018-06-14 19:14:37 - [MESSAGE][PASSED] - uiaction.CommonUIActions.getText is PASSED

2018-06-14 19:14:37 - [TEST_STEP][PASSED] - Statement - storeReportDate = storeReportDate.trim(): null

2018-06-14 19:14:37 - [TEST_STEP][PASSED] - Statement - storeReportDateValue = CustomKeywords.projectSpecific.Reusability.getTestData("SummarizedReportPage", "storeReportDate"): projectSpecific.Reusability.getTestData is PASSED

2018-06-14 19:14:37 - [MESSAGE][PASSED] - projectSpecific.Reusability.getTestData is PASSED

2018-06-14 19:14:37 - [TEST_STEP][PASSED] - Statement - If (storeReportDate.equals(storeReportDateValue)): null

2018-06-14 19:14:37 - [TEST_STEP][PASSED] - Statement - out.println("rows displayed under Day column-passed"): null

2018-06-14 19:14:37 - [TEST_STEP][PASSED] - back: Navigate back successfully

2018-06-14 19:14:37 - [MESSAGE][PASSED] - Navigate back successfully

2018-06-14 19:14:37 - [TEST_STEP][PASSED] - delay: Delayed 10 second(s)

2018-06-14 19:14:47 - [MESSAGE][PASSED] - Delayed 10 second(s)

2018-06-14 19:14:47 - [TEST_STEP][PASSED] - back: Navigate back successfully

2018-06-14 19:14:47 - [MESSAGE][PASSED] - Navigate back successfully

2018-06-14 19:14:47 - [TEST_STEP][PASSED] - delay: Delayed 10 second(s)

2018-06-14 19:14:57 - [MESSAGE][PASSED] - Delayed 10 second(s)

2018-06-14 19:14:57 - [TEST_STEP][PASSED] - Statement - groupmain1 = CustomKeywords.projectSpecific.Reusability.getTestData("ReportingGroupManagementPage", "dummyGroupName1"): projectSpecific.Reusability.getTestData is PASSED

2018-06-14 19:14:57 - [MESSAGE][PASSED] - projectSpecific.Reusability.getTestData is PASSED

2018-06-14 19:14:57 - [TEST_STEP][PASSED] - Statement - driver.findElement(org.openqa.selenium.By.xpath("//span[contains(text(),'" + groupmain1 + "')]/../../../../span[1]")).click(): null

2018-06-14 19:14:57 - [TEST_STEP][PASSED] - Statement - driver.findElement(org.openqa.selenium.By.xpath("//span[contains(text(),'" + groupmain1 + "')]/../../../../span[2]")).click(): null

2018-06-14 19:14:57 - [TEST_STEP][PASSED] - click: Object: 'Object Repository/ReportsPage/timeSelection' is clicked on

2018-06-14 19:14:57 - [MESSAGE][PASSED] - Object: 'Object Repository/ReportsPage/timeSelection' is clicked on

2018-06-14 19:14:57 - [TEST_STEP][PASSED] - click: Object: 'Object Repository/ReportsPage/daypartTimeOption' is clicked on

2018-06-14 19:14:57 - [MESSAGE][PASSED] - Object: 'Object Repository/ReportsPage/daypartTimeOption' is clicked on

2018-06-14 19:14:57 - [TEST_STEP][PASSED] - delay: Delayed 4 second(s)

2018-06-14 19:15:01 - [MESSAGE][PASSED] - Delayed 4 second(s)

2018-06-14 19:15:01 - [TEST_STEP][PASSED] - click: Object: 'Object Repository/ReportsPage/fromDateSelector' is clicked on

2018-06-14 19:15:01 - [MESSAGE][PASSED] - Object: 'Object Repository/ReportsPage/fromDateSelector' is clicked on

2018-06-14 19:15:01 - [TEST_STEP][PASSED] - delay: Delayed 4 second(s)

2018-06-14 19:15:05 - [MESSAGE][PASSED] - Delayed 4 second(s)

2018-06-14 19:15:05 - [TEST_STEP][PASSED] - Statement - monthText9 = com.kms.katalon.core.webui.keyword.WebUiBuiltInKeywords.getText(com.kms.katalon.core.testobject.ObjectRepository.findTestObject(ReportsPage/monthText)): Text of object 'Object Repository/ReportsPage/monthText' is: 'June 2018'

2018-06-14 19:15:05 - [MESSAGE][PASSED] - Text of object 'Object Repository/ReportsPage/monthText' is: 'June 2018'

2018-06-14 19:15:05 - [TEST_STEP][PASSED] - Statement - monthTextArray9 = monthText9.split(" "): null

2018-06-14 19:15:05 - [TEST_STEP][PASSED] - Statement - month = monthTextArray9[0]: null

2018-06-14 19:15:05 - [TEST_STEP][PASSED] - Statement - monthTextValue = CustomKeywords.projectSpecific.Reusability.getTestData("ReportsPage", "Month"): projectSpecific.Reusability.getTestData is PASSED

2018-06-14 19:15:05 - [MESSAGE][PASSED] - projectSpecific.Reusability.getTestData is PASSED

2018-06-14 19:15:05 - [TEST_STEP][PASSED] - Statement - If (!(monthTextValue.equals(month))): null

2018-06-14 19:15:05 - [TEST_STEP][PASSED] - Statement - While (!(monthTextValue.equals(month))): null

2018-06-14 19:15:05 - [TEST_STEP][PASSED] - click: Object: 'Object Repository/ReportsPage/previousDateSelector' is clicked on

2018-06-14 19:15:05 - [MESSAGE][PASSED] - Object: 'Object Repository/ReportsPage/previousDateSelector' is clicked on

2018-06-14 19:15:05 - [TEST_STEP][PASSED] - Statement - monthText = com.kms.katalon.core.webui.keyword.WebUiBuiltInKeywords.getText(com.kms.katalon.core.testobject.ObjectRepository.findTestObject(ReportsPage/monthText)): Text of object 'Object Repository/ReportsPage/monthText' is: 'May 2018'

2018-06-14 19:15:05 - [MESSAGE][PASSED] - Text of object 'Object Repository/ReportsPage/monthText' is: 'May 2018'

2018-06-14 19:15:05 - [TEST_STEP][PASSED] - Statement - monthTextArray = monthText.split(" "): null

2018-06-14 19:15:05 - [TEST_STEP][PASSED] - Statement - month = monthTextArray[0]: null

2018-06-14 19:15:05 - [TEST_STEP][PASSED] - click: Object: 'Object Repository/ReportsPage/previousDateSelector' is clicked on

2018-06-14 19:15:06 - [MESSAGE][PASSED] - Object: 'Object Repository/ReportsPage/previousDateSelector' is clicked on

2018-06-14 19:15:06 - [TEST_STEP][PASSED] - Statement - monthText = com.kms.katalon.core.webui.keyword.WebUiBuiltInKeywords.getText(com.kms.katalon.core.testobject.ObjectRepository.findTestObject(ReportsPage/monthText)): Text of object 'Object Repository/ReportsPage/monthText' is: 'April 2018'

2018-06-14 19:15:06 - [MESSAGE][PASSED] - Text of object 'Object Repository/ReportsPage/monthText' is: 'April 2018'

2018-06-14 19:15:06 - [TEST_STEP][PASSED] - Statement - monthTextArray = monthText.split(" "): null

2018-06-14 19:15:06 - [TEST_STEP][PASSED] - Statement - month = monthTextArray[0]: null

2018-06-14 19:15:06 - [TEST_STEP][PASSED] - click: Object: 'Object Repository/ReportsPage/previousDateSelector' is clicked on

2018-06-14 19:15:06 - [MESSAGE][PASSED] - Object: 'Object Repository/ReportsPage/previousDateSelector' is clicked on

2018-06-14 19:15:06 - [TEST_STEP][PASSED] - Statement - monthText = com.kms.katalon.core.webui.keyword.WebUiBuiltInKeywords.getText(com.kms.katalon.core.testobject.ObjectRepository.findTestObject(ReportsPage/monthText)): Text of object 'Object Repository/ReportsPage/monthText' is: 'March 2018'

2018-06-14 19:15:06 - [MESSAGE][PASSED] - Text of object 'Object Repository/ReportsPage/monthText' is: 'March 2018'

2018-06-14 19:15:06 - [TEST_STEP][PASSED] - Statement - monthTextArray = monthText.split(" "): null

2018-06-14 19:15:06 - [TEST_STEP][PASSED] - Statement - month = monthTextArray[0]: null

2018-06-14 19:15:06 - [TEST_STEP][PASSED] - Statement - data = CustomKeywords.projectSpecific.Reusability.getTestData("ReportsPage", "StartDate"): projectSpecific.Reusability.getTestData is PASSED

2018-06-14 19:15:06 - [MESSAGE][PASSED] - projectSpecific.Reusability.getTestData is PASSED

2018-06-14 19:15:06 - [TEST_STEP][PASSED] - Statement - startDate = "(//td[text()='" + data + "'])[1]": null

2018-06-14 19:15:06 - [TEST_STEP][PASSED] - Statement - println(startDate): null

2018-06-14 19:15:06 - [TEST_STEP][PASSED] - Statement - startdateEle = driver.findElement(org.openqa.selenium.By.xpath(startDate)): null

2018-06-14 19:15:06 - [TEST_STEP][PASSED] - Statement - startdateEle.click(): null

2018-06-14 19:15:06 - [TEST_STEP][PASSED] - delay: Delayed 3 second(s)

2018-06-14 19:15:09 - [MESSAGE][PASSED] - Delayed 3 second(s)

2018-06-14 19:15:09 - [TEST_STEP][PASSED] - click: Object: 'Object Repository/ReportsPage/toDateSelector' is clicked on

2018-06-14 19:15:09 - [MESSAGE][PASSED] - Object: 'Object Repository/ReportsPage/toDateSelector' is clicked on

2018-06-14 19:15:09 - [TEST_STEP][PASSED] - delay: Delayed 3 second(s)

2018-06-14 19:15:12 - [MESSAGE][PASSED] - Delayed 3 second(s)

2018-06-14 19:15:12 - [TEST_STEP][PASSED] - Statement - monthText = com.kms.katalon.core.webui.keyword.WebUiBuiltInKeywords.getText(com.kms.katalon.core.testobject.ObjectRepository.findTestObject(ReportsPage/monthText2)): Text of object 'Object Repository/ReportsPage/monthText2' is: 'June 2018'

2018-06-14 19:15:12 - [MESSAGE][PASSED] - Text of object 'Object Repository/ReportsPage/monthText2' is: 'June 2018'

2018-06-14 19:15:12 - [TEST_STEP][PASSED] - Statement - monthTextArray = monthText.split(" "): null

2018-06-14 19:15:12 - [TEST_STEP][PASSED] - Statement - month = monthTextArray[0]: null

2018-06-14 19:15:12 - [TEST_STEP][PASSED] - Statement - If (!(monthTextValue.equals(month))): null

2018-06-14 19:15:12 - [TEST_STEP][PASSED] - Statement - While (!(monthTextValue.equals(month))): null

2018-06-14 19:15:12 - [TEST_STEP][PASSED] - click: Object: 'Object Repository/ReportsPage/previousDateSelector2' is clicked on

2018-06-14 19:15:12 - [MESSAGE][PASSED] - Object: 'Object Repository/ReportsPage/previousDateSelector2' is clicked on

2018-06-14 19:15:12 - [TEST_STEP][PASSED] - Statement - monthText = com.kms.katalon.core.webui.keyword.WebUiBuiltInKeywords.getText(com.kms.katalon.core.testobject.ObjectRepository.findTestObject(ReportsPage/monthText2)): Text of object 'Object Repository/ReportsPage/monthText2' is: 'May 2018'

2018-06-14 19:15:12 - [MESSAGE][PASSED] - Text of object 'Object Repository/ReportsPage/monthText2' is: 'May 2018'

2018-06-14 19:15:12 - [TEST_STEP][PASSED] - Statement - monthTextArray = monthText.split(" "): null

2018-06-14 19:15:12 - [TEST_STEP][PASSED] - Statement - month = monthTextArray[0]: null

2018-06-14 19:15:12 - [TEST_STEP][PASSED] - click: Object: 'Object Repository/ReportsPage/previousDateSelector2' is clicked on

2018-06-14 19:15:12 - [MESSAGE][PASSED] - Object: 'Object Repository/ReportsPage/previousDateSelector2' is clicked on

2018-06-14 19:15:12 - [TEST_STEP][PASSED] - Statement - monthText = com.kms.katalon.core.webui.keyword.WebUiBuiltInKeywords.getText(com.kms.katalon.core.testobject.ObjectRepository.findTestObject(ReportsPage/monthText2)): Text of object 'Object Repository/ReportsPage/monthText2' is: 'April 2018'

2018-06-14 19:15:12 - [MESSAGE][PASSED] - Text of object 'Object Repository/ReportsPage/monthText2' is: 'April 2018'

2018-06-14 19:15:12 - [TEST_STEP][PASSED] - Statement - monthTextArray = monthText.split(" "): null

2018-06-14 19:15:12 - [TEST_STEP][PASSED] - Statement - month = monthTextArray[0]: null

2018-06-14 19:15:12 - [TEST_STEP][PASSED] - click: Object: 'Object Repository/ReportsPage/previousDateSelector2' is clicked on

2018-06-14 19:15:12 - [MESSAGE][PASSED] - Object: 'Object Repository/ReportsPage/previousDateSelector2' is clicked on

2018-06-14 19:15:12 - [TEST_STEP][PASSED] - Statement - monthText = com.kms.katalon.core.webui.keyword.WebUiBuiltInKeywords.getText(com.kms.katalon.core.testobject.ObjectRepository.findTestObject(ReportsPage/monthText2)): Text of object 'Object Repository/ReportsPage/monthText2' is: 'March 2018'

2018-06-14 19:15:12 - [MESSAGE][PASSED] - Text of object 'Object Repository/ReportsPage/monthText2' is: 'March 2018'

2018-06-14 19:15:12 - [TEST_STEP][PASSED] - Statement - monthTextArray = monthText.split(" "): null

2018-06-14 19:15:12 - [TEST_STEP][PASSED] - Statement - month = monthTextArray[0]: null

2018-06-14 19:15:12 - [TEST_STEP][PASSED] - delay: Delayed 5 second(s)

2018-06-14 19:15:17 - [MESSAGE][PASSED] - Delayed 5 second(s)

2018-06-14 19:15:17 - [TEST_STEP][PASSED] - Statement - toDate = "(//div[@class='rdtPicker']/div/table/tbody/tr/td[text()='" + CustomKeywords.projectSpecific.Reusability.getTestData("ReportsPage", "EndDate9") + "'])[3]": projectSpecific.Reusability.getTestData is PASSED

2018-06-14 19:15:17 - [MESSAGE][PASSED] - projectSpecific.Reusability.getTestData is PASSED

2018-06-14 19:15:17 - [TEST_STEP][PASSED] - Statement - println(toDate): null

2018-06-14 19:15:17 - [TEST_STEP][PASSED] - Statement - toDateEle = driver.findElement(org.openqa.selenium.By.xpath(toDate)): null

2018-06-14 19:15:17 - [TEST_STEP][PASSED] - delay: Delayed 2 second(s)

2018-06-14 19:15:19 - [MESSAGE][PASSED] - Delayed 2 second(s)

2018-06-14 19:15:19 - [TEST_STEP][PASSED] - Statement - toDateEle.click(): null

2018-06-14 19:15:19 - [TEST_STEP][PASSED] - delay: Delayed 4 second(s)

2018-06-14 19:15:23 - [MESSAGE][PASSED] - Delayed 4 second(s)

2018-06-14 19:15:23 - [TEST_STEP][PASSED] - Statement - attr = com.kms.katalon.core.webui.keyword.WebUiBuiltInKeywords.getAttribute(com.kms.katalon.core.testobject.ObjectRepository.findTestObject(ReportsPage/selectedDate1), "value"): Attribute 'value' of object 'Object Repository/ReportsPage/selectedDate1' is: '03/01/2018'

2018-06-14 19:15:23 - [MESSAGE][PASSED] - Attribute 'value' of object 'Object Repository/ReportsPage/selectedDate1' is: '03/01/2018'

2018-06-14 19:15:23 - [TEST_STEP][PASSED] - Statement - fromDateValue = CustomKeywords.projectSpecific.Reusability.getTestData("ReportsPage", "fromDate"): projectSpecific.Reusability.getTestData is PASSED

2018-06-14 19:15:23 - [MESSAGE][PASSED] - projectSpecific.Reusability.getTestData is PASSED

2018-06-14 19:15:23 - [TEST_STEP][PASSED] - Statement - If (!(attr.equals(fromDateValue))): null

2018-06-14 19:15:23 - [TEST_STEP][PASSED] - Statement - attr = com.kms.katalon.core.webui.keyword.WebUiBuiltInKeywords.getAttribute(com.kms.katalon.core.testobject.ObjectRepository.findTestObject(ReportsPage/selectedDate1), "value"): Attribute 'value' of object 'Object Repository/ReportsPage/selectedDate1' is: '03/01/2018'

2018-06-14 19:15:23 - [MESSAGE][PASSED] - Attribute 'value' of object 'Object Repository/ReportsPage/selectedDate1' is: '03/01/2018'

2018-06-14 19:15:23 - [TEST_STEP][PASSED] - Statement - println(attr): null

2018-06-14 19:15:23 - [TEST_STEP][PASSED] - Statement - toDateValue = CustomKeywords.projectSpecific.Reusability.getTestData("ReportsPage", "toDate10"): projectSpecific.Reusability.getTestData is PASSED

2018-06-14 19:15:23 - [MESSAGE][PASSED] - projectSpecific.Reusability.getTestData is PASSED

2018-06-14 19:15:23 - [TEST_STEP][PASSED] - uiaction.CommonUIActions.click: uiaction.CommonUIActions.click is PASSED

2018-06-14 19:15:23 - [MESSAGE][PASSED] - uiaction.CommonUIActions.click is PASSED

2018-06-14 19:15:23 - [TEST_STEP][PASSED] - delay: Delayed 25 second(s)

2018-06-14 19:15:48 - [MESSAGE][PASSED] - Delayed 25 second(s)

2018-06-14 19:15:48 - [TEST_STEP][PASSED] - verifyElementPresent: Object 'Object Repository/SummarizedReportPage/average_time' is present

2018-06-14 19:15:48 - [MESSAGE][PASSED] - Object 'Object Repository/SummarizedReportPage/average_time' is present

2018-06-14 19:15:48 - [TEST_STEP][PASSED] - uiaction.CommonUIActions.click: uiaction.CommonUIActions.click is PASSED

2018-06-14 19:15:48 - [MESSAGE][PASSED] - uiaction.CommonUIActions.click is PASSED

2018-06-14 19:15:48 - [TEST_STEP][PASSED] - delay: Delayed 15 second(s)

2018-06-14 19:16:03 - [MESSAGE][PASSED] - Delayed 15 second(s)

2018-06-14 19:16:03 - [TEST_STEP][PASSED] - Statement - daypart = CustomKeywords.projectSpecific.Reusability.getTestData("SummarizedReportPage", "daypart"): projectSpecific.Reusability.getTestData is PASSED

2018-06-14 19:16:03 - [MESSAGE][PASSED] - projectSpecific.Reusability.getTestData is PASSED

2018-06-14 19:16:03 - [TEST_STEP][PASSED] - Statement - daypart_report = driver.findElement(org.openqa.selenium.By.xpath("//span[@class='timeSpan show']")).getText(): null

2018-06-14 19:16:03 - [TEST_STEP][PASSED] - Statement - If (daypart_report.equals(daypart)): null

2018-06-14 19:16:03 - [TEST_STEP][PASSED] - Statement - println("Daypart is Column is displayed"): null

2018-06-14 19:16:03 - [TEST_STEP][PASSED] - uiaction.CommonUIActions.click: uiaction.CommonUIActions.click is PASSED

2018-06-14 19:16:03 - [MESSAGE][PASSED] - uiaction.CommonUIActions.click is PASSED

2018-06-14 19:16:04 - [TEST_STEP][PASSED] - delay: Delayed 15 second(s)

2018-06-14 19:16:19 - [MESSAGE][PASSED] - Delayed 15 second(s)

2018-06-14 19:16:19 - [TEST_STEP][PASSED] - verifyElementPresent: Object 'Object Repository/SummarizedReportPage/rawCarDataHeading' is present

2018-06-14 19:16:19 - [MESSAGE][PASSED] - Object 'Object Repository/SummarizedReportPage/rawCarDataHeading' is present

2018-06-14 19:16:19 - [TEST_STEP][PASSED] - delay: Delayed 5 second(s)

2018-06-14 19:16:24 - [MESSAGE][PASSED] - Delayed 5 second(s)

2018-06-14 19:16:24 - [TEST_STEP][PASSED] - uiaction.CommonUIActions.click: uiaction.CommonUIActions.click is PASSED

2018-06-14 19:16:27 - [MESSAGE][PASSED] - uiaction.CommonUIActions.click is PASSED

2018-06-14 19:16:27 - [TEST_STEP][PASSED] - delay: Delayed 5 second(s)

2018-06-14 19:16:32 - [MESSAGE][PASSED] - Delayed 5 second(s)

2018-06-14 19:16:32 - [TEST_STEP][PASSED] - uiaction.CommonUIActions.click: uiaction.CommonUIActions.click is PASSED

2018-06-14 19:16:43 - [MESSAGE][PASSED] - uiaction.CommonUIActions.click is PASSED

2018-06-14 19:16:43 - [TEST_STEP][PASSED] - delay: Delayed 5 second(s)

2018-06-14 19:16:48 - [MESSAGE][PASSED] - Delayed 5 second(s)

2018-06-14 19:16:48 - [TEST_STEP][PASSED] - uiaction.CommonUIActions.click: uiaction.CommonUIActions.click is PASSED

2018-06-14 19:16:48 - [MESSAGE][PASSED] - uiaction.CommonUIActions.click is PASSED

2018-06-14 19:16:48 - [TEST_STEP][PASSED] - delay: Delayed 10 second(s)

2018-06-14 19:16:58 - [MESSAGE][PASSED] - Delayed 10 second(s)

2018-06-14 19:16:58 - [TEST_STEP][PASSED] - uiaction.CommonUIActions.click: uiaction.CommonUIActions.click is PASSED

2018-06-14 19:16:58 - [MESSAGE][PASSED] - uiaction.CommonUIActions.click is PASSED

2018-06-14 19:16:58 - [TEST_STEP][PASSED] - delay: Delayed 10 second(s)

2018-06-14 19:17:08 - [MESSAGE][PASSED] - Delayed 10 second(s)

2018-06-14 19:17:08 - [TEST_STEP][PASSED] - uiaction.CommonUIActions.click: uiaction.CommonUIActions.click is PASSED

2018-06-14 19:17:09 - [MESSAGE][PASSED] - uiaction.CommonUIActions.click is PASSED

2018-06-14 19:17:09 - [TEST_STEP][PASSED] - delay: Delayed 10 second(s)

2018-06-14 19:17:19 - [MESSAGE][PASSED] - Delayed 10 second(s)

2018-06-14 19:17:19 - [TEST_STEP][PASSED] - uiaction.CommonUIActions.click: uiaction.CommonUIActions.click is PASSED

2018-06-14 19:17:19 - [MESSAGE][PASSED] - uiaction.CommonUIActions.click is PASSED

2018-06-14 19:17:19 - [TEST_STEP][PASSED] - delay: Delayed 10 second(s)

2018-06-14 19:17:29 - [MESSAGE][PASSED] - Delayed 10 second(s)

2018-06-14 19:17:29 - [TEST_STEP][PASSED] - uiaction.CommonUIActions.click: uiaction.CommonUIActions.click is PASSED

2018-06-14 19:17:32 - [MESSAGE][PASSED] - uiaction.CommonUIActions.click is PASSED

2018-06-14 19:17:32 - [TEST_STEP][PASSED] - Statement - assert TCflag == true: null

2018-06-14 19:17:32 - [TEST_STEP][PASSED] - Start listener action : sampleAfterTestCase: Browser is closed

2018-06-14 19:17:32 - [TEST_STEP][PASSED] - Statement - println(testCaseContext.getTestCaseId()): null

2018-06-14 19:17:32 - [TEST_STEP][PASSED] - Statement - println(testCaseContext.getTestCaseStatus()): null

2018-06-14 19:17:32 - [TEST_STEP][PASSED] - closeBrowser: Browser is closed

2018-06-14 19:17:33 - [MESSAGE][PASSED] - Browser is closed]]></system-out>
         <system-err><![CDATA[2018-06-14 19:10:05 - [TEST_CASE][FAILED] - Test Cases/SummaryReportsTC/HME-Summary Report-03: Test Cases/SummaryReportsTC/HME-Summary Report-03 FAILED because (of) Unable to verify match between actual text 'dummyAutomationGroup1' and expected text 'Total Day' (Root cause: Actual text 'dummyAutomationGroup1' and expected text 'Total Day' are not matched)]]></system-err>
      </testcase>
      <testcase name="Test Cases/SummaryReportsTC/HME-Summary Report-04" classname="Test Cases/SummaryReportsTC/HME-Summary Report-04" status="FAILED">
         <failure type="FAILED" message="com.kms.katalon.core.webui.exception.WebElementNotFoundException: Web element with id: 'Object Repository/SummarizedReportPage/summary_avaragetimemin_sec' located by 'By.xpath: (//span[contains(text(),'(min:sec)')])[1]' not found"/>
         <system-out><![CDATA[2018-06-14 19:17:33 - [TEST_CASE][FAILED] - Test Cases/SummaryReportsTC/HME-Summary Report-04: Test Cases/SummaryReportsTC/HME-Summary Report-04 FAILED because (of) com.kms.katalon.core.webui.exception.WebElementNotFoundException: Web element with id: 'Object Repository/SummarizedReportPage/summary_avaragetimemin_sec' located by 'By.xpath: (//span[contains(text(),'(min:sec)')])[1]' not found

2018-06-14 19:17:33 - [TEST_STEP][PASSED] - Start listener action : sampleBeforeTestCase: uiaction.CommonUIActions.deleteAllCookies is PASSED

2018-06-14 19:17:33 - [TEST_STEP][PASSED] - openBrowser: Browser is opened with url: ''

2018-06-14 19:17:35 - [MESSAGE][PASSED] - Browser is opened with url: ''

2018-06-14 19:17:35 - [TEST_STEP][PASSED] - maximizeWindow: Current window maximized

2018-06-14 19:17:36 - [MESSAGE][PASSED] - Current window maximized

2018-06-14 19:17:36 - [TEST_STEP][PASSED] - uiaction.CommonUIActions.deleteAllCookies: uiaction.CommonUIActions.deleteAllCookies is PASSED

2018-06-14 19:17:36 - [MESSAGE][PASSED] - Delete all cookies successfully

2018-06-14 19:17:36 - [MESSAGE][PASSED] - uiaction.CommonUIActions.deleteAllCookies is PASSED

2018-06-14 19:17:36 - [TEST_STEP][PASSED] - Statement - TCflag = true: null

2018-06-14 19:17:36 - [TEST_STEP][FAILED] - Statement - Try: uiaction.CommonUIActions.click is PASSED

2018-06-14 19:17:36 - [TEST_STEP][PASSED] - navigateToUrl: Navigate to 'https://hme-dev-public-cloud-app.azurewebsites.net/' successfully

2018-06-14 19:17:39 - [MESSAGE][PASSED] - Navigate to 'https://hme-dev-public-cloud-app.azurewebsites.net/' successfully

2018-06-14 19:17:39 - [TEST_STEP][PASSED] - delay: Delayed 10 second(s)

2018-06-14 19:17:49 - [MESSAGE][PASSED] - Delayed 10 second(s)

2018-06-14 19:17:49 - [TEST_STEP][PASSED] - navigateToUrl: Navigate to 'https://hme-dev-public-cloud-app.azurewebsites.net/' successfully

2018-06-14 19:17:49 - [MESSAGE][PASSED] - Navigate to 'https://hme-dev-public-cloud-app.azurewebsites.net/' successfully

2018-06-14 19:17:49 - [TEST_STEP][PASSED] - projectSpecific.Reusability.login: projectSpecific.Reusability.login is PASSED

2018-06-14 19:17:49 - [MESSAGE][PASSED] - projectSpecific.Reusability.getTestData is PASSED

2018-06-14 19:17:50 - [MESSAGE][PASSED] - projectSpecific.Reusability.getTestData is PASSED

2018-06-14 19:17:50 - [MESSAGE][PASSED] - Text 'selvendrank@nousinfo.com' is set on object 'Object Repository/LoginPage/Username'

2018-06-14 19:17:50 - [MESSAGE][PASSED] - Text 'nous;123' is set on object 'Object Repository/LoginPage/Password'

2018-06-14 19:17:50 - [MESSAGE][PASSED] - Object: 'Object Repository/LoginPage/Login' is clicked on

2018-06-14 19:17:50 - [MESSAGE][PASSED] - projectSpecific.Reusability.login is PASSED

2018-06-14 19:17:50 - [TEST_STEP][PASSED] - delay: Delayed 10 second(s)

2018-06-14 19:18:00 - [MESSAGE][PASSED] - Delayed 10 second(s)

2018-06-14 19:18:00 - [TEST_STEP][PASSED] - delay: Delayed 10 second(s)

2018-06-14 19:18:10 - [MESSAGE][PASSED] - Delayed 10 second(s)

2018-06-14 19:18:10 - [TEST_STEP][PASSED] - uiaction.CommonUIActions.click: uiaction.CommonUIActions.click is PASSED

2018-06-14 19:18:11 - [MESSAGE][PASSED] - uiaction.CommonUIActions.click is PASSED

2018-06-14 19:18:11 - [TEST_STEP][PASSED] - uiaction.CommonUIActions.click: uiaction.CommonUIActions.click is PASSED

2018-06-14 19:18:23 - [MESSAGE][PASSED] - uiaction.CommonUIActions.click is PASSED

2018-06-14 19:18:23 - [TEST_STEP][PASSED] - uiaction.CommonUIActions.click: uiaction.CommonUIActions.click is PASSED

2018-06-14 19:18:24 - [MESSAGE][PASSED] - uiaction.CommonUIActions.click is PASSED

2018-06-14 19:18:24 - [TEST_STEP][PASSED] - uiaction.CommonUIActions.click: uiaction.CommonUIActions.click is PASSED

2018-06-14 19:18:24 - [MESSAGE][PASSED] - uiaction.CommonUIActions.click is PASSED

2018-06-14 19:18:24 - [TEST_STEP][PASSED] - uiaction.CommonUIActions.enter: uiaction.CommonUIActions.enter is PASSED

2018-06-14 19:18:24 - [MESSAGE][PASSED] - projectSpecific.Reusability.getTestData is PASSED

2018-06-14 19:18:25 - [MESSAGE][PASSED] - uiaction.CommonUIActions.enter is PASSED

2018-06-14 19:18:25 - [TEST_STEP][PASSED] - uiaction.CommonUIActions.enter: uiaction.CommonUIActions.enter is PASSED

2018-06-14 19:18:25 - [MESSAGE][PASSED] - projectSpecific.Reusability.getTestData is PASSED

2018-06-14 19:18:25 - [MESSAGE][PASSED] - uiaction.CommonUIActions.enter is PASSED

2018-06-14 19:18:25 - [TEST_STEP][PASSED] - delay: Delayed 10 second(s)

2018-06-14 19:18:35 - [MESSAGE][PASSED] - Delayed 10 second(s)

2018-06-14 19:18:35 - [TEST_STEP][PASSED] - Statement - groupmain = CustomKeywords.projectSpecific.Reusability.getTestData("ReportingGroupManagementPage", "Summarygrp"): projectSpecific.Reusability.getTestData is PASSED

2018-06-14 19:18:35 - [MESSAGE][PASSED] - projectSpecific.Reusability.getTestData is PASSED

2018-06-14 19:18:35 - [TEST_STEP][PASSED] - Statement - driver = com.kms.katalon.core.webui.driver.DriverFactory.getWebDriver(): null

2018-06-14 19:18:35 - [TEST_STEP][PASSED] - Statement - grouplist = driver.findElements(org.openqa.selenium.By.xpath("//ul[@class='unlinked-grouplist']/li")): null

2018-06-14 19:18:35 - [TEST_STEP][PASSED] - delay: Delayed 10 second(s)

2018-06-14 19:18:45 - [MESSAGE][PASSED] - Delayed 10 second(s)

2018-06-14 19:18:45 - [TEST_STEP][PASSED] - Statement - For ([i = 0, i < 50, (i++)]): null

2018-06-14 19:18:45 - [TEST_STEP][PASSED] - Statement - println(grouplist.get(i).getText()): null

2018-06-14 19:18:45 - [TEST_STEP][PASSED] - Statement - If (grouplist.get(i).getText().contains("0000")): null

2018-06-14 19:18:45 - [TEST_STEP][PASSED] - Statement - println(grouplist.get(i).getText()): null

2018-06-14 19:18:45 - [TEST_STEP][PASSED] - Statement - If (grouplist.get(i).getText().contains("0000")): null

2018-06-14 19:18:45 - [TEST_STEP][PASSED] - Statement - println(grouplist.get(i).getText()): null

2018-06-14 19:18:45 - [TEST_STEP][PASSED] - Statement - If (grouplist.get(i).getText().contains("0000")): null

2018-06-14 19:18:45 - [TEST_STEP][PASSED] - Statement - println(grouplist.get(i).getText()): null

2018-06-14 19:18:45 - [TEST_STEP][PASSED] - Statement - If (grouplist.get(i).getText().contains("0000")): null

2018-06-14 19:18:45 - [TEST_STEP][PASSED] - Statement - println(grouplist.get(i).getText()): null

2018-06-14 19:18:45 - [TEST_STEP][PASSED] - Statement - If (grouplist.get(i).getText().contains("0000")): null

2018-06-14 19:18:45 - [TEST_STEP][PASSED] - Statement - println(grouplist.get(i).getText()): null

2018-06-14 19:18:45 - [TEST_STEP][PASSED] - Statement - If (grouplist.get(i).getText().contains("0000")): null

2018-06-14 19:18:45 - [TEST_STEP][PASSED] - Statement - println(grouplist.get(i).getText()): null

2018-06-14 19:18:45 - [TEST_STEP][PASSED] - Statement - If (grouplist.get(i).getText().contains("0000")): null

2018-06-14 19:18:45 - [TEST_STEP][PASSED] - Statement - println(grouplist.get(i).getText()): null

2018-06-14 19:18:45 - [TEST_STEP][PASSED] - Statement - If (grouplist.get(i).getText().contains("0000")): null

2018-06-14 19:18:45 - [TEST_STEP][PASSED] - Statement - println(grouplist.get(i).getText()): null

2018-06-14 19:18:45 - [TEST_STEP][PASSED] - Statement - If (grouplist.get(i).getText().contains("0000")): null

2018-06-14 19:18:45 - [TEST_STEP][PASSED] - Statement - println(grouplist.get(i).getText()): null

2018-06-14 19:18:45 - [TEST_STEP][PASSED] - Statement - If (grouplist.get(i).getText().contains("0000")): null

2018-06-14 19:18:45 - [TEST_STEP][PASSED] - Statement - println(grouplist.get(i).getText()): null

2018-06-14 19:18:45 - [TEST_STEP][PASSED] - Statement - If (grouplist.get(i).getText().contains("0000")): null

2018-06-14 19:18:45 - [TEST_STEP][PASSED] - Statement - println(grouplist.get(i).getText()): null

2018-06-14 19:18:45 - [TEST_STEP][PASSED] - Statement - If (grouplist.get(i).getText().contains("0000")): null

2018-06-14 19:18:45 - [TEST_STEP][PASSED] - Statement - println(grouplist.get(i).getText()): null

2018-06-14 19:18:45 - [TEST_STEP][PASSED] - Statement - If (grouplist.get(i).getText().contains("0000")): null

2018-06-14 19:18:45 - [TEST_STEP][PASSED] - Statement - println(grouplist.get(i).getText()): null

2018-06-14 19:18:45 - [TEST_STEP][PASSED] - Statement - If (grouplist.get(i).getText().contains("0000")): null

2018-06-14 19:18:45 - [TEST_STEP][PASSED] - Statement - println(grouplist.get(i).getText()): null

2018-06-14 19:18:45 - [TEST_STEP][PASSED] - Statement - If (grouplist.get(i).getText().contains("0000")): null

2018-06-14 19:18:45 - [TEST_STEP][PASSED] - Statement - println(grouplist.get(i).getText()): null

2018-06-14 19:18:45 - [TEST_STEP][PASSED] - Statement - If (grouplist.get(i).getText().contains("0000")): null

2018-06-14 19:18:45 - [TEST_STEP][PASSED] - Statement - println(grouplist.get(i).getText()): null

2018-06-14 19:18:45 - [TEST_STEP][PASSED] - Statement - If (grouplist.get(i).getText().contains("0000")): null

2018-06-14 19:18:45 - [TEST_STEP][PASSED] - Statement - println(grouplist.get(i).getText()): null

2018-06-14 19:18:45 - [TEST_STEP][PASSED] - Statement - If (grouplist.get(i).getText().contains("0000")): null

2018-06-14 19:18:45 - [TEST_STEP][PASSED] - Statement - driver.findElement(org.openqa.selenium.By.xpath("(//ul[@class='unlinked-grouplist']/li/label)[" + i + 1 + "]")).click(): null

2018-06-14 19:18:45 - [TEST_STEP][PASSED] - Statement - println(grouplist.get(i).getText()): null

2018-06-14 19:18:45 - [TEST_STEP][PASSED] - Statement - If (grouplist.get(i).getText().contains("0000")): null

2018-06-14 19:18:45 - [TEST_STEP][PASSED] - Statement - driver.findElement(org.openqa.selenium.By.xpath("(//ul[@class='unlinked-grouplist']/li/label)[" + i + 1 + "]")).click(): null

2018-06-14 19:18:45 - [TEST_STEP][PASSED] - Statement - println(grouplist.get(i).getText()): null

2018-06-14 19:18:45 - [TEST_STEP][PASSED] - Statement - If (grouplist.get(i).getText().contains("0000")): null

2018-06-14 19:18:45 - [TEST_STEP][PASSED] - Statement - driver.findElement(org.openqa.selenium.By.xpath("(//ul[@class='unlinked-grouplist']/li/label)[" + i + 1 + "]")).click(): null

2018-06-14 19:18:45 - [TEST_STEP][PASSED] - Statement - println(grouplist.get(i).getText()): null

2018-06-14 19:18:45 - [TEST_STEP][PASSED] - Statement - If (grouplist.get(i).getText().contains("0000")): null

2018-06-14 19:18:45 - [TEST_STEP][PASSED] - Statement - driver.findElement(org.openqa.selenium.By.xpath("(//ul[@class='unlinked-grouplist']/li/label)[" + i + 1 + "]")).click(): null

2018-06-14 19:18:45 - [TEST_STEP][PASSED] - Statement - println(grouplist.get(i).getText()): null

2018-06-14 19:18:45 - [TEST_STEP][PASSED] - Statement - If (grouplist.get(i).getText().contains("0000")): null

2018-06-14 19:18:45 - [TEST_STEP][PASSED] - Statement - driver.findElement(org.openqa.selenium.By.xpath("(//ul[@class='unlinked-grouplist']/li/label)[" + i + 1 + "]")).click(): null

2018-06-14 19:18:46 - [TEST_STEP][PASSED] - Statement - println(grouplist.get(i).getText()): null

2018-06-14 19:18:46 - [TEST_STEP][PASSED] - Statement - If (grouplist.get(i).getText().contains("0000")): null

2018-06-14 19:18:46 - [TEST_STEP][PASSED] - Statement - driver.findElement(org.openqa.selenium.By.xpath("(//ul[@class='unlinked-grouplist']/li/label)[" + i + 1 + "]")).click(): null

2018-06-14 19:18:46 - [TEST_STEP][PASSED] - Statement - println(grouplist.get(i).getText()): null

2018-06-14 19:18:46 - [TEST_STEP][PASSED] - Statement - If (grouplist.get(i).getText().contains("0000")): null

2018-06-14 19:18:46 - [TEST_STEP][PASSED] - Statement - driver.findElement(org.openqa.selenium.By.xpath("(//ul[@class='unlinked-grouplist']/li/label)[" + i + 1 + "]")).click(): null

2018-06-14 19:18:46 - [TEST_STEP][PASSED] - Statement - println(grouplist.get(i).getText()): null

2018-06-14 19:18:46 - [TEST_STEP][PASSED] - Statement - If (grouplist.get(i).getText().contains("0000")): null

2018-06-14 19:18:46 - [TEST_STEP][PASSED] - Statement - driver.findElement(org.openqa.selenium.By.xpath("(//ul[@class='unlinked-grouplist']/li/label)[" + i + 1 + "]")).click(): null

2018-06-14 19:18:46 - [TEST_STEP][PASSED] - Statement - println(grouplist.get(i).getText()): null

2018-06-14 19:18:46 - [TEST_STEP][PASSED] - Statement - If (grouplist.get(i).getText().contains("0000")): null

2018-06-14 19:18:46 - [TEST_STEP][PASSED] - Statement - driver.findElement(org.openqa.selenium.By.xpath("(//ul[@class='unlinked-grouplist']/li/label)[" + i + 1 + "]")).click(): null

2018-06-14 19:18:46 - [TEST_STEP][PASSED] - Statement - println(grouplist.get(i).getText()): null

2018-06-14 19:18:46 - [TEST_STEP][PASSED] - Statement - If (grouplist.get(i).getText().contains("0000")): null

2018-06-14 19:18:46 - [TEST_STEP][PASSED] - Statement - driver.findElement(org.openqa.selenium.By.xpath("(//ul[@class='unlinked-grouplist']/li/label)[" + i + 1 + "]")).click(): null

2018-06-14 19:18:46 - [TEST_STEP][PASSED] - Statement - println(grouplist.get(i).getText()): null

2018-06-14 19:18:46 - [TEST_STEP][PASSED] - Statement - If (grouplist.get(i).getText().contains("0000")): null

2018-06-14 19:18:46 - [TEST_STEP][PASSED] - Statement - driver.findElement(org.openqa.selenium.By.xpath("(//ul[@class='unlinked-grouplist']/li/label)[" + i + 1 + "]")).click(): null

2018-06-14 19:18:46 - [TEST_STEP][PASSED] - Statement - println(grouplist.get(i).getText()): null

2018-06-14 19:18:46 - [TEST_STEP][PASSED] - Statement - If (grouplist.get(i).getText().contains("0000")): null

2018-06-14 19:18:46 - [TEST_STEP][PASSED] - Statement - driver.findElement(org.openqa.selenium.By.xpath("(//ul[@class='unlinked-grouplist']/li/label)[" + i + 1 + "]")).click(): null

2018-06-14 19:18:46 - [TEST_STEP][PASSED] - Statement - println(grouplist.get(i).getText()): null

2018-06-14 19:18:46 - [TEST_STEP][PASSED] - Statement - If (grouplist.get(i).getText().contains("0000")): null

2018-06-14 19:18:46 - [TEST_STEP][PASSED] - Statement - driver.findElement(org.openqa.selenium.By.xpath("(//ul[@class='unlinked-grouplist']/li/label)[" + i + 1 + "]")).click(): null

2018-06-14 19:18:46 - [TEST_STEP][PASSED] - Statement - println(grouplist.get(i).getText()): null

2018-06-14 19:18:46 - [TEST_STEP][PASSED] - Statement - If (grouplist.get(i).getText().contains("0000")): null

2018-06-14 19:18:46 - [TEST_STEP][PASSED] - Statement - driver.findElement(org.openqa.selenium.By.xpath("(//ul[@class='unlinked-grouplist']/li/label)[" + i + 1 + "]")).click(): null

2018-06-14 19:18:46 - [TEST_STEP][PASSED] - Statement - println(grouplist.get(i).getText()): null

2018-06-14 19:18:46 - [TEST_STEP][PASSED] - Statement - If (grouplist.get(i).getText().contains("0000")): null

2018-06-14 19:18:46 - [TEST_STEP][PASSED] - Statement - driver.findElement(org.openqa.selenium.By.xpath("(//ul[@class='unlinked-grouplist']/li/label)[" + i + 1 + "]")).click(): null

2018-06-14 19:18:46 - [TEST_STEP][PASSED] - Statement - println(grouplist.get(i).getText()): null

2018-06-14 19:18:46 - [TEST_STEP][PASSED] - Statement - If (grouplist.get(i).getText().contains("0000")): null

2018-06-14 19:18:46 - [TEST_STEP][PASSED] - Statement - driver.findElement(org.openqa.selenium.By.xpath("(//ul[@class='unlinked-grouplist']/li/label)[" + i + 1 + "]")).click(): null

2018-06-14 19:18:46 - [TEST_STEP][PASSED] - Statement - println(grouplist.get(i).getText()): null

2018-06-14 19:18:46 - [TEST_STEP][PASSED] - Statement - If (grouplist.get(i).getText().contains("0000")): null

2018-06-14 19:18:46 - [TEST_STEP][PASSED] - Statement - driver.findElement(org.openqa.selenium.By.xpath("(//ul[@class='unlinked-grouplist']/li/label)[" + i + 1 + "]")).click(): null

2018-06-14 19:18:46 - [TEST_STEP][PASSED] - Statement - println(grouplist.get(i).getText()): null

2018-06-14 19:18:47 - [TEST_STEP][PASSED] - Statement - If (grouplist.get(i).getText().contains("0000")): null

2018-06-14 19:18:47 - [TEST_STEP][PASSED] - Statement - driver.findElement(org.openqa.selenium.By.xpath("(//ul[@class='unlinked-grouplist']/li/label)[" + i + 1 + "]")).click(): null

2018-06-14 19:18:47 - [TEST_STEP][PASSED] - Statement - println(grouplist.get(i).getText()): null

2018-06-14 19:18:47 - [TEST_STEP][PASSED] - Statement - If (grouplist.get(i).getText().contains("0000")): null

2018-06-14 19:18:47 - [TEST_STEP][PASSED] - Statement - driver.findElement(org.openqa.selenium.By.xpath("(//ul[@class='unlinked-grouplist']/li/label)[" + i + 1 + "]")).click(): null

2018-06-14 19:18:47 - [TEST_STEP][PASSED] - Statement - println(grouplist.get(i).getText()): null

2018-06-14 19:18:47 - [TEST_STEP][PASSED] - Statement - If (grouplist.get(i).getText().contains("0000")): null

2018-06-14 19:18:47 - [TEST_STEP][PASSED] - Statement - driver.findElement(org.openqa.selenium.By.xpath("(//ul[@class='unlinked-grouplist']/li/label)[" + i + 1 + "]")).click(): null

2018-06-14 19:18:47 - [TEST_STEP][PASSED] - Statement - println(grouplist.get(i).getText()): null

2018-06-14 19:18:47 - [TEST_STEP][PASSED] - Statement - If (grouplist.get(i).getText().contains("0000")): null

2018-06-14 19:18:47 - [TEST_STEP][PASSED] - Statement - driver.findElement(org.openqa.selenium.By.xpath("(//ul[@class='unlinked-grouplist']/li/label)[" + i + 1 + "]")).click(): null

2018-06-14 19:18:47 - [TEST_STEP][PASSED] - Statement - println(grouplist.get(i).getText()): null

2018-06-14 19:18:47 - [TEST_STEP][PASSED] - Statement - If (grouplist.get(i).getText().contains("0000")): null

2018-06-14 19:18:47 - [TEST_STEP][PASSED] - Statement - driver.findElement(org.openqa.selenium.By.xpath("(//ul[@class='unlinked-grouplist']/li/label)[" + i + 1 + "]")).click(): null

2018-06-14 19:18:47 - [TEST_STEP][PASSED] - Statement - println(grouplist.get(i).getText()): null

2018-06-14 19:18:47 - [TEST_STEP][PASSED] - Statement - If (grouplist.get(i).getText().contains("0000")): null

2018-06-14 19:18:47 - [TEST_STEP][PASSED] - Statement - driver.findElement(org.openqa.selenium.By.xpath("(//ul[@class='unlinked-grouplist']/li/label)[" + i + 1 + "]")).click(): null

2018-06-14 19:18:47 - [TEST_STEP][PASSED] - Statement - println(grouplist.get(i).getText()): null

2018-06-14 19:18:47 - [TEST_STEP][PASSED] - Statement - If (grouplist.get(i).getText().contains("0000")): null

2018-06-14 19:18:47 - [TEST_STEP][PASSED] - Statement - driver.findElement(org.openqa.selenium.By.xpath("(//ul[@class='unlinked-grouplist']/li/label)[" + i + 1 + "]")).click(): null

2018-06-14 19:18:47 - [TEST_STEP][PASSED] - Statement - println(grouplist.get(i).getText()): null

2018-06-14 19:18:47 - [TEST_STEP][PASSED] - Statement - If (grouplist.get(i).getText().contains("0000")): null

2018-06-14 19:18:47 - [TEST_STEP][PASSED] - Statement - driver.findElement(org.openqa.selenium.By.xpath("(//ul[@class='unlinked-grouplist']/li/label)[" + i + 1 + "]")).click(): null

2018-06-14 19:18:47 - [TEST_STEP][PASSED] - Statement - println(grouplist.get(i).getText()): null

2018-06-14 19:18:47 - [TEST_STEP][PASSED] - Statement - If (grouplist.get(i).getText().contains("0000")): null

2018-06-14 19:18:47 - [TEST_STEP][PASSED] - Statement - driver.findElement(org.openqa.selenium.By.xpath("(//ul[@class='unlinked-grouplist']/li/label)[" + i + 1 + "]")).click(): null

2018-06-14 19:18:47 - [TEST_STEP][PASSED] - Statement - println(grouplist.get(i).getText()): null

2018-06-14 19:18:47 - [TEST_STEP][PASSED] - Statement - If (grouplist.get(i).getText().contains("0000")): null

2018-06-14 19:18:47 - [TEST_STEP][PASSED] - Statement - driver.findElement(org.openqa.selenium.By.xpath("(//ul[@class='unlinked-grouplist']/li/label)[" + i + 1 + "]")).click(): null

2018-06-14 19:18:47 - [TEST_STEP][PASSED] - Statement - println(grouplist.get(i).getText()): null

2018-06-14 19:18:47 - [TEST_STEP][PASSED] - Statement - If (grouplist.get(i).getText().contains("0000")): null

2018-06-14 19:18:47 - [TEST_STEP][PASSED] - Statement - driver.findElement(org.openqa.selenium.By.xpath("(//ul[@class='unlinked-grouplist']/li/label)[" + i + 1 + "]")).click(): null

2018-06-14 19:18:47 - [TEST_STEP][PASSED] - Statement - println(grouplist.get(i).getText()): null

2018-06-14 19:18:47 - [TEST_STEP][PASSED] - Statement - If (grouplist.get(i).getText().contains("0000")): null

2018-06-14 19:18:47 - [TEST_STEP][PASSED] - Statement - driver.findElement(org.openqa.selenium.By.xpath("(//ul[@class='unlinked-grouplist']/li/label)[" + i + 1 + "]")).click(): null

2018-06-14 19:18:48 - [TEST_STEP][PASSED] - Statement - println(grouplist.get(i).getText()): null

2018-06-14 19:18:48 - [TEST_STEP][PASSED] - Statement - If (grouplist.get(i).getText().contains("0000")): null

2018-06-14 19:18:48 - [TEST_STEP][PASSED] - Statement - driver.findElement(org.openqa.selenium.By.xpath("(//ul[@class='unlinked-grouplist']/li/label)[" + i + 1 + "]")).click(): null

2018-06-14 19:18:48 - [TEST_STEP][PASSED] - Statement - println(grouplist.get(i).getText()): null

2018-06-14 19:18:48 - [TEST_STEP][PASSED] - Statement - If (grouplist.get(i).getText().contains("0000")): null

2018-06-14 19:18:48 - [TEST_STEP][PASSED] - Statement - driver.findElement(org.openqa.selenium.By.xpath("(//ul[@class='unlinked-grouplist']/li/label)[" + i + 1 + "]")).click(): null

2018-06-14 19:18:48 - [TEST_STEP][PASSED] - Statement - println(grouplist.get(i).getText()): null

2018-06-14 19:18:48 - [TEST_STEP][PASSED] - Statement - If (grouplist.get(i).getText().contains("0000")): null

2018-06-14 19:18:48 - [TEST_STEP][PASSED] - Statement - driver.findElement(org.openqa.selenium.By.xpath("(//ul[@class='unlinked-grouplist']/li/label)[" + i + 1 + "]")).click(): null

2018-06-14 19:18:48 - [TEST_STEP][PASSED] - Statement - println(grouplist.get(i).getText()): null

2018-06-14 19:18:48 - [TEST_STEP][PASSED] - Statement - If (grouplist.get(i).getText().contains("0000")): null

2018-06-14 19:18:48 - [TEST_STEP][PASSED] - Statement - driver.findElement(org.openqa.selenium.By.xpath("(//ul[@class='unlinked-grouplist']/li/label)[" + i + 1 + "]")).click(): null

2018-06-14 19:18:48 - [TEST_STEP][PASSED] - Statement - driver.findElement(org.openqa.selenium.By.xpath("//button[contains(text(),'>')]")).click(): null

2018-06-14 19:18:48 - [TEST_STEP][PASSED] - delay: Delayed 10 second(s)

2018-06-14 19:18:58 - [MESSAGE][PASSED] - Delayed 10 second(s)

2018-06-14 19:18:58 - [TEST_STEP][PASSED] - uiaction.CommonUIActions.click: uiaction.CommonUIActions.click is PASSED

2018-06-14 19:18:58 - [MESSAGE][PASSED] - uiaction.CommonUIActions.click is PASSED

2018-06-14 19:18:58 - [TEST_STEP][PASSED] - uiaction.CommonUIActions.click: uiaction.CommonUIActions.click is PASSED

2018-06-14 19:18:58 - [MESSAGE][PASSED] - uiaction.CommonUIActions.click is PASSED

2018-06-14 19:18:58 - [TEST_STEP][PASSED] - delay: Delayed 10 second(s)

2018-06-14 19:19:08 - [MESSAGE][PASSED] - Delayed 10 second(s)

2018-06-14 19:19:08 - [TEST_STEP][PASSED] - uiaction.CommonUIActions.click: uiaction.CommonUIActions.click is PASSED

2018-06-14 19:19:08 - [MESSAGE][PASSED] - uiaction.CommonUIActions.click is PASSED

2018-06-14 19:19:08 - [TEST_STEP][PASSED] - delay: Delayed 10 second(s)

2018-06-14 19:19:18 - [MESSAGE][PASSED] - Delayed 10 second(s)

2018-06-14 19:19:18 - [TEST_STEP][PASSED] - Statement - driver.findElement(org.openqa.selenium.By.xpath("//span[contains(text(),'" + groupmain + "')]/../../../../span[2]")).click(): null

2018-06-14 19:19:18 - [TEST_STEP][PASSED] - Statement - timemeasureoptions = driver.findElements(org.openqa.selenium.By.xpath("//select[@class='time-measures']/option")): null

2018-06-14 19:19:18 - [TEST_STEP][PASSED] - Statement - count = 0: null

2018-06-14 19:19:18 - [TEST_STEP][PASSED] - Statement - For ([i = 0, i < timemeasureoptions.size(), (i++)]): null

2018-06-14 19:19:18 - [TEST_STEP][PASSED] - Statement - println(timemeasureoptions.get(i).getText()): null

2018-06-14 19:19:18 - [TEST_STEP][PASSED] - Statement - If (timemeasureoptions.get(i).getText() == "Daypart"): null

2018-06-14 19:19:18 - [TEST_STEP][PASSED] - Statement - println(timemeasureoptions.get(i).getText()): null

2018-06-14 19:19:18 - [TEST_STEP][PASSED] - Statement - If (timemeasureoptions.get(i).getText() == "Daypart"): null

2018-06-14 19:19:18 - [TEST_STEP][PASSED] - Statement - timemeasureoptions[i].click(): null

2018-06-14 19:19:18 - [TEST_STEP][PASSED] - Statement - (count++): null

2018-06-14 19:19:18 - [TEST_STEP][PASSED] - Statement - Break: null

2018-06-14 19:19:18 - [TEST_STEP][PASSED] - Statement - If (count < 4): null

2018-06-14 19:19:18 - [TEST_STEP][PASSED] - Statement - out.println("Daypart option is selected"): null

2018-06-14 19:19:18 - [TEST_STEP][PASSED] - delay: Delayed 5 second(s)

2018-06-14 19:19:23 - [MESSAGE][PASSED] - Delayed 5 second(s)

2018-06-14 19:19:23 - [TEST_STEP][PASSED] - click: Object: 'Object Repository/ReportsPage/fromDateSelector' is clicked on

2018-06-14 19:19:24 - [MESSAGE][PASSED] - Object: 'Object Repository/ReportsPage/fromDateSelector' is clicked on

2018-06-14 19:19:24 - [TEST_STEP][PASSED] - delay: Delayed 5 second(s)

2018-06-14 19:19:29 - [MESSAGE][PASSED] - Delayed 5 second(s)

2018-06-14 19:19:29 - [TEST_STEP][PASSED] - Statement - monthText = com.kms.katalon.core.webui.keyword.WebUiBuiltInKeywords.getText(com.kms.katalon.core.testobject.ObjectRepository.findTestObject(ReportsPage/monthText)): Text of object 'Object Repository/ReportsPage/monthText' is: 'June 2018'

2018-06-14 19:19:29 - [MESSAGE][PASSED] - Text of object 'Object Repository/ReportsPage/monthText' is: 'June 2018'

2018-06-14 19:19:29 - [TEST_STEP][PASSED] - Statement - monthTextArray = monthText.split(" "): null

2018-06-14 19:19:29 - [TEST_STEP][PASSED] - Statement - month = monthTextArray[0]: null

2018-06-14 19:19:29 - [TEST_STEP][PASSED] - Statement - monthTextValue = CustomKeywords.projectSpecific.Reusability.getTestData("ReportsPage", "Month"): projectSpecific.Reusability.getTestData is PASSED

2018-06-14 19:19:29 - [MESSAGE][PASSED] - projectSpecific.Reusability.getTestData is PASSED

2018-06-14 19:19:29 - [TEST_STEP][PASSED] - Statement - If (!(monthTextValue.equals(month))): null

2018-06-14 19:19:29 - [TEST_STEP][PASSED] - Statement - While (!(monthTextValue.equals(month))): null

2018-06-14 19:19:29 - [TEST_STEP][PASSED] - click: Object: 'Object Repository/ReportsPage/previousDateSelector' is clicked on

2018-06-14 19:19:29 - [MESSAGE][PASSED] - Object: 'Object Repository/ReportsPage/previousDateSelector' is clicked on

2018-06-14 19:19:29 - [TEST_STEP][PASSED] - Statement - monthText = com.kms.katalon.core.webui.keyword.WebUiBuiltInKeywords.getText(com.kms.katalon.core.testobject.ObjectRepository.findTestObject(ReportsPage/monthText)): Text of object 'Object Repository/ReportsPage/monthText' is: 'May 2018'

2018-06-14 19:19:29 - [MESSAGE][PASSED] - Text of object 'Object Repository/ReportsPage/monthText' is: 'May 2018'

2018-06-14 19:19:29 - [TEST_STEP][PASSED] - Statement - monthTextArray = monthText.split(" "): null

2018-06-14 19:19:29 - [TEST_STEP][PASSED] - Statement - month = monthTextArray[0]: null

2018-06-14 19:19:29 - [TEST_STEP][PASSED] - click: Object: 'Object Repository/ReportsPage/previousDateSelector' is clicked on

2018-06-14 19:19:29 - [MESSAGE][PASSED] - Object: 'Object Repository/ReportsPage/previousDateSelector' is clicked on

2018-06-14 19:19:29 - [TEST_STEP][PASSED] - Statement - monthText = com.kms.katalon.core.webui.keyword.WebUiBuiltInKeywords.getText(com.kms.katalon.core.testobject.ObjectRepository.findTestObject(ReportsPage/monthText)): Text of object 'Object Repository/ReportsPage/monthText' is: 'April 2018'

2018-06-14 19:19:29 - [MESSAGE][PASSED] - Text of object 'Object Repository/ReportsPage/monthText' is: 'April 2018'

2018-06-14 19:19:29 - [TEST_STEP][PASSED] - Statement - monthTextArray = monthText.split(" "): null

2018-06-14 19:19:29 - [TEST_STEP][PASSED] - Statement - month = monthTextArray[0]: null

2018-06-14 19:19:29 - [TEST_STEP][PASSED] - click: Object: 'Object Repository/ReportsPage/previousDateSelector' is clicked on

2018-06-14 19:19:29 - [MESSAGE][PASSED] - Object: 'Object Repository/ReportsPage/previousDateSelector' is clicked on

2018-06-14 19:19:29 - [TEST_STEP][PASSED] - Statement - monthText = com.kms.katalon.core.webui.keyword.WebUiBuiltInKeywords.getText(com.kms.katalon.core.testobject.ObjectRepository.findTestObject(ReportsPage/monthText)): Text of object 'Object Repository/ReportsPage/monthText' is: 'March 2018'

2018-06-14 19:19:29 - [MESSAGE][PASSED] - Text of object 'Object Repository/ReportsPage/monthText' is: 'March 2018'

2018-06-14 19:19:29 - [TEST_STEP][PASSED] - Statement - monthTextArray = monthText.split(" "): null

2018-06-14 19:19:29 - [TEST_STEP][PASSED] - Statement - month = monthTextArray[0]: null

2018-06-14 19:19:29 - [TEST_STEP][PASSED] - Statement - data = CustomKeywords.projectSpecific.Reusability.getTestData("ReportsPage", "StartDate"): projectSpecific.Reusability.getTestData is PASSED

2018-06-14 19:19:29 - [MESSAGE][PASSED] - projectSpecific.Reusability.getTestData is PASSED

2018-06-14 19:19:29 - [TEST_STEP][PASSED] - Statement - startDate = "(//td[text()='" + data + "'])[1]": null

2018-06-14 19:19:29 - [TEST_STEP][PASSED] - Statement - println(startDate): null

2018-06-14 19:19:29 - [TEST_STEP][PASSED] - Statement - startdateEle = driver.findElement(org.openqa.selenium.By.xpath(startDate)): null

2018-06-14 19:19:29 - [TEST_STEP][PASSED] - Statement - startdateEle.click(): null

2018-06-14 19:19:29 - [TEST_STEP][PASSED] - delay: Delayed 5 second(s)

2018-06-14 19:19:34 - [MESSAGE][PASSED] - Delayed 5 second(s)

2018-06-14 19:19:34 - [TEST_STEP][PASSED] - click: Object: 'Object Repository/ReportsPage/toDateSelector' is clicked on

2018-06-14 19:19:34 - [MESSAGE][PASSED] - Object: 'Object Repository/ReportsPage/toDateSelector' is clicked on

2018-06-14 19:19:34 - [TEST_STEP][PASSED] - Statement - monthText = com.kms.katalon.core.webui.keyword.WebUiBuiltInKeywords.getText(com.kms.katalon.core.testobject.ObjectRepository.findTestObject(ReportsPage/monthText2)): Text of object 'Object Repository/ReportsPage/monthText2' is: 'June 2018'

2018-06-14 19:19:34 - [MESSAGE][PASSED] - Text of object 'Object Repository/ReportsPage/monthText2' is: 'June 2018'

2018-06-14 19:19:34 - [TEST_STEP][PASSED] - Statement - monthTextArray = monthText.split(" "): null

2018-06-14 19:19:34 - [TEST_STEP][PASSED] - Statement - month = monthTextArray[0]: null

2018-06-14 19:19:34 - [TEST_STEP][PASSED] - Statement - If (!(monthTextValue.equals(month))): null

2018-06-14 19:19:34 - [TEST_STEP][PASSED] - Statement - While (!(monthTextValue.equals(month))): null

2018-06-14 19:19:34 - [TEST_STEP][PASSED] - click: Object: 'Object Repository/ReportsPage/previousDateSelector2' is clicked on

2018-06-14 19:19:34 - [MESSAGE][PASSED] - Object: 'Object Repository/ReportsPage/previousDateSelector2' is clicked on

2018-06-14 19:19:34 - [TEST_STEP][PASSED] - Statement - monthText = com.kms.katalon.core.webui.keyword.WebUiBuiltInKeywords.getText(com.kms.katalon.core.testobject.ObjectRepository.findTestObject(ReportsPage/monthText2)): Text of object 'Object Repository/ReportsPage/monthText2' is: 'May 2018'

2018-06-14 19:19:34 - [MESSAGE][PASSED] - Text of object 'Object Repository/ReportsPage/monthText2' is: 'May 2018'

2018-06-14 19:19:34 - [TEST_STEP][PASSED] - Statement - monthTextArray = monthText.split(" "): null

2018-06-14 19:19:34 - [TEST_STEP][PASSED] - Statement - month = monthTextArray[0]: null

2018-06-14 19:19:34 - [TEST_STEP][PASSED] - click: Object: 'Object Repository/ReportsPage/previousDateSelector2' is clicked on

2018-06-14 19:19:34 - [MESSAGE][PASSED] - Object: 'Object Repository/ReportsPage/previousDateSelector2' is clicked on

2018-06-14 19:19:34 - [TEST_STEP][PASSED] - Statement - monthText = com.kms.katalon.core.webui.keyword.WebUiBuiltInKeywords.getText(com.kms.katalon.core.testobject.ObjectRepository.findTestObject(ReportsPage/monthText2)): Text of object 'Object Repository/ReportsPage/monthText2' is: 'April 2018'

2018-06-14 19:19:34 - [MESSAGE][PASSED] - Text of object 'Object Repository/ReportsPage/monthText2' is: 'April 2018'

2018-06-14 19:19:34 - [TEST_STEP][PASSED] - Statement - monthTextArray = monthText.split(" "): null

2018-06-14 19:19:34 - [TEST_STEP][PASSED] - Statement - month = monthTextArray[0]: null

2018-06-14 19:19:34 - [TEST_STEP][PASSED] - click: Object: 'Object Repository/ReportsPage/previousDateSelector2' is clicked on

2018-06-14 19:19:34 - [MESSAGE][PASSED] - Object: 'Object Repository/ReportsPage/previousDateSelector2' is clicked on

2018-06-14 19:19:34 - [TEST_STEP][PASSED] - Statement - monthText = com.kms.katalon.core.webui.keyword.WebUiBuiltInKeywords.getText(com.kms.katalon.core.testobject.ObjectRepository.findTestObject(ReportsPage/monthText2)): Text of object 'Object Repository/ReportsPage/monthText2' is: 'March 2018'

2018-06-14 19:19:34 - [MESSAGE][PASSED] - Text of object 'Object Repository/ReportsPage/monthText2' is: 'March 2018'

2018-06-14 19:19:34 - [TEST_STEP][PASSED] - Statement - monthTextArray = monthText.split(" "): null

2018-06-14 19:19:34 - [TEST_STEP][PASSED] - Statement - month = monthTextArray[0]: null

2018-06-14 19:19:34 - [TEST_STEP][PASSED] - Statement - endDate = CustomKeywords.projectSpecific.Reusability.getTestData("ReportsPage", "StartDate"): projectSpecific.Reusability.getTestData is PASSED

2018-06-14 19:19:34 - [MESSAGE][PASSED] - projectSpecific.Reusability.getTestData is PASSED

2018-06-14 19:19:34 - [TEST_STEP][PASSED] - Statement - toDate = "(//div[@class='rdtPicker']/div/table/tbody/tr/td[text()='" + endDate + "'])[3]": null

2018-06-14 19:19:34 - [TEST_STEP][PASSED] - Statement - toDateEle = driver.findElement(org.openqa.selenium.By.xpath(toDate)): null

2018-06-14 19:19:34 - [TEST_STEP][PASSED] - Statement - toDateEle.click(): null

2018-06-14 19:19:34 - [TEST_STEP][PASSED] - delay: Delayed 5 second(s)

2018-06-14 19:19:39 - [MESSAGE][PASSED] - Delayed 5 second(s)

2018-06-14 19:19:39 - [TEST_STEP][PASSED] - Statement - dateAttr = com.kms.katalon.core.webui.keyword.WebUiBuiltInKeywords.getAttribute(com.kms.katalon.core.testobject.ObjectRepository.findTestObject(ReportsPage/selectedDate1), "value"): Attribute 'value' of object 'Object Repository/ReportsPage/selectedDate1' is: '03/01/2018'

2018-06-14 19:19:39 - [MESSAGE][PASSED] - Attribute 'value' of object 'Object Repository/ReportsPage/selectedDate1' is: '03/01/2018'

2018-06-14 19:19:39 - [TEST_STEP][PASSED] - Statement - fromDateValue = CustomKeywords.projectSpecific.Reusability.getTestData("ReportsPage", "fromDate"): projectSpecific.Reusability.getTestData is PASSED

2018-06-14 19:19:39 - [MESSAGE][PASSED] - projectSpecific.Reusability.getTestData is PASSED

2018-06-14 19:19:39 - [TEST_STEP][PASSED] - Statement - If (!(dateAttr.equals(fromDateValue))): null

2018-06-14 19:19:39 - [TEST_STEP][PASSED] - Statement - dateAttr = com.kms.katalon.core.webui.keyword.WebUiBuiltInKeywords.getAttribute(com.kms.katalon.core.testobject.ObjectRepository.findTestObject(ReportsPage/selectedDate2), "value"): Attribute 'value' of object 'Object Repository/ReportsPage/selectedDate2' is: '03/01/2018'

2018-06-14 19:19:39 - [MESSAGE][PASSED] - Attribute 'value' of object 'Object Repository/ReportsPage/selectedDate2' is: '03/01/2018'

2018-06-14 19:19:39 - [TEST_STEP][PASSED] - Statement - toDateValue = CustomKeywords.projectSpecific.Reusability.getTestData("ReportsPage", "fromDate"): projectSpecific.Reusability.getTestData is PASSED

2018-06-14 19:19:39 - [MESSAGE][PASSED] - projectSpecific.Reusability.getTestData is PASSED

2018-06-14 19:19:39 - [TEST_STEP][PASSED] - Statement - If (!(dateAttr.equals(toDateValue))): null

2018-06-14 19:19:39 - [TEST_STEP][PASSED] - click: Object: 'Object Repository/ReportsPage/generateReport' is clicked on

2018-06-14 19:19:39 - [MESSAGE][PASSED] - Object: 'Object Repository/ReportsPage/generateReport' is clicked on

2018-06-14 19:19:39 - [TEST_STEP][PASSED] - delay: Delayed 10 second(s)

2018-06-14 19:19:49 - [MESSAGE][PASSED] - Delayed 10 second(s)

2018-06-14 19:19:49 - [TEST_STEP][PASSED] - verifyElementPresent: Object 'Object Repository/SummarizedReportPage/summaryReport' is present

2018-06-14 19:19:49 - [MESSAGE][PASSED] - Object 'Object Repository/SummarizedReportPage/summaryReport' is present

2018-06-14 19:19:49 - [TEST_STEP][PASSED] - Statement - startTime = CustomKeywords.projectSpecific.Reusability.getTestData("SummarizedReportPage", "reportstartTime"): projectSpecific.Reusability.getTestData is PASSED

2018-06-14 19:19:49 - [MESSAGE][PASSED] - projectSpecific.Reusability.getTestData is PASSED

2018-06-14 19:19:49 - [TEST_STEP][PASSED] - verifyElementText: Actual text and expected text of test object 'Object Repository/SummarizedReportPage/report_starttime' are matched.

2018-06-14 19:19:50 - [MESSAGE][PASSED] - Actual text and expected text of test object 'Object Repository/SummarizedReportPage/report_starttime' are matched.

2018-06-14 19:19:50 - [TEST_STEP][PASSED] - Statement - dateFormat = new java.text.SimpleDateFormat(dd): null

2018-06-14 19:19:50 - [TEST_STEP][PASSED] - Statement - date = new java.util.Date(): null

2018-06-14 19:19:50 - [TEST_STEP][PASSED] - Statement - dateapp = dateFormat.format(date): null

2018-06-14 19:19:50 - [TEST_STEP][PASSED] - delay: Delayed 10 second(s)

2018-06-14 19:20:00 - [MESSAGE][PASSED] - Delayed 10 second(s)

2018-06-14 19:20:00 - [TEST_STEP][PASSED] - Statement - printtimefromreport = driver.findElement(org.openqa.selenium.By.xpath("//span[@class='report-print-time-value']")).getText(): null

2018-06-14 19:20:00 - [TEST_STEP][PASSED] - Statement - s1 = printtimefromreport.split(","): null

2018-06-14 19:20:00 - [TEST_STEP][PASSED] - Statement - s2 = s1[0].split(" "): null

2018-06-14 19:20:00 - [TEST_STEP][PASSED] - Statement - If (dateapp.contains(s2[1])): null

2018-06-14 19:20:00 - [TEST_STEP][PASSED] - Statement - println("Print time is displayed"): null

2018-06-14 19:20:00 - [TEST_STEP][FAILED] - verifyElementPresent: com.kms.katalon.core.webui.exception.WebElementNotFoundException: Web element with id: 'Object Repository/SummarizedReportPage/summary_avaragetimemin_sec' located by 'By.xpath: (//span[contains(text(),'(min:sec)')])[1]' not found

2018-06-14 19:20:10 - [MESSAGE][FAILED] - com.kms.katalon.core.webui.exception.WebElementNotFoundException: Web element with id: 'Object Repository/SummarizedReportPage/summary_avaragetimemin_sec' located by 'By.xpath: (//span[contains(text(),'(min:sec)')])[1]' not found
[[ATTACHMENT|C:\\Users\\shalinin\\Katalon Studio\\HME_Scripts\\Reports\\RegressionSuite\\20180614_164441\\1528984210216.png]]

2018-06-14 19:20:10 - [TEST_STEP][PASSED] - uiaction.CommonUIActions.click: uiaction.CommonUIActions.click is PASSED

2018-06-14 19:20:10 - [MESSAGE][PASSED] - uiaction.CommonUIActions.click is PASSED

2018-06-14 19:20:10 - [TEST_STEP][PASSED] - delay: Delayed 15 second(s)

2018-06-14 19:20:25 - [MESSAGE][PASSED] - Delayed 15 second(s)

2018-06-14 19:20:25 - [TEST_STEP][PASSED] - Statement - daypart = CustomKeywords.projectSpecific.Reusability.getTestData("SummarizedReportPage", "daypart"): projectSpecific.Reusability.getTestData is PASSED

2018-06-14 19:20:25 - [MESSAGE][PASSED] - projectSpecific.Reusability.getTestData is PASSED

2018-06-14 19:20:25 - [TEST_STEP][PASSED] - Statement - daypart_report = driver.findElement(org.openqa.selenium.By.xpath("//span[@class='timeSpan show']")).getText(): null

2018-06-14 19:20:25 - [TEST_STEP][PASSED] - Statement - If (daypart_report.equals(daypart)): null

2018-06-14 19:20:25 - [TEST_STEP][PASSED] - Statement - println("Daypart is Column is displayed"): null

2018-06-14 19:20:25 - [TEST_STEP][PASSED] - Statement - daypartdispay = driver.findElement(org.openqa.selenium.By.xpath("(//table[@class='summaryreport-table']//tr[2]/th/span)[1]")).getText(): null

2018-06-14 19:20:25 - [TEST_STEP][PASSED] - Statement - If (daypartdispay.equals("Daypart")): null

2018-06-14 19:20:25 - [TEST_STEP][PASSED] - Statement - println("Daypart Report is displayed"): null

2018-06-14 19:20:25 - [TEST_STEP][PASSED] - uiaction.CommonUIActions.click: uiaction.CommonUIActions.click is PASSED

2018-06-14 19:20:25 - [MESSAGE][PASSED] - uiaction.CommonUIActions.click is PASSED

2018-06-14 19:20:25 - [TEST_STEP][PASSED] - delay: Delayed 15 second(s)

2018-06-14 19:20:40 - [MESSAGE][PASSED] - Delayed 15 second(s)

2018-06-14 19:20:40 - [TEST_STEP][PASSED] - verifyElementPresent: Object 'Object Repository/SummarizedReportPage/rawCarDataHeading' is present

2018-06-14 19:20:40 - [MESSAGE][PASSED] - Object 'Object Repository/SummarizedReportPage/rawCarDataHeading' is present

2018-06-14 19:20:40 - [TEST_STEP][PASSED] - delay: Delayed 5 second(s)

2018-06-14 19:20:45 - [MESSAGE][PASSED] - Delayed 5 second(s)

2018-06-14 19:20:45 - [TEST_STEP][PASSED] - uiaction.CommonUIActions.click: uiaction.CommonUIActions.click is PASSED

2018-06-14 19:20:49 - [MESSAGE][PASSED] - uiaction.CommonUIActions.click is PASSED

2018-06-14 19:20:49 - [TEST_STEP][PASSED] - delay: Delayed 5 second(s)

2018-06-14 19:20:54 - [MESSAGE][PASSED] - Delayed 5 second(s)

2018-06-14 19:20:54 - [TEST_STEP][PASSED] - uiaction.CommonUIActions.click: uiaction.CommonUIActions.click is PASSED

2018-06-14 19:21:05 - [MESSAGE][PASSED] - uiaction.CommonUIActions.click is PASSED

2018-06-14 19:21:05 - [TEST_STEP][PASSED] - delay: Delayed 5 second(s)

2018-06-14 19:21:10 - [MESSAGE][PASSED] - Delayed 5 second(s)

2018-06-14 19:21:10 - [TEST_STEP][PASSED] - uiaction.CommonUIActions.click: uiaction.CommonUIActions.click is PASSED

2018-06-14 19:21:10 - [MESSAGE][PASSED] - uiaction.CommonUIActions.click is PASSED

2018-06-14 19:21:10 - [TEST_STEP][PASSED] - delay: Delayed 10 second(s)

2018-06-14 19:21:20 - [MESSAGE][PASSED] - Delayed 10 second(s)

2018-06-14 19:21:20 - [TEST_STEP][PASSED] - uiaction.CommonUIActions.click: uiaction.CommonUIActions.click is PASSED

2018-06-14 19:21:20 - [MESSAGE][PASSED] - uiaction.CommonUIActions.click is PASSED

2018-06-14 19:21:20 - [TEST_STEP][PASSED] - delay: Delayed 10 second(s)

2018-06-14 19:21:30 - [MESSAGE][PASSED] - Delayed 10 second(s)

2018-06-14 19:21:30 - [TEST_STEP][PASSED] - uiaction.CommonUIActions.click: uiaction.CommonUIActions.click is PASSED

2018-06-14 19:21:30 - [MESSAGE][PASSED] - uiaction.CommonUIActions.click is PASSED

2018-06-14 19:21:30 - [TEST_STEP][PASSED] - delay: Delayed 10 second(s)

2018-06-14 19:21:40 - [MESSAGE][PASSED] - Delayed 10 second(s)

2018-06-14 19:21:40 - [TEST_STEP][PASSED] - uiaction.CommonUIActions.click: uiaction.CommonUIActions.click is PASSED

2018-06-14 19:21:40 - [MESSAGE][PASSED] - uiaction.CommonUIActions.click is PASSED

2018-06-14 19:21:40 - [TEST_STEP][PASSED] - delay: Delayed 10 second(s)

2018-06-14 19:21:50 - [MESSAGE][PASSED] - Delayed 10 second(s)

2018-06-14 19:21:50 - [TEST_STEP][PASSED] - uiaction.CommonUIActions.click: uiaction.CommonUIActions.click is PASSED

2018-06-14 19:21:54 - [MESSAGE][PASSED] - uiaction.CommonUIActions.click is PASSED

2018-06-14 19:21:54 - [TEST_STEP][PASSED] - Statement - assert TCflag == true: null

2018-06-14 19:21:54 - [TEST_STEP][PASSED] - Start listener action : sampleAfterTestCase: Browser is closed

2018-06-14 19:21:54 - [TEST_STEP][PASSED] - Statement - println(testCaseContext.getTestCaseId()): null

2018-06-14 19:21:54 - [TEST_STEP][PASSED] - Statement - println(testCaseContext.getTestCaseStatus()): null

2018-06-14 19:21:54 - [TEST_STEP][PASSED] - closeBrowser: Browser is closed

2018-06-14 19:21:54 - [MESSAGE][PASSED] - Browser is closed]]></system-out>
         <system-err><![CDATA[2018-06-14 19:17:33 - [TEST_CASE][FAILED] - Test Cases/SummaryReportsTC/HME-Summary Report-04: Test Cases/SummaryReportsTC/HME-Summary Report-04 FAILED because (of) com.kms.katalon.core.webui.exception.WebElementNotFoundException: Web element with id: 'Object Repository/SummarizedReportPage/summary_avaragetimemin_sec' located by 'By.xpath: (//span[contains(text(),'(min:sec)')])[1]' not found]]></system-err>
      </testcase>
      <testcase name="Test Cases/SummaryReportsTC/HME-Summary Report-05" classname="Test Cases/SummaryReportsTC/HME-Summary Report-05" status="FAILED">
         <failure type="FAILED" message="Unable to verify match between actual text 'Mar 1, 2018 OPEN' and expected text 'MAR 1, 2018 OPEN' (Root cause: Actual text 'Mar 1, 2018 OPEN' and expected text 'MAR 1, 2018 OPEN' are not matched)"/>
         <system-out><![CDATA[2018-06-14 19:21:54 - [TEST_CASE][FAILED] - Test Cases/SummaryReportsTC/HME-Summary Report-05: Test Cases/SummaryReportsTC/HME-Summary Report-05 FAILED because (of) Unable to verify match between actual text 'Mar 1, 2018 OPEN' and expected text 'MAR 1, 2018 OPEN' (Root cause: Actual text 'Mar 1, 2018 OPEN' and expected text 'MAR 1, 2018 OPEN' are not matched)

2018-06-14 19:21:54 - [TEST_STEP][PASSED] - Start listener action : sampleBeforeTestCase: uiaction.CommonUIActions.deleteAllCookies is PASSED

2018-06-14 19:21:54 - [TEST_STEP][PASSED] - openBrowser: Browser is opened with url: ''

2018-06-14 19:21:57 - [MESSAGE][PASSED] - Browser is opened with url: ''

2018-06-14 19:21:57 - [TEST_STEP][PASSED] - maximizeWindow: Current window maximized

2018-06-14 19:21:58 - [MESSAGE][PASSED] - Current window maximized

2018-06-14 19:21:58 - [TEST_STEP][PASSED] - uiaction.CommonUIActions.deleteAllCookies: uiaction.CommonUIActions.deleteAllCookies is PASSED

2018-06-14 19:21:58 - [MESSAGE][PASSED] - Delete all cookies successfully

2018-06-14 19:21:58 - [MESSAGE][PASSED] - uiaction.CommonUIActions.deleteAllCookies is PASSED

2018-06-14 19:21:58 - [TEST_STEP][PASSED] - Statement - TCflag = true: null

2018-06-14 19:21:58 - [TEST_STEP][FAILED] - Statement - Try: uiaction.CommonUIActions.click is PASSED

2018-06-14 19:21:58 - [TEST_STEP][PASSED] - navigateToUrl: Navigate to 'https://hme-dev-public-cloud-app.azurewebsites.net/' successfully

2018-06-14 19:22:01 - [MESSAGE][PASSED] - Navigate to 'https://hme-dev-public-cloud-app.azurewebsites.net/' successfully

2018-06-14 19:22:01 - [TEST_STEP][PASSED] - delay: Delayed 10 second(s)

2018-06-14 19:22:11 - [MESSAGE][PASSED] - Delayed 10 second(s)

2018-06-14 19:22:11 - [TEST_STEP][PASSED] - navigateToUrl: Navigate to 'https://hme-dev-public-cloud-app.azurewebsites.net/' successfully

2018-06-14 19:22:11 - [MESSAGE][PASSED] - Navigate to 'https://hme-dev-public-cloud-app.azurewebsites.net/' successfully

2018-06-14 19:22:11 - [TEST_STEP][PASSED] - projectSpecific.Reusability.login: projectSpecific.Reusability.login is PASSED

2018-06-14 19:22:11 - [MESSAGE][PASSED] - projectSpecific.Reusability.getTestData is PASSED

2018-06-14 19:22:11 - [MESSAGE][PASSED] - projectSpecific.Reusability.getTestData is PASSED

2018-06-14 19:22:11 - [MESSAGE][PASSED] - Text 'selvendrank@nousinfo.com' is set on object 'Object Repository/LoginPage/Username'

2018-06-14 19:22:11 - [MESSAGE][PASSED] - Text 'nous;123' is set on object 'Object Repository/LoginPage/Password'

2018-06-14 19:22:12 - [MESSAGE][PASSED] - Object: 'Object Repository/LoginPage/Login' is clicked on

2018-06-14 19:22:12 - [MESSAGE][PASSED] - projectSpecific.Reusability.login is PASSED

2018-06-14 19:22:12 - [TEST_STEP][PASSED] - delay: Delayed 15 second(s)

2018-06-14 19:22:27 - [MESSAGE][PASSED] - Delayed 15 second(s)

2018-06-14 19:22:27 - [TEST_STEP][PASSED] - uiaction.CommonUIActions.click: uiaction.CommonUIActions.click is PASSED

2018-06-14 19:22:33 - [MESSAGE][PASSED] - uiaction.CommonUIActions.click is PASSED

2018-06-14 19:22:33 - [TEST_STEP][PASSED] - delay: Delayed 10 second(s)

2018-06-14 19:22:43 - [MESSAGE][PASSED] - Delayed 10 second(s)

2018-06-14 19:22:43 - [TEST_STEP][PASSED] - uiaction.CommonUIActions.click: uiaction.CommonUIActions.click is PASSED

2018-06-14 19:22:44 - [MESSAGE][PASSED] - uiaction.CommonUIActions.click is PASSED

2018-06-14 19:22:44 - [TEST_STEP][PASSED] - delay: Delayed 15 second(s)

2018-06-14 19:22:59 - [MESSAGE][PASSED] - Delayed 15 second(s)

2018-06-14 19:22:59 - [TEST_STEP][PASSED] - Statement - driver = com.kms.katalon.core.webui.driver.DriverFactory.getWebDriver(): null

2018-06-14 19:22:59 - [TEST_STEP][PASSED] - Statement - storeGrpList = driver.findElements(org.openqa.selenium.By.xpath(com.kms.katalon.core.testdata.TestDataFactory.findTestData(OR_file).getValue(2, 26))): Reading excel file with source file 'C:\Users\shalinin\Katalon Studio\HME_Scripts\Data Files\HME_OR.xlsx' and sheet name 'Sheet1'

2018-06-14 19:22:59 - [TEST_STEP][PASSED] - Statement - size = storeGrpList.size(): null

2018-06-14 19:22:59 - [TEST_STEP][PASSED] - Statement - index = 0: null

2018-06-14 19:22:59 - [TEST_STEP][PASSED] - Statement - pattern = java.util.regex.Pattern.compile("[0-9]+"): null

2018-06-14 19:22:59 - [TEST_STEP][PASSED] - Statement - For ([i = 0, i < size, (i++)]): null

2018-06-14 19:22:59 - [TEST_STEP][PASSED] - Statement - txt = storeGrpList.get(i).getText(): null

2018-06-14 19:22:59 - [TEST_STEP][PASSED] - Statement - index = i + 1: null

2018-06-14 19:22:59 - [TEST_STEP][PASSED] - Statement - matched = pattern.matcher(txt).matches(): null

2018-06-14 19:22:59 - [TEST_STEP][PASSED] - Statement - If (matched): null

2018-06-14 19:22:59 - [TEST_STEP][PASSED] - Statement - txt = storeGrpList.get(i).getText(): null

2018-06-14 19:22:59 - [TEST_STEP][PASSED] - Statement - index = i + 1: null

2018-06-14 19:22:59 - [TEST_STEP][PASSED] - Statement - matched = pattern.matcher(txt).matches(): null

2018-06-14 19:22:59 - [TEST_STEP][PASSED] - Statement - If (matched): null

2018-06-14 19:22:59 - [TEST_STEP][PASSED] - Statement - txt = storeGrpList.get(i).getText(): null

2018-06-14 19:22:59 - [TEST_STEP][PASSED] - Statement - index = i + 1: null

2018-06-14 19:22:59 - [TEST_STEP][PASSED] - Statement - matched = pattern.matcher(txt).matches(): null

2018-06-14 19:22:59 - [TEST_STEP][PASSED] - Statement - If (matched): null

2018-06-14 19:22:59 - [TEST_STEP][PASSED] - Statement - txt = storeGrpList.get(i).getText(): null

2018-06-14 19:22:59 - [TEST_STEP][PASSED] - Statement - index = i + 1: null

2018-06-14 19:22:59 - [TEST_STEP][PASSED] - Statement - matched = pattern.matcher(txt).matches(): null

2018-06-14 19:22:59 - [TEST_STEP][PASSED] - Statement - If (matched): null

2018-06-14 19:22:59 - [TEST_STEP][PASSED] - Statement - txt = storeGrpList.get(i).getText(): null

2018-06-14 19:22:59 - [TEST_STEP][PASSED] - Statement - index = i + 1: null

2018-06-14 19:22:59 - [TEST_STEP][PASSED] - Statement - matched = pattern.matcher(txt).matches(): null

2018-06-14 19:22:59 - [TEST_STEP][PASSED] - Statement - If (matched): null

2018-06-14 19:22:59 - [TEST_STEP][PASSED] - Statement - txt = storeGrpList.get(i).getText(): null

2018-06-14 19:22:59 - [TEST_STEP][PASSED] - Statement - index = i + 1: null

2018-06-14 19:22:59 - [TEST_STEP][PASSED] - Statement - matched = pattern.matcher(txt).matches(): null

2018-06-14 19:22:59 - [TEST_STEP][PASSED] - Statement - If (matched): null

2018-06-14 19:22:59 - [TEST_STEP][PASSED] - Statement - txt = storeGrpList.get(i).getText(): null

2018-06-14 19:22:59 - [TEST_STEP][PASSED] - Statement - index = i + 1: null

2018-06-14 19:22:59 - [TEST_STEP][PASSED] - Statement - matched = pattern.matcher(txt).matches(): null

2018-06-14 19:22:59 - [TEST_STEP][PASSED] - Statement - If (matched): null

2018-06-14 19:22:59 - [TEST_STEP][PASSED] - Statement - txt = storeGrpList.get(i).getText(): null

2018-06-14 19:22:59 - [TEST_STEP][PASSED] - Statement - index = i + 1: null

2018-06-14 19:22:59 - [TEST_STEP][PASSED] - Statement - matched = pattern.matcher(txt).matches(): null

2018-06-14 19:22:59 - [TEST_STEP][PASSED] - Statement - If (matched): null

2018-06-14 19:22:59 - [TEST_STEP][PASSED] - Statement - txt = storeGrpList.get(i).getText(): null

2018-06-14 19:22:59 - [TEST_STEP][PASSED] - Statement - index = i + 1: null

2018-06-14 19:22:59 - [TEST_STEP][PASSED] - Statement - matched = pattern.matcher(txt).matches(): null

2018-06-14 19:22:59 - [TEST_STEP][PASSED] - Statement - If (matched): null

2018-06-14 19:22:59 - [TEST_STEP][PASSED] - Statement - txt = storeGrpList.get(i).getText(): null

2018-06-14 19:22:59 - [TEST_STEP][PASSED] - Statement - index = i + 1: null

2018-06-14 19:22:59 - [TEST_STEP][PASSED] - Statement - matched = pattern.matcher(txt).matches(): null

2018-06-14 19:22:59 - [TEST_STEP][PASSED] - Statement - If (matched): null

2018-06-14 19:22:59 - [TEST_STEP][PASSED] - Statement - txt = storeGrpList.get(i).getText(): null

2018-06-14 19:22:59 - [TEST_STEP][PASSED] - Statement - index = i + 1: null

2018-06-14 19:22:59 - [TEST_STEP][PASSED] - Statement - matched = pattern.matcher(txt).matches(): null

2018-06-14 19:22:59 - [TEST_STEP][PASSED] - Statement - If (matched): null

2018-06-14 19:22:59 - [TEST_STEP][PASSED] - Statement - txt = storeGrpList.get(i).getText(): null

2018-06-14 19:22:59 - [TEST_STEP][PASSED] - Statement - index = i + 1: null

2018-06-14 19:22:59 - [TEST_STEP][PASSED] - Statement - matched = pattern.matcher(txt).matches(): null

2018-06-14 19:22:59 - [TEST_STEP][PASSED] - Statement - If (matched): null

2018-06-14 19:22:59 - [TEST_STEP][PASSED] - Statement - txt = storeGrpList.get(i).getText(): null

2018-06-14 19:22:59 - [TEST_STEP][PASSED] - Statement - index = i + 1: null

2018-06-14 19:22:59 - [TEST_STEP][PASSED] - Statement - matched = pattern.matcher(txt).matches(): null

2018-06-14 19:22:59 - [TEST_STEP][PASSED] - Statement - If (matched): null

2018-06-14 19:22:59 - [TEST_STEP][PASSED] - Statement - driver.findElement(org.openqa.selenium.By.xpath("//ul[@role='tree-node']/li[" + index + "]/span[2]")).click(): null

2018-06-14 19:22:59 - [TEST_STEP][PASSED] - Statement - Break: null

2018-06-14 19:22:59 - [TEST_STEP][PASSED] - delay: Delayed 5 second(s)

2018-06-14 19:23:04 - [MESSAGE][PASSED] - Delayed 5 second(s)

2018-06-14 19:23:04 - [TEST_STEP][PASSED] - click: Object: 'Object Repository/ReportsPage/timeSelection' is clicked on

2018-06-14 19:23:04 - [MESSAGE][PASSED] - Object: 'Object Repository/ReportsPage/timeSelection' is clicked on

2018-06-14 19:23:04 - [TEST_STEP][PASSED] - click: Object: 'Object Repository/ReportsPage/dayTimeOption' is clicked on

2018-06-14 19:23:04 - [MESSAGE][PASSED] - Object: 'Object Repository/ReportsPage/dayTimeOption' is clicked on

2018-06-14 19:23:04 - [TEST_STEP][PASSED] - verifyElementText: Actual text and expected text of test object 'Object Repository/ReportsPage/dayTimeOption' are matched.

2018-06-14 19:23:04 - [MESSAGE][PASSED] - projectSpecific.Reusability.getTestData is PASSED

2018-06-14 19:23:04 - [MESSAGE][PASSED] - Actual text and expected text of test object 'Object Repository/ReportsPage/dayTimeOption' are matched.

2018-06-14 19:23:04 - [TEST_STEP][PASSED] - delay: Delayed 5 second(s)

2018-06-14 19:23:09 - [MESSAGE][PASSED] - Delayed 5 second(s)

2018-06-14 19:23:09 - [TEST_STEP][PASSED] - click: Object: 'Object Repository/ReportsPage/fromDateSelector' is clicked on

2018-06-14 19:23:09 - [MESSAGE][PASSED] - Object: 'Object Repository/ReportsPage/fromDateSelector' is clicked on

2018-06-14 19:23:09 - [TEST_STEP][PASSED] - delay: Delayed 5 second(s)

2018-06-14 19:23:14 - [MESSAGE][PASSED] - Delayed 5 second(s)

2018-06-14 19:23:14 - [TEST_STEP][PASSED] - Statement - monthText = com.kms.katalon.core.webui.keyword.WebUiBuiltInKeywords.getText(com.kms.katalon.core.testobject.ObjectRepository.findTestObject(ReportsPage/monthText)): Text of object 'Object Repository/ReportsPage/monthText' is: 'June 2018'

2018-06-14 19:23:15 - [MESSAGE][PASSED] - Text of object 'Object Repository/ReportsPage/monthText' is: 'June 2018'

2018-06-14 19:23:15 - [TEST_STEP][PASSED] - Statement - monthTextArray = monthText.split(" "): null

2018-06-14 19:23:15 - [TEST_STEP][PASSED] - Statement - month = monthTextArray[0]: null

2018-06-14 19:23:15 - [TEST_STEP][PASSED] - Statement - monthTextValue = CustomKeywords.projectSpecific.Reusability.getTestData("ReportsPage", "Month"): projectSpecific.Reusability.getTestData is PASSED

2018-06-14 19:23:15 - [MESSAGE][PASSED] - projectSpecific.Reusability.getTestData is PASSED

2018-06-14 19:23:15 - [TEST_STEP][PASSED] - Statement - If (!(monthTextValue.equals(month))): null

2018-06-14 19:23:15 - [TEST_STEP][PASSED] - Statement - While (!(monthTextValue.equals(month))): null

2018-06-14 19:23:15 - [TEST_STEP][PASSED] - click: Object: 'Object Repository/ReportsPage/previousDateSelector' is clicked on

2018-06-14 19:23:15 - [MESSAGE][PASSED] - Object: 'Object Repository/ReportsPage/previousDateSelector' is clicked on

2018-06-14 19:23:15 - [TEST_STEP][PASSED] - Statement - monthText = com.kms.katalon.core.webui.keyword.WebUiBuiltInKeywords.getText(com.kms.katalon.core.testobject.ObjectRepository.findTestObject(ReportsPage/monthText)): Text of object 'Object Repository/ReportsPage/monthText' is: 'May 2018'

2018-06-14 19:23:15 - [MESSAGE][PASSED] - Text of object 'Object Repository/ReportsPage/monthText' is: 'May 2018'

2018-06-14 19:23:15 - [TEST_STEP][PASSED] - Statement - monthTextArray = monthText.split(" "): null

2018-06-14 19:23:15 - [TEST_STEP][PASSED] - Statement - month = monthTextArray[0]: null

2018-06-14 19:23:15 - [TEST_STEP][PASSED] - click: Object: 'Object Repository/ReportsPage/previousDateSelector' is clicked on

2018-06-14 19:23:15 - [MESSAGE][PASSED] - Object: 'Object Repository/ReportsPage/previousDateSelector' is clicked on

2018-06-14 19:23:15 - [TEST_STEP][PASSED] - Statement - monthText = com.kms.katalon.core.webui.keyword.WebUiBuiltInKeywords.getText(com.kms.katalon.core.testobject.ObjectRepository.findTestObject(ReportsPage/monthText)): Text of object 'Object Repository/ReportsPage/monthText' is: 'April 2018'

2018-06-14 19:23:15 - [MESSAGE][PASSED] - Text of object 'Object Repository/ReportsPage/monthText' is: 'April 2018'

2018-06-14 19:23:15 - [TEST_STEP][PASSED] - Statement - monthTextArray = monthText.split(" "): null

2018-06-14 19:23:15 - [TEST_STEP][PASSED] - Statement - month = monthTextArray[0]: null

2018-06-14 19:23:15 - [TEST_STEP][PASSED] - click: Object: 'Object Repository/ReportsPage/previousDateSelector' is clicked on

2018-06-14 19:23:15 - [MESSAGE][PASSED] - Object: 'Object Repository/ReportsPage/previousDateSelector' is clicked on

2018-06-14 19:23:15 - [TEST_STEP][PASSED] - Statement - monthText = com.kms.katalon.core.webui.keyword.WebUiBuiltInKeywords.getText(com.kms.katalon.core.testobject.ObjectRepository.findTestObject(ReportsPage/monthText)): Text of object 'Object Repository/ReportsPage/monthText' is: 'March 2018'

2018-06-14 19:23:15 - [MESSAGE][PASSED] - Text of object 'Object Repository/ReportsPage/monthText' is: 'March 2018'

2018-06-14 19:23:15 - [TEST_STEP][PASSED] - Statement - monthTextArray = monthText.split(" "): null

2018-06-14 19:23:15 - [TEST_STEP][PASSED] - Statement - month = monthTextArray[0]: null

2018-06-14 19:23:15 - [TEST_STEP][PASSED] - Statement - data = CustomKeywords.projectSpecific.Reusability.getTestData("ReportsPage", "StartDate"): projectSpecific.Reusability.getTestData is PASSED

2018-06-14 19:23:15 - [MESSAGE][PASSED] - projectSpecific.Reusability.getTestData is PASSED

2018-06-14 19:23:15 - [TEST_STEP][PASSED] - Statement - startDate = "(//td[text()='" + data + "'])[1]": null

2018-06-14 19:23:15 - [TEST_STEP][PASSED] - Statement - println(startDate): null

2018-06-14 19:23:15 - [TEST_STEP][PASSED] - Statement - startdateEle = driver.findElement(org.openqa.selenium.By.xpath(startDate)): null

2018-06-14 19:23:15 - [TEST_STEP][PASSED] - Statement - startdateEle.click(): null

2018-06-14 19:23:15 - [TEST_STEP][PASSED] - delay: Delayed 10 second(s)

2018-06-14 19:23:25 - [MESSAGE][PASSED] - Delayed 10 second(s)

2018-06-14 19:23:25 - [TEST_STEP][PASSED] - click: Object: 'Object Repository/ReportsPage/toDateSelector' is clicked on

2018-06-14 19:23:25 - [MESSAGE][PASSED] - Object: 'Object Repository/ReportsPage/toDateSelector' is clicked on

2018-06-14 19:23:25 - [TEST_STEP][PASSED] - Statement - monthText = com.kms.katalon.core.webui.keyword.WebUiBuiltInKeywords.getText(com.kms.katalon.core.testobject.ObjectRepository.findTestObject(ReportsPage/monthText2)): Text of object 'Object Repository/ReportsPage/monthText2' is: 'June 2018'

2018-06-14 19:23:25 - [MESSAGE][PASSED] - Text of object 'Object Repository/ReportsPage/monthText2' is: 'June 2018'

2018-06-14 19:23:25 - [TEST_STEP][PASSED] - Statement - monthTextArray = monthText.split(" "): null

2018-06-14 19:23:25 - [TEST_STEP][PASSED] - Statement - month = monthTextArray[0]: null

2018-06-14 19:23:25 - [TEST_STEP][PASSED] - Statement - monthTextValue1 = CustomKeywords.projectSpecific.Reusability.getTestData("ReportsPage", "Month"): projectSpecific.Reusability.getTestData is PASSED

2018-06-14 19:23:25 - [MESSAGE][PASSED] - projectSpecific.Reusability.getTestData is PASSED

2018-06-14 19:23:25 - [TEST_STEP][PASSED] - Statement - If (!(monthTextValue1.equals(month))): null

2018-06-14 19:23:25 - [TEST_STEP][PASSED] - Statement - While (!(monthTextValue1.equals(month))): null

2018-06-14 19:23:25 - [TEST_STEP][PASSED] - click: Object: 'Object Repository/ReportsPage/previousDateSelector2' is clicked on

2018-06-14 19:23:25 - [MESSAGE][PASSED] - Object: 'Object Repository/ReportsPage/previousDateSelector2' is clicked on

2018-06-14 19:23:25 - [TEST_STEP][PASSED] - Statement - monthText = com.kms.katalon.core.webui.keyword.WebUiBuiltInKeywords.getText(com.kms.katalon.core.testobject.ObjectRepository.findTestObject(ReportsPage/monthText2)): Text of object 'Object Repository/ReportsPage/monthText2' is: 'May 2018'

2018-06-14 19:23:25 - [MESSAGE][PASSED] - Text of object 'Object Repository/ReportsPage/monthText2' is: 'May 2018'

2018-06-14 19:23:25 - [TEST_STEP][PASSED] - Statement - monthTextArray = monthText.split(" "): null

2018-06-14 19:23:25 - [TEST_STEP][PASSED] - Statement - month = monthTextArray[0]: null

2018-06-14 19:23:25 - [TEST_STEP][PASSED] - click: Object: 'Object Repository/ReportsPage/previousDateSelector2' is clicked on

2018-06-14 19:23:25 - [MESSAGE][PASSED] - Object: 'Object Repository/ReportsPage/previousDateSelector2' is clicked on

2018-06-14 19:23:25 - [TEST_STEP][PASSED] - Statement - monthText = com.kms.katalon.core.webui.keyword.WebUiBuiltInKeywords.getText(com.kms.katalon.core.testobject.ObjectRepository.findTestObject(ReportsPage/monthText2)): Text of object 'Object Repository/ReportsPage/monthText2' is: 'April 2018'

2018-06-14 19:23:25 - [MESSAGE][PASSED] - Text of object 'Object Repository/ReportsPage/monthText2' is: 'April 2018'

2018-06-14 19:23:25 - [TEST_STEP][PASSED] - Statement - monthTextArray = monthText.split(" "): null

2018-06-14 19:23:25 - [TEST_STEP][PASSED] - Statement - month = monthTextArray[0]: null

2018-06-14 19:23:25 - [TEST_STEP][PASSED] - click: Object: 'Object Repository/ReportsPage/previousDateSelector2' is clicked on

2018-06-14 19:23:25 - [MESSAGE][PASSED] - Object: 'Object Repository/ReportsPage/previousDateSelector2' is clicked on

2018-06-14 19:23:25 - [TEST_STEP][PASSED] - Statement - monthText = com.kms.katalon.core.webui.keyword.WebUiBuiltInKeywords.getText(com.kms.katalon.core.testobject.ObjectRepository.findTestObject(ReportsPage/monthText2)): Text of object 'Object Repository/ReportsPage/monthText2' is: 'March 2018'

2018-06-14 19:23:25 - [MESSAGE][PASSED] - Text of object 'Object Repository/ReportsPage/monthText2' is: 'March 2018'

2018-06-14 19:23:25 - [TEST_STEP][PASSED] - Statement - monthTextArray = monthText.split(" "): null

2018-06-14 19:23:25 - [TEST_STEP][PASSED] - Statement - month = monthTextArray[0]: null

2018-06-14 19:23:25 - [TEST_STEP][PASSED] - Statement - endDate = CustomKeywords.projectSpecific.Reusability.getTestData("ReportsPage", "StartDate"): projectSpecific.Reusability.getTestData is PASSED

2018-06-14 19:23:25 - [MESSAGE][PASSED] - projectSpecific.Reusability.getTestData is PASSED

2018-06-14 19:23:25 - [TEST_STEP][PASSED] - Statement - toDate = "(//div[@class='rdt date-time rdtOpen']/div[@class='rdtPicker']/div/table/tbody/tr/td[text()='" + endDate + "'])[1]": null

2018-06-14 19:23:25 - [TEST_STEP][PASSED] - Statement - println(toDate): null

2018-06-14 19:23:25 - [TEST_STEP][PASSED] - Statement - toDateEle = driver.findElement(org.openqa.selenium.By.xpath(toDate)): null

2018-06-14 19:23:25 - [TEST_STEP][PASSED] - Statement - toDateEle.click(): null

2018-06-14 19:23:25 - [TEST_STEP][PASSED] - delay: Delayed 5 second(s)

2018-06-14 19:23:30 - [MESSAGE][PASSED] - Delayed 5 second(s)

2018-06-14 19:23:30 - [TEST_STEP][PASSED] - Statement - dateAttr = com.kms.katalon.core.webui.keyword.WebUiBuiltInKeywords.getAttribute(com.kms.katalon.core.testobject.ObjectRepository.findTestObject(ReportsPage/selectedDate1), "value"): Attribute 'value' of object 'Object Repository/ReportsPage/selectedDate1' is: '03/01/2018'

2018-06-14 19:23:30 - [MESSAGE][PASSED] - Attribute 'value' of object 'Object Repository/ReportsPage/selectedDate1' is: '03/01/2018'

2018-06-14 19:23:30 - [TEST_STEP][PASSED] - Statement - fromDateValue = CustomKeywords.projectSpecific.Reusability.getTestData("ReportsPage", "fromDate_march"): projectSpecific.Reusability.getTestData is PASSED

2018-06-14 19:23:30 - [MESSAGE][PASSED] - projectSpecific.Reusability.getTestData is PASSED

2018-06-14 19:23:30 - [TEST_STEP][PASSED] - Statement - If (!(dateAttr.equals(fromDateValue))): null

2018-06-14 19:23:30 - [TEST_STEP][PASSED] - Statement - dateAttr = com.kms.katalon.core.webui.keyword.WebUiBuiltInKeywords.getAttribute(com.kms.katalon.core.testobject.ObjectRepository.findTestObject(ReportsPage/selectedDate2), "value"): Attribute 'value' of object 'Object Repository/ReportsPage/selectedDate2' is: '03/01/2018'

2018-06-14 19:23:30 - [MESSAGE][PASSED] - Attribute 'value' of object 'Object Repository/ReportsPage/selectedDate2' is: '03/01/2018'

2018-06-14 19:23:30 - [TEST_STEP][PASSED] - Statement - toDateValue = CustomKeywords.projectSpecific.Reusability.getTestData("ReportsPage", "fromDate_march"): projectSpecific.Reusability.getTestData is PASSED

2018-06-14 19:23:30 - [MESSAGE][PASSED] - projectSpecific.Reusability.getTestData is PASSED

2018-06-14 19:23:30 - [TEST_STEP][PASSED] - Statement - If (!(dateAttr.equals(toDateValue))): null

2018-06-14 19:23:30 - [TEST_STEP][PASSED] - verifyElementText: Actual text and expected text of test object 'Object Repository/ReportsPage/includeText' are matched.

2018-06-14 19:23:30 - [MESSAGE][PASSED] - projectSpecific.Reusability.getTestData is PASSED

2018-06-14 19:23:30 - [MESSAGE][PASSED] - Actual text and expected text of test object 'Object Repository/ReportsPage/includeText' are matched.

2018-06-14 19:23:30 - [TEST_STEP][PASSED] - verifyElementText: Actual text and expected text of test object 'Object Repository/ReportsPage/formatText' are matched.

2018-06-14 19:23:30 - [MESSAGE][PASSED] - projectSpecific.Reusability.getTestData is PASSED

2018-06-14 19:23:30 - [MESSAGE][PASSED] - Actual text and expected text of test object 'Object Repository/ReportsPage/formatText' are matched.

2018-06-14 19:23:30 - [TEST_STEP][PASSED] - click: Object: 'Object Repository/ReportsPage/generateReport' is clicked on

2018-06-14 19:23:30 - [MESSAGE][PASSED] - Object: 'Object Repository/ReportsPage/generateReport' is clicked on

2018-06-14 19:23:30 - [TEST_STEP][PASSED] - delay: Delayed 15 second(s)

2018-06-14 19:23:45 - [MESSAGE][PASSED] - Delayed 15 second(s)

2018-06-14 19:23:45 - [TEST_STEP][PASSED] - delay: Delayed 15 second(s)

2018-06-14 19:24:00 - [MESSAGE][PASSED] - Delayed 15 second(s)

2018-06-14 19:24:00 - [TEST_STEP][PASSED] - Statement - startTime = CustomKeywords.projectSpecific.Reusability.getTestData("SummarizedReportPage", "reportstartTime1"): projectSpecific.Reusability.getTestData is PASSED

2018-06-14 19:24:01 - [MESSAGE][PASSED] - projectSpecific.Reusability.getTestData is PASSED

2018-06-14 19:24:01 - [TEST_STEP][PASSED] - Statement - startTimeText = CustomKeywords.uiaction.CommonUIActions.getText(com.kms.katalon.core.testobject.ObjectRepository.findTestObject(SummarizedReportPage/startTimeText)): uiaction.CommonUIActions.getText is PASSED

2018-06-14 19:24:01 - [MESSAGE][PASSED] - uiaction.CommonUIActions.getText is PASSED

2018-06-14 19:24:01 - [TEST_STEP][PASSED] - Statement - startTime = startTime.trim(): null

2018-06-14 19:24:01 - [TEST_STEP][PASSED] - Statement - startTimeText = startTimeText.trim(): null

2018-06-14 19:24:01 - [TEST_STEP][FAILED] - verifyMatch: Unable to verify match between actual text 'Mar 1, 2018 OPEN' and expected text 'MAR 1, 2018 OPEN' (Root cause: Actual text 'Mar 1, 2018 OPEN' and expected text 'MAR 1, 2018 OPEN' are not matched)

2018-06-14 19:24:01 - [MESSAGE][FAILED] - Unable to verify match between actual text 'Mar 1, 2018 OPEN' and expected text 'MAR 1, 2018 OPEN' (Root cause: Actual text 'Mar 1, 2018 OPEN' and expected text 'MAR 1, 2018 OPEN' are not matched)

2018-06-14 19:24:01 - [TEST_STEP][PASSED] - Statement - endTime = CustomKeywords.projectSpecific.Reusability.getTestData("SummarizedReportPage", "reportendTime1"): projectSpecific.Reusability.getTestData is PASSED

2018-06-14 19:24:01 - [MESSAGE][PASSED] - projectSpecific.Reusability.getTestData is PASSED

2018-06-14 19:24:01 - [TEST_STEP][PASSED] - Statement - endTimeText = CustomKeywords.uiaction.CommonUIActions.getText(com.kms.katalon.core.testobject.ObjectRepository.findTestObject(SummarizedReportPage/stopTimeText)): uiaction.CommonUIActions.getText is PASSED

2018-06-14 19:24:01 - [MESSAGE][PASSED] - uiaction.CommonUIActions.getText is PASSED

2018-06-14 19:24:01 - [TEST_STEP][PASSED] - Statement - endTime = endTime.trim(): null

2018-06-14 19:24:01 - [TEST_STEP][PASSED] - Statement - endTimeText = endTimeText.trim(): null

2018-06-14 19:24:01 - [TEST_STEP][FAILED] - verifyMatch: Unable to verify match between actual text 'Mar 1, 2018 CLOSE' and expected text 'MAR 5, 2018 CLOSE' (Root cause: Actual text 'Mar 1, 2018 CLOSE' and expected text 'MAR 5, 2018 CLOSE' are not matched)

2018-06-14 19:24:01 - [MESSAGE][FAILED] - Unable to verify match between actual text 'Mar 1, 2018 CLOSE' and expected text 'MAR 5, 2018 CLOSE' (Root cause: Actual text 'Mar 1, 2018 CLOSE' and expected text 'MAR 5, 2018 CLOSE' are not matched)

2018-06-14 19:24:01 - [TEST_STEP][PASSED] - verifyElementPresent: Object 'Object Repository/SummarizedReportPage/printDateHeading' is present

2018-06-14 19:24:01 - [MESSAGE][PASSED] - Object 'Object Repository/SummarizedReportPage/printDateHeading' is present

2018-06-14 19:24:01 - [TEST_STEP][PASSED] - Statement - today = new java.util.Date(): null

2018-06-14 19:24:01 - [TEST_STEP][PASSED] - Statement - todayDate = today.format("MMMMM dd yyyy"): null

2018-06-14 19:24:01 - [TEST_STEP][PASSED] - Statement - date1 = CustomKeywords.uiaction.CommonUIActions.getText(com.kms.katalon.core.testobject.ObjectRepository.findTestObject(SummarizedReportPage/printDateText)): uiaction.CommonUIActions.getText is PASSED

2018-06-14 19:24:21 - [MESSAGE][PASSED] - uiaction.CommonUIActions.getText is PASSED

2018-06-14 19:24:21 - [TEST_STEP][PASSED] - Statement - If (date1.contains(todayDate)): null

2018-06-14 19:24:21 - [TEST_STEP][PASSED] - Statement - reportHeaders = CustomKeywords.projectSpecific.Reusability.getTestData("SummarizedReportPage", "summaryReportHeader"): projectSpecific.Reusability.getTestData is PASSED

2018-06-14 19:24:21 - [MESSAGE][PASSED] - projectSpecific.Reusability.getTestData is PASSED

2018-06-14 19:24:21 - [TEST_STEP][PASSED] - delay: Delayed 10 second(s)

2018-06-14 19:24:31 - [MESSAGE][PASSED] - Delayed 10 second(s)

2018-06-14 19:24:31 - [TEST_STEP][PASSED] - Statement - reportsArray = reportHeaders.split(","): null

2018-06-14 19:24:31 - [TEST_STEP][PASSED] - Statement - reportsHeaderList = new java.util.ArrayList(java.util.Arrays.asList(reportsArray)): null

2018-06-14 19:24:31 - [TEST_STEP][PASSED] - Statement - reportsHeaderList.unique(): null

2018-06-14 19:24:31 - [TEST_STEP][PASSED] - Statement - out.println(reportsHeaderList): null

2018-06-14 19:24:31 - [TEST_STEP][PASSED] - Statement - columnHeaderList = driver.findElements(org.openqa.selenium.By.xpath(com.kms.katalon.core.testdata.TestDataFactory.findTestData(OR_file).getValue(2, 5))): Reading excel file with source file 'C:\Users\shalinin\Katalon Studio\HME_Scripts\Data Files\HME_OR.xlsx' and sheet name 'Sheet1'

2018-06-14 19:24:31 - [TEST_STEP][PASSED] - Statement - actualList = new java.util.ArrayList(): null

2018-06-14 19:24:31 - [TEST_STEP][PASSED] - Statement - For ([i = 0, i < columnHeaderList.size(), (i++)]): null

2018-06-14 19:24:31 - [TEST_STEP][PASSED] - Statement - actualList.add(i, columnHeaderList.get(i).getText()): null

2018-06-14 19:24:31 - [TEST_STEP][PASSED] - Statement - actualList.add(i, columnHeaderList.get(i).getText()): null

2018-06-14 19:24:31 - [TEST_STEP][PASSED] - Statement - actualList.add(i, columnHeaderList.get(i).getText()): null

2018-06-14 19:24:31 - [TEST_STEP][PASSED] - Statement - actualList.add(i, columnHeaderList.get(i).getText()): null

2018-06-14 19:24:31 - [TEST_STEP][PASSED] - Statement - actualList.add(i, columnHeaderList.get(i).getText()): null

2018-06-14 19:24:31 - [TEST_STEP][PASSED] - Statement - actualList.add(i, columnHeaderList.get(i).getText()): null

2018-06-14 19:24:31 - [TEST_STEP][PASSED] - Statement - actualList.add(i, columnHeaderList.get(i).getText()): null

2018-06-14 19:24:31 - [TEST_STEP][PASSED] - Statement - out.println(actualList): null

2018-06-14 19:24:31 - [TEST_STEP][PASSED] - Statement - execFlag1 = true: null

2018-06-14 19:24:31 - [TEST_STEP][PASSED] - Statement - For ([j = 0, j < actualList.size(), (j++)]): null

2018-06-14 19:24:31 - [TEST_STEP][PASSED] - Statement - execFlag1 = com.kms.katalon.core.webui.keyword.WebUiBuiltInKeywords.verifyMatch(reportsHeaderList.get(j).toString().trim(), actualList.get(j).toString().trim(), false): Actual text 'Day' and expected text 'Day' are matched 

2018-06-14 19:24:31 - [MESSAGE][PASSED] - Actual text 'Day' and expected text 'Day' are matched 

2018-06-14 19:24:31 - [TEST_STEP][PASSED] - Statement - If (!(execFlag1)): null

2018-06-14 19:24:31 - [TEST_STEP][PASSED] - Statement - execFlag1 = com.kms.katalon.core.webui.keyword.WebUiBuiltInKeywords.verifyMatch(reportsHeaderList.get(j).toString().trim(), actualList.get(j).toString().trim(), false): Actual text 'Menu Board' and expected text 'Menu Board' are matched 

2018-06-14 19:24:31 - [MESSAGE][PASSED] - Actual text 'Menu Board' and expected text 'Menu Board' are matched 

2018-06-14 19:24:31 - [TEST_STEP][PASSED] - Statement - If (!(execFlag1)): null

2018-06-14 19:24:31 - [TEST_STEP][PASSED] - Statement - execFlag1 = com.kms.katalon.core.webui.keyword.WebUiBuiltInKeywords.verifyMatch(reportsHeaderList.get(j).toString().trim(), actualList.get(j).toString().trim(), false): Actual text 'Greet' and expected text 'Greet' are matched 

2018-06-14 19:24:31 - [MESSAGE][PASSED] - Actual text 'Greet' and expected text 'Greet' are matched 

2018-06-14 19:24:31 - [TEST_STEP][PASSED] - Statement - If (!(execFlag1)): null

2018-06-14 19:24:31 - [TEST_STEP][PASSED] - Statement - execFlag1 = com.kms.katalon.core.webui.keyword.WebUiBuiltInKeywords.verifyMatch(reportsHeaderList.get(j).toString().trim(), actualList.get(j).toString().trim(), false): Actual text 'Service' and expected text 'Service' are matched 

2018-06-14 19:24:31 - [MESSAGE][PASSED] - Actual text 'Service' and expected text 'Service' are matched 

2018-06-14 19:24:31 - [TEST_STEP][PASSED] - Statement - If (!(execFlag1)): null

2018-06-14 19:24:31 - [TEST_STEP][PASSED] - Statement - execFlag1 = com.kms.katalon.core.webui.keyword.WebUiBuiltInKeywords.verifyMatch(reportsHeaderList.get(j).toString().trim(), actualList.get(j).toString().trim(), false): Actual text 'Lane Queue' and expected text 'Lane Queue' are matched 

2018-06-14 19:24:31 - [MESSAGE][PASSED] - Actual text 'Lane Queue' and expected text 'Lane Queue' are matched 

2018-06-14 19:24:31 - [TEST_STEP][PASSED] - Statement - If (!(execFlag1)): null

2018-06-14 19:24:31 - [TEST_STEP][PASSED] - Statement - execFlag1 = com.kms.katalon.core.webui.keyword.WebUiBuiltInKeywords.verifyMatch(reportsHeaderList.get(j).toString().trim(), actualList.get(j).toString().trim(), false): Actual text 'Lane Total' and expected text 'Lane Total' are matched 

2018-06-14 19:24:31 - [MESSAGE][PASSED] - Actual text 'Lane Total' and expected text 'Lane Total' are matched 

2018-06-14 19:24:31 - [TEST_STEP][PASSED] - Statement - If (!(execFlag1)): null

2018-06-14 19:24:31 - [TEST_STEP][PASSED] - Statement - execFlag1 = com.kms.katalon.core.webui.keyword.WebUiBuiltInKeywords.verifyMatch(reportsHeaderList.get(j).toString().trim(), actualList.get(j).toString().trim(), false): Actual text 'Total Cars' and expected text 'Total Cars' are matched 

2018-06-14 19:24:31 - [MESSAGE][PASSED] - Actual text 'Total Cars' and expected text 'Total Cars' are matched 

2018-06-14 19:24:31 - [TEST_STEP][PASSED] - Statement - If (!(execFlag1)): null

2018-06-14 19:24:31 - [TEST_STEP][PASSED] - Statement - If (execFlag1): null

2018-06-14 19:24:31 - [TEST_STEP][PASSED] - Statement - out.println("Reports Column headers are verified"): null

2018-06-14 19:24:31 - [TEST_STEP][PASSED] - uiaction.CommonUIActions.click: uiaction.CommonUIActions.click is PASSED

2018-06-14 19:24:31 - [MESSAGE][PASSED] - uiaction.CommonUIActions.click is PASSED

2018-06-14 19:24:31 - [TEST_STEP][PASSED] - uiaction.CommonUIActions.click: uiaction.CommonUIActions.click is PASSED

2018-06-14 19:24:31 - [MESSAGE][PASSED] - uiaction.CommonUIActions.click is PASSED

2018-06-14 19:24:31 - [TEST_STEP][PASSED] - delay: Delayed 10 second(s)

2018-06-14 19:24:41 - [MESSAGE][PASSED] - Delayed 10 second(s)

2018-06-14 19:24:41 - [TEST_STEP][PASSED] - Statement - confirmationText = CustomKeywords.projectSpecific.Reusability.getTestData("SummarizedReportPage", "confirmationText1"): projectSpecific.Reusability.getTestData is PASSED

2018-06-14 19:24:41 - [MESSAGE][PASSED] - projectSpecific.Reusability.getTestData is PASSED

2018-06-14 19:24:41 - [TEST_STEP][PASSED] - Statement - actualconfirmationText = CustomKeywords.uiaction.CommonUIActions.getText(com.kms.katalon.core.testobject.ObjectRepository.findTestObject(SummarizedReportPage/emailConfirmation)): uiaction.CommonUIActions.getText is PASSED

2018-06-14 19:24:48 - [MESSAGE][PASSED] - uiaction.CommonUIActions.getText is PASSED

2018-06-14 19:24:48 - [TEST_STEP][PASSED] - Statement - confirm = com.kms.katalon.core.webui.keyword.WebUiBuiltInKeywords.verifyMatch(confirmationText, actualconfirmationText, false): Actual text 'Please check your email. Your Report has been sent to selvendrank@nousinfo.com.' and expected text 'Please check your email. Your Report has been sent to selvendrank@nousinfo.com.' are matched 

2018-06-14 19:24:48 - [MESSAGE][PASSED] - Actual text 'Please check your email. Your Report has been sent to selvendrank@nousinfo.com.' and expected text 'Please check your email. Your Report has been sent to selvendrank@nousinfo.com.' are matched 

2018-06-14 19:24:48 - [TEST_STEP][PASSED] - Statement - If (confirm): null

2018-06-14 19:24:48 - [TEST_STEP][PASSED] - Statement - out.println("Email Verification received"): null

2018-06-14 19:24:48 - [TEST_STEP][PASSED] - back: Navigate back successfully

2018-06-14 19:24:48 - [MESSAGE][PASSED] - Navigate back successfully

2018-06-14 19:24:48 - [TEST_STEP][PASSED] - delay: Delayed 10 second(s)

2018-06-14 19:24:58 - [MESSAGE][PASSED] - Delayed 10 second(s)

2018-06-14 19:24:58 - [TEST_STEP][PASSED] - uiaction.CommonUIActions.click: uiaction.CommonUIActions.click is PASSED

2018-06-14 19:25:02 - [MESSAGE][PASSED] - uiaction.CommonUIActions.click is PASSED

2018-06-14 19:25:02 - [TEST_STEP][PASSED] - Start listener action : sampleAfterTestCase: Browser is closed

2018-06-14 19:25:02 - [TEST_STEP][PASSED] - Statement - println(testCaseContext.getTestCaseId()): null

2018-06-14 19:25:02 - [TEST_STEP][PASSED] - Statement - println(testCaseContext.getTestCaseStatus()): null

2018-06-14 19:25:02 - [TEST_STEP][PASSED] - closeBrowser: Browser is closed

2018-06-14 19:25:03 - [MESSAGE][PASSED] - Browser is closed]]></system-out>
         <system-err><![CDATA[2018-06-14 19:21:54 - [TEST_CASE][FAILED] - Test Cases/SummaryReportsTC/HME-Summary Report-05: Test Cases/SummaryReportsTC/HME-Summary Report-05 FAILED because (of) Unable to verify match between actual text 'Mar 1, 2018 OPEN' and expected text 'MAR 1, 2018 OPEN' (Root cause: Actual text 'Mar 1, 2018 OPEN' and expected text 'MAR 1, 2018 OPEN' are not matched)]]></system-err>
      </testcase>
      <testcase name="Test Cases/SummaryReportsTC/HME-Summary Report-06" classname="Test Cases/SummaryReportsTC/HME-Summary Report-06" status="FAILED">
         <failure type="FAILED" message="Unable to verify match between actual text 'Please check your email. Your Report has been sent to selvendrank@nousinfo.com.' and expected text 'Web element with id: 'Object Repository/SummarizedReportPage/emailConfirmation' located by 'By.xpath: //div[@class='appr']/h4' not found' (Root cause: Actual text 'Please check your email. Your Report has been sent to selvendrank@nousinfo.com.' and expected text 'Web element with id: 'Object Repository/SummarizedReportPage/emailConfirmation' located by 'By.xpath: //div[@class='appr']/h4' not found' are not matched)"/>
         <system-out><![CDATA[2018-06-14 19:25:03 - [TEST_CASE][FAILED] - Test Cases/SummaryReportsTC/HME-Summary Report-06: Test Cases/SummaryReportsTC/HME-Summary Report-06 FAILED because (of) Unable to verify match between actual text 'Please check your email. Your Report has been sent to selvendrank@nousinfo.com.' and expected text 'Web element with id: 'Object Repository/SummarizedReportPage/emailConfirmation' located by 'By.xpath: //div[@class='appr']/h4' not found' (Root cause: Actual text 'Please check your email. Your Report has been sent to selvendrank@nousinfo.com.' and expected text 'Web element with id: 'Object Repository/SummarizedReportPage/emailConfirmation' located by 'By.xpath: //div[@class='appr']/h4' not found' are not matched)

2018-06-14 19:25:03 - [TEST_STEP][PASSED] - Start listener action : sampleBeforeTestCase: uiaction.CommonUIActions.deleteAllCookies is PASSED

2018-06-14 19:25:03 - [TEST_STEP][PASSED] - openBrowser: Browser is opened with url: ''

2018-06-14 19:25:05 - [MESSAGE][PASSED] - Browser is opened with url: ''

2018-06-14 19:25:05 - [TEST_STEP][PASSED] - maximizeWindow: Current window maximized

2018-06-14 19:25:06 - [MESSAGE][PASSED] - Current window maximized

2018-06-14 19:25:06 - [TEST_STEP][PASSED] - uiaction.CommonUIActions.deleteAllCookies: uiaction.CommonUIActions.deleteAllCookies is PASSED

2018-06-14 19:25:06 - [MESSAGE][PASSED] - Delete all cookies successfully

2018-06-14 19:25:06 - [MESSAGE][PASSED] - uiaction.CommonUIActions.deleteAllCookies is PASSED

2018-06-14 19:25:06 - [TEST_STEP][PASSED] - Statement - TCflag = true: null

2018-06-14 19:25:06 - [TEST_STEP][FAILED] - Statement - Try: uiaction.CommonUIActions.click is PASSED

2018-06-14 19:25:06 - [TEST_STEP][PASSED] - navigateToUrl: Navigate to 'https://hme-dev-public-cloud-app.azurewebsites.net/' successfully

2018-06-14 19:25:09 - [MESSAGE][PASSED] - Navigate to 'https://hme-dev-public-cloud-app.azurewebsites.net/' successfully

2018-06-14 19:25:09 - [TEST_STEP][PASSED] - delay: Delayed 10 second(s)

2018-06-14 19:25:19 - [MESSAGE][PASSED] - Delayed 10 second(s)

2018-06-14 19:25:19 - [TEST_STEP][PASSED] - navigateToUrl: Navigate to 'https://hme-dev-public-cloud-app.azurewebsites.net/' successfully

2018-06-14 19:25:19 - [MESSAGE][PASSED] - Navigate to 'https://hme-dev-public-cloud-app.azurewebsites.net/' successfully

2018-06-14 19:25:19 - [TEST_STEP][PASSED] - projectSpecific.Reusability.login: projectSpecific.Reusability.login is PASSED

2018-06-14 19:25:19 - [MESSAGE][PASSED] - projectSpecific.Reusability.getTestData is PASSED

2018-06-14 19:25:19 - [MESSAGE][PASSED] - projectSpecific.Reusability.getTestData is PASSED

2018-06-14 19:25:19 - [MESSAGE][PASSED] - Text 'selvendrank@nousinfo.com' is set on object 'Object Repository/LoginPage/Username'

2018-06-14 19:25:19 - [MESSAGE][PASSED] - Text 'nous;123' is set on object 'Object Repository/LoginPage/Password'

2018-06-14 19:25:19 - [MESSAGE][PASSED] - Object: 'Object Repository/LoginPage/Login' is clicked on

2018-06-14 19:25:19 - [MESSAGE][PASSED] - projectSpecific.Reusability.login is PASSED

2018-06-14 19:25:19 - [TEST_STEP][PASSED] - delay: Delayed 10 second(s)

2018-06-14 19:25:29 - [MESSAGE][PASSED] - Delayed 10 second(s)

2018-06-14 19:25:29 - [TEST_STEP][PASSED] - uiaction.CommonUIActions.click: uiaction.CommonUIActions.click is PASSED

2018-06-14 19:25:50 - [MESSAGE][PASSED] - uiaction.CommonUIActions.click is PASSED

2018-06-14 19:25:50 - [TEST_STEP][PASSED] - Statement - storenumber = CustomKeywords.uiaction.CommonUIActions.getText(com.kms.katalon.core.testobject.ObjectRepository.findTestObject(StorePage/storepage_storenumber)): uiaction.CommonUIActions.getText is PASSED

2018-06-14 19:25:50 - [MESSAGE][PASSED] - uiaction.CommonUIActions.getText is PASSED

2018-06-14 19:25:50 - [TEST_STEP][PASSED] - Statement - out.println(" the store number is--" + storenumber.trim()): null

2018-06-14 19:25:50 - [TEST_STEP][PASSED] - uiaction.CommonUIActions.click: uiaction.CommonUIActions.click is PASSED

2018-06-14 19:25:52 - [MESSAGE][PASSED] - uiaction.CommonUIActions.click is PASSED

2018-06-14 19:25:52 - [TEST_STEP][PASSED] - uiaction.CommonUIActions.click: uiaction.CommonUIActions.click is PASSED

2018-06-14 19:26:03 - [MESSAGE][PASSED] - uiaction.CommonUIActions.click is PASSED

2018-06-14 19:26:03 - [TEST_STEP][PASSED] - uiaction.CommonUIActions.click: uiaction.CommonUIActions.click is PASSED

2018-06-14 19:26:04 - [MESSAGE][PASSED] - uiaction.CommonUIActions.click is PASSED

2018-06-14 19:26:04 - [TEST_STEP][PASSED] - delay: Delayed 10 second(s)

2018-06-14 19:26:14 - [MESSAGE][PASSED] - Delayed 10 second(s)

2018-06-14 19:26:14 - [TEST_STEP][PASSED] - uiaction.CommonUIActions.click: uiaction.CommonUIActions.click is PASSED

2018-06-14 19:26:15 - [MESSAGE][PASSED] - uiaction.CommonUIActions.click is PASSED

2018-06-14 19:26:15 - [TEST_STEP][PASSED] - uiaction.CommonUIActions.enter: uiaction.CommonUIActions.enter is PASSED

2018-06-14 19:26:15 - [MESSAGE][PASSED] - projectSpecific.Reusability.getTestData is PASSED

2018-06-14 19:26:15 - [MESSAGE][PASSED] - uiaction.CommonUIActions.enter is PASSED

2018-06-14 19:26:15 - [TEST_STEP][PASSED] - uiaction.CommonUIActions.enter: uiaction.CommonUIActions.enter is PASSED

2018-06-14 19:26:15 - [MESSAGE][PASSED] - projectSpecific.Reusability.getTestData is PASSED

2018-06-14 19:26:15 - [MESSAGE][PASSED] - uiaction.CommonUIActions.enter is PASSED

2018-06-14 19:26:15 - [TEST_STEP][PASSED] - delay: Delayed 10 second(s)

2018-06-14 19:26:25 - [MESSAGE][PASSED] - Delayed 10 second(s)

2018-06-14 19:26:25 - [TEST_STEP][PASSED] - Statement - groupmain = CustomKeywords.projectSpecific.Reusability.getTestData("ReportingGroupManagementPage", "Summarygrp"): projectSpecific.Reusability.getTestData is PASSED

2018-06-14 19:26:25 - [MESSAGE][PASSED] - projectSpecific.Reusability.getTestData is PASSED

2018-06-14 19:26:25 - [TEST_STEP][PASSED] - Statement - driver = com.kms.katalon.core.webui.driver.DriverFactory.getWebDriver(): null

2018-06-14 19:26:25 - [TEST_STEP][PASSED] - Statement - grouplist = driver.findElements(org.openqa.selenium.By.xpath("//ul[@class='unlinked-grouplist']/li")): null

2018-06-14 19:26:25 - [TEST_STEP][PASSED] - delay: Delayed 10 second(s)

2018-06-14 19:26:35 - [MESSAGE][PASSED] - Delayed 10 second(s)

2018-06-14 19:26:35 - [TEST_STEP][PASSED] - Statement - For ([i = 0, i < grouplist.size(), (i++)]): null

2018-06-14 19:26:35 - [TEST_STEP][PASSED] - Statement - println(grouplist.get(i).getText()): null

2018-06-14 19:26:35 - [TEST_STEP][PASSED] - Statement - If (grouplist.get(i).getText().contains(storenumber.trim())): null

2018-06-14 19:26:35 - [TEST_STEP][PASSED] - Statement - println(grouplist.get(i).getText()): null

2018-06-14 19:26:35 - [TEST_STEP][PASSED] - Statement - If (grouplist.get(i).getText().contains(storenumber.trim())): null

2018-06-14 19:26:35 - [TEST_STEP][PASSED] - Statement - println(grouplist.get(i).getText()): null

2018-06-14 19:26:35 - [TEST_STEP][PASSED] - Statement - If (grouplist.get(i).getText().contains(storenumber.trim())): null

2018-06-14 19:26:35 - [TEST_STEP][PASSED] - Statement - println(grouplist.get(i).getText()): null

2018-06-14 19:26:35 - [TEST_STEP][PASSED] - Statement - If (grouplist.get(i).getText().contains(storenumber.trim())): null

2018-06-14 19:26:35 - [TEST_STEP][PASSED] - Statement - println(grouplist.get(i).getText()): null

2018-06-14 19:26:35 - [TEST_STEP][PASSED] - Statement - If (grouplist.get(i).getText().contains(storenumber.trim())): null

2018-06-14 19:26:35 - [TEST_STEP][PASSED] - Statement - println(grouplist.get(i).getText()): null

2018-06-14 19:26:35 - [TEST_STEP][PASSED] - Statement - If (grouplist.get(i).getText().contains(storenumber.trim())): null

2018-06-14 19:26:35 - [TEST_STEP][PASSED] - Statement - println(grouplist.get(i).getText()): null

2018-06-14 19:26:35 - [TEST_STEP][PASSED] - Statement - If (grouplist.get(i).getText().contains(storenumber.trim())): null

2018-06-14 19:26:35 - [TEST_STEP][PASSED] - Statement - println(grouplist.get(i).getText()): null

2018-06-14 19:26:35 - [TEST_STEP][PASSED] - Statement - If (grouplist.get(i).getText().contains(storenumber.trim())): null

2018-06-14 19:26:35 - [TEST_STEP][PASSED] - Statement - println(grouplist.get(i).getText()): null

2018-06-14 19:26:35 - [TEST_STEP][PASSED] - Statement - If (grouplist.get(i).getText().contains(storenumber.trim())): null

2018-06-14 19:26:35 - [TEST_STEP][PASSED] - Statement - println(grouplist.get(i).getText()): null

2018-06-14 19:26:35 - [TEST_STEP][PASSED] - Statement - If (grouplist.get(i).getText().contains(storenumber.trim())): null

2018-06-14 19:26:35 - [TEST_STEP][PASSED] - Statement - println(grouplist.get(i).getText()): null

2018-06-14 19:26:35 - [TEST_STEP][PASSED] - Statement - If (grouplist.get(i).getText().contains(storenumber.trim())): null

2018-06-14 19:26:35 - [TEST_STEP][PASSED] - Statement - println(grouplist.get(i).getText()): null

2018-06-14 19:26:35 - [TEST_STEP][PASSED] - Statement - If (grouplist.get(i).getText().contains(storenumber.trim())): null

2018-06-14 19:26:35 - [TEST_STEP][PASSED] - Statement - println(grouplist.get(i).getText()): null

2018-06-14 19:26:35 - [TEST_STEP][PASSED] - Statement - If (grouplist.get(i).getText().contains(storenumber.trim())): null

2018-06-14 19:26:35 - [TEST_STEP][PASSED] - Statement - println(grouplist.get(i).getText()): null

2018-06-14 19:26:35 - [TEST_STEP][PASSED] - Statement - If (grouplist.get(i).getText().contains(storenumber.trim())): null

2018-06-14 19:26:35 - [TEST_STEP][PASSED] - Statement - driver.findElement(org.openqa.selenium.By.xpath("(//ul[@class='unlinked-grouplist']/li/label)[" + i + 1 + "]")).click(): null

2018-06-14 19:26:35 - [TEST_STEP][PASSED] - Statement - driver.findElement(org.openqa.selenium.By.xpath("//button[contains(text(),'>')]")).click(): null

2018-06-14 19:26:35 - [TEST_STEP][PASSED] - Statement - Break: null

2018-06-14 19:26:35 - [TEST_STEP][PASSED] - delay: Delayed 10 second(s)

2018-06-14 19:26:45 - [MESSAGE][PASSED] - Delayed 10 second(s)

2018-06-14 19:26:45 - [TEST_STEP][PASSED] - uiaction.CommonUIActions.click: uiaction.CommonUIActions.click is PASSED

2018-06-14 19:26:45 - [MESSAGE][PASSED] - uiaction.CommonUIActions.click is PASSED

2018-06-14 19:26:45 - [TEST_STEP][PASSED] - uiaction.CommonUIActions.click: uiaction.CommonUIActions.click is PASSED

2018-06-14 19:26:45 - [MESSAGE][PASSED] - uiaction.CommonUIActions.click is PASSED

2018-06-14 19:26:45 - [TEST_STEP][PASSED] - delay: Delayed 10 second(s)

2018-06-14 19:26:55 - [MESSAGE][PASSED] - Delayed 10 second(s)

2018-06-14 19:26:55 - [TEST_STEP][PASSED] - uiaction.CommonUIActions.click: uiaction.CommonUIActions.click is PASSED

2018-06-14 19:26:56 - [MESSAGE][PASSED] - uiaction.CommonUIActions.click is PASSED

2018-06-14 19:26:56 - [TEST_STEP][PASSED] - delay: Delayed 10 second(s)

2018-06-14 19:27:06 - [MESSAGE][PASSED] - Delayed 10 second(s)

2018-06-14 19:27:06 - [TEST_STEP][PASSED] - Statement - driver.findElement(org.openqa.selenium.By.xpath("//span[contains(text(),'" + groupmain + "')]/../../../../span[1]")).click(): null

2018-06-14 19:27:06 - [TEST_STEP][PASSED] - Statement - driver.findElement(org.openqa.selenium.By.xpath("//span[contains(text(),'" + storenumber.trim() + "')]")).isDisplayed(): null

2018-06-14 19:27:06 - [TEST_STEP][PASSED] - Statement - driver.findElement(org.openqa.selenium.By.xpath("//span[contains(text(),'" + groupmain + "')]/../../../../span[2]")).click(): null

2018-06-14 19:27:06 - [TEST_STEP][PASSED] - Statement - cretiria_store = CustomKeywords.uiaction.CommonUIActions.getText(com.kms.katalon.core.testobject.ObjectRepository.findTestObject(ReportsPage/cretiria_store)): uiaction.CommonUIActions.getText is PASSED

2018-06-14 19:27:06 - [MESSAGE][PASSED] - uiaction.CommonUIActions.getText is PASSED

2018-06-14 19:27:06 - [TEST_STEP][PASSED] - Statement - If (cretiria_store.contains(storenumber.trim())): null

2018-06-14 19:27:06 - [TEST_STEP][PASSED] - Statement - out.println("Store is displayed in Criteria free text box"): null

2018-06-14 19:27:06 - [TEST_STEP][PASSED] - delay: Delayed 5 second(s)

2018-06-14 19:27:11 - [MESSAGE][PASSED] - Delayed 5 second(s)

2018-06-14 19:27:11 - [TEST_STEP][PASSED] - click: Object: 'Object Repository/ReportsPage/fromDateSelector' is clicked on

2018-06-14 19:27:11 - [MESSAGE][PASSED] - Object: 'Object Repository/ReportsPage/fromDateSelector' is clicked on

2018-06-14 19:27:11 - [TEST_STEP][PASSED] - delay: Delayed 5 second(s)

2018-06-14 19:27:16 - [MESSAGE][PASSED] - Delayed 5 second(s)

2018-06-14 19:27:16 - [TEST_STEP][PASSED] - Statement - monthText = com.kms.katalon.core.webui.keyword.WebUiBuiltInKeywords.getText(com.kms.katalon.core.testobject.ObjectRepository.findTestObject(ReportsPage/monthText)): Text of object 'Object Repository/ReportsPage/monthText' is: 'June 2018'

2018-06-14 19:27:16 - [MESSAGE][PASSED] - Text of object 'Object Repository/ReportsPage/monthText' is: 'June 2018'

2018-06-14 19:27:16 - [TEST_STEP][PASSED] - Statement - monthTextArray = monthText.split(" "): null

2018-06-14 19:27:16 - [TEST_STEP][PASSED] - Statement - month = monthTextArray[0]: null

2018-06-14 19:27:16 - [TEST_STEP][PASSED] - Statement - monthTextValue = CustomKeywords.projectSpecific.Reusability.getTestData("ReportsPage", "Month"): projectSpecific.Reusability.getTestData is PASSED

2018-06-14 19:27:16 - [MESSAGE][PASSED] - projectSpecific.Reusability.getTestData is PASSED

2018-06-14 19:27:16 - [TEST_STEP][PASSED] - Statement - If (!(monthTextValue.equals(month))): null

2018-06-14 19:27:16 - [TEST_STEP][PASSED] - Statement - While (!(monthTextValue.equals(month))): null

2018-06-14 19:27:16 - [TEST_STEP][PASSED] - click: Object: 'Object Repository/ReportsPage/previousDateSelector' is clicked on

2018-06-14 19:27:16 - [MESSAGE][PASSED] - Object: 'Object Repository/ReportsPage/previousDateSelector' is clicked on

2018-06-14 19:27:16 - [TEST_STEP][PASSED] - Statement - monthText = com.kms.katalon.core.webui.keyword.WebUiBuiltInKeywords.getText(com.kms.katalon.core.testobject.ObjectRepository.findTestObject(ReportsPage/monthText)): Text of object 'Object Repository/ReportsPage/monthText' is: 'May 2018'

2018-06-14 19:27:16 - [MESSAGE][PASSED] - Text of object 'Object Repository/ReportsPage/monthText' is: 'May 2018'

2018-06-14 19:27:16 - [TEST_STEP][PASSED] - Statement - monthTextArray = monthText.split(" "): null

2018-06-14 19:27:16 - [TEST_STEP][PASSED] - Statement - month = monthTextArray[0]: null

2018-06-14 19:27:16 - [TEST_STEP][PASSED] - click: Object: 'Object Repository/ReportsPage/previousDateSelector' is clicked on

2018-06-14 19:27:16 - [MESSAGE][PASSED] - Object: 'Object Repository/ReportsPage/previousDateSelector' is clicked on

2018-06-14 19:27:16 - [TEST_STEP][PASSED] - Statement - monthText = com.kms.katalon.core.webui.keyword.WebUiBuiltInKeywords.getText(com.kms.katalon.core.testobject.ObjectRepository.findTestObject(ReportsPage/monthText)): Text of object 'Object Repository/ReportsPage/monthText' is: 'April 2018'

2018-06-14 19:27:16 - [MESSAGE][PASSED] - Text of object 'Object Repository/ReportsPage/monthText' is: 'April 2018'

2018-06-14 19:27:16 - [TEST_STEP][PASSED] - Statement - monthTextArray = monthText.split(" "): null

2018-06-14 19:27:16 - [TEST_STEP][PASSED] - Statement - month = monthTextArray[0]: null

2018-06-14 19:27:16 - [TEST_STEP][PASSED] - click: Object: 'Object Repository/ReportsPage/previousDateSelector' is clicked on

2018-06-14 19:27:16 - [MESSAGE][PASSED] - Object: 'Object Repository/ReportsPage/previousDateSelector' is clicked on

2018-06-14 19:27:16 - [TEST_STEP][PASSED] - Statement - monthText = com.kms.katalon.core.webui.keyword.WebUiBuiltInKeywords.getText(com.kms.katalon.core.testobject.ObjectRepository.findTestObject(ReportsPage/monthText)): Text of object 'Object Repository/ReportsPage/monthText' is: 'March 2018'

2018-06-14 19:27:16 - [MESSAGE][PASSED] - Text of object 'Object Repository/ReportsPage/monthText' is: 'March 2018'

2018-06-14 19:27:16 - [TEST_STEP][PASSED] - Statement - monthTextArray = monthText.split(" "): null

2018-06-14 19:27:16 - [TEST_STEP][PASSED] - Statement - month = monthTextArray[0]: null

2018-06-14 19:27:16 - [TEST_STEP][PASSED] - Statement - data = CustomKeywords.projectSpecific.Reusability.getTestData("ReportsPage", "StartDate"): projectSpecific.Reusability.getTestData is PASSED

2018-06-14 19:27:16 - [MESSAGE][PASSED] - projectSpecific.Reusability.getTestData is PASSED

2018-06-14 19:27:16 - [TEST_STEP][PASSED] - Statement - startDate = "(//td[text()='" + data + "'])[1]": null

2018-06-14 19:27:16 - [TEST_STEP][PASSED] - Statement - println(startDate): null

2018-06-14 19:27:16 - [TEST_STEP][PASSED] - Statement - startdateEle = driver.findElement(org.openqa.selenium.By.xpath(startDate)): null

2018-06-14 19:27:16 - [TEST_STEP][PASSED] - Statement - startdateEle.click(): null

2018-06-14 19:27:16 - [TEST_STEP][PASSED] - delay: Delayed 5 second(s)

2018-06-14 19:27:21 - [MESSAGE][PASSED] - Delayed 5 second(s)

2018-06-14 19:27:21 - [TEST_STEP][PASSED] - click: Object: 'Object Repository/ReportsPage/toDateSelector' is clicked on

2018-06-14 19:27:21 - [MESSAGE][PASSED] - Object: 'Object Repository/ReportsPage/toDateSelector' is clicked on

2018-06-14 19:27:21 - [TEST_STEP][PASSED] - Statement - monthText = com.kms.katalon.core.webui.keyword.WebUiBuiltInKeywords.getText(com.kms.katalon.core.testobject.ObjectRepository.findTestObject(ReportsPage/monthText2)): Text of object 'Object Repository/ReportsPage/monthText2' is: 'June 2018'

2018-06-14 19:27:21 - [MESSAGE][PASSED] - Text of object 'Object Repository/ReportsPage/monthText2' is: 'June 2018'

2018-06-14 19:27:21 - [TEST_STEP][PASSED] - Statement - monthTextArray = monthText.split(" "): null

2018-06-14 19:27:21 - [TEST_STEP][PASSED] - Statement - month = monthTextArray[0]: null

2018-06-14 19:27:21 - [TEST_STEP][PASSED] - Statement - If (!(monthTextValue.equals(month))): null

2018-06-14 19:27:21 - [TEST_STEP][PASSED] - Statement - While (!(monthTextValue.equals(month))): null

2018-06-14 19:27:21 - [TEST_STEP][PASSED] - click: Object: 'Object Repository/ReportsPage/previousDateSelector2' is clicked on

2018-06-14 19:27:21 - [MESSAGE][PASSED] - Object: 'Object Repository/ReportsPage/previousDateSelector2' is clicked on

2018-06-14 19:27:21 - [TEST_STEP][PASSED] - Statement - monthText = com.kms.katalon.core.webui.keyword.WebUiBuiltInKeywords.getText(com.kms.katalon.core.testobject.ObjectRepository.findTestObject(ReportsPage/monthText2)): Text of object 'Object Repository/ReportsPage/monthText2' is: 'May 2018'

2018-06-14 19:27:21 - [MESSAGE][PASSED] - Text of object 'Object Repository/ReportsPage/monthText2' is: 'May 2018'

2018-06-14 19:27:21 - [TEST_STEP][PASSED] - Statement - monthTextArray = monthText.split(" "): null

2018-06-14 19:27:21 - [TEST_STEP][PASSED] - Statement - month = monthTextArray[0]: null

2018-06-14 19:27:21 - [TEST_STEP][PASSED] - click: Object: 'Object Repository/ReportsPage/previousDateSelector2' is clicked on

2018-06-14 19:27:21 - [MESSAGE][PASSED] - Object: 'Object Repository/ReportsPage/previousDateSelector2' is clicked on

2018-06-14 19:27:21 - [TEST_STEP][PASSED] - Statement - monthText = com.kms.katalon.core.webui.keyword.WebUiBuiltInKeywords.getText(com.kms.katalon.core.testobject.ObjectRepository.findTestObject(ReportsPage/monthText2)): Text of object 'Object Repository/ReportsPage/monthText2' is: 'April 2018'

2018-06-14 19:27:21 - [MESSAGE][PASSED] - Text of object 'Object Repository/ReportsPage/monthText2' is: 'April 2018'

2018-06-14 19:27:21 - [TEST_STEP][PASSED] - Statement - monthTextArray = monthText.split(" "): null

2018-06-14 19:27:21 - [TEST_STEP][PASSED] - Statement - month = monthTextArray[0]: null

2018-06-14 19:27:21 - [TEST_STEP][PASSED] - click: Object: 'Object Repository/ReportsPage/previousDateSelector2' is clicked on

2018-06-14 19:27:21 - [MESSAGE][PASSED] - Object: 'Object Repository/ReportsPage/previousDateSelector2' is clicked on

2018-06-14 19:27:21 - [TEST_STEP][PASSED] - Statement - monthText = com.kms.katalon.core.webui.keyword.WebUiBuiltInKeywords.getText(com.kms.katalon.core.testobject.ObjectRepository.findTestObject(ReportsPage/monthText2)): Text of object 'Object Repository/ReportsPage/monthText2' is: 'March 2018'

2018-06-14 19:27:22 - [MESSAGE][PASSED] - Text of object 'Object Repository/ReportsPage/monthText2' is: 'March 2018'

2018-06-14 19:27:22 - [TEST_STEP][PASSED] - Statement - monthTextArray = monthText.split(" "): null

2018-06-14 19:27:22 - [TEST_STEP][PASSED] - Statement - month = monthTextArray[0]: null

2018-06-14 19:27:22 - [TEST_STEP][PASSED] - Statement - endDate = CustomKeywords.projectSpecific.Reusability.getTestData("ReportsPage", "StartDate"): projectSpecific.Reusability.getTestData is PASSED

2018-06-14 19:27:22 - [MESSAGE][PASSED] - projectSpecific.Reusability.getTestData is PASSED

2018-06-14 19:27:22 - [TEST_STEP][PASSED] - Statement - toDate = "(//div[@class='rdtPicker']/div/table/tbody/tr/td[text()='" + endDate + "'])[3]": null

2018-06-14 19:27:22 - [TEST_STEP][PASSED] - Statement - toDateEle = driver.findElement(org.openqa.selenium.By.xpath(toDate)): null

2018-06-14 19:27:22 - [TEST_STEP][PASSED] - Statement - toDateEle.click(): null

2018-06-14 19:27:22 - [TEST_STEP][PASSED] - delay: Delayed 5 second(s)

2018-06-14 19:27:27 - [MESSAGE][PASSED] - Delayed 5 second(s)

2018-06-14 19:27:27 - [TEST_STEP][PASSED] - Statement - dateAttr = com.kms.katalon.core.webui.keyword.WebUiBuiltInKeywords.getAttribute(com.kms.katalon.core.testobject.ObjectRepository.findTestObject(ReportsPage/selectedDate1), "value"): Attribute 'value' of object 'Object Repository/ReportsPage/selectedDate1' is: '03/01/2018'

2018-06-14 19:27:27 - [MESSAGE][PASSED] - Attribute 'value' of object 'Object Repository/ReportsPage/selectedDate1' is: '03/01/2018'

2018-06-14 19:27:27 - [TEST_STEP][PASSED] - Statement - fromDateValue = CustomKeywords.projectSpecific.Reusability.getTestData("ReportsPage", "fromDate"): projectSpecific.Reusability.getTestData is PASSED

2018-06-14 19:27:27 - [MESSAGE][PASSED] - projectSpecific.Reusability.getTestData is PASSED

2018-06-14 19:27:27 - [TEST_STEP][PASSED] - Statement - If (!(dateAttr.equals(fromDateValue))): null

2018-06-14 19:27:27 - [TEST_STEP][PASSED] - Statement - dateAttr = com.kms.katalon.core.webui.keyword.WebUiBuiltInKeywords.getAttribute(com.kms.katalon.core.testobject.ObjectRepository.findTestObject(ReportsPage/selectedDate2), "value"): Attribute 'value' of object 'Object Repository/ReportsPage/selectedDate2' is: '03/01/2018'

2018-06-14 19:27:27 - [MESSAGE][PASSED] - Attribute 'value' of object 'Object Repository/ReportsPage/selectedDate2' is: '03/01/2018'

2018-06-14 19:27:27 - [TEST_STEP][PASSED] - Statement - toDateValue = CustomKeywords.projectSpecific.Reusability.getTestData("ReportsPage", "fromDate"): projectSpecific.Reusability.getTestData is PASSED

2018-06-14 19:27:27 - [MESSAGE][PASSED] - projectSpecific.Reusability.getTestData is PASSED

2018-06-14 19:27:27 - [TEST_STEP][PASSED] - Statement - If (!(dateAttr.equals(toDateValue))): null

2018-06-14 19:27:27 - [TEST_STEP][PASSED] - uiaction.CommonUIActions.click: uiaction.CommonUIActions.click is PASSED

2018-06-14 19:27:27 - [MESSAGE][PASSED] - uiaction.CommonUIActions.click is PASSED

2018-06-14 19:27:27 - [TEST_STEP][PASSED] - Statement - opencheckbox = CustomKeywords.uiaction.CommonUIActions.isEnabled(com.kms.katalon.core.testobject.ObjectRepository.findTestObject(ReportsPage/Report_opencheckbox)): uiaction.CommonUIActions.isEnabled is PASSED

2018-06-14 19:27:27 - [MESSAGE][PASSED] - uiaction.CommonUIActions.isEnabled is PASSED

2018-06-14 19:27:27 - [TEST_STEP][PASSED] - Statement - If (!(opencheckbox)): null

2018-06-14 19:27:27 - [TEST_STEP][PASSED] - Statement - out.println("Open checkbox is checked bydefault"): null

2018-06-14 19:27:27 - [TEST_STEP][PASSED] - Statement - closecheckbox = CustomKeywords.uiaction.CommonUIActions.isEnabled(com.kms.katalon.core.testobject.ObjectRepository.findTestObject(ReportsPage/Report_closecheckbox)): uiaction.CommonUIActions.isEnabled is PASSED

2018-06-14 19:27:27 - [MESSAGE][PASSED] - uiaction.CommonUIActions.isEnabled is PASSED

2018-06-14 19:27:27 - [TEST_STEP][PASSED] - Statement - If (!(closecheckbox)): null

2018-06-14 19:27:27 - [TEST_STEP][PASSED] - Statement - out.println("Close checkbox is checked bydefault"): null

2018-06-14 19:27:27 - [TEST_STEP][PASSED] - uiaction.CommonUIActions.click: uiaction.CommonUIActions.click is PASSED

2018-06-14 19:27:27 - [MESSAGE][PASSED] - uiaction.CommonUIActions.click is PASSED

2018-06-14 19:27:27 - [TEST_STEP][PASSED] - uiaction.CommonUIActions.click: uiaction.CommonUIActions.click is PASSED

2018-06-14 19:27:27 - [MESSAGE][PASSED] - uiaction.CommonUIActions.click is PASSED

2018-06-14 19:27:27 - [TEST_STEP][PASSED] - verifyElementPresent: Object 'Object Repository/ReportsPage/advancedoption_am' is present

2018-06-14 19:27:27 - [MESSAGE][PASSED] - Object 'Object Repository/ReportsPage/advancedoption_am' is present

2018-06-14 19:27:27 - [TEST_STEP][PASSED] - verifyElementPresent: Object 'Object Repository/ReportsPage/advanceoptions_pm' is present

2018-06-14 19:27:27 - [MESSAGE][PASSED] - Object 'Object Repository/ReportsPage/advanceoptions_pm' is present

2018-06-14 19:27:27 - [TEST_STEP][PASSED] - Statement - open_am = CustomKeywords.uiaction.CommonUIActions.isEnabled(com.kms.katalon.core.testobject.ObjectRepository.findTestObject(ReportsPage/advancedoption_am)): uiaction.CommonUIActions.isEnabled is PASSED

2018-06-14 19:27:27 - [MESSAGE][PASSED] - uiaction.CommonUIActions.isEnabled is PASSED

2018-06-14 19:27:27 - [TEST_STEP][PASSED] - Statement - If (open_am): null

2018-06-14 19:27:27 - [TEST_STEP][PASSED] - Statement - out.println("AM Drop down boxes  enabled"): null

2018-06-14 19:27:27 - [TEST_STEP][PASSED] - Statement - open_pm = CustomKeywords.uiaction.CommonUIActions.isEnabled(com.kms.katalon.core.testobject.ObjectRepository.findTestObject(ReportsPage/advanceoptions_pm)): uiaction.CommonUIActions.isEnabled is PASSED

2018-06-14 19:27:27 - [MESSAGE][PASSED] - uiaction.CommonUIActions.isEnabled is PASSED

2018-06-14 19:27:27 - [TEST_STEP][PASSED] - Statement - If (open_pm): null

2018-06-14 19:27:27 - [TEST_STEP][PASSED] - Statement - out.println("PM Drop down boxes  enabled"): null

2018-06-14 19:27:27 - [TEST_STEP][PASSED] - uiaction.CommonUIActions.click: uiaction.CommonUIActions.click is PASSED

2018-06-14 19:27:27 - [MESSAGE][PASSED] - uiaction.CommonUIActions.click is PASSED

2018-06-14 19:27:27 - [TEST_STEP][PASSED] - uiaction.CommonUIActions.enter: uiaction.CommonUIActions.enter is PASSED

2018-06-14 19:27:27 - [MESSAGE][PASSED] - uiaction.CommonUIActions.enter is PASSED

2018-06-14 19:27:27 - [TEST_STEP][PASSED] - uiaction.CommonUIActions.click: uiaction.CommonUIActions.click is PASSED

2018-06-14 19:27:27 - [MESSAGE][PASSED] - uiaction.CommonUIActions.click is PASSED

2018-06-14 19:27:27 - [TEST_STEP][PASSED] - delay: Delayed 10 second(s)

2018-06-14 19:27:37 - [MESSAGE][PASSED] - Delayed 10 second(s)

2018-06-14 19:27:37 - [TEST_STEP][PASSED] - uiaction.CommonUIActions.click: uiaction.CommonUIActions.click is PASSED

2018-06-14 19:27:37 - [MESSAGE][PASSED] - uiaction.CommonUIActions.click is PASSED

2018-06-14 19:27:37 - [TEST_STEP][PASSED] - uiaction.CommonUIActions.click: uiaction.CommonUIActions.click is PASSED

2018-06-14 19:27:38 - [MESSAGE][PASSED] - uiaction.CommonUIActions.click is PASSED

2018-06-14 19:27:38 - [TEST_STEP][PASSED] - verifyElementPresent: Object 'Object Repository/ReportsPage/advancedoption_am' is present

2018-06-14 19:27:38 - [MESSAGE][PASSED] - Object 'Object Repository/ReportsPage/advancedoption_am' is present

2018-06-14 19:27:38 - [TEST_STEP][PASSED] - verifyElementPresent: Object 'Object Repository/ReportsPage/advanceoptions_pm' is present

2018-06-14 19:27:38 - [MESSAGE][PASSED] - Object 'Object Repository/ReportsPage/advanceoptions_pm' is present

2018-06-14 19:27:38 - [TEST_STEP][PASSED] - Statement - close_am = CustomKeywords.uiaction.CommonUIActions.isEnabled(com.kms.katalon.core.testobject.ObjectRepository.findTestObject(ReportsPage/advancedoption_am)): uiaction.CommonUIActions.isEnabled is PASSED

2018-06-14 19:27:38 - [MESSAGE][PASSED] - uiaction.CommonUIActions.isEnabled is PASSED

2018-06-14 19:27:38 - [TEST_STEP][PASSED] - Statement - If (close_am): null

2018-06-14 19:27:38 - [TEST_STEP][PASSED] - Statement - out.println("AM Drop down boxes  enabled"): null

2018-06-14 19:27:38 - [TEST_STEP][PASSED] - Statement - close_pm = CustomKeywords.uiaction.CommonUIActions.isEnabled(com.kms.katalon.core.testobject.ObjectRepository.findTestObject(ReportsPage/advanceoptions_pm)): uiaction.CommonUIActions.isEnabled is PASSED

2018-06-14 19:27:38 - [MESSAGE][PASSED] - uiaction.CommonUIActions.isEnabled is PASSED

2018-06-14 19:27:38 - [TEST_STEP][PASSED] - Statement - If (close_pm): null

2018-06-14 19:27:38 - [TEST_STEP][PASSED] - Statement - out.println("PM Drop down boxes  enabled"): null

2018-06-14 19:27:38 - [TEST_STEP][PASSED] - uiaction.CommonUIActions.click: uiaction.CommonUIActions.click is PASSED

2018-06-14 19:27:38 - [MESSAGE][PASSED] - uiaction.CommonUIActions.click is PASSED

2018-06-14 19:27:38 - [TEST_STEP][PASSED] - uiaction.CommonUIActions.enter: uiaction.CommonUIActions.enter is PASSED

2018-06-14 19:27:38 - [MESSAGE][PASSED] - uiaction.CommonUIActions.enter is PASSED

2018-06-14 19:27:38 - [TEST_STEP][PASSED] - uiaction.CommonUIActions.click: uiaction.CommonUIActions.click is PASSED

2018-06-14 19:27:38 - [MESSAGE][PASSED] - uiaction.CommonUIActions.click is PASSED

2018-06-14 19:27:38 - [TEST_STEP][PASSED] - delay: Delayed 5 second(s)

2018-06-14 19:27:43 - [MESSAGE][PASSED] - Delayed 5 second(s)

2018-06-14 19:27:43 - [TEST_STEP][PASSED] - click: Object: 'Object Repository/ReportsPage/generateReport' is clicked on

2018-06-14 19:27:43 - [MESSAGE][PASSED] - Object: 'Object Repository/ReportsPage/generateReport' is clicked on

2018-06-14 19:27:43 - [TEST_STEP][PASSED] - delay: Delayed 10 second(s)

2018-06-14 19:27:53 - [MESSAGE][PASSED] - Delayed 10 second(s)

2018-06-14 19:27:53 - [TEST_STEP][PASSED] - delay: Delayed 10 second(s)

2018-06-14 19:28:03 - [MESSAGE][PASSED] - Delayed 10 second(s)

2018-06-14 19:28:03 - [TEST_STEP][PASSED] - Statement - confirmationText = CustomKeywords.projectSpecific.Reusability.getTestData("SummarizedReportPage", "confirmationText1"): projectSpecific.Reusability.getTestData is PASSED

2018-06-14 19:28:03 - [MESSAGE][PASSED] - projectSpecific.Reusability.getTestData is PASSED

2018-06-14 19:28:03 - [TEST_STEP][PASSED] - Statement - actualconfirmationText = CustomKeywords.uiaction.CommonUIActions.getText(com.kms.katalon.core.testobject.ObjectRepository.findTestObject(SummarizedReportPage/emailConfirmation)): uiaction.CommonUIActions.getText is PASSED

2018-06-14 19:28:23 - [MESSAGE][PASSED] - uiaction.CommonUIActions.getText is PASSED

2018-06-14 19:28:23 - [TEST_STEP][FAILED] - Statement - confirm = com.kms.katalon.core.webui.keyword.WebUiBuiltInKeywords.verifyMatch(confirmationText, actualconfirmationText, false): Unable to verify match between actual text 'Please check your email. Your Report has been sent to selvendrank@nousinfo.com.' and expected text 'Web element with id: 'Object Repository/SummarizedReportPage/emailConfirmation' located by 'By.xpath: //div[@class='appr']/h4' not found' (Root cause: Actual text 'Please check your email. Your Report has been sent to selvendrank@nousinfo.com.' and expected text 'Web element with id: 'Object Repository/SummarizedReportPage/emailConfirmation' located by 'By.xpath: //div[@class='appr']/h4' not found' are not matched)

2018-06-14 19:28:23 - [MESSAGE][FAILED] - Unable to verify match between actual text 'Please check your email. Your Report has been sent to selvendrank@nousinfo.com.' and expected text 'Web element with id: 'Object Repository/SummarizedReportPage/emailConfirmation' located by 'By.xpath: //div[@class='appr']/h4' not found' (Root cause: Actual text 'Please check your email. Your Report has been sent to selvendrank@nousinfo.com.' and expected text 'Web element with id: 'Object Repository/SummarizedReportPage/emailConfirmation' located by 'By.xpath: //div[@class='appr']/h4' not found' are not matched)

2018-06-14 19:28:23 - [TEST_STEP][PASSED] - Statement - If (confirm): null

2018-06-14 19:28:23 - [TEST_STEP][PASSED] - Statement - Else: null

2018-06-14 19:28:23 - [TEST_STEP][PASSED] - Statement - If (TCflag): null

2018-06-14 19:28:23 - [TEST_STEP][PASSED] - Statement - out.println("Email Verification not received"): null

2018-06-14 19:28:23 - [TEST_STEP][PASSED] - delay: Delayed 5 second(s)

2018-06-14 19:28:28 - [MESSAGE][PASSED] - Delayed 5 second(s)

2018-06-14 19:28:28 - [TEST_STEP][PASSED] - uiaction.CommonUIActions.click: uiaction.CommonUIActions.click is PASSED

2018-06-14 19:28:32 - [MESSAGE][PASSED] - uiaction.CommonUIActions.click is PASSED

2018-06-14 19:28:32 - [TEST_STEP][PASSED] - delay: Delayed 5 second(s)

2018-06-14 19:28:37 - [MESSAGE][PASSED] - Delayed 5 second(s)

2018-06-14 19:28:37 - [TEST_STEP][PASSED] - uiaction.CommonUIActions.click: uiaction.CommonUIActions.click is PASSED

2018-06-14 19:28:48 - [MESSAGE][PASSED] - uiaction.CommonUIActions.click is PASSED

2018-06-14 19:28:48 - [TEST_STEP][PASSED] - delay: Delayed 5 second(s)

2018-06-14 19:28:53 - [MESSAGE][PASSED] - Delayed 5 second(s)

2018-06-14 19:28:53 - [TEST_STEP][PASSED] - uiaction.CommonUIActions.click: uiaction.CommonUIActions.click is PASSED

2018-06-14 19:28:53 - [MESSAGE][PASSED] - uiaction.CommonUIActions.click is PASSED

2018-06-14 19:28:53 - [TEST_STEP][PASSED] - delay: Delayed 10 second(s)

2018-06-14 19:29:03 - [MESSAGE][PASSED] - Delayed 10 second(s)

2018-06-14 19:29:03 - [TEST_STEP][PASSED] - uiaction.CommonUIActions.click: uiaction.CommonUIActions.click is PASSED

2018-06-14 19:29:04 - [MESSAGE][PASSED] - uiaction.CommonUIActions.click is PASSED

2018-06-14 19:29:04 - [TEST_STEP][PASSED] - delay: Delayed 10 second(s)

2018-06-14 19:29:14 - [MESSAGE][PASSED] - Delayed 10 second(s)

2018-06-14 19:29:14 - [TEST_STEP][PASSED] - uiaction.CommonUIActions.click: uiaction.CommonUIActions.click is PASSED

2018-06-14 19:29:14 - [MESSAGE][PASSED] - uiaction.CommonUIActions.click is PASSED

2018-06-14 19:29:14 - [TEST_STEP][PASSED] - delay: Delayed 10 second(s)

2018-06-14 19:29:24 - [MESSAGE][PASSED] - Delayed 10 second(s)

2018-06-14 19:29:24 - [TEST_STEP][PASSED] - uiaction.CommonUIActions.click: uiaction.CommonUIActions.click is PASSED

2018-06-14 19:29:24 - [MESSAGE][PASSED] - uiaction.CommonUIActions.click is PASSED

2018-06-14 19:29:24 - [TEST_STEP][PASSED] - delay: Delayed 10 second(s)

2018-06-14 19:29:34 - [MESSAGE][PASSED] - Delayed 10 second(s)

2018-06-14 19:29:34 - [TEST_STEP][PASSED] - uiaction.CommonUIActions.click: uiaction.CommonUIActions.click is PASSED

2018-06-14 19:29:42 - [MESSAGE][PASSED] - uiaction.CommonUIActions.click is PASSED

2018-06-14 19:29:42 - [TEST_STEP][PASSED] - Statement - assert TCflag == true: null

2018-06-14 19:29:42 - [TEST_STEP][PASSED] - Start listener action : sampleAfterTestCase: Browser is closed

2018-06-14 19:29:42 - [TEST_STEP][PASSED] - Statement - println(testCaseContext.getTestCaseId()): null

2018-06-14 19:29:42 - [TEST_STEP][PASSED] - Statement - println(testCaseContext.getTestCaseStatus()): null

2018-06-14 19:29:42 - [TEST_STEP][PASSED] - closeBrowser: Browser is closed

2018-06-14 19:29:43 - [MESSAGE][PASSED] - Browser is closed]]></system-out>
         <system-err><![CDATA[2018-06-14 19:25:03 - [TEST_CASE][FAILED] - Test Cases/SummaryReportsTC/HME-Summary Report-06: Test Cases/SummaryReportsTC/HME-Summary Report-06 FAILED because (of) Unable to verify match between actual text 'Please check your email. Your Report has been sent to selvendrank@nousinfo.com.' and expected text 'Web element with id: 'Object Repository/SummarizedReportPage/emailConfirmation' located by 'By.xpath: //div[@class='appr']/h4' not found' (Root cause: Actual text 'Please check your email. Your Report has been sent to selvendrank@nousinfo.com.' and expected text 'Web element with id: 'Object Repository/SummarizedReportPage/emailConfirmation' located by 'By.xpath: //div[@class='appr']/h4' not found' are not matched)]]></system-err>
      </testcase>
      <testcase name="Test Cases/SummaryReportsTC/HME-Summary Report-07" classname="Test Cases/SummaryReportsTC/HME-Summary Report-07" status="FAILED">
         <failure type="FAILED" message="org.codehaus.groovy.runtime.powerassert.PowerAssertionError: assert TCflag==true
       |     |
       false false"/>
         <system-out><![CDATA[2018-06-14 19:29:43 - [TEST_CASE][FAILED] - Test Cases/SummaryReportsTC/HME-Summary Report-07: Test Cases/SummaryReportsTC/HME-Summary Report-07 FAILED because (of) org.codehaus.groovy.runtime.powerassert.PowerAssertionError: assert TCflag==true
       |     |
       false false

2018-06-14 19:29:43 - [TEST_STEP][PASSED] - Start listener action : sampleBeforeTestCase: uiaction.CommonUIActions.deleteAllCookies is PASSED

2018-06-14 19:29:43 - [TEST_STEP][PASSED] - openBrowser: Browser is opened with url: ''

2018-06-14 19:29:45 - [MESSAGE][PASSED] - Browser is opened with url: ''

2018-06-14 19:29:45 - [TEST_STEP][PASSED] - maximizeWindow: Current window maximized

2018-06-14 19:29:46 - [MESSAGE][PASSED] - Current window maximized

2018-06-14 19:29:46 - [TEST_STEP][PASSED] - uiaction.CommonUIActions.deleteAllCookies: uiaction.CommonUIActions.deleteAllCookies is PASSED

2018-06-14 19:29:46 - [MESSAGE][PASSED] - Delete all cookies successfully

2018-06-14 19:29:46 - [MESSAGE][PASSED] - uiaction.CommonUIActions.deleteAllCookies is PASSED

2018-06-14 19:29:46 - [TEST_STEP][PASSED] - Statement - TCflag = true: null

2018-06-14 19:29:46 - [TEST_STEP][PASSED] - Statement - Try: null

2018-06-14 19:29:46 - [TEST_STEP][PASSED] - navigateToUrl: Navigate to 'https://hme-dev-public-cloud-app.azurewebsites.net/' successfully

2018-06-14 19:29:49 - [MESSAGE][PASSED] - Navigate to 'https://hme-dev-public-cloud-app.azurewebsites.net/' successfully

2018-06-14 19:29:49 - [TEST_STEP][PASSED] - projectSpecific.Reusability.login: projectSpecific.Reusability.login is PASSED

2018-06-14 19:29:49 - [MESSAGE][PASSED] - projectSpecific.Reusability.getTestData is PASSED

2018-06-14 19:29:49 - [MESSAGE][PASSED] - projectSpecific.Reusability.getTestData is PASSED

2018-06-14 19:29:49 - [MESSAGE][PASSED] - Text 'selvendrank@nousinfo.com' is set on object 'Object Repository/LoginPage/Username'

2018-06-14 19:29:49 - [MESSAGE][PASSED] - Text 'nous;123' is set on object 'Object Repository/LoginPage/Password'

2018-06-14 19:29:50 - [MESSAGE][PASSED] - Object: 'Object Repository/LoginPage/Login' is clicked on

2018-06-14 19:29:50 - [MESSAGE][PASSED] - projectSpecific.Reusability.login is PASSED

2018-06-14 19:29:50 - [TEST_STEP][PASSED] - uiaction.CommonUIActions.click: uiaction.CommonUIActions.click is PASSED

2018-06-14 19:30:10 - [MESSAGE][PASSED] - uiaction.CommonUIActions.click is PASSED

2018-06-14 19:30:10 - [TEST_STEP][PASSED] - delay: Delayed 10 second(s)

2018-06-14 19:30:20 - [MESSAGE][PASSED] - Delayed 10 second(s)

2018-06-14 19:30:20 - [TEST_STEP][PASSED] - uiaction.CommonUIActions.click: uiaction.CommonUIActions.click is PASSED

2018-06-14 19:30:40 - [MESSAGE][PASSED] - uiaction.CommonUIActions.click is PASSED

2018-06-14 19:30:40 - [TEST_STEP][PASSED] - uiaction.CommonUIActions.click: uiaction.CommonUIActions.click is PASSED

2018-06-14 19:31:00 - [MESSAGE][PASSED] - uiaction.CommonUIActions.click is PASSED

2018-06-14 19:31:00 - [TEST_STEP][PASSED] - uiaction.CommonUIActions.click: uiaction.CommonUIActions.click is PASSED

2018-06-14 19:31:21 - [MESSAGE][PASSED] - uiaction.CommonUIActions.click is PASSED

2018-06-14 19:31:21 - [TEST_STEP][PASSED] - uiaction.CommonUIActions.click: uiaction.CommonUIActions.click is PASSED

2018-06-14 19:31:41 - [MESSAGE][PASSED] - uiaction.CommonUIActions.click is PASSED

2018-06-14 19:31:41 - [TEST_STEP][PASSED] - Statement - storeID = CustomKeywords.uiaction.CommonUIActions.getText(com.kms.katalon.core.testobject.ObjectRepository.findTestObject(StorePage/storeID)): uiaction.CommonUIActions.getText is PASSED

2018-06-14 19:32:01 - [MESSAGE][PASSED] - uiaction.CommonUIActions.getText is PASSED

2018-06-14 19:32:01 - [TEST_STEP][PASSED] - Statement - storenumber = storeID.trim(): null

2018-06-14 19:32:01 - [TEST_STEP][PASSED] - Statement - println(storenumber): null

2018-06-14 19:32:01 - [TEST_STEP][PASSED] - uiaction.CommonUIActions.click: uiaction.CommonUIActions.click is PASSED

2018-06-14 19:32:22 - [MESSAGE][PASSED] - uiaction.CommonUIActions.click is PASSED

2018-06-14 19:32:22 - [TEST_STEP][PASSED] - delay: Delayed 10 second(s)

2018-06-14 19:32:32 - [MESSAGE][PASSED] - Delayed 10 second(s)

2018-06-14 19:32:32 - [TEST_STEP][PASSED] - uiaction.CommonUIActions.click: uiaction.CommonUIActions.click is PASSED

2018-06-14 19:32:52 - [MESSAGE][PASSED] - uiaction.CommonUIActions.click is PASSED

2018-06-14 19:32:52 - [TEST_STEP][PASSED] - uiaction.CommonUIActions.click: uiaction.CommonUIActions.click is PASSED

2018-06-14 19:33:12 - [MESSAGE][PASSED] - uiaction.CommonUIActions.click is PASSED

2018-06-14 19:33:12 - [TEST_STEP][PASSED] - uiaction.CommonUIActions.click: uiaction.CommonUIActions.click is PASSED

2018-06-14 19:33:33 - [MESSAGE][PASSED] - uiaction.CommonUIActions.click is PASSED

2018-06-14 19:33:33 - [TEST_STEP][PASSED] - uiaction.CommonUIActions.enter: uiaction.CommonUIActions.enter is PASSED

2018-06-14 19:33:33 - [MESSAGE][PASSED] - projectSpecific.Reusability.getTestData is PASSED

2018-06-14 19:33:33 - [MESSAGE][PASSED] - uiaction.CommonUIActions.enter is PASSED

2018-06-14 19:33:33 - [TEST_STEP][PASSED] - uiaction.CommonUIActions.enter: uiaction.CommonUIActions.enter is PASSED

2018-06-14 19:33:33 - [MESSAGE][PASSED] - projectSpecific.Reusability.getTestData is PASSED

2018-06-14 19:33:53 - [MESSAGE][PASSED] - uiaction.CommonUIActions.enter is PASSED

2018-06-14 19:33:53 - [TEST_STEP][PASSED] - delay: Delayed 10 second(s)

2018-06-14 19:34:03 - [MESSAGE][PASSED] - Delayed 10 second(s)

2018-06-14 19:34:03 - [TEST_STEP][PASSED] - Statement - driver = com.kms.katalon.core.webui.driver.DriverFactory.getWebDriver(): null

2018-06-14 19:34:03 - [TEST_STEP][PASSED] - Statement - grouplist = driver.findElements(org.openqa.selenium.By.xpath("//ul[@class='unlinked-grouplist']/li")): null

2018-06-14 19:34:03 - [TEST_STEP][PASSED] - delay: Delayed 5 second(s)

2018-06-14 19:34:08 - [MESSAGE][PASSED] - Delayed 5 second(s)

2018-06-14 19:34:08 - [TEST_STEP][PASSED] - Statement - For ([i = 0, i < grouplist.size(), (i++)]): null

2018-06-14 19:34:08 - [TEST_STEP][PASSED] - delay: Delayed 10 second(s)

2018-06-14 19:34:18 - [MESSAGE][PASSED] - Delayed 10 second(s)

2018-06-14 19:34:18 - [TEST_STEP][PASSED] - uiaction.CommonUIActions.click: uiaction.CommonUIActions.click is PASSED

2018-06-14 19:34:38 - [MESSAGE][PASSED] - uiaction.CommonUIActions.click is PASSED

2018-06-14 19:34:38 - [TEST_STEP][PASSED] - uiaction.CommonUIActions.click: uiaction.CommonUIActions.click is PASSED

2018-06-14 19:34:59 - [MESSAGE][PASSED] - uiaction.CommonUIActions.click is PASSED

2018-06-14 19:34:59 - [TEST_STEP][PASSED] - delay: Delayed 10 second(s)

2018-06-14 19:35:09 - [MESSAGE][PASSED] - Delayed 10 second(s)

2018-06-14 19:35:09 - [TEST_STEP][PASSED] - uiaction.CommonUIActions.click: uiaction.CommonUIActions.click is PASSED

2018-06-14 19:35:29 - [MESSAGE][PASSED] - uiaction.CommonUIActions.click is PASSED

2018-06-14 19:35:29 - [TEST_STEP][PASSED] - delay: Delayed 10 second(s)

2018-06-14 19:35:39 - [MESSAGE][PASSED] - Delayed 10 second(s)

2018-06-14 19:35:39 - [TEST_STEP][PASSED] - Statement - groupmain = CustomKeywords.projectSpecific.Reusability.getTestData("ReportingGroupManagementPage", "dummyGroupName1"): projectSpecific.Reusability.getTestData is PASSED

2018-06-14 19:35:39 - [MESSAGE][PASSED] - projectSpecific.Reusability.getTestData is PASSED

2018-06-14 19:35:39 - [TEST_STEP][PASSED] - Statement - driver.findElement(org.openqa.selenium.By.xpath("//span[contains(text(),'" + groupmain + "')]/../../../../span[1]")).click(): null

2018-06-14 19:35:39 - [TEST_STEP][PASSED] - Statement - Catch (Exception e): null

2018-06-14 19:35:39 - [TEST_STEP][PASSED] - Statement - e.printStackTrace(): null

2018-06-14 19:35:39 - [TEST_STEP][PASSED] - Statement - println("Exception of element not found"): null

2018-06-14 19:35:39 - [TEST_STEP][PASSED] - Statement - If (TCflag): null

2018-06-14 19:35:39 - [TEST_STEP][PASSED] - Statement - assert TCflag == true: null

2018-06-14 19:35:39 - [TEST_STEP][PASSED] - Start listener action : sampleAfterTestCase: Browser is closed

2018-06-14 19:35:39 - [TEST_STEP][PASSED] - Statement - println(testCaseContext.getTestCaseId()): null

2018-06-14 19:35:39 - [TEST_STEP][PASSED] - Statement - println(testCaseContext.getTestCaseStatus()): null

2018-06-14 19:35:39 - [TEST_STEP][PASSED] - closeBrowser: Browser is closed

2018-06-14 19:35:40 - [MESSAGE][PASSED] - Browser is closed]]></system-out>
         <system-err><![CDATA[2018-06-14 19:29:43 - [TEST_CASE][FAILED] - Test Cases/SummaryReportsTC/HME-Summary Report-07: Test Cases/SummaryReportsTC/HME-Summary Report-07 FAILED because (of) org.codehaus.groovy.runtime.powerassert.PowerAssertionError: assert TCflag==true
       |     |
       false false]]></system-err>
      </testcase>
      <testcase name="Test Cases/SummaryReportsTC/HME-Summary Report-08" classname="Test Cases/SummaryReportsTC/HME-Summary Report-08" status="FAILED">
         <failure type="FAILED" message="org.codehaus.groovy.runtime.powerassert.PowerAssertionError: assert TCflag==true
       |     |
       false false"/>
         <system-out><![CDATA[2018-06-14 19:35:40 - [TEST_CASE][FAILED] - Test Cases/SummaryReportsTC/HME-Summary Report-08: Test Cases/SummaryReportsTC/HME-Summary Report-08 FAILED because (of) org.codehaus.groovy.runtime.powerassert.PowerAssertionError: assert TCflag==true
       |     |
       false false

2018-06-14 19:35:40 - [TEST_STEP][PASSED] - Start listener action : sampleBeforeTestCase: uiaction.CommonUIActions.deleteAllCookies is PASSED

2018-06-14 19:35:40 - [TEST_STEP][PASSED] - openBrowser: Browser is opened with url: ''

2018-06-14 19:35:42 - [MESSAGE][PASSED] - Browser is opened with url: ''

2018-06-14 19:35:42 - [TEST_STEP][PASSED] - maximizeWindow: Current window maximized

2018-06-14 19:35:43 - [MESSAGE][PASSED] - Current window maximized

2018-06-14 19:35:43 - [TEST_STEP][PASSED] - uiaction.CommonUIActions.deleteAllCookies: uiaction.CommonUIActions.deleteAllCookies is PASSED

2018-06-14 19:35:43 - [MESSAGE][PASSED] - Delete all cookies successfully

2018-06-14 19:35:43 - [MESSAGE][PASSED] - uiaction.CommonUIActions.deleteAllCookies is PASSED

2018-06-14 19:35:43 - [TEST_STEP][PASSED] - Statement - TCflag = true: null

2018-06-14 19:35:43 - [TEST_STEP][PASSED] - Statement - Try: null

2018-06-14 19:35:43 - [TEST_STEP][PASSED] - navigateToUrl: Navigate to 'https://hme-dev-public-cloud-app.azurewebsites.net/' successfully

2018-06-14 19:35:46 - [MESSAGE][PASSED] - Navigate to 'https://hme-dev-public-cloud-app.azurewebsites.net/' successfully

2018-06-14 19:35:46 - [TEST_STEP][PASSED] - projectSpecific.Reusability.login: projectSpecific.Reusability.login is PASSED

2018-06-14 19:35:46 - [MESSAGE][PASSED] - projectSpecific.Reusability.getTestData is PASSED

2018-06-14 19:35:46 - [MESSAGE][PASSED] - projectSpecific.Reusability.getTestData is PASSED

2018-06-14 19:35:46 - [MESSAGE][PASSED] - Text 'selvendrank@nousinfo.com' is set on object 'Object Repository/LoginPage/Username'

2018-06-14 19:35:46 - [MESSAGE][PASSED] - Text 'nous;123' is set on object 'Object Repository/LoginPage/Password'

2018-06-14 19:35:46 - [MESSAGE][PASSED] - Object: 'Object Repository/LoginPage/Login' is clicked on

2018-06-14 19:35:46 - [MESSAGE][PASSED] - projectSpecific.Reusability.login is PASSED

2018-06-14 19:35:46 - [TEST_STEP][PASSED] - uiaction.CommonUIActions.click: uiaction.CommonUIActions.click is PASSED

2018-06-14 19:36:07 - [MESSAGE][PASSED] - uiaction.CommonUIActions.click is PASSED

2018-06-14 19:36:07 - [TEST_STEP][PASSED] - delay: Delayed 10 second(s)

2018-06-14 19:36:17 - [MESSAGE][PASSED] - Delayed 10 second(s)

2018-06-14 19:36:17 - [TEST_STEP][PASSED] - uiaction.CommonUIActions.click: uiaction.CommonUIActions.click is PASSED

2018-06-14 19:36:29 - [MESSAGE][PASSED] - uiaction.CommonUIActions.click is PASSED

2018-06-14 19:36:29 - [TEST_STEP][PASSED] - uiaction.CommonUIActions.click: uiaction.CommonUIActions.click is PASSED

2018-06-14 19:36:31 - [MESSAGE][PASSED] - uiaction.CommonUIActions.click is PASSED

2018-06-14 19:36:31 - [TEST_STEP][PASSED] - uiaction.CommonUIActions.click: uiaction.CommonUIActions.click is PASSED

2018-06-14 19:36:51 - [MESSAGE][PASSED] - uiaction.CommonUIActions.click is PASSED

2018-06-14 19:36:51 - [TEST_STEP][PASSED] - uiaction.CommonUIActions.click: uiaction.CommonUIActions.click is PASSED

2018-06-14 19:37:12 - [MESSAGE][PASSED] - uiaction.CommonUIActions.click is PASSED

2018-06-14 19:37:12 - [TEST_STEP][PASSED] - Statement - storeID = CustomKeywords.uiaction.CommonUIActions.getText(com.kms.katalon.core.testobject.ObjectRepository.findTestObject(StorePage/storeID)): uiaction.CommonUIActions.getText is PASSED

2018-06-14 19:37:32 - [MESSAGE][PASSED] - uiaction.CommonUIActions.getText is PASSED

2018-06-14 19:37:32 - [TEST_STEP][PASSED] - Statement - storenumber = storeID.trim(): null

2018-06-14 19:37:32 - [TEST_STEP][PASSED] - Statement - println(storenumber): null

2018-06-14 19:37:32 - [TEST_STEP][PASSED] - uiaction.CommonUIActions.click: uiaction.CommonUIActions.click is PASSED

2018-06-14 19:37:32 - [MESSAGE][PASSED] - uiaction.CommonUIActions.click is PASSED

2018-06-14 19:37:32 - [TEST_STEP][PASSED] - delay: Delayed 10 second(s)

2018-06-14 19:37:42 - [MESSAGE][PASSED] - Delayed 10 second(s)

2018-06-14 19:37:42 - [TEST_STEP][PASSED] - uiaction.CommonUIActions.click: uiaction.CommonUIActions.click is PASSED

2018-06-14 19:37:42 - [MESSAGE][PASSED] - uiaction.CommonUIActions.click is PASSED

2018-06-14 19:37:42 - [TEST_STEP][PASSED] - uiaction.CommonUIActions.click: uiaction.CommonUIActions.click is PASSED

2018-06-14 19:37:42 - [MESSAGE][PASSED] - uiaction.CommonUIActions.click is PASSED

2018-06-14 19:37:42 - [TEST_STEP][PASSED] - uiaction.CommonUIActions.click: uiaction.CommonUIActions.click is PASSED

2018-06-14 19:38:02 - [MESSAGE][PASSED] - uiaction.CommonUIActions.click is PASSED

2018-06-14 19:38:02 - [TEST_STEP][PASSED] - uiaction.CommonUIActions.enter: uiaction.CommonUIActions.enter is PASSED

2018-06-14 19:38:02 - [MESSAGE][PASSED] - projectSpecific.Reusability.getTestData is PASSED

2018-06-14 19:38:03 - [MESSAGE][PASSED] - uiaction.CommonUIActions.enter is PASSED

2018-06-14 19:38:03 - [TEST_STEP][PASSED] - uiaction.CommonUIActions.enter: uiaction.CommonUIActions.enter is PASSED

2018-06-14 19:38:03 - [MESSAGE][PASSED] - projectSpecific.Reusability.getTestData is PASSED

2018-06-14 19:38:23 - [MESSAGE][PASSED] - uiaction.CommonUIActions.enter is PASSED

2018-06-14 19:38:23 - [TEST_STEP][PASSED] - delay: Delayed 10 second(s)

2018-06-14 19:38:33 - [MESSAGE][PASSED] - Delayed 10 second(s)

2018-06-14 19:38:33 - [TEST_STEP][PASSED] - Statement - driver = com.kms.katalon.core.webui.driver.DriverFactory.getWebDriver(): null

2018-06-14 19:38:33 - [TEST_STEP][PASSED] - Statement - grouplist = driver.findElements(org.openqa.selenium.By.xpath("//ul[@class='unlinked-grouplist']/li")): null

2018-06-14 19:38:33 - [TEST_STEP][PASSED] - delay: Delayed 5 second(s)

2018-06-14 19:38:38 - [MESSAGE][PASSED] - Delayed 5 second(s)

2018-06-14 19:38:38 - [TEST_STEP][PASSED] - Statement - For ([i = 0, i < grouplist.size(), (i++)]): null

2018-06-14 19:38:38 - [TEST_STEP][PASSED] - delay: Delayed 10 second(s)

2018-06-14 19:38:48 - [MESSAGE][PASSED] - Delayed 10 second(s)

2018-06-14 19:38:48 - [TEST_STEP][PASSED] - uiaction.CommonUIActions.click: uiaction.CommonUIActions.click is PASSED

2018-06-14 19:39:08 - [MESSAGE][PASSED] - uiaction.CommonUIActions.click is PASSED

2018-06-14 19:39:08 - [TEST_STEP][PASSED] - uiaction.CommonUIActions.click: uiaction.CommonUIActions.click is PASSED

2018-06-14 19:39:29 - [MESSAGE][PASSED] - uiaction.CommonUIActions.click is PASSED

2018-06-14 19:39:29 - [TEST_STEP][PASSED] - delay: Delayed 10 second(s)

2018-06-14 19:39:39 - [MESSAGE][PASSED] - Delayed 10 second(s)

2018-06-14 19:39:39 - [TEST_STEP][PASSED] - uiaction.CommonUIActions.click: uiaction.CommonUIActions.click is PASSED

2018-06-14 19:39:39 - [MESSAGE][PASSED] - uiaction.CommonUIActions.click is PASSED

2018-06-14 19:39:39 - [TEST_STEP][PASSED] - delay: Delayed 10 second(s)

2018-06-14 19:39:49 - [MESSAGE][PASSED] - Delayed 10 second(s)

2018-06-14 19:39:49 - [TEST_STEP][PASSED] - Statement - groupmain = CustomKeywords.projectSpecific.Reusability.getTestData("ReportingGroupManagementPage", "dummyGroupName1"): projectSpecific.Reusability.getTestData is PASSED

2018-06-14 19:39:49 - [MESSAGE][PASSED] - projectSpecific.Reusability.getTestData is PASSED

2018-06-14 19:39:49 - [TEST_STEP][PASSED] - Statement - driver.findElement(org.openqa.selenium.By.xpath("//span[contains(text(),'" + groupmain + "')]/../../../../span[1]")).click(): null

2018-06-14 19:39:49 - [TEST_STEP][PASSED] - Statement - Catch (Exception e): null

2018-06-14 19:39:49 - [TEST_STEP][PASSED] - Statement - e.printStackTrace(): null

2018-06-14 19:39:49 - [TEST_STEP][PASSED] - Statement - println("Exception of element not found"): null

2018-06-14 19:39:49 - [TEST_STEP][PASSED] - Statement - If (TCflag): null

2018-06-14 19:39:49 - [TEST_STEP][PASSED] - Statement - assert TCflag == true: null

2018-06-14 19:39:49 - [TEST_STEP][PASSED] - Start listener action : sampleAfterTestCase: Browser is closed

2018-06-14 19:39:49 - [TEST_STEP][PASSED] - Statement - println(testCaseContext.getTestCaseId()): null

2018-06-14 19:39:49 - [TEST_STEP][PASSED] - Statement - println(testCaseContext.getTestCaseStatus()): null

2018-06-14 19:39:49 - [TEST_STEP][PASSED] - closeBrowser: Browser is closed

2018-06-14 19:39:49 - [MESSAGE][PASSED] - Browser is closed]]></system-out>
         <system-err><![CDATA[2018-06-14 19:35:40 - [TEST_CASE][FAILED] - Test Cases/SummaryReportsTC/HME-Summary Report-08: Test Cases/SummaryReportsTC/HME-Summary Report-08 FAILED because (of) org.codehaus.groovy.runtime.powerassert.PowerAssertionError: assert TCflag==true
       |     |
       false false]]></system-err>
      </testcase>
      <testcase name="Test Cases/SummaryReportsTC/HME-Summary Report-09" classname="Test Cases/SummaryReportsTC/HME-Summary Report-09" status="FAILED">
         <failure type="FAILED" message="org.codehaus.groovy.runtime.powerassert.PowerAssertionError: assert TCflag==true
       |     |
       false false"/>
         <system-out><![CDATA[2018-06-14 19:39:49 - [TEST_CASE][FAILED] - Test Cases/SummaryReportsTC/HME-Summary Report-09: Test Cases/SummaryReportsTC/HME-Summary Report-09 FAILED because (of) org.codehaus.groovy.runtime.powerassert.PowerAssertionError: assert TCflag==true
       |     |
       false false

2018-06-14 19:39:50 - [TEST_STEP][PASSED] - Start listener action : sampleBeforeTestCase: uiaction.CommonUIActions.deleteAllCookies is PASSED

2018-06-14 19:39:50 - [TEST_STEP][PASSED] - openBrowser: Browser is opened with url: ''

2018-06-14 19:39:52 - [MESSAGE][PASSED] - Browser is opened with url: ''

2018-06-14 19:39:52 - [TEST_STEP][PASSED] - maximizeWindow: Current window maximized

2018-06-14 19:39:53 - [MESSAGE][PASSED] - Current window maximized

2018-06-14 19:39:53 - [TEST_STEP][PASSED] - uiaction.CommonUIActions.deleteAllCookies: uiaction.CommonUIActions.deleteAllCookies is PASSED

2018-06-14 19:39:53 - [MESSAGE][PASSED] - Delete all cookies successfully

2018-06-14 19:39:53 - [MESSAGE][PASSED] - uiaction.CommonUIActions.deleteAllCookies is PASSED

2018-06-14 19:39:53 - [TEST_STEP][PASSED] - Statement - TCflag = true: null

2018-06-14 19:39:53 - [TEST_STEP][PASSED] - Statement - Try: null

2018-06-14 19:39:53 - [TEST_STEP][PASSED] - navigateToUrl: Navigate to 'https://hme-dev-public-cloud-app.azurewebsites.net/' successfully

2018-06-14 19:39:56 - [MESSAGE][PASSED] - Navigate to 'https://hme-dev-public-cloud-app.azurewebsites.net/' successfully

2018-06-14 19:39:56 - [TEST_STEP][PASSED] - projectSpecific.Reusability.login: projectSpecific.Reusability.login is PASSED

2018-06-14 19:39:56 - [MESSAGE][PASSED] - projectSpecific.Reusability.getTestData is PASSED

2018-06-14 19:39:56 - [MESSAGE][PASSED] - projectSpecific.Reusability.getTestData is PASSED

2018-06-14 19:39:56 - [MESSAGE][PASSED] - Text 'selvendrank@nousinfo.com' is set on object 'Object Repository/LoginPage/Username'

2018-06-14 19:39:56 - [MESSAGE][PASSED] - Text 'nous;123' is set on object 'Object Repository/LoginPage/Password'

2018-06-14 19:39:56 - [MESSAGE][PASSED] - Object: 'Object Repository/LoginPage/Login' is clicked on

2018-06-14 19:39:56 - [MESSAGE][PASSED] - projectSpecific.Reusability.login is PASSED

2018-06-14 19:39:56 - [TEST_STEP][PASSED] - uiaction.CommonUIActions.click: uiaction.CommonUIActions.click is PASSED

2018-06-14 19:40:17 - [MESSAGE][PASSED] - uiaction.CommonUIActions.click is PASSED

2018-06-14 19:40:17 - [TEST_STEP][PASSED] - delay: Delayed 10 second(s)

2018-06-14 19:40:27 - [MESSAGE][PASSED] - Delayed 10 second(s)

2018-06-14 19:40:27 - [TEST_STEP][PASSED] - uiaction.CommonUIActions.click: uiaction.CommonUIActions.click is PASSED

2018-06-14 19:40:39 - [MESSAGE][PASSED] - uiaction.CommonUIActions.click is PASSED

2018-06-14 19:40:39 - [TEST_STEP][PASSED] - uiaction.CommonUIActions.click: uiaction.CommonUIActions.click is PASSED

2018-06-14 19:40:41 - [MESSAGE][PASSED] - uiaction.CommonUIActions.click is PASSED

2018-06-14 19:40:41 - [TEST_STEP][PASSED] - uiaction.CommonUIActions.click: uiaction.CommonUIActions.click is PASSED

2018-06-14 19:41:01 - [MESSAGE][PASSED] - uiaction.CommonUIActions.click is PASSED

2018-06-14 19:41:01 - [TEST_STEP][PASSED] - uiaction.CommonUIActions.click: uiaction.CommonUIActions.click is PASSED

2018-06-14 19:41:21 - [MESSAGE][PASSED] - uiaction.CommonUIActions.click is PASSED

2018-06-14 19:41:21 - [TEST_STEP][PASSED] - Statement - storeID = CustomKeywords.uiaction.CommonUIActions.getText(com.kms.katalon.core.testobject.ObjectRepository.findTestObject(StorePage/storeID)): uiaction.CommonUIActions.getText is PASSED

2018-06-14 19:41:42 - [MESSAGE][PASSED] - uiaction.CommonUIActions.getText is PASSED

2018-06-14 19:41:42 - [TEST_STEP][PASSED] - Statement - storenumber = storeID.trim(): null

2018-06-14 19:41:42 - [TEST_STEP][PASSED] - Statement - println(storenumber): null

2018-06-14 19:41:42 - [TEST_STEP][PASSED] - uiaction.CommonUIActions.click: uiaction.CommonUIActions.click is PASSED

2018-06-14 19:41:42 - [MESSAGE][PASSED] - uiaction.CommonUIActions.click is PASSED

2018-06-14 19:41:42 - [TEST_STEP][PASSED] - delay: Delayed 10 second(s)

2018-06-14 19:41:52 - [MESSAGE][PASSED] - Delayed 10 second(s)

2018-06-14 19:41:52 - [TEST_STEP][PASSED] - uiaction.CommonUIActions.click: uiaction.CommonUIActions.click is PASSED

2018-06-14 19:41:52 - [MESSAGE][PASSED] - uiaction.CommonUIActions.click is PASSED

2018-06-14 19:41:52 - [TEST_STEP][PASSED] - uiaction.CommonUIActions.click: uiaction.CommonUIActions.click is PASSED

2018-06-14 19:41:52 - [MESSAGE][PASSED] - uiaction.CommonUIActions.click is PASSED

2018-06-14 19:41:52 - [TEST_STEP][PASSED] - uiaction.CommonUIActions.click: uiaction.CommonUIActions.click is PASSED

2018-06-14 19:42:12 - [MESSAGE][PASSED] - uiaction.CommonUIActions.click is PASSED

2018-06-14 19:42:12 - [TEST_STEP][PASSED] - uiaction.CommonUIActions.enter: uiaction.CommonUIActions.enter is PASSED

2018-06-14 19:42:12 - [MESSAGE][PASSED] - projectSpecific.Reusability.getTestData is PASSED

2018-06-14 19:42:12 - [MESSAGE][PASSED] - uiaction.CommonUIActions.enter is PASSED

2018-06-14 19:42:12 - [TEST_STEP][PASSED] - uiaction.CommonUIActions.enter: uiaction.CommonUIActions.enter is PASSED

2018-06-14 19:42:12 - [MESSAGE][PASSED] - projectSpecific.Reusability.getTestData is PASSED

2018-06-14 19:42:33 - [MESSAGE][PASSED] - uiaction.CommonUIActions.enter is PASSED

2018-06-14 19:42:33 - [TEST_STEP][PASSED] - delay: Delayed 10 second(s)

2018-06-14 19:42:43 - [MESSAGE][PASSED] - Delayed 10 second(s)

2018-06-14 19:42:43 - [TEST_STEP][PASSED] - Statement - driver = com.kms.katalon.core.webui.driver.DriverFactory.getWebDriver(): null

2018-06-14 19:42:43 - [TEST_STEP][PASSED] - Statement - grouplist = driver.findElements(org.openqa.selenium.By.xpath("//ul[@class='unlinked-grouplist']/li")): null

2018-06-14 19:42:43 - [TEST_STEP][PASSED] - delay: Delayed 5 second(s)

2018-06-14 19:42:48 - [MESSAGE][PASSED] - Delayed 5 second(s)

2018-06-14 19:42:48 - [TEST_STEP][PASSED] - Statement - For ([i = 0, i < grouplist.size(), (i++)]): null

2018-06-14 19:42:48 - [TEST_STEP][PASSED] - delay: Delayed 10 second(s)

2018-06-14 19:42:58 - [MESSAGE][PASSED] - Delayed 10 second(s)

2018-06-14 19:42:58 - [TEST_STEP][PASSED] - uiaction.CommonUIActions.click: uiaction.CommonUIActions.click is PASSED

2018-06-14 19:43:18 - [MESSAGE][PASSED] - uiaction.CommonUIActions.click is PASSED

2018-06-14 19:43:18 - [TEST_STEP][PASSED] - uiaction.CommonUIActions.click: uiaction.CommonUIActions.click is PASSED

2018-06-14 19:43:39 - [MESSAGE][PASSED] - uiaction.CommonUIActions.click is PASSED

2018-06-14 19:43:39 - [TEST_STEP][PASSED] - delay: Delayed 10 second(s)

2018-06-14 19:43:49 - [MESSAGE][PASSED] - Delayed 10 second(s)

2018-06-14 19:43:49 - [TEST_STEP][PASSED] - uiaction.CommonUIActions.click: uiaction.CommonUIActions.click is PASSED

2018-06-14 19:43:49 - [MESSAGE][PASSED] - uiaction.CommonUIActions.click is PASSED

2018-06-14 19:43:49 - [TEST_STEP][PASSED] - delay: Delayed 10 second(s)

2018-06-14 19:43:59 - [MESSAGE][PASSED] - Delayed 10 second(s)

2018-06-14 19:43:59 - [TEST_STEP][PASSED] - Statement - groupmain = CustomKeywords.projectSpecific.Reusability.getTestData("ReportingGroupManagementPage", "dummyGroupName1"): projectSpecific.Reusability.getTestData is PASSED

2018-06-14 19:43:59 - [MESSAGE][PASSED] - projectSpecific.Reusability.getTestData is PASSED

2018-06-14 19:43:59 - [TEST_STEP][PASSED] - Statement - driver.findElement(org.openqa.selenium.By.xpath("//span[contains(text(),'" + groupmain + "')]/../../../../span[1]")).click(): null

2018-06-14 19:43:59 - [TEST_STEP][PASSED] - Statement - Catch (Exception e): null

2018-06-14 19:43:59 - [TEST_STEP][PASSED] - Statement - e.printStackTrace(): null

2018-06-14 19:43:59 - [TEST_STEP][PASSED] - Statement - println("Exception of element not found"): null

2018-06-14 19:43:59 - [TEST_STEP][PASSED] - Statement - If (TCflag): null

2018-06-14 19:43:59 - [TEST_STEP][PASSED] - Statement - assert TCflag == true: null

2018-06-14 19:43:59 - [TEST_STEP][PASSED] - Start listener action : sampleAfterTestCase: Browser is closed

2018-06-14 19:43:59 - [TEST_STEP][PASSED] - Statement - println(testCaseContext.getTestCaseId()): null

2018-06-14 19:43:59 - [TEST_STEP][PASSED] - Statement - println(testCaseContext.getTestCaseStatus()): null

2018-06-14 19:43:59 - [TEST_STEP][PASSED] - closeBrowser: Browser is closed

2018-06-14 19:43:59 - [MESSAGE][PASSED] - Browser is closed]]></system-out>
         <system-err><![CDATA[2018-06-14 19:39:49 - [TEST_CASE][FAILED] - Test Cases/SummaryReportsTC/HME-Summary Report-09: Test Cases/SummaryReportsTC/HME-Summary Report-09 FAILED because (of) org.codehaus.groovy.runtime.powerassert.PowerAssertionError: assert TCflag==true
       |     |
       false false]]></system-err>
      </testcase>
      <testcase name="Test Cases/SummaryReportsTC/HME-Summary Report-10" classname="Test Cases/SummaryReportsTC/HME-Summary Report-10" status="FAILED">
         <failure type="FAILED" message="org.codehaus.groovy.runtime.powerassert.PowerAssertionError: assert TCflag==true
       |     |
       false false"/>
         <system-out><![CDATA[2018-06-14 19:43:59 - [TEST_CASE][FAILED] - Test Cases/SummaryReportsTC/HME-Summary Report-10: Test Cases/SummaryReportsTC/HME-Summary Report-10 FAILED because (of) org.codehaus.groovy.runtime.powerassert.PowerAssertionError: assert TCflag==true
       |     |
       false false

2018-06-14 19:43:59 - [TEST_STEP][PASSED] - Start listener action : sampleBeforeTestCase: uiaction.CommonUIActions.deleteAllCookies is PASSED

2018-06-14 19:43:59 - [TEST_STEP][PASSED] - openBrowser: Browser is opened with url: ''

2018-06-14 19:44:01 - [MESSAGE][PASSED] - Browser is opened with url: ''

2018-06-14 19:44:01 - [TEST_STEP][PASSED] - maximizeWindow: Current window maximized

2018-06-14 19:44:03 - [MESSAGE][PASSED] - Current window maximized

2018-06-14 19:44:03 - [TEST_STEP][PASSED] - uiaction.CommonUIActions.deleteAllCookies: uiaction.CommonUIActions.deleteAllCookies is PASSED

2018-06-14 19:44:03 - [MESSAGE][PASSED] - Delete all cookies successfully

2018-06-14 19:44:03 - [MESSAGE][PASSED] - uiaction.CommonUIActions.deleteAllCookies is PASSED

2018-06-14 19:44:03 - [TEST_STEP][PASSED] - Statement - TCflag = true: null

2018-06-14 19:44:03 - [TEST_STEP][PASSED] - Statement - Try: null

2018-06-14 19:44:03 - [TEST_STEP][PASSED] - navigateToUrl: Navigate to 'https://hme-dev-public-cloud-app.azurewebsites.net/' successfully

2018-06-14 19:44:06 - [MESSAGE][PASSED] - Navigate to 'https://hme-dev-public-cloud-app.azurewebsites.net/' successfully

2018-06-14 19:44:06 - [TEST_STEP][PASSED] - projectSpecific.Reusability.login: projectSpecific.Reusability.login is PASSED

2018-06-14 19:44:06 - [MESSAGE][PASSED] - projectSpecific.Reusability.getTestData is PASSED

2018-06-14 19:44:06 - [MESSAGE][PASSED] - projectSpecific.Reusability.getTestData is PASSED

2018-06-14 19:44:06 - [MESSAGE][PASSED] - Text 'selvendrank@nousinfo.com' is set on object 'Object Repository/LoginPage/Username'

2018-06-14 19:44:06 - [MESSAGE][PASSED] - Text 'nous;123' is set on object 'Object Repository/LoginPage/Password'

2018-06-14 19:44:06 - [MESSAGE][PASSED] - Object: 'Object Repository/LoginPage/Login' is clicked on

2018-06-14 19:44:06 - [MESSAGE][PASSED] - projectSpecific.Reusability.login is PASSED

2018-06-14 19:44:06 - [TEST_STEP][PASSED] - uiaction.CommonUIActions.click: uiaction.CommonUIActions.click is PASSED

2018-06-14 19:44:27 - [MESSAGE][PASSED] - uiaction.CommonUIActions.click is PASSED

2018-06-14 19:44:27 - [TEST_STEP][PASSED] - delay: Delayed 10 second(s)

2018-06-14 19:44:37 - [MESSAGE][PASSED] - Delayed 10 second(s)

2018-06-14 19:44:37 - [TEST_STEP][PASSED] - uiaction.CommonUIActions.click: uiaction.CommonUIActions.click is PASSED

2018-06-14 19:44:49 - [MESSAGE][PASSED] - uiaction.CommonUIActions.click is PASSED

2018-06-14 19:44:49 - [TEST_STEP][PASSED] - uiaction.CommonUIActions.click: uiaction.CommonUIActions.click is PASSED

2018-06-14 19:44:50 - [MESSAGE][PASSED] - uiaction.CommonUIActions.click is PASSED

2018-06-14 19:44:50 - [TEST_STEP][PASSED] - uiaction.CommonUIActions.click: uiaction.CommonUIActions.click is PASSED

2018-06-14 19:45:11 - [MESSAGE][PASSED] - uiaction.CommonUIActions.click is PASSED

2018-06-14 19:45:11 - [TEST_STEP][PASSED] - uiaction.CommonUIActions.click: uiaction.CommonUIActions.click is PASSED

2018-06-14 19:45:31 - [MESSAGE][PASSED] - uiaction.CommonUIActions.click is PASSED

2018-06-14 19:45:31 - [TEST_STEP][PASSED] - Statement - storeID = CustomKeywords.uiaction.CommonUIActions.getText(com.kms.katalon.core.testobject.ObjectRepository.findTestObject(StorePage/storeID)): uiaction.CommonUIActions.getText is PASSED

2018-06-14 19:45:52 - [MESSAGE][PASSED] - uiaction.CommonUIActions.getText is PASSED

2018-06-14 19:45:52 - [TEST_STEP][PASSED] - Statement - storenumber = storeID.trim(): null

2018-06-14 19:45:52 - [TEST_STEP][PASSED] - Statement - println(storenumber): null

2018-06-14 19:45:52 - [TEST_STEP][PASSED] - uiaction.CommonUIActions.click: uiaction.CommonUIActions.click is PASSED

2018-06-14 19:45:52 - [MESSAGE][PASSED] - uiaction.CommonUIActions.click is PASSED

2018-06-14 19:45:52 - [TEST_STEP][PASSED] - delay: Delayed 10 second(s)

2018-06-14 19:46:02 - [MESSAGE][PASSED] - Delayed 10 second(s)

2018-06-14 19:46:02 - [TEST_STEP][PASSED] - uiaction.CommonUIActions.click: uiaction.CommonUIActions.click is PASSED

2018-06-14 19:46:02 - [MESSAGE][PASSED] - uiaction.CommonUIActions.click is PASSED

2018-06-14 19:46:02 - [TEST_STEP][PASSED] - uiaction.CommonUIActions.click: uiaction.CommonUIActions.click is PASSED

2018-06-14 19:46:02 - [MESSAGE][PASSED] - uiaction.CommonUIActions.click is PASSED

2018-06-14 19:46:02 - [TEST_STEP][PASSED] - uiaction.CommonUIActions.click: uiaction.CommonUIActions.click is PASSED

2018-06-14 19:46:22 - [MESSAGE][PASSED] - uiaction.CommonUIActions.click is PASSED

2018-06-14 19:46:22 - [TEST_STEP][PASSED] - uiaction.CommonUIActions.click: uiaction.CommonUIActions.click is PASSED

2018-06-14 19:46:42 - [MESSAGE][PASSED] - uiaction.CommonUIActions.click is PASSED

2018-06-14 19:46:42 - [TEST_STEP][PASSED] - Statement - storeID1 = CustomKeywords.uiaction.CommonUIActions.getText(com.kms.katalon.core.testobject.ObjectRepository.findTestObject(StorePage/storeID)): uiaction.CommonUIActions.getText is PASSED

2018-06-14 19:47:03 - [MESSAGE][PASSED] - uiaction.CommonUIActions.getText is PASSED

2018-06-14 19:47:03 - [TEST_STEP][PASSED] - Statement - storenumber1 = storeID1.trim(): null

2018-06-14 19:47:03 - [TEST_STEP][PASSED] - Statement - println(storenumber1): null

2018-06-14 19:47:03 - [TEST_STEP][PASSED] - uiaction.CommonUIActions.click: uiaction.CommonUIActions.click is PASSED

2018-06-14 19:47:03 - [MESSAGE][PASSED] - uiaction.CommonUIActions.click is PASSED

2018-06-14 19:47:03 - [TEST_STEP][PASSED] - delay: Delayed 10 second(s)

2018-06-14 19:47:13 - [MESSAGE][PASSED] - Delayed 10 second(s)

2018-06-14 19:47:13 - [TEST_STEP][PASSED] - uiaction.CommonUIActions.click: uiaction.CommonUIActions.click is PASSED

2018-06-14 19:47:13 - [MESSAGE][PASSED] - uiaction.CommonUIActions.click is PASSED

2018-06-14 19:47:13 - [TEST_STEP][PASSED] - uiaction.CommonUIActions.click: uiaction.CommonUIActions.click is PASSED

2018-06-14 19:47:13 - [MESSAGE][PASSED] - uiaction.CommonUIActions.click is PASSED

2018-06-14 19:47:13 - [TEST_STEP][PASSED] - uiaction.CommonUIActions.click: uiaction.CommonUIActions.click is PASSED

2018-06-14 19:47:33 - [MESSAGE][PASSED] - uiaction.CommonUIActions.click is PASSED

2018-06-14 19:47:33 - [TEST_STEP][PASSED] - uiaction.CommonUIActions.enter: uiaction.CommonUIActions.enter is PASSED

2018-06-14 19:47:33 - [MESSAGE][PASSED] - projectSpecific.Reusability.getTestData is PASSED

2018-06-14 19:47:33 - [MESSAGE][PASSED] - uiaction.CommonUIActions.enter is PASSED

2018-06-14 19:47:33 - [TEST_STEP][PASSED] - uiaction.CommonUIActions.enter: uiaction.CommonUIActions.enter is PASSED

2018-06-14 19:47:34 - [MESSAGE][PASSED] - projectSpecific.Reusability.getTestData is PASSED

2018-06-14 19:47:54 - [MESSAGE][PASSED] - uiaction.CommonUIActions.enter is PASSED

2018-06-14 19:47:54 - [TEST_STEP][PASSED] - delay: Delayed 10 second(s)

2018-06-14 19:48:04 - [MESSAGE][PASSED] - Delayed 10 second(s)

2018-06-14 19:48:04 - [TEST_STEP][PASSED] - Statement - driver = com.kms.katalon.core.webui.driver.DriverFactory.getWebDriver(): null

2018-06-14 19:48:04 - [TEST_STEP][PASSED] - Statement - grouplist = driver.findElements(org.openqa.selenium.By.xpath("//ul[@class='unlinked-grouplist']/li")): null

2018-06-14 19:48:04 - [TEST_STEP][PASSED] - delay: Delayed 5 second(s)

2018-06-14 19:48:09 - [MESSAGE][PASSED] - Delayed 5 second(s)

2018-06-14 19:48:09 - [TEST_STEP][PASSED] - Statement - For ([i = 0, i < grouplist.size(), (i++)]): null

2018-06-14 19:48:09 - [TEST_STEP][PASSED] - delay: Delayed 10 second(s)

2018-06-14 19:48:19 - [MESSAGE][PASSED] - Delayed 10 second(s)

2018-06-14 19:48:19 - [TEST_STEP][PASSED] - uiaction.CommonUIActions.click: uiaction.CommonUIActions.click is PASSED

2018-06-14 19:48:39 - [MESSAGE][PASSED] - uiaction.CommonUIActions.click is PASSED

2018-06-14 19:48:39 - [TEST_STEP][PASSED] - uiaction.CommonUIActions.click: uiaction.CommonUIActions.click is PASSED

2018-06-14 19:49:00 - [MESSAGE][PASSED] - uiaction.CommonUIActions.click is PASSED

2018-06-14 19:49:00 - [TEST_STEP][PASSED] - delay: Delayed 10 second(s)

2018-06-14 19:49:10 - [MESSAGE][PASSED] - Delayed 10 second(s)

2018-06-14 19:49:10 - [TEST_STEP][PASSED] - uiaction.CommonUIActions.click: uiaction.CommonUIActions.click is PASSED

2018-06-14 19:49:10 - [MESSAGE][PASSED] - uiaction.CommonUIActions.click is PASSED

2018-06-14 19:49:10 - [TEST_STEP][PASSED] - delay: Delayed 10 second(s)

2018-06-14 19:49:20 - [MESSAGE][PASSED] - Delayed 10 second(s)

2018-06-14 19:49:20 - [TEST_STEP][PASSED] - Statement - groupmain = CustomKeywords.projectSpecific.Reusability.getTestData("ReportingGroupManagementPage", "dummyGroupName1"): projectSpecific.Reusability.getTestData is PASSED

2018-06-14 19:49:20 - [MESSAGE][PASSED] - projectSpecific.Reusability.getTestData is PASSED

2018-06-14 19:49:20 - [TEST_STEP][PASSED] - Statement - driver.findElement(org.openqa.selenium.By.xpath("//span[contains(text(),'" + groupmain + "')]/../../../../span[1]")).click(): null

2018-06-14 19:49:20 - [TEST_STEP][PASSED] - Statement - Catch (Exception e): null

2018-06-14 19:49:20 - [TEST_STEP][PASSED] - Statement - e.printStackTrace(): null

2018-06-14 19:49:20 - [TEST_STEP][PASSED] - Statement - println("Exception of element not found"): null

2018-06-14 19:49:20 - [TEST_STEP][PASSED] - Statement - If (TCflag): null

2018-06-14 19:49:20 - [TEST_STEP][PASSED] - Statement - assert TCflag == true: null

2018-06-14 19:49:20 - [TEST_STEP][PASSED] - Start listener action : sampleAfterTestCase: Browser is closed

2018-06-14 19:49:20 - [TEST_STEP][PASSED] - Statement - println(testCaseContext.getTestCaseId()): null

2018-06-14 19:49:20 - [TEST_STEP][PASSED] - Statement - println(testCaseContext.getTestCaseStatus()): null

2018-06-14 19:49:20 - [TEST_STEP][PASSED] - closeBrowser: Browser is closed

2018-06-14 19:49:20 - [MESSAGE][PASSED] - Browser is closed]]></system-out>
         <system-err><![CDATA[2018-06-14 19:43:59 - [TEST_CASE][FAILED] - Test Cases/SummaryReportsTC/HME-Summary Report-10: Test Cases/SummaryReportsTC/HME-Summary Report-10 FAILED because (of) org.codehaus.groovy.runtime.powerassert.PowerAssertionError: assert TCflag==true
       |     |
       false false]]></system-err>
      </testcase>
      <testcase name="Test Cases/SummaryReportsTC/HME-Summary Report-11" classname="Test Cases/SummaryReportsTC/HME-Summary Report-11" status="FAILED">
         <failure type="FAILED" message="com.kms.katalon.core.webui.exception.WebElementNotFoundException: Web element with id: 'Object Repository/ReportsPage/advancedoption_am' located by 'By.xpath: //li[contains(text(),'am')]' not found"/>
         <system-out><![CDATA[2018-06-14 19:49:20 - [TEST_CASE][FAILED] - Test Cases/SummaryReportsTC/HME-Summary Report-11: Test Cases/SummaryReportsTC/HME-Summary Report-11 FAILED because (of) com.kms.katalon.core.webui.exception.WebElementNotFoundException: Web element with id: 'Object Repository/ReportsPage/advancedoption_am' located by 'By.xpath: //li[contains(text(),'am')]' not found

2018-06-14 19:49:20 - [TEST_STEP][PASSED] - Start listener action : sampleBeforeTestCase: uiaction.CommonUIActions.deleteAllCookies is PASSED

2018-06-14 19:49:20 - [TEST_STEP][PASSED] - openBrowser: Browser is opened with url: ''

2018-06-14 19:49:23 - [MESSAGE][PASSED] - Browser is opened with url: ''

2018-06-14 19:49:23 - [TEST_STEP][PASSED] - maximizeWindow: Current window maximized

2018-06-14 19:49:24 - [MESSAGE][PASSED] - Current window maximized

2018-06-14 19:49:24 - [TEST_STEP][PASSED] - uiaction.CommonUIActions.deleteAllCookies: uiaction.CommonUIActions.deleteAllCookies is PASSED

2018-06-14 19:49:24 - [MESSAGE][PASSED] - Delete all cookies successfully

2018-06-14 19:49:24 - [MESSAGE][PASSED] - uiaction.CommonUIActions.deleteAllCookies is PASSED

2018-06-14 19:49:24 - [TEST_STEP][PASSED] - Statement - TCflag = true: null

2018-06-14 19:49:24 - [TEST_STEP][FAILED] - Statement - Try: uiaction.CommonUIActions.click is PASSED

2018-06-14 19:49:24 - [TEST_STEP][PASSED] - navigateToUrl: Navigate to 'https://hme-dev-public-cloud-app.azurewebsites.net/' successfully

2018-06-14 19:49:27 - [MESSAGE][PASSED] - Navigate to 'https://hme-dev-public-cloud-app.azurewebsites.net/' successfully

2018-06-14 19:49:27 - [TEST_STEP][PASSED] - projectSpecific.Reusability.login: projectSpecific.Reusability.login is PASSED

2018-06-14 19:49:27 - [MESSAGE][PASSED] - projectSpecific.Reusability.getTestData is PASSED

2018-06-14 19:49:27 - [MESSAGE][PASSED] - projectSpecific.Reusability.getTestData is PASSED

2018-06-14 19:49:27 - [MESSAGE][PASSED] - Text 'selvendrank@nousinfo.com' is set on object 'Object Repository/LoginPage/Username'

2018-06-14 19:49:27 - [MESSAGE][PASSED] - Text 'nous;123' is set on object 'Object Repository/LoginPage/Password'

2018-06-14 19:49:27 - [MESSAGE][PASSED] - Object: 'Object Repository/LoginPage/Login' is clicked on

2018-06-14 19:49:27 - [MESSAGE][PASSED] - projectSpecific.Reusability.login is PASSED

2018-06-14 19:49:27 - [TEST_STEP][PASSED] - delay: Delayed 10 second(s)

2018-06-14 19:49:37 - [MESSAGE][PASSED] - Delayed 10 second(s)

2018-06-14 19:49:37 - [TEST_STEP][PASSED] - uiaction.CommonUIActions.click: uiaction.CommonUIActions.click is PASSED

2018-06-14 19:49:49 - [MESSAGE][PASSED] - uiaction.CommonUIActions.click is PASSED

2018-06-14 19:49:49 - [TEST_STEP][PASSED] - uiaction.CommonUIActions.click: uiaction.CommonUIActions.click is PASSED

2018-06-14 19:50:00 - [MESSAGE][PASSED] - uiaction.CommonUIActions.click is PASSED

2018-06-14 19:50:00 - [TEST_STEP][PASSED] - uiaction.CommonUIActions.click: uiaction.CommonUIActions.click is PASSED

2018-06-14 19:50:01 - [MESSAGE][PASSED] - uiaction.CommonUIActions.click is PASSED

2018-06-14 19:50:01 - [TEST_STEP][PASSED] - uiaction.CommonUIActions.click: uiaction.CommonUIActions.click is PASSED

2018-06-14 19:50:01 - [MESSAGE][PASSED] - uiaction.CommonUIActions.click is PASSED

2018-06-14 19:50:01 - [TEST_STEP][PASSED] - uiaction.CommonUIActions.enter: uiaction.CommonUIActions.enter is PASSED

2018-06-14 19:50:01 - [MESSAGE][PASSED] - projectSpecific.Reusability.getTestData is PASSED

2018-06-14 19:50:01 - [MESSAGE][PASSED] - uiaction.CommonUIActions.enter is PASSED

2018-06-14 19:50:01 - [TEST_STEP][PASSED] - uiaction.CommonUIActions.enter: uiaction.CommonUIActions.enter is PASSED

2018-06-14 19:50:01 - [MESSAGE][PASSED] - projectSpecific.Reusability.getTestData is PASSED

2018-06-14 19:50:01 - [MESSAGE][PASSED] - uiaction.CommonUIActions.enter is PASSED

2018-06-14 19:50:01 - [TEST_STEP][PASSED] - delay: Delayed 10 second(s)

2018-06-14 19:50:11 - [MESSAGE][PASSED] - Delayed 10 second(s)

2018-06-14 19:50:11 - [TEST_STEP][PASSED] - Statement - groupmain = CustomKeywords.projectSpecific.Reusability.getTestData("ReportingGroupManagementPage", "Summarygrp"): projectSpecific.Reusability.getTestData is PASSED

2018-06-14 19:50:11 - [MESSAGE][PASSED] - projectSpecific.Reusability.getTestData is PASSED

2018-06-14 19:50:11 - [TEST_STEP][PASSED] - Statement - driver = com.kms.katalon.core.webui.driver.DriverFactory.getWebDriver(): null

2018-06-14 19:50:11 - [TEST_STEP][PASSED] - Statement - grouplist = driver.findElements(org.openqa.selenium.By.xpath("//ul[@class='unlinked-grouplist']/li")): null

2018-06-14 19:50:11 - [TEST_STEP][PASSED] - delay: Delayed 10 second(s)

2018-06-14 19:50:21 - [MESSAGE][PASSED] - Delayed 10 second(s)

2018-06-14 19:50:21 - [TEST_STEP][PASSED] - Statement - For ([i = 0, i < grouplist.size(), (i++)]): null

2018-06-14 19:50:21 - [TEST_STEP][PASSED] - Statement - println(grouplist.get(i).getText()): null

2018-06-14 19:50:21 - [TEST_STEP][PASSED] - Statement - If (grouplist.get(i).getText().contains("0000")): null

2018-06-14 19:50:21 - [TEST_STEP][PASSED] - Statement - println(grouplist.get(i).getText()): null

2018-06-14 19:50:21 - [TEST_STEP][PASSED] - Statement - If (grouplist.get(i).getText().contains("0000")): null

2018-06-14 19:50:21 - [TEST_STEP][PASSED] - Statement - println(grouplist.get(i).getText()): null

2018-06-14 19:50:21 - [TEST_STEP][PASSED] - Statement - If (grouplist.get(i).getText().contains("0000")): null

2018-06-14 19:50:21 - [TEST_STEP][PASSED] - Statement - println(grouplist.get(i).getText()): null

2018-06-14 19:50:21 - [TEST_STEP][PASSED] - Statement - If (grouplist.get(i).getText().contains("0000")): null

2018-06-14 19:50:21 - [TEST_STEP][PASSED] - Statement - println(grouplist.get(i).getText()): null

2018-06-14 19:50:21 - [TEST_STEP][PASSED] - Statement - If (grouplist.get(i).getText().contains("0000")): null

2018-06-14 19:50:21 - [TEST_STEP][PASSED] - Statement - println(grouplist.get(i).getText()): null

2018-06-14 19:50:21 - [TEST_STEP][PASSED] - Statement - If (grouplist.get(i).getText().contains("0000")): null

2018-06-14 19:50:21 - [TEST_STEP][PASSED] - Statement - println(grouplist.get(i).getText()): null

2018-06-14 19:50:21 - [TEST_STEP][PASSED] - Statement - If (grouplist.get(i).getText().contains("0000")): null

2018-06-14 19:50:21 - [TEST_STEP][PASSED] - Statement - println(grouplist.get(i).getText()): null

2018-06-14 19:50:21 - [TEST_STEP][PASSED] - Statement - If (grouplist.get(i).getText().contains("0000")): null

2018-06-14 19:50:21 - [TEST_STEP][PASSED] - Statement - println(grouplist.get(i).getText()): null

2018-06-14 19:50:21 - [TEST_STEP][PASSED] - Statement - If (grouplist.get(i).getText().contains("0000")): null

2018-06-14 19:50:21 - [TEST_STEP][PASSED] - Statement - println(grouplist.get(i).getText()): null

2018-06-14 19:50:21 - [TEST_STEP][PASSED] - Statement - If (grouplist.get(i).getText().contains("0000")): null

2018-06-14 19:50:21 - [TEST_STEP][PASSED] - Statement - println(grouplist.get(i).getText()): null

2018-06-14 19:50:21 - [TEST_STEP][PASSED] - Statement - If (grouplist.get(i).getText().contains("0000")): null

2018-06-14 19:50:21 - [TEST_STEP][PASSED] - Statement - println(grouplist.get(i).getText()): null

2018-06-14 19:50:21 - [TEST_STEP][PASSED] - Statement - If (grouplist.get(i).getText().contains("0000")): null

2018-06-14 19:50:21 - [TEST_STEP][PASSED] - Statement - println(grouplist.get(i).getText()): null

2018-06-14 19:50:21 - [TEST_STEP][PASSED] - Statement - If (grouplist.get(i).getText().contains("0000")): null

2018-06-14 19:50:21 - [TEST_STEP][PASSED] - Statement - println(grouplist.get(i).getText()): null

2018-06-14 19:50:21 - [TEST_STEP][PASSED] - Statement - If (grouplist.get(i).getText().contains("0000")): null

2018-06-14 19:50:21 - [TEST_STEP][PASSED] - Statement - println(grouplist.get(i).getText()): null

2018-06-14 19:50:22 - [TEST_STEP][PASSED] - Statement - If (grouplist.get(i).getText().contains("0000")): null

2018-06-14 19:50:22 - [TEST_STEP][PASSED] - Statement - println(grouplist.get(i).getText()): null

2018-06-14 19:50:22 - [TEST_STEP][PASSED] - Statement - If (grouplist.get(i).getText().contains("0000")): null

2018-06-14 19:50:22 - [TEST_STEP][PASSED] - Statement - println(grouplist.get(i).getText()): null

2018-06-14 19:50:22 - [TEST_STEP][PASSED] - Statement - If (grouplist.get(i).getText().contains("0000")): null

2018-06-14 19:50:22 - [TEST_STEP][PASSED] - Statement - println(grouplist.get(i).getText()): null

2018-06-14 19:50:22 - [TEST_STEP][PASSED] - Statement - If (grouplist.get(i).getText().contains("0000")): null

2018-06-14 19:50:22 - [TEST_STEP][PASSED] - Statement - driver.findElement(org.openqa.selenium.By.xpath("(//ul[@class='unlinked-grouplist']/li/label)[" + i + 1 + "]")).click(): null

2018-06-14 19:50:22 - [TEST_STEP][PASSED] - Statement - println(grouplist.get(i).getText()): null

2018-06-14 19:50:22 - [TEST_STEP][PASSED] - Statement - If (grouplist.get(i).getText().contains("0000")): null

2018-06-14 19:50:22 - [TEST_STEP][PASSED] - Statement - driver.findElement(org.openqa.selenium.By.xpath("(//ul[@class='unlinked-grouplist']/li/label)[" + i + 1 + "]")).click(): null

2018-06-14 19:50:22 - [TEST_STEP][PASSED] - Statement - println(grouplist.get(i).getText()): null

2018-06-14 19:50:22 - [TEST_STEP][PASSED] - Statement - If (grouplist.get(i).getText().contains("0000")): null

2018-06-14 19:50:22 - [TEST_STEP][PASSED] - Statement - driver.findElement(org.openqa.selenium.By.xpath("(//ul[@class='unlinked-grouplist']/li/label)[" + i + 1 + "]")).click(): null

2018-06-14 19:50:22 - [TEST_STEP][PASSED] - Statement - println(grouplist.get(i).getText()): null

2018-06-14 19:50:22 - [TEST_STEP][PASSED] - Statement - If (grouplist.get(i).getText().contains("0000")): null

2018-06-14 19:50:22 - [TEST_STEP][PASSED] - Statement - driver.findElement(org.openqa.selenium.By.xpath("(//ul[@class='unlinked-grouplist']/li/label)[" + i + 1 + "]")).click(): null

2018-06-14 19:50:22 - [TEST_STEP][PASSED] - Statement - println(grouplist.get(i).getText()): null

2018-06-14 19:50:22 - [TEST_STEP][PASSED] - Statement - If (grouplist.get(i).getText().contains("0000")): null

2018-06-14 19:50:22 - [TEST_STEP][PASSED] - Statement - driver.findElement(org.openqa.selenium.By.xpath("(//ul[@class='unlinked-grouplist']/li/label)[" + i + 1 + "]")).click(): null

2018-06-14 19:50:22 - [TEST_STEP][PASSED] - Statement - println(grouplist.get(i).getText()): null

2018-06-14 19:50:22 - [TEST_STEP][PASSED] - Statement - If (grouplist.get(i).getText().contains("0000")): null

2018-06-14 19:50:22 - [TEST_STEP][PASSED] - Statement - driver.findElement(org.openqa.selenium.By.xpath("(//ul[@class='unlinked-grouplist']/li/label)[" + i + 1 + "]")).click(): null

2018-06-14 19:50:22 - [TEST_STEP][PASSED] - Statement - println(grouplist.get(i).getText()): null

2018-06-14 19:50:22 - [TEST_STEP][PASSED] - Statement - If (grouplist.get(i).getText().contains("0000")): null

2018-06-14 19:50:22 - [TEST_STEP][PASSED] - Statement - driver.findElement(org.openqa.selenium.By.xpath("(//ul[@class='unlinked-grouplist']/li/label)[" + i + 1 + "]")).click(): null

2018-06-14 19:50:22 - [TEST_STEP][PASSED] - Statement - println(grouplist.get(i).getText()): null

2018-06-14 19:50:22 - [TEST_STEP][PASSED] - Statement - If (grouplist.get(i).getText().contains("0000")): null

2018-06-14 19:50:22 - [TEST_STEP][PASSED] - Statement - driver.findElement(org.openqa.selenium.By.xpath("(//ul[@class='unlinked-grouplist']/li/label)[" + i + 1 + "]")).click(): null

2018-06-14 19:50:22 - [TEST_STEP][PASSED] - Statement - println(grouplist.get(i).getText()): null

2018-06-14 19:50:22 - [TEST_STEP][PASSED] - Statement - If (grouplist.get(i).getText().contains("0000")): null

2018-06-14 19:50:22 - [TEST_STEP][PASSED] - Statement - driver.findElement(org.openqa.selenium.By.xpath("(//ul[@class='unlinked-grouplist']/li/label)[" + i + 1 + "]")).click(): null

2018-06-14 19:50:22 - [TEST_STEP][PASSED] - Statement - println(grouplist.get(i).getText()): null

2018-06-14 19:50:22 - [TEST_STEP][PASSED] - Statement - If (grouplist.get(i).getText().contains("0000")): null

2018-06-14 19:50:22 - [TEST_STEP][PASSED] - Statement - driver.findElement(org.openqa.selenium.By.xpath("(//ul[@class='unlinked-grouplist']/li/label)[" + i + 1 + "]")).click(): null

2018-06-14 19:50:22 - [TEST_STEP][PASSED] - Statement - println(grouplist.get(i).getText()): null

2018-06-14 19:50:22 - [TEST_STEP][PASSED] - Statement - If (grouplist.get(i).getText().contains("0000")): null

2018-06-14 19:50:22 - [TEST_STEP][PASSED] - Statement - driver.findElement(org.openqa.selenium.By.xpath("(//ul[@class='unlinked-grouplist']/li/label)[" + i + 1 + "]")).click(): null

2018-06-14 19:50:23 - [TEST_STEP][PASSED] - Statement - println(grouplist.get(i).getText()): null

2018-06-14 19:50:23 - [TEST_STEP][PASSED] - Statement - If (grouplist.get(i).getText().contains("0000")): null

2018-06-14 19:50:23 - [TEST_STEP][PASSED] - Statement - driver.findElement(org.openqa.selenium.By.xpath("(//ul[@class='unlinked-grouplist']/li/label)[" + i + 1 + "]")).click(): null

2018-06-14 19:50:23 - [TEST_STEP][PASSED] - Statement - println(grouplist.get(i).getText()): null

2018-06-14 19:50:23 - [TEST_STEP][PASSED] - Statement - If (grouplist.get(i).getText().contains("0000")): null

2018-06-14 19:50:23 - [TEST_STEP][PASSED] - Statement - driver.findElement(org.openqa.selenium.By.xpath("(//ul[@class='unlinked-grouplist']/li/label)[" + i + 1 + "]")).click(): null

2018-06-14 19:50:23 - [TEST_STEP][PASSED] - Statement - println(grouplist.get(i).getText()): null

2018-06-14 19:50:23 - [TEST_STEP][PASSED] - Statement - If (grouplist.get(i).getText().contains("0000")): null

2018-06-14 19:50:23 - [TEST_STEP][PASSED] - Statement - driver.findElement(org.openqa.selenium.By.xpath("(//ul[@class='unlinked-grouplist']/li/label)[" + i + 1 + "]")).click(): null

2018-06-14 19:50:23 - [TEST_STEP][PASSED] - Statement - println(grouplist.get(i).getText()): null

2018-06-14 19:50:23 - [TEST_STEP][PASSED] - Statement - If (grouplist.get(i).getText().contains("0000")): null

2018-06-14 19:50:23 - [TEST_STEP][PASSED] - Statement - driver.findElement(org.openqa.selenium.By.xpath("(//ul[@class='unlinked-grouplist']/li/label)[" + i + 1 + "]")).click(): null

2018-06-14 19:50:23 - [TEST_STEP][PASSED] - Statement - println(grouplist.get(i).getText()): null

2018-06-14 19:50:23 - [TEST_STEP][PASSED] - Statement - If (grouplist.get(i).getText().contains("0000")): null

2018-06-14 19:50:23 - [TEST_STEP][PASSED] - Statement - driver.findElement(org.openqa.selenium.By.xpath("(//ul[@class='unlinked-grouplist']/li/label)[" + i + 1 + "]")).click(): null

2018-06-14 19:50:23 - [TEST_STEP][PASSED] - Statement - println(grouplist.get(i).getText()): null

2018-06-14 19:50:23 - [TEST_STEP][PASSED] - Statement - If (grouplist.get(i).getText().contains("0000")): null

2018-06-14 19:50:23 - [TEST_STEP][PASSED] - Statement - driver.findElement(org.openqa.selenium.By.xpath("(//ul[@class='unlinked-grouplist']/li/label)[" + i + 1 + "]")).click(): null

2018-06-14 19:50:23 - [TEST_STEP][PASSED] - Statement - println(grouplist.get(i).getText()): null

2018-06-14 19:50:23 - [TEST_STEP][PASSED] - Statement - If (grouplist.get(i).getText().contains("0000")): null

2018-06-14 19:50:23 - [TEST_STEP][PASSED] - Statement - driver.findElement(org.openqa.selenium.By.xpath("(//ul[@class='unlinked-grouplist']/li/label)[" + i + 1 + "]")).click(): null

2018-06-14 19:50:23 - [TEST_STEP][PASSED] - Statement - println(grouplist.get(i).getText()): null

2018-06-14 19:50:23 - [TEST_STEP][PASSED] - Statement - If (grouplist.get(i).getText().contains("0000")): null

2018-06-14 19:50:23 - [TEST_STEP][PASSED] - Statement - driver.findElement(org.openqa.selenium.By.xpath("(//ul[@class='unlinked-grouplist']/li/label)[" + i + 1 + "]")).click(): null

2018-06-14 19:50:23 - [TEST_STEP][PASSED] - Statement - println(grouplist.get(i).getText()): null

2018-06-14 19:50:23 - [TEST_STEP][PASSED] - Statement - If (grouplist.get(i).getText().contains("0000")): null

2018-06-14 19:50:23 - [TEST_STEP][PASSED] - Statement - driver.findElement(org.openqa.selenium.By.xpath("(//ul[@class='unlinked-grouplist']/li/label)[" + i + 1 + "]")).click(): null

2018-06-14 19:50:23 - [TEST_STEP][PASSED] - Statement - println(grouplist.get(i).getText()): null

2018-06-14 19:50:23 - [TEST_STEP][PASSED] - Statement - If (grouplist.get(i).getText().contains("0000")): null

2018-06-14 19:50:23 - [TEST_STEP][PASSED] - Statement - driver.findElement(org.openqa.selenium.By.xpath("(//ul[@class='unlinked-grouplist']/li/label)[" + i + 1 + "]")).click(): null

2018-06-14 19:50:23 - [TEST_STEP][PASSED] - Statement - println(grouplist.get(i).getText()): null

2018-06-14 19:50:23 - [TEST_STEP][PASSED] - Statement - If (grouplist.get(i).getText().contains("0000")): null

2018-06-14 19:50:23 - [TEST_STEP][PASSED] - Statement - driver.findElement(org.openqa.selenium.By.xpath("(//ul[@class='unlinked-grouplist']/li/label)[" + i + 1 + "]")).click(): null

2018-06-14 19:50:23 - [TEST_STEP][PASSED] - Statement - println(grouplist.get(i).getText()): null

2018-06-14 19:50:23 - [TEST_STEP][PASSED] - Statement - If (grouplist.get(i).getText().contains("0000")): null

2018-06-14 19:50:23 - [TEST_STEP][PASSED] - Statement - driver.findElement(org.openqa.selenium.By.xpath("(//ul[@class='unlinked-grouplist']/li/label)[" + i + 1 + "]")).click(): null

2018-06-14 19:50:24 - [TEST_STEP][PASSED] - Statement - println(grouplist.get(i).getText()): null

2018-06-14 19:50:24 - [TEST_STEP][PASSED] - Statement - If (grouplist.get(i).getText().contains("0000")): null

2018-06-14 19:50:24 - [TEST_STEP][PASSED] - Statement - driver.findElement(org.openqa.selenium.By.xpath("(//ul[@class='unlinked-grouplist']/li/label)[" + i + 1 + "]")).click(): null

2018-06-14 19:50:24 - [TEST_STEP][PASSED] - Statement - println(grouplist.get(i).getText()): null

2018-06-14 19:50:24 - [TEST_STEP][PASSED] - Statement - If (grouplist.get(i).getText().contains("0000")): null

2018-06-14 19:50:24 - [TEST_STEP][PASSED] - Statement - driver.findElement(org.openqa.selenium.By.xpath("(//ul[@class='unlinked-grouplist']/li/label)[" + i + 1 + "]")).click(): null

2018-06-14 19:50:24 - [TEST_STEP][PASSED] - Statement - println(grouplist.get(i).getText()): null

2018-06-14 19:50:24 - [TEST_STEP][PASSED] - Statement - If (grouplist.get(i).getText().contains("0000")): null

2018-06-14 19:50:24 - [TEST_STEP][PASSED] - Statement - driver.findElement(org.openqa.selenium.By.xpath("(//ul[@class='unlinked-grouplist']/li/label)[" + i + 1 + "]")).click(): null

2018-06-14 19:50:24 - [TEST_STEP][PASSED] - Statement - println(grouplist.get(i).getText()): null

2018-06-14 19:50:24 - [TEST_STEP][PASSED] - Statement - If (grouplist.get(i).getText().contains("0000")): null

2018-06-14 19:50:24 - [TEST_STEP][PASSED] - Statement - driver.findElement(org.openqa.selenium.By.xpath("(//ul[@class='unlinked-grouplist']/li/label)[" + i + 1 + "]")).click(): null

2018-06-14 19:50:24 - [TEST_STEP][PASSED] - Statement - println(grouplist.get(i).getText()): null

2018-06-14 19:50:24 - [TEST_STEP][PASSED] - Statement - If (grouplist.get(i).getText().contains("0000")): null

2018-06-14 19:50:24 - [TEST_STEP][PASSED] - Statement - driver.findElement(org.openqa.selenium.By.xpath("(//ul[@class='unlinked-grouplist']/li/label)[" + i + 1 + "]")).click(): null

2018-06-14 19:50:24 - [TEST_STEP][PASSED] - Statement - println(grouplist.get(i).getText()): null

2018-06-14 19:50:24 - [TEST_STEP][PASSED] - Statement - If (grouplist.get(i).getText().contains("0000")): null

2018-06-14 19:50:24 - [TEST_STEP][PASSED] - Statement - driver.findElement(org.openqa.selenium.By.xpath("(//ul[@class='unlinked-grouplist']/li/label)[" + i + 1 + "]")).click(): null

2018-06-14 19:50:24 - [TEST_STEP][PASSED] - Statement - println(grouplist.get(i).getText()): null

2018-06-14 19:50:24 - [TEST_STEP][PASSED] - Statement - If (grouplist.get(i).getText().contains("0000")): null

2018-06-14 19:50:24 - [TEST_STEP][PASSED] - Statement - driver.findElement(org.openqa.selenium.By.xpath("(//ul[@class='unlinked-grouplist']/li/label)[" + i + 1 + "]")).click(): null

2018-06-14 19:50:24 - [TEST_STEP][PASSED] - Statement - println(grouplist.get(i).getText()): null

2018-06-14 19:50:24 - [TEST_STEP][PASSED] - Statement - If (grouplist.get(i).getText().contains("0000")): null

2018-06-14 19:50:24 - [TEST_STEP][PASSED] - Statement - driver.findElement(org.openqa.selenium.By.xpath("(//ul[@class='unlinked-grouplist']/li/label)[" + i + 1 + "]")).click(): null

2018-06-14 19:50:24 - [TEST_STEP][PASSED] - Statement - println(grouplist.get(i).getText()): null

2018-06-14 19:50:24 - [TEST_STEP][PASSED] - Statement - If (grouplist.get(i).getText().contains("0000")): null

2018-06-14 19:50:24 - [TEST_STEP][PASSED] - Statement - driver.findElement(org.openqa.selenium.By.xpath("(//ul[@class='unlinked-grouplist']/li/label)[" + i + 1 + "]")).click(): null

2018-06-14 19:50:24 - [TEST_STEP][PASSED] - Statement - println(grouplist.get(i).getText()): null

2018-06-14 19:50:24 - [TEST_STEP][PASSED] - Statement - If (grouplist.get(i).getText().contains("0000")): null

2018-06-14 19:50:24 - [TEST_STEP][PASSED] - Statement - driver.findElement(org.openqa.selenium.By.xpath("(//ul[@class='unlinked-grouplist']/li/label)[" + i + 1 + "]")).click(): null

2018-06-14 19:50:24 - [TEST_STEP][PASSED] - Statement - println(grouplist.get(i).getText()): null

2018-06-14 19:50:24 - [TEST_STEP][PASSED] - Statement - If (grouplist.get(i).getText().contains("0000")): null

2018-06-14 19:50:24 - [TEST_STEP][PASSED] - Statement - driver.findElement(org.openqa.selenium.By.xpath("(//ul[@class='unlinked-grouplist']/li/label)[" + i + 1 + "]")).click(): null

2018-06-14 19:50:24 - [TEST_STEP][PASSED] - Statement - println(grouplist.get(i).getText()): null

2018-06-14 19:50:24 - [TEST_STEP][PASSED] - Statement - If (grouplist.get(i).getText().contains("0000")): null

2018-06-14 19:50:24 - [TEST_STEP][PASSED] - Statement - driver.findElement(org.openqa.selenium.By.xpath("(//ul[@class='unlinked-grouplist']/li/label)[" + i + 1 + "]")).click(): null

2018-06-14 19:50:25 - [TEST_STEP][PASSED] - Statement - println(grouplist.get(i).getText()): null

2018-06-14 19:50:25 - [TEST_STEP][PASSED] - Statement - If (grouplist.get(i).getText().contains("0000")): null

2018-06-14 19:50:25 - [TEST_STEP][PASSED] - Statement - driver.findElement(org.openqa.selenium.By.xpath("(//ul[@class='unlinked-grouplist']/li/label)[" + i + 1 + "]")).click(): null

2018-06-14 19:50:25 - [TEST_STEP][PASSED] - Statement - println(grouplist.get(i).getText()): null

2018-06-14 19:50:25 - [TEST_STEP][PASSED] - Statement - If (grouplist.get(i).getText().contains("0000")): null

2018-06-14 19:50:25 - [TEST_STEP][PASSED] - Statement - driver.findElement(org.openqa.selenium.By.xpath("(//ul[@class='unlinked-grouplist']/li/label)[" + i + 1 + "]")).click(): null

2018-06-14 19:50:25 - [TEST_STEP][PASSED] - Statement - println(grouplist.get(i).getText()): null

2018-06-14 19:50:25 - [TEST_STEP][PASSED] - Statement - If (grouplist.get(i).getText().contains("0000")): null

2018-06-14 19:50:25 - [TEST_STEP][PASSED] - Statement - driver.findElement(org.openqa.selenium.By.xpath("(//ul[@class='unlinked-grouplist']/li/label)[" + i + 1 + "]")).click(): null

2018-06-14 19:50:25 - [TEST_STEP][PASSED] - Statement - println(grouplist.get(i).getText()): null

2018-06-14 19:50:25 - [TEST_STEP][PASSED] - Statement - If (grouplist.get(i).getText().contains("0000")): null

2018-06-14 19:50:25 - [TEST_STEP][PASSED] - Statement - driver.findElement(org.openqa.selenium.By.xpath("(//ul[@class='unlinked-grouplist']/li/label)[" + i + 1 + "]")).click(): null

2018-06-14 19:50:25 - [TEST_STEP][PASSED] - Statement - println(grouplist.get(i).getText()): null

2018-06-14 19:50:25 - [TEST_STEP][PASSED] - Statement - If (grouplist.get(i).getText().contains("0000")): null

2018-06-14 19:50:25 - [TEST_STEP][PASSED] - Statement - driver.findElement(org.openqa.selenium.By.xpath("(//ul[@class='unlinked-grouplist']/li/label)[" + i + 1 + "]")).click(): null

2018-06-14 19:50:25 - [TEST_STEP][PASSED] - Statement - println(grouplist.get(i).getText()): null

2018-06-14 19:50:25 - [TEST_STEP][PASSED] - Statement - If (grouplist.get(i).getText().contains("0000")): null

2018-06-14 19:50:25 - [TEST_STEP][PASSED] - Statement - driver.findElement(org.openqa.selenium.By.xpath("(//ul[@class='unlinked-grouplist']/li/label)[" + i + 1 + "]")).click(): null

2018-06-14 19:50:25 - [TEST_STEP][PASSED] - Statement - println(grouplist.get(i).getText()): null

2018-06-14 19:50:25 - [TEST_STEP][PASSED] - Statement - If (grouplist.get(i).getText().contains("0000")): null

2018-06-14 19:50:25 - [TEST_STEP][PASSED] - Statement - driver.findElement(org.openqa.selenium.By.xpath("(//ul[@class='unlinked-grouplist']/li/label)[" + i + 1 + "]")).click(): null

2018-06-14 19:50:25 - [TEST_STEP][PASSED] - Statement - println(grouplist.get(i).getText()): null

2018-06-14 19:50:25 - [TEST_STEP][PASSED] - Statement - If (grouplist.get(i).getText().contains("0000")): null

2018-06-14 19:50:25 - [TEST_STEP][PASSED] - Statement - driver.findElement(org.openqa.selenium.By.xpath("(//ul[@class='unlinked-grouplist']/li/label)[" + i + 1 + "]")).click(): null

2018-06-14 19:50:25 - [TEST_STEP][PASSED] - Statement - println(grouplist.get(i).getText()): null

2018-06-14 19:50:25 - [TEST_STEP][PASSED] - Statement - If (grouplist.get(i).getText().contains("0000")): null

2018-06-14 19:50:25 - [TEST_STEP][PASSED] - Statement - driver.findElement(org.openqa.selenium.By.xpath("(//ul[@class='unlinked-grouplist']/li/label)[" + i + 1 + "]")).click(): null

2018-06-14 19:50:25 - [TEST_STEP][PASSED] - Statement - println(grouplist.get(i).getText()): null

2018-06-14 19:50:25 - [TEST_STEP][PASSED] - Statement - If (grouplist.get(i).getText().contains("0000")): null

2018-06-14 19:50:25 - [TEST_STEP][PASSED] - Statement - driver.findElement(org.openqa.selenium.By.xpath("(//ul[@class='unlinked-grouplist']/li/label)[" + i + 1 + "]")).click(): null

2018-06-14 19:50:25 - [TEST_STEP][PASSED] - Statement - println(grouplist.get(i).getText()): null

2018-06-14 19:50:25 - [TEST_STEP][PASSED] - Statement - If (grouplist.get(i).getText().contains("0000")): null

2018-06-14 19:50:25 - [TEST_STEP][PASSED] - Statement - driver.findElement(org.openqa.selenium.By.xpath("(//ul[@class='unlinked-grouplist']/li/label)[" + i + 1 + "]")).click(): null

2018-06-14 19:50:25 - [TEST_STEP][PASSED] - Statement - println(grouplist.get(i).getText()): null

2018-06-14 19:50:25 - [TEST_STEP][PASSED] - Statement - If (grouplist.get(i).getText().contains("0000")): null

2018-06-14 19:50:25 - [TEST_STEP][PASSED] - Statement - driver.findElement(org.openqa.selenium.By.xpath("(//ul[@class='unlinked-grouplist']/li/label)[" + i + 1 + "]")).click(): null

2018-06-14 19:50:26 - [TEST_STEP][PASSED] - Statement - println(grouplist.get(i).getText()): null

2018-06-14 19:50:26 - [TEST_STEP][PASSED] - Statement - If (grouplist.get(i).getText().contains("0000")): null

2018-06-14 19:50:26 - [TEST_STEP][PASSED] - Statement - driver.findElement(org.openqa.selenium.By.xpath("(//ul[@class='unlinked-grouplist']/li/label)[" + i + 1 + "]")).click(): null

2018-06-14 19:50:26 - [TEST_STEP][PASSED] - Statement - println(grouplist.get(i).getText()): null

2018-06-14 19:50:26 - [TEST_STEP][PASSED] - Statement - If (grouplist.get(i).getText().contains("0000")): null

2018-06-14 19:50:26 - [TEST_STEP][PASSED] - Statement - driver.findElement(org.openqa.selenium.By.xpath("(//ul[@class='unlinked-grouplist']/li/label)[" + i + 1 + "]")).click(): null

2018-06-14 19:50:26 - [TEST_STEP][PASSED] - Statement - println(grouplist.get(i).getText()): null

2018-06-14 19:50:26 - [TEST_STEP][PASSED] - Statement - If (grouplist.get(i).getText().contains("0000")): null

2018-06-14 19:50:26 - [TEST_STEP][PASSED] - Statement - driver.findElement(org.openqa.selenium.By.xpath("(//ul[@class='unlinked-grouplist']/li/label)[" + i + 1 + "]")).click(): null

2018-06-14 19:50:26 - [TEST_STEP][PASSED] - Statement - println(grouplist.get(i).getText()): null

2018-06-14 19:50:26 - [TEST_STEP][PASSED] - Statement - If (grouplist.get(i).getText().contains("0000")): null

2018-06-14 19:50:26 - [TEST_STEP][PASSED] - Statement - driver.findElement(org.openqa.selenium.By.xpath("(//ul[@class='unlinked-grouplist']/li/label)[" + i + 1 + "]")).click(): null

2018-06-14 19:50:26 - [TEST_STEP][PASSED] - Statement - println(grouplist.get(i).getText()): null

2018-06-14 19:50:26 - [TEST_STEP][PASSED] - Statement - If (grouplist.get(i).getText().contains("0000")): null

2018-06-14 19:50:26 - [TEST_STEP][PASSED] - Statement - driver.findElement(org.openqa.selenium.By.xpath("(//ul[@class='unlinked-grouplist']/li/label)[" + i + 1 + "]")).click(): null

2018-06-14 19:50:26 - [TEST_STEP][PASSED] - Statement - println(grouplist.get(i).getText()): null

2018-06-14 19:50:26 - [TEST_STEP][PASSED] - Statement - If (grouplist.get(i).getText().contains("0000")): null

2018-06-14 19:50:26 - [TEST_STEP][PASSED] - Statement - driver.findElement(org.openqa.selenium.By.xpath("(//ul[@class='unlinked-grouplist']/li/label)[" + i + 1 + "]")).click(): null

2018-06-14 19:50:26 - [TEST_STEP][PASSED] - Statement - println(grouplist.get(i).getText()): null

2018-06-14 19:50:26 - [TEST_STEP][PASSED] - Statement - If (grouplist.get(i).getText().contains("0000")): null

2018-06-14 19:50:26 - [TEST_STEP][PASSED] - Statement - driver.findElement(org.openqa.selenium.By.xpath("(//ul[@class='unlinked-grouplist']/li/label)[" + i + 1 + "]")).click(): null

2018-06-14 19:50:26 - [TEST_STEP][PASSED] - Statement - println(grouplist.get(i).getText()): null

2018-06-14 19:50:26 - [TEST_STEP][PASSED] - Statement - If (grouplist.get(i).getText().contains("0000")): null

2018-06-14 19:50:26 - [TEST_STEP][PASSED] - Statement - driver.findElement(org.openqa.selenium.By.xpath("(//ul[@class='unlinked-grouplist']/li/label)[" + i + 1 + "]")).click(): null

2018-06-14 19:50:26 - [TEST_STEP][PASSED] - Statement - println(grouplist.get(i).getText()): null

2018-06-14 19:50:26 - [TEST_STEP][PASSED] - Statement - If (grouplist.get(i).getText().contains("0000")): null

2018-06-14 19:50:26 - [TEST_STEP][PASSED] - Statement - driver.findElement(org.openqa.selenium.By.xpath("(//ul[@class='unlinked-grouplist']/li/label)[" + i + 1 + "]")).click(): null

2018-06-14 19:50:26 - [TEST_STEP][PASSED] - Statement - println(grouplist.get(i).getText()): null

2018-06-14 19:50:26 - [TEST_STEP][PASSED] - Statement - If (grouplist.get(i).getText().contains("0000")): null

2018-06-14 19:50:26 - [TEST_STEP][PASSED] - Statement - driver.findElement(org.openqa.selenium.By.xpath("(//ul[@class='unlinked-grouplist']/li/label)[" + i + 1 + "]")).click(): null

2018-06-14 19:50:26 - [TEST_STEP][PASSED] - Statement - println(grouplist.get(i).getText()): null

2018-06-14 19:50:26 - [TEST_STEP][PASSED] - Statement - If (grouplist.get(i).getText().contains("0000")): null

2018-06-14 19:50:26 - [TEST_STEP][PASSED] - Statement - driver.findElement(org.openqa.selenium.By.xpath("(//ul[@class='unlinked-grouplist']/li/label)[" + i + 1 + "]")).click(): null

2018-06-14 19:50:26 - [TEST_STEP][PASSED] - Statement - println(grouplist.get(i).getText()): null

2018-06-14 19:50:26 - [TEST_STEP][PASSED] - Statement - If (grouplist.get(i).getText().contains("0000")): null

2018-06-14 19:50:26 - [TEST_STEP][PASSED] - Statement - driver.findElement(org.openqa.selenium.By.xpath("(//ul[@class='unlinked-grouplist']/li/label)[" + i + 1 + "]")).click(): null

2018-06-14 19:50:27 - [TEST_STEP][PASSED] - Statement - println(grouplist.get(i).getText()): null

2018-06-14 19:50:27 - [TEST_STEP][PASSED] - Statement - If (grouplist.get(i).getText().contains("0000")): null

2018-06-14 19:50:27 - [TEST_STEP][PASSED] - Statement - driver.findElement(org.openqa.selenium.By.xpath("(//ul[@class='unlinked-grouplist']/li/label)[" + i + 1 + "]")).click(): null

2018-06-14 19:50:27 - [TEST_STEP][PASSED] - Statement - println(grouplist.get(i).getText()): null

2018-06-14 19:50:27 - [TEST_STEP][PASSED] - Statement - If (grouplist.get(i).getText().contains("0000")): null

2018-06-14 19:50:27 - [TEST_STEP][PASSED] - Statement - driver.findElement(org.openqa.selenium.By.xpath("(//ul[@class='unlinked-grouplist']/li/label)[" + i + 1 + "]")).click(): null

2018-06-14 19:50:27 - [TEST_STEP][PASSED] - Statement - println(grouplist.get(i).getText()): null

2018-06-14 19:50:27 - [TEST_STEP][PASSED] - Statement - If (grouplist.get(i).getText().contains("0000")): null

2018-06-14 19:50:27 - [TEST_STEP][PASSED] - Statement - driver.findElement(org.openqa.selenium.By.xpath("(//ul[@class='unlinked-grouplist']/li/label)[" + i + 1 + "]")).click(): null

2018-06-14 19:50:27 - [TEST_STEP][PASSED] - Statement - println(grouplist.get(i).getText()): null

2018-06-14 19:50:27 - [TEST_STEP][PASSED] - Statement - If (grouplist.get(i).getText().contains("0000")): null

2018-06-14 19:50:27 - [TEST_STEP][PASSED] - Statement - driver.findElement(org.openqa.selenium.By.xpath("(//ul[@class='unlinked-grouplist']/li/label)[" + i + 1 + "]")).click(): null

2018-06-14 19:50:27 - [TEST_STEP][PASSED] - Statement - println(grouplist.get(i).getText()): null

2018-06-14 19:50:27 - [TEST_STEP][PASSED] - Statement - If (grouplist.get(i).getText().contains("0000")): null

2018-06-14 19:50:27 - [TEST_STEP][PASSED] - Statement - driver.findElement(org.openqa.selenium.By.xpath("(//ul[@class='unlinked-grouplist']/li/label)[" + i + 1 + "]")).click(): null

2018-06-14 19:50:27 - [TEST_STEP][PASSED] - Statement - println(grouplist.get(i).getText()): null

2018-06-14 19:50:27 - [TEST_STEP][PASSED] - Statement - If (grouplist.get(i).getText().contains("0000")): null

2018-06-14 19:50:27 - [TEST_STEP][PASSED] - Statement - driver.findElement(org.openqa.selenium.By.xpath("(//ul[@class='unlinked-grouplist']/li/label)[" + i + 1 + "]")).click(): null

2018-06-14 19:50:27 - [TEST_STEP][PASSED] - Statement - println(grouplist.get(i).getText()): null

2018-06-14 19:50:27 - [TEST_STEP][PASSED] - Statement - If (grouplist.get(i).getText().contains("0000")): null

2018-06-14 19:50:27 - [TEST_STEP][PASSED] - Statement - driver.findElement(org.openqa.selenium.By.xpath("(//ul[@class='unlinked-grouplist']/li/label)[" + i + 1 + "]")).click(): null

2018-06-14 19:50:27 - [TEST_STEP][PASSED] - Statement - println(grouplist.get(i).getText()): null

2018-06-14 19:50:27 - [TEST_STEP][PASSED] - Statement - If (grouplist.get(i).getText().contains("0000")): null

2018-06-14 19:50:27 - [TEST_STEP][PASSED] - Statement - driver.findElement(org.openqa.selenium.By.xpath("(//ul[@class='unlinked-grouplist']/li/label)[" + i + 1 + "]")).click(): null

2018-06-14 19:50:27 - [TEST_STEP][PASSED] - Statement - println(grouplist.get(i).getText()): null

2018-06-14 19:50:27 - [TEST_STEP][PASSED] - Statement - If (grouplist.get(i).getText().contains("0000")): null

2018-06-14 19:50:27 - [TEST_STEP][PASSED] - Statement - driver.findElement(org.openqa.selenium.By.xpath("(//ul[@class='unlinked-grouplist']/li/label)[" + i + 1 + "]")).click(): null

2018-06-14 19:50:27 - [TEST_STEP][PASSED] - Statement - println(grouplist.get(i).getText()): null

2018-06-14 19:50:27 - [TEST_STEP][PASSED] - Statement - If (grouplist.get(i).getText().contains("0000")): null

2018-06-14 19:50:27 - [TEST_STEP][PASSED] - Statement - driver.findElement(org.openqa.selenium.By.xpath("(//ul[@class='unlinked-grouplist']/li/label)[" + i + 1 + "]")).click(): null

2018-06-14 19:50:27 - [TEST_STEP][PASSED] - Statement - println(grouplist.get(i).getText()): null

2018-06-14 19:50:27 - [TEST_STEP][PASSED] - Statement - If (grouplist.get(i).getText().contains("0000")): null

2018-06-14 19:50:27 - [TEST_STEP][PASSED] - Statement - driver.findElement(org.openqa.selenium.By.xpath("(//ul[@class='unlinked-grouplist']/li/label)[" + i + 1 + "]")).click(): null

2018-06-14 19:50:27 - [TEST_STEP][PASSED] - Statement - println(grouplist.get(i).getText()): null

2018-06-14 19:50:27 - [TEST_STEP][PASSED] - Statement - If (grouplist.get(i).getText().contains("0000")): null

2018-06-14 19:50:27 - [TEST_STEP][PASSED] - Statement - driver.findElement(org.openqa.selenium.By.xpath("(//ul[@class='unlinked-grouplist']/li/label)[" + i + 1 + "]")).click(): null

2018-06-14 19:50:28 - [TEST_STEP][PASSED] - Statement - println(grouplist.get(i).getText()): null

2018-06-14 19:50:28 - [TEST_STEP][PASSED] - Statement - If (grouplist.get(i).getText().contains("0000")): null

2018-06-14 19:50:28 - [TEST_STEP][PASSED] - Statement - driver.findElement(org.openqa.selenium.By.xpath("(//ul[@class='unlinked-grouplist']/li/label)[" + i + 1 + "]")).click(): null

2018-06-14 19:50:28 - [TEST_STEP][PASSED] - Statement - println(grouplist.get(i).getText()): null

2018-06-14 19:50:28 - [TEST_STEP][PASSED] - Statement - If (grouplist.get(i).getText().contains("0000")): null

2018-06-14 19:50:28 - [TEST_STEP][PASSED] - Statement - driver.findElement(org.openqa.selenium.By.xpath("(//ul[@class='unlinked-grouplist']/li/label)[" + i + 1 + "]")).click(): null

2018-06-14 19:50:28 - [TEST_STEP][PASSED] - Statement - println(grouplist.get(i).getText()): null

2018-06-14 19:50:28 - [TEST_STEP][PASSED] - Statement - If (grouplist.get(i).getText().contains("0000")): null

2018-06-14 19:50:28 - [TEST_STEP][PASSED] - Statement - driver.findElement(org.openqa.selenium.By.xpath("(//ul[@class='unlinked-grouplist']/li/label)[" + i + 1 + "]")).click(): null

2018-06-14 19:50:28 - [TEST_STEP][PASSED] - Statement - println(grouplist.get(i).getText()): null

2018-06-14 19:50:28 - [TEST_STEP][PASSED] - Statement - If (grouplist.get(i).getText().contains("0000")): null

2018-06-14 19:50:28 - [TEST_STEP][PASSED] - Statement - driver.findElement(org.openqa.selenium.By.xpath("(//ul[@class='unlinked-grouplist']/li/label)[" + i + 1 + "]")).click(): null

2018-06-14 19:50:28 - [TEST_STEP][PASSED] - Statement - println(grouplist.get(i).getText()): null

2018-06-14 19:50:28 - [TEST_STEP][PASSED] - Statement - If (grouplist.get(i).getText().contains("0000")): null

2018-06-14 19:50:28 - [TEST_STEP][PASSED] - Statement - driver.findElement(org.openqa.selenium.By.xpath("(//ul[@class='unlinked-grouplist']/li/label)[" + i + 1 + "]")).click(): null

2018-06-14 19:50:28 - [TEST_STEP][PASSED] - Statement - println(grouplist.get(i).getText()): null

2018-06-14 19:50:28 - [TEST_STEP][PASSED] - Statement - If (grouplist.get(i).getText().contains("0000")): null

2018-06-14 19:50:28 - [TEST_STEP][PASSED] - Statement - driver.findElement(org.openqa.selenium.By.xpath("(//ul[@class='unlinked-grouplist']/li/label)[" + i + 1 + "]")).click(): null

2018-06-14 19:50:28 - [TEST_STEP][PASSED] - Statement - println(grouplist.get(i).getText()): null

2018-06-14 19:50:28 - [TEST_STEP][PASSED] - Statement - If (grouplist.get(i).getText().contains("0000")): null

2018-06-14 19:50:28 - [TEST_STEP][PASSED] - Statement - driver.findElement(org.openqa.selenium.By.xpath("(//ul[@class='unlinked-grouplist']/li/label)[" + i + 1 + "]")).click(): null

2018-06-14 19:50:28 - [TEST_STEP][PASSED] - Statement - println(grouplist.get(i).getText()): null

2018-06-14 19:50:28 - [TEST_STEP][PASSED] - Statement - If (grouplist.get(i).getText().contains("0000")): null

2018-06-14 19:50:28 - [TEST_STEP][PASSED] - Statement - driver.findElement(org.openqa.selenium.By.xpath("(//ul[@class='unlinked-grouplist']/li/label)[" + i + 1 + "]")).click(): null

2018-06-14 19:50:28 - [TEST_STEP][PASSED] - Statement - println(grouplist.get(i).getText()): null

2018-06-14 19:50:28 - [TEST_STEP][PASSED] - Statement - If (grouplist.get(i).getText().contains("0000")): null

2018-06-14 19:50:28 - [TEST_STEP][PASSED] - Statement - driver.findElement(org.openqa.selenium.By.xpath("(//ul[@class='unlinked-grouplist']/li/label)[" + i + 1 + "]")).click(): null

2018-06-14 19:50:28 - [TEST_STEP][PASSED] - Statement - println(grouplist.get(i).getText()): null

2018-06-14 19:50:28 - [TEST_STEP][PASSED] - Statement - If (grouplist.get(i).getText().contains("0000")): null

2018-06-14 19:50:28 - [TEST_STEP][PASSED] - Statement - driver.findElement(org.openqa.selenium.By.xpath("(//ul[@class='unlinked-grouplist']/li/label)[" + i + 1 + "]")).click(): null

2018-06-14 19:50:28 - [TEST_STEP][PASSED] - Statement - println(grouplist.get(i).getText()): null

2018-06-14 19:50:28 - [TEST_STEP][PASSED] - Statement - If (grouplist.get(i).getText().contains("0000")): null

2018-06-14 19:50:28 - [TEST_STEP][PASSED] - Statement - driver.findElement(org.openqa.selenium.By.xpath("(//ul[@class='unlinked-grouplist']/li/label)[" + i + 1 + "]")).click(): null

2018-06-14 19:50:28 - [TEST_STEP][PASSED] - Statement - println(grouplist.get(i).getText()): null

2018-06-14 19:50:28 - [TEST_STEP][PASSED] - Statement - If (grouplist.get(i).getText().contains("0000")): null

2018-06-14 19:50:28 - [TEST_STEP][PASSED] - Statement - driver.findElement(org.openqa.selenium.By.xpath("(//ul[@class='unlinked-grouplist']/li/label)[" + i + 1 + "]")).click(): null

2018-06-14 19:50:29 - [TEST_STEP][PASSED] - Statement - println(grouplist.get(i).getText()): null

2018-06-14 19:50:29 - [TEST_STEP][PASSED] - Statement - If (grouplist.get(i).getText().contains("0000")): null

2018-06-14 19:50:29 - [TEST_STEP][PASSED] - Statement - driver.findElement(org.openqa.selenium.By.xpath("(//ul[@class='unlinked-grouplist']/li/label)[" + i + 1 + "]")).click(): null

2018-06-14 19:50:29 - [TEST_STEP][PASSED] - Statement - println(grouplist.get(i).getText()): null

2018-06-14 19:50:29 - [TEST_STEP][PASSED] - Statement - If (grouplist.get(i).getText().contains("0000")): null

2018-06-14 19:50:29 - [TEST_STEP][PASSED] - Statement - driver.findElement(org.openqa.selenium.By.xpath("(//ul[@class='unlinked-grouplist']/li/label)[" + i + 1 + "]")).click(): null

2018-06-14 19:50:29 - [TEST_STEP][PASSED] - Statement - println(grouplist.get(i).getText()): null

2018-06-14 19:50:29 - [TEST_STEP][PASSED] - Statement - If (grouplist.get(i).getText().contains("0000")): null

2018-06-14 19:50:29 - [TEST_STEP][PASSED] - Statement - driver.findElement(org.openqa.selenium.By.xpath("(//ul[@class='unlinked-grouplist']/li/label)[" + i + 1 + "]")).click(): null

2018-06-14 19:50:29 - [TEST_STEP][PASSED] - Statement - println(grouplist.get(i).getText()): null

2018-06-14 19:50:29 - [TEST_STEP][PASSED] - Statement - If (grouplist.get(i).getText().contains("0000")): null

2018-06-14 19:50:29 - [TEST_STEP][PASSED] - Statement - driver.findElement(org.openqa.selenium.By.xpath("(//ul[@class='unlinked-grouplist']/li/label)[" + i + 1 + "]")).click(): null

2018-06-14 19:50:29 - [TEST_STEP][PASSED] - Statement - println(grouplist.get(i).getText()): null

2018-06-14 19:50:29 - [TEST_STEP][PASSED] - Statement - If (grouplist.get(i).getText().contains("0000")): null

2018-06-14 19:50:29 - [TEST_STEP][PASSED] - Statement - driver.findElement(org.openqa.selenium.By.xpath("(//ul[@class='unlinked-grouplist']/li/label)[" + i + 1 + "]")).click(): null

2018-06-14 19:50:29 - [TEST_STEP][PASSED] - Statement - println(grouplist.get(i).getText()): null

2018-06-14 19:50:29 - [TEST_STEP][PASSED] - Statement - If (grouplist.get(i).getText().contains("0000")): null

2018-06-14 19:50:29 - [TEST_STEP][PASSED] - Statement - driver.findElement(org.openqa.selenium.By.xpath("(//ul[@class='unlinked-grouplist']/li/label)[" + i + 1 + "]")).click(): null

2018-06-14 19:50:29 - [TEST_STEP][PASSED] - Statement - println(grouplist.get(i).getText()): null

2018-06-14 19:50:29 - [TEST_STEP][PASSED] - Statement - If (grouplist.get(i).getText().contains("0000")): null

2018-06-14 19:50:29 - [TEST_STEP][PASSED] - Statement - driver.findElement(org.openqa.selenium.By.xpath("(//ul[@class='unlinked-grouplist']/li/label)[" + i + 1 + "]")).click(): null

2018-06-14 19:50:29 - [TEST_STEP][PASSED] - Statement - println(grouplist.get(i).getText()): null

2018-06-14 19:50:29 - [TEST_STEP][PASSED] - Statement - If (grouplist.get(i).getText().contains("0000")): null

2018-06-14 19:50:29 - [TEST_STEP][PASSED] - Statement - driver.findElement(org.openqa.selenium.By.xpath("(//ul[@class='unlinked-grouplist']/li/label)[" + i + 1 + "]")).click(): null

2018-06-14 19:50:29 - [TEST_STEP][PASSED] - Statement - println(grouplist.get(i).getText()): null

2018-06-14 19:50:29 - [TEST_STEP][PASSED] - Statement - If (grouplist.get(i).getText().contains("0000")): null

2018-06-14 19:50:29 - [TEST_STEP][PASSED] - Statement - driver.findElement(org.openqa.selenium.By.xpath("(//ul[@class='unlinked-grouplist']/li/label)[" + i + 1 + "]")).click(): null

2018-06-14 19:50:29 - [TEST_STEP][PASSED] - Statement - println(grouplist.get(i).getText()): null

2018-06-14 19:50:29 - [TEST_STEP][PASSED] - Statement - If (grouplist.get(i).getText().contains("0000")): null

2018-06-14 19:50:29 - [TEST_STEP][PASSED] - Statement - driver.findElement(org.openqa.selenium.By.xpath("(//ul[@class='unlinked-grouplist']/li/label)[" + i + 1 + "]")).click(): null

2018-06-14 19:50:29 - [TEST_STEP][PASSED] - Statement - println(grouplist.get(i).getText()): null

2018-06-14 19:50:29 - [TEST_STEP][PASSED] - Statement - If (grouplist.get(i).getText().contains("0000")): null

2018-06-14 19:50:29 - [TEST_STEP][PASSED] - Statement - driver.findElement(org.openqa.selenium.By.xpath("(//ul[@class='unlinked-grouplist']/li/label)[" + i + 1 + "]")).click(): null

2018-06-14 19:50:29 - [TEST_STEP][PASSED] - Statement - println(grouplist.get(i).getText()): null

2018-06-14 19:50:29 - [TEST_STEP][PASSED] - Statement - If (grouplist.get(i).getText().contains("0000")): null

2018-06-14 19:50:29 - [TEST_STEP][PASSED] - Statement - driver.findElement(org.openqa.selenium.By.xpath("(//ul[@class='unlinked-grouplist']/li/label)[" + i + 1 + "]")).click(): null

2018-06-14 19:50:30 - [TEST_STEP][PASSED] - Statement - println(grouplist.get(i).getText()): null

2018-06-14 19:50:30 - [TEST_STEP][PASSED] - Statement - If (grouplist.get(i).getText().contains("0000")): null

2018-06-14 19:50:30 - [TEST_STEP][PASSED] - Statement - driver.findElement(org.openqa.selenium.By.xpath("(//ul[@class='unlinked-grouplist']/li/label)[" + i + 1 + "]")).click(): null

2018-06-14 19:50:30 - [TEST_STEP][PASSED] - Statement - println(grouplist.get(i).getText()): null

2018-06-14 19:50:30 - [TEST_STEP][PASSED] - Statement - If (grouplist.get(i).getText().contains("0000")): null

2018-06-14 19:50:30 - [TEST_STEP][PASSED] - Statement - driver.findElement(org.openqa.selenium.By.xpath("(//ul[@class='unlinked-grouplist']/li/label)[" + i + 1 + "]")).click(): null

2018-06-14 19:50:30 - [TEST_STEP][PASSED] - Statement - println(grouplist.get(i).getText()): null

2018-06-14 19:50:30 - [TEST_STEP][PASSED] - Statement - If (grouplist.get(i).getText().contains("0000")): null

2018-06-14 19:50:30 - [TEST_STEP][PASSED] - Statement - driver.findElement(org.openqa.selenium.By.xpath("(//ul[@class='unlinked-grouplist']/li/label)[" + i + 1 + "]")).click(): null

2018-06-14 19:50:30 - [TEST_STEP][PASSED] - Statement - println(grouplist.get(i).getText()): null

2018-06-14 19:50:30 - [TEST_STEP][PASSED] - Statement - If (grouplist.get(i).getText().contains("0000")): null

2018-06-14 19:50:30 - [TEST_STEP][PASSED] - Statement - driver.findElement(org.openqa.selenium.By.xpath("(//ul[@class='unlinked-grouplist']/li/label)[" + i + 1 + "]")).click(): null

2018-06-14 19:50:30 - [TEST_STEP][PASSED] - Statement - println(grouplist.get(i).getText()): null

2018-06-14 19:50:30 - [TEST_STEP][PASSED] - Statement - If (grouplist.get(i).getText().contains("0000")): null

2018-06-14 19:50:30 - [TEST_STEP][PASSED] - Statement - driver.findElement(org.openqa.selenium.By.xpath("(//ul[@class='unlinked-grouplist']/li/label)[" + i + 1 + "]")).click(): null

2018-06-14 19:50:30 - [TEST_STEP][PASSED] - Statement - println(grouplist.get(i).getText()): null

2018-06-14 19:50:30 - [TEST_STEP][PASSED] - Statement - If (grouplist.get(i).getText().contains("0000")): null

2018-06-14 19:50:30 - [TEST_STEP][PASSED] - Statement - driver.findElement(org.openqa.selenium.By.xpath("(//ul[@class='unlinked-grouplist']/li/label)[" + i + 1 + "]")).click(): null

2018-06-14 19:50:30 - [TEST_STEP][PASSED] - Statement - println(grouplist.get(i).getText()): null

2018-06-14 19:50:30 - [TEST_STEP][PASSED] - Statement - If (grouplist.get(i).getText().contains("0000")): null

2018-06-14 19:50:30 - [TEST_STEP][PASSED] - Statement - driver.findElement(org.openqa.selenium.By.xpath("(//ul[@class='unlinked-grouplist']/li/label)[" + i + 1 + "]")).click(): null

2018-06-14 19:50:30 - [TEST_STEP][PASSED] - Statement - println(grouplist.get(i).getText()): null

2018-06-14 19:50:30 - [TEST_STEP][PASSED] - Statement - If (grouplist.get(i).getText().contains("0000")): null

2018-06-14 19:50:30 - [TEST_STEP][PASSED] - Statement - driver.findElement(org.openqa.selenium.By.xpath("(//ul[@class='unlinked-grouplist']/li/label)[" + i + 1 + "]")).click(): null

2018-06-14 19:50:30 - [TEST_STEP][PASSED] - Statement - println(grouplist.get(i).getText()): null

2018-06-14 19:50:30 - [TEST_STEP][PASSED] - Statement - If (grouplist.get(i).getText().contains("0000")): null

2018-06-14 19:50:30 - [TEST_STEP][PASSED] - Statement - driver.findElement(org.openqa.selenium.By.xpath("(//ul[@class='unlinked-grouplist']/li/label)[" + i + 1 + "]")).click(): null

2018-06-14 19:50:30 - [TEST_STEP][PASSED] - Statement - println(grouplist.get(i).getText()): null

2018-06-14 19:50:30 - [TEST_STEP][PASSED] - Statement - If (grouplist.get(i).getText().contains("0000")): null

2018-06-14 19:50:30 - [TEST_STEP][PASSED] - Statement - driver.findElement(org.openqa.selenium.By.xpath("(//ul[@class='unlinked-grouplist']/li/label)[" + i + 1 + "]")).click(): null

2018-06-14 19:50:30 - [TEST_STEP][PASSED] - Statement - println(grouplist.get(i).getText()): null

2018-06-14 19:50:30 - [TEST_STEP][PASSED] - Statement - If (grouplist.get(i).getText().contains("0000")): null

2018-06-14 19:50:30 - [TEST_STEP][PASSED] - Statement - driver.findElement(org.openqa.selenium.By.xpath("(//ul[@class='unlinked-grouplist']/li/label)[" + i + 1 + "]")).click(): null

2018-06-14 19:50:30 - [TEST_STEP][PASSED] - Statement - println(grouplist.get(i).getText()): null

2018-06-14 19:50:30 - [TEST_STEP][PASSED] - Statement - If (grouplist.get(i).getText().contains("0000")): null

2018-06-14 19:50:30 - [TEST_STEP][PASSED] - Statement - driver.findElement(org.openqa.selenium.By.xpath("(//ul[@class='unlinked-grouplist']/li/label)[" + i + 1 + "]")).click(): null

2018-06-14 19:50:31 - [TEST_STEP][PASSED] - Statement - println(grouplist.get(i).getText()): null

2018-06-14 19:50:31 - [TEST_STEP][PASSED] - Statement - If (grouplist.get(i).getText().contains("0000")): null

2018-06-14 19:50:31 - [TEST_STEP][PASSED] - Statement - driver.findElement(org.openqa.selenium.By.xpath("(//ul[@class='unlinked-grouplist']/li/label)[" + i + 1 + "]")).click(): null

2018-06-14 19:50:31 - [TEST_STEP][PASSED] - Statement - println(grouplist.get(i).getText()): null

2018-06-14 19:50:31 - [TEST_STEP][PASSED] - Statement - If (grouplist.get(i).getText().contains("0000")): null

2018-06-14 19:50:31 - [TEST_STEP][PASSED] - Statement - driver.findElement(org.openqa.selenium.By.xpath("(//ul[@class='unlinked-grouplist']/li/label)[" + i + 1 + "]")).click(): null

2018-06-14 19:50:31 - [TEST_STEP][PASSED] - Statement - println(grouplist.get(i).getText()): null

2018-06-14 19:50:31 - [TEST_STEP][PASSED] - Statement - If (grouplist.get(i).getText().contains("0000")): null

2018-06-14 19:50:31 - [TEST_STEP][PASSED] - Statement - driver.findElement(org.openqa.selenium.By.xpath("(//ul[@class='unlinked-grouplist']/li/label)[" + i + 1 + "]")).click(): null

2018-06-14 19:50:31 - [TEST_STEP][PASSED] - Statement - println(grouplist.get(i).getText()): null

2018-06-14 19:50:31 - [TEST_STEP][PASSED] - Statement - If (grouplist.get(i).getText().contains("0000")): null

2018-06-14 19:50:31 - [TEST_STEP][PASSED] - Statement - driver.findElement(org.openqa.selenium.By.xpath("(//ul[@class='unlinked-grouplist']/li/label)[" + i + 1 + "]")).click(): null

2018-06-14 19:50:31 - [TEST_STEP][PASSED] - Statement - println(grouplist.get(i).getText()): null

2018-06-14 19:50:31 - [TEST_STEP][PASSED] - Statement - If (grouplist.get(i).getText().contains("0000")): null

2018-06-14 19:50:31 - [TEST_STEP][PASSED] - Statement - driver.findElement(org.openqa.selenium.By.xpath("(//ul[@class='unlinked-grouplist']/li/label)[" + i + 1 + "]")).click(): null

2018-06-14 19:50:31 - [TEST_STEP][PASSED] - Statement - println(grouplist.get(i).getText()): null

2018-06-14 19:50:31 - [TEST_STEP][PASSED] - Statement - If (grouplist.get(i).getText().contains("0000")): null

2018-06-14 19:50:31 - [TEST_STEP][PASSED] - Statement - driver.findElement(org.openqa.selenium.By.xpath("(//ul[@class='unlinked-grouplist']/li/label)[" + i + 1 + "]")).click(): null

2018-06-14 19:50:31 - [TEST_STEP][PASSED] - Statement - println(grouplist.get(i).getText()): null

2018-06-14 19:50:31 - [TEST_STEP][PASSED] - Statement - If (grouplist.get(i).getText().contains("0000")): null

2018-06-14 19:50:31 - [TEST_STEP][PASSED] - Statement - driver.findElement(org.openqa.selenium.By.xpath("(//ul[@class='unlinked-grouplist']/li/label)[" + i + 1 + "]")).click(): null

2018-06-14 19:50:31 - [TEST_STEP][PASSED] - Statement - println(grouplist.get(i).getText()): null

2018-06-14 19:50:31 - [TEST_STEP][PASSED] - Statement - If (grouplist.get(i).getText().contains("0000")): null

2018-06-14 19:50:31 - [TEST_STEP][PASSED] - Statement - driver.findElement(org.openqa.selenium.By.xpath("(//ul[@class='unlinked-grouplist']/li/label)[" + i + 1 + "]")).click(): null

2018-06-14 19:50:31 - [TEST_STEP][PASSED] - Statement - println(grouplist.get(i).getText()): null

2018-06-14 19:50:31 - [TEST_STEP][PASSED] - Statement - If (grouplist.get(i).getText().contains("0000")): null

2018-06-14 19:50:31 - [TEST_STEP][PASSED] - Statement - driver.findElement(org.openqa.selenium.By.xpath("(//ul[@class='unlinked-grouplist']/li/label)[" + i + 1 + "]")).click(): null

2018-06-14 19:50:31 - [TEST_STEP][PASSED] - Statement - println(grouplist.get(i).getText()): null

2018-06-14 19:50:31 - [TEST_STEP][PASSED] - Statement - If (grouplist.get(i).getText().contains("0000")): null

2018-06-14 19:50:31 - [TEST_STEP][PASSED] - Statement - driver.findElement(org.openqa.selenium.By.xpath("(//ul[@class='unlinked-grouplist']/li/label)[" + i + 1 + "]")).click(): null

2018-06-14 19:50:31 - [TEST_STEP][PASSED] - Statement - println(grouplist.get(i).getText()): null

2018-06-14 19:50:31 - [TEST_STEP][PASSED] - Statement - If (grouplist.get(i).getText().contains("0000")): null

2018-06-14 19:50:31 - [TEST_STEP][PASSED] - Statement - driver.findElement(org.openqa.selenium.By.xpath("(//ul[@class='unlinked-grouplist']/li/label)[" + i + 1 + "]")).click(): null

2018-06-14 19:50:31 - [TEST_STEP][PASSED] - Statement - println(grouplist.get(i).getText()): null

2018-06-14 19:50:31 - [TEST_STEP][PASSED] - Statement - If (grouplist.get(i).getText().contains("0000")): null

2018-06-14 19:50:31 - [TEST_STEP][PASSED] - Statement - driver.findElement(org.openqa.selenium.By.xpath("(//ul[@class='unlinked-grouplist']/li/label)[" + i + 1 + "]")).click(): null

2018-06-14 19:50:32 - [TEST_STEP][PASSED] - Statement - println(grouplist.get(i).getText()): null

2018-06-14 19:50:32 - [TEST_STEP][PASSED] - Statement - If (grouplist.get(i).getText().contains("0000")): null

2018-06-14 19:50:32 - [TEST_STEP][PASSED] - Statement - driver.findElement(org.openqa.selenium.By.xpath("(//ul[@class='unlinked-grouplist']/li/label)[" + i + 1 + "]")).click(): null

2018-06-14 19:50:32 - [TEST_STEP][PASSED] - Statement - println(grouplist.get(i).getText()): null

2018-06-14 19:50:32 - [TEST_STEP][PASSED] - Statement - If (grouplist.get(i).getText().contains("0000")): null

2018-06-14 19:50:32 - [TEST_STEP][PASSED] - Statement - driver.findElement(org.openqa.selenium.By.xpath("(//ul[@class='unlinked-grouplist']/li/label)[" + i + 1 + "]")).click(): null

2018-06-14 19:50:32 - [TEST_STEP][PASSED] - Statement - println(grouplist.get(i).getText()): null

2018-06-14 19:50:32 - [TEST_STEP][PASSED] - Statement - If (grouplist.get(i).getText().contains("0000")): null

2018-06-14 19:50:32 - [TEST_STEP][PASSED] - Statement - driver.findElement(org.openqa.selenium.By.xpath("(//ul[@class='unlinked-grouplist']/li/label)[" + i + 1 + "]")).click(): null

2018-06-14 19:50:32 - [TEST_STEP][PASSED] - Statement - println(grouplist.get(i).getText()): null

2018-06-14 19:50:32 - [TEST_STEP][PASSED] - Statement - If (grouplist.get(i).getText().contains("0000")): null

2018-06-14 19:50:32 - [TEST_STEP][PASSED] - Statement - driver.findElement(org.openqa.selenium.By.xpath("(//ul[@class='unlinked-grouplist']/li/label)[" + i + 1 + "]")).click(): null

2018-06-14 19:50:32 - [TEST_STEP][PASSED] - Statement - println(grouplist.get(i).getText()): null

2018-06-14 19:50:32 - [TEST_STEP][PASSED] - Statement - If (grouplist.get(i).getText().contains("0000")): null

2018-06-14 19:50:32 - [TEST_STEP][PASSED] - Statement - driver.findElement(org.openqa.selenium.By.xpath("(//ul[@class='unlinked-grouplist']/li/label)[" + i + 1 + "]")).click(): null

2018-06-14 19:50:32 - [TEST_STEP][PASSED] - Statement - println(grouplist.get(i).getText()): null

2018-06-14 19:50:32 - [TEST_STEP][PASSED] - Statement - If (grouplist.get(i).getText().contains("0000")): null

2018-06-14 19:50:32 - [TEST_STEP][PASSED] - Statement - driver.findElement(org.openqa.selenium.By.xpath("(//ul[@class='unlinked-grouplist']/li/label)[" + i + 1 + "]")).click(): null

2018-06-14 19:50:32 - [TEST_STEP][PASSED] - Statement - println(grouplist.get(i).getText()): null

2018-06-14 19:50:32 - [TEST_STEP][PASSED] - Statement - If (grouplist.get(i).getText().contains("0000")): null

2018-06-14 19:50:32 - [TEST_STEP][PASSED] - Statement - driver.findElement(org.openqa.selenium.By.xpath("(//ul[@class='unlinked-grouplist']/li/label)[" + i + 1 + "]")).click(): null

2018-06-14 19:50:32 - [TEST_STEP][PASSED] - Statement - println(grouplist.get(i).getText()): null

2018-06-14 19:50:32 - [TEST_STEP][PASSED] - Statement - If (grouplist.get(i).getText().contains("0000")): null

2018-06-14 19:50:32 - [TEST_STEP][PASSED] - Statement - driver.findElement(org.openqa.selenium.By.xpath("(//ul[@class='unlinked-grouplist']/li/label)[" + i + 1 + "]")).click(): null

2018-06-14 19:50:32 - [TEST_STEP][PASSED] - Statement - println(grouplist.get(i).getText()): null

2018-06-14 19:50:32 - [TEST_STEP][PASSED] - Statement - If (grouplist.get(i).getText().contains("0000")): null

2018-06-14 19:50:32 - [TEST_STEP][PASSED] - Statement - driver.findElement(org.openqa.selenium.By.xpath("(//ul[@class='unlinked-grouplist']/li/label)[" + i + 1 + "]")).click(): null

2018-06-14 19:50:32 - [TEST_STEP][PASSED] - Statement - println(grouplist.get(i).getText()): null

2018-06-14 19:50:32 - [TEST_STEP][PASSED] - Statement - If (grouplist.get(i).getText().contains("0000")): null

2018-06-14 19:50:32 - [TEST_STEP][PASSED] - Statement - driver.findElement(org.openqa.selenium.By.xpath("(//ul[@class='unlinked-grouplist']/li/label)[" + i + 1 + "]")).click(): null

2018-06-14 19:50:32 - [TEST_STEP][PASSED] - Statement - println(grouplist.get(i).getText()): null

2018-06-14 19:50:32 - [TEST_STEP][PASSED] - Statement - If (grouplist.get(i).getText().contains("0000")): null

2018-06-14 19:50:32 - [TEST_STEP][PASSED] - Statement - driver.findElement(org.openqa.selenium.By.xpath("(//ul[@class='unlinked-grouplist']/li/label)[" + i + 1 + "]")).click(): null

2018-06-14 19:50:32 - [TEST_STEP][PASSED] - Statement - println(grouplist.get(i).getText()): null

2018-06-14 19:50:32 - [TEST_STEP][PASSED] - Statement - If (grouplist.get(i).getText().contains("0000")): null

2018-06-14 19:50:32 - [TEST_STEP][PASSED] - Statement - driver.findElement(org.openqa.selenium.By.xpath("(//ul[@class='unlinked-grouplist']/li/label)[" + i + 1 + "]")).click(): null

2018-06-14 19:50:33 - [TEST_STEP][PASSED] - Statement - println(grouplist.get(i).getText()): null

2018-06-14 19:50:33 - [TEST_STEP][PASSED] - Statement - If (grouplist.get(i).getText().contains("0000")): null

2018-06-14 19:50:33 - [TEST_STEP][PASSED] - Statement - driver.findElement(org.openqa.selenium.By.xpath("(//ul[@class='unlinked-grouplist']/li/label)[" + i + 1 + "]")).click(): null

2018-06-14 19:50:33 - [TEST_STEP][PASSED] - Statement - println(grouplist.get(i).getText()): null

2018-06-14 19:50:33 - [TEST_STEP][PASSED] - Statement - If (grouplist.get(i).getText().contains("0000")): null

2018-06-14 19:50:33 - [TEST_STEP][PASSED] - Statement - driver.findElement(org.openqa.selenium.By.xpath("(//ul[@class='unlinked-grouplist']/li/label)[" + i + 1 + "]")).click(): null

2018-06-14 19:50:33 - [TEST_STEP][PASSED] - Statement - println(grouplist.get(i).getText()): null

2018-06-14 19:50:33 - [TEST_STEP][PASSED] - Statement - If (grouplist.get(i).getText().contains("0000")): null

2018-06-14 19:50:33 - [TEST_STEP][PASSED] - Statement - driver.findElement(org.openqa.selenium.By.xpath("(//ul[@class='unlinked-grouplist']/li/label)[" + i + 1 + "]")).click(): null

2018-06-14 19:50:33 - [TEST_STEP][PASSED] - Statement - println(grouplist.get(i).getText()): null

2018-06-14 19:50:33 - [TEST_STEP][PASSED] - Statement - If (grouplist.get(i).getText().contains("0000")): null

2018-06-14 19:50:33 - [TEST_STEP][PASSED] - Statement - driver.findElement(org.openqa.selenium.By.xpath("(//ul[@class='unlinked-grouplist']/li/label)[" + i + 1 + "]")).click(): null

2018-06-14 19:50:33 - [TEST_STEP][PASSED] - Statement - println(grouplist.get(i).getText()): null

2018-06-14 19:50:33 - [TEST_STEP][PASSED] - Statement - If (grouplist.get(i).getText().contains("0000")): null

2018-06-14 19:50:33 - [TEST_STEP][PASSED] - Statement - driver.findElement(org.openqa.selenium.By.xpath("(//ul[@class='unlinked-grouplist']/li/label)[" + i + 1 + "]")).click(): null

2018-06-14 19:50:33 - [TEST_STEP][PASSED] - Statement - println(grouplist.get(i).getText()): null

2018-06-14 19:50:33 - [TEST_STEP][PASSED] - Statement - If (grouplist.get(i).getText().contains("0000")): null

2018-06-14 19:50:33 - [TEST_STEP][PASSED] - Statement - driver.findElement(org.openqa.selenium.By.xpath("(//ul[@class='unlinked-grouplist']/li/label)[" + i + 1 + "]")).click(): null

2018-06-14 19:50:33 - [TEST_STEP][PASSED] - Statement - println(grouplist.get(i).getText()): null

2018-06-14 19:50:33 - [TEST_STEP][PASSED] - Statement - If (grouplist.get(i).getText().contains("0000")): null

2018-06-14 19:50:33 - [TEST_STEP][PASSED] - Statement - driver.findElement(org.openqa.selenium.By.xpath("(//ul[@class='unlinked-grouplist']/li/label)[" + i + 1 + "]")).click(): null

2018-06-14 19:50:33 - [TEST_STEP][PASSED] - Statement - println(grouplist.get(i).getText()): null

2018-06-14 19:50:33 - [TEST_STEP][PASSED] - Statement - If (grouplist.get(i).getText().contains("0000")): null

2018-06-14 19:50:33 - [TEST_STEP][PASSED] - Statement - driver.findElement(org.openqa.selenium.By.xpath("(//ul[@class='unlinked-grouplist']/li/label)[" + i + 1 + "]")).click(): null

2018-06-14 19:50:33 - [TEST_STEP][PASSED] - Statement - println(grouplist.get(i).getText()): null

2018-06-14 19:50:33 - [TEST_STEP][PASSED] - Statement - If (grouplist.get(i).getText().contains("0000")): null

2018-06-14 19:50:33 - [TEST_STEP][PASSED] - Statement - driver.findElement(org.openqa.selenium.By.xpath("(//ul[@class='unlinked-grouplist']/li/label)[" + i + 1 + "]")).click(): null

2018-06-14 19:50:33 - [TEST_STEP][PASSED] - Statement - println(grouplist.get(i).getText()): null

2018-06-14 19:50:33 - [TEST_STEP][PASSED] - Statement - If (grouplist.get(i).getText().contains("0000")): null

2018-06-14 19:50:33 - [TEST_STEP][PASSED] - Statement - driver.findElement(org.openqa.selenium.By.xpath("(//ul[@class='unlinked-grouplist']/li/label)[" + i + 1 + "]")).click(): null

2018-06-14 19:50:33 - [TEST_STEP][PASSED] - Statement - println(grouplist.get(i).getText()): null

2018-06-14 19:50:33 - [TEST_STEP][PASSED] - Statement - If (grouplist.get(i).getText().contains("0000")): null

2018-06-14 19:50:33 - [TEST_STEP][PASSED] - Statement - driver.findElement(org.openqa.selenium.By.xpath("(//ul[@class='unlinked-grouplist']/li/label)[" + i + 1 + "]")).click(): null

2018-06-14 19:50:33 - [TEST_STEP][PASSED] - Statement - println(grouplist.get(i).getText()): null

2018-06-14 19:50:33 - [TEST_STEP][PASSED] - Statement - If (grouplist.get(i).getText().contains("0000")): null

2018-06-14 19:50:33 - [TEST_STEP][PASSED] - Statement - driver.findElement(org.openqa.selenium.By.xpath("(//ul[@class='unlinked-grouplist']/li/label)[" + i + 1 + "]")).click(): null

2018-06-14 19:50:34 - [TEST_STEP][PASSED] - Statement - println(grouplist.get(i).getText()): null

2018-06-14 19:50:34 - [TEST_STEP][PASSED] - Statement - If (grouplist.get(i).getText().contains("0000")): null

2018-06-14 19:50:34 - [TEST_STEP][PASSED] - Statement - driver.findElement(org.openqa.selenium.By.xpath("(//ul[@class='unlinked-grouplist']/li/label)[" + i + 1 + "]")).click(): null

2018-06-14 19:50:34 - [TEST_STEP][PASSED] - Statement - println(grouplist.get(i).getText()): null

2018-06-14 19:50:34 - [TEST_STEP][PASSED] - Statement - If (grouplist.get(i).getText().contains("0000")): null

2018-06-14 19:50:34 - [TEST_STEP][PASSED] - Statement - driver.findElement(org.openqa.selenium.By.xpath("(//ul[@class='unlinked-grouplist']/li/label)[" + i + 1 + "]")).click(): null

2018-06-14 19:50:34 - [TEST_STEP][PASSED] - Statement - println(grouplist.get(i).getText()): null

2018-06-14 19:50:34 - [TEST_STEP][PASSED] - Statement - If (grouplist.get(i).getText().contains("0000")): null

2018-06-14 19:50:34 - [TEST_STEP][PASSED] - Statement - driver.findElement(org.openqa.selenium.By.xpath("(//ul[@class='unlinked-grouplist']/li/label)[" + i + 1 + "]")).click(): null

2018-06-14 19:50:34 - [TEST_STEP][PASSED] - Statement - println(grouplist.get(i).getText()): null

2018-06-14 19:50:34 - [TEST_STEP][PASSED] - Statement - If (grouplist.get(i).getText().contains("0000")): null

2018-06-14 19:50:34 - [TEST_STEP][PASSED] - Statement - driver.findElement(org.openqa.selenium.By.xpath("(//ul[@class='unlinked-grouplist']/li/label)[" + i + 1 + "]")).click(): null

2018-06-14 19:50:34 - [TEST_STEP][PASSED] - Statement - println(grouplist.get(i).getText()): null

2018-06-14 19:50:34 - [TEST_STEP][PASSED] - Statement - If (grouplist.get(i).getText().contains("0000")): null

2018-06-14 19:50:34 - [TEST_STEP][PASSED] - Statement - driver.findElement(org.openqa.selenium.By.xpath("(//ul[@class='unlinked-grouplist']/li/label)[" + i + 1 + "]")).click(): null

2018-06-14 19:50:34 - [TEST_STEP][PASSED] - Statement - println(grouplist.get(i).getText()): null

2018-06-14 19:50:34 - [TEST_STEP][PASSED] - Statement - If (grouplist.get(i).getText().contains("0000")): null

2018-06-14 19:50:34 - [TEST_STEP][PASSED] - Statement - driver.findElement(org.openqa.selenium.By.xpath("(//ul[@class='unlinked-grouplist']/li/label)[" + i + 1 + "]")).click(): null

2018-06-14 19:50:34 - [TEST_STEP][PASSED] - Statement - println(grouplist.get(i).getText()): null

2018-06-14 19:50:34 - [TEST_STEP][PASSED] - Statement - If (grouplist.get(i).getText().contains("0000")): null

2018-06-14 19:50:34 - [TEST_STEP][PASSED] - Statement - driver.findElement(org.openqa.selenium.By.xpath("(//ul[@class='unlinked-grouplist']/li/label)[" + i + 1 + "]")).click(): null

2018-06-14 19:50:34 - [TEST_STEP][PASSED] - Statement - println(grouplist.get(i).getText()): null

2018-06-14 19:50:34 - [TEST_STEP][PASSED] - Statement - If (grouplist.get(i).getText().contains("0000")): null

2018-06-14 19:50:34 - [TEST_STEP][PASSED] - Statement - driver.findElement(org.openqa.selenium.By.xpath("(//ul[@class='unlinked-grouplist']/li/label)[" + i + 1 + "]")).click(): null

2018-06-14 19:50:34 - [TEST_STEP][PASSED] - Statement - println(grouplist.get(i).getText()): null

2018-06-14 19:50:34 - [TEST_STEP][PASSED] - Statement - If (grouplist.get(i).getText().contains("0000")): null

2018-06-14 19:50:34 - [TEST_STEP][PASSED] - Statement - driver.findElement(org.openqa.selenium.By.xpath("(//ul[@class='unlinked-grouplist']/li/label)[" + i + 1 + "]")).click(): null

2018-06-14 19:50:34 - [TEST_STEP][PASSED] - Statement - println(grouplist.get(i).getText()): null

2018-06-14 19:50:34 - [TEST_STEP][PASSED] - Statement - If (grouplist.get(i).getText().contains("0000")): null

2018-06-14 19:50:34 - [TEST_STEP][PASSED] - Statement - driver.findElement(org.openqa.selenium.By.xpath("(//ul[@class='unlinked-grouplist']/li/label)[" + i + 1 + "]")).click(): null

2018-06-14 19:50:34 - [TEST_STEP][PASSED] - Statement - println(grouplist.get(i).getText()): null

2018-06-14 19:50:34 - [TEST_STEP][PASSED] - Statement - If (grouplist.get(i).getText().contains("0000")): null

2018-06-14 19:50:34 - [TEST_STEP][PASSED] - Statement - driver.findElement(org.openqa.selenium.By.xpath("(//ul[@class='unlinked-grouplist']/li/label)[" + i + 1 + "]")).click(): null

2018-06-14 19:50:34 - [TEST_STEP][PASSED] - Statement - println(grouplist.get(i).getText()): null

2018-06-14 19:50:34 - [TEST_STEP][PASSED] - Statement - If (grouplist.get(i).getText().contains("0000")): null

2018-06-14 19:50:34 - [TEST_STEP][PASSED] - Statement - driver.findElement(org.openqa.selenium.By.xpath("(//ul[@class='unlinked-grouplist']/li/label)[" + i + 1 + "]")).click(): null

2018-06-14 19:50:35 - [TEST_STEP][PASSED] - Statement - println(grouplist.get(i).getText()): null

2018-06-14 19:50:35 - [TEST_STEP][PASSED] - Statement - If (grouplist.get(i).getText().contains("0000")): null

2018-06-14 19:50:35 - [TEST_STEP][PASSED] - Statement - driver.findElement(org.openqa.selenium.By.xpath("(//ul[@class='unlinked-grouplist']/li/label)[" + i + 1 + "]")).click(): null

2018-06-14 19:50:35 - [TEST_STEP][PASSED] - Statement - println(grouplist.get(i).getText()): null

2018-06-14 19:50:35 - [TEST_STEP][PASSED] - Statement - If (grouplist.get(i).getText().contains("0000")): null

2018-06-14 19:50:35 - [TEST_STEP][PASSED] - Statement - driver.findElement(org.openqa.selenium.By.xpath("(//ul[@class='unlinked-grouplist']/li/label)[" + i + 1 + "]")).click(): null

2018-06-14 19:50:35 - [TEST_STEP][PASSED] - Statement - println(grouplist.get(i).getText()): null

2018-06-14 19:50:35 - [TEST_STEP][PASSED] - Statement - If (grouplist.get(i).getText().contains("0000")): null

2018-06-14 19:50:35 - [TEST_STEP][PASSED] - Statement - driver.findElement(org.openqa.selenium.By.xpath("(//ul[@class='unlinked-grouplist']/li/label)[" + i + 1 + "]")).click(): null

2018-06-14 19:50:35 - [TEST_STEP][PASSED] - Statement - println(grouplist.get(i).getText()): null

2018-06-14 19:50:35 - [TEST_STEP][PASSED] - Statement - If (grouplist.get(i).getText().contains("0000")): null

2018-06-14 19:50:35 - [TEST_STEP][PASSED] - Statement - driver.findElement(org.openqa.selenium.By.xpath("(//ul[@class='unlinked-grouplist']/li/label)[" + i + 1 + "]")).click(): null

2018-06-14 19:50:35 - [TEST_STEP][PASSED] - Statement - println(grouplist.get(i).getText()): null

2018-06-14 19:50:35 - [TEST_STEP][PASSED] - Statement - If (grouplist.get(i).getText().contains("0000")): null

2018-06-14 19:50:35 - [TEST_STEP][PASSED] - Statement - driver.findElement(org.openqa.selenium.By.xpath("(//ul[@class='unlinked-grouplist']/li/label)[" + i + 1 + "]")).click(): null

2018-06-14 19:50:35 - [TEST_STEP][PASSED] - Statement - println(grouplist.get(i).getText()): null

2018-06-14 19:50:35 - [TEST_STEP][PASSED] - Statement - If (grouplist.get(i).getText().contains("0000")): null

2018-06-14 19:50:35 - [TEST_STEP][PASSED] - Statement - driver.findElement(org.openqa.selenium.By.xpath("(//ul[@class='unlinked-grouplist']/li/label)[" + i + 1 + "]")).click(): null

2018-06-14 19:50:35 - [TEST_STEP][PASSED] - Statement - println(grouplist.get(i).getText()): null

2018-06-14 19:50:35 - [TEST_STEP][PASSED] - Statement - If (grouplist.get(i).getText().contains("0000")): null

2018-06-14 19:50:35 - [TEST_STEP][PASSED] - Statement - driver.findElement(org.openqa.selenium.By.xpath("(//ul[@class='unlinked-grouplist']/li/label)[" + i + 1 + "]")).click(): null

2018-06-14 19:50:35 - [TEST_STEP][PASSED] - Statement - println(grouplist.get(i).getText()): null

2018-06-14 19:50:35 - [TEST_STEP][PASSED] - Statement - If (grouplist.get(i).getText().contains("0000")): null

2018-06-14 19:50:35 - [TEST_STEP][PASSED] - Statement - driver.findElement(org.openqa.selenium.By.xpath("(//ul[@class='unlinked-grouplist']/li/label)[" + i + 1 + "]")).click(): null

2018-06-14 19:50:35 - [TEST_STEP][PASSED] - Statement - println(grouplist.get(i).getText()): null

2018-06-14 19:50:35 - [TEST_STEP][PASSED] - Statement - If (grouplist.get(i).getText().contains("0000")): null

2018-06-14 19:50:35 - [TEST_STEP][PASSED] - Statement - driver.findElement(org.openqa.selenium.By.xpath("(//ul[@class='unlinked-grouplist']/li/label)[" + i + 1 + "]")).click(): null

2018-06-14 19:50:35 - [TEST_STEP][PASSED] - Statement - println(grouplist.get(i).getText()): null

2018-06-14 19:50:35 - [TEST_STEP][PASSED] - Statement - If (grouplist.get(i).getText().contains("0000")): null

2018-06-14 19:50:35 - [TEST_STEP][PASSED] - Statement - driver.findElement(org.openqa.selenium.By.xpath("(//ul[@class='unlinked-grouplist']/li/label)[" + i + 1 + "]")).click(): null

2018-06-14 19:50:35 - [TEST_STEP][PASSED] - Statement - println(grouplist.get(i).getText()): null

2018-06-14 19:50:35 - [TEST_STEP][PASSED] - Statement - If (grouplist.get(i).getText().contains("0000")): null

2018-06-14 19:50:35 - [TEST_STEP][PASSED] - Statement - driver.findElement(org.openqa.selenium.By.xpath("(//ul[@class='unlinked-grouplist']/li/label)[" + i + 1 + "]")).click(): null

2018-06-14 19:50:35 - [TEST_STEP][PASSED] - Statement - println(grouplist.get(i).getText()): null

2018-06-14 19:50:35 - [TEST_STEP][PASSED] - Statement - If (grouplist.get(i).getText().contains("0000")): null

2018-06-14 19:50:35 - [TEST_STEP][PASSED] - Statement - driver.findElement(org.openqa.selenium.By.xpath("(//ul[@class='unlinked-grouplist']/li/label)[" + i + 1 + "]")).click(): null

2018-06-14 19:50:36 - [TEST_STEP][PASSED] - Statement - println(grouplist.get(i).getText()): null

2018-06-14 19:50:36 - [TEST_STEP][PASSED] - Statement - If (grouplist.get(i).getText().contains("0000")): null

2018-06-14 19:50:36 - [TEST_STEP][PASSED] - Statement - driver.findElement(org.openqa.selenium.By.xpath("(//ul[@class='unlinked-grouplist']/li/label)[" + i + 1 + "]")).click(): null

2018-06-14 19:50:36 - [TEST_STEP][PASSED] - Statement - println(grouplist.get(i).getText()): null

2018-06-14 19:50:36 - [TEST_STEP][PASSED] - Statement - If (grouplist.get(i).getText().contains("0000")): null

2018-06-14 19:50:36 - [TEST_STEP][PASSED] - Statement - driver.findElement(org.openqa.selenium.By.xpath("(//ul[@class='unlinked-grouplist']/li/label)[" + i + 1 + "]")).click(): null

2018-06-14 19:50:36 - [TEST_STEP][PASSED] - Statement - println(grouplist.get(i).getText()): null

2018-06-14 19:50:36 - [TEST_STEP][PASSED] - Statement - If (grouplist.get(i).getText().contains("0000")): null

2018-06-14 19:50:36 - [TEST_STEP][PASSED] - Statement - driver.findElement(org.openqa.selenium.By.xpath("(//ul[@class='unlinked-grouplist']/li/label)[" + i + 1 + "]")).click(): null

2018-06-14 19:50:36 - [TEST_STEP][PASSED] - Statement - println(grouplist.get(i).getText()): null

2018-06-14 19:50:36 - [TEST_STEP][PASSED] - Statement - If (grouplist.get(i).getText().contains("0000")): null

2018-06-14 19:50:36 - [TEST_STEP][PASSED] - Statement - driver.findElement(org.openqa.selenium.By.xpath("(//ul[@class='unlinked-grouplist']/li/label)[" + i + 1 + "]")).click(): null

2018-06-14 19:50:36 - [TEST_STEP][PASSED] - Statement - println(grouplist.get(i).getText()): null

2018-06-14 19:50:36 - [TEST_STEP][PASSED] - Statement - If (grouplist.get(i).getText().contains("0000")): null

2018-06-14 19:50:36 - [TEST_STEP][PASSED] - Statement - driver.findElement(org.openqa.selenium.By.xpath("(//ul[@class='unlinked-grouplist']/li/label)[" + i + 1 + "]")).click(): null

2018-06-14 19:50:36 - [TEST_STEP][PASSED] - Statement - println(grouplist.get(i).getText()): null

2018-06-14 19:50:36 - [TEST_STEP][PASSED] - Statement - If (grouplist.get(i).getText().contains("0000")): null

2018-06-14 19:50:36 - [TEST_STEP][PASSED] - Statement - driver.findElement(org.openqa.selenium.By.xpath("(//ul[@class='unlinked-grouplist']/li/label)[" + i + 1 + "]")).click(): null

2018-06-14 19:50:36 - [TEST_STEP][PASSED] - Statement - println(grouplist.get(i).getText()): null

2018-06-14 19:50:36 - [TEST_STEP][PASSED] - Statement - If (grouplist.get(i).getText().contains("0000")): null

2018-06-14 19:50:36 - [TEST_STEP][PASSED] - Statement - driver.findElement(org.openqa.selenium.By.xpath("(//ul[@class='unlinked-grouplist']/li/label)[" + i + 1 + "]")).click(): null

2018-06-14 19:50:36 - [TEST_STEP][PASSED] - Statement - println(grouplist.get(i).getText()): null

2018-06-14 19:50:36 - [TEST_STEP][PASSED] - Statement - If (grouplist.get(i).getText().contains("0000")): null

2018-06-14 19:50:36 - [TEST_STEP][PASSED] - Statement - driver.findElement(org.openqa.selenium.By.xpath("(//ul[@class='unlinked-grouplist']/li/label)[" + i + 1 + "]")).click(): null

2018-06-14 19:50:36 - [TEST_STEP][PASSED] - Statement - println(grouplist.get(i).getText()): null

2018-06-14 19:50:36 - [TEST_STEP][PASSED] - Statement - If (grouplist.get(i).getText().contains("0000")): null

2018-06-14 19:50:36 - [TEST_STEP][PASSED] - Statement - driver.findElement(org.openqa.selenium.By.xpath("(//ul[@class='unlinked-grouplist']/li/label)[" + i + 1 + "]")).click(): null

2018-06-14 19:50:36 - [TEST_STEP][PASSED] - Statement - println(grouplist.get(i).getText()): null

2018-06-14 19:50:36 - [TEST_STEP][PASSED] - Statement - If (grouplist.get(i).getText().contains("0000")): null

2018-06-14 19:50:36 - [TEST_STEP][PASSED] - Statement - driver.findElement(org.openqa.selenium.By.xpath("(//ul[@class='unlinked-grouplist']/li/label)[" + i + 1 + "]")).click(): null

2018-06-14 19:50:36 - [TEST_STEP][PASSED] - Statement - println(grouplist.get(i).getText()): null

2018-06-14 19:50:36 - [TEST_STEP][PASSED] - Statement - If (grouplist.get(i).getText().contains("0000")): null

2018-06-14 19:50:36 - [TEST_STEP][PASSED] - Statement - driver.findElement(org.openqa.selenium.By.xpath("(//ul[@class='unlinked-grouplist']/li/label)[" + i + 1 + "]")).click(): null

2018-06-14 19:50:36 - [TEST_STEP][PASSED] - Statement - println(grouplist.get(i).getText()): null

2018-06-14 19:50:36 - [TEST_STEP][PASSED] - Statement - If (grouplist.get(i).getText().contains("0000")): null

2018-06-14 19:50:36 - [TEST_STEP][PASSED] - Statement - driver.findElement(org.openqa.selenium.By.xpath("(//ul[@class='unlinked-grouplist']/li/label)[" + i + 1 + "]")).click(): null

2018-06-14 19:50:37 - [TEST_STEP][PASSED] - Statement - println(grouplist.get(i).getText()): null

2018-06-14 19:50:37 - [TEST_STEP][PASSED] - Statement - If (grouplist.get(i).getText().contains("0000")): null

2018-06-14 19:50:37 - [TEST_STEP][PASSED] - Statement - driver.findElement(org.openqa.selenium.By.xpath("(//ul[@class='unlinked-grouplist']/li/label)[" + i + 1 + "]")).click(): null

2018-06-14 19:50:37 - [TEST_STEP][PASSED] - Statement - println(grouplist.get(i).getText()): null

2018-06-14 19:50:37 - [TEST_STEP][PASSED] - Statement - If (grouplist.get(i).getText().contains("0000")): null

2018-06-14 19:50:37 - [TEST_STEP][PASSED] - Statement - driver.findElement(org.openqa.selenium.By.xpath("(//ul[@class='unlinked-grouplist']/li/label)[" + i + 1 + "]")).click(): null

2018-06-14 19:50:37 - [TEST_STEP][PASSED] - Statement - println(grouplist.get(i).getText()): null

2018-06-14 19:50:37 - [TEST_STEP][PASSED] - Statement - If (grouplist.get(i).getText().contains("0000")): null

2018-06-14 19:50:37 - [TEST_STEP][PASSED] - Statement - driver.findElement(org.openqa.selenium.By.xpath("(//ul[@class='unlinked-grouplist']/li/label)[" + i + 1 + "]")).click(): null

2018-06-14 19:50:37 - [TEST_STEP][PASSED] - Statement - println(grouplist.get(i).getText()): null

2018-06-14 19:50:37 - [TEST_STEP][PASSED] - Statement - If (grouplist.get(i).getText().contains("0000")): null

2018-06-14 19:50:37 - [TEST_STEP][PASSED] - Statement - driver.findElement(org.openqa.selenium.By.xpath("(//ul[@class='unlinked-grouplist']/li/label)[" + i + 1 + "]")).click(): null

2018-06-14 19:50:37 - [TEST_STEP][PASSED] - Statement - println(grouplist.get(i).getText()): null

2018-06-14 19:50:37 - [TEST_STEP][PASSED] - Statement - If (grouplist.get(i).getText().contains("0000")): null

2018-06-14 19:50:37 - [TEST_STEP][PASSED] - Statement - driver.findElement(org.openqa.selenium.By.xpath("(//ul[@class='unlinked-grouplist']/li/label)[" + i + 1 + "]")).click(): null

2018-06-14 19:50:37 - [TEST_STEP][PASSED] - Statement - println(grouplist.get(i).getText()): null

2018-06-14 19:50:37 - [TEST_STEP][PASSED] - Statement - If (grouplist.get(i).getText().contains("0000")): null

2018-06-14 19:50:37 - [TEST_STEP][PASSED] - Statement - driver.findElement(org.openqa.selenium.By.xpath("(//ul[@class='unlinked-grouplist']/li/label)[" + i + 1 + "]")).click(): null

2018-06-14 19:50:37 - [TEST_STEP][PASSED] - Statement - println(grouplist.get(i).getText()): null

2018-06-14 19:50:37 - [TEST_STEP][PASSED] - Statement - If (grouplist.get(i).getText().contains("0000")): null

2018-06-14 19:50:37 - [TEST_STEP][PASSED] - Statement - driver.findElement(org.openqa.selenium.By.xpath("(//ul[@class='unlinked-grouplist']/li/label)[" + i + 1 + "]")).click(): null

2018-06-14 19:50:37 - [TEST_STEP][PASSED] - Statement - println(grouplist.get(i).getText()): null

2018-06-14 19:50:37 - [TEST_STEP][PASSED] - Statement - If (grouplist.get(i).getText().contains("0000")): null

2018-06-14 19:50:37 - [TEST_STEP][PASSED] - Statement - driver.findElement(org.openqa.selenium.By.xpath("(//ul[@class='unlinked-grouplist']/li/label)[" + i + 1 + "]")).click(): null

2018-06-14 19:50:37 - [TEST_STEP][PASSED] - Statement - println(grouplist.get(i).getText()): null

2018-06-14 19:50:37 - [TEST_STEP][PASSED] - Statement - If (grouplist.get(i).getText().contains("0000")): null

2018-06-14 19:50:37 - [TEST_STEP][PASSED] - Statement - driver.findElement(org.openqa.selenium.By.xpath("(//ul[@class='unlinked-grouplist']/li/label)[" + i + 1 + "]")).click(): null

2018-06-14 19:50:37 - [TEST_STEP][PASSED] - Statement - println(grouplist.get(i).getText()): null

2018-06-14 19:50:37 - [TEST_STEP][PASSED] - Statement - If (grouplist.get(i).getText().contains("0000")): null

2018-06-14 19:50:37 - [TEST_STEP][PASSED] - Statement - driver.findElement(org.openqa.selenium.By.xpath("(//ul[@class='unlinked-grouplist']/li/label)[" + i + 1 + "]")).click(): null

2018-06-14 19:50:37 - [TEST_STEP][PASSED] - Statement - println(grouplist.get(i).getText()): null

2018-06-14 19:50:37 - [TEST_STEP][PASSED] - Statement - If (grouplist.get(i).getText().contains("0000")): null

2018-06-14 19:50:37 - [TEST_STEP][PASSED] - Statement - driver.findElement(org.openqa.selenium.By.xpath("(//ul[@class='unlinked-grouplist']/li/label)[" + i + 1 + "]")).click(): null

2018-06-14 19:50:37 - [TEST_STEP][PASSED] - Statement - println(grouplist.get(i).getText()): null

2018-06-14 19:50:37 - [TEST_STEP][PASSED] - Statement - If (grouplist.get(i).getText().contains("0000")): null

2018-06-14 19:50:37 - [TEST_STEP][PASSED] - Statement - driver.findElement(org.openqa.selenium.By.xpath("(//ul[@class='unlinked-grouplist']/li/label)[" + i + 1 + "]")).click(): null

2018-06-14 19:50:38 - [TEST_STEP][PASSED] - Statement - println(grouplist.get(i).getText()): null

2018-06-14 19:50:38 - [TEST_STEP][PASSED] - Statement - If (grouplist.get(i).getText().contains("0000")): null

2018-06-14 19:50:38 - [TEST_STEP][PASSED] - Statement - driver.findElement(org.openqa.selenium.By.xpath("(//ul[@class='unlinked-grouplist']/li/label)[" + i + 1 + "]")).click(): null

2018-06-14 19:50:38 - [TEST_STEP][PASSED] - Statement - println(grouplist.get(i).getText()): null

2018-06-14 19:50:38 - [TEST_STEP][PASSED] - Statement - If (grouplist.get(i).getText().contains("0000")): null

2018-06-14 19:50:38 - [TEST_STEP][PASSED] - Statement - driver.findElement(org.openqa.selenium.By.xpath("(//ul[@class='unlinked-grouplist']/li/label)[" + i + 1 + "]")).click(): null

2018-06-14 19:50:38 - [TEST_STEP][PASSED] - Statement - println(grouplist.get(i).getText()): null

2018-06-14 19:50:38 - [TEST_STEP][PASSED] - Statement - If (grouplist.get(i).getText().contains("0000")): null

2018-06-14 19:50:38 - [TEST_STEP][PASSED] - Statement - driver.findElement(org.openqa.selenium.By.xpath("(//ul[@class='unlinked-grouplist']/li/label)[" + i + 1 + "]")).click(): null

2018-06-14 19:50:38 - [TEST_STEP][PASSED] - Statement - println(grouplist.get(i).getText()): null

2018-06-14 19:50:38 - [TEST_STEP][PASSED] - Statement - If (grouplist.get(i).getText().contains("0000")): null

2018-06-14 19:50:38 - [TEST_STEP][PASSED] - Statement - driver.findElement(org.openqa.selenium.By.xpath("(//ul[@class='unlinked-grouplist']/li/label)[" + i + 1 + "]")).click(): null

2018-06-14 19:50:38 - [TEST_STEP][PASSED] - Statement - println(grouplist.get(i).getText()): null

2018-06-14 19:50:38 - [TEST_STEP][PASSED] - Statement - If (grouplist.get(i).getText().contains("0000")): null

2018-06-14 19:50:38 - [TEST_STEP][PASSED] - Statement - driver.findElement(org.openqa.selenium.By.xpath("(//ul[@class='unlinked-grouplist']/li/label)[" + i + 1 + "]")).click(): null

2018-06-14 19:50:38 - [TEST_STEP][PASSED] - Statement - println(grouplist.get(i).getText()): null

2018-06-14 19:50:38 - [TEST_STEP][PASSED] - Statement - If (grouplist.get(i).getText().contains("0000")): null

2018-06-14 19:50:38 - [TEST_STEP][PASSED] - Statement - driver.findElement(org.openqa.selenium.By.xpath("(//ul[@class='unlinked-grouplist']/li/label)[" + i + 1 + "]")).click(): null

2018-06-14 19:50:38 - [TEST_STEP][PASSED] - Statement - println(grouplist.get(i).getText()): null

2018-06-14 19:50:38 - [TEST_STEP][PASSED] - Statement - If (grouplist.get(i).getText().contains("0000")): null

2018-06-14 19:50:38 - [TEST_STEP][PASSED] - Statement - driver.findElement(org.openqa.selenium.By.xpath("(//ul[@class='unlinked-grouplist']/li/label)[" + i + 1 + "]")).click(): null

2018-06-14 19:50:38 - [TEST_STEP][PASSED] - Statement - println(grouplist.get(i).getText()): null

2018-06-14 19:50:38 - [TEST_STEP][PASSED] - Statement - If (grouplist.get(i).getText().contains("0000")): null

2018-06-14 19:50:38 - [TEST_STEP][PASSED] - Statement - driver.findElement(org.openqa.selenium.By.xpath("(//ul[@class='unlinked-grouplist']/li/label)[" + i + 1 + "]")).click(): null

2018-06-14 19:50:38 - [TEST_STEP][PASSED] - Statement - println(grouplist.get(i).getText()): null

2018-06-14 19:50:38 - [TEST_STEP][PASSED] - Statement - If (grouplist.get(i).getText().contains("0000")): null

2018-06-14 19:50:38 - [TEST_STEP][PASSED] - Statement - driver.findElement(org.openqa.selenium.By.xpath("(//ul[@class='unlinked-grouplist']/li/label)[" + i + 1 + "]")).click(): null

2018-06-14 19:50:38 - [TEST_STEP][PASSED] - Statement - println(grouplist.get(i).getText()): null

2018-06-14 19:50:38 - [TEST_STEP][PASSED] - Statement - If (grouplist.get(i).getText().contains("0000")): null

2018-06-14 19:50:38 - [TEST_STEP][PASSED] - Statement - driver.findElement(org.openqa.selenium.By.xpath("(//ul[@class='unlinked-grouplist']/li/label)[" + i + 1 + "]")).click(): null

2018-06-14 19:50:38 - [TEST_STEP][PASSED] - Statement - println(grouplist.get(i).getText()): null

2018-06-14 19:50:38 - [TEST_STEP][PASSED] - Statement - If (grouplist.get(i).getText().contains("0000")): null

2018-06-14 19:50:38 - [TEST_STEP][PASSED] - Statement - driver.findElement(org.openqa.selenium.By.xpath("(//ul[@class='unlinked-grouplist']/li/label)[" + i + 1 + "]")).click(): null

2018-06-14 19:50:38 - [TEST_STEP][PASSED] - Statement - println(grouplist.get(i).getText()): null

2018-06-14 19:50:38 - [TEST_STEP][PASSED] - Statement - If (grouplist.get(i).getText().contains("0000")): null

2018-06-14 19:50:38 - [TEST_STEP][PASSED] - Statement - driver.findElement(org.openqa.selenium.By.xpath("(//ul[@class='unlinked-grouplist']/li/label)[" + i + 1 + "]")).click(): null

2018-06-14 19:50:39 - [TEST_STEP][PASSED] - Statement - driver.findElement(org.openqa.selenium.By.xpath("//button[contains(text(),'>')]")).click(): null

2018-06-14 19:50:39 - [TEST_STEP][PASSED] - delay: Delayed 10 second(s)

2018-06-14 19:50:49 - [MESSAGE][PASSED] - Delayed 10 second(s)

2018-06-14 19:50:49 - [TEST_STEP][PASSED] - uiaction.CommonUIActions.click: uiaction.CommonUIActions.click is PASSED

2018-06-14 19:50:49 - [MESSAGE][PASSED] - uiaction.CommonUIActions.click is PASSED

2018-06-14 19:50:49 - [TEST_STEP][PASSED] - uiaction.CommonUIActions.click: uiaction.CommonUIActions.click is PASSED

2018-06-14 19:50:49 - [MESSAGE][PASSED] - uiaction.CommonUIActions.click is PASSED

2018-06-14 19:50:49 - [TEST_STEP][PASSED] - delay: Delayed 10 second(s)

2018-06-14 19:50:59 - [MESSAGE][PASSED] - Delayed 10 second(s)

2018-06-14 19:50:59 - [TEST_STEP][PASSED] - uiaction.CommonUIActions.click: uiaction.CommonUIActions.click is PASSED

2018-06-14 19:50:59 - [MESSAGE][PASSED] - uiaction.CommonUIActions.click is PASSED

2018-06-14 19:50:59 - [TEST_STEP][PASSED] - delay: Delayed 10 second(s)

2018-06-14 19:51:09 - [MESSAGE][PASSED] - Delayed 10 second(s)

2018-06-14 19:51:09 - [TEST_STEP][PASSED] - Statement - driver.findElement(org.openqa.selenium.By.xpath("//span[contains(text(),'" + groupmain + "')]/../../../../span[1]")).click(): null

2018-06-14 19:51:09 - [TEST_STEP][PASSED] - delay: Delayed 5 second(s)

2018-06-14 19:51:14 - [MESSAGE][PASSED] - Delayed 5 second(s)

2018-06-14 19:51:14 - [TEST_STEP][PASSED] - Statement - driver.findElement(org.openqa.selenium.By.xpath("//span[contains(text(),'" + groupmain + "')]/../../../../span[2]")).click(): null

2018-06-14 19:51:14 - [TEST_STEP][PASSED] - delay: Delayed 5 second(s)

2018-06-14 19:51:19 - [MESSAGE][PASSED] - Delayed 5 second(s)

2018-06-14 19:51:19 - [TEST_STEP][PASSED] - click: Object: 'Object Repository/ReportsPage/fromDateSelector' is clicked on

2018-06-14 19:51:19 - [MESSAGE][PASSED] - Object: 'Object Repository/ReportsPage/fromDateSelector' is clicked on

2018-06-14 19:51:19 - [TEST_STEP][PASSED] - delay: Delayed 5 second(s)

2018-06-14 19:51:24 - [MESSAGE][PASSED] - Delayed 5 second(s)

2018-06-14 19:51:24 - [TEST_STEP][PASSED] - Statement - monthText = com.kms.katalon.core.webui.keyword.WebUiBuiltInKeywords.getText(com.kms.katalon.core.testobject.ObjectRepository.findTestObject(ReportsPage/monthText)): Text of object 'Object Repository/ReportsPage/monthText' is: 'June 2018'

2018-06-14 19:51:24 - [MESSAGE][PASSED] - Text of object 'Object Repository/ReportsPage/monthText' is: 'June 2018'

2018-06-14 19:51:24 - [TEST_STEP][PASSED] - Statement - monthTextArray = monthText.split(" "): null

2018-06-14 19:51:24 - [TEST_STEP][PASSED] - Statement - month = monthTextArray[0]: null

2018-06-14 19:51:24 - [TEST_STEP][PASSED] - Statement - monthTextValue_march = CustomKeywords.projectSpecific.Reusability.getTestData("ReportsPage", "Month_march"): projectSpecific.Reusability.getTestData is PASSED

2018-06-14 19:51:24 - [MESSAGE][PASSED] - projectSpecific.Reusability.getTestData is PASSED

2018-06-14 19:51:24 - [TEST_STEP][PASSED] - Statement - If (!(monthTextValue_march.equals(month))): null

2018-06-14 19:51:24 - [TEST_STEP][PASSED] - Statement - While (!(monthTextValue_march.equals(month))): null

2018-06-14 19:51:24 - [TEST_STEP][PASSED] - click: Object: 'Object Repository/ReportsPage/previousDateSelector' is clicked on

2018-06-14 19:51:24 - [MESSAGE][PASSED] - Object: 'Object Repository/ReportsPage/previousDateSelector' is clicked on

2018-06-14 19:51:24 - [TEST_STEP][PASSED] - Statement - monthText = com.kms.katalon.core.webui.keyword.WebUiBuiltInKeywords.getText(com.kms.katalon.core.testobject.ObjectRepository.findTestObject(ReportsPage/monthText)): Text of object 'Object Repository/ReportsPage/monthText' is: 'May 2018'

2018-06-14 19:51:24 - [MESSAGE][PASSED] - Text of object 'Object Repository/ReportsPage/monthText' is: 'May 2018'

2018-06-14 19:51:24 - [TEST_STEP][PASSED] - Statement - monthTextArray = monthText.split(" "): null

2018-06-14 19:51:24 - [TEST_STEP][PASSED] - Statement - month = monthTextArray[0]: null

2018-06-14 19:51:24 - [TEST_STEP][PASSED] - click: Object: 'Object Repository/ReportsPage/previousDateSelector' is clicked on

2018-06-14 19:51:24 - [MESSAGE][PASSED] - Object: 'Object Repository/ReportsPage/previousDateSelector' is clicked on

2018-06-14 19:51:24 - [TEST_STEP][PASSED] - Statement - monthText = com.kms.katalon.core.webui.keyword.WebUiBuiltInKeywords.getText(com.kms.katalon.core.testobject.ObjectRepository.findTestObject(ReportsPage/monthText)): Text of object 'Object Repository/ReportsPage/monthText' is: 'April 2018'

2018-06-14 19:51:24 - [MESSAGE][PASSED] - Text of object 'Object Repository/ReportsPage/monthText' is: 'April 2018'

2018-06-14 19:51:24 - [TEST_STEP][PASSED] - Statement - monthTextArray = monthText.split(" "): null

2018-06-14 19:51:24 - [TEST_STEP][PASSED] - Statement - month = monthTextArray[0]: null

2018-06-14 19:51:24 - [TEST_STEP][PASSED] - click: Object: 'Object Repository/ReportsPage/previousDateSelector' is clicked on

2018-06-14 19:51:24 - [MESSAGE][PASSED] - Object: 'Object Repository/ReportsPage/previousDateSelector' is clicked on

2018-06-14 19:51:24 - [TEST_STEP][PASSED] - Statement - monthText = com.kms.katalon.core.webui.keyword.WebUiBuiltInKeywords.getText(com.kms.katalon.core.testobject.ObjectRepository.findTestObject(ReportsPage/monthText)): Text of object 'Object Repository/ReportsPage/monthText' is: 'March 2018'

2018-06-14 19:51:25 - [MESSAGE][PASSED] - Text of object 'Object Repository/ReportsPage/monthText' is: 'March 2018'

2018-06-14 19:51:25 - [TEST_STEP][PASSED] - Statement - monthTextArray = monthText.split(" "): null

2018-06-14 19:51:25 - [TEST_STEP][PASSED] - Statement - month = monthTextArray[0]: null

2018-06-14 19:51:25 - [TEST_STEP][PASSED] - Statement - data = CustomKeywords.projectSpecific.Reusability.getTestData("ReportsPage", "StartDate"): projectSpecific.Reusability.getTestData is PASSED

2018-06-14 19:51:25 - [MESSAGE][PASSED] - projectSpecific.Reusability.getTestData is PASSED

2018-06-14 19:51:25 - [TEST_STEP][PASSED] - Statement - startDate = "(//td[text()='" + data + "'])[1]": null

2018-06-14 19:51:25 - [TEST_STEP][PASSED] - Statement - println(startDate): null

2018-06-14 19:51:25 - [TEST_STEP][PASSED] - Statement - startdateEle = driver.findElement(org.openqa.selenium.By.xpath(startDate)): null

2018-06-14 19:51:25 - [TEST_STEP][PASSED] - Statement - startdateEle.click(): null

2018-06-14 19:51:25 - [TEST_STEP][PASSED] - delay: Delayed 5 second(s)

2018-06-14 19:51:30 - [MESSAGE][PASSED] - Delayed 5 second(s)

2018-06-14 19:51:30 - [TEST_STEP][PASSED] - click: Object: 'Object Repository/ReportsPage/toDateSelector' is clicked on

2018-06-14 19:51:30 - [MESSAGE][PASSED] - Object: 'Object Repository/ReportsPage/toDateSelector' is clicked on

2018-06-14 19:51:30 - [TEST_STEP][PASSED] - Statement - monthText = com.kms.katalon.core.webui.keyword.WebUiBuiltInKeywords.getText(com.kms.katalon.core.testobject.ObjectRepository.findTestObject(ReportsPage/monthText2)): Text of object 'Object Repository/ReportsPage/monthText2' is: 'June 2018'

2018-06-14 19:51:30 - [MESSAGE][PASSED] - Text of object 'Object Repository/ReportsPage/monthText2' is: 'June 2018'

2018-06-14 19:51:30 - [TEST_STEP][PASSED] - Statement - monthTextArray = monthText.split(" "): null

2018-06-14 19:51:30 - [TEST_STEP][PASSED] - Statement - month = monthTextArray[0]: null

2018-06-14 19:51:30 - [TEST_STEP][PASSED] - Statement - monthTextValue_april = CustomKeywords.projectSpecific.Reusability.getTestData("ReportsPage", "Month_april"): projectSpecific.Reusability.getTestData is PASSED

2018-06-14 19:51:30 - [MESSAGE][PASSED] - projectSpecific.Reusability.getTestData is PASSED

2018-06-14 19:51:30 - [TEST_STEP][PASSED] - Statement - If (!(monthTextValue_april.equals(month))): null

2018-06-14 19:51:30 - [TEST_STEP][PASSED] - Statement - While (!(monthTextValue_april.equals(month))): null

2018-06-14 19:51:30 - [TEST_STEP][PASSED] - click: Object: 'Object Repository/ReportsPage/previousDateSelector2' is clicked on

2018-06-14 19:51:30 - [MESSAGE][PASSED] - Object: 'Object Repository/ReportsPage/previousDateSelector2' is clicked on

2018-06-14 19:51:30 - [TEST_STEP][PASSED] - Statement - monthText = com.kms.katalon.core.webui.keyword.WebUiBuiltInKeywords.getText(com.kms.katalon.core.testobject.ObjectRepository.findTestObject(ReportsPage/monthText2)): Text of object 'Object Repository/ReportsPage/monthText2' is: 'May 2018'

2018-06-14 19:51:30 - [MESSAGE][PASSED] - Text of object 'Object Repository/ReportsPage/monthText2' is: 'May 2018'

2018-06-14 19:51:30 - [TEST_STEP][PASSED] - Statement - monthTextArray = monthText.split(" "): null

2018-06-14 19:51:30 - [TEST_STEP][PASSED] - Statement - month = monthTextArray[0]: null

2018-06-14 19:51:30 - [TEST_STEP][PASSED] - click: Object: 'Object Repository/ReportsPage/previousDateSelector2' is clicked on

2018-06-14 19:51:30 - [MESSAGE][PASSED] - Object: 'Object Repository/ReportsPage/previousDateSelector2' is clicked on

2018-06-14 19:51:30 - [TEST_STEP][PASSED] - Statement - monthText = com.kms.katalon.core.webui.keyword.WebUiBuiltInKeywords.getText(com.kms.katalon.core.testobject.ObjectRepository.findTestObject(ReportsPage/monthText2)): Text of object 'Object Repository/ReportsPage/monthText2' is: 'April 2018'

2018-06-14 19:51:30 - [MESSAGE][PASSED] - Text of object 'Object Repository/ReportsPage/monthText2' is: 'April 2018'

2018-06-14 19:51:30 - [TEST_STEP][PASSED] - Statement - monthTextArray = monthText.split(" "): null

2018-06-14 19:51:30 - [TEST_STEP][PASSED] - Statement - month = monthTextArray[0]: null

2018-06-14 19:51:30 - [TEST_STEP][PASSED] - Statement - endDate = CustomKeywords.projectSpecific.Reusability.getTestData("ReportsPage", "enddate_april"): projectSpecific.Reusability.getTestData is PASSED

2018-06-14 19:51:30 - [MESSAGE][PASSED] - projectSpecific.Reusability.getTestData is PASSED

2018-06-14 19:51:30 - [TEST_STEP][PASSED] - delay: Delayed 10 second(s)

2018-06-14 19:51:40 - [MESSAGE][PASSED] - Delayed 10 second(s)

2018-06-14 19:51:40 - [TEST_STEP][PASSED] - Statement - toDate = "(//div[@class='rdtPicker']/div/table/tbody/tr/td[text()='" + endDate + "'])[3]": null

2018-06-14 19:51:40 - [TEST_STEP][PASSED] - Statement - toDateEle = driver.findElement(org.openqa.selenium.By.xpath(toDate)): null

2018-06-14 19:51:40 - [TEST_STEP][PASSED] - Statement - toDateEle.click(): null

2018-06-14 19:51:40 - [TEST_STEP][PASSED] - delay: Delayed 5 second(s)

2018-06-14 19:51:45 - [MESSAGE][PASSED] - Delayed 5 second(s)

2018-06-14 19:51:45 - [TEST_STEP][PASSED] - Statement - dateAttr = com.kms.katalon.core.webui.keyword.WebUiBuiltInKeywords.getAttribute(com.kms.katalon.core.testobject.ObjectRepository.findTestObject(ReportsPage/selectedDate1), "value"): Attribute 'value' of object 'Object Repository/ReportsPage/selectedDate1' is: '03/01/2018'

2018-06-14 19:51:45 - [MESSAGE][PASSED] - Attribute 'value' of object 'Object Repository/ReportsPage/selectedDate1' is: '03/01/2018'

2018-06-14 19:51:45 - [TEST_STEP][PASSED] - Statement - fromDateValue = CustomKeywords.projectSpecific.Reusability.getTestData("ReportsPage", "fromDate_march"): projectSpecific.Reusability.getTestData is PASSED

2018-06-14 19:51:45 - [MESSAGE][PASSED] - projectSpecific.Reusability.getTestData is PASSED

2018-06-14 19:51:45 - [TEST_STEP][PASSED] - Statement - If (!(dateAttr.equals(fromDateValue))): null

2018-06-14 19:51:45 - [TEST_STEP][PASSED] - Statement - dateAttr = com.kms.katalon.core.webui.keyword.WebUiBuiltInKeywords.getAttribute(com.kms.katalon.core.testobject.ObjectRepository.findTestObject(ReportsPage/selectedDate2), "value"): Attribute 'value' of object 'Object Repository/ReportsPage/selectedDate2' is: '04/02/2018'

2018-06-14 19:51:45 - [MESSAGE][PASSED] - Attribute 'value' of object 'Object Repository/ReportsPage/selectedDate2' is: '04/02/2018'

2018-06-14 19:51:45 - [TEST_STEP][PASSED] - Statement - toDateValue = CustomKeywords.projectSpecific.Reusability.getTestData("ReportsPage", "toDate8"): projectSpecific.Reusability.getTestData is PASSED

2018-06-14 19:51:45 - [MESSAGE][PASSED] - projectSpecific.Reusability.getTestData is PASSED

2018-06-14 19:51:45 - [TEST_STEP][PASSED] - Statement - If (!(dateAttr.equals(toDateValue))): Taking screenshot successfully

2018-06-14 19:51:45 - [TEST_STEP][PASSED] - Statement - If (TCflag): null

2018-06-14 19:51:45 - [TEST_STEP][PASSED] - Statement - println("to Date is not selected properly"): null

2018-06-14 19:51:45 - [TEST_STEP][PASSED] - takeScreenshot: Taking screenshot successfully

2018-06-14 19:51:45 - [MESSAGE][PASSED] - Taking screenshot successfully
[[ATTACHMENT|C:\\Users\\shalinin\\Katalon Studio\\HME_Scripts\\Reports\\RegressionSuite\\20180614_164441\\1528986105605.png]]

2018-06-14 19:51:45 - [TEST_STEP][PASSED] - uiaction.CommonUIActions.click: uiaction.CommonUIActions.click is PASSED

2018-06-14 19:51:45 - [MESSAGE][PASSED] - uiaction.CommonUIActions.click is PASSED

2018-06-14 19:51:45 - [TEST_STEP][PASSED] - Statement - opencheckbox = CustomKeywords.uiaction.CommonUIActions.isEnabled(com.kms.katalon.core.testobject.ObjectRepository.findTestObject(ReportsPage/Report_opencheckbox)): uiaction.CommonUIActions.isEnabled is PASSED

2018-06-14 19:51:45 - [MESSAGE][PASSED] - uiaction.CommonUIActions.isEnabled is PASSED

2018-06-14 19:51:45 - [TEST_STEP][PASSED] - Statement - If (!(opencheckbox)): null

2018-06-14 19:51:45 - [TEST_STEP][PASSED] - Statement - out.println("Open checkbox is checked bydefault"): null

2018-06-14 19:51:45 - [TEST_STEP][PASSED] - Statement - closecheckbox = CustomKeywords.uiaction.CommonUIActions.isEnabled(com.kms.katalon.core.testobject.ObjectRepository.findTestObject(ReportsPage/Report_closecheckbox)): uiaction.CommonUIActions.isEnabled is PASSED

2018-06-14 19:51:46 - [MESSAGE][PASSED] - uiaction.CommonUIActions.isEnabled is PASSED

2018-06-14 19:51:46 - [TEST_STEP][PASSED] - Statement - If (!(closecheckbox)): null

2018-06-14 19:51:46 - [TEST_STEP][PASSED] - Statement - out.println("Close checkbox is checked bydefault"): null

2018-06-14 19:51:46 - [TEST_STEP][PASSED] - uiaction.CommonUIActions.click: uiaction.CommonUIActions.click is PASSED

2018-06-14 19:51:46 - [MESSAGE][PASSED] - uiaction.CommonUIActions.click is PASSED

2018-06-14 19:51:46 - [TEST_STEP][PASSED] - uiaction.CommonUIActions.click: uiaction.CommonUIActions.click is PASSED

2018-06-14 19:51:46 - [MESSAGE][PASSED] - uiaction.CommonUIActions.click is PASSED

2018-06-14 19:51:46 - [TEST_STEP][PASSED] - verifyElementPresent: Object 'Object Repository/ReportsPage/advancedoption_am' is present

2018-06-14 19:51:46 - [MESSAGE][PASSED] - Object 'Object Repository/ReportsPage/advancedoption_am' is present

2018-06-14 19:51:46 - [TEST_STEP][PASSED] - verifyElementPresent: Object 'Object Repository/ReportsPage/advanceoptions_pm' is present

2018-06-14 19:51:46 - [MESSAGE][PASSED] - Object 'Object Repository/ReportsPage/advanceoptions_pm' is present

2018-06-14 19:51:46 - [TEST_STEP][PASSED] - Statement - open_am = CustomKeywords.uiaction.CommonUIActions.isEnabled(com.kms.katalon.core.testobject.ObjectRepository.findTestObject(ReportsPage/advancedoption_am)): uiaction.CommonUIActions.isEnabled is PASSED

2018-06-14 19:51:46 - [MESSAGE][PASSED] - uiaction.CommonUIActions.isEnabled is PASSED

2018-06-14 19:51:46 - [TEST_STEP][PASSED] - Statement - If (open_am): null

2018-06-14 19:51:46 - [TEST_STEP][PASSED] - Statement - out.println("AM Drop down boxes  enabled"): null

2018-06-14 19:51:46 - [TEST_STEP][PASSED] - Statement - open_pm = CustomKeywords.uiaction.CommonUIActions.isEnabled(com.kms.katalon.core.testobject.ObjectRepository.findTestObject(ReportsPage/advanceoptions_pm)): uiaction.CommonUIActions.isEnabled is PASSED

2018-06-14 19:51:46 - [MESSAGE][PASSED] - uiaction.CommonUIActions.isEnabled is PASSED

2018-06-14 19:51:46 - [TEST_STEP][PASSED] - Statement - If (open_pm): null

2018-06-14 19:51:46 - [TEST_STEP][PASSED] - Statement - out.println("PM Drop down boxes  enabled"): null

2018-06-14 19:51:46 - [TEST_STEP][PASSED] - uiaction.CommonUIActions.click: uiaction.CommonUIActions.click is PASSED

2018-06-14 19:51:46 - [MESSAGE][PASSED] - uiaction.CommonUIActions.click is PASSED

2018-06-14 19:51:46 - [TEST_STEP][PASSED] - uiaction.CommonUIActions.enter: uiaction.CommonUIActions.enter is PASSED

2018-06-14 19:51:46 - [MESSAGE][PASSED] - uiaction.CommonUIActions.enter is PASSED

2018-06-14 19:51:46 - [TEST_STEP][PASSED] - uiaction.CommonUIActions.click: uiaction.CommonUIActions.click is PASSED

2018-06-14 19:51:46 - [MESSAGE][PASSED] - uiaction.CommonUIActions.click is PASSED

2018-06-14 19:51:46 - [TEST_STEP][PASSED] - uiaction.CommonUIActions.click: uiaction.CommonUIActions.click is PASSED

2018-06-14 19:51:46 - [MESSAGE][PASSED] - uiaction.CommonUIActions.click is PASSED

2018-06-14 19:51:46 - [TEST_STEP][PASSED] - uiaction.CommonUIActions.click: uiaction.CommonUIActions.click is PASSED

2018-06-14 19:51:46 - [MESSAGE][PASSED] - uiaction.CommonUIActions.click is PASSED

2018-06-14 19:51:46 - [TEST_STEP][PASSED] - uiaction.CommonUIActions.click: uiaction.CommonUIActions.click is PASSED

2018-06-14 19:51:46 - [MESSAGE][PASSED] - uiaction.CommonUIActions.click is PASSED

2018-06-14 19:51:46 - [TEST_STEP][FAILED] - verifyElementPresent: com.kms.katalon.core.webui.exception.WebElementNotFoundException: Web element with id: 'Object Repository/ReportsPage/advancedoption_am' located by 'By.xpath: //li[contains(text(),'am')]' not found

2018-06-14 19:51:57 - [MESSAGE][FAILED] - com.kms.katalon.core.webui.exception.WebElementNotFoundException: Web element with id: 'Object Repository/ReportsPage/advancedoption_am' located by 'By.xpath: //li[contains(text(),'am')]' not found
[[ATTACHMENT|C:\\Users\\shalinin\\Katalon Studio\\HME_Scripts\\Reports\\RegressionSuite\\20180614_164441\\1528986116766.png]]

2018-06-14 19:51:57 - [TEST_STEP][FAILED] - verifyElementPresent: com.kms.katalon.core.webui.exception.WebElementNotFoundException: Web element with id: 'Object Repository/ReportsPage/advanceoptions_pm' located by 'By.xpath: //li[contains(text(),'pm')]' not found

2018-06-14 19:52:07 - [MESSAGE][FAILED] - com.kms.katalon.core.webui.exception.WebElementNotFoundException: Web element with id: 'Object Repository/ReportsPage/advanceoptions_pm' located by 'By.xpath: //li[contains(text(),'pm')]' not found
[[ATTACHMENT|C:\\Users\\shalinin\\Katalon Studio\\HME_Scripts\\Reports\\RegressionSuite\\20180614_164441\\1528986127186.png]]

2018-06-14 19:52:07 - [TEST_STEP][PASSED] - Statement - close_am = CustomKeywords.uiaction.CommonUIActions.isEnabled(com.kms.katalon.core.testobject.ObjectRepository.findTestObject(ReportsPage/advancedoption_am)): uiaction.CommonUIActions.isEnabled is PASSED

2018-06-14 19:52:27 - [MESSAGE][PASSED] - uiaction.CommonUIActions.isEnabled is PASSED

2018-06-14 19:52:27 - [TEST_STEP][PASSED] - Statement - If (close_am): null

2018-06-14 19:52:27 - [TEST_STEP][PASSED] - Statement - Else: null

2018-06-14 19:52:27 - [TEST_STEP][PASSED] - Statement - If (TCflag): null

2018-06-14 19:52:27 - [TEST_STEP][PASSED] - Statement - out.println("AM Drop down boxes not  enabled"): null

2018-06-14 19:52:27 - [TEST_STEP][PASSED] - Statement - close_pm = CustomKeywords.uiaction.CommonUIActions.isEnabled(com.kms.katalon.core.testobject.ObjectRepository.findTestObject(ReportsPage/advanceoptions_pm)): uiaction.CommonUIActions.isEnabled is PASSED

2018-06-14 19:52:48 - [MESSAGE][PASSED] - uiaction.CommonUIActions.isEnabled is PASSED

2018-06-14 19:52:48 - [TEST_STEP][PASSED] - Statement - If (close_pm): null

2018-06-14 19:52:48 - [TEST_STEP][PASSED] - Statement - Else: null

2018-06-14 19:52:48 - [TEST_STEP][PASSED] - Statement - If (TCflag): null

2018-06-14 19:52:48 - [TEST_STEP][PASSED] - Statement - out.println("PM Drop down boxes not  enabled"): null

2018-06-14 19:52:48 - [TEST_STEP][PASSED] - uiaction.CommonUIActions.click: uiaction.CommonUIActions.click is PASSED

2018-06-14 19:53:08 - [MESSAGE][PASSED] - uiaction.CommonUIActions.click is PASSED

2018-06-14 19:53:08 - [TEST_STEP][PASSED] - uiaction.CommonUIActions.enter: uiaction.CommonUIActions.enter is PASSED

2018-06-14 19:53:28 - [MESSAGE][PASSED] - uiaction.CommonUIActions.enter is PASSED

2018-06-14 19:53:28 - [TEST_STEP][PASSED] - uiaction.CommonUIActions.click: uiaction.CommonUIActions.click is PASSED

2018-06-14 19:53:28 - [MESSAGE][PASSED] - uiaction.CommonUIActions.click is PASSED

2018-06-14 19:53:28 - [TEST_STEP][PASSED] - uiaction.CommonUIActions.click: uiaction.CommonUIActions.click is PASSED

2018-06-14 19:53:28 - [MESSAGE][PASSED] - uiaction.CommonUIActions.click is PASSED

2018-06-14 19:53:28 - [TEST_STEP][PASSED] - delay: Delayed 5 second(s)

2018-06-14 19:53:33 - [MESSAGE][PASSED] - Delayed 5 second(s)

2018-06-14 19:53:33 - [TEST_STEP][PASSED] - uiaction.CommonUIActions.click: uiaction.CommonUIActions.click is PASSED

2018-06-14 19:53:34 - [MESSAGE][PASSED] - uiaction.CommonUIActions.click is PASSED

2018-06-14 19:53:34 - [TEST_STEP][PASSED] - delay: Delayed 10 second(s)

2018-06-14 19:53:44 - [MESSAGE][PASSED] - Delayed 10 second(s)

2018-06-14 19:53:44 - [TEST_STEP][PASSED] - click: Object: 'Object Repository/ReportsPage/generateReport' is clicked on

2018-06-14 19:53:44 - [MESSAGE][PASSED] - Object: 'Object Repository/ReportsPage/generateReport' is clicked on

2018-06-14 19:53:44 - [TEST_STEP][PASSED] - Statement - txt = com.kms.katalon.core.webui.keyword.WebUiBuiltInKeywords.getText(com.kms.katalon.core.testobject.ObjectRepository.findTestObject(ReportsPage/report_failure_alertmsg)): Text of object 'Object Repository/ReportsPage/report_failure_alertmsg' is: 'Date range invalid. For Day Reports select any 1 month period.'

2018-06-14 19:53:44 - [MESSAGE][PASSED] - Text of object 'Object Repository/ReportsPage/report_failure_alertmsg' is: 'Date range invalid. For Day Reports select any 1 month period.'

2018-06-14 19:53:44 - [TEST_STEP][PASSED] - verifyElementPresent: Object 'Object Repository/ReportsPage/report_failure_alertmsg' is present

2018-06-14 19:53:44 - [MESSAGE][PASSED] - Object 'Object Repository/ReportsPage/report_failure_alertmsg' is present

2018-06-14 19:53:44 - [TEST_STEP][PASSED] - delay: Delayed 5 second(s)

2018-06-14 19:53:49 - [MESSAGE][PASSED] - Delayed 5 second(s)

2018-06-14 19:53:49 - [TEST_STEP][PASSED] - uiaction.CommonUIActions.click: uiaction.CommonUIActions.click is PASSED

2018-06-14 19:53:52 - [MESSAGE][PASSED] - uiaction.CommonUIActions.click is PASSED

2018-06-14 19:53:52 - [TEST_STEP][PASSED] - uiaction.CommonUIActions.click: uiaction.CommonUIActions.click is PASSED

2018-06-14 19:54:04 - [MESSAGE][PASSED] - uiaction.CommonUIActions.click is PASSED

2018-06-14 19:54:04 - [TEST_STEP][PASSED] - uiaction.CommonUIActions.click: uiaction.CommonUIActions.click is PASSED

2018-06-14 19:54:04 - [MESSAGE][PASSED] - uiaction.CommonUIActions.click is PASSED

2018-06-14 19:54:04 - [TEST_STEP][PASSED] - delay: Delayed 5 second(s)

2018-06-14 19:54:09 - [MESSAGE][PASSED] - Delayed 5 second(s)

2018-06-14 19:54:09 - [TEST_STEP][PASSED] - uiaction.CommonUIActions.click: uiaction.CommonUIActions.click is PASSED

2018-06-14 19:54:09 - [MESSAGE][PASSED] - uiaction.CommonUIActions.click is PASSED

2018-06-14 19:54:09 - [TEST_STEP][PASSED] - delay: Delayed 10 second(s)

2018-06-14 19:54:19 - [MESSAGE][PASSED] - Delayed 10 second(s)

2018-06-14 19:54:19 - [TEST_STEP][PASSED] - uiaction.CommonUIActions.click: uiaction.CommonUIActions.click is PASSED

2018-06-14 19:54:19 - [MESSAGE][PASSED] - uiaction.CommonUIActions.click is PASSED

2018-06-14 19:54:19 - [TEST_STEP][PASSED] - delay: Delayed 10 second(s)

2018-06-14 19:54:29 - [MESSAGE][PASSED] - Delayed 10 second(s)

2018-06-14 19:54:29 - [TEST_STEP][PASSED] - uiaction.CommonUIActions.click: uiaction.CommonUIActions.click is PASSED

2018-06-14 19:54:29 - [MESSAGE][PASSED] - uiaction.CommonUIActions.click is PASSED

2018-06-14 19:54:29 - [TEST_STEP][PASSED] - delay: Delayed 5 second(s)

2018-06-14 19:54:34 - [MESSAGE][PASSED] - Delayed 5 second(s)

2018-06-14 19:54:34 - [TEST_STEP][PASSED] - uiaction.CommonUIActions.click: uiaction.CommonUIActions.click is PASSED

2018-06-14 19:54:38 - [MESSAGE][PASSED] - uiaction.CommonUIActions.click is PASSED

2018-06-14 19:54:38 - [TEST_STEP][PASSED] - Statement - assert TCflag == true: null

2018-06-14 19:54:38 - [TEST_STEP][PASSED] - Start listener action : sampleAfterTestCase: Browser is closed

2018-06-14 19:54:38 - [TEST_STEP][PASSED] - Statement - println(testCaseContext.getTestCaseId()): null

2018-06-14 19:54:38 - [TEST_STEP][PASSED] - Statement - println(testCaseContext.getTestCaseStatus()): null

2018-06-14 19:54:38 - [TEST_STEP][PASSED] - closeBrowser: Browser is closed

2018-06-14 19:54:39 - [MESSAGE][PASSED] - Browser is closed]]></system-out>
         <system-err><![CDATA[2018-06-14 19:49:20 - [TEST_CASE][FAILED] - Test Cases/SummaryReportsTC/HME-Summary Report-11: Test Cases/SummaryReportsTC/HME-Summary Report-11 FAILED because (of) com.kms.katalon.core.webui.exception.WebElementNotFoundException: Web element with id: 'Object Repository/ReportsPage/advancedoption_am' located by 'By.xpath: //li[contains(text(),'am')]' not found]]></system-err>
      </testcase>
      <testcase name="Test Cases/SummaryReportsTC/HME-Summary Report-12" classname="Test Cases/SummaryReportsTC/HME-Summary Report-12" status="FAILED">
         <failure type="FAILED" message="com.kms.katalon.core.webui.exception.WebElementNotFoundException: Web element with id: 'Object Repository/ReportsPage/advancedoption_am' located by 'By.xpath: //li[contains(text(),'am')]' not found"/>
         <system-out><![CDATA[2018-06-14 19:54:39 - [TEST_CASE][FAILED] - Test Cases/SummaryReportsTC/HME-Summary Report-12: Test Cases/SummaryReportsTC/HME-Summary Report-12 FAILED because (of) com.kms.katalon.core.webui.exception.WebElementNotFoundException: Web element with id: 'Object Repository/ReportsPage/advancedoption_am' located by 'By.xpath: //li[contains(text(),'am')]' not found

2018-06-14 19:54:39 - [TEST_STEP][PASSED] - Start listener action : sampleBeforeTestCase: uiaction.CommonUIActions.deleteAllCookies is PASSED

2018-06-14 19:54:39 - [TEST_STEP][PASSED] - openBrowser: Browser is opened with url: ''

2018-06-14 19:54:41 - [MESSAGE][PASSED] - Browser is opened with url: ''

2018-06-14 19:54:41 - [TEST_STEP][PASSED] - maximizeWindow: Current window maximized

2018-06-14 19:54:42 - [MESSAGE][PASSED] - Current window maximized

2018-06-14 19:54:42 - [TEST_STEP][PASSED] - uiaction.CommonUIActions.deleteAllCookies: uiaction.CommonUIActions.deleteAllCookies is PASSED

2018-06-14 19:54:42 - [MESSAGE][PASSED] - Delete all cookies successfully

2018-06-14 19:54:42 - [MESSAGE][PASSED] - uiaction.CommonUIActions.deleteAllCookies is PASSED

2018-06-14 19:54:42 - [TEST_STEP][PASSED] - Statement - TCflag = true: null

2018-06-14 19:54:42 - [TEST_STEP][FAILED] - Statement - Try: uiaction.CommonUIActions.click is PASSED

2018-06-14 19:54:42 - [TEST_STEP][PASSED] - navigateToUrl: Navigate to 'https://hme-dev-public-cloud-app.azurewebsites.net/' successfully

2018-06-14 19:54:45 - [MESSAGE][PASSED] - Navigate to 'https://hme-dev-public-cloud-app.azurewebsites.net/' successfully

2018-06-14 19:54:45 - [TEST_STEP][PASSED] - delay: Delayed 10 second(s)

2018-06-14 19:54:55 - [MESSAGE][PASSED] - Delayed 10 second(s)

2018-06-14 19:54:55 - [TEST_STEP][PASSED] - projectSpecific.Reusability.login: projectSpecific.Reusability.login is PASSED

2018-06-14 19:54:55 - [MESSAGE][PASSED] - projectSpecific.Reusability.getTestData is PASSED

2018-06-14 19:54:55 - [MESSAGE][PASSED] - projectSpecific.Reusability.getTestData is PASSED

2018-06-14 19:54:55 - [MESSAGE][PASSED] - Text 'selvendrank@nousinfo.com' is set on object 'Object Repository/LoginPage/Username'

2018-06-14 19:54:55 - [MESSAGE][PASSED] - Text 'nous;123' is set on object 'Object Repository/LoginPage/Password'

2018-06-14 19:54:55 - [MESSAGE][PASSED] - Object: 'Object Repository/LoginPage/Login' is clicked on

2018-06-14 19:54:55 - [MESSAGE][PASSED] - projectSpecific.Reusability.login is PASSED

2018-06-14 19:54:55 - [TEST_STEP][PASSED] - delay: Delayed 10 second(s)

2018-06-14 19:55:05 - [MESSAGE][PASSED] - Delayed 10 second(s)

2018-06-14 19:55:05 - [TEST_STEP][PASSED] - Statement - driver = com.kms.katalon.core.webui.driver.DriverFactory.getWebDriver(): null

2018-06-14 19:55:05 - [TEST_STEP][PASSED] - delay: Delayed 10 second(s)

2018-06-14 19:55:15 - [MESSAGE][PASSED] - Delayed 10 second(s)

2018-06-14 19:55:15 - [TEST_STEP][PASSED] - uiaction.CommonUIActions.click: uiaction.CommonUIActions.click is PASSED

2018-06-14 19:55:17 - [MESSAGE][PASSED] - uiaction.CommonUIActions.click is PASSED

2018-06-14 19:55:17 - [TEST_STEP][PASSED] - uiaction.CommonUIActions.click: uiaction.CommonUIActions.click is PASSED

2018-06-14 19:55:28 - [MESSAGE][PASSED] - uiaction.CommonUIActions.click is PASSED

2018-06-14 19:55:28 - [TEST_STEP][PASSED] - uiaction.CommonUIActions.click: uiaction.CommonUIActions.click is PASSED

2018-06-14 19:55:30 - [MESSAGE][PASSED] - uiaction.CommonUIActions.click is PASSED

2018-06-14 19:55:30 - [TEST_STEP][PASSED] - uiaction.CommonUIActions.click: uiaction.CommonUIActions.click is PASSED

2018-06-14 19:55:30 - [MESSAGE][PASSED] - uiaction.CommonUIActions.click is PASSED

2018-06-14 19:55:30 - [TEST_STEP][PASSED] - Statement - grpName = "Grp250": null

2018-06-14 19:55:30 - [TEST_STEP][PASSED] - uiaction.CommonUIActions.enter: uiaction.CommonUIActions.enter is PASSED

2018-06-14 19:55:30 - [MESSAGE][PASSED] - uiaction.CommonUIActions.enter is PASSED

2018-06-14 19:55:30 - [TEST_STEP][PASSED] - uiaction.CommonUIActions.enter: uiaction.CommonUIActions.enter is PASSED

2018-06-14 19:55:30 - [MESSAGE][PASSED] - projectSpecific.Reusability.getTestData is PASSED

2018-06-14 19:55:30 - [MESSAGE][PASSED] - uiaction.CommonUIActions.enter is PASSED

2018-06-14 19:55:30 - [TEST_STEP][PASSED] - delay: Delayed 10 second(s)

2018-06-14 19:55:40 - [MESSAGE][PASSED] - Delayed 10 second(s)

2018-06-14 19:55:40 - [TEST_STEP][PASSED] - Statement - storesLabel = driver.findElements(org.openqa.selenium.By.xpath(com.kms.katalon.core.testdata.TestDataFactory.findTestData(OR_file).getValue(2, 10))): Reading excel file with source file 'C:\Users\shalinin\Katalon Studio\HME_Scripts\Data Files\HME_OR.xlsx' and sheet name 'Sheet1'

2018-06-14 19:55:40 - [TEST_STEP][PASSED] - Statement - groupStoresList = new java.util.ArrayList(): null

2018-06-14 19:55:40 - [TEST_STEP][PASSED] - Statement - out.println(storesLabel.size()): null

2018-06-14 19:55:40 - [TEST_STEP][PASSED] - Statement - size = storesLabel.size(): null

2018-06-14 19:55:40 - [TEST_STEP][PASSED] - Statement - index = 0: null

2018-06-14 19:55:40 - [TEST_STEP][PASSED] - Statement - pattern = java.util.regex.Pattern.compile("[0-9]+"): null

2018-06-14 19:55:40 - [TEST_STEP][PASSED] - Statement - count = 0: null

2018-06-14 19:55:40 - [TEST_STEP][PASSED] - Statement - For ([i = 0, i < storesLabel.size(), (i++)]): null

2018-06-14 19:55:40 - [TEST_STEP][PASSED] - Statement - txt = storesLabel.get(i).getText(): null

2018-06-14 19:55:40 - [TEST_STEP][PASSED] - Statement - index = i + 1: null

2018-06-14 19:55:40 - [TEST_STEP][PASSED] - Statement - matched = pattern.matcher(txt).matches(): null

2018-06-14 19:55:40 - [TEST_STEP][PASSED] - Statement - If (matched): null

2018-06-14 19:55:40 - [TEST_STEP][PASSED] - Statement - txt = storesLabel.get(i).getText(): null

2018-06-14 19:55:40 - [TEST_STEP][PASSED] - Statement - index = i + 1: null

2018-06-14 19:55:40 - [TEST_STEP][PASSED] - Statement - matched = pattern.matcher(txt).matches(): null

2018-06-14 19:55:40 - [TEST_STEP][PASSED] - Statement - If (matched): null

2018-06-14 19:55:40 - [TEST_STEP][PASSED] - Statement - txt = storesLabel.get(i).getText(): null

2018-06-14 19:55:40 - [TEST_STEP][PASSED] - Statement - index = i + 1: null

2018-06-14 19:55:40 - [TEST_STEP][PASSED] - Statement - matched = pattern.matcher(txt).matches(): null

2018-06-14 19:55:40 - [TEST_STEP][PASSED] - Statement - If (matched): null

2018-06-14 19:55:40 - [TEST_STEP][PASSED] - Statement - txt = storesLabel.get(i).getText(): null

2018-06-14 19:55:40 - [TEST_STEP][PASSED] - Statement - index = i + 1: null

2018-06-14 19:55:40 - [TEST_STEP][PASSED] - Statement - matched = pattern.matcher(txt).matches(): null

2018-06-14 19:55:40 - [TEST_STEP][PASSED] - Statement - If (matched): null

2018-06-14 19:55:40 - [TEST_STEP][PASSED] - Statement - txt = storesLabel.get(i).getText(): null

2018-06-14 19:55:40 - [TEST_STEP][PASSED] - Statement - index = i + 1: null

2018-06-14 19:55:40 - [TEST_STEP][PASSED] - Statement - matched = pattern.matcher(txt).matches(): null

2018-06-14 19:55:40 - [TEST_STEP][PASSED] - Statement - If (matched): null

2018-06-14 19:55:40 - [TEST_STEP][PASSED] - Statement - txt = storesLabel.get(i).getText(): null

2018-06-14 19:55:40 - [TEST_STEP][PASSED] - Statement - index = i + 1: null

2018-06-14 19:55:40 - [TEST_STEP][PASSED] - Statement - matched = pattern.matcher(txt).matches(): null

2018-06-14 19:55:40 - [TEST_STEP][PASSED] - Statement - If (matched): null

2018-06-14 19:55:40 - [TEST_STEP][PASSED] - Statement - txt = storesLabel.get(i).getText(): null

2018-06-14 19:55:40 - [TEST_STEP][PASSED] - Statement - index = i + 1: null

2018-06-14 19:55:40 - [TEST_STEP][PASSED] - Statement - matched = pattern.matcher(txt).matches(): null

2018-06-14 19:55:40 - [TEST_STEP][PASSED] - Statement - If (matched): null

2018-06-14 19:55:40 - [TEST_STEP][PASSED] - Statement - txt = storesLabel.get(i).getText(): null

2018-06-14 19:55:40 - [TEST_STEP][PASSED] - Statement - index = i + 1: null

2018-06-14 19:55:40 - [TEST_STEP][PASSED] - Statement - matched = pattern.matcher(txt).matches(): null

2018-06-14 19:55:40 - [TEST_STEP][PASSED] - Statement - If (matched): null

2018-06-14 19:55:40 - [TEST_STEP][PASSED] - Statement - txt = storesLabel.get(i).getText(): null

2018-06-14 19:55:40 - [TEST_STEP][PASSED] - Statement - index = i + 1: null

2018-06-14 19:55:40 - [TEST_STEP][PASSED] - Statement - matched = pattern.matcher(txt).matches(): null

2018-06-14 19:55:40 - [TEST_STEP][PASSED] - Statement - If (matched): null

2018-06-14 19:55:40 - [TEST_STEP][PASSED] - Statement - txt = storesLabel.get(i).getText(): null

2018-06-14 19:55:40 - [TEST_STEP][PASSED] - Statement - index = i + 1: null

2018-06-14 19:55:40 - [TEST_STEP][PASSED] - Statement - matched = pattern.matcher(txt).matches(): null

2018-06-14 19:55:40 - [TEST_STEP][PASSED] - Statement - If (matched): null

2018-06-14 19:55:40 - [TEST_STEP][PASSED] - Statement - txt = storesLabel.get(i).getText(): null

2018-06-14 19:55:40 - [TEST_STEP][PASSED] - Statement - index = i + 1: null

2018-06-14 19:55:40 - [TEST_STEP][PASSED] - Statement - matched = pattern.matcher(txt).matches(): null

2018-06-14 19:55:40 - [TEST_STEP][PASSED] - Statement - If (matched): null

2018-06-14 19:55:40 - [TEST_STEP][PASSED] - Statement - txt = storesLabel.get(i).getText(): null

2018-06-14 19:55:40 - [TEST_STEP][PASSED] - Statement - index = i + 1: null

2018-06-14 19:55:40 - [TEST_STEP][PASSED] - Statement - matched = pattern.matcher(txt).matches(): null

2018-06-14 19:55:40 - [TEST_STEP][PASSED] - Statement - If (matched): null

2018-06-14 19:55:40 - [TEST_STEP][PASSED] - Statement - txt = storesLabel.get(i).getText(): null

2018-06-14 19:55:40 - [TEST_STEP][PASSED] - Statement - index = i + 1: null

2018-06-14 19:55:40 - [TEST_STEP][PASSED] - Statement - matched = pattern.matcher(txt).matches(): null

2018-06-14 19:55:40 - [TEST_STEP][PASSED] - Statement - If (matched): null

2018-06-14 19:55:40 - [TEST_STEP][PASSED] - Statement - txt = storesLabel.get(i).getText(): null

2018-06-14 19:55:40 - [TEST_STEP][PASSED] - Statement - index = i + 1: null

2018-06-14 19:55:40 - [TEST_STEP][PASSED] - Statement - matched = pattern.matcher(txt).matches(): null

2018-06-14 19:55:40 - [TEST_STEP][PASSED] - Statement - If (matched): null

2018-06-14 19:55:40 - [TEST_STEP][PASSED] - Statement - txt = storesLabel.get(i).getText(): null

2018-06-14 19:55:40 - [TEST_STEP][PASSED] - Statement - index = i + 1: null

2018-06-14 19:55:40 - [TEST_STEP][PASSED] - Statement - matched = pattern.matcher(txt).matches(): null

2018-06-14 19:55:40 - [TEST_STEP][PASSED] - Statement - If (matched): null

2018-06-14 19:55:40 - [TEST_STEP][PASSED] - Statement - txt = storesLabel.get(i).getText(): null

2018-06-14 19:55:40 - [TEST_STEP][PASSED] - Statement - index = i + 1: null

2018-06-14 19:55:40 - [TEST_STEP][PASSED] - Statement - matched = pattern.matcher(txt).matches(): null

2018-06-14 19:55:40 - [TEST_STEP][PASSED] - Statement - If (matched): null

2018-06-14 19:55:40 - [TEST_STEP][PASSED] - Statement - txt = storesLabel.get(i).getText(): null

2018-06-14 19:55:40 - [TEST_STEP][PASSED] - Statement - index = i + 1: null

2018-06-14 19:55:40 - [TEST_STEP][PASSED] - Statement - matched = pattern.matcher(txt).matches(): null

2018-06-14 19:55:40 - [TEST_STEP][PASSED] - Statement - If (matched): null

2018-06-14 19:55:40 - [TEST_STEP][PASSED] - Statement - txt = storesLabel.get(i).getText(): null

2018-06-14 19:55:40 - [TEST_STEP][PASSED] - Statement - index = i + 1: null

2018-06-14 19:55:40 - [TEST_STEP][PASSED] - Statement - matched = pattern.matcher(txt).matches(): null

2018-06-14 19:55:40 - [TEST_STEP][PASSED] - Statement - If (matched): null

2018-06-14 19:55:40 - [TEST_STEP][PASSED] - Statement - driver.findElement(org.openqa.selenium.By.xpath("(//ul[@class='unlinked-grouplist']/li/label)[" + index + "]")).click(): null

2018-06-14 19:55:40 - [TEST_STEP][PASSED] - Statement - (count++): null

2018-06-14 19:55:40 - [TEST_STEP][PASSED] - Statement - If (count > 249): null

2018-06-14 19:55:40 - [TEST_STEP][PASSED] - Statement - txt = storesLabel.get(i).getText(): null

2018-06-14 19:55:40 - [TEST_STEP][PASSED] - Statement - index = i + 1: null

2018-06-14 19:55:40 - [TEST_STEP][PASSED] - Statement - matched = pattern.matcher(txt).matches(): null

2018-06-14 19:55:40 - [TEST_STEP][PASSED] - Statement - If (matched): null

2018-06-14 19:55:40 - [TEST_STEP][PASSED] - Statement - driver.findElement(org.openqa.selenium.By.xpath("(//ul[@class='unlinked-grouplist']/li/label)[" + index + "]")).click(): null

2018-06-14 19:55:40 - [TEST_STEP][PASSED] - Statement - (count++): null

2018-06-14 19:55:40 - [TEST_STEP][PASSED] - Statement - If (count > 249): null

2018-06-14 19:55:40 - [TEST_STEP][PASSED] - Statement - txt = storesLabel.get(i).getText(): null

2018-06-14 19:55:40 - [TEST_STEP][PASSED] - Statement - index = i + 1: null

2018-06-14 19:55:40 - [TEST_STEP][PASSED] - Statement - matched = pattern.matcher(txt).matches(): null

2018-06-14 19:55:40 - [TEST_STEP][PASSED] - Statement - If (matched): null

2018-06-14 19:55:40 - [TEST_STEP][PASSED] - Statement - driver.findElement(org.openqa.selenium.By.xpath("(//ul[@class='unlinked-grouplist']/li/label)[" + index + "]")).click(): null

2018-06-14 19:55:40 - [TEST_STEP][PASSED] - Statement - (count++): null

2018-06-14 19:55:40 - [TEST_STEP][PASSED] - Statement - If (count > 249): null

2018-06-14 19:55:40 - [TEST_STEP][PASSED] - Statement - txt = storesLabel.get(i).getText(): null

2018-06-14 19:55:40 - [TEST_STEP][PASSED] - Statement - index = i + 1: null

2018-06-14 19:55:40 - [TEST_STEP][PASSED] - Statement - matched = pattern.matcher(txt).matches(): null

2018-06-14 19:55:40 - [TEST_STEP][PASSED] - Statement - If (matched): null

2018-06-14 19:55:40 - [TEST_STEP][PASSED] - Statement - driver.findElement(org.openqa.selenium.By.xpath("(//ul[@class='unlinked-grouplist']/li/label)[" + index + "]")).click(): null

2018-06-14 19:55:41 - [TEST_STEP][PASSED] - Statement - (count++): null

2018-06-14 19:55:41 - [TEST_STEP][PASSED] - Statement - If (count > 249): null

2018-06-14 19:55:41 - [TEST_STEP][PASSED] - Statement - txt = storesLabel.get(i).getText(): null

2018-06-14 19:55:41 - [TEST_STEP][PASSED] - Statement - index = i + 1: null

2018-06-14 19:55:41 - [TEST_STEP][PASSED] - Statement - matched = pattern.matcher(txt).matches(): null

2018-06-14 19:55:41 - [TEST_STEP][PASSED] - Statement - If (matched): null

2018-06-14 19:55:41 - [TEST_STEP][PASSED] - Statement - driver.findElement(org.openqa.selenium.By.xpath("(//ul[@class='unlinked-grouplist']/li/label)[" + index + "]")).click(): null

2018-06-14 19:55:41 - [TEST_STEP][PASSED] - Statement - (count++): null

2018-06-14 19:55:41 - [TEST_STEP][PASSED] - Statement - If (count > 249): null

2018-06-14 19:55:41 - [TEST_STEP][PASSED] - Statement - txt = storesLabel.get(i).getText(): null

2018-06-14 19:55:41 - [TEST_STEP][PASSED] - Statement - index = i + 1: null

2018-06-14 19:55:41 - [TEST_STEP][PASSED] - Statement - matched = pattern.matcher(txt).matches(): null

2018-06-14 19:55:41 - [TEST_STEP][PASSED] - Statement - If (matched): null

2018-06-14 19:55:41 - [TEST_STEP][PASSED] - Statement - driver.findElement(org.openqa.selenium.By.xpath("(//ul[@class='unlinked-grouplist']/li/label)[" + index + "]")).click(): null

2018-06-14 19:55:41 - [TEST_STEP][PASSED] - Statement - (count++): null

2018-06-14 19:55:41 - [TEST_STEP][PASSED] - Statement - If (count > 249): null

2018-06-14 19:55:41 - [TEST_STEP][PASSED] - Statement - txt = storesLabel.get(i).getText(): null

2018-06-14 19:55:41 - [TEST_STEP][PASSED] - Statement - index = i + 1: null

2018-06-14 19:55:41 - [TEST_STEP][PASSED] - Statement - matched = pattern.matcher(txt).matches(): null

2018-06-14 19:55:41 - [TEST_STEP][PASSED] - Statement - If (matched): null

2018-06-14 19:55:41 - [TEST_STEP][PASSED] - Statement - driver.findElement(org.openqa.selenium.By.xpath("(//ul[@class='unlinked-grouplist']/li/label)[" + index + "]")).click(): null

2018-06-14 19:55:41 - [TEST_STEP][PASSED] - Statement - (count++): null

2018-06-14 19:55:41 - [TEST_STEP][PASSED] - Statement - If (count > 249): null

2018-06-14 19:55:41 - [TEST_STEP][PASSED] - Statement - txt = storesLabel.get(i).getText(): null

2018-06-14 19:55:41 - [TEST_STEP][PASSED] - Statement - index = i + 1: null

2018-06-14 19:55:41 - [TEST_STEP][PASSED] - Statement - matched = pattern.matcher(txt).matches(): null

2018-06-14 19:55:41 - [TEST_STEP][PASSED] - Statement - If (matched): null

2018-06-14 19:55:41 - [TEST_STEP][PASSED] - Statement - driver.findElement(org.openqa.selenium.By.xpath("(//ul[@class='unlinked-grouplist']/li/label)[" + index + "]")).click(): null

2018-06-14 19:55:41 - [TEST_STEP][PASSED] - Statement - (count++): null

2018-06-14 19:55:41 - [TEST_STEP][PASSED] - Statement - If (count > 249): null

2018-06-14 19:55:41 - [TEST_STEP][PASSED] - Statement - txt = storesLabel.get(i).getText(): null

2018-06-14 19:55:41 - [TEST_STEP][PASSED] - Statement - index = i + 1: null

2018-06-14 19:55:41 - [TEST_STEP][PASSED] - Statement - matched = pattern.matcher(txt).matches(): null

2018-06-14 19:55:41 - [TEST_STEP][PASSED] - Statement - If (matched): null

2018-06-14 19:55:41 - [TEST_STEP][PASSED] - Statement - driver.findElement(org.openqa.selenium.By.xpath("(//ul[@class='unlinked-grouplist']/li/label)[" + index + "]")).click(): null

2018-06-14 19:55:41 - [TEST_STEP][PASSED] - Statement - (count++): null

2018-06-14 19:55:41 - [TEST_STEP][PASSED] - Statement - If (count > 249): null

2018-06-14 19:55:41 - [TEST_STEP][PASSED] - Statement - txt = storesLabel.get(i).getText(): null

2018-06-14 19:55:41 - [TEST_STEP][PASSED] - Statement - index = i + 1: null

2018-06-14 19:55:41 - [TEST_STEP][PASSED] - Statement - matched = pattern.matcher(txt).matches(): null

2018-06-14 19:55:41 - [TEST_STEP][PASSED] - Statement - If (matched): null

2018-06-14 19:55:41 - [TEST_STEP][PASSED] - Statement - driver.findElement(org.openqa.selenium.By.xpath("(//ul[@class='unlinked-grouplist']/li/label)[" + index + "]")).click(): null

2018-06-14 19:55:41 - [TEST_STEP][PASSED] - Statement - (count++): null

2018-06-14 19:55:41 - [TEST_STEP][PASSED] - Statement - If (count > 249): null

2018-06-14 19:55:41 - [TEST_STEP][PASSED] - Statement - txt = storesLabel.get(i).getText(): null

2018-06-14 19:55:41 - [TEST_STEP][PASSED] - Statement - index = i + 1: null

2018-06-14 19:55:41 - [TEST_STEP][PASSED] - Statement - matched = pattern.matcher(txt).matches(): null

2018-06-14 19:55:41 - [TEST_STEP][PASSED] - Statement - If (matched): null

2018-06-14 19:55:41 - [TEST_STEP][PASSED] - Statement - driver.findElement(org.openqa.selenium.By.xpath("(//ul[@class='unlinked-grouplist']/li/label)[" + index + "]")).click(): null

2018-06-14 19:55:41 - [TEST_STEP][PASSED] - Statement - (count++): null

2018-06-14 19:55:41 - [TEST_STEP][PASSED] - Statement - If (count > 249): null

2018-06-14 19:55:41 - [TEST_STEP][PASSED] - Statement - txt = storesLabel.get(i).getText(): null

2018-06-14 19:55:41 - [TEST_STEP][PASSED] - Statement - index = i + 1: null

2018-06-14 19:55:41 - [TEST_STEP][PASSED] - Statement - matched = pattern.matcher(txt).matches(): null

2018-06-14 19:55:41 - [TEST_STEP][PASSED] - Statement - If (matched): null

2018-06-14 19:55:41 - [TEST_STEP][PASSED] - Statement - driver.findElement(org.openqa.selenium.By.xpath("(//ul[@class='unlinked-grouplist']/li/label)[" + index + "]")).click(): null

2018-06-14 19:55:41 - [TEST_STEP][PASSED] - Statement - (count++): null

2018-06-14 19:55:41 - [TEST_STEP][PASSED] - Statement - If (count > 249): null

2018-06-14 19:55:41 - [TEST_STEP][PASSED] - Statement - txt = storesLabel.get(i).getText(): null

2018-06-14 19:55:41 - [TEST_STEP][PASSED] - Statement - index = i + 1: null

2018-06-14 19:55:41 - [TEST_STEP][PASSED] - Statement - matched = pattern.matcher(txt).matches(): null

2018-06-14 19:55:41 - [TEST_STEP][PASSED] - Statement - If (matched): null

2018-06-14 19:55:41 - [TEST_STEP][PASSED] - Statement - driver.findElement(org.openqa.selenium.By.xpath("(//ul[@class='unlinked-grouplist']/li/label)[" + index + "]")).click(): null

2018-06-14 19:55:41 - [TEST_STEP][PASSED] - Statement - (count++): null

2018-06-14 19:55:41 - [TEST_STEP][PASSED] - Statement - If (count > 249): null

2018-06-14 19:55:41 - [TEST_STEP][PASSED] - Statement - txt = storesLabel.get(i).getText(): null

2018-06-14 19:55:41 - [TEST_STEP][PASSED] - Statement - index = i + 1: null

2018-06-14 19:55:41 - [TEST_STEP][PASSED] - Statement - matched = pattern.matcher(txt).matches(): null

2018-06-14 19:55:41 - [TEST_STEP][PASSED] - Statement - If (matched): null

2018-06-14 19:55:41 - [TEST_STEP][PASSED] - Statement - driver.findElement(org.openqa.selenium.By.xpath("(//ul[@class='unlinked-grouplist']/li/label)[" + index + "]")).click(): null

2018-06-14 19:55:41 - [TEST_STEP][PASSED] - Statement - (count++): null

2018-06-14 19:55:41 - [TEST_STEP][PASSED] - Statement - If (count > 249): null

2018-06-14 19:55:41 - [TEST_STEP][PASSED] - Statement - txt = storesLabel.get(i).getText(): null

2018-06-14 19:55:41 - [TEST_STEP][PASSED] - Statement - index = i + 1: null

2018-06-14 19:55:41 - [TEST_STEP][PASSED] - Statement - matched = pattern.matcher(txt).matches(): null

2018-06-14 19:55:41 - [TEST_STEP][PASSED] - Statement - If (matched): null

2018-06-14 19:55:41 - [TEST_STEP][PASSED] - Statement - driver.findElement(org.openqa.selenium.By.xpath("(//ul[@class='unlinked-grouplist']/li/label)[" + index + "]")).click(): null

2018-06-14 19:55:41 - [TEST_STEP][PASSED] - Statement - (count++): null

2018-06-14 19:55:41 - [TEST_STEP][PASSED] - Statement - If (count > 249): null

2018-06-14 19:55:41 - [TEST_STEP][PASSED] - Statement - txt = storesLabel.get(i).getText(): null

2018-06-14 19:55:41 - [TEST_STEP][PASSED] - Statement - index = i + 1: null

2018-06-14 19:55:41 - [TEST_STEP][PASSED] - Statement - matched = pattern.matcher(txt).matches(): null

2018-06-14 19:55:41 - [TEST_STEP][PASSED] - Statement - If (matched): null

2018-06-14 19:55:41 - [TEST_STEP][PASSED] - Statement - driver.findElement(org.openqa.selenium.By.xpath("(//ul[@class='unlinked-grouplist']/li/label)[" + index + "]")).click(): null

2018-06-14 19:55:41 - [TEST_STEP][PASSED] - Statement - (count++): null

2018-06-14 19:55:41 - [TEST_STEP][PASSED] - Statement - If (count > 249): null

2018-06-14 19:55:41 - [TEST_STEP][PASSED] - Statement - txt = storesLabel.get(i).getText(): null

2018-06-14 19:55:41 - [TEST_STEP][PASSED] - Statement - index = i + 1: null

2018-06-14 19:55:41 - [TEST_STEP][PASSED] - Statement - matched = pattern.matcher(txt).matches(): null

2018-06-14 19:55:41 - [TEST_STEP][PASSED] - Statement - If (matched): null

2018-06-14 19:55:41 - [TEST_STEP][PASSED] - Statement - driver.findElement(org.openqa.selenium.By.xpath("(//ul[@class='unlinked-grouplist']/li/label)[" + index + "]")).click(): null

2018-06-14 19:55:41 - [TEST_STEP][PASSED] - Statement - (count++): null

2018-06-14 19:55:41 - [TEST_STEP][PASSED] - Statement - If (count > 249): null

2018-06-14 19:55:41 - [TEST_STEP][PASSED] - Statement - txt = storesLabel.get(i).getText(): null

2018-06-14 19:55:41 - [TEST_STEP][PASSED] - Statement - index = i + 1: null

2018-06-14 19:55:41 - [TEST_STEP][PASSED] - Statement - matched = pattern.matcher(txt).matches(): null

2018-06-14 19:55:41 - [TEST_STEP][PASSED] - Statement - If (matched): null

2018-06-14 19:55:41 - [TEST_STEP][PASSED] - Statement - driver.findElement(org.openqa.selenium.By.xpath("(//ul[@class='unlinked-grouplist']/li/label)[" + index + "]")).click(): null

2018-06-14 19:55:42 - [TEST_STEP][PASSED] - Statement - (count++): null

2018-06-14 19:55:42 - [TEST_STEP][PASSED] - Statement - If (count > 249): null

2018-06-14 19:55:42 - [TEST_STEP][PASSED] - Statement - txt = storesLabel.get(i).getText(): null

2018-06-14 19:55:42 - [TEST_STEP][PASSED] - Statement - index = i + 1: null

2018-06-14 19:55:42 - [TEST_STEP][PASSED] - Statement - matched = pattern.matcher(txt).matches(): null

2018-06-14 19:55:42 - [TEST_STEP][PASSED] - Statement - If (matched): null

2018-06-14 19:55:42 - [TEST_STEP][PASSED] - Statement - driver.findElement(org.openqa.selenium.By.xpath("(//ul[@class='unlinked-grouplist']/li/label)[" + index + "]")).click(): null

2018-06-14 19:55:42 - [TEST_STEP][PASSED] - Statement - (count++): null

2018-06-14 19:55:42 - [TEST_STEP][PASSED] - Statement - If (count > 249): null

2018-06-14 19:55:42 - [TEST_STEP][PASSED] - Statement - txt = storesLabel.get(i).getText(): null

2018-06-14 19:55:42 - [TEST_STEP][PASSED] - Statement - index = i + 1: null

2018-06-14 19:55:42 - [TEST_STEP][PASSED] - Statement - matched = pattern.matcher(txt).matches(): null

2018-06-14 19:55:42 - [TEST_STEP][PASSED] - Statement - If (matched): null

2018-06-14 19:55:42 - [TEST_STEP][PASSED] - Statement - driver.findElement(org.openqa.selenium.By.xpath("(//ul[@class='unlinked-grouplist']/li/label)[" + index + "]")).click(): null

2018-06-14 19:55:42 - [TEST_STEP][PASSED] - Statement - (count++): null

2018-06-14 19:55:42 - [TEST_STEP][PASSED] - Statement - If (count > 249): null

2018-06-14 19:55:42 - [TEST_STEP][PASSED] - Statement - txt = storesLabel.get(i).getText(): null

2018-06-14 19:55:42 - [TEST_STEP][PASSED] - Statement - index = i + 1: null

2018-06-14 19:55:42 - [TEST_STEP][PASSED] - Statement - matched = pattern.matcher(txt).matches(): null

2018-06-14 19:55:42 - [TEST_STEP][PASSED] - Statement - If (matched): null

2018-06-14 19:55:42 - [TEST_STEP][PASSED] - Statement - driver.findElement(org.openqa.selenium.By.xpath("(//ul[@class='unlinked-grouplist']/li/label)[" + index + "]")).click(): null

2018-06-14 19:55:42 - [TEST_STEP][PASSED] - Statement - (count++): null

2018-06-14 19:55:42 - [TEST_STEP][PASSED] - Statement - If (count > 249): null

2018-06-14 19:55:42 - [TEST_STEP][PASSED] - Statement - txt = storesLabel.get(i).getText(): null

2018-06-14 19:55:42 - [TEST_STEP][PASSED] - Statement - index = i + 1: null

2018-06-14 19:55:42 - [TEST_STEP][PASSED] - Statement - matched = pattern.matcher(txt).matches(): null

2018-06-14 19:55:42 - [TEST_STEP][PASSED] - Statement - If (matched): null

2018-06-14 19:55:42 - [TEST_STEP][PASSED] - Statement - driver.findElement(org.openqa.selenium.By.xpath("(//ul[@class='unlinked-grouplist']/li/label)[" + index + "]")).click(): null

2018-06-14 19:55:42 - [TEST_STEP][PASSED] - Statement - (count++): null

2018-06-14 19:55:42 - [TEST_STEP][PASSED] - Statement - If (count > 249): null

2018-06-14 19:55:42 - [TEST_STEP][PASSED] - Statement - txt = storesLabel.get(i).getText(): null

2018-06-14 19:55:42 - [TEST_STEP][PASSED] - Statement - index = i + 1: null

2018-06-14 19:55:42 - [TEST_STEP][PASSED] - Statement - matched = pattern.matcher(txt).matches(): null

2018-06-14 19:55:42 - [TEST_STEP][PASSED] - Statement - If (matched): null

2018-06-14 19:55:42 - [TEST_STEP][PASSED] - Statement - driver.findElement(org.openqa.selenium.By.xpath("(//ul[@class='unlinked-grouplist']/li/label)[" + index + "]")).click(): null

2018-06-14 19:55:42 - [TEST_STEP][PASSED] - Statement - (count++): null

2018-06-14 19:55:42 - [TEST_STEP][PASSED] - Statement - If (count > 249): null

2018-06-14 19:55:42 - [TEST_STEP][PASSED] - Statement - txt = storesLabel.get(i).getText(): null

2018-06-14 19:55:42 - [TEST_STEP][PASSED] - Statement - index = i + 1: null

2018-06-14 19:55:42 - [TEST_STEP][PASSED] - Statement - matched = pattern.matcher(txt).matches(): null

2018-06-14 19:55:42 - [TEST_STEP][PASSED] - Statement - If (matched): null

2018-06-14 19:55:42 - [TEST_STEP][PASSED] - Statement - driver.findElement(org.openqa.selenium.By.xpath("(//ul[@class='unlinked-grouplist']/li/label)[" + index + "]")).click(): null

2018-06-14 19:55:42 - [TEST_STEP][PASSED] - Statement - (count++): null

2018-06-14 19:55:42 - [TEST_STEP][PASSED] - Statement - If (count > 249): null

2018-06-14 19:55:42 - [TEST_STEP][PASSED] - Statement - txt = storesLabel.get(i).getText(): null

2018-06-14 19:55:42 - [TEST_STEP][PASSED] - Statement - index = i + 1: null

2018-06-14 19:55:42 - [TEST_STEP][PASSED] - Statement - matched = pattern.matcher(txt).matches(): null

2018-06-14 19:55:42 - [TEST_STEP][PASSED] - Statement - If (matched): null

2018-06-14 19:55:42 - [TEST_STEP][PASSED] - Statement - driver.findElement(org.openqa.selenium.By.xpath("(//ul[@class='unlinked-grouplist']/li/label)[" + index + "]")).click(): null

2018-06-14 19:55:42 - [TEST_STEP][PASSED] - Statement - (count++): null

2018-06-14 19:55:42 - [TEST_STEP][PASSED] - Statement - If (count > 249): null

2018-06-14 19:55:42 - [TEST_STEP][PASSED] - Statement - txt = storesLabel.get(i).getText(): null

2018-06-14 19:55:42 - [TEST_STEP][PASSED] - Statement - index = i + 1: null

2018-06-14 19:55:42 - [TEST_STEP][PASSED] - Statement - matched = pattern.matcher(txt).matches(): null

2018-06-14 19:55:42 - [TEST_STEP][PASSED] - Statement - If (matched): null

2018-06-14 19:55:42 - [TEST_STEP][PASSED] - Statement - driver.findElement(org.openqa.selenium.By.xpath("(//ul[@class='unlinked-grouplist']/li/label)[" + index + "]")).click(): null

2018-06-14 19:55:42 - [TEST_STEP][PASSED] - Statement - (count++): null

2018-06-14 19:55:42 - [TEST_STEP][PASSED] - Statement - If (count > 249): null

2018-06-14 19:55:42 - [TEST_STEP][PASSED] - Statement - txt = storesLabel.get(i).getText(): null

2018-06-14 19:55:42 - [TEST_STEP][PASSED] - Statement - index = i + 1: null

2018-06-14 19:55:42 - [TEST_STEP][PASSED] - Statement - matched = pattern.matcher(txt).matches(): null

2018-06-14 19:55:42 - [TEST_STEP][PASSED] - Statement - If (matched): null

2018-06-14 19:55:42 - [TEST_STEP][PASSED] - Statement - driver.findElement(org.openqa.selenium.By.xpath("(//ul[@class='unlinked-grouplist']/li/label)[" + index + "]")).click(): null

2018-06-14 19:55:42 - [TEST_STEP][PASSED] - Statement - (count++): null

2018-06-14 19:55:42 - [TEST_STEP][PASSED] - Statement - If (count > 249): null

2018-06-14 19:55:42 - [TEST_STEP][PASSED] - Statement - txt = storesLabel.get(i).getText(): null

2018-06-14 19:55:42 - [TEST_STEP][PASSED] - Statement - index = i + 1: null

2018-06-14 19:55:42 - [TEST_STEP][PASSED] - Statement - matched = pattern.matcher(txt).matches(): null

2018-06-14 19:55:42 - [TEST_STEP][PASSED] - Statement - If (matched): null

2018-06-14 19:55:42 - [TEST_STEP][PASSED] - Statement - driver.findElement(org.openqa.selenium.By.xpath("(//ul[@class='unlinked-grouplist']/li/label)[" + index + "]")).click(): null

2018-06-14 19:55:42 - [TEST_STEP][PASSED] - Statement - (count++): null

2018-06-14 19:55:42 - [TEST_STEP][PASSED] - Statement - If (count > 249): null

2018-06-14 19:55:42 - [TEST_STEP][PASSED] - Statement - txt = storesLabel.get(i).getText(): null

2018-06-14 19:55:42 - [TEST_STEP][PASSED] - Statement - index = i + 1: null

2018-06-14 19:55:42 - [TEST_STEP][PASSED] - Statement - matched = pattern.matcher(txt).matches(): null

2018-06-14 19:55:42 - [TEST_STEP][PASSED] - Statement - If (matched): null

2018-06-14 19:55:42 - [TEST_STEP][PASSED] - Statement - driver.findElement(org.openqa.selenium.By.xpath("(//ul[@class='unlinked-grouplist']/li/label)[" + index + "]")).click(): null

2018-06-14 19:55:42 - [TEST_STEP][PASSED] - Statement - (count++): null

2018-06-14 19:55:42 - [TEST_STEP][PASSED] - Statement - If (count > 249): null

2018-06-14 19:55:42 - [TEST_STEP][PASSED] - Statement - txt = storesLabel.get(i).getText(): null

2018-06-14 19:55:42 - [TEST_STEP][PASSED] - Statement - index = i + 1: null

2018-06-14 19:55:42 - [TEST_STEP][PASSED] - Statement - matched = pattern.matcher(txt).matches(): null

2018-06-14 19:55:42 - [TEST_STEP][PASSED] - Statement - If (matched): null

2018-06-14 19:55:42 - [TEST_STEP][PASSED] - Statement - driver.findElement(org.openqa.selenium.By.xpath("(//ul[@class='unlinked-grouplist']/li/label)[" + index + "]")).click(): null

2018-06-14 19:55:42 - [TEST_STEP][PASSED] - Statement - (count++): null

2018-06-14 19:55:42 - [TEST_STEP][PASSED] - Statement - If (count > 249): null

2018-06-14 19:55:42 - [TEST_STEP][PASSED] - Statement - txt = storesLabel.get(i).getText(): null

2018-06-14 19:55:42 - [TEST_STEP][PASSED] - Statement - index = i + 1: null

2018-06-14 19:55:42 - [TEST_STEP][PASSED] - Statement - matched = pattern.matcher(txt).matches(): null

2018-06-14 19:55:42 - [TEST_STEP][PASSED] - Statement - If (matched): null

2018-06-14 19:55:42 - [TEST_STEP][PASSED] - Statement - driver.findElement(org.openqa.selenium.By.xpath("(//ul[@class='unlinked-grouplist']/li/label)[" + index + "]")).click(): null

2018-06-14 19:55:42 - [TEST_STEP][PASSED] - Statement - (count++): null

2018-06-14 19:55:42 - [TEST_STEP][PASSED] - Statement - If (count > 249): null

2018-06-14 19:55:42 - [TEST_STEP][PASSED] - Statement - txt = storesLabel.get(i).getText(): null

2018-06-14 19:55:42 - [TEST_STEP][PASSED] - Statement - index = i + 1: null

2018-06-14 19:55:42 - [TEST_STEP][PASSED] - Statement - matched = pattern.matcher(txt).matches(): null

2018-06-14 19:55:42 - [TEST_STEP][PASSED] - Statement - If (matched): null

2018-06-14 19:55:42 - [TEST_STEP][PASSED] - Statement - driver.findElement(org.openqa.selenium.By.xpath("(//ul[@class='unlinked-grouplist']/li/label)[" + index + "]")).click(): null

2018-06-14 19:55:43 - [TEST_STEP][PASSED] - Statement - (count++): null

2018-06-14 19:55:43 - [TEST_STEP][PASSED] - Statement - If (count > 249): null

2018-06-14 19:55:43 - [TEST_STEP][PASSED] - Statement - txt = storesLabel.get(i).getText(): null

2018-06-14 19:55:43 - [TEST_STEP][PASSED] - Statement - index = i + 1: null

2018-06-14 19:55:43 - [TEST_STEP][PASSED] - Statement - matched = pattern.matcher(txt).matches(): null

2018-06-14 19:55:43 - [TEST_STEP][PASSED] - Statement - If (matched): null

2018-06-14 19:55:43 - [TEST_STEP][PASSED] - Statement - driver.findElement(org.openqa.selenium.By.xpath("(//ul[@class='unlinked-grouplist']/li/label)[" + index + "]")).click(): null

2018-06-14 19:55:43 - [TEST_STEP][PASSED] - Statement - (count++): null

2018-06-14 19:55:43 - [TEST_STEP][PASSED] - Statement - If (count > 249): null

2018-06-14 19:55:43 - [TEST_STEP][PASSED] - Statement - txt = storesLabel.get(i).getText(): null

2018-06-14 19:55:43 - [TEST_STEP][PASSED] - Statement - index = i + 1: null

2018-06-14 19:55:43 - [TEST_STEP][PASSED] - Statement - matched = pattern.matcher(txt).matches(): null

2018-06-14 19:55:43 - [TEST_STEP][PASSED] - Statement - If (matched): null

2018-06-14 19:55:43 - [TEST_STEP][PASSED] - Statement - driver.findElement(org.openqa.selenium.By.xpath("(//ul[@class='unlinked-grouplist']/li/label)[" + index + "]")).click(): null

2018-06-14 19:55:43 - [TEST_STEP][PASSED] - Statement - (count++): null

2018-06-14 19:55:43 - [TEST_STEP][PASSED] - Statement - If (count > 249): null

2018-06-14 19:55:43 - [TEST_STEP][PASSED] - Statement - txt = storesLabel.get(i).getText(): null

2018-06-14 19:55:43 - [TEST_STEP][PASSED] - Statement - index = i + 1: null

2018-06-14 19:55:43 - [TEST_STEP][PASSED] - Statement - matched = pattern.matcher(txt).matches(): null

2018-06-14 19:55:43 - [TEST_STEP][PASSED] - Statement - If (matched): null

2018-06-14 19:55:43 - [TEST_STEP][PASSED] - Statement - driver.findElement(org.openqa.selenium.By.xpath("(//ul[@class='unlinked-grouplist']/li/label)[" + index + "]")).click(): null

2018-06-14 19:55:43 - [TEST_STEP][PASSED] - Statement - (count++): null

2018-06-14 19:55:43 - [TEST_STEP][PASSED] - Statement - If (count > 249): null

2018-06-14 19:55:43 - [TEST_STEP][PASSED] - Statement - txt = storesLabel.get(i).getText(): null

2018-06-14 19:55:43 - [TEST_STEP][PASSED] - Statement - index = i + 1: null

2018-06-14 19:55:43 - [TEST_STEP][PASSED] - Statement - matched = pattern.matcher(txt).matches(): null

2018-06-14 19:55:43 - [TEST_STEP][PASSED] - Statement - If (matched): null

2018-06-14 19:55:43 - [TEST_STEP][PASSED] - Statement - driver.findElement(org.openqa.selenium.By.xpath("(//ul[@class='unlinked-grouplist']/li/label)[" + index + "]")).click(): null

2018-06-14 19:55:43 - [TEST_STEP][PASSED] - Statement - (count++): null

2018-06-14 19:55:43 - [TEST_STEP][PASSED] - Statement - If (count > 249): null

2018-06-14 19:55:43 - [TEST_STEP][PASSED] - Statement - txt = storesLabel.get(i).getText(): null

2018-06-14 19:55:43 - [TEST_STEP][PASSED] - Statement - index = i + 1: null

2018-06-14 19:55:43 - [TEST_STEP][PASSED] - Statement - matched = pattern.matcher(txt).matches(): null

2018-06-14 19:55:43 - [TEST_STEP][PASSED] - Statement - If (matched): null

2018-06-14 19:55:43 - [TEST_STEP][PASSED] - Statement - driver.findElement(org.openqa.selenium.By.xpath("(//ul[@class='unlinked-grouplist']/li/label)[" + index + "]")).click(): null

2018-06-14 19:55:43 - [TEST_STEP][PASSED] - Statement - (count++): null

2018-06-14 19:55:43 - [TEST_STEP][PASSED] - Statement - If (count > 249): null

2018-06-14 19:55:43 - [TEST_STEP][PASSED] - Statement - txt = storesLabel.get(i).getText(): null

2018-06-14 19:55:43 - [TEST_STEP][PASSED] - Statement - index = i + 1: null

2018-06-14 19:55:43 - [TEST_STEP][PASSED] - Statement - matched = pattern.matcher(txt).matches(): null

2018-06-14 19:55:43 - [TEST_STEP][PASSED] - Statement - If (matched): null

2018-06-14 19:55:43 - [TEST_STEP][PASSED] - Statement - driver.findElement(org.openqa.selenium.By.xpath("(//ul[@class='unlinked-grouplist']/li/label)[" + index + "]")).click(): null

2018-06-14 19:55:43 - [TEST_STEP][PASSED] - Statement - (count++): null

2018-06-14 19:55:43 - [TEST_STEP][PASSED] - Statement - If (count > 249): null

2018-06-14 19:55:43 - [TEST_STEP][PASSED] - Statement - txt = storesLabel.get(i).getText(): null

2018-06-14 19:55:43 - [TEST_STEP][PASSED] - Statement - index = i + 1: null

2018-06-14 19:55:43 - [TEST_STEP][PASSED] - Statement - matched = pattern.matcher(txt).matches(): null

2018-06-14 19:55:43 - [TEST_STEP][PASSED] - Statement - If (matched): null

2018-06-14 19:55:43 - [TEST_STEP][PASSED] - Statement - driver.findElement(org.openqa.selenium.By.xpath("(//ul[@class='unlinked-grouplist']/li/label)[" + index + "]")).click(): null

2018-06-14 19:55:43 - [TEST_STEP][PASSED] - Statement - (count++): null

2018-06-14 19:55:43 - [TEST_STEP][PASSED] - Statement - If (count > 249): null

2018-06-14 19:55:43 - [TEST_STEP][PASSED] - Statement - txt = storesLabel.get(i).getText(): null

2018-06-14 19:55:43 - [TEST_STEP][PASSED] - Statement - index = i + 1: null

2018-06-14 19:55:43 - [TEST_STEP][PASSED] - Statement - matched = pattern.matcher(txt).matches(): null

2018-06-14 19:55:43 - [TEST_STEP][PASSED] - Statement - If (matched): null

2018-06-14 19:55:43 - [TEST_STEP][PASSED] - Statement - driver.findElement(org.openqa.selenium.By.xpath("(//ul[@class='unlinked-grouplist']/li/label)[" + index + "]")).click(): null

2018-06-14 19:55:43 - [TEST_STEP][PASSED] - Statement - (count++): null

2018-06-14 19:55:43 - [TEST_STEP][PASSED] - Statement - If (count > 249): null

2018-06-14 19:55:43 - [TEST_STEP][PASSED] - Statement - txt = storesLabel.get(i).getText(): null

2018-06-14 19:55:43 - [TEST_STEP][PASSED] - Statement - index = i + 1: null

2018-06-14 19:55:43 - [TEST_STEP][PASSED] - Statement - matched = pattern.matcher(txt).matches(): null

2018-06-14 19:55:43 - [TEST_STEP][PASSED] - Statement - If (matched): null

2018-06-14 19:55:43 - [TEST_STEP][PASSED] - Statement - driver.findElement(org.openqa.selenium.By.xpath("(//ul[@class='unlinked-grouplist']/li/label)[" + index + "]")).click(): null

2018-06-14 19:55:43 - [TEST_STEP][PASSED] - Statement - (count++): null

2018-06-14 19:55:43 - [TEST_STEP][PASSED] - Statement - If (count > 249): null

2018-06-14 19:55:43 - [TEST_STEP][PASSED] - Statement - txt = storesLabel.get(i).getText(): null

2018-06-14 19:55:43 - [TEST_STEP][PASSED] - Statement - index = i + 1: null

2018-06-14 19:55:43 - [TEST_STEP][PASSED] - Statement - matched = pattern.matcher(txt).matches(): null

2018-06-14 19:55:43 - [TEST_STEP][PASSED] - Statement - If (matched): null

2018-06-14 19:55:43 - [TEST_STEP][PASSED] - Statement - driver.findElement(org.openqa.selenium.By.xpath("(//ul[@class='unlinked-grouplist']/li/label)[" + index + "]")).click(): null

2018-06-14 19:55:43 - [TEST_STEP][PASSED] - Statement - (count++): null

2018-06-14 19:55:43 - [TEST_STEP][PASSED] - Statement - If (count > 249): null

2018-06-14 19:55:43 - [TEST_STEP][PASSED] - Statement - txt = storesLabel.get(i).getText(): null

2018-06-14 19:55:43 - [TEST_STEP][PASSED] - Statement - index = i + 1: null

2018-06-14 19:55:43 - [TEST_STEP][PASSED] - Statement - matched = pattern.matcher(txt).matches(): null

2018-06-14 19:55:43 - [TEST_STEP][PASSED] - Statement - If (matched): null

2018-06-14 19:55:43 - [TEST_STEP][PASSED] - Statement - driver.findElement(org.openqa.selenium.By.xpath("(//ul[@class='unlinked-grouplist']/li/label)[" + index + "]")).click(): null

2018-06-14 19:55:43 - [TEST_STEP][PASSED] - Statement - (count++): null

2018-06-14 19:55:43 - [TEST_STEP][PASSED] - Statement - If (count > 249): null

2018-06-14 19:55:43 - [TEST_STEP][PASSED] - Statement - txt = storesLabel.get(i).getText(): null

2018-06-14 19:55:43 - [TEST_STEP][PASSED] - Statement - index = i + 1: null

2018-06-14 19:55:43 - [TEST_STEP][PASSED] - Statement - matched = pattern.matcher(txt).matches(): null

2018-06-14 19:55:43 - [TEST_STEP][PASSED] - Statement - If (matched): null

2018-06-14 19:55:43 - [TEST_STEP][PASSED] - Statement - driver.findElement(org.openqa.selenium.By.xpath("(//ul[@class='unlinked-grouplist']/li/label)[" + index + "]")).click(): null

2018-06-14 19:55:43 - [TEST_STEP][PASSED] - Statement - (count++): null

2018-06-14 19:55:43 - [TEST_STEP][PASSED] - Statement - If (count > 249): null

2018-06-14 19:55:43 - [TEST_STEP][PASSED] - Statement - txt = storesLabel.get(i).getText(): null

2018-06-14 19:55:43 - [TEST_STEP][PASSED] - Statement - index = i + 1: null

2018-06-14 19:55:43 - [TEST_STEP][PASSED] - Statement - matched = pattern.matcher(txt).matches(): null

2018-06-14 19:55:43 - [TEST_STEP][PASSED] - Statement - If (matched): null

2018-06-14 19:55:43 - [TEST_STEP][PASSED] - Statement - driver.findElement(org.openqa.selenium.By.xpath("(//ul[@class='unlinked-grouplist']/li/label)[" + index + "]")).click(): null

2018-06-14 19:55:43 - [TEST_STEP][PASSED] - Statement - (count++): null

2018-06-14 19:55:43 - [TEST_STEP][PASSED] - Statement - If (count > 249): null

2018-06-14 19:55:43 - [TEST_STEP][PASSED] - Statement - txt = storesLabel.get(i).getText(): null

2018-06-14 19:55:43 - [TEST_STEP][PASSED] - Statement - index = i + 1: null

2018-06-14 19:55:43 - [TEST_STEP][PASSED] - Statement - matched = pattern.matcher(txt).matches(): null

2018-06-14 19:55:43 - [TEST_STEP][PASSED] - Statement - If (matched): null

2018-06-14 19:55:43 - [TEST_STEP][PASSED] - Statement - driver.findElement(org.openqa.selenium.By.xpath("(//ul[@class='unlinked-grouplist']/li/label)[" + index + "]")).click(): null

2018-06-14 19:55:44 - [TEST_STEP][PASSED] - Statement - (count++): null

2018-06-14 19:55:44 - [TEST_STEP][PASSED] - Statement - If (count > 249): null

2018-06-14 19:55:44 - [TEST_STEP][PASSED] - Statement - txt = storesLabel.get(i).getText(): null

2018-06-14 19:55:44 - [TEST_STEP][PASSED] - Statement - index = i + 1: null

2018-06-14 19:55:44 - [TEST_STEP][PASSED] - Statement - matched = pattern.matcher(txt).matches(): null

2018-06-14 19:55:44 - [TEST_STEP][PASSED] - Statement - If (matched): null

2018-06-14 19:55:44 - [TEST_STEP][PASSED] - Statement - driver.findElement(org.openqa.selenium.By.xpath("(//ul[@class='unlinked-grouplist']/li/label)[" + index + "]")).click(): null

2018-06-14 19:55:44 - [TEST_STEP][PASSED] - Statement - (count++): null

2018-06-14 19:55:44 - [TEST_STEP][PASSED] - Statement - If (count > 249): null

2018-06-14 19:55:44 - [TEST_STEP][PASSED] - Statement - txt = storesLabel.get(i).getText(): null

2018-06-14 19:55:44 - [TEST_STEP][PASSED] - Statement - index = i + 1: null

2018-06-14 19:55:44 - [TEST_STEP][PASSED] - Statement - matched = pattern.matcher(txt).matches(): null

2018-06-14 19:55:44 - [TEST_STEP][PASSED] - Statement - If (matched): null

2018-06-14 19:55:44 - [TEST_STEP][PASSED] - Statement - driver.findElement(org.openqa.selenium.By.xpath("(//ul[@class='unlinked-grouplist']/li/label)[" + index + "]")).click(): null

2018-06-14 19:55:44 - [TEST_STEP][PASSED] - Statement - (count++): null

2018-06-14 19:55:44 - [TEST_STEP][PASSED] - Statement - If (count > 249): null

2018-06-14 19:55:44 - [TEST_STEP][PASSED] - Statement - txt = storesLabel.get(i).getText(): null

2018-06-14 19:55:44 - [TEST_STEP][PASSED] - Statement - index = i + 1: null

2018-06-14 19:55:44 - [TEST_STEP][PASSED] - Statement - matched = pattern.matcher(txt).matches(): null

2018-06-14 19:55:44 - [TEST_STEP][PASSED] - Statement - If (matched): null

2018-06-14 19:55:44 - [TEST_STEP][PASSED] - Statement - driver.findElement(org.openqa.selenium.By.xpath("(//ul[@class='unlinked-grouplist']/li/label)[" + index + "]")).click(): null

2018-06-14 19:55:44 - [TEST_STEP][PASSED] - Statement - (count++): null

2018-06-14 19:55:44 - [TEST_STEP][PASSED] - Statement - If (count > 249): null

2018-06-14 19:55:44 - [TEST_STEP][PASSED] - Statement - txt = storesLabel.get(i).getText(): null

2018-06-14 19:55:44 - [TEST_STEP][PASSED] - Statement - index = i + 1: null

2018-06-14 19:55:44 - [TEST_STEP][PASSED] - Statement - matched = pattern.matcher(txt).matches(): null

2018-06-14 19:55:44 - [TEST_STEP][PASSED] - Statement - If (matched): null

2018-06-14 19:55:44 - [TEST_STEP][PASSED] - Statement - driver.findElement(org.openqa.selenium.By.xpath("(//ul[@class='unlinked-grouplist']/li/label)[" + index + "]")).click(): null

2018-06-14 19:55:44 - [TEST_STEP][PASSED] - Statement - (count++): null

2018-06-14 19:55:44 - [TEST_STEP][PASSED] - Statement - If (count > 249): null

2018-06-14 19:55:44 - [TEST_STEP][PASSED] - Statement - txt = storesLabel.get(i).getText(): null

2018-06-14 19:55:44 - [TEST_STEP][PASSED] - Statement - index = i + 1: null

2018-06-14 19:55:44 - [TEST_STEP][PASSED] - Statement - matched = pattern.matcher(txt).matches(): null

2018-06-14 19:55:44 - [TEST_STEP][PASSED] - Statement - If (matched): null

2018-06-14 19:55:44 - [TEST_STEP][PASSED] - Statement - driver.findElement(org.openqa.selenium.By.xpath("(//ul[@class='unlinked-grouplist']/li/label)[" + index + "]")).click(): null

2018-06-14 19:55:44 - [TEST_STEP][PASSED] - Statement - (count++): null

2018-06-14 19:55:44 - [TEST_STEP][PASSED] - Statement - If (count > 249): null

2018-06-14 19:55:44 - [TEST_STEP][PASSED] - Statement - txt = storesLabel.get(i).getText(): null

2018-06-14 19:55:44 - [TEST_STEP][PASSED] - Statement - index = i + 1: null

2018-06-14 19:55:44 - [TEST_STEP][PASSED] - Statement - matched = pattern.matcher(txt).matches(): null

2018-06-14 19:55:44 - [TEST_STEP][PASSED] - Statement - If (matched): null

2018-06-14 19:55:44 - [TEST_STEP][PASSED] - Statement - driver.findElement(org.openqa.selenium.By.xpath("(//ul[@class='unlinked-grouplist']/li/label)[" + index + "]")).click(): null

2018-06-14 19:55:44 - [TEST_STEP][PASSED] - Statement - (count++): null

2018-06-14 19:55:44 - [TEST_STEP][PASSED] - Statement - If (count > 249): null

2018-06-14 19:55:44 - [TEST_STEP][PASSED] - Statement - txt = storesLabel.get(i).getText(): null

2018-06-14 19:55:44 - [TEST_STEP][PASSED] - Statement - index = i + 1: null

2018-06-14 19:55:44 - [TEST_STEP][PASSED] - Statement - matched = pattern.matcher(txt).matches(): null

2018-06-14 19:55:44 - [TEST_STEP][PASSED] - Statement - If (matched): null

2018-06-14 19:55:44 - [TEST_STEP][PASSED] - Statement - driver.findElement(org.openqa.selenium.By.xpath("(//ul[@class='unlinked-grouplist']/li/label)[" + index + "]")).click(): null

2018-06-14 19:55:44 - [TEST_STEP][PASSED] - Statement - (count++): null

2018-06-14 19:55:44 - [TEST_STEP][PASSED] - Statement - If (count > 249): null

2018-06-14 19:55:44 - [TEST_STEP][PASSED] - Statement - txt = storesLabel.get(i).getText(): null

2018-06-14 19:55:44 - [TEST_STEP][PASSED] - Statement - index = i + 1: null

2018-06-14 19:55:44 - [TEST_STEP][PASSED] - Statement - matched = pattern.matcher(txt).matches(): null

2018-06-14 19:55:44 - [TEST_STEP][PASSED] - Statement - If (matched): null

2018-06-14 19:55:44 - [TEST_STEP][PASSED] - Statement - driver.findElement(org.openqa.selenium.By.xpath("(//ul[@class='unlinked-grouplist']/li/label)[" + index + "]")).click(): null

2018-06-14 19:55:44 - [TEST_STEP][PASSED] - Statement - (count++): null

2018-06-14 19:55:44 - [TEST_STEP][PASSED] - Statement - If (count > 249): null

2018-06-14 19:55:44 - [TEST_STEP][PASSED] - Statement - txt = storesLabel.get(i).getText(): null

2018-06-14 19:55:44 - [TEST_STEP][PASSED] - Statement - index = i + 1: null

2018-06-14 19:55:44 - [TEST_STEP][PASSED] - Statement - matched = pattern.matcher(txt).matches(): null

2018-06-14 19:55:44 - [TEST_STEP][PASSED] - Statement - If (matched): null

2018-06-14 19:55:44 - [TEST_STEP][PASSED] - Statement - driver.findElement(org.openqa.selenium.By.xpath("(//ul[@class='unlinked-grouplist']/li/label)[" + index + "]")).click(): null

2018-06-14 19:55:44 - [TEST_STEP][PASSED] - Statement - (count++): null

2018-06-14 19:55:44 - [TEST_STEP][PASSED] - Statement - If (count > 249): null

2018-06-14 19:55:44 - [TEST_STEP][PASSED] - Statement - txt = storesLabel.get(i).getText(): null

2018-06-14 19:55:44 - [TEST_STEP][PASSED] - Statement - index = i + 1: null

2018-06-14 19:55:44 - [TEST_STEP][PASSED] - Statement - matched = pattern.matcher(txt).matches(): null

2018-06-14 19:55:44 - [TEST_STEP][PASSED] - Statement - If (matched): null

2018-06-14 19:55:44 - [TEST_STEP][PASSED] - Statement - driver.findElement(org.openqa.selenium.By.xpath("(//ul[@class='unlinked-grouplist']/li/label)[" + index + "]")).click(): null

2018-06-14 19:55:44 - [TEST_STEP][PASSED] - Statement - (count++): null

2018-06-14 19:55:44 - [TEST_STEP][PASSED] - Statement - If (count > 249): null

2018-06-14 19:55:44 - [TEST_STEP][PASSED] - Statement - txt = storesLabel.get(i).getText(): null

2018-06-14 19:55:44 - [TEST_STEP][PASSED] - Statement - index = i + 1: null

2018-06-14 19:55:44 - [TEST_STEP][PASSED] - Statement - matched = pattern.matcher(txt).matches(): null

2018-06-14 19:55:44 - [TEST_STEP][PASSED] - Statement - If (matched): null

2018-06-14 19:55:44 - [TEST_STEP][PASSED] - Statement - driver.findElement(org.openqa.selenium.By.xpath("(//ul[@class='unlinked-grouplist']/li/label)[" + index + "]")).click(): null

2018-06-14 19:55:44 - [TEST_STEP][PASSED] - Statement - (count++): null

2018-06-14 19:55:44 - [TEST_STEP][PASSED] - Statement - If (count > 249): null

2018-06-14 19:55:44 - [TEST_STEP][PASSED] - Statement - txt = storesLabel.get(i).getText(): null

2018-06-14 19:55:44 - [TEST_STEP][PASSED] - Statement - index = i + 1: null

2018-06-14 19:55:44 - [TEST_STEP][PASSED] - Statement - matched = pattern.matcher(txt).matches(): null

2018-06-14 19:55:44 - [TEST_STEP][PASSED] - Statement - If (matched): null

2018-06-14 19:55:44 - [TEST_STEP][PASSED] - Statement - driver.findElement(org.openqa.selenium.By.xpath("(//ul[@class='unlinked-grouplist']/li/label)[" + index + "]")).click(): null

2018-06-14 19:55:44 - [TEST_STEP][PASSED] - Statement - (count++): null

2018-06-14 19:55:44 - [TEST_STEP][PASSED] - Statement - If (count > 249): null

2018-06-14 19:55:44 - [TEST_STEP][PASSED] - Statement - txt = storesLabel.get(i).getText(): null

2018-06-14 19:55:44 - [TEST_STEP][PASSED] - Statement - index = i + 1: null

2018-06-14 19:55:44 - [TEST_STEP][PASSED] - Statement - matched = pattern.matcher(txt).matches(): null

2018-06-14 19:55:44 - [TEST_STEP][PASSED] - Statement - If (matched): null

2018-06-14 19:55:44 - [TEST_STEP][PASSED] - Statement - driver.findElement(org.openqa.selenium.By.xpath("(//ul[@class='unlinked-grouplist']/li/label)[" + index + "]")).click(): null

2018-06-14 19:55:44 - [TEST_STEP][PASSED] - Statement - (count++): null

2018-06-14 19:55:44 - [TEST_STEP][PASSED] - Statement - If (count > 249): null

2018-06-14 19:55:44 - [TEST_STEP][PASSED] - Statement - txt = storesLabel.get(i).getText(): null

2018-06-14 19:55:44 - [TEST_STEP][PASSED] - Statement - index = i + 1: null

2018-06-14 19:55:44 - [TEST_STEP][PASSED] - Statement - matched = pattern.matcher(txt).matches(): null

2018-06-14 19:55:44 - [TEST_STEP][PASSED] - Statement - If (matched): null

2018-06-14 19:55:44 - [TEST_STEP][PASSED] - Statement - driver.findElement(org.openqa.selenium.By.xpath("(//ul[@class='unlinked-grouplist']/li/label)[" + index + "]")).click(): null

2018-06-14 19:55:44 - [TEST_STEP][PASSED] - Statement - (count++): null

2018-06-14 19:55:44 - [TEST_STEP][PASSED] - Statement - If (count > 249): null

2018-06-14 19:55:44 - [TEST_STEP][PASSED] - Statement - txt = storesLabel.get(i).getText(): null

2018-06-14 19:55:45 - [TEST_STEP][PASSED] - Statement - index = i + 1: null

2018-06-14 19:55:45 - [TEST_STEP][PASSED] - Statement - matched = pattern.matcher(txt).matches(): null

2018-06-14 19:55:45 - [TEST_STEP][PASSED] - Statement - If (matched): null

2018-06-14 19:55:45 - [TEST_STEP][PASSED] - Statement - driver.findElement(org.openqa.selenium.By.xpath("(//ul[@class='unlinked-grouplist']/li/label)[" + index + "]")).click(): null

2018-06-14 19:55:45 - [TEST_STEP][PASSED] - Statement - (count++): null

2018-06-14 19:55:45 - [TEST_STEP][PASSED] - Statement - If (count > 249): null

2018-06-14 19:55:45 - [TEST_STEP][PASSED] - Statement - txt = storesLabel.get(i).getText(): null

2018-06-14 19:55:45 - [TEST_STEP][PASSED] - Statement - index = i + 1: null

2018-06-14 19:55:45 - [TEST_STEP][PASSED] - Statement - matched = pattern.matcher(txt).matches(): null

2018-06-14 19:55:45 - [TEST_STEP][PASSED] - Statement - If (matched): null

2018-06-14 19:55:45 - [TEST_STEP][PASSED] - Statement - driver.findElement(org.openqa.selenium.By.xpath("(//ul[@class='unlinked-grouplist']/li/label)[" + index + "]")).click(): null

2018-06-14 19:55:45 - [TEST_STEP][PASSED] - Statement - (count++): null

2018-06-14 19:55:45 - [TEST_STEP][PASSED] - Statement - If (count > 249): null

2018-06-14 19:55:45 - [TEST_STEP][PASSED] - Statement - txt = storesLabel.get(i).getText(): null

2018-06-14 19:55:45 - [TEST_STEP][PASSED] - Statement - index = i + 1: null

2018-06-14 19:55:45 - [TEST_STEP][PASSED] - Statement - matched = pattern.matcher(txt).matches(): null

2018-06-14 19:55:45 - [TEST_STEP][PASSED] - Statement - If (matched): null

2018-06-14 19:55:45 - [TEST_STEP][PASSED] - Statement - driver.findElement(org.openqa.selenium.By.xpath("(//ul[@class='unlinked-grouplist']/li/label)[" + index + "]")).click(): null

2018-06-14 19:55:45 - [TEST_STEP][PASSED] - Statement - (count++): null

2018-06-14 19:55:45 - [TEST_STEP][PASSED] - Statement - If (count > 249): null

2018-06-14 19:55:45 - [TEST_STEP][PASSED] - Statement - txt = storesLabel.get(i).getText(): null

2018-06-14 19:55:45 - [TEST_STEP][PASSED] - Statement - index = i + 1: null

2018-06-14 19:55:45 - [TEST_STEP][PASSED] - Statement - matched = pattern.matcher(txt).matches(): null

2018-06-14 19:55:45 - [TEST_STEP][PASSED] - Statement - If (matched): null

2018-06-14 19:55:45 - [TEST_STEP][PASSED] - Statement - driver.findElement(org.openqa.selenium.By.xpath("(//ul[@class='unlinked-grouplist']/li/label)[" + index + "]")).click(): null

2018-06-14 19:55:45 - [TEST_STEP][PASSED] - Statement - (count++): null

2018-06-14 19:55:45 - [TEST_STEP][PASSED] - Statement - If (count > 249): null

2018-06-14 19:55:45 - [TEST_STEP][PASSED] - Statement - txt = storesLabel.get(i).getText(): null

2018-06-14 19:55:45 - [TEST_STEP][PASSED] - Statement - index = i + 1: null

2018-06-14 19:55:45 - [TEST_STEP][PASSED] - Statement - matched = pattern.matcher(txt).matches(): null

2018-06-14 19:55:45 - [TEST_STEP][PASSED] - Statement - If (matched): null

2018-06-14 19:55:45 - [TEST_STEP][PASSED] - Statement - driver.findElement(org.openqa.selenium.By.xpath("(//ul[@class='unlinked-grouplist']/li/label)[" + index + "]")).click(): null

2018-06-14 19:55:45 - [TEST_STEP][PASSED] - Statement - (count++): null

2018-06-14 19:55:45 - [TEST_STEP][PASSED] - Statement - If (count > 249): null

2018-06-14 19:55:45 - [TEST_STEP][PASSED] - Statement - txt = storesLabel.get(i).getText(): null

2018-06-14 19:55:45 - [TEST_STEP][PASSED] - Statement - index = i + 1: null

2018-06-14 19:55:45 - [TEST_STEP][PASSED] - Statement - matched = pattern.matcher(txt).matches(): null

2018-06-14 19:55:45 - [TEST_STEP][PASSED] - Statement - If (matched): null

2018-06-14 19:55:45 - [TEST_STEP][PASSED] - Statement - driver.findElement(org.openqa.selenium.By.xpath("(//ul[@class='unlinked-grouplist']/li/label)[" + index + "]")).click(): null

2018-06-14 19:55:45 - [TEST_STEP][PASSED] - Statement - (count++): null

2018-06-14 19:55:45 - [TEST_STEP][PASSED] - Statement - If (count > 249): null

2018-06-14 19:55:45 - [TEST_STEP][PASSED] - Statement - txt = storesLabel.get(i).getText(): null

2018-06-14 19:55:45 - [TEST_STEP][PASSED] - Statement - index = i + 1: null

2018-06-14 19:55:45 - [TEST_STEP][PASSED] - Statement - matched = pattern.matcher(txt).matches(): null

2018-06-14 19:55:45 - [TEST_STEP][PASSED] - Statement - If (matched): null

2018-06-14 19:55:45 - [TEST_STEP][PASSED] - Statement - driver.findElement(org.openqa.selenium.By.xpath("(//ul[@class='unlinked-grouplist']/li/label)[" + index + "]")).click(): null

2018-06-14 19:55:45 - [TEST_STEP][PASSED] - Statement - (count++): null

2018-06-14 19:55:45 - [TEST_STEP][PASSED] - Statement - If (count > 249): null

2018-06-14 19:55:45 - [TEST_STEP][PASSED] - Statement - txt = storesLabel.get(i).getText(): null

2018-06-14 19:55:45 - [TEST_STEP][PASSED] - Statement - index = i + 1: null

2018-06-14 19:55:45 - [TEST_STEP][PASSED] - Statement - matched = pattern.matcher(txt).matches(): null

2018-06-14 19:55:45 - [TEST_STEP][PASSED] - Statement - If (matched): null

2018-06-14 19:55:45 - [TEST_STEP][PASSED] - Statement - driver.findElement(org.openqa.selenium.By.xpath("(//ul[@class='unlinked-grouplist']/li/label)[" + index + "]")).click(): null

2018-06-14 19:55:45 - [TEST_STEP][PASSED] - Statement - (count++): null

2018-06-14 19:55:45 - [TEST_STEP][PASSED] - Statement - If (count > 249): null

2018-06-14 19:55:45 - [TEST_STEP][PASSED] - Statement - txt = storesLabel.get(i).getText(): null

2018-06-14 19:55:45 - [TEST_STEP][PASSED] - Statement - index = i + 1: null

2018-06-14 19:55:45 - [TEST_STEP][PASSED] - Statement - matched = pattern.matcher(txt).matches(): null

2018-06-14 19:55:45 - [TEST_STEP][PASSED] - Statement - If (matched): null

2018-06-14 19:55:45 - [TEST_STEP][PASSED] - Statement - driver.findElement(org.openqa.selenium.By.xpath("(//ul[@class='unlinked-grouplist']/li/label)[" + index + "]")).click(): null

2018-06-14 19:55:45 - [TEST_STEP][PASSED] - Statement - (count++): null

2018-06-14 19:55:45 - [TEST_STEP][PASSED] - Statement - If (count > 249): null

2018-06-14 19:55:45 - [TEST_STEP][PASSED] - Statement - txt = storesLabel.get(i).getText(): null

2018-06-14 19:55:45 - [TEST_STEP][PASSED] - Statement - index = i + 1: null

2018-06-14 19:55:45 - [TEST_STEP][PASSED] - Statement - matched = pattern.matcher(txt).matches(): null

2018-06-14 19:55:45 - [TEST_STEP][PASSED] - Statement - If (matched): null

2018-06-14 19:55:45 - [TEST_STEP][PASSED] - Statement - driver.findElement(org.openqa.selenium.By.xpath("(//ul[@class='unlinked-grouplist']/li/label)[" + index + "]")).click(): null

2018-06-14 19:55:45 - [TEST_STEP][PASSED] - Statement - (count++): null

2018-06-14 19:55:45 - [TEST_STEP][PASSED] - Statement - If (count > 249): null

2018-06-14 19:55:45 - [TEST_STEP][PASSED] - Statement - txt = storesLabel.get(i).getText(): null

2018-06-14 19:55:45 - [TEST_STEP][PASSED] - Statement - index = i + 1: null

2018-06-14 19:55:45 - [TEST_STEP][PASSED] - Statement - matched = pattern.matcher(txt).matches(): null

2018-06-14 19:55:45 - [TEST_STEP][PASSED] - Statement - If (matched): null

2018-06-14 19:55:45 - [TEST_STEP][PASSED] - Statement - driver.findElement(org.openqa.selenium.By.xpath("(//ul[@class='unlinked-grouplist']/li/label)[" + index + "]")).click(): null

2018-06-14 19:55:45 - [TEST_STEP][PASSED] - Statement - (count++): null

2018-06-14 19:55:45 - [TEST_STEP][PASSED] - Statement - If (count > 249): null

2018-06-14 19:55:45 - [TEST_STEP][PASSED] - Statement - txt = storesLabel.get(i).getText(): null

2018-06-14 19:55:45 - [TEST_STEP][PASSED] - Statement - index = i + 1: null

2018-06-14 19:55:45 - [TEST_STEP][PASSED] - Statement - matched = pattern.matcher(txt).matches(): null

2018-06-14 19:55:45 - [TEST_STEP][PASSED] - Statement - If (matched): null

2018-06-14 19:55:45 - [TEST_STEP][PASSED] - Statement - driver.findElement(org.openqa.selenium.By.xpath("(//ul[@class='unlinked-grouplist']/li/label)[" + index + "]")).click(): null

2018-06-14 19:55:45 - [TEST_STEP][PASSED] - Statement - (count++): null

2018-06-14 19:55:45 - [TEST_STEP][PASSED] - Statement - If (count > 249): null

2018-06-14 19:55:45 - [TEST_STEP][PASSED] - Statement - txt = storesLabel.get(i).getText(): null

2018-06-14 19:55:45 - [TEST_STEP][PASSED] - Statement - index = i + 1: null

2018-06-14 19:55:45 - [TEST_STEP][PASSED] - Statement - matched = pattern.matcher(txt).matches(): null

2018-06-14 19:55:45 - [TEST_STEP][PASSED] - Statement - If (matched): null

2018-06-14 19:55:45 - [TEST_STEP][PASSED] - Statement - driver.findElement(org.openqa.selenium.By.xpath("(//ul[@class='unlinked-grouplist']/li/label)[" + index + "]")).click(): null

2018-06-14 19:55:45 - [TEST_STEP][PASSED] - Statement - (count++): null

2018-06-14 19:55:45 - [TEST_STEP][PASSED] - Statement - If (count > 249): null

2018-06-14 19:55:45 - [TEST_STEP][PASSED] - Statement - txt = storesLabel.get(i).getText(): null

2018-06-14 19:55:45 - [TEST_STEP][PASSED] - Statement - index = i + 1: null

2018-06-14 19:55:45 - [TEST_STEP][PASSED] - Statement - matched = pattern.matcher(txt).matches(): null

2018-06-14 19:55:45 - [TEST_STEP][PASSED] - Statement - If (matched): null

2018-06-14 19:55:45 - [TEST_STEP][PASSED] - Statement - driver.findElement(org.openqa.selenium.By.xpath("(//ul[@class='unlinked-grouplist']/li/label)[" + index + "]")).click(): null

2018-06-14 19:55:46 - [TEST_STEP][PASSED] - Statement - (count++): null

2018-06-14 19:55:46 - [TEST_STEP][PASSED] - Statement - If (count > 249): null

2018-06-14 19:55:46 - [TEST_STEP][PASSED] - Statement - txt = storesLabel.get(i).getText(): null

2018-06-14 19:55:46 - [TEST_STEP][PASSED] - Statement - index = i + 1: null

2018-06-14 19:55:46 - [TEST_STEP][PASSED] - Statement - matched = pattern.matcher(txt).matches(): null

2018-06-14 19:55:46 - [TEST_STEP][PASSED] - Statement - If (matched): null

2018-06-14 19:55:46 - [TEST_STEP][PASSED] - Statement - driver.findElement(org.openqa.selenium.By.xpath("(//ul[@class='unlinked-grouplist']/li/label)[" + index + "]")).click(): null

2018-06-14 19:55:46 - [TEST_STEP][PASSED] - Statement - (count++): null

2018-06-14 19:55:46 - [TEST_STEP][PASSED] - Statement - If (count > 249): null

2018-06-14 19:55:46 - [TEST_STEP][PASSED] - Statement - txt = storesLabel.get(i).getText(): null

2018-06-14 19:55:46 - [TEST_STEP][PASSED] - Statement - index = i + 1: null

2018-06-14 19:55:46 - [TEST_STEP][PASSED] - Statement - matched = pattern.matcher(txt).matches(): null

2018-06-14 19:55:46 - [TEST_STEP][PASSED] - Statement - If (matched): null

2018-06-14 19:55:46 - [TEST_STEP][PASSED] - Statement - driver.findElement(org.openqa.selenium.By.xpath("(//ul[@class='unlinked-grouplist']/li/label)[" + index + "]")).click(): null

2018-06-14 19:55:46 - [TEST_STEP][PASSED] - Statement - (count++): null

2018-06-14 19:55:46 - [TEST_STEP][PASSED] - Statement - If (count > 249): null

2018-06-14 19:55:46 - [TEST_STEP][PASSED] - Statement - txt = storesLabel.get(i).getText(): null

2018-06-14 19:55:46 - [TEST_STEP][PASSED] - Statement - index = i + 1: null

2018-06-14 19:55:46 - [TEST_STEP][PASSED] - Statement - matched = pattern.matcher(txt).matches(): null

2018-06-14 19:55:46 - [TEST_STEP][PASSED] - Statement - If (matched): null

2018-06-14 19:55:46 - [TEST_STEP][PASSED] - Statement - driver.findElement(org.openqa.selenium.By.xpath("(//ul[@class='unlinked-grouplist']/li/label)[" + index + "]")).click(): null

2018-06-14 19:55:46 - [TEST_STEP][PASSED] - Statement - (count++): null

2018-06-14 19:55:46 - [TEST_STEP][PASSED] - Statement - If (count > 249): null

2018-06-14 19:55:46 - [TEST_STEP][PASSED] - Statement - txt = storesLabel.get(i).getText(): null

2018-06-14 19:55:46 - [TEST_STEP][PASSED] - Statement - index = i + 1: null

2018-06-14 19:55:46 - [TEST_STEP][PASSED] - Statement - matched = pattern.matcher(txt).matches(): null

2018-06-14 19:55:46 - [TEST_STEP][PASSED] - Statement - If (matched): null

2018-06-14 19:55:46 - [TEST_STEP][PASSED] - Statement - driver.findElement(org.openqa.selenium.By.xpath("(//ul[@class='unlinked-grouplist']/li/label)[" + index + "]")).click(): null

2018-06-14 19:55:46 - [TEST_STEP][PASSED] - Statement - (count++): null

2018-06-14 19:55:46 - [TEST_STEP][PASSED] - Statement - If (count > 249): null

2018-06-14 19:55:46 - [TEST_STEP][PASSED] - Statement - txt = storesLabel.get(i).getText(): null

2018-06-14 19:55:46 - [TEST_STEP][PASSED] - Statement - index = i + 1: null

2018-06-14 19:55:46 - [TEST_STEP][PASSED] - Statement - matched = pattern.matcher(txt).matches(): null

2018-06-14 19:55:46 - [TEST_STEP][PASSED] - Statement - If (matched): null

2018-06-14 19:55:46 - [TEST_STEP][PASSED] - Statement - driver.findElement(org.openqa.selenium.By.xpath("(//ul[@class='unlinked-grouplist']/li/label)[" + index + "]")).click(): null

2018-06-14 19:55:46 - [TEST_STEP][PASSED] - Statement - (count++): null

2018-06-14 19:55:46 - [TEST_STEP][PASSED] - Statement - If (count > 249): null

2018-06-14 19:55:46 - [TEST_STEP][PASSED] - Statement - txt = storesLabel.get(i).getText(): null

2018-06-14 19:55:46 - [TEST_STEP][PASSED] - Statement - index = i + 1: null

2018-06-14 19:55:46 - [TEST_STEP][PASSED] - Statement - matched = pattern.matcher(txt).matches(): null

2018-06-14 19:55:46 - [TEST_STEP][PASSED] - Statement - If (matched): null

2018-06-14 19:55:46 - [TEST_STEP][PASSED] - Statement - driver.findElement(org.openqa.selenium.By.xpath("(//ul[@class='unlinked-grouplist']/li/label)[" + index + "]")).click(): null

2018-06-14 19:55:46 - [TEST_STEP][PASSED] - Statement - (count++): null

2018-06-14 19:55:46 - [TEST_STEP][PASSED] - Statement - If (count > 249): null

2018-06-14 19:55:46 - [TEST_STEP][PASSED] - Statement - txt = storesLabel.get(i).getText(): null

2018-06-14 19:55:46 - [TEST_STEP][PASSED] - Statement - index = i + 1: null

2018-06-14 19:55:46 - [TEST_STEP][PASSED] - Statement - matched = pattern.matcher(txt).matches(): null

2018-06-14 19:55:46 - [TEST_STEP][PASSED] - Statement - If (matched): null

2018-06-14 19:55:46 - [TEST_STEP][PASSED] - Statement - driver.findElement(org.openqa.selenium.By.xpath("(//ul[@class='unlinked-grouplist']/li/label)[" + index + "]")).click(): null

2018-06-14 19:55:46 - [TEST_STEP][PASSED] - Statement - (count++): null

2018-06-14 19:55:46 - [TEST_STEP][PASSED] - Statement - If (count > 249): null

2018-06-14 19:55:46 - [TEST_STEP][PASSED] - Statement - txt = storesLabel.get(i).getText(): null

2018-06-14 19:55:46 - [TEST_STEP][PASSED] - Statement - index = i + 1: null

2018-06-14 19:55:46 - [TEST_STEP][PASSED] - Statement - matched = pattern.matcher(txt).matches(): null

2018-06-14 19:55:46 - [TEST_STEP][PASSED] - Statement - If (matched): null

2018-06-14 19:55:46 - [TEST_STEP][PASSED] - Statement - driver.findElement(org.openqa.selenium.By.xpath("(//ul[@class='unlinked-grouplist']/li/label)[" + index + "]")).click(): null

2018-06-14 19:55:46 - [TEST_STEP][PASSED] - Statement - (count++): null

2018-06-14 19:55:46 - [TEST_STEP][PASSED] - Statement - If (count > 249): null

2018-06-14 19:55:46 - [TEST_STEP][PASSED] - Statement - txt = storesLabel.get(i).getText(): null

2018-06-14 19:55:46 - [TEST_STEP][PASSED] - Statement - index = i + 1: null

2018-06-14 19:55:46 - [TEST_STEP][PASSED] - Statement - matched = pattern.matcher(txt).matches(): null

2018-06-14 19:55:46 - [TEST_STEP][PASSED] - Statement - If (matched): null

2018-06-14 19:55:46 - [TEST_STEP][PASSED] - Statement - driver.findElement(org.openqa.selenium.By.xpath("(//ul[@class='unlinked-grouplist']/li/label)[" + index + "]")).click(): null

2018-06-14 19:55:46 - [TEST_STEP][PASSED] - Statement - (count++): null

2018-06-14 19:55:46 - [TEST_STEP][PASSED] - Statement - If (count > 249): null

2018-06-14 19:55:46 - [TEST_STEP][PASSED] - Statement - txt = storesLabel.get(i).getText(): null

2018-06-14 19:55:46 - [TEST_STEP][PASSED] - Statement - index = i + 1: null

2018-06-14 19:55:46 - [TEST_STEP][PASSED] - Statement - matched = pattern.matcher(txt).matches(): null

2018-06-14 19:55:46 - [TEST_STEP][PASSED] - Statement - If (matched): null

2018-06-14 19:55:46 - [TEST_STEP][PASSED] - Statement - driver.findElement(org.openqa.selenium.By.xpath("(//ul[@class='unlinked-grouplist']/li/label)[" + index + "]")).click(): null

2018-06-14 19:55:46 - [TEST_STEP][PASSED] - Statement - (count++): null

2018-06-14 19:55:46 - [TEST_STEP][PASSED] - Statement - If (count > 249): null

2018-06-14 19:55:46 - [TEST_STEP][PASSED] - Statement - txt = storesLabel.get(i).getText(): null

2018-06-14 19:55:46 - [TEST_STEP][PASSED] - Statement - index = i + 1: null

2018-06-14 19:55:46 - [TEST_STEP][PASSED] - Statement - matched = pattern.matcher(txt).matches(): null

2018-06-14 19:55:46 - [TEST_STEP][PASSED] - Statement - If (matched): null

2018-06-14 19:55:46 - [TEST_STEP][PASSED] - Statement - driver.findElement(org.openqa.selenium.By.xpath("(//ul[@class='unlinked-grouplist']/li/label)[" + index + "]")).click(): null

2018-06-14 19:55:46 - [TEST_STEP][PASSED] - Statement - (count++): null

2018-06-14 19:55:46 - [TEST_STEP][PASSED] - Statement - If (count > 249): null

2018-06-14 19:55:46 - [TEST_STEP][PASSED] - Statement - txt = storesLabel.get(i).getText(): null

2018-06-14 19:55:46 - [TEST_STEP][PASSED] - Statement - index = i + 1: null

2018-06-14 19:55:46 - [TEST_STEP][PASSED] - Statement - matched = pattern.matcher(txt).matches(): null

2018-06-14 19:55:46 - [TEST_STEP][PASSED] - Statement - If (matched): null

2018-06-14 19:55:46 - [TEST_STEP][PASSED] - Statement - driver.findElement(org.openqa.selenium.By.xpath("(//ul[@class='unlinked-grouplist']/li/label)[" + index + "]")).click(): null

2018-06-14 19:55:46 - [TEST_STEP][PASSED] - Statement - (count++): null

2018-06-14 19:55:46 - [TEST_STEP][PASSED] - Statement - If (count > 249): null

2018-06-14 19:55:46 - [TEST_STEP][PASSED] - Statement - txt = storesLabel.get(i).getText(): null

2018-06-14 19:55:46 - [TEST_STEP][PASSED] - Statement - index = i + 1: null

2018-06-14 19:55:46 - [TEST_STEP][PASSED] - Statement - matched = pattern.matcher(txt).matches(): null

2018-06-14 19:55:46 - [TEST_STEP][PASSED] - Statement - If (matched): null

2018-06-14 19:55:46 - [TEST_STEP][PASSED] - Statement - driver.findElement(org.openqa.selenium.By.xpath("(//ul[@class='unlinked-grouplist']/li/label)[" + index + "]")).click(): null

2018-06-14 19:55:47 - [TEST_STEP][PASSED] - Statement - (count++): null

2018-06-14 19:55:47 - [TEST_STEP][PASSED] - Statement - If (count > 249): null

2018-06-14 19:55:47 - [TEST_STEP][PASSED] - Statement - txt = storesLabel.get(i).getText(): null

2018-06-14 19:55:47 - [TEST_STEP][PASSED] - Statement - index = i + 1: null

2018-06-14 19:55:47 - [TEST_STEP][PASSED] - Statement - matched = pattern.matcher(txt).matches(): null

2018-06-14 19:55:47 - [TEST_STEP][PASSED] - Statement - If (matched): null

2018-06-14 19:55:47 - [TEST_STEP][PASSED] - Statement - driver.findElement(org.openqa.selenium.By.xpath("(//ul[@class='unlinked-grouplist']/li/label)[" + index + "]")).click(): null

2018-06-14 19:55:47 - [TEST_STEP][PASSED] - Statement - (count++): null

2018-06-14 19:55:47 - [TEST_STEP][PASSED] - Statement - If (count > 249): null

2018-06-14 19:55:47 - [TEST_STEP][PASSED] - Statement - txt = storesLabel.get(i).getText(): null

2018-06-14 19:55:47 - [TEST_STEP][PASSED] - Statement - index = i + 1: null

2018-06-14 19:55:47 - [TEST_STEP][PASSED] - Statement - matched = pattern.matcher(txt).matches(): null

2018-06-14 19:55:47 - [TEST_STEP][PASSED] - Statement - If (matched): null

2018-06-14 19:55:47 - [TEST_STEP][PASSED] - Statement - driver.findElement(org.openqa.selenium.By.xpath("(//ul[@class='unlinked-grouplist']/li/label)[" + index + "]")).click(): null

2018-06-14 19:55:47 - [TEST_STEP][PASSED] - Statement - (count++): null

2018-06-14 19:55:47 - [TEST_STEP][PASSED] - Statement - If (count > 249): null

2018-06-14 19:55:47 - [TEST_STEP][PASSED] - Statement - txt = storesLabel.get(i).getText(): null

2018-06-14 19:55:47 - [TEST_STEP][PASSED] - Statement - index = i + 1: null

2018-06-14 19:55:47 - [TEST_STEP][PASSED] - Statement - matched = pattern.matcher(txt).matches(): null

2018-06-14 19:55:47 - [TEST_STEP][PASSED] - Statement - If (matched): null

2018-06-14 19:55:47 - [TEST_STEP][PASSED] - Statement - driver.findElement(org.openqa.selenium.By.xpath("(//ul[@class='unlinked-grouplist']/li/label)[" + index + "]")).click(): null

2018-06-14 19:55:47 - [TEST_STEP][PASSED] - Statement - (count++): null

2018-06-14 19:55:47 - [TEST_STEP][PASSED] - Statement - If (count > 249): null

2018-06-14 19:55:47 - [TEST_STEP][PASSED] - Statement - txt = storesLabel.get(i).getText(): null

2018-06-14 19:55:47 - [TEST_STEP][PASSED] - Statement - index = i + 1: null

2018-06-14 19:55:47 - [TEST_STEP][PASSED] - Statement - matched = pattern.matcher(txt).matches(): null

2018-06-14 19:55:47 - [TEST_STEP][PASSED] - Statement - If (matched): null

2018-06-14 19:55:47 - [TEST_STEP][PASSED] - Statement - driver.findElement(org.openqa.selenium.By.xpath("(//ul[@class='unlinked-grouplist']/li/label)[" + index + "]")).click(): null

2018-06-14 19:55:47 - [TEST_STEP][PASSED] - Statement - (count++): null

2018-06-14 19:55:47 - [TEST_STEP][PASSED] - Statement - If (count > 249): null

2018-06-14 19:55:47 - [TEST_STEP][PASSED] - Statement - txt = storesLabel.get(i).getText(): null

2018-06-14 19:55:47 - [TEST_STEP][PASSED] - Statement - index = i + 1: null

2018-06-14 19:55:47 - [TEST_STEP][PASSED] - Statement - matched = pattern.matcher(txt).matches(): null

2018-06-14 19:55:47 - [TEST_STEP][PASSED] - Statement - If (matched): null

2018-06-14 19:55:47 - [TEST_STEP][PASSED] - Statement - driver.findElement(org.openqa.selenium.By.xpath("(//ul[@class='unlinked-grouplist']/li/label)[" + index + "]")).click(): null

2018-06-14 19:55:47 - [TEST_STEP][PASSED] - Statement - (count++): null

2018-06-14 19:55:47 - [TEST_STEP][PASSED] - Statement - If (count > 249): null

2018-06-14 19:55:47 - [TEST_STEP][PASSED] - Statement - txt = storesLabel.get(i).getText(): null

2018-06-14 19:55:47 - [TEST_STEP][PASSED] - Statement - index = i + 1: null

2018-06-14 19:55:47 - [TEST_STEP][PASSED] - Statement - matched = pattern.matcher(txt).matches(): null

2018-06-14 19:55:47 - [TEST_STEP][PASSED] - Statement - If (matched): null

2018-06-14 19:55:47 - [TEST_STEP][PASSED] - Statement - driver.findElement(org.openqa.selenium.By.xpath("(//ul[@class='unlinked-grouplist']/li/label)[" + index + "]")).click(): null

2018-06-14 19:55:47 - [TEST_STEP][PASSED] - Statement - (count++): null

2018-06-14 19:55:47 - [TEST_STEP][PASSED] - Statement - If (count > 249): null

2018-06-14 19:55:47 - [TEST_STEP][PASSED] - Statement - txt = storesLabel.get(i).getText(): null

2018-06-14 19:55:47 - [TEST_STEP][PASSED] - Statement - index = i + 1: null

2018-06-14 19:55:47 - [TEST_STEP][PASSED] - Statement - matched = pattern.matcher(txt).matches(): null

2018-06-14 19:55:47 - [TEST_STEP][PASSED] - Statement - If (matched): null

2018-06-14 19:55:47 - [TEST_STEP][PASSED] - Statement - driver.findElement(org.openqa.selenium.By.xpath("(//ul[@class='unlinked-grouplist']/li/label)[" + index + "]")).click(): null

2018-06-14 19:55:47 - [TEST_STEP][PASSED] - Statement - (count++): null

2018-06-14 19:55:47 - [TEST_STEP][PASSED] - Statement - If (count > 249): null

2018-06-14 19:55:47 - [TEST_STEP][PASSED] - Statement - txt = storesLabel.get(i).getText(): null

2018-06-14 19:55:47 - [TEST_STEP][PASSED] - Statement - index = i + 1: null

2018-06-14 19:55:47 - [TEST_STEP][PASSED] - Statement - matched = pattern.matcher(txt).matches(): null

2018-06-14 19:55:47 - [TEST_STEP][PASSED] - Statement - If (matched): null

2018-06-14 19:55:47 - [TEST_STEP][PASSED] - Statement - driver.findElement(org.openqa.selenium.By.xpath("(//ul[@class='unlinked-grouplist']/li/label)[" + index + "]")).click(): null

2018-06-14 19:55:47 - [TEST_STEP][PASSED] - Statement - (count++): null

2018-06-14 19:55:47 - [TEST_STEP][PASSED] - Statement - If (count > 249): null

2018-06-14 19:55:47 - [TEST_STEP][PASSED] - Statement - txt = storesLabel.get(i).getText(): null

2018-06-14 19:55:47 - [TEST_STEP][PASSED] - Statement - index = i + 1: null

2018-06-14 19:55:47 - [TEST_STEP][PASSED] - Statement - matched = pattern.matcher(txt).matches(): null

2018-06-14 19:55:47 - [TEST_STEP][PASSED] - Statement - If (matched): null

2018-06-14 19:55:47 - [TEST_STEP][PASSED] - Statement - driver.findElement(org.openqa.selenium.By.xpath("(//ul[@class='unlinked-grouplist']/li/label)[" + index + "]")).click(): null

2018-06-14 19:55:47 - [TEST_STEP][PASSED] - Statement - (count++): null

2018-06-14 19:55:47 - [TEST_STEP][PASSED] - Statement - If (count > 249): null

2018-06-14 19:55:47 - [TEST_STEP][PASSED] - Statement - txt = storesLabel.get(i).getText(): null

2018-06-14 19:55:47 - [TEST_STEP][PASSED] - Statement - index = i + 1: null

2018-06-14 19:55:47 - [TEST_STEP][PASSED] - Statement - matched = pattern.matcher(txt).matches(): null

2018-06-14 19:55:47 - [TEST_STEP][PASSED] - Statement - If (matched): null

2018-06-14 19:55:47 - [TEST_STEP][PASSED] - Statement - driver.findElement(org.openqa.selenium.By.xpath("(//ul[@class='unlinked-grouplist']/li/label)[" + index + "]")).click(): null

2018-06-14 19:55:47 - [TEST_STEP][PASSED] - Statement - (count++): null

2018-06-14 19:55:47 - [TEST_STEP][PASSED] - Statement - If (count > 249): null

2018-06-14 19:55:47 - [TEST_STEP][PASSED] - Statement - txt = storesLabel.get(i).getText(): null

2018-06-14 19:55:47 - [TEST_STEP][PASSED] - Statement - index = i + 1: null

2018-06-14 19:55:47 - [TEST_STEP][PASSED] - Statement - matched = pattern.matcher(txt).matches(): null

2018-06-14 19:55:47 - [TEST_STEP][PASSED] - Statement - If (matched): null

2018-06-14 19:55:47 - [TEST_STEP][PASSED] - Statement - driver.findElement(org.openqa.selenium.By.xpath("(//ul[@class='unlinked-grouplist']/li/label)[" + index + "]")).click(): null

2018-06-14 19:55:47 - [TEST_STEP][PASSED] - Statement - (count++): null

2018-06-14 19:55:47 - [TEST_STEP][PASSED] - Statement - If (count > 249): null

2018-06-14 19:55:47 - [TEST_STEP][PASSED] - Statement - txt = storesLabel.get(i).getText(): null

2018-06-14 19:55:47 - [TEST_STEP][PASSED] - Statement - index = i + 1: null

2018-06-14 19:55:47 - [TEST_STEP][PASSED] - Statement - matched = pattern.matcher(txt).matches(): null

2018-06-14 19:55:47 - [TEST_STEP][PASSED] - Statement - If (matched): null

2018-06-14 19:55:47 - [TEST_STEP][PASSED] - Statement - driver.findElement(org.openqa.selenium.By.xpath("(//ul[@class='unlinked-grouplist']/li/label)[" + index + "]")).click(): null

2018-06-14 19:55:47 - [TEST_STEP][PASSED] - Statement - (count++): null

2018-06-14 19:55:47 - [TEST_STEP][PASSED] - Statement - If (count > 249): null

2018-06-14 19:55:47 - [TEST_STEP][PASSED] - Statement - txt = storesLabel.get(i).getText(): null

2018-06-14 19:55:47 - [TEST_STEP][PASSED] - Statement - index = i + 1: null

2018-06-14 19:55:47 - [TEST_STEP][PASSED] - Statement - matched = pattern.matcher(txt).matches(): null

2018-06-14 19:55:47 - [TEST_STEP][PASSED] - Statement - If (matched): null

2018-06-14 19:55:47 - [TEST_STEP][PASSED] - Statement - driver.findElement(org.openqa.selenium.By.xpath("(//ul[@class='unlinked-grouplist']/li/label)[" + index + "]")).click(): null

2018-06-14 19:55:47 - [TEST_STEP][PASSED] - Statement - (count++): null

2018-06-14 19:55:47 - [TEST_STEP][PASSED] - Statement - If (count > 249): null

2018-06-14 19:55:47 - [TEST_STEP][PASSED] - Statement - txt = storesLabel.get(i).getText(): null

2018-06-14 19:55:47 - [TEST_STEP][PASSED] - Statement - index = i + 1: null

2018-06-14 19:55:47 - [TEST_STEP][PASSED] - Statement - matched = pattern.matcher(txt).matches(): null

2018-06-14 19:55:47 - [TEST_STEP][PASSED] - Statement - If (matched): null

2018-06-14 19:55:47 - [TEST_STEP][PASSED] - Statement - driver.findElement(org.openqa.selenium.By.xpath("(//ul[@class='unlinked-grouplist']/li/label)[" + index + "]")).click(): null

2018-06-14 19:55:47 - [TEST_STEP][PASSED] - Statement - (count++): null

2018-06-14 19:55:47 - [TEST_STEP][PASSED] - Statement - If (count > 249): null

2018-06-14 19:55:47 - [TEST_STEP][PASSED] - Statement - txt = storesLabel.get(i).getText(): null

2018-06-14 19:55:47 - [TEST_STEP][PASSED] - Statement - index = i + 1: null

2018-06-14 19:55:47 - [TEST_STEP][PASSED] - Statement - matched = pattern.matcher(txt).matches(): null

2018-06-14 19:55:47 - [TEST_STEP][PASSED] - Statement - If (matched): null

2018-06-14 19:55:47 - [TEST_STEP][PASSED] - Statement - driver.findElement(org.openqa.selenium.By.xpath("(//ul[@class='unlinked-grouplist']/li/label)[" + index + "]")).click(): null

2018-06-14 19:55:48 - [TEST_STEP][PASSED] - Statement - (count++): null

2018-06-14 19:55:48 - [TEST_STEP][PASSED] - Statement - If (count > 249): null

2018-06-14 19:55:48 - [TEST_STEP][PASSED] - Statement - txt = storesLabel.get(i).getText(): null

2018-06-14 19:55:48 - [TEST_STEP][PASSED] - Statement - index = i + 1: null

2018-06-14 19:55:48 - [TEST_STEP][PASSED] - Statement - matched = pattern.matcher(txt).matches(): null

2018-06-14 19:55:48 - [TEST_STEP][PASSED] - Statement - If (matched): null

2018-06-14 19:55:48 - [TEST_STEP][PASSED] - Statement - driver.findElement(org.openqa.selenium.By.xpath("(//ul[@class='unlinked-grouplist']/li/label)[" + index + "]")).click(): null

2018-06-14 19:55:48 - [TEST_STEP][PASSED] - Statement - (count++): null

2018-06-14 19:55:48 - [TEST_STEP][PASSED] - Statement - If (count > 249): null

2018-06-14 19:55:48 - [TEST_STEP][PASSED] - Statement - txt = storesLabel.get(i).getText(): null

2018-06-14 19:55:48 - [TEST_STEP][PASSED] - Statement - index = i + 1: null

2018-06-14 19:55:48 - [TEST_STEP][PASSED] - Statement - matched = pattern.matcher(txt).matches(): null

2018-06-14 19:55:48 - [TEST_STEP][PASSED] - Statement - If (matched): null

2018-06-14 19:55:48 - [TEST_STEP][PASSED] - Statement - driver.findElement(org.openqa.selenium.By.xpath("(//ul[@class='unlinked-grouplist']/li/label)[" + index + "]")).click(): null

2018-06-14 19:55:48 - [TEST_STEP][PASSED] - Statement - (count++): null

2018-06-14 19:55:48 - [TEST_STEP][PASSED] - Statement - If (count > 249): null

2018-06-14 19:55:48 - [TEST_STEP][PASSED] - Statement - txt = storesLabel.get(i).getText(): null

2018-06-14 19:55:48 - [TEST_STEP][PASSED] - Statement - index = i + 1: null

2018-06-14 19:55:48 - [TEST_STEP][PASSED] - Statement - matched = pattern.matcher(txt).matches(): null

2018-06-14 19:55:48 - [TEST_STEP][PASSED] - Statement - If (matched): null

2018-06-14 19:55:48 - [TEST_STEP][PASSED] - Statement - driver.findElement(org.openqa.selenium.By.xpath("(//ul[@class='unlinked-grouplist']/li/label)[" + index + "]")).click(): null

2018-06-14 19:55:48 - [TEST_STEP][PASSED] - Statement - (count++): null

2018-06-14 19:55:48 - [TEST_STEP][PASSED] - Statement - If (count > 249): null

2018-06-14 19:55:48 - [TEST_STEP][PASSED] - Statement - txt = storesLabel.get(i).getText(): null

2018-06-14 19:55:48 - [TEST_STEP][PASSED] - Statement - index = i + 1: null

2018-06-14 19:55:48 - [TEST_STEP][PASSED] - Statement - matched = pattern.matcher(txt).matches(): null

2018-06-14 19:55:48 - [TEST_STEP][PASSED] - Statement - If (matched): null

2018-06-14 19:55:48 - [TEST_STEP][PASSED] - Statement - driver.findElement(org.openqa.selenium.By.xpath("(//ul[@class='unlinked-grouplist']/li/label)[" + index + "]")).click(): null

2018-06-14 19:55:48 - [TEST_STEP][PASSED] - Statement - (count++): null

2018-06-14 19:55:48 - [TEST_STEP][PASSED] - Statement - If (count > 249): null

2018-06-14 19:55:48 - [TEST_STEP][PASSED] - Statement - txt = storesLabel.get(i).getText(): null

2018-06-14 19:55:48 - [TEST_STEP][PASSED] - Statement - index = i + 1: null

2018-06-14 19:55:48 - [TEST_STEP][PASSED] - Statement - matched = pattern.matcher(txt).matches(): null

2018-06-14 19:55:48 - [TEST_STEP][PASSED] - Statement - If (matched): null

2018-06-14 19:55:48 - [TEST_STEP][PASSED] - Statement - driver.findElement(org.openqa.selenium.By.xpath("(//ul[@class='unlinked-grouplist']/li/label)[" + index + "]")).click(): null

2018-06-14 19:55:48 - [TEST_STEP][PASSED] - Statement - (count++): null

2018-06-14 19:55:48 - [TEST_STEP][PASSED] - Statement - If (count > 249): null

2018-06-14 19:55:48 - [TEST_STEP][PASSED] - Statement - txt = storesLabel.get(i).getText(): null

2018-06-14 19:55:48 - [TEST_STEP][PASSED] - Statement - index = i + 1: null

2018-06-14 19:55:48 - [TEST_STEP][PASSED] - Statement - matched = pattern.matcher(txt).matches(): null

2018-06-14 19:55:48 - [TEST_STEP][PASSED] - Statement - If (matched): null

2018-06-14 19:55:48 - [TEST_STEP][PASSED] - Statement - driver.findElement(org.openqa.selenium.By.xpath("(//ul[@class='unlinked-grouplist']/li/label)[" + index + "]")).click(): null

2018-06-14 19:55:48 - [TEST_STEP][PASSED] - Statement - (count++): null

2018-06-14 19:55:48 - [TEST_STEP][PASSED] - Statement - If (count > 249): null

2018-06-14 19:55:48 - [TEST_STEP][PASSED] - Statement - txt = storesLabel.get(i).getText(): null

2018-06-14 19:55:48 - [TEST_STEP][PASSED] - Statement - index = i + 1: null

2018-06-14 19:55:48 - [TEST_STEP][PASSED] - Statement - matched = pattern.matcher(txt).matches(): null

2018-06-14 19:55:48 - [TEST_STEP][PASSED] - Statement - If (matched): null

2018-06-14 19:55:48 - [TEST_STEP][PASSED] - Statement - driver.findElement(org.openqa.selenium.By.xpath("(//ul[@class='unlinked-grouplist']/li/label)[" + index + "]")).click(): null

2018-06-14 19:55:48 - [TEST_STEP][PASSED] - Statement - (count++): null

2018-06-14 19:55:48 - [TEST_STEP][PASSED] - Statement - If (count > 249): null

2018-06-14 19:55:48 - [TEST_STEP][PASSED] - Statement - txt = storesLabel.get(i).getText(): null

2018-06-14 19:55:48 - [TEST_STEP][PASSED] - Statement - index = i + 1: null

2018-06-14 19:55:48 - [TEST_STEP][PASSED] - Statement - matched = pattern.matcher(txt).matches(): null

2018-06-14 19:55:48 - [TEST_STEP][PASSED] - Statement - If (matched): null

2018-06-14 19:55:48 - [TEST_STEP][PASSED] - Statement - driver.findElement(org.openqa.selenium.By.xpath("(//ul[@class='unlinked-grouplist']/li/label)[" + index + "]")).click(): null

2018-06-14 19:55:48 - [TEST_STEP][PASSED] - Statement - (count++): null

2018-06-14 19:55:48 - [TEST_STEP][PASSED] - Statement - If (count > 249): null

2018-06-14 19:55:48 - [TEST_STEP][PASSED] - Statement - txt = storesLabel.get(i).getText(): null

2018-06-14 19:55:48 - [TEST_STEP][PASSED] - Statement - index = i + 1: null

2018-06-14 19:55:48 - [TEST_STEP][PASSED] - Statement - matched = pattern.matcher(txt).matches(): null

2018-06-14 19:55:48 - [TEST_STEP][PASSED] - Statement - If (matched): null

2018-06-14 19:55:48 - [TEST_STEP][PASSED] - Statement - driver.findElement(org.openqa.selenium.By.xpath("(//ul[@class='unlinked-grouplist']/li/label)[" + index + "]")).click(): null

2018-06-14 19:55:48 - [TEST_STEP][PASSED] - Statement - (count++): null

2018-06-14 19:55:48 - [TEST_STEP][PASSED] - Statement - If (count > 249): null

2018-06-14 19:55:48 - [TEST_STEP][PASSED] - Statement - txt = storesLabel.get(i).getText(): null

2018-06-14 19:55:48 - [TEST_STEP][PASSED] - Statement - index = i + 1: null

2018-06-14 19:55:48 - [TEST_STEP][PASSED] - Statement - matched = pattern.matcher(txt).matches(): null

2018-06-14 19:55:48 - [TEST_STEP][PASSED] - Statement - If (matched): null

2018-06-14 19:55:48 - [TEST_STEP][PASSED] - Statement - driver.findElement(org.openqa.selenium.By.xpath("(//ul[@class='unlinked-grouplist']/li/label)[" + index + "]")).click(): null

2018-06-14 19:55:48 - [TEST_STEP][PASSED] - Statement - (count++): null

2018-06-14 19:55:48 - [TEST_STEP][PASSED] - Statement - If (count > 249): null

2018-06-14 19:55:48 - [TEST_STEP][PASSED] - Statement - txt = storesLabel.get(i).getText(): null

2018-06-14 19:55:48 - [TEST_STEP][PASSED] - Statement - index = i + 1: null

2018-06-14 19:55:48 - [TEST_STEP][PASSED] - Statement - matched = pattern.matcher(txt).matches(): null

2018-06-14 19:55:48 - [TEST_STEP][PASSED] - Statement - If (matched): null

2018-06-14 19:55:48 - [TEST_STEP][PASSED] - Statement - driver.findElement(org.openqa.selenium.By.xpath("(//ul[@class='unlinked-grouplist']/li/label)[" + index + "]")).click(): null

2018-06-14 19:55:48 - [TEST_STEP][PASSED] - Statement - (count++): null

2018-06-14 19:55:48 - [TEST_STEP][PASSED] - Statement - If (count > 249): null

2018-06-14 19:55:48 - [TEST_STEP][PASSED] - Statement - txt = storesLabel.get(i).getText(): null

2018-06-14 19:55:48 - [TEST_STEP][PASSED] - Statement - index = i + 1: null

2018-06-14 19:55:48 - [TEST_STEP][PASSED] - Statement - matched = pattern.matcher(txt).matches(): null

2018-06-14 19:55:48 - [TEST_STEP][PASSED] - Statement - If (matched): null

2018-06-14 19:55:48 - [TEST_STEP][PASSED] - Statement - driver.findElement(org.openqa.selenium.By.xpath("(//ul[@class='unlinked-grouplist']/li/label)[" + index + "]")).click(): null

2018-06-14 19:55:48 - [TEST_STEP][PASSED] - Statement - (count++): null

2018-06-14 19:55:48 - [TEST_STEP][PASSED] - Statement - If (count > 249): null

2018-06-14 19:55:48 - [TEST_STEP][PASSED] - Statement - txt = storesLabel.get(i).getText(): null

2018-06-14 19:55:48 - [TEST_STEP][PASSED] - Statement - index = i + 1: null

2018-06-14 19:55:48 - [TEST_STEP][PASSED] - Statement - matched = pattern.matcher(txt).matches(): null

2018-06-14 19:55:48 - [TEST_STEP][PASSED] - Statement - If (matched): null

2018-06-14 19:55:48 - [TEST_STEP][PASSED] - Statement - driver.findElement(org.openqa.selenium.By.xpath("(//ul[@class='unlinked-grouplist']/li/label)[" + index + "]")).click(): null

2018-06-14 19:55:48 - [TEST_STEP][PASSED] - Statement - (count++): null

2018-06-14 19:55:48 - [TEST_STEP][PASSED] - Statement - If (count > 249): null

2018-06-14 19:55:48 - [TEST_STEP][PASSED] - Statement - txt = storesLabel.get(i).getText(): null

2018-06-14 19:55:48 - [TEST_STEP][PASSED] - Statement - index = i + 1: null

2018-06-14 19:55:48 - [TEST_STEP][PASSED] - Statement - matched = pattern.matcher(txt).matches(): null

2018-06-14 19:55:48 - [TEST_STEP][PASSED] - Statement - If (matched): null

2018-06-14 19:55:48 - [TEST_STEP][PASSED] - Statement - driver.findElement(org.openqa.selenium.By.xpath("(//ul[@class='unlinked-grouplist']/li/label)[" + index + "]")).click(): null

2018-06-14 19:55:49 - [TEST_STEP][PASSED] - Statement - (count++): null

2018-06-14 19:55:49 - [TEST_STEP][PASSED] - Statement - If (count > 249): null

2018-06-14 19:55:49 - [TEST_STEP][PASSED] - Statement - txt = storesLabel.get(i).getText(): null

2018-06-14 19:55:49 - [TEST_STEP][PASSED] - Statement - index = i + 1: null

2018-06-14 19:55:49 - [TEST_STEP][PASSED] - Statement - matched = pattern.matcher(txt).matches(): null

2018-06-14 19:55:49 - [TEST_STEP][PASSED] - Statement - If (matched): null

2018-06-14 19:55:49 - [TEST_STEP][PASSED] - Statement - driver.findElement(org.openqa.selenium.By.xpath("(//ul[@class='unlinked-grouplist']/li/label)[" + index + "]")).click(): null

2018-06-14 19:55:49 - [TEST_STEP][PASSED] - Statement - (count++): null

2018-06-14 19:55:49 - [TEST_STEP][PASSED] - Statement - If (count > 249): null

2018-06-14 19:55:49 - [TEST_STEP][PASSED] - Statement - txt = storesLabel.get(i).getText(): null

2018-06-14 19:55:49 - [TEST_STEP][PASSED] - Statement - index = i + 1: null

2018-06-14 19:55:49 - [TEST_STEP][PASSED] - Statement - matched = pattern.matcher(txt).matches(): null

2018-06-14 19:55:49 - [TEST_STEP][PASSED] - Statement - If (matched): null

2018-06-14 19:55:49 - [TEST_STEP][PASSED] - Statement - driver.findElement(org.openqa.selenium.By.xpath("(//ul[@class='unlinked-grouplist']/li/label)[" + index + "]")).click(): null

2018-06-14 19:55:49 - [TEST_STEP][PASSED] - Statement - (count++): null

2018-06-14 19:55:49 - [TEST_STEP][PASSED] - Statement - If (count > 249): null

2018-06-14 19:55:49 - [TEST_STEP][PASSED] - Statement - txt = storesLabel.get(i).getText(): null

2018-06-14 19:55:49 - [TEST_STEP][PASSED] - Statement - index = i + 1: null

2018-06-14 19:55:49 - [TEST_STEP][PASSED] - Statement - matched = pattern.matcher(txt).matches(): null

2018-06-14 19:55:49 - [TEST_STEP][PASSED] - Statement - If (matched): null

2018-06-14 19:55:49 - [TEST_STEP][PASSED] - Statement - driver.findElement(org.openqa.selenium.By.xpath("(//ul[@class='unlinked-grouplist']/li/label)[" + index + "]")).click(): null

2018-06-14 19:55:49 - [TEST_STEP][PASSED] - Statement - (count++): null

2018-06-14 19:55:49 - [TEST_STEP][PASSED] - Statement - If (count > 249): null

2018-06-14 19:55:49 - [TEST_STEP][PASSED] - Statement - txt = storesLabel.get(i).getText(): null

2018-06-14 19:55:49 - [TEST_STEP][PASSED] - Statement - index = i + 1: null

2018-06-14 19:55:49 - [TEST_STEP][PASSED] - Statement - matched = pattern.matcher(txt).matches(): null

2018-06-14 19:55:49 - [TEST_STEP][PASSED] - Statement - If (matched): null

2018-06-14 19:55:49 - [TEST_STEP][PASSED] - Statement - driver.findElement(org.openqa.selenium.By.xpath("(//ul[@class='unlinked-grouplist']/li/label)[" + index + "]")).click(): null

2018-06-14 19:55:49 - [TEST_STEP][PASSED] - Statement - (count++): null

2018-06-14 19:55:49 - [TEST_STEP][PASSED] - Statement - If (count > 249): null

2018-06-14 19:55:49 - [TEST_STEP][PASSED] - Statement - txt = storesLabel.get(i).getText(): null

2018-06-14 19:55:49 - [TEST_STEP][PASSED] - Statement - index = i + 1: null

2018-06-14 19:55:49 - [TEST_STEP][PASSED] - Statement - matched = pattern.matcher(txt).matches(): null

2018-06-14 19:55:49 - [TEST_STEP][PASSED] - Statement - If (matched): null

2018-06-14 19:55:49 - [TEST_STEP][PASSED] - Statement - driver.findElement(org.openqa.selenium.By.xpath("(//ul[@class='unlinked-grouplist']/li/label)[" + index + "]")).click(): null

2018-06-14 19:55:49 - [TEST_STEP][PASSED] - Statement - (count++): null

2018-06-14 19:55:49 - [TEST_STEP][PASSED] - Statement - If (count > 249): null

2018-06-14 19:55:49 - [TEST_STEP][PASSED] - Statement - txt = storesLabel.get(i).getText(): null

2018-06-14 19:55:49 - [TEST_STEP][PASSED] - Statement - index = i + 1: null

2018-06-14 19:55:49 - [TEST_STEP][PASSED] - Statement - matched = pattern.matcher(txt).matches(): null

2018-06-14 19:55:49 - [TEST_STEP][PASSED] - Statement - If (matched): null

2018-06-14 19:55:49 - [TEST_STEP][PASSED] - Statement - driver.findElement(org.openqa.selenium.By.xpath("(//ul[@class='unlinked-grouplist']/li/label)[" + index + "]")).click(): null

2018-06-14 19:55:49 - [TEST_STEP][PASSED] - Statement - (count++): null

2018-06-14 19:55:49 - [TEST_STEP][PASSED] - Statement - If (count > 249): null

2018-06-14 19:55:49 - [TEST_STEP][PASSED] - Statement - txt = storesLabel.get(i).getText(): null

2018-06-14 19:55:49 - [TEST_STEP][PASSED] - Statement - index = i + 1: null

2018-06-14 19:55:49 - [TEST_STEP][PASSED] - Statement - matched = pattern.matcher(txt).matches(): null

2018-06-14 19:55:49 - [TEST_STEP][PASSED] - Statement - If (matched): null

2018-06-14 19:55:49 - [TEST_STEP][PASSED] - Statement - driver.findElement(org.openqa.selenium.By.xpath("(//ul[@class='unlinked-grouplist']/li/label)[" + index + "]")).click(): null

2018-06-14 19:55:49 - [TEST_STEP][PASSED] - Statement - (count++): null

2018-06-14 19:55:49 - [TEST_STEP][PASSED] - Statement - If (count > 249): null

2018-06-14 19:55:49 - [TEST_STEP][PASSED] - Statement - txt = storesLabel.get(i).getText(): null

2018-06-14 19:55:49 - [TEST_STEP][PASSED] - Statement - index = i + 1: null

2018-06-14 19:55:49 - [TEST_STEP][PASSED] - Statement - matched = pattern.matcher(txt).matches(): null

2018-06-14 19:55:49 - [TEST_STEP][PASSED] - Statement - If (matched): null

2018-06-14 19:55:49 - [TEST_STEP][PASSED] - Statement - driver.findElement(org.openqa.selenium.By.xpath("(//ul[@class='unlinked-grouplist']/li/label)[" + index + "]")).click(): null

2018-06-14 19:55:49 - [TEST_STEP][PASSED] - Statement - (count++): null

2018-06-14 19:55:49 - [TEST_STEP][PASSED] - Statement - If (count > 249): null

2018-06-14 19:55:49 - [TEST_STEP][PASSED] - Statement - txt = storesLabel.get(i).getText(): null

2018-06-14 19:55:49 - [TEST_STEP][PASSED] - Statement - index = i + 1: null

2018-06-14 19:55:49 - [TEST_STEP][PASSED] - Statement - matched = pattern.matcher(txt).matches(): null

2018-06-14 19:55:49 - [TEST_STEP][PASSED] - Statement - If (matched): null

2018-06-14 19:55:49 - [TEST_STEP][PASSED] - Statement - driver.findElement(org.openqa.selenium.By.xpath("(//ul[@class='unlinked-grouplist']/li/label)[" + index + "]")).click(): null

2018-06-14 19:55:49 - [TEST_STEP][PASSED] - Statement - (count++): null

2018-06-14 19:55:49 - [TEST_STEP][PASSED] - Statement - If (count > 249): null

2018-06-14 19:55:49 - [TEST_STEP][PASSED] - Statement - txt = storesLabel.get(i).getText(): null

2018-06-14 19:55:49 - [TEST_STEP][PASSED] - Statement - index = i + 1: null

2018-06-14 19:55:49 - [TEST_STEP][PASSED] - Statement - matched = pattern.matcher(txt).matches(): null

2018-06-14 19:55:49 - [TEST_STEP][PASSED] - Statement - If (matched): null

2018-06-14 19:55:49 - [TEST_STEP][PASSED] - Statement - driver.findElement(org.openqa.selenium.By.xpath("(//ul[@class='unlinked-grouplist']/li/label)[" + index + "]")).click(): null

2018-06-14 19:55:49 - [TEST_STEP][PASSED] - Statement - (count++): null

2018-06-14 19:55:49 - [TEST_STEP][PASSED] - Statement - If (count > 249): null

2018-06-14 19:55:49 - [TEST_STEP][PASSED] - Statement - txt = storesLabel.get(i).getText(): null

2018-06-14 19:55:49 - [TEST_STEP][PASSED] - Statement - index = i + 1: null

2018-06-14 19:55:49 - [TEST_STEP][PASSED] - Statement - matched = pattern.matcher(txt).matches(): null

2018-06-14 19:55:49 - [TEST_STEP][PASSED] - Statement - If (matched): null

2018-06-14 19:55:49 - [TEST_STEP][PASSED] - Statement - driver.findElement(org.openqa.selenium.By.xpath("(//ul[@class='unlinked-grouplist']/li/label)[" + index + "]")).click(): null

2018-06-14 19:55:49 - [TEST_STEP][PASSED] - Statement - (count++): null

2018-06-14 19:55:49 - [TEST_STEP][PASSED] - Statement - If (count > 249): null

2018-06-14 19:55:49 - [TEST_STEP][PASSED] - Statement - txt = storesLabel.get(i).getText(): null

2018-06-14 19:55:49 - [TEST_STEP][PASSED] - Statement - index = i + 1: null

2018-06-14 19:55:49 - [TEST_STEP][PASSED] - Statement - matched = pattern.matcher(txt).matches(): null

2018-06-14 19:55:49 - [TEST_STEP][PASSED] - Statement - If (matched): null

2018-06-14 19:55:49 - [TEST_STEP][PASSED] - Statement - driver.findElement(org.openqa.selenium.By.xpath("(//ul[@class='unlinked-grouplist']/li/label)[" + index + "]")).click(): null

2018-06-14 19:55:49 - [TEST_STEP][PASSED] - Statement - (count++): null

2018-06-14 19:55:49 - [TEST_STEP][PASSED] - Statement - If (count > 249): null

2018-06-14 19:55:49 - [TEST_STEP][PASSED] - Statement - txt = storesLabel.get(i).getText(): null

2018-06-14 19:55:49 - [TEST_STEP][PASSED] - Statement - index = i + 1: null

2018-06-14 19:55:49 - [TEST_STEP][PASSED] - Statement - matched = pattern.matcher(txt).matches(): null

2018-06-14 19:55:49 - [TEST_STEP][PASSED] - Statement - If (matched): null

2018-06-14 19:55:49 - [TEST_STEP][PASSED] - Statement - driver.findElement(org.openqa.selenium.By.xpath("(//ul[@class='unlinked-grouplist']/li/label)[" + index + "]")).click(): null

2018-06-14 19:55:49 - [TEST_STEP][PASSED] - Statement - (count++): null

2018-06-14 19:55:49 - [TEST_STEP][PASSED] - Statement - If (count > 249): null

2018-06-14 19:55:49 - [TEST_STEP][PASSED] - Statement - txt = storesLabel.get(i).getText(): null

2018-06-14 19:55:49 - [TEST_STEP][PASSED] - Statement - index = i + 1: null

2018-06-14 19:55:49 - [TEST_STEP][PASSED] - Statement - matched = pattern.matcher(txt).matches(): null

2018-06-14 19:55:49 - [TEST_STEP][PASSED] - Statement - If (matched): null

2018-06-14 19:55:49 - [TEST_STEP][PASSED] - Statement - driver.findElement(org.openqa.selenium.By.xpath("(//ul[@class='unlinked-grouplist']/li/label)[" + index + "]")).click(): null

2018-06-14 19:55:50 - [TEST_STEP][PASSED] - Statement - (count++): null

2018-06-14 19:55:50 - [TEST_STEP][PASSED] - Statement - If (count > 249): null

2018-06-14 19:55:50 - [TEST_STEP][PASSED] - Statement - txt = storesLabel.get(i).getText(): null

2018-06-14 19:55:50 - [TEST_STEP][PASSED] - Statement - index = i + 1: null

2018-06-14 19:55:50 - [TEST_STEP][PASSED] - Statement - matched = pattern.matcher(txt).matches(): null

2018-06-14 19:55:50 - [TEST_STEP][PASSED] - Statement - If (matched): null

2018-06-14 19:55:50 - [TEST_STEP][PASSED] - Statement - driver.findElement(org.openqa.selenium.By.xpath("(//ul[@class='unlinked-grouplist']/li/label)[" + index + "]")).click(): null

2018-06-14 19:55:50 - [TEST_STEP][PASSED] - Statement - (count++): null

2018-06-14 19:55:50 - [TEST_STEP][PASSED] - Statement - If (count > 249): null

2018-06-14 19:55:50 - [TEST_STEP][PASSED] - Statement - txt = storesLabel.get(i).getText(): null

2018-06-14 19:55:50 - [TEST_STEP][PASSED] - Statement - index = i + 1: null

2018-06-14 19:55:50 - [TEST_STEP][PASSED] - Statement - matched = pattern.matcher(txt).matches(): null

2018-06-14 19:55:50 - [TEST_STEP][PASSED] - Statement - If (matched): null

2018-06-14 19:55:50 - [TEST_STEP][PASSED] - Statement - driver.findElement(org.openqa.selenium.By.xpath("(//ul[@class='unlinked-grouplist']/li/label)[" + index + "]")).click(): null

2018-06-14 19:55:50 - [TEST_STEP][PASSED] - Statement - (count++): null

2018-06-14 19:55:50 - [TEST_STEP][PASSED] - Statement - If (count > 249): null

2018-06-14 19:55:50 - [TEST_STEP][PASSED] - Statement - txt = storesLabel.get(i).getText(): null

2018-06-14 19:55:50 - [TEST_STEP][PASSED] - Statement - index = i + 1: null

2018-06-14 19:55:50 - [TEST_STEP][PASSED] - Statement - matched = pattern.matcher(txt).matches(): null

2018-06-14 19:55:50 - [TEST_STEP][PASSED] - Statement - If (matched): null

2018-06-14 19:55:50 - [TEST_STEP][PASSED] - Statement - driver.findElement(org.openqa.selenium.By.xpath("(//ul[@class='unlinked-grouplist']/li/label)[" + index + "]")).click(): null

2018-06-14 19:55:50 - [TEST_STEP][PASSED] - Statement - (count++): null

2018-06-14 19:55:50 - [TEST_STEP][PASSED] - Statement - If (count > 249): null

2018-06-14 19:55:50 - [TEST_STEP][PASSED] - Statement - txt = storesLabel.get(i).getText(): null

2018-06-14 19:55:50 - [TEST_STEP][PASSED] - Statement - index = i + 1: null

2018-06-14 19:55:50 - [TEST_STEP][PASSED] - Statement - matched = pattern.matcher(txt).matches(): null

2018-06-14 19:55:50 - [TEST_STEP][PASSED] - Statement - If (matched): null

2018-06-14 19:55:50 - [TEST_STEP][PASSED] - Statement - driver.findElement(org.openqa.selenium.By.xpath("(//ul[@class='unlinked-grouplist']/li/label)[" + index + "]")).click(): null

2018-06-14 19:55:50 - [TEST_STEP][PASSED] - Statement - (count++): null

2018-06-14 19:55:50 - [TEST_STEP][PASSED] - Statement - If (count > 249): null

2018-06-14 19:55:50 - [TEST_STEP][PASSED] - Statement - txt = storesLabel.get(i).getText(): null

2018-06-14 19:55:50 - [TEST_STEP][PASSED] - Statement - index = i + 1: null

2018-06-14 19:55:50 - [TEST_STEP][PASSED] - Statement - matched = pattern.matcher(txt).matches(): null

2018-06-14 19:55:50 - [TEST_STEP][PASSED] - Statement - If (matched): null

2018-06-14 19:55:50 - [TEST_STEP][PASSED] - Statement - driver.findElement(org.openqa.selenium.By.xpath("(//ul[@class='unlinked-grouplist']/li/label)[" + index + "]")).click(): null

2018-06-14 19:55:50 - [TEST_STEP][PASSED] - Statement - (count++): null

2018-06-14 19:55:50 - [TEST_STEP][PASSED] - Statement - If (count > 249): null

2018-06-14 19:55:50 - [TEST_STEP][PASSED] - Statement - txt = storesLabel.get(i).getText(): null

2018-06-14 19:55:50 - [TEST_STEP][PASSED] - Statement - index = i + 1: null

2018-06-14 19:55:50 - [TEST_STEP][PASSED] - Statement - matched = pattern.matcher(txt).matches(): null

2018-06-14 19:55:50 - [TEST_STEP][PASSED] - Statement - If (matched): null

2018-06-14 19:55:50 - [TEST_STEP][PASSED] - Statement - driver.findElement(org.openqa.selenium.By.xpath("(//ul[@class='unlinked-grouplist']/li/label)[" + index + "]")).click(): null

2018-06-14 19:55:50 - [TEST_STEP][PASSED] - Statement - (count++): null

2018-06-14 19:55:50 - [TEST_STEP][PASSED] - Statement - If (count > 249): null

2018-06-14 19:55:50 - [TEST_STEP][PASSED] - Statement - txt = storesLabel.get(i).getText(): null

2018-06-14 19:55:50 - [TEST_STEP][PASSED] - Statement - index = i + 1: null

2018-06-14 19:55:50 - [TEST_STEP][PASSED] - Statement - matched = pattern.matcher(txt).matches(): null

2018-06-14 19:55:50 - [TEST_STEP][PASSED] - Statement - If (matched): null

2018-06-14 19:55:50 - [TEST_STEP][PASSED] - Statement - driver.findElement(org.openqa.selenium.By.xpath("(//ul[@class='unlinked-grouplist']/li/label)[" + index + "]")).click(): null

2018-06-14 19:55:50 - [TEST_STEP][PASSED] - Statement - (count++): null

2018-06-14 19:55:50 - [TEST_STEP][PASSED] - Statement - If (count > 249): null

2018-06-14 19:55:50 - [TEST_STEP][PASSED] - Statement - txt = storesLabel.get(i).getText(): null

2018-06-14 19:55:50 - [TEST_STEP][PASSED] - Statement - index = i + 1: null

2018-06-14 19:55:50 - [TEST_STEP][PASSED] - Statement - matched = pattern.matcher(txt).matches(): null

2018-06-14 19:55:50 - [TEST_STEP][PASSED] - Statement - If (matched): null

2018-06-14 19:55:50 - [TEST_STEP][PASSED] - Statement - driver.findElement(org.openqa.selenium.By.xpath("(//ul[@class='unlinked-grouplist']/li/label)[" + index + "]")).click(): null

2018-06-14 19:55:50 - [TEST_STEP][PASSED] - Statement - (count++): null

2018-06-14 19:55:50 - [TEST_STEP][PASSED] - Statement - If (count > 249): null

2018-06-14 19:55:50 - [TEST_STEP][PASSED] - Statement - txt = storesLabel.get(i).getText(): null

2018-06-14 19:55:50 - [TEST_STEP][PASSED] - Statement - index = i + 1: null

2018-06-14 19:55:50 - [TEST_STEP][PASSED] - Statement - matched = pattern.matcher(txt).matches(): null

2018-06-14 19:55:50 - [TEST_STEP][PASSED] - Statement - If (matched): null

2018-06-14 19:55:50 - [TEST_STEP][PASSED] - Statement - driver.findElement(org.openqa.selenium.By.xpath("(//ul[@class='unlinked-grouplist']/li/label)[" + index + "]")).click(): null

2018-06-14 19:55:50 - [TEST_STEP][PASSED] - Statement - (count++): null

2018-06-14 19:55:50 - [TEST_STEP][PASSED] - Statement - If (count > 249): null

2018-06-14 19:55:50 - [TEST_STEP][PASSED] - Statement - txt = storesLabel.get(i).getText(): null

2018-06-14 19:55:50 - [TEST_STEP][PASSED] - Statement - index = i + 1: null

2018-06-14 19:55:50 - [TEST_STEP][PASSED] - Statement - matched = pattern.matcher(txt).matches(): null

2018-06-14 19:55:50 - [TEST_STEP][PASSED] - Statement - If (matched): null

2018-06-14 19:55:50 - [TEST_STEP][PASSED] - Statement - driver.findElement(org.openqa.selenium.By.xpath("(//ul[@class='unlinked-grouplist']/li/label)[" + index + "]")).click(): null

2018-06-14 19:55:50 - [TEST_STEP][PASSED] - Statement - (count++): null

2018-06-14 19:55:50 - [TEST_STEP][PASSED] - Statement - If (count > 249): null

2018-06-14 19:55:50 - [TEST_STEP][PASSED] - Statement - txt = storesLabel.get(i).getText(): null

2018-06-14 19:55:50 - [TEST_STEP][PASSED] - Statement - index = i + 1: null

2018-06-14 19:55:50 - [TEST_STEP][PASSED] - Statement - matched = pattern.matcher(txt).matches(): null

2018-06-14 19:55:50 - [TEST_STEP][PASSED] - Statement - If (matched): null

2018-06-14 19:55:50 - [TEST_STEP][PASSED] - Statement - driver.findElement(org.openqa.selenium.By.xpath("(//ul[@class='unlinked-grouplist']/li/label)[" + index + "]")).click(): null

2018-06-14 19:55:50 - [TEST_STEP][PASSED] - Statement - (count++): null

2018-06-14 19:55:50 - [TEST_STEP][PASSED] - Statement - If (count > 249): null

2018-06-14 19:55:50 - [TEST_STEP][PASSED] - Statement - txt = storesLabel.get(i).getText(): null

2018-06-14 19:55:50 - [TEST_STEP][PASSED] - Statement - index = i + 1: null

2018-06-14 19:55:50 - [TEST_STEP][PASSED] - Statement - matched = pattern.matcher(txt).matches(): null

2018-06-14 19:55:50 - [TEST_STEP][PASSED] - Statement - If (matched): null

2018-06-14 19:55:50 - [TEST_STEP][PASSED] - Statement - driver.findElement(org.openqa.selenium.By.xpath("(//ul[@class='unlinked-grouplist']/li/label)[" + index + "]")).click(): null

2018-06-14 19:55:50 - [TEST_STEP][PASSED] - Statement - (count++): null

2018-06-14 19:55:50 - [TEST_STEP][PASSED] - Statement - If (count > 249): null

2018-06-14 19:55:50 - [TEST_STEP][PASSED] - Statement - txt = storesLabel.get(i).getText(): null

2018-06-14 19:55:50 - [TEST_STEP][PASSED] - Statement - index = i + 1: null

2018-06-14 19:55:50 - [TEST_STEP][PASSED] - Statement - matched = pattern.matcher(txt).matches(): null

2018-06-14 19:55:50 - [TEST_STEP][PASSED] - Statement - If (matched): null

2018-06-14 19:55:50 - [TEST_STEP][PASSED] - Statement - driver.findElement(org.openqa.selenium.By.xpath("(//ul[@class='unlinked-grouplist']/li/label)[" + index + "]")).click(): null

2018-06-14 19:55:50 - [TEST_STEP][PASSED] - Statement - (count++): null

2018-06-14 19:55:50 - [TEST_STEP][PASSED] - Statement - If (count > 249): null

2018-06-14 19:55:50 - [TEST_STEP][PASSED] - Statement - txt = storesLabel.get(i).getText(): null

2018-06-14 19:55:51 - [TEST_STEP][PASSED] - Statement - index = i + 1: null

2018-06-14 19:55:51 - [TEST_STEP][PASSED] - Statement - matched = pattern.matcher(txt).matches(): null

2018-06-14 19:55:51 - [TEST_STEP][PASSED] - Statement - If (matched): null

2018-06-14 19:55:51 - [TEST_STEP][PASSED] - Statement - driver.findElement(org.openqa.selenium.By.xpath("(//ul[@class='unlinked-grouplist']/li/label)[" + index + "]")).click(): null

2018-06-14 19:55:51 - [TEST_STEP][PASSED] - Statement - (count++): null

2018-06-14 19:55:51 - [TEST_STEP][PASSED] - Statement - If (count > 249): null

2018-06-14 19:55:51 - [TEST_STEP][PASSED] - Statement - txt = storesLabel.get(i).getText(): null

2018-06-14 19:55:51 - [TEST_STEP][PASSED] - Statement - index = i + 1: null

2018-06-14 19:55:51 - [TEST_STEP][PASSED] - Statement - matched = pattern.matcher(txt).matches(): null

2018-06-14 19:55:51 - [TEST_STEP][PASSED] - Statement - If (matched): null

2018-06-14 19:55:51 - [TEST_STEP][PASSED] - Statement - driver.findElement(org.openqa.selenium.By.xpath("(//ul[@class='unlinked-grouplist']/li/label)[" + index + "]")).click(): null

2018-06-14 19:55:51 - [TEST_STEP][PASSED] - Statement - (count++): null

2018-06-14 19:55:51 - [TEST_STEP][PASSED] - Statement - If (count > 249): null

2018-06-14 19:55:51 - [TEST_STEP][PASSED] - Statement - txt = storesLabel.get(i).getText(): null

2018-06-14 19:55:51 - [TEST_STEP][PASSED] - Statement - index = i + 1: null

2018-06-14 19:55:51 - [TEST_STEP][PASSED] - Statement - matched = pattern.matcher(txt).matches(): null

2018-06-14 19:55:51 - [TEST_STEP][PASSED] - Statement - If (matched): null

2018-06-14 19:55:51 - [TEST_STEP][PASSED] - Statement - driver.findElement(org.openqa.selenium.By.xpath("(//ul[@class='unlinked-grouplist']/li/label)[" + index + "]")).click(): null

2018-06-14 19:55:51 - [TEST_STEP][PASSED] - Statement - (count++): null

2018-06-14 19:55:51 - [TEST_STEP][PASSED] - Statement - If (count > 249): null

2018-06-14 19:55:51 - [TEST_STEP][PASSED] - Statement - txt = storesLabel.get(i).getText(): null

2018-06-14 19:55:51 - [TEST_STEP][PASSED] - Statement - index = i + 1: null

2018-06-14 19:55:51 - [TEST_STEP][PASSED] - Statement - matched = pattern.matcher(txt).matches(): null

2018-06-14 19:55:51 - [TEST_STEP][PASSED] - Statement - If (matched): null

2018-06-14 19:55:51 - [TEST_STEP][PASSED] - Statement - driver.findElement(org.openqa.selenium.By.xpath("(//ul[@class='unlinked-grouplist']/li/label)[" + index + "]")).click(): null

2018-06-14 19:55:51 - [TEST_STEP][PASSED] - Statement - (count++): null

2018-06-14 19:55:51 - [TEST_STEP][PASSED] - Statement - If (count > 249): null

2018-06-14 19:55:51 - [TEST_STEP][PASSED] - Statement - txt = storesLabel.get(i).getText(): null

2018-06-14 19:55:51 - [TEST_STEP][PASSED] - Statement - index = i + 1: null

2018-06-14 19:55:51 - [TEST_STEP][PASSED] - Statement - matched = pattern.matcher(txt).matches(): null

2018-06-14 19:55:51 - [TEST_STEP][PASSED] - Statement - If (matched): null

2018-06-14 19:55:51 - [TEST_STEP][PASSED] - Statement - driver.findElement(org.openqa.selenium.By.xpath("(//ul[@class='unlinked-grouplist']/li/label)[" + index + "]")).click(): null

2018-06-14 19:55:51 - [TEST_STEP][PASSED] - Statement - (count++): null

2018-06-14 19:55:51 - [TEST_STEP][PASSED] - Statement - If (count > 249): null

2018-06-14 19:55:51 - [TEST_STEP][PASSED] - Statement - txt = storesLabel.get(i).getText(): null

2018-06-14 19:55:51 - [TEST_STEP][PASSED] - Statement - index = i + 1: null

2018-06-14 19:55:51 - [TEST_STEP][PASSED] - Statement - matched = pattern.matcher(txt).matches(): null

2018-06-14 19:55:51 - [TEST_STEP][PASSED] - Statement - If (matched): null

2018-06-14 19:55:51 - [TEST_STEP][PASSED] - Statement - driver.findElement(org.openqa.selenium.By.xpath("(//ul[@class='unlinked-grouplist']/li/label)[" + index + "]")).click(): null

2018-06-14 19:55:51 - [TEST_STEP][PASSED] - Statement - (count++): null

2018-06-14 19:55:51 - [TEST_STEP][PASSED] - Statement - If (count > 249): null

2018-06-14 19:55:51 - [TEST_STEP][PASSED] - Statement - txt = storesLabel.get(i).getText(): null

2018-06-14 19:55:51 - [TEST_STEP][PASSED] - Statement - index = i + 1: null

2018-06-14 19:55:51 - [TEST_STEP][PASSED] - Statement - matched = pattern.matcher(txt).matches(): null

2018-06-14 19:55:51 - [TEST_STEP][PASSED] - Statement - If (matched): null

2018-06-14 19:55:51 - [TEST_STEP][PASSED] - Statement - driver.findElement(org.openqa.selenium.By.xpath("(//ul[@class='unlinked-grouplist']/li/label)[" + index + "]")).click(): null

2018-06-14 19:55:51 - [TEST_STEP][PASSED] - Statement - (count++): null

2018-06-14 19:55:51 - [TEST_STEP][PASSED] - Statement - If (count > 249): null

2018-06-14 19:55:51 - [TEST_STEP][PASSED] - Statement - txt = storesLabel.get(i).getText(): null

2018-06-14 19:55:51 - [TEST_STEP][PASSED] - Statement - index = i + 1: null

2018-06-14 19:55:51 - [TEST_STEP][PASSED] - Statement - matched = pattern.matcher(txt).matches(): null

2018-06-14 19:55:51 - [TEST_STEP][PASSED] - Statement - If (matched): null

2018-06-14 19:55:51 - [TEST_STEP][PASSED] - Statement - driver.findElement(org.openqa.selenium.By.xpath("(//ul[@class='unlinked-grouplist']/li/label)[" + index + "]")).click(): null

2018-06-14 19:55:51 - [TEST_STEP][PASSED] - Statement - (count++): null

2018-06-14 19:55:51 - [TEST_STEP][PASSED] - Statement - If (count > 249): null

2018-06-14 19:55:51 - [TEST_STEP][PASSED] - Statement - txt = storesLabel.get(i).getText(): null

2018-06-14 19:55:51 - [TEST_STEP][PASSED] - Statement - index = i + 1: null

2018-06-14 19:55:51 - [TEST_STEP][PASSED] - Statement - matched = pattern.matcher(txt).matches(): null

2018-06-14 19:55:51 - [TEST_STEP][PASSED] - Statement - If (matched): null

2018-06-14 19:55:51 - [TEST_STEP][PASSED] - Statement - driver.findElement(org.openqa.selenium.By.xpath("(//ul[@class='unlinked-grouplist']/li/label)[" + index + "]")).click(): null

2018-06-14 19:55:51 - [TEST_STEP][PASSED] - Statement - (count++): null

2018-06-14 19:55:51 - [TEST_STEP][PASSED] - Statement - If (count > 249): null

2018-06-14 19:55:51 - [TEST_STEP][PASSED] - Statement - txt = storesLabel.get(i).getText(): null

2018-06-14 19:55:51 - [TEST_STEP][PASSED] - Statement - index = i + 1: null

2018-06-14 19:55:51 - [TEST_STEP][PASSED] - Statement - matched = pattern.matcher(txt).matches(): null

2018-06-14 19:55:51 - [TEST_STEP][PASSED] - Statement - If (matched): null

2018-06-14 19:55:51 - [TEST_STEP][PASSED] - Statement - driver.findElement(org.openqa.selenium.By.xpath("(//ul[@class='unlinked-grouplist']/li/label)[" + index + "]")).click(): null

2018-06-14 19:55:51 - [TEST_STEP][PASSED] - Statement - (count++): null

2018-06-14 19:55:51 - [TEST_STEP][PASSED] - Statement - If (count > 249): null

2018-06-14 19:55:51 - [TEST_STEP][PASSED] - Statement - txt = storesLabel.get(i).getText(): null

2018-06-14 19:55:51 - [TEST_STEP][PASSED] - Statement - index = i + 1: null

2018-06-14 19:55:51 - [TEST_STEP][PASSED] - Statement - matched = pattern.matcher(txt).matches(): null

2018-06-14 19:55:51 - [TEST_STEP][PASSED] - Statement - If (matched): null

2018-06-14 19:55:51 - [TEST_STEP][PASSED] - Statement - driver.findElement(org.openqa.selenium.By.xpath("(//ul[@class='unlinked-grouplist']/li/label)[" + index + "]")).click(): null

2018-06-14 19:55:51 - [TEST_STEP][PASSED] - Statement - (count++): null

2018-06-14 19:55:51 - [TEST_STEP][PASSED] - Statement - If (count > 249): null

2018-06-14 19:55:51 - [TEST_STEP][PASSED] - Statement - txt = storesLabel.get(i).getText(): null

2018-06-14 19:55:51 - [TEST_STEP][PASSED] - Statement - index = i + 1: null

2018-06-14 19:55:51 - [TEST_STEP][PASSED] - Statement - matched = pattern.matcher(txt).matches(): null

2018-06-14 19:55:51 - [TEST_STEP][PASSED] - Statement - If (matched): null

2018-06-14 19:55:51 - [TEST_STEP][PASSED] - Statement - driver.findElement(org.openqa.selenium.By.xpath("(//ul[@class='unlinked-grouplist']/li/label)[" + index + "]")).click(): null

2018-06-14 19:55:51 - [TEST_STEP][PASSED] - Statement - (count++): null

2018-06-14 19:55:51 - [TEST_STEP][PASSED] - Statement - If (count > 249): null

2018-06-14 19:55:51 - [TEST_STEP][PASSED] - Statement - txt = storesLabel.get(i).getText(): null

2018-06-14 19:55:51 - [TEST_STEP][PASSED] - Statement - index = i + 1: null

2018-06-14 19:55:51 - [TEST_STEP][PASSED] - Statement - matched = pattern.matcher(txt).matches(): null

2018-06-14 19:55:51 - [TEST_STEP][PASSED] - Statement - If (matched): null

2018-06-14 19:55:51 - [TEST_STEP][PASSED] - Statement - driver.findElement(org.openqa.selenium.By.xpath("(//ul[@class='unlinked-grouplist']/li/label)[" + index + "]")).click(): null

2018-06-14 19:55:51 - [TEST_STEP][PASSED] - Statement - (count++): null

2018-06-14 19:55:51 - [TEST_STEP][PASSED] - Statement - If (count > 249): null

2018-06-14 19:55:51 - [TEST_STEP][PASSED] - Statement - txt = storesLabel.get(i).getText(): null

2018-06-14 19:55:51 - [TEST_STEP][PASSED] - Statement - index = i + 1: null

2018-06-14 19:55:51 - [TEST_STEP][PASSED] - Statement - matched = pattern.matcher(txt).matches(): null

2018-06-14 19:55:51 - [TEST_STEP][PASSED] - Statement - If (matched): null

2018-06-14 19:55:51 - [TEST_STEP][PASSED] - Statement - driver.findElement(org.openqa.selenium.By.xpath("(//ul[@class='unlinked-grouplist']/li/label)[" + index + "]")).click(): null

2018-06-14 19:55:52 - [TEST_STEP][PASSED] - Statement - (count++): null

2018-06-14 19:55:52 - [TEST_STEP][PASSED] - Statement - If (count > 249): null

2018-06-14 19:55:52 - [TEST_STEP][PASSED] - Statement - txt = storesLabel.get(i).getText(): null

2018-06-14 19:55:52 - [TEST_STEP][PASSED] - Statement - index = i + 1: null

2018-06-14 19:55:52 - [TEST_STEP][PASSED] - Statement - matched = pattern.matcher(txt).matches(): null

2018-06-14 19:55:52 - [TEST_STEP][PASSED] - Statement - If (matched): null

2018-06-14 19:55:52 - [TEST_STEP][PASSED] - Statement - driver.findElement(org.openqa.selenium.By.xpath("(//ul[@class='unlinked-grouplist']/li/label)[" + index + "]")).click(): null

2018-06-14 19:55:52 - [TEST_STEP][PASSED] - Statement - (count++): null

2018-06-14 19:55:52 - [TEST_STEP][PASSED] - Statement - If (count > 249): null

2018-06-14 19:55:52 - [TEST_STEP][PASSED] - Statement - txt = storesLabel.get(i).getText(): null

2018-06-14 19:55:52 - [TEST_STEP][PASSED] - Statement - index = i + 1: null

2018-06-14 19:55:52 - [TEST_STEP][PASSED] - Statement - matched = pattern.matcher(txt).matches(): null

2018-06-14 19:55:52 - [TEST_STEP][PASSED] - Statement - If (matched): null

2018-06-14 19:55:52 - [TEST_STEP][PASSED] - Statement - driver.findElement(org.openqa.selenium.By.xpath("(//ul[@class='unlinked-grouplist']/li/label)[" + index + "]")).click(): null

2018-06-14 19:55:52 - [TEST_STEP][PASSED] - Statement - (count++): null

2018-06-14 19:55:52 - [TEST_STEP][PASSED] - Statement - If (count > 249): null

2018-06-14 19:55:52 - [TEST_STEP][PASSED] - Statement - txt = storesLabel.get(i).getText(): null

2018-06-14 19:55:52 - [TEST_STEP][PASSED] - Statement - index = i + 1: null

2018-06-14 19:55:52 - [TEST_STEP][PASSED] - Statement - matched = pattern.matcher(txt).matches(): null

2018-06-14 19:55:52 - [TEST_STEP][PASSED] - Statement - If (matched): null

2018-06-14 19:55:52 - [TEST_STEP][PASSED] - Statement - driver.findElement(org.openqa.selenium.By.xpath("(//ul[@class='unlinked-grouplist']/li/label)[" + index + "]")).click(): null

2018-06-14 19:55:52 - [TEST_STEP][PASSED] - Statement - (count++): null

2018-06-14 19:55:52 - [TEST_STEP][PASSED] - Statement - If (count > 249): null

2018-06-14 19:55:52 - [TEST_STEP][PASSED] - Statement - txt = storesLabel.get(i).getText(): null

2018-06-14 19:55:52 - [TEST_STEP][PASSED] - Statement - index = i + 1: null

2018-06-14 19:55:52 - [TEST_STEP][PASSED] - Statement - matched = pattern.matcher(txt).matches(): null

2018-06-14 19:55:52 - [TEST_STEP][PASSED] - Statement - If (matched): null

2018-06-14 19:55:52 - [TEST_STEP][PASSED] - Statement - driver.findElement(org.openqa.selenium.By.xpath("(//ul[@class='unlinked-grouplist']/li/label)[" + index + "]")).click(): null

2018-06-14 19:55:52 - [TEST_STEP][PASSED] - Statement - (count++): null

2018-06-14 19:55:52 - [TEST_STEP][PASSED] - Statement - If (count > 249): null

2018-06-14 19:55:52 - [TEST_STEP][PASSED] - Statement - txt = storesLabel.get(i).getText(): null

2018-06-14 19:55:52 - [TEST_STEP][PASSED] - Statement - index = i + 1: null

2018-06-14 19:55:52 - [TEST_STEP][PASSED] - Statement - matched = pattern.matcher(txt).matches(): null

2018-06-14 19:55:52 - [TEST_STEP][PASSED] - Statement - If (matched): null

2018-06-14 19:55:52 - [TEST_STEP][PASSED] - Statement - driver.findElement(org.openqa.selenium.By.xpath("(//ul[@class='unlinked-grouplist']/li/label)[" + index + "]")).click(): null

2018-06-14 19:55:52 - [TEST_STEP][PASSED] - Statement - (count++): null

2018-06-14 19:55:52 - [TEST_STEP][PASSED] - Statement - If (count > 249): null

2018-06-14 19:55:52 - [TEST_STEP][PASSED] - Statement - txt = storesLabel.get(i).getText(): null

2018-06-14 19:55:52 - [TEST_STEP][PASSED] - Statement - index = i + 1: null

2018-06-14 19:55:52 - [TEST_STEP][PASSED] - Statement - matched = pattern.matcher(txt).matches(): null

2018-06-14 19:55:52 - [TEST_STEP][PASSED] - Statement - If (matched): null

2018-06-14 19:55:52 - [TEST_STEP][PASSED] - Statement - driver.findElement(org.openqa.selenium.By.xpath("(//ul[@class='unlinked-grouplist']/li/label)[" + index + "]")).click(): null

2018-06-14 19:55:52 - [TEST_STEP][PASSED] - Statement - (count++): null

2018-06-14 19:55:52 - [TEST_STEP][PASSED] - Statement - If (count > 249): null

2018-06-14 19:55:52 - [TEST_STEP][PASSED] - Statement - txt = storesLabel.get(i).getText(): null

2018-06-14 19:55:52 - [TEST_STEP][PASSED] - Statement - index = i + 1: null

2018-06-14 19:55:52 - [TEST_STEP][PASSED] - Statement - matched = pattern.matcher(txt).matches(): null

2018-06-14 19:55:52 - [TEST_STEP][PASSED] - Statement - If (matched): null

2018-06-14 19:55:52 - [TEST_STEP][PASSED] - Statement - driver.findElement(org.openqa.selenium.By.xpath("(//ul[@class='unlinked-grouplist']/li/label)[" + index + "]")).click(): null

2018-06-14 19:55:52 - [TEST_STEP][PASSED] - Statement - (count++): null

2018-06-14 19:55:52 - [TEST_STEP][PASSED] - Statement - If (count > 249): null

2018-06-14 19:55:52 - [TEST_STEP][PASSED] - Statement - txt = storesLabel.get(i).getText(): null

2018-06-14 19:55:52 - [TEST_STEP][PASSED] - Statement - index = i + 1: null

2018-06-14 19:55:52 - [TEST_STEP][PASSED] - Statement - matched = pattern.matcher(txt).matches(): null

2018-06-14 19:55:52 - [TEST_STEP][PASSED] - Statement - If (matched): null

2018-06-14 19:55:52 - [TEST_STEP][PASSED] - Statement - driver.findElement(org.openqa.selenium.By.xpath("(//ul[@class='unlinked-grouplist']/li/label)[" + index + "]")).click(): null

2018-06-14 19:55:52 - [TEST_STEP][PASSED] - Statement - (count++): null

2018-06-14 19:55:52 - [TEST_STEP][PASSED] - Statement - If (count > 249): null

2018-06-14 19:55:52 - [TEST_STEP][PASSED] - Statement - txt = storesLabel.get(i).getText(): null

2018-06-14 19:55:52 - [TEST_STEP][PASSED] - Statement - index = i + 1: null

2018-06-14 19:55:52 - [TEST_STEP][PASSED] - Statement - matched = pattern.matcher(txt).matches(): null

2018-06-14 19:55:52 - [TEST_STEP][PASSED] - Statement - If (matched): null

2018-06-14 19:55:52 - [TEST_STEP][PASSED] - Statement - driver.findElement(org.openqa.selenium.By.xpath("(//ul[@class='unlinked-grouplist']/li/label)[" + index + "]")).click(): null

2018-06-14 19:55:52 - [TEST_STEP][PASSED] - Statement - (count++): null

2018-06-14 19:55:52 - [TEST_STEP][PASSED] - Statement - If (count > 249): null

2018-06-14 19:55:52 - [TEST_STEP][PASSED] - Statement - txt = storesLabel.get(i).getText(): null

2018-06-14 19:55:52 - [TEST_STEP][PASSED] - Statement - index = i + 1: null

2018-06-14 19:55:52 - [TEST_STEP][PASSED] - Statement - matched = pattern.matcher(txt).matches(): null

2018-06-14 19:55:52 - [TEST_STEP][PASSED] - Statement - If (matched): null

2018-06-14 19:55:52 - [TEST_STEP][PASSED] - Statement - driver.findElement(org.openqa.selenium.By.xpath("(//ul[@class='unlinked-grouplist']/li/label)[" + index + "]")).click(): null

2018-06-14 19:55:52 - [TEST_STEP][PASSED] - Statement - (count++): null

2018-06-14 19:55:52 - [TEST_STEP][PASSED] - Statement - If (count > 249): null

2018-06-14 19:55:52 - [TEST_STEP][PASSED] - Statement - txt = storesLabel.get(i).getText(): null

2018-06-14 19:55:52 - [TEST_STEP][PASSED] - Statement - index = i + 1: null

2018-06-14 19:55:52 - [TEST_STEP][PASSED] - Statement - matched = pattern.matcher(txt).matches(): null

2018-06-14 19:55:52 - [TEST_STEP][PASSED] - Statement - If (matched): null

2018-06-14 19:55:52 - [TEST_STEP][PASSED] - Statement - driver.findElement(org.openqa.selenium.By.xpath("(//ul[@class='unlinked-grouplist']/li/label)[" + index + "]")).click(): null

2018-06-14 19:55:52 - [TEST_STEP][PASSED] - Statement - (count++): null

2018-06-14 19:55:52 - [TEST_STEP][PASSED] - Statement - If (count > 249): null

2018-06-14 19:55:52 - [TEST_STEP][PASSED] - Statement - txt = storesLabel.get(i).getText(): null

2018-06-14 19:55:52 - [TEST_STEP][PASSED] - Statement - index = i + 1: null

2018-06-14 19:55:52 - [TEST_STEP][PASSED] - Statement - matched = pattern.matcher(txt).matches(): null

2018-06-14 19:55:52 - [TEST_STEP][PASSED] - Statement - If (matched): null

2018-06-14 19:55:52 - [TEST_STEP][PASSED] - Statement - driver.findElement(org.openqa.selenium.By.xpath("(//ul[@class='unlinked-grouplist']/li/label)[" + index + "]")).click(): null

2018-06-14 19:55:52 - [TEST_STEP][PASSED] - Statement - (count++): null

2018-06-14 19:55:52 - [TEST_STEP][PASSED] - Statement - If (count > 249): null

2018-06-14 19:55:52 - [TEST_STEP][PASSED] - Statement - txt = storesLabel.get(i).getText(): null

2018-06-14 19:55:52 - [TEST_STEP][PASSED] - Statement - index = i + 1: null

2018-06-14 19:55:52 - [TEST_STEP][PASSED] - Statement - matched = pattern.matcher(txt).matches(): null

2018-06-14 19:55:52 - [TEST_STEP][PASSED] - Statement - If (matched): null

2018-06-14 19:55:52 - [TEST_STEP][PASSED] - Statement - driver.findElement(org.openqa.selenium.By.xpath("(//ul[@class='unlinked-grouplist']/li/label)[" + index + "]")).click(): null

2018-06-14 19:55:53 - [TEST_STEP][PASSED] - Statement - (count++): null

2018-06-14 19:55:53 - [TEST_STEP][PASSED] - Statement - If (count > 249): null

2018-06-14 19:55:53 - [TEST_STEP][PASSED] - Statement - txt = storesLabel.get(i).getText(): null

2018-06-14 19:55:53 - [TEST_STEP][PASSED] - Statement - index = i + 1: null

2018-06-14 19:55:53 - [TEST_STEP][PASSED] - Statement - matched = pattern.matcher(txt).matches(): null

2018-06-14 19:55:53 - [TEST_STEP][PASSED] - Statement - If (matched): null

2018-06-14 19:55:53 - [TEST_STEP][PASSED] - Statement - driver.findElement(org.openqa.selenium.By.xpath("(//ul[@class='unlinked-grouplist']/li/label)[" + index + "]")).click(): null

2018-06-14 19:55:53 - [TEST_STEP][PASSED] - Statement - (count++): null

2018-06-14 19:55:53 - [TEST_STEP][PASSED] - Statement - If (count > 249): null

2018-06-14 19:55:53 - [TEST_STEP][PASSED] - Statement - txt = storesLabel.get(i).getText(): null

2018-06-14 19:55:53 - [TEST_STEP][PASSED] - Statement - index = i + 1: null

2018-06-14 19:55:53 - [TEST_STEP][PASSED] - Statement - matched = pattern.matcher(txt).matches(): null

2018-06-14 19:55:53 - [TEST_STEP][PASSED] - Statement - If (matched): null

2018-06-14 19:55:53 - [TEST_STEP][PASSED] - Statement - driver.findElement(org.openqa.selenium.By.xpath("(//ul[@class='unlinked-grouplist']/li/label)[" + index + "]")).click(): null

2018-06-14 19:55:53 - [TEST_STEP][PASSED] - Statement - (count++): null

2018-06-14 19:55:53 - [TEST_STEP][PASSED] - Statement - If (count > 249): null

2018-06-14 19:55:53 - [TEST_STEP][PASSED] - Statement - txt = storesLabel.get(i).getText(): null

2018-06-14 19:55:53 - [TEST_STEP][PASSED] - Statement - index = i + 1: null

2018-06-14 19:55:53 - [TEST_STEP][PASSED] - Statement - matched = pattern.matcher(txt).matches(): null

2018-06-14 19:55:53 - [TEST_STEP][PASSED] - Statement - If (matched): null

2018-06-14 19:55:53 - [TEST_STEP][PASSED] - Statement - driver.findElement(org.openqa.selenium.By.xpath("(//ul[@class='unlinked-grouplist']/li/label)[" + index + "]")).click(): null

2018-06-14 19:55:53 - [TEST_STEP][PASSED] - Statement - (count++): null

2018-06-14 19:55:53 - [TEST_STEP][PASSED] - Statement - If (count > 249): null

2018-06-14 19:55:53 - [TEST_STEP][PASSED] - Statement - txt = storesLabel.get(i).getText(): null

2018-06-14 19:55:53 - [TEST_STEP][PASSED] - Statement - index = i + 1: null

2018-06-14 19:55:53 - [TEST_STEP][PASSED] - Statement - matched = pattern.matcher(txt).matches(): null

2018-06-14 19:55:53 - [TEST_STEP][PASSED] - Statement - If (matched): null

2018-06-14 19:55:53 - [TEST_STEP][PASSED] - Statement - driver.findElement(org.openqa.selenium.By.xpath("(//ul[@class='unlinked-grouplist']/li/label)[" + index + "]")).click(): null

2018-06-14 19:55:53 - [TEST_STEP][PASSED] - Statement - (count++): null

2018-06-14 19:55:53 - [TEST_STEP][PASSED] - Statement - If (count > 249): null

2018-06-14 19:55:53 - [TEST_STEP][PASSED] - Statement - txt = storesLabel.get(i).getText(): null

2018-06-14 19:55:53 - [TEST_STEP][PASSED] - Statement - index = i + 1: null

2018-06-14 19:55:53 - [TEST_STEP][PASSED] - Statement - matched = pattern.matcher(txt).matches(): null

2018-06-14 19:55:53 - [TEST_STEP][PASSED] - Statement - If (matched): null

2018-06-14 19:55:53 - [TEST_STEP][PASSED] - Statement - driver.findElement(org.openqa.selenium.By.xpath("(//ul[@class='unlinked-grouplist']/li/label)[" + index + "]")).click(): null

2018-06-14 19:55:53 - [TEST_STEP][PASSED] - Statement - (count++): null

2018-06-14 19:55:53 - [TEST_STEP][PASSED] - Statement - If (count > 249): null

2018-06-14 19:55:53 - [TEST_STEP][PASSED] - Statement - txt = storesLabel.get(i).getText(): null

2018-06-14 19:55:53 - [TEST_STEP][PASSED] - Statement - index = i + 1: null

2018-06-14 19:55:53 - [TEST_STEP][PASSED] - Statement - matched = pattern.matcher(txt).matches(): null

2018-06-14 19:55:53 - [TEST_STEP][PASSED] - Statement - If (matched): null

2018-06-14 19:55:53 - [TEST_STEP][PASSED] - Statement - driver.findElement(org.openqa.selenium.By.xpath("(//ul[@class='unlinked-grouplist']/li/label)[" + index + "]")).click(): null

2018-06-14 19:55:53 - [TEST_STEP][PASSED] - Statement - (count++): null

2018-06-14 19:55:53 - [TEST_STEP][PASSED] - Statement - If (count > 249): null

2018-06-14 19:55:53 - [TEST_STEP][PASSED] - Statement - txt = storesLabel.get(i).getText(): null

2018-06-14 19:55:53 - [TEST_STEP][PASSED] - Statement - index = i + 1: null

2018-06-14 19:55:53 - [TEST_STEP][PASSED] - Statement - matched = pattern.matcher(txt).matches(): null

2018-06-14 19:55:53 - [TEST_STEP][PASSED] - Statement - If (matched): null

2018-06-14 19:55:53 - [TEST_STEP][PASSED] - Statement - driver.findElement(org.openqa.selenium.By.xpath("(//ul[@class='unlinked-grouplist']/li/label)[" + index + "]")).click(): null

2018-06-14 19:55:53 - [TEST_STEP][PASSED] - Statement - (count++): null

2018-06-14 19:55:53 - [TEST_STEP][PASSED] - Statement - If (count > 249): null

2018-06-14 19:55:53 - [TEST_STEP][PASSED] - Statement - txt = storesLabel.get(i).getText(): null

2018-06-14 19:55:53 - [TEST_STEP][PASSED] - Statement - index = i + 1: null

2018-06-14 19:55:53 - [TEST_STEP][PASSED] - Statement - matched = pattern.matcher(txt).matches(): null

2018-06-14 19:55:53 - [TEST_STEP][PASSED] - Statement - If (matched): null

2018-06-14 19:55:53 - [TEST_STEP][PASSED] - Statement - driver.findElement(org.openqa.selenium.By.xpath("(//ul[@class='unlinked-grouplist']/li/label)[" + index + "]")).click(): null

2018-06-14 19:55:53 - [TEST_STEP][PASSED] - Statement - (count++): null

2018-06-14 19:55:53 - [TEST_STEP][PASSED] - Statement - If (count > 249): null

2018-06-14 19:55:53 - [TEST_STEP][PASSED] - Statement - txt = storesLabel.get(i).getText(): null

2018-06-14 19:55:53 - [TEST_STEP][PASSED] - Statement - index = i + 1: null

2018-06-14 19:55:53 - [TEST_STEP][PASSED] - Statement - matched = pattern.matcher(txt).matches(): null

2018-06-14 19:55:53 - [TEST_STEP][PASSED] - Statement - If (matched): null

2018-06-14 19:55:53 - [TEST_STEP][PASSED] - Statement - driver.findElement(org.openqa.selenium.By.xpath("(//ul[@class='unlinked-grouplist']/li/label)[" + index + "]")).click(): null

2018-06-14 19:55:53 - [TEST_STEP][PASSED] - Statement - (count++): null

2018-06-14 19:55:53 - [TEST_STEP][PASSED] - Statement - If (count > 249): null

2018-06-14 19:55:53 - [TEST_STEP][PASSED] - Statement - txt = storesLabel.get(i).getText(): null

2018-06-14 19:55:53 - [TEST_STEP][PASSED] - Statement - index = i + 1: null

2018-06-14 19:55:53 - [TEST_STEP][PASSED] - Statement - matched = pattern.matcher(txt).matches(): null

2018-06-14 19:55:53 - [TEST_STEP][PASSED] - Statement - If (matched): null

2018-06-14 19:55:53 - [TEST_STEP][PASSED] - Statement - driver.findElement(org.openqa.selenium.By.xpath("(//ul[@class='unlinked-grouplist']/li/label)[" + index + "]")).click(): null

2018-06-14 19:55:53 - [TEST_STEP][PASSED] - Statement - (count++): null

2018-06-14 19:55:53 - [TEST_STEP][PASSED] - Statement - If (count > 249): null

2018-06-14 19:55:53 - [TEST_STEP][PASSED] - Statement - txt = storesLabel.get(i).getText(): null

2018-06-14 19:55:53 - [TEST_STEP][PASSED] - Statement - index = i + 1: null

2018-06-14 19:55:53 - [TEST_STEP][PASSED] - Statement - matched = pattern.matcher(txt).matches(): null

2018-06-14 19:55:53 - [TEST_STEP][PASSED] - Statement - If (matched): null

2018-06-14 19:55:53 - [TEST_STEP][PASSED] - Statement - driver.findElement(org.openqa.selenium.By.xpath("(//ul[@class='unlinked-grouplist']/li/label)[" + index + "]")).click(): null

2018-06-14 19:55:53 - [TEST_STEP][PASSED] - Statement - (count++): null

2018-06-14 19:55:53 - [TEST_STEP][PASSED] - Statement - If (count > 249): null

2018-06-14 19:55:53 - [TEST_STEP][PASSED] - Statement - txt = storesLabel.get(i).getText(): null

2018-06-14 19:55:53 - [TEST_STEP][PASSED] - Statement - index = i + 1: null

2018-06-14 19:55:53 - [TEST_STEP][PASSED] - Statement - matched = pattern.matcher(txt).matches(): null

2018-06-14 19:55:53 - [TEST_STEP][PASSED] - Statement - If (matched): null

2018-06-14 19:55:53 - [TEST_STEP][PASSED] - Statement - driver.findElement(org.openqa.selenium.By.xpath("(//ul[@class='unlinked-grouplist']/li/label)[" + index + "]")).click(): null

2018-06-14 19:55:53 - [TEST_STEP][PASSED] - Statement - (count++): null

2018-06-14 19:55:53 - [TEST_STEP][PASSED] - Statement - If (count > 249): null

2018-06-14 19:55:53 - [TEST_STEP][PASSED] - Statement - txt = storesLabel.get(i).getText(): null

2018-06-14 19:55:53 - [TEST_STEP][PASSED] - Statement - index = i + 1: null

2018-06-14 19:55:53 - [TEST_STEP][PASSED] - Statement - matched = pattern.matcher(txt).matches(): null

2018-06-14 19:55:53 - [TEST_STEP][PASSED] - Statement - If (matched): null

2018-06-14 19:55:53 - [TEST_STEP][PASSED] - Statement - driver.findElement(org.openqa.selenium.By.xpath("(//ul[@class='unlinked-grouplist']/li/label)[" + index + "]")).click(): null

2018-06-14 19:55:54 - [TEST_STEP][PASSED] - Statement - (count++): null

2018-06-14 19:55:54 - [TEST_STEP][PASSED] - Statement - If (count > 249): null

2018-06-14 19:55:54 - [TEST_STEP][PASSED] - Statement - txt = storesLabel.get(i).getText(): null

2018-06-14 19:55:54 - [TEST_STEP][PASSED] - Statement - index = i + 1: null

2018-06-14 19:55:54 - [TEST_STEP][PASSED] - Statement - matched = pattern.matcher(txt).matches(): null

2018-06-14 19:55:54 - [TEST_STEP][PASSED] - Statement - If (matched): null

2018-06-14 19:55:54 - [TEST_STEP][PASSED] - Statement - driver.findElement(org.openqa.selenium.By.xpath("(//ul[@class='unlinked-grouplist']/li/label)[" + index + "]")).click(): null

2018-06-14 19:55:54 - [TEST_STEP][PASSED] - Statement - (count++): null

2018-06-14 19:55:54 - [TEST_STEP][PASSED] - Statement - If (count > 249): null

2018-06-14 19:55:54 - [TEST_STEP][PASSED] - Statement - txt = storesLabel.get(i).getText(): null

2018-06-14 19:55:54 - [TEST_STEP][PASSED] - Statement - index = i + 1: null

2018-06-14 19:55:54 - [TEST_STEP][PASSED] - Statement - matched = pattern.matcher(txt).matches(): null

2018-06-14 19:55:54 - [TEST_STEP][PASSED] - Statement - If (matched): null

2018-06-14 19:55:54 - [TEST_STEP][PASSED] - Statement - driver.findElement(org.openqa.selenium.By.xpath("(//ul[@class='unlinked-grouplist']/li/label)[" + index + "]")).click(): null

2018-06-14 19:55:54 - [TEST_STEP][PASSED] - Statement - (count++): null

2018-06-14 19:55:54 - [TEST_STEP][PASSED] - Statement - If (count > 249): null

2018-06-14 19:55:54 - [TEST_STEP][PASSED] - Statement - txt = storesLabel.get(i).getText(): null

2018-06-14 19:55:54 - [TEST_STEP][PASSED] - Statement - index = i + 1: null

2018-06-14 19:55:54 - [TEST_STEP][PASSED] - Statement - matched = pattern.matcher(txt).matches(): null

2018-06-14 19:55:54 - [TEST_STEP][PASSED] - Statement - If (matched): null

2018-06-14 19:55:54 - [TEST_STEP][PASSED] - Statement - driver.findElement(org.openqa.selenium.By.xpath("(//ul[@class='unlinked-grouplist']/li/label)[" + index + "]")).click(): null

2018-06-14 19:55:54 - [TEST_STEP][PASSED] - Statement - (count++): null

2018-06-14 19:55:54 - [TEST_STEP][PASSED] - Statement - If (count > 249): null

2018-06-14 19:55:54 - [TEST_STEP][PASSED] - Statement - txt = storesLabel.get(i).getText(): null

2018-06-14 19:55:54 - [TEST_STEP][PASSED] - Statement - index = i + 1: null

2018-06-14 19:55:54 - [TEST_STEP][PASSED] - Statement - matched = pattern.matcher(txt).matches(): null

2018-06-14 19:55:54 - [TEST_STEP][PASSED] - Statement - If (matched): null

2018-06-14 19:55:54 - [TEST_STEP][PASSED] - Statement - driver.findElement(org.openqa.selenium.By.xpath("(//ul[@class='unlinked-grouplist']/li/label)[" + index + "]")).click(): null

2018-06-14 19:55:54 - [TEST_STEP][PASSED] - Statement - (count++): null

2018-06-14 19:55:54 - [TEST_STEP][PASSED] - Statement - If (count > 249): null

2018-06-14 19:55:54 - [TEST_STEP][PASSED] - Statement - txt = storesLabel.get(i).getText(): null

2018-06-14 19:55:54 - [TEST_STEP][PASSED] - Statement - index = i + 1: null

2018-06-14 19:55:54 - [TEST_STEP][PASSED] - Statement - matched = pattern.matcher(txt).matches(): null

2018-06-14 19:55:54 - [TEST_STEP][PASSED] - Statement - If (matched): null

2018-06-14 19:55:54 - [TEST_STEP][PASSED] - Statement - driver.findElement(org.openqa.selenium.By.xpath("(//ul[@class='unlinked-grouplist']/li/label)[" + index + "]")).click(): null

2018-06-14 19:55:54 - [TEST_STEP][PASSED] - Statement - (count++): null

2018-06-14 19:55:54 - [TEST_STEP][PASSED] - Statement - If (count > 249): null

2018-06-14 19:55:54 - [TEST_STEP][PASSED] - Statement - txt = storesLabel.get(i).getText(): null

2018-06-14 19:55:54 - [TEST_STEP][PASSED] - Statement - index = i + 1: null

2018-06-14 19:55:54 - [TEST_STEP][PASSED] - Statement - matched = pattern.matcher(txt).matches(): null

2018-06-14 19:55:54 - [TEST_STEP][PASSED] - Statement - If (matched): null

2018-06-14 19:55:54 - [TEST_STEP][PASSED] - Statement - driver.findElement(org.openqa.selenium.By.xpath("(//ul[@class='unlinked-grouplist']/li/label)[" + index + "]")).click(): null

2018-06-14 19:55:54 - [TEST_STEP][PASSED] - Statement - (count++): null

2018-06-14 19:55:54 - [TEST_STEP][PASSED] - Statement - If (count > 249): null

2018-06-14 19:55:54 - [TEST_STEP][PASSED] - Statement - txt = storesLabel.get(i).getText(): null

2018-06-14 19:55:54 - [TEST_STEP][PASSED] - Statement - index = i + 1: null

2018-06-14 19:55:54 - [TEST_STEP][PASSED] - Statement - matched = pattern.matcher(txt).matches(): null

2018-06-14 19:55:54 - [TEST_STEP][PASSED] - Statement - If (matched): null

2018-06-14 19:55:54 - [TEST_STEP][PASSED] - Statement - driver.findElement(org.openqa.selenium.By.xpath("(//ul[@class='unlinked-grouplist']/li/label)[" + index + "]")).click(): null

2018-06-14 19:55:54 - [TEST_STEP][PASSED] - Statement - (count++): null

2018-06-14 19:55:54 - [TEST_STEP][PASSED] - Statement - If (count > 249): null

2018-06-14 19:55:54 - [TEST_STEP][PASSED] - Statement - txt = storesLabel.get(i).getText(): null

2018-06-14 19:55:54 - [TEST_STEP][PASSED] - Statement - index = i + 1: null

2018-06-14 19:55:54 - [TEST_STEP][PASSED] - Statement - matched = pattern.matcher(txt).matches(): null

2018-06-14 19:55:54 - [TEST_STEP][PASSED] - Statement - If (matched): null

2018-06-14 19:55:54 - [TEST_STEP][PASSED] - Statement - driver.findElement(org.openqa.selenium.By.xpath("(//ul[@class='unlinked-grouplist']/li/label)[" + index + "]")).click(): null

2018-06-14 19:55:54 - [TEST_STEP][PASSED] - Statement - (count++): null

2018-06-14 19:55:54 - [TEST_STEP][PASSED] - Statement - If (count > 249): null

2018-06-14 19:55:54 - [TEST_STEP][PASSED] - Statement - txt = storesLabel.get(i).getText(): null

2018-06-14 19:55:54 - [TEST_STEP][PASSED] - Statement - index = i + 1: null

2018-06-14 19:55:54 - [TEST_STEP][PASSED] - Statement - matched = pattern.matcher(txt).matches(): null

2018-06-14 19:55:54 - [TEST_STEP][PASSED] - Statement - If (matched): null

2018-06-14 19:55:54 - [TEST_STEP][PASSED] - Statement - driver.findElement(org.openqa.selenium.By.xpath("(//ul[@class='unlinked-grouplist']/li/label)[" + index + "]")).click(): null

2018-06-14 19:55:54 - [TEST_STEP][PASSED] - Statement - (count++): null

2018-06-14 19:55:54 - [TEST_STEP][PASSED] - Statement - If (count > 249): null

2018-06-14 19:55:54 - [TEST_STEP][PASSED] - Statement - txt = storesLabel.get(i).getText(): null

2018-06-14 19:55:54 - [TEST_STEP][PASSED] - Statement - index = i + 1: null

2018-06-14 19:55:54 - [TEST_STEP][PASSED] - Statement - matched = pattern.matcher(txt).matches(): null

2018-06-14 19:55:54 - [TEST_STEP][PASSED] - Statement - If (matched): null

2018-06-14 19:55:54 - [TEST_STEP][PASSED] - Statement - driver.findElement(org.openqa.selenium.By.xpath("(//ul[@class='unlinked-grouplist']/li/label)[" + index + "]")).click(): null

2018-06-14 19:55:54 - [TEST_STEP][PASSED] - Statement - (count++): null

2018-06-14 19:55:54 - [TEST_STEP][PASSED] - Statement - If (count > 249): null

2018-06-14 19:55:54 - [TEST_STEP][PASSED] - Statement - txt = storesLabel.get(i).getText(): null

2018-06-14 19:55:54 - [TEST_STEP][PASSED] - Statement - index = i + 1: null

2018-06-14 19:55:54 - [TEST_STEP][PASSED] - Statement - matched = pattern.matcher(txt).matches(): null

2018-06-14 19:55:54 - [TEST_STEP][PASSED] - Statement - If (matched): null

2018-06-14 19:55:54 - [TEST_STEP][PASSED] - Statement - driver.findElement(org.openqa.selenium.By.xpath("(//ul[@class='unlinked-grouplist']/li/label)[" + index + "]")).click(): null

2018-06-14 19:55:54 - [TEST_STEP][PASSED] - Statement - (count++): null

2018-06-14 19:55:54 - [TEST_STEP][PASSED] - Statement - If (count > 249): null

2018-06-14 19:55:54 - [TEST_STEP][PASSED] - Statement - txt = storesLabel.get(i).getText(): null

2018-06-14 19:55:54 - [TEST_STEP][PASSED] - Statement - index = i + 1: null

2018-06-14 19:55:54 - [TEST_STEP][PASSED] - Statement - matched = pattern.matcher(txt).matches(): null

2018-06-14 19:55:54 - [TEST_STEP][PASSED] - Statement - If (matched): null

2018-06-14 19:55:54 - [TEST_STEP][PASSED] - Statement - driver.findElement(org.openqa.selenium.By.xpath("(//ul[@class='unlinked-grouplist']/li/label)[" + index + "]")).click(): null

2018-06-14 19:55:55 - [TEST_STEP][PASSED] - Statement - (count++): null

2018-06-14 19:55:55 - [TEST_STEP][PASSED] - Statement - If (count > 249): null

2018-06-14 19:55:55 - [TEST_STEP][PASSED] - Statement - txt = storesLabel.get(i).getText(): null

2018-06-14 19:55:55 - [TEST_STEP][PASSED] - Statement - index = i + 1: null

2018-06-14 19:55:55 - [TEST_STEP][PASSED] - Statement - matched = pattern.matcher(txt).matches(): null

2018-06-14 19:55:55 - [TEST_STEP][PASSED] - Statement - If (matched): null

2018-06-14 19:55:55 - [TEST_STEP][PASSED] - Statement - driver.findElement(org.openqa.selenium.By.xpath("(//ul[@class='unlinked-grouplist']/li/label)[" + index + "]")).click(): null

2018-06-14 19:55:55 - [TEST_STEP][PASSED] - Statement - (count++): null

2018-06-14 19:55:55 - [TEST_STEP][PASSED] - Statement - If (count > 249): null

2018-06-14 19:55:55 - [TEST_STEP][PASSED] - Statement - txt = storesLabel.get(i).getText(): null

2018-06-14 19:55:55 - [TEST_STEP][PASSED] - Statement - index = i + 1: null

2018-06-14 19:55:55 - [TEST_STEP][PASSED] - Statement - matched = pattern.matcher(txt).matches(): null

2018-06-14 19:55:55 - [TEST_STEP][PASSED] - Statement - If (matched): null

2018-06-14 19:55:55 - [TEST_STEP][PASSED] - Statement - driver.findElement(org.openqa.selenium.By.xpath("(//ul[@class='unlinked-grouplist']/li/label)[" + index + "]")).click(): null

2018-06-14 19:55:55 - [TEST_STEP][PASSED] - Statement - (count++): null

2018-06-14 19:55:55 - [TEST_STEP][PASSED] - Statement - If (count > 249): null

2018-06-14 19:55:55 - [TEST_STEP][PASSED] - Statement - txt = storesLabel.get(i).getText(): null

2018-06-14 19:55:55 - [TEST_STEP][PASSED] - Statement - index = i + 1: null

2018-06-14 19:55:55 - [TEST_STEP][PASSED] - Statement - matched = pattern.matcher(txt).matches(): null

2018-06-14 19:55:55 - [TEST_STEP][PASSED] - Statement - If (matched): null

2018-06-14 19:55:55 - [TEST_STEP][PASSED] - Statement - driver.findElement(org.openqa.selenium.By.xpath("(//ul[@class='unlinked-grouplist']/li/label)[" + index + "]")).click(): null

2018-06-14 19:55:55 - [TEST_STEP][PASSED] - Statement - (count++): null

2018-06-14 19:55:55 - [TEST_STEP][PASSED] - Statement - If (count > 249): null

2018-06-14 19:55:55 - [TEST_STEP][PASSED] - Statement - txt = storesLabel.get(i).getText(): null

2018-06-14 19:55:55 - [TEST_STEP][PASSED] - Statement - index = i + 1: null

2018-06-14 19:55:55 - [TEST_STEP][PASSED] - Statement - matched = pattern.matcher(txt).matches(): null

2018-06-14 19:55:55 - [TEST_STEP][PASSED] - Statement - If (matched): null

2018-06-14 19:55:55 - [TEST_STEP][PASSED] - Statement - driver.findElement(org.openqa.selenium.By.xpath("(//ul[@class='unlinked-grouplist']/li/label)[" + index + "]")).click(): null

2018-06-14 19:55:55 - [TEST_STEP][PASSED] - Statement - (count++): null

2018-06-14 19:55:55 - [TEST_STEP][PASSED] - Statement - If (count > 249): null

2018-06-14 19:55:55 - [TEST_STEP][PASSED] - Statement - txt = storesLabel.get(i).getText(): null

2018-06-14 19:55:55 - [TEST_STEP][PASSED] - Statement - index = i + 1: null

2018-06-14 19:55:55 - [TEST_STEP][PASSED] - Statement - matched = pattern.matcher(txt).matches(): null

2018-06-14 19:55:55 - [TEST_STEP][PASSED] - Statement - If (matched): null

2018-06-14 19:55:55 - [TEST_STEP][PASSED] - Statement - driver.findElement(org.openqa.selenium.By.xpath("(//ul[@class='unlinked-grouplist']/li/label)[" + index + "]")).click(): null

2018-06-14 19:55:55 - [TEST_STEP][PASSED] - Statement - (count++): null

2018-06-14 19:55:55 - [TEST_STEP][PASSED] - Statement - If (count > 249): null

2018-06-14 19:55:55 - [TEST_STEP][PASSED] - Statement - txt = storesLabel.get(i).getText(): null

2018-06-14 19:55:55 - [TEST_STEP][PASSED] - Statement - index = i + 1: null

2018-06-14 19:55:55 - [TEST_STEP][PASSED] - Statement - matched = pattern.matcher(txt).matches(): null

2018-06-14 19:55:55 - [TEST_STEP][PASSED] - Statement - If (matched): null

2018-06-14 19:55:55 - [TEST_STEP][PASSED] - Statement - driver.findElement(org.openqa.selenium.By.xpath("(//ul[@class='unlinked-grouplist']/li/label)[" + index + "]")).click(): null

2018-06-14 19:55:55 - [TEST_STEP][PASSED] - Statement - (count++): null

2018-06-14 19:55:55 - [TEST_STEP][PASSED] - Statement - If (count > 249): null

2018-06-14 19:55:55 - [TEST_STEP][PASSED] - Statement - txt = storesLabel.get(i).getText(): null

2018-06-14 19:55:55 - [TEST_STEP][PASSED] - Statement - index = i + 1: null

2018-06-14 19:55:55 - [TEST_STEP][PASSED] - Statement - matched = pattern.matcher(txt).matches(): null

2018-06-14 19:55:55 - [TEST_STEP][PASSED] - Statement - If (matched): null

2018-06-14 19:55:55 - [TEST_STEP][PASSED] - Statement - driver.findElement(org.openqa.selenium.By.xpath("(//ul[@class='unlinked-grouplist']/li/label)[" + index + "]")).click(): null

2018-06-14 19:55:55 - [TEST_STEP][PASSED] - Statement - (count++): null

2018-06-14 19:55:55 - [TEST_STEP][PASSED] - Statement - If (count > 249): null

2018-06-14 19:55:55 - [TEST_STEP][PASSED] - Statement - txt = storesLabel.get(i).getText(): null

2018-06-14 19:55:55 - [TEST_STEP][PASSED] - Statement - index = i + 1: null

2018-06-14 19:55:55 - [TEST_STEP][PASSED] - Statement - matched = pattern.matcher(txt).matches(): null

2018-06-14 19:55:55 - [TEST_STEP][PASSED] - Statement - If (matched): null

2018-06-14 19:55:55 - [TEST_STEP][PASSED] - Statement - driver.findElement(org.openqa.selenium.By.xpath("(//ul[@class='unlinked-grouplist']/li/label)[" + index + "]")).click(): null

2018-06-14 19:55:55 - [TEST_STEP][PASSED] - Statement - (count++): null

2018-06-14 19:55:55 - [TEST_STEP][PASSED] - Statement - If (count > 249): null

2018-06-14 19:55:55 - [TEST_STEP][PASSED] - Statement - driver.findElement(org.openqa.selenium.By.xpath("//button[contains(text(),'>')]")).click(): null

2018-06-14 19:55:55 - [TEST_STEP][PASSED] - delay: Delayed 5 second(s)

2018-06-14 19:56:00 - [MESSAGE][PASSED] - Delayed 5 second(s)

2018-06-14 19:56:00 - [TEST_STEP][PASSED] - delay: Delayed 10 second(s)

2018-06-14 19:56:10 - [MESSAGE][PASSED] - Delayed 10 second(s)

2018-06-14 19:56:10 - [TEST_STEP][PASSED] - uiaction.CommonUIActions.click: uiaction.CommonUIActions.click is PASSED

2018-06-14 19:56:10 - [MESSAGE][PASSED] - uiaction.CommonUIActions.click is PASSED

2018-06-14 19:56:10 - [TEST_STEP][PASSED] - uiaction.CommonUIActions.click: uiaction.CommonUIActions.click is PASSED

2018-06-14 19:56:10 - [MESSAGE][PASSED] - uiaction.CommonUIActions.click is PASSED

2018-06-14 19:56:10 - [TEST_STEP][PASSED] - delay: Delayed 10 second(s)

2018-06-14 19:56:20 - [MESSAGE][PASSED] - Delayed 10 second(s)

2018-06-14 19:56:20 - [TEST_STEP][PASSED] - uiaction.CommonUIActions.back: uiaction.CommonUIActions.back is PASSED

2018-06-14 19:56:20 - [MESSAGE][PASSED] - Navigate back successfully

2018-06-14 19:56:20 - [MESSAGE][PASSED] - uiaction.CommonUIActions.back is PASSED

2018-06-14 19:56:20 - [TEST_STEP][PASSED] - delay: Delayed 5 second(s)

2018-06-14 19:56:25 - [MESSAGE][PASSED] - Delayed 5 second(s)

2018-06-14 19:56:25 - [TEST_STEP][PASSED] - uiaction.CommonUIActions.back: uiaction.CommonUIActions.back is PASSED

2018-06-14 19:56:25 - [MESSAGE][PASSED] - Navigate back successfully

2018-06-14 19:56:25 - [MESSAGE][PASSED] - uiaction.CommonUIActions.back is PASSED

2018-06-14 19:56:25 - [TEST_STEP][PASSED] - uiaction.CommonUIActions.click: uiaction.CommonUIActions.click is PASSED

2018-06-14 19:56:26 - [MESSAGE][PASSED] - uiaction.CommonUIActions.click is PASSED

2018-06-14 19:56:26 - [TEST_STEP][PASSED] - delay: Delayed 15 second(s)

2018-06-14 19:56:41 - [MESSAGE][PASSED] - Delayed 15 second(s)

2018-06-14 19:56:41 - [TEST_STEP][PASSED] - Statement - driver.findElement(org.openqa.selenium.By.xpath("//span[contains(text(),'" + grpName + "')]/../../../../span[1]")).click(): null

2018-06-14 19:56:41 - [TEST_STEP][PASSED] - delay: Delayed 10 second(s)

2018-06-14 19:56:51 - [MESSAGE][PASSED] - Delayed 10 second(s)

2018-06-14 19:56:51 - [TEST_STEP][PASSED] - Statement - driver.findElement(org.openqa.selenium.By.xpath("//span[contains(text(),'" + grpName + "')]/../../../../span[2]")).click(): null

2018-06-14 19:56:51 - [TEST_STEP][PASSED] - delay: Delayed 5 second(s)

2018-06-14 19:56:56 - [MESSAGE][PASSED] - Delayed 5 second(s)

2018-06-14 19:56:56 - [TEST_STEP][PASSED] - click: Object: 'Object Repository/ReportsPage/fromDateSelector' is clicked on

2018-06-14 19:56:56 - [MESSAGE][PASSED] - Object: 'Object Repository/ReportsPage/fromDateSelector' is clicked on

2018-06-14 19:56:56 - [TEST_STEP][PASSED] - delay: Delayed 5 second(s)

2018-06-14 19:57:01 - [MESSAGE][PASSED] - Delayed 5 second(s)

2018-06-14 19:57:01 - [TEST_STEP][PASSED] - Statement - monthText = com.kms.katalon.core.webui.keyword.WebUiBuiltInKeywords.getText(com.kms.katalon.core.testobject.ObjectRepository.findTestObject(ReportsPage/monthText)): Text of object 'Object Repository/ReportsPage/monthText' is: 'June 2018'

2018-06-14 19:57:01 - [MESSAGE][PASSED] - Text of object 'Object Repository/ReportsPage/monthText' is: 'June 2018'

2018-06-14 19:57:01 - [TEST_STEP][PASSED] - Statement - monthTextArray = monthText.split(" "): null

2018-06-14 19:57:01 - [TEST_STEP][PASSED] - Statement - month = monthTextArray[0]: null

2018-06-14 19:57:01 - [TEST_STEP][PASSED] - Statement - monthTextValue = CustomKeywords.projectSpecific.Reusability.getTestData("ReportsPage", "Month"): projectSpecific.Reusability.getTestData is PASSED

2018-06-14 19:57:01 - [MESSAGE][PASSED] - projectSpecific.Reusability.getTestData is PASSED

2018-06-14 19:57:01 - [TEST_STEP][PASSED] - Statement - If (!(monthTextValue.equals(month))): null

2018-06-14 19:57:01 - [TEST_STEP][PASSED] - Statement - While (!(monthTextValue.equals(month))): null

2018-06-14 19:57:01 - [TEST_STEP][PASSED] - click: Object: 'Object Repository/ReportsPage/previousDateSelector' is clicked on

2018-06-14 19:57:01 - [MESSAGE][PASSED] - Object: 'Object Repository/ReportsPage/previousDateSelector' is clicked on

2018-06-14 19:57:01 - [TEST_STEP][PASSED] - Statement - monthText = com.kms.katalon.core.webui.keyword.WebUiBuiltInKeywords.getText(com.kms.katalon.core.testobject.ObjectRepository.findTestObject(ReportsPage/monthText)): Text of object 'Object Repository/ReportsPage/monthText' is: 'May 2018'

2018-06-14 19:57:01 - [MESSAGE][PASSED] - Text of object 'Object Repository/ReportsPage/monthText' is: 'May 2018'

2018-06-14 19:57:01 - [TEST_STEP][PASSED] - Statement - monthTextArray = monthText.split(" "): null

2018-06-14 19:57:01 - [TEST_STEP][PASSED] - Statement - month = monthTextArray[0]: null

2018-06-14 19:57:01 - [TEST_STEP][PASSED] - click: Object: 'Object Repository/ReportsPage/previousDateSelector' is clicked on

2018-06-14 19:57:01 - [MESSAGE][PASSED] - Object: 'Object Repository/ReportsPage/previousDateSelector' is clicked on

2018-06-14 19:57:01 - [TEST_STEP][PASSED] - Statement - monthText = com.kms.katalon.core.webui.keyword.WebUiBuiltInKeywords.getText(com.kms.katalon.core.testobject.ObjectRepository.findTestObject(ReportsPage/monthText)): Text of object 'Object Repository/ReportsPage/monthText' is: 'April 2018'

2018-06-14 19:57:01 - [MESSAGE][PASSED] - Text of object 'Object Repository/ReportsPage/monthText' is: 'April 2018'

2018-06-14 19:57:01 - [TEST_STEP][PASSED] - Statement - monthTextArray = monthText.split(" "): null

2018-06-14 19:57:01 - [TEST_STEP][PASSED] - Statement - month = monthTextArray[0]: null

2018-06-14 19:57:01 - [TEST_STEP][PASSED] - click: Object: 'Object Repository/ReportsPage/previousDateSelector' is clicked on

2018-06-14 19:57:01 - [MESSAGE][PASSED] - Object: 'Object Repository/ReportsPage/previousDateSelector' is clicked on

2018-06-14 19:57:01 - [TEST_STEP][PASSED] - Statement - monthText = com.kms.katalon.core.webui.keyword.WebUiBuiltInKeywords.getText(com.kms.katalon.core.testobject.ObjectRepository.findTestObject(ReportsPage/monthText)): Text of object 'Object Repository/ReportsPage/monthText' is: 'March 2018'

2018-06-14 19:57:01 - [MESSAGE][PASSED] - Text of object 'Object Repository/ReportsPage/monthText' is: 'March 2018'

2018-06-14 19:57:01 - [TEST_STEP][PASSED] - Statement - monthTextArray = monthText.split(" "): null

2018-06-14 19:57:01 - [TEST_STEP][PASSED] - Statement - month = monthTextArray[0]: null

2018-06-14 19:57:01 - [TEST_STEP][PASSED] - Statement - data = CustomKeywords.projectSpecific.Reusability.getTestData("ReportsPage", "StartDate"): projectSpecific.Reusability.getTestData is PASSED

2018-06-14 19:57:01 - [MESSAGE][PASSED] - projectSpecific.Reusability.getTestData is PASSED

2018-06-14 19:57:01 - [TEST_STEP][PASSED] - Statement - startDate = "(//td[text()='" + data + "'])[1]": null

2018-06-14 19:57:01 - [TEST_STEP][PASSED] - Statement - println(startDate): null

2018-06-14 19:57:01 - [TEST_STEP][PASSED] - Statement - startdateEle = driver.findElement(org.openqa.selenium.By.xpath(startDate)): null

2018-06-14 19:57:01 - [TEST_STEP][PASSED] - Statement - startdateEle.click(): null

2018-06-14 19:57:01 - [TEST_STEP][PASSED] - delay: Delayed 5 second(s)

2018-06-14 19:57:06 - [MESSAGE][PASSED] - Delayed 5 second(s)

2018-06-14 19:57:06 - [TEST_STEP][PASSED] - click: Object: 'Object Repository/ReportsPage/toDateSelector' is clicked on

2018-06-14 19:57:06 - [MESSAGE][PASSED] - Object: 'Object Repository/ReportsPage/toDateSelector' is clicked on

2018-06-14 19:57:06 - [TEST_STEP][PASSED] - Statement - monthText = com.kms.katalon.core.webui.keyword.WebUiBuiltInKeywords.getText(com.kms.katalon.core.testobject.ObjectRepository.findTestObject(ReportsPage/monthText2)): Text of object 'Object Repository/ReportsPage/monthText2' is: 'June 2018'

2018-06-14 19:57:06 - [MESSAGE][PASSED] - Text of object 'Object Repository/ReportsPage/monthText2' is: 'June 2018'

2018-06-14 19:57:06 - [TEST_STEP][PASSED] - Statement - monthTextArray = monthText.split(" "): null

2018-06-14 19:57:06 - [TEST_STEP][PASSED] - Statement - month = monthTextArray[0]: null

2018-06-14 19:57:06 - [TEST_STEP][PASSED] - Statement - monthTextValue1 = CustomKeywords.projectSpecific.Reusability.getTestData("ReportsPage", "Month"): projectSpecific.Reusability.getTestData is PASSED

2018-06-14 19:57:06 - [MESSAGE][PASSED] - projectSpecific.Reusability.getTestData is PASSED

2018-06-14 19:57:06 - [TEST_STEP][PASSED] - Statement - If (!(monthTextValue1.equals(month))): null

2018-06-14 19:57:06 - [TEST_STEP][PASSED] - Statement - While (!(monthTextValue1.equals(month))): null

2018-06-14 19:57:06 - [TEST_STEP][PASSED] - click: Object: 'Object Repository/ReportsPage/previousDateSelector2' is clicked on

2018-06-14 19:57:06 - [MESSAGE][PASSED] - Object: 'Object Repository/ReportsPage/previousDateSelector2' is clicked on

2018-06-14 19:57:06 - [TEST_STEP][PASSED] - Statement - monthText = com.kms.katalon.core.webui.keyword.WebUiBuiltInKeywords.getText(com.kms.katalon.core.testobject.ObjectRepository.findTestObject(ReportsPage/monthText2)): Text of object 'Object Repository/ReportsPage/monthText2' is: 'May 2018'

2018-06-14 19:57:06 - [MESSAGE][PASSED] - Text of object 'Object Repository/ReportsPage/monthText2' is: 'May 2018'

2018-06-14 19:57:06 - [TEST_STEP][PASSED] - Statement - monthTextArray = monthText.split(" "): null

2018-06-14 19:57:06 - [TEST_STEP][PASSED] - Statement - month = monthTextArray[0]: null

2018-06-14 19:57:06 - [TEST_STEP][PASSED] - click: Object: 'Object Repository/ReportsPage/previousDateSelector2' is clicked on

2018-06-14 19:57:06 - [MESSAGE][PASSED] - Object: 'Object Repository/ReportsPage/previousDateSelector2' is clicked on

2018-06-14 19:57:06 - [TEST_STEP][PASSED] - Statement - monthText = com.kms.katalon.core.webui.keyword.WebUiBuiltInKeywords.getText(com.kms.katalon.core.testobject.ObjectRepository.findTestObject(ReportsPage/monthText2)): Text of object 'Object Repository/ReportsPage/monthText2' is: 'April 2018'

2018-06-14 19:57:06 - [MESSAGE][PASSED] - Text of object 'Object Repository/ReportsPage/monthText2' is: 'April 2018'

2018-06-14 19:57:06 - [TEST_STEP][PASSED] - Statement - monthTextArray = monthText.split(" "): null

2018-06-14 19:57:06 - [TEST_STEP][PASSED] - Statement - month = monthTextArray[0]: null

2018-06-14 19:57:06 - [TEST_STEP][PASSED] - click: Object: 'Object Repository/ReportsPage/previousDateSelector2' is clicked on

2018-06-14 19:57:06 - [MESSAGE][PASSED] - Object: 'Object Repository/ReportsPage/previousDateSelector2' is clicked on

2018-06-14 19:57:06 - [TEST_STEP][PASSED] - Statement - monthText = com.kms.katalon.core.webui.keyword.WebUiBuiltInKeywords.getText(com.kms.katalon.core.testobject.ObjectRepository.findTestObject(ReportsPage/monthText2)): Text of object 'Object Repository/ReportsPage/monthText2' is: 'March 2018'

2018-06-14 19:57:07 - [MESSAGE][PASSED] - Text of object 'Object Repository/ReportsPage/monthText2' is: 'March 2018'

2018-06-14 19:57:07 - [TEST_STEP][PASSED] - Statement - monthTextArray = monthText.split(" "): null

2018-06-14 19:57:07 - [TEST_STEP][PASSED] - Statement - month = monthTextArray[0]: null

2018-06-14 19:57:07 - [TEST_STEP][PASSED] - Statement - endDate = CustomKeywords.projectSpecific.Reusability.getTestData("ReportsPage", "endDate7"): projectSpecific.Reusability.getTestData is PASSED

2018-06-14 19:57:07 - [MESSAGE][PASSED] - projectSpecific.Reusability.getTestData is PASSED

2018-06-14 19:57:07 - [TEST_STEP][PASSED] - Statement - toDate = "(//td[text()='" + endDate + "'])[2]": null

2018-06-14 19:57:07 - [TEST_STEP][PASSED] - Statement - toDateEle = driver.findElement(org.openqa.selenium.By.xpath(toDate)): null

2018-06-14 19:57:07 - [TEST_STEP][PASSED] - Statement - toDateEle.click(): null

2018-06-14 19:57:07 - [TEST_STEP][PASSED] - delay: Delayed 5 second(s)

2018-06-14 19:57:12 - [MESSAGE][PASSED] - Delayed 5 second(s)

2018-06-14 19:57:12 - [TEST_STEP][PASSED] - Statement - dateAttr = com.kms.katalon.core.webui.keyword.WebUiBuiltInKeywords.getAttribute(com.kms.katalon.core.testobject.ObjectRepository.findTestObject(ReportsPage/selectedDate1), "value"): Attribute 'value' of object 'Object Repository/ReportsPage/selectedDate1' is: '03/01/2018'

2018-06-14 19:57:12 - [MESSAGE][PASSED] - Attribute 'value' of object 'Object Repository/ReportsPage/selectedDate1' is: '03/01/2018'

2018-06-14 19:57:12 - [TEST_STEP][PASSED] - Statement - fromDateValue = CustomKeywords.projectSpecific.Reusability.getTestData("ReportsPage", "fromDate"): projectSpecific.Reusability.getTestData is PASSED

2018-06-14 19:57:12 - [MESSAGE][PASSED] - projectSpecific.Reusability.getTestData is PASSED

2018-06-14 19:57:12 - [TEST_STEP][PASSED] - Statement - If (!(dateAttr.equals(fromDateValue))): null

2018-06-14 19:57:12 - [TEST_STEP][PASSED] - Statement - dateAttr = com.kms.katalon.core.webui.keyword.WebUiBuiltInKeywords.getAttribute(com.kms.katalon.core.testobject.ObjectRepository.findTestObject(ReportsPage/selectedDate2), "value"): Attribute 'value' of object 'Object Repository/ReportsPage/selectedDate2' is: '03/23/2018'

2018-06-14 19:57:12 - [MESSAGE][PASSED] - Attribute 'value' of object 'Object Repository/ReportsPage/selectedDate2' is: '03/23/2018'

2018-06-14 19:57:12 - [TEST_STEP][PASSED] - Statement - toDateValue = CustomKeywords.projectSpecific.Reusability.getTestData("ReportsPage", "toDate12"): projectSpecific.Reusability.getTestData is PASSED

2018-06-14 19:57:12 - [MESSAGE][PASSED] - projectSpecific.Reusability.getTestData is PASSED

2018-06-14 19:57:12 - [TEST_STEP][PASSED] - Statement - If (!(dateAttr.equals(toDateValue))): null

2018-06-14 19:57:12 - [TEST_STEP][PASSED] - verifyElementText: Actual text and expected text of test object 'Object Repository/ReportsPage/includeText' are matched.

2018-06-14 19:57:12 - [MESSAGE][PASSED] - projectSpecific.Reusability.getTestData is PASSED

2018-06-14 19:57:12 - [MESSAGE][PASSED] - Actual text and expected text of test object 'Object Repository/ReportsPage/includeText' are matched.

2018-06-14 19:57:12 - [TEST_STEP][PASSED] - verifyElementText: Actual text and expected text of test object 'Object Repository/ReportsPage/formatText' are matched.

2018-06-14 19:57:12 - [MESSAGE][PASSED] - projectSpecific.Reusability.getTestData is PASSED

2018-06-14 19:57:12 - [MESSAGE][PASSED] - Actual text and expected text of test object 'Object Repository/ReportsPage/formatText' are matched.

2018-06-14 19:57:12 - [TEST_STEP][PASSED] - uiaction.CommonUIActions.click: uiaction.CommonUIActions.click is PASSED

2018-06-14 19:57:12 - [MESSAGE][PASSED] - uiaction.CommonUIActions.click is PASSED

2018-06-14 19:57:12 - [TEST_STEP][PASSED] - uiaction.CommonUIActions.click: uiaction.CommonUIActions.click is PASSED

2018-06-14 19:57:12 - [MESSAGE][PASSED] - uiaction.CommonUIActions.click is PASSED

2018-06-14 19:57:12 - [TEST_STEP][PASSED] - delay: Delayed 5 second(s)

2018-06-14 19:57:17 - [MESSAGE][PASSED] - Delayed 5 second(s)

2018-06-14 19:57:17 - [TEST_STEP][PASSED] - uiaction.CommonUIActions.click: uiaction.CommonUIActions.click is PASSED

2018-06-14 19:57:17 - [MESSAGE][PASSED] - uiaction.CommonUIActions.click is PASSED

2018-06-14 19:57:17 - [TEST_STEP][PASSED] - Statement - opencheckbox = CustomKeywords.uiaction.CommonUIActions.isEnabled(com.kms.katalon.core.testobject.ObjectRepository.findTestObject(ReportsPage/Report_opencheckbox)): uiaction.CommonUIActions.isEnabled is PASSED

2018-06-14 19:57:17 - [MESSAGE][PASSED] - uiaction.CommonUIActions.isEnabled is PASSED

2018-06-14 19:57:17 - [TEST_STEP][PASSED] - Statement - If (!(opencheckbox)): null

2018-06-14 19:57:17 - [TEST_STEP][PASSED] - Statement - out.println("Open checkbox is checked by default"): null

2018-06-14 19:57:17 - [TEST_STEP][PASSED] - Statement - closecheckbox = CustomKeywords.uiaction.CommonUIActions.isEnabled(com.kms.katalon.core.testobject.ObjectRepository.findTestObject(ReportsPage/Report_closecheckbox)): uiaction.CommonUIActions.isEnabled is PASSED

2018-06-14 19:57:17 - [MESSAGE][PASSED] - uiaction.CommonUIActions.isEnabled is PASSED

2018-06-14 19:57:17 - [TEST_STEP][PASSED] - Statement - If (!(closecheckbox)): null

2018-06-14 19:57:17 - [TEST_STEP][PASSED] - Statement - out.println("Close checkbox is checked by default"): null

2018-06-14 19:57:17 - [TEST_STEP][PASSED] - uiaction.CommonUIActions.click: uiaction.CommonUIActions.click is PASSED

2018-06-14 19:57:17 - [MESSAGE][PASSED] - uiaction.CommonUIActions.click is PASSED

2018-06-14 19:57:17 - [TEST_STEP][PASSED] - uiaction.CommonUIActions.click: uiaction.CommonUIActions.click is PASSED

2018-06-14 19:57:17 - [MESSAGE][PASSED] - uiaction.CommonUIActions.click is PASSED

2018-06-14 19:57:17 - [TEST_STEP][PASSED] - verifyElementPresent: Object 'Object Repository/ReportsPage/advancedoption_am' is present

2018-06-14 19:57:17 - [MESSAGE][PASSED] - Object 'Object Repository/ReportsPage/advancedoption_am' is present

2018-06-14 19:57:17 - [TEST_STEP][PASSED] - verifyElementPresent: Object 'Object Repository/ReportsPage/advanceoptions_pm' is present

2018-06-14 19:57:17 - [MESSAGE][PASSED] - Object 'Object Repository/ReportsPage/advanceoptions_pm' is present

2018-06-14 19:57:17 - [TEST_STEP][PASSED] - Statement - open_am = CustomKeywords.uiaction.CommonUIActions.isEnabled(com.kms.katalon.core.testobject.ObjectRepository.findTestObject(ReportsPage/advancedoption_am)): uiaction.CommonUIActions.isEnabled is PASSED

2018-06-14 19:57:17 - [MESSAGE][PASSED] - uiaction.CommonUIActions.isEnabled is PASSED

2018-06-14 19:57:17 - [TEST_STEP][PASSED] - Statement - If (open_am): null

2018-06-14 19:57:17 - [TEST_STEP][PASSED] - Statement - out.println("AM Drop down boxes  enabled"): null

2018-06-14 19:57:17 - [TEST_STEP][PASSED] - Statement - open_pm = CustomKeywords.uiaction.CommonUIActions.isEnabled(com.kms.katalon.core.testobject.ObjectRepository.findTestObject(ReportsPage/advanceoptions_pm)): uiaction.CommonUIActions.isEnabled is PASSED

2018-06-14 19:57:17 - [MESSAGE][PASSED] - uiaction.CommonUIActions.isEnabled is PASSED

2018-06-14 19:57:17 - [TEST_STEP][PASSED] - Statement - If (open_pm): null

2018-06-14 19:57:17 - [TEST_STEP][PASSED] - Statement - out.println("PM Drop down boxes  enabled"): null

2018-06-14 19:57:17 - [TEST_STEP][PASSED] - delay: Delayed 10 second(s)

2018-06-14 19:57:27 - [MESSAGE][PASSED] - Delayed 10 second(s)

2018-06-14 19:57:27 - [TEST_STEP][PASSED] - uiaction.CommonUIActions.click: uiaction.CommonUIActions.click is PASSED

2018-06-14 19:57:27 - [MESSAGE][PASSED] - uiaction.CommonUIActions.click is PASSED

2018-06-14 19:57:27 - [TEST_STEP][PASSED] - uiaction.CommonUIActions.enter: uiaction.CommonUIActions.enter is PASSED

2018-06-14 19:57:27 - [MESSAGE][PASSED] - uiaction.CommonUIActions.enter is PASSED

2018-06-14 19:57:27 - [TEST_STEP][PASSED] - uiaction.CommonUIActions.click: uiaction.CommonUIActions.click is PASSED

2018-06-14 19:57:27 - [MESSAGE][PASSED] - uiaction.CommonUIActions.click is PASSED

2018-06-14 19:57:27 - [TEST_STEP][PASSED] - delay: Delayed 10 second(s)

2018-06-14 19:57:37 - [MESSAGE][PASSED] - Delayed 10 second(s)

2018-06-14 19:57:37 - [TEST_STEP][PASSED] - uiaction.CommonUIActions.click: uiaction.CommonUIActions.click is PASSED

2018-06-14 19:57:38 - [MESSAGE][PASSED] - uiaction.CommonUIActions.click is PASSED

2018-06-14 19:57:38 - [TEST_STEP][PASSED] - uiaction.CommonUIActions.click: uiaction.CommonUIActions.click is PASSED

2018-06-14 19:57:38 - [MESSAGE][PASSED] - uiaction.CommonUIActions.click is PASSED

2018-06-14 19:57:38 - [TEST_STEP][FAILED] - verifyElementPresent: com.kms.katalon.core.webui.exception.WebElementNotFoundException: Web element with id: 'Object Repository/ReportsPage/advancedoption_am' located by 'By.xpath: //li[contains(text(),'am')]' not found

2018-06-14 19:57:48 - [MESSAGE][FAILED] - com.kms.katalon.core.webui.exception.WebElementNotFoundException: Web element with id: 'Object Repository/ReportsPage/advancedoption_am' located by 'By.xpath: //li[contains(text(),'am')]' not found
[[ATTACHMENT|C:\\Users\\shalinin\\Katalon Studio\\HME_Scripts\\Reports\\RegressionSuite\\20180614_164441\\1528986468270.png]]

2018-06-14 19:57:48 - [TEST_STEP][FAILED] - verifyElementPresent: com.kms.katalon.core.webui.exception.WebElementNotFoundException: Web element with id: 'Object Repository/ReportsPage/advanceoptions_pm' located by 'By.xpath: //li[contains(text(),'pm')]' not found

2018-06-14 19:57:58 - [MESSAGE][FAILED] - com.kms.katalon.core.webui.exception.WebElementNotFoundException: Web element with id: 'Object Repository/ReportsPage/advanceoptions_pm' located by 'By.xpath: //li[contains(text(),'pm')]' not found
[[ATTACHMENT|C:\\Users\\shalinin\\Katalon Studio\\HME_Scripts\\Reports\\RegressionSuite\\20180614_164441\\1528986478692.png]]

2018-06-14 19:57:58 - [TEST_STEP][PASSED] - Statement - close_am = CustomKeywords.uiaction.CommonUIActions.isEnabled(com.kms.katalon.core.testobject.ObjectRepository.findTestObject(ReportsPage/advancedoption_am)): uiaction.CommonUIActions.isEnabled is PASSED

2018-06-14 19:58:19 - [MESSAGE][PASSED] - uiaction.CommonUIActions.isEnabled is PASSED

2018-06-14 19:58:19 - [TEST_STEP][PASSED] - Statement - If (close_am): null

2018-06-14 19:58:19 - [TEST_STEP][PASSED] - Statement - Else: null

2018-06-14 19:58:19 - [TEST_STEP][PASSED] - Statement - If (TCflag): null

2018-06-14 19:58:19 - [TEST_STEP][PASSED] - Statement - out.println("AM Drop down boxes not  enabled"): null

2018-06-14 19:58:19 - [TEST_STEP][PASSED] - Statement - close_pm = CustomKeywords.uiaction.CommonUIActions.isEnabled(com.kms.katalon.core.testobject.ObjectRepository.findTestObject(ReportsPage/advanceoptions_pm)): uiaction.CommonUIActions.isEnabled is PASSED

2018-06-14 19:58:39 - [MESSAGE][PASSED] - uiaction.CommonUIActions.isEnabled is PASSED

2018-06-14 19:58:39 - [TEST_STEP][PASSED] - Statement - If (close_pm): null

2018-06-14 19:58:39 - [TEST_STEP][PASSED] - Statement - Else: null

2018-06-14 19:58:39 - [TEST_STEP][PASSED] - Statement - If (TCflag): null

2018-06-14 19:58:39 - [TEST_STEP][PASSED] - Statement - out.println("PM Drop down boxes not  enabled"): null

2018-06-14 19:58:39 - [TEST_STEP][PASSED] - delay: Delayed 10 second(s)

2018-06-14 19:58:49 - [MESSAGE][PASSED] - Delayed 10 second(s)

2018-06-14 19:58:49 - [TEST_STEP][PASSED] - uiaction.CommonUIActions.click: uiaction.CommonUIActions.click is PASSED

2018-06-14 19:59:09 - [MESSAGE][PASSED] - uiaction.CommonUIActions.click is PASSED

2018-06-14 19:59:09 - [TEST_STEP][PASSED] - uiaction.CommonUIActions.enter: uiaction.CommonUIActions.enter is PASSED

2018-06-14 19:59:30 - [MESSAGE][PASSED] - uiaction.CommonUIActions.enter is PASSED

2018-06-14 19:59:30 - [TEST_STEP][PASSED] - uiaction.CommonUIActions.click: uiaction.CommonUIActions.click is PASSED

2018-06-14 19:59:30 - [MESSAGE][PASSED] - uiaction.CommonUIActions.click is PASSED

2018-06-14 19:59:30 - [TEST_STEP][PASSED] - delay: Delayed 10 second(s)

2018-06-14 19:59:40 - [MESSAGE][PASSED] - Delayed 10 second(s)

2018-06-14 19:59:40 - [TEST_STEP][PASSED] - uiaction.CommonUIActions.click: uiaction.CommonUIActions.click is PASSED

2018-06-14 19:59:40 - [MESSAGE][PASSED] - uiaction.CommonUIActions.click is PASSED

2018-06-14 19:59:40 - [TEST_STEP][PASSED] - uiaction.CommonUIActions.click: uiaction.CommonUIActions.click is PASSED

2018-06-14 19:59:40 - [MESSAGE][PASSED] - uiaction.CommonUIActions.click is PASSED

2018-06-14 19:59:40 - [TEST_STEP][PASSED] - click: Object: 'Object Repository/ReportsPage/generateReport' is clicked on

2018-06-14 19:59:40 - [MESSAGE][PASSED] - Object: 'Object Repository/ReportsPage/generateReport' is clicked on

2018-06-14 19:59:40 - [TEST_STEP][PASSED] - delay: Delayed 15 second(s)

2018-06-14 19:59:55 - [MESSAGE][PASSED] - Delayed 15 second(s)

2018-06-14 19:59:55 - [TEST_STEP][PASSED] - Statement - errMessage = CustomKeywords.uiaction.CommonUIActions.getText(com.kms.katalon.core.testobject.ObjectRepository.findTestObject(ReportsPage/report_failure_alertmsg)): uiaction.CommonUIActions.getText is PASSED

2018-06-14 19:59:55 - [MESSAGE][PASSED] - uiaction.CommonUIActions.getText is PASSED

2018-06-14 19:59:55 - [TEST_STEP][PASSED] - Statement - errMsgText = CustomKeywords.projectSpecific.Reusability.getTestData("ReportsPage", "DateRange5"): projectSpecific.Reusability.getTestData is PASSED

2018-06-14 19:59:55 - [MESSAGE][PASSED] - projectSpecific.Reusability.getTestData is PASSED

2018-06-14 19:59:55 - [TEST_STEP][PASSED] - verifyMatch: Actual text 'Date range invalid. For Daypart Reports select any 2 week period.' and expected text 'Date range invalid. For Daypart Reports select any 2 week period.' are matched 

2018-06-14 19:59:55 - [MESSAGE][PASSED] - Actual text 'Date range invalid. For Daypart Reports select any 2 week period.' and expected text 'Date range invalid. For Daypart Reports select any 2 week period.' are matched 

2018-06-14 19:59:55 - [TEST_STEP][FAILED] - Statement - If (errMessage == errMsgText): null

2018-06-14 19:59:55 - [TEST_STEP][PASSED] - delay: Delayed 10 second(s)

2018-06-14 20:00:05 - [MESSAGE][PASSED] - Delayed 10 second(s)

2018-06-14 20:00:05 - [TEST_STEP][PASSED] - click: Object: 'Object Repository/ReportsPage/toDateSelector' is clicked on

2018-06-14 20:00:05 - [MESSAGE][PASSED] - Object: 'Object Repository/ReportsPage/toDateSelector' is clicked on

2018-06-14 20:00:05 - [TEST_STEP][PASSED] - Statement - endDate = CustomKeywords.projectSpecific.Reusability.getTestData("ReportsPage", "endDate8"): projectSpecific.Reusability.getTestData is PASSED

2018-06-14 20:00:05 - [MESSAGE][PASSED] - projectSpecific.Reusability.getTestData is PASSED

2018-06-14 20:00:05 - [TEST_STEP][PASSED] - Statement - toDate = "(//td[text()='" + endDate + "'])[2]": null

2018-06-14 20:00:05 - [TEST_STEP][PASSED] - Statement - toDateEle = driver.findElement(org.openqa.selenium.By.xpath(toDate)): null

2018-06-14 20:00:05 - [TEST_STEP][PASSED] - Statement - toDateEle.click(): null

2018-06-14 20:00:05 - [TEST_STEP][PASSED] - delay: Delayed 5 second(s)

2018-06-14 20:00:10 - [MESSAGE][PASSED] - Delayed 5 second(s)

2018-06-14 20:00:10 - [TEST_STEP][PASSED] - Statement - dateAttr = com.kms.katalon.core.webui.keyword.WebUiBuiltInKeywords.getAttribute(com.kms.katalon.core.testobject.ObjectRepository.findTestObject(ReportsPage/selectedDate1), "value"): Attribute 'value' of object 'Object Repository/ReportsPage/selectedDate1' is: '03/01/2018'

2018-06-14 20:00:10 - [MESSAGE][PASSED] - Attribute 'value' of object 'Object Repository/ReportsPage/selectedDate1' is: '03/01/2018'

2018-06-14 20:00:10 - [TEST_STEP][PASSED] - Statement - fromDateValue = CustomKeywords.projectSpecific.Reusability.getTestData("ReportsPage", "fromDate"): projectSpecific.Reusability.getTestData is PASSED

2018-06-14 20:00:10 - [MESSAGE][PASSED] - projectSpecific.Reusability.getTestData is PASSED

2018-06-14 20:00:10 - [TEST_STEP][PASSED] - Statement - If (!(dateAttr.equals(fromDateValue))): null

2018-06-14 20:00:10 - [TEST_STEP][PASSED] - Statement - dateAttr = com.kms.katalon.core.webui.keyword.WebUiBuiltInKeywords.getAttribute(com.kms.katalon.core.testobject.ObjectRepository.findTestObject(ReportsPage/selectedDate2), "value"): Attribute 'value' of object 'Object Repository/ReportsPage/selectedDate2' is: '03/15/2018'

2018-06-14 20:00:10 - [MESSAGE][PASSED] - Attribute 'value' of object 'Object Repository/ReportsPage/selectedDate2' is: '03/15/2018'

2018-06-14 20:00:10 - [TEST_STEP][PASSED] - Statement - toDateValue = CustomKeywords.projectSpecific.Reusability.getTestData("ReportsPage", "toDate13"): projectSpecific.Reusability.getTestData is PASSED

2018-06-14 20:00:10 - [MESSAGE][PASSED] - projectSpecific.Reusability.getTestData is PASSED

2018-06-14 20:00:10 - [TEST_STEP][PASSED] - Statement - If (!(dateAttr.equals(toDateValue))): null

2018-06-14 20:00:10 - [TEST_STEP][PASSED] - delay: Delayed 5 second(s)

2018-06-14 20:00:15 - [MESSAGE][PASSED] - Delayed 5 second(s)

2018-06-14 20:00:15 - [TEST_STEP][PASSED] - click: Object: 'Object Repository/ReportsPage/generateReport' is clicked on

2018-06-14 20:00:15 - [MESSAGE][PASSED] - Object: 'Object Repository/ReportsPage/generateReport' is clicked on

2018-06-14 20:00:15 - [TEST_STEP][PASSED] - delay: Delayed 15 second(s)

2018-06-14 20:00:30 - [MESSAGE][PASSED] - Delayed 15 second(s)

2018-06-14 20:00:30 - [TEST_STEP][PASSED] - Statement - confirmationText = CustomKeywords.projectSpecific.Reusability.getTestData("SummarizedReportPage", "confirmationText1"): projectSpecific.Reusability.getTestData is PASSED

2018-06-14 20:00:30 - [MESSAGE][PASSED] - projectSpecific.Reusability.getTestData is PASSED

2018-06-14 20:00:30 - [TEST_STEP][PASSED] - Statement - actualconfirmationText = CustomKeywords.uiaction.CommonUIActions.getText(com.kms.katalon.core.testobject.ObjectRepository.findTestObject(SummarizedReportPage/emailConfirmation)): uiaction.CommonUIActions.getText is PASSED

2018-06-14 20:00:51 - [MESSAGE][PASSED] - uiaction.CommonUIActions.getText is PASSED

2018-06-14 20:00:51 - [TEST_STEP][FAILED] - Statement - confirm = com.kms.katalon.core.webui.keyword.WebUiBuiltInKeywords.verifyMatch(confirmationText, actualconfirmationText, false): Unable to verify match between actual text 'Please check your email. Your Report has been sent to selvendrank@nousinfo.com.' and expected text 'Web element with id: 'Object Repository/SummarizedReportPage/emailConfirmation' located by 'By.xpath: //div[@class='appr']/h4' not found' (Root cause: Actual text 'Please check your email. Your Report has been sent to selvendrank@nousinfo.com.' and expected text 'Web element with id: 'Object Repository/SummarizedReportPage/emailConfirmation' located by 'By.xpath: //div[@class='appr']/h4' not found' are not matched)

2018-06-14 20:00:51 - [MESSAGE][FAILED] - Unable to verify match between actual text 'Please check your email. Your Report has been sent to selvendrank@nousinfo.com.' and expected text 'Web element with id: 'Object Repository/SummarizedReportPage/emailConfirmation' located by 'By.xpath: //div[@class='appr']/h4' not found' (Root cause: Actual text 'Please check your email. Your Report has been sent to selvendrank@nousinfo.com.' and expected text 'Web element with id: 'Object Repository/SummarizedReportPage/emailConfirmation' located by 'By.xpath: //div[@class='appr']/h4' not found' are not matched)

2018-06-14 20:00:51 - [TEST_STEP][PASSED] - Statement - If (confirm): null

2018-06-14 20:00:51 - [TEST_STEP][PASSED] - Statement - Else: null

2018-06-14 20:00:51 - [TEST_STEP][PASSED] - Statement - If (TCflag): null

2018-06-14 20:00:51 - [TEST_STEP][PASSED] - Statement - out.println("Email Verification not received"): null

2018-06-14 20:00:51 - [TEST_STEP][PASSED] - delay: Delayed 10 second(s)

2018-06-14 20:01:01 - [MESSAGE][PASSED] - Delayed 10 second(s)

2018-06-14 20:01:01 - [TEST_STEP][PASSED] - uiaction.CommonUIActions.click: uiaction.CommonUIActions.click is PASSED

2018-06-14 20:01:04 - [MESSAGE][PASSED] - uiaction.CommonUIActions.click is PASSED

2018-06-14 20:01:04 - [TEST_STEP][PASSED] - uiaction.CommonUIActions.click: uiaction.CommonUIActions.click is PASSED

2018-06-14 20:01:22 - [MESSAGE][PASSED] - uiaction.CommonUIActions.click is PASSED

2018-06-14 20:01:22 - [TEST_STEP][PASSED] - uiaction.CommonUIActions.click: uiaction.CommonUIActions.click is PASSED

2018-06-14 20:01:22 - [MESSAGE][PASSED] - uiaction.CommonUIActions.click is PASSED

2018-06-14 20:01:22 - [TEST_STEP][PASSED] - delay: Delayed 10 second(s)

2018-06-14 20:01:32 - [MESSAGE][PASSED] - Delayed 10 second(s)

2018-06-14 20:01:32 - [TEST_STEP][PASSED] - Statement - groupLink = "//span[text()='" + grpName + "']": null

2018-06-14 20:01:32 - [TEST_STEP][PASSED] - Statement - driver.findElement(org.openqa.selenium.By.xpath(groupLink)).click(): null

2018-06-14 20:01:32 - [TEST_STEP][PASSED] - delay: Delayed 10 second(s)

2018-06-14 20:01:42 - [MESSAGE][PASSED] - Delayed 10 second(s)

2018-06-14 20:01:42 - [TEST_STEP][PASSED] - uiaction.CommonUIActions.click: uiaction.CommonUIActions.click is PASSED

2018-06-14 20:01:42 - [MESSAGE][PASSED] - uiaction.CommonUIActions.click is PASSED

2018-06-14 20:01:42 - [TEST_STEP][PASSED] - delay: Delayed 10 second(s)

2018-06-14 20:01:52 - [MESSAGE][PASSED] - Delayed 10 second(s)

2018-06-14 20:01:52 - [TEST_STEP][PASSED] - uiaction.CommonUIActions.click: uiaction.CommonUIActions.click is PASSED

2018-06-14 20:01:52 - [MESSAGE][PASSED] - uiaction.CommonUIActions.click is PASSED

2018-06-14 20:01:52 - [TEST_STEP][PASSED] - delay: Delayed 10 second(s)

2018-06-14 20:02:02 - [MESSAGE][PASSED] - Delayed 10 second(s)

2018-06-14 20:02:02 - [TEST_STEP][PASSED] - uiaction.CommonUIActions.click: uiaction.CommonUIActions.click is PASSED

2018-06-14 20:02:05 - [MESSAGE][PASSED] - uiaction.CommonUIActions.click is PASSED

2018-06-14 20:02:05 - [TEST_STEP][PASSED] - Statement - assert TCflag == true: null

2018-06-14 20:02:05 - [TEST_STEP][PASSED] - Start listener action : sampleAfterTestCase: Browser is closed

2018-06-14 20:02:05 - [TEST_STEP][PASSED] - Statement - println(testCaseContext.getTestCaseId()): null

2018-06-14 20:02:05 - [TEST_STEP][PASSED] - Statement - println(testCaseContext.getTestCaseStatus()): null

2018-06-14 20:02:05 - [TEST_STEP][PASSED] - closeBrowser: Browser is closed

2018-06-14 20:02:06 - [MESSAGE][PASSED] - Browser is closed]]></system-out>
         <system-err><![CDATA[2018-06-14 19:54:39 - [TEST_CASE][FAILED] - Test Cases/SummaryReportsTC/HME-Summary Report-12: Test Cases/SummaryReportsTC/HME-Summary Report-12 FAILED because (of) com.kms.katalon.core.webui.exception.WebElementNotFoundException: Web element with id: 'Object Repository/ReportsPage/advancedoption_am' located by 'By.xpath: //li[contains(text(),'am')]' not found]]></system-err>
      </testcase>
      <testcase name="Test Cases/SummaryReportsTC/HME-Summary Report-13" classname="Test Cases/SummaryReportsTC/HME-Summary Report-13" status="FAILED">
         <failure type="FAILED" message="Unable to verify match between actual text 'Please check your email. Your Report has been sent to selvendrank@nousinfo.com.' and expected text 'Web element with id: 'Object Repository/SummarizedReportPage/emailConfirmation' located by 'By.xpath: //div[@class='appr']/h4' not found' (Root cause: Actual text 'Please check your email. Your Report has been sent to selvendrank@nousinfo.com.' and expected text 'Web element with id: 'Object Repository/SummarizedReportPage/emailConfirmation' located by 'By.xpath: //div[@class='appr']/h4' not found' are not matched)"/>
         <system-out><![CDATA[2018-06-14 20:02:06 - [TEST_CASE][FAILED] - Test Cases/SummaryReportsTC/HME-Summary Report-13: Test Cases/SummaryReportsTC/HME-Summary Report-13 FAILED because (of) Unable to verify match between actual text 'Please check your email. Your Report has been sent to selvendrank@nousinfo.com.' and expected text 'Web element with id: 'Object Repository/SummarizedReportPage/emailConfirmation' located by 'By.xpath: //div[@class='appr']/h4' not found' (Root cause: Actual text 'Please check your email. Your Report has been sent to selvendrank@nousinfo.com.' and expected text 'Web element with id: 'Object Repository/SummarizedReportPage/emailConfirmation' located by 'By.xpath: //div[@class='appr']/h4' not found' are not matched)

2018-06-14 20:02:06 - [TEST_STEP][PASSED] - Start listener action : sampleBeforeTestCase: uiaction.CommonUIActions.deleteAllCookies is PASSED

2018-06-14 20:02:06 - [TEST_STEP][PASSED] - openBrowser: Browser is opened with url: ''

2018-06-14 20:02:08 - [MESSAGE][PASSED] - Browser is opened with url: ''

2018-06-14 20:02:08 - [TEST_STEP][PASSED] - maximizeWindow: Current window maximized

2018-06-14 20:02:09 - [MESSAGE][PASSED] - Current window maximized

2018-06-14 20:02:09 - [TEST_STEP][PASSED] - uiaction.CommonUIActions.deleteAllCookies: uiaction.CommonUIActions.deleteAllCookies is PASSED

2018-06-14 20:02:09 - [MESSAGE][PASSED] - Delete all cookies successfully

2018-06-14 20:02:09 - [MESSAGE][PASSED] - uiaction.CommonUIActions.deleteAllCookies is PASSED

2018-06-14 20:02:09 - [TEST_STEP][PASSED] - Statement - TCflag = true: null

2018-06-14 20:02:09 - [TEST_STEP][FAILED] - Statement - Try: uiaction.CommonUIActions.click is PASSED

2018-06-14 20:02:09 - [TEST_STEP][PASSED] - navigateToUrl: Navigate to 'https://hme-dev-public-cloud-app.azurewebsites.net/' successfully

2018-06-14 20:02:13 - [MESSAGE][PASSED] - Navigate to 'https://hme-dev-public-cloud-app.azurewebsites.net/' successfully

2018-06-14 20:02:13 - [TEST_STEP][PASSED] - projectSpecific.Reusability.login: projectSpecific.Reusability.login is PASSED

2018-06-14 20:02:13 - [MESSAGE][PASSED] - projectSpecific.Reusability.getTestData is PASSED

2018-06-14 20:02:13 - [MESSAGE][PASSED] - projectSpecific.Reusability.getTestData is PASSED

2018-06-14 20:02:13 - [MESSAGE][PASSED] - Text 'selvendrank@nousinfo.com' is set on object 'Object Repository/LoginPage/Username'

2018-06-14 20:02:13 - [MESSAGE][PASSED] - Text 'nous;123' is set on object 'Object Repository/LoginPage/Password'

2018-06-14 20:02:13 - [MESSAGE][PASSED] - Object: 'Object Repository/LoginPage/Login' is clicked on

2018-06-14 20:02:13 - [MESSAGE][PASSED] - projectSpecific.Reusability.login is PASSED

2018-06-14 20:02:13 - [TEST_STEP][PASSED] - delay: Delayed 10 second(s)

2018-06-14 20:02:23 - [MESSAGE][PASSED] - Delayed 10 second(s)

2018-06-14 20:02:23 - [TEST_STEP][PASSED] - uiaction.CommonUIActions.click: uiaction.CommonUIActions.click is PASSED

2018-06-14 20:02:51 - [MESSAGE][PASSED] - uiaction.CommonUIActions.click is PASSED

2018-06-14 20:02:51 - [TEST_STEP][PASSED] - uiaction.CommonUIActions.click: uiaction.CommonUIActions.click is PASSED

2018-06-14 20:02:52 - [MESSAGE][PASSED] - uiaction.CommonUIActions.click is PASSED

2018-06-14 20:02:52 - [TEST_STEP][PASSED] - uiaction.CommonUIActions.click: uiaction.CommonUIActions.click is PASSED

2018-06-14 20:02:52 - [MESSAGE][PASSED] - uiaction.CommonUIActions.click is PASSED

2018-06-14 20:02:52 - [TEST_STEP][PASSED] - uiaction.CommonUIActions.enter: uiaction.CommonUIActions.enter is PASSED

2018-06-14 20:02:52 - [MESSAGE][PASSED] - projectSpecific.Reusability.getTestData is PASSED

2018-06-14 20:02:52 - [MESSAGE][PASSED] - uiaction.CommonUIActions.enter is PASSED

2018-06-14 20:02:52 - [TEST_STEP][PASSED] - uiaction.CommonUIActions.enter: uiaction.CommonUIActions.enter is PASSED

2018-06-14 20:02:52 - [MESSAGE][PASSED] - projectSpecific.Reusability.getTestData is PASSED

2018-06-14 20:02:52 - [MESSAGE][PASSED] - uiaction.CommonUIActions.enter is PASSED

2018-06-14 20:02:52 - [TEST_STEP][PASSED] - delay: Delayed 10 second(s)

2018-06-14 20:03:02 - [MESSAGE][PASSED] - Delayed 10 second(s)

2018-06-14 20:03:02 - [TEST_STEP][PASSED] - Statement - driver = com.kms.katalon.core.webui.driver.DriverFactory.getWebDriver(): null

2018-06-14 20:03:02 - [TEST_STEP][PASSED] - Statement - grouplist = driver.findElements(org.openqa.selenium.By.xpath("//ul[@class='unlinked-grouplist']/li")): null

2018-06-14 20:03:02 - [TEST_STEP][PASSED] - delay: Delayed 5 second(s)

2018-06-14 20:03:07 - [MESSAGE][PASSED] - Delayed 5 second(s)

2018-06-14 20:03:07 - [TEST_STEP][PASSED] - Statement - pattern = java.util.regex.Pattern.compile("[0-9]+"): null

2018-06-14 20:03:07 - [TEST_STEP][PASSED] - Statement - store_count = 1: null

2018-06-14 20:03:07 - [TEST_STEP][PASSED] - Statement - For ([i = 0, i < grouplist.size(), (i++)]): null

2018-06-14 20:03:07 - [TEST_STEP][PASSED] - Statement - println(grouplist.get(i).getText()): null

2018-06-14 20:03:07 - [TEST_STEP][PASSED] - Statement - txt = grouplist.get(i).getText(): null

2018-06-14 20:03:07 - [TEST_STEP][PASSED] - Statement - matched = pattern.matcher(txt).matches(): null

2018-06-14 20:03:07 - [TEST_STEP][PASSED] - Statement - If (matched): null

2018-06-14 20:03:07 - [TEST_STEP][PASSED] - Statement - println(grouplist.get(i).getText()): null

2018-06-14 20:03:07 - [TEST_STEP][PASSED] - Statement - txt = grouplist.get(i).getText(): null

2018-06-14 20:03:07 - [TEST_STEP][PASSED] - Statement - matched = pattern.matcher(txt).matches(): null

2018-06-14 20:03:07 - [TEST_STEP][PASSED] - Statement - If (matched): null

2018-06-14 20:03:07 - [TEST_STEP][PASSED] - Statement - println(grouplist.get(i).getText()): null

2018-06-14 20:03:07 - [TEST_STEP][PASSED] - Statement - txt = grouplist.get(i).getText(): null

2018-06-14 20:03:07 - [TEST_STEP][PASSED] - Statement - matched = pattern.matcher(txt).matches(): null

2018-06-14 20:03:07 - [TEST_STEP][PASSED] - Statement - If (matched): null

2018-06-14 20:03:07 - [TEST_STEP][PASSED] - Statement - println(grouplist.get(i).getText()): null

2018-06-14 20:03:07 - [TEST_STEP][PASSED] - Statement - txt = grouplist.get(i).getText(): null

2018-06-14 20:03:07 - [TEST_STEP][PASSED] - Statement - matched = pattern.matcher(txt).matches(): null

2018-06-14 20:03:07 - [TEST_STEP][PASSED] - Statement - If (matched): null

2018-06-14 20:03:07 - [TEST_STEP][PASSED] - Statement - println(grouplist.get(i).getText()): null

2018-06-14 20:03:07 - [TEST_STEP][PASSED] - Statement - txt = grouplist.get(i).getText(): null

2018-06-14 20:03:07 - [TEST_STEP][PASSED] - Statement - matched = pattern.matcher(txt).matches(): null

2018-06-14 20:03:07 - [TEST_STEP][PASSED] - Statement - If (matched): null

2018-06-14 20:03:07 - [TEST_STEP][PASSED] - Statement - println(grouplist.get(i).getText()): null

2018-06-14 20:03:07 - [TEST_STEP][PASSED] - Statement - txt = grouplist.get(i).getText(): null

2018-06-14 20:03:07 - [TEST_STEP][PASSED] - Statement - matched = pattern.matcher(txt).matches(): null

2018-06-14 20:03:07 - [TEST_STEP][PASSED] - Statement - If (matched): null

2018-06-14 20:03:07 - [TEST_STEP][PASSED] - Statement - println(grouplist.get(i).getText()): null

2018-06-14 20:03:07 - [TEST_STEP][PASSED] - Statement - txt = grouplist.get(i).getText(): null

2018-06-14 20:03:07 - [TEST_STEP][PASSED] - Statement - matched = pattern.matcher(txt).matches(): null

2018-06-14 20:03:07 - [TEST_STEP][PASSED] - Statement - If (matched): null

2018-06-14 20:03:07 - [TEST_STEP][PASSED] - Statement - println(grouplist.get(i).getText()): null

2018-06-14 20:03:07 - [TEST_STEP][PASSED] - Statement - txt = grouplist.get(i).getText(): null

2018-06-14 20:03:07 - [TEST_STEP][PASSED] - Statement - matched = pattern.matcher(txt).matches(): null

2018-06-14 20:03:07 - [TEST_STEP][PASSED] - Statement - If (matched): null

2018-06-14 20:03:07 - [TEST_STEP][PASSED] - Statement - println(grouplist.get(i).getText()): null

2018-06-14 20:03:07 - [TEST_STEP][PASSED] - Statement - txt = grouplist.get(i).getText(): null

2018-06-14 20:03:07 - [TEST_STEP][PASSED] - Statement - matched = pattern.matcher(txt).matches(): null

2018-06-14 20:03:07 - [TEST_STEP][PASSED] - Statement - If (matched): null

2018-06-14 20:03:07 - [TEST_STEP][PASSED] - Statement - println(grouplist.get(i).getText()): null

2018-06-14 20:03:07 - [TEST_STEP][PASSED] - Statement - txt = grouplist.get(i).getText(): null

2018-06-14 20:03:07 - [TEST_STEP][PASSED] - Statement - matched = pattern.matcher(txt).matches(): null

2018-06-14 20:03:07 - [TEST_STEP][PASSED] - Statement - If (matched): null

2018-06-14 20:03:07 - [TEST_STEP][PASSED] - Statement - println(grouplist.get(i).getText()): null

2018-06-14 20:03:08 - [TEST_STEP][PASSED] - Statement - txt = grouplist.get(i).getText(): null

2018-06-14 20:03:08 - [TEST_STEP][PASSED] - Statement - matched = pattern.matcher(txt).matches(): null

2018-06-14 20:03:08 - [TEST_STEP][PASSED] - Statement - If (matched): null

2018-06-14 20:03:08 - [TEST_STEP][PASSED] - Statement - println(grouplist.get(i).getText()): null

2018-06-14 20:03:08 - [TEST_STEP][PASSED] - Statement - txt = grouplist.get(i).getText(): null

2018-06-14 20:03:08 - [TEST_STEP][PASSED] - Statement - matched = pattern.matcher(txt).matches(): null

2018-06-14 20:03:08 - [TEST_STEP][PASSED] - Statement - If (matched): null

2018-06-14 20:03:08 - [TEST_STEP][PASSED] - Statement - println(grouplist.get(i).getText()): null

2018-06-14 20:03:08 - [TEST_STEP][PASSED] - Statement - txt = grouplist.get(i).getText(): null

2018-06-14 20:03:08 - [TEST_STEP][PASSED] - Statement - matched = pattern.matcher(txt).matches(): null

2018-06-14 20:03:08 - [TEST_STEP][PASSED] - Statement - If (matched): null

2018-06-14 20:03:08 - [TEST_STEP][PASSED] - Statement - println(grouplist.get(i).getText()): null

2018-06-14 20:03:08 - [TEST_STEP][PASSED] - Statement - txt = grouplist.get(i).getText(): null

2018-06-14 20:03:08 - [TEST_STEP][PASSED] - Statement - matched = pattern.matcher(txt).matches(): null

2018-06-14 20:03:08 - [TEST_STEP][PASSED] - Statement - If (matched): null

2018-06-14 20:03:08 - [TEST_STEP][PASSED] - Statement - println(grouplist.get(i).getText()): null

2018-06-14 20:03:08 - [TEST_STEP][PASSED] - Statement - txt = grouplist.get(i).getText(): null

2018-06-14 20:03:08 - [TEST_STEP][PASSED] - Statement - matched = pattern.matcher(txt).matches(): null

2018-06-14 20:03:08 - [TEST_STEP][PASSED] - Statement - If (matched): null

2018-06-14 20:03:08 - [TEST_STEP][PASSED] - Statement - println(grouplist.get(i).getText()): null

2018-06-14 20:03:08 - [TEST_STEP][PASSED] - Statement - txt = grouplist.get(i).getText(): null

2018-06-14 20:03:08 - [TEST_STEP][PASSED] - Statement - matched = pattern.matcher(txt).matches(): null

2018-06-14 20:03:08 - [TEST_STEP][PASSED] - Statement - If (matched): null

2018-06-14 20:03:08 - [TEST_STEP][PASSED] - Statement - println(grouplist.get(i).getText()): null

2018-06-14 20:03:08 - [TEST_STEP][PASSED] - Statement - txt = grouplist.get(i).getText(): null

2018-06-14 20:03:08 - [TEST_STEP][PASSED] - Statement - matched = pattern.matcher(txt).matches(): null

2018-06-14 20:03:08 - [TEST_STEP][PASSED] - Statement - If (matched): null

2018-06-14 20:03:08 - [TEST_STEP][PASSED] - Statement - println(grouplist.get(i).getText()): null

2018-06-14 20:03:08 - [TEST_STEP][PASSED] - Statement - txt = grouplist.get(i).getText(): null

2018-06-14 20:03:08 - [TEST_STEP][PASSED] - Statement - matched = pattern.matcher(txt).matches(): null

2018-06-14 20:03:08 - [TEST_STEP][PASSED] - Statement - If (matched): null

2018-06-14 20:03:08 - [TEST_STEP][PASSED] - Statement - driver.findElement(org.openqa.selenium.By.xpath("(//ul[@class='unlinked-grouplist']/li/label)[" + i + 1 + "]")).click(): null

2018-06-14 20:03:08 - [TEST_STEP][PASSED] - Statement - (store_count++): null

2018-06-14 20:03:08 - [TEST_STEP][PASSED] - Statement - println(grouplist.get(i).getText()): null

2018-06-14 20:03:08 - [TEST_STEP][PASSED] - Statement - txt = grouplist.get(i).getText(): null

2018-06-14 20:03:08 - [TEST_STEP][PASSED] - Statement - matched = pattern.matcher(txt).matches(): null

2018-06-14 20:03:08 - [TEST_STEP][PASSED] - Statement - If (matched): null

2018-06-14 20:03:08 - [TEST_STEP][PASSED] - Statement - driver.findElement(org.openqa.selenium.By.xpath("(//ul[@class='unlinked-grouplist']/li/label)[" + i + 1 + "]")).click(): null

2018-06-14 20:03:08 - [TEST_STEP][PASSED] - Statement - (store_count++): null

2018-06-14 20:03:08 - [TEST_STEP][PASSED] - Statement - println(grouplist.get(i).getText()): null

2018-06-14 20:03:08 - [TEST_STEP][PASSED] - Statement - txt = grouplist.get(i).getText(): null

2018-06-14 20:03:08 - [TEST_STEP][PASSED] - Statement - matched = pattern.matcher(txt).matches(): null

2018-06-14 20:03:08 - [TEST_STEP][PASSED] - Statement - If (matched): null

2018-06-14 20:03:08 - [TEST_STEP][PASSED] - Statement - driver.findElement(org.openqa.selenium.By.xpath("(//ul[@class='unlinked-grouplist']/li/label)[" + i + 1 + "]")).click(): null

2018-06-14 20:03:08 - [TEST_STEP][PASSED] - Statement - (store_count++): null

2018-06-14 20:03:08 - [TEST_STEP][PASSED] - Statement - println(grouplist.get(i).getText()): null

2018-06-14 20:03:08 - [TEST_STEP][PASSED] - Statement - txt = grouplist.get(i).getText(): null

2018-06-14 20:03:08 - [TEST_STEP][PASSED] - Statement - matched = pattern.matcher(txt).matches(): null

2018-06-14 20:03:08 - [TEST_STEP][PASSED] - Statement - If (matched): null

2018-06-14 20:03:08 - [TEST_STEP][PASSED] - Statement - driver.findElement(org.openqa.selenium.By.xpath("(//ul[@class='unlinked-grouplist']/li/label)[" + i + 1 + "]")).click(): null

2018-06-14 20:03:08 - [TEST_STEP][PASSED] - Statement - (store_count++): null

2018-06-14 20:03:08 - [TEST_STEP][PASSED] - Statement - println(grouplist.get(i).getText()): null

2018-06-14 20:03:08 - [TEST_STEP][PASSED] - Statement - txt = grouplist.get(i).getText(): null

2018-06-14 20:03:08 - [TEST_STEP][PASSED] - Statement - matched = pattern.matcher(txt).matches(): null

2018-06-14 20:03:08 - [TEST_STEP][PASSED] - Statement - If (matched): null

2018-06-14 20:03:08 - [TEST_STEP][PASSED] - Statement - driver.findElement(org.openqa.selenium.By.xpath("(//ul[@class='unlinked-grouplist']/li/label)[" + i + 1 + "]")).click(): null

2018-06-14 20:03:08 - [TEST_STEP][PASSED] - Statement - (store_count++): null

2018-06-14 20:03:08 - [TEST_STEP][PASSED] - Statement - println(grouplist.get(i).getText()): null

2018-06-14 20:03:08 - [TEST_STEP][PASSED] - Statement - txt = grouplist.get(i).getText(): null

2018-06-14 20:03:08 - [TEST_STEP][PASSED] - Statement - matched = pattern.matcher(txt).matches(): null

2018-06-14 20:03:08 - [TEST_STEP][PASSED] - Statement - If (matched): null

2018-06-14 20:03:08 - [TEST_STEP][PASSED] - Statement - driver.findElement(org.openqa.selenium.By.xpath("(//ul[@class='unlinked-grouplist']/li/label)[" + i + 1 + "]")).click(): null

2018-06-14 20:03:08 - [TEST_STEP][PASSED] - Statement - (store_count++): null

2018-06-14 20:03:08 - [TEST_STEP][PASSED] - Statement - println(grouplist.get(i).getText()): null

2018-06-14 20:03:08 - [TEST_STEP][PASSED] - Statement - txt = grouplist.get(i).getText(): null

2018-06-14 20:03:08 - [TEST_STEP][PASSED] - Statement - matched = pattern.matcher(txt).matches(): null

2018-06-14 20:03:08 - [TEST_STEP][PASSED] - Statement - If (matched): null

2018-06-14 20:03:08 - [TEST_STEP][PASSED] - Statement - driver.findElement(org.openqa.selenium.By.xpath("(//ul[@class='unlinked-grouplist']/li/label)[" + i + 1 + "]")).click(): null

2018-06-14 20:03:08 - [TEST_STEP][PASSED] - Statement - (store_count++): null

2018-06-14 20:03:08 - [TEST_STEP][PASSED] - Statement - println(grouplist.get(i).getText()): null

2018-06-14 20:03:08 - [TEST_STEP][PASSED] - Statement - txt = grouplist.get(i).getText(): null

2018-06-14 20:03:08 - [TEST_STEP][PASSED] - Statement - matched = pattern.matcher(txt).matches(): null

2018-06-14 20:03:08 - [TEST_STEP][PASSED] - Statement - If (matched): null

2018-06-14 20:03:08 - [TEST_STEP][PASSED] - Statement - driver.findElement(org.openqa.selenium.By.xpath("(//ul[@class='unlinked-grouplist']/li/label)[" + i + 1 + "]")).click(): null

2018-06-14 20:03:08 - [TEST_STEP][PASSED] - Statement - (store_count++): null

2018-06-14 20:03:08 - [TEST_STEP][PASSED] - Statement - println(grouplist.get(i).getText()): null

2018-06-14 20:03:08 - [TEST_STEP][PASSED] - Statement - txt = grouplist.get(i).getText(): null

2018-06-14 20:03:08 - [TEST_STEP][PASSED] - Statement - matched = pattern.matcher(txt).matches(): null

2018-06-14 20:03:08 - [TEST_STEP][PASSED] - Statement - If (matched): null

2018-06-14 20:03:08 - [TEST_STEP][PASSED] - Statement - driver.findElement(org.openqa.selenium.By.xpath("(//ul[@class='unlinked-grouplist']/li/label)[" + i + 1 + "]")).click(): null

2018-06-14 20:03:08 - [TEST_STEP][PASSED] - Statement - (store_count++): null

2018-06-14 20:03:08 - [TEST_STEP][PASSED] - Statement - println(grouplist.get(i).getText()): null

2018-06-14 20:03:08 - [TEST_STEP][PASSED] - Statement - txt = grouplist.get(i).getText(): null

2018-06-14 20:03:08 - [TEST_STEP][PASSED] - Statement - matched = pattern.matcher(txt).matches(): null

2018-06-14 20:03:08 - [TEST_STEP][PASSED] - Statement - If (matched): null

2018-06-14 20:03:08 - [TEST_STEP][PASSED] - Statement - driver.findElement(org.openqa.selenium.By.xpath("(//ul[@class='unlinked-grouplist']/li/label)[" + i + 1 + "]")).click(): null

2018-06-14 20:03:09 - [TEST_STEP][PASSED] - Statement - (store_count++): null

2018-06-14 20:03:09 - [TEST_STEP][PASSED] - Statement - println(grouplist.get(i).getText()): null

2018-06-14 20:03:09 - [TEST_STEP][PASSED] - Statement - txt = grouplist.get(i).getText(): null

2018-06-14 20:03:09 - [TEST_STEP][PASSED] - Statement - matched = pattern.matcher(txt).matches(): null

2018-06-14 20:03:09 - [TEST_STEP][PASSED] - Statement - If (matched): null

2018-06-14 20:03:09 - [TEST_STEP][PASSED] - Statement - driver.findElement(org.openqa.selenium.By.xpath("(//ul[@class='unlinked-grouplist']/li/label)[" + i + 1 + "]")).click(): null

2018-06-14 20:03:09 - [TEST_STEP][PASSED] - Statement - (store_count++): null

2018-06-14 20:03:09 - [TEST_STEP][PASSED] - Statement - println(grouplist.get(i).getText()): null

2018-06-14 20:03:09 - [TEST_STEP][PASSED] - Statement - txt = grouplist.get(i).getText(): null

2018-06-14 20:03:09 - [TEST_STEP][PASSED] - Statement - matched = pattern.matcher(txt).matches(): null

2018-06-14 20:03:09 - [TEST_STEP][PASSED] - Statement - If (matched): null

2018-06-14 20:03:09 - [TEST_STEP][PASSED] - Statement - driver.findElement(org.openqa.selenium.By.xpath("(//ul[@class='unlinked-grouplist']/li/label)[" + i + 1 + "]")).click(): null

2018-06-14 20:03:09 - [TEST_STEP][PASSED] - Statement - (store_count++): null

2018-06-14 20:03:09 - [TEST_STEP][PASSED] - Statement - println(grouplist.get(i).getText()): null

2018-06-14 20:03:09 - [TEST_STEP][PASSED] - Statement - txt = grouplist.get(i).getText(): null

2018-06-14 20:03:09 - [TEST_STEP][PASSED] - Statement - matched = pattern.matcher(txt).matches(): null

2018-06-14 20:03:09 - [TEST_STEP][PASSED] - Statement - If (matched): null

2018-06-14 20:03:09 - [TEST_STEP][PASSED] - Statement - driver.findElement(org.openqa.selenium.By.xpath("(//ul[@class='unlinked-grouplist']/li/label)[" + i + 1 + "]")).click(): null

2018-06-14 20:03:09 - [TEST_STEP][PASSED] - Statement - (store_count++): null

2018-06-14 20:03:09 - [TEST_STEP][PASSED] - Statement - println(grouplist.get(i).getText()): null

2018-06-14 20:03:09 - [TEST_STEP][PASSED] - Statement - txt = grouplist.get(i).getText(): null

2018-06-14 20:03:09 - [TEST_STEP][PASSED] - Statement - matched = pattern.matcher(txt).matches(): null

2018-06-14 20:03:09 - [TEST_STEP][PASSED] - Statement - If (matched): null

2018-06-14 20:03:09 - [TEST_STEP][PASSED] - Statement - driver.findElement(org.openqa.selenium.By.xpath("(//ul[@class='unlinked-grouplist']/li/label)[" + i + 1 + "]")).click(): null

2018-06-14 20:03:09 - [TEST_STEP][PASSED] - Statement - (store_count++): null

2018-06-14 20:03:09 - [TEST_STEP][PASSED] - Statement - println(grouplist.get(i).getText()): null

2018-06-14 20:03:09 - [TEST_STEP][PASSED] - Statement - txt = grouplist.get(i).getText(): null

2018-06-14 20:03:09 - [TEST_STEP][PASSED] - Statement - matched = pattern.matcher(txt).matches(): null

2018-06-14 20:03:09 - [TEST_STEP][PASSED] - Statement - If (matched): null

2018-06-14 20:03:09 - [TEST_STEP][PASSED] - Statement - driver.findElement(org.openqa.selenium.By.xpath("(//ul[@class='unlinked-grouplist']/li/label)[" + i + 1 + "]")).click(): null

2018-06-14 20:03:09 - [TEST_STEP][PASSED] - Statement - (store_count++): null

2018-06-14 20:03:09 - [TEST_STEP][PASSED] - Statement - println(grouplist.get(i).getText()): null

2018-06-14 20:03:09 - [TEST_STEP][PASSED] - Statement - txt = grouplist.get(i).getText(): null

2018-06-14 20:03:09 - [TEST_STEP][PASSED] - Statement - matched = pattern.matcher(txt).matches(): null

2018-06-14 20:03:09 - [TEST_STEP][PASSED] - Statement - If (matched): null

2018-06-14 20:03:09 - [TEST_STEP][PASSED] - Statement - driver.findElement(org.openqa.selenium.By.xpath("(//ul[@class='unlinked-grouplist']/li/label)[" + i + 1 + "]")).click(): null

2018-06-14 20:03:09 - [TEST_STEP][PASSED] - Statement - (store_count++): null

2018-06-14 20:03:09 - [TEST_STEP][PASSED] - Statement - println(grouplist.get(i).getText()): null

2018-06-14 20:03:09 - [TEST_STEP][PASSED] - Statement - txt = grouplist.get(i).getText(): null

2018-06-14 20:03:09 - [TEST_STEP][PASSED] - Statement - matched = pattern.matcher(txt).matches(): null

2018-06-14 20:03:09 - [TEST_STEP][PASSED] - Statement - If (matched): null

2018-06-14 20:03:09 - [TEST_STEP][PASSED] - Statement - driver.findElement(org.openqa.selenium.By.xpath("(//ul[@class='unlinked-grouplist']/li/label)[" + i + 1 + "]")).click(): null

2018-06-14 20:03:09 - [TEST_STEP][PASSED] - Statement - (store_count++): null

2018-06-14 20:03:09 - [TEST_STEP][PASSED] - Statement - println(grouplist.get(i).getText()): null

2018-06-14 20:03:09 - [TEST_STEP][PASSED] - Statement - txt = grouplist.get(i).getText(): null

2018-06-14 20:03:09 - [TEST_STEP][PASSED] - Statement - matched = pattern.matcher(txt).matches(): null

2018-06-14 20:03:09 - [TEST_STEP][PASSED] - Statement - If (matched): null

2018-06-14 20:03:09 - [TEST_STEP][PASSED] - Statement - driver.findElement(org.openqa.selenium.By.xpath("(//ul[@class='unlinked-grouplist']/li/label)[" + i + 1 + "]")).click(): null

2018-06-14 20:03:09 - [TEST_STEP][PASSED] - Statement - (store_count++): null

2018-06-14 20:03:09 - [TEST_STEP][PASSED] - Statement - println(grouplist.get(i).getText()): null

2018-06-14 20:03:09 - [TEST_STEP][PASSED] - Statement - txt = grouplist.get(i).getText(): null

2018-06-14 20:03:09 - [TEST_STEP][PASSED] - Statement - matched = pattern.matcher(txt).matches(): null

2018-06-14 20:03:09 - [TEST_STEP][PASSED] - Statement - If (matched): null

2018-06-14 20:03:09 - [TEST_STEP][PASSED] - Statement - driver.findElement(org.openqa.selenium.By.xpath("(//ul[@class='unlinked-grouplist']/li/label)[" + i + 1 + "]")).click(): null

2018-06-14 20:03:09 - [TEST_STEP][PASSED] - Statement - (store_count++): null

2018-06-14 20:03:09 - [TEST_STEP][PASSED] - Statement - println(grouplist.get(i).getText()): null

2018-06-14 20:03:09 - [TEST_STEP][PASSED] - Statement - txt = grouplist.get(i).getText(): null

2018-06-14 20:03:09 - [TEST_STEP][PASSED] - Statement - matched = pattern.matcher(txt).matches(): null

2018-06-14 20:03:09 - [TEST_STEP][PASSED] - Statement - If (matched): null

2018-06-14 20:03:09 - [TEST_STEP][PASSED] - Statement - driver.findElement(org.openqa.selenium.By.xpath("(//ul[@class='unlinked-grouplist']/li/label)[" + i + 1 + "]")).click(): null

2018-06-14 20:03:09 - [TEST_STEP][PASSED] - Statement - (store_count++): null

2018-06-14 20:03:09 - [TEST_STEP][PASSED] - Statement - println(grouplist.get(i).getText()): null

2018-06-14 20:03:09 - [TEST_STEP][PASSED] - Statement - txt = grouplist.get(i).getText(): null

2018-06-14 20:03:09 - [TEST_STEP][PASSED] - Statement - matched = pattern.matcher(txt).matches(): null

2018-06-14 20:03:09 - [TEST_STEP][PASSED] - Statement - If (matched): null

2018-06-14 20:03:09 - [TEST_STEP][PASSED] - Statement - driver.findElement(org.openqa.selenium.By.xpath("(//ul[@class='unlinked-grouplist']/li/label)[" + i + 1 + "]")).click(): null

2018-06-14 20:03:09 - [TEST_STEP][PASSED] - Statement - (store_count++): null

2018-06-14 20:03:09 - [TEST_STEP][PASSED] - Statement - println(grouplist.get(i).getText()): null

2018-06-14 20:03:09 - [TEST_STEP][PASSED] - Statement - txt = grouplist.get(i).getText(): null

2018-06-14 20:03:09 - [TEST_STEP][PASSED] - Statement - matched = pattern.matcher(txt).matches(): null

2018-06-14 20:03:09 - [TEST_STEP][PASSED] - Statement - If (matched): null

2018-06-14 20:03:09 - [TEST_STEP][PASSED] - Statement - driver.findElement(org.openqa.selenium.By.xpath("(//ul[@class='unlinked-grouplist']/li/label)[" + i + 1 + "]")).click(): null

2018-06-14 20:03:10 - [TEST_STEP][PASSED] - Statement - (store_count++): null

2018-06-14 20:03:10 - [TEST_STEP][PASSED] - Statement - println(grouplist.get(i).getText()): null

2018-06-14 20:03:10 - [TEST_STEP][PASSED] - Statement - txt = grouplist.get(i).getText(): null

2018-06-14 20:03:10 - [TEST_STEP][PASSED] - Statement - matched = pattern.matcher(txt).matches(): null

2018-06-14 20:03:10 - [TEST_STEP][PASSED] - Statement - If (matched): null

2018-06-14 20:03:10 - [TEST_STEP][PASSED] - Statement - driver.findElement(org.openqa.selenium.By.xpath("(//ul[@class='unlinked-grouplist']/li/label)[" + i + 1 + "]")).click(): null

2018-06-14 20:03:10 - [TEST_STEP][PASSED] - Statement - (store_count++): null

2018-06-14 20:03:10 - [TEST_STEP][PASSED] - Statement - println(grouplist.get(i).getText()): null

2018-06-14 20:03:10 - [TEST_STEP][PASSED] - Statement - txt = grouplist.get(i).getText(): null

2018-06-14 20:03:10 - [TEST_STEP][PASSED] - Statement - matched = pattern.matcher(txt).matches(): null

2018-06-14 20:03:10 - [TEST_STEP][PASSED] - Statement - If (matched): null

2018-06-14 20:03:10 - [TEST_STEP][PASSED] - Statement - driver.findElement(org.openqa.selenium.By.xpath("(//ul[@class='unlinked-grouplist']/li/label)[" + i + 1 + "]")).click(): null

2018-06-14 20:03:10 - [TEST_STEP][PASSED] - Statement - (store_count++): null

2018-06-14 20:03:10 - [TEST_STEP][PASSED] - Statement - println(grouplist.get(i).getText()): null

2018-06-14 20:03:10 - [TEST_STEP][PASSED] - Statement - txt = grouplist.get(i).getText(): null

2018-06-14 20:03:10 - [TEST_STEP][PASSED] - Statement - matched = pattern.matcher(txt).matches(): null

2018-06-14 20:03:10 - [TEST_STEP][PASSED] - Statement - If (matched): null

2018-06-14 20:03:10 - [TEST_STEP][PASSED] - Statement - driver.findElement(org.openqa.selenium.By.xpath("(//ul[@class='unlinked-grouplist']/li/label)[" + i + 1 + "]")).click(): null

2018-06-14 20:03:10 - [TEST_STEP][PASSED] - Statement - (store_count++): null

2018-06-14 20:03:10 - [TEST_STEP][PASSED] - Statement - println(grouplist.get(i).getText()): null

2018-06-14 20:03:10 - [TEST_STEP][PASSED] - Statement - txt = grouplist.get(i).getText(): null

2018-06-14 20:03:10 - [TEST_STEP][PASSED] - Statement - matched = pattern.matcher(txt).matches(): null

2018-06-14 20:03:10 - [TEST_STEP][PASSED] - Statement - If (matched): null

2018-06-14 20:03:10 - [TEST_STEP][PASSED] - Statement - driver.findElement(org.openqa.selenium.By.xpath("(//ul[@class='unlinked-grouplist']/li/label)[" + i + 1 + "]")).click(): null

2018-06-14 20:03:10 - [TEST_STEP][PASSED] - Statement - (store_count++): null

2018-06-14 20:03:10 - [TEST_STEP][PASSED] - Statement - println(grouplist.get(i).getText()): null

2018-06-14 20:03:10 - [TEST_STEP][PASSED] - Statement - txt = grouplist.get(i).getText(): null

2018-06-14 20:03:10 - [TEST_STEP][PASSED] - Statement - matched = pattern.matcher(txt).matches(): null

2018-06-14 20:03:10 - [TEST_STEP][PASSED] - Statement - If (matched): null

2018-06-14 20:03:10 - [TEST_STEP][PASSED] - Statement - driver.findElement(org.openqa.selenium.By.xpath("(//ul[@class='unlinked-grouplist']/li/label)[" + i + 1 + "]")).click(): null

2018-06-14 20:03:10 - [TEST_STEP][PASSED] - Statement - (store_count++): null

2018-06-14 20:03:10 - [TEST_STEP][PASSED] - Statement - println(grouplist.get(i).getText()): null

2018-06-14 20:03:10 - [TEST_STEP][PASSED] - Statement - txt = grouplist.get(i).getText(): null

2018-06-14 20:03:10 - [TEST_STEP][PASSED] - Statement - matched = pattern.matcher(txt).matches(): null

2018-06-14 20:03:10 - [TEST_STEP][PASSED] - Statement - If (matched): null

2018-06-14 20:03:10 - [TEST_STEP][PASSED] - Statement - driver.findElement(org.openqa.selenium.By.xpath("(//ul[@class='unlinked-grouplist']/li/label)[" + i + 1 + "]")).click(): null

2018-06-14 20:03:10 - [TEST_STEP][PASSED] - Statement - (store_count++): null

2018-06-14 20:03:10 - [TEST_STEP][PASSED] - Statement - println(grouplist.get(i).getText()): null

2018-06-14 20:03:10 - [TEST_STEP][PASSED] - Statement - txt = grouplist.get(i).getText(): null

2018-06-14 20:03:10 - [TEST_STEP][PASSED] - Statement - matched = pattern.matcher(txt).matches(): null

2018-06-14 20:03:10 - [TEST_STEP][PASSED] - Statement - If (matched): null

2018-06-14 20:03:10 - [TEST_STEP][PASSED] - Statement - driver.findElement(org.openqa.selenium.By.xpath("(//ul[@class='unlinked-grouplist']/li/label)[" + i + 1 + "]")).click(): null

2018-06-14 20:03:10 - [TEST_STEP][PASSED] - Statement - (store_count++): null

2018-06-14 20:03:10 - [TEST_STEP][PASSED] - Statement - println(grouplist.get(i).getText()): null

2018-06-14 20:03:10 - [TEST_STEP][PASSED] - Statement - txt = grouplist.get(i).getText(): null

2018-06-14 20:03:10 - [TEST_STEP][PASSED] - Statement - matched = pattern.matcher(txt).matches(): null

2018-06-14 20:03:10 - [TEST_STEP][PASSED] - Statement - If (matched): null

2018-06-14 20:03:10 - [TEST_STEP][PASSED] - Statement - driver.findElement(org.openqa.selenium.By.xpath("(//ul[@class='unlinked-grouplist']/li/label)[" + i + 1 + "]")).click(): null

2018-06-14 20:03:10 - [TEST_STEP][PASSED] - Statement - (store_count++): null

2018-06-14 20:03:10 - [TEST_STEP][PASSED] - Statement - println(grouplist.get(i).getText()): null

2018-06-14 20:03:10 - [TEST_STEP][PASSED] - Statement - txt = grouplist.get(i).getText(): null

2018-06-14 20:03:10 - [TEST_STEP][PASSED] - Statement - matched = pattern.matcher(txt).matches(): null

2018-06-14 20:03:10 - [TEST_STEP][PASSED] - Statement - If (matched): null

2018-06-14 20:03:10 - [TEST_STEP][PASSED] - Statement - driver.findElement(org.openqa.selenium.By.xpath("(//ul[@class='unlinked-grouplist']/li/label)[" + i + 1 + "]")).click(): null

2018-06-14 20:03:10 - [TEST_STEP][PASSED] - Statement - (store_count++): null

2018-06-14 20:03:10 - [TEST_STEP][PASSED] - Statement - println(grouplist.get(i).getText()): null

2018-06-14 20:03:10 - [TEST_STEP][PASSED] - Statement - txt = grouplist.get(i).getText(): null

2018-06-14 20:03:10 - [TEST_STEP][PASSED] - Statement - matched = pattern.matcher(txt).matches(): null

2018-06-14 20:03:10 - [TEST_STEP][PASSED] - Statement - If (matched): null

2018-06-14 20:03:10 - [TEST_STEP][PASSED] - Statement - driver.findElement(org.openqa.selenium.By.xpath("(//ul[@class='unlinked-grouplist']/li/label)[" + i + 1 + "]")).click(): null

2018-06-14 20:03:10 - [TEST_STEP][PASSED] - Statement - (store_count++): null

2018-06-14 20:03:10 - [TEST_STEP][PASSED] - Statement - println(grouplist.get(i).getText()): null

2018-06-14 20:03:10 - [TEST_STEP][PASSED] - Statement - txt = grouplist.get(i).getText(): null

2018-06-14 20:03:10 - [TEST_STEP][PASSED] - Statement - matched = pattern.matcher(txt).matches(): null

2018-06-14 20:03:10 - [TEST_STEP][PASSED] - Statement - If (matched): null

2018-06-14 20:03:10 - [TEST_STEP][PASSED] - Statement - driver.findElement(org.openqa.selenium.By.xpath("(//ul[@class='unlinked-grouplist']/li/label)[" + i + 1 + "]")).click(): null

2018-06-14 20:03:10 - [TEST_STEP][PASSED] - Statement - (store_count++): null

2018-06-14 20:03:10 - [TEST_STEP][PASSED] - Statement - println(grouplist.get(i).getText()): null

2018-06-14 20:03:10 - [TEST_STEP][PASSED] - Statement - txt = grouplist.get(i).getText(): null

2018-06-14 20:03:10 - [TEST_STEP][PASSED] - Statement - matched = pattern.matcher(txt).matches(): null

2018-06-14 20:03:10 - [TEST_STEP][PASSED] - Statement - If (matched): null

2018-06-14 20:03:10 - [TEST_STEP][PASSED] - Statement - driver.findElement(org.openqa.selenium.By.xpath("(//ul[@class='unlinked-grouplist']/li/label)[" + i + 1 + "]")).click(): null

2018-06-14 20:03:10 - [TEST_STEP][PASSED] - Statement - (store_count++): null

2018-06-14 20:03:10 - [TEST_STEP][PASSED] - Statement - println(grouplist.get(i).getText()): null

2018-06-14 20:03:11 - [TEST_STEP][PASSED] - Statement - txt = grouplist.get(i).getText(): null

2018-06-14 20:03:11 - [TEST_STEP][PASSED] - Statement - matched = pattern.matcher(txt).matches(): null

2018-06-14 20:03:11 - [TEST_STEP][PASSED] - Statement - If (matched): null

2018-06-14 20:03:11 - [TEST_STEP][PASSED] - Statement - driver.findElement(org.openqa.selenium.By.xpath("(//ul[@class='unlinked-grouplist']/li/label)[" + i + 1 + "]")).click(): null

2018-06-14 20:03:11 - [TEST_STEP][PASSED] - Statement - (store_count++): null

2018-06-14 20:03:11 - [TEST_STEP][PASSED] - Statement - println(grouplist.get(i).getText()): null

2018-06-14 20:03:11 - [TEST_STEP][PASSED] - Statement - txt = grouplist.get(i).getText(): null

2018-06-14 20:03:11 - [TEST_STEP][PASSED] - Statement - matched = pattern.matcher(txt).matches(): null

2018-06-14 20:03:11 - [TEST_STEP][PASSED] - Statement - If (matched): null

2018-06-14 20:03:11 - [TEST_STEP][PASSED] - Statement - driver.findElement(org.openqa.selenium.By.xpath("(//ul[@class='unlinked-grouplist']/li/label)[" + i + 1 + "]")).click(): null

2018-06-14 20:03:11 - [TEST_STEP][PASSED] - Statement - (store_count++): null

2018-06-14 20:03:11 - [TEST_STEP][PASSED] - Statement - println(grouplist.get(i).getText()): null

2018-06-14 20:03:11 - [TEST_STEP][PASSED] - Statement - txt = grouplist.get(i).getText(): null

2018-06-14 20:03:11 - [TEST_STEP][PASSED] - Statement - matched = pattern.matcher(txt).matches(): null

2018-06-14 20:03:11 - [TEST_STEP][PASSED] - Statement - If (matched): null

2018-06-14 20:03:11 - [TEST_STEP][PASSED] - Statement - driver.findElement(org.openqa.selenium.By.xpath("(//ul[@class='unlinked-grouplist']/li/label)[" + i + 1 + "]")).click(): null

2018-06-14 20:03:11 - [TEST_STEP][PASSED] - Statement - (store_count++): null

2018-06-14 20:03:11 - [TEST_STEP][PASSED] - Statement - println(grouplist.get(i).getText()): null

2018-06-14 20:03:11 - [TEST_STEP][PASSED] - Statement - txt = grouplist.get(i).getText(): null

2018-06-14 20:03:11 - [TEST_STEP][PASSED] - Statement - matched = pattern.matcher(txt).matches(): null

2018-06-14 20:03:11 - [TEST_STEP][PASSED] - Statement - If (matched): null

2018-06-14 20:03:11 - [TEST_STEP][PASSED] - Statement - driver.findElement(org.openqa.selenium.By.xpath("(//ul[@class='unlinked-grouplist']/li/label)[" + i + 1 + "]")).click(): null

2018-06-14 20:03:11 - [TEST_STEP][PASSED] - Statement - (store_count++): null

2018-06-14 20:03:11 - [TEST_STEP][PASSED] - Statement - println(grouplist.get(i).getText()): null

2018-06-14 20:03:11 - [TEST_STEP][PASSED] - Statement - txt = grouplist.get(i).getText(): null

2018-06-14 20:03:11 - [TEST_STEP][PASSED] - Statement - matched = pattern.matcher(txt).matches(): null

2018-06-14 20:03:11 - [TEST_STEP][PASSED] - Statement - If (matched): null

2018-06-14 20:03:11 - [TEST_STEP][PASSED] - Statement - driver.findElement(org.openqa.selenium.By.xpath("(//ul[@class='unlinked-grouplist']/li/label)[" + i + 1 + "]")).click(): null

2018-06-14 20:03:11 - [TEST_STEP][PASSED] - Statement - (store_count++): null

2018-06-14 20:03:11 - [TEST_STEP][PASSED] - Statement - println(grouplist.get(i).getText()): null

2018-06-14 20:03:11 - [TEST_STEP][PASSED] - Statement - txt = grouplist.get(i).getText(): null

2018-06-14 20:03:11 - [TEST_STEP][PASSED] - Statement - matched = pattern.matcher(txt).matches(): null

2018-06-14 20:03:11 - [TEST_STEP][PASSED] - Statement - If (matched): null

2018-06-14 20:03:11 - [TEST_STEP][PASSED] - Statement - driver.findElement(org.openqa.selenium.By.xpath("(//ul[@class='unlinked-grouplist']/li/label)[" + i + 1 + "]")).click(): null

2018-06-14 20:03:11 - [TEST_STEP][PASSED] - Statement - (store_count++): null

2018-06-14 20:03:11 - [TEST_STEP][PASSED] - Statement - println(grouplist.get(i).getText()): null

2018-06-14 20:03:11 - [TEST_STEP][PASSED] - Statement - txt = grouplist.get(i).getText(): null

2018-06-14 20:03:11 - [TEST_STEP][PASSED] - Statement - matched = pattern.matcher(txt).matches(): null

2018-06-14 20:03:11 - [TEST_STEP][PASSED] - Statement - If (matched): null

2018-06-14 20:03:11 - [TEST_STEP][PASSED] - Statement - driver.findElement(org.openqa.selenium.By.xpath("(//ul[@class='unlinked-grouplist']/li/label)[" + i + 1 + "]")).click(): null

2018-06-14 20:03:11 - [TEST_STEP][PASSED] - Statement - (store_count++): null

2018-06-14 20:03:11 - [TEST_STEP][PASSED] - Statement - println(grouplist.get(i).getText()): null

2018-06-14 20:03:11 - [TEST_STEP][PASSED] - Statement - txt = grouplist.get(i).getText(): null

2018-06-14 20:03:11 - [TEST_STEP][PASSED] - Statement - matched = pattern.matcher(txt).matches(): null

2018-06-14 20:03:11 - [TEST_STEP][PASSED] - Statement - If (matched): null

2018-06-14 20:03:11 - [TEST_STEP][PASSED] - Statement - driver.findElement(org.openqa.selenium.By.xpath("(//ul[@class='unlinked-grouplist']/li/label)[" + i + 1 + "]")).click(): null

2018-06-14 20:03:11 - [TEST_STEP][PASSED] - Statement - (store_count++): null

2018-06-14 20:03:11 - [TEST_STEP][PASSED] - Statement - println(grouplist.get(i).getText()): null

2018-06-14 20:03:11 - [TEST_STEP][PASSED] - Statement - txt = grouplist.get(i).getText(): null

2018-06-14 20:03:11 - [TEST_STEP][PASSED] - Statement - matched = pattern.matcher(txt).matches(): null

2018-06-14 20:03:11 - [TEST_STEP][PASSED] - Statement - If (matched): null

2018-06-14 20:03:11 - [TEST_STEP][PASSED] - Statement - driver.findElement(org.openqa.selenium.By.xpath("(//ul[@class='unlinked-grouplist']/li/label)[" + i + 1 + "]")).click(): null

2018-06-14 20:03:11 - [TEST_STEP][PASSED] - Statement - (store_count++): null

2018-06-14 20:03:11 - [TEST_STEP][PASSED] - Statement - println(grouplist.get(i).getText()): null

2018-06-14 20:03:11 - [TEST_STEP][PASSED] - Statement - txt = grouplist.get(i).getText(): null

2018-06-14 20:03:11 - [TEST_STEP][PASSED] - Statement - matched = pattern.matcher(txt).matches(): null

2018-06-14 20:03:11 - [TEST_STEP][PASSED] - Statement - If (matched): null

2018-06-14 20:03:11 - [TEST_STEP][PASSED] - Statement - driver.findElement(org.openqa.selenium.By.xpath("(//ul[@class='unlinked-grouplist']/li/label)[" + i + 1 + "]")).click(): null

2018-06-14 20:03:11 - [TEST_STEP][PASSED] - Statement - (store_count++): null

2018-06-14 20:03:11 - [TEST_STEP][PASSED] - Statement - println(grouplist.get(i).getText()): null

2018-06-14 20:03:11 - [TEST_STEP][PASSED] - Statement - txt = grouplist.get(i).getText(): null

2018-06-14 20:03:11 - [TEST_STEP][PASSED] - Statement - matched = pattern.matcher(txt).matches(): null

2018-06-14 20:03:11 - [TEST_STEP][PASSED] - Statement - If (matched): null

2018-06-14 20:03:11 - [TEST_STEP][PASSED] - Statement - driver.findElement(org.openqa.selenium.By.xpath("(//ul[@class='unlinked-grouplist']/li/label)[" + i + 1 + "]")).click(): null

2018-06-14 20:03:11 - [TEST_STEP][PASSED] - Statement - (store_count++): null

2018-06-14 20:03:11 - [TEST_STEP][PASSED] - Statement - println(grouplist.get(i).getText()): null

2018-06-14 20:03:11 - [TEST_STEP][PASSED] - Statement - txt = grouplist.get(i).getText(): null

2018-06-14 20:03:11 - [TEST_STEP][PASSED] - Statement - matched = pattern.matcher(txt).matches(): null

2018-06-14 20:03:11 - [TEST_STEP][PASSED] - Statement - If (matched): null

2018-06-14 20:03:11 - [TEST_STEP][PASSED] - Statement - driver.findElement(org.openqa.selenium.By.xpath("(//ul[@class='unlinked-grouplist']/li/label)[" + i + 1 + "]")).click(): null

2018-06-14 20:03:11 - [TEST_STEP][PASSED] - Statement - (store_count++): null

2018-06-14 20:03:11 - [TEST_STEP][PASSED] - Statement - println(grouplist.get(i).getText()): null

2018-06-14 20:03:12 - [TEST_STEP][PASSED] - Statement - txt = grouplist.get(i).getText(): null

2018-06-14 20:03:12 - [TEST_STEP][PASSED] - Statement - matched = pattern.matcher(txt).matches(): null

2018-06-14 20:03:12 - [TEST_STEP][PASSED] - Statement - If (matched): null

2018-06-14 20:03:12 - [TEST_STEP][PASSED] - Statement - driver.findElement(org.openqa.selenium.By.xpath("(//ul[@class='unlinked-grouplist']/li/label)[" + i + 1 + "]")).click(): null

2018-06-14 20:03:12 - [TEST_STEP][PASSED] - Statement - (store_count++): null

2018-06-14 20:03:12 - [TEST_STEP][PASSED] - Statement - println(grouplist.get(i).getText()): null

2018-06-14 20:03:12 - [TEST_STEP][PASSED] - Statement - txt = grouplist.get(i).getText(): null

2018-06-14 20:03:12 - [TEST_STEP][PASSED] - Statement - matched = pattern.matcher(txt).matches(): null

2018-06-14 20:03:12 - [TEST_STEP][PASSED] - Statement - If (matched): null

2018-06-14 20:03:12 - [TEST_STEP][PASSED] - Statement - driver.findElement(org.openqa.selenium.By.xpath("(//ul[@class='unlinked-grouplist']/li/label)[" + i + 1 + "]")).click(): null

2018-06-14 20:03:12 - [TEST_STEP][PASSED] - Statement - (store_count++): null

2018-06-14 20:03:12 - [TEST_STEP][PASSED] - Statement - println(grouplist.get(i).getText()): null

2018-06-14 20:03:12 - [TEST_STEP][PASSED] - Statement - txt = grouplist.get(i).getText(): null

2018-06-14 20:03:12 - [TEST_STEP][PASSED] - Statement - matched = pattern.matcher(txt).matches(): null

2018-06-14 20:03:12 - [TEST_STEP][PASSED] - Statement - If (matched): null

2018-06-14 20:03:12 - [TEST_STEP][PASSED] - Statement - driver.findElement(org.openqa.selenium.By.xpath("(//ul[@class='unlinked-grouplist']/li/label)[" + i + 1 + "]")).click(): null

2018-06-14 20:03:12 - [TEST_STEP][PASSED] - Statement - (store_count++): null

2018-06-14 20:03:12 - [TEST_STEP][PASSED] - Statement - println(grouplist.get(i).getText()): null

2018-06-14 20:03:12 - [TEST_STEP][PASSED] - Statement - txt = grouplist.get(i).getText(): null

2018-06-14 20:03:12 - [TEST_STEP][PASSED] - Statement - matched = pattern.matcher(txt).matches(): null

2018-06-14 20:03:12 - [TEST_STEP][PASSED] - Statement - If (matched): null

2018-06-14 20:03:12 - [TEST_STEP][PASSED] - Statement - driver.findElement(org.openqa.selenium.By.xpath("(//ul[@class='unlinked-grouplist']/li/label)[" + i + 1 + "]")).click(): null

2018-06-14 20:03:12 - [TEST_STEP][PASSED] - Statement - (store_count++): null

2018-06-14 20:03:12 - [TEST_STEP][PASSED] - Statement - println(grouplist.get(i).getText()): null

2018-06-14 20:03:12 - [TEST_STEP][PASSED] - Statement - txt = grouplist.get(i).getText(): null

2018-06-14 20:03:12 - [TEST_STEP][PASSED] - Statement - matched = pattern.matcher(txt).matches(): null

2018-06-14 20:03:12 - [TEST_STEP][PASSED] - Statement - If (matched): null

2018-06-14 20:03:12 - [TEST_STEP][PASSED] - Statement - driver.findElement(org.openqa.selenium.By.xpath("(//ul[@class='unlinked-grouplist']/li/label)[" + i + 1 + "]")).click(): null

2018-06-14 20:03:12 - [TEST_STEP][PASSED] - Statement - (store_count++): null

2018-06-14 20:03:12 - [TEST_STEP][PASSED] - Statement - println(grouplist.get(i).getText()): null

2018-06-14 20:03:12 - [TEST_STEP][PASSED] - Statement - txt = grouplist.get(i).getText(): null

2018-06-14 20:03:12 - [TEST_STEP][PASSED] - Statement - matched = pattern.matcher(txt).matches(): null

2018-06-14 20:03:12 - [TEST_STEP][PASSED] - Statement - If (matched): null

2018-06-14 20:03:12 - [TEST_STEP][PASSED] - Statement - driver.findElement(org.openqa.selenium.By.xpath("(//ul[@class='unlinked-grouplist']/li/label)[" + i + 1 + "]")).click(): null

2018-06-14 20:03:12 - [TEST_STEP][PASSED] - Statement - (store_count++): null

2018-06-14 20:03:12 - [TEST_STEP][PASSED] - Statement - println(grouplist.get(i).getText()): null

2018-06-14 20:03:12 - [TEST_STEP][PASSED] - Statement - txt = grouplist.get(i).getText(): null

2018-06-14 20:03:12 - [TEST_STEP][PASSED] - Statement - matched = pattern.matcher(txt).matches(): null

2018-06-14 20:03:12 - [TEST_STEP][PASSED] - Statement - If (matched): null

2018-06-14 20:03:12 - [TEST_STEP][PASSED] - Statement - driver.findElement(org.openqa.selenium.By.xpath("(//ul[@class='unlinked-grouplist']/li/label)[" + i + 1 + "]")).click(): null

2018-06-14 20:03:12 - [TEST_STEP][PASSED] - Statement - (store_count++): null

2018-06-14 20:03:12 - [TEST_STEP][PASSED] - Statement - println(grouplist.get(i).getText()): null

2018-06-14 20:03:12 - [TEST_STEP][PASSED] - Statement - txt = grouplist.get(i).getText(): null

2018-06-14 20:03:12 - [TEST_STEP][PASSED] - Statement - matched = pattern.matcher(txt).matches(): null

2018-06-14 20:03:12 - [TEST_STEP][PASSED] - Statement - If (matched): null

2018-06-14 20:03:12 - [TEST_STEP][PASSED] - Statement - driver.findElement(org.openqa.selenium.By.xpath("(//ul[@class='unlinked-grouplist']/li/label)[" + i + 1 + "]")).click(): null

2018-06-14 20:03:12 - [TEST_STEP][PASSED] - Statement - (store_count++): null

2018-06-14 20:03:12 - [TEST_STEP][PASSED] - Statement - println(grouplist.get(i).getText()): null

2018-06-14 20:03:12 - [TEST_STEP][PASSED] - Statement - txt = grouplist.get(i).getText(): null

2018-06-14 20:03:12 - [TEST_STEP][PASSED] - Statement - matched = pattern.matcher(txt).matches(): null

2018-06-14 20:03:12 - [TEST_STEP][PASSED] - Statement - If (matched): null

2018-06-14 20:03:12 - [TEST_STEP][PASSED] - Statement - driver.findElement(org.openqa.selenium.By.xpath("(//ul[@class='unlinked-grouplist']/li/label)[" + i + 1 + "]")).click(): null

2018-06-14 20:03:12 - [TEST_STEP][PASSED] - Statement - (store_count++): null

2018-06-14 20:03:12 - [TEST_STEP][PASSED] - Statement - println(grouplist.get(i).getText()): null

2018-06-14 20:03:12 - [TEST_STEP][PASSED] - Statement - txt = grouplist.get(i).getText(): null

2018-06-14 20:03:12 - [TEST_STEP][PASSED] - Statement - matched = pattern.matcher(txt).matches(): null

2018-06-14 20:03:12 - [TEST_STEP][PASSED] - Statement - If (matched): null

2018-06-14 20:03:12 - [TEST_STEP][PASSED] - Statement - driver.findElement(org.openqa.selenium.By.xpath("(//ul[@class='unlinked-grouplist']/li/label)[" + i + 1 + "]")).click(): null

2018-06-14 20:03:12 - [TEST_STEP][PASSED] - Statement - (store_count++): null

2018-06-14 20:03:12 - [TEST_STEP][PASSED] - Statement - println(grouplist.get(i).getText()): null

2018-06-14 20:03:12 - [TEST_STEP][PASSED] - Statement - txt = grouplist.get(i).getText(): null

2018-06-14 20:03:12 - [TEST_STEP][PASSED] - Statement - matched = pattern.matcher(txt).matches(): null

2018-06-14 20:03:12 - [TEST_STEP][PASSED] - Statement - If (matched): null

2018-06-14 20:03:12 - [TEST_STEP][PASSED] - Statement - driver.findElement(org.openqa.selenium.By.xpath("(//ul[@class='unlinked-grouplist']/li/label)[" + i + 1 + "]")).click(): null

2018-06-14 20:03:12 - [TEST_STEP][PASSED] - Statement - (store_count++): null

2018-06-14 20:03:12 - [TEST_STEP][PASSED] - Statement - println(grouplist.get(i).getText()): null

2018-06-14 20:03:12 - [TEST_STEP][PASSED] - Statement - txt = grouplist.get(i).getText(): null

2018-06-14 20:03:12 - [TEST_STEP][PASSED] - Statement - matched = pattern.matcher(txt).matches(): null

2018-06-14 20:03:12 - [TEST_STEP][PASSED] - Statement - If (matched): null

2018-06-14 20:03:12 - [TEST_STEP][PASSED] - Statement - driver.findElement(org.openqa.selenium.By.xpath("(//ul[@class='unlinked-grouplist']/li/label)[" + i + 1 + "]")).click(): null

2018-06-14 20:03:13 - [TEST_STEP][PASSED] - Statement - (store_count++): null

2018-06-14 20:03:13 - [TEST_STEP][PASSED] - Statement - println(grouplist.get(i).getText()): null

2018-06-14 20:03:13 - [TEST_STEP][PASSED] - Statement - txt = grouplist.get(i).getText(): null

2018-06-14 20:03:13 - [TEST_STEP][PASSED] - Statement - matched = pattern.matcher(txt).matches(): null

2018-06-14 20:03:13 - [TEST_STEP][PASSED] - Statement - If (matched): null

2018-06-14 20:03:13 - [TEST_STEP][PASSED] - Statement - driver.findElement(org.openqa.selenium.By.xpath("(//ul[@class='unlinked-grouplist']/li/label)[" + i + 1 + "]")).click(): null

2018-06-14 20:03:13 - [TEST_STEP][PASSED] - Statement - (store_count++): null

2018-06-14 20:03:13 - [TEST_STEP][PASSED] - Statement - println(grouplist.get(i).getText()): null

2018-06-14 20:03:13 - [TEST_STEP][PASSED] - Statement - txt = grouplist.get(i).getText(): null

2018-06-14 20:03:13 - [TEST_STEP][PASSED] - Statement - matched = pattern.matcher(txt).matches(): null

2018-06-14 20:03:13 - [TEST_STEP][PASSED] - Statement - If (matched): null

2018-06-14 20:03:13 - [TEST_STEP][PASSED] - Statement - driver.findElement(org.openqa.selenium.By.xpath("(//ul[@class='unlinked-grouplist']/li/label)[" + i + 1 + "]")).click(): null

2018-06-14 20:03:13 - [TEST_STEP][PASSED] - Statement - (store_count++): null

2018-06-14 20:03:13 - [TEST_STEP][PASSED] - Statement - println(grouplist.get(i).getText()): null

2018-06-14 20:03:13 - [TEST_STEP][PASSED] - Statement - txt = grouplist.get(i).getText(): null

2018-06-14 20:03:13 - [TEST_STEP][PASSED] - Statement - matched = pattern.matcher(txt).matches(): null

2018-06-14 20:03:13 - [TEST_STEP][PASSED] - Statement - If (matched): null

2018-06-14 20:03:13 - [TEST_STEP][PASSED] - Statement - driver.findElement(org.openqa.selenium.By.xpath("(//ul[@class='unlinked-grouplist']/li/label)[" + i + 1 + "]")).click(): null

2018-06-14 20:03:13 - [TEST_STEP][PASSED] - Statement - (store_count++): null

2018-06-14 20:03:13 - [TEST_STEP][PASSED] - Statement - println(grouplist.get(i).getText()): null

2018-06-14 20:03:13 - [TEST_STEP][PASSED] - Statement - txt = grouplist.get(i).getText(): null

2018-06-14 20:03:13 - [TEST_STEP][PASSED] - Statement - matched = pattern.matcher(txt).matches(): null

2018-06-14 20:03:13 - [TEST_STEP][PASSED] - Statement - If (matched): null

2018-06-14 20:03:13 - [TEST_STEP][PASSED] - Statement - driver.findElement(org.openqa.selenium.By.xpath("(//ul[@class='unlinked-grouplist']/li/label)[" + i + 1 + "]")).click(): null

2018-06-14 20:03:13 - [TEST_STEP][PASSED] - Statement - (store_count++): null

2018-06-14 20:03:13 - [TEST_STEP][PASSED] - Statement - println(grouplist.get(i).getText()): null

2018-06-14 20:03:13 - [TEST_STEP][PASSED] - Statement - txt = grouplist.get(i).getText(): null

2018-06-14 20:03:13 - [TEST_STEP][PASSED] - Statement - matched = pattern.matcher(txt).matches(): null

2018-06-14 20:03:13 - [TEST_STEP][PASSED] - Statement - If (matched): null

2018-06-14 20:03:13 - [TEST_STEP][PASSED] - Statement - driver.findElement(org.openqa.selenium.By.xpath("(//ul[@class='unlinked-grouplist']/li/label)[" + i + 1 + "]")).click(): null

2018-06-14 20:03:13 - [TEST_STEP][PASSED] - Statement - (store_count++): null

2018-06-14 20:03:13 - [TEST_STEP][PASSED] - Statement - println(grouplist.get(i).getText()): null

2018-06-14 20:03:13 - [TEST_STEP][PASSED] - Statement - txt = grouplist.get(i).getText(): null

2018-06-14 20:03:13 - [TEST_STEP][PASSED] - Statement - matched = pattern.matcher(txt).matches(): null

2018-06-14 20:03:13 - [TEST_STEP][PASSED] - Statement - If (matched): null

2018-06-14 20:03:13 - [TEST_STEP][PASSED] - Statement - driver.findElement(org.openqa.selenium.By.xpath("(//ul[@class='unlinked-grouplist']/li/label)[" + i + 1 + "]")).click(): null

2018-06-14 20:03:13 - [TEST_STEP][PASSED] - Statement - (store_count++): null

2018-06-14 20:03:13 - [TEST_STEP][PASSED] - Statement - println(grouplist.get(i).getText()): null

2018-06-14 20:03:13 - [TEST_STEP][PASSED] - Statement - txt = grouplist.get(i).getText(): null

2018-06-14 20:03:13 - [TEST_STEP][PASSED] - Statement - matched = pattern.matcher(txt).matches(): null

2018-06-14 20:03:13 - [TEST_STEP][PASSED] - Statement - If (matched): null

2018-06-14 20:03:13 - [TEST_STEP][PASSED] - Statement - driver.findElement(org.openqa.selenium.By.xpath("(//ul[@class='unlinked-grouplist']/li/label)[" + i + 1 + "]")).click(): null

2018-06-14 20:03:13 - [TEST_STEP][PASSED] - Statement - (store_count++): null

2018-06-14 20:03:13 - [TEST_STEP][PASSED] - Statement - println(grouplist.get(i).getText()): null

2018-06-14 20:03:13 - [TEST_STEP][PASSED] - Statement - txt = grouplist.get(i).getText(): null

2018-06-14 20:03:13 - [TEST_STEP][PASSED] - Statement - matched = pattern.matcher(txt).matches(): null

2018-06-14 20:03:13 - [TEST_STEP][PASSED] - Statement - If (matched): null

2018-06-14 20:03:13 - [TEST_STEP][PASSED] - Statement - driver.findElement(org.openqa.selenium.By.xpath("(//ul[@class='unlinked-grouplist']/li/label)[" + i + 1 + "]")).click(): null

2018-06-14 20:03:13 - [TEST_STEP][PASSED] - Statement - (store_count++): null

2018-06-14 20:03:13 - [TEST_STEP][PASSED] - Statement - println(grouplist.get(i).getText()): null

2018-06-14 20:03:13 - [TEST_STEP][PASSED] - Statement - txt = grouplist.get(i).getText(): null

2018-06-14 20:03:13 - [TEST_STEP][PASSED] - Statement - matched = pattern.matcher(txt).matches(): null

2018-06-14 20:03:13 - [TEST_STEP][PASSED] - Statement - If (matched): null

2018-06-14 20:03:13 - [TEST_STEP][PASSED] - Statement - driver.findElement(org.openqa.selenium.By.xpath("(//ul[@class='unlinked-grouplist']/li/label)[" + i + 1 + "]")).click(): null

2018-06-14 20:03:13 - [TEST_STEP][PASSED] - Statement - (store_count++): null

2018-06-14 20:03:13 - [TEST_STEP][PASSED] - Statement - println(grouplist.get(i).getText()): null

2018-06-14 20:03:13 - [TEST_STEP][PASSED] - Statement - txt = grouplist.get(i).getText(): null

2018-06-14 20:03:13 - [TEST_STEP][PASSED] - Statement - matched = pattern.matcher(txt).matches(): null

2018-06-14 20:03:13 - [TEST_STEP][PASSED] - Statement - If (matched): null

2018-06-14 20:03:13 - [TEST_STEP][PASSED] - Statement - driver.findElement(org.openqa.selenium.By.xpath("(//ul[@class='unlinked-grouplist']/li/label)[" + i + 1 + "]")).click(): null

2018-06-14 20:03:13 - [TEST_STEP][PASSED] - Statement - (store_count++): null

2018-06-14 20:03:13 - [TEST_STEP][PASSED] - Statement - println(grouplist.get(i).getText()): null

2018-06-14 20:03:13 - [TEST_STEP][PASSED] - Statement - txt = grouplist.get(i).getText(): null

2018-06-14 20:03:13 - [TEST_STEP][PASSED] - Statement - matched = pattern.matcher(txt).matches(): null

2018-06-14 20:03:13 - [TEST_STEP][PASSED] - Statement - If (matched): null

2018-06-14 20:03:13 - [TEST_STEP][PASSED] - Statement - driver.findElement(org.openqa.selenium.By.xpath("(//ul[@class='unlinked-grouplist']/li/label)[" + i + 1 + "]")).click(): null

2018-06-14 20:03:13 - [TEST_STEP][PASSED] - Statement - (store_count++): null

2018-06-14 20:03:13 - [TEST_STEP][PASSED] - Statement - println(grouplist.get(i).getText()): null

2018-06-14 20:03:13 - [TEST_STEP][PASSED] - Statement - txt = grouplist.get(i).getText(): null

2018-06-14 20:03:13 - [TEST_STEP][PASSED] - Statement - matched = pattern.matcher(txt).matches(): null

2018-06-14 20:03:13 - [TEST_STEP][PASSED] - Statement - If (matched): null

2018-06-14 20:03:13 - [TEST_STEP][PASSED] - Statement - driver.findElement(org.openqa.selenium.By.xpath("(//ul[@class='unlinked-grouplist']/li/label)[" + i + 1 + "]")).click(): null

2018-06-14 20:03:13 - [TEST_STEP][PASSED] - Statement - (store_count++): null

2018-06-14 20:03:13 - [TEST_STEP][PASSED] - Statement - println(grouplist.get(i).getText()): null

2018-06-14 20:03:13 - [TEST_STEP][PASSED] - Statement - txt = grouplist.get(i).getText(): null

2018-06-14 20:03:14 - [TEST_STEP][PASSED] - Statement - matched = pattern.matcher(txt).matches(): null

2018-06-14 20:03:14 - [TEST_STEP][PASSED] - Statement - If (matched): null

2018-06-14 20:03:14 - [TEST_STEP][PASSED] - Statement - driver.findElement(org.openqa.selenium.By.xpath("(//ul[@class='unlinked-grouplist']/li/label)[" + i + 1 + "]")).click(): null

2018-06-14 20:03:14 - [TEST_STEP][PASSED] - Statement - (store_count++): null

2018-06-14 20:03:14 - [TEST_STEP][PASSED] - Statement - println(grouplist.get(i).getText()): null

2018-06-14 20:03:14 - [TEST_STEP][PASSED] - Statement - txt = grouplist.get(i).getText(): null

2018-06-14 20:03:14 - [TEST_STEP][PASSED] - Statement - matched = pattern.matcher(txt).matches(): null

2018-06-14 20:03:14 - [TEST_STEP][PASSED] - Statement - If (matched): null

2018-06-14 20:03:14 - [TEST_STEP][PASSED] - Statement - driver.findElement(org.openqa.selenium.By.xpath("(//ul[@class='unlinked-grouplist']/li/label)[" + i + 1 + "]")).click(): null

2018-06-14 20:03:14 - [TEST_STEP][PASSED] - Statement - (store_count++): null

2018-06-14 20:03:14 - [TEST_STEP][PASSED] - Statement - println(grouplist.get(i).getText()): null

2018-06-14 20:03:14 - [TEST_STEP][PASSED] - Statement - txt = grouplist.get(i).getText(): null

2018-06-14 20:03:14 - [TEST_STEP][PASSED] - Statement - matched = pattern.matcher(txt).matches(): null

2018-06-14 20:03:14 - [TEST_STEP][PASSED] - Statement - If (matched): null

2018-06-14 20:03:14 - [TEST_STEP][PASSED] - Statement - driver.findElement(org.openqa.selenium.By.xpath("(//ul[@class='unlinked-grouplist']/li/label)[" + i + 1 + "]")).click(): null

2018-06-14 20:03:14 - [TEST_STEP][PASSED] - Statement - (store_count++): null

2018-06-14 20:03:14 - [TEST_STEP][PASSED] - Statement - println(grouplist.get(i).getText()): null

2018-06-14 20:03:14 - [TEST_STEP][PASSED] - Statement - txt = grouplist.get(i).getText(): null

2018-06-14 20:03:14 - [TEST_STEP][PASSED] - Statement - matched = pattern.matcher(txt).matches(): null

2018-06-14 20:03:14 - [TEST_STEP][PASSED] - Statement - If (matched): null

2018-06-14 20:03:14 - [TEST_STEP][PASSED] - Statement - driver.findElement(org.openqa.selenium.By.xpath("(//ul[@class='unlinked-grouplist']/li/label)[" + i + 1 + "]")).click(): null

2018-06-14 20:03:14 - [TEST_STEP][PASSED] - Statement - (store_count++): null

2018-06-14 20:03:14 - [TEST_STEP][PASSED] - Statement - println(grouplist.get(i).getText()): null

2018-06-14 20:03:14 - [TEST_STEP][PASSED] - Statement - txt = grouplist.get(i).getText(): null

2018-06-14 20:03:14 - [TEST_STEP][PASSED] - Statement - matched = pattern.matcher(txt).matches(): null

2018-06-14 20:03:14 - [TEST_STEP][PASSED] - Statement - If (matched): null

2018-06-14 20:03:14 - [TEST_STEP][PASSED] - Statement - driver.findElement(org.openqa.selenium.By.xpath("(//ul[@class='unlinked-grouplist']/li/label)[" + i + 1 + "]")).click(): null

2018-06-14 20:03:14 - [TEST_STEP][PASSED] - Statement - (store_count++): null

2018-06-14 20:03:14 - [TEST_STEP][PASSED] - Statement - println(grouplist.get(i).getText()): null

2018-06-14 20:03:14 - [TEST_STEP][PASSED] - Statement - txt = grouplist.get(i).getText(): null

2018-06-14 20:03:14 - [TEST_STEP][PASSED] - Statement - matched = pattern.matcher(txt).matches(): null

2018-06-14 20:03:14 - [TEST_STEP][PASSED] - Statement - If (matched): null

2018-06-14 20:03:14 - [TEST_STEP][PASSED] - Statement - driver.findElement(org.openqa.selenium.By.xpath("(//ul[@class='unlinked-grouplist']/li/label)[" + i + 1 + "]")).click(): null

2018-06-14 20:03:14 - [TEST_STEP][PASSED] - Statement - (store_count++): null

2018-06-14 20:03:14 - [TEST_STEP][PASSED] - Statement - println(grouplist.get(i).getText()): null

2018-06-14 20:03:14 - [TEST_STEP][PASSED] - Statement - txt = grouplist.get(i).getText(): null

2018-06-14 20:03:14 - [TEST_STEP][PASSED] - Statement - matched = pattern.matcher(txt).matches(): null

2018-06-14 20:03:14 - [TEST_STEP][PASSED] - Statement - If (matched): null

2018-06-14 20:03:14 - [TEST_STEP][PASSED] - Statement - driver.findElement(org.openqa.selenium.By.xpath("(//ul[@class='unlinked-grouplist']/li/label)[" + i + 1 + "]")).click(): null

2018-06-14 20:03:14 - [TEST_STEP][PASSED] - Statement - (store_count++): null

2018-06-14 20:03:14 - [TEST_STEP][PASSED] - Statement - println(grouplist.get(i).getText()): null

2018-06-14 20:03:14 - [TEST_STEP][PASSED] - Statement - txt = grouplist.get(i).getText(): null

2018-06-14 20:03:14 - [TEST_STEP][PASSED] - Statement - matched = pattern.matcher(txt).matches(): null

2018-06-14 20:03:14 - [TEST_STEP][PASSED] - Statement - If (matched): null

2018-06-14 20:03:14 - [TEST_STEP][PASSED] - Statement - driver.findElement(org.openqa.selenium.By.xpath("(//ul[@class='unlinked-grouplist']/li/label)[" + i + 1 + "]")).click(): null

2018-06-14 20:03:14 - [TEST_STEP][PASSED] - Statement - (store_count++): null

2018-06-14 20:03:14 - [TEST_STEP][PASSED] - Statement - println(grouplist.get(i).getText()): null

2018-06-14 20:03:14 - [TEST_STEP][PASSED] - Statement - txt = grouplist.get(i).getText(): null

2018-06-14 20:03:14 - [TEST_STEP][PASSED] - Statement - matched = pattern.matcher(txt).matches(): null

2018-06-14 20:03:14 - [TEST_STEP][PASSED] - Statement - If (matched): null

2018-06-14 20:03:14 - [TEST_STEP][PASSED] - Statement - driver.findElement(org.openqa.selenium.By.xpath("(//ul[@class='unlinked-grouplist']/li/label)[" + i + 1 + "]")).click(): null

2018-06-14 20:03:14 - [TEST_STEP][PASSED] - Statement - (store_count++): null

2018-06-14 20:03:14 - [TEST_STEP][PASSED] - Statement - println(grouplist.get(i).getText()): null

2018-06-14 20:03:14 - [TEST_STEP][PASSED] - Statement - txt = grouplist.get(i).getText(): null

2018-06-14 20:03:14 - [TEST_STEP][PASSED] - Statement - matched = pattern.matcher(txt).matches(): null

2018-06-14 20:03:14 - [TEST_STEP][PASSED] - Statement - If (matched): null

2018-06-14 20:03:14 - [TEST_STEP][PASSED] - Statement - driver.findElement(org.openqa.selenium.By.xpath("(//ul[@class='unlinked-grouplist']/li/label)[" + i + 1 + "]")).click(): null

2018-06-14 20:03:14 - [TEST_STEP][PASSED] - Statement - (store_count++): null

2018-06-14 20:03:14 - [TEST_STEP][PASSED] - Statement - println(grouplist.get(i).getText()): null

2018-06-14 20:03:14 - [TEST_STEP][PASSED] - Statement - txt = grouplist.get(i).getText(): null

2018-06-14 20:03:14 - [TEST_STEP][PASSED] - Statement - matched = pattern.matcher(txt).matches(): null

2018-06-14 20:03:14 - [TEST_STEP][PASSED] - Statement - If (matched): null

2018-06-14 20:03:14 - [TEST_STEP][PASSED] - Statement - driver.findElement(org.openqa.selenium.By.xpath("(//ul[@class='unlinked-grouplist']/li/label)[" + i + 1 + "]")).click(): null

2018-06-14 20:03:14 - [TEST_STEP][PASSED] - Statement - (store_count++): null

2018-06-14 20:03:14 - [TEST_STEP][PASSED] - Statement - println(grouplist.get(i).getText()): null

2018-06-14 20:03:14 - [TEST_STEP][PASSED] - Statement - txt = grouplist.get(i).getText(): null

2018-06-14 20:03:14 - [TEST_STEP][PASSED] - Statement - matched = pattern.matcher(txt).matches(): null

2018-06-14 20:03:14 - [TEST_STEP][PASSED] - Statement - If (matched): null

2018-06-14 20:03:14 - [TEST_STEP][PASSED] - Statement - driver.findElement(org.openqa.selenium.By.xpath("(//ul[@class='unlinked-grouplist']/li/label)[" + i + 1 + "]")).click(): null

2018-06-14 20:03:15 - [TEST_STEP][PASSED] - Statement - (store_count++): null

2018-06-14 20:03:15 - [TEST_STEP][PASSED] - Statement - println(grouplist.get(i).getText()): null

2018-06-14 20:03:15 - [TEST_STEP][PASSED] - Statement - txt = grouplist.get(i).getText(): null

2018-06-14 20:03:15 - [TEST_STEP][PASSED] - Statement - matched = pattern.matcher(txt).matches(): null

2018-06-14 20:03:15 - [TEST_STEP][PASSED] - Statement - If (matched): null

2018-06-14 20:03:15 - [TEST_STEP][PASSED] - Statement - driver.findElement(org.openqa.selenium.By.xpath("(//ul[@class='unlinked-grouplist']/li/label)[" + i + 1 + "]")).click(): null

2018-06-14 20:03:15 - [TEST_STEP][PASSED] - Statement - (store_count++): null

2018-06-14 20:03:15 - [TEST_STEP][PASSED] - Statement - println(grouplist.get(i).getText()): null

2018-06-14 20:03:15 - [TEST_STEP][PASSED] - Statement - txt = grouplist.get(i).getText(): null

2018-06-14 20:03:15 - [TEST_STEP][PASSED] - Statement - matched = pattern.matcher(txt).matches(): null

2018-06-14 20:03:15 - [TEST_STEP][PASSED] - Statement - If (matched): null

2018-06-14 20:03:15 - [TEST_STEP][PASSED] - Statement - driver.findElement(org.openqa.selenium.By.xpath("(//ul[@class='unlinked-grouplist']/li/label)[" + i + 1 + "]")).click(): null

2018-06-14 20:03:15 - [TEST_STEP][PASSED] - Statement - (store_count++): null

2018-06-14 20:03:15 - [TEST_STEP][PASSED] - Statement - println(grouplist.get(i).getText()): null

2018-06-14 20:03:15 - [TEST_STEP][PASSED] - Statement - txt = grouplist.get(i).getText(): null

2018-06-14 20:03:15 - [TEST_STEP][PASSED] - Statement - matched = pattern.matcher(txt).matches(): null

2018-06-14 20:03:15 - [TEST_STEP][PASSED] - Statement - If (matched): null

2018-06-14 20:03:15 - [TEST_STEP][PASSED] - Statement - driver.findElement(org.openqa.selenium.By.xpath("(//ul[@class='unlinked-grouplist']/li/label)[" + i + 1 + "]")).click(): null

2018-06-14 20:03:15 - [TEST_STEP][PASSED] - Statement - (store_count++): null

2018-06-14 20:03:15 - [TEST_STEP][PASSED] - Statement - println(grouplist.get(i).getText()): null

2018-06-14 20:03:15 - [TEST_STEP][PASSED] - Statement - txt = grouplist.get(i).getText(): null

2018-06-14 20:03:15 - [TEST_STEP][PASSED] - Statement - matched = pattern.matcher(txt).matches(): null

2018-06-14 20:03:15 - [TEST_STEP][PASSED] - Statement - If (matched): null

2018-06-14 20:03:15 - [TEST_STEP][PASSED] - Statement - driver.findElement(org.openqa.selenium.By.xpath("(//ul[@class='unlinked-grouplist']/li/label)[" + i + 1 + "]")).click(): null

2018-06-14 20:03:15 - [TEST_STEP][PASSED] - Statement - (store_count++): null

2018-06-14 20:03:15 - [TEST_STEP][PASSED] - Statement - println(grouplist.get(i).getText()): null

2018-06-14 20:03:15 - [TEST_STEP][PASSED] - Statement - txt = grouplist.get(i).getText(): null

2018-06-14 20:03:15 - [TEST_STEP][PASSED] - Statement - matched = pattern.matcher(txt).matches(): null

2018-06-14 20:03:15 - [TEST_STEP][PASSED] - Statement - If (matched): null

2018-06-14 20:03:15 - [TEST_STEP][PASSED] - Statement - driver.findElement(org.openqa.selenium.By.xpath("(//ul[@class='unlinked-grouplist']/li/label)[" + i + 1 + "]")).click(): null

2018-06-14 20:03:15 - [TEST_STEP][PASSED] - Statement - (store_count++): null

2018-06-14 20:03:15 - [TEST_STEP][PASSED] - Statement - println(grouplist.get(i).getText()): null

2018-06-14 20:03:15 - [TEST_STEP][PASSED] - Statement - txt = grouplist.get(i).getText(): null

2018-06-14 20:03:15 - [TEST_STEP][PASSED] - Statement - matched = pattern.matcher(txt).matches(): null

2018-06-14 20:03:15 - [TEST_STEP][PASSED] - Statement - If (matched): null

2018-06-14 20:03:15 - [TEST_STEP][PASSED] - Statement - driver.findElement(org.openqa.selenium.By.xpath("(//ul[@class='unlinked-grouplist']/li/label)[" + i + 1 + "]")).click(): null

2018-06-14 20:03:15 - [TEST_STEP][PASSED] - Statement - (store_count++): null

2018-06-14 20:03:15 - [TEST_STEP][PASSED] - Statement - println(grouplist.get(i).getText()): null

2018-06-14 20:03:15 - [TEST_STEP][PASSED] - Statement - txt = grouplist.get(i).getText(): null

2018-06-14 20:03:15 - [TEST_STEP][PASSED] - Statement - matched = pattern.matcher(txt).matches(): null

2018-06-14 20:03:15 - [TEST_STEP][PASSED] - Statement - If (matched): null

2018-06-14 20:03:15 - [TEST_STEP][PASSED] - Statement - driver.findElement(org.openqa.selenium.By.xpath("(//ul[@class='unlinked-grouplist']/li/label)[" + i + 1 + "]")).click(): null

2018-06-14 20:03:15 - [TEST_STEP][PASSED] - Statement - (store_count++): null

2018-06-14 20:03:15 - [TEST_STEP][PASSED] - Statement - println(grouplist.get(i).getText()): null

2018-06-14 20:03:15 - [TEST_STEP][PASSED] - Statement - txt = grouplist.get(i).getText(): null

2018-06-14 20:03:15 - [TEST_STEP][PASSED] - Statement - matched = pattern.matcher(txt).matches(): null

2018-06-14 20:03:15 - [TEST_STEP][PASSED] - Statement - If (matched): null

2018-06-14 20:03:15 - [TEST_STEP][PASSED] - Statement - driver.findElement(org.openqa.selenium.By.xpath("(//ul[@class='unlinked-grouplist']/li/label)[" + i + 1 + "]")).click(): null

2018-06-14 20:03:15 - [TEST_STEP][PASSED] - Statement - (store_count++): null

2018-06-14 20:03:15 - [TEST_STEP][PASSED] - Statement - println(grouplist.get(i).getText()): null

2018-06-14 20:03:15 - [TEST_STEP][PASSED] - Statement - txt = grouplist.get(i).getText(): null

2018-06-14 20:03:15 - [TEST_STEP][PASSED] - Statement - matched = pattern.matcher(txt).matches(): null

2018-06-14 20:03:15 - [TEST_STEP][PASSED] - Statement - If (matched): null

2018-06-14 20:03:15 - [TEST_STEP][PASSED] - Statement - driver.findElement(org.openqa.selenium.By.xpath("(//ul[@class='unlinked-grouplist']/li/label)[" + i + 1 + "]")).click(): null

2018-06-14 20:03:15 - [TEST_STEP][PASSED] - Statement - (store_count++): null

2018-06-14 20:03:15 - [TEST_STEP][PASSED] - Statement - println(grouplist.get(i).getText()): null

2018-06-14 20:03:15 - [TEST_STEP][PASSED] - Statement - txt = grouplist.get(i).getText(): null

2018-06-14 20:03:15 - [TEST_STEP][PASSED] - Statement - matched = pattern.matcher(txt).matches(): null

2018-06-14 20:03:15 - [TEST_STEP][PASSED] - Statement - If (matched): null

2018-06-14 20:03:15 - [TEST_STEP][PASSED] - Statement - driver.findElement(org.openqa.selenium.By.xpath("(//ul[@class='unlinked-grouplist']/li/label)[" + i + 1 + "]")).click(): null

2018-06-14 20:03:15 - [TEST_STEP][PASSED] - Statement - (store_count++): null

2018-06-14 20:03:15 - [TEST_STEP][PASSED] - Statement - println(grouplist.get(i).getText()): null

2018-06-14 20:03:15 - [TEST_STEP][PASSED] - Statement - txt = grouplist.get(i).getText(): null

2018-06-14 20:03:15 - [TEST_STEP][PASSED] - Statement - matched = pattern.matcher(txt).matches(): null

2018-06-14 20:03:15 - [TEST_STEP][PASSED] - Statement - If (matched): null

2018-06-14 20:03:15 - [TEST_STEP][PASSED] - Statement - driver.findElement(org.openqa.selenium.By.xpath("(//ul[@class='unlinked-grouplist']/li/label)[" + i + 1 + "]")).click(): null

2018-06-14 20:03:15 - [TEST_STEP][PASSED] - Statement - (store_count++): null

2018-06-14 20:03:15 - [TEST_STEP][PASSED] - Statement - println(grouplist.get(i).getText()): null

2018-06-14 20:03:15 - [TEST_STEP][PASSED] - Statement - txt = grouplist.get(i).getText(): null

2018-06-14 20:03:15 - [TEST_STEP][PASSED] - Statement - matched = pattern.matcher(txt).matches(): null

2018-06-14 20:03:15 - [TEST_STEP][PASSED] - Statement - If (matched): null

2018-06-14 20:03:15 - [TEST_STEP][PASSED] - Statement - driver.findElement(org.openqa.selenium.By.xpath("(//ul[@class='unlinked-grouplist']/li/label)[" + i + 1 + "]")).click(): null

2018-06-14 20:03:16 - [TEST_STEP][PASSED] - Statement - (store_count++): null

2018-06-14 20:03:16 - [TEST_STEP][PASSED] - Statement - println(grouplist.get(i).getText()): null

2018-06-14 20:03:16 - [TEST_STEP][PASSED] - Statement - txt = grouplist.get(i).getText(): null

2018-06-14 20:03:16 - [TEST_STEP][PASSED] - Statement - matched = pattern.matcher(txt).matches(): null

2018-06-14 20:03:16 - [TEST_STEP][PASSED] - Statement - If (matched): null

2018-06-14 20:03:16 - [TEST_STEP][PASSED] - Statement - driver.findElement(org.openqa.selenium.By.xpath("(//ul[@class='unlinked-grouplist']/li/label)[" + i + 1 + "]")).click(): null

2018-06-14 20:03:16 - [TEST_STEP][PASSED] - Statement - (store_count++): null

2018-06-14 20:03:16 - [TEST_STEP][PASSED] - Statement - println(grouplist.get(i).getText()): null

2018-06-14 20:03:16 - [TEST_STEP][PASSED] - Statement - txt = grouplist.get(i).getText(): null

2018-06-14 20:03:16 - [TEST_STEP][PASSED] - Statement - matched = pattern.matcher(txt).matches(): null

2018-06-14 20:03:16 - [TEST_STEP][PASSED] - Statement - If (matched): null

2018-06-14 20:03:16 - [TEST_STEP][PASSED] - Statement - driver.findElement(org.openqa.selenium.By.xpath("(//ul[@class='unlinked-grouplist']/li/label)[" + i + 1 + "]")).click(): null

2018-06-14 20:03:16 - [TEST_STEP][PASSED] - Statement - (store_count++): null

2018-06-14 20:03:16 - [TEST_STEP][PASSED] - Statement - println(grouplist.get(i).getText()): null

2018-06-14 20:03:16 - [TEST_STEP][PASSED] - Statement - txt = grouplist.get(i).getText(): null

2018-06-14 20:03:16 - [TEST_STEP][PASSED] - Statement - matched = pattern.matcher(txt).matches(): null

2018-06-14 20:03:16 - [TEST_STEP][PASSED] - Statement - If (matched): null

2018-06-14 20:03:16 - [TEST_STEP][PASSED] - Statement - driver.findElement(org.openqa.selenium.By.xpath("(//ul[@class='unlinked-grouplist']/li/label)[" + i + 1 + "]")).click(): null

2018-06-14 20:03:16 - [TEST_STEP][PASSED] - Statement - (store_count++): null

2018-06-14 20:03:16 - [TEST_STEP][PASSED] - Statement - println(grouplist.get(i).getText()): null

2018-06-14 20:03:16 - [TEST_STEP][PASSED] - Statement - txt = grouplist.get(i).getText(): null

2018-06-14 20:03:16 - [TEST_STEP][PASSED] - Statement - matched = pattern.matcher(txt).matches(): null

2018-06-14 20:03:16 - [TEST_STEP][PASSED] - Statement - If (matched): null

2018-06-14 20:03:16 - [TEST_STEP][PASSED] - Statement - driver.findElement(org.openqa.selenium.By.xpath("(//ul[@class='unlinked-grouplist']/li/label)[" + i + 1 + "]")).click(): null

2018-06-14 20:03:16 - [TEST_STEP][PASSED] - Statement - (store_count++): null

2018-06-14 20:03:16 - [TEST_STEP][PASSED] - Statement - println(grouplist.get(i).getText()): null

2018-06-14 20:03:16 - [TEST_STEP][PASSED] - Statement - txt = grouplist.get(i).getText(): null

2018-06-14 20:03:16 - [TEST_STEP][PASSED] - Statement - matched = pattern.matcher(txt).matches(): null

2018-06-14 20:03:16 - [TEST_STEP][PASSED] - Statement - If (matched): null

2018-06-14 20:03:16 - [TEST_STEP][PASSED] - Statement - driver.findElement(org.openqa.selenium.By.xpath("(//ul[@class='unlinked-grouplist']/li/label)[" + i + 1 + "]")).click(): null

2018-06-14 20:03:16 - [TEST_STEP][PASSED] - Statement - (store_count++): null

2018-06-14 20:03:16 - [TEST_STEP][PASSED] - Statement - println(grouplist.get(i).getText()): null

2018-06-14 20:03:16 - [TEST_STEP][PASSED] - Statement - txt = grouplist.get(i).getText(): null

2018-06-14 20:03:16 - [TEST_STEP][PASSED] - Statement - matched = pattern.matcher(txt).matches(): null

2018-06-14 20:03:16 - [TEST_STEP][PASSED] - Statement - If (matched): null

2018-06-14 20:03:16 - [TEST_STEP][PASSED] - Statement - driver.findElement(org.openqa.selenium.By.xpath("(//ul[@class='unlinked-grouplist']/li/label)[" + i + 1 + "]")).click(): null

2018-06-14 20:03:16 - [TEST_STEP][PASSED] - Statement - (store_count++): null

2018-06-14 20:03:16 - [TEST_STEP][PASSED] - Statement - println(grouplist.get(i).getText()): null

2018-06-14 20:03:16 - [TEST_STEP][PASSED] - Statement - txt = grouplist.get(i).getText(): null

2018-06-14 20:03:16 - [TEST_STEP][PASSED] - Statement - matched = pattern.matcher(txt).matches(): null

2018-06-14 20:03:16 - [TEST_STEP][PASSED] - Statement - If (matched): null

2018-06-14 20:03:16 - [TEST_STEP][PASSED] - Statement - driver.findElement(org.openqa.selenium.By.xpath("(//ul[@class='unlinked-grouplist']/li/label)[" + i + 1 + "]")).click(): null

2018-06-14 20:03:16 - [TEST_STEP][PASSED] - Statement - (store_count++): null

2018-06-14 20:03:16 - [TEST_STEP][PASSED] - Statement - println(grouplist.get(i).getText()): null

2018-06-14 20:03:16 - [TEST_STEP][PASSED] - Statement - txt = grouplist.get(i).getText(): null

2018-06-14 20:03:16 - [TEST_STEP][PASSED] - Statement - matched = pattern.matcher(txt).matches(): null

2018-06-14 20:03:16 - [TEST_STEP][PASSED] - Statement - If (matched): null

2018-06-14 20:03:16 - [TEST_STEP][PASSED] - Statement - driver.findElement(org.openqa.selenium.By.xpath("(//ul[@class='unlinked-grouplist']/li/label)[" + i + 1 + "]")).click(): null

2018-06-14 20:03:16 - [TEST_STEP][PASSED] - Statement - (store_count++): null

2018-06-14 20:03:16 - [TEST_STEP][PASSED] - Statement - println(grouplist.get(i).getText()): null

2018-06-14 20:03:16 - [TEST_STEP][PASSED] - Statement - txt = grouplist.get(i).getText(): null

2018-06-14 20:03:16 - [TEST_STEP][PASSED] - Statement - matched = pattern.matcher(txt).matches(): null

2018-06-14 20:03:16 - [TEST_STEP][PASSED] - Statement - If (matched): null

2018-06-14 20:03:16 - [TEST_STEP][PASSED] - Statement - driver.findElement(org.openqa.selenium.By.xpath("(//ul[@class='unlinked-grouplist']/li/label)[" + i + 1 + "]")).click(): null

2018-06-14 20:03:16 - [TEST_STEP][PASSED] - Statement - (store_count++): null

2018-06-14 20:03:16 - [TEST_STEP][PASSED] - Statement - println(grouplist.get(i).getText()): null

2018-06-14 20:03:16 - [TEST_STEP][PASSED] - Statement - txt = grouplist.get(i).getText(): null

2018-06-14 20:03:16 - [TEST_STEP][PASSED] - Statement - matched = pattern.matcher(txt).matches(): null

2018-06-14 20:03:16 - [TEST_STEP][PASSED] - Statement - If (matched): null

2018-06-14 20:03:16 - [TEST_STEP][PASSED] - Statement - driver.findElement(org.openqa.selenium.By.xpath("(//ul[@class='unlinked-grouplist']/li/label)[" + i + 1 + "]")).click(): null

2018-06-14 20:03:16 - [TEST_STEP][PASSED] - Statement - (store_count++): null

2018-06-14 20:03:16 - [TEST_STEP][PASSED] - Statement - println(grouplist.get(i).getText()): null

2018-06-14 20:03:16 - [TEST_STEP][PASSED] - Statement - txt = grouplist.get(i).getText(): null

2018-06-14 20:03:16 - [TEST_STEP][PASSED] - Statement - matched = pattern.matcher(txt).matches(): null

2018-06-14 20:03:16 - [TEST_STEP][PASSED] - Statement - If (matched): null

2018-06-14 20:03:16 - [TEST_STEP][PASSED] - Statement - driver.findElement(org.openqa.selenium.By.xpath("(//ul[@class='unlinked-grouplist']/li/label)[" + i + 1 + "]")).click(): null

2018-06-14 20:03:16 - [TEST_STEP][PASSED] - Statement - (store_count++): null

2018-06-14 20:03:16 - [TEST_STEP][PASSED] - Statement - println(grouplist.get(i).getText()): null

2018-06-14 20:03:16 - [TEST_STEP][PASSED] - Statement - txt = grouplist.get(i).getText(): null

2018-06-14 20:03:16 - [TEST_STEP][PASSED] - Statement - matched = pattern.matcher(txt).matches(): null

2018-06-14 20:03:16 - [TEST_STEP][PASSED] - Statement - If (matched): null

2018-06-14 20:03:16 - [TEST_STEP][PASSED] - Statement - driver.findElement(org.openqa.selenium.By.xpath("(//ul[@class='unlinked-grouplist']/li/label)[" + i + 1 + "]")).click(): null

2018-06-14 20:03:17 - [TEST_STEP][PASSED] - Statement - (store_count++): null

2018-06-14 20:03:17 - [TEST_STEP][PASSED] - Statement - println(grouplist.get(i).getText()): null

2018-06-14 20:03:17 - [TEST_STEP][PASSED] - Statement - txt = grouplist.get(i).getText(): null

2018-06-14 20:03:17 - [TEST_STEP][PASSED] - Statement - matched = pattern.matcher(txt).matches(): null

2018-06-14 20:03:17 - [TEST_STEP][PASSED] - Statement - If (matched): null

2018-06-14 20:03:17 - [TEST_STEP][PASSED] - Statement - driver.findElement(org.openqa.selenium.By.xpath("(//ul[@class='unlinked-grouplist']/li/label)[" + i + 1 + "]")).click(): null

2018-06-14 20:03:17 - [TEST_STEP][PASSED] - Statement - (store_count++): null

2018-06-14 20:03:17 - [TEST_STEP][PASSED] - Statement - println(grouplist.get(i).getText()): null

2018-06-14 20:03:17 - [TEST_STEP][PASSED] - Statement - txt = grouplist.get(i).getText(): null

2018-06-14 20:03:17 - [TEST_STEP][PASSED] - Statement - matched = pattern.matcher(txt).matches(): null

2018-06-14 20:03:17 - [TEST_STEP][PASSED] - Statement - If (matched): null

2018-06-14 20:03:17 - [TEST_STEP][PASSED] - Statement - driver.findElement(org.openqa.selenium.By.xpath("(//ul[@class='unlinked-grouplist']/li/label)[" + i + 1 + "]")).click(): null

2018-06-14 20:03:17 - [TEST_STEP][PASSED] - Statement - (store_count++): null

2018-06-14 20:03:17 - [TEST_STEP][PASSED] - Statement - println(grouplist.get(i).getText()): null

2018-06-14 20:03:17 - [TEST_STEP][PASSED] - Statement - txt = grouplist.get(i).getText(): null

2018-06-14 20:03:17 - [TEST_STEP][PASSED] - Statement - matched = pattern.matcher(txt).matches(): null

2018-06-14 20:03:17 - [TEST_STEP][PASSED] - Statement - If (matched): null

2018-06-14 20:03:17 - [TEST_STEP][PASSED] - Statement - driver.findElement(org.openqa.selenium.By.xpath("(//ul[@class='unlinked-grouplist']/li/label)[" + i + 1 + "]")).click(): null

2018-06-14 20:03:17 - [TEST_STEP][PASSED] - Statement - (store_count++): null

2018-06-14 20:03:17 - [TEST_STEP][PASSED] - Statement - println(grouplist.get(i).getText()): null

2018-06-14 20:03:17 - [TEST_STEP][PASSED] - Statement - txt = grouplist.get(i).getText(): null

2018-06-14 20:03:17 - [TEST_STEP][PASSED] - Statement - matched = pattern.matcher(txt).matches(): null

2018-06-14 20:03:17 - [TEST_STEP][PASSED] - Statement - If (matched): null

2018-06-14 20:03:17 - [TEST_STEP][PASSED] - Statement - driver.findElement(org.openqa.selenium.By.xpath("(//ul[@class='unlinked-grouplist']/li/label)[" + i + 1 + "]")).click(): null

2018-06-14 20:03:17 - [TEST_STEP][PASSED] - Statement - (store_count++): null

2018-06-14 20:03:17 - [TEST_STEP][PASSED] - Statement - println(grouplist.get(i).getText()): null

2018-06-14 20:03:17 - [TEST_STEP][PASSED] - Statement - txt = grouplist.get(i).getText(): null

2018-06-14 20:03:17 - [TEST_STEP][PASSED] - Statement - matched = pattern.matcher(txt).matches(): null

2018-06-14 20:03:17 - [TEST_STEP][PASSED] - Statement - If (matched): null

2018-06-14 20:03:17 - [TEST_STEP][PASSED] - Statement - driver.findElement(org.openqa.selenium.By.xpath("(//ul[@class='unlinked-grouplist']/li/label)[" + i + 1 + "]")).click(): null

2018-06-14 20:03:17 - [TEST_STEP][PASSED] - Statement - (store_count++): null

2018-06-14 20:03:17 - [TEST_STEP][PASSED] - Statement - println(grouplist.get(i).getText()): null

2018-06-14 20:03:17 - [TEST_STEP][PASSED] - Statement - txt = grouplist.get(i).getText(): null

2018-06-14 20:03:17 - [TEST_STEP][PASSED] - Statement - matched = pattern.matcher(txt).matches(): null

2018-06-14 20:03:17 - [TEST_STEP][PASSED] - Statement - If (matched): null

2018-06-14 20:03:17 - [TEST_STEP][PASSED] - Statement - driver.findElement(org.openqa.selenium.By.xpath("(//ul[@class='unlinked-grouplist']/li/label)[" + i + 1 + "]")).click(): null

2018-06-14 20:03:17 - [TEST_STEP][PASSED] - Statement - (store_count++): null

2018-06-14 20:03:17 - [TEST_STEP][PASSED] - Statement - println(grouplist.get(i).getText()): null

2018-06-14 20:03:17 - [TEST_STEP][PASSED] - Statement - txt = grouplist.get(i).getText(): null

2018-06-14 20:03:17 - [TEST_STEP][PASSED] - Statement - matched = pattern.matcher(txt).matches(): null

2018-06-14 20:03:17 - [TEST_STEP][PASSED] - Statement - If (matched): null

2018-06-14 20:03:17 - [TEST_STEP][PASSED] - Statement - driver.findElement(org.openqa.selenium.By.xpath("(//ul[@class='unlinked-grouplist']/li/label)[" + i + 1 + "]")).click(): null

2018-06-14 20:03:17 - [TEST_STEP][PASSED] - Statement - (store_count++): null

2018-06-14 20:03:17 - [TEST_STEP][PASSED] - Statement - println(grouplist.get(i).getText()): null

2018-06-14 20:03:17 - [TEST_STEP][PASSED] - Statement - txt = grouplist.get(i).getText(): null

2018-06-14 20:03:17 - [TEST_STEP][PASSED] - Statement - matched = pattern.matcher(txt).matches(): null

2018-06-14 20:03:17 - [TEST_STEP][PASSED] - Statement - If (matched): null

2018-06-14 20:03:17 - [TEST_STEP][PASSED] - Statement - driver.findElement(org.openqa.selenium.By.xpath("(//ul[@class='unlinked-grouplist']/li/label)[" + i + 1 + "]")).click(): null

2018-06-14 20:03:17 - [TEST_STEP][PASSED] - Statement - (store_count++): null

2018-06-14 20:03:17 - [TEST_STEP][PASSED] - Statement - println(grouplist.get(i).getText()): null

2018-06-14 20:03:17 - [TEST_STEP][PASSED] - Statement - txt = grouplist.get(i).getText(): null

2018-06-14 20:03:17 - [TEST_STEP][PASSED] - Statement - matched = pattern.matcher(txt).matches(): null

2018-06-14 20:03:17 - [TEST_STEP][PASSED] - Statement - If (matched): null

2018-06-14 20:03:17 - [TEST_STEP][PASSED] - Statement - driver.findElement(org.openqa.selenium.By.xpath("(//ul[@class='unlinked-grouplist']/li/label)[" + i + 1 + "]")).click(): null

2018-06-14 20:03:17 - [TEST_STEP][PASSED] - Statement - (store_count++): null

2018-06-14 20:03:17 - [TEST_STEP][PASSED] - Statement - println(grouplist.get(i).getText()): null

2018-06-14 20:03:17 - [TEST_STEP][PASSED] - Statement - txt = grouplist.get(i).getText(): null

2018-06-14 20:03:17 - [TEST_STEP][PASSED] - Statement - matched = pattern.matcher(txt).matches(): null

2018-06-14 20:03:17 - [TEST_STEP][PASSED] - Statement - If (matched): null

2018-06-14 20:03:17 - [TEST_STEP][PASSED] - Statement - driver.findElement(org.openqa.selenium.By.xpath("(//ul[@class='unlinked-grouplist']/li/label)[" + i + 1 + "]")).click(): null

2018-06-14 20:03:17 - [TEST_STEP][PASSED] - Statement - (store_count++): null

2018-06-14 20:03:17 - [TEST_STEP][PASSED] - Statement - println(grouplist.get(i).getText()): null

2018-06-14 20:03:17 - [TEST_STEP][PASSED] - Statement - txt = grouplist.get(i).getText(): null

2018-06-14 20:03:17 - [TEST_STEP][PASSED] - Statement - matched = pattern.matcher(txt).matches(): null

2018-06-14 20:03:17 - [TEST_STEP][PASSED] - Statement - If (matched): null

2018-06-14 20:03:17 - [TEST_STEP][PASSED] - Statement - driver.findElement(org.openqa.selenium.By.xpath("(//ul[@class='unlinked-grouplist']/li/label)[" + i + 1 + "]")).click(): null

2018-06-14 20:03:17 - [TEST_STEP][PASSED] - Statement - (store_count++): null

2018-06-14 20:03:17 - [TEST_STEP][PASSED] - Statement - println(grouplist.get(i).getText()): null

2018-06-14 20:03:17 - [TEST_STEP][PASSED] - Statement - txt = grouplist.get(i).getText(): null

2018-06-14 20:03:17 - [TEST_STEP][PASSED] - Statement - matched = pattern.matcher(txt).matches(): null

2018-06-14 20:03:17 - [TEST_STEP][PASSED] - Statement - If (matched): null

2018-06-14 20:03:17 - [TEST_STEP][PASSED] - Statement - driver.findElement(org.openqa.selenium.By.xpath("(//ul[@class='unlinked-grouplist']/li/label)[" + i + 1 + "]")).click(): null

2018-06-14 20:03:18 - [TEST_STEP][PASSED] - Statement - (store_count++): null

2018-06-14 20:03:18 - [TEST_STEP][PASSED] - Statement - println(grouplist.get(i).getText()): null

2018-06-14 20:03:18 - [TEST_STEP][PASSED] - Statement - txt = grouplist.get(i).getText(): null

2018-06-14 20:03:18 - [TEST_STEP][PASSED] - Statement - matched = pattern.matcher(txt).matches(): null

2018-06-14 20:03:18 - [TEST_STEP][PASSED] - Statement - If (matched): null

2018-06-14 20:03:18 - [TEST_STEP][PASSED] - Statement - driver.findElement(org.openqa.selenium.By.xpath("(//ul[@class='unlinked-grouplist']/li/label)[" + i + 1 + "]")).click(): null

2018-06-14 20:03:18 - [TEST_STEP][PASSED] - Statement - (store_count++): null

2018-06-14 20:03:18 - [TEST_STEP][PASSED] - Statement - println(grouplist.get(i).getText()): null

2018-06-14 20:03:18 - [TEST_STEP][PASSED] - Statement - txt = grouplist.get(i).getText(): null

2018-06-14 20:03:18 - [TEST_STEP][PASSED] - Statement - matched = pattern.matcher(txt).matches(): null

2018-06-14 20:03:18 - [TEST_STEP][PASSED] - Statement - If (matched): null

2018-06-14 20:03:18 - [TEST_STEP][PASSED] - Statement - driver.findElement(org.openqa.selenium.By.xpath("(//ul[@class='unlinked-grouplist']/li/label)[" + i + 1 + "]")).click(): null

2018-06-14 20:03:18 - [TEST_STEP][PASSED] - Statement - (store_count++): null

2018-06-14 20:03:18 - [TEST_STEP][PASSED] - Statement - println(grouplist.get(i).getText()): null

2018-06-14 20:03:18 - [TEST_STEP][PASSED] - Statement - txt = grouplist.get(i).getText(): null

2018-06-14 20:03:18 - [TEST_STEP][PASSED] - Statement - matched = pattern.matcher(txt).matches(): null

2018-06-14 20:03:18 - [TEST_STEP][PASSED] - Statement - If (matched): null

2018-06-14 20:03:18 - [TEST_STEP][PASSED] - Statement - driver.findElement(org.openqa.selenium.By.xpath("(//ul[@class='unlinked-grouplist']/li/label)[" + i + 1 + "]")).click(): null

2018-06-14 20:03:18 - [TEST_STEP][PASSED] - Statement - (store_count++): null

2018-06-14 20:03:18 - [TEST_STEP][PASSED] - Statement - println(grouplist.get(i).getText()): null

2018-06-14 20:03:18 - [TEST_STEP][PASSED] - Statement - txt = grouplist.get(i).getText(): null

2018-06-14 20:03:18 - [TEST_STEP][PASSED] - Statement - matched = pattern.matcher(txt).matches(): null

2018-06-14 20:03:18 - [TEST_STEP][PASSED] - Statement - If (matched): null

2018-06-14 20:03:18 - [TEST_STEP][PASSED] - Statement - driver.findElement(org.openqa.selenium.By.xpath("(//ul[@class='unlinked-grouplist']/li/label)[" + i + 1 + "]")).click(): null

2018-06-14 20:03:18 - [TEST_STEP][PASSED] - Statement - (store_count++): null

2018-06-14 20:03:18 - [TEST_STEP][PASSED] - Statement - println(grouplist.get(i).getText()): null

2018-06-14 20:03:18 - [TEST_STEP][PASSED] - Statement - txt = grouplist.get(i).getText(): null

2018-06-14 20:03:18 - [TEST_STEP][PASSED] - Statement - matched = pattern.matcher(txt).matches(): null

2018-06-14 20:03:18 - [TEST_STEP][PASSED] - Statement - If (matched): null

2018-06-14 20:03:18 - [TEST_STEP][PASSED] - Statement - driver.findElement(org.openqa.selenium.By.xpath("(//ul[@class='unlinked-grouplist']/li/label)[" + i + 1 + "]")).click(): null

2018-06-14 20:03:18 - [TEST_STEP][PASSED] - Statement - (store_count++): null

2018-06-14 20:03:18 - [TEST_STEP][PASSED] - Statement - println(grouplist.get(i).getText()): null

2018-06-14 20:03:18 - [TEST_STEP][PASSED] - Statement - txt = grouplist.get(i).getText(): null

2018-06-14 20:03:18 - [TEST_STEP][PASSED] - Statement - matched = pattern.matcher(txt).matches(): null

2018-06-14 20:03:18 - [TEST_STEP][PASSED] - Statement - If (matched): null

2018-06-14 20:03:18 - [TEST_STEP][PASSED] - Statement - driver.findElement(org.openqa.selenium.By.xpath("(//ul[@class='unlinked-grouplist']/li/label)[" + i + 1 + "]")).click(): null

2018-06-14 20:03:18 - [TEST_STEP][PASSED] - Statement - (store_count++): null

2018-06-14 20:03:18 - [TEST_STEP][PASSED] - Statement - println(grouplist.get(i).getText()): null

2018-06-14 20:03:18 - [TEST_STEP][PASSED] - Statement - txt = grouplist.get(i).getText(): null

2018-06-14 20:03:18 - [TEST_STEP][PASSED] - Statement - matched = pattern.matcher(txt).matches(): null

2018-06-14 20:03:18 - [TEST_STEP][PASSED] - Statement - If (matched): null

2018-06-14 20:03:18 - [TEST_STEP][PASSED] - Statement - driver.findElement(org.openqa.selenium.By.xpath("(//ul[@class='unlinked-grouplist']/li/label)[" + i + 1 + "]")).click(): null

2018-06-14 20:03:18 - [TEST_STEP][PASSED] - Statement - (store_count++): null

2018-06-14 20:03:18 - [TEST_STEP][PASSED] - Statement - println(grouplist.get(i).getText()): null

2018-06-14 20:03:18 - [TEST_STEP][PASSED] - Statement - txt = grouplist.get(i).getText(): null

2018-06-14 20:03:18 - [TEST_STEP][PASSED] - Statement - matched = pattern.matcher(txt).matches(): null

2018-06-14 20:03:18 - [TEST_STEP][PASSED] - Statement - If (matched): null

2018-06-14 20:03:18 - [TEST_STEP][PASSED] - Statement - driver.findElement(org.openqa.selenium.By.xpath("(//ul[@class='unlinked-grouplist']/li/label)[" + i + 1 + "]")).click(): null

2018-06-14 20:03:18 - [TEST_STEP][PASSED] - Statement - (store_count++): null

2018-06-14 20:03:18 - [TEST_STEP][PASSED] - Statement - println(grouplist.get(i).getText()): null

2018-06-14 20:03:18 - [TEST_STEP][PASSED] - Statement - txt = grouplist.get(i).getText(): null

2018-06-14 20:03:18 - [TEST_STEP][PASSED] - Statement - matched = pattern.matcher(txt).matches(): null

2018-06-14 20:03:18 - [TEST_STEP][PASSED] - Statement - If (matched): null

2018-06-14 20:03:18 - [TEST_STEP][PASSED] - Statement - driver.findElement(org.openqa.selenium.By.xpath("(//ul[@class='unlinked-grouplist']/li/label)[" + i + 1 + "]")).click(): null

2018-06-14 20:03:18 - [TEST_STEP][PASSED] - Statement - (store_count++): null

2018-06-14 20:03:18 - [TEST_STEP][PASSED] - Statement - println(grouplist.get(i).getText()): null

2018-06-14 20:03:18 - [TEST_STEP][PASSED] - Statement - txt = grouplist.get(i).getText(): null

2018-06-14 20:03:18 - [TEST_STEP][PASSED] - Statement - matched = pattern.matcher(txt).matches(): null

2018-06-14 20:03:18 - [TEST_STEP][PASSED] - Statement - If (matched): null

2018-06-14 20:03:18 - [TEST_STEP][PASSED] - Statement - driver.findElement(org.openqa.selenium.By.xpath("(//ul[@class='unlinked-grouplist']/li/label)[" + i + 1 + "]")).click(): null

2018-06-14 20:03:18 - [TEST_STEP][PASSED] - Statement - (store_count++): null

2018-06-14 20:03:18 - [TEST_STEP][PASSED] - Statement - println(grouplist.get(i).getText()): null

2018-06-14 20:03:18 - [TEST_STEP][PASSED] - Statement - txt = grouplist.get(i).getText(): null

2018-06-14 20:03:18 - [TEST_STEP][PASSED] - Statement - matched = pattern.matcher(txt).matches(): null

2018-06-14 20:03:18 - [TEST_STEP][PASSED] - Statement - If (matched): null

2018-06-14 20:03:18 - [TEST_STEP][PASSED] - Statement - driver.findElement(org.openqa.selenium.By.xpath("(//ul[@class='unlinked-grouplist']/li/label)[" + i + 1 + "]")).click(): null

2018-06-14 20:03:18 - [TEST_STEP][PASSED] - Statement - (store_count++): null

2018-06-14 20:03:18 - [TEST_STEP][PASSED] - Statement - println(grouplist.get(i).getText()): null

2018-06-14 20:03:18 - [TEST_STEP][PASSED] - Statement - txt = grouplist.get(i).getText(): null

2018-06-14 20:03:18 - [TEST_STEP][PASSED] - Statement - matched = pattern.matcher(txt).matches(): null

2018-06-14 20:03:18 - [TEST_STEP][PASSED] - Statement - If (matched): null

2018-06-14 20:03:18 - [TEST_STEP][PASSED] - Statement - driver.findElement(org.openqa.selenium.By.xpath("(//ul[@class='unlinked-grouplist']/li/label)[" + i + 1 + "]")).click(): null

2018-06-14 20:03:19 - [TEST_STEP][PASSED] - Statement - (store_count++): null

2018-06-14 20:03:19 - [TEST_STEP][PASSED] - Statement - println(grouplist.get(i).getText()): null

2018-06-14 20:03:19 - [TEST_STEP][PASSED] - Statement - txt = grouplist.get(i).getText(): null

2018-06-14 20:03:19 - [TEST_STEP][PASSED] - Statement - matched = pattern.matcher(txt).matches(): null

2018-06-14 20:03:19 - [TEST_STEP][PASSED] - Statement - If (matched): null

2018-06-14 20:03:19 - [TEST_STEP][PASSED] - Statement - driver.findElement(org.openqa.selenium.By.xpath("(//ul[@class='unlinked-grouplist']/li/label)[" + i + 1 + "]")).click(): null

2018-06-14 20:03:19 - [TEST_STEP][PASSED] - Statement - (store_count++): null

2018-06-14 20:03:19 - [TEST_STEP][PASSED] - Statement - println(grouplist.get(i).getText()): null

2018-06-14 20:03:19 - [TEST_STEP][PASSED] - Statement - txt = grouplist.get(i).getText(): null

2018-06-14 20:03:19 - [TEST_STEP][PASSED] - Statement - matched = pattern.matcher(txt).matches(): null

2018-06-14 20:03:19 - [TEST_STEP][PASSED] - Statement - If (matched): null

2018-06-14 20:03:19 - [TEST_STEP][PASSED] - Statement - driver.findElement(org.openqa.selenium.By.xpath("(//ul[@class='unlinked-grouplist']/li/label)[" + i + 1 + "]")).click(): null

2018-06-14 20:03:19 - [TEST_STEP][PASSED] - Statement - (store_count++): null

2018-06-14 20:03:19 - [TEST_STEP][PASSED] - Statement - println(grouplist.get(i).getText()): null

2018-06-14 20:03:19 - [TEST_STEP][PASSED] - Statement - txt = grouplist.get(i).getText(): null

2018-06-14 20:03:19 - [TEST_STEP][PASSED] - Statement - matched = pattern.matcher(txt).matches(): null

2018-06-14 20:03:19 - [TEST_STEP][PASSED] - Statement - If (matched): null

2018-06-14 20:03:19 - [TEST_STEP][PASSED] - Statement - driver.findElement(org.openqa.selenium.By.xpath("(//ul[@class='unlinked-grouplist']/li/label)[" + i + 1 + "]")).click(): null

2018-06-14 20:03:19 - [TEST_STEP][PASSED] - Statement - (store_count++): null

2018-06-14 20:03:19 - [TEST_STEP][PASSED] - Statement - println(grouplist.get(i).getText()): null

2018-06-14 20:03:19 - [TEST_STEP][PASSED] - Statement - txt = grouplist.get(i).getText(): null

2018-06-14 20:03:19 - [TEST_STEP][PASSED] - Statement - matched = pattern.matcher(txt).matches(): null

2018-06-14 20:03:19 - [TEST_STEP][PASSED] - Statement - If (matched): null

2018-06-14 20:03:19 - [TEST_STEP][PASSED] - Statement - driver.findElement(org.openqa.selenium.By.xpath("(//ul[@class='unlinked-grouplist']/li/label)[" + i + 1 + "]")).click(): null

2018-06-14 20:03:19 - [TEST_STEP][PASSED] - Statement - (store_count++): null

2018-06-14 20:03:19 - [TEST_STEP][PASSED] - Statement - println(grouplist.get(i).getText()): null

2018-06-14 20:03:19 - [TEST_STEP][PASSED] - Statement - txt = grouplist.get(i).getText(): null

2018-06-14 20:03:19 - [TEST_STEP][PASSED] - Statement - matched = pattern.matcher(txt).matches(): null

2018-06-14 20:03:19 - [TEST_STEP][PASSED] - Statement - If (matched): null

2018-06-14 20:03:19 - [TEST_STEP][PASSED] - Statement - driver.findElement(org.openqa.selenium.By.xpath("(//ul[@class='unlinked-grouplist']/li/label)[" + i + 1 + "]")).click(): null

2018-06-14 20:03:19 - [TEST_STEP][PASSED] - Statement - (store_count++): null

2018-06-14 20:03:19 - [TEST_STEP][PASSED] - Statement - println(grouplist.get(i).getText()): null

2018-06-14 20:03:19 - [TEST_STEP][PASSED] - Statement - txt = grouplist.get(i).getText(): null

2018-06-14 20:03:19 - [TEST_STEP][PASSED] - Statement - matched = pattern.matcher(txt).matches(): null

2018-06-14 20:03:19 - [TEST_STEP][PASSED] - Statement - If (matched): null

2018-06-14 20:03:19 - [TEST_STEP][PASSED] - Statement - driver.findElement(org.openqa.selenium.By.xpath("(//ul[@class='unlinked-grouplist']/li/label)[" + i + 1 + "]")).click(): null

2018-06-14 20:03:19 - [TEST_STEP][PASSED] - Statement - (store_count++): null

2018-06-14 20:03:19 - [TEST_STEP][PASSED] - Statement - println(grouplist.get(i).getText()): null

2018-06-14 20:03:19 - [TEST_STEP][PASSED] - Statement - txt = grouplist.get(i).getText(): null

2018-06-14 20:03:19 - [TEST_STEP][PASSED] - Statement - matched = pattern.matcher(txt).matches(): null

2018-06-14 20:03:19 - [TEST_STEP][PASSED] - Statement - If (matched): null

2018-06-14 20:03:19 - [TEST_STEP][PASSED] - Statement - driver.findElement(org.openqa.selenium.By.xpath("(//ul[@class='unlinked-grouplist']/li/label)[" + i + 1 + "]")).click(): null

2018-06-14 20:03:19 - [TEST_STEP][PASSED] - Statement - (store_count++): null

2018-06-14 20:03:19 - [TEST_STEP][PASSED] - Statement - println(grouplist.get(i).getText()): null

2018-06-14 20:03:19 - [TEST_STEP][PASSED] - Statement - txt = grouplist.get(i).getText(): null

2018-06-14 20:03:19 - [TEST_STEP][PASSED] - Statement - matched = pattern.matcher(txt).matches(): null

2018-06-14 20:03:19 - [TEST_STEP][PASSED] - Statement - If (matched): null

2018-06-14 20:03:19 - [TEST_STEP][PASSED] - Statement - driver.findElement(org.openqa.selenium.By.xpath("(//ul[@class='unlinked-grouplist']/li/label)[" + i + 1 + "]")).click(): null

2018-06-14 20:03:19 - [TEST_STEP][PASSED] - Statement - (store_count++): null

2018-06-14 20:03:19 - [TEST_STEP][PASSED] - Statement - println(grouplist.get(i).getText()): null

2018-06-14 20:03:19 - [TEST_STEP][PASSED] - Statement - txt = grouplist.get(i).getText(): null

2018-06-14 20:03:19 - [TEST_STEP][PASSED] - Statement - matched = pattern.matcher(txt).matches(): null

2018-06-14 20:03:19 - [TEST_STEP][PASSED] - Statement - If (matched): null

2018-06-14 20:03:19 - [TEST_STEP][PASSED] - Statement - driver.findElement(org.openqa.selenium.By.xpath("(//ul[@class='unlinked-grouplist']/li/label)[" + i + 1 + "]")).click(): null

2018-06-14 20:03:19 - [TEST_STEP][PASSED] - Statement - (store_count++): null

2018-06-14 20:03:19 - [TEST_STEP][PASSED] - Statement - println(grouplist.get(i).getText()): null

2018-06-14 20:03:19 - [TEST_STEP][PASSED] - Statement - txt = grouplist.get(i).getText(): null

2018-06-14 20:03:19 - [TEST_STEP][PASSED] - Statement - matched = pattern.matcher(txt).matches(): null

2018-06-14 20:03:19 - [TEST_STEP][PASSED] - Statement - If (matched): null

2018-06-14 20:03:19 - [TEST_STEP][PASSED] - Statement - driver.findElement(org.openqa.selenium.By.xpath("(//ul[@class='unlinked-grouplist']/li/label)[" + i + 1 + "]")).click(): null

2018-06-14 20:03:19 - [TEST_STEP][PASSED] - Statement - (store_count++): null

2018-06-14 20:03:19 - [TEST_STEP][PASSED] - Statement - println(grouplist.get(i).getText()): null

2018-06-14 20:03:19 - [TEST_STEP][PASSED] - Statement - txt = grouplist.get(i).getText(): null

2018-06-14 20:03:19 - [TEST_STEP][PASSED] - Statement - matched = pattern.matcher(txt).matches(): null

2018-06-14 20:03:19 - [TEST_STEP][PASSED] - Statement - If (matched): null

2018-06-14 20:03:19 - [TEST_STEP][PASSED] - Statement - driver.findElement(org.openqa.selenium.By.xpath("(//ul[@class='unlinked-grouplist']/li/label)[" + i + 1 + "]")).click(): null

2018-06-14 20:03:19 - [TEST_STEP][PASSED] - Statement - (store_count++): null

2018-06-14 20:03:19 - [TEST_STEP][PASSED] - Statement - println(grouplist.get(i).getText()): null

2018-06-14 20:03:19 - [TEST_STEP][PASSED] - Statement - txt = grouplist.get(i).getText(): null

2018-06-14 20:03:19 - [TEST_STEP][PASSED] - Statement - matched = pattern.matcher(txt).matches(): null

2018-06-14 20:03:19 - [TEST_STEP][PASSED] - Statement - If (matched): null

2018-06-14 20:03:19 - [TEST_STEP][PASSED] - Statement - driver.findElement(org.openqa.selenium.By.xpath("(//ul[@class='unlinked-grouplist']/li/label)[" + i + 1 + "]")).click(): null

2018-06-14 20:03:20 - [TEST_STEP][PASSED] - Statement - (store_count++): null

2018-06-14 20:03:20 - [TEST_STEP][PASSED] - Statement - println(grouplist.get(i).getText()): null

2018-06-14 20:03:20 - [TEST_STEP][PASSED] - Statement - txt = grouplist.get(i).getText(): null

2018-06-14 20:03:20 - [TEST_STEP][PASSED] - Statement - matched = pattern.matcher(txt).matches(): null

2018-06-14 20:03:20 - [TEST_STEP][PASSED] - Statement - If (matched): null

2018-06-14 20:03:20 - [TEST_STEP][PASSED] - Statement - driver.findElement(org.openqa.selenium.By.xpath("(//ul[@class='unlinked-grouplist']/li/label)[" + i + 1 + "]")).click(): null

2018-06-14 20:03:20 - [TEST_STEP][PASSED] - Statement - (store_count++): null

2018-06-14 20:03:20 - [TEST_STEP][PASSED] - Statement - println(grouplist.get(i).getText()): null

2018-06-14 20:03:20 - [TEST_STEP][PASSED] - Statement - txt = grouplist.get(i).getText(): null

2018-06-14 20:03:20 - [TEST_STEP][PASSED] - Statement - matched = pattern.matcher(txt).matches(): null

2018-06-14 20:03:20 - [TEST_STEP][PASSED] - Statement - If (matched): null

2018-06-14 20:03:20 - [TEST_STEP][PASSED] - Statement - driver.findElement(org.openqa.selenium.By.xpath("(//ul[@class='unlinked-grouplist']/li/label)[" + i + 1 + "]")).click(): null

2018-06-14 20:03:20 - [TEST_STEP][PASSED] - Statement - (store_count++): null

2018-06-14 20:03:20 - [TEST_STEP][PASSED] - Statement - println(grouplist.get(i).getText()): null

2018-06-14 20:03:20 - [TEST_STEP][PASSED] - Statement - txt = grouplist.get(i).getText(): null

2018-06-14 20:03:20 - [TEST_STEP][PASSED] - Statement - matched = pattern.matcher(txt).matches(): null

2018-06-14 20:03:20 - [TEST_STEP][PASSED] - Statement - If (matched): null

2018-06-14 20:03:20 - [TEST_STEP][PASSED] - Statement - driver.findElement(org.openqa.selenium.By.xpath("(//ul[@class='unlinked-grouplist']/li/label)[" + i + 1 + "]")).click(): null

2018-06-14 20:03:20 - [TEST_STEP][PASSED] - Statement - (store_count++): null

2018-06-14 20:03:20 - [TEST_STEP][PASSED] - Statement - println(grouplist.get(i).getText()): null

2018-06-14 20:03:20 - [TEST_STEP][PASSED] - Statement - txt = grouplist.get(i).getText(): null

2018-06-14 20:03:20 - [TEST_STEP][PASSED] - Statement - matched = pattern.matcher(txt).matches(): null

2018-06-14 20:03:20 - [TEST_STEP][PASSED] - Statement - If (matched): null

2018-06-14 20:03:20 - [TEST_STEP][PASSED] - Statement - driver.findElement(org.openqa.selenium.By.xpath("(//ul[@class='unlinked-grouplist']/li/label)[" + i + 1 + "]")).click(): null

2018-06-14 20:03:20 - [TEST_STEP][PASSED] - Statement - (store_count++): null

2018-06-14 20:03:20 - [TEST_STEP][PASSED] - Statement - println(grouplist.get(i).getText()): null

2018-06-14 20:03:20 - [TEST_STEP][PASSED] - Statement - txt = grouplist.get(i).getText(): null

2018-06-14 20:03:20 - [TEST_STEP][PASSED] - Statement - matched = pattern.matcher(txt).matches(): null

2018-06-14 20:03:20 - [TEST_STEP][PASSED] - Statement - If (matched): null

2018-06-14 20:03:20 - [TEST_STEP][PASSED] - Statement - driver.findElement(org.openqa.selenium.By.xpath("(//ul[@class='unlinked-grouplist']/li/label)[" + i + 1 + "]")).click(): null

2018-06-14 20:03:20 - [TEST_STEP][PASSED] - Statement - (store_count++): null

2018-06-14 20:03:20 - [TEST_STEP][PASSED] - Statement - println(grouplist.get(i).getText()): null

2018-06-14 20:03:20 - [TEST_STEP][PASSED] - Statement - txt = grouplist.get(i).getText(): null

2018-06-14 20:03:20 - [TEST_STEP][PASSED] - Statement - matched = pattern.matcher(txt).matches(): null

2018-06-14 20:03:20 - [TEST_STEP][PASSED] - Statement - If (matched): null

2018-06-14 20:03:20 - [TEST_STEP][PASSED] - Statement - driver.findElement(org.openqa.selenium.By.xpath("(//ul[@class='unlinked-grouplist']/li/label)[" + i + 1 + "]")).click(): null

2018-06-14 20:03:20 - [TEST_STEP][PASSED] - Statement - (store_count++): null

2018-06-14 20:03:20 - [TEST_STEP][PASSED] - Statement - println(grouplist.get(i).getText()): null

2018-06-14 20:03:20 - [TEST_STEP][PASSED] - Statement - txt = grouplist.get(i).getText(): null

2018-06-14 20:03:20 - [TEST_STEP][PASSED] - Statement - matched = pattern.matcher(txt).matches(): null

2018-06-14 20:03:20 - [TEST_STEP][PASSED] - Statement - If (matched): null

2018-06-14 20:03:20 - [TEST_STEP][PASSED] - Statement - driver.findElement(org.openqa.selenium.By.xpath("(//ul[@class='unlinked-grouplist']/li/label)[" + i + 1 + "]")).click(): null

2018-06-14 20:03:20 - [TEST_STEP][PASSED] - Statement - (store_count++): null

2018-06-14 20:03:20 - [TEST_STEP][PASSED] - Statement - println(grouplist.get(i).getText()): null

2018-06-14 20:03:20 - [TEST_STEP][PASSED] - Statement - txt = grouplist.get(i).getText(): null

2018-06-14 20:03:20 - [TEST_STEP][PASSED] - Statement - matched = pattern.matcher(txt).matches(): null

2018-06-14 20:03:20 - [TEST_STEP][PASSED] - Statement - If (matched): null

2018-06-14 20:03:20 - [TEST_STEP][PASSED] - Statement - driver.findElement(org.openqa.selenium.By.xpath("(//ul[@class='unlinked-grouplist']/li/label)[" + i + 1 + "]")).click(): null

2018-06-14 20:03:20 - [TEST_STEP][PASSED] - Statement - (store_count++): null

2018-06-14 20:03:20 - [TEST_STEP][PASSED] - Statement - println(grouplist.get(i).getText()): null

2018-06-14 20:03:20 - [TEST_STEP][PASSED] - Statement - txt = grouplist.get(i).getText(): null

2018-06-14 20:03:20 - [TEST_STEP][PASSED] - Statement - matched = pattern.matcher(txt).matches(): null

2018-06-14 20:03:20 - [TEST_STEP][PASSED] - Statement - If (matched): null

2018-06-14 20:03:20 - [TEST_STEP][PASSED] - Statement - driver.findElement(org.openqa.selenium.By.xpath("(//ul[@class='unlinked-grouplist']/li/label)[" + i + 1 + "]")).click(): null

2018-06-14 20:03:20 - [TEST_STEP][PASSED] - Statement - (store_count++): null

2018-06-14 20:03:20 - [TEST_STEP][PASSED] - Statement - println(grouplist.get(i).getText()): null

2018-06-14 20:03:20 - [TEST_STEP][PASSED] - Statement - txt = grouplist.get(i).getText(): null

2018-06-14 20:03:20 - [TEST_STEP][PASSED] - Statement - matched = pattern.matcher(txt).matches(): null

2018-06-14 20:03:20 - [TEST_STEP][PASSED] - Statement - If (matched): null

2018-06-14 20:03:20 - [TEST_STEP][PASSED] - Statement - driver.findElement(org.openqa.selenium.By.xpath("(//ul[@class='unlinked-grouplist']/li/label)[" + i + 1 + "]")).click(): null

2018-06-14 20:03:20 - [TEST_STEP][PASSED] - Statement - (store_count++): null

2018-06-14 20:03:20 - [TEST_STEP][PASSED] - Statement - println(grouplist.get(i).getText()): null

2018-06-14 20:03:20 - [TEST_STEP][PASSED] - Statement - txt = grouplist.get(i).getText(): null

2018-06-14 20:03:20 - [TEST_STEP][PASSED] - Statement - matched = pattern.matcher(txt).matches(): null

2018-06-14 20:03:20 - [TEST_STEP][PASSED] - Statement - If (matched): null

2018-06-14 20:03:20 - [TEST_STEP][PASSED] - Statement - driver.findElement(org.openqa.selenium.By.xpath("(//ul[@class='unlinked-grouplist']/li/label)[" + i + 1 + "]")).click(): null

2018-06-14 20:03:20 - [TEST_STEP][PASSED] - Statement - (store_count++): null

2018-06-14 20:03:20 - [TEST_STEP][PASSED] - Statement - println(grouplist.get(i).getText()): null

2018-06-14 20:03:20 - [TEST_STEP][PASSED] - Statement - txt = grouplist.get(i).getText(): null

2018-06-14 20:03:20 - [TEST_STEP][PASSED] - Statement - matched = pattern.matcher(txt).matches(): null

2018-06-14 20:03:20 - [TEST_STEP][PASSED] - Statement - If (matched): null

2018-06-14 20:03:20 - [TEST_STEP][PASSED] - Statement - driver.findElement(org.openqa.selenium.By.xpath("(//ul[@class='unlinked-grouplist']/li/label)[" + i + 1 + "]")).click(): null

2018-06-14 20:03:21 - [TEST_STEP][PASSED] - Statement - (store_count++): null

2018-06-14 20:03:21 - [TEST_STEP][PASSED] - Statement - println(grouplist.get(i).getText()): null

2018-06-14 20:03:21 - [TEST_STEP][PASSED] - Statement - txt = grouplist.get(i).getText(): null

2018-06-14 20:03:21 - [TEST_STEP][PASSED] - Statement - matched = pattern.matcher(txt).matches(): null

2018-06-14 20:03:21 - [TEST_STEP][PASSED] - Statement - If (matched): null

2018-06-14 20:03:21 - [TEST_STEP][PASSED] - Statement - driver.findElement(org.openqa.selenium.By.xpath("(//ul[@class='unlinked-grouplist']/li/label)[" + i + 1 + "]")).click(): null

2018-06-14 20:03:21 - [TEST_STEP][PASSED] - Statement - (store_count++): null

2018-06-14 20:03:21 - [TEST_STEP][PASSED] - Statement - println(grouplist.get(i).getText()): null

2018-06-14 20:03:21 - [TEST_STEP][PASSED] - Statement - txt = grouplist.get(i).getText(): null

2018-06-14 20:03:21 - [TEST_STEP][PASSED] - Statement - matched = pattern.matcher(txt).matches(): null

2018-06-14 20:03:21 - [TEST_STEP][PASSED] - Statement - If (matched): null

2018-06-14 20:03:21 - [TEST_STEP][PASSED] - Statement - driver.findElement(org.openqa.selenium.By.xpath("(//ul[@class='unlinked-grouplist']/li/label)[" + i + 1 + "]")).click(): null

2018-06-14 20:03:21 - [TEST_STEP][PASSED] - Statement - (store_count++): null

2018-06-14 20:03:21 - [TEST_STEP][PASSED] - Statement - println(grouplist.get(i).getText()): null

2018-06-14 20:03:21 - [TEST_STEP][PASSED] - Statement - txt = grouplist.get(i).getText(): null

2018-06-14 20:03:21 - [TEST_STEP][PASSED] - Statement - matched = pattern.matcher(txt).matches(): null

2018-06-14 20:03:21 - [TEST_STEP][PASSED] - Statement - If (matched): null

2018-06-14 20:03:21 - [TEST_STEP][PASSED] - Statement - driver.findElement(org.openqa.selenium.By.xpath("(//ul[@class='unlinked-grouplist']/li/label)[" + i + 1 + "]")).click(): null

2018-06-14 20:03:21 - [TEST_STEP][PASSED] - Statement - (store_count++): null

2018-06-14 20:03:21 - [TEST_STEP][PASSED] - Statement - println(grouplist.get(i).getText()): null

2018-06-14 20:03:21 - [TEST_STEP][PASSED] - Statement - txt = grouplist.get(i).getText(): null

2018-06-14 20:03:21 - [TEST_STEP][PASSED] - Statement - matched = pattern.matcher(txt).matches(): null

2018-06-14 20:03:21 - [TEST_STEP][PASSED] - Statement - If (matched): null

2018-06-14 20:03:21 - [TEST_STEP][PASSED] - Statement - driver.findElement(org.openqa.selenium.By.xpath("(//ul[@class='unlinked-grouplist']/li/label)[" + i + 1 + "]")).click(): null

2018-06-14 20:03:21 - [TEST_STEP][PASSED] - Statement - (store_count++): null

2018-06-14 20:03:21 - [TEST_STEP][PASSED] - Statement - println(grouplist.get(i).getText()): null

2018-06-14 20:03:21 - [TEST_STEP][PASSED] - Statement - txt = grouplist.get(i).getText(): null

2018-06-14 20:03:21 - [TEST_STEP][PASSED] - Statement - matched = pattern.matcher(txt).matches(): null

2018-06-14 20:03:21 - [TEST_STEP][PASSED] - Statement - If (matched): null

2018-06-14 20:03:21 - [TEST_STEP][PASSED] - Statement - driver.findElement(org.openqa.selenium.By.xpath("(//ul[@class='unlinked-grouplist']/li/label)[" + i + 1 + "]")).click(): null

2018-06-14 20:03:21 - [TEST_STEP][PASSED] - Statement - (store_count++): null

2018-06-14 20:03:21 - [TEST_STEP][PASSED] - Statement - println(grouplist.get(i).getText()): null

2018-06-14 20:03:21 - [TEST_STEP][PASSED] - Statement - txt = grouplist.get(i).getText(): null

2018-06-14 20:03:21 - [TEST_STEP][PASSED] - Statement - matched = pattern.matcher(txt).matches(): null

2018-06-14 20:03:21 - [TEST_STEP][PASSED] - Statement - If (matched): null

2018-06-14 20:03:21 - [TEST_STEP][PASSED] - Statement - driver.findElement(org.openqa.selenium.By.xpath("(//ul[@class='unlinked-grouplist']/li/label)[" + i + 1 + "]")).click(): null

2018-06-14 20:03:21 - [TEST_STEP][PASSED] - Statement - (store_count++): null

2018-06-14 20:03:21 - [TEST_STEP][PASSED] - Statement - println(grouplist.get(i).getText()): null

2018-06-14 20:03:21 - [TEST_STEP][PASSED] - Statement - txt = grouplist.get(i).getText(): null

2018-06-14 20:03:21 - [TEST_STEP][PASSED] - Statement - matched = pattern.matcher(txt).matches(): null

2018-06-14 20:03:21 - [TEST_STEP][PASSED] - Statement - If (matched): null

2018-06-14 20:03:21 - [TEST_STEP][PASSED] - Statement - driver.findElement(org.openqa.selenium.By.xpath("(//ul[@class='unlinked-grouplist']/li/label)[" + i + 1 + "]")).click(): null

2018-06-14 20:03:21 - [TEST_STEP][PASSED] - Statement - (store_count++): null

2018-06-14 20:03:21 - [TEST_STEP][PASSED] - Statement - println(grouplist.get(i).getText()): null

2018-06-14 20:03:21 - [TEST_STEP][PASSED] - Statement - txt = grouplist.get(i).getText(): null

2018-06-14 20:03:21 - [TEST_STEP][PASSED] - Statement - matched = pattern.matcher(txt).matches(): null

2018-06-14 20:03:21 - [TEST_STEP][PASSED] - Statement - If (matched): null

2018-06-14 20:03:21 - [TEST_STEP][PASSED] - Statement - driver.findElement(org.openqa.selenium.By.xpath("(//ul[@class='unlinked-grouplist']/li/label)[" + i + 1 + "]")).click(): null

2018-06-14 20:03:21 - [TEST_STEP][PASSED] - Statement - (store_count++): null

2018-06-14 20:03:21 - [TEST_STEP][PASSED] - Statement - println(grouplist.get(i).getText()): null

2018-06-14 20:03:21 - [TEST_STEP][PASSED] - Statement - txt = grouplist.get(i).getText(): null

2018-06-14 20:03:21 - [TEST_STEP][PASSED] - Statement - matched = pattern.matcher(txt).matches(): null

2018-06-14 20:03:21 - [TEST_STEP][PASSED] - Statement - If (matched): null

2018-06-14 20:03:21 - [TEST_STEP][PASSED] - Statement - driver.findElement(org.openqa.selenium.By.xpath("(//ul[@class='unlinked-grouplist']/li/label)[" + i + 1 + "]")).click(): null

2018-06-14 20:03:21 - [TEST_STEP][PASSED] - Statement - (store_count++): null

2018-06-14 20:03:21 - [TEST_STEP][PASSED] - Statement - println(grouplist.get(i).getText()): null

2018-06-14 20:03:21 - [TEST_STEP][PASSED] - Statement - txt = grouplist.get(i).getText(): null

2018-06-14 20:03:21 - [TEST_STEP][PASSED] - Statement - matched = pattern.matcher(txt).matches(): null

2018-06-14 20:03:21 - [TEST_STEP][PASSED] - Statement - If (matched): null

2018-06-14 20:03:21 - [TEST_STEP][PASSED] - Statement - driver.findElement(org.openqa.selenium.By.xpath("(//ul[@class='unlinked-grouplist']/li/label)[" + i + 1 + "]")).click(): null

2018-06-14 20:03:21 - [TEST_STEP][PASSED] - Statement - (store_count++): null

2018-06-14 20:03:21 - [TEST_STEP][PASSED] - Statement - println(grouplist.get(i).getText()): null

2018-06-14 20:03:21 - [TEST_STEP][PASSED] - Statement - txt = grouplist.get(i).getText(): null

2018-06-14 20:03:21 - [TEST_STEP][PASSED] - Statement - matched = pattern.matcher(txt).matches(): null

2018-06-14 20:03:21 - [TEST_STEP][PASSED] - Statement - If (matched): null

2018-06-14 20:03:21 - [TEST_STEP][PASSED] - Statement - driver.findElement(org.openqa.selenium.By.xpath("(//ul[@class='unlinked-grouplist']/li/label)[" + i + 1 + "]")).click(): null

2018-06-14 20:03:21 - [TEST_STEP][PASSED] - Statement - (store_count++): null

2018-06-14 20:03:21 - [TEST_STEP][PASSED] - Statement - println(grouplist.get(i).getText()): null

2018-06-14 20:03:21 - [TEST_STEP][PASSED] - Statement - txt = grouplist.get(i).getText(): null

2018-06-14 20:03:21 - [TEST_STEP][PASSED] - Statement - matched = pattern.matcher(txt).matches(): null

2018-06-14 20:03:21 - [TEST_STEP][PASSED] - Statement - If (matched): null

2018-06-14 20:03:21 - [TEST_STEP][PASSED] - Statement - driver.findElement(org.openqa.selenium.By.xpath("(//ul[@class='unlinked-grouplist']/li/label)[" + i + 1 + "]")).click(): null

2018-06-14 20:03:22 - [TEST_STEP][PASSED] - Statement - (store_count++): null

2018-06-14 20:03:22 - [TEST_STEP][PASSED] - Statement - println(grouplist.get(i).getText()): null

2018-06-14 20:03:22 - [TEST_STEP][PASSED] - Statement - txt = grouplist.get(i).getText(): null

2018-06-14 20:03:22 - [TEST_STEP][PASSED] - Statement - matched = pattern.matcher(txt).matches(): null

2018-06-14 20:03:22 - [TEST_STEP][PASSED] - Statement - If (matched): null

2018-06-14 20:03:22 - [TEST_STEP][PASSED] - Statement - driver.findElement(org.openqa.selenium.By.xpath("(//ul[@class='unlinked-grouplist']/li/label)[" + i + 1 + "]")).click(): null

2018-06-14 20:03:22 - [TEST_STEP][PASSED] - Statement - (store_count++): null

2018-06-14 20:03:22 - [TEST_STEP][PASSED] - Statement - println(grouplist.get(i).getText()): null

2018-06-14 20:03:22 - [TEST_STEP][PASSED] - Statement - txt = grouplist.get(i).getText(): null

2018-06-14 20:03:22 - [TEST_STEP][PASSED] - Statement - matched = pattern.matcher(txt).matches(): null

2018-06-14 20:03:22 - [TEST_STEP][PASSED] - Statement - If (matched): null

2018-06-14 20:03:22 - [TEST_STEP][PASSED] - Statement - driver.findElement(org.openqa.selenium.By.xpath("(//ul[@class='unlinked-grouplist']/li/label)[" + i + 1 + "]")).click(): null

2018-06-14 20:03:22 - [TEST_STEP][PASSED] - Statement - (store_count++): null

2018-06-14 20:03:22 - [TEST_STEP][PASSED] - Statement - println(grouplist.get(i).getText()): null

2018-06-14 20:03:22 - [TEST_STEP][PASSED] - Statement - txt = grouplist.get(i).getText(): null

2018-06-14 20:03:22 - [TEST_STEP][PASSED] - Statement - matched = pattern.matcher(txt).matches(): null

2018-06-14 20:03:22 - [TEST_STEP][PASSED] - Statement - If (matched): null

2018-06-14 20:03:22 - [TEST_STEP][PASSED] - Statement - driver.findElement(org.openqa.selenium.By.xpath("(//ul[@class='unlinked-grouplist']/li/label)[" + i + 1 + "]")).click(): null

2018-06-14 20:03:22 - [TEST_STEP][PASSED] - Statement - (store_count++): null

2018-06-14 20:03:22 - [TEST_STEP][PASSED] - Statement - println(grouplist.get(i).getText()): null

2018-06-14 20:03:22 - [TEST_STEP][PASSED] - Statement - txt = grouplist.get(i).getText(): null

2018-06-14 20:03:22 - [TEST_STEP][PASSED] - Statement - matched = pattern.matcher(txt).matches(): null

2018-06-14 20:03:22 - [TEST_STEP][PASSED] - Statement - If (matched): null

2018-06-14 20:03:22 - [TEST_STEP][PASSED] - Statement - driver.findElement(org.openqa.selenium.By.xpath("(//ul[@class='unlinked-grouplist']/li/label)[" + i + 1 + "]")).click(): null

2018-06-14 20:03:22 - [TEST_STEP][PASSED] - Statement - (store_count++): null

2018-06-14 20:03:22 - [TEST_STEP][PASSED] - Statement - println(grouplist.get(i).getText()): null

2018-06-14 20:03:22 - [TEST_STEP][PASSED] - Statement - txt = grouplist.get(i).getText(): null

2018-06-14 20:03:22 - [TEST_STEP][PASSED] - Statement - matched = pattern.matcher(txt).matches(): null

2018-06-14 20:03:22 - [TEST_STEP][PASSED] - Statement - If (matched): null

2018-06-14 20:03:22 - [TEST_STEP][PASSED] - Statement - driver.findElement(org.openqa.selenium.By.xpath("(//ul[@class='unlinked-grouplist']/li/label)[" + i + 1 + "]")).click(): null

2018-06-14 20:03:22 - [TEST_STEP][PASSED] - Statement - (store_count++): null

2018-06-14 20:03:22 - [TEST_STEP][PASSED] - Statement - println(grouplist.get(i).getText()): null

2018-06-14 20:03:22 - [TEST_STEP][PASSED] - Statement - txt = grouplist.get(i).getText(): null

2018-06-14 20:03:22 - [TEST_STEP][PASSED] - Statement - matched = pattern.matcher(txt).matches(): null

2018-06-14 20:03:22 - [TEST_STEP][PASSED] - Statement - If (matched): null

2018-06-14 20:03:22 - [TEST_STEP][PASSED] - Statement - driver.findElement(org.openqa.selenium.By.xpath("(//ul[@class='unlinked-grouplist']/li/label)[" + i + 1 + "]")).click(): null

2018-06-14 20:03:22 - [TEST_STEP][PASSED] - Statement - (store_count++): null

2018-06-14 20:03:22 - [TEST_STEP][PASSED] - Statement - println(grouplist.get(i).getText()): null

2018-06-14 20:03:22 - [TEST_STEP][PASSED] - Statement - txt = grouplist.get(i).getText(): null

2018-06-14 20:03:22 - [TEST_STEP][PASSED] - Statement - matched = pattern.matcher(txt).matches(): null

2018-06-14 20:03:22 - [TEST_STEP][PASSED] - Statement - If (matched): null

2018-06-14 20:03:22 - [TEST_STEP][PASSED] - Statement - driver.findElement(org.openqa.selenium.By.xpath("(//ul[@class='unlinked-grouplist']/li/label)[" + i + 1 + "]")).click(): null

2018-06-14 20:03:22 - [TEST_STEP][PASSED] - Statement - (store_count++): null

2018-06-14 20:03:22 - [TEST_STEP][PASSED] - Statement - println(grouplist.get(i).getText()): null

2018-06-14 20:03:22 - [TEST_STEP][PASSED] - Statement - txt = grouplist.get(i).getText(): null

2018-06-14 20:03:22 - [TEST_STEP][PASSED] - Statement - matched = pattern.matcher(txt).matches(): null

2018-06-14 20:03:22 - [TEST_STEP][PASSED] - Statement - If (matched): null

2018-06-14 20:03:22 - [TEST_STEP][PASSED] - Statement - driver.findElement(org.openqa.selenium.By.xpath("(//ul[@class='unlinked-grouplist']/li/label)[" + i + 1 + "]")).click(): null

2018-06-14 20:03:22 - [TEST_STEP][PASSED] - Statement - (store_count++): null

2018-06-14 20:03:22 - [TEST_STEP][PASSED] - Statement - println(grouplist.get(i).getText()): null

2018-06-14 20:03:22 - [TEST_STEP][PASSED] - Statement - txt = grouplist.get(i).getText(): null

2018-06-14 20:03:22 - [TEST_STEP][PASSED] - Statement - matched = pattern.matcher(txt).matches(): null

2018-06-14 20:03:22 - [TEST_STEP][PASSED] - Statement - If (matched): null

2018-06-14 20:03:22 - [TEST_STEP][PASSED] - Statement - driver.findElement(org.openqa.selenium.By.xpath("(//ul[@class='unlinked-grouplist']/li/label)[" + i + 1 + "]")).click(): null

2018-06-14 20:03:22 - [TEST_STEP][PASSED] - Statement - (store_count++): null

2018-06-14 20:03:22 - [TEST_STEP][PASSED] - Statement - println(grouplist.get(i).getText()): null

2018-06-14 20:03:22 - [TEST_STEP][PASSED] - Statement - txt = grouplist.get(i).getText(): null

2018-06-14 20:03:22 - [TEST_STEP][PASSED] - Statement - matched = pattern.matcher(txt).matches(): null

2018-06-14 20:03:22 - [TEST_STEP][PASSED] - Statement - If (matched): null

2018-06-14 20:03:22 - [TEST_STEP][PASSED] - Statement - driver.findElement(org.openqa.selenium.By.xpath("(//ul[@class='unlinked-grouplist']/li/label)[" + i + 1 + "]")).click(): null

2018-06-14 20:03:22 - [TEST_STEP][PASSED] - Statement - (store_count++): null

2018-06-14 20:03:22 - [TEST_STEP][PASSED] - Statement - println(grouplist.get(i).getText()): null

2018-06-14 20:03:22 - [TEST_STEP][PASSED] - Statement - txt = grouplist.get(i).getText(): null

2018-06-14 20:03:22 - [TEST_STEP][PASSED] - Statement - matched = pattern.matcher(txt).matches(): null

2018-06-14 20:03:22 - [TEST_STEP][PASSED] - Statement - If (matched): null

2018-06-14 20:03:22 - [TEST_STEP][PASSED] - Statement - driver.findElement(org.openqa.selenium.By.xpath("(//ul[@class='unlinked-grouplist']/li/label)[" + i + 1 + "]")).click(): null

2018-06-14 20:03:22 - [TEST_STEP][PASSED] - Statement - (store_count++): null

2018-06-14 20:03:22 - [TEST_STEP][PASSED] - Statement - println(grouplist.get(i).getText()): null

2018-06-14 20:03:22 - [TEST_STEP][PASSED] - Statement - txt = grouplist.get(i).getText(): null

2018-06-14 20:03:22 - [TEST_STEP][PASSED] - Statement - matched = pattern.matcher(txt).matches(): null

2018-06-14 20:03:22 - [TEST_STEP][PASSED] - Statement - If (matched): null

2018-06-14 20:03:22 - [TEST_STEP][PASSED] - Statement - driver.findElement(org.openqa.selenium.By.xpath("(//ul[@class='unlinked-grouplist']/li/label)[" + i + 1 + "]")).click(): null

2018-06-14 20:03:23 - [TEST_STEP][PASSED] - Statement - (store_count++): null

2018-06-14 20:03:23 - [TEST_STEP][PASSED] - Statement - println(grouplist.get(i).getText()): null

2018-06-14 20:03:23 - [TEST_STEP][PASSED] - Statement - txt = grouplist.get(i).getText(): null

2018-06-14 20:03:23 - [TEST_STEP][PASSED] - Statement - matched = pattern.matcher(txt).matches(): null

2018-06-14 20:03:23 - [TEST_STEP][PASSED] - Statement - If (matched): null

2018-06-14 20:03:23 - [TEST_STEP][PASSED] - Statement - driver.findElement(org.openqa.selenium.By.xpath("(//ul[@class='unlinked-grouplist']/li/label)[" + i + 1 + "]")).click(): null

2018-06-14 20:03:23 - [TEST_STEP][PASSED] - Statement - (store_count++): null

2018-06-14 20:03:23 - [TEST_STEP][PASSED] - Statement - println(grouplist.get(i).getText()): null

2018-06-14 20:03:23 - [TEST_STEP][PASSED] - Statement - txt = grouplist.get(i).getText(): null

2018-06-14 20:03:23 - [TEST_STEP][PASSED] - Statement - matched = pattern.matcher(txt).matches(): null

2018-06-14 20:03:23 - [TEST_STEP][PASSED] - Statement - If (matched): null

2018-06-14 20:03:23 - [TEST_STEP][PASSED] - Statement - driver.findElement(org.openqa.selenium.By.xpath("(//ul[@class='unlinked-grouplist']/li/label)[" + i + 1 + "]")).click(): null

2018-06-14 20:03:23 - [TEST_STEP][PASSED] - Statement - (store_count++): null

2018-06-14 20:03:23 - [TEST_STEP][PASSED] - Statement - println(grouplist.get(i).getText()): null

2018-06-14 20:03:23 - [TEST_STEP][PASSED] - Statement - txt = grouplist.get(i).getText(): null

2018-06-14 20:03:23 - [TEST_STEP][PASSED] - Statement - matched = pattern.matcher(txt).matches(): null

2018-06-14 20:03:23 - [TEST_STEP][PASSED] - Statement - If (matched): null

2018-06-14 20:03:23 - [TEST_STEP][PASSED] - Statement - driver.findElement(org.openqa.selenium.By.xpath("(//ul[@class='unlinked-grouplist']/li/label)[" + i + 1 + "]")).click(): null

2018-06-14 20:03:23 - [TEST_STEP][PASSED] - Statement - (store_count++): null

2018-06-14 20:03:23 - [TEST_STEP][PASSED] - Statement - println(grouplist.get(i).getText()): null

2018-06-14 20:03:23 - [TEST_STEP][PASSED] - Statement - txt = grouplist.get(i).getText(): null

2018-06-14 20:03:23 - [TEST_STEP][PASSED] - Statement - matched = pattern.matcher(txt).matches(): null

2018-06-14 20:03:23 - [TEST_STEP][PASSED] - Statement - If (matched): null

2018-06-14 20:03:23 - [TEST_STEP][PASSED] - Statement - driver.findElement(org.openqa.selenium.By.xpath("(//ul[@class='unlinked-grouplist']/li/label)[" + i + 1 + "]")).click(): null

2018-06-14 20:03:23 - [TEST_STEP][PASSED] - Statement - (store_count++): null

2018-06-14 20:03:23 - [TEST_STEP][PASSED] - Statement - println(grouplist.get(i).getText()): null

2018-06-14 20:03:23 - [TEST_STEP][PASSED] - Statement - txt = grouplist.get(i).getText(): null

2018-06-14 20:03:23 - [TEST_STEP][PASSED] - Statement - matched = pattern.matcher(txt).matches(): null

2018-06-14 20:03:23 - [TEST_STEP][PASSED] - Statement - If (matched): null

2018-06-14 20:03:23 - [TEST_STEP][PASSED] - Statement - driver.findElement(org.openqa.selenium.By.xpath("(//ul[@class='unlinked-grouplist']/li/label)[" + i + 1 + "]")).click(): null

2018-06-14 20:03:23 - [TEST_STEP][PASSED] - Statement - (store_count++): null

2018-06-14 20:03:23 - [TEST_STEP][PASSED] - Statement - println(grouplist.get(i).getText()): null

2018-06-14 20:03:23 - [TEST_STEP][PASSED] - Statement - txt = grouplist.get(i).getText(): null

2018-06-14 20:03:23 - [TEST_STEP][PASSED] - Statement - matched = pattern.matcher(txt).matches(): null

2018-06-14 20:03:23 - [TEST_STEP][PASSED] - Statement - If (matched): null

2018-06-14 20:03:23 - [TEST_STEP][PASSED] - Statement - driver.findElement(org.openqa.selenium.By.xpath("(//ul[@class='unlinked-grouplist']/li/label)[" + i + 1 + "]")).click(): null

2018-06-14 20:03:23 - [TEST_STEP][PASSED] - Statement - (store_count++): null

2018-06-14 20:03:23 - [TEST_STEP][PASSED] - Statement - println(grouplist.get(i).getText()): null

2018-06-14 20:03:23 - [TEST_STEP][PASSED] - Statement - txt = grouplist.get(i).getText(): null

2018-06-14 20:03:23 - [TEST_STEP][PASSED] - Statement - matched = pattern.matcher(txt).matches(): null

2018-06-14 20:03:23 - [TEST_STEP][PASSED] - Statement - If (matched): null

2018-06-14 20:03:23 - [TEST_STEP][PASSED] - Statement - driver.findElement(org.openqa.selenium.By.xpath("(//ul[@class='unlinked-grouplist']/li/label)[" + i + 1 + "]")).click(): null

2018-06-14 20:03:23 - [TEST_STEP][PASSED] - Statement - (store_count++): null

2018-06-14 20:03:23 - [TEST_STEP][PASSED] - Statement - println(grouplist.get(i).getText()): null

2018-06-14 20:03:23 - [TEST_STEP][PASSED] - Statement - txt = grouplist.get(i).getText(): null

2018-06-14 20:03:23 - [TEST_STEP][PASSED] - Statement - matched = pattern.matcher(txt).matches(): null

2018-06-14 20:03:23 - [TEST_STEP][PASSED] - Statement - If (matched): null

2018-06-14 20:03:23 - [TEST_STEP][PASSED] - Statement - driver.findElement(org.openqa.selenium.By.xpath("(//ul[@class='unlinked-grouplist']/li/label)[" + i + 1 + "]")).click(): null

2018-06-14 20:03:23 - [TEST_STEP][PASSED] - Statement - (store_count++): null

2018-06-14 20:03:23 - [TEST_STEP][PASSED] - Statement - println(grouplist.get(i).getText()): null

2018-06-14 20:03:23 - [TEST_STEP][PASSED] - Statement - txt = grouplist.get(i).getText(): null

2018-06-14 20:03:23 - [TEST_STEP][PASSED] - Statement - matched = pattern.matcher(txt).matches(): null

2018-06-14 20:03:23 - [TEST_STEP][PASSED] - Statement - If (matched): null

2018-06-14 20:03:23 - [TEST_STEP][PASSED] - Statement - driver.findElement(org.openqa.selenium.By.xpath("(//ul[@class='unlinked-grouplist']/li/label)[" + i + 1 + "]")).click(): null

2018-06-14 20:03:23 - [TEST_STEP][PASSED] - Statement - (store_count++): null

2018-06-14 20:03:23 - [TEST_STEP][PASSED] - Statement - println(grouplist.get(i).getText()): null

2018-06-14 20:03:23 - [TEST_STEP][PASSED] - Statement - txt = grouplist.get(i).getText(): null

2018-06-14 20:03:23 - [TEST_STEP][PASSED] - Statement - matched = pattern.matcher(txt).matches(): null

2018-06-14 20:03:23 - [TEST_STEP][PASSED] - Statement - If (matched): null

2018-06-14 20:03:23 - [TEST_STEP][PASSED] - Statement - driver.findElement(org.openqa.selenium.By.xpath("(//ul[@class='unlinked-grouplist']/li/label)[" + i + 1 + "]")).click(): null

2018-06-14 20:03:23 - [TEST_STEP][PASSED] - Statement - (store_count++): null

2018-06-14 20:03:23 - [TEST_STEP][PASSED] - Statement - println(grouplist.get(i).getText()): null

2018-06-14 20:03:23 - [TEST_STEP][PASSED] - Statement - txt = grouplist.get(i).getText(): null

2018-06-14 20:03:23 - [TEST_STEP][PASSED] - Statement - matched = pattern.matcher(txt).matches(): null

2018-06-14 20:03:23 - [TEST_STEP][PASSED] - Statement - If (matched): null

2018-06-14 20:03:23 - [TEST_STEP][PASSED] - Statement - driver.findElement(org.openqa.selenium.By.xpath("(//ul[@class='unlinked-grouplist']/li/label)[" + i + 1 + "]")).click(): null

2018-06-14 20:03:23 - [TEST_STEP][PASSED] - Statement - (store_count++): null

2018-06-14 20:03:23 - [TEST_STEP][PASSED] - Statement - println(grouplist.get(i).getText()): null

2018-06-14 20:03:23 - [TEST_STEP][PASSED] - Statement - txt = grouplist.get(i).getText(): null

2018-06-14 20:03:23 - [TEST_STEP][PASSED] - Statement - matched = pattern.matcher(txt).matches(): null

2018-06-14 20:03:23 - [TEST_STEP][PASSED] - Statement - If (matched): null

2018-06-14 20:03:23 - [TEST_STEP][PASSED] - Statement - driver.findElement(org.openqa.selenium.By.xpath("(//ul[@class='unlinked-grouplist']/li/label)[" + i + 1 + "]")).click(): null

2018-06-14 20:03:24 - [TEST_STEP][PASSED] - Statement - (store_count++): null

2018-06-14 20:03:24 - [TEST_STEP][PASSED] - Statement - println(grouplist.get(i).getText()): null

2018-06-14 20:03:24 - [TEST_STEP][PASSED] - Statement - txt = grouplist.get(i).getText(): null

2018-06-14 20:03:24 - [TEST_STEP][PASSED] - Statement - matched = pattern.matcher(txt).matches(): null

2018-06-14 20:03:24 - [TEST_STEP][PASSED] - Statement - If (matched): null

2018-06-14 20:03:24 - [TEST_STEP][PASSED] - Statement - driver.findElement(org.openqa.selenium.By.xpath("(//ul[@class='unlinked-grouplist']/li/label)[" + i + 1 + "]")).click(): null

2018-06-14 20:03:24 - [TEST_STEP][PASSED] - Statement - (store_count++): null

2018-06-14 20:03:24 - [TEST_STEP][PASSED] - Statement - println(grouplist.get(i).getText()): null

2018-06-14 20:03:24 - [TEST_STEP][PASSED] - Statement - txt = grouplist.get(i).getText(): null

2018-06-14 20:03:24 - [TEST_STEP][PASSED] - Statement - matched = pattern.matcher(txt).matches(): null

2018-06-14 20:03:24 - [TEST_STEP][PASSED] - Statement - If (matched): null

2018-06-14 20:03:24 - [TEST_STEP][PASSED] - Statement - driver.findElement(org.openqa.selenium.By.xpath("(//ul[@class='unlinked-grouplist']/li/label)[" + i + 1 + "]")).click(): null

2018-06-14 20:03:24 - [TEST_STEP][PASSED] - Statement - (store_count++): null

2018-06-14 20:03:24 - [TEST_STEP][PASSED] - Statement - println(grouplist.get(i).getText()): null

2018-06-14 20:03:24 - [TEST_STEP][PASSED] - Statement - txt = grouplist.get(i).getText(): null

2018-06-14 20:03:24 - [TEST_STEP][PASSED] - Statement - matched = pattern.matcher(txt).matches(): null

2018-06-14 20:03:24 - [TEST_STEP][PASSED] - Statement - If (matched): null

2018-06-14 20:03:24 - [TEST_STEP][PASSED] - Statement - driver.findElement(org.openqa.selenium.By.xpath("(//ul[@class='unlinked-grouplist']/li/label)[" + i + 1 + "]")).click(): null

2018-06-14 20:03:24 - [TEST_STEP][PASSED] - Statement - (store_count++): null

2018-06-14 20:03:24 - [TEST_STEP][PASSED] - Statement - println(grouplist.get(i).getText()): null

2018-06-14 20:03:24 - [TEST_STEP][PASSED] - Statement - txt = grouplist.get(i).getText(): null

2018-06-14 20:03:24 - [TEST_STEP][PASSED] - Statement - matched = pattern.matcher(txt).matches(): null

2018-06-14 20:03:24 - [TEST_STEP][PASSED] - Statement - If (matched): null

2018-06-14 20:03:24 - [TEST_STEP][PASSED] - Statement - driver.findElement(org.openqa.selenium.By.xpath("(//ul[@class='unlinked-grouplist']/li/label)[" + i + 1 + "]")).click(): null

2018-06-14 20:03:24 - [TEST_STEP][PASSED] - Statement - (store_count++): null

2018-06-14 20:03:24 - [TEST_STEP][PASSED] - Statement - println(grouplist.get(i).getText()): null

2018-06-14 20:03:24 - [TEST_STEP][PASSED] - Statement - txt = grouplist.get(i).getText(): null

2018-06-14 20:03:24 - [TEST_STEP][PASSED] - Statement - matched = pattern.matcher(txt).matches(): null

2018-06-14 20:03:24 - [TEST_STEP][PASSED] - Statement - If (matched): null

2018-06-14 20:03:24 - [TEST_STEP][PASSED] - Statement - driver.findElement(org.openqa.selenium.By.xpath("(//ul[@class='unlinked-grouplist']/li/label)[" + i + 1 + "]")).click(): null

2018-06-14 20:03:24 - [TEST_STEP][PASSED] - Statement - (store_count++): null

2018-06-14 20:03:24 - [TEST_STEP][PASSED] - Statement - println(grouplist.get(i).getText()): null

2018-06-14 20:03:24 - [TEST_STEP][PASSED] - Statement - txt = grouplist.get(i).getText(): null

2018-06-14 20:03:24 - [TEST_STEP][PASSED] - Statement - matched = pattern.matcher(txt).matches(): null

2018-06-14 20:03:24 - [TEST_STEP][PASSED] - Statement - If (matched): null

2018-06-14 20:03:24 - [TEST_STEP][PASSED] - Statement - driver.findElement(org.openqa.selenium.By.xpath("(//ul[@class='unlinked-grouplist']/li/label)[" + i + 1 + "]")).click(): null

2018-06-14 20:03:24 - [TEST_STEP][PASSED] - Statement - (store_count++): null

2018-06-14 20:03:24 - [TEST_STEP][PASSED] - Statement - println(grouplist.get(i).getText()): null

2018-06-14 20:03:24 - [TEST_STEP][PASSED] - Statement - txt = grouplist.get(i).getText(): null

2018-06-14 20:03:24 - [TEST_STEP][PASSED] - Statement - matched = pattern.matcher(txt).matches(): null

2018-06-14 20:03:24 - [TEST_STEP][PASSED] - Statement - If (matched): null

2018-06-14 20:03:24 - [TEST_STEP][PASSED] - Statement - driver.findElement(org.openqa.selenium.By.xpath("(//ul[@class='unlinked-grouplist']/li/label)[" + i + 1 + "]")).click(): null

2018-06-14 20:03:24 - [TEST_STEP][PASSED] - Statement - (store_count++): null

2018-06-14 20:03:24 - [TEST_STEP][PASSED] - Statement - println(grouplist.get(i).getText()): null

2018-06-14 20:03:24 - [TEST_STEP][PASSED] - Statement - txt = grouplist.get(i).getText(): null

2018-06-14 20:03:24 - [TEST_STEP][PASSED] - Statement - matched = pattern.matcher(txt).matches(): null

2018-06-14 20:03:24 - [TEST_STEP][PASSED] - Statement - If (matched): null

2018-06-14 20:03:24 - [TEST_STEP][PASSED] - Statement - driver.findElement(org.openqa.selenium.By.xpath("(//ul[@class='unlinked-grouplist']/li/label)[" + i + 1 + "]")).click(): null

2018-06-14 20:03:24 - [TEST_STEP][PASSED] - Statement - (store_count++): null

2018-06-14 20:03:24 - [TEST_STEP][PASSED] - Statement - println(grouplist.get(i).getText()): null

2018-06-14 20:03:24 - [TEST_STEP][PASSED] - Statement - txt = grouplist.get(i).getText(): null

2018-06-14 20:03:24 - [TEST_STEP][PASSED] - Statement - matched = pattern.matcher(txt).matches(): null

2018-06-14 20:03:24 - [TEST_STEP][PASSED] - Statement - If (matched): null

2018-06-14 20:03:24 - [TEST_STEP][PASSED] - Statement - driver.findElement(org.openqa.selenium.By.xpath("(//ul[@class='unlinked-grouplist']/li/label)[" + i + 1 + "]")).click(): null

2018-06-14 20:03:24 - [TEST_STEP][PASSED] - Statement - (store_count++): null

2018-06-14 20:03:24 - [TEST_STEP][PASSED] - Statement - println(grouplist.get(i).getText()): null

2018-06-14 20:03:24 - [TEST_STEP][PASSED] - Statement - txt = grouplist.get(i).getText(): null

2018-06-14 20:03:24 - [TEST_STEP][PASSED] - Statement - matched = pattern.matcher(txt).matches(): null

2018-06-14 20:03:24 - [TEST_STEP][PASSED] - Statement - If (matched): null

2018-06-14 20:03:24 - [TEST_STEP][PASSED] - Statement - driver.findElement(org.openqa.selenium.By.xpath("(//ul[@class='unlinked-grouplist']/li/label)[" + i + 1 + "]")).click(): null

2018-06-14 20:03:24 - [TEST_STEP][PASSED] - Statement - (store_count++): null

2018-06-14 20:03:24 - [TEST_STEP][PASSED] - Statement - println(grouplist.get(i).getText()): null

2018-06-14 20:03:24 - [TEST_STEP][PASSED] - Statement - txt = grouplist.get(i).getText(): null

2018-06-14 20:03:24 - [TEST_STEP][PASSED] - Statement - matched = pattern.matcher(txt).matches(): null

2018-06-14 20:03:24 - [TEST_STEP][PASSED] - Statement - If (matched): null

2018-06-14 20:03:24 - [TEST_STEP][PASSED] - Statement - driver.findElement(org.openqa.selenium.By.xpath("(//ul[@class='unlinked-grouplist']/li/label)[" + i + 1 + "]")).click(): null

2018-06-14 20:03:24 - [TEST_STEP][PASSED] - Statement - (store_count++): null

2018-06-14 20:03:24 - [TEST_STEP][PASSED] - Statement - println(grouplist.get(i).getText()): null

2018-06-14 20:03:24 - [TEST_STEP][PASSED] - Statement - txt = grouplist.get(i).getText(): null

2018-06-14 20:03:24 - [TEST_STEP][PASSED] - Statement - matched = pattern.matcher(txt).matches(): null

2018-06-14 20:03:24 - [TEST_STEP][PASSED] - Statement - If (matched): null

2018-06-14 20:03:24 - [TEST_STEP][PASSED] - Statement - driver.findElement(org.openqa.selenium.By.xpath("(//ul[@class='unlinked-grouplist']/li/label)[" + i + 1 + "]")).click(): null

2018-06-14 20:03:25 - [TEST_STEP][PASSED] - Statement - (store_count++): null

2018-06-14 20:03:25 - [TEST_STEP][PASSED] - Statement - println(grouplist.get(i).getText()): null

2018-06-14 20:03:25 - [TEST_STEP][PASSED] - Statement - txt = grouplist.get(i).getText(): null

2018-06-14 20:03:25 - [TEST_STEP][PASSED] - Statement - matched = pattern.matcher(txt).matches(): null

2018-06-14 20:03:25 - [TEST_STEP][PASSED] - Statement - If (matched): null

2018-06-14 20:03:25 - [TEST_STEP][PASSED] - Statement - driver.findElement(org.openqa.selenium.By.xpath("(//ul[@class='unlinked-grouplist']/li/label)[" + i + 1 + "]")).click(): null

2018-06-14 20:03:25 - [TEST_STEP][PASSED] - Statement - (store_count++): null

2018-06-14 20:03:25 - [TEST_STEP][PASSED] - Statement - driver.findElement(org.openqa.selenium.By.xpath("//button[contains(text(),'>')]")).click(): null

2018-06-14 20:03:25 - [TEST_STEP][PASSED] - uiaction.CommonUIActions.click: uiaction.CommonUIActions.click is PASSED

2018-06-14 20:03:25 - [MESSAGE][PASSED] - uiaction.CommonUIActions.click is PASSED

2018-06-14 20:03:25 - [TEST_STEP][PASSED] - delay: Delayed 5 second(s)

2018-06-14 20:03:30 - [MESSAGE][PASSED] - Delayed 5 second(s)

2018-06-14 20:03:30 - [TEST_STEP][PASSED] - uiaction.CommonUIActions.click: uiaction.CommonUIActions.click is PASSED

2018-06-14 20:03:30 - [MESSAGE][PASSED] - uiaction.CommonUIActions.click is PASSED

2018-06-14 20:03:30 - [TEST_STEP][PASSED] - delay: Delayed 5 second(s)

2018-06-14 20:03:35 - [MESSAGE][PASSED] - Delayed 5 second(s)

2018-06-14 20:03:35 - [TEST_STEP][PASSED] - Statement - groupmain = CustomKeywords.projectSpecific.Reusability.getTestData("ReportingGroupManagementPage", "Groupwith250Stores"): projectSpecific.Reusability.getTestData is PASSED

2018-06-14 20:03:35 - [MESSAGE][PASSED] - projectSpecific.Reusability.getTestData is PASSED

2018-06-14 20:03:35 - [TEST_STEP][PASSED] - Statement - driver.findElement(org.openqa.selenium.By.xpath("//span[contains(text(),'" + groupmain + "')]/../../../../span[2]")).click(): null

2018-06-14 20:03:35 - [TEST_STEP][PASSED] - Statement - list_of_storein_critiria = driver.findElements(org.openqa.selenium.By.xpath("//div[@class='container criteria']//span[@class='criteriaHeading']/following-sibling::span")): null

2018-06-14 20:03:35 - [TEST_STEP][PASSED] - Statement - If (list_of_storein_critiria.size().equals(store_count)): null

2018-06-14 20:03:35 - [TEST_STEP][PASSED] - Statement - println("Store is displayed in Criteria free text box"): null

2018-06-14 20:03:35 - [TEST_STEP][PASSED] - delay: Delayed 5 second(s)

2018-06-14 20:03:40 - [MESSAGE][PASSED] - Delayed 5 second(s)

2018-06-14 20:03:40 - [TEST_STEP][PASSED] - click: Object: 'Object Repository/ReportsPage/fromDateSelector' is clicked on

2018-06-14 20:03:40 - [MESSAGE][PASSED] - Object: 'Object Repository/ReportsPage/fromDateSelector' is clicked on

2018-06-14 20:03:40 - [TEST_STEP][PASSED] - delay: Delayed 5 second(s)

2018-06-14 20:03:45 - [MESSAGE][PASSED] - Delayed 5 second(s)

2018-06-14 20:03:45 - [TEST_STEP][PASSED] - Statement - monthText = com.kms.katalon.core.webui.keyword.WebUiBuiltInKeywords.getText(com.kms.katalon.core.testobject.ObjectRepository.findTestObject(ReportsPage/monthText)): Text of object 'Object Repository/ReportsPage/monthText' is: 'June 2018'

2018-06-14 20:03:45 - [MESSAGE][PASSED] - Text of object 'Object Repository/ReportsPage/monthText' is: 'June 2018'

2018-06-14 20:03:45 - [TEST_STEP][PASSED] - Statement - monthTextArray = monthText.split(" "): null

2018-06-14 20:03:45 - [TEST_STEP][PASSED] - Statement - month = monthTextArray[0]: null

2018-06-14 20:03:45 - [TEST_STEP][PASSED] - Statement - monthTextValue = CustomKeywords.projectSpecific.Reusability.getTestData("ReportsPage", "JanMonth"): projectSpecific.Reusability.getTestData is PASSED

2018-06-14 20:03:45 - [MESSAGE][PASSED] - projectSpecific.Reusability.getTestData is PASSED

2018-06-14 20:03:45 - [TEST_STEP][PASSED] - Statement - If (!(monthTextValue.equals(month))): null

2018-06-14 20:03:45 - [TEST_STEP][PASSED] - Statement - While (!(monthTextValue.equals(month))): null

2018-06-14 20:03:45 - [TEST_STEP][PASSED] - click: Object: 'Object Repository/ReportsPage/previousDateSelector' is clicked on

2018-06-14 20:03:45 - [MESSAGE][PASSED] - Object: 'Object Repository/ReportsPage/previousDateSelector' is clicked on

2018-06-14 20:03:45 - [TEST_STEP][PASSED] - Statement - monthText = com.kms.katalon.core.webui.keyword.WebUiBuiltInKeywords.getText(com.kms.katalon.core.testobject.ObjectRepository.findTestObject(ReportsPage/monthText)): Text of object 'Object Repository/ReportsPage/monthText' is: 'May 2018'

2018-06-14 20:03:45 - [MESSAGE][PASSED] - Text of object 'Object Repository/ReportsPage/monthText' is: 'May 2018'

2018-06-14 20:03:45 - [TEST_STEP][PASSED] - Statement - monthTextArray = monthText.split(" "): null

2018-06-14 20:03:45 - [TEST_STEP][PASSED] - Statement - month = monthTextArray[0]: null

2018-06-14 20:03:45 - [TEST_STEP][PASSED] - click: Object: 'Object Repository/ReportsPage/previousDateSelector' is clicked on

2018-06-14 20:03:45 - [MESSAGE][PASSED] - Object: 'Object Repository/ReportsPage/previousDateSelector' is clicked on

2018-06-14 20:03:45 - [TEST_STEP][PASSED] - Statement - monthText = com.kms.katalon.core.webui.keyword.WebUiBuiltInKeywords.getText(com.kms.katalon.core.testobject.ObjectRepository.findTestObject(ReportsPage/monthText)): Text of object 'Object Repository/ReportsPage/monthText' is: 'April 2018'

2018-06-14 20:03:45 - [MESSAGE][PASSED] - Text of object 'Object Repository/ReportsPage/monthText' is: 'April 2018'

2018-06-14 20:03:45 - [TEST_STEP][PASSED] - Statement - monthTextArray = monthText.split(" "): null

2018-06-14 20:03:45 - [TEST_STEP][PASSED] - Statement - month = monthTextArray[0]: null

2018-06-14 20:03:45 - [TEST_STEP][PASSED] - click: Object: 'Object Repository/ReportsPage/previousDateSelector' is clicked on

2018-06-14 20:03:45 - [MESSAGE][PASSED] - Object: 'Object Repository/ReportsPage/previousDateSelector' is clicked on

2018-06-14 20:03:45 - [TEST_STEP][PASSED] - Statement - monthText = com.kms.katalon.core.webui.keyword.WebUiBuiltInKeywords.getText(com.kms.katalon.core.testobject.ObjectRepository.findTestObject(ReportsPage/monthText)): Text of object 'Object Repository/ReportsPage/monthText' is: 'March 2018'

2018-06-14 20:03:45 - [MESSAGE][PASSED] - Text of object 'Object Repository/ReportsPage/monthText' is: 'March 2018'

2018-06-14 20:03:45 - [TEST_STEP][PASSED] - Statement - monthTextArray = monthText.split(" "): null

2018-06-14 20:03:45 - [TEST_STEP][PASSED] - Statement - month = monthTextArray[0]: null

2018-06-14 20:03:45 - [TEST_STEP][PASSED] - click: Object: 'Object Repository/ReportsPage/previousDateSelector' is clicked on

2018-06-14 20:03:45 - [MESSAGE][PASSED] - Object: 'Object Repository/ReportsPage/previousDateSelector' is clicked on

2018-06-14 20:03:45 - [TEST_STEP][PASSED] - Statement - monthText = com.kms.katalon.core.webui.keyword.WebUiBuiltInKeywords.getText(com.kms.katalon.core.testobject.ObjectRepository.findTestObject(ReportsPage/monthText)): Text of object 'Object Repository/ReportsPage/monthText' is: 'February 2018'

2018-06-14 20:03:45 - [MESSAGE][PASSED] - Text of object 'Object Repository/ReportsPage/monthText' is: 'February 2018'

2018-06-14 20:03:45 - [TEST_STEP][PASSED] - Statement - monthTextArray = monthText.split(" "): null

2018-06-14 20:03:45 - [TEST_STEP][PASSED] - Statement - month = monthTextArray[0]: null

2018-06-14 20:03:45 - [TEST_STEP][PASSED] - click: Object: 'Object Repository/ReportsPage/previousDateSelector' is clicked on

2018-06-14 20:03:45 - [MESSAGE][PASSED] - Object: 'Object Repository/ReportsPage/previousDateSelector' is clicked on

2018-06-14 20:03:45 - [TEST_STEP][PASSED] - Statement - monthText = com.kms.katalon.core.webui.keyword.WebUiBuiltInKeywords.getText(com.kms.katalon.core.testobject.ObjectRepository.findTestObject(ReportsPage/monthText)): Text of object 'Object Repository/ReportsPage/monthText' is: 'January 2018'

2018-06-14 20:03:45 - [MESSAGE][PASSED] - Text of object 'Object Repository/ReportsPage/monthText' is: 'January 2018'

2018-06-14 20:03:45 - [TEST_STEP][PASSED] - Statement - monthTextArray = monthText.split(" "): null

2018-06-14 20:03:45 - [TEST_STEP][PASSED] - Statement - month = monthTextArray[0]: null

2018-06-14 20:03:45 - [TEST_STEP][PASSED] - Statement - data = CustomKeywords.projectSpecific.Reusability.getTestData("ReportsPage", "StartDate"): projectSpecific.Reusability.getTestData is PASSED

2018-06-14 20:03:45 - [MESSAGE][PASSED] - projectSpecific.Reusability.getTestData is PASSED

2018-06-14 20:03:45 - [TEST_STEP][PASSED] - Statement - startDate = "(//td[text()='" + data + "'])[1]": null

2018-06-14 20:03:45 - [TEST_STEP][PASSED] - Statement - println(startDate): null

2018-06-14 20:03:45 - [TEST_STEP][PASSED] - Statement - startdateEle = driver.findElement(org.openqa.selenium.By.xpath(startDate)): null

2018-06-14 20:03:45 - [TEST_STEP][PASSED] - Statement - startdateEle.click(): null

2018-06-14 20:03:46 - [TEST_STEP][PASSED] - delay: Delayed 5 second(s)

2018-06-14 20:03:51 - [MESSAGE][PASSED] - Delayed 5 second(s)

2018-06-14 20:03:51 - [TEST_STEP][PASSED] - click: Object: 'Object Repository/ReportsPage/toDateSelector' is clicked on

2018-06-14 20:03:51 - [MESSAGE][PASSED] - Object: 'Object Repository/ReportsPage/toDateSelector' is clicked on

2018-06-14 20:03:51 - [TEST_STEP][PASSED] - Statement - monthText = com.kms.katalon.core.webui.keyword.WebUiBuiltInKeywords.getText(com.kms.katalon.core.testobject.ObjectRepository.findTestObject(ReportsPage/monthText2)): Text of object 'Object Repository/ReportsPage/monthText2' is: 'June 2018'

2018-06-14 20:03:51 - [MESSAGE][PASSED] - Text of object 'Object Repository/ReportsPage/monthText2' is: 'June 2018'

2018-06-14 20:03:51 - [TEST_STEP][PASSED] - Statement - monthTextArray = monthText.split(" "): null

2018-06-14 20:03:51 - [TEST_STEP][PASSED] - Statement - month = monthTextArray[0]: null

2018-06-14 20:03:51 - [TEST_STEP][PASSED] - Statement - monthTextValue1 = CustomKeywords.projectSpecific.Reusability.getTestData("ReportsPage", "Month"): projectSpecific.Reusability.getTestData is PASSED

2018-06-14 20:03:51 - [MESSAGE][PASSED] - projectSpecific.Reusability.getTestData is PASSED

2018-06-14 20:03:51 - [TEST_STEP][PASSED] - Statement - If (!(monthTextValue1.equals(month))): null

2018-06-14 20:03:51 - [TEST_STEP][PASSED] - Statement - While (!(monthTextValue1.equals(month))): null

2018-06-14 20:03:51 - [TEST_STEP][PASSED] - click: Object: 'Object Repository/ReportsPage/previousDateSelector2' is clicked on

2018-06-14 20:03:51 - [MESSAGE][PASSED] - Object: 'Object Repository/ReportsPage/previousDateSelector2' is clicked on

2018-06-14 20:03:51 - [TEST_STEP][PASSED] - Statement - monthText = com.kms.katalon.core.webui.keyword.WebUiBuiltInKeywords.getText(com.kms.katalon.core.testobject.ObjectRepository.findTestObject(ReportsPage/monthText2)): Text of object 'Object Repository/ReportsPage/monthText2' is: 'May 2018'

2018-06-14 20:03:51 - [MESSAGE][PASSED] - Text of object 'Object Repository/ReportsPage/monthText2' is: 'May 2018'

2018-06-14 20:03:51 - [TEST_STEP][PASSED] - Statement - monthTextArray = monthText.split(" "): null

2018-06-14 20:03:51 - [TEST_STEP][PASSED] - Statement - month = monthTextArray[0]: null

2018-06-14 20:03:51 - [TEST_STEP][PASSED] - click: Object: 'Object Repository/ReportsPage/previousDateSelector2' is clicked on

2018-06-14 20:03:51 - [MESSAGE][PASSED] - Object: 'Object Repository/ReportsPage/previousDateSelector2' is clicked on

2018-06-14 20:03:51 - [TEST_STEP][PASSED] - Statement - monthText = com.kms.katalon.core.webui.keyword.WebUiBuiltInKeywords.getText(com.kms.katalon.core.testobject.ObjectRepository.findTestObject(ReportsPage/monthText2)): Text of object 'Object Repository/ReportsPage/monthText2' is: 'April 2018'

2018-06-14 20:03:51 - [MESSAGE][PASSED] - Text of object 'Object Repository/ReportsPage/monthText2' is: 'April 2018'

2018-06-14 20:03:51 - [TEST_STEP][PASSED] - Statement - monthTextArray = monthText.split(" "): null

2018-06-14 20:03:51 - [TEST_STEP][PASSED] - Statement - month = monthTextArray[0]: null

2018-06-14 20:03:51 - [TEST_STEP][PASSED] - click: Object: 'Object Repository/ReportsPage/previousDateSelector2' is clicked on

2018-06-14 20:03:51 - [MESSAGE][PASSED] - Object: 'Object Repository/ReportsPage/previousDateSelector2' is clicked on

2018-06-14 20:03:51 - [TEST_STEP][PASSED] - Statement - monthText = com.kms.katalon.core.webui.keyword.WebUiBuiltInKeywords.getText(com.kms.katalon.core.testobject.ObjectRepository.findTestObject(ReportsPage/monthText2)): Text of object 'Object Repository/ReportsPage/monthText2' is: 'March 2018'

2018-06-14 20:03:51 - [MESSAGE][PASSED] - Text of object 'Object Repository/ReportsPage/monthText2' is: 'March 2018'

2018-06-14 20:03:51 - [TEST_STEP][PASSED] - Statement - monthTextArray = monthText.split(" "): null

2018-06-14 20:03:51 - [TEST_STEP][PASSED] - Statement - month = monthTextArray[0]: null

2018-06-14 20:03:51 - [TEST_STEP][PASSED] - Statement - endDate = CustomKeywords.projectSpecific.Reusability.getTestData("ReportsPage", "EndDate_March"): projectSpecific.Reusability.getTestData is PASSED

2018-06-14 20:03:51 - [MESSAGE][PASSED] - projectSpecific.Reusability.getTestData is PASSED

2018-06-14 20:03:51 - [TEST_STEP][PASSED] - Statement - toDate = "(//td[text()='" + endDate + "'])[3]": null

2018-06-14 20:03:51 - [TEST_STEP][PASSED] - Statement - toDateEle = driver.findElement(org.openqa.selenium.By.xpath(toDate)): null

2018-06-14 20:03:51 - [TEST_STEP][PASSED] - Statement - toDateEle.click(): null

2018-06-14 20:03:51 - [TEST_STEP][PASSED] - delay: Delayed 5 second(s)

2018-06-14 20:03:56 - [MESSAGE][PASSED] - Delayed 5 second(s)

2018-06-14 20:03:56 - [TEST_STEP][PASSED] - Statement - dateAttr = com.kms.katalon.core.webui.keyword.WebUiBuiltInKeywords.getAttribute(com.kms.katalon.core.testobject.ObjectRepository.findTestObject(ReportsPage/selectedDate1), "value"): Attribute 'value' of object 'Object Repository/ReportsPage/selectedDate1' is: '01/01/2018'

2018-06-14 20:03:56 - [MESSAGE][PASSED] - Attribute 'value' of object 'Object Repository/ReportsPage/selectedDate1' is: '01/01/2018'

2018-06-14 20:03:56 - [TEST_STEP][PASSED] - Statement - fromDateValue = CustomKeywords.projectSpecific.Reusability.getTestData("ReportsPage", "fromDateJan"): projectSpecific.Reusability.getTestData is PASSED

2018-06-14 20:03:56 - [MESSAGE][PASSED] - projectSpecific.Reusability.getTestData is PASSED

2018-06-14 20:03:56 - [TEST_STEP][PASSED] - Statement - If (!(dateAttr.equals(fromDateValue))): null

2018-06-14 20:03:56 - [TEST_STEP][PASSED] - Statement - dateAttr = com.kms.katalon.core.webui.keyword.WebUiBuiltInKeywords.getAttribute(com.kms.katalon.core.testobject.ObjectRepository.findTestObject(ReportsPage/selectedDate2), "value"): Attribute 'value' of object 'Object Repository/ReportsPage/selectedDate2' is: '03/10/2018'

2018-06-14 20:03:56 - [MESSAGE][PASSED] - Attribute 'value' of object 'Object Repository/ReportsPage/selectedDate2' is: '03/10/2018'

2018-06-14 20:03:56 - [TEST_STEP][PASSED] - Statement - toDateValue = CustomKeywords.projectSpecific.Reusability.getTestData("ReportsPage", "toDate_March"): projectSpecific.Reusability.getTestData is PASSED

2018-06-14 20:03:56 - [MESSAGE][PASSED] - projectSpecific.Reusability.getTestData is PASSED

2018-06-14 20:03:56 - [TEST_STEP][PASSED] - Statement - If (!(dateAttr.equals(toDateValue))): null

2018-06-14 20:03:56 - [TEST_STEP][PASSED] - verifyElementText: Actual text and expected text of test object 'Object Repository/ReportsPage/includeText' are matched.

2018-06-14 20:03:56 - [MESSAGE][PASSED] - projectSpecific.Reusability.getTestData is PASSED

2018-06-14 20:03:56 - [MESSAGE][PASSED] - Actual text and expected text of test object 'Object Repository/ReportsPage/includeText' are matched.

2018-06-14 20:03:56 - [TEST_STEP][PASSED] - verifyElementText: Actual text and expected text of test object 'Object Repository/ReportsPage/formatText' are matched.

2018-06-14 20:03:56 - [MESSAGE][PASSED] - projectSpecific.Reusability.getTestData is PASSED

2018-06-14 20:03:56 - [MESSAGE][PASSED] - Actual text and expected text of test object 'Object Repository/ReportsPage/formatText' are matched.

2018-06-14 20:03:56 - [TEST_STEP][PASSED] - uiaction.CommonUIActions.click: uiaction.CommonUIActions.click is PASSED

2018-06-14 20:03:56 - [MESSAGE][PASSED] - uiaction.CommonUIActions.click is PASSED

2018-06-14 20:03:56 - [TEST_STEP][PASSED] - Statement - opencheckbox = CustomKeywords.uiaction.CommonUIActions.isEnabled(com.kms.katalon.core.testobject.ObjectRepository.findTestObject(ReportsPage/Report_opencheckbox)): uiaction.CommonUIActions.isEnabled is PASSED

2018-06-14 20:03:56 - [MESSAGE][PASSED] - uiaction.CommonUIActions.isEnabled is PASSED

2018-06-14 20:03:56 - [TEST_STEP][PASSED] - Statement - If (!(opencheckbox)): null

2018-06-14 20:03:56 - [TEST_STEP][PASSED] - Statement - out.println("Open checkbox is checked bydefault"): null

2018-06-14 20:03:56 - [TEST_STEP][PASSED] - Statement - closecheckbox = CustomKeywords.uiaction.CommonUIActions.isEnabled(com.kms.katalon.core.testobject.ObjectRepository.findTestObject(ReportsPage/Report_closecheckbox)): uiaction.CommonUIActions.isEnabled is PASSED

2018-06-14 20:03:56 - [MESSAGE][PASSED] - uiaction.CommonUIActions.isEnabled is PASSED

2018-06-14 20:03:56 - [TEST_STEP][PASSED] - Statement - If (!(closecheckbox)): null

2018-06-14 20:03:56 - [TEST_STEP][PASSED] - Statement - out.println("Close checkbox is checked bydefault"): null

2018-06-14 20:03:56 - [TEST_STEP][PASSED] - uiaction.CommonUIActions.click: uiaction.CommonUIActions.click is PASSED

2018-06-14 20:03:56 - [MESSAGE][PASSED] - uiaction.CommonUIActions.click is PASSED

2018-06-14 20:03:56 - [TEST_STEP][PASSED] - uiaction.CommonUIActions.click: uiaction.CommonUIActions.click is PASSED

2018-06-14 20:03:56 - [MESSAGE][PASSED] - uiaction.CommonUIActions.click is PASSED

2018-06-14 20:03:56 - [TEST_STEP][PASSED] - verifyElementPresent: Object 'Object Repository/ReportsPage/advancedoption_am' is present

2018-06-14 20:03:56 - [MESSAGE][PASSED] - Object 'Object Repository/ReportsPage/advancedoption_am' is present

2018-06-14 20:03:56 - [TEST_STEP][PASSED] - verifyElementPresent: Object 'Object Repository/ReportsPage/advanceoptions_pm' is present

2018-06-14 20:03:56 - [MESSAGE][PASSED] - Object 'Object Repository/ReportsPage/advanceoptions_pm' is present

2018-06-14 20:03:56 - [TEST_STEP][PASSED] - Statement - open_am = CustomKeywords.uiaction.CommonUIActions.isEnabled(com.kms.katalon.core.testobject.ObjectRepository.findTestObject(ReportsPage/advancedoption_am)): uiaction.CommonUIActions.isEnabled is PASSED

2018-06-14 20:03:57 - [MESSAGE][PASSED] - uiaction.CommonUIActions.isEnabled is PASSED

2018-06-14 20:03:57 - [TEST_STEP][PASSED] - Statement - If (open_am): null

2018-06-14 20:03:57 - [TEST_STEP][PASSED] - Statement - out.println("AM Drop down boxes  enabled"): null

2018-06-14 20:03:57 - [TEST_STEP][PASSED] - Statement - open_pm = CustomKeywords.uiaction.CommonUIActions.isEnabled(com.kms.katalon.core.testobject.ObjectRepository.findTestObject(ReportsPage/advanceoptions_pm)): uiaction.CommonUIActions.isEnabled is PASSED

2018-06-14 20:03:57 - [MESSAGE][PASSED] - uiaction.CommonUIActions.isEnabled is PASSED

2018-06-14 20:03:57 - [TEST_STEP][PASSED] - Statement - If (open_pm): null

2018-06-14 20:03:57 - [TEST_STEP][PASSED] - Statement - out.println("PM Drop down boxes  enabled"): null

2018-06-14 20:03:57 - [TEST_STEP][PASSED] - uiaction.CommonUIActions.click: uiaction.CommonUIActions.click is PASSED

2018-06-14 20:03:57 - [MESSAGE][PASSED] - uiaction.CommonUIActions.click is PASSED

2018-06-14 20:03:57 - [TEST_STEP][PASSED] - uiaction.CommonUIActions.click: uiaction.CommonUIActions.click is PASSED

2018-06-14 20:04:17 - [MESSAGE][PASSED] - uiaction.CommonUIActions.click is PASSED

2018-06-14 20:04:17 - [TEST_STEP][PASSED] - uiaction.CommonUIActions.click: uiaction.CommonUIActions.click is PASSED

2018-06-14 20:04:17 - [MESSAGE][PASSED] - uiaction.CommonUIActions.click is PASSED

2018-06-14 20:04:17 - [TEST_STEP][PASSED] - Statement - open_textboxdata = com.kms.katalon.core.webui.keyword.WebUiBuiltInKeywords.getAttribute(com.kms.katalon.core.testobject.ObjectRepository.findTestObject(ReportsPage/advance_option_opentextbox), "value"): Attribute 'value' of object 'Object Repository/ReportsPage/advance_option_opentextbox' is: '8:02 am'

2018-06-14 20:04:17 - [MESSAGE][PASSED] - Attribute 'value' of object 'Object Repository/ReportsPage/advance_option_opentextbox' is: '8:02 am'

2018-06-14 20:04:17 - [TEST_STEP][PASSED] - Statement - If (!(open_textboxdata.isEmpty())): null

2018-06-14 20:04:17 - [TEST_STEP][PASSED] - Statement - out.println("8:00 am time shown "): null

2018-06-14 20:04:17 - [TEST_STEP][PASSED] - uiaction.CommonUIActions.click: uiaction.CommonUIActions.click is PASSED

2018-06-14 20:04:17 - [MESSAGE][PASSED] - uiaction.CommonUIActions.click is PASSED

2018-06-14 20:04:17 - [TEST_STEP][PASSED] - uiaction.CommonUIActions.click: uiaction.CommonUIActions.click is PASSED

2018-06-14 20:04:17 - [MESSAGE][PASSED] - uiaction.CommonUIActions.click is PASSED

2018-06-14 20:04:17 - [TEST_STEP][PASSED] - uiaction.CommonUIActions.click: uiaction.CommonUIActions.click is PASSED

2018-06-14 20:04:17 - [MESSAGE][PASSED] - uiaction.CommonUIActions.click is PASSED

2018-06-14 20:04:17 - [TEST_STEP][PASSED] - verifyElementPresent: Object 'Object Repository/ReportsPage/advancedoption_am' is present

2018-06-14 20:04:17 - [MESSAGE][PASSED] - Object 'Object Repository/ReportsPage/advancedoption_am' is present

2018-06-14 20:04:17 - [TEST_STEP][PASSED] - verifyElementPresent: Object 'Object Repository/ReportsPage/advanceoptions_pm' is present

2018-06-14 20:04:17 - [MESSAGE][PASSED] - Object 'Object Repository/ReportsPage/advanceoptions_pm' is present

2018-06-14 20:04:17 - [TEST_STEP][PASSED] - Statement - close_am = CustomKeywords.uiaction.CommonUIActions.isEnabled(com.kms.katalon.core.testobject.ObjectRepository.findTestObject(ReportsPage/advancedoption_am)): uiaction.CommonUIActions.isEnabled is PASSED

2018-06-14 20:04:17 - [MESSAGE][PASSED] - uiaction.CommonUIActions.isEnabled is PASSED

2018-06-14 20:04:17 - [TEST_STEP][PASSED] - Statement - If (close_am): null

2018-06-14 20:04:17 - [TEST_STEP][PASSED] - Statement - out.println("AM Drop down boxes  enabled"): null

2018-06-14 20:04:17 - [TEST_STEP][PASSED] - Statement - close_pm = CustomKeywords.uiaction.CommonUIActions.isEnabled(com.kms.katalon.core.testobject.ObjectRepository.findTestObject(ReportsPage/advanceoptions_pm)): uiaction.CommonUIActions.isEnabled is PASSED

2018-06-14 20:04:17 - [MESSAGE][PASSED] - uiaction.CommonUIActions.isEnabled is PASSED

2018-06-14 20:04:17 - [TEST_STEP][PASSED] - Statement - If (close_pm): null

2018-06-14 20:04:17 - [TEST_STEP][PASSED] - Statement - out.println("PM Drop down boxes  enabled"): null

2018-06-14 20:04:17 - [TEST_STEP][PASSED] - uiaction.CommonUIActions.click: uiaction.CommonUIActions.click is PASSED

2018-06-14 20:04:18 - [MESSAGE][PASSED] - uiaction.CommonUIActions.click is PASSED

2018-06-14 20:04:18 - [TEST_STEP][PASSED] - uiaction.CommonUIActions.click: uiaction.CommonUIActions.click is PASSED

2018-06-14 20:04:38 - [MESSAGE][PASSED] - uiaction.CommonUIActions.click is PASSED

2018-06-14 20:04:38 - [TEST_STEP][PASSED] - uiaction.CommonUIActions.click: uiaction.CommonUIActions.click is PASSED

2018-06-14 20:04:38 - [MESSAGE][PASSED] - uiaction.CommonUIActions.click is PASSED

2018-06-14 20:04:38 - [TEST_STEP][PASSED] - Statement - open_textboxdata1 = com.kms.katalon.core.webui.keyword.WebUiBuiltInKeywords.getAttribute(com.kms.katalon.core.testobject.ObjectRepository.findTestObject(ReportsPage/advance_option_closetextbox), "value"): Attribute 'value' of object 'Object Repository/ReportsPage/advance_option_closetextbox' is: '3:02 pm'

2018-06-14 20:04:38 - [MESSAGE][PASSED] - Attribute 'value' of object 'Object Repository/ReportsPage/advance_option_closetextbox' is: '3:02 pm'

2018-06-14 20:04:38 - [TEST_STEP][PASSED] - Statement - If (!(open_textboxdata1.isEmpty())): null

2018-06-14 20:04:38 - [TEST_STEP][PASSED] - Statement - out.println("3:00 pm time shown "): null

2018-06-14 20:04:38 - [TEST_STEP][PASSED] - click: Object: 'Object Repository/ReportsPage/timeSelection' is clicked on

2018-06-14 20:04:38 - [MESSAGE][PASSED] - Object: 'Object Repository/ReportsPage/timeSelection' is clicked on

2018-06-14 20:04:38 - [TEST_STEP][PASSED] - click: Object: 'Object Repository/ReportsPage/weekTimeOption' is clicked on

2018-06-14 20:04:38 - [MESSAGE][PASSED] - Object: 'Object Repository/ReportsPage/weekTimeOption' is clicked on

2018-06-14 20:04:38 - [TEST_STEP][PASSED] - click: Object: 'Object Repository/ReportsPage/summaryReportHeading' is clicked on

2018-06-14 20:04:38 - [MESSAGE][PASSED] - Object: 'Object Repository/ReportsPage/summaryReportHeading' is clicked on

2018-06-14 20:04:38 - [TEST_STEP][PASSED] - verifyElementText: Actual text and expected text of test object 'Object Repository/ReportsPage/weekTimeOption' are matched.

2018-06-14 20:04:38 - [MESSAGE][PASSED] - projectSpecific.Reusability.getTestData is PASSED

2018-06-14 20:04:38 - [MESSAGE][PASSED] - Actual text and expected text of test object 'Object Repository/ReportsPage/weekTimeOption' are matched.

2018-06-14 20:04:38 - [TEST_STEP][PASSED] - verifyElementText: Actual text and expected text of test object 'Object Repository/ReportsPage/criteriaTimeMeasure' are matched.

2018-06-14 20:04:38 - [MESSAGE][PASSED] - projectSpecific.Reusability.getTestData is PASSED

2018-06-14 20:04:38 - [MESSAGE][PASSED] - Actual text and expected text of test object 'Object Repository/ReportsPage/criteriaTimeMeasure' are matched.

2018-06-14 20:04:38 - [TEST_STEP][PASSED] - click: Object: 'Object Repository/ReportsPage/generateReport' is clicked on

2018-06-14 20:04:38 - [MESSAGE][PASSED] - Object: 'Object Repository/ReportsPage/generateReport' is clicked on

2018-06-14 20:04:38 - [TEST_STEP][PASSED] - Statement - errMessage = CustomKeywords.uiaction.CommonUIActions.getText(com.kms.katalon.core.testobject.ObjectRepository.findTestObject(ReportsPage/report_failure_alertmsg)): uiaction.CommonUIActions.getText is PASSED

2018-06-14 20:04:38 - [MESSAGE][PASSED] - uiaction.CommonUIActions.getText is PASSED

2018-06-14 20:04:38 - [TEST_STEP][PASSED] - Statement - errMsgText = CustomKeywords.projectSpecific.Reusability.getTestData("ReportsPage", "DateErrorMsg"): projectSpecific.Reusability.getTestData is PASSED

2018-06-14 20:04:38 - [MESSAGE][PASSED] - projectSpecific.Reusability.getTestData is PASSED

2018-06-14 20:04:38 - [TEST_STEP][PASSED] - verifyMatch: Actual text 'Date range invalid. For Week Reports select any 2 month period.' and expected text 'Date range invalid. For Week Reports select any 2 month period.' are matched 

2018-06-14 20:04:38 - [MESSAGE][PASSED] - Actual text 'Date range invalid. For Week Reports select any 2 month period.' and expected text 'Date range invalid. For Week Reports select any 2 month period.' are matched 

2018-06-14 20:04:38 - [TEST_STEP][PASSED] - delay: Delayed 5 second(s)

2018-06-14 20:04:43 - [MESSAGE][PASSED] - Delayed 5 second(s)

2018-06-14 20:04:43 - [TEST_STEP][PASSED] - click: Object: 'Object Repository/ReportsPage/fromDateSelector' is clicked on

2018-06-14 20:04:44 - [MESSAGE][PASSED] - Object: 'Object Repository/ReportsPage/fromDateSelector' is clicked on

2018-06-14 20:04:44 - [TEST_STEP][PASSED] - delay: Delayed 5 second(s)

2018-06-14 20:04:49 - [MESSAGE][PASSED] - Delayed 5 second(s)

2018-06-14 20:04:49 - [TEST_STEP][PASSED] - Statement - monthText = com.kms.katalon.core.webui.keyword.WebUiBuiltInKeywords.getText(com.kms.katalon.core.testobject.ObjectRepository.findTestObject(ReportsPage/monthText)): Text of object 'Object Repository/ReportsPage/monthText' is: 'January 2018'

2018-06-14 20:04:49 - [MESSAGE][PASSED] - Text of object 'Object Repository/ReportsPage/monthText' is: 'January 2018'

2018-06-14 20:04:49 - [TEST_STEP][PASSED] - Statement - monthTextArray = monthText.split(" "): null

2018-06-14 20:04:49 - [TEST_STEP][PASSED] - Statement - month = monthTextArray[0]: null

2018-06-14 20:04:49 - [TEST_STEP][PASSED] - Statement - monthTextValue = CustomKeywords.projectSpecific.Reusability.getTestData("ReportsPage", "JanMonth"): projectSpecific.Reusability.getTestData is PASSED

2018-06-14 20:04:49 - [MESSAGE][PASSED] - projectSpecific.Reusability.getTestData is PASSED

2018-06-14 20:04:49 - [TEST_STEP][PASSED] - Statement - If (!(monthTextValue.equals(month))): null

2018-06-14 20:04:49 - [TEST_STEP][PASSED] - Statement - data = CustomKeywords.projectSpecific.Reusability.getTestData("ReportsPage", "StartDate"): projectSpecific.Reusability.getTestData is PASSED

2018-06-14 20:04:49 - [MESSAGE][PASSED] - projectSpecific.Reusability.getTestData is PASSED

2018-06-14 20:04:49 - [TEST_STEP][PASSED] - Statement - startDate = "(//td[text()='" + data + "'])[1]": null

2018-06-14 20:04:49 - [TEST_STEP][PASSED] - Statement - println(startDate): null

2018-06-14 20:04:49 - [TEST_STEP][PASSED] - Statement - startdateEle = driver.findElement(org.openqa.selenium.By.xpath(startDate)): null

2018-06-14 20:04:49 - [TEST_STEP][PASSED] - Statement - startdateEle.click(): null

2018-06-14 20:04:49 - [TEST_STEP][PASSED] - delay: Delayed 5 second(s)

2018-06-14 20:04:54 - [MESSAGE][PASSED] - Delayed 5 second(s)

2018-06-14 20:04:54 - [TEST_STEP][PASSED] - click: Object: 'Object Repository/ReportsPage/toDateSelector' is clicked on

2018-06-14 20:04:54 - [MESSAGE][PASSED] - Object: 'Object Repository/ReportsPage/toDateSelector' is clicked on

2018-06-14 20:04:54 - [TEST_STEP][PASSED] - Statement - monthText = com.kms.katalon.core.webui.keyword.WebUiBuiltInKeywords.getText(com.kms.katalon.core.testobject.ObjectRepository.findTestObject(ReportsPage/monthText2)): Text of object 'Object Repository/ReportsPage/monthText2' is: 'March 2018'

2018-06-14 20:04:54 - [MESSAGE][PASSED] - Text of object 'Object Repository/ReportsPage/monthText2' is: 'March 2018'

2018-06-14 20:04:54 - [TEST_STEP][PASSED] - Statement - monthTextArray = monthText.split(" "): null

2018-06-14 20:04:54 - [TEST_STEP][PASSED] - Statement - month = monthTextArray[0]: null

2018-06-14 20:04:54 - [TEST_STEP][PASSED] - Statement - monthTextValue1 = CustomKeywords.projectSpecific.Reusability.getTestData("ReportsPage", "Month"): projectSpecific.Reusability.getTestData is PASSED

2018-06-14 20:04:54 - [MESSAGE][PASSED] - projectSpecific.Reusability.getTestData is PASSED

2018-06-14 20:04:54 - [TEST_STEP][PASSED] - Statement - If (!(monthTextValue1.equals(month))): null

2018-06-14 20:04:54 - [TEST_STEP][PASSED] - Statement - endDate = CustomKeywords.projectSpecific.Reusability.getTestData("ReportsPage", "StartDate"): projectSpecific.Reusability.getTestData is PASSED

2018-06-14 20:04:54 - [MESSAGE][PASSED] - projectSpecific.Reusability.getTestData is PASSED

2018-06-14 20:04:54 - [TEST_STEP][PASSED] - Statement - toDate = "(//td[text()='" + endDate + "'])[3]": null

2018-06-14 20:04:54 - [TEST_STEP][PASSED] - Statement - toDateEle = driver.findElement(org.openqa.selenium.By.xpath(toDate)): null

2018-06-14 20:04:54 - [TEST_STEP][PASSED] - Statement - toDateEle.click(): null

2018-06-14 20:04:54 - [TEST_STEP][PASSED] - delay: Delayed 5 second(s)

2018-06-14 20:04:59 - [MESSAGE][PASSED] - Delayed 5 second(s)

2018-06-14 20:04:59 - [TEST_STEP][PASSED] - Statement - dateAttr = com.kms.katalon.core.webui.keyword.WebUiBuiltInKeywords.getAttribute(com.kms.katalon.core.testobject.ObjectRepository.findTestObject(ReportsPage/selectedDate1), "value"): Attribute 'value' of object 'Object Repository/ReportsPage/selectedDate1' is: '01/01/2018'

2018-06-14 20:04:59 - [MESSAGE][PASSED] - Attribute 'value' of object 'Object Repository/ReportsPage/selectedDate1' is: '01/01/2018'

2018-06-14 20:04:59 - [TEST_STEP][PASSED] - Statement - fromDateValue = CustomKeywords.projectSpecific.Reusability.getTestData("ReportsPage", "fromDateJan"): projectSpecific.Reusability.getTestData is PASSED

2018-06-14 20:04:59 - [MESSAGE][PASSED] - projectSpecific.Reusability.getTestData is PASSED

2018-06-14 20:04:59 - [TEST_STEP][PASSED] - Statement - If (!(dateAttr.equals(fromDateValue))): null

2018-06-14 20:04:59 - [TEST_STEP][PASSED] - Statement - dateAttr = com.kms.katalon.core.webui.keyword.WebUiBuiltInKeywords.getAttribute(com.kms.katalon.core.testobject.ObjectRepository.findTestObject(ReportsPage/selectedDate2), "value"): Attribute 'value' of object 'Object Repository/ReportsPage/selectedDate2' is: '03/01/2018'

2018-06-14 20:04:59 - [MESSAGE][PASSED] - Attribute 'value' of object 'Object Repository/ReportsPage/selectedDate2' is: '03/01/2018'

2018-06-14 20:04:59 - [TEST_STEP][PASSED] - Statement - toDateValue = CustomKeywords.projectSpecific.Reusability.getTestData("ReportsPage", "fromDate"): projectSpecific.Reusability.getTestData is PASSED

2018-06-14 20:04:59 - [MESSAGE][PASSED] - projectSpecific.Reusability.getTestData is PASSED

2018-06-14 20:04:59 - [TEST_STEP][PASSED] - Statement - If (!(dateAttr.equals(toDateValue))): null

2018-06-14 20:04:59 - [TEST_STEP][PASSED] - click: Object: 'Object Repository/ReportsPage/generateReport' is clicked on

2018-06-14 20:04:59 - [MESSAGE][PASSED] - Object: 'Object Repository/ReportsPage/generateReport' is clicked on

2018-06-14 20:04:59 - [TEST_STEP][PASSED] - delay: Delayed 15 second(s)

2018-06-14 20:05:14 - [MESSAGE][PASSED] - Delayed 15 second(s)

2018-06-14 20:05:14 - [TEST_STEP][PASSED] - Statement - confirmationText = CustomKeywords.projectSpecific.Reusability.getTestData("SummarizedReportPage", "confirmationText1"): projectSpecific.Reusability.getTestData is PASSED

2018-06-14 20:05:14 - [MESSAGE][PASSED] - projectSpecific.Reusability.getTestData is PASSED

2018-06-14 20:05:14 - [TEST_STEP][PASSED] - Statement - actualconfirmationText = CustomKeywords.uiaction.CommonUIActions.getText(com.kms.katalon.core.testobject.ObjectRepository.findTestObject(SummarizedReportPage/emailConfirmation)): uiaction.CommonUIActions.getText is PASSED

2018-06-14 20:05:34 - [MESSAGE][PASSED] - uiaction.CommonUIActions.getText is PASSED

2018-06-14 20:05:34 - [TEST_STEP][FAILED] - Statement - confirm = com.kms.katalon.core.webui.keyword.WebUiBuiltInKeywords.verifyMatch(confirmationText, actualconfirmationText, false): Unable to verify match between actual text 'Please check your email. Your Report has been sent to selvendrank@nousinfo.com.' and expected text 'Web element with id: 'Object Repository/SummarizedReportPage/emailConfirmation' located by 'By.xpath: //div[@class='appr']/h4' not found' (Root cause: Actual text 'Please check your email. Your Report has been sent to selvendrank@nousinfo.com.' and expected text 'Web element with id: 'Object Repository/SummarizedReportPage/emailConfirmation' located by 'By.xpath: //div[@class='appr']/h4' not found' are not matched)

2018-06-14 20:05:34 - [MESSAGE][FAILED] - Unable to verify match between actual text 'Please check your email. Your Report has been sent to selvendrank@nousinfo.com.' and expected text 'Web element with id: 'Object Repository/SummarizedReportPage/emailConfirmation' located by 'By.xpath: //div[@class='appr']/h4' not found' (Root cause: Actual text 'Please check your email. Your Report has been sent to selvendrank@nousinfo.com.' and expected text 'Web element with id: 'Object Repository/SummarizedReportPage/emailConfirmation' located by 'By.xpath: //div[@class='appr']/h4' not found' are not matched)

2018-06-14 20:05:34 - [TEST_STEP][PASSED] - Statement - If (confirm): null

2018-06-14 20:05:34 - [TEST_STEP][PASSED] - Statement - Else: null

2018-06-14 20:05:34 - [TEST_STEP][PASSED] - Statement - If (TCflag): null

2018-06-14 20:05:34 - [TEST_STEP][PASSED] - Statement - out.println("Email Verification not received"): null

2018-06-14 20:05:34 - [TEST_STEP][PASSED] - uiaction.CommonUIActions.click: uiaction.CommonUIActions.click is PASSED

2018-06-14 20:05:38 - [MESSAGE][PASSED] - uiaction.CommonUIActions.click is PASSED

2018-06-14 20:05:38 - [TEST_STEP][PASSED] - delay: Delayed 5 second(s)

2018-06-14 20:05:43 - [MESSAGE][PASSED] - Delayed 5 second(s)

2018-06-14 20:05:43 - [TEST_STEP][PASSED] - uiaction.CommonUIActions.click: uiaction.CommonUIActions.click is PASSED

2018-06-14 20:06:09 - [MESSAGE][PASSED] - uiaction.CommonUIActions.click is PASSED

2018-06-14 20:06:09 - [TEST_STEP][PASSED] - uiaction.CommonUIActions.click: uiaction.CommonUIActions.click is PASSED

2018-06-14 20:06:09 - [MESSAGE][PASSED] - uiaction.CommonUIActions.click is PASSED

2018-06-14 20:06:09 - [TEST_STEP][PASSED] - delay: Delayed 10 second(s)

2018-06-14 20:06:19 - [MESSAGE][PASSED] - Delayed 10 second(s)

2018-06-14 20:06:19 - [TEST_STEP][PASSED] - uiaction.CommonUIActions.click: uiaction.CommonUIActions.click is PASSED

2018-06-14 20:06:19 - [MESSAGE][PASSED] - uiaction.CommonUIActions.click is PASSED

2018-06-14 20:06:19 - [TEST_STEP][PASSED] - uiaction.CommonUIActions.click: uiaction.CommonUIActions.click is PASSED

2018-06-14 20:06:19 - [MESSAGE][PASSED] - uiaction.CommonUIActions.click is PASSED

2018-06-14 20:06:19 - [TEST_STEP][PASSED] - uiaction.CommonUIActions.click: uiaction.CommonUIActions.click is PASSED

2018-06-14 20:06:19 - [MESSAGE][PASSED] - uiaction.CommonUIActions.click is PASSED

2018-06-14 20:06:19 - [TEST_STEP][PASSED] - uiaction.CommonUIActions.click: uiaction.CommonUIActions.click is PASSED

2018-06-14 20:06:23 - [MESSAGE][PASSED] - uiaction.CommonUIActions.click is PASSED

2018-06-14 20:06:23 - [TEST_STEP][PASSED] - Statement - assert TCflag == true: null

2018-06-14 20:06:23 - [TEST_STEP][PASSED] - Start listener action : sampleAfterTestCase: Browser is closed

2018-06-14 20:06:23 - [TEST_STEP][PASSED] - Statement - println(testCaseContext.getTestCaseId()): null

2018-06-14 20:06:23 - [TEST_STEP][PASSED] - Statement - println(testCaseContext.getTestCaseStatus()): null

2018-06-14 20:06:23 - [TEST_STEP][PASSED] - closeBrowser: Browser is closed

2018-06-14 20:06:24 - [MESSAGE][PASSED] - Browser is closed]]></system-out>
         <system-err><![CDATA[2018-06-14 20:02:06 - [TEST_CASE][FAILED] - Test Cases/SummaryReportsTC/HME-Summary Report-13: Test Cases/SummaryReportsTC/HME-Summary Report-13 FAILED because (of) Unable to verify match between actual text 'Please check your email. Your Report has been sent to selvendrank@nousinfo.com.' and expected text 'Web element with id: 'Object Repository/SummarizedReportPage/emailConfirmation' located by 'By.xpath: //div[@class='appr']/h4' not found' (Root cause: Actual text 'Please check your email. Your Report has been sent to selvendrank@nousinfo.com.' and expected text 'Web element with id: 'Object Repository/SummarizedReportPage/emailConfirmation' located by 'By.xpath: //div[@class='appr']/h4' not found' are not matched)]]></system-err>
      </testcase>
      <testcase name="Test Cases/SummaryReportsTC/HME-Summary Report-14" classname="Test Cases/SummaryReportsTC/HME-Summary Report-14" status="FAILED">
         <failure type="FAILED" message="Unable to verify match between actual text 'Date range invalid. For Day Reports select any 1 month period.' and expected text 'Date range invalid. For day report select any 1 month period.' (Root cause: Actual text 'Date range invalid. For Day Reports select any 1 month period.' and expected text 'Date range invalid. For day report select any 1 month period.' are not matched)"/>
         <system-out><![CDATA[2018-06-14 20:06:24 - [TEST_CASE][FAILED] - Test Cases/SummaryReportsTC/HME-Summary Report-14: Test Cases/SummaryReportsTC/HME-Summary Report-14 FAILED because (of) Unable to verify match between actual text 'Date range invalid. For Day Reports select any 1 month period.' and expected text 'Date range invalid. For day report select any 1 month period.' (Root cause: Actual text 'Date range invalid. For Day Reports select any 1 month period.' and expected text 'Date range invalid. For day report select any 1 month period.' are not matched)

2018-06-14 20:06:24 - [TEST_STEP][PASSED] - Start listener action : sampleBeforeTestCase: uiaction.CommonUIActions.deleteAllCookies is PASSED

2018-06-14 20:06:24 - [TEST_STEP][PASSED] - openBrowser: Browser is opened with url: ''

2018-06-14 20:06:26 - [MESSAGE][PASSED] - Browser is opened with url: ''

2018-06-14 20:06:26 - [TEST_STEP][PASSED] - maximizeWindow: Current window maximized

2018-06-14 20:06:27 - [MESSAGE][PASSED] - Current window maximized

2018-06-14 20:06:27 - [TEST_STEP][PASSED] - uiaction.CommonUIActions.deleteAllCookies: uiaction.CommonUIActions.deleteAllCookies is PASSED

2018-06-14 20:06:27 - [MESSAGE][PASSED] - Delete all cookies successfully

2018-06-14 20:06:27 - [MESSAGE][PASSED] - uiaction.CommonUIActions.deleteAllCookies is PASSED

2018-06-14 20:06:27 - [TEST_STEP][PASSED] - Statement - TCflag = true: null

2018-06-14 20:06:27 - [TEST_STEP][FAILED] - Statement - Try: uiaction.CommonUIActions.click is PASSED

2018-06-14 20:06:27 - [TEST_STEP][PASSED] - navigateToUrl: Navigate to 'https://hme-dev-public-cloud-app.azurewebsites.net/' successfully

2018-06-14 20:06:30 - [MESSAGE][PASSED] - Navigate to 'https://hme-dev-public-cloud-app.azurewebsites.net/' successfully

2018-06-14 20:06:30 - [TEST_STEP][PASSED] - projectSpecific.Reusability.login: projectSpecific.Reusability.login is PASSED

2018-06-14 20:06:30 - [MESSAGE][PASSED] - projectSpecific.Reusability.getTestData is PASSED

2018-06-14 20:06:30 - [MESSAGE][PASSED] - projectSpecific.Reusability.getTestData is PASSED

2018-06-14 20:06:30 - [MESSAGE][PASSED] - Text 'selvendrank@nousinfo.com' is set on object 'Object Repository/LoginPage/Username'

2018-06-14 20:06:30 - [MESSAGE][PASSED] - Text 'nous;123' is set on object 'Object Repository/LoginPage/Password'

2018-06-14 20:06:30 - [MESSAGE][PASSED] - Object: 'Object Repository/LoginPage/Login' is clicked on

2018-06-14 20:06:30 - [MESSAGE][PASSED] - projectSpecific.Reusability.login is PASSED

2018-06-14 20:06:30 - [TEST_STEP][PASSED] - delay: Delayed 10 second(s)

2018-06-14 20:06:40 - [MESSAGE][PASSED] - Delayed 10 second(s)

2018-06-14 20:06:40 - [TEST_STEP][PASSED] - uiaction.CommonUIActions.click: uiaction.CommonUIActions.click is PASSED

2018-06-14 20:06:51 - [MESSAGE][PASSED] - uiaction.CommonUIActions.click is PASSED

2018-06-14 20:06:51 - [TEST_STEP][PASSED] - uiaction.CommonUIActions.click: uiaction.CommonUIActions.click is PASSED

2018-06-14 20:07:02 - [MESSAGE][PASSED] - uiaction.CommonUIActions.click is PASSED

2018-06-14 20:07:02 - [TEST_STEP][PASSED] - uiaction.CommonUIActions.click: uiaction.CommonUIActions.click is PASSED

2018-06-14 20:07:04 - [MESSAGE][PASSED] - uiaction.CommonUIActions.click is PASSED

2018-06-14 20:07:04 - [TEST_STEP][PASSED] - uiaction.CommonUIActions.click: uiaction.CommonUIActions.click is PASSED

2018-06-14 20:07:04 - [MESSAGE][PASSED] - uiaction.CommonUIActions.click is PASSED

2018-06-14 20:07:04 - [TEST_STEP][PASSED] - uiaction.CommonUIActions.enter: uiaction.CommonUIActions.enter is PASSED

2018-06-14 20:07:04 - [MESSAGE][PASSED] - projectSpecific.Reusability.getTestData is PASSED

2018-06-14 20:07:04 - [MESSAGE][PASSED] - uiaction.CommonUIActions.enter is PASSED

2018-06-14 20:07:04 - [TEST_STEP][PASSED] - uiaction.CommonUIActions.enter: uiaction.CommonUIActions.enter is PASSED

2018-06-14 20:07:04 - [MESSAGE][PASSED] - projectSpecific.Reusability.getTestData is PASSED

2018-06-14 20:07:04 - [MESSAGE][PASSED] - uiaction.CommonUIActions.enter is PASSED

2018-06-14 20:07:04 - [TEST_STEP][PASSED] - delay: Delayed 10 second(s)

2018-06-14 20:07:14 - [MESSAGE][PASSED] - Delayed 10 second(s)

2018-06-14 20:07:14 - [TEST_STEP][PASSED] - Statement - groupmain = CustomKeywords.projectSpecific.Reusability.getTestData("ReportingGroupManagementPage", "Summarygrp"): projectSpecific.Reusability.getTestData is PASSED

2018-06-14 20:07:14 - [MESSAGE][PASSED] - projectSpecific.Reusability.getTestData is PASSED

2018-06-14 20:07:14 - [TEST_STEP][PASSED] - Statement - driver = com.kms.katalon.core.webui.driver.DriverFactory.getWebDriver(): null

2018-06-14 20:07:14 - [TEST_STEP][PASSED] - Statement - grouplist = driver.findElements(org.openqa.selenium.By.xpath("//ul[@class='unlinked-grouplist']/li")): null

2018-06-14 20:07:14 - [TEST_STEP][PASSED] - delay: Delayed 10 second(s)

2018-06-14 20:07:24 - [MESSAGE][PASSED] - Delayed 10 second(s)

2018-06-14 20:07:24 - [TEST_STEP][PASSED] - Statement - For ([i = 0, i < grouplist.size(), (i++)]): null

2018-06-14 20:07:24 - [TEST_STEP][PASSED] - Statement - println(grouplist.get(i).getText()): null

2018-06-14 20:07:24 - [TEST_STEP][PASSED] - Statement - If (grouplist.get(i).getText().contains("0000")): null

2018-06-14 20:07:24 - [TEST_STEP][PASSED] - Statement - println(grouplist.get(i).getText()): null

2018-06-14 20:07:24 - [TEST_STEP][PASSED] - Statement - If (grouplist.get(i).getText().contains("0000")): null

2018-06-14 20:07:24 - [TEST_STEP][PASSED] - Statement - println(grouplist.get(i).getText()): null

2018-06-14 20:07:24 - [TEST_STEP][PASSED] - Statement - If (grouplist.get(i).getText().contains("0000")): null

2018-06-14 20:07:24 - [TEST_STEP][PASSED] - Statement - println(grouplist.get(i).getText()): null

2018-06-14 20:07:24 - [TEST_STEP][PASSED] - Statement - If (grouplist.get(i).getText().contains("0000")): null

2018-06-14 20:07:24 - [TEST_STEP][PASSED] - Statement - println(grouplist.get(i).getText()): null

2018-06-14 20:07:24 - [TEST_STEP][PASSED] - Statement - If (grouplist.get(i).getText().contains("0000")): null

2018-06-14 20:07:24 - [TEST_STEP][PASSED] - Statement - println(grouplist.get(i).getText()): null

2018-06-14 20:07:24 - [TEST_STEP][PASSED] - Statement - If (grouplist.get(i).getText().contains("0000")): null

2018-06-14 20:07:24 - [TEST_STEP][PASSED] - Statement - println(grouplist.get(i).getText()): null

2018-06-14 20:07:25 - [TEST_STEP][PASSED] - Statement - If (grouplist.get(i).getText().contains("0000")): null

2018-06-14 20:07:25 - [TEST_STEP][PASSED] - Statement - println(grouplist.get(i).getText()): null

2018-06-14 20:07:25 - [TEST_STEP][PASSED] - Statement - If (grouplist.get(i).getText().contains("0000")): null

2018-06-14 20:07:25 - [TEST_STEP][PASSED] - Statement - println(grouplist.get(i).getText()): null

2018-06-14 20:07:25 - [TEST_STEP][PASSED] - Statement - If (grouplist.get(i).getText().contains("0000")): null

2018-06-14 20:07:25 - [TEST_STEP][PASSED] - Statement - println(grouplist.get(i).getText()): null

2018-06-14 20:07:25 - [TEST_STEP][PASSED] - Statement - If (grouplist.get(i).getText().contains("0000")): null

2018-06-14 20:07:25 - [TEST_STEP][PASSED] - Statement - println(grouplist.get(i).getText()): null

2018-06-14 20:07:25 - [TEST_STEP][PASSED] - Statement - If (grouplist.get(i).getText().contains("0000")): null

2018-06-14 20:07:25 - [TEST_STEP][PASSED] - Statement - println(grouplist.get(i).getText()): null

2018-06-14 20:07:25 - [TEST_STEP][PASSED] - Statement - If (grouplist.get(i).getText().contains("0000")): null

2018-06-14 20:07:25 - [TEST_STEP][PASSED] - Statement - println(grouplist.get(i).getText()): null

2018-06-14 20:07:25 - [TEST_STEP][PASSED] - Statement - If (grouplist.get(i).getText().contains("0000")): null

2018-06-14 20:07:25 - [TEST_STEP][PASSED] - Statement - println(grouplist.get(i).getText()): null

2018-06-14 20:07:25 - [TEST_STEP][PASSED] - Statement - If (grouplist.get(i).getText().contains("0000")): null

2018-06-14 20:07:25 - [TEST_STEP][PASSED] - Statement - println(grouplist.get(i).getText()): null

2018-06-14 20:07:25 - [TEST_STEP][PASSED] - Statement - If (grouplist.get(i).getText().contains("0000")): null

2018-06-14 20:07:25 - [TEST_STEP][PASSED] - Statement - println(grouplist.get(i).getText()): null

2018-06-14 20:07:25 - [TEST_STEP][PASSED] - Statement - If (grouplist.get(i).getText().contains("0000")): null

2018-06-14 20:07:25 - [TEST_STEP][PASSED] - Statement - println(grouplist.get(i).getText()): null

2018-06-14 20:07:25 - [TEST_STEP][PASSED] - Statement - If (grouplist.get(i).getText().contains("0000")): null

2018-06-14 20:07:25 - [TEST_STEP][PASSED] - Statement - println(grouplist.get(i).getText()): null

2018-06-14 20:07:25 - [TEST_STEP][PASSED] - Statement - If (grouplist.get(i).getText().contains("0000")): null

2018-06-14 20:07:25 - [TEST_STEP][PASSED] - Statement - driver.findElement(org.openqa.selenium.By.xpath("(//ul[@class='unlinked-grouplist']/li/label)[" + i + 1 + "]")).click(): null

2018-06-14 20:07:25 - [TEST_STEP][PASSED] - Statement - println(grouplist.get(i).getText()): null

2018-06-14 20:07:25 - [TEST_STEP][PASSED] - Statement - If (grouplist.get(i).getText().contains("0000")): null

2018-06-14 20:07:25 - [TEST_STEP][PASSED] - Statement - driver.findElement(org.openqa.selenium.By.xpath("(//ul[@class='unlinked-grouplist']/li/label)[" + i + 1 + "]")).click(): null

2018-06-14 20:07:25 - [TEST_STEP][PASSED] - Statement - println(grouplist.get(i).getText()): null

2018-06-14 20:07:25 - [TEST_STEP][PASSED] - Statement - If (grouplist.get(i).getText().contains("0000")): null

2018-06-14 20:07:25 - [TEST_STEP][PASSED] - Statement - driver.findElement(org.openqa.selenium.By.xpath("(//ul[@class='unlinked-grouplist']/li/label)[" + i + 1 + "]")).click(): null

2018-06-14 20:07:25 - [TEST_STEP][PASSED] - Statement - println(grouplist.get(i).getText()): null

2018-06-14 20:07:25 - [TEST_STEP][PASSED] - Statement - If (grouplist.get(i).getText().contains("0000")): null

2018-06-14 20:07:25 - [TEST_STEP][PASSED] - Statement - driver.findElement(org.openqa.selenium.By.xpath("(//ul[@class='unlinked-grouplist']/li/label)[" + i + 1 + "]")).click(): null

2018-06-14 20:07:25 - [TEST_STEP][PASSED] - Statement - println(grouplist.get(i).getText()): null

2018-06-14 20:07:25 - [TEST_STEP][PASSED] - Statement - If (grouplist.get(i).getText().contains("0000")): null

2018-06-14 20:07:25 - [TEST_STEP][PASSED] - Statement - driver.findElement(org.openqa.selenium.By.xpath("(//ul[@class='unlinked-grouplist']/li/label)[" + i + 1 + "]")).click(): null

2018-06-14 20:07:25 - [TEST_STEP][PASSED] - Statement - println(grouplist.get(i).getText()): null

2018-06-14 20:07:25 - [TEST_STEP][PASSED] - Statement - If (grouplist.get(i).getText().contains("0000")): null

2018-06-14 20:07:25 - [TEST_STEP][PASSED] - Statement - driver.findElement(org.openqa.selenium.By.xpath("(//ul[@class='unlinked-grouplist']/li/label)[" + i + 1 + "]")).click(): null

2018-06-14 20:07:25 - [TEST_STEP][PASSED] - Statement - println(grouplist.get(i).getText()): null

2018-06-14 20:07:25 - [TEST_STEP][PASSED] - Statement - If (grouplist.get(i).getText().contains("0000")): null

2018-06-14 20:07:25 - [TEST_STEP][PASSED] - Statement - driver.findElement(org.openqa.selenium.By.xpath("(//ul[@class='unlinked-grouplist']/li/label)[" + i + 1 + "]")).click(): null

2018-06-14 20:07:25 - [TEST_STEP][PASSED] - Statement - println(grouplist.get(i).getText()): null

2018-06-14 20:07:25 - [TEST_STEP][PASSED] - Statement - If (grouplist.get(i).getText().contains("0000")): null

2018-06-14 20:07:25 - [TEST_STEP][PASSED] - Statement - driver.findElement(org.openqa.selenium.By.xpath("(//ul[@class='unlinked-grouplist']/li/label)[" + i + 1 + "]")).click(): null

2018-06-14 20:07:25 - [TEST_STEP][PASSED] - Statement - println(grouplist.get(i).getText()): null

2018-06-14 20:07:25 - [TEST_STEP][PASSED] - Statement - If (grouplist.get(i).getText().contains("0000")): null

2018-06-14 20:07:25 - [TEST_STEP][PASSED] - Statement - driver.findElement(org.openqa.selenium.By.xpath("(//ul[@class='unlinked-grouplist']/li/label)[" + i + 1 + "]")).click(): null

2018-06-14 20:07:26 - [TEST_STEP][PASSED] - Statement - println(grouplist.get(i).getText()): null

2018-06-14 20:07:26 - [TEST_STEP][PASSED] - Statement - If (grouplist.get(i).getText().contains("0000")): null

2018-06-14 20:07:26 - [TEST_STEP][PASSED] - Statement - driver.findElement(org.openqa.selenium.By.xpath("(//ul[@class='unlinked-grouplist']/li/label)[" + i + 1 + "]")).click(): null

2018-06-14 20:07:26 - [TEST_STEP][PASSED] - Statement - println(grouplist.get(i).getText()): null

2018-06-14 20:07:26 - [TEST_STEP][PASSED] - Statement - If (grouplist.get(i).getText().contains("0000")): null

2018-06-14 20:07:26 - [TEST_STEP][PASSED] - Statement - driver.findElement(org.openqa.selenium.By.xpath("(//ul[@class='unlinked-grouplist']/li/label)[" + i + 1 + "]")).click(): null

2018-06-14 20:07:26 - [TEST_STEP][PASSED] - Statement - println(grouplist.get(i).getText()): null

2018-06-14 20:07:26 - [TEST_STEP][PASSED] - Statement - If (grouplist.get(i).getText().contains("0000")): null

2018-06-14 20:07:26 - [TEST_STEP][PASSED] - Statement - driver.findElement(org.openqa.selenium.By.xpath("(//ul[@class='unlinked-grouplist']/li/label)[" + i + 1 + "]")).click(): null

2018-06-14 20:07:26 - [TEST_STEP][PASSED] - Statement - println(grouplist.get(i).getText()): null

2018-06-14 20:07:26 - [TEST_STEP][PASSED] - Statement - If (grouplist.get(i).getText().contains("0000")): null

2018-06-14 20:07:26 - [TEST_STEP][PASSED] - Statement - driver.findElement(org.openqa.selenium.By.xpath("(//ul[@class='unlinked-grouplist']/li/label)[" + i + 1 + "]")).click(): null

2018-06-14 20:07:26 - [TEST_STEP][PASSED] - Statement - println(grouplist.get(i).getText()): null

2018-06-14 20:07:26 - [TEST_STEP][PASSED] - Statement - If (grouplist.get(i).getText().contains("0000")): null

2018-06-14 20:07:26 - [TEST_STEP][PASSED] - Statement - driver.findElement(org.openqa.selenium.By.xpath("(//ul[@class='unlinked-grouplist']/li/label)[" + i + 1 + "]")).click(): null

2018-06-14 20:07:26 - [TEST_STEP][PASSED] - Statement - println(grouplist.get(i).getText()): null

2018-06-14 20:07:26 - [TEST_STEP][PASSED] - Statement - If (grouplist.get(i).getText().contains("0000")): null

2018-06-14 20:07:26 - [TEST_STEP][PASSED] - Statement - driver.findElement(org.openqa.selenium.By.xpath("(//ul[@class='unlinked-grouplist']/li/label)[" + i + 1 + "]")).click(): null

2018-06-14 20:07:26 - [TEST_STEP][PASSED] - Statement - println(grouplist.get(i).getText()): null

2018-06-14 20:07:26 - [TEST_STEP][PASSED] - Statement - If (grouplist.get(i).getText().contains("0000")): null

2018-06-14 20:07:26 - [TEST_STEP][PASSED] - Statement - driver.findElement(org.openqa.selenium.By.xpath("(//ul[@class='unlinked-grouplist']/li/label)[" + i + 1 + "]")).click(): null

2018-06-14 20:07:26 - [TEST_STEP][PASSED] - Statement - println(grouplist.get(i).getText()): null

2018-06-14 20:07:26 - [TEST_STEP][PASSED] - Statement - If (grouplist.get(i).getText().contains("0000")): null

2018-06-14 20:07:26 - [TEST_STEP][PASSED] - Statement - driver.findElement(org.openqa.selenium.By.xpath("(//ul[@class='unlinked-grouplist']/li/label)[" + i + 1 + "]")).click(): null

2018-06-14 20:07:26 - [TEST_STEP][PASSED] - Statement - println(grouplist.get(i).getText()): null

2018-06-14 20:07:26 - [TEST_STEP][PASSED] - Statement - If (grouplist.get(i).getText().contains("0000")): null

2018-06-14 20:07:26 - [TEST_STEP][PASSED] - Statement - driver.findElement(org.openqa.selenium.By.xpath("(//ul[@class='unlinked-grouplist']/li/label)[" + i + 1 + "]")).click(): null

2018-06-14 20:07:26 - [TEST_STEP][PASSED] - Statement - println(grouplist.get(i).getText()): null

2018-06-14 20:07:26 - [TEST_STEP][PASSED] - Statement - If (grouplist.get(i).getText().contains("0000")): null

2018-06-14 20:07:26 - [TEST_STEP][PASSED] - Statement - driver.findElement(org.openqa.selenium.By.xpath("(//ul[@class='unlinked-grouplist']/li/label)[" + i + 1 + "]")).click(): null

2018-06-14 20:07:26 - [TEST_STEP][PASSED] - Statement - println(grouplist.get(i).getText()): null

2018-06-14 20:07:26 - [TEST_STEP][PASSED] - Statement - If (grouplist.get(i).getText().contains("0000")): null

2018-06-14 20:07:26 - [TEST_STEP][PASSED] - Statement - driver.findElement(org.openqa.selenium.By.xpath("(//ul[@class='unlinked-grouplist']/li/label)[" + i + 1 + "]")).click(): null

2018-06-14 20:07:26 - [TEST_STEP][PASSED] - Statement - println(grouplist.get(i).getText()): null

2018-06-14 20:07:26 - [TEST_STEP][PASSED] - Statement - If (grouplist.get(i).getText().contains("0000")): null

2018-06-14 20:07:26 - [TEST_STEP][PASSED] - Statement - driver.findElement(org.openqa.selenium.By.xpath("(//ul[@class='unlinked-grouplist']/li/label)[" + i + 1 + "]")).click(): null

2018-06-14 20:07:27 - [TEST_STEP][PASSED] - Statement - println(grouplist.get(i).getText()): null

2018-06-14 20:07:27 - [TEST_STEP][PASSED] - Statement - If (grouplist.get(i).getText().contains("0000")): null

2018-06-14 20:07:27 - [TEST_STEP][PASSED] - Statement - driver.findElement(org.openqa.selenium.By.xpath("(//ul[@class='unlinked-grouplist']/li/label)[" + i + 1 + "]")).click(): null

2018-06-14 20:07:27 - [TEST_STEP][PASSED] - Statement - println(grouplist.get(i).getText()): null

2018-06-14 20:07:27 - [TEST_STEP][PASSED] - Statement - If (grouplist.get(i).getText().contains("0000")): null

2018-06-14 20:07:27 - [TEST_STEP][PASSED] - Statement - driver.findElement(org.openqa.selenium.By.xpath("(//ul[@class='unlinked-grouplist']/li/label)[" + i + 1 + "]")).click(): null

2018-06-14 20:07:27 - [TEST_STEP][PASSED] - Statement - println(grouplist.get(i).getText()): null

2018-06-14 20:07:27 - [TEST_STEP][PASSED] - Statement - If (grouplist.get(i).getText().contains("0000")): null

2018-06-14 20:07:27 - [TEST_STEP][PASSED] - Statement - driver.findElement(org.openqa.selenium.By.xpath("(//ul[@class='unlinked-grouplist']/li/label)[" + i + 1 + "]")).click(): null

2018-06-14 20:07:27 - [TEST_STEP][PASSED] - Statement - println(grouplist.get(i).getText()): null

2018-06-14 20:07:27 - [TEST_STEP][PASSED] - Statement - If (grouplist.get(i).getText().contains("0000")): null

2018-06-14 20:07:27 - [TEST_STEP][PASSED] - Statement - driver.findElement(org.openqa.selenium.By.xpath("(//ul[@class='unlinked-grouplist']/li/label)[" + i + 1 + "]")).click(): null

2018-06-14 20:07:27 - [TEST_STEP][PASSED] - Statement - println(grouplist.get(i).getText()): null

2018-06-14 20:07:27 - [TEST_STEP][PASSED] - Statement - If (grouplist.get(i).getText().contains("0000")): null

2018-06-14 20:07:27 - [TEST_STEP][PASSED] - Statement - driver.findElement(org.openqa.selenium.By.xpath("(//ul[@class='unlinked-grouplist']/li/label)[" + i + 1 + "]")).click(): null

2018-06-14 20:07:27 - [TEST_STEP][PASSED] - Statement - println(grouplist.get(i).getText()): null

2018-06-14 20:07:27 - [TEST_STEP][PASSED] - Statement - If (grouplist.get(i).getText().contains("0000")): null

2018-06-14 20:07:27 - [TEST_STEP][PASSED] - Statement - driver.findElement(org.openqa.selenium.By.xpath("(//ul[@class='unlinked-grouplist']/li/label)[" + i + 1 + "]")).click(): null

2018-06-14 20:07:27 - [TEST_STEP][PASSED] - Statement - println(grouplist.get(i).getText()): null

2018-06-14 20:07:27 - [TEST_STEP][PASSED] - Statement - If (grouplist.get(i).getText().contains("0000")): null

2018-06-14 20:07:27 - [TEST_STEP][PASSED] - Statement - driver.findElement(org.openqa.selenium.By.xpath("(//ul[@class='unlinked-grouplist']/li/label)[" + i + 1 + "]")).click(): null

2018-06-14 20:07:27 - [TEST_STEP][PASSED] - Statement - println(grouplist.get(i).getText()): null

2018-06-14 20:07:27 - [TEST_STEP][PASSED] - Statement - If (grouplist.get(i).getText().contains("0000")): null

2018-06-14 20:07:27 - [TEST_STEP][PASSED] - Statement - driver.findElement(org.openqa.selenium.By.xpath("(//ul[@class='unlinked-grouplist']/li/label)[" + i + 1 + "]")).click(): null

2018-06-14 20:07:27 - [TEST_STEP][PASSED] - Statement - println(grouplist.get(i).getText()): null

2018-06-14 20:07:27 - [TEST_STEP][PASSED] - Statement - If (grouplist.get(i).getText().contains("0000")): null

2018-06-14 20:07:27 - [TEST_STEP][PASSED] - Statement - driver.findElement(org.openqa.selenium.By.xpath("(//ul[@class='unlinked-grouplist']/li/label)[" + i + 1 + "]")).click(): null

2018-06-14 20:07:27 - [TEST_STEP][PASSED] - Statement - println(grouplist.get(i).getText()): null

2018-06-14 20:07:27 - [TEST_STEP][PASSED] - Statement - If (grouplist.get(i).getText().contains("0000")): null

2018-06-14 20:07:27 - [TEST_STEP][PASSED] - Statement - driver.findElement(org.openqa.selenium.By.xpath("(//ul[@class='unlinked-grouplist']/li/label)[" + i + 1 + "]")).click(): null

2018-06-14 20:07:27 - [TEST_STEP][PASSED] - Statement - println(grouplist.get(i).getText()): null

2018-06-14 20:07:27 - [TEST_STEP][PASSED] - Statement - If (grouplist.get(i).getText().contains("0000")): null

2018-06-14 20:07:27 - [TEST_STEP][PASSED] - Statement - driver.findElement(org.openqa.selenium.By.xpath("(//ul[@class='unlinked-grouplist']/li/label)[" + i + 1 + "]")).click(): null

2018-06-14 20:07:27 - [TEST_STEP][PASSED] - Statement - println(grouplist.get(i).getText()): null

2018-06-14 20:07:27 - [TEST_STEP][PASSED] - Statement - If (grouplist.get(i).getText().contains("0000")): null

2018-06-14 20:07:27 - [TEST_STEP][PASSED] - Statement - driver.findElement(org.openqa.selenium.By.xpath("(//ul[@class='unlinked-grouplist']/li/label)[" + i + 1 + "]")).click(): null

2018-06-14 20:07:28 - [TEST_STEP][PASSED] - Statement - println(grouplist.get(i).getText()): null

2018-06-14 20:07:28 - [TEST_STEP][PASSED] - Statement - If (grouplist.get(i).getText().contains("0000")): null

2018-06-14 20:07:28 - [TEST_STEP][PASSED] - Statement - driver.findElement(org.openqa.selenium.By.xpath("(//ul[@class='unlinked-grouplist']/li/label)[" + i + 1 + "]")).click(): null

2018-06-14 20:07:28 - [TEST_STEP][PASSED] - Statement - println(grouplist.get(i).getText()): null

2018-06-14 20:07:28 - [TEST_STEP][PASSED] - Statement - If (grouplist.get(i).getText().contains("0000")): null

2018-06-14 20:07:28 - [TEST_STEP][PASSED] - Statement - driver.findElement(org.openqa.selenium.By.xpath("(//ul[@class='unlinked-grouplist']/li/label)[" + i + 1 + "]")).click(): null

2018-06-14 20:07:28 - [TEST_STEP][PASSED] - Statement - println(grouplist.get(i).getText()): null

2018-06-14 20:07:28 - [TEST_STEP][PASSED] - Statement - If (grouplist.get(i).getText().contains("0000")): null

2018-06-14 20:07:28 - [TEST_STEP][PASSED] - Statement - driver.findElement(org.openqa.selenium.By.xpath("(//ul[@class='unlinked-grouplist']/li/label)[" + i + 1 + "]")).click(): null

2018-06-14 20:07:28 - [TEST_STEP][PASSED] - Statement - println(grouplist.get(i).getText()): null

2018-06-14 20:07:28 - [TEST_STEP][PASSED] - Statement - If (grouplist.get(i).getText().contains("0000")): null

2018-06-14 20:07:28 - [TEST_STEP][PASSED] - Statement - driver.findElement(org.openqa.selenium.By.xpath("(//ul[@class='unlinked-grouplist']/li/label)[" + i + 1 + "]")).click(): null

2018-06-14 20:07:28 - [TEST_STEP][PASSED] - Statement - println(grouplist.get(i).getText()): null

2018-06-14 20:07:28 - [TEST_STEP][PASSED] - Statement - If (grouplist.get(i).getText().contains("0000")): null

2018-06-14 20:07:28 - [TEST_STEP][PASSED] - Statement - driver.findElement(org.openqa.selenium.By.xpath("(//ul[@class='unlinked-grouplist']/li/label)[" + i + 1 + "]")).click(): null

2018-06-14 20:07:28 - [TEST_STEP][PASSED] - Statement - println(grouplist.get(i).getText()): null

2018-06-14 20:07:28 - [TEST_STEP][PASSED] - Statement - If (grouplist.get(i).getText().contains("0000")): null

2018-06-14 20:07:28 - [TEST_STEP][PASSED] - Statement - driver.findElement(org.openqa.selenium.By.xpath("(//ul[@class='unlinked-grouplist']/li/label)[" + i + 1 + "]")).click(): null

2018-06-14 20:07:28 - [TEST_STEP][PASSED] - Statement - println(grouplist.get(i).getText()): null

2018-06-14 20:07:28 - [TEST_STEP][PASSED] - Statement - If (grouplist.get(i).getText().contains("0000")): null

2018-06-14 20:07:28 - [TEST_STEP][PASSED] - Statement - driver.findElement(org.openqa.selenium.By.xpath("(//ul[@class='unlinked-grouplist']/li/label)[" + i + 1 + "]")).click(): null

2018-06-14 20:07:28 - [TEST_STEP][PASSED] - Statement - println(grouplist.get(i).getText()): null

2018-06-14 20:07:28 - [TEST_STEP][PASSED] - Statement - If (grouplist.get(i).getText().contains("0000")): null

2018-06-14 20:07:28 - [TEST_STEP][PASSED] - Statement - driver.findElement(org.openqa.selenium.By.xpath("(//ul[@class='unlinked-grouplist']/li/label)[" + i + 1 + "]")).click(): null

2018-06-14 20:07:28 - [TEST_STEP][PASSED] - Statement - println(grouplist.get(i).getText()): null

2018-06-14 20:07:28 - [TEST_STEP][PASSED] - Statement - If (grouplist.get(i).getText().contains("0000")): null

2018-06-14 20:07:28 - [TEST_STEP][PASSED] - Statement - driver.findElement(org.openqa.selenium.By.xpath("(//ul[@class='unlinked-grouplist']/li/label)[" + i + 1 + "]")).click(): null

2018-06-14 20:07:28 - [TEST_STEP][PASSED] - Statement - println(grouplist.get(i).getText()): null

2018-06-14 20:07:28 - [TEST_STEP][PASSED] - Statement - If (grouplist.get(i).getText().contains("0000")): null

2018-06-14 20:07:28 - [TEST_STEP][PASSED] - Statement - driver.findElement(org.openqa.selenium.By.xpath("(//ul[@class='unlinked-grouplist']/li/label)[" + i + 1 + "]")).click(): null

2018-06-14 20:07:28 - [TEST_STEP][PASSED] - Statement - println(grouplist.get(i).getText()): null

2018-06-14 20:07:28 - [TEST_STEP][PASSED] - Statement - If (grouplist.get(i).getText().contains("0000")): null

2018-06-14 20:07:28 - [TEST_STEP][PASSED] - Statement - driver.findElement(org.openqa.selenium.By.xpath("(//ul[@class='unlinked-grouplist']/li/label)[" + i + 1 + "]")).click(): null

2018-06-14 20:07:28 - [TEST_STEP][PASSED] - Statement - println(grouplist.get(i).getText()): null

2018-06-14 20:07:28 - [TEST_STEP][PASSED] - Statement - If (grouplist.get(i).getText().contains("0000")): null

2018-06-14 20:07:28 - [TEST_STEP][PASSED] - Statement - driver.findElement(org.openqa.selenium.By.xpath("(//ul[@class='unlinked-grouplist']/li/label)[" + i + 1 + "]")).click(): null

2018-06-14 20:07:29 - [TEST_STEP][PASSED] - Statement - println(grouplist.get(i).getText()): null

2018-06-14 20:07:29 - [TEST_STEP][PASSED] - Statement - If (grouplist.get(i).getText().contains("0000")): null

2018-06-14 20:07:29 - [TEST_STEP][PASSED] - Statement - driver.findElement(org.openqa.selenium.By.xpath("(//ul[@class='unlinked-grouplist']/li/label)[" + i + 1 + "]")).click(): null

2018-06-14 20:07:29 - [TEST_STEP][PASSED] - Statement - println(grouplist.get(i).getText()): null

2018-06-14 20:07:29 - [TEST_STEP][PASSED] - Statement - If (grouplist.get(i).getText().contains("0000")): null

2018-06-14 20:07:29 - [TEST_STEP][PASSED] - Statement - driver.findElement(org.openqa.selenium.By.xpath("(//ul[@class='unlinked-grouplist']/li/label)[" + i + 1 + "]")).click(): null

2018-06-14 20:07:29 - [TEST_STEP][PASSED] - Statement - println(grouplist.get(i).getText()): null

2018-06-14 20:07:29 - [TEST_STEP][PASSED] - Statement - If (grouplist.get(i).getText().contains("0000")): null

2018-06-14 20:07:29 - [TEST_STEP][PASSED] - Statement - driver.findElement(org.openqa.selenium.By.xpath("(//ul[@class='unlinked-grouplist']/li/label)[" + i + 1 + "]")).click(): null

2018-06-14 20:07:29 - [TEST_STEP][PASSED] - Statement - println(grouplist.get(i).getText()): null

2018-06-14 20:07:29 - [TEST_STEP][PASSED] - Statement - If (grouplist.get(i).getText().contains("0000")): null

2018-06-14 20:07:29 - [TEST_STEP][PASSED] - Statement - driver.findElement(org.openqa.selenium.By.xpath("(//ul[@class='unlinked-grouplist']/li/label)[" + i + 1 + "]")).click(): null

2018-06-14 20:07:29 - [TEST_STEP][PASSED] - Statement - println(grouplist.get(i).getText()): null

2018-06-14 20:07:29 - [TEST_STEP][PASSED] - Statement - If (grouplist.get(i).getText().contains("0000")): null

2018-06-14 20:07:29 - [TEST_STEP][PASSED] - Statement - driver.findElement(org.openqa.selenium.By.xpath("(//ul[@class='unlinked-grouplist']/li/label)[" + i + 1 + "]")).click(): null

2018-06-14 20:07:29 - [TEST_STEP][PASSED] - Statement - println(grouplist.get(i).getText()): null

2018-06-14 20:07:29 - [TEST_STEP][PASSED] - Statement - If (grouplist.get(i).getText().contains("0000")): null

2018-06-14 20:07:29 - [TEST_STEP][PASSED] - Statement - driver.findElement(org.openqa.selenium.By.xpath("(//ul[@class='unlinked-grouplist']/li/label)[" + i + 1 + "]")).click(): null

2018-06-14 20:07:29 - [TEST_STEP][PASSED] - Statement - println(grouplist.get(i).getText()): null

2018-06-14 20:07:29 - [TEST_STEP][PASSED] - Statement - If (grouplist.get(i).getText().contains("0000")): null

2018-06-14 20:07:29 - [TEST_STEP][PASSED] - Statement - driver.findElement(org.openqa.selenium.By.xpath("(//ul[@class='unlinked-grouplist']/li/label)[" + i + 1 + "]")).click(): null

2018-06-14 20:07:29 - [TEST_STEP][PASSED] - Statement - println(grouplist.get(i).getText()): null

2018-06-14 20:07:29 - [TEST_STEP][PASSED] - Statement - If (grouplist.get(i).getText().contains("0000")): null

2018-06-14 20:07:29 - [TEST_STEP][PASSED] - Statement - driver.findElement(org.openqa.selenium.By.xpath("(//ul[@class='unlinked-grouplist']/li/label)[" + i + 1 + "]")).click(): null

2018-06-14 20:07:29 - [TEST_STEP][PASSED] - Statement - println(grouplist.get(i).getText()): null

2018-06-14 20:07:29 - [TEST_STEP][PASSED] - Statement - If (grouplist.get(i).getText().contains("0000")): null

2018-06-14 20:07:29 - [TEST_STEP][PASSED] - Statement - driver.findElement(org.openqa.selenium.By.xpath("(//ul[@class='unlinked-grouplist']/li/label)[" + i + 1 + "]")).click(): null

2018-06-14 20:07:29 - [TEST_STEP][PASSED] - Statement - println(grouplist.get(i).getText()): null

2018-06-14 20:07:29 - [TEST_STEP][PASSED] - Statement - If (grouplist.get(i).getText().contains("0000")): null

2018-06-14 20:07:29 - [TEST_STEP][PASSED] - Statement - driver.findElement(org.openqa.selenium.By.xpath("(//ul[@class='unlinked-grouplist']/li/label)[" + i + 1 + "]")).click(): null

2018-06-14 20:07:29 - [TEST_STEP][PASSED] - Statement - println(grouplist.get(i).getText()): null

2018-06-14 20:07:29 - [TEST_STEP][PASSED] - Statement - If (grouplist.get(i).getText().contains("0000")): null

2018-06-14 20:07:29 - [TEST_STEP][PASSED] - Statement - driver.findElement(org.openqa.selenium.By.xpath("(//ul[@class='unlinked-grouplist']/li/label)[" + i + 1 + "]")).click(): null

2018-06-14 20:07:29 - [TEST_STEP][PASSED] - Statement - println(grouplist.get(i).getText()): null

2018-06-14 20:07:29 - [TEST_STEP][PASSED] - Statement - If (grouplist.get(i).getText().contains("0000")): null

2018-06-14 20:07:29 - [TEST_STEP][PASSED] - Statement - driver.findElement(org.openqa.selenium.By.xpath("(//ul[@class='unlinked-grouplist']/li/label)[" + i + 1 + "]")).click(): null

2018-06-14 20:07:30 - [TEST_STEP][PASSED] - Statement - println(grouplist.get(i).getText()): null

2018-06-14 20:07:30 - [TEST_STEP][PASSED] - Statement - If (grouplist.get(i).getText().contains("0000")): null

2018-06-14 20:07:30 - [TEST_STEP][PASSED] - Statement - driver.findElement(org.openqa.selenium.By.xpath("(//ul[@class='unlinked-grouplist']/li/label)[" + i + 1 + "]")).click(): null

2018-06-14 20:07:30 - [TEST_STEP][PASSED] - Statement - println(grouplist.get(i).getText()): null

2018-06-14 20:07:30 - [TEST_STEP][PASSED] - Statement - If (grouplist.get(i).getText().contains("0000")): null

2018-06-14 20:07:30 - [TEST_STEP][PASSED] - Statement - driver.findElement(org.openqa.selenium.By.xpath("(//ul[@class='unlinked-grouplist']/li/label)[" + i + 1 + "]")).click(): null

2018-06-14 20:07:30 - [TEST_STEP][PASSED] - Statement - println(grouplist.get(i).getText()): null

2018-06-14 20:07:30 - [TEST_STEP][PASSED] - Statement - If (grouplist.get(i).getText().contains("0000")): null

2018-06-14 20:07:30 - [TEST_STEP][PASSED] - Statement - driver.findElement(org.openqa.selenium.By.xpath("(//ul[@class='unlinked-grouplist']/li/label)[" + i + 1 + "]")).click(): null

2018-06-14 20:07:30 - [TEST_STEP][PASSED] - Statement - println(grouplist.get(i).getText()): null

2018-06-14 20:07:30 - [TEST_STEP][PASSED] - Statement - If (grouplist.get(i).getText().contains("0000")): null

2018-06-14 20:07:30 - [TEST_STEP][PASSED] - Statement - driver.findElement(org.openqa.selenium.By.xpath("(//ul[@class='unlinked-grouplist']/li/label)[" + i + 1 + "]")).click(): null

2018-06-14 20:07:30 - [TEST_STEP][PASSED] - Statement - println(grouplist.get(i).getText()): null

2018-06-14 20:07:30 - [TEST_STEP][PASSED] - Statement - If (grouplist.get(i).getText().contains("0000")): null

2018-06-14 20:07:30 - [TEST_STEP][PASSED] - Statement - driver.findElement(org.openqa.selenium.By.xpath("(//ul[@class='unlinked-grouplist']/li/label)[" + i + 1 + "]")).click(): null

2018-06-14 20:07:30 - [TEST_STEP][PASSED] - Statement - println(grouplist.get(i).getText()): null

2018-06-14 20:07:30 - [TEST_STEP][PASSED] - Statement - If (grouplist.get(i).getText().contains("0000")): null

2018-06-14 20:07:30 - [TEST_STEP][PASSED] - Statement - driver.findElement(org.openqa.selenium.By.xpath("(//ul[@class='unlinked-grouplist']/li/label)[" + i + 1 + "]")).click(): null

2018-06-14 20:07:30 - [TEST_STEP][PASSED] - Statement - println(grouplist.get(i).getText()): null

2018-06-14 20:07:30 - [TEST_STEP][PASSED] - Statement - If (grouplist.get(i).getText().contains("0000")): null

2018-06-14 20:07:30 - [TEST_STEP][PASSED] - Statement - driver.findElement(org.openqa.selenium.By.xpath("(//ul[@class='unlinked-grouplist']/li/label)[" + i + 1 + "]")).click(): null

2018-06-14 20:07:30 - [TEST_STEP][PASSED] - Statement - println(grouplist.get(i).getText()): null

2018-06-14 20:07:30 - [TEST_STEP][PASSED] - Statement - If (grouplist.get(i).getText().contains("0000")): null

2018-06-14 20:07:30 - [TEST_STEP][PASSED] - Statement - driver.findElement(org.openqa.selenium.By.xpath("(//ul[@class='unlinked-grouplist']/li/label)[" + i + 1 + "]")).click(): null

2018-06-14 20:07:30 - [TEST_STEP][PASSED] - Statement - println(grouplist.get(i).getText()): null

2018-06-14 20:07:30 - [TEST_STEP][PASSED] - Statement - If (grouplist.get(i).getText().contains("0000")): null

2018-06-14 20:07:30 - [TEST_STEP][PASSED] - Statement - driver.findElement(org.openqa.selenium.By.xpath("(//ul[@class='unlinked-grouplist']/li/label)[" + i + 1 + "]")).click(): null

2018-06-14 20:07:30 - [TEST_STEP][PASSED] - Statement - println(grouplist.get(i).getText()): null

2018-06-14 20:07:30 - [TEST_STEP][PASSED] - Statement - If (grouplist.get(i).getText().contains("0000")): null

2018-06-14 20:07:30 - [TEST_STEP][PASSED] - Statement - driver.findElement(org.openqa.selenium.By.xpath("(//ul[@class='unlinked-grouplist']/li/label)[" + i + 1 + "]")).click(): null

2018-06-14 20:07:30 - [TEST_STEP][PASSED] - Statement - println(grouplist.get(i).getText()): null

2018-06-14 20:07:30 - [TEST_STEP][PASSED] - Statement - If (grouplist.get(i).getText().contains("0000")): null

2018-06-14 20:07:30 - [TEST_STEP][PASSED] - Statement - driver.findElement(org.openqa.selenium.By.xpath("(//ul[@class='unlinked-grouplist']/li/label)[" + i + 1 + "]")).click(): null

2018-06-14 20:07:30 - [TEST_STEP][PASSED] - Statement - println(grouplist.get(i).getText()): null

2018-06-14 20:07:30 - [TEST_STEP][PASSED] - Statement - If (grouplist.get(i).getText().contains("0000")): null

2018-06-14 20:07:30 - [TEST_STEP][PASSED] - Statement - driver.findElement(org.openqa.selenium.By.xpath("(//ul[@class='unlinked-grouplist']/li/label)[" + i + 1 + "]")).click(): null

2018-06-14 20:07:31 - [TEST_STEP][PASSED] - Statement - println(grouplist.get(i).getText()): null

2018-06-14 20:07:31 - [TEST_STEP][PASSED] - Statement - If (grouplist.get(i).getText().contains("0000")): null

2018-06-14 20:07:31 - [TEST_STEP][PASSED] - Statement - driver.findElement(org.openqa.selenium.By.xpath("(//ul[@class='unlinked-grouplist']/li/label)[" + i + 1 + "]")).click(): null

2018-06-14 20:07:31 - [TEST_STEP][PASSED] - Statement - println(grouplist.get(i).getText()): null

2018-06-14 20:07:31 - [TEST_STEP][PASSED] - Statement - If (grouplist.get(i).getText().contains("0000")): null

2018-06-14 20:07:31 - [TEST_STEP][PASSED] - Statement - driver.findElement(org.openqa.selenium.By.xpath("(//ul[@class='unlinked-grouplist']/li/label)[" + i + 1 + "]")).click(): null

2018-06-14 20:07:31 - [TEST_STEP][PASSED] - Statement - println(grouplist.get(i).getText()): null

2018-06-14 20:07:31 - [TEST_STEP][PASSED] - Statement - If (grouplist.get(i).getText().contains("0000")): null

2018-06-14 20:07:31 - [TEST_STEP][PASSED] - Statement - driver.findElement(org.openqa.selenium.By.xpath("(//ul[@class='unlinked-grouplist']/li/label)[" + i + 1 + "]")).click(): null

2018-06-14 20:07:31 - [TEST_STEP][PASSED] - Statement - println(grouplist.get(i).getText()): null

2018-06-14 20:07:31 - [TEST_STEP][PASSED] - Statement - If (grouplist.get(i).getText().contains("0000")): null

2018-06-14 20:07:31 - [TEST_STEP][PASSED] - Statement - driver.findElement(org.openqa.selenium.By.xpath("(//ul[@class='unlinked-grouplist']/li/label)[" + i + 1 + "]")).click(): null

2018-06-14 20:07:31 - [TEST_STEP][PASSED] - Statement - println(grouplist.get(i).getText()): null

2018-06-14 20:07:31 - [TEST_STEP][PASSED] - Statement - If (grouplist.get(i).getText().contains("0000")): null

2018-06-14 20:07:31 - [TEST_STEP][PASSED] - Statement - driver.findElement(org.openqa.selenium.By.xpath("(//ul[@class='unlinked-grouplist']/li/label)[" + i + 1 + "]")).click(): null

2018-06-14 20:07:31 - [TEST_STEP][PASSED] - Statement - println(grouplist.get(i).getText()): null

2018-06-14 20:07:31 - [TEST_STEP][PASSED] - Statement - If (grouplist.get(i).getText().contains("0000")): null

2018-06-14 20:07:31 - [TEST_STEP][PASSED] - Statement - driver.findElement(org.openqa.selenium.By.xpath("(//ul[@class='unlinked-grouplist']/li/label)[" + i + 1 + "]")).click(): null

2018-06-14 20:07:31 - [TEST_STEP][PASSED] - Statement - println(grouplist.get(i).getText()): null

2018-06-14 20:07:31 - [TEST_STEP][PASSED] - Statement - If (grouplist.get(i).getText().contains("0000")): null

2018-06-14 20:07:31 - [TEST_STEP][PASSED] - Statement - driver.findElement(org.openqa.selenium.By.xpath("(//ul[@class='unlinked-grouplist']/li/label)[" + i + 1 + "]")).click(): null

2018-06-14 20:07:31 - [TEST_STEP][PASSED] - Statement - println(grouplist.get(i).getText()): null

2018-06-14 20:07:31 - [TEST_STEP][PASSED] - Statement - If (grouplist.get(i).getText().contains("0000")): null

2018-06-14 20:07:31 - [TEST_STEP][PASSED] - Statement - driver.findElement(org.openqa.selenium.By.xpath("(//ul[@class='unlinked-grouplist']/li/label)[" + i + 1 + "]")).click(): null

2018-06-14 20:07:31 - [TEST_STEP][PASSED] - Statement - println(grouplist.get(i).getText()): null

2018-06-14 20:07:31 - [TEST_STEP][PASSED] - Statement - If (grouplist.get(i).getText().contains("0000")): null

2018-06-14 20:07:31 - [TEST_STEP][PASSED] - Statement - driver.findElement(org.openqa.selenium.By.xpath("(//ul[@class='unlinked-grouplist']/li/label)[" + i + 1 + "]")).click(): null

2018-06-14 20:07:31 - [TEST_STEP][PASSED] - Statement - println(grouplist.get(i).getText()): null

2018-06-14 20:07:31 - [TEST_STEP][PASSED] - Statement - If (grouplist.get(i).getText().contains("0000")): null

2018-06-14 20:07:31 - [TEST_STEP][PASSED] - Statement - driver.findElement(org.openqa.selenium.By.xpath("(//ul[@class='unlinked-grouplist']/li/label)[" + i + 1 + "]")).click(): null

2018-06-14 20:07:31 - [TEST_STEP][PASSED] - Statement - println(grouplist.get(i).getText()): null

2018-06-14 20:07:31 - [TEST_STEP][PASSED] - Statement - If (grouplist.get(i).getText().contains("0000")): null

2018-06-14 20:07:31 - [TEST_STEP][PASSED] - Statement - driver.findElement(org.openqa.selenium.By.xpath("(//ul[@class='unlinked-grouplist']/li/label)[" + i + 1 + "]")).click(): null

2018-06-14 20:07:31 - [TEST_STEP][PASSED] - Statement - println(grouplist.get(i).getText()): null

2018-06-14 20:07:32 - [TEST_STEP][PASSED] - Statement - If (grouplist.get(i).getText().contains("0000")): null

2018-06-14 20:07:32 - [TEST_STEP][PASSED] - Statement - driver.findElement(org.openqa.selenium.By.xpath("(//ul[@class='unlinked-grouplist']/li/label)[" + i + 1 + "]")).click(): null

2018-06-14 20:07:32 - [TEST_STEP][PASSED] - Statement - println(grouplist.get(i).getText()): null

2018-06-14 20:07:32 - [TEST_STEP][PASSED] - Statement - If (grouplist.get(i).getText().contains("0000")): null

2018-06-14 20:07:32 - [TEST_STEP][PASSED] - Statement - driver.findElement(org.openqa.selenium.By.xpath("(//ul[@class='unlinked-grouplist']/li/label)[" + i + 1 + "]")).click(): null

2018-06-14 20:07:32 - [TEST_STEP][PASSED] - Statement - println(grouplist.get(i).getText()): null

2018-06-14 20:07:32 - [TEST_STEP][PASSED] - Statement - If (grouplist.get(i).getText().contains("0000")): null

2018-06-14 20:07:32 - [TEST_STEP][PASSED] - Statement - driver.findElement(org.openqa.selenium.By.xpath("(//ul[@class='unlinked-grouplist']/li/label)[" + i + 1 + "]")).click(): null

2018-06-14 20:07:32 - [TEST_STEP][PASSED] - Statement - println(grouplist.get(i).getText()): null

2018-06-14 20:07:32 - [TEST_STEP][PASSED] - Statement - If (grouplist.get(i).getText().contains("0000")): null

2018-06-14 20:07:32 - [TEST_STEP][PASSED] - Statement - driver.findElement(org.openqa.selenium.By.xpath("(//ul[@class='unlinked-grouplist']/li/label)[" + i + 1 + "]")).click(): null

2018-06-14 20:07:32 - [TEST_STEP][PASSED] - Statement - println(grouplist.get(i).getText()): null

2018-06-14 20:07:32 - [TEST_STEP][PASSED] - Statement - If (grouplist.get(i).getText().contains("0000")): null

2018-06-14 20:07:32 - [TEST_STEP][PASSED] - Statement - driver.findElement(org.openqa.selenium.By.xpath("(//ul[@class='unlinked-grouplist']/li/label)[" + i + 1 + "]")).click(): null

2018-06-14 20:07:32 - [TEST_STEP][PASSED] - Statement - println(grouplist.get(i).getText()): null

2018-06-14 20:07:32 - [TEST_STEP][PASSED] - Statement - If (grouplist.get(i).getText().contains("0000")): null

2018-06-14 20:07:32 - [TEST_STEP][PASSED] - Statement - driver.findElement(org.openqa.selenium.By.xpath("(//ul[@class='unlinked-grouplist']/li/label)[" + i + 1 + "]")).click(): null

2018-06-14 20:07:32 - [TEST_STEP][PASSED] - Statement - println(grouplist.get(i).getText()): null

2018-06-14 20:07:32 - [TEST_STEP][PASSED] - Statement - If (grouplist.get(i).getText().contains("0000")): null

2018-06-14 20:07:32 - [TEST_STEP][PASSED] - Statement - driver.findElement(org.openqa.selenium.By.xpath("(//ul[@class='unlinked-grouplist']/li/label)[" + i + 1 + "]")).click(): null

2018-06-14 20:07:32 - [TEST_STEP][PASSED] - Statement - println(grouplist.get(i).getText()): null

2018-06-14 20:07:32 - [TEST_STEP][PASSED] - Statement - If (grouplist.get(i).getText().contains("0000")): null

2018-06-14 20:07:32 - [TEST_STEP][PASSED] - Statement - driver.findElement(org.openqa.selenium.By.xpath("(//ul[@class='unlinked-grouplist']/li/label)[" + i + 1 + "]")).click(): null

2018-06-14 20:07:32 - [TEST_STEP][PASSED] - Statement - println(grouplist.get(i).getText()): null

2018-06-14 20:07:32 - [TEST_STEP][PASSED] - Statement - If (grouplist.get(i).getText().contains("0000")): null

2018-06-14 20:07:32 - [TEST_STEP][PASSED] - Statement - driver.findElement(org.openqa.selenium.By.xpath("(//ul[@class='unlinked-grouplist']/li/label)[" + i + 1 + "]")).click(): null

2018-06-14 20:07:32 - [TEST_STEP][PASSED] - Statement - println(grouplist.get(i).getText()): null

2018-06-14 20:07:32 - [TEST_STEP][PASSED] - Statement - If (grouplist.get(i).getText().contains("0000")): null

2018-06-14 20:07:32 - [TEST_STEP][PASSED] - Statement - driver.findElement(org.openqa.selenium.By.xpath("(//ul[@class='unlinked-grouplist']/li/label)[" + i + 1 + "]")).click(): null

2018-06-14 20:07:32 - [TEST_STEP][PASSED] - Statement - println(grouplist.get(i).getText()): null

2018-06-14 20:07:32 - [TEST_STEP][PASSED] - Statement - If (grouplist.get(i).getText().contains("0000")): null

2018-06-14 20:07:32 - [TEST_STEP][PASSED] - Statement - driver.findElement(org.openqa.selenium.By.xpath("(//ul[@class='unlinked-grouplist']/li/label)[" + i + 1 + "]")).click(): null

2018-06-14 20:07:32 - [TEST_STEP][PASSED] - Statement - println(grouplist.get(i).getText()): null

2018-06-14 20:07:32 - [TEST_STEP][PASSED] - Statement - If (grouplist.get(i).getText().contains("0000")): null

2018-06-14 20:07:32 - [TEST_STEP][PASSED] - Statement - driver.findElement(org.openqa.selenium.By.xpath("(//ul[@class='unlinked-grouplist']/li/label)[" + i + 1 + "]")).click(): null

2018-06-14 20:07:32 - [TEST_STEP][PASSED] - Statement - println(grouplist.get(i).getText()): null

2018-06-14 20:07:33 - [TEST_STEP][PASSED] - Statement - If (grouplist.get(i).getText().contains("0000")): null

2018-06-14 20:07:33 - [TEST_STEP][PASSED] - Statement - driver.findElement(org.openqa.selenium.By.xpath("(//ul[@class='unlinked-grouplist']/li/label)[" + i + 1 + "]")).click(): null

2018-06-14 20:07:33 - [TEST_STEP][PASSED] - Statement - println(grouplist.get(i).getText()): null

2018-06-14 20:07:33 - [TEST_STEP][PASSED] - Statement - If (grouplist.get(i).getText().contains("0000")): null

2018-06-14 20:07:33 - [TEST_STEP][PASSED] - Statement - driver.findElement(org.openqa.selenium.By.xpath("(//ul[@class='unlinked-grouplist']/li/label)[" + i + 1 + "]")).click(): null

2018-06-14 20:07:33 - [TEST_STEP][PASSED] - Statement - println(grouplist.get(i).getText()): null

2018-06-14 20:07:33 - [TEST_STEP][PASSED] - Statement - If (grouplist.get(i).getText().contains("0000")): null

2018-06-14 20:07:33 - [TEST_STEP][PASSED] - Statement - driver.findElement(org.openqa.selenium.By.xpath("(//ul[@class='unlinked-grouplist']/li/label)[" + i + 1 + "]")).click(): null

2018-06-14 20:07:33 - [TEST_STEP][PASSED] - Statement - println(grouplist.get(i).getText()): null

2018-06-14 20:07:33 - [TEST_STEP][PASSED] - Statement - If (grouplist.get(i).getText().contains("0000")): null

2018-06-14 20:07:33 - [TEST_STEP][PASSED] - Statement - driver.findElement(org.openqa.selenium.By.xpath("(//ul[@class='unlinked-grouplist']/li/label)[" + i + 1 + "]")).click(): null

2018-06-14 20:07:33 - [TEST_STEP][PASSED] - Statement - println(grouplist.get(i).getText()): null

2018-06-14 20:07:33 - [TEST_STEP][PASSED] - Statement - If (grouplist.get(i).getText().contains("0000")): null

2018-06-14 20:07:33 - [TEST_STEP][PASSED] - Statement - driver.findElement(org.openqa.selenium.By.xpath("(//ul[@class='unlinked-grouplist']/li/label)[" + i + 1 + "]")).click(): null

2018-06-14 20:07:33 - [TEST_STEP][PASSED] - Statement - println(grouplist.get(i).getText()): null

2018-06-14 20:07:33 - [TEST_STEP][PASSED] - Statement - If (grouplist.get(i).getText().contains("0000")): null

2018-06-14 20:07:33 - [TEST_STEP][PASSED] - Statement - driver.findElement(org.openqa.selenium.By.xpath("(//ul[@class='unlinked-grouplist']/li/label)[" + i + 1 + "]")).click(): null

2018-06-14 20:07:33 - [TEST_STEP][PASSED] - Statement - println(grouplist.get(i).getText()): null

2018-06-14 20:07:33 - [TEST_STEP][PASSED] - Statement - If (grouplist.get(i).getText().contains("0000")): null

2018-06-14 20:07:33 - [TEST_STEP][PASSED] - Statement - driver.findElement(org.openqa.selenium.By.xpath("(//ul[@class='unlinked-grouplist']/li/label)[" + i + 1 + "]")).click(): null

2018-06-14 20:07:33 - [TEST_STEP][PASSED] - Statement - println(grouplist.get(i).getText()): null

2018-06-14 20:07:33 - [TEST_STEP][PASSED] - Statement - If (grouplist.get(i).getText().contains("0000")): null

2018-06-14 20:07:33 - [TEST_STEP][PASSED] - Statement - driver.findElement(org.openqa.selenium.By.xpath("(//ul[@class='unlinked-grouplist']/li/label)[" + i + 1 + "]")).click(): null

2018-06-14 20:07:33 - [TEST_STEP][PASSED] - Statement - println(grouplist.get(i).getText()): null

2018-06-14 20:07:33 - [TEST_STEP][PASSED] - Statement - If (grouplist.get(i).getText().contains("0000")): null

2018-06-14 20:07:33 - [TEST_STEP][PASSED] - Statement - driver.findElement(org.openqa.selenium.By.xpath("(//ul[@class='unlinked-grouplist']/li/label)[" + i + 1 + "]")).click(): null

2018-06-14 20:07:33 - [TEST_STEP][PASSED] - Statement - println(grouplist.get(i).getText()): null

2018-06-14 20:07:33 - [TEST_STEP][PASSED] - Statement - If (grouplist.get(i).getText().contains("0000")): null

2018-06-14 20:07:33 - [TEST_STEP][PASSED] - Statement - driver.findElement(org.openqa.selenium.By.xpath("(//ul[@class='unlinked-grouplist']/li/label)[" + i + 1 + "]")).click(): null

2018-06-14 20:07:33 - [TEST_STEP][PASSED] - Statement - println(grouplist.get(i).getText()): null

2018-06-14 20:07:33 - [TEST_STEP][PASSED] - Statement - If (grouplist.get(i).getText().contains("0000")): null

2018-06-14 20:07:33 - [TEST_STEP][PASSED] - Statement - driver.findElement(org.openqa.selenium.By.xpath("(//ul[@class='unlinked-grouplist']/li/label)[" + i + 1 + "]")).click(): null

2018-06-14 20:07:33 - [TEST_STEP][PASSED] - Statement - println(grouplist.get(i).getText()): null

2018-06-14 20:07:33 - [TEST_STEP][PASSED] - Statement - If (grouplist.get(i).getText().contains("0000")): null

2018-06-14 20:07:33 - [TEST_STEP][PASSED] - Statement - driver.findElement(org.openqa.selenium.By.xpath("(//ul[@class='unlinked-grouplist']/li/label)[" + i + 1 + "]")).click(): null

2018-06-14 20:07:33 - [TEST_STEP][PASSED] - Statement - println(grouplist.get(i).getText()): null

2018-06-14 20:07:34 - [TEST_STEP][PASSED] - Statement - If (grouplist.get(i).getText().contains("0000")): null

2018-06-14 20:07:34 - [TEST_STEP][PASSED] - Statement - driver.findElement(org.openqa.selenium.By.xpath("(//ul[@class='unlinked-grouplist']/li/label)[" + i + 1 + "]")).click(): null

2018-06-14 20:07:34 - [TEST_STEP][PASSED] - Statement - println(grouplist.get(i).getText()): null

2018-06-14 20:07:34 - [TEST_STEP][PASSED] - Statement - If (grouplist.get(i).getText().contains("0000")): null

2018-06-14 20:07:34 - [TEST_STEP][PASSED] - Statement - driver.findElement(org.openqa.selenium.By.xpath("(//ul[@class='unlinked-grouplist']/li/label)[" + i + 1 + "]")).click(): null

2018-06-14 20:07:34 - [TEST_STEP][PASSED] - Statement - println(grouplist.get(i).getText()): null

2018-06-14 20:07:34 - [TEST_STEP][PASSED] - Statement - If (grouplist.get(i).getText().contains("0000")): null

2018-06-14 20:07:34 - [TEST_STEP][PASSED] - Statement - driver.findElement(org.openqa.selenium.By.xpath("(//ul[@class='unlinked-grouplist']/li/label)[" + i + 1 + "]")).click(): null

2018-06-14 20:07:34 - [TEST_STEP][PASSED] - Statement - println(grouplist.get(i).getText()): null

2018-06-14 20:07:34 - [TEST_STEP][PASSED] - Statement - If (grouplist.get(i).getText().contains("0000")): null

2018-06-14 20:07:34 - [TEST_STEP][PASSED] - Statement - driver.findElement(org.openqa.selenium.By.xpath("(//ul[@class='unlinked-grouplist']/li/label)[" + i + 1 + "]")).click(): null

2018-06-14 20:07:34 - [TEST_STEP][PASSED] - Statement - println(grouplist.get(i).getText()): null

2018-06-14 20:07:34 - [TEST_STEP][PASSED] - Statement - If (grouplist.get(i).getText().contains("0000")): null

2018-06-14 20:07:34 - [TEST_STEP][PASSED] - Statement - driver.findElement(org.openqa.selenium.By.xpath("(//ul[@class='unlinked-grouplist']/li/label)[" + i + 1 + "]")).click(): null

2018-06-14 20:07:34 - [TEST_STEP][PASSED] - Statement - println(grouplist.get(i).getText()): null

2018-06-14 20:07:34 - [TEST_STEP][PASSED] - Statement - If (grouplist.get(i).getText().contains("0000")): null

2018-06-14 20:07:34 - [TEST_STEP][PASSED] - Statement - driver.findElement(org.openqa.selenium.By.xpath("(//ul[@class='unlinked-grouplist']/li/label)[" + i + 1 + "]")).click(): null

2018-06-14 20:07:34 - [TEST_STEP][PASSED] - Statement - println(grouplist.get(i).getText()): null

2018-06-14 20:07:34 - [TEST_STEP][PASSED] - Statement - If (grouplist.get(i).getText().contains("0000")): null

2018-06-14 20:07:34 - [TEST_STEP][PASSED] - Statement - driver.findElement(org.openqa.selenium.By.xpath("(//ul[@class='unlinked-grouplist']/li/label)[" + i + 1 + "]")).click(): null

2018-06-14 20:07:34 - [TEST_STEP][PASSED] - Statement - println(grouplist.get(i).getText()): null

2018-06-14 20:07:34 - [TEST_STEP][PASSED] - Statement - If (grouplist.get(i).getText().contains("0000")): null

2018-06-14 20:07:34 - [TEST_STEP][PASSED] - Statement - driver.findElement(org.openqa.selenium.By.xpath("(//ul[@class='unlinked-grouplist']/li/label)[" + i + 1 + "]")).click(): null

2018-06-14 20:07:34 - [TEST_STEP][PASSED] - Statement - println(grouplist.get(i).getText()): null

2018-06-14 20:07:34 - [TEST_STEP][PASSED] - Statement - If (grouplist.get(i).getText().contains("0000")): null

2018-06-14 20:07:34 - [TEST_STEP][PASSED] - Statement - driver.findElement(org.openqa.selenium.By.xpath("(//ul[@class='unlinked-grouplist']/li/label)[" + i + 1 + "]")).click(): null

2018-06-14 20:07:34 - [TEST_STEP][PASSED] - Statement - println(grouplist.get(i).getText()): null

2018-06-14 20:07:34 - [TEST_STEP][PASSED] - Statement - If (grouplist.get(i).getText().contains("0000")): null

2018-06-14 20:07:34 - [TEST_STEP][PASSED] - Statement - driver.findElement(org.openqa.selenium.By.xpath("(//ul[@class='unlinked-grouplist']/li/label)[" + i + 1 + "]")).click(): null

2018-06-14 20:07:34 - [TEST_STEP][PASSED] - Statement - println(grouplist.get(i).getText()): null

2018-06-14 20:07:34 - [TEST_STEP][PASSED] - Statement - If (grouplist.get(i).getText().contains("0000")): null

2018-06-14 20:07:34 - [TEST_STEP][PASSED] - Statement - driver.findElement(org.openqa.selenium.By.xpath("(//ul[@class='unlinked-grouplist']/li/label)[" + i + 1 + "]")).click(): null

2018-06-14 20:07:34 - [TEST_STEP][PASSED] - Statement - println(grouplist.get(i).getText()): null

2018-06-14 20:07:34 - [TEST_STEP][PASSED] - Statement - If (grouplist.get(i).getText().contains("0000")): null

2018-06-14 20:07:34 - [TEST_STEP][PASSED] - Statement - driver.findElement(org.openqa.selenium.By.xpath("(//ul[@class='unlinked-grouplist']/li/label)[" + i + 1 + "]")).click(): null

2018-06-14 20:07:34 - [TEST_STEP][PASSED] - Statement - println(grouplist.get(i).getText()): null

2018-06-14 20:07:34 - [TEST_STEP][PASSED] - Statement - If (grouplist.get(i).getText().contains("0000")): null

2018-06-14 20:07:35 - [TEST_STEP][PASSED] - Statement - driver.findElement(org.openqa.selenium.By.xpath("(//ul[@class='unlinked-grouplist']/li/label)[" + i + 1 + "]")).click(): null

2018-06-14 20:07:35 - [TEST_STEP][PASSED] - Statement - println(grouplist.get(i).getText()): null

2018-06-14 20:07:35 - [TEST_STEP][PASSED] - Statement - If (grouplist.get(i).getText().contains("0000")): null

2018-06-14 20:07:35 - [TEST_STEP][PASSED] - Statement - driver.findElement(org.openqa.selenium.By.xpath("(//ul[@class='unlinked-grouplist']/li/label)[" + i + 1 + "]")).click(): null

2018-06-14 20:07:35 - [TEST_STEP][PASSED] - Statement - println(grouplist.get(i).getText()): null

2018-06-14 20:07:35 - [TEST_STEP][PASSED] - Statement - If (grouplist.get(i).getText().contains("0000")): null

2018-06-14 20:07:35 - [TEST_STEP][PASSED] - Statement - driver.findElement(org.openqa.selenium.By.xpath("(//ul[@class='unlinked-grouplist']/li/label)[" + i + 1 + "]")).click(): null

2018-06-14 20:07:35 - [TEST_STEP][PASSED] - Statement - println(grouplist.get(i).getText()): null

2018-06-14 20:07:35 - [TEST_STEP][PASSED] - Statement - If (grouplist.get(i).getText().contains("0000")): null

2018-06-14 20:07:35 - [TEST_STEP][PASSED] - Statement - driver.findElement(org.openqa.selenium.By.xpath("(//ul[@class='unlinked-grouplist']/li/label)[" + i + 1 + "]")).click(): null

2018-06-14 20:07:35 - [TEST_STEP][PASSED] - Statement - println(grouplist.get(i).getText()): null

2018-06-14 20:07:35 - [TEST_STEP][PASSED] - Statement - If (grouplist.get(i).getText().contains("0000")): null

2018-06-14 20:07:35 - [TEST_STEP][PASSED] - Statement - driver.findElement(org.openqa.selenium.By.xpath("(//ul[@class='unlinked-grouplist']/li/label)[" + i + 1 + "]")).click(): null

2018-06-14 20:07:35 - [TEST_STEP][PASSED] - Statement - println(grouplist.get(i).getText()): null

2018-06-14 20:07:35 - [TEST_STEP][PASSED] - Statement - If (grouplist.get(i).getText().contains("0000")): null

2018-06-14 20:07:35 - [TEST_STEP][PASSED] - Statement - driver.findElement(org.openqa.selenium.By.xpath("(//ul[@class='unlinked-grouplist']/li/label)[" + i + 1 + "]")).click(): null

2018-06-14 20:07:35 - [TEST_STEP][PASSED] - Statement - println(grouplist.get(i).getText()): null

2018-06-14 20:07:35 - [TEST_STEP][PASSED] - Statement - If (grouplist.get(i).getText().contains("0000")): null

2018-06-14 20:07:35 - [TEST_STEP][PASSED] - Statement - driver.findElement(org.openqa.selenium.By.xpath("(//ul[@class='unlinked-grouplist']/li/label)[" + i + 1 + "]")).click(): null

2018-06-14 20:07:35 - [TEST_STEP][PASSED] - Statement - println(grouplist.get(i).getText()): null

2018-06-14 20:07:35 - [TEST_STEP][PASSED] - Statement - If (grouplist.get(i).getText().contains("0000")): null

2018-06-14 20:07:35 - [TEST_STEP][PASSED] - Statement - driver.findElement(org.openqa.selenium.By.xpath("(//ul[@class='unlinked-grouplist']/li/label)[" + i + 1 + "]")).click(): null

2018-06-14 20:07:35 - [TEST_STEP][PASSED] - Statement - println(grouplist.get(i).getText()): null

2018-06-14 20:07:35 - [TEST_STEP][PASSED] - Statement - If (grouplist.get(i).getText().contains("0000")): null

2018-06-14 20:07:35 - [TEST_STEP][PASSED] - Statement - driver.findElement(org.openqa.selenium.By.xpath("(//ul[@class='unlinked-grouplist']/li/label)[" + i + 1 + "]")).click(): null

2018-06-14 20:07:35 - [TEST_STEP][PASSED] - Statement - println(grouplist.get(i).getText()): null

2018-06-14 20:07:35 - [TEST_STEP][PASSED] - Statement - If (grouplist.get(i).getText().contains("0000")): null

2018-06-14 20:07:35 - [TEST_STEP][PASSED] - Statement - driver.findElement(org.openqa.selenium.By.xpath("(//ul[@class='unlinked-grouplist']/li/label)[" + i + 1 + "]")).click(): null

2018-06-14 20:07:35 - [TEST_STEP][PASSED] - Statement - println(grouplist.get(i).getText()): null

2018-06-14 20:07:35 - [TEST_STEP][PASSED] - Statement - If (grouplist.get(i).getText().contains("0000")): null

2018-06-14 20:07:35 - [TEST_STEP][PASSED] - Statement - driver.findElement(org.openqa.selenium.By.xpath("(//ul[@class='unlinked-grouplist']/li/label)[" + i + 1 + "]")).click(): null

2018-06-14 20:07:35 - [TEST_STEP][PASSED] - Statement - println(grouplist.get(i).getText()): null

2018-06-14 20:07:35 - [TEST_STEP][PASSED] - Statement - If (grouplist.get(i).getText().contains("0000")): null

2018-06-14 20:07:35 - [TEST_STEP][PASSED] - Statement - driver.findElement(org.openqa.selenium.By.xpath("(//ul[@class='unlinked-grouplist']/li/label)[" + i + 1 + "]")).click(): null

2018-06-14 20:07:36 - [TEST_STEP][PASSED] - Statement - println(grouplist.get(i).getText()): null

2018-06-14 20:07:36 - [TEST_STEP][PASSED] - Statement - If (grouplist.get(i).getText().contains("0000")): null

2018-06-14 20:07:36 - [TEST_STEP][PASSED] - Statement - driver.findElement(org.openqa.selenium.By.xpath("(//ul[@class='unlinked-grouplist']/li/label)[" + i + 1 + "]")).click(): null

2018-06-14 20:07:36 - [TEST_STEP][PASSED] - Statement - println(grouplist.get(i).getText()): null

2018-06-14 20:07:36 - [TEST_STEP][PASSED] - Statement - If (grouplist.get(i).getText().contains("0000")): null

2018-06-14 20:07:36 - [TEST_STEP][PASSED] - Statement - driver.findElement(org.openqa.selenium.By.xpath("(//ul[@class='unlinked-grouplist']/li/label)[" + i + 1 + "]")).click(): null

2018-06-14 20:07:36 - [TEST_STEP][PASSED] - Statement - println(grouplist.get(i).getText()): null

2018-06-14 20:07:36 - [TEST_STEP][PASSED] - Statement - If (grouplist.get(i).getText().contains("0000")): null

2018-06-14 20:07:36 - [TEST_STEP][PASSED] - Statement - driver.findElement(org.openqa.selenium.By.xpath("(//ul[@class='unlinked-grouplist']/li/label)[" + i + 1 + "]")).click(): null

2018-06-14 20:07:36 - [TEST_STEP][PASSED] - Statement - println(grouplist.get(i).getText()): null

2018-06-14 20:07:36 - [TEST_STEP][PASSED] - Statement - If (grouplist.get(i).getText().contains("0000")): null

2018-06-14 20:07:36 - [TEST_STEP][PASSED] - Statement - driver.findElement(org.openqa.selenium.By.xpath("(//ul[@class='unlinked-grouplist']/li/label)[" + i + 1 + "]")).click(): null

2018-06-14 20:07:36 - [TEST_STEP][PASSED] - Statement - println(grouplist.get(i).getText()): null

2018-06-14 20:07:36 - [TEST_STEP][PASSED] - Statement - If (grouplist.get(i).getText().contains("0000")): null

2018-06-14 20:07:36 - [TEST_STEP][PASSED] - Statement - driver.findElement(org.openqa.selenium.By.xpath("(//ul[@class='unlinked-grouplist']/li/label)[" + i + 1 + "]")).click(): null

2018-06-14 20:07:36 - [TEST_STEP][PASSED] - Statement - println(grouplist.get(i).getText()): null

2018-06-14 20:07:36 - [TEST_STEP][PASSED] - Statement - If (grouplist.get(i).getText().contains("0000")): null

2018-06-14 20:07:36 - [TEST_STEP][PASSED] - Statement - driver.findElement(org.openqa.selenium.By.xpath("(//ul[@class='unlinked-grouplist']/li/label)[" + i + 1 + "]")).click(): null

2018-06-14 20:07:36 - [TEST_STEP][PASSED] - Statement - println(grouplist.get(i).getText()): null

2018-06-14 20:07:36 - [TEST_STEP][PASSED] - Statement - If (grouplist.get(i).getText().contains("0000")): null

2018-06-14 20:07:36 - [TEST_STEP][PASSED] - Statement - driver.findElement(org.openqa.selenium.By.xpath("(//ul[@class='unlinked-grouplist']/li/label)[" + i + 1 + "]")).click(): null

2018-06-14 20:07:36 - [TEST_STEP][PASSED] - Statement - println(grouplist.get(i).getText()): null

2018-06-14 20:07:36 - [TEST_STEP][PASSED] - Statement - If (grouplist.get(i).getText().contains("0000")): null

2018-06-14 20:07:36 - [TEST_STEP][PASSED] - Statement - driver.findElement(org.openqa.selenium.By.xpath("(//ul[@class='unlinked-grouplist']/li/label)[" + i + 1 + "]")).click(): null

2018-06-14 20:07:36 - [TEST_STEP][PASSED] - Statement - println(grouplist.get(i).getText()): null

2018-06-14 20:07:36 - [TEST_STEP][PASSED] - Statement - If (grouplist.get(i).getText().contains("0000")): null

2018-06-14 20:07:36 - [TEST_STEP][PASSED] - Statement - driver.findElement(org.openqa.selenium.By.xpath("(//ul[@class='unlinked-grouplist']/li/label)[" + i + 1 + "]")).click(): null

2018-06-14 20:07:36 - [TEST_STEP][PASSED] - Statement - println(grouplist.get(i).getText()): null

2018-06-14 20:07:36 - [TEST_STEP][PASSED] - Statement - If (grouplist.get(i).getText().contains("0000")): null

2018-06-14 20:07:36 - [TEST_STEP][PASSED] - Statement - driver.findElement(org.openqa.selenium.By.xpath("(//ul[@class='unlinked-grouplist']/li/label)[" + i + 1 + "]")).click(): null

2018-06-14 20:07:36 - [TEST_STEP][PASSED] - Statement - println(grouplist.get(i).getText()): null

2018-06-14 20:07:36 - [TEST_STEP][PASSED] - Statement - If (grouplist.get(i).getText().contains("0000")): null

2018-06-14 20:07:36 - [TEST_STEP][PASSED] - Statement - driver.findElement(org.openqa.selenium.By.xpath("(//ul[@class='unlinked-grouplist']/li/label)[" + i + 1 + "]")).click(): null

2018-06-14 20:07:36 - [TEST_STEP][PASSED] - Statement - println(grouplist.get(i).getText()): null

2018-06-14 20:07:36 - [TEST_STEP][PASSED] - Statement - If (grouplist.get(i).getText().contains("0000")): null

2018-06-14 20:07:36 - [TEST_STEP][PASSED] - Statement - driver.findElement(org.openqa.selenium.By.xpath("(//ul[@class='unlinked-grouplist']/li/label)[" + i + 1 + "]")).click(): null

2018-06-14 20:07:37 - [TEST_STEP][PASSED] - Statement - println(grouplist.get(i).getText()): null

2018-06-14 20:07:37 - [TEST_STEP][PASSED] - Statement - If (grouplist.get(i).getText().contains("0000")): null

2018-06-14 20:07:37 - [TEST_STEP][PASSED] - Statement - driver.findElement(org.openqa.selenium.By.xpath("(//ul[@class='unlinked-grouplist']/li/label)[" + i + 1 + "]")).click(): null

2018-06-14 20:07:37 - [TEST_STEP][PASSED] - Statement - println(grouplist.get(i).getText()): null

2018-06-14 20:07:37 - [TEST_STEP][PASSED] - Statement - If (grouplist.get(i).getText().contains("0000")): null

2018-06-14 20:07:37 - [TEST_STEP][PASSED] - Statement - driver.findElement(org.openqa.selenium.By.xpath("(//ul[@class='unlinked-grouplist']/li/label)[" + i + 1 + "]")).click(): null

2018-06-14 20:07:37 - [TEST_STEP][PASSED] - Statement - println(grouplist.get(i).getText()): null

2018-06-14 20:07:37 - [TEST_STEP][PASSED] - Statement - If (grouplist.get(i).getText().contains("0000")): null

2018-06-14 20:07:37 - [TEST_STEP][PASSED] - Statement - driver.findElement(org.openqa.selenium.By.xpath("(//ul[@class='unlinked-grouplist']/li/label)[" + i + 1 + "]")).click(): null

2018-06-14 20:07:37 - [TEST_STEP][PASSED] - Statement - println(grouplist.get(i).getText()): null

2018-06-14 20:07:37 - [TEST_STEP][PASSED] - Statement - If (grouplist.get(i).getText().contains("0000")): null

2018-06-14 20:07:37 - [TEST_STEP][PASSED] - Statement - driver.findElement(org.openqa.selenium.By.xpath("(//ul[@class='unlinked-grouplist']/li/label)[" + i + 1 + "]")).click(): null

2018-06-14 20:07:37 - [TEST_STEP][PASSED] - Statement - println(grouplist.get(i).getText()): null

2018-06-14 20:07:37 - [TEST_STEP][PASSED] - Statement - If (grouplist.get(i).getText().contains("0000")): null

2018-06-14 20:07:37 - [TEST_STEP][PASSED] - Statement - driver.findElement(org.openqa.selenium.By.xpath("(//ul[@class='unlinked-grouplist']/li/label)[" + i + 1 + "]")).click(): null

2018-06-14 20:07:37 - [TEST_STEP][PASSED] - Statement - println(grouplist.get(i).getText()): null

2018-06-14 20:07:37 - [TEST_STEP][PASSED] - Statement - If (grouplist.get(i).getText().contains("0000")): null

2018-06-14 20:07:37 - [TEST_STEP][PASSED] - Statement - driver.findElement(org.openqa.selenium.By.xpath("(//ul[@class='unlinked-grouplist']/li/label)[" + i + 1 + "]")).click(): null

2018-06-14 20:07:37 - [TEST_STEP][PASSED] - Statement - println(grouplist.get(i).getText()): null

2018-06-14 20:07:37 - [TEST_STEP][PASSED] - Statement - If (grouplist.get(i).getText().contains("0000")): null

2018-06-14 20:07:37 - [TEST_STEP][PASSED] - Statement - driver.findElement(org.openqa.selenium.By.xpath("(//ul[@class='unlinked-grouplist']/li/label)[" + i + 1 + "]")).click(): null

2018-06-14 20:07:37 - [TEST_STEP][PASSED] - Statement - println(grouplist.get(i).getText()): null

2018-06-14 20:07:37 - [TEST_STEP][PASSED] - Statement - If (grouplist.get(i).getText().contains("0000")): null

2018-06-14 20:07:37 - [TEST_STEP][PASSED] - Statement - driver.findElement(org.openqa.selenium.By.xpath("(//ul[@class='unlinked-grouplist']/li/label)[" + i + 1 + "]")).click(): null

2018-06-14 20:07:37 - [TEST_STEP][PASSED] - Statement - println(grouplist.get(i).getText()): null

2018-06-14 20:07:37 - [TEST_STEP][PASSED] - Statement - If (grouplist.get(i).getText().contains("0000")): null

2018-06-14 20:07:37 - [TEST_STEP][PASSED] - Statement - driver.findElement(org.openqa.selenium.By.xpath("(//ul[@class='unlinked-grouplist']/li/label)[" + i + 1 + "]")).click(): null

2018-06-14 20:07:37 - [TEST_STEP][PASSED] - Statement - println(grouplist.get(i).getText()): null

2018-06-14 20:07:37 - [TEST_STEP][PASSED] - Statement - If (grouplist.get(i).getText().contains("0000")): null

2018-06-14 20:07:37 - [TEST_STEP][PASSED] - Statement - driver.findElement(org.openqa.selenium.By.xpath("(//ul[@class='unlinked-grouplist']/li/label)[" + i + 1 + "]")).click(): null

2018-06-14 20:07:37 - [TEST_STEP][PASSED] - Statement - println(grouplist.get(i).getText()): null

2018-06-14 20:07:37 - [TEST_STEP][PASSED] - Statement - If (grouplist.get(i).getText().contains("0000")): null

2018-06-14 20:07:37 - [TEST_STEP][PASSED] - Statement - driver.findElement(org.openqa.selenium.By.xpath("(//ul[@class='unlinked-grouplist']/li/label)[" + i + 1 + "]")).click(): null

2018-06-14 20:07:37 - [TEST_STEP][PASSED] - Statement - println(grouplist.get(i).getText()): null

2018-06-14 20:07:37 - [TEST_STEP][PASSED] - Statement - If (grouplist.get(i).getText().contains("0000")): null

2018-06-14 20:07:37 - [TEST_STEP][PASSED] - Statement - driver.findElement(org.openqa.selenium.By.xpath("(//ul[@class='unlinked-grouplist']/li/label)[" + i + 1 + "]")).click(): null

2018-06-14 20:07:38 - [TEST_STEP][PASSED] - Statement - println(grouplist.get(i).getText()): null

2018-06-14 20:07:38 - [TEST_STEP][PASSED] - Statement - If (grouplist.get(i).getText().contains("0000")): null

2018-06-14 20:07:38 - [TEST_STEP][PASSED] - Statement - driver.findElement(org.openqa.selenium.By.xpath("(//ul[@class='unlinked-grouplist']/li/label)[" + i + 1 + "]")).click(): null

2018-06-14 20:07:38 - [TEST_STEP][PASSED] - Statement - println(grouplist.get(i).getText()): null

2018-06-14 20:07:38 - [TEST_STEP][PASSED] - Statement - If (grouplist.get(i).getText().contains("0000")): null

2018-06-14 20:07:38 - [TEST_STEP][PASSED] - Statement - driver.findElement(org.openqa.selenium.By.xpath("(//ul[@class='unlinked-grouplist']/li/label)[" + i + 1 + "]")).click(): null

2018-06-14 20:07:38 - [TEST_STEP][PASSED] - Statement - println(grouplist.get(i).getText()): null

2018-06-14 20:07:38 - [TEST_STEP][PASSED] - Statement - If (grouplist.get(i).getText().contains("0000")): null

2018-06-14 20:07:38 - [TEST_STEP][PASSED] - Statement - driver.findElement(org.openqa.selenium.By.xpath("(//ul[@class='unlinked-grouplist']/li/label)[" + i + 1 + "]")).click(): null

2018-06-14 20:07:38 - [TEST_STEP][PASSED] - Statement - println(grouplist.get(i).getText()): null

2018-06-14 20:07:38 - [TEST_STEP][PASSED] - Statement - If (grouplist.get(i).getText().contains("0000")): null

2018-06-14 20:07:38 - [TEST_STEP][PASSED] - Statement - driver.findElement(org.openqa.selenium.By.xpath("(//ul[@class='unlinked-grouplist']/li/label)[" + i + 1 + "]")).click(): null

2018-06-14 20:07:38 - [TEST_STEP][PASSED] - Statement - println(grouplist.get(i).getText()): null

2018-06-14 20:07:38 - [TEST_STEP][PASSED] - Statement - If (grouplist.get(i).getText().contains("0000")): null

2018-06-14 20:07:38 - [TEST_STEP][PASSED] - Statement - driver.findElement(org.openqa.selenium.By.xpath("(//ul[@class='unlinked-grouplist']/li/label)[" + i + 1 + "]")).click(): null

2018-06-14 20:07:38 - [TEST_STEP][PASSED] - Statement - println(grouplist.get(i).getText()): null

2018-06-14 20:07:38 - [TEST_STEP][PASSED] - Statement - If (grouplist.get(i).getText().contains("0000")): null

2018-06-14 20:07:38 - [TEST_STEP][PASSED] - Statement - driver.findElement(org.openqa.selenium.By.xpath("(//ul[@class='unlinked-grouplist']/li/label)[" + i + 1 + "]")).click(): null

2018-06-14 20:07:38 - [TEST_STEP][PASSED] - Statement - println(grouplist.get(i).getText()): null

2018-06-14 20:07:38 - [TEST_STEP][PASSED] - Statement - If (grouplist.get(i).getText().contains("0000")): null

2018-06-14 20:07:38 - [TEST_STEP][PASSED] - Statement - driver.findElement(org.openqa.selenium.By.xpath("(//ul[@class='unlinked-grouplist']/li/label)[" + i + 1 + "]")).click(): null

2018-06-14 20:07:38 - [TEST_STEP][PASSED] - Statement - println(grouplist.get(i).getText()): null

2018-06-14 20:07:38 - [TEST_STEP][PASSED] - Statement - If (grouplist.get(i).getText().contains("0000")): null

2018-06-14 20:07:38 - [TEST_STEP][PASSED] - Statement - driver.findElement(org.openqa.selenium.By.xpath("(//ul[@class='unlinked-grouplist']/li/label)[" + i + 1 + "]")).click(): null

2018-06-14 20:07:38 - [TEST_STEP][PASSED] - Statement - println(grouplist.get(i).getText()): null

2018-06-14 20:07:38 - [TEST_STEP][PASSED] - Statement - If (grouplist.get(i).getText().contains("0000")): null

2018-06-14 20:07:38 - [TEST_STEP][PASSED] - Statement - driver.findElement(org.openqa.selenium.By.xpath("(//ul[@class='unlinked-grouplist']/li/label)[" + i + 1 + "]")).click(): null

2018-06-14 20:07:38 - [TEST_STEP][PASSED] - Statement - println(grouplist.get(i).getText()): null

2018-06-14 20:07:38 - [TEST_STEP][PASSED] - Statement - If (grouplist.get(i).getText().contains("0000")): null

2018-06-14 20:07:38 - [TEST_STEP][PASSED] - Statement - driver.findElement(org.openqa.selenium.By.xpath("(//ul[@class='unlinked-grouplist']/li/label)[" + i + 1 + "]")).click(): null

2018-06-14 20:07:38 - [TEST_STEP][PASSED] - Statement - println(grouplist.get(i).getText()): null

2018-06-14 20:07:38 - [TEST_STEP][PASSED] - Statement - If (grouplist.get(i).getText().contains("0000")): null

2018-06-14 20:07:38 - [TEST_STEP][PASSED] - Statement - driver.findElement(org.openqa.selenium.By.xpath("(//ul[@class='unlinked-grouplist']/li/label)[" + i + 1 + "]")).click(): null

2018-06-14 20:07:38 - [TEST_STEP][PASSED] - Statement - println(grouplist.get(i).getText()): null

2018-06-14 20:07:38 - [TEST_STEP][PASSED] - Statement - If (grouplist.get(i).getText().contains("0000")): null

2018-06-14 20:07:38 - [TEST_STEP][PASSED] - Statement - driver.findElement(org.openqa.selenium.By.xpath("(//ul[@class='unlinked-grouplist']/li/label)[" + i + 1 + "]")).click(): null

2018-06-14 20:07:39 - [TEST_STEP][PASSED] - Statement - println(grouplist.get(i).getText()): null

2018-06-14 20:07:39 - [TEST_STEP][PASSED] - Statement - If (grouplist.get(i).getText().contains("0000")): null

2018-06-14 20:07:39 - [TEST_STEP][PASSED] - Statement - driver.findElement(org.openqa.selenium.By.xpath("(//ul[@class='unlinked-grouplist']/li/label)[" + i + 1 + "]")).click(): null

2018-06-14 20:07:39 - [TEST_STEP][PASSED] - Statement - println(grouplist.get(i).getText()): null

2018-06-14 20:07:39 - [TEST_STEP][PASSED] - Statement - If (grouplist.get(i).getText().contains("0000")): null

2018-06-14 20:07:39 - [TEST_STEP][PASSED] - Statement - driver.findElement(org.openqa.selenium.By.xpath("(//ul[@class='unlinked-grouplist']/li/label)[" + i + 1 + "]")).click(): null

2018-06-14 20:07:39 - [TEST_STEP][PASSED] - Statement - println(grouplist.get(i).getText()): null

2018-06-14 20:07:39 - [TEST_STEP][PASSED] - Statement - If (grouplist.get(i).getText().contains("0000")): null

2018-06-14 20:07:39 - [TEST_STEP][PASSED] - Statement - driver.findElement(org.openqa.selenium.By.xpath("(//ul[@class='unlinked-grouplist']/li/label)[" + i + 1 + "]")).click(): null

2018-06-14 20:07:39 - [TEST_STEP][PASSED] - Statement - println(grouplist.get(i).getText()): null

2018-06-14 20:07:39 - [TEST_STEP][PASSED] - Statement - If (grouplist.get(i).getText().contains("0000")): null

2018-06-14 20:07:39 - [TEST_STEP][PASSED] - Statement - driver.findElement(org.openqa.selenium.By.xpath("(//ul[@class='unlinked-grouplist']/li/label)[" + i + 1 + "]")).click(): null

2018-06-14 20:07:39 - [TEST_STEP][PASSED] - Statement - println(grouplist.get(i).getText()): null

2018-06-14 20:07:39 - [TEST_STEP][PASSED] - Statement - If (grouplist.get(i).getText().contains("0000")): null

2018-06-14 20:07:39 - [TEST_STEP][PASSED] - Statement - driver.findElement(org.openqa.selenium.By.xpath("(//ul[@class='unlinked-grouplist']/li/label)[" + i + 1 + "]")).click(): null

2018-06-14 20:07:39 - [TEST_STEP][PASSED] - Statement - println(grouplist.get(i).getText()): null

2018-06-14 20:07:39 - [TEST_STEP][PASSED] - Statement - If (grouplist.get(i).getText().contains("0000")): null

2018-06-14 20:07:39 - [TEST_STEP][PASSED] - Statement - driver.findElement(org.openqa.selenium.By.xpath("(//ul[@class='unlinked-grouplist']/li/label)[" + i + 1 + "]")).click(): null

2018-06-14 20:07:39 - [TEST_STEP][PASSED] - Statement - println(grouplist.get(i).getText()): null

2018-06-14 20:07:39 - [TEST_STEP][PASSED] - Statement - If (grouplist.get(i).getText().contains("0000")): null

2018-06-14 20:07:39 - [TEST_STEP][PASSED] - Statement - driver.findElement(org.openqa.selenium.By.xpath("(//ul[@class='unlinked-grouplist']/li/label)[" + i + 1 + "]")).click(): null

2018-06-14 20:07:39 - [TEST_STEP][PASSED] - Statement - println(grouplist.get(i).getText()): null

2018-06-14 20:07:39 - [TEST_STEP][PASSED] - Statement - If (grouplist.get(i).getText().contains("0000")): null

2018-06-14 20:07:39 - [TEST_STEP][PASSED] - Statement - driver.findElement(org.openqa.selenium.By.xpath("(//ul[@class='unlinked-grouplist']/li/label)[" + i + 1 + "]")).click(): null

2018-06-14 20:07:39 - [TEST_STEP][PASSED] - Statement - println(grouplist.get(i).getText()): null

2018-06-14 20:07:39 - [TEST_STEP][PASSED] - Statement - If (grouplist.get(i).getText().contains("0000")): null

2018-06-14 20:07:39 - [TEST_STEP][PASSED] - Statement - driver.findElement(org.openqa.selenium.By.xpath("(//ul[@class='unlinked-grouplist']/li/label)[" + i + 1 + "]")).click(): null

2018-06-14 20:07:39 - [TEST_STEP][PASSED] - Statement - println(grouplist.get(i).getText()): null

2018-06-14 20:07:39 - [TEST_STEP][PASSED] - Statement - If (grouplist.get(i).getText().contains("0000")): null

2018-06-14 20:07:39 - [TEST_STEP][PASSED] - Statement - driver.findElement(org.openqa.selenium.By.xpath("(//ul[@class='unlinked-grouplist']/li/label)[" + i + 1 + "]")).click(): null

2018-06-14 20:07:39 - [TEST_STEP][PASSED] - Statement - println(grouplist.get(i).getText()): null

2018-06-14 20:07:39 - [TEST_STEP][PASSED] - Statement - If (grouplist.get(i).getText().contains("0000")): null

2018-06-14 20:07:39 - [TEST_STEP][PASSED] - Statement - driver.findElement(org.openqa.selenium.By.xpath("(//ul[@class='unlinked-grouplist']/li/label)[" + i + 1 + "]")).click(): null

2018-06-14 20:07:39 - [TEST_STEP][PASSED] - Statement - println(grouplist.get(i).getText()): null

2018-06-14 20:07:39 - [TEST_STEP][PASSED] - Statement - If (grouplist.get(i).getText().contains("0000")): null

2018-06-14 20:07:39 - [TEST_STEP][PASSED] - Statement - driver.findElement(org.openqa.selenium.By.xpath("(//ul[@class='unlinked-grouplist']/li/label)[" + i + 1 + "]")).click(): null

2018-06-14 20:07:40 - [TEST_STEP][PASSED] - Statement - println(grouplist.get(i).getText()): null

2018-06-14 20:07:40 - [TEST_STEP][PASSED] - Statement - If (grouplist.get(i).getText().contains("0000")): null

2018-06-14 20:07:40 - [TEST_STEP][PASSED] - Statement - driver.findElement(org.openqa.selenium.By.xpath("(//ul[@class='unlinked-grouplist']/li/label)[" + i + 1 + "]")).click(): null

2018-06-14 20:07:40 - [TEST_STEP][PASSED] - Statement - println(grouplist.get(i).getText()): null

2018-06-14 20:07:40 - [TEST_STEP][PASSED] - Statement - If (grouplist.get(i).getText().contains("0000")): null

2018-06-14 20:07:40 - [TEST_STEP][PASSED] - Statement - driver.findElement(org.openqa.selenium.By.xpath("(//ul[@class='unlinked-grouplist']/li/label)[" + i + 1 + "]")).click(): null

2018-06-14 20:07:40 - [TEST_STEP][PASSED] - Statement - println(grouplist.get(i).getText()): null

2018-06-14 20:07:40 - [TEST_STEP][PASSED] - Statement - If (grouplist.get(i).getText().contains("0000")): null

2018-06-14 20:07:40 - [TEST_STEP][PASSED] - Statement - driver.findElement(org.openqa.selenium.By.xpath("(//ul[@class='unlinked-grouplist']/li/label)[" + i + 1 + "]")).click(): null

2018-06-14 20:07:40 - [TEST_STEP][PASSED] - Statement - println(grouplist.get(i).getText()): null

2018-06-14 20:07:40 - [TEST_STEP][PASSED] - Statement - If (grouplist.get(i).getText().contains("0000")): null

2018-06-14 20:07:40 - [TEST_STEP][PASSED] - Statement - driver.findElement(org.openqa.selenium.By.xpath("(//ul[@class='unlinked-grouplist']/li/label)[" + i + 1 + "]")).click(): null

2018-06-14 20:07:40 - [TEST_STEP][PASSED] - Statement - println(grouplist.get(i).getText()): null

2018-06-14 20:07:40 - [TEST_STEP][PASSED] - Statement - If (grouplist.get(i).getText().contains("0000")): null

2018-06-14 20:07:40 - [TEST_STEP][PASSED] - Statement - driver.findElement(org.openqa.selenium.By.xpath("(//ul[@class='unlinked-grouplist']/li/label)[" + i + 1 + "]")).click(): null

2018-06-14 20:07:40 - [TEST_STEP][PASSED] - Statement - println(grouplist.get(i).getText()): null

2018-06-14 20:07:40 - [TEST_STEP][PASSED] - Statement - If (grouplist.get(i).getText().contains("0000")): null

2018-06-14 20:07:40 - [TEST_STEP][PASSED] - Statement - driver.findElement(org.openqa.selenium.By.xpath("(//ul[@class='unlinked-grouplist']/li/label)[" + i + 1 + "]")).click(): null

2018-06-14 20:07:40 - [TEST_STEP][PASSED] - Statement - println(grouplist.get(i).getText()): null

2018-06-14 20:07:40 - [TEST_STEP][PASSED] - Statement - If (grouplist.get(i).getText().contains("0000")): null

2018-06-14 20:07:40 - [TEST_STEP][PASSED] - Statement - driver.findElement(org.openqa.selenium.By.xpath("(//ul[@class='unlinked-grouplist']/li/label)[" + i + 1 + "]")).click(): null

2018-06-14 20:07:40 - [TEST_STEP][PASSED] - Statement - println(grouplist.get(i).getText()): null

2018-06-14 20:07:40 - [TEST_STEP][PASSED] - Statement - If (grouplist.get(i).getText().contains("0000")): null

2018-06-14 20:07:40 - [TEST_STEP][PASSED] - Statement - driver.findElement(org.openqa.selenium.By.xpath("(//ul[@class='unlinked-grouplist']/li/label)[" + i + 1 + "]")).click(): null

2018-06-14 20:07:40 - [TEST_STEP][PASSED] - Statement - println(grouplist.get(i).getText()): null

2018-06-14 20:07:40 - [TEST_STEP][PASSED] - Statement - If (grouplist.get(i).getText().contains("0000")): null

2018-06-14 20:07:40 - [TEST_STEP][PASSED] - Statement - driver.findElement(org.openqa.selenium.By.xpath("(//ul[@class='unlinked-grouplist']/li/label)[" + i + 1 + "]")).click(): null

2018-06-14 20:07:40 - [TEST_STEP][PASSED] - Statement - println(grouplist.get(i).getText()): null

2018-06-14 20:07:40 - [TEST_STEP][PASSED] - Statement - If (grouplist.get(i).getText().contains("0000")): null

2018-06-14 20:07:40 - [TEST_STEP][PASSED] - Statement - driver.findElement(org.openqa.selenium.By.xpath("(//ul[@class='unlinked-grouplist']/li/label)[" + i + 1 + "]")).click(): null

2018-06-14 20:07:40 - [TEST_STEP][PASSED] - Statement - println(grouplist.get(i).getText()): null

2018-06-14 20:07:40 - [TEST_STEP][PASSED] - Statement - If (grouplist.get(i).getText().contains("0000")): null

2018-06-14 20:07:40 - [TEST_STEP][PASSED] - Statement - driver.findElement(org.openqa.selenium.By.xpath("(//ul[@class='unlinked-grouplist']/li/label)[" + i + 1 + "]")).click(): null

2018-06-14 20:07:40 - [TEST_STEP][PASSED] - Statement - println(grouplist.get(i).getText()): null

2018-06-14 20:07:40 - [TEST_STEP][PASSED] - Statement - If (grouplist.get(i).getText().contains("0000")): null

2018-06-14 20:07:40 - [TEST_STEP][PASSED] - Statement - driver.findElement(org.openqa.selenium.By.xpath("(//ul[@class='unlinked-grouplist']/li/label)[" + i + 1 + "]")).click(): null

2018-06-14 20:07:41 - [TEST_STEP][PASSED] - Statement - println(grouplist.get(i).getText()): null

2018-06-14 20:07:41 - [TEST_STEP][PASSED] - Statement - If (grouplist.get(i).getText().contains("0000")): null

2018-06-14 20:07:41 - [TEST_STEP][PASSED] - Statement - driver.findElement(org.openqa.selenium.By.xpath("(//ul[@class='unlinked-grouplist']/li/label)[" + i + 1 + "]")).click(): null

2018-06-14 20:07:41 - [TEST_STEP][PASSED] - Statement - println(grouplist.get(i).getText()): null

2018-06-14 20:07:41 - [TEST_STEP][PASSED] - Statement - If (grouplist.get(i).getText().contains("0000")): null

2018-06-14 20:07:41 - [TEST_STEP][PASSED] - Statement - driver.findElement(org.openqa.selenium.By.xpath("(//ul[@class='unlinked-grouplist']/li/label)[" + i + 1 + "]")).click(): null

2018-06-14 20:07:41 - [TEST_STEP][PASSED] - Statement - println(grouplist.get(i).getText()): null

2018-06-14 20:07:41 - [TEST_STEP][PASSED] - Statement - If (grouplist.get(i).getText().contains("0000")): null

2018-06-14 20:07:41 - [TEST_STEP][PASSED] - Statement - driver.findElement(org.openqa.selenium.By.xpath("(//ul[@class='unlinked-grouplist']/li/label)[" + i + 1 + "]")).click(): null

2018-06-14 20:07:41 - [TEST_STEP][PASSED] - Statement - println(grouplist.get(i).getText()): null

2018-06-14 20:07:41 - [TEST_STEP][PASSED] - Statement - If (grouplist.get(i).getText().contains("0000")): null

2018-06-14 20:07:41 - [TEST_STEP][PASSED] - Statement - driver.findElement(org.openqa.selenium.By.xpath("(//ul[@class='unlinked-grouplist']/li/label)[" + i + 1 + "]")).click(): null

2018-06-14 20:07:41 - [TEST_STEP][PASSED] - Statement - println(grouplist.get(i).getText()): null

2018-06-14 20:07:41 - [TEST_STEP][PASSED] - Statement - If (grouplist.get(i).getText().contains("0000")): null

2018-06-14 20:07:41 - [TEST_STEP][PASSED] - Statement - driver.findElement(org.openqa.selenium.By.xpath("(//ul[@class='unlinked-grouplist']/li/label)[" + i + 1 + "]")).click(): null

2018-06-14 20:07:41 - [TEST_STEP][PASSED] - Statement - println(grouplist.get(i).getText()): null

2018-06-14 20:07:41 - [TEST_STEP][PASSED] - Statement - If (grouplist.get(i).getText().contains("0000")): null

2018-06-14 20:07:41 - [TEST_STEP][PASSED] - Statement - driver.findElement(org.openqa.selenium.By.xpath("(//ul[@class='unlinked-grouplist']/li/label)[" + i + 1 + "]")).click(): null

2018-06-14 20:07:41 - [TEST_STEP][PASSED] - Statement - println(grouplist.get(i).getText()): null

2018-06-14 20:07:41 - [TEST_STEP][PASSED] - Statement - If (grouplist.get(i).getText().contains("0000")): null

2018-06-14 20:07:41 - [TEST_STEP][PASSED] - Statement - driver.findElement(org.openqa.selenium.By.xpath("(//ul[@class='unlinked-grouplist']/li/label)[" + i + 1 + "]")).click(): null

2018-06-14 20:07:41 - [TEST_STEP][PASSED] - Statement - println(grouplist.get(i).getText()): null

2018-06-14 20:07:41 - [TEST_STEP][PASSED] - Statement - If (grouplist.get(i).getText().contains("0000")): null

2018-06-14 20:07:41 - [TEST_STEP][PASSED] - Statement - driver.findElement(org.openqa.selenium.By.xpath("(//ul[@class='unlinked-grouplist']/li/label)[" + i + 1 + "]")).click(): null

2018-06-14 20:07:41 - [TEST_STEP][PASSED] - Statement - println(grouplist.get(i).getText()): null

2018-06-14 20:07:41 - [TEST_STEP][PASSED] - Statement - If (grouplist.get(i).getText().contains("0000")): null

2018-06-14 20:07:41 - [TEST_STEP][PASSED] - Statement - driver.findElement(org.openqa.selenium.By.xpath("(//ul[@class='unlinked-grouplist']/li/label)[" + i + 1 + "]")).click(): null

2018-06-14 20:07:41 - [TEST_STEP][PASSED] - Statement - println(grouplist.get(i).getText()): null

2018-06-14 20:07:41 - [TEST_STEP][PASSED] - Statement - If (grouplist.get(i).getText().contains("0000")): null

2018-06-14 20:07:41 - [TEST_STEP][PASSED] - Statement - driver.findElement(org.openqa.selenium.By.xpath("(//ul[@class='unlinked-grouplist']/li/label)[" + i + 1 + "]")).click(): null

2018-06-14 20:07:41 - [TEST_STEP][PASSED] - Statement - println(grouplist.get(i).getText()): null

2018-06-14 20:07:41 - [TEST_STEP][PASSED] - Statement - If (grouplist.get(i).getText().contains("0000")): null

2018-06-14 20:07:41 - [TEST_STEP][PASSED] - Statement - driver.findElement(org.openqa.selenium.By.xpath("(//ul[@class='unlinked-grouplist']/li/label)[" + i + 1 + "]")).click(): null

2018-06-14 20:07:41 - [TEST_STEP][PASSED] - Statement - println(grouplist.get(i).getText()): null

2018-06-14 20:07:41 - [TEST_STEP][PASSED] - Statement - If (grouplist.get(i).getText().contains("0000")): null

2018-06-14 20:07:41 - [TEST_STEP][PASSED] - Statement - driver.findElement(org.openqa.selenium.By.xpath("(//ul[@class='unlinked-grouplist']/li/label)[" + i + 1 + "]")).click(): null

2018-06-14 20:07:42 - [TEST_STEP][PASSED] - Statement - println(grouplist.get(i).getText()): null

2018-06-14 20:07:42 - [TEST_STEP][PASSED] - Statement - If (grouplist.get(i).getText().contains("0000")): null

2018-06-14 20:07:42 - [TEST_STEP][PASSED] - Statement - driver.findElement(org.openqa.selenium.By.xpath("(//ul[@class='unlinked-grouplist']/li/label)[" + i + 1 + "]")).click(): null

2018-06-14 20:07:42 - [TEST_STEP][PASSED] - Statement - println(grouplist.get(i).getText()): null

2018-06-14 20:07:42 - [TEST_STEP][PASSED] - Statement - If (grouplist.get(i).getText().contains("0000")): null

2018-06-14 20:07:42 - [TEST_STEP][PASSED] - Statement - driver.findElement(org.openqa.selenium.By.xpath("(//ul[@class='unlinked-grouplist']/li/label)[" + i + 1 + "]")).click(): null

2018-06-14 20:07:42 - [TEST_STEP][PASSED] - Statement - println(grouplist.get(i).getText()): null

2018-06-14 20:07:42 - [TEST_STEP][PASSED] - Statement - If (grouplist.get(i).getText().contains("0000")): null

2018-06-14 20:07:42 - [TEST_STEP][PASSED] - Statement - driver.findElement(org.openqa.selenium.By.xpath("(//ul[@class='unlinked-grouplist']/li/label)[" + i + 1 + "]")).click(): null

2018-06-14 20:07:42 - [TEST_STEP][PASSED] - Statement - driver.findElement(org.openqa.selenium.By.xpath("//button[contains(text(),'>')]")).click(): null

2018-06-14 20:07:42 - [TEST_STEP][PASSED] - delay: Delayed 10 second(s)

2018-06-14 20:07:52 - [MESSAGE][PASSED] - Delayed 10 second(s)

2018-06-14 20:07:52 - [TEST_STEP][PASSED] - uiaction.CommonUIActions.click: uiaction.CommonUIActions.click is PASSED

2018-06-14 20:07:52 - [MESSAGE][PASSED] - uiaction.CommonUIActions.click is PASSED

2018-06-14 20:07:52 - [TEST_STEP][PASSED] - delay: Delayed 10 second(s)

2018-06-14 20:08:02 - [MESSAGE][PASSED] - Delayed 10 second(s)

2018-06-14 20:08:02 - [TEST_STEP][PASSED] - uiaction.CommonUIActions.click: uiaction.CommonUIActions.click is PASSED

2018-06-14 20:08:02 - [MESSAGE][PASSED] - uiaction.CommonUIActions.click is PASSED

2018-06-14 20:08:02 - [TEST_STEP][PASSED] - delay: Delayed 10 second(s)

2018-06-14 20:08:12 - [MESSAGE][PASSED] - Delayed 10 second(s)

2018-06-14 20:08:12 - [TEST_STEP][PASSED] - Statement - driver.findElement(org.openqa.selenium.By.xpath("//span[contains(text(),'" + groupmain + "')]/../../../../span[1]")).click(): null

2018-06-14 20:08:12 - [TEST_STEP][PASSED] - delay: Delayed 5 second(s)

2018-06-14 20:08:17 - [MESSAGE][PASSED] - Delayed 5 second(s)

2018-06-14 20:08:17 - [TEST_STEP][PASSED] - Statement - driver.findElement(org.openqa.selenium.By.xpath("//span[contains(text(),'" + groupmain + "')]/../../../../span[2]")).click(): null

2018-06-14 20:08:17 - [TEST_STEP][PASSED] - delay: Delayed 5 second(s)

2018-06-14 20:08:22 - [MESSAGE][PASSED] - Delayed 5 second(s)

2018-06-14 20:08:22 - [TEST_STEP][PASSED] - click: Object: 'Object Repository/ReportsPage/fromDateSelector' is clicked on

2018-06-14 20:08:22 - [MESSAGE][PASSED] - Object: 'Object Repository/ReportsPage/fromDateSelector' is clicked on

2018-06-14 20:08:22 - [TEST_STEP][PASSED] - delay: Delayed 5 second(s)

2018-06-14 20:08:27 - [MESSAGE][PASSED] - Delayed 5 second(s)

2018-06-14 20:08:27 - [TEST_STEP][PASSED] - Statement - monthText = com.kms.katalon.core.webui.keyword.WebUiBuiltInKeywords.getText(com.kms.katalon.core.testobject.ObjectRepository.findTestObject(ReportsPage/monthText)): Text of object 'Object Repository/ReportsPage/monthText' is: 'June 2018'

2018-06-14 20:08:27 - [MESSAGE][PASSED] - Text of object 'Object Repository/ReportsPage/monthText' is: 'June 2018'

2018-06-14 20:08:27 - [TEST_STEP][PASSED] - Statement - monthTextArray = monthText.split(" "): null

2018-06-14 20:08:27 - [TEST_STEP][PASSED] - Statement - month = monthTextArray[0]: null

2018-06-14 20:08:27 - [TEST_STEP][PASSED] - Statement - monthTextValue_march = CustomKeywords.projectSpecific.Reusability.getTestData("ReportsPage", "Month_January"): projectSpecific.Reusability.getTestData is PASSED

2018-06-14 20:08:27 - [MESSAGE][PASSED] - projectSpecific.Reusability.getTestData is PASSED

2018-06-14 20:08:27 - [TEST_STEP][PASSED] - Statement - If (!(monthTextValue_march.equals(month))): null

2018-06-14 20:08:27 - [TEST_STEP][PASSED] - Statement - While (!(monthTextValue_march.equals(month))): null

2018-06-14 20:08:27 - [TEST_STEP][PASSED] - click: Object: 'Object Repository/ReportsPage/previousDateSelector' is clicked on

2018-06-14 20:08:28 - [MESSAGE][PASSED] - Object: 'Object Repository/ReportsPage/previousDateSelector' is clicked on

2018-06-14 20:08:28 - [TEST_STEP][PASSED] - Statement - monthText = com.kms.katalon.core.webui.keyword.WebUiBuiltInKeywords.getText(com.kms.katalon.core.testobject.ObjectRepository.findTestObject(ReportsPage/monthText)): Text of object 'Object Repository/ReportsPage/monthText' is: 'May 2018'

2018-06-14 20:08:28 - [MESSAGE][PASSED] - Text of object 'Object Repository/ReportsPage/monthText' is: 'May 2018'

2018-06-14 20:08:28 - [TEST_STEP][PASSED] - Statement - monthTextArray = monthText.split(" "): null

2018-06-14 20:08:28 - [TEST_STEP][PASSED] - Statement - month = monthTextArray[0]: null

2018-06-14 20:08:28 - [TEST_STEP][PASSED] - click: Object: 'Object Repository/ReportsPage/previousDateSelector' is clicked on

2018-06-14 20:08:28 - [MESSAGE][PASSED] - Object: 'Object Repository/ReportsPage/previousDateSelector' is clicked on

2018-06-14 20:08:28 - [TEST_STEP][PASSED] - Statement - monthText = com.kms.katalon.core.webui.keyword.WebUiBuiltInKeywords.getText(com.kms.katalon.core.testobject.ObjectRepository.findTestObject(ReportsPage/monthText)): Text of object 'Object Repository/ReportsPage/monthText' is: 'April 2018'

2018-06-14 20:08:28 - [MESSAGE][PASSED] - Text of object 'Object Repository/ReportsPage/monthText' is: 'April 2018'

2018-06-14 20:08:28 - [TEST_STEP][PASSED] - Statement - monthTextArray = monthText.split(" "): null

2018-06-14 20:08:28 - [TEST_STEP][PASSED] - Statement - month = monthTextArray[0]: null

2018-06-14 20:08:28 - [TEST_STEP][PASSED] - click: Object: 'Object Repository/ReportsPage/previousDateSelector' is clicked on

2018-06-14 20:08:28 - [MESSAGE][PASSED] - Object: 'Object Repository/ReportsPage/previousDateSelector' is clicked on

2018-06-14 20:08:28 - [TEST_STEP][PASSED] - Statement - monthText = com.kms.katalon.core.webui.keyword.WebUiBuiltInKeywords.getText(com.kms.katalon.core.testobject.ObjectRepository.findTestObject(ReportsPage/monthText)): Text of object 'Object Repository/ReportsPage/monthText' is: 'March 2018'

2018-06-14 20:08:28 - [MESSAGE][PASSED] - Text of object 'Object Repository/ReportsPage/monthText' is: 'March 2018'

2018-06-14 20:08:28 - [TEST_STEP][PASSED] - Statement - monthTextArray = monthText.split(" "): null

2018-06-14 20:08:28 - [TEST_STEP][PASSED] - Statement - month = monthTextArray[0]: null

2018-06-14 20:08:28 - [TEST_STEP][PASSED] - click: Object: 'Object Repository/ReportsPage/previousDateSelector' is clicked on

2018-06-14 20:08:28 - [MESSAGE][PASSED] - Object: 'Object Repository/ReportsPage/previousDateSelector' is clicked on

2018-06-14 20:08:28 - [TEST_STEP][PASSED] - Statement - monthText = com.kms.katalon.core.webui.keyword.WebUiBuiltInKeywords.getText(com.kms.katalon.core.testobject.ObjectRepository.findTestObject(ReportsPage/monthText)): Text of object 'Object Repository/ReportsPage/monthText' is: 'February 2018'

2018-06-14 20:08:28 - [MESSAGE][PASSED] - Text of object 'Object Repository/ReportsPage/monthText' is: 'February 2018'

2018-06-14 20:08:28 - [TEST_STEP][PASSED] - Statement - monthTextArray = monthText.split(" "): null

2018-06-14 20:08:28 - [TEST_STEP][PASSED] - Statement - month = monthTextArray[0]: null

2018-06-14 20:08:28 - [TEST_STEP][PASSED] - click: Object: 'Object Repository/ReportsPage/previousDateSelector' is clicked on

2018-06-14 20:08:28 - [MESSAGE][PASSED] - Object: 'Object Repository/ReportsPage/previousDateSelector' is clicked on

2018-06-14 20:08:28 - [TEST_STEP][PASSED] - Statement - monthText = com.kms.katalon.core.webui.keyword.WebUiBuiltInKeywords.getText(com.kms.katalon.core.testobject.ObjectRepository.findTestObject(ReportsPage/monthText)): Text of object 'Object Repository/ReportsPage/monthText' is: 'January 2018'

2018-06-14 20:08:28 - [MESSAGE][PASSED] - Text of object 'Object Repository/ReportsPage/monthText' is: 'January 2018'

2018-06-14 20:08:28 - [TEST_STEP][PASSED] - Statement - monthTextArray = monthText.split(" "): null

2018-06-14 20:08:28 - [TEST_STEP][PASSED] - Statement - month = monthTextArray[0]: null

2018-06-14 20:08:28 - [TEST_STEP][PASSED] - Statement - data = CustomKeywords.projectSpecific.Reusability.getTestData("ReportsPage", "StartDate"): projectSpecific.Reusability.getTestData is PASSED

2018-06-14 20:08:28 - [MESSAGE][PASSED] - projectSpecific.Reusability.getTestData is PASSED

2018-06-14 20:08:28 - [TEST_STEP][PASSED] - Statement - startDate = "(//td[text()='" + data + "'])[1]": null

2018-06-14 20:08:28 - [TEST_STEP][PASSED] - Statement - println(startDate): null

2018-06-14 20:08:28 - [TEST_STEP][PASSED] - Statement - startdateEle = driver.findElement(org.openqa.selenium.By.xpath(startDate)): null

2018-06-14 20:08:28 - [TEST_STEP][PASSED] - Statement - startdateEle.click(): null

2018-06-14 20:08:28 - [TEST_STEP][PASSED] - delay: Delayed 5 second(s)

2018-06-14 20:08:33 - [MESSAGE][PASSED] - Delayed 5 second(s)

2018-06-14 20:08:33 - [TEST_STEP][PASSED] - click: Object: 'Object Repository/ReportsPage/toDateSelector' is clicked on

2018-06-14 20:08:33 - [MESSAGE][PASSED] - Object: 'Object Repository/ReportsPage/toDateSelector' is clicked on

2018-06-14 20:08:33 - [TEST_STEP][PASSED] - Statement - monthText = com.kms.katalon.core.webui.keyword.WebUiBuiltInKeywords.getText(com.kms.katalon.core.testobject.ObjectRepository.findTestObject(ReportsPage/monthText2)): Text of object 'Object Repository/ReportsPage/monthText2' is: 'June 2018'

2018-06-14 20:08:33 - [MESSAGE][PASSED] - Text of object 'Object Repository/ReportsPage/monthText2' is: 'June 2018'

2018-06-14 20:08:33 - [TEST_STEP][PASSED] - Statement - monthTextArray = monthText.split(" "): null

2018-06-14 20:08:33 - [TEST_STEP][PASSED] - Statement - month = monthTextArray[0]: null

2018-06-14 20:08:33 - [TEST_STEP][PASSED] - Statement - monthTextValue_april = CustomKeywords.projectSpecific.Reusability.getTestData("ReportsPage", "Month_april"): projectSpecific.Reusability.getTestData is PASSED

2018-06-14 20:08:33 - [MESSAGE][PASSED] - projectSpecific.Reusability.getTestData is PASSED

2018-06-14 20:08:33 - [TEST_STEP][PASSED] - Statement - If (!(monthTextValue_april.equals(month))): null

2018-06-14 20:08:33 - [TEST_STEP][PASSED] - Statement - While (!(monthTextValue_april.equals(month))): null

2018-06-14 20:08:33 - [TEST_STEP][PASSED] - click: Object: 'Object Repository/ReportsPage/previousDateSelector2' is clicked on

2018-06-14 20:08:33 - [MESSAGE][PASSED] - Object: 'Object Repository/ReportsPage/previousDateSelector2' is clicked on

2018-06-14 20:08:33 - [TEST_STEP][PASSED] - Statement - monthText = com.kms.katalon.core.webui.keyword.WebUiBuiltInKeywords.getText(com.kms.katalon.core.testobject.ObjectRepository.findTestObject(ReportsPage/monthText2)): Text of object 'Object Repository/ReportsPage/monthText2' is: 'May 2018'

2018-06-14 20:08:33 - [MESSAGE][PASSED] - Text of object 'Object Repository/ReportsPage/monthText2' is: 'May 2018'

2018-06-14 20:08:33 - [TEST_STEP][PASSED] - Statement - monthTextArray = monthText.split(" "): null

2018-06-14 20:08:33 - [TEST_STEP][PASSED] - Statement - month = monthTextArray[0]: null

2018-06-14 20:08:33 - [TEST_STEP][PASSED] - click: Object: 'Object Repository/ReportsPage/previousDateSelector2' is clicked on

2018-06-14 20:08:33 - [MESSAGE][PASSED] - Object: 'Object Repository/ReportsPage/previousDateSelector2' is clicked on

2018-06-14 20:08:33 - [TEST_STEP][PASSED] - Statement - monthText = com.kms.katalon.core.webui.keyword.WebUiBuiltInKeywords.getText(com.kms.katalon.core.testobject.ObjectRepository.findTestObject(ReportsPage/monthText2)): Text of object 'Object Repository/ReportsPage/monthText2' is: 'April 2018'

2018-06-14 20:08:33 - [MESSAGE][PASSED] - Text of object 'Object Repository/ReportsPage/monthText2' is: 'April 2018'

2018-06-14 20:08:33 - [TEST_STEP][PASSED] - Statement - monthTextArray = monthText.split(" "): null

2018-06-14 20:08:33 - [TEST_STEP][PASSED] - Statement - month = monthTextArray[0]: null

2018-06-14 20:08:33 - [TEST_STEP][PASSED] - Statement - endDate = CustomKeywords.projectSpecific.Reusability.getTestData("ReportsPage", "enddate_april"): projectSpecific.Reusability.getTestData is PASSED

2018-06-14 20:08:33 - [MESSAGE][PASSED] - projectSpecific.Reusability.getTestData is PASSED

2018-06-14 20:08:33 - [TEST_STEP][PASSED] - delay: Delayed 10 second(s)

2018-06-14 20:08:43 - [MESSAGE][PASSED] - Delayed 10 second(s)

2018-06-14 20:08:43 - [TEST_STEP][PASSED] - Statement - toDate = "(//div[@class='rdtPicker']/div/table/tbody/tr/td[text()='" + endDate + "'])[3]": null

2018-06-14 20:08:43 - [TEST_STEP][PASSED] - Statement - toDateEle = driver.findElement(org.openqa.selenium.By.xpath(toDate)): null

2018-06-14 20:08:43 - [TEST_STEP][PASSED] - Statement - toDateEle.click(): null

2018-06-14 20:08:43 - [TEST_STEP][PASSED] - delay: Delayed 5 second(s)

2018-06-14 20:08:48 - [MESSAGE][PASSED] - Delayed 5 second(s)

2018-06-14 20:08:48 - [TEST_STEP][PASSED] - Statement - dateAttr = com.kms.katalon.core.webui.keyword.WebUiBuiltInKeywords.getAttribute(com.kms.katalon.core.testobject.ObjectRepository.findTestObject(ReportsPage/selectedDate1), "value"): Attribute 'value' of object 'Object Repository/ReportsPage/selectedDate1' is: '01/01/2018'

2018-06-14 20:08:48 - [MESSAGE][PASSED] - Attribute 'value' of object 'Object Repository/ReportsPage/selectedDate1' is: '01/01/2018'

2018-06-14 20:08:48 - [TEST_STEP][PASSED] - Statement - fromDateValue = CustomKeywords.projectSpecific.Reusability.getTestData("ReportsPage", "fromDateJan"): projectSpecific.Reusability.getTestData is PASSED

2018-06-14 20:08:48 - [MESSAGE][PASSED] - projectSpecific.Reusability.getTestData is PASSED

2018-06-14 20:08:48 - [TEST_STEP][PASSED] - Statement - If (!(dateAttr.equals(fromDateValue))): null

2018-06-14 20:08:48 - [TEST_STEP][PASSED] - Statement - dateAttr = com.kms.katalon.core.webui.keyword.WebUiBuiltInKeywords.getAttribute(com.kms.katalon.core.testobject.ObjectRepository.findTestObject(ReportsPage/selectedDate2), "value"): Attribute 'value' of object 'Object Repository/ReportsPage/selectedDate2' is: '04/02/2018'

2018-06-14 20:08:48 - [MESSAGE][PASSED] - Attribute 'value' of object 'Object Repository/ReportsPage/selectedDate2' is: '04/02/2018'

2018-06-14 20:08:48 - [TEST_STEP][PASSED] - Statement - toDateValue = CustomKeywords.projectSpecific.Reusability.getTestData("ReportsPage", "toDate8"): projectSpecific.Reusability.getTestData is PASSED

2018-06-14 20:08:48 - [MESSAGE][PASSED] - projectSpecific.Reusability.getTestData is PASSED

2018-06-14 20:08:48 - [TEST_STEP][PASSED] - Statement - If (!(dateAttr.equals(toDateValue))): Taking screenshot successfully

2018-06-14 20:08:48 - [TEST_STEP][PASSED] - Statement - If (TCflag): null

2018-06-14 20:08:48 - [TEST_STEP][PASSED] - Statement - println("to Date is not selected properly"): null

2018-06-14 20:08:48 - [TEST_STEP][PASSED] - takeScreenshot: Taking screenshot successfully

2018-06-14 20:08:49 - [MESSAGE][PASSED] - Taking screenshot successfully
[[ATTACHMENT|C:\\Users\\shalinin\\Katalon Studio\\HME_Scripts\\Reports\\RegressionSuite\\20180614_164441\\1528987128842.png]]

2018-06-14 20:08:49 - [TEST_STEP][PASSED] - uiaction.CommonUIActions.click: uiaction.CommonUIActions.click is PASSED

2018-06-14 20:08:49 - [MESSAGE][PASSED] - uiaction.CommonUIActions.click is PASSED

2018-06-14 20:08:49 - [TEST_STEP][PASSED] - Statement - opencheckbox = CustomKeywords.uiaction.CommonUIActions.isEnabled(com.kms.katalon.core.testobject.ObjectRepository.findTestObject(ReportsPage/Report_opencheckbox)): uiaction.CommonUIActions.isEnabled is PASSED

2018-06-14 20:08:49 - [MESSAGE][PASSED] - uiaction.CommonUIActions.isEnabled is PASSED

2018-06-14 20:08:49 - [TEST_STEP][PASSED] - Statement - If (!(opencheckbox)): null

2018-06-14 20:08:49 - [TEST_STEP][PASSED] - Statement - out.println("Open checkbox is checked bydefault"): null

2018-06-14 20:08:49 - [TEST_STEP][PASSED] - Statement - closecheckbox = CustomKeywords.uiaction.CommonUIActions.isEnabled(com.kms.katalon.core.testobject.ObjectRepository.findTestObject(ReportsPage/Report_closecheckbox)): uiaction.CommonUIActions.isEnabled is PASSED

2018-06-14 20:08:49 - [MESSAGE][PASSED] - uiaction.CommonUIActions.isEnabled is PASSED

2018-06-14 20:08:49 - [TEST_STEP][PASSED] - Statement - If (!(closecheckbox)): null

2018-06-14 20:08:49 - [TEST_STEP][PASSED] - Statement - out.println("Close checkbox is checked bydefault"): null

2018-06-14 20:08:49 - [TEST_STEP][PASSED] - uiaction.CommonUIActions.click: uiaction.CommonUIActions.click is PASSED

2018-06-14 20:08:49 - [MESSAGE][PASSED] - uiaction.CommonUIActions.click is PASSED

2018-06-14 20:08:49 - [TEST_STEP][PASSED] - uiaction.CommonUIActions.click: uiaction.CommonUIActions.click is PASSED

2018-06-14 20:08:49 - [MESSAGE][PASSED] - uiaction.CommonUIActions.click is PASSED

2018-06-14 20:08:49 - [TEST_STEP][PASSED] - verifyElementPresent: Object 'Object Repository/ReportsPage/advancedoption_am' is present

2018-06-14 20:08:49 - [MESSAGE][PASSED] - Object 'Object Repository/ReportsPage/advancedoption_am' is present

2018-06-14 20:08:49 - [TEST_STEP][PASSED] - verifyElementPresent: Object 'Object Repository/ReportsPage/advanceoptions_pm' is present

2018-06-14 20:08:49 - [MESSAGE][PASSED] - Object 'Object Repository/ReportsPage/advanceoptions_pm' is present

2018-06-14 20:08:49 - [TEST_STEP][PASSED] - Statement - open_am = CustomKeywords.uiaction.CommonUIActions.isEnabled(com.kms.katalon.core.testobject.ObjectRepository.findTestObject(ReportsPage/advancedoption_am)): uiaction.CommonUIActions.isEnabled is PASSED

2018-06-14 20:08:49 - [MESSAGE][PASSED] - uiaction.CommonUIActions.isEnabled is PASSED

2018-06-14 20:08:49 - [TEST_STEP][PASSED] - Statement - If (open_am): null

2018-06-14 20:08:49 - [TEST_STEP][PASSED] - Statement - out.println("AM Drop down boxes  enabled"): null

2018-06-14 20:08:49 - [TEST_STEP][PASSED] - Statement - open_pm = CustomKeywords.uiaction.CommonUIActions.isEnabled(com.kms.katalon.core.testobject.ObjectRepository.findTestObject(ReportsPage/advanceoptions_pm)): uiaction.CommonUIActions.isEnabled is PASSED

2018-06-14 20:08:49 - [MESSAGE][PASSED] - uiaction.CommonUIActions.isEnabled is PASSED

2018-06-14 20:08:49 - [TEST_STEP][PASSED] - Statement - If (open_pm): null

2018-06-14 20:08:49 - [TEST_STEP][PASSED] - Statement - out.println("PM Drop down boxes  enabled"): null

2018-06-14 20:08:49 - [TEST_STEP][PASSED] - uiaction.CommonUIActions.click: uiaction.CommonUIActions.click is PASSED

2018-06-14 20:08:49 - [MESSAGE][PASSED] - uiaction.CommonUIActions.click is PASSED

2018-06-14 20:08:49 - [TEST_STEP][PASSED] - uiaction.CommonUIActions.enter: uiaction.CommonUIActions.enter is PASSED

2018-06-14 20:08:49 - [MESSAGE][PASSED] - uiaction.CommonUIActions.enter is PASSED

2018-06-14 20:08:49 - [TEST_STEP][PASSED] - uiaction.CommonUIActions.click: uiaction.CommonUIActions.click is PASSED

2018-06-14 20:08:49 - [MESSAGE][PASSED] - uiaction.CommonUIActions.click is PASSED

2018-06-14 20:08:49 - [TEST_STEP][PASSED] - uiaction.CommonUIActions.click: uiaction.CommonUIActions.click is PASSED

2018-06-14 20:08:49 - [MESSAGE][PASSED] - uiaction.CommonUIActions.click is PASSED

2018-06-14 20:08:49 - [TEST_STEP][PASSED] - uiaction.CommonUIActions.click: uiaction.CommonUIActions.click is PASSED

2018-06-14 20:08:49 - [MESSAGE][PASSED] - uiaction.CommonUIActions.click is PASSED

2018-06-14 20:08:49 - [TEST_STEP][PASSED] - verifyElementPresent: Object 'Object Repository/ReportsPage/advancedoption_am' is present

2018-06-14 20:08:49 - [MESSAGE][PASSED] - Object 'Object Repository/ReportsPage/advancedoption_am' is present

2018-06-14 20:08:49 - [TEST_STEP][PASSED] - verifyElementPresent: Object 'Object Repository/ReportsPage/advanceoptions_pm' is present

2018-06-14 20:08:49 - [MESSAGE][PASSED] - Object 'Object Repository/ReportsPage/advanceoptions_pm' is present

2018-06-14 20:08:49 - [TEST_STEP][PASSED] - Statement - close_am = CustomKeywords.uiaction.CommonUIActions.isEnabled(com.kms.katalon.core.testobject.ObjectRepository.findTestObject(ReportsPage/advancedoption_am)): uiaction.CommonUIActions.isEnabled is PASSED

2018-06-14 20:08:49 - [MESSAGE][PASSED] - uiaction.CommonUIActions.isEnabled is PASSED

2018-06-14 20:08:49 - [TEST_STEP][PASSED] - Statement - If (close_am): null

2018-06-14 20:08:49 - [TEST_STEP][PASSED] - Statement - out.println("AM Drop down boxes  enabled"): null

2018-06-14 20:08:49 - [TEST_STEP][PASSED] - Statement - close_pm = CustomKeywords.uiaction.CommonUIActions.isEnabled(com.kms.katalon.core.testobject.ObjectRepository.findTestObject(ReportsPage/advanceoptions_pm)): uiaction.CommonUIActions.isEnabled is PASSED

2018-06-14 20:08:49 - [MESSAGE][PASSED] - uiaction.CommonUIActions.isEnabled is PASSED

2018-06-14 20:08:49 - [TEST_STEP][PASSED] - Statement - If (close_pm): null

2018-06-14 20:08:49 - [TEST_STEP][PASSED] - Statement - out.println("PM Drop down boxes  enabled"): null

2018-06-14 20:08:49 - [TEST_STEP][PASSED] - uiaction.CommonUIActions.click: uiaction.CommonUIActions.click is PASSED

2018-06-14 20:08:50 - [MESSAGE][PASSED] - uiaction.CommonUIActions.click is PASSED

2018-06-14 20:08:50 - [TEST_STEP][PASSED] - uiaction.CommonUIActions.enter: uiaction.CommonUIActions.enter is PASSED

2018-06-14 20:08:50 - [MESSAGE][PASSED] - uiaction.CommonUIActions.enter is PASSED

2018-06-14 20:08:50 - [TEST_STEP][PASSED] - uiaction.CommonUIActions.click: uiaction.CommonUIActions.click is PASSED

2018-06-14 20:08:50 - [MESSAGE][PASSED] - uiaction.CommonUIActions.click is PASSED

2018-06-14 20:08:50 - [TEST_STEP][PASSED] - delay: Delayed 5 second(s)

2018-06-14 20:08:55 - [MESSAGE][PASSED] - Delayed 5 second(s)

2018-06-14 20:08:55 - [TEST_STEP][PASSED] - uiaction.CommonUIActions.click: uiaction.CommonUIActions.click is PASSED

2018-06-14 20:08:55 - [MESSAGE][PASSED] - uiaction.CommonUIActions.click is PASSED

2018-06-14 20:08:55 - [TEST_STEP][PASSED] - delay: Delayed 10 second(s)

2018-06-14 20:09:05 - [MESSAGE][PASSED] - Delayed 10 second(s)

2018-06-14 20:09:05 - [TEST_STEP][PASSED] - click: Object: 'Object Repository/ReportsPage/generateReport' is clicked on

2018-06-14 20:09:05 - [MESSAGE][PASSED] - Object: 'Object Repository/ReportsPage/generateReport' is clicked on

2018-06-14 20:09:05 - [TEST_STEP][PASSED] - delay: Delayed 10 second(s)

2018-06-14 20:09:15 - [MESSAGE][PASSED] - Delayed 10 second(s)

2018-06-14 20:09:15 - [TEST_STEP][PASSED] - Statement - errMessage = CustomKeywords.uiaction.CommonUIActions.getText(com.kms.katalon.core.testobject.ObjectRepository.findTestObject(ReportsPage/report_failure_alertmsg)): uiaction.CommonUIActions.getText is PASSED

2018-06-14 20:09:15 - [MESSAGE][PASSED] - uiaction.CommonUIActions.getText is PASSED

2018-06-14 20:09:15 - [TEST_STEP][PASSED] - Statement - errMsgText = CustomKeywords.projectSpecific.Reusability.getTestData("ReportsPage", "DateErrorMsg6"): projectSpecific.Reusability.getTestData is PASSED

2018-06-14 20:09:15 - [MESSAGE][PASSED] - projectSpecific.Reusability.getTestData is PASSED

2018-06-14 20:09:15 - [TEST_STEP][FAILED] - verifyMatch: Unable to verify match between actual text 'Date range invalid. For Day Reports select any 1 month period.' and expected text 'Date range invalid. For day report select any 1 month period.' (Root cause: Actual text 'Date range invalid. For Day Reports select any 1 month period.' and expected text 'Date range invalid. For day report select any 1 month period.' are not matched)

2018-06-14 20:09:15 - [MESSAGE][FAILED] - Unable to verify match between actual text 'Date range invalid. For Day Reports select any 1 month period.' and expected text 'Date range invalid. For day report select any 1 month period.' (Root cause: Actual text 'Date range invalid. For Day Reports select any 1 month period.' and expected text 'Date range invalid. For day report select any 1 month period.' are not matched)

2018-06-14 20:09:15 - [TEST_STEP][PASSED] - Statement - If (errMessage == errMsgText): null

2018-06-14 20:09:15 - [TEST_STEP][PASSED] - Statement - Else: null

2018-06-14 20:09:15 - [TEST_STEP][PASSED] - Statement - out.println("Error message is not displayed"): null

2018-06-14 20:09:15 - [TEST_STEP][PASSED] - delay: Delayed 5 second(s)

2018-06-14 20:09:20 - [MESSAGE][PASSED] - Delayed 5 second(s)

2018-06-14 20:09:20 - [TEST_STEP][PASSED] - uiaction.CommonUIActions.click: uiaction.CommonUIActions.click is PASSED

2018-06-14 20:09:23 - [MESSAGE][PASSED] - uiaction.CommonUIActions.click is PASSED

2018-06-14 20:09:23 - [TEST_STEP][PASSED] - delay: Delayed 5 second(s)

2018-06-14 20:09:28 - [MESSAGE][PASSED] - Delayed 5 second(s)

2018-06-14 20:09:28 - [TEST_STEP][PASSED] - uiaction.CommonUIActions.click: uiaction.CommonUIActions.click is PASSED

2018-06-14 20:09:39 - [MESSAGE][PASSED] - uiaction.CommonUIActions.click is PASSED

2018-06-14 20:09:39 - [TEST_STEP][PASSED] - delay: Delayed 5 second(s)

2018-06-14 20:09:44 - [MESSAGE][PASSED] - Delayed 5 second(s)

2018-06-14 20:09:44 - [TEST_STEP][PASSED] - uiaction.CommonUIActions.click: uiaction.CommonUIActions.click is PASSED

2018-06-14 20:09:45 - [MESSAGE][PASSED] - uiaction.CommonUIActions.click is PASSED

2018-06-14 20:09:45 - [TEST_STEP][PASSED] - delay: Delayed 10 second(s)

2018-06-14 20:09:55 - [MESSAGE][PASSED] - Delayed 10 second(s)

2018-06-14 20:09:55 - [TEST_STEP][PASSED] - uiaction.CommonUIActions.click: uiaction.CommonUIActions.click is PASSED

2018-06-14 20:09:55 - [MESSAGE][PASSED] - uiaction.CommonUIActions.click is PASSED

2018-06-14 20:09:55 - [TEST_STEP][PASSED] - delay: Delayed 10 second(s)

2018-06-14 20:10:05 - [MESSAGE][PASSED] - Delayed 10 second(s)

2018-06-14 20:10:05 - [TEST_STEP][PASSED] - uiaction.CommonUIActions.click: uiaction.CommonUIActions.click is PASSED

2018-06-14 20:10:05 - [MESSAGE][PASSED] - uiaction.CommonUIActions.click is PASSED

2018-06-14 20:10:05 - [TEST_STEP][PASSED] - delay: Delayed 10 second(s)

2018-06-14 20:10:15 - [MESSAGE][PASSED] - Delayed 10 second(s)

2018-06-14 20:10:15 - [TEST_STEP][PASSED] - uiaction.CommonUIActions.click: uiaction.CommonUIActions.click is PASSED

2018-06-14 20:10:15 - [MESSAGE][PASSED] - uiaction.CommonUIActions.click is PASSED

2018-06-14 20:10:15 - [TEST_STEP][PASSED] - delay: Delayed 10 second(s)

2018-06-14 20:10:25 - [MESSAGE][PASSED] - Delayed 10 second(s)

2018-06-14 20:10:25 - [TEST_STEP][PASSED] - uiaction.CommonUIActions.click: uiaction.CommonUIActions.click is PASSED

2018-06-14 20:10:29 - [MESSAGE][PASSED] - uiaction.CommonUIActions.click is PASSED

2018-06-14 20:10:29 - [TEST_STEP][PASSED] - Statement - assert TCflag == true: null

2018-06-14 20:10:29 - [TEST_STEP][PASSED] - Start listener action : sampleAfterTestCase: Browser is closed

2018-06-14 20:10:29 - [TEST_STEP][PASSED] - Statement - println(testCaseContext.getTestCaseId()): null

2018-06-14 20:10:29 - [TEST_STEP][PASSED] - Statement - println(testCaseContext.getTestCaseStatus()): null

2018-06-14 20:10:29 - [TEST_STEP][PASSED] - closeBrowser: Browser is closed

2018-06-14 20:10:29 - [MESSAGE][PASSED] - Browser is closed]]></system-out>
         <system-err><![CDATA[2018-06-14 20:06:24 - [TEST_CASE][FAILED] - Test Cases/SummaryReportsTC/HME-Summary Report-14: Test Cases/SummaryReportsTC/HME-Summary Report-14 FAILED because (of) Unable to verify match between actual text 'Date range invalid. For Day Reports select any 1 month period.' and expected text 'Date range invalid. For day report select any 1 month period.' (Root cause: Actual text 'Date range invalid. For Day Reports select any 1 month period.' and expected text 'Date range invalid. For day report select any 1 month period.' are not matched)]]></system-err>
      </testcase>
      <testcase name="Test Cases/SummaryReportsTC/HME-Summary Report-15" classname="Test Cases/SummaryReportsTC/HME-Summary Report-15" status="FAILED">
         <failure type="FAILED" message="Unable to verify match between actual text 'Web element with id: 'Object Repository/ReportsPage/report_failure_alertmsg' located by 'By.xpath: //div//ul//li[contains(text(),'Date range invalid')]' not found' and expected text 'Date range invalid. For daypart report select any 3 months period' (Root cause: Actual text 'Web element with id: 'Object Repository/ReportsPage/report_failure_alertmsg' located by 'By.xpath: //div//ul//li[contains(text(),'Date range invalid')]' not found' and expected text 'Date range invalid. For daypart report select any 3 months period' are not matched)"/>
         <system-out><![CDATA[2018-06-14 20:10:29 - [TEST_CASE][FAILED] - Test Cases/SummaryReportsTC/HME-Summary Report-15: Test Cases/SummaryReportsTC/HME-Summary Report-15 FAILED because (of) Unable to verify match between actual text 'Web element with id: 'Object Repository/ReportsPage/report_failure_alertmsg' located by 'By.xpath: //div//ul//li[contains(text(),'Date range invalid')]' not found' and expected text 'Date range invalid. For daypart report select any 3 months period' (Root cause: Actual text 'Web element with id: 'Object Repository/ReportsPage/report_failure_alertmsg' located by 'By.xpath: //div//ul//li[contains(text(),'Date range invalid')]' not found' and expected text 'Date range invalid. For daypart report select any 3 months period' are not matched)

2018-06-14 20:10:29 - [TEST_STEP][PASSED] - Start listener action : sampleBeforeTestCase: uiaction.CommonUIActions.deleteAllCookies is PASSED

2018-06-14 20:10:29 - [TEST_STEP][PASSED] - openBrowser: Browser is opened with url: ''

2018-06-14 20:10:31 - [MESSAGE][PASSED] - Browser is opened with url: ''

2018-06-14 20:10:31 - [TEST_STEP][PASSED] - maximizeWindow: Current window maximized

2018-06-14 20:10:33 - [MESSAGE][PASSED] - Current window maximized

2018-06-14 20:10:33 - [TEST_STEP][PASSED] - uiaction.CommonUIActions.deleteAllCookies: uiaction.CommonUIActions.deleteAllCookies is PASSED

2018-06-14 20:10:33 - [MESSAGE][PASSED] - Delete all cookies successfully

2018-06-14 20:10:33 - [MESSAGE][PASSED] - uiaction.CommonUIActions.deleteAllCookies is PASSED

2018-06-14 20:10:33 - [TEST_STEP][PASSED] - Statement - TCflag = true: null

2018-06-14 20:10:33 - [TEST_STEP][FAILED] - Statement - Try: uiaction.CommonUIActions.click is PASSED

2018-06-14 20:10:33 - [TEST_STEP][PASSED] - navigateToUrl: Navigate to 'https://hme-dev-public-cloud-app.azurewebsites.net/' successfully

2018-06-14 20:10:36 - [MESSAGE][PASSED] - Navigate to 'https://hme-dev-public-cloud-app.azurewebsites.net/' successfully

2018-06-14 20:10:36 - [TEST_STEP][PASSED] - projectSpecific.Reusability.login: projectSpecific.Reusability.login is PASSED

2018-06-14 20:10:36 - [MESSAGE][PASSED] - projectSpecific.Reusability.getTestData is PASSED

2018-06-14 20:10:36 - [MESSAGE][PASSED] - projectSpecific.Reusability.getTestData is PASSED

2018-06-14 20:10:36 - [MESSAGE][PASSED] - Text 'selvendrank@nousinfo.com' is set on object 'Object Repository/LoginPage/Username'

2018-06-14 20:10:36 - [MESSAGE][PASSED] - Text 'nous;123' is set on object 'Object Repository/LoginPage/Password'

2018-06-14 20:10:36 - [MESSAGE][PASSED] - Object: 'Object Repository/LoginPage/Login' is clicked on

2018-06-14 20:10:36 - [MESSAGE][PASSED] - projectSpecific.Reusability.login is PASSED

2018-06-14 20:10:36 - [TEST_STEP][PASSED] - delay: Delayed 10 second(s)

2018-06-14 20:10:46 - [MESSAGE][PASSED] - Delayed 10 second(s)

2018-06-14 20:10:46 - [TEST_STEP][PASSED] - uiaction.CommonUIActions.click: uiaction.CommonUIActions.click is PASSED

2018-06-14 20:11:07 - [MESSAGE][PASSED] - uiaction.CommonUIActions.click is PASSED

2018-06-14 20:11:07 - [TEST_STEP][PASSED] - uiaction.CommonUIActions.click: uiaction.CommonUIActions.click is PASSED

2018-06-14 20:11:09 - [MESSAGE][PASSED] - uiaction.CommonUIActions.click is PASSED

2018-06-14 20:11:09 - [TEST_STEP][PASSED] - uiaction.CommonUIActions.click: uiaction.CommonUIActions.click is PASSED

2018-06-14 20:11:09 - [MESSAGE][PASSED] - uiaction.CommonUIActions.click is PASSED

2018-06-14 20:11:09 - [TEST_STEP][PASSED] - uiaction.CommonUIActions.enter: uiaction.CommonUIActions.enter is PASSED

2018-06-14 20:11:09 - [MESSAGE][PASSED] - projectSpecific.Reusability.getTestData is PASSED

2018-06-14 20:11:09 - [MESSAGE][PASSED] - uiaction.CommonUIActions.enter is PASSED

2018-06-14 20:11:09 - [TEST_STEP][PASSED] - uiaction.CommonUIActions.enter: uiaction.CommonUIActions.enter is PASSED

2018-06-14 20:11:09 - [MESSAGE][PASSED] - projectSpecific.Reusability.getTestData is PASSED

2018-06-14 20:11:09 - [MESSAGE][PASSED] - uiaction.CommonUIActions.enter is PASSED

2018-06-14 20:11:09 - [TEST_STEP][PASSED] - delay: Delayed 10 second(s)

2018-06-14 20:11:19 - [MESSAGE][PASSED] - Delayed 10 second(s)

2018-06-14 20:11:19 - [TEST_STEP][PASSED] - Statement - driver = com.kms.katalon.core.webui.driver.DriverFactory.getWebDriver(): null

2018-06-14 20:11:19 - [TEST_STEP][PASSED] - Statement - grouplist = driver.findElements(org.openqa.selenium.By.xpath("//ul[@class='unlinked-grouplist']/li")): null

2018-06-14 20:11:19 - [TEST_STEP][PASSED] - delay: Delayed 5 second(s)

2018-06-14 20:11:24 - [MESSAGE][PASSED] - Delayed 5 second(s)

2018-06-14 20:11:24 - [TEST_STEP][PASSED] - Statement - pattern = java.util.regex.Pattern.compile("[0-9]+"): null

2018-06-14 20:11:24 - [TEST_STEP][PASSED] - Statement - store_count = 1: null

2018-06-14 20:11:24 - [TEST_STEP][PASSED] - Statement - For ([i = 0, i < 100, (i++)]): null

2018-06-14 20:11:24 - [TEST_STEP][PASSED] - Statement - println(grouplist.get(i).getText()): null

2018-06-14 20:11:24 - [TEST_STEP][PASSED] - Statement - txt = grouplist.get(i).getText(): null

2018-06-14 20:11:24 - [TEST_STEP][PASSED] - Statement - matched = pattern.matcher(txt).matches(): null

2018-06-14 20:11:24 - [TEST_STEP][PASSED] - Statement - If (matched): null

2018-06-14 20:11:24 - [TEST_STEP][PASSED] - Statement - println(grouplist.get(i).getText()): null

2018-06-14 20:11:24 - [TEST_STEP][PASSED] - Statement - txt = grouplist.get(i).getText(): null

2018-06-14 20:11:24 - [TEST_STEP][PASSED] - Statement - matched = pattern.matcher(txt).matches(): null

2018-06-14 20:11:24 - [TEST_STEP][PASSED] - Statement - If (matched): null

2018-06-14 20:11:24 - [TEST_STEP][PASSED] - Statement - println(grouplist.get(i).getText()): null

2018-06-14 20:11:24 - [TEST_STEP][PASSED] - Statement - txt = grouplist.get(i).getText(): null

2018-06-14 20:11:24 - [TEST_STEP][PASSED] - Statement - matched = pattern.matcher(txt).matches(): null

2018-06-14 20:11:24 - [TEST_STEP][PASSED] - Statement - If (matched): null

2018-06-14 20:11:24 - [TEST_STEP][PASSED] - Statement - println(grouplist.get(i).getText()): null

2018-06-14 20:11:24 - [TEST_STEP][PASSED] - Statement - txt = grouplist.get(i).getText(): null

2018-06-14 20:11:24 - [TEST_STEP][PASSED] - Statement - matched = pattern.matcher(txt).matches(): null

2018-06-14 20:11:24 - [TEST_STEP][PASSED] - Statement - If (matched): null

2018-06-14 20:11:24 - [TEST_STEP][PASSED] - Statement - println(grouplist.get(i).getText()): null

2018-06-14 20:11:24 - [TEST_STEP][PASSED] - Statement - txt = grouplist.get(i).getText(): null

2018-06-14 20:11:24 - [TEST_STEP][PASSED] - Statement - matched = pattern.matcher(txt).matches(): null

2018-06-14 20:11:24 - [TEST_STEP][PASSED] - Statement - If (matched): null

2018-06-14 20:11:24 - [TEST_STEP][PASSED] - Statement - println(grouplist.get(i).getText()): null

2018-06-14 20:11:24 - [TEST_STEP][PASSED] - Statement - txt = grouplist.get(i).getText(): null

2018-06-14 20:11:24 - [TEST_STEP][PASSED] - Statement - matched = pattern.matcher(txt).matches(): null

2018-06-14 20:11:24 - [TEST_STEP][PASSED] - Statement - If (matched): null

2018-06-14 20:11:24 - [TEST_STEP][PASSED] - Statement - println(grouplist.get(i).getText()): null

2018-06-14 20:11:24 - [TEST_STEP][PASSED] - Statement - txt = grouplist.get(i).getText(): null

2018-06-14 20:11:24 - [TEST_STEP][PASSED] - Statement - matched = pattern.matcher(txt).matches(): null

2018-06-14 20:11:24 - [TEST_STEP][PASSED] - Statement - If (matched): null

2018-06-14 20:11:24 - [TEST_STEP][PASSED] - Statement - println(grouplist.get(i).getText()): null

2018-06-14 20:11:24 - [TEST_STEP][PASSED] - Statement - txt = grouplist.get(i).getText(): null

2018-06-14 20:11:24 - [TEST_STEP][PASSED] - Statement - matched = pattern.matcher(txt).matches(): null

2018-06-14 20:11:24 - [TEST_STEP][PASSED] - Statement - If (matched): null

2018-06-14 20:11:24 - [TEST_STEP][PASSED] - Statement - println(grouplist.get(i).getText()): null

2018-06-14 20:11:24 - [TEST_STEP][PASSED] - Statement - txt = grouplist.get(i).getText(): null

2018-06-14 20:11:24 - [TEST_STEP][PASSED] - Statement - matched = pattern.matcher(txt).matches(): null

2018-06-14 20:11:24 - [TEST_STEP][PASSED] - Statement - If (matched): null

2018-06-14 20:11:24 - [TEST_STEP][PASSED] - Statement - println(grouplist.get(i).getText()): null

2018-06-14 20:11:24 - [TEST_STEP][PASSED] - Statement - txt = grouplist.get(i).getText(): null

2018-06-14 20:11:24 - [TEST_STEP][PASSED] - Statement - matched = pattern.matcher(txt).matches(): null

2018-06-14 20:11:24 - [TEST_STEP][PASSED] - Statement - If (matched): null

2018-06-14 20:11:24 - [TEST_STEP][PASSED] - Statement - println(grouplist.get(i).getText()): null

2018-06-14 20:11:24 - [TEST_STEP][PASSED] - Statement - txt = grouplist.get(i).getText(): null

2018-06-14 20:11:24 - [TEST_STEP][PASSED] - Statement - matched = pattern.matcher(txt).matches(): null

2018-06-14 20:11:24 - [TEST_STEP][PASSED] - Statement - If (matched): null

2018-06-14 20:11:24 - [TEST_STEP][PASSED] - Statement - println(grouplist.get(i).getText()): null

2018-06-14 20:11:24 - [TEST_STEP][PASSED] - Statement - txt = grouplist.get(i).getText(): null

2018-06-14 20:11:24 - [TEST_STEP][PASSED] - Statement - matched = pattern.matcher(txt).matches(): null

2018-06-14 20:11:24 - [TEST_STEP][PASSED] - Statement - If (matched): null

2018-06-14 20:11:24 - [TEST_STEP][PASSED] - Statement - println(grouplist.get(i).getText()): null

2018-06-14 20:11:24 - [TEST_STEP][PASSED] - Statement - txt = grouplist.get(i).getText(): null

2018-06-14 20:11:24 - [TEST_STEP][PASSED] - Statement - matched = pattern.matcher(txt).matches(): null

2018-06-14 20:11:24 - [TEST_STEP][PASSED] - Statement - If (matched): null

2018-06-14 20:11:24 - [TEST_STEP][PASSED] - Statement - println(grouplist.get(i).getText()): null

2018-06-14 20:11:24 - [TEST_STEP][PASSED] - Statement - txt = grouplist.get(i).getText(): null

2018-06-14 20:11:24 - [TEST_STEP][PASSED] - Statement - matched = pattern.matcher(txt).matches(): null

2018-06-14 20:11:24 - [TEST_STEP][PASSED] - Statement - If (matched): null

2018-06-14 20:11:24 - [TEST_STEP][PASSED] - Statement - println(grouplist.get(i).getText()): null

2018-06-14 20:11:24 - [TEST_STEP][PASSED] - Statement - txt = grouplist.get(i).getText(): null

2018-06-14 20:11:24 - [TEST_STEP][PASSED] - Statement - matched = pattern.matcher(txt).matches(): null

2018-06-14 20:11:24 - [TEST_STEP][PASSED] - Statement - If (matched): null

2018-06-14 20:11:24 - [TEST_STEP][PASSED] - Statement - println(grouplist.get(i).getText()): null

2018-06-14 20:11:24 - [TEST_STEP][PASSED] - Statement - txt = grouplist.get(i).getText(): null

2018-06-14 20:11:24 - [TEST_STEP][PASSED] - Statement - matched = pattern.matcher(txt).matches(): null

2018-06-14 20:11:24 - [TEST_STEP][PASSED] - Statement - If (matched): null

2018-06-14 20:11:24 - [TEST_STEP][PASSED] - Statement - println(grouplist.get(i).getText()): null

2018-06-14 20:11:24 - [TEST_STEP][PASSED] - Statement - txt = grouplist.get(i).getText(): null

2018-06-14 20:11:24 - [TEST_STEP][PASSED] - Statement - matched = pattern.matcher(txt).matches(): null

2018-06-14 20:11:24 - [TEST_STEP][PASSED] - Statement - If (matched): null

2018-06-14 20:11:24 - [TEST_STEP][PASSED] - Statement - println(grouplist.get(i).getText()): null

2018-06-14 20:11:24 - [TEST_STEP][PASSED] - Statement - txt = grouplist.get(i).getText(): null

2018-06-14 20:11:24 - [TEST_STEP][PASSED] - Statement - matched = pattern.matcher(txt).matches(): null

2018-06-14 20:11:24 - [TEST_STEP][PASSED] - Statement - If (matched): null

2018-06-14 20:11:24 - [TEST_STEP][PASSED] - Statement - driver.findElement(org.openqa.selenium.By.xpath("(//ul[@class='unlinked-grouplist']/li/label)[" + i + 1 + "]")).click(): null

2018-06-14 20:11:24 - [TEST_STEP][PASSED] - Statement - (store_count++): null

2018-06-14 20:11:24 - [TEST_STEP][PASSED] - Statement - println(grouplist.get(i).getText()): null

2018-06-14 20:11:24 - [TEST_STEP][PASSED] - Statement - txt = grouplist.get(i).getText(): null

2018-06-14 20:11:24 - [TEST_STEP][PASSED] - Statement - matched = pattern.matcher(txt).matches(): null

2018-06-14 20:11:24 - [TEST_STEP][PASSED] - Statement - If (matched): null

2018-06-14 20:11:24 - [TEST_STEP][PASSED] - Statement - driver.findElement(org.openqa.selenium.By.xpath("(//ul[@class='unlinked-grouplist']/li/label)[" + i + 1 + "]")).click(): null

2018-06-14 20:11:24 - [TEST_STEP][PASSED] - Statement - (store_count++): null

2018-06-14 20:11:24 - [TEST_STEP][PASSED] - Statement - println(grouplist.get(i).getText()): null

2018-06-14 20:11:24 - [TEST_STEP][PASSED] - Statement - txt = grouplist.get(i).getText(): null

2018-06-14 20:11:24 - [TEST_STEP][PASSED] - Statement - matched = pattern.matcher(txt).matches(): null

2018-06-14 20:11:24 - [TEST_STEP][PASSED] - Statement - If (matched): null

2018-06-14 20:11:24 - [TEST_STEP][PASSED] - Statement - driver.findElement(org.openqa.selenium.By.xpath("(//ul[@class='unlinked-grouplist']/li/label)[" + i + 1 + "]")).click(): null

2018-06-14 20:11:25 - [TEST_STEP][PASSED] - Statement - (store_count++): null

2018-06-14 20:11:25 - [TEST_STEP][PASSED] - Statement - println(grouplist.get(i).getText()): null

2018-06-14 20:11:25 - [TEST_STEP][PASSED] - Statement - txt = grouplist.get(i).getText(): null

2018-06-14 20:11:25 - [TEST_STEP][PASSED] - Statement - matched = pattern.matcher(txt).matches(): null

2018-06-14 20:11:25 - [TEST_STEP][PASSED] - Statement - If (matched): null

2018-06-14 20:11:25 - [TEST_STEP][PASSED] - Statement - driver.findElement(org.openqa.selenium.By.xpath("(//ul[@class='unlinked-grouplist']/li/label)[" + i + 1 + "]")).click(): null

2018-06-14 20:11:25 - [TEST_STEP][PASSED] - Statement - (store_count++): null

2018-06-14 20:11:25 - [TEST_STEP][PASSED] - Statement - println(grouplist.get(i).getText()): null

2018-06-14 20:11:25 - [TEST_STEP][PASSED] - Statement - txt = grouplist.get(i).getText(): null

2018-06-14 20:11:25 - [TEST_STEP][PASSED] - Statement - matched = pattern.matcher(txt).matches(): null

2018-06-14 20:11:25 - [TEST_STEP][PASSED] - Statement - If (matched): null

2018-06-14 20:11:25 - [TEST_STEP][PASSED] - Statement - driver.findElement(org.openqa.selenium.By.xpath("(//ul[@class='unlinked-grouplist']/li/label)[" + i + 1 + "]")).click(): null

2018-06-14 20:11:25 - [TEST_STEP][PASSED] - Statement - (store_count++): null

2018-06-14 20:11:25 - [TEST_STEP][PASSED] - Statement - println(grouplist.get(i).getText()): null

2018-06-14 20:11:25 - [TEST_STEP][PASSED] - Statement - txt = grouplist.get(i).getText(): null

2018-06-14 20:11:25 - [TEST_STEP][PASSED] - Statement - matched = pattern.matcher(txt).matches(): null

2018-06-14 20:11:25 - [TEST_STEP][PASSED] - Statement - If (matched): null

2018-06-14 20:11:25 - [TEST_STEP][PASSED] - Statement - driver.findElement(org.openqa.selenium.By.xpath("(//ul[@class='unlinked-grouplist']/li/label)[" + i + 1 + "]")).click(): null

2018-06-14 20:11:25 - [TEST_STEP][PASSED] - Statement - (store_count++): null

2018-06-14 20:11:25 - [TEST_STEP][PASSED] - Statement - println(grouplist.get(i).getText()): null

2018-06-14 20:11:25 - [TEST_STEP][PASSED] - Statement - txt = grouplist.get(i).getText(): null

2018-06-14 20:11:25 - [TEST_STEP][PASSED] - Statement - matched = pattern.matcher(txt).matches(): null

2018-06-14 20:11:25 - [TEST_STEP][PASSED] - Statement - If (matched): null

2018-06-14 20:11:25 - [TEST_STEP][PASSED] - Statement - driver.findElement(org.openqa.selenium.By.xpath("(//ul[@class='unlinked-grouplist']/li/label)[" + i + 1 + "]")).click(): null

2018-06-14 20:11:25 - [TEST_STEP][PASSED] - Statement - (store_count++): null

2018-06-14 20:11:25 - [TEST_STEP][PASSED] - Statement - println(grouplist.get(i).getText()): null

2018-06-14 20:11:25 - [TEST_STEP][PASSED] - Statement - txt = grouplist.get(i).getText(): null

2018-06-14 20:11:25 - [TEST_STEP][PASSED] - Statement - matched = pattern.matcher(txt).matches(): null

2018-06-14 20:11:25 - [TEST_STEP][PASSED] - Statement - If (matched): null

2018-06-14 20:11:25 - [TEST_STEP][PASSED] - Statement - driver.findElement(org.openqa.selenium.By.xpath("(//ul[@class='unlinked-grouplist']/li/label)[" + i + 1 + "]")).click(): null

2018-06-14 20:11:25 - [TEST_STEP][PASSED] - Statement - (store_count++): null

2018-06-14 20:11:25 - [TEST_STEP][PASSED] - Statement - println(grouplist.get(i).getText()): null

2018-06-14 20:11:25 - [TEST_STEP][PASSED] - Statement - txt = grouplist.get(i).getText(): null

2018-06-14 20:11:25 - [TEST_STEP][PASSED] - Statement - matched = pattern.matcher(txt).matches(): null

2018-06-14 20:11:25 - [TEST_STEP][PASSED] - Statement - If (matched): null

2018-06-14 20:11:25 - [TEST_STEP][PASSED] - Statement - driver.findElement(org.openqa.selenium.By.xpath("(//ul[@class='unlinked-grouplist']/li/label)[" + i + 1 + "]")).click(): null

2018-06-14 20:11:25 - [TEST_STEP][PASSED] - Statement - (store_count++): null

2018-06-14 20:11:25 - [TEST_STEP][PASSED] - Statement - println(grouplist.get(i).getText()): null

2018-06-14 20:11:25 - [TEST_STEP][PASSED] - Statement - txt = grouplist.get(i).getText(): null

2018-06-14 20:11:25 - [TEST_STEP][PASSED] - Statement - matched = pattern.matcher(txt).matches(): null

2018-06-14 20:11:25 - [TEST_STEP][PASSED] - Statement - If (matched): null

2018-06-14 20:11:25 - [TEST_STEP][PASSED] - Statement - driver.findElement(org.openqa.selenium.By.xpath("(//ul[@class='unlinked-grouplist']/li/label)[" + i + 1 + "]")).click(): null

2018-06-14 20:11:25 - [TEST_STEP][PASSED] - Statement - (store_count++): null

2018-06-14 20:11:25 - [TEST_STEP][PASSED] - Statement - println(grouplist.get(i).getText()): null

2018-06-14 20:11:25 - [TEST_STEP][PASSED] - Statement - txt = grouplist.get(i).getText(): null

2018-06-14 20:11:25 - [TEST_STEP][PASSED] - Statement - matched = pattern.matcher(txt).matches(): null

2018-06-14 20:11:25 - [TEST_STEP][PASSED] - Statement - If (matched): null

2018-06-14 20:11:25 - [TEST_STEP][PASSED] - Statement - driver.findElement(org.openqa.selenium.By.xpath("(//ul[@class='unlinked-grouplist']/li/label)[" + i + 1 + "]")).click(): null

2018-06-14 20:11:25 - [TEST_STEP][PASSED] - Statement - (store_count++): null

2018-06-14 20:11:25 - [TEST_STEP][PASSED] - Statement - println(grouplist.get(i).getText()): null

2018-06-14 20:11:25 - [TEST_STEP][PASSED] - Statement - txt = grouplist.get(i).getText(): null

2018-06-14 20:11:25 - [TEST_STEP][PASSED] - Statement - matched = pattern.matcher(txt).matches(): null

2018-06-14 20:11:25 - [TEST_STEP][PASSED] - Statement - If (matched): null

2018-06-14 20:11:25 - [TEST_STEP][PASSED] - Statement - driver.findElement(org.openqa.selenium.By.xpath("(//ul[@class='unlinked-grouplist']/li/label)[" + i + 1 + "]")).click(): null

2018-06-14 20:11:25 - [TEST_STEP][PASSED] - Statement - (store_count++): null

2018-06-14 20:11:25 - [TEST_STEP][PASSED] - Statement - println(grouplist.get(i).getText()): null

2018-06-14 20:11:25 - [TEST_STEP][PASSED] - Statement - txt = grouplist.get(i).getText(): null

2018-06-14 20:11:25 - [TEST_STEP][PASSED] - Statement - matched = pattern.matcher(txt).matches(): null

2018-06-14 20:11:25 - [TEST_STEP][PASSED] - Statement - If (matched): null

2018-06-14 20:11:25 - [TEST_STEP][PASSED] - Statement - driver.findElement(org.openqa.selenium.By.xpath("(//ul[@class='unlinked-grouplist']/li/label)[" + i + 1 + "]")).click(): null

2018-06-14 20:11:25 - [TEST_STEP][PASSED] - Statement - (store_count++): null

2018-06-14 20:11:25 - [TEST_STEP][PASSED] - Statement - println(grouplist.get(i).getText()): null

2018-06-14 20:11:25 - [TEST_STEP][PASSED] - Statement - txt = grouplist.get(i).getText(): null

2018-06-14 20:11:25 - [TEST_STEP][PASSED] - Statement - matched = pattern.matcher(txt).matches(): null

2018-06-14 20:11:25 - [TEST_STEP][PASSED] - Statement - If (matched): null

2018-06-14 20:11:25 - [TEST_STEP][PASSED] - Statement - driver.findElement(org.openqa.selenium.By.xpath("(//ul[@class='unlinked-grouplist']/li/label)[" + i + 1 + "]")).click(): null

2018-06-14 20:11:25 - [TEST_STEP][PASSED] - Statement - (store_count++): null

2018-06-14 20:11:25 - [TEST_STEP][PASSED] - Statement - println(grouplist.get(i).getText()): null

2018-06-14 20:11:25 - [TEST_STEP][PASSED] - Statement - txt = grouplist.get(i).getText(): null

2018-06-14 20:11:25 - [TEST_STEP][PASSED] - Statement - matched = pattern.matcher(txt).matches(): null

2018-06-14 20:11:25 - [TEST_STEP][PASSED] - Statement - If (matched): null

2018-06-14 20:11:25 - [TEST_STEP][PASSED] - Statement - driver.findElement(org.openqa.selenium.By.xpath("(//ul[@class='unlinked-grouplist']/li/label)[" + i + 1 + "]")).click(): null

2018-06-14 20:11:26 - [TEST_STEP][PASSED] - Statement - (store_count++): null

2018-06-14 20:11:26 - [TEST_STEP][PASSED] - Statement - println(grouplist.get(i).getText()): null

2018-06-14 20:11:26 - [TEST_STEP][PASSED] - Statement - txt = grouplist.get(i).getText(): null

2018-06-14 20:11:26 - [TEST_STEP][PASSED] - Statement - matched = pattern.matcher(txt).matches(): null

2018-06-14 20:11:26 - [TEST_STEP][PASSED] - Statement - If (matched): null

2018-06-14 20:11:26 - [TEST_STEP][PASSED] - Statement - driver.findElement(org.openqa.selenium.By.xpath("(//ul[@class='unlinked-grouplist']/li/label)[" + i + 1 + "]")).click(): null

2018-06-14 20:11:26 - [TEST_STEP][PASSED] - Statement - (store_count++): null

2018-06-14 20:11:26 - [TEST_STEP][PASSED] - Statement - println(grouplist.get(i).getText()): null

2018-06-14 20:11:26 - [TEST_STEP][PASSED] - Statement - txt = grouplist.get(i).getText(): null

2018-06-14 20:11:26 - [TEST_STEP][PASSED] - Statement - matched = pattern.matcher(txt).matches(): null

2018-06-14 20:11:26 - [TEST_STEP][PASSED] - Statement - If (matched): null

2018-06-14 20:11:26 - [TEST_STEP][PASSED] - Statement - driver.findElement(org.openqa.selenium.By.xpath("(//ul[@class='unlinked-grouplist']/li/label)[" + i + 1 + "]")).click(): null

2018-06-14 20:11:26 - [TEST_STEP][PASSED] - Statement - (store_count++): null

2018-06-14 20:11:26 - [TEST_STEP][PASSED] - Statement - println(grouplist.get(i).getText()): null

2018-06-14 20:11:26 - [TEST_STEP][PASSED] - Statement - txt = grouplist.get(i).getText(): null

2018-06-14 20:11:26 - [TEST_STEP][PASSED] - Statement - matched = pattern.matcher(txt).matches(): null

2018-06-14 20:11:26 - [TEST_STEP][PASSED] - Statement - If (matched): null

2018-06-14 20:11:26 - [TEST_STEP][PASSED] - Statement - driver.findElement(org.openqa.selenium.By.xpath("(//ul[@class='unlinked-grouplist']/li/label)[" + i + 1 + "]")).click(): null

2018-06-14 20:11:26 - [TEST_STEP][PASSED] - Statement - (store_count++): null

2018-06-14 20:11:26 - [TEST_STEP][PASSED] - Statement - println(grouplist.get(i).getText()): null

2018-06-14 20:11:26 - [TEST_STEP][PASSED] - Statement - txt = grouplist.get(i).getText(): null

2018-06-14 20:11:26 - [TEST_STEP][PASSED] - Statement - matched = pattern.matcher(txt).matches(): null

2018-06-14 20:11:26 - [TEST_STEP][PASSED] - Statement - If (matched): null

2018-06-14 20:11:26 - [TEST_STEP][PASSED] - Statement - driver.findElement(org.openqa.selenium.By.xpath("(//ul[@class='unlinked-grouplist']/li/label)[" + i + 1 + "]")).click(): null

2018-06-14 20:11:26 - [TEST_STEP][PASSED] - Statement - (store_count++): null

2018-06-14 20:11:26 - [TEST_STEP][PASSED] - Statement - println(grouplist.get(i).getText()): null

2018-06-14 20:11:26 - [TEST_STEP][PASSED] - Statement - txt = grouplist.get(i).getText(): null

2018-06-14 20:11:26 - [TEST_STEP][PASSED] - Statement - matched = pattern.matcher(txt).matches(): null

2018-06-14 20:11:26 - [TEST_STEP][PASSED] - Statement - If (matched): null

2018-06-14 20:11:26 - [TEST_STEP][PASSED] - Statement - driver.findElement(org.openqa.selenium.By.xpath("(//ul[@class='unlinked-grouplist']/li/label)[" + i + 1 + "]")).click(): null

2018-06-14 20:11:26 - [TEST_STEP][PASSED] - Statement - (store_count++): null

2018-06-14 20:11:26 - [TEST_STEP][PASSED] - Statement - println(grouplist.get(i).getText()): null

2018-06-14 20:11:26 - [TEST_STEP][PASSED] - Statement - txt = grouplist.get(i).getText(): null

2018-06-14 20:11:26 - [TEST_STEP][PASSED] - Statement - matched = pattern.matcher(txt).matches(): null

2018-06-14 20:11:26 - [TEST_STEP][PASSED] - Statement - If (matched): null

2018-06-14 20:11:26 - [TEST_STEP][PASSED] - Statement - driver.findElement(org.openqa.selenium.By.xpath("(//ul[@class='unlinked-grouplist']/li/label)[" + i + 1 + "]")).click(): null

2018-06-14 20:11:26 - [TEST_STEP][PASSED] - Statement - (store_count++): null

2018-06-14 20:11:26 - [TEST_STEP][PASSED] - Statement - println(grouplist.get(i).getText()): null

2018-06-14 20:11:26 - [TEST_STEP][PASSED] - Statement - txt = grouplist.get(i).getText(): null

2018-06-14 20:11:26 - [TEST_STEP][PASSED] - Statement - matched = pattern.matcher(txt).matches(): null

2018-06-14 20:11:26 - [TEST_STEP][PASSED] - Statement - If (matched): null

2018-06-14 20:11:26 - [TEST_STEP][PASSED] - Statement - driver.findElement(org.openqa.selenium.By.xpath("(//ul[@class='unlinked-grouplist']/li/label)[" + i + 1 + "]")).click(): null

2018-06-14 20:11:26 - [TEST_STEP][PASSED] - Statement - (store_count++): null

2018-06-14 20:11:26 - [TEST_STEP][PASSED] - Statement - println(grouplist.get(i).getText()): null

2018-06-14 20:11:26 - [TEST_STEP][PASSED] - Statement - txt = grouplist.get(i).getText(): null

2018-06-14 20:11:26 - [TEST_STEP][PASSED] - Statement - matched = pattern.matcher(txt).matches(): null

2018-06-14 20:11:26 - [TEST_STEP][PASSED] - Statement - If (matched): null

2018-06-14 20:11:26 - [TEST_STEP][PASSED] - Statement - driver.findElement(org.openqa.selenium.By.xpath("(//ul[@class='unlinked-grouplist']/li/label)[" + i + 1 + "]")).click(): null

2018-06-14 20:11:26 - [TEST_STEP][PASSED] - Statement - (store_count++): null

2018-06-14 20:11:26 - [TEST_STEP][PASSED] - Statement - println(grouplist.get(i).getText()): null

2018-06-14 20:11:26 - [TEST_STEP][PASSED] - Statement - txt = grouplist.get(i).getText(): null

2018-06-14 20:11:26 - [TEST_STEP][PASSED] - Statement - matched = pattern.matcher(txt).matches(): null

2018-06-14 20:11:26 - [TEST_STEP][PASSED] - Statement - If (matched): null

2018-06-14 20:11:26 - [TEST_STEP][PASSED] - Statement - driver.findElement(org.openqa.selenium.By.xpath("(//ul[@class='unlinked-grouplist']/li/label)[" + i + 1 + "]")).click(): null

2018-06-14 20:11:26 - [TEST_STEP][PASSED] - Statement - (store_count++): null

2018-06-14 20:11:26 - [TEST_STEP][PASSED] - Statement - println(grouplist.get(i).getText()): null

2018-06-14 20:11:26 - [TEST_STEP][PASSED] - Statement - txt = grouplist.get(i).getText(): null

2018-06-14 20:11:26 - [TEST_STEP][PASSED] - Statement - matched = pattern.matcher(txt).matches(): null

2018-06-14 20:11:26 - [TEST_STEP][PASSED] - Statement - If (matched): null

2018-06-14 20:11:26 - [TEST_STEP][PASSED] - Statement - driver.findElement(org.openqa.selenium.By.xpath("(//ul[@class='unlinked-grouplist']/li/label)[" + i + 1 + "]")).click(): null

2018-06-14 20:11:26 - [TEST_STEP][PASSED] - Statement - (store_count++): null

2018-06-14 20:11:26 - [TEST_STEP][PASSED] - Statement - println(grouplist.get(i).getText()): null

2018-06-14 20:11:26 - [TEST_STEP][PASSED] - Statement - txt = grouplist.get(i).getText(): null

2018-06-14 20:11:26 - [TEST_STEP][PASSED] - Statement - matched = pattern.matcher(txt).matches(): null

2018-06-14 20:11:26 - [TEST_STEP][PASSED] - Statement - If (matched): null

2018-06-14 20:11:26 - [TEST_STEP][PASSED] - Statement - driver.findElement(org.openqa.selenium.By.xpath("(//ul[@class='unlinked-grouplist']/li/label)[" + i + 1 + "]")).click(): null

2018-06-14 20:11:26 - [TEST_STEP][PASSED] - Statement - (store_count++): null

2018-06-14 20:11:26 - [TEST_STEP][PASSED] - Statement - println(grouplist.get(i).getText()): null

2018-06-14 20:11:26 - [TEST_STEP][PASSED] - Statement - txt = grouplist.get(i).getText(): null

2018-06-14 20:11:26 - [TEST_STEP][PASSED] - Statement - matched = pattern.matcher(txt).matches(): null

2018-06-14 20:11:26 - [TEST_STEP][PASSED] - Statement - If (matched): null

2018-06-14 20:11:26 - [TEST_STEP][PASSED] - Statement - driver.findElement(org.openqa.selenium.By.xpath("(//ul[@class='unlinked-grouplist']/li/label)[" + i + 1 + "]")).click(): null

2018-06-14 20:11:27 - [TEST_STEP][PASSED] - Statement - (store_count++): null

2018-06-14 20:11:27 - [TEST_STEP][PASSED] - Statement - println(grouplist.get(i).getText()): null

2018-06-14 20:11:27 - [TEST_STEP][PASSED] - Statement - txt = grouplist.get(i).getText(): null

2018-06-14 20:11:27 - [TEST_STEP][PASSED] - Statement - matched = pattern.matcher(txt).matches(): null

2018-06-14 20:11:27 - [TEST_STEP][PASSED] - Statement - If (matched): null

2018-06-14 20:11:27 - [TEST_STEP][PASSED] - Statement - driver.findElement(org.openqa.selenium.By.xpath("(//ul[@class='unlinked-grouplist']/li/label)[" + i + 1 + "]")).click(): null

2018-06-14 20:11:27 - [TEST_STEP][PASSED] - Statement - (store_count++): null

2018-06-14 20:11:27 - [TEST_STEP][PASSED] - Statement - println(grouplist.get(i).getText()): null

2018-06-14 20:11:27 - [TEST_STEP][PASSED] - Statement - txt = grouplist.get(i).getText(): null

2018-06-14 20:11:27 - [TEST_STEP][PASSED] - Statement - matched = pattern.matcher(txt).matches(): null

2018-06-14 20:11:27 - [TEST_STEP][PASSED] - Statement - If (matched): null

2018-06-14 20:11:27 - [TEST_STEP][PASSED] - Statement - driver.findElement(org.openqa.selenium.By.xpath("(//ul[@class='unlinked-grouplist']/li/label)[" + i + 1 + "]")).click(): null

2018-06-14 20:11:27 - [TEST_STEP][PASSED] - Statement - (store_count++): null

2018-06-14 20:11:27 - [TEST_STEP][PASSED] - Statement - println(grouplist.get(i).getText()): null

2018-06-14 20:11:27 - [TEST_STEP][PASSED] - Statement - txt = grouplist.get(i).getText(): null

2018-06-14 20:11:27 - [TEST_STEP][PASSED] - Statement - matched = pattern.matcher(txt).matches(): null

2018-06-14 20:11:27 - [TEST_STEP][PASSED] - Statement - If (matched): null

2018-06-14 20:11:27 - [TEST_STEP][PASSED] - Statement - driver.findElement(org.openqa.selenium.By.xpath("(//ul[@class='unlinked-grouplist']/li/label)[" + i + 1 + "]")).click(): null

2018-06-14 20:11:27 - [TEST_STEP][PASSED] - Statement - (store_count++): null

2018-06-14 20:11:27 - [TEST_STEP][PASSED] - Statement - println(grouplist.get(i).getText()): null

2018-06-14 20:11:27 - [TEST_STEP][PASSED] - Statement - txt = grouplist.get(i).getText(): null

2018-06-14 20:11:27 - [TEST_STEP][PASSED] - Statement - matched = pattern.matcher(txt).matches(): null

2018-06-14 20:11:27 - [TEST_STEP][PASSED] - Statement - If (matched): null

2018-06-14 20:11:27 - [TEST_STEP][PASSED] - Statement - driver.findElement(org.openqa.selenium.By.xpath("(//ul[@class='unlinked-grouplist']/li/label)[" + i + 1 + "]")).click(): null

2018-06-14 20:11:27 - [TEST_STEP][PASSED] - Statement - (store_count++): null

2018-06-14 20:11:27 - [TEST_STEP][PASSED] - Statement - println(grouplist.get(i).getText()): null

2018-06-14 20:11:27 - [TEST_STEP][PASSED] - Statement - txt = grouplist.get(i).getText(): null

2018-06-14 20:11:27 - [TEST_STEP][PASSED] - Statement - matched = pattern.matcher(txt).matches(): null

2018-06-14 20:11:27 - [TEST_STEP][PASSED] - Statement - If (matched): null

2018-06-14 20:11:27 - [TEST_STEP][PASSED] - Statement - driver.findElement(org.openqa.selenium.By.xpath("(//ul[@class='unlinked-grouplist']/li/label)[" + i + 1 + "]")).click(): null

2018-06-14 20:11:27 - [TEST_STEP][PASSED] - Statement - (store_count++): null

2018-06-14 20:11:27 - [TEST_STEP][PASSED] - Statement - println(grouplist.get(i).getText()): null

2018-06-14 20:11:27 - [TEST_STEP][PASSED] - Statement - txt = grouplist.get(i).getText(): null

2018-06-14 20:11:27 - [TEST_STEP][PASSED] - Statement - matched = pattern.matcher(txt).matches(): null

2018-06-14 20:11:27 - [TEST_STEP][PASSED] - Statement - If (matched): null

2018-06-14 20:11:27 - [TEST_STEP][PASSED] - Statement - driver.findElement(org.openqa.selenium.By.xpath("(//ul[@class='unlinked-grouplist']/li/label)[" + i + 1 + "]")).click(): null

2018-06-14 20:11:27 - [TEST_STEP][PASSED] - Statement - (store_count++): null

2018-06-14 20:11:27 - [TEST_STEP][PASSED] - Statement - println(grouplist.get(i).getText()): null

2018-06-14 20:11:27 - [TEST_STEP][PASSED] - Statement - txt = grouplist.get(i).getText(): null

2018-06-14 20:11:27 - [TEST_STEP][PASSED] - Statement - matched = pattern.matcher(txt).matches(): null

2018-06-14 20:11:27 - [TEST_STEP][PASSED] - Statement - If (matched): null

2018-06-14 20:11:27 - [TEST_STEP][PASSED] - Statement - driver.findElement(org.openqa.selenium.By.xpath("(//ul[@class='unlinked-grouplist']/li/label)[" + i + 1 + "]")).click(): null

2018-06-14 20:11:27 - [TEST_STEP][PASSED] - Statement - (store_count++): null

2018-06-14 20:11:27 - [TEST_STEP][PASSED] - Statement - println(grouplist.get(i).getText()): null

2018-06-14 20:11:27 - [TEST_STEP][PASSED] - Statement - txt = grouplist.get(i).getText(): null

2018-06-14 20:11:27 - [TEST_STEP][PASSED] - Statement - matched = pattern.matcher(txt).matches(): null

2018-06-14 20:11:27 - [TEST_STEP][PASSED] - Statement - If (matched): null

2018-06-14 20:11:27 - [TEST_STEP][PASSED] - Statement - driver.findElement(org.openqa.selenium.By.xpath("(//ul[@class='unlinked-grouplist']/li/label)[" + i + 1 + "]")).click(): null

2018-06-14 20:11:27 - [TEST_STEP][PASSED] - Statement - (store_count++): null

2018-06-14 20:11:27 - [TEST_STEP][PASSED] - Statement - println(grouplist.get(i).getText()): null

2018-06-14 20:11:27 - [TEST_STEP][PASSED] - Statement - txt = grouplist.get(i).getText(): null

2018-06-14 20:11:27 - [TEST_STEP][PASSED] - Statement - matched = pattern.matcher(txt).matches(): null

2018-06-14 20:11:27 - [TEST_STEP][PASSED] - Statement - If (matched): null

2018-06-14 20:11:27 - [TEST_STEP][PASSED] - Statement - driver.findElement(org.openqa.selenium.By.xpath("(//ul[@class='unlinked-grouplist']/li/label)[" + i + 1 + "]")).click(): null

2018-06-14 20:11:27 - [TEST_STEP][PASSED] - Statement - (store_count++): null

2018-06-14 20:11:27 - [TEST_STEP][PASSED] - Statement - println(grouplist.get(i).getText()): null

2018-06-14 20:11:27 - [TEST_STEP][PASSED] - Statement - txt = grouplist.get(i).getText(): null

2018-06-14 20:11:27 - [TEST_STEP][PASSED] - Statement - matched = pattern.matcher(txt).matches(): null

2018-06-14 20:11:27 - [TEST_STEP][PASSED] - Statement - If (matched): null

2018-06-14 20:11:27 - [TEST_STEP][PASSED] - Statement - driver.findElement(org.openqa.selenium.By.xpath("(//ul[@class='unlinked-grouplist']/li/label)[" + i + 1 + "]")).click(): null

2018-06-14 20:11:27 - [TEST_STEP][PASSED] - Statement - (store_count++): null

2018-06-14 20:11:27 - [TEST_STEP][PASSED] - Statement - println(grouplist.get(i).getText()): null

2018-06-14 20:11:27 - [TEST_STEP][PASSED] - Statement - txt = grouplist.get(i).getText(): null

2018-06-14 20:11:27 - [TEST_STEP][PASSED] - Statement - matched = pattern.matcher(txt).matches(): null

2018-06-14 20:11:27 - [TEST_STEP][PASSED] - Statement - If (matched): null

2018-06-14 20:11:27 - [TEST_STEP][PASSED] - Statement - driver.findElement(org.openqa.selenium.By.xpath("(//ul[@class='unlinked-grouplist']/li/label)[" + i + 1 + "]")).click(): null

2018-06-14 20:11:27 - [TEST_STEP][PASSED] - Statement - (store_count++): null

2018-06-14 20:11:27 - [TEST_STEP][PASSED] - Statement - println(grouplist.get(i).getText()): null

2018-06-14 20:11:27 - [TEST_STEP][PASSED] - Statement - txt = grouplist.get(i).getText(): null

2018-06-14 20:11:27 - [TEST_STEP][PASSED] - Statement - matched = pattern.matcher(txt).matches(): null

2018-06-14 20:11:27 - [TEST_STEP][PASSED] - Statement - If (matched): null

2018-06-14 20:11:27 - [TEST_STEP][PASSED] - Statement - driver.findElement(org.openqa.selenium.By.xpath("(//ul[@class='unlinked-grouplist']/li/label)[" + i + 1 + "]")).click(): null

2018-06-14 20:11:28 - [TEST_STEP][PASSED] - Statement - (store_count++): null

2018-06-14 20:11:28 - [TEST_STEP][PASSED] - Statement - println(grouplist.get(i).getText()): null

2018-06-14 20:11:28 - [TEST_STEP][PASSED] - Statement - txt = grouplist.get(i).getText(): null

2018-06-14 20:11:28 - [TEST_STEP][PASSED] - Statement - matched = pattern.matcher(txt).matches(): null

2018-06-14 20:11:28 - [TEST_STEP][PASSED] - Statement - If (matched): null

2018-06-14 20:11:28 - [TEST_STEP][PASSED] - Statement - driver.findElement(org.openqa.selenium.By.xpath("(//ul[@class='unlinked-grouplist']/li/label)[" + i + 1 + "]")).click(): null

2018-06-14 20:11:28 - [TEST_STEP][PASSED] - Statement - (store_count++): null

2018-06-14 20:11:28 - [TEST_STEP][PASSED] - Statement - println(grouplist.get(i).getText()): null

2018-06-14 20:11:28 - [TEST_STEP][PASSED] - Statement - txt = grouplist.get(i).getText(): null

2018-06-14 20:11:28 - [TEST_STEP][PASSED] - Statement - matched = pattern.matcher(txt).matches(): null

2018-06-14 20:11:28 - [TEST_STEP][PASSED] - Statement - If (matched): null

2018-06-14 20:11:28 - [TEST_STEP][PASSED] - Statement - driver.findElement(org.openqa.selenium.By.xpath("(//ul[@class='unlinked-grouplist']/li/label)[" + i + 1 + "]")).click(): null

2018-06-14 20:11:28 - [TEST_STEP][PASSED] - Statement - (store_count++): null

2018-06-14 20:11:28 - [TEST_STEP][PASSED] - Statement - println(grouplist.get(i).getText()): null

2018-06-14 20:11:28 - [TEST_STEP][PASSED] - Statement - txt = grouplist.get(i).getText(): null

2018-06-14 20:11:28 - [TEST_STEP][PASSED] - Statement - matched = pattern.matcher(txt).matches(): null

2018-06-14 20:11:28 - [TEST_STEP][PASSED] - Statement - If (matched): null

2018-06-14 20:11:28 - [TEST_STEP][PASSED] - Statement - driver.findElement(org.openqa.selenium.By.xpath("(//ul[@class='unlinked-grouplist']/li/label)[" + i + 1 + "]")).click(): null

2018-06-14 20:11:28 - [TEST_STEP][PASSED] - Statement - (store_count++): null

2018-06-14 20:11:28 - [TEST_STEP][PASSED] - Statement - println(grouplist.get(i).getText()): null

2018-06-14 20:11:28 - [TEST_STEP][PASSED] - Statement - txt = grouplist.get(i).getText(): null

2018-06-14 20:11:28 - [TEST_STEP][PASSED] - Statement - matched = pattern.matcher(txt).matches(): null

2018-06-14 20:11:28 - [TEST_STEP][PASSED] - Statement - If (matched): null

2018-06-14 20:11:28 - [TEST_STEP][PASSED] - Statement - driver.findElement(org.openqa.selenium.By.xpath("(//ul[@class='unlinked-grouplist']/li/label)[" + i + 1 + "]")).click(): null

2018-06-14 20:11:28 - [TEST_STEP][PASSED] - Statement - (store_count++): null

2018-06-14 20:11:28 - [TEST_STEP][PASSED] - Statement - println(grouplist.get(i).getText()): null

2018-06-14 20:11:28 - [TEST_STEP][PASSED] - Statement - txt = grouplist.get(i).getText(): null

2018-06-14 20:11:28 - [TEST_STEP][PASSED] - Statement - matched = pattern.matcher(txt).matches(): null

2018-06-14 20:11:28 - [TEST_STEP][PASSED] - Statement - If (matched): null

2018-06-14 20:11:28 - [TEST_STEP][PASSED] - Statement - driver.findElement(org.openqa.selenium.By.xpath("(//ul[@class='unlinked-grouplist']/li/label)[" + i + 1 + "]")).click(): null

2018-06-14 20:11:28 - [TEST_STEP][PASSED] - Statement - (store_count++): null

2018-06-14 20:11:28 - [TEST_STEP][PASSED] - Statement - println(grouplist.get(i).getText()): null

2018-06-14 20:11:28 - [TEST_STEP][PASSED] - Statement - txt = grouplist.get(i).getText(): null

2018-06-14 20:11:28 - [TEST_STEP][PASSED] - Statement - matched = pattern.matcher(txt).matches(): null

2018-06-14 20:11:28 - [TEST_STEP][PASSED] - Statement - If (matched): null

2018-06-14 20:11:28 - [TEST_STEP][PASSED] - Statement - driver.findElement(org.openqa.selenium.By.xpath("(//ul[@class='unlinked-grouplist']/li/label)[" + i + 1 + "]")).click(): null

2018-06-14 20:11:28 - [TEST_STEP][PASSED] - Statement - (store_count++): null

2018-06-14 20:11:28 - [TEST_STEP][PASSED] - Statement - println(grouplist.get(i).getText()): null

2018-06-14 20:11:28 - [TEST_STEP][PASSED] - Statement - txt = grouplist.get(i).getText(): null

2018-06-14 20:11:28 - [TEST_STEP][PASSED] - Statement - matched = pattern.matcher(txt).matches(): null

2018-06-14 20:11:28 - [TEST_STEP][PASSED] - Statement - If (matched): null

2018-06-14 20:11:28 - [TEST_STEP][PASSED] - Statement - driver.findElement(org.openqa.selenium.By.xpath("(//ul[@class='unlinked-grouplist']/li/label)[" + i + 1 + "]")).click(): null

2018-06-14 20:11:28 - [TEST_STEP][PASSED] - Statement - (store_count++): null

2018-06-14 20:11:28 - [TEST_STEP][PASSED] - Statement - println(grouplist.get(i).getText()): null

2018-06-14 20:11:28 - [TEST_STEP][PASSED] - Statement - txt = grouplist.get(i).getText(): null

2018-06-14 20:11:28 - [TEST_STEP][PASSED] - Statement - matched = pattern.matcher(txt).matches(): null

2018-06-14 20:11:28 - [TEST_STEP][PASSED] - Statement - If (matched): null

2018-06-14 20:11:28 - [TEST_STEP][PASSED] - Statement - driver.findElement(org.openqa.selenium.By.xpath("(//ul[@class='unlinked-grouplist']/li/label)[" + i + 1 + "]")).click(): null

2018-06-14 20:11:28 - [TEST_STEP][PASSED] - Statement - (store_count++): null

2018-06-14 20:11:28 - [TEST_STEP][PASSED] - Statement - println(grouplist.get(i).getText()): null

2018-06-14 20:11:28 - [TEST_STEP][PASSED] - Statement - txt = grouplist.get(i).getText(): null

2018-06-14 20:11:28 - [TEST_STEP][PASSED] - Statement - matched = pattern.matcher(txt).matches(): null

2018-06-14 20:11:28 - [TEST_STEP][PASSED] - Statement - If (matched): null

2018-06-14 20:11:28 - [TEST_STEP][PASSED] - Statement - driver.findElement(org.openqa.selenium.By.xpath("(//ul[@class='unlinked-grouplist']/li/label)[" + i + 1 + "]")).click(): null

2018-06-14 20:11:28 - [TEST_STEP][PASSED] - Statement - (store_count++): null

2018-06-14 20:11:28 - [TEST_STEP][PASSED] - Statement - println(grouplist.get(i).getText()): null

2018-06-14 20:11:28 - [TEST_STEP][PASSED] - Statement - txt = grouplist.get(i).getText(): null

2018-06-14 20:11:28 - [TEST_STEP][PASSED] - Statement - matched = pattern.matcher(txt).matches(): null

2018-06-14 20:11:28 - [TEST_STEP][PASSED] - Statement - If (matched): null

2018-06-14 20:11:28 - [TEST_STEP][PASSED] - Statement - driver.findElement(org.openqa.selenium.By.xpath("(//ul[@class='unlinked-grouplist']/li/label)[" + i + 1 + "]")).click(): null

2018-06-14 20:11:28 - [TEST_STEP][PASSED] - Statement - (store_count++): null

2018-06-14 20:11:28 - [TEST_STEP][PASSED] - Statement - println(grouplist.get(i).getText()): null

2018-06-14 20:11:28 - [TEST_STEP][PASSED] - Statement - txt = grouplist.get(i).getText(): null

2018-06-14 20:11:28 - [TEST_STEP][PASSED] - Statement - matched = pattern.matcher(txt).matches(): null

2018-06-14 20:11:28 - [TEST_STEP][PASSED] - Statement - If (matched): null

2018-06-14 20:11:28 - [TEST_STEP][PASSED] - Statement - driver.findElement(org.openqa.selenium.By.xpath("(//ul[@class='unlinked-grouplist']/li/label)[" + i + 1 + "]")).click(): null

2018-06-14 20:11:28 - [TEST_STEP][PASSED] - Statement - (store_count++): null

2018-06-14 20:11:28 - [TEST_STEP][PASSED] - Statement - println(grouplist.get(i).getText()): null

2018-06-14 20:11:28 - [TEST_STEP][PASSED] - Statement - txt = grouplist.get(i).getText(): null

2018-06-14 20:11:28 - [TEST_STEP][PASSED] - Statement - matched = pattern.matcher(txt).matches(): null

2018-06-14 20:11:28 - [TEST_STEP][PASSED] - Statement - If (matched): null

2018-06-14 20:11:28 - [TEST_STEP][PASSED] - Statement - driver.findElement(org.openqa.selenium.By.xpath("(//ul[@class='unlinked-grouplist']/li/label)[" + i + 1 + "]")).click(): null

2018-06-14 20:11:29 - [TEST_STEP][PASSED] - Statement - (store_count++): null

2018-06-14 20:11:29 - [TEST_STEP][PASSED] - Statement - println(grouplist.get(i).getText()): null

2018-06-14 20:11:29 - [TEST_STEP][PASSED] - Statement - txt = grouplist.get(i).getText(): null

2018-06-14 20:11:29 - [TEST_STEP][PASSED] - Statement - matched = pattern.matcher(txt).matches(): null

2018-06-14 20:11:29 - [TEST_STEP][PASSED] - Statement - If (matched): null

2018-06-14 20:11:29 - [TEST_STEP][PASSED] - Statement - driver.findElement(org.openqa.selenium.By.xpath("(//ul[@class='unlinked-grouplist']/li/label)[" + i + 1 + "]")).click(): null

2018-06-14 20:11:29 - [TEST_STEP][PASSED] - Statement - (store_count++): null

2018-06-14 20:11:29 - [TEST_STEP][PASSED] - Statement - println(grouplist.get(i).getText()): null

2018-06-14 20:11:29 - [TEST_STEP][PASSED] - Statement - txt = grouplist.get(i).getText(): null

2018-06-14 20:11:29 - [TEST_STEP][PASSED] - Statement - matched = pattern.matcher(txt).matches(): null

2018-06-14 20:11:29 - [TEST_STEP][PASSED] - Statement - If (matched): null

2018-06-14 20:11:29 - [TEST_STEP][PASSED] - Statement - driver.findElement(org.openqa.selenium.By.xpath("(//ul[@class='unlinked-grouplist']/li/label)[" + i + 1 + "]")).click(): null

2018-06-14 20:11:29 - [TEST_STEP][PASSED] - Statement - (store_count++): null

2018-06-14 20:11:29 - [TEST_STEP][PASSED] - Statement - println(grouplist.get(i).getText()): null

2018-06-14 20:11:29 - [TEST_STEP][PASSED] - Statement - txt = grouplist.get(i).getText(): null

2018-06-14 20:11:29 - [TEST_STEP][PASSED] - Statement - matched = pattern.matcher(txt).matches(): null

2018-06-14 20:11:29 - [TEST_STEP][PASSED] - Statement - If (matched): null

2018-06-14 20:11:29 - [TEST_STEP][PASSED] - Statement - driver.findElement(org.openqa.selenium.By.xpath("(//ul[@class='unlinked-grouplist']/li/label)[" + i + 1 + "]")).click(): null

2018-06-14 20:11:29 - [TEST_STEP][PASSED] - Statement - (store_count++): null

2018-06-14 20:11:29 - [TEST_STEP][PASSED] - Statement - println(grouplist.get(i).getText()): null

2018-06-14 20:11:29 - [TEST_STEP][PASSED] - Statement - txt = grouplist.get(i).getText(): null

2018-06-14 20:11:29 - [TEST_STEP][PASSED] - Statement - matched = pattern.matcher(txt).matches(): null

2018-06-14 20:11:29 - [TEST_STEP][PASSED] - Statement - If (matched): null

2018-06-14 20:11:29 - [TEST_STEP][PASSED] - Statement - driver.findElement(org.openqa.selenium.By.xpath("(//ul[@class='unlinked-grouplist']/li/label)[" + i + 1 + "]")).click(): null

2018-06-14 20:11:29 - [TEST_STEP][PASSED] - Statement - (store_count++): null

2018-06-14 20:11:29 - [TEST_STEP][PASSED] - Statement - println(grouplist.get(i).getText()): null

2018-06-14 20:11:29 - [TEST_STEP][PASSED] - Statement - txt = grouplist.get(i).getText(): null

2018-06-14 20:11:29 - [TEST_STEP][PASSED] - Statement - matched = pattern.matcher(txt).matches(): null

2018-06-14 20:11:29 - [TEST_STEP][PASSED] - Statement - If (matched): null

2018-06-14 20:11:29 - [TEST_STEP][PASSED] - Statement - driver.findElement(org.openqa.selenium.By.xpath("(//ul[@class='unlinked-grouplist']/li/label)[" + i + 1 + "]")).click(): null

2018-06-14 20:11:29 - [TEST_STEP][PASSED] - Statement - (store_count++): null

2018-06-14 20:11:29 - [TEST_STEP][PASSED] - Statement - println(grouplist.get(i).getText()): null

2018-06-14 20:11:29 - [TEST_STEP][PASSED] - Statement - txt = grouplist.get(i).getText(): null

2018-06-14 20:11:29 - [TEST_STEP][PASSED] - Statement - matched = pattern.matcher(txt).matches(): null

2018-06-14 20:11:29 - [TEST_STEP][PASSED] - Statement - If (matched): null

2018-06-14 20:11:29 - [TEST_STEP][PASSED] - Statement - driver.findElement(org.openqa.selenium.By.xpath("(//ul[@class='unlinked-grouplist']/li/label)[" + i + 1 + "]")).click(): null

2018-06-14 20:11:29 - [TEST_STEP][PASSED] - Statement - (store_count++): null

2018-06-14 20:11:29 - [TEST_STEP][PASSED] - Statement - println(grouplist.get(i).getText()): null

2018-06-14 20:11:29 - [TEST_STEP][PASSED] - Statement - txt = grouplist.get(i).getText(): null

2018-06-14 20:11:29 - [TEST_STEP][PASSED] - Statement - matched = pattern.matcher(txt).matches(): null

2018-06-14 20:11:29 - [TEST_STEP][PASSED] - Statement - If (matched): null

2018-06-14 20:11:29 - [TEST_STEP][PASSED] - Statement - driver.findElement(org.openqa.selenium.By.xpath("(//ul[@class='unlinked-grouplist']/li/label)[" + i + 1 + "]")).click(): null

2018-06-14 20:11:29 - [TEST_STEP][PASSED] - Statement - (store_count++): null

2018-06-14 20:11:29 - [TEST_STEP][PASSED] - Statement - println(grouplist.get(i).getText()): null

2018-06-14 20:11:29 - [TEST_STEP][PASSED] - Statement - txt = grouplist.get(i).getText(): null

2018-06-14 20:11:29 - [TEST_STEP][PASSED] - Statement - matched = pattern.matcher(txt).matches(): null

2018-06-14 20:11:29 - [TEST_STEP][PASSED] - Statement - If (matched): null

2018-06-14 20:11:29 - [TEST_STEP][PASSED] - Statement - driver.findElement(org.openqa.selenium.By.xpath("(//ul[@class='unlinked-grouplist']/li/label)[" + i + 1 + "]")).click(): null

2018-06-14 20:11:29 - [TEST_STEP][PASSED] - Statement - (store_count++): null

2018-06-14 20:11:29 - [TEST_STEP][PASSED] - Statement - println(grouplist.get(i).getText()): null

2018-06-14 20:11:29 - [TEST_STEP][PASSED] - Statement - txt = grouplist.get(i).getText(): null

2018-06-14 20:11:29 - [TEST_STEP][PASSED] - Statement - matched = pattern.matcher(txt).matches(): null

2018-06-14 20:11:29 - [TEST_STEP][PASSED] - Statement - If (matched): null

2018-06-14 20:11:29 - [TEST_STEP][PASSED] - Statement - driver.findElement(org.openqa.selenium.By.xpath("(//ul[@class='unlinked-grouplist']/li/label)[" + i + 1 + "]")).click(): null

2018-06-14 20:11:29 - [TEST_STEP][PASSED] - Statement - (store_count++): null

2018-06-14 20:11:29 - [TEST_STEP][PASSED] - Statement - println(grouplist.get(i).getText()): null

2018-06-14 20:11:29 - [TEST_STEP][PASSED] - Statement - txt = grouplist.get(i).getText(): null

2018-06-14 20:11:29 - [TEST_STEP][PASSED] - Statement - matched = pattern.matcher(txt).matches(): null

2018-06-14 20:11:29 - [TEST_STEP][PASSED] - Statement - If (matched): null

2018-06-14 20:11:29 - [TEST_STEP][PASSED] - Statement - driver.findElement(org.openqa.selenium.By.xpath("(//ul[@class='unlinked-grouplist']/li/label)[" + i + 1 + "]")).click(): null

2018-06-14 20:11:29 - [TEST_STEP][PASSED] - Statement - (store_count++): null

2018-06-14 20:11:29 - [TEST_STEP][PASSED] - Statement - println(grouplist.get(i).getText()): null

2018-06-14 20:11:29 - [TEST_STEP][PASSED] - Statement - txt = grouplist.get(i).getText(): null

2018-06-14 20:11:29 - [TEST_STEP][PASSED] - Statement - matched = pattern.matcher(txt).matches(): null

2018-06-14 20:11:29 - [TEST_STEP][PASSED] - Statement - If (matched): null

2018-06-14 20:11:29 - [TEST_STEP][PASSED] - Statement - driver.findElement(org.openqa.selenium.By.xpath("(//ul[@class='unlinked-grouplist']/li/label)[" + i + 1 + "]")).click(): null

2018-06-14 20:11:29 - [TEST_STEP][PASSED] - Statement - (store_count++): null

2018-06-14 20:11:29 - [TEST_STEP][PASSED] - Statement - println(grouplist.get(i).getText()): null

2018-06-14 20:11:29 - [TEST_STEP][PASSED] - Statement - txt = grouplist.get(i).getText(): null

2018-06-14 20:11:29 - [TEST_STEP][PASSED] - Statement - matched = pattern.matcher(txt).matches(): null

2018-06-14 20:11:29 - [TEST_STEP][PASSED] - Statement - If (matched): null

2018-06-14 20:11:29 - [TEST_STEP][PASSED] - Statement - driver.findElement(org.openqa.selenium.By.xpath("(//ul[@class='unlinked-grouplist']/li/label)[" + i + 1 + "]")).click(): null

2018-06-14 20:11:30 - [TEST_STEP][PASSED] - Statement - (store_count++): null

2018-06-14 20:11:30 - [TEST_STEP][PASSED] - Statement - println(grouplist.get(i).getText()): null

2018-06-14 20:11:30 - [TEST_STEP][PASSED] - Statement - txt = grouplist.get(i).getText(): null

2018-06-14 20:11:30 - [TEST_STEP][PASSED] - Statement - matched = pattern.matcher(txt).matches(): null

2018-06-14 20:11:30 - [TEST_STEP][PASSED] - Statement - If (matched): null

2018-06-14 20:11:30 - [TEST_STEP][PASSED] - Statement - driver.findElement(org.openqa.selenium.By.xpath("(//ul[@class='unlinked-grouplist']/li/label)[" + i + 1 + "]")).click(): null

2018-06-14 20:11:30 - [TEST_STEP][PASSED] - Statement - (store_count++): null

2018-06-14 20:11:30 - [TEST_STEP][PASSED] - Statement - println(grouplist.get(i).getText()): null

2018-06-14 20:11:30 - [TEST_STEP][PASSED] - Statement - txt = grouplist.get(i).getText(): null

2018-06-14 20:11:30 - [TEST_STEP][PASSED] - Statement - matched = pattern.matcher(txt).matches(): null

2018-06-14 20:11:30 - [TEST_STEP][PASSED] - Statement - If (matched): null

2018-06-14 20:11:30 - [TEST_STEP][PASSED] - Statement - driver.findElement(org.openqa.selenium.By.xpath("(//ul[@class='unlinked-grouplist']/li/label)[" + i + 1 + "]")).click(): null

2018-06-14 20:11:30 - [TEST_STEP][PASSED] - Statement - (store_count++): null

2018-06-14 20:11:30 - [TEST_STEP][PASSED] - Statement - println(grouplist.get(i).getText()): null

2018-06-14 20:11:30 - [TEST_STEP][PASSED] - Statement - txt = grouplist.get(i).getText(): null

2018-06-14 20:11:30 - [TEST_STEP][PASSED] - Statement - matched = pattern.matcher(txt).matches(): null

2018-06-14 20:11:30 - [TEST_STEP][PASSED] - Statement - If (matched): null

2018-06-14 20:11:30 - [TEST_STEP][PASSED] - Statement - driver.findElement(org.openqa.selenium.By.xpath("(//ul[@class='unlinked-grouplist']/li/label)[" + i + 1 + "]")).click(): null

2018-06-14 20:11:30 - [TEST_STEP][PASSED] - Statement - (store_count++): null

2018-06-14 20:11:30 - [TEST_STEP][PASSED] - Statement - println(grouplist.get(i).getText()): null

2018-06-14 20:11:30 - [TEST_STEP][PASSED] - Statement - txt = grouplist.get(i).getText(): null

2018-06-14 20:11:30 - [TEST_STEP][PASSED] - Statement - matched = pattern.matcher(txt).matches(): null

2018-06-14 20:11:30 - [TEST_STEP][PASSED] - Statement - If (matched): null

2018-06-14 20:11:30 - [TEST_STEP][PASSED] - Statement - driver.findElement(org.openqa.selenium.By.xpath("(//ul[@class='unlinked-grouplist']/li/label)[" + i + 1 + "]")).click(): null

2018-06-14 20:11:30 - [TEST_STEP][PASSED] - Statement - (store_count++): null

2018-06-14 20:11:30 - [TEST_STEP][PASSED] - Statement - println(grouplist.get(i).getText()): null

2018-06-14 20:11:30 - [TEST_STEP][PASSED] - Statement - txt = grouplist.get(i).getText(): null

2018-06-14 20:11:30 - [TEST_STEP][PASSED] - Statement - matched = pattern.matcher(txt).matches(): null

2018-06-14 20:11:30 - [TEST_STEP][PASSED] - Statement - If (matched): null

2018-06-14 20:11:30 - [TEST_STEP][PASSED] - Statement - driver.findElement(org.openqa.selenium.By.xpath("(//ul[@class='unlinked-grouplist']/li/label)[" + i + 1 + "]")).click(): null

2018-06-14 20:11:30 - [TEST_STEP][PASSED] - Statement - (store_count++): null

2018-06-14 20:11:30 - [TEST_STEP][PASSED] - Statement - println(grouplist.get(i).getText()): null

2018-06-14 20:11:30 - [TEST_STEP][PASSED] - Statement - txt = grouplist.get(i).getText(): null

2018-06-14 20:11:30 - [TEST_STEP][PASSED] - Statement - matched = pattern.matcher(txt).matches(): null

2018-06-14 20:11:30 - [TEST_STEP][PASSED] - Statement - If (matched): null

2018-06-14 20:11:30 - [TEST_STEP][PASSED] - Statement - driver.findElement(org.openqa.selenium.By.xpath("(//ul[@class='unlinked-grouplist']/li/label)[" + i + 1 + "]")).click(): null

2018-06-14 20:11:30 - [TEST_STEP][PASSED] - Statement - (store_count++): null

2018-06-14 20:11:30 - [TEST_STEP][PASSED] - Statement - println(grouplist.get(i).getText()): null

2018-06-14 20:11:30 - [TEST_STEP][PASSED] - Statement - txt = grouplist.get(i).getText(): null

2018-06-14 20:11:30 - [TEST_STEP][PASSED] - Statement - matched = pattern.matcher(txt).matches(): null

2018-06-14 20:11:30 - [TEST_STEP][PASSED] - Statement - If (matched): null

2018-06-14 20:11:30 - [TEST_STEP][PASSED] - Statement - driver.findElement(org.openqa.selenium.By.xpath("(//ul[@class='unlinked-grouplist']/li/label)[" + i + 1 + "]")).click(): null

2018-06-14 20:11:30 - [TEST_STEP][PASSED] - Statement - (store_count++): null

2018-06-14 20:11:30 - [TEST_STEP][PASSED] - Statement - println(grouplist.get(i).getText()): null

2018-06-14 20:11:30 - [TEST_STEP][PASSED] - Statement - txt = grouplist.get(i).getText(): null

2018-06-14 20:11:30 - [TEST_STEP][PASSED] - Statement - matched = pattern.matcher(txt).matches(): null

2018-06-14 20:11:30 - [TEST_STEP][PASSED] - Statement - If (matched): null

2018-06-14 20:11:30 - [TEST_STEP][PASSED] - Statement - driver.findElement(org.openqa.selenium.By.xpath("(//ul[@class='unlinked-grouplist']/li/label)[" + i + 1 + "]")).click(): null

2018-06-14 20:11:30 - [TEST_STEP][PASSED] - Statement - (store_count++): null

2018-06-14 20:11:30 - [TEST_STEP][PASSED] - Statement - println(grouplist.get(i).getText()): null

2018-06-14 20:11:30 - [TEST_STEP][PASSED] - Statement - txt = grouplist.get(i).getText(): null

2018-06-14 20:11:30 - [TEST_STEP][PASSED] - Statement - matched = pattern.matcher(txt).matches(): null

2018-06-14 20:11:30 - [TEST_STEP][PASSED] - Statement - If (matched): null

2018-06-14 20:11:30 - [TEST_STEP][PASSED] - Statement - driver.findElement(org.openqa.selenium.By.xpath("(//ul[@class='unlinked-grouplist']/li/label)[" + i + 1 + "]")).click(): null

2018-06-14 20:11:30 - [TEST_STEP][PASSED] - Statement - (store_count++): null

2018-06-14 20:11:30 - [TEST_STEP][PASSED] - Statement - println(grouplist.get(i).getText()): null

2018-06-14 20:11:30 - [TEST_STEP][PASSED] - Statement - txt = grouplist.get(i).getText(): null

2018-06-14 20:11:30 - [TEST_STEP][PASSED] - Statement - matched = pattern.matcher(txt).matches(): null

2018-06-14 20:11:30 - [TEST_STEP][PASSED] - Statement - If (matched): null

2018-06-14 20:11:30 - [TEST_STEP][PASSED] - Statement - driver.findElement(org.openqa.selenium.By.xpath("(//ul[@class='unlinked-grouplist']/li/label)[" + i + 1 + "]")).click(): null

2018-06-14 20:11:30 - [TEST_STEP][PASSED] - Statement - (store_count++): null

2018-06-14 20:11:30 - [TEST_STEP][PASSED] - Statement - println(grouplist.get(i).getText()): null

2018-06-14 20:11:30 - [TEST_STEP][PASSED] - Statement - txt = grouplist.get(i).getText(): null

2018-06-14 20:11:30 - [TEST_STEP][PASSED] - Statement - matched = pattern.matcher(txt).matches(): null

2018-06-14 20:11:30 - [TEST_STEP][PASSED] - Statement - If (matched): null

2018-06-14 20:11:30 - [TEST_STEP][PASSED] - Statement - driver.findElement(org.openqa.selenium.By.xpath("(//ul[@class='unlinked-grouplist']/li/label)[" + i + 1 + "]")).click(): null

2018-06-14 20:11:30 - [TEST_STEP][PASSED] - Statement - (store_count++): null

2018-06-14 20:11:30 - [TEST_STEP][PASSED] - Statement - println(grouplist.get(i).getText()): null

2018-06-14 20:11:30 - [TEST_STEP][PASSED] - Statement - txt = grouplist.get(i).getText(): null

2018-06-14 20:11:30 - [TEST_STEP][PASSED] - Statement - matched = pattern.matcher(txt).matches(): null

2018-06-14 20:11:30 - [TEST_STEP][PASSED] - Statement - If (matched): null

2018-06-14 20:11:30 - [TEST_STEP][PASSED] - Statement - driver.findElement(org.openqa.selenium.By.xpath("(//ul[@class='unlinked-grouplist']/li/label)[" + i + 1 + "]")).click(): null

2018-06-14 20:11:31 - [TEST_STEP][PASSED] - Statement - (store_count++): null

2018-06-14 20:11:31 - [TEST_STEP][PASSED] - Statement - println(grouplist.get(i).getText()): null

2018-06-14 20:11:31 - [TEST_STEP][PASSED] - Statement - txt = grouplist.get(i).getText(): null

2018-06-14 20:11:31 - [TEST_STEP][PASSED] - Statement - matched = pattern.matcher(txt).matches(): null

2018-06-14 20:11:31 - [TEST_STEP][PASSED] - Statement - If (matched): null

2018-06-14 20:11:31 - [TEST_STEP][PASSED] - Statement - driver.findElement(org.openqa.selenium.By.xpath("(//ul[@class='unlinked-grouplist']/li/label)[" + i + 1 + "]")).click(): null

2018-06-14 20:11:31 - [TEST_STEP][PASSED] - Statement - (store_count++): null

2018-06-14 20:11:31 - [TEST_STEP][PASSED] - Statement - println(grouplist.get(i).getText()): null

2018-06-14 20:11:31 - [TEST_STEP][PASSED] - Statement - txt = grouplist.get(i).getText(): null

2018-06-14 20:11:31 - [TEST_STEP][PASSED] - Statement - matched = pattern.matcher(txt).matches(): null

2018-06-14 20:11:31 - [TEST_STEP][PASSED] - Statement - If (matched): null

2018-06-14 20:11:31 - [TEST_STEP][PASSED] - Statement - driver.findElement(org.openqa.selenium.By.xpath("(//ul[@class='unlinked-grouplist']/li/label)[" + i + 1 + "]")).click(): null

2018-06-14 20:11:31 - [TEST_STEP][PASSED] - Statement - (store_count++): null

2018-06-14 20:11:31 - [TEST_STEP][PASSED] - Statement - println(grouplist.get(i).getText()): null

2018-06-14 20:11:31 - [TEST_STEP][PASSED] - Statement - txt = grouplist.get(i).getText(): null

2018-06-14 20:11:31 - [TEST_STEP][PASSED] - Statement - matched = pattern.matcher(txt).matches(): null

2018-06-14 20:11:31 - [TEST_STEP][PASSED] - Statement - If (matched): null

2018-06-14 20:11:31 - [TEST_STEP][PASSED] - Statement - driver.findElement(org.openqa.selenium.By.xpath("(//ul[@class='unlinked-grouplist']/li/label)[" + i + 1 + "]")).click(): null

2018-06-14 20:11:31 - [TEST_STEP][PASSED] - Statement - (store_count++): null

2018-06-14 20:11:31 - [TEST_STEP][PASSED] - Statement - println(grouplist.get(i).getText()): null

2018-06-14 20:11:31 - [TEST_STEP][PASSED] - Statement - txt = grouplist.get(i).getText(): null

2018-06-14 20:11:31 - [TEST_STEP][PASSED] - Statement - matched = pattern.matcher(txt).matches(): null

2018-06-14 20:11:31 - [TEST_STEP][PASSED] - Statement - If (matched): null

2018-06-14 20:11:31 - [TEST_STEP][PASSED] - Statement - driver.findElement(org.openqa.selenium.By.xpath("(//ul[@class='unlinked-grouplist']/li/label)[" + i + 1 + "]")).click(): null

2018-06-14 20:11:31 - [TEST_STEP][PASSED] - Statement - (store_count++): null

2018-06-14 20:11:31 - [TEST_STEP][PASSED] - Statement - println(grouplist.get(i).getText()): null

2018-06-14 20:11:31 - [TEST_STEP][PASSED] - Statement - txt = grouplist.get(i).getText(): null

2018-06-14 20:11:31 - [TEST_STEP][PASSED] - Statement - matched = pattern.matcher(txt).matches(): null

2018-06-14 20:11:31 - [TEST_STEP][PASSED] - Statement - If (matched): null

2018-06-14 20:11:31 - [TEST_STEP][PASSED] - Statement - driver.findElement(org.openqa.selenium.By.xpath("(//ul[@class='unlinked-grouplist']/li/label)[" + i + 1 + "]")).click(): null

2018-06-14 20:11:31 - [TEST_STEP][PASSED] - Statement - (store_count++): null

2018-06-14 20:11:31 - [TEST_STEP][PASSED] - Statement - println(grouplist.get(i).getText()): null

2018-06-14 20:11:31 - [TEST_STEP][PASSED] - Statement - txt = grouplist.get(i).getText(): null

2018-06-14 20:11:31 - [TEST_STEP][PASSED] - Statement - matched = pattern.matcher(txt).matches(): null

2018-06-14 20:11:31 - [TEST_STEP][PASSED] - Statement - If (matched): null

2018-06-14 20:11:31 - [TEST_STEP][PASSED] - Statement - driver.findElement(org.openqa.selenium.By.xpath("(//ul[@class='unlinked-grouplist']/li/label)[" + i + 1 + "]")).click(): null

2018-06-14 20:11:31 - [TEST_STEP][PASSED] - Statement - (store_count++): null

2018-06-14 20:11:31 - [TEST_STEP][PASSED] - Statement - println(grouplist.get(i).getText()): null

2018-06-14 20:11:31 - [TEST_STEP][PASSED] - Statement - txt = grouplist.get(i).getText(): null

2018-06-14 20:11:31 - [TEST_STEP][PASSED] - Statement - matched = pattern.matcher(txt).matches(): null

2018-06-14 20:11:31 - [TEST_STEP][PASSED] - Statement - If (matched): null

2018-06-14 20:11:31 - [TEST_STEP][PASSED] - Statement - driver.findElement(org.openqa.selenium.By.xpath("(//ul[@class='unlinked-grouplist']/li/label)[" + i + 1 + "]")).click(): null

2018-06-14 20:11:31 - [TEST_STEP][PASSED] - Statement - (store_count++): null

2018-06-14 20:11:31 - [TEST_STEP][PASSED] - Statement - println(grouplist.get(i).getText()): null

2018-06-14 20:11:31 - [TEST_STEP][PASSED] - Statement - txt = grouplist.get(i).getText(): null

2018-06-14 20:11:31 - [TEST_STEP][PASSED] - Statement - matched = pattern.matcher(txt).matches(): null

2018-06-14 20:11:31 - [TEST_STEP][PASSED] - Statement - If (matched): null

2018-06-14 20:11:31 - [TEST_STEP][PASSED] - Statement - driver.findElement(org.openqa.selenium.By.xpath("(//ul[@class='unlinked-grouplist']/li/label)[" + i + 1 + "]")).click(): null

2018-06-14 20:11:31 - [TEST_STEP][PASSED] - Statement - (store_count++): null

2018-06-14 20:11:31 - [TEST_STEP][PASSED] - Statement - driver.findElement(org.openqa.selenium.By.xpath("//button[contains(text(),'>')]")).click(): null

2018-06-14 20:11:31 - [TEST_STEP][PASSED] - delay: Delayed 10 second(s)

2018-06-14 20:11:41 - [MESSAGE][PASSED] - Delayed 10 second(s)

2018-06-14 20:11:41 - [TEST_STEP][PASSED] - uiaction.CommonUIActions.click: uiaction.CommonUIActions.click is PASSED

2018-06-14 20:11:41 - [MESSAGE][PASSED] - uiaction.CommonUIActions.click is PASSED

2018-06-14 20:11:41 - [TEST_STEP][PASSED] - delay: Delayed 5 second(s)

2018-06-14 20:11:46 - [MESSAGE][PASSED] - Delayed 5 second(s)

2018-06-14 20:11:46 - [TEST_STEP][PASSED] - uiaction.CommonUIActions.click: uiaction.CommonUIActions.click is PASSED

2018-06-14 20:11:46 - [MESSAGE][PASSED] - uiaction.CommonUIActions.click is PASSED

2018-06-14 20:11:46 - [TEST_STEP][PASSED] - delay: Delayed 5 second(s)

2018-06-14 20:11:51 - [MESSAGE][PASSED] - Delayed 5 second(s)

2018-06-14 20:11:51 - [TEST_STEP][PASSED] - Statement - groupmain = CustomKeywords.projectSpecific.Reusability.getTestData("ReportingGroupManagementPage", "group100"): projectSpecific.Reusability.getTestData is PASSED

2018-06-14 20:11:51 - [MESSAGE][PASSED] - projectSpecific.Reusability.getTestData is PASSED

2018-06-14 20:11:51 - [TEST_STEP][PASSED] - Statement - driver.findElement(org.openqa.selenium.By.xpath("//span[contains(text(),'" + groupmain + "')]/../../../../span[2]")).click(): null

2018-06-14 20:11:52 - [TEST_STEP][PASSED] - Statement - list_of_storein_critiria = driver.findElements(org.openqa.selenium.By.xpath("//div[@class='container criteria']//span[@class='criteriaHeading']/following-sibling::span")): null

2018-06-14 20:11:52 - [TEST_STEP][PASSED] - Statement - If (list_of_storein_critiria.size().equals(store_count)): null

2018-06-14 20:11:52 - [TEST_STEP][PASSED] - Statement - println("Store is displayed in Criteria free text box"): null

2018-06-14 20:11:52 - [TEST_STEP][PASSED] - delay: Delayed 5 second(s)

2018-06-14 20:11:57 - [MESSAGE][PASSED] - Delayed 5 second(s)

2018-06-14 20:11:57 - [TEST_STEP][PASSED] - click: Object: 'Object Repository/ReportsPage/fromDateSelector' is clicked on

2018-06-14 20:11:57 - [MESSAGE][PASSED] - Object: 'Object Repository/ReportsPage/fromDateSelector' is clicked on

2018-06-14 20:11:57 - [TEST_STEP][PASSED] - delay: Delayed 5 second(s)

2018-06-14 20:12:02 - [MESSAGE][PASSED] - Delayed 5 second(s)

2018-06-14 20:12:02 - [TEST_STEP][PASSED] - Statement - monthText = com.kms.katalon.core.webui.keyword.WebUiBuiltInKeywords.getText(com.kms.katalon.core.testobject.ObjectRepository.findTestObject(ReportsPage/monthText)): Text of object 'Object Repository/ReportsPage/monthText' is: 'June 2018'

2018-06-14 20:12:02 - [MESSAGE][PASSED] - Text of object 'Object Repository/ReportsPage/monthText' is: 'June 2018'

2018-06-14 20:12:02 - [TEST_STEP][PASSED] - Statement - monthTextArray = monthText.split(" "): null

2018-06-14 20:12:02 - [TEST_STEP][PASSED] - Statement - month = monthTextArray[0]: null

2018-06-14 20:12:02 - [TEST_STEP][PASSED] - Statement - monthTextValue = CustomKeywords.projectSpecific.Reusability.getTestData("ReportsPage", "JanMonth"): projectSpecific.Reusability.getTestData is PASSED

2018-06-14 20:12:02 - [MESSAGE][PASSED] - projectSpecific.Reusability.getTestData is PASSED

2018-06-14 20:12:02 - [TEST_STEP][PASSED] - Statement - If (!(monthTextValue.equals(month))): null

2018-06-14 20:12:02 - [TEST_STEP][PASSED] - Statement - While (!(monthTextValue.equals(month))): null

2018-06-14 20:12:02 - [TEST_STEP][PASSED] - click: Object: 'Object Repository/ReportsPage/previousDateSelector' is clicked on

2018-06-14 20:12:02 - [MESSAGE][PASSED] - Object: 'Object Repository/ReportsPage/previousDateSelector' is clicked on

2018-06-14 20:12:02 - [TEST_STEP][PASSED] - Statement - monthText = com.kms.katalon.core.webui.keyword.WebUiBuiltInKeywords.getText(com.kms.katalon.core.testobject.ObjectRepository.findTestObject(ReportsPage/monthText)): Text of object 'Object Repository/ReportsPage/monthText' is: 'May 2018'

2018-06-14 20:12:02 - [MESSAGE][PASSED] - Text of object 'Object Repository/ReportsPage/monthText' is: 'May 2018'

2018-06-14 20:12:02 - [TEST_STEP][PASSED] - Statement - monthTextArray = monthText.split(" "): null

2018-06-14 20:12:02 - [TEST_STEP][PASSED] - Statement - month = monthTextArray[0]: null

2018-06-14 20:12:02 - [TEST_STEP][PASSED] - click: Object: 'Object Repository/ReportsPage/previousDateSelector' is clicked on

2018-06-14 20:12:02 - [MESSAGE][PASSED] - Object: 'Object Repository/ReportsPage/previousDateSelector' is clicked on

2018-06-14 20:12:02 - [TEST_STEP][PASSED] - Statement - monthText = com.kms.katalon.core.webui.keyword.WebUiBuiltInKeywords.getText(com.kms.katalon.core.testobject.ObjectRepository.findTestObject(ReportsPage/monthText)): Text of object 'Object Repository/ReportsPage/monthText' is: 'April 2018'

2018-06-14 20:12:02 - [MESSAGE][PASSED] - Text of object 'Object Repository/ReportsPage/monthText' is: 'April 2018'

2018-06-14 20:12:02 - [TEST_STEP][PASSED] - Statement - monthTextArray = monthText.split(" "): null

2018-06-14 20:12:02 - [TEST_STEP][PASSED] - Statement - month = monthTextArray[0]: null

2018-06-14 20:12:02 - [TEST_STEP][PASSED] - click: Object: 'Object Repository/ReportsPage/previousDateSelector' is clicked on

2018-06-14 20:12:02 - [MESSAGE][PASSED] - Object: 'Object Repository/ReportsPage/previousDateSelector' is clicked on

2018-06-14 20:12:02 - [TEST_STEP][PASSED] - Statement - monthText = com.kms.katalon.core.webui.keyword.WebUiBuiltInKeywords.getText(com.kms.katalon.core.testobject.ObjectRepository.findTestObject(ReportsPage/monthText)): Text of object 'Object Repository/ReportsPage/monthText' is: 'March 2018'

2018-06-14 20:12:02 - [MESSAGE][PASSED] - Text of object 'Object Repository/ReportsPage/monthText' is: 'March 2018'

2018-06-14 20:12:02 - [TEST_STEP][PASSED] - Statement - monthTextArray = monthText.split(" "): null

2018-06-14 20:12:02 - [TEST_STEP][PASSED] - Statement - month = monthTextArray[0]: null

2018-06-14 20:12:02 - [TEST_STEP][PASSED] - click: Object: 'Object Repository/ReportsPage/previousDateSelector' is clicked on

2018-06-14 20:12:02 - [MESSAGE][PASSED] - Object: 'Object Repository/ReportsPage/previousDateSelector' is clicked on

2018-06-14 20:12:02 - [TEST_STEP][PASSED] - Statement - monthText = com.kms.katalon.core.webui.keyword.WebUiBuiltInKeywords.getText(com.kms.katalon.core.testobject.ObjectRepository.findTestObject(ReportsPage/monthText)): Text of object 'Object Repository/ReportsPage/monthText' is: 'February 2018'

2018-06-14 20:12:02 - [MESSAGE][PASSED] - Text of object 'Object Repository/ReportsPage/monthText' is: 'February 2018'

2018-06-14 20:12:02 - [TEST_STEP][PASSED] - Statement - monthTextArray = monthText.split(" "): null

2018-06-14 20:12:02 - [TEST_STEP][PASSED] - Statement - month = monthTextArray[0]: null

2018-06-14 20:12:02 - [TEST_STEP][PASSED] - click: Object: 'Object Repository/ReportsPage/previousDateSelector' is clicked on

2018-06-14 20:12:02 - [MESSAGE][PASSED] - Object: 'Object Repository/ReportsPage/previousDateSelector' is clicked on

2018-06-14 20:12:02 - [TEST_STEP][PASSED] - Statement - monthText = com.kms.katalon.core.webui.keyword.WebUiBuiltInKeywords.getText(com.kms.katalon.core.testobject.ObjectRepository.findTestObject(ReportsPage/monthText)): Text of object 'Object Repository/ReportsPage/monthText' is: 'January 2018'

2018-06-14 20:12:02 - [MESSAGE][PASSED] - Text of object 'Object Repository/ReportsPage/monthText' is: 'January 2018'

2018-06-14 20:12:02 - [TEST_STEP][PASSED] - Statement - monthTextArray = monthText.split(" "): null

2018-06-14 20:12:02 - [TEST_STEP][PASSED] - Statement - month = monthTextArray[0]: null

2018-06-14 20:12:02 - [TEST_STEP][PASSED] - Statement - data = CustomKeywords.projectSpecific.Reusability.getTestData("ReportsPage", "StartDate"): projectSpecific.Reusability.getTestData is PASSED

2018-06-14 20:12:02 - [MESSAGE][PASSED] - projectSpecific.Reusability.getTestData is PASSED

2018-06-14 20:12:02 - [TEST_STEP][PASSED] - Statement - startDate = "(//td[text()='" + data + "'])[1]": null

2018-06-14 20:12:02 - [TEST_STEP][PASSED] - Statement - println(startDate): null

2018-06-14 20:12:02 - [TEST_STEP][PASSED] - Statement - startdateEle = driver.findElement(org.openqa.selenium.By.xpath(startDate)): null

2018-06-14 20:12:02 - [TEST_STEP][PASSED] - Statement - startdateEle.click(): null

2018-06-14 20:12:02 - [TEST_STEP][PASSED] - delay: Delayed 5 second(s)

2018-06-14 20:12:07 - [MESSAGE][PASSED] - Delayed 5 second(s)

2018-06-14 20:12:07 - [TEST_STEP][PASSED] - click: Object: 'Object Repository/ReportsPage/toDateSelector' is clicked on

2018-06-14 20:12:07 - [MESSAGE][PASSED] - Object: 'Object Repository/ReportsPage/toDateSelector' is clicked on

2018-06-14 20:12:07 - [TEST_STEP][PASSED] - Statement - monthText = com.kms.katalon.core.webui.keyword.WebUiBuiltInKeywords.getText(com.kms.katalon.core.testobject.ObjectRepository.findTestObject(ReportsPage/monthText2)): Text of object 'Object Repository/ReportsPage/monthText2' is: 'June 2018'

2018-06-14 20:12:07 - [MESSAGE][PASSED] - Text of object 'Object Repository/ReportsPage/monthText2' is: 'June 2018'

2018-06-14 20:12:07 - [TEST_STEP][PASSED] - Statement - monthTextArray = monthText.split(" "): null

2018-06-14 20:12:07 - [TEST_STEP][PASSED] - Statement - month = monthTextArray[0]: null

2018-06-14 20:12:07 - [TEST_STEP][PASSED] - Statement - monthTextValue1 = CustomKeywords.projectSpecific.Reusability.getTestData("ReportsPage", "AprilMonth"): projectSpecific.Reusability.getTestData is PASSED

2018-06-14 20:12:07 - [MESSAGE][PASSED] - projectSpecific.Reusability.getTestData is PASSED

2018-06-14 20:12:07 - [TEST_STEP][PASSED] - Statement - If (!(monthTextValue1.equals(month))): null

2018-06-14 20:12:07 - [TEST_STEP][PASSED] - Statement - While (!(monthTextValue1.equals(month))): null

2018-06-14 20:12:07 - [TEST_STEP][PASSED] - click: Object: 'Object Repository/ReportsPage/previousDateSelector2' is clicked on

2018-06-14 20:12:07 - [MESSAGE][PASSED] - Object: 'Object Repository/ReportsPage/previousDateSelector2' is clicked on

2018-06-14 20:12:07 - [TEST_STEP][PASSED] - Statement - monthText = com.kms.katalon.core.webui.keyword.WebUiBuiltInKeywords.getText(com.kms.katalon.core.testobject.ObjectRepository.findTestObject(ReportsPage/monthText2)): Text of object 'Object Repository/ReportsPage/monthText2' is: 'May 2018'

2018-06-14 20:12:07 - [MESSAGE][PASSED] - Text of object 'Object Repository/ReportsPage/monthText2' is: 'May 2018'

2018-06-14 20:12:07 - [TEST_STEP][PASSED] - Statement - monthTextArray = monthText.split(" "): null

2018-06-14 20:12:07 - [TEST_STEP][PASSED] - Statement - month = monthTextArray[0]: null

2018-06-14 20:12:07 - [TEST_STEP][PASSED] - click: Object: 'Object Repository/ReportsPage/previousDateSelector2' is clicked on

2018-06-14 20:12:07 - [MESSAGE][PASSED] - Object: 'Object Repository/ReportsPage/previousDateSelector2' is clicked on

2018-06-14 20:12:07 - [TEST_STEP][PASSED] - Statement - monthText = com.kms.katalon.core.webui.keyword.WebUiBuiltInKeywords.getText(com.kms.katalon.core.testobject.ObjectRepository.findTestObject(ReportsPage/monthText2)): Text of object 'Object Repository/ReportsPage/monthText2' is: 'April 2018'

2018-06-14 20:12:07 - [MESSAGE][PASSED] - Text of object 'Object Repository/ReportsPage/monthText2' is: 'April 2018'

2018-06-14 20:12:07 - [TEST_STEP][PASSED] - Statement - monthTextArray = monthText.split(" "): null

2018-06-14 20:12:07 - [TEST_STEP][PASSED] - Statement - month = monthTextArray[0]: null

2018-06-14 20:12:07 - [TEST_STEP][PASSED] - Statement - endDate = CustomKeywords.projectSpecific.Reusability.getTestData("ReportsPage", "EndDate7"): projectSpecific.Reusability.getTestData is PASSED

2018-06-14 20:12:07 - [MESSAGE][PASSED] - projectSpecific.Reusability.getTestData is PASSED

2018-06-14 20:12:07 - [TEST_STEP][PASSED] - Statement - toDate = "(//td[text()='" + endDate + "'])[3]": null

2018-06-14 20:12:07 - [TEST_STEP][PASSED] - Statement - toDateEle = driver.findElement(org.openqa.selenium.By.xpath(toDate)): null

2018-06-14 20:12:07 - [TEST_STEP][PASSED] - Statement - toDateEle.click(): null

2018-06-14 20:12:07 - [TEST_STEP][PASSED] - delay: Delayed 5 second(s)

2018-06-14 20:12:12 - [MESSAGE][PASSED] - Delayed 5 second(s)

2018-06-14 20:12:12 - [TEST_STEP][PASSED] - Statement - dateAttr = com.kms.katalon.core.webui.keyword.WebUiBuiltInKeywords.getAttribute(com.kms.katalon.core.testobject.ObjectRepository.findTestObject(ReportsPage/selectedDate1), "value"): Attribute 'value' of object 'Object Repository/ReportsPage/selectedDate1' is: '01/01/2018'

2018-06-14 20:12:12 - [MESSAGE][PASSED] - Attribute 'value' of object 'Object Repository/ReportsPage/selectedDate1' is: '01/01/2018'

2018-06-14 20:12:12 - [TEST_STEP][PASSED] - Statement - fromDateValue = CustomKeywords.projectSpecific.Reusability.getTestData("ReportsPage", "fromDateJan"): projectSpecific.Reusability.getTestData is PASSED

2018-06-14 20:12:12 - [MESSAGE][PASSED] - projectSpecific.Reusability.getTestData is PASSED

2018-06-14 20:12:12 - [TEST_STEP][PASSED] - Statement - If (!(dateAttr.equals(fromDateValue))): null

2018-06-14 20:12:12 - [TEST_STEP][PASSED] - Statement - dateAttr = com.kms.katalon.core.webui.keyword.WebUiBuiltInKeywords.getAttribute(com.kms.katalon.core.testobject.ObjectRepository.findTestObject(ReportsPage/selectedDate2), "value"): Attribute 'value' of object 'Object Repository/ReportsPage/selectedDate2' is: '04/02/2018'

2018-06-14 20:12:13 - [MESSAGE][PASSED] - Attribute 'value' of object 'Object Repository/ReportsPage/selectedDate2' is: '04/02/2018'

2018-06-14 20:12:13 - [TEST_STEP][PASSED] - Statement - toDateValue = CustomKeywords.projectSpecific.Reusability.getTestData("ReportsPage", "toDate8"): projectSpecific.Reusability.getTestData is PASSED

2018-06-14 20:12:13 - [MESSAGE][PASSED] - projectSpecific.Reusability.getTestData is PASSED

2018-06-14 20:12:13 - [TEST_STEP][PASSED] - Statement - If (!(dateAttr.equals(toDateValue))): Taking screenshot successfully

2018-06-14 20:12:13 - [TEST_STEP][PASSED] - Statement - If (TCflag): null

2018-06-14 20:12:13 - [TEST_STEP][PASSED] - Statement - println("to Date is not selected properly"): null

2018-06-14 20:12:13 - [TEST_STEP][PASSED] - takeScreenshot: Taking screenshot successfully

2018-06-14 20:12:13 - [MESSAGE][PASSED] - Taking screenshot successfully
[[ATTACHMENT|C:\\Users\\shalinin\\Katalon Studio\\HME_Scripts\\Reports\\RegressionSuite\\20180614_164441\\1528987333054.png]]

2018-06-14 20:12:13 - [TEST_STEP][PASSED] - verifyElementText: Actual text and expected text of test object 'Object Repository/ReportsPage/includeText' are matched.

2018-06-14 20:12:13 - [MESSAGE][PASSED] - projectSpecific.Reusability.getTestData is PASSED

2018-06-14 20:12:13 - [MESSAGE][PASSED] - Actual text and expected text of test object 'Object Repository/ReportsPage/includeText' are matched.

2018-06-14 20:12:13 - [TEST_STEP][PASSED] - verifyElementText: Actual text and expected text of test object 'Object Repository/ReportsPage/formatText' are matched.

2018-06-14 20:12:13 - [MESSAGE][PASSED] - projectSpecific.Reusability.getTestData is PASSED

2018-06-14 20:12:13 - [MESSAGE][PASSED] - Actual text and expected text of test object 'Object Repository/ReportsPage/formatText' are matched.

2018-06-14 20:12:13 - [TEST_STEP][PASSED] - uiaction.CommonUIActions.click: uiaction.CommonUIActions.click is PASSED

2018-06-14 20:12:13 - [MESSAGE][PASSED] - uiaction.CommonUIActions.click is PASSED

2018-06-14 20:12:13 - [TEST_STEP][PASSED] - Statement - opencheckbox = CustomKeywords.uiaction.CommonUIActions.isEnabled(com.kms.katalon.core.testobject.ObjectRepository.findTestObject(ReportsPage/Report_opencheckbox)): uiaction.CommonUIActions.isEnabled is PASSED

2018-06-14 20:12:13 - [MESSAGE][PASSED] - uiaction.CommonUIActions.isEnabled is PASSED

2018-06-14 20:12:13 - [TEST_STEP][PASSED] - Statement - If (!(opencheckbox)): null

2018-06-14 20:12:13 - [TEST_STEP][PASSED] - Statement - out.println("Open checkbox is checked bydefault"): null

2018-06-14 20:12:13 - [TEST_STEP][PASSED] - Statement - closecheckbox = CustomKeywords.uiaction.CommonUIActions.isEnabled(com.kms.katalon.core.testobject.ObjectRepository.findTestObject(ReportsPage/Report_closecheckbox)): uiaction.CommonUIActions.isEnabled is PASSED

2018-06-14 20:12:13 - [MESSAGE][PASSED] - uiaction.CommonUIActions.isEnabled is PASSED

2018-06-14 20:12:13 - [TEST_STEP][PASSED] - Statement - If (!(closecheckbox)): null

2018-06-14 20:12:13 - [TEST_STEP][PASSED] - Statement - out.println("Close checkbox is checked bydefault"): null

2018-06-14 20:12:13 - [TEST_STEP][PASSED] - uiaction.CommonUIActions.click: uiaction.CommonUIActions.click is PASSED

2018-06-14 20:12:13 - [MESSAGE][PASSED] - uiaction.CommonUIActions.click is PASSED

2018-06-14 20:12:13 - [TEST_STEP][PASSED] - uiaction.CommonUIActions.click: uiaction.CommonUIActions.click is PASSED

2018-06-14 20:12:13 - [MESSAGE][PASSED] - uiaction.CommonUIActions.click is PASSED

2018-06-14 20:12:13 - [TEST_STEP][PASSED] - verifyElementPresent: Object 'Object Repository/ReportsPage/advancedoption_am' is present

2018-06-14 20:12:13 - [MESSAGE][PASSED] - Object 'Object Repository/ReportsPage/advancedoption_am' is present

2018-06-14 20:12:13 - [TEST_STEP][PASSED] - verifyElementPresent: Object 'Object Repository/ReportsPage/advanceoptions_pm' is present

2018-06-14 20:12:13 - [MESSAGE][PASSED] - Object 'Object Repository/ReportsPage/advanceoptions_pm' is present

2018-06-14 20:12:13 - [TEST_STEP][PASSED] - Statement - open_am = CustomKeywords.uiaction.CommonUIActions.isEnabled(com.kms.katalon.core.testobject.ObjectRepository.findTestObject(ReportsPage/advancedoption_am)): uiaction.CommonUIActions.isEnabled is PASSED

2018-06-14 20:12:13 - [MESSAGE][PASSED] - uiaction.CommonUIActions.isEnabled is PASSED

2018-06-14 20:12:13 - [TEST_STEP][PASSED] - Statement - If (open_am): null

2018-06-14 20:12:13 - [TEST_STEP][PASSED] - Statement - out.println("AM Drop down boxes  enabled"): null

2018-06-14 20:12:13 - [TEST_STEP][PASSED] - Statement - open_pm = CustomKeywords.uiaction.CommonUIActions.isEnabled(com.kms.katalon.core.testobject.ObjectRepository.findTestObject(ReportsPage/advanceoptions_pm)): uiaction.CommonUIActions.isEnabled is PASSED

2018-06-14 20:12:13 - [MESSAGE][PASSED] - uiaction.CommonUIActions.isEnabled is PASSED

2018-06-14 20:12:13 - [TEST_STEP][PASSED] - Statement - If (open_pm): null

2018-06-14 20:12:13 - [TEST_STEP][PASSED] - Statement - out.println("PM Drop down boxes  enabled"): null

2018-06-14 20:12:13 - [TEST_STEP][PASSED] - uiaction.CommonUIActions.click: uiaction.CommonUIActions.click is PASSED

2018-06-14 20:12:13 - [MESSAGE][PASSED] - uiaction.CommonUIActions.click is PASSED

2018-06-14 20:12:13 - [TEST_STEP][PASSED] - uiaction.CommonUIActions.click: uiaction.CommonUIActions.click is PASSED

2018-06-14 20:12:34 - [MESSAGE][PASSED] - uiaction.CommonUIActions.click is PASSED

2018-06-14 20:12:34 - [TEST_STEP][PASSED] - uiaction.CommonUIActions.click: uiaction.CommonUIActions.click is PASSED

2018-06-14 20:12:34 - [MESSAGE][PASSED] - uiaction.CommonUIActions.click is PASSED

2018-06-14 20:12:34 - [TEST_STEP][PASSED] - Statement - open_textboxdata = com.kms.katalon.core.webui.keyword.WebUiBuiltInKeywords.getAttribute(com.kms.katalon.core.testobject.ObjectRepository.findTestObject(ReportsPage/advance_option_opentextbox), "value"): Attribute 'value' of object 'Object Repository/ReportsPage/advance_option_opentextbox' is: '8:11 am'

2018-06-14 20:12:34 - [MESSAGE][PASSED] - Attribute 'value' of object 'Object Repository/ReportsPage/advance_option_opentextbox' is: '8:11 am'

2018-06-14 20:12:34 - [TEST_STEP][PASSED] - Statement - If (!(open_textboxdata.isEmpty())): null

2018-06-14 20:12:34 - [TEST_STEP][PASSED] - Statement - out.println("8:00 am time shown "): null

2018-06-14 20:12:34 - [TEST_STEP][PASSED] - uiaction.CommonUIActions.click: uiaction.CommonUIActions.click is PASSED

2018-06-14 20:12:34 - [MESSAGE][PASSED] - uiaction.CommonUIActions.click is PASSED

2018-06-14 20:12:34 - [TEST_STEP][PASSED] - uiaction.CommonUIActions.click: uiaction.CommonUIActions.click is PASSED

2018-06-14 20:12:34 - [MESSAGE][PASSED] - uiaction.CommonUIActions.click is PASSED

2018-06-14 20:12:34 - [TEST_STEP][PASSED] - uiaction.CommonUIActions.click: uiaction.CommonUIActions.click is PASSED

2018-06-14 20:12:34 - [MESSAGE][PASSED] - uiaction.CommonUIActions.click is PASSED

2018-06-14 20:12:34 - [TEST_STEP][PASSED] - verifyElementPresent: Object 'Object Repository/ReportsPage/advancedoption_am' is present

2018-06-14 20:12:34 - [MESSAGE][PASSED] - Object 'Object Repository/ReportsPage/advancedoption_am' is present

2018-06-14 20:12:34 - [TEST_STEP][PASSED] - verifyElementPresent: Object 'Object Repository/ReportsPage/advanceoptions_pm' is present

2018-06-14 20:12:34 - [MESSAGE][PASSED] - Object 'Object Repository/ReportsPage/advanceoptions_pm' is present

2018-06-14 20:12:34 - [TEST_STEP][PASSED] - Statement - close_am = CustomKeywords.uiaction.CommonUIActions.isEnabled(com.kms.katalon.core.testobject.ObjectRepository.findTestObject(ReportsPage/advancedoption_am)): uiaction.CommonUIActions.isEnabled is PASSED

2018-06-14 20:12:34 - [MESSAGE][PASSED] - uiaction.CommonUIActions.isEnabled is PASSED

2018-06-14 20:12:34 - [TEST_STEP][PASSED] - Statement - If (close_am): null

2018-06-14 20:12:34 - [TEST_STEP][PASSED] - Statement - out.println("AM Drop down boxes  enabled"): null

2018-06-14 20:12:34 - [TEST_STEP][PASSED] - Statement - close_pm = CustomKeywords.uiaction.CommonUIActions.isEnabled(com.kms.katalon.core.testobject.ObjectRepository.findTestObject(ReportsPage/advanceoptions_pm)): uiaction.CommonUIActions.isEnabled is PASSED

2018-06-14 20:12:34 - [MESSAGE][PASSED] - uiaction.CommonUIActions.isEnabled is PASSED

2018-06-14 20:12:34 - [TEST_STEP][PASSED] - Statement - If (close_pm): null

2018-06-14 20:12:34 - [TEST_STEP][PASSED] - Statement - out.println("PM Drop down boxes  enabled"): null

2018-06-14 20:12:34 - [TEST_STEP][PASSED] - uiaction.CommonUIActions.click: uiaction.CommonUIActions.click is PASSED

2018-06-14 20:12:34 - [MESSAGE][PASSED] - uiaction.CommonUIActions.click is PASSED

2018-06-14 20:12:34 - [TEST_STEP][PASSED] - uiaction.CommonUIActions.click: uiaction.CommonUIActions.click is PASSED

2018-06-14 20:12:55 - [MESSAGE][PASSED] - uiaction.CommonUIActions.click is PASSED

2018-06-14 20:12:55 - [TEST_STEP][PASSED] - uiaction.CommonUIActions.click: uiaction.CommonUIActions.click is PASSED

2018-06-14 20:12:55 - [MESSAGE][PASSED] - uiaction.CommonUIActions.click is PASSED

2018-06-14 20:12:55 - [TEST_STEP][PASSED] - Statement - open_textboxdata1 = com.kms.katalon.core.webui.keyword.WebUiBuiltInKeywords.getAttribute(com.kms.katalon.core.testobject.ObjectRepository.findTestObject(ReportsPage/advance_option_closetextbox), "value"): Attribute 'value' of object 'Object Repository/ReportsPage/advance_option_closetextbox' is: '3:11 pm'

2018-06-14 20:12:55 - [MESSAGE][PASSED] - Attribute 'value' of object 'Object Repository/ReportsPage/advance_option_closetextbox' is: '3:11 pm'

2018-06-14 20:12:55 - [TEST_STEP][PASSED] - Statement - If (!(open_textboxdata1.isEmpty())): null

2018-06-14 20:12:55 - [TEST_STEP][PASSED] - Statement - out.println("3:00 pm time shown "): null

2018-06-14 20:12:55 - [TEST_STEP][PASSED] - click: Object: 'Object Repository/ReportsPage/timeSelection' is clicked on

2018-06-14 20:12:55 - [MESSAGE][PASSED] - Object: 'Object Repository/ReportsPage/timeSelection' is clicked on

2018-06-14 20:12:55 - [TEST_STEP][PASSED] - click: Object: 'Object Repository/ReportsPage/daypartTimeOption' is clicked on

2018-06-14 20:12:55 - [MESSAGE][PASSED] - Object: 'Object Repository/ReportsPage/daypartTimeOption' is clicked on

2018-06-14 20:12:55 - [TEST_STEP][PASSED] - click: Object: 'Object Repository/ReportsPage/summaryReportHeading' is clicked on

2018-06-14 20:12:55 - [MESSAGE][PASSED] - Object: 'Object Repository/ReportsPage/summaryReportHeading' is clicked on

2018-06-14 20:12:55 - [TEST_STEP][PASSED] - verifyElementText: Actual text and expected text of test object 'Object Repository/ReportsPage/daypartTimeOption' are matched.

2018-06-14 20:12:55 - [MESSAGE][PASSED] - projectSpecific.Reusability.getTestData is PASSED

2018-06-14 20:12:55 - [MESSAGE][PASSED] - Actual text and expected text of test object 'Object Repository/ReportsPage/daypartTimeOption' are matched.

2018-06-14 20:12:55 - [TEST_STEP][PASSED] - verifyElementText: Actual text and expected text of test object 'Object Repository/ReportsPage/criteriaTimeMeasureFordaypart' are matched.

2018-06-14 20:12:55 - [MESSAGE][PASSED] - projectSpecific.Reusability.getTestData is PASSED

2018-06-14 20:12:55 - [MESSAGE][PASSED] - Actual text and expected text of test object 'Object Repository/ReportsPage/criteriaTimeMeasureFordaypart' are matched.

2018-06-14 20:12:55 - [TEST_STEP][PASSED] - click: Object: 'Object Repository/ReportsPage/generateReport' is clicked on

2018-06-14 20:12:55 - [MESSAGE][PASSED] - Object: 'Object Repository/ReportsPage/generateReport' is clicked on

2018-06-14 20:12:55 - [TEST_STEP][PASSED] - Statement - errMessage = CustomKeywords.uiaction.CommonUIActions.getText(com.kms.katalon.core.testobject.ObjectRepository.findTestObject(ReportsPage/report_failure_alertmsg)): uiaction.CommonUIActions.getText is PASSED

2018-06-14 20:13:15 - [MESSAGE][PASSED] - uiaction.CommonUIActions.getText is PASSED

2018-06-14 20:13:15 - [TEST_STEP][PASSED] - Statement - errMsgText = CustomKeywords.projectSpecific.Reusability.getTestData("ReportsPage", "DateErrorMsg4"): projectSpecific.Reusability.getTestData is PASSED

2018-06-14 20:13:15 - [MESSAGE][PASSED] - projectSpecific.Reusability.getTestData is PASSED

2018-06-14 20:13:15 - [TEST_STEP][FAILED] - verifyMatch: Unable to verify match between actual text 'Web element with id: 'Object Repository/ReportsPage/report_failure_alertmsg' located by 'By.xpath: //div//ul//li[contains(text(),'Date range invalid')]' not found' and expected text 'Date range invalid. For daypart report select any 3 months period' (Root cause: Actual text 'Web element with id: 'Object Repository/ReportsPage/report_failure_alertmsg' located by 'By.xpath: //div//ul//li[contains(text(),'Date range invalid')]' not found' and expected text 'Date range invalid. For daypart report select any 3 months period' are not matched)

2018-06-14 20:13:15 - [MESSAGE][FAILED] - Unable to verify match between actual text 'Web element with id: 'Object Repository/ReportsPage/report_failure_alertmsg' located by 'By.xpath: //div//ul//li[contains(text(),'Date range invalid')]' not found' and expected text 'Date range invalid. For daypart report select any 3 months period' (Root cause: Actual text 'Web element with id: 'Object Repository/ReportsPage/report_failure_alertmsg' located by 'By.xpath: //div//ul//li[contains(text(),'Date range invalid')]' not found' and expected text 'Date range invalid. For daypart report select any 3 months period' are not matched)

2018-06-14 20:13:15 - [TEST_STEP][PASSED] - delay: Delayed 5 second(s)

2018-06-14 20:13:20 - [MESSAGE][PASSED] - Delayed 5 second(s)

2018-06-14 20:13:20 - [TEST_STEP][PASSED] - Statement - If (errMessage == errMsgText): null

2018-06-14 20:13:20 - [TEST_STEP][PASSED] - Statement - Else: null

2018-06-14 20:13:20 - [TEST_STEP][PASSED] - Statement - If (TCflag): null

2018-06-14 20:13:20 - [TEST_STEP][PASSED] - Statement - out.println("Error Msg is not verified"): null

2018-06-14 20:13:20 - [TEST_STEP][PASSED] - uiaction.CommonUIActions.click: uiaction.CommonUIActions.click is PASSED

2018-06-14 20:13:24 - [MESSAGE][PASSED] - uiaction.CommonUIActions.click is PASSED

2018-06-14 20:13:24 - [TEST_STEP][PASSED] - delay: Delayed 5 second(s)

2018-06-14 20:13:29 - [MESSAGE][PASSED] - Delayed 5 second(s)

2018-06-14 20:13:29 - [TEST_STEP][PASSED] - uiaction.CommonUIActions.click: uiaction.CommonUIActions.click is PASSED

2018-06-14 20:13:40 - [MESSAGE][PASSED] - uiaction.CommonUIActions.click is PASSED

2018-06-14 20:13:40 - [TEST_STEP][PASSED] - delay: Delayed 5 second(s)

2018-06-14 20:13:45 - [MESSAGE][PASSED] - Delayed 5 second(s)

2018-06-14 20:13:45 - [TEST_STEP][PASSED] - uiaction.CommonUIActions.click: uiaction.CommonUIActions.click is PASSED

2018-06-14 20:13:45 - [MESSAGE][PASSED] - uiaction.CommonUIActions.click is PASSED

2018-06-14 20:13:45 - [TEST_STEP][PASSED] - delay: Delayed 10 second(s)

2018-06-14 20:13:55 - [MESSAGE][PASSED] - Delayed 10 second(s)

2018-06-14 20:13:55 - [TEST_STEP][PASSED] - uiaction.CommonUIActions.click: uiaction.CommonUIActions.click is PASSED

2018-06-14 20:13:55 - [MESSAGE][PASSED] - uiaction.CommonUIActions.click is PASSED

2018-06-14 20:13:55 - [TEST_STEP][PASSED] - uiaction.CommonUIActions.click: uiaction.CommonUIActions.click is PASSED

2018-06-14 20:13:55 - [MESSAGE][PASSED] - uiaction.CommonUIActions.click is PASSED

2018-06-14 20:13:55 - [TEST_STEP][PASSED] - uiaction.CommonUIActions.click: uiaction.CommonUIActions.click is PASSED

2018-06-14 20:13:55 - [MESSAGE][PASSED] - uiaction.CommonUIActions.click is PASSED

2018-06-14 20:13:55 - [TEST_STEP][PASSED] - uiaction.CommonUIActions.click: uiaction.CommonUIActions.click is PASSED

2018-06-14 20:13:58 - [MESSAGE][PASSED] - uiaction.CommonUIActions.click is PASSED

2018-06-14 20:13:58 - [TEST_STEP][PASSED] - Statement - assert TCflag == true: null

2018-06-14 20:13:58 - [TEST_STEP][PASSED] - Start listener action : sampleAfterTestCase: Browser is closed

2018-06-14 20:13:58 - [TEST_STEP][PASSED] - Statement - println(testCaseContext.getTestCaseId()): null

2018-06-14 20:13:58 - [TEST_STEP][PASSED] - Statement - println(testCaseContext.getTestCaseStatus()): null

2018-06-14 20:13:58 - [TEST_STEP][PASSED] - closeBrowser: Browser is closed

2018-06-14 20:13:59 - [MESSAGE][PASSED] - Browser is closed]]></system-out>
         <system-err><![CDATA[2018-06-14 20:10:29 - [TEST_CASE][FAILED] - Test Cases/SummaryReportsTC/HME-Summary Report-15: Test Cases/SummaryReportsTC/HME-Summary Report-15 FAILED because (of) Unable to verify match between actual text 'Web element with id: 'Object Repository/ReportsPage/report_failure_alertmsg' located by 'By.xpath: //div//ul//li[contains(text(),'Date range invalid')]' not found' and expected text 'Date range invalid. For daypart report select any 3 months period' (Root cause: Actual text 'Web element with id: 'Object Repository/ReportsPage/report_failure_alertmsg' located by 'By.xpath: //div//ul//li[contains(text(),'Date range invalid')]' not found' and expected text 'Date range invalid. For daypart report select any 3 months period' are not matched)]]></system-err>
      </testcase>
      <testcase name="Test Cases/SummaryReportsTC/HME-Summary Report-16" classname="Test Cases/SummaryReportsTC/HME-Summary Report-16" status="FAILED">
         <failure type="FAILED" message="Unable to verify match between actual text 'Please check your email. Your Report has been sent to selvendrank@nousinfo.com.' and expected text 'Web element with id: 'Object Repository/SummarizedReportPage/emailConfirmation' located by 'By.xpath: //div[@class='appr']/h4' not found' (Root cause: Actual text 'Please check your email. Your Report has been sent to selvendrank@nousinfo.com.' and expected text 'Web element with id: 'Object Repository/SummarizedReportPage/emailConfirmation' located by 'By.xpath: //div[@class='appr']/h4' not found' are not matched)"/>
         <system-out><![CDATA[2018-06-14 20:13:59 - [TEST_CASE][FAILED] - Test Cases/SummaryReportsTC/HME-Summary Report-16: Test Cases/SummaryReportsTC/HME-Summary Report-16 FAILED because (of) Unable to verify match between actual text 'Please check your email. Your Report has been sent to selvendrank@nousinfo.com.' and expected text 'Web element with id: 'Object Repository/SummarizedReportPage/emailConfirmation' located by 'By.xpath: //div[@class='appr']/h4' not found' (Root cause: Actual text 'Please check your email. Your Report has been sent to selvendrank@nousinfo.com.' and expected text 'Web element with id: 'Object Repository/SummarizedReportPage/emailConfirmation' located by 'By.xpath: //div[@class='appr']/h4' not found' are not matched)

2018-06-14 20:13:59 - [TEST_STEP][PASSED] - Start listener action : sampleBeforeTestCase: uiaction.CommonUIActions.deleteAllCookies is PASSED

2018-06-14 20:13:59 - [TEST_STEP][PASSED] - openBrowser: Browser is opened with url: ''

2018-06-14 20:14:01 - [MESSAGE][PASSED] - Browser is opened with url: ''

2018-06-14 20:14:01 - [TEST_STEP][PASSED] - maximizeWindow: Current window maximized

2018-06-14 20:14:02 - [MESSAGE][PASSED] - Current window maximized

2018-06-14 20:14:02 - [TEST_STEP][PASSED] - uiaction.CommonUIActions.deleteAllCookies: uiaction.CommonUIActions.deleteAllCookies is PASSED

2018-06-14 20:14:02 - [MESSAGE][PASSED] - Delete all cookies successfully

2018-06-14 20:14:02 - [MESSAGE][PASSED] - uiaction.CommonUIActions.deleteAllCookies is PASSED

2018-06-14 20:14:02 - [TEST_STEP][PASSED] - Statement - TCflag = true: null

2018-06-14 20:14:02 - [TEST_STEP][FAILED] - Statement - Try: uiaction.CommonUIActions.click is PASSED

2018-06-14 20:14:02 - [TEST_STEP][PASSED] - navigateToUrl: Navigate to 'https://hme-dev-public-cloud-app.azurewebsites.net/' successfully

2018-06-14 20:14:05 - [MESSAGE][PASSED] - Navigate to 'https://hme-dev-public-cloud-app.azurewebsites.net/' successfully

2018-06-14 20:14:05 - [TEST_STEP][PASSED] - delay: Delayed 15 second(s)

2018-06-14 20:14:20 - [MESSAGE][PASSED] - Delayed 15 second(s)

2018-06-14 20:14:20 - [TEST_STEP][PASSED] - projectSpecific.Reusability.login: projectSpecific.Reusability.login is PASSED

2018-06-14 20:14:20 - [MESSAGE][PASSED] - projectSpecific.Reusability.getTestData is PASSED

2018-06-14 20:14:20 - [MESSAGE][PASSED] - projectSpecific.Reusability.getTestData is PASSED

2018-06-14 20:14:20 - [MESSAGE][PASSED] - Text 'selvendrank@nousinfo.com' is set on object 'Object Repository/LoginPage/Username'

2018-06-14 20:14:21 - [MESSAGE][PASSED] - Text 'nous;123' is set on object 'Object Repository/LoginPage/Password'

2018-06-14 20:14:21 - [MESSAGE][PASSED] - Object: 'Object Repository/LoginPage/Login' is clicked on

2018-06-14 20:14:21 - [MESSAGE][PASSED] - projectSpecific.Reusability.login is PASSED

2018-06-14 20:14:21 - [TEST_STEP][PASSED] - delay: Delayed 10 second(s)

2018-06-14 20:14:31 - [MESSAGE][PASSED] - Delayed 10 second(s)

2018-06-14 20:14:31 - [TEST_STEP][PASSED] - Statement - driver = com.kms.katalon.core.webui.driver.DriverFactory.getWebDriver(): null

2018-06-14 20:14:31 - [TEST_STEP][PASSED] - delay: Delayed 10 second(s)

2018-06-14 20:14:41 - [MESSAGE][PASSED] - Delayed 10 second(s)

2018-06-14 20:14:41 - [TEST_STEP][PASSED] - uiaction.CommonUIActions.click: uiaction.CommonUIActions.click is PASSED

2018-06-14 20:14:42 - [MESSAGE][PASSED] - uiaction.CommonUIActions.click is PASSED

2018-06-14 20:14:42 - [TEST_STEP][PASSED] - uiaction.CommonUIActions.click: uiaction.CommonUIActions.click is PASSED

2018-06-14 20:14:54 - [MESSAGE][PASSED] - uiaction.CommonUIActions.click is PASSED

2018-06-14 20:14:54 - [TEST_STEP][PASSED] - delay: Delayed 10 second(s)

2018-06-14 20:15:04 - [MESSAGE][PASSED] - Delayed 10 second(s)

2018-06-14 20:15:04 - [TEST_STEP][PASSED] - uiaction.CommonUIActions.click: uiaction.CommonUIActions.click is PASSED

2018-06-14 20:15:05 - [MESSAGE][PASSED] - uiaction.CommonUIActions.click is PASSED

2018-06-14 20:15:05 - [TEST_STEP][PASSED] - delay: Delayed 5 second(s)

2018-06-14 20:15:10 - [MESSAGE][PASSED] - Delayed 5 second(s)

2018-06-14 20:15:10 - [TEST_STEP][PASSED] - uiaction.CommonUIActions.click: uiaction.CommonUIActions.click is PASSED

2018-06-14 20:15:10 - [MESSAGE][PASSED] - uiaction.CommonUIActions.click is PASSED

2018-06-14 20:15:10 - [TEST_STEP][PASSED] - delay: Delayed 5 second(s)

2018-06-14 20:15:15 - [MESSAGE][PASSED] - Delayed 5 second(s)

2018-06-14 20:15:15 - [TEST_STEP][PASSED] - Statement - grpName = "Grp250_TC16": null

2018-06-14 20:15:15 - [TEST_STEP][PASSED] - uiaction.CommonUIActions.enter: uiaction.CommonUIActions.enter is PASSED

2018-06-14 20:15:15 - [MESSAGE][PASSED] - uiaction.CommonUIActions.enter is PASSED

2018-06-14 20:15:15 - [TEST_STEP][PASSED] - uiaction.CommonUIActions.enter: uiaction.CommonUIActions.enter is PASSED

2018-06-14 20:15:15 - [MESSAGE][PASSED] - projectSpecific.Reusability.getTestData is PASSED

2018-06-14 20:15:15 - [MESSAGE][PASSED] - uiaction.CommonUIActions.enter is PASSED

2018-06-14 20:15:15 - [TEST_STEP][PASSED] - delay: Delayed 10 second(s)

2018-06-14 20:15:25 - [MESSAGE][PASSED] - Delayed 10 second(s)

2018-06-14 20:15:25 - [TEST_STEP][PASSED] - Statement - storesLabel = driver.findElements(org.openqa.selenium.By.xpath(com.kms.katalon.core.testdata.TestDataFactory.findTestData(OR_file).getValue(2, 10))): Reading excel file with source file 'C:\Users\shalinin\Katalon Studio\HME_Scripts\Data Files\HME_OR.xlsx' and sheet name 'Sheet1'

2018-06-14 20:15:26 - [TEST_STEP][PASSED] - Statement - groupStoresList = new java.util.ArrayList(): null

2018-06-14 20:15:26 - [TEST_STEP][PASSED] - Statement - out.println(storesLabel.size()): null

2018-06-14 20:15:26 - [TEST_STEP][PASSED] - Statement - size = storesLabel.size(): null

2018-06-14 20:15:26 - [TEST_STEP][PASSED] - Statement - index = 0: null

2018-06-14 20:15:26 - [TEST_STEP][PASSED] - Statement - pattern = java.util.regex.Pattern.compile("[0-9]+"): null

2018-06-14 20:15:26 - [TEST_STEP][PASSED] - Statement - count = 0: null

2018-06-14 20:15:26 - [TEST_STEP][PASSED] - Statement - For ([i = 0, i < storesLabel.size(), (i++)]): null

2018-06-14 20:15:26 - [TEST_STEP][PASSED] - Statement - txt = storesLabel.get(i).getText(): null

2018-06-14 20:15:26 - [TEST_STEP][PASSED] - Statement - index = i + 1: null

2018-06-14 20:15:26 - [TEST_STEP][PASSED] - Statement - matched = pattern.matcher(txt).matches(): null

2018-06-14 20:15:26 - [TEST_STEP][PASSED] - Statement - If (matched): null

2018-06-14 20:15:26 - [TEST_STEP][PASSED] - Statement - txt = storesLabel.get(i).getText(): null

2018-06-14 20:15:26 - [TEST_STEP][PASSED] - Statement - index = i + 1: null

2018-06-14 20:15:26 - [TEST_STEP][PASSED] - Statement - matched = pattern.matcher(txt).matches(): null

2018-06-14 20:15:26 - [TEST_STEP][PASSED] - Statement - If (matched): null

2018-06-14 20:15:26 - [TEST_STEP][PASSED] - Statement - txt = storesLabel.get(i).getText(): null

2018-06-14 20:15:26 - [TEST_STEP][PASSED] - Statement - index = i + 1: null

2018-06-14 20:15:26 - [TEST_STEP][PASSED] - Statement - matched = pattern.matcher(txt).matches(): null

2018-06-14 20:15:26 - [TEST_STEP][PASSED] - Statement - If (matched): null

2018-06-14 20:15:26 - [TEST_STEP][PASSED] - Statement - txt = storesLabel.get(i).getText(): null

2018-06-14 20:15:26 - [TEST_STEP][PASSED] - Statement - index = i + 1: null

2018-06-14 20:15:26 - [TEST_STEP][PASSED] - Statement - matched = pattern.matcher(txt).matches(): null

2018-06-14 20:15:26 - [TEST_STEP][PASSED] - Statement - If (matched): null

2018-06-14 20:15:26 - [TEST_STEP][PASSED] - Statement - txt = storesLabel.get(i).getText(): null

2018-06-14 20:15:26 - [TEST_STEP][PASSED] - Statement - index = i + 1: null

2018-06-14 20:15:26 - [TEST_STEP][PASSED] - Statement - matched = pattern.matcher(txt).matches(): null

2018-06-14 20:15:26 - [TEST_STEP][PASSED] - Statement - If (matched): null

2018-06-14 20:15:26 - [TEST_STEP][PASSED] - Statement - txt = storesLabel.get(i).getText(): null

2018-06-14 20:15:26 - [TEST_STEP][PASSED] - Statement - index = i + 1: null

2018-06-14 20:15:26 - [TEST_STEP][PASSED] - Statement - matched = pattern.matcher(txt).matches(): null

2018-06-14 20:15:26 - [TEST_STEP][PASSED] - Statement - If (matched): null

2018-06-14 20:15:26 - [TEST_STEP][PASSED] - Statement - txt = storesLabel.get(i).getText(): null

2018-06-14 20:15:26 - [TEST_STEP][PASSED] - Statement - index = i + 1: null

2018-06-14 20:15:26 - [TEST_STEP][PASSED] - Statement - matched = pattern.matcher(txt).matches(): null

2018-06-14 20:15:26 - [TEST_STEP][PASSED] - Statement - If (matched): null

2018-06-14 20:15:26 - [TEST_STEP][PASSED] - Statement - txt = storesLabel.get(i).getText(): null

2018-06-14 20:15:26 - [TEST_STEP][PASSED] - Statement - index = i + 1: null

2018-06-14 20:15:26 - [TEST_STEP][PASSED] - Statement - matched = pattern.matcher(txt).matches(): null

2018-06-14 20:15:26 - [TEST_STEP][PASSED] - Statement - If (matched): null

2018-06-14 20:15:26 - [TEST_STEP][PASSED] - Statement - txt = storesLabel.get(i).getText(): null

2018-06-14 20:15:26 - [TEST_STEP][PASSED] - Statement - index = i + 1: null

2018-06-14 20:15:26 - [TEST_STEP][PASSED] - Statement - matched = pattern.matcher(txt).matches(): null

2018-06-14 20:15:26 - [TEST_STEP][PASSED] - Statement - If (matched): null

2018-06-14 20:15:26 - [TEST_STEP][PASSED] - Statement - txt = storesLabel.get(i).getText(): null

2018-06-14 20:15:26 - [TEST_STEP][PASSED] - Statement - index = i + 1: null

2018-06-14 20:15:26 - [TEST_STEP][PASSED] - Statement - matched = pattern.matcher(txt).matches(): null

2018-06-14 20:15:26 - [TEST_STEP][PASSED] - Statement - If (matched): null

2018-06-14 20:15:26 - [TEST_STEP][PASSED] - Statement - txt = storesLabel.get(i).getText(): null

2018-06-14 20:15:26 - [TEST_STEP][PASSED] - Statement - index = i + 1: null

2018-06-14 20:15:26 - [TEST_STEP][PASSED] - Statement - matched = pattern.matcher(txt).matches(): null

2018-06-14 20:15:26 - [TEST_STEP][PASSED] - Statement - If (matched): null

2018-06-14 20:15:26 - [TEST_STEP][PASSED] - Statement - txt = storesLabel.get(i).getText(): null

2018-06-14 20:15:26 - [TEST_STEP][PASSED] - Statement - index = i + 1: null

2018-06-14 20:15:26 - [TEST_STEP][PASSED] - Statement - matched = pattern.matcher(txt).matches(): null

2018-06-14 20:15:26 - [TEST_STEP][PASSED] - Statement - If (matched): null

2018-06-14 20:15:26 - [TEST_STEP][PASSED] - Statement - txt = storesLabel.get(i).getText(): null

2018-06-14 20:15:26 - [TEST_STEP][PASSED] - Statement - index = i + 1: null

2018-06-14 20:15:26 - [TEST_STEP][PASSED] - Statement - matched = pattern.matcher(txt).matches(): null

2018-06-14 20:15:26 - [TEST_STEP][PASSED] - Statement - If (matched): null

2018-06-14 20:15:26 - [TEST_STEP][PASSED] - Statement - txt = storesLabel.get(i).getText(): null

2018-06-14 20:15:26 - [TEST_STEP][PASSED] - Statement - index = i + 1: null

2018-06-14 20:15:26 - [TEST_STEP][PASSED] - Statement - matched = pattern.matcher(txt).matches(): null

2018-06-14 20:15:26 - [TEST_STEP][PASSED] - Statement - If (matched): null

2018-06-14 20:15:26 - [TEST_STEP][PASSED] - Statement - txt = storesLabel.get(i).getText(): null

2018-06-14 20:15:26 - [TEST_STEP][PASSED] - Statement - index = i + 1: null

2018-06-14 20:15:26 - [TEST_STEP][PASSED] - Statement - matched = pattern.matcher(txt).matches(): null

2018-06-14 20:15:26 - [TEST_STEP][PASSED] - Statement - If (matched): null

2018-06-14 20:15:26 - [TEST_STEP][PASSED] - Statement - txt = storesLabel.get(i).getText(): null

2018-06-14 20:15:26 - [TEST_STEP][PASSED] - Statement - index = i + 1: null

2018-06-14 20:15:26 - [TEST_STEP][PASSED] - Statement - matched = pattern.matcher(txt).matches(): null

2018-06-14 20:15:26 - [TEST_STEP][PASSED] - Statement - If (matched): null

2018-06-14 20:15:26 - [TEST_STEP][PASSED] - Statement - txt = storesLabel.get(i).getText(): null

2018-06-14 20:15:26 - [TEST_STEP][PASSED] - Statement - index = i + 1: null

2018-06-14 20:15:26 - [TEST_STEP][PASSED] - Statement - matched = pattern.matcher(txt).matches(): null

2018-06-14 20:15:26 - [TEST_STEP][PASSED] - Statement - If (matched): null

2018-06-14 20:15:26 - [TEST_STEP][PASSED] - Statement - txt = storesLabel.get(i).getText(): null

2018-06-14 20:15:26 - [TEST_STEP][PASSED] - Statement - index = i + 1: null

2018-06-14 20:15:26 - [TEST_STEP][PASSED] - Statement - matched = pattern.matcher(txt).matches(): null

2018-06-14 20:15:26 - [TEST_STEP][PASSED] - Statement - If (matched): null

2018-06-14 20:15:26 - [TEST_STEP][PASSED] - Statement - driver.findElement(org.openqa.selenium.By.xpath("(//ul[@class='unlinked-grouplist']/li/label)[" + index + "]")).click(): null

2018-06-14 20:15:26 - [TEST_STEP][PASSED] - Statement - (count++): null

2018-06-14 20:15:26 - [TEST_STEP][PASSED] - Statement - If (count > 2): null

2018-06-14 20:15:26 - [TEST_STEP][PASSED] - Statement - txt = storesLabel.get(i).getText(): null

2018-06-14 20:15:26 - [TEST_STEP][PASSED] - Statement - index = i + 1: null

2018-06-14 20:15:26 - [TEST_STEP][PASSED] - Statement - matched = pattern.matcher(txt).matches(): null

2018-06-14 20:15:26 - [TEST_STEP][PASSED] - Statement - If (matched): null

2018-06-14 20:15:26 - [TEST_STEP][PASSED] - Statement - driver.findElement(org.openqa.selenium.By.xpath("(//ul[@class='unlinked-grouplist']/li/label)[" + index + "]")).click(): null

2018-06-14 20:15:26 - [TEST_STEP][PASSED] - Statement - (count++): null

2018-06-14 20:15:26 - [TEST_STEP][PASSED] - Statement - If (count > 2): null

2018-06-14 20:15:26 - [TEST_STEP][PASSED] - Statement - txt = storesLabel.get(i).getText(): null

2018-06-14 20:15:26 - [TEST_STEP][PASSED] - Statement - index = i + 1: null

2018-06-14 20:15:26 - [TEST_STEP][PASSED] - Statement - matched = pattern.matcher(txt).matches(): null

2018-06-14 20:15:26 - [TEST_STEP][PASSED] - Statement - If (matched): null

2018-06-14 20:15:26 - [TEST_STEP][PASSED] - Statement - driver.findElement(org.openqa.selenium.By.xpath("(//ul[@class='unlinked-grouplist']/li/label)[" + index + "]")).click(): null

2018-06-14 20:15:26 - [TEST_STEP][PASSED] - Statement - (count++): null

2018-06-14 20:15:26 - [TEST_STEP][PASSED] - Statement - If (count > 2): null

2018-06-14 20:15:26 - [TEST_STEP][PASSED] - Statement - driver.findElement(org.openqa.selenium.By.xpath("//button[contains(text(),'>')]")).click(): null

2018-06-14 20:15:26 - [TEST_STEP][PASSED] - delay: Delayed 5 second(s)

2018-06-14 20:15:31 - [MESSAGE][PASSED] - Delayed 5 second(s)

2018-06-14 20:15:31 - [TEST_STEP][PASSED] - uiaction.CommonUIActions.click: uiaction.CommonUIActions.click is PASSED

2018-06-14 20:15:31 - [MESSAGE][PASSED] - uiaction.CommonUIActions.click is PASSED

2018-06-14 20:15:31 - [TEST_STEP][PASSED] - uiaction.CommonUIActions.click: uiaction.CommonUIActions.click is PASSED

2018-06-14 20:15:31 - [MESSAGE][PASSED] - uiaction.CommonUIActions.click is PASSED

2018-06-14 20:15:31 - [TEST_STEP][PASSED] - delay: Delayed 10 second(s)

2018-06-14 20:15:41 - [MESSAGE][PASSED] - Delayed 10 second(s)

2018-06-14 20:15:41 - [TEST_STEP][PASSED] - uiaction.CommonUIActions.back: uiaction.CommonUIActions.back is PASSED

2018-06-14 20:15:41 - [MESSAGE][PASSED] - Navigate back successfully

2018-06-14 20:15:41 - [MESSAGE][PASSED] - uiaction.CommonUIActions.back is PASSED

2018-06-14 20:15:41 - [TEST_STEP][PASSED] - delay: Delayed 5 second(s)

2018-06-14 20:15:46 - [MESSAGE][PASSED] - Delayed 5 second(s)

2018-06-14 20:15:46 - [TEST_STEP][PASSED] - uiaction.CommonUIActions.back: uiaction.CommonUIActions.back is PASSED

2018-06-14 20:15:46 - [MESSAGE][PASSED] - Navigate back successfully

2018-06-14 20:15:46 - [MESSAGE][PASSED] - uiaction.CommonUIActions.back is PASSED

2018-06-14 20:15:46 - [TEST_STEP][PASSED] - delay: Delayed 5 second(s)

2018-06-14 20:15:51 - [MESSAGE][PASSED] - Delayed 5 second(s)

2018-06-14 20:15:51 - [TEST_STEP][PASSED] - uiaction.CommonUIActions.click: uiaction.CommonUIActions.click is PASSED

2018-06-14 20:15:51 - [MESSAGE][PASSED] - uiaction.CommonUIActions.click is PASSED

2018-06-14 20:15:51 - [TEST_STEP][PASSED] - delay: Delayed 15 second(s)

2018-06-14 20:16:06 - [MESSAGE][PASSED] - Delayed 15 second(s)

2018-06-14 20:16:06 - [TEST_STEP][PASSED] - Statement - driver.findElement(org.openqa.selenium.By.xpath("//span[contains(text(),'" + grpName + "')]/../../../../span[1]")).click(): null

2018-06-14 20:16:07 - [TEST_STEP][PASSED] - delay: Delayed 10 second(s)

2018-06-14 20:16:17 - [MESSAGE][PASSED] - Delayed 10 second(s)

2018-06-14 20:16:17 - [TEST_STEP][PASSED] - Statement - driver.findElement(org.openqa.selenium.By.xpath("//span[contains(text(),'" + grpName + "')]/../../../../span[2]")).click(): null

2018-06-14 20:16:17 - [TEST_STEP][PASSED] - delay: Delayed 5 second(s)

2018-06-14 20:16:22 - [MESSAGE][PASSED] - Delayed 5 second(s)

2018-06-14 20:16:22 - [TEST_STEP][PASSED] - click: Object: 'Object Repository/ReportsPage/fromDateSelector' is clicked on

2018-06-14 20:16:22 - [MESSAGE][PASSED] - Object: 'Object Repository/ReportsPage/fromDateSelector' is clicked on

2018-06-14 20:16:22 - [TEST_STEP][PASSED] - delay: Delayed 5 second(s)

2018-06-14 20:16:27 - [MESSAGE][PASSED] - Delayed 5 second(s)

2018-06-14 20:16:27 - [TEST_STEP][PASSED] - Statement - monthText = com.kms.katalon.core.webui.keyword.WebUiBuiltInKeywords.getText(com.kms.katalon.core.testobject.ObjectRepository.findTestObject(ReportsPage/monthText)): Text of object 'Object Repository/ReportsPage/monthText' is: 'June 2018'

2018-06-14 20:16:27 - [MESSAGE][PASSED] - Text of object 'Object Repository/ReportsPage/monthText' is: 'June 2018'

2018-06-14 20:16:27 - [TEST_STEP][PASSED] - Statement - monthTextArray = monthText.split(" "): null

2018-06-14 20:16:27 - [TEST_STEP][PASSED] - Statement - month = monthTextArray[0]: null

2018-06-14 20:16:27 - [TEST_STEP][PASSED] - Statement - monthTextValue = CustomKeywords.projectSpecific.Reusability.getTestData("ReportsPage", "JanMonth"): projectSpecific.Reusability.getTestData is PASSED

2018-06-14 20:16:27 - [MESSAGE][PASSED] - projectSpecific.Reusability.getTestData is PASSED

2018-06-14 20:16:27 - [TEST_STEP][PASSED] - Statement - If (!(monthTextValue.equals(month))): null

2018-06-14 20:16:27 - [TEST_STEP][PASSED] - Statement - While (!(monthTextValue.equals(month))): null

2018-06-14 20:16:27 - [TEST_STEP][PASSED] - click: Object: 'Object Repository/ReportsPage/previousDateSelector' is clicked on

2018-06-14 20:16:27 - [MESSAGE][PASSED] - Object: 'Object Repository/ReportsPage/previousDateSelector' is clicked on

2018-06-14 20:16:27 - [TEST_STEP][PASSED] - Statement - monthText = com.kms.katalon.core.webui.keyword.WebUiBuiltInKeywords.getText(com.kms.katalon.core.testobject.ObjectRepository.findTestObject(ReportsPage/monthText)): Text of object 'Object Repository/ReportsPage/monthText' is: 'May 2018'

2018-06-14 20:16:27 - [MESSAGE][PASSED] - Text of object 'Object Repository/ReportsPage/monthText' is: 'May 2018'

2018-06-14 20:16:27 - [TEST_STEP][PASSED] - Statement - monthTextArray = monthText.split(" "): null

2018-06-14 20:16:27 - [TEST_STEP][PASSED] - Statement - month = monthTextArray[0]: null

2018-06-14 20:16:27 - [TEST_STEP][PASSED] - click: Object: 'Object Repository/ReportsPage/previousDateSelector' is clicked on

2018-06-14 20:16:27 - [MESSAGE][PASSED] - Object: 'Object Repository/ReportsPage/previousDateSelector' is clicked on

2018-06-14 20:16:27 - [TEST_STEP][PASSED] - Statement - monthText = com.kms.katalon.core.webui.keyword.WebUiBuiltInKeywords.getText(com.kms.katalon.core.testobject.ObjectRepository.findTestObject(ReportsPage/monthText)): Text of object 'Object Repository/ReportsPage/monthText' is: 'April 2018'

2018-06-14 20:16:27 - [MESSAGE][PASSED] - Text of object 'Object Repository/ReportsPage/monthText' is: 'April 2018'

2018-06-14 20:16:27 - [TEST_STEP][PASSED] - Statement - monthTextArray = monthText.split(" "): null

2018-06-14 20:16:27 - [TEST_STEP][PASSED] - Statement - month = monthTextArray[0]: null

2018-06-14 20:16:27 - [TEST_STEP][PASSED] - click: Object: 'Object Repository/ReportsPage/previousDateSelector' is clicked on

2018-06-14 20:16:27 - [MESSAGE][PASSED] - Object: 'Object Repository/ReportsPage/previousDateSelector' is clicked on

2018-06-14 20:16:27 - [TEST_STEP][PASSED] - Statement - monthText = com.kms.katalon.core.webui.keyword.WebUiBuiltInKeywords.getText(com.kms.katalon.core.testobject.ObjectRepository.findTestObject(ReportsPage/monthText)): Text of object 'Object Repository/ReportsPage/monthText' is: 'March 2018'

2018-06-14 20:16:27 - [MESSAGE][PASSED] - Text of object 'Object Repository/ReportsPage/monthText' is: 'March 2018'

2018-06-14 20:16:27 - [TEST_STEP][PASSED] - Statement - monthTextArray = monthText.split(" "): null

2018-06-14 20:16:27 - [TEST_STEP][PASSED] - Statement - month = monthTextArray[0]: null

2018-06-14 20:16:27 - [TEST_STEP][PASSED] - click: Object: 'Object Repository/ReportsPage/previousDateSelector' is clicked on

2018-06-14 20:16:27 - [MESSAGE][PASSED] - Object: 'Object Repository/ReportsPage/previousDateSelector' is clicked on

2018-06-14 20:16:27 - [TEST_STEP][PASSED] - Statement - monthText = com.kms.katalon.core.webui.keyword.WebUiBuiltInKeywords.getText(com.kms.katalon.core.testobject.ObjectRepository.findTestObject(ReportsPage/monthText)): Text of object 'Object Repository/ReportsPage/monthText' is: 'February 2018'

2018-06-14 20:16:27 - [MESSAGE][PASSED] - Text of object 'Object Repository/ReportsPage/monthText' is: 'February 2018'

2018-06-14 20:16:27 - [TEST_STEP][PASSED] - Statement - monthTextArray = monthText.split(" "): null

2018-06-14 20:16:27 - [TEST_STEP][PASSED] - Statement - month = monthTextArray[0]: null

2018-06-14 20:16:27 - [TEST_STEP][PASSED] - click: Object: 'Object Repository/ReportsPage/previousDateSelector' is clicked on

2018-06-14 20:16:27 - [MESSAGE][PASSED] - Object: 'Object Repository/ReportsPage/previousDateSelector' is clicked on

2018-06-14 20:16:27 - [TEST_STEP][PASSED] - Statement - monthText = com.kms.katalon.core.webui.keyword.WebUiBuiltInKeywords.getText(com.kms.katalon.core.testobject.ObjectRepository.findTestObject(ReportsPage/monthText)): Text of object 'Object Repository/ReportsPage/monthText' is: 'January 2018'

2018-06-14 20:16:27 - [MESSAGE][PASSED] - Text of object 'Object Repository/ReportsPage/monthText' is: 'January 2018'

2018-06-14 20:16:27 - [TEST_STEP][PASSED] - Statement - monthTextArray = monthText.split(" "): null

2018-06-14 20:16:27 - [TEST_STEP][PASSED] - Statement - month = monthTextArray[0]: null

2018-06-14 20:16:27 - [TEST_STEP][PASSED] - Statement - data = CustomKeywords.projectSpecific.Reusability.getTestData("ReportsPage", "StartDate"): projectSpecific.Reusability.getTestData is PASSED

2018-06-14 20:16:27 - [MESSAGE][PASSED] - projectSpecific.Reusability.getTestData is PASSED

2018-06-14 20:16:27 - [TEST_STEP][PASSED] - Statement - startDate = "(//td[text()='" + data + "'])[1]": null

2018-06-14 20:16:27 - [TEST_STEP][PASSED] - Statement - println(startDate): null

2018-06-14 20:16:27 - [TEST_STEP][PASSED] - Statement - startdateEle = driver.findElement(org.openqa.selenium.By.xpath(startDate)): null

2018-06-14 20:16:27 - [TEST_STEP][PASSED] - Statement - startdateEle.click(): null

2018-06-14 20:16:27 - [TEST_STEP][PASSED] - delay: Delayed 10 second(s)

2018-06-14 20:16:37 - [MESSAGE][PASSED] - Delayed 10 second(s)

2018-06-14 20:16:37 - [TEST_STEP][PASSED] - click: Object: 'Object Repository/ReportsPage/toDateSelector' is clicked on

2018-06-14 20:16:37 - [MESSAGE][PASSED] - Object: 'Object Repository/ReportsPage/toDateSelector' is clicked on

2018-06-14 20:16:37 - [TEST_STEP][PASSED] - Statement - monthText = com.kms.katalon.core.webui.keyword.WebUiBuiltInKeywords.getText(com.kms.katalon.core.testobject.ObjectRepository.findTestObject(ReportsPage/monthText2)): Text of object 'Object Repository/ReportsPage/monthText2' is: 'June 2018'

2018-06-14 20:16:37 - [MESSAGE][PASSED] - Text of object 'Object Repository/ReportsPage/monthText2' is: 'June 2018'

2018-06-14 20:16:37 - [TEST_STEP][PASSED] - Statement - monthTextArray = monthText.split(" "): null

2018-06-14 20:16:37 - [TEST_STEP][PASSED] - Statement - month = monthTextArray[0]: null

2018-06-14 20:16:37 - [TEST_STEP][PASSED] - Statement - monthTextValue1 = CustomKeywords.projectSpecific.Reusability.getTestData("ReportsPage", "Month_april"): projectSpecific.Reusability.getTestData is PASSED

2018-06-14 20:16:37 - [MESSAGE][PASSED] - projectSpecific.Reusability.getTestData is PASSED

2018-06-14 20:16:37 - [TEST_STEP][PASSED] - Statement - If (!(monthTextValue1.equals(month))): null

2018-06-14 20:16:37 - [TEST_STEP][PASSED] - Statement - While (!(monthTextValue1.equals(month))): null

2018-06-14 20:16:37 - [TEST_STEP][PASSED] - click: Object: 'Object Repository/ReportsPage/previousDateSelector2' is clicked on

2018-06-14 20:16:37 - [MESSAGE][PASSED] - Object: 'Object Repository/ReportsPage/previousDateSelector2' is clicked on

2018-06-14 20:16:37 - [TEST_STEP][PASSED] - Statement - monthText = com.kms.katalon.core.webui.keyword.WebUiBuiltInKeywords.getText(com.kms.katalon.core.testobject.ObjectRepository.findTestObject(ReportsPage/monthText2)): Text of object 'Object Repository/ReportsPage/monthText2' is: 'May 2018'

2018-06-14 20:16:37 - [MESSAGE][PASSED] - Text of object 'Object Repository/ReportsPage/monthText2' is: 'May 2018'

2018-06-14 20:16:37 - [TEST_STEP][PASSED] - Statement - monthTextArray = monthText.split(" "): null

2018-06-14 20:16:37 - [TEST_STEP][PASSED] - Statement - month = monthTextArray[0]: null

2018-06-14 20:16:37 - [TEST_STEP][PASSED] - click: Object: 'Object Repository/ReportsPage/previousDateSelector2' is clicked on

2018-06-14 20:16:37 - [MESSAGE][PASSED] - Object: 'Object Repository/ReportsPage/previousDateSelector2' is clicked on

2018-06-14 20:16:37 - [TEST_STEP][PASSED] - Statement - monthText = com.kms.katalon.core.webui.keyword.WebUiBuiltInKeywords.getText(com.kms.katalon.core.testobject.ObjectRepository.findTestObject(ReportsPage/monthText2)): Text of object 'Object Repository/ReportsPage/monthText2' is: 'April 2018'

2018-06-14 20:16:37 - [MESSAGE][PASSED] - Text of object 'Object Repository/ReportsPage/monthText2' is: 'April 2018'

2018-06-14 20:16:37 - [TEST_STEP][PASSED] - Statement - monthTextArray = monthText.split(" "): null

2018-06-14 20:16:37 - [TEST_STEP][PASSED] - Statement - month = monthTextArray[0]: null

2018-06-14 20:16:37 - [TEST_STEP][PASSED] - Statement - endDate = CustomKeywords.projectSpecific.Reusability.getTestData("ReportsPage", "endDate7"): projectSpecific.Reusability.getTestData is PASSED

2018-06-14 20:16:37 - [MESSAGE][PASSED] - projectSpecific.Reusability.getTestData is PASSED

2018-06-14 20:16:37 - [TEST_STEP][PASSED] - Statement - toDate = "(//div[@class='rdt date-time rdtOpen']/div[@class='rdtPicker']/div/table/tbody/tr/td[text()='" + endDate + "'])[1]": null

2018-06-14 20:16:37 - [TEST_STEP][PASSED] - Statement - println(toDate): null

2018-06-14 20:16:37 - [TEST_STEP][PASSED] - Statement - toDateEle = driver.findElement(org.openqa.selenium.By.xpath(toDate)): null

2018-06-14 20:16:37 - [TEST_STEP][PASSED] - Statement - toDateEle.click(): null

2018-06-14 20:16:38 - [TEST_STEP][PASSED] - delay: Delayed 5 second(s)

2018-06-14 20:16:43 - [MESSAGE][PASSED] - Delayed 5 second(s)

2018-06-14 20:16:43 - [TEST_STEP][PASSED] - Statement - dateAttr = com.kms.katalon.core.webui.keyword.WebUiBuiltInKeywords.getAttribute(com.kms.katalon.core.testobject.ObjectRepository.findTestObject(ReportsPage/selectedDate1), "value"): Attribute 'value' of object 'Object Repository/ReportsPage/selectedDate1' is: '01/01/2018'

2018-06-14 20:16:43 - [MESSAGE][PASSED] - Attribute 'value' of object 'Object Repository/ReportsPage/selectedDate1' is: '01/01/2018'

2018-06-14 20:16:43 - [TEST_STEP][PASSED] - Statement - fromDateValue = CustomKeywords.projectSpecific.Reusability.getTestData("ReportsPage", "fromDate_January1"): projectSpecific.Reusability.getTestData is PASSED

2018-06-14 20:16:43 - [MESSAGE][PASSED] - projectSpecific.Reusability.getTestData is PASSED

2018-06-14 20:16:43 - [TEST_STEP][PASSED] - Statement - If (!(dateAttr.equals(fromDateValue))): null

2018-06-14 20:16:43 - [TEST_STEP][PASSED] - Statement - dateAttr = com.kms.katalon.core.webui.keyword.WebUiBuiltInKeywords.getAttribute(com.kms.katalon.core.testobject.ObjectRepository.findTestObject(ReportsPage/selectedDate2), "value"): Attribute 'value' of object 'Object Repository/ReportsPage/selectedDate2' is: '04/23/2018'

2018-06-14 20:16:43 - [MESSAGE][PASSED] - Attribute 'value' of object 'Object Repository/ReportsPage/selectedDate2' is: '04/23/2018'

2018-06-14 20:16:43 - [TEST_STEP][PASSED] - Statement - toDateValue = CustomKeywords.projectSpecific.Reusability.getTestData("ReportsPage", "toDate8"): projectSpecific.Reusability.getTestData is PASSED

2018-06-14 20:16:43 - [MESSAGE][PASSED] - projectSpecific.Reusability.getTestData is PASSED

2018-06-14 20:16:43 - [TEST_STEP][PASSED] - Statement - If (!(dateAttr.equals(toDateValue))): null

2018-06-14 20:16:43 - [TEST_STEP][PASSED] - verifyElementText: Actual text and expected text of test object 'Object Repository/ReportsPage/includeText' are matched.

2018-06-14 20:16:43 - [MESSAGE][PASSED] - projectSpecific.Reusability.getTestData is PASSED

2018-06-14 20:16:43 - [MESSAGE][PASSED] - Actual text and expected text of test object 'Object Repository/ReportsPage/includeText' are matched.

2018-06-14 20:16:43 - [TEST_STEP][PASSED] - verifyElementText: Actual text and expected text of test object 'Object Repository/ReportsPage/formatText' are matched.

2018-06-14 20:16:43 - [MESSAGE][PASSED] - projectSpecific.Reusability.getTestData is PASSED

2018-06-14 20:16:43 - [MESSAGE][PASSED] - Actual text and expected text of test object 'Object Repository/ReportsPage/formatText' are matched.

2018-06-14 20:16:43 - [TEST_STEP][PASSED] - uiaction.CommonUIActions.click: uiaction.CommonUIActions.click is PASSED

2018-06-14 20:16:43 - [MESSAGE][PASSED] - uiaction.CommonUIActions.click is PASSED

2018-06-14 20:16:43 - [TEST_STEP][PASSED] - uiaction.CommonUIActions.click: uiaction.CommonUIActions.click is PASSED

2018-06-14 20:16:43 - [MESSAGE][PASSED] - uiaction.CommonUIActions.click is PASSED

2018-06-14 20:16:43 - [TEST_STEP][PASSED] - delay: Delayed 5 second(s)

2018-06-14 20:16:48 - [MESSAGE][PASSED] - Delayed 5 second(s)

2018-06-14 20:16:48 - [TEST_STEP][PASSED] - uiaction.CommonUIActions.click: uiaction.CommonUIActions.click is PASSED

2018-06-14 20:16:48 - [MESSAGE][PASSED] - uiaction.CommonUIActions.click is PASSED

2018-06-14 20:16:48 - [TEST_STEP][PASSED] - Statement - opencheckbox = CustomKeywords.uiaction.CommonUIActions.isEnabled(com.kms.katalon.core.testobject.ObjectRepository.findTestObject(ReportsPage/Report_opencheckbox)): uiaction.CommonUIActions.isEnabled is PASSED

2018-06-14 20:16:48 - [MESSAGE][PASSED] - uiaction.CommonUIActions.isEnabled is PASSED

2018-06-14 20:16:48 - [TEST_STEP][PASSED] - Statement - If (!(opencheckbox)): null

2018-06-14 20:16:48 - [TEST_STEP][PASSED] - Statement - out.println("Open checkbox is checked by default"): null

2018-06-14 20:16:48 - [TEST_STEP][PASSED] - Statement - closecheckbox = CustomKeywords.uiaction.CommonUIActions.isEnabled(com.kms.katalon.core.testobject.ObjectRepository.findTestObject(ReportsPage/Report_closecheckbox)): uiaction.CommonUIActions.isEnabled is PASSED

2018-06-14 20:16:48 - [MESSAGE][PASSED] - uiaction.CommonUIActions.isEnabled is PASSED

2018-06-14 20:16:48 - [TEST_STEP][PASSED] - Statement - If (!(closecheckbox)): null

2018-06-14 20:16:48 - [TEST_STEP][PASSED] - Statement - out.println("Close checkbox is checked by default"): null

2018-06-14 20:16:48 - [TEST_STEP][PASSED] - uiaction.CommonUIActions.click: uiaction.CommonUIActions.click is PASSED

2018-06-14 20:16:48 - [MESSAGE][PASSED] - uiaction.CommonUIActions.click is PASSED

2018-06-14 20:16:48 - [TEST_STEP][PASSED] - uiaction.CommonUIActions.click: uiaction.CommonUIActions.click is PASSED

2018-06-14 20:16:48 - [MESSAGE][PASSED] - uiaction.CommonUIActions.click is PASSED

2018-06-14 20:16:48 - [TEST_STEP][PASSED] - verifyElementPresent: Object 'Object Repository/ReportsPage/advancedoption_am' is present

2018-06-14 20:16:48 - [MESSAGE][PASSED] - Object 'Object Repository/ReportsPage/advancedoption_am' is present

2018-06-14 20:16:48 - [TEST_STEP][PASSED] - verifyElementPresent: Object 'Object Repository/ReportsPage/advanceoptions_pm' is present

2018-06-14 20:16:48 - [MESSAGE][PASSED] - Object 'Object Repository/ReportsPage/advanceoptions_pm' is present

2018-06-14 20:16:48 - [TEST_STEP][PASSED] - Statement - open_am = CustomKeywords.uiaction.CommonUIActions.isEnabled(com.kms.katalon.core.testobject.ObjectRepository.findTestObject(ReportsPage/advancedoption_am)): uiaction.CommonUIActions.isEnabled is PASSED

2018-06-14 20:16:48 - [MESSAGE][PASSED] - uiaction.CommonUIActions.isEnabled is PASSED

2018-06-14 20:16:48 - [TEST_STEP][PASSED] - Statement - If (open_am): null

2018-06-14 20:16:48 - [TEST_STEP][PASSED] - Statement - out.println("AM Drop down boxes  enabled"): null

2018-06-14 20:16:48 - [TEST_STEP][PASSED] - Statement - open_pm = CustomKeywords.uiaction.CommonUIActions.isEnabled(com.kms.katalon.core.testobject.ObjectRepository.findTestObject(ReportsPage/advanceoptions_pm)): uiaction.CommonUIActions.isEnabled is PASSED

2018-06-14 20:16:48 - [MESSAGE][PASSED] - uiaction.CommonUIActions.isEnabled is PASSED

2018-06-14 20:16:48 - [TEST_STEP][PASSED] - Statement - If (open_pm): null

2018-06-14 20:16:48 - [TEST_STEP][PASSED] - Statement - out.println("PM Drop down boxes  enabled"): null

2018-06-14 20:16:48 - [TEST_STEP][PASSED] - delay: Delayed 10 second(s)

2018-06-14 20:16:58 - [MESSAGE][PASSED] - Delayed 10 second(s)

2018-06-14 20:16:58 - [TEST_STEP][PASSED] - uiaction.CommonUIActions.click: uiaction.CommonUIActions.click is PASSED

2018-06-14 20:16:58 - [MESSAGE][PASSED] - uiaction.CommonUIActions.click is PASSED

2018-06-14 20:16:58 - [TEST_STEP][PASSED] - uiaction.CommonUIActions.enter: uiaction.CommonUIActions.enter is PASSED

2018-06-14 20:16:58 - [MESSAGE][PASSED] - uiaction.CommonUIActions.enter is PASSED

2018-06-14 20:16:58 - [TEST_STEP][PASSED] - uiaction.CommonUIActions.click: uiaction.CommonUIActions.click is PASSED

2018-06-14 20:16:58 - [MESSAGE][PASSED] - uiaction.CommonUIActions.click is PASSED

2018-06-14 20:16:58 - [TEST_STEP][PASSED] - delay: Delayed 10 second(s)

2018-06-14 20:17:08 - [MESSAGE][PASSED] - Delayed 10 second(s)

2018-06-14 20:17:08 - [TEST_STEP][PASSED] - uiaction.CommonUIActions.click: uiaction.CommonUIActions.click is PASSED

2018-06-14 20:17:09 - [MESSAGE][PASSED] - uiaction.CommonUIActions.click is PASSED

2018-06-14 20:17:09 - [TEST_STEP][PASSED] - uiaction.CommonUIActions.click: uiaction.CommonUIActions.click is PASSED

2018-06-14 20:17:09 - [MESSAGE][PASSED] - uiaction.CommonUIActions.click is PASSED

2018-06-14 20:17:09 - [TEST_STEP][PASSED] - verifyElementPresent: Object 'Object Repository/ReportsPage/advancedoption_am' is present

2018-06-14 20:17:09 - [MESSAGE][PASSED] - Object 'Object Repository/ReportsPage/advancedoption_am' is present

2018-06-14 20:17:09 - [TEST_STEP][PASSED] - verifyElementPresent: Object 'Object Repository/ReportsPage/advanceoptions_pm' is present

2018-06-14 20:17:09 - [MESSAGE][PASSED] - Object 'Object Repository/ReportsPage/advanceoptions_pm' is present

2018-06-14 20:17:09 - [TEST_STEP][PASSED] - Statement - close_am = CustomKeywords.uiaction.CommonUIActions.isEnabled(com.kms.katalon.core.testobject.ObjectRepository.findTestObject(ReportsPage/advancedoption_am)): uiaction.CommonUIActions.isEnabled is PASSED

2018-06-14 20:17:09 - [MESSAGE][PASSED] - uiaction.CommonUIActions.isEnabled is PASSED

2018-06-14 20:17:09 - [TEST_STEP][PASSED] - Statement - If (close_am): null

2018-06-14 20:17:09 - [TEST_STEP][PASSED] - Statement - out.println("AM Drop down boxes  enabled"): null

2018-06-14 20:17:09 - [TEST_STEP][PASSED] - Statement - close_pm = CustomKeywords.uiaction.CommonUIActions.isEnabled(com.kms.katalon.core.testobject.ObjectRepository.findTestObject(ReportsPage/advanceoptions_pm)): uiaction.CommonUIActions.isEnabled is PASSED

2018-06-14 20:17:09 - [MESSAGE][PASSED] - uiaction.CommonUIActions.isEnabled is PASSED

2018-06-14 20:17:09 - [TEST_STEP][PASSED] - Statement - If (close_pm): null

2018-06-14 20:17:09 - [TEST_STEP][PASSED] - Statement - out.println("PM Drop down boxes  enabled"): null

2018-06-14 20:17:09 - [TEST_STEP][PASSED] - delay: Delayed 10 second(s)

2018-06-14 20:17:19 - [MESSAGE][PASSED] - Delayed 10 second(s)

2018-06-14 20:17:19 - [TEST_STEP][PASSED] - uiaction.CommonUIActions.click: uiaction.CommonUIActions.click is PASSED

2018-06-14 20:17:19 - [MESSAGE][PASSED] - uiaction.CommonUIActions.click is PASSED

2018-06-14 20:17:19 - [TEST_STEP][PASSED] - uiaction.CommonUIActions.enter: uiaction.CommonUIActions.enter is PASSED

2018-06-14 20:17:19 - [MESSAGE][PASSED] - uiaction.CommonUIActions.enter is PASSED

2018-06-14 20:17:19 - [TEST_STEP][PASSED] - uiaction.CommonUIActions.click: uiaction.CommonUIActions.click is PASSED

2018-06-14 20:17:19 - [MESSAGE][PASSED] - uiaction.CommonUIActions.click is PASSED

2018-06-14 20:17:19 - [TEST_STEP][PASSED] - delay: Delayed 10 second(s)

2018-06-14 20:17:29 - [MESSAGE][PASSED] - Delayed 10 second(s)

2018-06-14 20:17:29 - [TEST_STEP][PASSED] - uiaction.CommonUIActions.click: uiaction.CommonUIActions.click is PASSED

2018-06-14 20:17:29 - [MESSAGE][PASSED] - uiaction.CommonUIActions.click is PASSED

2018-06-14 20:17:29 - [TEST_STEP][PASSED] - uiaction.CommonUIActions.click: uiaction.CommonUIActions.click is PASSED

2018-06-14 20:17:29 - [MESSAGE][PASSED] - uiaction.CommonUIActions.click is PASSED

2018-06-14 20:17:29 - [TEST_STEP][PASSED] - click: Object: 'Object Repository/ReportsPage/generateReport' is clicked on

2018-06-14 20:17:29 - [MESSAGE][PASSED] - Object: 'Object Repository/ReportsPage/generateReport' is clicked on

2018-06-14 20:17:29 - [TEST_STEP][PASSED] - delay: Delayed 15 second(s)

2018-06-14 20:17:44 - [MESSAGE][PASSED] - Delayed 15 second(s)

2018-06-14 20:17:44 - [TEST_STEP][PASSED] - Statement - errMessage = CustomKeywords.uiaction.CommonUIActions.getText(com.kms.katalon.core.testobject.ObjectRepository.findTestObject(ReportsPage/report_failure_alertmsg)): uiaction.CommonUIActions.getText is PASSED

2018-06-14 20:17:44 - [MESSAGE][PASSED] - uiaction.CommonUIActions.getText is PASSED

2018-06-14 20:17:44 - [TEST_STEP][PASSED] - Statement - errMsgText = CustomKeywords.projectSpecific.Reusability.getTestData("ReportsPage", "errorMsgAdvancedOptionSelection"): projectSpecific.Reusability.getTestData is PASSED

2018-06-14 20:17:44 - [MESSAGE][PASSED] - projectSpecific.Reusability.getTestData is PASSED

2018-06-14 20:17:44 - [TEST_STEP][PASSED] - verifyMatch: Actual text 'Date range invalid. For Advanced Options Reports select any 3 month period.' and expected text 'Date range invalid. For Advanced Options Reports select any 3 month period.' are matched 

2018-06-14 20:17:44 - [MESSAGE][PASSED] - Actual text 'Date range invalid. For Advanced Options Reports select any 3 month period.' and expected text 'Date range invalid. For Advanced Options Reports select any 3 month period.' are matched 

2018-06-14 20:17:44 - [TEST_STEP][FAILED] - Statement - If (errMessage == errMsgText): null

2018-06-14 20:17:44 - [TEST_STEP][PASSED] - delay: Delayed 10 second(s)

2018-06-14 20:17:54 - [MESSAGE][PASSED] - Delayed 10 second(s)

2018-06-14 20:17:54 - [TEST_STEP][PASSED] - click: Object: 'Object Repository/ReportsPage/toDateSelector' is clicked on

2018-06-14 20:17:54 - [MESSAGE][PASSED] - Object: 'Object Repository/ReportsPage/toDateSelector' is clicked on

2018-06-14 20:17:54 - [TEST_STEP][PASSED] - Statement - monthText = com.kms.katalon.core.webui.keyword.WebUiBuiltInKeywords.getText(com.kms.katalon.core.testobject.ObjectRepository.findTestObject(ReportsPage/monthText2)): Text of object 'Object Repository/ReportsPage/monthText2' is: 'April 2018'

2018-06-14 20:17:54 - [MESSAGE][PASSED] - Text of object 'Object Repository/ReportsPage/monthText2' is: 'April 2018'

2018-06-14 20:17:54 - [TEST_STEP][PASSED] - Statement - monthTextArray = monthText.split(" "): null

2018-06-14 20:17:54 - [TEST_STEP][PASSED] - Statement - month = monthTextArray[0]: null

2018-06-14 20:17:54 - [TEST_STEP][PASSED] - Statement - monthTextValue1 = CustomKeywords.projectSpecific.Reusability.getTestData("ReportsPage", "Month"): projectSpecific.Reusability.getTestData is PASSED

2018-06-14 20:17:54 - [MESSAGE][PASSED] - projectSpecific.Reusability.getTestData is PASSED

2018-06-14 20:17:54 - [TEST_STEP][PASSED] - Statement - If (!(monthTextValue1.equals(month))): null

2018-06-14 20:17:54 - [TEST_STEP][PASSED] - Statement - While (!(monthTextValue1.equals(month))): null

2018-06-14 20:17:54 - [TEST_STEP][PASSED] - click: Object: 'Object Repository/ReportsPage/previousDateSelector2' is clicked on

2018-06-14 20:17:54 - [MESSAGE][PASSED] - Object: 'Object Repository/ReportsPage/previousDateSelector2' is clicked on

2018-06-14 20:17:54 - [TEST_STEP][PASSED] - Statement - monthText = com.kms.katalon.core.webui.keyword.WebUiBuiltInKeywords.getText(com.kms.katalon.core.testobject.ObjectRepository.findTestObject(ReportsPage/monthText2)): Text of object 'Object Repository/ReportsPage/monthText2' is: 'March 2018'

2018-06-14 20:17:54 - [MESSAGE][PASSED] - Text of object 'Object Repository/ReportsPage/monthText2' is: 'March 2018'

2018-06-14 20:17:54 - [TEST_STEP][PASSED] - Statement - monthTextArray = monthText.split(" "): null

2018-06-14 20:17:54 - [TEST_STEP][PASSED] - Statement - month = monthTextArray[0]: null

2018-06-14 20:17:54 - [TEST_STEP][PASSED] - Statement - endDate = CustomKeywords.projectSpecific.Reusability.getTestData("ReportsPage", "StartDate"): projectSpecific.Reusability.getTestData is PASSED

2018-06-14 20:17:54 - [MESSAGE][PASSED] - projectSpecific.Reusability.getTestData is PASSED

2018-06-14 20:17:54 - [TEST_STEP][PASSED] - Statement - toDate = "(//div[@class='rdt date-time rdtOpen']/div[@class='rdtPicker']/div/table/tbody/tr/td[text()='" + endDate + "'])[1]": null

2018-06-14 20:17:54 - [TEST_STEP][PASSED] - Statement - toDateEle = driver.findElement(org.openqa.selenium.By.xpath(toDate)): null

2018-06-14 20:17:54 - [TEST_STEP][PASSED] - Statement - toDateEle.click(): null

2018-06-14 20:17:54 - [TEST_STEP][PASSED] - delay: Delayed 5 second(s)

2018-06-14 20:17:59 - [MESSAGE][PASSED] - Delayed 5 second(s)

2018-06-14 20:17:59 - [TEST_STEP][PASSED] - Statement - dateAttr = com.kms.katalon.core.webui.keyword.WebUiBuiltInKeywords.getAttribute(com.kms.katalon.core.testobject.ObjectRepository.findTestObject(ReportsPage/selectedDate1), "value"): Attribute 'value' of object 'Object Repository/ReportsPage/selectedDate1' is: '01/01/2018'

2018-06-14 20:18:00 - [MESSAGE][PASSED] - Attribute 'value' of object 'Object Repository/ReportsPage/selectedDate1' is: '01/01/2018'

2018-06-14 20:18:00 - [TEST_STEP][PASSED] - Statement - fromDateValue = CustomKeywords.projectSpecific.Reusability.getTestData("ReportsPage", "fromDateJan"): projectSpecific.Reusability.getTestData is PASSED

2018-06-14 20:18:00 - [MESSAGE][PASSED] - projectSpecific.Reusability.getTestData is PASSED

2018-06-14 20:18:00 - [TEST_STEP][PASSED] - Statement - If (!(dateAttr.equals(fromDateValue))): null

2018-06-14 20:18:00 - [TEST_STEP][PASSED] - Statement - dateAttr = com.kms.katalon.core.webui.keyword.WebUiBuiltInKeywords.getAttribute(com.kms.katalon.core.testobject.ObjectRepository.findTestObject(ReportsPage/selectedDate2), "value"): Attribute 'value' of object 'Object Repository/ReportsPage/selectedDate2' is: '03/01/2018'

2018-06-14 20:18:00 - [MESSAGE][PASSED] - Attribute 'value' of object 'Object Repository/ReportsPage/selectedDate2' is: '03/01/2018'

2018-06-14 20:18:00 - [TEST_STEP][PASSED] - Statement - toDateValue = CustomKeywords.projectSpecific.Reusability.getTestData("ReportsPage", "fromDate"): projectSpecific.Reusability.getTestData is PASSED

2018-06-14 20:18:00 - [MESSAGE][PASSED] - projectSpecific.Reusability.getTestData is PASSED

2018-06-14 20:18:00 - [TEST_STEP][PASSED] - Statement - If (!(dateAttr.equals(toDateValue))): null

2018-06-14 20:18:00 - [TEST_STEP][PASSED] - delay: Delayed 5 second(s)

2018-06-14 20:18:05 - [MESSAGE][PASSED] - Delayed 5 second(s)

2018-06-14 20:18:05 - [TEST_STEP][PASSED] - click: Object: 'Object Repository/ReportsPage/generateReport' is clicked on

2018-06-14 20:18:05 - [MESSAGE][PASSED] - Object: 'Object Repository/ReportsPage/generateReport' is clicked on

2018-06-14 20:18:05 - [TEST_STEP][PASSED] - delay: Delayed 15 second(s)

2018-06-14 20:18:20 - [MESSAGE][PASSED] - Delayed 15 second(s)

2018-06-14 20:18:20 - [TEST_STEP][PASSED] - Statement - confirmationText = CustomKeywords.projectSpecific.Reusability.getTestData("SummarizedReportPage", "confirmationText1"): projectSpecific.Reusability.getTestData is PASSED

2018-06-14 20:18:20 - [MESSAGE][PASSED] - projectSpecific.Reusability.getTestData is PASSED

2018-06-14 20:18:20 - [TEST_STEP][PASSED] - Statement - actualconfirmationText = CustomKeywords.uiaction.CommonUIActions.getText(com.kms.katalon.core.testobject.ObjectRepository.findTestObject(SummarizedReportPage/emailConfirmation)): uiaction.CommonUIActions.getText is PASSED

2018-06-14 20:18:40 - [MESSAGE][PASSED] - uiaction.CommonUIActions.getText is PASSED

2018-06-14 20:18:40 - [TEST_STEP][FAILED] - Statement - confirm = com.kms.katalon.core.webui.keyword.WebUiBuiltInKeywords.verifyMatch(confirmationText, actualconfirmationText, false): Unable to verify match between actual text 'Please check your email. Your Report has been sent to selvendrank@nousinfo.com.' and expected text 'Web element with id: 'Object Repository/SummarizedReportPage/emailConfirmation' located by 'By.xpath: //div[@class='appr']/h4' not found' (Root cause: Actual text 'Please check your email. Your Report has been sent to selvendrank@nousinfo.com.' and expected text 'Web element with id: 'Object Repository/SummarizedReportPage/emailConfirmation' located by 'By.xpath: //div[@class='appr']/h4' not found' are not matched)

2018-06-14 20:18:40 - [MESSAGE][FAILED] - Unable to verify match between actual text 'Please check your email. Your Report has been sent to selvendrank@nousinfo.com.' and expected text 'Web element with id: 'Object Repository/SummarizedReportPage/emailConfirmation' located by 'By.xpath: //div[@class='appr']/h4' not found' (Root cause: Actual text 'Please check your email. Your Report has been sent to selvendrank@nousinfo.com.' and expected text 'Web element with id: 'Object Repository/SummarizedReportPage/emailConfirmation' located by 'By.xpath: //div[@class='appr']/h4' not found' are not matched)

2018-06-14 20:18:40 - [TEST_STEP][PASSED] - Statement - If (confirm): null

2018-06-14 20:18:40 - [TEST_STEP][PASSED] - Statement - Else: null

2018-06-14 20:18:40 - [TEST_STEP][PASSED] - Statement - If (TCflag): null

2018-06-14 20:18:40 - [TEST_STEP][PASSED] - Statement - out.println("Email Verification not received"): null

2018-06-14 20:18:40 - [TEST_STEP][PASSED] - delay: Delayed 10 second(s)

2018-06-14 20:18:50 - [MESSAGE][PASSED] - Delayed 10 second(s)

2018-06-14 20:18:50 - [TEST_STEP][PASSED] - uiaction.CommonUIActions.click: uiaction.CommonUIActions.click is PASSED

2018-06-14 20:18:53 - [MESSAGE][PASSED] - uiaction.CommonUIActions.click is PASSED

2018-06-14 20:18:53 - [TEST_STEP][PASSED] - delay: Delayed 10 second(s)

2018-06-14 20:19:03 - [MESSAGE][PASSED] - Delayed 10 second(s)

2018-06-14 20:19:03 - [TEST_STEP][PASSED] - uiaction.CommonUIActions.click: uiaction.CommonUIActions.click is PASSED

2018-06-14 20:19:14 - [MESSAGE][PASSED] - uiaction.CommonUIActions.click is PASSED

2018-06-14 20:19:14 - [TEST_STEP][PASSED] - delay: Delayed 10 second(s)

2018-06-14 20:19:24 - [MESSAGE][PASSED] - Delayed 10 second(s)

2018-06-14 20:19:24 - [TEST_STEP][PASSED] - uiaction.CommonUIActions.click: uiaction.CommonUIActions.click is PASSED

2018-06-14 20:19:25 - [MESSAGE][PASSED] - uiaction.CommonUIActions.click is PASSED

2018-06-14 20:19:25 - [TEST_STEP][PASSED] - delay: Delayed 10 second(s)

2018-06-14 20:19:35 - [MESSAGE][PASSED] - Delayed 10 second(s)

2018-06-14 20:19:35 - [TEST_STEP][PASSED] - Statement - groupLink = "//span[text()='" + grpName + "']": null

2018-06-14 20:19:35 - [TEST_STEP][PASSED] - Statement - driver.findElement(org.openqa.selenium.By.xpath(groupLink)).click(): null

2018-06-14 20:19:35 - [TEST_STEP][PASSED] - delay: Delayed 10 second(s)

2018-06-14 20:19:45 - [MESSAGE][PASSED] - Delayed 10 second(s)

2018-06-14 20:19:45 - [TEST_STEP][PASSED] - uiaction.CommonUIActions.click: uiaction.CommonUIActions.click is PASSED

2018-06-14 20:19:45 - [MESSAGE][PASSED] - uiaction.CommonUIActions.click is PASSED

2018-06-14 20:19:45 - [TEST_STEP][PASSED] - delay: Delayed 10 second(s)

2018-06-14 20:19:55 - [MESSAGE][PASSED] - Delayed 10 second(s)

2018-06-14 20:19:55 - [TEST_STEP][PASSED] - uiaction.CommonUIActions.click: uiaction.CommonUIActions.click is PASSED

2018-06-14 20:19:55 - [MESSAGE][PASSED] - uiaction.CommonUIActions.click is PASSED

2018-06-14 20:19:55 - [TEST_STEP][PASSED] - delay: Delayed 10 second(s)

2018-06-14 20:20:05 - [MESSAGE][PASSED] - Delayed 10 second(s)

2018-06-14 20:20:05 - [TEST_STEP][PASSED] - uiaction.CommonUIActions.click: uiaction.CommonUIActions.click is PASSED

2018-06-14 20:20:09 - [MESSAGE][PASSED] - uiaction.CommonUIActions.click is PASSED

2018-06-14 20:20:09 - [TEST_STEP][PASSED] - Statement - assert TCflag == true: null

2018-06-14 20:20:09 - [TEST_STEP][PASSED] - Start listener action : sampleAfterTestCase: Browser is closed

2018-06-14 20:20:09 - [TEST_STEP][PASSED] - Statement - println(testCaseContext.getTestCaseId()): null

2018-06-14 20:20:09 - [TEST_STEP][PASSED] - Statement - println(testCaseContext.getTestCaseStatus()): null

2018-06-14 20:20:09 - [TEST_STEP][PASSED] - closeBrowser: Browser is closed

2018-06-14 20:20:09 - [MESSAGE][PASSED] - Browser is closed]]></system-out>
         <system-err><![CDATA[2018-06-14 20:13:59 - [TEST_CASE][FAILED] - Test Cases/SummaryReportsTC/HME-Summary Report-16: Test Cases/SummaryReportsTC/HME-Summary Report-16 FAILED because (of) Unable to verify match between actual text 'Please check your email. Your Report has been sent to selvendrank@nousinfo.com.' and expected text 'Web element with id: 'Object Repository/SummarizedReportPage/emailConfirmation' located by 'By.xpath: //div[@class='appr']/h4' not found' (Root cause: Actual text 'Please check your email. Your Report has been sent to selvendrank@nousinfo.com.' and expected text 'Web element with id: 'Object Repository/SummarizedReportPage/emailConfirmation' located by 'By.xpath: //div[@class='appr']/h4' not found' are not matched)]]></system-err>
      </testcase>
      <testcase name="Test Cases/TimeZoneTC/HME-Account_Setting-Timezone-04" classname="Test Cases/TimeZoneTC/HME-Account_Setting-Timezone-04" status="FAILED">
         <failure type="FAILED" message="org.codehaus.groovy.runtime.powerassert.PowerAssertionError: assert TCflag==true
       |     |
       false false"/>
         <system-out><![CDATA[2018-06-14 20:20:09 - [TEST_CASE][FAILED] - Test Cases/TimeZoneTC/HME-Account_Setting-Timezone-04: Test Cases/TimeZoneTC/HME-Account_Setting-Timezone-04 FAILED because (of) org.codehaus.groovy.runtime.powerassert.PowerAssertionError: assert TCflag==true
       |     |
       false false

2018-06-14 20:20:09 - [TEST_STEP][PASSED] - Start listener action : sampleBeforeTestCase: uiaction.CommonUIActions.deleteAllCookies is PASSED

2018-06-14 20:20:09 - [TEST_STEP][PASSED] - openBrowser: Browser is opened with url: ''

2018-06-14 20:20:11 - [MESSAGE][PASSED] - Browser is opened with url: ''

2018-06-14 20:20:11 - [TEST_STEP][PASSED] - maximizeWindow: Current window maximized

2018-06-14 20:20:13 - [MESSAGE][PASSED] - Current window maximized

2018-06-14 20:20:13 - [TEST_STEP][PASSED] - uiaction.CommonUIActions.deleteAllCookies: uiaction.CommonUIActions.deleteAllCookies is PASSED

2018-06-14 20:20:13 - [MESSAGE][PASSED] - Delete all cookies successfully

2018-06-14 20:20:13 - [MESSAGE][PASSED] - uiaction.CommonUIActions.deleteAllCookies is PASSED

2018-06-14 20:20:13 - [TEST_STEP][PASSED] - Statement - TCflag = true: null

2018-06-14 20:20:13 - [TEST_STEP][PASSED] - Statement - Try: uiaction.CommonUIActions.click is PASSED

2018-06-14 20:20:13 - [TEST_STEP][PASSED] - navigateToUrl: Navigate to 'https://hme-dev-public-cloud-app.azurewebsites.net/' successfully

2018-06-14 20:20:16 - [MESSAGE][PASSED] - Navigate to 'https://hme-dev-public-cloud-app.azurewebsites.net/' successfully

2018-06-14 20:20:16 - [TEST_STEP][PASSED] - delay: Delayed 10 second(s)

2018-06-14 20:20:26 - [MESSAGE][PASSED] - Delayed 10 second(s)

2018-06-14 20:20:26 - [TEST_STEP][PASSED] - projectSpecific.Reusability.login: projectSpecific.Reusability.login is PASSED

2018-06-14 20:20:26 - [MESSAGE][PASSED] - projectSpecific.Reusability.getTestData is PASSED

2018-06-14 20:20:26 - [MESSAGE][PASSED] - projectSpecific.Reusability.getTestData is PASSED

2018-06-14 20:20:26 - [MESSAGE][PASSED] - Text 'selvendrank@nousinfo.com' is set on object 'Object Repository/LoginPage/Username'

2018-06-14 20:20:26 - [MESSAGE][PASSED] - Text 'nous;123' is set on object 'Object Repository/LoginPage/Password'

2018-06-14 20:20:26 - [MESSAGE][PASSED] - Object: 'Object Repository/LoginPage/Login' is clicked on

2018-06-14 20:20:26 - [MESSAGE][PASSED] - projectSpecific.Reusability.login is PASSED

2018-06-14 20:20:26 - [TEST_STEP][PASSED] - delay: Delayed 10 second(s)

2018-06-14 20:20:36 - [MESSAGE][PASSED] - Delayed 10 second(s)

2018-06-14 20:20:36 - [TEST_STEP][PASSED] - Statement - welcomeMsg = CustomKeywords.uiaction.CommonUIActions.getText(com.kms.katalon.core.testobject.ObjectRepository.findTestObject(HomePage/welcomeMessage)): uiaction.CommonUIActions.getText is PASSED

2018-06-14 20:20:46 - [MESSAGE][PASSED] - uiaction.CommonUIActions.getText is PASSED

2018-06-14 20:20:46 - [TEST_STEP][PASSED] - Statement - expactedWelcomeMsg = CustomKeywords.projectSpecific.Reusability.getTestData("HomePage", "welcomeMsg"): projectSpecific.Reusability.getTestData is PASSED

2018-06-14 20:20:46 - [MESSAGE][PASSED] - projectSpecific.Reusability.getTestData is PASSED

2018-06-14 20:20:46 - [TEST_STEP][PASSED] - Statement - If (welcomeMsg.contains(expactedWelcomeMsg)): null

2018-06-14 20:20:46 - [TEST_STEP][PASSED] - Statement - out.println("Welcome message is verified"): null

2018-06-14 20:20:46 - [TEST_STEP][PASSED] - uiaction.CommonUIActions.click: uiaction.CommonUIActions.click is PASSED

2018-06-14 20:20:58 - [MESSAGE][PASSED] - uiaction.CommonUIActions.click is PASSED

2018-06-14 20:20:58 - [TEST_STEP][PASSED] - Statement - storenumber = CustomKeywords.uiaction.CommonUIActions.getText(com.kms.katalon.core.testobject.ObjectRepository.findTestObject(StorePage/storepage_storenumber)): uiaction.CommonUIActions.getText is PASSED

2018-06-14 20:20:58 - [MESSAGE][PASSED] - uiaction.CommonUIActions.getText is PASSED

2018-06-14 20:20:58 - [TEST_STEP][PASSED] - Statement - out.println(" the store number is--" + storenumber.trim()): null

2018-06-14 20:20:58 - [TEST_STEP][PASSED] - uiaction.CommonUIActions.click: uiaction.CommonUIActions.click is PASSED

2018-06-14 20:20:59 - [MESSAGE][PASSED] - uiaction.CommonUIActions.click is PASSED

2018-06-14 20:20:59 - [TEST_STEP][PASSED] - delay: Delayed 10 second(s)

2018-06-14 20:21:09 - [MESSAGE][PASSED] - Delayed 10 second(s)

2018-06-14 20:21:09 - [TEST_STEP][PASSED] - Statement - driver = com.kms.katalon.core.webui.driver.DriverFactory.getWebDriver(): null

2018-06-14 20:21:09 - [TEST_STEP][PASSED] - Statement - driver.findElement(org.openqa.selenium.By.xpath("//span[contains(text(),'22222')]")).click(): null

2018-06-14 20:21:09 - [TEST_STEP][PASSED] - click: Object: 'Object Repository/ReportsPage/timeSelection' is clicked on

2018-06-14 20:21:09 - [MESSAGE][PASSED] - Object: 'Object Repository/ReportsPage/timeSelection' is clicked on

2018-06-14 20:21:09 - [TEST_STEP][PASSED] - click: Object: 'Object Repository/ReportsPage/dayTimeOption' is clicked on

2018-06-14 20:21:09 - [MESSAGE][PASSED] - Object: 'Object Repository/ReportsPage/dayTimeOption' is clicked on

2018-06-14 20:21:09 - [TEST_STEP][PASSED] - click: Object: 'Object Repository/ReportsPage/summaryReportHeading' is clicked on

2018-06-14 20:21:09 - [MESSAGE][PASSED] - Object: 'Object Repository/ReportsPage/summaryReportHeading' is clicked on

2018-06-14 20:21:09 - [TEST_STEP][PASSED] - verifyElementText: Actual text and expected text of test object 'Object Repository/ReportsPage/dayTimeOption' are matched.

2018-06-14 20:21:09 - [MESSAGE][PASSED] - projectSpecific.Reusability.getTestData is PASSED

2018-06-14 20:21:09 - [MESSAGE][PASSED] - Actual text and expected text of test object 'Object Repository/ReportsPage/dayTimeOption' are matched.

2018-06-14 20:21:09 - [TEST_STEP][PASSED] - verifyElementText: Actual text and expected text of test object 'Object Repository/ReportsPage/criteriaTimeMeasureForDay' are matched.

2018-06-14 20:21:09 - [MESSAGE][PASSED] - projectSpecific.Reusability.getTestData is PASSED

2018-06-14 20:21:09 - [MESSAGE][PASSED] - Actual text and expected text of test object 'Object Repository/ReportsPage/criteriaTimeMeasureForDay' are matched.

2018-06-14 20:21:09 - [TEST_STEP][PASSED] - delay: Delayed 5 second(s)

2018-06-14 20:21:14 - [MESSAGE][PASSED] - Delayed 5 second(s)

2018-06-14 20:21:14 - [TEST_STEP][PASSED] - click: Object: 'Object Repository/ReportsPage/fromDateSelector' is clicked on

2018-06-14 20:21:14 - [MESSAGE][PASSED] - Object: 'Object Repository/ReportsPage/fromDateSelector' is clicked on

2018-06-14 20:21:14 - [TEST_STEP][PASSED] - delay: Delayed 5 second(s)

2018-06-14 20:21:19 - [MESSAGE][PASSED] - Delayed 5 second(s)

2018-06-14 20:21:19 - [TEST_STEP][PASSED] - Statement - monthText = com.kms.katalon.core.webui.keyword.WebUiBuiltInKeywords.getText(com.kms.katalon.core.testobject.ObjectRepository.findTestObject(ReportsPage/monthText)): Text of object 'Object Repository/ReportsPage/monthText' is: 'June 2018'

2018-06-14 20:21:19 - [MESSAGE][PASSED] - Text of object 'Object Repository/ReportsPage/monthText' is: 'June 2018'

2018-06-14 20:21:19 - [TEST_STEP][PASSED] - Statement - monthTextArray = monthText.split(" "): null

2018-06-14 20:21:19 - [TEST_STEP][PASSED] - Statement - month = monthTextArray[0]: null

2018-06-14 20:21:19 - [TEST_STEP][PASSED] - Statement - monthTextValue = CustomKeywords.projectSpecific.Reusability.getTestData("ReportsPage", "Month"): projectSpecific.Reusability.getTestData is PASSED

2018-06-14 20:21:19 - [MESSAGE][PASSED] - projectSpecific.Reusability.getTestData is PASSED

2018-06-14 20:21:19 - [TEST_STEP][PASSED] - Statement - If (!(monthTextValue.equals(month))): null

2018-06-14 20:21:19 - [TEST_STEP][PASSED] - Statement - While (!(monthTextValue.equals(month))): null

2018-06-14 20:21:19 - [TEST_STEP][PASSED] - click: Object: 'Object Repository/ReportsPage/previousDateSelector' is clicked on

2018-06-14 20:21:20 - [MESSAGE][PASSED] - Object: 'Object Repository/ReportsPage/previousDateSelector' is clicked on

2018-06-14 20:21:20 - [TEST_STEP][PASSED] - Statement - monthText = com.kms.katalon.core.webui.keyword.WebUiBuiltInKeywords.getText(com.kms.katalon.core.testobject.ObjectRepository.findTestObject(ReportsPage/monthText)): Text of object 'Object Repository/ReportsPage/monthText' is: 'May 2018'

2018-06-14 20:21:20 - [MESSAGE][PASSED] - Text of object 'Object Repository/ReportsPage/monthText' is: 'May 2018'

2018-06-14 20:21:20 - [TEST_STEP][PASSED] - Statement - monthTextArray = monthText.split(" "): null

2018-06-14 20:21:20 - [TEST_STEP][PASSED] - Statement - month = monthTextArray[0]: null

2018-06-14 20:21:20 - [TEST_STEP][PASSED] - click: Object: 'Object Repository/ReportsPage/previousDateSelector' is clicked on

2018-06-14 20:21:20 - [MESSAGE][PASSED] - Object: 'Object Repository/ReportsPage/previousDateSelector' is clicked on

2018-06-14 20:21:20 - [TEST_STEP][PASSED] - Statement - monthText = com.kms.katalon.core.webui.keyword.WebUiBuiltInKeywords.getText(com.kms.katalon.core.testobject.ObjectRepository.findTestObject(ReportsPage/monthText)): Text of object 'Object Repository/ReportsPage/monthText' is: 'April 2018'

2018-06-14 20:21:20 - [MESSAGE][PASSED] - Text of object 'Object Repository/ReportsPage/monthText' is: 'April 2018'

2018-06-14 20:21:20 - [TEST_STEP][PASSED] - Statement - monthTextArray = monthText.split(" "): null

2018-06-14 20:21:20 - [TEST_STEP][PASSED] - Statement - month = monthTextArray[0]: null

2018-06-14 20:21:20 - [TEST_STEP][PASSED] - click: Object: 'Object Repository/ReportsPage/previousDateSelector' is clicked on

2018-06-14 20:21:20 - [MESSAGE][PASSED] - Object: 'Object Repository/ReportsPage/previousDateSelector' is clicked on

2018-06-14 20:21:20 - [TEST_STEP][PASSED] - Statement - monthText = com.kms.katalon.core.webui.keyword.WebUiBuiltInKeywords.getText(com.kms.katalon.core.testobject.ObjectRepository.findTestObject(ReportsPage/monthText)): Text of object 'Object Repository/ReportsPage/monthText' is: 'March 2018'

2018-06-14 20:21:20 - [MESSAGE][PASSED] - Text of object 'Object Repository/ReportsPage/monthText' is: 'March 2018'

2018-06-14 20:21:20 - [TEST_STEP][PASSED] - Statement - monthTextArray = monthText.split(" "): null

2018-06-14 20:21:20 - [TEST_STEP][PASSED] - Statement - month = monthTextArray[0]: null

2018-06-14 20:21:20 - [TEST_STEP][PASSED] - Statement - data = CustomKeywords.projectSpecific.Reusability.getTestData("ReportsPage", "EndDate"): projectSpecific.Reusability.getTestData is PASSED

2018-06-14 20:21:20 - [MESSAGE][PASSED] - projectSpecific.Reusability.getTestData is PASSED

2018-06-14 20:21:20 - [TEST_STEP][PASSED] - Statement - startDate = "(//td[text()='" + data + "'])[1]": null

2018-06-14 20:21:20 - [TEST_STEP][PASSED] - Statement - println(startDate): null

2018-06-14 20:21:20 - [TEST_STEP][PASSED] - Statement - startdateEle = driver.findElement(org.openqa.selenium.By.xpath(startDate)): null

2018-06-14 20:21:20 - [TEST_STEP][PASSED] - Statement - startdateEle.click(): null

2018-06-14 20:21:20 - [TEST_STEP][PASSED] - delay: Delayed 5 second(s)

2018-06-14 20:21:25 - [MESSAGE][PASSED] - Delayed 5 second(s)

2018-06-14 20:21:25 - [TEST_STEP][PASSED] - click: Object: 'Object Repository/ReportsPage/toDateSelector' is clicked on

2018-06-14 20:21:25 - [MESSAGE][PASSED] - Object: 'Object Repository/ReportsPage/toDateSelector' is clicked on

2018-06-14 20:21:25 - [TEST_STEP][PASSED] - Statement - monthText = com.kms.katalon.core.webui.keyword.WebUiBuiltInKeywords.getText(com.kms.katalon.core.testobject.ObjectRepository.findTestObject(ReportsPage/monthText2)): Text of object 'Object Repository/ReportsPage/monthText2' is: 'June 2018'

2018-06-14 20:21:25 - [MESSAGE][PASSED] - Text of object 'Object Repository/ReportsPage/monthText2' is: 'June 2018'

2018-06-14 20:21:25 - [TEST_STEP][PASSED] - Statement - monthTextArray = monthText.split(" "): null

2018-06-14 20:21:25 - [TEST_STEP][PASSED] - Statement - month = monthTextArray[0]: null

2018-06-14 20:21:25 - [TEST_STEP][PASSED] - Statement - monthTextValue1 = CustomKeywords.projectSpecific.Reusability.getTestData("ReportsPage", "Month"): projectSpecific.Reusability.getTestData is PASSED

2018-06-14 20:21:25 - [MESSAGE][PASSED] - projectSpecific.Reusability.getTestData is PASSED

2018-06-14 20:21:25 - [TEST_STEP][PASSED] - Statement - If (!(monthTextValue1.equals(month))): null

2018-06-14 20:21:25 - [TEST_STEP][PASSED] - Statement - While (!(monthTextValue1.equals(month))): null

2018-06-14 20:21:25 - [TEST_STEP][PASSED] - click: Object: 'Object Repository/ReportsPage/previousDateSelector2' is clicked on

2018-06-14 20:21:25 - [MESSAGE][PASSED] - Object: 'Object Repository/ReportsPage/previousDateSelector2' is clicked on

2018-06-14 20:21:25 - [TEST_STEP][PASSED] - Statement - monthText = com.kms.katalon.core.webui.keyword.WebUiBuiltInKeywords.getText(com.kms.katalon.core.testobject.ObjectRepository.findTestObject(ReportsPage/monthText2)): Text of object 'Object Repository/ReportsPage/monthText2' is: 'May 2018'

2018-06-14 20:21:25 - [MESSAGE][PASSED] - Text of object 'Object Repository/ReportsPage/monthText2' is: 'May 2018'

2018-06-14 20:21:25 - [TEST_STEP][PASSED] - Statement - monthTextArray = monthText.split(" "): null

2018-06-14 20:21:25 - [TEST_STEP][PASSED] - Statement - month = monthTextArray[0]: null

2018-06-14 20:21:25 - [TEST_STEP][PASSED] - click: Object: 'Object Repository/ReportsPage/previousDateSelector2' is clicked on

2018-06-14 20:21:25 - [MESSAGE][PASSED] - Object: 'Object Repository/ReportsPage/previousDateSelector2' is clicked on

2018-06-14 20:21:25 - [TEST_STEP][PASSED] - Statement - monthText = com.kms.katalon.core.webui.keyword.WebUiBuiltInKeywords.getText(com.kms.katalon.core.testobject.ObjectRepository.findTestObject(ReportsPage/monthText2)): Text of object 'Object Repository/ReportsPage/monthText2' is: 'April 2018'

2018-06-14 20:21:25 - [MESSAGE][PASSED] - Text of object 'Object Repository/ReportsPage/monthText2' is: 'April 2018'

2018-06-14 20:21:25 - [TEST_STEP][PASSED] - Statement - monthTextArray = monthText.split(" "): null

2018-06-14 20:21:25 - [TEST_STEP][PASSED] - Statement - month = monthTextArray[0]: null

2018-06-14 20:21:25 - [TEST_STEP][PASSED] - click: Object: 'Object Repository/ReportsPage/previousDateSelector2' is clicked on

2018-06-14 20:21:25 - [MESSAGE][PASSED] - Object: 'Object Repository/ReportsPage/previousDateSelector2' is clicked on

2018-06-14 20:21:25 - [TEST_STEP][PASSED] - Statement - monthText = com.kms.katalon.core.webui.keyword.WebUiBuiltInKeywords.getText(com.kms.katalon.core.testobject.ObjectRepository.findTestObject(ReportsPage/monthText2)): Text of object 'Object Repository/ReportsPage/monthText2' is: 'March 2018'

2018-06-14 20:21:25 - [MESSAGE][PASSED] - Text of object 'Object Repository/ReportsPage/monthText2' is: 'March 2018'

2018-06-14 20:21:25 - [TEST_STEP][PASSED] - Statement - monthTextArray = monthText.split(" "): null

2018-06-14 20:21:25 - [TEST_STEP][PASSED] - Statement - month = monthTextArray[0]: null

2018-06-14 20:21:25 - [TEST_STEP][PASSED] - Statement - endDate = CustomKeywords.projectSpecific.Reusability.getTestData("ReportsPage", "EndDate"): projectSpecific.Reusability.getTestData is PASSED

2018-06-14 20:21:25 - [MESSAGE][PASSED] - projectSpecific.Reusability.getTestData is PASSED

2018-06-14 20:21:25 - [TEST_STEP][PASSED] - Statement - toDate = "(//td[text()='" + endDate + "'])[2]": null

2018-06-14 20:21:25 - [TEST_STEP][PASSED] - Statement - println(toDate): null

2018-06-14 20:21:25 - [TEST_STEP][PASSED] - Statement - toDateEle = driver.findElement(org.openqa.selenium.By.xpath(toDate)): null

2018-06-14 20:21:25 - [TEST_STEP][PASSED] - Statement - toDateEle.click(): null

2018-06-14 20:21:25 - [TEST_STEP][PASSED] - delay: Delayed 5 second(s)

2018-06-14 20:21:30 - [MESSAGE][PASSED] - Delayed 5 second(s)

2018-06-14 20:21:30 - [TEST_STEP][PASSED] - Statement - dateAttr = com.kms.katalon.core.webui.keyword.WebUiBuiltInKeywords.getAttribute(com.kms.katalon.core.testobject.ObjectRepository.findTestObject(ReportsPage/selectedDate1), "value"): Attribute 'value' of object 'Object Repository/ReportsPage/selectedDate1' is: '03/14/2018'

2018-06-14 20:21:30 - [MESSAGE][PASSED] - Attribute 'value' of object 'Object Repository/ReportsPage/selectedDate1' is: '03/14/2018'

2018-06-14 20:21:30 - [TEST_STEP][PASSED] - Statement - fromDateValue = CustomKeywords.projectSpecific.Reusability.getTestData("ReportsPage", "toDate"): projectSpecific.Reusability.getTestData is PASSED

2018-06-14 20:21:30 - [MESSAGE][PASSED] - projectSpecific.Reusability.getTestData is PASSED

2018-06-14 20:21:30 - [TEST_STEP][PASSED] - Statement - If (!(dateAttr.equals(fromDateValue))): null

2018-06-14 20:21:30 - [TEST_STEP][PASSED] - Statement - dateAttr = com.kms.katalon.core.webui.keyword.WebUiBuiltInKeywords.getAttribute(com.kms.katalon.core.testobject.ObjectRepository.findTestObject(ReportsPage/selectedDate2), "value"): Attribute 'value' of object 'Object Repository/ReportsPage/selectedDate2' is: '03/14/2018'

2018-06-14 20:21:30 - [MESSAGE][PASSED] - Attribute 'value' of object 'Object Repository/ReportsPage/selectedDate2' is: '03/14/2018'

2018-06-14 20:21:30 - [TEST_STEP][PASSED] - Statement - toDateValue = CustomKeywords.projectSpecific.Reusability.getTestData("ReportsPage", "toDate"): projectSpecific.Reusability.getTestData is PASSED

2018-06-14 20:21:30 - [MESSAGE][PASSED] - projectSpecific.Reusability.getTestData is PASSED

2018-06-14 20:21:30 - [TEST_STEP][PASSED] - Statement - If (!(dateAttr.equals(toDateValue))): null

2018-06-14 20:21:30 - [TEST_STEP][PASSED] - click: Object: 'Object Repository/ReportsPage/generateReport' is clicked on

2018-06-14 20:21:30 - [MESSAGE][PASSED] - Object: 'Object Repository/ReportsPage/generateReport' is clicked on

2018-06-14 20:21:30 - [TEST_STEP][PASSED] - delay: Delayed 15 second(s)

2018-06-14 20:21:45 - [MESSAGE][PASSED] - Delayed 15 second(s)

2018-06-14 20:21:45 - [TEST_STEP][PASSED] - Statement - printTime = CustomKeywords.uiaction.CommonUIActions.getText(com.kms.katalon.core.testobject.ObjectRepository.findTestObject(SummarizedReportPage/printTime)): uiaction.CommonUIActions.getText is PASSED

2018-06-14 20:22:06 - [MESSAGE][PASSED] - uiaction.CommonUIActions.getText is PASSED

2018-06-14 20:22:06 - [TEST_STEP][PASSED] - Statement - cal = java.util.Calendar.getInstance(): null

2018-06-14 20:22:06 - [TEST_STEP][PASSED] - Statement - sdf = new java.text.SimpleDateFormat(hh:mm a): null

2018-06-14 20:22:06 - [TEST_STEP][PASSED] - Statement - currentSystemTime = sdf.format(cal.getTime()): null

2018-06-14 20:22:06 - [TEST_STEP][PASSED] - Statement - out.println(currentSystemTime): null

2018-06-14 20:22:06 - [TEST_STEP][PASSED] - Statement - If (currentSystemTime.contains(printTime)): null

2018-06-14 20:22:06 - [TEST_STEP][PASSED] - Statement - Else: Taking screenshot successfully

2018-06-14 20:22:06 - [TEST_STEP][PASSED] - Statement - If (TCflag): null

2018-06-14 20:22:06 - [TEST_STEP][PASSED] - Statement - out.println("Print Time is not displayed the current local time "): null

2018-06-14 20:22:06 - [TEST_STEP][PASSED] - takeScreenshot: Taking screenshot successfully

2018-06-14 20:22:06 - [MESSAGE][PASSED] - Taking screenshot successfully
[[ATTACHMENT|C:\\Users\\shalinin\\Katalon Studio\\HME_Scripts\\Reports\\RegressionSuite\\20180614_164441\\1528987926203.png]]

2018-06-14 20:22:06 - [TEST_STEP][PASSED] - uiaction.CommonUIActions.click: uiaction.CommonUIActions.click is PASSED

2018-06-14 20:22:10 - [MESSAGE][PASSED] - uiaction.CommonUIActions.click is PASSED

2018-06-14 20:22:10 - [TEST_STEP][PASSED] - Statement - assert TCflag == true: null

2018-06-14 20:22:10 - [TEST_STEP][PASSED] - Start listener action : sampleAfterTestCase: Browser is closed

2018-06-14 20:22:10 - [TEST_STEP][PASSED] - Statement - println(testCaseContext.getTestCaseId()): null

2018-06-14 20:22:10 - [TEST_STEP][PASSED] - Statement - println(testCaseContext.getTestCaseStatus()): null

2018-06-14 20:22:10 - [TEST_STEP][PASSED] - closeBrowser: Browser is closed

2018-06-14 20:22:10 - [MESSAGE][PASSED] - Browser is closed]]></system-out>
         <system-err><![CDATA[2018-06-14 20:20:09 - [TEST_CASE][FAILED] - Test Cases/TimeZoneTC/HME-Account_Setting-Timezone-04: Test Cases/TimeZoneTC/HME-Account_Setting-Timezone-04 FAILED because (of) org.codehaus.groovy.runtime.powerassert.PowerAssertionError: assert TCflag==true
       |     |
       false false]]></system-err>
      </testcase>
      <testcase name="Test Cases/TimeZoneTC/HME-Account_Setting-Timezone-05" classname="Test Cases/TimeZoneTC/HME-Account_Setting-Timezone-05" status="FAILED">
         <failure type="FAILED" message="org.codehaus.groovy.runtime.powerassert.PowerAssertionError: assert TCflag==true
       |     |
       false false"/>
         <system-out><![CDATA[2018-06-14 20:22:10 - [TEST_CASE][FAILED] - Test Cases/TimeZoneTC/HME-Account_Setting-Timezone-05: Test Cases/TimeZoneTC/HME-Account_Setting-Timezone-05 FAILED because (of) org.codehaus.groovy.runtime.powerassert.PowerAssertionError: assert TCflag==true
       |     |
       false false

2018-06-14 20:22:10 - [TEST_STEP][PASSED] - Start listener action : sampleBeforeTestCase: uiaction.CommonUIActions.deleteAllCookies is PASSED

2018-06-14 20:22:10 - [TEST_STEP][PASSED] - openBrowser: Browser is opened with url: ''

2018-06-14 20:22:13 - [MESSAGE][PASSED] - Browser is opened with url: ''

2018-06-14 20:22:13 - [TEST_STEP][PASSED] - maximizeWindow: Current window maximized

2018-06-14 20:22:14 - [MESSAGE][PASSED] - Current window maximized

2018-06-14 20:22:14 - [TEST_STEP][PASSED] - uiaction.CommonUIActions.deleteAllCookies: uiaction.CommonUIActions.deleteAllCookies is PASSED

2018-06-14 20:22:14 - [MESSAGE][PASSED] - Delete all cookies successfully

2018-06-14 20:22:14 - [MESSAGE][PASSED] - uiaction.CommonUIActions.deleteAllCookies is PASSED

2018-06-14 20:22:15 - [TEST_STEP][PASSED] - Statement - TCflag = true: null

2018-06-14 20:22:15 - [TEST_STEP][PASSED] - Statement - Try: uiaction.CommonUIActions.click is PASSED

2018-06-14 20:22:15 - [TEST_STEP][PASSED] - navigateToUrl: Navigate to 'https://hme-dev-public-cloud-app.azurewebsites.net/' successfully

2018-06-14 20:22:17 - [MESSAGE][PASSED] - Navigate to 'https://hme-dev-public-cloud-app.azurewebsites.net/' successfully

2018-06-14 20:22:17 - [TEST_STEP][PASSED] - delay: Delayed 10 second(s)

2018-06-14 20:22:27 - [MESSAGE][PASSED] - Delayed 10 second(s)

2018-06-14 20:22:27 - [TEST_STEP][PASSED] - projectSpecific.Reusability.login: projectSpecific.Reusability.login is PASSED

2018-06-14 20:22:27 - [MESSAGE][PASSED] - projectSpecific.Reusability.getTestData is PASSED

2018-06-14 20:22:27 - [MESSAGE][PASSED] - projectSpecific.Reusability.getTestData is PASSED

2018-06-14 20:22:28 - [MESSAGE][PASSED] - Text 'selvendrank@nousinfo.com' is set on object 'Object Repository/LoginPage/Username'

2018-06-14 20:22:28 - [MESSAGE][PASSED] - Text 'nous;123' is set on object 'Object Repository/LoginPage/Password'

2018-06-14 20:22:28 - [MESSAGE][PASSED] - Object: 'Object Repository/LoginPage/Login' is clicked on

2018-06-14 20:22:28 - [MESSAGE][PASSED] - projectSpecific.Reusability.login is PASSED

2018-06-14 20:22:28 - [TEST_STEP][PASSED] - delay: Delayed 10 second(s)

2018-06-14 20:22:38 - [MESSAGE][PASSED] - Delayed 10 second(s)

2018-06-14 20:22:38 - [TEST_STEP][PASSED] - Statement - welcomeMsg = CustomKeywords.uiaction.CommonUIActions.getText(com.kms.katalon.core.testobject.ObjectRepository.findTestObject(HomePage/welcomeMessage)): uiaction.CommonUIActions.getText is PASSED

2018-06-14 20:22:47 - [MESSAGE][PASSED] - uiaction.CommonUIActions.getText is PASSED

2018-06-14 20:22:47 - [TEST_STEP][PASSED] - Statement - expactedWelcomeMsg = CustomKeywords.projectSpecific.Reusability.getTestData("HomePage", "welcomeMsg"): projectSpecific.Reusability.getTestData is PASSED

2018-06-14 20:22:47 - [MESSAGE][PASSED] - projectSpecific.Reusability.getTestData is PASSED

2018-06-14 20:22:47 - [TEST_STEP][PASSED] - Statement - If (welcomeMsg.contains(expactedWelcomeMsg)): null

2018-06-14 20:22:47 - [TEST_STEP][PASSED] - Statement - out.println("Welcome message is verified"): null

2018-06-14 20:22:47 - [TEST_STEP][PASSED] - uiaction.CommonUIActions.click: uiaction.CommonUIActions.click is PASSED

2018-06-14 20:22:59 - [MESSAGE][PASSED] - uiaction.CommonUIActions.click is PASSED

2018-06-14 20:22:59 - [TEST_STEP][PASSED] - Statement - storenumber = CustomKeywords.uiaction.CommonUIActions.getText(com.kms.katalon.core.testobject.ObjectRepository.findTestObject(StorePage/storepage_storenumber)): uiaction.CommonUIActions.getText is PASSED

2018-06-14 20:22:59 - [MESSAGE][PASSED] - uiaction.CommonUIActions.getText is PASSED

2018-06-14 20:22:59 - [TEST_STEP][PASSED] - Statement - out.println(" the store number is--" + storenumber.trim()): null

2018-06-14 20:22:59 - [TEST_STEP][PASSED] - uiaction.CommonUIActions.click: uiaction.CommonUIActions.click is PASSED

2018-06-14 20:23:01 - [MESSAGE][PASSED] - uiaction.CommonUIActions.click is PASSED

2018-06-14 20:23:01 - [TEST_STEP][PASSED] - delay: Delayed 10 second(s)

2018-06-14 20:23:11 - [MESSAGE][PASSED] - Delayed 10 second(s)

2018-06-14 20:23:11 - [TEST_STEP][PASSED] - Statement - driver = com.kms.katalon.core.webui.driver.DriverFactory.getWebDriver(): null

2018-06-14 20:23:11 - [TEST_STEP][PASSED] - Statement - driver.findElement(org.openqa.selenium.By.xpath("//span[contains(text(),'22222')]")).click(): null

2018-06-14 20:23:11 - [TEST_STEP][PASSED] - delay: Delayed 5 second(s)

2018-06-14 20:23:16 - [MESSAGE][PASSED] - Delayed 5 second(s)

2018-06-14 20:23:16 - [TEST_STEP][PASSED] - click: Object: 'Object Repository/ReportsPage/timeSelection' is clicked on

2018-06-14 20:23:16 - [MESSAGE][PASSED] - Object: 'Object Repository/ReportsPage/timeSelection' is clicked on

2018-06-14 20:23:16 - [TEST_STEP][PASSED] - click: Object: 'Object Repository/ReportsPage/daypartTimeOption' is clicked on

2018-06-14 20:23:16 - [MESSAGE][PASSED] - Object: 'Object Repository/ReportsPage/daypartTimeOption' is clicked on

2018-06-14 20:23:16 - [TEST_STEP][PASSED] - click: Object: 'Object Repository/ReportsPage/summaryReportHeading' is clicked on

2018-06-14 20:23:16 - [MESSAGE][PASSED] - Object: 'Object Repository/ReportsPage/summaryReportHeading' is clicked on

2018-06-14 20:23:16 - [TEST_STEP][PASSED] - verifyElementText: Actual text and expected text of test object 'Object Repository/ReportsPage/daypartTimeOption' are matched.

2018-06-14 20:23:16 - [MESSAGE][PASSED] - projectSpecific.Reusability.getTestData is PASSED

2018-06-14 20:23:16 - [MESSAGE][PASSED] - Actual text and expected text of test object 'Object Repository/ReportsPage/daypartTimeOption' are matched.

2018-06-14 20:23:16 - [TEST_STEP][PASSED] - verifyElementText: Actual text and expected text of test object 'Object Repository/ReportsPage/criteriaTimeMeasureFordaypart' are matched.

2018-06-14 20:23:16 - [MESSAGE][PASSED] - projectSpecific.Reusability.getTestData is PASSED

2018-06-14 20:23:16 - [MESSAGE][PASSED] - Actual text and expected text of test object 'Object Repository/ReportsPage/criteriaTimeMeasureFordaypart' are matched.

2018-06-14 20:23:16 - [TEST_STEP][PASSED] - delay: Delayed 5 second(s)

2018-06-14 20:23:21 - [MESSAGE][PASSED] - Delayed 5 second(s)

2018-06-14 20:23:21 - [TEST_STEP][PASSED] - click: Object: 'Object Repository/ReportsPage/fromDateSelector' is clicked on

2018-06-14 20:23:21 - [MESSAGE][PASSED] - Object: 'Object Repository/ReportsPage/fromDateSelector' is clicked on

2018-06-14 20:23:21 - [TEST_STEP][PASSED] - delay: Delayed 5 second(s)

2018-06-14 20:23:26 - [MESSAGE][PASSED] - Delayed 5 second(s)

2018-06-14 20:23:26 - [TEST_STEP][PASSED] - Statement - monthText = com.kms.katalon.core.webui.keyword.WebUiBuiltInKeywords.getText(com.kms.katalon.core.testobject.ObjectRepository.findTestObject(ReportsPage/monthText)): Text of object 'Object Repository/ReportsPage/monthText' is: 'June 2018'

2018-06-14 20:23:26 - [MESSAGE][PASSED] - Text of object 'Object Repository/ReportsPage/monthText' is: 'June 2018'

2018-06-14 20:23:26 - [TEST_STEP][PASSED] - Statement - monthTextArray = monthText.split(" "): null

2018-06-14 20:23:26 - [TEST_STEP][PASSED] - Statement - month = monthTextArray[0]: null

2018-06-14 20:23:26 - [TEST_STEP][PASSED] - Statement - monthTextValue = CustomKeywords.projectSpecific.Reusability.getTestData("ReportsPage", "Month"): projectSpecific.Reusability.getTestData is PASSED

2018-06-14 20:23:26 - [MESSAGE][PASSED] - projectSpecific.Reusability.getTestData is PASSED

2018-06-14 20:23:26 - [TEST_STEP][PASSED] - Statement - If (!(monthTextValue.equals(month))): null

2018-06-14 20:23:26 - [TEST_STEP][PASSED] - Statement - While (!(monthTextValue.equals(month))): null

2018-06-14 20:23:26 - [TEST_STEP][PASSED] - click: Object: 'Object Repository/ReportsPage/previousDateSelector' is clicked on

2018-06-14 20:23:26 - [MESSAGE][PASSED] - Object: 'Object Repository/ReportsPage/previousDateSelector' is clicked on

2018-06-14 20:23:26 - [TEST_STEP][PASSED] - Statement - monthText = com.kms.katalon.core.webui.keyword.WebUiBuiltInKeywords.getText(com.kms.katalon.core.testobject.ObjectRepository.findTestObject(ReportsPage/monthText)): Text of object 'Object Repository/ReportsPage/monthText' is: 'May 2018'

2018-06-14 20:23:26 - [MESSAGE][PASSED] - Text of object 'Object Repository/ReportsPage/monthText' is: 'May 2018'

2018-06-14 20:23:26 - [TEST_STEP][PASSED] - Statement - monthTextArray = monthText.split(" "): null

2018-06-14 20:23:26 - [TEST_STEP][PASSED] - Statement - month = monthTextArray[0]: null

2018-06-14 20:23:26 - [TEST_STEP][PASSED] - click: Object: 'Object Repository/ReportsPage/previousDateSelector' is clicked on

2018-06-14 20:23:26 - [MESSAGE][PASSED] - Object: 'Object Repository/ReportsPage/previousDateSelector' is clicked on

2018-06-14 20:23:26 - [TEST_STEP][PASSED] - Statement - monthText = com.kms.katalon.core.webui.keyword.WebUiBuiltInKeywords.getText(com.kms.katalon.core.testobject.ObjectRepository.findTestObject(ReportsPage/monthText)): Text of object 'Object Repository/ReportsPage/monthText' is: 'April 2018'

2018-06-14 20:23:26 - [MESSAGE][PASSED] - Text of object 'Object Repository/ReportsPage/monthText' is: 'April 2018'

2018-06-14 20:23:26 - [TEST_STEP][PASSED] - Statement - monthTextArray = monthText.split(" "): null

2018-06-14 20:23:26 - [TEST_STEP][PASSED] - Statement - month = monthTextArray[0]: null

2018-06-14 20:23:26 - [TEST_STEP][PASSED] - click: Object: 'Object Repository/ReportsPage/previousDateSelector' is clicked on

2018-06-14 20:23:26 - [MESSAGE][PASSED] - Object: 'Object Repository/ReportsPage/previousDateSelector' is clicked on

2018-06-14 20:23:26 - [TEST_STEP][PASSED] - Statement - monthText = com.kms.katalon.core.webui.keyword.WebUiBuiltInKeywords.getText(com.kms.katalon.core.testobject.ObjectRepository.findTestObject(ReportsPage/monthText)): Text of object 'Object Repository/ReportsPage/monthText' is: 'March 2018'

2018-06-14 20:23:26 - [MESSAGE][PASSED] - Text of object 'Object Repository/ReportsPage/monthText' is: 'March 2018'

2018-06-14 20:23:26 - [TEST_STEP][PASSED] - Statement - monthTextArray = monthText.split(" "): null

2018-06-14 20:23:26 - [TEST_STEP][PASSED] - Statement - month = monthTextArray[0]: null

2018-06-14 20:23:26 - [TEST_STEP][PASSED] - Statement - data = CustomKeywords.projectSpecific.Reusability.getTestData("ReportsPage", "StartDate_March3"): projectSpecific.Reusability.getTestData is PASSED

2018-06-14 20:23:26 - [MESSAGE][PASSED] - projectSpecific.Reusability.getTestData is PASSED

2018-06-14 20:23:26 - [TEST_STEP][PASSED] - Statement - startDate = "(//td[text()='" + data + "'])[1]": null

2018-06-14 20:23:26 - [TEST_STEP][PASSED] - Statement - println(startDate): null

2018-06-14 20:23:26 - [TEST_STEP][PASSED] - Statement - startdateEle = driver.findElement(org.openqa.selenium.By.xpath(startDate)): null

2018-06-14 20:23:26 - [TEST_STEP][PASSED] - Statement - startdateEle.click(): null

2018-06-14 20:23:26 - [TEST_STEP][PASSED] - delay: Delayed 5 second(s)

2018-06-14 20:23:31 - [MESSAGE][PASSED] - Delayed 5 second(s)

2018-06-14 20:23:31 - [TEST_STEP][PASSED] - click: Object: 'Object Repository/ReportsPage/toDateSelector' is clicked on

2018-06-14 20:23:32 - [MESSAGE][PASSED] - Object: 'Object Repository/ReportsPage/toDateSelector' is clicked on

2018-06-14 20:23:32 - [TEST_STEP][PASSED] - Statement - monthText = com.kms.katalon.core.webui.keyword.WebUiBuiltInKeywords.getText(com.kms.katalon.core.testobject.ObjectRepository.findTestObject(ReportsPage/monthText2)): Text of object 'Object Repository/ReportsPage/monthText2' is: 'June 2018'

2018-06-14 20:23:32 - [MESSAGE][PASSED] - Text of object 'Object Repository/ReportsPage/monthText2' is: 'June 2018'

2018-06-14 20:23:32 - [TEST_STEP][PASSED] - Statement - monthTextArray = monthText.split(" "): null

2018-06-14 20:23:32 - [TEST_STEP][PASSED] - Statement - month = monthTextArray[0]: null

2018-06-14 20:23:32 - [TEST_STEP][PASSED] - Statement - monthTextValue1 = CustomKeywords.projectSpecific.Reusability.getTestData("ReportsPage", "Month"): projectSpecific.Reusability.getTestData is PASSED

2018-06-14 20:23:32 - [MESSAGE][PASSED] - projectSpecific.Reusability.getTestData is PASSED

2018-06-14 20:23:32 - [TEST_STEP][PASSED] - Statement - If (!(monthTextValue1.equals(month))): null

2018-06-14 20:23:32 - [TEST_STEP][PASSED] - Statement - While (!(monthTextValue1.equals(month))): null

2018-06-14 20:23:32 - [TEST_STEP][PASSED] - click: Object: 'Object Repository/ReportsPage/previousDateSelector2' is clicked on

2018-06-14 20:23:32 - [MESSAGE][PASSED] - Object: 'Object Repository/ReportsPage/previousDateSelector2' is clicked on

2018-06-14 20:23:32 - [TEST_STEP][PASSED] - Statement - monthText = com.kms.katalon.core.webui.keyword.WebUiBuiltInKeywords.getText(com.kms.katalon.core.testobject.ObjectRepository.findTestObject(ReportsPage/monthText2)): Text of object 'Object Repository/ReportsPage/monthText2' is: 'May 2018'

2018-06-14 20:23:32 - [MESSAGE][PASSED] - Text of object 'Object Repository/ReportsPage/monthText2' is: 'May 2018'

2018-06-14 20:23:32 - [TEST_STEP][PASSED] - Statement - monthTextArray = monthText.split(" "): null

2018-06-14 20:23:32 - [TEST_STEP][PASSED] - Statement - month = monthTextArray[0]: null

2018-06-14 20:23:32 - [TEST_STEP][PASSED] - click: Object: 'Object Repository/ReportsPage/previousDateSelector2' is clicked on

2018-06-14 20:23:32 - [MESSAGE][PASSED] - Object: 'Object Repository/ReportsPage/previousDateSelector2' is clicked on

2018-06-14 20:23:32 - [TEST_STEP][PASSED] - Statement - monthText = com.kms.katalon.core.webui.keyword.WebUiBuiltInKeywords.getText(com.kms.katalon.core.testobject.ObjectRepository.findTestObject(ReportsPage/monthText2)): Text of object 'Object Repository/ReportsPage/monthText2' is: 'April 2018'

2018-06-14 20:23:32 - [MESSAGE][PASSED] - Text of object 'Object Repository/ReportsPage/monthText2' is: 'April 2018'

2018-06-14 20:23:32 - [TEST_STEP][PASSED] - Statement - monthTextArray = monthText.split(" "): null

2018-06-14 20:23:32 - [TEST_STEP][PASSED] - Statement - month = monthTextArray[0]: null

2018-06-14 20:23:32 - [TEST_STEP][PASSED] - click: Object: 'Object Repository/ReportsPage/previousDateSelector2' is clicked on

2018-06-14 20:23:32 - [MESSAGE][PASSED] - Object: 'Object Repository/ReportsPage/previousDateSelector2' is clicked on

2018-06-14 20:23:32 - [TEST_STEP][PASSED] - Statement - monthText = com.kms.katalon.core.webui.keyword.WebUiBuiltInKeywords.getText(com.kms.katalon.core.testobject.ObjectRepository.findTestObject(ReportsPage/monthText2)): Text of object 'Object Repository/ReportsPage/monthText2' is: 'March 2018'

2018-06-14 20:23:32 - [MESSAGE][PASSED] - Text of object 'Object Repository/ReportsPage/monthText2' is: 'March 2018'

2018-06-14 20:23:32 - [TEST_STEP][PASSED] - Statement - monthTextArray = monthText.split(" "): null

2018-06-14 20:23:32 - [TEST_STEP][PASSED] - Statement - month = monthTextArray[0]: null

2018-06-14 20:23:32 - [TEST_STEP][PASSED] - Statement - endDate = CustomKeywords.projectSpecific.Reusability.getTestData("ReportsPage", "EndDate_March3"): projectSpecific.Reusability.getTestData is PASSED

2018-06-14 20:23:32 - [MESSAGE][PASSED] - projectSpecific.Reusability.getTestData is PASSED

2018-06-14 20:23:32 - [TEST_STEP][PASSED] - Statement - toDate = "(//td[text()='" + endDate + "'])[2]": null

2018-06-14 20:23:32 - [TEST_STEP][PASSED] - Statement - println(toDate): null

2018-06-14 20:23:32 - [TEST_STEP][PASSED] - Statement - toDateEle = driver.findElement(org.openqa.selenium.By.xpath(toDate)): null

2018-06-14 20:23:32 - [TEST_STEP][PASSED] - Statement - toDateEle.click(): null

2018-06-14 20:23:32 - [TEST_STEP][PASSED] - delay: Delayed 5 second(s)

2018-06-14 20:23:37 - [MESSAGE][PASSED] - Delayed 5 second(s)

2018-06-14 20:23:37 - [TEST_STEP][PASSED] - Statement - dateAttr = com.kms.katalon.core.webui.keyword.WebUiBuiltInKeywords.getAttribute(com.kms.katalon.core.testobject.ObjectRepository.findTestObject(ReportsPage/selectedDate1), "value"): Attribute 'value' of object 'Object Repository/ReportsPage/selectedDate1' is: '03/15/2018'

2018-06-14 20:23:37 - [MESSAGE][PASSED] - Attribute 'value' of object 'Object Repository/ReportsPage/selectedDate1' is: '03/15/2018'

2018-06-14 20:23:37 - [TEST_STEP][PASSED] - Statement - fromDateValue = CustomKeywords.projectSpecific.Reusability.getTestData("ReportsPage", "fromDate_March3"): projectSpecific.Reusability.getTestData is PASSED

2018-06-14 20:23:37 - [MESSAGE][PASSED] - projectSpecific.Reusability.getTestData is PASSED

2018-06-14 20:23:37 - [TEST_STEP][PASSED] - Statement - If (!(dateAttr.equals(fromDateValue))): null

2018-06-14 20:23:37 - [TEST_STEP][PASSED] - Statement - dateAttr = com.kms.katalon.core.webui.keyword.WebUiBuiltInKeywords.getAttribute(com.kms.katalon.core.testobject.ObjectRepository.findTestObject(ReportsPage/selectedDate2), "value"): Attribute 'value' of object 'Object Repository/ReportsPage/selectedDate2' is: '03/17/2018'

2018-06-14 20:23:37 - [MESSAGE][PASSED] - Attribute 'value' of object 'Object Repository/ReportsPage/selectedDate2' is: '03/17/2018'

2018-06-14 20:23:37 - [TEST_STEP][PASSED] - Statement - toDateValue = CustomKeywords.projectSpecific.Reusability.getTestData("ReportsPage", "toDate_March3"): projectSpecific.Reusability.getTestData is PASSED

2018-06-14 20:23:37 - [MESSAGE][PASSED] - projectSpecific.Reusability.getTestData is PASSED

2018-06-14 20:23:37 - [TEST_STEP][PASSED] - Statement - If (!(dateAttr.equals(toDateValue))): null

2018-06-14 20:23:37 - [TEST_STEP][PASSED] - click: Object: 'Object Repository/ReportsPage/generateReport' is clicked on

2018-06-14 20:23:37 - [MESSAGE][PASSED] - Object: 'Object Repository/ReportsPage/generateReport' is clicked on

2018-06-14 20:23:37 - [TEST_STEP][PASSED] - delay: Delayed 15 second(s)

2018-06-14 20:23:52 - [MESSAGE][PASSED] - Delayed 15 second(s)

2018-06-14 20:23:52 - [TEST_STEP][PASSED] - Statement - printTime = CustomKeywords.uiaction.CommonUIActions.getText(com.kms.katalon.core.testobject.ObjectRepository.findTestObject(SummarizedReportPage/printTime)): uiaction.CommonUIActions.getText is PASSED

2018-06-14 20:24:12 - [MESSAGE][PASSED] - uiaction.CommonUIActions.getText is PASSED

2018-06-14 20:24:12 - [TEST_STEP][PASSED] - Statement - cal = java.util.Calendar.getInstance(): null

2018-06-14 20:24:12 - [TEST_STEP][PASSED] - Statement - sdf = new java.text.SimpleDateFormat(hh:mm a): null

2018-06-14 20:24:12 - [TEST_STEP][PASSED] - Statement - currentSystemTime = sdf.format(cal.getTime()): null

2018-06-14 20:24:12 - [TEST_STEP][PASSED] - Statement - out.println(currentSystemTime): null

2018-06-14 20:24:12 - [TEST_STEP][PASSED] - Statement - If (currentSystemTime.contains(printTime)): null

2018-06-14 20:24:12 - [TEST_STEP][PASSED] - Statement - Else: Taking screenshot successfully

2018-06-14 20:24:12 - [TEST_STEP][PASSED] - Statement - If (TCflag): null

2018-06-14 20:24:12 - [TEST_STEP][PASSED] - Statement - out.println("Print Time is not displayed the current local time "): null

2018-06-14 20:24:12 - [TEST_STEP][PASSED] - takeScreenshot: Taking screenshot successfully

2018-06-14 20:24:13 - [MESSAGE][PASSED] - Taking screenshot successfully
[[ATTACHMENT|C:\\Users\\shalinin\\Katalon Studio\\HME_Scripts\\Reports\\RegressionSuite\\20180614_164441\\1528988052858.png]]

2018-06-14 20:24:13 - [TEST_STEP][PASSED] - delay: Delayed 5 second(s)

2018-06-14 20:24:18 - [MESSAGE][PASSED] - Delayed 5 second(s)

2018-06-14 20:24:18 - [TEST_STEP][PASSED] - uiaction.CommonUIActions.click: uiaction.CommonUIActions.click is PASSED

2018-06-14 20:24:21 - [MESSAGE][PASSED] - uiaction.CommonUIActions.click is PASSED

2018-06-14 20:24:21 - [TEST_STEP][PASSED] - Statement - assert TCflag == true: null

2018-06-14 20:24:21 - [TEST_STEP][PASSED] - Start listener action : sampleAfterTestCase: Browser is closed

2018-06-14 20:24:21 - [TEST_STEP][PASSED] - Statement - println(testCaseContext.getTestCaseId()): null

2018-06-14 20:24:21 - [TEST_STEP][PASSED] - Statement - println(testCaseContext.getTestCaseStatus()): null

2018-06-14 20:24:21 - [TEST_STEP][PASSED] - closeBrowser: Browser is closed

2018-06-14 20:24:22 - [MESSAGE][PASSED] - Browser is closed]]></system-out>
         <system-err><![CDATA[2018-06-14 20:22:10 - [TEST_CASE][FAILED] - Test Cases/TimeZoneTC/HME-Account_Setting-Timezone-05: Test Cases/TimeZoneTC/HME-Account_Setting-Timezone-05 FAILED because (of) org.codehaus.groovy.runtime.powerassert.PowerAssertionError: assert TCflag==true
       |     |
       false false]]></system-err>
      </testcase>
      <testcase name="Test Cases/TimeZoneTC/HME-Account_Setting-Timezone-06" classname="Test Cases/TimeZoneTC/HME-Account_Setting-Timezone-06" status="FAILED">
         <failure type="FAILED" message="org.codehaus.groovy.runtime.powerassert.PowerAssertionError: assert TCflag==true
       |     |
       false false"/>
         <system-out><![CDATA[2018-06-14 20:24:22 - [TEST_CASE][FAILED] - Test Cases/TimeZoneTC/HME-Account_Setting-Timezone-06: Test Cases/TimeZoneTC/HME-Account_Setting-Timezone-06 FAILED because (of) org.codehaus.groovy.runtime.powerassert.PowerAssertionError: assert TCflag==true
       |     |
       false false

2018-06-14 20:24:22 - [TEST_STEP][PASSED] - Start listener action : sampleBeforeTestCase: uiaction.CommonUIActions.deleteAllCookies is PASSED

2018-06-14 20:24:22 - [TEST_STEP][PASSED] - openBrowser: Browser is opened with url: ''

2018-06-14 20:24:25 - [MESSAGE][PASSED] - Browser is opened with url: ''

2018-06-14 20:24:25 - [TEST_STEP][PASSED] - maximizeWindow: Current window maximized

2018-06-14 20:24:26 - [MESSAGE][PASSED] - Current window maximized

2018-06-14 20:24:26 - [TEST_STEP][PASSED] - uiaction.CommonUIActions.deleteAllCookies: uiaction.CommonUIActions.deleteAllCookies is PASSED

2018-06-14 20:24:26 - [MESSAGE][PASSED] - Delete all cookies successfully

2018-06-14 20:24:26 - [MESSAGE][PASSED] - uiaction.CommonUIActions.deleteAllCookies is PASSED

2018-06-14 20:24:26 - [TEST_STEP][PASSED] - Statement - TCflag = true: null

2018-06-14 20:24:26 - [TEST_STEP][PASSED] - Statement - Try: uiaction.CommonUIActions.click is PASSED

2018-06-14 20:24:26 - [TEST_STEP][PASSED] - navigateToUrl: Navigate to 'https://hme-dev-public-cloud-app.azurewebsites.net/' successfully

2018-06-14 20:24:29 - [MESSAGE][PASSED] - Navigate to 'https://hme-dev-public-cloud-app.azurewebsites.net/' successfully

2018-06-14 20:24:29 - [TEST_STEP][PASSED] - delay: Delayed 15 second(s)

2018-06-14 20:24:44 - [MESSAGE][PASSED] - Delayed 15 second(s)

2018-06-14 20:24:44 - [TEST_STEP][PASSED] - projectSpecific.Reusability.login: projectSpecific.Reusability.login is PASSED

2018-06-14 20:24:44 - [MESSAGE][PASSED] - projectSpecific.Reusability.getTestData is PASSED

2018-06-14 20:24:44 - [MESSAGE][PASSED] - projectSpecific.Reusability.getTestData is PASSED

2018-06-14 20:24:44 - [MESSAGE][PASSED] - Text 'selvendrank@nousinfo.com' is set on object 'Object Repository/LoginPage/Username'

2018-06-14 20:24:44 - [MESSAGE][PASSED] - Text 'nous;123' is set on object 'Object Repository/LoginPage/Password'

2018-06-14 20:24:44 - [MESSAGE][PASSED] - Object: 'Object Repository/LoginPage/Login' is clicked on

2018-06-14 20:24:44 - [MESSAGE][PASSED] - projectSpecific.Reusability.login is PASSED

2018-06-14 20:24:44 - [TEST_STEP][PASSED] - delay: Delayed 10 second(s)

2018-06-14 20:24:54 - [MESSAGE][PASSED] - Delayed 10 second(s)

2018-06-14 20:24:54 - [TEST_STEP][PASSED] - Statement - welcomeMsg = CustomKeywords.uiaction.CommonUIActions.getText(com.kms.katalon.core.testobject.ObjectRepository.findTestObject(HomePage/welcomeMessage)): uiaction.CommonUIActions.getText is PASSED

2018-06-14 20:25:04 - [MESSAGE][PASSED] - uiaction.CommonUIActions.getText is PASSED

2018-06-14 20:25:04 - [TEST_STEP][PASSED] - Statement - expactedWelcomeMsg = CustomKeywords.projectSpecific.Reusability.getTestData("HomePage", "welcomeMsg"): projectSpecific.Reusability.getTestData is PASSED

2018-06-14 20:25:04 - [MESSAGE][PASSED] - projectSpecific.Reusability.getTestData is PASSED

2018-06-14 20:25:04 - [TEST_STEP][PASSED] - Statement - If (welcomeMsg.contains(expactedWelcomeMsg)): null

2018-06-14 20:25:04 - [TEST_STEP][PASSED] - Statement - out.println("Welcome message is verified"): null

2018-06-14 20:25:04 - [TEST_STEP][PASSED] - uiaction.CommonUIActions.click: uiaction.CommonUIActions.click is PASSED

2018-06-14 20:25:16 - [MESSAGE][PASSED] - uiaction.CommonUIActions.click is PASSED

2018-06-14 20:25:16 - [TEST_STEP][PASSED] - Statement - storenumber = CustomKeywords.uiaction.CommonUIActions.getText(com.kms.katalon.core.testobject.ObjectRepository.findTestObject(StorePage/storepage_storenumber)): uiaction.CommonUIActions.getText is PASSED

2018-06-14 20:25:16 - [MESSAGE][PASSED] - uiaction.CommonUIActions.getText is PASSED

2018-06-14 20:25:16 - [TEST_STEP][PASSED] - Statement - out.println(" the store number is--" + storenumber.trim()): null

2018-06-14 20:25:16 - [TEST_STEP][PASSED] - uiaction.CommonUIActions.click: uiaction.CommonUIActions.click is PASSED

2018-06-14 20:25:17 - [MESSAGE][PASSED] - uiaction.CommonUIActions.click is PASSED

2018-06-14 20:25:17 - [TEST_STEP][PASSED] - delay: Delayed 10 second(s)

2018-06-14 20:25:27 - [MESSAGE][PASSED] - Delayed 10 second(s)

2018-06-14 20:25:27 - [TEST_STEP][PASSED] - Statement - driver = com.kms.katalon.core.webui.driver.DriverFactory.getWebDriver(): null

2018-06-14 20:25:27 - [TEST_STEP][PASSED] - Statement - driver.findElement(org.openqa.selenium.By.xpath("//span[contains(text(),'22222')]")).click(): null

2018-06-14 20:25:28 - [TEST_STEP][PASSED] - delay: Delayed 5 second(s)

2018-06-14 20:25:33 - [MESSAGE][PASSED] - Delayed 5 second(s)

2018-06-14 20:25:33 - [TEST_STEP][PASSED] - click: Object: 'Object Repository/ReportsPage/timeSelection' is clicked on

2018-06-14 20:25:33 - [MESSAGE][PASSED] - Object: 'Object Repository/ReportsPage/timeSelection' is clicked on

2018-06-14 20:25:33 - [TEST_STEP][PASSED] - click: Object: 'Object Repository/ReportsPage/weekTimeOption' is clicked on

2018-06-14 20:25:33 - [MESSAGE][PASSED] - Object: 'Object Repository/ReportsPage/weekTimeOption' is clicked on

2018-06-14 20:25:33 - [TEST_STEP][PASSED] - click: Object: 'Object Repository/ReportsPage/summaryReportHeading' is clicked on

2018-06-14 20:25:33 - [MESSAGE][PASSED] - Object: 'Object Repository/ReportsPage/summaryReportHeading' is clicked on

2018-06-14 20:25:33 - [TEST_STEP][PASSED] - verifyElementText: Actual text and expected text of test object 'Object Repository/ReportsPage/weekTimeOption' are matched.

2018-06-14 20:25:33 - [MESSAGE][PASSED] - projectSpecific.Reusability.getTestData is PASSED

2018-06-14 20:25:33 - [MESSAGE][PASSED] - Actual text and expected text of test object 'Object Repository/ReportsPage/weekTimeOption' are matched.

2018-06-14 20:25:33 - [TEST_STEP][PASSED] - verifyElementText: Actual text and expected text of test object 'Object Repository/ReportsPage/criteriaTimeMeasure' are matched.

2018-06-14 20:25:33 - [MESSAGE][PASSED] - projectSpecific.Reusability.getTestData is PASSED

2018-06-14 20:25:33 - [MESSAGE][PASSED] - Actual text and expected text of test object 'Object Repository/ReportsPage/criteriaTimeMeasure' are matched.

2018-06-14 20:25:33 - [TEST_STEP][PASSED] - delay: Delayed 5 second(s)

2018-06-14 20:25:38 - [MESSAGE][PASSED] - Delayed 5 second(s)

2018-06-14 20:25:38 - [TEST_STEP][PASSED] - click: Object: 'Object Repository/ReportsPage/fromDateSelector' is clicked on

2018-06-14 20:25:38 - [MESSAGE][PASSED] - Object: 'Object Repository/ReportsPage/fromDateSelector' is clicked on

2018-06-14 20:25:38 - [TEST_STEP][PASSED] - delay: Delayed 5 second(s)

2018-06-14 20:25:43 - [MESSAGE][PASSED] - Delayed 5 second(s)

2018-06-14 20:25:43 - [TEST_STEP][PASSED] - Statement - monthText = com.kms.katalon.core.webui.keyword.WebUiBuiltInKeywords.getText(com.kms.katalon.core.testobject.ObjectRepository.findTestObject(ReportsPage/monthText)): Text of object 'Object Repository/ReportsPage/monthText' is: 'June 2018'

2018-06-14 20:25:43 - [MESSAGE][PASSED] - Text of object 'Object Repository/ReportsPage/monthText' is: 'June 2018'

2018-06-14 20:25:43 - [TEST_STEP][PASSED] - Statement - monthTextArray = monthText.split(" "): null

2018-06-14 20:25:43 - [TEST_STEP][PASSED] - Statement - month = monthTextArray[0]: null

2018-06-14 20:25:43 - [TEST_STEP][PASSED] - Statement - monthTextValue = CustomKeywords.projectSpecific.Reusability.getTestData("ReportsPage", "Month"): projectSpecific.Reusability.getTestData is PASSED

2018-06-14 20:25:43 - [MESSAGE][PASSED] - projectSpecific.Reusability.getTestData is PASSED

2018-06-14 20:25:43 - [TEST_STEP][PASSED] - Statement - If (!(monthTextValue.equals(month))): null

2018-06-14 20:25:43 - [TEST_STEP][PASSED] - Statement - While (!(monthTextValue.equals(month))): null

2018-06-14 20:25:43 - [TEST_STEP][PASSED] - click: Object: 'Object Repository/ReportsPage/previousDateSelector' is clicked on

2018-06-14 20:25:43 - [MESSAGE][PASSED] - Object: 'Object Repository/ReportsPage/previousDateSelector' is clicked on

2018-06-14 20:25:43 - [TEST_STEP][PASSED] - Statement - monthText = com.kms.katalon.core.webui.keyword.WebUiBuiltInKeywords.getText(com.kms.katalon.core.testobject.ObjectRepository.findTestObject(ReportsPage/monthText)): Text of object 'Object Repository/ReportsPage/monthText' is: 'May 2018'

2018-06-14 20:25:43 - [MESSAGE][PASSED] - Text of object 'Object Repository/ReportsPage/monthText' is: 'May 2018'

2018-06-14 20:25:43 - [TEST_STEP][PASSED] - Statement - monthTextArray = monthText.split(" "): null

2018-06-14 20:25:43 - [TEST_STEP][PASSED] - Statement - month = monthTextArray[0]: null

2018-06-14 20:25:43 - [TEST_STEP][PASSED] - click: Object: 'Object Repository/ReportsPage/previousDateSelector' is clicked on

2018-06-14 20:25:43 - [MESSAGE][PASSED] - Object: 'Object Repository/ReportsPage/previousDateSelector' is clicked on

2018-06-14 20:25:43 - [TEST_STEP][PASSED] - Statement - monthText = com.kms.katalon.core.webui.keyword.WebUiBuiltInKeywords.getText(com.kms.katalon.core.testobject.ObjectRepository.findTestObject(ReportsPage/monthText)): Text of object 'Object Repository/ReportsPage/monthText' is: 'April 2018'

2018-06-14 20:25:43 - [MESSAGE][PASSED] - Text of object 'Object Repository/ReportsPage/monthText' is: 'April 2018'

2018-06-14 20:25:43 - [TEST_STEP][PASSED] - Statement - monthTextArray = monthText.split(" "): null

2018-06-14 20:25:43 - [TEST_STEP][PASSED] - Statement - month = monthTextArray[0]: null

2018-06-14 20:25:43 - [TEST_STEP][PASSED] - click: Object: 'Object Repository/ReportsPage/previousDateSelector' is clicked on

2018-06-14 20:25:43 - [MESSAGE][PASSED] - Object: 'Object Repository/ReportsPage/previousDateSelector' is clicked on

2018-06-14 20:25:43 - [TEST_STEP][PASSED] - Statement - monthText = com.kms.katalon.core.webui.keyword.WebUiBuiltInKeywords.getText(com.kms.katalon.core.testobject.ObjectRepository.findTestObject(ReportsPage/monthText)): Text of object 'Object Repository/ReportsPage/monthText' is: 'March 2018'

2018-06-14 20:25:43 - [MESSAGE][PASSED] - Text of object 'Object Repository/ReportsPage/monthText' is: 'March 2018'

2018-06-14 20:25:43 - [TEST_STEP][PASSED] - Statement - monthTextArray = monthText.split(" "): null

2018-06-14 20:25:43 - [TEST_STEP][PASSED] - Statement - month = monthTextArray[0]: null

2018-06-14 20:25:43 - [TEST_STEP][PASSED] - Statement - data = CustomKeywords.projectSpecific.Reusability.getTestData("ReportsPage", "StartDate_March2"): projectSpecific.Reusability.getTestData is PASSED

2018-06-14 20:25:43 - [MESSAGE][PASSED] - projectSpecific.Reusability.getTestData is PASSED

2018-06-14 20:25:43 - [TEST_STEP][PASSED] - Statement - startDate = "(//td[text()='" + data + "'])[1]": null

2018-06-14 20:25:43 - [TEST_STEP][PASSED] - Statement - println(startDate): null

2018-06-14 20:25:43 - [TEST_STEP][PASSED] - Statement - startdateEle = driver.findElement(org.openqa.selenium.By.xpath(startDate)): null

2018-06-14 20:25:43 - [TEST_STEP][PASSED] - Statement - startdateEle.click(): null

2018-06-14 20:25:43 - [TEST_STEP][PASSED] - delay: Delayed 5 second(s)

2018-06-14 20:25:48 - [MESSAGE][PASSED] - Delayed 5 second(s)

2018-06-14 20:25:48 - [TEST_STEP][PASSED] - click: Object: 'Object Repository/ReportsPage/toDateSelector' is clicked on

2018-06-14 20:25:48 - [MESSAGE][PASSED] - Object: 'Object Repository/ReportsPage/toDateSelector' is clicked on

2018-06-14 20:25:48 - [TEST_STEP][PASSED] - Statement - monthText = com.kms.katalon.core.webui.keyword.WebUiBuiltInKeywords.getText(com.kms.katalon.core.testobject.ObjectRepository.findTestObject(ReportsPage/monthText2)): Text of object 'Object Repository/ReportsPage/monthText2' is: 'June 2018'

2018-06-14 20:25:48 - [MESSAGE][PASSED] - Text of object 'Object Repository/ReportsPage/monthText2' is: 'June 2018'

2018-06-14 20:25:48 - [TEST_STEP][PASSED] - Statement - monthTextArray = monthText.split(" "): null

2018-06-14 20:25:48 - [TEST_STEP][PASSED] - Statement - month = monthTextArray[0]: null

2018-06-14 20:25:48 - [TEST_STEP][PASSED] - Statement - monthTextValue1 = CustomKeywords.projectSpecific.Reusability.getTestData("ReportsPage", "Month"): projectSpecific.Reusability.getTestData is PASSED

2018-06-14 20:25:48 - [MESSAGE][PASSED] - projectSpecific.Reusability.getTestData is PASSED

2018-06-14 20:25:48 - [TEST_STEP][PASSED] - Statement - If (!(monthTextValue1.equals(month))): null

2018-06-14 20:25:48 - [TEST_STEP][PASSED] - Statement - While (!(monthTextValue1.equals(month))): null

2018-06-14 20:25:48 - [TEST_STEP][PASSED] - click: Object: 'Object Repository/ReportsPage/previousDateSelector2' is clicked on

2018-06-14 20:25:48 - [MESSAGE][PASSED] - Object: 'Object Repository/ReportsPage/previousDateSelector2' is clicked on

2018-06-14 20:25:48 - [TEST_STEP][PASSED] - Statement - monthText = com.kms.katalon.core.webui.keyword.WebUiBuiltInKeywords.getText(com.kms.katalon.core.testobject.ObjectRepository.findTestObject(ReportsPage/monthText2)): Text of object 'Object Repository/ReportsPage/monthText2' is: 'May 2018'

2018-06-14 20:25:48 - [MESSAGE][PASSED] - Text of object 'Object Repository/ReportsPage/monthText2' is: 'May 2018'

2018-06-14 20:25:48 - [TEST_STEP][PASSED] - Statement - monthTextArray = monthText.split(" "): null

2018-06-14 20:25:48 - [TEST_STEP][PASSED] - Statement - month = monthTextArray[0]: null

2018-06-14 20:25:48 - [TEST_STEP][PASSED] - click: Object: 'Object Repository/ReportsPage/previousDateSelector2' is clicked on

2018-06-14 20:25:49 - [MESSAGE][PASSED] - Object: 'Object Repository/ReportsPage/previousDateSelector2' is clicked on

2018-06-14 20:25:49 - [TEST_STEP][PASSED] - Statement - monthText = com.kms.katalon.core.webui.keyword.WebUiBuiltInKeywords.getText(com.kms.katalon.core.testobject.ObjectRepository.findTestObject(ReportsPage/monthText2)): Text of object 'Object Repository/ReportsPage/monthText2' is: 'April 2018'

2018-06-14 20:25:49 - [MESSAGE][PASSED] - Text of object 'Object Repository/ReportsPage/monthText2' is: 'April 2018'

2018-06-14 20:25:49 - [TEST_STEP][PASSED] - Statement - monthTextArray = monthText.split(" "): null

2018-06-14 20:25:49 - [TEST_STEP][PASSED] - Statement - month = monthTextArray[0]: null

2018-06-14 20:25:49 - [TEST_STEP][PASSED] - click: Object: 'Object Repository/ReportsPage/previousDateSelector2' is clicked on

2018-06-14 20:25:49 - [MESSAGE][PASSED] - Object: 'Object Repository/ReportsPage/previousDateSelector2' is clicked on

2018-06-14 20:25:49 - [TEST_STEP][PASSED] - Statement - monthText = com.kms.katalon.core.webui.keyword.WebUiBuiltInKeywords.getText(com.kms.katalon.core.testobject.ObjectRepository.findTestObject(ReportsPage/monthText2)): Text of object 'Object Repository/ReportsPage/monthText2' is: 'March 2018'

2018-06-14 20:25:49 - [MESSAGE][PASSED] - Text of object 'Object Repository/ReportsPage/monthText2' is: 'March 2018'

2018-06-14 20:25:49 - [TEST_STEP][PASSED] - Statement - monthTextArray = monthText.split(" "): null

2018-06-14 20:25:49 - [TEST_STEP][PASSED] - Statement - month = monthTextArray[0]: null

2018-06-14 20:25:49 - [TEST_STEP][PASSED] - Statement - endDate = CustomKeywords.projectSpecific.Reusability.getTestData("ReportsPage", "EndDate_March2"): projectSpecific.Reusability.getTestData is PASSED

2018-06-14 20:25:49 - [MESSAGE][PASSED] - projectSpecific.Reusability.getTestData is PASSED

2018-06-14 20:25:49 - [TEST_STEP][PASSED] - Statement - toDate = "(//td[text()='" + endDate + "'])[2]": null

2018-06-14 20:25:49 - [TEST_STEP][PASSED] - Statement - println(toDate): null

2018-06-14 20:25:49 - [TEST_STEP][PASSED] - Statement - toDateEle = driver.findElement(org.openqa.selenium.By.xpath(toDate)): null

2018-06-14 20:25:49 - [TEST_STEP][PASSED] - Statement - toDateEle.click(): null

2018-06-14 20:25:49 - [TEST_STEP][PASSED] - delay: Delayed 5 second(s)

2018-06-14 20:25:54 - [MESSAGE][PASSED] - Delayed 5 second(s)

2018-06-14 20:25:54 - [TEST_STEP][PASSED] - Statement - dateAttr = com.kms.katalon.core.webui.keyword.WebUiBuiltInKeywords.getAttribute(com.kms.katalon.core.testobject.ObjectRepository.findTestObject(ReportsPage/selectedDate1), "value"): Attribute 'value' of object 'Object Repository/ReportsPage/selectedDate1' is: '03/13/2018'

2018-06-14 20:25:54 - [MESSAGE][PASSED] - Attribute 'value' of object 'Object Repository/ReportsPage/selectedDate1' is: '03/13/2018'

2018-06-14 20:25:54 - [TEST_STEP][PASSED] - Statement - fromDateValue = CustomKeywords.projectSpecific.Reusability.getTestData("ReportsPage", "fromDate_March2"): projectSpecific.Reusability.getTestData is PASSED

2018-06-14 20:25:54 - [MESSAGE][PASSED] - projectSpecific.Reusability.getTestData is PASSED

2018-06-14 20:25:54 - [TEST_STEP][PASSED] - Statement - If (!(dateAttr.equals(fromDateValue))): null

2018-06-14 20:25:54 - [TEST_STEP][PASSED] - Statement - dateAttr = com.kms.katalon.core.webui.keyword.WebUiBuiltInKeywords.getAttribute(com.kms.katalon.core.testobject.ObjectRepository.findTestObject(ReportsPage/selectedDate2), "value"): Attribute 'value' of object 'Object Repository/ReportsPage/selectedDate2' is: '03/16/2018'

2018-06-14 20:25:54 - [MESSAGE][PASSED] - Attribute 'value' of object 'Object Repository/ReportsPage/selectedDate2' is: '03/16/2018'

2018-06-14 20:25:54 - [TEST_STEP][PASSED] - Statement - toDateValue = CustomKeywords.projectSpecific.Reusability.getTestData("ReportsPage", "toDate_March2"): projectSpecific.Reusability.getTestData is PASSED

2018-06-14 20:25:54 - [MESSAGE][PASSED] - projectSpecific.Reusability.getTestData is PASSED

2018-06-14 20:25:54 - [TEST_STEP][PASSED] - Statement - If (!(dateAttr.equals(toDateValue))): null

2018-06-14 20:25:54 - [TEST_STEP][PASSED] - click: Object: 'Object Repository/ReportsPage/generateReport' is clicked on

2018-06-14 20:25:54 - [MESSAGE][PASSED] - Object: 'Object Repository/ReportsPage/generateReport' is clicked on

2018-06-14 20:25:54 - [TEST_STEP][PASSED] - delay: Delayed 15 second(s)

2018-06-14 20:26:09 - [MESSAGE][PASSED] - Delayed 15 second(s)

2018-06-14 20:26:09 - [TEST_STEP][PASSED] - Statement - printTime = CustomKeywords.uiaction.CommonUIActions.getText(com.kms.katalon.core.testobject.ObjectRepository.findTestObject(SummarizedReportPage/printTime)): uiaction.CommonUIActions.getText is PASSED

2018-06-14 20:26:29 - [MESSAGE][PASSED] - uiaction.CommonUIActions.getText is PASSED

2018-06-14 20:26:29 - [TEST_STEP][PASSED] - Statement - cal = java.util.Calendar.getInstance(): null

2018-06-14 20:26:29 - [TEST_STEP][PASSED] - Statement - sdf = new java.text.SimpleDateFormat(hh:mm a): null

2018-06-14 20:26:29 - [TEST_STEP][PASSED] - Statement - currentSystemTime = sdf.format(cal.getTime()): null

2018-06-14 20:26:29 - [TEST_STEP][PASSED] - Statement - out.println(currentSystemTime): null

2018-06-14 20:26:29 - [TEST_STEP][PASSED] - Statement - If (currentSystemTime.contains(printTime)): null

2018-06-14 20:26:29 - [TEST_STEP][PASSED] - Statement - Else: Taking screenshot successfully

2018-06-14 20:26:29 - [TEST_STEP][PASSED] - Statement - If (TCflag): null

2018-06-14 20:26:29 - [TEST_STEP][PASSED] - Statement - out.println("Print Time is not displayed the current local time "): null

2018-06-14 20:26:29 - [TEST_STEP][PASSED] - takeScreenshot: Taking screenshot successfully

2018-06-14 20:26:29 - [MESSAGE][PASSED] - Taking screenshot successfully
[[ATTACHMENT|C:\\Users\\shalinin\\Katalon Studio\\HME_Scripts\\Reports\\RegressionSuite\\20180614_164441\\1528988189651.png]]

2018-06-14 20:26:29 - [TEST_STEP][PASSED] - delay: Delayed 5 second(s)

2018-06-14 20:26:34 - [MESSAGE][PASSED] - Delayed 5 second(s)

2018-06-14 20:26:34 - [TEST_STEP][PASSED] - uiaction.CommonUIActions.click: uiaction.CommonUIActions.click is PASSED

2018-06-14 20:26:39 - [MESSAGE][PASSED] - uiaction.CommonUIActions.click is PASSED

2018-06-14 20:26:39 - [TEST_STEP][PASSED] - Statement - assert TCflag == true: null

2018-06-14 20:26:39 - [TEST_STEP][PASSED] - Start listener action : sampleAfterTestCase: Browser is closed

2018-06-14 20:26:39 - [TEST_STEP][PASSED] - Statement - println(testCaseContext.getTestCaseId()): null

2018-06-14 20:26:39 - [TEST_STEP][PASSED] - Statement - println(testCaseContext.getTestCaseStatus()): null

2018-06-14 20:26:39 - [TEST_STEP][PASSED] - closeBrowser: Browser is closed

2018-06-14 20:26:39 - [MESSAGE][PASSED] - Browser is closed]]></system-out>
         <system-err><![CDATA[2018-06-14 20:24:22 - [TEST_CASE][FAILED] - Test Cases/TimeZoneTC/HME-Account_Setting-Timezone-06: Test Cases/TimeZoneTC/HME-Account_Setting-Timezone-06 FAILED because (of) org.codehaus.groovy.runtime.powerassert.PowerAssertionError: assert TCflag==true
       |     |
       false false]]></system-err>
      </testcase>
      <testcase name="Test Cases/TimeZoneTC/HME-Browser-Timezone-01" classname="Test Cases/TimeZoneTC/HME-Browser-Timezone-01" status="FAILED">
         <failure type="FAILED" message="org.codehaus.groovy.runtime.powerassert.PowerAssertionError: assert TCflag==true
       |     |
       false false"/>
         <system-out><![CDATA[2018-06-14 20:26:39 - [TEST_CASE][FAILED] - Test Cases/TimeZoneTC/HME-Browser-Timezone-01: Test Cases/TimeZoneTC/HME-Browser-Timezone-01 FAILED because (of) org.codehaus.groovy.runtime.powerassert.PowerAssertionError: assert TCflag==true
       |     |
       false false

2018-06-14 20:26:39 - [TEST_STEP][PASSED] - Start listener action : sampleBeforeTestCase: uiaction.CommonUIActions.deleteAllCookies is PASSED

2018-06-14 20:26:39 - [TEST_STEP][PASSED] - openBrowser: Browser is opened with url: ''

2018-06-14 20:26:42 - [MESSAGE][PASSED] - Browser is opened with url: ''

2018-06-14 20:26:42 - [TEST_STEP][PASSED] - maximizeWindow: Current window maximized

2018-06-14 20:26:44 - [MESSAGE][PASSED] - Current window maximized

2018-06-14 20:26:44 - [TEST_STEP][PASSED] - uiaction.CommonUIActions.deleteAllCookies: uiaction.CommonUIActions.deleteAllCookies is PASSED

2018-06-14 20:26:44 - [MESSAGE][PASSED] - Delete all cookies successfully

2018-06-14 20:26:44 - [MESSAGE][PASSED] - uiaction.CommonUIActions.deleteAllCookies is PASSED

2018-06-14 20:26:44 - [TEST_STEP][PASSED] - Statement - TCflag = true: null

2018-06-14 20:26:44 - [TEST_STEP][PASSED] - Statement - Try: uiaction.CommonUIActions.click is PASSED

2018-06-14 20:26:44 - [TEST_STEP][PASSED] - navigateToUrl: Navigate to 'https://hme-dev-public-cloud-app.azurewebsites.net/' successfully

2018-06-14 20:26:47 - [MESSAGE][PASSED] - Navigate to 'https://hme-dev-public-cloud-app.azurewebsites.net/' successfully

2018-06-14 20:26:47 - [TEST_STEP][PASSED] - projectSpecific.Reusability.login: projectSpecific.Reusability.login is PASSED

2018-06-14 20:26:47 - [MESSAGE][PASSED] - projectSpecific.Reusability.getTestData is PASSED

2018-06-14 20:26:47 - [MESSAGE][PASSED] - projectSpecific.Reusability.getTestData is PASSED

2018-06-14 20:26:47 - [MESSAGE][PASSED] - Text 'selvendrank@nousinfo.com' is set on object 'Object Repository/LoginPage/Username'

2018-06-14 20:26:47 - [MESSAGE][PASSED] - Text 'nous;123' is set on object 'Object Repository/LoginPage/Password'

2018-06-14 20:26:47 - [MESSAGE][PASSED] - Object: 'Object Repository/LoginPage/Login' is clicked on

2018-06-14 20:26:47 - [MESSAGE][PASSED] - projectSpecific.Reusability.login is PASSED

2018-06-14 20:26:47 - [TEST_STEP][PASSED] - delay: Delayed 10 second(s)

2018-06-14 20:26:57 - [MESSAGE][PASSED] - Delayed 10 second(s)

2018-06-14 20:26:57 - [TEST_STEP][PASSED] - Statement - welcomeMsg = CustomKeywords.uiaction.CommonUIActions.getText(com.kms.katalon.core.testobject.ObjectRepository.findTestObject(HomePage/welcomeMessage)): uiaction.CommonUIActions.getText is PASSED

2018-06-14 20:27:07 - [MESSAGE][PASSED] - uiaction.CommonUIActions.getText is PASSED

2018-06-14 20:27:07 - [TEST_STEP][PASSED] - Statement - expactedWelcomeMsg = CustomKeywords.projectSpecific.Reusability.getTestData("HomePage", "welcomeMsg"): projectSpecific.Reusability.getTestData is PASSED

2018-06-14 20:27:07 - [MESSAGE][PASSED] - projectSpecific.Reusability.getTestData is PASSED

2018-06-14 20:27:07 - [TEST_STEP][PASSED] - Statement - If (welcomeMsg.contains(expactedWelcomeMsg)): null

2018-06-14 20:27:07 - [TEST_STEP][PASSED] - Statement - out.println("Welcome message is verified"): null

2018-06-14 20:27:07 - [TEST_STEP][PASSED] - uiaction.CommonUIActions.click: uiaction.CommonUIActions.click is PASSED

2018-06-14 20:27:18 - [MESSAGE][PASSED] - uiaction.CommonUIActions.click is PASSED

2018-06-14 20:27:18 - [TEST_STEP][PASSED] - Statement - storenumber = CustomKeywords.uiaction.CommonUIActions.getText(com.kms.katalon.core.testobject.ObjectRepository.findTestObject(StorePage/storepage_storenumber)): uiaction.CommonUIActions.getText is PASSED

2018-06-14 20:27:18 - [MESSAGE][PASSED] - uiaction.CommonUIActions.getText is PASSED

2018-06-14 20:27:18 - [TEST_STEP][PASSED] - Statement - out.println(" the store number is--" + storenumber.trim()): null

2018-06-14 20:27:18 - [TEST_STEP][PASSED] - uiaction.CommonUIActions.click: uiaction.CommonUIActions.click is PASSED

2018-06-14 20:27:20 - [MESSAGE][PASSED] - uiaction.CommonUIActions.click is PASSED

2018-06-14 20:27:20 - [TEST_STEP][PASSED] - delay: Delayed 10 second(s)

2018-06-14 20:27:30 - [MESSAGE][PASSED] - Delayed 10 second(s)

2018-06-14 20:27:30 - [TEST_STEP][PASSED] - Statement - driver = com.kms.katalon.core.webui.driver.DriverFactory.getWebDriver(): null

2018-06-14 20:27:30 - [TEST_STEP][PASSED] - Statement - driver.findElement(org.openqa.selenium.By.xpath("//span[contains(text(),'22222')]")).click(): null

2018-06-14 20:27:30 - [TEST_STEP][PASSED] - click: Object: 'Object Repository/ReportsPage/timeSelection' is clicked on

2018-06-14 20:27:30 - [MESSAGE][PASSED] - Object: 'Object Repository/ReportsPage/timeSelection' is clicked on

2018-06-14 20:27:30 - [TEST_STEP][PASSED] - click: Object: 'Object Repository/ReportsPage/dayTimeOption' is clicked on

2018-06-14 20:27:30 - [MESSAGE][PASSED] - Object: 'Object Repository/ReportsPage/dayTimeOption' is clicked on

2018-06-14 20:27:30 - [TEST_STEP][PASSED] - click: Object: 'Object Repository/ReportsPage/summaryReportHeading' is clicked on

2018-06-14 20:27:30 - [MESSAGE][PASSED] - Object: 'Object Repository/ReportsPage/summaryReportHeading' is clicked on

2018-06-14 20:27:30 - [TEST_STEP][PASSED] - verifyElementText: Actual text and expected text of test object 'Object Repository/ReportsPage/dayTimeOption' are matched.

2018-06-14 20:27:30 - [MESSAGE][PASSED] - projectSpecific.Reusability.getTestData is PASSED

2018-06-14 20:27:30 - [MESSAGE][PASSED] - Actual text and expected text of test object 'Object Repository/ReportsPage/dayTimeOption' are matched.

2018-06-14 20:27:30 - [TEST_STEP][PASSED] - verifyElementText: Actual text and expected text of test object 'Object Repository/ReportsPage/criteriaTimeMeasureForDay' are matched.

2018-06-14 20:27:30 - [MESSAGE][PASSED] - projectSpecific.Reusability.getTestData is PASSED

2018-06-14 20:27:30 - [MESSAGE][PASSED] - Actual text and expected text of test object 'Object Repository/ReportsPage/criteriaTimeMeasureForDay' are matched.

2018-06-14 20:27:30 - [TEST_STEP][PASSED] - delay: Delayed 5 second(s)

2018-06-14 20:27:35 - [MESSAGE][PASSED] - Delayed 5 second(s)

2018-06-14 20:27:35 - [TEST_STEP][PASSED] - click: Object: 'Object Repository/ReportsPage/fromDateSelector' is clicked on

2018-06-14 20:27:35 - [MESSAGE][PASSED] - Object: 'Object Repository/ReportsPage/fromDateSelector' is clicked on

2018-06-14 20:27:35 - [TEST_STEP][PASSED] - delay: Delayed 5 second(s)

2018-06-14 20:27:40 - [MESSAGE][PASSED] - Delayed 5 second(s)

2018-06-14 20:27:40 - [TEST_STEP][PASSED] - Statement - monthText = com.kms.katalon.core.webui.keyword.WebUiBuiltInKeywords.getText(com.kms.katalon.core.testobject.ObjectRepository.findTestObject(ReportsPage/monthText)): Text of object 'Object Repository/ReportsPage/monthText' is: 'June 2018'

2018-06-14 20:27:40 - [MESSAGE][PASSED] - Text of object 'Object Repository/ReportsPage/monthText' is: 'June 2018'

2018-06-14 20:27:40 - [TEST_STEP][PASSED] - Statement - monthTextArray = monthText.split(" "): null

2018-06-14 20:27:40 - [TEST_STEP][PASSED] - Statement - month = monthTextArray[0]: null

2018-06-14 20:27:40 - [TEST_STEP][PASSED] - Statement - monthTextValue = CustomKeywords.projectSpecific.Reusability.getTestData("ReportsPage", "Month"): projectSpecific.Reusability.getTestData is PASSED

2018-06-14 20:27:40 - [MESSAGE][PASSED] - projectSpecific.Reusability.getTestData is PASSED

2018-06-14 20:27:40 - [TEST_STEP][PASSED] - Statement - If (!(monthTextValue.equals(month))): null

2018-06-14 20:27:40 - [TEST_STEP][PASSED] - Statement - While (!(monthTextValue.equals(month))): null

2018-06-14 20:27:40 - [TEST_STEP][PASSED] - click: Object: 'Object Repository/ReportsPage/previousDateSelector' is clicked on

2018-06-14 20:27:40 - [MESSAGE][PASSED] - Object: 'Object Repository/ReportsPage/previousDateSelector' is clicked on

2018-06-14 20:27:40 - [TEST_STEP][PASSED] - Statement - monthText = com.kms.katalon.core.webui.keyword.WebUiBuiltInKeywords.getText(com.kms.katalon.core.testobject.ObjectRepository.findTestObject(ReportsPage/monthText)): Text of object 'Object Repository/ReportsPage/monthText' is: 'May 2018'

2018-06-14 20:27:41 - [MESSAGE][PASSED] - Text of object 'Object Repository/ReportsPage/monthText' is: 'May 2018'

2018-06-14 20:27:41 - [TEST_STEP][PASSED] - Statement - monthTextArray = monthText.split(" "): null

2018-06-14 20:27:41 - [TEST_STEP][PASSED] - Statement - month = monthTextArray[0]: null

2018-06-14 20:27:41 - [TEST_STEP][PASSED] - click: Object: 'Object Repository/ReportsPage/previousDateSelector' is clicked on

2018-06-14 20:27:41 - [MESSAGE][PASSED] - Object: 'Object Repository/ReportsPage/previousDateSelector' is clicked on

2018-06-14 20:27:41 - [TEST_STEP][PASSED] - Statement - monthText = com.kms.katalon.core.webui.keyword.WebUiBuiltInKeywords.getText(com.kms.katalon.core.testobject.ObjectRepository.findTestObject(ReportsPage/monthText)): Text of object 'Object Repository/ReportsPage/monthText' is: 'April 2018'

2018-06-14 20:27:41 - [MESSAGE][PASSED] - Text of object 'Object Repository/ReportsPage/monthText' is: 'April 2018'

2018-06-14 20:27:41 - [TEST_STEP][PASSED] - Statement - monthTextArray = monthText.split(" "): null

2018-06-14 20:27:41 - [TEST_STEP][PASSED] - Statement - month = monthTextArray[0]: null

2018-06-14 20:27:41 - [TEST_STEP][PASSED] - click: Object: 'Object Repository/ReportsPage/previousDateSelector' is clicked on

2018-06-14 20:27:41 - [MESSAGE][PASSED] - Object: 'Object Repository/ReportsPage/previousDateSelector' is clicked on

2018-06-14 20:27:41 - [TEST_STEP][PASSED] - Statement - monthText = com.kms.katalon.core.webui.keyword.WebUiBuiltInKeywords.getText(com.kms.katalon.core.testobject.ObjectRepository.findTestObject(ReportsPage/monthText)): Text of object 'Object Repository/ReportsPage/monthText' is: 'March 2018'

2018-06-14 20:27:41 - [MESSAGE][PASSED] - Text of object 'Object Repository/ReportsPage/monthText' is: 'March 2018'

2018-06-14 20:27:41 - [TEST_STEP][PASSED] - Statement - monthTextArray = monthText.split(" "): null

2018-06-14 20:27:41 - [TEST_STEP][PASSED] - Statement - month = monthTextArray[0]: null

2018-06-14 20:27:41 - [TEST_STEP][PASSED] - Statement - data = CustomKeywords.projectSpecific.Reusability.getTestData("ReportsPage", "StartDate_March"): projectSpecific.Reusability.getTestData is PASSED

2018-06-14 20:27:41 - [MESSAGE][PASSED] - projectSpecific.Reusability.getTestData is PASSED

2018-06-14 20:27:41 - [TEST_STEP][PASSED] - Statement - startDate = "(//td[text()='" + data + "'])[1]": null

2018-06-14 20:27:41 - [TEST_STEP][PASSED] - Statement - println(startDate): null

2018-06-14 20:27:41 - [TEST_STEP][PASSED] - Statement - startdateEle = driver.findElement(org.openqa.selenium.By.xpath(startDate)): null

2018-06-14 20:27:41 - [TEST_STEP][PASSED] - Statement - startdateEle.click(): null

2018-06-14 20:27:41 - [TEST_STEP][PASSED] - delay: Delayed 5 second(s)

2018-06-14 20:27:46 - [MESSAGE][PASSED] - Delayed 5 second(s)

2018-06-14 20:27:46 - [TEST_STEP][PASSED] - click: Object: 'Object Repository/ReportsPage/toDateSelector' is clicked on

2018-06-14 20:27:46 - [MESSAGE][PASSED] - Object: 'Object Repository/ReportsPage/toDateSelector' is clicked on

2018-06-14 20:27:46 - [TEST_STEP][PASSED] - Statement - monthText = com.kms.katalon.core.webui.keyword.WebUiBuiltInKeywords.getText(com.kms.katalon.core.testobject.ObjectRepository.findTestObject(ReportsPage/monthText2)): Text of object 'Object Repository/ReportsPage/monthText2' is: 'June 2018'

2018-06-14 20:27:46 - [MESSAGE][PASSED] - Text of object 'Object Repository/ReportsPage/monthText2' is: 'June 2018'

2018-06-14 20:27:46 - [TEST_STEP][PASSED] - Statement - monthTextArray = monthText.split(" "): null

2018-06-14 20:27:46 - [TEST_STEP][PASSED] - Statement - month = monthTextArray[0]: null

2018-06-14 20:27:46 - [TEST_STEP][PASSED] - Statement - monthTextValue1 = CustomKeywords.projectSpecific.Reusability.getTestData("ReportsPage", "Month"): projectSpecific.Reusability.getTestData is PASSED

2018-06-14 20:27:46 - [MESSAGE][PASSED] - projectSpecific.Reusability.getTestData is PASSED

2018-06-14 20:27:46 - [TEST_STEP][PASSED] - Statement - If (!(monthTextValue1.equals(month))): null

2018-06-14 20:27:46 - [TEST_STEP][PASSED] - Statement - While (!(monthTextValue1.equals(month))): null

2018-06-14 20:27:46 - [TEST_STEP][PASSED] - click: Object: 'Object Repository/ReportsPage/previousDateSelector2' is clicked on

2018-06-14 20:27:46 - [MESSAGE][PASSED] - Object: 'Object Repository/ReportsPage/previousDateSelector2' is clicked on

2018-06-14 20:27:46 - [TEST_STEP][PASSED] - Statement - monthText = com.kms.katalon.core.webui.keyword.WebUiBuiltInKeywords.getText(com.kms.katalon.core.testobject.ObjectRepository.findTestObject(ReportsPage/monthText2)): Text of object 'Object Repository/ReportsPage/monthText2' is: 'May 2018'

2018-06-14 20:27:46 - [MESSAGE][PASSED] - Text of object 'Object Repository/ReportsPage/monthText2' is: 'May 2018'

2018-06-14 20:27:46 - [TEST_STEP][PASSED] - Statement - monthTextArray = monthText.split(" "): null

2018-06-14 20:27:46 - [TEST_STEP][PASSED] - Statement - month = monthTextArray[0]: null

2018-06-14 20:27:46 - [TEST_STEP][PASSED] - click: Object: 'Object Repository/ReportsPage/previousDateSelector2' is clicked on

2018-06-14 20:27:46 - [MESSAGE][PASSED] - Object: 'Object Repository/ReportsPage/previousDateSelector2' is clicked on

2018-06-14 20:27:46 - [TEST_STEP][PASSED] - Statement - monthText = com.kms.katalon.core.webui.keyword.WebUiBuiltInKeywords.getText(com.kms.katalon.core.testobject.ObjectRepository.findTestObject(ReportsPage/monthText2)): Text of object 'Object Repository/ReportsPage/monthText2' is: 'April 2018'

2018-06-14 20:27:46 - [MESSAGE][PASSED] - Text of object 'Object Repository/ReportsPage/monthText2' is: 'April 2018'

2018-06-14 20:27:46 - [TEST_STEP][PASSED] - Statement - monthTextArray = monthText.split(" "): null

2018-06-14 20:27:46 - [TEST_STEP][PASSED] - Statement - month = monthTextArray[0]: null

2018-06-14 20:27:46 - [TEST_STEP][PASSED] - click: Object: 'Object Repository/ReportsPage/previousDateSelector2' is clicked on

2018-06-14 20:27:46 - [MESSAGE][PASSED] - Object: 'Object Repository/ReportsPage/previousDateSelector2' is clicked on

2018-06-14 20:27:46 - [TEST_STEP][PASSED] - Statement - monthText = com.kms.katalon.core.webui.keyword.WebUiBuiltInKeywords.getText(com.kms.katalon.core.testobject.ObjectRepository.findTestObject(ReportsPage/monthText2)): Text of object 'Object Repository/ReportsPage/monthText2' is: 'March 2018'

2018-06-14 20:27:46 - [MESSAGE][PASSED] - Text of object 'Object Repository/ReportsPage/monthText2' is: 'March 2018'

2018-06-14 20:27:46 - [TEST_STEP][PASSED] - Statement - monthTextArray = monthText.split(" "): null

2018-06-14 20:27:46 - [TEST_STEP][PASSED] - Statement - month = monthTextArray[0]: null

2018-06-14 20:27:46 - [TEST_STEP][PASSED] - Statement - endDate = CustomKeywords.projectSpecific.Reusability.getTestData("ReportsPage", "EndDate_March"): projectSpecific.Reusability.getTestData is PASSED

2018-06-14 20:27:46 - [MESSAGE][PASSED] - projectSpecific.Reusability.getTestData is PASSED

2018-06-14 20:27:46 - [TEST_STEP][PASSED] - Statement - toDate = "(//td[text()='" + endDate + "'])[2]": null

2018-06-14 20:27:46 - [TEST_STEP][PASSED] - Statement - println(toDate): null

2018-06-14 20:27:46 - [TEST_STEP][PASSED] - Statement - toDateEle = driver.findElement(org.openqa.selenium.By.xpath(toDate)): null

2018-06-14 20:27:46 - [TEST_STEP][PASSED] - Statement - toDateEle.click(): null

2018-06-14 20:27:46 - [TEST_STEP][PASSED] - delay: Delayed 5 second(s)

2018-06-14 20:27:51 - [MESSAGE][PASSED] - Delayed 5 second(s)

2018-06-14 20:27:51 - [TEST_STEP][PASSED] - Statement - dateAttr = com.kms.katalon.core.webui.keyword.WebUiBuiltInKeywords.getAttribute(com.kms.katalon.core.testobject.ObjectRepository.findTestObject(ReportsPage/selectedDate1), "value"): Attribute 'value' of object 'Object Repository/ReportsPage/selectedDate1' is: '03/09/2018'

2018-06-14 20:27:51 - [MESSAGE][PASSED] - Attribute 'value' of object 'Object Repository/ReportsPage/selectedDate1' is: '03/09/2018'

2018-06-14 20:27:51 - [TEST_STEP][PASSED] - Statement - fromDateValue = CustomKeywords.projectSpecific.Reusability.getTestData("ReportsPage", "fromDate_March"): projectSpecific.Reusability.getTestData is PASSED

2018-06-14 20:27:51 - [MESSAGE][PASSED] - projectSpecific.Reusability.getTestData is PASSED

2018-06-14 20:27:51 - [TEST_STEP][PASSED] - Statement - If (!(dateAttr.equals(fromDateValue))): null

2018-06-14 20:27:51 - [TEST_STEP][PASSED] - Statement - dateAttr = com.kms.katalon.core.webui.keyword.WebUiBuiltInKeywords.getAttribute(com.kms.katalon.core.testobject.ObjectRepository.findTestObject(ReportsPage/selectedDate2), "value"): Attribute 'value' of object 'Object Repository/ReportsPage/selectedDate2' is: '03/10/2018'

2018-06-14 20:27:51 - [MESSAGE][PASSED] - Attribute 'value' of object 'Object Repository/ReportsPage/selectedDate2' is: '03/10/2018'

2018-06-14 20:27:51 - [TEST_STEP][PASSED] - Statement - toDateValue = CustomKeywords.projectSpecific.Reusability.getTestData("ReportsPage", "toDate_March"): projectSpecific.Reusability.getTestData is PASSED

2018-06-14 20:27:51 - [MESSAGE][PASSED] - projectSpecific.Reusability.getTestData is PASSED

2018-06-14 20:27:51 - [TEST_STEP][PASSED] - Statement - If (!(dateAttr.equals(toDateValue))): null

2018-06-14 20:27:51 - [TEST_STEP][PASSED] - click: Object: 'Object Repository/ReportsPage/generateReport' is clicked on

2018-06-14 20:27:51 - [MESSAGE][PASSED] - Object: 'Object Repository/ReportsPage/generateReport' is clicked on

2018-06-14 20:27:51 - [TEST_STEP][PASSED] - delay: Delayed 15 second(s)

2018-06-14 20:28:06 - [MESSAGE][PASSED] - Delayed 15 second(s)

2018-06-14 20:28:06 - [TEST_STEP][PASSED] - Statement - printTime = CustomKeywords.uiaction.CommonUIActions.getText(com.kms.katalon.core.testobject.ObjectRepository.findTestObject(SummarizedReportPage/printTime)): uiaction.CommonUIActions.getText is PASSED

2018-06-14 20:28:27 - [MESSAGE][PASSED] - uiaction.CommonUIActions.getText is PASSED

2018-06-14 20:28:27 - [TEST_STEP][PASSED] - Statement - cal = java.util.Calendar.getInstance(): null

2018-06-14 20:28:27 - [TEST_STEP][PASSED] - Statement - sdf = new java.text.SimpleDateFormat(hh:mm a): null

2018-06-14 20:28:27 - [TEST_STEP][PASSED] - Statement - currentSystemTime = sdf.format(cal.getTime()): null

2018-06-14 20:28:27 - [TEST_STEP][PASSED] - Statement - out.println(currentSystemTime): null

2018-06-14 20:28:27 - [TEST_STEP][PASSED] - Statement - If (currentSystemTime.contains(printTime)): null

2018-06-14 20:28:27 - [TEST_STEP][PASSED] - Statement - Else: Taking screenshot successfully

2018-06-14 20:28:27 - [TEST_STEP][PASSED] - Statement - If (TCflag): null

2018-06-14 20:28:27 - [TEST_STEP][PASSED] - Statement - out.println("Print Time is not displayed the current local time "): null

2018-06-14 20:28:27 - [TEST_STEP][PASSED] - takeScreenshot: Taking screenshot successfully

2018-06-14 20:28:27 - [MESSAGE][PASSED] - Taking screenshot successfully
[[ATTACHMENT|C:\\Users\\shalinin\\Katalon Studio\\HME_Scripts\\Reports\\RegressionSuite\\20180614_164441\\1528988307098.png]]

2018-06-14 20:28:27 - [TEST_STEP][PASSED] - delay: Delayed 5 second(s)

2018-06-14 20:28:32 - [MESSAGE][PASSED] - Delayed 5 second(s)

2018-06-14 20:28:32 - [TEST_STEP][PASSED] - uiaction.CommonUIActions.click: uiaction.CommonUIActions.click is PASSED

2018-06-14 20:28:35 - [MESSAGE][PASSED] - uiaction.CommonUIActions.click is PASSED

2018-06-14 20:28:35 - [TEST_STEP][PASSED] - Statement - assert TCflag == true: null

2018-06-14 20:28:35 - [TEST_STEP][PASSED] - Start listener action : sampleAfterTestCase: Browser is closed

2018-06-14 20:28:35 - [TEST_STEP][PASSED] - Statement - println(testCaseContext.getTestCaseId()): null

2018-06-14 20:28:35 - [TEST_STEP][PASSED] - Statement - println(testCaseContext.getTestCaseStatus()): null

2018-06-14 20:28:35 - [TEST_STEP][PASSED] - closeBrowser: Browser is closed

2018-06-14 20:28:36 - [MESSAGE][PASSED] - Browser is closed]]></system-out>
         <system-err><![CDATA[2018-06-14 20:26:39 - [TEST_CASE][FAILED] - Test Cases/TimeZoneTC/HME-Browser-Timezone-01: Test Cases/TimeZoneTC/HME-Browser-Timezone-01 FAILED because (of) org.codehaus.groovy.runtime.powerassert.PowerAssertionError: assert TCflag==true
       |     |
       false false]]></system-err>
      </testcase>
      <testcase name="Test Cases/TimeZoneTC/HME-Browser-Timezone-02" classname="Test Cases/TimeZoneTC/HME-Browser-Timezone-02" status="FAILED">
         <failure type="FAILED" message="org.codehaus.groovy.runtime.powerassert.PowerAssertionError: assert TCflag==true
       |     |
       false false"/>
         <system-out><![CDATA[2018-06-14 20:28:36 - [TEST_CASE][FAILED] - Test Cases/TimeZoneTC/HME-Browser-Timezone-02: Test Cases/TimeZoneTC/HME-Browser-Timezone-02 FAILED because (of) org.codehaus.groovy.runtime.powerassert.PowerAssertionError: assert TCflag==true
       |     |
       false false

2018-06-14 20:28:36 - [TEST_STEP][PASSED] - Start listener action : sampleBeforeTestCase: uiaction.CommonUIActions.deleteAllCookies is PASSED

2018-06-14 20:28:36 - [TEST_STEP][PASSED] - openBrowser: Browser is opened with url: ''

2018-06-14 20:28:39 - [MESSAGE][PASSED] - Browser is opened with url: ''

2018-06-14 20:28:39 - [TEST_STEP][PASSED] - maximizeWindow: Current window maximized

2018-06-14 20:28:40 - [MESSAGE][PASSED] - Current window maximized

2018-06-14 20:28:40 - [TEST_STEP][PASSED] - uiaction.CommonUIActions.deleteAllCookies: uiaction.CommonUIActions.deleteAllCookies is PASSED

2018-06-14 20:28:40 - [MESSAGE][PASSED] - Delete all cookies successfully

2018-06-14 20:28:40 - [MESSAGE][PASSED] - uiaction.CommonUIActions.deleteAllCookies is PASSED

2018-06-14 20:28:41 - [TEST_STEP][PASSED] - Statement - TCflag = true: null

2018-06-14 20:28:41 - [TEST_STEP][PASSED] - Statement - Try: uiaction.CommonUIActions.click is PASSED

2018-06-14 20:28:41 - [TEST_STEP][PASSED] - navigateToUrl: Navigate to 'https://hme-dev-public-cloud-app.azurewebsites.net/' successfully

2018-06-14 20:28:43 - [MESSAGE][PASSED] - Navigate to 'https://hme-dev-public-cloud-app.azurewebsites.net/' successfully

2018-06-14 20:28:43 - [TEST_STEP][PASSED] - projectSpecific.Reusability.login: projectSpecific.Reusability.login is PASSED

2018-06-14 20:28:43 - [MESSAGE][PASSED] - projectSpecific.Reusability.getTestData is PASSED

2018-06-14 20:28:43 - [MESSAGE][PASSED] - projectSpecific.Reusability.getTestData is PASSED

2018-06-14 20:28:44 - [MESSAGE][PASSED] - Text 'selvendrank@nousinfo.com' is set on object 'Object Repository/LoginPage/Username'

2018-06-14 20:28:44 - [MESSAGE][PASSED] - Text 'nous;123' is set on object 'Object Repository/LoginPage/Password'

2018-06-14 20:28:44 - [MESSAGE][PASSED] - Object: 'Object Repository/LoginPage/Login' is clicked on

2018-06-14 20:28:44 - [MESSAGE][PASSED] - projectSpecific.Reusability.login is PASSED

2018-06-14 20:28:44 - [TEST_STEP][PASSED] - delay: Delayed 10 second(s)

2018-06-14 20:28:54 - [MESSAGE][PASSED] - Delayed 10 second(s)

2018-06-14 20:28:54 - [TEST_STEP][PASSED] - Statement - welcomeMsg = CustomKeywords.uiaction.CommonUIActions.getText(com.kms.katalon.core.testobject.ObjectRepository.findTestObject(HomePage/welcomeMessage)): uiaction.CommonUIActions.getText is PASSED

2018-06-14 20:29:03 - [MESSAGE][PASSED] - uiaction.CommonUIActions.getText is PASSED

2018-06-14 20:29:03 - [TEST_STEP][PASSED] - Statement - expactedWelcomeMsg = CustomKeywords.projectSpecific.Reusability.getTestData("HomePage", "welcomeMsg"): projectSpecific.Reusability.getTestData is PASSED

2018-06-14 20:29:03 - [MESSAGE][PASSED] - projectSpecific.Reusability.getTestData is PASSED

2018-06-14 20:29:03 - [TEST_STEP][PASSED] - Statement - If (welcomeMsg.contains(expactedWelcomeMsg)): null

2018-06-14 20:29:03 - [TEST_STEP][PASSED] - Statement - out.println("Welcome message is verified"): null

2018-06-14 20:29:03 - [TEST_STEP][PASSED] - uiaction.CommonUIActions.click: uiaction.CommonUIActions.click is PASSED

2018-06-14 20:29:15 - [MESSAGE][PASSED] - uiaction.CommonUIActions.click is PASSED

2018-06-14 20:29:15 - [TEST_STEP][PASSED] - Statement - storenumber = CustomKeywords.uiaction.CommonUIActions.getText(com.kms.katalon.core.testobject.ObjectRepository.findTestObject(StorePage/storepage_storenumber)): uiaction.CommonUIActions.getText is PASSED

2018-06-14 20:29:15 - [MESSAGE][PASSED] - uiaction.CommonUIActions.getText is PASSED

2018-06-14 20:29:15 - [TEST_STEP][PASSED] - Statement - out.println(" the store number is--" + storenumber.trim()): null

2018-06-14 20:29:15 - [TEST_STEP][PASSED] - uiaction.CommonUIActions.click: uiaction.CommonUIActions.click is PASSED

2018-06-14 20:29:17 - [MESSAGE][PASSED] - uiaction.CommonUIActions.click is PASSED

2018-06-14 20:29:17 - [TEST_STEP][PASSED] - delay: Delayed 10 second(s)

2018-06-14 20:29:27 - [MESSAGE][PASSED] - Delayed 10 second(s)

2018-06-14 20:29:27 - [TEST_STEP][PASSED] - Statement - driver = com.kms.katalon.core.webui.driver.DriverFactory.getWebDriver(): null

2018-06-14 20:29:27 - [TEST_STEP][PASSED] - Statement - driver.findElement(org.openqa.selenium.By.xpath("//span[contains(text(),'22222')]")).click(): null

2018-06-14 20:29:27 - [TEST_STEP][PASSED] - click: Object: 'Object Repository/ReportsPage/timeSelection' is clicked on

2018-06-14 20:29:27 - [MESSAGE][PASSED] - Object: 'Object Repository/ReportsPage/timeSelection' is clicked on

2018-06-14 20:29:27 - [TEST_STEP][PASSED] - click: Object: 'Object Repository/ReportsPage/daypartTimeOption' is clicked on

2018-06-14 20:29:27 - [MESSAGE][PASSED] - Object: 'Object Repository/ReportsPage/daypartTimeOption' is clicked on

2018-06-14 20:29:27 - [TEST_STEP][PASSED] - click: Object: 'Object Repository/ReportsPage/summaryReportHeading' is clicked on

2018-06-14 20:29:27 - [MESSAGE][PASSED] - Object: 'Object Repository/ReportsPage/summaryReportHeading' is clicked on

2018-06-14 20:29:27 - [TEST_STEP][PASSED] - verifyElementText: Actual text and expected text of test object 'Object Repository/ReportsPage/daypartTimeOption' are matched.

2018-06-14 20:29:27 - [MESSAGE][PASSED] - projectSpecific.Reusability.getTestData is PASSED

2018-06-14 20:29:27 - [MESSAGE][PASSED] - Actual text and expected text of test object 'Object Repository/ReportsPage/daypartTimeOption' are matched.

2018-06-14 20:29:27 - [TEST_STEP][PASSED] - verifyElementText: Actual text and expected text of test object 'Object Repository/ReportsPage/criteriaTimeMeasureFordaypart' are matched.

2018-06-14 20:29:27 - [MESSAGE][PASSED] - projectSpecific.Reusability.getTestData is PASSED

2018-06-14 20:29:27 - [MESSAGE][PASSED] - Actual text and expected text of test object 'Object Repository/ReportsPage/criteriaTimeMeasureFordaypart' are matched.

2018-06-14 20:29:27 - [TEST_STEP][PASSED] - delay: Delayed 5 second(s)

2018-06-14 20:29:32 - [MESSAGE][PASSED] - Delayed 5 second(s)

2018-06-14 20:29:32 - [TEST_STEP][PASSED] - click: Object: 'Object Repository/ReportsPage/fromDateSelector' is clicked on

2018-06-14 20:29:32 - [MESSAGE][PASSED] - Object: 'Object Repository/ReportsPage/fromDateSelector' is clicked on

2018-06-14 20:29:32 - [TEST_STEP][PASSED] - delay: Delayed 5 second(s)

2018-06-14 20:29:37 - [MESSAGE][PASSED] - Delayed 5 second(s)

2018-06-14 20:29:37 - [TEST_STEP][PASSED] - Statement - monthText = com.kms.katalon.core.webui.keyword.WebUiBuiltInKeywords.getText(com.kms.katalon.core.testobject.ObjectRepository.findTestObject(ReportsPage/monthText)): Text of object 'Object Repository/ReportsPage/monthText' is: 'June 2018'

2018-06-14 20:29:37 - [MESSAGE][PASSED] - Text of object 'Object Repository/ReportsPage/monthText' is: 'June 2018'

2018-06-14 20:29:37 - [TEST_STEP][PASSED] - Statement - monthTextArray = monthText.split(" "): null

2018-06-14 20:29:37 - [TEST_STEP][PASSED] - Statement - month = monthTextArray[0]: null

2018-06-14 20:29:37 - [TEST_STEP][PASSED] - Statement - monthTextValue = CustomKeywords.projectSpecific.Reusability.getTestData("ReportsPage", "Month"): projectSpecific.Reusability.getTestData is PASSED

2018-06-14 20:29:37 - [MESSAGE][PASSED] - projectSpecific.Reusability.getTestData is PASSED

2018-06-14 20:29:37 - [TEST_STEP][PASSED] - Statement - If (!(monthTextValue.equals(month))): null

2018-06-14 20:29:37 - [TEST_STEP][PASSED] - Statement - While (!(monthTextValue.equals(month))): null

2018-06-14 20:29:37 - [TEST_STEP][PASSED] - click: Object: 'Object Repository/ReportsPage/previousDateSelector' is clicked on

2018-06-14 20:29:37 - [MESSAGE][PASSED] - Object: 'Object Repository/ReportsPage/previousDateSelector' is clicked on

2018-06-14 20:29:37 - [TEST_STEP][PASSED] - Statement - monthText = com.kms.katalon.core.webui.keyword.WebUiBuiltInKeywords.getText(com.kms.katalon.core.testobject.ObjectRepository.findTestObject(ReportsPage/monthText)): Text of object 'Object Repository/ReportsPage/monthText' is: 'May 2018'

2018-06-14 20:29:37 - [MESSAGE][PASSED] - Text of object 'Object Repository/ReportsPage/monthText' is: 'May 2018'

2018-06-14 20:29:37 - [TEST_STEP][PASSED] - Statement - monthTextArray = monthText.split(" "): null

2018-06-14 20:29:37 - [TEST_STEP][PASSED] - Statement - month = monthTextArray[0]: null

2018-06-14 20:29:37 - [TEST_STEP][PASSED] - click: Object: 'Object Repository/ReportsPage/previousDateSelector' is clicked on

2018-06-14 20:29:37 - [MESSAGE][PASSED] - Object: 'Object Repository/ReportsPage/previousDateSelector' is clicked on

2018-06-14 20:29:37 - [TEST_STEP][PASSED] - Statement - monthText = com.kms.katalon.core.webui.keyword.WebUiBuiltInKeywords.getText(com.kms.katalon.core.testobject.ObjectRepository.findTestObject(ReportsPage/monthText)): Text of object 'Object Repository/ReportsPage/monthText' is: 'April 2018'

2018-06-14 20:29:37 - [MESSAGE][PASSED] - Text of object 'Object Repository/ReportsPage/monthText' is: 'April 2018'

2018-06-14 20:29:37 - [TEST_STEP][PASSED] - Statement - monthTextArray = monthText.split(" "): null

2018-06-14 20:29:37 - [TEST_STEP][PASSED] - Statement - month = monthTextArray[0]: null

2018-06-14 20:29:37 - [TEST_STEP][PASSED] - click: Object: 'Object Repository/ReportsPage/previousDateSelector' is clicked on

2018-06-14 20:29:37 - [MESSAGE][PASSED] - Object: 'Object Repository/ReportsPage/previousDateSelector' is clicked on

2018-06-14 20:29:37 - [TEST_STEP][PASSED] - Statement - monthText = com.kms.katalon.core.webui.keyword.WebUiBuiltInKeywords.getText(com.kms.katalon.core.testobject.ObjectRepository.findTestObject(ReportsPage/monthText)): Text of object 'Object Repository/ReportsPage/monthText' is: 'March 2018'

2018-06-14 20:29:37 - [MESSAGE][PASSED] - Text of object 'Object Repository/ReportsPage/monthText' is: 'March 2018'

2018-06-14 20:29:37 - [TEST_STEP][PASSED] - Statement - monthTextArray = monthText.split(" "): null

2018-06-14 20:29:37 - [TEST_STEP][PASSED] - Statement - month = monthTextArray[0]: null

2018-06-14 20:29:37 - [TEST_STEP][PASSED] - Statement - data = CustomKeywords.projectSpecific.Reusability.getTestData("ReportsPage", "StartDate_March1"): projectSpecific.Reusability.getTestData is PASSED

2018-06-14 20:29:37 - [MESSAGE][PASSED] - projectSpecific.Reusability.getTestData is PASSED

2018-06-14 20:29:37 - [TEST_STEP][PASSED] - Statement - startDate = "(//td[text()='" + data + "'])[1]": null

2018-06-14 20:29:37 - [TEST_STEP][PASSED] - Statement - println(startDate): null

2018-06-14 20:29:37 - [TEST_STEP][PASSED] - Statement - startdateEle = driver.findElement(org.openqa.selenium.By.xpath(startDate)): null

2018-06-14 20:29:37 - [TEST_STEP][PASSED] - Statement - startdateEle.click(): null

2018-06-14 20:29:37 - [TEST_STEP][PASSED] - delay: Delayed 5 second(s)

2018-06-14 20:29:42 - [MESSAGE][PASSED] - Delayed 5 second(s)

2018-06-14 20:29:42 - [TEST_STEP][PASSED] - click: Object: 'Object Repository/ReportsPage/toDateSelector' is clicked on

2018-06-14 20:29:43 - [MESSAGE][PASSED] - Object: 'Object Repository/ReportsPage/toDateSelector' is clicked on

2018-06-14 20:29:43 - [TEST_STEP][PASSED] - Statement - monthText = com.kms.katalon.core.webui.keyword.WebUiBuiltInKeywords.getText(com.kms.katalon.core.testobject.ObjectRepository.findTestObject(ReportsPage/monthText2)): Text of object 'Object Repository/ReportsPage/monthText2' is: 'June 2018'

2018-06-14 20:29:43 - [MESSAGE][PASSED] - Text of object 'Object Repository/ReportsPage/monthText2' is: 'June 2018'

2018-06-14 20:29:43 - [TEST_STEP][PASSED] - Statement - monthTextArray = monthText.split(" "): null

2018-06-14 20:29:43 - [TEST_STEP][PASSED] - Statement - month = monthTextArray[0]: null

2018-06-14 20:29:43 - [TEST_STEP][PASSED] - Statement - monthTextValue1 = CustomKeywords.projectSpecific.Reusability.getTestData("ReportsPage", "Month"): projectSpecific.Reusability.getTestData is PASSED

2018-06-14 20:29:43 - [MESSAGE][PASSED] - projectSpecific.Reusability.getTestData is PASSED

2018-06-14 20:29:43 - [TEST_STEP][PASSED] - Statement - If (!(monthTextValue1.equals(month))): null

2018-06-14 20:29:43 - [TEST_STEP][PASSED] - Statement - While (!(monthTextValue1.equals(month))): null

2018-06-14 20:29:43 - [TEST_STEP][PASSED] - click: Object: 'Object Repository/ReportsPage/previousDateSelector2' is clicked on

2018-06-14 20:29:43 - [MESSAGE][PASSED] - Object: 'Object Repository/ReportsPage/previousDateSelector2' is clicked on

2018-06-14 20:29:43 - [TEST_STEP][PASSED] - Statement - monthText = com.kms.katalon.core.webui.keyword.WebUiBuiltInKeywords.getText(com.kms.katalon.core.testobject.ObjectRepository.findTestObject(ReportsPage/monthText2)): Text of object 'Object Repository/ReportsPage/monthText2' is: 'May 2018'

2018-06-14 20:29:43 - [MESSAGE][PASSED] - Text of object 'Object Repository/ReportsPage/monthText2' is: 'May 2018'

2018-06-14 20:29:43 - [TEST_STEP][PASSED] - Statement - monthTextArray = monthText.split(" "): null

2018-06-14 20:29:43 - [TEST_STEP][PASSED] - Statement - month = monthTextArray[0]: null

2018-06-14 20:29:43 - [TEST_STEP][PASSED] - click: Object: 'Object Repository/ReportsPage/previousDateSelector2' is clicked on

2018-06-14 20:29:43 - [MESSAGE][PASSED] - Object: 'Object Repository/ReportsPage/previousDateSelector2' is clicked on

2018-06-14 20:29:43 - [TEST_STEP][PASSED] - Statement - monthText = com.kms.katalon.core.webui.keyword.WebUiBuiltInKeywords.getText(com.kms.katalon.core.testobject.ObjectRepository.findTestObject(ReportsPage/monthText2)): Text of object 'Object Repository/ReportsPage/monthText2' is: 'April 2018'

2018-06-14 20:29:43 - [MESSAGE][PASSED] - Text of object 'Object Repository/ReportsPage/monthText2' is: 'April 2018'

2018-06-14 20:29:43 - [TEST_STEP][PASSED] - Statement - monthTextArray = monthText.split(" "): null

2018-06-14 20:29:43 - [TEST_STEP][PASSED] - Statement - month = monthTextArray[0]: null

2018-06-14 20:29:43 - [TEST_STEP][PASSED] - click: Object: 'Object Repository/ReportsPage/previousDateSelector2' is clicked on

2018-06-14 20:29:43 - [MESSAGE][PASSED] - Object: 'Object Repository/ReportsPage/previousDateSelector2' is clicked on

2018-06-14 20:29:43 - [TEST_STEP][PASSED] - Statement - monthText = com.kms.katalon.core.webui.keyword.WebUiBuiltInKeywords.getText(com.kms.katalon.core.testobject.ObjectRepository.findTestObject(ReportsPage/monthText2)): Text of object 'Object Repository/ReportsPage/monthText2' is: 'March 2018'

2018-06-14 20:29:43 - [MESSAGE][PASSED] - Text of object 'Object Repository/ReportsPage/monthText2' is: 'March 2018'

2018-06-14 20:29:43 - [TEST_STEP][PASSED] - Statement - monthTextArray = monthText.split(" "): null

2018-06-14 20:29:43 - [TEST_STEP][PASSED] - Statement - month = monthTextArray[0]: null

2018-06-14 20:29:43 - [TEST_STEP][PASSED] - Statement - endDate = CustomKeywords.projectSpecific.Reusability.getTestData("ReportsPage", "EndDate_March1"): projectSpecific.Reusability.getTestData is PASSED

2018-06-14 20:29:43 - [MESSAGE][PASSED] - projectSpecific.Reusability.getTestData is PASSED

2018-06-14 20:29:43 - [TEST_STEP][PASSED] - Statement - toDate = "(//td[text()='" + endDate + "'])[2]": null

2018-06-14 20:29:43 - [TEST_STEP][PASSED] - Statement - println(toDate): null

2018-06-14 20:29:43 - [TEST_STEP][PASSED] - Statement - toDateEle = driver.findElement(org.openqa.selenium.By.xpath(toDate)): null

2018-06-14 20:29:43 - [TEST_STEP][PASSED] - Statement - toDateEle.click(): null

2018-06-14 20:29:43 - [TEST_STEP][PASSED] - delay: Delayed 5 second(s)

2018-06-14 20:29:48 - [MESSAGE][PASSED] - Delayed 5 second(s)

2018-06-14 20:29:48 - [TEST_STEP][PASSED] - Statement - dateAttr = com.kms.katalon.core.webui.keyword.WebUiBuiltInKeywords.getAttribute(com.kms.katalon.core.testobject.ObjectRepository.findTestObject(ReportsPage/selectedDate1), "value"): Attribute 'value' of object 'Object Repository/ReportsPage/selectedDate1' is: '03/12/2018'

2018-06-14 20:29:48 - [MESSAGE][PASSED] - Attribute 'value' of object 'Object Repository/ReportsPage/selectedDate1' is: '03/12/2018'

2018-06-14 20:29:48 - [TEST_STEP][PASSED] - Statement - fromDateValue = CustomKeywords.projectSpecific.Reusability.getTestData("ReportsPage", "fromDate_March1"): projectSpecific.Reusability.getTestData is PASSED

2018-06-14 20:29:48 - [MESSAGE][PASSED] - projectSpecific.Reusability.getTestData is PASSED

2018-06-14 20:29:48 - [TEST_STEP][PASSED] - Statement - If (!(dateAttr.equals(fromDateValue))): null

2018-06-14 20:29:48 - [TEST_STEP][PASSED] - Statement - dateAttr = com.kms.katalon.core.webui.keyword.WebUiBuiltInKeywords.getAttribute(com.kms.katalon.core.testobject.ObjectRepository.findTestObject(ReportsPage/selectedDate2), "value"): Attribute 'value' of object 'Object Repository/ReportsPage/selectedDate2' is: '03/13/2018'

2018-06-14 20:29:48 - [MESSAGE][PASSED] - Attribute 'value' of object 'Object Repository/ReportsPage/selectedDate2' is: '03/13/2018'

2018-06-14 20:29:48 - [TEST_STEP][PASSED] - Statement - toDateValue = CustomKeywords.projectSpecific.Reusability.getTestData("ReportsPage", "toDate_March1"): projectSpecific.Reusability.getTestData is PASSED

2018-06-14 20:29:48 - [MESSAGE][PASSED] - projectSpecific.Reusability.getTestData is PASSED

2018-06-14 20:29:48 - [TEST_STEP][PASSED] - Statement - If (!(dateAttr.equals(toDateValue))): null

2018-06-14 20:29:48 - [TEST_STEP][PASSED] - click: Object: 'Object Repository/ReportsPage/generateReport' is clicked on

2018-06-14 20:29:48 - [MESSAGE][PASSED] - Object: 'Object Repository/ReportsPage/generateReport' is clicked on

2018-06-14 20:29:48 - [TEST_STEP][PASSED] - delay: Delayed 15 second(s)

2018-06-14 20:30:03 - [MESSAGE][PASSED] - Delayed 15 second(s)

2018-06-14 20:30:03 - [TEST_STEP][PASSED] - Statement - printTime = CustomKeywords.uiaction.CommonUIActions.getText(com.kms.katalon.core.testobject.ObjectRepository.findTestObject(SummarizedReportPage/printTime)): uiaction.CommonUIActions.getText is PASSED

2018-06-14 20:30:23 - [MESSAGE][PASSED] - uiaction.CommonUIActions.getText is PASSED

2018-06-14 20:30:23 - [TEST_STEP][PASSED] - Statement - cal = java.util.Calendar.getInstance(): null

2018-06-14 20:30:23 - [TEST_STEP][PASSED] - Statement - sdf = new java.text.SimpleDateFormat(hh:mm a): null

2018-06-14 20:30:23 - [TEST_STEP][PASSED] - Statement - currentSystemTime = sdf.format(cal.getTime()): null

2018-06-14 20:30:23 - [TEST_STEP][PASSED] - Statement - out.println(currentSystemTime): null

2018-06-14 20:30:23 - [TEST_STEP][PASSED] - Statement - If (currentSystemTime.contains(printTime)): null

2018-06-14 20:30:23 - [TEST_STEP][PASSED] - Statement - Else: Taking screenshot successfully

2018-06-14 20:30:23 - [TEST_STEP][PASSED] - Statement - If (TCflag): null

2018-06-14 20:30:23 - [TEST_STEP][PASSED] - Statement - out.println("Print Time is not displayed the current local time "): null

2018-06-14 20:30:23 - [TEST_STEP][PASSED] - takeScreenshot: Taking screenshot successfully

2018-06-14 20:30:24 - [MESSAGE][PASSED] - Taking screenshot successfully
[[ATTACHMENT|C:\\Users\\shalinin\\Katalon Studio\\HME_Scripts\\Reports\\RegressionSuite\\20180614_164441\\1528988423829.png]]

2018-06-14 20:30:24 - [TEST_STEP][PASSED] - delay: Delayed 5 second(s)

2018-06-14 20:30:29 - [MESSAGE][PASSED] - Delayed 5 second(s)

2018-06-14 20:30:29 - [TEST_STEP][PASSED] - uiaction.CommonUIActions.click: uiaction.CommonUIActions.click is PASSED

2018-06-14 20:30:32 - [MESSAGE][PASSED] - uiaction.CommonUIActions.click is PASSED

2018-06-14 20:30:32 - [TEST_STEP][PASSED] - Statement - assert TCflag == true: null

2018-06-14 20:30:32 - [TEST_STEP][PASSED] - Start listener action : sampleAfterTestCase: Browser is closed

2018-06-14 20:30:32 - [TEST_STEP][PASSED] - Statement - println(testCaseContext.getTestCaseId()): null

2018-06-14 20:30:32 - [TEST_STEP][PASSED] - Statement - println(testCaseContext.getTestCaseStatus()): null

2018-06-14 20:30:32 - [TEST_STEP][PASSED] - closeBrowser: Browser is closed

2018-06-14 20:30:33 - [MESSAGE][PASSED] - Browser is closed]]></system-out>
         <system-err><![CDATA[2018-06-14 20:28:36 - [TEST_CASE][FAILED] - Test Cases/TimeZoneTC/HME-Browser-Timezone-02: Test Cases/TimeZoneTC/HME-Browser-Timezone-02 FAILED because (of) org.codehaus.groovy.runtime.powerassert.PowerAssertionError: assert TCflag==true
       |     |
       false false]]></system-err>
      </testcase>
      <testcase name="Test Cases/TimeZoneTC/HME-Browser-Timezone-03" classname="Test Cases/TimeZoneTC/HME-Browser-Timezone-03" status="FAILED">
         <failure type="FAILED" message="org.codehaus.groovy.runtime.powerassert.PowerAssertionError: assert TCflag==true
       |     |
       false false"/>
         <system-out><![CDATA[2018-06-14 20:30:33 - [TEST_CASE][FAILED] - Test Cases/TimeZoneTC/HME-Browser-Timezone-03: Test Cases/TimeZoneTC/HME-Browser-Timezone-03 FAILED because (of) org.codehaus.groovy.runtime.powerassert.PowerAssertionError: assert TCflag==true
       |     |
       false false

2018-06-14 20:30:33 - [TEST_STEP][PASSED] - Start listener action : sampleBeforeTestCase: uiaction.CommonUIActions.deleteAllCookies is PASSED

2018-06-14 20:30:33 - [TEST_STEP][PASSED] - openBrowser: Browser is opened with url: ''

2018-06-14 20:30:36 - [MESSAGE][PASSED] - Browser is opened with url: ''

2018-06-14 20:30:36 - [TEST_STEP][PASSED] - maximizeWindow: Current window maximized

2018-06-14 20:30:37 - [MESSAGE][PASSED] - Current window maximized

2018-06-14 20:30:37 - [TEST_STEP][PASSED] - uiaction.CommonUIActions.deleteAllCookies: uiaction.CommonUIActions.deleteAllCookies is PASSED

2018-06-14 20:30:37 - [MESSAGE][PASSED] - Delete all cookies successfully

2018-06-14 20:30:37 - [MESSAGE][PASSED] - uiaction.CommonUIActions.deleteAllCookies is PASSED

2018-06-14 20:30:37 - [TEST_STEP][PASSED] - Statement - TCflag = true: null

2018-06-14 20:30:37 - [TEST_STEP][PASSED] - Statement - Try: uiaction.CommonUIActions.click is PASSED

2018-06-14 20:30:37 - [TEST_STEP][PASSED] - navigateToUrl: Navigate to 'https://hme-dev-public-cloud-app.azurewebsites.net/' successfully

2018-06-14 20:30:40 - [MESSAGE][PASSED] - Navigate to 'https://hme-dev-public-cloud-app.azurewebsites.net/' successfully

2018-06-14 20:30:40 - [TEST_STEP][PASSED] - projectSpecific.Reusability.login: projectSpecific.Reusability.login is PASSED

2018-06-14 20:30:40 - [MESSAGE][PASSED] - projectSpecific.Reusability.getTestData is PASSED

2018-06-14 20:30:40 - [MESSAGE][PASSED] - projectSpecific.Reusability.getTestData is PASSED

2018-06-14 20:30:40 - [MESSAGE][PASSED] - Text 'selvendrank@nousinfo.com' is set on object 'Object Repository/LoginPage/Username'

2018-06-14 20:30:40 - [MESSAGE][PASSED] - Text 'nous;123' is set on object 'Object Repository/LoginPage/Password'

2018-06-14 20:30:40 - [MESSAGE][PASSED] - Object: 'Object Repository/LoginPage/Login' is clicked on

2018-06-14 20:30:40 - [MESSAGE][PASSED] - projectSpecific.Reusability.login is PASSED

2018-06-14 20:30:40 - [TEST_STEP][PASSED] - delay: Delayed 10 second(s)

2018-06-14 20:30:50 - [MESSAGE][PASSED] - Delayed 10 second(s)

2018-06-14 20:30:50 - [TEST_STEP][PASSED] - Statement - welcomeMsg = CustomKeywords.uiaction.CommonUIActions.getText(com.kms.katalon.core.testobject.ObjectRepository.findTestObject(HomePage/welcomeMessage)): uiaction.CommonUIActions.getText is PASSED

2018-06-14 20:31:00 - [MESSAGE][PASSED] - uiaction.CommonUIActions.getText is PASSED

2018-06-14 20:31:00 - [TEST_STEP][PASSED] - Statement - expactedWelcomeMsg = CustomKeywords.projectSpecific.Reusability.getTestData("HomePage", "welcomeMsg"): projectSpecific.Reusability.getTestData is PASSED

2018-06-14 20:31:00 - [MESSAGE][PASSED] - projectSpecific.Reusability.getTestData is PASSED

2018-06-14 20:31:00 - [TEST_STEP][PASSED] - Statement - If (welcomeMsg.contains(expactedWelcomeMsg)): null

2018-06-14 20:31:00 - [TEST_STEP][PASSED] - Statement - out.println("Welcome message is verified"): null

2018-06-14 20:31:00 - [TEST_STEP][PASSED] - uiaction.CommonUIActions.click: uiaction.CommonUIActions.click is PASSED

2018-06-14 20:31:11 - [MESSAGE][PASSED] - uiaction.CommonUIActions.click is PASSED

2018-06-14 20:31:11 - [TEST_STEP][PASSED] - Statement - storenumber = CustomKeywords.uiaction.CommonUIActions.getText(com.kms.katalon.core.testobject.ObjectRepository.findTestObject(StorePage/storepage_storenumber)): uiaction.CommonUIActions.getText is PASSED

2018-06-14 20:31:11 - [MESSAGE][PASSED] - uiaction.CommonUIActions.getText is PASSED

2018-06-14 20:31:11 - [TEST_STEP][PASSED] - Statement - out.println(" the store number is--" + storenumber.trim()): null

2018-06-14 20:31:11 - [TEST_STEP][PASSED] - uiaction.CommonUIActions.click: uiaction.CommonUIActions.click is PASSED

2018-06-14 20:31:13 - [MESSAGE][PASSED] - uiaction.CommonUIActions.click is PASSED

2018-06-14 20:31:13 - [TEST_STEP][PASSED] - delay: Delayed 10 second(s)

2018-06-14 20:31:23 - [MESSAGE][PASSED] - Delayed 10 second(s)

2018-06-14 20:31:23 - [TEST_STEP][PASSED] - Statement - driver = com.kms.katalon.core.webui.driver.DriverFactory.getWebDriver(): null

2018-06-14 20:31:23 - [TEST_STEP][PASSED] - Statement - driver.findElement(org.openqa.selenium.By.xpath("//span[contains(text(),'22222')]")).click(): null

2018-06-14 20:31:23 - [TEST_STEP][PASSED] - click: Object: 'Object Repository/ReportsPage/timeSelection' is clicked on

2018-06-14 20:31:23 - [MESSAGE][PASSED] - Object: 'Object Repository/ReportsPage/timeSelection' is clicked on

2018-06-14 20:31:23 - [TEST_STEP][PASSED] - click: Object: 'Object Repository/ReportsPage/weekTimeOption' is clicked on

2018-06-14 20:31:23 - [MESSAGE][PASSED] - Object: 'Object Repository/ReportsPage/weekTimeOption' is clicked on

2018-06-14 20:31:23 - [TEST_STEP][PASSED] - click: Object: 'Object Repository/ReportsPage/summaryReportHeading' is clicked on

2018-06-14 20:31:23 - [MESSAGE][PASSED] - Object: 'Object Repository/ReportsPage/summaryReportHeading' is clicked on

2018-06-14 20:31:23 - [TEST_STEP][PASSED] - verifyElementText: Actual text and expected text of test object 'Object Repository/ReportsPage/weekTimeOption' are matched.

2018-06-14 20:31:23 - [MESSAGE][PASSED] - projectSpecific.Reusability.getTestData is PASSED

2018-06-14 20:31:23 - [MESSAGE][PASSED] - Actual text and expected text of test object 'Object Repository/ReportsPage/weekTimeOption' are matched.

2018-06-14 20:31:23 - [TEST_STEP][PASSED] - verifyElementText: Actual text and expected text of test object 'Object Repository/ReportsPage/criteriaTimeMeasure' are matched.

2018-06-14 20:31:23 - [MESSAGE][PASSED] - projectSpecific.Reusability.getTestData is PASSED

2018-06-14 20:31:24 - [MESSAGE][PASSED] - Actual text and expected text of test object 'Object Repository/ReportsPage/criteriaTimeMeasure' are matched.

2018-06-14 20:31:24 - [TEST_STEP][PASSED] - delay: Delayed 5 second(s)

2018-06-14 20:31:29 - [MESSAGE][PASSED] - Delayed 5 second(s)

2018-06-14 20:31:29 - [TEST_STEP][PASSED] - click: Object: 'Object Repository/ReportsPage/fromDateSelector' is clicked on

2018-06-14 20:31:29 - [MESSAGE][PASSED] - Object: 'Object Repository/ReportsPage/fromDateSelector' is clicked on

2018-06-14 20:31:29 - [TEST_STEP][PASSED] - delay: Delayed 5 second(s)

2018-06-14 20:31:34 - [MESSAGE][PASSED] - Delayed 5 second(s)

2018-06-14 20:31:34 - [TEST_STEP][PASSED] - Statement - monthText = com.kms.katalon.core.webui.keyword.WebUiBuiltInKeywords.getText(com.kms.katalon.core.testobject.ObjectRepository.findTestObject(ReportsPage/monthText)): Text of object 'Object Repository/ReportsPage/monthText' is: 'June 2018'

2018-06-14 20:31:34 - [MESSAGE][PASSED] - Text of object 'Object Repository/ReportsPage/monthText' is: 'June 2018'

2018-06-14 20:31:34 - [TEST_STEP][PASSED] - Statement - monthTextArray = monthText.split(" "): null

2018-06-14 20:31:34 - [TEST_STEP][PASSED] - Statement - month = monthTextArray[0]: null

2018-06-14 20:31:34 - [TEST_STEP][PASSED] - Statement - monthTextValue = CustomKeywords.projectSpecific.Reusability.getTestData("ReportsPage", "Month"): projectSpecific.Reusability.getTestData is PASSED

2018-06-14 20:31:34 - [MESSAGE][PASSED] - projectSpecific.Reusability.getTestData is PASSED

2018-06-14 20:31:34 - [TEST_STEP][PASSED] - Statement - If (!(monthTextValue.equals(month))): null

2018-06-14 20:31:34 - [TEST_STEP][PASSED] - Statement - While (!(monthTextValue.equals(month))): null

2018-06-14 20:31:34 - [TEST_STEP][PASSED] - click: Object: 'Object Repository/ReportsPage/previousDateSelector' is clicked on

2018-06-14 20:31:34 - [MESSAGE][PASSED] - Object: 'Object Repository/ReportsPage/previousDateSelector' is clicked on

2018-06-14 20:31:34 - [TEST_STEP][PASSED] - Statement - monthText = com.kms.katalon.core.webui.keyword.WebUiBuiltInKeywords.getText(com.kms.katalon.core.testobject.ObjectRepository.findTestObject(ReportsPage/monthText)): Text of object 'Object Repository/ReportsPage/monthText' is: 'May 2018'

2018-06-14 20:31:34 - [MESSAGE][PASSED] - Text of object 'Object Repository/ReportsPage/monthText' is: 'May 2018'

2018-06-14 20:31:34 - [TEST_STEP][PASSED] - Statement - monthTextArray = monthText.split(" "): null

2018-06-14 20:31:34 - [TEST_STEP][PASSED] - Statement - month = monthTextArray[0]: null

2018-06-14 20:31:34 - [TEST_STEP][PASSED] - click: Object: 'Object Repository/ReportsPage/previousDateSelector' is clicked on

2018-06-14 20:31:34 - [MESSAGE][PASSED] - Object: 'Object Repository/ReportsPage/previousDateSelector' is clicked on

2018-06-14 20:31:34 - [TEST_STEP][PASSED] - Statement - monthText = com.kms.katalon.core.webui.keyword.WebUiBuiltInKeywords.getText(com.kms.katalon.core.testobject.ObjectRepository.findTestObject(ReportsPage/monthText)): Text of object 'Object Repository/ReportsPage/monthText' is: 'April 2018'

2018-06-14 20:31:34 - [MESSAGE][PASSED] - Text of object 'Object Repository/ReportsPage/monthText' is: 'April 2018'

2018-06-14 20:31:34 - [TEST_STEP][PASSED] - Statement - monthTextArray = monthText.split(" "): null

2018-06-14 20:31:34 - [TEST_STEP][PASSED] - Statement - month = monthTextArray[0]: null

2018-06-14 20:31:34 - [TEST_STEP][PASSED] - click: Object: 'Object Repository/ReportsPage/previousDateSelector' is clicked on

2018-06-14 20:31:34 - [MESSAGE][PASSED] - Object: 'Object Repository/ReportsPage/previousDateSelector' is clicked on

2018-06-14 20:31:34 - [TEST_STEP][PASSED] - Statement - monthText = com.kms.katalon.core.webui.keyword.WebUiBuiltInKeywords.getText(com.kms.katalon.core.testobject.ObjectRepository.findTestObject(ReportsPage/monthText)): Text of object 'Object Repository/ReportsPage/monthText' is: 'March 2018'

2018-06-14 20:31:34 - [MESSAGE][PASSED] - Text of object 'Object Repository/ReportsPage/monthText' is: 'March 2018'

2018-06-14 20:31:34 - [TEST_STEP][PASSED] - Statement - monthTextArray = monthText.split(" "): null

2018-06-14 20:31:34 - [TEST_STEP][PASSED] - Statement - month = monthTextArray[0]: null

2018-06-14 20:31:34 - [TEST_STEP][PASSED] - Statement - data = CustomKeywords.projectSpecific.Reusability.getTestData("ReportsPage", "StartDate_March2"): projectSpecific.Reusability.getTestData is PASSED

2018-06-14 20:31:34 - [MESSAGE][PASSED] - projectSpecific.Reusability.getTestData is PASSED

2018-06-14 20:31:34 - [TEST_STEP][PASSED] - Statement - startDate = "(//td[text()='" + data + "'])[1]": null

2018-06-14 20:31:34 - [TEST_STEP][PASSED] - Statement - println(startDate): null

2018-06-14 20:31:34 - [TEST_STEP][PASSED] - Statement - startdateEle = driver.findElement(org.openqa.selenium.By.xpath(startDate)): null

2018-06-14 20:31:34 - [TEST_STEP][PASSED] - Statement - startdateEle.click(): null

2018-06-14 20:31:34 - [TEST_STEP][PASSED] - delay: Delayed 5 second(s)

2018-06-14 20:31:39 - [MESSAGE][PASSED] - Delayed 5 second(s)

2018-06-14 20:31:39 - [TEST_STEP][PASSED] - click: Object: 'Object Repository/ReportsPage/toDateSelector' is clicked on

2018-06-14 20:31:39 - [MESSAGE][PASSED] - Object: 'Object Repository/ReportsPage/toDateSelector' is clicked on

2018-06-14 20:31:39 - [TEST_STEP][PASSED] - Statement - monthText = com.kms.katalon.core.webui.keyword.WebUiBuiltInKeywords.getText(com.kms.katalon.core.testobject.ObjectRepository.findTestObject(ReportsPage/monthText2)): Text of object 'Object Repository/ReportsPage/monthText2' is: 'June 2018'

2018-06-14 20:31:39 - [MESSAGE][PASSED] - Text of object 'Object Repository/ReportsPage/monthText2' is: 'June 2018'

2018-06-14 20:31:39 - [TEST_STEP][PASSED] - Statement - monthTextArray = monthText.split(" "): null

2018-06-14 20:31:39 - [TEST_STEP][PASSED] - Statement - month = monthTextArray[0]: null

2018-06-14 20:31:39 - [TEST_STEP][PASSED] - Statement - monthTextValue1 = CustomKeywords.projectSpecific.Reusability.getTestData("ReportsPage", "Month"): projectSpecific.Reusability.getTestData is PASSED

2018-06-14 20:31:39 - [MESSAGE][PASSED] - projectSpecific.Reusability.getTestData is PASSED

2018-06-14 20:31:39 - [TEST_STEP][PASSED] - Statement - If (!(monthTextValue1.equals(month))): null

2018-06-14 20:31:39 - [TEST_STEP][PASSED] - Statement - While (!(monthTextValue1.equals(month))): null

2018-06-14 20:31:39 - [TEST_STEP][PASSED] - click: Object: 'Object Repository/ReportsPage/previousDateSelector2' is clicked on

2018-06-14 20:31:39 - [MESSAGE][PASSED] - Object: 'Object Repository/ReportsPage/previousDateSelector2' is clicked on

2018-06-14 20:31:39 - [TEST_STEP][PASSED] - Statement - monthText = com.kms.katalon.core.webui.keyword.WebUiBuiltInKeywords.getText(com.kms.katalon.core.testobject.ObjectRepository.findTestObject(ReportsPage/monthText2)): Text of object 'Object Repository/ReportsPage/monthText2' is: 'May 2018'

2018-06-14 20:31:39 - [MESSAGE][PASSED] - Text of object 'Object Repository/ReportsPage/monthText2' is: 'May 2018'

2018-06-14 20:31:39 - [TEST_STEP][PASSED] - Statement - monthTextArray = monthText.split(" "): null

2018-06-14 20:31:39 - [TEST_STEP][PASSED] - Statement - month = monthTextArray[0]: null

2018-06-14 20:31:39 - [TEST_STEP][PASSED] - click: Object: 'Object Repository/ReportsPage/previousDateSelector2' is clicked on

2018-06-14 20:31:39 - [MESSAGE][PASSED] - Object: 'Object Repository/ReportsPage/previousDateSelector2' is clicked on

2018-06-14 20:31:39 - [TEST_STEP][PASSED] - Statement - monthText = com.kms.katalon.core.webui.keyword.WebUiBuiltInKeywords.getText(com.kms.katalon.core.testobject.ObjectRepository.findTestObject(ReportsPage/monthText2)): Text of object 'Object Repository/ReportsPage/monthText2' is: 'April 2018'

2018-06-14 20:31:39 - [MESSAGE][PASSED] - Text of object 'Object Repository/ReportsPage/monthText2' is: 'April 2018'

2018-06-14 20:31:39 - [TEST_STEP][PASSED] - Statement - monthTextArray = monthText.split(" "): null

2018-06-14 20:31:39 - [TEST_STEP][PASSED] - Statement - month = monthTextArray[0]: null

2018-06-14 20:31:39 - [TEST_STEP][PASSED] - click: Object: 'Object Repository/ReportsPage/previousDateSelector2' is clicked on

2018-06-14 20:31:39 - [MESSAGE][PASSED] - Object: 'Object Repository/ReportsPage/previousDateSelector2' is clicked on

2018-06-14 20:31:39 - [TEST_STEP][PASSED] - Statement - monthText = com.kms.katalon.core.webui.keyword.WebUiBuiltInKeywords.getText(com.kms.katalon.core.testobject.ObjectRepository.findTestObject(ReportsPage/monthText2)): Text of object 'Object Repository/ReportsPage/monthText2' is: 'March 2018'

2018-06-14 20:31:39 - [MESSAGE][PASSED] - Text of object 'Object Repository/ReportsPage/monthText2' is: 'March 2018'

2018-06-14 20:31:39 - [TEST_STEP][PASSED] - Statement - monthTextArray = monthText.split(" "): null

2018-06-14 20:31:39 - [TEST_STEP][PASSED] - Statement - month = monthTextArray[0]: null

2018-06-14 20:31:39 - [TEST_STEP][PASSED] - Statement - endDate = CustomKeywords.projectSpecific.Reusability.getTestData("ReportsPage", "EndDate_March2"): projectSpecific.Reusability.getTestData is PASSED

2018-06-14 20:31:39 - [MESSAGE][PASSED] - projectSpecific.Reusability.getTestData is PASSED

2018-06-14 20:31:39 - [TEST_STEP][PASSED] - Statement - toDate = "(//td[text()='" + endDate + "'])[2]": null

2018-06-14 20:31:39 - [TEST_STEP][PASSED] - Statement - println(toDate): null

2018-06-14 20:31:39 - [TEST_STEP][PASSED] - Statement - toDateEle = driver.findElement(org.openqa.selenium.By.xpath(toDate)): null

2018-06-14 20:31:39 - [TEST_STEP][PASSED] - Statement - toDateEle.click(): null

2018-06-14 20:31:39 - [TEST_STEP][PASSED] - delay: Delayed 5 second(s)

2018-06-14 20:31:44 - [MESSAGE][PASSED] - Delayed 5 second(s)

2018-06-14 20:31:44 - [TEST_STEP][PASSED] - Statement - dateAttr = com.kms.katalon.core.webui.keyword.WebUiBuiltInKeywords.getAttribute(com.kms.katalon.core.testobject.ObjectRepository.findTestObject(ReportsPage/selectedDate1), "value"): Attribute 'value' of object 'Object Repository/ReportsPage/selectedDate1' is: '03/13/2018'

2018-06-14 20:31:44 - [MESSAGE][PASSED] - Attribute 'value' of object 'Object Repository/ReportsPage/selectedDate1' is: '03/13/2018'

2018-06-14 20:31:44 - [TEST_STEP][PASSED] - Statement - fromDateValue = CustomKeywords.projectSpecific.Reusability.getTestData("ReportsPage", "fromDate_March2"): projectSpecific.Reusability.getTestData is PASSED

2018-06-14 20:31:44 - [MESSAGE][PASSED] - projectSpecific.Reusability.getTestData is PASSED

2018-06-14 20:31:44 - [TEST_STEP][PASSED] - Statement - If (!(dateAttr.equals(fromDateValue))): null

2018-06-14 20:31:44 - [TEST_STEP][PASSED] - Statement - dateAttr = com.kms.katalon.core.webui.keyword.WebUiBuiltInKeywords.getAttribute(com.kms.katalon.core.testobject.ObjectRepository.findTestObject(ReportsPage/selectedDate2), "value"): Attribute 'value' of object 'Object Repository/ReportsPage/selectedDate2' is: '03/16/2018'

2018-06-14 20:31:44 - [MESSAGE][PASSED] - Attribute 'value' of object 'Object Repository/ReportsPage/selectedDate2' is: '03/16/2018'

2018-06-14 20:31:44 - [TEST_STEP][PASSED] - Statement - toDateValue = CustomKeywords.projectSpecific.Reusability.getTestData("ReportsPage", "toDate_March2"): projectSpecific.Reusability.getTestData is PASSED

2018-06-14 20:31:44 - [MESSAGE][PASSED] - projectSpecific.Reusability.getTestData is PASSED

2018-06-14 20:31:44 - [TEST_STEP][PASSED] - Statement - If (!(dateAttr.equals(toDateValue))): null

2018-06-14 20:31:44 - [TEST_STEP][PASSED] - click: Object: 'Object Repository/ReportsPage/generateReport' is clicked on

2018-06-14 20:31:45 - [MESSAGE][PASSED] - Object: 'Object Repository/ReportsPage/generateReport' is clicked on

2018-06-14 20:31:45 - [TEST_STEP][PASSED] - delay: Delayed 15 second(s)

2018-06-14 20:32:00 - [MESSAGE][PASSED] - Delayed 15 second(s)

2018-06-14 20:32:00 - [TEST_STEP][PASSED] - Statement - printTime = CustomKeywords.uiaction.CommonUIActions.getText(com.kms.katalon.core.testobject.ObjectRepository.findTestObject(SummarizedReportPage/printTime)): uiaction.CommonUIActions.getText is PASSED

2018-06-14 20:32:20 - [MESSAGE][PASSED] - uiaction.CommonUIActions.getText is PASSED

2018-06-14 20:32:20 - [TEST_STEP][PASSED] - Statement - cal = java.util.Calendar.getInstance(): null

2018-06-14 20:32:20 - [TEST_STEP][PASSED] - Statement - sdf = new java.text.SimpleDateFormat(hh:mm a): null

2018-06-14 20:32:20 - [TEST_STEP][PASSED] - Statement - currentSystemTime = sdf.format(cal.getTime()): null

2018-06-14 20:32:20 - [TEST_STEP][PASSED] - Statement - out.println(currentSystemTime): null

2018-06-14 20:32:20 - [TEST_STEP][PASSED] - Statement - If (currentSystemTime.contains(printTime)): null

2018-06-14 20:32:20 - [TEST_STEP][PASSED] - Statement - Else: Taking screenshot successfully

2018-06-14 20:32:20 - [TEST_STEP][PASSED] - Statement - If (TCflag): null

2018-06-14 20:32:20 - [TEST_STEP][PASSED] - Statement - out.println("Print Time is not displayed the current local time "): null

2018-06-14 20:32:20 - [TEST_STEP][PASSED] - takeScreenshot: Taking screenshot successfully

2018-06-14 20:32:20 - [MESSAGE][PASSED] - Taking screenshot successfully
[[ATTACHMENT|C:\\Users\\shalinin\\Katalon Studio\\HME_Scripts\\Reports\\RegressionSuite\\20180614_164441\\1528988540316.png]]

2018-06-14 20:32:20 - [TEST_STEP][PASSED] - delay: Delayed 5 second(s)

2018-06-14 20:32:25 - [MESSAGE][PASSED] - Delayed 5 second(s)

2018-06-14 20:32:25 - [TEST_STEP][PASSED] - uiaction.CommonUIActions.click: uiaction.CommonUIActions.click is PASSED

2018-06-14 20:32:29 - [MESSAGE][PASSED] - uiaction.CommonUIActions.click is PASSED

2018-06-14 20:32:29 - [TEST_STEP][PASSED] - Statement - assert TCflag == true: null

2018-06-14 20:32:29 - [TEST_STEP][PASSED] - Start listener action : sampleAfterTestCase: Browser is closed

2018-06-14 20:32:29 - [TEST_STEP][PASSED] - Statement - println(testCaseContext.getTestCaseId()): null

2018-06-14 20:32:29 - [TEST_STEP][PASSED] - Statement - println(testCaseContext.getTestCaseStatus()): null

2018-06-14 20:32:29 - [TEST_STEP][PASSED] - closeBrowser: Browser is closed

2018-06-14 20:32:30 - [MESSAGE][PASSED] - Browser is closed]]></system-out>
         <system-err><![CDATA[2018-06-14 20:30:33 - [TEST_CASE][FAILED] - Test Cases/TimeZoneTC/HME-Browser-Timezone-03: Test Cases/TimeZoneTC/HME-Browser-Timezone-03 FAILED because (of) org.codehaus.groovy.runtime.powerassert.PowerAssertionError: assert TCflag==true
       |     |
       false false]]></system-err>
      </testcase>
      <system-out><![CDATA[2018-06-14 16:44:43 - [TEST_SUITE][FAILED] - RegressionSuite: Test Cases/CreateGroupTC/HME-CreateGroup-08 FAILED because (of) Unable to verify match between actual text 'Group already exist in the user account' and expected text 'Web element with id: 'Object Repository/ReportingGroupManagement/groupCreationErrorMessage' located by 'By.xpath: //div[@class='alert alert-danger'] 
' not found' (Root cause: Actual text 'Group already exist in the user account' and expected text 'Web element with id: 'Object Repository/ReportingGroupManagement/groupCreationErrorMessage' located by 'By.xpath: //div[@class='alert alert-danger'] 
' not found' are not matched)]]></system-out>
      <system-err><![CDATA[2018-06-14 16:44:43 - [TEST_SUITE][FAILED] - RegressionSuite: Test Cases/CreateGroupTC/HME-CreateGroup-08 FAILED because (of) Unable to verify match between actual text 'Group already exist in the user account' and expected text 'Web element with id: 'Object Repository/ReportingGroupManagement/groupCreationErrorMessage' located by 'By.xpath: //div[@class='alert alert-danger'] 
' not found' (Root cause: Actual text 'Group already exist in the user account' and expected text 'Web element with id: 'Object Repository/ReportingGroupManagement/groupCreationErrorMessage' located by 'By.xpath: //div[@class='alert alert-danger'] 
' not found' are not matched)]]></system-err>
   </testsuite>
</testsuites>
