<?xml version="1.0" encoding="UTF-8"?>
<testsuites name="RegressionSuite" time="1868" tests="7" failures="2" errors="0">
   <testsuite name="RegressionSuite" tests="7" failures="2" errors="0" time="1868" timestamp="2018-06-18 13:52:53" hostname="shalinin - NIBC2129.nousinfo.com" id="Test Suites/RegressionSuite">
      <properties>
         <property name="deviceName" value=""/>
         <property name="devicePlatform" value=""/>
         <property name="logFolder" value="C:\\Users\\shalinin\\Katalon Studio\\HME_Scripts\\Reports\\RegressionSuite\\20180618_135250"/>
         <property name="logFiles" value="C:\\Users\\shalinin\\Katalon Studio\\HME_Scripts\\Reports\\RegressionSuite\\20180618_135250\\execution0.log, C:\\Users\\shalinin\\Katalon Studio\\HME_Scripts\\Reports\\RegressionSuite\\20180618_135250\\execution1.log"/>
         <property name="attachments" value="C:\\Users\\shalinin\\Katalon Studio\\HME_Scripts\\Reports\\RegressionSuite\\20180618_135250\\1529311075041.png, C:\\Users\\shalinin\\Katalon Studio\\HME_Scripts\\Reports\\RegressionSuite\\20180618_135250\\1529311823505.png, C:\\Users\\shalinin\\Katalon Studio\\HME_Scripts\\Reports\\RegressionSuite\\20180618_135250\\1529312005132.png, C:\\Users\\shalinin\\Katalon Studio\\HME_Scripts\\Reports\\RegressionSuite\\20180618_135250\\1529312035966.png"/>
         <property name="hostName" value="shalinin - NIBC2129.nousinfo.com"/>
         <property name="os" value="Windows 7 64bit"/>
         <property name="katalonVersion" value="5.3.1.1"/>
         <property name="browser" value="Chrome 67.0.3396.79"/>
         <property name="hostAddress" value="192.168.24.174"/>
         <property name="sessionId" value="89e064f5eb66e5c7624804c9cc09fd06"/>
         <property name="seleniumVersion" value="3.7.1"/>
         <property name="proxyInformation" value="ProxyInformation{proxyOption=NO_PROXY, proxyServerType=HTTP, password=, proxyServerAddress=, proxyServerPort=0}"/>
         <property name="platform" value="Windows 7"/>
      </properties>
      <testcase name="Test Cases/CreateGroupTC/HME-CreateGroup-04" classname="Test Cases/CreateGroupTC/HME-CreateGroup-04" status="PASSED">
         <system-out><![CDATA[2018-06-18 13:52:53 - [TEST_CASE][PASSED] - Test Cases/CreateGroupTC/HME-CreateGroup-04: Browser is closed

2018-06-18 13:52:53 - [TEST_STEP][PASSED] - Start listener action : sampleBeforeTestCase: uiaction.CommonUIActions.deleteAllCookies is PASSED

2018-06-18 13:52:53 - [TEST_STEP][PASSED] - openBrowser: Browser is opened with url: ''

2018-06-18 13:52:57 - [MESSAGE][PASSED] - Browser is opened with url: ''

2018-06-18 13:52:57 - [TEST_STEP][PASSED] - maximizeWindow: Current window maximized

2018-06-18 13:52:58 - [MESSAGE][PASSED] - Current window maximized

2018-06-18 13:52:58 - [TEST_STEP][PASSED] - uiaction.CommonUIActions.deleteAllCookies: uiaction.CommonUIActions.deleteAllCookies is PASSED

2018-06-18 13:52:58 - [MESSAGE][PASSED] - Delete all cookies successfully

2018-06-18 13:52:58 - [MESSAGE][PASSED] - uiaction.CommonUIActions.deleteAllCookies is PASSED

2018-06-18 13:52:58 - [TEST_STEP][PASSED] - Statement - TCflag = true: null

2018-06-18 13:52:58 - [TEST_STEP][PASSED] - Statement - Try: uiaction.CommonUIActions.click is PASSED

2018-06-18 13:52:58 - [TEST_STEP][PASSED] - navigateToUrl: Navigate to 'https://hme-dev-public-cloud-app.azurewebsites.net/' successfully

2018-06-18 13:53:01 - [MESSAGE][PASSED] - Navigate to 'https://hme-dev-public-cloud-app.azurewebsites.net/' successfully

2018-06-18 13:53:01 - [TEST_STEP][PASSED] - projectSpecific.Reusability.login: projectSpecific.Reusability.login is PASSED

2018-06-18 13:53:02 - [MESSAGE][PASSED] - projectSpecific.Reusability.getTestData is PASSED

2018-06-18 13:53:02 - [MESSAGE][PASSED] - projectSpecific.Reusability.getTestData is PASSED

2018-06-18 13:53:03 - [MESSAGE][PASSED] - Text 'selvendrank@nousinfo.com' is set on object 'Object Repository/LoginPage/Username'

2018-06-18 13:53:03 - [MESSAGE][PASSED] - Text 'nous;123' is set on object 'Object Repository/LoginPage/Password'

2018-06-18 13:53:03 - [MESSAGE][PASSED] - Object: 'Object Repository/LoginPage/Login' is clicked on

2018-06-18 13:53:03 - [MESSAGE][PASSED] - projectSpecific.Reusability.login is PASSED

2018-06-18 13:53:03 - [TEST_STEP][PASSED] - delay: Delayed 10 second(s)

2018-06-18 13:53:13 - [MESSAGE][PASSED] - Delayed 10 second(s)

2018-06-18 13:53:13 - [TEST_STEP][PASSED] - uiaction.CommonUIActions.click: uiaction.CommonUIActions.click is PASSED

2018-06-18 13:53:39 - [MESSAGE][PASSED] - uiaction.CommonUIActions.click is PASSED

2018-06-18 13:53:39 - [TEST_STEP][PASSED] - uiaction.CommonUIActions.click: uiaction.CommonUIActions.click is PASSED

2018-06-18 13:53:41 - [MESSAGE][PASSED] - uiaction.CommonUIActions.click is PASSED

2018-06-18 13:53:41 - [TEST_STEP][PASSED] - uiaction.CommonUIActions.click: uiaction.CommonUIActions.click is PASSED

2018-06-18 13:53:41 - [MESSAGE][PASSED] - uiaction.CommonUIActions.click is PASSED

2018-06-18 13:53:41 - [TEST_STEP][PASSED] - verifyElementPresent: Object 'Object Repository/ReportingGroupManagement/reportingGroupDetails' is present

2018-06-18 13:53:41 - [MESSAGE][PASSED] - Object 'Object Repository/ReportingGroupManagement/reportingGroupDetails' is present

2018-06-18 13:53:41 - [TEST_STEP][PASSED] - Statement - grpName = CustomKeywords.uiaction.CommonUIActions.getText(com.kms.katalon.core.testobject.ObjectRepository.findTestObject(ReportingGroupManagement/groupName)): uiaction.CommonUIActions.getText is PASSED

2018-06-18 13:53:41 - [MESSAGE][PASSED] - uiaction.CommonUIActions.getText is PASSED

2018-06-18 13:53:41 - [TEST_STEP][PASSED] - Statement - println("grpName"): null

2018-06-18 13:53:41 - [TEST_STEP][PASSED] - Statement - If (grpName.contains("*")): null

2018-06-18 13:53:41 - [TEST_STEP][PASSED] - Statement - out.println("Group Name text box is marked with asterisk symbol"): null

2018-06-18 13:53:41 - [TEST_STEP][PASSED] - uiaction.CommonUIActions.enter: uiaction.CommonUIActions.enter is PASSED

2018-06-18 13:53:41 - [MESSAGE][PASSED] - projectSpecific.Reusability.getTestData is PASSED

2018-06-18 13:53:42 - [MESSAGE][PASSED] - uiaction.CommonUIActions.enter is PASSED

2018-06-18 13:53:42 - [TEST_STEP][PASSED] - uiaction.CommonUIActions.enter: uiaction.CommonUIActions.enter is PASSED

2018-06-18 13:53:42 - [MESSAGE][PASSED] - projectSpecific.Reusability.getTestData is PASSED

2018-06-18 13:53:42 - [MESSAGE][PASSED] - uiaction.CommonUIActions.enter is PASSED

2018-06-18 13:53:42 - [TEST_STEP][PASSED] - uiaction.CommonUIActions.click: uiaction.CommonUIActions.click is PASSED

2018-06-18 13:53:42 - [MESSAGE][PASSED] - uiaction.CommonUIActions.click is PASSED

2018-06-18 13:53:42 - [TEST_STEP][PASSED] - delay: Delayed 10 second(s)

2018-06-18 13:53:52 - [MESSAGE][PASSED] - Delayed 10 second(s)

2018-06-18 13:53:52 - [TEST_STEP][PASSED] - uiaction.CommonUIActions.back: uiaction.CommonUIActions.back is PASSED

2018-06-18 13:53:52 - [MESSAGE][PASSED] - Navigate back successfully

2018-06-18 13:53:52 - [MESSAGE][PASSED] - uiaction.CommonUIActions.back is PASSED

2018-06-18 13:53:52 - [TEST_STEP][PASSED] - delay: Delayed 5 second(s)

2018-06-18 13:53:57 - [MESSAGE][PASSED] - Delayed 5 second(s)

2018-06-18 13:53:57 - [TEST_STEP][PASSED] - uiaction.CommonUIActions.enter: uiaction.CommonUIActions.enter is PASSED

2018-06-18 13:53:57 - [MESSAGE][PASSED] - projectSpecific.Reusability.getTestData is PASSED

2018-06-18 13:53:57 - [MESSAGE][PASSED] - uiaction.CommonUIActions.enter is PASSED

2018-06-18 13:53:57 - [TEST_STEP][PASSED] - uiaction.CommonUIActions.enter: uiaction.CommonUIActions.enter is PASSED

2018-06-18 13:53:57 - [MESSAGE][PASSED] - projectSpecific.Reusability.getTestData is PASSED

2018-06-18 13:53:57 - [MESSAGE][PASSED] - uiaction.CommonUIActions.enter is PASSED

2018-06-18 13:53:57 - [TEST_STEP][PASSED] - uiaction.CommonUIActions.click: uiaction.CommonUIActions.click is PASSED

2018-06-18 13:53:57 - [MESSAGE][PASSED] - uiaction.CommonUIActions.click is PASSED

2018-06-18 13:53:57 - [TEST_STEP][PASSED] - delay: Delayed 10 second(s)

2018-06-18 13:54:07 - [MESSAGE][PASSED] - Delayed 10 second(s)

2018-06-18 13:54:07 - [TEST_STEP][PASSED] - uiaction.CommonUIActions.back: uiaction.CommonUIActions.back is PASSED

2018-06-18 13:54:07 - [MESSAGE][PASSED] - Navigate back successfully

2018-06-18 13:54:07 - [MESSAGE][PASSED] - uiaction.CommonUIActions.back is PASSED

2018-06-18 13:54:07 - [TEST_STEP][PASSED] - delay: Delayed 5 second(s)

2018-06-18 13:54:12 - [MESSAGE][PASSED] - Delayed 5 second(s)

2018-06-18 13:54:12 - [TEST_STEP][PASSED] - uiaction.CommonUIActions.back: uiaction.CommonUIActions.back is PASSED

2018-06-18 13:54:12 - [MESSAGE][PASSED] - Navigate back successfully

2018-06-18 13:54:12 - [MESSAGE][PASSED] - uiaction.CommonUIActions.back is PASSED

2018-06-18 13:54:12 - [TEST_STEP][PASSED] - delay: Delayed 5 second(s)

2018-06-18 13:54:17 - [MESSAGE][PASSED] - Delayed 5 second(s)

2018-06-18 13:54:17 - [TEST_STEP][PASSED] - uiaction.CommonUIActions.click: uiaction.CommonUIActions.click is PASSED

2018-06-18 13:54:18 - [MESSAGE][PASSED] - uiaction.CommonUIActions.click is PASSED

2018-06-18 13:54:18 - [TEST_STEP][PASSED] - Statement - StoreList = CustomKeywords.projectSpecific.Reusability.getTestData("ReportingGroupManagementPage", "dummyGroupName2"): projectSpecific.Reusability.getTestData is PASSED

2018-06-18 13:54:18 - [MESSAGE][PASSED] - projectSpecific.Reusability.getTestData is PASSED

2018-06-18 13:54:18 - [TEST_STEP][PASSED] - Statement - listOfStores = new java.util.ArrayList(java.util.Arrays.asList(StoreList)): null

2018-06-18 13:54:18 - [TEST_STEP][PASSED] - Statement - out.println(listOfStores): null

2018-06-18 13:54:18 - [TEST_STEP][PASSED] - delay: Delayed 10 second(s)

2018-06-18 13:54:28 - [MESSAGE][PASSED] - Delayed 10 second(s)

2018-06-18 13:54:28 - [TEST_STEP][PASSED] - Statement - driver = com.kms.katalon.core.webui.driver.DriverFactory.getWebDriver(): null

2018-06-18 13:54:28 - [TEST_STEP][PASSED] - Statement - availableStoreList = driver.findElements(org.openqa.selenium.By.xpath(com.kms.katalon.core.testdata.TestDataFactory.findTestData(OR_file).getValue(2, 10))): Reading excel file with source file 'C:\Users\shalinin\Katalon Studio\HME_Scripts\Data Files\HME_OR.xlsx' and sheet name 'Sheet1'

2018-06-18 13:54:28 - [TEST_STEP][PASSED] - Statement - actualList = new java.util.ArrayList(): null

2018-06-18 13:54:28 - [TEST_STEP][PASSED] - Statement - For ([i = 0, i < availableStoreList.size(), (i++)]): null

2018-06-18 13:54:28 - [TEST_STEP][PASSED] - Statement - actualList.add(i, availableStoreList.get(i).getText()): null

2018-06-18 13:54:28 - [TEST_STEP][PASSED] - Statement - actualList.add(i, availableStoreList.get(i).getText()): null

2018-06-18 13:54:28 - [TEST_STEP][PASSED] - Statement - actualList.add(i, availableStoreList.get(i).getText()): null

2018-06-18 13:54:28 - [TEST_STEP][PASSED] - Statement - actualList.add(i, availableStoreList.get(i).getText()): null

2018-06-18 13:54:28 - [TEST_STEP][PASSED] - Statement - actualList.add(i, availableStoreList.get(i).getText()): null

2018-06-18 13:54:28 - [TEST_STEP][PASSED] - Statement - actualList.add(i, availableStoreList.get(i).getText()): null

2018-06-18 13:54:28 - [TEST_STEP][PASSED] - Statement - actualList.add(i, availableStoreList.get(i).getText()): null

2018-06-18 13:54:28 - [TEST_STEP][PASSED] - Statement - actualList.add(i, availableStoreList.get(i).getText()): null

2018-06-18 13:54:28 - [TEST_STEP][PASSED] - Statement - actualList.add(i, availableStoreList.get(i).getText()): null

2018-06-18 13:54:28 - [TEST_STEP][PASSED] - Statement - actualList.add(i, availableStoreList.get(i).getText()): null

2018-06-18 13:54:28 - [TEST_STEP][PASSED] - Statement - actualList.add(i, availableStoreList.get(i).getText()): null

2018-06-18 13:54:28 - [TEST_STEP][PASSED] - Statement - actualList.add(i, availableStoreList.get(i).getText()): null

2018-06-18 13:54:28 - [TEST_STEP][PASSED] - Statement - actualList.add(i, availableStoreList.get(i).getText()): null

2018-06-18 13:54:28 - [TEST_STEP][PASSED] - Statement - actualList.add(i, availableStoreList.get(i).getText()): null

2018-06-18 13:54:28 - [TEST_STEP][PASSED] - Statement - actualList.add(i, availableStoreList.get(i).getText()): null

2018-06-18 13:54:28 - [TEST_STEP][PASSED] - Statement - actualList.add(i, availableStoreList.get(i).getText()): null

2018-06-18 13:54:28 - [TEST_STEP][PASSED] - Statement - actualList.add(i, availableStoreList.get(i).getText()): null

2018-06-18 13:54:28 - [TEST_STEP][PASSED] - Statement - actualList.add(i, availableStoreList.get(i).getText()): null

2018-06-18 13:54:28 - [TEST_STEP][PASSED] - Statement - actualList.add(i, availableStoreList.get(i).getText()): null

2018-06-18 13:54:28 - [TEST_STEP][PASSED] - Statement - actualList.add(i, availableStoreList.get(i).getText()): null

2018-06-18 13:54:28 - [TEST_STEP][PASSED] - Statement - actualList.add(i, availableStoreList.get(i).getText()): null

2018-06-18 13:54:28 - [TEST_STEP][PASSED] - Statement - actualList.add(i, availableStoreList.get(i).getText()): null

2018-06-18 13:54:28 - [TEST_STEP][PASSED] - Statement - actualList.add(i, availableStoreList.get(i).getText()): null

2018-06-18 13:54:28 - [TEST_STEP][PASSED] - Statement - actualList.add(i, availableStoreList.get(i).getText()): null

2018-06-18 13:54:28 - [TEST_STEP][PASSED] - Statement - actualList.add(i, availableStoreList.get(i).getText()): null

2018-06-18 13:54:28 - [TEST_STEP][PASSED] - Statement - actualList.add(i, availableStoreList.get(i).getText()): null

2018-06-18 13:54:28 - [TEST_STEP][PASSED] - Statement - actualList.add(i, availableStoreList.get(i).getText()): null

2018-06-18 13:54:28 - [TEST_STEP][PASSED] - Statement - actualList.add(i, availableStoreList.get(i).getText()): null

2018-06-18 13:54:28 - [TEST_STEP][PASSED] - Statement - actualList.add(i, availableStoreList.get(i).getText()): null

2018-06-18 13:54:28 - [TEST_STEP][PASSED] - Statement - actualList.add(i, availableStoreList.get(i).getText()): null

2018-06-18 13:54:28 - [TEST_STEP][PASSED] - Statement - actualList.add(i, availableStoreList.get(i).getText()): null

2018-06-18 13:54:28 - [TEST_STEP][PASSED] - Statement - actualList.add(i, availableStoreList.get(i).getText()): null

2018-06-18 13:54:28 - [TEST_STEP][PASSED] - Statement - actualList.add(i, availableStoreList.get(i).getText()): null

2018-06-18 13:54:28 - [TEST_STEP][PASSED] - Statement - actualList.add(i, availableStoreList.get(i).getText()): null

2018-06-18 13:54:28 - [TEST_STEP][PASSED] - Statement - actualList.add(i, availableStoreList.get(i).getText()): null

2018-06-18 13:54:28 - [TEST_STEP][PASSED] - Statement - actualList.add(i, availableStoreList.get(i).getText()): null

2018-06-18 13:54:28 - [TEST_STEP][PASSED] - Statement - actualList.add(i, availableStoreList.get(i).getText()): null

2018-06-18 13:54:28 - [TEST_STEP][PASSED] - Statement - actualList.add(i, availableStoreList.get(i).getText()): null

2018-06-18 13:54:28 - [TEST_STEP][PASSED] - Statement - actualList.add(i, availableStoreList.get(i).getText()): null

2018-06-18 13:54:28 - [TEST_STEP][PASSED] - Statement - actualList.add(i, availableStoreList.get(i).getText()): null

2018-06-18 13:54:28 - [TEST_STEP][PASSED] - Statement - actualList.add(i, availableStoreList.get(i).getText()): null

2018-06-18 13:54:28 - [TEST_STEP][PASSED] - Statement - actualList.add(i, availableStoreList.get(i).getText()): null

2018-06-18 13:54:28 - [TEST_STEP][PASSED] - Statement - actualList.add(i, availableStoreList.get(i).getText()): null

2018-06-18 13:54:28 - [TEST_STEP][PASSED] - Statement - actualList.add(i, availableStoreList.get(i).getText()): null

2018-06-18 13:54:28 - [TEST_STEP][PASSED] - Statement - actualList.add(i, availableStoreList.get(i).getText()): null

2018-06-18 13:54:28 - [TEST_STEP][PASSED] - Statement - actualList.add(i, availableStoreList.get(i).getText()): null

2018-06-18 13:54:28 - [TEST_STEP][PASSED] - Statement - actualList.add(i, availableStoreList.get(i).getText()): null

2018-06-18 13:54:28 - [TEST_STEP][PASSED] - Statement - actualList.add(i, availableStoreList.get(i).getText()): null

2018-06-18 13:54:29 - [TEST_STEP][PASSED] - Statement - actualList.add(i, availableStoreList.get(i).getText()): null

2018-06-18 13:54:29 - [TEST_STEP][PASSED] - Statement - actualList.add(i, availableStoreList.get(i).getText()): null

2018-06-18 13:54:29 - [TEST_STEP][PASSED] - Statement - actualList.add(i, availableStoreList.get(i).getText()): null

2018-06-18 13:54:29 - [TEST_STEP][PASSED] - Statement - actualList.add(i, availableStoreList.get(i).getText()): null

2018-06-18 13:54:29 - [TEST_STEP][PASSED] - Statement - actualList.add(i, availableStoreList.get(i).getText()): null

2018-06-18 13:54:29 - [TEST_STEP][PASSED] - Statement - actualList.add(i, availableStoreList.get(i).getText()): null

2018-06-18 13:54:29 - [TEST_STEP][PASSED] - Statement - actualList.add(i, availableStoreList.get(i).getText()): null

2018-06-18 13:54:29 - [TEST_STEP][PASSED] - Statement - actualList.add(i, availableStoreList.get(i).getText()): null

2018-06-18 13:54:29 - [TEST_STEP][PASSED] - Statement - actualList.add(i, availableStoreList.get(i).getText()): null

2018-06-18 13:54:29 - [TEST_STEP][PASSED] - Statement - actualList.add(i, availableStoreList.get(i).getText()): null

2018-06-18 13:54:29 - [TEST_STEP][PASSED] - Statement - actualList.add(i, availableStoreList.get(i).getText()): null

2018-06-18 13:54:29 - [TEST_STEP][PASSED] - Statement - actualList.add(i, availableStoreList.get(i).getText()): null

2018-06-18 13:54:29 - [TEST_STEP][PASSED] - Statement - actualList.add(i, availableStoreList.get(i).getText()): null

2018-06-18 13:54:29 - [TEST_STEP][PASSED] - Statement - actualList.add(i, availableStoreList.get(i).getText()): null

2018-06-18 13:54:29 - [TEST_STEP][PASSED] - Statement - actualList.add(i, availableStoreList.get(i).getText()): null

2018-06-18 13:54:29 - [TEST_STEP][PASSED] - Statement - actualList.add(i, availableStoreList.get(i).getText()): null

2018-06-18 13:54:29 - [TEST_STEP][PASSED] - Statement - actualList.add(i, availableStoreList.get(i).getText()): null

2018-06-18 13:54:29 - [TEST_STEP][PASSED] - Statement - actualList.add(i, availableStoreList.get(i).getText()): null

2018-06-18 13:54:29 - [TEST_STEP][PASSED] - Statement - actualList.add(i, availableStoreList.get(i).getText()): null

2018-06-18 13:54:29 - [TEST_STEP][PASSED] - Statement - actualList.add(i, availableStoreList.get(i).getText()): null

2018-06-18 13:54:29 - [TEST_STEP][PASSED] - Statement - actualList.add(i, availableStoreList.get(i).getText()): null

2018-06-18 13:54:29 - [TEST_STEP][PASSED] - Statement - actualList.add(i, availableStoreList.get(i).getText()): null

2018-06-18 13:54:29 - [TEST_STEP][PASSED] - Statement - actualList.add(i, availableStoreList.get(i).getText()): null

2018-06-18 13:54:29 - [TEST_STEP][PASSED] - Statement - actualList.add(i, availableStoreList.get(i).getText()): null

2018-06-18 13:54:29 - [TEST_STEP][PASSED] - Statement - actualList.add(i, availableStoreList.get(i).getText()): null

2018-06-18 13:54:29 - [TEST_STEP][PASSED] - Statement - actualList.add(i, availableStoreList.get(i).getText()): null

2018-06-18 13:54:29 - [TEST_STEP][PASSED] - Statement - actualList.add(i, availableStoreList.get(i).getText()): null

2018-06-18 13:54:29 - [TEST_STEP][PASSED] - Statement - actualList.add(i, availableStoreList.get(i).getText()): null

2018-06-18 13:54:29 - [TEST_STEP][PASSED] - Statement - actualList.add(i, availableStoreList.get(i).getText()): null

2018-06-18 13:54:29 - [TEST_STEP][PASSED] - Statement - actualList.add(i, availableStoreList.get(i).getText()): null

2018-06-18 13:54:29 - [TEST_STEP][PASSED] - Statement - actualList.add(i, availableStoreList.get(i).getText()): null

2018-06-18 13:54:29 - [TEST_STEP][PASSED] - Statement - actualList.add(i, availableStoreList.get(i).getText()): null

2018-06-18 13:54:29 - [TEST_STEP][PASSED] - Statement - actualList.add(i, availableStoreList.get(i).getText()): null

2018-06-18 13:54:29 - [TEST_STEP][PASSED] - Statement - actualList.add(i, availableStoreList.get(i).getText()): null

2018-06-18 13:54:29 - [TEST_STEP][PASSED] - Statement - actualList.add(i, availableStoreList.get(i).getText()): null

2018-06-18 13:54:29 - [TEST_STEP][PASSED] - Statement - actualList.add(i, availableStoreList.get(i).getText()): null

2018-06-18 13:54:29 - [TEST_STEP][PASSED] - Statement - actualList.add(i, availableStoreList.get(i).getText()): null

2018-06-18 13:54:29 - [TEST_STEP][PASSED] - Statement - actualList.add(i, availableStoreList.get(i).getText()): null

2018-06-18 13:54:29 - [TEST_STEP][PASSED] - Statement - actualList.add(i, availableStoreList.get(i).getText()): null

2018-06-18 13:54:29 - [TEST_STEP][PASSED] - Statement - actualList.add(i, availableStoreList.get(i).getText()): null

2018-06-18 13:54:29 - [TEST_STEP][PASSED] - Statement - actualList.add(i, availableStoreList.get(i).getText()): null

2018-06-18 13:54:29 - [TEST_STEP][PASSED] - Statement - actualList.add(i, availableStoreList.get(i).getText()): null

2018-06-18 13:54:29 - [TEST_STEP][PASSED] - Statement - actualList.add(i, availableStoreList.get(i).getText()): null

2018-06-18 13:54:29 - [TEST_STEP][PASSED] - Statement - actualList.add(i, availableStoreList.get(i).getText()): null

2018-06-18 13:54:29 - [TEST_STEP][PASSED] - Statement - actualList.add(i, availableStoreList.get(i).getText()): null

2018-06-18 13:54:29 - [TEST_STEP][PASSED] - Statement - actualList.add(i, availableStoreList.get(i).getText()): null

2018-06-18 13:54:29 - [TEST_STEP][PASSED] - Statement - actualList.add(i, availableStoreList.get(i).getText()): null

2018-06-18 13:54:29 - [TEST_STEP][PASSED] - Statement - actualList.add(i, availableStoreList.get(i).getText()): null

2018-06-18 13:54:29 - [TEST_STEP][PASSED] - Statement - actualList.add(i, availableStoreList.get(i).getText()): null

2018-06-18 13:54:29 - [TEST_STEP][PASSED] - Statement - actualList.add(i, availableStoreList.get(i).getText()): null

2018-06-18 13:54:29 - [TEST_STEP][PASSED] - Statement - actualList.add(i, availableStoreList.get(i).getText()): null

2018-06-18 13:54:29 - [TEST_STEP][PASSED] - Statement - actualList.add(i, availableStoreList.get(i).getText()): null

2018-06-18 13:54:29 - [TEST_STEP][PASSED] - Statement - actualList.add(i, availableStoreList.get(i).getText()): null

2018-06-18 13:54:29 - [TEST_STEP][PASSED] - Statement - actualList.add(i, availableStoreList.get(i).getText()): null

2018-06-18 13:54:29 - [TEST_STEP][PASSED] - Statement - actualList.add(i, availableStoreList.get(i).getText()): null

2018-06-18 13:54:29 - [TEST_STEP][PASSED] - Statement - actualList.add(i, availableStoreList.get(i).getText()): null

2018-06-18 13:54:29 - [TEST_STEP][PASSED] - Statement - actualList.add(i, availableStoreList.get(i).getText()): null

2018-06-18 13:54:29 - [TEST_STEP][PASSED] - Statement - actualList.add(i, availableStoreList.get(i).getText()): null

2018-06-18 13:54:29 - [TEST_STEP][PASSED] - Statement - actualList.add(i, availableStoreList.get(i).getText()): null

2018-06-18 13:54:29 - [TEST_STEP][PASSED] - Statement - actualList.add(i, availableStoreList.get(i).getText()): null

2018-06-18 13:54:29 - [TEST_STEP][PASSED] - Statement - actualList.add(i, availableStoreList.get(i).getText()): null

2018-06-18 13:54:30 - [TEST_STEP][PASSED] - Statement - actualList.add(i, availableStoreList.get(i).getText()): null

2018-06-18 13:54:30 - [TEST_STEP][PASSED] - Statement - actualList.add(i, availableStoreList.get(i).getText()): null

2018-06-18 13:54:30 - [TEST_STEP][PASSED] - Statement - actualList.add(i, availableStoreList.get(i).getText()): null

2018-06-18 13:54:30 - [TEST_STEP][PASSED] - Statement - actualList.add(i, availableStoreList.get(i).getText()): null

2018-06-18 13:54:30 - [TEST_STEP][PASSED] - Statement - actualList.add(i, availableStoreList.get(i).getText()): null

2018-06-18 13:54:30 - [TEST_STEP][PASSED] - Statement - actualList.add(i, availableStoreList.get(i).getText()): null

2018-06-18 13:54:30 - [TEST_STEP][PASSED] - Statement - actualList.add(i, availableStoreList.get(i).getText()): null

2018-06-18 13:54:30 - [TEST_STEP][PASSED] - Statement - actualList.add(i, availableStoreList.get(i).getText()): null

2018-06-18 13:54:30 - [TEST_STEP][PASSED] - Statement - actualList.add(i, availableStoreList.get(i).getText()): null

2018-06-18 13:54:30 - [TEST_STEP][PASSED] - Statement - actualList.add(i, availableStoreList.get(i).getText()): null

2018-06-18 13:54:30 - [TEST_STEP][PASSED] - Statement - actualList.add(i, availableStoreList.get(i).getText()): null

2018-06-18 13:54:30 - [TEST_STEP][PASSED] - Statement - actualList.add(i, availableStoreList.get(i).getText()): null

2018-06-18 13:54:30 - [TEST_STEP][PASSED] - Statement - actualList.add(i, availableStoreList.get(i).getText()): null

2018-06-18 13:54:30 - [TEST_STEP][PASSED] - Statement - actualList.add(i, availableStoreList.get(i).getText()): null

2018-06-18 13:54:30 - [TEST_STEP][PASSED] - Statement - actualList.add(i, availableStoreList.get(i).getText()): null

2018-06-18 13:54:30 - [TEST_STEP][PASSED] - Statement - actualList.add(i, availableStoreList.get(i).getText()): null

2018-06-18 13:54:30 - [TEST_STEP][PASSED] - Statement - actualList.add(i, availableStoreList.get(i).getText()): null

2018-06-18 13:54:30 - [TEST_STEP][PASSED] - Statement - actualList.add(i, availableStoreList.get(i).getText()): null

2018-06-18 13:54:30 - [TEST_STEP][PASSED] - Statement - actualList.add(i, availableStoreList.get(i).getText()): null

2018-06-18 13:54:30 - [TEST_STEP][PASSED] - Statement - actualList.add(i, availableStoreList.get(i).getText()): null

2018-06-18 13:54:30 - [TEST_STEP][PASSED] - Statement - actualList.add(i, availableStoreList.get(i).getText()): null

2018-06-18 13:54:30 - [TEST_STEP][PASSED] - Statement - actualList.add(i, availableStoreList.get(i).getText()): null

2018-06-18 13:54:30 - [TEST_STEP][PASSED] - Statement - actualList.add(i, availableStoreList.get(i).getText()): null

2018-06-18 13:54:30 - [TEST_STEP][PASSED] - Statement - actualList.add(i, availableStoreList.get(i).getText()): null

2018-06-18 13:54:30 - [TEST_STEP][PASSED] - Statement - actualList.add(i, availableStoreList.get(i).getText()): null

2018-06-18 13:54:30 - [TEST_STEP][PASSED] - Statement - actualList.add(i, availableStoreList.get(i).getText()): null

2018-06-18 13:54:30 - [TEST_STEP][PASSED] - Statement - actualList.add(i, availableStoreList.get(i).getText()): null

2018-06-18 13:54:30 - [TEST_STEP][PASSED] - Statement - actualList.add(i, availableStoreList.get(i).getText()): null

2018-06-18 13:54:30 - [TEST_STEP][PASSED] - Statement - actualList.add(i, availableStoreList.get(i).getText()): null

2018-06-18 13:54:30 - [TEST_STEP][PASSED] - Statement - actualList.add(i, availableStoreList.get(i).getText()): null

2018-06-18 13:54:30 - [TEST_STEP][PASSED] - Statement - actualList.add(i, availableStoreList.get(i).getText()): null

2018-06-18 13:54:30 - [TEST_STEP][PASSED] - Statement - actualList.add(i, availableStoreList.get(i).getText()): null

2018-06-18 13:54:30 - [TEST_STEP][PASSED] - Statement - actualList.add(i, availableStoreList.get(i).getText()): null

2018-06-18 13:54:30 - [TEST_STEP][PASSED] - Statement - actualList.add(i, availableStoreList.get(i).getText()): null

2018-06-18 13:54:30 - [TEST_STEP][PASSED] - Statement - actualList.add(i, availableStoreList.get(i).getText()): null

2018-06-18 13:54:30 - [TEST_STEP][PASSED] - Statement - actualList.add(i, availableStoreList.get(i).getText()): null

2018-06-18 13:54:30 - [TEST_STEP][PASSED] - Statement - actualList.add(i, availableStoreList.get(i).getText()): null

2018-06-18 13:54:30 - [TEST_STEP][PASSED] - Statement - actualList.add(i, availableStoreList.get(i).getText()): null

2018-06-18 13:54:30 - [TEST_STEP][PASSED] - Statement - actualList.add(i, availableStoreList.get(i).getText()): null

2018-06-18 13:54:30 - [TEST_STEP][PASSED] - Statement - actualList.add(i, availableStoreList.get(i).getText()): null

2018-06-18 13:54:30 - [TEST_STEP][PASSED] - Statement - actualList.add(i, availableStoreList.get(i).getText()): null

2018-06-18 13:54:30 - [TEST_STEP][PASSED] - Statement - actualList.add(i, availableStoreList.get(i).getText()): null

2018-06-18 13:54:30 - [TEST_STEP][PASSED] - Statement - actualList.add(i, availableStoreList.get(i).getText()): null

2018-06-18 13:54:30 - [TEST_STEP][PASSED] - Statement - actualList.add(i, availableStoreList.get(i).getText()): null

2018-06-18 13:54:30 - [TEST_STEP][PASSED] - Statement - actualList.add(i, availableStoreList.get(i).getText()): null

2018-06-18 13:54:30 - [TEST_STEP][PASSED] - Statement - actualList.add(i, availableStoreList.get(i).getText()): null

2018-06-18 13:54:30 - [TEST_STEP][PASSED] - Statement - actualList.add(i, availableStoreList.get(i).getText()): null

2018-06-18 13:54:30 - [TEST_STEP][PASSED] - Statement - actualList.add(i, availableStoreList.get(i).getText()): null

2018-06-18 13:54:30 - [TEST_STEP][PASSED] - Statement - actualList.add(i, availableStoreList.get(i).getText()): null

2018-06-18 13:54:30 - [TEST_STEP][PASSED] - Statement - actualList.add(i, availableStoreList.get(i).getText()): null

2018-06-18 13:54:30 - [TEST_STEP][PASSED] - Statement - actualList.add(i, availableStoreList.get(i).getText()): null

2018-06-18 13:54:30 - [TEST_STEP][PASSED] - Statement - actualList.add(i, availableStoreList.get(i).getText()): null

2018-06-18 13:54:30 - [TEST_STEP][PASSED] - Statement - actualList.add(i, availableStoreList.get(i).getText()): null

2018-06-18 13:54:30 - [TEST_STEP][PASSED] - Statement - actualList.add(i, availableStoreList.get(i).getText()): null

2018-06-18 13:54:30 - [TEST_STEP][PASSED] - Statement - actualList.add(i, availableStoreList.get(i).getText()): null

2018-06-18 13:54:30 - [TEST_STEP][PASSED] - Statement - actualList.add(i, availableStoreList.get(i).getText()): null

2018-06-18 13:54:30 - [TEST_STEP][PASSED] - Statement - actualList.add(i, availableStoreList.get(i).getText()): null

2018-06-18 13:54:30 - [TEST_STEP][PASSED] - Statement - actualList.add(i, availableStoreList.get(i).getText()): null

2018-06-18 13:54:30 - [TEST_STEP][PASSED] - Statement - actualList.add(i, availableStoreList.get(i).getText()): null

2018-06-18 13:54:30 - [TEST_STEP][PASSED] - Statement - actualList.add(i, availableStoreList.get(i).getText()): null

2018-06-18 13:54:30 - [TEST_STEP][PASSED] - Statement - actualList.add(i, availableStoreList.get(i).getText()): null

2018-06-18 13:54:31 - [TEST_STEP][PASSED] - Statement - actualList.add(i, availableStoreList.get(i).getText()): null

2018-06-18 13:54:31 - [TEST_STEP][PASSED] - Statement - actualList.add(i, availableStoreList.get(i).getText()): null

2018-06-18 13:54:31 - [TEST_STEP][PASSED] - Statement - actualList.add(i, availableStoreList.get(i).getText()): null

2018-06-18 13:54:31 - [TEST_STEP][PASSED] - Statement - actualList.add(i, availableStoreList.get(i).getText()): null

2018-06-18 13:54:31 - [TEST_STEP][PASSED] - Statement - actualList.add(i, availableStoreList.get(i).getText()): null

2018-06-18 13:54:31 - [TEST_STEP][PASSED] - Statement - actualList.add(i, availableStoreList.get(i).getText()): null

2018-06-18 13:54:31 - [TEST_STEP][PASSED] - Statement - actualList.add(i, availableStoreList.get(i).getText()): null

2018-06-18 13:54:31 - [TEST_STEP][PASSED] - Statement - actualList.add(i, availableStoreList.get(i).getText()): null

2018-06-18 13:54:31 - [TEST_STEP][PASSED] - Statement - actualList.add(i, availableStoreList.get(i).getText()): null

2018-06-18 13:54:31 - [TEST_STEP][PASSED] - Statement - actualList.add(i, availableStoreList.get(i).getText()): null

2018-06-18 13:54:31 - [TEST_STEP][PASSED] - Statement - actualList.add(i, availableStoreList.get(i).getText()): null

2018-06-18 13:54:31 - [TEST_STEP][PASSED] - Statement - actualList.add(i, availableStoreList.get(i).getText()): null

2018-06-18 13:54:31 - [TEST_STEP][PASSED] - Statement - actualList.add(i, availableStoreList.get(i).getText()): null

2018-06-18 13:54:31 - [TEST_STEP][PASSED] - Statement - actualList.add(i, availableStoreList.get(i).getText()): null

2018-06-18 13:54:31 - [TEST_STEP][PASSED] - Statement - actualList.add(i, availableStoreList.get(i).getText()): null

2018-06-18 13:54:31 - [TEST_STEP][PASSED] - Statement - actualList.add(i, availableStoreList.get(i).getText()): null

2018-06-18 13:54:31 - [TEST_STEP][PASSED] - Statement - actualList.add(i, availableStoreList.get(i).getText()): null

2018-06-18 13:54:31 - [TEST_STEP][PASSED] - Statement - actualList.add(i, availableStoreList.get(i).getText()): null

2018-06-18 13:54:31 - [TEST_STEP][PASSED] - Statement - actualList.add(i, availableStoreList.get(i).getText()): null

2018-06-18 13:54:31 - [TEST_STEP][PASSED] - Statement - actualList.add(i, availableStoreList.get(i).getText()): null

2018-06-18 13:54:31 - [TEST_STEP][PASSED] - Statement - actualList.add(i, availableStoreList.get(i).getText()): null

2018-06-18 13:54:31 - [TEST_STEP][PASSED] - Statement - actualList.add(i, availableStoreList.get(i).getText()): null

2018-06-18 13:54:31 - [TEST_STEP][PASSED] - Statement - actualList.add(i, availableStoreList.get(i).getText()): null

2018-06-18 13:54:31 - [TEST_STEP][PASSED] - Statement - actualList.add(i, availableStoreList.get(i).getText()): null

2018-06-18 13:54:31 - [TEST_STEP][PASSED] - Statement - actualList.add(i, availableStoreList.get(i).getText()): null

2018-06-18 13:54:31 - [TEST_STEP][PASSED] - Statement - actualList.add(i, availableStoreList.get(i).getText()): null

2018-06-18 13:54:31 - [TEST_STEP][PASSED] - Statement - actualList.add(i, availableStoreList.get(i).getText()): null

2018-06-18 13:54:31 - [TEST_STEP][PASSED] - Statement - actualList.add(i, availableStoreList.get(i).getText()): null

2018-06-18 13:54:31 - [TEST_STEP][PASSED] - Statement - actualList.add(i, availableStoreList.get(i).getText()): null

2018-06-18 13:54:31 - [TEST_STEP][PASSED] - Statement - actualList.add(i, availableStoreList.get(i).getText()): null

2018-06-18 13:54:31 - [TEST_STEP][PASSED] - Statement - actualList.add(i, availableStoreList.get(i).getText()): null

2018-06-18 13:54:31 - [TEST_STEP][PASSED] - Statement - actualList.add(i, availableStoreList.get(i).getText()): null

2018-06-18 13:54:31 - [TEST_STEP][PASSED] - Statement - actualList.add(i, availableStoreList.get(i).getText()): null

2018-06-18 13:54:31 - [TEST_STEP][PASSED] - Statement - actualList.add(i, availableStoreList.get(i).getText()): null

2018-06-18 13:54:31 - [TEST_STEP][PASSED] - Statement - actualList.add(i, availableStoreList.get(i).getText()): null

2018-06-18 13:54:31 - [TEST_STEP][PASSED] - Statement - actualList.add(i, availableStoreList.get(i).getText()): null

2018-06-18 13:54:31 - [TEST_STEP][PASSED] - Statement - actualList.add(i, availableStoreList.get(i).getText()): null

2018-06-18 13:54:31 - [TEST_STEP][PASSED] - Statement - actualList.add(i, availableStoreList.get(i).getText()): null

2018-06-18 13:54:31 - [TEST_STEP][PASSED] - Statement - actualList.add(i, availableStoreList.get(i).getText()): null

2018-06-18 13:54:31 - [TEST_STEP][PASSED] - Statement - actualList.add(i, availableStoreList.get(i).getText()): null

2018-06-18 13:54:31 - [TEST_STEP][PASSED] - Statement - actualList.add(i, availableStoreList.get(i).getText()): null

2018-06-18 13:54:31 - [TEST_STEP][PASSED] - Statement - actualList.add(i, availableStoreList.get(i).getText()): null

2018-06-18 13:54:31 - [TEST_STEP][PASSED] - Statement - actualList.add(i, availableStoreList.get(i).getText()): null

2018-06-18 13:54:31 - [TEST_STEP][PASSED] - Statement - actualList.add(i, availableStoreList.get(i).getText()): null

2018-06-18 13:54:31 - [TEST_STEP][PASSED] - Statement - actualList.add(i, availableStoreList.get(i).getText()): null

2018-06-18 13:54:31 - [TEST_STEP][PASSED] - Statement - actualList.add(i, availableStoreList.get(i).getText()): null

2018-06-18 13:54:31 - [TEST_STEP][PASSED] - Statement - actualList.add(i, availableStoreList.get(i).getText()): null

2018-06-18 13:54:31 - [TEST_STEP][PASSED] - Statement - actualList.add(i, availableStoreList.get(i).getText()): null

2018-06-18 13:54:31 - [TEST_STEP][PASSED] - Statement - actualList.add(i, availableStoreList.get(i).getText()): null

2018-06-18 13:54:31 - [TEST_STEP][PASSED] - Statement - actualList.add(i, availableStoreList.get(i).getText()): null

2018-06-18 13:54:31 - [TEST_STEP][PASSED] - Statement - actualList.add(i, availableStoreList.get(i).getText()): null

2018-06-18 13:54:31 - [TEST_STEP][PASSED] - Statement - out.println(actualList): null

2018-06-18 13:54:31 - [TEST_STEP][PASSED] - Statement - If (actualList.containsAll(listOfStores)): null

2018-06-18 13:54:31 - [TEST_STEP][PASSED] - Statement - println("Actual list contains the required stores or groups"): null

2018-06-18 13:54:31 - [TEST_STEP][PASSED] - uiaction.CommonUIActions.click: uiaction.CommonUIActions.click is PASSED

2018-06-18 13:54:31 - [MESSAGE][PASSED] - uiaction.CommonUIActions.click is PASSED

2018-06-18 13:54:31 - [TEST_STEP][PASSED] - uiaction.CommonUIActions.click: uiaction.CommonUIActions.click is PASSED

2018-06-18 13:54:32 - [MESSAGE][PASSED] - uiaction.CommonUIActions.click is PASSED

2018-06-18 13:54:32 - [TEST_STEP][PASSED] - uiaction.CommonUIActions.back: uiaction.CommonUIActions.back is PASSED

2018-06-18 13:54:32 - [MESSAGE][PASSED] - Navigate back successfully

2018-06-18 13:54:32 - [MESSAGE][PASSED] - uiaction.CommonUIActions.back is PASSED

2018-06-18 13:54:32 - [TEST_STEP][PASSED] - delay: Delayed 5 second(s)

2018-06-18 13:54:37 - [MESSAGE][PASSED] - Delayed 5 second(s)

2018-06-18 13:54:37 - [TEST_STEP][PASSED] - uiaction.CommonUIActions.back: uiaction.CommonUIActions.back is PASSED

2018-06-18 13:54:37 - [MESSAGE][PASSED] - Navigate back successfully

2018-06-18 13:54:37 - [MESSAGE][PASSED] - uiaction.CommonUIActions.back is PASSED

2018-06-18 13:54:37 - [TEST_STEP][PASSED] - delay: Delayed 5 second(s)

2018-06-18 13:54:42 - [MESSAGE][PASSED] - Delayed 5 second(s)

2018-06-18 13:54:42 - [TEST_STEP][PASSED] - uiaction.CommonUIActions.click: uiaction.CommonUIActions.click is PASSED

2018-06-18 13:54:42 - [MESSAGE][PASSED] - uiaction.CommonUIActions.click is PASSED

2018-06-18 13:54:42 - [TEST_STEP][PASSED] - uiaction.CommonUIActions.click: uiaction.CommonUIActions.click is PASSED

2018-06-18 13:54:42 - [MESSAGE][PASSED] - uiaction.CommonUIActions.click is PASSED

2018-06-18 13:54:42 - [TEST_STEP][PASSED] - uiaction.CommonUIActions.click: uiaction.CommonUIActions.click is PASSED

2018-06-18 13:54:42 - [MESSAGE][PASSED] - uiaction.CommonUIActions.click is PASSED

2018-06-18 13:54:42 - [TEST_STEP][PASSED] - uiaction.CommonUIActions.back: uiaction.CommonUIActions.back is PASSED

2018-06-18 13:54:42 - [MESSAGE][PASSED] - Navigate back successfully

2018-06-18 13:54:42 - [MESSAGE][PASSED] - uiaction.CommonUIActions.back is PASSED

2018-06-18 13:54:42 - [TEST_STEP][PASSED] - delay: Delayed 5 second(s)

2018-06-18 13:54:47 - [MESSAGE][PASSED] - Delayed 5 second(s)

2018-06-18 13:54:47 - [TEST_STEP][PASSED] - uiaction.CommonUIActions.back: uiaction.CommonUIActions.back is PASSED

2018-06-18 13:54:47 - [MESSAGE][PASSED] - Navigate back successfully

2018-06-18 13:54:47 - [MESSAGE][PASSED] - uiaction.CommonUIActions.back is PASSED

2018-06-18 13:54:47 - [TEST_STEP][PASSED] - delay: Delayed 5 second(s)

2018-06-18 13:54:52 - [MESSAGE][PASSED] - Delayed 5 second(s)

2018-06-18 13:54:52 - [TEST_STEP][PASSED] - uiaction.CommonUIActions.click: uiaction.CommonUIActions.click is PASSED

2018-06-18 13:54:52 - [MESSAGE][PASSED] - uiaction.CommonUIActions.click is PASSED

2018-06-18 13:54:52 - [TEST_STEP][PASSED] - delay: Delayed 5 second(s)

2018-06-18 13:54:57 - [MESSAGE][PASSED] - Delayed 5 second(s)

2018-06-18 13:54:57 - [TEST_STEP][PASSED] - Statement - secondStoreListBox = driver.findElements(org.openqa.selenium.By.xpath(com.kms.katalon.core.testdata.TestDataFactory.findTestData(OR_file).getValue(2, 11))): Reading excel file with source file 'C:\Users\shalinin\Katalon Studio\HME_Scripts\Data Files\HME_OR.xlsx' and sheet name 'Sheet1'

2018-06-18 13:54:57 - [TEST_STEP][PASSED] - Statement - list = new java.util.ArrayList(): null

2018-06-18 13:54:57 - [TEST_STEP][PASSED] - Statement - For ([i = 0, i < secondStoreListBox.size(), (i++)]): null

2018-06-18 13:54:57 - [TEST_STEP][PASSED] - Statement - If (list.size() == 0): null

2018-06-18 13:54:57 - [TEST_STEP][PASSED] - Statement - println("No Groups/Stores is displayed in Groups/Stores in Group list box"): null

2018-06-18 13:54:57 - [TEST_STEP][PASSED] - uiaction.CommonUIActions.enter: uiaction.CommonUIActions.enter is PASSED

2018-06-18 13:54:57 - [MESSAGE][PASSED] - projectSpecific.Reusability.getTestData is PASSED

2018-06-18 13:54:57 - [MESSAGE][PASSED] - uiaction.CommonUIActions.enter is PASSED

2018-06-18 13:54:57 - [TEST_STEP][PASSED] - uiaction.CommonUIActions.enter: uiaction.CommonUIActions.enter is PASSED

2018-06-18 13:54:57 - [MESSAGE][PASSED] - projectSpecific.Reusability.getTestData is PASSED

2018-06-18 13:54:57 - [MESSAGE][PASSED] - uiaction.CommonUIActions.enter is PASSED

2018-06-18 13:54:57 - [TEST_STEP][PASSED] - uiaction.CommonUIActions.verifyMatch: uiaction.CommonUIActions.verifyMatch is PASSED

2018-06-18 13:54:57 - [MESSAGE][PASSED] - projectSpecific.Reusability.getTestData is PASSED

2018-06-18 13:54:57 - [MESSAGE][PASSED] - Attribute 'value' of object 'Object Repository/ReportingGroupManagement/groupNameTxt' is: 'AutomationGroup'

2018-06-18 13:54:57 - [MESSAGE][PASSED] - Actual text 'AutomationGroup' and expected text 'AutomationGroup' are matched 

2018-06-18 13:54:57 - [MESSAGE][PASSED] - uiaction.CommonUIActions.verifyMatch is PASSED

2018-06-18 13:54:57 - [TEST_STEP][PASSED] - uiaction.CommonUIActions.verifyMatch: uiaction.CommonUIActions.verifyMatch is PASSED

2018-06-18 13:54:57 - [MESSAGE][PASSED] - projectSpecific.Reusability.getTestData is PASSED

2018-06-18 13:54:57 - [MESSAGE][PASSED] - Attribute 'value' of object 'Object Repository/ReportingGroupManagement/groupDescTxt' is: 'South west branch Group 11'

2018-06-18 13:54:57 - [MESSAGE][PASSED] - Actual text 'South west branch Group 11' and expected text 'South west branch Group 11' are matched 

2018-06-18 13:54:57 - [MESSAGE][PASSED] - uiaction.CommonUIActions.verifyMatch is PASSED

2018-06-18 13:54:57 - [TEST_STEP][PASSED] - delay: Delayed 5 second(s)

2018-06-18 13:55:02 - [MESSAGE][PASSED] - Delayed 5 second(s)

2018-06-18 13:55:02 - [TEST_STEP][PASSED] - uiaction.CommonUIActions.click: uiaction.CommonUIActions.click is PASSED

2018-06-18 13:55:03 - [MESSAGE][PASSED] - uiaction.CommonUIActions.click is PASSED

2018-06-18 13:55:03 - [TEST_STEP][PASSED] - Statement - availableStoresCheckBoxList = driver.findElements(org.openqa.selenium.By.xpath(com.kms.katalon.core.testdata.TestDataFactory.findTestData(OR_file).getValue(2, 12))): Reading excel file with source file 'C:\Users\shalinin\Katalon Studio\HME_Scripts\Data Files\HME_OR.xlsx' and sheet name 'Sheet1'

2018-06-18 13:55:03 - [TEST_STEP][PASSED] - Statement - index = 1: null

2018-06-18 13:55:03 - [TEST_STEP][PASSED] - Statement - flag = true: null

2018-06-18 13:55:03 - [TEST_STEP][PASSED] - Statement - For ([i = 0, i < availableStoresCheckBoxList.size(), (i++)]): null

2018-06-18 13:55:03 - [TEST_STEP][PASSED] - Statement - element = availableStoresCheckBoxList[i]: null

2018-06-18 13:55:03 - [TEST_STEP][PASSED] - Statement - If (!(element.isSelected())): null

2018-06-18 13:55:03 - [TEST_STEP][PASSED] - Statement - element = availableStoresCheckBoxList[i]: null

2018-06-18 13:55:03 - [TEST_STEP][PASSED] - Statement - If (!(element.isSelected())): null

2018-06-18 13:55:03 - [TEST_STEP][PASSED] - Statement - element = availableStoresCheckBoxList[i]: null

2018-06-18 13:55:03 - [TEST_STEP][PASSED] - Statement - If (!(element.isSelected())): null

2018-06-18 13:55:03 - [TEST_STEP][PASSED] - Statement - element = availableStoresCheckBoxList[i]: null

2018-06-18 13:55:03 - [TEST_STEP][PASSED] - Statement - If (!(element.isSelected())): null

2018-06-18 13:55:03 - [TEST_STEP][PASSED] - Statement - element = availableStoresCheckBoxList[i]: null

2018-06-18 13:55:03 - [TEST_STEP][PASSED] - Statement - If (!(element.isSelected())): null

2018-06-18 13:55:03 - [TEST_STEP][PASSED] - Statement - element = availableStoresCheckBoxList[i]: null

2018-06-18 13:55:03 - [TEST_STEP][PASSED] - Statement - If (!(element.isSelected())): null

2018-06-18 13:55:03 - [TEST_STEP][PASSED] - Statement - element = availableStoresCheckBoxList[i]: null

2018-06-18 13:55:03 - [TEST_STEP][PASSED] - Statement - If (!(element.isSelected())): null

2018-06-18 13:55:03 - [TEST_STEP][PASSED] - Statement - element = availableStoresCheckBoxList[i]: null

2018-06-18 13:55:03 - [TEST_STEP][PASSED] - Statement - If (!(element.isSelected())): null

2018-06-18 13:55:03 - [TEST_STEP][PASSED] - Statement - element = availableStoresCheckBoxList[i]: null

2018-06-18 13:55:03 - [TEST_STEP][PASSED] - Statement - If (!(element.isSelected())): null

2018-06-18 13:55:03 - [TEST_STEP][PASSED] - Statement - element = availableStoresCheckBoxList[i]: null

2018-06-18 13:55:03 - [TEST_STEP][PASSED] - Statement - If (!(element.isSelected())): null

2018-06-18 13:55:03 - [TEST_STEP][PASSED] - Statement - element = availableStoresCheckBoxList[i]: null

2018-06-18 13:55:03 - [TEST_STEP][PASSED] - Statement - If (!(element.isSelected())): null

2018-06-18 13:55:03 - [TEST_STEP][PASSED] - Statement - element = availableStoresCheckBoxList[i]: null

2018-06-18 13:55:03 - [TEST_STEP][PASSED] - Statement - If (!(element.isSelected())): null

2018-06-18 13:55:03 - [TEST_STEP][PASSED] - Statement - element = availableStoresCheckBoxList[i]: null

2018-06-18 13:55:03 - [TEST_STEP][PASSED] - Statement - If (!(element.isSelected())): null

2018-06-18 13:55:03 - [TEST_STEP][PASSED] - Statement - element = availableStoresCheckBoxList[i]: null

2018-06-18 13:55:03 - [TEST_STEP][PASSED] - Statement - If (!(element.isSelected())): null

2018-06-18 13:55:03 - [TEST_STEP][PASSED] - Statement - element = availableStoresCheckBoxList[i]: null

2018-06-18 13:55:03 - [TEST_STEP][PASSED] - Statement - If (!(element.isSelected())): null

2018-06-18 13:55:03 - [TEST_STEP][PASSED] - Statement - element = availableStoresCheckBoxList[i]: null

2018-06-18 13:55:03 - [TEST_STEP][PASSED] - Statement - If (!(element.isSelected())): null

2018-06-18 13:55:03 - [TEST_STEP][PASSED] - Statement - element = availableStoresCheckBoxList[i]: null

2018-06-18 13:55:03 - [TEST_STEP][PASSED] - Statement - If (!(element.isSelected())): null

2018-06-18 13:55:03 - [TEST_STEP][PASSED] - Statement - element = availableStoresCheckBoxList[i]: null

2018-06-18 13:55:03 - [TEST_STEP][PASSED] - Statement - If (!(element.isSelected())): null

2018-06-18 13:55:03 - [TEST_STEP][PASSED] - Statement - element = availableStoresCheckBoxList[i]: null

2018-06-18 13:55:03 - [TEST_STEP][PASSED] - Statement - If (!(element.isSelected())): null

2018-06-18 13:55:03 - [TEST_STEP][PASSED] - Statement - element = availableStoresCheckBoxList[i]: null

2018-06-18 13:55:03 - [TEST_STEP][PASSED] - Statement - If (!(element.isSelected())): null

2018-06-18 13:55:03 - [TEST_STEP][PASSED] - Statement - element = availableStoresCheckBoxList[i]: null

2018-06-18 13:55:03 - [TEST_STEP][PASSED] - Statement - If (!(element.isSelected())): null

2018-06-18 13:55:03 - [TEST_STEP][PASSED] - Statement - element = availableStoresCheckBoxList[i]: null

2018-06-18 13:55:03 - [TEST_STEP][PASSED] - Statement - If (!(element.isSelected())): null

2018-06-18 13:55:03 - [TEST_STEP][PASSED] - Statement - element = availableStoresCheckBoxList[i]: null

2018-06-18 13:55:03 - [TEST_STEP][PASSED] - Statement - If (!(element.isSelected())): null

2018-06-18 13:55:03 - [TEST_STEP][PASSED] - Statement - element = availableStoresCheckBoxList[i]: null

2018-06-18 13:55:03 - [TEST_STEP][PASSED] - Statement - If (!(element.isSelected())): null

2018-06-18 13:55:03 - [TEST_STEP][PASSED] - Statement - element = availableStoresCheckBoxList[i]: null

2018-06-18 13:55:03 - [TEST_STEP][PASSED] - Statement - If (!(element.isSelected())): null

2018-06-18 13:55:03 - [TEST_STEP][PASSED] - Statement - element = availableStoresCheckBoxList[i]: null

2018-06-18 13:55:03 - [TEST_STEP][PASSED] - Statement - If (!(element.isSelected())): null

2018-06-18 13:55:03 - [TEST_STEP][PASSED] - Statement - element = availableStoresCheckBoxList[i]: null

2018-06-18 13:55:03 - [TEST_STEP][PASSED] - Statement - If (!(element.isSelected())): null

2018-06-18 13:55:03 - [TEST_STEP][PASSED] - Statement - element = availableStoresCheckBoxList[i]: null

2018-06-18 13:55:03 - [TEST_STEP][PASSED] - Statement - If (!(element.isSelected())): null

2018-06-18 13:55:03 - [TEST_STEP][PASSED] - Statement - element = availableStoresCheckBoxList[i]: null

2018-06-18 13:55:03 - [TEST_STEP][PASSED] - Statement - If (!(element.isSelected())): null

2018-06-18 13:55:03 - [TEST_STEP][PASSED] - Statement - element = availableStoresCheckBoxList[i]: null

2018-06-18 13:55:03 - [TEST_STEP][PASSED] - Statement - If (!(element.isSelected())): null

2018-06-18 13:55:03 - [TEST_STEP][PASSED] - Statement - element = availableStoresCheckBoxList[i]: null

2018-06-18 13:55:03 - [TEST_STEP][PASSED] - Statement - If (!(element.isSelected())): null

2018-06-18 13:55:03 - [TEST_STEP][PASSED] - Statement - element = availableStoresCheckBoxList[i]: null

2018-06-18 13:55:03 - [TEST_STEP][PASSED] - Statement - If (!(element.isSelected())): null

2018-06-18 13:55:03 - [TEST_STEP][PASSED] - Statement - element = availableStoresCheckBoxList[i]: null

2018-06-18 13:55:03 - [TEST_STEP][PASSED] - Statement - If (!(element.isSelected())): null

2018-06-18 13:55:03 - [TEST_STEP][PASSED] - Statement - element = availableStoresCheckBoxList[i]: null

2018-06-18 13:55:03 - [TEST_STEP][PASSED] - Statement - If (!(element.isSelected())): null

2018-06-18 13:55:03 - [TEST_STEP][PASSED] - Statement - element = availableStoresCheckBoxList[i]: null

2018-06-18 13:55:03 - [TEST_STEP][PASSED] - Statement - If (!(element.isSelected())): null

2018-06-18 13:55:03 - [TEST_STEP][PASSED] - Statement - element = availableStoresCheckBoxList[i]: null

2018-06-18 13:55:03 - [TEST_STEP][PASSED] - Statement - If (!(element.isSelected())): null

2018-06-18 13:55:03 - [TEST_STEP][PASSED] - Statement - element = availableStoresCheckBoxList[i]: null

2018-06-18 13:55:03 - [TEST_STEP][PASSED] - Statement - If (!(element.isSelected())): null

2018-06-18 13:55:03 - [TEST_STEP][PASSED] - Statement - element = availableStoresCheckBoxList[i]: null

2018-06-18 13:55:03 - [TEST_STEP][PASSED] - Statement - If (!(element.isSelected())): null

2018-06-18 13:55:03 - [TEST_STEP][PASSED] - Statement - element = availableStoresCheckBoxList[i]: null

2018-06-18 13:55:03 - [TEST_STEP][PASSED] - Statement - If (!(element.isSelected())): null

2018-06-18 13:55:03 - [TEST_STEP][PASSED] - Statement - element = availableStoresCheckBoxList[i]: null

2018-06-18 13:55:03 - [TEST_STEP][PASSED] - Statement - If (!(element.isSelected())): null

2018-06-18 13:55:03 - [TEST_STEP][PASSED] - Statement - element = availableStoresCheckBoxList[i]: null

2018-06-18 13:55:03 - [TEST_STEP][PASSED] - Statement - If (!(element.isSelected())): null

2018-06-18 13:55:03 - [TEST_STEP][PASSED] - Statement - element = availableStoresCheckBoxList[i]: null

2018-06-18 13:55:03 - [TEST_STEP][PASSED] - Statement - If (!(element.isSelected())): null

2018-06-18 13:55:03 - [TEST_STEP][PASSED] - Statement - element = availableStoresCheckBoxList[i]: null

2018-06-18 13:55:03 - [TEST_STEP][PASSED] - Statement - If (!(element.isSelected())): null

2018-06-18 13:55:03 - [TEST_STEP][PASSED] - Statement - element = availableStoresCheckBoxList[i]: null

2018-06-18 13:55:03 - [TEST_STEP][PASSED] - Statement - If (!(element.isSelected())): null

2018-06-18 13:55:03 - [TEST_STEP][PASSED] - Statement - element = availableStoresCheckBoxList[i]: null

2018-06-18 13:55:03 - [TEST_STEP][PASSED] - Statement - If (!(element.isSelected())): null

2018-06-18 13:55:03 - [TEST_STEP][PASSED] - Statement - element = availableStoresCheckBoxList[i]: null

2018-06-18 13:55:03 - [TEST_STEP][PASSED] - Statement - If (!(element.isSelected())): null

2018-06-18 13:55:03 - [TEST_STEP][PASSED] - Statement - element = availableStoresCheckBoxList[i]: null

2018-06-18 13:55:03 - [TEST_STEP][PASSED] - Statement - If (!(element.isSelected())): null

2018-06-18 13:55:03 - [TEST_STEP][PASSED] - Statement - element = availableStoresCheckBoxList[i]: null

2018-06-18 13:55:03 - [TEST_STEP][PASSED] - Statement - If (!(element.isSelected())): null

2018-06-18 13:55:03 - [TEST_STEP][PASSED] - Statement - element = availableStoresCheckBoxList[i]: null

2018-06-18 13:55:03 - [TEST_STEP][PASSED] - Statement - If (!(element.isSelected())): null

2018-06-18 13:55:03 - [TEST_STEP][PASSED] - Statement - element = availableStoresCheckBoxList[i]: null

2018-06-18 13:55:03 - [TEST_STEP][PASSED] - Statement - If (!(element.isSelected())): null

2018-06-18 13:55:03 - [TEST_STEP][PASSED] - Statement - element = availableStoresCheckBoxList[i]: null

2018-06-18 13:55:03 - [TEST_STEP][PASSED] - Statement - If (!(element.isSelected())): null

2018-06-18 13:55:03 - [TEST_STEP][PASSED] - Statement - element = availableStoresCheckBoxList[i]: null

2018-06-18 13:55:03 - [TEST_STEP][PASSED] - Statement - If (!(element.isSelected())): null

2018-06-18 13:55:03 - [TEST_STEP][PASSED] - Statement - element = availableStoresCheckBoxList[i]: null

2018-06-18 13:55:03 - [TEST_STEP][PASSED] - Statement - If (!(element.isSelected())): null

2018-06-18 13:55:03 - [TEST_STEP][PASSED] - Statement - element = availableStoresCheckBoxList[i]: null

2018-06-18 13:55:03 - [TEST_STEP][PASSED] - Statement - If (!(element.isSelected())): null

2018-06-18 13:55:03 - [TEST_STEP][PASSED] - Statement - element = availableStoresCheckBoxList[i]: null

2018-06-18 13:55:03 - [TEST_STEP][PASSED] - Statement - If (!(element.isSelected())): null

2018-06-18 13:55:03 - [TEST_STEP][PASSED] - Statement - element = availableStoresCheckBoxList[i]: null

2018-06-18 13:55:03 - [TEST_STEP][PASSED] - Statement - If (!(element.isSelected())): null

2018-06-18 13:55:03 - [TEST_STEP][PASSED] - Statement - element = availableStoresCheckBoxList[i]: null

2018-06-18 13:55:03 - [TEST_STEP][PASSED] - Statement - If (!(element.isSelected())): null

2018-06-18 13:55:03 - [TEST_STEP][PASSED] - Statement - element = availableStoresCheckBoxList[i]: null

2018-06-18 13:55:03 - [TEST_STEP][PASSED] - Statement - If (!(element.isSelected())): null

2018-06-18 13:55:03 - [TEST_STEP][PASSED] - Statement - element = availableStoresCheckBoxList[i]: null

2018-06-18 13:55:03 - [TEST_STEP][PASSED] - Statement - If (!(element.isSelected())): null

2018-06-18 13:55:04 - [TEST_STEP][PASSED] - Statement - element = availableStoresCheckBoxList[i]: null

2018-06-18 13:55:04 - [TEST_STEP][PASSED] - Statement - If (!(element.isSelected())): null

2018-06-18 13:55:04 - [TEST_STEP][PASSED] - Statement - element = availableStoresCheckBoxList[i]: null

2018-06-18 13:55:04 - [TEST_STEP][PASSED] - Statement - If (!(element.isSelected())): null

2018-06-18 13:55:04 - [TEST_STEP][PASSED] - Statement - element = availableStoresCheckBoxList[i]: null

2018-06-18 13:55:04 - [TEST_STEP][PASSED] - Statement - If (!(element.isSelected())): null

2018-06-18 13:55:04 - [TEST_STEP][PASSED] - Statement - element = availableStoresCheckBoxList[i]: null

2018-06-18 13:55:04 - [TEST_STEP][PASSED] - Statement - If (!(element.isSelected())): null

2018-06-18 13:55:04 - [TEST_STEP][PASSED] - Statement - element = availableStoresCheckBoxList[i]: null

2018-06-18 13:55:04 - [TEST_STEP][PASSED] - Statement - If (!(element.isSelected())): null

2018-06-18 13:55:04 - [TEST_STEP][PASSED] - Statement - element = availableStoresCheckBoxList[i]: null

2018-06-18 13:55:04 - [TEST_STEP][PASSED] - Statement - If (!(element.isSelected())): null

2018-06-18 13:55:04 - [TEST_STEP][PASSED] - Statement - element = availableStoresCheckBoxList[i]: null

2018-06-18 13:55:04 - [TEST_STEP][PASSED] - Statement - If (!(element.isSelected())): null

2018-06-18 13:55:04 - [TEST_STEP][PASSED] - Statement - element = availableStoresCheckBoxList[i]: null

2018-06-18 13:55:04 - [TEST_STEP][PASSED] - Statement - If (!(element.isSelected())): null

2018-06-18 13:55:04 - [TEST_STEP][PASSED] - Statement - element = availableStoresCheckBoxList[i]: null

2018-06-18 13:55:04 - [TEST_STEP][PASSED] - Statement - If (!(element.isSelected())): null

2018-06-18 13:55:04 - [TEST_STEP][PASSED] - Statement - element = availableStoresCheckBoxList[i]: null

2018-06-18 13:55:04 - [TEST_STEP][PASSED] - Statement - If (!(element.isSelected())): null

2018-06-18 13:55:04 - [TEST_STEP][PASSED] - Statement - element = availableStoresCheckBoxList[i]: null

2018-06-18 13:55:04 - [TEST_STEP][PASSED] - Statement - If (!(element.isSelected())): null

2018-06-18 13:55:04 - [TEST_STEP][PASSED] - Statement - element = availableStoresCheckBoxList[i]: null

2018-06-18 13:55:04 - [TEST_STEP][PASSED] - Statement - If (!(element.isSelected())): null

2018-06-18 13:55:04 - [TEST_STEP][PASSED] - Statement - element = availableStoresCheckBoxList[i]: null

2018-06-18 13:55:04 - [TEST_STEP][PASSED] - Statement - If (!(element.isSelected())): null

2018-06-18 13:55:04 - [TEST_STEP][PASSED] - Statement - element = availableStoresCheckBoxList[i]: null

2018-06-18 13:55:04 - [TEST_STEP][PASSED] - Statement - If (!(element.isSelected())): null

2018-06-18 13:55:04 - [TEST_STEP][PASSED] - Statement - element = availableStoresCheckBoxList[i]: null

2018-06-18 13:55:04 - [TEST_STEP][PASSED] - Statement - If (!(element.isSelected())): null

2018-06-18 13:55:04 - [TEST_STEP][PASSED] - Statement - element = availableStoresCheckBoxList[i]: null

2018-06-18 13:55:04 - [TEST_STEP][PASSED] - Statement - If (!(element.isSelected())): null

2018-06-18 13:55:04 - [TEST_STEP][PASSED] - Statement - element = availableStoresCheckBoxList[i]: null

2018-06-18 13:55:04 - [TEST_STEP][PASSED] - Statement - If (!(element.isSelected())): null

2018-06-18 13:55:04 - [TEST_STEP][PASSED] - Statement - element = availableStoresCheckBoxList[i]: null

2018-06-18 13:55:04 - [TEST_STEP][PASSED] - Statement - If (!(element.isSelected())): null

2018-06-18 13:55:04 - [TEST_STEP][PASSED] - Statement - element = availableStoresCheckBoxList[i]: null

2018-06-18 13:55:04 - [TEST_STEP][PASSED] - Statement - If (!(element.isSelected())): null

2018-06-18 13:55:04 - [TEST_STEP][PASSED] - Statement - element = availableStoresCheckBoxList[i]: null

2018-06-18 13:55:04 - [TEST_STEP][PASSED] - Statement - If (!(element.isSelected())): null

2018-06-18 13:55:04 - [TEST_STEP][PASSED] - Statement - element = availableStoresCheckBoxList[i]: null

2018-06-18 13:55:04 - [TEST_STEP][PASSED] - Statement - If (!(element.isSelected())): null

2018-06-18 13:55:04 - [TEST_STEP][PASSED] - Statement - element = availableStoresCheckBoxList[i]: null

2018-06-18 13:55:04 - [TEST_STEP][PASSED] - Statement - If (!(element.isSelected())): null

2018-06-18 13:55:04 - [TEST_STEP][PASSED] - Statement - element = availableStoresCheckBoxList[i]: null

2018-06-18 13:55:04 - [TEST_STEP][PASSED] - Statement - If (!(element.isSelected())): null

2018-06-18 13:55:04 - [TEST_STEP][PASSED] - Statement - element = availableStoresCheckBoxList[i]: null

2018-06-18 13:55:04 - [TEST_STEP][PASSED] - Statement - If (!(element.isSelected())): null

2018-06-18 13:55:04 - [TEST_STEP][PASSED] - Statement - element = availableStoresCheckBoxList[i]: null

2018-06-18 13:55:04 - [TEST_STEP][PASSED] - Statement - If (!(element.isSelected())): null

2018-06-18 13:55:04 - [TEST_STEP][PASSED] - Statement - element = availableStoresCheckBoxList[i]: null

2018-06-18 13:55:04 - [TEST_STEP][PASSED] - Statement - If (!(element.isSelected())): null

2018-06-18 13:55:04 - [TEST_STEP][PASSED] - Statement - element = availableStoresCheckBoxList[i]: null

2018-06-18 13:55:04 - [TEST_STEP][PASSED] - Statement - If (!(element.isSelected())): null

2018-06-18 13:55:04 - [TEST_STEP][PASSED] - Statement - element = availableStoresCheckBoxList[i]: null

2018-06-18 13:55:04 - [TEST_STEP][PASSED] - Statement - If (!(element.isSelected())): null

2018-06-18 13:55:04 - [TEST_STEP][PASSED] - Statement - element = availableStoresCheckBoxList[i]: null

2018-06-18 13:55:04 - [TEST_STEP][PASSED] - Statement - If (!(element.isSelected())): null

2018-06-18 13:55:04 - [TEST_STEP][PASSED] - Statement - element = availableStoresCheckBoxList[i]: null

2018-06-18 13:55:04 - [TEST_STEP][PASSED] - Statement - If (!(element.isSelected())): null

2018-06-18 13:55:04 - [TEST_STEP][PASSED] - Statement - element = availableStoresCheckBoxList[i]: null

2018-06-18 13:55:04 - [TEST_STEP][PASSED] - Statement - If (!(element.isSelected())): null

2018-06-18 13:55:04 - [TEST_STEP][PASSED] - Statement - element = availableStoresCheckBoxList[i]: null

2018-06-18 13:55:04 - [TEST_STEP][PASSED] - Statement - If (!(element.isSelected())): null

2018-06-18 13:55:04 - [TEST_STEP][PASSED] - Statement - element = availableStoresCheckBoxList[i]: null

2018-06-18 13:55:04 - [TEST_STEP][PASSED] - Statement - If (!(element.isSelected())): null

2018-06-18 13:55:04 - [TEST_STEP][PASSED] - Statement - element = availableStoresCheckBoxList[i]: null

2018-06-18 13:55:04 - [TEST_STEP][PASSED] - Statement - If (!(element.isSelected())): null

2018-06-18 13:55:04 - [TEST_STEP][PASSED] - Statement - element = availableStoresCheckBoxList[i]: null

2018-06-18 13:55:04 - [TEST_STEP][PASSED] - Statement - If (!(element.isSelected())): null

2018-06-18 13:55:04 - [TEST_STEP][PASSED] - Statement - element = availableStoresCheckBoxList[i]: null

2018-06-18 13:55:04 - [TEST_STEP][PASSED] - Statement - If (!(element.isSelected())): null

2018-06-18 13:55:04 - [TEST_STEP][PASSED] - Statement - element = availableStoresCheckBoxList[i]: null

2018-06-18 13:55:04 - [TEST_STEP][PASSED] - Statement - If (!(element.isSelected())): null

2018-06-18 13:55:04 - [TEST_STEP][PASSED] - Statement - element = availableStoresCheckBoxList[i]: null

2018-06-18 13:55:04 - [TEST_STEP][PASSED] - Statement - If (!(element.isSelected())): null

2018-06-18 13:55:04 - [TEST_STEP][PASSED] - Statement - element = availableStoresCheckBoxList[i]: null

2018-06-18 13:55:04 - [TEST_STEP][PASSED] - Statement - If (!(element.isSelected())): null

2018-06-18 13:55:04 - [TEST_STEP][PASSED] - Statement - element = availableStoresCheckBoxList[i]: null

2018-06-18 13:55:04 - [TEST_STEP][PASSED] - Statement - If (!(element.isSelected())): null

2018-06-18 13:55:04 - [TEST_STEP][PASSED] - Statement - element = availableStoresCheckBoxList[i]: null

2018-06-18 13:55:04 - [TEST_STEP][PASSED] - Statement - If (!(element.isSelected())): null

2018-06-18 13:55:04 - [TEST_STEP][PASSED] - Statement - element = availableStoresCheckBoxList[i]: null

2018-06-18 13:55:04 - [TEST_STEP][PASSED] - Statement - If (!(element.isSelected())): null

2018-06-18 13:55:04 - [TEST_STEP][PASSED] - Statement - element = availableStoresCheckBoxList[i]: null

2018-06-18 13:55:04 - [TEST_STEP][PASSED] - Statement - If (!(element.isSelected())): null

2018-06-18 13:55:04 - [TEST_STEP][PASSED] - Statement - element = availableStoresCheckBoxList[i]: null

2018-06-18 13:55:04 - [TEST_STEP][PASSED] - Statement - If (!(element.isSelected())): null

2018-06-18 13:55:04 - [TEST_STEP][PASSED] - Statement - element = availableStoresCheckBoxList[i]: null

2018-06-18 13:55:04 - [TEST_STEP][PASSED] - Statement - If (!(element.isSelected())): null

2018-06-18 13:55:04 - [TEST_STEP][PASSED] - Statement - element = availableStoresCheckBoxList[i]: null

2018-06-18 13:55:04 - [TEST_STEP][PASSED] - Statement - If (!(element.isSelected())): null

2018-06-18 13:55:04 - [TEST_STEP][PASSED] - Statement - element = availableStoresCheckBoxList[i]: null

2018-06-18 13:55:04 - [TEST_STEP][PASSED] - Statement - If (!(element.isSelected())): null

2018-06-18 13:55:04 - [TEST_STEP][PASSED] - Statement - element = availableStoresCheckBoxList[i]: null

2018-06-18 13:55:04 - [TEST_STEP][PASSED] - Statement - If (!(element.isSelected())): null

2018-06-18 13:55:04 - [TEST_STEP][PASSED] - Statement - element = availableStoresCheckBoxList[i]: null

2018-06-18 13:55:04 - [TEST_STEP][PASSED] - Statement - If (!(element.isSelected())): null

2018-06-18 13:55:04 - [TEST_STEP][PASSED] - Statement - element = availableStoresCheckBoxList[i]: null

2018-06-18 13:55:04 - [TEST_STEP][PASSED] - Statement - If (!(element.isSelected())): null

2018-06-18 13:55:04 - [TEST_STEP][PASSED] - Statement - element = availableStoresCheckBoxList[i]: null

2018-06-18 13:55:04 - [TEST_STEP][PASSED] - Statement - If (!(element.isSelected())): null

2018-06-18 13:55:04 - [TEST_STEP][PASSED] - Statement - element = availableStoresCheckBoxList[i]: null

2018-06-18 13:55:04 - [TEST_STEP][PASSED] - Statement - If (!(element.isSelected())): null

2018-06-18 13:55:04 - [TEST_STEP][PASSED] - Statement - element = availableStoresCheckBoxList[i]: null

2018-06-18 13:55:04 - [TEST_STEP][PASSED] - Statement - If (!(element.isSelected())): null

2018-06-18 13:55:04 - [TEST_STEP][PASSED] - Statement - element = availableStoresCheckBoxList[i]: null

2018-06-18 13:55:04 - [TEST_STEP][PASSED] - Statement - If (!(element.isSelected())): null

2018-06-18 13:55:04 - [TEST_STEP][PASSED] - Statement - element = availableStoresCheckBoxList[i]: null

2018-06-18 13:55:04 - [TEST_STEP][PASSED] - Statement - If (!(element.isSelected())): null

2018-06-18 13:55:04 - [TEST_STEP][PASSED] - Statement - element = availableStoresCheckBoxList[i]: null

2018-06-18 13:55:04 - [TEST_STEP][PASSED] - Statement - If (!(element.isSelected())): null

2018-06-18 13:55:04 - [TEST_STEP][PASSED] - Statement - element = availableStoresCheckBoxList[i]: null

2018-06-18 13:55:04 - [TEST_STEP][PASSED] - Statement - If (!(element.isSelected())): null

2018-06-18 13:55:04 - [TEST_STEP][PASSED] - Statement - element = availableStoresCheckBoxList[i]: null

2018-06-18 13:55:04 - [TEST_STEP][PASSED] - Statement - If (!(element.isSelected())): null

2018-06-18 13:55:04 - [TEST_STEP][PASSED] - Statement - element = availableStoresCheckBoxList[i]: null

2018-06-18 13:55:04 - [TEST_STEP][PASSED] - Statement - If (!(element.isSelected())): null

2018-06-18 13:55:04 - [TEST_STEP][PASSED] - Statement - element = availableStoresCheckBoxList[i]: null

2018-06-18 13:55:04 - [TEST_STEP][PASSED] - Statement - If (!(element.isSelected())): null

2018-06-18 13:55:04 - [TEST_STEP][PASSED] - Statement - element = availableStoresCheckBoxList[i]: null

2018-06-18 13:55:04 - [TEST_STEP][PASSED] - Statement - If (!(element.isSelected())): null

2018-06-18 13:55:04 - [TEST_STEP][PASSED] - Statement - element = availableStoresCheckBoxList[i]: null

2018-06-18 13:55:04 - [TEST_STEP][PASSED] - Statement - If (!(element.isSelected())): null

2018-06-18 13:55:04 - [TEST_STEP][PASSED] - Statement - element = availableStoresCheckBoxList[i]: null

2018-06-18 13:55:04 - [TEST_STEP][PASSED] - Statement - If (!(element.isSelected())): null

2018-06-18 13:55:04 - [TEST_STEP][PASSED] - Statement - element = availableStoresCheckBoxList[i]: null

2018-06-18 13:55:04 - [TEST_STEP][PASSED] - Statement - If (!(element.isSelected())): null

2018-06-18 13:55:04 - [TEST_STEP][PASSED] - Statement - element = availableStoresCheckBoxList[i]: null

2018-06-18 13:55:04 - [TEST_STEP][PASSED] - Statement - If (!(element.isSelected())): null

2018-06-18 13:55:04 - [TEST_STEP][PASSED] - Statement - element = availableStoresCheckBoxList[i]: null

2018-06-18 13:55:04 - [TEST_STEP][PASSED] - Statement - If (!(element.isSelected())): null

2018-06-18 13:55:04 - [TEST_STEP][PASSED] - Statement - element = availableStoresCheckBoxList[i]: null

2018-06-18 13:55:04 - [TEST_STEP][PASSED] - Statement - If (!(element.isSelected())): null

2018-06-18 13:55:04 - [TEST_STEP][PASSED] - Statement - element = availableStoresCheckBoxList[i]: null

2018-06-18 13:55:04 - [TEST_STEP][PASSED] - Statement - If (!(element.isSelected())): null

2018-06-18 13:55:04 - [TEST_STEP][PASSED] - Statement - element = availableStoresCheckBoxList[i]: null

2018-06-18 13:55:04 - [TEST_STEP][PASSED] - Statement - If (!(element.isSelected())): null

2018-06-18 13:55:04 - [TEST_STEP][PASSED] - Statement - element = availableStoresCheckBoxList[i]: null

2018-06-18 13:55:04 - [TEST_STEP][PASSED] - Statement - If (!(element.isSelected())): null

2018-06-18 13:55:04 - [TEST_STEP][PASSED] - Statement - element = availableStoresCheckBoxList[i]: null

2018-06-18 13:55:04 - [TEST_STEP][PASSED] - Statement - If (!(element.isSelected())): null

2018-06-18 13:55:04 - [TEST_STEP][PASSED] - Statement - element = availableStoresCheckBoxList[i]: null

2018-06-18 13:55:04 - [TEST_STEP][PASSED] - Statement - If (!(element.isSelected())): null

2018-06-18 13:55:04 - [TEST_STEP][PASSED] - Statement - element = availableStoresCheckBoxList[i]: null

2018-06-18 13:55:04 - [TEST_STEP][PASSED] - Statement - If (!(element.isSelected())): null

2018-06-18 13:55:04 - [TEST_STEP][PASSED] - Statement - element = availableStoresCheckBoxList[i]: null

2018-06-18 13:55:04 - [TEST_STEP][PASSED] - Statement - If (!(element.isSelected())): null

2018-06-18 13:55:04 - [TEST_STEP][PASSED] - Statement - element = availableStoresCheckBoxList[i]: null

2018-06-18 13:55:04 - [TEST_STEP][PASSED] - Statement - If (!(element.isSelected())): null

2018-06-18 13:55:04 - [TEST_STEP][PASSED] - Statement - element = availableStoresCheckBoxList[i]: null

2018-06-18 13:55:04 - [TEST_STEP][PASSED] - Statement - If (!(element.isSelected())): null

2018-06-18 13:55:04 - [TEST_STEP][PASSED] - Statement - element = availableStoresCheckBoxList[i]: null

2018-06-18 13:55:04 - [TEST_STEP][PASSED] - Statement - If (!(element.isSelected())): null

2018-06-18 13:55:04 - [TEST_STEP][PASSED] - Statement - element = availableStoresCheckBoxList[i]: null

2018-06-18 13:55:04 - [TEST_STEP][PASSED] - Statement - If (!(element.isSelected())): null

2018-06-18 13:55:04 - [TEST_STEP][PASSED] - Statement - element = availableStoresCheckBoxList[i]: null

2018-06-18 13:55:04 - [TEST_STEP][PASSED] - Statement - If (!(element.isSelected())): null

2018-06-18 13:55:04 - [TEST_STEP][PASSED] - Statement - element = availableStoresCheckBoxList[i]: null

2018-06-18 13:55:04 - [TEST_STEP][PASSED] - Statement - If (!(element.isSelected())): null

2018-06-18 13:55:04 - [TEST_STEP][PASSED] - Statement - element = availableStoresCheckBoxList[i]: null

2018-06-18 13:55:04 - [TEST_STEP][PASSED] - Statement - If (!(element.isSelected())): null

2018-06-18 13:55:04 - [TEST_STEP][PASSED] - Statement - element = availableStoresCheckBoxList[i]: null

2018-06-18 13:55:04 - [TEST_STEP][PASSED] - Statement - If (!(element.isSelected())): null

2018-06-18 13:55:04 - [TEST_STEP][PASSED] - Statement - element = availableStoresCheckBoxList[i]: null

2018-06-18 13:55:04 - [TEST_STEP][PASSED] - Statement - If (!(element.isSelected())): null

2018-06-18 13:55:04 - [TEST_STEP][PASSED] - Statement - element = availableStoresCheckBoxList[i]: null

2018-06-18 13:55:04 - [TEST_STEP][PASSED] - Statement - If (!(element.isSelected())): null

2018-06-18 13:55:04 - [TEST_STEP][PASSED] - Statement - element = availableStoresCheckBoxList[i]: null

2018-06-18 13:55:04 - [TEST_STEP][PASSED] - Statement - If (!(element.isSelected())): null

2018-06-18 13:55:05 - [TEST_STEP][PASSED] - Statement - element = availableStoresCheckBoxList[i]: null

2018-06-18 13:55:05 - [TEST_STEP][PASSED] - Statement - If (!(element.isSelected())): null

2018-06-18 13:55:05 - [TEST_STEP][PASSED] - Statement - element = availableStoresCheckBoxList[i]: null

2018-06-18 13:55:05 - [TEST_STEP][PASSED] - Statement - If (!(element.isSelected())): null

2018-06-18 13:55:05 - [TEST_STEP][PASSED] - Statement - element = availableStoresCheckBoxList[i]: null

2018-06-18 13:55:05 - [TEST_STEP][PASSED] - Statement - If (!(element.isSelected())): null

2018-06-18 13:55:05 - [TEST_STEP][PASSED] - Statement - element = availableStoresCheckBoxList[i]: null

2018-06-18 13:55:05 - [TEST_STEP][PASSED] - Statement - If (!(element.isSelected())): null

2018-06-18 13:55:05 - [TEST_STEP][PASSED] - Statement - element = availableStoresCheckBoxList[i]: null

2018-06-18 13:55:05 - [TEST_STEP][PASSED] - Statement - If (!(element.isSelected())): null

2018-06-18 13:55:05 - [TEST_STEP][PASSED] - Statement - element = availableStoresCheckBoxList[i]: null

2018-06-18 13:55:05 - [TEST_STEP][PASSED] - Statement - If (!(element.isSelected())): null

2018-06-18 13:55:05 - [TEST_STEP][PASSED] - Statement - element = availableStoresCheckBoxList[i]: null

2018-06-18 13:55:05 - [TEST_STEP][PASSED] - Statement - If (!(element.isSelected())): null

2018-06-18 13:55:05 - [TEST_STEP][PASSED] - Statement - element = availableStoresCheckBoxList[i]: null

2018-06-18 13:55:05 - [TEST_STEP][PASSED] - Statement - If (!(element.isSelected())): null

2018-06-18 13:55:05 - [TEST_STEP][PASSED] - Statement - element = availableStoresCheckBoxList[i]: null

2018-06-18 13:55:05 - [TEST_STEP][PASSED] - Statement - If (!(element.isSelected())): null

2018-06-18 13:55:05 - [TEST_STEP][PASSED] - Statement - element = availableStoresCheckBoxList[i]: null

2018-06-18 13:55:05 - [TEST_STEP][PASSED] - Statement - If (!(element.isSelected())): null

2018-06-18 13:55:05 - [TEST_STEP][PASSED] - Statement - element = availableStoresCheckBoxList[i]: null

2018-06-18 13:55:05 - [TEST_STEP][PASSED] - Statement - If (!(element.isSelected())): null

2018-06-18 13:55:05 - [TEST_STEP][PASSED] - Statement - element = availableStoresCheckBoxList[i]: null

2018-06-18 13:55:05 - [TEST_STEP][PASSED] - Statement - If (!(element.isSelected())): null

2018-06-18 13:55:05 - [TEST_STEP][PASSED] - Statement - element = availableStoresCheckBoxList[i]: null

2018-06-18 13:55:05 - [TEST_STEP][PASSED] - Statement - If (!(element.isSelected())): null

2018-06-18 13:55:05 - [TEST_STEP][PASSED] - Statement - element = availableStoresCheckBoxList[i]: null

2018-06-18 13:55:05 - [TEST_STEP][PASSED] - Statement - If (!(element.isSelected())): null

2018-06-18 13:55:05 - [TEST_STEP][PASSED] - Statement - element = availableStoresCheckBoxList[i]: null

2018-06-18 13:55:05 - [TEST_STEP][PASSED] - Statement - If (!(element.isSelected())): null

2018-06-18 13:55:05 - [TEST_STEP][PASSED] - Statement - element = availableStoresCheckBoxList[i]: null

2018-06-18 13:55:05 - [TEST_STEP][PASSED] - Statement - If (!(element.isSelected())): null

2018-06-18 13:55:05 - [TEST_STEP][PASSED] - Statement - element = availableStoresCheckBoxList[i]: null

2018-06-18 13:55:05 - [TEST_STEP][PASSED] - Statement - If (!(element.isSelected())): null

2018-06-18 13:55:05 - [TEST_STEP][PASSED] - Statement - element = availableStoresCheckBoxList[i]: null

2018-06-18 13:55:05 - [TEST_STEP][PASSED] - Statement - If (!(element.isSelected())): null

2018-06-18 13:55:05 - [TEST_STEP][PASSED] - Statement - element = availableStoresCheckBoxList[i]: null

2018-06-18 13:55:05 - [TEST_STEP][PASSED] - Statement - If (!(element.isSelected())): null

2018-06-18 13:55:05 - [TEST_STEP][PASSED] - Statement - element = availableStoresCheckBoxList[i]: null

2018-06-18 13:55:05 - [TEST_STEP][PASSED] - Statement - If (!(element.isSelected())): null

2018-06-18 13:55:05 - [TEST_STEP][PASSED] - Statement - element = availableStoresCheckBoxList[i]: null

2018-06-18 13:55:05 - [TEST_STEP][PASSED] - Statement - If (!(element.isSelected())): null

2018-06-18 13:55:05 - [TEST_STEP][PASSED] - Statement - element = availableStoresCheckBoxList[i]: null

2018-06-18 13:55:05 - [TEST_STEP][PASSED] - Statement - If (!(element.isSelected())): null

2018-06-18 13:55:05 - [TEST_STEP][PASSED] - Statement - element = availableStoresCheckBoxList[i]: null

2018-06-18 13:55:05 - [TEST_STEP][PASSED] - Statement - If (!(element.isSelected())): null

2018-06-18 13:55:05 - [TEST_STEP][PASSED] - Statement - element = availableStoresCheckBoxList[i]: null

2018-06-18 13:55:05 - [TEST_STEP][PASSED] - Statement - If (!(element.isSelected())): null

2018-06-18 13:55:05 - [TEST_STEP][PASSED] - Statement - element = availableStoresCheckBoxList[i]: null

2018-06-18 13:55:05 - [TEST_STEP][PASSED] - Statement - If (!(element.isSelected())): null

2018-06-18 13:55:05 - [TEST_STEP][PASSED] - Statement - element = availableStoresCheckBoxList[i]: null

2018-06-18 13:55:05 - [TEST_STEP][PASSED] - Statement - If (!(element.isSelected())): null

2018-06-18 13:55:05 - [TEST_STEP][PASSED] - Statement - element = availableStoresCheckBoxList[i]: null

2018-06-18 13:55:05 - [TEST_STEP][PASSED] - Statement - If (!(element.isSelected())): null

2018-06-18 13:55:05 - [TEST_STEP][PASSED] - Statement - element = availableStoresCheckBoxList[i]: null

2018-06-18 13:55:05 - [TEST_STEP][PASSED] - Statement - If (!(element.isSelected())): null

2018-06-18 13:55:05 - [TEST_STEP][PASSED] - Statement - element = availableStoresCheckBoxList[i]: null

2018-06-18 13:55:05 - [TEST_STEP][PASSED] - Statement - If (!(element.isSelected())): null

2018-06-18 13:55:05 - [TEST_STEP][PASSED] - Statement - element = availableStoresCheckBoxList[i]: null

2018-06-18 13:55:05 - [TEST_STEP][PASSED] - Statement - If (!(element.isSelected())): null

2018-06-18 13:55:05 - [TEST_STEP][PASSED] - Statement - element = availableStoresCheckBoxList[i]: null

2018-06-18 13:55:05 - [TEST_STEP][PASSED] - Statement - If (!(element.isSelected())): null

2018-06-18 13:55:05 - [TEST_STEP][PASSED] - Statement - element = availableStoresCheckBoxList[i]: null

2018-06-18 13:55:05 - [TEST_STEP][PASSED] - Statement - If (!(element.isSelected())): null

2018-06-18 13:55:05 - [TEST_STEP][PASSED] - Statement - element = availableStoresCheckBoxList[i]: null

2018-06-18 13:55:05 - [TEST_STEP][PASSED] - Statement - If (!(element.isSelected())): null

2018-06-18 13:55:05 - [TEST_STEP][PASSED] - Statement - element = availableStoresCheckBoxList[i]: null

2018-06-18 13:55:05 - [TEST_STEP][PASSED] - Statement - If (!(element.isSelected())): null

2018-06-18 13:55:05 - [TEST_STEP][PASSED] - Statement - element = availableStoresCheckBoxList[i]: null

2018-06-18 13:55:05 - [TEST_STEP][PASSED] - Statement - If (!(element.isSelected())): null

2018-06-18 13:55:05 - [TEST_STEP][PASSED] - Statement - element = availableStoresCheckBoxList[i]: null

2018-06-18 13:55:05 - [TEST_STEP][PASSED] - Statement - If (!(element.isSelected())): null

2018-06-18 13:55:05 - [TEST_STEP][PASSED] - Statement - element = availableStoresCheckBoxList[i]: null

2018-06-18 13:55:05 - [TEST_STEP][PASSED] - Statement - If (!(element.isSelected())): null

2018-06-18 13:55:05 - [TEST_STEP][PASSED] - Statement - element = availableStoresCheckBoxList[i]: null

2018-06-18 13:55:05 - [TEST_STEP][PASSED] - Statement - If (!(element.isSelected())): null

2018-06-18 13:55:05 - [TEST_STEP][PASSED] - Statement - element = availableStoresCheckBoxList[i]: null

2018-06-18 13:55:05 - [TEST_STEP][PASSED] - Statement - If (!(element.isSelected())): null

2018-06-18 13:55:05 - [TEST_STEP][PASSED] - Statement - element = availableStoresCheckBoxList[i]: null

2018-06-18 13:55:05 - [TEST_STEP][PASSED] - Statement - If (!(element.isSelected())): null

2018-06-18 13:55:05 - [TEST_STEP][PASSED] - Statement - element = availableStoresCheckBoxList[i]: null

2018-06-18 13:55:05 - [TEST_STEP][PASSED] - Statement - If (!(element.isSelected())): null

2018-06-18 13:55:05 - [TEST_STEP][PASSED] - Statement - element = availableStoresCheckBoxList[i]: null

2018-06-18 13:55:05 - [TEST_STEP][PASSED] - Statement - If (!(element.isSelected())): null

2018-06-18 13:55:05 - [TEST_STEP][PASSED] - Statement - element = availableStoresCheckBoxList[i]: null

2018-06-18 13:55:05 - [TEST_STEP][PASSED] - Statement - If (!(element.isSelected())): null

2018-06-18 13:55:05 - [TEST_STEP][PASSED] - Statement - element = availableStoresCheckBoxList[i]: null

2018-06-18 13:55:05 - [TEST_STEP][PASSED] - Statement - If (!(element.isSelected())): null

2018-06-18 13:55:05 - [TEST_STEP][PASSED] - Statement - element = availableStoresCheckBoxList[i]: null

2018-06-18 13:55:05 - [TEST_STEP][PASSED] - Statement - If (!(element.isSelected())): null

2018-06-18 13:55:05 - [TEST_STEP][PASSED] - Statement - element = availableStoresCheckBoxList[i]: null

2018-06-18 13:55:05 - [TEST_STEP][PASSED] - Statement - If (!(element.isSelected())): null

2018-06-18 13:55:05 - [TEST_STEP][PASSED] - Statement - element = availableStoresCheckBoxList[i]: null

2018-06-18 13:55:05 - [TEST_STEP][PASSED] - Statement - If (!(element.isSelected())): null

2018-06-18 13:55:05 - [TEST_STEP][PASSED] - Statement - element = availableStoresCheckBoxList[i]: null

2018-06-18 13:55:05 - [TEST_STEP][PASSED] - Statement - If (!(element.isSelected())): null

2018-06-18 13:55:05 - [TEST_STEP][PASSED] - Statement - element = availableStoresCheckBoxList[i]: null

2018-06-18 13:55:05 - [TEST_STEP][PASSED] - Statement - If (!(element.isSelected())): null

2018-06-18 13:55:05 - [TEST_STEP][PASSED] - Statement - element = availableStoresCheckBoxList[i]: null

2018-06-18 13:55:05 - [TEST_STEP][PASSED] - Statement - If (!(element.isSelected())): null

2018-06-18 13:55:05 - [TEST_STEP][PASSED] - Statement - element = availableStoresCheckBoxList[i]: null

2018-06-18 13:55:05 - [TEST_STEP][PASSED] - Statement - If (!(element.isSelected())): null

2018-06-18 13:55:05 - [TEST_STEP][PASSED] - Statement - element = availableStoresCheckBoxList[i]: null

2018-06-18 13:55:05 - [TEST_STEP][PASSED] - Statement - If (!(element.isSelected())): null

2018-06-18 13:55:05 - [TEST_STEP][PASSED] - Statement - element = availableStoresCheckBoxList[i]: null

2018-06-18 13:55:05 - [TEST_STEP][PASSED] - Statement - If (!(element.isSelected())): null

2018-06-18 13:55:05 - [TEST_STEP][PASSED] - Statement - element = availableStoresCheckBoxList[i]: null

2018-06-18 13:55:05 - [TEST_STEP][PASSED] - Statement - If (!(element.isSelected())): null

2018-06-18 13:55:05 - [TEST_STEP][PASSED] - Statement - element = availableStoresCheckBoxList[i]: null

2018-06-18 13:55:05 - [TEST_STEP][PASSED] - Statement - If (!(element.isSelected())): null

2018-06-18 13:55:05 - [TEST_STEP][PASSED] - Statement - element = availableStoresCheckBoxList[i]: null

2018-06-18 13:55:05 - [TEST_STEP][PASSED] - Statement - If (!(element.isSelected())): null

2018-06-18 13:55:05 - [TEST_STEP][PASSED] - Statement - element = availableStoresCheckBoxList[i]: null

2018-06-18 13:55:05 - [TEST_STEP][PASSED] - Statement - If (!(element.isSelected())): null

2018-06-18 13:55:05 - [TEST_STEP][PASSED] - Statement - element = availableStoresCheckBoxList[i]: null

2018-06-18 13:55:05 - [TEST_STEP][PASSED] - Statement - If (!(element.isSelected())): null

2018-06-18 13:55:05 - [TEST_STEP][PASSED] - Statement - element = availableStoresCheckBoxList[i]: null

2018-06-18 13:55:05 - [TEST_STEP][PASSED] - Statement - If (!(element.isSelected())): null

2018-06-18 13:55:05 - [TEST_STEP][PASSED] - Statement - element = availableStoresCheckBoxList[i]: null

2018-06-18 13:55:05 - [TEST_STEP][PASSED] - Statement - If (!(element.isSelected())): null

2018-06-18 13:55:05 - [TEST_STEP][PASSED] - Statement - element = availableStoresCheckBoxList[i]: null

2018-06-18 13:55:05 - [TEST_STEP][PASSED] - Statement - If (!(element.isSelected())): null

2018-06-18 13:55:05 - [TEST_STEP][PASSED] - Statement - element = availableStoresCheckBoxList[i]: null

2018-06-18 13:55:05 - [TEST_STEP][PASSED] - Statement - If (!(element.isSelected())): null

2018-06-18 13:55:05 - [TEST_STEP][PASSED] - Statement - element = availableStoresCheckBoxList[i]: null

2018-06-18 13:55:05 - [TEST_STEP][PASSED] - Statement - If (!(element.isSelected())): null

2018-06-18 13:55:05 - [TEST_STEP][PASSED] - Statement - element = availableStoresCheckBoxList[i]: null

2018-06-18 13:55:05 - [TEST_STEP][PASSED] - Statement - If (!(element.isSelected())): null

2018-06-18 13:55:05 - [TEST_STEP][PASSED] - Statement - element = availableStoresCheckBoxList[i]: null

2018-06-18 13:55:05 - [TEST_STEP][PASSED] - Statement - If (!(element.isSelected())): null

2018-06-18 13:55:05 - [TEST_STEP][PASSED] - Statement - element = availableStoresCheckBoxList[i]: null

2018-06-18 13:55:05 - [TEST_STEP][PASSED] - Statement - If (!(element.isSelected())): null

2018-06-18 13:55:05 - [TEST_STEP][PASSED] - Statement - element = availableStoresCheckBoxList[i]: null

2018-06-18 13:55:05 - [TEST_STEP][PASSED] - Statement - If (!(element.isSelected())): null

2018-06-18 13:55:05 - [TEST_STEP][PASSED] - Statement - element = availableStoresCheckBoxList[i]: null

2018-06-18 13:55:05 - [TEST_STEP][PASSED] - Statement - If (!(element.isSelected())): null

2018-06-18 13:55:05 - [TEST_STEP][PASSED] - Statement - element = availableStoresCheckBoxList[i]: null

2018-06-18 13:55:05 - [TEST_STEP][PASSED] - Statement - If (!(element.isSelected())): null

2018-06-18 13:55:05 - [TEST_STEP][PASSED] - Statement - element = availableStoresCheckBoxList[i]: null

2018-06-18 13:55:05 - [TEST_STEP][PASSED] - Statement - If (!(element.isSelected())): null

2018-06-18 13:55:05 - [TEST_STEP][PASSED] - Statement - element = availableStoresCheckBoxList[i]: null

2018-06-18 13:55:05 - [TEST_STEP][PASSED] - Statement - If (!(element.isSelected())): null

2018-06-18 13:55:05 - [TEST_STEP][PASSED] - Statement - element = availableStoresCheckBoxList[i]: null

2018-06-18 13:55:05 - [TEST_STEP][PASSED] - Statement - If (!(element.isSelected())): null

2018-06-18 13:55:05 - [TEST_STEP][PASSED] - Statement - element = availableStoresCheckBoxList[i]: null

2018-06-18 13:55:05 - [TEST_STEP][PASSED] - Statement - If (!(element.isSelected())): null

2018-06-18 13:55:05 - [TEST_STEP][PASSED] - Statement - element = availableStoresCheckBoxList[i]: null

2018-06-18 13:55:05 - [TEST_STEP][PASSED] - Statement - If (!(element.isSelected())): null

2018-06-18 13:55:05 - [TEST_STEP][PASSED] - Statement - element = availableStoresCheckBoxList[i]: null

2018-06-18 13:55:05 - [TEST_STEP][PASSED] - Statement - If (!(element.isSelected())): null

2018-06-18 13:55:05 - [TEST_STEP][PASSED] - Statement - element = availableStoresCheckBoxList[i]: null

2018-06-18 13:55:05 - [TEST_STEP][PASSED] - Statement - If (!(element.isSelected())): null

2018-06-18 13:55:05 - [TEST_STEP][PASSED] - Statement - If (flag): null

2018-06-18 13:55:05 - [TEST_STEP][PASSED] - Statement - out.println("All Available Store checkboxes are checked"): null

2018-06-18 13:55:05 - [TEST_STEP][PASSED] - delay: Delayed 5 second(s)

2018-06-18 13:55:10 - [MESSAGE][PASSED] - Delayed 5 second(s)

2018-06-18 13:55:10 - [TEST_STEP][PASSED] - Statement - StoresCBList = driver.findElements(org.openqa.selenium.By.xpath(com.kms.katalon.core.testdata.TestDataFactory.findTestData(OR_file).getValue(2, 12))): Reading excel file with source file 'C:\Users\shalinin\Katalon Studio\HME_Scripts\Data Files\HME_OR.xlsx' and sheet name 'Sheet1'

2018-06-18 13:55:10 - [TEST_STEP][PASSED] - Statement - For (org.openqa.selenium.WebElement checkbox : StoresCBList): null

2018-06-18 13:55:10 - [TEST_STEP][PASSED] - Statement - If (checkbox.isSelected()): null

2018-06-18 13:55:10 - [TEST_STEP][PASSED] - Statement - checkbox.click(): null

2018-06-18 13:55:10 - [TEST_STEP][PASSED] - Statement - If (checkbox.isSelected()): null

2018-06-18 13:55:10 - [TEST_STEP][PASSED] - Statement - checkbox.click(): null

2018-06-18 13:55:11 - [TEST_STEP][PASSED] - Statement - If (checkbox.isSelected()): null

2018-06-18 13:55:11 - [TEST_STEP][PASSED] - Statement - checkbox.click(): null

2018-06-18 13:55:11 - [TEST_STEP][PASSED] - Statement - If (checkbox.isSelected()): null

2018-06-18 13:55:11 - [TEST_STEP][PASSED] - Statement - checkbox.click(): null

2018-06-18 13:55:11 - [TEST_STEP][PASSED] - Statement - If (checkbox.isSelected()): null

2018-06-18 13:55:11 - [TEST_STEP][PASSED] - Statement - checkbox.click(): null

2018-06-18 13:55:11 - [TEST_STEP][PASSED] - Statement - If (checkbox.isSelected()): null

2018-06-18 13:55:11 - [TEST_STEP][PASSED] - Statement - checkbox.click(): null

2018-06-18 13:55:11 - [TEST_STEP][PASSED] - Statement - If (checkbox.isSelected()): null

2018-06-18 13:55:11 - [TEST_STEP][PASSED] - Statement - checkbox.click(): null

2018-06-18 13:55:11 - [TEST_STEP][PASSED] - Statement - If (checkbox.isSelected()): null

2018-06-18 13:55:11 - [TEST_STEP][PASSED] - Statement - checkbox.click(): null

2018-06-18 13:55:11 - [TEST_STEP][PASSED] - Statement - If (checkbox.isSelected()): null

2018-06-18 13:55:11 - [TEST_STEP][PASSED] - Statement - checkbox.click(): null

2018-06-18 13:55:11 - [TEST_STEP][PASSED] - Statement - If (checkbox.isSelected()): null

2018-06-18 13:55:11 - [TEST_STEP][PASSED] - Statement - checkbox.click(): null

2018-06-18 13:55:11 - [TEST_STEP][PASSED] - Statement - If (checkbox.isSelected()): null

2018-06-18 13:55:11 - [TEST_STEP][PASSED] - Statement - checkbox.click(): null

2018-06-18 13:55:11 - [TEST_STEP][PASSED] - Statement - If (checkbox.isSelected()): null

2018-06-18 13:55:11 - [TEST_STEP][PASSED] - Statement - checkbox.click(): null

2018-06-18 13:55:11 - [TEST_STEP][PASSED] - Statement - If (checkbox.isSelected()): null

2018-06-18 13:55:11 - [TEST_STEP][PASSED] - Statement - checkbox.click(): null

2018-06-18 13:55:11 - [TEST_STEP][PASSED] - Statement - If (checkbox.isSelected()): null

2018-06-18 13:55:11 - [TEST_STEP][PASSED] - Statement - checkbox.click(): null

2018-06-18 13:55:11 - [TEST_STEP][PASSED] - Statement - If (checkbox.isSelected()): null

2018-06-18 13:55:11 - [TEST_STEP][PASSED] - Statement - checkbox.click(): null

2018-06-18 13:55:11 - [TEST_STEP][PASSED] - Statement - If (checkbox.isSelected()): null

2018-06-18 13:55:11 - [TEST_STEP][PASSED] - Statement - checkbox.click(): null

2018-06-18 13:55:11 - [TEST_STEP][PASSED] - Statement - If (checkbox.isSelected()): null

2018-06-18 13:55:11 - [TEST_STEP][PASSED] - Statement - checkbox.click(): null

2018-06-18 13:55:11 - [TEST_STEP][PASSED] - Statement - If (checkbox.isSelected()): null

2018-06-18 13:55:11 - [TEST_STEP][PASSED] - Statement - checkbox.click(): null

2018-06-18 13:55:12 - [TEST_STEP][PASSED] - Statement - If (checkbox.isSelected()): null

2018-06-18 13:55:12 - [TEST_STEP][PASSED] - Statement - checkbox.click(): null

2018-06-18 13:55:12 - [TEST_STEP][PASSED] - Statement - If (checkbox.isSelected()): null

2018-06-18 13:55:12 - [TEST_STEP][PASSED] - Statement - checkbox.click(): null

2018-06-18 13:55:12 - [TEST_STEP][PASSED] - Statement - If (checkbox.isSelected()): null

2018-06-18 13:55:12 - [TEST_STEP][PASSED] - Statement - checkbox.click(): null

2018-06-18 13:55:12 - [TEST_STEP][PASSED] - Statement - If (checkbox.isSelected()): null

2018-06-18 13:55:12 - [TEST_STEP][PASSED] - Statement - checkbox.click(): null

2018-06-18 13:55:12 - [TEST_STEP][PASSED] - Statement - If (checkbox.isSelected()): null

2018-06-18 13:55:12 - [TEST_STEP][PASSED] - Statement - checkbox.click(): null

2018-06-18 13:55:12 - [TEST_STEP][PASSED] - Statement - If (checkbox.isSelected()): null

2018-06-18 13:55:12 - [TEST_STEP][PASSED] - Statement - checkbox.click(): null

2018-06-18 13:55:12 - [TEST_STEP][PASSED] - Statement - If (checkbox.isSelected()): null

2018-06-18 13:55:12 - [TEST_STEP][PASSED] - Statement - checkbox.click(): null

2018-06-18 13:55:12 - [TEST_STEP][PASSED] - Statement - If (checkbox.isSelected()): null

2018-06-18 13:55:12 - [TEST_STEP][PASSED] - Statement - checkbox.click(): null

2018-06-18 13:55:12 - [TEST_STEP][PASSED] - Statement - If (checkbox.isSelected()): null

2018-06-18 13:55:12 - [TEST_STEP][PASSED] - Statement - checkbox.click(): null

2018-06-18 13:55:12 - [TEST_STEP][PASSED] - Statement - If (checkbox.isSelected()): null

2018-06-18 13:55:12 - [TEST_STEP][PASSED] - Statement - checkbox.click(): null

2018-06-18 13:55:12 - [TEST_STEP][PASSED] - Statement - If (checkbox.isSelected()): null

2018-06-18 13:55:12 - [TEST_STEP][PASSED] - Statement - checkbox.click(): null

2018-06-18 13:55:12 - [TEST_STEP][PASSED] - Statement - If (checkbox.isSelected()): null

2018-06-18 13:55:12 - [TEST_STEP][PASSED] - Statement - checkbox.click(): null

2018-06-18 13:55:12 - [TEST_STEP][PASSED] - Statement - If (checkbox.isSelected()): null

2018-06-18 13:55:12 - [TEST_STEP][PASSED] - Statement - checkbox.click(): null

2018-06-18 13:55:12 - [TEST_STEP][PASSED] - Statement - If (checkbox.isSelected()): null

2018-06-18 13:55:12 - [TEST_STEP][PASSED] - Statement - checkbox.click(): null

2018-06-18 13:55:12 - [TEST_STEP][PASSED] - Statement - If (checkbox.isSelected()): null

2018-06-18 13:55:12 - [TEST_STEP][PASSED] - Statement - checkbox.click(): null

2018-06-18 13:55:13 - [TEST_STEP][PASSED] - Statement - If (checkbox.isSelected()): null

2018-06-18 13:55:13 - [TEST_STEP][PASSED] - Statement - checkbox.click(): null

2018-06-18 13:55:13 - [TEST_STEP][PASSED] - Statement - If (checkbox.isSelected()): null

2018-06-18 13:55:13 - [TEST_STEP][PASSED] - Statement - checkbox.click(): null

2018-06-18 13:55:13 - [TEST_STEP][PASSED] - Statement - If (checkbox.isSelected()): null

2018-06-18 13:55:13 - [TEST_STEP][PASSED] - Statement - checkbox.click(): null

2018-06-18 13:55:13 - [TEST_STEP][PASSED] - Statement - If (checkbox.isSelected()): null

2018-06-18 13:55:13 - [TEST_STEP][PASSED] - Statement - checkbox.click(): null

2018-06-18 13:55:13 - [TEST_STEP][PASSED] - Statement - If (checkbox.isSelected()): null

2018-06-18 13:55:13 - [TEST_STEP][PASSED] - Statement - checkbox.click(): null

2018-06-18 13:55:13 - [TEST_STEP][PASSED] - Statement - If (checkbox.isSelected()): null

2018-06-18 13:55:13 - [TEST_STEP][PASSED] - Statement - checkbox.click(): null

2018-06-18 13:55:13 - [TEST_STEP][PASSED] - Statement - If (checkbox.isSelected()): null

2018-06-18 13:55:13 - [TEST_STEP][PASSED] - Statement - checkbox.click(): null

2018-06-18 13:55:13 - [TEST_STEP][PASSED] - Statement - If (checkbox.isSelected()): null

2018-06-18 13:55:13 - [TEST_STEP][PASSED] - Statement - checkbox.click(): null

2018-06-18 13:55:13 - [TEST_STEP][PASSED] - Statement - If (checkbox.isSelected()): null

2018-06-18 13:55:13 - [TEST_STEP][PASSED] - Statement - checkbox.click(): null

2018-06-18 13:55:13 - [TEST_STEP][PASSED] - Statement - If (checkbox.isSelected()): null

2018-06-18 13:55:13 - [TEST_STEP][PASSED] - Statement - checkbox.click(): null

2018-06-18 13:55:13 - [TEST_STEP][PASSED] - Statement - If (checkbox.isSelected()): null

2018-06-18 13:55:13 - [TEST_STEP][PASSED] - Statement - checkbox.click(): null

2018-06-18 13:55:13 - [TEST_STEP][PASSED] - Statement - If (checkbox.isSelected()): null

2018-06-18 13:55:13 - [TEST_STEP][PASSED] - Statement - checkbox.click(): null

2018-06-18 13:55:13 - [TEST_STEP][PASSED] - Statement - If (checkbox.isSelected()): null

2018-06-18 13:55:13 - [TEST_STEP][PASSED] - Statement - checkbox.click(): null

2018-06-18 13:55:13 - [TEST_STEP][PASSED] - Statement - If (checkbox.isSelected()): null

2018-06-18 13:55:13 - [TEST_STEP][PASSED] - Statement - checkbox.click(): null

2018-06-18 13:55:13 - [TEST_STEP][PASSED] - Statement - If (checkbox.isSelected()): null

2018-06-18 13:55:13 - [TEST_STEP][PASSED] - Statement - checkbox.click(): null

2018-06-18 13:55:14 - [TEST_STEP][PASSED] - Statement - If (checkbox.isSelected()): null

2018-06-18 13:55:14 - [TEST_STEP][PASSED] - Statement - checkbox.click(): null

2018-06-18 13:55:14 - [TEST_STEP][PASSED] - Statement - If (checkbox.isSelected()): null

2018-06-18 13:55:14 - [TEST_STEP][PASSED] - Statement - checkbox.click(): null

2018-06-18 13:55:14 - [TEST_STEP][PASSED] - Statement - If (checkbox.isSelected()): null

2018-06-18 13:55:14 - [TEST_STEP][PASSED] - Statement - checkbox.click(): null

2018-06-18 13:55:14 - [TEST_STEP][PASSED] - Statement - If (checkbox.isSelected()): null

2018-06-18 13:55:14 - [TEST_STEP][PASSED] - Statement - checkbox.click(): null

2018-06-18 13:55:14 - [TEST_STEP][PASSED] - Statement - If (checkbox.isSelected()): null

2018-06-18 13:55:14 - [TEST_STEP][PASSED] - Statement - checkbox.click(): null

2018-06-18 13:55:14 - [TEST_STEP][PASSED] - Statement - If (checkbox.isSelected()): null

2018-06-18 13:55:14 - [TEST_STEP][PASSED] - Statement - checkbox.click(): null

2018-06-18 13:55:14 - [TEST_STEP][PASSED] - Statement - If (checkbox.isSelected()): null

2018-06-18 13:55:14 - [TEST_STEP][PASSED] - Statement - checkbox.click(): null

2018-06-18 13:55:14 - [TEST_STEP][PASSED] - Statement - If (checkbox.isSelected()): null

2018-06-18 13:55:14 - [TEST_STEP][PASSED] - Statement - checkbox.click(): null

2018-06-18 13:55:14 - [TEST_STEP][PASSED] - Statement - If (checkbox.isSelected()): null

2018-06-18 13:55:14 - [TEST_STEP][PASSED] - Statement - checkbox.click(): null

2018-06-18 13:55:14 - [TEST_STEP][PASSED] - Statement - If (checkbox.isSelected()): null

2018-06-18 13:55:14 - [TEST_STEP][PASSED] - Statement - checkbox.click(): null

2018-06-18 13:55:14 - [TEST_STEP][PASSED] - Statement - If (checkbox.isSelected()): null

2018-06-18 13:55:14 - [TEST_STEP][PASSED] - Statement - checkbox.click(): null

2018-06-18 13:55:14 - [TEST_STEP][PASSED] - Statement - If (checkbox.isSelected()): null

2018-06-18 13:55:14 - [TEST_STEP][PASSED] - Statement - checkbox.click(): null

2018-06-18 13:55:14 - [TEST_STEP][PASSED] - Statement - If (checkbox.isSelected()): null

2018-06-18 13:55:14 - [TEST_STEP][PASSED] - Statement - checkbox.click(): null

2018-06-18 13:55:14 - [TEST_STEP][PASSED] - Statement - If (checkbox.isSelected()): null

2018-06-18 13:55:14 - [TEST_STEP][PASSED] - Statement - checkbox.click(): null

2018-06-18 13:55:14 - [TEST_STEP][PASSED] - Statement - If (checkbox.isSelected()): null

2018-06-18 13:55:14 - [TEST_STEP][PASSED] - Statement - checkbox.click(): null

2018-06-18 13:55:15 - [TEST_STEP][PASSED] - Statement - If (checkbox.isSelected()): null

2018-06-18 13:55:15 - [TEST_STEP][PASSED] - Statement - checkbox.click(): null

2018-06-18 13:55:15 - [TEST_STEP][PASSED] - Statement - If (checkbox.isSelected()): null

2018-06-18 13:55:15 - [TEST_STEP][PASSED] - Statement - checkbox.click(): null

2018-06-18 13:55:15 - [TEST_STEP][PASSED] - Statement - If (checkbox.isSelected()): null

2018-06-18 13:55:15 - [TEST_STEP][PASSED] - Statement - checkbox.click(): null

2018-06-18 13:55:15 - [TEST_STEP][PASSED] - Statement - If (checkbox.isSelected()): null

2018-06-18 13:55:15 - [TEST_STEP][PASSED] - Statement - checkbox.click(): null

2018-06-18 13:55:15 - [TEST_STEP][PASSED] - Statement - If (checkbox.isSelected()): null

2018-06-18 13:55:15 - [TEST_STEP][PASSED] - Statement - checkbox.click(): null

2018-06-18 13:55:15 - [TEST_STEP][PASSED] - Statement - If (checkbox.isSelected()): null

2018-06-18 13:55:15 - [TEST_STEP][PASSED] - Statement - checkbox.click(): null

2018-06-18 13:55:15 - [TEST_STEP][PASSED] - Statement - If (checkbox.isSelected()): null

2018-06-18 13:55:15 - [TEST_STEP][PASSED] - Statement - checkbox.click(): null

2018-06-18 13:55:15 - [TEST_STEP][PASSED] - Statement - If (checkbox.isSelected()): null

2018-06-18 13:55:15 - [TEST_STEP][PASSED] - Statement - checkbox.click(): null

2018-06-18 13:55:15 - [TEST_STEP][PASSED] - Statement - If (checkbox.isSelected()): null

2018-06-18 13:55:15 - [TEST_STEP][PASSED] - Statement - checkbox.click(): null

2018-06-18 13:55:15 - [TEST_STEP][PASSED] - Statement - If (checkbox.isSelected()): null

2018-06-18 13:55:15 - [TEST_STEP][PASSED] - Statement - checkbox.click(): null

2018-06-18 13:55:15 - [TEST_STEP][PASSED] - Statement - If (checkbox.isSelected()): null

2018-06-18 13:55:15 - [TEST_STEP][PASSED] - Statement - checkbox.click(): null

2018-06-18 13:55:15 - [TEST_STEP][PASSED] - Statement - If (checkbox.isSelected()): null

2018-06-18 13:55:15 - [TEST_STEP][PASSED] - Statement - checkbox.click(): null

2018-06-18 13:55:15 - [TEST_STEP][PASSED] - Statement - If (checkbox.isSelected()): null

2018-06-18 13:55:15 - [TEST_STEP][PASSED] - Statement - checkbox.click(): null

2018-06-18 13:55:15 - [TEST_STEP][PASSED] - Statement - If (checkbox.isSelected()): null

2018-06-18 13:55:15 - [TEST_STEP][PASSED] - Statement - checkbox.click(): null

2018-06-18 13:55:15 - [TEST_STEP][PASSED] - Statement - If (checkbox.isSelected()): null

2018-06-18 13:55:15 - [TEST_STEP][PASSED] - Statement - checkbox.click(): null

2018-06-18 13:55:15 - [TEST_STEP][PASSED] - Statement - If (checkbox.isSelected()): null

2018-06-18 13:55:16 - [TEST_STEP][PASSED] - Statement - checkbox.click(): null

2018-06-18 13:55:16 - [TEST_STEP][PASSED] - Statement - If (checkbox.isSelected()): null

2018-06-18 13:55:16 - [TEST_STEP][PASSED] - Statement - checkbox.click(): null

2018-06-18 13:55:16 - [TEST_STEP][PASSED] - Statement - If (checkbox.isSelected()): null

2018-06-18 13:55:16 - [TEST_STEP][PASSED] - Statement - checkbox.click(): null

2018-06-18 13:55:16 - [TEST_STEP][PASSED] - Statement - If (checkbox.isSelected()): null

2018-06-18 13:55:16 - [TEST_STEP][PASSED] - Statement - checkbox.click(): null

2018-06-18 13:55:16 - [TEST_STEP][PASSED] - Statement - If (checkbox.isSelected()): null

2018-06-18 13:55:16 - [TEST_STEP][PASSED] - Statement - checkbox.click(): null

2018-06-18 13:55:16 - [TEST_STEP][PASSED] - Statement - If (checkbox.isSelected()): null

2018-06-18 13:55:16 - [TEST_STEP][PASSED] - Statement - checkbox.click(): null

2018-06-18 13:55:16 - [TEST_STEP][PASSED] - Statement - If (checkbox.isSelected()): null

2018-06-18 13:55:16 - [TEST_STEP][PASSED] - Statement - checkbox.click(): null

2018-06-18 13:55:16 - [TEST_STEP][PASSED] - Statement - If (checkbox.isSelected()): null

2018-06-18 13:55:16 - [TEST_STEP][PASSED] - Statement - checkbox.click(): null

2018-06-18 13:55:16 - [TEST_STEP][PASSED] - Statement - If (checkbox.isSelected()): null

2018-06-18 13:55:16 - [TEST_STEP][PASSED] - Statement - checkbox.click(): null

2018-06-18 13:55:16 - [TEST_STEP][PASSED] - Statement - If (checkbox.isSelected()): null

2018-06-18 13:55:16 - [TEST_STEP][PASSED] - Statement - checkbox.click(): null

2018-06-18 13:55:16 - [TEST_STEP][PASSED] - Statement - If (checkbox.isSelected()): null

2018-06-18 13:55:16 - [TEST_STEP][PASSED] - Statement - checkbox.click(): null

2018-06-18 13:55:16 - [TEST_STEP][PASSED] - Statement - If (checkbox.isSelected()): null

2018-06-18 13:55:16 - [TEST_STEP][PASSED] - Statement - checkbox.click(): null

2018-06-18 13:55:16 - [TEST_STEP][PASSED] - Statement - If (checkbox.isSelected()): null

2018-06-18 13:55:16 - [TEST_STEP][PASSED] - Statement - checkbox.click(): null

2018-06-18 13:55:16 - [TEST_STEP][PASSED] - Statement - If (checkbox.isSelected()): null

2018-06-18 13:55:16 - [TEST_STEP][PASSED] - Statement - checkbox.click(): null

2018-06-18 13:55:16 - [TEST_STEP][PASSED] - Statement - If (checkbox.isSelected()): null

2018-06-18 13:55:16 - [TEST_STEP][PASSED] - Statement - checkbox.click(): null

2018-06-18 13:55:17 - [TEST_STEP][PASSED] - Statement - If (checkbox.isSelected()): null

2018-06-18 13:55:17 - [TEST_STEP][PASSED] - Statement - checkbox.click(): null

2018-06-18 13:55:17 - [TEST_STEP][PASSED] - Statement - If (checkbox.isSelected()): null

2018-06-18 13:55:17 - [TEST_STEP][PASSED] - Statement - checkbox.click(): null

2018-06-18 13:55:17 - [TEST_STEP][PASSED] - Statement - If (checkbox.isSelected()): null

2018-06-18 13:55:17 - [TEST_STEP][PASSED] - Statement - checkbox.click(): null

2018-06-18 13:55:17 - [TEST_STEP][PASSED] - Statement - If (checkbox.isSelected()): null

2018-06-18 13:55:17 - [TEST_STEP][PASSED] - Statement - checkbox.click(): null

2018-06-18 13:55:17 - [TEST_STEP][PASSED] - Statement - If (checkbox.isSelected()): null

2018-06-18 13:55:17 - [TEST_STEP][PASSED] - Statement - checkbox.click(): null

2018-06-18 13:55:17 - [TEST_STEP][PASSED] - Statement - If (checkbox.isSelected()): null

2018-06-18 13:55:17 - [TEST_STEP][PASSED] - Statement - checkbox.click(): null

2018-06-18 13:55:17 - [TEST_STEP][PASSED] - Statement - If (checkbox.isSelected()): null

2018-06-18 13:55:17 - [TEST_STEP][PASSED] - Statement - checkbox.click(): null

2018-06-18 13:55:17 - [TEST_STEP][PASSED] - Statement - If (checkbox.isSelected()): null

2018-06-18 13:55:17 - [TEST_STEP][PASSED] - Statement - checkbox.click(): null

2018-06-18 13:55:17 - [TEST_STEP][PASSED] - Statement - If (checkbox.isSelected()): null

2018-06-18 13:55:17 - [TEST_STEP][PASSED] - Statement - checkbox.click(): null

2018-06-18 13:55:17 - [TEST_STEP][PASSED] - Statement - If (checkbox.isSelected()): null

2018-06-18 13:55:17 - [TEST_STEP][PASSED] - Statement - checkbox.click(): null

2018-06-18 13:55:17 - [TEST_STEP][PASSED] - Statement - If (checkbox.isSelected()): null

2018-06-18 13:55:17 - [TEST_STEP][PASSED] - Statement - checkbox.click(): null

2018-06-18 13:55:17 - [TEST_STEP][PASSED] - Statement - If (checkbox.isSelected()): null

2018-06-18 13:55:17 - [TEST_STEP][PASSED] - Statement - checkbox.click(): null

2018-06-18 13:55:17 - [TEST_STEP][PASSED] - Statement - If (checkbox.isSelected()): null

2018-06-18 13:55:17 - [TEST_STEP][PASSED] - Statement - checkbox.click(): null

2018-06-18 13:55:17 - [TEST_STEP][PASSED] - Statement - If (checkbox.isSelected()): null

2018-06-18 13:55:17 - [TEST_STEP][PASSED] - Statement - checkbox.click(): null

2018-06-18 13:55:17 - [TEST_STEP][PASSED] - Statement - If (checkbox.isSelected()): null

2018-06-18 13:55:17 - [TEST_STEP][PASSED] - Statement - checkbox.click(): null

2018-06-18 13:55:18 - [TEST_STEP][PASSED] - Statement - If (checkbox.isSelected()): null

2018-06-18 13:55:18 - [TEST_STEP][PASSED] - Statement - checkbox.click(): null

2018-06-18 13:55:18 - [TEST_STEP][PASSED] - Statement - If (checkbox.isSelected()): null

2018-06-18 13:55:18 - [TEST_STEP][PASSED] - Statement - checkbox.click(): null

2018-06-18 13:55:18 - [TEST_STEP][PASSED] - Statement - If (checkbox.isSelected()): null

2018-06-18 13:55:18 - [TEST_STEP][PASSED] - Statement - checkbox.click(): null

2018-06-18 13:55:18 - [TEST_STEP][PASSED] - Statement - If (checkbox.isSelected()): null

2018-06-18 13:55:18 - [TEST_STEP][PASSED] - Statement - checkbox.click(): null

2018-06-18 13:55:18 - [TEST_STEP][PASSED] - Statement - If (checkbox.isSelected()): null

2018-06-18 13:55:18 - [TEST_STEP][PASSED] - Statement - checkbox.click(): null

2018-06-18 13:55:18 - [TEST_STEP][PASSED] - Statement - If (checkbox.isSelected()): null

2018-06-18 13:55:18 - [TEST_STEP][PASSED] - Statement - checkbox.click(): null

2018-06-18 13:55:18 - [TEST_STEP][PASSED] - Statement - If (checkbox.isSelected()): null

2018-06-18 13:55:18 - [TEST_STEP][PASSED] - Statement - checkbox.click(): null

2018-06-18 13:55:18 - [TEST_STEP][PASSED] - Statement - If (checkbox.isSelected()): null

2018-06-18 13:55:18 - [TEST_STEP][PASSED] - Statement - checkbox.click(): null

2018-06-18 13:55:18 - [TEST_STEP][PASSED] - Statement - If (checkbox.isSelected()): null

2018-06-18 13:55:18 - [TEST_STEP][PASSED] - Statement - checkbox.click(): null

2018-06-18 13:55:18 - [TEST_STEP][PASSED] - Statement - If (checkbox.isSelected()): null

2018-06-18 13:55:18 - [TEST_STEP][PASSED] - Statement - checkbox.click(): null

2018-06-18 13:55:18 - [TEST_STEP][PASSED] - Statement - If (checkbox.isSelected()): null

2018-06-18 13:55:18 - [TEST_STEP][PASSED] - Statement - checkbox.click(): null

2018-06-18 13:55:18 - [TEST_STEP][PASSED] - Statement - If (checkbox.isSelected()): null

2018-06-18 13:55:18 - [TEST_STEP][PASSED] - Statement - checkbox.click(): null

2018-06-18 13:55:18 - [TEST_STEP][PASSED] - Statement - If (checkbox.isSelected()): null

2018-06-18 13:55:18 - [TEST_STEP][PASSED] - Statement - checkbox.click(): null

2018-06-18 13:55:18 - [TEST_STEP][PASSED] - Statement - If (checkbox.isSelected()): null

2018-06-18 13:55:18 - [TEST_STEP][PASSED] - Statement - checkbox.click(): null

2018-06-18 13:55:18 - [TEST_STEP][PASSED] - Statement - If (checkbox.isSelected()): null

2018-06-18 13:55:18 - [TEST_STEP][PASSED] - Statement - checkbox.click(): null

2018-06-18 13:55:18 - [TEST_STEP][PASSED] - Statement - If (checkbox.isSelected()): null

2018-06-18 13:55:19 - [TEST_STEP][PASSED] - Statement - checkbox.click(): null

2018-06-18 13:55:19 - [TEST_STEP][PASSED] - Statement - If (checkbox.isSelected()): null

2018-06-18 13:55:19 - [TEST_STEP][PASSED] - Statement - checkbox.click(): null

2018-06-18 13:55:19 - [TEST_STEP][PASSED] - Statement - If (checkbox.isSelected()): null

2018-06-18 13:55:19 - [TEST_STEP][PASSED] - Statement - checkbox.click(): null

2018-06-18 13:55:19 - [TEST_STEP][PASSED] - Statement - If (checkbox.isSelected()): null

2018-06-18 13:55:19 - [TEST_STEP][PASSED] - Statement - checkbox.click(): null

2018-06-18 13:55:19 - [TEST_STEP][PASSED] - Statement - If (checkbox.isSelected()): null

2018-06-18 13:55:19 - [TEST_STEP][PASSED] - Statement - checkbox.click(): null

2018-06-18 13:55:19 - [TEST_STEP][PASSED] - Statement - If (checkbox.isSelected()): null

2018-06-18 13:55:19 - [TEST_STEP][PASSED] - Statement - checkbox.click(): null

2018-06-18 13:55:19 - [TEST_STEP][PASSED] - Statement - If (checkbox.isSelected()): null

2018-06-18 13:55:19 - [TEST_STEP][PASSED] - Statement - checkbox.click(): null

2018-06-18 13:55:19 - [TEST_STEP][PASSED] - Statement - If (checkbox.isSelected()): null

2018-06-18 13:55:19 - [TEST_STEP][PASSED] - Statement - checkbox.click(): null

2018-06-18 13:55:19 - [TEST_STEP][PASSED] - Statement - If (checkbox.isSelected()): null

2018-06-18 13:55:19 - [TEST_STEP][PASSED] - Statement - checkbox.click(): null

2018-06-18 13:55:19 - [TEST_STEP][PASSED] - Statement - If (checkbox.isSelected()): null

2018-06-18 13:55:19 - [TEST_STEP][PASSED] - Statement - checkbox.click(): null

2018-06-18 13:55:19 - [TEST_STEP][PASSED] - Statement - If (checkbox.isSelected()): null

2018-06-18 13:55:19 - [TEST_STEP][PASSED] - Statement - checkbox.click(): null

2018-06-18 13:55:19 - [TEST_STEP][PASSED] - Statement - If (checkbox.isSelected()): null

2018-06-18 13:55:19 - [TEST_STEP][PASSED] - Statement - checkbox.click(): null

2018-06-18 13:55:19 - [TEST_STEP][PASSED] - Statement - If (checkbox.isSelected()): null

2018-06-18 13:55:19 - [TEST_STEP][PASSED] - Statement - checkbox.click(): null

2018-06-18 13:55:19 - [TEST_STEP][PASSED] - Statement - If (checkbox.isSelected()): null

2018-06-18 13:55:19 - [TEST_STEP][PASSED] - Statement - checkbox.click(): null

2018-06-18 13:55:19 - [TEST_STEP][PASSED] - Statement - If (checkbox.isSelected()): null

2018-06-18 13:55:19 - [TEST_STEP][PASSED] - Statement - checkbox.click(): null

2018-06-18 13:55:19 - [TEST_STEP][PASSED] - Statement - If (checkbox.isSelected()): null

2018-06-18 13:55:20 - [TEST_STEP][PASSED] - Statement - checkbox.click(): null

2018-06-18 13:55:20 - [TEST_STEP][PASSED] - Statement - If (checkbox.isSelected()): null

2018-06-18 13:55:20 - [TEST_STEP][PASSED] - Statement - checkbox.click(): null

2018-06-18 13:55:20 - [TEST_STEP][PASSED] - Statement - If (checkbox.isSelected()): null

2018-06-18 13:55:20 - [TEST_STEP][PASSED] - Statement - checkbox.click(): null

2018-06-18 13:55:20 - [TEST_STEP][PASSED] - Statement - If (checkbox.isSelected()): null

2018-06-18 13:55:20 - [TEST_STEP][PASSED] - Statement - checkbox.click(): null

2018-06-18 13:55:20 - [TEST_STEP][PASSED] - Statement - If (checkbox.isSelected()): null

2018-06-18 13:55:20 - [TEST_STEP][PASSED] - Statement - checkbox.click(): null

2018-06-18 13:55:20 - [TEST_STEP][PASSED] - Statement - If (checkbox.isSelected()): null

2018-06-18 13:55:20 - [TEST_STEP][PASSED] - Statement - checkbox.click(): null

2018-06-18 13:55:20 - [TEST_STEP][PASSED] - Statement - If (checkbox.isSelected()): null

2018-06-18 13:55:20 - [TEST_STEP][PASSED] - Statement - checkbox.click(): null

2018-06-18 13:55:20 - [TEST_STEP][PASSED] - Statement - If (checkbox.isSelected()): null

2018-06-18 13:55:20 - [TEST_STEP][PASSED] - Statement - checkbox.click(): null

2018-06-18 13:55:20 - [TEST_STEP][PASSED] - Statement - If (checkbox.isSelected()): null

2018-06-18 13:55:20 - [TEST_STEP][PASSED] - Statement - checkbox.click(): null

2018-06-18 13:55:20 - [TEST_STEP][PASSED] - Statement - If (checkbox.isSelected()): null

2018-06-18 13:55:20 - [TEST_STEP][PASSED] - Statement - checkbox.click(): null

2018-06-18 13:55:20 - [TEST_STEP][PASSED] - Statement - If (checkbox.isSelected()): null

2018-06-18 13:55:20 - [TEST_STEP][PASSED] - Statement - checkbox.click(): null

2018-06-18 13:55:20 - [TEST_STEP][PASSED] - Statement - If (checkbox.isSelected()): null

2018-06-18 13:55:20 - [TEST_STEP][PASSED] - Statement - checkbox.click(): null

2018-06-18 13:55:20 - [TEST_STEP][PASSED] - Statement - If (checkbox.isSelected()): null

2018-06-18 13:55:20 - [TEST_STEP][PASSED] - Statement - checkbox.click(): null

2018-06-18 13:55:20 - [TEST_STEP][PASSED] - Statement - If (checkbox.isSelected()): null

2018-06-18 13:55:20 - [TEST_STEP][PASSED] - Statement - checkbox.click(): null

2018-06-18 13:55:20 - [TEST_STEP][PASSED] - Statement - If (checkbox.isSelected()): null

2018-06-18 13:55:20 - [TEST_STEP][PASSED] - Statement - checkbox.click(): null

2018-06-18 13:55:20 - [TEST_STEP][PASSED] - Statement - If (checkbox.isSelected()): null

2018-06-18 13:55:21 - [TEST_STEP][PASSED] - Statement - checkbox.click(): null

2018-06-18 13:55:21 - [TEST_STEP][PASSED] - Statement - If (checkbox.isSelected()): null

2018-06-18 13:55:21 - [TEST_STEP][PASSED] - Statement - checkbox.click(): null

2018-06-18 13:55:21 - [TEST_STEP][PASSED] - Statement - If (checkbox.isSelected()): null

2018-06-18 13:55:21 - [TEST_STEP][PASSED] - Statement - checkbox.click(): null

2018-06-18 13:55:21 - [TEST_STEP][PASSED] - Statement - If (checkbox.isSelected()): null

2018-06-18 13:55:21 - [TEST_STEP][PASSED] - Statement - checkbox.click(): null

2018-06-18 13:55:21 - [TEST_STEP][PASSED] - Statement - If (checkbox.isSelected()): null

2018-06-18 13:55:21 - [TEST_STEP][PASSED] - Statement - checkbox.click(): null

2018-06-18 13:55:21 - [TEST_STEP][PASSED] - Statement - If (checkbox.isSelected()): null

2018-06-18 13:55:21 - [TEST_STEP][PASSED] - Statement - checkbox.click(): null

2018-06-18 13:55:21 - [TEST_STEP][PASSED] - Statement - If (checkbox.isSelected()): null

2018-06-18 13:55:21 - [TEST_STEP][PASSED] - Statement - checkbox.click(): null

2018-06-18 13:55:21 - [TEST_STEP][PASSED] - Statement - If (checkbox.isSelected()): null

2018-06-18 13:55:21 - [TEST_STEP][PASSED] - Statement - checkbox.click(): null

2018-06-18 13:55:21 - [TEST_STEP][PASSED] - Statement - If (checkbox.isSelected()): null

2018-06-18 13:55:21 - [TEST_STEP][PASSED] - Statement - checkbox.click(): null

2018-06-18 13:55:21 - [TEST_STEP][PASSED] - Statement - If (checkbox.isSelected()): null

2018-06-18 13:55:21 - [TEST_STEP][PASSED] - Statement - checkbox.click(): null

2018-06-18 13:55:21 - [TEST_STEP][PASSED] - Statement - If (checkbox.isSelected()): null

2018-06-18 13:55:21 - [TEST_STEP][PASSED] - Statement - checkbox.click(): null

2018-06-18 13:55:21 - [TEST_STEP][PASSED] - Statement - If (checkbox.isSelected()): null

2018-06-18 13:55:21 - [TEST_STEP][PASSED] - Statement - checkbox.click(): null

2018-06-18 13:55:21 - [TEST_STEP][PASSED] - Statement - If (checkbox.isSelected()): null

2018-06-18 13:55:21 - [TEST_STEP][PASSED] - Statement - checkbox.click(): null

2018-06-18 13:55:21 - [TEST_STEP][PASSED] - Statement - If (checkbox.isSelected()): null

2018-06-18 13:55:21 - [TEST_STEP][PASSED] - Statement - checkbox.click(): null

2018-06-18 13:55:21 - [TEST_STEP][PASSED] - Statement - If (checkbox.isSelected()): null

2018-06-18 13:55:21 - [TEST_STEP][PASSED] - Statement - checkbox.click(): null

2018-06-18 13:55:22 - [TEST_STEP][PASSED] - Statement - If (checkbox.isSelected()): null

2018-06-18 13:55:22 - [TEST_STEP][PASSED] - Statement - checkbox.click(): null

2018-06-18 13:55:22 - [TEST_STEP][PASSED] - Statement - If (checkbox.isSelected()): null

2018-06-18 13:55:22 - [TEST_STEP][PASSED] - Statement - checkbox.click(): null

2018-06-18 13:55:22 - [TEST_STEP][PASSED] - Statement - If (checkbox.isSelected()): null

2018-06-18 13:55:22 - [TEST_STEP][PASSED] - Statement - checkbox.click(): null

2018-06-18 13:55:22 - [TEST_STEP][PASSED] - Statement - If (checkbox.isSelected()): null

2018-06-18 13:55:22 - [TEST_STEP][PASSED] - Statement - checkbox.click(): null

2018-06-18 13:55:22 - [TEST_STEP][PASSED] - Statement - If (checkbox.isSelected()): null

2018-06-18 13:55:22 - [TEST_STEP][PASSED] - Statement - checkbox.click(): null

2018-06-18 13:55:22 - [TEST_STEP][PASSED] - Statement - If (checkbox.isSelected()): null

2018-06-18 13:55:22 - [TEST_STEP][PASSED] - Statement - checkbox.click(): null

2018-06-18 13:55:22 - [TEST_STEP][PASSED] - Statement - If (checkbox.isSelected()): null

2018-06-18 13:55:22 - [TEST_STEP][PASSED] - Statement - checkbox.click(): null

2018-06-18 13:55:22 - [TEST_STEP][PASSED] - Statement - If (checkbox.isSelected()): null

2018-06-18 13:55:22 - [TEST_STEP][PASSED] - Statement - checkbox.click(): null

2018-06-18 13:55:22 - [TEST_STEP][PASSED] - Statement - If (checkbox.isSelected()): null

2018-06-18 13:55:22 - [TEST_STEP][PASSED] - Statement - checkbox.click(): null

2018-06-18 13:55:22 - [TEST_STEP][PASSED] - Statement - If (checkbox.isSelected()): null

2018-06-18 13:55:22 - [TEST_STEP][PASSED] - Statement - checkbox.click(): null

2018-06-18 13:55:22 - [TEST_STEP][PASSED] - Statement - If (checkbox.isSelected()): null

2018-06-18 13:55:22 - [TEST_STEP][PASSED] - Statement - checkbox.click(): null

2018-06-18 13:55:22 - [TEST_STEP][PASSED] - Statement - If (checkbox.isSelected()): null

2018-06-18 13:55:22 - [TEST_STEP][PASSED] - Statement - checkbox.click(): null

2018-06-18 13:55:22 - [TEST_STEP][PASSED] - Statement - If (checkbox.isSelected()): null

2018-06-18 13:55:22 - [TEST_STEP][PASSED] - Statement - checkbox.click(): null

2018-06-18 13:55:22 - [TEST_STEP][PASSED] - Statement - If (checkbox.isSelected()): null

2018-06-18 13:55:22 - [TEST_STEP][PASSED] - Statement - checkbox.click(): null

2018-06-18 13:55:22 - [TEST_STEP][PASSED] - Statement - If (checkbox.isSelected()): null

2018-06-18 13:55:22 - [TEST_STEP][PASSED] - Statement - checkbox.click(): null

2018-06-18 13:55:23 - [TEST_STEP][PASSED] - Statement - If (checkbox.isSelected()): null

2018-06-18 13:55:23 - [TEST_STEP][PASSED] - Statement - checkbox.click(): null

2018-06-18 13:55:23 - [TEST_STEP][PASSED] - Statement - If (checkbox.isSelected()): null

2018-06-18 13:55:23 - [TEST_STEP][PASSED] - Statement - checkbox.click(): null

2018-06-18 13:55:23 - [TEST_STEP][PASSED] - Statement - If (checkbox.isSelected()): null

2018-06-18 13:55:23 - [TEST_STEP][PASSED] - Statement - checkbox.click(): null

2018-06-18 13:55:23 - [TEST_STEP][PASSED] - Statement - If (checkbox.isSelected()): null

2018-06-18 13:55:23 - [TEST_STEP][PASSED] - Statement - checkbox.click(): null

2018-06-18 13:55:23 - [TEST_STEP][PASSED] - Statement - If (checkbox.isSelected()): null

2018-06-18 13:55:23 - [TEST_STEP][PASSED] - Statement - checkbox.click(): null

2018-06-18 13:55:23 - [TEST_STEP][PASSED] - Statement - If (checkbox.isSelected()): null

2018-06-18 13:55:23 - [TEST_STEP][PASSED] - Statement - checkbox.click(): null

2018-06-18 13:55:23 - [TEST_STEP][PASSED] - Statement - If (checkbox.isSelected()): null

2018-06-18 13:55:23 - [TEST_STEP][PASSED] - Statement - checkbox.click(): null

2018-06-18 13:55:23 - [TEST_STEP][PASSED] - Statement - If (checkbox.isSelected()): null

2018-06-18 13:55:23 - [TEST_STEP][PASSED] - Statement - checkbox.click(): null

2018-06-18 13:55:23 - [TEST_STEP][PASSED] - Statement - If (checkbox.isSelected()): null

2018-06-18 13:55:23 - [TEST_STEP][PASSED] - Statement - checkbox.click(): null

2018-06-18 13:55:23 - [TEST_STEP][PASSED] - Statement - If (checkbox.isSelected()): null

2018-06-18 13:55:23 - [TEST_STEP][PASSED] - Statement - checkbox.click(): null

2018-06-18 13:55:23 - [TEST_STEP][PASSED] - Statement - If (checkbox.isSelected()): null

2018-06-18 13:55:23 - [TEST_STEP][PASSED] - Statement - checkbox.click(): null

2018-06-18 13:55:23 - [TEST_STEP][PASSED] - Statement - If (checkbox.isSelected()): null

2018-06-18 13:55:23 - [TEST_STEP][PASSED] - Statement - checkbox.click(): null

2018-06-18 13:55:23 - [TEST_STEP][PASSED] - Statement - If (checkbox.isSelected()): null

2018-06-18 13:55:23 - [TEST_STEP][PASSED] - Statement - checkbox.click(): null

2018-06-18 13:55:23 - [TEST_STEP][PASSED] - Statement - If (checkbox.isSelected()): null

2018-06-18 13:55:23 - [TEST_STEP][PASSED] - Statement - checkbox.click(): null

2018-06-18 13:55:23 - [TEST_STEP][PASSED] - Statement - If (checkbox.isSelected()): null

2018-06-18 13:55:23 - [TEST_STEP][PASSED] - Statement - checkbox.click(): null

2018-06-18 13:55:24 - [TEST_STEP][PASSED] - Statement - If (checkbox.isSelected()): null

2018-06-18 13:55:24 - [TEST_STEP][PASSED] - Statement - checkbox.click(): null

2018-06-18 13:55:24 - [TEST_STEP][PASSED] - Statement - If (checkbox.isSelected()): null

2018-06-18 13:55:24 - [TEST_STEP][PASSED] - Statement - checkbox.click(): null

2018-06-18 13:55:24 - [TEST_STEP][PASSED] - Statement - If (checkbox.isSelected()): null

2018-06-18 13:55:24 - [TEST_STEP][PASSED] - Statement - checkbox.click(): null

2018-06-18 13:55:24 - [TEST_STEP][PASSED] - Statement - If (checkbox.isSelected()): null

2018-06-18 13:55:24 - [TEST_STEP][PASSED] - Statement - checkbox.click(): null

2018-06-18 13:55:24 - [TEST_STEP][PASSED] - Statement - If (checkbox.isSelected()): null

2018-06-18 13:55:24 - [TEST_STEP][PASSED] - Statement - checkbox.click(): null

2018-06-18 13:55:24 - [TEST_STEP][PASSED] - Statement - If (checkbox.isSelected()): null

2018-06-18 13:55:24 - [TEST_STEP][PASSED] - Statement - checkbox.click(): null

2018-06-18 13:55:24 - [TEST_STEP][PASSED] - Statement - If (checkbox.isSelected()): null

2018-06-18 13:55:24 - [TEST_STEP][PASSED] - Statement - checkbox.click(): null

2018-06-18 13:55:24 - [TEST_STEP][PASSED] - Statement - If (checkbox.isSelected()): null

2018-06-18 13:55:24 - [TEST_STEP][PASSED] - Statement - checkbox.click(): null

2018-06-18 13:55:24 - [TEST_STEP][PASSED] - Statement - If (checkbox.isSelected()): null

2018-06-18 13:55:24 - [TEST_STEP][PASSED] - Statement - checkbox.click(): null

2018-06-18 13:55:24 - [TEST_STEP][PASSED] - Statement - If (checkbox.isSelected()): null

2018-06-18 13:55:24 - [TEST_STEP][PASSED] - Statement - checkbox.click(): null

2018-06-18 13:55:24 - [TEST_STEP][PASSED] - Statement - If (checkbox.isSelected()): null

2018-06-18 13:55:24 - [TEST_STEP][PASSED] - Statement - checkbox.click(): null

2018-06-18 13:55:24 - [TEST_STEP][PASSED] - Statement - If (checkbox.isSelected()): null

2018-06-18 13:55:24 - [TEST_STEP][PASSED] - Statement - checkbox.click(): null

2018-06-18 13:55:24 - [TEST_STEP][PASSED] - Statement - If (checkbox.isSelected()): null

2018-06-18 13:55:24 - [TEST_STEP][PASSED] - Statement - checkbox.click(): null

2018-06-18 13:55:24 - [TEST_STEP][PASSED] - Statement - If (checkbox.isSelected()): null

2018-06-18 13:55:24 - [TEST_STEP][PASSED] - Statement - checkbox.click(): null

2018-06-18 13:55:24 - [TEST_STEP][PASSED] - Statement - If (checkbox.isSelected()): null

2018-06-18 13:55:24 - [TEST_STEP][PASSED] - Statement - checkbox.click(): null

2018-06-18 13:55:25 - [TEST_STEP][PASSED] - Statement - If (checkbox.isSelected()): null

2018-06-18 13:55:25 - [TEST_STEP][PASSED] - Statement - checkbox.click(): null

2018-06-18 13:55:25 - [TEST_STEP][PASSED] - Statement - If (checkbox.isSelected()): null

2018-06-18 13:55:25 - [TEST_STEP][PASSED] - Statement - checkbox.click(): null

2018-06-18 13:55:25 - [TEST_STEP][PASSED] - Statement - If (checkbox.isSelected()): null

2018-06-18 13:55:25 - [TEST_STEP][PASSED] - Statement - checkbox.click(): null

2018-06-18 13:55:25 - [TEST_STEP][PASSED] - Statement - If (checkbox.isSelected()): null

2018-06-18 13:55:25 - [TEST_STEP][PASSED] - Statement - checkbox.click(): null

2018-06-18 13:55:25 - [TEST_STEP][PASSED] - Statement - If (checkbox.isSelected()): null

2018-06-18 13:55:25 - [TEST_STEP][PASSED] - Statement - checkbox.click(): null

2018-06-18 13:55:25 - [TEST_STEP][PASSED] - Statement - If (checkbox.isSelected()): null

2018-06-18 13:55:25 - [TEST_STEP][PASSED] - Statement - checkbox.click(): null

2018-06-18 13:55:25 - [TEST_STEP][PASSED] - Statement - If (checkbox.isSelected()): null

2018-06-18 13:55:25 - [TEST_STEP][PASSED] - Statement - checkbox.click(): null

2018-06-18 13:55:25 - [TEST_STEP][PASSED] - Statement - StoresCBList1 = driver.findElements(org.openqa.selenium.By.xpath(com.kms.katalon.core.testdata.TestDataFactory.findTestData(OR_file).getValue(2, 12))): Reading excel file with source file 'C:\Users\shalinin\Katalon Studio\HME_Scripts\Data Files\HME_OR.xlsx' and sheet name 'Sheet1'

2018-06-18 13:55:25 - [TEST_STEP][PASSED] - Statement - storesLabel = driver.findElements(org.openqa.selenium.By.xpath(com.kms.katalon.core.testdata.TestDataFactory.findTestData(OR_file).getValue(2, 10))): Reading excel file with source file 'C:\Users\shalinin\Katalon Studio\HME_Scripts\Data Files\HME_OR.xlsx' and sheet name 'Sheet1'

2018-06-18 13:55:25 - [TEST_STEP][PASSED] - Statement - groupStoresList = new java.util.ArrayList(): null

2018-06-18 13:55:25 - [TEST_STEP][PASSED] - Statement - groupStoresList1 = new java.util.ArrayList(): null

2018-06-18 13:55:25 - [TEST_STEP][PASSED] - Statement - out.println(StoresCBList1.size()): null

2018-06-18 13:55:25 - [TEST_STEP][PASSED] - Statement - size = StoresCBList1.size(): null

2018-06-18 13:55:25 - [TEST_STEP][PASSED] - Statement - For ([i = 0, i < StoresCBList1.size(), (i++)]): null

2018-06-18 13:55:25 - [TEST_STEP][PASSED] - Statement - groupStoresList[i] = storesLabel.get(i).getText(): null

2018-06-18 13:55:25 - [TEST_STEP][PASSED] - Statement - StoresCBList1.get(i).click(): null

2018-06-18 13:55:25 - [TEST_STEP][PASSED] - Statement - groupStoresList[i] = storesLabel.get(i).getText(): null

2018-06-18 13:55:25 - [TEST_STEP][PASSED] - Statement - StoresCBList1.get(i).click(): null

2018-06-18 13:55:25 - [TEST_STEP][PASSED] - Statement - groupStoresList[i] = storesLabel.get(i).getText(): null

2018-06-18 13:55:25 - [TEST_STEP][PASSED] - Statement - StoresCBList1.get(i).click(): null

2018-06-18 13:55:25 - [TEST_STEP][PASSED] - Statement - groupStoresList[i] = storesLabel.get(i).getText(): null

2018-06-18 13:55:25 - [TEST_STEP][PASSED] - Statement - StoresCBList1.get(i).click(): null

2018-06-18 13:55:25 - [TEST_STEP][PASSED] - Statement - groupStoresList[i] = storesLabel.get(i).getText(): null

2018-06-18 13:55:25 - [TEST_STEP][PASSED] - Statement - StoresCBList1.get(i).click(): null

2018-06-18 13:55:25 - [TEST_STEP][PASSED] - Statement - groupStoresList[i] = storesLabel.get(i).getText(): null

2018-06-18 13:55:25 - [TEST_STEP][PASSED] - Statement - StoresCBList1.get(i).click(): null

2018-06-18 13:55:25 - [TEST_STEP][PASSED] - Statement - groupStoresList[i] = storesLabel.get(i).getText(): null

2018-06-18 13:55:25 - [TEST_STEP][PASSED] - Statement - StoresCBList1.get(i).click(): null

2018-06-18 13:55:26 - [TEST_STEP][PASSED] - Statement - groupStoresList[i] = storesLabel.get(i).getText(): null

2018-06-18 13:55:26 - [TEST_STEP][PASSED] - Statement - StoresCBList1.get(i).click(): null

2018-06-18 13:55:26 - [TEST_STEP][PASSED] - Statement - groupStoresList[i] = storesLabel.get(i).getText(): null

2018-06-18 13:55:26 - [TEST_STEP][PASSED] - Statement - StoresCBList1.get(i).click(): null

2018-06-18 13:55:26 - [TEST_STEP][PASSED] - Statement - groupStoresList[i] = storesLabel.get(i).getText(): null

2018-06-18 13:55:26 - [TEST_STEP][PASSED] - Statement - StoresCBList1.get(i).click(): null

2018-06-18 13:55:26 - [TEST_STEP][PASSED] - Statement - groupStoresList[i] = storesLabel.get(i).getText(): null

2018-06-18 13:55:26 - [TEST_STEP][PASSED] - Statement - StoresCBList1.get(i).click(): null

2018-06-18 13:55:26 - [TEST_STEP][PASSED] - Statement - groupStoresList[i] = storesLabel.get(i).getText(): null

2018-06-18 13:55:26 - [TEST_STEP][PASSED] - Statement - StoresCBList1.get(i).click(): null

2018-06-18 13:55:26 - [TEST_STEP][PASSED] - Statement - groupStoresList[i] = storesLabel.get(i).getText(): null

2018-06-18 13:55:26 - [TEST_STEP][PASSED] - Statement - StoresCBList1.get(i).click(): null

2018-06-18 13:55:26 - [TEST_STEP][PASSED] - Statement - groupStoresList[i] = storesLabel.get(i).getText(): null

2018-06-18 13:55:26 - [TEST_STEP][PASSED] - Statement - StoresCBList1.get(i).click(): null

2018-06-18 13:55:26 - [TEST_STEP][PASSED] - Statement - groupStoresList[i] = storesLabel.get(i).getText(): null

2018-06-18 13:55:26 - [TEST_STEP][PASSED] - Statement - StoresCBList1.get(i).click(): null

2018-06-18 13:55:26 - [TEST_STEP][PASSED] - Statement - groupStoresList[i] = storesLabel.get(i).getText(): null

2018-06-18 13:55:26 - [TEST_STEP][PASSED] - Statement - StoresCBList1.get(i).click(): null

2018-06-18 13:55:26 - [TEST_STEP][PASSED] - Statement - groupStoresList[i] = storesLabel.get(i).getText(): null

2018-06-18 13:55:26 - [TEST_STEP][PASSED] - Statement - StoresCBList1.get(i).click(): null

2018-06-18 13:55:26 - [TEST_STEP][PASSED] - Statement - groupStoresList[i] = storesLabel.get(i).getText(): null

2018-06-18 13:55:26 - [TEST_STEP][PASSED] - Statement - StoresCBList1.get(i).click(): null

2018-06-18 13:55:26 - [TEST_STEP][PASSED] - Statement - groupStoresList[i] = storesLabel.get(i).getText(): null

2018-06-18 13:55:26 - [TEST_STEP][PASSED] - Statement - StoresCBList1.get(i).click(): null

2018-06-18 13:55:26 - [TEST_STEP][PASSED] - Statement - groupStoresList[i] = storesLabel.get(i).getText(): null

2018-06-18 13:55:26 - [TEST_STEP][PASSED] - Statement - StoresCBList1.get(i).click(): null

2018-06-18 13:55:26 - [TEST_STEP][PASSED] - Statement - groupStoresList[i] = storesLabel.get(i).getText(): null

2018-06-18 13:55:26 - [TEST_STEP][PASSED] - Statement - StoresCBList1.get(i).click(): null

2018-06-18 13:55:26 - [TEST_STEP][PASSED] - Statement - groupStoresList[i] = storesLabel.get(i).getText(): null

2018-06-18 13:55:27 - [TEST_STEP][PASSED] - Statement - StoresCBList1.get(i).click(): null

2018-06-18 13:55:27 - [TEST_STEP][PASSED] - Statement - groupStoresList[i] = storesLabel.get(i).getText(): null

2018-06-18 13:55:27 - [TEST_STEP][PASSED] - Statement - StoresCBList1.get(i).click(): null

2018-06-18 13:55:27 - [TEST_STEP][PASSED] - Statement - groupStoresList[i] = storesLabel.get(i).getText(): null

2018-06-18 13:55:27 - [TEST_STEP][PASSED] - Statement - StoresCBList1.get(i).click(): null

2018-06-18 13:55:27 - [TEST_STEP][PASSED] - Statement - groupStoresList[i] = storesLabel.get(i).getText(): null

2018-06-18 13:55:27 - [TEST_STEP][PASSED] - Statement - StoresCBList1.get(i).click(): null

2018-06-18 13:55:27 - [TEST_STEP][PASSED] - Statement - groupStoresList[i] = storesLabel.get(i).getText(): null

2018-06-18 13:55:27 - [TEST_STEP][PASSED] - Statement - StoresCBList1.get(i).click(): null

2018-06-18 13:55:27 - [TEST_STEP][PASSED] - Statement - groupStoresList[i] = storesLabel.get(i).getText(): null

2018-06-18 13:55:27 - [TEST_STEP][PASSED] - Statement - StoresCBList1.get(i).click(): null

2018-06-18 13:55:27 - [TEST_STEP][PASSED] - Statement - groupStoresList[i] = storesLabel.get(i).getText(): null

2018-06-18 13:55:27 - [TEST_STEP][PASSED] - Statement - StoresCBList1.get(i).click(): null

2018-06-18 13:55:27 - [TEST_STEP][PASSED] - Statement - groupStoresList[i] = storesLabel.get(i).getText(): null

2018-06-18 13:55:27 - [TEST_STEP][PASSED] - Statement - StoresCBList1.get(i).click(): null

2018-06-18 13:55:27 - [TEST_STEP][PASSED] - Statement - groupStoresList[i] = storesLabel.get(i).getText(): null

2018-06-18 13:55:27 - [TEST_STEP][PASSED] - Statement - StoresCBList1.get(i).click(): null

2018-06-18 13:55:27 - [TEST_STEP][PASSED] - Statement - groupStoresList[i] = storesLabel.get(i).getText(): null

2018-06-18 13:55:27 - [TEST_STEP][PASSED] - Statement - StoresCBList1.get(i).click(): null

2018-06-18 13:55:27 - [TEST_STEP][PASSED] - Statement - groupStoresList[i] = storesLabel.get(i).getText(): null

2018-06-18 13:55:27 - [TEST_STEP][PASSED] - Statement - StoresCBList1.get(i).click(): null

2018-06-18 13:55:27 - [TEST_STEP][PASSED] - Statement - groupStoresList[i] = storesLabel.get(i).getText(): null

2018-06-18 13:55:27 - [TEST_STEP][PASSED] - Statement - StoresCBList1.get(i).click(): null

2018-06-18 13:55:27 - [TEST_STEP][PASSED] - Statement - groupStoresList[i] = storesLabel.get(i).getText(): null

2018-06-18 13:55:27 - [TEST_STEP][PASSED] - Statement - StoresCBList1.get(i).click(): null

2018-06-18 13:55:27 - [TEST_STEP][PASSED] - Statement - groupStoresList[i] = storesLabel.get(i).getText(): null

2018-06-18 13:55:27 - [TEST_STEP][PASSED] - Statement - StoresCBList1.get(i).click(): null

2018-06-18 13:55:28 - [TEST_STEP][PASSED] - Statement - groupStoresList[i] = storesLabel.get(i).getText(): null

2018-06-18 13:55:28 - [TEST_STEP][PASSED] - Statement - StoresCBList1.get(i).click(): null

2018-06-18 13:55:28 - [TEST_STEP][PASSED] - Statement - groupStoresList[i] = storesLabel.get(i).getText(): null

2018-06-18 13:55:28 - [TEST_STEP][PASSED] - Statement - StoresCBList1.get(i).click(): null

2018-06-18 13:55:28 - [TEST_STEP][PASSED] - Statement - groupStoresList[i] = storesLabel.get(i).getText(): null

2018-06-18 13:55:28 - [TEST_STEP][PASSED] - Statement - StoresCBList1.get(i).click(): null

2018-06-18 13:55:28 - [TEST_STEP][PASSED] - Statement - groupStoresList[i] = storesLabel.get(i).getText(): null

2018-06-18 13:55:28 - [TEST_STEP][PASSED] - Statement - StoresCBList1.get(i).click(): null

2018-06-18 13:55:28 - [TEST_STEP][PASSED] - Statement - groupStoresList[i] = storesLabel.get(i).getText(): null

2018-06-18 13:55:28 - [TEST_STEP][PASSED] - Statement - StoresCBList1.get(i).click(): null

2018-06-18 13:55:28 - [TEST_STEP][PASSED] - Statement - groupStoresList[i] = storesLabel.get(i).getText(): null

2018-06-18 13:55:28 - [TEST_STEP][PASSED] - Statement - StoresCBList1.get(i).click(): null

2018-06-18 13:55:28 - [TEST_STEP][PASSED] - Statement - groupStoresList[i] = storesLabel.get(i).getText(): null

2018-06-18 13:55:28 - [TEST_STEP][PASSED] - Statement - StoresCBList1.get(i).click(): null

2018-06-18 13:55:28 - [TEST_STEP][PASSED] - Statement - groupStoresList[i] = storesLabel.get(i).getText(): null

2018-06-18 13:55:28 - [TEST_STEP][PASSED] - Statement - StoresCBList1.get(i).click(): null

2018-06-18 13:55:28 - [TEST_STEP][PASSED] - Statement - groupStoresList[i] = storesLabel.get(i).getText(): null

2018-06-18 13:55:28 - [TEST_STEP][PASSED] - Statement - StoresCBList1.get(i).click(): null

2018-06-18 13:55:28 - [TEST_STEP][PASSED] - Statement - groupStoresList[i] = storesLabel.get(i).getText(): null

2018-06-18 13:55:28 - [TEST_STEP][PASSED] - Statement - StoresCBList1.get(i).click(): null

2018-06-18 13:55:28 - [TEST_STEP][PASSED] - Statement - groupStoresList[i] = storesLabel.get(i).getText(): null

2018-06-18 13:55:28 - [TEST_STEP][PASSED] - Statement - StoresCBList1.get(i).click(): null

2018-06-18 13:55:28 - [TEST_STEP][PASSED] - Statement - groupStoresList[i] = storesLabel.get(i).getText(): null

2018-06-18 13:55:28 - [TEST_STEP][PASSED] - Statement - StoresCBList1.get(i).click(): null

2018-06-18 13:55:28 - [TEST_STEP][PASSED] - Statement - groupStoresList[i] = storesLabel.get(i).getText(): null

2018-06-18 13:55:28 - [TEST_STEP][PASSED] - Statement - StoresCBList1.get(i).click(): null

2018-06-18 13:55:28 - [TEST_STEP][PASSED] - Statement - groupStoresList[i] = storesLabel.get(i).getText(): null

2018-06-18 13:55:28 - [TEST_STEP][PASSED] - Statement - StoresCBList1.get(i).click(): null

2018-06-18 13:55:29 - [TEST_STEP][PASSED] - Statement - groupStoresList[i] = storesLabel.get(i).getText(): null

2018-06-18 13:55:29 - [TEST_STEP][PASSED] - Statement - StoresCBList1.get(i).click(): null

2018-06-18 13:55:29 - [TEST_STEP][PASSED] - Statement - groupStoresList[i] = storesLabel.get(i).getText(): null

2018-06-18 13:55:29 - [TEST_STEP][PASSED] - Statement - StoresCBList1.get(i).click(): null

2018-06-18 13:55:29 - [TEST_STEP][PASSED] - Statement - groupStoresList[i] = storesLabel.get(i).getText(): null

2018-06-18 13:55:29 - [TEST_STEP][PASSED] - Statement - StoresCBList1.get(i).click(): null

2018-06-18 13:55:29 - [TEST_STEP][PASSED] - Statement - groupStoresList[i] = storesLabel.get(i).getText(): null

2018-06-18 13:55:29 - [TEST_STEP][PASSED] - Statement - StoresCBList1.get(i).click(): null

2018-06-18 13:55:29 - [TEST_STEP][PASSED] - Statement - groupStoresList[i] = storesLabel.get(i).getText(): null

2018-06-18 13:55:29 - [TEST_STEP][PASSED] - Statement - StoresCBList1.get(i).click(): null

2018-06-18 13:55:29 - [TEST_STEP][PASSED] - Statement - groupStoresList[i] = storesLabel.get(i).getText(): null

2018-06-18 13:55:29 - [TEST_STEP][PASSED] - Statement - StoresCBList1.get(i).click(): null

2018-06-18 13:55:29 - [TEST_STEP][PASSED] - Statement - groupStoresList[i] = storesLabel.get(i).getText(): null

2018-06-18 13:55:29 - [TEST_STEP][PASSED] - Statement - StoresCBList1.get(i).click(): null

2018-06-18 13:55:29 - [TEST_STEP][PASSED] - Statement - groupStoresList[i] = storesLabel.get(i).getText(): null

2018-06-18 13:55:29 - [TEST_STEP][PASSED] - Statement - StoresCBList1.get(i).click(): null

2018-06-18 13:55:29 - [TEST_STEP][PASSED] - Statement - groupStoresList[i] = storesLabel.get(i).getText(): null

2018-06-18 13:55:29 - [TEST_STEP][PASSED] - Statement - StoresCBList1.get(i).click(): null

2018-06-18 13:55:29 - [TEST_STEP][PASSED] - Statement - groupStoresList[i] = storesLabel.get(i).getText(): null

2018-06-18 13:55:29 - [TEST_STEP][PASSED] - Statement - StoresCBList1.get(i).click(): null

2018-06-18 13:55:29 - [TEST_STEP][PASSED] - Statement - groupStoresList[i] = storesLabel.get(i).getText(): null

2018-06-18 13:55:29 - [TEST_STEP][PASSED] - Statement - StoresCBList1.get(i).click(): null

2018-06-18 13:55:29 - [TEST_STEP][PASSED] - Statement - groupStoresList[i] = storesLabel.get(i).getText(): null

2018-06-18 13:55:29 - [TEST_STEP][PASSED] - Statement - StoresCBList1.get(i).click(): null

2018-06-18 13:55:29 - [TEST_STEP][PASSED] - Statement - groupStoresList[i] = storesLabel.get(i).getText(): null

2018-06-18 13:55:29 - [TEST_STEP][PASSED] - Statement - StoresCBList1.get(i).click(): null

2018-06-18 13:55:29 - [TEST_STEP][PASSED] - Statement - groupStoresList[i] = storesLabel.get(i).getText(): null

2018-06-18 13:55:29 - [TEST_STEP][PASSED] - Statement - StoresCBList1.get(i).click(): null

2018-06-18 13:55:29 - [TEST_STEP][PASSED] - Statement - groupStoresList[i] = storesLabel.get(i).getText(): null

2018-06-18 13:55:29 - [TEST_STEP][PASSED] - Statement - StoresCBList1.get(i).click(): null

2018-06-18 13:55:29 - [TEST_STEP][PASSED] - Statement - groupStoresList[i] = storesLabel.get(i).getText(): null

2018-06-18 13:55:29 - [TEST_STEP][PASSED] - Statement - StoresCBList1.get(i).click(): null

2018-06-18 13:55:29 - [TEST_STEP][PASSED] - Statement - groupStoresList[i] = storesLabel.get(i).getText(): null

2018-06-18 13:55:29 - [TEST_STEP][PASSED] - Statement - StoresCBList1.get(i).click(): null

2018-06-18 13:55:29 - [TEST_STEP][PASSED] - Statement - groupStoresList[i] = storesLabel.get(i).getText(): null

2018-06-18 13:55:29 - [TEST_STEP][PASSED] - Statement - StoresCBList1.get(i).click(): null

2018-06-18 13:55:29 - [TEST_STEP][PASSED] - Statement - groupStoresList[i] = storesLabel.get(i).getText(): null

2018-06-18 13:55:30 - [TEST_STEP][PASSED] - Statement - StoresCBList1.get(i).click(): null

2018-06-18 13:55:30 - [TEST_STEP][PASSED] - Statement - groupStoresList[i] = storesLabel.get(i).getText(): null

2018-06-18 13:55:30 - [TEST_STEP][PASSED] - Statement - StoresCBList1.get(i).click(): null

2018-06-18 13:55:30 - [TEST_STEP][PASSED] - Statement - groupStoresList[i] = storesLabel.get(i).getText(): null

2018-06-18 13:55:30 - [TEST_STEP][PASSED] - Statement - StoresCBList1.get(i).click(): null

2018-06-18 13:55:30 - [TEST_STEP][PASSED] - Statement - groupStoresList[i] = storesLabel.get(i).getText(): null

2018-06-18 13:55:30 - [TEST_STEP][PASSED] - Statement - StoresCBList1.get(i).click(): null

2018-06-18 13:55:30 - [TEST_STEP][PASSED] - Statement - groupStoresList[i] = storesLabel.get(i).getText(): null

2018-06-18 13:55:30 - [TEST_STEP][PASSED] - Statement - StoresCBList1.get(i).click(): null

2018-06-18 13:55:30 - [TEST_STEP][PASSED] - Statement - groupStoresList[i] = storesLabel.get(i).getText(): null

2018-06-18 13:55:30 - [TEST_STEP][PASSED] - Statement - StoresCBList1.get(i).click(): null

2018-06-18 13:55:30 - [TEST_STEP][PASSED] - Statement - groupStoresList[i] = storesLabel.get(i).getText(): null

2018-06-18 13:55:30 - [TEST_STEP][PASSED] - Statement - StoresCBList1.get(i).click(): null

2018-06-18 13:55:30 - [TEST_STEP][PASSED] - Statement - groupStoresList[i] = storesLabel.get(i).getText(): null

2018-06-18 13:55:30 - [TEST_STEP][PASSED] - Statement - StoresCBList1.get(i).click(): null

2018-06-18 13:55:30 - [TEST_STEP][PASSED] - Statement - groupStoresList[i] = storesLabel.get(i).getText(): null

2018-06-18 13:55:30 - [TEST_STEP][PASSED] - Statement - StoresCBList1.get(i).click(): null

2018-06-18 13:55:30 - [TEST_STEP][PASSED] - Statement - groupStoresList[i] = storesLabel.get(i).getText(): null

2018-06-18 13:55:30 - [TEST_STEP][PASSED] - Statement - StoresCBList1.get(i).click(): null

2018-06-18 13:55:30 - [TEST_STEP][PASSED] - Statement - groupStoresList[i] = storesLabel.get(i).getText(): null

2018-06-18 13:55:30 - [TEST_STEP][PASSED] - Statement - StoresCBList1.get(i).click(): null

2018-06-18 13:55:30 - [TEST_STEP][PASSED] - Statement - groupStoresList[i] = storesLabel.get(i).getText(): null

2018-06-18 13:55:30 - [TEST_STEP][PASSED] - Statement - StoresCBList1.get(i).click(): null

2018-06-18 13:55:30 - [TEST_STEP][PASSED] - Statement - groupStoresList[i] = storesLabel.get(i).getText(): null

2018-06-18 13:55:30 - [TEST_STEP][PASSED] - Statement - StoresCBList1.get(i).click(): null

2018-06-18 13:55:30 - [TEST_STEP][PASSED] - Statement - groupStoresList[i] = storesLabel.get(i).getText(): null

2018-06-18 13:55:30 - [TEST_STEP][PASSED] - Statement - StoresCBList1.get(i).click(): null

2018-06-18 13:55:30 - [TEST_STEP][PASSED] - Statement - groupStoresList[i] = storesLabel.get(i).getText(): null

2018-06-18 13:55:30 - [TEST_STEP][PASSED] - Statement - StoresCBList1.get(i).click(): null

2018-06-18 13:55:30 - [TEST_STEP][PASSED] - Statement - groupStoresList[i] = storesLabel.get(i).getText(): null

2018-06-18 13:55:30 - [TEST_STEP][PASSED] - Statement - StoresCBList1.get(i).click(): null

2018-06-18 13:55:30 - [TEST_STEP][PASSED] - Statement - groupStoresList[i] = storesLabel.get(i).getText(): null

2018-06-18 13:55:30 - [TEST_STEP][PASSED] - Statement - StoresCBList1.get(i).click(): null

2018-06-18 13:55:30 - [TEST_STEP][PASSED] - Statement - groupStoresList[i] = storesLabel.get(i).getText(): null

2018-06-18 13:55:30 - [TEST_STEP][PASSED] - Statement - StoresCBList1.get(i).click(): null

2018-06-18 13:55:30 - [TEST_STEP][PASSED] - Statement - groupStoresList[i] = storesLabel.get(i).getText(): null

2018-06-18 13:55:30 - [TEST_STEP][PASSED] - Statement - StoresCBList1.get(i).click(): null

2018-06-18 13:55:30 - [TEST_STEP][PASSED] - Statement - groupStoresList[i] = storesLabel.get(i).getText(): null

2018-06-18 13:55:31 - [TEST_STEP][PASSED] - Statement - StoresCBList1.get(i).click(): null

2018-06-18 13:55:31 - [TEST_STEP][PASSED] - Statement - groupStoresList[i] = storesLabel.get(i).getText(): null

2018-06-18 13:55:31 - [TEST_STEP][PASSED] - Statement - StoresCBList1.get(i).click(): null

2018-06-18 13:55:31 - [TEST_STEP][PASSED] - Statement - groupStoresList[i] = storesLabel.get(i).getText(): null

2018-06-18 13:55:31 - [TEST_STEP][PASSED] - Statement - StoresCBList1.get(i).click(): null

2018-06-18 13:55:31 - [TEST_STEP][PASSED] - Statement - groupStoresList[i] = storesLabel.get(i).getText(): null

2018-06-18 13:55:31 - [TEST_STEP][PASSED] - Statement - StoresCBList1.get(i).click(): null

2018-06-18 13:55:31 - [TEST_STEP][PASSED] - Statement - groupStoresList[i] = storesLabel.get(i).getText(): null

2018-06-18 13:55:31 - [TEST_STEP][PASSED] - Statement - StoresCBList1.get(i).click(): null

2018-06-18 13:55:31 - [TEST_STEP][PASSED] - Statement - groupStoresList[i] = storesLabel.get(i).getText(): null

2018-06-18 13:55:31 - [TEST_STEP][PASSED] - Statement - StoresCBList1.get(i).click(): null

2018-06-18 13:55:31 - [TEST_STEP][PASSED] - Statement - groupStoresList[i] = storesLabel.get(i).getText(): null

2018-06-18 13:55:31 - [TEST_STEP][PASSED] - Statement - StoresCBList1.get(i).click(): null

2018-06-18 13:55:31 - [TEST_STEP][PASSED] - Statement - groupStoresList[i] = storesLabel.get(i).getText(): null

2018-06-18 13:55:31 - [TEST_STEP][PASSED] - Statement - StoresCBList1.get(i).click(): null

2018-06-18 13:55:31 - [TEST_STEP][PASSED] - Statement - groupStoresList[i] = storesLabel.get(i).getText(): null

2018-06-18 13:55:31 - [TEST_STEP][PASSED] - Statement - StoresCBList1.get(i).click(): null

2018-06-18 13:55:31 - [TEST_STEP][PASSED] - Statement - groupStoresList[i] = storesLabel.get(i).getText(): null

2018-06-18 13:55:31 - [TEST_STEP][PASSED] - Statement - StoresCBList1.get(i).click(): null

2018-06-18 13:55:31 - [TEST_STEP][PASSED] - Statement - groupStoresList[i] = storesLabel.get(i).getText(): null

2018-06-18 13:55:31 - [TEST_STEP][PASSED] - Statement - StoresCBList1.get(i).click(): null

2018-06-18 13:55:31 - [TEST_STEP][PASSED] - Statement - groupStoresList[i] = storesLabel.get(i).getText(): null

2018-06-18 13:55:31 - [TEST_STEP][PASSED] - Statement - StoresCBList1.get(i).click(): null

2018-06-18 13:55:31 - [TEST_STEP][PASSED] - Statement - groupStoresList[i] = storesLabel.get(i).getText(): null

2018-06-18 13:55:31 - [TEST_STEP][PASSED] - Statement - StoresCBList1.get(i).click(): null

2018-06-18 13:55:31 - [TEST_STEP][PASSED] - Statement - groupStoresList[i] = storesLabel.get(i).getText(): null

2018-06-18 13:55:31 - [TEST_STEP][PASSED] - Statement - StoresCBList1.get(i).click(): null

2018-06-18 13:55:31 - [TEST_STEP][PASSED] - Statement - groupStoresList[i] = storesLabel.get(i).getText(): null

2018-06-18 13:55:31 - [TEST_STEP][PASSED] - Statement - StoresCBList1.get(i).click(): null

2018-06-18 13:55:31 - [TEST_STEP][PASSED] - Statement - groupStoresList[i] = storesLabel.get(i).getText(): null

2018-06-18 13:55:31 - [TEST_STEP][PASSED] - Statement - StoresCBList1.get(i).click(): null

2018-06-18 13:55:31 - [TEST_STEP][PASSED] - Statement - groupStoresList[i] = storesLabel.get(i).getText(): null

2018-06-18 13:55:31 - [TEST_STEP][PASSED] - Statement - StoresCBList1.get(i).click(): null

2018-06-18 13:55:31 - [TEST_STEP][PASSED] - Statement - groupStoresList[i] = storesLabel.get(i).getText(): null

2018-06-18 13:55:31 - [TEST_STEP][PASSED] - Statement - StoresCBList1.get(i).click(): null

2018-06-18 13:55:32 - [TEST_STEP][PASSED] - Statement - groupStoresList[i] = storesLabel.get(i).getText(): null

2018-06-18 13:55:32 - [TEST_STEP][PASSED] - Statement - StoresCBList1.get(i).click(): null

2018-06-18 13:55:32 - [TEST_STEP][PASSED] - Statement - groupStoresList[i] = storesLabel.get(i).getText(): null

2018-06-18 13:55:32 - [TEST_STEP][PASSED] - Statement - StoresCBList1.get(i).click(): null

2018-06-18 13:55:32 - [TEST_STEP][PASSED] - Statement - groupStoresList[i] = storesLabel.get(i).getText(): null

2018-06-18 13:55:32 - [TEST_STEP][PASSED] - Statement - StoresCBList1.get(i).click(): null

2018-06-18 13:55:32 - [TEST_STEP][PASSED] - Statement - groupStoresList[i] = storesLabel.get(i).getText(): null

2018-06-18 13:55:32 - [TEST_STEP][PASSED] - Statement - StoresCBList1.get(i).click(): null

2018-06-18 13:55:32 - [TEST_STEP][PASSED] - Statement - groupStoresList[i] = storesLabel.get(i).getText(): null

2018-06-18 13:55:32 - [TEST_STEP][PASSED] - Statement - StoresCBList1.get(i).click(): null

2018-06-18 13:55:32 - [TEST_STEP][PASSED] - Statement - groupStoresList[i] = storesLabel.get(i).getText(): null

2018-06-18 13:55:32 - [TEST_STEP][PASSED] - Statement - StoresCBList1.get(i).click(): null

2018-06-18 13:55:32 - [TEST_STEP][PASSED] - Statement - groupStoresList[i] = storesLabel.get(i).getText(): null

2018-06-18 13:55:32 - [TEST_STEP][PASSED] - Statement - StoresCBList1.get(i).click(): null

2018-06-18 13:55:32 - [TEST_STEP][PASSED] - Statement - groupStoresList[i] = storesLabel.get(i).getText(): null

2018-06-18 13:55:32 - [TEST_STEP][PASSED] - Statement - StoresCBList1.get(i).click(): null

2018-06-18 13:55:32 - [TEST_STEP][PASSED] - Statement - groupStoresList[i] = storesLabel.get(i).getText(): null

2018-06-18 13:55:32 - [TEST_STEP][PASSED] - Statement - StoresCBList1.get(i).click(): null

2018-06-18 13:55:32 - [TEST_STEP][PASSED] - Statement - groupStoresList[i] = storesLabel.get(i).getText(): null

2018-06-18 13:55:32 - [TEST_STEP][PASSED] - Statement - StoresCBList1.get(i).click(): null

2018-06-18 13:55:32 - [TEST_STEP][PASSED] - Statement - groupStoresList[i] = storesLabel.get(i).getText(): null

2018-06-18 13:55:32 - [TEST_STEP][PASSED] - Statement - StoresCBList1.get(i).click(): null

2018-06-18 13:55:32 - [TEST_STEP][PASSED] - Statement - groupStoresList[i] = storesLabel.get(i).getText(): null

2018-06-18 13:55:32 - [TEST_STEP][PASSED] - Statement - StoresCBList1.get(i).click(): null

2018-06-18 13:55:32 - [TEST_STEP][PASSED] - Statement - groupStoresList[i] = storesLabel.get(i).getText(): null

2018-06-18 13:55:32 - [TEST_STEP][PASSED] - Statement - StoresCBList1.get(i).click(): null

2018-06-18 13:55:32 - [TEST_STEP][PASSED] - Statement - groupStoresList[i] = storesLabel.get(i).getText(): null

2018-06-18 13:55:32 - [TEST_STEP][PASSED] - Statement - StoresCBList1.get(i).click(): null

2018-06-18 13:55:32 - [TEST_STEP][PASSED] - Statement - groupStoresList[i] = storesLabel.get(i).getText(): null

2018-06-18 13:55:32 - [TEST_STEP][PASSED] - Statement - StoresCBList1.get(i).click(): null

2018-06-18 13:55:32 - [TEST_STEP][PASSED] - Statement - groupStoresList[i] = storesLabel.get(i).getText(): null

2018-06-18 13:55:32 - [TEST_STEP][PASSED] - Statement - StoresCBList1.get(i).click(): null

2018-06-18 13:55:32 - [TEST_STEP][PASSED] - Statement - groupStoresList[i] = storesLabel.get(i).getText(): null

2018-06-18 13:55:32 - [TEST_STEP][PASSED] - Statement - StoresCBList1.get(i).click(): null

2018-06-18 13:55:32 - [TEST_STEP][PASSED] - Statement - groupStoresList[i] = storesLabel.get(i).getText(): null

2018-06-18 13:55:32 - [TEST_STEP][PASSED] - Statement - StoresCBList1.get(i).click(): null

2018-06-18 13:55:33 - [TEST_STEP][PASSED] - Statement - groupStoresList[i] = storesLabel.get(i).getText(): null

2018-06-18 13:55:33 - [TEST_STEP][PASSED] - Statement - StoresCBList1.get(i).click(): null

2018-06-18 13:55:33 - [TEST_STEP][PASSED] - Statement - groupStoresList[i] = storesLabel.get(i).getText(): null

2018-06-18 13:55:33 - [TEST_STEP][PASSED] - Statement - StoresCBList1.get(i).click(): null

2018-06-18 13:55:33 - [TEST_STEP][PASSED] - Statement - groupStoresList[i] = storesLabel.get(i).getText(): null

2018-06-18 13:55:33 - [TEST_STEP][PASSED] - Statement - StoresCBList1.get(i).click(): null

2018-06-18 13:55:33 - [TEST_STEP][PASSED] - Statement - groupStoresList[i] = storesLabel.get(i).getText(): null

2018-06-18 13:55:33 - [TEST_STEP][PASSED] - Statement - StoresCBList1.get(i).click(): null

2018-06-18 13:55:33 - [TEST_STEP][PASSED] - Statement - groupStoresList[i] = storesLabel.get(i).getText(): null

2018-06-18 13:55:33 - [TEST_STEP][PASSED] - Statement - StoresCBList1.get(i).click(): null

2018-06-18 13:55:33 - [TEST_STEP][PASSED] - Statement - groupStoresList[i] = storesLabel.get(i).getText(): null

2018-06-18 13:55:33 - [TEST_STEP][PASSED] - Statement - StoresCBList1.get(i).click(): null

2018-06-18 13:55:33 - [TEST_STEP][PASSED] - Statement - groupStoresList[i] = storesLabel.get(i).getText(): null

2018-06-18 13:55:33 - [TEST_STEP][PASSED] - Statement - StoresCBList1.get(i).click(): null

2018-06-18 13:55:33 - [TEST_STEP][PASSED] - Statement - groupStoresList[i] = storesLabel.get(i).getText(): null

2018-06-18 13:55:33 - [TEST_STEP][PASSED] - Statement - StoresCBList1.get(i).click(): null

2018-06-18 13:55:33 - [TEST_STEP][PASSED] - Statement - groupStoresList[i] = storesLabel.get(i).getText(): null

2018-06-18 13:55:33 - [TEST_STEP][PASSED] - Statement - StoresCBList1.get(i).click(): null

2018-06-18 13:55:33 - [TEST_STEP][PASSED] - Statement - groupStoresList[i] = storesLabel.get(i).getText(): null

2018-06-18 13:55:33 - [TEST_STEP][PASSED] - Statement - StoresCBList1.get(i).click(): null

2018-06-18 13:55:33 - [TEST_STEP][PASSED] - Statement - groupStoresList[i] = storesLabel.get(i).getText(): null

2018-06-18 13:55:33 - [TEST_STEP][PASSED] - Statement - StoresCBList1.get(i).click(): null

2018-06-18 13:55:33 - [TEST_STEP][PASSED] - Statement - groupStoresList[i] = storesLabel.get(i).getText(): null

2018-06-18 13:55:33 - [TEST_STEP][PASSED] - Statement - StoresCBList1.get(i).click(): null

2018-06-18 13:55:33 - [TEST_STEP][PASSED] - Statement - groupStoresList[i] = storesLabel.get(i).getText(): null

2018-06-18 13:55:33 - [TEST_STEP][PASSED] - Statement - StoresCBList1.get(i).click(): null

2018-06-18 13:55:33 - [TEST_STEP][PASSED] - Statement - groupStoresList[i] = storesLabel.get(i).getText(): null

2018-06-18 13:55:33 - [TEST_STEP][PASSED] - Statement - StoresCBList1.get(i).click(): null

2018-06-18 13:55:33 - [TEST_STEP][PASSED] - Statement - groupStoresList[i] = storesLabel.get(i).getText(): null

2018-06-18 13:55:33 - [TEST_STEP][PASSED] - Statement - StoresCBList1.get(i).click(): null

2018-06-18 13:55:33 - [TEST_STEP][PASSED] - Statement - groupStoresList[i] = storesLabel.get(i).getText(): null

2018-06-18 13:55:33 - [TEST_STEP][PASSED] - Statement - StoresCBList1.get(i).click(): null

2018-06-18 13:55:33 - [TEST_STEP][PASSED] - Statement - groupStoresList[i] = storesLabel.get(i).getText(): null

2018-06-18 13:55:33 - [TEST_STEP][PASSED] - Statement - StoresCBList1.get(i).click(): null

2018-06-18 13:55:33 - [TEST_STEP][PASSED] - Statement - groupStoresList[i] = storesLabel.get(i).getText(): null

2018-06-18 13:55:33 - [TEST_STEP][PASSED] - Statement - StoresCBList1.get(i).click(): null

2018-06-18 13:55:34 - [TEST_STEP][PASSED] - Statement - groupStoresList[i] = storesLabel.get(i).getText(): null

2018-06-18 13:55:34 - [TEST_STEP][PASSED] - Statement - StoresCBList1.get(i).click(): null

2018-06-18 13:55:34 - [TEST_STEP][PASSED] - Statement - groupStoresList[i] = storesLabel.get(i).getText(): null

2018-06-18 13:55:34 - [TEST_STEP][PASSED] - Statement - StoresCBList1.get(i).click(): null

2018-06-18 13:55:34 - [TEST_STEP][PASSED] - Statement - groupStoresList[i] = storesLabel.get(i).getText(): null

2018-06-18 13:55:34 - [TEST_STEP][PASSED] - Statement - StoresCBList1.get(i).click(): null

2018-06-18 13:55:34 - [TEST_STEP][PASSED] - Statement - groupStoresList[i] = storesLabel.get(i).getText(): null

2018-06-18 13:55:34 - [TEST_STEP][PASSED] - Statement - StoresCBList1.get(i).click(): null

2018-06-18 13:55:34 - [TEST_STEP][PASSED] - Statement - groupStoresList[i] = storesLabel.get(i).getText(): null

2018-06-18 13:55:34 - [TEST_STEP][PASSED] - Statement - StoresCBList1.get(i).click(): null

2018-06-18 13:55:34 - [TEST_STEP][PASSED] - Statement - groupStoresList[i] = storesLabel.get(i).getText(): null

2018-06-18 13:55:34 - [TEST_STEP][PASSED] - Statement - StoresCBList1.get(i).click(): null

2018-06-18 13:55:34 - [TEST_STEP][PASSED] - Statement - groupStoresList[i] = storesLabel.get(i).getText(): null

2018-06-18 13:55:34 - [TEST_STEP][PASSED] - Statement - StoresCBList1.get(i).click(): null

2018-06-18 13:55:34 - [TEST_STEP][PASSED] - Statement - groupStoresList[i] = storesLabel.get(i).getText(): null

2018-06-18 13:55:34 - [TEST_STEP][PASSED] - Statement - StoresCBList1.get(i).click(): null

2018-06-18 13:55:34 - [TEST_STEP][PASSED] - Statement - groupStoresList[i] = storesLabel.get(i).getText(): null

2018-06-18 13:55:34 - [TEST_STEP][PASSED] - Statement - StoresCBList1.get(i).click(): null

2018-06-18 13:55:34 - [TEST_STEP][PASSED] - Statement - groupStoresList[i] = storesLabel.get(i).getText(): null

2018-06-18 13:55:34 - [TEST_STEP][PASSED] - Statement - StoresCBList1.get(i).click(): null

2018-06-18 13:55:34 - [TEST_STEP][PASSED] - Statement - groupStoresList[i] = storesLabel.get(i).getText(): null

2018-06-18 13:55:34 - [TEST_STEP][PASSED] - Statement - StoresCBList1.get(i).click(): null

2018-06-18 13:55:34 - [TEST_STEP][PASSED] - Statement - groupStoresList[i] = storesLabel.get(i).getText(): null

2018-06-18 13:55:34 - [TEST_STEP][PASSED] - Statement - StoresCBList1.get(i).click(): null

2018-06-18 13:55:34 - [TEST_STEP][PASSED] - Statement - groupStoresList[i] = storesLabel.get(i).getText(): null

2018-06-18 13:55:34 - [TEST_STEP][PASSED] - Statement - StoresCBList1.get(i).click(): null

2018-06-18 13:55:34 - [TEST_STEP][PASSED] - Statement - groupStoresList[i] = storesLabel.get(i).getText(): null

2018-06-18 13:55:34 - [TEST_STEP][PASSED] - Statement - StoresCBList1.get(i).click(): null

2018-06-18 13:55:34 - [TEST_STEP][PASSED] - Statement - groupStoresList[i] = storesLabel.get(i).getText(): null

2018-06-18 13:55:34 - [TEST_STEP][PASSED] - Statement - StoresCBList1.get(i).click(): null

2018-06-18 13:55:34 - [TEST_STEP][PASSED] - Statement - groupStoresList[i] = storesLabel.get(i).getText(): null

2018-06-18 13:55:34 - [TEST_STEP][PASSED] - Statement - StoresCBList1.get(i).click(): null

2018-06-18 13:55:34 - [TEST_STEP][PASSED] - Statement - groupStoresList[i] = storesLabel.get(i).getText(): null

2018-06-18 13:55:34 - [TEST_STEP][PASSED] - Statement - StoresCBList1.get(i).click(): null

2018-06-18 13:55:34 - [TEST_STEP][PASSED] - Statement - groupStoresList[i] = storesLabel.get(i).getText(): null

2018-06-18 13:55:34 - [TEST_STEP][PASSED] - Statement - StoresCBList1.get(i).click(): null

2018-06-18 13:55:35 - [TEST_STEP][PASSED] - Statement - groupStoresList[i] = storesLabel.get(i).getText(): null

2018-06-18 13:55:35 - [TEST_STEP][PASSED] - Statement - StoresCBList1.get(i).click(): null

2018-06-18 13:55:35 - [TEST_STEP][PASSED] - Statement - groupStoresList[i] = storesLabel.get(i).getText(): null

2018-06-18 13:55:35 - [TEST_STEP][PASSED] - Statement - StoresCBList1.get(i).click(): null

2018-06-18 13:55:35 - [TEST_STEP][PASSED] - Statement - groupStoresList[i] = storesLabel.get(i).getText(): null

2018-06-18 13:55:35 - [TEST_STEP][PASSED] - Statement - StoresCBList1.get(i).click(): null

2018-06-18 13:55:35 - [TEST_STEP][PASSED] - Statement - groupStoresList[i] = storesLabel.get(i).getText(): null

2018-06-18 13:55:35 - [TEST_STEP][PASSED] - Statement - StoresCBList1.get(i).click(): null

2018-06-18 13:55:35 - [TEST_STEP][PASSED] - Statement - groupStoresList[i] = storesLabel.get(i).getText(): null

2018-06-18 13:55:35 - [TEST_STEP][PASSED] - Statement - StoresCBList1.get(i).click(): null

2018-06-18 13:55:35 - [TEST_STEP][PASSED] - Statement - groupStoresList[i] = storesLabel.get(i).getText(): null

2018-06-18 13:55:35 - [TEST_STEP][PASSED] - Statement - StoresCBList1.get(i).click(): null

2018-06-18 13:55:35 - [TEST_STEP][PASSED] - Statement - groupStoresList[i] = storesLabel.get(i).getText(): null

2018-06-18 13:55:35 - [TEST_STEP][PASSED] - Statement - StoresCBList1.get(i).click(): null

2018-06-18 13:55:35 - [TEST_STEP][PASSED] - Statement - groupStoresList[i] = storesLabel.get(i).getText(): null

2018-06-18 13:55:35 - [TEST_STEP][PASSED] - Statement - StoresCBList1.get(i).click(): null

2018-06-18 13:55:35 - [TEST_STEP][PASSED] - Statement - groupStoresList[i] = storesLabel.get(i).getText(): null

2018-06-18 13:55:35 - [TEST_STEP][PASSED] - Statement - StoresCBList1.get(i).click(): null

2018-06-18 13:55:35 - [TEST_STEP][PASSED] - Statement - groupStoresList[i] = storesLabel.get(i).getText(): null

2018-06-18 13:55:35 - [TEST_STEP][PASSED] - Statement - StoresCBList1.get(i).click(): null

2018-06-18 13:55:35 - [TEST_STEP][PASSED] - Statement - groupStoresList[i] = storesLabel.get(i).getText(): null

2018-06-18 13:55:35 - [TEST_STEP][PASSED] - Statement - StoresCBList1.get(i).click(): null

2018-06-18 13:55:35 - [TEST_STEP][PASSED] - Statement - groupStoresList[i] = storesLabel.get(i).getText(): null

2018-06-18 13:55:35 - [TEST_STEP][PASSED] - Statement - StoresCBList1.get(i).click(): null

2018-06-18 13:55:35 - [TEST_STEP][PASSED] - Statement - groupStoresList[i] = storesLabel.get(i).getText(): null

2018-06-18 13:55:35 - [TEST_STEP][PASSED] - Statement - StoresCBList1.get(i).click(): null

2018-06-18 13:55:35 - [TEST_STEP][PASSED] - Statement - groupStoresList[i] = storesLabel.get(i).getText(): null

2018-06-18 13:55:35 - [TEST_STEP][PASSED] - Statement - StoresCBList1.get(i).click(): null

2018-06-18 13:55:35 - [TEST_STEP][PASSED] - Statement - groupStoresList[i] = storesLabel.get(i).getText(): null

2018-06-18 13:55:35 - [TEST_STEP][PASSED] - Statement - StoresCBList1.get(i).click(): null

2018-06-18 13:55:35 - [TEST_STEP][PASSED] - Statement - groupStoresList[i] = storesLabel.get(i).getText(): null

2018-06-18 13:55:35 - [TEST_STEP][PASSED] - Statement - StoresCBList1.get(i).click(): null

2018-06-18 13:55:35 - [TEST_STEP][PASSED] - Statement - groupStoresList[i] = storesLabel.get(i).getText(): null

2018-06-18 13:55:36 - [TEST_STEP][PASSED] - Statement - StoresCBList1.get(i).click(): null

2018-06-18 13:55:36 - [TEST_STEP][PASSED] - Statement - groupStoresList[i] = storesLabel.get(i).getText(): null

2018-06-18 13:55:36 - [TEST_STEP][PASSED] - Statement - StoresCBList1.get(i).click(): null

2018-06-18 13:55:36 - [TEST_STEP][PASSED] - Statement - groupStoresList[i] = storesLabel.get(i).getText(): null

2018-06-18 13:55:36 - [TEST_STEP][PASSED] - Statement - StoresCBList1.get(i).click(): null

2018-06-18 13:55:36 - [TEST_STEP][PASSED] - Statement - groupStoresList[i] = storesLabel.get(i).getText(): null

2018-06-18 13:55:36 - [TEST_STEP][PASSED] - Statement - StoresCBList1.get(i).click(): null

2018-06-18 13:55:36 - [TEST_STEP][PASSED] - Statement - groupStoresList[i] = storesLabel.get(i).getText(): null

2018-06-18 13:55:36 - [TEST_STEP][PASSED] - Statement - StoresCBList1.get(i).click(): null

2018-06-18 13:55:36 - [TEST_STEP][PASSED] - Statement - groupStoresList[i] = storesLabel.get(i).getText(): null

2018-06-18 13:55:36 - [TEST_STEP][PASSED] - Statement - StoresCBList1.get(i).click(): null

2018-06-18 13:55:36 - [TEST_STEP][PASSED] - Statement - groupStoresList[i] = storesLabel.get(i).getText(): null

2018-06-18 13:55:36 - [TEST_STEP][PASSED] - Statement - StoresCBList1.get(i).click(): null

2018-06-18 13:55:36 - [TEST_STEP][PASSED] - Statement - groupStoresList[i] = storesLabel.get(i).getText(): null

2018-06-18 13:55:36 - [TEST_STEP][PASSED] - Statement - StoresCBList1.get(i).click(): null

2018-06-18 13:55:36 - [TEST_STEP][PASSED] - Statement - groupStoresList[i] = storesLabel.get(i).getText(): null

2018-06-18 13:55:36 - [TEST_STEP][PASSED] - Statement - StoresCBList1.get(i).click(): null

2018-06-18 13:55:36 - [TEST_STEP][PASSED] - Statement - groupStoresList[i] = storesLabel.get(i).getText(): null

2018-06-18 13:55:36 - [TEST_STEP][PASSED] - Statement - StoresCBList1.get(i).click(): null

2018-06-18 13:55:36 - [TEST_STEP][PASSED] - Statement - groupStoresList[i] = storesLabel.get(i).getText(): null

2018-06-18 13:55:36 - [TEST_STEP][PASSED] - Statement - StoresCBList1.get(i).click(): null

2018-06-18 13:55:36 - [TEST_STEP][PASSED] - Statement - groupStoresList[i] = storesLabel.get(i).getText(): null

2018-06-18 13:55:36 - [TEST_STEP][PASSED] - Statement - StoresCBList1.get(i).click(): null

2018-06-18 13:55:36 - [TEST_STEP][PASSED] - Statement - groupStoresList[i] = storesLabel.get(i).getText(): null

2018-06-18 13:55:36 - [TEST_STEP][PASSED] - Statement - StoresCBList1.get(i).click(): null

2018-06-18 13:55:36 - [TEST_STEP][PASSED] - Statement - groupStoresList[i] = storesLabel.get(i).getText(): null

2018-06-18 13:55:36 - [TEST_STEP][PASSED] - Statement - StoresCBList1.get(i).click(): null

2018-06-18 13:55:36 - [TEST_STEP][PASSED] - Statement - groupStoresList[i] = storesLabel.get(i).getText(): null

2018-06-18 13:55:36 - [TEST_STEP][PASSED] - Statement - StoresCBList1.get(i).click(): null

2018-06-18 13:55:36 - [TEST_STEP][PASSED] - Statement - groupStoresList[i] = storesLabel.get(i).getText(): null

2018-06-18 13:55:36 - [TEST_STEP][PASSED] - Statement - StoresCBList1.get(i).click(): null

2018-06-18 13:55:36 - [TEST_STEP][PASSED] - Statement - groupStoresList[i] = storesLabel.get(i).getText(): null

2018-06-18 13:55:36 - [TEST_STEP][PASSED] - Statement - StoresCBList1.get(i).click(): null

2018-06-18 13:55:36 - [TEST_STEP][PASSED] - Statement - groupStoresList[i] = storesLabel.get(i).getText(): null

2018-06-18 13:55:37 - [TEST_STEP][PASSED] - Statement - StoresCBList1.get(i).click(): null

2018-06-18 13:55:37 - [TEST_STEP][PASSED] - Statement - groupStoresList[i] = storesLabel.get(i).getText(): null

2018-06-18 13:55:37 - [TEST_STEP][PASSED] - Statement - StoresCBList1.get(i).click(): null

2018-06-18 13:55:37 - [TEST_STEP][PASSED] - Statement - groupStoresList[i] = storesLabel.get(i).getText(): null

2018-06-18 13:55:37 - [TEST_STEP][PASSED] - Statement - StoresCBList1.get(i).click(): null

2018-06-18 13:55:37 - [TEST_STEP][PASSED] - Statement - groupStoresList[i] = storesLabel.get(i).getText(): null

2018-06-18 13:55:37 - [TEST_STEP][PASSED] - Statement - StoresCBList1.get(i).click(): null

2018-06-18 13:55:37 - [TEST_STEP][PASSED] - Statement - groupStoresList[i] = storesLabel.get(i).getText(): null

2018-06-18 13:55:37 - [TEST_STEP][PASSED] - Statement - StoresCBList1.get(i).click(): null

2018-06-18 13:55:37 - [TEST_STEP][PASSED] - Statement - groupStoresList[i] = storesLabel.get(i).getText(): null

2018-06-18 13:55:37 - [TEST_STEP][PASSED] - Statement - StoresCBList1.get(i).click(): null

2018-06-18 13:55:37 - [TEST_STEP][PASSED] - Statement - groupStoresList[i] = storesLabel.get(i).getText(): null

2018-06-18 13:55:37 - [TEST_STEP][PASSED] - Statement - StoresCBList1.get(i).click(): null

2018-06-18 13:55:37 - [TEST_STEP][PASSED] - Statement - groupStoresList[i] = storesLabel.get(i).getText(): null

2018-06-18 13:55:37 - [TEST_STEP][PASSED] - Statement - StoresCBList1.get(i).click(): null

2018-06-18 13:55:37 - [TEST_STEP][PASSED] - Statement - groupStoresList[i] = storesLabel.get(i).getText(): null

2018-06-18 13:55:37 - [TEST_STEP][PASSED] - Statement - StoresCBList1.get(i).click(): null

2018-06-18 13:55:37 - [TEST_STEP][PASSED] - Statement - groupStoresList[i] = storesLabel.get(i).getText(): null

2018-06-18 13:55:37 - [TEST_STEP][PASSED] - Statement - StoresCBList1.get(i).click(): null

2018-06-18 13:55:37 - [TEST_STEP][PASSED] - Statement - groupStoresList[i] = storesLabel.get(i).getText(): null

2018-06-18 13:55:37 - [TEST_STEP][PASSED] - Statement - StoresCBList1.get(i).click(): null

2018-06-18 13:55:37 - [TEST_STEP][PASSED] - Statement - groupStoresList[i] = storesLabel.get(i).getText(): null

2018-06-18 13:55:37 - [TEST_STEP][PASSED] - Statement - StoresCBList1.get(i).click(): null

2018-06-18 13:55:37 - [TEST_STEP][PASSED] - Statement - groupStoresList[i] = storesLabel.get(i).getText(): null

2018-06-18 13:55:37 - [TEST_STEP][PASSED] - Statement - StoresCBList1.get(i).click(): null

2018-06-18 13:55:37 - [TEST_STEP][PASSED] - Statement - groupStoresList[i] = storesLabel.get(i).getText(): null

2018-06-18 13:55:37 - [TEST_STEP][PASSED] - Statement - StoresCBList1.get(i).click(): null

2018-06-18 13:55:37 - [TEST_STEP][PASSED] - Statement - groupStoresList[i] = storesLabel.get(i).getText(): null

2018-06-18 13:55:37 - [TEST_STEP][PASSED] - Statement - StoresCBList1.get(i).click(): null

2018-06-18 13:55:37 - [TEST_STEP][PASSED] - Statement - groupStoresList[i] = storesLabel.get(i).getText(): null

2018-06-18 13:55:37 - [TEST_STEP][PASSED] - Statement - StoresCBList1.get(i).click(): null

2018-06-18 13:55:37 - [TEST_STEP][PASSED] - Statement - groupStoresList[i] = storesLabel.get(i).getText(): null

2018-06-18 13:55:37 - [TEST_STEP][PASSED] - Statement - StoresCBList1.get(i).click(): null

2018-06-18 13:55:37 - [TEST_STEP][PASSED] - Statement - groupStoresList[i] = storesLabel.get(i).getText(): null

2018-06-18 13:55:37 - [TEST_STEP][PASSED] - Statement - StoresCBList1.get(i).click(): null

2018-06-18 13:55:38 - [TEST_STEP][PASSED] - Statement - groupStoresList[i] = storesLabel.get(i).getText(): null

2018-06-18 13:55:38 - [TEST_STEP][PASSED] - Statement - StoresCBList1.get(i).click(): null

2018-06-18 13:55:38 - [TEST_STEP][PASSED] - Statement - groupStoresList[i] = storesLabel.get(i).getText(): null

2018-06-18 13:55:38 - [TEST_STEP][PASSED] - Statement - StoresCBList1.get(i).click(): null

2018-06-18 13:55:38 - [TEST_STEP][PASSED] - Statement - groupStoresList[i] = storesLabel.get(i).getText(): null

2018-06-18 13:55:38 - [TEST_STEP][PASSED] - Statement - StoresCBList1.get(i).click(): null

2018-06-18 13:55:38 - [TEST_STEP][PASSED] - Statement - groupStoresList[i] = storesLabel.get(i).getText(): null

2018-06-18 13:55:38 - [TEST_STEP][PASSED] - Statement - StoresCBList1.get(i).click(): null

2018-06-18 13:55:38 - [TEST_STEP][PASSED] - Statement - groupStoresList[i] = storesLabel.get(i).getText(): null

2018-06-18 13:55:38 - [TEST_STEP][PASSED] - Statement - StoresCBList1.get(i).click(): null

2018-06-18 13:55:38 - [TEST_STEP][PASSED] - Statement - groupStoresList[i] = storesLabel.get(i).getText(): null

2018-06-18 13:55:38 - [TEST_STEP][PASSED] - Statement - StoresCBList1.get(i).click(): null

2018-06-18 13:55:38 - [TEST_STEP][PASSED] - Statement - groupStoresList[i] = storesLabel.get(i).getText(): null

2018-06-18 13:55:38 - [TEST_STEP][PASSED] - Statement - StoresCBList1.get(i).click(): null

2018-06-18 13:55:38 - [TEST_STEP][PASSED] - Statement - groupStoresList[i] = storesLabel.get(i).getText(): null

2018-06-18 13:55:38 - [TEST_STEP][PASSED] - Statement - StoresCBList1.get(i).click(): null

2018-06-18 13:55:38 - [TEST_STEP][PASSED] - Statement - groupStoresList[i] = storesLabel.get(i).getText(): null

2018-06-18 13:55:38 - [TEST_STEP][PASSED] - Statement - StoresCBList1.get(i).click(): null

2018-06-18 13:55:38 - [TEST_STEP][PASSED] - Statement - groupStoresList[i] = storesLabel.get(i).getText(): null

2018-06-18 13:55:38 - [TEST_STEP][PASSED] - Statement - StoresCBList1.get(i).click(): null

2018-06-18 13:55:38 - [TEST_STEP][PASSED] - Statement - groupStoresList[i] = storesLabel.get(i).getText(): null

2018-06-18 13:55:38 - [TEST_STEP][PASSED] - Statement - StoresCBList1.get(i).click(): null

2018-06-18 13:55:38 - [TEST_STEP][PASSED] - Statement - For ([i = 0, i < StoresCBList1.size() - 10, (i++)]): null

2018-06-18 13:55:38 - [TEST_STEP][PASSED] - Statement - groupStoresList1[i] = storesLabel.get(i).getText(): null

2018-06-18 13:55:38 - [TEST_STEP][PASSED] - Statement - groupStoresList1[i] = storesLabel.get(i).getText(): null

2018-06-18 13:55:38 - [TEST_STEP][PASSED] - Statement - groupStoresList1[i] = storesLabel.get(i).getText(): null

2018-06-18 13:55:38 - [TEST_STEP][PASSED] - Statement - groupStoresList1[i] = storesLabel.get(i).getText(): null

2018-06-18 13:55:38 - [TEST_STEP][PASSED] - Statement - groupStoresList1[i] = storesLabel.get(i).getText(): null

2018-06-18 13:55:38 - [TEST_STEP][PASSED] - Statement - groupStoresList1[i] = storesLabel.get(i).getText(): null

2018-06-18 13:55:38 - [TEST_STEP][PASSED] - Statement - groupStoresList1[i] = storesLabel.get(i).getText(): null

2018-06-18 13:55:38 - [TEST_STEP][PASSED] - Statement - groupStoresList1[i] = storesLabel.get(i).getText(): null

2018-06-18 13:55:38 - [TEST_STEP][PASSED] - Statement - groupStoresList1[i] = storesLabel.get(i).getText(): null

2018-06-18 13:55:38 - [TEST_STEP][PASSED] - Statement - groupStoresList1[i] = storesLabel.get(i).getText(): null

2018-06-18 13:55:38 - [TEST_STEP][PASSED] - Statement - groupStoresList1[i] = storesLabel.get(i).getText(): null

2018-06-18 13:55:38 - [TEST_STEP][PASSED] - Statement - groupStoresList1[i] = storesLabel.get(i).getText(): null

2018-06-18 13:55:38 - [TEST_STEP][PASSED] - Statement - groupStoresList1[i] = storesLabel.get(i).getText(): null

2018-06-18 13:55:38 - [TEST_STEP][PASSED] - Statement - groupStoresList1[i] = storesLabel.get(i).getText(): null

2018-06-18 13:55:38 - [TEST_STEP][PASSED] - Statement - groupStoresList1[i] = storesLabel.get(i).getText(): null

2018-06-18 13:55:38 - [TEST_STEP][PASSED] - Statement - groupStoresList1[i] = storesLabel.get(i).getText(): null

2018-06-18 13:55:38 - [TEST_STEP][PASSED] - Statement - groupStoresList1[i] = storesLabel.get(i).getText(): null

2018-06-18 13:55:38 - [TEST_STEP][PASSED] - Statement - groupStoresList1[i] = storesLabel.get(i).getText(): null

2018-06-18 13:55:38 - [TEST_STEP][PASSED] - Statement - groupStoresList1[i] = storesLabel.get(i).getText(): null

2018-06-18 13:55:38 - [TEST_STEP][PASSED] - Statement - groupStoresList1[i] = storesLabel.get(i).getText(): null

2018-06-18 13:55:38 - [TEST_STEP][PASSED] - Statement - groupStoresList1[i] = storesLabel.get(i).getText(): null

2018-06-18 13:55:38 - [TEST_STEP][PASSED] - Statement - groupStoresList1[i] = storesLabel.get(i).getText(): null

2018-06-18 13:55:38 - [TEST_STEP][PASSED] - Statement - groupStoresList1[i] = storesLabel.get(i).getText(): null

2018-06-18 13:55:38 - [TEST_STEP][PASSED] - Statement - groupStoresList1[i] = storesLabel.get(i).getText(): null

2018-06-18 13:55:38 - [TEST_STEP][PASSED] - Statement - groupStoresList1[i] = storesLabel.get(i).getText(): null

2018-06-18 13:55:38 - [TEST_STEP][PASSED] - Statement - groupStoresList1[i] = storesLabel.get(i).getText(): null

2018-06-18 13:55:38 - [TEST_STEP][PASSED] - Statement - groupStoresList1[i] = storesLabel.get(i).getText(): null

2018-06-18 13:55:38 - [TEST_STEP][PASSED] - Statement - groupStoresList1[i] = storesLabel.get(i).getText(): null

2018-06-18 13:55:38 - [TEST_STEP][PASSED] - Statement - groupStoresList1[i] = storesLabel.get(i).getText(): null

2018-06-18 13:55:38 - [TEST_STEP][PASSED] - Statement - groupStoresList1[i] = storesLabel.get(i).getText(): null

2018-06-18 13:55:38 - [TEST_STEP][PASSED] - Statement - groupStoresList1[i] = storesLabel.get(i).getText(): null

2018-06-18 13:55:38 - [TEST_STEP][PASSED] - Statement - groupStoresList1[i] = storesLabel.get(i).getText(): null

2018-06-18 13:55:38 - [TEST_STEP][PASSED] - Statement - groupStoresList1[i] = storesLabel.get(i).getText(): null

2018-06-18 13:55:38 - [TEST_STEP][PASSED] - Statement - groupStoresList1[i] = storesLabel.get(i).getText(): null

2018-06-18 13:55:38 - [TEST_STEP][PASSED] - Statement - groupStoresList1[i] = storesLabel.get(i).getText(): null

2018-06-18 13:55:38 - [TEST_STEP][PASSED] - Statement - groupStoresList1[i] = storesLabel.get(i).getText(): null

2018-06-18 13:55:38 - [TEST_STEP][PASSED] - Statement - groupStoresList1[i] = storesLabel.get(i).getText(): null

2018-06-18 13:55:39 - [TEST_STEP][PASSED] - Statement - groupStoresList1[i] = storesLabel.get(i).getText(): null

2018-06-18 13:55:39 - [TEST_STEP][PASSED] - Statement - groupStoresList1[i] = storesLabel.get(i).getText(): null

2018-06-18 13:55:39 - [TEST_STEP][PASSED] - Statement - groupStoresList1[i] = storesLabel.get(i).getText(): null

2018-06-18 13:55:39 - [TEST_STEP][PASSED] - Statement - groupStoresList1[i] = storesLabel.get(i).getText(): null

2018-06-18 13:55:39 - [TEST_STEP][PASSED] - Statement - groupStoresList1[i] = storesLabel.get(i).getText(): null

2018-06-18 13:55:39 - [TEST_STEP][PASSED] - Statement - groupStoresList1[i] = storesLabel.get(i).getText(): null

2018-06-18 13:55:39 - [TEST_STEP][PASSED] - Statement - groupStoresList1[i] = storesLabel.get(i).getText(): null

2018-06-18 13:55:39 - [TEST_STEP][PASSED] - Statement - groupStoresList1[i] = storesLabel.get(i).getText(): null

2018-06-18 13:55:39 - [TEST_STEP][PASSED] - Statement - groupStoresList1[i] = storesLabel.get(i).getText(): null

2018-06-18 13:55:39 - [TEST_STEP][PASSED] - Statement - groupStoresList1[i] = storesLabel.get(i).getText(): null

2018-06-18 13:55:39 - [TEST_STEP][PASSED] - Statement - groupStoresList1[i] = storesLabel.get(i).getText(): null

2018-06-18 13:55:39 - [TEST_STEP][PASSED] - Statement - groupStoresList1[i] = storesLabel.get(i).getText(): null

2018-06-18 13:55:39 - [TEST_STEP][PASSED] - Statement - groupStoresList1[i] = storesLabel.get(i).getText(): null

2018-06-18 13:55:39 - [TEST_STEP][PASSED] - Statement - groupStoresList1[i] = storesLabel.get(i).getText(): null

2018-06-18 13:55:39 - [TEST_STEP][PASSED] - Statement - groupStoresList1[i] = storesLabel.get(i).getText(): null

2018-06-18 13:55:39 - [TEST_STEP][PASSED] - Statement - groupStoresList1[i] = storesLabel.get(i).getText(): null

2018-06-18 13:55:39 - [TEST_STEP][PASSED] - Statement - groupStoresList1[i] = storesLabel.get(i).getText(): null

2018-06-18 13:55:39 - [TEST_STEP][PASSED] - Statement - groupStoresList1[i] = storesLabel.get(i).getText(): null

2018-06-18 13:55:39 - [TEST_STEP][PASSED] - Statement - groupStoresList1[i] = storesLabel.get(i).getText(): null

2018-06-18 13:55:39 - [TEST_STEP][PASSED] - Statement - groupStoresList1[i] = storesLabel.get(i).getText(): null

2018-06-18 13:55:39 - [TEST_STEP][PASSED] - Statement - groupStoresList1[i] = storesLabel.get(i).getText(): null

2018-06-18 13:55:39 - [TEST_STEP][PASSED] - Statement - groupStoresList1[i] = storesLabel.get(i).getText(): null

2018-06-18 13:55:39 - [TEST_STEP][PASSED] - Statement - groupStoresList1[i] = storesLabel.get(i).getText(): null

2018-06-18 13:55:39 - [TEST_STEP][PASSED] - Statement - groupStoresList1[i] = storesLabel.get(i).getText(): null

2018-06-18 13:55:39 - [TEST_STEP][PASSED] - Statement - groupStoresList1[i] = storesLabel.get(i).getText(): null

2018-06-18 13:55:39 - [TEST_STEP][PASSED] - Statement - groupStoresList1[i] = storesLabel.get(i).getText(): null

2018-06-18 13:55:39 - [TEST_STEP][PASSED] - Statement - groupStoresList1[i] = storesLabel.get(i).getText(): null

2018-06-18 13:55:39 - [TEST_STEP][PASSED] - Statement - groupStoresList1[i] = storesLabel.get(i).getText(): null

2018-06-18 13:55:39 - [TEST_STEP][PASSED] - Statement - groupStoresList1[i] = storesLabel.get(i).getText(): null

2018-06-18 13:55:39 - [TEST_STEP][PASSED] - Statement - groupStoresList1[i] = storesLabel.get(i).getText(): null

2018-06-18 13:55:39 - [TEST_STEP][PASSED] - Statement - groupStoresList1[i] = storesLabel.get(i).getText(): null

2018-06-18 13:55:39 - [TEST_STEP][PASSED] - Statement - groupStoresList1[i] = storesLabel.get(i).getText(): null

2018-06-18 13:55:39 - [TEST_STEP][PASSED] - Statement - groupStoresList1[i] = storesLabel.get(i).getText(): null

2018-06-18 13:55:39 - [TEST_STEP][PASSED] - Statement - groupStoresList1[i] = storesLabel.get(i).getText(): null

2018-06-18 13:55:39 - [TEST_STEP][PASSED] - Statement - groupStoresList1[i] = storesLabel.get(i).getText(): null

2018-06-18 13:55:39 - [TEST_STEP][PASSED] - Statement - groupStoresList1[i] = storesLabel.get(i).getText(): null

2018-06-18 13:55:39 - [TEST_STEP][PASSED] - Statement - groupStoresList1[i] = storesLabel.get(i).getText(): null

2018-06-18 13:55:39 - [TEST_STEP][PASSED] - Statement - groupStoresList1[i] = storesLabel.get(i).getText(): null

2018-06-18 13:55:39 - [TEST_STEP][PASSED] - Statement - groupStoresList1[i] = storesLabel.get(i).getText(): null

2018-06-18 13:55:39 - [TEST_STEP][PASSED] - Statement - groupStoresList1[i] = storesLabel.get(i).getText(): null

2018-06-18 13:55:39 - [TEST_STEP][PASSED] - Statement - groupStoresList1[i] = storesLabel.get(i).getText(): null

2018-06-18 13:55:39 - [TEST_STEP][PASSED] - Statement - groupStoresList1[i] = storesLabel.get(i).getText(): null

2018-06-18 13:55:39 - [TEST_STEP][PASSED] - Statement - groupStoresList1[i] = storesLabel.get(i).getText(): null

2018-06-18 13:55:39 - [TEST_STEP][PASSED] - Statement - groupStoresList1[i] = storesLabel.get(i).getText(): null

2018-06-18 13:55:39 - [TEST_STEP][PASSED] - Statement - groupStoresList1[i] = storesLabel.get(i).getText(): null

2018-06-18 13:55:39 - [TEST_STEP][PASSED] - Statement - groupStoresList1[i] = storesLabel.get(i).getText(): null

2018-06-18 13:55:39 - [TEST_STEP][PASSED] - Statement - groupStoresList1[i] = storesLabel.get(i).getText(): null

2018-06-18 13:55:39 - [TEST_STEP][PASSED] - Statement - groupStoresList1[i] = storesLabel.get(i).getText(): null

2018-06-18 13:55:39 - [TEST_STEP][PASSED] - Statement - groupStoresList1[i] = storesLabel.get(i).getText(): null

2018-06-18 13:55:39 - [TEST_STEP][PASSED] - Statement - groupStoresList1[i] = storesLabel.get(i).getText(): null

2018-06-18 13:55:39 - [TEST_STEP][PASSED] - Statement - groupStoresList1[i] = storesLabel.get(i).getText(): null

2018-06-18 13:55:39 - [TEST_STEP][PASSED] - Statement - groupStoresList1[i] = storesLabel.get(i).getText(): null

2018-06-18 13:55:39 - [TEST_STEP][PASSED] - Statement - groupStoresList1[i] = storesLabel.get(i).getText(): null

2018-06-18 13:55:39 - [TEST_STEP][PASSED] - Statement - groupStoresList1[i] = storesLabel.get(i).getText(): null

2018-06-18 13:55:39 - [TEST_STEP][PASSED] - Statement - groupStoresList1[i] = storesLabel.get(i).getText(): null

2018-06-18 13:55:39 - [TEST_STEP][PASSED] - Statement - groupStoresList1[i] = storesLabel.get(i).getText(): null

2018-06-18 13:55:39 - [TEST_STEP][PASSED] - Statement - groupStoresList1[i] = storesLabel.get(i).getText(): null

2018-06-18 13:55:39 - [TEST_STEP][PASSED] - Statement - groupStoresList1[i] = storesLabel.get(i).getText(): null

2018-06-18 13:55:39 - [TEST_STEP][PASSED] - Statement - groupStoresList1[i] = storesLabel.get(i).getText(): null

2018-06-18 13:55:39 - [TEST_STEP][PASSED] - Statement - groupStoresList1[i] = storesLabel.get(i).getText(): null

2018-06-18 13:55:39 - [TEST_STEP][PASSED] - Statement - groupStoresList1[i] = storesLabel.get(i).getText(): null

2018-06-18 13:55:39 - [TEST_STEP][PASSED] - Statement - groupStoresList1[i] = storesLabel.get(i).getText(): null

2018-06-18 13:55:39 - [TEST_STEP][PASSED] - Statement - groupStoresList1[i] = storesLabel.get(i).getText(): null

2018-06-18 13:55:39 - [TEST_STEP][PASSED] - Statement - groupStoresList1[i] = storesLabel.get(i).getText(): null

2018-06-18 13:55:39 - [TEST_STEP][PASSED] - Statement - groupStoresList1[i] = storesLabel.get(i).getText(): null

2018-06-18 13:55:39 - [TEST_STEP][PASSED] - Statement - groupStoresList1[i] = storesLabel.get(i).getText(): null

2018-06-18 13:55:39 - [TEST_STEP][PASSED] - Statement - groupStoresList1[i] = storesLabel.get(i).getText(): null

2018-06-18 13:55:39 - [TEST_STEP][PASSED] - Statement - groupStoresList1[i] = storesLabel.get(i).getText(): null

2018-06-18 13:55:39 - [TEST_STEP][PASSED] - Statement - groupStoresList1[i] = storesLabel.get(i).getText(): null

2018-06-18 13:55:39 - [TEST_STEP][PASSED] - Statement - groupStoresList1[i] = storesLabel.get(i).getText(): null

2018-06-18 13:55:39 - [TEST_STEP][PASSED] - Statement - groupStoresList1[i] = storesLabel.get(i).getText(): null

2018-06-18 13:55:39 - [TEST_STEP][PASSED] - Statement - groupStoresList1[i] = storesLabel.get(i).getText(): null

2018-06-18 13:55:39 - [TEST_STEP][PASSED] - Statement - groupStoresList1[i] = storesLabel.get(i).getText(): null

2018-06-18 13:55:39 - [TEST_STEP][PASSED] - Statement - groupStoresList1[i] = storesLabel.get(i).getText(): null

2018-06-18 13:55:39 - [TEST_STEP][PASSED] - Statement - groupStoresList1[i] = storesLabel.get(i).getText(): null

2018-06-18 13:55:39 - [TEST_STEP][PASSED] - Statement - groupStoresList1[i] = storesLabel.get(i).getText(): null

2018-06-18 13:55:39 - [TEST_STEP][PASSED] - Statement - groupStoresList1[i] = storesLabel.get(i).getText(): null

2018-06-18 13:55:39 - [TEST_STEP][PASSED] - Statement - groupStoresList1[i] = storesLabel.get(i).getText(): null

2018-06-18 13:55:39 - [TEST_STEP][PASSED] - Statement - groupStoresList1[i] = storesLabel.get(i).getText(): null

2018-06-18 13:55:39 - [TEST_STEP][PASSED] - Statement - groupStoresList1[i] = storesLabel.get(i).getText(): null

2018-06-18 13:55:39 - [TEST_STEP][PASSED] - Statement - groupStoresList1[i] = storesLabel.get(i).getText(): null

2018-06-18 13:55:39 - [TEST_STEP][PASSED] - Statement - groupStoresList1[i] = storesLabel.get(i).getText(): null

2018-06-18 13:55:39 - [TEST_STEP][PASSED] - Statement - groupStoresList1[i] = storesLabel.get(i).getText(): null

2018-06-18 13:55:39 - [TEST_STEP][PASSED] - Statement - groupStoresList1[i] = storesLabel.get(i).getText(): null

2018-06-18 13:55:39 - [TEST_STEP][PASSED] - Statement - groupStoresList1[i] = storesLabel.get(i).getText(): null

2018-06-18 13:55:39 - [TEST_STEP][PASSED] - Statement - groupStoresList1[i] = storesLabel.get(i).getText(): null

2018-06-18 13:55:39 - [TEST_STEP][PASSED] - Statement - groupStoresList1[i] = storesLabel.get(i).getText(): null

2018-06-18 13:55:39 - [TEST_STEP][PASSED] - Statement - groupStoresList1[i] = storesLabel.get(i).getText(): null

2018-06-18 13:55:39 - [TEST_STEP][PASSED] - Statement - groupStoresList1[i] = storesLabel.get(i).getText(): null

2018-06-18 13:55:39 - [TEST_STEP][PASSED] - Statement - groupStoresList1[i] = storesLabel.get(i).getText(): null

2018-06-18 13:55:39 - [TEST_STEP][PASSED] - Statement - groupStoresList1[i] = storesLabel.get(i).getText(): null

2018-06-18 13:55:39 - [TEST_STEP][PASSED] - Statement - groupStoresList1[i] = storesLabel.get(i).getText(): null

2018-06-18 13:55:39 - [TEST_STEP][PASSED] - Statement - groupStoresList1[i] = storesLabel.get(i).getText(): null

2018-06-18 13:55:39 - [TEST_STEP][PASSED] - Statement - groupStoresList1[i] = storesLabel.get(i).getText(): null

2018-06-18 13:55:39 - [TEST_STEP][PASSED] - Statement - groupStoresList1[i] = storesLabel.get(i).getText(): null

2018-06-18 13:55:39 - [TEST_STEP][PASSED] - Statement - groupStoresList1[i] = storesLabel.get(i).getText(): null

2018-06-18 13:55:39 - [TEST_STEP][PASSED] - Statement - groupStoresList1[i] = storesLabel.get(i).getText(): null

2018-06-18 13:55:39 - [TEST_STEP][PASSED] - Statement - groupStoresList1[i] = storesLabel.get(i).getText(): null

2018-06-18 13:55:39 - [TEST_STEP][PASSED] - Statement - groupStoresList1[i] = storesLabel.get(i).getText(): null

2018-06-18 13:55:39 - [TEST_STEP][PASSED] - Statement - groupStoresList1[i] = storesLabel.get(i).getText(): null

2018-06-18 13:55:39 - [TEST_STEP][PASSED] - Statement - groupStoresList1[i] = storesLabel.get(i).getText(): null

2018-06-18 13:55:39 - [TEST_STEP][PASSED] - Statement - groupStoresList1[i] = storesLabel.get(i).getText(): null

2018-06-18 13:55:39 - [TEST_STEP][PASSED] - Statement - groupStoresList1[i] = storesLabel.get(i).getText(): null

2018-06-18 13:55:39 - [TEST_STEP][PASSED] - Statement - groupStoresList1[i] = storesLabel.get(i).getText(): null

2018-06-18 13:55:39 - [TEST_STEP][PASSED] - Statement - groupStoresList1[i] = storesLabel.get(i).getText(): null

2018-06-18 13:55:39 - [TEST_STEP][PASSED] - Statement - groupStoresList1[i] = storesLabel.get(i).getText(): null

2018-06-18 13:55:40 - [TEST_STEP][PASSED] - Statement - groupStoresList1[i] = storesLabel.get(i).getText(): null

2018-06-18 13:55:40 - [TEST_STEP][PASSED] - Statement - groupStoresList1[i] = storesLabel.get(i).getText(): null

2018-06-18 13:55:40 - [TEST_STEP][PASSED] - Statement - groupStoresList1[i] = storesLabel.get(i).getText(): null

2018-06-18 13:55:40 - [TEST_STEP][PASSED] - Statement - groupStoresList1[i] = storesLabel.get(i).getText(): null

2018-06-18 13:55:40 - [TEST_STEP][PASSED] - Statement - groupStoresList1[i] = storesLabel.get(i).getText(): null

2018-06-18 13:55:40 - [TEST_STEP][PASSED] - Statement - groupStoresList1[i] = storesLabel.get(i).getText(): null

2018-06-18 13:55:40 - [TEST_STEP][PASSED] - Statement - groupStoresList1[i] = storesLabel.get(i).getText(): null

2018-06-18 13:55:40 - [TEST_STEP][PASSED] - Statement - groupStoresList1[i] = storesLabel.get(i).getText(): null

2018-06-18 13:55:40 - [TEST_STEP][PASSED] - Statement - groupStoresList1[i] = storesLabel.get(i).getText(): null

2018-06-18 13:55:40 - [TEST_STEP][PASSED] - Statement - groupStoresList1[i] = storesLabel.get(i).getText(): null

2018-06-18 13:55:40 - [TEST_STEP][PASSED] - Statement - groupStoresList1[i] = storesLabel.get(i).getText(): null

2018-06-18 13:55:40 - [TEST_STEP][PASSED] - Statement - groupStoresList1[i] = storesLabel.get(i).getText(): null

2018-06-18 13:55:40 - [TEST_STEP][PASSED] - Statement - groupStoresList1[i] = storesLabel.get(i).getText(): null

2018-06-18 13:55:40 - [TEST_STEP][PASSED] - Statement - groupStoresList1[i] = storesLabel.get(i).getText(): null

2018-06-18 13:55:40 - [TEST_STEP][PASSED] - Statement - groupStoresList1[i] = storesLabel.get(i).getText(): null

2018-06-18 13:55:40 - [TEST_STEP][PASSED] - Statement - groupStoresList1[i] = storesLabel.get(i).getText(): null

2018-06-18 13:55:40 - [TEST_STEP][PASSED] - Statement - groupStoresList1[i] = storesLabel.get(i).getText(): null

2018-06-18 13:55:40 - [TEST_STEP][PASSED] - Statement - groupStoresList1[i] = storesLabel.get(i).getText(): null

2018-06-18 13:55:40 - [TEST_STEP][PASSED] - Statement - groupStoresList1[i] = storesLabel.get(i).getText(): null

2018-06-18 13:55:40 - [TEST_STEP][PASSED] - Statement - groupStoresList1[i] = storesLabel.get(i).getText(): null

2018-06-18 13:55:40 - [TEST_STEP][PASSED] - Statement - groupStoresList1[i] = storesLabel.get(i).getText(): null

2018-06-18 13:55:40 - [TEST_STEP][PASSED] - Statement - groupStoresList1[i] = storesLabel.get(i).getText(): null

2018-06-18 13:55:40 - [TEST_STEP][PASSED] - Statement - groupStoresList1[i] = storesLabel.get(i).getText(): null

2018-06-18 13:55:40 - [TEST_STEP][PASSED] - Statement - groupStoresList1[i] = storesLabel.get(i).getText(): null

2018-06-18 13:55:40 - [TEST_STEP][PASSED] - Statement - groupStoresList1[i] = storesLabel.get(i).getText(): null

2018-06-18 13:55:40 - [TEST_STEP][PASSED] - Statement - groupStoresList1[i] = storesLabel.get(i).getText(): null

2018-06-18 13:55:40 - [TEST_STEP][PASSED] - Statement - groupStoresList1[i] = storesLabel.get(i).getText(): null

2018-06-18 13:55:40 - [TEST_STEP][PASSED] - Statement - groupStoresList1[i] = storesLabel.get(i).getText(): null

2018-06-18 13:55:40 - [TEST_STEP][PASSED] - Statement - groupStoresList1[i] = storesLabel.get(i).getText(): null

2018-06-18 13:55:40 - [TEST_STEP][PASSED] - Statement - groupStoresList1[i] = storesLabel.get(i).getText(): null

2018-06-18 13:55:40 - [TEST_STEP][PASSED] - Statement - groupStoresList1[i] = storesLabel.get(i).getText(): null

2018-06-18 13:55:40 - [TEST_STEP][PASSED] - Statement - groupStoresList1[i] = storesLabel.get(i).getText(): null

2018-06-18 13:55:40 - [TEST_STEP][PASSED] - Statement - groupStoresList1[i] = storesLabel.get(i).getText(): null

2018-06-18 13:55:40 - [TEST_STEP][PASSED] - Statement - groupStoresList1[i] = storesLabel.get(i).getText(): null

2018-06-18 13:55:40 - [TEST_STEP][PASSED] - Statement - groupStoresList1[i] = storesLabel.get(i).getText(): null

2018-06-18 13:55:40 - [TEST_STEP][PASSED] - Statement - groupStoresList1[i] = storesLabel.get(i).getText(): null

2018-06-18 13:55:40 - [TEST_STEP][PASSED] - Statement - groupStoresList1[i] = storesLabel.get(i).getText(): null

2018-06-18 13:55:40 - [TEST_STEP][PASSED] - Statement - groupStoresList1[i] = storesLabel.get(i).getText(): null

2018-06-18 13:55:40 - [TEST_STEP][PASSED] - Statement - groupStoresList1[i] = storesLabel.get(i).getText(): null

2018-06-18 13:55:40 - [TEST_STEP][PASSED] - Statement - groupStoresList1[i] = storesLabel.get(i).getText(): null

2018-06-18 13:55:40 - [TEST_STEP][PASSED] - Statement - groupStoresList1[i] = storesLabel.get(i).getText(): null

2018-06-18 13:55:40 - [TEST_STEP][PASSED] - Statement - groupStoresList1[i] = storesLabel.get(i).getText(): null

2018-06-18 13:55:40 - [TEST_STEP][PASSED] - Statement - groupStoresList1[i] = storesLabel.get(i).getText(): null

2018-06-18 13:55:40 - [TEST_STEP][PASSED] - Statement - groupStoresList1[i] = storesLabel.get(i).getText(): null

2018-06-18 13:55:40 - [TEST_STEP][PASSED] - Statement - groupStoresList1[i] = storesLabel.get(i).getText(): null

2018-06-18 13:55:40 - [TEST_STEP][PASSED] - Statement - groupStoresList1[i] = storesLabel.get(i).getText(): null

2018-06-18 13:55:40 - [TEST_STEP][PASSED] - Statement - groupStoresList1[i] = storesLabel.get(i).getText(): null

2018-06-18 13:55:40 - [TEST_STEP][PASSED] - Statement - groupStoresList1[i] = storesLabel.get(i).getText(): null

2018-06-18 13:55:40 - [TEST_STEP][PASSED] - Statement - groupStoresList1[i] = storesLabel.get(i).getText(): null

2018-06-18 13:55:40 - [TEST_STEP][PASSED] - Statement - groupStoresList1[i] = storesLabel.get(i).getText(): null

2018-06-18 13:55:40 - [TEST_STEP][PASSED] - Statement - groupStoresList1[i] = storesLabel.get(i).getText(): null

2018-06-18 13:55:40 - [TEST_STEP][PASSED] - Statement - groupStoresList1[i] = storesLabel.get(i).getText(): null

2018-06-18 13:55:40 - [TEST_STEP][PASSED] - Statement - groupStoresList1[i] = storesLabel.get(i).getText(): null

2018-06-18 13:55:40 - [TEST_STEP][PASSED] - Statement - groupStoresList1[i] = storesLabel.get(i).getText(): null

2018-06-18 13:55:40 - [TEST_STEP][PASSED] - Statement - groupStoresList1[i] = storesLabel.get(i).getText(): null

2018-06-18 13:55:40 - [TEST_STEP][PASSED] - Statement - groupStoresList1[i] = storesLabel.get(i).getText(): null

2018-06-18 13:55:40 - [TEST_STEP][PASSED] - Statement - groupStoresList1[i] = storesLabel.get(i).getText(): null

2018-06-18 13:55:40 - [TEST_STEP][PASSED] - Statement - groupStoresList1[i] = storesLabel.get(i).getText(): null

2018-06-18 13:55:40 - [TEST_STEP][PASSED] - Statement - groupStoresList1[i] = storesLabel.get(i).getText(): null

2018-06-18 13:55:40 - [TEST_STEP][PASSED] - Statement - groupStoresList1[i] = storesLabel.get(i).getText(): null

2018-06-18 13:55:40 - [TEST_STEP][PASSED] - Statement - groupStoresList1[i] = storesLabel.get(i).getText(): null

2018-06-18 13:55:40 - [TEST_STEP][PASSED] - Statement - groupStoresList1[i] = storesLabel.get(i).getText(): null

2018-06-18 13:55:40 - [TEST_STEP][PASSED] - Statement - groupStoresList1[i] = storesLabel.get(i).getText(): null

2018-06-18 13:55:40 - [TEST_STEP][PASSED] - Statement - groupStoresList1[i] = storesLabel.get(i).getText(): null

2018-06-18 13:55:40 - [TEST_STEP][PASSED] - Statement - groupStoresList1[i] = storesLabel.get(i).getText(): null

2018-06-18 13:55:40 - [TEST_STEP][PASSED] - Statement - groupStoresList1[i] = storesLabel.get(i).getText(): null

2018-06-18 13:55:40 - [TEST_STEP][PASSED] - Statement - groupStoresList1[i] = storesLabel.get(i).getText(): null

2018-06-18 13:55:40 - [TEST_STEP][PASSED] - Statement - out.println(groupStoresList): null

2018-06-18 13:55:40 - [TEST_STEP][PASSED] - uiaction.CommonUIActions.click: uiaction.CommonUIActions.click is PASSED

2018-06-18 13:55:40 - [MESSAGE][PASSED] - uiaction.CommonUIActions.click is PASSED

2018-06-18 13:55:40 - [TEST_STEP][PASSED] - delay: Delayed 5 second(s)

2018-06-18 13:55:45 - [MESSAGE][PASSED] - Delayed 5 second(s)

2018-06-18 13:55:45 - [TEST_STEP][PASSED] - Statement - secondStoreListBox1 = driver.findElements(org.openqa.selenium.By.xpath(com.kms.katalon.core.testdata.TestDataFactory.findTestData(OR_file).getValue(2, 11))): Reading excel file with source file 'C:\Users\shalinin\Katalon Studio\HME_Scripts\Data Files\HME_OR.xlsx' and sheet name 'Sheet1'

2018-06-18 13:55:45 - [TEST_STEP][PASSED] - Statement - actualList1 = new java.util.ArrayList(): null

2018-06-18 13:55:45 - [TEST_STEP][PASSED] - Statement - For ([i = 0, i < secondStoreListBox1.size(), (i++)]): null

2018-06-18 13:55:45 - [TEST_STEP][PASSED] - Statement - actualList1.add(i, secondStoreListBox1.get(i).getText()): null

2018-06-18 13:55:45 - [TEST_STEP][PASSED] - Statement - actualList1.add(i, secondStoreListBox1.get(i).getText()): null

2018-06-18 13:55:45 - [TEST_STEP][PASSED] - Statement - actualList1.add(i, secondStoreListBox1.get(i).getText()): null

2018-06-18 13:55:45 - [TEST_STEP][PASSED] - Statement - actualList1.add(i, secondStoreListBox1.get(i).getText()): null

2018-06-18 13:55:45 - [TEST_STEP][PASSED] - Statement - actualList1.add(i, secondStoreListBox1.get(i).getText()): null

2018-06-18 13:55:45 - [TEST_STEP][PASSED] - Statement - actualList1.add(i, secondStoreListBox1.get(i).getText()): null

2018-06-18 13:55:45 - [TEST_STEP][PASSED] - Statement - actualList1.add(i, secondStoreListBox1.get(i).getText()): null

2018-06-18 13:55:46 - [TEST_STEP][PASSED] - Statement - actualList1.add(i, secondStoreListBox1.get(i).getText()): null

2018-06-18 13:55:46 - [TEST_STEP][PASSED] - Statement - actualList1.add(i, secondStoreListBox1.get(i).getText()): null

2018-06-18 13:55:46 - [TEST_STEP][PASSED] - Statement - actualList1.add(i, secondStoreListBox1.get(i).getText()): null

2018-06-18 13:55:46 - [TEST_STEP][PASSED] - Statement - actualList1.add(i, secondStoreListBox1.get(i).getText()): null

2018-06-18 13:55:46 - [TEST_STEP][PASSED] - Statement - actualList1.add(i, secondStoreListBox1.get(i).getText()): null

2018-06-18 13:55:46 - [TEST_STEP][PASSED] - Statement - actualList1.add(i, secondStoreListBox1.get(i).getText()): null

2018-06-18 13:55:46 - [TEST_STEP][PASSED] - Statement - actualList1.add(i, secondStoreListBox1.get(i).getText()): null

2018-06-18 13:55:46 - [TEST_STEP][PASSED] - Statement - actualList1.add(i, secondStoreListBox1.get(i).getText()): null

2018-06-18 13:55:46 - [TEST_STEP][PASSED] - Statement - actualList1.add(i, secondStoreListBox1.get(i).getText()): null

2018-06-18 13:55:46 - [TEST_STEP][PASSED] - Statement - actualList1.add(i, secondStoreListBox1.get(i).getText()): null

2018-06-18 13:55:46 - [TEST_STEP][PASSED] - Statement - actualList1.add(i, secondStoreListBox1.get(i).getText()): null

2018-06-18 13:55:46 - [TEST_STEP][PASSED] - Statement - actualList1.add(i, secondStoreListBox1.get(i).getText()): null

2018-06-18 13:55:46 - [TEST_STEP][PASSED] - Statement - actualList1.add(i, secondStoreListBox1.get(i).getText()): null

2018-06-18 13:55:46 - [TEST_STEP][PASSED] - Statement - actualList1.add(i, secondStoreListBox1.get(i).getText()): null

2018-06-18 13:55:46 - [TEST_STEP][PASSED] - Statement - actualList1.add(i, secondStoreListBox1.get(i).getText()): null

2018-06-18 13:55:46 - [TEST_STEP][PASSED] - Statement - actualList1.add(i, secondStoreListBox1.get(i).getText()): null

2018-06-18 13:55:46 - [TEST_STEP][PASSED] - Statement - actualList1.add(i, secondStoreListBox1.get(i).getText()): null

2018-06-18 13:55:46 - [TEST_STEP][PASSED] - Statement - actualList1.add(i, secondStoreListBox1.get(i).getText()): null

2018-06-18 13:55:46 - [TEST_STEP][PASSED] - Statement - actualList1.add(i, secondStoreListBox1.get(i).getText()): null

2018-06-18 13:55:46 - [TEST_STEP][PASSED] - Statement - actualList1.add(i, secondStoreListBox1.get(i).getText()): null

2018-06-18 13:55:46 - [TEST_STEP][PASSED] - Statement - actualList1.add(i, secondStoreListBox1.get(i).getText()): null

2018-06-18 13:55:46 - [TEST_STEP][PASSED] - Statement - actualList1.add(i, secondStoreListBox1.get(i).getText()): null

2018-06-18 13:55:46 - [TEST_STEP][PASSED] - Statement - actualList1.add(i, secondStoreListBox1.get(i).getText()): null

2018-06-18 13:55:46 - [TEST_STEP][PASSED] - Statement - actualList1.add(i, secondStoreListBox1.get(i).getText()): null

2018-06-18 13:55:46 - [TEST_STEP][PASSED] - Statement - actualList1.add(i, secondStoreListBox1.get(i).getText()): null

2018-06-18 13:55:46 - [TEST_STEP][PASSED] - Statement - actualList1.add(i, secondStoreListBox1.get(i).getText()): null

2018-06-18 13:55:46 - [TEST_STEP][PASSED] - Statement - actualList1.add(i, secondStoreListBox1.get(i).getText()): null

2018-06-18 13:55:46 - [TEST_STEP][PASSED] - Statement - actualList1.add(i, secondStoreListBox1.get(i).getText()): null

2018-06-18 13:55:46 - [TEST_STEP][PASSED] - Statement - actualList1.add(i, secondStoreListBox1.get(i).getText()): null

2018-06-18 13:55:46 - [TEST_STEP][PASSED] - Statement - actualList1.add(i, secondStoreListBox1.get(i).getText()): null

2018-06-18 13:55:46 - [TEST_STEP][PASSED] - Statement - actualList1.add(i, secondStoreListBox1.get(i).getText()): null

2018-06-18 13:55:46 - [TEST_STEP][PASSED] - Statement - actualList1.add(i, secondStoreListBox1.get(i).getText()): null

2018-06-18 13:55:46 - [TEST_STEP][PASSED] - Statement - actualList1.add(i, secondStoreListBox1.get(i).getText()): null

2018-06-18 13:55:46 - [TEST_STEP][PASSED] - Statement - actualList1.add(i, secondStoreListBox1.get(i).getText()): null

2018-06-18 13:55:46 - [TEST_STEP][PASSED] - Statement - actualList1.add(i, secondStoreListBox1.get(i).getText()): null

2018-06-18 13:55:46 - [TEST_STEP][PASSED] - Statement - actualList1.add(i, secondStoreListBox1.get(i).getText()): null

2018-06-18 13:55:46 - [TEST_STEP][PASSED] - Statement - actualList1.add(i, secondStoreListBox1.get(i).getText()): null

2018-06-18 13:55:46 - [TEST_STEP][PASSED] - Statement - actualList1.add(i, secondStoreListBox1.get(i).getText()): null

2018-06-18 13:55:46 - [TEST_STEP][PASSED] - Statement - actualList1.add(i, secondStoreListBox1.get(i).getText()): null

2018-06-18 13:55:46 - [TEST_STEP][PASSED] - Statement - actualList1.add(i, secondStoreListBox1.get(i).getText()): null

2018-06-18 13:55:46 - [TEST_STEP][PASSED] - Statement - actualList1.add(i, secondStoreListBox1.get(i).getText()): null

2018-06-18 13:55:46 - [TEST_STEP][PASSED] - Statement - actualList1.add(i, secondStoreListBox1.get(i).getText()): null

2018-06-18 13:55:46 - [TEST_STEP][PASSED] - Statement - actualList1.add(i, secondStoreListBox1.get(i).getText()): null

2018-06-18 13:55:46 - [TEST_STEP][PASSED] - Statement - actualList1.add(i, secondStoreListBox1.get(i).getText()): null

2018-06-18 13:55:46 - [TEST_STEP][PASSED] - Statement - actualList1.add(i, secondStoreListBox1.get(i).getText()): null

2018-06-18 13:55:46 - [TEST_STEP][PASSED] - Statement - actualList1.add(i, secondStoreListBox1.get(i).getText()): null

2018-06-18 13:55:46 - [TEST_STEP][PASSED] - Statement - actualList1.add(i, secondStoreListBox1.get(i).getText()): null

2018-06-18 13:55:46 - [TEST_STEP][PASSED] - Statement - actualList1.add(i, secondStoreListBox1.get(i).getText()): null

2018-06-18 13:55:46 - [TEST_STEP][PASSED] - Statement - actualList1.add(i, secondStoreListBox1.get(i).getText()): null

2018-06-18 13:55:46 - [TEST_STEP][PASSED] - Statement - actualList1.add(i, secondStoreListBox1.get(i).getText()): null

2018-06-18 13:55:46 - [TEST_STEP][PASSED] - Statement - actualList1.add(i, secondStoreListBox1.get(i).getText()): null

2018-06-18 13:55:46 - [TEST_STEP][PASSED] - Statement - actualList1.add(i, secondStoreListBox1.get(i).getText()): null

2018-06-18 13:55:46 - [TEST_STEP][PASSED] - Statement - actualList1.add(i, secondStoreListBox1.get(i).getText()): null

2018-06-18 13:55:46 - [TEST_STEP][PASSED] - Statement - actualList1.add(i, secondStoreListBox1.get(i).getText()): null

2018-06-18 13:55:46 - [TEST_STEP][PASSED] - Statement - actualList1.add(i, secondStoreListBox1.get(i).getText()): null

2018-06-18 13:55:46 - [TEST_STEP][PASSED] - Statement - actualList1.add(i, secondStoreListBox1.get(i).getText()): null

2018-06-18 13:55:46 - [TEST_STEP][PASSED] - Statement - actualList1.add(i, secondStoreListBox1.get(i).getText()): null

2018-06-18 13:55:46 - [TEST_STEP][PASSED] - Statement - actualList1.add(i, secondStoreListBox1.get(i).getText()): null

2018-06-18 13:55:47 - [TEST_STEP][PASSED] - Statement - actualList1.add(i, secondStoreListBox1.get(i).getText()): null

2018-06-18 13:55:47 - [TEST_STEP][PASSED] - Statement - actualList1.add(i, secondStoreListBox1.get(i).getText()): null

2018-06-18 13:55:47 - [TEST_STEP][PASSED] - Statement - actualList1.add(i, secondStoreListBox1.get(i).getText()): null

2018-06-18 13:55:47 - [TEST_STEP][PASSED] - Statement - actualList1.add(i, secondStoreListBox1.get(i).getText()): null

2018-06-18 13:55:47 - [TEST_STEP][PASSED] - Statement - actualList1.add(i, secondStoreListBox1.get(i).getText()): null

2018-06-18 13:55:47 - [TEST_STEP][PASSED] - Statement - actualList1.add(i, secondStoreListBox1.get(i).getText()): null

2018-06-18 13:55:47 - [TEST_STEP][PASSED] - Statement - actualList1.add(i, secondStoreListBox1.get(i).getText()): null

2018-06-18 13:55:47 - [TEST_STEP][PASSED] - Statement - actualList1.add(i, secondStoreListBox1.get(i).getText()): null

2018-06-18 13:55:47 - [TEST_STEP][PASSED] - Statement - actualList1.add(i, secondStoreListBox1.get(i).getText()): null

2018-06-18 13:55:47 - [TEST_STEP][PASSED] - Statement - actualList1.add(i, secondStoreListBox1.get(i).getText()): null

2018-06-18 13:55:47 - [TEST_STEP][PASSED] - Statement - actualList1.add(i, secondStoreListBox1.get(i).getText()): null

2018-06-18 13:55:47 - [TEST_STEP][PASSED] - Statement - actualList1.add(i, secondStoreListBox1.get(i).getText()): null

2018-06-18 13:55:47 - [TEST_STEP][PASSED] - Statement - actualList1.add(i, secondStoreListBox1.get(i).getText()): null

2018-06-18 13:55:47 - [TEST_STEP][PASSED] - Statement - actualList1.add(i, secondStoreListBox1.get(i).getText()): null

2018-06-18 13:55:47 - [TEST_STEP][PASSED] - Statement - actualList1.add(i, secondStoreListBox1.get(i).getText()): null

2018-06-18 13:55:47 - [TEST_STEP][PASSED] - Statement - actualList1.add(i, secondStoreListBox1.get(i).getText()): null

2018-06-18 13:55:47 - [TEST_STEP][PASSED] - Statement - actualList1.add(i, secondStoreListBox1.get(i).getText()): null

2018-06-18 13:55:47 - [TEST_STEP][PASSED] - Statement - actualList1.add(i, secondStoreListBox1.get(i).getText()): null

2018-06-18 13:55:47 - [TEST_STEP][PASSED] - Statement - actualList1.add(i, secondStoreListBox1.get(i).getText()): null

2018-06-18 13:55:47 - [TEST_STEP][PASSED] - Statement - actualList1.add(i, secondStoreListBox1.get(i).getText()): null

2018-06-18 13:55:47 - [TEST_STEP][PASSED] - Statement - actualList1.add(i, secondStoreListBox1.get(i).getText()): null

2018-06-18 13:55:47 - [TEST_STEP][PASSED] - Statement - actualList1.add(i, secondStoreListBox1.get(i).getText()): null

2018-06-18 13:55:47 - [TEST_STEP][PASSED] - Statement - actualList1.add(i, secondStoreListBox1.get(i).getText()): null

2018-06-18 13:55:47 - [TEST_STEP][PASSED] - Statement - actualList1.add(i, secondStoreListBox1.get(i).getText()): null

2018-06-18 13:55:47 - [TEST_STEP][PASSED] - Statement - actualList1.add(i, secondStoreListBox1.get(i).getText()): null

2018-06-18 13:55:47 - [TEST_STEP][PASSED] - Statement - actualList1.add(i, secondStoreListBox1.get(i).getText()): null

2018-06-18 13:55:47 - [TEST_STEP][PASSED] - Statement - actualList1.add(i, secondStoreListBox1.get(i).getText()): null

2018-06-18 13:55:47 - [TEST_STEP][PASSED] - Statement - actualList1.add(i, secondStoreListBox1.get(i).getText()): null

2018-06-18 13:55:47 - [TEST_STEP][PASSED] - Statement - actualList1.add(i, secondStoreListBox1.get(i).getText()): null

2018-06-18 13:55:47 - [TEST_STEP][PASSED] - Statement - actualList1.add(i, secondStoreListBox1.get(i).getText()): null

2018-06-18 13:55:47 - [TEST_STEP][PASSED] - Statement - actualList1.add(i, secondStoreListBox1.get(i).getText()): null

2018-06-18 13:55:47 - [TEST_STEP][PASSED] - Statement - actualList1.add(i, secondStoreListBox1.get(i).getText()): null

2018-06-18 13:55:47 - [TEST_STEP][PASSED] - Statement - actualList1.add(i, secondStoreListBox1.get(i).getText()): null

2018-06-18 13:55:47 - [TEST_STEP][PASSED] - Statement - actualList1.add(i, secondStoreListBox1.get(i).getText()): null

2018-06-18 13:55:47 - [TEST_STEP][PASSED] - Statement - actualList1.add(i, secondStoreListBox1.get(i).getText()): null

2018-06-18 13:55:47 - [TEST_STEP][PASSED] - Statement - actualList1.add(i, secondStoreListBox1.get(i).getText()): null

2018-06-18 13:55:47 - [TEST_STEP][PASSED] - Statement - actualList1.add(i, secondStoreListBox1.get(i).getText()): null

2018-06-18 13:55:47 - [TEST_STEP][PASSED] - Statement - actualList1.add(i, secondStoreListBox1.get(i).getText()): null

2018-06-18 13:55:47 - [TEST_STEP][PASSED] - Statement - actualList1.add(i, secondStoreListBox1.get(i).getText()): null

2018-06-18 13:55:47 - [TEST_STEP][PASSED] - Statement - actualList1.add(i, secondStoreListBox1.get(i).getText()): null

2018-06-18 13:55:47 - [TEST_STEP][PASSED] - Statement - actualList1.add(i, secondStoreListBox1.get(i).getText()): null

2018-06-18 13:55:47 - [TEST_STEP][PASSED] - Statement - actualList1.add(i, secondStoreListBox1.get(i).getText()): null

2018-06-18 13:55:47 - [TEST_STEP][PASSED] - Statement - actualList1.add(i, secondStoreListBox1.get(i).getText()): null

2018-06-18 13:55:47 - [TEST_STEP][PASSED] - Statement - actualList1.add(i, secondStoreListBox1.get(i).getText()): null

2018-06-18 13:55:47 - [TEST_STEP][PASSED] - Statement - actualList1.add(i, secondStoreListBox1.get(i).getText()): null

2018-06-18 13:55:47 - [TEST_STEP][PASSED] - Statement - actualList1.add(i, secondStoreListBox1.get(i).getText()): null

2018-06-18 13:55:47 - [TEST_STEP][PASSED] - Statement - actualList1.add(i, secondStoreListBox1.get(i).getText()): null

2018-06-18 13:55:47 - [TEST_STEP][PASSED] - Statement - actualList1.add(i, secondStoreListBox1.get(i).getText()): null

2018-06-18 13:55:47 - [TEST_STEP][PASSED] - Statement - actualList1.add(i, secondStoreListBox1.get(i).getText()): null

2018-06-18 13:55:47 - [TEST_STEP][PASSED] - Statement - actualList1.add(i, secondStoreListBox1.get(i).getText()): null

2018-06-18 13:55:47 - [TEST_STEP][PASSED] - Statement - actualList1.add(i, secondStoreListBox1.get(i).getText()): null

2018-06-18 13:55:47 - [TEST_STEP][PASSED] - Statement - actualList1.add(i, secondStoreListBox1.get(i).getText()): null

2018-06-18 13:55:47 - [TEST_STEP][PASSED] - Statement - actualList1.add(i, secondStoreListBox1.get(i).getText()): null

2018-06-18 13:55:47 - [TEST_STEP][PASSED] - Statement - actualList1.add(i, secondStoreListBox1.get(i).getText()): null

2018-06-18 13:55:47 - [TEST_STEP][PASSED] - Statement - actualList1.add(i, secondStoreListBox1.get(i).getText()): null

2018-06-18 13:55:47 - [TEST_STEP][PASSED] - Statement - actualList1.add(i, secondStoreListBox1.get(i).getText()): null

2018-06-18 13:55:48 - [TEST_STEP][PASSED] - Statement - actualList1.add(i, secondStoreListBox1.get(i).getText()): null

2018-06-18 13:55:48 - [TEST_STEP][PASSED] - Statement - actualList1.add(i, secondStoreListBox1.get(i).getText()): null

2018-06-18 13:55:48 - [TEST_STEP][PASSED] - Statement - actualList1.add(i, secondStoreListBox1.get(i).getText()): null

2018-06-18 13:55:48 - [TEST_STEP][PASSED] - Statement - actualList1.add(i, secondStoreListBox1.get(i).getText()): null

2018-06-18 13:55:48 - [TEST_STEP][PASSED] - Statement - actualList1.add(i, secondStoreListBox1.get(i).getText()): null

2018-06-18 13:55:48 - [TEST_STEP][PASSED] - Statement - actualList1.add(i, secondStoreListBox1.get(i).getText()): null

2018-06-18 13:55:48 - [TEST_STEP][PASSED] - Statement - actualList1.add(i, secondStoreListBox1.get(i).getText()): null

2018-06-18 13:55:48 - [TEST_STEP][PASSED] - Statement - actualList1.add(i, secondStoreListBox1.get(i).getText()): null

2018-06-18 13:55:48 - [TEST_STEP][PASSED] - Statement - actualList1.add(i, secondStoreListBox1.get(i).getText()): null

2018-06-18 13:55:48 - [TEST_STEP][PASSED] - Statement - actualList1.add(i, secondStoreListBox1.get(i).getText()): null

2018-06-18 13:55:48 - [TEST_STEP][PASSED] - Statement - actualList1.add(i, secondStoreListBox1.get(i).getText()): null

2018-06-18 13:55:48 - [TEST_STEP][PASSED] - Statement - actualList1.add(i, secondStoreListBox1.get(i).getText()): null

2018-06-18 13:55:48 - [TEST_STEP][PASSED] - Statement - actualList1.add(i, secondStoreListBox1.get(i).getText()): null

2018-06-18 13:55:48 - [TEST_STEP][PASSED] - Statement - actualList1.add(i, secondStoreListBox1.get(i).getText()): null

2018-06-18 13:55:48 - [TEST_STEP][PASSED] - Statement - actualList1.add(i, secondStoreListBox1.get(i).getText()): null

2018-06-18 13:55:48 - [TEST_STEP][PASSED] - Statement - actualList1.add(i, secondStoreListBox1.get(i).getText()): null

2018-06-18 13:55:48 - [TEST_STEP][PASSED] - Statement - actualList1.add(i, secondStoreListBox1.get(i).getText()): null

2018-06-18 13:55:48 - [TEST_STEP][PASSED] - Statement - actualList1.add(i, secondStoreListBox1.get(i).getText()): null

2018-06-18 13:55:48 - [TEST_STEP][PASSED] - Statement - actualList1.add(i, secondStoreListBox1.get(i).getText()): null

2018-06-18 13:55:48 - [TEST_STEP][PASSED] - Statement - actualList1.add(i, secondStoreListBox1.get(i).getText()): null

2018-06-18 13:55:48 - [TEST_STEP][PASSED] - Statement - actualList1.add(i, secondStoreListBox1.get(i).getText()): null

2018-06-18 13:55:48 - [TEST_STEP][PASSED] - Statement - actualList1.add(i, secondStoreListBox1.get(i).getText()): null

2018-06-18 13:55:48 - [TEST_STEP][PASSED] - Statement - actualList1.add(i, secondStoreListBox1.get(i).getText()): null

2018-06-18 13:55:48 - [TEST_STEP][PASSED] - Statement - actualList1.add(i, secondStoreListBox1.get(i).getText()): null

2018-06-18 13:55:48 - [TEST_STEP][PASSED] - Statement - actualList1.add(i, secondStoreListBox1.get(i).getText()): null

2018-06-18 13:55:48 - [TEST_STEP][PASSED] - Statement - actualList1.add(i, secondStoreListBox1.get(i).getText()): null

2018-06-18 13:55:48 - [TEST_STEP][PASSED] - Statement - actualList1.add(i, secondStoreListBox1.get(i).getText()): null

2018-06-18 13:55:48 - [TEST_STEP][PASSED] - Statement - actualList1.add(i, secondStoreListBox1.get(i).getText()): null

2018-06-18 13:55:48 - [TEST_STEP][PASSED] - Statement - actualList1.add(i, secondStoreListBox1.get(i).getText()): null

2018-06-18 13:55:48 - [TEST_STEP][PASSED] - Statement - actualList1.add(i, secondStoreListBox1.get(i).getText()): null

2018-06-18 13:55:48 - [TEST_STEP][PASSED] - Statement - actualList1.add(i, secondStoreListBox1.get(i).getText()): null

2018-06-18 13:55:48 - [TEST_STEP][PASSED] - Statement - actualList1.add(i, secondStoreListBox1.get(i).getText()): null

2018-06-18 13:55:48 - [TEST_STEP][PASSED] - Statement - actualList1.add(i, secondStoreListBox1.get(i).getText()): null

2018-06-18 13:55:48 - [TEST_STEP][PASSED] - Statement - actualList1.add(i, secondStoreListBox1.get(i).getText()): null

2018-06-18 13:55:48 - [TEST_STEP][PASSED] - Statement - actualList1.add(i, secondStoreListBox1.get(i).getText()): null

2018-06-18 13:55:48 - [TEST_STEP][PASSED] - Statement - actualList1.add(i, secondStoreListBox1.get(i).getText()): null

2018-06-18 13:55:48 - [TEST_STEP][PASSED] - Statement - actualList1.add(i, secondStoreListBox1.get(i).getText()): null

2018-06-18 13:55:48 - [TEST_STEP][PASSED] - Statement - actualList1.add(i, secondStoreListBox1.get(i).getText()): null

2018-06-18 13:55:48 - [TEST_STEP][PASSED] - Statement - actualList1.add(i, secondStoreListBox1.get(i).getText()): null

2018-06-18 13:55:48 - [TEST_STEP][PASSED] - Statement - actualList1.add(i, secondStoreListBox1.get(i).getText()): null

2018-06-18 13:55:48 - [TEST_STEP][PASSED] - Statement - actualList1.add(i, secondStoreListBox1.get(i).getText()): null

2018-06-18 13:55:48 - [TEST_STEP][PASSED] - Statement - actualList1.add(i, secondStoreListBox1.get(i).getText()): null

2018-06-18 13:55:48 - [TEST_STEP][PASSED] - Statement - actualList1.add(i, secondStoreListBox1.get(i).getText()): null

2018-06-18 13:55:48 - [TEST_STEP][PASSED] - Statement - actualList1.add(i, secondStoreListBox1.get(i).getText()): null

2018-06-18 13:55:48 - [TEST_STEP][PASSED] - Statement - actualList1.add(i, secondStoreListBox1.get(i).getText()): null

2018-06-18 13:55:48 - [TEST_STEP][PASSED] - Statement - actualList1.add(i, secondStoreListBox1.get(i).getText()): null

2018-06-18 13:55:48 - [TEST_STEP][PASSED] - Statement - actualList1.add(i, secondStoreListBox1.get(i).getText()): null

2018-06-18 13:55:48 - [TEST_STEP][PASSED] - Statement - actualList1.add(i, secondStoreListBox1.get(i).getText()): null

2018-06-18 13:55:48 - [TEST_STEP][PASSED] - Statement - actualList1.add(i, secondStoreListBox1.get(i).getText()): null

2018-06-18 13:55:48 - [TEST_STEP][PASSED] - Statement - actualList1.add(i, secondStoreListBox1.get(i).getText()): null

2018-06-18 13:55:48 - [TEST_STEP][PASSED] - Statement - actualList1.add(i, secondStoreListBox1.get(i).getText()): null

2018-06-18 13:55:48 - [TEST_STEP][PASSED] - Statement - actualList1.add(i, secondStoreListBox1.get(i).getText()): null

2018-06-18 13:55:48 - [TEST_STEP][PASSED] - Statement - actualList1.add(i, secondStoreListBox1.get(i).getText()): null

2018-06-18 13:55:48 - [TEST_STEP][PASSED] - Statement - actualList1.add(i, secondStoreListBox1.get(i).getText()): null

2018-06-18 13:55:48 - [TEST_STEP][PASSED] - Statement - actualList1.add(i, secondStoreListBox1.get(i).getText()): null

2018-06-18 13:55:48 - [TEST_STEP][PASSED] - Statement - actualList1.add(i, secondStoreListBox1.get(i).getText()): null

2018-06-18 13:55:49 - [TEST_STEP][PASSED] - Statement - actualList1.add(i, secondStoreListBox1.get(i).getText()): null

2018-06-18 13:55:49 - [TEST_STEP][PASSED] - Statement - actualList1.add(i, secondStoreListBox1.get(i).getText()): null

2018-06-18 13:55:49 - [TEST_STEP][PASSED] - Statement - actualList1.add(i, secondStoreListBox1.get(i).getText()): null

2018-06-18 13:55:49 - [TEST_STEP][PASSED] - Statement - actualList1.add(i, secondStoreListBox1.get(i).getText()): null

2018-06-18 13:55:49 - [TEST_STEP][PASSED] - Statement - actualList1.add(i, secondStoreListBox1.get(i).getText()): null

2018-06-18 13:55:49 - [TEST_STEP][PASSED] - Statement - actualList1.add(i, secondStoreListBox1.get(i).getText()): null

2018-06-18 13:55:49 - [TEST_STEP][PASSED] - Statement - actualList1.add(i, secondStoreListBox1.get(i).getText()): null

2018-06-18 13:55:49 - [TEST_STEP][PASSED] - Statement - actualList1.add(i, secondStoreListBox1.get(i).getText()): null

2018-06-18 13:55:49 - [TEST_STEP][PASSED] - Statement - actualList1.add(i, secondStoreListBox1.get(i).getText()): null

2018-06-18 13:55:49 - [TEST_STEP][PASSED] - Statement - actualList1.add(i, secondStoreListBox1.get(i).getText()): null

2018-06-18 13:55:49 - [TEST_STEP][PASSED] - Statement - actualList1.add(i, secondStoreListBox1.get(i).getText()): null

2018-06-18 13:55:49 - [TEST_STEP][PASSED] - Statement - actualList1.add(i, secondStoreListBox1.get(i).getText()): null

2018-06-18 13:55:49 - [TEST_STEP][PASSED] - Statement - actualList1.add(i, secondStoreListBox1.get(i).getText()): null

2018-06-18 13:55:49 - [TEST_STEP][PASSED] - Statement - actualList1.add(i, secondStoreListBox1.get(i).getText()): null

2018-06-18 13:55:49 - [TEST_STEP][PASSED] - Statement - actualList1.add(i, secondStoreListBox1.get(i).getText()): null

2018-06-18 13:55:49 - [TEST_STEP][PASSED] - Statement - actualList1.add(i, secondStoreListBox1.get(i).getText()): null

2018-06-18 13:55:49 - [TEST_STEP][PASSED] - Statement - actualList1.add(i, secondStoreListBox1.get(i).getText()): null

2018-06-18 13:55:49 - [TEST_STEP][PASSED] - Statement - actualList1.add(i, secondStoreListBox1.get(i).getText()): null

2018-06-18 13:55:49 - [TEST_STEP][PASSED] - Statement - actualList1.add(i, secondStoreListBox1.get(i).getText()): null

2018-06-18 13:55:49 - [TEST_STEP][PASSED] - Statement - actualList1.add(i, secondStoreListBox1.get(i).getText()): null

2018-06-18 13:55:49 - [TEST_STEP][PASSED] - Statement - actualList1.add(i, secondStoreListBox1.get(i).getText()): null

2018-06-18 13:55:49 - [TEST_STEP][PASSED] - Statement - actualList1.add(i, secondStoreListBox1.get(i).getText()): null

2018-06-18 13:55:49 - [TEST_STEP][PASSED] - Statement - actualList1.add(i, secondStoreListBox1.get(i).getText()): null

2018-06-18 13:55:49 - [TEST_STEP][PASSED] - Statement - actualList1.add(i, secondStoreListBox1.get(i).getText()): null

2018-06-18 13:55:49 - [TEST_STEP][PASSED] - Statement - actualList1.add(i, secondStoreListBox1.get(i).getText()): null

2018-06-18 13:55:49 - [TEST_STEP][PASSED] - Statement - actualList1.add(i, secondStoreListBox1.get(i).getText()): null

2018-06-18 13:55:49 - [TEST_STEP][PASSED] - Statement - actualList1.add(i, secondStoreListBox1.get(i).getText()): null

2018-06-18 13:55:49 - [TEST_STEP][PASSED] - Statement - actualList1.add(i, secondStoreListBox1.get(i).getText()): null

2018-06-18 13:55:49 - [TEST_STEP][PASSED] - Statement - actualList1.add(i, secondStoreListBox1.get(i).getText()): null

2018-06-18 13:55:49 - [TEST_STEP][PASSED] - Statement - actualList1.add(i, secondStoreListBox1.get(i).getText()): null

2018-06-18 13:55:49 - [TEST_STEP][PASSED] - Statement - actualList1.add(i, secondStoreListBox1.get(i).getText()): null

2018-06-18 13:55:49 - [TEST_STEP][PASSED] - Statement - actualList1.add(i, secondStoreListBox1.get(i).getText()): null

2018-06-18 13:55:49 - [TEST_STEP][PASSED] - Statement - actualList1.add(i, secondStoreListBox1.get(i).getText()): null

2018-06-18 13:55:49 - [TEST_STEP][PASSED] - Statement - actualList1.add(i, secondStoreListBox1.get(i).getText()): null

2018-06-18 13:55:49 - [TEST_STEP][PASSED] - Statement - actualList1.add(i, secondStoreListBox1.get(i).getText()): null

2018-06-18 13:55:49 - [TEST_STEP][PASSED] - Statement - actualList1.add(i, secondStoreListBox1.get(i).getText()): null

2018-06-18 13:55:49 - [TEST_STEP][PASSED] - Statement - actualList1.add(i, secondStoreListBox1.get(i).getText()): null

2018-06-18 13:55:49 - [TEST_STEP][PASSED] - Statement - actualList1.add(i, secondStoreListBox1.get(i).getText()): null

2018-06-18 13:55:49 - [TEST_STEP][PASSED] - Statement - actualList1.add(i, secondStoreListBox1.get(i).getText()): null

2018-06-18 13:55:49 - [TEST_STEP][PASSED] - Statement - actualList1.add(i, secondStoreListBox1.get(i).getText()): null

2018-06-18 13:55:49 - [TEST_STEP][PASSED] - Statement - actualList1.add(i, secondStoreListBox1.get(i).getText()): null

2018-06-18 13:55:49 - [TEST_STEP][PASSED] - Statement - actualList1.add(i, secondStoreListBox1.get(i).getText()): null

2018-06-18 13:55:49 - [TEST_STEP][PASSED] - Statement - actualList1.add(i, secondStoreListBox1.get(i).getText()): null

2018-06-18 13:55:49 - [TEST_STEP][PASSED] - Statement - out.println(actualList1): null

2018-06-18 13:55:49 - [TEST_STEP][PASSED] - delay: Delayed 10 second(s)

2018-06-18 13:55:59 - [MESSAGE][PASSED] - Delayed 10 second(s)

2018-06-18 13:55:59 - [TEST_STEP][PASSED] - Statement - If (actualList1.containsAll(groupStoresList)): null

2018-06-18 13:55:59 - [TEST_STEP][PASSED] - Statement - println("Selected stores are displayed in Group/Stores in Group listbox"): null

2018-06-18 13:55:59 - [TEST_STEP][PASSED] - uiaction.CommonUIActions.click: uiaction.CommonUIActions.click is PASSED

2018-06-18 13:55:59 - [MESSAGE][PASSED] - uiaction.CommonUIActions.click is PASSED

2018-06-18 13:55:59 - [TEST_STEP][PASSED] - verifyElementPresent: Object 'Object Repository/ReportingGroupManagement/groupCreatedMsg' is present

2018-06-18 13:56:01 - [MESSAGE][PASSED] - Object 'Object Repository/ReportingGroupManagement/groupCreatedMsg' is present

2018-06-18 13:56:01 - [TEST_STEP][PASSED] - delay: Delayed 10 second(s)

2018-06-18 13:56:11 - [MESSAGE][PASSED] - Delayed 10 second(s)

2018-06-18 13:56:11 - [TEST_STEP][PASSED] - uiaction.CommonUIActions.back: uiaction.CommonUIActions.back is PASSED

2018-06-18 13:56:11 - [MESSAGE][PASSED] - Navigate back successfully

2018-06-18 13:56:11 - [MESSAGE][PASSED] - uiaction.CommonUIActions.back is PASSED

2018-06-18 13:56:11 - [TEST_STEP][PASSED] - delay: Delayed 5 second(s)

2018-06-18 13:56:16 - [MESSAGE][PASSED] - Delayed 5 second(s)

2018-06-18 13:56:16 - [TEST_STEP][PASSED] - uiaction.CommonUIActions.back: uiaction.CommonUIActions.back is PASSED

2018-06-18 13:56:16 - [MESSAGE][PASSED] - Navigate back successfully

2018-06-18 13:56:16 - [MESSAGE][PASSED] - uiaction.CommonUIActions.back is PASSED

2018-06-18 13:56:16 - [TEST_STEP][PASSED] - delay: Delayed 5 second(s)

2018-06-18 13:56:21 - [MESSAGE][PASSED] - Delayed 5 second(s)

2018-06-18 13:56:21 - [TEST_STEP][PASSED] - Statement - groupHierarchyList = driver.findElements(org.openqa.selenium.By.xpath(com.kms.katalon.core.testdata.TestDataFactory.findTestData(OR_file).getValue(2, 13))): Reading excel file with source file 'C:\Users\shalinin\Katalon Studio\HME_Scripts\Data Files\HME_OR.xlsx' and sheet name 'Sheet1'

2018-06-18 13:56:21 - [TEST_STEP][PASSED] - Statement - actualgroupList = new java.util.ArrayList(): null

2018-06-18 13:56:21 - [TEST_STEP][PASSED] - Statement - For ([i = 0, i < groupHierarchyList.size(), (i++)]): null

2018-06-18 13:56:21 - [TEST_STEP][PASSED] - Statement - actualgroupList.add(i, groupHierarchyList.get(i).getText()): null

2018-06-18 13:56:21 - [TEST_STEP][PASSED] - Statement - out.println(actualgroupList): null

2018-06-18 13:56:21 - [TEST_STEP][PASSED] - delay: Delayed 5 second(s)

2018-06-18 13:56:26 - [MESSAGE][PASSED] - Delayed 5 second(s)

2018-06-18 13:56:26 - [TEST_STEP][PASSED] - Statement - groupName = CustomKeywords.projectSpecific.Reusability.getTestData("ReportingGroupManagementPage", "GroupName"): projectSpecific.Reusability.getTestData is PASSED

2018-06-18 13:56:26 - [MESSAGE][PASSED] - projectSpecific.Reusability.getTestData is PASSED

2018-06-18 13:56:26 - [TEST_STEP][PASSED] - Statement - If (actualgroupList.contains(groupName)): null

2018-06-18 13:56:26 - [TEST_STEP][PASSED] - Statement - println("Automation Group is available in group hierarchy"): null

2018-06-18 13:56:26 - [TEST_STEP][PASSED] - uiaction.CommonUIActions.click: uiaction.CommonUIActions.click is PASSED

2018-06-18 13:56:26 - [MESSAGE][PASSED] - uiaction.CommonUIActions.click is PASSED

2018-06-18 13:56:26 - [TEST_STEP][PASSED] - Statement - subGroupList = new java.util.ArrayList(): null

2018-06-18 13:56:26 - [TEST_STEP][PASSED] - Statement - For ([i = 1, i <= size, (i++)]): null

2018-06-18 13:56:26 - [TEST_STEP][PASSED] - Statement - groupXpath = "(//span[@title='" + groupName + "']/following-sibling::ul/li/span[3]/span[2])[" + i + "]": null

2018-06-18 13:56:26 - [TEST_STEP][PASSED] - Statement - println(groupXpath): null

2018-06-18 13:56:26 - [TEST_STEP][PASSED] - Statement - childgroup = driver.findElement(org.openqa.selenium.By.xpath(groupXpath)).getText(): null

2018-06-18 13:56:26 - [TEST_STEP][PASSED] - Statement - println(childgroup): null

2018-06-18 13:56:26 - [TEST_STEP][PASSED] - Statement - subGroupList[i - 1] = childgroup: null

2018-06-18 13:56:26 - [TEST_STEP][PASSED] - Statement - groupXpath = "(//span[@title='" + groupName + "']/following-sibling::ul/li/span[3]/span[2])[" + i + "]": null

2018-06-18 13:56:26 - [TEST_STEP][PASSED] - Statement - println(groupXpath): null

2018-06-18 13:56:26 - [TEST_STEP][PASSED] - Statement - childgroup = driver.findElement(org.openqa.selenium.By.xpath(groupXpath)).getText(): null

2018-06-18 13:56:26 - [TEST_STEP][PASSED] - Statement - println(childgroup): null

2018-06-18 13:56:26 - [TEST_STEP][PASSED] - Statement - subGroupList[i - 1] = childgroup: null

2018-06-18 13:56:26 - [TEST_STEP][PASSED] - Statement - groupXpath = "(//span[@title='" + groupName + "']/following-sibling::ul/li/span[3]/span[2])[" + i + "]": null

2018-06-18 13:56:26 - [TEST_STEP][PASSED] - Statement - println(groupXpath): null

2018-06-18 13:56:26 - [TEST_STEP][PASSED] - Statement - childgroup = driver.findElement(org.openqa.selenium.By.xpath(groupXpath)).getText(): null

2018-06-18 13:56:26 - [TEST_STEP][PASSED] - Statement - println(childgroup): null

2018-06-18 13:56:26 - [TEST_STEP][PASSED] - Statement - subGroupList[i - 1] = childgroup: null

2018-06-18 13:56:26 - [TEST_STEP][PASSED] - Statement - groupXpath = "(//span[@title='" + groupName + "']/following-sibling::ul/li/span[3]/span[2])[" + i + "]": null

2018-06-18 13:56:26 - [TEST_STEP][PASSED] - Statement - println(groupXpath): null

2018-06-18 13:56:26 - [TEST_STEP][PASSED] - Statement - childgroup = driver.findElement(org.openqa.selenium.By.xpath(groupXpath)).getText(): null

2018-06-18 13:56:26 - [TEST_STEP][PASSED] - Statement - println(childgroup): null

2018-06-18 13:56:26 - [TEST_STEP][PASSED] - Statement - subGroupList[i - 1] = childgroup: null

2018-06-18 13:56:26 - [TEST_STEP][PASSED] - Statement - groupXpath = "(//span[@title='" + groupName + "']/following-sibling::ul/li/span[3]/span[2])[" + i + "]": null

2018-06-18 13:56:26 - [TEST_STEP][PASSED] - Statement - println(groupXpath): null

2018-06-18 13:56:26 - [TEST_STEP][PASSED] - Statement - childgroup = driver.findElement(org.openqa.selenium.By.xpath(groupXpath)).getText(): null

2018-06-18 13:56:26 - [TEST_STEP][PASSED] - Statement - println(childgroup): null

2018-06-18 13:56:26 - [TEST_STEP][PASSED] - Statement - subGroupList[i - 1] = childgroup: null

2018-06-18 13:56:26 - [TEST_STEP][PASSED] - Statement - groupXpath = "(//span[@title='" + groupName + "']/following-sibling::ul/li/span[3]/span[2])[" + i + "]": null

2018-06-18 13:56:26 - [TEST_STEP][PASSED] - Statement - println(groupXpath): null

2018-06-18 13:56:26 - [TEST_STEP][PASSED] - Statement - childgroup = driver.findElement(org.openqa.selenium.By.xpath(groupXpath)).getText(): null

2018-06-18 13:56:26 - [TEST_STEP][PASSED] - Statement - println(childgroup): null

2018-06-18 13:56:26 - [TEST_STEP][PASSED] - Statement - subGroupList[i - 1] = childgroup: null

2018-06-18 13:56:26 - [TEST_STEP][PASSED] - Statement - groupXpath = "(//span[@title='" + groupName + "']/following-sibling::ul/li/span[3]/span[2])[" + i + "]": null

2018-06-18 13:56:26 - [TEST_STEP][PASSED] - Statement - println(groupXpath): null

2018-06-18 13:56:26 - [TEST_STEP][PASSED] - Statement - childgroup = driver.findElement(org.openqa.selenium.By.xpath(groupXpath)).getText(): null

2018-06-18 13:56:26 - [TEST_STEP][PASSED] - Statement - println(childgroup): null

2018-06-18 13:56:26 - [TEST_STEP][PASSED] - Statement - subGroupList[i - 1] = childgroup: null

2018-06-18 13:56:26 - [TEST_STEP][PASSED] - Statement - groupXpath = "(//span[@title='" + groupName + "']/following-sibling::ul/li/span[3]/span[2])[" + i + "]": null

2018-06-18 13:56:26 - [TEST_STEP][PASSED] - Statement - println(groupXpath): null

2018-06-18 13:56:26 - [TEST_STEP][PASSED] - Statement - childgroup = driver.findElement(org.openqa.selenium.By.xpath(groupXpath)).getText(): null

2018-06-18 13:56:26 - [TEST_STEP][PASSED] - Statement - println(childgroup): null

2018-06-18 13:56:26 - [TEST_STEP][PASSED] - Statement - subGroupList[i - 1] = childgroup: null

2018-06-18 13:56:26 - [TEST_STEP][PASSED] - Statement - groupXpath = "(//span[@title='" + groupName + "']/following-sibling::ul/li/span[3]/span[2])[" + i + "]": null

2018-06-18 13:56:26 - [TEST_STEP][PASSED] - Statement - println(groupXpath): null

2018-06-18 13:56:26 - [TEST_STEP][PASSED] - Statement - childgroup = driver.findElement(org.openqa.selenium.By.xpath(groupXpath)).getText(): null

2018-06-18 13:56:26 - [TEST_STEP][PASSED] - Statement - println(childgroup): null

2018-06-18 13:56:26 - [TEST_STEP][PASSED] - Statement - subGroupList[i - 1] = childgroup: null

2018-06-18 13:56:26 - [TEST_STEP][PASSED] - Statement - groupXpath = "(//span[@title='" + groupName + "']/following-sibling::ul/li/span[3]/span[2])[" + i + "]": null

2018-06-18 13:56:26 - [TEST_STEP][PASSED] - Statement - println(groupXpath): null

2018-06-18 13:56:26 - [TEST_STEP][PASSED] - Statement - childgroup = driver.findElement(org.openqa.selenium.By.xpath(groupXpath)).getText(): null

2018-06-18 13:56:26 - [TEST_STEP][PASSED] - Statement - println(childgroup): null

2018-06-18 13:56:26 - [TEST_STEP][PASSED] - Statement - subGroupList[i - 1] = childgroup: null

2018-06-18 13:56:26 - [TEST_STEP][PASSED] - Statement - groupXpath = "(//span[@title='" + groupName + "']/following-sibling::ul/li/span[3]/span[2])[" + i + "]": null

2018-06-18 13:56:26 - [TEST_STEP][PASSED] - Statement - println(groupXpath): null

2018-06-18 13:56:26 - [TEST_STEP][PASSED] - Statement - childgroup = driver.findElement(org.openqa.selenium.By.xpath(groupXpath)).getText(): null

2018-06-18 13:56:26 - [TEST_STEP][PASSED] - Statement - println(childgroup): null

2018-06-18 13:56:26 - [TEST_STEP][PASSED] - Statement - subGroupList[i - 1] = childgroup: null

2018-06-18 13:56:26 - [TEST_STEP][PASSED] - Statement - groupXpath = "(//span[@title='" + groupName + "']/following-sibling::ul/li/span[3]/span[2])[" + i + "]": null

2018-06-18 13:56:26 - [TEST_STEP][PASSED] - Statement - println(groupXpath): null

2018-06-18 13:56:26 - [TEST_STEP][PASSED] - Statement - childgroup = driver.findElement(org.openqa.selenium.By.xpath(groupXpath)).getText(): null

2018-06-18 13:56:26 - [TEST_STEP][PASSED] - Statement - println(childgroup): null

2018-06-18 13:56:26 - [TEST_STEP][PASSED] - Statement - subGroupList[i - 1] = childgroup: null

2018-06-18 13:56:26 - [TEST_STEP][PASSED] - Statement - groupXpath = "(//span[@title='" + groupName + "']/following-sibling::ul/li/span[3]/span[2])[" + i + "]": null

2018-06-18 13:56:26 - [TEST_STEP][PASSED] - Statement - println(groupXpath): null

2018-06-18 13:56:26 - [TEST_STEP][PASSED] - Statement - childgroup = driver.findElement(org.openqa.selenium.By.xpath(groupXpath)).getText(): null

2018-06-18 13:56:26 - [TEST_STEP][PASSED] - Statement - println(childgroup): null

2018-06-18 13:56:26 - [TEST_STEP][PASSED] - Statement - subGroupList[i - 1] = childgroup: null

2018-06-18 13:56:26 - [TEST_STEP][PASSED] - Statement - groupXpath = "(//span[@title='" + groupName + "']/following-sibling::ul/li/span[3]/span[2])[" + i + "]": null

2018-06-18 13:56:26 - [TEST_STEP][PASSED] - Statement - println(groupXpath): null

2018-06-18 13:56:26 - [TEST_STEP][PASSED] - Statement - childgroup = driver.findElement(org.openqa.selenium.By.xpath(groupXpath)).getText(): null

2018-06-18 13:56:26 - [TEST_STEP][PASSED] - Statement - println(childgroup): null

2018-06-18 13:56:26 - [TEST_STEP][PASSED] - Statement - subGroupList[i - 1] = childgroup: null

2018-06-18 13:56:26 - [TEST_STEP][PASSED] - Statement - groupXpath = "(//span[@title='" + groupName + "']/following-sibling::ul/li/span[3]/span[2])[" + i + "]": null

2018-06-18 13:56:26 - [TEST_STEP][PASSED] - Statement - println(groupXpath): null

2018-06-18 13:56:26 - [TEST_STEP][PASSED] - Statement - childgroup = driver.findElement(org.openqa.selenium.By.xpath(groupXpath)).getText(): null

2018-06-18 13:56:26 - [TEST_STEP][PASSED] - Statement - println(childgroup): null

2018-06-18 13:56:26 - [TEST_STEP][PASSED] - Statement - subGroupList[i - 1] = childgroup: null

2018-06-18 13:56:26 - [TEST_STEP][PASSED] - Statement - groupXpath = "(//span[@title='" + groupName + "']/following-sibling::ul/li/span[3]/span[2])[" + i + "]": null

2018-06-18 13:56:26 - [TEST_STEP][PASSED] - Statement - println(groupXpath): null

2018-06-18 13:56:26 - [TEST_STEP][PASSED] - Statement - childgroup = driver.findElement(org.openqa.selenium.By.xpath(groupXpath)).getText(): null

2018-06-18 13:56:26 - [TEST_STEP][PASSED] - Statement - println(childgroup): null

2018-06-18 13:56:26 - [TEST_STEP][PASSED] - Statement - subGroupList[i - 1] = childgroup: null

2018-06-18 13:56:26 - [TEST_STEP][PASSED] - Statement - groupXpath = "(//span[@title='" + groupName + "']/following-sibling::ul/li/span[3]/span[2])[" + i + "]": null

2018-06-18 13:56:26 - [TEST_STEP][PASSED] - Statement - println(groupXpath): null

2018-06-18 13:56:26 - [TEST_STEP][PASSED] - Statement - childgroup = driver.findElement(org.openqa.selenium.By.xpath(groupXpath)).getText(): null

2018-06-18 13:56:26 - [TEST_STEP][PASSED] - Statement - println(childgroup): null

2018-06-18 13:56:26 - [TEST_STEP][PASSED] - Statement - subGroupList[i - 1] = childgroup: null

2018-06-18 13:56:26 - [TEST_STEP][PASSED] - Statement - groupXpath = "(//span[@title='" + groupName + "']/following-sibling::ul/li/span[3]/span[2])[" + i + "]": null

2018-06-18 13:56:26 - [TEST_STEP][PASSED] - Statement - println(groupXpath): null

2018-06-18 13:56:26 - [TEST_STEP][PASSED] - Statement - childgroup = driver.findElement(org.openqa.selenium.By.xpath(groupXpath)).getText(): null

2018-06-18 13:56:26 - [TEST_STEP][PASSED] - Statement - println(childgroup): null

2018-06-18 13:56:26 - [TEST_STEP][PASSED] - Statement - subGroupList[i - 1] = childgroup: null

2018-06-18 13:56:26 - [TEST_STEP][PASSED] - Statement - groupXpath = "(//span[@title='" + groupName + "']/following-sibling::ul/li/span[3]/span[2])[" + i + "]": null

2018-06-18 13:56:26 - [TEST_STEP][PASSED] - Statement - println(groupXpath): null

2018-06-18 13:56:26 - [TEST_STEP][PASSED] - Statement - childgroup = driver.findElement(org.openqa.selenium.By.xpath(groupXpath)).getText(): null

2018-06-18 13:56:26 - [TEST_STEP][PASSED] - Statement - println(childgroup): null

2018-06-18 13:56:26 - [TEST_STEP][PASSED] - Statement - subGroupList[i - 1] = childgroup: null

2018-06-18 13:56:26 - [TEST_STEP][PASSED] - Statement - groupXpath = "(//span[@title='" + groupName + "']/following-sibling::ul/li/span[3]/span[2])[" + i + "]": null

2018-06-18 13:56:26 - [TEST_STEP][PASSED] - Statement - println(groupXpath): null

2018-06-18 13:56:26 - [TEST_STEP][PASSED] - Statement - childgroup = driver.findElement(org.openqa.selenium.By.xpath(groupXpath)).getText(): null

2018-06-18 13:56:26 - [TEST_STEP][PASSED] - Statement - println(childgroup): null

2018-06-18 13:56:26 - [TEST_STEP][PASSED] - Statement - subGroupList[i - 1] = childgroup: null

2018-06-18 13:56:26 - [TEST_STEP][PASSED] - Statement - groupXpath = "(//span[@title='" + groupName + "']/following-sibling::ul/li/span[3]/span[2])[" + i + "]": null

2018-06-18 13:56:26 - [TEST_STEP][PASSED] - Statement - println(groupXpath): null

2018-06-18 13:56:26 - [TEST_STEP][PASSED] - Statement - childgroup = driver.findElement(org.openqa.selenium.By.xpath(groupXpath)).getText(): null

2018-06-18 13:56:26 - [TEST_STEP][PASSED] - Statement - println(childgroup): null

2018-06-18 13:56:26 - [TEST_STEP][PASSED] - Statement - subGroupList[i - 1] = childgroup: null

2018-06-18 13:56:26 - [TEST_STEP][PASSED] - Statement - groupXpath = "(//span[@title='" + groupName + "']/following-sibling::ul/li/span[3]/span[2])[" + i + "]": null

2018-06-18 13:56:26 - [TEST_STEP][PASSED] - Statement - println(groupXpath): null

2018-06-18 13:56:26 - [TEST_STEP][PASSED] - Statement - childgroup = driver.findElement(org.openqa.selenium.By.xpath(groupXpath)).getText(): null

2018-06-18 13:56:27 - [TEST_STEP][PASSED] - Statement - println(childgroup): null

2018-06-18 13:56:27 - [TEST_STEP][PASSED] - Statement - subGroupList[i - 1] = childgroup: null

2018-06-18 13:56:27 - [TEST_STEP][PASSED] - Statement - groupXpath = "(//span[@title='" + groupName + "']/following-sibling::ul/li/span[3]/span[2])[" + i + "]": null

2018-06-18 13:56:27 - [TEST_STEP][PASSED] - Statement - println(groupXpath): null

2018-06-18 13:56:27 - [TEST_STEP][PASSED] - Statement - childgroup = driver.findElement(org.openqa.selenium.By.xpath(groupXpath)).getText(): null

2018-06-18 13:56:27 - [TEST_STEP][PASSED] - Statement - println(childgroup): null

2018-06-18 13:56:27 - [TEST_STEP][PASSED] - Statement - subGroupList[i - 1] = childgroup: null

2018-06-18 13:56:27 - [TEST_STEP][PASSED] - Statement - groupXpath = "(//span[@title='" + groupName + "']/following-sibling::ul/li/span[3]/span[2])[" + i + "]": null

2018-06-18 13:56:27 - [TEST_STEP][PASSED] - Statement - println(groupXpath): null

2018-06-18 13:56:27 - [TEST_STEP][PASSED] - Statement - childgroup = driver.findElement(org.openqa.selenium.By.xpath(groupXpath)).getText(): null

2018-06-18 13:56:27 - [TEST_STEP][PASSED] - Statement - println(childgroup): null

2018-06-18 13:56:27 - [TEST_STEP][PASSED] - Statement - subGroupList[i - 1] = childgroup: null

2018-06-18 13:56:27 - [TEST_STEP][PASSED] - Statement - groupXpath = "(//span[@title='" + groupName + "']/following-sibling::ul/li/span[3]/span[2])[" + i + "]": null

2018-06-18 13:56:27 - [TEST_STEP][PASSED] - Statement - println(groupXpath): null

2018-06-18 13:56:27 - [TEST_STEP][PASSED] - Statement - childgroup = driver.findElement(org.openqa.selenium.By.xpath(groupXpath)).getText(): null

2018-06-18 13:56:27 - [TEST_STEP][PASSED] - Statement - println(childgroup): null

2018-06-18 13:56:27 - [TEST_STEP][PASSED] - Statement - subGroupList[i - 1] = childgroup: null

2018-06-18 13:56:27 - [TEST_STEP][PASSED] - Statement - groupXpath = "(//span[@title='" + groupName + "']/following-sibling::ul/li/span[3]/span[2])[" + i + "]": null

2018-06-18 13:56:27 - [TEST_STEP][PASSED] - Statement - println(groupXpath): null

2018-06-18 13:56:27 - [TEST_STEP][PASSED] - Statement - childgroup = driver.findElement(org.openqa.selenium.By.xpath(groupXpath)).getText(): null

2018-06-18 13:56:27 - [TEST_STEP][PASSED] - Statement - println(childgroup): null

2018-06-18 13:56:27 - [TEST_STEP][PASSED] - Statement - subGroupList[i - 1] = childgroup: null

2018-06-18 13:56:27 - [TEST_STEP][PASSED] - Statement - groupXpath = "(//span[@title='" + groupName + "']/following-sibling::ul/li/span[3]/span[2])[" + i + "]": null

2018-06-18 13:56:27 - [TEST_STEP][PASSED] - Statement - println(groupXpath): null

2018-06-18 13:56:27 - [TEST_STEP][PASSED] - Statement - childgroup = driver.findElement(org.openqa.selenium.By.xpath(groupXpath)).getText(): null

2018-06-18 13:56:27 - [TEST_STEP][PASSED] - Statement - println(childgroup): null

2018-06-18 13:56:27 - [TEST_STEP][PASSED] - Statement - subGroupList[i - 1] = childgroup: null

2018-06-18 13:56:27 - [TEST_STEP][PASSED] - Statement - groupXpath = "(//span[@title='" + groupName + "']/following-sibling::ul/li/span[3]/span[2])[" + i + "]": null

2018-06-18 13:56:27 - [TEST_STEP][PASSED] - Statement - println(groupXpath): null

2018-06-18 13:56:27 - [TEST_STEP][PASSED] - Statement - childgroup = driver.findElement(org.openqa.selenium.By.xpath(groupXpath)).getText(): null

2018-06-18 13:56:27 - [TEST_STEP][PASSED] - Statement - println(childgroup): null

2018-06-18 13:56:27 - [TEST_STEP][PASSED] - Statement - subGroupList[i - 1] = childgroup: null

2018-06-18 13:56:27 - [TEST_STEP][PASSED] - Statement - groupXpath = "(//span[@title='" + groupName + "']/following-sibling::ul/li/span[3]/span[2])[" + i + "]": null

2018-06-18 13:56:27 - [TEST_STEP][PASSED] - Statement - println(groupXpath): null

2018-06-18 13:56:27 - [TEST_STEP][PASSED] - Statement - childgroup = driver.findElement(org.openqa.selenium.By.xpath(groupXpath)).getText(): null

2018-06-18 13:56:27 - [TEST_STEP][PASSED] - Statement - println(childgroup): null

2018-06-18 13:56:27 - [TEST_STEP][PASSED] - Statement - subGroupList[i - 1] = childgroup: null

2018-06-18 13:56:27 - [TEST_STEP][PASSED] - Statement - groupXpath = "(//span[@title='" + groupName + "']/following-sibling::ul/li/span[3]/span[2])[" + i + "]": null

2018-06-18 13:56:27 - [TEST_STEP][PASSED] - Statement - println(groupXpath): null

2018-06-18 13:56:27 - [TEST_STEP][PASSED] - Statement - childgroup = driver.findElement(org.openqa.selenium.By.xpath(groupXpath)).getText(): null

2018-06-18 13:56:27 - [TEST_STEP][PASSED] - Statement - println(childgroup): null

2018-06-18 13:56:27 - [TEST_STEP][PASSED] - Statement - subGroupList[i - 1] = childgroup: null

2018-06-18 13:56:27 - [TEST_STEP][PASSED] - Statement - groupXpath = "(//span[@title='" + groupName + "']/following-sibling::ul/li/span[3]/span[2])[" + i + "]": null

2018-06-18 13:56:27 - [TEST_STEP][PASSED] - Statement - println(groupXpath): null

2018-06-18 13:56:27 - [TEST_STEP][PASSED] - Statement - childgroup = driver.findElement(org.openqa.selenium.By.xpath(groupXpath)).getText(): null

2018-06-18 13:56:27 - [TEST_STEP][PASSED] - Statement - println(childgroup): null

2018-06-18 13:56:27 - [TEST_STEP][PASSED] - Statement - subGroupList[i - 1] = childgroup: null

2018-06-18 13:56:27 - [TEST_STEP][PASSED] - Statement - groupXpath = "(//span[@title='" + groupName + "']/following-sibling::ul/li/span[3]/span[2])[" + i + "]": null

2018-06-18 13:56:27 - [TEST_STEP][PASSED] - Statement - println(groupXpath): null

2018-06-18 13:56:27 - [TEST_STEP][PASSED] - Statement - childgroup = driver.findElement(org.openqa.selenium.By.xpath(groupXpath)).getText(): null

2018-06-18 13:56:27 - [TEST_STEP][PASSED] - Statement - println(childgroup): null

2018-06-18 13:56:27 - [TEST_STEP][PASSED] - Statement - subGroupList[i - 1] = childgroup: null

2018-06-18 13:56:27 - [TEST_STEP][PASSED] - Statement - groupXpath = "(//span[@title='" + groupName + "']/following-sibling::ul/li/span[3]/span[2])[" + i + "]": null

2018-06-18 13:56:27 - [TEST_STEP][PASSED] - Statement - println(groupXpath): null

2018-06-18 13:56:27 - [TEST_STEP][PASSED] - Statement - childgroup = driver.findElement(org.openqa.selenium.By.xpath(groupXpath)).getText(): null

2018-06-18 13:56:27 - [TEST_STEP][PASSED] - Statement - println(childgroup): null

2018-06-18 13:56:27 - [TEST_STEP][PASSED] - Statement - subGroupList[i - 1] = childgroup: null

2018-06-18 13:56:27 - [TEST_STEP][PASSED] - Statement - groupXpath = "(//span[@title='" + groupName + "']/following-sibling::ul/li/span[3]/span[2])[" + i + "]": null

2018-06-18 13:56:27 - [TEST_STEP][PASSED] - Statement - println(groupXpath): null

2018-06-18 13:56:27 - [TEST_STEP][PASSED] - Statement - childgroup = driver.findElement(org.openqa.selenium.By.xpath(groupXpath)).getText(): null

2018-06-18 13:56:27 - [TEST_STEP][PASSED] - Statement - println(childgroup): null

2018-06-18 13:56:27 - [TEST_STEP][PASSED] - Statement - subGroupList[i - 1] = childgroup: null

2018-06-18 13:56:27 - [TEST_STEP][PASSED] - Statement - groupXpath = "(//span[@title='" + groupName + "']/following-sibling::ul/li/span[3]/span[2])[" + i + "]": null

2018-06-18 13:56:27 - [TEST_STEP][PASSED] - Statement - println(groupXpath): null

2018-06-18 13:56:27 - [TEST_STEP][PASSED] - Statement - childgroup = driver.findElement(org.openqa.selenium.By.xpath(groupXpath)).getText(): null

2018-06-18 13:56:27 - [TEST_STEP][PASSED] - Statement - println(childgroup): null

2018-06-18 13:56:27 - [TEST_STEP][PASSED] - Statement - subGroupList[i - 1] = childgroup: null

2018-06-18 13:56:27 - [TEST_STEP][PASSED] - Statement - groupXpath = "(//span[@title='" + groupName + "']/following-sibling::ul/li/span[3]/span[2])[" + i + "]": null

2018-06-18 13:56:27 - [TEST_STEP][PASSED] - Statement - println(groupXpath): null

2018-06-18 13:56:27 - [TEST_STEP][PASSED] - Statement - childgroup = driver.findElement(org.openqa.selenium.By.xpath(groupXpath)).getText(): null

2018-06-18 13:56:27 - [TEST_STEP][PASSED] - Statement - println(childgroup): null

2018-06-18 13:56:27 - [TEST_STEP][PASSED] - Statement - subGroupList[i - 1] = childgroup: null

2018-06-18 13:56:27 - [TEST_STEP][PASSED] - Statement - groupXpath = "(//span[@title='" + groupName + "']/following-sibling::ul/li/span[3]/span[2])[" + i + "]": null

2018-06-18 13:56:27 - [TEST_STEP][PASSED] - Statement - println(groupXpath): null

2018-06-18 13:56:27 - [TEST_STEP][PASSED] - Statement - childgroup = driver.findElement(org.openqa.selenium.By.xpath(groupXpath)).getText(): null

2018-06-18 13:56:27 - [TEST_STEP][PASSED] - Statement - println(childgroup): null

2018-06-18 13:56:27 - [TEST_STEP][PASSED] - Statement - subGroupList[i - 1] = childgroup: null

2018-06-18 13:56:27 - [TEST_STEP][PASSED] - Statement - groupXpath = "(//span[@title='" + groupName + "']/following-sibling::ul/li/span[3]/span[2])[" + i + "]": null

2018-06-18 13:56:27 - [TEST_STEP][PASSED] - Statement - println(groupXpath): null

2018-06-18 13:56:27 - [TEST_STEP][PASSED] - Statement - childgroup = driver.findElement(org.openqa.selenium.By.xpath(groupXpath)).getText(): null

2018-06-18 13:56:27 - [TEST_STEP][PASSED] - Statement - println(childgroup): null

2018-06-18 13:56:27 - [TEST_STEP][PASSED] - Statement - subGroupList[i - 1] = childgroup: null

2018-06-18 13:56:27 - [TEST_STEP][PASSED] - Statement - groupXpath = "(//span[@title='" + groupName + "']/following-sibling::ul/li/span[3]/span[2])[" + i + "]": null

2018-06-18 13:56:27 - [TEST_STEP][PASSED] - Statement - println(groupXpath): null

2018-06-18 13:56:27 - [TEST_STEP][PASSED] - Statement - childgroup = driver.findElement(org.openqa.selenium.By.xpath(groupXpath)).getText(): null

2018-06-18 13:56:27 - [TEST_STEP][PASSED] - Statement - println(childgroup): null

2018-06-18 13:56:27 - [TEST_STEP][PASSED] - Statement - subGroupList[i - 1] = childgroup: null

2018-06-18 13:56:27 - [TEST_STEP][PASSED] - Statement - groupXpath = "(//span[@title='" + groupName + "']/following-sibling::ul/li/span[3]/span[2])[" + i + "]": null

2018-06-18 13:56:27 - [TEST_STEP][PASSED] - Statement - println(groupXpath): null

2018-06-18 13:56:27 - [TEST_STEP][PASSED] - Statement - childgroup = driver.findElement(org.openqa.selenium.By.xpath(groupXpath)).getText(): null

2018-06-18 13:56:27 - [TEST_STEP][PASSED] - Statement - println(childgroup): null

2018-06-18 13:56:27 - [TEST_STEP][PASSED] - Statement - subGroupList[i - 1] = childgroup: null

2018-06-18 13:56:27 - [TEST_STEP][PASSED] - Statement - groupXpath = "(//span[@title='" + groupName + "']/following-sibling::ul/li/span[3]/span[2])[" + i + "]": null

2018-06-18 13:56:27 - [TEST_STEP][PASSED] - Statement - println(groupXpath): null

2018-06-18 13:56:27 - [TEST_STEP][PASSED] - Statement - childgroup = driver.findElement(org.openqa.selenium.By.xpath(groupXpath)).getText(): null

2018-06-18 13:56:27 - [TEST_STEP][PASSED] - Statement - println(childgroup): null

2018-06-18 13:56:27 - [TEST_STEP][PASSED] - Statement - subGroupList[i - 1] = childgroup: null

2018-06-18 13:56:27 - [TEST_STEP][PASSED] - Statement - groupXpath = "(//span[@title='" + groupName + "']/following-sibling::ul/li/span[3]/span[2])[" + i + "]": null

2018-06-18 13:56:27 - [TEST_STEP][PASSED] - Statement - println(groupXpath): null

2018-06-18 13:56:27 - [TEST_STEP][PASSED] - Statement - childgroup = driver.findElement(org.openqa.selenium.By.xpath(groupXpath)).getText(): null

2018-06-18 13:56:27 - [TEST_STEP][PASSED] - Statement - println(childgroup): null

2018-06-18 13:56:27 - [TEST_STEP][PASSED] - Statement - subGroupList[i - 1] = childgroup: null

2018-06-18 13:56:27 - [TEST_STEP][PASSED] - Statement - groupXpath = "(//span[@title='" + groupName + "']/following-sibling::ul/li/span[3]/span[2])[" + i + "]": null

2018-06-18 13:56:27 - [TEST_STEP][PASSED] - Statement - println(groupXpath): null

2018-06-18 13:56:27 - [TEST_STEP][PASSED] - Statement - childgroup = driver.findElement(org.openqa.selenium.By.xpath(groupXpath)).getText(): null

2018-06-18 13:56:27 - [TEST_STEP][PASSED] - Statement - println(childgroup): null

2018-06-18 13:56:27 - [TEST_STEP][PASSED] - Statement - subGroupList[i - 1] = childgroup: null

2018-06-18 13:56:27 - [TEST_STEP][PASSED] - Statement - groupXpath = "(//span[@title='" + groupName + "']/following-sibling::ul/li/span[3]/span[2])[" + i + "]": null

2018-06-18 13:56:27 - [TEST_STEP][PASSED] - Statement - println(groupXpath): null

2018-06-18 13:56:27 - [TEST_STEP][PASSED] - Statement - childgroup = driver.findElement(org.openqa.selenium.By.xpath(groupXpath)).getText(): null

2018-06-18 13:56:27 - [TEST_STEP][PASSED] - Statement - println(childgroup): null

2018-06-18 13:56:27 - [TEST_STEP][PASSED] - Statement - subGroupList[i - 1] = childgroup: null

2018-06-18 13:56:27 - [TEST_STEP][PASSED] - Statement - groupXpath = "(//span[@title='" + groupName + "']/following-sibling::ul/li/span[3]/span[2])[" + i + "]": null

2018-06-18 13:56:27 - [TEST_STEP][PASSED] - Statement - println(groupXpath): null

2018-06-18 13:56:27 - [TEST_STEP][PASSED] - Statement - childgroup = driver.findElement(org.openqa.selenium.By.xpath(groupXpath)).getText(): null

2018-06-18 13:56:27 - [TEST_STEP][PASSED] - Statement - println(childgroup): null

2018-06-18 13:56:27 - [TEST_STEP][PASSED] - Statement - subGroupList[i - 1] = childgroup: null

2018-06-18 13:56:27 - [TEST_STEP][PASSED] - Statement - groupXpath = "(//span[@title='" + groupName + "']/following-sibling::ul/li/span[3]/span[2])[" + i + "]": null

2018-06-18 13:56:27 - [TEST_STEP][PASSED] - Statement - println(groupXpath): null

2018-06-18 13:56:27 - [TEST_STEP][PASSED] - Statement - childgroup = driver.findElement(org.openqa.selenium.By.xpath(groupXpath)).getText(): null

2018-06-18 13:56:27 - [TEST_STEP][PASSED] - Statement - println(childgroup): null

2018-06-18 13:56:27 - [TEST_STEP][PASSED] - Statement - subGroupList[i - 1] = childgroup: null

2018-06-18 13:56:27 - [TEST_STEP][PASSED] - Statement - groupXpath = "(//span[@title='" + groupName + "']/following-sibling::ul/li/span[3]/span[2])[" + i + "]": null

2018-06-18 13:56:27 - [TEST_STEP][PASSED] - Statement - println(groupXpath): null

2018-06-18 13:56:27 - [TEST_STEP][PASSED] - Statement - childgroup = driver.findElement(org.openqa.selenium.By.xpath(groupXpath)).getText(): null

2018-06-18 13:56:27 - [TEST_STEP][PASSED] - Statement - println(childgroup): null

2018-06-18 13:56:27 - [TEST_STEP][PASSED] - Statement - subGroupList[i - 1] = childgroup: null

2018-06-18 13:56:27 - [TEST_STEP][PASSED] - Statement - groupXpath = "(//span[@title='" + groupName + "']/following-sibling::ul/li/span[3]/span[2])[" + i + "]": null

2018-06-18 13:56:27 - [TEST_STEP][PASSED] - Statement - println(groupXpath): null

2018-06-18 13:56:27 - [TEST_STEP][PASSED] - Statement - childgroup = driver.findElement(org.openqa.selenium.By.xpath(groupXpath)).getText(): null

2018-06-18 13:56:27 - [TEST_STEP][PASSED] - Statement - println(childgroup): null

2018-06-18 13:56:27 - [TEST_STEP][PASSED] - Statement - subGroupList[i - 1] = childgroup: null

2018-06-18 13:56:27 - [TEST_STEP][PASSED] - Statement - groupXpath = "(//span[@title='" + groupName + "']/following-sibling::ul/li/span[3]/span[2])[" + i + "]": null

2018-06-18 13:56:27 - [TEST_STEP][PASSED] - Statement - println(groupXpath): null

2018-06-18 13:56:27 - [TEST_STEP][PASSED] - Statement - childgroup = driver.findElement(org.openqa.selenium.By.xpath(groupXpath)).getText(): null

2018-06-18 13:56:27 - [TEST_STEP][PASSED] - Statement - println(childgroup): null

2018-06-18 13:56:27 - [TEST_STEP][PASSED] - Statement - subGroupList[i - 1] = childgroup: null

2018-06-18 13:56:27 - [TEST_STEP][PASSED] - Statement - groupXpath = "(//span[@title='" + groupName + "']/following-sibling::ul/li/span[3]/span[2])[" + i + "]": null

2018-06-18 13:56:27 - [TEST_STEP][PASSED] - Statement - println(groupXpath): null

2018-06-18 13:56:27 - [TEST_STEP][PASSED] - Statement - childgroup = driver.findElement(org.openqa.selenium.By.xpath(groupXpath)).getText(): null

2018-06-18 13:56:27 - [TEST_STEP][PASSED] - Statement - println(childgroup): null

2018-06-18 13:56:27 - [TEST_STEP][PASSED] - Statement - subGroupList[i - 1] = childgroup: null

2018-06-18 13:56:27 - [TEST_STEP][PASSED] - Statement - groupXpath = "(//span[@title='" + groupName + "']/following-sibling::ul/li/span[3]/span[2])[" + i + "]": null

2018-06-18 13:56:27 - [TEST_STEP][PASSED] - Statement - println(groupXpath): null

2018-06-18 13:56:27 - [TEST_STEP][PASSED] - Statement - childgroup = driver.findElement(org.openqa.selenium.By.xpath(groupXpath)).getText(): null

2018-06-18 13:56:27 - [TEST_STEP][PASSED] - Statement - println(childgroup): null

2018-06-18 13:56:27 - [TEST_STEP][PASSED] - Statement - subGroupList[i - 1] = childgroup: null

2018-06-18 13:56:27 - [TEST_STEP][PASSED] - Statement - groupXpath = "(//span[@title='" + groupName + "']/following-sibling::ul/li/span[3]/span[2])[" + i + "]": null

2018-06-18 13:56:27 - [TEST_STEP][PASSED] - Statement - println(groupXpath): null

2018-06-18 13:56:27 - [TEST_STEP][PASSED] - Statement - childgroup = driver.findElement(org.openqa.selenium.By.xpath(groupXpath)).getText(): null

2018-06-18 13:56:27 - [TEST_STEP][PASSED] - Statement - println(childgroup): null

2018-06-18 13:56:27 - [TEST_STEP][PASSED] - Statement - subGroupList[i - 1] = childgroup: null

2018-06-18 13:56:27 - [TEST_STEP][PASSED] - Statement - groupXpath = "(//span[@title='" + groupName + "']/following-sibling::ul/li/span[3]/span[2])[" + i + "]": null

2018-06-18 13:56:27 - [TEST_STEP][PASSED] - Statement - println(groupXpath): null

2018-06-18 13:56:27 - [TEST_STEP][PASSED] - Statement - childgroup = driver.findElement(org.openqa.selenium.By.xpath(groupXpath)).getText(): null

2018-06-18 13:56:27 - [TEST_STEP][PASSED] - Statement - println(childgroup): null

2018-06-18 13:56:27 - [TEST_STEP][PASSED] - Statement - subGroupList[i - 1] = childgroup: null

2018-06-18 13:56:27 - [TEST_STEP][PASSED] - Statement - groupXpath = "(//span[@title='" + groupName + "']/following-sibling::ul/li/span[3]/span[2])[" + i + "]": null

2018-06-18 13:56:27 - [TEST_STEP][PASSED] - Statement - println(groupXpath): null

2018-06-18 13:56:27 - [TEST_STEP][PASSED] - Statement - childgroup = driver.findElement(org.openqa.selenium.By.xpath(groupXpath)).getText(): null

2018-06-18 13:56:27 - [TEST_STEP][PASSED] - Statement - println(childgroup): null

2018-06-18 13:56:27 - [TEST_STEP][PASSED] - Statement - subGroupList[i - 1] = childgroup: null

2018-06-18 13:56:27 - [TEST_STEP][PASSED] - Statement - groupXpath = "(//span[@title='" + groupName + "']/following-sibling::ul/li/span[3]/span[2])[" + i + "]": null

2018-06-18 13:56:27 - [TEST_STEP][PASSED] - Statement - println(groupXpath): null

2018-06-18 13:56:27 - [TEST_STEP][PASSED] - Statement - childgroup = driver.findElement(org.openqa.selenium.By.xpath(groupXpath)).getText(): null

2018-06-18 13:56:28 - [TEST_STEP][PASSED] - Statement - println(childgroup): null

2018-06-18 13:56:28 - [TEST_STEP][PASSED] - Statement - subGroupList[i - 1] = childgroup: null

2018-06-18 13:56:28 - [TEST_STEP][PASSED] - Statement - groupXpath = "(//span[@title='" + groupName + "']/following-sibling::ul/li/span[3]/span[2])[" + i + "]": null

2018-06-18 13:56:28 - [TEST_STEP][PASSED] - Statement - println(groupXpath): null

2018-06-18 13:56:28 - [TEST_STEP][PASSED] - Statement - childgroup = driver.findElement(org.openqa.selenium.By.xpath(groupXpath)).getText(): null

2018-06-18 13:56:28 - [TEST_STEP][PASSED] - Statement - println(childgroup): null

2018-06-18 13:56:28 - [TEST_STEP][PASSED] - Statement - subGroupList[i - 1] = childgroup: null

2018-06-18 13:56:28 - [TEST_STEP][PASSED] - Statement - groupXpath = "(//span[@title='" + groupName + "']/following-sibling::ul/li/span[3]/span[2])[" + i + "]": null

2018-06-18 13:56:28 - [TEST_STEP][PASSED] - Statement - println(groupXpath): null

2018-06-18 13:56:28 - [TEST_STEP][PASSED] - Statement - childgroup = driver.findElement(org.openqa.selenium.By.xpath(groupXpath)).getText(): null

2018-06-18 13:56:28 - [TEST_STEP][PASSED] - Statement - println(childgroup): null

2018-06-18 13:56:28 - [TEST_STEP][PASSED] - Statement - subGroupList[i - 1] = childgroup: null

2018-06-18 13:56:28 - [TEST_STEP][PASSED] - Statement - groupXpath = "(//span[@title='" + groupName + "']/following-sibling::ul/li/span[3]/span[2])[" + i + "]": null

2018-06-18 13:56:28 - [TEST_STEP][PASSED] - Statement - println(groupXpath): null

2018-06-18 13:56:28 - [TEST_STEP][PASSED] - Statement - childgroup = driver.findElement(org.openqa.selenium.By.xpath(groupXpath)).getText(): null

2018-06-18 13:56:28 - [TEST_STEP][PASSED] - Statement - println(childgroup): null

2018-06-18 13:56:28 - [TEST_STEP][PASSED] - Statement - subGroupList[i - 1] = childgroup: null

2018-06-18 13:56:28 - [TEST_STEP][PASSED] - Statement - groupXpath = "(//span[@title='" + groupName + "']/following-sibling::ul/li/span[3]/span[2])[" + i + "]": null

2018-06-18 13:56:28 - [TEST_STEP][PASSED] - Statement - println(groupXpath): null

2018-06-18 13:56:28 - [TEST_STEP][PASSED] - Statement - childgroup = driver.findElement(org.openqa.selenium.By.xpath(groupXpath)).getText(): null

2018-06-18 13:56:28 - [TEST_STEP][PASSED] - Statement - println(childgroup): null

2018-06-18 13:56:28 - [TEST_STEP][PASSED] - Statement - subGroupList[i - 1] = childgroup: null

2018-06-18 13:56:28 - [TEST_STEP][PASSED] - Statement - groupXpath = "(//span[@title='" + groupName + "']/following-sibling::ul/li/span[3]/span[2])[" + i + "]": null

2018-06-18 13:56:28 - [TEST_STEP][PASSED] - Statement - println(groupXpath): null

2018-06-18 13:56:28 - [TEST_STEP][PASSED] - Statement - childgroup = driver.findElement(org.openqa.selenium.By.xpath(groupXpath)).getText(): null

2018-06-18 13:56:28 - [TEST_STEP][PASSED] - Statement - println(childgroup): null

2018-06-18 13:56:28 - [TEST_STEP][PASSED] - Statement - subGroupList[i - 1] = childgroup: null

2018-06-18 13:56:28 - [TEST_STEP][PASSED] - Statement - groupXpath = "(//span[@title='" + groupName + "']/following-sibling::ul/li/span[3]/span[2])[" + i + "]": null

2018-06-18 13:56:28 - [TEST_STEP][PASSED] - Statement - println(groupXpath): null

2018-06-18 13:56:28 - [TEST_STEP][PASSED] - Statement - childgroup = driver.findElement(org.openqa.selenium.By.xpath(groupXpath)).getText(): null

2018-06-18 13:56:28 - [TEST_STEP][PASSED] - Statement - println(childgroup): null

2018-06-18 13:56:28 - [TEST_STEP][PASSED] - Statement - subGroupList[i - 1] = childgroup: null

2018-06-18 13:56:28 - [TEST_STEP][PASSED] - Statement - groupXpath = "(//span[@title='" + groupName + "']/following-sibling::ul/li/span[3]/span[2])[" + i + "]": null

2018-06-18 13:56:28 - [TEST_STEP][PASSED] - Statement - println(groupXpath): null

2018-06-18 13:56:28 - [TEST_STEP][PASSED] - Statement - childgroup = driver.findElement(org.openqa.selenium.By.xpath(groupXpath)).getText(): null

2018-06-18 13:56:28 - [TEST_STEP][PASSED] - Statement - println(childgroup): null

2018-06-18 13:56:28 - [TEST_STEP][PASSED] - Statement - subGroupList[i - 1] = childgroup: null

2018-06-18 13:56:28 - [TEST_STEP][PASSED] - Statement - groupXpath = "(//span[@title='" + groupName + "']/following-sibling::ul/li/span[3]/span[2])[" + i + "]": null

2018-06-18 13:56:28 - [TEST_STEP][PASSED] - Statement - println(groupXpath): null

2018-06-18 13:56:28 - [TEST_STEP][PASSED] - Statement - childgroup = driver.findElement(org.openqa.selenium.By.xpath(groupXpath)).getText(): null

2018-06-18 13:56:28 - [TEST_STEP][PASSED] - Statement - println(childgroup): null

2018-06-18 13:56:28 - [TEST_STEP][PASSED] - Statement - subGroupList[i - 1] = childgroup: null

2018-06-18 13:56:28 - [TEST_STEP][PASSED] - Statement - groupXpath = "(//span[@title='" + groupName + "']/following-sibling::ul/li/span[3]/span[2])[" + i + "]": null

2018-06-18 13:56:28 - [TEST_STEP][PASSED] - Statement - println(groupXpath): null

2018-06-18 13:56:28 - [TEST_STEP][PASSED] - Statement - childgroup = driver.findElement(org.openqa.selenium.By.xpath(groupXpath)).getText(): null

2018-06-18 13:56:28 - [TEST_STEP][PASSED] - Statement - println(childgroup): null

2018-06-18 13:56:28 - [TEST_STEP][PASSED] - Statement - subGroupList[i - 1] = childgroup: null

2018-06-18 13:56:28 - [TEST_STEP][PASSED] - Statement - groupXpath = "(//span[@title='" + groupName + "']/following-sibling::ul/li/span[3]/span[2])[" + i + "]": null

2018-06-18 13:56:28 - [TEST_STEP][PASSED] - Statement - println(groupXpath): null

2018-06-18 13:56:28 - [TEST_STEP][PASSED] - Statement - childgroup = driver.findElement(org.openqa.selenium.By.xpath(groupXpath)).getText(): null

2018-06-18 13:56:28 - [TEST_STEP][PASSED] - Statement - println(childgroup): null

2018-06-18 13:56:28 - [TEST_STEP][PASSED] - Statement - subGroupList[i - 1] = childgroup: null

2018-06-18 13:56:28 - [TEST_STEP][PASSED] - Statement - groupXpath = "(//span[@title='" + groupName + "']/following-sibling::ul/li/span[3]/span[2])[" + i + "]": null

2018-06-18 13:56:28 - [TEST_STEP][PASSED] - Statement - println(groupXpath): null

2018-06-18 13:56:28 - [TEST_STEP][PASSED] - Statement - childgroup = driver.findElement(org.openqa.selenium.By.xpath(groupXpath)).getText(): null

2018-06-18 13:56:28 - [TEST_STEP][PASSED] - Statement - println(childgroup): null

2018-06-18 13:56:28 - [TEST_STEP][PASSED] - Statement - subGroupList[i - 1] = childgroup: null

2018-06-18 13:56:28 - [TEST_STEP][PASSED] - Statement - groupXpath = "(//span[@title='" + groupName + "']/following-sibling::ul/li/span[3]/span[2])[" + i + "]": null

2018-06-18 13:56:28 - [TEST_STEP][PASSED] - Statement - println(groupXpath): null

2018-06-18 13:56:28 - [TEST_STEP][PASSED] - Statement - childgroup = driver.findElement(org.openqa.selenium.By.xpath(groupXpath)).getText(): null

2018-06-18 13:56:28 - [TEST_STEP][PASSED] - Statement - println(childgroup): null

2018-06-18 13:56:28 - [TEST_STEP][PASSED] - Statement - subGroupList[i - 1] = childgroup: null

2018-06-18 13:56:28 - [TEST_STEP][PASSED] - Statement - groupXpath = "(//span[@title='" + groupName + "']/following-sibling::ul/li/span[3]/span[2])[" + i + "]": null

2018-06-18 13:56:28 - [TEST_STEP][PASSED] - Statement - println(groupXpath): null

2018-06-18 13:56:28 - [TEST_STEP][PASSED] - Statement - childgroup = driver.findElement(org.openqa.selenium.By.xpath(groupXpath)).getText(): null

2018-06-18 13:56:28 - [TEST_STEP][PASSED] - Statement - println(childgroup): null

2018-06-18 13:56:28 - [TEST_STEP][PASSED] - Statement - subGroupList[i - 1] = childgroup: null

2018-06-18 13:56:28 - [TEST_STEP][PASSED] - Statement - groupXpath = "(//span[@title='" + groupName + "']/following-sibling::ul/li/span[3]/span[2])[" + i + "]": null

2018-06-18 13:56:28 - [TEST_STEP][PASSED] - Statement - println(groupXpath): null

2018-06-18 13:56:28 - [TEST_STEP][PASSED] - Statement - childgroup = driver.findElement(org.openqa.selenium.By.xpath(groupXpath)).getText(): null

2018-06-18 13:56:28 - [TEST_STEP][PASSED] - Statement - println(childgroup): null

2018-06-18 13:56:28 - [TEST_STEP][PASSED] - Statement - subGroupList[i - 1] = childgroup: null

2018-06-18 13:56:28 - [TEST_STEP][PASSED] - Statement - groupXpath = "(//span[@title='" + groupName + "']/following-sibling::ul/li/span[3]/span[2])[" + i + "]": null

2018-06-18 13:56:28 - [TEST_STEP][PASSED] - Statement - println(groupXpath): null

2018-06-18 13:56:28 - [TEST_STEP][PASSED] - Statement - childgroup = driver.findElement(org.openqa.selenium.By.xpath(groupXpath)).getText(): null

2018-06-18 13:56:28 - [TEST_STEP][PASSED] - Statement - println(childgroup): null

2018-06-18 13:56:28 - [TEST_STEP][PASSED] - Statement - subGroupList[i - 1] = childgroup: null

2018-06-18 13:56:28 - [TEST_STEP][PASSED] - Statement - groupXpath = "(//span[@title='" + groupName + "']/following-sibling::ul/li/span[3]/span[2])[" + i + "]": null

2018-06-18 13:56:28 - [TEST_STEP][PASSED] - Statement - println(groupXpath): null

2018-06-18 13:56:28 - [TEST_STEP][PASSED] - Statement - childgroup = driver.findElement(org.openqa.selenium.By.xpath(groupXpath)).getText(): null

2018-06-18 13:56:28 - [TEST_STEP][PASSED] - Statement - println(childgroup): null

2018-06-18 13:56:28 - [TEST_STEP][PASSED] - Statement - subGroupList[i - 1] = childgroup: null

2018-06-18 13:56:28 - [TEST_STEP][PASSED] - Statement - groupXpath = "(//span[@title='" + groupName + "']/following-sibling::ul/li/span[3]/span[2])[" + i + "]": null

2018-06-18 13:56:28 - [TEST_STEP][PASSED] - Statement - println(groupXpath): null

2018-06-18 13:56:28 - [TEST_STEP][PASSED] - Statement - childgroup = driver.findElement(org.openqa.selenium.By.xpath(groupXpath)).getText(): null

2018-06-18 13:56:28 - [TEST_STEP][PASSED] - Statement - println(childgroup): null

2018-06-18 13:56:28 - [TEST_STEP][PASSED] - Statement - subGroupList[i - 1] = childgroup: null

2018-06-18 13:56:28 - [TEST_STEP][PASSED] - Statement - groupXpath = "(//span[@title='" + groupName + "']/following-sibling::ul/li/span[3]/span[2])[" + i + "]": null

2018-06-18 13:56:28 - [TEST_STEP][PASSED] - Statement - println(groupXpath): null

2018-06-18 13:56:28 - [TEST_STEP][PASSED] - Statement - childgroup = driver.findElement(org.openqa.selenium.By.xpath(groupXpath)).getText(): null

2018-06-18 13:56:28 - [TEST_STEP][PASSED] - Statement - println(childgroup): null

2018-06-18 13:56:28 - [TEST_STEP][PASSED] - Statement - subGroupList[i - 1] = childgroup: null

2018-06-18 13:56:28 - [TEST_STEP][PASSED] - Statement - groupXpath = "(//span[@title='" + groupName + "']/following-sibling::ul/li/span[3]/span[2])[" + i + "]": null

2018-06-18 13:56:28 - [TEST_STEP][PASSED] - Statement - println(groupXpath): null

2018-06-18 13:56:28 - [TEST_STEP][PASSED] - Statement - childgroup = driver.findElement(org.openqa.selenium.By.xpath(groupXpath)).getText(): null

2018-06-18 13:56:28 - [TEST_STEP][PASSED] - Statement - println(childgroup): null

2018-06-18 13:56:28 - [TEST_STEP][PASSED] - Statement - subGroupList[i - 1] = childgroup: null

2018-06-18 13:56:28 - [TEST_STEP][PASSED] - Statement - groupXpath = "(//span[@title='" + groupName + "']/following-sibling::ul/li/span[3]/span[2])[" + i + "]": null

2018-06-18 13:56:28 - [TEST_STEP][PASSED] - Statement - println(groupXpath): null

2018-06-18 13:56:28 - [TEST_STEP][PASSED] - Statement - childgroup = driver.findElement(org.openqa.selenium.By.xpath(groupXpath)).getText(): null

2018-06-18 13:56:28 - [TEST_STEP][PASSED] - Statement - println(childgroup): null

2018-06-18 13:56:28 - [TEST_STEP][PASSED] - Statement - subGroupList[i - 1] = childgroup: null

2018-06-18 13:56:28 - [TEST_STEP][PASSED] - Statement - groupXpath = "(//span[@title='" + groupName + "']/following-sibling::ul/li/span[3]/span[2])[" + i + "]": null

2018-06-18 13:56:28 - [TEST_STEP][PASSED] - Statement - println(groupXpath): null

2018-06-18 13:56:28 - [TEST_STEP][PASSED] - Statement - childgroup = driver.findElement(org.openqa.selenium.By.xpath(groupXpath)).getText(): null

2018-06-18 13:56:28 - [TEST_STEP][PASSED] - Statement - println(childgroup): null

2018-06-18 13:56:28 - [TEST_STEP][PASSED] - Statement - subGroupList[i - 1] = childgroup: null

2018-06-18 13:56:28 - [TEST_STEP][PASSED] - Statement - groupXpath = "(//span[@title='" + groupName + "']/following-sibling::ul/li/span[3]/span[2])[" + i + "]": null

2018-06-18 13:56:28 - [TEST_STEP][PASSED] - Statement - println(groupXpath): null

2018-06-18 13:56:28 - [TEST_STEP][PASSED] - Statement - childgroup = driver.findElement(org.openqa.selenium.By.xpath(groupXpath)).getText(): null

2018-06-18 13:56:28 - [TEST_STEP][PASSED] - Statement - println(childgroup): null

2018-06-18 13:56:28 - [TEST_STEP][PASSED] - Statement - subGroupList[i - 1] = childgroup: null

2018-06-18 13:56:28 - [TEST_STEP][PASSED] - Statement - groupXpath = "(//span[@title='" + groupName + "']/following-sibling::ul/li/span[3]/span[2])[" + i + "]": null

2018-06-18 13:56:28 - [TEST_STEP][PASSED] - Statement - println(groupXpath): null

2018-06-18 13:56:28 - [TEST_STEP][PASSED] - Statement - childgroup = driver.findElement(org.openqa.selenium.By.xpath(groupXpath)).getText(): null

2018-06-18 13:56:28 - [TEST_STEP][PASSED] - Statement - println(childgroup): null

2018-06-18 13:56:28 - [TEST_STEP][PASSED] - Statement - subGroupList[i - 1] = childgroup: null

2018-06-18 13:56:28 - [TEST_STEP][PASSED] - Statement - groupXpath = "(//span[@title='" + groupName + "']/following-sibling::ul/li/span[3]/span[2])[" + i + "]": null

2018-06-18 13:56:28 - [TEST_STEP][PASSED] - Statement - println(groupXpath): null

2018-06-18 13:56:28 - [TEST_STEP][PASSED] - Statement - childgroup = driver.findElement(org.openqa.selenium.By.xpath(groupXpath)).getText(): null

2018-06-18 13:56:28 - [TEST_STEP][PASSED] - Statement - println(childgroup): null

2018-06-18 13:56:28 - [TEST_STEP][PASSED] - Statement - subGroupList[i - 1] = childgroup: null

2018-06-18 13:56:28 - [TEST_STEP][PASSED] - Statement - groupXpath = "(//span[@title='" + groupName + "']/following-sibling::ul/li/span[3]/span[2])[" + i + "]": null

2018-06-18 13:56:28 - [TEST_STEP][PASSED] - Statement - println(groupXpath): null

2018-06-18 13:56:28 - [TEST_STEP][PASSED] - Statement - childgroup = driver.findElement(org.openqa.selenium.By.xpath(groupXpath)).getText(): null

2018-06-18 13:56:28 - [TEST_STEP][PASSED] - Statement - println(childgroup): null

2018-06-18 13:56:28 - [TEST_STEP][PASSED] - Statement - subGroupList[i - 1] = childgroup: null

2018-06-18 13:56:28 - [TEST_STEP][PASSED] - Statement - groupXpath = "(//span[@title='" + groupName + "']/following-sibling::ul/li/span[3]/span[2])[" + i + "]": null

2018-06-18 13:56:28 - [TEST_STEP][PASSED] - Statement - println(groupXpath): null

2018-06-18 13:56:28 - [TEST_STEP][PASSED] - Statement - childgroup = driver.findElement(org.openqa.selenium.By.xpath(groupXpath)).getText(): null

2018-06-18 13:56:28 - [TEST_STEP][PASSED] - Statement - println(childgroup): null

2018-06-18 13:56:28 - [TEST_STEP][PASSED] - Statement - subGroupList[i - 1] = childgroup: null

2018-06-18 13:56:28 - [TEST_STEP][PASSED] - Statement - groupXpath = "(//span[@title='" + groupName + "']/following-sibling::ul/li/span[3]/span[2])[" + i + "]": null

2018-06-18 13:56:28 - [TEST_STEP][PASSED] - Statement - println(groupXpath): null

2018-06-18 13:56:28 - [TEST_STEP][PASSED] - Statement - childgroup = driver.findElement(org.openqa.selenium.By.xpath(groupXpath)).getText(): null

2018-06-18 13:56:28 - [TEST_STEP][PASSED] - Statement - println(childgroup): null

2018-06-18 13:56:28 - [TEST_STEP][PASSED] - Statement - subGroupList[i - 1] = childgroup: null

2018-06-18 13:56:28 - [TEST_STEP][PASSED] - Statement - groupXpath = "(//span[@title='" + groupName + "']/following-sibling::ul/li/span[3]/span[2])[" + i + "]": null

2018-06-18 13:56:28 - [TEST_STEP][PASSED] - Statement - println(groupXpath): null

2018-06-18 13:56:28 - [TEST_STEP][PASSED] - Statement - childgroup = driver.findElement(org.openqa.selenium.By.xpath(groupXpath)).getText(): null

2018-06-18 13:56:28 - [TEST_STEP][PASSED] - Statement - println(childgroup): null

2018-06-18 13:56:28 - [TEST_STEP][PASSED] - Statement - subGroupList[i - 1] = childgroup: null

2018-06-18 13:56:28 - [TEST_STEP][PASSED] - Statement - groupXpath = "(//span[@title='" + groupName + "']/following-sibling::ul/li/span[3]/span[2])[" + i + "]": null

2018-06-18 13:56:28 - [TEST_STEP][PASSED] - Statement - println(groupXpath): null

2018-06-18 13:56:28 - [TEST_STEP][PASSED] - Statement - childgroup = driver.findElement(org.openqa.selenium.By.xpath(groupXpath)).getText(): null

2018-06-18 13:56:28 - [TEST_STEP][PASSED] - Statement - println(childgroup): null

2018-06-18 13:56:28 - [TEST_STEP][PASSED] - Statement - subGroupList[i - 1] = childgroup: null

2018-06-18 13:56:28 - [TEST_STEP][PASSED] - Statement - groupXpath = "(//span[@title='" + groupName + "']/following-sibling::ul/li/span[3]/span[2])[" + i + "]": null

2018-06-18 13:56:28 - [TEST_STEP][PASSED] - Statement - println(groupXpath): null

2018-06-18 13:56:28 - [TEST_STEP][PASSED] - Statement - childgroup = driver.findElement(org.openqa.selenium.By.xpath(groupXpath)).getText(): null

2018-06-18 13:56:28 - [TEST_STEP][PASSED] - Statement - println(childgroup): null

2018-06-18 13:56:28 - [TEST_STEP][PASSED] - Statement - subGroupList[i - 1] = childgroup: null

2018-06-18 13:56:28 - [TEST_STEP][PASSED] - Statement - groupXpath = "(//span[@title='" + groupName + "']/following-sibling::ul/li/span[3]/span[2])[" + i + "]": null

2018-06-18 13:56:28 - [TEST_STEP][PASSED] - Statement - println(groupXpath): null

2018-06-18 13:56:28 - [TEST_STEP][PASSED] - Statement - childgroup = driver.findElement(org.openqa.selenium.By.xpath(groupXpath)).getText(): null

2018-06-18 13:56:28 - [TEST_STEP][PASSED] - Statement - println(childgroup): null

2018-06-18 13:56:28 - [TEST_STEP][PASSED] - Statement - subGroupList[i - 1] = childgroup: null

2018-06-18 13:56:28 - [TEST_STEP][PASSED] - Statement - groupXpath = "(//span[@title='" + groupName + "']/following-sibling::ul/li/span[3]/span[2])[" + i + "]": null

2018-06-18 13:56:28 - [TEST_STEP][PASSED] - Statement - println(groupXpath): null

2018-06-18 13:56:28 - [TEST_STEP][PASSED] - Statement - childgroup = driver.findElement(org.openqa.selenium.By.xpath(groupXpath)).getText(): null

2018-06-18 13:56:28 - [TEST_STEP][PASSED] - Statement - println(childgroup): null

2018-06-18 13:56:28 - [TEST_STEP][PASSED] - Statement - subGroupList[i - 1] = childgroup: null

2018-06-18 13:56:28 - [TEST_STEP][PASSED] - Statement - groupXpath = "(//span[@title='" + groupName + "']/following-sibling::ul/li/span[3]/span[2])[" + i + "]": null

2018-06-18 13:56:28 - [TEST_STEP][PASSED] - Statement - println(groupXpath): null

2018-06-18 13:56:28 - [TEST_STEP][PASSED] - Statement - childgroup = driver.findElement(org.openqa.selenium.By.xpath(groupXpath)).getText(): null

2018-06-18 13:56:29 - [TEST_STEP][PASSED] - Statement - println(childgroup): null

2018-06-18 13:56:29 - [TEST_STEP][PASSED] - Statement - subGroupList[i - 1] = childgroup: null

2018-06-18 13:56:29 - [TEST_STEP][PASSED] - Statement - groupXpath = "(//span[@title='" + groupName + "']/following-sibling::ul/li/span[3]/span[2])[" + i + "]": null

2018-06-18 13:56:29 - [TEST_STEP][PASSED] - Statement - println(groupXpath): null

2018-06-18 13:56:29 - [TEST_STEP][PASSED] - Statement - childgroup = driver.findElement(org.openqa.selenium.By.xpath(groupXpath)).getText(): null

2018-06-18 13:56:29 - [TEST_STEP][PASSED] - Statement - println(childgroup): null

2018-06-18 13:56:29 - [TEST_STEP][PASSED] - Statement - subGroupList[i - 1] = childgroup: null

2018-06-18 13:56:29 - [TEST_STEP][PASSED] - Statement - groupXpath = "(//span[@title='" + groupName + "']/following-sibling::ul/li/span[3]/span[2])[" + i + "]": null

2018-06-18 13:56:29 - [TEST_STEP][PASSED] - Statement - println(groupXpath): null

2018-06-18 13:56:29 - [TEST_STEP][PASSED] - Statement - childgroup = driver.findElement(org.openqa.selenium.By.xpath(groupXpath)).getText(): null

2018-06-18 13:56:29 - [TEST_STEP][PASSED] - Statement - println(childgroup): null

2018-06-18 13:56:29 - [TEST_STEP][PASSED] - Statement - subGroupList[i - 1] = childgroup: null

2018-06-18 13:56:29 - [TEST_STEP][PASSED] - Statement - groupXpath = "(//span[@title='" + groupName + "']/following-sibling::ul/li/span[3]/span[2])[" + i + "]": null

2018-06-18 13:56:29 - [TEST_STEP][PASSED] - Statement - println(groupXpath): null

2018-06-18 13:56:29 - [TEST_STEP][PASSED] - Statement - childgroup = driver.findElement(org.openqa.selenium.By.xpath(groupXpath)).getText(): null

2018-06-18 13:56:29 - [TEST_STEP][PASSED] - Statement - println(childgroup): null

2018-06-18 13:56:29 - [TEST_STEP][PASSED] - Statement - subGroupList[i - 1] = childgroup: null

2018-06-18 13:56:29 - [TEST_STEP][PASSED] - Statement - groupXpath = "(//span[@title='" + groupName + "']/following-sibling::ul/li/span[3]/span[2])[" + i + "]": null

2018-06-18 13:56:29 - [TEST_STEP][PASSED] - Statement - println(groupXpath): null

2018-06-18 13:56:29 - [TEST_STEP][PASSED] - Statement - childgroup = driver.findElement(org.openqa.selenium.By.xpath(groupXpath)).getText(): null

2018-06-18 13:56:29 - [TEST_STEP][PASSED] - Statement - println(childgroup): null

2018-06-18 13:56:29 - [TEST_STEP][PASSED] - Statement - subGroupList[i - 1] = childgroup: null

2018-06-18 13:56:29 - [TEST_STEP][PASSED] - Statement - groupXpath = "(//span[@title='" + groupName + "']/following-sibling::ul/li/span[3]/span[2])[" + i + "]": null

2018-06-18 13:56:29 - [TEST_STEP][PASSED] - Statement - println(groupXpath): null

2018-06-18 13:56:29 - [TEST_STEP][PASSED] - Statement - childgroup = driver.findElement(org.openqa.selenium.By.xpath(groupXpath)).getText(): null

2018-06-18 13:56:29 - [TEST_STEP][PASSED] - Statement - println(childgroup): null

2018-06-18 13:56:29 - [TEST_STEP][PASSED] - Statement - subGroupList[i - 1] = childgroup: null

2018-06-18 13:56:29 - [TEST_STEP][PASSED] - Statement - groupXpath = "(//span[@title='" + groupName + "']/following-sibling::ul/li/span[3]/span[2])[" + i + "]": null

2018-06-18 13:56:29 - [TEST_STEP][PASSED] - Statement - println(groupXpath): null

2018-06-18 13:56:29 - [TEST_STEP][PASSED] - Statement - childgroup = driver.findElement(org.openqa.selenium.By.xpath(groupXpath)).getText(): null

2018-06-18 13:56:29 - [TEST_STEP][PASSED] - Statement - println(childgroup): null

2018-06-18 13:56:29 - [TEST_STEP][PASSED] - Statement - subGroupList[i - 1] = childgroup: null

2018-06-18 13:56:29 - [TEST_STEP][PASSED] - Statement - groupXpath = "(//span[@title='" + groupName + "']/following-sibling::ul/li/span[3]/span[2])[" + i + "]": null

2018-06-18 13:56:29 - [TEST_STEP][PASSED] - Statement - println(groupXpath): null

2018-06-18 13:56:29 - [TEST_STEP][PASSED] - Statement - childgroup = driver.findElement(org.openqa.selenium.By.xpath(groupXpath)).getText(): null

2018-06-18 13:56:29 - [TEST_STEP][PASSED] - Statement - println(childgroup): null

2018-06-18 13:56:29 - [TEST_STEP][PASSED] - Statement - subGroupList[i - 1] = childgroup: null

2018-06-18 13:56:29 - [TEST_STEP][PASSED] - Statement - groupXpath = "(//span[@title='" + groupName + "']/following-sibling::ul/li/span[3]/span[2])[" + i + "]": null

2018-06-18 13:56:29 - [TEST_STEP][PASSED] - Statement - println(groupXpath): null

2018-06-18 13:56:29 - [TEST_STEP][PASSED] - Statement - childgroup = driver.findElement(org.openqa.selenium.By.xpath(groupXpath)).getText(): null

2018-06-18 13:56:29 - [TEST_STEP][PASSED] - Statement - println(childgroup): null

2018-06-18 13:56:29 - [TEST_STEP][PASSED] - Statement - subGroupList[i - 1] = childgroup: null

2018-06-18 13:56:29 - [TEST_STEP][PASSED] - Statement - groupXpath = "(//span[@title='" + groupName + "']/following-sibling::ul/li/span[3]/span[2])[" + i + "]": null

2018-06-18 13:56:29 - [TEST_STEP][PASSED] - Statement - println(groupXpath): null

2018-06-18 13:56:29 - [TEST_STEP][PASSED] - Statement - childgroup = driver.findElement(org.openqa.selenium.By.xpath(groupXpath)).getText(): null

2018-06-18 13:56:29 - [TEST_STEP][PASSED] - Statement - println(childgroup): null

2018-06-18 13:56:29 - [TEST_STEP][PASSED] - Statement - subGroupList[i - 1] = childgroup: null

2018-06-18 13:56:29 - [TEST_STEP][PASSED] - Statement - groupXpath = "(//span[@title='" + groupName + "']/following-sibling::ul/li/span[3]/span[2])[" + i + "]": null

2018-06-18 13:56:29 - [TEST_STEP][PASSED] - Statement - println(groupXpath): null

2018-06-18 13:56:29 - [TEST_STEP][PASSED] - Statement - childgroup = driver.findElement(org.openqa.selenium.By.xpath(groupXpath)).getText(): null

2018-06-18 13:56:29 - [TEST_STEP][PASSED] - Statement - println(childgroup): null

2018-06-18 13:56:29 - [TEST_STEP][PASSED] - Statement - subGroupList[i - 1] = childgroup: null

2018-06-18 13:56:29 - [TEST_STEP][PASSED] - Statement - groupXpath = "(//span[@title='" + groupName + "']/following-sibling::ul/li/span[3]/span[2])[" + i + "]": null

2018-06-18 13:56:29 - [TEST_STEP][PASSED] - Statement - println(groupXpath): null

2018-06-18 13:56:29 - [TEST_STEP][PASSED] - Statement - childgroup = driver.findElement(org.openqa.selenium.By.xpath(groupXpath)).getText(): null

2018-06-18 13:56:29 - [TEST_STEP][PASSED] - Statement - println(childgroup): null

2018-06-18 13:56:29 - [TEST_STEP][PASSED] - Statement - subGroupList[i - 1] = childgroup: null

2018-06-18 13:56:29 - [TEST_STEP][PASSED] - Statement - groupXpath = "(//span[@title='" + groupName + "']/following-sibling::ul/li/span[3]/span[2])[" + i + "]": null

2018-06-18 13:56:29 - [TEST_STEP][PASSED] - Statement - println(groupXpath): null

2018-06-18 13:56:29 - [TEST_STEP][PASSED] - Statement - childgroup = driver.findElement(org.openqa.selenium.By.xpath(groupXpath)).getText(): null

2018-06-18 13:56:29 - [TEST_STEP][PASSED] - Statement - println(childgroup): null

2018-06-18 13:56:29 - [TEST_STEP][PASSED] - Statement - subGroupList[i - 1] = childgroup: null

2018-06-18 13:56:29 - [TEST_STEP][PASSED] - Statement - groupXpath = "(//span[@title='" + groupName + "']/following-sibling::ul/li/span[3]/span[2])[" + i + "]": null

2018-06-18 13:56:29 - [TEST_STEP][PASSED] - Statement - println(groupXpath): null

2018-06-18 13:56:29 - [TEST_STEP][PASSED] - Statement - childgroup = driver.findElement(org.openqa.selenium.By.xpath(groupXpath)).getText(): null

2018-06-18 13:56:29 - [TEST_STEP][PASSED] - Statement - println(childgroup): null

2018-06-18 13:56:29 - [TEST_STEP][PASSED] - Statement - subGroupList[i - 1] = childgroup: null

2018-06-18 13:56:29 - [TEST_STEP][PASSED] - Statement - groupXpath = "(//span[@title='" + groupName + "']/following-sibling::ul/li/span[3]/span[2])[" + i + "]": null

2018-06-18 13:56:29 - [TEST_STEP][PASSED] - Statement - println(groupXpath): null

2018-06-18 13:56:29 - [TEST_STEP][PASSED] - Statement - childgroup = driver.findElement(org.openqa.selenium.By.xpath(groupXpath)).getText(): null

2018-06-18 13:56:29 - [TEST_STEP][PASSED] - Statement - println(childgroup): null

2018-06-18 13:56:29 - [TEST_STEP][PASSED] - Statement - subGroupList[i - 1] = childgroup: null

2018-06-18 13:56:29 - [TEST_STEP][PASSED] - Statement - groupXpath = "(//span[@title='" + groupName + "']/following-sibling::ul/li/span[3]/span[2])[" + i + "]": null

2018-06-18 13:56:29 - [TEST_STEP][PASSED] - Statement - println(groupXpath): null

2018-06-18 13:56:29 - [TEST_STEP][PASSED] - Statement - childgroup = driver.findElement(org.openqa.selenium.By.xpath(groupXpath)).getText(): null

2018-06-18 13:56:29 - [TEST_STEP][PASSED] - Statement - println(childgroup): null

2018-06-18 13:56:29 - [TEST_STEP][PASSED] - Statement - subGroupList[i - 1] = childgroup: null

2018-06-18 13:56:29 - [TEST_STEP][PASSED] - Statement - groupXpath = "(//span[@title='" + groupName + "']/following-sibling::ul/li/span[3]/span[2])[" + i + "]": null

2018-06-18 13:56:29 - [TEST_STEP][PASSED] - Statement - println(groupXpath): null

2018-06-18 13:56:29 - [TEST_STEP][PASSED] - Statement - childgroup = driver.findElement(org.openqa.selenium.By.xpath(groupXpath)).getText(): null

2018-06-18 13:56:29 - [TEST_STEP][PASSED] - Statement - println(childgroup): null

2018-06-18 13:56:29 - [TEST_STEP][PASSED] - Statement - subGroupList[i - 1] = childgroup: null

2018-06-18 13:56:29 - [TEST_STEP][PASSED] - Statement - groupXpath = "(//span[@title='" + groupName + "']/following-sibling::ul/li/span[3]/span[2])[" + i + "]": null

2018-06-18 13:56:29 - [TEST_STEP][PASSED] - Statement - println(groupXpath): null

2018-06-18 13:56:29 - [TEST_STEP][PASSED] - Statement - childgroup = driver.findElement(org.openqa.selenium.By.xpath(groupXpath)).getText(): null

2018-06-18 13:56:29 - [TEST_STEP][PASSED] - Statement - println(childgroup): null

2018-06-18 13:56:29 - [TEST_STEP][PASSED] - Statement - subGroupList[i - 1] = childgroup: null

2018-06-18 13:56:29 - [TEST_STEP][PASSED] - Statement - groupXpath = "(//span[@title='" + groupName + "']/following-sibling::ul/li/span[3]/span[2])[" + i + "]": null

2018-06-18 13:56:29 - [TEST_STEP][PASSED] - Statement - println(groupXpath): null

2018-06-18 13:56:29 - [TEST_STEP][PASSED] - Statement - childgroup = driver.findElement(org.openqa.selenium.By.xpath(groupXpath)).getText(): null

2018-06-18 13:56:29 - [TEST_STEP][PASSED] - Statement - println(childgroup): null

2018-06-18 13:56:29 - [TEST_STEP][PASSED] - Statement - subGroupList[i - 1] = childgroup: null

2018-06-18 13:56:29 - [TEST_STEP][PASSED] - Statement - groupXpath = "(//span[@title='" + groupName + "']/following-sibling::ul/li/span[3]/span[2])[" + i + "]": null

2018-06-18 13:56:29 - [TEST_STEP][PASSED] - Statement - println(groupXpath): null

2018-06-18 13:56:29 - [TEST_STEP][PASSED] - Statement - childgroup = driver.findElement(org.openqa.selenium.By.xpath(groupXpath)).getText(): null

2018-06-18 13:56:29 - [TEST_STEP][PASSED] - Statement - println(childgroup): null

2018-06-18 13:56:29 - [TEST_STEP][PASSED] - Statement - subGroupList[i - 1] = childgroup: null

2018-06-18 13:56:29 - [TEST_STEP][PASSED] - Statement - groupXpath = "(//span[@title='" + groupName + "']/following-sibling::ul/li/span[3]/span[2])[" + i + "]": null

2018-06-18 13:56:29 - [TEST_STEP][PASSED] - Statement - println(groupXpath): null

2018-06-18 13:56:29 - [TEST_STEP][PASSED] - Statement - childgroup = driver.findElement(org.openqa.selenium.By.xpath(groupXpath)).getText(): null

2018-06-18 13:56:29 - [TEST_STEP][PASSED] - Statement - println(childgroup): null

2018-06-18 13:56:29 - [TEST_STEP][PASSED] - Statement - subGroupList[i - 1] = childgroup: null

2018-06-18 13:56:29 - [TEST_STEP][PASSED] - Statement - groupXpath = "(//span[@title='" + groupName + "']/following-sibling::ul/li/span[3]/span[2])[" + i + "]": null

2018-06-18 13:56:29 - [TEST_STEP][PASSED] - Statement - println(groupXpath): null

2018-06-18 13:56:29 - [TEST_STEP][PASSED] - Statement - childgroup = driver.findElement(org.openqa.selenium.By.xpath(groupXpath)).getText(): null

2018-06-18 13:56:29 - [TEST_STEP][PASSED] - Statement - println(childgroup): null

2018-06-18 13:56:29 - [TEST_STEP][PASSED] - Statement - subGroupList[i - 1] = childgroup: null

2018-06-18 13:56:29 - [TEST_STEP][PASSED] - Statement - groupXpath = "(//span[@title='" + groupName + "']/following-sibling::ul/li/span[3]/span[2])[" + i + "]": null

2018-06-18 13:56:29 - [TEST_STEP][PASSED] - Statement - println(groupXpath): null

2018-06-18 13:56:29 - [TEST_STEP][PASSED] - Statement - childgroup = driver.findElement(org.openqa.selenium.By.xpath(groupXpath)).getText(): null

2018-06-18 13:56:29 - [TEST_STEP][PASSED] - Statement - println(childgroup): null

2018-06-18 13:56:29 - [TEST_STEP][PASSED] - Statement - subGroupList[i - 1] = childgroup: null

2018-06-18 13:56:29 - [TEST_STEP][PASSED] - Statement - groupXpath = "(//span[@title='" + groupName + "']/following-sibling::ul/li/span[3]/span[2])[" + i + "]": null

2018-06-18 13:56:29 - [TEST_STEP][PASSED] - Statement - println(groupXpath): null

2018-06-18 13:56:29 - [TEST_STEP][PASSED] - Statement - childgroup = driver.findElement(org.openqa.selenium.By.xpath(groupXpath)).getText(): null

2018-06-18 13:56:29 - [TEST_STEP][PASSED] - Statement - println(childgroup): null

2018-06-18 13:56:29 - [TEST_STEP][PASSED] - Statement - subGroupList[i - 1] = childgroup: null

2018-06-18 13:56:29 - [TEST_STEP][PASSED] - Statement - groupXpath = "(//span[@title='" + groupName + "']/following-sibling::ul/li/span[3]/span[2])[" + i + "]": null

2018-06-18 13:56:29 - [TEST_STEP][PASSED] - Statement - println(groupXpath): null

2018-06-18 13:56:29 - [TEST_STEP][PASSED] - Statement - childgroup = driver.findElement(org.openqa.selenium.By.xpath(groupXpath)).getText(): null

2018-06-18 13:56:29 - [TEST_STEP][PASSED] - Statement - println(childgroup): null

2018-06-18 13:56:29 - [TEST_STEP][PASSED] - Statement - subGroupList[i - 1] = childgroup: null

2018-06-18 13:56:29 - [TEST_STEP][PASSED] - Statement - groupXpath = "(//span[@title='" + groupName + "']/following-sibling::ul/li/span[3]/span[2])[" + i + "]": null

2018-06-18 13:56:29 - [TEST_STEP][PASSED] - Statement - println(groupXpath): null

2018-06-18 13:56:29 - [TEST_STEP][PASSED] - Statement - childgroup = driver.findElement(org.openqa.selenium.By.xpath(groupXpath)).getText(): null

2018-06-18 13:56:29 - [TEST_STEP][PASSED] - Statement - println(childgroup): null

2018-06-18 13:56:29 - [TEST_STEP][PASSED] - Statement - subGroupList[i - 1] = childgroup: null

2018-06-18 13:56:29 - [TEST_STEP][PASSED] - Statement - groupXpath = "(//span[@title='" + groupName + "']/following-sibling::ul/li/span[3]/span[2])[" + i + "]": null

2018-06-18 13:56:29 - [TEST_STEP][PASSED] - Statement - println(groupXpath): null

2018-06-18 13:56:29 - [TEST_STEP][PASSED] - Statement - childgroup = driver.findElement(org.openqa.selenium.By.xpath(groupXpath)).getText(): null

2018-06-18 13:56:29 - [TEST_STEP][PASSED] - Statement - println(childgroup): null

2018-06-18 13:56:29 - [TEST_STEP][PASSED] - Statement - subGroupList[i - 1] = childgroup: null

2018-06-18 13:56:29 - [TEST_STEP][PASSED] - Statement - groupXpath = "(//span[@title='" + groupName + "']/following-sibling::ul/li/span[3]/span[2])[" + i + "]": null

2018-06-18 13:56:29 - [TEST_STEP][PASSED] - Statement - println(groupXpath): null

2018-06-18 13:56:29 - [TEST_STEP][PASSED] - Statement - childgroup = driver.findElement(org.openqa.selenium.By.xpath(groupXpath)).getText(): null

2018-06-18 13:56:29 - [TEST_STEP][PASSED] - Statement - println(childgroup): null

2018-06-18 13:56:29 - [TEST_STEP][PASSED] - Statement - subGroupList[i - 1] = childgroup: null

2018-06-18 13:56:29 - [TEST_STEP][PASSED] - Statement - groupXpath = "(//span[@title='" + groupName + "']/following-sibling::ul/li/span[3]/span[2])[" + i + "]": null

2018-06-18 13:56:29 - [TEST_STEP][PASSED] - Statement - println(groupXpath): null

2018-06-18 13:56:29 - [TEST_STEP][PASSED] - Statement - childgroup = driver.findElement(org.openqa.selenium.By.xpath(groupXpath)).getText(): null

2018-06-18 13:56:29 - [TEST_STEP][PASSED] - Statement - println(childgroup): null

2018-06-18 13:56:29 - [TEST_STEP][PASSED] - Statement - subGroupList[i - 1] = childgroup: null

2018-06-18 13:56:29 - [TEST_STEP][PASSED] - Statement - groupXpath = "(//span[@title='" + groupName + "']/following-sibling::ul/li/span[3]/span[2])[" + i + "]": null

2018-06-18 13:56:29 - [TEST_STEP][PASSED] - Statement - println(groupXpath): null

2018-06-18 13:56:29 - [TEST_STEP][PASSED] - Statement - childgroup = driver.findElement(org.openqa.selenium.By.xpath(groupXpath)).getText(): null

2018-06-18 13:56:29 - [TEST_STEP][PASSED] - Statement - println(childgroup): null

2018-06-18 13:56:29 - [TEST_STEP][PASSED] - Statement - subGroupList[i - 1] = childgroup: null

2018-06-18 13:56:29 - [TEST_STEP][PASSED] - Statement - groupXpath = "(//span[@title='" + groupName + "']/following-sibling::ul/li/span[3]/span[2])[" + i + "]": null

2018-06-18 13:56:29 - [TEST_STEP][PASSED] - Statement - println(groupXpath): null

2018-06-18 13:56:29 - [TEST_STEP][PASSED] - Statement - childgroup = driver.findElement(org.openqa.selenium.By.xpath(groupXpath)).getText(): null

2018-06-18 13:56:29 - [TEST_STEP][PASSED] - Statement - println(childgroup): null

2018-06-18 13:56:29 - [TEST_STEP][PASSED] - Statement - subGroupList[i - 1] = childgroup: null

2018-06-18 13:56:29 - [TEST_STEP][PASSED] - Statement - groupXpath = "(//span[@title='" + groupName + "']/following-sibling::ul/li/span[3]/span[2])[" + i + "]": null

2018-06-18 13:56:29 - [TEST_STEP][PASSED] - Statement - println(groupXpath): null

2018-06-18 13:56:29 - [TEST_STEP][PASSED] - Statement - childgroup = driver.findElement(org.openqa.selenium.By.xpath(groupXpath)).getText(): null

2018-06-18 13:56:29 - [TEST_STEP][PASSED] - Statement - println(childgroup): null

2018-06-18 13:56:29 - [TEST_STEP][PASSED] - Statement - subGroupList[i - 1] = childgroup: null

2018-06-18 13:56:29 - [TEST_STEP][PASSED] - Statement - groupXpath = "(//span[@title='" + groupName + "']/following-sibling::ul/li/span[3]/span[2])[" + i + "]": null

2018-06-18 13:56:29 - [TEST_STEP][PASSED] - Statement - println(groupXpath): null

2018-06-18 13:56:29 - [TEST_STEP][PASSED] - Statement - childgroup = driver.findElement(org.openqa.selenium.By.xpath(groupXpath)).getText(): null

2018-06-18 13:56:30 - [TEST_STEP][PASSED] - Statement - println(childgroup): null

2018-06-18 13:56:30 - [TEST_STEP][PASSED] - Statement - subGroupList[i - 1] = childgroup: null

2018-06-18 13:56:30 - [TEST_STEP][PASSED] - Statement - groupXpath = "(//span[@title='" + groupName + "']/following-sibling::ul/li/span[3]/span[2])[" + i + "]": null

2018-06-18 13:56:30 - [TEST_STEP][PASSED] - Statement - println(groupXpath): null

2018-06-18 13:56:30 - [TEST_STEP][PASSED] - Statement - childgroup = driver.findElement(org.openqa.selenium.By.xpath(groupXpath)).getText(): null

2018-06-18 13:56:30 - [TEST_STEP][PASSED] - Statement - println(childgroup): null

2018-06-18 13:56:30 - [TEST_STEP][PASSED] - Statement - subGroupList[i - 1] = childgroup: null

2018-06-18 13:56:30 - [TEST_STEP][PASSED] - Statement - groupXpath = "(//span[@title='" + groupName + "']/following-sibling::ul/li/span[3]/span[2])[" + i + "]": null

2018-06-18 13:56:30 - [TEST_STEP][PASSED] - Statement - println(groupXpath): null

2018-06-18 13:56:30 - [TEST_STEP][PASSED] - Statement - childgroup = driver.findElement(org.openqa.selenium.By.xpath(groupXpath)).getText(): null

2018-06-18 13:56:30 - [TEST_STEP][PASSED] - Statement - println(childgroup): null

2018-06-18 13:56:30 - [TEST_STEP][PASSED] - Statement - subGroupList[i - 1] = childgroup: null

2018-06-18 13:56:30 - [TEST_STEP][PASSED] - Statement - groupXpath = "(//span[@title='" + groupName + "']/following-sibling::ul/li/span[3]/span[2])[" + i + "]": null

2018-06-18 13:56:30 - [TEST_STEP][PASSED] - Statement - println(groupXpath): null

2018-06-18 13:56:30 - [TEST_STEP][PASSED] - Statement - childgroup = driver.findElement(org.openqa.selenium.By.xpath(groupXpath)).getText(): null

2018-06-18 13:56:30 - [TEST_STEP][PASSED] - Statement - println(childgroup): null

2018-06-18 13:56:30 - [TEST_STEP][PASSED] - Statement - subGroupList[i - 1] = childgroup: null

2018-06-18 13:56:30 - [TEST_STEP][PASSED] - Statement - groupXpath = "(//span[@title='" + groupName + "']/following-sibling::ul/li/span[3]/span[2])[" + i + "]": null

2018-06-18 13:56:30 - [TEST_STEP][PASSED] - Statement - println(groupXpath): null

2018-06-18 13:56:30 - [TEST_STEP][PASSED] - Statement - childgroup = driver.findElement(org.openqa.selenium.By.xpath(groupXpath)).getText(): null

2018-06-18 13:56:30 - [TEST_STEP][PASSED] - Statement - println(childgroup): null

2018-06-18 13:56:30 - [TEST_STEP][PASSED] - Statement - subGroupList[i - 1] = childgroup: null

2018-06-18 13:56:30 - [TEST_STEP][PASSED] - Statement - groupXpath = "(//span[@title='" + groupName + "']/following-sibling::ul/li/span[3]/span[2])[" + i + "]": null

2018-06-18 13:56:30 - [TEST_STEP][PASSED] - Statement - println(groupXpath): null

2018-06-18 13:56:30 - [TEST_STEP][PASSED] - Statement - childgroup = driver.findElement(org.openqa.selenium.By.xpath(groupXpath)).getText(): null

2018-06-18 13:56:30 - [TEST_STEP][PASSED] - Statement - println(childgroup): null

2018-06-18 13:56:30 - [TEST_STEP][PASSED] - Statement - subGroupList[i - 1] = childgroup: null

2018-06-18 13:56:30 - [TEST_STEP][PASSED] - Statement - groupXpath = "(//span[@title='" + groupName + "']/following-sibling::ul/li/span[3]/span[2])[" + i + "]": null

2018-06-18 13:56:30 - [TEST_STEP][PASSED] - Statement - println(groupXpath): null

2018-06-18 13:56:30 - [TEST_STEP][PASSED] - Statement - childgroup = driver.findElement(org.openqa.selenium.By.xpath(groupXpath)).getText(): null

2018-06-18 13:56:30 - [TEST_STEP][PASSED] - Statement - println(childgroup): null

2018-06-18 13:56:30 - [TEST_STEP][PASSED] - Statement - subGroupList[i - 1] = childgroup: null

2018-06-18 13:56:30 - [TEST_STEP][PASSED] - Statement - groupXpath = "(//span[@title='" + groupName + "']/following-sibling::ul/li/span[3]/span[2])[" + i + "]": null

2018-06-18 13:56:30 - [TEST_STEP][PASSED] - Statement - println(groupXpath): null

2018-06-18 13:56:30 - [TEST_STEP][PASSED] - Statement - childgroup = driver.findElement(org.openqa.selenium.By.xpath(groupXpath)).getText(): null

2018-06-18 13:56:30 - [TEST_STEP][PASSED] - Statement - println(childgroup): null

2018-06-18 13:56:30 - [TEST_STEP][PASSED] - Statement - subGroupList[i - 1] = childgroup: null

2018-06-18 13:56:30 - [TEST_STEP][PASSED] - Statement - groupXpath = "(//span[@title='" + groupName + "']/following-sibling::ul/li/span[3]/span[2])[" + i + "]": null

2018-06-18 13:56:30 - [TEST_STEP][PASSED] - Statement - println(groupXpath): null

2018-06-18 13:56:30 - [TEST_STEP][PASSED] - Statement - childgroup = driver.findElement(org.openqa.selenium.By.xpath(groupXpath)).getText(): null

2018-06-18 13:56:30 - [TEST_STEP][PASSED] - Statement - println(childgroup): null

2018-06-18 13:56:30 - [TEST_STEP][PASSED] - Statement - subGroupList[i - 1] = childgroup: null

2018-06-18 13:56:30 - [TEST_STEP][PASSED] - Statement - groupXpath = "(//span[@title='" + groupName + "']/following-sibling::ul/li/span[3]/span[2])[" + i + "]": null

2018-06-18 13:56:30 - [TEST_STEP][PASSED] - Statement - println(groupXpath): null

2018-06-18 13:56:30 - [TEST_STEP][PASSED] - Statement - childgroup = driver.findElement(org.openqa.selenium.By.xpath(groupXpath)).getText(): null

2018-06-18 13:56:30 - [TEST_STEP][PASSED] - Statement - println(childgroup): null

2018-06-18 13:56:30 - [TEST_STEP][PASSED] - Statement - subGroupList[i - 1] = childgroup: null

2018-06-18 13:56:30 - [TEST_STEP][PASSED] - Statement - groupXpath = "(//span[@title='" + groupName + "']/following-sibling::ul/li/span[3]/span[2])[" + i + "]": null

2018-06-18 13:56:30 - [TEST_STEP][PASSED] - Statement - println(groupXpath): null

2018-06-18 13:56:30 - [TEST_STEP][PASSED] - Statement - childgroup = driver.findElement(org.openqa.selenium.By.xpath(groupXpath)).getText(): null

2018-06-18 13:56:30 - [TEST_STEP][PASSED] - Statement - println(childgroup): null

2018-06-18 13:56:30 - [TEST_STEP][PASSED] - Statement - subGroupList[i - 1] = childgroup: null

2018-06-18 13:56:30 - [TEST_STEP][PASSED] - Statement - groupXpath = "(//span[@title='" + groupName + "']/following-sibling::ul/li/span[3]/span[2])[" + i + "]": null

2018-06-18 13:56:30 - [TEST_STEP][PASSED] - Statement - println(groupXpath): null

2018-06-18 13:56:30 - [TEST_STEP][PASSED] - Statement - childgroup = driver.findElement(org.openqa.selenium.By.xpath(groupXpath)).getText(): null

2018-06-18 13:56:30 - [TEST_STEP][PASSED] - Statement - println(childgroup): null

2018-06-18 13:56:30 - [TEST_STEP][PASSED] - Statement - subGroupList[i - 1] = childgroup: null

2018-06-18 13:56:30 - [TEST_STEP][PASSED] - Statement - groupXpath = "(//span[@title='" + groupName + "']/following-sibling::ul/li/span[3]/span[2])[" + i + "]": null

2018-06-18 13:56:30 - [TEST_STEP][PASSED] - Statement - println(groupXpath): null

2018-06-18 13:56:30 - [TEST_STEP][PASSED] - Statement - childgroup = driver.findElement(org.openqa.selenium.By.xpath(groupXpath)).getText(): null

2018-06-18 13:56:30 - [TEST_STEP][PASSED] - Statement - println(childgroup): null

2018-06-18 13:56:30 - [TEST_STEP][PASSED] - Statement - subGroupList[i - 1] = childgroup: null

2018-06-18 13:56:30 - [TEST_STEP][PASSED] - Statement - groupXpath = "(//span[@title='" + groupName + "']/following-sibling::ul/li/span[3]/span[2])[" + i + "]": null

2018-06-18 13:56:30 - [TEST_STEP][PASSED] - Statement - println(groupXpath): null

2018-06-18 13:56:30 - [TEST_STEP][PASSED] - Statement - childgroup = driver.findElement(org.openqa.selenium.By.xpath(groupXpath)).getText(): null

2018-06-18 13:56:30 - [TEST_STEP][PASSED] - Statement - println(childgroup): null

2018-06-18 13:56:30 - [TEST_STEP][PASSED] - Statement - subGroupList[i - 1] = childgroup: null

2018-06-18 13:56:30 - [TEST_STEP][PASSED] - Statement - groupXpath = "(//span[@title='" + groupName + "']/following-sibling::ul/li/span[3]/span[2])[" + i + "]": null

2018-06-18 13:56:30 - [TEST_STEP][PASSED] - Statement - println(groupXpath): null

2018-06-18 13:56:30 - [TEST_STEP][PASSED] - Statement - childgroup = driver.findElement(org.openqa.selenium.By.xpath(groupXpath)).getText(): null

2018-06-18 13:56:30 - [TEST_STEP][PASSED] - Statement - println(childgroup): null

2018-06-18 13:56:30 - [TEST_STEP][PASSED] - Statement - subGroupList[i - 1] = childgroup: null

2018-06-18 13:56:30 - [TEST_STEP][PASSED] - Statement - groupXpath = "(//span[@title='" + groupName + "']/following-sibling::ul/li/span[3]/span[2])[" + i + "]": null

2018-06-18 13:56:30 - [TEST_STEP][PASSED] - Statement - println(groupXpath): null

2018-06-18 13:56:30 - [TEST_STEP][PASSED] - Statement - childgroup = driver.findElement(org.openqa.selenium.By.xpath(groupXpath)).getText(): null

2018-06-18 13:56:30 - [TEST_STEP][PASSED] - Statement - println(childgroup): null

2018-06-18 13:56:30 - [TEST_STEP][PASSED] - Statement - subGroupList[i - 1] = childgroup: null

2018-06-18 13:56:30 - [TEST_STEP][PASSED] - Statement - groupXpath = "(//span[@title='" + groupName + "']/following-sibling::ul/li/span[3]/span[2])[" + i + "]": null

2018-06-18 13:56:30 - [TEST_STEP][PASSED] - Statement - println(groupXpath): null

2018-06-18 13:56:30 - [TEST_STEP][PASSED] - Statement - childgroup = driver.findElement(org.openqa.selenium.By.xpath(groupXpath)).getText(): null

2018-06-18 13:56:30 - [TEST_STEP][PASSED] - Statement - println(childgroup): null

2018-06-18 13:56:30 - [TEST_STEP][PASSED] - Statement - subGroupList[i - 1] = childgroup: null

2018-06-18 13:56:30 - [TEST_STEP][PASSED] - Statement - groupXpath = "(//span[@title='" + groupName + "']/following-sibling::ul/li/span[3]/span[2])[" + i + "]": null

2018-06-18 13:56:30 - [TEST_STEP][PASSED] - Statement - println(groupXpath): null

2018-06-18 13:56:30 - [TEST_STEP][PASSED] - Statement - childgroup = driver.findElement(org.openqa.selenium.By.xpath(groupXpath)).getText(): null

2018-06-18 13:56:30 - [TEST_STEP][PASSED] - Statement - println(childgroup): null

2018-06-18 13:56:30 - [TEST_STEP][PASSED] - Statement - subGroupList[i - 1] = childgroup: null

2018-06-18 13:56:30 - [TEST_STEP][PASSED] - Statement - groupXpath = "(//span[@title='" + groupName + "']/following-sibling::ul/li/span[3]/span[2])[" + i + "]": null

2018-06-18 13:56:30 - [TEST_STEP][PASSED] - Statement - println(groupXpath): null

2018-06-18 13:56:30 - [TEST_STEP][PASSED] - Statement - childgroup = driver.findElement(org.openqa.selenium.By.xpath(groupXpath)).getText(): null

2018-06-18 13:56:30 - [TEST_STEP][PASSED] - Statement - println(childgroup): null

2018-06-18 13:56:30 - [TEST_STEP][PASSED] - Statement - subGroupList[i - 1] = childgroup: null

2018-06-18 13:56:30 - [TEST_STEP][PASSED] - Statement - groupXpath = "(//span[@title='" + groupName + "']/following-sibling::ul/li/span[3]/span[2])[" + i + "]": null

2018-06-18 13:56:30 - [TEST_STEP][PASSED] - Statement - println(groupXpath): null

2018-06-18 13:56:30 - [TEST_STEP][PASSED] - Statement - childgroup = driver.findElement(org.openqa.selenium.By.xpath(groupXpath)).getText(): null

2018-06-18 13:56:30 - [TEST_STEP][PASSED] - Statement - println(childgroup): null

2018-06-18 13:56:30 - [TEST_STEP][PASSED] - Statement - subGroupList[i - 1] = childgroup: null

2018-06-18 13:56:30 - [TEST_STEP][PASSED] - Statement - groupXpath = "(//span[@title='" + groupName + "']/following-sibling::ul/li/span[3]/span[2])[" + i + "]": null

2018-06-18 13:56:30 - [TEST_STEP][PASSED] - Statement - println(groupXpath): null

2018-06-18 13:56:30 - [TEST_STEP][PASSED] - Statement - childgroup = driver.findElement(org.openqa.selenium.By.xpath(groupXpath)).getText(): null

2018-06-18 13:56:30 - [TEST_STEP][PASSED] - Statement - println(childgroup): null

2018-06-18 13:56:30 - [TEST_STEP][PASSED] - Statement - subGroupList[i - 1] = childgroup: null

2018-06-18 13:56:30 - [TEST_STEP][PASSED] - Statement - groupXpath = "(//span[@title='" + groupName + "']/following-sibling::ul/li/span[3]/span[2])[" + i + "]": null

2018-06-18 13:56:30 - [TEST_STEP][PASSED] - Statement - println(groupXpath): null

2018-06-18 13:56:30 - [TEST_STEP][PASSED] - Statement - childgroup = driver.findElement(org.openqa.selenium.By.xpath(groupXpath)).getText(): null

2018-06-18 13:56:30 - [TEST_STEP][PASSED] - Statement - println(childgroup): null

2018-06-18 13:56:30 - [TEST_STEP][PASSED] - Statement - subGroupList[i - 1] = childgroup: null

2018-06-18 13:56:30 - [TEST_STEP][PASSED] - Statement - groupXpath = "(//span[@title='" + groupName + "']/following-sibling::ul/li/span[3]/span[2])[" + i + "]": null

2018-06-18 13:56:30 - [TEST_STEP][PASSED] - Statement - println(groupXpath): null

2018-06-18 13:56:30 - [TEST_STEP][PASSED] - Statement - childgroup = driver.findElement(org.openqa.selenium.By.xpath(groupXpath)).getText(): null

2018-06-18 13:56:30 - [TEST_STEP][PASSED] - Statement - println(childgroup): null

2018-06-18 13:56:30 - [TEST_STEP][PASSED] - Statement - subGroupList[i - 1] = childgroup: null

2018-06-18 13:56:30 - [TEST_STEP][PASSED] - Statement - groupXpath = "(//span[@title='" + groupName + "']/following-sibling::ul/li/span[3]/span[2])[" + i + "]": null

2018-06-18 13:56:30 - [TEST_STEP][PASSED] - Statement - println(groupXpath): null

2018-06-18 13:56:30 - [TEST_STEP][PASSED] - Statement - childgroup = driver.findElement(org.openqa.selenium.By.xpath(groupXpath)).getText(): null

2018-06-18 13:56:30 - [TEST_STEP][PASSED] - Statement - println(childgroup): null

2018-06-18 13:56:30 - [TEST_STEP][PASSED] - Statement - subGroupList[i - 1] = childgroup: null

2018-06-18 13:56:30 - [TEST_STEP][PASSED] - Statement - groupXpath = "(//span[@title='" + groupName + "']/following-sibling::ul/li/span[3]/span[2])[" + i + "]": null

2018-06-18 13:56:30 - [TEST_STEP][PASSED] - Statement - println(groupXpath): null

2018-06-18 13:56:30 - [TEST_STEP][PASSED] - Statement - childgroup = driver.findElement(org.openqa.selenium.By.xpath(groupXpath)).getText(): null

2018-06-18 13:56:30 - [TEST_STEP][PASSED] - Statement - println(childgroup): null

2018-06-18 13:56:30 - [TEST_STEP][PASSED] - Statement - subGroupList[i - 1] = childgroup: null

2018-06-18 13:56:30 - [TEST_STEP][PASSED] - Statement - groupXpath = "(//span[@title='" + groupName + "']/following-sibling::ul/li/span[3]/span[2])[" + i + "]": null

2018-06-18 13:56:30 - [TEST_STEP][PASSED] - Statement - println(groupXpath): null

2018-06-18 13:56:30 - [TEST_STEP][PASSED] - Statement - childgroup = driver.findElement(org.openqa.selenium.By.xpath(groupXpath)).getText(): null

2018-06-18 13:56:30 - [TEST_STEP][PASSED] - Statement - println(childgroup): null

2018-06-18 13:56:30 - [TEST_STEP][PASSED] - Statement - subGroupList[i - 1] = childgroup: null

2018-06-18 13:56:30 - [TEST_STEP][PASSED] - Statement - groupXpath = "(//span[@title='" + groupName + "']/following-sibling::ul/li/span[3]/span[2])[" + i + "]": null

2018-06-18 13:56:30 - [TEST_STEP][PASSED] - Statement - println(groupXpath): null

2018-06-18 13:56:30 - [TEST_STEP][PASSED] - Statement - childgroup = driver.findElement(org.openqa.selenium.By.xpath(groupXpath)).getText(): null

2018-06-18 13:56:30 - [TEST_STEP][PASSED] - Statement - println(childgroup): null

2018-06-18 13:56:30 - [TEST_STEP][PASSED] - Statement - subGroupList[i - 1] = childgroup: null

2018-06-18 13:56:30 - [TEST_STEP][PASSED] - Statement - groupXpath = "(//span[@title='" + groupName + "']/following-sibling::ul/li/span[3]/span[2])[" + i + "]": null

2018-06-18 13:56:30 - [TEST_STEP][PASSED] - Statement - println(groupXpath): null

2018-06-18 13:56:30 - [TEST_STEP][PASSED] - Statement - childgroup = driver.findElement(org.openqa.selenium.By.xpath(groupXpath)).getText(): null

2018-06-18 13:56:30 - [TEST_STEP][PASSED] - Statement - println(childgroup): null

2018-06-18 13:56:30 - [TEST_STEP][PASSED] - Statement - subGroupList[i - 1] = childgroup: null

2018-06-18 13:56:30 - [TEST_STEP][PASSED] - Statement - groupXpath = "(//span[@title='" + groupName + "']/following-sibling::ul/li/span[3]/span[2])[" + i + "]": null

2018-06-18 13:56:30 - [TEST_STEP][PASSED] - Statement - println(groupXpath): null

2018-06-18 13:56:30 - [TEST_STEP][PASSED] - Statement - childgroup = driver.findElement(org.openqa.selenium.By.xpath(groupXpath)).getText(): null

2018-06-18 13:56:30 - [TEST_STEP][PASSED] - Statement - println(childgroup): null

2018-06-18 13:56:30 - [TEST_STEP][PASSED] - Statement - subGroupList[i - 1] = childgroup: null

2018-06-18 13:56:30 - [TEST_STEP][PASSED] - Statement - groupXpath = "(//span[@title='" + groupName + "']/following-sibling::ul/li/span[3]/span[2])[" + i + "]": null

2018-06-18 13:56:30 - [TEST_STEP][PASSED] - Statement - println(groupXpath): null

2018-06-18 13:56:30 - [TEST_STEP][PASSED] - Statement - childgroup = driver.findElement(org.openqa.selenium.By.xpath(groupXpath)).getText(): null

2018-06-18 13:56:30 - [TEST_STEP][PASSED] - Statement - println(childgroup): null

2018-06-18 13:56:30 - [TEST_STEP][PASSED] - Statement - subGroupList[i - 1] = childgroup: null

2018-06-18 13:56:30 - [TEST_STEP][PASSED] - Statement - groupXpath = "(//span[@title='" + groupName + "']/following-sibling::ul/li/span[3]/span[2])[" + i + "]": null

2018-06-18 13:56:30 - [TEST_STEP][PASSED] - Statement - println(groupXpath): null

2018-06-18 13:56:30 - [TEST_STEP][PASSED] - Statement - childgroup = driver.findElement(org.openqa.selenium.By.xpath(groupXpath)).getText(): null

2018-06-18 13:56:30 - [TEST_STEP][PASSED] - Statement - println(childgroup): null

2018-06-18 13:56:30 - [TEST_STEP][PASSED] - Statement - subGroupList[i - 1] = childgroup: null

2018-06-18 13:56:30 - [TEST_STEP][PASSED] - Statement - groupXpath = "(//span[@title='" + groupName + "']/following-sibling::ul/li/span[3]/span[2])[" + i + "]": null

2018-06-18 13:56:30 - [TEST_STEP][PASSED] - Statement - println(groupXpath): null

2018-06-18 13:56:30 - [TEST_STEP][PASSED] - Statement - childgroup = driver.findElement(org.openqa.selenium.By.xpath(groupXpath)).getText(): null

2018-06-18 13:56:30 - [TEST_STEP][PASSED] - Statement - println(childgroup): null

2018-06-18 13:56:30 - [TEST_STEP][PASSED] - Statement - subGroupList[i - 1] = childgroup: null

2018-06-18 13:56:30 - [TEST_STEP][PASSED] - Statement - groupXpath = "(//span[@title='" + groupName + "']/following-sibling::ul/li/span[3]/span[2])[" + i + "]": null

2018-06-18 13:56:30 - [TEST_STEP][PASSED] - Statement - println(groupXpath): null

2018-06-18 13:56:30 - [TEST_STEP][PASSED] - Statement - childgroup = driver.findElement(org.openqa.selenium.By.xpath(groupXpath)).getText(): null

2018-06-18 13:56:31 - [TEST_STEP][PASSED] - Statement - println(childgroup): null

2018-06-18 13:56:31 - [TEST_STEP][PASSED] - Statement - subGroupList[i - 1] = childgroup: null

2018-06-18 13:56:31 - [TEST_STEP][PASSED] - Statement - groupXpath = "(//span[@title='" + groupName + "']/following-sibling::ul/li/span[3]/span[2])[" + i + "]": null

2018-06-18 13:56:31 - [TEST_STEP][PASSED] - Statement - println(groupXpath): null

2018-06-18 13:56:31 - [TEST_STEP][PASSED] - Statement - childgroup = driver.findElement(org.openqa.selenium.By.xpath(groupXpath)).getText(): null

2018-06-18 13:56:31 - [TEST_STEP][PASSED] - Statement - println(childgroup): null

2018-06-18 13:56:31 - [TEST_STEP][PASSED] - Statement - subGroupList[i - 1] = childgroup: null

2018-06-18 13:56:31 - [TEST_STEP][PASSED] - Statement - groupXpath = "(//span[@title='" + groupName + "']/following-sibling::ul/li/span[3]/span[2])[" + i + "]": null

2018-06-18 13:56:31 - [TEST_STEP][PASSED] - Statement - println(groupXpath): null

2018-06-18 13:56:31 - [TEST_STEP][PASSED] - Statement - childgroup = driver.findElement(org.openqa.selenium.By.xpath(groupXpath)).getText(): null

2018-06-18 13:56:31 - [TEST_STEP][PASSED] - Statement - println(childgroup): null

2018-06-18 13:56:31 - [TEST_STEP][PASSED] - Statement - subGroupList[i - 1] = childgroup: null

2018-06-18 13:56:31 - [TEST_STEP][PASSED] - Statement - groupXpath = "(//span[@title='" + groupName + "']/following-sibling::ul/li/span[3]/span[2])[" + i + "]": null

2018-06-18 13:56:31 - [TEST_STEP][PASSED] - Statement - println(groupXpath): null

2018-06-18 13:56:31 - [TEST_STEP][PASSED] - Statement - childgroup = driver.findElement(org.openqa.selenium.By.xpath(groupXpath)).getText(): null

2018-06-18 13:56:31 - [TEST_STEP][PASSED] - Statement - println(childgroup): null

2018-06-18 13:56:31 - [TEST_STEP][PASSED] - Statement - subGroupList[i - 1] = childgroup: null

2018-06-18 13:56:31 - [TEST_STEP][PASSED] - Statement - groupXpath = "(//span[@title='" + groupName + "']/following-sibling::ul/li/span[3]/span[2])[" + i + "]": null

2018-06-18 13:56:31 - [TEST_STEP][PASSED] - Statement - println(groupXpath): null

2018-06-18 13:56:31 - [TEST_STEP][PASSED] - Statement - childgroup = driver.findElement(org.openqa.selenium.By.xpath(groupXpath)).getText(): null

2018-06-18 13:56:31 - [TEST_STEP][PASSED] - Statement - println(childgroup): null

2018-06-18 13:56:31 - [TEST_STEP][PASSED] - Statement - subGroupList[i - 1] = childgroup: null

2018-06-18 13:56:31 - [TEST_STEP][PASSED] - Statement - groupXpath = "(//span[@title='" + groupName + "']/following-sibling::ul/li/span[3]/span[2])[" + i + "]": null

2018-06-18 13:56:31 - [TEST_STEP][PASSED] - Statement - println(groupXpath): null

2018-06-18 13:56:31 - [TEST_STEP][PASSED] - Statement - childgroup = driver.findElement(org.openqa.selenium.By.xpath(groupXpath)).getText(): null

2018-06-18 13:56:31 - [TEST_STEP][PASSED] - Statement - println(childgroup): null

2018-06-18 13:56:31 - [TEST_STEP][PASSED] - Statement - subGroupList[i - 1] = childgroup: null

2018-06-18 13:56:31 - [TEST_STEP][PASSED] - Statement - groupXpath = "(//span[@title='" + groupName + "']/following-sibling::ul/li/span[3]/span[2])[" + i + "]": null

2018-06-18 13:56:31 - [TEST_STEP][PASSED] - Statement - println(groupXpath): null

2018-06-18 13:56:31 - [TEST_STEP][PASSED] - Statement - childgroup = driver.findElement(org.openqa.selenium.By.xpath(groupXpath)).getText(): null

2018-06-18 13:56:31 - [TEST_STEP][PASSED] - Statement - println(childgroup): null

2018-06-18 13:56:31 - [TEST_STEP][PASSED] - Statement - subGroupList[i - 1] = childgroup: null

2018-06-18 13:56:31 - [TEST_STEP][PASSED] - Statement - groupXpath = "(//span[@title='" + groupName + "']/following-sibling::ul/li/span[3]/span[2])[" + i + "]": null

2018-06-18 13:56:31 - [TEST_STEP][PASSED] - Statement - println(groupXpath): null

2018-06-18 13:56:31 - [TEST_STEP][PASSED] - Statement - childgroup = driver.findElement(org.openqa.selenium.By.xpath(groupXpath)).getText(): null

2018-06-18 13:56:31 - [TEST_STEP][PASSED] - Statement - println(childgroup): null

2018-06-18 13:56:31 - [TEST_STEP][PASSED] - Statement - subGroupList[i - 1] = childgroup: null

2018-06-18 13:56:31 - [TEST_STEP][PASSED] - Statement - groupXpath = "(//span[@title='" + groupName + "']/following-sibling::ul/li/span[3]/span[2])[" + i + "]": null

2018-06-18 13:56:31 - [TEST_STEP][PASSED] - Statement - println(groupXpath): null

2018-06-18 13:56:31 - [TEST_STEP][PASSED] - Statement - childgroup = driver.findElement(org.openqa.selenium.By.xpath(groupXpath)).getText(): null

2018-06-18 13:56:31 - [TEST_STEP][PASSED] - Statement - println(childgroup): null

2018-06-18 13:56:31 - [TEST_STEP][PASSED] - Statement - subGroupList[i - 1] = childgroup: null

2018-06-18 13:56:31 - [TEST_STEP][PASSED] - Statement - groupXpath = "(//span[@title='" + groupName + "']/following-sibling::ul/li/span[3]/span[2])[" + i + "]": null

2018-06-18 13:56:31 - [TEST_STEP][PASSED] - Statement - println(groupXpath): null

2018-06-18 13:56:31 - [TEST_STEP][PASSED] - Statement - childgroup = driver.findElement(org.openqa.selenium.By.xpath(groupXpath)).getText(): null

2018-06-18 13:56:31 - [TEST_STEP][PASSED] - Statement - println(childgroup): null

2018-06-18 13:56:31 - [TEST_STEP][PASSED] - Statement - subGroupList[i - 1] = childgroup: null

2018-06-18 13:56:31 - [TEST_STEP][PASSED] - Statement - groupXpath = "(//span[@title='" + groupName + "']/following-sibling::ul/li/span[3]/span[2])[" + i + "]": null

2018-06-18 13:56:31 - [TEST_STEP][PASSED] - Statement - println(groupXpath): null

2018-06-18 13:56:31 - [TEST_STEP][PASSED] - Statement - childgroup = driver.findElement(org.openqa.selenium.By.xpath(groupXpath)).getText(): null

2018-06-18 13:56:31 - [TEST_STEP][PASSED] - Statement - println(childgroup): null

2018-06-18 13:56:31 - [TEST_STEP][PASSED] - Statement - subGroupList[i - 1] = childgroup: null

2018-06-18 13:56:31 - [TEST_STEP][PASSED] - Statement - groupXpath = "(//span[@title='" + groupName + "']/following-sibling::ul/li/span[3]/span[2])[" + i + "]": null

2018-06-18 13:56:31 - [TEST_STEP][PASSED] - Statement - println(groupXpath): null

2018-06-18 13:56:31 - [TEST_STEP][PASSED] - Statement - childgroup = driver.findElement(org.openqa.selenium.By.xpath(groupXpath)).getText(): null

2018-06-18 13:56:31 - [TEST_STEP][PASSED] - Statement - println(childgroup): null

2018-06-18 13:56:31 - [TEST_STEP][PASSED] - Statement - subGroupList[i - 1] = childgroup: null

2018-06-18 13:56:31 - [TEST_STEP][PASSED] - Statement - groupXpath = "(//span[@title='" + groupName + "']/following-sibling::ul/li/span[3]/span[2])[" + i + "]": null

2018-06-18 13:56:31 - [TEST_STEP][PASSED] - Statement - println(groupXpath): null

2018-06-18 13:56:31 - [TEST_STEP][PASSED] - Statement - childgroup = driver.findElement(org.openqa.selenium.By.xpath(groupXpath)).getText(): null

2018-06-18 13:56:31 - [TEST_STEP][PASSED] - Statement - println(childgroup): null

2018-06-18 13:56:31 - [TEST_STEP][PASSED] - Statement - subGroupList[i - 1] = childgroup: null

2018-06-18 13:56:31 - [TEST_STEP][PASSED] - Statement - groupXpath = "(//span[@title='" + groupName + "']/following-sibling::ul/li/span[3]/span[2])[" + i + "]": null

2018-06-18 13:56:31 - [TEST_STEP][PASSED] - Statement - println(groupXpath): null

2018-06-18 13:56:31 - [TEST_STEP][PASSED] - Statement - childgroup = driver.findElement(org.openqa.selenium.By.xpath(groupXpath)).getText(): null

2018-06-18 13:56:31 - [TEST_STEP][PASSED] - Statement - println(childgroup): null

2018-06-18 13:56:31 - [TEST_STEP][PASSED] - Statement - subGroupList[i - 1] = childgroup: null

2018-06-18 13:56:31 - [TEST_STEP][PASSED] - Statement - groupXpath = "(//span[@title='" + groupName + "']/following-sibling::ul/li/span[3]/span[2])[" + i + "]": null

2018-06-18 13:56:31 - [TEST_STEP][PASSED] - Statement - println(groupXpath): null

2018-06-18 13:56:31 - [TEST_STEP][PASSED] - Statement - childgroup = driver.findElement(org.openqa.selenium.By.xpath(groupXpath)).getText(): null

2018-06-18 13:56:31 - [TEST_STEP][PASSED] - Statement - println(childgroup): null

2018-06-18 13:56:31 - [TEST_STEP][PASSED] - Statement - subGroupList[i - 1] = childgroup: null

2018-06-18 13:56:31 - [TEST_STEP][PASSED] - Statement - groupXpath = "(//span[@title='" + groupName + "']/following-sibling::ul/li/span[3]/span[2])[" + i + "]": null

2018-06-18 13:56:31 - [TEST_STEP][PASSED] - Statement - println(groupXpath): null

2018-06-18 13:56:31 - [TEST_STEP][PASSED] - Statement - childgroup = driver.findElement(org.openqa.selenium.By.xpath(groupXpath)).getText(): null

2018-06-18 13:56:31 - [TEST_STEP][PASSED] - Statement - println(childgroup): null

2018-06-18 13:56:31 - [TEST_STEP][PASSED] - Statement - subGroupList[i - 1] = childgroup: null

2018-06-18 13:56:31 - [TEST_STEP][PASSED] - Statement - groupXpath = "(//span[@title='" + groupName + "']/following-sibling::ul/li/span[3]/span[2])[" + i + "]": null

2018-06-18 13:56:31 - [TEST_STEP][PASSED] - Statement - println(groupXpath): null

2018-06-18 13:56:31 - [TEST_STEP][PASSED] - Statement - childgroup = driver.findElement(org.openqa.selenium.By.xpath(groupXpath)).getText(): null

2018-06-18 13:56:31 - [TEST_STEP][PASSED] - Statement - println(childgroup): null

2018-06-18 13:56:31 - [TEST_STEP][PASSED] - Statement - subGroupList[i - 1] = childgroup: null

2018-06-18 13:56:31 - [TEST_STEP][PASSED] - Statement - groupXpath = "(//span[@title='" + groupName + "']/following-sibling::ul/li/span[3]/span[2])[" + i + "]": null

2018-06-18 13:56:31 - [TEST_STEP][PASSED] - Statement - println(groupXpath): null

2018-06-18 13:56:31 - [TEST_STEP][PASSED] - Statement - childgroup = driver.findElement(org.openqa.selenium.By.xpath(groupXpath)).getText(): null

2018-06-18 13:56:31 - [TEST_STEP][PASSED] - Statement - println(childgroup): null

2018-06-18 13:56:31 - [TEST_STEP][PASSED] - Statement - subGroupList[i - 1] = childgroup: null

2018-06-18 13:56:31 - [TEST_STEP][PASSED] - Statement - groupXpath = "(//span[@title='" + groupName + "']/following-sibling::ul/li/span[3]/span[2])[" + i + "]": null

2018-06-18 13:56:31 - [TEST_STEP][PASSED] - Statement - println(groupXpath): null

2018-06-18 13:56:31 - [TEST_STEP][PASSED] - Statement - childgroup = driver.findElement(org.openqa.selenium.By.xpath(groupXpath)).getText(): null

2018-06-18 13:56:31 - [TEST_STEP][PASSED] - Statement - println(childgroup): null

2018-06-18 13:56:31 - [TEST_STEP][PASSED] - Statement - subGroupList[i - 1] = childgroup: null

2018-06-18 13:56:31 - [TEST_STEP][PASSED] - Statement - groupXpath = "(//span[@title='" + groupName + "']/following-sibling::ul/li/span[3]/span[2])[" + i + "]": null

2018-06-18 13:56:31 - [TEST_STEP][PASSED] - Statement - println(groupXpath): null

2018-06-18 13:56:31 - [TEST_STEP][PASSED] - Statement - childgroup = driver.findElement(org.openqa.selenium.By.xpath(groupXpath)).getText(): null

2018-06-18 13:56:31 - [TEST_STEP][PASSED] - Statement - println(childgroup): null

2018-06-18 13:56:31 - [TEST_STEP][PASSED] - Statement - subGroupList[i - 1] = childgroup: null

2018-06-18 13:56:31 - [TEST_STEP][PASSED] - Statement - groupXpath = "(//span[@title='" + groupName + "']/following-sibling::ul/li/span[3]/span[2])[" + i + "]": null

2018-06-18 13:56:31 - [TEST_STEP][PASSED] - Statement - println(groupXpath): null

2018-06-18 13:56:31 - [TEST_STEP][PASSED] - Statement - childgroup = driver.findElement(org.openqa.selenium.By.xpath(groupXpath)).getText(): null

2018-06-18 13:56:31 - [TEST_STEP][PASSED] - Statement - println(childgroup): null

2018-06-18 13:56:31 - [TEST_STEP][PASSED] - Statement - subGroupList[i - 1] = childgroup: null

2018-06-18 13:56:31 - [TEST_STEP][PASSED] - Statement - groupXpath = "(//span[@title='" + groupName + "']/following-sibling::ul/li/span[3]/span[2])[" + i + "]": null

2018-06-18 13:56:31 - [TEST_STEP][PASSED] - Statement - println(groupXpath): null

2018-06-18 13:56:31 - [TEST_STEP][PASSED] - Statement - childgroup = driver.findElement(org.openqa.selenium.By.xpath(groupXpath)).getText(): null

2018-06-18 13:56:31 - [TEST_STEP][PASSED] - Statement - println(childgroup): null

2018-06-18 13:56:31 - [TEST_STEP][PASSED] - Statement - subGroupList[i - 1] = childgroup: null

2018-06-18 13:56:31 - [TEST_STEP][PASSED] - Statement - groupXpath = "(//span[@title='" + groupName + "']/following-sibling::ul/li/span[3]/span[2])[" + i + "]": null

2018-06-18 13:56:31 - [TEST_STEP][PASSED] - Statement - println(groupXpath): null

2018-06-18 13:56:31 - [TEST_STEP][PASSED] - Statement - childgroup = driver.findElement(org.openqa.selenium.By.xpath(groupXpath)).getText(): null

2018-06-18 13:56:31 - [TEST_STEP][PASSED] - Statement - println(childgroup): null

2018-06-18 13:56:31 - [TEST_STEP][PASSED] - Statement - subGroupList[i - 1] = childgroup: null

2018-06-18 13:56:31 - [TEST_STEP][PASSED] - Statement - groupXpath = "(//span[@title='" + groupName + "']/following-sibling::ul/li/span[3]/span[2])[" + i + "]": null

2018-06-18 13:56:31 - [TEST_STEP][PASSED] - Statement - println(groupXpath): null

2018-06-18 13:56:31 - [TEST_STEP][PASSED] - Statement - childgroup = driver.findElement(org.openqa.selenium.By.xpath(groupXpath)).getText(): null

2018-06-18 13:56:31 - [TEST_STEP][PASSED] - Statement - println(childgroup): null

2018-06-18 13:56:31 - [TEST_STEP][PASSED] - Statement - subGroupList[i - 1] = childgroup: null

2018-06-18 13:56:31 - [TEST_STEP][PASSED] - Statement - groupXpath = "(//span[@title='" + groupName + "']/following-sibling::ul/li/span[3]/span[2])[" + i + "]": null

2018-06-18 13:56:31 - [TEST_STEP][PASSED] - Statement - println(groupXpath): null

2018-06-18 13:56:31 - [TEST_STEP][PASSED] - Statement - childgroup = driver.findElement(org.openqa.selenium.By.xpath(groupXpath)).getText(): null

2018-06-18 13:56:31 - [TEST_STEP][PASSED] - Statement - println(childgroup): null

2018-06-18 13:56:31 - [TEST_STEP][PASSED] - Statement - subGroupList[i - 1] = childgroup: null

2018-06-18 13:56:31 - [TEST_STEP][PASSED] - Statement - groupXpath = "(//span[@title='" + groupName + "']/following-sibling::ul/li/span[3]/span[2])[" + i + "]": null

2018-06-18 13:56:31 - [TEST_STEP][PASSED] - Statement - println(groupXpath): null

2018-06-18 13:56:31 - [TEST_STEP][PASSED] - Statement - childgroup = driver.findElement(org.openqa.selenium.By.xpath(groupXpath)).getText(): null

2018-06-18 13:56:31 - [TEST_STEP][PASSED] - Statement - println(childgroup): null

2018-06-18 13:56:31 - [TEST_STEP][PASSED] - Statement - subGroupList[i - 1] = childgroup: null

2018-06-18 13:56:31 - [TEST_STEP][PASSED] - Statement - groupXpath = "(//span[@title='" + groupName + "']/following-sibling::ul/li/span[3]/span[2])[" + i + "]": null

2018-06-18 13:56:31 - [TEST_STEP][PASSED] - Statement - println(groupXpath): null

2018-06-18 13:56:31 - [TEST_STEP][PASSED] - Statement - childgroup = driver.findElement(org.openqa.selenium.By.xpath(groupXpath)).getText(): null

2018-06-18 13:56:31 - [TEST_STEP][PASSED] - Statement - println(childgroup): null

2018-06-18 13:56:31 - [TEST_STEP][PASSED] - Statement - subGroupList[i - 1] = childgroup: null

2018-06-18 13:56:31 - [TEST_STEP][PASSED] - Statement - groupXpath = "(//span[@title='" + groupName + "']/following-sibling::ul/li/span[3]/span[2])[" + i + "]": null

2018-06-18 13:56:31 - [TEST_STEP][PASSED] - Statement - println(groupXpath): null

2018-06-18 13:56:31 - [TEST_STEP][PASSED] - Statement - childgroup = driver.findElement(org.openqa.selenium.By.xpath(groupXpath)).getText(): null

2018-06-18 13:56:31 - [TEST_STEP][PASSED] - Statement - println(childgroup): null

2018-06-18 13:56:31 - [TEST_STEP][PASSED] - Statement - subGroupList[i - 1] = childgroup: null

2018-06-18 13:56:31 - [TEST_STEP][PASSED] - Statement - groupXpath = "(//span[@title='" + groupName + "']/following-sibling::ul/li/span[3]/span[2])[" + i + "]": null

2018-06-18 13:56:31 - [TEST_STEP][PASSED] - Statement - println(groupXpath): null

2018-06-18 13:56:31 - [TEST_STEP][PASSED] - Statement - childgroup = driver.findElement(org.openqa.selenium.By.xpath(groupXpath)).getText(): null

2018-06-18 13:56:31 - [TEST_STEP][PASSED] - Statement - println(childgroup): null

2018-06-18 13:56:31 - [TEST_STEP][PASSED] - Statement - subGroupList[i - 1] = childgroup: null

2018-06-18 13:56:31 - [TEST_STEP][PASSED] - Statement - groupXpath = "(//span[@title='" + groupName + "']/following-sibling::ul/li/span[3]/span[2])[" + i + "]": null

2018-06-18 13:56:31 - [TEST_STEP][PASSED] - Statement - println(groupXpath): null

2018-06-18 13:56:31 - [TEST_STEP][PASSED] - Statement - childgroup = driver.findElement(org.openqa.selenium.By.xpath(groupXpath)).getText(): null

2018-06-18 13:56:31 - [TEST_STEP][PASSED] - Statement - println(childgroup): null

2018-06-18 13:56:31 - [TEST_STEP][PASSED] - Statement - subGroupList[i - 1] = childgroup: null

2018-06-18 13:56:31 - [TEST_STEP][PASSED] - Statement - groupXpath = "(//span[@title='" + groupName + "']/following-sibling::ul/li/span[3]/span[2])[" + i + "]": null

2018-06-18 13:56:31 - [TEST_STEP][PASSED] - Statement - println(groupXpath): null

2018-06-18 13:56:31 - [TEST_STEP][PASSED] - Statement - childgroup = driver.findElement(org.openqa.selenium.By.xpath(groupXpath)).getText(): null

2018-06-18 13:56:31 - [TEST_STEP][PASSED] - Statement - println(childgroup): null

2018-06-18 13:56:31 - [TEST_STEP][PASSED] - Statement - subGroupList[i - 1] = childgroup: null

2018-06-18 13:56:31 - [TEST_STEP][PASSED] - Statement - groupXpath = "(//span[@title='" + groupName + "']/following-sibling::ul/li/span[3]/span[2])[" + i + "]": null

2018-06-18 13:56:31 - [TEST_STEP][PASSED] - Statement - println(groupXpath): null

2018-06-18 13:56:31 - [TEST_STEP][PASSED] - Statement - childgroup = driver.findElement(org.openqa.selenium.By.xpath(groupXpath)).getText(): null

2018-06-18 13:56:31 - [TEST_STEP][PASSED] - Statement - println(childgroup): null

2018-06-18 13:56:31 - [TEST_STEP][PASSED] - Statement - subGroupList[i - 1] = childgroup: null

2018-06-18 13:56:31 - [TEST_STEP][PASSED] - Statement - groupXpath = "(//span[@title='" + groupName + "']/following-sibling::ul/li/span[3]/span[2])[" + i + "]": null

2018-06-18 13:56:31 - [TEST_STEP][PASSED] - Statement - println(groupXpath): null

2018-06-18 13:56:31 - [TEST_STEP][PASSED] - Statement - childgroup = driver.findElement(org.openqa.selenium.By.xpath(groupXpath)).getText(): null

2018-06-18 13:56:32 - [TEST_STEP][PASSED] - Statement - println(childgroup): null

2018-06-18 13:56:32 - [TEST_STEP][PASSED] - Statement - subGroupList[i - 1] = childgroup: null

2018-06-18 13:56:32 - [TEST_STEP][PASSED] - Statement - groupXpath = "(//span[@title='" + groupName + "']/following-sibling::ul/li/span[3]/span[2])[" + i + "]": null

2018-06-18 13:56:32 - [TEST_STEP][PASSED] - Statement - println(groupXpath): null

2018-06-18 13:56:32 - [TEST_STEP][PASSED] - Statement - childgroup = driver.findElement(org.openqa.selenium.By.xpath(groupXpath)).getText(): null

2018-06-18 13:56:32 - [TEST_STEP][PASSED] - Statement - println(childgroup): null

2018-06-18 13:56:32 - [TEST_STEP][PASSED] - Statement - subGroupList[i - 1] = childgroup: null

2018-06-18 13:56:32 - [TEST_STEP][PASSED] - Statement - groupXpath = "(//span[@title='" + groupName + "']/following-sibling::ul/li/span[3]/span[2])[" + i + "]": null

2018-06-18 13:56:32 - [TEST_STEP][PASSED] - Statement - println(groupXpath): null

2018-06-18 13:56:32 - [TEST_STEP][PASSED] - Statement - childgroup = driver.findElement(org.openqa.selenium.By.xpath(groupXpath)).getText(): null

2018-06-18 13:56:32 - [TEST_STEP][PASSED] - Statement - println(childgroup): null

2018-06-18 13:56:32 - [TEST_STEP][PASSED] - Statement - subGroupList[i - 1] = childgroup: null

2018-06-18 13:56:32 - [TEST_STEP][PASSED] - Statement - groupXpath = "(//span[@title='" + groupName + "']/following-sibling::ul/li/span[3]/span[2])[" + i + "]": null

2018-06-18 13:56:32 - [TEST_STEP][PASSED] - Statement - println(groupXpath): null

2018-06-18 13:56:32 - [TEST_STEP][PASSED] - Statement - childgroup = driver.findElement(org.openqa.selenium.By.xpath(groupXpath)).getText(): null

2018-06-18 13:56:32 - [TEST_STEP][PASSED] - Statement - println(childgroup): null

2018-06-18 13:56:32 - [TEST_STEP][PASSED] - Statement - subGroupList[i - 1] = childgroup: null

2018-06-18 13:56:32 - [TEST_STEP][PASSED] - Statement - groupXpath = "(//span[@title='" + groupName + "']/following-sibling::ul/li/span[3]/span[2])[" + i + "]": null

2018-06-18 13:56:32 - [TEST_STEP][PASSED] - Statement - println(groupXpath): null

2018-06-18 13:56:32 - [TEST_STEP][PASSED] - Statement - childgroup = driver.findElement(org.openqa.selenium.By.xpath(groupXpath)).getText(): null

2018-06-18 13:56:32 - [TEST_STEP][PASSED] - Statement - println(childgroup): null

2018-06-18 13:56:32 - [TEST_STEP][PASSED] - Statement - subGroupList[i - 1] = childgroup: null

2018-06-18 13:56:32 - [TEST_STEP][PASSED] - Statement - groupXpath = "(//span[@title='" + groupName + "']/following-sibling::ul/li/span[3]/span[2])[" + i + "]": null

2018-06-18 13:56:32 - [TEST_STEP][PASSED] - Statement - println(groupXpath): null

2018-06-18 13:56:32 - [TEST_STEP][PASSED] - Statement - childgroup = driver.findElement(org.openqa.selenium.By.xpath(groupXpath)).getText(): null

2018-06-18 13:56:32 - [TEST_STEP][PASSED] - Statement - println(childgroup): null

2018-06-18 13:56:32 - [TEST_STEP][PASSED] - Statement - subGroupList[i - 1] = childgroup: null

2018-06-18 13:56:32 - [TEST_STEP][PASSED] - Statement - groupXpath = "(//span[@title='" + groupName + "']/following-sibling::ul/li/span[3]/span[2])[" + i + "]": null

2018-06-18 13:56:32 - [TEST_STEP][PASSED] - Statement - println(groupXpath): null

2018-06-18 13:56:32 - [TEST_STEP][PASSED] - Statement - childgroup = driver.findElement(org.openqa.selenium.By.xpath(groupXpath)).getText(): null

2018-06-18 13:56:32 - [TEST_STEP][PASSED] - Statement - println(childgroup): null

2018-06-18 13:56:32 - [TEST_STEP][PASSED] - Statement - subGroupList[i - 1] = childgroup: null

2018-06-18 13:56:32 - [TEST_STEP][PASSED] - Statement - groupXpath = "(//span[@title='" + groupName + "']/following-sibling::ul/li/span[3]/span[2])[" + i + "]": null

2018-06-18 13:56:32 - [TEST_STEP][PASSED] - Statement - println(groupXpath): null

2018-06-18 13:56:32 - [TEST_STEP][PASSED] - Statement - childgroup = driver.findElement(org.openqa.selenium.By.xpath(groupXpath)).getText(): null

2018-06-18 13:56:32 - [TEST_STEP][PASSED] - Statement - println(childgroup): null

2018-06-18 13:56:32 - [TEST_STEP][PASSED] - Statement - subGroupList[i - 1] = childgroup: null

2018-06-18 13:56:32 - [TEST_STEP][PASSED] - Statement - groupXpath = "(//span[@title='" + groupName + "']/following-sibling::ul/li/span[3]/span[2])[" + i + "]": null

2018-06-18 13:56:32 - [TEST_STEP][PASSED] - Statement - println(groupXpath): null

2018-06-18 13:56:32 - [TEST_STEP][PASSED] - Statement - childgroup = driver.findElement(org.openqa.selenium.By.xpath(groupXpath)).getText(): null

2018-06-18 13:56:32 - [TEST_STEP][PASSED] - Statement - println(childgroup): null

2018-06-18 13:56:32 - [TEST_STEP][PASSED] - Statement - subGroupList[i - 1] = childgroup: null

2018-06-18 13:56:32 - [TEST_STEP][PASSED] - Statement - groupXpath = "(//span[@title='" + groupName + "']/following-sibling::ul/li/span[3]/span[2])[" + i + "]": null

2018-06-18 13:56:32 - [TEST_STEP][PASSED] - Statement - println(groupXpath): null

2018-06-18 13:56:32 - [TEST_STEP][PASSED] - Statement - childgroup = driver.findElement(org.openqa.selenium.By.xpath(groupXpath)).getText(): null

2018-06-18 13:56:32 - [TEST_STEP][PASSED] - Statement - println(childgroup): null

2018-06-18 13:56:32 - [TEST_STEP][PASSED] - Statement - subGroupList[i - 1] = childgroup: null

2018-06-18 13:56:32 - [TEST_STEP][PASSED] - Statement - groupXpath = "(//span[@title='" + groupName + "']/following-sibling::ul/li/span[3]/span[2])[" + i + "]": null

2018-06-18 13:56:32 - [TEST_STEP][PASSED] - Statement - println(groupXpath): null

2018-06-18 13:56:32 - [TEST_STEP][PASSED] - Statement - childgroup = driver.findElement(org.openqa.selenium.By.xpath(groupXpath)).getText(): null

2018-06-18 13:56:32 - [TEST_STEP][PASSED] - Statement - println(childgroup): null

2018-06-18 13:56:32 - [TEST_STEP][PASSED] - Statement - subGroupList[i - 1] = childgroup: null

2018-06-18 13:56:32 - [TEST_STEP][PASSED] - Statement - groupXpath = "(//span[@title='" + groupName + "']/following-sibling::ul/li/span[3]/span[2])[" + i + "]": null

2018-06-18 13:56:32 - [TEST_STEP][PASSED] - Statement - println(groupXpath): null

2018-06-18 13:56:32 - [TEST_STEP][PASSED] - Statement - childgroup = driver.findElement(org.openqa.selenium.By.xpath(groupXpath)).getText(): null

2018-06-18 13:56:32 - [TEST_STEP][PASSED] - Statement - println(childgroup): null

2018-06-18 13:56:32 - [TEST_STEP][PASSED] - Statement - subGroupList[i - 1] = childgroup: null

2018-06-18 13:56:32 - [TEST_STEP][PASSED] - Statement - groupXpath = "(//span[@title='" + groupName + "']/following-sibling::ul/li/span[3]/span[2])[" + i + "]": null

2018-06-18 13:56:32 - [TEST_STEP][PASSED] - Statement - println(groupXpath): null

2018-06-18 13:56:32 - [TEST_STEP][PASSED] - Statement - childgroup = driver.findElement(org.openqa.selenium.By.xpath(groupXpath)).getText(): null

2018-06-18 13:56:32 - [TEST_STEP][PASSED] - Statement - println(childgroup): null

2018-06-18 13:56:32 - [TEST_STEP][PASSED] - Statement - subGroupList[i - 1] = childgroup: null

2018-06-18 13:56:32 - [TEST_STEP][PASSED] - Statement - groupXpath = "(//span[@title='" + groupName + "']/following-sibling::ul/li/span[3]/span[2])[" + i + "]": null

2018-06-18 13:56:32 - [TEST_STEP][PASSED] - Statement - println(groupXpath): null

2018-06-18 13:56:32 - [TEST_STEP][PASSED] - Statement - childgroup = driver.findElement(org.openqa.selenium.By.xpath(groupXpath)).getText(): null

2018-06-18 13:56:32 - [TEST_STEP][PASSED] - Statement - println(childgroup): null

2018-06-18 13:56:32 - [TEST_STEP][PASSED] - Statement - subGroupList[i - 1] = childgroup: null

2018-06-18 13:56:32 - [TEST_STEP][PASSED] - Statement - groupXpath = "(//span[@title='" + groupName + "']/following-sibling::ul/li/span[3]/span[2])[" + i + "]": null

2018-06-18 13:56:32 - [TEST_STEP][PASSED] - Statement - println(groupXpath): null

2018-06-18 13:56:32 - [TEST_STEP][PASSED] - Statement - childgroup = driver.findElement(org.openqa.selenium.By.xpath(groupXpath)).getText(): null

2018-06-18 13:56:32 - [TEST_STEP][PASSED] - Statement - println(childgroup): null

2018-06-18 13:56:32 - [TEST_STEP][PASSED] - Statement - subGroupList[i - 1] = childgroup: null

2018-06-18 13:56:32 - [TEST_STEP][PASSED] - Statement - groupXpath = "(//span[@title='" + groupName + "']/following-sibling::ul/li/span[3]/span[2])[" + i + "]": null

2018-06-18 13:56:32 - [TEST_STEP][PASSED] - Statement - println(groupXpath): null

2018-06-18 13:56:32 - [TEST_STEP][PASSED] - Statement - childgroup = driver.findElement(org.openqa.selenium.By.xpath(groupXpath)).getText(): null

2018-06-18 13:56:32 - [TEST_STEP][PASSED] - Statement - println(childgroup): null

2018-06-18 13:56:32 - [TEST_STEP][PASSED] - Statement - subGroupList[i - 1] = childgroup: null

2018-06-18 13:56:32 - [TEST_STEP][PASSED] - Statement - groupXpath = "(//span[@title='" + groupName + "']/following-sibling::ul/li/span[3]/span[2])[" + i + "]": null

2018-06-18 13:56:32 - [TEST_STEP][PASSED] - Statement - println(groupXpath): null

2018-06-18 13:56:32 - [TEST_STEP][PASSED] - Statement - childgroup = driver.findElement(org.openqa.selenium.By.xpath(groupXpath)).getText(): null

2018-06-18 13:56:32 - [TEST_STEP][PASSED] - Statement - println(childgroup): null

2018-06-18 13:56:32 - [TEST_STEP][PASSED] - Statement - subGroupList[i - 1] = childgroup: null

2018-06-18 13:56:32 - [TEST_STEP][PASSED] - Statement - groupXpath = "(//span[@title='" + groupName + "']/following-sibling::ul/li/span[3]/span[2])[" + i + "]": null

2018-06-18 13:56:32 - [TEST_STEP][PASSED] - Statement - println(groupXpath): null

2018-06-18 13:56:32 - [TEST_STEP][PASSED] - Statement - childgroup = driver.findElement(org.openqa.selenium.By.xpath(groupXpath)).getText(): null

2018-06-18 13:56:32 - [TEST_STEP][PASSED] - Statement - println(childgroup): null

2018-06-18 13:56:32 - [TEST_STEP][PASSED] - Statement - subGroupList[i - 1] = childgroup: null

2018-06-18 13:56:32 - [TEST_STEP][PASSED] - Statement - groupXpath = "(//span[@title='" + groupName + "']/following-sibling::ul/li/span[3]/span[2])[" + i + "]": null

2018-06-18 13:56:32 - [TEST_STEP][PASSED] - Statement - println(groupXpath): null

2018-06-18 13:56:32 - [TEST_STEP][PASSED] - Statement - childgroup = driver.findElement(org.openqa.selenium.By.xpath(groupXpath)).getText(): null

2018-06-18 13:56:32 - [TEST_STEP][PASSED] - Statement - println(childgroup): null

2018-06-18 13:56:32 - [TEST_STEP][PASSED] - Statement - subGroupList[i - 1] = childgroup: null

2018-06-18 13:56:32 - [TEST_STEP][PASSED] - Statement - groupXpath = "(//span[@title='" + groupName + "']/following-sibling::ul/li/span[3]/span[2])[" + i + "]": null

2018-06-18 13:56:32 - [TEST_STEP][PASSED] - Statement - println(groupXpath): null

2018-06-18 13:56:32 - [TEST_STEP][PASSED] - Statement - childgroup = driver.findElement(org.openqa.selenium.By.xpath(groupXpath)).getText(): null

2018-06-18 13:56:32 - [TEST_STEP][PASSED] - Statement - println(childgroup): null

2018-06-18 13:56:32 - [TEST_STEP][PASSED] - Statement - subGroupList[i - 1] = childgroup: null

2018-06-18 13:56:32 - [TEST_STEP][PASSED] - Statement - groupXpath = "(//span[@title='" + groupName + "']/following-sibling::ul/li/span[3]/span[2])[" + i + "]": null

2018-06-18 13:56:32 - [TEST_STEP][PASSED] - Statement - println(groupXpath): null

2018-06-18 13:56:32 - [TEST_STEP][PASSED] - Statement - childgroup = driver.findElement(org.openqa.selenium.By.xpath(groupXpath)).getText(): null

2018-06-18 13:56:32 - [TEST_STEP][PASSED] - Statement - println(childgroup): null

2018-06-18 13:56:32 - [TEST_STEP][PASSED] - Statement - subGroupList[i - 1] = childgroup: null

2018-06-18 13:56:32 - [TEST_STEP][PASSED] - Statement - groupXpath = "(//span[@title='" + groupName + "']/following-sibling::ul/li/span[3]/span[2])[" + i + "]": null

2018-06-18 13:56:32 - [TEST_STEP][PASSED] - Statement - println(groupXpath): null

2018-06-18 13:56:32 - [TEST_STEP][PASSED] - Statement - childgroup = driver.findElement(org.openqa.selenium.By.xpath(groupXpath)).getText(): null

2018-06-18 13:56:32 - [TEST_STEP][PASSED] - Statement - println(childgroup): null

2018-06-18 13:56:32 - [TEST_STEP][PASSED] - Statement - subGroupList[i - 1] = childgroup: null

2018-06-18 13:56:32 - [TEST_STEP][PASSED] - Statement - groupXpath = "(//span[@title='" + groupName + "']/following-sibling::ul/li/span[3]/span[2])[" + i + "]": null

2018-06-18 13:56:32 - [TEST_STEP][PASSED] - Statement - println(groupXpath): null

2018-06-18 13:56:32 - [TEST_STEP][PASSED] - Statement - childgroup = driver.findElement(org.openqa.selenium.By.xpath(groupXpath)).getText(): null

2018-06-18 13:56:32 - [TEST_STEP][PASSED] - Statement - println(childgroup): null

2018-06-18 13:56:32 - [TEST_STEP][PASSED] - Statement - subGroupList[i - 1] = childgroup: null

2018-06-18 13:56:32 - [TEST_STEP][PASSED] - Statement - groupXpath = "(//span[@title='" + groupName + "']/following-sibling::ul/li/span[3]/span[2])[" + i + "]": null

2018-06-18 13:56:32 - [TEST_STEP][PASSED] - Statement - println(groupXpath): null

2018-06-18 13:56:32 - [TEST_STEP][PASSED] - Statement - childgroup = driver.findElement(org.openqa.selenium.By.xpath(groupXpath)).getText(): null

2018-06-18 13:56:32 - [TEST_STEP][PASSED] - Statement - println(childgroup): null

2018-06-18 13:56:32 - [TEST_STEP][PASSED] - Statement - subGroupList[i - 1] = childgroup: null

2018-06-18 13:56:32 - [TEST_STEP][PASSED] - Statement - groupXpath = "(//span[@title='" + groupName + "']/following-sibling::ul/li/span[3]/span[2])[" + i + "]": null

2018-06-18 13:56:32 - [TEST_STEP][PASSED] - Statement - println(groupXpath): null

2018-06-18 13:56:32 - [TEST_STEP][PASSED] - Statement - childgroup = driver.findElement(org.openqa.selenium.By.xpath(groupXpath)).getText(): null

2018-06-18 13:56:32 - [TEST_STEP][PASSED] - Statement - println(childgroup): null

2018-06-18 13:56:32 - [TEST_STEP][PASSED] - Statement - subGroupList[i - 1] = childgroup: null

2018-06-18 13:56:32 - [TEST_STEP][PASSED] - Statement - groupXpath = "(//span[@title='" + groupName + "']/following-sibling::ul/li/span[3]/span[2])[" + i + "]": null

2018-06-18 13:56:32 - [TEST_STEP][PASSED] - Statement - println(groupXpath): null

2018-06-18 13:56:32 - [TEST_STEP][PASSED] - Statement - childgroup = driver.findElement(org.openqa.selenium.By.xpath(groupXpath)).getText(): null

2018-06-18 13:56:32 - [TEST_STEP][PASSED] - Statement - println(childgroup): null

2018-06-18 13:56:32 - [TEST_STEP][PASSED] - Statement - subGroupList[i - 1] = childgroup: null

2018-06-18 13:56:32 - [TEST_STEP][PASSED] - Statement - groupXpath = "(//span[@title='" + groupName + "']/following-sibling::ul/li/span[3]/span[2])[" + i + "]": null

2018-06-18 13:56:32 - [TEST_STEP][PASSED] - Statement - println(groupXpath): null

2018-06-18 13:56:32 - [TEST_STEP][PASSED] - Statement - childgroup = driver.findElement(org.openqa.selenium.By.xpath(groupXpath)).getText(): null

2018-06-18 13:56:32 - [TEST_STEP][PASSED] - Statement - println(childgroup): null

2018-06-18 13:56:32 - [TEST_STEP][PASSED] - Statement - subGroupList[i - 1] = childgroup: null

2018-06-18 13:56:32 - [TEST_STEP][PASSED] - Statement - groupXpath = "(//span[@title='" + groupName + "']/following-sibling::ul/li/span[3]/span[2])[" + i + "]": null

2018-06-18 13:56:32 - [TEST_STEP][PASSED] - Statement - println(groupXpath): null

2018-06-18 13:56:32 - [TEST_STEP][PASSED] - Statement - childgroup = driver.findElement(org.openqa.selenium.By.xpath(groupXpath)).getText(): null

2018-06-18 13:56:32 - [TEST_STEP][PASSED] - Statement - println(childgroup): null

2018-06-18 13:56:32 - [TEST_STEP][PASSED] - Statement - subGroupList[i - 1] = childgroup: null

2018-06-18 13:56:32 - [TEST_STEP][PASSED] - Statement - groupXpath = "(//span[@title='" + groupName + "']/following-sibling::ul/li/span[3]/span[2])[" + i + "]": null

2018-06-18 13:56:32 - [TEST_STEP][PASSED] - Statement - println(groupXpath): null

2018-06-18 13:56:32 - [TEST_STEP][PASSED] - Statement - childgroup = driver.findElement(org.openqa.selenium.By.xpath(groupXpath)).getText(): null

2018-06-18 13:56:32 - [TEST_STEP][PASSED] - Statement - println(childgroup): null

2018-06-18 13:56:32 - [TEST_STEP][PASSED] - Statement - subGroupList[i - 1] = childgroup: null

2018-06-18 13:56:32 - [TEST_STEP][PASSED] - Statement - groupXpath = "(//span[@title='" + groupName + "']/following-sibling::ul/li/span[3]/span[2])[" + i + "]": null

2018-06-18 13:56:32 - [TEST_STEP][PASSED] - Statement - println(groupXpath): null

2018-06-18 13:56:32 - [TEST_STEP][PASSED] - Statement - childgroup = driver.findElement(org.openqa.selenium.By.xpath(groupXpath)).getText(): null

2018-06-18 13:56:32 - [TEST_STEP][PASSED] - Statement - println(childgroup): null

2018-06-18 13:56:32 - [TEST_STEP][PASSED] - Statement - subGroupList[i - 1] = childgroup: null

2018-06-18 13:56:32 - [TEST_STEP][PASSED] - Statement - groupXpath = "(//span[@title='" + groupName + "']/following-sibling::ul/li/span[3]/span[2])[" + i + "]": null

2018-06-18 13:56:32 - [TEST_STEP][PASSED] - Statement - println(groupXpath): null

2018-06-18 13:56:32 - [TEST_STEP][PASSED] - Statement - childgroup = driver.findElement(org.openqa.selenium.By.xpath(groupXpath)).getText(): null

2018-06-18 13:56:32 - [TEST_STEP][PASSED] - Statement - println(childgroup): null

2018-06-18 13:56:32 - [TEST_STEP][PASSED] - Statement - subGroupList[i - 1] = childgroup: null

2018-06-18 13:56:32 - [TEST_STEP][PASSED] - Statement - groupXpath = "(//span[@title='" + groupName + "']/following-sibling::ul/li/span[3]/span[2])[" + i + "]": null

2018-06-18 13:56:32 - [TEST_STEP][PASSED] - Statement - println(groupXpath): null

2018-06-18 13:56:32 - [TEST_STEP][PASSED] - Statement - childgroup = driver.findElement(org.openqa.selenium.By.xpath(groupXpath)).getText(): null

2018-06-18 13:56:32 - [TEST_STEP][PASSED] - Statement - println(childgroup): null

2018-06-18 13:56:32 - [TEST_STEP][PASSED] - Statement - subGroupList[i - 1] = childgroup: null

2018-06-18 13:56:32 - [TEST_STEP][PASSED] - Statement - groupXpath = "(//span[@title='" + groupName + "']/following-sibling::ul/li/span[3]/span[2])[" + i + "]": null

2018-06-18 13:56:32 - [TEST_STEP][PASSED] - Statement - println(groupXpath): null

2018-06-18 13:56:32 - [TEST_STEP][PASSED] - Statement - childgroup = driver.findElement(org.openqa.selenium.By.xpath(groupXpath)).getText(): null

2018-06-18 13:56:32 - [TEST_STEP][PASSED] - Statement - println(childgroup): null

2018-06-18 13:56:32 - [TEST_STEP][PASSED] - Statement - subGroupList[i - 1] = childgroup: null

2018-06-18 13:56:32 - [TEST_STEP][PASSED] - Statement - groupXpath = "(//span[@title='" + groupName + "']/following-sibling::ul/li/span[3]/span[2])[" + i + "]": null

2018-06-18 13:56:32 - [TEST_STEP][PASSED] - Statement - println(groupXpath): null

2018-06-18 13:56:32 - [TEST_STEP][PASSED] - Statement - childgroup = driver.findElement(org.openqa.selenium.By.xpath(groupXpath)).getText(): null

2018-06-18 13:56:32 - [TEST_STEP][PASSED] - Statement - println(childgroup): null

2018-06-18 13:56:32 - [TEST_STEP][PASSED] - Statement - subGroupList[i - 1] = childgroup: null

2018-06-18 13:56:32 - [TEST_STEP][PASSED] - Statement - groupXpath = "(//span[@title='" + groupName + "']/following-sibling::ul/li/span[3]/span[2])[" + i + "]": null

2018-06-18 13:56:32 - [TEST_STEP][PASSED] - Statement - println(groupXpath): null

2018-06-18 13:56:32 - [TEST_STEP][PASSED] - Statement - childgroup = driver.findElement(org.openqa.selenium.By.xpath(groupXpath)).getText(): null

2018-06-18 13:56:33 - [TEST_STEP][PASSED] - Statement - println(childgroup): null

2018-06-18 13:56:33 - [TEST_STEP][PASSED] - Statement - subGroupList[i - 1] = childgroup: null

2018-06-18 13:56:33 - [TEST_STEP][PASSED] - Statement - groupXpath = "(//span[@title='" + groupName + "']/following-sibling::ul/li/span[3]/span[2])[" + i + "]": null

2018-06-18 13:56:33 - [TEST_STEP][PASSED] - Statement - println(groupXpath): null

2018-06-18 13:56:33 - [TEST_STEP][PASSED] - Statement - childgroup = driver.findElement(org.openqa.selenium.By.xpath(groupXpath)).getText(): null

2018-06-18 13:56:33 - [TEST_STEP][PASSED] - Statement - println(childgroup): null

2018-06-18 13:56:33 - [TEST_STEP][PASSED] - Statement - subGroupList[i - 1] = childgroup: null

2018-06-18 13:56:33 - [TEST_STEP][PASSED] - Statement - groupXpath = "(//span[@title='" + groupName + "']/following-sibling::ul/li/span[3]/span[2])[" + i + "]": null

2018-06-18 13:56:33 - [TEST_STEP][PASSED] - Statement - println(groupXpath): null

2018-06-18 13:56:33 - [TEST_STEP][PASSED] - Statement - childgroup = driver.findElement(org.openqa.selenium.By.xpath(groupXpath)).getText(): null

2018-06-18 13:56:33 - [TEST_STEP][PASSED] - Statement - println(childgroup): null

2018-06-18 13:56:33 - [TEST_STEP][PASSED] - Statement - subGroupList[i - 1] = childgroup: null

2018-06-18 13:56:33 - [TEST_STEP][PASSED] - Statement - println(subGroupList): null

2018-06-18 13:56:33 - [TEST_STEP][PASSED] - Statement - println(groupStoresList1): null

2018-06-18 13:56:33 - [TEST_STEP][PASSED] - Statement - If (subGroupList.containsAll(groupStoresList1)): null

2018-06-18 13:56:33 - [TEST_STEP][PASSED] - Statement - println("Parent group have all the associated stores and groups"): null

2018-06-18 13:56:33 - [TEST_STEP][PASSED] - uiaction.CommonUIActions.click: uiaction.CommonUIActions.click is PASSED

2018-06-18 13:56:33 - [MESSAGE][PASSED] - uiaction.CommonUIActions.click is PASSED

2018-06-18 13:56:33 - [TEST_STEP][PASSED] - uiaction.CommonUIActions.click: uiaction.CommonUIActions.click is PASSED

2018-06-18 13:56:47 - [MESSAGE][PASSED] - uiaction.CommonUIActions.click is PASSED

2018-06-18 13:56:47 - [TEST_STEP][PASSED] - Statement - storesList = driver.findElements(org.openqa.selenium.By.xpath(com.kms.katalon.core.testdata.TestDataFactory.findTestData(OR_file).getValue(2, 16))): Reading excel file with source file 'C:\Users\shalinin\Katalon Studio\HME_Scripts\Data Files\HME_OR.xlsx' and sheet name 'Sheet1'

2018-06-18 13:56:47 - [TEST_STEP][PASSED] - Statement - For ([i = 1, i <= storesList.size(), (i++)]): null

2018-06-18 13:56:47 - [TEST_STEP][PASSED] - Statement - reportgroup = "(//div[@class='ctable']/table/tbody/tr[@class='tdata clear'])[" + i + "]/td[7]": null

2018-06-18 13:56:47 - [TEST_STEP][PASSED] - Statement - reportgroupTxt = driver.findElement(org.openqa.selenium.By.xpath(reportgroup)).getText(): null

2018-06-18 13:56:47 - [TEST_STEP][PASSED] - Statement - If (reportgroupTxt == "AutomationGroup"): null

2018-06-18 13:56:47 - [TEST_STEP][PASSED] - Statement - println("Report group has right group name"): null

2018-06-18 13:56:47 - [TEST_STEP][PASSED] - Statement - reportgroup = "(//div[@class='ctable']/table/tbody/tr[@class='tdata clear'])[" + i + "]/td[7]": null

2018-06-18 13:56:47 - [TEST_STEP][PASSED] - Statement - reportgroupTxt = driver.findElement(org.openqa.selenium.By.xpath(reportgroup)).getText(): null

2018-06-18 13:56:47 - [TEST_STEP][PASSED] - Statement - If (reportgroupTxt == "AutomationGroup"): null

2018-06-18 13:56:47 - [TEST_STEP][PASSED] - Statement - Else: null

2018-06-18 13:56:47 - [TEST_STEP][PASSED] - Statement - If (!(TCflag)): null

2018-06-18 13:56:47 - [TEST_STEP][PASSED] - Statement - reportgroup = "(//div[@class='ctable']/table/tbody/tr[@class='tdata clear'])[" + i + "]/td[7]": null

2018-06-18 13:56:47 - [TEST_STEP][PASSED] - Statement - reportgroupTxt = driver.findElement(org.openqa.selenium.By.xpath(reportgroup)).getText(): null

2018-06-18 13:56:47 - [TEST_STEP][PASSED] - Statement - If (reportgroupTxt == "AutomationGroup"): null

2018-06-18 13:56:47 - [TEST_STEP][PASSED] - Statement - println("Report group has right group name"): null

2018-06-18 13:56:47 - [TEST_STEP][PASSED] - Statement - reportgroup = "(//div[@class='ctable']/table/tbody/tr[@class='tdata clear'])[" + i + "]/td[7]": null

2018-06-18 13:56:47 - [TEST_STEP][PASSED] - Statement - reportgroupTxt = driver.findElement(org.openqa.selenium.By.xpath(reportgroup)).getText(): null

2018-06-18 13:56:47 - [TEST_STEP][PASSED] - Statement - If (reportgroupTxt == "AutomationGroup"): null

2018-06-18 13:56:47 - [TEST_STEP][PASSED] - Statement - Else: null

2018-06-18 13:56:47 - [TEST_STEP][PASSED] - Statement - If (!(TCflag)): null

2018-06-18 13:56:47 - [TEST_STEP][PASSED] - Statement - reportgroup = "(//div[@class='ctable']/table/tbody/tr[@class='tdata clear'])[" + i + "]/td[7]": null

2018-06-18 13:56:47 - [TEST_STEP][PASSED] - Statement - reportgroupTxt = driver.findElement(org.openqa.selenium.By.xpath(reportgroup)).getText(): null

2018-06-18 13:56:47 - [TEST_STEP][PASSED] - Statement - If (reportgroupTxt == "AutomationGroup"): null

2018-06-18 13:56:47 - [TEST_STEP][PASSED] - Statement - println("Report group has right group name"): null

2018-06-18 13:56:47 - [TEST_STEP][PASSED] - Statement - reportgroup = "(//div[@class='ctable']/table/tbody/tr[@class='tdata clear'])[" + i + "]/td[7]": null

2018-06-18 13:56:47 - [TEST_STEP][PASSED] - Statement - reportgroupTxt = driver.findElement(org.openqa.selenium.By.xpath(reportgroup)).getText(): null

2018-06-18 13:56:47 - [TEST_STEP][PASSED] - Statement - If (reportgroupTxt == "AutomationGroup"): null

2018-06-18 13:56:47 - [TEST_STEP][PASSED] - Statement - Else: null

2018-06-18 13:56:47 - [TEST_STEP][PASSED] - Statement - If (!(TCflag)): null

2018-06-18 13:56:47 - [TEST_STEP][PASSED] - Statement - reportgroup = "(//div[@class='ctable']/table/tbody/tr[@class='tdata clear'])[" + i + "]/td[7]": null

2018-06-18 13:56:47 - [TEST_STEP][PASSED] - Statement - reportgroupTxt = driver.findElement(org.openqa.selenium.By.xpath(reportgroup)).getText(): null

2018-06-18 13:56:47 - [TEST_STEP][PASSED] - Statement - If (reportgroupTxt == "AutomationGroup"): null

2018-06-18 13:56:47 - [TEST_STEP][PASSED] - Statement - Else: null

2018-06-18 13:56:47 - [TEST_STEP][PASSED] - Statement - If (!(TCflag)): null

2018-06-18 13:56:47 - [TEST_STEP][PASSED] - Statement - reportgroup = "(//div[@class='ctable']/table/tbody/tr[@class='tdata clear'])[" + i + "]/td[7]": null

2018-06-18 13:56:47 - [TEST_STEP][PASSED] - Statement - reportgroupTxt = driver.findElement(org.openqa.selenium.By.xpath(reportgroup)).getText(): null

2018-06-18 13:56:47 - [TEST_STEP][PASSED] - Statement - If (reportgroupTxt == "AutomationGroup"): null

2018-06-18 13:56:47 - [TEST_STEP][PASSED] - Statement - Else: null

2018-06-18 13:56:47 - [TEST_STEP][PASSED] - Statement - If (!(TCflag)): null

2018-06-18 13:56:47 - [TEST_STEP][PASSED] - Statement - reportgroup = "(//div[@class='ctable']/table/tbody/tr[@class='tdata clear'])[" + i + "]/td[7]": null

2018-06-18 13:56:47 - [TEST_STEP][PASSED] - Statement - reportgroupTxt = driver.findElement(org.openqa.selenium.By.xpath(reportgroup)).getText(): null

2018-06-18 13:56:47 - [TEST_STEP][PASSED] - Statement - If (reportgroupTxt == "AutomationGroup"): null

2018-06-18 13:56:47 - [TEST_STEP][PASSED] - Statement - println("Report group has right group name"): null

2018-06-18 13:56:47 - [TEST_STEP][PASSED] - Statement - reportgroup = "(//div[@class='ctable']/table/tbody/tr[@class='tdata clear'])[" + i + "]/td[7]": null

2018-06-18 13:56:47 - [TEST_STEP][PASSED] - Statement - reportgroupTxt = driver.findElement(org.openqa.selenium.By.xpath(reportgroup)).getText(): null

2018-06-18 13:56:47 - [TEST_STEP][PASSED] - Statement - If (reportgroupTxt == "AutomationGroup"): null

2018-06-18 13:56:47 - [TEST_STEP][PASSED] - Statement - println("Report group has right group name"): null

2018-06-18 13:56:47 - [TEST_STEP][PASSED] - Statement - reportgroup = "(//div[@class='ctable']/table/tbody/tr[@class='tdata clear'])[" + i + "]/td[7]": null

2018-06-18 13:56:47 - [TEST_STEP][PASSED] - Statement - reportgroupTxt = driver.findElement(org.openqa.selenium.By.xpath(reportgroup)).getText(): null

2018-06-18 13:56:47 - [TEST_STEP][PASSED] - Statement - If (reportgroupTxt == "AutomationGroup"): null

2018-06-18 13:56:47 - [TEST_STEP][PASSED] - Statement - println("Report group has right group name"): null

2018-06-18 13:56:47 - [TEST_STEP][PASSED] - Statement - reportgroup = "(//div[@class='ctable']/table/tbody/tr[@class='tdata clear'])[" + i + "]/td[7]": null

2018-06-18 13:56:47 - [TEST_STEP][PASSED] - Statement - reportgroupTxt = driver.findElement(org.openqa.selenium.By.xpath(reportgroup)).getText(): null

2018-06-18 13:56:47 - [TEST_STEP][PASSED] - Statement - If (reportgroupTxt == "AutomationGroup"): null

2018-06-18 13:56:47 - [TEST_STEP][PASSED] - Statement - println("Report group has right group name"): null

2018-06-18 13:56:47 - [TEST_STEP][PASSED] - Statement - reportgroup = "(//div[@class='ctable']/table/tbody/tr[@class='tdata clear'])[" + i + "]/td[7]": null

2018-06-18 13:56:47 - [TEST_STEP][PASSED] - Statement - reportgroupTxt = driver.findElement(org.openqa.selenium.By.xpath(reportgroup)).getText(): null

2018-06-18 13:56:47 - [TEST_STEP][PASSED] - Statement - If (reportgroupTxt == "AutomationGroup"): null

2018-06-18 13:56:47 - [TEST_STEP][PASSED] - Statement - println("Report group has right group name"): null

2018-06-18 13:56:47 - [TEST_STEP][PASSED] - Statement - reportgroup = "(//div[@class='ctable']/table/tbody/tr[@class='tdata clear'])[" + i + "]/td[7]": null

2018-06-18 13:56:47 - [TEST_STEP][PASSED] - Statement - reportgroupTxt = driver.findElement(org.openqa.selenium.By.xpath(reportgroup)).getText(): null

2018-06-18 13:56:47 - [TEST_STEP][PASSED] - Statement - If (reportgroupTxt == "AutomationGroup"): null

2018-06-18 13:56:47 - [TEST_STEP][PASSED] - Statement - Else: null

2018-06-18 13:56:47 - [TEST_STEP][PASSED] - Statement - If (!(TCflag)): null

2018-06-18 13:56:47 - [TEST_STEP][PASSED] - Statement - reportgroup = "(//div[@class='ctable']/table/tbody/tr[@class='tdata clear'])[" + i + "]/td[7]": null

2018-06-18 13:56:47 - [TEST_STEP][PASSED] - Statement - reportgroupTxt = driver.findElement(org.openqa.selenium.By.xpath(reportgroup)).getText(): null

2018-06-18 13:56:47 - [TEST_STEP][PASSED] - Statement - If (reportgroupTxt == "AutomationGroup"): null

2018-06-18 13:56:47 - [TEST_STEP][PASSED] - Statement - println("Report group has right group name"): null

2018-06-18 13:56:47 - [TEST_STEP][PASSED] - Statement - reportgroup = "(//div[@class='ctable']/table/tbody/tr[@class='tdata clear'])[" + i + "]/td[7]": null

2018-06-18 13:56:47 - [TEST_STEP][PASSED] - Statement - reportgroupTxt = driver.findElement(org.openqa.selenium.By.xpath(reportgroup)).getText(): null

2018-06-18 13:56:47 - [TEST_STEP][PASSED] - Statement - If (reportgroupTxt == "AutomationGroup"): null

2018-06-18 13:56:47 - [TEST_STEP][PASSED] - Statement - Else: null

2018-06-18 13:56:47 - [TEST_STEP][PASSED] - Statement - If (!(TCflag)): null

2018-06-18 13:56:47 - [TEST_STEP][PASSED] - Statement - reportgroup = "(//div[@class='ctable']/table/tbody/tr[@class='tdata clear'])[" + i + "]/td[7]": null

2018-06-18 13:56:47 - [TEST_STEP][PASSED] - Statement - reportgroupTxt = driver.findElement(org.openqa.selenium.By.xpath(reportgroup)).getText(): null

2018-06-18 13:56:47 - [TEST_STEP][PASSED] - Statement - If (reportgroupTxt == "AutomationGroup"): null

2018-06-18 13:56:47 - [TEST_STEP][PASSED] - Statement - println("Report group has right group name"): null

2018-06-18 13:56:47 - [TEST_STEP][PASSED] - Statement - reportgroup = "(//div[@class='ctable']/table/tbody/tr[@class='tdata clear'])[" + i + "]/td[7]": null

2018-06-18 13:56:47 - [TEST_STEP][PASSED] - Statement - reportgroupTxt = driver.findElement(org.openqa.selenium.By.xpath(reportgroup)).getText(): null

2018-06-18 13:56:47 - [TEST_STEP][PASSED] - Statement - If (reportgroupTxt == "AutomationGroup"): null

2018-06-18 13:56:47 - [TEST_STEP][PASSED] - Statement - println("Report group has right group name"): null

2018-06-18 13:56:47 - [TEST_STEP][PASSED] - Statement - reportgroup = "(//div[@class='ctable']/table/tbody/tr[@class='tdata clear'])[" + i + "]/td[7]": null

2018-06-18 13:56:47 - [TEST_STEP][PASSED] - Statement - reportgroupTxt = driver.findElement(org.openqa.selenium.By.xpath(reportgroup)).getText(): null

2018-06-18 13:56:47 - [TEST_STEP][PASSED] - Statement - If (reportgroupTxt == "AutomationGroup"): null

2018-06-18 13:56:47 - [TEST_STEP][PASSED] - Statement - println("Report group has right group name"): null

2018-06-18 13:56:47 - [TEST_STEP][PASSED] - Statement - reportgroup = "(//div[@class='ctable']/table/tbody/tr[@class='tdata clear'])[" + i + "]/td[7]": null

2018-06-18 13:56:47 - [TEST_STEP][PASSED] - Statement - reportgroupTxt = driver.findElement(org.openqa.selenium.By.xpath(reportgroup)).getText(): null

2018-06-18 13:56:47 - [TEST_STEP][PASSED] - Statement - If (reportgroupTxt == "AutomationGroup"): null

2018-06-18 13:56:47 - [TEST_STEP][PASSED] - Statement - println("Report group has right group name"): null

2018-06-18 13:56:47 - [TEST_STEP][PASSED] - Statement - reportgroup = "(//div[@class='ctable']/table/tbody/tr[@class='tdata clear'])[" + i + "]/td[7]": null

2018-06-18 13:56:47 - [TEST_STEP][PASSED] - Statement - reportgroupTxt = driver.findElement(org.openqa.selenium.By.xpath(reportgroup)).getText(): null

2018-06-18 13:56:47 - [TEST_STEP][PASSED] - Statement - If (reportgroupTxt == "AutomationGroup"): null

2018-06-18 13:56:47 - [TEST_STEP][PASSED] - Statement - println("Report group has right group name"): null

2018-06-18 13:56:47 - [TEST_STEP][PASSED] - Statement - reportgroup = "(//div[@class='ctable']/table/tbody/tr[@class='tdata clear'])[" + i + "]/td[7]": null

2018-06-18 13:56:47 - [TEST_STEP][PASSED] - Statement - reportgroupTxt = driver.findElement(org.openqa.selenium.By.xpath(reportgroup)).getText(): null

2018-06-18 13:56:47 - [TEST_STEP][PASSED] - Statement - If (reportgroupTxt == "AutomationGroup"): null

2018-06-18 13:56:47 - [TEST_STEP][PASSED] - Statement - println("Report group has right group name"): null

2018-06-18 13:56:47 - [TEST_STEP][PASSED] - Statement - reportgroup = "(//div[@class='ctable']/table/tbody/tr[@class='tdata clear'])[" + i + "]/td[7]": null

2018-06-18 13:56:47 - [TEST_STEP][PASSED] - Statement - reportgroupTxt = driver.findElement(org.openqa.selenium.By.xpath(reportgroup)).getText(): null

2018-06-18 13:56:47 - [TEST_STEP][PASSED] - Statement - If (reportgroupTxt == "AutomationGroup"): null

2018-06-18 13:56:47 - [TEST_STEP][PASSED] - Statement - println("Report group has right group name"): null

2018-06-18 13:56:47 - [TEST_STEP][PASSED] - Statement - reportgroup = "(//div[@class='ctable']/table/tbody/tr[@class='tdata clear'])[" + i + "]/td[7]": null

2018-06-18 13:56:47 - [TEST_STEP][PASSED] - Statement - reportgroupTxt = driver.findElement(org.openqa.selenium.By.xpath(reportgroup)).getText(): null

2018-06-18 13:56:47 - [TEST_STEP][PASSED] - Statement - If (reportgroupTxt == "AutomationGroup"): null

2018-06-18 13:56:47 - [TEST_STEP][PASSED] - Statement - Else: null

2018-06-18 13:56:47 - [TEST_STEP][PASSED] - Statement - If (!(TCflag)): null

2018-06-18 13:56:47 - [TEST_STEP][PASSED] - Statement - reportgroup = "(//div[@class='ctable']/table/tbody/tr[@class='tdata clear'])[" + i + "]/td[7]": null

2018-06-18 13:56:47 - [TEST_STEP][PASSED] - Statement - reportgroupTxt = driver.findElement(org.openqa.selenium.By.xpath(reportgroup)).getText(): null

2018-06-18 13:56:48 - [TEST_STEP][PASSED] - Statement - If (reportgroupTxt == "AutomationGroup"): null

2018-06-18 13:56:48 - [TEST_STEP][PASSED] - Statement - Else: null

2018-06-18 13:56:48 - [TEST_STEP][PASSED] - Statement - If (!(TCflag)): null

2018-06-18 13:56:48 - [TEST_STEP][PASSED] - Statement - reportgroup = "(//div[@class='ctable']/table/tbody/tr[@class='tdata clear'])[" + i + "]/td[7]": null

2018-06-18 13:56:48 - [TEST_STEP][PASSED] - Statement - reportgroupTxt = driver.findElement(org.openqa.selenium.By.xpath(reportgroup)).getText(): null

2018-06-18 13:56:48 - [TEST_STEP][PASSED] - Statement - If (reportgroupTxt == "AutomationGroup"): null

2018-06-18 13:56:48 - [TEST_STEP][PASSED] - Statement - println("Report group has right group name"): null

2018-06-18 13:56:48 - [TEST_STEP][PASSED] - Statement - reportgroup = "(//div[@class='ctable']/table/tbody/tr[@class='tdata clear'])[" + i + "]/td[7]": null

2018-06-18 13:56:48 - [TEST_STEP][PASSED] - Statement - reportgroupTxt = driver.findElement(org.openqa.selenium.By.xpath(reportgroup)).getText(): null

2018-06-18 13:56:48 - [TEST_STEP][PASSED] - Statement - If (reportgroupTxt == "AutomationGroup"): null

2018-06-18 13:56:48 - [TEST_STEP][PASSED] - Statement - println("Report group has right group name"): null

2018-06-18 13:56:48 - [TEST_STEP][PASSED] - Statement - reportgroup = "(//div[@class='ctable']/table/tbody/tr[@class='tdata clear'])[" + i + "]/td[7]": null

2018-06-18 13:56:48 - [TEST_STEP][PASSED] - Statement - reportgroupTxt = driver.findElement(org.openqa.selenium.By.xpath(reportgroup)).getText(): null

2018-06-18 13:56:48 - [TEST_STEP][PASSED] - Statement - If (reportgroupTxt == "AutomationGroup"): null

2018-06-18 13:56:48 - [TEST_STEP][PASSED] - Statement - println("Report group has right group name"): null

2018-06-18 13:56:48 - [TEST_STEP][PASSED] - Statement - reportgroup = "(//div[@class='ctable']/table/tbody/tr[@class='tdata clear'])[" + i + "]/td[7]": null

2018-06-18 13:56:48 - [TEST_STEP][PASSED] - Statement - reportgroupTxt = driver.findElement(org.openqa.selenium.By.xpath(reportgroup)).getText(): null

2018-06-18 13:56:48 - [TEST_STEP][PASSED] - Statement - If (reportgroupTxt == "AutomationGroup"): null

2018-06-18 13:56:48 - [TEST_STEP][PASSED] - Statement - Else: null

2018-06-18 13:56:48 - [TEST_STEP][PASSED] - Statement - If (!(TCflag)): null

2018-06-18 13:56:48 - [TEST_STEP][PASSED] - Statement - reportgroup = "(//div[@class='ctable']/table/tbody/tr[@class='tdata clear'])[" + i + "]/td[7]": null

2018-06-18 13:56:48 - [TEST_STEP][PASSED] - Statement - reportgroupTxt = driver.findElement(org.openqa.selenium.By.xpath(reportgroup)).getText(): null

2018-06-18 13:56:48 - [TEST_STEP][PASSED] - Statement - If (reportgroupTxt == "AutomationGroup"): null

2018-06-18 13:56:48 - [TEST_STEP][PASSED] - Statement - println("Report group has right group name"): null

2018-06-18 13:56:48 - [TEST_STEP][PASSED] - Statement - reportgroup = "(//div[@class='ctable']/table/tbody/tr[@class='tdata clear'])[" + i + "]/td[7]": null

2018-06-18 13:56:48 - [TEST_STEP][PASSED] - Statement - reportgroupTxt = driver.findElement(org.openqa.selenium.By.xpath(reportgroup)).getText(): null

2018-06-18 13:56:48 - [TEST_STEP][PASSED] - Statement - If (reportgroupTxt == "AutomationGroup"): null

2018-06-18 13:56:48 - [TEST_STEP][PASSED] - Statement - println("Report group has right group name"): null

2018-06-18 13:56:48 - [TEST_STEP][PASSED] - Statement - reportgroup = "(//div[@class='ctable']/table/tbody/tr[@class='tdata clear'])[" + i + "]/td[7]": null

2018-06-18 13:56:48 - [TEST_STEP][PASSED] - Statement - reportgroupTxt = driver.findElement(org.openqa.selenium.By.xpath(reportgroup)).getText(): null

2018-06-18 13:56:48 - [TEST_STEP][PASSED] - Statement - If (reportgroupTxt == "AutomationGroup"): null

2018-06-18 13:56:48 - [TEST_STEP][PASSED] - Statement - println("Report group has right group name"): null

2018-06-18 13:56:48 - [TEST_STEP][PASSED] - Statement - reportgroup = "(//div[@class='ctable']/table/tbody/tr[@class='tdata clear'])[" + i + "]/td[7]": null

2018-06-18 13:56:48 - [TEST_STEP][PASSED] - Statement - reportgroupTxt = driver.findElement(org.openqa.selenium.By.xpath(reportgroup)).getText(): null

2018-06-18 13:56:48 - [TEST_STEP][PASSED] - Statement - If (reportgroupTxt == "AutomationGroup"): null

2018-06-18 13:56:48 - [TEST_STEP][PASSED] - Statement - println("Report group has right group name"): null

2018-06-18 13:56:48 - [TEST_STEP][PASSED] - Statement - reportgroup = "(//div[@class='ctable']/table/tbody/tr[@class='tdata clear'])[" + i + "]/td[7]": null

2018-06-18 13:56:48 - [TEST_STEP][PASSED] - Statement - reportgroupTxt = driver.findElement(org.openqa.selenium.By.xpath(reportgroup)).getText(): null

2018-06-18 13:56:48 - [TEST_STEP][PASSED] - Statement - If (reportgroupTxt == "AutomationGroup"): null

2018-06-18 13:56:48 - [TEST_STEP][PASSED] - Statement - Else: null

2018-06-18 13:56:48 - [TEST_STEP][PASSED] - Statement - If (!(TCflag)): null

2018-06-18 13:56:48 - [TEST_STEP][PASSED] - Statement - reportgroup = "(//div[@class='ctable']/table/tbody/tr[@class='tdata clear'])[" + i + "]/td[7]": null

2018-06-18 13:56:48 - [TEST_STEP][PASSED] - Statement - reportgroupTxt = driver.findElement(org.openqa.selenium.By.xpath(reportgroup)).getText(): null

2018-06-18 13:56:48 - [TEST_STEP][PASSED] - Statement - If (reportgroupTxt == "AutomationGroup"): null

2018-06-18 13:56:48 - [TEST_STEP][PASSED] - Statement - println("Report group has right group name"): null

2018-06-18 13:56:48 - [TEST_STEP][PASSED] - Statement - reportgroup = "(//div[@class='ctable']/table/tbody/tr[@class='tdata clear'])[" + i + "]/td[7]": null

2018-06-18 13:56:48 - [TEST_STEP][PASSED] - Statement - reportgroupTxt = driver.findElement(org.openqa.selenium.By.xpath(reportgroup)).getText(): null

2018-06-18 13:56:48 - [TEST_STEP][PASSED] - Statement - If (reportgroupTxt == "AutomationGroup"): null

2018-06-18 13:56:48 - [TEST_STEP][PASSED] - Statement - println("Report group has right group name"): null

2018-06-18 13:56:48 - [TEST_STEP][PASSED] - Statement - reportgroup = "(//div[@class='ctable']/table/tbody/tr[@class='tdata clear'])[" + i + "]/td[7]": null

2018-06-18 13:56:48 - [TEST_STEP][PASSED] - Statement - reportgroupTxt = driver.findElement(org.openqa.selenium.By.xpath(reportgroup)).getText(): null

2018-06-18 13:56:48 - [TEST_STEP][PASSED] - Statement - If (reportgroupTxt == "AutomationGroup"): null

2018-06-18 13:56:48 - [TEST_STEP][PASSED] - Statement - println("Report group has right group name"): null

2018-06-18 13:56:48 - [TEST_STEP][PASSED] - Statement - reportgroup = "(//div[@class='ctable']/table/tbody/tr[@class='tdata clear'])[" + i + "]/td[7]": null

2018-06-18 13:56:48 - [TEST_STEP][PASSED] - Statement - reportgroupTxt = driver.findElement(org.openqa.selenium.By.xpath(reportgroup)).getText(): null

2018-06-18 13:56:48 - [TEST_STEP][PASSED] - Statement - If (reportgroupTxt == "AutomationGroup"): null

2018-06-18 13:56:48 - [TEST_STEP][PASSED] - Statement - println("Report group has right group name"): null

2018-06-18 13:56:48 - [TEST_STEP][PASSED] - Statement - reportgroup = "(//div[@class='ctable']/table/tbody/tr[@class='tdata clear'])[" + i + "]/td[7]": null

2018-06-18 13:56:48 - [TEST_STEP][PASSED] - Statement - reportgroupTxt = driver.findElement(org.openqa.selenium.By.xpath(reportgroup)).getText(): null

2018-06-18 13:56:48 - [TEST_STEP][PASSED] - Statement - If (reportgroupTxt == "AutomationGroup"): null

2018-06-18 13:56:48 - [TEST_STEP][PASSED] - Statement - println("Report group has right group name"): null

2018-06-18 13:56:48 - [TEST_STEP][PASSED] - Statement - reportgroup = "(//div[@class='ctable']/table/tbody/tr[@class='tdata clear'])[" + i + "]/td[7]": null

2018-06-18 13:56:48 - [TEST_STEP][PASSED] - Statement - reportgroupTxt = driver.findElement(org.openqa.selenium.By.xpath(reportgroup)).getText(): null

2018-06-18 13:56:48 - [TEST_STEP][PASSED] - Statement - If (reportgroupTxt == "AutomationGroup"): null

2018-06-18 13:56:48 - [TEST_STEP][PASSED] - Statement - println("Report group has right group name"): null

2018-06-18 13:56:48 - [TEST_STEP][PASSED] - Statement - reportgroup = "(//div[@class='ctable']/table/tbody/tr[@class='tdata clear'])[" + i + "]/td[7]": null

2018-06-18 13:56:48 - [TEST_STEP][PASSED] - Statement - reportgroupTxt = driver.findElement(org.openqa.selenium.By.xpath(reportgroup)).getText(): null

2018-06-18 13:56:48 - [TEST_STEP][PASSED] - Statement - If (reportgroupTxt == "AutomationGroup"): null

2018-06-18 13:56:48 - [TEST_STEP][PASSED] - Statement - println("Report group has right group name"): null

2018-06-18 13:56:48 - [TEST_STEP][PASSED] - Statement - reportgroup = "(//div[@class='ctable']/table/tbody/tr[@class='tdata clear'])[" + i + "]/td[7]": null

2018-06-18 13:56:48 - [TEST_STEP][PASSED] - Statement - reportgroupTxt = driver.findElement(org.openqa.selenium.By.xpath(reportgroup)).getText(): null

2018-06-18 13:56:48 - [TEST_STEP][PASSED] - Statement - If (reportgroupTxt == "AutomationGroup"): null

2018-06-18 13:56:48 - [TEST_STEP][PASSED] - Statement - println("Report group has right group name"): null

2018-06-18 13:56:48 - [TEST_STEP][PASSED] - Statement - reportgroup = "(//div[@class='ctable']/table/tbody/tr[@class='tdata clear'])[" + i + "]/td[7]": null

2018-06-18 13:56:48 - [TEST_STEP][PASSED] - Statement - reportgroupTxt = driver.findElement(org.openqa.selenium.By.xpath(reportgroup)).getText(): null

2018-06-18 13:56:48 - [TEST_STEP][PASSED] - Statement - If (reportgroupTxt == "AutomationGroup"): null

2018-06-18 13:56:48 - [TEST_STEP][PASSED] - Statement - Else: null

2018-06-18 13:56:48 - [TEST_STEP][PASSED] - Statement - If (!(TCflag)): null

2018-06-18 13:56:48 - [TEST_STEP][PASSED] - Statement - reportgroup = "(//div[@class='ctable']/table/tbody/tr[@class='tdata clear'])[" + i + "]/td[7]": null

2018-06-18 13:56:48 - [TEST_STEP][PASSED] - Statement - reportgroupTxt = driver.findElement(org.openqa.selenium.By.xpath(reportgroup)).getText(): null

2018-06-18 13:56:48 - [TEST_STEP][PASSED] - Statement - If (reportgroupTxt == "AutomationGroup"): null

2018-06-18 13:56:48 - [TEST_STEP][PASSED] - Statement - println("Report group has right group name"): null

2018-06-18 13:56:48 - [TEST_STEP][PASSED] - Statement - reportgroup = "(//div[@class='ctable']/table/tbody/tr[@class='tdata clear'])[" + i + "]/td[7]": null

2018-06-18 13:56:48 - [TEST_STEP][PASSED] - Statement - reportgroupTxt = driver.findElement(org.openqa.selenium.By.xpath(reportgroup)).getText(): null

2018-06-18 13:56:48 - [TEST_STEP][PASSED] - Statement - If (reportgroupTxt == "AutomationGroup"): null

2018-06-18 13:56:48 - [TEST_STEP][PASSED] - Statement - println("Report group has right group name"): null

2018-06-18 13:56:48 - [TEST_STEP][PASSED] - Statement - reportgroup = "(//div[@class='ctable']/table/tbody/tr[@class='tdata clear'])[" + i + "]/td[7]": null

2018-06-18 13:56:48 - [TEST_STEP][PASSED] - Statement - reportgroupTxt = driver.findElement(org.openqa.selenium.By.xpath(reportgroup)).getText(): null

2018-06-18 13:56:48 - [TEST_STEP][PASSED] - Statement - If (reportgroupTxt == "AutomationGroup"): null

2018-06-18 13:56:48 - [TEST_STEP][PASSED] - Statement - println("Report group has right group name"): null

2018-06-18 13:56:48 - [TEST_STEP][PASSED] - Statement - reportgroup = "(//div[@class='ctable']/table/tbody/tr[@class='tdata clear'])[" + i + "]/td[7]": null

2018-06-18 13:56:48 - [TEST_STEP][PASSED] - Statement - reportgroupTxt = driver.findElement(org.openqa.selenium.By.xpath(reportgroup)).getText(): null

2018-06-18 13:56:48 - [TEST_STEP][PASSED] - Statement - If (reportgroupTxt == "AutomationGroup"): null

2018-06-18 13:56:48 - [TEST_STEP][PASSED] - Statement - println("Report group has right group name"): null

2018-06-18 13:56:48 - [TEST_STEP][PASSED] - Statement - reportgroup = "(//div[@class='ctable']/table/tbody/tr[@class='tdata clear'])[" + i + "]/td[7]": null

2018-06-18 13:56:48 - [TEST_STEP][PASSED] - Statement - reportgroupTxt = driver.findElement(org.openqa.selenium.By.xpath(reportgroup)).getText(): null

2018-06-18 13:56:48 - [TEST_STEP][PASSED] - Statement - If (reportgroupTxt == "AutomationGroup"): null

2018-06-18 13:56:48 - [TEST_STEP][PASSED] - Statement - println("Report group has right group name"): null

2018-06-18 13:56:48 - [TEST_STEP][PASSED] - Statement - reportgroup = "(//div[@class='ctable']/table/tbody/tr[@class='tdata clear'])[" + i + "]/td[7]": null

2018-06-18 13:56:48 - [TEST_STEP][PASSED] - Statement - reportgroupTxt = driver.findElement(org.openqa.selenium.By.xpath(reportgroup)).getText(): null

2018-06-18 13:56:48 - [TEST_STEP][PASSED] - Statement - If (reportgroupTxt == "AutomationGroup"): null

2018-06-18 13:56:48 - [TEST_STEP][PASSED] - Statement - println("Report group has right group name"): null

2018-06-18 13:56:48 - [TEST_STEP][PASSED] - Statement - reportgroup = "(//div[@class='ctable']/table/tbody/tr[@class='tdata clear'])[" + i + "]/td[7]": null

2018-06-18 13:56:48 - [TEST_STEP][PASSED] - Statement - reportgroupTxt = driver.findElement(org.openqa.selenium.By.xpath(reportgroup)).getText(): null

2018-06-18 13:56:48 - [TEST_STEP][PASSED] - Statement - If (reportgroupTxt == "AutomationGroup"): null

2018-06-18 13:56:48 - [TEST_STEP][PASSED] - Statement - println("Report group has right group name"): null

2018-06-18 13:56:48 - [TEST_STEP][PASSED] - Statement - reportgroup = "(//div[@class='ctable']/table/tbody/tr[@class='tdata clear'])[" + i + "]/td[7]": null

2018-06-18 13:56:48 - [TEST_STEP][PASSED] - Statement - reportgroupTxt = driver.findElement(org.openqa.selenium.By.xpath(reportgroup)).getText(): null

2018-06-18 13:56:48 - [TEST_STEP][PASSED] - Statement - If (reportgroupTxt == "AutomationGroup"): null

2018-06-18 13:56:48 - [TEST_STEP][PASSED] - Statement - Else: null

2018-06-18 13:56:48 - [TEST_STEP][PASSED] - Statement - If (!(TCflag)): null

2018-06-18 13:56:48 - [TEST_STEP][PASSED] - Statement - reportgroup = "(//div[@class='ctable']/table/tbody/tr[@class='tdata clear'])[" + i + "]/td[7]": null

2018-06-18 13:56:48 - [TEST_STEP][PASSED] - Statement - reportgroupTxt = driver.findElement(org.openqa.selenium.By.xpath(reportgroup)).getText(): null

2018-06-18 13:56:48 - [TEST_STEP][PASSED] - Statement - If (reportgroupTxt == "AutomationGroup"): null

2018-06-18 13:56:48 - [TEST_STEP][PASSED] - Statement - Else: null

2018-06-18 13:56:48 - [TEST_STEP][PASSED] - Statement - If (!(TCflag)): null

2018-06-18 13:56:48 - [TEST_STEP][PASSED] - Statement - reportgroup = "(//div[@class='ctable']/table/tbody/tr[@class='tdata clear'])[" + i + "]/td[7]": null

2018-06-18 13:56:48 - [TEST_STEP][PASSED] - Statement - reportgroupTxt = driver.findElement(org.openqa.selenium.By.xpath(reportgroup)).getText(): null

2018-06-18 13:56:48 - [TEST_STEP][PASSED] - Statement - If (reportgroupTxt == "AutomationGroup"): null

2018-06-18 13:56:48 - [TEST_STEP][PASSED] - Statement - println("Report group has right group name"): null

2018-06-18 13:56:48 - [TEST_STEP][PASSED] - Statement - reportgroup = "(//div[@class='ctable']/table/tbody/tr[@class='tdata clear'])[" + i + "]/td[7]": null

2018-06-18 13:56:48 - [TEST_STEP][PASSED] - Statement - reportgroupTxt = driver.findElement(org.openqa.selenium.By.xpath(reportgroup)).getText(): null

2018-06-18 13:56:48 - [TEST_STEP][PASSED] - Statement - If (reportgroupTxt == "AutomationGroup"): null

2018-06-18 13:56:48 - [TEST_STEP][PASSED] - Statement - println("Report group has right group name"): null

2018-06-18 13:56:48 - [TEST_STEP][PASSED] - Statement - reportgroup = "(//div[@class='ctable']/table/tbody/tr[@class='tdata clear'])[" + i + "]/td[7]": null

2018-06-18 13:56:48 - [TEST_STEP][PASSED] - Statement - reportgroupTxt = driver.findElement(org.openqa.selenium.By.xpath(reportgroup)).getText(): null

2018-06-18 13:56:48 - [TEST_STEP][PASSED] - Statement - If (reportgroupTxt == "AutomationGroup"): null

2018-06-18 13:56:48 - [TEST_STEP][PASSED] - Statement - println("Report group has right group name"): null

2018-06-18 13:56:48 - [TEST_STEP][PASSED] - Statement - reportgroup = "(//div[@class='ctable']/table/tbody/tr[@class='tdata clear'])[" + i + "]/td[7]": null

2018-06-18 13:56:48 - [TEST_STEP][PASSED] - Statement - reportgroupTxt = driver.findElement(org.openqa.selenium.By.xpath(reportgroup)).getText(): null

2018-06-18 13:56:48 - [TEST_STEP][PASSED] - Statement - If (reportgroupTxt == "AutomationGroup"): null

2018-06-18 13:56:48 - [TEST_STEP][PASSED] - Statement - println("Report group has right group name"): null

2018-06-18 13:56:48 - [TEST_STEP][PASSED] - Statement - reportgroup = "(//div[@class='ctable']/table/tbody/tr[@class='tdata clear'])[" + i + "]/td[7]": null

2018-06-18 13:56:48 - [TEST_STEP][PASSED] - Statement - reportgroupTxt = driver.findElement(org.openqa.selenium.By.xpath(reportgroup)).getText(): null

2018-06-18 13:56:48 - [TEST_STEP][PASSED] - Statement - If (reportgroupTxt == "AutomationGroup"): null

2018-06-18 13:56:48 - [TEST_STEP][PASSED] - Statement - println("Report group has right group name"): null

2018-06-18 13:56:48 - [TEST_STEP][PASSED] - Statement - reportgroup = "(//div[@class='ctable']/table/tbody/tr[@class='tdata clear'])[" + i + "]/td[7]": null

2018-06-18 13:56:48 - [TEST_STEP][PASSED] - Statement - reportgroupTxt = driver.findElement(org.openqa.selenium.By.xpath(reportgroup)).getText(): null

2018-06-18 13:56:48 - [TEST_STEP][PASSED] - Statement - If (reportgroupTxt == "AutomationGroup"): null

2018-06-18 13:56:48 - [TEST_STEP][PASSED] - Statement - println("Report group has right group name"): null

2018-06-18 13:56:48 - [TEST_STEP][PASSED] - Statement - reportgroup = "(//div[@class='ctable']/table/tbody/tr[@class='tdata clear'])[" + i + "]/td[7]": null

2018-06-18 13:56:48 - [TEST_STEP][PASSED] - Statement - reportgroupTxt = driver.findElement(org.openqa.selenium.By.xpath(reportgroup)).getText(): null

2018-06-18 13:56:49 - [TEST_STEP][PASSED] - Statement - If (reportgroupTxt == "AutomationGroup"): null

2018-06-18 13:56:49 - [TEST_STEP][PASSED] - Statement - println("Report group has right group name"): null

2018-06-18 13:56:49 - [TEST_STEP][PASSED] - Statement - reportgroup = "(//div[@class='ctable']/table/tbody/tr[@class='tdata clear'])[" + i + "]/td[7]": null

2018-06-18 13:56:49 - [TEST_STEP][PASSED] - Statement - reportgroupTxt = driver.findElement(org.openqa.selenium.By.xpath(reportgroup)).getText(): null

2018-06-18 13:56:49 - [TEST_STEP][PASSED] - Statement - If (reportgroupTxt == "AutomationGroup"): null

2018-06-18 13:56:49 - [TEST_STEP][PASSED] - Statement - println("Report group has right group name"): null

2018-06-18 13:56:49 - [TEST_STEP][PASSED] - Statement - reportgroup = "(//div[@class='ctable']/table/tbody/tr[@class='tdata clear'])[" + i + "]/td[7]": null

2018-06-18 13:56:49 - [TEST_STEP][PASSED] - Statement - reportgroupTxt = driver.findElement(org.openqa.selenium.By.xpath(reportgroup)).getText(): null

2018-06-18 13:56:49 - [TEST_STEP][PASSED] - Statement - If (reportgroupTxt == "AutomationGroup"): null

2018-06-18 13:56:49 - [TEST_STEP][PASSED] - Statement - println("Report group has right group name"): null

2018-06-18 13:56:49 - [TEST_STEP][PASSED] - Statement - reportgroup = "(//div[@class='ctable']/table/tbody/tr[@class='tdata clear'])[" + i + "]/td[7]": null

2018-06-18 13:56:49 - [TEST_STEP][PASSED] - Statement - reportgroupTxt = driver.findElement(org.openqa.selenium.By.xpath(reportgroup)).getText(): null

2018-06-18 13:56:49 - [TEST_STEP][PASSED] - Statement - If (reportgroupTxt == "AutomationGroup"): null

2018-06-18 13:56:49 - [TEST_STEP][PASSED] - Statement - println("Report group has right group name"): null

2018-06-18 13:56:49 - [TEST_STEP][PASSED] - Statement - reportgroup = "(//div[@class='ctable']/table/tbody/tr[@class='tdata clear'])[" + i + "]/td[7]": null

2018-06-18 13:56:49 - [TEST_STEP][PASSED] - Statement - reportgroupTxt = driver.findElement(org.openqa.selenium.By.xpath(reportgroup)).getText(): null

2018-06-18 13:56:49 - [TEST_STEP][PASSED] - Statement - If (reportgroupTxt == "AutomationGroup"): null

2018-06-18 13:56:49 - [TEST_STEP][PASSED] - Statement - println("Report group has right group name"): null

2018-06-18 13:56:49 - [TEST_STEP][PASSED] - Statement - reportgroup = "(//div[@class='ctable']/table/tbody/tr[@class='tdata clear'])[" + i + "]/td[7]": null

2018-06-18 13:56:49 - [TEST_STEP][PASSED] - Statement - reportgroupTxt = driver.findElement(org.openqa.selenium.By.xpath(reportgroup)).getText(): null

2018-06-18 13:56:49 - [TEST_STEP][PASSED] - Statement - If (reportgroupTxt == "AutomationGroup"): null

2018-06-18 13:56:49 - [TEST_STEP][PASSED] - Statement - Else: null

2018-06-18 13:56:49 - [TEST_STEP][PASSED] - Statement - If (!(TCflag)): null

2018-06-18 13:56:49 - [TEST_STEP][PASSED] - Statement - reportgroup = "(//div[@class='ctable']/table/tbody/tr[@class='tdata clear'])[" + i + "]/td[7]": null

2018-06-18 13:56:49 - [TEST_STEP][PASSED] - Statement - reportgroupTxt = driver.findElement(org.openqa.selenium.By.xpath(reportgroup)).getText(): null

2018-06-18 13:56:49 - [TEST_STEP][PASSED] - Statement - If (reportgroupTxt == "AutomationGroup"): null

2018-06-18 13:56:49 - [TEST_STEP][PASSED] - Statement - println("Report group has right group name"): null

2018-06-18 13:56:49 - [TEST_STEP][PASSED] - Statement - reportgroup = "(//div[@class='ctable']/table/tbody/tr[@class='tdata clear'])[" + i + "]/td[7]": null

2018-06-18 13:56:49 - [TEST_STEP][PASSED] - Statement - reportgroupTxt = driver.findElement(org.openqa.selenium.By.xpath(reportgroup)).getText(): null

2018-06-18 13:56:49 - [TEST_STEP][PASSED] - Statement - If (reportgroupTxt == "AutomationGroup"): null

2018-06-18 13:56:49 - [TEST_STEP][PASSED] - Statement - println("Report group has right group name"): null

2018-06-18 13:56:49 - [TEST_STEP][PASSED] - Statement - reportgroup = "(//div[@class='ctable']/table/tbody/tr[@class='tdata clear'])[" + i + "]/td[7]": null

2018-06-18 13:56:49 - [TEST_STEP][PASSED] - Statement - reportgroupTxt = driver.findElement(org.openqa.selenium.By.xpath(reportgroup)).getText(): null

2018-06-18 13:56:49 - [TEST_STEP][PASSED] - Statement - If (reportgroupTxt == "AutomationGroup"): null

2018-06-18 13:56:49 - [TEST_STEP][PASSED] - Statement - println("Report group has right group name"): null

2018-06-18 13:56:49 - [TEST_STEP][PASSED] - Statement - reportgroup = "(//div[@class='ctable']/table/tbody/tr[@class='tdata clear'])[" + i + "]/td[7]": null

2018-06-18 13:56:49 - [TEST_STEP][PASSED] - Statement - reportgroupTxt = driver.findElement(org.openqa.selenium.By.xpath(reportgroup)).getText(): null

2018-06-18 13:56:49 - [TEST_STEP][PASSED] - Statement - If (reportgroupTxt == "AutomationGroup"): null

2018-06-18 13:56:49 - [TEST_STEP][PASSED] - Statement - println("Report group has right group name"): null

2018-06-18 13:56:49 - [TEST_STEP][PASSED] - Statement - reportgroup = "(//div[@class='ctable']/table/tbody/tr[@class='tdata clear'])[" + i + "]/td[7]": null

2018-06-18 13:56:49 - [TEST_STEP][PASSED] - Statement - reportgroupTxt = driver.findElement(org.openqa.selenium.By.xpath(reportgroup)).getText(): null

2018-06-18 13:56:49 - [TEST_STEP][PASSED] - Statement - If (reportgroupTxt == "AutomationGroup"): null

2018-06-18 13:56:49 - [TEST_STEP][PASSED] - Statement - println("Report group has right group name"): null

2018-06-18 13:56:49 - [TEST_STEP][PASSED] - Statement - reportgroup = "(//div[@class='ctable']/table/tbody/tr[@class='tdata clear'])[" + i + "]/td[7]": null

2018-06-18 13:56:49 - [TEST_STEP][PASSED] - Statement - reportgroupTxt = driver.findElement(org.openqa.selenium.By.xpath(reportgroup)).getText(): null

2018-06-18 13:56:49 - [TEST_STEP][PASSED] - Statement - If (reportgroupTxt == "AutomationGroup"): null

2018-06-18 13:56:49 - [TEST_STEP][PASSED] - Statement - println("Report group has right group name"): null

2018-06-18 13:56:49 - [TEST_STEP][PASSED] - Statement - reportgroup = "(//div[@class='ctable']/table/tbody/tr[@class='tdata clear'])[" + i + "]/td[7]": null

2018-06-18 13:56:49 - [TEST_STEP][PASSED] - Statement - reportgroupTxt = driver.findElement(org.openqa.selenium.By.xpath(reportgroup)).getText(): null

2018-06-18 13:56:49 - [TEST_STEP][PASSED] - Statement - If (reportgroupTxt == "AutomationGroup"): null

2018-06-18 13:56:49 - [TEST_STEP][PASSED] - Statement - println("Report group has right group name"): null

2018-06-18 13:56:49 - [TEST_STEP][PASSED] - Statement - reportgroup = "(//div[@class='ctable']/table/tbody/tr[@class='tdata clear'])[" + i + "]/td[7]": null

2018-06-18 13:56:49 - [TEST_STEP][PASSED] - Statement - reportgroupTxt = driver.findElement(org.openqa.selenium.By.xpath(reportgroup)).getText(): null

2018-06-18 13:56:49 - [TEST_STEP][PASSED] - Statement - If (reportgroupTxt == "AutomationGroup"): null

2018-06-18 13:56:49 - [TEST_STEP][PASSED] - Statement - Else: null

2018-06-18 13:56:49 - [TEST_STEP][PASSED] - Statement - If (!(TCflag)): null

2018-06-18 13:56:49 - [TEST_STEP][PASSED] - Statement - reportgroup = "(//div[@class='ctable']/table/tbody/tr[@class='tdata clear'])[" + i + "]/td[7]": null

2018-06-18 13:56:49 - [TEST_STEP][PASSED] - Statement - reportgroupTxt = driver.findElement(org.openqa.selenium.By.xpath(reportgroup)).getText(): null

2018-06-18 13:56:49 - [TEST_STEP][PASSED] - Statement - If (reportgroupTxt == "AutomationGroup"): null

2018-06-18 13:56:49 - [TEST_STEP][PASSED] - Statement - Else: null

2018-06-18 13:56:49 - [TEST_STEP][PASSED] - Statement - If (!(TCflag)): null

2018-06-18 13:56:49 - [TEST_STEP][PASSED] - Statement - reportgroup = "(//div[@class='ctable']/table/tbody/tr[@class='tdata clear'])[" + i + "]/td[7]": null

2018-06-18 13:56:49 - [TEST_STEP][PASSED] - Statement - reportgroupTxt = driver.findElement(org.openqa.selenium.By.xpath(reportgroup)).getText(): null

2018-06-18 13:56:49 - [TEST_STEP][PASSED] - Statement - If (reportgroupTxt == "AutomationGroup"): null

2018-06-18 13:56:49 - [TEST_STEP][PASSED] - Statement - println("Report group has right group name"): null

2018-06-18 13:56:49 - [TEST_STEP][PASSED] - Statement - reportgroup = "(//div[@class='ctable']/table/tbody/tr[@class='tdata clear'])[" + i + "]/td[7]": null

2018-06-18 13:56:49 - [TEST_STEP][PASSED] - Statement - reportgroupTxt = driver.findElement(org.openqa.selenium.By.xpath(reportgroup)).getText(): null

2018-06-18 13:56:49 - [TEST_STEP][PASSED] - Statement - If (reportgroupTxt == "AutomationGroup"): null

2018-06-18 13:56:49 - [TEST_STEP][PASSED] - Statement - println("Report group has right group name"): null

2018-06-18 13:56:49 - [TEST_STEP][PASSED] - Statement - reportgroup = "(//div[@class='ctable']/table/tbody/tr[@class='tdata clear'])[" + i + "]/td[7]": null

2018-06-18 13:56:49 - [TEST_STEP][PASSED] - Statement - reportgroupTxt = driver.findElement(org.openqa.selenium.By.xpath(reportgroup)).getText(): null

2018-06-18 13:56:49 - [TEST_STEP][PASSED] - Statement - If (reportgroupTxt == "AutomationGroup"): null

2018-06-18 13:56:49 - [TEST_STEP][PASSED] - Statement - Else: null

2018-06-18 13:56:49 - [TEST_STEP][PASSED] - Statement - If (!(TCflag)): null

2018-06-18 13:56:49 - [TEST_STEP][PASSED] - Statement - reportgroup = "(//div[@class='ctable']/table/tbody/tr[@class='tdata clear'])[" + i + "]/td[7]": null

2018-06-18 13:56:49 - [TEST_STEP][PASSED] - Statement - reportgroupTxt = driver.findElement(org.openqa.selenium.By.xpath(reportgroup)).getText(): null

2018-06-18 13:56:49 - [TEST_STEP][PASSED] - Statement - If (reportgroupTxt == "AutomationGroup"): null

2018-06-18 13:56:49 - [TEST_STEP][PASSED] - Statement - println("Report group has right group name"): null

2018-06-18 13:56:49 - [TEST_STEP][PASSED] - Statement - reportgroup = "(//div[@class='ctable']/table/tbody/tr[@class='tdata clear'])[" + i + "]/td[7]": null

2018-06-18 13:56:49 - [TEST_STEP][PASSED] - Statement - reportgroupTxt = driver.findElement(org.openqa.selenium.By.xpath(reportgroup)).getText(): null

2018-06-18 13:56:49 - [TEST_STEP][PASSED] - Statement - If (reportgroupTxt == "AutomationGroup"): null

2018-06-18 13:56:49 - [TEST_STEP][PASSED] - Statement - println("Report group has right group name"): null

2018-06-18 13:56:49 - [TEST_STEP][PASSED] - Statement - reportgroup = "(//div[@class='ctable']/table/tbody/tr[@class='tdata clear'])[" + i + "]/td[7]": null

2018-06-18 13:56:49 - [TEST_STEP][PASSED] - Statement - reportgroupTxt = driver.findElement(org.openqa.selenium.By.xpath(reportgroup)).getText(): null

2018-06-18 13:56:49 - [TEST_STEP][PASSED] - Statement - If (reportgroupTxt == "AutomationGroup"): null

2018-06-18 13:56:49 - [TEST_STEP][PASSED] - Statement - Else: null

2018-06-18 13:56:49 - [TEST_STEP][PASSED] - Statement - If (!(TCflag)): null

2018-06-18 13:56:49 - [TEST_STEP][PASSED] - Statement - reportgroup = "(//div[@class='ctable']/table/tbody/tr[@class='tdata clear'])[" + i + "]/td[7]": null

2018-06-18 13:56:49 - [TEST_STEP][PASSED] - Statement - reportgroupTxt = driver.findElement(org.openqa.selenium.By.xpath(reportgroup)).getText(): null

2018-06-18 13:56:49 - [TEST_STEP][PASSED] - Statement - If (reportgroupTxt == "AutomationGroup"): null

2018-06-18 13:56:49 - [TEST_STEP][PASSED] - Statement - println("Report group has right group name"): null

2018-06-18 13:56:49 - [TEST_STEP][PASSED] - Statement - reportgroup = "(//div[@class='ctable']/table/tbody/tr[@class='tdata clear'])[" + i + "]/td[7]": null

2018-06-18 13:56:49 - [TEST_STEP][PASSED] - Statement - reportgroupTxt = driver.findElement(org.openqa.selenium.By.xpath(reportgroup)).getText(): null

2018-06-18 13:56:49 - [TEST_STEP][PASSED] - Statement - If (reportgroupTxt == "AutomationGroup"): null

2018-06-18 13:56:49 - [TEST_STEP][PASSED] - Statement - println("Report group has right group name"): null

2018-06-18 13:56:49 - [TEST_STEP][PASSED] - Statement - reportgroup = "(//div[@class='ctable']/table/tbody/tr[@class='tdata clear'])[" + i + "]/td[7]": null

2018-06-18 13:56:49 - [TEST_STEP][PASSED] - Statement - reportgroupTxt = driver.findElement(org.openqa.selenium.By.xpath(reportgroup)).getText(): null

2018-06-18 13:56:49 - [TEST_STEP][PASSED] - Statement - If (reportgroupTxt == "AutomationGroup"): null

2018-06-18 13:56:49 - [TEST_STEP][PASSED] - Statement - Else: null

2018-06-18 13:56:49 - [TEST_STEP][PASSED] - Statement - If (!(TCflag)): null

2018-06-18 13:56:49 - [TEST_STEP][PASSED] - Statement - reportgroup = "(//div[@class='ctable']/table/tbody/tr[@class='tdata clear'])[" + i + "]/td[7]": null

2018-06-18 13:56:49 - [TEST_STEP][PASSED] - Statement - reportgroupTxt = driver.findElement(org.openqa.selenium.By.xpath(reportgroup)).getText(): null

2018-06-18 13:56:49 - [TEST_STEP][PASSED] - Statement - If (reportgroupTxt == "AutomationGroup"): null

2018-06-18 13:56:49 - [TEST_STEP][PASSED] - Statement - println("Report group has right group name"): null

2018-06-18 13:56:49 - [TEST_STEP][PASSED] - Statement - reportgroup = "(//div[@class='ctable']/table/tbody/tr[@class='tdata clear'])[" + i + "]/td[7]": null

2018-06-18 13:56:49 - [TEST_STEP][PASSED] - Statement - reportgroupTxt = driver.findElement(org.openqa.selenium.By.xpath(reportgroup)).getText(): null

2018-06-18 13:56:49 - [TEST_STEP][PASSED] - Statement - If (reportgroupTxt == "AutomationGroup"): null

2018-06-18 13:56:49 - [TEST_STEP][PASSED] - Statement - println("Report group has right group name"): null

2018-06-18 13:56:49 - [TEST_STEP][PASSED] - Statement - reportgroup = "(//div[@class='ctable']/table/tbody/tr[@class='tdata clear'])[" + i + "]/td[7]": null

2018-06-18 13:56:49 - [TEST_STEP][PASSED] - Statement - reportgroupTxt = driver.findElement(org.openqa.selenium.By.xpath(reportgroup)).getText(): null

2018-06-18 13:56:49 - [TEST_STEP][PASSED] - Statement - If (reportgroupTxt == "AutomationGroup"): null

2018-06-18 13:56:49 - [TEST_STEP][PASSED] - Statement - println("Report group has right group name"): null

2018-06-18 13:56:49 - [TEST_STEP][PASSED] - Statement - reportgroup = "(//div[@class='ctable']/table/tbody/tr[@class='tdata clear'])[" + i + "]/td[7]": null

2018-06-18 13:56:49 - [TEST_STEP][PASSED] - Statement - reportgroupTxt = driver.findElement(org.openqa.selenium.By.xpath(reportgroup)).getText(): null

2018-06-18 13:56:49 - [TEST_STEP][PASSED] - Statement - If (reportgroupTxt == "AutomationGroup"): null

2018-06-18 13:56:49 - [TEST_STEP][PASSED] - Statement - println("Report group has right group name"): null

2018-06-18 13:56:49 - [TEST_STEP][PASSED] - Statement - reportgroup = "(//div[@class='ctable']/table/tbody/tr[@class='tdata clear'])[" + i + "]/td[7]": null

2018-06-18 13:56:49 - [TEST_STEP][PASSED] - Statement - reportgroupTxt = driver.findElement(org.openqa.selenium.By.xpath(reportgroup)).getText(): null

2018-06-18 13:56:49 - [TEST_STEP][PASSED] - Statement - If (reportgroupTxt == "AutomationGroup"): null

2018-06-18 13:56:49 - [TEST_STEP][PASSED] - Statement - println("Report group has right group name"): null

2018-06-18 13:56:49 - [TEST_STEP][PASSED] - Statement - reportgroup = "(//div[@class='ctable']/table/tbody/tr[@class='tdata clear'])[" + i + "]/td[7]": null

2018-06-18 13:56:49 - [TEST_STEP][PASSED] - Statement - reportgroupTxt = driver.findElement(org.openqa.selenium.By.xpath(reportgroup)).getText(): null

2018-06-18 13:56:49 - [TEST_STEP][PASSED] - Statement - If (reportgroupTxt == "AutomationGroup"): null

2018-06-18 13:56:49 - [TEST_STEP][PASSED] - Statement - Else: null

2018-06-18 13:56:49 - [TEST_STEP][PASSED] - Statement - If (!(TCflag)): null

2018-06-18 13:56:49 - [TEST_STEP][PASSED] - Statement - reportgroup = "(//div[@class='ctable']/table/tbody/tr[@class='tdata clear'])[" + i + "]/td[7]": null

2018-06-18 13:56:49 - [TEST_STEP][PASSED] - Statement - reportgroupTxt = driver.findElement(org.openqa.selenium.By.xpath(reportgroup)).getText(): null

2018-06-18 13:56:49 - [TEST_STEP][PASSED] - Statement - If (reportgroupTxt == "AutomationGroup"): null

2018-06-18 13:56:49 - [TEST_STEP][PASSED] - Statement - Else: null

2018-06-18 13:56:49 - [TEST_STEP][PASSED] - Statement - If (!(TCflag)): null

2018-06-18 13:56:49 - [TEST_STEP][PASSED] - Statement - reportgroup = "(//div[@class='ctable']/table/tbody/tr[@class='tdata clear'])[" + i + "]/td[7]": null

2018-06-18 13:56:49 - [TEST_STEP][PASSED] - Statement - reportgroupTxt = driver.findElement(org.openqa.selenium.By.xpath(reportgroup)).getText(): null

2018-06-18 13:56:49 - [TEST_STEP][PASSED] - Statement - If (reportgroupTxt == "AutomationGroup"): null

2018-06-18 13:56:49 - [TEST_STEP][PASSED] - Statement - println("Report group has right group name"): null

2018-06-18 13:56:49 - [TEST_STEP][PASSED] - Statement - reportgroup = "(//div[@class='ctable']/table/tbody/tr[@class='tdata clear'])[" + i + "]/td[7]": null

2018-06-18 13:56:49 - [TEST_STEP][PASSED] - Statement - reportgroupTxt = driver.findElement(org.openqa.selenium.By.xpath(reportgroup)).getText(): null

2018-06-18 13:56:49 - [TEST_STEP][PASSED] - Statement - If (reportgroupTxt == "AutomationGroup"): null

2018-06-18 13:56:49 - [TEST_STEP][PASSED] - Statement - println("Report group has right group name"): null

2018-06-18 13:56:49 - [TEST_STEP][PASSED] - Statement - reportgroup = "(//div[@class='ctable']/table/tbody/tr[@class='tdata clear'])[" + i + "]/td[7]": null

2018-06-18 13:56:49 - [TEST_STEP][PASSED] - Statement - reportgroupTxt = driver.findElement(org.openqa.selenium.By.xpath(reportgroup)).getText(): null

2018-06-18 13:56:49 - [TEST_STEP][PASSED] - Statement - If (reportgroupTxt == "AutomationGroup"): null

2018-06-18 13:56:49 - [TEST_STEP][PASSED] - Statement - println("Report group has right group name"): null

2018-06-18 13:56:49 - [TEST_STEP][PASSED] - Statement - reportgroup = "(//div[@class='ctable']/table/tbody/tr[@class='tdata clear'])[" + i + "]/td[7]": null

2018-06-18 13:56:49 - [TEST_STEP][PASSED] - Statement - reportgroupTxt = driver.findElement(org.openqa.selenium.By.xpath(reportgroup)).getText(): null

2018-06-18 13:56:50 - [TEST_STEP][PASSED] - Statement - If (reportgroupTxt == "AutomationGroup"): null

2018-06-18 13:56:50 - [TEST_STEP][PASSED] - Statement - println("Report group has right group name"): null

2018-06-18 13:56:50 - [TEST_STEP][PASSED] - Statement - reportgroup = "(//div[@class='ctable']/table/tbody/tr[@class='tdata clear'])[" + i + "]/td[7]": null

2018-06-18 13:56:50 - [TEST_STEP][PASSED] - Statement - reportgroupTxt = driver.findElement(org.openqa.selenium.By.xpath(reportgroup)).getText(): null

2018-06-18 13:56:50 - [TEST_STEP][PASSED] - Statement - If (reportgroupTxt == "AutomationGroup"): null

2018-06-18 13:56:50 - [TEST_STEP][PASSED] - Statement - println("Report group has right group name"): null

2018-06-18 13:56:50 - [TEST_STEP][PASSED] - Statement - reportgroup = "(//div[@class='ctable']/table/tbody/tr[@class='tdata clear'])[" + i + "]/td[7]": null

2018-06-18 13:56:50 - [TEST_STEP][PASSED] - Statement - reportgroupTxt = driver.findElement(org.openqa.selenium.By.xpath(reportgroup)).getText(): null

2018-06-18 13:56:50 - [TEST_STEP][PASSED] - Statement - If (reportgroupTxt == "AutomationGroup"): null

2018-06-18 13:56:50 - [TEST_STEP][PASSED] - Statement - println("Report group has right group name"): null

2018-06-18 13:56:50 - [TEST_STEP][PASSED] - Statement - reportgroup = "(//div[@class='ctable']/table/tbody/tr[@class='tdata clear'])[" + i + "]/td[7]": null

2018-06-18 13:56:50 - [TEST_STEP][PASSED] - Statement - reportgroupTxt = driver.findElement(org.openqa.selenium.By.xpath(reportgroup)).getText(): null

2018-06-18 13:56:50 - [TEST_STEP][PASSED] - Statement - If (reportgroupTxt == "AutomationGroup"): null

2018-06-18 13:56:50 - [TEST_STEP][PASSED] - Statement - println("Report group has right group name"): null

2018-06-18 13:56:50 - [TEST_STEP][PASSED] - Statement - reportgroup = "(//div[@class='ctable']/table/tbody/tr[@class='tdata clear'])[" + i + "]/td[7]": null

2018-06-18 13:56:50 - [TEST_STEP][PASSED] - Statement - reportgroupTxt = driver.findElement(org.openqa.selenium.By.xpath(reportgroup)).getText(): null

2018-06-18 13:56:50 - [TEST_STEP][PASSED] - Statement - If (reportgroupTxt == "AutomationGroup"): null

2018-06-18 13:56:50 - [TEST_STEP][PASSED] - Statement - println("Report group has right group name"): null

2018-06-18 13:56:50 - [TEST_STEP][PASSED] - Statement - reportgroup = "(//div[@class='ctable']/table/tbody/tr[@class='tdata clear'])[" + i + "]/td[7]": null

2018-06-18 13:56:50 - [TEST_STEP][PASSED] - Statement - reportgroupTxt = driver.findElement(org.openqa.selenium.By.xpath(reportgroup)).getText(): null

2018-06-18 13:56:50 - [TEST_STEP][PASSED] - Statement - If (reportgroupTxt == "AutomationGroup"): null

2018-06-18 13:56:50 - [TEST_STEP][PASSED] - Statement - println("Report group has right group name"): null

2018-06-18 13:56:50 - [TEST_STEP][PASSED] - Statement - reportgroup = "(//div[@class='ctable']/table/tbody/tr[@class='tdata clear'])[" + i + "]/td[7]": null

2018-06-18 13:56:50 - [TEST_STEP][PASSED] - Statement - reportgroupTxt = driver.findElement(org.openqa.selenium.By.xpath(reportgroup)).getText(): null

2018-06-18 13:56:50 - [TEST_STEP][PASSED] - Statement - If (reportgroupTxt == "AutomationGroup"): null

2018-06-18 13:56:50 - [TEST_STEP][PASSED] - Statement - println("Report group has right group name"): null

2018-06-18 13:56:50 - [TEST_STEP][PASSED] - Statement - reportgroup = "(//div[@class='ctable']/table/tbody/tr[@class='tdata clear'])[" + i + "]/td[7]": null

2018-06-18 13:56:50 - [TEST_STEP][PASSED] - Statement - reportgroupTxt = driver.findElement(org.openqa.selenium.By.xpath(reportgroup)).getText(): null

2018-06-18 13:56:50 - [TEST_STEP][PASSED] - Statement - If (reportgroupTxt == "AutomationGroup"): null

2018-06-18 13:56:50 - [TEST_STEP][PASSED] - Statement - Else: null

2018-06-18 13:56:50 - [TEST_STEP][PASSED] - Statement - If (!(TCflag)): null

2018-06-18 13:56:50 - [TEST_STEP][PASSED] - Statement - reportgroup = "(//div[@class='ctable']/table/tbody/tr[@class='tdata clear'])[" + i + "]/td[7]": null

2018-06-18 13:56:50 - [TEST_STEP][PASSED] - Statement - reportgroupTxt = driver.findElement(org.openqa.selenium.By.xpath(reportgroup)).getText(): null

2018-06-18 13:56:50 - [TEST_STEP][PASSED] - Statement - If (reportgroupTxt == "AutomationGroup"): null

2018-06-18 13:56:50 - [TEST_STEP][PASSED] - Statement - println("Report group has right group name"): null

2018-06-18 13:56:50 - [TEST_STEP][PASSED] - Statement - reportgroup = "(//div[@class='ctable']/table/tbody/tr[@class='tdata clear'])[" + i + "]/td[7]": null

2018-06-18 13:56:50 - [TEST_STEP][PASSED] - Statement - reportgroupTxt = driver.findElement(org.openqa.selenium.By.xpath(reportgroup)).getText(): null

2018-06-18 13:56:50 - [TEST_STEP][PASSED] - Statement - If (reportgroupTxt == "AutomationGroup"): null

2018-06-18 13:56:50 - [TEST_STEP][PASSED] - Statement - println("Report group has right group name"): null

2018-06-18 13:56:50 - [TEST_STEP][PASSED] - Statement - reportgroup = "(//div[@class='ctable']/table/tbody/tr[@class='tdata clear'])[" + i + "]/td[7]": null

2018-06-18 13:56:50 - [TEST_STEP][PASSED] - Statement - reportgroupTxt = driver.findElement(org.openqa.selenium.By.xpath(reportgroup)).getText(): null

2018-06-18 13:56:50 - [TEST_STEP][PASSED] - Statement - If (reportgroupTxt == "AutomationGroup"): null

2018-06-18 13:56:50 - [TEST_STEP][PASSED] - Statement - println("Report group has right group name"): null

2018-06-18 13:56:50 - [TEST_STEP][PASSED] - Statement - reportgroup = "(//div[@class='ctable']/table/tbody/tr[@class='tdata clear'])[" + i + "]/td[7]": null

2018-06-18 13:56:50 - [TEST_STEP][PASSED] - Statement - reportgroupTxt = driver.findElement(org.openqa.selenium.By.xpath(reportgroup)).getText(): null

2018-06-18 13:56:50 - [TEST_STEP][PASSED] - Statement - If (reportgroupTxt == "AutomationGroup"): null

2018-06-18 13:56:50 - [TEST_STEP][PASSED] - Statement - println("Report group has right group name"): null

2018-06-18 13:56:50 - [TEST_STEP][PASSED] - Statement - reportgroup = "(//div[@class='ctable']/table/tbody/tr[@class='tdata clear'])[" + i + "]/td[7]": null

2018-06-18 13:56:50 - [TEST_STEP][PASSED] - Statement - reportgroupTxt = driver.findElement(org.openqa.selenium.By.xpath(reportgroup)).getText(): null

2018-06-18 13:56:50 - [TEST_STEP][PASSED] - Statement - If (reportgroupTxt == "AutomationGroup"): null

2018-06-18 13:56:50 - [TEST_STEP][PASSED] - Statement - Else: null

2018-06-18 13:56:50 - [TEST_STEP][PASSED] - Statement - If (!(TCflag)): null

2018-06-18 13:56:50 - [TEST_STEP][PASSED] - Statement - reportgroup = "(//div[@class='ctable']/table/tbody/tr[@class='tdata clear'])[" + i + "]/td[7]": null

2018-06-18 13:56:50 - [TEST_STEP][PASSED] - Statement - reportgroupTxt = driver.findElement(org.openqa.selenium.By.xpath(reportgroup)).getText(): null

2018-06-18 13:56:50 - [TEST_STEP][PASSED] - Statement - If (reportgroupTxt == "AutomationGroup"): null

2018-06-18 13:56:50 - [TEST_STEP][PASSED] - Statement - Else: null

2018-06-18 13:56:50 - [TEST_STEP][PASSED] - Statement - If (!(TCflag)): null

2018-06-18 13:56:50 - [TEST_STEP][PASSED] - Statement - reportgroup = "(//div[@class='ctable']/table/tbody/tr[@class='tdata clear'])[" + i + "]/td[7]": null

2018-06-18 13:56:50 - [TEST_STEP][PASSED] - Statement - reportgroupTxt = driver.findElement(org.openqa.selenium.By.xpath(reportgroup)).getText(): null

2018-06-18 13:56:50 - [TEST_STEP][PASSED] - Statement - If (reportgroupTxt == "AutomationGroup"): null

2018-06-18 13:56:50 - [TEST_STEP][PASSED] - Statement - Else: null

2018-06-18 13:56:50 - [TEST_STEP][PASSED] - Statement - If (!(TCflag)): null

2018-06-18 13:56:50 - [TEST_STEP][PASSED] - Statement - reportgroup = "(//div[@class='ctable']/table/tbody/tr[@class='tdata clear'])[" + i + "]/td[7]": null

2018-06-18 13:56:50 - [TEST_STEP][PASSED] - Statement - reportgroupTxt = driver.findElement(org.openqa.selenium.By.xpath(reportgroup)).getText(): null

2018-06-18 13:56:50 - [TEST_STEP][PASSED] - Statement - If (reportgroupTxt == "AutomationGroup"): null

2018-06-18 13:56:50 - [TEST_STEP][PASSED] - Statement - println("Report group has right group name"): null

2018-06-18 13:56:50 - [TEST_STEP][PASSED] - Statement - reportgroup = "(//div[@class='ctable']/table/tbody/tr[@class='tdata clear'])[" + i + "]/td[7]": null

2018-06-18 13:56:50 - [TEST_STEP][PASSED] - Statement - reportgroupTxt = driver.findElement(org.openqa.selenium.By.xpath(reportgroup)).getText(): null

2018-06-18 13:56:50 - [TEST_STEP][PASSED] - Statement - If (reportgroupTxt == "AutomationGroup"): null

2018-06-18 13:56:50 - [TEST_STEP][PASSED] - Statement - println("Report group has right group name"): null

2018-06-18 13:56:50 - [TEST_STEP][PASSED] - Statement - reportgroup = "(//div[@class='ctable']/table/tbody/tr[@class='tdata clear'])[" + i + "]/td[7]": null

2018-06-18 13:56:50 - [TEST_STEP][PASSED] - Statement - reportgroupTxt = driver.findElement(org.openqa.selenium.By.xpath(reportgroup)).getText(): null

2018-06-18 13:56:50 - [TEST_STEP][PASSED] - Statement - If (reportgroupTxt == "AutomationGroup"): null

2018-06-18 13:56:50 - [TEST_STEP][PASSED] - Statement - println("Report group has right group name"): null

2018-06-18 13:56:50 - [TEST_STEP][PASSED] - Statement - reportgroup = "(//div[@class='ctable']/table/tbody/tr[@class='tdata clear'])[" + i + "]/td[7]": null

2018-06-18 13:56:50 - [TEST_STEP][PASSED] - Statement - reportgroupTxt = driver.findElement(org.openqa.selenium.By.xpath(reportgroup)).getText(): null

2018-06-18 13:56:50 - [TEST_STEP][PASSED] - Statement - If (reportgroupTxt == "AutomationGroup"): null

2018-06-18 13:56:50 - [TEST_STEP][PASSED] - Statement - println("Report group has right group name"): null

2018-06-18 13:56:50 - [TEST_STEP][PASSED] - Statement - reportgroup = "(//div[@class='ctable']/table/tbody/tr[@class='tdata clear'])[" + i + "]/td[7]": null

2018-06-18 13:56:50 - [TEST_STEP][PASSED] - Statement - reportgroupTxt = driver.findElement(org.openqa.selenium.By.xpath(reportgroup)).getText(): null

2018-06-18 13:56:50 - [TEST_STEP][PASSED] - Statement - If (reportgroupTxt == "AutomationGroup"): null

2018-06-18 13:56:50 - [TEST_STEP][PASSED] - Statement - println("Report group has right group name"): null

2018-06-18 13:56:50 - [TEST_STEP][PASSED] - Statement - reportgroup = "(//div[@class='ctable']/table/tbody/tr[@class='tdata clear'])[" + i + "]/td[7]": null

2018-06-18 13:56:50 - [TEST_STEP][PASSED] - Statement - reportgroupTxt = driver.findElement(org.openqa.selenium.By.xpath(reportgroup)).getText(): null

2018-06-18 13:56:50 - [TEST_STEP][PASSED] - Statement - If (reportgroupTxt == "AutomationGroup"): null

2018-06-18 13:56:50 - [TEST_STEP][PASSED] - Statement - println("Report group has right group name"): null

2018-06-18 13:56:50 - [TEST_STEP][PASSED] - Statement - reportgroup = "(//div[@class='ctable']/table/tbody/tr[@class='tdata clear'])[" + i + "]/td[7]": null

2018-06-18 13:56:50 - [TEST_STEP][PASSED] - Statement - reportgroupTxt = driver.findElement(org.openqa.selenium.By.xpath(reportgroup)).getText(): null

2018-06-18 13:56:50 - [TEST_STEP][PASSED] - Statement - If (reportgroupTxt == "AutomationGroup"): null

2018-06-18 13:56:50 - [TEST_STEP][PASSED] - Statement - println("Report group has right group name"): null

2018-06-18 13:56:50 - [TEST_STEP][PASSED] - Statement - reportgroup = "(//div[@class='ctable']/table/tbody/tr[@class='tdata clear'])[" + i + "]/td[7]": null

2018-06-18 13:56:50 - [TEST_STEP][PASSED] - Statement - reportgroupTxt = driver.findElement(org.openqa.selenium.By.xpath(reportgroup)).getText(): null

2018-06-18 13:56:50 - [TEST_STEP][PASSED] - Statement - If (reportgroupTxt == "AutomationGroup"): null

2018-06-18 13:56:50 - [TEST_STEP][PASSED] - Statement - println("Report group has right group name"): null

2018-06-18 13:56:50 - [TEST_STEP][PASSED] - Statement - reportgroup = "(//div[@class='ctable']/table/tbody/tr[@class='tdata clear'])[" + i + "]/td[7]": null

2018-06-18 13:56:50 - [TEST_STEP][PASSED] - Statement - reportgroupTxt = driver.findElement(org.openqa.selenium.By.xpath(reportgroup)).getText(): null

2018-06-18 13:56:50 - [TEST_STEP][PASSED] - Statement - If (reportgroupTxt == "AutomationGroup"): null

2018-06-18 13:56:50 - [TEST_STEP][PASSED] - Statement - Else: null

2018-06-18 13:56:50 - [TEST_STEP][PASSED] - Statement - If (!(TCflag)): null

2018-06-18 13:56:50 - [TEST_STEP][PASSED] - Statement - reportgroup = "(//div[@class='ctable']/table/tbody/tr[@class='tdata clear'])[" + i + "]/td[7]": null

2018-06-18 13:56:50 - [TEST_STEP][PASSED] - Statement - reportgroupTxt = driver.findElement(org.openqa.selenium.By.xpath(reportgroup)).getText(): null

2018-06-18 13:56:50 - [TEST_STEP][PASSED] - Statement - If (reportgroupTxt == "AutomationGroup"): null

2018-06-18 13:56:50 - [TEST_STEP][PASSED] - Statement - println("Report group has right group name"): null

2018-06-18 13:56:50 - [TEST_STEP][PASSED] - Statement - reportgroup = "(//div[@class='ctable']/table/tbody/tr[@class='tdata clear'])[" + i + "]/td[7]": null

2018-06-18 13:56:50 - [TEST_STEP][PASSED] - Statement - reportgroupTxt = driver.findElement(org.openqa.selenium.By.xpath(reportgroup)).getText(): null

2018-06-18 13:56:50 - [TEST_STEP][PASSED] - Statement - If (reportgroupTxt == "AutomationGroup"): null

2018-06-18 13:56:50 - [TEST_STEP][PASSED] - Statement - println("Report group has right group name"): null

2018-06-18 13:56:50 - [TEST_STEP][PASSED] - Statement - reportgroup = "(//div[@class='ctable']/table/tbody/tr[@class='tdata clear'])[" + i + "]/td[7]": null

2018-06-18 13:56:50 - [TEST_STEP][PASSED] - Statement - reportgroupTxt = driver.findElement(org.openqa.selenium.By.xpath(reportgroup)).getText(): null

2018-06-18 13:56:50 - [TEST_STEP][PASSED] - Statement - If (reportgroupTxt == "AutomationGroup"): null

2018-06-18 13:56:50 - [TEST_STEP][PASSED] - Statement - println("Report group has right group name"): null

2018-06-18 13:56:50 - [TEST_STEP][PASSED] - Statement - reportgroup = "(//div[@class='ctable']/table/tbody/tr[@class='tdata clear'])[" + i + "]/td[7]": null

2018-06-18 13:56:50 - [TEST_STEP][PASSED] - Statement - reportgroupTxt = driver.findElement(org.openqa.selenium.By.xpath(reportgroup)).getText(): null

2018-06-18 13:56:50 - [TEST_STEP][PASSED] - Statement - If (reportgroupTxt == "AutomationGroup"): null

2018-06-18 13:56:50 - [TEST_STEP][PASSED] - Statement - println("Report group has right group name"): null

2018-06-18 13:56:50 - [TEST_STEP][PASSED] - Statement - reportgroup = "(//div[@class='ctable']/table/tbody/tr[@class='tdata clear'])[" + i + "]/td[7]": null

2018-06-18 13:56:50 - [TEST_STEP][PASSED] - Statement - reportgroupTxt = driver.findElement(org.openqa.selenium.By.xpath(reportgroup)).getText(): null

2018-06-18 13:56:50 - [TEST_STEP][PASSED] - Statement - If (reportgroupTxt == "AutomationGroup"): null

2018-06-18 13:56:50 - [TEST_STEP][PASSED] - Statement - println("Report group has right group name"): null

2018-06-18 13:56:50 - [TEST_STEP][PASSED] - Statement - reportgroup = "(//div[@class='ctable']/table/tbody/tr[@class='tdata clear'])[" + i + "]/td[7]": null

2018-06-18 13:56:50 - [TEST_STEP][PASSED] - Statement - reportgroupTxt = driver.findElement(org.openqa.selenium.By.xpath(reportgroup)).getText(): null

2018-06-18 13:56:50 - [TEST_STEP][PASSED] - Statement - If (reportgroupTxt == "AutomationGroup"): null

2018-06-18 13:56:50 - [TEST_STEP][PASSED] - Statement - println("Report group has right group name"): null

2018-06-18 13:56:50 - [TEST_STEP][PASSED] - Statement - reportgroup = "(//div[@class='ctable']/table/tbody/tr[@class='tdata clear'])[" + i + "]/td[7]": null

2018-06-18 13:56:50 - [TEST_STEP][PASSED] - Statement - reportgroupTxt = driver.findElement(org.openqa.selenium.By.xpath(reportgroup)).getText(): null

2018-06-18 13:56:50 - [TEST_STEP][PASSED] - Statement - If (reportgroupTxt == "AutomationGroup"): null

2018-06-18 13:56:50 - [TEST_STEP][PASSED] - Statement - println("Report group has right group name"): null

2018-06-18 13:56:50 - [TEST_STEP][PASSED] - Statement - reportgroup = "(//div[@class='ctable']/table/tbody/tr[@class='tdata clear'])[" + i + "]/td[7]": null

2018-06-18 13:56:50 - [TEST_STEP][PASSED] - Statement - reportgroupTxt = driver.findElement(org.openqa.selenium.By.xpath(reportgroup)).getText(): null

2018-06-18 13:56:50 - [TEST_STEP][PASSED] - Statement - If (reportgroupTxt == "AutomationGroup"): null

2018-06-18 13:56:50 - [TEST_STEP][PASSED] - Statement - Else: null

2018-06-18 13:56:50 - [TEST_STEP][PASSED] - Statement - If (!(TCflag)): null

2018-06-18 13:56:50 - [TEST_STEP][PASSED] - Statement - reportgroup = "(//div[@class='ctable']/table/tbody/tr[@class='tdata clear'])[" + i + "]/td[7]": null

2018-06-18 13:56:50 - [TEST_STEP][PASSED] - Statement - reportgroupTxt = driver.findElement(org.openqa.selenium.By.xpath(reportgroup)).getText(): null

2018-06-18 13:56:50 - [TEST_STEP][PASSED] - Statement - If (reportgroupTxt == "AutomationGroup"): null

2018-06-18 13:56:50 - [TEST_STEP][PASSED] - Statement - println("Report group has right group name"): null

2018-06-18 13:56:50 - [TEST_STEP][PASSED] - Statement - reportgroup = "(//div[@class='ctable']/table/tbody/tr[@class='tdata clear'])[" + i + "]/td[7]": null

2018-06-18 13:56:50 - [TEST_STEP][PASSED] - Statement - reportgroupTxt = driver.findElement(org.openqa.selenium.By.xpath(reportgroup)).getText(): null

2018-06-18 13:56:50 - [TEST_STEP][PASSED] - Statement - If (reportgroupTxt == "AutomationGroup"): null

2018-06-18 13:56:50 - [TEST_STEP][PASSED] - Statement - println("Report group has right group name"): null

2018-06-18 13:56:50 - [TEST_STEP][PASSED] - Statement - reportgroup = "(//div[@class='ctable']/table/tbody/tr[@class='tdata clear'])[" + i + "]/td[7]": null

2018-06-18 13:56:50 - [TEST_STEP][PASSED] - Statement - reportgroupTxt = driver.findElement(org.openqa.selenium.By.xpath(reportgroup)).getText(): null

2018-06-18 13:56:50 - [TEST_STEP][PASSED] - Statement - If (reportgroupTxt == "AutomationGroup"): null

2018-06-18 13:56:50 - [TEST_STEP][PASSED] - Statement - Else: null

2018-06-18 13:56:50 - [TEST_STEP][PASSED] - Statement - If (!(TCflag)): null

2018-06-18 13:56:50 - [TEST_STEP][PASSED] - Statement - reportgroup = "(//div[@class='ctable']/table/tbody/tr[@class='tdata clear'])[" + i + "]/td[7]": null

2018-06-18 13:56:50 - [TEST_STEP][PASSED] - Statement - reportgroupTxt = driver.findElement(org.openqa.selenium.By.xpath(reportgroup)).getText(): null

2018-06-18 13:56:51 - [TEST_STEP][PASSED] - Statement - If (reportgroupTxt == "AutomationGroup"): null

2018-06-18 13:56:51 - [TEST_STEP][PASSED] - Statement - println("Report group has right group name"): null

2018-06-18 13:56:51 - [TEST_STEP][PASSED] - Statement - reportgroup = "(//div[@class='ctable']/table/tbody/tr[@class='tdata clear'])[" + i + "]/td[7]": null

2018-06-18 13:56:51 - [TEST_STEP][PASSED] - Statement - reportgroupTxt = driver.findElement(org.openqa.selenium.By.xpath(reportgroup)).getText(): null

2018-06-18 13:56:51 - [TEST_STEP][PASSED] - Statement - If (reportgroupTxt == "AutomationGroup"): null

2018-06-18 13:56:51 - [TEST_STEP][PASSED] - Statement - println("Report group has right group name"): null

2018-06-18 13:56:51 - [TEST_STEP][PASSED] - Statement - reportgroup = "(//div[@class='ctable']/table/tbody/tr[@class='tdata clear'])[" + i + "]/td[7]": null

2018-06-18 13:56:51 - [TEST_STEP][PASSED] - Statement - reportgroupTxt = driver.findElement(org.openqa.selenium.By.xpath(reportgroup)).getText(): null

2018-06-18 13:56:51 - [TEST_STEP][PASSED] - Statement - If (reportgroupTxt == "AutomationGroup"): null

2018-06-18 13:56:51 - [TEST_STEP][PASSED] - Statement - println("Report group has right group name"): null

2018-06-18 13:56:51 - [TEST_STEP][PASSED] - Statement - reportgroup = "(//div[@class='ctable']/table/tbody/tr[@class='tdata clear'])[" + i + "]/td[7]": null

2018-06-18 13:56:51 - [TEST_STEP][PASSED] - Statement - reportgroupTxt = driver.findElement(org.openqa.selenium.By.xpath(reportgroup)).getText(): null

2018-06-18 13:56:51 - [TEST_STEP][PASSED] - Statement - If (reportgroupTxt == "AutomationGroup"): null

2018-06-18 13:56:51 - [TEST_STEP][PASSED] - Statement - println("Report group has right group name"): null

2018-06-18 13:56:51 - [TEST_STEP][PASSED] - Statement - reportgroup = "(//div[@class='ctable']/table/tbody/tr[@class='tdata clear'])[" + i + "]/td[7]": null

2018-06-18 13:56:51 - [TEST_STEP][PASSED] - Statement - reportgroupTxt = driver.findElement(org.openqa.selenium.By.xpath(reportgroup)).getText(): null

2018-06-18 13:56:51 - [TEST_STEP][PASSED] - Statement - If (reportgroupTxt == "AutomationGroup"): null

2018-06-18 13:56:51 - [TEST_STEP][PASSED] - Statement - println("Report group has right group name"): null

2018-06-18 13:56:51 - [TEST_STEP][PASSED] - Statement - reportgroup = "(//div[@class='ctable']/table/tbody/tr[@class='tdata clear'])[" + i + "]/td[7]": null

2018-06-18 13:56:51 - [TEST_STEP][PASSED] - Statement - reportgroupTxt = driver.findElement(org.openqa.selenium.By.xpath(reportgroup)).getText(): null

2018-06-18 13:56:51 - [TEST_STEP][PASSED] - Statement - If (reportgroupTxt == "AutomationGroup"): null

2018-06-18 13:56:51 - [TEST_STEP][PASSED] - Statement - Else: null

2018-06-18 13:56:51 - [TEST_STEP][PASSED] - Statement - If (!(TCflag)): null

2018-06-18 13:56:51 - [TEST_STEP][PASSED] - Statement - reportgroup = "(//div[@class='ctable']/table/tbody/tr[@class='tdata clear'])[" + i + "]/td[7]": null

2018-06-18 13:56:51 - [TEST_STEP][PASSED] - Statement - reportgroupTxt = driver.findElement(org.openqa.selenium.By.xpath(reportgroup)).getText(): null

2018-06-18 13:56:51 - [TEST_STEP][PASSED] - Statement - If (reportgroupTxt == "AutomationGroup"): null

2018-06-18 13:56:51 - [TEST_STEP][PASSED] - Statement - println("Report group has right group name"): null

2018-06-18 13:56:51 - [TEST_STEP][PASSED] - Statement - reportgroup = "(//div[@class='ctable']/table/tbody/tr[@class='tdata clear'])[" + i + "]/td[7]": null

2018-06-18 13:56:51 - [TEST_STEP][PASSED] - Statement - reportgroupTxt = driver.findElement(org.openqa.selenium.By.xpath(reportgroup)).getText(): null

2018-06-18 13:56:51 - [TEST_STEP][PASSED] - Statement - If (reportgroupTxt == "AutomationGroup"): null

2018-06-18 13:56:51 - [TEST_STEP][PASSED] - Statement - println("Report group has right group name"): null

2018-06-18 13:56:51 - [TEST_STEP][PASSED] - Statement - reportgroup = "(//div[@class='ctable']/table/tbody/tr[@class='tdata clear'])[" + i + "]/td[7]": null

2018-06-18 13:56:51 - [TEST_STEP][PASSED] - Statement - reportgroupTxt = driver.findElement(org.openqa.selenium.By.xpath(reportgroup)).getText(): null

2018-06-18 13:56:51 - [TEST_STEP][PASSED] - Statement - If (reportgroupTxt == "AutomationGroup"): null

2018-06-18 13:56:51 - [TEST_STEP][PASSED] - Statement - Else: null

2018-06-18 13:56:51 - [TEST_STEP][PASSED] - Statement - If (!(TCflag)): null

2018-06-18 13:56:51 - [TEST_STEP][PASSED] - Statement - reportgroup = "(//div[@class='ctable']/table/tbody/tr[@class='tdata clear'])[" + i + "]/td[7]": null

2018-06-18 13:56:51 - [TEST_STEP][PASSED] - Statement - reportgroupTxt = driver.findElement(org.openqa.selenium.By.xpath(reportgroup)).getText(): null

2018-06-18 13:56:51 - [TEST_STEP][PASSED] - Statement - If (reportgroupTxt == "AutomationGroup"): null

2018-06-18 13:56:51 - [TEST_STEP][PASSED] - Statement - println("Report group has right group name"): null

2018-06-18 13:56:51 - [TEST_STEP][PASSED] - Statement - reportgroup = "(//div[@class='ctable']/table/tbody/tr[@class='tdata clear'])[" + i + "]/td[7]": null

2018-06-18 13:56:51 - [TEST_STEP][PASSED] - Statement - reportgroupTxt = driver.findElement(org.openqa.selenium.By.xpath(reportgroup)).getText(): null

2018-06-18 13:56:51 - [TEST_STEP][PASSED] - Statement - If (reportgroupTxt == "AutomationGroup"): null

2018-06-18 13:56:51 - [TEST_STEP][PASSED] - Statement - Else: null

2018-06-18 13:56:51 - [TEST_STEP][PASSED] - Statement - If (!(TCflag)): null

2018-06-18 13:56:51 - [TEST_STEP][PASSED] - Statement - reportgroup = "(//div[@class='ctable']/table/tbody/tr[@class='tdata clear'])[" + i + "]/td[7]": null

2018-06-18 13:56:51 - [TEST_STEP][PASSED] - Statement - reportgroupTxt = driver.findElement(org.openqa.selenium.By.xpath(reportgroup)).getText(): null

2018-06-18 13:56:51 - [TEST_STEP][PASSED] - Statement - If (reportgroupTxt == "AutomationGroup"): null

2018-06-18 13:56:51 - [TEST_STEP][PASSED] - Statement - println("Report group has right group name"): null

2018-06-18 13:56:51 - [TEST_STEP][PASSED] - Statement - reportgroup = "(//div[@class='ctable']/table/tbody/tr[@class='tdata clear'])[" + i + "]/td[7]": null

2018-06-18 13:56:51 - [TEST_STEP][PASSED] - Statement - reportgroupTxt = driver.findElement(org.openqa.selenium.By.xpath(reportgroup)).getText(): null

2018-06-18 13:56:51 - [TEST_STEP][PASSED] - Statement - If (reportgroupTxt == "AutomationGroup"): null

2018-06-18 13:56:51 - [TEST_STEP][PASSED] - Statement - println("Report group has right group name"): null

2018-06-18 13:56:51 - [TEST_STEP][PASSED] - Statement - reportgroup = "(//div[@class='ctable']/table/tbody/tr[@class='tdata clear'])[" + i + "]/td[7]": null

2018-06-18 13:56:51 - [TEST_STEP][PASSED] - Statement - reportgroupTxt = driver.findElement(org.openqa.selenium.By.xpath(reportgroup)).getText(): null

2018-06-18 13:56:51 - [TEST_STEP][PASSED] - Statement - If (reportgroupTxt == "AutomationGroup"): null

2018-06-18 13:56:51 - [TEST_STEP][PASSED] - Statement - println("Report group has right group name"): null

2018-06-18 13:56:51 - [TEST_STEP][PASSED] - Statement - reportgroup = "(//div[@class='ctable']/table/tbody/tr[@class='tdata clear'])[" + i + "]/td[7]": null

2018-06-18 13:56:51 - [TEST_STEP][PASSED] - Statement - reportgroupTxt = driver.findElement(org.openqa.selenium.By.xpath(reportgroup)).getText(): null

2018-06-18 13:56:51 - [TEST_STEP][PASSED] - Statement - If (reportgroupTxt == "AutomationGroup"): null

2018-06-18 13:56:51 - [TEST_STEP][PASSED] - Statement - Else: null

2018-06-18 13:56:51 - [TEST_STEP][PASSED] - Statement - If (!(TCflag)): null

2018-06-18 13:56:51 - [TEST_STEP][PASSED] - Statement - reportgroup = "(//div[@class='ctable']/table/tbody/tr[@class='tdata clear'])[" + i + "]/td[7]": null

2018-06-18 13:56:51 - [TEST_STEP][PASSED] - Statement - reportgroupTxt = driver.findElement(org.openqa.selenium.By.xpath(reportgroup)).getText(): null

2018-06-18 13:56:51 - [TEST_STEP][PASSED] - Statement - If (reportgroupTxt == "AutomationGroup"): null

2018-06-18 13:56:51 - [TEST_STEP][PASSED] - Statement - println("Report group has right group name"): null

2018-06-18 13:56:51 - [TEST_STEP][PASSED] - Statement - reportgroup = "(//div[@class='ctable']/table/tbody/tr[@class='tdata clear'])[" + i + "]/td[7]": null

2018-06-18 13:56:51 - [TEST_STEP][PASSED] - Statement - reportgroupTxt = driver.findElement(org.openqa.selenium.By.xpath(reportgroup)).getText(): null

2018-06-18 13:56:51 - [TEST_STEP][PASSED] - Statement - If (reportgroupTxt == "AutomationGroup"): null

2018-06-18 13:56:51 - [TEST_STEP][PASSED] - Statement - println("Report group has right group name"): null

2018-06-18 13:56:51 - [TEST_STEP][PASSED] - Statement - reportgroup = "(//div[@class='ctable']/table/tbody/tr[@class='tdata clear'])[" + i + "]/td[7]": null

2018-06-18 13:56:51 - [TEST_STEP][PASSED] - Statement - reportgroupTxt = driver.findElement(org.openqa.selenium.By.xpath(reportgroup)).getText(): null

2018-06-18 13:56:51 - [TEST_STEP][PASSED] - Statement - If (reportgroupTxt == "AutomationGroup"): null

2018-06-18 13:56:51 - [TEST_STEP][PASSED] - Statement - println("Report group has right group name"): null

2018-06-18 13:56:51 - [TEST_STEP][PASSED] - Statement - reportgroup = "(//div[@class='ctable']/table/tbody/tr[@class='tdata clear'])[" + i + "]/td[7]": null

2018-06-18 13:56:51 - [TEST_STEP][PASSED] - Statement - reportgroupTxt = driver.findElement(org.openqa.selenium.By.xpath(reportgroup)).getText(): null

2018-06-18 13:56:51 - [TEST_STEP][PASSED] - Statement - If (reportgroupTxt == "AutomationGroup"): null

2018-06-18 13:56:51 - [TEST_STEP][PASSED] - Statement - println("Report group has right group name"): null

2018-06-18 13:56:51 - [TEST_STEP][PASSED] - Statement - reportgroup = "(//div[@class='ctable']/table/tbody/tr[@class='tdata clear'])[" + i + "]/td[7]": null

2018-06-18 13:56:51 - [TEST_STEP][PASSED] - Statement - reportgroupTxt = driver.findElement(org.openqa.selenium.By.xpath(reportgroup)).getText(): null

2018-06-18 13:56:51 - [TEST_STEP][PASSED] - Statement - If (reportgroupTxt == "AutomationGroup"): null

2018-06-18 13:56:51 - [TEST_STEP][PASSED] - Statement - println("Report group has right group name"): null

2018-06-18 13:56:51 - [TEST_STEP][PASSED] - Statement - reportgroup = "(//div[@class='ctable']/table/tbody/tr[@class='tdata clear'])[" + i + "]/td[7]": null

2018-06-18 13:56:51 - [TEST_STEP][PASSED] - Statement - reportgroupTxt = driver.findElement(org.openqa.selenium.By.xpath(reportgroup)).getText(): null

2018-06-18 13:56:51 - [TEST_STEP][PASSED] - Statement - If (reportgroupTxt == "AutomationGroup"): null

2018-06-18 13:56:51 - [TEST_STEP][PASSED] - Statement - println("Report group has right group name"): null

2018-06-18 13:56:51 - [TEST_STEP][PASSED] - Statement - reportgroup = "(//div[@class='ctable']/table/tbody/tr[@class='tdata clear'])[" + i + "]/td[7]": null

2018-06-18 13:56:51 - [TEST_STEP][PASSED] - Statement - reportgroupTxt = driver.findElement(org.openqa.selenium.By.xpath(reportgroup)).getText(): null

2018-06-18 13:56:51 - [TEST_STEP][PASSED] - Statement - If (reportgroupTxt == "AutomationGroup"): null

2018-06-18 13:56:51 - [TEST_STEP][PASSED] - Statement - println("Report group has right group name"): null

2018-06-18 13:56:51 - [TEST_STEP][PASSED] - Statement - reportgroup = "(//div[@class='ctable']/table/tbody/tr[@class='tdata clear'])[" + i + "]/td[7]": null

2018-06-18 13:56:51 - [TEST_STEP][PASSED] - Statement - reportgroupTxt = driver.findElement(org.openqa.selenium.By.xpath(reportgroup)).getText(): null

2018-06-18 13:56:51 - [TEST_STEP][PASSED] - Statement - If (reportgroupTxt == "AutomationGroup"): null

2018-06-18 13:56:51 - [TEST_STEP][PASSED] - Statement - println("Report group has right group name"): null

2018-06-18 13:56:51 - [TEST_STEP][PASSED] - Statement - reportgroup = "(//div[@class='ctable']/table/tbody/tr[@class='tdata clear'])[" + i + "]/td[7]": null

2018-06-18 13:56:51 - [TEST_STEP][PASSED] - Statement - reportgroupTxt = driver.findElement(org.openqa.selenium.By.xpath(reportgroup)).getText(): null

2018-06-18 13:56:51 - [TEST_STEP][PASSED] - Statement - If (reportgroupTxt == "AutomationGroup"): null

2018-06-18 13:56:51 - [TEST_STEP][PASSED] - Statement - println("Report group has right group name"): null

2018-06-18 13:56:51 - [TEST_STEP][PASSED] - Statement - reportgroup = "(//div[@class='ctable']/table/tbody/tr[@class='tdata clear'])[" + i + "]/td[7]": null

2018-06-18 13:56:51 - [TEST_STEP][PASSED] - Statement - reportgroupTxt = driver.findElement(org.openqa.selenium.By.xpath(reportgroup)).getText(): null

2018-06-18 13:56:51 - [TEST_STEP][PASSED] - Statement - If (reportgroupTxt == "AutomationGroup"): null

2018-06-18 13:56:51 - [TEST_STEP][PASSED] - Statement - println("Report group has right group name"): null

2018-06-18 13:56:51 - [TEST_STEP][PASSED] - Statement - reportgroup = "(//div[@class='ctable']/table/tbody/tr[@class='tdata clear'])[" + i + "]/td[7]": null

2018-06-18 13:56:51 - [TEST_STEP][PASSED] - Statement - reportgroupTxt = driver.findElement(org.openqa.selenium.By.xpath(reportgroup)).getText(): null

2018-06-18 13:56:51 - [TEST_STEP][PASSED] - Statement - If (reportgroupTxt == "AutomationGroup"): null

2018-06-18 13:56:51 - [TEST_STEP][PASSED] - Statement - println("Report group has right group name"): null

2018-06-18 13:56:51 - [TEST_STEP][PASSED] - Statement - reportgroup = "(//div[@class='ctable']/table/tbody/tr[@class='tdata clear'])[" + i + "]/td[7]": null

2018-06-18 13:56:51 - [TEST_STEP][PASSED] - Statement - reportgroupTxt = driver.findElement(org.openqa.selenium.By.xpath(reportgroup)).getText(): null

2018-06-18 13:56:51 - [TEST_STEP][PASSED] - Statement - If (reportgroupTxt == "AutomationGroup"): null

2018-06-18 13:56:51 - [TEST_STEP][PASSED] - Statement - println("Report group has right group name"): null

2018-06-18 13:56:51 - [TEST_STEP][PASSED] - Statement - reportgroup = "(//div[@class='ctable']/table/tbody/tr[@class='tdata clear'])[" + i + "]/td[7]": null

2018-06-18 13:56:51 - [TEST_STEP][PASSED] - Statement - reportgroupTxt = driver.findElement(org.openqa.selenium.By.xpath(reportgroup)).getText(): null

2018-06-18 13:56:51 - [TEST_STEP][PASSED] - Statement - If (reportgroupTxt == "AutomationGroup"): null

2018-06-18 13:56:51 - [TEST_STEP][PASSED] - Statement - println("Report group has right group name"): null

2018-06-18 13:56:51 - [TEST_STEP][PASSED] - Statement - reportgroup = "(//div[@class='ctable']/table/tbody/tr[@class='tdata clear'])[" + i + "]/td[7]": null

2018-06-18 13:56:51 - [TEST_STEP][PASSED] - Statement - reportgroupTxt = driver.findElement(org.openqa.selenium.By.xpath(reportgroup)).getText(): null

2018-06-18 13:56:51 - [TEST_STEP][PASSED] - Statement - If (reportgroupTxt == "AutomationGroup"): null

2018-06-18 13:56:51 - [TEST_STEP][PASSED] - Statement - println("Report group has right group name"): null

2018-06-18 13:56:51 - [TEST_STEP][PASSED] - Statement - reportgroup = "(//div[@class='ctable']/table/tbody/tr[@class='tdata clear'])[" + i + "]/td[7]": null

2018-06-18 13:56:51 - [TEST_STEP][PASSED] - Statement - reportgroupTxt = driver.findElement(org.openqa.selenium.By.xpath(reportgroup)).getText(): null

2018-06-18 13:56:51 - [TEST_STEP][PASSED] - Statement - If (reportgroupTxt == "AutomationGroup"): null

2018-06-18 13:56:51 - [TEST_STEP][PASSED] - Statement - println("Report group has right group name"): null

2018-06-18 13:56:51 - [TEST_STEP][PASSED] - Statement - reportgroup = "(//div[@class='ctable']/table/tbody/tr[@class='tdata clear'])[" + i + "]/td[7]": null

2018-06-18 13:56:51 - [TEST_STEP][PASSED] - Statement - reportgroupTxt = driver.findElement(org.openqa.selenium.By.xpath(reportgroup)).getText(): null

2018-06-18 13:56:51 - [TEST_STEP][PASSED] - Statement - If (reportgroupTxt == "AutomationGroup"): null

2018-06-18 13:56:51 - [TEST_STEP][PASSED] - Statement - println("Report group has right group name"): null

2018-06-18 13:56:51 - [TEST_STEP][PASSED] - Statement - reportgroup = "(//div[@class='ctable']/table/tbody/tr[@class='tdata clear'])[" + i + "]/td[7]": null

2018-06-18 13:56:51 - [TEST_STEP][PASSED] - Statement - reportgroupTxt = driver.findElement(org.openqa.selenium.By.xpath(reportgroup)).getText(): null

2018-06-18 13:56:51 - [TEST_STEP][PASSED] - Statement - If (reportgroupTxt == "AutomationGroup"): null

2018-06-18 13:56:51 - [TEST_STEP][PASSED] - Statement - println("Report group has right group name"): null

2018-06-18 13:56:51 - [TEST_STEP][PASSED] - Statement - reportgroup = "(//div[@class='ctable']/table/tbody/tr[@class='tdata clear'])[" + i + "]/td[7]": null

2018-06-18 13:56:51 - [TEST_STEP][PASSED] - Statement - reportgroupTxt = driver.findElement(org.openqa.selenium.By.xpath(reportgroup)).getText(): null

2018-06-18 13:56:51 - [TEST_STEP][PASSED] - Statement - If (reportgroupTxt == "AutomationGroup"): null

2018-06-18 13:56:51 - [TEST_STEP][PASSED] - Statement - println("Report group has right group name"): null

2018-06-18 13:56:51 - [TEST_STEP][PASSED] - Statement - reportgroup = "(//div[@class='ctable']/table/tbody/tr[@class='tdata clear'])[" + i + "]/td[7]": null

2018-06-18 13:56:51 - [TEST_STEP][PASSED] - Statement - reportgroupTxt = driver.findElement(org.openqa.selenium.By.xpath(reportgroup)).getText(): null

2018-06-18 13:56:51 - [TEST_STEP][PASSED] - Statement - If (reportgroupTxt == "AutomationGroup"): null

2018-06-18 13:56:51 - [TEST_STEP][PASSED] - Statement - println("Report group has right group name"): null

2018-06-18 13:56:51 - [TEST_STEP][PASSED] - Statement - reportgroup = "(//div[@class='ctable']/table/tbody/tr[@class='tdata clear'])[" + i + "]/td[7]": null

2018-06-18 13:56:51 - [TEST_STEP][PASSED] - Statement - reportgroupTxt = driver.findElement(org.openqa.selenium.By.xpath(reportgroup)).getText(): null

2018-06-18 13:56:52 - [TEST_STEP][PASSED] - Statement - If (reportgroupTxt == "AutomationGroup"): null

2018-06-18 13:56:52 - [TEST_STEP][PASSED] - Statement - println("Report group has right group name"): null

2018-06-18 13:56:52 - [TEST_STEP][PASSED] - Statement - reportgroup = "(//div[@class='ctable']/table/tbody/tr[@class='tdata clear'])[" + i + "]/td[7]": null

2018-06-18 13:56:52 - [TEST_STEP][PASSED] - Statement - reportgroupTxt = driver.findElement(org.openqa.selenium.By.xpath(reportgroup)).getText(): null

2018-06-18 13:56:52 - [TEST_STEP][PASSED] - Statement - If (reportgroupTxt == "AutomationGroup"): null

2018-06-18 13:56:52 - [TEST_STEP][PASSED] - Statement - Else: null

2018-06-18 13:56:52 - [TEST_STEP][PASSED] - Statement - If (!(TCflag)): null

2018-06-18 13:56:52 - [TEST_STEP][PASSED] - Statement - reportgroup = "(//div[@class='ctable']/table/tbody/tr[@class='tdata clear'])[" + i + "]/td[7]": null

2018-06-18 13:56:52 - [TEST_STEP][PASSED] - Statement - reportgroupTxt = driver.findElement(org.openqa.selenium.By.xpath(reportgroup)).getText(): null

2018-06-18 13:56:52 - [TEST_STEP][PASSED] - Statement - If (reportgroupTxt == "AutomationGroup"): null

2018-06-18 13:56:52 - [TEST_STEP][PASSED] - Statement - println("Report group has right group name"): null

2018-06-18 13:56:52 - [TEST_STEP][PASSED] - Statement - reportgroup = "(//div[@class='ctable']/table/tbody/tr[@class='tdata clear'])[" + i + "]/td[7]": null

2018-06-18 13:56:52 - [TEST_STEP][PASSED] - Statement - reportgroupTxt = driver.findElement(org.openqa.selenium.By.xpath(reportgroup)).getText(): null

2018-06-18 13:56:52 - [TEST_STEP][PASSED] - Statement - If (reportgroupTxt == "AutomationGroup"): null

2018-06-18 13:56:52 - [TEST_STEP][PASSED] - Statement - Else: null

2018-06-18 13:56:52 - [TEST_STEP][PASSED] - Statement - If (!(TCflag)): null

2018-06-18 13:56:52 - [TEST_STEP][PASSED] - Statement - reportgroup = "(//div[@class='ctable']/table/tbody/tr[@class='tdata clear'])[" + i + "]/td[7]": null

2018-06-18 13:56:52 - [TEST_STEP][PASSED] - Statement - reportgroupTxt = driver.findElement(org.openqa.selenium.By.xpath(reportgroup)).getText(): null

2018-06-18 13:56:52 - [TEST_STEP][PASSED] - Statement - If (reportgroupTxt == "AutomationGroup"): null

2018-06-18 13:56:52 - [TEST_STEP][PASSED] - Statement - println("Report group has right group name"): null

2018-06-18 13:56:52 - [TEST_STEP][PASSED] - Statement - reportgroup = "(//div[@class='ctable']/table/tbody/tr[@class='tdata clear'])[" + i + "]/td[7]": null

2018-06-18 13:56:52 - [TEST_STEP][PASSED] - Statement - reportgroupTxt = driver.findElement(org.openqa.selenium.By.xpath(reportgroup)).getText(): null

2018-06-18 13:56:52 - [TEST_STEP][PASSED] - Statement - If (reportgroupTxt == "AutomationGroup"): null

2018-06-18 13:56:52 - [TEST_STEP][PASSED] - Statement - println("Report group has right group name"): null

2018-06-18 13:56:52 - [TEST_STEP][PASSED] - Statement - reportgroup = "(//div[@class='ctable']/table/tbody/tr[@class='tdata clear'])[" + i + "]/td[7]": null

2018-06-18 13:56:52 - [TEST_STEP][PASSED] - Statement - reportgroupTxt = driver.findElement(org.openqa.selenium.By.xpath(reportgroup)).getText(): null

2018-06-18 13:56:52 - [TEST_STEP][PASSED] - Statement - If (reportgroupTxt == "AutomationGroup"): null

2018-06-18 13:56:52 - [TEST_STEP][PASSED] - Statement - println("Report group has right group name"): null

2018-06-18 13:56:52 - [TEST_STEP][PASSED] - Statement - reportgroup = "(//div[@class='ctable']/table/tbody/tr[@class='tdata clear'])[" + i + "]/td[7]": null

2018-06-18 13:56:52 - [TEST_STEP][PASSED] - Statement - reportgroupTxt = driver.findElement(org.openqa.selenium.By.xpath(reportgroup)).getText(): null

2018-06-18 13:56:52 - [TEST_STEP][PASSED] - Statement - If (reportgroupTxt == "AutomationGroup"): null

2018-06-18 13:56:52 - [TEST_STEP][PASSED] - Statement - println("Report group has right group name"): null

2018-06-18 13:56:52 - [TEST_STEP][PASSED] - Statement - reportgroup = "(//div[@class='ctable']/table/tbody/tr[@class='tdata clear'])[" + i + "]/td[7]": null

2018-06-18 13:56:52 - [TEST_STEP][PASSED] - Statement - reportgroupTxt = driver.findElement(org.openqa.selenium.By.xpath(reportgroup)).getText(): null

2018-06-18 13:56:52 - [TEST_STEP][PASSED] - Statement - If (reportgroupTxt == "AutomationGroup"): null

2018-06-18 13:56:52 - [TEST_STEP][PASSED] - Statement - Else: null

2018-06-18 13:56:52 - [TEST_STEP][PASSED] - Statement - If (!(TCflag)): null

2018-06-18 13:56:52 - [TEST_STEP][PASSED] - Statement - reportgroup = "(//div[@class='ctable']/table/tbody/tr[@class='tdata clear'])[" + i + "]/td[7]": null

2018-06-18 13:56:52 - [TEST_STEP][PASSED] - Statement - reportgroupTxt = driver.findElement(org.openqa.selenium.By.xpath(reportgroup)).getText(): null

2018-06-18 13:56:52 - [TEST_STEP][PASSED] - Statement - If (reportgroupTxt == "AutomationGroup"): null

2018-06-18 13:56:52 - [TEST_STEP][PASSED] - Statement - println("Report group has right group name"): null

2018-06-18 13:56:52 - [TEST_STEP][PASSED] - Statement - reportgroup = "(//div[@class='ctable']/table/tbody/tr[@class='tdata clear'])[" + i + "]/td[7]": null

2018-06-18 13:56:52 - [TEST_STEP][PASSED] - Statement - reportgroupTxt = driver.findElement(org.openqa.selenium.By.xpath(reportgroup)).getText(): null

2018-06-18 13:56:52 - [TEST_STEP][PASSED] - Statement - If (reportgroupTxt == "AutomationGroup"): null

2018-06-18 13:56:52 - [TEST_STEP][PASSED] - Statement - println("Report group has right group name"): null

2018-06-18 13:56:52 - [TEST_STEP][PASSED] - Statement - reportgroup = "(//div[@class='ctable']/table/tbody/tr[@class='tdata clear'])[" + i + "]/td[7]": null

2018-06-18 13:56:52 - [TEST_STEP][PASSED] - Statement - reportgroupTxt = driver.findElement(org.openqa.selenium.By.xpath(reportgroup)).getText(): null

2018-06-18 13:56:52 - [TEST_STEP][PASSED] - Statement - If (reportgroupTxt == "AutomationGroup"): null

2018-06-18 13:56:52 - [TEST_STEP][PASSED] - Statement - println("Report group has right group name"): null

2018-06-18 13:56:52 - [TEST_STEP][PASSED] - Statement - reportgroup = "(//div[@class='ctable']/table/tbody/tr[@class='tdata clear'])[" + i + "]/td[7]": null

2018-06-18 13:56:52 - [TEST_STEP][PASSED] - Statement - reportgroupTxt = driver.findElement(org.openqa.selenium.By.xpath(reportgroup)).getText(): null

2018-06-18 13:56:52 - [TEST_STEP][PASSED] - Statement - If (reportgroupTxt == "AutomationGroup"): null

2018-06-18 13:56:52 - [TEST_STEP][PASSED] - Statement - println("Report group has right group name"): null

2018-06-18 13:56:52 - [TEST_STEP][PASSED] - Statement - reportgroup = "(//div[@class='ctable']/table/tbody/tr[@class='tdata clear'])[" + i + "]/td[7]": null

2018-06-18 13:56:52 - [TEST_STEP][PASSED] - Statement - reportgroupTxt = driver.findElement(org.openqa.selenium.By.xpath(reportgroup)).getText(): null

2018-06-18 13:56:52 - [TEST_STEP][PASSED] - Statement - If (reportgroupTxt == "AutomationGroup"): null

2018-06-18 13:56:52 - [TEST_STEP][PASSED] - Statement - Else: null

2018-06-18 13:56:52 - [TEST_STEP][PASSED] - Statement - If (!(TCflag)): null

2018-06-18 13:56:52 - [TEST_STEP][PASSED] - Statement - reportgroup = "(//div[@class='ctable']/table/tbody/tr[@class='tdata clear'])[" + i + "]/td[7]": null

2018-06-18 13:56:52 - [TEST_STEP][PASSED] - Statement - reportgroupTxt = driver.findElement(org.openqa.selenium.By.xpath(reportgroup)).getText(): null

2018-06-18 13:56:52 - [TEST_STEP][PASSED] - Statement - If (reportgroupTxt == "AutomationGroup"): null

2018-06-18 13:56:52 - [TEST_STEP][PASSED] - Statement - Else: null

2018-06-18 13:56:52 - [TEST_STEP][PASSED] - Statement - If (!(TCflag)): null

2018-06-18 13:56:52 - [TEST_STEP][PASSED] - Statement - reportgroup = "(//div[@class='ctable']/table/tbody/tr[@class='tdata clear'])[" + i + "]/td[7]": null

2018-06-18 13:56:52 - [TEST_STEP][PASSED] - Statement - reportgroupTxt = driver.findElement(org.openqa.selenium.By.xpath(reportgroup)).getText(): null

2018-06-18 13:56:52 - [TEST_STEP][PASSED] - Statement - If (reportgroupTxt == "AutomationGroup"): null

2018-06-18 13:56:52 - [TEST_STEP][PASSED] - Statement - println("Report group has right group name"): null

2018-06-18 13:56:52 - [TEST_STEP][PASSED] - Statement - reportgroup = "(//div[@class='ctable']/table/tbody/tr[@class='tdata clear'])[" + i + "]/td[7]": null

2018-06-18 13:56:52 - [TEST_STEP][PASSED] - Statement - reportgroupTxt = driver.findElement(org.openqa.selenium.By.xpath(reportgroup)).getText(): null

2018-06-18 13:56:52 - [TEST_STEP][PASSED] - Statement - If (reportgroupTxt == "AutomationGroup"): null

2018-06-18 13:56:52 - [TEST_STEP][PASSED] - Statement - println("Report group has right group name"): null

2018-06-18 13:56:52 - [TEST_STEP][PASSED] - Statement - reportgroup = "(//div[@class='ctable']/table/tbody/tr[@class='tdata clear'])[" + i + "]/td[7]": null

2018-06-18 13:56:52 - [TEST_STEP][PASSED] - Statement - reportgroupTxt = driver.findElement(org.openqa.selenium.By.xpath(reportgroup)).getText(): null

2018-06-18 13:56:52 - [TEST_STEP][PASSED] - Statement - If (reportgroupTxt == "AutomationGroup"): null

2018-06-18 13:56:52 - [TEST_STEP][PASSED] - Statement - println("Report group has right group name"): null

2018-06-18 13:56:52 - [TEST_STEP][PASSED] - Statement - reportgroup = "(//div[@class='ctable']/table/tbody/tr[@class='tdata clear'])[" + i + "]/td[7]": null

2018-06-18 13:56:52 - [TEST_STEP][PASSED] - Statement - reportgroupTxt = driver.findElement(org.openqa.selenium.By.xpath(reportgroup)).getText(): null

2018-06-18 13:56:52 - [TEST_STEP][PASSED] - Statement - If (reportgroupTxt == "AutomationGroup"): null

2018-06-18 13:56:52 - [TEST_STEP][PASSED] - Statement - println("Report group has right group name"): null

2018-06-18 13:56:52 - [TEST_STEP][PASSED] - Statement - reportgroup = "(//div[@class='ctable']/table/tbody/tr[@class='tdata clear'])[" + i + "]/td[7]": null

2018-06-18 13:56:52 - [TEST_STEP][PASSED] - Statement - reportgroupTxt = driver.findElement(org.openqa.selenium.By.xpath(reportgroup)).getText(): null

2018-06-18 13:56:52 - [TEST_STEP][PASSED] - Statement - If (reportgroupTxt == "AutomationGroup"): null

2018-06-18 13:56:52 - [TEST_STEP][PASSED] - Statement - println("Report group has right group name"): null

2018-06-18 13:56:52 - [TEST_STEP][PASSED] - Statement - reportgroup = "(//div[@class='ctable']/table/tbody/tr[@class='tdata clear'])[" + i + "]/td[7]": null

2018-06-18 13:56:52 - [TEST_STEP][PASSED] - Statement - reportgroupTxt = driver.findElement(org.openqa.selenium.By.xpath(reportgroup)).getText(): null

2018-06-18 13:56:52 - [TEST_STEP][PASSED] - Statement - If (reportgroupTxt == "AutomationGroup"): null

2018-06-18 13:56:52 - [TEST_STEP][PASSED] - Statement - Else: null

2018-06-18 13:56:52 - [TEST_STEP][PASSED] - Statement - If (!(TCflag)): null

2018-06-18 13:56:52 - [TEST_STEP][PASSED] - Statement - reportgroup = "(//div[@class='ctable']/table/tbody/tr[@class='tdata clear'])[" + i + "]/td[7]": null

2018-06-18 13:56:52 - [TEST_STEP][PASSED] - Statement - reportgroupTxt = driver.findElement(org.openqa.selenium.By.xpath(reportgroup)).getText(): null

2018-06-18 13:56:52 - [TEST_STEP][PASSED] - Statement - If (reportgroupTxt == "AutomationGroup"): null

2018-06-18 13:56:52 - [TEST_STEP][PASSED] - Statement - println("Report group has right group name"): null

2018-06-18 13:56:52 - [TEST_STEP][PASSED] - Statement - reportgroup = "(//div[@class='ctable']/table/tbody/tr[@class='tdata clear'])[" + i + "]/td[7]": null

2018-06-18 13:56:52 - [TEST_STEP][PASSED] - Statement - reportgroupTxt = driver.findElement(org.openqa.selenium.By.xpath(reportgroup)).getText(): null

2018-06-18 13:56:52 - [TEST_STEP][PASSED] - Statement - If (reportgroupTxt == "AutomationGroup"): null

2018-06-18 13:56:52 - [TEST_STEP][PASSED] - Statement - println("Report group has right group name"): null

2018-06-18 13:56:52 - [TEST_STEP][PASSED] - Statement - reportgroup = "(//div[@class='ctable']/table/tbody/tr[@class='tdata clear'])[" + i + "]/td[7]": null

2018-06-18 13:56:52 - [TEST_STEP][PASSED] - Statement - reportgroupTxt = driver.findElement(org.openqa.selenium.By.xpath(reportgroup)).getText(): null

2018-06-18 13:56:52 - [TEST_STEP][PASSED] - Statement - If (reportgroupTxt == "AutomationGroup"): null

2018-06-18 13:56:52 - [TEST_STEP][PASSED] - Statement - Else: null

2018-06-18 13:56:52 - [TEST_STEP][PASSED] - Statement - If (!(TCflag)): null

2018-06-18 13:56:52 - [TEST_STEP][PASSED] - Statement - reportgroup = "(//div[@class='ctable']/table/tbody/tr[@class='tdata clear'])[" + i + "]/td[7]": null

2018-06-18 13:56:52 - [TEST_STEP][PASSED] - Statement - reportgroupTxt = driver.findElement(org.openqa.selenium.By.xpath(reportgroup)).getText(): null

2018-06-18 13:56:52 - [TEST_STEP][PASSED] - Statement - If (reportgroupTxt == "AutomationGroup"): null

2018-06-18 13:56:52 - [TEST_STEP][PASSED] - Statement - println("Report group has right group name"): null

2018-06-18 13:56:52 - [TEST_STEP][PASSED] - Statement - reportgroup = "(//div[@class='ctable']/table/tbody/tr[@class='tdata clear'])[" + i + "]/td[7]": null

2018-06-18 13:56:52 - [TEST_STEP][PASSED] - Statement - reportgroupTxt = driver.findElement(org.openqa.selenium.By.xpath(reportgroup)).getText(): null

2018-06-18 13:56:52 - [TEST_STEP][PASSED] - Statement - If (reportgroupTxt == "AutomationGroup"): null

2018-06-18 13:56:52 - [TEST_STEP][PASSED] - Statement - println("Report group has right group name"): null

2018-06-18 13:56:52 - [TEST_STEP][PASSED] - Statement - reportgroup = "(//div[@class='ctable']/table/tbody/tr[@class='tdata clear'])[" + i + "]/td[7]": null

2018-06-18 13:56:52 - [TEST_STEP][PASSED] - Statement - reportgroupTxt = driver.findElement(org.openqa.selenium.By.xpath(reportgroup)).getText(): null

2018-06-18 13:56:52 - [TEST_STEP][PASSED] - Statement - If (reportgroupTxt == "AutomationGroup"): null

2018-06-18 13:56:52 - [TEST_STEP][PASSED] - Statement - println("Report group has right group name"): null

2018-06-18 13:56:52 - [TEST_STEP][PASSED] - Statement - reportgroup = "(//div[@class='ctable']/table/tbody/tr[@class='tdata clear'])[" + i + "]/td[7]": null

2018-06-18 13:56:52 - [TEST_STEP][PASSED] - Statement - reportgroupTxt = driver.findElement(org.openqa.selenium.By.xpath(reportgroup)).getText(): null

2018-06-18 13:56:52 - [TEST_STEP][PASSED] - Statement - If (reportgroupTxt == "AutomationGroup"): null

2018-06-18 13:56:52 - [TEST_STEP][PASSED] - Statement - println("Report group has right group name"): null

2018-06-18 13:56:52 - [TEST_STEP][PASSED] - Statement - reportgroup = "(//div[@class='ctable']/table/tbody/tr[@class='tdata clear'])[" + i + "]/td[7]": null

2018-06-18 13:56:52 - [TEST_STEP][PASSED] - Statement - reportgroupTxt = driver.findElement(org.openqa.selenium.By.xpath(reportgroup)).getText(): null

2018-06-18 13:56:52 - [TEST_STEP][PASSED] - Statement - If (reportgroupTxt == "AutomationGroup"): null

2018-06-18 13:56:52 - [TEST_STEP][PASSED] - Statement - println("Report group has right group name"): null

2018-06-18 13:56:52 - [TEST_STEP][PASSED] - Statement - reportgroup = "(//div[@class='ctable']/table/tbody/tr[@class='tdata clear'])[" + i + "]/td[7]": null

2018-06-18 13:56:52 - [TEST_STEP][PASSED] - Statement - reportgroupTxt = driver.findElement(org.openqa.selenium.By.xpath(reportgroup)).getText(): null

2018-06-18 13:56:52 - [TEST_STEP][PASSED] - Statement - If (reportgroupTxt == "AutomationGroup"): null

2018-06-18 13:56:52 - [TEST_STEP][PASSED] - Statement - println("Report group has right group name"): null

2018-06-18 13:56:52 - [TEST_STEP][PASSED] - Statement - reportgroup = "(//div[@class='ctable']/table/tbody/tr[@class='tdata clear'])[" + i + "]/td[7]": null

2018-06-18 13:56:52 - [TEST_STEP][PASSED] - Statement - reportgroupTxt = driver.findElement(org.openqa.selenium.By.xpath(reportgroup)).getText(): null

2018-06-18 13:56:52 - [TEST_STEP][PASSED] - Statement - If (reportgroupTxt == "AutomationGroup"): null

2018-06-18 13:56:52 - [TEST_STEP][PASSED] - Statement - println("Report group has right group name"): null

2018-06-18 13:56:52 - [TEST_STEP][PASSED] - Statement - reportgroup = "(//div[@class='ctable']/table/tbody/tr[@class='tdata clear'])[" + i + "]/td[7]": null

2018-06-18 13:56:52 - [TEST_STEP][PASSED] - Statement - reportgroupTxt = driver.findElement(org.openqa.selenium.By.xpath(reportgroup)).getText(): null

2018-06-18 13:56:52 - [TEST_STEP][PASSED] - Statement - If (reportgroupTxt == "AutomationGroup"): null

2018-06-18 13:56:52 - [TEST_STEP][PASSED] - Statement - println("Report group has right group name"): null

2018-06-18 13:56:52 - [TEST_STEP][PASSED] - Statement - reportgroup = "(//div[@class='ctable']/table/tbody/tr[@class='tdata clear'])[" + i + "]/td[7]": null

2018-06-18 13:56:52 - [TEST_STEP][PASSED] - Statement - reportgroupTxt = driver.findElement(org.openqa.selenium.By.xpath(reportgroup)).getText(): null

2018-06-18 13:56:53 - [TEST_STEP][PASSED] - Statement - If (reportgroupTxt == "AutomationGroup"): null

2018-06-18 13:56:53 - [TEST_STEP][PASSED] - Statement - println("Report group has right group name"): null

2018-06-18 13:56:53 - [TEST_STEP][PASSED] - Statement - reportgroup = "(//div[@class='ctable']/table/tbody/tr[@class='tdata clear'])[" + i + "]/td[7]": null

2018-06-18 13:56:53 - [TEST_STEP][PASSED] - Statement - reportgroupTxt = driver.findElement(org.openqa.selenium.By.xpath(reportgroup)).getText(): null

2018-06-18 13:56:53 - [TEST_STEP][PASSED] - Statement - If (reportgroupTxt == "AutomationGroup"): null

2018-06-18 13:56:53 - [TEST_STEP][PASSED] - Statement - Else: null

2018-06-18 13:56:53 - [TEST_STEP][PASSED] - Statement - If (!(TCflag)): null

2018-06-18 13:56:53 - [TEST_STEP][PASSED] - Statement - reportgroup = "(//div[@class='ctable']/table/tbody/tr[@class='tdata clear'])[" + i + "]/td[7]": null

2018-06-18 13:56:53 - [TEST_STEP][PASSED] - Statement - reportgroupTxt = driver.findElement(org.openqa.selenium.By.xpath(reportgroup)).getText(): null

2018-06-18 13:56:53 - [TEST_STEP][PASSED] - Statement - If (reportgroupTxt == "AutomationGroup"): null

2018-06-18 13:56:53 - [TEST_STEP][PASSED] - Statement - println("Report group has right group name"): null

2018-06-18 13:56:53 - [TEST_STEP][PASSED] - Statement - reportgroup = "(//div[@class='ctable']/table/tbody/tr[@class='tdata clear'])[" + i + "]/td[7]": null

2018-06-18 13:56:53 - [TEST_STEP][PASSED] - Statement - reportgroupTxt = driver.findElement(org.openqa.selenium.By.xpath(reportgroup)).getText(): null

2018-06-18 13:56:53 - [TEST_STEP][PASSED] - Statement - If (reportgroupTxt == "AutomationGroup"): null

2018-06-18 13:56:53 - [TEST_STEP][PASSED] - Statement - println("Report group has right group name"): null

2018-06-18 13:56:53 - [TEST_STEP][PASSED] - Statement - reportgroup = "(//div[@class='ctable']/table/tbody/tr[@class='tdata clear'])[" + i + "]/td[7]": null

2018-06-18 13:56:53 - [TEST_STEP][PASSED] - Statement - reportgroupTxt = driver.findElement(org.openqa.selenium.By.xpath(reportgroup)).getText(): null

2018-06-18 13:56:53 - [TEST_STEP][PASSED] - Statement - If (reportgroupTxt == "AutomationGroup"): null

2018-06-18 13:56:53 - [TEST_STEP][PASSED] - Statement - Else: null

2018-06-18 13:56:53 - [TEST_STEP][PASSED] - Statement - If (!(TCflag)): null

2018-06-18 13:56:53 - [TEST_STEP][PASSED] - Statement - reportgroup = "(//div[@class='ctable']/table/tbody/tr[@class='tdata clear'])[" + i + "]/td[7]": null

2018-06-18 13:56:53 - [TEST_STEP][PASSED] - Statement - reportgroupTxt = driver.findElement(org.openqa.selenium.By.xpath(reportgroup)).getText(): null

2018-06-18 13:56:53 - [TEST_STEP][PASSED] - Statement - If (reportgroupTxt == "AutomationGroup"): null

2018-06-18 13:56:53 - [TEST_STEP][PASSED] - Statement - println("Report group has right group name"): null

2018-06-18 13:56:53 - [TEST_STEP][PASSED] - Statement - reportgroup = "(//div[@class='ctable']/table/tbody/tr[@class='tdata clear'])[" + i + "]/td[7]": null

2018-06-18 13:56:53 - [TEST_STEP][PASSED] - Statement - reportgroupTxt = driver.findElement(org.openqa.selenium.By.xpath(reportgroup)).getText(): null

2018-06-18 13:56:53 - [TEST_STEP][PASSED] - Statement - If (reportgroupTxt == "AutomationGroup"): null

2018-06-18 13:56:53 - [TEST_STEP][PASSED] - Statement - println("Report group has right group name"): null

2018-06-18 13:56:53 - [TEST_STEP][PASSED] - Statement - reportgroup = "(//div[@class='ctable']/table/tbody/tr[@class='tdata clear'])[" + i + "]/td[7]": null

2018-06-18 13:56:53 - [TEST_STEP][PASSED] - Statement - reportgroupTxt = driver.findElement(org.openqa.selenium.By.xpath(reportgroup)).getText(): null

2018-06-18 13:56:53 - [TEST_STEP][PASSED] - Statement - If (reportgroupTxt == "AutomationGroup"): null

2018-06-18 13:56:53 - [TEST_STEP][PASSED] - Statement - println("Report group has right group name"): null

2018-06-18 13:56:53 - [TEST_STEP][PASSED] - Statement - reportgroup = "(//div[@class='ctable']/table/tbody/tr[@class='tdata clear'])[" + i + "]/td[7]": null

2018-06-18 13:56:53 - [TEST_STEP][PASSED] - Statement - reportgroupTxt = driver.findElement(org.openqa.selenium.By.xpath(reportgroup)).getText(): null

2018-06-18 13:56:53 - [TEST_STEP][PASSED] - Statement - If (reportgroupTxt == "AutomationGroup"): null

2018-06-18 13:56:53 - [TEST_STEP][PASSED] - Statement - println("Report group has right group name"): null

2018-06-18 13:56:53 - [TEST_STEP][PASSED] - Statement - reportgroup = "(//div[@class='ctable']/table/tbody/tr[@class='tdata clear'])[" + i + "]/td[7]": null

2018-06-18 13:56:53 - [TEST_STEP][PASSED] - Statement - reportgroupTxt = driver.findElement(org.openqa.selenium.By.xpath(reportgroup)).getText(): null

2018-06-18 13:56:53 - [TEST_STEP][PASSED] - Statement - If (reportgroupTxt == "AutomationGroup"): null

2018-06-18 13:56:53 - [TEST_STEP][PASSED] - Statement - println("Report group has right group name"): null

2018-06-18 13:56:53 - [TEST_STEP][PASSED] - Statement - reportgroup = "(//div[@class='ctable']/table/tbody/tr[@class='tdata clear'])[" + i + "]/td[7]": null

2018-06-18 13:56:53 - [TEST_STEP][PASSED] - Statement - reportgroupTxt = driver.findElement(org.openqa.selenium.By.xpath(reportgroup)).getText(): null

2018-06-18 13:56:53 - [TEST_STEP][PASSED] - Statement - If (reportgroupTxt == "AutomationGroup"): null

2018-06-18 13:56:53 - [TEST_STEP][PASSED] - Statement - println("Report group has right group name"): null

2018-06-18 13:56:53 - [TEST_STEP][PASSED] - Statement - reportgroup = "(//div[@class='ctable']/table/tbody/tr[@class='tdata clear'])[" + i + "]/td[7]": null

2018-06-18 13:56:53 - [TEST_STEP][PASSED] - Statement - reportgroupTxt = driver.findElement(org.openqa.selenium.By.xpath(reportgroup)).getText(): null

2018-06-18 13:56:53 - [TEST_STEP][PASSED] - Statement - If (reportgroupTxt == "AutomationGroup"): null

2018-06-18 13:56:53 - [TEST_STEP][PASSED] - Statement - println("Report group has right group name"): null

2018-06-18 13:56:53 - [TEST_STEP][PASSED] - Statement - reportgroup = "(//div[@class='ctable']/table/tbody/tr[@class='tdata clear'])[" + i + "]/td[7]": null

2018-06-18 13:56:53 - [TEST_STEP][PASSED] - Statement - reportgroupTxt = driver.findElement(org.openqa.selenium.By.xpath(reportgroup)).getText(): null

2018-06-18 13:56:53 - [TEST_STEP][PASSED] - Statement - If (reportgroupTxt == "AutomationGroup"): null

2018-06-18 13:56:53 - [TEST_STEP][PASSED] - Statement - println("Report group has right group name"): null

2018-06-18 13:56:53 - [TEST_STEP][PASSED] - Statement - reportgroup = "(//div[@class='ctable']/table/tbody/tr[@class='tdata clear'])[" + i + "]/td[7]": null

2018-06-18 13:56:53 - [TEST_STEP][PASSED] - Statement - reportgroupTxt = driver.findElement(org.openqa.selenium.By.xpath(reportgroup)).getText(): null

2018-06-18 13:56:53 - [TEST_STEP][PASSED] - Statement - If (reportgroupTxt == "AutomationGroup"): null

2018-06-18 13:56:53 - [TEST_STEP][PASSED] - Statement - println("Report group has right group name"): null

2018-06-18 13:56:53 - [TEST_STEP][PASSED] - Statement - reportgroup = "(//div[@class='ctable']/table/tbody/tr[@class='tdata clear'])[" + i + "]/td[7]": null

2018-06-18 13:56:53 - [TEST_STEP][PASSED] - Statement - reportgroupTxt = driver.findElement(org.openqa.selenium.By.xpath(reportgroup)).getText(): null

2018-06-18 13:56:53 - [TEST_STEP][PASSED] - Statement - If (reportgroupTxt == "AutomationGroup"): null

2018-06-18 13:56:53 - [TEST_STEP][PASSED] - Statement - println("Report group has right group name"): null

2018-06-18 13:56:53 - [TEST_STEP][PASSED] - Statement - reportgroup = "(//div[@class='ctable']/table/tbody/tr[@class='tdata clear'])[" + i + "]/td[7]": null

2018-06-18 13:56:53 - [TEST_STEP][PASSED] - Statement - reportgroupTxt = driver.findElement(org.openqa.selenium.By.xpath(reportgroup)).getText(): null

2018-06-18 13:56:53 - [TEST_STEP][PASSED] - Statement - If (reportgroupTxt == "AutomationGroup"): null

2018-06-18 13:56:53 - [TEST_STEP][PASSED] - Statement - println("Report group has right group name"): null

2018-06-18 13:56:53 - [TEST_STEP][PASSED] - Statement - reportgroup = "(//div[@class='ctable']/table/tbody/tr[@class='tdata clear'])[" + i + "]/td[7]": null

2018-06-18 13:56:53 - [TEST_STEP][PASSED] - Statement - reportgroupTxt = driver.findElement(org.openqa.selenium.By.xpath(reportgroup)).getText(): null

2018-06-18 13:56:53 - [TEST_STEP][PASSED] - Statement - If (reportgroupTxt == "AutomationGroup"): null

2018-06-18 13:56:53 - [TEST_STEP][PASSED] - Statement - println("Report group has right group name"): null

2018-06-18 13:56:53 - [TEST_STEP][PASSED] - Statement - reportgroup = "(//div[@class='ctable']/table/tbody/tr[@class='tdata clear'])[" + i + "]/td[7]": null

2018-06-18 13:56:53 - [TEST_STEP][PASSED] - Statement - reportgroupTxt = driver.findElement(org.openqa.selenium.By.xpath(reportgroup)).getText(): null

2018-06-18 13:56:53 - [TEST_STEP][PASSED] - Statement - If (reportgroupTxt == "AutomationGroup"): null

2018-06-18 13:56:53 - [TEST_STEP][PASSED] - Statement - println("Report group has right group name"): null

2018-06-18 13:56:53 - [TEST_STEP][PASSED] - Statement - reportgroup = "(//div[@class='ctable']/table/tbody/tr[@class='tdata clear'])[" + i + "]/td[7]": null

2018-06-18 13:56:53 - [TEST_STEP][PASSED] - Statement - reportgroupTxt = driver.findElement(org.openqa.selenium.By.xpath(reportgroup)).getText(): null

2018-06-18 13:56:53 - [TEST_STEP][PASSED] - Statement - If (reportgroupTxt == "AutomationGroup"): null

2018-06-18 13:56:53 - [TEST_STEP][PASSED] - Statement - println("Report group has right group name"): null

2018-06-18 13:56:53 - [TEST_STEP][PASSED] - Statement - reportgroup = "(//div[@class='ctable']/table/tbody/tr[@class='tdata clear'])[" + i + "]/td[7]": null

2018-06-18 13:56:53 - [TEST_STEP][PASSED] - Statement - reportgroupTxt = driver.findElement(org.openqa.selenium.By.xpath(reportgroup)).getText(): null

2018-06-18 13:56:53 - [TEST_STEP][PASSED] - Statement - If (reportgroupTxt == "AutomationGroup"): null

2018-06-18 13:56:53 - [TEST_STEP][PASSED] - Statement - Else: null

2018-06-18 13:56:53 - [TEST_STEP][PASSED] - Statement - If (!(TCflag)): null

2018-06-18 13:56:53 - [TEST_STEP][PASSED] - Statement - reportgroup = "(//div[@class='ctable']/table/tbody/tr[@class='tdata clear'])[" + i + "]/td[7]": null

2018-06-18 13:56:53 - [TEST_STEP][PASSED] - Statement - reportgroupTxt = driver.findElement(org.openqa.selenium.By.xpath(reportgroup)).getText(): null

2018-06-18 13:56:53 - [TEST_STEP][PASSED] - Statement - If (reportgroupTxt == "AutomationGroup"): null

2018-06-18 13:56:53 - [TEST_STEP][PASSED] - Statement - Else: null

2018-06-18 13:56:53 - [TEST_STEP][PASSED] - Statement - If (!(TCflag)): null

2018-06-18 13:56:53 - [TEST_STEP][PASSED] - Statement - reportgroup = "(//div[@class='ctable']/table/tbody/tr[@class='tdata clear'])[" + i + "]/td[7]": null

2018-06-18 13:56:53 - [TEST_STEP][PASSED] - Statement - reportgroupTxt = driver.findElement(org.openqa.selenium.By.xpath(reportgroup)).getText(): null

2018-06-18 13:56:53 - [TEST_STEP][PASSED] - Statement - If (reportgroupTxt == "AutomationGroup"): null

2018-06-18 13:56:53 - [TEST_STEP][PASSED] - Statement - println("Report group has right group name"): null

2018-06-18 13:56:53 - [TEST_STEP][PASSED] - Statement - reportgroup = "(//div[@class='ctable']/table/tbody/tr[@class='tdata clear'])[" + i + "]/td[7]": null

2018-06-18 13:56:53 - [TEST_STEP][PASSED] - Statement - reportgroupTxt = driver.findElement(org.openqa.selenium.By.xpath(reportgroup)).getText(): null

2018-06-18 13:56:53 - [TEST_STEP][PASSED] - Statement - If (reportgroupTxt == "AutomationGroup"): null

2018-06-18 13:56:53 - [TEST_STEP][PASSED] - Statement - println("Report group has right group name"): null

2018-06-18 13:56:53 - [TEST_STEP][PASSED] - Statement - reportgroup = "(//div[@class='ctable']/table/tbody/tr[@class='tdata clear'])[" + i + "]/td[7]": null

2018-06-18 13:56:53 - [TEST_STEP][PASSED] - Statement - reportgroupTxt = driver.findElement(org.openqa.selenium.By.xpath(reportgroup)).getText(): null

2018-06-18 13:56:53 - [TEST_STEP][PASSED] - Statement - If (reportgroupTxt == "AutomationGroup"): null

2018-06-18 13:56:53 - [TEST_STEP][PASSED] - Statement - println("Report group has right group name"): null

2018-06-18 13:56:53 - [TEST_STEP][PASSED] - Statement - reportgroup = "(//div[@class='ctable']/table/tbody/tr[@class='tdata clear'])[" + i + "]/td[7]": null

2018-06-18 13:56:53 - [TEST_STEP][PASSED] - Statement - reportgroupTxt = driver.findElement(org.openqa.selenium.By.xpath(reportgroup)).getText(): null

2018-06-18 13:56:53 - [TEST_STEP][PASSED] - Statement - If (reportgroupTxt == "AutomationGroup"): null

2018-06-18 13:56:53 - [TEST_STEP][PASSED] - Statement - println("Report group has right group name"): null

2018-06-18 13:56:53 - [TEST_STEP][PASSED] - Statement - reportgroup = "(//div[@class='ctable']/table/tbody/tr[@class='tdata clear'])[" + i + "]/td[7]": null

2018-06-18 13:56:53 - [TEST_STEP][PASSED] - Statement - reportgroupTxt = driver.findElement(org.openqa.selenium.By.xpath(reportgroup)).getText(): null

2018-06-18 13:56:53 - [TEST_STEP][PASSED] - Statement - If (reportgroupTxt == "AutomationGroup"): null

2018-06-18 13:56:53 - [TEST_STEP][PASSED] - Statement - println("Report group has right group name"): null

2018-06-18 13:56:53 - [TEST_STEP][PASSED] - Statement - reportgroup = "(//div[@class='ctable']/table/tbody/tr[@class='tdata clear'])[" + i + "]/td[7]": null

2018-06-18 13:56:53 - [TEST_STEP][PASSED] - Statement - reportgroupTxt = driver.findElement(org.openqa.selenium.By.xpath(reportgroup)).getText(): null

2018-06-18 13:56:53 - [TEST_STEP][PASSED] - Statement - If (reportgroupTxt == "AutomationGroup"): null

2018-06-18 13:56:53 - [TEST_STEP][PASSED] - Statement - println("Report group has right group name"): null

2018-06-18 13:56:53 - [TEST_STEP][PASSED] - Statement - reportgroup = "(//div[@class='ctable']/table/tbody/tr[@class='tdata clear'])[" + i + "]/td[7]": null

2018-06-18 13:56:53 - [TEST_STEP][PASSED] - Statement - reportgroupTxt = driver.findElement(org.openqa.selenium.By.xpath(reportgroup)).getText(): null

2018-06-18 13:56:53 - [TEST_STEP][PASSED] - Statement - If (reportgroupTxt == "AutomationGroup"): null

2018-06-18 13:56:53 - [TEST_STEP][PASSED] - Statement - Else: null

2018-06-18 13:56:53 - [TEST_STEP][PASSED] - Statement - If (!(TCflag)): null

2018-06-18 13:56:53 - [TEST_STEP][PASSED] - Statement - reportgroup = "(//div[@class='ctable']/table/tbody/tr[@class='tdata clear'])[" + i + "]/td[7]": null

2018-06-18 13:56:53 - [TEST_STEP][PASSED] - Statement - reportgroupTxt = driver.findElement(org.openqa.selenium.By.xpath(reportgroup)).getText(): null

2018-06-18 13:56:53 - [TEST_STEP][PASSED] - Statement - If (reportgroupTxt == "AutomationGroup"): null

2018-06-18 13:56:53 - [TEST_STEP][PASSED] - Statement - println("Report group has right group name"): null

2018-06-18 13:56:53 - [TEST_STEP][PASSED] - Statement - reportgroup = "(//div[@class='ctable']/table/tbody/tr[@class='tdata clear'])[" + i + "]/td[7]": null

2018-06-18 13:56:53 - [TEST_STEP][PASSED] - Statement - reportgroupTxt = driver.findElement(org.openqa.selenium.By.xpath(reportgroup)).getText(): null

2018-06-18 13:56:53 - [TEST_STEP][PASSED] - Statement - If (reportgroupTxt == "AutomationGroup"): null

2018-06-18 13:56:53 - [TEST_STEP][PASSED] - Statement - println("Report group has right group name"): null

2018-06-18 13:56:53 - [TEST_STEP][PASSED] - Statement - reportgroup = "(//div[@class='ctable']/table/tbody/tr[@class='tdata clear'])[" + i + "]/td[7]": null

2018-06-18 13:56:53 - [TEST_STEP][PASSED] - Statement - reportgroupTxt = driver.findElement(org.openqa.selenium.By.xpath(reportgroup)).getText(): null

2018-06-18 13:56:53 - [TEST_STEP][PASSED] - Statement - If (reportgroupTxt == "AutomationGroup"): null

2018-06-18 13:56:53 - [TEST_STEP][PASSED] - Statement - println("Report group has right group name"): null

2018-06-18 13:56:53 - [TEST_STEP][PASSED] - Statement - reportgroup = "(//div[@class='ctable']/table/tbody/tr[@class='tdata clear'])[" + i + "]/td[7]": null

2018-06-18 13:56:53 - [TEST_STEP][PASSED] - Statement - reportgroupTxt = driver.findElement(org.openqa.selenium.By.xpath(reportgroup)).getText(): null

2018-06-18 13:56:53 - [TEST_STEP][PASSED] - Statement - If (reportgroupTxt == "AutomationGroup"): null

2018-06-18 13:56:53 - [TEST_STEP][PASSED] - Statement - Else: null

2018-06-18 13:56:53 - [TEST_STEP][PASSED] - Statement - If (!(TCflag)): null

2018-06-18 13:56:53 - [TEST_STEP][PASSED] - Statement - reportgroup = "(//div[@class='ctable']/table/tbody/tr[@class='tdata clear'])[" + i + "]/td[7]": null

2018-06-18 13:56:53 - [TEST_STEP][PASSED] - Statement - reportgroupTxt = driver.findElement(org.openqa.selenium.By.xpath(reportgroup)).getText(): null

2018-06-18 13:56:53 - [TEST_STEP][PASSED] - Statement - If (reportgroupTxt == "AutomationGroup"): null

2018-06-18 13:56:53 - [TEST_STEP][PASSED] - Statement - println("Report group has right group name"): null

2018-06-18 13:56:53 - [TEST_STEP][PASSED] - Statement - reportgroup = "(//div[@class='ctable']/table/tbody/tr[@class='tdata clear'])[" + i + "]/td[7]": null

2018-06-18 13:56:53 - [TEST_STEP][PASSED] - Statement - reportgroupTxt = driver.findElement(org.openqa.selenium.By.xpath(reportgroup)).getText(): null

2018-06-18 13:56:54 - [TEST_STEP][PASSED] - Statement - If (reportgroupTxt == "AutomationGroup"): null

2018-06-18 13:56:54 - [TEST_STEP][PASSED] - Statement - println("Report group has right group name"): null

2018-06-18 13:56:54 - [TEST_STEP][PASSED] - Statement - reportgroup = "(//div[@class='ctable']/table/tbody/tr[@class='tdata clear'])[" + i + "]/td[7]": null

2018-06-18 13:56:54 - [TEST_STEP][PASSED] - Statement - reportgroupTxt = driver.findElement(org.openqa.selenium.By.xpath(reportgroup)).getText(): null

2018-06-18 13:56:54 - [TEST_STEP][PASSED] - Statement - If (reportgroupTxt == "AutomationGroup"): null

2018-06-18 13:56:54 - [TEST_STEP][PASSED] - Statement - println("Report group has right group name"): null

2018-06-18 13:56:54 - [TEST_STEP][PASSED] - Statement - reportgroup = "(//div[@class='ctable']/table/tbody/tr[@class='tdata clear'])[" + i + "]/td[7]": null

2018-06-18 13:56:54 - [TEST_STEP][PASSED] - Statement - reportgroupTxt = driver.findElement(org.openqa.selenium.By.xpath(reportgroup)).getText(): null

2018-06-18 13:56:54 - [TEST_STEP][PASSED] - Statement - If (reportgroupTxt == "AutomationGroup"): null

2018-06-18 13:56:54 - [TEST_STEP][PASSED] - Statement - println("Report group has right group name"): null

2018-06-18 13:56:54 - [TEST_STEP][PASSED] - Statement - reportgroup = "(//div[@class='ctable']/table/tbody/tr[@class='tdata clear'])[" + i + "]/td[7]": null

2018-06-18 13:56:54 - [TEST_STEP][PASSED] - Statement - reportgroupTxt = driver.findElement(org.openqa.selenium.By.xpath(reportgroup)).getText(): null

2018-06-18 13:56:54 - [TEST_STEP][PASSED] - Statement - If (reportgroupTxt == "AutomationGroup"): null

2018-06-18 13:56:54 - [TEST_STEP][PASSED] - Statement - println("Report group has right group name"): null

2018-06-18 13:56:54 - [TEST_STEP][PASSED] - Statement - reportgroup = "(//div[@class='ctable']/table/tbody/tr[@class='tdata clear'])[" + i + "]/td[7]": null

2018-06-18 13:56:54 - [TEST_STEP][PASSED] - Statement - reportgroupTxt = driver.findElement(org.openqa.selenium.By.xpath(reportgroup)).getText(): null

2018-06-18 13:56:54 - [TEST_STEP][PASSED] - Statement - If (reportgroupTxt == "AutomationGroup"): null

2018-06-18 13:56:54 - [TEST_STEP][PASSED] - Statement - Else: null

2018-06-18 13:56:54 - [TEST_STEP][PASSED] - Statement - If (!(TCflag)): null

2018-06-18 13:56:54 - [TEST_STEP][PASSED] - Statement - reportgroup = "(//div[@class='ctable']/table/tbody/tr[@class='tdata clear'])[" + i + "]/td[7]": null

2018-06-18 13:56:54 - [TEST_STEP][PASSED] - Statement - reportgroupTxt = driver.findElement(org.openqa.selenium.By.xpath(reportgroup)).getText(): null

2018-06-18 13:56:54 - [TEST_STEP][PASSED] - Statement - If (reportgroupTxt == "AutomationGroup"): null

2018-06-18 13:56:54 - [TEST_STEP][PASSED] - Statement - println("Report group has right group name"): null

2018-06-18 13:56:54 - [TEST_STEP][PASSED] - Statement - reportgroup = "(//div[@class='ctable']/table/tbody/tr[@class='tdata clear'])[" + i + "]/td[7]": null

2018-06-18 13:56:54 - [TEST_STEP][PASSED] - Statement - reportgroupTxt = driver.findElement(org.openqa.selenium.By.xpath(reportgroup)).getText(): null

2018-06-18 13:56:54 - [TEST_STEP][PASSED] - Statement - If (reportgroupTxt == "AutomationGroup"): null

2018-06-18 13:56:54 - [TEST_STEP][PASSED] - Statement - println("Report group has right group name"): null

2018-06-18 13:56:54 - [TEST_STEP][PASSED] - Statement - reportgroup = "(//div[@class='ctable']/table/tbody/tr[@class='tdata clear'])[" + i + "]/td[7]": null

2018-06-18 13:56:54 - [TEST_STEP][PASSED] - Statement - reportgroupTxt = driver.findElement(org.openqa.selenium.By.xpath(reportgroup)).getText(): null

2018-06-18 13:56:54 - [TEST_STEP][PASSED] - Statement - If (reportgroupTxt == "AutomationGroup"): null

2018-06-18 13:56:54 - [TEST_STEP][PASSED] - Statement - println("Report group has right group name"): null

2018-06-18 13:56:54 - [TEST_STEP][PASSED] - Statement - reportgroup = "(//div[@class='ctable']/table/tbody/tr[@class='tdata clear'])[" + i + "]/td[7]": null

2018-06-18 13:56:54 - [TEST_STEP][PASSED] - Statement - reportgroupTxt = driver.findElement(org.openqa.selenium.By.xpath(reportgroup)).getText(): null

2018-06-18 13:56:54 - [TEST_STEP][PASSED] - Statement - If (reportgroupTxt == "AutomationGroup"): null

2018-06-18 13:56:54 - [TEST_STEP][PASSED] - Statement - println("Report group has right group name"): null

2018-06-18 13:56:54 - [TEST_STEP][PASSED] - Statement - reportgroup = "(//div[@class='ctable']/table/tbody/tr[@class='tdata clear'])[" + i + "]/td[7]": null

2018-06-18 13:56:54 - [TEST_STEP][PASSED] - Statement - reportgroupTxt = driver.findElement(org.openqa.selenium.By.xpath(reportgroup)).getText(): null

2018-06-18 13:56:54 - [TEST_STEP][PASSED] - Statement - If (reportgroupTxt == "AutomationGroup"): null

2018-06-18 13:56:54 - [TEST_STEP][PASSED] - Statement - println("Report group has right group name"): null

2018-06-18 13:56:54 - [TEST_STEP][PASSED] - Statement - reportgroup = "(//div[@class='ctable']/table/tbody/tr[@class='tdata clear'])[" + i + "]/td[7]": null

2018-06-18 13:56:54 - [TEST_STEP][PASSED] - Statement - reportgroupTxt = driver.findElement(org.openqa.selenium.By.xpath(reportgroup)).getText(): null

2018-06-18 13:56:54 - [TEST_STEP][PASSED] - Statement - If (reportgroupTxt == "AutomationGroup"): null

2018-06-18 13:56:54 - [TEST_STEP][PASSED] - Statement - println("Report group has right group name"): null

2018-06-18 13:56:54 - [TEST_STEP][PASSED] - Statement - reportgroup = "(//div[@class='ctable']/table/tbody/tr[@class='tdata clear'])[" + i + "]/td[7]": null

2018-06-18 13:56:54 - [TEST_STEP][PASSED] - Statement - reportgroupTxt = driver.findElement(org.openqa.selenium.By.xpath(reportgroup)).getText(): null

2018-06-18 13:56:54 - [TEST_STEP][PASSED] - Statement - If (reportgroupTxt == "AutomationGroup"): null

2018-06-18 13:56:54 - [TEST_STEP][PASSED] - Statement - println("Report group has right group name"): null

2018-06-18 13:56:54 - [TEST_STEP][PASSED] - Statement - reportgroup = "(//div[@class='ctable']/table/tbody/tr[@class='tdata clear'])[" + i + "]/td[7]": null

2018-06-18 13:56:54 - [TEST_STEP][PASSED] - Statement - reportgroupTxt = driver.findElement(org.openqa.selenium.By.xpath(reportgroup)).getText(): null

2018-06-18 13:56:54 - [TEST_STEP][PASSED] - Statement - If (reportgroupTxt == "AutomationGroup"): null

2018-06-18 13:56:54 - [TEST_STEP][PASSED] - Statement - println("Report group has right group name"): null

2018-06-18 13:56:54 - [TEST_STEP][PASSED] - Statement - reportgroup = "(//div[@class='ctable']/table/tbody/tr[@class='tdata clear'])[" + i + "]/td[7]": null

2018-06-18 13:56:54 - [TEST_STEP][PASSED] - Statement - reportgroupTxt = driver.findElement(org.openqa.selenium.By.xpath(reportgroup)).getText(): null

2018-06-18 13:56:54 - [TEST_STEP][PASSED] - Statement - If (reportgroupTxt == "AutomationGroup"): null

2018-06-18 13:56:54 - [TEST_STEP][PASSED] - Statement - println("Report group has right group name"): null

2018-06-18 13:56:54 - [TEST_STEP][PASSED] - Statement - reportgroup = "(//div[@class='ctable']/table/tbody/tr[@class='tdata clear'])[" + i + "]/td[7]": null

2018-06-18 13:56:54 - [TEST_STEP][PASSED] - Statement - reportgroupTxt = driver.findElement(org.openqa.selenium.By.xpath(reportgroup)).getText(): null

2018-06-18 13:56:54 - [TEST_STEP][PASSED] - Statement - If (reportgroupTxt == "AutomationGroup"): null

2018-06-18 13:56:54 - [TEST_STEP][PASSED] - Statement - println("Report group has right group name"): null

2018-06-18 13:56:54 - [TEST_STEP][PASSED] - Statement - reportgroup = "(//div[@class='ctable']/table/tbody/tr[@class='tdata clear'])[" + i + "]/td[7]": null

2018-06-18 13:56:54 - [TEST_STEP][PASSED] - Statement - reportgroupTxt = driver.findElement(org.openqa.selenium.By.xpath(reportgroup)).getText(): null

2018-06-18 13:56:54 - [TEST_STEP][PASSED] - Statement - If (reportgroupTxt == "AutomationGroup"): null

2018-06-18 13:56:54 - [TEST_STEP][PASSED] - Statement - Else: null

2018-06-18 13:56:54 - [TEST_STEP][PASSED] - Statement - If (!(TCflag)): null

2018-06-18 13:56:54 - [TEST_STEP][PASSED] - Statement - reportgroup = "(//div[@class='ctable']/table/tbody/tr[@class='tdata clear'])[" + i + "]/td[7]": null

2018-06-18 13:56:54 - [TEST_STEP][PASSED] - Statement - reportgroupTxt = driver.findElement(org.openqa.selenium.By.xpath(reportgroup)).getText(): null

2018-06-18 13:56:54 - [TEST_STEP][PASSED] - Statement - If (reportgroupTxt == "AutomationGroup"): null

2018-06-18 13:56:54 - [TEST_STEP][PASSED] - Statement - Else: null

2018-06-18 13:56:54 - [TEST_STEP][PASSED] - Statement - If (!(TCflag)): null

2018-06-18 13:56:54 - [TEST_STEP][PASSED] - Statement - reportgroup = "(//div[@class='ctable']/table/tbody/tr[@class='tdata clear'])[" + i + "]/td[7]": null

2018-06-18 13:56:54 - [TEST_STEP][PASSED] - Statement - reportgroupTxt = driver.findElement(org.openqa.selenium.By.xpath(reportgroup)).getText(): null

2018-06-18 13:56:54 - [TEST_STEP][PASSED] - Statement - If (reportgroupTxt == "AutomationGroup"): null

2018-06-18 13:56:54 - [TEST_STEP][PASSED] - Statement - Else: null

2018-06-18 13:56:54 - [TEST_STEP][PASSED] - Statement - If (!(TCflag)): null

2018-06-18 13:56:54 - [TEST_STEP][PASSED] - Statement - reportgroup = "(//div[@class='ctable']/table/tbody/tr[@class='tdata clear'])[" + i + "]/td[7]": null

2018-06-18 13:56:54 - [TEST_STEP][PASSED] - Statement - reportgroupTxt = driver.findElement(org.openqa.selenium.By.xpath(reportgroup)).getText(): null

2018-06-18 13:56:54 - [TEST_STEP][PASSED] - Statement - If (reportgroupTxt == "AutomationGroup"): null

2018-06-18 13:56:54 - [TEST_STEP][PASSED] - Statement - println("Report group has right group name"): null

2018-06-18 13:56:54 - [TEST_STEP][PASSED] - Statement - reportgroup = "(//div[@class='ctable']/table/tbody/tr[@class='tdata clear'])[" + i + "]/td[7]": null

2018-06-18 13:56:54 - [TEST_STEP][PASSED] - Statement - reportgroupTxt = driver.findElement(org.openqa.selenium.By.xpath(reportgroup)).getText(): null

2018-06-18 13:56:54 - [TEST_STEP][PASSED] - Statement - If (reportgroupTxt == "AutomationGroup"): null

2018-06-18 13:56:54 - [TEST_STEP][PASSED] - Statement - println("Report group has right group name"): null

2018-06-18 13:56:54 - [TEST_STEP][PASSED] - Statement - reportgroup = "(//div[@class='ctable']/table/tbody/tr[@class='tdata clear'])[" + i + "]/td[7]": null

2018-06-18 13:56:54 - [TEST_STEP][PASSED] - Statement - reportgroupTxt = driver.findElement(org.openqa.selenium.By.xpath(reportgroup)).getText(): null

2018-06-18 13:56:54 - [TEST_STEP][PASSED] - Statement - If (reportgroupTxt == "AutomationGroup"): null

2018-06-18 13:56:54 - [TEST_STEP][PASSED] - Statement - println("Report group has right group name"): null

2018-06-18 13:56:54 - [TEST_STEP][PASSED] - Statement - reportgroup = "(//div[@class='ctable']/table/tbody/tr[@class='tdata clear'])[" + i + "]/td[7]": null

2018-06-18 13:56:54 - [TEST_STEP][PASSED] - Statement - reportgroupTxt = driver.findElement(org.openqa.selenium.By.xpath(reportgroup)).getText(): null

2018-06-18 13:56:54 - [TEST_STEP][PASSED] - Statement - If (reportgroupTxt == "AutomationGroup"): null

2018-06-18 13:56:54 - [TEST_STEP][PASSED] - Statement - println("Report group has right group name"): null

2018-06-18 13:56:54 - [TEST_STEP][PASSED] - Statement - reportgroup = "(//div[@class='ctable']/table/tbody/tr[@class='tdata clear'])[" + i + "]/td[7]": null

2018-06-18 13:56:54 - [TEST_STEP][PASSED] - Statement - reportgroupTxt = driver.findElement(org.openqa.selenium.By.xpath(reportgroup)).getText(): null

2018-06-18 13:56:54 - [TEST_STEP][PASSED] - Statement - If (reportgroupTxt == "AutomationGroup"): null

2018-06-18 13:56:54 - [TEST_STEP][PASSED] - Statement - println("Report group has right group name"): null

2018-06-18 13:56:54 - [TEST_STEP][PASSED] - Statement - reportgroup = "(//div[@class='ctable']/table/tbody/tr[@class='tdata clear'])[" + i + "]/td[7]": null

2018-06-18 13:56:54 - [TEST_STEP][PASSED] - Statement - reportgroupTxt = driver.findElement(org.openqa.selenium.By.xpath(reportgroup)).getText(): null

2018-06-18 13:56:54 - [TEST_STEP][PASSED] - Statement - If (reportgroupTxt == "AutomationGroup"): null

2018-06-18 13:56:54 - [TEST_STEP][PASSED] - Statement - println("Report group has right group name"): null

2018-06-18 13:56:54 - [TEST_STEP][PASSED] - Statement - reportgroup = "(//div[@class='ctable']/table/tbody/tr[@class='tdata clear'])[" + i + "]/td[7]": null

2018-06-18 13:56:54 - [TEST_STEP][PASSED] - Statement - reportgroupTxt = driver.findElement(org.openqa.selenium.By.xpath(reportgroup)).getText(): null

2018-06-18 13:56:54 - [TEST_STEP][PASSED] - Statement - If (reportgroupTxt == "AutomationGroup"): null

2018-06-18 13:56:54 - [TEST_STEP][PASSED] - Statement - println("Report group has right group name"): null

2018-06-18 13:56:54 - [TEST_STEP][PASSED] - Statement - reportgroup = "(//div[@class='ctable']/table/tbody/tr[@class='tdata clear'])[" + i + "]/td[7]": null

2018-06-18 13:56:54 - [TEST_STEP][PASSED] - Statement - reportgroupTxt = driver.findElement(org.openqa.selenium.By.xpath(reportgroup)).getText(): null

2018-06-18 13:56:54 - [TEST_STEP][PASSED] - Statement - If (reportgroupTxt == "AutomationGroup"): null

2018-06-18 13:56:54 - [TEST_STEP][PASSED] - Statement - println("Report group has right group name"): null

2018-06-18 13:56:54 - [TEST_STEP][PASSED] - Statement - reportgroup = "(//div[@class='ctable']/table/tbody/tr[@class='tdata clear'])[" + i + "]/td[7]": null

2018-06-18 13:56:54 - [TEST_STEP][PASSED] - Statement - reportgroupTxt = driver.findElement(org.openqa.selenium.By.xpath(reportgroup)).getText(): null

2018-06-18 13:56:54 - [TEST_STEP][PASSED] - Statement - If (reportgroupTxt == "AutomationGroup"): null

2018-06-18 13:56:54 - [TEST_STEP][PASSED] - Statement - println("Report group has right group name"): null

2018-06-18 13:56:54 - [TEST_STEP][PASSED] - Statement - reportgroup = "(//div[@class='ctable']/table/tbody/tr[@class='tdata clear'])[" + i + "]/td[7]": null

2018-06-18 13:56:54 - [TEST_STEP][PASSED] - Statement - reportgroupTxt = driver.findElement(org.openqa.selenium.By.xpath(reportgroup)).getText(): null

2018-06-18 13:56:54 - [TEST_STEP][PASSED] - Statement - If (reportgroupTxt == "AutomationGroup"): null

2018-06-18 13:56:54 - [TEST_STEP][PASSED] - Statement - println("Report group has right group name"): null

2018-06-18 13:56:54 - [TEST_STEP][PASSED] - Statement - reportgroup = "(//div[@class='ctable']/table/tbody/tr[@class='tdata clear'])[" + i + "]/td[7]": null

2018-06-18 13:56:54 - [TEST_STEP][PASSED] - Statement - reportgroupTxt = driver.findElement(org.openqa.selenium.By.xpath(reportgroup)).getText(): null

2018-06-18 13:56:54 - [TEST_STEP][PASSED] - Statement - If (reportgroupTxt == "AutomationGroup"): null

2018-06-18 13:56:54 - [TEST_STEP][PASSED] - Statement - println("Report group has right group name"): null

2018-06-18 13:56:54 - [TEST_STEP][PASSED] - Statement - reportgroup = "(//div[@class='ctable']/table/tbody/tr[@class='tdata clear'])[" + i + "]/td[7]": null

2018-06-18 13:56:54 - [TEST_STEP][PASSED] - Statement - reportgroupTxt = driver.findElement(org.openqa.selenium.By.xpath(reportgroup)).getText(): null

2018-06-18 13:56:54 - [TEST_STEP][PASSED] - Statement - If (reportgroupTxt == "AutomationGroup"): null

2018-06-18 13:56:54 - [TEST_STEP][PASSED] - Statement - println("Report group has right group name"): null

2018-06-18 13:56:54 - [TEST_STEP][PASSED] - uiaction.CommonUIActions.click: uiaction.CommonUIActions.click is PASSED

2018-06-18 13:56:55 - [MESSAGE][PASSED] - uiaction.CommonUIActions.click is PASSED

2018-06-18 13:56:55 - [TEST_STEP][PASSED] - uiaction.CommonUIActions.click: uiaction.CommonUIActions.click is PASSED

2018-06-18 13:56:56 - [MESSAGE][PASSED] - uiaction.CommonUIActions.click is PASSED

2018-06-18 13:56:56 - [TEST_STEP][PASSED] - delay: Delayed 10 second(s)

2018-06-18 13:57:06 - [MESSAGE][PASSED] - Delayed 10 second(s)

2018-06-18 13:57:06 - [TEST_STEP][PASSED] - uiaction.CommonUIActions.click: uiaction.CommonUIActions.click is PASSED

2018-06-18 13:57:07 - [MESSAGE][PASSED] - uiaction.CommonUIActions.click is PASSED

2018-06-18 13:57:07 - [TEST_STEP][PASSED] - uiaction.CommonUIActions.click: uiaction.CommonUIActions.click is PASSED

2018-06-18 13:57:07 - [MESSAGE][PASSED] - uiaction.CommonUIActions.click is PASSED

2018-06-18 13:57:07 - [TEST_STEP][PASSED] - uiaction.CommonUIActions.click: uiaction.CommonUIActions.click is PASSED

2018-06-18 13:57:07 - [MESSAGE][PASSED] - uiaction.CommonUIActions.click is PASSED

2018-06-18 13:57:07 - [TEST_STEP][PASSED] - delay: Delayed 10 second(s)

2018-06-18 13:57:17 - [MESSAGE][PASSED] - Delayed 10 second(s)

2018-06-18 13:57:17 - [TEST_STEP][PASSED] - uiaction.CommonUIActions.back: uiaction.CommonUIActions.back is PASSED

2018-06-18 13:57:17 - [MESSAGE][PASSED] - Navigate back successfully

2018-06-18 13:57:17 - [MESSAGE][PASSED] - uiaction.CommonUIActions.back is PASSED

2018-06-18 13:57:17 - [TEST_STEP][PASSED] - delay: Delayed 5 second(s)

2018-06-18 13:57:22 - [MESSAGE][PASSED] - Delayed 5 second(s)

2018-06-18 13:57:22 - [TEST_STEP][PASSED] - uiaction.CommonUIActions.back: uiaction.CommonUIActions.back is PASSED

2018-06-18 13:57:22 - [MESSAGE][PASSED] - Navigate back successfully

2018-06-18 13:57:22 - [MESSAGE][PASSED] - uiaction.CommonUIActions.back is PASSED

2018-06-18 13:57:22 - [TEST_STEP][PASSED] - delay: Delayed 5 second(s)

2018-06-18 13:57:27 - [MESSAGE][PASSED] - Delayed 5 second(s)

2018-06-18 13:57:27 - [TEST_STEP][PASSED] - uiaction.CommonUIActions.click: uiaction.CommonUIActions.click is PASSED

2018-06-18 13:57:27 - [MESSAGE][PASSED] - uiaction.CommonUIActions.click is PASSED

2018-06-18 13:57:27 - [TEST_STEP][PASSED] - uiaction.CommonUIActions.click: uiaction.CommonUIActions.click is PASSED

2018-06-18 13:57:27 - [MESSAGE][PASSED] - uiaction.CommonUIActions.click is PASSED

2018-06-18 13:57:27 - [TEST_STEP][PASSED] - uiaction.CommonUIActions.click: uiaction.CommonUIActions.click is PASSED

2018-06-18 13:57:27 - [MESSAGE][PASSED] - uiaction.CommonUIActions.click is PASSED

2018-06-18 13:57:27 - [TEST_STEP][PASSED] - uiaction.CommonUIActions.click: uiaction.CommonUIActions.click is PASSED

2018-06-18 13:57:31 - [MESSAGE][PASSED] - uiaction.CommonUIActions.click is PASSED

2018-06-18 13:57:31 - [TEST_STEP][PASSED] - Statement - assert TCflag == true: null

2018-06-18 13:57:31 - [TEST_STEP][PASSED] - Start listener action : sampleAfterTestCase: Browser is closed

2018-06-18 13:57:31 - [TEST_STEP][PASSED] - Statement - println(testCaseContext.getTestCaseId()): null

2018-06-18 13:57:31 - [TEST_STEP][PASSED] - Statement - println(testCaseContext.getTestCaseStatus()): null

2018-06-18 13:57:31 - [TEST_STEP][PASSED] - closeBrowser: Browser is closed

2018-06-18 13:57:31 - [MESSAGE][PASSED] - Browser is closed]]></system-out>
         <system-err><![CDATA[]]></system-err>
      </testcase>
      <testcase name="Test Cases/CreateGroupTC/HME-CreateGroup-06" classname="Test Cases/CreateGroupTC/HME-CreateGroup-06" status="PASSED">
         <system-out><![CDATA[2018-06-18 13:57:31 - [TEST_CASE][PASSED] - Test Cases/CreateGroupTC/HME-CreateGroup-06: Browser is closed

2018-06-18 13:57:31 - [TEST_STEP][PASSED] - Start listener action : sampleBeforeTestCase: uiaction.CommonUIActions.deleteAllCookies is PASSED

2018-06-18 13:57:31 - [TEST_STEP][PASSED] - openBrowser: Browser is opened with url: ''

2018-06-18 13:57:34 - [MESSAGE][PASSED] - Browser is opened with url: ''

2018-06-18 13:57:34 - [TEST_STEP][PASSED] - maximizeWindow: Current window maximized

2018-06-18 13:57:35 - [MESSAGE][PASSED] - Current window maximized

2018-06-18 13:57:35 - [TEST_STEP][PASSED] - uiaction.CommonUIActions.deleteAllCookies: uiaction.CommonUIActions.deleteAllCookies is PASSED

2018-06-18 13:57:35 - [MESSAGE][PASSED] - Delete all cookies successfully

2018-06-18 13:57:35 - [MESSAGE][PASSED] - uiaction.CommonUIActions.deleteAllCookies is PASSED

2018-06-18 13:57:35 - [TEST_STEP][PASSED] - Statement - TCflag = true: null

2018-06-18 13:57:35 - [TEST_STEP][PASSED] - Statement - Try: uiaction.CommonUIActions.click is PASSED

2018-06-18 13:57:35 - [TEST_STEP][PASSED] - navigateToUrl: Navigate to 'https://hme-dev-public-cloud-app.azurewebsites.net/' successfully

2018-06-18 13:57:38 - [MESSAGE][PASSED] - Navigate to 'https://hme-dev-public-cloud-app.azurewebsites.net/' successfully

2018-06-18 13:57:38 - [TEST_STEP][PASSED] - projectSpecific.Reusability.login: projectSpecific.Reusability.login is PASSED

2018-06-18 13:57:38 - [MESSAGE][PASSED] - projectSpecific.Reusability.getTestData is PASSED

2018-06-18 13:57:38 - [MESSAGE][PASSED] - projectSpecific.Reusability.getTestData is PASSED

2018-06-18 13:57:38 - [MESSAGE][PASSED] - Text 'selvendrank@nousinfo.com' is set on object 'Object Repository/LoginPage/Username'

2018-06-18 13:57:38 - [MESSAGE][PASSED] - Text 'nous;123' is set on object 'Object Repository/LoginPage/Password'

2018-06-18 13:57:38 - [MESSAGE][PASSED] - Object: 'Object Repository/LoginPage/Login' is clicked on

2018-06-18 13:57:38 - [MESSAGE][PASSED] - projectSpecific.Reusability.login is PASSED

2018-06-18 13:57:38 - [TEST_STEP][PASSED] - delay: Delayed 5 second(s)

2018-06-18 13:57:43 - [MESSAGE][PASSED] - Delayed 5 second(s)

2018-06-18 13:57:43 - [TEST_STEP][PASSED] - uiaction.CommonUIActions.click: uiaction.CommonUIActions.click is PASSED

2018-06-18 13:58:23 - [MESSAGE][PASSED] - uiaction.CommonUIActions.click is PASSED

2018-06-18 13:58:23 - [TEST_STEP][PASSED] - uiaction.CommonUIActions.click: uiaction.CommonUIActions.click is PASSED

2018-06-18 13:58:25 - [MESSAGE][PASSED] - uiaction.CommonUIActions.click is PASSED

2018-06-18 13:58:25 - [TEST_STEP][PASSED] - uiaction.CommonUIActions.click: uiaction.CommonUIActions.click is PASSED

2018-06-18 13:58:25 - [MESSAGE][PASSED] - uiaction.CommonUIActions.click is PASSED

2018-06-18 13:58:25 - [TEST_STEP][PASSED] - verifyElementPresent: Object 'Object Repository/ReportingGroupManagement/reportingGroupDetails' is present

2018-06-18 13:58:25 - [MESSAGE][PASSED] - Object 'Object Repository/ReportingGroupManagement/reportingGroupDetails' is present

2018-06-18 13:58:25 - [TEST_STEP][PASSED] - uiaction.CommonUIActions.enter: uiaction.CommonUIActions.enter is PASSED

2018-06-18 13:58:25 - [MESSAGE][PASSED] - projectSpecific.Reusability.getTestData is PASSED

2018-06-18 13:58:25 - [MESSAGE][PASSED] - uiaction.CommonUIActions.enter is PASSED

2018-06-18 13:58:25 - [TEST_STEP][PASSED] - uiaction.CommonUIActions.enter: uiaction.CommonUIActions.enter is PASSED

2018-06-18 13:58:25 - [MESSAGE][PASSED] - projectSpecific.Reusability.getTestData is PASSED

2018-06-18 13:58:25 - [MESSAGE][PASSED] - uiaction.CommonUIActions.enter is PASSED

2018-06-18 13:58:25 - [TEST_STEP][PASSED] - uiaction.CommonUIActions.click: uiaction.CommonUIActions.click is PASSED

2018-06-18 13:58:25 - [MESSAGE][PASSED] - uiaction.CommonUIActions.click is PASSED

2018-06-18 13:58:25 - [TEST_STEP][PASSED] - delay: Delayed 10 second(s)

2018-06-18 13:58:35 - [MESSAGE][PASSED] - Delayed 10 second(s)

2018-06-18 13:58:35 - [TEST_STEP][PASSED] - uiaction.CommonUIActions.back: uiaction.CommonUIActions.back is PASSED

2018-06-18 13:58:35 - [MESSAGE][PASSED] - Navigate back successfully

2018-06-18 13:58:35 - [MESSAGE][PASSED] - uiaction.CommonUIActions.back is PASSED

2018-06-18 13:58:35 - [TEST_STEP][PASSED] - delay: Delayed 5 second(s)

2018-06-18 13:58:40 - [MESSAGE][PASSED] - Delayed 5 second(s)

2018-06-18 13:58:40 - [TEST_STEP][PASSED] - uiaction.CommonUIActions.enter: uiaction.CommonUIActions.enter is PASSED

2018-06-18 13:58:40 - [MESSAGE][PASSED] - projectSpecific.Reusability.getTestData is PASSED

2018-06-18 13:58:41 - [MESSAGE][PASSED] - uiaction.CommonUIActions.enter is PASSED

2018-06-18 13:58:41 - [TEST_STEP][PASSED] - uiaction.CommonUIActions.enter: uiaction.CommonUIActions.enter is PASSED

2018-06-18 13:58:41 - [MESSAGE][PASSED] - projectSpecific.Reusability.getTestData is PASSED

2018-06-18 13:58:41 - [MESSAGE][PASSED] - uiaction.CommonUIActions.enter is PASSED

2018-06-18 13:58:41 - [TEST_STEP][PASSED] - uiaction.CommonUIActions.click: uiaction.CommonUIActions.click is PASSED

2018-06-18 13:58:41 - [MESSAGE][PASSED] - uiaction.CommonUIActions.click is PASSED

2018-06-18 13:58:41 - [TEST_STEP][PASSED] - delay: Delayed 5 second(s)

2018-06-18 13:58:46 - [MESSAGE][PASSED] - Delayed 5 second(s)

2018-06-18 13:58:46 - [TEST_STEP][PASSED] - uiaction.CommonUIActions.back: uiaction.CommonUIActions.back is PASSED

2018-06-18 13:58:46 - [MESSAGE][PASSED] - Navigate back successfully

2018-06-18 13:58:46 - [MESSAGE][PASSED] - uiaction.CommonUIActions.back is PASSED

2018-06-18 13:58:46 - [TEST_STEP][PASSED] - delay: Delayed 5 second(s)

2018-06-18 13:58:51 - [MESSAGE][PASSED] - Delayed 5 second(s)

2018-06-18 13:58:51 - [TEST_STEP][PASSED] - uiaction.CommonUIActions.back: uiaction.CommonUIActions.back is PASSED

2018-06-18 13:58:51 - [MESSAGE][PASSED] - Navigate back successfully

2018-06-18 13:58:51 - [MESSAGE][PASSED] - uiaction.CommonUIActions.back is PASSED

2018-06-18 13:58:51 - [TEST_STEP][PASSED] - delay: Delayed 5 second(s)

2018-06-18 13:58:56 - [MESSAGE][PASSED] - Delayed 5 second(s)

2018-06-18 13:58:56 - [TEST_STEP][PASSED] - uiaction.CommonUIActions.click: uiaction.CommonUIActions.click is PASSED

2018-06-18 13:58:56 - [MESSAGE][PASSED] - uiaction.CommonUIActions.click is PASSED

2018-06-18 13:58:56 - [TEST_STEP][PASSED] - Statement - StoreList = CustomKeywords.projectSpecific.Reusability.getTestData("ReportingGroupManagementPage", "dummyGroupName2"): projectSpecific.Reusability.getTestData is PASSED

2018-06-18 13:58:56 - [MESSAGE][PASSED] - projectSpecific.Reusability.getTestData is PASSED

2018-06-18 13:58:56 - [TEST_STEP][PASSED] - Statement - listOfStores = new java.util.ArrayList(java.util.Arrays.asList(StoreList)): null

2018-06-18 13:58:56 - [TEST_STEP][PASSED] - Statement - out.println(listOfStores): null

2018-06-18 13:58:56 - [TEST_STEP][PASSED] - delay: Delayed 10 second(s)

2018-06-18 13:59:06 - [MESSAGE][PASSED] - Delayed 10 second(s)

2018-06-18 13:59:06 - [TEST_STEP][PASSED] - Statement - driver = com.kms.katalon.core.webui.driver.DriverFactory.getWebDriver(): null

2018-06-18 13:59:06 - [TEST_STEP][PASSED] - Statement - availableStoreList = driver.findElements(org.openqa.selenium.By.xpath(com.kms.katalon.core.testdata.TestDataFactory.findTestData(OR_file).getValue(2, 10))): Reading excel file with source file 'C:\Users\shalinin\Katalon Studio\HME_Scripts\Data Files\HME_OR.xlsx' and sheet name 'Sheet1'

2018-06-18 13:59:06 - [TEST_STEP][PASSED] - Statement - actualList = new java.util.ArrayList(): null

2018-06-18 13:59:06 - [TEST_STEP][PASSED] - Statement - For ([i = 0, i < availableStoreList.size(), (i++)]): null

2018-06-18 13:59:06 - [TEST_STEP][PASSED] - Statement - actualList.add(i, availableStoreList.get(i).getText()): null

2018-06-18 13:59:06 - [TEST_STEP][PASSED] - Statement - actualList.add(i, availableStoreList.get(i).getText()): null

2018-06-18 13:59:06 - [TEST_STEP][PASSED] - Statement - actualList.add(i, availableStoreList.get(i).getText()): null

2018-06-18 13:59:06 - [TEST_STEP][PASSED] - Statement - actualList.add(i, availableStoreList.get(i).getText()): null

2018-06-18 13:59:06 - [TEST_STEP][PASSED] - Statement - actualList.add(i, availableStoreList.get(i).getText()): null

2018-06-18 13:59:06 - [TEST_STEP][PASSED] - Statement - actualList.add(i, availableStoreList.get(i).getText()): null

2018-06-18 13:59:06 - [TEST_STEP][PASSED] - Statement - actualList.add(i, availableStoreList.get(i).getText()): null

2018-06-18 13:59:06 - [TEST_STEP][PASSED] - Statement - actualList.add(i, availableStoreList.get(i).getText()): null

2018-06-18 13:59:06 - [TEST_STEP][PASSED] - Statement - actualList.add(i, availableStoreList.get(i).getText()): null

2018-06-18 13:59:06 - [TEST_STEP][PASSED] - Statement - actualList.add(i, availableStoreList.get(i).getText()): null

2018-06-18 13:59:06 - [TEST_STEP][PASSED] - Statement - actualList.add(i, availableStoreList.get(i).getText()): null

2018-06-18 13:59:06 - [TEST_STEP][PASSED] - Statement - actualList.add(i, availableStoreList.get(i).getText()): null

2018-06-18 13:59:06 - [TEST_STEP][PASSED] - Statement - actualList.add(i, availableStoreList.get(i).getText()): null

2018-06-18 13:59:06 - [TEST_STEP][PASSED] - Statement - actualList.add(i, availableStoreList.get(i).getText()): null

2018-06-18 13:59:06 - [TEST_STEP][PASSED] - Statement - actualList.add(i, availableStoreList.get(i).getText()): null

2018-06-18 13:59:06 - [TEST_STEP][PASSED] - Statement - actualList.add(i, availableStoreList.get(i).getText()): null

2018-06-18 13:59:06 - [TEST_STEP][PASSED] - Statement - actualList.add(i, availableStoreList.get(i).getText()): null

2018-06-18 13:59:06 - [TEST_STEP][PASSED] - Statement - actualList.add(i, availableStoreList.get(i).getText()): null

2018-06-18 13:59:06 - [TEST_STEP][PASSED] - Statement - actualList.add(i, availableStoreList.get(i).getText()): null

2018-06-18 13:59:06 - [TEST_STEP][PASSED] - Statement - actualList.add(i, availableStoreList.get(i).getText()): null

2018-06-18 13:59:06 - [TEST_STEP][PASSED] - Statement - actualList.add(i, availableStoreList.get(i).getText()): null

2018-06-18 13:59:06 - [TEST_STEP][PASSED] - Statement - actualList.add(i, availableStoreList.get(i).getText()): null

2018-06-18 13:59:06 - [TEST_STEP][PASSED] - Statement - actualList.add(i, availableStoreList.get(i).getText()): null

2018-06-18 13:59:06 - [TEST_STEP][PASSED] - Statement - actualList.add(i, availableStoreList.get(i).getText()): null

2018-06-18 13:59:06 - [TEST_STEP][PASSED] - Statement - actualList.add(i, availableStoreList.get(i).getText()): null

2018-06-18 13:59:06 - [TEST_STEP][PASSED] - Statement - actualList.add(i, availableStoreList.get(i).getText()): null

2018-06-18 13:59:06 - [TEST_STEP][PASSED] - Statement - actualList.add(i, availableStoreList.get(i).getText()): null

2018-06-18 13:59:06 - [TEST_STEP][PASSED] - Statement - actualList.add(i, availableStoreList.get(i).getText()): null

2018-06-18 13:59:06 - [TEST_STEP][PASSED] - Statement - actualList.add(i, availableStoreList.get(i).getText()): null

2018-06-18 13:59:06 - [TEST_STEP][PASSED] - Statement - actualList.add(i, availableStoreList.get(i).getText()): null

2018-06-18 13:59:06 - [TEST_STEP][PASSED] - Statement - actualList.add(i, availableStoreList.get(i).getText()): null

2018-06-18 13:59:06 - [TEST_STEP][PASSED] - Statement - actualList.add(i, availableStoreList.get(i).getText()): null

2018-06-18 13:59:06 - [TEST_STEP][PASSED] - Statement - actualList.add(i, availableStoreList.get(i).getText()): null

2018-06-18 13:59:06 - [TEST_STEP][PASSED] - Statement - actualList.add(i, availableStoreList.get(i).getText()): null

2018-06-18 13:59:06 - [TEST_STEP][PASSED] - Statement - actualList.add(i, availableStoreList.get(i).getText()): null

2018-06-18 13:59:07 - [TEST_STEP][PASSED] - Statement - actualList.add(i, availableStoreList.get(i).getText()): null

2018-06-18 13:59:07 - [TEST_STEP][PASSED] - Statement - actualList.add(i, availableStoreList.get(i).getText()): null

2018-06-18 13:59:07 - [TEST_STEP][PASSED] - Statement - actualList.add(i, availableStoreList.get(i).getText()): null

2018-06-18 13:59:07 - [TEST_STEP][PASSED] - Statement - actualList.add(i, availableStoreList.get(i).getText()): null

2018-06-18 13:59:07 - [TEST_STEP][PASSED] - Statement - actualList.add(i, availableStoreList.get(i).getText()): null

2018-06-18 13:59:07 - [TEST_STEP][PASSED] - Statement - actualList.add(i, availableStoreList.get(i).getText()): null

2018-06-18 13:59:07 - [TEST_STEP][PASSED] - Statement - actualList.add(i, availableStoreList.get(i).getText()): null

2018-06-18 13:59:07 - [TEST_STEP][PASSED] - Statement - actualList.add(i, availableStoreList.get(i).getText()): null

2018-06-18 13:59:07 - [TEST_STEP][PASSED] - Statement - actualList.add(i, availableStoreList.get(i).getText()): null

2018-06-18 13:59:07 - [TEST_STEP][PASSED] - Statement - actualList.add(i, availableStoreList.get(i).getText()): null

2018-06-18 13:59:07 - [TEST_STEP][PASSED] - Statement - actualList.add(i, availableStoreList.get(i).getText()): null

2018-06-18 13:59:07 - [TEST_STEP][PASSED] - Statement - actualList.add(i, availableStoreList.get(i).getText()): null

2018-06-18 13:59:07 - [TEST_STEP][PASSED] - Statement - actualList.add(i, availableStoreList.get(i).getText()): null

2018-06-18 13:59:07 - [TEST_STEP][PASSED] - Statement - actualList.add(i, availableStoreList.get(i).getText()): null

2018-06-18 13:59:07 - [TEST_STEP][PASSED] - Statement - actualList.add(i, availableStoreList.get(i).getText()): null

2018-06-18 13:59:07 - [TEST_STEP][PASSED] - Statement - actualList.add(i, availableStoreList.get(i).getText()): null

2018-06-18 13:59:07 - [TEST_STEP][PASSED] - Statement - actualList.add(i, availableStoreList.get(i).getText()): null

2018-06-18 13:59:07 - [TEST_STEP][PASSED] - Statement - actualList.add(i, availableStoreList.get(i).getText()): null

2018-06-18 13:59:07 - [TEST_STEP][PASSED] - Statement - actualList.add(i, availableStoreList.get(i).getText()): null

2018-06-18 13:59:07 - [TEST_STEP][PASSED] - Statement - actualList.add(i, availableStoreList.get(i).getText()): null

2018-06-18 13:59:07 - [TEST_STEP][PASSED] - Statement - actualList.add(i, availableStoreList.get(i).getText()): null

2018-06-18 13:59:07 - [TEST_STEP][PASSED] - Statement - actualList.add(i, availableStoreList.get(i).getText()): null

2018-06-18 13:59:07 - [TEST_STEP][PASSED] - Statement - actualList.add(i, availableStoreList.get(i).getText()): null

2018-06-18 13:59:07 - [TEST_STEP][PASSED] - Statement - actualList.add(i, availableStoreList.get(i).getText()): null

2018-06-18 13:59:07 - [TEST_STEP][PASSED] - Statement - actualList.add(i, availableStoreList.get(i).getText()): null

2018-06-18 13:59:07 - [TEST_STEP][PASSED] - Statement - actualList.add(i, availableStoreList.get(i).getText()): null

2018-06-18 13:59:07 - [TEST_STEP][PASSED] - Statement - actualList.add(i, availableStoreList.get(i).getText()): null

2018-06-18 13:59:07 - [TEST_STEP][PASSED] - Statement - actualList.add(i, availableStoreList.get(i).getText()): null

2018-06-18 13:59:07 - [TEST_STEP][PASSED] - Statement - actualList.add(i, availableStoreList.get(i).getText()): null

2018-06-18 13:59:07 - [TEST_STEP][PASSED] - Statement - actualList.add(i, availableStoreList.get(i).getText()): null

2018-06-18 13:59:07 - [TEST_STEP][PASSED] - Statement - actualList.add(i, availableStoreList.get(i).getText()): null

2018-06-18 13:59:07 - [TEST_STEP][PASSED] - Statement - actualList.add(i, availableStoreList.get(i).getText()): null

2018-06-18 13:59:07 - [TEST_STEP][PASSED] - Statement - actualList.add(i, availableStoreList.get(i).getText()): null

2018-06-18 13:59:07 - [TEST_STEP][PASSED] - Statement - actualList.add(i, availableStoreList.get(i).getText()): null

2018-06-18 13:59:07 - [TEST_STEP][PASSED] - Statement - actualList.add(i, availableStoreList.get(i).getText()): null

2018-06-18 13:59:07 - [TEST_STEP][PASSED] - Statement - actualList.add(i, availableStoreList.get(i).getText()): null

2018-06-18 13:59:07 - [TEST_STEP][PASSED] - Statement - actualList.add(i, availableStoreList.get(i).getText()): null

2018-06-18 13:59:07 - [TEST_STEP][PASSED] - Statement - actualList.add(i, availableStoreList.get(i).getText()): null

2018-06-18 13:59:07 - [TEST_STEP][PASSED] - Statement - actualList.add(i, availableStoreList.get(i).getText()): null

2018-06-18 13:59:07 - [TEST_STEP][PASSED] - Statement - actualList.add(i, availableStoreList.get(i).getText()): null

2018-06-18 13:59:07 - [TEST_STEP][PASSED] - Statement - actualList.add(i, availableStoreList.get(i).getText()): null

2018-06-18 13:59:07 - [TEST_STEP][PASSED] - Statement - actualList.add(i, availableStoreList.get(i).getText()): null

2018-06-18 13:59:07 - [TEST_STEP][PASSED] - Statement - actualList.add(i, availableStoreList.get(i).getText()): null

2018-06-18 13:59:07 - [TEST_STEP][PASSED] - Statement - actualList.add(i, availableStoreList.get(i).getText()): null

2018-06-18 13:59:07 - [TEST_STEP][PASSED] - Statement - actualList.add(i, availableStoreList.get(i).getText()): null

2018-06-18 13:59:07 - [TEST_STEP][PASSED] - Statement - actualList.add(i, availableStoreList.get(i).getText()): null

2018-06-18 13:59:07 - [TEST_STEP][PASSED] - Statement - actualList.add(i, availableStoreList.get(i).getText()): null

2018-06-18 13:59:07 - [TEST_STEP][PASSED] - Statement - actualList.add(i, availableStoreList.get(i).getText()): null

2018-06-18 13:59:07 - [TEST_STEP][PASSED] - Statement - actualList.add(i, availableStoreList.get(i).getText()): null

2018-06-18 13:59:07 - [TEST_STEP][PASSED] - Statement - actualList.add(i, availableStoreList.get(i).getText()): null

2018-06-18 13:59:07 - [TEST_STEP][PASSED] - Statement - actualList.add(i, availableStoreList.get(i).getText()): null

2018-06-18 13:59:07 - [TEST_STEP][PASSED] - Statement - actualList.add(i, availableStoreList.get(i).getText()): null

2018-06-18 13:59:07 - [TEST_STEP][PASSED] - Statement - actualList.add(i, availableStoreList.get(i).getText()): null

2018-06-18 13:59:07 - [TEST_STEP][PASSED] - Statement - actualList.add(i, availableStoreList.get(i).getText()): null

2018-06-18 13:59:07 - [TEST_STEP][PASSED] - Statement - actualList.add(i, availableStoreList.get(i).getText()): null

2018-06-18 13:59:07 - [TEST_STEP][PASSED] - Statement - actualList.add(i, availableStoreList.get(i).getText()): null

2018-06-18 13:59:07 - [TEST_STEP][PASSED] - Statement - actualList.add(i, availableStoreList.get(i).getText()): null

2018-06-18 13:59:07 - [TEST_STEP][PASSED] - Statement - actualList.add(i, availableStoreList.get(i).getText()): null

2018-06-18 13:59:07 - [TEST_STEP][PASSED] - Statement - actualList.add(i, availableStoreList.get(i).getText()): null

2018-06-18 13:59:07 - [TEST_STEP][PASSED] - Statement - actualList.add(i, availableStoreList.get(i).getText()): null

2018-06-18 13:59:07 - [TEST_STEP][PASSED] - Statement - actualList.add(i, availableStoreList.get(i).getText()): null

2018-06-18 13:59:07 - [TEST_STEP][PASSED] - Statement - actualList.add(i, availableStoreList.get(i).getText()): null

2018-06-18 13:59:07 - [TEST_STEP][PASSED] - Statement - actualList.add(i, availableStoreList.get(i).getText()): null

2018-06-18 13:59:07 - [TEST_STEP][PASSED] - Statement - actualList.add(i, availableStoreList.get(i).getText()): null

2018-06-18 13:59:08 - [TEST_STEP][PASSED] - Statement - actualList.add(i, availableStoreList.get(i).getText()): null

2018-06-18 13:59:08 - [TEST_STEP][PASSED] - Statement - actualList.add(i, availableStoreList.get(i).getText()): null

2018-06-18 13:59:08 - [TEST_STEP][PASSED] - Statement - actualList.add(i, availableStoreList.get(i).getText()): null

2018-06-18 13:59:08 - [TEST_STEP][PASSED] - Statement - actualList.add(i, availableStoreList.get(i).getText()): null

2018-06-18 13:59:08 - [TEST_STEP][PASSED] - Statement - actualList.add(i, availableStoreList.get(i).getText()): null

2018-06-18 13:59:08 - [TEST_STEP][PASSED] - Statement - actualList.add(i, availableStoreList.get(i).getText()): null

2018-06-18 13:59:08 - [TEST_STEP][PASSED] - Statement - actualList.add(i, availableStoreList.get(i).getText()): null

2018-06-18 13:59:08 - [TEST_STEP][PASSED] - Statement - actualList.add(i, availableStoreList.get(i).getText()): null

2018-06-18 13:59:08 - [TEST_STEP][PASSED] - Statement - actualList.add(i, availableStoreList.get(i).getText()): null

2018-06-18 13:59:08 - [TEST_STEP][PASSED] - Statement - actualList.add(i, availableStoreList.get(i).getText()): null

2018-06-18 13:59:08 - [TEST_STEP][PASSED] - Statement - actualList.add(i, availableStoreList.get(i).getText()): null

2018-06-18 13:59:08 - [TEST_STEP][PASSED] - Statement - actualList.add(i, availableStoreList.get(i).getText()): null

2018-06-18 13:59:08 - [TEST_STEP][PASSED] - Statement - actualList.add(i, availableStoreList.get(i).getText()): null

2018-06-18 13:59:08 - [TEST_STEP][PASSED] - Statement - actualList.add(i, availableStoreList.get(i).getText()): null

2018-06-18 13:59:08 - [TEST_STEP][PASSED] - Statement - actualList.add(i, availableStoreList.get(i).getText()): null

2018-06-18 13:59:08 - [TEST_STEP][PASSED] - Statement - actualList.add(i, availableStoreList.get(i).getText()): null

2018-06-18 13:59:08 - [TEST_STEP][PASSED] - Statement - actualList.add(i, availableStoreList.get(i).getText()): null

2018-06-18 13:59:08 - [TEST_STEP][PASSED] - Statement - actualList.add(i, availableStoreList.get(i).getText()): null

2018-06-18 13:59:08 - [TEST_STEP][PASSED] - Statement - actualList.add(i, availableStoreList.get(i).getText()): null

2018-06-18 13:59:08 - [TEST_STEP][PASSED] - Statement - actualList.add(i, availableStoreList.get(i).getText()): null

2018-06-18 13:59:08 - [TEST_STEP][PASSED] - Statement - actualList.add(i, availableStoreList.get(i).getText()): null

2018-06-18 13:59:08 - [TEST_STEP][PASSED] - Statement - actualList.add(i, availableStoreList.get(i).getText()): null

2018-06-18 13:59:08 - [TEST_STEP][PASSED] - Statement - actualList.add(i, availableStoreList.get(i).getText()): null

2018-06-18 13:59:08 - [TEST_STEP][PASSED] - Statement - actualList.add(i, availableStoreList.get(i).getText()): null

2018-06-18 13:59:08 - [TEST_STEP][PASSED] - Statement - actualList.add(i, availableStoreList.get(i).getText()): null

2018-06-18 13:59:08 - [TEST_STEP][PASSED] - Statement - actualList.add(i, availableStoreList.get(i).getText()): null

2018-06-18 13:59:08 - [TEST_STEP][PASSED] - Statement - actualList.add(i, availableStoreList.get(i).getText()): null

2018-06-18 13:59:08 - [TEST_STEP][PASSED] - Statement - actualList.add(i, availableStoreList.get(i).getText()): null

2018-06-18 13:59:08 - [TEST_STEP][PASSED] - Statement - actualList.add(i, availableStoreList.get(i).getText()): null

2018-06-18 13:59:08 - [TEST_STEP][PASSED] - Statement - actualList.add(i, availableStoreList.get(i).getText()): null

2018-06-18 13:59:08 - [TEST_STEP][PASSED] - Statement - actualList.add(i, availableStoreList.get(i).getText()): null

2018-06-18 13:59:08 - [TEST_STEP][PASSED] - Statement - actualList.add(i, availableStoreList.get(i).getText()): null

2018-06-18 13:59:08 - [TEST_STEP][PASSED] - Statement - actualList.add(i, availableStoreList.get(i).getText()): null

2018-06-18 13:59:08 - [TEST_STEP][PASSED] - Statement - actualList.add(i, availableStoreList.get(i).getText()): null

2018-06-18 13:59:08 - [TEST_STEP][PASSED] - Statement - actualList.add(i, availableStoreList.get(i).getText()): null

2018-06-18 13:59:08 - [TEST_STEP][PASSED] - Statement - actualList.add(i, availableStoreList.get(i).getText()): null

2018-06-18 13:59:08 - [TEST_STEP][PASSED] - Statement - actualList.add(i, availableStoreList.get(i).getText()): null

2018-06-18 13:59:08 - [TEST_STEP][PASSED] - Statement - actualList.add(i, availableStoreList.get(i).getText()): null

2018-06-18 13:59:08 - [TEST_STEP][PASSED] - Statement - actualList.add(i, availableStoreList.get(i).getText()): null

2018-06-18 13:59:08 - [TEST_STEP][PASSED] - Statement - actualList.add(i, availableStoreList.get(i).getText()): null

2018-06-18 13:59:08 - [TEST_STEP][PASSED] - Statement - actualList.add(i, availableStoreList.get(i).getText()): null

2018-06-18 13:59:08 - [TEST_STEP][PASSED] - Statement - actualList.add(i, availableStoreList.get(i).getText()): null

2018-06-18 13:59:08 - [TEST_STEP][PASSED] - Statement - actualList.add(i, availableStoreList.get(i).getText()): null

2018-06-18 13:59:08 - [TEST_STEP][PASSED] - Statement - actualList.add(i, availableStoreList.get(i).getText()): null

2018-06-18 13:59:08 - [TEST_STEP][PASSED] - Statement - actualList.add(i, availableStoreList.get(i).getText()): null

2018-06-18 13:59:08 - [TEST_STEP][PASSED] - Statement - actualList.add(i, availableStoreList.get(i).getText()): null

2018-06-18 13:59:08 - [TEST_STEP][PASSED] - Statement - actualList.add(i, availableStoreList.get(i).getText()): null

2018-06-18 13:59:08 - [TEST_STEP][PASSED] - Statement - actualList.add(i, availableStoreList.get(i).getText()): null

2018-06-18 13:59:08 - [TEST_STEP][PASSED] - Statement - actualList.add(i, availableStoreList.get(i).getText()): null

2018-06-18 13:59:08 - [TEST_STEP][PASSED] - Statement - actualList.add(i, availableStoreList.get(i).getText()): null

2018-06-18 13:59:08 - [TEST_STEP][PASSED] - Statement - actualList.add(i, availableStoreList.get(i).getText()): null

2018-06-18 13:59:08 - [TEST_STEP][PASSED] - Statement - actualList.add(i, availableStoreList.get(i).getText()): null

2018-06-18 13:59:08 - [TEST_STEP][PASSED] - Statement - actualList.add(i, availableStoreList.get(i).getText()): null

2018-06-18 13:59:08 - [TEST_STEP][PASSED] - Statement - actualList.add(i, availableStoreList.get(i).getText()): null

2018-06-18 13:59:08 - [TEST_STEP][PASSED] - Statement - actualList.add(i, availableStoreList.get(i).getText()): null

2018-06-18 13:59:08 - [TEST_STEP][PASSED] - Statement - actualList.add(i, availableStoreList.get(i).getText()): null

2018-06-18 13:59:08 - [TEST_STEP][PASSED] - Statement - actualList.add(i, availableStoreList.get(i).getText()): null

2018-06-18 13:59:08 - [TEST_STEP][PASSED] - Statement - actualList.add(i, availableStoreList.get(i).getText()): null

2018-06-18 13:59:08 - [TEST_STEP][PASSED] - Statement - actualList.add(i, availableStoreList.get(i).getText()): null

2018-06-18 13:59:08 - [TEST_STEP][PASSED] - Statement - actualList.add(i, availableStoreList.get(i).getText()): null

2018-06-18 13:59:08 - [TEST_STEP][PASSED] - Statement - actualList.add(i, availableStoreList.get(i).getText()): null

2018-06-18 13:59:08 - [TEST_STEP][PASSED] - Statement - actualList.add(i, availableStoreList.get(i).getText()): null

2018-06-18 13:59:08 - [TEST_STEP][PASSED] - Statement - actualList.add(i, availableStoreList.get(i).getText()): null

2018-06-18 13:59:08 - [TEST_STEP][PASSED] - Statement - actualList.add(i, availableStoreList.get(i).getText()): null

2018-06-18 13:59:08 - [TEST_STEP][PASSED] - Statement - actualList.add(i, availableStoreList.get(i).getText()): null

2018-06-18 13:59:08 - [TEST_STEP][PASSED] - Statement - actualList.add(i, availableStoreList.get(i).getText()): null

2018-06-18 13:59:09 - [TEST_STEP][PASSED] - Statement - actualList.add(i, availableStoreList.get(i).getText()): null

2018-06-18 13:59:09 - [TEST_STEP][PASSED] - Statement - actualList.add(i, availableStoreList.get(i).getText()): null

2018-06-18 13:59:09 - [TEST_STEP][PASSED] - Statement - actualList.add(i, availableStoreList.get(i).getText()): null

2018-06-18 13:59:09 - [TEST_STEP][PASSED] - Statement - actualList.add(i, availableStoreList.get(i).getText()): null

2018-06-18 13:59:09 - [TEST_STEP][PASSED] - Statement - actualList.add(i, availableStoreList.get(i).getText()): null

2018-06-18 13:59:09 - [TEST_STEP][PASSED] - Statement - actualList.add(i, availableStoreList.get(i).getText()): null

2018-06-18 13:59:09 - [TEST_STEP][PASSED] - Statement - actualList.add(i, availableStoreList.get(i).getText()): null

2018-06-18 13:59:09 - [TEST_STEP][PASSED] - Statement - actualList.add(i, availableStoreList.get(i).getText()): null

2018-06-18 13:59:09 - [TEST_STEP][PASSED] - Statement - actualList.add(i, availableStoreList.get(i).getText()): null

2018-06-18 13:59:09 - [TEST_STEP][PASSED] - Statement - actualList.add(i, availableStoreList.get(i).getText()): null

2018-06-18 13:59:09 - [TEST_STEP][PASSED] - Statement - actualList.add(i, availableStoreList.get(i).getText()): null

2018-06-18 13:59:09 - [TEST_STEP][PASSED] - Statement - actualList.add(i, availableStoreList.get(i).getText()): null

2018-06-18 13:59:09 - [TEST_STEP][PASSED] - Statement - actualList.add(i, availableStoreList.get(i).getText()): null

2018-06-18 13:59:09 - [TEST_STEP][PASSED] - Statement - actualList.add(i, availableStoreList.get(i).getText()): null

2018-06-18 13:59:09 - [TEST_STEP][PASSED] - Statement - actualList.add(i, availableStoreList.get(i).getText()): null

2018-06-18 13:59:09 - [TEST_STEP][PASSED] - Statement - actualList.add(i, availableStoreList.get(i).getText()): null

2018-06-18 13:59:09 - [TEST_STEP][PASSED] - Statement - actualList.add(i, availableStoreList.get(i).getText()): null

2018-06-18 13:59:09 - [TEST_STEP][PASSED] - Statement - actualList.add(i, availableStoreList.get(i).getText()): null

2018-06-18 13:59:09 - [TEST_STEP][PASSED] - Statement - actualList.add(i, availableStoreList.get(i).getText()): null

2018-06-18 13:59:09 - [TEST_STEP][PASSED] - Statement - actualList.add(i, availableStoreList.get(i).getText()): null

2018-06-18 13:59:09 - [TEST_STEP][PASSED] - Statement - actualList.add(i, availableStoreList.get(i).getText()): null

2018-06-18 13:59:09 - [TEST_STEP][PASSED] - Statement - actualList.add(i, availableStoreList.get(i).getText()): null

2018-06-18 13:59:09 - [TEST_STEP][PASSED] - Statement - actualList.add(i, availableStoreList.get(i).getText()): null

2018-06-18 13:59:09 - [TEST_STEP][PASSED] - Statement - actualList.add(i, availableStoreList.get(i).getText()): null

2018-06-18 13:59:09 - [TEST_STEP][PASSED] - Statement - actualList.add(i, availableStoreList.get(i).getText()): null

2018-06-18 13:59:09 - [TEST_STEP][PASSED] - Statement - actualList.add(i, availableStoreList.get(i).getText()): null

2018-06-18 13:59:09 - [TEST_STEP][PASSED] - Statement - actualList.add(i, availableStoreList.get(i).getText()): null

2018-06-18 13:59:09 - [TEST_STEP][PASSED] - Statement - actualList.add(i, availableStoreList.get(i).getText()): null

2018-06-18 13:59:09 - [TEST_STEP][PASSED] - Statement - actualList.add(i, availableStoreList.get(i).getText()): null

2018-06-18 13:59:09 - [TEST_STEP][PASSED] - Statement - actualList.add(i, availableStoreList.get(i).getText()): null

2018-06-18 13:59:09 - [TEST_STEP][PASSED] - Statement - actualList.add(i, availableStoreList.get(i).getText()): null

2018-06-18 13:59:09 - [TEST_STEP][PASSED] - Statement - actualList.add(i, availableStoreList.get(i).getText()): null

2018-06-18 13:59:09 - [TEST_STEP][PASSED] - Statement - actualList.add(i, availableStoreList.get(i).getText()): null

2018-06-18 13:59:09 - [TEST_STEP][PASSED] - Statement - actualList.add(i, availableStoreList.get(i).getText()): null

2018-06-18 13:59:09 - [TEST_STEP][PASSED] - Statement - actualList.add(i, availableStoreList.get(i).getText()): null

2018-06-18 13:59:09 - [TEST_STEP][PASSED] - Statement - actualList.add(i, availableStoreList.get(i).getText()): null

2018-06-18 13:59:09 - [TEST_STEP][PASSED] - Statement - actualList.add(i, availableStoreList.get(i).getText()): null

2018-06-18 13:59:09 - [TEST_STEP][PASSED] - Statement - actualList.add(i, availableStoreList.get(i).getText()): null

2018-06-18 13:59:09 - [TEST_STEP][PASSED] - Statement - actualList.add(i, availableStoreList.get(i).getText()): null

2018-06-18 13:59:09 - [TEST_STEP][PASSED] - Statement - actualList.add(i, availableStoreList.get(i).getText()): null

2018-06-18 13:59:09 - [TEST_STEP][PASSED] - Statement - actualList.add(i, availableStoreList.get(i).getText()): null

2018-06-18 13:59:09 - [TEST_STEP][PASSED] - Statement - actualList.add(i, availableStoreList.get(i).getText()): null

2018-06-18 13:59:09 - [TEST_STEP][PASSED] - Statement - actualList.add(i, availableStoreList.get(i).getText()): null

2018-06-18 13:59:09 - [TEST_STEP][PASSED] - Statement - actualList.add(i, availableStoreList.get(i).getText()): null

2018-06-18 13:59:09 - [TEST_STEP][PASSED] - Statement - actualList.add(i, availableStoreList.get(i).getText()): null

2018-06-18 13:59:09 - [TEST_STEP][PASSED] - Statement - actualList.add(i, availableStoreList.get(i).getText()): null

2018-06-18 13:59:09 - [TEST_STEP][PASSED] - Statement - actualList.add(i, availableStoreList.get(i).getText()): null

2018-06-18 13:59:09 - [TEST_STEP][PASSED] - Statement - actualList.add(i, availableStoreList.get(i).getText()): null

2018-06-18 13:59:09 - [TEST_STEP][PASSED] - Statement - actualList.add(i, availableStoreList.get(i).getText()): null

2018-06-18 13:59:09 - [TEST_STEP][PASSED] - Statement - actualList.add(i, availableStoreList.get(i).getText()): null

2018-06-18 13:59:09 - [TEST_STEP][PASSED] - Statement - actualList.add(i, availableStoreList.get(i).getText()): null

2018-06-18 13:59:09 - [TEST_STEP][PASSED] - Statement - actualList.add(i, availableStoreList.get(i).getText()): null

2018-06-18 13:59:09 - [TEST_STEP][PASSED] - Statement - actualList.add(i, availableStoreList.get(i).getText()): null

2018-06-18 13:59:09 - [TEST_STEP][PASSED] - Statement - actualList.add(i, availableStoreList.get(i).getText()): null

2018-06-18 13:59:09 - [TEST_STEP][PASSED] - Statement - actualList.add(i, availableStoreList.get(i).getText()): null

2018-06-18 13:59:09 - [TEST_STEP][PASSED] - Statement - actualList.add(i, availableStoreList.get(i).getText()): null

2018-06-18 13:59:09 - [TEST_STEP][PASSED] - Statement - out.println(actualList): null

2018-06-18 13:59:09 - [TEST_STEP][PASSED] - Statement - If (actualList.containsAll(listOfStores)): null

2018-06-18 13:59:09 - [TEST_STEP][PASSED] - Statement - println("Groups & Stores are displayed in Available Groups/Stores listbox"): null

2018-06-18 13:59:09 - [TEST_STEP][PASSED] - uiaction.CommonUIActions.click: uiaction.CommonUIActions.click is PASSED

2018-06-18 13:59:09 - [MESSAGE][PASSED] - uiaction.CommonUIActions.click is PASSED

2018-06-18 13:59:09 - [TEST_STEP][PASSED] - uiaction.CommonUIActions.click: uiaction.CommonUIActions.click is PASSED

2018-06-18 13:59:10 - [MESSAGE][PASSED] - uiaction.CommonUIActions.click is PASSED

2018-06-18 13:59:10 - [TEST_STEP][PASSED] - uiaction.CommonUIActions.back: uiaction.CommonUIActions.back is PASSED

2018-06-18 13:59:10 - [MESSAGE][PASSED] - Navigate back successfully

2018-06-18 13:59:10 - [MESSAGE][PASSED] - uiaction.CommonUIActions.back is PASSED

2018-06-18 13:59:10 - [TEST_STEP][PASSED] - delay: Delayed 5 second(s)

2018-06-18 13:59:15 - [MESSAGE][PASSED] - Delayed 5 second(s)

2018-06-18 13:59:15 - [TEST_STEP][PASSED] - uiaction.CommonUIActions.back: uiaction.CommonUIActions.back is PASSED

2018-06-18 13:59:15 - [MESSAGE][PASSED] - Navigate back successfully

2018-06-18 13:59:15 - [MESSAGE][PASSED] - uiaction.CommonUIActions.back is PASSED

2018-06-18 13:59:15 - [TEST_STEP][PASSED] - delay: Delayed 5 second(s)

2018-06-18 13:59:20 - [MESSAGE][PASSED] - Delayed 5 second(s)

2018-06-18 13:59:20 - [TEST_STEP][PASSED] - uiaction.CommonUIActions.click: uiaction.CommonUIActions.click is PASSED

2018-06-18 13:59:20 - [MESSAGE][PASSED] - uiaction.CommonUIActions.click is PASSED

2018-06-18 13:59:20 - [TEST_STEP][PASSED] - uiaction.CommonUIActions.click: uiaction.CommonUIActions.click is PASSED

2018-06-18 13:59:20 - [MESSAGE][PASSED] - uiaction.CommonUIActions.click is PASSED

2018-06-18 13:59:20 - [TEST_STEP][PASSED] - uiaction.CommonUIActions.click: uiaction.CommonUIActions.click is PASSED

2018-06-18 13:59:20 - [MESSAGE][PASSED] - uiaction.CommonUIActions.click is PASSED

2018-06-18 13:59:20 - [TEST_STEP][PASSED] - uiaction.CommonUIActions.back: uiaction.CommonUIActions.back is PASSED

2018-06-18 13:59:20 - [MESSAGE][PASSED] - Navigate back successfully

2018-06-18 13:59:20 - [MESSAGE][PASSED] - uiaction.CommonUIActions.back is PASSED

2018-06-18 13:59:20 - [TEST_STEP][PASSED] - delay: Delayed 5 second(s)

2018-06-18 13:59:25 - [MESSAGE][PASSED] - Delayed 5 second(s)

2018-06-18 13:59:25 - [TEST_STEP][PASSED] - uiaction.CommonUIActions.back: uiaction.CommonUIActions.back is PASSED

2018-06-18 13:59:25 - [MESSAGE][PASSED] - Navigate back successfully

2018-06-18 13:59:25 - [MESSAGE][PASSED] - uiaction.CommonUIActions.back is PASSED

2018-06-18 13:59:25 - [TEST_STEP][PASSED] - delay: Delayed 5 second(s)

2018-06-18 13:59:30 - [MESSAGE][PASSED] - Delayed 5 second(s)

2018-06-18 13:59:30 - [TEST_STEP][PASSED] - uiaction.CommonUIActions.click: uiaction.CommonUIActions.click is PASSED

2018-06-18 13:59:30 - [MESSAGE][PASSED] - uiaction.CommonUIActions.click is PASSED

2018-06-18 13:59:30 - [TEST_STEP][PASSED] - delay: Delayed 5 second(s)

2018-06-18 13:59:35 - [MESSAGE][PASSED] - Delayed 5 second(s)

2018-06-18 13:59:35 - [TEST_STEP][PASSED] - Statement - secondStoreListBox = driver.findElements(org.openqa.selenium.By.xpath(com.kms.katalon.core.testdata.TestDataFactory.findTestData(OR_file).getValue(2, 11))): Reading excel file with source file 'C:\Users\shalinin\Katalon Studio\HME_Scripts\Data Files\HME_OR.xlsx' and sheet name 'Sheet1'

2018-06-18 13:59:35 - [TEST_STEP][PASSED] - Statement - list = new java.util.ArrayList(): null

2018-06-18 13:59:35 - [TEST_STEP][PASSED] - Statement - For ([i = 0, i < secondStoreListBox.size(), (i++)]): null

2018-06-18 13:59:35 - [TEST_STEP][PASSED] - Statement - If (list.size() == 0): null

2018-06-18 13:59:35 - [TEST_STEP][PASSED] - Statement - println("No Groups/Stores is displayed in Groups/Stores in Group list box"): null

2018-06-18 13:59:35 - [TEST_STEP][PASSED] - uiaction.CommonUIActions.enter: uiaction.CommonUIActions.enter is PASSED

2018-06-18 13:59:35 - [MESSAGE][PASSED] - projectSpecific.Reusability.getTestData is PASSED

2018-06-18 13:59:35 - [MESSAGE][PASSED] - uiaction.CommonUIActions.enter is PASSED

2018-06-18 13:59:35 - [TEST_STEP][PASSED] - uiaction.CommonUIActions.enter: uiaction.CommonUIActions.enter is PASSED

2018-06-18 13:59:35 - [MESSAGE][PASSED] - projectSpecific.Reusability.getTestData is PASSED

2018-06-18 13:59:35 - [MESSAGE][PASSED] - uiaction.CommonUIActions.enter is PASSED

2018-06-18 13:59:35 - [TEST_STEP][PASSED] - uiaction.CommonUIActions.verifyMatch: uiaction.CommonUIActions.verifyMatch is PASSED

2018-06-18 13:59:35 - [MESSAGE][PASSED] - projectSpecific.Reusability.getTestData is PASSED

2018-06-18 13:59:35 - [MESSAGE][PASSED] - Attribute 'value' of object 'Object Repository/ReportingGroupManagement/groupNameTxt' is: 'AutomationGroup1'

2018-06-18 13:59:35 - [MESSAGE][PASSED] - Actual text 'AutomationGroup1' and expected text 'AutomationGroup1' are matched 

2018-06-18 13:59:35 - [MESSAGE][PASSED] - uiaction.CommonUIActions.verifyMatch is PASSED

2018-06-18 13:59:35 - [TEST_STEP][PASSED] - uiaction.CommonUIActions.verifyMatch: uiaction.CommonUIActions.verifyMatch is PASSED

2018-06-18 13:59:35 - [MESSAGE][PASSED] - projectSpecific.Reusability.getTestData is PASSED

2018-06-18 13:59:35 - [MESSAGE][PASSED] - Attribute 'value' of object 'Object Repository/ReportingGroupManagement/groupDescTxt' is: 'South west branch Group 1'

2018-06-18 13:59:35 - [MESSAGE][PASSED] - Actual text 'South west branch Group 1' and expected text 'South west branch Group 1' are matched 

2018-06-18 13:59:35 - [MESSAGE][PASSED] - uiaction.CommonUIActions.verifyMatch is PASSED

2018-06-18 13:59:35 - [TEST_STEP][PASSED] - delay: Delayed 5 second(s)

2018-06-18 13:59:40 - [MESSAGE][PASSED] - Delayed 5 second(s)

2018-06-18 13:59:40 - [TEST_STEP][PASSED] - Statement - StoresCBList = driver.findElements(org.openqa.selenium.By.xpath(com.kms.katalon.core.testdata.TestDataFactory.findTestData(OR_file).getValue(2, 12))): Reading excel file with source file 'C:\Users\shalinin\Katalon Studio\HME_Scripts\Data Files\HME_OR.xlsx' and sheet name 'Sheet1'

2018-06-18 13:59:40 - [TEST_STEP][PASSED] - Statement - storesLabel = driver.findElements(org.openqa.selenium.By.xpath(com.kms.katalon.core.testdata.TestDataFactory.findTestData(OR_file).getValue(2, 10))): Reading excel file with source file 'C:\Users\shalinin\Katalon Studio\HME_Scripts\Data Files\HME_OR.xlsx' and sheet name 'Sheet1'

2018-06-18 13:59:40 - [TEST_STEP][PASSED] - Statement - groupStoresList = new java.util.ArrayList(): null

2018-06-18 13:59:40 - [TEST_STEP][PASSED] - Statement - out.println(StoresCBList.size()): null

2018-06-18 13:59:40 - [TEST_STEP][PASSED] - Statement - size = StoresCBList.size(): null

2018-06-18 13:59:40 - [TEST_STEP][PASSED] - delay: Delayed 5 second(s)

2018-06-18 13:59:45 - [MESSAGE][PASSED] - Delayed 5 second(s)

2018-06-18 13:59:45 - [TEST_STEP][PASSED] - Statement - For ([i = 0, i < size, (i++)]): null

2018-06-18 13:59:45 - [TEST_STEP][PASSED] - Statement - groupStoresList[i] = storesLabel.get(i).getText(): null

2018-06-18 13:59:45 - [TEST_STEP][PASSED] - Statement - StoresCBList.get(i).click(): null

2018-06-18 13:59:45 - [TEST_STEP][PASSED] - Statement - groupStoresList[i] = storesLabel.get(i).getText(): null

2018-06-18 13:59:45 - [TEST_STEP][PASSED] - Statement - StoresCBList.get(i).click(): null

2018-06-18 13:59:46 - [TEST_STEP][PASSED] - Statement - groupStoresList[i] = storesLabel.get(i).getText(): null

2018-06-18 13:59:46 - [TEST_STEP][PASSED] - Statement - StoresCBList.get(i).click(): null

2018-06-18 13:59:46 - [TEST_STEP][PASSED] - Statement - groupStoresList[i] = storesLabel.get(i).getText(): null

2018-06-18 13:59:46 - [TEST_STEP][PASSED] - Statement - StoresCBList.get(i).click(): null

2018-06-18 13:59:46 - [TEST_STEP][PASSED] - Statement - groupStoresList[i] = storesLabel.get(i).getText(): null

2018-06-18 13:59:46 - [TEST_STEP][PASSED] - Statement - StoresCBList.get(i).click(): null

2018-06-18 13:59:46 - [TEST_STEP][PASSED] - Statement - groupStoresList[i] = storesLabel.get(i).getText(): null

2018-06-18 13:59:46 - [TEST_STEP][PASSED] - Statement - StoresCBList.get(i).click(): null

2018-06-18 13:59:46 - [TEST_STEP][PASSED] - Statement - groupStoresList[i] = storesLabel.get(i).getText(): null

2018-06-18 13:59:46 - [TEST_STEP][PASSED] - Statement - StoresCBList.get(i).click(): null

2018-06-18 13:59:46 - [TEST_STEP][PASSED] - Statement - groupStoresList[i] = storesLabel.get(i).getText(): null

2018-06-18 13:59:46 - [TEST_STEP][PASSED] - Statement - StoresCBList.get(i).click(): null

2018-06-18 13:59:46 - [TEST_STEP][PASSED] - Statement - groupStoresList[i] = storesLabel.get(i).getText(): null

2018-06-18 13:59:46 - [TEST_STEP][PASSED] - Statement - StoresCBList.get(i).click(): null

2018-06-18 13:59:46 - [TEST_STEP][PASSED] - Statement - groupStoresList[i] = storesLabel.get(i).getText(): null

2018-06-18 13:59:46 - [TEST_STEP][PASSED] - Statement - StoresCBList.get(i).click(): null

2018-06-18 13:59:46 - [TEST_STEP][PASSED] - Statement - groupStoresList[i] = storesLabel.get(i).getText(): null

2018-06-18 13:59:46 - [TEST_STEP][PASSED] - Statement - StoresCBList.get(i).click(): null

2018-06-18 13:59:46 - [TEST_STEP][PASSED] - Statement - groupStoresList[i] = storesLabel.get(i).getText(): null

2018-06-18 13:59:46 - [TEST_STEP][PASSED] - Statement - StoresCBList.get(i).click(): null

2018-06-18 13:59:46 - [TEST_STEP][PASSED] - Statement - groupStoresList[i] = storesLabel.get(i).getText(): null

2018-06-18 13:59:46 - [TEST_STEP][PASSED] - Statement - StoresCBList.get(i).click(): null

2018-06-18 13:59:46 - [TEST_STEP][PASSED] - Statement - groupStoresList[i] = storesLabel.get(i).getText(): null

2018-06-18 13:59:46 - [TEST_STEP][PASSED] - Statement - StoresCBList.get(i).click(): null

2018-06-18 13:59:46 - [TEST_STEP][PASSED] - Statement - groupStoresList[i] = storesLabel.get(i).getText(): null

2018-06-18 13:59:46 - [TEST_STEP][PASSED] - Statement - StoresCBList.get(i).click(): null

2018-06-18 13:59:46 - [TEST_STEP][PASSED] - Statement - groupStoresList[i] = storesLabel.get(i).getText(): null

2018-06-18 13:59:46 - [TEST_STEP][PASSED] - Statement - StoresCBList.get(i).click(): null

2018-06-18 13:59:46 - [TEST_STEP][PASSED] - Statement - groupStoresList[i] = storesLabel.get(i).getText(): null

2018-06-18 13:59:47 - [TEST_STEP][PASSED] - Statement - StoresCBList.get(i).click(): null

2018-06-18 13:59:47 - [TEST_STEP][PASSED] - Statement - groupStoresList[i] = storesLabel.get(i).getText(): null

2018-06-18 13:59:47 - [TEST_STEP][PASSED] - Statement - StoresCBList.get(i).click(): null

2018-06-18 13:59:47 - [TEST_STEP][PASSED] - Statement - groupStoresList[i] = storesLabel.get(i).getText(): null

2018-06-18 13:59:47 - [TEST_STEP][PASSED] - Statement - StoresCBList.get(i).click(): null

2018-06-18 13:59:47 - [TEST_STEP][PASSED] - Statement - groupStoresList[i] = storesLabel.get(i).getText(): null

2018-06-18 13:59:47 - [TEST_STEP][PASSED] - Statement - StoresCBList.get(i).click(): null

2018-06-18 13:59:47 - [TEST_STEP][PASSED] - Statement - groupStoresList[i] = storesLabel.get(i).getText(): null

2018-06-18 13:59:47 - [TEST_STEP][PASSED] - Statement - StoresCBList.get(i).click(): null

2018-06-18 13:59:47 - [TEST_STEP][PASSED] - Statement - groupStoresList[i] = storesLabel.get(i).getText(): null

2018-06-18 13:59:47 - [TEST_STEP][PASSED] - Statement - StoresCBList.get(i).click(): null

2018-06-18 13:59:47 - [TEST_STEP][PASSED] - Statement - groupStoresList[i] = storesLabel.get(i).getText(): null

2018-06-18 13:59:47 - [TEST_STEP][PASSED] - Statement - StoresCBList.get(i).click(): null

2018-06-18 13:59:47 - [TEST_STEP][PASSED] - Statement - groupStoresList[i] = storesLabel.get(i).getText(): null

2018-06-18 13:59:47 - [TEST_STEP][PASSED] - Statement - StoresCBList.get(i).click(): null

2018-06-18 13:59:47 - [TEST_STEP][PASSED] - Statement - groupStoresList[i] = storesLabel.get(i).getText(): null

2018-06-18 13:59:47 - [TEST_STEP][PASSED] - Statement - StoresCBList.get(i).click(): null

2018-06-18 13:59:47 - [TEST_STEP][PASSED] - Statement - groupStoresList[i] = storesLabel.get(i).getText(): null

2018-06-18 13:59:47 - [TEST_STEP][PASSED] - Statement - StoresCBList.get(i).click(): null

2018-06-18 13:59:47 - [TEST_STEP][PASSED] - Statement - groupStoresList[i] = storesLabel.get(i).getText(): null

2018-06-18 13:59:47 - [TEST_STEP][PASSED] - Statement - StoresCBList.get(i).click(): null

2018-06-18 13:59:47 - [TEST_STEP][PASSED] - Statement - groupStoresList[i] = storesLabel.get(i).getText(): null

2018-06-18 13:59:47 - [TEST_STEP][PASSED] - Statement - StoresCBList.get(i).click(): null

2018-06-18 13:59:47 - [TEST_STEP][PASSED] - Statement - groupStoresList[i] = storesLabel.get(i).getText(): null

2018-06-18 13:59:47 - [TEST_STEP][PASSED] - Statement - StoresCBList.get(i).click(): null

2018-06-18 13:59:47 - [TEST_STEP][PASSED] - Statement - groupStoresList[i] = storesLabel.get(i).getText(): null

2018-06-18 13:59:47 - [TEST_STEP][PASSED] - Statement - StoresCBList.get(i).click(): null

2018-06-18 13:59:47 - [TEST_STEP][PASSED] - Statement - groupStoresList[i] = storesLabel.get(i).getText(): null

2018-06-18 13:59:47 - [TEST_STEP][PASSED] - Statement - StoresCBList.get(i).click(): null

2018-06-18 13:59:48 - [TEST_STEP][PASSED] - Statement - groupStoresList[i] = storesLabel.get(i).getText(): null

2018-06-18 13:59:48 - [TEST_STEP][PASSED] - Statement - StoresCBList.get(i).click(): null

2018-06-18 13:59:48 - [TEST_STEP][PASSED] - Statement - groupStoresList[i] = storesLabel.get(i).getText(): null

2018-06-18 13:59:48 - [TEST_STEP][PASSED] - Statement - StoresCBList.get(i).click(): null

2018-06-18 13:59:48 - [TEST_STEP][PASSED] - Statement - groupStoresList[i] = storesLabel.get(i).getText(): null

2018-06-18 13:59:48 - [TEST_STEP][PASSED] - Statement - StoresCBList.get(i).click(): null

2018-06-18 13:59:48 - [TEST_STEP][PASSED] - Statement - groupStoresList[i] = storesLabel.get(i).getText(): null

2018-06-18 13:59:48 - [TEST_STEP][PASSED] - Statement - StoresCBList.get(i).click(): null

2018-06-18 13:59:48 - [TEST_STEP][PASSED] - Statement - groupStoresList[i] = storesLabel.get(i).getText(): null

2018-06-18 13:59:48 - [TEST_STEP][PASSED] - Statement - StoresCBList.get(i).click(): null

2018-06-18 13:59:48 - [TEST_STEP][PASSED] - Statement - groupStoresList[i] = storesLabel.get(i).getText(): null

2018-06-18 13:59:48 - [TEST_STEP][PASSED] - Statement - StoresCBList.get(i).click(): null

2018-06-18 13:59:48 - [TEST_STEP][PASSED] - Statement - groupStoresList[i] = storesLabel.get(i).getText(): null

2018-06-18 13:59:48 - [TEST_STEP][PASSED] - Statement - StoresCBList.get(i).click(): null

2018-06-18 13:59:48 - [TEST_STEP][PASSED] - Statement - groupStoresList[i] = storesLabel.get(i).getText(): null

2018-06-18 13:59:48 - [TEST_STEP][PASSED] - Statement - StoresCBList.get(i).click(): null

2018-06-18 13:59:48 - [TEST_STEP][PASSED] - Statement - groupStoresList[i] = storesLabel.get(i).getText(): null

2018-06-18 13:59:48 - [TEST_STEP][PASSED] - Statement - StoresCBList.get(i).click(): null

2018-06-18 13:59:48 - [TEST_STEP][PASSED] - Statement - groupStoresList[i] = storesLabel.get(i).getText(): null

2018-06-18 13:59:48 - [TEST_STEP][PASSED] - Statement - StoresCBList.get(i).click(): null

2018-06-18 13:59:48 - [TEST_STEP][PASSED] - Statement - groupStoresList[i] = storesLabel.get(i).getText(): null

2018-06-18 13:59:48 - [TEST_STEP][PASSED] - Statement - StoresCBList.get(i).click(): null

2018-06-18 13:59:48 - [TEST_STEP][PASSED] - Statement - groupStoresList[i] = storesLabel.get(i).getText(): null

2018-06-18 13:59:48 - [TEST_STEP][PASSED] - Statement - StoresCBList.get(i).click(): null

2018-06-18 13:59:48 - [TEST_STEP][PASSED] - Statement - groupStoresList[i] = storesLabel.get(i).getText(): null

2018-06-18 13:59:48 - [TEST_STEP][PASSED] - Statement - StoresCBList.get(i).click(): null

2018-06-18 13:59:48 - [TEST_STEP][PASSED] - Statement - groupStoresList[i] = storesLabel.get(i).getText(): null

2018-06-18 13:59:48 - [TEST_STEP][PASSED] - Statement - StoresCBList.get(i).click(): null

2018-06-18 13:59:48 - [TEST_STEP][PASSED] - Statement - groupStoresList[i] = storesLabel.get(i).getText(): null

2018-06-18 13:59:48 - [TEST_STEP][PASSED] - Statement - StoresCBList.get(i).click(): null

2018-06-18 13:59:49 - [TEST_STEP][PASSED] - Statement - groupStoresList[i] = storesLabel.get(i).getText(): null

2018-06-18 13:59:49 - [TEST_STEP][PASSED] - Statement - StoresCBList.get(i).click(): null

2018-06-18 13:59:49 - [TEST_STEP][PASSED] - Statement - groupStoresList[i] = storesLabel.get(i).getText(): null

2018-06-18 13:59:49 - [TEST_STEP][PASSED] - Statement - StoresCBList.get(i).click(): null

2018-06-18 13:59:49 - [TEST_STEP][PASSED] - Statement - groupStoresList[i] = storesLabel.get(i).getText(): null

2018-06-18 13:59:49 - [TEST_STEP][PASSED] - Statement - StoresCBList.get(i).click(): null

2018-06-18 13:59:49 - [TEST_STEP][PASSED] - Statement - groupStoresList[i] = storesLabel.get(i).getText(): null

2018-06-18 13:59:49 - [TEST_STEP][PASSED] - Statement - StoresCBList.get(i).click(): null

2018-06-18 13:59:49 - [TEST_STEP][PASSED] - Statement - groupStoresList[i] = storesLabel.get(i).getText(): null

2018-06-18 13:59:49 - [TEST_STEP][PASSED] - Statement - StoresCBList.get(i).click(): null

2018-06-18 13:59:49 - [TEST_STEP][PASSED] - Statement - groupStoresList[i] = storesLabel.get(i).getText(): null

2018-06-18 13:59:49 - [TEST_STEP][PASSED] - Statement - StoresCBList.get(i).click(): null

2018-06-18 13:59:49 - [TEST_STEP][PASSED] - Statement - groupStoresList[i] = storesLabel.get(i).getText(): null

2018-06-18 13:59:49 - [TEST_STEP][PASSED] - Statement - StoresCBList.get(i).click(): null

2018-06-18 13:59:49 - [TEST_STEP][PASSED] - Statement - groupStoresList[i] = storesLabel.get(i).getText(): null

2018-06-18 13:59:49 - [TEST_STEP][PASSED] - Statement - StoresCBList.get(i).click(): null

2018-06-18 13:59:49 - [TEST_STEP][PASSED] - Statement - groupStoresList[i] = storesLabel.get(i).getText(): null

2018-06-18 13:59:49 - [TEST_STEP][PASSED] - Statement - StoresCBList.get(i).click(): null

2018-06-18 13:59:49 - [TEST_STEP][PASSED] - Statement - groupStoresList[i] = storesLabel.get(i).getText(): null

2018-06-18 13:59:49 - [TEST_STEP][PASSED] - Statement - StoresCBList.get(i).click(): null

2018-06-18 13:59:49 - [TEST_STEP][PASSED] - Statement - groupStoresList[i] = storesLabel.get(i).getText(): null

2018-06-18 13:59:49 - [TEST_STEP][PASSED] - Statement - StoresCBList.get(i).click(): null

2018-06-18 13:59:49 - [TEST_STEP][PASSED] - Statement - groupStoresList[i] = storesLabel.get(i).getText(): null

2018-06-18 13:59:49 - [TEST_STEP][PASSED] - Statement - StoresCBList.get(i).click(): null

2018-06-18 13:59:49 - [TEST_STEP][PASSED] - Statement - groupStoresList[i] = storesLabel.get(i).getText(): null

2018-06-18 13:59:49 - [TEST_STEP][PASSED] - Statement - StoresCBList.get(i).click(): null

2018-06-18 13:59:49 - [TEST_STEP][PASSED] - Statement - groupStoresList[i] = storesLabel.get(i).getText(): null

2018-06-18 13:59:49 - [TEST_STEP][PASSED] - Statement - StoresCBList.get(i).click(): null

2018-06-18 13:59:49 - [TEST_STEP][PASSED] - Statement - groupStoresList[i] = storesLabel.get(i).getText(): null

2018-06-18 13:59:49 - [TEST_STEP][PASSED] - Statement - StoresCBList.get(i).click(): null

2018-06-18 13:59:50 - [TEST_STEP][PASSED] - Statement - groupStoresList[i] = storesLabel.get(i).getText(): null

2018-06-18 13:59:50 - [TEST_STEP][PASSED] - Statement - StoresCBList.get(i).click(): null

2018-06-18 13:59:50 - [TEST_STEP][PASSED] - Statement - groupStoresList[i] = storesLabel.get(i).getText(): null

2018-06-18 13:59:50 - [TEST_STEP][PASSED] - Statement - StoresCBList.get(i).click(): null

2018-06-18 13:59:50 - [TEST_STEP][PASSED] - Statement - groupStoresList[i] = storesLabel.get(i).getText(): null

2018-06-18 13:59:50 - [TEST_STEP][PASSED] - Statement - StoresCBList.get(i).click(): null

2018-06-18 13:59:50 - [TEST_STEP][PASSED] - Statement - groupStoresList[i] = storesLabel.get(i).getText(): null

2018-06-18 13:59:50 - [TEST_STEP][PASSED] - Statement - StoresCBList.get(i).click(): null

2018-06-18 13:59:50 - [TEST_STEP][PASSED] - Statement - groupStoresList[i] = storesLabel.get(i).getText(): null

2018-06-18 13:59:50 - [TEST_STEP][PASSED] - Statement - StoresCBList.get(i).click(): null

2018-06-18 13:59:50 - [TEST_STEP][PASSED] - Statement - groupStoresList[i] = storesLabel.get(i).getText(): null

2018-06-18 13:59:50 - [TEST_STEP][PASSED] - Statement - StoresCBList.get(i).click(): null

2018-06-18 13:59:50 - [TEST_STEP][PASSED] - Statement - groupStoresList[i] = storesLabel.get(i).getText(): null

2018-06-18 13:59:50 - [TEST_STEP][PASSED] - Statement - StoresCBList.get(i).click(): null

2018-06-18 13:59:50 - [TEST_STEP][PASSED] - Statement - groupStoresList[i] = storesLabel.get(i).getText(): null

2018-06-18 13:59:50 - [TEST_STEP][PASSED] - Statement - StoresCBList.get(i).click(): null

2018-06-18 13:59:50 - [TEST_STEP][PASSED] - Statement - groupStoresList[i] = storesLabel.get(i).getText(): null

2018-06-18 13:59:50 - [TEST_STEP][PASSED] - Statement - StoresCBList.get(i).click(): null

2018-06-18 13:59:50 - [TEST_STEP][PASSED] - Statement - groupStoresList[i] = storesLabel.get(i).getText(): null

2018-06-18 13:59:50 - [TEST_STEP][PASSED] - Statement - StoresCBList.get(i).click(): null

2018-06-18 13:59:50 - [TEST_STEP][PASSED] - Statement - groupStoresList[i] = storesLabel.get(i).getText(): null

2018-06-18 13:59:50 - [TEST_STEP][PASSED] - Statement - StoresCBList.get(i).click(): null

2018-06-18 13:59:50 - [TEST_STEP][PASSED] - Statement - groupStoresList[i] = storesLabel.get(i).getText(): null

2018-06-18 13:59:50 - [TEST_STEP][PASSED] - Statement - StoresCBList.get(i).click(): null

2018-06-18 13:59:50 - [TEST_STEP][PASSED] - Statement - groupStoresList[i] = storesLabel.get(i).getText(): null

2018-06-18 13:59:50 - [TEST_STEP][PASSED] - Statement - StoresCBList.get(i).click(): null

2018-06-18 13:59:50 - [TEST_STEP][PASSED] - Statement - groupStoresList[i] = storesLabel.get(i).getText(): null

2018-06-18 13:59:50 - [TEST_STEP][PASSED] - Statement - StoresCBList.get(i).click(): null

2018-06-18 13:59:50 - [TEST_STEP][PASSED] - Statement - groupStoresList[i] = storesLabel.get(i).getText(): null

2018-06-18 13:59:51 - [TEST_STEP][PASSED] - Statement - StoresCBList.get(i).click(): null

2018-06-18 13:59:51 - [TEST_STEP][PASSED] - Statement - groupStoresList[i] = storesLabel.get(i).getText(): null

2018-06-18 13:59:51 - [TEST_STEP][PASSED] - Statement - StoresCBList.get(i).click(): null

2018-06-18 13:59:51 - [TEST_STEP][PASSED] - Statement - groupStoresList[i] = storesLabel.get(i).getText(): null

2018-06-18 13:59:51 - [TEST_STEP][PASSED] - Statement - StoresCBList.get(i).click(): null

2018-06-18 13:59:51 - [TEST_STEP][PASSED] - Statement - groupStoresList[i] = storesLabel.get(i).getText(): null

2018-06-18 13:59:51 - [TEST_STEP][PASSED] - Statement - StoresCBList.get(i).click(): null

2018-06-18 13:59:51 - [TEST_STEP][PASSED] - Statement - groupStoresList[i] = storesLabel.get(i).getText(): null

2018-06-18 13:59:51 - [TEST_STEP][PASSED] - Statement - StoresCBList.get(i).click(): null

2018-06-18 13:59:51 - [TEST_STEP][PASSED] - Statement - groupStoresList[i] = storesLabel.get(i).getText(): null

2018-06-18 13:59:51 - [TEST_STEP][PASSED] - Statement - StoresCBList.get(i).click(): null

2018-06-18 13:59:51 - [TEST_STEP][PASSED] - Statement - groupStoresList[i] = storesLabel.get(i).getText(): null

2018-06-18 13:59:51 - [TEST_STEP][PASSED] - Statement - StoresCBList.get(i).click(): null

2018-06-18 13:59:51 - [TEST_STEP][PASSED] - Statement - groupStoresList[i] = storesLabel.get(i).getText(): null

2018-06-18 13:59:51 - [TEST_STEP][PASSED] - Statement - StoresCBList.get(i).click(): null

2018-06-18 13:59:51 - [TEST_STEP][PASSED] - Statement - groupStoresList[i] = storesLabel.get(i).getText(): null

2018-06-18 13:59:51 - [TEST_STEP][PASSED] - Statement - StoresCBList.get(i).click(): null

2018-06-18 13:59:51 - [TEST_STEP][PASSED] - Statement - groupStoresList[i] = storesLabel.get(i).getText(): null

2018-06-18 13:59:51 - [TEST_STEP][PASSED] - Statement - StoresCBList.get(i).click(): null

2018-06-18 13:59:51 - [TEST_STEP][PASSED] - Statement - groupStoresList[i] = storesLabel.get(i).getText(): null

2018-06-18 13:59:51 - [TEST_STEP][PASSED] - Statement - StoresCBList.get(i).click(): null

2018-06-18 13:59:51 - [TEST_STEP][PASSED] - Statement - groupStoresList[i] = storesLabel.get(i).getText(): null

2018-06-18 13:59:51 - [TEST_STEP][PASSED] - Statement - StoresCBList.get(i).click(): null

2018-06-18 13:59:51 - [TEST_STEP][PASSED] - Statement - groupStoresList[i] = storesLabel.get(i).getText(): null

2018-06-18 13:59:51 - [TEST_STEP][PASSED] - Statement - StoresCBList.get(i).click(): null

2018-06-18 13:59:51 - [TEST_STEP][PASSED] - Statement - groupStoresList[i] = storesLabel.get(i).getText(): null

2018-06-18 13:59:51 - [TEST_STEP][PASSED] - Statement - StoresCBList.get(i).click(): null

2018-06-18 13:59:51 - [TEST_STEP][PASSED] - Statement - groupStoresList[i] = storesLabel.get(i).getText(): null

2018-06-18 13:59:51 - [TEST_STEP][PASSED] - Statement - StoresCBList.get(i).click(): null

2018-06-18 13:59:51 - [TEST_STEP][PASSED] - Statement - groupStoresList[i] = storesLabel.get(i).getText(): null

2018-06-18 13:59:52 - [TEST_STEP][PASSED] - Statement - StoresCBList.get(i).click(): null

2018-06-18 13:59:52 - [TEST_STEP][PASSED] - Statement - groupStoresList[i] = storesLabel.get(i).getText(): null

2018-06-18 13:59:52 - [TEST_STEP][PASSED] - Statement - StoresCBList.get(i).click(): null

2018-06-18 13:59:52 - [TEST_STEP][PASSED] - Statement - groupStoresList[i] = storesLabel.get(i).getText(): null

2018-06-18 13:59:52 - [TEST_STEP][PASSED] - Statement - StoresCBList.get(i).click(): null

2018-06-18 13:59:52 - [TEST_STEP][PASSED] - Statement - groupStoresList[i] = storesLabel.get(i).getText(): null

2018-06-18 13:59:52 - [TEST_STEP][PASSED] - Statement - StoresCBList.get(i).click(): null

2018-06-18 13:59:52 - [TEST_STEP][PASSED] - Statement - groupStoresList[i] = storesLabel.get(i).getText(): null

2018-06-18 13:59:52 - [TEST_STEP][PASSED] - Statement - StoresCBList.get(i).click(): null

2018-06-18 13:59:52 - [TEST_STEP][PASSED] - Statement - groupStoresList[i] = storesLabel.get(i).getText(): null

2018-06-18 13:59:52 - [TEST_STEP][PASSED] - Statement - StoresCBList.get(i).click(): null

2018-06-18 13:59:52 - [TEST_STEP][PASSED] - Statement - groupStoresList[i] = storesLabel.get(i).getText(): null

2018-06-18 13:59:52 - [TEST_STEP][PASSED] - Statement - StoresCBList.get(i).click(): null

2018-06-18 13:59:52 - [TEST_STEP][PASSED] - Statement - groupStoresList[i] = storesLabel.get(i).getText(): null

2018-06-18 13:59:52 - [TEST_STEP][PASSED] - Statement - StoresCBList.get(i).click(): null

2018-06-18 13:59:52 - [TEST_STEP][PASSED] - Statement - groupStoresList[i] = storesLabel.get(i).getText(): null

2018-06-18 13:59:52 - [TEST_STEP][PASSED] - Statement - StoresCBList.get(i).click(): null

2018-06-18 13:59:52 - [TEST_STEP][PASSED] - Statement - groupStoresList[i] = storesLabel.get(i).getText(): null

2018-06-18 13:59:52 - [TEST_STEP][PASSED] - Statement - StoresCBList.get(i).click(): null

2018-06-18 13:59:52 - [TEST_STEP][PASSED] - Statement - groupStoresList[i] = storesLabel.get(i).getText(): null

2018-06-18 13:59:52 - [TEST_STEP][PASSED] - Statement - StoresCBList.get(i).click(): null

2018-06-18 13:59:52 - [TEST_STEP][PASSED] - Statement - groupStoresList[i] = storesLabel.get(i).getText(): null

2018-06-18 13:59:52 - [TEST_STEP][PASSED] - Statement - StoresCBList.get(i).click(): null

2018-06-18 13:59:52 - [TEST_STEP][PASSED] - Statement - groupStoresList[i] = storesLabel.get(i).getText(): null

2018-06-18 13:59:52 - [TEST_STEP][PASSED] - Statement - StoresCBList.get(i).click(): null

2018-06-18 13:59:52 - [TEST_STEP][PASSED] - Statement - groupStoresList[i] = storesLabel.get(i).getText(): null

2018-06-18 13:59:52 - [TEST_STEP][PASSED] - Statement - StoresCBList.get(i).click(): null

2018-06-18 13:59:52 - [TEST_STEP][PASSED] - Statement - groupStoresList[i] = storesLabel.get(i).getText(): null

2018-06-18 13:59:52 - [TEST_STEP][PASSED] - Statement - StoresCBList.get(i).click(): null

2018-06-18 13:59:53 - [TEST_STEP][PASSED] - Statement - groupStoresList[i] = storesLabel.get(i).getText(): null

2018-06-18 13:59:53 - [TEST_STEP][PASSED] - Statement - StoresCBList.get(i).click(): null

2018-06-18 13:59:53 - [TEST_STEP][PASSED] - Statement - groupStoresList[i] = storesLabel.get(i).getText(): null

2018-06-18 13:59:53 - [TEST_STEP][PASSED] - Statement - StoresCBList.get(i).click(): null

2018-06-18 13:59:53 - [TEST_STEP][PASSED] - Statement - groupStoresList[i] = storesLabel.get(i).getText(): null

2018-06-18 13:59:53 - [TEST_STEP][PASSED] - Statement - StoresCBList.get(i).click(): null

2018-06-18 13:59:53 - [TEST_STEP][PASSED] - Statement - groupStoresList[i] = storesLabel.get(i).getText(): null

2018-06-18 13:59:53 - [TEST_STEP][PASSED] - Statement - StoresCBList.get(i).click(): null

2018-06-18 13:59:53 - [TEST_STEP][PASSED] - Statement - groupStoresList[i] = storesLabel.get(i).getText(): null

2018-06-18 13:59:53 - [TEST_STEP][PASSED] - Statement - StoresCBList.get(i).click(): null

2018-06-18 13:59:53 - [TEST_STEP][PASSED] - Statement - groupStoresList[i] = storesLabel.get(i).getText(): null

2018-06-18 13:59:53 - [TEST_STEP][PASSED] - Statement - StoresCBList.get(i).click(): null

2018-06-18 13:59:53 - [TEST_STEP][PASSED] - Statement - groupStoresList[i] = storesLabel.get(i).getText(): null

2018-06-18 13:59:53 - [TEST_STEP][PASSED] - Statement - StoresCBList.get(i).click(): null

2018-06-18 13:59:53 - [TEST_STEP][PASSED] - Statement - groupStoresList[i] = storesLabel.get(i).getText(): null

2018-06-18 13:59:53 - [TEST_STEP][PASSED] - Statement - StoresCBList.get(i).click(): null

2018-06-18 13:59:53 - [TEST_STEP][PASSED] - Statement - groupStoresList[i] = storesLabel.get(i).getText(): null

2018-06-18 13:59:53 - [TEST_STEP][PASSED] - Statement - StoresCBList.get(i).click(): null

2018-06-18 13:59:53 - [TEST_STEP][PASSED] - Statement - groupStoresList[i] = storesLabel.get(i).getText(): null

2018-06-18 13:59:53 - [TEST_STEP][PASSED] - Statement - StoresCBList.get(i).click(): null

2018-06-18 13:59:53 - [TEST_STEP][PASSED] - Statement - groupStoresList[i] = storesLabel.get(i).getText(): null

2018-06-18 13:59:53 - [TEST_STEP][PASSED] - Statement - StoresCBList.get(i).click(): null

2018-06-18 13:59:53 - [TEST_STEP][PASSED] - Statement - groupStoresList[i] = storesLabel.get(i).getText(): null

2018-06-18 13:59:53 - [TEST_STEP][PASSED] - Statement - StoresCBList.get(i).click(): null

2018-06-18 13:59:53 - [TEST_STEP][PASSED] - Statement - groupStoresList[i] = storesLabel.get(i).getText(): null

2018-06-18 13:59:53 - [TEST_STEP][PASSED] - Statement - StoresCBList.get(i).click(): null

2018-06-18 13:59:53 - [TEST_STEP][PASSED] - Statement - groupStoresList[i] = storesLabel.get(i).getText(): null

2018-06-18 13:59:53 - [TEST_STEP][PASSED] - Statement - StoresCBList.get(i).click(): null

2018-06-18 13:59:53 - [TEST_STEP][PASSED] - Statement - groupStoresList[i] = storesLabel.get(i).getText(): null

2018-06-18 13:59:53 - [TEST_STEP][PASSED] - Statement - StoresCBList.get(i).click(): null

2018-06-18 13:59:54 - [TEST_STEP][PASSED] - Statement - groupStoresList[i] = storesLabel.get(i).getText(): null

2018-06-18 13:59:54 - [TEST_STEP][PASSED] - Statement - StoresCBList.get(i).click(): null

2018-06-18 13:59:54 - [TEST_STEP][PASSED] - Statement - groupStoresList[i] = storesLabel.get(i).getText(): null

2018-06-18 13:59:54 - [TEST_STEP][PASSED] - Statement - StoresCBList.get(i).click(): null

2018-06-18 13:59:54 - [TEST_STEP][PASSED] - Statement - groupStoresList[i] = storesLabel.get(i).getText(): null

2018-06-18 13:59:54 - [TEST_STEP][PASSED] - Statement - StoresCBList.get(i).click(): null

2018-06-18 13:59:54 - [TEST_STEP][PASSED] - Statement - groupStoresList[i] = storesLabel.get(i).getText(): null

2018-06-18 13:59:54 - [TEST_STEP][PASSED] - Statement - StoresCBList.get(i).click(): null

2018-06-18 13:59:54 - [TEST_STEP][PASSED] - Statement - groupStoresList[i] = storesLabel.get(i).getText(): null

2018-06-18 13:59:54 - [TEST_STEP][PASSED] - Statement - StoresCBList.get(i).click(): null

2018-06-18 13:59:54 - [TEST_STEP][PASSED] - Statement - groupStoresList[i] = storesLabel.get(i).getText(): null

2018-06-18 13:59:54 - [TEST_STEP][PASSED] - Statement - StoresCBList.get(i).click(): null

2018-06-18 13:59:54 - [TEST_STEP][PASSED] - Statement - groupStoresList[i] = storesLabel.get(i).getText(): null

2018-06-18 13:59:54 - [TEST_STEP][PASSED] - Statement - StoresCBList.get(i).click(): null

2018-06-18 13:59:54 - [TEST_STEP][PASSED] - Statement - groupStoresList[i] = storesLabel.get(i).getText(): null

2018-06-18 13:59:54 - [TEST_STEP][PASSED] - Statement - StoresCBList.get(i).click(): null

2018-06-18 13:59:54 - [TEST_STEP][PASSED] - Statement - groupStoresList[i] = storesLabel.get(i).getText(): null

2018-06-18 13:59:54 - [TEST_STEP][PASSED] - Statement - StoresCBList.get(i).click(): null

2018-06-18 13:59:54 - [TEST_STEP][PASSED] - Statement - groupStoresList[i] = storesLabel.get(i).getText(): null

2018-06-18 13:59:54 - [TEST_STEP][PASSED] - Statement - StoresCBList.get(i).click(): null

2018-06-18 13:59:54 - [TEST_STEP][PASSED] - Statement - groupStoresList[i] = storesLabel.get(i).getText(): null

2018-06-18 13:59:54 - [TEST_STEP][PASSED] - Statement - StoresCBList.get(i).click(): null

2018-06-18 13:59:54 - [TEST_STEP][PASSED] - Statement - groupStoresList[i] = storesLabel.get(i).getText(): null

2018-06-18 13:59:54 - [TEST_STEP][PASSED] - Statement - StoresCBList.get(i).click(): null

2018-06-18 13:59:54 - [TEST_STEP][PASSED] - Statement - groupStoresList[i] = storesLabel.get(i).getText(): null

2018-06-18 13:59:54 - [TEST_STEP][PASSED] - Statement - StoresCBList.get(i).click(): null

2018-06-18 13:59:54 - [TEST_STEP][PASSED] - Statement - groupStoresList[i] = storesLabel.get(i).getText(): null

2018-06-18 13:59:54 - [TEST_STEP][PASSED] - Statement - StoresCBList.get(i).click(): null

2018-06-18 13:59:54 - [TEST_STEP][PASSED] - Statement - groupStoresList[i] = storesLabel.get(i).getText(): null

2018-06-18 13:59:54 - [TEST_STEP][PASSED] - Statement - StoresCBList.get(i).click(): null

2018-06-18 13:59:55 - [TEST_STEP][PASSED] - Statement - groupStoresList[i] = storesLabel.get(i).getText(): null

2018-06-18 13:59:55 - [TEST_STEP][PASSED] - Statement - StoresCBList.get(i).click(): null

2018-06-18 13:59:55 - [TEST_STEP][PASSED] - Statement - groupStoresList[i] = storesLabel.get(i).getText(): null

2018-06-18 13:59:55 - [TEST_STEP][PASSED] - Statement - StoresCBList.get(i).click(): null

2018-06-18 13:59:55 - [TEST_STEP][PASSED] - Statement - groupStoresList[i] = storesLabel.get(i).getText(): null

2018-06-18 13:59:55 - [TEST_STEP][PASSED] - Statement - StoresCBList.get(i).click(): null

2018-06-18 13:59:55 - [TEST_STEP][PASSED] - Statement - groupStoresList[i] = storesLabel.get(i).getText(): null

2018-06-18 13:59:55 - [TEST_STEP][PASSED] - Statement - StoresCBList.get(i).click(): null

2018-06-18 13:59:55 - [TEST_STEP][PASSED] - Statement - groupStoresList[i] = storesLabel.get(i).getText(): null

2018-06-18 13:59:55 - [TEST_STEP][PASSED] - Statement - StoresCBList.get(i).click(): null

2018-06-18 13:59:55 - [TEST_STEP][PASSED] - Statement - groupStoresList[i] = storesLabel.get(i).getText(): null

2018-06-18 13:59:55 - [TEST_STEP][PASSED] - Statement - StoresCBList.get(i).click(): null

2018-06-18 13:59:55 - [TEST_STEP][PASSED] - Statement - groupStoresList[i] = storesLabel.get(i).getText(): null

2018-06-18 13:59:55 - [TEST_STEP][PASSED] - Statement - StoresCBList.get(i).click(): null

2018-06-18 13:59:55 - [TEST_STEP][PASSED] - Statement - groupStoresList[i] = storesLabel.get(i).getText(): null

2018-06-18 13:59:55 - [TEST_STEP][PASSED] - Statement - StoresCBList.get(i).click(): null

2018-06-18 13:59:55 - [TEST_STEP][PASSED] - Statement - groupStoresList[i] = storesLabel.get(i).getText(): null

2018-06-18 13:59:55 - [TEST_STEP][PASSED] - Statement - StoresCBList.get(i).click(): null

2018-06-18 13:59:55 - [TEST_STEP][PASSED] - Statement - groupStoresList[i] = storesLabel.get(i).getText(): null

2018-06-18 13:59:55 - [TEST_STEP][PASSED] - Statement - StoresCBList.get(i).click(): null

2018-06-18 13:59:55 - [TEST_STEP][PASSED] - Statement - groupStoresList[i] = storesLabel.get(i).getText(): null

2018-06-18 13:59:55 - [TEST_STEP][PASSED] - Statement - StoresCBList.get(i).click(): null

2018-06-18 13:59:55 - [TEST_STEP][PASSED] - Statement - groupStoresList[i] = storesLabel.get(i).getText(): null

2018-06-18 13:59:55 - [TEST_STEP][PASSED] - Statement - StoresCBList.get(i).click(): null

2018-06-18 13:59:55 - [TEST_STEP][PASSED] - Statement - groupStoresList[i] = storesLabel.get(i).getText(): null

2018-06-18 13:59:55 - [TEST_STEP][PASSED] - Statement - StoresCBList.get(i).click(): null

2018-06-18 13:59:55 - [TEST_STEP][PASSED] - Statement - groupStoresList[i] = storesLabel.get(i).getText(): null

2018-06-18 13:59:55 - [TEST_STEP][PASSED] - Statement - StoresCBList.get(i).click(): null

2018-06-18 13:59:55 - [TEST_STEP][PASSED] - Statement - groupStoresList[i] = storesLabel.get(i).getText(): null

2018-06-18 13:59:56 - [TEST_STEP][PASSED] - Statement - StoresCBList.get(i).click(): null

2018-06-18 13:59:56 - [TEST_STEP][PASSED] - Statement - groupStoresList[i] = storesLabel.get(i).getText(): null

2018-06-18 13:59:56 - [TEST_STEP][PASSED] - Statement - StoresCBList.get(i).click(): null

2018-06-18 13:59:56 - [TEST_STEP][PASSED] - Statement - groupStoresList[i] = storesLabel.get(i).getText(): null

2018-06-18 13:59:56 - [TEST_STEP][PASSED] - Statement - StoresCBList.get(i).click(): null

2018-06-18 13:59:56 - [TEST_STEP][PASSED] - Statement - groupStoresList[i] = storesLabel.get(i).getText(): null

2018-06-18 13:59:56 - [TEST_STEP][PASSED] - Statement - StoresCBList.get(i).click(): null

2018-06-18 13:59:56 - [TEST_STEP][PASSED] - Statement - groupStoresList[i] = storesLabel.get(i).getText(): null

2018-06-18 13:59:56 - [TEST_STEP][PASSED] - Statement - StoresCBList.get(i).click(): null

2018-06-18 13:59:56 - [TEST_STEP][PASSED] - Statement - groupStoresList[i] = storesLabel.get(i).getText(): null

2018-06-18 13:59:56 - [TEST_STEP][PASSED] - Statement - StoresCBList.get(i).click(): null

2018-06-18 13:59:56 - [TEST_STEP][PASSED] - Statement - groupStoresList[i] = storesLabel.get(i).getText(): null

2018-06-18 13:59:56 - [TEST_STEP][PASSED] - Statement - StoresCBList.get(i).click(): null

2018-06-18 13:59:56 - [TEST_STEP][PASSED] - Statement - groupStoresList[i] = storesLabel.get(i).getText(): null

2018-06-18 13:59:56 - [TEST_STEP][PASSED] - Statement - StoresCBList.get(i).click(): null

2018-06-18 13:59:56 - [TEST_STEP][PASSED] - Statement - groupStoresList[i] = storesLabel.get(i).getText(): null

2018-06-18 13:59:56 - [TEST_STEP][PASSED] - Statement - StoresCBList.get(i).click(): null

2018-06-18 13:59:56 - [TEST_STEP][PASSED] - Statement - groupStoresList[i] = storesLabel.get(i).getText(): null

2018-06-18 13:59:56 - [TEST_STEP][PASSED] - Statement - StoresCBList.get(i).click(): null

2018-06-18 13:59:56 - [TEST_STEP][PASSED] - Statement - groupStoresList[i] = storesLabel.get(i).getText(): null

2018-06-18 13:59:56 - [TEST_STEP][PASSED] - Statement - StoresCBList.get(i).click(): null

2018-06-18 13:59:56 - [TEST_STEP][PASSED] - Statement - groupStoresList[i] = storesLabel.get(i).getText(): null

2018-06-18 13:59:56 - [TEST_STEP][PASSED] - Statement - StoresCBList.get(i).click(): null

2018-06-18 13:59:56 - [TEST_STEP][PASSED] - Statement - groupStoresList[i] = storesLabel.get(i).getText(): null

2018-06-18 13:59:56 - [TEST_STEP][PASSED] - Statement - StoresCBList.get(i).click(): null

2018-06-18 13:59:56 - [TEST_STEP][PASSED] - Statement - groupStoresList[i] = storesLabel.get(i).getText(): null

2018-06-18 13:59:56 - [TEST_STEP][PASSED] - Statement - StoresCBList.get(i).click(): null

2018-06-18 13:59:56 - [TEST_STEP][PASSED] - Statement - groupStoresList[i] = storesLabel.get(i).getText(): null

2018-06-18 13:59:56 - [TEST_STEP][PASSED] - Statement - StoresCBList.get(i).click(): null

2018-06-18 13:59:56 - [TEST_STEP][PASSED] - Statement - groupStoresList[i] = storesLabel.get(i).getText(): null

2018-06-18 13:59:57 - [TEST_STEP][PASSED] - Statement - StoresCBList.get(i).click(): null

2018-06-18 13:59:57 - [TEST_STEP][PASSED] - Statement - groupStoresList[i] = storesLabel.get(i).getText(): null

2018-06-18 13:59:57 - [TEST_STEP][PASSED] - Statement - StoresCBList.get(i).click(): null

2018-06-18 13:59:57 - [TEST_STEP][PASSED] - Statement - groupStoresList[i] = storesLabel.get(i).getText(): null

2018-06-18 13:59:57 - [TEST_STEP][PASSED] - Statement - StoresCBList.get(i).click(): null

2018-06-18 13:59:57 - [TEST_STEP][PASSED] - Statement - groupStoresList[i] = storesLabel.get(i).getText(): null

2018-06-18 13:59:57 - [TEST_STEP][PASSED] - Statement - StoresCBList.get(i).click(): null

2018-06-18 13:59:57 - [TEST_STEP][PASSED] - Statement - groupStoresList[i] = storesLabel.get(i).getText(): null

2018-06-18 13:59:57 - [TEST_STEP][PASSED] - Statement - StoresCBList.get(i).click(): null

2018-06-18 13:59:57 - [TEST_STEP][PASSED] - Statement - groupStoresList[i] = storesLabel.get(i).getText(): null

2018-06-18 13:59:57 - [TEST_STEP][PASSED] - Statement - StoresCBList.get(i).click(): null

2018-06-18 13:59:57 - [TEST_STEP][PASSED] - Statement - groupStoresList[i] = storesLabel.get(i).getText(): null

2018-06-18 13:59:57 - [TEST_STEP][PASSED] - Statement - StoresCBList.get(i).click(): null

2018-06-18 13:59:57 - [TEST_STEP][PASSED] - Statement - groupStoresList[i] = storesLabel.get(i).getText(): null

2018-06-18 13:59:57 - [TEST_STEP][PASSED] - Statement - StoresCBList.get(i).click(): null

2018-06-18 13:59:57 - [TEST_STEP][PASSED] - Statement - groupStoresList[i] = storesLabel.get(i).getText(): null

2018-06-18 13:59:57 - [TEST_STEP][PASSED] - Statement - StoresCBList.get(i).click(): null

2018-06-18 13:59:57 - [TEST_STEP][PASSED] - Statement - groupStoresList[i] = storesLabel.get(i).getText(): null

2018-06-18 13:59:57 - [TEST_STEP][PASSED] - Statement - StoresCBList.get(i).click(): null

2018-06-18 13:59:57 - [TEST_STEP][PASSED] - Statement - groupStoresList[i] = storesLabel.get(i).getText(): null

2018-06-18 13:59:57 - [TEST_STEP][PASSED] - Statement - StoresCBList.get(i).click(): null

2018-06-18 13:59:57 - [TEST_STEP][PASSED] - Statement - groupStoresList[i] = storesLabel.get(i).getText(): null

2018-06-18 13:59:57 - [TEST_STEP][PASSED] - Statement - StoresCBList.get(i).click(): null

2018-06-18 13:59:57 - [TEST_STEP][PASSED] - Statement - groupStoresList[i] = storesLabel.get(i).getText(): null

2018-06-18 13:59:57 - [TEST_STEP][PASSED] - Statement - StoresCBList.get(i).click(): null

2018-06-18 13:59:57 - [TEST_STEP][PASSED] - Statement - groupStoresList[i] = storesLabel.get(i).getText(): null

2018-06-18 13:59:57 - [TEST_STEP][PASSED] - Statement - StoresCBList.get(i).click(): null

2018-06-18 13:59:57 - [TEST_STEP][PASSED] - Statement - groupStoresList[i] = storesLabel.get(i).getText(): null

2018-06-18 13:59:57 - [TEST_STEP][PASSED] - Statement - StoresCBList.get(i).click(): null

2018-06-18 13:59:57 - [TEST_STEP][PASSED] - Statement - groupStoresList[i] = storesLabel.get(i).getText(): null

2018-06-18 13:59:58 - [TEST_STEP][PASSED] - Statement - StoresCBList.get(i).click(): null

2018-06-18 13:59:58 - [TEST_STEP][PASSED] - Statement - groupStoresList[i] = storesLabel.get(i).getText(): null

2018-06-18 13:59:58 - [TEST_STEP][PASSED] - Statement - StoresCBList.get(i).click(): null

2018-06-18 13:59:58 - [TEST_STEP][PASSED] - Statement - groupStoresList[i] = storesLabel.get(i).getText(): null

2018-06-18 13:59:58 - [TEST_STEP][PASSED] - Statement - StoresCBList.get(i).click(): null

2018-06-18 13:59:58 - [TEST_STEP][PASSED] - Statement - groupStoresList[i] = storesLabel.get(i).getText(): null

2018-06-18 13:59:58 - [TEST_STEP][PASSED] - Statement - StoresCBList.get(i).click(): null

2018-06-18 13:59:58 - [TEST_STEP][PASSED] - Statement - groupStoresList[i] = storesLabel.get(i).getText(): null

2018-06-18 13:59:58 - [TEST_STEP][PASSED] - Statement - StoresCBList.get(i).click(): null

2018-06-18 13:59:58 - [TEST_STEP][PASSED] - Statement - groupStoresList[i] = storesLabel.get(i).getText(): null

2018-06-18 13:59:58 - [TEST_STEP][PASSED] - Statement - StoresCBList.get(i).click(): null

2018-06-18 13:59:58 - [TEST_STEP][PASSED] - Statement - groupStoresList[i] = storesLabel.get(i).getText(): null

2018-06-18 13:59:58 - [TEST_STEP][PASSED] - Statement - StoresCBList.get(i).click(): null

2018-06-18 13:59:58 - [TEST_STEP][PASSED] - Statement - groupStoresList[i] = storesLabel.get(i).getText(): null

2018-06-18 13:59:58 - [TEST_STEP][PASSED] - Statement - StoresCBList.get(i).click(): null

2018-06-18 13:59:58 - [TEST_STEP][PASSED] - Statement - groupStoresList[i] = storesLabel.get(i).getText(): null

2018-06-18 13:59:58 - [TEST_STEP][PASSED] - Statement - StoresCBList.get(i).click(): null

2018-06-18 13:59:58 - [TEST_STEP][PASSED] - Statement - groupStoresList[i] = storesLabel.get(i).getText(): null

2018-06-18 13:59:58 - [TEST_STEP][PASSED] - Statement - StoresCBList.get(i).click(): null

2018-06-18 13:59:58 - [TEST_STEP][PASSED] - Statement - groupStoresList[i] = storesLabel.get(i).getText(): null

2018-06-18 13:59:58 - [TEST_STEP][PASSED] - Statement - StoresCBList.get(i).click(): null

2018-06-18 13:59:58 - [TEST_STEP][PASSED] - Statement - groupStoresList[i] = storesLabel.get(i).getText(): null

2018-06-18 13:59:58 - [TEST_STEP][PASSED] - Statement - StoresCBList.get(i).click(): null

2018-06-18 13:59:58 - [TEST_STEP][PASSED] - Statement - groupStoresList[i] = storesLabel.get(i).getText(): null

2018-06-18 13:59:58 - [TEST_STEP][PASSED] - Statement - StoresCBList.get(i).click(): null

2018-06-18 13:59:58 - [TEST_STEP][PASSED] - Statement - groupStoresList[i] = storesLabel.get(i).getText(): null

2018-06-18 13:59:58 - [TEST_STEP][PASSED] - Statement - StoresCBList.get(i).click(): null

2018-06-18 13:59:58 - [TEST_STEP][PASSED] - Statement - groupStoresList[i] = storesLabel.get(i).getText(): null

2018-06-18 13:59:58 - [TEST_STEP][PASSED] - Statement - StoresCBList.get(i).click(): null

2018-06-18 13:59:59 - [TEST_STEP][PASSED] - Statement - groupStoresList[i] = storesLabel.get(i).getText(): null

2018-06-18 13:59:59 - [TEST_STEP][PASSED] - Statement - StoresCBList.get(i).click(): null

2018-06-18 13:59:59 - [TEST_STEP][PASSED] - Statement - groupStoresList[i] = storesLabel.get(i).getText(): null

2018-06-18 13:59:59 - [TEST_STEP][PASSED] - Statement - StoresCBList.get(i).click(): null

2018-06-18 13:59:59 - [TEST_STEP][PASSED] - Statement - groupStoresList[i] = storesLabel.get(i).getText(): null

2018-06-18 13:59:59 - [TEST_STEP][PASSED] - Statement - StoresCBList.get(i).click(): null

2018-06-18 13:59:59 - [TEST_STEP][PASSED] - Statement - groupStoresList[i] = storesLabel.get(i).getText(): null

2018-06-18 13:59:59 - [TEST_STEP][PASSED] - Statement - StoresCBList.get(i).click(): null

2018-06-18 13:59:59 - [TEST_STEP][PASSED] - Statement - groupStoresList[i] = storesLabel.get(i).getText(): null

2018-06-18 13:59:59 - [TEST_STEP][PASSED] - Statement - StoresCBList.get(i).click(): null

2018-06-18 13:59:59 - [TEST_STEP][PASSED] - Statement - groupStoresList[i] = storesLabel.get(i).getText(): null

2018-06-18 13:59:59 - [TEST_STEP][PASSED] - Statement - StoresCBList.get(i).click(): null

2018-06-18 13:59:59 - [TEST_STEP][PASSED] - Statement - groupStoresList[i] = storesLabel.get(i).getText(): null

2018-06-18 13:59:59 - [TEST_STEP][PASSED] - Statement - StoresCBList.get(i).click(): null

2018-06-18 13:59:59 - [TEST_STEP][PASSED] - Statement - groupStoresList[i] = storesLabel.get(i).getText(): null

2018-06-18 13:59:59 - [TEST_STEP][PASSED] - Statement - StoresCBList.get(i).click(): null

2018-06-18 13:59:59 - [TEST_STEP][PASSED] - Statement - groupStoresList[i] = storesLabel.get(i).getText(): null

2018-06-18 13:59:59 - [TEST_STEP][PASSED] - Statement - StoresCBList.get(i).click(): null

2018-06-18 13:59:59 - [TEST_STEP][PASSED] - Statement - groupStoresList[i] = storesLabel.get(i).getText(): null

2018-06-18 13:59:59 - [TEST_STEP][PASSED] - Statement - StoresCBList.get(i).click(): null

2018-06-18 13:59:59 - [TEST_STEP][PASSED] - Statement - groupStoresList[i] = storesLabel.get(i).getText(): null

2018-06-18 13:59:59 - [TEST_STEP][PASSED] - Statement - StoresCBList.get(i).click(): null

2018-06-18 13:59:59 - [TEST_STEP][PASSED] - Statement - groupStoresList[i] = storesLabel.get(i).getText(): null

2018-06-18 13:59:59 - [TEST_STEP][PASSED] - Statement - StoresCBList.get(i).click(): null

2018-06-18 13:59:59 - [TEST_STEP][PASSED] - Statement - groupStoresList[i] = storesLabel.get(i).getText(): null

2018-06-18 13:59:59 - [TEST_STEP][PASSED] - Statement - StoresCBList.get(i).click(): null

2018-06-18 13:59:59 - [TEST_STEP][PASSED] - Statement - groupStoresList[i] = storesLabel.get(i).getText(): null

2018-06-18 13:59:59 - [TEST_STEP][PASSED] - Statement - StoresCBList.get(i).click(): null

2018-06-18 13:59:59 - [TEST_STEP][PASSED] - Statement - groupStoresList[i] = storesLabel.get(i).getText(): null

2018-06-18 13:59:59 - [TEST_STEP][PASSED] - Statement - StoresCBList.get(i).click(): null

2018-06-18 14:00:00 - [TEST_STEP][PASSED] - Statement - groupStoresList[i] = storesLabel.get(i).getText(): null

2018-06-18 14:00:00 - [TEST_STEP][PASSED] - Statement - StoresCBList.get(i).click(): null

2018-06-18 14:00:00 - [TEST_STEP][PASSED] - Statement - groupStoresList[i] = storesLabel.get(i).getText(): null

2018-06-18 14:00:00 - [TEST_STEP][PASSED] - Statement - StoresCBList.get(i).click(): null

2018-06-18 14:00:00 - [TEST_STEP][PASSED] - Statement - groupStoresList[i] = storesLabel.get(i).getText(): null

2018-06-18 14:00:00 - [TEST_STEP][PASSED] - Statement - StoresCBList.get(i).click(): null

2018-06-18 14:00:00 - [TEST_STEP][PASSED] - Statement - groupStoresList[i] = storesLabel.get(i).getText(): null

2018-06-18 14:00:00 - [TEST_STEP][PASSED] - Statement - StoresCBList.get(i).click(): null

2018-06-18 14:00:00 - [TEST_STEP][PASSED] - Statement - groupStoresList[i] = storesLabel.get(i).getText(): null

2018-06-18 14:00:00 - [TEST_STEP][PASSED] - Statement - StoresCBList.get(i).click(): null

2018-06-18 14:00:00 - [TEST_STEP][PASSED] - Statement - groupStoresList[i] = storesLabel.get(i).getText(): null

2018-06-18 14:00:00 - [TEST_STEP][PASSED] - Statement - StoresCBList.get(i).click(): null

2018-06-18 14:00:00 - [TEST_STEP][PASSED] - Statement - groupStoresList[i] = storesLabel.get(i).getText(): null

2018-06-18 14:00:00 - [TEST_STEP][PASSED] - Statement - StoresCBList.get(i).click(): null

2018-06-18 14:00:00 - [TEST_STEP][PASSED] - Statement - groupStoresList[i] = storesLabel.get(i).getText(): null

2018-06-18 14:00:00 - [TEST_STEP][PASSED] - Statement - StoresCBList.get(i).click(): null

2018-06-18 14:00:00 - [TEST_STEP][PASSED] - Statement - groupStoresList[i] = storesLabel.get(i).getText(): null

2018-06-18 14:00:00 - [TEST_STEP][PASSED] - Statement - StoresCBList.get(i).click(): null

2018-06-18 14:00:00 - [TEST_STEP][PASSED] - Statement - groupStoresList[i] = storesLabel.get(i).getText(): null

2018-06-18 14:00:00 - [TEST_STEP][PASSED] - Statement - StoresCBList.get(i).click(): null

2018-06-18 14:00:00 - [TEST_STEP][PASSED] - Statement - groupStoresList[i] = storesLabel.get(i).getText(): null

2018-06-18 14:00:00 - [TEST_STEP][PASSED] - Statement - StoresCBList.get(i).click(): null

2018-06-18 14:00:00 - [TEST_STEP][PASSED] - Statement - out.println(groupStoresList): null

2018-06-18 14:00:00 - [TEST_STEP][PASSED] - delay: Delayed 10 second(s)

2018-06-18 14:00:10 - [MESSAGE][PASSED] - Delayed 10 second(s)

2018-06-18 14:00:10 - [TEST_STEP][PASSED] - uiaction.CommonUIActions.click: uiaction.CommonUIActions.click is PASSED

2018-06-18 14:00:10 - [MESSAGE][PASSED] - uiaction.CommonUIActions.click is PASSED

2018-06-18 14:00:10 - [TEST_STEP][PASSED] - delay: Delayed 10 second(s)

2018-06-18 14:00:20 - [MESSAGE][PASSED] - Delayed 10 second(s)

2018-06-18 14:00:20 - [TEST_STEP][PASSED] - Statement - secondStoreListBox1 = driver.findElements(org.openqa.selenium.By.xpath(com.kms.katalon.core.testdata.TestDataFactory.findTestData(OR_file).getValue(2, 11))): Reading excel file with source file 'C:\Users\shalinin\Katalon Studio\HME_Scripts\Data Files\HME_OR.xlsx' and sheet name 'Sheet1'

2018-06-18 14:00:20 - [TEST_STEP][PASSED] - Statement - actualList1 = new java.util.ArrayList(): null

2018-06-18 14:00:20 - [TEST_STEP][PASSED] - Statement - For ([i = 0, i < secondStoreListBox1.size(), (i++)]): null

2018-06-18 14:00:20 - [TEST_STEP][PASSED] - Statement - actualList1.add(i, secondStoreListBox1.get(i).getText()): null

2018-06-18 14:00:20 - [TEST_STEP][PASSED] - Statement - actualList1.add(i, secondStoreListBox1.get(i).getText()): null

2018-06-18 14:00:20 - [TEST_STEP][PASSED] - Statement - actualList1.add(i, secondStoreListBox1.get(i).getText()): null

2018-06-18 14:00:20 - [TEST_STEP][PASSED] - Statement - actualList1.add(i, secondStoreListBox1.get(i).getText()): null

2018-06-18 14:00:20 - [TEST_STEP][PASSED] - Statement - actualList1.add(i, secondStoreListBox1.get(i).getText()): null

2018-06-18 14:00:20 - [TEST_STEP][PASSED] - Statement - actualList1.add(i, secondStoreListBox1.get(i).getText()): null

2018-06-18 14:00:21 - [TEST_STEP][PASSED] - Statement - actualList1.add(i, secondStoreListBox1.get(i).getText()): null

2018-06-18 14:00:21 - [TEST_STEP][PASSED] - Statement - actualList1.add(i, secondStoreListBox1.get(i).getText()): null

2018-06-18 14:00:21 - [TEST_STEP][PASSED] - Statement - actualList1.add(i, secondStoreListBox1.get(i).getText()): null

2018-06-18 14:00:21 - [TEST_STEP][PASSED] - Statement - actualList1.add(i, secondStoreListBox1.get(i).getText()): null

2018-06-18 14:00:21 - [TEST_STEP][PASSED] - Statement - actualList1.add(i, secondStoreListBox1.get(i).getText()): null

2018-06-18 14:00:21 - [TEST_STEP][PASSED] - Statement - actualList1.add(i, secondStoreListBox1.get(i).getText()): null

2018-06-18 14:00:21 - [TEST_STEP][PASSED] - Statement - actualList1.add(i, secondStoreListBox1.get(i).getText()): null

2018-06-18 14:00:21 - [TEST_STEP][PASSED] - Statement - actualList1.add(i, secondStoreListBox1.get(i).getText()): null

2018-06-18 14:00:21 - [TEST_STEP][PASSED] - Statement - actualList1.add(i, secondStoreListBox1.get(i).getText()): null

2018-06-18 14:00:21 - [TEST_STEP][PASSED] - Statement - actualList1.add(i, secondStoreListBox1.get(i).getText()): null

2018-06-18 14:00:21 - [TEST_STEP][PASSED] - Statement - actualList1.add(i, secondStoreListBox1.get(i).getText()): null

2018-06-18 14:00:21 - [TEST_STEP][PASSED] - Statement - actualList1.add(i, secondStoreListBox1.get(i).getText()): null

2018-06-18 14:00:21 - [TEST_STEP][PASSED] - Statement - actualList1.add(i, secondStoreListBox1.get(i).getText()): null

2018-06-18 14:00:21 - [TEST_STEP][PASSED] - Statement - actualList1.add(i, secondStoreListBox1.get(i).getText()): null

2018-06-18 14:00:21 - [TEST_STEP][PASSED] - Statement - actualList1.add(i, secondStoreListBox1.get(i).getText()): null

2018-06-18 14:00:21 - [TEST_STEP][PASSED] - Statement - actualList1.add(i, secondStoreListBox1.get(i).getText()): null

2018-06-18 14:00:21 - [TEST_STEP][PASSED] - Statement - actualList1.add(i, secondStoreListBox1.get(i).getText()): null

2018-06-18 14:00:21 - [TEST_STEP][PASSED] - Statement - actualList1.add(i, secondStoreListBox1.get(i).getText()): null

2018-06-18 14:00:21 - [TEST_STEP][PASSED] - Statement - actualList1.add(i, secondStoreListBox1.get(i).getText()): null

2018-06-18 14:00:21 - [TEST_STEP][PASSED] - Statement - actualList1.add(i, secondStoreListBox1.get(i).getText()): null

2018-06-18 14:00:21 - [TEST_STEP][PASSED] - Statement - actualList1.add(i, secondStoreListBox1.get(i).getText()): null

2018-06-18 14:00:21 - [TEST_STEP][PASSED] - Statement - actualList1.add(i, secondStoreListBox1.get(i).getText()): null

2018-06-18 14:00:21 - [TEST_STEP][PASSED] - Statement - actualList1.add(i, secondStoreListBox1.get(i).getText()): null

2018-06-18 14:00:21 - [TEST_STEP][PASSED] - Statement - actualList1.add(i, secondStoreListBox1.get(i).getText()): null

2018-06-18 14:00:21 - [TEST_STEP][PASSED] - Statement - actualList1.add(i, secondStoreListBox1.get(i).getText()): null

2018-06-18 14:00:21 - [TEST_STEP][PASSED] - Statement - actualList1.add(i, secondStoreListBox1.get(i).getText()): null

2018-06-18 14:00:21 - [TEST_STEP][PASSED] - Statement - actualList1.add(i, secondStoreListBox1.get(i).getText()): null

2018-06-18 14:00:21 - [TEST_STEP][PASSED] - Statement - actualList1.add(i, secondStoreListBox1.get(i).getText()): null

2018-06-18 14:00:21 - [TEST_STEP][PASSED] - Statement - actualList1.add(i, secondStoreListBox1.get(i).getText()): null

2018-06-18 14:00:21 - [TEST_STEP][PASSED] - Statement - actualList1.add(i, secondStoreListBox1.get(i).getText()): null

2018-06-18 14:00:21 - [TEST_STEP][PASSED] - Statement - actualList1.add(i, secondStoreListBox1.get(i).getText()): null

2018-06-18 14:00:21 - [TEST_STEP][PASSED] - Statement - actualList1.add(i, secondStoreListBox1.get(i).getText()): null

2018-06-18 14:00:21 - [TEST_STEP][PASSED] - Statement - actualList1.add(i, secondStoreListBox1.get(i).getText()): null

2018-06-18 14:00:21 - [TEST_STEP][PASSED] - Statement - actualList1.add(i, secondStoreListBox1.get(i).getText()): null

2018-06-18 14:00:21 - [TEST_STEP][PASSED] - Statement - actualList1.add(i, secondStoreListBox1.get(i).getText()): null

2018-06-18 14:00:21 - [TEST_STEP][PASSED] - Statement - actualList1.add(i, secondStoreListBox1.get(i).getText()): null

2018-06-18 14:00:21 - [TEST_STEP][PASSED] - Statement - actualList1.add(i, secondStoreListBox1.get(i).getText()): null

2018-06-18 14:00:21 - [TEST_STEP][PASSED] - Statement - actualList1.add(i, secondStoreListBox1.get(i).getText()): null

2018-06-18 14:00:21 - [TEST_STEP][PASSED] - Statement - actualList1.add(i, secondStoreListBox1.get(i).getText()): null

2018-06-18 14:00:21 - [TEST_STEP][PASSED] - Statement - actualList1.add(i, secondStoreListBox1.get(i).getText()): null

2018-06-18 14:00:21 - [TEST_STEP][PASSED] - Statement - actualList1.add(i, secondStoreListBox1.get(i).getText()): null

2018-06-18 14:00:21 - [TEST_STEP][PASSED] - Statement - actualList1.add(i, secondStoreListBox1.get(i).getText()): null

2018-06-18 14:00:21 - [TEST_STEP][PASSED] - Statement - actualList1.add(i, secondStoreListBox1.get(i).getText()): null

2018-06-18 14:00:21 - [TEST_STEP][PASSED] - Statement - actualList1.add(i, secondStoreListBox1.get(i).getText()): null

2018-06-18 14:00:21 - [TEST_STEP][PASSED] - Statement - actualList1.add(i, secondStoreListBox1.get(i).getText()): null

2018-06-18 14:00:21 - [TEST_STEP][PASSED] - Statement - actualList1.add(i, secondStoreListBox1.get(i).getText()): null

2018-06-18 14:00:21 - [TEST_STEP][PASSED] - Statement - actualList1.add(i, secondStoreListBox1.get(i).getText()): null

2018-06-18 14:00:21 - [TEST_STEP][PASSED] - Statement - actualList1.add(i, secondStoreListBox1.get(i).getText()): null

2018-06-18 14:00:21 - [TEST_STEP][PASSED] - Statement - actualList1.add(i, secondStoreListBox1.get(i).getText()): null

2018-06-18 14:00:21 - [TEST_STEP][PASSED] - Statement - actualList1.add(i, secondStoreListBox1.get(i).getText()): null

2018-06-18 14:00:21 - [TEST_STEP][PASSED] - Statement - actualList1.add(i, secondStoreListBox1.get(i).getText()): null

2018-06-18 14:00:21 - [TEST_STEP][PASSED] - Statement - actualList1.add(i, secondStoreListBox1.get(i).getText()): null

2018-06-18 14:00:21 - [TEST_STEP][PASSED] - Statement - actualList1.add(i, secondStoreListBox1.get(i).getText()): null

2018-06-18 14:00:21 - [TEST_STEP][PASSED] - Statement - actualList1.add(i, secondStoreListBox1.get(i).getText()): null

2018-06-18 14:00:21 - [TEST_STEP][PASSED] - Statement - actualList1.add(i, secondStoreListBox1.get(i).getText()): null

2018-06-18 14:00:21 - [TEST_STEP][PASSED] - Statement - actualList1.add(i, secondStoreListBox1.get(i).getText()): null

2018-06-18 14:00:21 - [TEST_STEP][PASSED] - Statement - actualList1.add(i, secondStoreListBox1.get(i).getText()): null

2018-06-18 14:00:21 - [TEST_STEP][PASSED] - Statement - actualList1.add(i, secondStoreListBox1.get(i).getText()): null

2018-06-18 14:00:21 - [TEST_STEP][PASSED] - Statement - actualList1.add(i, secondStoreListBox1.get(i).getText()): null

2018-06-18 14:00:21 - [TEST_STEP][PASSED] - Statement - actualList1.add(i, secondStoreListBox1.get(i).getText()): null

2018-06-18 14:00:21 - [TEST_STEP][PASSED] - Statement - actualList1.add(i, secondStoreListBox1.get(i).getText()): null

2018-06-18 14:00:22 - [TEST_STEP][PASSED] - Statement - actualList1.add(i, secondStoreListBox1.get(i).getText()): null

2018-06-18 14:00:22 - [TEST_STEP][PASSED] - Statement - actualList1.add(i, secondStoreListBox1.get(i).getText()): null

2018-06-18 14:00:22 - [TEST_STEP][PASSED] - Statement - actualList1.add(i, secondStoreListBox1.get(i).getText()): null

2018-06-18 14:00:22 - [TEST_STEP][PASSED] - Statement - actualList1.add(i, secondStoreListBox1.get(i).getText()): null

2018-06-18 14:00:22 - [TEST_STEP][PASSED] - Statement - actualList1.add(i, secondStoreListBox1.get(i).getText()): null

2018-06-18 14:00:22 - [TEST_STEP][PASSED] - Statement - actualList1.add(i, secondStoreListBox1.get(i).getText()): null

2018-06-18 14:00:22 - [TEST_STEP][PASSED] - Statement - actualList1.add(i, secondStoreListBox1.get(i).getText()): null

2018-06-18 14:00:22 - [TEST_STEP][PASSED] - Statement - actualList1.add(i, secondStoreListBox1.get(i).getText()): null

2018-06-18 14:00:22 - [TEST_STEP][PASSED] - Statement - actualList1.add(i, secondStoreListBox1.get(i).getText()): null

2018-06-18 14:00:22 - [TEST_STEP][PASSED] - Statement - actualList1.add(i, secondStoreListBox1.get(i).getText()): null

2018-06-18 14:00:22 - [TEST_STEP][PASSED] - Statement - actualList1.add(i, secondStoreListBox1.get(i).getText()): null

2018-06-18 14:00:22 - [TEST_STEP][PASSED] - Statement - actualList1.add(i, secondStoreListBox1.get(i).getText()): null

2018-06-18 14:00:22 - [TEST_STEP][PASSED] - Statement - actualList1.add(i, secondStoreListBox1.get(i).getText()): null

2018-06-18 14:00:22 - [TEST_STEP][PASSED] - Statement - actualList1.add(i, secondStoreListBox1.get(i).getText()): null

2018-06-18 14:00:22 - [TEST_STEP][PASSED] - Statement - actualList1.add(i, secondStoreListBox1.get(i).getText()): null

2018-06-18 14:00:22 - [TEST_STEP][PASSED] - Statement - actualList1.add(i, secondStoreListBox1.get(i).getText()): null

2018-06-18 14:00:22 - [TEST_STEP][PASSED] - Statement - actualList1.add(i, secondStoreListBox1.get(i).getText()): null

2018-06-18 14:00:22 - [TEST_STEP][PASSED] - Statement - actualList1.add(i, secondStoreListBox1.get(i).getText()): null

2018-06-18 14:00:22 - [TEST_STEP][PASSED] - Statement - actualList1.add(i, secondStoreListBox1.get(i).getText()): null

2018-06-18 14:00:22 - [TEST_STEP][PASSED] - Statement - actualList1.add(i, secondStoreListBox1.get(i).getText()): null

2018-06-18 14:00:22 - [TEST_STEP][PASSED] - Statement - actualList1.add(i, secondStoreListBox1.get(i).getText()): null

2018-06-18 14:00:22 - [TEST_STEP][PASSED] - Statement - actualList1.add(i, secondStoreListBox1.get(i).getText()): null

2018-06-18 14:00:22 - [TEST_STEP][PASSED] - Statement - actualList1.add(i, secondStoreListBox1.get(i).getText()): null

2018-06-18 14:00:22 - [TEST_STEP][PASSED] - Statement - actualList1.add(i, secondStoreListBox1.get(i).getText()): null

2018-06-18 14:00:22 - [TEST_STEP][PASSED] - Statement - actualList1.add(i, secondStoreListBox1.get(i).getText()): null

2018-06-18 14:00:22 - [TEST_STEP][PASSED] - Statement - actualList1.add(i, secondStoreListBox1.get(i).getText()): null

2018-06-18 14:00:22 - [TEST_STEP][PASSED] - Statement - actualList1.add(i, secondStoreListBox1.get(i).getText()): null

2018-06-18 14:00:22 - [TEST_STEP][PASSED] - Statement - actualList1.add(i, secondStoreListBox1.get(i).getText()): null

2018-06-18 14:00:22 - [TEST_STEP][PASSED] - Statement - actualList1.add(i, secondStoreListBox1.get(i).getText()): null

2018-06-18 14:00:22 - [TEST_STEP][PASSED] - Statement - actualList1.add(i, secondStoreListBox1.get(i).getText()): null

2018-06-18 14:00:22 - [TEST_STEP][PASSED] - Statement - actualList1.add(i, secondStoreListBox1.get(i).getText()): null

2018-06-18 14:00:22 - [TEST_STEP][PASSED] - Statement - actualList1.add(i, secondStoreListBox1.get(i).getText()): null

2018-06-18 14:00:22 - [TEST_STEP][PASSED] - Statement - actualList1.add(i, secondStoreListBox1.get(i).getText()): null

2018-06-18 14:00:22 - [TEST_STEP][PASSED] - Statement - actualList1.add(i, secondStoreListBox1.get(i).getText()): null

2018-06-18 14:00:22 - [TEST_STEP][PASSED] - Statement - actualList1.add(i, secondStoreListBox1.get(i).getText()): null

2018-06-18 14:00:22 - [TEST_STEP][PASSED] - Statement - actualList1.add(i, secondStoreListBox1.get(i).getText()): null

2018-06-18 14:00:22 - [TEST_STEP][PASSED] - Statement - actualList1.add(i, secondStoreListBox1.get(i).getText()): null

2018-06-18 14:00:22 - [TEST_STEP][PASSED] - Statement - actualList1.add(i, secondStoreListBox1.get(i).getText()): null

2018-06-18 14:00:22 - [TEST_STEP][PASSED] - Statement - actualList1.add(i, secondStoreListBox1.get(i).getText()): null

2018-06-18 14:00:22 - [TEST_STEP][PASSED] - Statement - actualList1.add(i, secondStoreListBox1.get(i).getText()): null

2018-06-18 14:00:22 - [TEST_STEP][PASSED] - Statement - actualList1.add(i, secondStoreListBox1.get(i).getText()): null

2018-06-18 14:00:22 - [TEST_STEP][PASSED] - Statement - actualList1.add(i, secondStoreListBox1.get(i).getText()): null

2018-06-18 14:00:22 - [TEST_STEP][PASSED] - Statement - actualList1.add(i, secondStoreListBox1.get(i).getText()): null

2018-06-18 14:00:22 - [TEST_STEP][PASSED] - Statement - actualList1.add(i, secondStoreListBox1.get(i).getText()): null

2018-06-18 14:00:22 - [TEST_STEP][PASSED] - Statement - actualList1.add(i, secondStoreListBox1.get(i).getText()): null

2018-06-18 14:00:22 - [TEST_STEP][PASSED] - Statement - actualList1.add(i, secondStoreListBox1.get(i).getText()): null

2018-06-18 14:00:22 - [TEST_STEP][PASSED] - Statement - actualList1.add(i, secondStoreListBox1.get(i).getText()): null

2018-06-18 14:00:22 - [TEST_STEP][PASSED] - Statement - actualList1.add(i, secondStoreListBox1.get(i).getText()): null

2018-06-18 14:00:22 - [TEST_STEP][PASSED] - Statement - actualList1.add(i, secondStoreListBox1.get(i).getText()): null

2018-06-18 14:00:22 - [TEST_STEP][PASSED] - Statement - actualList1.add(i, secondStoreListBox1.get(i).getText()): null

2018-06-18 14:00:22 - [TEST_STEP][PASSED] - Statement - actualList1.add(i, secondStoreListBox1.get(i).getText()): null

2018-06-18 14:00:22 - [TEST_STEP][PASSED] - Statement - actualList1.add(i, secondStoreListBox1.get(i).getText()): null

2018-06-18 14:00:22 - [TEST_STEP][PASSED] - Statement - actualList1.add(i, secondStoreListBox1.get(i).getText()): null

2018-06-18 14:00:22 - [TEST_STEP][PASSED] - Statement - actualList1.add(i, secondStoreListBox1.get(i).getText()): null

2018-06-18 14:00:22 - [TEST_STEP][PASSED] - Statement - actualList1.add(i, secondStoreListBox1.get(i).getText()): null

2018-06-18 14:00:22 - [TEST_STEP][PASSED] - Statement - actualList1.add(i, secondStoreListBox1.get(i).getText()): null

2018-06-18 14:00:22 - [TEST_STEP][PASSED] - Statement - actualList1.add(i, secondStoreListBox1.get(i).getText()): null

2018-06-18 14:00:22 - [TEST_STEP][PASSED] - Statement - actualList1.add(i, secondStoreListBox1.get(i).getText()): null

2018-06-18 14:00:22 - [TEST_STEP][PASSED] - Statement - actualList1.add(i, secondStoreListBox1.get(i).getText()): null

2018-06-18 14:00:22 - [TEST_STEP][PASSED] - Statement - actualList1.add(i, secondStoreListBox1.get(i).getText()): null

2018-06-18 14:00:22 - [TEST_STEP][PASSED] - Statement - actualList1.add(i, secondStoreListBox1.get(i).getText()): null

2018-06-18 14:00:22 - [TEST_STEP][PASSED] - Statement - actualList1.add(i, secondStoreListBox1.get(i).getText()): null

2018-06-18 14:00:23 - [TEST_STEP][PASSED] - Statement - actualList1.add(i, secondStoreListBox1.get(i).getText()): null

2018-06-18 14:00:23 - [TEST_STEP][PASSED] - Statement - actualList1.add(i, secondStoreListBox1.get(i).getText()): null

2018-06-18 14:00:23 - [TEST_STEP][PASSED] - Statement - actualList1.add(i, secondStoreListBox1.get(i).getText()): null

2018-06-18 14:00:23 - [TEST_STEP][PASSED] - Statement - actualList1.add(i, secondStoreListBox1.get(i).getText()): null

2018-06-18 14:00:23 - [TEST_STEP][PASSED] - Statement - actualList1.add(i, secondStoreListBox1.get(i).getText()): null

2018-06-18 14:00:23 - [TEST_STEP][PASSED] - Statement - actualList1.add(i, secondStoreListBox1.get(i).getText()): null

2018-06-18 14:00:23 - [TEST_STEP][PASSED] - Statement - actualList1.add(i, secondStoreListBox1.get(i).getText()): null

2018-06-18 14:00:23 - [TEST_STEP][PASSED] - Statement - actualList1.add(i, secondStoreListBox1.get(i).getText()): null

2018-06-18 14:00:23 - [TEST_STEP][PASSED] - Statement - actualList1.add(i, secondStoreListBox1.get(i).getText()): null

2018-06-18 14:00:23 - [TEST_STEP][PASSED] - Statement - actualList1.add(i, secondStoreListBox1.get(i).getText()): null

2018-06-18 14:00:23 - [TEST_STEP][PASSED] - Statement - actualList1.add(i, secondStoreListBox1.get(i).getText()): null

2018-06-18 14:00:23 - [TEST_STEP][PASSED] - Statement - actualList1.add(i, secondStoreListBox1.get(i).getText()): null

2018-06-18 14:00:23 - [TEST_STEP][PASSED] - Statement - actualList1.add(i, secondStoreListBox1.get(i).getText()): null

2018-06-18 14:00:23 - [TEST_STEP][PASSED] - Statement - actualList1.add(i, secondStoreListBox1.get(i).getText()): null

2018-06-18 14:00:23 - [TEST_STEP][PASSED] - Statement - actualList1.add(i, secondStoreListBox1.get(i).getText()): null

2018-06-18 14:00:23 - [TEST_STEP][PASSED] - Statement - actualList1.add(i, secondStoreListBox1.get(i).getText()): null

2018-06-18 14:00:23 - [TEST_STEP][PASSED] - Statement - actualList1.add(i, secondStoreListBox1.get(i).getText()): null

2018-06-18 14:00:23 - [TEST_STEP][PASSED] - Statement - actualList1.add(i, secondStoreListBox1.get(i).getText()): null

2018-06-18 14:00:23 - [TEST_STEP][PASSED] - Statement - actualList1.add(i, secondStoreListBox1.get(i).getText()): null

2018-06-18 14:00:23 - [TEST_STEP][PASSED] - Statement - actualList1.add(i, secondStoreListBox1.get(i).getText()): null

2018-06-18 14:00:23 - [TEST_STEP][PASSED] - Statement - actualList1.add(i, secondStoreListBox1.get(i).getText()): null

2018-06-18 14:00:23 - [TEST_STEP][PASSED] - Statement - actualList1.add(i, secondStoreListBox1.get(i).getText()): null

2018-06-18 14:00:23 - [TEST_STEP][PASSED] - Statement - actualList1.add(i, secondStoreListBox1.get(i).getText()): null

2018-06-18 14:00:23 - [TEST_STEP][PASSED] - Statement - actualList1.add(i, secondStoreListBox1.get(i).getText()): null

2018-06-18 14:00:23 - [TEST_STEP][PASSED] - Statement - actualList1.add(i, secondStoreListBox1.get(i).getText()): null

2018-06-18 14:00:23 - [TEST_STEP][PASSED] - Statement - actualList1.add(i, secondStoreListBox1.get(i).getText()): null

2018-06-18 14:00:23 - [TEST_STEP][PASSED] - Statement - actualList1.add(i, secondStoreListBox1.get(i).getText()): null

2018-06-18 14:00:23 - [TEST_STEP][PASSED] - Statement - actualList1.add(i, secondStoreListBox1.get(i).getText()): null

2018-06-18 14:00:23 - [TEST_STEP][PASSED] - Statement - actualList1.add(i, secondStoreListBox1.get(i).getText()): null

2018-06-18 14:00:23 - [TEST_STEP][PASSED] - Statement - actualList1.add(i, secondStoreListBox1.get(i).getText()): null

2018-06-18 14:00:23 - [TEST_STEP][PASSED] - Statement - actualList1.add(i, secondStoreListBox1.get(i).getText()): null

2018-06-18 14:00:23 - [TEST_STEP][PASSED] - Statement - actualList1.add(i, secondStoreListBox1.get(i).getText()): null

2018-06-18 14:00:23 - [TEST_STEP][PASSED] - Statement - actualList1.add(i, secondStoreListBox1.get(i).getText()): null

2018-06-18 14:00:23 - [TEST_STEP][PASSED] - Statement - actualList1.add(i, secondStoreListBox1.get(i).getText()): null

2018-06-18 14:00:23 - [TEST_STEP][PASSED] - Statement - actualList1.add(i, secondStoreListBox1.get(i).getText()): null

2018-06-18 14:00:23 - [TEST_STEP][PASSED] - Statement - actualList1.add(i, secondStoreListBox1.get(i).getText()): null

2018-06-18 14:00:23 - [TEST_STEP][PASSED] - Statement - actualList1.add(i, secondStoreListBox1.get(i).getText()): null

2018-06-18 14:00:23 - [TEST_STEP][PASSED] - Statement - actualList1.add(i, secondStoreListBox1.get(i).getText()): null

2018-06-18 14:00:23 - [TEST_STEP][PASSED] - Statement - actualList1.add(i, secondStoreListBox1.get(i).getText()): null

2018-06-18 14:00:23 - [TEST_STEP][PASSED] - Statement - actualList1.add(i, secondStoreListBox1.get(i).getText()): null

2018-06-18 14:00:23 - [TEST_STEP][PASSED] - Statement - actualList1.add(i, secondStoreListBox1.get(i).getText()): null

2018-06-18 14:00:23 - [TEST_STEP][PASSED] - Statement - actualList1.add(i, secondStoreListBox1.get(i).getText()): null

2018-06-18 14:00:23 - [TEST_STEP][PASSED] - Statement - actualList1.add(i, secondStoreListBox1.get(i).getText()): null

2018-06-18 14:00:23 - [TEST_STEP][PASSED] - Statement - actualList1.add(i, secondStoreListBox1.get(i).getText()): null

2018-06-18 14:00:23 - [TEST_STEP][PASSED] - Statement - actualList1.add(i, secondStoreListBox1.get(i).getText()): null

2018-06-18 14:00:23 - [TEST_STEP][PASSED] - Statement - actualList1.add(i, secondStoreListBox1.get(i).getText()): null

2018-06-18 14:00:23 - [TEST_STEP][PASSED] - Statement - actualList1.add(i, secondStoreListBox1.get(i).getText()): null

2018-06-18 14:00:23 - [TEST_STEP][PASSED] - Statement - actualList1.add(i, secondStoreListBox1.get(i).getText()): null

2018-06-18 14:00:23 - [TEST_STEP][PASSED] - Statement - actualList1.add(i, secondStoreListBox1.get(i).getText()): null

2018-06-18 14:00:23 - [TEST_STEP][PASSED] - Statement - actualList1.add(i, secondStoreListBox1.get(i).getText()): null

2018-06-18 14:00:23 - [TEST_STEP][PASSED] - Statement - actualList1.add(i, secondStoreListBox1.get(i).getText()): null

2018-06-18 14:00:23 - [TEST_STEP][PASSED] - Statement - actualList1.add(i, secondStoreListBox1.get(i).getText()): null

2018-06-18 14:00:23 - [TEST_STEP][PASSED] - Statement - actualList1.add(i, secondStoreListBox1.get(i).getText()): null

2018-06-18 14:00:23 - [TEST_STEP][PASSED] - Statement - actualList1.add(i, secondStoreListBox1.get(i).getText()): null

2018-06-18 14:00:23 - [TEST_STEP][PASSED] - Statement - actualList1.add(i, secondStoreListBox1.get(i).getText()): null

2018-06-18 14:00:23 - [TEST_STEP][PASSED] - Statement - actualList1.add(i, secondStoreListBox1.get(i).getText()): null

2018-06-18 14:00:23 - [TEST_STEP][PASSED] - Statement - actualList1.add(i, secondStoreListBox1.get(i).getText()): null

2018-06-18 14:00:23 - [TEST_STEP][PASSED] - Statement - actualList1.add(i, secondStoreListBox1.get(i).getText()): null

2018-06-18 14:00:23 - [TEST_STEP][PASSED] - Statement - actualList1.add(i, secondStoreListBox1.get(i).getText()): null

2018-06-18 14:00:23 - [TEST_STEP][PASSED] - Statement - actualList1.add(i, secondStoreListBox1.get(i).getText()): null

2018-06-18 14:00:23 - [TEST_STEP][PASSED] - Statement - actualList1.add(i, secondStoreListBox1.get(i).getText()): null

2018-06-18 14:00:24 - [TEST_STEP][PASSED] - Statement - actualList1.add(i, secondStoreListBox1.get(i).getText()): null

2018-06-18 14:00:24 - [TEST_STEP][PASSED] - Statement - actualList1.add(i, secondStoreListBox1.get(i).getText()): null

2018-06-18 14:00:24 - [TEST_STEP][PASSED] - Statement - actualList1.add(i, secondStoreListBox1.get(i).getText()): null

2018-06-18 14:00:24 - [TEST_STEP][PASSED] - Statement - actualList1.add(i, secondStoreListBox1.get(i).getText()): null

2018-06-18 14:00:24 - [TEST_STEP][PASSED] - Statement - actualList1.add(i, secondStoreListBox1.get(i).getText()): null

2018-06-18 14:00:24 - [TEST_STEP][PASSED] - Statement - actualList1.add(i, secondStoreListBox1.get(i).getText()): null

2018-06-18 14:00:24 - [TEST_STEP][PASSED] - Statement - actualList1.add(i, secondStoreListBox1.get(i).getText()): null

2018-06-18 14:00:24 - [TEST_STEP][PASSED] - Statement - actualList1.add(i, secondStoreListBox1.get(i).getText()): null

2018-06-18 14:00:24 - [TEST_STEP][PASSED] - Statement - actualList1.add(i, secondStoreListBox1.get(i).getText()): null

2018-06-18 14:00:24 - [TEST_STEP][PASSED] - Statement - actualList1.add(i, secondStoreListBox1.get(i).getText()): null

2018-06-18 14:00:24 - [TEST_STEP][PASSED] - Statement - actualList1.add(i, secondStoreListBox1.get(i).getText()): null

2018-06-18 14:00:24 - [TEST_STEP][PASSED] - Statement - actualList1.add(i, secondStoreListBox1.get(i).getText()): null

2018-06-18 14:00:24 - [TEST_STEP][PASSED] - Statement - actualList1.add(i, secondStoreListBox1.get(i).getText()): null

2018-06-18 14:00:24 - [TEST_STEP][PASSED] - Statement - actualList1.add(i, secondStoreListBox1.get(i).getText()): null

2018-06-18 14:00:24 - [TEST_STEP][PASSED] - Statement - actualList1.add(i, secondStoreListBox1.get(i).getText()): null

2018-06-18 14:00:24 - [TEST_STEP][PASSED] - Statement - actualList1.add(i, secondStoreListBox1.get(i).getText()): null

2018-06-18 14:00:24 - [TEST_STEP][PASSED] - Statement - actualList1.add(i, secondStoreListBox1.get(i).getText()): null

2018-06-18 14:00:24 - [TEST_STEP][PASSED] - Statement - actualList1.add(i, secondStoreListBox1.get(i).getText()): null

2018-06-18 14:00:24 - [TEST_STEP][PASSED] - Statement - actualList1.add(i, secondStoreListBox1.get(i).getText()): null

2018-06-18 14:00:24 - [TEST_STEP][PASSED] - Statement - actualList1.add(i, secondStoreListBox1.get(i).getText()): null

2018-06-18 14:00:24 - [TEST_STEP][PASSED] - Statement - actualList1.add(i, secondStoreListBox1.get(i).getText()): null

2018-06-18 14:00:24 - [TEST_STEP][PASSED] - Statement - actualList1.add(i, secondStoreListBox1.get(i).getText()): null

2018-06-18 14:00:24 - [TEST_STEP][PASSED] - Statement - actualList1.add(i, secondStoreListBox1.get(i).getText()): null

2018-06-18 14:00:24 - [TEST_STEP][PASSED] - Statement - actualList1.add(i, secondStoreListBox1.get(i).getText()): null

2018-06-18 14:00:24 - [TEST_STEP][PASSED] - Statement - actualList1.add(i, secondStoreListBox1.get(i).getText()): null

2018-06-18 14:00:24 - [TEST_STEP][PASSED] - Statement - actualList1.add(i, secondStoreListBox1.get(i).getText()): null

2018-06-18 14:00:24 - [TEST_STEP][PASSED] - Statement - actualList1.add(i, secondStoreListBox1.get(i).getText()): null

2018-06-18 14:00:24 - [TEST_STEP][PASSED] - Statement - actualList1.add(i, secondStoreListBox1.get(i).getText()): null

2018-06-18 14:00:24 - [TEST_STEP][PASSED] - Statement - actualList1.add(i, secondStoreListBox1.get(i).getText()): null

2018-06-18 14:00:24 - [TEST_STEP][PASSED] - Statement - actualList1.add(i, secondStoreListBox1.get(i).getText()): null

2018-06-18 14:00:24 - [TEST_STEP][PASSED] - Statement - out.println(actualList1): null

2018-06-18 14:00:24 - [TEST_STEP][PASSED] - delay: Delayed 10 second(s)

2018-06-18 14:00:34 - [MESSAGE][PASSED] - Delayed 10 second(s)

2018-06-18 14:00:34 - [TEST_STEP][PASSED] - Statement - If (actualList1.containsAll(groupStoresList)): null

2018-06-18 14:00:34 - [TEST_STEP][PASSED] - Statement - println("Selected stores are displayed in Group/Stores in Group listbox"): null

2018-06-18 14:00:34 - [TEST_STEP][PASSED] - uiaction.CommonUIActions.click: uiaction.CommonUIActions.click is PASSED

2018-06-18 14:00:34 - [MESSAGE][PASSED] - uiaction.CommonUIActions.click is PASSED

2018-06-18 14:00:34 - [TEST_STEP][PASSED] - delay: Delayed 10 second(s)

2018-06-18 14:00:44 - [MESSAGE][PASSED] - Delayed 10 second(s)

2018-06-18 14:00:44 - [TEST_STEP][PASSED] - uiaction.CommonUIActions.back: uiaction.CommonUIActions.back is PASSED

2018-06-18 14:00:44 - [MESSAGE][PASSED] - Navigate back successfully

2018-06-18 14:00:44 - [MESSAGE][PASSED] - uiaction.CommonUIActions.back is PASSED

2018-06-18 14:00:44 - [TEST_STEP][PASSED] - delay: Delayed 5 second(s)

2018-06-18 14:00:49 - [MESSAGE][PASSED] - Delayed 5 second(s)

2018-06-18 14:00:49 - [TEST_STEP][PASSED] - uiaction.CommonUIActions.back: uiaction.CommonUIActions.back is PASSED

2018-06-18 14:00:49 - [MESSAGE][PASSED] - Navigate back successfully

2018-06-18 14:00:49 - [MESSAGE][PASSED] - uiaction.CommonUIActions.back is PASSED

2018-06-18 14:00:49 - [TEST_STEP][PASSED] - delay: Delayed 5 second(s)

2018-06-18 14:00:54 - [MESSAGE][PASSED] - Delayed 5 second(s)

2018-06-18 14:00:54 - [TEST_STEP][PASSED] - uiaction.CommonUIActions.click: uiaction.CommonUIActions.click is PASSED

2018-06-18 14:00:54 - [MESSAGE][PASSED] - uiaction.CommonUIActions.click is PASSED

2018-06-18 14:00:54 - [TEST_STEP][PASSED] - uiaction.CommonUIActions.click: uiaction.CommonUIActions.click is PASSED

2018-06-18 14:00:54 - [MESSAGE][PASSED] - uiaction.CommonUIActions.click is PASSED

2018-06-18 14:00:54 - [TEST_STEP][PASSED] - uiaction.CommonUIActions.click: uiaction.CommonUIActions.click is PASSED

2018-06-18 14:01:08 - [MESSAGE][PASSED] - uiaction.CommonUIActions.click is PASSED

2018-06-18 14:01:08 - [TEST_STEP][PASSED] - Statement - storesList = driver.findElements(org.openqa.selenium.By.xpath(com.kms.katalon.core.testdata.TestDataFactory.findTestData(OR_file).getValue(2, 16))): Reading excel file with source file 'C:\Users\shalinin\Katalon Studio\HME_Scripts\Data Files\HME_OR.xlsx' and sheet name 'Sheet1'

2018-06-18 14:01:08 - [TEST_STEP][PASSED] - Statement - For ([i = 1, i < storesList.size(), (i++)]): null

2018-06-18 14:01:08 - [TEST_STEP][PASSED] - Statement - reportgroup = "(//div[@class='ctable']/table/tbody/tr[@class='tdata clear'])[" + i + "]/td[7]": null

2018-06-18 14:01:08 - [TEST_STEP][PASSED] - Statement - reportgroupTxt = driver.findElement(org.openqa.selenium.By.xpath(reportgroup)).getText(): null

2018-06-18 14:01:08 - [TEST_STEP][PASSED] - Statement - If (reportgroupTxt == "AutomationGroup1"): null

2018-06-18 14:01:08 - [TEST_STEP][PASSED] - Statement - println("Report group has right group name"): null

2018-06-18 14:01:08 - [TEST_STEP][PASSED] - Statement - reportgroup = "(//div[@class='ctable']/table/tbody/tr[@class='tdata clear'])[" + i + "]/td[7]": null

2018-06-18 14:01:08 - [TEST_STEP][PASSED] - Statement - reportgroupTxt = driver.findElement(org.openqa.selenium.By.xpath(reportgroup)).getText(): null

2018-06-18 14:01:08 - [TEST_STEP][PASSED] - Statement - If (reportgroupTxt == "AutomationGroup1"): null

2018-06-18 14:01:08 - [TEST_STEP][PASSED] - Statement - Else: null

2018-06-18 14:01:08 - [TEST_STEP][PASSED] - Statement - If (!(TCflag)): null

2018-06-18 14:01:08 - [TEST_STEP][PASSED] - Statement - reportgroup = "(//div[@class='ctable']/table/tbody/tr[@class='tdata clear'])[" + i + "]/td[7]": null

2018-06-18 14:01:08 - [TEST_STEP][PASSED] - Statement - reportgroupTxt = driver.findElement(org.openqa.selenium.By.xpath(reportgroup)).getText(): null

2018-06-18 14:01:09 - [TEST_STEP][PASSED] - Statement - If (reportgroupTxt == "AutomationGroup1"): null

2018-06-18 14:01:09 - [TEST_STEP][PASSED] - Statement - println("Report group has right group name"): null

2018-06-18 14:01:09 - [TEST_STEP][PASSED] - Statement - reportgroup = "(//div[@class='ctable']/table/tbody/tr[@class='tdata clear'])[" + i + "]/td[7]": null

2018-06-18 14:01:09 - [TEST_STEP][PASSED] - Statement - reportgroupTxt = driver.findElement(org.openqa.selenium.By.xpath(reportgroup)).getText(): null

2018-06-18 14:01:09 - [TEST_STEP][PASSED] - Statement - If (reportgroupTxt == "AutomationGroup1"): null

2018-06-18 14:01:09 - [TEST_STEP][PASSED] - Statement - Else: null

2018-06-18 14:01:09 - [TEST_STEP][PASSED] - Statement - If (!(TCflag)): null

2018-06-18 14:01:09 - [TEST_STEP][PASSED] - Statement - reportgroup = "(//div[@class='ctable']/table/tbody/tr[@class='tdata clear'])[" + i + "]/td[7]": null

2018-06-18 14:01:09 - [TEST_STEP][PASSED] - Statement - reportgroupTxt = driver.findElement(org.openqa.selenium.By.xpath(reportgroup)).getText(): null

2018-06-18 14:01:09 - [TEST_STEP][PASSED] - Statement - If (reportgroupTxt == "AutomationGroup1"): null

2018-06-18 14:01:09 - [TEST_STEP][PASSED] - Statement - println("Report group has right group name"): null

2018-06-18 14:01:09 - [TEST_STEP][PASSED] - Statement - reportgroup = "(//div[@class='ctable']/table/tbody/tr[@class='tdata clear'])[" + i + "]/td[7]": null

2018-06-18 14:01:09 - [TEST_STEP][PASSED] - Statement - reportgroupTxt = driver.findElement(org.openqa.selenium.By.xpath(reportgroup)).getText(): null

2018-06-18 14:01:09 - [TEST_STEP][PASSED] - Statement - If (reportgroupTxt == "AutomationGroup1"): null

2018-06-18 14:01:09 - [TEST_STEP][PASSED] - Statement - Else: null

2018-06-18 14:01:09 - [TEST_STEP][PASSED] - Statement - If (!(TCflag)): null

2018-06-18 14:01:09 - [TEST_STEP][PASSED] - Statement - reportgroup = "(//div[@class='ctable']/table/tbody/tr[@class='tdata clear'])[" + i + "]/td[7]": null

2018-06-18 14:01:09 - [TEST_STEP][PASSED] - Statement - reportgroupTxt = driver.findElement(org.openqa.selenium.By.xpath(reportgroup)).getText(): null

2018-06-18 14:01:09 - [TEST_STEP][PASSED] - Statement - If (reportgroupTxt == "AutomationGroup1"): null

2018-06-18 14:01:09 - [TEST_STEP][PASSED] - Statement - Else: null

2018-06-18 14:01:09 - [TEST_STEP][PASSED] - Statement - If (!(TCflag)): null

2018-06-18 14:01:09 - [TEST_STEP][PASSED] - Statement - reportgroup = "(//div[@class='ctable']/table/tbody/tr[@class='tdata clear'])[" + i + "]/td[7]": null

2018-06-18 14:01:09 - [TEST_STEP][PASSED] - Statement - reportgroupTxt = driver.findElement(org.openqa.selenium.By.xpath(reportgroup)).getText(): null

2018-06-18 14:01:09 - [TEST_STEP][PASSED] - Statement - If (reportgroupTxt == "AutomationGroup1"): null

2018-06-18 14:01:09 - [TEST_STEP][PASSED] - Statement - Else: null

2018-06-18 14:01:09 - [TEST_STEP][PASSED] - Statement - If (!(TCflag)): null

2018-06-18 14:01:09 - [TEST_STEP][PASSED] - Statement - reportgroup = "(//div[@class='ctable']/table/tbody/tr[@class='tdata clear'])[" + i + "]/td[7]": null

2018-06-18 14:01:09 - [TEST_STEP][PASSED] - Statement - reportgroupTxt = driver.findElement(org.openqa.selenium.By.xpath(reportgroup)).getText(): null

2018-06-18 14:01:09 - [TEST_STEP][PASSED] - Statement - If (reportgroupTxt == "AutomationGroup1"): null

2018-06-18 14:01:09 - [TEST_STEP][PASSED] - Statement - println("Report group has right group name"): null

2018-06-18 14:01:09 - [TEST_STEP][PASSED] - Statement - reportgroup = "(//div[@class='ctable']/table/tbody/tr[@class='tdata clear'])[" + i + "]/td[7]": null

2018-06-18 14:01:09 - [TEST_STEP][PASSED] - Statement - reportgroupTxt = driver.findElement(org.openqa.selenium.By.xpath(reportgroup)).getText(): null

2018-06-18 14:01:09 - [TEST_STEP][PASSED] - Statement - If (reportgroupTxt == "AutomationGroup1"): null

2018-06-18 14:01:09 - [TEST_STEP][PASSED] - Statement - println("Report group has right group name"): null

2018-06-18 14:01:09 - [TEST_STEP][PASSED] - Statement - reportgroup = "(//div[@class='ctable']/table/tbody/tr[@class='tdata clear'])[" + i + "]/td[7]": null

2018-06-18 14:01:09 - [TEST_STEP][PASSED] - Statement - reportgroupTxt = driver.findElement(org.openqa.selenium.By.xpath(reportgroup)).getText(): null

2018-06-18 14:01:09 - [TEST_STEP][PASSED] - Statement - If (reportgroupTxt == "AutomationGroup1"): null

2018-06-18 14:01:09 - [TEST_STEP][PASSED] - Statement - println("Report group has right group name"): null

2018-06-18 14:01:09 - [TEST_STEP][PASSED] - Statement - reportgroup = "(//div[@class='ctable']/table/tbody/tr[@class='tdata clear'])[" + i + "]/td[7]": null

2018-06-18 14:01:09 - [TEST_STEP][PASSED] - Statement - reportgroupTxt = driver.findElement(org.openqa.selenium.By.xpath(reportgroup)).getText(): null

2018-06-18 14:01:09 - [TEST_STEP][PASSED] - Statement - If (reportgroupTxt == "AutomationGroup1"): null

2018-06-18 14:01:09 - [TEST_STEP][PASSED] - Statement - println("Report group has right group name"): null

2018-06-18 14:01:09 - [TEST_STEP][PASSED] - Statement - reportgroup = "(//div[@class='ctable']/table/tbody/tr[@class='tdata clear'])[" + i + "]/td[7]": null

2018-06-18 14:01:09 - [TEST_STEP][PASSED] - Statement - reportgroupTxt = driver.findElement(org.openqa.selenium.By.xpath(reportgroup)).getText(): null

2018-06-18 14:01:09 - [TEST_STEP][PASSED] - Statement - If (reportgroupTxt == "AutomationGroup1"): null

2018-06-18 14:01:09 - [TEST_STEP][PASSED] - Statement - println("Report group has right group name"): null

2018-06-18 14:01:09 - [TEST_STEP][PASSED] - Statement - reportgroup = "(//div[@class='ctable']/table/tbody/tr[@class='tdata clear'])[" + i + "]/td[7]": null

2018-06-18 14:01:09 - [TEST_STEP][PASSED] - Statement - reportgroupTxt = driver.findElement(org.openqa.selenium.By.xpath(reportgroup)).getText(): null

2018-06-18 14:01:09 - [TEST_STEP][PASSED] - Statement - If (reportgroupTxt == "AutomationGroup1"): null

2018-06-18 14:01:09 - [TEST_STEP][PASSED] - Statement - Else: null

2018-06-18 14:01:09 - [TEST_STEP][PASSED] - Statement - If (!(TCflag)): null

2018-06-18 14:01:09 - [TEST_STEP][PASSED] - Statement - reportgroup = "(//div[@class='ctable']/table/tbody/tr[@class='tdata clear'])[" + i + "]/td[7]": null

2018-06-18 14:01:09 - [TEST_STEP][PASSED] - Statement - reportgroupTxt = driver.findElement(org.openqa.selenium.By.xpath(reportgroup)).getText(): null

2018-06-18 14:01:09 - [TEST_STEP][PASSED] - Statement - If (reportgroupTxt == "AutomationGroup1"): null

2018-06-18 14:01:09 - [TEST_STEP][PASSED] - Statement - println("Report group has right group name"): null

2018-06-18 14:01:09 - [TEST_STEP][PASSED] - Statement - reportgroup = "(//div[@class='ctable']/table/tbody/tr[@class='tdata clear'])[" + i + "]/td[7]": null

2018-06-18 14:01:09 - [TEST_STEP][PASSED] - Statement - reportgroupTxt = driver.findElement(org.openqa.selenium.By.xpath(reportgroup)).getText(): null

2018-06-18 14:01:09 - [TEST_STEP][PASSED] - Statement - If (reportgroupTxt == "AutomationGroup1"): null

2018-06-18 14:01:09 - [TEST_STEP][PASSED] - Statement - Else: null

2018-06-18 14:01:09 - [TEST_STEP][PASSED] - Statement - If (!(TCflag)): null

2018-06-18 14:01:09 - [TEST_STEP][PASSED] - Statement - reportgroup = "(//div[@class='ctable']/table/tbody/tr[@class='tdata clear'])[" + i + "]/td[7]": null

2018-06-18 14:01:09 - [TEST_STEP][PASSED] - Statement - reportgroupTxt = driver.findElement(org.openqa.selenium.By.xpath(reportgroup)).getText(): null

2018-06-18 14:01:09 - [TEST_STEP][PASSED] - Statement - If (reportgroupTxt == "AutomationGroup1"): null

2018-06-18 14:01:09 - [TEST_STEP][PASSED] - Statement - println("Report group has right group name"): null

2018-06-18 14:01:09 - [TEST_STEP][PASSED] - Statement - reportgroup = "(//div[@class='ctable']/table/tbody/tr[@class='tdata clear'])[" + i + "]/td[7]": null

2018-06-18 14:01:09 - [TEST_STEP][PASSED] - Statement - reportgroupTxt = driver.findElement(org.openqa.selenium.By.xpath(reportgroup)).getText(): null

2018-06-18 14:01:09 - [TEST_STEP][PASSED] - Statement - If (reportgroupTxt == "AutomationGroup1"): null

2018-06-18 14:01:09 - [TEST_STEP][PASSED] - Statement - println("Report group has right group name"): null

2018-06-18 14:01:09 - [TEST_STEP][PASSED] - Statement - reportgroup = "(//div[@class='ctable']/table/tbody/tr[@class='tdata clear'])[" + i + "]/td[7]": null

2018-06-18 14:01:09 - [TEST_STEP][PASSED] - Statement - reportgroupTxt = driver.findElement(org.openqa.selenium.By.xpath(reportgroup)).getText(): null

2018-06-18 14:01:09 - [TEST_STEP][PASSED] - Statement - If (reportgroupTxt == "AutomationGroup1"): null

2018-06-18 14:01:09 - [TEST_STEP][PASSED] - Statement - println("Report group has right group name"): null

2018-06-18 14:01:09 - [TEST_STEP][PASSED] - Statement - reportgroup = "(//div[@class='ctable']/table/tbody/tr[@class='tdata clear'])[" + i + "]/td[7]": null

2018-06-18 14:01:09 - [TEST_STEP][PASSED] - Statement - reportgroupTxt = driver.findElement(org.openqa.selenium.By.xpath(reportgroup)).getText(): null

2018-06-18 14:01:09 - [TEST_STEP][PASSED] - Statement - If (reportgroupTxt == "AutomationGroup1"): null

2018-06-18 14:01:09 - [TEST_STEP][PASSED] - Statement - println("Report group has right group name"): null

2018-06-18 14:01:09 - [TEST_STEP][PASSED] - Statement - reportgroup = "(//div[@class='ctable']/table/tbody/tr[@class='tdata clear'])[" + i + "]/td[7]": null

2018-06-18 14:01:09 - [TEST_STEP][PASSED] - Statement - reportgroupTxt = driver.findElement(org.openqa.selenium.By.xpath(reportgroup)).getText(): null

2018-06-18 14:01:09 - [TEST_STEP][PASSED] - Statement - If (reportgroupTxt == "AutomationGroup1"): null

2018-06-18 14:01:09 - [TEST_STEP][PASSED] - Statement - println("Report group has right group name"): null

2018-06-18 14:01:09 - [TEST_STEP][PASSED] - Statement - reportgroup = "(//div[@class='ctable']/table/tbody/tr[@class='tdata clear'])[" + i + "]/td[7]": null

2018-06-18 14:01:09 - [TEST_STEP][PASSED] - Statement - reportgroupTxt = driver.findElement(org.openqa.selenium.By.xpath(reportgroup)).getText(): null

2018-06-18 14:01:09 - [TEST_STEP][PASSED] - Statement - If (reportgroupTxt == "AutomationGroup1"): null

2018-06-18 14:01:09 - [TEST_STEP][PASSED] - Statement - println("Report group has right group name"): null

2018-06-18 14:01:09 - [TEST_STEP][PASSED] - Statement - reportgroup = "(//div[@class='ctable']/table/tbody/tr[@class='tdata clear'])[" + i + "]/td[7]": null

2018-06-18 14:01:09 - [TEST_STEP][PASSED] - Statement - reportgroupTxt = driver.findElement(org.openqa.selenium.By.xpath(reportgroup)).getText(): null

2018-06-18 14:01:09 - [TEST_STEP][PASSED] - Statement - If (reportgroupTxt == "AutomationGroup1"): null

2018-06-18 14:01:09 - [TEST_STEP][PASSED] - Statement - println("Report group has right group name"): null

2018-06-18 14:01:09 - [TEST_STEP][PASSED] - Statement - reportgroup = "(//div[@class='ctable']/table/tbody/tr[@class='tdata clear'])[" + i + "]/td[7]": null

2018-06-18 14:01:09 - [TEST_STEP][PASSED] - Statement - reportgroupTxt = driver.findElement(org.openqa.selenium.By.xpath(reportgroup)).getText(): null

2018-06-18 14:01:09 - [TEST_STEP][PASSED] - Statement - If (reportgroupTxt == "AutomationGroup1"): null

2018-06-18 14:01:09 - [TEST_STEP][PASSED] - Statement - Else: null

2018-06-18 14:01:09 - [TEST_STEP][PASSED] - Statement - If (!(TCflag)): null

2018-06-18 14:01:09 - [TEST_STEP][PASSED] - Statement - reportgroup = "(//div[@class='ctable']/table/tbody/tr[@class='tdata clear'])[" + i + "]/td[7]": null

2018-06-18 14:01:09 - [TEST_STEP][PASSED] - Statement - reportgroupTxt = driver.findElement(org.openqa.selenium.By.xpath(reportgroup)).getText(): null

2018-06-18 14:01:09 - [TEST_STEP][PASSED] - Statement - If (reportgroupTxt == "AutomationGroup1"): null

2018-06-18 14:01:09 - [TEST_STEP][PASSED] - Statement - Else: null

2018-06-18 14:01:09 - [TEST_STEP][PASSED] - Statement - If (!(TCflag)): null

2018-06-18 14:01:09 - [TEST_STEP][PASSED] - Statement - reportgroup = "(//div[@class='ctable']/table/tbody/tr[@class='tdata clear'])[" + i + "]/td[7]": null

2018-06-18 14:01:09 - [TEST_STEP][PASSED] - Statement - reportgroupTxt = driver.findElement(org.openqa.selenium.By.xpath(reportgroup)).getText(): null

2018-06-18 14:01:09 - [TEST_STEP][PASSED] - Statement - If (reportgroupTxt == "AutomationGroup1"): null

2018-06-18 14:01:09 - [TEST_STEP][PASSED] - Statement - println("Report group has right group name"): null

2018-06-18 14:01:09 - [TEST_STEP][PASSED] - Statement - reportgroup = "(//div[@class='ctable']/table/tbody/tr[@class='tdata clear'])[" + i + "]/td[7]": null

2018-06-18 14:01:09 - [TEST_STEP][PASSED] - Statement - reportgroupTxt = driver.findElement(org.openqa.selenium.By.xpath(reportgroup)).getText(): null

2018-06-18 14:01:09 - [TEST_STEP][PASSED] - Statement - If (reportgroupTxt == "AutomationGroup1"): null

2018-06-18 14:01:09 - [TEST_STEP][PASSED] - Statement - println("Report group has right group name"): null

2018-06-18 14:01:09 - [TEST_STEP][PASSED] - Statement - reportgroup = "(//div[@class='ctable']/table/tbody/tr[@class='tdata clear'])[" + i + "]/td[7]": null

2018-06-18 14:01:09 - [TEST_STEP][PASSED] - Statement - reportgroupTxt = driver.findElement(org.openqa.selenium.By.xpath(reportgroup)).getText(): null

2018-06-18 14:01:09 - [TEST_STEP][PASSED] - Statement - If (reportgroupTxt == "AutomationGroup1"): null

2018-06-18 14:01:09 - [TEST_STEP][PASSED] - Statement - println("Report group has right group name"): null

2018-06-18 14:01:09 - [TEST_STEP][PASSED] - Statement - reportgroup = "(//div[@class='ctable']/table/tbody/tr[@class='tdata clear'])[" + i + "]/td[7]": null

2018-06-18 14:01:09 - [TEST_STEP][PASSED] - Statement - reportgroupTxt = driver.findElement(org.openqa.selenium.By.xpath(reportgroup)).getText(): null

2018-06-18 14:01:09 - [TEST_STEP][PASSED] - Statement - If (reportgroupTxt == "AutomationGroup1"): null

2018-06-18 14:01:09 - [TEST_STEP][PASSED] - Statement - Else: null

2018-06-18 14:01:09 - [TEST_STEP][PASSED] - Statement - If (!(TCflag)): null

2018-06-18 14:01:09 - [TEST_STEP][PASSED] - Statement - reportgroup = "(//div[@class='ctable']/table/tbody/tr[@class='tdata clear'])[" + i + "]/td[7]": null

2018-06-18 14:01:09 - [TEST_STEP][PASSED] - Statement - reportgroupTxt = driver.findElement(org.openqa.selenium.By.xpath(reportgroup)).getText(): null

2018-06-18 14:01:09 - [TEST_STEP][PASSED] - Statement - If (reportgroupTxt == "AutomationGroup1"): null

2018-06-18 14:01:09 - [TEST_STEP][PASSED] - Statement - println("Report group has right group name"): null

2018-06-18 14:01:09 - [TEST_STEP][PASSED] - Statement - reportgroup = "(//div[@class='ctable']/table/tbody/tr[@class='tdata clear'])[" + i + "]/td[7]": null

2018-06-18 14:01:09 - [TEST_STEP][PASSED] - Statement - reportgroupTxt = driver.findElement(org.openqa.selenium.By.xpath(reportgroup)).getText(): null

2018-06-18 14:01:09 - [TEST_STEP][PASSED] - Statement - If (reportgroupTxt == "AutomationGroup1"): null

2018-06-18 14:01:09 - [TEST_STEP][PASSED] - Statement - println("Report group has right group name"): null

2018-06-18 14:01:09 - [TEST_STEP][PASSED] - Statement - reportgroup = "(//div[@class='ctable']/table/tbody/tr[@class='tdata clear'])[" + i + "]/td[7]": null

2018-06-18 14:01:09 - [TEST_STEP][PASSED] - Statement - reportgroupTxt = driver.findElement(org.openqa.selenium.By.xpath(reportgroup)).getText(): null

2018-06-18 14:01:09 - [TEST_STEP][PASSED] - Statement - If (reportgroupTxt == "AutomationGroup1"): null

2018-06-18 14:01:09 - [TEST_STEP][PASSED] - Statement - println("Report group has right group name"): null

2018-06-18 14:01:09 - [TEST_STEP][PASSED] - Statement - reportgroup = "(//div[@class='ctable']/table/tbody/tr[@class='tdata clear'])[" + i + "]/td[7]": null

2018-06-18 14:01:09 - [TEST_STEP][PASSED] - Statement - reportgroupTxt = driver.findElement(org.openqa.selenium.By.xpath(reportgroup)).getText(): null

2018-06-18 14:01:09 - [TEST_STEP][PASSED] - Statement - If (reportgroupTxt == "AutomationGroup1"): null

2018-06-18 14:01:09 - [TEST_STEP][PASSED] - Statement - println("Report group has right group name"): null

2018-06-18 14:01:09 - [TEST_STEP][PASSED] - Statement - reportgroup = "(//div[@class='ctable']/table/tbody/tr[@class='tdata clear'])[" + i + "]/td[7]": null

2018-06-18 14:01:09 - [TEST_STEP][PASSED] - Statement - reportgroupTxt = driver.findElement(org.openqa.selenium.By.xpath(reportgroup)).getText(): null

2018-06-18 14:01:09 - [TEST_STEP][PASSED] - Statement - If (reportgroupTxt == "AutomationGroup1"): null

2018-06-18 14:01:09 - [TEST_STEP][PASSED] - Statement - Else: null

2018-06-18 14:01:09 - [TEST_STEP][PASSED] - Statement - If (!(TCflag)): null

2018-06-18 14:01:09 - [TEST_STEP][PASSED] - Statement - reportgroup = "(//div[@class='ctable']/table/tbody/tr[@class='tdata clear'])[" + i + "]/td[7]": null

2018-06-18 14:01:09 - [TEST_STEP][PASSED] - Statement - reportgroupTxt = driver.findElement(org.openqa.selenium.By.xpath(reportgroup)).getText(): null

2018-06-18 14:01:09 - [TEST_STEP][PASSED] - Statement - If (reportgroupTxt == "AutomationGroup1"): null

2018-06-18 14:01:09 - [TEST_STEP][PASSED] - Statement - println("Report group has right group name"): null

2018-06-18 14:01:09 - [TEST_STEP][PASSED] - Statement - reportgroup = "(//div[@class='ctable']/table/tbody/tr[@class='tdata clear'])[" + i + "]/td[7]": null

2018-06-18 14:01:09 - [TEST_STEP][PASSED] - Statement - reportgroupTxt = driver.findElement(org.openqa.selenium.By.xpath(reportgroup)).getText(): null

2018-06-18 14:01:09 - [TEST_STEP][PASSED] - Statement - If (reportgroupTxt == "AutomationGroup1"): null

2018-06-18 14:01:09 - [TEST_STEP][PASSED] - Statement - println("Report group has right group name"): null

2018-06-18 14:01:09 - [TEST_STEP][PASSED] - Statement - reportgroup = "(//div[@class='ctable']/table/tbody/tr[@class='tdata clear'])[" + i + "]/td[7]": null

2018-06-18 14:01:09 - [TEST_STEP][PASSED] - Statement - reportgroupTxt = driver.findElement(org.openqa.selenium.By.xpath(reportgroup)).getText(): null

2018-06-18 14:01:10 - [TEST_STEP][PASSED] - Statement - If (reportgroupTxt == "AutomationGroup1"): null

2018-06-18 14:01:10 - [TEST_STEP][PASSED] - Statement - println("Report group has right group name"): null

2018-06-18 14:01:10 - [TEST_STEP][PASSED] - Statement - reportgroup = "(//div[@class='ctable']/table/tbody/tr[@class='tdata clear'])[" + i + "]/td[7]": null

2018-06-18 14:01:10 - [TEST_STEP][PASSED] - Statement - reportgroupTxt = driver.findElement(org.openqa.selenium.By.xpath(reportgroup)).getText(): null

2018-06-18 14:01:10 - [TEST_STEP][PASSED] - Statement - If (reportgroupTxt == "AutomationGroup1"): null

2018-06-18 14:01:10 - [TEST_STEP][PASSED] - Statement - println("Report group has right group name"): null

2018-06-18 14:01:10 - [TEST_STEP][PASSED] - Statement - reportgroup = "(//div[@class='ctable']/table/tbody/tr[@class='tdata clear'])[" + i + "]/td[7]": null

2018-06-18 14:01:10 - [TEST_STEP][PASSED] - Statement - reportgroupTxt = driver.findElement(org.openqa.selenium.By.xpath(reportgroup)).getText(): null

2018-06-18 14:01:10 - [TEST_STEP][PASSED] - Statement - If (reportgroupTxt == "AutomationGroup1"): null

2018-06-18 14:01:10 - [TEST_STEP][PASSED] - Statement - println("Report group has right group name"): null

2018-06-18 14:01:10 - [TEST_STEP][PASSED] - Statement - reportgroup = "(//div[@class='ctable']/table/tbody/tr[@class='tdata clear'])[" + i + "]/td[7]": null

2018-06-18 14:01:10 - [TEST_STEP][PASSED] - Statement - reportgroupTxt = driver.findElement(org.openqa.selenium.By.xpath(reportgroup)).getText(): null

2018-06-18 14:01:10 - [TEST_STEP][PASSED] - Statement - If (reportgroupTxt == "AutomationGroup1"): null

2018-06-18 14:01:10 - [TEST_STEP][PASSED] - Statement - println("Report group has right group name"): null

2018-06-18 14:01:10 - [TEST_STEP][PASSED] - Statement - reportgroup = "(//div[@class='ctable']/table/tbody/tr[@class='tdata clear'])[" + i + "]/td[7]": null

2018-06-18 14:01:10 - [TEST_STEP][PASSED] - Statement - reportgroupTxt = driver.findElement(org.openqa.selenium.By.xpath(reportgroup)).getText(): null

2018-06-18 14:01:10 - [TEST_STEP][PASSED] - Statement - If (reportgroupTxt == "AutomationGroup1"): null

2018-06-18 14:01:10 - [TEST_STEP][PASSED] - Statement - println("Report group has right group name"): null

2018-06-18 14:01:10 - [TEST_STEP][PASSED] - Statement - reportgroup = "(//div[@class='ctable']/table/tbody/tr[@class='tdata clear'])[" + i + "]/td[7]": null

2018-06-18 14:01:10 - [TEST_STEP][PASSED] - Statement - reportgroupTxt = driver.findElement(org.openqa.selenium.By.xpath(reportgroup)).getText(): null

2018-06-18 14:01:10 - [TEST_STEP][PASSED] - Statement - If (reportgroupTxt == "AutomationGroup1"): null

2018-06-18 14:01:10 - [TEST_STEP][PASSED] - Statement - println("Report group has right group name"): null

2018-06-18 14:01:10 - [TEST_STEP][PASSED] - Statement - reportgroup = "(//div[@class='ctable']/table/tbody/tr[@class='tdata clear'])[" + i + "]/td[7]": null

2018-06-18 14:01:10 - [TEST_STEP][PASSED] - Statement - reportgroupTxt = driver.findElement(org.openqa.selenium.By.xpath(reportgroup)).getText(): null

2018-06-18 14:01:10 - [TEST_STEP][PASSED] - Statement - If (reportgroupTxt == "AutomationGroup1"): null

2018-06-18 14:01:10 - [TEST_STEP][PASSED] - Statement - Else: null

2018-06-18 14:01:10 - [TEST_STEP][PASSED] - Statement - If (!(TCflag)): null

2018-06-18 14:01:10 - [TEST_STEP][PASSED] - Statement - reportgroup = "(//div[@class='ctable']/table/tbody/tr[@class='tdata clear'])[" + i + "]/td[7]": null

2018-06-18 14:01:10 - [TEST_STEP][PASSED] - Statement - reportgroupTxt = driver.findElement(org.openqa.selenium.By.xpath(reportgroup)).getText(): null

2018-06-18 14:01:10 - [TEST_STEP][PASSED] - Statement - If (reportgroupTxt == "AutomationGroup1"): null

2018-06-18 14:01:10 - [TEST_STEP][PASSED] - Statement - println("Report group has right group name"): null

2018-06-18 14:01:10 - [TEST_STEP][PASSED] - Statement - reportgroup = "(//div[@class='ctable']/table/tbody/tr[@class='tdata clear'])[" + i + "]/td[7]": null

2018-06-18 14:01:10 - [TEST_STEP][PASSED] - Statement - reportgroupTxt = driver.findElement(org.openqa.selenium.By.xpath(reportgroup)).getText(): null

2018-06-18 14:01:10 - [TEST_STEP][PASSED] - Statement - If (reportgroupTxt == "AutomationGroup1"): null

2018-06-18 14:01:10 - [TEST_STEP][PASSED] - Statement - println("Report group has right group name"): null

2018-06-18 14:01:10 - [TEST_STEP][PASSED] - Statement - reportgroup = "(//div[@class='ctable']/table/tbody/tr[@class='tdata clear'])[" + i + "]/td[7]": null

2018-06-18 14:01:10 - [TEST_STEP][PASSED] - Statement - reportgroupTxt = driver.findElement(org.openqa.selenium.By.xpath(reportgroup)).getText(): null

2018-06-18 14:01:10 - [TEST_STEP][PASSED] - Statement - If (reportgroupTxt == "AutomationGroup1"): null

2018-06-18 14:01:10 - [TEST_STEP][PASSED] - Statement - println("Report group has right group name"): null

2018-06-18 14:01:10 - [TEST_STEP][PASSED] - Statement - reportgroup = "(//div[@class='ctable']/table/tbody/tr[@class='tdata clear'])[" + i + "]/td[7]": null

2018-06-18 14:01:10 - [TEST_STEP][PASSED] - Statement - reportgroupTxt = driver.findElement(org.openqa.selenium.By.xpath(reportgroup)).getText(): null

2018-06-18 14:01:10 - [TEST_STEP][PASSED] - Statement - If (reportgroupTxt == "AutomationGroup1"): null

2018-06-18 14:01:10 - [TEST_STEP][PASSED] - Statement - println("Report group has right group name"): null

2018-06-18 14:01:10 - [TEST_STEP][PASSED] - Statement - reportgroup = "(//div[@class='ctable']/table/tbody/tr[@class='tdata clear'])[" + i + "]/td[7]": null

2018-06-18 14:01:10 - [TEST_STEP][PASSED] - Statement - reportgroupTxt = driver.findElement(org.openqa.selenium.By.xpath(reportgroup)).getText(): null

2018-06-18 14:01:10 - [TEST_STEP][PASSED] - Statement - If (reportgroupTxt == "AutomationGroup1"): null

2018-06-18 14:01:10 - [TEST_STEP][PASSED] - Statement - println("Report group has right group name"): null

2018-06-18 14:01:10 - [TEST_STEP][PASSED] - Statement - reportgroup = "(//div[@class='ctable']/table/tbody/tr[@class='tdata clear'])[" + i + "]/td[7]": null

2018-06-18 14:01:10 - [TEST_STEP][PASSED] - Statement - reportgroupTxt = driver.findElement(org.openqa.selenium.By.xpath(reportgroup)).getText(): null

2018-06-18 14:01:10 - [TEST_STEP][PASSED] - Statement - If (reportgroupTxt == "AutomationGroup1"): null

2018-06-18 14:01:10 - [TEST_STEP][PASSED] - Statement - println("Report group has right group name"): null

2018-06-18 14:01:10 - [TEST_STEP][PASSED] - Statement - reportgroup = "(//div[@class='ctable']/table/tbody/tr[@class='tdata clear'])[" + i + "]/td[7]": null

2018-06-18 14:01:10 - [TEST_STEP][PASSED] - Statement - reportgroupTxt = driver.findElement(org.openqa.selenium.By.xpath(reportgroup)).getText(): null

2018-06-18 14:01:10 - [TEST_STEP][PASSED] - Statement - If (reportgroupTxt == "AutomationGroup1"): null

2018-06-18 14:01:10 - [TEST_STEP][PASSED] - Statement - println("Report group has right group name"): null

2018-06-18 14:01:10 - [TEST_STEP][PASSED] - Statement - reportgroup = "(//div[@class='ctable']/table/tbody/tr[@class='tdata clear'])[" + i + "]/td[7]": null

2018-06-18 14:01:10 - [TEST_STEP][PASSED] - Statement - reportgroupTxt = driver.findElement(org.openqa.selenium.By.xpath(reportgroup)).getText(): null

2018-06-18 14:01:10 - [TEST_STEP][PASSED] - Statement - If (reportgroupTxt == "AutomationGroup1"): null

2018-06-18 14:01:10 - [TEST_STEP][PASSED] - Statement - Else: null

2018-06-18 14:01:10 - [TEST_STEP][PASSED] - Statement - If (!(TCflag)): null

2018-06-18 14:01:10 - [TEST_STEP][PASSED] - Statement - reportgroup = "(//div[@class='ctable']/table/tbody/tr[@class='tdata clear'])[" + i + "]/td[7]": null

2018-06-18 14:01:10 - [TEST_STEP][PASSED] - Statement - reportgroupTxt = driver.findElement(org.openqa.selenium.By.xpath(reportgroup)).getText(): null

2018-06-18 14:01:10 - [TEST_STEP][PASSED] - Statement - If (reportgroupTxt == "AutomationGroup1"): null

2018-06-18 14:01:10 - [TEST_STEP][PASSED] - Statement - Else: null

2018-06-18 14:01:10 - [TEST_STEP][PASSED] - Statement - If (!(TCflag)): null

2018-06-18 14:01:10 - [TEST_STEP][PASSED] - Statement - reportgroup = "(//div[@class='ctable']/table/tbody/tr[@class='tdata clear'])[" + i + "]/td[7]": null

2018-06-18 14:01:10 - [TEST_STEP][PASSED] - Statement - reportgroupTxt = driver.findElement(org.openqa.selenium.By.xpath(reportgroup)).getText(): null

2018-06-18 14:01:10 - [TEST_STEP][PASSED] - Statement - If (reportgroupTxt == "AutomationGroup1"): null

2018-06-18 14:01:10 - [TEST_STEP][PASSED] - Statement - println("Report group has right group name"): null

2018-06-18 14:01:10 - [TEST_STEP][PASSED] - Statement - reportgroup = "(//div[@class='ctable']/table/tbody/tr[@class='tdata clear'])[" + i + "]/td[7]": null

2018-06-18 14:01:10 - [TEST_STEP][PASSED] - Statement - reportgroupTxt = driver.findElement(org.openqa.selenium.By.xpath(reportgroup)).getText(): null

2018-06-18 14:01:10 - [TEST_STEP][PASSED] - Statement - If (reportgroupTxt == "AutomationGroup1"): null

2018-06-18 14:01:10 - [TEST_STEP][PASSED] - Statement - println("Report group has right group name"): null

2018-06-18 14:01:10 - [TEST_STEP][PASSED] - Statement - reportgroup = "(//div[@class='ctable']/table/tbody/tr[@class='tdata clear'])[" + i + "]/td[7]": null

2018-06-18 14:01:10 - [TEST_STEP][PASSED] - Statement - reportgroupTxt = driver.findElement(org.openqa.selenium.By.xpath(reportgroup)).getText(): null

2018-06-18 14:01:10 - [TEST_STEP][PASSED] - Statement - If (reportgroupTxt == "AutomationGroup1"): null

2018-06-18 14:01:10 - [TEST_STEP][PASSED] - Statement - println("Report group has right group name"): null

2018-06-18 14:01:10 - [TEST_STEP][PASSED] - Statement - reportgroup = "(//div[@class='ctable']/table/tbody/tr[@class='tdata clear'])[" + i + "]/td[7]": null

2018-06-18 14:01:10 - [TEST_STEP][PASSED] - Statement - reportgroupTxt = driver.findElement(org.openqa.selenium.By.xpath(reportgroup)).getText(): null

2018-06-18 14:01:10 - [TEST_STEP][PASSED] - Statement - If (reportgroupTxt == "AutomationGroup1"): null

2018-06-18 14:01:10 - [TEST_STEP][PASSED] - Statement - println("Report group has right group name"): null

2018-06-18 14:01:10 - [TEST_STEP][PASSED] - Statement - reportgroup = "(//div[@class='ctable']/table/tbody/tr[@class='tdata clear'])[" + i + "]/td[7]": null

2018-06-18 14:01:10 - [TEST_STEP][PASSED] - Statement - reportgroupTxt = driver.findElement(org.openqa.selenium.By.xpath(reportgroup)).getText(): null

2018-06-18 14:01:10 - [TEST_STEP][PASSED] - Statement - If (reportgroupTxt == "AutomationGroup1"): null

2018-06-18 14:01:10 - [TEST_STEP][PASSED] - Statement - println("Report group has right group name"): null

2018-06-18 14:01:10 - [TEST_STEP][PASSED] - Statement - reportgroup = "(//div[@class='ctable']/table/tbody/tr[@class='tdata clear'])[" + i + "]/td[7]": null

2018-06-18 14:01:10 - [TEST_STEP][PASSED] - Statement - reportgroupTxt = driver.findElement(org.openqa.selenium.By.xpath(reportgroup)).getText(): null

2018-06-18 14:01:10 - [TEST_STEP][PASSED] - Statement - If (reportgroupTxt == "AutomationGroup1"): null

2018-06-18 14:01:10 - [TEST_STEP][PASSED] - Statement - println("Report group has right group name"): null

2018-06-18 14:01:10 - [TEST_STEP][PASSED] - Statement - reportgroup = "(//div[@class='ctable']/table/tbody/tr[@class='tdata clear'])[" + i + "]/td[7]": null

2018-06-18 14:01:10 - [TEST_STEP][PASSED] - Statement - reportgroupTxt = driver.findElement(org.openqa.selenium.By.xpath(reportgroup)).getText(): null

2018-06-18 14:01:10 - [TEST_STEP][PASSED] - Statement - If (reportgroupTxt == "AutomationGroup1"): null

2018-06-18 14:01:10 - [TEST_STEP][PASSED] - Statement - println("Report group has right group name"): null

2018-06-18 14:01:10 - [TEST_STEP][PASSED] - Statement - reportgroup = "(//div[@class='ctable']/table/tbody/tr[@class='tdata clear'])[" + i + "]/td[7]": null

2018-06-18 14:01:10 - [TEST_STEP][PASSED] - Statement - reportgroupTxt = driver.findElement(org.openqa.selenium.By.xpath(reportgroup)).getText(): null

2018-06-18 14:01:10 - [TEST_STEP][PASSED] - Statement - If (reportgroupTxt == "AutomationGroup1"): null

2018-06-18 14:01:10 - [TEST_STEP][PASSED] - Statement - println("Report group has right group name"): null

2018-06-18 14:01:10 - [TEST_STEP][PASSED] - Statement - reportgroup = "(//div[@class='ctable']/table/tbody/tr[@class='tdata clear'])[" + i + "]/td[7]": null

2018-06-18 14:01:10 - [TEST_STEP][PASSED] - Statement - reportgroupTxt = driver.findElement(org.openqa.selenium.By.xpath(reportgroup)).getText(): null

2018-06-18 14:01:10 - [TEST_STEP][PASSED] - Statement - If (reportgroupTxt == "AutomationGroup1"): null

2018-06-18 14:01:10 - [TEST_STEP][PASSED] - Statement - println("Report group has right group name"): null

2018-06-18 14:01:10 - [TEST_STEP][PASSED] - Statement - reportgroup = "(//div[@class='ctable']/table/tbody/tr[@class='tdata clear'])[" + i + "]/td[7]": null

2018-06-18 14:01:10 - [TEST_STEP][PASSED] - Statement - reportgroupTxt = driver.findElement(org.openqa.selenium.By.xpath(reportgroup)).getText(): null

2018-06-18 14:01:10 - [TEST_STEP][PASSED] - Statement - If (reportgroupTxt == "AutomationGroup1"): null

2018-06-18 14:01:10 - [TEST_STEP][PASSED] - Statement - println("Report group has right group name"): null

2018-06-18 14:01:10 - [TEST_STEP][PASSED] - Statement - reportgroup = "(//div[@class='ctable']/table/tbody/tr[@class='tdata clear'])[" + i + "]/td[7]": null

2018-06-18 14:01:10 - [TEST_STEP][PASSED] - Statement - reportgroupTxt = driver.findElement(org.openqa.selenium.By.xpath(reportgroup)).getText(): null

2018-06-18 14:01:10 - [TEST_STEP][PASSED] - Statement - If (reportgroupTxt == "AutomationGroup1"): null

2018-06-18 14:01:10 - [TEST_STEP][PASSED] - Statement - println("Report group has right group name"): null

2018-06-18 14:01:10 - [TEST_STEP][PASSED] - Statement - reportgroup = "(//div[@class='ctable']/table/tbody/tr[@class='tdata clear'])[" + i + "]/td[7]": null

2018-06-18 14:01:10 - [TEST_STEP][PASSED] - Statement - reportgroupTxt = driver.findElement(org.openqa.selenium.By.xpath(reportgroup)).getText(): null

2018-06-18 14:01:10 - [TEST_STEP][PASSED] - Statement - If (reportgroupTxt == "AutomationGroup1"): null

2018-06-18 14:01:10 - [TEST_STEP][PASSED] - Statement - Else: null

2018-06-18 14:01:10 - [TEST_STEP][PASSED] - Statement - If (!(TCflag)): null

2018-06-18 14:01:10 - [TEST_STEP][PASSED] - Statement - reportgroup = "(//div[@class='ctable']/table/tbody/tr[@class='tdata clear'])[" + i + "]/td[7]": null

2018-06-18 14:01:10 - [TEST_STEP][PASSED] - Statement - reportgroupTxt = driver.findElement(org.openqa.selenium.By.xpath(reportgroup)).getText(): null

2018-06-18 14:01:10 - [TEST_STEP][PASSED] - Statement - If (reportgroupTxt == "AutomationGroup1"): null

2018-06-18 14:01:10 - [TEST_STEP][PASSED] - Statement - println("Report group has right group name"): null

2018-06-18 14:01:10 - [TEST_STEP][PASSED] - Statement - reportgroup = "(//div[@class='ctable']/table/tbody/tr[@class='tdata clear'])[" + i + "]/td[7]": null

2018-06-18 14:01:10 - [TEST_STEP][PASSED] - Statement - reportgroupTxt = driver.findElement(org.openqa.selenium.By.xpath(reportgroup)).getText(): null

2018-06-18 14:01:10 - [TEST_STEP][PASSED] - Statement - If (reportgroupTxt == "AutomationGroup1"): null

2018-06-18 14:01:10 - [TEST_STEP][PASSED] - Statement - println("Report group has right group name"): null

2018-06-18 14:01:10 - [TEST_STEP][PASSED] - Statement - reportgroup = "(//div[@class='ctable']/table/tbody/tr[@class='tdata clear'])[" + i + "]/td[7]": null

2018-06-18 14:01:10 - [TEST_STEP][PASSED] - Statement - reportgroupTxt = driver.findElement(org.openqa.selenium.By.xpath(reportgroup)).getText(): null

2018-06-18 14:01:10 - [TEST_STEP][PASSED] - Statement - If (reportgroupTxt == "AutomationGroup1"): null

2018-06-18 14:01:10 - [TEST_STEP][PASSED] - Statement - println("Report group has right group name"): null

2018-06-18 14:01:10 - [TEST_STEP][PASSED] - Statement - reportgroup = "(//div[@class='ctable']/table/tbody/tr[@class='tdata clear'])[" + i + "]/td[7]": null

2018-06-18 14:01:10 - [TEST_STEP][PASSED] - Statement - reportgroupTxt = driver.findElement(org.openqa.selenium.By.xpath(reportgroup)).getText(): null

2018-06-18 14:01:10 - [TEST_STEP][PASSED] - Statement - If (reportgroupTxt == "AutomationGroup1"): null

2018-06-18 14:01:10 - [TEST_STEP][PASSED] - Statement - println("Report group has right group name"): null

2018-06-18 14:01:10 - [TEST_STEP][PASSED] - Statement - reportgroup = "(//div[@class='ctable']/table/tbody/tr[@class='tdata clear'])[" + i + "]/td[7]": null

2018-06-18 14:01:10 - [TEST_STEP][PASSED] - Statement - reportgroupTxt = driver.findElement(org.openqa.selenium.By.xpath(reportgroup)).getText(): null

2018-06-18 14:01:10 - [TEST_STEP][PASSED] - Statement - If (reportgroupTxt == "AutomationGroup1"): null

2018-06-18 14:01:10 - [TEST_STEP][PASSED] - Statement - println("Report group has right group name"): null

2018-06-18 14:01:10 - [TEST_STEP][PASSED] - Statement - reportgroup = "(//div[@class='ctable']/table/tbody/tr[@class='tdata clear'])[" + i + "]/td[7]": null

2018-06-18 14:01:10 - [TEST_STEP][PASSED] - Statement - reportgroupTxt = driver.findElement(org.openqa.selenium.By.xpath(reportgroup)).getText(): null

2018-06-18 14:01:10 - [TEST_STEP][PASSED] - Statement - If (reportgroupTxt == "AutomationGroup1"): null

2018-06-18 14:01:10 - [TEST_STEP][PASSED] - Statement - println("Report group has right group name"): null

2018-06-18 14:01:10 - [TEST_STEP][PASSED] - Statement - reportgroup = "(//div[@class='ctable']/table/tbody/tr[@class='tdata clear'])[" + i + "]/td[7]": null

2018-06-18 14:01:10 - [TEST_STEP][PASSED] - Statement - reportgroupTxt = driver.findElement(org.openqa.selenium.By.xpath(reportgroup)).getText(): null

2018-06-18 14:01:10 - [TEST_STEP][PASSED] - Statement - If (reportgroupTxt == "AutomationGroup1"): null

2018-06-18 14:01:10 - [TEST_STEP][PASSED] - Statement - println("Report group has right group name"): null

2018-06-18 14:01:10 - [TEST_STEP][PASSED] - Statement - reportgroup = "(//div[@class='ctable']/table/tbody/tr[@class='tdata clear'])[" + i + "]/td[7]": null

2018-06-18 14:01:10 - [TEST_STEP][PASSED] - Statement - reportgroupTxt = driver.findElement(org.openqa.selenium.By.xpath(reportgroup)).getText(): null

2018-06-18 14:01:11 - [TEST_STEP][PASSED] - Statement - If (reportgroupTxt == "AutomationGroup1"): null

2018-06-18 14:01:11 - [TEST_STEP][PASSED] - Statement - Else: null

2018-06-18 14:01:11 - [TEST_STEP][PASSED] - Statement - If (!(TCflag)): null

2018-06-18 14:01:11 - [TEST_STEP][PASSED] - Statement - reportgroup = "(//div[@class='ctable']/table/tbody/tr[@class='tdata clear'])[" + i + "]/td[7]": null

2018-06-18 14:01:11 - [TEST_STEP][PASSED] - Statement - reportgroupTxt = driver.findElement(org.openqa.selenium.By.xpath(reportgroup)).getText(): null

2018-06-18 14:01:11 - [TEST_STEP][PASSED] - Statement - If (reportgroupTxt == "AutomationGroup1"): null

2018-06-18 14:01:11 - [TEST_STEP][PASSED] - Statement - Else: null

2018-06-18 14:01:11 - [TEST_STEP][PASSED] - Statement - If (!(TCflag)): null

2018-06-18 14:01:11 - [TEST_STEP][PASSED] - Statement - reportgroup = "(//div[@class='ctable']/table/tbody/tr[@class='tdata clear'])[" + i + "]/td[7]": null

2018-06-18 14:01:11 - [TEST_STEP][PASSED] - Statement - reportgroupTxt = driver.findElement(org.openqa.selenium.By.xpath(reportgroup)).getText(): null

2018-06-18 14:01:11 - [TEST_STEP][PASSED] - Statement - If (reportgroupTxt == "AutomationGroup1"): null

2018-06-18 14:01:11 - [TEST_STEP][PASSED] - Statement - println("Report group has right group name"): null

2018-06-18 14:01:11 - [TEST_STEP][PASSED] - Statement - reportgroup = "(//div[@class='ctable']/table/tbody/tr[@class='tdata clear'])[" + i + "]/td[7]": null

2018-06-18 14:01:11 - [TEST_STEP][PASSED] - Statement - reportgroupTxt = driver.findElement(org.openqa.selenium.By.xpath(reportgroup)).getText(): null

2018-06-18 14:01:11 - [TEST_STEP][PASSED] - Statement - If (reportgroupTxt == "AutomationGroup1"): null

2018-06-18 14:01:11 - [TEST_STEP][PASSED] - Statement - println("Report group has right group name"): null

2018-06-18 14:01:11 - [TEST_STEP][PASSED] - Statement - reportgroup = "(//div[@class='ctable']/table/tbody/tr[@class='tdata clear'])[" + i + "]/td[7]": null

2018-06-18 14:01:11 - [TEST_STEP][PASSED] - Statement - reportgroupTxt = driver.findElement(org.openqa.selenium.By.xpath(reportgroup)).getText(): null

2018-06-18 14:01:11 - [TEST_STEP][PASSED] - Statement - If (reportgroupTxt == "AutomationGroup1"): null

2018-06-18 14:01:11 - [TEST_STEP][PASSED] - Statement - Else: null

2018-06-18 14:01:11 - [TEST_STEP][PASSED] - Statement - If (!(TCflag)): null

2018-06-18 14:01:11 - [TEST_STEP][PASSED] - Statement - reportgroup = "(//div[@class='ctable']/table/tbody/tr[@class='tdata clear'])[" + i + "]/td[7]": null

2018-06-18 14:01:11 - [TEST_STEP][PASSED] - Statement - reportgroupTxt = driver.findElement(org.openqa.selenium.By.xpath(reportgroup)).getText(): null

2018-06-18 14:01:11 - [TEST_STEP][PASSED] - Statement - If (reportgroupTxt == "AutomationGroup1"): null

2018-06-18 14:01:11 - [TEST_STEP][PASSED] - Statement - println("Report group has right group name"): null

2018-06-18 14:01:11 - [TEST_STEP][PASSED] - Statement - reportgroup = "(//div[@class='ctable']/table/tbody/tr[@class='tdata clear'])[" + i + "]/td[7]": null

2018-06-18 14:01:11 - [TEST_STEP][PASSED] - Statement - reportgroupTxt = driver.findElement(org.openqa.selenium.By.xpath(reportgroup)).getText(): null

2018-06-18 14:01:11 - [TEST_STEP][PASSED] - Statement - If (reportgroupTxt == "AutomationGroup1"): null

2018-06-18 14:01:11 - [TEST_STEP][PASSED] - Statement - println("Report group has right group name"): null

2018-06-18 14:01:11 - [TEST_STEP][PASSED] - Statement - reportgroup = "(//div[@class='ctable']/table/tbody/tr[@class='tdata clear'])[" + i + "]/td[7]": null

2018-06-18 14:01:11 - [TEST_STEP][PASSED] - Statement - reportgroupTxt = driver.findElement(org.openqa.selenium.By.xpath(reportgroup)).getText(): null

2018-06-18 14:01:11 - [TEST_STEP][PASSED] - Statement - If (reportgroupTxt == "AutomationGroup1"): null

2018-06-18 14:01:11 - [TEST_STEP][PASSED] - Statement - Else: null

2018-06-18 14:01:11 - [TEST_STEP][PASSED] - Statement - If (!(TCflag)): null

2018-06-18 14:01:11 - [TEST_STEP][PASSED] - Statement - reportgroup = "(//div[@class='ctable']/table/tbody/tr[@class='tdata clear'])[" + i + "]/td[7]": null

2018-06-18 14:01:11 - [TEST_STEP][PASSED] - Statement - reportgroupTxt = driver.findElement(org.openqa.selenium.By.xpath(reportgroup)).getText(): null

2018-06-18 14:01:11 - [TEST_STEP][PASSED] - Statement - If (reportgroupTxt == "AutomationGroup1"): null

2018-06-18 14:01:11 - [TEST_STEP][PASSED] - Statement - println("Report group has right group name"): null

2018-06-18 14:01:11 - [TEST_STEP][PASSED] - Statement - reportgroup = "(//div[@class='ctable']/table/tbody/tr[@class='tdata clear'])[" + i + "]/td[7]": null

2018-06-18 14:01:11 - [TEST_STEP][PASSED] - Statement - reportgroupTxt = driver.findElement(org.openqa.selenium.By.xpath(reportgroup)).getText(): null

2018-06-18 14:01:11 - [TEST_STEP][PASSED] - Statement - If (reportgroupTxt == "AutomationGroup1"): null

2018-06-18 14:01:11 - [TEST_STEP][PASSED] - Statement - println("Report group has right group name"): null

2018-06-18 14:01:11 - [TEST_STEP][PASSED] - Statement - reportgroup = "(//div[@class='ctable']/table/tbody/tr[@class='tdata clear'])[" + i + "]/td[7]": null

2018-06-18 14:01:11 - [TEST_STEP][PASSED] - Statement - reportgroupTxt = driver.findElement(org.openqa.selenium.By.xpath(reportgroup)).getText(): null

2018-06-18 14:01:11 - [TEST_STEP][PASSED] - Statement - If (reportgroupTxt == "AutomationGroup1"): null

2018-06-18 14:01:11 - [TEST_STEP][PASSED] - Statement - Else: null

2018-06-18 14:01:11 - [TEST_STEP][PASSED] - Statement - If (!(TCflag)): null

2018-06-18 14:01:11 - [TEST_STEP][PASSED] - Statement - reportgroup = "(//div[@class='ctable']/table/tbody/tr[@class='tdata clear'])[" + i + "]/td[7]": null

2018-06-18 14:01:11 - [TEST_STEP][PASSED] - Statement - reportgroupTxt = driver.findElement(org.openqa.selenium.By.xpath(reportgroup)).getText(): null

2018-06-18 14:01:11 - [TEST_STEP][PASSED] - Statement - If (reportgroupTxt == "AutomationGroup1"): null

2018-06-18 14:01:11 - [TEST_STEP][PASSED] - Statement - println("Report group has right group name"): null

2018-06-18 14:01:11 - [TEST_STEP][PASSED] - Statement - reportgroup = "(//div[@class='ctable']/table/tbody/tr[@class='tdata clear'])[" + i + "]/td[7]": null

2018-06-18 14:01:11 - [TEST_STEP][PASSED] - Statement - reportgroupTxt = driver.findElement(org.openqa.selenium.By.xpath(reportgroup)).getText(): null

2018-06-18 14:01:11 - [TEST_STEP][PASSED] - Statement - If (reportgroupTxt == "AutomationGroup1"): null

2018-06-18 14:01:11 - [TEST_STEP][PASSED] - Statement - println("Report group has right group name"): null

2018-06-18 14:01:11 - [TEST_STEP][PASSED] - Statement - reportgroup = "(//div[@class='ctable']/table/tbody/tr[@class='tdata clear'])[" + i + "]/td[7]": null

2018-06-18 14:01:11 - [TEST_STEP][PASSED] - Statement - reportgroupTxt = driver.findElement(org.openqa.selenium.By.xpath(reportgroup)).getText(): null

2018-06-18 14:01:11 - [TEST_STEP][PASSED] - Statement - If (reportgroupTxt == "AutomationGroup1"): null

2018-06-18 14:01:11 - [TEST_STEP][PASSED] - Statement - println("Report group has right group name"): null

2018-06-18 14:01:11 - [TEST_STEP][PASSED] - Statement - reportgroup = "(//div[@class='ctable']/table/tbody/tr[@class='tdata clear'])[" + i + "]/td[7]": null

2018-06-18 14:01:11 - [TEST_STEP][PASSED] - Statement - reportgroupTxt = driver.findElement(org.openqa.selenium.By.xpath(reportgroup)).getText(): null

2018-06-18 14:01:11 - [TEST_STEP][PASSED] - Statement - If (reportgroupTxt == "AutomationGroup1"): null

2018-06-18 14:01:11 - [TEST_STEP][PASSED] - Statement - println("Report group has right group name"): null

2018-06-18 14:01:11 - [TEST_STEP][PASSED] - Statement - reportgroup = "(//div[@class='ctable']/table/tbody/tr[@class='tdata clear'])[" + i + "]/td[7]": null

2018-06-18 14:01:11 - [TEST_STEP][PASSED] - Statement - reportgroupTxt = driver.findElement(org.openqa.selenium.By.xpath(reportgroup)).getText(): null

2018-06-18 14:01:11 - [TEST_STEP][PASSED] - Statement - If (reportgroupTxt == "AutomationGroup1"): null

2018-06-18 14:01:11 - [TEST_STEP][PASSED] - Statement - println("Report group has right group name"): null

2018-06-18 14:01:11 - [TEST_STEP][PASSED] - Statement - reportgroup = "(//div[@class='ctable']/table/tbody/tr[@class='tdata clear'])[" + i + "]/td[7]": null

2018-06-18 14:01:11 - [TEST_STEP][PASSED] - Statement - reportgroupTxt = driver.findElement(org.openqa.selenium.By.xpath(reportgroup)).getText(): null

2018-06-18 14:01:11 - [TEST_STEP][PASSED] - Statement - If (reportgroupTxt == "AutomationGroup1"): null

2018-06-18 14:01:11 - [TEST_STEP][PASSED] - Statement - Else: null

2018-06-18 14:01:11 - [TEST_STEP][PASSED] - Statement - If (!(TCflag)): null

2018-06-18 14:01:11 - [TEST_STEP][PASSED] - Statement - reportgroup = "(//div[@class='ctable']/table/tbody/tr[@class='tdata clear'])[" + i + "]/td[7]": null

2018-06-18 14:01:11 - [TEST_STEP][PASSED] - Statement - reportgroupTxt = driver.findElement(org.openqa.selenium.By.xpath(reportgroup)).getText(): null

2018-06-18 14:01:11 - [TEST_STEP][PASSED] - Statement - If (reportgroupTxt == "AutomationGroup1"): null

2018-06-18 14:01:11 - [TEST_STEP][PASSED] - Statement - Else: null

2018-06-18 14:01:11 - [TEST_STEP][PASSED] - Statement - If (!(TCflag)): null

2018-06-18 14:01:11 - [TEST_STEP][PASSED] - Statement - reportgroup = "(//div[@class='ctable']/table/tbody/tr[@class='tdata clear'])[" + i + "]/td[7]": null

2018-06-18 14:01:11 - [TEST_STEP][PASSED] - Statement - reportgroupTxt = driver.findElement(org.openqa.selenium.By.xpath(reportgroup)).getText(): null

2018-06-18 14:01:11 - [TEST_STEP][PASSED] - Statement - If (reportgroupTxt == "AutomationGroup1"): null

2018-06-18 14:01:11 - [TEST_STEP][PASSED] - Statement - println("Report group has right group name"): null

2018-06-18 14:01:11 - [TEST_STEP][PASSED] - Statement - reportgroup = "(//div[@class='ctable']/table/tbody/tr[@class='tdata clear'])[" + i + "]/td[7]": null

2018-06-18 14:01:11 - [TEST_STEP][PASSED] - Statement - reportgroupTxt = driver.findElement(org.openqa.selenium.By.xpath(reportgroup)).getText(): null

2018-06-18 14:01:11 - [TEST_STEP][PASSED] - Statement - If (reportgroupTxt == "AutomationGroup1"): null

2018-06-18 14:01:11 - [TEST_STEP][PASSED] - Statement - println("Report group has right group name"): null

2018-06-18 14:01:11 - [TEST_STEP][PASSED] - Statement - reportgroup = "(//div[@class='ctable']/table/tbody/tr[@class='tdata clear'])[" + i + "]/td[7]": null

2018-06-18 14:01:11 - [TEST_STEP][PASSED] - Statement - reportgroupTxt = driver.findElement(org.openqa.selenium.By.xpath(reportgroup)).getText(): null

2018-06-18 14:01:11 - [TEST_STEP][PASSED] - Statement - If (reportgroupTxt == "AutomationGroup1"): null

2018-06-18 14:01:11 - [TEST_STEP][PASSED] - Statement - println("Report group has right group name"): null

2018-06-18 14:01:11 - [TEST_STEP][PASSED] - Statement - reportgroup = "(//div[@class='ctable']/table/tbody/tr[@class='tdata clear'])[" + i + "]/td[7]": null

2018-06-18 14:01:11 - [TEST_STEP][PASSED] - Statement - reportgroupTxt = driver.findElement(org.openqa.selenium.By.xpath(reportgroup)).getText(): null

2018-06-18 14:01:11 - [TEST_STEP][PASSED] - Statement - If (reportgroupTxt == "AutomationGroup1"): null

2018-06-18 14:01:11 - [TEST_STEP][PASSED] - Statement - println("Report group has right group name"): null

2018-06-18 14:01:11 - [TEST_STEP][PASSED] - Statement - reportgroup = "(//div[@class='ctable']/table/tbody/tr[@class='tdata clear'])[" + i + "]/td[7]": null

2018-06-18 14:01:11 - [TEST_STEP][PASSED] - Statement - reportgroupTxt = driver.findElement(org.openqa.selenium.By.xpath(reportgroup)).getText(): null

2018-06-18 14:01:11 - [TEST_STEP][PASSED] - Statement - If (reportgroupTxt == "AutomationGroup1"): null

2018-06-18 14:01:11 - [TEST_STEP][PASSED] - Statement - println("Report group has right group name"): null

2018-06-18 14:01:11 - [TEST_STEP][PASSED] - Statement - reportgroup = "(//div[@class='ctable']/table/tbody/tr[@class='tdata clear'])[" + i + "]/td[7]": null

2018-06-18 14:01:11 - [TEST_STEP][PASSED] - Statement - reportgroupTxt = driver.findElement(org.openqa.selenium.By.xpath(reportgroup)).getText(): null

2018-06-18 14:01:11 - [TEST_STEP][PASSED] - Statement - If (reportgroupTxt == "AutomationGroup1"): null

2018-06-18 14:01:11 - [TEST_STEP][PASSED] - Statement - println("Report group has right group name"): null

2018-06-18 14:01:11 - [TEST_STEP][PASSED] - Statement - reportgroup = "(//div[@class='ctable']/table/tbody/tr[@class='tdata clear'])[" + i + "]/td[7]": null

2018-06-18 14:01:11 - [TEST_STEP][PASSED] - Statement - reportgroupTxt = driver.findElement(org.openqa.selenium.By.xpath(reportgroup)).getText(): null

2018-06-18 14:01:11 - [TEST_STEP][PASSED] - Statement - If (reportgroupTxt == "AutomationGroup1"): null

2018-06-18 14:01:11 - [TEST_STEP][PASSED] - Statement - println("Report group has right group name"): null

2018-06-18 14:01:11 - [TEST_STEP][PASSED] - Statement - reportgroup = "(//div[@class='ctable']/table/tbody/tr[@class='tdata clear'])[" + i + "]/td[7]": null

2018-06-18 14:01:11 - [TEST_STEP][PASSED] - Statement - reportgroupTxt = driver.findElement(org.openqa.selenium.By.xpath(reportgroup)).getText(): null

2018-06-18 14:01:11 - [TEST_STEP][PASSED] - Statement - If (reportgroupTxt == "AutomationGroup1"): null

2018-06-18 14:01:11 - [TEST_STEP][PASSED] - Statement - println("Report group has right group name"): null

2018-06-18 14:01:11 - [TEST_STEP][PASSED] - Statement - reportgroup = "(//div[@class='ctable']/table/tbody/tr[@class='tdata clear'])[" + i + "]/td[7]": null

2018-06-18 14:01:11 - [TEST_STEP][PASSED] - Statement - reportgroupTxt = driver.findElement(org.openqa.selenium.By.xpath(reportgroup)).getText(): null

2018-06-18 14:01:11 - [TEST_STEP][PASSED] - Statement - If (reportgroupTxt == "AutomationGroup1"): null

2018-06-18 14:01:11 - [TEST_STEP][PASSED] - Statement - println("Report group has right group name"): null

2018-06-18 14:01:11 - [TEST_STEP][PASSED] - Statement - reportgroup = "(//div[@class='ctable']/table/tbody/tr[@class='tdata clear'])[" + i + "]/td[7]": null

2018-06-18 14:01:11 - [TEST_STEP][PASSED] - Statement - reportgroupTxt = driver.findElement(org.openqa.selenium.By.xpath(reportgroup)).getText(): null

2018-06-18 14:01:11 - [TEST_STEP][PASSED] - Statement - If (reportgroupTxt == "AutomationGroup1"): null

2018-06-18 14:01:11 - [TEST_STEP][PASSED] - Statement - println("Report group has right group name"): null

2018-06-18 14:01:11 - [TEST_STEP][PASSED] - Statement - reportgroup = "(//div[@class='ctable']/table/tbody/tr[@class='tdata clear'])[" + i + "]/td[7]": null

2018-06-18 14:01:11 - [TEST_STEP][PASSED] - Statement - reportgroupTxt = driver.findElement(org.openqa.selenium.By.xpath(reportgroup)).getText(): null

2018-06-18 14:01:11 - [TEST_STEP][PASSED] - Statement - If (reportgroupTxt == "AutomationGroup1"): null

2018-06-18 14:01:11 - [TEST_STEP][PASSED] - Statement - Else: null

2018-06-18 14:01:11 - [TEST_STEP][PASSED] - Statement - If (!(TCflag)): null

2018-06-18 14:01:11 - [TEST_STEP][PASSED] - Statement - reportgroup = "(//div[@class='ctable']/table/tbody/tr[@class='tdata clear'])[" + i + "]/td[7]": null

2018-06-18 14:01:11 - [TEST_STEP][PASSED] - Statement - reportgroupTxt = driver.findElement(org.openqa.selenium.By.xpath(reportgroup)).getText(): null

2018-06-18 14:01:11 - [TEST_STEP][PASSED] - Statement - If (reportgroupTxt == "AutomationGroup1"): null

2018-06-18 14:01:11 - [TEST_STEP][PASSED] - Statement - println("Report group has right group name"): null

2018-06-18 14:01:11 - [TEST_STEP][PASSED] - Statement - reportgroup = "(//div[@class='ctable']/table/tbody/tr[@class='tdata clear'])[" + i + "]/td[7]": null

2018-06-18 14:01:11 - [TEST_STEP][PASSED] - Statement - reportgroupTxt = driver.findElement(org.openqa.selenium.By.xpath(reportgroup)).getText(): null

2018-06-18 14:01:11 - [TEST_STEP][PASSED] - Statement - If (reportgroupTxt == "AutomationGroup1"): null

2018-06-18 14:01:11 - [TEST_STEP][PASSED] - Statement - println("Report group has right group name"): null

2018-06-18 14:01:11 - [TEST_STEP][PASSED] - Statement - reportgroup = "(//div[@class='ctable']/table/tbody/tr[@class='tdata clear'])[" + i + "]/td[7]": null

2018-06-18 14:01:11 - [TEST_STEP][PASSED] - Statement - reportgroupTxt = driver.findElement(org.openqa.selenium.By.xpath(reportgroup)).getText(): null

2018-06-18 14:01:11 - [TEST_STEP][PASSED] - Statement - If (reportgroupTxt == "AutomationGroup1"): null

2018-06-18 14:01:11 - [TEST_STEP][PASSED] - Statement - println("Report group has right group name"): null

2018-06-18 14:01:11 - [TEST_STEP][PASSED] - Statement - reportgroup = "(//div[@class='ctable']/table/tbody/tr[@class='tdata clear'])[" + i + "]/td[7]": null

2018-06-18 14:01:11 - [TEST_STEP][PASSED] - Statement - reportgroupTxt = driver.findElement(org.openqa.selenium.By.xpath(reportgroup)).getText(): null

2018-06-18 14:01:11 - [TEST_STEP][PASSED] - Statement - If (reportgroupTxt == "AutomationGroup1"): null

2018-06-18 14:01:11 - [TEST_STEP][PASSED] - Statement - println("Report group has right group name"): null

2018-06-18 14:01:11 - [TEST_STEP][PASSED] - Statement - reportgroup = "(//div[@class='ctable']/table/tbody/tr[@class='tdata clear'])[" + i + "]/td[7]": null

2018-06-18 14:01:11 - [TEST_STEP][PASSED] - Statement - reportgroupTxt = driver.findElement(org.openqa.selenium.By.xpath(reportgroup)).getText(): null

2018-06-18 14:01:11 - [TEST_STEP][PASSED] - Statement - If (reportgroupTxt == "AutomationGroup1"): null

2018-06-18 14:01:11 - [TEST_STEP][PASSED] - Statement - Else: null

2018-06-18 14:01:11 - [TEST_STEP][PASSED] - Statement - If (!(TCflag)): null

2018-06-18 14:01:11 - [TEST_STEP][PASSED] - Statement - reportgroup = "(//div[@class='ctable']/table/tbody/tr[@class='tdata clear'])[" + i + "]/td[7]": null

2018-06-18 14:01:11 - [TEST_STEP][PASSED] - Statement - reportgroupTxt = driver.findElement(org.openqa.selenium.By.xpath(reportgroup)).getText(): null

2018-06-18 14:01:12 - [TEST_STEP][PASSED] - Statement - If (reportgroupTxt == "AutomationGroup1"): null

2018-06-18 14:01:12 - [TEST_STEP][PASSED] - Statement - Else: null

2018-06-18 14:01:12 - [TEST_STEP][PASSED] - Statement - If (!(TCflag)): null

2018-06-18 14:01:12 - [TEST_STEP][PASSED] - Statement - reportgroup = "(//div[@class='ctable']/table/tbody/tr[@class='tdata clear'])[" + i + "]/td[7]": null

2018-06-18 14:01:12 - [TEST_STEP][PASSED] - Statement - reportgroupTxt = driver.findElement(org.openqa.selenium.By.xpath(reportgroup)).getText(): null

2018-06-18 14:01:12 - [TEST_STEP][PASSED] - Statement - If (reportgroupTxt == "AutomationGroup1"): null

2018-06-18 14:01:12 - [TEST_STEP][PASSED] - Statement - Else: null

2018-06-18 14:01:12 - [TEST_STEP][PASSED] - Statement - If (!(TCflag)): null

2018-06-18 14:01:12 - [TEST_STEP][PASSED] - Statement - reportgroup = "(//div[@class='ctable']/table/tbody/tr[@class='tdata clear'])[" + i + "]/td[7]": null

2018-06-18 14:01:12 - [TEST_STEP][PASSED] - Statement - reportgroupTxt = driver.findElement(org.openqa.selenium.By.xpath(reportgroup)).getText(): null

2018-06-18 14:01:12 - [TEST_STEP][PASSED] - Statement - If (reportgroupTxt == "AutomationGroup1"): null

2018-06-18 14:01:12 - [TEST_STEP][PASSED] - Statement - println("Report group has right group name"): null

2018-06-18 14:01:12 - [TEST_STEP][PASSED] - Statement - reportgroup = "(//div[@class='ctable']/table/tbody/tr[@class='tdata clear'])[" + i + "]/td[7]": null

2018-06-18 14:01:12 - [TEST_STEP][PASSED] - Statement - reportgroupTxt = driver.findElement(org.openqa.selenium.By.xpath(reportgroup)).getText(): null

2018-06-18 14:01:12 - [TEST_STEP][PASSED] - Statement - If (reportgroupTxt == "AutomationGroup1"): null

2018-06-18 14:01:12 - [TEST_STEP][PASSED] - Statement - println("Report group has right group name"): null

2018-06-18 14:01:12 - [TEST_STEP][PASSED] - Statement - reportgroup = "(//div[@class='ctable']/table/tbody/tr[@class='tdata clear'])[" + i + "]/td[7]": null

2018-06-18 14:01:12 - [TEST_STEP][PASSED] - Statement - reportgroupTxt = driver.findElement(org.openqa.selenium.By.xpath(reportgroup)).getText(): null

2018-06-18 14:01:12 - [TEST_STEP][PASSED] - Statement - If (reportgroupTxt == "AutomationGroup1"): null

2018-06-18 14:01:12 - [TEST_STEP][PASSED] - Statement - println("Report group has right group name"): null

2018-06-18 14:01:12 - [TEST_STEP][PASSED] - Statement - reportgroup = "(//div[@class='ctable']/table/tbody/tr[@class='tdata clear'])[" + i + "]/td[7]": null

2018-06-18 14:01:12 - [TEST_STEP][PASSED] - Statement - reportgroupTxt = driver.findElement(org.openqa.selenium.By.xpath(reportgroup)).getText(): null

2018-06-18 14:01:12 - [TEST_STEP][PASSED] - Statement - If (reportgroupTxt == "AutomationGroup1"): null

2018-06-18 14:01:12 - [TEST_STEP][PASSED] - Statement - println("Report group has right group name"): null

2018-06-18 14:01:12 - [TEST_STEP][PASSED] - Statement - reportgroup = "(//div[@class='ctable']/table/tbody/tr[@class='tdata clear'])[" + i + "]/td[7]": null

2018-06-18 14:01:12 - [TEST_STEP][PASSED] - Statement - reportgroupTxt = driver.findElement(org.openqa.selenium.By.xpath(reportgroup)).getText(): null

2018-06-18 14:01:12 - [TEST_STEP][PASSED] - Statement - If (reportgroupTxt == "AutomationGroup1"): null

2018-06-18 14:01:12 - [TEST_STEP][PASSED] - Statement - println("Report group has right group name"): null

2018-06-18 14:01:12 - [TEST_STEP][PASSED] - Statement - reportgroup = "(//div[@class='ctable']/table/tbody/tr[@class='tdata clear'])[" + i + "]/td[7]": null

2018-06-18 14:01:12 - [TEST_STEP][PASSED] - Statement - reportgroupTxt = driver.findElement(org.openqa.selenium.By.xpath(reportgroup)).getText(): null

2018-06-18 14:01:12 - [TEST_STEP][PASSED] - Statement - If (reportgroupTxt == "AutomationGroup1"): null

2018-06-18 14:01:12 - [TEST_STEP][PASSED] - Statement - println("Report group has right group name"): null

2018-06-18 14:01:12 - [TEST_STEP][PASSED] - Statement - reportgroup = "(//div[@class='ctable']/table/tbody/tr[@class='tdata clear'])[" + i + "]/td[7]": null

2018-06-18 14:01:12 - [TEST_STEP][PASSED] - Statement - reportgroupTxt = driver.findElement(org.openqa.selenium.By.xpath(reportgroup)).getText(): null

2018-06-18 14:01:12 - [TEST_STEP][PASSED] - Statement - If (reportgroupTxt == "AutomationGroup1"): null

2018-06-18 14:01:12 - [TEST_STEP][PASSED] - Statement - println("Report group has right group name"): null

2018-06-18 14:01:12 - [TEST_STEP][PASSED] - Statement - reportgroup = "(//div[@class='ctable']/table/tbody/tr[@class='tdata clear'])[" + i + "]/td[7]": null

2018-06-18 14:01:12 - [TEST_STEP][PASSED] - Statement - reportgroupTxt = driver.findElement(org.openqa.selenium.By.xpath(reportgroup)).getText(): null

2018-06-18 14:01:12 - [TEST_STEP][PASSED] - Statement - If (reportgroupTxt == "AutomationGroup1"): null

2018-06-18 14:01:12 - [TEST_STEP][PASSED] - Statement - println("Report group has right group name"): null

2018-06-18 14:01:12 - [TEST_STEP][PASSED] - Statement - reportgroup = "(//div[@class='ctable']/table/tbody/tr[@class='tdata clear'])[" + i + "]/td[7]": null

2018-06-18 14:01:12 - [TEST_STEP][PASSED] - Statement - reportgroupTxt = driver.findElement(org.openqa.selenium.By.xpath(reportgroup)).getText(): null

2018-06-18 14:01:12 - [TEST_STEP][PASSED] - Statement - If (reportgroupTxt == "AutomationGroup1"): null

2018-06-18 14:01:12 - [TEST_STEP][PASSED] - Statement - Else: null

2018-06-18 14:01:12 - [TEST_STEP][PASSED] - Statement - If (!(TCflag)): null

2018-06-18 14:01:12 - [TEST_STEP][PASSED] - Statement - reportgroup = "(//div[@class='ctable']/table/tbody/tr[@class='tdata clear'])[" + i + "]/td[7]": null

2018-06-18 14:01:12 - [TEST_STEP][PASSED] - Statement - reportgroupTxt = driver.findElement(org.openqa.selenium.By.xpath(reportgroup)).getText(): null

2018-06-18 14:01:12 - [TEST_STEP][PASSED] - Statement - If (reportgroupTxt == "AutomationGroup1"): null

2018-06-18 14:01:12 - [TEST_STEP][PASSED] - Statement - println("Report group has right group name"): null

2018-06-18 14:01:12 - [TEST_STEP][PASSED] - Statement - reportgroup = "(//div[@class='ctable']/table/tbody/tr[@class='tdata clear'])[" + i + "]/td[7]": null

2018-06-18 14:01:12 - [TEST_STEP][PASSED] - Statement - reportgroupTxt = driver.findElement(org.openqa.selenium.By.xpath(reportgroup)).getText(): null

2018-06-18 14:01:12 - [TEST_STEP][PASSED] - Statement - If (reportgroupTxt == "AutomationGroup1"): null

2018-06-18 14:01:12 - [TEST_STEP][PASSED] - Statement - println("Report group has right group name"): null

2018-06-18 14:01:12 - [TEST_STEP][PASSED] - Statement - reportgroup = "(//div[@class='ctable']/table/tbody/tr[@class='tdata clear'])[" + i + "]/td[7]": null

2018-06-18 14:01:12 - [TEST_STEP][PASSED] - Statement - reportgroupTxt = driver.findElement(org.openqa.selenium.By.xpath(reportgroup)).getText(): null

2018-06-18 14:01:12 - [TEST_STEP][PASSED] - Statement - If (reportgroupTxt == "AutomationGroup1"): null

2018-06-18 14:01:12 - [TEST_STEP][PASSED] - Statement - println("Report group has right group name"): null

2018-06-18 14:01:12 - [TEST_STEP][PASSED] - Statement - reportgroup = "(//div[@class='ctable']/table/tbody/tr[@class='tdata clear'])[" + i + "]/td[7]": null

2018-06-18 14:01:12 - [TEST_STEP][PASSED] - Statement - reportgroupTxt = driver.findElement(org.openqa.selenium.By.xpath(reportgroup)).getText(): null

2018-06-18 14:01:12 - [TEST_STEP][PASSED] - Statement - If (reportgroupTxt == "AutomationGroup1"): null

2018-06-18 14:01:12 - [TEST_STEP][PASSED] - Statement - println("Report group has right group name"): null

2018-06-18 14:01:12 - [TEST_STEP][PASSED] - Statement - reportgroup = "(//div[@class='ctable']/table/tbody/tr[@class='tdata clear'])[" + i + "]/td[7]": null

2018-06-18 14:01:12 - [TEST_STEP][PASSED] - Statement - reportgroupTxt = driver.findElement(org.openqa.selenium.By.xpath(reportgroup)).getText(): null

2018-06-18 14:01:12 - [TEST_STEP][PASSED] - Statement - If (reportgroupTxt == "AutomationGroup1"): null

2018-06-18 14:01:12 - [TEST_STEP][PASSED] - Statement - println("Report group has right group name"): null

2018-06-18 14:01:12 - [TEST_STEP][PASSED] - Statement - reportgroup = "(//div[@class='ctable']/table/tbody/tr[@class='tdata clear'])[" + i + "]/td[7]": null

2018-06-18 14:01:12 - [TEST_STEP][PASSED] - Statement - reportgroupTxt = driver.findElement(org.openqa.selenium.By.xpath(reportgroup)).getText(): null

2018-06-18 14:01:12 - [TEST_STEP][PASSED] - Statement - If (reportgroupTxt == "AutomationGroup1"): null

2018-06-18 14:01:12 - [TEST_STEP][PASSED] - Statement - println("Report group has right group name"): null

2018-06-18 14:01:12 - [TEST_STEP][PASSED] - Statement - reportgroup = "(//div[@class='ctable']/table/tbody/tr[@class='tdata clear'])[" + i + "]/td[7]": null

2018-06-18 14:01:12 - [TEST_STEP][PASSED] - Statement - reportgroupTxt = driver.findElement(org.openqa.selenium.By.xpath(reportgroup)).getText(): null

2018-06-18 14:01:12 - [TEST_STEP][PASSED] - Statement - If (reportgroupTxt == "AutomationGroup1"): null

2018-06-18 14:01:12 - [TEST_STEP][PASSED] - Statement - println("Report group has right group name"): null

2018-06-18 14:01:12 - [TEST_STEP][PASSED] - Statement - reportgroup = "(//div[@class='ctable']/table/tbody/tr[@class='tdata clear'])[" + i + "]/td[7]": null

2018-06-18 14:01:12 - [TEST_STEP][PASSED] - Statement - reportgroupTxt = driver.findElement(org.openqa.selenium.By.xpath(reportgroup)).getText(): null

2018-06-18 14:01:12 - [TEST_STEP][PASSED] - Statement - If (reportgroupTxt == "AutomationGroup1"): null

2018-06-18 14:01:12 - [TEST_STEP][PASSED] - Statement - Else: null

2018-06-18 14:01:12 - [TEST_STEP][PASSED] - Statement - If (!(TCflag)): null

2018-06-18 14:01:12 - [TEST_STEP][PASSED] - Statement - reportgroup = "(//div[@class='ctable']/table/tbody/tr[@class='tdata clear'])[" + i + "]/td[7]": null

2018-06-18 14:01:12 - [TEST_STEP][PASSED] - Statement - reportgroupTxt = driver.findElement(org.openqa.selenium.By.xpath(reportgroup)).getText(): null

2018-06-18 14:01:12 - [TEST_STEP][PASSED] - Statement - If (reportgroupTxt == "AutomationGroup1"): null

2018-06-18 14:01:12 - [TEST_STEP][PASSED] - Statement - println("Report group has right group name"): null

2018-06-18 14:01:12 - [TEST_STEP][PASSED] - Statement - reportgroup = "(//div[@class='ctable']/table/tbody/tr[@class='tdata clear'])[" + i + "]/td[7]": null

2018-06-18 14:01:12 - [TEST_STEP][PASSED] - Statement - reportgroupTxt = driver.findElement(org.openqa.selenium.By.xpath(reportgroup)).getText(): null

2018-06-18 14:01:12 - [TEST_STEP][PASSED] - Statement - If (reportgroupTxt == "AutomationGroup1"): null

2018-06-18 14:01:12 - [TEST_STEP][PASSED] - Statement - println("Report group has right group name"): null

2018-06-18 14:01:12 - [TEST_STEP][PASSED] - Statement - reportgroup = "(//div[@class='ctable']/table/tbody/tr[@class='tdata clear'])[" + i + "]/td[7]": null

2018-06-18 14:01:12 - [TEST_STEP][PASSED] - Statement - reportgroupTxt = driver.findElement(org.openqa.selenium.By.xpath(reportgroup)).getText(): null

2018-06-18 14:01:12 - [TEST_STEP][PASSED] - Statement - If (reportgroupTxt == "AutomationGroup1"): null

2018-06-18 14:01:12 - [TEST_STEP][PASSED] - Statement - Else: null

2018-06-18 14:01:12 - [TEST_STEP][PASSED] - Statement - If (!(TCflag)): null

2018-06-18 14:01:12 - [TEST_STEP][PASSED] - Statement - reportgroup = "(//div[@class='ctable']/table/tbody/tr[@class='tdata clear'])[" + i + "]/td[7]": null

2018-06-18 14:01:12 - [TEST_STEP][PASSED] - Statement - reportgroupTxt = driver.findElement(org.openqa.selenium.By.xpath(reportgroup)).getText(): null

2018-06-18 14:01:12 - [TEST_STEP][PASSED] - Statement - If (reportgroupTxt == "AutomationGroup1"): null

2018-06-18 14:01:12 - [TEST_STEP][PASSED] - Statement - println("Report group has right group name"): null

2018-06-18 14:01:12 - [TEST_STEP][PASSED] - Statement - reportgroup = "(//div[@class='ctable']/table/tbody/tr[@class='tdata clear'])[" + i + "]/td[7]": null

2018-06-18 14:01:12 - [TEST_STEP][PASSED] - Statement - reportgroupTxt = driver.findElement(org.openqa.selenium.By.xpath(reportgroup)).getText(): null

2018-06-18 14:01:12 - [TEST_STEP][PASSED] - Statement - If (reportgroupTxt == "AutomationGroup1"): null

2018-06-18 14:01:12 - [TEST_STEP][PASSED] - Statement - println("Report group has right group name"): null

2018-06-18 14:01:12 - [TEST_STEP][PASSED] - Statement - reportgroup = "(//div[@class='ctable']/table/tbody/tr[@class='tdata clear'])[" + i + "]/td[7]": null

2018-06-18 14:01:12 - [TEST_STEP][PASSED] - Statement - reportgroupTxt = driver.findElement(org.openqa.selenium.By.xpath(reportgroup)).getText(): null

2018-06-18 14:01:12 - [TEST_STEP][PASSED] - Statement - If (reportgroupTxt == "AutomationGroup1"): null

2018-06-18 14:01:12 - [TEST_STEP][PASSED] - Statement - println("Report group has right group name"): null

2018-06-18 14:01:12 - [TEST_STEP][PASSED] - Statement - reportgroup = "(//div[@class='ctable']/table/tbody/tr[@class='tdata clear'])[" + i + "]/td[7]": null

2018-06-18 14:01:12 - [TEST_STEP][PASSED] - Statement - reportgroupTxt = driver.findElement(org.openqa.selenium.By.xpath(reportgroup)).getText(): null

2018-06-18 14:01:12 - [TEST_STEP][PASSED] - Statement - If (reportgroupTxt == "AutomationGroup1"): null

2018-06-18 14:01:12 - [TEST_STEP][PASSED] - Statement - println("Report group has right group name"): null

2018-06-18 14:01:12 - [TEST_STEP][PASSED] - Statement - reportgroup = "(//div[@class='ctable']/table/tbody/tr[@class='tdata clear'])[" + i + "]/td[7]": null

2018-06-18 14:01:12 - [TEST_STEP][PASSED] - Statement - reportgroupTxt = driver.findElement(org.openqa.selenium.By.xpath(reportgroup)).getText(): null

2018-06-18 14:01:12 - [TEST_STEP][PASSED] - Statement - If (reportgroupTxt == "AutomationGroup1"): null

2018-06-18 14:01:12 - [TEST_STEP][PASSED] - Statement - println("Report group has right group name"): null

2018-06-18 14:01:12 - [TEST_STEP][PASSED] - Statement - reportgroup = "(//div[@class='ctable']/table/tbody/tr[@class='tdata clear'])[" + i + "]/td[7]": null

2018-06-18 14:01:12 - [TEST_STEP][PASSED] - Statement - reportgroupTxt = driver.findElement(org.openqa.selenium.By.xpath(reportgroup)).getText(): null

2018-06-18 14:01:12 - [TEST_STEP][PASSED] - Statement - If (reportgroupTxt == "AutomationGroup1"): null

2018-06-18 14:01:12 - [TEST_STEP][PASSED] - Statement - Else: null

2018-06-18 14:01:12 - [TEST_STEP][PASSED] - Statement - If (!(TCflag)): null

2018-06-18 14:01:12 - [TEST_STEP][PASSED] - Statement - reportgroup = "(//div[@class='ctable']/table/tbody/tr[@class='tdata clear'])[" + i + "]/td[7]": null

2018-06-18 14:01:12 - [TEST_STEP][PASSED] - Statement - reportgroupTxt = driver.findElement(org.openqa.selenium.By.xpath(reportgroup)).getText(): null

2018-06-18 14:01:12 - [TEST_STEP][PASSED] - Statement - If (reportgroupTxt == "AutomationGroup1"): null

2018-06-18 14:01:12 - [TEST_STEP][PASSED] - Statement - println("Report group has right group name"): null

2018-06-18 14:01:12 - [TEST_STEP][PASSED] - Statement - reportgroup = "(//div[@class='ctable']/table/tbody/tr[@class='tdata clear'])[" + i + "]/td[7]": null

2018-06-18 14:01:12 - [TEST_STEP][PASSED] - Statement - reportgroupTxt = driver.findElement(org.openqa.selenium.By.xpath(reportgroup)).getText(): null

2018-06-18 14:01:12 - [TEST_STEP][PASSED] - Statement - If (reportgroupTxt == "AutomationGroup1"): null

2018-06-18 14:01:12 - [TEST_STEP][PASSED] - Statement - println("Report group has right group name"): null

2018-06-18 14:01:12 - [TEST_STEP][PASSED] - Statement - reportgroup = "(//div[@class='ctable']/table/tbody/tr[@class='tdata clear'])[" + i + "]/td[7]": null

2018-06-18 14:01:12 - [TEST_STEP][PASSED] - Statement - reportgroupTxt = driver.findElement(org.openqa.selenium.By.xpath(reportgroup)).getText(): null

2018-06-18 14:01:12 - [TEST_STEP][PASSED] - Statement - If (reportgroupTxt == "AutomationGroup1"): null

2018-06-18 14:01:12 - [TEST_STEP][PASSED] - Statement - Else: null

2018-06-18 14:01:12 - [TEST_STEP][PASSED] - Statement - If (!(TCflag)): null

2018-06-18 14:01:12 - [TEST_STEP][PASSED] - Statement - reportgroup = "(//div[@class='ctable']/table/tbody/tr[@class='tdata clear'])[" + i + "]/td[7]": null

2018-06-18 14:01:12 - [TEST_STEP][PASSED] - Statement - reportgroupTxt = driver.findElement(org.openqa.selenium.By.xpath(reportgroup)).getText(): null

2018-06-18 14:01:12 - [TEST_STEP][PASSED] - Statement - If (reportgroupTxt == "AutomationGroup1"): null

2018-06-18 14:01:12 - [TEST_STEP][PASSED] - Statement - println("Report group has right group name"): null

2018-06-18 14:01:12 - [TEST_STEP][PASSED] - Statement - reportgroup = "(//div[@class='ctable']/table/tbody/tr[@class='tdata clear'])[" + i + "]/td[7]": null

2018-06-18 14:01:12 - [TEST_STEP][PASSED] - Statement - reportgroupTxt = driver.findElement(org.openqa.selenium.By.xpath(reportgroup)).getText(): null

2018-06-18 14:01:12 - [TEST_STEP][PASSED] - Statement - If (reportgroupTxt == "AutomationGroup1"): null

2018-06-18 14:01:12 - [TEST_STEP][PASSED] - Statement - Else: null

2018-06-18 14:01:12 - [TEST_STEP][PASSED] - Statement - If (!(TCflag)): null

2018-06-18 14:01:12 - [TEST_STEP][PASSED] - Statement - reportgroup = "(//div[@class='ctable']/table/tbody/tr[@class='tdata clear'])[" + i + "]/td[7]": null

2018-06-18 14:01:12 - [TEST_STEP][PASSED] - Statement - reportgroupTxt = driver.findElement(org.openqa.selenium.By.xpath(reportgroup)).getText(): null

2018-06-18 14:01:12 - [TEST_STEP][PASSED] - Statement - If (reportgroupTxt == "AutomationGroup1"): null

2018-06-18 14:01:12 - [TEST_STEP][PASSED] - Statement - println("Report group has right group name"): null

2018-06-18 14:01:12 - [TEST_STEP][PASSED] - Statement - reportgroup = "(//div[@class='ctable']/table/tbody/tr[@class='tdata clear'])[" + i + "]/td[7]": null

2018-06-18 14:01:12 - [TEST_STEP][PASSED] - Statement - reportgroupTxt = driver.findElement(org.openqa.selenium.By.xpath(reportgroup)).getText(): null

2018-06-18 14:01:12 - [TEST_STEP][PASSED] - Statement - If (reportgroupTxt == "AutomationGroup1"): null

2018-06-18 14:01:12 - [TEST_STEP][PASSED] - Statement - println("Report group has right group name"): null

2018-06-18 14:01:12 - [TEST_STEP][PASSED] - Statement - reportgroup = "(//div[@class='ctable']/table/tbody/tr[@class='tdata clear'])[" + i + "]/td[7]": null

2018-06-18 14:01:12 - [TEST_STEP][PASSED] - Statement - reportgroupTxt = driver.findElement(org.openqa.selenium.By.xpath(reportgroup)).getText(): null

2018-06-18 14:01:13 - [TEST_STEP][PASSED] - Statement - If (reportgroupTxt == "AutomationGroup1"): null

2018-06-18 14:01:13 - [TEST_STEP][PASSED] - Statement - println("Report group has right group name"): null

2018-06-18 14:01:13 - [TEST_STEP][PASSED] - Statement - reportgroup = "(//div[@class='ctable']/table/tbody/tr[@class='tdata clear'])[" + i + "]/td[7]": null

2018-06-18 14:01:13 - [TEST_STEP][PASSED] - Statement - reportgroupTxt = driver.findElement(org.openqa.selenium.By.xpath(reportgroup)).getText(): null

2018-06-18 14:01:13 - [TEST_STEP][PASSED] - Statement - If (reportgroupTxt == "AutomationGroup1"): null

2018-06-18 14:01:13 - [TEST_STEP][PASSED] - Statement - Else: null

2018-06-18 14:01:13 - [TEST_STEP][PASSED] - Statement - If (!(TCflag)): null

2018-06-18 14:01:13 - [TEST_STEP][PASSED] - Statement - reportgroup = "(//div[@class='ctable']/table/tbody/tr[@class='tdata clear'])[" + i + "]/td[7]": null

2018-06-18 14:01:13 - [TEST_STEP][PASSED] - Statement - reportgroupTxt = driver.findElement(org.openqa.selenium.By.xpath(reportgroup)).getText(): null

2018-06-18 14:01:13 - [TEST_STEP][PASSED] - Statement - If (reportgroupTxt == "AutomationGroup1"): null

2018-06-18 14:01:13 - [TEST_STEP][PASSED] - Statement - println("Report group has right group name"): null

2018-06-18 14:01:13 - [TEST_STEP][PASSED] - Statement - reportgroup = "(//div[@class='ctable']/table/tbody/tr[@class='tdata clear'])[" + i + "]/td[7]": null

2018-06-18 14:01:13 - [TEST_STEP][PASSED] - Statement - reportgroupTxt = driver.findElement(org.openqa.selenium.By.xpath(reportgroup)).getText(): null

2018-06-18 14:01:13 - [TEST_STEP][PASSED] - Statement - If (reportgroupTxt == "AutomationGroup1"): null

2018-06-18 14:01:13 - [TEST_STEP][PASSED] - Statement - println("Report group has right group name"): null

2018-06-18 14:01:13 - [TEST_STEP][PASSED] - Statement - reportgroup = "(//div[@class='ctable']/table/tbody/tr[@class='tdata clear'])[" + i + "]/td[7]": null

2018-06-18 14:01:13 - [TEST_STEP][PASSED] - Statement - reportgroupTxt = driver.findElement(org.openqa.selenium.By.xpath(reportgroup)).getText(): null

2018-06-18 14:01:13 - [TEST_STEP][PASSED] - Statement - If (reportgroupTxt == "AutomationGroup1"): null

2018-06-18 14:01:13 - [TEST_STEP][PASSED] - Statement - println("Report group has right group name"): null

2018-06-18 14:01:13 - [TEST_STEP][PASSED] - Statement - reportgroup = "(//div[@class='ctable']/table/tbody/tr[@class='tdata clear'])[" + i + "]/td[7]": null

2018-06-18 14:01:13 - [TEST_STEP][PASSED] - Statement - reportgroupTxt = driver.findElement(org.openqa.selenium.By.xpath(reportgroup)).getText(): null

2018-06-18 14:01:13 - [TEST_STEP][PASSED] - Statement - If (reportgroupTxt == "AutomationGroup1"): null

2018-06-18 14:01:13 - [TEST_STEP][PASSED] - Statement - println("Report group has right group name"): null

2018-06-18 14:01:13 - [TEST_STEP][PASSED] - Statement - reportgroup = "(//div[@class='ctable']/table/tbody/tr[@class='tdata clear'])[" + i + "]/td[7]": null

2018-06-18 14:01:13 - [TEST_STEP][PASSED] - Statement - reportgroupTxt = driver.findElement(org.openqa.selenium.By.xpath(reportgroup)).getText(): null

2018-06-18 14:01:13 - [TEST_STEP][PASSED] - Statement - If (reportgroupTxt == "AutomationGroup1"): null

2018-06-18 14:01:13 - [TEST_STEP][PASSED] - Statement - println("Report group has right group name"): null

2018-06-18 14:01:13 - [TEST_STEP][PASSED] - Statement - reportgroup = "(//div[@class='ctable']/table/tbody/tr[@class='tdata clear'])[" + i + "]/td[7]": null

2018-06-18 14:01:13 - [TEST_STEP][PASSED] - Statement - reportgroupTxt = driver.findElement(org.openqa.selenium.By.xpath(reportgroup)).getText(): null

2018-06-18 14:01:13 - [TEST_STEP][PASSED] - Statement - If (reportgroupTxt == "AutomationGroup1"): null

2018-06-18 14:01:13 - [TEST_STEP][PASSED] - Statement - println("Report group has right group name"): null

2018-06-18 14:01:13 - [TEST_STEP][PASSED] - Statement - reportgroup = "(//div[@class='ctable']/table/tbody/tr[@class='tdata clear'])[" + i + "]/td[7]": null

2018-06-18 14:01:13 - [TEST_STEP][PASSED] - Statement - reportgroupTxt = driver.findElement(org.openqa.selenium.By.xpath(reportgroup)).getText(): null

2018-06-18 14:01:13 - [TEST_STEP][PASSED] - Statement - If (reportgroupTxt == "AutomationGroup1"): null

2018-06-18 14:01:13 - [TEST_STEP][PASSED] - Statement - println("Report group has right group name"): null

2018-06-18 14:01:13 - [TEST_STEP][PASSED] - Statement - reportgroup = "(//div[@class='ctable']/table/tbody/tr[@class='tdata clear'])[" + i + "]/td[7]": null

2018-06-18 14:01:13 - [TEST_STEP][PASSED] - Statement - reportgroupTxt = driver.findElement(org.openqa.selenium.By.xpath(reportgroup)).getText(): null

2018-06-18 14:01:13 - [TEST_STEP][PASSED] - Statement - If (reportgroupTxt == "AutomationGroup1"): null

2018-06-18 14:01:13 - [TEST_STEP][PASSED] - Statement - println("Report group has right group name"): null

2018-06-18 14:01:13 - [TEST_STEP][PASSED] - Statement - reportgroup = "(//div[@class='ctable']/table/tbody/tr[@class='tdata clear'])[" + i + "]/td[7]": null

2018-06-18 14:01:13 - [TEST_STEP][PASSED] - Statement - reportgroupTxt = driver.findElement(org.openqa.selenium.By.xpath(reportgroup)).getText(): null

2018-06-18 14:01:13 - [TEST_STEP][PASSED] - Statement - If (reportgroupTxt == "AutomationGroup1"): null

2018-06-18 14:01:13 - [TEST_STEP][PASSED] - Statement - println("Report group has right group name"): null

2018-06-18 14:01:13 - [TEST_STEP][PASSED] - Statement - reportgroup = "(//div[@class='ctable']/table/tbody/tr[@class='tdata clear'])[" + i + "]/td[7]": null

2018-06-18 14:01:13 - [TEST_STEP][PASSED] - Statement - reportgroupTxt = driver.findElement(org.openqa.selenium.By.xpath(reportgroup)).getText(): null

2018-06-18 14:01:13 - [TEST_STEP][PASSED] - Statement - If (reportgroupTxt == "AutomationGroup1"): null

2018-06-18 14:01:13 - [TEST_STEP][PASSED] - Statement - println("Report group has right group name"): null

2018-06-18 14:01:13 - [TEST_STEP][PASSED] - Statement - reportgroup = "(//div[@class='ctable']/table/tbody/tr[@class='tdata clear'])[" + i + "]/td[7]": null

2018-06-18 14:01:13 - [TEST_STEP][PASSED] - Statement - reportgroupTxt = driver.findElement(org.openqa.selenium.By.xpath(reportgroup)).getText(): null

2018-06-18 14:01:13 - [TEST_STEP][PASSED] - Statement - If (reportgroupTxt == "AutomationGroup1"): null

2018-06-18 14:01:13 - [TEST_STEP][PASSED] - Statement - println("Report group has right group name"): null

2018-06-18 14:01:13 - [TEST_STEP][PASSED] - Statement - reportgroup = "(//div[@class='ctable']/table/tbody/tr[@class='tdata clear'])[" + i + "]/td[7]": null

2018-06-18 14:01:13 - [TEST_STEP][PASSED] - Statement - reportgroupTxt = driver.findElement(org.openqa.selenium.By.xpath(reportgroup)).getText(): null

2018-06-18 14:01:13 - [TEST_STEP][PASSED] - Statement - If (reportgroupTxt == "AutomationGroup1"): null

2018-06-18 14:01:13 - [TEST_STEP][PASSED] - Statement - println("Report group has right group name"): null

2018-06-18 14:01:13 - [TEST_STEP][PASSED] - Statement - reportgroup = "(//div[@class='ctable']/table/tbody/tr[@class='tdata clear'])[" + i + "]/td[7]": null

2018-06-18 14:01:13 - [TEST_STEP][PASSED] - Statement - reportgroupTxt = driver.findElement(org.openqa.selenium.By.xpath(reportgroup)).getText(): null

2018-06-18 14:01:13 - [TEST_STEP][PASSED] - Statement - If (reportgroupTxt == "AutomationGroup1"): null

2018-06-18 14:01:13 - [TEST_STEP][PASSED] - Statement - println("Report group has right group name"): null

2018-06-18 14:01:13 - [TEST_STEP][PASSED] - Statement - reportgroup = "(//div[@class='ctable']/table/tbody/tr[@class='tdata clear'])[" + i + "]/td[7]": null

2018-06-18 14:01:13 - [TEST_STEP][PASSED] - Statement - reportgroupTxt = driver.findElement(org.openqa.selenium.By.xpath(reportgroup)).getText(): null

2018-06-18 14:01:13 - [TEST_STEP][PASSED] - Statement - If (reportgroupTxt == "AutomationGroup1"): null

2018-06-18 14:01:13 - [TEST_STEP][PASSED] - Statement - println("Report group has right group name"): null

2018-06-18 14:01:13 - [TEST_STEP][PASSED] - Statement - reportgroup = "(//div[@class='ctable']/table/tbody/tr[@class='tdata clear'])[" + i + "]/td[7]": null

2018-06-18 14:01:13 - [TEST_STEP][PASSED] - Statement - reportgroupTxt = driver.findElement(org.openqa.selenium.By.xpath(reportgroup)).getText(): null

2018-06-18 14:01:13 - [TEST_STEP][PASSED] - Statement - If (reportgroupTxt == "AutomationGroup1"): null

2018-06-18 14:01:13 - [TEST_STEP][PASSED] - Statement - println("Report group has right group name"): null

2018-06-18 14:01:13 - [TEST_STEP][PASSED] - Statement - reportgroup = "(//div[@class='ctable']/table/tbody/tr[@class='tdata clear'])[" + i + "]/td[7]": null

2018-06-18 14:01:13 - [TEST_STEP][PASSED] - Statement - reportgroupTxt = driver.findElement(org.openqa.selenium.By.xpath(reportgroup)).getText(): null

2018-06-18 14:01:13 - [TEST_STEP][PASSED] - Statement - If (reportgroupTxt == "AutomationGroup1"): null

2018-06-18 14:01:13 - [TEST_STEP][PASSED] - Statement - println("Report group has right group name"): null

2018-06-18 14:01:13 - [TEST_STEP][PASSED] - Statement - reportgroup = "(//div[@class='ctable']/table/tbody/tr[@class='tdata clear'])[" + i + "]/td[7]": null

2018-06-18 14:01:13 - [TEST_STEP][PASSED] - Statement - reportgroupTxt = driver.findElement(org.openqa.selenium.By.xpath(reportgroup)).getText(): null

2018-06-18 14:01:13 - [TEST_STEP][PASSED] - Statement - If (reportgroupTxt == "AutomationGroup1"): null

2018-06-18 14:01:13 - [TEST_STEP][PASSED] - Statement - println("Report group has right group name"): null

2018-06-18 14:01:13 - [TEST_STEP][PASSED] - Statement - reportgroup = "(//div[@class='ctable']/table/tbody/tr[@class='tdata clear'])[" + i + "]/td[7]": null

2018-06-18 14:01:13 - [TEST_STEP][PASSED] - Statement - reportgroupTxt = driver.findElement(org.openqa.selenium.By.xpath(reportgroup)).getText(): null

2018-06-18 14:01:13 - [TEST_STEP][PASSED] - Statement - If (reportgroupTxt == "AutomationGroup1"): null

2018-06-18 14:01:13 - [TEST_STEP][PASSED] - Statement - println("Report group has right group name"): null

2018-06-18 14:01:13 - [TEST_STEP][PASSED] - Statement - reportgroup = "(//div[@class='ctable']/table/tbody/tr[@class='tdata clear'])[" + i + "]/td[7]": null

2018-06-18 14:01:13 - [TEST_STEP][PASSED] - Statement - reportgroupTxt = driver.findElement(org.openqa.selenium.By.xpath(reportgroup)).getText(): null

2018-06-18 14:01:13 - [TEST_STEP][PASSED] - Statement - If (reportgroupTxt == "AutomationGroup1"): null

2018-06-18 14:01:13 - [TEST_STEP][PASSED] - Statement - println("Report group has right group name"): null

2018-06-18 14:01:13 - [TEST_STEP][PASSED] - Statement - reportgroup = "(//div[@class='ctable']/table/tbody/tr[@class='tdata clear'])[" + i + "]/td[7]": null

2018-06-18 14:01:13 - [TEST_STEP][PASSED] - Statement - reportgroupTxt = driver.findElement(org.openqa.selenium.By.xpath(reportgroup)).getText(): null

2018-06-18 14:01:13 - [TEST_STEP][PASSED] - Statement - If (reportgroupTxt == "AutomationGroup1"): null

2018-06-18 14:01:13 - [TEST_STEP][PASSED] - Statement - println("Report group has right group name"): null

2018-06-18 14:01:13 - [TEST_STEP][PASSED] - Statement - reportgroup = "(//div[@class='ctable']/table/tbody/tr[@class='tdata clear'])[" + i + "]/td[7]": null

2018-06-18 14:01:13 - [TEST_STEP][PASSED] - Statement - reportgroupTxt = driver.findElement(org.openqa.selenium.By.xpath(reportgroup)).getText(): null

2018-06-18 14:01:13 - [TEST_STEP][PASSED] - Statement - If (reportgroupTxt == "AutomationGroup1"): null

2018-06-18 14:01:13 - [TEST_STEP][PASSED] - Statement - Else: null

2018-06-18 14:01:13 - [TEST_STEP][PASSED] - Statement - If (!(TCflag)): null

2018-06-18 14:01:13 - [TEST_STEP][PASSED] - Statement - reportgroup = "(//div[@class='ctable']/table/tbody/tr[@class='tdata clear'])[" + i + "]/td[7]": null

2018-06-18 14:01:13 - [TEST_STEP][PASSED] - Statement - reportgroupTxt = driver.findElement(org.openqa.selenium.By.xpath(reportgroup)).getText(): null

2018-06-18 14:01:13 - [TEST_STEP][PASSED] - Statement - If (reportgroupTxt == "AutomationGroup1"): null

2018-06-18 14:01:13 - [TEST_STEP][PASSED] - Statement - println("Report group has right group name"): null

2018-06-18 14:01:13 - [TEST_STEP][PASSED] - Statement - reportgroup = "(//div[@class='ctable']/table/tbody/tr[@class='tdata clear'])[" + i + "]/td[7]": null

2018-06-18 14:01:13 - [TEST_STEP][PASSED] - Statement - reportgroupTxt = driver.findElement(org.openqa.selenium.By.xpath(reportgroup)).getText(): null

2018-06-18 14:01:13 - [TEST_STEP][PASSED] - Statement - If (reportgroupTxt == "AutomationGroup1"): null

2018-06-18 14:01:13 - [TEST_STEP][PASSED] - Statement - Else: null

2018-06-18 14:01:13 - [TEST_STEP][PASSED] - Statement - If (!(TCflag)): null

2018-06-18 14:01:13 - [TEST_STEP][PASSED] - Statement - reportgroup = "(//div[@class='ctable']/table/tbody/tr[@class='tdata clear'])[" + i + "]/td[7]": null

2018-06-18 14:01:13 - [TEST_STEP][PASSED] - Statement - reportgroupTxt = driver.findElement(org.openqa.selenium.By.xpath(reportgroup)).getText(): null

2018-06-18 14:01:13 - [TEST_STEP][PASSED] - Statement - If (reportgroupTxt == "AutomationGroup1"): null

2018-06-18 14:01:13 - [TEST_STEP][PASSED] - Statement - println("Report group has right group name"): null

2018-06-18 14:01:13 - [TEST_STEP][PASSED] - Statement - reportgroup = "(//div[@class='ctable']/table/tbody/tr[@class='tdata clear'])[" + i + "]/td[7]": null

2018-06-18 14:01:13 - [TEST_STEP][PASSED] - Statement - reportgroupTxt = driver.findElement(org.openqa.selenium.By.xpath(reportgroup)).getText(): null

2018-06-18 14:01:13 - [TEST_STEP][PASSED] - Statement - If (reportgroupTxt == "AutomationGroup1"): null

2018-06-18 14:01:13 - [TEST_STEP][PASSED] - Statement - println("Report group has right group name"): null

2018-06-18 14:01:13 - [TEST_STEP][PASSED] - Statement - reportgroup = "(//div[@class='ctable']/table/tbody/tr[@class='tdata clear'])[" + i + "]/td[7]": null

2018-06-18 14:01:13 - [TEST_STEP][PASSED] - Statement - reportgroupTxt = driver.findElement(org.openqa.selenium.By.xpath(reportgroup)).getText(): null

2018-06-18 14:01:13 - [TEST_STEP][PASSED] - Statement - If (reportgroupTxt == "AutomationGroup1"): null

2018-06-18 14:01:13 - [TEST_STEP][PASSED] - Statement - println("Report group has right group name"): null

2018-06-18 14:01:13 - [TEST_STEP][PASSED] - Statement - reportgroup = "(//div[@class='ctable']/table/tbody/tr[@class='tdata clear'])[" + i + "]/td[7]": null

2018-06-18 14:01:13 - [TEST_STEP][PASSED] - Statement - reportgroupTxt = driver.findElement(org.openqa.selenium.By.xpath(reportgroup)).getText(): null

2018-06-18 14:01:13 - [TEST_STEP][PASSED] - Statement - If (reportgroupTxt == "AutomationGroup1"): null

2018-06-18 14:01:13 - [TEST_STEP][PASSED] - Statement - println("Report group has right group name"): null

2018-06-18 14:01:13 - [TEST_STEP][PASSED] - Statement - reportgroup = "(//div[@class='ctable']/table/tbody/tr[@class='tdata clear'])[" + i + "]/td[7]": null

2018-06-18 14:01:13 - [TEST_STEP][PASSED] - Statement - reportgroupTxt = driver.findElement(org.openqa.selenium.By.xpath(reportgroup)).getText(): null

2018-06-18 14:01:13 - [TEST_STEP][PASSED] - Statement - If (reportgroupTxt == "AutomationGroup1"): null

2018-06-18 14:01:13 - [TEST_STEP][PASSED] - Statement - Else: null

2018-06-18 14:01:13 - [TEST_STEP][PASSED] - Statement - If (!(TCflag)): null

2018-06-18 14:01:13 - [TEST_STEP][PASSED] - Statement - reportgroup = "(//div[@class='ctable']/table/tbody/tr[@class='tdata clear'])[" + i + "]/td[7]": null

2018-06-18 14:01:13 - [TEST_STEP][PASSED] - Statement - reportgroupTxt = driver.findElement(org.openqa.selenium.By.xpath(reportgroup)).getText(): null

2018-06-18 14:01:13 - [TEST_STEP][PASSED] - Statement - If (reportgroupTxt == "AutomationGroup1"): null

2018-06-18 14:01:13 - [TEST_STEP][PASSED] - Statement - println("Report group has right group name"): null

2018-06-18 14:01:13 - [TEST_STEP][PASSED] - Statement - reportgroup = "(//div[@class='ctable']/table/tbody/tr[@class='tdata clear'])[" + i + "]/td[7]": null

2018-06-18 14:01:13 - [TEST_STEP][PASSED] - Statement - reportgroupTxt = driver.findElement(org.openqa.selenium.By.xpath(reportgroup)).getText(): null

2018-06-18 14:01:13 - [TEST_STEP][PASSED] - Statement - If (reportgroupTxt == "AutomationGroup1"): null

2018-06-18 14:01:13 - [TEST_STEP][PASSED] - Statement - println("Report group has right group name"): null

2018-06-18 14:01:13 - [TEST_STEP][PASSED] - Statement - reportgroup = "(//div[@class='ctable']/table/tbody/tr[@class='tdata clear'])[" + i + "]/td[7]": null

2018-06-18 14:01:13 - [TEST_STEP][PASSED] - Statement - reportgroupTxt = driver.findElement(org.openqa.selenium.By.xpath(reportgroup)).getText(): null

2018-06-18 14:01:13 - [TEST_STEP][PASSED] - Statement - If (reportgroupTxt == "AutomationGroup1"): null

2018-06-18 14:01:13 - [TEST_STEP][PASSED] - Statement - println("Report group has right group name"): null

2018-06-18 14:01:13 - [TEST_STEP][PASSED] - Statement - reportgroup = "(//div[@class='ctable']/table/tbody/tr[@class='tdata clear'])[" + i + "]/td[7]": null

2018-06-18 14:01:13 - [TEST_STEP][PASSED] - Statement - reportgroupTxt = driver.findElement(org.openqa.selenium.By.xpath(reportgroup)).getText(): null

2018-06-18 14:01:13 - [TEST_STEP][PASSED] - Statement - If (reportgroupTxt == "AutomationGroup1"): null

2018-06-18 14:01:13 - [TEST_STEP][PASSED] - Statement - println("Report group has right group name"): null

2018-06-18 14:01:13 - [TEST_STEP][PASSED] - Statement - reportgroup = "(//div[@class='ctable']/table/tbody/tr[@class='tdata clear'])[" + i + "]/td[7]": null

2018-06-18 14:01:13 - [TEST_STEP][PASSED] - Statement - reportgroupTxt = driver.findElement(org.openqa.selenium.By.xpath(reportgroup)).getText(): null

2018-06-18 14:01:14 - [TEST_STEP][PASSED] - Statement - If (reportgroupTxt == "AutomationGroup1"): null

2018-06-18 14:01:14 - [TEST_STEP][PASSED] - Statement - Else: null

2018-06-18 14:01:14 - [TEST_STEP][PASSED] - Statement - If (!(TCflag)): null

2018-06-18 14:01:14 - [TEST_STEP][PASSED] - Statement - reportgroup = "(//div[@class='ctable']/table/tbody/tr[@class='tdata clear'])[" + i + "]/td[7]": null

2018-06-18 14:01:14 - [TEST_STEP][PASSED] - Statement - reportgroupTxt = driver.findElement(org.openqa.selenium.By.xpath(reportgroup)).getText(): null

2018-06-18 14:01:14 - [TEST_STEP][PASSED] - Statement - If (reportgroupTxt == "AutomationGroup1"): null

2018-06-18 14:01:14 - [TEST_STEP][PASSED] - Statement - Else: null

2018-06-18 14:01:14 - [TEST_STEP][PASSED] - Statement - If (!(TCflag)): null

2018-06-18 14:01:14 - [TEST_STEP][PASSED] - Statement - reportgroup = "(//div[@class='ctable']/table/tbody/tr[@class='tdata clear'])[" + i + "]/td[7]": null

2018-06-18 14:01:14 - [TEST_STEP][PASSED] - Statement - reportgroupTxt = driver.findElement(org.openqa.selenium.By.xpath(reportgroup)).getText(): null

2018-06-18 14:01:14 - [TEST_STEP][PASSED] - Statement - If (reportgroupTxt == "AutomationGroup1"): null

2018-06-18 14:01:14 - [TEST_STEP][PASSED] - Statement - println("Report group has right group name"): null

2018-06-18 14:01:14 - [TEST_STEP][PASSED] - Statement - reportgroup = "(//div[@class='ctable']/table/tbody/tr[@class='tdata clear'])[" + i + "]/td[7]": null

2018-06-18 14:01:14 - [TEST_STEP][PASSED] - Statement - reportgroupTxt = driver.findElement(org.openqa.selenium.By.xpath(reportgroup)).getText(): null

2018-06-18 14:01:14 - [TEST_STEP][PASSED] - Statement - If (reportgroupTxt == "AutomationGroup1"): null

2018-06-18 14:01:14 - [TEST_STEP][PASSED] - Statement - println("Report group has right group name"): null

2018-06-18 14:01:14 - [TEST_STEP][PASSED] - Statement - reportgroup = "(//div[@class='ctable']/table/tbody/tr[@class='tdata clear'])[" + i + "]/td[7]": null

2018-06-18 14:01:14 - [TEST_STEP][PASSED] - Statement - reportgroupTxt = driver.findElement(org.openqa.selenium.By.xpath(reportgroup)).getText(): null

2018-06-18 14:01:14 - [TEST_STEP][PASSED] - Statement - If (reportgroupTxt == "AutomationGroup1"): null

2018-06-18 14:01:14 - [TEST_STEP][PASSED] - Statement - println("Report group has right group name"): null

2018-06-18 14:01:14 - [TEST_STEP][PASSED] - Statement - reportgroup = "(//div[@class='ctable']/table/tbody/tr[@class='tdata clear'])[" + i + "]/td[7]": null

2018-06-18 14:01:14 - [TEST_STEP][PASSED] - Statement - reportgroupTxt = driver.findElement(org.openqa.selenium.By.xpath(reportgroup)).getText(): null

2018-06-18 14:01:14 - [TEST_STEP][PASSED] - Statement - If (reportgroupTxt == "AutomationGroup1"): null

2018-06-18 14:01:14 - [TEST_STEP][PASSED] - Statement - println("Report group has right group name"): null

2018-06-18 14:01:14 - [TEST_STEP][PASSED] - Statement - reportgroup = "(//div[@class='ctable']/table/tbody/tr[@class='tdata clear'])[" + i + "]/td[7]": null

2018-06-18 14:01:14 - [TEST_STEP][PASSED] - Statement - reportgroupTxt = driver.findElement(org.openqa.selenium.By.xpath(reportgroup)).getText(): null

2018-06-18 14:01:14 - [TEST_STEP][PASSED] - Statement - If (reportgroupTxt == "AutomationGroup1"): null

2018-06-18 14:01:14 - [TEST_STEP][PASSED] - Statement - println("Report group has right group name"): null

2018-06-18 14:01:14 - [TEST_STEP][PASSED] - Statement - reportgroup = "(//div[@class='ctable']/table/tbody/tr[@class='tdata clear'])[" + i + "]/td[7]": null

2018-06-18 14:01:14 - [TEST_STEP][PASSED] - Statement - reportgroupTxt = driver.findElement(org.openqa.selenium.By.xpath(reportgroup)).getText(): null

2018-06-18 14:01:14 - [TEST_STEP][PASSED] - Statement - If (reportgroupTxt == "AutomationGroup1"): null

2018-06-18 14:01:14 - [TEST_STEP][PASSED] - Statement - Else: null

2018-06-18 14:01:14 - [TEST_STEP][PASSED] - Statement - If (!(TCflag)): null

2018-06-18 14:01:14 - [TEST_STEP][PASSED] - Statement - reportgroup = "(//div[@class='ctable']/table/tbody/tr[@class='tdata clear'])[" + i + "]/td[7]": null

2018-06-18 14:01:14 - [TEST_STEP][PASSED] - Statement - reportgroupTxt = driver.findElement(org.openqa.selenium.By.xpath(reportgroup)).getText(): null

2018-06-18 14:01:14 - [TEST_STEP][PASSED] - Statement - If (reportgroupTxt == "AutomationGroup1"): null

2018-06-18 14:01:14 - [TEST_STEP][PASSED] - Statement - println("Report group has right group name"): null

2018-06-18 14:01:14 - [TEST_STEP][PASSED] - Statement - reportgroup = "(//div[@class='ctable']/table/tbody/tr[@class='tdata clear'])[" + i + "]/td[7]": null

2018-06-18 14:01:14 - [TEST_STEP][PASSED] - Statement - reportgroupTxt = driver.findElement(org.openqa.selenium.By.xpath(reportgroup)).getText(): null

2018-06-18 14:01:14 - [TEST_STEP][PASSED] - Statement - If (reportgroupTxt == "AutomationGroup1"): null

2018-06-18 14:01:14 - [TEST_STEP][PASSED] - Statement - println("Report group has right group name"): null

2018-06-18 14:01:14 - [TEST_STEP][PASSED] - Statement - reportgroup = "(//div[@class='ctable']/table/tbody/tr[@class='tdata clear'])[" + i + "]/td[7]": null

2018-06-18 14:01:14 - [TEST_STEP][PASSED] - Statement - reportgroupTxt = driver.findElement(org.openqa.selenium.By.xpath(reportgroup)).getText(): null

2018-06-18 14:01:14 - [TEST_STEP][PASSED] - Statement - If (reportgroupTxt == "AutomationGroup1"): null

2018-06-18 14:01:14 - [TEST_STEP][PASSED] - Statement - Else: null

2018-06-18 14:01:14 - [TEST_STEP][PASSED] - Statement - If (!(TCflag)): null

2018-06-18 14:01:14 - [TEST_STEP][PASSED] - Statement - reportgroup = "(//div[@class='ctable']/table/tbody/tr[@class='tdata clear'])[" + i + "]/td[7]": null

2018-06-18 14:01:14 - [TEST_STEP][PASSED] - Statement - reportgroupTxt = driver.findElement(org.openqa.selenium.By.xpath(reportgroup)).getText(): null

2018-06-18 14:01:14 - [TEST_STEP][PASSED] - Statement - If (reportgroupTxt == "AutomationGroup1"): null

2018-06-18 14:01:14 - [TEST_STEP][PASSED] - Statement - println("Report group has right group name"): null

2018-06-18 14:01:14 - [TEST_STEP][PASSED] - Statement - reportgroup = "(//div[@class='ctable']/table/tbody/tr[@class='tdata clear'])[" + i + "]/td[7]": null

2018-06-18 14:01:14 - [TEST_STEP][PASSED] - Statement - reportgroupTxt = driver.findElement(org.openqa.selenium.By.xpath(reportgroup)).getText(): null

2018-06-18 14:01:14 - [TEST_STEP][PASSED] - Statement - If (reportgroupTxt == "AutomationGroup1"): null

2018-06-18 14:01:14 - [TEST_STEP][PASSED] - Statement - println("Report group has right group name"): null

2018-06-18 14:01:14 - [TEST_STEP][PASSED] - Statement - reportgroup = "(//div[@class='ctable']/table/tbody/tr[@class='tdata clear'])[" + i + "]/td[7]": null

2018-06-18 14:01:14 - [TEST_STEP][PASSED] - Statement - reportgroupTxt = driver.findElement(org.openqa.selenium.By.xpath(reportgroup)).getText(): null

2018-06-18 14:01:14 - [TEST_STEP][PASSED] - Statement - If (reportgroupTxt == "AutomationGroup1"): null

2018-06-18 14:01:14 - [TEST_STEP][PASSED] - Statement - println("Report group has right group name"): null

2018-06-18 14:01:14 - [TEST_STEP][PASSED] - Statement - reportgroup = "(//div[@class='ctable']/table/tbody/tr[@class='tdata clear'])[" + i + "]/td[7]": null

2018-06-18 14:01:14 - [TEST_STEP][PASSED] - Statement - reportgroupTxt = driver.findElement(org.openqa.selenium.By.xpath(reportgroup)).getText(): null

2018-06-18 14:01:14 - [TEST_STEP][PASSED] - Statement - If (reportgroupTxt == "AutomationGroup1"): null

2018-06-18 14:01:14 - [TEST_STEP][PASSED] - Statement - println("Report group has right group name"): null

2018-06-18 14:01:14 - [TEST_STEP][PASSED] - Statement - reportgroup = "(//div[@class='ctable']/table/tbody/tr[@class='tdata clear'])[" + i + "]/td[7]": null

2018-06-18 14:01:14 - [TEST_STEP][PASSED] - Statement - reportgroupTxt = driver.findElement(org.openqa.selenium.By.xpath(reportgroup)).getText(): null

2018-06-18 14:01:14 - [TEST_STEP][PASSED] - Statement - If (reportgroupTxt == "AutomationGroup1"): null

2018-06-18 14:01:14 - [TEST_STEP][PASSED] - Statement - println("Report group has right group name"): null

2018-06-18 14:01:14 - [TEST_STEP][PASSED] - Statement - reportgroup = "(//div[@class='ctable']/table/tbody/tr[@class='tdata clear'])[" + i + "]/td[7]": null

2018-06-18 14:01:14 - [TEST_STEP][PASSED] - Statement - reportgroupTxt = driver.findElement(org.openqa.selenium.By.xpath(reportgroup)).getText(): null

2018-06-18 14:01:14 - [TEST_STEP][PASSED] - Statement - If (reportgroupTxt == "AutomationGroup1"): null

2018-06-18 14:01:14 - [TEST_STEP][PASSED] - Statement - println("Report group has right group name"): null

2018-06-18 14:01:14 - [TEST_STEP][PASSED] - Statement - reportgroup = "(//div[@class='ctable']/table/tbody/tr[@class='tdata clear'])[" + i + "]/td[7]": null

2018-06-18 14:01:14 - [TEST_STEP][PASSED] - Statement - reportgroupTxt = driver.findElement(org.openqa.selenium.By.xpath(reportgroup)).getText(): null

2018-06-18 14:01:14 - [TEST_STEP][PASSED] - Statement - If (reportgroupTxt == "AutomationGroup1"): null

2018-06-18 14:01:14 - [TEST_STEP][PASSED] - Statement - println("Report group has right group name"): null

2018-06-18 14:01:14 - [TEST_STEP][PASSED] - Statement - reportgroup = "(//div[@class='ctable']/table/tbody/tr[@class='tdata clear'])[" + i + "]/td[7]": null

2018-06-18 14:01:14 - [TEST_STEP][PASSED] - Statement - reportgroupTxt = driver.findElement(org.openqa.selenium.By.xpath(reportgroup)).getText(): null

2018-06-18 14:01:14 - [TEST_STEP][PASSED] - Statement - If (reportgroupTxt == "AutomationGroup1"): null

2018-06-18 14:01:14 - [TEST_STEP][PASSED] - Statement - println("Report group has right group name"): null

2018-06-18 14:01:14 - [TEST_STEP][PASSED] - Statement - reportgroup = "(//div[@class='ctable']/table/tbody/tr[@class='tdata clear'])[" + i + "]/td[7]": null

2018-06-18 14:01:14 - [TEST_STEP][PASSED] - Statement - reportgroupTxt = driver.findElement(org.openqa.selenium.By.xpath(reportgroup)).getText(): null

2018-06-18 14:01:14 - [TEST_STEP][PASSED] - Statement - If (reportgroupTxt == "AutomationGroup1"): null

2018-06-18 14:01:14 - [TEST_STEP][PASSED] - Statement - println("Report group has right group name"): null

2018-06-18 14:01:14 - [TEST_STEP][PASSED] - Statement - reportgroup = "(//div[@class='ctable']/table/tbody/tr[@class='tdata clear'])[" + i + "]/td[7]": null

2018-06-18 14:01:14 - [TEST_STEP][PASSED] - Statement - reportgroupTxt = driver.findElement(org.openqa.selenium.By.xpath(reportgroup)).getText(): null

2018-06-18 14:01:14 - [TEST_STEP][PASSED] - Statement - If (reportgroupTxt == "AutomationGroup1"): null

2018-06-18 14:01:14 - [TEST_STEP][PASSED] - Statement - Else: null

2018-06-18 14:01:14 - [TEST_STEP][PASSED] - Statement - If (!(TCflag)): null

2018-06-18 14:01:14 - [TEST_STEP][PASSED] - Statement - reportgroup = "(//div[@class='ctable']/table/tbody/tr[@class='tdata clear'])[" + i + "]/td[7]": null

2018-06-18 14:01:14 - [TEST_STEP][PASSED] - Statement - reportgroupTxt = driver.findElement(org.openqa.selenium.By.xpath(reportgroup)).getText(): null

2018-06-18 14:01:14 - [TEST_STEP][PASSED] - Statement - If (reportgroupTxt == "AutomationGroup1"): null

2018-06-18 14:01:14 - [TEST_STEP][PASSED] - Statement - println("Report group has right group name"): null

2018-06-18 14:01:14 - [TEST_STEP][PASSED] - Statement - reportgroup = "(//div[@class='ctable']/table/tbody/tr[@class='tdata clear'])[" + i + "]/td[7]": null

2018-06-18 14:01:14 - [TEST_STEP][PASSED] - Statement - reportgroupTxt = driver.findElement(org.openqa.selenium.By.xpath(reportgroup)).getText(): null

2018-06-18 14:01:14 - [TEST_STEP][PASSED] - Statement - If (reportgroupTxt == "AutomationGroup1"): null

2018-06-18 14:01:14 - [TEST_STEP][PASSED] - Statement - println("Report group has right group name"): null

2018-06-18 14:01:14 - [TEST_STEP][PASSED] - Statement - reportgroup = "(//div[@class='ctable']/table/tbody/tr[@class='tdata clear'])[" + i + "]/td[7]": null

2018-06-18 14:01:14 - [TEST_STEP][PASSED] - Statement - reportgroupTxt = driver.findElement(org.openqa.selenium.By.xpath(reportgroup)).getText(): null

2018-06-18 14:01:14 - [TEST_STEP][PASSED] - Statement - If (reportgroupTxt == "AutomationGroup1"): null

2018-06-18 14:01:14 - [TEST_STEP][PASSED] - Statement - Else: null

2018-06-18 14:01:14 - [TEST_STEP][PASSED] - Statement - If (!(TCflag)): null

2018-06-18 14:01:14 - [TEST_STEP][PASSED] - Statement - reportgroup = "(//div[@class='ctable']/table/tbody/tr[@class='tdata clear'])[" + i + "]/td[7]": null

2018-06-18 14:01:14 - [TEST_STEP][PASSED] - Statement - reportgroupTxt = driver.findElement(org.openqa.selenium.By.xpath(reportgroup)).getText(): null

2018-06-18 14:01:14 - [TEST_STEP][PASSED] - Statement - If (reportgroupTxt == "AutomationGroup1"): null

2018-06-18 14:01:14 - [TEST_STEP][PASSED] - Statement - println("Report group has right group name"): null

2018-06-18 14:01:14 - [TEST_STEP][PASSED] - Statement - reportgroup = "(//div[@class='ctable']/table/tbody/tr[@class='tdata clear'])[" + i + "]/td[7]": null

2018-06-18 14:01:14 - [TEST_STEP][PASSED] - Statement - reportgroupTxt = driver.findElement(org.openqa.selenium.By.xpath(reportgroup)).getText(): null

2018-06-18 14:01:14 - [TEST_STEP][PASSED] - Statement - If (reportgroupTxt == "AutomationGroup1"): null

2018-06-18 14:01:14 - [TEST_STEP][PASSED] - Statement - println("Report group has right group name"): null

2018-06-18 14:01:14 - [TEST_STEP][PASSED] - Statement - reportgroup = "(//div[@class='ctable']/table/tbody/tr[@class='tdata clear'])[" + i + "]/td[7]": null

2018-06-18 14:01:14 - [TEST_STEP][PASSED] - Statement - reportgroupTxt = driver.findElement(org.openqa.selenium.By.xpath(reportgroup)).getText(): null

2018-06-18 14:01:14 - [TEST_STEP][PASSED] - Statement - If (reportgroupTxt == "AutomationGroup1"): null

2018-06-18 14:01:14 - [TEST_STEP][PASSED] - Statement - println("Report group has right group name"): null

2018-06-18 14:01:14 - [TEST_STEP][PASSED] - Statement - reportgroup = "(//div[@class='ctable']/table/tbody/tr[@class='tdata clear'])[" + i + "]/td[7]": null

2018-06-18 14:01:14 - [TEST_STEP][PASSED] - Statement - reportgroupTxt = driver.findElement(org.openqa.selenium.By.xpath(reportgroup)).getText(): null

2018-06-18 14:01:14 - [TEST_STEP][PASSED] - Statement - If (reportgroupTxt == "AutomationGroup1"): null

2018-06-18 14:01:14 - [TEST_STEP][PASSED] - Statement - println("Report group has right group name"): null

2018-06-18 14:01:14 - [TEST_STEP][PASSED] - Statement - reportgroup = "(//div[@class='ctable']/table/tbody/tr[@class='tdata clear'])[" + i + "]/td[7]": null

2018-06-18 14:01:14 - [TEST_STEP][PASSED] - Statement - reportgroupTxt = driver.findElement(org.openqa.selenium.By.xpath(reportgroup)).getText(): null

2018-06-18 14:01:14 - [TEST_STEP][PASSED] - Statement - If (reportgroupTxt == "AutomationGroup1"): null

2018-06-18 14:01:14 - [TEST_STEP][PASSED] - Statement - println("Report group has right group name"): null

2018-06-18 14:01:14 - [TEST_STEP][PASSED] - Statement - reportgroup = "(//div[@class='ctable']/table/tbody/tr[@class='tdata clear'])[" + i + "]/td[7]": null

2018-06-18 14:01:14 - [TEST_STEP][PASSED] - Statement - reportgroupTxt = driver.findElement(org.openqa.selenium.By.xpath(reportgroup)).getText(): null

2018-06-18 14:01:14 - [TEST_STEP][PASSED] - Statement - If (reportgroupTxt == "AutomationGroup1"): null

2018-06-18 14:01:14 - [TEST_STEP][PASSED] - Statement - println("Report group has right group name"): null

2018-06-18 14:01:14 - [TEST_STEP][PASSED] - Statement - reportgroup = "(//div[@class='ctable']/table/tbody/tr[@class='tdata clear'])[" + i + "]/td[7]": null

2018-06-18 14:01:14 - [TEST_STEP][PASSED] - Statement - reportgroupTxt = driver.findElement(org.openqa.selenium.By.xpath(reportgroup)).getText(): null

2018-06-18 14:01:14 - [TEST_STEP][PASSED] - Statement - If (reportgroupTxt == "AutomationGroup1"): null

2018-06-18 14:01:14 - [TEST_STEP][PASSED] - Statement - println("Report group has right group name"): null

2018-06-18 14:01:14 - [TEST_STEP][PASSED] - Statement - reportgroup = "(//div[@class='ctable']/table/tbody/tr[@class='tdata clear'])[" + i + "]/td[7]": null

2018-06-18 14:01:14 - [TEST_STEP][PASSED] - Statement - reportgroupTxt = driver.findElement(org.openqa.selenium.By.xpath(reportgroup)).getText(): null

2018-06-18 14:01:14 - [TEST_STEP][PASSED] - Statement - If (reportgroupTxt == "AutomationGroup1"): null

2018-06-18 14:01:14 - [TEST_STEP][PASSED] - Statement - println("Report group has right group name"): null

2018-06-18 14:01:14 - [TEST_STEP][PASSED] - Statement - reportgroup = "(//div[@class='ctable']/table/tbody/tr[@class='tdata clear'])[" + i + "]/td[7]": null

2018-06-18 14:01:14 - [TEST_STEP][PASSED] - Statement - reportgroupTxt = driver.findElement(org.openqa.selenium.By.xpath(reportgroup)).getText(): null

2018-06-18 14:01:15 - [TEST_STEP][PASSED] - Statement - If (reportgroupTxt == "AutomationGroup1"): null

2018-06-18 14:01:15 - [TEST_STEP][PASSED] - Statement - println("Report group has right group name"): null

2018-06-18 14:01:15 - [TEST_STEP][PASSED] - Statement - reportgroup = "(//div[@class='ctable']/table/tbody/tr[@class='tdata clear'])[" + i + "]/td[7]": null

2018-06-18 14:01:15 - [TEST_STEP][PASSED] - Statement - reportgroupTxt = driver.findElement(org.openqa.selenium.By.xpath(reportgroup)).getText(): null

2018-06-18 14:01:15 - [TEST_STEP][PASSED] - Statement - If (reportgroupTxt == "AutomationGroup1"): null

2018-06-18 14:01:15 - [TEST_STEP][PASSED] - Statement - println("Report group has right group name"): null

2018-06-18 14:01:15 - [TEST_STEP][PASSED] - Statement - reportgroup = "(//div[@class='ctable']/table/tbody/tr[@class='tdata clear'])[" + i + "]/td[7]": null

2018-06-18 14:01:15 - [TEST_STEP][PASSED] - Statement - reportgroupTxt = driver.findElement(org.openqa.selenium.By.xpath(reportgroup)).getText(): null

2018-06-18 14:01:15 - [TEST_STEP][PASSED] - Statement - If (reportgroupTxt == "AutomationGroup1"): null

2018-06-18 14:01:15 - [TEST_STEP][PASSED] - Statement - println("Report group has right group name"): null

2018-06-18 14:01:15 - [TEST_STEP][PASSED] - Statement - reportgroup = "(//div[@class='ctable']/table/tbody/tr[@class='tdata clear'])[" + i + "]/td[7]": null

2018-06-18 14:01:15 - [TEST_STEP][PASSED] - Statement - reportgroupTxt = driver.findElement(org.openqa.selenium.By.xpath(reportgroup)).getText(): null

2018-06-18 14:01:15 - [TEST_STEP][PASSED] - Statement - If (reportgroupTxt == "AutomationGroup1"): null

2018-06-18 14:01:15 - [TEST_STEP][PASSED] - Statement - println("Report group has right group name"): null

2018-06-18 14:01:15 - [TEST_STEP][PASSED] - Statement - reportgroup = "(//div[@class='ctable']/table/tbody/tr[@class='tdata clear'])[" + i + "]/td[7]": null

2018-06-18 14:01:15 - [TEST_STEP][PASSED] - Statement - reportgroupTxt = driver.findElement(org.openqa.selenium.By.xpath(reportgroup)).getText(): null

2018-06-18 14:01:15 - [TEST_STEP][PASSED] - Statement - If (reportgroupTxt == "AutomationGroup1"): null

2018-06-18 14:01:15 - [TEST_STEP][PASSED] - Statement - println("Report group has right group name"): null

2018-06-18 14:01:15 - [TEST_STEP][PASSED] - Statement - reportgroup = "(//div[@class='ctable']/table/tbody/tr[@class='tdata clear'])[" + i + "]/td[7]": null

2018-06-18 14:01:15 - [TEST_STEP][PASSED] - Statement - reportgroupTxt = driver.findElement(org.openqa.selenium.By.xpath(reportgroup)).getText(): null

2018-06-18 14:01:15 - [TEST_STEP][PASSED] - Statement - If (reportgroupTxt == "AutomationGroup1"): null

2018-06-18 14:01:15 - [TEST_STEP][PASSED] - Statement - println("Report group has right group name"): null

2018-06-18 14:01:15 - [TEST_STEP][PASSED] - Statement - reportgroup = "(//div[@class='ctable']/table/tbody/tr[@class='tdata clear'])[" + i + "]/td[7]": null

2018-06-18 14:01:15 - [TEST_STEP][PASSED] - Statement - reportgroupTxt = driver.findElement(org.openqa.selenium.By.xpath(reportgroup)).getText(): null

2018-06-18 14:01:15 - [TEST_STEP][PASSED] - Statement - If (reportgroupTxt == "AutomationGroup1"): null

2018-06-18 14:01:15 - [TEST_STEP][PASSED] - Statement - Else: null

2018-06-18 14:01:15 - [TEST_STEP][PASSED] - Statement - If (!(TCflag)): null

2018-06-18 14:01:15 - [TEST_STEP][PASSED] - Statement - reportgroup = "(//div[@class='ctable']/table/tbody/tr[@class='tdata clear'])[" + i + "]/td[7]": null

2018-06-18 14:01:15 - [TEST_STEP][PASSED] - Statement - reportgroupTxt = driver.findElement(org.openqa.selenium.By.xpath(reportgroup)).getText(): null

2018-06-18 14:01:15 - [TEST_STEP][PASSED] - Statement - If (reportgroupTxt == "AutomationGroup1"): null

2018-06-18 14:01:15 - [TEST_STEP][PASSED] - Statement - Else: null

2018-06-18 14:01:15 - [TEST_STEP][PASSED] - Statement - If (!(TCflag)): null

2018-06-18 14:01:15 - [TEST_STEP][PASSED] - Statement - reportgroup = "(//div[@class='ctable']/table/tbody/tr[@class='tdata clear'])[" + i + "]/td[7]": null

2018-06-18 14:01:15 - [TEST_STEP][PASSED] - Statement - reportgroupTxt = driver.findElement(org.openqa.selenium.By.xpath(reportgroup)).getText(): null

2018-06-18 14:01:15 - [TEST_STEP][PASSED] - Statement - If (reportgroupTxt == "AutomationGroup1"): null

2018-06-18 14:01:15 - [TEST_STEP][PASSED] - Statement - println("Report group has right group name"): null

2018-06-18 14:01:15 - [TEST_STEP][PASSED] - Statement - reportgroup = "(//div[@class='ctable']/table/tbody/tr[@class='tdata clear'])[" + i + "]/td[7]": null

2018-06-18 14:01:15 - [TEST_STEP][PASSED] - Statement - reportgroupTxt = driver.findElement(org.openqa.selenium.By.xpath(reportgroup)).getText(): null

2018-06-18 14:01:15 - [TEST_STEP][PASSED] - Statement - If (reportgroupTxt == "AutomationGroup1"): null

2018-06-18 14:01:15 - [TEST_STEP][PASSED] - Statement - println("Report group has right group name"): null

2018-06-18 14:01:15 - [TEST_STEP][PASSED] - Statement - reportgroup = "(//div[@class='ctable']/table/tbody/tr[@class='tdata clear'])[" + i + "]/td[7]": null

2018-06-18 14:01:15 - [TEST_STEP][PASSED] - Statement - reportgroupTxt = driver.findElement(org.openqa.selenium.By.xpath(reportgroup)).getText(): null

2018-06-18 14:01:15 - [TEST_STEP][PASSED] - Statement - If (reportgroupTxt == "AutomationGroup1"): null

2018-06-18 14:01:15 - [TEST_STEP][PASSED] - Statement - println("Report group has right group name"): null

2018-06-18 14:01:15 - [TEST_STEP][PASSED] - Statement - reportgroup = "(//div[@class='ctable']/table/tbody/tr[@class='tdata clear'])[" + i + "]/td[7]": null

2018-06-18 14:01:15 - [TEST_STEP][PASSED] - Statement - reportgroupTxt = driver.findElement(org.openqa.selenium.By.xpath(reportgroup)).getText(): null

2018-06-18 14:01:15 - [TEST_STEP][PASSED] - Statement - If (reportgroupTxt == "AutomationGroup1"): null

2018-06-18 14:01:15 - [TEST_STEP][PASSED] - Statement - println("Report group has right group name"): null

2018-06-18 14:01:15 - [TEST_STEP][PASSED] - Statement - reportgroup = "(//div[@class='ctable']/table/tbody/tr[@class='tdata clear'])[" + i + "]/td[7]": null

2018-06-18 14:01:15 - [TEST_STEP][PASSED] - Statement - reportgroupTxt = driver.findElement(org.openqa.selenium.By.xpath(reportgroup)).getText(): null

2018-06-18 14:01:15 - [TEST_STEP][PASSED] - Statement - If (reportgroupTxt == "AutomationGroup1"): null

2018-06-18 14:01:15 - [TEST_STEP][PASSED] - Statement - println("Report group has right group name"): null

2018-06-18 14:01:15 - [TEST_STEP][PASSED] - Statement - reportgroup = "(//div[@class='ctable']/table/tbody/tr[@class='tdata clear'])[" + i + "]/td[7]": null

2018-06-18 14:01:15 - [TEST_STEP][PASSED] - Statement - reportgroupTxt = driver.findElement(org.openqa.selenium.By.xpath(reportgroup)).getText(): null

2018-06-18 14:01:15 - [TEST_STEP][PASSED] - Statement - If (reportgroupTxt == "AutomationGroup1"): null

2018-06-18 14:01:15 - [TEST_STEP][PASSED] - Statement - println("Report group has right group name"): null

2018-06-18 14:01:15 - [TEST_STEP][PASSED] - Statement - reportgroup = "(//div[@class='ctable']/table/tbody/tr[@class='tdata clear'])[" + i + "]/td[7]": null

2018-06-18 14:01:15 - [TEST_STEP][PASSED] - Statement - reportgroupTxt = driver.findElement(org.openqa.selenium.By.xpath(reportgroup)).getText(): null

2018-06-18 14:01:15 - [TEST_STEP][PASSED] - Statement - If (reportgroupTxt == "AutomationGroup1"): null

2018-06-18 14:01:15 - [TEST_STEP][PASSED] - Statement - Else: null

2018-06-18 14:01:15 - [TEST_STEP][PASSED] - Statement - If (!(TCflag)): null

2018-06-18 14:01:15 - [TEST_STEP][PASSED] - Statement - reportgroup = "(//div[@class='ctable']/table/tbody/tr[@class='tdata clear'])[" + i + "]/td[7]": null

2018-06-18 14:01:15 - [TEST_STEP][PASSED] - Statement - reportgroupTxt = driver.findElement(org.openqa.selenium.By.xpath(reportgroup)).getText(): null

2018-06-18 14:01:15 - [TEST_STEP][PASSED] - Statement - If (reportgroupTxt == "AutomationGroup1"): null

2018-06-18 14:01:15 - [TEST_STEP][PASSED] - Statement - println("Report group has right group name"): null

2018-06-18 14:01:15 - [TEST_STEP][PASSED] - Statement - reportgroup = "(//div[@class='ctable']/table/tbody/tr[@class='tdata clear'])[" + i + "]/td[7]": null

2018-06-18 14:01:15 - [TEST_STEP][PASSED] - Statement - reportgroupTxt = driver.findElement(org.openqa.selenium.By.xpath(reportgroup)).getText(): null

2018-06-18 14:01:15 - [TEST_STEP][PASSED] - Statement - If (reportgroupTxt == "AutomationGroup1"): null

2018-06-18 14:01:15 - [TEST_STEP][PASSED] - Statement - println("Report group has right group name"): null

2018-06-18 14:01:15 - [TEST_STEP][PASSED] - Statement - reportgroup = "(//div[@class='ctable']/table/tbody/tr[@class='tdata clear'])[" + i + "]/td[7]": null

2018-06-18 14:01:15 - [TEST_STEP][PASSED] - Statement - reportgroupTxt = driver.findElement(org.openqa.selenium.By.xpath(reportgroup)).getText(): null

2018-06-18 14:01:15 - [TEST_STEP][PASSED] - Statement - If (reportgroupTxt == "AutomationGroup1"): null

2018-06-18 14:01:15 - [TEST_STEP][PASSED] - Statement - println("Report group has right group name"): null

2018-06-18 14:01:15 - [TEST_STEP][PASSED] - Statement - reportgroup = "(//div[@class='ctable']/table/tbody/tr[@class='tdata clear'])[" + i + "]/td[7]": null

2018-06-18 14:01:15 - [TEST_STEP][PASSED] - Statement - reportgroupTxt = driver.findElement(org.openqa.selenium.By.xpath(reportgroup)).getText(): null

2018-06-18 14:01:15 - [TEST_STEP][PASSED] - Statement - If (reportgroupTxt == "AutomationGroup1"): null

2018-06-18 14:01:15 - [TEST_STEP][PASSED] - Statement - Else: null

2018-06-18 14:01:15 - [TEST_STEP][PASSED] - Statement - If (!(TCflag)): null

2018-06-18 14:01:15 - [TEST_STEP][PASSED] - Statement - reportgroup = "(//div[@class='ctable']/table/tbody/tr[@class='tdata clear'])[" + i + "]/td[7]": null

2018-06-18 14:01:15 - [TEST_STEP][PASSED] - Statement - reportgroupTxt = driver.findElement(org.openqa.selenium.By.xpath(reportgroup)).getText(): null

2018-06-18 14:01:15 - [TEST_STEP][PASSED] - Statement - If (reportgroupTxt == "AutomationGroup1"): null

2018-06-18 14:01:15 - [TEST_STEP][PASSED] - Statement - println("Report group has right group name"): null

2018-06-18 14:01:15 - [TEST_STEP][PASSED] - Statement - reportgroup = "(//div[@class='ctable']/table/tbody/tr[@class='tdata clear'])[" + i + "]/td[7]": null

2018-06-18 14:01:15 - [TEST_STEP][PASSED] - Statement - reportgroupTxt = driver.findElement(org.openqa.selenium.By.xpath(reportgroup)).getText(): null

2018-06-18 14:01:15 - [TEST_STEP][PASSED] - Statement - If (reportgroupTxt == "AutomationGroup1"): null

2018-06-18 14:01:15 - [TEST_STEP][PASSED] - Statement - println("Report group has right group name"): null

2018-06-18 14:01:15 - [TEST_STEP][PASSED] - Statement - reportgroup = "(//div[@class='ctable']/table/tbody/tr[@class='tdata clear'])[" + i + "]/td[7]": null

2018-06-18 14:01:15 - [TEST_STEP][PASSED] - Statement - reportgroupTxt = driver.findElement(org.openqa.selenium.By.xpath(reportgroup)).getText(): null

2018-06-18 14:01:15 - [TEST_STEP][PASSED] - Statement - If (reportgroupTxt == "AutomationGroup1"): null

2018-06-18 14:01:15 - [TEST_STEP][PASSED] - Statement - println("Report group has right group name"): null

2018-06-18 14:01:15 - [TEST_STEP][PASSED] - Statement - reportgroup = "(//div[@class='ctable']/table/tbody/tr[@class='tdata clear'])[" + i + "]/td[7]": null

2018-06-18 14:01:15 - [TEST_STEP][PASSED] - Statement - reportgroupTxt = driver.findElement(org.openqa.selenium.By.xpath(reportgroup)).getText(): null

2018-06-18 14:01:15 - [TEST_STEP][PASSED] - Statement - If (reportgroupTxt == "AutomationGroup1"): null

2018-06-18 14:01:15 - [TEST_STEP][PASSED] - Statement - println("Report group has right group name"): null

2018-06-18 14:01:15 - [TEST_STEP][PASSED] - Statement - reportgroup = "(//div[@class='ctable']/table/tbody/tr[@class='tdata clear'])[" + i + "]/td[7]": null

2018-06-18 14:01:15 - [TEST_STEP][PASSED] - Statement - reportgroupTxt = driver.findElement(org.openqa.selenium.By.xpath(reportgroup)).getText(): null

2018-06-18 14:01:15 - [TEST_STEP][PASSED] - Statement - If (reportgroupTxt == "AutomationGroup1"): null

2018-06-18 14:01:15 - [TEST_STEP][PASSED] - Statement - println("Report group has right group name"): null

2018-06-18 14:01:15 - [TEST_STEP][PASSED] - Statement - reportgroup = "(//div[@class='ctable']/table/tbody/tr[@class='tdata clear'])[" + i + "]/td[7]": null

2018-06-18 14:01:15 - [TEST_STEP][PASSED] - Statement - reportgroupTxt = driver.findElement(org.openqa.selenium.By.xpath(reportgroup)).getText(): null

2018-06-18 14:01:15 - [TEST_STEP][PASSED] - Statement - If (reportgroupTxt == "AutomationGroup1"): null

2018-06-18 14:01:15 - [TEST_STEP][PASSED] - Statement - Else: null

2018-06-18 14:01:15 - [TEST_STEP][PASSED] - Statement - If (!(TCflag)): null

2018-06-18 14:01:15 - [TEST_STEP][PASSED] - Statement - reportgroup = "(//div[@class='ctable']/table/tbody/tr[@class='tdata clear'])[" + i + "]/td[7]": null

2018-06-18 14:01:15 - [TEST_STEP][PASSED] - Statement - reportgroupTxt = driver.findElement(org.openqa.selenium.By.xpath(reportgroup)).getText(): null

2018-06-18 14:01:15 - [TEST_STEP][PASSED] - Statement - If (reportgroupTxt == "AutomationGroup1"): null

2018-06-18 14:01:15 - [TEST_STEP][PASSED] - Statement - println("Report group has right group name"): null

2018-06-18 14:01:15 - [TEST_STEP][PASSED] - Statement - reportgroup = "(//div[@class='ctable']/table/tbody/tr[@class='tdata clear'])[" + i + "]/td[7]": null

2018-06-18 14:01:15 - [TEST_STEP][PASSED] - Statement - reportgroupTxt = driver.findElement(org.openqa.selenium.By.xpath(reportgroup)).getText(): null

2018-06-18 14:01:15 - [TEST_STEP][PASSED] - Statement - If (reportgroupTxt == "AutomationGroup1"): null

2018-06-18 14:01:15 - [TEST_STEP][PASSED] - Statement - println("Report group has right group name"): null

2018-06-18 14:01:15 - [TEST_STEP][PASSED] - Statement - reportgroup = "(//div[@class='ctable']/table/tbody/tr[@class='tdata clear'])[" + i + "]/td[7]": null

2018-06-18 14:01:15 - [TEST_STEP][PASSED] - Statement - reportgroupTxt = driver.findElement(org.openqa.selenium.By.xpath(reportgroup)).getText(): null

2018-06-18 14:01:15 - [TEST_STEP][PASSED] - Statement - If (reportgroupTxt == "AutomationGroup1"): null

2018-06-18 14:01:15 - [TEST_STEP][PASSED] - Statement - println("Report group has right group name"): null

2018-06-18 14:01:15 - [TEST_STEP][PASSED] - Statement - reportgroup = "(//div[@class='ctable']/table/tbody/tr[@class='tdata clear'])[" + i + "]/td[7]": null

2018-06-18 14:01:15 - [TEST_STEP][PASSED] - Statement - reportgroupTxt = driver.findElement(org.openqa.selenium.By.xpath(reportgroup)).getText(): null

2018-06-18 14:01:15 - [TEST_STEP][PASSED] - Statement - If (reportgroupTxt == "AutomationGroup1"): null

2018-06-18 14:01:15 - [TEST_STEP][PASSED] - Statement - println("Report group has right group name"): null

2018-06-18 14:01:15 - [TEST_STEP][PASSED] - Statement - reportgroup = "(//div[@class='ctable']/table/tbody/tr[@class='tdata clear'])[" + i + "]/td[7]": null

2018-06-18 14:01:15 - [TEST_STEP][PASSED] - Statement - reportgroupTxt = driver.findElement(org.openqa.selenium.By.xpath(reportgroup)).getText(): null

2018-06-18 14:01:15 - [TEST_STEP][PASSED] - Statement - If (reportgroupTxt == "AutomationGroup1"): null

2018-06-18 14:01:15 - [TEST_STEP][PASSED] - Statement - println("Report group has right group name"): null

2018-06-18 14:01:15 - [TEST_STEP][PASSED] - Statement - reportgroup = "(//div[@class='ctable']/table/tbody/tr[@class='tdata clear'])[" + i + "]/td[7]": null

2018-06-18 14:01:15 - [TEST_STEP][PASSED] - Statement - reportgroupTxt = driver.findElement(org.openqa.selenium.By.xpath(reportgroup)).getText(): null

2018-06-18 14:01:15 - [TEST_STEP][PASSED] - Statement - If (reportgroupTxt == "AutomationGroup1"): null

2018-06-18 14:01:15 - [TEST_STEP][PASSED] - Statement - println("Report group has right group name"): null

2018-06-18 14:01:15 - [TEST_STEP][PASSED] - Statement - reportgroup = "(//div[@class='ctable']/table/tbody/tr[@class='tdata clear'])[" + i + "]/td[7]": null

2018-06-18 14:01:15 - [TEST_STEP][PASSED] - Statement - reportgroupTxt = driver.findElement(org.openqa.selenium.By.xpath(reportgroup)).getText(): null

2018-06-18 14:01:15 - [TEST_STEP][PASSED] - Statement - If (reportgroupTxt == "AutomationGroup1"): null

2018-06-18 14:01:15 - [TEST_STEP][PASSED] - Statement - println("Report group has right group name"): null

2018-06-18 14:01:15 - [TEST_STEP][PASSED] - Statement - reportgroup = "(//div[@class='ctable']/table/tbody/tr[@class='tdata clear'])[" + i + "]/td[7]": null

2018-06-18 14:01:15 - [TEST_STEP][PASSED] - Statement - reportgroupTxt = driver.findElement(org.openqa.selenium.By.xpath(reportgroup)).getText(): null

2018-06-18 14:01:15 - [TEST_STEP][PASSED] - Statement - If (reportgroupTxt == "AutomationGroup1"): null

2018-06-18 14:01:15 - [TEST_STEP][PASSED] - Statement - println("Report group has right group name"): null

2018-06-18 14:01:15 - [TEST_STEP][PASSED] - Statement - reportgroup = "(//div[@class='ctable']/table/tbody/tr[@class='tdata clear'])[" + i + "]/td[7]": null

2018-06-18 14:01:15 - [TEST_STEP][PASSED] - Statement - reportgroupTxt = driver.findElement(org.openqa.selenium.By.xpath(reportgroup)).getText(): null

2018-06-18 14:01:16 - [TEST_STEP][PASSED] - Statement - If (reportgroupTxt == "AutomationGroup1"): null

2018-06-18 14:01:16 - [TEST_STEP][PASSED] - Statement - println("Report group has right group name"): null

2018-06-18 14:01:16 - [TEST_STEP][PASSED] - Statement - reportgroup = "(//div[@class='ctable']/table/tbody/tr[@class='tdata clear'])[" + i + "]/td[7]": null

2018-06-18 14:01:16 - [TEST_STEP][PASSED] - Statement - reportgroupTxt = driver.findElement(org.openqa.selenium.By.xpath(reportgroup)).getText(): null

2018-06-18 14:01:16 - [TEST_STEP][PASSED] - Statement - If (reportgroupTxt == "AutomationGroup1"): null

2018-06-18 14:01:16 - [TEST_STEP][PASSED] - Statement - println("Report group has right group name"): null

2018-06-18 14:01:16 - [TEST_STEP][PASSED] - Statement - reportgroup = "(//div[@class='ctable']/table/tbody/tr[@class='tdata clear'])[" + i + "]/td[7]": null

2018-06-18 14:01:16 - [TEST_STEP][PASSED] - Statement - reportgroupTxt = driver.findElement(org.openqa.selenium.By.xpath(reportgroup)).getText(): null

2018-06-18 14:01:16 - [TEST_STEP][PASSED] - Statement - If (reportgroupTxt == "AutomationGroup1"): null

2018-06-18 14:01:16 - [TEST_STEP][PASSED] - Statement - Else: null

2018-06-18 14:01:16 - [TEST_STEP][PASSED] - Statement - If (!(TCflag)): null

2018-06-18 14:01:16 - [TEST_STEP][PASSED] - Statement - reportgroup = "(//div[@class='ctable']/table/tbody/tr[@class='tdata clear'])[" + i + "]/td[7]": null

2018-06-18 14:01:16 - [TEST_STEP][PASSED] - Statement - reportgroupTxt = driver.findElement(org.openqa.selenium.By.xpath(reportgroup)).getText(): null

2018-06-18 14:01:16 - [TEST_STEP][PASSED] - Statement - If (reportgroupTxt == "AutomationGroup1"): null

2018-06-18 14:01:16 - [TEST_STEP][PASSED] - Statement - Else: null

2018-06-18 14:01:16 - [TEST_STEP][PASSED] - Statement - If (!(TCflag)): null

2018-06-18 14:01:16 - [TEST_STEP][PASSED] - Statement - reportgroup = "(//div[@class='ctable']/table/tbody/tr[@class='tdata clear'])[" + i + "]/td[7]": null

2018-06-18 14:01:16 - [TEST_STEP][PASSED] - Statement - reportgroupTxt = driver.findElement(org.openqa.selenium.By.xpath(reportgroup)).getText(): null

2018-06-18 14:01:16 - [TEST_STEP][PASSED] - Statement - If (reportgroupTxt == "AutomationGroup1"): null

2018-06-18 14:01:16 - [TEST_STEP][PASSED] - Statement - Else: null

2018-06-18 14:01:16 - [TEST_STEP][PASSED] - Statement - If (!(TCflag)): null

2018-06-18 14:01:16 - [TEST_STEP][PASSED] - Statement - reportgroup = "(//div[@class='ctable']/table/tbody/tr[@class='tdata clear'])[" + i + "]/td[7]": null

2018-06-18 14:01:16 - [TEST_STEP][PASSED] - Statement - reportgroupTxt = driver.findElement(org.openqa.selenium.By.xpath(reportgroup)).getText(): null

2018-06-18 14:01:16 - [TEST_STEP][PASSED] - Statement - If (reportgroupTxt == "AutomationGroup1"): null

2018-06-18 14:01:16 - [TEST_STEP][PASSED] - Statement - println("Report group has right group name"): null

2018-06-18 14:01:16 - [TEST_STEP][PASSED] - Statement - reportgroup = "(//div[@class='ctable']/table/tbody/tr[@class='tdata clear'])[" + i + "]/td[7]": null

2018-06-18 14:01:16 - [TEST_STEP][PASSED] - Statement - reportgroupTxt = driver.findElement(org.openqa.selenium.By.xpath(reportgroup)).getText(): null

2018-06-18 14:01:16 - [TEST_STEP][PASSED] - Statement - If (reportgroupTxt == "AutomationGroup1"): null

2018-06-18 14:01:16 - [TEST_STEP][PASSED] - Statement - println("Report group has right group name"): null

2018-06-18 14:01:16 - [TEST_STEP][PASSED] - Statement - reportgroup = "(//div[@class='ctable']/table/tbody/tr[@class='tdata clear'])[" + i + "]/td[7]": null

2018-06-18 14:01:16 - [TEST_STEP][PASSED] - Statement - reportgroupTxt = driver.findElement(org.openqa.selenium.By.xpath(reportgroup)).getText(): null

2018-06-18 14:01:16 - [TEST_STEP][PASSED] - Statement - If (reportgroupTxt == "AutomationGroup1"): null

2018-06-18 14:01:16 - [TEST_STEP][PASSED] - Statement - println("Report group has right group name"): null

2018-06-18 14:01:16 - [TEST_STEP][PASSED] - Statement - reportgroup = "(//div[@class='ctable']/table/tbody/tr[@class='tdata clear'])[" + i + "]/td[7]": null

2018-06-18 14:01:16 - [TEST_STEP][PASSED] - Statement - reportgroupTxt = driver.findElement(org.openqa.selenium.By.xpath(reportgroup)).getText(): null

2018-06-18 14:01:16 - [TEST_STEP][PASSED] - Statement - If (reportgroupTxt == "AutomationGroup1"): null

2018-06-18 14:01:16 - [TEST_STEP][PASSED] - Statement - println("Report group has right group name"): null

2018-06-18 14:01:16 - [TEST_STEP][PASSED] - Statement - reportgroup = "(//div[@class='ctable']/table/tbody/tr[@class='tdata clear'])[" + i + "]/td[7]": null

2018-06-18 14:01:16 - [TEST_STEP][PASSED] - Statement - reportgroupTxt = driver.findElement(org.openqa.selenium.By.xpath(reportgroup)).getText(): null

2018-06-18 14:01:16 - [TEST_STEP][PASSED] - Statement - If (reportgroupTxt == "AutomationGroup1"): null

2018-06-18 14:01:16 - [TEST_STEP][PASSED] - Statement - println("Report group has right group name"): null

2018-06-18 14:01:16 - [TEST_STEP][PASSED] - Statement - reportgroup = "(//div[@class='ctable']/table/tbody/tr[@class='tdata clear'])[" + i + "]/td[7]": null

2018-06-18 14:01:16 - [TEST_STEP][PASSED] - Statement - reportgroupTxt = driver.findElement(org.openqa.selenium.By.xpath(reportgroup)).getText(): null

2018-06-18 14:01:16 - [TEST_STEP][PASSED] - Statement - If (reportgroupTxt == "AutomationGroup1"): null

2018-06-18 14:01:16 - [TEST_STEP][PASSED] - Statement - println("Report group has right group name"): null

2018-06-18 14:01:16 - [TEST_STEP][PASSED] - Statement - reportgroup = "(//div[@class='ctable']/table/tbody/tr[@class='tdata clear'])[" + i + "]/td[7]": null

2018-06-18 14:01:16 - [TEST_STEP][PASSED] - Statement - reportgroupTxt = driver.findElement(org.openqa.selenium.By.xpath(reportgroup)).getText(): null

2018-06-18 14:01:16 - [TEST_STEP][PASSED] - Statement - If (reportgroupTxt == "AutomationGroup1"): null

2018-06-18 14:01:16 - [TEST_STEP][PASSED] - Statement - println("Report group has right group name"): null

2018-06-18 14:01:16 - [TEST_STEP][PASSED] - Statement - reportgroup = "(//div[@class='ctable']/table/tbody/tr[@class='tdata clear'])[" + i + "]/td[7]": null

2018-06-18 14:01:16 - [TEST_STEP][PASSED] - Statement - reportgroupTxt = driver.findElement(org.openqa.selenium.By.xpath(reportgroup)).getText(): null

2018-06-18 14:01:16 - [TEST_STEP][PASSED] - Statement - If (reportgroupTxt == "AutomationGroup1"): null

2018-06-18 14:01:16 - [TEST_STEP][PASSED] - Statement - println("Report group has right group name"): null

2018-06-18 14:01:16 - [TEST_STEP][PASSED] - Statement - reportgroup = "(//div[@class='ctable']/table/tbody/tr[@class='tdata clear'])[" + i + "]/td[7]": null

2018-06-18 14:01:16 - [TEST_STEP][PASSED] - Statement - reportgroupTxt = driver.findElement(org.openqa.selenium.By.xpath(reportgroup)).getText(): null

2018-06-18 14:01:16 - [TEST_STEP][PASSED] - Statement - If (reportgroupTxt == "AutomationGroup1"): null

2018-06-18 14:01:16 - [TEST_STEP][PASSED] - Statement - println("Report group has right group name"): null

2018-06-18 14:01:16 - [TEST_STEP][PASSED] - Statement - reportgroup = "(//div[@class='ctable']/table/tbody/tr[@class='tdata clear'])[" + i + "]/td[7]": null

2018-06-18 14:01:16 - [TEST_STEP][PASSED] - Statement - reportgroupTxt = driver.findElement(org.openqa.selenium.By.xpath(reportgroup)).getText(): null

2018-06-18 14:01:16 - [TEST_STEP][PASSED] - Statement - If (reportgroupTxt == "AutomationGroup1"): null

2018-06-18 14:01:16 - [TEST_STEP][PASSED] - Statement - println("Report group has right group name"): null

2018-06-18 14:01:16 - [TEST_STEP][PASSED] - Statement - reportgroup = "(//div[@class='ctable']/table/tbody/tr[@class='tdata clear'])[" + i + "]/td[7]": null

2018-06-18 14:01:16 - [TEST_STEP][PASSED] - Statement - reportgroupTxt = driver.findElement(org.openqa.selenium.By.xpath(reportgroup)).getText(): null

2018-06-18 14:01:16 - [TEST_STEP][PASSED] - Statement - If (reportgroupTxt == "AutomationGroup1"): null

2018-06-18 14:01:16 - [TEST_STEP][PASSED] - Statement - println("Report group has right group name"): null

2018-06-18 14:01:16 - [TEST_STEP][PASSED] - uiaction.CommonUIActions.click: uiaction.CommonUIActions.click is PASSED

2018-06-18 14:01:16 - [MESSAGE][PASSED] - uiaction.CommonUIActions.click is PASSED

2018-06-18 14:01:16 - [TEST_STEP][PASSED] - delay: Delayed 5 second(s)

2018-06-18 14:01:21 - [MESSAGE][PASSED] - Delayed 5 second(s)

2018-06-18 14:01:21 - [TEST_STEP][PASSED] - uiaction.CommonUIActions.click: uiaction.CommonUIActions.click is PASSED

2018-06-18 14:01:21 - [MESSAGE][PASSED] - uiaction.CommonUIActions.click is PASSED

2018-06-18 14:01:21 - [TEST_STEP][PASSED] - delay: Delayed 5 second(s)

2018-06-18 14:01:26 - [MESSAGE][PASSED] - Delayed 5 second(s)

2018-06-18 14:01:26 - [TEST_STEP][PASSED] - uiaction.CommonUIActions.click: uiaction.CommonUIActions.click is PASSED

2018-06-18 14:01:27 - [MESSAGE][PASSED] - uiaction.CommonUIActions.click is PASSED

2018-06-18 14:01:27 - [TEST_STEP][PASSED] - uiaction.CommonUIActions.click: uiaction.CommonUIActions.click is PASSED

2018-06-18 14:01:27 - [MESSAGE][PASSED] - uiaction.CommonUIActions.click is PASSED

2018-06-18 14:01:27 - [TEST_STEP][PASSED] - uiaction.CommonUIActions.click: uiaction.CommonUIActions.click is PASSED

2018-06-18 14:01:27 - [MESSAGE][PASSED] - uiaction.CommonUIActions.click is PASSED

2018-06-18 14:01:27 - [TEST_STEP][PASSED] - delay: Delayed 10 second(s)

2018-06-18 14:01:37 - [MESSAGE][PASSED] - Delayed 10 second(s)

2018-06-18 14:01:37 - [TEST_STEP][PASSED] - uiaction.CommonUIActions.back: uiaction.CommonUIActions.back is PASSED

2018-06-18 14:01:37 - [MESSAGE][PASSED] - Navigate back successfully

2018-06-18 14:01:37 - [MESSAGE][PASSED] - uiaction.CommonUIActions.back is PASSED

2018-06-18 14:01:37 - [TEST_STEP][PASSED] - delay: Delayed 5 second(s)

2018-06-18 14:01:42 - [MESSAGE][PASSED] - Delayed 5 second(s)

2018-06-18 14:01:42 - [TEST_STEP][PASSED] - uiaction.CommonUIActions.back: uiaction.CommonUIActions.back is PASSED

2018-06-18 14:01:42 - [MESSAGE][PASSED] - Navigate back successfully

2018-06-18 14:01:42 - [MESSAGE][PASSED] - uiaction.CommonUIActions.back is PASSED

2018-06-18 14:01:42 - [TEST_STEP][PASSED] - uiaction.CommonUIActions.click: uiaction.CommonUIActions.click is PASSED

2018-06-18 14:01:44 - [MESSAGE][PASSED] - uiaction.CommonUIActions.click is PASSED

2018-06-18 14:01:44 - [TEST_STEP][PASSED] - uiaction.CommonUIActions.click: uiaction.CommonUIActions.click is PASSED

2018-06-18 14:01:44 - [MESSAGE][PASSED] - uiaction.CommonUIActions.click is PASSED

2018-06-18 14:01:44 - [TEST_STEP][PASSED] - uiaction.CommonUIActions.click: uiaction.CommonUIActions.click is PASSED

2018-06-18 14:01:44 - [MESSAGE][PASSED] - uiaction.CommonUIActions.click is PASSED

2018-06-18 14:01:44 - [TEST_STEP][PASSED] - uiaction.CommonUIActions.click: uiaction.CommonUIActions.click is PASSED

2018-06-18 14:01:47 - [MESSAGE][PASSED] - uiaction.CommonUIActions.click is PASSED

2018-06-18 14:01:47 - [TEST_STEP][PASSED] - Statement - assert TCflag == true: null

2018-06-18 14:01:47 - [TEST_STEP][PASSED] - Start listener action : sampleAfterTestCase: Browser is closed

2018-06-18 14:01:47 - [TEST_STEP][PASSED] - Statement - println(testCaseContext.getTestCaseId()): null

2018-06-18 14:01:47 - [TEST_STEP][PASSED] - Statement - println(testCaseContext.getTestCaseStatus()): null

2018-06-18 14:01:47 - [TEST_STEP][PASSED] - closeBrowser: Browser is closed

2018-06-18 14:01:48 - [MESSAGE][PASSED] - Browser is closed]]></system-out>
         <system-err><![CDATA[]]></system-err>
      </testcase>
      <testcase name="Test Cases/CreateGroupTC/HME-CreateGroup-08" classname="Test Cases/CreateGroupTC/HME-CreateGroup-08" status="FAILED">
         <failure type="FAILED" message="Unable to verify match between actual text 'Group already exist in the user account' and expected text 'Web element with id: 'Object Repository/ReportingGroupManagement/groupCreationErrorMessage' located by 'By.xpath: //div[@class='alert alert-danger'] 
' not found' (Root cause: Actual text 'Group already exist in the user account' and expected text 'Web element with id: 'Object Repository/ReportingGroupManagement/groupCreationErrorMessage' located by 'By.xpath: //div[@class='alert alert-danger'] 
' not found' are not matched)"/>
         <system-out><![CDATA[2018-06-18 14:01:48 - [TEST_CASE][FAILED] - Test Cases/CreateGroupTC/HME-CreateGroup-08: Test Cases/CreateGroupTC/HME-CreateGroup-08 FAILED because (of) Unable to verify match between actual text 'Group already exist in the user account' and expected text 'Web element with id: 'Object Repository/ReportingGroupManagement/groupCreationErrorMessage' located by 'By.xpath: //div[@class='alert alert-danger'] 
' not found' (Root cause: Actual text 'Group already exist in the user account' and expected text 'Web element with id: 'Object Repository/ReportingGroupManagement/groupCreationErrorMessage' located by 'By.xpath: //div[@class='alert alert-danger'] 
' not found' are not matched)

2018-06-18 14:01:48 - [TEST_STEP][PASSED] - Start listener action : sampleBeforeTestCase: uiaction.CommonUIActions.deleteAllCookies is PASSED

2018-06-18 14:01:48 - [TEST_STEP][PASSED] - openBrowser: Browser is opened with url: ''

2018-06-18 14:01:50 - [MESSAGE][PASSED] - Browser is opened with url: ''

2018-06-18 14:01:50 - [TEST_STEP][PASSED] - maximizeWindow: Current window maximized

2018-06-18 14:01:51 - [MESSAGE][PASSED] - Current window maximized

2018-06-18 14:01:51 - [TEST_STEP][PASSED] - uiaction.CommonUIActions.deleteAllCookies: uiaction.CommonUIActions.deleteAllCookies is PASSED

2018-06-18 14:01:51 - [MESSAGE][PASSED] - Delete all cookies successfully

2018-06-18 14:01:51 - [MESSAGE][PASSED] - uiaction.CommonUIActions.deleteAllCookies is PASSED

2018-06-18 14:01:51 - [TEST_STEP][PASSED] - Statement - TCflag = true: null

2018-06-18 14:01:51 - [TEST_STEP][FAILED] - Statement - Try: Finding web element with id: 'Object Repository/ReportingGroupManagement/groupNameTxt' located by 'By.xpath: //input[@type='text']' in '30' second(s)

2018-06-18 14:01:51 - [TEST_STEP][PASSED] - navigateToUrl: Navigate to 'https://hme-dev-public-cloud-app.azurewebsites.net/' successfully

2018-06-18 14:01:54 - [MESSAGE][PASSED] - Navigate to 'https://hme-dev-public-cloud-app.azurewebsites.net/' successfully

2018-06-18 14:01:54 - [TEST_STEP][PASSED] - projectSpecific.Reusability.login: projectSpecific.Reusability.login is PASSED

2018-06-18 14:01:54 - [MESSAGE][PASSED] - projectSpecific.Reusability.getTestData is PASSED

2018-06-18 14:01:54 - [MESSAGE][PASSED] - projectSpecific.Reusability.getTestData is PASSED

2018-06-18 14:01:54 - [MESSAGE][PASSED] - Text 'selvendrank@nousinfo.com' is set on object 'Object Repository/LoginPage/Username'

2018-06-18 14:01:54 - [MESSAGE][PASSED] - Text 'nous;123' is set on object 'Object Repository/LoginPage/Password'

2018-06-18 14:01:54 - [MESSAGE][PASSED] - Object: 'Object Repository/LoginPage/Login' is clicked on

2018-06-18 14:01:54 - [MESSAGE][PASSED] - projectSpecific.Reusability.login is PASSED

2018-06-18 14:01:54 - [TEST_STEP][PASSED] - delay: Delayed 10 second(s)

2018-06-18 14:02:04 - [MESSAGE][PASSED] - Delayed 10 second(s)

2018-06-18 14:02:04 - [TEST_STEP][PASSED] - Statement - driver = com.kms.katalon.core.webui.driver.DriverFactory.getWebDriver(): null

2018-06-18 14:02:04 - [TEST_STEP][PASSED] - uiaction.CommonUIActions.click: uiaction.CommonUIActions.click is PASSED

2018-06-18 14:02:25 - [MESSAGE][PASSED] - uiaction.CommonUIActions.click is PASSED

2018-06-18 14:02:25 - [TEST_STEP][PASSED] - uiaction.CommonUIActions.click: uiaction.CommonUIActions.click is PASSED

2018-06-18 14:02:27 - [MESSAGE][PASSED] - uiaction.CommonUIActions.click is PASSED

2018-06-18 14:02:27 - [TEST_STEP][PASSED] - uiaction.CommonUIActions.click: uiaction.CommonUIActions.click is PASSED

2018-06-18 14:02:27 - [MESSAGE][PASSED] - uiaction.CommonUIActions.click is PASSED

2018-06-18 14:02:27 - [TEST_STEP][PASSED] - delay: Delayed 10 second(s)

2018-06-18 14:02:37 - [MESSAGE][PASSED] - Delayed 10 second(s)

2018-06-18 14:02:37 - [TEST_STEP][PASSED] - Statement - existingGroup = CustomKeywords.projectSpecific.Reusability.getTestData("ReportingGroupManagementPage", "alreadyDeletedGroup"): projectSpecific.Reusability.getTestData is PASSED

2018-06-18 14:02:37 - [MESSAGE][PASSED] - projectSpecific.Reusability.getTestData is PASSED

2018-06-18 14:02:37 - [TEST_STEP][PASSED] - uiaction.CommonUIActions.enter: uiaction.CommonUIActions.enter is PASSED

2018-06-18 14:02:37 - [MESSAGE][PASSED] - uiaction.CommonUIActions.enter is PASSED

2018-06-18 14:02:37 - [TEST_STEP][PASSED] - uiaction.CommonUIActions.enter: uiaction.CommonUIActions.enter is PASSED

2018-06-18 14:02:37 - [MESSAGE][PASSED] - projectSpecific.Reusability.getTestData is PASSED

2018-06-18 14:02:37 - [MESSAGE][PASSED] - uiaction.CommonUIActions.enter is PASSED

2018-06-18 14:02:37 - [TEST_STEP][PASSED] - delay: Delayed 10 second(s)

2018-06-18 14:02:47 - [MESSAGE][PASSED] - Delayed 10 second(s)

2018-06-18 14:02:47 - [TEST_STEP][PASSED] - uiaction.CommonUIActions.click: uiaction.CommonUIActions.click is PASSED

2018-06-18 14:02:47 - [MESSAGE][PASSED] - uiaction.CommonUIActions.click is PASSED

2018-06-18 14:02:47 - [TEST_STEP][PASSED] - back: Navigate back successfully

2018-06-18 14:02:47 - [MESSAGE][PASSED] - Navigate back successfully

2018-06-18 14:02:47 - [TEST_STEP][PASSED] - delay: Delayed 10 second(s)

2018-06-18 14:02:57 - [MESSAGE][PASSED] - Delayed 10 second(s)

2018-06-18 14:02:57 - [TEST_STEP][PASSED] - back: Navigate back successfully

2018-06-18 14:02:57 - [MESSAGE][PASSED] - Navigate back successfully

2018-06-18 14:02:57 - [TEST_STEP][PASSED] - delay: Delayed 10 second(s)

2018-06-18 14:03:07 - [MESSAGE][PASSED] - Delayed 10 second(s)

2018-06-18 14:03:07 - [TEST_STEP][PASSED] - Statement - groupHierarchyList = driver.findElements(org.openqa.selenium.By.xpath(com.kms.katalon.core.testdata.TestDataFactory.findTestData(OR_file).getValue(2, 13))): Reading excel file with source file 'C:\Users\shalinin\Katalon Studio\HME_Scripts\Data Files\HME_OR.xlsx' and sheet name 'Sheet1'

2018-06-18 14:03:07 - [TEST_STEP][PASSED] - Statement - exists = false: null

2018-06-18 14:03:07 - [TEST_STEP][PASSED] - Statement - For ([i = 0, i < groupHierarchyList.size(), (i++)]): null

2018-06-18 14:03:07 - [TEST_STEP][PASSED] - Statement - If (groupHierarchyList.get(i).getText().equals(existingGroup)): null

2018-06-18 14:03:07 - [TEST_STEP][PASSED] - Statement - If (groupHierarchyList.get(i).getText().equals(existingGroup)): null

2018-06-18 14:03:07 - [TEST_STEP][PASSED] - Statement - If (groupHierarchyList.get(i).getText().equals(existingGroup)): null

2018-06-18 14:03:07 - [TEST_STEP][PASSED] - Statement - If (groupHierarchyList.get(i).getText().equals(existingGroup)): null

2018-06-18 14:03:07 - [TEST_STEP][PASSED] - Statement - println("group exists"): null

2018-06-18 14:03:07 - [TEST_STEP][PASSED] - Statement - exists = true: null

2018-06-18 14:03:07 - [TEST_STEP][PASSED] - Statement - Break: null

2018-06-18 14:03:07 - [TEST_STEP][PASSED] - Statement - If (!(exists)): null

2018-06-18 14:03:07 - [TEST_STEP][PASSED] - Statement - groupXpath = "//span[text()='" + existingGroup + "']": null

2018-06-18 14:03:07 - [TEST_STEP][PASSED] - Statement - println(groupXpath): null

2018-06-18 14:03:07 - [TEST_STEP][PASSED] - Statement - driver.findElement(org.openqa.selenium.By.xpath(groupXpath)).click(): null

2018-06-18 14:03:07 - [TEST_STEP][PASSED] - delay: Delayed 10 second(s)

2018-06-18 14:03:17 - [MESSAGE][PASSED] - Delayed 10 second(s)

2018-06-18 14:03:17 - [TEST_STEP][PASSED] - uiaction.CommonUIActions.click: uiaction.CommonUIActions.click is PASSED

2018-06-18 14:03:18 - [MESSAGE][PASSED] - uiaction.CommonUIActions.click is PASSED

2018-06-18 14:03:18 - [TEST_STEP][PASSED] - delay: Delayed 10 second(s)

2018-06-18 14:03:28 - [MESSAGE][PASSED] - Delayed 10 second(s)

2018-06-18 14:03:28 - [TEST_STEP][PASSED] - Statement - confirmToDeleteText = CustomKeywords.uiaction.CommonUIActions.getText(com.kms.katalon.core.testobject.ObjectRepository.findTestObject(ReportingGroupManagement/confirmToDeleteText)): uiaction.CommonUIActions.getText is PASSED

2018-06-18 14:03:28 - [MESSAGE][PASSED] - uiaction.CommonUIActions.getText is PASSED

2018-06-18 14:03:28 - [TEST_STEP][PASSED] - Statement - confirmToDeleteText2 = CustomKeywords.projectSpecific.Reusability.getTestData("ReportingGroupManagementPage", "confirmDeleteTxt"): projectSpecific.Reusability.getTestData is PASSED

2018-06-18 14:03:28 - [MESSAGE][PASSED] - projectSpecific.Reusability.getTestData is PASSED

2018-06-18 14:03:28 - [TEST_STEP][PASSED] - verifyMatch: Actual text 'Confirm to Delete
Are you sure you want to remove this group?
Yes
No' and expected text 'Confirm to Delete
Are you sure you want to remove this group?
Yes
No' are matched 

2018-06-18 14:03:28 - [MESSAGE][PASSED] - Actual text 'Confirm to Delete
Are you sure you want to remove this group?
Yes
No' and expected text 'Confirm to Delete
Are you sure you want to remove this group?
Yes
No' are matched 

2018-06-18 14:03:28 - [TEST_STEP][PASSED] - verifyElementPresent: Object 'Object Repository/ReportingGroupManagement/confirmToDelNoBtn' is present

2018-06-18 14:03:28 - [MESSAGE][PASSED] - Object 'Object Repository/ReportingGroupManagement/confirmToDelNoBtn' is present

2018-06-18 14:03:28 - [TEST_STEP][PASSED] - verifyElementPresent: Object 'Object Repository/ReportingGroupManagement/confirmToDelBtn' is present

2018-06-18 14:03:28 - [MESSAGE][PASSED] - Object 'Object Repository/ReportingGroupManagement/confirmToDelBtn' is present

2018-06-18 14:03:28 - [TEST_STEP][PASSED] - uiaction.CommonUIActions.click: uiaction.CommonUIActions.click is PASSED

2018-06-18 14:03:28 - [MESSAGE][PASSED] - uiaction.CommonUIActions.click is PASSED

2018-06-18 14:03:28 - [TEST_STEP][PASSED] - back: Navigate back successfully

2018-06-18 14:03:28 - [MESSAGE][PASSED] - Navigate back successfully

2018-06-18 14:03:28 - [TEST_STEP][PASSED] - delay: Delayed 10 second(s)

2018-06-18 14:03:38 - [MESSAGE][PASSED] - Delayed 10 second(s)

2018-06-18 14:03:38 - [TEST_STEP][PASSED] - back: Navigate back successfully

2018-06-18 14:03:38 - [MESSAGE][PASSED] - Navigate back successfully

2018-06-18 14:03:38 - [TEST_STEP][PASSED] - delay: Delayed 10 second(s)

2018-06-18 14:03:48 - [MESSAGE][PASSED] - Delayed 10 second(s)

2018-06-18 14:03:48 - [TEST_STEP][PASSED] - Statement - groupHierarchyList = driver.findElements(org.openqa.selenium.By.xpath(com.kms.katalon.core.testdata.TestDataFactory.findTestData(OR_file).getValue(2, 13))): Reading excel file with source file 'C:\Users\shalinin\Katalon Studio\HME_Scripts\Data Files\HME_OR.xlsx' and sheet name 'Sheet1'

2018-06-18 14:03:48 - [TEST_STEP][PASSED] - Statement - groupSize = groupHierarchyList.size(): null

2018-06-18 14:03:48 - [TEST_STEP][PASSED] - Statement - existingGroupName = groupHierarchyList.get(groupSize - 1).getText(): null

2018-06-18 14:03:48 - [TEST_STEP][PASSED] - uiaction.CommonUIActions.click: uiaction.CommonUIActions.click is PASSED

2018-06-18 14:03:48 - [MESSAGE][PASSED] - uiaction.CommonUIActions.click is PASSED

2018-06-18 14:03:48 - [TEST_STEP][PASSED] - verifyElementPresent: Object 'Object Repository/ReportingGroupManagement/reportingGroupDetails' is present

2018-06-18 14:03:48 - [MESSAGE][PASSED] - Object 'Object Repository/ReportingGroupManagement/reportingGroupDetails' is present

2018-06-18 14:03:48 - [TEST_STEP][PASSED] - Statement - println(existingGroupName): null

2018-06-18 14:03:48 - [TEST_STEP][PASSED] - uiaction.CommonUIActions.enter: uiaction.CommonUIActions.enter is PASSED

2018-06-18 14:03:48 - [MESSAGE][PASSED] - uiaction.CommonUIActions.enter is PASSED

2018-06-18 14:03:48 - [TEST_STEP][PASSED] - uiaction.CommonUIActions.click: uiaction.CommonUIActions.click is PASSED

2018-06-18 14:03:48 - [MESSAGE][PASSED] - uiaction.CommonUIActions.click is PASSED

2018-06-18 14:03:48 - [TEST_STEP][PASSED] - delay: Delayed 10 second(s)

2018-06-18 14:03:58 - [MESSAGE][PASSED] - Delayed 10 second(s)

2018-06-18 14:03:58 - [TEST_STEP][PASSED] - Statement - groupalreadyExists = CustomKeywords.projectSpecific.Reusability.getTestData("ReportingGroupManagementPage", "groupAlreadyMessage"): projectSpecific.Reusability.getTestData is PASSED

2018-06-18 14:03:58 - [MESSAGE][PASSED] - projectSpecific.Reusability.getTestData is PASSED

2018-06-18 14:03:58 - [TEST_STEP][PASSED] - Statement - groupalreadyText = CustomKeywords.uiaction.CommonUIActions.getText(com.kms.katalon.core.testobject.ObjectRepository.findTestObject(ReportingGroupManagement/groupCreationErrorMessage)): uiaction.CommonUIActions.getText is PASSED

2018-06-18 14:04:18 - [MESSAGE][PASSED] - uiaction.CommonUIActions.getText is PASSED

2018-06-18 14:04:18 - [TEST_STEP][FAILED] - verifyMatch: Unable to verify match between actual text 'Group already exist in the user account' and expected text 'Web element with id: 'Object Repository/ReportingGroupManagement/groupCreationErrorMessage' located by 'By.xpath: //div[@class='alert alert-danger'] 
' not found' (Root cause: Actual text 'Group already exist in the user account' and expected text 'Web element with id: 'Object Repository/ReportingGroupManagement/groupCreationErrorMessage' located by 'By.xpath: //div[@class='alert alert-danger'] 
' not found' are not matched)

2018-06-18 14:04:18 - [MESSAGE][FAILED] - Unable to verify match between actual text 'Group already exist in the user account' and expected text 'Web element with id: 'Object Repository/ReportingGroupManagement/groupCreationErrorMessage' located by 'By.xpath: //div[@class='alert alert-danger'] 
' not found' (Root cause: Actual text 'Group already exist in the user account' and expected text 'Web element with id: 'Object Repository/ReportingGroupManagement/groupCreationErrorMessage' located by 'By.xpath: //div[@class='alert alert-danger'] 
' not found' are not matched)

2018-06-18 14:04:18 - [TEST_STEP][PASSED] - uiaction.CommonUIActions.click: uiaction.CommonUIActions.click is PASSED

2018-06-18 14:04:39 - [MESSAGE][PASSED] - uiaction.CommonUIActions.click is PASSED

2018-06-18 14:04:39 - [TEST_STEP][PASSED] - Statement - com.kms.katalon.core.webui.common.WebUiCommonHelper.findWebElement(com.kms.katalon.core.testobject.ObjectRepository.findTestObject(ReportingGroupManagement/groupNameTxt), 30).clear(): Finding web element with id: 'Object Repository/ReportingGroupManagement/groupNameTxt' located by 'By.xpath: //input[@type='text']' in '30' second(s)

2018-06-18 14:05:09 - [TEST_STEP][PASSED] - Statement - Catch (Exception e): null

2018-06-18 14:05:09 - [TEST_STEP][PASSED] - Statement - println("exception occured"): null

2018-06-18 14:05:09 - [TEST_STEP][PASSED] - Start listener action : sampleAfterTestCase: Browser is closed

2018-06-18 14:05:09 - [TEST_STEP][PASSED] - Statement - println(testCaseContext.getTestCaseId()): null

2018-06-18 14:05:09 - [TEST_STEP][PASSED] - Statement - println(testCaseContext.getTestCaseStatus()): null

2018-06-18 14:05:09 - [TEST_STEP][PASSED] - closeBrowser: Browser is closed

2018-06-18 14:05:10 - [MESSAGE][PASSED] - Browser is closed]]></system-out>
         <system-err><![CDATA[2018-06-18 14:01:48 - [TEST_CASE][FAILED] - Test Cases/CreateGroupTC/HME-CreateGroup-08: Test Cases/CreateGroupTC/HME-CreateGroup-08 FAILED because (of) Unable to verify match between actual text 'Group already exist in the user account' and expected text 'Web element with id: 'Object Repository/ReportingGroupManagement/groupCreationErrorMessage' located by 'By.xpath: //div[@class='alert alert-danger'] 
' not found' (Root cause: Actual text 'Group already exist in the user account' and expected text 'Web element with id: 'Object Repository/ReportingGroupManagement/groupCreationErrorMessage' located by 'By.xpath: //div[@class='alert alert-danger'] 
' not found' are not matched)]]></system-err>
      </testcase>
      <testcase name="Test Cases/CreateGroupTC/HME-DeleteGroup-07" classname="Test Cases/CreateGroupTC/HME-DeleteGroup-07" status="PASSED">
         <system-out><![CDATA[2018-06-18 14:05:10 - [TEST_CASE][PASSED] - Test Cases/CreateGroupTC/HME-DeleteGroup-07: Browser is closed

2018-06-18 14:05:10 - [TEST_STEP][PASSED] - Start listener action : sampleBeforeTestCase: uiaction.CommonUIActions.deleteAllCookies is PASSED

2018-06-18 14:05:10 - [TEST_STEP][PASSED] - openBrowser: Browser is opened with url: ''

2018-06-18 14:05:12 - [MESSAGE][PASSED] - Browser is opened with url: ''

2018-06-18 14:05:12 - [TEST_STEP][PASSED] - maximizeWindow: Current window maximized

2018-06-18 14:05:13 - [MESSAGE][PASSED] - Current window maximized

2018-06-18 14:05:13 - [TEST_STEP][PASSED] - uiaction.CommonUIActions.deleteAllCookies: uiaction.CommonUIActions.deleteAllCookies is PASSED

2018-06-18 14:05:13 - [MESSAGE][PASSED] - Delete all cookies successfully

2018-06-18 14:05:13 - [MESSAGE][PASSED] - uiaction.CommonUIActions.deleteAllCookies is PASSED

2018-06-18 14:05:13 - [TEST_STEP][PASSED] - Statement - TCflag = true: null

2018-06-18 14:05:13 - [TEST_STEP][PASSED] - Statement - Try: null

2018-06-18 14:05:13 - [TEST_STEP][PASSED] - navigateToUrl: Navigate to 'https://hme-dev-public-cloud-app.azurewebsites.net/' successfully

2018-06-18 14:05:17 - [MESSAGE][PASSED] - Navigate to 'https://hme-dev-public-cloud-app.azurewebsites.net/' successfully

2018-06-18 14:05:17 - [TEST_STEP][PASSED] - projectSpecific.Reusability.login: projectSpecific.Reusability.login is PASSED

2018-06-18 14:05:17 - [MESSAGE][PASSED] - projectSpecific.Reusability.getTestData is PASSED

2018-06-18 14:05:17 - [MESSAGE][PASSED] - projectSpecific.Reusability.getTestData is PASSED

2018-06-18 14:05:17 - [MESSAGE][PASSED] - Text 'selvendrank@nousinfo.com' is set on object 'Object Repository/LoginPage/Username'

2018-06-18 14:05:17 - [MESSAGE][PASSED] - Text 'nous;123' is set on object 'Object Repository/LoginPage/Password'

2018-06-18 14:05:17 - [MESSAGE][PASSED] - Object: 'Object Repository/LoginPage/Login' is clicked on

2018-06-18 14:05:17 - [MESSAGE][PASSED] - projectSpecific.Reusability.login is PASSED

2018-06-18 14:05:17 - [TEST_STEP][PASSED] - delay: Delayed 5 second(s)

2018-06-18 14:05:22 - [MESSAGE][PASSED] - Delayed 5 second(s)

2018-06-18 14:05:22 - [TEST_STEP][PASSED] - uiaction.CommonUIActions.click: uiaction.CommonUIActions.click is PASSED

2018-06-18 14:05:49 - [MESSAGE][PASSED] - uiaction.CommonUIActions.click is PASSED

2018-06-18 14:05:49 - [TEST_STEP][PASSED] - uiaction.CommonUIActions.click: uiaction.CommonUIActions.click is PASSED

2018-06-18 14:05:51 - [MESSAGE][PASSED] - uiaction.CommonUIActions.click is PASSED

2018-06-18 14:05:51 - [TEST_STEP][PASSED] - Statement - driver = com.kms.katalon.core.webui.driver.DriverFactory.getWebDriver(): null

2018-06-18 14:05:51 - [TEST_STEP][PASSED] - uiaction.CommonUIActions.click: uiaction.CommonUIActions.click is PASSED

2018-06-18 14:05:51 - [MESSAGE][PASSED] - uiaction.CommonUIActions.click is PASSED

2018-06-18 14:05:51 - [TEST_STEP][PASSED] - verifyElementPresent: Object 'Object Repository/ReportingGroupManagement/reportingGroupDetails' is present

2018-06-18 14:05:51 - [MESSAGE][PASSED] - Object 'Object Repository/ReportingGroupManagement/reportingGroupDetails' is present

2018-06-18 14:05:51 - [TEST_STEP][PASSED] - uiaction.CommonUIActions.enter: uiaction.CommonUIActions.enter is PASSED

2018-06-18 14:05:51 - [MESSAGE][PASSED] - projectSpecific.Reusability.getTestData is PASSED

2018-06-18 14:05:51 - [MESSAGE][PASSED] - uiaction.CommonUIActions.enter is PASSED

2018-06-18 14:05:51 - [TEST_STEP][PASSED] - uiaction.CommonUIActions.enter: uiaction.CommonUIActions.enter is PASSED

2018-06-18 14:05:51 - [MESSAGE][PASSED] - projectSpecific.Reusability.getTestData is PASSED

2018-06-18 14:05:51 - [MESSAGE][PASSED] - uiaction.CommonUIActions.enter is PASSED

2018-06-18 14:05:51 - [TEST_STEP][PASSED] - delay: Delayed 5 second(s)

2018-06-18 14:05:56 - [MESSAGE][PASSED] - Delayed 5 second(s)

2018-06-18 14:05:56 - [TEST_STEP][PASSED] - Statement - StoresCBList1 = driver.findElements(org.openqa.selenium.By.xpath(com.kms.katalon.core.testdata.TestDataFactory.findTestData(OR_file).getValue(2, 12))): Reading excel file with source file 'C:\Users\shalinin\Katalon Studio\HME_Scripts\Data Files\HME_OR.xlsx' and sheet name 'Sheet1'

2018-06-18 14:05:56 - [TEST_STEP][PASSED] - Statement - storesLabel = driver.findElements(org.openqa.selenium.By.xpath(com.kms.katalon.core.testdata.TestDataFactory.findTestData(OR_file).getValue(2, 10))): Reading excel file with source file 'C:\Users\shalinin\Katalon Studio\HME_Scripts\Data Files\HME_OR.xlsx' and sheet name 'Sheet1'

2018-06-18 14:05:56 - [TEST_STEP][PASSED] - Statement - groupStoresList = new java.util.ArrayList(): null

2018-06-18 14:05:56 - [TEST_STEP][PASSED] - Statement - out.println(StoresCBList1.size()): null

2018-06-18 14:05:56 - [TEST_STEP][PASSED] - Statement - size = StoresCBList1.size(): null

2018-06-18 14:05:56 - [TEST_STEP][PASSED] - Statement - For ([i = 0, i < size, (i++)]): null

2018-06-18 14:05:56 - [TEST_STEP][PASSED] - Statement - groupStoresList[i] = storesLabel.get(i).getText(): null

2018-06-18 14:05:56 - [TEST_STEP][PASSED] - Statement - StoresCBList1.get(i).click(): null

2018-06-18 14:05:56 - [TEST_STEP][PASSED] - Statement - groupStoresList[i] = storesLabel.get(i).getText(): null

2018-06-18 14:05:56 - [TEST_STEP][PASSED] - Statement - StoresCBList1.get(i).click(): null

2018-06-18 14:05:56 - [TEST_STEP][PASSED] - Statement - groupStoresList[i] = storesLabel.get(i).getText(): null

2018-06-18 14:05:56 - [TEST_STEP][PASSED] - Statement - StoresCBList1.get(i).click(): null

2018-06-18 14:05:56 - [TEST_STEP][PASSED] - Statement - groupStoresList[i] = storesLabel.get(i).getText(): null

2018-06-18 14:05:56 - [TEST_STEP][PASSED] - Statement - StoresCBList1.get(i).click(): null

2018-06-18 14:05:56 - [TEST_STEP][PASSED] - Statement - groupStoresList[i] = storesLabel.get(i).getText(): null

2018-06-18 14:05:56 - [TEST_STEP][PASSED] - Statement - StoresCBList1.get(i).click(): null

2018-06-18 14:05:57 - [TEST_STEP][PASSED] - Statement - groupStoresList[i] = storesLabel.get(i).getText(): null

2018-06-18 14:05:57 - [TEST_STEP][PASSED] - Statement - StoresCBList1.get(i).click(): null

2018-06-18 14:05:57 - [TEST_STEP][PASSED] - Statement - groupStoresList[i] = storesLabel.get(i).getText(): null

2018-06-18 14:05:57 - [TEST_STEP][PASSED] - Statement - StoresCBList1.get(i).click(): null

2018-06-18 14:05:57 - [TEST_STEP][PASSED] - Statement - groupStoresList[i] = storesLabel.get(i).getText(): null

2018-06-18 14:05:57 - [TEST_STEP][PASSED] - Statement - StoresCBList1.get(i).click(): null

2018-06-18 14:05:57 - [TEST_STEP][PASSED] - Statement - groupStoresList[i] = storesLabel.get(i).getText(): null

2018-06-18 14:05:57 - [TEST_STEP][PASSED] - Statement - StoresCBList1.get(i).click(): null

2018-06-18 14:05:57 - [TEST_STEP][PASSED] - Statement - groupStoresList[i] = storesLabel.get(i).getText(): null

2018-06-18 14:05:57 - [TEST_STEP][PASSED] - Statement - StoresCBList1.get(i).click(): null

2018-06-18 14:05:57 - [TEST_STEP][PASSED] - Statement - groupStoresList[i] = storesLabel.get(i).getText(): null

2018-06-18 14:05:57 - [TEST_STEP][PASSED] - Statement - StoresCBList1.get(i).click(): null

2018-06-18 14:05:57 - [TEST_STEP][PASSED] - Statement - groupStoresList[i] = storesLabel.get(i).getText(): null

2018-06-18 14:05:57 - [TEST_STEP][PASSED] - Statement - StoresCBList1.get(i).click(): null

2018-06-18 14:05:57 - [TEST_STEP][PASSED] - Statement - groupStoresList[i] = storesLabel.get(i).getText(): null

2018-06-18 14:05:57 - [TEST_STEP][PASSED] - Statement - StoresCBList1.get(i).click(): null

2018-06-18 14:05:57 - [TEST_STEP][PASSED] - Statement - groupStoresList[i] = storesLabel.get(i).getText(): null

2018-06-18 14:05:57 - [TEST_STEP][PASSED] - Statement - StoresCBList1.get(i).click(): null

2018-06-18 14:05:57 - [TEST_STEP][PASSED] - Statement - groupStoresList[i] = storesLabel.get(i).getText(): null

2018-06-18 14:05:57 - [TEST_STEP][PASSED] - Statement - StoresCBList1.get(i).click(): null

2018-06-18 14:05:57 - [TEST_STEP][PASSED] - Statement - groupStoresList[i] = storesLabel.get(i).getText(): null

2018-06-18 14:05:57 - [TEST_STEP][PASSED] - Statement - StoresCBList1.get(i).click(): null

2018-06-18 14:05:57 - [TEST_STEP][PASSED] - Statement - groupStoresList[i] = storesLabel.get(i).getText(): null

2018-06-18 14:05:57 - [TEST_STEP][PASSED] - Statement - StoresCBList1.get(i).click(): null

2018-06-18 14:05:57 - [TEST_STEP][PASSED] - Statement - groupStoresList[i] = storesLabel.get(i).getText(): null

2018-06-18 14:05:57 - [TEST_STEP][PASSED] - Statement - StoresCBList1.get(i).click(): null

2018-06-18 14:05:57 - [TEST_STEP][PASSED] - Statement - groupStoresList[i] = storesLabel.get(i).getText(): null

2018-06-18 14:05:57 - [TEST_STEP][PASSED] - Statement - StoresCBList1.get(i).click(): null

2018-06-18 14:05:57 - [TEST_STEP][PASSED] - Statement - groupStoresList[i] = storesLabel.get(i).getText(): null

2018-06-18 14:05:57 - [TEST_STEP][PASSED] - Statement - StoresCBList1.get(i).click(): null

2018-06-18 14:05:58 - [TEST_STEP][PASSED] - Statement - groupStoresList[i] = storesLabel.get(i).getText(): null

2018-06-18 14:05:58 - [TEST_STEP][PASSED] - Statement - StoresCBList1.get(i).click(): null

2018-06-18 14:05:58 - [TEST_STEP][PASSED] - Statement - groupStoresList[i] = storesLabel.get(i).getText(): null

2018-06-18 14:05:58 - [TEST_STEP][PASSED] - Statement - StoresCBList1.get(i).click(): null

2018-06-18 14:05:58 - [TEST_STEP][PASSED] - Statement - groupStoresList[i] = storesLabel.get(i).getText(): null

2018-06-18 14:05:58 - [TEST_STEP][PASSED] - Statement - StoresCBList1.get(i).click(): null

2018-06-18 14:05:58 - [TEST_STEP][PASSED] - Statement - groupStoresList[i] = storesLabel.get(i).getText(): null

2018-06-18 14:05:58 - [TEST_STEP][PASSED] - Statement - StoresCBList1.get(i).click(): null

2018-06-18 14:05:58 - [TEST_STEP][PASSED] - Statement - groupStoresList[i] = storesLabel.get(i).getText(): null

2018-06-18 14:05:58 - [TEST_STEP][PASSED] - Statement - StoresCBList1.get(i).click(): null

2018-06-18 14:05:58 - [TEST_STEP][PASSED] - Statement - groupStoresList[i] = storesLabel.get(i).getText(): null

2018-06-18 14:05:58 - [TEST_STEP][PASSED] - Statement - StoresCBList1.get(i).click(): null

2018-06-18 14:05:58 - [TEST_STEP][PASSED] - Statement - groupStoresList[i] = storesLabel.get(i).getText(): null

2018-06-18 14:05:58 - [TEST_STEP][PASSED] - Statement - StoresCBList1.get(i).click(): null

2018-06-18 14:05:58 - [TEST_STEP][PASSED] - Statement - groupStoresList[i] = storesLabel.get(i).getText(): null

2018-06-18 14:05:58 - [TEST_STEP][PASSED] - Statement - StoresCBList1.get(i).click(): null

2018-06-18 14:05:58 - [TEST_STEP][PASSED] - Statement - groupStoresList[i] = storesLabel.get(i).getText(): null

2018-06-18 14:05:58 - [TEST_STEP][PASSED] - Statement - StoresCBList1.get(i).click(): null

2018-06-18 14:05:58 - [TEST_STEP][PASSED] - Statement - groupStoresList[i] = storesLabel.get(i).getText(): null

2018-06-18 14:05:58 - [TEST_STEP][PASSED] - Statement - StoresCBList1.get(i).click(): null

2018-06-18 14:05:58 - [TEST_STEP][PASSED] - Statement - groupStoresList[i] = storesLabel.get(i).getText(): null

2018-06-18 14:05:58 - [TEST_STEP][PASSED] - Statement - StoresCBList1.get(i).click(): null

2018-06-18 14:05:58 - [TEST_STEP][PASSED] - Statement - groupStoresList[i] = storesLabel.get(i).getText(): null

2018-06-18 14:05:58 - [TEST_STEP][PASSED] - Statement - StoresCBList1.get(i).click(): null

2018-06-18 14:05:58 - [TEST_STEP][PASSED] - Statement - groupStoresList[i] = storesLabel.get(i).getText(): null

2018-06-18 14:05:58 - [TEST_STEP][PASSED] - Statement - StoresCBList1.get(i).click(): null

2018-06-18 14:05:58 - [TEST_STEP][PASSED] - Statement - groupStoresList[i] = storesLabel.get(i).getText(): null

2018-06-18 14:05:58 - [TEST_STEP][PASSED] - Statement - StoresCBList1.get(i).click(): null

2018-06-18 14:05:58 - [TEST_STEP][PASSED] - Statement - groupStoresList[i] = storesLabel.get(i).getText(): null

2018-06-18 14:05:58 - [TEST_STEP][PASSED] - Statement - StoresCBList1.get(i).click(): null

2018-06-18 14:05:59 - [TEST_STEP][PASSED] - Statement - groupStoresList[i] = storesLabel.get(i).getText(): null

2018-06-18 14:05:59 - [TEST_STEP][PASSED] - Statement - StoresCBList1.get(i).click(): null

2018-06-18 14:05:59 - [TEST_STEP][PASSED] - Statement - groupStoresList[i] = storesLabel.get(i).getText(): null

2018-06-18 14:05:59 - [TEST_STEP][PASSED] - Statement - StoresCBList1.get(i).click(): null

2018-06-18 14:05:59 - [TEST_STEP][PASSED] - Statement - groupStoresList[i] = storesLabel.get(i).getText(): null

2018-06-18 14:05:59 - [TEST_STEP][PASSED] - Statement - StoresCBList1.get(i).click(): null

2018-06-18 14:05:59 - [TEST_STEP][PASSED] - Statement - groupStoresList[i] = storesLabel.get(i).getText(): null

2018-06-18 14:05:59 - [TEST_STEP][PASSED] - Statement - StoresCBList1.get(i).click(): null

2018-06-18 14:05:59 - [TEST_STEP][PASSED] - Statement - groupStoresList[i] = storesLabel.get(i).getText(): null

2018-06-18 14:05:59 - [TEST_STEP][PASSED] - Statement - StoresCBList1.get(i).click(): null

2018-06-18 14:05:59 - [TEST_STEP][PASSED] - Statement - groupStoresList[i] = storesLabel.get(i).getText(): null

2018-06-18 14:05:59 - [TEST_STEP][PASSED] - Statement - StoresCBList1.get(i).click(): null

2018-06-18 14:05:59 - [TEST_STEP][PASSED] - Statement - groupStoresList[i] = storesLabel.get(i).getText(): null

2018-06-18 14:05:59 - [TEST_STEP][PASSED] - Statement - StoresCBList1.get(i).click(): null

2018-06-18 14:05:59 - [TEST_STEP][PASSED] - Statement - groupStoresList[i] = storesLabel.get(i).getText(): null

2018-06-18 14:05:59 - [TEST_STEP][PASSED] - Statement - StoresCBList1.get(i).click(): null

2018-06-18 14:05:59 - [TEST_STEP][PASSED] - Statement - groupStoresList[i] = storesLabel.get(i).getText(): null

2018-06-18 14:05:59 - [TEST_STEP][PASSED] - Statement - StoresCBList1.get(i).click(): null

2018-06-18 14:05:59 - [TEST_STEP][PASSED] - Statement - groupStoresList[i] = storesLabel.get(i).getText(): null

2018-06-18 14:05:59 - [TEST_STEP][PASSED] - Statement - StoresCBList1.get(i).click(): null

2018-06-18 14:05:59 - [TEST_STEP][PASSED] - Statement - groupStoresList[i] = storesLabel.get(i).getText(): null

2018-06-18 14:05:59 - [TEST_STEP][PASSED] - Statement - StoresCBList1.get(i).click(): null

2018-06-18 14:05:59 - [TEST_STEP][PASSED] - Statement - groupStoresList[i] = storesLabel.get(i).getText(): null

2018-06-18 14:05:59 - [TEST_STEP][PASSED] - Statement - StoresCBList1.get(i).click(): null

2018-06-18 14:05:59 - [TEST_STEP][PASSED] - Statement - groupStoresList[i] = storesLabel.get(i).getText(): null

2018-06-18 14:05:59 - [TEST_STEP][PASSED] - Statement - StoresCBList1.get(i).click(): null

2018-06-18 14:05:59 - [TEST_STEP][PASSED] - Statement - groupStoresList[i] = storesLabel.get(i).getText(): null

2018-06-18 14:05:59 - [TEST_STEP][PASSED] - Statement - StoresCBList1.get(i).click(): null

2018-06-18 14:05:59 - [TEST_STEP][PASSED] - Statement - groupStoresList[i] = storesLabel.get(i).getText(): null

2018-06-18 14:06:00 - [TEST_STEP][PASSED] - Statement - StoresCBList1.get(i).click(): null

2018-06-18 14:06:00 - [TEST_STEP][PASSED] - Statement - groupStoresList[i] = storesLabel.get(i).getText(): null

2018-06-18 14:06:00 - [TEST_STEP][PASSED] - Statement - StoresCBList1.get(i).click(): null

2018-06-18 14:06:00 - [TEST_STEP][PASSED] - Statement - groupStoresList[i] = storesLabel.get(i).getText(): null

2018-06-18 14:06:00 - [TEST_STEP][PASSED] - Statement - StoresCBList1.get(i).click(): null

2018-06-18 14:06:00 - [TEST_STEP][PASSED] - Statement - groupStoresList[i] = storesLabel.get(i).getText(): null

2018-06-18 14:06:00 - [TEST_STEP][PASSED] - Statement - StoresCBList1.get(i).click(): null

2018-06-18 14:06:00 - [TEST_STEP][PASSED] - Statement - groupStoresList[i] = storesLabel.get(i).getText(): null

2018-06-18 14:06:00 - [TEST_STEP][PASSED] - Statement - StoresCBList1.get(i).click(): null

2018-06-18 14:06:00 - [TEST_STEP][PASSED] - Statement - groupStoresList[i] = storesLabel.get(i).getText(): null

2018-06-18 14:06:00 - [TEST_STEP][PASSED] - Statement - StoresCBList1.get(i).click(): null

2018-06-18 14:06:00 - [TEST_STEP][PASSED] - Statement - groupStoresList[i] = storesLabel.get(i).getText(): null

2018-06-18 14:06:00 - [TEST_STEP][PASSED] - Statement - StoresCBList1.get(i).click(): null

2018-06-18 14:06:00 - [TEST_STEP][PASSED] - Statement - groupStoresList[i] = storesLabel.get(i).getText(): null

2018-06-18 14:06:00 - [TEST_STEP][PASSED] - Statement - StoresCBList1.get(i).click(): null

2018-06-18 14:06:00 - [TEST_STEP][PASSED] - Statement - groupStoresList[i] = storesLabel.get(i).getText(): null

2018-06-18 14:06:00 - [TEST_STEP][PASSED] - Statement - StoresCBList1.get(i).click(): null

2018-06-18 14:06:00 - [TEST_STEP][PASSED] - Statement - groupStoresList[i] = storesLabel.get(i).getText(): null

2018-06-18 14:06:00 - [TEST_STEP][PASSED] - Statement - StoresCBList1.get(i).click(): null

2018-06-18 14:06:00 - [TEST_STEP][PASSED] - Statement - groupStoresList[i] = storesLabel.get(i).getText(): null

2018-06-18 14:06:00 - [TEST_STEP][PASSED] - Statement - StoresCBList1.get(i).click(): null

2018-06-18 14:06:00 - [TEST_STEP][PASSED] - Statement - groupStoresList[i] = storesLabel.get(i).getText(): null

2018-06-18 14:06:00 - [TEST_STEP][PASSED] - Statement - StoresCBList1.get(i).click(): null

2018-06-18 14:06:00 - [TEST_STEP][PASSED] - Statement - groupStoresList[i] = storesLabel.get(i).getText(): null

2018-06-18 14:06:00 - [TEST_STEP][PASSED] - Statement - StoresCBList1.get(i).click(): null

2018-06-18 14:06:00 - [TEST_STEP][PASSED] - Statement - groupStoresList[i] = storesLabel.get(i).getText(): null

2018-06-18 14:06:00 - [TEST_STEP][PASSED] - Statement - StoresCBList1.get(i).click(): null

2018-06-18 14:06:00 - [TEST_STEP][PASSED] - Statement - groupStoresList[i] = storesLabel.get(i).getText(): null

2018-06-18 14:06:00 - [TEST_STEP][PASSED] - Statement - StoresCBList1.get(i).click(): null

2018-06-18 14:06:00 - [TEST_STEP][PASSED] - Statement - groupStoresList[i] = storesLabel.get(i).getText(): null

2018-06-18 14:06:01 - [TEST_STEP][PASSED] - Statement - StoresCBList1.get(i).click(): null

2018-06-18 14:06:01 - [TEST_STEP][PASSED] - Statement - groupStoresList[i] = storesLabel.get(i).getText(): null

2018-06-18 14:06:01 - [TEST_STEP][PASSED] - Statement - StoresCBList1.get(i).click(): null

2018-06-18 14:06:01 - [TEST_STEP][PASSED] - Statement - groupStoresList[i] = storesLabel.get(i).getText(): null

2018-06-18 14:06:01 - [TEST_STEP][PASSED] - Statement - StoresCBList1.get(i).click(): null

2018-06-18 14:06:01 - [TEST_STEP][PASSED] - Statement - groupStoresList[i] = storesLabel.get(i).getText(): null

2018-06-18 14:06:01 - [TEST_STEP][PASSED] - Statement - StoresCBList1.get(i).click(): null

2018-06-18 14:06:01 - [TEST_STEP][PASSED] - Statement - groupStoresList[i] = storesLabel.get(i).getText(): null

2018-06-18 14:06:01 - [TEST_STEP][PASSED] - Statement - StoresCBList1.get(i).click(): null

2018-06-18 14:06:01 - [TEST_STEP][PASSED] - Statement - groupStoresList[i] = storesLabel.get(i).getText(): null

2018-06-18 14:06:01 - [TEST_STEP][PASSED] - Statement - StoresCBList1.get(i).click(): null

2018-06-18 14:06:01 - [TEST_STEP][PASSED] - Statement - groupStoresList[i] = storesLabel.get(i).getText(): null

2018-06-18 14:06:01 - [TEST_STEP][PASSED] - Statement - StoresCBList1.get(i).click(): null

2018-06-18 14:06:01 - [TEST_STEP][PASSED] - Statement - groupStoresList[i] = storesLabel.get(i).getText(): null

2018-06-18 14:06:01 - [TEST_STEP][PASSED] - Statement - StoresCBList1.get(i).click(): null

2018-06-18 14:06:01 - [TEST_STEP][PASSED] - Statement - groupStoresList[i] = storesLabel.get(i).getText(): null

2018-06-18 14:06:01 - [TEST_STEP][PASSED] - Statement - StoresCBList1.get(i).click(): null

2018-06-18 14:06:01 - [TEST_STEP][PASSED] - Statement - groupStoresList[i] = storesLabel.get(i).getText(): null

2018-06-18 14:06:01 - [TEST_STEP][PASSED] - Statement - StoresCBList1.get(i).click(): null

2018-06-18 14:06:01 - [TEST_STEP][PASSED] - Statement - groupStoresList[i] = storesLabel.get(i).getText(): null

2018-06-18 14:06:01 - [TEST_STEP][PASSED] - Statement - StoresCBList1.get(i).click(): null

2018-06-18 14:06:01 - [TEST_STEP][PASSED] - Statement - groupStoresList[i] = storesLabel.get(i).getText(): null

2018-06-18 14:06:01 - [TEST_STEP][PASSED] - Statement - StoresCBList1.get(i).click(): null

2018-06-18 14:06:01 - [TEST_STEP][PASSED] - Statement - groupStoresList[i] = storesLabel.get(i).getText(): null

2018-06-18 14:06:01 - [TEST_STEP][PASSED] - Statement - StoresCBList1.get(i).click(): null

2018-06-18 14:06:01 - [TEST_STEP][PASSED] - Statement - groupStoresList[i] = storesLabel.get(i).getText(): null

2018-06-18 14:06:01 - [TEST_STEP][PASSED] - Statement - StoresCBList1.get(i).click(): null

2018-06-18 14:06:01 - [TEST_STEP][PASSED] - Statement - groupStoresList[i] = storesLabel.get(i).getText(): null

2018-06-18 14:06:01 - [TEST_STEP][PASSED] - Statement - StoresCBList1.get(i).click(): null

2018-06-18 14:06:02 - [TEST_STEP][PASSED] - Statement - groupStoresList[i] = storesLabel.get(i).getText(): null

2018-06-18 14:06:02 - [TEST_STEP][PASSED] - Statement - StoresCBList1.get(i).click(): null

2018-06-18 14:06:02 - [TEST_STEP][PASSED] - Statement - groupStoresList[i] = storesLabel.get(i).getText(): null

2018-06-18 14:06:02 - [TEST_STEP][PASSED] - Statement - StoresCBList1.get(i).click(): null

2018-06-18 14:06:02 - [TEST_STEP][PASSED] - Statement - groupStoresList[i] = storesLabel.get(i).getText(): null

2018-06-18 14:06:02 - [TEST_STEP][PASSED] - Statement - StoresCBList1.get(i).click(): null

2018-06-18 14:06:02 - [TEST_STEP][PASSED] - Statement - groupStoresList[i] = storesLabel.get(i).getText(): null

2018-06-18 14:06:02 - [TEST_STEP][PASSED] - Statement - StoresCBList1.get(i).click(): null

2018-06-18 14:06:02 - [TEST_STEP][PASSED] - Statement - groupStoresList[i] = storesLabel.get(i).getText(): null

2018-06-18 14:06:02 - [TEST_STEP][PASSED] - Statement - StoresCBList1.get(i).click(): null

2018-06-18 14:06:02 - [TEST_STEP][PASSED] - Statement - groupStoresList[i] = storesLabel.get(i).getText(): null

2018-06-18 14:06:02 - [TEST_STEP][PASSED] - Statement - StoresCBList1.get(i).click(): null

2018-06-18 14:06:02 - [TEST_STEP][PASSED] - Statement - groupStoresList[i] = storesLabel.get(i).getText(): null

2018-06-18 14:06:02 - [TEST_STEP][PASSED] - Statement - StoresCBList1.get(i).click(): null

2018-06-18 14:06:02 - [TEST_STEP][PASSED] - Statement - groupStoresList[i] = storesLabel.get(i).getText(): null

2018-06-18 14:06:02 - [TEST_STEP][PASSED] - Statement - StoresCBList1.get(i).click(): null

2018-06-18 14:06:02 - [TEST_STEP][PASSED] - Statement - groupStoresList[i] = storesLabel.get(i).getText(): null

2018-06-18 14:06:02 - [TEST_STEP][PASSED] - Statement - StoresCBList1.get(i).click(): null

2018-06-18 14:06:02 - [TEST_STEP][PASSED] - Statement - groupStoresList[i] = storesLabel.get(i).getText(): null

2018-06-18 14:06:02 - [TEST_STEP][PASSED] - Statement - StoresCBList1.get(i).click(): null

2018-06-18 14:06:02 - [TEST_STEP][PASSED] - Statement - groupStoresList[i] = storesLabel.get(i).getText(): null

2018-06-18 14:06:02 - [TEST_STEP][PASSED] - Statement - StoresCBList1.get(i).click(): null

2018-06-18 14:06:02 - [TEST_STEP][PASSED] - Statement - groupStoresList[i] = storesLabel.get(i).getText(): null

2018-06-18 14:06:02 - [TEST_STEP][PASSED] - Statement - StoresCBList1.get(i).click(): null

2018-06-18 14:06:02 - [TEST_STEP][PASSED] - Statement - groupStoresList[i] = storesLabel.get(i).getText(): null

2018-06-18 14:06:02 - [TEST_STEP][PASSED] - Statement - StoresCBList1.get(i).click(): null

2018-06-18 14:06:02 - [TEST_STEP][PASSED] - Statement - groupStoresList[i] = storesLabel.get(i).getText(): null

2018-06-18 14:06:02 - [TEST_STEP][PASSED] - Statement - StoresCBList1.get(i).click(): null

2018-06-18 14:06:02 - [TEST_STEP][PASSED] - Statement - groupStoresList[i] = storesLabel.get(i).getText(): null

2018-06-18 14:06:03 - [TEST_STEP][PASSED] - Statement - StoresCBList1.get(i).click(): null

2018-06-18 14:06:03 - [TEST_STEP][PASSED] - Statement - groupStoresList[i] = storesLabel.get(i).getText(): null

2018-06-18 14:06:03 - [TEST_STEP][PASSED] - Statement - StoresCBList1.get(i).click(): null

2018-06-18 14:06:03 - [TEST_STEP][PASSED] - Statement - groupStoresList[i] = storesLabel.get(i).getText(): null

2018-06-18 14:06:03 - [TEST_STEP][PASSED] - Statement - StoresCBList1.get(i).click(): null

2018-06-18 14:06:03 - [TEST_STEP][PASSED] - Statement - groupStoresList[i] = storesLabel.get(i).getText(): null

2018-06-18 14:06:03 - [TEST_STEP][PASSED] - Statement - StoresCBList1.get(i).click(): null

2018-06-18 14:06:03 - [TEST_STEP][PASSED] - Statement - groupStoresList[i] = storesLabel.get(i).getText(): null

2018-06-18 14:06:03 - [TEST_STEP][PASSED] - Statement - StoresCBList1.get(i).click(): null

2018-06-18 14:06:03 - [TEST_STEP][PASSED] - Statement - groupStoresList[i] = storesLabel.get(i).getText(): null

2018-06-18 14:06:03 - [TEST_STEP][PASSED] - Statement - StoresCBList1.get(i).click(): null

2018-06-18 14:06:03 - [TEST_STEP][PASSED] - Statement - groupStoresList[i] = storesLabel.get(i).getText(): null

2018-06-18 14:06:03 - [TEST_STEP][PASSED] - Statement - StoresCBList1.get(i).click(): null

2018-06-18 14:06:03 - [TEST_STEP][PASSED] - Statement - groupStoresList[i] = storesLabel.get(i).getText(): null

2018-06-18 14:06:03 - [TEST_STEP][PASSED] - Statement - StoresCBList1.get(i).click(): null

2018-06-18 14:06:03 - [TEST_STEP][PASSED] - Statement - groupStoresList[i] = storesLabel.get(i).getText(): null

2018-06-18 14:06:03 - [TEST_STEP][PASSED] - Statement - StoresCBList1.get(i).click(): null

2018-06-18 14:06:03 - [TEST_STEP][PASSED] - Statement - groupStoresList[i] = storesLabel.get(i).getText(): null

2018-06-18 14:06:03 - [TEST_STEP][PASSED] - Statement - StoresCBList1.get(i).click(): null

2018-06-18 14:06:03 - [TEST_STEP][PASSED] - Statement - groupStoresList[i] = storesLabel.get(i).getText(): null

2018-06-18 14:06:03 - [TEST_STEP][PASSED] - Statement - StoresCBList1.get(i).click(): null

2018-06-18 14:06:03 - [TEST_STEP][PASSED] - Statement - groupStoresList[i] = storesLabel.get(i).getText(): null

2018-06-18 14:06:03 - [TEST_STEP][PASSED] - Statement - StoresCBList1.get(i).click(): null

2018-06-18 14:06:03 - [TEST_STEP][PASSED] - Statement - groupStoresList[i] = storesLabel.get(i).getText(): null

2018-06-18 14:06:03 - [TEST_STEP][PASSED] - Statement - StoresCBList1.get(i).click(): null

2018-06-18 14:06:03 - [TEST_STEP][PASSED] - Statement - groupStoresList[i] = storesLabel.get(i).getText(): null

2018-06-18 14:06:03 - [TEST_STEP][PASSED] - Statement - StoresCBList1.get(i).click(): null

2018-06-18 14:06:03 - [TEST_STEP][PASSED] - Statement - groupStoresList[i] = storesLabel.get(i).getText(): null

2018-06-18 14:06:03 - [TEST_STEP][PASSED] - Statement - StoresCBList1.get(i).click(): null

2018-06-18 14:06:04 - [TEST_STEP][PASSED] - Statement - groupStoresList[i] = storesLabel.get(i).getText(): null

2018-06-18 14:06:04 - [TEST_STEP][PASSED] - Statement - StoresCBList1.get(i).click(): null

2018-06-18 14:06:04 - [TEST_STEP][PASSED] - Statement - groupStoresList[i] = storesLabel.get(i).getText(): null

2018-06-18 14:06:04 - [TEST_STEP][PASSED] - Statement - StoresCBList1.get(i).click(): null

2018-06-18 14:06:04 - [TEST_STEP][PASSED] - Statement - groupStoresList[i] = storesLabel.get(i).getText(): null

2018-06-18 14:06:04 - [TEST_STEP][PASSED] - Statement - StoresCBList1.get(i).click(): null

2018-06-18 14:06:04 - [TEST_STEP][PASSED] - Statement - groupStoresList[i] = storesLabel.get(i).getText(): null

2018-06-18 14:06:04 - [TEST_STEP][PASSED] - Statement - StoresCBList1.get(i).click(): null

2018-06-18 14:06:04 - [TEST_STEP][PASSED] - Statement - groupStoresList[i] = storesLabel.get(i).getText(): null

2018-06-18 14:06:04 - [TEST_STEP][PASSED] - Statement - StoresCBList1.get(i).click(): null

2018-06-18 14:06:04 - [TEST_STEP][PASSED] - Statement - groupStoresList[i] = storesLabel.get(i).getText(): null

2018-06-18 14:06:04 - [TEST_STEP][PASSED] - Statement - StoresCBList1.get(i).click(): null

2018-06-18 14:06:04 - [TEST_STEP][PASSED] - Statement - groupStoresList[i] = storesLabel.get(i).getText(): null

2018-06-18 14:06:04 - [TEST_STEP][PASSED] - Statement - StoresCBList1.get(i).click(): null

2018-06-18 14:06:04 - [TEST_STEP][PASSED] - Statement - groupStoresList[i] = storesLabel.get(i).getText(): null

2018-06-18 14:06:04 - [TEST_STEP][PASSED] - Statement - StoresCBList1.get(i).click(): null

2018-06-18 14:06:04 - [TEST_STEP][PASSED] - Statement - groupStoresList[i] = storesLabel.get(i).getText(): null

2018-06-18 14:06:04 - [TEST_STEP][PASSED] - Statement - StoresCBList1.get(i).click(): null

2018-06-18 14:06:04 - [TEST_STEP][PASSED] - Statement - groupStoresList[i] = storesLabel.get(i).getText(): null

2018-06-18 14:06:04 - [TEST_STEP][PASSED] - Statement - StoresCBList1.get(i).click(): null

2018-06-18 14:06:04 - [TEST_STEP][PASSED] - Statement - groupStoresList[i] = storesLabel.get(i).getText(): null

2018-06-18 14:06:04 - [TEST_STEP][PASSED] - Statement - StoresCBList1.get(i).click(): null

2018-06-18 14:06:04 - [TEST_STEP][PASSED] - Statement - groupStoresList[i] = storesLabel.get(i).getText(): null

2018-06-18 14:06:04 - [TEST_STEP][PASSED] - Statement - StoresCBList1.get(i).click(): null

2018-06-18 14:06:04 - [TEST_STEP][PASSED] - Statement - groupStoresList[i] = storesLabel.get(i).getText(): null

2018-06-18 14:06:04 - [TEST_STEP][PASSED] - Statement - StoresCBList1.get(i).click(): null

2018-06-18 14:06:04 - [TEST_STEP][PASSED] - Statement - groupStoresList[i] = storesLabel.get(i).getText(): null

2018-06-18 14:06:04 - [TEST_STEP][PASSED] - Statement - StoresCBList1.get(i).click(): null

2018-06-18 14:06:04 - [TEST_STEP][PASSED] - Statement - groupStoresList[i] = storesLabel.get(i).getText(): null

2018-06-18 14:06:04 - [TEST_STEP][PASSED] - Statement - StoresCBList1.get(i).click(): null

2018-06-18 14:06:05 - [TEST_STEP][PASSED] - Statement - groupStoresList[i] = storesLabel.get(i).getText(): null

2018-06-18 14:06:05 - [TEST_STEP][PASSED] - Statement - StoresCBList1.get(i).click(): null

2018-06-18 14:06:05 - [TEST_STEP][PASSED] - Statement - groupStoresList[i] = storesLabel.get(i).getText(): null

2018-06-18 14:06:05 - [TEST_STEP][PASSED] - Statement - StoresCBList1.get(i).click(): null

2018-06-18 14:06:05 - [TEST_STEP][PASSED] - Statement - groupStoresList[i] = storesLabel.get(i).getText(): null

2018-06-18 14:06:05 - [TEST_STEP][PASSED] - Statement - StoresCBList1.get(i).click(): null

2018-06-18 14:06:05 - [TEST_STEP][PASSED] - Statement - groupStoresList[i] = storesLabel.get(i).getText(): null

2018-06-18 14:06:05 - [TEST_STEP][PASSED] - Statement - StoresCBList1.get(i).click(): null

2018-06-18 14:06:05 - [TEST_STEP][PASSED] - Statement - groupStoresList[i] = storesLabel.get(i).getText(): null

2018-06-18 14:06:05 - [TEST_STEP][PASSED] - Statement - StoresCBList1.get(i).click(): null

2018-06-18 14:06:05 - [TEST_STEP][PASSED] - Statement - groupStoresList[i] = storesLabel.get(i).getText(): null

2018-06-18 14:06:05 - [TEST_STEP][PASSED] - Statement - StoresCBList1.get(i).click(): null

2018-06-18 14:06:05 - [TEST_STEP][PASSED] - Statement - groupStoresList[i] = storesLabel.get(i).getText(): null

2018-06-18 14:06:05 - [TEST_STEP][PASSED] - Statement - StoresCBList1.get(i).click(): null

2018-06-18 14:06:05 - [TEST_STEP][PASSED] - Statement - groupStoresList[i] = storesLabel.get(i).getText(): null

2018-06-18 14:06:05 - [TEST_STEP][PASSED] - Statement - StoresCBList1.get(i).click(): null

2018-06-18 14:06:05 - [TEST_STEP][PASSED] - Statement - groupStoresList[i] = storesLabel.get(i).getText(): null

2018-06-18 14:06:05 - [TEST_STEP][PASSED] - Statement - StoresCBList1.get(i).click(): null

2018-06-18 14:06:05 - [TEST_STEP][PASSED] - Statement - groupStoresList[i] = storesLabel.get(i).getText(): null

2018-06-18 14:06:05 - [TEST_STEP][PASSED] - Statement - StoresCBList1.get(i).click(): null

2018-06-18 14:06:05 - [TEST_STEP][PASSED] - Statement - groupStoresList[i] = storesLabel.get(i).getText(): null

2018-06-18 14:06:05 - [TEST_STEP][PASSED] - Statement - StoresCBList1.get(i).click(): null

2018-06-18 14:06:05 - [TEST_STEP][PASSED] - Statement - groupStoresList[i] = storesLabel.get(i).getText(): null

2018-06-18 14:06:05 - [TEST_STEP][PASSED] - Statement - StoresCBList1.get(i).click(): null

2018-06-18 14:06:05 - [TEST_STEP][PASSED] - Statement - groupStoresList[i] = storesLabel.get(i).getText(): null

2018-06-18 14:06:05 - [TEST_STEP][PASSED] - Statement - StoresCBList1.get(i).click(): null

2018-06-18 14:06:05 - [TEST_STEP][PASSED] - Statement - groupStoresList[i] = storesLabel.get(i).getText(): null

2018-06-18 14:06:05 - [TEST_STEP][PASSED] - Statement - StoresCBList1.get(i).click(): null

2018-06-18 14:06:05 - [TEST_STEP][PASSED] - Statement - groupStoresList[i] = storesLabel.get(i).getText(): null

2018-06-18 14:06:05 - [TEST_STEP][PASSED] - Statement - StoresCBList1.get(i).click(): null

2018-06-18 14:06:06 - [TEST_STEP][PASSED] - Statement - groupStoresList[i] = storesLabel.get(i).getText(): null

2018-06-18 14:06:06 - [TEST_STEP][PASSED] - Statement - StoresCBList1.get(i).click(): null

2018-06-18 14:06:06 - [TEST_STEP][PASSED] - Statement - groupStoresList[i] = storesLabel.get(i).getText(): null

2018-06-18 14:06:06 - [TEST_STEP][PASSED] - Statement - StoresCBList1.get(i).click(): null

2018-06-18 14:06:06 - [TEST_STEP][PASSED] - Statement - groupStoresList[i] = storesLabel.get(i).getText(): null

2018-06-18 14:06:06 - [TEST_STEP][PASSED] - Statement - StoresCBList1.get(i).click(): null

2018-06-18 14:06:06 - [TEST_STEP][PASSED] - Statement - groupStoresList[i] = storesLabel.get(i).getText(): null

2018-06-18 14:06:06 - [TEST_STEP][PASSED] - Statement - StoresCBList1.get(i).click(): null

2018-06-18 14:06:06 - [TEST_STEP][PASSED] - Statement - groupStoresList[i] = storesLabel.get(i).getText(): null

2018-06-18 14:06:06 - [TEST_STEP][PASSED] - Statement - StoresCBList1.get(i).click(): null

2018-06-18 14:06:06 - [TEST_STEP][PASSED] - Statement - groupStoresList[i] = storesLabel.get(i).getText(): null

2018-06-18 14:06:06 - [TEST_STEP][PASSED] - Statement - StoresCBList1.get(i).click(): null

2018-06-18 14:06:06 - [TEST_STEP][PASSED] - Statement - groupStoresList[i] = storesLabel.get(i).getText(): null

2018-06-18 14:06:06 - [TEST_STEP][PASSED] - Statement - StoresCBList1.get(i).click(): null

2018-06-18 14:06:06 - [TEST_STEP][PASSED] - Statement - groupStoresList[i] = storesLabel.get(i).getText(): null

2018-06-18 14:06:06 - [TEST_STEP][PASSED] - Statement - StoresCBList1.get(i).click(): null

2018-06-18 14:06:06 - [TEST_STEP][PASSED] - Statement - groupStoresList[i] = storesLabel.get(i).getText(): null

2018-06-18 14:06:06 - [TEST_STEP][PASSED] - Statement - StoresCBList1.get(i).click(): null

2018-06-18 14:06:06 - [TEST_STEP][PASSED] - Statement - groupStoresList[i] = storesLabel.get(i).getText(): null

2018-06-18 14:06:06 - [TEST_STEP][PASSED] - Statement - StoresCBList1.get(i).click(): null

2018-06-18 14:06:06 - [TEST_STEP][PASSED] - Statement - groupStoresList[i] = storesLabel.get(i).getText(): null

2018-06-18 14:06:06 - [TEST_STEP][PASSED] - Statement - StoresCBList1.get(i).click(): null

2018-06-18 14:06:06 - [TEST_STEP][PASSED] - Statement - groupStoresList[i] = storesLabel.get(i).getText(): null

2018-06-18 14:06:06 - [TEST_STEP][PASSED] - Statement - StoresCBList1.get(i).click(): null

2018-06-18 14:06:06 - [TEST_STEP][PASSED] - Statement - groupStoresList[i] = storesLabel.get(i).getText(): null

2018-06-18 14:06:06 - [TEST_STEP][PASSED] - Statement - StoresCBList1.get(i).click(): null

2018-06-18 14:06:06 - [TEST_STEP][PASSED] - Statement - groupStoresList[i] = storesLabel.get(i).getText(): null

2018-06-18 14:06:06 - [TEST_STEP][PASSED] - Statement - StoresCBList1.get(i).click(): null

2018-06-18 14:06:06 - [TEST_STEP][PASSED] - Statement - groupStoresList[i] = storesLabel.get(i).getText(): null

2018-06-18 14:06:06 - [TEST_STEP][PASSED] - Statement - StoresCBList1.get(i).click(): null

2018-06-18 14:06:07 - [TEST_STEP][PASSED] - Statement - groupStoresList[i] = storesLabel.get(i).getText(): null

2018-06-18 14:06:07 - [TEST_STEP][PASSED] - Statement - StoresCBList1.get(i).click(): null

2018-06-18 14:06:07 - [TEST_STEP][PASSED] - Statement - groupStoresList[i] = storesLabel.get(i).getText(): null

2018-06-18 14:06:07 - [TEST_STEP][PASSED] - Statement - StoresCBList1.get(i).click(): null

2018-06-18 14:06:07 - [TEST_STEP][PASSED] - Statement - groupStoresList[i] = storesLabel.get(i).getText(): null

2018-06-18 14:06:07 - [TEST_STEP][PASSED] - Statement - StoresCBList1.get(i).click(): null

2018-06-18 14:06:07 - [TEST_STEP][PASSED] - Statement - groupStoresList[i] = storesLabel.get(i).getText(): null

2018-06-18 14:06:07 - [TEST_STEP][PASSED] - Statement - StoresCBList1.get(i).click(): null

2018-06-18 14:06:07 - [TEST_STEP][PASSED] - Statement - groupStoresList[i] = storesLabel.get(i).getText(): null

2018-06-18 14:06:07 - [TEST_STEP][PASSED] - Statement - StoresCBList1.get(i).click(): null

2018-06-18 14:06:07 - [TEST_STEP][PASSED] - Statement - groupStoresList[i] = storesLabel.get(i).getText(): null

2018-06-18 14:06:07 - [TEST_STEP][PASSED] - Statement - StoresCBList1.get(i).click(): null

2018-06-18 14:06:07 - [TEST_STEP][PASSED] - Statement - groupStoresList[i] = storesLabel.get(i).getText(): null

2018-06-18 14:06:07 - [TEST_STEP][PASSED] - Statement - StoresCBList1.get(i).click(): null

2018-06-18 14:06:07 - [TEST_STEP][PASSED] - Statement - groupStoresList[i] = storesLabel.get(i).getText(): null

2018-06-18 14:06:07 - [TEST_STEP][PASSED] - Statement - StoresCBList1.get(i).click(): null

2018-06-18 14:06:07 - [TEST_STEP][PASSED] - Statement - groupStoresList[i] = storesLabel.get(i).getText(): null

2018-06-18 14:06:07 - [TEST_STEP][PASSED] - Statement - StoresCBList1.get(i).click(): null

2018-06-18 14:06:07 - [TEST_STEP][PASSED] - Statement - groupStoresList[i] = storesLabel.get(i).getText(): null

2018-06-18 14:06:07 - [TEST_STEP][PASSED] - Statement - StoresCBList1.get(i).click(): null

2018-06-18 14:06:07 - [TEST_STEP][PASSED] - Statement - groupStoresList[i] = storesLabel.get(i).getText(): null

2018-06-18 14:06:07 - [TEST_STEP][PASSED] - Statement - StoresCBList1.get(i).click(): null

2018-06-18 14:06:07 - [TEST_STEP][PASSED] - Statement - groupStoresList[i] = storesLabel.get(i).getText(): null

2018-06-18 14:06:07 - [TEST_STEP][PASSED] - Statement - StoresCBList1.get(i).click(): null

2018-06-18 14:06:07 - [TEST_STEP][PASSED] - Statement - groupStoresList[i] = storesLabel.get(i).getText(): null

2018-06-18 14:06:07 - [TEST_STEP][PASSED] - Statement - StoresCBList1.get(i).click(): null

2018-06-18 14:06:07 - [TEST_STEP][PASSED] - Statement - groupStoresList[i] = storesLabel.get(i).getText(): null

2018-06-18 14:06:07 - [TEST_STEP][PASSED] - Statement - StoresCBList1.get(i).click(): null

2018-06-18 14:06:07 - [TEST_STEP][PASSED] - Statement - groupStoresList[i] = storesLabel.get(i).getText(): null

2018-06-18 14:06:07 - [TEST_STEP][PASSED] - Statement - StoresCBList1.get(i).click(): null

2018-06-18 14:06:08 - [TEST_STEP][PASSED] - Statement - groupStoresList[i] = storesLabel.get(i).getText(): null

2018-06-18 14:06:08 - [TEST_STEP][PASSED] - Statement - StoresCBList1.get(i).click(): null

2018-06-18 14:06:08 - [TEST_STEP][PASSED] - Statement - groupStoresList[i] = storesLabel.get(i).getText(): null

2018-06-18 14:06:08 - [TEST_STEP][PASSED] - Statement - StoresCBList1.get(i).click(): null

2018-06-18 14:06:08 - [TEST_STEP][PASSED] - Statement - groupStoresList[i] = storesLabel.get(i).getText(): null

2018-06-18 14:06:08 - [TEST_STEP][PASSED] - Statement - StoresCBList1.get(i).click(): null

2018-06-18 14:06:08 - [TEST_STEP][PASSED] - Statement - groupStoresList[i] = storesLabel.get(i).getText(): null

2018-06-18 14:06:08 - [TEST_STEP][PASSED] - Statement - StoresCBList1.get(i).click(): null

2018-06-18 14:06:08 - [TEST_STEP][PASSED] - Statement - groupStoresList[i] = storesLabel.get(i).getText(): null

2018-06-18 14:06:08 - [TEST_STEP][PASSED] - Statement - StoresCBList1.get(i).click(): null

2018-06-18 14:06:08 - [TEST_STEP][PASSED] - Statement - groupStoresList[i] = storesLabel.get(i).getText(): null

2018-06-18 14:06:08 - [TEST_STEP][PASSED] - Statement - StoresCBList1.get(i).click(): null

2018-06-18 14:06:08 - [TEST_STEP][PASSED] - Statement - groupStoresList[i] = storesLabel.get(i).getText(): null

2018-06-18 14:06:08 - [TEST_STEP][PASSED] - Statement - StoresCBList1.get(i).click(): null

2018-06-18 14:06:08 - [TEST_STEP][PASSED] - Statement - groupStoresList[i] = storesLabel.get(i).getText(): null

2018-06-18 14:06:08 - [TEST_STEP][PASSED] - Statement - StoresCBList1.get(i).click(): null

2018-06-18 14:06:08 - [TEST_STEP][PASSED] - Statement - groupStoresList[i] = storesLabel.get(i).getText(): null

2018-06-18 14:06:08 - [TEST_STEP][PASSED] - Statement - StoresCBList1.get(i).click(): null

2018-06-18 14:06:08 - [TEST_STEP][PASSED] - Statement - groupStoresList[i] = storesLabel.get(i).getText(): null

2018-06-18 14:06:08 - [TEST_STEP][PASSED] - Statement - StoresCBList1.get(i).click(): null

2018-06-18 14:06:08 - [TEST_STEP][PASSED] - Statement - groupStoresList[i] = storesLabel.get(i).getText(): null

2018-06-18 14:06:08 - [TEST_STEP][PASSED] - Statement - StoresCBList1.get(i).click(): null

2018-06-18 14:06:08 - [TEST_STEP][PASSED] - Statement - groupStoresList[i] = storesLabel.get(i).getText(): null

2018-06-18 14:06:08 - [TEST_STEP][PASSED] - Statement - StoresCBList1.get(i).click(): null

2018-06-18 14:06:08 - [TEST_STEP][PASSED] - Statement - groupStoresList[i] = storesLabel.get(i).getText(): null

2018-06-18 14:06:08 - [TEST_STEP][PASSED] - Statement - StoresCBList1.get(i).click(): null

2018-06-18 14:06:08 - [TEST_STEP][PASSED] - Statement - groupStoresList[i] = storesLabel.get(i).getText(): null

2018-06-18 14:06:08 - [TEST_STEP][PASSED] - Statement - StoresCBList1.get(i).click(): null

2018-06-18 14:06:08 - [TEST_STEP][PASSED] - Statement - groupStoresList[i] = storesLabel.get(i).getText(): null

2018-06-18 14:06:08 - [TEST_STEP][PASSED] - Statement - StoresCBList1.get(i).click(): null

2018-06-18 14:06:09 - [TEST_STEP][PASSED] - Statement - groupStoresList[i] = storesLabel.get(i).getText(): null

2018-06-18 14:06:09 - [TEST_STEP][PASSED] - Statement - StoresCBList1.get(i).click(): null

2018-06-18 14:06:09 - [TEST_STEP][PASSED] - Statement - groupStoresList[i] = storesLabel.get(i).getText(): null

2018-06-18 14:06:09 - [TEST_STEP][PASSED] - Statement - StoresCBList1.get(i).click(): null

2018-06-18 14:06:09 - [TEST_STEP][PASSED] - Statement - groupStoresList[i] = storesLabel.get(i).getText(): null

2018-06-18 14:06:09 - [TEST_STEP][PASSED] - Statement - StoresCBList1.get(i).click(): null

2018-06-18 14:06:09 - [TEST_STEP][PASSED] - Statement - groupStoresList[i] = storesLabel.get(i).getText(): null

2018-06-18 14:06:09 - [TEST_STEP][PASSED] - Statement - StoresCBList1.get(i).click(): null

2018-06-18 14:06:09 - [TEST_STEP][PASSED] - Statement - groupStoresList[i] = storesLabel.get(i).getText(): null

2018-06-18 14:06:09 - [TEST_STEP][PASSED] - Statement - StoresCBList1.get(i).click(): null

2018-06-18 14:06:09 - [TEST_STEP][PASSED] - Statement - groupStoresList[i] = storesLabel.get(i).getText(): null

2018-06-18 14:06:09 - [TEST_STEP][PASSED] - Statement - StoresCBList1.get(i).click(): null

2018-06-18 14:06:09 - [TEST_STEP][PASSED] - Statement - groupStoresList[i] = storesLabel.get(i).getText(): null

2018-06-18 14:06:09 - [TEST_STEP][PASSED] - Statement - StoresCBList1.get(i).click(): null

2018-06-18 14:06:09 - [TEST_STEP][PASSED] - Statement - groupStoresList[i] = storesLabel.get(i).getText(): null

2018-06-18 14:06:09 - [TEST_STEP][PASSED] - Statement - StoresCBList1.get(i).click(): null

2018-06-18 14:06:09 - [TEST_STEP][PASSED] - Statement - groupStoresList[i] = storesLabel.get(i).getText(): null

2018-06-18 14:06:09 - [TEST_STEP][PASSED] - Statement - StoresCBList1.get(i).click(): null

2018-06-18 14:06:09 - [TEST_STEP][PASSED] - Statement - groupStoresList[i] = storesLabel.get(i).getText(): null

2018-06-18 14:06:09 - [TEST_STEP][PASSED] - Statement - StoresCBList1.get(i).click(): null

2018-06-18 14:06:09 - [TEST_STEP][PASSED] - Statement - groupStoresList[i] = storesLabel.get(i).getText(): null

2018-06-18 14:06:09 - [TEST_STEP][PASSED] - Statement - StoresCBList1.get(i).click(): null

2018-06-18 14:06:09 - [TEST_STEP][PASSED] - Statement - groupStoresList[i] = storesLabel.get(i).getText(): null

2018-06-18 14:06:09 - [TEST_STEP][PASSED] - Statement - StoresCBList1.get(i).click(): null

2018-06-18 14:06:09 - [TEST_STEP][PASSED] - Statement - groupStoresList[i] = storesLabel.get(i).getText(): null

2018-06-18 14:06:09 - [TEST_STEP][PASSED] - Statement - StoresCBList1.get(i).click(): null

2018-06-18 14:06:09 - [TEST_STEP][PASSED] - Statement - groupStoresList[i] = storesLabel.get(i).getText(): null

2018-06-18 14:06:09 - [TEST_STEP][PASSED] - Statement - StoresCBList1.get(i).click(): null

2018-06-18 14:06:09 - [TEST_STEP][PASSED] - Statement - groupStoresList[i] = storesLabel.get(i).getText(): null

2018-06-18 14:06:09 - [TEST_STEP][PASSED] - Statement - StoresCBList1.get(i).click(): null

2018-06-18 14:06:10 - [TEST_STEP][PASSED] - Statement - groupStoresList[i] = storesLabel.get(i).getText(): null

2018-06-18 14:06:10 - [TEST_STEP][PASSED] - Statement - StoresCBList1.get(i).click(): null

2018-06-18 14:06:10 - [TEST_STEP][PASSED] - Statement - groupStoresList[i] = storesLabel.get(i).getText(): null

2018-06-18 14:06:10 - [TEST_STEP][PASSED] - Statement - StoresCBList1.get(i).click(): null

2018-06-18 14:06:10 - [TEST_STEP][PASSED] - Statement - groupStoresList[i] = storesLabel.get(i).getText(): null

2018-06-18 14:06:10 - [TEST_STEP][PASSED] - Statement - StoresCBList1.get(i).click(): null

2018-06-18 14:06:10 - [TEST_STEP][PASSED] - Statement - groupStoresList[i] = storesLabel.get(i).getText(): null

2018-06-18 14:06:10 - [TEST_STEP][PASSED] - Statement - StoresCBList1.get(i).click(): null

2018-06-18 14:06:10 - [TEST_STEP][PASSED] - Statement - groupStoresList[i] = storesLabel.get(i).getText(): null

2018-06-18 14:06:10 - [TEST_STEP][PASSED] - Statement - StoresCBList1.get(i).click(): null

2018-06-18 14:06:10 - [TEST_STEP][PASSED] - Statement - groupStoresList[i] = storesLabel.get(i).getText(): null

2018-06-18 14:06:10 - [TEST_STEP][PASSED] - Statement - StoresCBList1.get(i).click(): null

2018-06-18 14:06:10 - [TEST_STEP][PASSED] - Statement - groupStoresList[i] = storesLabel.get(i).getText(): null

2018-06-18 14:06:10 - [TEST_STEP][PASSED] - Statement - StoresCBList1.get(i).click(): null

2018-06-18 14:06:10 - [TEST_STEP][PASSED] - Statement - groupStoresList[i] = storesLabel.get(i).getText(): null

2018-06-18 14:06:10 - [TEST_STEP][PASSED] - Statement - StoresCBList1.get(i).click(): null

2018-06-18 14:06:10 - [TEST_STEP][PASSED] - Statement - groupStoresList[i] = storesLabel.get(i).getText(): null

2018-06-18 14:06:10 - [TEST_STEP][PASSED] - Statement - StoresCBList1.get(i).click(): null

2018-06-18 14:06:10 - [TEST_STEP][PASSED] - Statement - groupStoresList[i] = storesLabel.get(i).getText(): null

2018-06-18 14:06:10 - [TEST_STEP][PASSED] - Statement - StoresCBList1.get(i).click(): null

2018-06-18 14:06:10 - [TEST_STEP][PASSED] - Statement - groupStoresList[i] = storesLabel.get(i).getText(): null

2018-06-18 14:06:10 - [TEST_STEP][PASSED] - Statement - StoresCBList1.get(i).click(): null

2018-06-18 14:06:10 - [TEST_STEP][PASSED] - Statement - groupStoresList[i] = storesLabel.get(i).getText(): null

2018-06-18 14:06:10 - [TEST_STEP][PASSED] - Statement - StoresCBList1.get(i).click(): null

2018-06-18 14:06:10 - [TEST_STEP][PASSED] - Statement - groupStoresList[i] = storesLabel.get(i).getText(): null

2018-06-18 14:06:10 - [TEST_STEP][PASSED] - Statement - StoresCBList1.get(i).click(): null

2018-06-18 14:06:10 - [TEST_STEP][PASSED] - Statement - groupStoresList[i] = storesLabel.get(i).getText(): null

2018-06-18 14:06:10 - [TEST_STEP][PASSED] - Statement - StoresCBList1.get(i).click(): null

2018-06-18 14:06:10 - [TEST_STEP][PASSED] - Statement - groupStoresList[i] = storesLabel.get(i).getText(): null

2018-06-18 14:06:10 - [TEST_STEP][PASSED] - Statement - StoresCBList1.get(i).click(): null

2018-06-18 14:06:11 - [TEST_STEP][PASSED] - Statement - groupStoresList[i] = storesLabel.get(i).getText(): null

2018-06-18 14:06:11 - [TEST_STEP][PASSED] - Statement - StoresCBList1.get(i).click(): null

2018-06-18 14:06:11 - [TEST_STEP][PASSED] - Statement - groupStoresList[i] = storesLabel.get(i).getText(): null

2018-06-18 14:06:11 - [TEST_STEP][PASSED] - Statement - StoresCBList1.get(i).click(): null

2018-06-18 14:06:11 - [TEST_STEP][PASSED] - Statement - groupStoresList[i] = storesLabel.get(i).getText(): null

2018-06-18 14:06:11 - [TEST_STEP][PASSED] - Statement - StoresCBList1.get(i).click(): null

2018-06-18 14:06:11 - [TEST_STEP][PASSED] - Statement - groupStoresList[i] = storesLabel.get(i).getText(): null

2018-06-18 14:06:11 - [TEST_STEP][PASSED] - Statement - StoresCBList1.get(i).click(): null

2018-06-18 14:06:11 - [TEST_STEP][PASSED] - Statement - groupStoresList[i] = storesLabel.get(i).getText(): null

2018-06-18 14:06:11 - [TEST_STEP][PASSED] - Statement - StoresCBList1.get(i).click(): null

2018-06-18 14:06:11 - [TEST_STEP][PASSED] - Statement - groupStoresList[i] = storesLabel.get(i).getText(): null

2018-06-18 14:06:11 - [TEST_STEP][PASSED] - Statement - StoresCBList1.get(i).click(): null

2018-06-18 14:06:11 - [TEST_STEP][PASSED] - Statement - groupStoresList[i] = storesLabel.get(i).getText(): null

2018-06-18 14:06:11 - [TEST_STEP][PASSED] - Statement - StoresCBList1.get(i).click(): null

2018-06-18 14:06:11 - [TEST_STEP][PASSED] - Statement - groupStoresList[i] = storesLabel.get(i).getText(): null

2018-06-18 14:06:11 - [TEST_STEP][PASSED] - Statement - StoresCBList1.get(i).click(): null

2018-06-18 14:06:11 - [TEST_STEP][PASSED] - Statement - out.println(groupStoresList): null

2018-06-18 14:06:11 - [TEST_STEP][PASSED] - uiaction.CommonUIActions.click: uiaction.CommonUIActions.click is PASSED

2018-06-18 14:06:11 - [MESSAGE][PASSED] - uiaction.CommonUIActions.click is PASSED

2018-06-18 14:06:11 - [TEST_STEP][PASSED] - delay: Delayed 5 second(s)

2018-06-18 14:06:16 - [MESSAGE][PASSED] - Delayed 5 second(s)

2018-06-18 14:06:16 - [TEST_STEP][PASSED] - Statement - secondStoreListBox1 = driver.findElements(org.openqa.selenium.By.xpath(com.kms.katalon.core.testdata.TestDataFactory.findTestData(OR_file).getValue(2, 11))): Reading excel file with source file 'C:\Users\shalinin\Katalon Studio\HME_Scripts\Data Files\HME_OR.xlsx' and sheet name 'Sheet1'

2018-06-18 14:06:16 - [TEST_STEP][PASSED] - Statement - actualList1 = new java.util.ArrayList(): null

2018-06-18 14:06:16 - [TEST_STEP][PASSED] - Statement - For ([i = 0, i < secondStoreListBox1.size(), (i++)]): null

2018-06-18 14:06:16 - [TEST_STEP][PASSED] - Statement - actualList1.add(i, secondStoreListBox1.get(i).getText()): null

2018-06-18 14:06:16 - [TEST_STEP][PASSED] - Statement - actualList1.add(i, secondStoreListBox1.get(i).getText()): null

2018-06-18 14:06:16 - [TEST_STEP][PASSED] - Statement - actualList1.add(i, secondStoreListBox1.get(i).getText()): null

2018-06-18 14:06:16 - [TEST_STEP][PASSED] - Statement - actualList1.add(i, secondStoreListBox1.get(i).getText()): null

2018-06-18 14:06:16 - [TEST_STEP][PASSED] - Statement - actualList1.add(i, secondStoreListBox1.get(i).getText()): null

2018-06-18 14:06:16 - [TEST_STEP][PASSED] - Statement - actualList1.add(i, secondStoreListBox1.get(i).getText()): null

2018-06-18 14:06:16 - [TEST_STEP][PASSED] - Statement - actualList1.add(i, secondStoreListBox1.get(i).getText()): null

2018-06-18 14:06:16 - [TEST_STEP][PASSED] - Statement - actualList1.add(i, secondStoreListBox1.get(i).getText()): null

2018-06-18 14:06:16 - [TEST_STEP][PASSED] - Statement - actualList1.add(i, secondStoreListBox1.get(i).getText()): null

2018-06-18 14:06:16 - [TEST_STEP][PASSED] - Statement - actualList1.add(i, secondStoreListBox1.get(i).getText()): null

2018-06-18 14:06:16 - [TEST_STEP][PASSED] - Statement - actualList1.add(i, secondStoreListBox1.get(i).getText()): null

2018-06-18 14:06:16 - [TEST_STEP][PASSED] - Statement - actualList1.add(i, secondStoreListBox1.get(i).getText()): null

2018-06-18 14:06:16 - [TEST_STEP][PASSED] - Statement - actualList1.add(i, secondStoreListBox1.get(i).getText()): null

2018-06-18 14:06:16 - [TEST_STEP][PASSED] - Statement - actualList1.add(i, secondStoreListBox1.get(i).getText()): null

2018-06-18 14:06:16 - [TEST_STEP][PASSED] - Statement - actualList1.add(i, secondStoreListBox1.get(i).getText()): null

2018-06-18 14:06:16 - [TEST_STEP][PASSED] - Statement - actualList1.add(i, secondStoreListBox1.get(i).getText()): null

2018-06-18 14:06:16 - [TEST_STEP][PASSED] - Statement - actualList1.add(i, secondStoreListBox1.get(i).getText()): null

2018-06-18 14:06:16 - [TEST_STEP][PASSED] - Statement - actualList1.add(i, secondStoreListBox1.get(i).getText()): null

2018-06-18 14:06:16 - [TEST_STEP][PASSED] - Statement - actualList1.add(i, secondStoreListBox1.get(i).getText()): null

2018-06-18 14:06:16 - [TEST_STEP][PASSED] - Statement - actualList1.add(i, secondStoreListBox1.get(i).getText()): null

2018-06-18 14:06:16 - [TEST_STEP][PASSED] - Statement - actualList1.add(i, secondStoreListBox1.get(i).getText()): null

2018-06-18 14:06:17 - [TEST_STEP][PASSED] - Statement - actualList1.add(i, secondStoreListBox1.get(i).getText()): null

2018-06-18 14:06:17 - [TEST_STEP][PASSED] - Statement - actualList1.add(i, secondStoreListBox1.get(i).getText()): null

2018-06-18 14:06:17 - [TEST_STEP][PASSED] - Statement - actualList1.add(i, secondStoreListBox1.get(i).getText()): null

2018-06-18 14:06:17 - [TEST_STEP][PASSED] - Statement - actualList1.add(i, secondStoreListBox1.get(i).getText()): null

2018-06-18 14:06:17 - [TEST_STEP][PASSED] - Statement - actualList1.add(i, secondStoreListBox1.get(i).getText()): null

2018-06-18 14:06:17 - [TEST_STEP][PASSED] - Statement - actualList1.add(i, secondStoreListBox1.get(i).getText()): null

2018-06-18 14:06:17 - [TEST_STEP][PASSED] - Statement - actualList1.add(i, secondStoreListBox1.get(i).getText()): null

2018-06-18 14:06:17 - [TEST_STEP][PASSED] - Statement - actualList1.add(i, secondStoreListBox1.get(i).getText()): null

2018-06-18 14:06:17 - [TEST_STEP][PASSED] - Statement - actualList1.add(i, secondStoreListBox1.get(i).getText()): null

2018-06-18 14:06:17 - [TEST_STEP][PASSED] - Statement - actualList1.add(i, secondStoreListBox1.get(i).getText()): null

2018-06-18 14:06:17 - [TEST_STEP][PASSED] - Statement - actualList1.add(i, secondStoreListBox1.get(i).getText()): null

2018-06-18 14:06:17 - [TEST_STEP][PASSED] - Statement - actualList1.add(i, secondStoreListBox1.get(i).getText()): null

2018-06-18 14:06:17 - [TEST_STEP][PASSED] - Statement - actualList1.add(i, secondStoreListBox1.get(i).getText()): null

2018-06-18 14:06:17 - [TEST_STEP][PASSED] - Statement - actualList1.add(i, secondStoreListBox1.get(i).getText()): null

2018-06-18 14:06:17 - [TEST_STEP][PASSED] - Statement - actualList1.add(i, secondStoreListBox1.get(i).getText()): null

2018-06-18 14:06:17 - [TEST_STEP][PASSED] - Statement - actualList1.add(i, secondStoreListBox1.get(i).getText()): null

2018-06-18 14:06:17 - [TEST_STEP][PASSED] - Statement - actualList1.add(i, secondStoreListBox1.get(i).getText()): null

2018-06-18 14:06:17 - [TEST_STEP][PASSED] - Statement - actualList1.add(i, secondStoreListBox1.get(i).getText()): null

2018-06-18 14:06:17 - [TEST_STEP][PASSED] - Statement - actualList1.add(i, secondStoreListBox1.get(i).getText()): null

2018-06-18 14:06:17 - [TEST_STEP][PASSED] - Statement - actualList1.add(i, secondStoreListBox1.get(i).getText()): null

2018-06-18 14:06:17 - [TEST_STEP][PASSED] - Statement - actualList1.add(i, secondStoreListBox1.get(i).getText()): null

2018-06-18 14:06:17 - [TEST_STEP][PASSED] - Statement - actualList1.add(i, secondStoreListBox1.get(i).getText()): null

2018-06-18 14:06:17 - [TEST_STEP][PASSED] - Statement - actualList1.add(i, secondStoreListBox1.get(i).getText()): null

2018-06-18 14:06:17 - [TEST_STEP][PASSED] - Statement - actualList1.add(i, secondStoreListBox1.get(i).getText()): null

2018-06-18 14:06:17 - [TEST_STEP][PASSED] - Statement - actualList1.add(i, secondStoreListBox1.get(i).getText()): null

2018-06-18 14:06:17 - [TEST_STEP][PASSED] - Statement - actualList1.add(i, secondStoreListBox1.get(i).getText()): null

2018-06-18 14:06:17 - [TEST_STEP][PASSED] - Statement - actualList1.add(i, secondStoreListBox1.get(i).getText()): null

2018-06-18 14:06:17 - [TEST_STEP][PASSED] - Statement - actualList1.add(i, secondStoreListBox1.get(i).getText()): null

2018-06-18 14:06:17 - [TEST_STEP][PASSED] - Statement - actualList1.add(i, secondStoreListBox1.get(i).getText()): null

2018-06-18 14:06:17 - [TEST_STEP][PASSED] - Statement - actualList1.add(i, secondStoreListBox1.get(i).getText()): null

2018-06-18 14:06:17 - [TEST_STEP][PASSED] - Statement - actualList1.add(i, secondStoreListBox1.get(i).getText()): null

2018-06-18 14:06:17 - [TEST_STEP][PASSED] - Statement - actualList1.add(i, secondStoreListBox1.get(i).getText()): null

2018-06-18 14:06:17 - [TEST_STEP][PASSED] - Statement - actualList1.add(i, secondStoreListBox1.get(i).getText()): null

2018-06-18 14:06:17 - [TEST_STEP][PASSED] - Statement - actualList1.add(i, secondStoreListBox1.get(i).getText()): null

2018-06-18 14:06:17 - [TEST_STEP][PASSED] - Statement - actualList1.add(i, secondStoreListBox1.get(i).getText()): null

2018-06-18 14:06:17 - [TEST_STEP][PASSED] - Statement - actualList1.add(i, secondStoreListBox1.get(i).getText()): null

2018-06-18 14:06:17 - [TEST_STEP][PASSED] - Statement - actualList1.add(i, secondStoreListBox1.get(i).getText()): null

2018-06-18 14:06:17 - [TEST_STEP][PASSED] - Statement - actualList1.add(i, secondStoreListBox1.get(i).getText()): null

2018-06-18 14:06:17 - [TEST_STEP][PASSED] - Statement - actualList1.add(i, secondStoreListBox1.get(i).getText()): null

2018-06-18 14:06:17 - [TEST_STEP][PASSED] - Statement - actualList1.add(i, secondStoreListBox1.get(i).getText()): null

2018-06-18 14:06:17 - [TEST_STEP][PASSED] - Statement - actualList1.add(i, secondStoreListBox1.get(i).getText()): null

2018-06-18 14:06:17 - [TEST_STEP][PASSED] - Statement - actualList1.add(i, secondStoreListBox1.get(i).getText()): null

2018-06-18 14:06:17 - [TEST_STEP][PASSED] - Statement - actualList1.add(i, secondStoreListBox1.get(i).getText()): null

2018-06-18 14:06:17 - [TEST_STEP][PASSED] - Statement - actualList1.add(i, secondStoreListBox1.get(i).getText()): null

2018-06-18 14:06:17 - [TEST_STEP][PASSED] - Statement - actualList1.add(i, secondStoreListBox1.get(i).getText()): null

2018-06-18 14:06:17 - [TEST_STEP][PASSED] - Statement - actualList1.add(i, secondStoreListBox1.get(i).getText()): null

2018-06-18 14:06:17 - [TEST_STEP][PASSED] - Statement - actualList1.add(i, secondStoreListBox1.get(i).getText()): null

2018-06-18 14:06:17 - [TEST_STEP][PASSED] - Statement - actualList1.add(i, secondStoreListBox1.get(i).getText()): null

2018-06-18 14:06:17 - [TEST_STEP][PASSED] - Statement - actualList1.add(i, secondStoreListBox1.get(i).getText()): null

2018-06-18 14:06:17 - [TEST_STEP][PASSED] - Statement - actualList1.add(i, secondStoreListBox1.get(i).getText()): null

2018-06-18 14:06:17 - [TEST_STEP][PASSED] - Statement - actualList1.add(i, secondStoreListBox1.get(i).getText()): null

2018-06-18 14:06:17 - [TEST_STEP][PASSED] - Statement - actualList1.add(i, secondStoreListBox1.get(i).getText()): null

2018-06-18 14:06:17 - [TEST_STEP][PASSED] - Statement - actualList1.add(i, secondStoreListBox1.get(i).getText()): null

2018-06-18 14:06:17 - [TEST_STEP][PASSED] - Statement - actualList1.add(i, secondStoreListBox1.get(i).getText()): null

2018-06-18 14:06:17 - [TEST_STEP][PASSED] - Statement - actualList1.add(i, secondStoreListBox1.get(i).getText()): null

2018-06-18 14:06:17 - [TEST_STEP][PASSED] - Statement - actualList1.add(i, secondStoreListBox1.get(i).getText()): null

2018-06-18 14:06:17 - [TEST_STEP][PASSED] - Statement - actualList1.add(i, secondStoreListBox1.get(i).getText()): null

2018-06-18 14:06:17 - [TEST_STEP][PASSED] - Statement - actualList1.add(i, secondStoreListBox1.get(i).getText()): null

2018-06-18 14:06:17 - [TEST_STEP][PASSED] - Statement - actualList1.add(i, secondStoreListBox1.get(i).getText()): null

2018-06-18 14:06:17 - [TEST_STEP][PASSED] - Statement - actualList1.add(i, secondStoreListBox1.get(i).getText()): null

2018-06-18 14:06:17 - [TEST_STEP][PASSED] - Statement - actualList1.add(i, secondStoreListBox1.get(i).getText()): null

2018-06-18 14:06:18 - [TEST_STEP][PASSED] - Statement - actualList1.add(i, secondStoreListBox1.get(i).getText()): null

2018-06-18 14:06:18 - [TEST_STEP][PASSED] - Statement - actualList1.add(i, secondStoreListBox1.get(i).getText()): null

2018-06-18 14:06:18 - [TEST_STEP][PASSED] - Statement - actualList1.add(i, secondStoreListBox1.get(i).getText()): null

2018-06-18 14:06:18 - [TEST_STEP][PASSED] - Statement - actualList1.add(i, secondStoreListBox1.get(i).getText()): null

2018-06-18 14:06:18 - [TEST_STEP][PASSED] - Statement - actualList1.add(i, secondStoreListBox1.get(i).getText()): null

2018-06-18 14:06:18 - [TEST_STEP][PASSED] - Statement - actualList1.add(i, secondStoreListBox1.get(i).getText()): null

2018-06-18 14:06:18 - [TEST_STEP][PASSED] - Statement - actualList1.add(i, secondStoreListBox1.get(i).getText()): null

2018-06-18 14:06:18 - [TEST_STEP][PASSED] - Statement - actualList1.add(i, secondStoreListBox1.get(i).getText()): null

2018-06-18 14:06:18 - [TEST_STEP][PASSED] - Statement - actualList1.add(i, secondStoreListBox1.get(i).getText()): null

2018-06-18 14:06:18 - [TEST_STEP][PASSED] - Statement - actualList1.add(i, secondStoreListBox1.get(i).getText()): null

2018-06-18 14:06:18 - [TEST_STEP][PASSED] - Statement - actualList1.add(i, secondStoreListBox1.get(i).getText()): null

2018-06-18 14:06:18 - [TEST_STEP][PASSED] - Statement - actualList1.add(i, secondStoreListBox1.get(i).getText()): null

2018-06-18 14:06:18 - [TEST_STEP][PASSED] - Statement - actualList1.add(i, secondStoreListBox1.get(i).getText()): null

2018-06-18 14:06:18 - [TEST_STEP][PASSED] - Statement - actualList1.add(i, secondStoreListBox1.get(i).getText()): null

2018-06-18 14:06:18 - [TEST_STEP][PASSED] - Statement - actualList1.add(i, secondStoreListBox1.get(i).getText()): null

2018-06-18 14:06:18 - [TEST_STEP][PASSED] - Statement - actualList1.add(i, secondStoreListBox1.get(i).getText()): null

2018-06-18 14:06:18 - [TEST_STEP][PASSED] - Statement - actualList1.add(i, secondStoreListBox1.get(i).getText()): null

2018-06-18 14:06:18 - [TEST_STEP][PASSED] - Statement - actualList1.add(i, secondStoreListBox1.get(i).getText()): null

2018-06-18 14:06:18 - [TEST_STEP][PASSED] - Statement - actualList1.add(i, secondStoreListBox1.get(i).getText()): null

2018-06-18 14:06:18 - [TEST_STEP][PASSED] - Statement - actualList1.add(i, secondStoreListBox1.get(i).getText()): null

2018-06-18 14:06:18 - [TEST_STEP][PASSED] - Statement - actualList1.add(i, secondStoreListBox1.get(i).getText()): null

2018-06-18 14:06:18 - [TEST_STEP][PASSED] - Statement - actualList1.add(i, secondStoreListBox1.get(i).getText()): null

2018-06-18 14:06:18 - [TEST_STEP][PASSED] - Statement - actualList1.add(i, secondStoreListBox1.get(i).getText()): null

2018-06-18 14:06:18 - [TEST_STEP][PASSED] - Statement - actualList1.add(i, secondStoreListBox1.get(i).getText()): null

2018-06-18 14:06:18 - [TEST_STEP][PASSED] - Statement - actualList1.add(i, secondStoreListBox1.get(i).getText()): null

2018-06-18 14:06:18 - [TEST_STEP][PASSED] - Statement - actualList1.add(i, secondStoreListBox1.get(i).getText()): null

2018-06-18 14:06:18 - [TEST_STEP][PASSED] - Statement - actualList1.add(i, secondStoreListBox1.get(i).getText()): null

2018-06-18 14:06:18 - [TEST_STEP][PASSED] - Statement - actualList1.add(i, secondStoreListBox1.get(i).getText()): null

2018-06-18 14:06:18 - [TEST_STEP][PASSED] - Statement - actualList1.add(i, secondStoreListBox1.get(i).getText()): null

2018-06-18 14:06:18 - [TEST_STEP][PASSED] - Statement - actualList1.add(i, secondStoreListBox1.get(i).getText()): null

2018-06-18 14:06:18 - [TEST_STEP][PASSED] - Statement - actualList1.add(i, secondStoreListBox1.get(i).getText()): null

2018-06-18 14:06:18 - [TEST_STEP][PASSED] - Statement - actualList1.add(i, secondStoreListBox1.get(i).getText()): null

2018-06-18 14:06:18 - [TEST_STEP][PASSED] - Statement - actualList1.add(i, secondStoreListBox1.get(i).getText()): null

2018-06-18 14:06:18 - [TEST_STEP][PASSED] - Statement - actualList1.add(i, secondStoreListBox1.get(i).getText()): null

2018-06-18 14:06:18 - [TEST_STEP][PASSED] - Statement - actualList1.add(i, secondStoreListBox1.get(i).getText()): null

2018-06-18 14:06:18 - [TEST_STEP][PASSED] - Statement - actualList1.add(i, secondStoreListBox1.get(i).getText()): null

2018-06-18 14:06:18 - [TEST_STEP][PASSED] - Statement - actualList1.add(i, secondStoreListBox1.get(i).getText()): null

2018-06-18 14:06:18 - [TEST_STEP][PASSED] - Statement - actualList1.add(i, secondStoreListBox1.get(i).getText()): null

2018-06-18 14:06:18 - [TEST_STEP][PASSED] - Statement - actualList1.add(i, secondStoreListBox1.get(i).getText()): null

2018-06-18 14:06:18 - [TEST_STEP][PASSED] - Statement - actualList1.add(i, secondStoreListBox1.get(i).getText()): null

2018-06-18 14:06:18 - [TEST_STEP][PASSED] - Statement - actualList1.add(i, secondStoreListBox1.get(i).getText()): null

2018-06-18 14:06:18 - [TEST_STEP][PASSED] - Statement - actualList1.add(i, secondStoreListBox1.get(i).getText()): null

2018-06-18 14:06:18 - [TEST_STEP][PASSED] - Statement - actualList1.add(i, secondStoreListBox1.get(i).getText()): null

2018-06-18 14:06:18 - [TEST_STEP][PASSED] - Statement - actualList1.add(i, secondStoreListBox1.get(i).getText()): null

2018-06-18 14:06:18 - [TEST_STEP][PASSED] - Statement - actualList1.add(i, secondStoreListBox1.get(i).getText()): null

2018-06-18 14:06:18 - [TEST_STEP][PASSED] - Statement - actualList1.add(i, secondStoreListBox1.get(i).getText()): null

2018-06-18 14:06:18 - [TEST_STEP][PASSED] - Statement - actualList1.add(i, secondStoreListBox1.get(i).getText()): null

2018-06-18 14:06:18 - [TEST_STEP][PASSED] - Statement - actualList1.add(i, secondStoreListBox1.get(i).getText()): null

2018-06-18 14:06:18 - [TEST_STEP][PASSED] - Statement - actualList1.add(i, secondStoreListBox1.get(i).getText()): null

2018-06-18 14:06:18 - [TEST_STEP][PASSED] - Statement - actualList1.add(i, secondStoreListBox1.get(i).getText()): null

2018-06-18 14:06:18 - [TEST_STEP][PASSED] - Statement - actualList1.add(i, secondStoreListBox1.get(i).getText()): null

2018-06-18 14:06:18 - [TEST_STEP][PASSED] - Statement - actualList1.add(i, secondStoreListBox1.get(i).getText()): null

2018-06-18 14:06:18 - [TEST_STEP][PASSED] - Statement - actualList1.add(i, secondStoreListBox1.get(i).getText()): null

2018-06-18 14:06:18 - [TEST_STEP][PASSED] - Statement - actualList1.add(i, secondStoreListBox1.get(i).getText()): null

2018-06-18 14:06:18 - [TEST_STEP][PASSED] - Statement - actualList1.add(i, secondStoreListBox1.get(i).getText()): null

2018-06-18 14:06:18 - [TEST_STEP][PASSED] - Statement - actualList1.add(i, secondStoreListBox1.get(i).getText()): null

2018-06-18 14:06:18 - [TEST_STEP][PASSED] - Statement - actualList1.add(i, secondStoreListBox1.get(i).getText()): null

2018-06-18 14:06:19 - [TEST_STEP][PASSED] - Statement - actualList1.add(i, secondStoreListBox1.get(i).getText()): null

2018-06-18 14:06:19 - [TEST_STEP][PASSED] - Statement - actualList1.add(i, secondStoreListBox1.get(i).getText()): null

2018-06-18 14:06:19 - [TEST_STEP][PASSED] - Statement - actualList1.add(i, secondStoreListBox1.get(i).getText()): null

2018-06-18 14:06:19 - [TEST_STEP][PASSED] - Statement - actualList1.add(i, secondStoreListBox1.get(i).getText()): null

2018-06-18 14:06:19 - [TEST_STEP][PASSED] - Statement - actualList1.add(i, secondStoreListBox1.get(i).getText()): null

2018-06-18 14:06:19 - [TEST_STEP][PASSED] - Statement - actualList1.add(i, secondStoreListBox1.get(i).getText()): null

2018-06-18 14:06:19 - [TEST_STEP][PASSED] - Statement - actualList1.add(i, secondStoreListBox1.get(i).getText()): null

2018-06-18 14:06:19 - [TEST_STEP][PASSED] - Statement - actualList1.add(i, secondStoreListBox1.get(i).getText()): null

2018-06-18 14:06:19 - [TEST_STEP][PASSED] - Statement - actualList1.add(i, secondStoreListBox1.get(i).getText()): null

2018-06-18 14:06:19 - [TEST_STEP][PASSED] - Statement - actualList1.add(i, secondStoreListBox1.get(i).getText()): null

2018-06-18 14:06:19 - [TEST_STEP][PASSED] - Statement - actualList1.add(i, secondStoreListBox1.get(i).getText()): null

2018-06-18 14:06:19 - [TEST_STEP][PASSED] - Statement - actualList1.add(i, secondStoreListBox1.get(i).getText()): null

2018-06-18 14:06:19 - [TEST_STEP][PASSED] - Statement - actualList1.add(i, secondStoreListBox1.get(i).getText()): null

2018-06-18 14:06:19 - [TEST_STEP][PASSED] - Statement - actualList1.add(i, secondStoreListBox1.get(i).getText()): null

2018-06-18 14:06:19 - [TEST_STEP][PASSED] - Statement - actualList1.add(i, secondStoreListBox1.get(i).getText()): null

2018-06-18 14:06:19 - [TEST_STEP][PASSED] - Statement - actualList1.add(i, secondStoreListBox1.get(i).getText()): null

2018-06-18 14:06:19 - [TEST_STEP][PASSED] - Statement - actualList1.add(i, secondStoreListBox1.get(i).getText()): null

2018-06-18 14:06:19 - [TEST_STEP][PASSED] - Statement - actualList1.add(i, secondStoreListBox1.get(i).getText()): null

2018-06-18 14:06:19 - [TEST_STEP][PASSED] - Statement - actualList1.add(i, secondStoreListBox1.get(i).getText()): null

2018-06-18 14:06:19 - [TEST_STEP][PASSED] - Statement - actualList1.add(i, secondStoreListBox1.get(i).getText()): null

2018-06-18 14:06:19 - [TEST_STEP][PASSED] - Statement - actualList1.add(i, secondStoreListBox1.get(i).getText()): null

2018-06-18 14:06:19 - [TEST_STEP][PASSED] - Statement - actualList1.add(i, secondStoreListBox1.get(i).getText()): null

2018-06-18 14:06:19 - [TEST_STEP][PASSED] - Statement - actualList1.add(i, secondStoreListBox1.get(i).getText()): null

2018-06-18 14:06:19 - [TEST_STEP][PASSED] - Statement - actualList1.add(i, secondStoreListBox1.get(i).getText()): null

2018-06-18 14:06:19 - [TEST_STEP][PASSED] - Statement - actualList1.add(i, secondStoreListBox1.get(i).getText()): null

2018-06-18 14:06:19 - [TEST_STEP][PASSED] - Statement - actualList1.add(i, secondStoreListBox1.get(i).getText()): null

2018-06-18 14:06:19 - [TEST_STEP][PASSED] - Statement - actualList1.add(i, secondStoreListBox1.get(i).getText()): null

2018-06-18 14:06:19 - [TEST_STEP][PASSED] - Statement - actualList1.add(i, secondStoreListBox1.get(i).getText()): null

2018-06-18 14:06:19 - [TEST_STEP][PASSED] - Statement - actualList1.add(i, secondStoreListBox1.get(i).getText()): null

2018-06-18 14:06:19 - [TEST_STEP][PASSED] - Statement - actualList1.add(i, secondStoreListBox1.get(i).getText()): null

2018-06-18 14:06:19 - [TEST_STEP][PASSED] - Statement - actualList1.add(i, secondStoreListBox1.get(i).getText()): null

2018-06-18 14:06:19 - [TEST_STEP][PASSED] - Statement - actualList1.add(i, secondStoreListBox1.get(i).getText()): null

2018-06-18 14:06:19 - [TEST_STEP][PASSED] - Statement - actualList1.add(i, secondStoreListBox1.get(i).getText()): null

2018-06-18 14:06:19 - [TEST_STEP][PASSED] - Statement - actualList1.add(i, secondStoreListBox1.get(i).getText()): null

2018-06-18 14:06:19 - [TEST_STEP][PASSED] - Statement - actualList1.add(i, secondStoreListBox1.get(i).getText()): null

2018-06-18 14:06:19 - [TEST_STEP][PASSED] - Statement - actualList1.add(i, secondStoreListBox1.get(i).getText()): null

2018-06-18 14:06:19 - [TEST_STEP][PASSED] - Statement - actualList1.add(i, secondStoreListBox1.get(i).getText()): null

2018-06-18 14:06:19 - [TEST_STEP][PASSED] - Statement - actualList1.add(i, secondStoreListBox1.get(i).getText()): null

2018-06-18 14:06:19 - [TEST_STEP][PASSED] - Statement - actualList1.add(i, secondStoreListBox1.get(i).getText()): null

2018-06-18 14:06:19 - [TEST_STEP][PASSED] - Statement - actualList1.add(i, secondStoreListBox1.get(i).getText()): null

2018-06-18 14:06:19 - [TEST_STEP][PASSED] - Statement - actualList1.add(i, secondStoreListBox1.get(i).getText()): null

2018-06-18 14:06:19 - [TEST_STEP][PASSED] - Statement - actualList1.add(i, secondStoreListBox1.get(i).getText()): null

2018-06-18 14:06:19 - [TEST_STEP][PASSED] - Statement - actualList1.add(i, secondStoreListBox1.get(i).getText()): null

2018-06-18 14:06:19 - [TEST_STEP][PASSED] - Statement - actualList1.add(i, secondStoreListBox1.get(i).getText()): null

2018-06-18 14:06:19 - [TEST_STEP][PASSED] - Statement - actualList1.add(i, secondStoreListBox1.get(i).getText()): null

2018-06-18 14:06:19 - [TEST_STEP][PASSED] - Statement - actualList1.add(i, secondStoreListBox1.get(i).getText()): null

2018-06-18 14:06:19 - [TEST_STEP][PASSED] - Statement - actualList1.add(i, secondStoreListBox1.get(i).getText()): null

2018-06-18 14:06:19 - [TEST_STEP][PASSED] - Statement - actualList1.add(i, secondStoreListBox1.get(i).getText()): null

2018-06-18 14:06:19 - [TEST_STEP][PASSED] - Statement - actualList1.add(i, secondStoreListBox1.get(i).getText()): null

2018-06-18 14:06:19 - [TEST_STEP][PASSED] - Statement - actualList1.add(i, secondStoreListBox1.get(i).getText()): null

2018-06-18 14:06:19 - [TEST_STEP][PASSED] - Statement - actualList1.add(i, secondStoreListBox1.get(i).getText()): null

2018-06-18 14:06:19 - [TEST_STEP][PASSED] - Statement - actualList1.add(i, secondStoreListBox1.get(i).getText()): null

2018-06-18 14:06:19 - [TEST_STEP][PASSED] - Statement - actualList1.add(i, secondStoreListBox1.get(i).getText()): null

2018-06-18 14:06:19 - [TEST_STEP][PASSED] - Statement - actualList1.add(i, secondStoreListBox1.get(i).getText()): null

2018-06-18 14:06:19 - [TEST_STEP][PASSED] - Statement - actualList1.add(i, secondStoreListBox1.get(i).getText()): null

2018-06-18 14:06:19 - [TEST_STEP][PASSED] - Statement - actualList1.add(i, secondStoreListBox1.get(i).getText()): null

2018-06-18 14:06:19 - [TEST_STEP][PASSED] - Statement - actualList1.add(i, secondStoreListBox1.get(i).getText()): null

2018-06-18 14:06:19 - [TEST_STEP][PASSED] - Statement - actualList1.add(i, secondStoreListBox1.get(i).getText()): null

2018-06-18 14:06:19 - [TEST_STEP][PASSED] - Statement - actualList1.add(i, secondStoreListBox1.get(i).getText()): null

2018-06-18 14:06:19 - [TEST_STEP][PASSED] - Statement - actualList1.add(i, secondStoreListBox1.get(i).getText()): null

2018-06-18 14:06:20 - [TEST_STEP][PASSED] - Statement - actualList1.add(i, secondStoreListBox1.get(i).getText()): null

2018-06-18 14:06:20 - [TEST_STEP][PASSED] - Statement - actualList1.add(i, secondStoreListBox1.get(i).getText()): null

2018-06-18 14:06:20 - [TEST_STEP][PASSED] - Statement - actualList1.add(i, secondStoreListBox1.get(i).getText()): null

2018-06-18 14:06:20 - [TEST_STEP][PASSED] - Statement - actualList1.add(i, secondStoreListBox1.get(i).getText()): null

2018-06-18 14:06:20 - [TEST_STEP][PASSED] - Statement - actualList1.add(i, secondStoreListBox1.get(i).getText()): null

2018-06-18 14:06:20 - [TEST_STEP][PASSED] - Statement - actualList1.add(i, secondStoreListBox1.get(i).getText()): null

2018-06-18 14:06:20 - [TEST_STEP][PASSED] - Statement - actualList1.add(i, secondStoreListBox1.get(i).getText()): null

2018-06-18 14:06:20 - [TEST_STEP][PASSED] - Statement - actualList1.add(i, secondStoreListBox1.get(i).getText()): null

2018-06-18 14:06:20 - [TEST_STEP][PASSED] - Statement - actualList1.add(i, secondStoreListBox1.get(i).getText()): null

2018-06-18 14:06:20 - [TEST_STEP][PASSED] - Statement - actualList1.add(i, secondStoreListBox1.get(i).getText()): null

2018-06-18 14:06:20 - [TEST_STEP][PASSED] - Statement - actualList1.add(i, secondStoreListBox1.get(i).getText()): null

2018-06-18 14:06:20 - [TEST_STEP][PASSED] - Statement - actualList1.add(i, secondStoreListBox1.get(i).getText()): null

2018-06-18 14:06:20 - [TEST_STEP][PASSED] - Statement - actualList1.add(i, secondStoreListBox1.get(i).getText()): null

2018-06-18 14:06:20 - [TEST_STEP][PASSED] - Statement - actualList1.add(i, secondStoreListBox1.get(i).getText()): null

2018-06-18 14:06:20 - [TEST_STEP][PASSED] - Statement - actualList1.add(i, secondStoreListBox1.get(i).getText()): null

2018-06-18 14:06:20 - [TEST_STEP][PASSED] - Statement - actualList1.add(i, secondStoreListBox1.get(i).getText()): null

2018-06-18 14:06:20 - [TEST_STEP][PASSED] - Statement - actualList1.add(i, secondStoreListBox1.get(i).getText()): null

2018-06-18 14:06:20 - [TEST_STEP][PASSED] - Statement - actualList1.add(i, secondStoreListBox1.get(i).getText()): null

2018-06-18 14:06:20 - [TEST_STEP][PASSED] - Statement - actualList1.add(i, secondStoreListBox1.get(i).getText()): null

2018-06-18 14:06:20 - [TEST_STEP][PASSED] - Statement - actualList1.add(i, secondStoreListBox1.get(i).getText()): null

2018-06-18 14:06:20 - [TEST_STEP][PASSED] - Statement - actualList1.add(i, secondStoreListBox1.get(i).getText()): null

2018-06-18 14:06:20 - [TEST_STEP][PASSED] - Statement - actualList1.add(i, secondStoreListBox1.get(i).getText()): null

2018-06-18 14:06:20 - [TEST_STEP][PASSED] - Statement - out.println(actualList1): null

2018-06-18 14:06:20 - [TEST_STEP][PASSED] - delay: Delayed 10 second(s)

2018-06-18 14:06:30 - [MESSAGE][PASSED] - Delayed 10 second(s)

2018-06-18 14:06:30 - [TEST_STEP][PASSED] - Statement - exists = false: null

2018-06-18 14:06:30 - [TEST_STEP][PASSED] - Statement - If (actualList1.containsAll(groupStoresList)): null

2018-06-18 14:06:30 - [TEST_STEP][PASSED] - Statement - exists = true: null

2018-06-18 14:06:30 - [TEST_STEP][PASSED] - Statement - println("Selected stores are displayed in Group/Stores in Group listbox"): null

2018-06-18 14:06:30 - [TEST_STEP][PASSED] - Statement - StoresCBList1 = driver.findElements(org.openqa.selenium.By.xpath(com.kms.katalon.core.testdata.TestDataFactory.findTestData(OR_file).getValue(2, 12))): Reading excel file with source file 'C:\Users\shalinin\Katalon Studio\HME_Scripts\Data Files\HME_OR.xlsx' and sheet name 'Sheet1'

2018-06-18 14:06:30 - [TEST_STEP][PASSED] - Statement - storesLabel = driver.findElements(org.openqa.selenium.By.xpath(com.kms.katalon.core.testdata.TestDataFactory.findTestData(OR_file).getValue(2, 10))): Reading excel file with source file 'C:\Users\shalinin\Katalon Studio\HME_Scripts\Data Files\HME_OR.xlsx' and sheet name 'Sheet1'

2018-06-18 14:06:30 - [TEST_STEP][PASSED] - Statement - storesLabelList = new java.util.ArrayList(): null

2018-06-18 14:06:30 - [TEST_STEP][PASSED] - Statement - For ([i = 0, i < storesLabel.size(), (i++)]): null

2018-06-18 14:06:30 - [TEST_STEP][PASSED] - Statement - println("storesLabel" + storesLabelList): null

2018-06-18 14:06:30 - [TEST_STEP][PASSED] - uiaction.CommonUIActions.click: uiaction.CommonUIActions.click is PASSED

2018-06-18 14:06:30 - [MESSAGE][PASSED] - uiaction.CommonUIActions.click is PASSED

2018-06-18 14:06:30 - [TEST_STEP][PASSED] - delay: Delayed 10 second(s)

2018-06-18 14:06:40 - [MESSAGE][PASSED] - Delayed 10 second(s)

2018-06-18 14:06:40 - [TEST_STEP][PASSED] - back: Navigate back successfully

2018-06-18 14:06:40 - [MESSAGE][PASSED] - Navigate back successfully

2018-06-18 14:06:40 - [TEST_STEP][PASSED] - delay: Delayed 10 second(s)

2018-06-18 14:06:50 - [MESSAGE][PASSED] - Delayed 10 second(s)

2018-06-18 14:06:50 - [TEST_STEP][PASSED] - back: Navigate back successfully

2018-06-18 14:06:50 - [MESSAGE][PASSED] - Navigate back successfully

2018-06-18 14:06:50 - [TEST_STEP][PASSED] - delay: Delayed 10 second(s)

2018-06-18 14:07:00 - [MESSAGE][PASSED] - Delayed 10 second(s)

2018-06-18 14:07:00 - [TEST_STEP][PASSED] - Statement - groupHierarchyList = driver.findElements(org.openqa.selenium.By.xpath(com.kms.katalon.core.testdata.TestDataFactory.findTestData(OR_file).getValue(2, 13))): Reading excel file with source file 'C:\Users\shalinin\Katalon Studio\HME_Scripts\Data Files\HME_OR.xlsx' and sheet name 'Sheet1'

2018-06-18 14:07:00 - [TEST_STEP][PASSED] - Statement - actualgroupList = new java.util.ArrayList(): null

2018-06-18 14:07:00 - [TEST_STEP][PASSED] - Statement - For ([i = 0, i < groupHierarchyList.size(), (i++)]): null

2018-06-18 14:07:00 - [TEST_STEP][PASSED] - Statement - actualgroupList.add(i, groupHierarchyList.get(i).getText()): null

2018-06-18 14:07:00 - [TEST_STEP][PASSED] - Statement - groupXpath = "//span[text()='" + CustomKeywords.projectSpecific.Reusability.getTestData("ReportingGroupManagementPage", "groupNameTC7") + "']": projectSpecific.Reusability.getTestData is PASSED

2018-06-18 14:07:00 - [MESSAGE][PASSED] - projectSpecific.Reusability.getTestData is PASSED

2018-06-18 14:07:00 - [TEST_STEP][PASSED] - Statement - println(groupXpath): null

2018-06-18 14:07:00 - [TEST_STEP][PASSED] - Statement - driver.findElement(org.openqa.selenium.By.xpath(groupXpath)).click(): null

2018-06-18 14:07:00 - [TEST_STEP][PASSED] - delay: Delayed 10 second(s)

2018-06-18 14:07:10 - [MESSAGE][PASSED] - Delayed 10 second(s)

2018-06-18 14:07:10 - [TEST_STEP][PASSED] - Statement - groupNameAttr = com.kms.katalon.core.webui.keyword.WebUiBuiltInKeywords.getAttribute(com.kms.katalon.core.testobject.ObjectRepository.findTestObject(ReportingGroupManagement/groupNameTxt), "value"): Attribute 'value' of object 'Object Repository/ReportingGroupManagement/groupNameTxt' is: 'Group TC7'

2018-06-18 14:07:10 - [MESSAGE][PASSED] - Attribute 'value' of object 'Object Repository/ReportingGroupManagement/groupNameTxt' is: 'Group TC7'

2018-06-18 14:07:10 - [TEST_STEP][PASSED] - verifyMatch: Actual text 'Group TC7' and expected text 'Group TC7' are matched 

2018-06-18 14:07:10 - [MESSAGE][PASSED] - projectSpecific.Reusability.getTestData is PASSED

2018-06-18 14:07:10 - [MESSAGE][PASSED] - Actual text 'Group TC7' and expected text 'Group TC7' are matched 

2018-06-18 14:07:10 - [TEST_STEP][PASSED] - Statement - groupDescAttr = com.kms.katalon.core.webui.keyword.WebUiBuiltInKeywords.getAttribute(com.kms.katalon.core.testobject.ObjectRepository.findTestObject(ReportingGroupManagement/groupDescTxt), "value"): Attribute 'value' of object 'Object Repository/ReportingGroupManagement/groupDescTxt' is: 'South west branch Group 1'

2018-06-18 14:07:10 - [MESSAGE][PASSED] - Attribute 'value' of object 'Object Repository/ReportingGroupManagement/groupDescTxt' is: 'South west branch Group 1'

2018-06-18 14:07:10 - [TEST_STEP][PASSED] - verifyMatch: Actual text 'South west branch Group 1' and expected text 'South west branch Group 1' are matched 

2018-06-18 14:07:10 - [MESSAGE][PASSED] - projectSpecific.Reusability.getTestData is PASSED

2018-06-18 14:07:10 - [MESSAGE][PASSED] - Actual text 'South west branch Group 1' and expected text 'South west branch Group 1' are matched 

2018-06-18 14:07:10 - [TEST_STEP][PASSED] - Statement - availableStoreList = driver.findElements(org.openqa.selenium.By.xpath(com.kms.katalon.core.testdata.TestDataFactory.findTestData(OR_file).getValue(2, 10))): Reading excel file with source file 'C:\Users\shalinin\Katalon Studio\HME_Scripts\Data Files\HME_OR.xlsx' and sheet name 'Sheet1'

2018-06-18 14:07:10 - [TEST_STEP][PASSED] - Statement - actualList = new java.util.ArrayList(): null

2018-06-18 14:07:10 - [TEST_STEP][PASSED] - Statement - For ([i = 0, i < availableStoreList.size(), (i++)]): null

2018-06-18 14:07:10 - [TEST_STEP][PASSED] - Statement - out.println(actualList): null

2018-06-18 14:07:10 - [TEST_STEP][PASSED] - Statement - out.println(storesLabelList): null

2018-06-18 14:07:10 - [TEST_STEP][PASSED] - Statement - If (actualList.containsAll(storesLabelList)): null

2018-06-18 14:07:10 - [TEST_STEP][PASSED] - Statement - println("Selected stores are displayed in Group/Stores in Group listbox"): null

2018-06-18 14:07:10 - [TEST_STEP][PASSED] - Statement - secondStoreListBox1 = driver.findElements(org.openqa.selenium.By.xpath(com.kms.katalon.core.testdata.TestDataFactory.findTestData(OR_file).getValue(2, 11))): Reading excel file with source file 'C:\Users\shalinin\Katalon Studio\HME_Scripts\Data Files\HME_OR.xlsx' and sheet name 'Sheet1'

2018-06-18 14:07:10 - [TEST_STEP][PASSED] - Statement - actualList2 = new java.util.ArrayList(): null

2018-06-18 14:07:10 - [TEST_STEP][PASSED] - Statement - For ([i = 0, i < secondStoreListBox1.size(), (i++)]): null

2018-06-18 14:07:10 - [TEST_STEP][PASSED] - Statement - out.println(actualList2): null

2018-06-18 14:07:10 - [TEST_STEP][PASSED] - Statement - If (actualList1.containsAll(actualList2)): null

2018-06-18 14:07:10 - [TEST_STEP][PASSED] - Statement - println("Selected stores are displayed in Group/Stores in Group listbox"): null

2018-06-18 14:07:10 - [TEST_STEP][PASSED] - uiaction.CommonUIActions.click: uiaction.CommonUIActions.click is PASSED

2018-06-18 14:07:11 - [MESSAGE][PASSED] - uiaction.CommonUIActions.click is PASSED

2018-06-18 14:07:11 - [TEST_STEP][PASSED] - delay: Delayed 10 second(s)

2018-06-18 14:07:21 - [MESSAGE][PASSED] - Delayed 10 second(s)

2018-06-18 14:07:21 - [TEST_STEP][PASSED] - Statement - confirmToDeleteText = CustomKeywords.uiaction.CommonUIActions.getText(com.kms.katalon.core.testobject.ObjectRepository.findTestObject(ReportingGroupManagement/confirmToDeleteText)): uiaction.CommonUIActions.getText is PASSED

2018-06-18 14:07:21 - [MESSAGE][PASSED] - uiaction.CommonUIActions.getText is PASSED

2018-06-18 14:07:21 - [TEST_STEP][PASSED] - Statement - confirmToDeleteText2 = CustomKeywords.projectSpecific.Reusability.getTestData("ReportingGroupManagementPage", "confirmDeleteTxt"): projectSpecific.Reusability.getTestData is PASSED

2018-06-18 14:07:21 - [MESSAGE][PASSED] - projectSpecific.Reusability.getTestData is PASSED

2018-06-18 14:07:21 - [TEST_STEP][PASSED] - verifyMatch: Actual text 'Confirm to Delete
Are you sure you want to remove this group?
Yes
No' and expected text 'Confirm to Delete
Are you sure you want to remove this group?
Yes
No' are matched 

2018-06-18 14:07:21 - [MESSAGE][PASSED] - Actual text 'Confirm to Delete
Are you sure you want to remove this group?
Yes
No' and expected text 'Confirm to Delete
Are you sure you want to remove this group?
Yes
No' are matched 

2018-06-18 14:07:21 - [TEST_STEP][PASSED] - verifyElementPresent: Object 'Object Repository/ReportingGroupManagement/confirmToDelNoBtn' is present

2018-06-18 14:07:21 - [MESSAGE][PASSED] - Object 'Object Repository/ReportingGroupManagement/confirmToDelNoBtn' is present

2018-06-18 14:07:21 - [TEST_STEP][PASSED] - verifyElementPresent: Object 'Object Repository/ReportingGroupManagement/confirmToDelBtn' is present

2018-06-18 14:07:21 - [MESSAGE][PASSED] - Object 'Object Repository/ReportingGroupManagement/confirmToDelBtn' is present

2018-06-18 14:07:21 - [TEST_STEP][PASSED] - uiaction.CommonUIActions.click: uiaction.CommonUIActions.click is PASSED

2018-06-18 14:07:21 - [MESSAGE][PASSED] - uiaction.CommonUIActions.click is PASSED

2018-06-18 14:07:21 - [TEST_STEP][PASSED] - Statement - groupNameAttr = com.kms.katalon.core.webui.keyword.WebUiBuiltInKeywords.getAttribute(com.kms.katalon.core.testobject.ObjectRepository.findTestObject(ReportingGroupManagement/groupNameTxt), "value"): Attribute 'value' of object 'Object Repository/ReportingGroupManagement/groupNameTxt' is: 'Group TC7'

2018-06-18 14:07:21 - [MESSAGE][PASSED] - Attribute 'value' of object 'Object Repository/ReportingGroupManagement/groupNameTxt' is: 'Group TC7'

2018-06-18 14:07:21 - [TEST_STEP][PASSED] - verifyMatch: Actual text 'Group TC7' and expected text 'Group TC7' are matched 

2018-06-18 14:07:21 - [MESSAGE][PASSED] - projectSpecific.Reusability.getTestData is PASSED

2018-06-18 14:07:21 - [MESSAGE][PASSED] - Actual text 'Group TC7' and expected text 'Group TC7' are matched 

2018-06-18 14:07:21 - [TEST_STEP][PASSED] - uiaction.CommonUIActions.click: uiaction.CommonUIActions.click is PASSED

2018-06-18 14:07:21 - [MESSAGE][PASSED] - uiaction.CommonUIActions.click is PASSED

2018-06-18 14:07:21 - [TEST_STEP][PASSED] - delay: Delayed 10 second(s)

2018-06-18 14:07:31 - [MESSAGE][PASSED] - Delayed 10 second(s)

2018-06-18 14:07:31 - [TEST_STEP][PASSED] - Statement - confirmToDeleteText = CustomKeywords.uiaction.CommonUIActions.getText(com.kms.katalon.core.testobject.ObjectRepository.findTestObject(ReportingGroupManagement/confirmToDeleteText)): uiaction.CommonUIActions.getText is PASSED

2018-06-18 14:07:31 - [MESSAGE][PASSED] - uiaction.CommonUIActions.getText is PASSED

2018-06-18 14:07:31 - [TEST_STEP][PASSED] - Statement - confirmToDeleteText2 = CustomKeywords.projectSpecific.Reusability.getTestData("ReportingGroupManagementPage", "confirmDeleteTxt"): projectSpecific.Reusability.getTestData is PASSED

2018-06-18 14:07:31 - [MESSAGE][PASSED] - projectSpecific.Reusability.getTestData is PASSED

2018-06-18 14:07:31 - [TEST_STEP][PASSED] - verifyMatch: Actual text 'Confirm to Delete
Are you sure you want to remove this group?
Yes
No' and expected text 'Confirm to Delete
Are you sure you want to remove this group?
Yes
No' are matched 

2018-06-18 14:07:31 - [MESSAGE][PASSED] - Actual text 'Confirm to Delete
Are you sure you want to remove this group?
Yes
No' and expected text 'Confirm to Delete
Are you sure you want to remove this group?
Yes
No' are matched 

2018-06-18 14:07:31 - [TEST_STEP][PASSED] - uiaction.CommonUIActions.click: uiaction.CommonUIActions.click is PASSED

2018-06-18 14:07:31 - [MESSAGE][PASSED] - uiaction.CommonUIActions.click is PASSED

2018-06-18 14:07:31 - [TEST_STEP][PASSED] - back: Navigate back successfully

2018-06-18 14:07:31 - [MESSAGE][PASSED] - Navigate back successfully

2018-06-18 14:07:31 - [TEST_STEP][PASSED] - delay: Delayed 10 second(s)

2018-06-18 14:07:41 - [MESSAGE][PASSED] - Delayed 10 second(s)

2018-06-18 14:07:41 - [TEST_STEP][PASSED] - back: Navigate back successfully

2018-06-18 14:07:41 - [MESSAGE][PASSED] - Navigate back successfully

2018-06-18 14:07:41 - [TEST_STEP][PASSED] - delay: Delayed 10 second(s)

2018-06-18 14:07:51 - [MESSAGE][PASSED] - Delayed 10 second(s)

2018-06-18 14:07:51 - [TEST_STEP][PASSED] - Statement - groupHierarchyList2 = driver.findElements(org.openqa.selenium.By.xpath(com.kms.katalon.core.testdata.TestDataFactory.findTestData(OR_file).getValue(2, 13))): Reading excel file with source file 'C:\Users\shalinin\Katalon Studio\HME_Scripts\Data Files\HME_OR.xlsx' and sheet name 'Sheet1'

2018-06-18 14:07:51 - [TEST_STEP][PASSED] - Statement - actualgroupList2 = new java.util.ArrayList(): null

2018-06-18 14:07:51 - [TEST_STEP][PASSED] - Statement - For ([i = 0, i < groupHierarchyList2.size(), (i++)]): null

2018-06-18 14:07:51 - [TEST_STEP][PASSED] - Statement - actualgroupList2[i] = groupHierarchyList2.get(i).getText(): null

2018-06-18 14:07:51 - [TEST_STEP][PASSED] - Statement - actualgroupList2[i] = groupHierarchyList2.get(i).getText(): null

2018-06-18 14:07:51 - [TEST_STEP][PASSED] - Statement - actualgroupList2[i] = groupHierarchyList2.get(i).getText(): null

2018-06-18 14:07:51 - [TEST_STEP][PASSED] - Statement - actualgroupList2[i] = groupHierarchyList2.get(i).getText(): null

2018-06-18 14:07:51 - [TEST_STEP][PASSED] - Statement - actualgroupList2[i] = groupHierarchyList2.get(i).getText(): null

2018-06-18 14:07:51 - [TEST_STEP][PASSED] - Statement - actualgroupList2[i] = groupHierarchyList2.get(i).getText(): null

2018-06-18 14:07:51 - [TEST_STEP][PASSED] - Statement - actualgroupList2[i] = groupHierarchyList2.get(i).getText(): null

2018-06-18 14:07:51 - [TEST_STEP][PASSED] - Statement - actualgroupList2[i] = groupHierarchyList2.get(i).getText(): null

2018-06-18 14:07:51 - [TEST_STEP][PASSED] - Statement - actualgroupList2[i] = groupHierarchyList2.get(i).getText(): null

2018-06-18 14:07:51 - [TEST_STEP][PASSED] - Statement - actualgroupList2[i] = groupHierarchyList2.get(i).getText(): null

2018-06-18 14:07:51 - [TEST_STEP][PASSED] - Statement - actualgroupList2[i] = groupHierarchyList2.get(i).getText(): null

2018-06-18 14:07:51 - [TEST_STEP][PASSED] - Statement - actualgroupList2[i] = groupHierarchyList2.get(i).getText(): null

2018-06-18 14:07:51 - [TEST_STEP][PASSED] - Statement - actualgroupList2[i] = groupHierarchyList2.get(i).getText(): null

2018-06-18 14:07:51 - [TEST_STEP][PASSED] - Statement - actualgroupList2[i] = groupHierarchyList2.get(i).getText(): null

2018-06-18 14:07:51 - [TEST_STEP][PASSED] - Statement - actualgroupList2[i] = groupHierarchyList2.get(i).getText(): null

2018-06-18 14:07:51 - [TEST_STEP][PASSED] - Statement - actualgroupList2[i] = groupHierarchyList2.get(i).getText(): null

2018-06-18 14:07:51 - [TEST_STEP][PASSED] - Statement - actualgroupList2[i] = groupHierarchyList2.get(i).getText(): null

2018-06-18 14:07:51 - [TEST_STEP][PASSED] - Statement - actualgroupList2[i] = groupHierarchyList2.get(i).getText(): null

2018-06-18 14:07:51 - [TEST_STEP][PASSED] - Statement - actualgroupList2[i] = groupHierarchyList2.get(i).getText(): null

2018-06-18 14:07:51 - [TEST_STEP][PASSED] - Statement - actualgroupList2[i] = groupHierarchyList2.get(i).getText(): null

2018-06-18 14:07:51 - [TEST_STEP][PASSED] - Statement - actualgroupList2[i] = groupHierarchyList2.get(i).getText(): null

2018-06-18 14:07:51 - [TEST_STEP][PASSED] - Statement - actualgroupList2[i] = groupHierarchyList2.get(i).getText(): null

2018-06-18 14:07:51 - [TEST_STEP][PASSED] - Statement - actualgroupList2[i] = groupHierarchyList2.get(i).getText(): null

2018-06-18 14:07:51 - [TEST_STEP][PASSED] - Statement - actualgroupList2[i] = groupHierarchyList2.get(i).getText(): null

2018-06-18 14:07:51 - [TEST_STEP][PASSED] - Statement - actualgroupList2[i] = groupHierarchyList2.get(i).getText(): null

2018-06-18 14:07:51 - [TEST_STEP][PASSED] - Statement - actualgroupList2[i] = groupHierarchyList2.get(i).getText(): null

2018-06-18 14:07:51 - [TEST_STEP][PASSED] - Statement - actualgroupList2[i] = groupHierarchyList2.get(i).getText(): null

2018-06-18 14:07:51 - [TEST_STEP][PASSED] - Statement - actualgroupList2[i] = groupHierarchyList2.get(i).getText(): null

2018-06-18 14:07:51 - [TEST_STEP][PASSED] - Statement - actualgroupList2[i] = groupHierarchyList2.get(i).getText(): null

2018-06-18 14:07:51 - [TEST_STEP][PASSED] - Statement - actualgroupList2[i] = groupHierarchyList2.get(i).getText(): null

2018-06-18 14:07:51 - [TEST_STEP][PASSED] - Statement - actualgroupList2[i] = groupHierarchyList2.get(i).getText(): null

2018-06-18 14:07:51 - [TEST_STEP][PASSED] - Statement - actualgroupList2[i] = groupHierarchyList2.get(i).getText(): null

2018-06-18 14:07:51 - [TEST_STEP][PASSED] - Statement - actualgroupList2[i] = groupHierarchyList2.get(i).getText(): null

2018-06-18 14:07:51 - [TEST_STEP][PASSED] - Statement - actualgroupList2[i] = groupHierarchyList2.get(i).getText(): null

2018-06-18 14:07:52 - [TEST_STEP][PASSED] - Statement - actualgroupList2[i] = groupHierarchyList2.get(i).getText(): null

2018-06-18 14:07:52 - [TEST_STEP][PASSED] - Statement - actualgroupList2[i] = groupHierarchyList2.get(i).getText(): null

2018-06-18 14:07:52 - [TEST_STEP][PASSED] - Statement - actualgroupList2[i] = groupHierarchyList2.get(i).getText(): null

2018-06-18 14:07:52 - [TEST_STEP][PASSED] - Statement - actualgroupList2[i] = groupHierarchyList2.get(i).getText(): null

2018-06-18 14:07:52 - [TEST_STEP][PASSED] - Statement - actualgroupList2[i] = groupHierarchyList2.get(i).getText(): null

2018-06-18 14:07:52 - [TEST_STEP][PASSED] - Statement - actualgroupList2[i] = groupHierarchyList2.get(i).getText(): null

2018-06-18 14:07:52 - [TEST_STEP][PASSED] - Statement - actualgroupList2[i] = groupHierarchyList2.get(i).getText(): null

2018-06-18 14:07:52 - [TEST_STEP][PASSED] - Statement - actualgroupList2[i] = groupHierarchyList2.get(i).getText(): null

2018-06-18 14:07:52 - [TEST_STEP][PASSED] - Statement - actualgroupList2[i] = groupHierarchyList2.get(i).getText(): null

2018-06-18 14:07:52 - [TEST_STEP][PASSED] - Statement - actualgroupList2[i] = groupHierarchyList2.get(i).getText(): null

2018-06-18 14:07:52 - [TEST_STEP][PASSED] - Statement - actualgroupList2[i] = groupHierarchyList2.get(i).getText(): null

2018-06-18 14:07:52 - [TEST_STEP][PASSED] - Statement - actualgroupList2[i] = groupHierarchyList2.get(i).getText(): null

2018-06-18 14:07:52 - [TEST_STEP][PASSED] - Statement - actualgroupList2[i] = groupHierarchyList2.get(i).getText(): null

2018-06-18 14:07:52 - [TEST_STEP][PASSED] - Statement - actualgroupList2[i] = groupHierarchyList2.get(i).getText(): null

2018-06-18 14:07:52 - [TEST_STEP][PASSED] - Statement - actualgroupList2[i] = groupHierarchyList2.get(i).getText(): null

2018-06-18 14:07:52 - [TEST_STEP][PASSED] - Statement - actualgroupList2[i] = groupHierarchyList2.get(i).getText(): null

2018-06-18 14:07:52 - [TEST_STEP][PASSED] - Statement - actualgroupList2[i] = groupHierarchyList2.get(i).getText(): null

2018-06-18 14:07:52 - [TEST_STEP][PASSED] - Statement - actualgroupList2[i] = groupHierarchyList2.get(i).getText(): null

2018-06-18 14:07:52 - [TEST_STEP][PASSED] - Statement - actualgroupList2[i] = groupHierarchyList2.get(i).getText(): null

2018-06-18 14:07:52 - [TEST_STEP][PASSED] - Statement - actualgroupList2[i] = groupHierarchyList2.get(i).getText(): null

2018-06-18 14:07:52 - [TEST_STEP][PASSED] - Statement - actualgroupList2[i] = groupHierarchyList2.get(i).getText(): null

2018-06-18 14:07:52 - [TEST_STEP][PASSED] - Statement - actualgroupList2[i] = groupHierarchyList2.get(i).getText(): null

2018-06-18 14:07:52 - [TEST_STEP][PASSED] - Statement - actualgroupList2[i] = groupHierarchyList2.get(i).getText(): null

2018-06-18 14:07:52 - [TEST_STEP][PASSED] - Statement - actualgroupList2[i] = groupHierarchyList2.get(i).getText(): null

2018-06-18 14:07:52 - [TEST_STEP][PASSED] - Statement - actualgroupList2[i] = groupHierarchyList2.get(i).getText(): null

2018-06-18 14:07:52 - [TEST_STEP][PASSED] - Statement - actualgroupList2[i] = groupHierarchyList2.get(i).getText(): null

2018-06-18 14:07:52 - [TEST_STEP][PASSED] - Statement - actualgroupList2[i] = groupHierarchyList2.get(i).getText(): null

2018-06-18 14:07:52 - [TEST_STEP][PASSED] - Statement - actualgroupList2[i] = groupHierarchyList2.get(i).getText(): null

2018-06-18 14:07:52 - [TEST_STEP][PASSED] - Statement - actualgroupList2[i] = groupHierarchyList2.get(i).getText(): null

2018-06-18 14:07:52 - [TEST_STEP][PASSED] - Statement - actualgroupList2[i] = groupHierarchyList2.get(i).getText(): null

2018-06-18 14:07:52 - [TEST_STEP][PASSED] - Statement - actualgroupList2[i] = groupHierarchyList2.get(i).getText(): null

2018-06-18 14:07:52 - [TEST_STEP][PASSED] - Statement - actualgroupList2[i] = groupHierarchyList2.get(i).getText(): null

2018-06-18 14:07:52 - [TEST_STEP][PASSED] - Statement - actualgroupList2[i] = groupHierarchyList2.get(i).getText(): null

2018-06-18 14:07:52 - [TEST_STEP][PASSED] - Statement - actualgroupList2[i] = groupHierarchyList2.get(i).getText(): null

2018-06-18 14:07:52 - [TEST_STEP][PASSED] - Statement - actualgroupList2[i] = groupHierarchyList2.get(i).getText(): null

2018-06-18 14:07:52 - [TEST_STEP][PASSED] - Statement - actualgroupList2[i] = groupHierarchyList2.get(i).getText(): null

2018-06-18 14:07:52 - [TEST_STEP][PASSED] - Statement - actualgroupList2[i] = groupHierarchyList2.get(i).getText(): null

2018-06-18 14:07:52 - [TEST_STEP][PASSED] - Statement - actualgroupList2[i] = groupHierarchyList2.get(i).getText(): null

2018-06-18 14:07:52 - [TEST_STEP][PASSED] - Statement - actualgroupList2[i] = groupHierarchyList2.get(i).getText(): null

2018-06-18 14:07:52 - [TEST_STEP][PASSED] - Statement - actualgroupList2[i] = groupHierarchyList2.get(i).getText(): null

2018-06-18 14:07:52 - [TEST_STEP][PASSED] - Statement - actualgroupList2[i] = groupHierarchyList2.get(i).getText(): null

2018-06-18 14:07:52 - [TEST_STEP][PASSED] - Statement - actualgroupList2[i] = groupHierarchyList2.get(i).getText(): null

2018-06-18 14:07:52 - [TEST_STEP][PASSED] - Statement - actualgroupList2[i] = groupHierarchyList2.get(i).getText(): null

2018-06-18 14:07:52 - [TEST_STEP][PASSED] - Statement - actualgroupList2[i] = groupHierarchyList2.get(i).getText(): null

2018-06-18 14:07:52 - [TEST_STEP][PASSED] - Statement - actualgroupList2[i] = groupHierarchyList2.get(i).getText(): null

2018-06-18 14:07:52 - [TEST_STEP][PASSED] - Statement - actualgroupList2[i] = groupHierarchyList2.get(i).getText(): null

2018-06-18 14:07:52 - [TEST_STEP][PASSED] - Statement - actualgroupList2[i] = groupHierarchyList2.get(i).getText(): null

2018-06-18 14:07:52 - [TEST_STEP][PASSED] - Statement - actualgroupList2[i] = groupHierarchyList2.get(i).getText(): null

2018-06-18 14:07:52 - [TEST_STEP][PASSED] - Statement - actualgroupList2[i] = groupHierarchyList2.get(i).getText(): null

2018-06-18 14:07:52 - [TEST_STEP][PASSED] - Statement - actualgroupList2[i] = groupHierarchyList2.get(i).getText(): null

2018-06-18 14:07:52 - [TEST_STEP][PASSED] - Statement - actualgroupList2[i] = groupHierarchyList2.get(i).getText(): null

2018-06-18 14:07:52 - [TEST_STEP][PASSED] - Statement - actualgroupList2[i] = groupHierarchyList2.get(i).getText(): null

2018-06-18 14:07:52 - [TEST_STEP][PASSED] - Statement - actualgroupList2[i] = groupHierarchyList2.get(i).getText(): null

2018-06-18 14:07:52 - [TEST_STEP][PASSED] - Statement - actualgroupList2[i] = groupHierarchyList2.get(i).getText(): null

2018-06-18 14:07:52 - [TEST_STEP][PASSED] - Statement - actualgroupList2[i] = groupHierarchyList2.get(i).getText(): null

2018-06-18 14:07:52 - [TEST_STEP][PASSED] - Statement - actualgroupList2[i] = groupHierarchyList2.get(i).getText(): null

2018-06-18 14:07:52 - [TEST_STEP][PASSED] - Statement - actualgroupList2[i] = groupHierarchyList2.get(i).getText(): null

2018-06-18 14:07:52 - [TEST_STEP][PASSED] - Statement - actualgroupList2[i] = groupHierarchyList2.get(i).getText(): null

2018-06-18 14:07:52 - [TEST_STEP][PASSED] - Statement - actualgroupList2[i] = groupHierarchyList2.get(i).getText(): null

2018-06-18 14:07:52 - [TEST_STEP][PASSED] - Statement - actualgroupList2[i] = groupHierarchyList2.get(i).getText(): null

2018-06-18 14:07:52 - [TEST_STEP][PASSED] - Statement - actualgroupList2[i] = groupHierarchyList2.get(i).getText(): null

2018-06-18 14:07:52 - [TEST_STEP][PASSED] - Statement - actualgroupList2[i] = groupHierarchyList2.get(i).getText(): null

2018-06-18 14:07:52 - [TEST_STEP][PASSED] - Statement - actualgroupList2[i] = groupHierarchyList2.get(i).getText(): null

2018-06-18 14:07:52 - [TEST_STEP][PASSED] - Statement - actualgroupList2[i] = groupHierarchyList2.get(i).getText(): null

2018-06-18 14:07:52 - [TEST_STEP][PASSED] - Statement - actualgroupList2[i] = groupHierarchyList2.get(i).getText(): null

2018-06-18 14:07:53 - [TEST_STEP][PASSED] - Statement - actualgroupList2[i] = groupHierarchyList2.get(i).getText(): null

2018-06-18 14:07:53 - [TEST_STEP][PASSED] - Statement - actualgroupList2[i] = groupHierarchyList2.get(i).getText(): null

2018-06-18 14:07:53 - [TEST_STEP][PASSED] - Statement - actualgroupList2[i] = groupHierarchyList2.get(i).getText(): null

2018-06-18 14:07:53 - [TEST_STEP][PASSED] - Statement - actualgroupList2[i] = groupHierarchyList2.get(i).getText(): null

2018-06-18 14:07:53 - [TEST_STEP][PASSED] - Statement - actualgroupList2[i] = groupHierarchyList2.get(i).getText(): null

2018-06-18 14:07:53 - [TEST_STEP][PASSED] - Statement - actualgroupList2[i] = groupHierarchyList2.get(i).getText(): null

2018-06-18 14:07:53 - [TEST_STEP][PASSED] - Statement - actualgroupList2[i] = groupHierarchyList2.get(i).getText(): null

2018-06-18 14:07:53 - [TEST_STEP][PASSED] - Statement - actualgroupList2[i] = groupHierarchyList2.get(i).getText(): null

2018-06-18 14:07:53 - [TEST_STEP][PASSED] - Statement - actualgroupList2[i] = groupHierarchyList2.get(i).getText(): null

2018-06-18 14:07:53 - [TEST_STEP][PASSED] - Statement - actualgroupList2[i] = groupHierarchyList2.get(i).getText(): null

2018-06-18 14:07:53 - [TEST_STEP][PASSED] - Statement - actualgroupList2[i] = groupHierarchyList2.get(i).getText(): null

2018-06-18 14:07:53 - [TEST_STEP][PASSED] - Statement - actualgroupList2[i] = groupHierarchyList2.get(i).getText(): null

2018-06-18 14:07:53 - [TEST_STEP][PASSED] - Statement - actualgroupList2[i] = groupHierarchyList2.get(i).getText(): null

2018-06-18 14:07:53 - [TEST_STEP][PASSED] - Statement - actualgroupList2[i] = groupHierarchyList2.get(i).getText(): null

2018-06-18 14:07:53 - [TEST_STEP][PASSED] - Statement - actualgroupList2[i] = groupHierarchyList2.get(i).getText(): null

2018-06-18 14:07:53 - [TEST_STEP][PASSED] - Statement - actualgroupList2[i] = groupHierarchyList2.get(i).getText(): null

2018-06-18 14:07:53 - [TEST_STEP][PASSED] - Statement - actualgroupList2[i] = groupHierarchyList2.get(i).getText(): null

2018-06-18 14:07:53 - [TEST_STEP][PASSED] - Statement - actualgroupList2[i] = groupHierarchyList2.get(i).getText(): null

2018-06-18 14:07:53 - [TEST_STEP][PASSED] - Statement - actualgroupList2[i] = groupHierarchyList2.get(i).getText(): null

2018-06-18 14:07:53 - [TEST_STEP][PASSED] - Statement - actualgroupList2[i] = groupHierarchyList2.get(i).getText(): null

2018-06-18 14:07:53 - [TEST_STEP][PASSED] - Statement - actualgroupList2[i] = groupHierarchyList2.get(i).getText(): null

2018-06-18 14:07:53 - [TEST_STEP][PASSED] - Statement - actualgroupList2[i] = groupHierarchyList2.get(i).getText(): null

2018-06-18 14:07:53 - [TEST_STEP][PASSED] - Statement - actualgroupList2[i] = groupHierarchyList2.get(i).getText(): null

2018-06-18 14:07:53 - [TEST_STEP][PASSED] - Statement - actualgroupList2[i] = groupHierarchyList2.get(i).getText(): null

2018-06-18 14:07:53 - [TEST_STEP][PASSED] - Statement - actualgroupList2[i] = groupHierarchyList2.get(i).getText(): null

2018-06-18 14:07:53 - [TEST_STEP][PASSED] - Statement - actualgroupList2[i] = groupHierarchyList2.get(i).getText(): null

2018-06-18 14:07:53 - [TEST_STEP][PASSED] - Statement - actualgroupList2[i] = groupHierarchyList2.get(i).getText(): null

2018-06-18 14:07:53 - [TEST_STEP][PASSED] - Statement - actualgroupList2[i] = groupHierarchyList2.get(i).getText(): null

2018-06-18 14:07:53 - [TEST_STEP][PASSED] - Statement - actualgroupList2[i] = groupHierarchyList2.get(i).getText(): null

2018-06-18 14:07:53 - [TEST_STEP][PASSED] - Statement - actualgroupList2[i] = groupHierarchyList2.get(i).getText(): null

2018-06-18 14:07:53 - [TEST_STEP][PASSED] - Statement - actualgroupList2[i] = groupHierarchyList2.get(i).getText(): null

2018-06-18 14:07:53 - [TEST_STEP][PASSED] - Statement - actualgroupList2[i] = groupHierarchyList2.get(i).getText(): null

2018-06-18 14:07:53 - [TEST_STEP][PASSED] - Statement - actualgroupList2[i] = groupHierarchyList2.get(i).getText(): null

2018-06-18 14:07:53 - [TEST_STEP][PASSED] - Statement - actualgroupList2[i] = groupHierarchyList2.get(i).getText(): null

2018-06-18 14:07:53 - [TEST_STEP][PASSED] - Statement - actualgroupList2[i] = groupHierarchyList2.get(i).getText(): null

2018-06-18 14:07:53 - [TEST_STEP][PASSED] - Statement - actualgroupList2[i] = groupHierarchyList2.get(i).getText(): null

2018-06-18 14:07:53 - [TEST_STEP][PASSED] - Statement - actualgroupList2[i] = groupHierarchyList2.get(i).getText(): null

2018-06-18 14:07:53 - [TEST_STEP][PASSED] - Statement - actualgroupList2[i] = groupHierarchyList2.get(i).getText(): null

2018-06-18 14:07:53 - [TEST_STEP][PASSED] - Statement - actualgroupList2[i] = groupHierarchyList2.get(i).getText(): null

2018-06-18 14:07:53 - [TEST_STEP][PASSED] - Statement - actualgroupList2[i] = groupHierarchyList2.get(i).getText(): null

2018-06-18 14:07:53 - [TEST_STEP][PASSED] - Statement - actualgroupList2[i] = groupHierarchyList2.get(i).getText(): null

2018-06-18 14:07:53 - [TEST_STEP][PASSED] - Statement - actualgroupList2[i] = groupHierarchyList2.get(i).getText(): null

2018-06-18 14:07:53 - [TEST_STEP][PASSED] - Statement - actualgroupList2[i] = groupHierarchyList2.get(i).getText(): null

2018-06-18 14:07:53 - [TEST_STEP][PASSED] - Statement - actualgroupList2[i] = groupHierarchyList2.get(i).getText(): null

2018-06-18 14:07:53 - [TEST_STEP][PASSED] - Statement - actualgroupList2[i] = groupHierarchyList2.get(i).getText(): null

2018-06-18 14:07:53 - [TEST_STEP][PASSED] - Statement - actualgroupList2[i] = groupHierarchyList2.get(i).getText(): null

2018-06-18 14:07:53 - [TEST_STEP][PASSED] - Statement - actualgroupList2[i] = groupHierarchyList2.get(i).getText(): null

2018-06-18 14:07:53 - [TEST_STEP][PASSED] - Statement - actualgroupList2[i] = groupHierarchyList2.get(i).getText(): null

2018-06-18 14:07:53 - [TEST_STEP][PASSED] - Statement - actualgroupList2[i] = groupHierarchyList2.get(i).getText(): null

2018-06-18 14:07:53 - [TEST_STEP][PASSED] - Statement - actualgroupList2[i] = groupHierarchyList2.get(i).getText(): null

2018-06-18 14:07:53 - [TEST_STEP][PASSED] - Statement - actualgroupList2[i] = groupHierarchyList2.get(i).getText(): null

2018-06-18 14:07:53 - [TEST_STEP][PASSED] - Statement - actualgroupList2[i] = groupHierarchyList2.get(i).getText(): null

2018-06-18 14:07:53 - [TEST_STEP][PASSED] - Statement - actualgroupList2[i] = groupHierarchyList2.get(i).getText(): null

2018-06-18 14:07:53 - [TEST_STEP][PASSED] - Statement - actualgroupList2[i] = groupHierarchyList2.get(i).getText(): null

2018-06-18 14:07:53 - [TEST_STEP][PASSED] - Statement - actualgroupList2[i] = groupHierarchyList2.get(i).getText(): null

2018-06-18 14:07:53 - [TEST_STEP][PASSED] - Statement - actualgroupList2[i] = groupHierarchyList2.get(i).getText(): null

2018-06-18 14:07:53 - [TEST_STEP][PASSED] - Statement - actualgroupList2[i] = groupHierarchyList2.get(i).getText(): null

2018-06-18 14:07:53 - [TEST_STEP][PASSED] - Statement - actualgroupList2[i] = groupHierarchyList2.get(i).getText(): null

2018-06-18 14:07:53 - [TEST_STEP][PASSED] - Statement - actualgroupList2[i] = groupHierarchyList2.get(i).getText(): null

2018-06-18 14:07:53 - [TEST_STEP][PASSED] - Statement - actualgroupList2[i] = groupHierarchyList2.get(i).getText(): null

2018-06-18 14:07:54 - [TEST_STEP][PASSED] - Statement - actualgroupList2[i] = groupHierarchyList2.get(i).getText(): null

2018-06-18 14:07:54 - [TEST_STEP][PASSED] - Statement - actualgroupList2[i] = groupHierarchyList2.get(i).getText(): null

2018-06-18 14:07:54 - [TEST_STEP][PASSED] - Statement - actualgroupList2[i] = groupHierarchyList2.get(i).getText(): null

2018-06-18 14:07:54 - [TEST_STEP][PASSED] - Statement - actualgroupList2[i] = groupHierarchyList2.get(i).getText(): null

2018-06-18 14:07:54 - [TEST_STEP][PASSED] - Statement - actualgroupList2[i] = groupHierarchyList2.get(i).getText(): null

2018-06-18 14:07:54 - [TEST_STEP][PASSED] - Statement - actualgroupList2[i] = groupHierarchyList2.get(i).getText(): null

2018-06-18 14:07:54 - [TEST_STEP][PASSED] - Statement - actualgroupList2[i] = groupHierarchyList2.get(i).getText(): null

2018-06-18 14:07:54 - [TEST_STEP][PASSED] - Statement - actualgroupList2[i] = groupHierarchyList2.get(i).getText(): null

2018-06-18 14:07:54 - [TEST_STEP][PASSED] - Statement - actualgroupList2[i] = groupHierarchyList2.get(i).getText(): null

2018-06-18 14:07:54 - [TEST_STEP][PASSED] - Statement - actualgroupList2[i] = groupHierarchyList2.get(i).getText(): null

2018-06-18 14:07:54 - [TEST_STEP][PASSED] - Statement - actualgroupList2[i] = groupHierarchyList2.get(i).getText(): null

2018-06-18 14:07:54 - [TEST_STEP][PASSED] - Statement - actualgroupList2[i] = groupHierarchyList2.get(i).getText(): null

2018-06-18 14:07:54 - [TEST_STEP][PASSED] - Statement - actualgroupList2[i] = groupHierarchyList2.get(i).getText(): null

2018-06-18 14:07:54 - [TEST_STEP][PASSED] - Statement - actualgroupList2[i] = groupHierarchyList2.get(i).getText(): null

2018-06-18 14:07:54 - [TEST_STEP][PASSED] - Statement - actualgroupList2[i] = groupHierarchyList2.get(i).getText(): null

2018-06-18 14:07:54 - [TEST_STEP][PASSED] - Statement - actualgroupList2[i] = groupHierarchyList2.get(i).getText(): null

2018-06-18 14:07:54 - [TEST_STEP][PASSED] - Statement - actualgroupList2[i] = groupHierarchyList2.get(i).getText(): null

2018-06-18 14:07:54 - [TEST_STEP][PASSED] - Statement - actualgroupList2[i] = groupHierarchyList2.get(i).getText(): null

2018-06-18 14:07:54 - [TEST_STEP][PASSED] - Statement - actualgroupList2[i] = groupHierarchyList2.get(i).getText(): null

2018-06-18 14:07:54 - [TEST_STEP][PASSED] - Statement - actualgroupList2[i] = groupHierarchyList2.get(i).getText(): null

2018-06-18 14:07:54 - [TEST_STEP][PASSED] - Statement - actualgroupList2[i] = groupHierarchyList2.get(i).getText(): null

2018-06-18 14:07:54 - [TEST_STEP][PASSED] - Statement - actualgroupList2[i] = groupHierarchyList2.get(i).getText(): null

2018-06-18 14:07:54 - [TEST_STEP][PASSED] - Statement - actualgroupList2[i] = groupHierarchyList2.get(i).getText(): null

2018-06-18 14:07:54 - [TEST_STEP][PASSED] - Statement - actualgroupList2[i] = groupHierarchyList2.get(i).getText(): null

2018-06-18 14:07:54 - [TEST_STEP][PASSED] - Statement - actualgroupList2[i] = groupHierarchyList2.get(i).getText(): null

2018-06-18 14:07:54 - [TEST_STEP][PASSED] - Statement - actualgroupList2[i] = groupHierarchyList2.get(i).getText(): null

2018-06-18 14:07:54 - [TEST_STEP][PASSED] - Statement - actualgroupList2[i] = groupHierarchyList2.get(i).getText(): null

2018-06-18 14:07:54 - [TEST_STEP][PASSED] - Statement - actualgroupList2[i] = groupHierarchyList2.get(i).getText(): null

2018-06-18 14:07:54 - [TEST_STEP][PASSED] - Statement - actualgroupList2[i] = groupHierarchyList2.get(i).getText(): null

2018-06-18 14:07:54 - [TEST_STEP][PASSED] - Statement - actualgroupList2[i] = groupHierarchyList2.get(i).getText(): null

2018-06-18 14:07:54 - [TEST_STEP][PASSED] - Statement - actualgroupList2[i] = groupHierarchyList2.get(i).getText(): null

2018-06-18 14:07:54 - [TEST_STEP][PASSED] - Statement - actualgroupList2[i] = groupHierarchyList2.get(i).getText(): null

2018-06-18 14:07:54 - [TEST_STEP][PASSED] - Statement - actualgroupList2[i] = groupHierarchyList2.get(i).getText(): null

2018-06-18 14:07:54 - [TEST_STEP][PASSED] - Statement - actualgroupList2[i] = groupHierarchyList2.get(i).getText(): null

2018-06-18 14:07:54 - [TEST_STEP][PASSED] - Statement - actualgroupList2[i] = groupHierarchyList2.get(i).getText(): null

2018-06-18 14:07:54 - [TEST_STEP][PASSED] - Statement - actualgroupList2[i] = groupHierarchyList2.get(i).getText(): null

2018-06-18 14:07:54 - [TEST_STEP][PASSED] - Statement - actualgroupList2[i] = groupHierarchyList2.get(i).getText(): null

2018-06-18 14:07:54 - [TEST_STEP][PASSED] - Statement - actualgroupList2[i] = groupHierarchyList2.get(i).getText(): null

2018-06-18 14:07:54 - [TEST_STEP][PASSED] - Statement - actualgroupList2[i] = groupHierarchyList2.get(i).getText(): null

2018-06-18 14:07:54 - [TEST_STEP][PASSED] - Statement - actualgroupList2[i] = groupHierarchyList2.get(i).getText(): null

2018-06-18 14:07:54 - [TEST_STEP][PASSED] - Statement - actualgroupList2[i] = groupHierarchyList2.get(i).getText(): null

2018-06-18 14:07:54 - [TEST_STEP][PASSED] - Statement - actualgroupList2[i] = groupHierarchyList2.get(i).getText(): null

2018-06-18 14:07:54 - [TEST_STEP][PASSED] - Statement - actualgroupList2[i] = groupHierarchyList2.get(i).getText(): null

2018-06-18 14:07:54 - [TEST_STEP][PASSED] - Statement - actualgroupList2[i] = groupHierarchyList2.get(i).getText(): null

2018-06-18 14:07:54 - [TEST_STEP][PASSED] - Statement - actualgroupList2[i] = groupHierarchyList2.get(i).getText(): null

2018-06-18 14:07:54 - [TEST_STEP][PASSED] - Statement - actualgroupList2[i] = groupHierarchyList2.get(i).getText(): null

2018-06-18 14:07:54 - [TEST_STEP][PASSED] - Statement - actualgroupList2[i] = groupHierarchyList2.get(i).getText(): null

2018-06-18 14:07:54 - [TEST_STEP][PASSED] - Statement - actualgroupList2[i] = groupHierarchyList2.get(i).getText(): null

2018-06-18 14:07:54 - [TEST_STEP][PASSED] - Statement - actualgroupList2[i] = groupHierarchyList2.get(i).getText(): null

2018-06-18 14:07:54 - [TEST_STEP][PASSED] - Statement - actualgroupList2[i] = groupHierarchyList2.get(i).getText(): null

2018-06-18 14:07:54 - [TEST_STEP][PASSED] - Statement - actualgroupList2[i] = groupHierarchyList2.get(i).getText(): null

2018-06-18 14:07:54 - [TEST_STEP][PASSED] - Statement - actualgroupList2[i] = groupHierarchyList2.get(i).getText(): null

2018-06-18 14:07:54 - [TEST_STEP][PASSED] - Statement - actualgroupList2[i] = groupHierarchyList2.get(i).getText(): null

2018-06-18 14:07:54 - [TEST_STEP][PASSED] - Statement - actualgroupList2[i] = groupHierarchyList2.get(i).getText(): null

2018-06-18 14:07:54 - [TEST_STEP][PASSED] - Statement - actualgroupList2[i] = groupHierarchyList2.get(i).getText(): null

2018-06-18 14:07:54 - [TEST_STEP][PASSED] - Statement - actualgroupList2[i] = groupHierarchyList2.get(i).getText(): null

2018-06-18 14:07:54 - [TEST_STEP][PASSED] - Statement - actualgroupList2[i] = groupHierarchyList2.get(i).getText(): null

2018-06-18 14:07:54 - [TEST_STEP][PASSED] - Statement - actualgroupList2[i] = groupHierarchyList2.get(i).getText(): null

2018-06-18 14:07:54 - [TEST_STEP][PASSED] - Statement - actualgroupList2[i] = groupHierarchyList2.get(i).getText(): null

2018-06-18 14:07:54 - [TEST_STEP][PASSED] - Statement - actualgroupList2[i] = groupHierarchyList2.get(i).getText(): null

2018-06-18 14:07:54 - [TEST_STEP][PASSED] - Statement - actualgroupList2[i] = groupHierarchyList2.get(i).getText(): null

2018-06-18 14:07:54 - [TEST_STEP][PASSED] - Statement - actualgroupList2[i] = groupHierarchyList2.get(i).getText(): null

2018-06-18 14:07:54 - [TEST_STEP][PASSED] - Statement - out.println(actualgroupList2): null

2018-06-18 14:07:55 - [TEST_STEP][PASSED] - Statement - groupName = CustomKeywords.projectSpecific.Reusability.getTestData("ReportingGroupManagementPage", "groupNameTC7"): projectSpecific.Reusability.getTestData is PASSED

2018-06-18 14:07:55 - [MESSAGE][PASSED] - projectSpecific.Reusability.getTestData is PASSED

2018-06-18 14:07:55 - [TEST_STEP][PASSED] - Statement - If (actualgroupList2.contains(groupName)): null

2018-06-18 14:07:55 - [TEST_STEP][PASSED] - Statement - Else: Taking screenshot successfully

2018-06-18 14:07:55 - [TEST_STEP][PASSED] - Statement - println("Required group is not available in tree structure"): null

2018-06-18 14:07:55 - [TEST_STEP][PASSED] - Statement - If (!(TCflag)): null

2018-06-18 14:07:55 - [TEST_STEP][PASSED] - takeScreenshot: Taking screenshot successfully

2018-06-18 14:07:55 - [MESSAGE][PASSED] - Taking screenshot successfully
[[ATTACHMENT|C:\\Users\\shalinin\\Katalon Studio\\HME_Scripts\\Reports\\RegressionSuite\\20180618_135250\\1529311075041.png]]

2018-06-18 14:07:55 - [TEST_STEP][PASSED] - uiaction.CommonUIActions.click: uiaction.CommonUIActions.click is PASSED

2018-06-18 14:07:55 - [MESSAGE][PASSED] - uiaction.CommonUIActions.click is PASSED

2018-06-18 14:07:55 - [TEST_STEP][PASSED] - verifyElementPresent: Object 'Object Repository/ReportingGroupManagement/reportingGroupDetails' is present

2018-06-18 14:07:55 - [MESSAGE][PASSED] - Object 'Object Repository/ReportingGroupManagement/reportingGroupDetails' is present

2018-06-18 14:07:55 - [TEST_STEP][PASSED] - Statement - storesLabel = driver.findElements(org.openqa.selenium.By.xpath(com.kms.katalon.core.testdata.TestDataFactory.findTestData(OR_file).getValue(2, 10))): Reading excel file with source file 'C:\Users\shalinin\Katalon Studio\HME_Scripts\Data Files\HME_OR.xlsx' and sheet name 'Sheet1'

2018-06-18 14:07:55 - [TEST_STEP][PASSED] - Statement - groupStoresList = new java.util.ArrayList(): null

2018-06-18 14:07:55 - [TEST_STEP][PASSED] - Statement - For ([i = 0, i < storesLabel.size(), (i++)]): null

2018-06-18 14:07:55 - [TEST_STEP][PASSED] - Statement - If (actualgroupList2.containsAll(groupStoresList)): null

2018-06-18 14:07:55 - [TEST_STEP][PASSED] - Statement - println("Selected stores are displayed in Group/Stores in Group listbox"): null

2018-06-18 14:07:55 - [TEST_STEP][PASSED] - delay: Delayed 5 second(s)

2018-06-18 14:08:00 - [MESSAGE][PASSED] - Delayed 5 second(s)

2018-06-18 14:08:00 - [TEST_STEP][PASSED] - uiaction.CommonUIActions.click: uiaction.CommonUIActions.click is PASSED

2018-06-18 14:08:14 - [MESSAGE][PASSED] - uiaction.CommonUIActions.click is PASSED

2018-06-18 14:08:14 - [TEST_STEP][PASSED] - Statement - storesList = driver.findElements(org.openqa.selenium.By.xpath(com.kms.katalon.core.testdata.TestDataFactory.findTestData(OR_file).getValue(2, 16))): Reading excel file with source file 'C:\Users\shalinin\Katalon Studio\HME_Scripts\Data Files\HME_OR.xlsx' and sheet name 'Sheet1'

2018-06-18 14:08:14 - [TEST_STEP][PASSED] - Statement - For ([i = 1, i < storesList.size(), (i++)]): null

2018-06-18 14:08:14 - [TEST_STEP][PASSED] - Statement - reportgroup = "(//div[@class='ctable']/table/tbody/tr[@class='tdata clear'])[" + i + "]/td[7]": null

2018-06-18 14:08:14 - [TEST_STEP][PASSED] - Statement - reportgroupTxt = driver.findElement(org.openqa.selenium.By.xpath(reportgroup)).getText(): null

2018-06-18 14:08:14 - [TEST_STEP][PASSED] - Statement - If (reportgroupTxt == ""): null

2018-06-18 14:08:14 - [TEST_STEP][PASSED] - Statement - println("Report group does not have group name"): null

2018-06-18 14:08:14 - [TEST_STEP][PASSED] - Statement - reportgroup = "(//div[@class='ctable']/table/tbody/tr[@class='tdata clear'])[" + i + "]/td[7]": null

2018-06-18 14:08:14 - [TEST_STEP][PASSED] - Statement - reportgroupTxt = driver.findElement(org.openqa.selenium.By.xpath(reportgroup)).getText(): null

2018-06-18 14:08:14 - [TEST_STEP][PASSED] - Statement - If (reportgroupTxt == ""): null

2018-06-18 14:08:14 - [TEST_STEP][PASSED] - Statement - Else: null

2018-06-18 14:08:14 - [TEST_STEP][PASSED] - Statement - If (!(TCflag)): null

2018-06-18 14:08:14 - [TEST_STEP][PASSED] - Statement - reportgroup = "(//div[@class='ctable']/table/tbody/tr[@class='tdata clear'])[" + i + "]/td[7]": null

2018-06-18 14:08:14 - [TEST_STEP][PASSED] - Statement - reportgroupTxt = driver.findElement(org.openqa.selenium.By.xpath(reportgroup)).getText(): null

2018-06-18 14:08:14 - [TEST_STEP][PASSED] - Statement - If (reportgroupTxt == ""): null

2018-06-18 14:08:14 - [TEST_STEP][PASSED] - Statement - println("Report group does not have group name"): null

2018-06-18 14:08:14 - [TEST_STEP][PASSED] - Statement - reportgroup = "(//div[@class='ctable']/table/tbody/tr[@class='tdata clear'])[" + i + "]/td[7]": null

2018-06-18 14:08:14 - [TEST_STEP][PASSED] - Statement - reportgroupTxt = driver.findElement(org.openqa.selenium.By.xpath(reportgroup)).getText(): null

2018-06-18 14:08:14 - [TEST_STEP][PASSED] - Statement - If (reportgroupTxt == ""): null

2018-06-18 14:08:14 - [TEST_STEP][PASSED] - Statement - Else: null

2018-06-18 14:08:14 - [TEST_STEP][PASSED] - Statement - If (!(TCflag)): null

2018-06-18 14:08:14 - [TEST_STEP][PASSED] - Statement - reportgroup = "(//div[@class='ctable']/table/tbody/tr[@class='tdata clear'])[" + i + "]/td[7]": null

2018-06-18 14:08:14 - [TEST_STEP][PASSED] - Statement - reportgroupTxt = driver.findElement(org.openqa.selenium.By.xpath(reportgroup)).getText(): null

2018-06-18 14:08:14 - [TEST_STEP][PASSED] - Statement - If (reportgroupTxt == ""): null

2018-06-18 14:08:14 - [TEST_STEP][PASSED] - Statement - println("Report group does not have group name"): null

2018-06-18 14:08:14 - [TEST_STEP][PASSED] - Statement - reportgroup = "(//div[@class='ctable']/table/tbody/tr[@class='tdata clear'])[" + i + "]/td[7]": null

2018-06-18 14:08:14 - [TEST_STEP][PASSED] - Statement - reportgroupTxt = driver.findElement(org.openqa.selenium.By.xpath(reportgroup)).getText(): null

2018-06-18 14:08:14 - [TEST_STEP][PASSED] - Statement - If (reportgroupTxt == ""): null

2018-06-18 14:08:14 - [TEST_STEP][PASSED] - Statement - Else: null

2018-06-18 14:08:14 - [TEST_STEP][PASSED] - Statement - If (!(TCflag)): null

2018-06-18 14:08:14 - [TEST_STEP][PASSED] - Statement - reportgroup = "(//div[@class='ctable']/table/tbody/tr[@class='tdata clear'])[" + i + "]/td[7]": null

2018-06-18 14:08:14 - [TEST_STEP][PASSED] - Statement - reportgroupTxt = driver.findElement(org.openqa.selenium.By.xpath(reportgroup)).getText(): null

2018-06-18 14:08:14 - [TEST_STEP][PASSED] - Statement - If (reportgroupTxt == ""): null

2018-06-18 14:08:14 - [TEST_STEP][PASSED] - Statement - Else: null

2018-06-18 14:08:14 - [TEST_STEP][PASSED] - Statement - If (!(TCflag)): null

2018-06-18 14:08:14 - [TEST_STEP][PASSED] - Statement - reportgroup = "(//div[@class='ctable']/table/tbody/tr[@class='tdata clear'])[" + i + "]/td[7]": null

2018-06-18 14:08:14 - [TEST_STEP][PASSED] - Statement - reportgroupTxt = driver.findElement(org.openqa.selenium.By.xpath(reportgroup)).getText(): null

2018-06-18 14:08:14 - [TEST_STEP][PASSED] - Statement - If (reportgroupTxt == ""): null

2018-06-18 14:08:14 - [TEST_STEP][PASSED] - Statement - Else: null

2018-06-18 14:08:14 - [TEST_STEP][PASSED] - Statement - If (!(TCflag)): null

2018-06-18 14:08:14 - [TEST_STEP][PASSED] - Statement - reportgroup = "(//div[@class='ctable']/table/tbody/tr[@class='tdata clear'])[" + i + "]/td[7]": null

2018-06-18 14:08:14 - [TEST_STEP][PASSED] - Statement - reportgroupTxt = driver.findElement(org.openqa.selenium.By.xpath(reportgroup)).getText(): null

2018-06-18 14:08:14 - [TEST_STEP][PASSED] - Statement - If (reportgroupTxt == ""): null

2018-06-18 14:08:14 - [TEST_STEP][PASSED] - Statement - println("Report group does not have group name"): null

2018-06-18 14:08:14 - [TEST_STEP][PASSED] - Statement - reportgroup = "(//div[@class='ctable']/table/tbody/tr[@class='tdata clear'])[" + i + "]/td[7]": null

2018-06-18 14:08:14 - [TEST_STEP][PASSED] - Statement - reportgroupTxt = driver.findElement(org.openqa.selenium.By.xpath(reportgroup)).getText(): null

2018-06-18 14:08:14 - [TEST_STEP][PASSED] - Statement - If (reportgroupTxt == ""): null

2018-06-18 14:08:14 - [TEST_STEP][PASSED] - Statement - println("Report group does not have group name"): null

2018-06-18 14:08:14 - [TEST_STEP][PASSED] - Statement - reportgroup = "(//div[@class='ctable']/table/tbody/tr[@class='tdata clear'])[" + i + "]/td[7]": null

2018-06-18 14:08:14 - [TEST_STEP][PASSED] - Statement - reportgroupTxt = driver.findElement(org.openqa.selenium.By.xpath(reportgroup)).getText(): null

2018-06-18 14:08:14 - [TEST_STEP][PASSED] - Statement - If (reportgroupTxt == ""): null

2018-06-18 14:08:14 - [TEST_STEP][PASSED] - Statement - println("Report group does not have group name"): null

2018-06-18 14:08:14 - [TEST_STEP][PASSED] - Statement - reportgroup = "(//div[@class='ctable']/table/tbody/tr[@class='tdata clear'])[" + i + "]/td[7]": null

2018-06-18 14:08:14 - [TEST_STEP][PASSED] - Statement - reportgroupTxt = driver.findElement(org.openqa.selenium.By.xpath(reportgroup)).getText(): null

2018-06-18 14:08:14 - [TEST_STEP][PASSED] - Statement - If (reportgroupTxt == ""): null

2018-06-18 14:08:14 - [TEST_STEP][PASSED] - Statement - println("Report group does not have group name"): null

2018-06-18 14:08:14 - [TEST_STEP][PASSED] - Statement - reportgroup = "(//div[@class='ctable']/table/tbody/tr[@class='tdata clear'])[" + i + "]/td[7]": null

2018-06-18 14:08:14 - [TEST_STEP][PASSED] - Statement - reportgroupTxt = driver.findElement(org.openqa.selenium.By.xpath(reportgroup)).getText(): null

2018-06-18 14:08:14 - [TEST_STEP][PASSED] - Statement - If (reportgroupTxt == ""): null

2018-06-18 14:08:14 - [TEST_STEP][PASSED] - Statement - println("Report group does not have group name"): null

2018-06-18 14:08:14 - [TEST_STEP][PASSED] - Statement - reportgroup = "(//div[@class='ctable']/table/tbody/tr[@class='tdata clear'])[" + i + "]/td[7]": null

2018-06-18 14:08:14 - [TEST_STEP][PASSED] - Statement - reportgroupTxt = driver.findElement(org.openqa.selenium.By.xpath(reportgroup)).getText(): null

2018-06-18 14:08:14 - [TEST_STEP][PASSED] - Statement - If (reportgroupTxt == ""): null

2018-06-18 14:08:14 - [TEST_STEP][PASSED] - Statement - Else: null

2018-06-18 14:08:14 - [TEST_STEP][PASSED] - Statement - If (!(TCflag)): null

2018-06-18 14:08:14 - [TEST_STEP][PASSED] - Statement - reportgroup = "(//div[@class='ctable']/table/tbody/tr[@class='tdata clear'])[" + i + "]/td[7]": null

2018-06-18 14:08:14 - [TEST_STEP][PASSED] - Statement - reportgroupTxt = driver.findElement(org.openqa.selenium.By.xpath(reportgroup)).getText(): null

2018-06-18 14:08:14 - [TEST_STEP][PASSED] - Statement - If (reportgroupTxt == ""): null

2018-06-18 14:08:14 - [TEST_STEP][PASSED] - Statement - println("Report group does not have group name"): null

2018-06-18 14:08:14 - [TEST_STEP][PASSED] - Statement - reportgroup = "(//div[@class='ctable']/table/tbody/tr[@class='tdata clear'])[" + i + "]/td[7]": null

2018-06-18 14:08:14 - [TEST_STEP][PASSED] - Statement - reportgroupTxt = driver.findElement(org.openqa.selenium.By.xpath(reportgroup)).getText(): null

2018-06-18 14:08:15 - [TEST_STEP][PASSED] - Statement - If (reportgroupTxt == ""): null

2018-06-18 14:08:15 - [TEST_STEP][PASSED] - Statement - Else: null

2018-06-18 14:08:15 - [TEST_STEP][PASSED] - Statement - If (!(TCflag)): null

2018-06-18 14:08:15 - [TEST_STEP][PASSED] - Statement - reportgroup = "(//div[@class='ctable']/table/tbody/tr[@class='tdata clear'])[" + i + "]/td[7]": null

2018-06-18 14:08:15 - [TEST_STEP][PASSED] - Statement - reportgroupTxt = driver.findElement(org.openqa.selenium.By.xpath(reportgroup)).getText(): null

2018-06-18 14:08:15 - [TEST_STEP][PASSED] - Statement - If (reportgroupTxt == ""): null

2018-06-18 14:08:15 - [TEST_STEP][PASSED] - Statement - println("Report group does not have group name"): null

2018-06-18 14:08:15 - [TEST_STEP][PASSED] - Statement - reportgroup = "(//div[@class='ctable']/table/tbody/tr[@class='tdata clear'])[" + i + "]/td[7]": null

2018-06-18 14:08:15 - [TEST_STEP][PASSED] - Statement - reportgroupTxt = driver.findElement(org.openqa.selenium.By.xpath(reportgroup)).getText(): null

2018-06-18 14:08:15 - [TEST_STEP][PASSED] - Statement - If (reportgroupTxt == ""): null

2018-06-18 14:08:15 - [TEST_STEP][PASSED] - Statement - println("Report group does not have group name"): null

2018-06-18 14:08:15 - [TEST_STEP][PASSED] - Statement - reportgroup = "(//div[@class='ctable']/table/tbody/tr[@class='tdata clear'])[" + i + "]/td[7]": null

2018-06-18 14:08:15 - [TEST_STEP][PASSED] - Statement - reportgroupTxt = driver.findElement(org.openqa.selenium.By.xpath(reportgroup)).getText(): null

2018-06-18 14:08:15 - [TEST_STEP][PASSED] - Statement - If (reportgroupTxt == ""): null

2018-06-18 14:08:15 - [TEST_STEP][PASSED] - Statement - println("Report group does not have group name"): null

2018-06-18 14:08:15 - [TEST_STEP][PASSED] - Statement - reportgroup = "(//div[@class='ctable']/table/tbody/tr[@class='tdata clear'])[" + i + "]/td[7]": null

2018-06-18 14:08:15 - [TEST_STEP][PASSED] - Statement - reportgroupTxt = driver.findElement(org.openqa.selenium.By.xpath(reportgroup)).getText(): null

2018-06-18 14:08:15 - [TEST_STEP][PASSED] - Statement - If (reportgroupTxt == ""): null

2018-06-18 14:08:15 - [TEST_STEP][PASSED] - Statement - println("Report group does not have group name"): null

2018-06-18 14:08:15 - [TEST_STEP][PASSED] - Statement - reportgroup = "(//div[@class='ctable']/table/tbody/tr[@class='tdata clear'])[" + i + "]/td[7]": null

2018-06-18 14:08:15 - [TEST_STEP][PASSED] - Statement - reportgroupTxt = driver.findElement(org.openqa.selenium.By.xpath(reportgroup)).getText(): null

2018-06-18 14:08:15 - [TEST_STEP][PASSED] - Statement - If (reportgroupTxt == ""): null

2018-06-18 14:08:15 - [TEST_STEP][PASSED] - Statement - println("Report group does not have group name"): null

2018-06-18 14:08:15 - [TEST_STEP][PASSED] - Statement - reportgroup = "(//div[@class='ctable']/table/tbody/tr[@class='tdata clear'])[" + i + "]/td[7]": null

2018-06-18 14:08:15 - [TEST_STEP][PASSED] - Statement - reportgroupTxt = driver.findElement(org.openqa.selenium.By.xpath(reportgroup)).getText(): null

2018-06-18 14:08:15 - [TEST_STEP][PASSED] - Statement - If (reportgroupTxt == ""): null

2018-06-18 14:08:15 - [TEST_STEP][PASSED] - Statement - println("Report group does not have group name"): null

2018-06-18 14:08:15 - [TEST_STEP][PASSED] - Statement - reportgroup = "(//div[@class='ctable']/table/tbody/tr[@class='tdata clear'])[" + i + "]/td[7]": null

2018-06-18 14:08:15 - [TEST_STEP][PASSED] - Statement - reportgroupTxt = driver.findElement(org.openqa.selenium.By.xpath(reportgroup)).getText(): null

2018-06-18 14:08:15 - [TEST_STEP][PASSED] - Statement - If (reportgroupTxt == ""): null

2018-06-18 14:08:15 - [TEST_STEP][PASSED] - Statement - println("Report group does not have group name"): null

2018-06-18 14:08:15 - [TEST_STEP][PASSED] - Statement - reportgroup = "(//div[@class='ctable']/table/tbody/tr[@class='tdata clear'])[" + i + "]/td[7]": null

2018-06-18 14:08:15 - [TEST_STEP][PASSED] - Statement - reportgroupTxt = driver.findElement(org.openqa.selenium.By.xpath(reportgroup)).getText(): null

2018-06-18 14:08:15 - [TEST_STEP][PASSED] - Statement - If (reportgroupTxt == ""): null

2018-06-18 14:08:15 - [TEST_STEP][PASSED] - Statement - Else: null

2018-06-18 14:08:15 - [TEST_STEP][PASSED] - Statement - If (!(TCflag)): null

2018-06-18 14:08:15 - [TEST_STEP][PASSED] - Statement - reportgroup = "(//div[@class='ctable']/table/tbody/tr[@class='tdata clear'])[" + i + "]/td[7]": null

2018-06-18 14:08:15 - [TEST_STEP][PASSED] - Statement - reportgroupTxt = driver.findElement(org.openqa.selenium.By.xpath(reportgroup)).getText(): null

2018-06-18 14:08:15 - [TEST_STEP][PASSED] - Statement - If (reportgroupTxt == ""): null

2018-06-18 14:08:15 - [TEST_STEP][PASSED] - Statement - Else: null

2018-06-18 14:08:15 - [TEST_STEP][PASSED] - Statement - If (!(TCflag)): null

2018-06-18 14:08:15 - [TEST_STEP][PASSED] - Statement - reportgroup = "(//div[@class='ctable']/table/tbody/tr[@class='tdata clear'])[" + i + "]/td[7]": null

2018-06-18 14:08:15 - [TEST_STEP][PASSED] - Statement - reportgroupTxt = driver.findElement(org.openqa.selenium.By.xpath(reportgroup)).getText(): null

2018-06-18 14:08:15 - [TEST_STEP][PASSED] - Statement - If (reportgroupTxt == ""): null

2018-06-18 14:08:15 - [TEST_STEP][PASSED] - Statement - println("Report group does not have group name"): null

2018-06-18 14:08:15 - [TEST_STEP][PASSED] - Statement - reportgroup = "(//div[@class='ctable']/table/tbody/tr[@class='tdata clear'])[" + i + "]/td[7]": null

2018-06-18 14:08:15 - [TEST_STEP][PASSED] - Statement - reportgroupTxt = driver.findElement(org.openqa.selenium.By.xpath(reportgroup)).getText(): null

2018-06-18 14:08:15 - [TEST_STEP][PASSED] - Statement - If (reportgroupTxt == ""): null

2018-06-18 14:08:15 - [TEST_STEP][PASSED] - Statement - println("Report group does not have group name"): null

2018-06-18 14:08:15 - [TEST_STEP][PASSED] - Statement - reportgroup = "(//div[@class='ctable']/table/tbody/tr[@class='tdata clear'])[" + i + "]/td[7]": null

2018-06-18 14:08:15 - [TEST_STEP][PASSED] - Statement - reportgroupTxt = driver.findElement(org.openqa.selenium.By.xpath(reportgroup)).getText(): null

2018-06-18 14:08:15 - [TEST_STEP][PASSED] - Statement - If (reportgroupTxt == ""): null

2018-06-18 14:08:15 - [TEST_STEP][PASSED] - Statement - println("Report group does not have group name"): null

2018-06-18 14:08:15 - [TEST_STEP][PASSED] - Statement - reportgroup = "(//div[@class='ctable']/table/tbody/tr[@class='tdata clear'])[" + i + "]/td[7]": null

2018-06-18 14:08:15 - [TEST_STEP][PASSED] - Statement - reportgroupTxt = driver.findElement(org.openqa.selenium.By.xpath(reportgroup)).getText(): null

2018-06-18 14:08:15 - [TEST_STEP][PASSED] - Statement - If (reportgroupTxt == ""): null

2018-06-18 14:08:15 - [TEST_STEP][PASSED] - Statement - Else: null

2018-06-18 14:08:15 - [TEST_STEP][PASSED] - Statement - If (!(TCflag)): null

2018-06-18 14:08:15 - [TEST_STEP][PASSED] - Statement - reportgroup = "(//div[@class='ctable']/table/tbody/tr[@class='tdata clear'])[" + i + "]/td[7]": null

2018-06-18 14:08:15 - [TEST_STEP][PASSED] - Statement - reportgroupTxt = driver.findElement(org.openqa.selenium.By.xpath(reportgroup)).getText(): null

2018-06-18 14:08:15 - [TEST_STEP][PASSED] - Statement - If (reportgroupTxt == ""): null

2018-06-18 14:08:15 - [TEST_STEP][PASSED] - Statement - println("Report group does not have group name"): null

2018-06-18 14:08:15 - [TEST_STEP][PASSED] - Statement - reportgroup = "(//div[@class='ctable']/table/tbody/tr[@class='tdata clear'])[" + i + "]/td[7]": null

2018-06-18 14:08:15 - [TEST_STEP][PASSED] - Statement - reportgroupTxt = driver.findElement(org.openqa.selenium.By.xpath(reportgroup)).getText(): null

2018-06-18 14:08:15 - [TEST_STEP][PASSED] - Statement - If (reportgroupTxt == ""): null

2018-06-18 14:08:15 - [TEST_STEP][PASSED] - Statement - println("Report group does not have group name"): null

2018-06-18 14:08:15 - [TEST_STEP][PASSED] - Statement - reportgroup = "(//div[@class='ctable']/table/tbody/tr[@class='tdata clear'])[" + i + "]/td[7]": null

2018-06-18 14:08:15 - [TEST_STEP][PASSED] - Statement - reportgroupTxt = driver.findElement(org.openqa.selenium.By.xpath(reportgroup)).getText(): null

2018-06-18 14:08:15 - [TEST_STEP][PASSED] - Statement - If (reportgroupTxt == ""): null

2018-06-18 14:08:15 - [TEST_STEP][PASSED] - Statement - println("Report group does not have group name"): null

2018-06-18 14:08:15 - [TEST_STEP][PASSED] - Statement - reportgroup = "(//div[@class='ctable']/table/tbody/tr[@class='tdata clear'])[" + i + "]/td[7]": null

2018-06-18 14:08:15 - [TEST_STEP][PASSED] - Statement - reportgroupTxt = driver.findElement(org.openqa.selenium.By.xpath(reportgroup)).getText(): null

2018-06-18 14:08:15 - [TEST_STEP][PASSED] - Statement - If (reportgroupTxt == ""): null

2018-06-18 14:08:15 - [TEST_STEP][PASSED] - Statement - println("Report group does not have group name"): null

2018-06-18 14:08:15 - [TEST_STEP][PASSED] - Statement - reportgroup = "(//div[@class='ctable']/table/tbody/tr[@class='tdata clear'])[" + i + "]/td[7]": null

2018-06-18 14:08:15 - [TEST_STEP][PASSED] - Statement - reportgroupTxt = driver.findElement(org.openqa.selenium.By.xpath(reportgroup)).getText(): null

2018-06-18 14:08:15 - [TEST_STEP][PASSED] - Statement - If (reportgroupTxt == ""): null

2018-06-18 14:08:15 - [TEST_STEP][PASSED] - Statement - Else: null

2018-06-18 14:08:15 - [TEST_STEP][PASSED] - Statement - If (!(TCflag)): null

2018-06-18 14:08:15 - [TEST_STEP][PASSED] - Statement - reportgroup = "(//div[@class='ctable']/table/tbody/tr[@class='tdata clear'])[" + i + "]/td[7]": null

2018-06-18 14:08:15 - [TEST_STEP][PASSED] - Statement - reportgroupTxt = driver.findElement(org.openqa.selenium.By.xpath(reportgroup)).getText(): null

2018-06-18 14:08:15 - [TEST_STEP][PASSED] - Statement - If (reportgroupTxt == ""): null

2018-06-18 14:08:15 - [TEST_STEP][PASSED] - Statement - println("Report group does not have group name"): null

2018-06-18 14:08:15 - [TEST_STEP][PASSED] - Statement - reportgroup = "(//div[@class='ctable']/table/tbody/tr[@class='tdata clear'])[" + i + "]/td[7]": null

2018-06-18 14:08:15 - [TEST_STEP][PASSED] - Statement - reportgroupTxt = driver.findElement(org.openqa.selenium.By.xpath(reportgroup)).getText(): null

2018-06-18 14:08:15 - [TEST_STEP][PASSED] - Statement - If (reportgroupTxt == ""): null

2018-06-18 14:08:15 - [TEST_STEP][PASSED] - Statement - println("Report group does not have group name"): null

2018-06-18 14:08:15 - [TEST_STEP][PASSED] - Statement - reportgroup = "(//div[@class='ctable']/table/tbody/tr[@class='tdata clear'])[" + i + "]/td[7]": null

2018-06-18 14:08:15 - [TEST_STEP][PASSED] - Statement - reportgroupTxt = driver.findElement(org.openqa.selenium.By.xpath(reportgroup)).getText(): null

2018-06-18 14:08:15 - [TEST_STEP][PASSED] - Statement - If (reportgroupTxt == ""): null

2018-06-18 14:08:15 - [TEST_STEP][PASSED] - Statement - println("Report group does not have group name"): null

2018-06-18 14:08:15 - [TEST_STEP][PASSED] - Statement - reportgroup = "(//div[@class='ctable']/table/tbody/tr[@class='tdata clear'])[" + i + "]/td[7]": null

2018-06-18 14:08:15 - [TEST_STEP][PASSED] - Statement - reportgroupTxt = driver.findElement(org.openqa.selenium.By.xpath(reportgroup)).getText(): null

2018-06-18 14:08:15 - [TEST_STEP][PASSED] - Statement - If (reportgroupTxt == ""): null

2018-06-18 14:08:15 - [TEST_STEP][PASSED] - Statement - println("Report group does not have group name"): null

2018-06-18 14:08:15 - [TEST_STEP][PASSED] - Statement - reportgroup = "(//div[@class='ctable']/table/tbody/tr[@class='tdata clear'])[" + i + "]/td[7]": null

2018-06-18 14:08:15 - [TEST_STEP][PASSED] - Statement - reportgroupTxt = driver.findElement(org.openqa.selenium.By.xpath(reportgroup)).getText(): null

2018-06-18 14:08:15 - [TEST_STEP][PASSED] - Statement - If (reportgroupTxt == ""): null

2018-06-18 14:08:15 - [TEST_STEP][PASSED] - Statement - println("Report group does not have group name"): null

2018-06-18 14:08:15 - [TEST_STEP][PASSED] - Statement - reportgroup = "(//div[@class='ctable']/table/tbody/tr[@class='tdata clear'])[" + i + "]/td[7]": null

2018-06-18 14:08:15 - [TEST_STEP][PASSED] - Statement - reportgroupTxt = driver.findElement(org.openqa.selenium.By.xpath(reportgroup)).getText(): null

2018-06-18 14:08:15 - [TEST_STEP][PASSED] - Statement - If (reportgroupTxt == ""): null

2018-06-18 14:08:15 - [TEST_STEP][PASSED] - Statement - println("Report group does not have group name"): null

2018-06-18 14:08:15 - [TEST_STEP][PASSED] - Statement - reportgroup = "(//div[@class='ctable']/table/tbody/tr[@class='tdata clear'])[" + i + "]/td[7]": null

2018-06-18 14:08:15 - [TEST_STEP][PASSED] - Statement - reportgroupTxt = driver.findElement(org.openqa.selenium.By.xpath(reportgroup)).getText(): null

2018-06-18 14:08:15 - [TEST_STEP][PASSED] - Statement - If (reportgroupTxt == ""): null

2018-06-18 14:08:15 - [TEST_STEP][PASSED] - Statement - println("Report group does not have group name"): null

2018-06-18 14:08:15 - [TEST_STEP][PASSED] - Statement - reportgroup = "(//div[@class='ctable']/table/tbody/tr[@class='tdata clear'])[" + i + "]/td[7]": null

2018-06-18 14:08:15 - [TEST_STEP][PASSED] - Statement - reportgroupTxt = driver.findElement(org.openqa.selenium.By.xpath(reportgroup)).getText(): null

2018-06-18 14:08:15 - [TEST_STEP][PASSED] - Statement - If (reportgroupTxt == ""): null

2018-06-18 14:08:15 - [TEST_STEP][PASSED] - Statement - println("Report group does not have group name"): null

2018-06-18 14:08:15 - [TEST_STEP][PASSED] - Statement - reportgroup = "(//div[@class='ctable']/table/tbody/tr[@class='tdata clear'])[" + i + "]/td[7]": null

2018-06-18 14:08:15 - [TEST_STEP][PASSED] - Statement - reportgroupTxt = driver.findElement(org.openqa.selenium.By.xpath(reportgroup)).getText(): null

2018-06-18 14:08:15 - [TEST_STEP][PASSED] - Statement - If (reportgroupTxt == ""): null

2018-06-18 14:08:15 - [TEST_STEP][PASSED] - Statement - Else: null

2018-06-18 14:08:15 - [TEST_STEP][PASSED] - Statement - If (!(TCflag)): null

2018-06-18 14:08:15 - [TEST_STEP][PASSED] - Statement - reportgroup = "(//div[@class='ctable']/table/tbody/tr[@class='tdata clear'])[" + i + "]/td[7]": null

2018-06-18 14:08:15 - [TEST_STEP][PASSED] - Statement - reportgroupTxt = driver.findElement(org.openqa.selenium.By.xpath(reportgroup)).getText(): null

2018-06-18 14:08:15 - [TEST_STEP][PASSED] - Statement - If (reportgroupTxt == ""): null

2018-06-18 14:08:15 - [TEST_STEP][PASSED] - Statement - println("Report group does not have group name"): null

2018-06-18 14:08:15 - [TEST_STEP][PASSED] - Statement - reportgroup = "(//div[@class='ctable']/table/tbody/tr[@class='tdata clear'])[" + i + "]/td[7]": null

2018-06-18 14:08:15 - [TEST_STEP][PASSED] - Statement - reportgroupTxt = driver.findElement(org.openqa.selenium.By.xpath(reportgroup)).getText(): null

2018-06-18 14:08:15 - [TEST_STEP][PASSED] - Statement - If (reportgroupTxt == ""): null

2018-06-18 14:08:15 - [TEST_STEP][PASSED] - Statement - println("Report group does not have group name"): null

2018-06-18 14:08:15 - [TEST_STEP][PASSED] - Statement - reportgroup = "(//div[@class='ctable']/table/tbody/tr[@class='tdata clear'])[" + i + "]/td[7]": null

2018-06-18 14:08:15 - [TEST_STEP][PASSED] - Statement - reportgroupTxt = driver.findElement(org.openqa.selenium.By.xpath(reportgroup)).getText(): null

2018-06-18 14:08:15 - [TEST_STEP][PASSED] - Statement - If (reportgroupTxt == ""): null

2018-06-18 14:08:15 - [TEST_STEP][PASSED] - Statement - println("Report group does not have group name"): null

2018-06-18 14:08:15 - [TEST_STEP][PASSED] - Statement - reportgroup = "(//div[@class='ctable']/table/tbody/tr[@class='tdata clear'])[" + i + "]/td[7]": null

2018-06-18 14:08:15 - [TEST_STEP][PASSED] - Statement - reportgroupTxt = driver.findElement(org.openqa.selenium.By.xpath(reportgroup)).getText(): null

2018-06-18 14:08:15 - [TEST_STEP][PASSED] - Statement - If (reportgroupTxt == ""): null

2018-06-18 14:08:15 - [TEST_STEP][PASSED] - Statement - println("Report group does not have group name"): null

2018-06-18 14:08:15 - [TEST_STEP][PASSED] - Statement - reportgroup = "(//div[@class='ctable']/table/tbody/tr[@class='tdata clear'])[" + i + "]/td[7]": null

2018-06-18 14:08:15 - [TEST_STEP][PASSED] - Statement - reportgroupTxt = driver.findElement(org.openqa.selenium.By.xpath(reportgroup)).getText(): null

2018-06-18 14:08:15 - [TEST_STEP][PASSED] - Statement - If (reportgroupTxt == ""): null

2018-06-18 14:08:15 - [TEST_STEP][PASSED] - Statement - println("Report group does not have group name"): null

2018-06-18 14:08:15 - [TEST_STEP][PASSED] - Statement - reportgroup = "(//div[@class='ctable']/table/tbody/tr[@class='tdata clear'])[" + i + "]/td[7]": null

2018-06-18 14:08:15 - [TEST_STEP][PASSED] - Statement - reportgroupTxt = driver.findElement(org.openqa.selenium.By.xpath(reportgroup)).getText(): null

2018-06-18 14:08:15 - [TEST_STEP][PASSED] - Statement - If (reportgroupTxt == ""): null

2018-06-18 14:08:15 - [TEST_STEP][PASSED] - Statement - println("Report group does not have group name"): null

2018-06-18 14:08:15 - [TEST_STEP][PASSED] - Statement - reportgroup = "(//div[@class='ctable']/table/tbody/tr[@class='tdata clear'])[" + i + "]/td[7]": null

2018-06-18 14:08:15 - [TEST_STEP][PASSED] - Statement - reportgroupTxt = driver.findElement(org.openqa.selenium.By.xpath(reportgroup)).getText(): null

2018-06-18 14:08:15 - [TEST_STEP][PASSED] - Statement - If (reportgroupTxt == ""): null

2018-06-18 14:08:15 - [TEST_STEP][PASSED] - Statement - println("Report group does not have group name"): null

2018-06-18 14:08:15 - [TEST_STEP][PASSED] - Statement - reportgroup = "(//div[@class='ctable']/table/tbody/tr[@class='tdata clear'])[" + i + "]/td[7]": null

2018-06-18 14:08:15 - [TEST_STEP][PASSED] - Statement - reportgroupTxt = driver.findElement(org.openqa.selenium.By.xpath(reportgroup)).getText(): null

2018-06-18 14:08:16 - [TEST_STEP][PASSED] - Statement - If (reportgroupTxt == ""): null

2018-06-18 14:08:16 - [TEST_STEP][PASSED] - Statement - Else: null

2018-06-18 14:08:16 - [TEST_STEP][PASSED] - Statement - If (!(TCflag)): null

2018-06-18 14:08:16 - [TEST_STEP][PASSED] - Statement - reportgroup = "(//div[@class='ctable']/table/tbody/tr[@class='tdata clear'])[" + i + "]/td[7]": null

2018-06-18 14:08:16 - [TEST_STEP][PASSED] - Statement - reportgroupTxt = driver.findElement(org.openqa.selenium.By.xpath(reportgroup)).getText(): null

2018-06-18 14:08:16 - [TEST_STEP][PASSED] - Statement - If (reportgroupTxt == ""): null

2018-06-18 14:08:16 - [TEST_STEP][PASSED] - Statement - Else: null

2018-06-18 14:08:16 - [TEST_STEP][PASSED] - Statement - If (!(TCflag)): null

2018-06-18 14:08:16 - [TEST_STEP][PASSED] - Statement - reportgroup = "(//div[@class='ctable']/table/tbody/tr[@class='tdata clear'])[" + i + "]/td[7]": null

2018-06-18 14:08:16 - [TEST_STEP][PASSED] - Statement - reportgroupTxt = driver.findElement(org.openqa.selenium.By.xpath(reportgroup)).getText(): null

2018-06-18 14:08:16 - [TEST_STEP][PASSED] - Statement - If (reportgroupTxt == ""): null

2018-06-18 14:08:16 - [TEST_STEP][PASSED] - Statement - println("Report group does not have group name"): null

2018-06-18 14:08:16 - [TEST_STEP][PASSED] - Statement - reportgroup = "(//div[@class='ctable']/table/tbody/tr[@class='tdata clear'])[" + i + "]/td[7]": null

2018-06-18 14:08:16 - [TEST_STEP][PASSED] - Statement - reportgroupTxt = driver.findElement(org.openqa.selenium.By.xpath(reportgroup)).getText(): null

2018-06-18 14:08:16 - [TEST_STEP][PASSED] - Statement - If (reportgroupTxt == ""): null

2018-06-18 14:08:16 - [TEST_STEP][PASSED] - Statement - println("Report group does not have group name"): null

2018-06-18 14:08:16 - [TEST_STEP][PASSED] - Statement - reportgroup = "(//div[@class='ctable']/table/tbody/tr[@class='tdata clear'])[" + i + "]/td[7]": null

2018-06-18 14:08:16 - [TEST_STEP][PASSED] - Statement - reportgroupTxt = driver.findElement(org.openqa.selenium.By.xpath(reportgroup)).getText(): null

2018-06-18 14:08:16 - [TEST_STEP][PASSED] - Statement - If (reportgroupTxt == ""): null

2018-06-18 14:08:16 - [TEST_STEP][PASSED] - Statement - println("Report group does not have group name"): null

2018-06-18 14:08:16 - [TEST_STEP][PASSED] - Statement - reportgroup = "(//div[@class='ctable']/table/tbody/tr[@class='tdata clear'])[" + i + "]/td[7]": null

2018-06-18 14:08:16 - [TEST_STEP][PASSED] - Statement - reportgroupTxt = driver.findElement(org.openqa.selenium.By.xpath(reportgroup)).getText(): null

2018-06-18 14:08:16 - [TEST_STEP][PASSED] - Statement - If (reportgroupTxt == ""): null

2018-06-18 14:08:16 - [TEST_STEP][PASSED] - Statement - println("Report group does not have group name"): null

2018-06-18 14:08:16 - [TEST_STEP][PASSED] - Statement - reportgroup = "(//div[@class='ctable']/table/tbody/tr[@class='tdata clear'])[" + i + "]/td[7]": null

2018-06-18 14:08:16 - [TEST_STEP][PASSED] - Statement - reportgroupTxt = driver.findElement(org.openqa.selenium.By.xpath(reportgroup)).getText(): null

2018-06-18 14:08:16 - [TEST_STEP][PASSED] - Statement - If (reportgroupTxt == ""): null

2018-06-18 14:08:16 - [TEST_STEP][PASSED] - Statement - println("Report group does not have group name"): null

2018-06-18 14:08:16 - [TEST_STEP][PASSED] - Statement - reportgroup = "(//div[@class='ctable']/table/tbody/tr[@class='tdata clear'])[" + i + "]/td[7]": null

2018-06-18 14:08:16 - [TEST_STEP][PASSED] - Statement - reportgroupTxt = driver.findElement(org.openqa.selenium.By.xpath(reportgroup)).getText(): null

2018-06-18 14:08:16 - [TEST_STEP][PASSED] - Statement - If (reportgroupTxt == ""): null

2018-06-18 14:08:16 - [TEST_STEP][PASSED] - Statement - println("Report group does not have group name"): null

2018-06-18 14:08:16 - [TEST_STEP][PASSED] - Statement - reportgroup = "(//div[@class='ctable']/table/tbody/tr[@class='tdata clear'])[" + i + "]/td[7]": null

2018-06-18 14:08:16 - [TEST_STEP][PASSED] - Statement - reportgroupTxt = driver.findElement(org.openqa.selenium.By.xpath(reportgroup)).getText(): null

2018-06-18 14:08:16 - [TEST_STEP][PASSED] - Statement - If (reportgroupTxt == ""): null

2018-06-18 14:08:16 - [TEST_STEP][PASSED] - Statement - println("Report group does not have group name"): null

2018-06-18 14:08:16 - [TEST_STEP][PASSED] - Statement - reportgroup = "(//div[@class='ctable']/table/tbody/tr[@class='tdata clear'])[" + i + "]/td[7]": null

2018-06-18 14:08:16 - [TEST_STEP][PASSED] - Statement - reportgroupTxt = driver.findElement(org.openqa.selenium.By.xpath(reportgroup)).getText(): null

2018-06-18 14:08:16 - [TEST_STEP][PASSED] - Statement - If (reportgroupTxt == ""): null

2018-06-18 14:08:16 - [TEST_STEP][PASSED] - Statement - println("Report group does not have group name"): null

2018-06-18 14:08:16 - [TEST_STEP][PASSED] - Statement - reportgroup = "(//div[@class='ctable']/table/tbody/tr[@class='tdata clear'])[" + i + "]/td[7]": null

2018-06-18 14:08:16 - [TEST_STEP][PASSED] - Statement - reportgroupTxt = driver.findElement(org.openqa.selenium.By.xpath(reportgroup)).getText(): null

2018-06-18 14:08:16 - [TEST_STEP][PASSED] - Statement - If (reportgroupTxt == ""): null

2018-06-18 14:08:16 - [TEST_STEP][PASSED] - Statement - println("Report group does not have group name"): null

2018-06-18 14:08:16 - [TEST_STEP][PASSED] - Statement - reportgroup = "(//div[@class='ctable']/table/tbody/tr[@class='tdata clear'])[" + i + "]/td[7]": null

2018-06-18 14:08:16 - [TEST_STEP][PASSED] - Statement - reportgroupTxt = driver.findElement(org.openqa.selenium.By.xpath(reportgroup)).getText(): null

2018-06-18 14:08:16 - [TEST_STEP][PASSED] - Statement - If (reportgroupTxt == ""): null

2018-06-18 14:08:16 - [TEST_STEP][PASSED] - Statement - println("Report group does not have group name"): null

2018-06-18 14:08:16 - [TEST_STEP][PASSED] - Statement - reportgroup = "(//div[@class='ctable']/table/tbody/tr[@class='tdata clear'])[" + i + "]/td[7]": null

2018-06-18 14:08:16 - [TEST_STEP][PASSED] - Statement - reportgroupTxt = driver.findElement(org.openqa.selenium.By.xpath(reportgroup)).getText(): null

2018-06-18 14:08:16 - [TEST_STEP][PASSED] - Statement - If (reportgroupTxt == ""): null

2018-06-18 14:08:16 - [TEST_STEP][PASSED] - Statement - println("Report group does not have group name"): null

2018-06-18 14:08:16 - [TEST_STEP][PASSED] - Statement - reportgroup = "(//div[@class='ctable']/table/tbody/tr[@class='tdata clear'])[" + i + "]/td[7]": null

2018-06-18 14:08:16 - [TEST_STEP][PASSED] - Statement - reportgroupTxt = driver.findElement(org.openqa.selenium.By.xpath(reportgroup)).getText(): null

2018-06-18 14:08:16 - [TEST_STEP][PASSED] - Statement - If (reportgroupTxt == ""): null

2018-06-18 14:08:16 - [TEST_STEP][PASSED] - Statement - Else: null

2018-06-18 14:08:16 - [TEST_STEP][PASSED] - Statement - If (!(TCflag)): null

2018-06-18 14:08:16 - [TEST_STEP][PASSED] - Statement - reportgroup = "(//div[@class='ctable']/table/tbody/tr[@class='tdata clear'])[" + i + "]/td[7]": null

2018-06-18 14:08:16 - [TEST_STEP][PASSED] - Statement - reportgroupTxt = driver.findElement(org.openqa.selenium.By.xpath(reportgroup)).getText(): null

2018-06-18 14:08:16 - [TEST_STEP][PASSED] - Statement - If (reportgroupTxt == ""): null

2018-06-18 14:08:16 - [TEST_STEP][PASSED] - Statement - println("Report group does not have group name"): null

2018-06-18 14:08:16 - [TEST_STEP][PASSED] - Statement - reportgroup = "(//div[@class='ctable']/table/tbody/tr[@class='tdata clear'])[" + i + "]/td[7]": null

2018-06-18 14:08:16 - [TEST_STEP][PASSED] - Statement - reportgroupTxt = driver.findElement(org.openqa.selenium.By.xpath(reportgroup)).getText(): null

2018-06-18 14:08:16 - [TEST_STEP][PASSED] - Statement - If (reportgroupTxt == ""): null

2018-06-18 14:08:16 - [TEST_STEP][PASSED] - Statement - println("Report group does not have group name"): null

2018-06-18 14:08:16 - [TEST_STEP][PASSED] - Statement - reportgroup = "(//div[@class='ctable']/table/tbody/tr[@class='tdata clear'])[" + i + "]/td[7]": null

2018-06-18 14:08:16 - [TEST_STEP][PASSED] - Statement - reportgroupTxt = driver.findElement(org.openqa.selenium.By.xpath(reportgroup)).getText(): null

2018-06-18 14:08:16 - [TEST_STEP][PASSED] - Statement - If (reportgroupTxt == ""): null

2018-06-18 14:08:16 - [TEST_STEP][PASSED] - Statement - println("Report group does not have group name"): null

2018-06-18 14:08:16 - [TEST_STEP][PASSED] - Statement - reportgroup = "(//div[@class='ctable']/table/tbody/tr[@class='tdata clear'])[" + i + "]/td[7]": null

2018-06-18 14:08:16 - [TEST_STEP][PASSED] - Statement - reportgroupTxt = driver.findElement(org.openqa.selenium.By.xpath(reportgroup)).getText(): null

2018-06-18 14:08:16 - [TEST_STEP][PASSED] - Statement - If (reportgroupTxt == ""): null

2018-06-18 14:08:16 - [TEST_STEP][PASSED] - Statement - println("Report group does not have group name"): null

2018-06-18 14:08:16 - [TEST_STEP][PASSED] - Statement - reportgroup = "(//div[@class='ctable']/table/tbody/tr[@class='tdata clear'])[" + i + "]/td[7]": null

2018-06-18 14:08:16 - [TEST_STEP][PASSED] - Statement - reportgroupTxt = driver.findElement(org.openqa.selenium.By.xpath(reportgroup)).getText(): null

2018-06-18 14:08:16 - [TEST_STEP][PASSED] - Statement - If (reportgroupTxt == ""): null

2018-06-18 14:08:16 - [TEST_STEP][PASSED] - Statement - println("Report group does not have group name"): null

2018-06-18 14:08:16 - [TEST_STEP][PASSED] - Statement - reportgroup = "(//div[@class='ctable']/table/tbody/tr[@class='tdata clear'])[" + i + "]/td[7]": null

2018-06-18 14:08:16 - [TEST_STEP][PASSED] - Statement - reportgroupTxt = driver.findElement(org.openqa.selenium.By.xpath(reportgroup)).getText(): null

2018-06-18 14:08:16 - [TEST_STEP][PASSED] - Statement - If (reportgroupTxt == ""): null

2018-06-18 14:08:16 - [TEST_STEP][PASSED] - Statement - println("Report group does not have group name"): null

2018-06-18 14:08:16 - [TEST_STEP][PASSED] - Statement - reportgroup = "(//div[@class='ctable']/table/tbody/tr[@class='tdata clear'])[" + i + "]/td[7]": null

2018-06-18 14:08:16 - [TEST_STEP][PASSED] - Statement - reportgroupTxt = driver.findElement(org.openqa.selenium.By.xpath(reportgroup)).getText(): null

2018-06-18 14:08:16 - [TEST_STEP][PASSED] - Statement - If (reportgroupTxt == ""): null

2018-06-18 14:08:16 - [TEST_STEP][PASSED] - Statement - println("Report group does not have group name"): null

2018-06-18 14:08:16 - [TEST_STEP][PASSED] - Statement - reportgroup = "(//div[@class='ctable']/table/tbody/tr[@class='tdata clear'])[" + i + "]/td[7]": null

2018-06-18 14:08:16 - [TEST_STEP][PASSED] - Statement - reportgroupTxt = driver.findElement(org.openqa.selenium.By.xpath(reportgroup)).getText(): null

2018-06-18 14:08:16 - [TEST_STEP][PASSED] - Statement - If (reportgroupTxt == ""): null

2018-06-18 14:08:16 - [TEST_STEP][PASSED] - Statement - Else: null

2018-06-18 14:08:16 - [TEST_STEP][PASSED] - Statement - If (!(TCflag)): null

2018-06-18 14:08:16 - [TEST_STEP][PASSED] - Statement - reportgroup = "(//div[@class='ctable']/table/tbody/tr[@class='tdata clear'])[" + i + "]/td[7]": null

2018-06-18 14:08:16 - [TEST_STEP][PASSED] - Statement - reportgroupTxt = driver.findElement(org.openqa.selenium.By.xpath(reportgroup)).getText(): null

2018-06-18 14:08:16 - [TEST_STEP][PASSED] - Statement - If (reportgroupTxt == ""): null

2018-06-18 14:08:16 - [TEST_STEP][PASSED] - Statement - Else: null

2018-06-18 14:08:16 - [TEST_STEP][PASSED] - Statement - If (!(TCflag)): null

2018-06-18 14:08:16 - [TEST_STEP][PASSED] - Statement - reportgroup = "(//div[@class='ctable']/table/tbody/tr[@class='tdata clear'])[" + i + "]/td[7]": null

2018-06-18 14:08:16 - [TEST_STEP][PASSED] - Statement - reportgroupTxt = driver.findElement(org.openqa.selenium.By.xpath(reportgroup)).getText(): null

2018-06-18 14:08:16 - [TEST_STEP][PASSED] - Statement - If (reportgroupTxt == ""): null

2018-06-18 14:08:16 - [TEST_STEP][PASSED] - Statement - println("Report group does not have group name"): null

2018-06-18 14:08:16 - [TEST_STEP][PASSED] - Statement - reportgroup = "(//div[@class='ctable']/table/tbody/tr[@class='tdata clear'])[" + i + "]/td[7]": null

2018-06-18 14:08:16 - [TEST_STEP][PASSED] - Statement - reportgroupTxt = driver.findElement(org.openqa.selenium.By.xpath(reportgroup)).getText(): null

2018-06-18 14:08:16 - [TEST_STEP][PASSED] - Statement - If (reportgroupTxt == ""): null

2018-06-18 14:08:16 - [TEST_STEP][PASSED] - Statement - println("Report group does not have group name"): null

2018-06-18 14:08:16 - [TEST_STEP][PASSED] - Statement - reportgroup = "(//div[@class='ctable']/table/tbody/tr[@class='tdata clear'])[" + i + "]/td[7]": null

2018-06-18 14:08:16 - [TEST_STEP][PASSED] - Statement - reportgroupTxt = driver.findElement(org.openqa.selenium.By.xpath(reportgroup)).getText(): null

2018-06-18 14:08:16 - [TEST_STEP][PASSED] - Statement - If (reportgroupTxt == ""): null

2018-06-18 14:08:16 - [TEST_STEP][PASSED] - Statement - Else: null

2018-06-18 14:08:16 - [TEST_STEP][PASSED] - Statement - If (!(TCflag)): null

2018-06-18 14:08:16 - [TEST_STEP][PASSED] - Statement - reportgroup = "(//div[@class='ctable']/table/tbody/tr[@class='tdata clear'])[" + i + "]/td[7]": null

2018-06-18 14:08:16 - [TEST_STEP][PASSED] - Statement - reportgroupTxt = driver.findElement(org.openqa.selenium.By.xpath(reportgroup)).getText(): null

2018-06-18 14:08:16 - [TEST_STEP][PASSED] - Statement - If (reportgroupTxt == ""): null

2018-06-18 14:08:16 - [TEST_STEP][PASSED] - Statement - println("Report group does not have group name"): null

2018-06-18 14:08:16 - [TEST_STEP][PASSED] - Statement - reportgroup = "(//div[@class='ctable']/table/tbody/tr[@class='tdata clear'])[" + i + "]/td[7]": null

2018-06-18 14:08:16 - [TEST_STEP][PASSED] - Statement - reportgroupTxt = driver.findElement(org.openqa.selenium.By.xpath(reportgroup)).getText(): null

2018-06-18 14:08:16 - [TEST_STEP][PASSED] - Statement - If (reportgroupTxt == ""): null

2018-06-18 14:08:16 - [TEST_STEP][PASSED] - Statement - println("Report group does not have group name"): null

2018-06-18 14:08:16 - [TEST_STEP][PASSED] - Statement - reportgroup = "(//div[@class='ctable']/table/tbody/tr[@class='tdata clear'])[" + i + "]/td[7]": null

2018-06-18 14:08:16 - [TEST_STEP][PASSED] - Statement - reportgroupTxt = driver.findElement(org.openqa.selenium.By.xpath(reportgroup)).getText(): null

2018-06-18 14:08:16 - [TEST_STEP][PASSED] - Statement - If (reportgroupTxt == ""): null

2018-06-18 14:08:16 - [TEST_STEP][PASSED] - Statement - Else: null

2018-06-18 14:08:16 - [TEST_STEP][PASSED] - Statement - If (!(TCflag)): null

2018-06-18 14:08:16 - [TEST_STEP][PASSED] - Statement - reportgroup = "(//div[@class='ctable']/table/tbody/tr[@class='tdata clear'])[" + i + "]/td[7]": null

2018-06-18 14:08:16 - [TEST_STEP][PASSED] - Statement - reportgroupTxt = driver.findElement(org.openqa.selenium.By.xpath(reportgroup)).getText(): null

2018-06-18 14:08:16 - [TEST_STEP][PASSED] - Statement - If (reportgroupTxt == ""): null

2018-06-18 14:08:16 - [TEST_STEP][PASSED] - Statement - println("Report group does not have group name"): null

2018-06-18 14:08:16 - [TEST_STEP][PASSED] - Statement - reportgroup = "(//div[@class='ctable']/table/tbody/tr[@class='tdata clear'])[" + i + "]/td[7]": null

2018-06-18 14:08:16 - [TEST_STEP][PASSED] - Statement - reportgroupTxt = driver.findElement(org.openqa.selenium.By.xpath(reportgroup)).getText(): null

2018-06-18 14:08:16 - [TEST_STEP][PASSED] - Statement - If (reportgroupTxt == ""): null

2018-06-18 14:08:16 - [TEST_STEP][PASSED] - Statement - println("Report group does not have group name"): null

2018-06-18 14:08:16 - [TEST_STEP][PASSED] - Statement - reportgroup = "(//div[@class='ctable']/table/tbody/tr[@class='tdata clear'])[" + i + "]/td[7]": null

2018-06-18 14:08:16 - [TEST_STEP][PASSED] - Statement - reportgroupTxt = driver.findElement(org.openqa.selenium.By.xpath(reportgroup)).getText(): null

2018-06-18 14:08:16 - [TEST_STEP][PASSED] - Statement - If (reportgroupTxt == ""): null

2018-06-18 14:08:16 - [TEST_STEP][PASSED] - Statement - Else: null

2018-06-18 14:08:16 - [TEST_STEP][PASSED] - Statement - If (!(TCflag)): null

2018-06-18 14:08:16 - [TEST_STEP][PASSED] - Statement - reportgroup = "(//div[@class='ctable']/table/tbody/tr[@class='tdata clear'])[" + i + "]/td[7]": null

2018-06-18 14:08:16 - [TEST_STEP][PASSED] - Statement - reportgroupTxt = driver.findElement(org.openqa.selenium.By.xpath(reportgroup)).getText(): null

2018-06-18 14:08:16 - [TEST_STEP][PASSED] - Statement - If (reportgroupTxt == ""): null

2018-06-18 14:08:16 - [TEST_STEP][PASSED] - Statement - println("Report group does not have group name"): null

2018-06-18 14:08:16 - [TEST_STEP][PASSED] - Statement - reportgroup = "(//div[@class='ctable']/table/tbody/tr[@class='tdata clear'])[" + i + "]/td[7]": null

2018-06-18 14:08:16 - [TEST_STEP][PASSED] - Statement - reportgroupTxt = driver.findElement(org.openqa.selenium.By.xpath(reportgroup)).getText(): null

2018-06-18 14:08:17 - [TEST_STEP][PASSED] - Statement - If (reportgroupTxt == ""): null

2018-06-18 14:08:17 - [TEST_STEP][PASSED] - Statement - println("Report group does not have group name"): null

2018-06-18 14:08:17 - [TEST_STEP][PASSED] - Statement - reportgroup = "(//div[@class='ctable']/table/tbody/tr[@class='tdata clear'])[" + i + "]/td[7]": null

2018-06-18 14:08:17 - [TEST_STEP][PASSED] - Statement - reportgroupTxt = driver.findElement(org.openqa.selenium.By.xpath(reportgroup)).getText(): null

2018-06-18 14:08:17 - [TEST_STEP][PASSED] - Statement - If (reportgroupTxt == ""): null

2018-06-18 14:08:17 - [TEST_STEP][PASSED] - Statement - println("Report group does not have group name"): null

2018-06-18 14:08:17 - [TEST_STEP][PASSED] - Statement - reportgroup = "(//div[@class='ctable']/table/tbody/tr[@class='tdata clear'])[" + i + "]/td[7]": null

2018-06-18 14:08:17 - [TEST_STEP][PASSED] - Statement - reportgroupTxt = driver.findElement(org.openqa.selenium.By.xpath(reportgroup)).getText(): null

2018-06-18 14:08:17 - [TEST_STEP][PASSED] - Statement - If (reportgroupTxt == ""): null

2018-06-18 14:08:17 - [TEST_STEP][PASSED] - Statement - println("Report group does not have group name"): null

2018-06-18 14:08:17 - [TEST_STEP][PASSED] - Statement - reportgroup = "(//div[@class='ctable']/table/tbody/tr[@class='tdata clear'])[" + i + "]/td[7]": null

2018-06-18 14:08:17 - [TEST_STEP][PASSED] - Statement - reportgroupTxt = driver.findElement(org.openqa.selenium.By.xpath(reportgroup)).getText(): null

2018-06-18 14:08:17 - [TEST_STEP][PASSED] - Statement - If (reportgroupTxt == ""): null

2018-06-18 14:08:17 - [TEST_STEP][PASSED] - Statement - println("Report group does not have group name"): null

2018-06-18 14:08:17 - [TEST_STEP][PASSED] - Statement - reportgroup = "(//div[@class='ctable']/table/tbody/tr[@class='tdata clear'])[" + i + "]/td[7]": null

2018-06-18 14:08:17 - [TEST_STEP][PASSED] - Statement - reportgroupTxt = driver.findElement(org.openqa.selenium.By.xpath(reportgroup)).getText(): null

2018-06-18 14:08:17 - [TEST_STEP][PASSED] - Statement - If (reportgroupTxt == ""): null

2018-06-18 14:08:17 - [TEST_STEP][PASSED] - Statement - Else: null

2018-06-18 14:08:17 - [TEST_STEP][PASSED] - Statement - If (!(TCflag)): null

2018-06-18 14:08:17 - [TEST_STEP][PASSED] - Statement - reportgroup = "(//div[@class='ctable']/table/tbody/tr[@class='tdata clear'])[" + i + "]/td[7]": null

2018-06-18 14:08:17 - [TEST_STEP][PASSED] - Statement - reportgroupTxt = driver.findElement(org.openqa.selenium.By.xpath(reportgroup)).getText(): null

2018-06-18 14:08:17 - [TEST_STEP][PASSED] - Statement - If (reportgroupTxt == ""): null

2018-06-18 14:08:17 - [TEST_STEP][PASSED] - Statement - Else: null

2018-06-18 14:08:17 - [TEST_STEP][PASSED] - Statement - If (!(TCflag)): null

2018-06-18 14:08:17 - [TEST_STEP][PASSED] - Statement - reportgroup = "(//div[@class='ctable']/table/tbody/tr[@class='tdata clear'])[" + i + "]/td[7]": null

2018-06-18 14:08:17 - [TEST_STEP][PASSED] - Statement - reportgroupTxt = driver.findElement(org.openqa.selenium.By.xpath(reportgroup)).getText(): null

2018-06-18 14:08:17 - [TEST_STEP][PASSED] - Statement - If (reportgroupTxt == ""): null

2018-06-18 14:08:17 - [TEST_STEP][PASSED] - Statement - println("Report group does not have group name"): null

2018-06-18 14:08:17 - [TEST_STEP][PASSED] - Statement - reportgroup = "(//div[@class='ctable']/table/tbody/tr[@class='tdata clear'])[" + i + "]/td[7]": null

2018-06-18 14:08:17 - [TEST_STEP][PASSED] - Statement - reportgroupTxt = driver.findElement(org.openqa.selenium.By.xpath(reportgroup)).getText(): null

2018-06-18 14:08:17 - [TEST_STEP][PASSED] - Statement - If (reportgroupTxt == ""): null

2018-06-18 14:08:17 - [TEST_STEP][PASSED] - Statement - println("Report group does not have group name"): null

2018-06-18 14:08:17 - [TEST_STEP][PASSED] - Statement - reportgroup = "(//div[@class='ctable']/table/tbody/tr[@class='tdata clear'])[" + i + "]/td[7]": null

2018-06-18 14:08:17 - [TEST_STEP][PASSED] - Statement - reportgroupTxt = driver.findElement(org.openqa.selenium.By.xpath(reportgroup)).getText(): null

2018-06-18 14:08:17 - [TEST_STEP][PASSED] - Statement - If (reportgroupTxt == ""): null

2018-06-18 14:08:17 - [TEST_STEP][PASSED] - Statement - println("Report group does not have group name"): null

2018-06-18 14:08:17 - [TEST_STEP][PASSED] - Statement - reportgroup = "(//div[@class='ctable']/table/tbody/tr[@class='tdata clear'])[" + i + "]/td[7]": null

2018-06-18 14:08:17 - [TEST_STEP][PASSED] - Statement - reportgroupTxt = driver.findElement(org.openqa.selenium.By.xpath(reportgroup)).getText(): null

2018-06-18 14:08:17 - [TEST_STEP][PASSED] - Statement - If (reportgroupTxt == ""): null

2018-06-18 14:08:17 - [TEST_STEP][PASSED] - Statement - println("Report group does not have group name"): null

2018-06-18 14:08:17 - [TEST_STEP][PASSED] - Statement - reportgroup = "(//div[@class='ctable']/table/tbody/tr[@class='tdata clear'])[" + i + "]/td[7]": null

2018-06-18 14:08:17 - [TEST_STEP][PASSED] - Statement - reportgroupTxt = driver.findElement(org.openqa.selenium.By.xpath(reportgroup)).getText(): null

2018-06-18 14:08:17 - [TEST_STEP][PASSED] - Statement - If (reportgroupTxt == ""): null

2018-06-18 14:08:17 - [TEST_STEP][PASSED] - Statement - println("Report group does not have group name"): null

2018-06-18 14:08:17 - [TEST_STEP][PASSED] - Statement - reportgroup = "(//div[@class='ctable']/table/tbody/tr[@class='tdata clear'])[" + i + "]/td[7]": null

2018-06-18 14:08:17 - [TEST_STEP][PASSED] - Statement - reportgroupTxt = driver.findElement(org.openqa.selenium.By.xpath(reportgroup)).getText(): null

2018-06-18 14:08:17 - [TEST_STEP][PASSED] - Statement - If (reportgroupTxt == ""): null

2018-06-18 14:08:17 - [TEST_STEP][PASSED] - Statement - println("Report group does not have group name"): null

2018-06-18 14:08:17 - [TEST_STEP][PASSED] - Statement - reportgroup = "(//div[@class='ctable']/table/tbody/tr[@class='tdata clear'])[" + i + "]/td[7]": null

2018-06-18 14:08:17 - [TEST_STEP][PASSED] - Statement - reportgroupTxt = driver.findElement(org.openqa.selenium.By.xpath(reportgroup)).getText(): null

2018-06-18 14:08:17 - [TEST_STEP][PASSED] - Statement - If (reportgroupTxt == ""): null

2018-06-18 14:08:17 - [TEST_STEP][PASSED] - Statement - println("Report group does not have group name"): null

2018-06-18 14:08:17 - [TEST_STEP][PASSED] - Statement - reportgroup = "(//div[@class='ctable']/table/tbody/tr[@class='tdata clear'])[" + i + "]/td[7]": null

2018-06-18 14:08:17 - [TEST_STEP][PASSED] - Statement - reportgroupTxt = driver.findElement(org.openqa.selenium.By.xpath(reportgroup)).getText(): null

2018-06-18 14:08:17 - [TEST_STEP][PASSED] - Statement - If (reportgroupTxt == ""): null

2018-06-18 14:08:17 - [TEST_STEP][PASSED] - Statement - println("Report group does not have group name"): null

2018-06-18 14:08:17 - [TEST_STEP][PASSED] - Statement - reportgroup = "(//div[@class='ctable']/table/tbody/tr[@class='tdata clear'])[" + i + "]/td[7]": null

2018-06-18 14:08:17 - [TEST_STEP][PASSED] - Statement - reportgroupTxt = driver.findElement(org.openqa.selenium.By.xpath(reportgroup)).getText(): null

2018-06-18 14:08:17 - [TEST_STEP][PASSED] - Statement - If (reportgroupTxt == ""): null

2018-06-18 14:08:17 - [TEST_STEP][PASSED] - Statement - println("Report group does not have group name"): null

2018-06-18 14:08:17 - [TEST_STEP][PASSED] - Statement - reportgroup = "(//div[@class='ctable']/table/tbody/tr[@class='tdata clear'])[" + i + "]/td[7]": null

2018-06-18 14:08:17 - [TEST_STEP][PASSED] - Statement - reportgroupTxt = driver.findElement(org.openqa.selenium.By.xpath(reportgroup)).getText(): null

2018-06-18 14:08:17 - [TEST_STEP][PASSED] - Statement - If (reportgroupTxt == ""): null

2018-06-18 14:08:17 - [TEST_STEP][PASSED] - Statement - println("Report group does not have group name"): null

2018-06-18 14:08:17 - [TEST_STEP][PASSED] - Statement - reportgroup = "(//div[@class='ctable']/table/tbody/tr[@class='tdata clear'])[" + i + "]/td[7]": null

2018-06-18 14:08:17 - [TEST_STEP][PASSED] - Statement - reportgroupTxt = driver.findElement(org.openqa.selenium.By.xpath(reportgroup)).getText(): null

2018-06-18 14:08:17 - [TEST_STEP][PASSED] - Statement - If (reportgroupTxt == ""): null

2018-06-18 14:08:17 - [TEST_STEP][PASSED] - Statement - Else: null

2018-06-18 14:08:17 - [TEST_STEP][PASSED] - Statement - If (!(TCflag)): null

2018-06-18 14:08:17 - [TEST_STEP][PASSED] - Statement - reportgroup = "(//div[@class='ctable']/table/tbody/tr[@class='tdata clear'])[" + i + "]/td[7]": null

2018-06-18 14:08:17 - [TEST_STEP][PASSED] - Statement - reportgroupTxt = driver.findElement(org.openqa.selenium.By.xpath(reportgroup)).getText(): null

2018-06-18 14:08:17 - [TEST_STEP][PASSED] - Statement - If (reportgroupTxt == ""): null

2018-06-18 14:08:17 - [TEST_STEP][PASSED] - Statement - println("Report group does not have group name"): null

2018-06-18 14:08:17 - [TEST_STEP][PASSED] - Statement - reportgroup = "(//div[@class='ctable']/table/tbody/tr[@class='tdata clear'])[" + i + "]/td[7]": null

2018-06-18 14:08:17 - [TEST_STEP][PASSED] - Statement - reportgroupTxt = driver.findElement(org.openqa.selenium.By.xpath(reportgroup)).getText(): null

2018-06-18 14:08:17 - [TEST_STEP][PASSED] - Statement - If (reportgroupTxt == ""): null

2018-06-18 14:08:17 - [TEST_STEP][PASSED] - Statement - println("Report group does not have group name"): null

2018-06-18 14:08:17 - [TEST_STEP][PASSED] - Statement - reportgroup = "(//div[@class='ctable']/table/tbody/tr[@class='tdata clear'])[" + i + "]/td[7]": null

2018-06-18 14:08:17 - [TEST_STEP][PASSED] - Statement - reportgroupTxt = driver.findElement(org.openqa.selenium.By.xpath(reportgroup)).getText(): null

2018-06-18 14:08:17 - [TEST_STEP][PASSED] - Statement - If (reportgroupTxt == ""): null

2018-06-18 14:08:17 - [TEST_STEP][PASSED] - Statement - println("Report group does not have group name"): null

2018-06-18 14:08:17 - [TEST_STEP][PASSED] - Statement - reportgroup = "(//div[@class='ctable']/table/tbody/tr[@class='tdata clear'])[" + i + "]/td[7]": null

2018-06-18 14:08:17 - [TEST_STEP][PASSED] - Statement - reportgroupTxt = driver.findElement(org.openqa.selenium.By.xpath(reportgroup)).getText(): null

2018-06-18 14:08:17 - [TEST_STEP][PASSED] - Statement - If (reportgroupTxt == ""): null

2018-06-18 14:08:17 - [TEST_STEP][PASSED] - Statement - println("Report group does not have group name"): null

2018-06-18 14:08:17 - [TEST_STEP][PASSED] - Statement - reportgroup = "(//div[@class='ctable']/table/tbody/tr[@class='tdata clear'])[" + i + "]/td[7]": null

2018-06-18 14:08:17 - [TEST_STEP][PASSED] - Statement - reportgroupTxt = driver.findElement(org.openqa.selenium.By.xpath(reportgroup)).getText(): null

2018-06-18 14:08:17 - [TEST_STEP][PASSED] - Statement - If (reportgroupTxt == ""): null

2018-06-18 14:08:17 - [TEST_STEP][PASSED] - Statement - Else: null

2018-06-18 14:08:17 - [TEST_STEP][PASSED] - Statement - If (!(TCflag)): null

2018-06-18 14:08:17 - [TEST_STEP][PASSED] - Statement - reportgroup = "(//div[@class='ctable']/table/tbody/tr[@class='tdata clear'])[" + i + "]/td[7]": null

2018-06-18 14:08:17 - [TEST_STEP][PASSED] - Statement - reportgroupTxt = driver.findElement(org.openqa.selenium.By.xpath(reportgroup)).getText(): null

2018-06-18 14:08:17 - [TEST_STEP][PASSED] - Statement - If (reportgroupTxt == ""): null

2018-06-18 14:08:17 - [TEST_STEP][PASSED] - Statement - Else: null

2018-06-18 14:08:17 - [TEST_STEP][PASSED] - Statement - If (!(TCflag)): null

2018-06-18 14:08:17 - [TEST_STEP][PASSED] - Statement - reportgroup = "(//div[@class='ctable']/table/tbody/tr[@class='tdata clear'])[" + i + "]/td[7]": null

2018-06-18 14:08:17 - [TEST_STEP][PASSED] - Statement - reportgroupTxt = driver.findElement(org.openqa.selenium.By.xpath(reportgroup)).getText(): null

2018-06-18 14:08:17 - [TEST_STEP][PASSED] - Statement - If (reportgroupTxt == ""): null

2018-06-18 14:08:17 - [TEST_STEP][PASSED] - Statement - Else: null

2018-06-18 14:08:17 - [TEST_STEP][PASSED] - Statement - If (!(TCflag)): null

2018-06-18 14:08:17 - [TEST_STEP][PASSED] - Statement - reportgroup = "(//div[@class='ctable']/table/tbody/tr[@class='tdata clear'])[" + i + "]/td[7]": null

2018-06-18 14:08:17 - [TEST_STEP][PASSED] - Statement - reportgroupTxt = driver.findElement(org.openqa.selenium.By.xpath(reportgroup)).getText(): null

2018-06-18 14:08:17 - [TEST_STEP][PASSED] - Statement - If (reportgroupTxt == ""): null

2018-06-18 14:08:17 - [TEST_STEP][PASSED] - Statement - println("Report group does not have group name"): null

2018-06-18 14:08:17 - [TEST_STEP][PASSED] - Statement - reportgroup = "(//div[@class='ctable']/table/tbody/tr[@class='tdata clear'])[" + i + "]/td[7]": null

2018-06-18 14:08:17 - [TEST_STEP][PASSED] - Statement - reportgroupTxt = driver.findElement(org.openqa.selenium.By.xpath(reportgroup)).getText(): null

2018-06-18 14:08:17 - [TEST_STEP][PASSED] - Statement - If (reportgroupTxt == ""): null

2018-06-18 14:08:17 - [TEST_STEP][PASSED] - Statement - println("Report group does not have group name"): null

2018-06-18 14:08:17 - [TEST_STEP][PASSED] - Statement - reportgroup = "(//div[@class='ctable']/table/tbody/tr[@class='tdata clear'])[" + i + "]/td[7]": null

2018-06-18 14:08:17 - [TEST_STEP][PASSED] - Statement - reportgroupTxt = driver.findElement(org.openqa.selenium.By.xpath(reportgroup)).getText(): null

2018-06-18 14:08:17 - [TEST_STEP][PASSED] - Statement - If (reportgroupTxt == ""): null

2018-06-18 14:08:17 - [TEST_STEP][PASSED] - Statement - println("Report group does not have group name"): null

2018-06-18 14:08:17 - [TEST_STEP][PASSED] - Statement - reportgroup = "(//div[@class='ctable']/table/tbody/tr[@class='tdata clear'])[" + i + "]/td[7]": null

2018-06-18 14:08:17 - [TEST_STEP][PASSED] - Statement - reportgroupTxt = driver.findElement(org.openqa.selenium.By.xpath(reportgroup)).getText(): null

2018-06-18 14:08:17 - [TEST_STEP][PASSED] - Statement - If (reportgroupTxt == ""): null

2018-06-18 14:08:17 - [TEST_STEP][PASSED] - Statement - println("Report group does not have group name"): null

2018-06-18 14:08:17 - [TEST_STEP][PASSED] - Statement - reportgroup = "(//div[@class='ctable']/table/tbody/tr[@class='tdata clear'])[" + i + "]/td[7]": null

2018-06-18 14:08:17 - [TEST_STEP][PASSED] - Statement - reportgroupTxt = driver.findElement(org.openqa.selenium.By.xpath(reportgroup)).getText(): null

2018-06-18 14:08:17 - [TEST_STEP][PASSED] - Statement - If (reportgroupTxt == ""): null

2018-06-18 14:08:17 - [TEST_STEP][PASSED] - Statement - println("Report group does not have group name"): null

2018-06-18 14:08:17 - [TEST_STEP][PASSED] - Statement - reportgroup = "(//div[@class='ctable']/table/tbody/tr[@class='tdata clear'])[" + i + "]/td[7]": null

2018-06-18 14:08:17 - [TEST_STEP][PASSED] - Statement - reportgroupTxt = driver.findElement(org.openqa.selenium.By.xpath(reportgroup)).getText(): null

2018-06-18 14:08:17 - [TEST_STEP][PASSED] - Statement - If (reportgroupTxt == ""): null

2018-06-18 14:08:17 - [TEST_STEP][PASSED] - Statement - println("Report group does not have group name"): null

2018-06-18 14:08:17 - [TEST_STEP][PASSED] - Statement - reportgroup = "(//div[@class='ctable']/table/tbody/tr[@class='tdata clear'])[" + i + "]/td[7]": null

2018-06-18 14:08:17 - [TEST_STEP][PASSED] - Statement - reportgroupTxt = driver.findElement(org.openqa.selenium.By.xpath(reportgroup)).getText(): null

2018-06-18 14:08:17 - [TEST_STEP][PASSED] - Statement - If (reportgroupTxt == ""): null

2018-06-18 14:08:17 - [TEST_STEP][PASSED] - Statement - println("Report group does not have group name"): null

2018-06-18 14:08:17 - [TEST_STEP][PASSED] - Statement - reportgroup = "(//div[@class='ctable']/table/tbody/tr[@class='tdata clear'])[" + i + "]/td[7]": null

2018-06-18 14:08:17 - [TEST_STEP][PASSED] - Statement - reportgroupTxt = driver.findElement(org.openqa.selenium.By.xpath(reportgroup)).getText(): null

2018-06-18 14:08:17 - [TEST_STEP][PASSED] - Statement - If (reportgroupTxt == ""): null

2018-06-18 14:08:17 - [TEST_STEP][PASSED] - Statement - println("Report group does not have group name"): null

2018-06-18 14:08:17 - [TEST_STEP][PASSED] - Statement - reportgroup = "(//div[@class='ctable']/table/tbody/tr[@class='tdata clear'])[" + i + "]/td[7]": null

2018-06-18 14:08:17 - [TEST_STEP][PASSED] - Statement - reportgroupTxt = driver.findElement(org.openqa.selenium.By.xpath(reportgroup)).getText(): null

2018-06-18 14:08:17 - [TEST_STEP][PASSED] - Statement - If (reportgroupTxt == ""): null

2018-06-18 14:08:17 - [TEST_STEP][PASSED] - Statement - Else: null

2018-06-18 14:08:17 - [TEST_STEP][PASSED] - Statement - If (!(TCflag)): null

2018-06-18 14:08:17 - [TEST_STEP][PASSED] - Statement - reportgroup = "(//div[@class='ctable']/table/tbody/tr[@class='tdata clear'])[" + i + "]/td[7]": null

2018-06-18 14:08:17 - [TEST_STEP][PASSED] - Statement - reportgroupTxt = driver.findElement(org.openqa.selenium.By.xpath(reportgroup)).getText(): null

2018-06-18 14:08:17 - [TEST_STEP][PASSED] - Statement - If (reportgroupTxt == ""): null

2018-06-18 14:08:17 - [TEST_STEP][PASSED] - Statement - println("Report group does not have group name"): null

2018-06-18 14:08:17 - [TEST_STEP][PASSED] - Statement - reportgroup = "(//div[@class='ctable']/table/tbody/tr[@class='tdata clear'])[" + i + "]/td[7]": null

2018-06-18 14:08:17 - [TEST_STEP][PASSED] - Statement - reportgroupTxt = driver.findElement(org.openqa.selenium.By.xpath(reportgroup)).getText(): null

2018-06-18 14:08:17 - [TEST_STEP][PASSED] - Statement - If (reportgroupTxt == ""): null

2018-06-18 14:08:17 - [TEST_STEP][PASSED] - Statement - println("Report group does not have group name"): null

2018-06-18 14:08:17 - [TEST_STEP][PASSED] - Statement - reportgroup = "(//div[@class='ctable']/table/tbody/tr[@class='tdata clear'])[" + i + "]/td[7]": null

2018-06-18 14:08:17 - [TEST_STEP][PASSED] - Statement - reportgroupTxt = driver.findElement(org.openqa.selenium.By.xpath(reportgroup)).getText(): null

2018-06-18 14:08:17 - [TEST_STEP][PASSED] - Statement - If (reportgroupTxt == ""): null

2018-06-18 14:08:17 - [TEST_STEP][PASSED] - Statement - println("Report group does not have group name"): null

2018-06-18 14:08:17 - [TEST_STEP][PASSED] - Statement - reportgroup = "(//div[@class='ctable']/table/tbody/tr[@class='tdata clear'])[" + i + "]/td[7]": null

2018-06-18 14:08:17 - [TEST_STEP][PASSED] - Statement - reportgroupTxt = driver.findElement(org.openqa.selenium.By.xpath(reportgroup)).getText(): null

2018-06-18 14:08:18 - [TEST_STEP][PASSED] - Statement - If (reportgroupTxt == ""): null

2018-06-18 14:08:18 - [TEST_STEP][PASSED] - Statement - println("Report group does not have group name"): null

2018-06-18 14:08:18 - [TEST_STEP][PASSED] - Statement - reportgroup = "(//div[@class='ctable']/table/tbody/tr[@class='tdata clear'])[" + i + "]/td[7]": null

2018-06-18 14:08:18 - [TEST_STEP][PASSED] - Statement - reportgroupTxt = driver.findElement(org.openqa.selenium.By.xpath(reportgroup)).getText(): null

2018-06-18 14:08:18 - [TEST_STEP][PASSED] - Statement - If (reportgroupTxt == ""): null

2018-06-18 14:08:18 - [TEST_STEP][PASSED] - Statement - println("Report group does not have group name"): null

2018-06-18 14:08:18 - [TEST_STEP][PASSED] - Statement - reportgroup = "(//div[@class='ctable']/table/tbody/tr[@class='tdata clear'])[" + i + "]/td[7]": null

2018-06-18 14:08:18 - [TEST_STEP][PASSED] - Statement - reportgroupTxt = driver.findElement(org.openqa.selenium.By.xpath(reportgroup)).getText(): null

2018-06-18 14:08:18 - [TEST_STEP][PASSED] - Statement - If (reportgroupTxt == ""): null

2018-06-18 14:08:18 - [TEST_STEP][PASSED] - Statement - println("Report group does not have group name"): null

2018-06-18 14:08:18 - [TEST_STEP][PASSED] - Statement - reportgroup = "(//div[@class='ctable']/table/tbody/tr[@class='tdata clear'])[" + i + "]/td[7]": null

2018-06-18 14:08:18 - [TEST_STEP][PASSED] - Statement - reportgroupTxt = driver.findElement(org.openqa.selenium.By.xpath(reportgroup)).getText(): null

2018-06-18 14:08:18 - [TEST_STEP][PASSED] - Statement - If (reportgroupTxt == ""): null

2018-06-18 14:08:18 - [TEST_STEP][PASSED] - Statement - println("Report group does not have group name"): null

2018-06-18 14:08:18 - [TEST_STEP][PASSED] - Statement - reportgroup = "(//div[@class='ctable']/table/tbody/tr[@class='tdata clear'])[" + i + "]/td[7]": null

2018-06-18 14:08:18 - [TEST_STEP][PASSED] - Statement - reportgroupTxt = driver.findElement(org.openqa.selenium.By.xpath(reportgroup)).getText(): null

2018-06-18 14:08:18 - [TEST_STEP][PASSED] - Statement - If (reportgroupTxt == ""): null

2018-06-18 14:08:18 - [TEST_STEP][PASSED] - Statement - Else: null

2018-06-18 14:08:18 - [TEST_STEP][PASSED] - Statement - If (!(TCflag)): null

2018-06-18 14:08:18 - [TEST_STEP][PASSED] - Statement - reportgroup = "(//div[@class='ctable']/table/tbody/tr[@class='tdata clear'])[" + i + "]/td[7]": null

2018-06-18 14:08:18 - [TEST_STEP][PASSED] - Statement - reportgroupTxt = driver.findElement(org.openqa.selenium.By.xpath(reportgroup)).getText(): null

2018-06-18 14:08:18 - [TEST_STEP][PASSED] - Statement - If (reportgroupTxt == ""): null

2018-06-18 14:08:18 - [TEST_STEP][PASSED] - Statement - println("Report group does not have group name"): null

2018-06-18 14:08:18 - [TEST_STEP][PASSED] - Statement - reportgroup = "(//div[@class='ctable']/table/tbody/tr[@class='tdata clear'])[" + i + "]/td[7]": null

2018-06-18 14:08:18 - [TEST_STEP][PASSED] - Statement - reportgroupTxt = driver.findElement(org.openqa.selenium.By.xpath(reportgroup)).getText(): null

2018-06-18 14:08:18 - [TEST_STEP][PASSED] - Statement - If (reportgroupTxt == ""): null

2018-06-18 14:08:18 - [TEST_STEP][PASSED] - Statement - println("Report group does not have group name"): null

2018-06-18 14:08:18 - [TEST_STEP][PASSED] - Statement - reportgroup = "(//div[@class='ctable']/table/tbody/tr[@class='tdata clear'])[" + i + "]/td[7]": null

2018-06-18 14:08:18 - [TEST_STEP][PASSED] - Statement - reportgroupTxt = driver.findElement(org.openqa.selenium.By.xpath(reportgroup)).getText(): null

2018-06-18 14:08:18 - [TEST_STEP][PASSED] - Statement - If (reportgroupTxt == ""): null

2018-06-18 14:08:18 - [TEST_STEP][PASSED] - Statement - Else: null

2018-06-18 14:08:18 - [TEST_STEP][PASSED] - Statement - If (!(TCflag)): null

2018-06-18 14:08:18 - [TEST_STEP][PASSED] - Statement - reportgroup = "(//div[@class='ctable']/table/tbody/tr[@class='tdata clear'])[" + i + "]/td[7]": null

2018-06-18 14:08:18 - [TEST_STEP][PASSED] - Statement - reportgroupTxt = driver.findElement(org.openqa.selenium.By.xpath(reportgroup)).getText(): null

2018-06-18 14:08:18 - [TEST_STEP][PASSED] - Statement - If (reportgroupTxt == ""): null

2018-06-18 14:08:18 - [TEST_STEP][PASSED] - Statement - println("Report group does not have group name"): null

2018-06-18 14:08:18 - [TEST_STEP][PASSED] - Statement - reportgroup = "(//div[@class='ctable']/table/tbody/tr[@class='tdata clear'])[" + i + "]/td[7]": null

2018-06-18 14:08:18 - [TEST_STEP][PASSED] - Statement - reportgroupTxt = driver.findElement(org.openqa.selenium.By.xpath(reportgroup)).getText(): null

2018-06-18 14:08:18 - [TEST_STEP][PASSED] - Statement - If (reportgroupTxt == ""): null

2018-06-18 14:08:18 - [TEST_STEP][PASSED] - Statement - println("Report group does not have group name"): null

2018-06-18 14:08:18 - [TEST_STEP][PASSED] - Statement - reportgroup = "(//div[@class='ctable']/table/tbody/tr[@class='tdata clear'])[" + i + "]/td[7]": null

2018-06-18 14:08:18 - [TEST_STEP][PASSED] - Statement - reportgroupTxt = driver.findElement(org.openqa.selenium.By.xpath(reportgroup)).getText(): null

2018-06-18 14:08:18 - [TEST_STEP][PASSED] - Statement - If (reportgroupTxt == ""): null

2018-06-18 14:08:18 - [TEST_STEP][PASSED] - Statement - println("Report group does not have group name"): null

2018-06-18 14:08:18 - [TEST_STEP][PASSED] - Statement - reportgroup = "(//div[@class='ctable']/table/tbody/tr[@class='tdata clear'])[" + i + "]/td[7]": null

2018-06-18 14:08:18 - [TEST_STEP][PASSED] - Statement - reportgroupTxt = driver.findElement(org.openqa.selenium.By.xpath(reportgroup)).getText(): null

2018-06-18 14:08:18 - [TEST_STEP][PASSED] - Statement - If (reportgroupTxt == ""): null

2018-06-18 14:08:18 - [TEST_STEP][PASSED] - Statement - println("Report group does not have group name"): null

2018-06-18 14:08:18 - [TEST_STEP][PASSED] - Statement - reportgroup = "(//div[@class='ctable']/table/tbody/tr[@class='tdata clear'])[" + i + "]/td[7]": null

2018-06-18 14:08:18 - [TEST_STEP][PASSED] - Statement - reportgroupTxt = driver.findElement(org.openqa.selenium.By.xpath(reportgroup)).getText(): null

2018-06-18 14:08:18 - [TEST_STEP][PASSED] - Statement - If (reportgroupTxt == ""): null

2018-06-18 14:08:18 - [TEST_STEP][PASSED] - Statement - println("Report group does not have group name"): null

2018-06-18 14:08:18 - [TEST_STEP][PASSED] - Statement - reportgroup = "(//div[@class='ctable']/table/tbody/tr[@class='tdata clear'])[" + i + "]/td[7]": null

2018-06-18 14:08:18 - [TEST_STEP][PASSED] - Statement - reportgroupTxt = driver.findElement(org.openqa.selenium.By.xpath(reportgroup)).getText(): null

2018-06-18 14:08:18 - [TEST_STEP][PASSED] - Statement - If (reportgroupTxt == ""): null

2018-06-18 14:08:18 - [TEST_STEP][PASSED] - Statement - Else: null

2018-06-18 14:08:18 - [TEST_STEP][PASSED] - Statement - If (!(TCflag)): null

2018-06-18 14:08:18 - [TEST_STEP][PASSED] - Statement - reportgroup = "(//div[@class='ctable']/table/tbody/tr[@class='tdata clear'])[" + i + "]/td[7]": null

2018-06-18 14:08:18 - [TEST_STEP][PASSED] - Statement - reportgroupTxt = driver.findElement(org.openqa.selenium.By.xpath(reportgroup)).getText(): null

2018-06-18 14:08:18 - [TEST_STEP][PASSED] - Statement - If (reportgroupTxt == ""): null

2018-06-18 14:08:18 - [TEST_STEP][PASSED] - Statement - println("Report group does not have group name"): null

2018-06-18 14:08:18 - [TEST_STEP][PASSED] - Statement - reportgroup = "(//div[@class='ctable']/table/tbody/tr[@class='tdata clear'])[" + i + "]/td[7]": null

2018-06-18 14:08:18 - [TEST_STEP][PASSED] - Statement - reportgroupTxt = driver.findElement(org.openqa.selenium.By.xpath(reportgroup)).getText(): null

2018-06-18 14:08:18 - [TEST_STEP][PASSED] - Statement - If (reportgroupTxt == ""): null

2018-06-18 14:08:18 - [TEST_STEP][PASSED] - Statement - println("Report group does not have group name"): null

2018-06-18 14:08:18 - [TEST_STEP][PASSED] - Statement - reportgroup = "(//div[@class='ctable']/table/tbody/tr[@class='tdata clear'])[" + i + "]/td[7]": null

2018-06-18 14:08:18 - [TEST_STEP][PASSED] - Statement - reportgroupTxt = driver.findElement(org.openqa.selenium.By.xpath(reportgroup)).getText(): null

2018-06-18 14:08:18 - [TEST_STEP][PASSED] - Statement - If (reportgroupTxt == ""): null

2018-06-18 14:08:18 - [TEST_STEP][PASSED] - Statement - Else: null

2018-06-18 14:08:18 - [TEST_STEP][PASSED] - Statement - If (!(TCflag)): null

2018-06-18 14:08:18 - [TEST_STEP][PASSED] - Statement - reportgroup = "(//div[@class='ctable']/table/tbody/tr[@class='tdata clear'])[" + i + "]/td[7]": null

2018-06-18 14:08:18 - [TEST_STEP][PASSED] - Statement - reportgroupTxt = driver.findElement(org.openqa.selenium.By.xpath(reportgroup)).getText(): null

2018-06-18 14:08:18 - [TEST_STEP][PASSED] - Statement - If (reportgroupTxt == ""): null

2018-06-18 14:08:18 - [TEST_STEP][PASSED] - Statement - println("Report group does not have group name"): null

2018-06-18 14:08:18 - [TEST_STEP][PASSED] - Statement - reportgroup = "(//div[@class='ctable']/table/tbody/tr[@class='tdata clear'])[" + i + "]/td[7]": null

2018-06-18 14:08:18 - [TEST_STEP][PASSED] - Statement - reportgroupTxt = driver.findElement(org.openqa.selenium.By.xpath(reportgroup)).getText(): null

2018-06-18 14:08:18 - [TEST_STEP][PASSED] - Statement - If (reportgroupTxt == ""): null

2018-06-18 14:08:18 - [TEST_STEP][PASSED] - Statement - Else: null

2018-06-18 14:08:18 - [TEST_STEP][PASSED] - Statement - If (!(TCflag)): null

2018-06-18 14:08:18 - [TEST_STEP][PASSED] - Statement - reportgroup = "(//div[@class='ctable']/table/tbody/tr[@class='tdata clear'])[" + i + "]/td[7]": null

2018-06-18 14:08:18 - [TEST_STEP][PASSED] - Statement - reportgroupTxt = driver.findElement(org.openqa.selenium.By.xpath(reportgroup)).getText(): null

2018-06-18 14:08:18 - [TEST_STEP][PASSED] - Statement - If (reportgroupTxt == ""): null

2018-06-18 14:08:18 - [TEST_STEP][PASSED] - Statement - println("Report group does not have group name"): null

2018-06-18 14:08:18 - [TEST_STEP][PASSED] - Statement - reportgroup = "(//div[@class='ctable']/table/tbody/tr[@class='tdata clear'])[" + i + "]/td[7]": null

2018-06-18 14:08:18 - [TEST_STEP][PASSED] - Statement - reportgroupTxt = driver.findElement(org.openqa.selenium.By.xpath(reportgroup)).getText(): null

2018-06-18 14:08:18 - [TEST_STEP][PASSED] - Statement - If (reportgroupTxt == ""): null

2018-06-18 14:08:18 - [TEST_STEP][PASSED] - Statement - println("Report group does not have group name"): null

2018-06-18 14:08:18 - [TEST_STEP][PASSED] - Statement - reportgroup = "(//div[@class='ctable']/table/tbody/tr[@class='tdata clear'])[" + i + "]/td[7]": null

2018-06-18 14:08:18 - [TEST_STEP][PASSED] - Statement - reportgroupTxt = driver.findElement(org.openqa.selenium.By.xpath(reportgroup)).getText(): null

2018-06-18 14:08:18 - [TEST_STEP][PASSED] - Statement - If (reportgroupTxt == ""): null

2018-06-18 14:08:18 - [TEST_STEP][PASSED] - Statement - println("Report group does not have group name"): null

2018-06-18 14:08:18 - [TEST_STEP][PASSED] - Statement - reportgroup = "(//div[@class='ctable']/table/tbody/tr[@class='tdata clear'])[" + i + "]/td[7]": null

2018-06-18 14:08:18 - [TEST_STEP][PASSED] - Statement - reportgroupTxt = driver.findElement(org.openqa.selenium.By.xpath(reportgroup)).getText(): null

2018-06-18 14:08:18 - [TEST_STEP][PASSED] - Statement - If (reportgroupTxt == ""): null

2018-06-18 14:08:18 - [TEST_STEP][PASSED] - Statement - Else: null

2018-06-18 14:08:18 - [TEST_STEP][PASSED] - Statement - If (!(TCflag)): null

2018-06-18 14:08:18 - [TEST_STEP][PASSED] - Statement - reportgroup = "(//div[@class='ctable']/table/tbody/tr[@class='tdata clear'])[" + i + "]/td[7]": null

2018-06-18 14:08:18 - [TEST_STEP][PASSED] - Statement - reportgroupTxt = driver.findElement(org.openqa.selenium.By.xpath(reportgroup)).getText(): null

2018-06-18 14:08:18 - [TEST_STEP][PASSED] - Statement - If (reportgroupTxt == ""): null

2018-06-18 14:08:18 - [TEST_STEP][PASSED] - Statement - println("Report group does not have group name"): null

2018-06-18 14:08:18 - [TEST_STEP][PASSED] - Statement - reportgroup = "(//div[@class='ctable']/table/tbody/tr[@class='tdata clear'])[" + i + "]/td[7]": null

2018-06-18 14:08:18 - [TEST_STEP][PASSED] - Statement - reportgroupTxt = driver.findElement(org.openqa.selenium.By.xpath(reportgroup)).getText(): null

2018-06-18 14:08:18 - [TEST_STEP][PASSED] - Statement - If (reportgroupTxt == ""): null

2018-06-18 14:08:18 - [TEST_STEP][PASSED] - Statement - println("Report group does not have group name"): null

2018-06-18 14:08:18 - [TEST_STEP][PASSED] - Statement - reportgroup = "(//div[@class='ctable']/table/tbody/tr[@class='tdata clear'])[" + i + "]/td[7]": null

2018-06-18 14:08:18 - [TEST_STEP][PASSED] - Statement - reportgroupTxt = driver.findElement(org.openqa.selenium.By.xpath(reportgroup)).getText(): null

2018-06-18 14:08:18 - [TEST_STEP][PASSED] - Statement - If (reportgroupTxt == ""): null

2018-06-18 14:08:18 - [TEST_STEP][PASSED] - Statement - println("Report group does not have group name"): null

2018-06-18 14:08:18 - [TEST_STEP][PASSED] - Statement - reportgroup = "(//div[@class='ctable']/table/tbody/tr[@class='tdata clear'])[" + i + "]/td[7]": null

2018-06-18 14:08:18 - [TEST_STEP][PASSED] - Statement - reportgroupTxt = driver.findElement(org.openqa.selenium.By.xpath(reportgroup)).getText(): null

2018-06-18 14:08:18 - [TEST_STEP][PASSED] - Statement - If (reportgroupTxt == ""): null

2018-06-18 14:08:18 - [TEST_STEP][PASSED] - Statement - println("Report group does not have group name"): null

2018-06-18 14:08:18 - [TEST_STEP][PASSED] - Statement - reportgroup = "(//div[@class='ctable']/table/tbody/tr[@class='tdata clear'])[" + i + "]/td[7]": null

2018-06-18 14:08:18 - [TEST_STEP][PASSED] - Statement - reportgroupTxt = driver.findElement(org.openqa.selenium.By.xpath(reportgroup)).getText(): null

2018-06-18 14:08:18 - [TEST_STEP][PASSED] - Statement - If (reportgroupTxt == ""): null

2018-06-18 14:08:18 - [TEST_STEP][PASSED] - Statement - println("Report group does not have group name"): null

2018-06-18 14:08:18 - [TEST_STEP][PASSED] - Statement - reportgroup = "(//div[@class='ctable']/table/tbody/tr[@class='tdata clear'])[" + i + "]/td[7]": null

2018-06-18 14:08:18 - [TEST_STEP][PASSED] - Statement - reportgroupTxt = driver.findElement(org.openqa.selenium.By.xpath(reportgroup)).getText(): null

2018-06-18 14:08:18 - [TEST_STEP][PASSED] - Statement - If (reportgroupTxt == ""): null

2018-06-18 14:08:18 - [TEST_STEP][PASSED] - Statement - println("Report group does not have group name"): null

2018-06-18 14:08:18 - [TEST_STEP][PASSED] - Statement - reportgroup = "(//div[@class='ctable']/table/tbody/tr[@class='tdata clear'])[" + i + "]/td[7]": null

2018-06-18 14:08:18 - [TEST_STEP][PASSED] - Statement - reportgroupTxt = driver.findElement(org.openqa.selenium.By.xpath(reportgroup)).getText(): null

2018-06-18 14:08:18 - [TEST_STEP][PASSED] - Statement - If (reportgroupTxt == ""): null

2018-06-18 14:08:18 - [TEST_STEP][PASSED] - Statement - println("Report group does not have group name"): null

2018-06-18 14:08:18 - [TEST_STEP][PASSED] - Statement - reportgroup = "(//div[@class='ctable']/table/tbody/tr[@class='tdata clear'])[" + i + "]/td[7]": null

2018-06-18 14:08:18 - [TEST_STEP][PASSED] - Statement - reportgroupTxt = driver.findElement(org.openqa.selenium.By.xpath(reportgroup)).getText(): null

2018-06-18 14:08:18 - [TEST_STEP][PASSED] - Statement - If (reportgroupTxt == ""): null

2018-06-18 14:08:18 - [TEST_STEP][PASSED] - Statement - println("Report group does not have group name"): null

2018-06-18 14:08:18 - [TEST_STEP][PASSED] - Statement - reportgroup = "(//div[@class='ctable']/table/tbody/tr[@class='tdata clear'])[" + i + "]/td[7]": null

2018-06-18 14:08:18 - [TEST_STEP][PASSED] - Statement - reportgroupTxt = driver.findElement(org.openqa.selenium.By.xpath(reportgroup)).getText(): null

2018-06-18 14:08:18 - [TEST_STEP][PASSED] - Statement - If (reportgroupTxt == ""): null

2018-06-18 14:08:18 - [TEST_STEP][PASSED] - Statement - println("Report group does not have group name"): null

2018-06-18 14:08:18 - [TEST_STEP][PASSED] - Statement - reportgroup = "(//div[@class='ctable']/table/tbody/tr[@class='tdata clear'])[" + i + "]/td[7]": null

2018-06-18 14:08:18 - [TEST_STEP][PASSED] - Statement - reportgroupTxt = driver.findElement(org.openqa.selenium.By.xpath(reportgroup)).getText(): null

2018-06-18 14:08:18 - [TEST_STEP][PASSED] - Statement - If (reportgroupTxt == ""): null

2018-06-18 14:08:18 - [TEST_STEP][PASSED] - Statement - println("Report group does not have group name"): null

2018-06-18 14:08:18 - [TEST_STEP][PASSED] - Statement - reportgroup = "(//div[@class='ctable']/table/tbody/tr[@class='tdata clear'])[" + i + "]/td[7]": null

2018-06-18 14:08:18 - [TEST_STEP][PASSED] - Statement - reportgroupTxt = driver.findElement(org.openqa.selenium.By.xpath(reportgroup)).getText(): null

2018-06-18 14:08:18 - [TEST_STEP][PASSED] - Statement - If (reportgroupTxt == ""): null

2018-06-18 14:08:18 - [TEST_STEP][PASSED] - Statement - println("Report group does not have group name"): null

2018-06-18 14:08:18 - [TEST_STEP][PASSED] - Statement - reportgroup = "(//div[@class='ctable']/table/tbody/tr[@class='tdata clear'])[" + i + "]/td[7]": null

2018-06-18 14:08:18 - [TEST_STEP][PASSED] - Statement - reportgroupTxt = driver.findElement(org.openqa.selenium.By.xpath(reportgroup)).getText(): null

2018-06-18 14:08:18 - [TEST_STEP][PASSED] - Statement - If (reportgroupTxt == ""): null

2018-06-18 14:08:18 - [TEST_STEP][PASSED] - Statement - println("Report group does not have group name"): null

2018-06-18 14:08:18 - [TEST_STEP][PASSED] - Statement - reportgroup = "(//div[@class='ctable']/table/tbody/tr[@class='tdata clear'])[" + i + "]/td[7]": null

2018-06-18 14:08:18 - [TEST_STEP][PASSED] - Statement - reportgroupTxt = driver.findElement(org.openqa.selenium.By.xpath(reportgroup)).getText(): null

2018-06-18 14:08:18 - [TEST_STEP][PASSED] - Statement - If (reportgroupTxt == ""): null

2018-06-18 14:08:18 - [TEST_STEP][PASSED] - Statement - println("Report group does not have group name"): null

2018-06-18 14:08:18 - [TEST_STEP][PASSED] - Statement - reportgroup = "(//div[@class='ctable']/table/tbody/tr[@class='tdata clear'])[" + i + "]/td[7]": null

2018-06-18 14:08:18 - [TEST_STEP][PASSED] - Statement - reportgroupTxt = driver.findElement(org.openqa.selenium.By.xpath(reportgroup)).getText(): null

2018-06-18 14:08:19 - [TEST_STEP][PASSED] - Statement - If (reportgroupTxt == ""): null

2018-06-18 14:08:19 - [TEST_STEP][PASSED] - Statement - println("Report group does not have group name"): null

2018-06-18 14:08:19 - [TEST_STEP][PASSED] - Statement - reportgroup = "(//div[@class='ctable']/table/tbody/tr[@class='tdata clear'])[" + i + "]/td[7]": null

2018-06-18 14:08:19 - [TEST_STEP][PASSED] - Statement - reportgroupTxt = driver.findElement(org.openqa.selenium.By.xpath(reportgroup)).getText(): null

2018-06-18 14:08:19 - [TEST_STEP][PASSED] - Statement - If (reportgroupTxt == ""): null

2018-06-18 14:08:19 - [TEST_STEP][PASSED] - Statement - println("Report group does not have group name"): null

2018-06-18 14:08:19 - [TEST_STEP][PASSED] - Statement - reportgroup = "(//div[@class='ctable']/table/tbody/tr[@class='tdata clear'])[" + i + "]/td[7]": null

2018-06-18 14:08:19 - [TEST_STEP][PASSED] - Statement - reportgroupTxt = driver.findElement(org.openqa.selenium.By.xpath(reportgroup)).getText(): null

2018-06-18 14:08:19 - [TEST_STEP][PASSED] - Statement - If (reportgroupTxt == ""): null

2018-06-18 14:08:19 - [TEST_STEP][PASSED] - Statement - println("Report group does not have group name"): null

2018-06-18 14:08:19 - [TEST_STEP][PASSED] - Statement - reportgroup = "(//div[@class='ctable']/table/tbody/tr[@class='tdata clear'])[" + i + "]/td[7]": null

2018-06-18 14:08:19 - [TEST_STEP][PASSED] - Statement - reportgroupTxt = driver.findElement(org.openqa.selenium.By.xpath(reportgroup)).getText(): null

2018-06-18 14:08:19 - [TEST_STEP][PASSED] - Statement - If (reportgroupTxt == ""): null

2018-06-18 14:08:19 - [TEST_STEP][PASSED] - Statement - println("Report group does not have group name"): null

2018-06-18 14:08:19 - [TEST_STEP][PASSED] - Statement - reportgroup = "(//div[@class='ctable']/table/tbody/tr[@class='tdata clear'])[" + i + "]/td[7]": null

2018-06-18 14:08:19 - [TEST_STEP][PASSED] - Statement - reportgroupTxt = driver.findElement(org.openqa.selenium.By.xpath(reportgroup)).getText(): null

2018-06-18 14:08:19 - [TEST_STEP][PASSED] - Statement - If (reportgroupTxt == ""): null

2018-06-18 14:08:19 - [TEST_STEP][PASSED] - Statement - println("Report group does not have group name"): null

2018-06-18 14:08:19 - [TEST_STEP][PASSED] - Statement - reportgroup = "(//div[@class='ctable']/table/tbody/tr[@class='tdata clear'])[" + i + "]/td[7]": null

2018-06-18 14:08:19 - [TEST_STEP][PASSED] - Statement - reportgroupTxt = driver.findElement(org.openqa.selenium.By.xpath(reportgroup)).getText(): null

2018-06-18 14:08:19 - [TEST_STEP][PASSED] - Statement - If (reportgroupTxt == ""): null

2018-06-18 14:08:19 - [TEST_STEP][PASSED] - Statement - println("Report group does not have group name"): null

2018-06-18 14:08:19 - [TEST_STEP][PASSED] - Statement - reportgroup = "(//div[@class='ctable']/table/tbody/tr[@class='tdata clear'])[" + i + "]/td[7]": null

2018-06-18 14:08:19 - [TEST_STEP][PASSED] - Statement - reportgroupTxt = driver.findElement(org.openqa.selenium.By.xpath(reportgroup)).getText(): null

2018-06-18 14:08:19 - [TEST_STEP][PASSED] - Statement - If (reportgroupTxt == ""): null

2018-06-18 14:08:19 - [TEST_STEP][PASSED] - Statement - println("Report group does not have group name"): null

2018-06-18 14:08:19 - [TEST_STEP][PASSED] - Statement - reportgroup = "(//div[@class='ctable']/table/tbody/tr[@class='tdata clear'])[" + i + "]/td[7]": null

2018-06-18 14:08:19 - [TEST_STEP][PASSED] - Statement - reportgroupTxt = driver.findElement(org.openqa.selenium.By.xpath(reportgroup)).getText(): null

2018-06-18 14:08:19 - [TEST_STEP][PASSED] - Statement - If (reportgroupTxt == ""): null

2018-06-18 14:08:19 - [TEST_STEP][PASSED] - Statement - Else: null

2018-06-18 14:08:19 - [TEST_STEP][PASSED] - Statement - If (!(TCflag)): null

2018-06-18 14:08:19 - [TEST_STEP][PASSED] - Statement - reportgroup = "(//div[@class='ctable']/table/tbody/tr[@class='tdata clear'])[" + i + "]/td[7]": null

2018-06-18 14:08:19 - [TEST_STEP][PASSED] - Statement - reportgroupTxt = driver.findElement(org.openqa.selenium.By.xpath(reportgroup)).getText(): null

2018-06-18 14:08:19 - [TEST_STEP][PASSED] - Statement - If (reportgroupTxt == ""): null

2018-06-18 14:08:19 - [TEST_STEP][PASSED] - Statement - println("Report group does not have group name"): null

2018-06-18 14:08:19 - [TEST_STEP][PASSED] - Statement - reportgroup = "(//div[@class='ctable']/table/tbody/tr[@class='tdata clear'])[" + i + "]/td[7]": null

2018-06-18 14:08:19 - [TEST_STEP][PASSED] - Statement - reportgroupTxt = driver.findElement(org.openqa.selenium.By.xpath(reportgroup)).getText(): null

2018-06-18 14:08:19 - [TEST_STEP][PASSED] - Statement - If (reportgroupTxt == ""): null

2018-06-18 14:08:19 - [TEST_STEP][PASSED] - Statement - Else: null

2018-06-18 14:08:19 - [TEST_STEP][PASSED] - Statement - If (!(TCflag)): null

2018-06-18 14:08:19 - [TEST_STEP][PASSED] - Statement - reportgroup = "(//div[@class='ctable']/table/tbody/tr[@class='tdata clear'])[" + i + "]/td[7]": null

2018-06-18 14:08:19 - [TEST_STEP][PASSED] - Statement - reportgroupTxt = driver.findElement(org.openqa.selenium.By.xpath(reportgroup)).getText(): null

2018-06-18 14:08:19 - [TEST_STEP][PASSED] - Statement - If (reportgroupTxt == ""): null

2018-06-18 14:08:19 - [TEST_STEP][PASSED] - Statement - println("Report group does not have group name"): null

2018-06-18 14:08:19 - [TEST_STEP][PASSED] - Statement - reportgroup = "(//div[@class='ctable']/table/tbody/tr[@class='tdata clear'])[" + i + "]/td[7]": null

2018-06-18 14:08:19 - [TEST_STEP][PASSED] - Statement - reportgroupTxt = driver.findElement(org.openqa.selenium.By.xpath(reportgroup)).getText(): null

2018-06-18 14:08:19 - [TEST_STEP][PASSED] - Statement - If (reportgroupTxt == ""): null

2018-06-18 14:08:19 - [TEST_STEP][PASSED] - Statement - println("Report group does not have group name"): null

2018-06-18 14:08:19 - [TEST_STEP][PASSED] - Statement - reportgroup = "(//div[@class='ctable']/table/tbody/tr[@class='tdata clear'])[" + i + "]/td[7]": null

2018-06-18 14:08:19 - [TEST_STEP][PASSED] - Statement - reportgroupTxt = driver.findElement(org.openqa.selenium.By.xpath(reportgroup)).getText(): null

2018-06-18 14:08:19 - [TEST_STEP][PASSED] - Statement - If (reportgroupTxt == ""): null

2018-06-18 14:08:19 - [TEST_STEP][PASSED] - Statement - println("Report group does not have group name"): null

2018-06-18 14:08:19 - [TEST_STEP][PASSED] - Statement - reportgroup = "(//div[@class='ctable']/table/tbody/tr[@class='tdata clear'])[" + i + "]/td[7]": null

2018-06-18 14:08:19 - [TEST_STEP][PASSED] - Statement - reportgroupTxt = driver.findElement(org.openqa.selenium.By.xpath(reportgroup)).getText(): null

2018-06-18 14:08:19 - [TEST_STEP][PASSED] - Statement - If (reportgroupTxt == ""): null

2018-06-18 14:08:19 - [TEST_STEP][PASSED] - Statement - println("Report group does not have group name"): null

2018-06-18 14:08:19 - [TEST_STEP][PASSED] - Statement - reportgroup = "(//div[@class='ctable']/table/tbody/tr[@class='tdata clear'])[" + i + "]/td[7]": null

2018-06-18 14:08:19 - [TEST_STEP][PASSED] - Statement - reportgroupTxt = driver.findElement(org.openqa.selenium.By.xpath(reportgroup)).getText(): null

2018-06-18 14:08:19 - [TEST_STEP][PASSED] - Statement - If (reportgroupTxt == ""): null

2018-06-18 14:08:19 - [TEST_STEP][PASSED] - Statement - Else: null

2018-06-18 14:08:19 - [TEST_STEP][PASSED] - Statement - If (!(TCflag)): null

2018-06-18 14:08:19 - [TEST_STEP][PASSED] - Statement - reportgroup = "(//div[@class='ctable']/table/tbody/tr[@class='tdata clear'])[" + i + "]/td[7]": null

2018-06-18 14:08:19 - [TEST_STEP][PASSED] - Statement - reportgroupTxt = driver.findElement(org.openqa.selenium.By.xpath(reportgroup)).getText(): null

2018-06-18 14:08:19 - [TEST_STEP][PASSED] - Statement - If (reportgroupTxt == ""): null

2018-06-18 14:08:19 - [TEST_STEP][PASSED] - Statement - println("Report group does not have group name"): null

2018-06-18 14:08:19 - [TEST_STEP][PASSED] - Statement - reportgroup = "(//div[@class='ctable']/table/tbody/tr[@class='tdata clear'])[" + i + "]/td[7]": null

2018-06-18 14:08:19 - [TEST_STEP][PASSED] - Statement - reportgroupTxt = driver.findElement(org.openqa.selenium.By.xpath(reportgroup)).getText(): null

2018-06-18 14:08:19 - [TEST_STEP][PASSED] - Statement - If (reportgroupTxt == ""): null

2018-06-18 14:08:19 - [TEST_STEP][PASSED] - Statement - println("Report group does not have group name"): null

2018-06-18 14:08:19 - [TEST_STEP][PASSED] - Statement - reportgroup = "(//div[@class='ctable']/table/tbody/tr[@class='tdata clear'])[" + i + "]/td[7]": null

2018-06-18 14:08:19 - [TEST_STEP][PASSED] - Statement - reportgroupTxt = driver.findElement(org.openqa.selenium.By.xpath(reportgroup)).getText(): null

2018-06-18 14:08:19 - [TEST_STEP][PASSED] - Statement - If (reportgroupTxt == ""): null

2018-06-18 14:08:19 - [TEST_STEP][PASSED] - Statement - println("Report group does not have group name"): null

2018-06-18 14:08:19 - [TEST_STEP][PASSED] - Statement - reportgroup = "(//div[@class='ctable']/table/tbody/tr[@class='tdata clear'])[" + i + "]/td[7]": null

2018-06-18 14:08:19 - [TEST_STEP][PASSED] - Statement - reportgroupTxt = driver.findElement(org.openqa.selenium.By.xpath(reportgroup)).getText(): null

2018-06-18 14:08:19 - [TEST_STEP][PASSED] - Statement - If (reportgroupTxt == ""): null

2018-06-18 14:08:19 - [TEST_STEP][PASSED] - Statement - println("Report group does not have group name"): null

2018-06-18 14:08:19 - [TEST_STEP][PASSED] - Statement - reportgroup = "(//div[@class='ctable']/table/tbody/tr[@class='tdata clear'])[" + i + "]/td[7]": null

2018-06-18 14:08:19 - [TEST_STEP][PASSED] - Statement - reportgroupTxt = driver.findElement(org.openqa.selenium.By.xpath(reportgroup)).getText(): null

2018-06-18 14:08:19 - [TEST_STEP][PASSED] - Statement - If (reportgroupTxt == ""): null

2018-06-18 14:08:19 - [TEST_STEP][PASSED] - Statement - Else: null

2018-06-18 14:08:19 - [TEST_STEP][PASSED] - Statement - If (!(TCflag)): null

2018-06-18 14:08:19 - [TEST_STEP][PASSED] - Statement - reportgroup = "(//div[@class='ctable']/table/tbody/tr[@class='tdata clear'])[" + i + "]/td[7]": null

2018-06-18 14:08:19 - [TEST_STEP][PASSED] - Statement - reportgroupTxt = driver.findElement(org.openqa.selenium.By.xpath(reportgroup)).getText(): null

2018-06-18 14:08:19 - [TEST_STEP][PASSED] - Statement - If (reportgroupTxt == ""): null

2018-06-18 14:08:19 - [TEST_STEP][PASSED] - Statement - Else: null

2018-06-18 14:08:19 - [TEST_STEP][PASSED] - Statement - If (!(TCflag)): null

2018-06-18 14:08:19 - [TEST_STEP][PASSED] - Statement - reportgroup = "(//div[@class='ctable']/table/tbody/tr[@class='tdata clear'])[" + i + "]/td[7]": null

2018-06-18 14:08:19 - [TEST_STEP][PASSED] - Statement - reportgroupTxt = driver.findElement(org.openqa.selenium.By.xpath(reportgroup)).getText(): null

2018-06-18 14:08:19 - [TEST_STEP][PASSED] - Statement - If (reportgroupTxt == ""): null

2018-06-18 14:08:19 - [TEST_STEP][PASSED] - Statement - println("Report group does not have group name"): null

2018-06-18 14:08:19 - [TEST_STEP][PASSED] - Statement - reportgroup = "(//div[@class='ctable']/table/tbody/tr[@class='tdata clear'])[" + i + "]/td[7]": null

2018-06-18 14:08:19 - [TEST_STEP][PASSED] - Statement - reportgroupTxt = driver.findElement(org.openqa.selenium.By.xpath(reportgroup)).getText(): null

2018-06-18 14:08:19 - [TEST_STEP][PASSED] - Statement - If (reportgroupTxt == ""): null

2018-06-18 14:08:19 - [TEST_STEP][PASSED] - Statement - println("Report group does not have group name"): null

2018-06-18 14:08:19 - [TEST_STEP][PASSED] - Statement - reportgroup = "(//div[@class='ctable']/table/tbody/tr[@class='tdata clear'])[" + i + "]/td[7]": null

2018-06-18 14:08:19 - [TEST_STEP][PASSED] - Statement - reportgroupTxt = driver.findElement(org.openqa.selenium.By.xpath(reportgroup)).getText(): null

2018-06-18 14:08:19 - [TEST_STEP][PASSED] - Statement - If (reportgroupTxt == ""): null

2018-06-18 14:08:19 - [TEST_STEP][PASSED] - Statement - println("Report group does not have group name"): null

2018-06-18 14:08:19 - [TEST_STEP][PASSED] - Statement - reportgroup = "(//div[@class='ctable']/table/tbody/tr[@class='tdata clear'])[" + i + "]/td[7]": null

2018-06-18 14:08:19 - [TEST_STEP][PASSED] - Statement - reportgroupTxt = driver.findElement(org.openqa.selenium.By.xpath(reportgroup)).getText(): null

2018-06-18 14:08:19 - [TEST_STEP][PASSED] - Statement - If (reportgroupTxt == ""): null

2018-06-18 14:08:19 - [TEST_STEP][PASSED] - Statement - println("Report group does not have group name"): null

2018-06-18 14:08:19 - [TEST_STEP][PASSED] - Statement - reportgroup = "(//div[@class='ctable']/table/tbody/tr[@class='tdata clear'])[" + i + "]/td[7]": null

2018-06-18 14:08:19 - [TEST_STEP][PASSED] - Statement - reportgroupTxt = driver.findElement(org.openqa.selenium.By.xpath(reportgroup)).getText(): null

2018-06-18 14:08:19 - [TEST_STEP][PASSED] - Statement - If (reportgroupTxt == ""): null

2018-06-18 14:08:19 - [TEST_STEP][PASSED] - Statement - println("Report group does not have group name"): null

2018-06-18 14:08:19 - [TEST_STEP][PASSED] - Statement - reportgroup = "(//div[@class='ctable']/table/tbody/tr[@class='tdata clear'])[" + i + "]/td[7]": null

2018-06-18 14:08:19 - [TEST_STEP][PASSED] - Statement - reportgroupTxt = driver.findElement(org.openqa.selenium.By.xpath(reportgroup)).getText(): null

2018-06-18 14:08:19 - [TEST_STEP][PASSED] - Statement - If (reportgroupTxt == ""): null

2018-06-18 14:08:19 - [TEST_STEP][PASSED] - Statement - Else: null

2018-06-18 14:08:19 - [TEST_STEP][PASSED] - Statement - If (!(TCflag)): null

2018-06-18 14:08:19 - [TEST_STEP][PASSED] - Statement - reportgroup = "(//div[@class='ctable']/table/tbody/tr[@class='tdata clear'])[" + i + "]/td[7]": null

2018-06-18 14:08:19 - [TEST_STEP][PASSED] - Statement - reportgroupTxt = driver.findElement(org.openqa.selenium.By.xpath(reportgroup)).getText(): null

2018-06-18 14:08:19 - [TEST_STEP][PASSED] - Statement - If (reportgroupTxt == ""): null

2018-06-18 14:08:19 - [TEST_STEP][PASSED] - Statement - println("Report group does not have group name"): null

2018-06-18 14:08:19 - [TEST_STEP][PASSED] - Statement - reportgroup = "(//div[@class='ctable']/table/tbody/tr[@class='tdata clear'])[" + i + "]/td[7]": null

2018-06-18 14:08:19 - [TEST_STEP][PASSED] - Statement - reportgroupTxt = driver.findElement(org.openqa.selenium.By.xpath(reportgroup)).getText(): null

2018-06-18 14:08:19 - [TEST_STEP][PASSED] - Statement - If (reportgroupTxt == ""): null

2018-06-18 14:08:19 - [TEST_STEP][PASSED] - Statement - println("Report group does not have group name"): null

2018-06-18 14:08:19 - [TEST_STEP][PASSED] - Statement - reportgroup = "(//div[@class='ctable']/table/tbody/tr[@class='tdata clear'])[" + i + "]/td[7]": null

2018-06-18 14:08:19 - [TEST_STEP][PASSED] - Statement - reportgroupTxt = driver.findElement(org.openqa.selenium.By.xpath(reportgroup)).getText(): null

2018-06-18 14:08:19 - [TEST_STEP][PASSED] - Statement - If (reportgroupTxt == ""): null

2018-06-18 14:08:19 - [TEST_STEP][PASSED] - Statement - Else: null

2018-06-18 14:08:19 - [TEST_STEP][PASSED] - Statement - If (!(TCflag)): null

2018-06-18 14:08:19 - [TEST_STEP][PASSED] - Statement - reportgroup = "(//div[@class='ctable']/table/tbody/tr[@class='tdata clear'])[" + i + "]/td[7]": null

2018-06-18 14:08:19 - [TEST_STEP][PASSED] - Statement - reportgroupTxt = driver.findElement(org.openqa.selenium.By.xpath(reportgroup)).getText(): null

2018-06-18 14:08:19 - [TEST_STEP][PASSED] - Statement - If (reportgroupTxt == ""): null

2018-06-18 14:08:19 - [TEST_STEP][PASSED] - Statement - println("Report group does not have group name"): null

2018-06-18 14:08:19 - [TEST_STEP][PASSED] - Statement - reportgroup = "(//div[@class='ctable']/table/tbody/tr[@class='tdata clear'])[" + i + "]/td[7]": null

2018-06-18 14:08:19 - [TEST_STEP][PASSED] - Statement - reportgroupTxt = driver.findElement(org.openqa.selenium.By.xpath(reportgroup)).getText(): null

2018-06-18 14:08:19 - [TEST_STEP][PASSED] - Statement - If (reportgroupTxt == ""): null

2018-06-18 14:08:19 - [TEST_STEP][PASSED] - Statement - println("Report group does not have group name"): null

2018-06-18 14:08:19 - [TEST_STEP][PASSED] - Statement - reportgroup = "(//div[@class='ctable']/table/tbody/tr[@class='tdata clear'])[" + i + "]/td[7]": null

2018-06-18 14:08:19 - [TEST_STEP][PASSED] - Statement - reportgroupTxt = driver.findElement(org.openqa.selenium.By.xpath(reportgroup)).getText(): null

2018-06-18 14:08:19 - [TEST_STEP][PASSED] - Statement - If (reportgroupTxt == ""): null

2018-06-18 14:08:19 - [TEST_STEP][PASSED] - Statement - println("Report group does not have group name"): null

2018-06-18 14:08:19 - [TEST_STEP][PASSED] - Statement - reportgroup = "(//div[@class='ctable']/table/tbody/tr[@class='tdata clear'])[" + i + "]/td[7]": null

2018-06-18 14:08:19 - [TEST_STEP][PASSED] - Statement - reportgroupTxt = driver.findElement(org.openqa.selenium.By.xpath(reportgroup)).getText(): null

2018-06-18 14:08:19 - [TEST_STEP][PASSED] - Statement - If (reportgroupTxt == ""): null

2018-06-18 14:08:19 - [TEST_STEP][PASSED] - Statement - println("Report group does not have group name"): null

2018-06-18 14:08:19 - [TEST_STEP][PASSED] - Statement - reportgroup = "(//div[@class='ctable']/table/tbody/tr[@class='tdata clear'])[" + i + "]/td[7]": null

2018-06-18 14:08:19 - [TEST_STEP][PASSED] - Statement - reportgroupTxt = driver.findElement(org.openqa.selenium.By.xpath(reportgroup)).getText(): null

2018-06-18 14:08:19 - [TEST_STEP][PASSED] - Statement - If (reportgroupTxt == ""): null

2018-06-18 14:08:19 - [TEST_STEP][PASSED] - Statement - println("Report group does not have group name"): null

2018-06-18 14:08:19 - [TEST_STEP][PASSED] - Statement - reportgroup = "(//div[@class='ctable']/table/tbody/tr[@class='tdata clear'])[" + i + "]/td[7]": null

2018-06-18 14:08:19 - [TEST_STEP][PASSED] - Statement - reportgroupTxt = driver.findElement(org.openqa.selenium.By.xpath(reportgroup)).getText(): null

2018-06-18 14:08:20 - [TEST_STEP][PASSED] - Statement - If (reportgroupTxt == ""): null

2018-06-18 14:08:20 - [TEST_STEP][PASSED] - Statement - println("Report group does not have group name"): null

2018-06-18 14:08:20 - [TEST_STEP][PASSED] - Statement - reportgroup = "(//div[@class='ctable']/table/tbody/tr[@class='tdata clear'])[" + i + "]/td[7]": null

2018-06-18 14:08:20 - [TEST_STEP][PASSED] - Statement - reportgroupTxt = driver.findElement(org.openqa.selenium.By.xpath(reportgroup)).getText(): null

2018-06-18 14:08:20 - [TEST_STEP][PASSED] - Statement - If (reportgroupTxt == ""): null

2018-06-18 14:08:20 - [TEST_STEP][PASSED] - Statement - println("Report group does not have group name"): null

2018-06-18 14:08:20 - [TEST_STEP][PASSED] - Statement - reportgroup = "(//div[@class='ctable']/table/tbody/tr[@class='tdata clear'])[" + i + "]/td[7]": null

2018-06-18 14:08:20 - [TEST_STEP][PASSED] - Statement - reportgroupTxt = driver.findElement(org.openqa.selenium.By.xpath(reportgroup)).getText(): null

2018-06-18 14:08:20 - [TEST_STEP][PASSED] - Statement - If (reportgroupTxt == ""): null

2018-06-18 14:08:20 - [TEST_STEP][PASSED] - Statement - println("Report group does not have group name"): null

2018-06-18 14:08:20 - [TEST_STEP][PASSED] - Statement - reportgroup = "(//div[@class='ctable']/table/tbody/tr[@class='tdata clear'])[" + i + "]/td[7]": null

2018-06-18 14:08:20 - [TEST_STEP][PASSED] - Statement - reportgroupTxt = driver.findElement(org.openqa.selenium.By.xpath(reportgroup)).getText(): null

2018-06-18 14:08:20 - [TEST_STEP][PASSED] - Statement - If (reportgroupTxt == ""): null

2018-06-18 14:08:20 - [TEST_STEP][PASSED] - Statement - println("Report group does not have group name"): null

2018-06-18 14:08:20 - [TEST_STEP][PASSED] - Statement - reportgroup = "(//div[@class='ctable']/table/tbody/tr[@class='tdata clear'])[" + i + "]/td[7]": null

2018-06-18 14:08:20 - [TEST_STEP][PASSED] - Statement - reportgroupTxt = driver.findElement(org.openqa.selenium.By.xpath(reportgroup)).getText(): null

2018-06-18 14:08:20 - [TEST_STEP][PASSED] - Statement - If (reportgroupTxt == ""): null

2018-06-18 14:08:20 - [TEST_STEP][PASSED] - Statement - Else: null

2018-06-18 14:08:20 - [TEST_STEP][PASSED] - Statement - If (!(TCflag)): null

2018-06-18 14:08:20 - [TEST_STEP][PASSED] - Statement - reportgroup = "(//div[@class='ctable']/table/tbody/tr[@class='tdata clear'])[" + i + "]/td[7]": null

2018-06-18 14:08:20 - [TEST_STEP][PASSED] - Statement - reportgroupTxt = driver.findElement(org.openqa.selenium.By.xpath(reportgroup)).getText(): null

2018-06-18 14:08:20 - [TEST_STEP][PASSED] - Statement - If (reportgroupTxt == ""): null

2018-06-18 14:08:20 - [TEST_STEP][PASSED] - Statement - println("Report group does not have group name"): null

2018-06-18 14:08:20 - [TEST_STEP][PASSED] - Statement - reportgroup = "(//div[@class='ctable']/table/tbody/tr[@class='tdata clear'])[" + i + "]/td[7]": null

2018-06-18 14:08:20 - [TEST_STEP][PASSED] - Statement - reportgroupTxt = driver.findElement(org.openqa.selenium.By.xpath(reportgroup)).getText(): null

2018-06-18 14:08:20 - [TEST_STEP][PASSED] - Statement - If (reportgroupTxt == ""): null

2018-06-18 14:08:20 - [TEST_STEP][PASSED] - Statement - println("Report group does not have group name"): null

2018-06-18 14:08:20 - [TEST_STEP][PASSED] - Statement - reportgroup = "(//div[@class='ctable']/table/tbody/tr[@class='tdata clear'])[" + i + "]/td[7]": null

2018-06-18 14:08:20 - [TEST_STEP][PASSED] - Statement - reportgroupTxt = driver.findElement(org.openqa.selenium.By.xpath(reportgroup)).getText(): null

2018-06-18 14:08:20 - [TEST_STEP][PASSED] - Statement - If (reportgroupTxt == ""): null

2018-06-18 14:08:20 - [TEST_STEP][PASSED] - Statement - Else: null

2018-06-18 14:08:20 - [TEST_STEP][PASSED] - Statement - If (!(TCflag)): null

2018-06-18 14:08:20 - [TEST_STEP][PASSED] - Statement - reportgroup = "(//div[@class='ctable']/table/tbody/tr[@class='tdata clear'])[" + i + "]/td[7]": null

2018-06-18 14:08:20 - [TEST_STEP][PASSED] - Statement - reportgroupTxt = driver.findElement(org.openqa.selenium.By.xpath(reportgroup)).getText(): null

2018-06-18 14:08:20 - [TEST_STEP][PASSED] - Statement - If (reportgroupTxt == ""): null

2018-06-18 14:08:20 - [TEST_STEP][PASSED] - Statement - println("Report group does not have group name"): null

2018-06-18 14:08:20 - [TEST_STEP][PASSED] - Statement - reportgroup = "(//div[@class='ctable']/table/tbody/tr[@class='tdata clear'])[" + i + "]/td[7]": null

2018-06-18 14:08:20 - [TEST_STEP][PASSED] - Statement - reportgroupTxt = driver.findElement(org.openqa.selenium.By.xpath(reportgroup)).getText(): null

2018-06-18 14:08:20 - [TEST_STEP][PASSED] - Statement - If (reportgroupTxt == ""): null

2018-06-18 14:08:20 - [TEST_STEP][PASSED] - Statement - println("Report group does not have group name"): null

2018-06-18 14:08:20 - [TEST_STEP][PASSED] - Statement - reportgroup = "(//div[@class='ctable']/table/tbody/tr[@class='tdata clear'])[" + i + "]/td[7]": null

2018-06-18 14:08:20 - [TEST_STEP][PASSED] - Statement - reportgroupTxt = driver.findElement(org.openqa.selenium.By.xpath(reportgroup)).getText(): null

2018-06-18 14:08:20 - [TEST_STEP][PASSED] - Statement - If (reportgroupTxt == ""): null

2018-06-18 14:08:20 - [TEST_STEP][PASSED] - Statement - println("Report group does not have group name"): null

2018-06-18 14:08:20 - [TEST_STEP][PASSED] - Statement - reportgroup = "(//div[@class='ctable']/table/tbody/tr[@class='tdata clear'])[" + i + "]/td[7]": null

2018-06-18 14:08:20 - [TEST_STEP][PASSED] - Statement - reportgroupTxt = driver.findElement(org.openqa.selenium.By.xpath(reportgroup)).getText(): null

2018-06-18 14:08:20 - [TEST_STEP][PASSED] - Statement - If (reportgroupTxt == ""): null

2018-06-18 14:08:20 - [TEST_STEP][PASSED] - Statement - println("Report group does not have group name"): null

2018-06-18 14:08:20 - [TEST_STEP][PASSED] - Statement - reportgroup = "(//div[@class='ctable']/table/tbody/tr[@class='tdata clear'])[" + i + "]/td[7]": null

2018-06-18 14:08:20 - [TEST_STEP][PASSED] - Statement - reportgroupTxt = driver.findElement(org.openqa.selenium.By.xpath(reportgroup)).getText(): null

2018-06-18 14:08:20 - [TEST_STEP][PASSED] - Statement - If (reportgroupTxt == ""): null

2018-06-18 14:08:20 - [TEST_STEP][PASSED] - Statement - println("Report group does not have group name"): null

2018-06-18 14:08:20 - [TEST_STEP][PASSED] - Statement - reportgroup = "(//div[@class='ctable']/table/tbody/tr[@class='tdata clear'])[" + i + "]/td[7]": null

2018-06-18 14:08:20 - [TEST_STEP][PASSED] - Statement - reportgroupTxt = driver.findElement(org.openqa.selenium.By.xpath(reportgroup)).getText(): null

2018-06-18 14:08:20 - [TEST_STEP][PASSED] - Statement - If (reportgroupTxt == ""): null

2018-06-18 14:08:20 - [TEST_STEP][PASSED] - Statement - println("Report group does not have group name"): null

2018-06-18 14:08:20 - [TEST_STEP][PASSED] - Statement - reportgroup = "(//div[@class='ctable']/table/tbody/tr[@class='tdata clear'])[" + i + "]/td[7]": null

2018-06-18 14:08:20 - [TEST_STEP][PASSED] - Statement - reportgroupTxt = driver.findElement(org.openqa.selenium.By.xpath(reportgroup)).getText(): null

2018-06-18 14:08:20 - [TEST_STEP][PASSED] - Statement - If (reportgroupTxt == ""): null

2018-06-18 14:08:20 - [TEST_STEP][PASSED] - Statement - println("Report group does not have group name"): null

2018-06-18 14:08:20 - [TEST_STEP][PASSED] - Statement - reportgroup = "(//div[@class='ctable']/table/tbody/tr[@class='tdata clear'])[" + i + "]/td[7]": null

2018-06-18 14:08:20 - [TEST_STEP][PASSED] - Statement - reportgroupTxt = driver.findElement(org.openqa.selenium.By.xpath(reportgroup)).getText(): null

2018-06-18 14:08:20 - [TEST_STEP][PASSED] - Statement - If (reportgroupTxt == ""): null

2018-06-18 14:08:20 - [TEST_STEP][PASSED] - Statement - println("Report group does not have group name"): null

2018-06-18 14:08:20 - [TEST_STEP][PASSED] - Statement - reportgroup = "(//div[@class='ctable']/table/tbody/tr[@class='tdata clear'])[" + i + "]/td[7]": null

2018-06-18 14:08:20 - [TEST_STEP][PASSED] - Statement - reportgroupTxt = driver.findElement(org.openqa.selenium.By.xpath(reportgroup)).getText(): null

2018-06-18 14:08:20 - [TEST_STEP][PASSED] - Statement - If (reportgroupTxt == ""): null

2018-06-18 14:08:20 - [TEST_STEP][PASSED] - Statement - println("Report group does not have group name"): null

2018-06-18 14:08:20 - [TEST_STEP][PASSED] - Statement - reportgroup = "(//div[@class='ctable']/table/tbody/tr[@class='tdata clear'])[" + i + "]/td[7]": null

2018-06-18 14:08:20 - [TEST_STEP][PASSED] - Statement - reportgroupTxt = driver.findElement(org.openqa.selenium.By.xpath(reportgroup)).getText(): null

2018-06-18 14:08:20 - [TEST_STEP][PASSED] - Statement - If (reportgroupTxt == ""): null

2018-06-18 14:08:20 - [TEST_STEP][PASSED] - Statement - println("Report group does not have group name"): null

2018-06-18 14:08:20 - [TEST_STEP][PASSED] - Statement - reportgroup = "(//div[@class='ctable']/table/tbody/tr[@class='tdata clear'])[" + i + "]/td[7]": null

2018-06-18 14:08:20 - [TEST_STEP][PASSED] - Statement - reportgroupTxt = driver.findElement(org.openqa.selenium.By.xpath(reportgroup)).getText(): null

2018-06-18 14:08:20 - [TEST_STEP][PASSED] - Statement - If (reportgroupTxt == ""): null

2018-06-18 14:08:20 - [TEST_STEP][PASSED] - Statement - println("Report group does not have group name"): null

2018-06-18 14:08:20 - [TEST_STEP][PASSED] - Statement - reportgroup = "(//div[@class='ctable']/table/tbody/tr[@class='tdata clear'])[" + i + "]/td[7]": null

2018-06-18 14:08:20 - [TEST_STEP][PASSED] - Statement - reportgroupTxt = driver.findElement(org.openqa.selenium.By.xpath(reportgroup)).getText(): null

2018-06-18 14:08:20 - [TEST_STEP][PASSED] - Statement - If (reportgroupTxt == ""): null

2018-06-18 14:08:20 - [TEST_STEP][PASSED] - Statement - println("Report group does not have group name"): null

2018-06-18 14:08:20 - [TEST_STEP][PASSED] - Statement - reportgroup = "(//div[@class='ctable']/table/tbody/tr[@class='tdata clear'])[" + i + "]/td[7]": null

2018-06-18 14:08:20 - [TEST_STEP][PASSED] - Statement - reportgroupTxt = driver.findElement(org.openqa.selenium.By.xpath(reportgroup)).getText(): null

2018-06-18 14:08:20 - [TEST_STEP][PASSED] - Statement - If (reportgroupTxt == ""): null

2018-06-18 14:08:20 - [TEST_STEP][PASSED] - Statement - println("Report group does not have group name"): null

2018-06-18 14:08:20 - [TEST_STEP][PASSED] - Statement - reportgroup = "(//div[@class='ctable']/table/tbody/tr[@class='tdata clear'])[" + i + "]/td[7]": null

2018-06-18 14:08:20 - [TEST_STEP][PASSED] - Statement - reportgroupTxt = driver.findElement(org.openqa.selenium.By.xpath(reportgroup)).getText(): null

2018-06-18 14:08:20 - [TEST_STEP][PASSED] - Statement - If (reportgroupTxt == ""): null

2018-06-18 14:08:20 - [TEST_STEP][PASSED] - Statement - println("Report group does not have group name"): null

2018-06-18 14:08:20 - [TEST_STEP][PASSED] - Statement - reportgroup = "(//div[@class='ctable']/table/tbody/tr[@class='tdata clear'])[" + i + "]/td[7]": null

2018-06-18 14:08:20 - [TEST_STEP][PASSED] - Statement - reportgroupTxt = driver.findElement(org.openqa.selenium.By.xpath(reportgroup)).getText(): null

2018-06-18 14:08:20 - [TEST_STEP][PASSED] - Statement - If (reportgroupTxt == ""): null

2018-06-18 14:08:20 - [TEST_STEP][PASSED] - Statement - Else: null

2018-06-18 14:08:20 - [TEST_STEP][PASSED] - Statement - If (!(TCflag)): null

2018-06-18 14:08:20 - [TEST_STEP][PASSED] - Statement - reportgroup = "(//div[@class='ctable']/table/tbody/tr[@class='tdata clear'])[" + i + "]/td[7]": null

2018-06-18 14:08:20 - [TEST_STEP][PASSED] - Statement - reportgroupTxt = driver.findElement(org.openqa.selenium.By.xpath(reportgroup)).getText(): null

2018-06-18 14:08:20 - [TEST_STEP][PASSED] - Statement - If (reportgroupTxt == ""): null

2018-06-18 14:08:20 - [TEST_STEP][PASSED] - Statement - Else: null

2018-06-18 14:08:20 - [TEST_STEP][PASSED] - Statement - If (!(TCflag)): null

2018-06-18 14:08:20 - [TEST_STEP][PASSED] - Statement - reportgroup = "(//div[@class='ctable']/table/tbody/tr[@class='tdata clear'])[" + i + "]/td[7]": null

2018-06-18 14:08:20 - [TEST_STEP][PASSED] - Statement - reportgroupTxt = driver.findElement(org.openqa.selenium.By.xpath(reportgroup)).getText(): null

2018-06-18 14:08:20 - [TEST_STEP][PASSED] - Statement - If (reportgroupTxt == ""): null

2018-06-18 14:08:20 - [TEST_STEP][PASSED] - Statement - println("Report group does not have group name"): null

2018-06-18 14:08:20 - [TEST_STEP][PASSED] - Statement - reportgroup = "(//div[@class='ctable']/table/tbody/tr[@class='tdata clear'])[" + i + "]/td[7]": null

2018-06-18 14:08:20 - [TEST_STEP][PASSED] - Statement - reportgroupTxt = driver.findElement(org.openqa.selenium.By.xpath(reportgroup)).getText(): null

2018-06-18 14:08:20 - [TEST_STEP][PASSED] - Statement - If (reportgroupTxt == ""): null

2018-06-18 14:08:20 - [TEST_STEP][PASSED] - Statement - println("Report group does not have group name"): null

2018-06-18 14:08:20 - [TEST_STEP][PASSED] - Statement - reportgroup = "(//div[@class='ctable']/table/tbody/tr[@class='tdata clear'])[" + i + "]/td[7]": null

2018-06-18 14:08:20 - [TEST_STEP][PASSED] - Statement - reportgroupTxt = driver.findElement(org.openqa.selenium.By.xpath(reportgroup)).getText(): null

2018-06-18 14:08:20 - [TEST_STEP][PASSED] - Statement - If (reportgroupTxt == ""): null

2018-06-18 14:08:20 - [TEST_STEP][PASSED] - Statement - println("Report group does not have group name"): null

2018-06-18 14:08:20 - [TEST_STEP][PASSED] - Statement - reportgroup = "(//div[@class='ctable']/table/tbody/tr[@class='tdata clear'])[" + i + "]/td[7]": null

2018-06-18 14:08:20 - [TEST_STEP][PASSED] - Statement - reportgroupTxt = driver.findElement(org.openqa.selenium.By.xpath(reportgroup)).getText(): null

2018-06-18 14:08:20 - [TEST_STEP][PASSED] - Statement - If (reportgroupTxt == ""): null

2018-06-18 14:08:20 - [TEST_STEP][PASSED] - Statement - println("Report group does not have group name"): null

2018-06-18 14:08:20 - [TEST_STEP][PASSED] - Statement - reportgroup = "(//div[@class='ctable']/table/tbody/tr[@class='tdata clear'])[" + i + "]/td[7]": null

2018-06-18 14:08:20 - [TEST_STEP][PASSED] - Statement - reportgroupTxt = driver.findElement(org.openqa.selenium.By.xpath(reportgroup)).getText(): null

2018-06-18 14:08:20 - [TEST_STEP][PASSED] - Statement - If (reportgroupTxt == ""): null

2018-06-18 14:08:20 - [TEST_STEP][PASSED] - Statement - println("Report group does not have group name"): null

2018-06-18 14:08:20 - [TEST_STEP][PASSED] - Statement - reportgroup = "(//div[@class='ctable']/table/tbody/tr[@class='tdata clear'])[" + i + "]/td[7]": null

2018-06-18 14:08:20 - [TEST_STEP][PASSED] - Statement - reportgroupTxt = driver.findElement(org.openqa.selenium.By.xpath(reportgroup)).getText(): null

2018-06-18 14:08:20 - [TEST_STEP][PASSED] - Statement - If (reportgroupTxt == ""): null

2018-06-18 14:08:20 - [TEST_STEP][PASSED] - Statement - println("Report group does not have group name"): null

2018-06-18 14:08:20 - [TEST_STEP][PASSED] - Statement - reportgroup = "(//div[@class='ctable']/table/tbody/tr[@class='tdata clear'])[" + i + "]/td[7]": null

2018-06-18 14:08:20 - [TEST_STEP][PASSED] - Statement - reportgroupTxt = driver.findElement(org.openqa.selenium.By.xpath(reportgroup)).getText(): null

2018-06-18 14:08:20 - [TEST_STEP][PASSED] - Statement - If (reportgroupTxt == ""): null

2018-06-18 14:08:20 - [TEST_STEP][PASSED] - Statement - Else: null

2018-06-18 14:08:20 - [TEST_STEP][PASSED] - Statement - If (!(TCflag)): null

2018-06-18 14:08:20 - [TEST_STEP][PASSED] - Statement - reportgroup = "(//div[@class='ctable']/table/tbody/tr[@class='tdata clear'])[" + i + "]/td[7]": null

2018-06-18 14:08:20 - [TEST_STEP][PASSED] - Statement - reportgroupTxt = driver.findElement(org.openqa.selenium.By.xpath(reportgroup)).getText(): null

2018-06-18 14:08:20 - [TEST_STEP][PASSED] - Statement - If (reportgroupTxt == ""): null

2018-06-18 14:08:20 - [TEST_STEP][PASSED] - Statement - println("Report group does not have group name"): null

2018-06-18 14:08:20 - [TEST_STEP][PASSED] - Statement - reportgroup = "(//div[@class='ctable']/table/tbody/tr[@class='tdata clear'])[" + i + "]/td[7]": null

2018-06-18 14:08:20 - [TEST_STEP][PASSED] - Statement - reportgroupTxt = driver.findElement(org.openqa.selenium.By.xpath(reportgroup)).getText(): null

2018-06-18 14:08:20 - [TEST_STEP][PASSED] - Statement - If (reportgroupTxt == ""): null

2018-06-18 14:08:20 - [TEST_STEP][PASSED] - Statement - println("Report group does not have group name"): null

2018-06-18 14:08:20 - [TEST_STEP][PASSED] - Statement - reportgroup = "(//div[@class='ctable']/table/tbody/tr[@class='tdata clear'])[" + i + "]/td[7]": null

2018-06-18 14:08:20 - [TEST_STEP][PASSED] - Statement - reportgroupTxt = driver.findElement(org.openqa.selenium.By.xpath(reportgroup)).getText(): null

2018-06-18 14:08:20 - [TEST_STEP][PASSED] - Statement - If (reportgroupTxt == ""): null

2018-06-18 14:08:20 - [TEST_STEP][PASSED] - Statement - println("Report group does not have group name"): null

2018-06-18 14:08:20 - [TEST_STEP][PASSED] - Statement - reportgroup = "(//div[@class='ctable']/table/tbody/tr[@class='tdata clear'])[" + i + "]/td[7]": null

2018-06-18 14:08:20 - [TEST_STEP][PASSED] - Statement - reportgroupTxt = driver.findElement(org.openqa.selenium.By.xpath(reportgroup)).getText(): null

2018-06-18 14:08:21 - [TEST_STEP][PASSED] - Statement - If (reportgroupTxt == ""): null

2018-06-18 14:08:21 - [TEST_STEP][PASSED] - Statement - Else: null

2018-06-18 14:08:21 - [TEST_STEP][PASSED] - Statement - If (!(TCflag)): null

2018-06-18 14:08:21 - [TEST_STEP][PASSED] - Statement - reportgroup = "(//div[@class='ctable']/table/tbody/tr[@class='tdata clear'])[" + i + "]/td[7]": null

2018-06-18 14:08:21 - [TEST_STEP][PASSED] - Statement - reportgroupTxt = driver.findElement(org.openqa.selenium.By.xpath(reportgroup)).getText(): null

2018-06-18 14:08:21 - [TEST_STEP][PASSED] - Statement - If (reportgroupTxt == ""): null

2018-06-18 14:08:21 - [TEST_STEP][PASSED] - Statement - println("Report group does not have group name"): null

2018-06-18 14:08:21 - [TEST_STEP][PASSED] - Statement - reportgroup = "(//div[@class='ctable']/table/tbody/tr[@class='tdata clear'])[" + i + "]/td[7]": null

2018-06-18 14:08:21 - [TEST_STEP][PASSED] - Statement - reportgroupTxt = driver.findElement(org.openqa.selenium.By.xpath(reportgroup)).getText(): null

2018-06-18 14:08:21 - [TEST_STEP][PASSED] - Statement - If (reportgroupTxt == ""): null

2018-06-18 14:08:21 - [TEST_STEP][PASSED] - Statement - println("Report group does not have group name"): null

2018-06-18 14:08:21 - [TEST_STEP][PASSED] - Statement - reportgroup = "(//div[@class='ctable']/table/tbody/tr[@class='tdata clear'])[" + i + "]/td[7]": null

2018-06-18 14:08:21 - [TEST_STEP][PASSED] - Statement - reportgroupTxt = driver.findElement(org.openqa.selenium.By.xpath(reportgroup)).getText(): null

2018-06-18 14:08:21 - [TEST_STEP][PASSED] - Statement - If (reportgroupTxt == ""): null

2018-06-18 14:08:21 - [TEST_STEP][PASSED] - Statement - println("Report group does not have group name"): null

2018-06-18 14:08:21 - [TEST_STEP][PASSED] - Statement - reportgroup = "(//div[@class='ctable']/table/tbody/tr[@class='tdata clear'])[" + i + "]/td[7]": null

2018-06-18 14:08:21 - [TEST_STEP][PASSED] - Statement - reportgroupTxt = driver.findElement(org.openqa.selenium.By.xpath(reportgroup)).getText(): null

2018-06-18 14:08:21 - [TEST_STEP][PASSED] - Statement - If (reportgroupTxt == ""): null

2018-06-18 14:08:21 - [TEST_STEP][PASSED] - Statement - println("Report group does not have group name"): null

2018-06-18 14:08:21 - [TEST_STEP][PASSED] - Statement - reportgroup = "(//div[@class='ctable']/table/tbody/tr[@class='tdata clear'])[" + i + "]/td[7]": null

2018-06-18 14:08:21 - [TEST_STEP][PASSED] - Statement - reportgroupTxt = driver.findElement(org.openqa.selenium.By.xpath(reportgroup)).getText(): null

2018-06-18 14:08:21 - [TEST_STEP][PASSED] - Statement - If (reportgroupTxt == ""): null

2018-06-18 14:08:21 - [TEST_STEP][PASSED] - Statement - println("Report group does not have group name"): null

2018-06-18 14:08:21 - [TEST_STEP][PASSED] - Statement - reportgroup = "(//div[@class='ctable']/table/tbody/tr[@class='tdata clear'])[" + i + "]/td[7]": null

2018-06-18 14:08:21 - [TEST_STEP][PASSED] - Statement - reportgroupTxt = driver.findElement(org.openqa.selenium.By.xpath(reportgroup)).getText(): null

2018-06-18 14:08:21 - [TEST_STEP][PASSED] - Statement - If (reportgroupTxt == ""): null

2018-06-18 14:08:21 - [TEST_STEP][PASSED] - Statement - Else: null

2018-06-18 14:08:21 - [TEST_STEP][PASSED] - Statement - If (!(TCflag)): null

2018-06-18 14:08:21 - [TEST_STEP][PASSED] - Statement - reportgroup = "(//div[@class='ctable']/table/tbody/tr[@class='tdata clear'])[" + i + "]/td[7]": null

2018-06-18 14:08:21 - [TEST_STEP][PASSED] - Statement - reportgroupTxt = driver.findElement(org.openqa.selenium.By.xpath(reportgroup)).getText(): null

2018-06-18 14:08:21 - [TEST_STEP][PASSED] - Statement - If (reportgroupTxt == ""): null

2018-06-18 14:08:21 - [TEST_STEP][PASSED] - Statement - println("Report group does not have group name"): null

2018-06-18 14:08:21 - [TEST_STEP][PASSED] - Statement - reportgroup = "(//div[@class='ctable']/table/tbody/tr[@class='tdata clear'])[" + i + "]/td[7]": null

2018-06-18 14:08:21 - [TEST_STEP][PASSED] - Statement - reportgroupTxt = driver.findElement(org.openqa.selenium.By.xpath(reportgroup)).getText(): null

2018-06-18 14:08:21 - [TEST_STEP][PASSED] - Statement - If (reportgroupTxt == ""): null

2018-06-18 14:08:21 - [TEST_STEP][PASSED] - Statement - println("Report group does not have group name"): null

2018-06-18 14:08:21 - [TEST_STEP][PASSED] - Statement - reportgroup = "(//div[@class='ctable']/table/tbody/tr[@class='tdata clear'])[" + i + "]/td[7]": null

2018-06-18 14:08:21 - [TEST_STEP][PASSED] - Statement - reportgroupTxt = driver.findElement(org.openqa.selenium.By.xpath(reportgroup)).getText(): null

2018-06-18 14:08:21 - [TEST_STEP][PASSED] - Statement - If (reportgroupTxt == ""): null

2018-06-18 14:08:21 - [TEST_STEP][PASSED] - Statement - println("Report group does not have group name"): null

2018-06-18 14:08:21 - [TEST_STEP][PASSED] - Statement - reportgroup = "(//div[@class='ctable']/table/tbody/tr[@class='tdata clear'])[" + i + "]/td[7]": null

2018-06-18 14:08:21 - [TEST_STEP][PASSED] - Statement - reportgroupTxt = driver.findElement(org.openqa.selenium.By.xpath(reportgroup)).getText(): null

2018-06-18 14:08:21 - [TEST_STEP][PASSED] - Statement - If (reportgroupTxt == ""): null

2018-06-18 14:08:21 - [TEST_STEP][PASSED] - Statement - println("Report group does not have group name"): null

2018-06-18 14:08:21 - [TEST_STEP][PASSED] - Statement - reportgroup = "(//div[@class='ctable']/table/tbody/tr[@class='tdata clear'])[" + i + "]/td[7]": null

2018-06-18 14:08:21 - [TEST_STEP][PASSED] - Statement - reportgroupTxt = driver.findElement(org.openqa.selenium.By.xpath(reportgroup)).getText(): null

2018-06-18 14:08:21 - [TEST_STEP][PASSED] - Statement - If (reportgroupTxt == ""): null

2018-06-18 14:08:21 - [TEST_STEP][PASSED] - Statement - println("Report group does not have group name"): null

2018-06-18 14:08:21 - [TEST_STEP][PASSED] - Statement - reportgroup = "(//div[@class='ctable']/table/tbody/tr[@class='tdata clear'])[" + i + "]/td[7]": null

2018-06-18 14:08:21 - [TEST_STEP][PASSED] - Statement - reportgroupTxt = driver.findElement(org.openqa.selenium.By.xpath(reportgroup)).getText(): null

2018-06-18 14:08:21 - [TEST_STEP][PASSED] - Statement - If (reportgroupTxt == ""): null

2018-06-18 14:08:21 - [TEST_STEP][PASSED] - Statement - println("Report group does not have group name"): null

2018-06-18 14:08:21 - [TEST_STEP][PASSED] - Statement - reportgroup = "(//div[@class='ctable']/table/tbody/tr[@class='tdata clear'])[" + i + "]/td[7]": null

2018-06-18 14:08:21 - [TEST_STEP][PASSED] - Statement - reportgroupTxt = driver.findElement(org.openqa.selenium.By.xpath(reportgroup)).getText(): null

2018-06-18 14:08:21 - [TEST_STEP][PASSED] - Statement - If (reportgroupTxt == ""): null

2018-06-18 14:08:21 - [TEST_STEP][PASSED] - Statement - println("Report group does not have group name"): null

2018-06-18 14:08:21 - [TEST_STEP][PASSED] - Statement - reportgroup = "(//div[@class='ctable']/table/tbody/tr[@class='tdata clear'])[" + i + "]/td[7]": null

2018-06-18 14:08:21 - [TEST_STEP][PASSED] - Statement - reportgroupTxt = driver.findElement(org.openqa.selenium.By.xpath(reportgroup)).getText(): null

2018-06-18 14:08:21 - [TEST_STEP][PASSED] - Statement - If (reportgroupTxt == ""): null

2018-06-18 14:08:21 - [TEST_STEP][PASSED] - Statement - println("Report group does not have group name"): null

2018-06-18 14:08:21 - [TEST_STEP][PASSED] - Statement - reportgroup = "(//div[@class='ctable']/table/tbody/tr[@class='tdata clear'])[" + i + "]/td[7]": null

2018-06-18 14:08:21 - [TEST_STEP][PASSED] - Statement - reportgroupTxt = driver.findElement(org.openqa.selenium.By.xpath(reportgroup)).getText(): null

2018-06-18 14:08:21 - [TEST_STEP][PASSED] - Statement - If (reportgroupTxt == ""): null

2018-06-18 14:08:21 - [TEST_STEP][PASSED] - Statement - println("Report group does not have group name"): null

2018-06-18 14:08:21 - [TEST_STEP][PASSED] - Statement - reportgroup = "(//div[@class='ctable']/table/tbody/tr[@class='tdata clear'])[" + i + "]/td[7]": null

2018-06-18 14:08:21 - [TEST_STEP][PASSED] - Statement - reportgroupTxt = driver.findElement(org.openqa.selenium.By.xpath(reportgroup)).getText(): null

2018-06-18 14:08:21 - [TEST_STEP][PASSED] - Statement - If (reportgroupTxt == ""): null

2018-06-18 14:08:21 - [TEST_STEP][PASSED] - Statement - println("Report group does not have group name"): null

2018-06-18 14:08:21 - [TEST_STEP][PASSED] - Statement - reportgroup = "(//div[@class='ctable']/table/tbody/tr[@class='tdata clear'])[" + i + "]/td[7]": null

2018-06-18 14:08:21 - [TEST_STEP][PASSED] - Statement - reportgroupTxt = driver.findElement(org.openqa.selenium.By.xpath(reportgroup)).getText(): null

2018-06-18 14:08:21 - [TEST_STEP][PASSED] - Statement - If (reportgroupTxt == ""): null

2018-06-18 14:08:21 - [TEST_STEP][PASSED] - Statement - Else: null

2018-06-18 14:08:21 - [TEST_STEP][PASSED] - Statement - If (!(TCflag)): null

2018-06-18 14:08:21 - [TEST_STEP][PASSED] - Statement - reportgroup = "(//div[@class='ctable']/table/tbody/tr[@class='tdata clear'])[" + i + "]/td[7]": null

2018-06-18 14:08:21 - [TEST_STEP][PASSED] - Statement - reportgroupTxt = driver.findElement(org.openqa.selenium.By.xpath(reportgroup)).getText(): null

2018-06-18 14:08:21 - [TEST_STEP][PASSED] - Statement - If (reportgroupTxt == ""): null

2018-06-18 14:08:21 - [TEST_STEP][PASSED] - Statement - Else: null

2018-06-18 14:08:21 - [TEST_STEP][PASSED] - Statement - If (!(TCflag)): null

2018-06-18 14:08:21 - [TEST_STEP][PASSED] - Statement - reportgroup = "(//div[@class='ctable']/table/tbody/tr[@class='tdata clear'])[" + i + "]/td[7]": null

2018-06-18 14:08:21 - [TEST_STEP][PASSED] - Statement - reportgroupTxt = driver.findElement(org.openqa.selenium.By.xpath(reportgroup)).getText(): null

2018-06-18 14:08:21 - [TEST_STEP][PASSED] - Statement - If (reportgroupTxt == ""): null

2018-06-18 14:08:21 - [TEST_STEP][PASSED] - Statement - Else: null

2018-06-18 14:08:21 - [TEST_STEP][PASSED] - Statement - If (!(TCflag)): null

2018-06-18 14:08:21 - [TEST_STEP][PASSED] - Statement - reportgroup = "(//div[@class='ctable']/table/tbody/tr[@class='tdata clear'])[" + i + "]/td[7]": null

2018-06-18 14:08:21 - [TEST_STEP][PASSED] - Statement - reportgroupTxt = driver.findElement(org.openqa.selenium.By.xpath(reportgroup)).getText(): null

2018-06-18 14:08:21 - [TEST_STEP][PASSED] - Statement - If (reportgroupTxt == ""): null

2018-06-18 14:08:21 - [TEST_STEP][PASSED] - Statement - println("Report group does not have group name"): null

2018-06-18 14:08:21 - [TEST_STEP][PASSED] - Statement - reportgroup = "(//div[@class='ctable']/table/tbody/tr[@class='tdata clear'])[" + i + "]/td[7]": null

2018-06-18 14:08:21 - [TEST_STEP][PASSED] - Statement - reportgroupTxt = driver.findElement(org.openqa.selenium.By.xpath(reportgroup)).getText(): null

2018-06-18 14:08:21 - [TEST_STEP][PASSED] - Statement - If (reportgroupTxt == ""): null

2018-06-18 14:08:21 - [TEST_STEP][PASSED] - Statement - println("Report group does not have group name"): null

2018-06-18 14:08:21 - [TEST_STEP][PASSED] - Statement - reportgroup = "(//div[@class='ctable']/table/tbody/tr[@class='tdata clear'])[" + i + "]/td[7]": null

2018-06-18 14:08:21 - [TEST_STEP][PASSED] - Statement - reportgroupTxt = driver.findElement(org.openqa.selenium.By.xpath(reportgroup)).getText(): null

2018-06-18 14:08:21 - [TEST_STEP][PASSED] - Statement - If (reportgroupTxt == ""): null

2018-06-18 14:08:21 - [TEST_STEP][PASSED] - Statement - println("Report group does not have group name"): null

2018-06-18 14:08:21 - [TEST_STEP][PASSED] - Statement - reportgroup = "(//div[@class='ctable']/table/tbody/tr[@class='tdata clear'])[" + i + "]/td[7]": null

2018-06-18 14:08:21 - [TEST_STEP][PASSED] - Statement - reportgroupTxt = driver.findElement(org.openqa.selenium.By.xpath(reportgroup)).getText(): null

2018-06-18 14:08:21 - [TEST_STEP][PASSED] - Statement - If (reportgroupTxt == ""): null

2018-06-18 14:08:21 - [TEST_STEP][PASSED] - Statement - println("Report group does not have group name"): null

2018-06-18 14:08:21 - [TEST_STEP][PASSED] - Statement - reportgroup = "(//div[@class='ctable']/table/tbody/tr[@class='tdata clear'])[" + i + "]/td[7]": null

2018-06-18 14:08:21 - [TEST_STEP][PASSED] - Statement - reportgroupTxt = driver.findElement(org.openqa.selenium.By.xpath(reportgroup)).getText(): null

2018-06-18 14:08:21 - [TEST_STEP][PASSED] - Statement - If (reportgroupTxt == ""): null

2018-06-18 14:08:21 - [TEST_STEP][PASSED] - Statement - println("Report group does not have group name"): null

2018-06-18 14:08:21 - [TEST_STEP][PASSED] - Statement - reportgroup = "(//div[@class='ctable']/table/tbody/tr[@class='tdata clear'])[" + i + "]/td[7]": null

2018-06-18 14:08:21 - [TEST_STEP][PASSED] - Statement - reportgroupTxt = driver.findElement(org.openqa.selenium.By.xpath(reportgroup)).getText(): null

2018-06-18 14:08:21 - [TEST_STEP][PASSED] - Statement - If (reportgroupTxt == ""): null

2018-06-18 14:08:21 - [TEST_STEP][PASSED] - Statement - println("Report group does not have group name"): null

2018-06-18 14:08:21 - [TEST_STEP][PASSED] - Statement - reportgroup = "(//div[@class='ctable']/table/tbody/tr[@class='tdata clear'])[" + i + "]/td[7]": null

2018-06-18 14:08:21 - [TEST_STEP][PASSED] - Statement - reportgroupTxt = driver.findElement(org.openqa.selenium.By.xpath(reportgroup)).getText(): null

2018-06-18 14:08:21 - [TEST_STEP][PASSED] - Statement - If (reportgroupTxt == ""): null

2018-06-18 14:08:21 - [TEST_STEP][PASSED] - Statement - println("Report group does not have group name"): null

2018-06-18 14:08:21 - [TEST_STEP][PASSED] - Statement - reportgroup = "(//div[@class='ctable']/table/tbody/tr[@class='tdata clear'])[" + i + "]/td[7]": null

2018-06-18 14:08:21 - [TEST_STEP][PASSED] - Statement - reportgroupTxt = driver.findElement(org.openqa.selenium.By.xpath(reportgroup)).getText(): null

2018-06-18 14:08:21 - [TEST_STEP][PASSED] - Statement - If (reportgroupTxt == ""): null

2018-06-18 14:08:21 - [TEST_STEP][PASSED] - Statement - println("Report group does not have group name"): null

2018-06-18 14:08:21 - [TEST_STEP][PASSED] - Statement - reportgroup = "(//div[@class='ctable']/table/tbody/tr[@class='tdata clear'])[" + i + "]/td[7]": null

2018-06-18 14:08:21 - [TEST_STEP][PASSED] - Statement - reportgroupTxt = driver.findElement(org.openqa.selenium.By.xpath(reportgroup)).getText(): null

2018-06-18 14:08:21 - [TEST_STEP][PASSED] - Statement - If (reportgroupTxt == ""): null

2018-06-18 14:08:21 - [TEST_STEP][PASSED] - Statement - println("Report group does not have group name"): null

2018-06-18 14:08:21 - [TEST_STEP][PASSED] - Statement - reportgroup = "(//div[@class='ctable']/table/tbody/tr[@class='tdata clear'])[" + i + "]/td[7]": null

2018-06-18 14:08:21 - [TEST_STEP][PASSED] - Statement - reportgroupTxt = driver.findElement(org.openqa.selenium.By.xpath(reportgroup)).getText(): null

2018-06-18 14:08:21 - [TEST_STEP][PASSED] - Statement - If (reportgroupTxt == ""): null

2018-06-18 14:08:21 - [TEST_STEP][PASSED] - Statement - println("Report group does not have group name"): null

2018-06-18 14:08:21 - [TEST_STEP][PASSED] - Statement - reportgroup = "(//div[@class='ctable']/table/tbody/tr[@class='tdata clear'])[" + i + "]/td[7]": null

2018-06-18 14:08:21 - [TEST_STEP][PASSED] - Statement - reportgroupTxt = driver.findElement(org.openqa.selenium.By.xpath(reportgroup)).getText(): null

2018-06-18 14:08:21 - [TEST_STEP][PASSED] - Statement - If (reportgroupTxt == ""): null

2018-06-18 14:08:21 - [TEST_STEP][PASSED] - Statement - println("Report group does not have group name"): null

2018-06-18 14:08:21 - [TEST_STEP][PASSED] - uiaction.CommonUIActions.click: uiaction.CommonUIActions.click is PASSED

2018-06-18 14:08:22 - [MESSAGE][PASSED] - uiaction.CommonUIActions.click is PASSED

2018-06-18 14:08:22 - [TEST_STEP][PASSED] - uiaction.CommonUIActions.click: uiaction.CommonUIActions.click is PASSED

2018-06-18 14:08:22 - [MESSAGE][PASSED] - uiaction.CommonUIActions.click is PASSED

2018-06-18 14:08:22 - [TEST_STEP][PASSED] - verifyElementPresent: Object 'Object Repository/ReportingGroupManagement/reportingGroupDetails' is present

2018-06-18 14:08:22 - [MESSAGE][PASSED] - Object 'Object Repository/ReportingGroupManagement/reportingGroupDetails' is present

2018-06-18 14:08:22 - [TEST_STEP][PASSED] - uiaction.CommonUIActions.enter: uiaction.CommonUIActions.enter is PASSED

2018-06-18 14:08:22 - [MESSAGE][PASSED] - projectSpecific.Reusability.getTestData is PASSED

2018-06-18 14:08:22 - [MESSAGE][PASSED] - uiaction.CommonUIActions.enter is PASSED

2018-06-18 14:08:22 - [TEST_STEP][PASSED] - uiaction.CommonUIActions.enter: uiaction.CommonUIActions.enter is PASSED

2018-06-18 14:08:22 - [MESSAGE][PASSED] - projectSpecific.Reusability.getTestData is PASSED

2018-06-18 14:08:22 - [MESSAGE][PASSED] - uiaction.CommonUIActions.enter is PASSED

2018-06-18 14:08:22 - [TEST_STEP][PASSED] - uiaction.CommonUIActions.click: uiaction.CommonUIActions.click is PASSED

2018-06-18 14:08:22 - [MESSAGE][PASSED] - uiaction.CommonUIActions.click is PASSED

2018-06-18 14:08:22 - [TEST_STEP][PASSED] - delay: Delayed 10 second(s)

2018-06-18 14:08:32 - [MESSAGE][PASSED] - Delayed 10 second(s)

2018-06-18 14:08:32 - [TEST_STEP][PASSED] - uiaction.CommonUIActions.back: uiaction.CommonUIActions.back is PASSED

2018-06-18 14:08:32 - [MESSAGE][PASSED] - Navigate back successfully

2018-06-18 14:08:32 - [MESSAGE][PASSED] - uiaction.CommonUIActions.back is PASSED

2018-06-18 14:08:32 - [TEST_STEP][PASSED] - delay: Delayed 5 second(s)

2018-06-18 14:08:37 - [MESSAGE][PASSED] - Delayed 5 second(s)

2018-06-18 14:08:37 - [TEST_STEP][PASSED] - uiaction.CommonUIActions.enter: uiaction.CommonUIActions.enter is PASSED

2018-06-18 14:08:37 - [MESSAGE][PASSED] - projectSpecific.Reusability.getTestData is PASSED

2018-06-18 14:08:37 - [MESSAGE][PASSED] - uiaction.CommonUIActions.enter is PASSED

2018-06-18 14:08:37 - [TEST_STEP][PASSED] - uiaction.CommonUIActions.enter: uiaction.CommonUIActions.enter is PASSED

2018-06-18 14:08:37 - [MESSAGE][PASSED] - projectSpecific.Reusability.getTestData is PASSED

2018-06-18 14:08:38 - [MESSAGE][PASSED] - uiaction.CommonUIActions.enter is PASSED

2018-06-18 14:08:38 - [TEST_STEP][PASSED] - uiaction.CommonUIActions.click: uiaction.CommonUIActions.click is PASSED

2018-06-18 14:08:38 - [MESSAGE][PASSED] - uiaction.CommonUIActions.click is PASSED

2018-06-18 14:08:38 - [TEST_STEP][PASSED] - delay: Delayed 5 second(s)

2018-06-18 14:08:43 - [MESSAGE][PASSED] - Delayed 5 second(s)

2018-06-18 14:08:43 - [TEST_STEP][PASSED] - uiaction.CommonUIActions.back: uiaction.CommonUIActions.back is PASSED

2018-06-18 14:08:43 - [MESSAGE][PASSED] - Navigate back successfully

2018-06-18 14:08:43 - [MESSAGE][PASSED] - uiaction.CommonUIActions.back is PASSED

2018-06-18 14:08:43 - [TEST_STEP][PASSED] - delay: Delayed 5 second(s)

2018-06-18 14:08:48 - [MESSAGE][PASSED] - Delayed 5 second(s)

2018-06-18 14:08:48 - [TEST_STEP][PASSED] - uiaction.CommonUIActions.back: uiaction.CommonUIActions.back is PASSED

2018-06-18 14:08:48 - [MESSAGE][PASSED] - Navigate back successfully

2018-06-18 14:08:48 - [MESSAGE][PASSED] - uiaction.CommonUIActions.back is PASSED

2018-06-18 14:08:48 - [TEST_STEP][PASSED] - delay: Delayed 5 second(s)

2018-06-18 14:08:53 - [MESSAGE][PASSED] - Delayed 5 second(s)

2018-06-18 14:08:53 - [TEST_STEP][PASSED] - uiaction.CommonUIActions.click: uiaction.CommonUIActions.click is PASSED

2018-06-18 14:08:53 - [MESSAGE][PASSED] - uiaction.CommonUIActions.click is PASSED

2018-06-18 14:08:53 - [TEST_STEP][PASSED] - Statement - StoreList = CustomKeywords.projectSpecific.Reusability.getTestData("ReportingGroupManagementPage", "dummyGroupName2"): projectSpecific.Reusability.getTestData is PASSED

2018-06-18 14:08:53 - [MESSAGE][PASSED] - projectSpecific.Reusability.getTestData is PASSED

2018-06-18 14:08:53 - [TEST_STEP][PASSED] - Statement - listOfStores = new java.util.ArrayList(java.util.Arrays.asList(StoreList)): null

2018-06-18 14:08:53 - [TEST_STEP][PASSED] - Statement - out.println(listOfStores): null

2018-06-18 14:08:53 - [TEST_STEP][PASSED] - delay: Delayed 10 second(s)

2018-06-18 14:09:03 - [MESSAGE][PASSED] - Delayed 10 second(s)

2018-06-18 14:09:03 - [TEST_STEP][PASSED] - Statement - availableStoreList = driver.findElements(org.openqa.selenium.By.xpath(com.kms.katalon.core.testdata.TestDataFactory.findTestData(OR_file).getValue(2, 10))): Reading excel file with source file 'C:\Users\shalinin\Katalon Studio\HME_Scripts\Data Files\HME_OR.xlsx' and sheet name 'Sheet1'

2018-06-18 14:09:03 - [TEST_STEP][PASSED] - Statement - actualList = new java.util.ArrayList(): null

2018-06-18 14:09:03 - [TEST_STEP][PASSED] - Statement - For ([i = 0, i < availableStoreList.size(), (i++)]): null

2018-06-18 14:09:03 - [TEST_STEP][PASSED] - Statement - actualList.add(i, availableStoreList.get(i).getText()): null

2018-06-18 14:09:03 - [TEST_STEP][PASSED] - Statement - actualList.add(i, availableStoreList.get(i).getText()): null

2018-06-18 14:09:03 - [TEST_STEP][PASSED] - Statement - actualList.add(i, availableStoreList.get(i).getText()): null

2018-06-18 14:09:03 - [TEST_STEP][PASSED] - Statement - actualList.add(i, availableStoreList.get(i).getText()): null

2018-06-18 14:09:03 - [TEST_STEP][PASSED] - Statement - actualList.add(i, availableStoreList.get(i).getText()): null

2018-06-18 14:09:03 - [TEST_STEP][PASSED] - Statement - actualList.add(i, availableStoreList.get(i).getText()): null

2018-06-18 14:09:03 - [TEST_STEP][PASSED] - Statement - actualList.add(i, availableStoreList.get(i).getText()): null

2018-06-18 14:09:03 - [TEST_STEP][PASSED] - Statement - actualList.add(i, availableStoreList.get(i).getText()): null

2018-06-18 14:09:03 - [TEST_STEP][PASSED] - Statement - actualList.add(i, availableStoreList.get(i).getText()): null

2018-06-18 14:09:03 - [TEST_STEP][PASSED] - Statement - actualList.add(i, availableStoreList.get(i).getText()): null

2018-06-18 14:09:03 - [TEST_STEP][PASSED] - Statement - actualList.add(i, availableStoreList.get(i).getText()): null

2018-06-18 14:09:03 - [TEST_STEP][PASSED] - Statement - actualList.add(i, availableStoreList.get(i).getText()): null

2018-06-18 14:09:03 - [TEST_STEP][PASSED] - Statement - actualList.add(i, availableStoreList.get(i).getText()): null

2018-06-18 14:09:03 - [TEST_STEP][PASSED] - Statement - actualList.add(i, availableStoreList.get(i).getText()): null

2018-06-18 14:09:03 - [TEST_STEP][PASSED] - Statement - actualList.add(i, availableStoreList.get(i).getText()): null

2018-06-18 14:09:03 - [TEST_STEP][PASSED] - Statement - actualList.add(i, availableStoreList.get(i).getText()): null

2018-06-18 14:09:03 - [TEST_STEP][PASSED] - Statement - actualList.add(i, availableStoreList.get(i).getText()): null

2018-06-18 14:09:03 - [TEST_STEP][PASSED] - Statement - actualList.add(i, availableStoreList.get(i).getText()): null

2018-06-18 14:09:03 - [TEST_STEP][PASSED] - Statement - actualList.add(i, availableStoreList.get(i).getText()): null

2018-06-18 14:09:03 - [TEST_STEP][PASSED] - Statement - actualList.add(i, availableStoreList.get(i).getText()): null

2018-06-18 14:09:03 - [TEST_STEP][PASSED] - Statement - actualList.add(i, availableStoreList.get(i).getText()): null

2018-06-18 14:09:03 - [TEST_STEP][PASSED] - Statement - actualList.add(i, availableStoreList.get(i).getText()): null

2018-06-18 14:09:03 - [TEST_STEP][PASSED] - Statement - actualList.add(i, availableStoreList.get(i).getText()): null

2018-06-18 14:09:03 - [TEST_STEP][PASSED] - Statement - actualList.add(i, availableStoreList.get(i).getText()): null

2018-06-18 14:09:03 - [TEST_STEP][PASSED] - Statement - actualList.add(i, availableStoreList.get(i).getText()): null

2018-06-18 14:09:03 - [TEST_STEP][PASSED] - Statement - actualList.add(i, availableStoreList.get(i).getText()): null

2018-06-18 14:09:03 - [TEST_STEP][PASSED] - Statement - actualList.add(i, availableStoreList.get(i).getText()): null

2018-06-18 14:09:03 - [TEST_STEP][PASSED] - Statement - actualList.add(i, availableStoreList.get(i).getText()): null

2018-06-18 14:09:03 - [TEST_STEP][PASSED] - Statement - actualList.add(i, availableStoreList.get(i).getText()): null

2018-06-18 14:09:03 - [TEST_STEP][PASSED] - Statement - actualList.add(i, availableStoreList.get(i).getText()): null

2018-06-18 14:09:03 - [TEST_STEP][PASSED] - Statement - actualList.add(i, availableStoreList.get(i).getText()): null

2018-06-18 14:09:03 - [TEST_STEP][PASSED] - Statement - actualList.add(i, availableStoreList.get(i).getText()): null

2018-06-18 14:09:03 - [TEST_STEP][PASSED] - Statement - actualList.add(i, availableStoreList.get(i).getText()): null

2018-06-18 14:09:03 - [TEST_STEP][PASSED] - Statement - actualList.add(i, availableStoreList.get(i).getText()): null

2018-06-18 14:09:03 - [TEST_STEP][PASSED] - Statement - actualList.add(i, availableStoreList.get(i).getText()): null

2018-06-18 14:09:03 - [TEST_STEP][PASSED] - Statement - actualList.add(i, availableStoreList.get(i).getText()): null

2018-06-18 14:09:03 - [TEST_STEP][PASSED] - Statement - actualList.add(i, availableStoreList.get(i).getText()): null

2018-06-18 14:09:03 - [TEST_STEP][PASSED] - Statement - actualList.add(i, availableStoreList.get(i).getText()): null

2018-06-18 14:09:03 - [TEST_STEP][PASSED] - Statement - actualList.add(i, availableStoreList.get(i).getText()): null

2018-06-18 14:09:03 - [TEST_STEP][PASSED] - Statement - actualList.add(i, availableStoreList.get(i).getText()): null

2018-06-18 14:09:03 - [TEST_STEP][PASSED] - Statement - actualList.add(i, availableStoreList.get(i).getText()): null

2018-06-18 14:09:03 - [TEST_STEP][PASSED] - Statement - actualList.add(i, availableStoreList.get(i).getText()): null

2018-06-18 14:09:03 - [TEST_STEP][PASSED] - Statement - actualList.add(i, availableStoreList.get(i).getText()): null

2018-06-18 14:09:03 - [TEST_STEP][PASSED] - Statement - actualList.add(i, availableStoreList.get(i).getText()): null

2018-06-18 14:09:04 - [TEST_STEP][PASSED] - Statement - actualList.add(i, availableStoreList.get(i).getText()): null

2018-06-18 14:09:04 - [TEST_STEP][PASSED] - Statement - actualList.add(i, availableStoreList.get(i).getText()): null

2018-06-18 14:09:04 - [TEST_STEP][PASSED] - Statement - actualList.add(i, availableStoreList.get(i).getText()): null

2018-06-18 14:09:04 - [TEST_STEP][PASSED] - Statement - actualList.add(i, availableStoreList.get(i).getText()): null

2018-06-18 14:09:04 - [TEST_STEP][PASSED] - Statement - actualList.add(i, availableStoreList.get(i).getText()): null

2018-06-18 14:09:04 - [TEST_STEP][PASSED] - Statement - actualList.add(i, availableStoreList.get(i).getText()): null

2018-06-18 14:09:04 - [TEST_STEP][PASSED] - Statement - actualList.add(i, availableStoreList.get(i).getText()): null

2018-06-18 14:09:04 - [TEST_STEP][PASSED] - Statement - actualList.add(i, availableStoreList.get(i).getText()): null

2018-06-18 14:09:04 - [TEST_STEP][PASSED] - Statement - actualList.add(i, availableStoreList.get(i).getText()): null

2018-06-18 14:09:04 - [TEST_STEP][PASSED] - Statement - actualList.add(i, availableStoreList.get(i).getText()): null

2018-06-18 14:09:04 - [TEST_STEP][PASSED] - Statement - actualList.add(i, availableStoreList.get(i).getText()): null

2018-06-18 14:09:04 - [TEST_STEP][PASSED] - Statement - actualList.add(i, availableStoreList.get(i).getText()): null

2018-06-18 14:09:04 - [TEST_STEP][PASSED] - Statement - actualList.add(i, availableStoreList.get(i).getText()): null

2018-06-18 14:09:04 - [TEST_STEP][PASSED] - Statement - actualList.add(i, availableStoreList.get(i).getText()): null

2018-06-18 14:09:04 - [TEST_STEP][PASSED] - Statement - actualList.add(i, availableStoreList.get(i).getText()): null

2018-06-18 14:09:04 - [TEST_STEP][PASSED] - Statement - actualList.add(i, availableStoreList.get(i).getText()): null

2018-06-18 14:09:04 - [TEST_STEP][PASSED] - Statement - actualList.add(i, availableStoreList.get(i).getText()): null

2018-06-18 14:09:04 - [TEST_STEP][PASSED] - Statement - actualList.add(i, availableStoreList.get(i).getText()): null

2018-06-18 14:09:04 - [TEST_STEP][PASSED] - Statement - actualList.add(i, availableStoreList.get(i).getText()): null

2018-06-18 14:09:04 - [TEST_STEP][PASSED] - Statement - actualList.add(i, availableStoreList.get(i).getText()): null

2018-06-18 14:09:04 - [TEST_STEP][PASSED] - Statement - actualList.add(i, availableStoreList.get(i).getText()): null

2018-06-18 14:09:04 - [TEST_STEP][PASSED] - Statement - actualList.add(i, availableStoreList.get(i).getText()): null

2018-06-18 14:09:04 - [TEST_STEP][PASSED] - Statement - actualList.add(i, availableStoreList.get(i).getText()): null

2018-06-18 14:09:04 - [TEST_STEP][PASSED] - Statement - actualList.add(i, availableStoreList.get(i).getText()): null

2018-06-18 14:09:04 - [TEST_STEP][PASSED] - Statement - actualList.add(i, availableStoreList.get(i).getText()): null

2018-06-18 14:09:04 - [TEST_STEP][PASSED] - Statement - actualList.add(i, availableStoreList.get(i).getText()): null

2018-06-18 14:09:04 - [TEST_STEP][PASSED] - Statement - actualList.add(i, availableStoreList.get(i).getText()): null

2018-06-18 14:09:04 - [TEST_STEP][PASSED] - Statement - actualList.add(i, availableStoreList.get(i).getText()): null

2018-06-18 14:09:04 - [TEST_STEP][PASSED] - Statement - actualList.add(i, availableStoreList.get(i).getText()): null

2018-06-18 14:09:04 - [TEST_STEP][PASSED] - Statement - actualList.add(i, availableStoreList.get(i).getText()): null

2018-06-18 14:09:04 - [TEST_STEP][PASSED] - Statement - actualList.add(i, availableStoreList.get(i).getText()): null

2018-06-18 14:09:04 - [TEST_STEP][PASSED] - Statement - actualList.add(i, availableStoreList.get(i).getText()): null

2018-06-18 14:09:04 - [TEST_STEP][PASSED] - Statement - actualList.add(i, availableStoreList.get(i).getText()): null

2018-06-18 14:09:04 - [TEST_STEP][PASSED] - Statement - actualList.add(i, availableStoreList.get(i).getText()): null

2018-06-18 14:09:04 - [TEST_STEP][PASSED] - Statement - actualList.add(i, availableStoreList.get(i).getText()): null

2018-06-18 14:09:04 - [TEST_STEP][PASSED] - Statement - actualList.add(i, availableStoreList.get(i).getText()): null

2018-06-18 14:09:04 - [TEST_STEP][PASSED] - Statement - actualList.add(i, availableStoreList.get(i).getText()): null

2018-06-18 14:09:04 - [TEST_STEP][PASSED] - Statement - actualList.add(i, availableStoreList.get(i).getText()): null

2018-06-18 14:09:04 - [TEST_STEP][PASSED] - Statement - actualList.add(i, availableStoreList.get(i).getText()): null

2018-06-18 14:09:04 - [TEST_STEP][PASSED] - Statement - actualList.add(i, availableStoreList.get(i).getText()): null

2018-06-18 14:09:04 - [TEST_STEP][PASSED] - Statement - actualList.add(i, availableStoreList.get(i).getText()): null

2018-06-18 14:09:04 - [TEST_STEP][PASSED] - Statement - actualList.add(i, availableStoreList.get(i).getText()): null

2018-06-18 14:09:04 - [TEST_STEP][PASSED] - Statement - actualList.add(i, availableStoreList.get(i).getText()): null

2018-06-18 14:09:04 - [TEST_STEP][PASSED] - Statement - actualList.add(i, availableStoreList.get(i).getText()): null

2018-06-18 14:09:04 - [TEST_STEP][PASSED] - Statement - actualList.add(i, availableStoreList.get(i).getText()): null

2018-06-18 14:09:04 - [TEST_STEP][PASSED] - Statement - actualList.add(i, availableStoreList.get(i).getText()): null

2018-06-18 14:09:04 - [TEST_STEP][PASSED] - Statement - actualList.add(i, availableStoreList.get(i).getText()): null

2018-06-18 14:09:04 - [TEST_STEP][PASSED] - Statement - actualList.add(i, availableStoreList.get(i).getText()): null

2018-06-18 14:09:04 - [TEST_STEP][PASSED] - Statement - actualList.add(i, availableStoreList.get(i).getText()): null

2018-06-18 14:09:04 - [TEST_STEP][PASSED] - Statement - actualList.add(i, availableStoreList.get(i).getText()): null

2018-06-18 14:09:04 - [TEST_STEP][PASSED] - Statement - actualList.add(i, availableStoreList.get(i).getText()): null

2018-06-18 14:09:04 - [TEST_STEP][PASSED] - Statement - actualList.add(i, availableStoreList.get(i).getText()): null

2018-06-18 14:09:04 - [TEST_STEP][PASSED] - Statement - actualList.add(i, availableStoreList.get(i).getText()): null

2018-06-18 14:09:04 - [TEST_STEP][PASSED] - Statement - actualList.add(i, availableStoreList.get(i).getText()): null

2018-06-18 14:09:04 - [TEST_STEP][PASSED] - Statement - actualList.add(i, availableStoreList.get(i).getText()): null

2018-06-18 14:09:04 - [TEST_STEP][PASSED] - Statement - actualList.add(i, availableStoreList.get(i).getText()): null

2018-06-18 14:09:04 - [TEST_STEP][PASSED] - Statement - actualList.add(i, availableStoreList.get(i).getText()): null

2018-06-18 14:09:04 - [TEST_STEP][PASSED] - Statement - actualList.add(i, availableStoreList.get(i).getText()): null

2018-06-18 14:09:04 - [TEST_STEP][PASSED] - Statement - actualList.add(i, availableStoreList.get(i).getText()): null

2018-06-18 14:09:04 - [TEST_STEP][PASSED] - Statement - actualList.add(i, availableStoreList.get(i).getText()): null

2018-06-18 14:09:04 - [TEST_STEP][PASSED] - Statement - actualList.add(i, availableStoreList.get(i).getText()): null

2018-06-18 14:09:04 - [TEST_STEP][PASSED] - Statement - actualList.add(i, availableStoreList.get(i).getText()): null

2018-06-18 14:09:04 - [TEST_STEP][PASSED] - Statement - actualList.add(i, availableStoreList.get(i).getText()): null

2018-06-18 14:09:04 - [TEST_STEP][PASSED] - Statement - actualList.add(i, availableStoreList.get(i).getText()): null

2018-06-18 14:09:05 - [TEST_STEP][PASSED] - Statement - actualList.add(i, availableStoreList.get(i).getText()): null

2018-06-18 14:09:05 - [TEST_STEP][PASSED] - Statement - actualList.add(i, availableStoreList.get(i).getText()): null

2018-06-18 14:09:05 - [TEST_STEP][PASSED] - Statement - actualList.add(i, availableStoreList.get(i).getText()): null

2018-06-18 14:09:05 - [TEST_STEP][PASSED] - Statement - actualList.add(i, availableStoreList.get(i).getText()): null

2018-06-18 14:09:05 - [TEST_STEP][PASSED] - Statement - actualList.add(i, availableStoreList.get(i).getText()): null

2018-06-18 14:09:05 - [TEST_STEP][PASSED] - Statement - actualList.add(i, availableStoreList.get(i).getText()): null

2018-06-18 14:09:05 - [TEST_STEP][PASSED] - Statement - actualList.add(i, availableStoreList.get(i).getText()): null

2018-06-18 14:09:05 - [TEST_STEP][PASSED] - Statement - actualList.add(i, availableStoreList.get(i).getText()): null

2018-06-18 14:09:05 - [TEST_STEP][PASSED] - Statement - actualList.add(i, availableStoreList.get(i).getText()): null

2018-06-18 14:09:05 - [TEST_STEP][PASSED] - Statement - actualList.add(i, availableStoreList.get(i).getText()): null

2018-06-18 14:09:05 - [TEST_STEP][PASSED] - Statement - actualList.add(i, availableStoreList.get(i).getText()): null

2018-06-18 14:09:05 - [TEST_STEP][PASSED] - Statement - actualList.add(i, availableStoreList.get(i).getText()): null

2018-06-18 14:09:05 - [TEST_STEP][PASSED] - Statement - actualList.add(i, availableStoreList.get(i).getText()): null

2018-06-18 14:09:05 - [TEST_STEP][PASSED] - Statement - actualList.add(i, availableStoreList.get(i).getText()): null

2018-06-18 14:09:05 - [TEST_STEP][PASSED] - Statement - actualList.add(i, availableStoreList.get(i).getText()): null

2018-06-18 14:09:05 - [TEST_STEP][PASSED] - Statement - actualList.add(i, availableStoreList.get(i).getText()): null

2018-06-18 14:09:05 - [TEST_STEP][PASSED] - Statement - actualList.add(i, availableStoreList.get(i).getText()): null

2018-06-18 14:09:05 - [TEST_STEP][PASSED] - Statement - actualList.add(i, availableStoreList.get(i).getText()): null

2018-06-18 14:09:05 - [TEST_STEP][PASSED] - Statement - actualList.add(i, availableStoreList.get(i).getText()): null

2018-06-18 14:09:05 - [TEST_STEP][PASSED] - Statement - actualList.add(i, availableStoreList.get(i).getText()): null

2018-06-18 14:09:05 - [TEST_STEP][PASSED] - Statement - actualList.add(i, availableStoreList.get(i).getText()): null

2018-06-18 14:09:05 - [TEST_STEP][PASSED] - Statement - actualList.add(i, availableStoreList.get(i).getText()): null

2018-06-18 14:09:05 - [TEST_STEP][PASSED] - Statement - actualList.add(i, availableStoreList.get(i).getText()): null

2018-06-18 14:09:05 - [TEST_STEP][PASSED] - Statement - actualList.add(i, availableStoreList.get(i).getText()): null

2018-06-18 14:09:05 - [TEST_STEP][PASSED] - Statement - actualList.add(i, availableStoreList.get(i).getText()): null

2018-06-18 14:09:05 - [TEST_STEP][PASSED] - Statement - actualList.add(i, availableStoreList.get(i).getText()): null

2018-06-18 14:09:05 - [TEST_STEP][PASSED] - Statement - actualList.add(i, availableStoreList.get(i).getText()): null

2018-06-18 14:09:05 - [TEST_STEP][PASSED] - Statement - actualList.add(i, availableStoreList.get(i).getText()): null

2018-06-18 14:09:05 - [TEST_STEP][PASSED] - Statement - actualList.add(i, availableStoreList.get(i).getText()): null

2018-06-18 14:09:05 - [TEST_STEP][PASSED] - Statement - actualList.add(i, availableStoreList.get(i).getText()): null

2018-06-18 14:09:05 - [TEST_STEP][PASSED] - Statement - actualList.add(i, availableStoreList.get(i).getText()): null

2018-06-18 14:09:05 - [TEST_STEP][PASSED] - Statement - actualList.add(i, availableStoreList.get(i).getText()): null

2018-06-18 14:09:05 - [TEST_STEP][PASSED] - Statement - actualList.add(i, availableStoreList.get(i).getText()): null

2018-06-18 14:09:05 - [TEST_STEP][PASSED] - Statement - actualList.add(i, availableStoreList.get(i).getText()): null

2018-06-18 14:09:05 - [TEST_STEP][PASSED] - Statement - actualList.add(i, availableStoreList.get(i).getText()): null

2018-06-18 14:09:05 - [TEST_STEP][PASSED] - Statement - actualList.add(i, availableStoreList.get(i).getText()): null

2018-06-18 14:09:05 - [TEST_STEP][PASSED] - Statement - actualList.add(i, availableStoreList.get(i).getText()): null

2018-06-18 14:09:05 - [TEST_STEP][PASSED] - Statement - actualList.add(i, availableStoreList.get(i).getText()): null

2018-06-18 14:09:05 - [TEST_STEP][PASSED] - Statement - actualList.add(i, availableStoreList.get(i).getText()): null

2018-06-18 14:09:05 - [TEST_STEP][PASSED] - Statement - actualList.add(i, availableStoreList.get(i).getText()): null

2018-06-18 14:09:05 - [TEST_STEP][PASSED] - Statement - actualList.add(i, availableStoreList.get(i).getText()): null

2018-06-18 14:09:05 - [TEST_STEP][PASSED] - Statement - actualList.add(i, availableStoreList.get(i).getText()): null

2018-06-18 14:09:05 - [TEST_STEP][PASSED] - Statement - actualList.add(i, availableStoreList.get(i).getText()): null

2018-06-18 14:09:05 - [TEST_STEP][PASSED] - Statement - actualList.add(i, availableStoreList.get(i).getText()): null

2018-06-18 14:09:05 - [TEST_STEP][PASSED] - Statement - actualList.add(i, availableStoreList.get(i).getText()): null

2018-06-18 14:09:05 - [TEST_STEP][PASSED] - Statement - actualList.add(i, availableStoreList.get(i).getText()): null

2018-06-18 14:09:05 - [TEST_STEP][PASSED] - Statement - actualList.add(i, availableStoreList.get(i).getText()): null

2018-06-18 14:09:05 - [TEST_STEP][PASSED] - Statement - actualList.add(i, availableStoreList.get(i).getText()): null

2018-06-18 14:09:05 - [TEST_STEP][PASSED] - Statement - actualList.add(i, availableStoreList.get(i).getText()): null

2018-06-18 14:09:05 - [TEST_STEP][PASSED] - Statement - actualList.add(i, availableStoreList.get(i).getText()): null

2018-06-18 14:09:05 - [TEST_STEP][PASSED] - Statement - actualList.add(i, availableStoreList.get(i).getText()): null

2018-06-18 14:09:05 - [TEST_STEP][PASSED] - Statement - actualList.add(i, availableStoreList.get(i).getText()): null

2018-06-18 14:09:05 - [TEST_STEP][PASSED] - Statement - actualList.add(i, availableStoreList.get(i).getText()): null

2018-06-18 14:09:05 - [TEST_STEP][PASSED] - Statement - actualList.add(i, availableStoreList.get(i).getText()): null

2018-06-18 14:09:05 - [TEST_STEP][PASSED] - Statement - actualList.add(i, availableStoreList.get(i).getText()): null

2018-06-18 14:09:05 - [TEST_STEP][PASSED] - Statement - actualList.add(i, availableStoreList.get(i).getText()): null

2018-06-18 14:09:05 - [TEST_STEP][PASSED] - Statement - actualList.add(i, availableStoreList.get(i).getText()): null

2018-06-18 14:09:05 - [TEST_STEP][PASSED] - Statement - actualList.add(i, availableStoreList.get(i).getText()): null

2018-06-18 14:09:05 - [TEST_STEP][PASSED] - Statement - actualList.add(i, availableStoreList.get(i).getText()): null

2018-06-18 14:09:05 - [TEST_STEP][PASSED] - Statement - actualList.add(i, availableStoreList.get(i).getText()): null

2018-06-18 14:09:05 - [TEST_STEP][PASSED] - Statement - actualList.add(i, availableStoreList.get(i).getText()): null

2018-06-18 14:09:05 - [TEST_STEP][PASSED] - Statement - actualList.add(i, availableStoreList.get(i).getText()): null

2018-06-18 14:09:05 - [TEST_STEP][PASSED] - Statement - actualList.add(i, availableStoreList.get(i).getText()): null

2018-06-18 14:09:05 - [TEST_STEP][PASSED] - Statement - actualList.add(i, availableStoreList.get(i).getText()): null

2018-06-18 14:09:05 - [TEST_STEP][PASSED] - Statement - actualList.add(i, availableStoreList.get(i).getText()): null

2018-06-18 14:09:05 - [TEST_STEP][PASSED] - Statement - actualList.add(i, availableStoreList.get(i).getText()): null

2018-06-18 14:09:05 - [TEST_STEP][PASSED] - Statement - actualList.add(i, availableStoreList.get(i).getText()): null

2018-06-18 14:09:05 - [TEST_STEP][PASSED] - Statement - actualList.add(i, availableStoreList.get(i).getText()): null

2018-06-18 14:09:06 - [TEST_STEP][PASSED] - Statement - actualList.add(i, availableStoreList.get(i).getText()): null

2018-06-18 14:09:06 - [TEST_STEP][PASSED] - Statement - actualList.add(i, availableStoreList.get(i).getText()): null

2018-06-18 14:09:06 - [TEST_STEP][PASSED] - Statement - actualList.add(i, availableStoreList.get(i).getText()): null

2018-06-18 14:09:06 - [TEST_STEP][PASSED] - Statement - actualList.add(i, availableStoreList.get(i).getText()): null

2018-06-18 14:09:06 - [TEST_STEP][PASSED] - Statement - actualList.add(i, availableStoreList.get(i).getText()): null

2018-06-18 14:09:06 - [TEST_STEP][PASSED] - Statement - actualList.add(i, availableStoreList.get(i).getText()): null

2018-06-18 14:09:06 - [TEST_STEP][PASSED] - Statement - actualList.add(i, availableStoreList.get(i).getText()): null

2018-06-18 14:09:06 - [TEST_STEP][PASSED] - Statement - actualList.add(i, availableStoreList.get(i).getText()): null

2018-06-18 14:09:06 - [TEST_STEP][PASSED] - Statement - actualList.add(i, availableStoreList.get(i).getText()): null

2018-06-18 14:09:06 - [TEST_STEP][PASSED] - Statement - actualList.add(i, availableStoreList.get(i).getText()): null

2018-06-18 14:09:06 - [TEST_STEP][PASSED] - Statement - actualList.add(i, availableStoreList.get(i).getText()): null

2018-06-18 14:09:06 - [TEST_STEP][PASSED] - Statement - actualList.add(i, availableStoreList.get(i).getText()): null

2018-06-18 14:09:06 - [TEST_STEP][PASSED] - Statement - actualList.add(i, availableStoreList.get(i).getText()): null

2018-06-18 14:09:06 - [TEST_STEP][PASSED] - Statement - actualList.add(i, availableStoreList.get(i).getText()): null

2018-06-18 14:09:06 - [TEST_STEP][PASSED] - Statement - actualList.add(i, availableStoreList.get(i).getText()): null

2018-06-18 14:09:06 - [TEST_STEP][PASSED] - Statement - actualList.add(i, availableStoreList.get(i).getText()): null

2018-06-18 14:09:06 - [TEST_STEP][PASSED] - Statement - actualList.add(i, availableStoreList.get(i).getText()): null

2018-06-18 14:09:06 - [TEST_STEP][PASSED] - Statement - actualList.add(i, availableStoreList.get(i).getText()): null

2018-06-18 14:09:06 - [TEST_STEP][PASSED] - Statement - actualList.add(i, availableStoreList.get(i).getText()): null

2018-06-18 14:09:06 - [TEST_STEP][PASSED] - Statement - actualList.add(i, availableStoreList.get(i).getText()): null

2018-06-18 14:09:06 - [TEST_STEP][PASSED] - Statement - actualList.add(i, availableStoreList.get(i).getText()): null

2018-06-18 14:09:06 - [TEST_STEP][PASSED] - Statement - actualList.add(i, availableStoreList.get(i).getText()): null

2018-06-18 14:09:06 - [TEST_STEP][PASSED] - Statement - actualList.add(i, availableStoreList.get(i).getText()): null

2018-06-18 14:09:06 - [TEST_STEP][PASSED] - Statement - actualList.add(i, availableStoreList.get(i).getText()): null

2018-06-18 14:09:06 - [TEST_STEP][PASSED] - Statement - actualList.add(i, availableStoreList.get(i).getText()): null

2018-06-18 14:09:06 - [TEST_STEP][PASSED] - Statement - actualList.add(i, availableStoreList.get(i).getText()): null

2018-06-18 14:09:06 - [TEST_STEP][PASSED] - Statement - actualList.add(i, availableStoreList.get(i).getText()): null

2018-06-18 14:09:06 - [TEST_STEP][PASSED] - Statement - actualList.add(i, availableStoreList.get(i).getText()): null

2018-06-18 14:09:06 - [TEST_STEP][PASSED] - Statement - actualList.add(i, availableStoreList.get(i).getText()): null

2018-06-18 14:09:06 - [TEST_STEP][PASSED] - Statement - actualList.add(i, availableStoreList.get(i).getText()): null

2018-06-18 14:09:06 - [TEST_STEP][PASSED] - Statement - actualList.add(i, availableStoreList.get(i).getText()): null

2018-06-18 14:09:06 - [TEST_STEP][PASSED] - Statement - actualList.add(i, availableStoreList.get(i).getText()): null

2018-06-18 14:09:06 - [TEST_STEP][PASSED] - Statement - actualList.add(i, availableStoreList.get(i).getText()): null

2018-06-18 14:09:06 - [TEST_STEP][PASSED] - Statement - actualList.add(i, availableStoreList.get(i).getText()): null

2018-06-18 14:09:06 - [TEST_STEP][PASSED] - Statement - actualList.add(i, availableStoreList.get(i).getText()): null

2018-06-18 14:09:06 - [TEST_STEP][PASSED] - Statement - actualList.add(i, availableStoreList.get(i).getText()): null

2018-06-18 14:09:06 - [TEST_STEP][PASSED] - Statement - actualList.add(i, availableStoreList.get(i).getText()): null

2018-06-18 14:09:06 - [TEST_STEP][PASSED] - Statement - actualList.add(i, availableStoreList.get(i).getText()): null

2018-06-18 14:09:06 - [TEST_STEP][PASSED] - Statement - actualList.add(i, availableStoreList.get(i).getText()): null

2018-06-18 14:09:06 - [TEST_STEP][PASSED] - Statement - actualList.add(i, availableStoreList.get(i).getText()): null

2018-06-18 14:09:06 - [TEST_STEP][PASSED] - Statement - actualList.add(i, availableStoreList.get(i).getText()): null

2018-06-18 14:09:06 - [TEST_STEP][PASSED] - Statement - actualList.add(i, availableStoreList.get(i).getText()): null

2018-06-18 14:09:06 - [TEST_STEP][PASSED] - Statement - actualList.add(i, availableStoreList.get(i).getText()): null

2018-06-18 14:09:06 - [TEST_STEP][PASSED] - Statement - actualList.add(i, availableStoreList.get(i).getText()): null

2018-06-18 14:09:06 - [TEST_STEP][PASSED] - Statement - actualList.add(i, availableStoreList.get(i).getText()): null

2018-06-18 14:09:06 - [TEST_STEP][PASSED] - Statement - actualList.add(i, availableStoreList.get(i).getText()): null

2018-06-18 14:09:06 - [TEST_STEP][PASSED] - Statement - out.println(actualList): null

2018-06-18 14:09:06 - [TEST_STEP][PASSED] - Statement - If (actualList.containsAll(listOfStores)): null

2018-06-18 14:09:06 - [TEST_STEP][PASSED] - Statement - println("Groups & Stores are displayed in Available Groups/Stores listbox"): null

2018-06-18 14:09:06 - [TEST_STEP][PASSED] - uiaction.CommonUIActions.click: uiaction.CommonUIActions.click is PASSED

2018-06-18 14:09:06 - [MESSAGE][PASSED] - uiaction.CommonUIActions.click is PASSED

2018-06-18 14:09:06 - [TEST_STEP][PASSED] - uiaction.CommonUIActions.click: uiaction.CommonUIActions.click is PASSED

2018-06-18 14:09:06 - [MESSAGE][PASSED] - uiaction.CommonUIActions.click is PASSED

2018-06-18 14:09:06 - [TEST_STEP][PASSED] - uiaction.CommonUIActions.back: uiaction.CommonUIActions.back is PASSED

2018-06-18 14:09:06 - [MESSAGE][PASSED] - Navigate back successfully

2018-06-18 14:09:06 - [MESSAGE][PASSED] - uiaction.CommonUIActions.back is PASSED

2018-06-18 14:09:06 - [TEST_STEP][PASSED] - delay: Delayed 5 second(s)

2018-06-18 14:09:11 - [MESSAGE][PASSED] - Delayed 5 second(s)

2018-06-18 14:09:11 - [TEST_STEP][PASSED] - uiaction.CommonUIActions.back: uiaction.CommonUIActions.back is PASSED

2018-06-18 14:09:11 - [MESSAGE][PASSED] - Navigate back successfully

2018-06-18 14:09:11 - [MESSAGE][PASSED] - uiaction.CommonUIActions.back is PASSED

2018-06-18 14:09:11 - [TEST_STEP][PASSED] - delay: Delayed 5 second(s)

2018-06-18 14:09:16 - [MESSAGE][PASSED] - Delayed 5 second(s)

2018-06-18 14:09:16 - [TEST_STEP][PASSED] - uiaction.CommonUIActions.click: uiaction.CommonUIActions.click is PASSED

2018-06-18 14:09:17 - [MESSAGE][PASSED] - uiaction.CommonUIActions.click is PASSED

2018-06-18 14:09:17 - [TEST_STEP][PASSED] - uiaction.CommonUIActions.click: uiaction.CommonUIActions.click is PASSED

2018-06-18 14:09:17 - [MESSAGE][PASSED] - uiaction.CommonUIActions.click is PASSED

2018-06-18 14:09:17 - [TEST_STEP][PASSED] - uiaction.CommonUIActions.click: uiaction.CommonUIActions.click is PASSED

2018-06-18 14:09:17 - [MESSAGE][PASSED] - uiaction.CommonUIActions.click is PASSED

2018-06-18 14:09:17 - [TEST_STEP][PASSED] - uiaction.CommonUIActions.back: uiaction.CommonUIActions.back is PASSED

2018-06-18 14:09:17 - [MESSAGE][PASSED] - Navigate back successfully

2018-06-18 14:09:17 - [MESSAGE][PASSED] - uiaction.CommonUIActions.back is PASSED

2018-06-18 14:09:17 - [TEST_STEP][PASSED] - delay: Delayed 5 second(s)

2018-06-18 14:09:22 - [MESSAGE][PASSED] - Delayed 5 second(s)

2018-06-18 14:09:22 - [TEST_STEP][PASSED] - uiaction.CommonUIActions.back: uiaction.CommonUIActions.back is PASSED

2018-06-18 14:09:22 - [MESSAGE][PASSED] - Navigate back successfully

2018-06-18 14:09:22 - [MESSAGE][PASSED] - uiaction.CommonUIActions.back is PASSED

2018-06-18 14:09:22 - [TEST_STEP][PASSED] - delay: Delayed 5 second(s)

2018-06-18 14:09:27 - [MESSAGE][PASSED] - Delayed 5 second(s)

2018-06-18 14:09:27 - [TEST_STEP][PASSED] - uiaction.CommonUIActions.click: uiaction.CommonUIActions.click is PASSED

2018-06-18 14:09:27 - [MESSAGE][PASSED] - uiaction.CommonUIActions.click is PASSED

2018-06-18 14:09:27 - [TEST_STEP][PASSED] - delay: Delayed 5 second(s)

2018-06-18 14:09:32 - [MESSAGE][PASSED] - Delayed 5 second(s)

2018-06-18 14:09:32 - [TEST_STEP][PASSED] - uiaction.CommonUIActions.enter: uiaction.CommonUIActions.enter is PASSED

2018-06-18 14:09:32 - [MESSAGE][PASSED] - projectSpecific.Reusability.getTestData is PASSED

2018-06-18 14:09:32 - [MESSAGE][PASSED] - uiaction.CommonUIActions.enter is PASSED

2018-06-18 14:09:32 - [TEST_STEP][PASSED] - uiaction.CommonUIActions.enter: uiaction.CommonUIActions.enter is PASSED

2018-06-18 14:09:32 - [MESSAGE][PASSED] - projectSpecific.Reusability.getTestData is PASSED

2018-06-18 14:09:32 - [MESSAGE][PASSED] - uiaction.CommonUIActions.enter is PASSED

2018-06-18 14:09:32 - [TEST_STEP][PASSED] - delay: Delayed 5 second(s)

2018-06-18 14:09:37 - [MESSAGE][PASSED] - Delayed 5 second(s)

2018-06-18 14:09:37 - [TEST_STEP][PASSED] - Statement - StoresCBList = driver.findElements(org.openqa.selenium.By.xpath(com.kms.katalon.core.testdata.TestDataFactory.findTestData(OR_file).getValue(2, 12))): Reading excel file with source file 'C:\Users\shalinin\Katalon Studio\HME_Scripts\Data Files\HME_OR.xlsx' and sheet name 'Sheet1'

2018-06-18 14:09:37 - [TEST_STEP][PASSED] - Statement - storesLabel = driver.findElements(org.openqa.selenium.By.xpath(com.kms.katalon.core.testdata.TestDataFactory.findTestData(OR_file).getValue(2, 10))): Reading excel file with source file 'C:\Users\shalinin\Katalon Studio\HME_Scripts\Data Files\HME_OR.xlsx' and sheet name 'Sheet1'

2018-06-18 14:09:37 - [TEST_STEP][PASSED] - Statement - groupStoresList = new java.util.ArrayList(): null

2018-06-18 14:09:37 - [TEST_STEP][PASSED] - Statement - out.println(StoresCBList.size()): null

2018-06-18 14:09:37 - [TEST_STEP][PASSED] - Statement - size = StoresCBList.size(): null

2018-06-18 14:09:37 - [TEST_STEP][PASSED] - delay: Delayed 5 second(s)

2018-06-18 14:09:42 - [MESSAGE][PASSED] - Delayed 5 second(s)

2018-06-18 14:09:42 - [TEST_STEP][PASSED] - Statement - For ([i = 0, i < size, (i++)]): null

2018-06-18 14:09:42 - [TEST_STEP][PASSED] - Statement - groupStoresList[i] = storesLabel.get(i).getText(): null

2018-06-18 14:09:42 - [TEST_STEP][PASSED] - Statement - StoresCBList.get(i).click(): null

2018-06-18 14:09:42 - [TEST_STEP][PASSED] - Statement - groupStoresList[i] = storesLabel.get(i).getText(): null

2018-06-18 14:09:42 - [TEST_STEP][PASSED] - Statement - StoresCBList.get(i).click(): null

2018-06-18 14:09:42 - [TEST_STEP][PASSED] - Statement - groupStoresList[i] = storesLabel.get(i).getText(): null

2018-06-18 14:09:42 - [TEST_STEP][PASSED] - Statement - StoresCBList.get(i).click(): null

2018-06-18 14:09:42 - [TEST_STEP][PASSED] - Statement - groupStoresList[i] = storesLabel.get(i).getText(): null

2018-06-18 14:09:42 - [TEST_STEP][PASSED] - Statement - StoresCBList.get(i).click(): null

2018-06-18 14:09:42 - [TEST_STEP][PASSED] - Statement - groupStoresList[i] = storesLabel.get(i).getText(): null

2018-06-18 14:09:42 - [TEST_STEP][PASSED] - Statement - StoresCBList.get(i).click(): null

2018-06-18 14:09:42 - [TEST_STEP][PASSED] - Statement - groupStoresList[i] = storesLabel.get(i).getText(): null

2018-06-18 14:09:42 - [TEST_STEP][PASSED] - Statement - StoresCBList.get(i).click(): null

2018-06-18 14:09:42 - [TEST_STEP][PASSED] - Statement - groupStoresList[i] = storesLabel.get(i).getText(): null

2018-06-18 14:09:43 - [TEST_STEP][PASSED] - Statement - StoresCBList.get(i).click(): null

2018-06-18 14:09:43 - [TEST_STEP][PASSED] - Statement - groupStoresList[i] = storesLabel.get(i).getText(): null

2018-06-18 14:09:43 - [TEST_STEP][PASSED] - Statement - StoresCBList.get(i).click(): null

2018-06-18 14:09:43 - [TEST_STEP][PASSED] - Statement - groupStoresList[i] = storesLabel.get(i).getText(): null

2018-06-18 14:09:43 - [TEST_STEP][PASSED] - Statement - StoresCBList.get(i).click(): null

2018-06-18 14:09:43 - [TEST_STEP][PASSED] - Statement - groupStoresList[i] = storesLabel.get(i).getText(): null

2018-06-18 14:09:43 - [TEST_STEP][PASSED] - Statement - StoresCBList.get(i).click(): null

2018-06-18 14:09:43 - [TEST_STEP][PASSED] - Statement - groupStoresList[i] = storesLabel.get(i).getText(): null

2018-06-18 14:09:43 - [TEST_STEP][PASSED] - Statement - StoresCBList.get(i).click(): null

2018-06-18 14:09:43 - [TEST_STEP][PASSED] - Statement - groupStoresList[i] = storesLabel.get(i).getText(): null

2018-06-18 14:09:43 - [TEST_STEP][PASSED] - Statement - StoresCBList.get(i).click(): null

2018-06-18 14:09:43 - [TEST_STEP][PASSED] - Statement - groupStoresList[i] = storesLabel.get(i).getText(): null

2018-06-18 14:09:43 - [TEST_STEP][PASSED] - Statement - StoresCBList.get(i).click(): null

2018-06-18 14:09:43 - [TEST_STEP][PASSED] - Statement - groupStoresList[i] = storesLabel.get(i).getText(): null

2018-06-18 14:09:43 - [TEST_STEP][PASSED] - Statement - StoresCBList.get(i).click(): null

2018-06-18 14:09:43 - [TEST_STEP][PASSED] - Statement - groupStoresList[i] = storesLabel.get(i).getText(): null

2018-06-18 14:09:43 - [TEST_STEP][PASSED] - Statement - StoresCBList.get(i).click(): null

2018-06-18 14:09:43 - [TEST_STEP][PASSED] - Statement - groupStoresList[i] = storesLabel.get(i).getText(): null

2018-06-18 14:09:43 - [TEST_STEP][PASSED] - Statement - StoresCBList.get(i).click(): null

2018-06-18 14:09:43 - [TEST_STEP][PASSED] - Statement - groupStoresList[i] = storesLabel.get(i).getText(): null

2018-06-18 14:09:43 - [TEST_STEP][PASSED] - Statement - StoresCBList.get(i).click(): null

2018-06-18 14:09:43 - [TEST_STEP][PASSED] - Statement - groupStoresList[i] = storesLabel.get(i).getText(): null

2018-06-18 14:09:43 - [TEST_STEP][PASSED] - Statement - StoresCBList.get(i).click(): null

2018-06-18 14:09:43 - [TEST_STEP][PASSED] - Statement - groupStoresList[i] = storesLabel.get(i).getText(): null

2018-06-18 14:09:43 - [TEST_STEP][PASSED] - Statement - StoresCBList.get(i).click(): null

2018-06-18 14:09:43 - [TEST_STEP][PASSED] - Statement - groupStoresList[i] = storesLabel.get(i).getText(): null

2018-06-18 14:09:43 - [TEST_STEP][PASSED] - Statement - StoresCBList.get(i).click(): null

2018-06-18 14:09:43 - [TEST_STEP][PASSED] - Statement - groupStoresList[i] = storesLabel.get(i).getText(): null

2018-06-18 14:09:43 - [TEST_STEP][PASSED] - Statement - StoresCBList.get(i).click(): null

2018-06-18 14:09:44 - [TEST_STEP][PASSED] - Statement - groupStoresList[i] = storesLabel.get(i).getText(): null

2018-06-18 14:09:44 - [TEST_STEP][PASSED] - Statement - StoresCBList.get(i).click(): null

2018-06-18 14:09:44 - [TEST_STEP][PASSED] - Statement - groupStoresList[i] = storesLabel.get(i).getText(): null

2018-06-18 14:09:44 - [TEST_STEP][PASSED] - Statement - StoresCBList.get(i).click(): null

2018-06-18 14:09:44 - [TEST_STEP][PASSED] - Statement - groupStoresList[i] = storesLabel.get(i).getText(): null

2018-06-18 14:09:44 - [TEST_STEP][PASSED] - Statement - StoresCBList.get(i).click(): null

2018-06-18 14:09:44 - [TEST_STEP][PASSED] - Statement - groupStoresList[i] = storesLabel.get(i).getText(): null

2018-06-18 14:09:44 - [TEST_STEP][PASSED] - Statement - StoresCBList.get(i).click(): null

2018-06-18 14:09:44 - [TEST_STEP][PASSED] - Statement - groupStoresList[i] = storesLabel.get(i).getText(): null

2018-06-18 14:09:44 - [TEST_STEP][PASSED] - Statement - StoresCBList.get(i).click(): null

2018-06-18 14:09:44 - [TEST_STEP][PASSED] - Statement - groupStoresList[i] = storesLabel.get(i).getText(): null

2018-06-18 14:09:44 - [TEST_STEP][PASSED] - Statement - StoresCBList.get(i).click(): null

2018-06-18 14:09:44 - [TEST_STEP][PASSED] - Statement - groupStoresList[i] = storesLabel.get(i).getText(): null

2018-06-18 14:09:44 - [TEST_STEP][PASSED] - Statement - StoresCBList.get(i).click(): null

2018-06-18 14:09:44 - [TEST_STEP][PASSED] - Statement - groupStoresList[i] = storesLabel.get(i).getText(): null

2018-06-18 14:09:44 - [TEST_STEP][PASSED] - Statement - StoresCBList.get(i).click(): null

2018-06-18 14:09:44 - [TEST_STEP][PASSED] - Statement - groupStoresList[i] = storesLabel.get(i).getText(): null

2018-06-18 14:09:44 - [TEST_STEP][PASSED] - Statement - StoresCBList.get(i).click(): null

2018-06-18 14:09:44 - [TEST_STEP][PASSED] - Statement - groupStoresList[i] = storesLabel.get(i).getText(): null

2018-06-18 14:09:44 - [TEST_STEP][PASSED] - Statement - StoresCBList.get(i).click(): null

2018-06-18 14:09:44 - [TEST_STEP][PASSED] - Statement - groupStoresList[i] = storesLabel.get(i).getText(): null

2018-06-18 14:09:44 - [TEST_STEP][PASSED] - Statement - StoresCBList.get(i).click(): null

2018-06-18 14:09:44 - [TEST_STEP][PASSED] - Statement - groupStoresList[i] = storesLabel.get(i).getText(): null

2018-06-18 14:09:44 - [TEST_STEP][PASSED] - Statement - StoresCBList.get(i).click(): null

2018-06-18 14:09:44 - [TEST_STEP][PASSED] - Statement - groupStoresList[i] = storesLabel.get(i).getText(): null

2018-06-18 14:09:44 - [TEST_STEP][PASSED] - Statement - StoresCBList.get(i).click(): null

2018-06-18 14:09:44 - [TEST_STEP][PASSED] - Statement - groupStoresList[i] = storesLabel.get(i).getText(): null

2018-06-18 14:09:44 - [TEST_STEP][PASSED] - Statement - StoresCBList.get(i).click(): null

2018-06-18 14:09:44 - [TEST_STEP][PASSED] - Statement - groupStoresList[i] = storesLabel.get(i).getText(): null

2018-06-18 14:09:45 - [TEST_STEP][PASSED] - Statement - StoresCBList.get(i).click(): null

2018-06-18 14:09:45 - [TEST_STEP][PASSED] - Statement - groupStoresList[i] = storesLabel.get(i).getText(): null

2018-06-18 14:09:45 - [TEST_STEP][PASSED] - Statement - StoresCBList.get(i).click(): null

2018-06-18 14:09:45 - [TEST_STEP][PASSED] - Statement - groupStoresList[i] = storesLabel.get(i).getText(): null

2018-06-18 14:09:45 - [TEST_STEP][PASSED] - Statement - StoresCBList.get(i).click(): null

2018-06-18 14:09:45 - [TEST_STEP][PASSED] - Statement - groupStoresList[i] = storesLabel.get(i).getText(): null

2018-06-18 14:09:45 - [TEST_STEP][PASSED] - Statement - StoresCBList.get(i).click(): null

2018-06-18 14:09:45 - [TEST_STEP][PASSED] - Statement - groupStoresList[i] = storesLabel.get(i).getText(): null

2018-06-18 14:09:45 - [TEST_STEP][PASSED] - Statement - StoresCBList.get(i).click(): null

2018-06-18 14:09:45 - [TEST_STEP][PASSED] - Statement - groupStoresList[i] = storesLabel.get(i).getText(): null

2018-06-18 14:09:45 - [TEST_STEP][PASSED] - Statement - StoresCBList.get(i).click(): null

2018-06-18 14:09:45 - [TEST_STEP][PASSED] - Statement - groupStoresList[i] = storesLabel.get(i).getText(): null

2018-06-18 14:09:45 - [TEST_STEP][PASSED] - Statement - StoresCBList.get(i).click(): null

2018-06-18 14:09:45 - [TEST_STEP][PASSED] - Statement - groupStoresList[i] = storesLabel.get(i).getText(): null

2018-06-18 14:09:45 - [TEST_STEP][PASSED] - Statement - StoresCBList.get(i).click(): null

2018-06-18 14:09:45 - [TEST_STEP][PASSED] - Statement - groupStoresList[i] = storesLabel.get(i).getText(): null

2018-06-18 14:09:45 - [TEST_STEP][PASSED] - Statement - StoresCBList.get(i).click(): null

2018-06-18 14:09:45 - [TEST_STEP][PASSED] - Statement - groupStoresList[i] = storesLabel.get(i).getText(): null

2018-06-18 14:09:45 - [TEST_STEP][PASSED] - Statement - StoresCBList.get(i).click(): null

2018-06-18 14:09:45 - [TEST_STEP][PASSED] - Statement - groupStoresList[i] = storesLabel.get(i).getText(): null

2018-06-18 14:09:45 - [TEST_STEP][PASSED] - Statement - StoresCBList.get(i).click(): null

2018-06-18 14:09:45 - [TEST_STEP][PASSED] - Statement - groupStoresList[i] = storesLabel.get(i).getText(): null

2018-06-18 14:09:45 - [TEST_STEP][PASSED] - Statement - StoresCBList.get(i).click(): null

2018-06-18 14:09:45 - [TEST_STEP][PASSED] - Statement - groupStoresList[i] = storesLabel.get(i).getText(): null

2018-06-18 14:09:45 - [TEST_STEP][PASSED] - Statement - StoresCBList.get(i).click(): null

2018-06-18 14:09:45 - [TEST_STEP][PASSED] - Statement - groupStoresList[i] = storesLabel.get(i).getText(): null

2018-06-18 14:09:45 - [TEST_STEP][PASSED] - Statement - StoresCBList.get(i).click(): null

2018-06-18 14:09:45 - [TEST_STEP][PASSED] - Statement - groupStoresList[i] = storesLabel.get(i).getText(): null

2018-06-18 14:09:45 - [TEST_STEP][PASSED] - Statement - StoresCBList.get(i).click(): null

2018-06-18 14:09:46 - [TEST_STEP][PASSED] - Statement - groupStoresList[i] = storesLabel.get(i).getText(): null

2018-06-18 14:09:46 - [TEST_STEP][PASSED] - Statement - StoresCBList.get(i).click(): null

2018-06-18 14:09:46 - [TEST_STEP][PASSED] - Statement - groupStoresList[i] = storesLabel.get(i).getText(): null

2018-06-18 14:09:46 - [TEST_STEP][PASSED] - Statement - StoresCBList.get(i).click(): null

2018-06-18 14:09:46 - [TEST_STEP][PASSED] - Statement - groupStoresList[i] = storesLabel.get(i).getText(): null

2018-06-18 14:09:46 - [TEST_STEP][PASSED] - Statement - StoresCBList.get(i).click(): null

2018-06-18 14:09:46 - [TEST_STEP][PASSED] - Statement - groupStoresList[i] = storesLabel.get(i).getText(): null

2018-06-18 14:09:46 - [TEST_STEP][PASSED] - Statement - StoresCBList.get(i).click(): null

2018-06-18 14:09:46 - [TEST_STEP][PASSED] - Statement - groupStoresList[i] = storesLabel.get(i).getText(): null

2018-06-18 14:09:46 - [TEST_STEP][PASSED] - Statement - StoresCBList.get(i).click(): null

2018-06-18 14:09:46 - [TEST_STEP][PASSED] - Statement - groupStoresList[i] = storesLabel.get(i).getText(): null

2018-06-18 14:09:46 - [TEST_STEP][PASSED] - Statement - StoresCBList.get(i).click(): null

2018-06-18 14:09:46 - [TEST_STEP][PASSED] - Statement - groupStoresList[i] = storesLabel.get(i).getText(): null

2018-06-18 14:09:46 - [TEST_STEP][PASSED] - Statement - StoresCBList.get(i).click(): null

2018-06-18 14:09:46 - [TEST_STEP][PASSED] - Statement - groupStoresList[i] = storesLabel.get(i).getText(): null

2018-06-18 14:09:46 - [TEST_STEP][PASSED] - Statement - StoresCBList.get(i).click(): null

2018-06-18 14:09:46 - [TEST_STEP][PASSED] - Statement - groupStoresList[i] = storesLabel.get(i).getText(): null

2018-06-18 14:09:46 - [TEST_STEP][PASSED] - Statement - StoresCBList.get(i).click(): null

2018-06-18 14:09:46 - [TEST_STEP][PASSED] - Statement - groupStoresList[i] = storesLabel.get(i).getText(): null

2018-06-18 14:09:46 - [TEST_STEP][PASSED] - Statement - StoresCBList.get(i).click(): null

2018-06-18 14:09:46 - [TEST_STEP][PASSED] - Statement - groupStoresList[i] = storesLabel.get(i).getText(): null

2018-06-18 14:09:46 - [TEST_STEP][PASSED] - Statement - StoresCBList.get(i).click(): null

2018-06-18 14:09:46 - [TEST_STEP][PASSED] - Statement - groupStoresList[i] = storesLabel.get(i).getText(): null

2018-06-18 14:09:46 - [TEST_STEP][PASSED] - Statement - StoresCBList.get(i).click(): null

2018-06-18 14:09:46 - [TEST_STEP][PASSED] - Statement - groupStoresList[i] = storesLabel.get(i).getText(): null

2018-06-18 14:09:46 - [TEST_STEP][PASSED] - Statement - StoresCBList.get(i).click(): null

2018-06-18 14:09:46 - [TEST_STEP][PASSED] - Statement - groupStoresList[i] = storesLabel.get(i).getText(): null

2018-06-18 14:09:46 - [TEST_STEP][PASSED] - Statement - StoresCBList.get(i).click(): null

2018-06-18 14:09:46 - [TEST_STEP][PASSED] - Statement - groupStoresList[i] = storesLabel.get(i).getText(): null

2018-06-18 14:09:46 - [TEST_STEP][PASSED] - Statement - StoresCBList.get(i).click(): null

2018-06-18 14:09:47 - [TEST_STEP][PASSED] - Statement - groupStoresList[i] = storesLabel.get(i).getText(): null

2018-06-18 14:09:47 - [TEST_STEP][PASSED] - Statement - StoresCBList.get(i).click(): null

2018-06-18 14:09:47 - [TEST_STEP][PASSED] - Statement - groupStoresList[i] = storesLabel.get(i).getText(): null

2018-06-18 14:09:47 - [TEST_STEP][PASSED] - Statement - StoresCBList.get(i).click(): null

2018-06-18 14:09:47 - [TEST_STEP][PASSED] - Statement - groupStoresList[i] = storesLabel.get(i).getText(): null

2018-06-18 14:09:47 - [TEST_STEP][PASSED] - Statement - StoresCBList.get(i).click(): null

2018-06-18 14:09:47 - [TEST_STEP][PASSED] - Statement - groupStoresList[i] = storesLabel.get(i).getText(): null

2018-06-18 14:09:47 - [TEST_STEP][PASSED] - Statement - StoresCBList.get(i).click(): null

2018-06-18 14:09:47 - [TEST_STEP][PASSED] - Statement - groupStoresList[i] = storesLabel.get(i).getText(): null

2018-06-18 14:09:47 - [TEST_STEP][PASSED] - Statement - StoresCBList.get(i).click(): null

2018-06-18 14:09:47 - [TEST_STEP][PASSED] - Statement - groupStoresList[i] = storesLabel.get(i).getText(): null

2018-06-18 14:09:47 - [TEST_STEP][PASSED] - Statement - StoresCBList.get(i).click(): null

2018-06-18 14:09:47 - [TEST_STEP][PASSED] - Statement - groupStoresList[i] = storesLabel.get(i).getText(): null

2018-06-18 14:09:47 - [TEST_STEP][PASSED] - Statement - StoresCBList.get(i).click(): null

2018-06-18 14:09:47 - [TEST_STEP][PASSED] - Statement - groupStoresList[i] = storesLabel.get(i).getText(): null

2018-06-18 14:09:47 - [TEST_STEP][PASSED] - Statement - StoresCBList.get(i).click(): null

2018-06-18 14:09:47 - [TEST_STEP][PASSED] - Statement - groupStoresList[i] = storesLabel.get(i).getText(): null

2018-06-18 14:09:47 - [TEST_STEP][PASSED] - Statement - StoresCBList.get(i).click(): null

2018-06-18 14:09:47 - [TEST_STEP][PASSED] - Statement - groupStoresList[i] = storesLabel.get(i).getText(): null

2018-06-18 14:09:47 - [TEST_STEP][PASSED] - Statement - StoresCBList.get(i).click(): null

2018-06-18 14:09:47 - [TEST_STEP][PASSED] - Statement - groupStoresList[i] = storesLabel.get(i).getText(): null

2018-06-18 14:09:47 - [TEST_STEP][PASSED] - Statement - StoresCBList.get(i).click(): null

2018-06-18 14:09:47 - [TEST_STEP][PASSED] - Statement - groupStoresList[i] = storesLabel.get(i).getText(): null

2018-06-18 14:09:47 - [TEST_STEP][PASSED] - Statement - StoresCBList.get(i).click(): null

2018-06-18 14:09:47 - [TEST_STEP][PASSED] - Statement - groupStoresList[i] = storesLabel.get(i).getText(): null

2018-06-18 14:09:47 - [TEST_STEP][PASSED] - Statement - StoresCBList.get(i).click(): null

2018-06-18 14:09:47 - [TEST_STEP][PASSED] - Statement - groupStoresList[i] = storesLabel.get(i).getText(): null

2018-06-18 14:09:47 - [TEST_STEP][PASSED] - Statement - StoresCBList.get(i).click(): null

2018-06-18 14:09:47 - [TEST_STEP][PASSED] - Statement - groupStoresList[i] = storesLabel.get(i).getText(): null

2018-06-18 14:09:47 - [TEST_STEP][PASSED] - Statement - StoresCBList.get(i).click(): null

2018-06-18 14:09:48 - [TEST_STEP][PASSED] - Statement - groupStoresList[i] = storesLabel.get(i).getText(): null

2018-06-18 14:09:48 - [TEST_STEP][PASSED] - Statement - StoresCBList.get(i).click(): null

2018-06-18 14:09:48 - [TEST_STEP][PASSED] - Statement - groupStoresList[i] = storesLabel.get(i).getText(): null

2018-06-18 14:09:48 - [TEST_STEP][PASSED] - Statement - StoresCBList.get(i).click(): null

2018-06-18 14:09:48 - [TEST_STEP][PASSED] - Statement - groupStoresList[i] = storesLabel.get(i).getText(): null

2018-06-18 14:09:48 - [TEST_STEP][PASSED] - Statement - StoresCBList.get(i).click(): null

2018-06-18 14:09:48 - [TEST_STEP][PASSED] - Statement - groupStoresList[i] = storesLabel.get(i).getText(): null

2018-06-18 14:09:48 - [TEST_STEP][PASSED] - Statement - StoresCBList.get(i).click(): null

2018-06-18 14:09:48 - [TEST_STEP][PASSED] - Statement - groupStoresList[i] = storesLabel.get(i).getText(): null

2018-06-18 14:09:48 - [TEST_STEP][PASSED] - Statement - StoresCBList.get(i).click(): null

2018-06-18 14:09:48 - [TEST_STEP][PASSED] - Statement - groupStoresList[i] = storesLabel.get(i).getText(): null

2018-06-18 14:09:48 - [TEST_STEP][PASSED] - Statement - StoresCBList.get(i).click(): null

2018-06-18 14:09:48 - [TEST_STEP][PASSED] - Statement - groupStoresList[i] = storesLabel.get(i).getText(): null

2018-06-18 14:09:48 - [TEST_STEP][PASSED] - Statement - StoresCBList.get(i).click(): null

2018-06-18 14:09:48 - [TEST_STEP][PASSED] - Statement - groupStoresList[i] = storesLabel.get(i).getText(): null

2018-06-18 14:09:48 - [TEST_STEP][PASSED] - Statement - StoresCBList.get(i).click(): null

2018-06-18 14:09:48 - [TEST_STEP][PASSED] - Statement - groupStoresList[i] = storesLabel.get(i).getText(): null

2018-06-18 14:09:48 - [TEST_STEP][PASSED] - Statement - StoresCBList.get(i).click(): null

2018-06-18 14:09:48 - [TEST_STEP][PASSED] - Statement - groupStoresList[i] = storesLabel.get(i).getText(): null

2018-06-18 14:09:48 - [TEST_STEP][PASSED] - Statement - StoresCBList.get(i).click(): null

2018-06-18 14:09:48 - [TEST_STEP][PASSED] - Statement - groupStoresList[i] = storesLabel.get(i).getText(): null

2018-06-18 14:09:48 - [TEST_STEP][PASSED] - Statement - StoresCBList.get(i).click(): null

2018-06-18 14:09:48 - [TEST_STEP][PASSED] - Statement - groupStoresList[i] = storesLabel.get(i).getText(): null

2018-06-18 14:09:48 - [TEST_STEP][PASSED] - Statement - StoresCBList.get(i).click(): null

2018-06-18 14:09:48 - [TEST_STEP][PASSED] - Statement - groupStoresList[i] = storesLabel.get(i).getText(): null

2018-06-18 14:09:48 - [TEST_STEP][PASSED] - Statement - StoresCBList.get(i).click(): null

2018-06-18 14:09:48 - [TEST_STEP][PASSED] - Statement - groupStoresList[i] = storesLabel.get(i).getText(): null

2018-06-18 14:09:48 - [TEST_STEP][PASSED] - Statement - StoresCBList.get(i).click(): null

2018-06-18 14:09:48 - [TEST_STEP][PASSED] - Statement - groupStoresList[i] = storesLabel.get(i).getText(): null

2018-06-18 14:09:48 - [TEST_STEP][PASSED] - Statement - StoresCBList.get(i).click(): null

2018-06-18 14:09:49 - [TEST_STEP][PASSED] - Statement - groupStoresList[i] = storesLabel.get(i).getText(): null

2018-06-18 14:09:49 - [TEST_STEP][PASSED] - Statement - StoresCBList.get(i).click(): null

2018-06-18 14:09:49 - [TEST_STEP][PASSED] - Statement - groupStoresList[i] = storesLabel.get(i).getText(): null

2018-06-18 14:09:49 - [TEST_STEP][PASSED] - Statement - StoresCBList.get(i).click(): null

2018-06-18 14:09:49 - [TEST_STEP][PASSED] - Statement - groupStoresList[i] = storesLabel.get(i).getText(): null

2018-06-18 14:09:49 - [TEST_STEP][PASSED] - Statement - StoresCBList.get(i).click(): null

2018-06-18 14:09:49 - [TEST_STEP][PASSED] - Statement - groupStoresList[i] = storesLabel.get(i).getText(): null

2018-06-18 14:09:49 - [TEST_STEP][PASSED] - Statement - StoresCBList.get(i).click(): null

2018-06-18 14:09:49 - [TEST_STEP][PASSED] - Statement - groupStoresList[i] = storesLabel.get(i).getText(): null

2018-06-18 14:09:49 - [TEST_STEP][PASSED] - Statement - StoresCBList.get(i).click(): null

2018-06-18 14:09:49 - [TEST_STEP][PASSED] - Statement - groupStoresList[i] = storesLabel.get(i).getText(): null

2018-06-18 14:09:49 - [TEST_STEP][PASSED] - Statement - StoresCBList.get(i).click(): null

2018-06-18 14:09:49 - [TEST_STEP][PASSED] - Statement - groupStoresList[i] = storesLabel.get(i).getText(): null

2018-06-18 14:09:49 - [TEST_STEP][PASSED] - Statement - StoresCBList.get(i).click(): null

2018-06-18 14:09:49 - [TEST_STEP][PASSED] - Statement - groupStoresList[i] = storesLabel.get(i).getText(): null

2018-06-18 14:09:49 - [TEST_STEP][PASSED] - Statement - StoresCBList.get(i).click(): null

2018-06-18 14:09:49 - [TEST_STEP][PASSED] - Statement - groupStoresList[i] = storesLabel.get(i).getText(): null

2018-06-18 14:09:49 - [TEST_STEP][PASSED] - Statement - StoresCBList.get(i).click(): null

2018-06-18 14:09:49 - [TEST_STEP][PASSED] - Statement - groupStoresList[i] = storesLabel.get(i).getText(): null

2018-06-18 14:09:49 - [TEST_STEP][PASSED] - Statement - StoresCBList.get(i).click(): null

2018-06-18 14:09:49 - [TEST_STEP][PASSED] - Statement - groupStoresList[i] = storesLabel.get(i).getText(): null

2018-06-18 14:09:49 - [TEST_STEP][PASSED] - Statement - StoresCBList.get(i).click(): null

2018-06-18 14:09:49 - [TEST_STEP][PASSED] - Statement - groupStoresList[i] = storesLabel.get(i).getText(): null

2018-06-18 14:09:49 - [TEST_STEP][PASSED] - Statement - StoresCBList.get(i).click(): null

2018-06-18 14:09:49 - [TEST_STEP][PASSED] - Statement - groupStoresList[i] = storesLabel.get(i).getText(): null

2018-06-18 14:09:49 - [TEST_STEP][PASSED] - Statement - StoresCBList.get(i).click(): null

2018-06-18 14:09:49 - [TEST_STEP][PASSED] - Statement - groupStoresList[i] = storesLabel.get(i).getText(): null

2018-06-18 14:09:49 - [TEST_STEP][PASSED] - Statement - StoresCBList.get(i).click(): null

2018-06-18 14:09:49 - [TEST_STEP][PASSED] - Statement - groupStoresList[i] = storesLabel.get(i).getText(): null

2018-06-18 14:09:50 - [TEST_STEP][PASSED] - Statement - StoresCBList.get(i).click(): null

2018-06-18 14:09:50 - [TEST_STEP][PASSED] - Statement - groupStoresList[i] = storesLabel.get(i).getText(): null

2018-06-18 14:09:50 - [TEST_STEP][PASSED] - Statement - StoresCBList.get(i).click(): null

2018-06-18 14:09:50 - [TEST_STEP][PASSED] - Statement - groupStoresList[i] = storesLabel.get(i).getText(): null

2018-06-18 14:09:50 - [TEST_STEP][PASSED] - Statement - StoresCBList.get(i).click(): null

2018-06-18 14:09:50 - [TEST_STEP][PASSED] - Statement - groupStoresList[i] = storesLabel.get(i).getText(): null

2018-06-18 14:09:50 - [TEST_STEP][PASSED] - Statement - StoresCBList.get(i).click(): null

2018-06-18 14:09:50 - [TEST_STEP][PASSED] - Statement - groupStoresList[i] = storesLabel.get(i).getText(): null

2018-06-18 14:09:50 - [TEST_STEP][PASSED] - Statement - StoresCBList.get(i).click(): null

2018-06-18 14:09:50 - [TEST_STEP][PASSED] - Statement - groupStoresList[i] = storesLabel.get(i).getText(): null

2018-06-18 14:09:50 - [TEST_STEP][PASSED] - Statement - StoresCBList.get(i).click(): null

2018-06-18 14:09:50 - [TEST_STEP][PASSED] - Statement - groupStoresList[i] = storesLabel.get(i).getText(): null

2018-06-18 14:09:50 - [TEST_STEP][PASSED] - Statement - StoresCBList.get(i).click(): null

2018-06-18 14:09:50 - [TEST_STEP][PASSED] - Statement - groupStoresList[i] = storesLabel.get(i).getText(): null

2018-06-18 14:09:50 - [TEST_STEP][PASSED] - Statement - StoresCBList.get(i).click(): null

2018-06-18 14:09:50 - [TEST_STEP][PASSED] - Statement - groupStoresList[i] = storesLabel.get(i).getText(): null

2018-06-18 14:09:50 - [TEST_STEP][PASSED] - Statement - StoresCBList.get(i).click(): null

2018-06-18 14:09:50 - [TEST_STEP][PASSED] - Statement - groupStoresList[i] = storesLabel.get(i).getText(): null

2018-06-18 14:09:50 - [TEST_STEP][PASSED] - Statement - StoresCBList.get(i).click(): null

2018-06-18 14:09:50 - [TEST_STEP][PASSED] - Statement - groupStoresList[i] = storesLabel.get(i).getText(): null

2018-06-18 14:09:50 - [TEST_STEP][PASSED] - Statement - StoresCBList.get(i).click(): null

2018-06-18 14:09:50 - [TEST_STEP][PASSED] - Statement - groupStoresList[i] = storesLabel.get(i).getText(): null

2018-06-18 14:09:50 - [TEST_STEP][PASSED] - Statement - StoresCBList.get(i).click(): null

2018-06-18 14:09:50 - [TEST_STEP][PASSED] - Statement - groupStoresList[i] = storesLabel.get(i).getText(): null

2018-06-18 14:09:50 - [TEST_STEP][PASSED] - Statement - StoresCBList.get(i).click(): null

2018-06-18 14:09:50 - [TEST_STEP][PASSED] - Statement - groupStoresList[i] = storesLabel.get(i).getText(): null

2018-06-18 14:09:50 - [TEST_STEP][PASSED] - Statement - StoresCBList.get(i).click(): null

2018-06-18 14:09:50 - [TEST_STEP][PASSED] - Statement - groupStoresList[i] = storesLabel.get(i).getText(): null

2018-06-18 14:09:50 - [TEST_STEP][PASSED] - Statement - StoresCBList.get(i).click(): null

2018-06-18 14:09:50 - [TEST_STEP][PASSED] - Statement - groupStoresList[i] = storesLabel.get(i).getText(): null

2018-06-18 14:09:51 - [TEST_STEP][PASSED] - Statement - StoresCBList.get(i).click(): null

2018-06-18 14:09:51 - [TEST_STEP][PASSED] - Statement - groupStoresList[i] = storesLabel.get(i).getText(): null

2018-06-18 14:09:51 - [TEST_STEP][PASSED] - Statement - StoresCBList.get(i).click(): null

2018-06-18 14:09:51 - [TEST_STEP][PASSED] - Statement - groupStoresList[i] = storesLabel.get(i).getText(): null

2018-06-18 14:09:51 - [TEST_STEP][PASSED] - Statement - StoresCBList.get(i).click(): null

2018-06-18 14:09:51 - [TEST_STEP][PASSED] - Statement - groupStoresList[i] = storesLabel.get(i).getText(): null

2018-06-18 14:09:51 - [TEST_STEP][PASSED] - Statement - StoresCBList.get(i).click(): null

2018-06-18 14:09:51 - [TEST_STEP][PASSED] - Statement - groupStoresList[i] = storesLabel.get(i).getText(): null

2018-06-18 14:09:51 - [TEST_STEP][PASSED] - Statement - StoresCBList.get(i).click(): null

2018-06-18 14:09:51 - [TEST_STEP][PASSED] - Statement - groupStoresList[i] = storesLabel.get(i).getText(): null

2018-06-18 14:09:51 - [TEST_STEP][PASSED] - Statement - StoresCBList.get(i).click(): null

2018-06-18 14:09:51 - [TEST_STEP][PASSED] - Statement - groupStoresList[i] = storesLabel.get(i).getText(): null

2018-06-18 14:09:51 - [TEST_STEP][PASSED] - Statement - StoresCBList.get(i).click(): null

2018-06-18 14:09:51 - [TEST_STEP][PASSED] - Statement - groupStoresList[i] = storesLabel.get(i).getText(): null

2018-06-18 14:09:51 - [TEST_STEP][PASSED] - Statement - StoresCBList.get(i).click(): null

2018-06-18 14:09:51 - [TEST_STEP][PASSED] - Statement - groupStoresList[i] = storesLabel.get(i).getText(): null

2018-06-18 14:09:51 - [TEST_STEP][PASSED] - Statement - StoresCBList.get(i).click(): null

2018-06-18 14:09:51 - [TEST_STEP][PASSED] - Statement - groupStoresList[i] = storesLabel.get(i).getText(): null

2018-06-18 14:09:51 - [TEST_STEP][PASSED] - Statement - StoresCBList.get(i).click(): null

2018-06-18 14:09:51 - [TEST_STEP][PASSED] - Statement - groupStoresList[i] = storesLabel.get(i).getText(): null

2018-06-18 14:09:51 - [TEST_STEP][PASSED] - Statement - StoresCBList.get(i).click(): null

2018-06-18 14:09:51 - [TEST_STEP][PASSED] - Statement - groupStoresList[i] = storesLabel.get(i).getText(): null

2018-06-18 14:09:51 - [TEST_STEP][PASSED] - Statement - StoresCBList.get(i).click(): null

2018-06-18 14:09:51 - [TEST_STEP][PASSED] - Statement - groupStoresList[i] = storesLabel.get(i).getText(): null

2018-06-18 14:09:51 - [TEST_STEP][PASSED] - Statement - StoresCBList.get(i).click(): null

2018-06-18 14:09:51 - [TEST_STEP][PASSED] - Statement - groupStoresList[i] = storesLabel.get(i).getText(): null

2018-06-18 14:09:51 - [TEST_STEP][PASSED] - Statement - StoresCBList.get(i).click(): null

2018-06-18 14:09:51 - [TEST_STEP][PASSED] - Statement - groupStoresList[i] = storesLabel.get(i).getText(): null

2018-06-18 14:09:51 - [TEST_STEP][PASSED] - Statement - StoresCBList.get(i).click(): null

2018-06-18 14:09:51 - [TEST_STEP][PASSED] - Statement - groupStoresList[i] = storesLabel.get(i).getText(): null

2018-06-18 14:09:52 - [TEST_STEP][PASSED] - Statement - StoresCBList.get(i).click(): null

2018-06-18 14:09:52 - [TEST_STEP][PASSED] - Statement - groupStoresList[i] = storesLabel.get(i).getText(): null

2018-06-18 14:09:52 - [TEST_STEP][PASSED] - Statement - StoresCBList.get(i).click(): null

2018-06-18 14:09:52 - [TEST_STEP][PASSED] - Statement - groupStoresList[i] = storesLabel.get(i).getText(): null

2018-06-18 14:09:52 - [TEST_STEP][PASSED] - Statement - StoresCBList.get(i).click(): null

2018-06-18 14:09:52 - [TEST_STEP][PASSED] - Statement - groupStoresList[i] = storesLabel.get(i).getText(): null

2018-06-18 14:09:52 - [TEST_STEP][PASSED] - Statement - StoresCBList.get(i).click(): null

2018-06-18 14:09:52 - [TEST_STEP][PASSED] - Statement - groupStoresList[i] = storesLabel.get(i).getText(): null

2018-06-18 14:09:52 - [TEST_STEP][PASSED] - Statement - StoresCBList.get(i).click(): null

2018-06-18 14:09:52 - [TEST_STEP][PASSED] - Statement - groupStoresList[i] = storesLabel.get(i).getText(): null

2018-06-18 14:09:52 - [TEST_STEP][PASSED] - Statement - StoresCBList.get(i).click(): null

2018-06-18 14:09:52 - [TEST_STEP][PASSED] - Statement - groupStoresList[i] = storesLabel.get(i).getText(): null

2018-06-18 14:09:52 - [TEST_STEP][PASSED] - Statement - StoresCBList.get(i).click(): null

2018-06-18 14:09:52 - [TEST_STEP][PASSED] - Statement - groupStoresList[i] = storesLabel.get(i).getText(): null

2018-06-18 14:09:52 - [TEST_STEP][PASSED] - Statement - StoresCBList.get(i).click(): null

2018-06-18 14:09:52 - [TEST_STEP][PASSED] - Statement - groupStoresList[i] = storesLabel.get(i).getText(): null

2018-06-18 14:09:52 - [TEST_STEP][PASSED] - Statement - StoresCBList.get(i).click(): null

2018-06-18 14:09:52 - [TEST_STEP][PASSED] - Statement - groupStoresList[i] = storesLabel.get(i).getText(): null

2018-06-18 14:09:52 - [TEST_STEP][PASSED] - Statement - StoresCBList.get(i).click(): null

2018-06-18 14:09:52 - [TEST_STEP][PASSED] - Statement - groupStoresList[i] = storesLabel.get(i).getText(): null

2018-06-18 14:09:52 - [TEST_STEP][PASSED] - Statement - StoresCBList.get(i).click(): null

2018-06-18 14:09:52 - [TEST_STEP][PASSED] - Statement - groupStoresList[i] = storesLabel.get(i).getText(): null

2018-06-18 14:09:52 - [TEST_STEP][PASSED] - Statement - StoresCBList.get(i).click(): null

2018-06-18 14:09:52 - [TEST_STEP][PASSED] - Statement - groupStoresList[i] = storesLabel.get(i).getText(): null

2018-06-18 14:09:52 - [TEST_STEP][PASSED] - Statement - StoresCBList.get(i).click(): null

2018-06-18 14:09:52 - [TEST_STEP][PASSED] - Statement - groupStoresList[i] = storesLabel.get(i).getText(): null

2018-06-18 14:09:52 - [TEST_STEP][PASSED] - Statement - StoresCBList.get(i).click(): null

2018-06-18 14:09:52 - [TEST_STEP][PASSED] - Statement - groupStoresList[i] = storesLabel.get(i).getText(): null

2018-06-18 14:09:52 - [TEST_STEP][PASSED] - Statement - StoresCBList.get(i).click(): null

2018-06-18 14:09:52 - [TEST_STEP][PASSED] - Statement - groupStoresList[i] = storesLabel.get(i).getText(): null

2018-06-18 14:09:53 - [TEST_STEP][PASSED] - Statement - StoresCBList.get(i).click(): null

2018-06-18 14:09:53 - [TEST_STEP][PASSED] - Statement - groupStoresList[i] = storesLabel.get(i).getText(): null

2018-06-18 14:09:53 - [TEST_STEP][PASSED] - Statement - StoresCBList.get(i).click(): null

2018-06-18 14:09:53 - [TEST_STEP][PASSED] - Statement - groupStoresList[i] = storesLabel.get(i).getText(): null

2018-06-18 14:09:53 - [TEST_STEP][PASSED] - Statement - StoresCBList.get(i).click(): null

2018-06-18 14:09:53 - [TEST_STEP][PASSED] - Statement - groupStoresList[i] = storesLabel.get(i).getText(): null

2018-06-18 14:09:53 - [TEST_STEP][PASSED] - Statement - StoresCBList.get(i).click(): null

2018-06-18 14:09:53 - [TEST_STEP][PASSED] - Statement - groupStoresList[i] = storesLabel.get(i).getText(): null

2018-06-18 14:09:53 - [TEST_STEP][PASSED] - Statement - StoresCBList.get(i).click(): null

2018-06-18 14:09:53 - [TEST_STEP][PASSED] - Statement - groupStoresList[i] = storesLabel.get(i).getText(): null

2018-06-18 14:09:53 - [TEST_STEP][PASSED] - Statement - StoresCBList.get(i).click(): null

2018-06-18 14:09:53 - [TEST_STEP][PASSED] - Statement - groupStoresList[i] = storesLabel.get(i).getText(): null

2018-06-18 14:09:53 - [TEST_STEP][PASSED] - Statement - StoresCBList.get(i).click(): null

2018-06-18 14:09:53 - [TEST_STEP][PASSED] - Statement - groupStoresList[i] = storesLabel.get(i).getText(): null

2018-06-18 14:09:53 - [TEST_STEP][PASSED] - Statement - StoresCBList.get(i).click(): null

2018-06-18 14:09:53 - [TEST_STEP][PASSED] - Statement - groupStoresList[i] = storesLabel.get(i).getText(): null

2018-06-18 14:09:53 - [TEST_STEP][PASSED] - Statement - StoresCBList.get(i).click(): null

2018-06-18 14:09:53 - [TEST_STEP][PASSED] - Statement - groupStoresList[i] = storesLabel.get(i).getText(): null

2018-06-18 14:09:53 - [TEST_STEP][PASSED] - Statement - StoresCBList.get(i).click(): null

2018-06-18 14:09:53 - [TEST_STEP][PASSED] - Statement - groupStoresList[i] = storesLabel.get(i).getText(): null

2018-06-18 14:09:53 - [TEST_STEP][PASSED] - Statement - StoresCBList.get(i).click(): null

2018-06-18 14:09:53 - [TEST_STEP][PASSED] - Statement - groupStoresList[i] = storesLabel.get(i).getText(): null

2018-06-18 14:09:53 - [TEST_STEP][PASSED] - Statement - StoresCBList.get(i).click(): null

2018-06-18 14:09:53 - [TEST_STEP][PASSED] - Statement - groupStoresList[i] = storesLabel.get(i).getText(): null

2018-06-18 14:09:53 - [TEST_STEP][PASSED] - Statement - StoresCBList.get(i).click(): null

2018-06-18 14:09:53 - [TEST_STEP][PASSED] - Statement - groupStoresList[i] = storesLabel.get(i).getText(): null

2018-06-18 14:09:53 - [TEST_STEP][PASSED] - Statement - StoresCBList.get(i).click(): null

2018-06-18 14:09:53 - [TEST_STEP][PASSED] - Statement - groupStoresList[i] = storesLabel.get(i).getText(): null

2018-06-18 14:09:53 - [TEST_STEP][PASSED] - Statement - StoresCBList.get(i).click(): null

2018-06-18 14:09:54 - [TEST_STEP][PASSED] - Statement - groupStoresList[i] = storesLabel.get(i).getText(): null

2018-06-18 14:09:54 - [TEST_STEP][PASSED] - Statement - StoresCBList.get(i).click(): null

2018-06-18 14:09:54 - [TEST_STEP][PASSED] - Statement - groupStoresList[i] = storesLabel.get(i).getText(): null

2018-06-18 14:09:54 - [TEST_STEP][PASSED] - Statement - StoresCBList.get(i).click(): null

2018-06-18 14:09:54 - [TEST_STEP][PASSED] - Statement - groupStoresList[i] = storesLabel.get(i).getText(): null

2018-06-18 14:09:54 - [TEST_STEP][PASSED] - Statement - StoresCBList.get(i).click(): null

2018-06-18 14:09:54 - [TEST_STEP][PASSED] - Statement - groupStoresList[i] = storesLabel.get(i).getText(): null

2018-06-18 14:09:54 - [TEST_STEP][PASSED] - Statement - StoresCBList.get(i).click(): null

2018-06-18 14:09:54 - [TEST_STEP][PASSED] - Statement - groupStoresList[i] = storesLabel.get(i).getText(): null

2018-06-18 14:09:54 - [TEST_STEP][PASSED] - Statement - StoresCBList.get(i).click(): null

2018-06-18 14:09:54 - [TEST_STEP][PASSED] - Statement - groupStoresList[i] = storesLabel.get(i).getText(): null

2018-06-18 14:09:54 - [TEST_STEP][PASSED] - Statement - StoresCBList.get(i).click(): null

2018-06-18 14:09:54 - [TEST_STEP][PASSED] - Statement - groupStoresList[i] = storesLabel.get(i).getText(): null

2018-06-18 14:09:54 - [TEST_STEP][PASSED] - Statement - StoresCBList.get(i).click(): null

2018-06-18 14:09:54 - [TEST_STEP][PASSED] - Statement - groupStoresList[i] = storesLabel.get(i).getText(): null

2018-06-18 14:09:54 - [TEST_STEP][PASSED] - Statement - StoresCBList.get(i).click(): null

2018-06-18 14:09:54 - [TEST_STEP][PASSED] - Statement - groupStoresList[i] = storesLabel.get(i).getText(): null

2018-06-18 14:09:54 - [TEST_STEP][PASSED] - Statement - StoresCBList.get(i).click(): null

2018-06-18 14:09:54 - [TEST_STEP][PASSED] - Statement - groupStoresList[i] = storesLabel.get(i).getText(): null

2018-06-18 14:09:54 - [TEST_STEP][PASSED] - Statement - StoresCBList.get(i).click(): null

2018-06-18 14:09:54 - [TEST_STEP][PASSED] - Statement - groupStoresList[i] = storesLabel.get(i).getText(): null

2018-06-18 14:09:54 - [TEST_STEP][PASSED] - Statement - StoresCBList.get(i).click(): null

2018-06-18 14:09:54 - [TEST_STEP][PASSED] - Statement - groupStoresList[i] = storesLabel.get(i).getText(): null

2018-06-18 14:09:54 - [TEST_STEP][PASSED] - Statement - StoresCBList.get(i).click(): null

2018-06-18 14:09:54 - [TEST_STEP][PASSED] - Statement - groupStoresList[i] = storesLabel.get(i).getText(): null

2018-06-18 14:09:54 - [TEST_STEP][PASSED] - Statement - StoresCBList.get(i).click(): null

2018-06-18 14:09:54 - [TEST_STEP][PASSED] - Statement - groupStoresList[i] = storesLabel.get(i).getText(): null

2018-06-18 14:09:54 - [TEST_STEP][PASSED] - Statement - StoresCBList.get(i).click(): null

2018-06-18 14:09:54 - [TEST_STEP][PASSED] - Statement - groupStoresList[i] = storesLabel.get(i).getText(): null

2018-06-18 14:09:54 - [TEST_STEP][PASSED] - Statement - StoresCBList.get(i).click(): null

2018-06-18 14:09:55 - [TEST_STEP][PASSED] - Statement - groupStoresList[i] = storesLabel.get(i).getText(): null

2018-06-18 14:09:55 - [TEST_STEP][PASSED] - Statement - StoresCBList.get(i).click(): null

2018-06-18 14:09:55 - [TEST_STEP][PASSED] - Statement - groupStoresList[i] = storesLabel.get(i).getText(): null

2018-06-18 14:09:55 - [TEST_STEP][PASSED] - Statement - StoresCBList.get(i).click(): null

2018-06-18 14:09:55 - [TEST_STEP][PASSED] - Statement - groupStoresList[i] = storesLabel.get(i).getText(): null

2018-06-18 14:09:55 - [TEST_STEP][PASSED] - Statement - StoresCBList.get(i).click(): null

2018-06-18 14:09:55 - [TEST_STEP][PASSED] - Statement - groupStoresList[i] = storesLabel.get(i).getText(): null

2018-06-18 14:09:55 - [TEST_STEP][PASSED] - Statement - StoresCBList.get(i).click(): null

2018-06-18 14:09:55 - [TEST_STEP][PASSED] - Statement - groupStoresList[i] = storesLabel.get(i).getText(): null

2018-06-18 14:09:55 - [TEST_STEP][PASSED] - Statement - StoresCBList.get(i).click(): null

2018-06-18 14:09:55 - [TEST_STEP][PASSED] - Statement - groupStoresList[i] = storesLabel.get(i).getText(): null

2018-06-18 14:09:55 - [TEST_STEP][PASSED] - Statement - StoresCBList.get(i).click(): null

2018-06-18 14:09:55 - [TEST_STEP][PASSED] - Statement - groupStoresList[i] = storesLabel.get(i).getText(): null

2018-06-18 14:09:55 - [TEST_STEP][PASSED] - Statement - StoresCBList.get(i).click(): null

2018-06-18 14:09:55 - [TEST_STEP][PASSED] - Statement - groupStoresList[i] = storesLabel.get(i).getText(): null

2018-06-18 14:09:55 - [TEST_STEP][PASSED] - Statement - StoresCBList.get(i).click(): null

2018-06-18 14:09:55 - [TEST_STEP][PASSED] - Statement - groupStoresList[i] = storesLabel.get(i).getText(): null

2018-06-18 14:09:55 - [TEST_STEP][PASSED] - Statement - StoresCBList.get(i).click(): null

2018-06-18 14:09:55 - [TEST_STEP][PASSED] - Statement - groupStoresList[i] = storesLabel.get(i).getText(): null

2018-06-18 14:09:55 - [TEST_STEP][PASSED] - Statement - StoresCBList.get(i).click(): null

2018-06-18 14:09:55 - [TEST_STEP][PASSED] - Statement - groupStoresList[i] = storesLabel.get(i).getText(): null

2018-06-18 14:09:55 - [TEST_STEP][PASSED] - Statement - StoresCBList.get(i).click(): null

2018-06-18 14:09:55 - [TEST_STEP][PASSED] - Statement - groupStoresList[i] = storesLabel.get(i).getText(): null

2018-06-18 14:09:55 - [TEST_STEP][PASSED] - Statement - StoresCBList.get(i).click(): null

2018-06-18 14:09:55 - [TEST_STEP][PASSED] - Statement - groupStoresList[i] = storesLabel.get(i).getText(): null

2018-06-18 14:09:55 - [TEST_STEP][PASSED] - Statement - StoresCBList.get(i).click(): null

2018-06-18 14:09:55 - [TEST_STEP][PASSED] - Statement - groupStoresList[i] = storesLabel.get(i).getText(): null

2018-06-18 14:09:55 - [TEST_STEP][PASSED] - Statement - StoresCBList.get(i).click(): null

2018-06-18 14:09:56 - [TEST_STEP][PASSED] - Statement - groupStoresList[i] = storesLabel.get(i).getText(): null

2018-06-18 14:09:56 - [TEST_STEP][PASSED] - Statement - StoresCBList.get(i).click(): null

2018-06-18 14:09:56 - [TEST_STEP][PASSED] - Statement - groupStoresList[i] = storesLabel.get(i).getText(): null

2018-06-18 14:09:56 - [TEST_STEP][PASSED] - Statement - StoresCBList.get(i).click(): null

2018-06-18 14:09:56 - [TEST_STEP][PASSED] - Statement - groupStoresList[i] = storesLabel.get(i).getText(): null

2018-06-18 14:09:56 - [TEST_STEP][PASSED] - Statement - StoresCBList.get(i).click(): null

2018-06-18 14:09:56 - [TEST_STEP][PASSED] - Statement - groupStoresList[i] = storesLabel.get(i).getText(): null

2018-06-18 14:09:56 - [TEST_STEP][PASSED] - Statement - StoresCBList.get(i).click(): null

2018-06-18 14:09:56 - [TEST_STEP][PASSED] - Statement - groupStoresList[i] = storesLabel.get(i).getText(): null

2018-06-18 14:09:56 - [TEST_STEP][PASSED] - Statement - StoresCBList.get(i).click(): null

2018-06-18 14:09:56 - [TEST_STEP][PASSED] - Statement - groupStoresList[i] = storesLabel.get(i).getText(): null

2018-06-18 14:09:56 - [TEST_STEP][PASSED] - Statement - StoresCBList.get(i).click(): null

2018-06-18 14:09:56 - [TEST_STEP][PASSED] - Statement - groupStoresList[i] = storesLabel.get(i).getText(): null

2018-06-18 14:09:56 - [TEST_STEP][PASSED] - Statement - StoresCBList.get(i).click(): null

2018-06-18 14:09:56 - [TEST_STEP][PASSED] - Statement - groupStoresList[i] = storesLabel.get(i).getText(): null

2018-06-18 14:09:56 - [TEST_STEP][PASSED] - Statement - StoresCBList.get(i).click(): null

2018-06-18 14:09:56 - [TEST_STEP][PASSED] - Statement - groupStoresList[i] = storesLabel.get(i).getText(): null

2018-06-18 14:09:56 - [TEST_STEP][PASSED] - Statement - StoresCBList.get(i).click(): null

2018-06-18 14:09:56 - [TEST_STEP][PASSED] - Statement - groupStoresList[i] = storesLabel.get(i).getText(): null

2018-06-18 14:09:56 - [TEST_STEP][PASSED] - Statement - StoresCBList.get(i).click(): null

2018-06-18 14:09:56 - [TEST_STEP][PASSED] - Statement - groupStoresList[i] = storesLabel.get(i).getText(): null

2018-06-18 14:09:56 - [TEST_STEP][PASSED] - Statement - StoresCBList.get(i).click(): null

2018-06-18 14:09:56 - [TEST_STEP][PASSED] - Statement - groupStoresList[i] = storesLabel.get(i).getText(): null

2018-06-18 14:09:56 - [TEST_STEP][PASSED] - Statement - StoresCBList.get(i).click(): null

2018-06-18 14:09:56 - [TEST_STEP][PASSED] - Statement - groupStoresList[i] = storesLabel.get(i).getText(): null

2018-06-18 14:09:56 - [TEST_STEP][PASSED] - Statement - StoresCBList.get(i).click(): null

2018-06-18 14:09:56 - [TEST_STEP][PASSED] - Statement - groupStoresList[i] = storesLabel.get(i).getText(): null

2018-06-18 14:09:56 - [TEST_STEP][PASSED] - Statement - StoresCBList.get(i).click(): null

2018-06-18 14:09:57 - [TEST_STEP][PASSED] - Statement - groupStoresList[i] = storesLabel.get(i).getText(): null

2018-06-18 14:09:57 - [TEST_STEP][PASSED] - Statement - StoresCBList.get(i).click(): null

2018-06-18 14:09:57 - [TEST_STEP][PASSED] - Statement - groupStoresList[i] = storesLabel.get(i).getText(): null

2018-06-18 14:09:57 - [TEST_STEP][PASSED] - Statement - StoresCBList.get(i).click(): null

2018-06-18 14:09:57 - [TEST_STEP][PASSED] - Statement - groupStoresList[i] = storesLabel.get(i).getText(): null

2018-06-18 14:09:57 - [TEST_STEP][PASSED] - Statement - StoresCBList.get(i).click(): null

2018-06-18 14:09:57 - [TEST_STEP][PASSED] - Statement - groupStoresList[i] = storesLabel.get(i).getText(): null

2018-06-18 14:09:57 - [TEST_STEP][PASSED] - Statement - StoresCBList.get(i).click(): null

2018-06-18 14:09:57 - [TEST_STEP][PASSED] - Statement - groupStoresList[i] = storesLabel.get(i).getText(): null

2018-06-18 14:09:57 - [TEST_STEP][PASSED] - Statement - StoresCBList.get(i).click(): null

2018-06-18 14:09:57 - [TEST_STEP][PASSED] - Statement - groupStoresList[i] = storesLabel.get(i).getText(): null

2018-06-18 14:09:57 - [TEST_STEP][PASSED] - Statement - StoresCBList.get(i).click(): null

2018-06-18 14:09:57 - [TEST_STEP][PASSED] - Statement - groupStoresList[i] = storesLabel.get(i).getText(): null

2018-06-18 14:09:57 - [TEST_STEP][PASSED] - Statement - StoresCBList.get(i).click(): null

2018-06-18 14:09:57 - [TEST_STEP][PASSED] - Statement - groupStoresList[i] = storesLabel.get(i).getText(): null

2018-06-18 14:09:57 - [TEST_STEP][PASSED] - Statement - StoresCBList.get(i).click(): null

2018-06-18 14:09:57 - [TEST_STEP][PASSED] - Statement - groupStoresList[i] = storesLabel.get(i).getText(): null

2018-06-18 14:09:57 - [TEST_STEP][PASSED] - Statement - StoresCBList.get(i).click(): null

2018-06-18 14:09:57 - [TEST_STEP][PASSED] - Statement - out.println(groupStoresList): null

2018-06-18 14:09:57 - [TEST_STEP][PASSED] - delay: Delayed 10 second(s)

2018-06-18 14:10:07 - [MESSAGE][PASSED] - Delayed 10 second(s)

2018-06-18 14:10:07 - [TEST_STEP][PASSED] - uiaction.CommonUIActions.click: uiaction.CommonUIActions.click is PASSED

2018-06-18 14:10:07 - [MESSAGE][PASSED] - uiaction.CommonUIActions.click is PASSED

2018-06-18 14:10:07 - [TEST_STEP][PASSED] - delay: Delayed 10 second(s)

2018-06-18 14:10:17 - [MESSAGE][PASSED] - Delayed 10 second(s)

2018-06-18 14:10:17 - [TEST_STEP][PASSED] - Statement - secondStoreListBox1 = driver.findElements(org.openqa.selenium.By.xpath(com.kms.katalon.core.testdata.TestDataFactory.findTestData(OR_file).getValue(2, 11))): Reading excel file with source file 'C:\Users\shalinin\Katalon Studio\HME_Scripts\Data Files\HME_OR.xlsx' and sheet name 'Sheet1'

2018-06-18 14:10:17 - [TEST_STEP][PASSED] - Statement - actualList1 = new java.util.ArrayList(): null

2018-06-18 14:10:17 - [TEST_STEP][PASSED] - Statement - For ([i = 0, i < secondStoreListBox1.size(), (i++)]): null

2018-06-18 14:10:17 - [TEST_STEP][PASSED] - Statement - actualList1.add(i, secondStoreListBox1.get(i).getText()): null

2018-06-18 14:10:17 - [TEST_STEP][PASSED] - Statement - actualList1.add(i, secondStoreListBox1.get(i).getText()): null

2018-06-18 14:10:17 - [TEST_STEP][PASSED] - Statement - actualList1.add(i, secondStoreListBox1.get(i).getText()): null

2018-06-18 14:10:17 - [TEST_STEP][PASSED] - Statement - actualList1.add(i, secondStoreListBox1.get(i).getText()): null

2018-06-18 14:10:17 - [TEST_STEP][PASSED] - Statement - actualList1.add(i, secondStoreListBox1.get(i).getText()): null

2018-06-18 14:10:17 - [TEST_STEP][PASSED] - Statement - actualList1.add(i, secondStoreListBox1.get(i).getText()): null

2018-06-18 14:10:17 - [TEST_STEP][PASSED] - Statement - actualList1.add(i, secondStoreListBox1.get(i).getText()): null

2018-06-18 14:10:17 - [TEST_STEP][PASSED] - Statement - actualList1.add(i, secondStoreListBox1.get(i).getText()): null

2018-06-18 14:10:17 - [TEST_STEP][PASSED] - Statement - actualList1.add(i, secondStoreListBox1.get(i).getText()): null

2018-06-18 14:10:17 - [TEST_STEP][PASSED] - Statement - actualList1.add(i, secondStoreListBox1.get(i).getText()): null

2018-06-18 14:10:17 - [TEST_STEP][PASSED] - Statement - actualList1.add(i, secondStoreListBox1.get(i).getText()): null

2018-06-18 14:10:17 - [TEST_STEP][PASSED] - Statement - actualList1.add(i, secondStoreListBox1.get(i).getText()): null

2018-06-18 14:10:17 - [TEST_STEP][PASSED] - Statement - actualList1.add(i, secondStoreListBox1.get(i).getText()): null

2018-06-18 14:10:17 - [TEST_STEP][PASSED] - Statement - actualList1.add(i, secondStoreListBox1.get(i).getText()): null

2018-06-18 14:10:17 - [TEST_STEP][PASSED] - Statement - actualList1.add(i, secondStoreListBox1.get(i).getText()): null

2018-06-18 14:10:17 - [TEST_STEP][PASSED] - Statement - actualList1.add(i, secondStoreListBox1.get(i).getText()): null

2018-06-18 14:10:18 - [TEST_STEP][PASSED] - Statement - actualList1.add(i, secondStoreListBox1.get(i).getText()): null

2018-06-18 14:10:18 - [TEST_STEP][PASSED] - Statement - actualList1.add(i, secondStoreListBox1.get(i).getText()): null

2018-06-18 14:10:18 - [TEST_STEP][PASSED] - Statement - actualList1.add(i, secondStoreListBox1.get(i).getText()): null

2018-06-18 14:10:18 - [TEST_STEP][PASSED] - Statement - actualList1.add(i, secondStoreListBox1.get(i).getText()): null

2018-06-18 14:10:18 - [TEST_STEP][PASSED] - Statement - actualList1.add(i, secondStoreListBox1.get(i).getText()): null

2018-06-18 14:10:18 - [TEST_STEP][PASSED] - Statement - actualList1.add(i, secondStoreListBox1.get(i).getText()): null

2018-06-18 14:10:18 - [TEST_STEP][PASSED] - Statement - actualList1.add(i, secondStoreListBox1.get(i).getText()): null

2018-06-18 14:10:18 - [TEST_STEP][PASSED] - Statement - actualList1.add(i, secondStoreListBox1.get(i).getText()): null

2018-06-18 14:10:18 - [TEST_STEP][PASSED] - Statement - actualList1.add(i, secondStoreListBox1.get(i).getText()): null

2018-06-18 14:10:18 - [TEST_STEP][PASSED] - Statement - actualList1.add(i, secondStoreListBox1.get(i).getText()): null

2018-06-18 14:10:18 - [TEST_STEP][PASSED] - Statement - actualList1.add(i, secondStoreListBox1.get(i).getText()): null

2018-06-18 14:10:18 - [TEST_STEP][PASSED] - Statement - actualList1.add(i, secondStoreListBox1.get(i).getText()): null

2018-06-18 14:10:18 - [TEST_STEP][PASSED] - Statement - actualList1.add(i, secondStoreListBox1.get(i).getText()): null

2018-06-18 14:10:18 - [TEST_STEP][PASSED] - Statement - actualList1.add(i, secondStoreListBox1.get(i).getText()): null

2018-06-18 14:10:18 - [TEST_STEP][PASSED] - Statement - actualList1.add(i, secondStoreListBox1.get(i).getText()): null

2018-06-18 14:10:18 - [TEST_STEP][PASSED] - Statement - actualList1.add(i, secondStoreListBox1.get(i).getText()): null

2018-06-18 14:10:18 - [TEST_STEP][PASSED] - Statement - actualList1.add(i, secondStoreListBox1.get(i).getText()): null

2018-06-18 14:10:18 - [TEST_STEP][PASSED] - Statement - actualList1.add(i, secondStoreListBox1.get(i).getText()): null

2018-06-18 14:10:18 - [TEST_STEP][PASSED] - Statement - actualList1.add(i, secondStoreListBox1.get(i).getText()): null

2018-06-18 14:10:18 - [TEST_STEP][PASSED] - Statement - actualList1.add(i, secondStoreListBox1.get(i).getText()): null

2018-06-18 14:10:18 - [TEST_STEP][PASSED] - Statement - actualList1.add(i, secondStoreListBox1.get(i).getText()): null

2018-06-18 14:10:18 - [TEST_STEP][PASSED] - Statement - actualList1.add(i, secondStoreListBox1.get(i).getText()): null

2018-06-18 14:10:18 - [TEST_STEP][PASSED] - Statement - actualList1.add(i, secondStoreListBox1.get(i).getText()): null

2018-06-18 14:10:18 - [TEST_STEP][PASSED] - Statement - actualList1.add(i, secondStoreListBox1.get(i).getText()): null

2018-06-18 14:10:18 - [TEST_STEP][PASSED] - Statement - actualList1.add(i, secondStoreListBox1.get(i).getText()): null

2018-06-18 14:10:18 - [TEST_STEP][PASSED] - Statement - actualList1.add(i, secondStoreListBox1.get(i).getText()): null

2018-06-18 14:10:18 - [TEST_STEP][PASSED] - Statement - actualList1.add(i, secondStoreListBox1.get(i).getText()): null

2018-06-18 14:10:18 - [TEST_STEP][PASSED] - Statement - actualList1.add(i, secondStoreListBox1.get(i).getText()): null

2018-06-18 14:10:18 - [TEST_STEP][PASSED] - Statement - actualList1.add(i, secondStoreListBox1.get(i).getText()): null

2018-06-18 14:10:18 - [TEST_STEP][PASSED] - Statement - actualList1.add(i, secondStoreListBox1.get(i).getText()): null

2018-06-18 14:10:18 - [TEST_STEP][PASSED] - Statement - actualList1.add(i, secondStoreListBox1.get(i).getText()): null

2018-06-18 14:10:18 - [TEST_STEP][PASSED] - Statement - actualList1.add(i, secondStoreListBox1.get(i).getText()): null

2018-06-18 14:10:18 - [TEST_STEP][PASSED] - Statement - actualList1.add(i, secondStoreListBox1.get(i).getText()): null

2018-06-18 14:10:18 - [TEST_STEP][PASSED] - Statement - actualList1.add(i, secondStoreListBox1.get(i).getText()): null

2018-06-18 14:10:18 - [TEST_STEP][PASSED] - Statement - actualList1.add(i, secondStoreListBox1.get(i).getText()): null

2018-06-18 14:10:18 - [TEST_STEP][PASSED] - Statement - actualList1.add(i, secondStoreListBox1.get(i).getText()): null

2018-06-18 14:10:18 - [TEST_STEP][PASSED] - Statement - actualList1.add(i, secondStoreListBox1.get(i).getText()): null

2018-06-18 14:10:18 - [TEST_STEP][PASSED] - Statement - actualList1.add(i, secondStoreListBox1.get(i).getText()): null

2018-06-18 14:10:18 - [TEST_STEP][PASSED] - Statement - actualList1.add(i, secondStoreListBox1.get(i).getText()): null

2018-06-18 14:10:18 - [TEST_STEP][PASSED] - Statement - actualList1.add(i, secondStoreListBox1.get(i).getText()): null

2018-06-18 14:10:18 - [TEST_STEP][PASSED] - Statement - actualList1.add(i, secondStoreListBox1.get(i).getText()): null

2018-06-18 14:10:18 - [TEST_STEP][PASSED] - Statement - actualList1.add(i, secondStoreListBox1.get(i).getText()): null

2018-06-18 14:10:18 - [TEST_STEP][PASSED] - Statement - actualList1.add(i, secondStoreListBox1.get(i).getText()): null

2018-06-18 14:10:18 - [TEST_STEP][PASSED] - Statement - actualList1.add(i, secondStoreListBox1.get(i).getText()): null

2018-06-18 14:10:18 - [TEST_STEP][PASSED] - Statement - actualList1.add(i, secondStoreListBox1.get(i).getText()): null

2018-06-18 14:10:18 - [TEST_STEP][PASSED] - Statement - actualList1.add(i, secondStoreListBox1.get(i).getText()): null

2018-06-18 14:10:18 - [TEST_STEP][PASSED] - Statement - actualList1.add(i, secondStoreListBox1.get(i).getText()): null

2018-06-18 14:10:18 - [TEST_STEP][PASSED] - Statement - actualList1.add(i, secondStoreListBox1.get(i).getText()): null

2018-06-18 14:10:18 - [TEST_STEP][PASSED] - Statement - actualList1.add(i, secondStoreListBox1.get(i).getText()): null

2018-06-18 14:10:18 - [TEST_STEP][PASSED] - Statement - actualList1.add(i, secondStoreListBox1.get(i).getText()): null

2018-06-18 14:10:18 - [TEST_STEP][PASSED] - Statement - actualList1.add(i, secondStoreListBox1.get(i).getText()): null

2018-06-18 14:10:18 - [TEST_STEP][PASSED] - Statement - actualList1.add(i, secondStoreListBox1.get(i).getText()): null

2018-06-18 14:10:18 - [TEST_STEP][PASSED] - Statement - actualList1.add(i, secondStoreListBox1.get(i).getText()): null

2018-06-18 14:10:18 - [TEST_STEP][PASSED] - Statement - actualList1.add(i, secondStoreListBox1.get(i).getText()): null

2018-06-18 14:10:18 - [TEST_STEP][PASSED] - Statement - actualList1.add(i, secondStoreListBox1.get(i).getText()): null

2018-06-18 14:10:18 - [TEST_STEP][PASSED] - Statement - actualList1.add(i, secondStoreListBox1.get(i).getText()): null

2018-06-18 14:10:18 - [TEST_STEP][PASSED] - Statement - actualList1.add(i, secondStoreListBox1.get(i).getText()): null

2018-06-18 14:10:19 - [TEST_STEP][PASSED] - Statement - actualList1.add(i, secondStoreListBox1.get(i).getText()): null

2018-06-18 14:10:19 - [TEST_STEP][PASSED] - Statement - actualList1.add(i, secondStoreListBox1.get(i).getText()): null

2018-06-18 14:10:19 - [TEST_STEP][PASSED] - Statement - actualList1.add(i, secondStoreListBox1.get(i).getText()): null

2018-06-18 14:10:19 - [TEST_STEP][PASSED] - Statement - actualList1.add(i, secondStoreListBox1.get(i).getText()): null

2018-06-18 14:10:19 - [TEST_STEP][PASSED] - Statement - actualList1.add(i, secondStoreListBox1.get(i).getText()): null

2018-06-18 14:10:19 - [TEST_STEP][PASSED] - Statement - actualList1.add(i, secondStoreListBox1.get(i).getText()): null

2018-06-18 14:10:19 - [TEST_STEP][PASSED] - Statement - actualList1.add(i, secondStoreListBox1.get(i).getText()): null

2018-06-18 14:10:19 - [TEST_STEP][PASSED] - Statement - actualList1.add(i, secondStoreListBox1.get(i).getText()): null

2018-06-18 14:10:19 - [TEST_STEP][PASSED] - Statement - actualList1.add(i, secondStoreListBox1.get(i).getText()): null

2018-06-18 14:10:19 - [TEST_STEP][PASSED] - Statement - actualList1.add(i, secondStoreListBox1.get(i).getText()): null

2018-06-18 14:10:19 - [TEST_STEP][PASSED] - Statement - actualList1.add(i, secondStoreListBox1.get(i).getText()): null

2018-06-18 14:10:19 - [TEST_STEP][PASSED] - Statement - actualList1.add(i, secondStoreListBox1.get(i).getText()): null

2018-06-18 14:10:19 - [TEST_STEP][PASSED] - Statement - actualList1.add(i, secondStoreListBox1.get(i).getText()): null

2018-06-18 14:10:19 - [TEST_STEP][PASSED] - Statement - actualList1.add(i, secondStoreListBox1.get(i).getText()): null

2018-06-18 14:10:19 - [TEST_STEP][PASSED] - Statement - actualList1.add(i, secondStoreListBox1.get(i).getText()): null

2018-06-18 14:10:19 - [TEST_STEP][PASSED] - Statement - actualList1.add(i, secondStoreListBox1.get(i).getText()): null

2018-06-18 14:10:19 - [TEST_STEP][PASSED] - Statement - actualList1.add(i, secondStoreListBox1.get(i).getText()): null

2018-06-18 14:10:19 - [TEST_STEP][PASSED] - Statement - actualList1.add(i, secondStoreListBox1.get(i).getText()): null

2018-06-18 14:10:19 - [TEST_STEP][PASSED] - Statement - actualList1.add(i, secondStoreListBox1.get(i).getText()): null

2018-06-18 14:10:19 - [TEST_STEP][PASSED] - Statement - actualList1.add(i, secondStoreListBox1.get(i).getText()): null

2018-06-18 14:10:19 - [TEST_STEP][PASSED] - Statement - actualList1.add(i, secondStoreListBox1.get(i).getText()): null

2018-06-18 14:10:19 - [TEST_STEP][PASSED] - Statement - actualList1.add(i, secondStoreListBox1.get(i).getText()): null

2018-06-18 14:10:19 - [TEST_STEP][PASSED] - Statement - actualList1.add(i, secondStoreListBox1.get(i).getText()): null

2018-06-18 14:10:19 - [TEST_STEP][PASSED] - Statement - actualList1.add(i, secondStoreListBox1.get(i).getText()): null

2018-06-18 14:10:19 - [TEST_STEP][PASSED] - Statement - actualList1.add(i, secondStoreListBox1.get(i).getText()): null

2018-06-18 14:10:19 - [TEST_STEP][PASSED] - Statement - actualList1.add(i, secondStoreListBox1.get(i).getText()): null

2018-06-18 14:10:19 - [TEST_STEP][PASSED] - Statement - actualList1.add(i, secondStoreListBox1.get(i).getText()): null

2018-06-18 14:10:19 - [TEST_STEP][PASSED] - Statement - actualList1.add(i, secondStoreListBox1.get(i).getText()): null

2018-06-18 14:10:19 - [TEST_STEP][PASSED] - Statement - actualList1.add(i, secondStoreListBox1.get(i).getText()): null

2018-06-18 14:10:19 - [TEST_STEP][PASSED] - Statement - actualList1.add(i, secondStoreListBox1.get(i).getText()): null

2018-06-18 14:10:19 - [TEST_STEP][PASSED] - Statement - actualList1.add(i, secondStoreListBox1.get(i).getText()): null

2018-06-18 14:10:19 - [TEST_STEP][PASSED] - Statement - actualList1.add(i, secondStoreListBox1.get(i).getText()): null

2018-06-18 14:10:19 - [TEST_STEP][PASSED] - Statement - actualList1.add(i, secondStoreListBox1.get(i).getText()): null

2018-06-18 14:10:19 - [TEST_STEP][PASSED] - Statement - actualList1.add(i, secondStoreListBox1.get(i).getText()): null

2018-06-18 14:10:19 - [TEST_STEP][PASSED] - Statement - actualList1.add(i, secondStoreListBox1.get(i).getText()): null

2018-06-18 14:10:19 - [TEST_STEP][PASSED] - Statement - actualList1.add(i, secondStoreListBox1.get(i).getText()): null

2018-06-18 14:10:19 - [TEST_STEP][PASSED] - Statement - actualList1.add(i, secondStoreListBox1.get(i).getText()): null

2018-06-18 14:10:19 - [TEST_STEP][PASSED] - Statement - actualList1.add(i, secondStoreListBox1.get(i).getText()): null

2018-06-18 14:10:19 - [TEST_STEP][PASSED] - Statement - actualList1.add(i, secondStoreListBox1.get(i).getText()): null

2018-06-18 14:10:19 - [TEST_STEP][PASSED] - Statement - actualList1.add(i, secondStoreListBox1.get(i).getText()): null

2018-06-18 14:10:19 - [TEST_STEP][PASSED] - Statement - actualList1.add(i, secondStoreListBox1.get(i).getText()): null

2018-06-18 14:10:19 - [TEST_STEP][PASSED] - Statement - actualList1.add(i, secondStoreListBox1.get(i).getText()): null

2018-06-18 14:10:19 - [TEST_STEP][PASSED] - Statement - actualList1.add(i, secondStoreListBox1.get(i).getText()): null

2018-06-18 14:10:19 - [TEST_STEP][PASSED] - Statement - actualList1.add(i, secondStoreListBox1.get(i).getText()): null

2018-06-18 14:10:19 - [TEST_STEP][PASSED] - Statement - actualList1.add(i, secondStoreListBox1.get(i).getText()): null

2018-06-18 14:10:19 - [TEST_STEP][PASSED] - Statement - actualList1.add(i, secondStoreListBox1.get(i).getText()): null

2018-06-18 14:10:19 - [TEST_STEP][PASSED] - Statement - actualList1.add(i, secondStoreListBox1.get(i).getText()): null

2018-06-18 14:10:19 - [TEST_STEP][PASSED] - Statement - actualList1.add(i, secondStoreListBox1.get(i).getText()): null

2018-06-18 14:10:19 - [TEST_STEP][PASSED] - Statement - actualList1.add(i, secondStoreListBox1.get(i).getText()): null

2018-06-18 14:10:19 - [TEST_STEP][PASSED] - Statement - actualList1.add(i, secondStoreListBox1.get(i).getText()): null

2018-06-18 14:10:19 - [TEST_STEP][PASSED] - Statement - actualList1.add(i, secondStoreListBox1.get(i).getText()): null

2018-06-18 14:10:19 - [TEST_STEP][PASSED] - Statement - actualList1.add(i, secondStoreListBox1.get(i).getText()): null

2018-06-18 14:10:19 - [TEST_STEP][PASSED] - Statement - actualList1.add(i, secondStoreListBox1.get(i).getText()): null

2018-06-18 14:10:19 - [TEST_STEP][PASSED] - Statement - actualList1.add(i, secondStoreListBox1.get(i).getText()): null

2018-06-18 14:10:19 - [TEST_STEP][PASSED] - Statement - actualList1.add(i, secondStoreListBox1.get(i).getText()): null

2018-06-18 14:10:19 - [TEST_STEP][PASSED] - Statement - actualList1.add(i, secondStoreListBox1.get(i).getText()): null

2018-06-18 14:10:19 - [TEST_STEP][PASSED] - Statement - actualList1.add(i, secondStoreListBox1.get(i).getText()): null

2018-06-18 14:10:19 - [TEST_STEP][PASSED] - Statement - actualList1.add(i, secondStoreListBox1.get(i).getText()): null

2018-06-18 14:10:19 - [TEST_STEP][PASSED] - Statement - actualList1.add(i, secondStoreListBox1.get(i).getText()): null

2018-06-18 14:10:19 - [TEST_STEP][PASSED] - Statement - actualList1.add(i, secondStoreListBox1.get(i).getText()): null

2018-06-18 14:10:19 - [TEST_STEP][PASSED] - Statement - actualList1.add(i, secondStoreListBox1.get(i).getText()): null

2018-06-18 14:10:19 - [TEST_STEP][PASSED] - Statement - actualList1.add(i, secondStoreListBox1.get(i).getText()): null

2018-06-18 14:10:20 - [TEST_STEP][PASSED] - Statement - actualList1.add(i, secondStoreListBox1.get(i).getText()): null

2018-06-18 14:10:20 - [TEST_STEP][PASSED] - Statement - actualList1.add(i, secondStoreListBox1.get(i).getText()): null

2018-06-18 14:10:20 - [TEST_STEP][PASSED] - Statement - actualList1.add(i, secondStoreListBox1.get(i).getText()): null

2018-06-18 14:10:20 - [TEST_STEP][PASSED] - Statement - actualList1.add(i, secondStoreListBox1.get(i).getText()): null

2018-06-18 14:10:20 - [TEST_STEP][PASSED] - Statement - actualList1.add(i, secondStoreListBox1.get(i).getText()): null

2018-06-18 14:10:20 - [TEST_STEP][PASSED] - Statement - actualList1.add(i, secondStoreListBox1.get(i).getText()): null

2018-06-18 14:10:20 - [TEST_STEP][PASSED] - Statement - actualList1.add(i, secondStoreListBox1.get(i).getText()): null

2018-06-18 14:10:20 - [TEST_STEP][PASSED] - Statement - actualList1.add(i, secondStoreListBox1.get(i).getText()): null

2018-06-18 14:10:20 - [TEST_STEP][PASSED] - Statement - actualList1.add(i, secondStoreListBox1.get(i).getText()): null

2018-06-18 14:10:20 - [TEST_STEP][PASSED] - Statement - actualList1.add(i, secondStoreListBox1.get(i).getText()): null

2018-06-18 14:10:20 - [TEST_STEP][PASSED] - Statement - actualList1.add(i, secondStoreListBox1.get(i).getText()): null

2018-06-18 14:10:20 - [TEST_STEP][PASSED] - Statement - actualList1.add(i, secondStoreListBox1.get(i).getText()): null

2018-06-18 14:10:20 - [TEST_STEP][PASSED] - Statement - actualList1.add(i, secondStoreListBox1.get(i).getText()): null

2018-06-18 14:10:20 - [TEST_STEP][PASSED] - Statement - actualList1.add(i, secondStoreListBox1.get(i).getText()): null

2018-06-18 14:10:20 - [TEST_STEP][PASSED] - Statement - actualList1.add(i, secondStoreListBox1.get(i).getText()): null

2018-06-18 14:10:20 - [TEST_STEP][PASSED] - Statement - actualList1.add(i, secondStoreListBox1.get(i).getText()): null

2018-06-18 14:10:20 - [TEST_STEP][PASSED] - Statement - actualList1.add(i, secondStoreListBox1.get(i).getText()): null

2018-06-18 14:10:20 - [TEST_STEP][PASSED] - Statement - actualList1.add(i, secondStoreListBox1.get(i).getText()): null

2018-06-18 14:10:20 - [TEST_STEP][PASSED] - Statement - actualList1.add(i, secondStoreListBox1.get(i).getText()): null

2018-06-18 14:10:20 - [TEST_STEP][PASSED] - Statement - actualList1.add(i, secondStoreListBox1.get(i).getText()): null

2018-06-18 14:10:20 - [TEST_STEP][PASSED] - Statement - actualList1.add(i, secondStoreListBox1.get(i).getText()): null

2018-06-18 14:10:20 - [TEST_STEP][PASSED] - Statement - actualList1.add(i, secondStoreListBox1.get(i).getText()): null

2018-06-18 14:10:20 - [TEST_STEP][PASSED] - Statement - actualList1.add(i, secondStoreListBox1.get(i).getText()): null

2018-06-18 14:10:20 - [TEST_STEP][PASSED] - Statement - actualList1.add(i, secondStoreListBox1.get(i).getText()): null

2018-06-18 14:10:20 - [TEST_STEP][PASSED] - Statement - actualList1.add(i, secondStoreListBox1.get(i).getText()): null

2018-06-18 14:10:20 - [TEST_STEP][PASSED] - Statement - actualList1.add(i, secondStoreListBox1.get(i).getText()): null

2018-06-18 14:10:20 - [TEST_STEP][PASSED] - Statement - actualList1.add(i, secondStoreListBox1.get(i).getText()): null

2018-06-18 14:10:20 - [TEST_STEP][PASSED] - Statement - actualList1.add(i, secondStoreListBox1.get(i).getText()): null

2018-06-18 14:10:20 - [TEST_STEP][PASSED] - Statement - actualList1.add(i, secondStoreListBox1.get(i).getText()): null

2018-06-18 14:10:20 - [TEST_STEP][PASSED] - Statement - actualList1.add(i, secondStoreListBox1.get(i).getText()): null

2018-06-18 14:10:20 - [TEST_STEP][PASSED] - Statement - actualList1.add(i, secondStoreListBox1.get(i).getText()): null

2018-06-18 14:10:20 - [TEST_STEP][PASSED] - Statement - actualList1.add(i, secondStoreListBox1.get(i).getText()): null

2018-06-18 14:10:20 - [TEST_STEP][PASSED] - Statement - actualList1.add(i, secondStoreListBox1.get(i).getText()): null

2018-06-18 14:10:20 - [TEST_STEP][PASSED] - Statement - actualList1.add(i, secondStoreListBox1.get(i).getText()): null

2018-06-18 14:10:20 - [TEST_STEP][PASSED] - Statement - actualList1.add(i, secondStoreListBox1.get(i).getText()): null

2018-06-18 14:10:20 - [TEST_STEP][PASSED] - Statement - actualList1.add(i, secondStoreListBox1.get(i).getText()): null

2018-06-18 14:10:20 - [TEST_STEP][PASSED] - Statement - actualList1.add(i, secondStoreListBox1.get(i).getText()): null

2018-06-18 14:10:20 - [TEST_STEP][PASSED] - Statement - actualList1.add(i, secondStoreListBox1.get(i).getText()): null

2018-06-18 14:10:20 - [TEST_STEP][PASSED] - Statement - actualList1.add(i, secondStoreListBox1.get(i).getText()): null

2018-06-18 14:10:20 - [TEST_STEP][PASSED] - Statement - actualList1.add(i, secondStoreListBox1.get(i).getText()): null

2018-06-18 14:10:20 - [TEST_STEP][PASSED] - Statement - actualList1.add(i, secondStoreListBox1.get(i).getText()): null

2018-06-18 14:10:20 - [TEST_STEP][PASSED] - Statement - actualList1.add(i, secondStoreListBox1.get(i).getText()): null

2018-06-18 14:10:20 - [TEST_STEP][PASSED] - Statement - actualList1.add(i, secondStoreListBox1.get(i).getText()): null

2018-06-18 14:10:20 - [TEST_STEP][PASSED] - Statement - actualList1.add(i, secondStoreListBox1.get(i).getText()): null

2018-06-18 14:10:20 - [TEST_STEP][PASSED] - Statement - actualList1.add(i, secondStoreListBox1.get(i).getText()): null

2018-06-18 14:10:20 - [TEST_STEP][PASSED] - Statement - actualList1.add(i, secondStoreListBox1.get(i).getText()): null

2018-06-18 14:10:20 - [TEST_STEP][PASSED] - Statement - actualList1.add(i, secondStoreListBox1.get(i).getText()): null

2018-06-18 14:10:20 - [TEST_STEP][PASSED] - Statement - actualList1.add(i, secondStoreListBox1.get(i).getText()): null

2018-06-18 14:10:20 - [TEST_STEP][PASSED] - Statement - actualList1.add(i, secondStoreListBox1.get(i).getText()): null

2018-06-18 14:10:20 - [TEST_STEP][PASSED] - Statement - actualList1.add(i, secondStoreListBox1.get(i).getText()): null

2018-06-18 14:10:20 - [TEST_STEP][PASSED] - Statement - actualList1.add(i, secondStoreListBox1.get(i).getText()): null

2018-06-18 14:10:20 - [TEST_STEP][PASSED] - Statement - actualList1.add(i, secondStoreListBox1.get(i).getText()): null

2018-06-18 14:10:20 - [TEST_STEP][PASSED] - Statement - actualList1.add(i, secondStoreListBox1.get(i).getText()): null

2018-06-18 14:10:20 - [TEST_STEP][PASSED] - Statement - actualList1.add(i, secondStoreListBox1.get(i).getText()): null

2018-06-18 14:10:20 - [TEST_STEP][PASSED] - Statement - actualList1.add(i, secondStoreListBox1.get(i).getText()): null

2018-06-18 14:10:20 - [TEST_STEP][PASSED] - Statement - actualList1.add(i, secondStoreListBox1.get(i).getText()): null

2018-06-18 14:10:20 - [TEST_STEP][PASSED] - Statement - actualList1.add(i, secondStoreListBox1.get(i).getText()): null

2018-06-18 14:10:20 - [TEST_STEP][PASSED] - Statement - actualList1.add(i, secondStoreListBox1.get(i).getText()): null

2018-06-18 14:10:20 - [TEST_STEP][PASSED] - Statement - actualList1.add(i, secondStoreListBox1.get(i).getText()): null

2018-06-18 14:10:20 - [TEST_STEP][PASSED] - Statement - actualList1.add(i, secondStoreListBox1.get(i).getText()): null

2018-06-18 14:10:20 - [TEST_STEP][PASSED] - Statement - actualList1.add(i, secondStoreListBox1.get(i).getText()): null

2018-06-18 14:10:20 - [TEST_STEP][PASSED] - Statement - actualList1.add(i, secondStoreListBox1.get(i).getText()): null

2018-06-18 14:10:20 - [TEST_STEP][PASSED] - Statement - actualList1.add(i, secondStoreListBox1.get(i).getText()): null

2018-06-18 14:10:20 - [TEST_STEP][PASSED] - Statement - actualList1.add(i, secondStoreListBox1.get(i).getText()): null

2018-06-18 14:10:20 - [TEST_STEP][PASSED] - Statement - actualList1.add(i, secondStoreListBox1.get(i).getText()): null

2018-06-18 14:10:21 - [TEST_STEP][PASSED] - Statement - actualList1.add(i, secondStoreListBox1.get(i).getText()): null

2018-06-18 14:10:21 - [TEST_STEP][PASSED] - Statement - actualList1.add(i, secondStoreListBox1.get(i).getText()): null

2018-06-18 14:10:21 - [TEST_STEP][PASSED] - Statement - actualList1.add(i, secondStoreListBox1.get(i).getText()): null

2018-06-18 14:10:21 - [TEST_STEP][PASSED] - Statement - actualList1.add(i, secondStoreListBox1.get(i).getText()): null

2018-06-18 14:10:21 - [TEST_STEP][PASSED] - Statement - actualList1.add(i, secondStoreListBox1.get(i).getText()): null

2018-06-18 14:10:21 - [TEST_STEP][PASSED] - Statement - actualList1.add(i, secondStoreListBox1.get(i).getText()): null

2018-06-18 14:10:21 - [TEST_STEP][PASSED] - Statement - actualList1.add(i, secondStoreListBox1.get(i).getText()): null

2018-06-18 14:10:21 - [TEST_STEP][PASSED] - Statement - actualList1.add(i, secondStoreListBox1.get(i).getText()): null

2018-06-18 14:10:21 - [TEST_STEP][PASSED] - Statement - actualList1.add(i, secondStoreListBox1.get(i).getText()): null

2018-06-18 14:10:21 - [TEST_STEP][PASSED] - Statement - actualList1.add(i, secondStoreListBox1.get(i).getText()): null

2018-06-18 14:10:21 - [TEST_STEP][PASSED] - Statement - actualList1.add(i, secondStoreListBox1.get(i).getText()): null

2018-06-18 14:10:21 - [TEST_STEP][PASSED] - Statement - actualList1.add(i, secondStoreListBox1.get(i).getText()): null

2018-06-18 14:10:21 - [TEST_STEP][PASSED] - Statement - actualList1.add(i, secondStoreListBox1.get(i).getText()): null

2018-06-18 14:10:21 - [TEST_STEP][PASSED] - Statement - actualList1.add(i, secondStoreListBox1.get(i).getText()): null

2018-06-18 14:10:21 - [TEST_STEP][PASSED] - Statement - actualList1.add(i, secondStoreListBox1.get(i).getText()): null

2018-06-18 14:10:21 - [TEST_STEP][PASSED] - Statement - actualList1.add(i, secondStoreListBox1.get(i).getText()): null

2018-06-18 14:10:21 - [TEST_STEP][PASSED] - Statement - actualList1.add(i, secondStoreListBox1.get(i).getText()): null

2018-06-18 14:10:21 - [TEST_STEP][PASSED] - Statement - actualList1.add(i, secondStoreListBox1.get(i).getText()): null

2018-06-18 14:10:21 - [TEST_STEP][PASSED] - Statement - actualList1.add(i, secondStoreListBox1.get(i).getText()): null

2018-06-18 14:10:21 - [TEST_STEP][PASSED] - Statement - actualList1.add(i, secondStoreListBox1.get(i).getText()): null

2018-06-18 14:10:21 - [TEST_STEP][PASSED] - Statement - actualList1.add(i, secondStoreListBox1.get(i).getText()): null

2018-06-18 14:10:21 - [TEST_STEP][PASSED] - Statement - out.println(actualList1): null

2018-06-18 14:10:21 - [TEST_STEP][PASSED] - delay: Delayed 10 second(s)

2018-06-18 14:10:31 - [MESSAGE][PASSED] - Delayed 10 second(s)

2018-06-18 14:10:31 - [TEST_STEP][PASSED] - Statement - If (actualList1.containsAll(groupStoresList)): null

2018-06-18 14:10:31 - [TEST_STEP][PASSED] - Statement - println("Selected stores are displayed in Group/Stores in Group listbox"): null

2018-06-18 14:10:31 - [TEST_STEP][PASSED] - uiaction.CommonUIActions.click: uiaction.CommonUIActions.click is PASSED

2018-06-18 14:10:31 - [MESSAGE][PASSED] - uiaction.CommonUIActions.click is PASSED

2018-06-18 14:10:31 - [TEST_STEP][PASSED] - delay: Delayed 10 second(s)

2018-06-18 14:10:41 - [MESSAGE][PASSED] - Delayed 10 second(s)

2018-06-18 14:10:41 - [TEST_STEP][PASSED] - uiaction.CommonUIActions.back: uiaction.CommonUIActions.back is PASSED

2018-06-18 14:10:41 - [MESSAGE][PASSED] - Navigate back successfully

2018-06-18 14:10:41 - [MESSAGE][PASSED] - uiaction.CommonUIActions.back is PASSED

2018-06-18 14:10:41 - [TEST_STEP][PASSED] - delay: Delayed 5 second(s)

2018-06-18 14:10:46 - [MESSAGE][PASSED] - Delayed 5 second(s)

2018-06-18 14:10:46 - [TEST_STEP][PASSED] - uiaction.CommonUIActions.back: uiaction.CommonUIActions.back is PASSED

2018-06-18 14:10:46 - [MESSAGE][PASSED] - Navigate back successfully

2018-06-18 14:10:46 - [MESSAGE][PASSED] - uiaction.CommonUIActions.back is PASSED

2018-06-18 14:10:46 - [TEST_STEP][PASSED] - delay: Delayed 5 second(s)

2018-06-18 14:10:51 - [MESSAGE][PASSED] - Delayed 5 second(s)

2018-06-18 14:10:51 - [TEST_STEP][PASSED] - uiaction.CommonUIActions.click: uiaction.CommonUIActions.click is PASSED

2018-06-18 14:10:51 - [MESSAGE][PASSED] - uiaction.CommonUIActions.click is PASSED

2018-06-18 14:10:51 - [TEST_STEP][PASSED] - uiaction.CommonUIActions.click: uiaction.CommonUIActions.click is PASSED

2018-06-18 14:10:51 - [MESSAGE][PASSED] - uiaction.CommonUIActions.click is PASSED

2018-06-18 14:10:51 - [TEST_STEP][PASSED] - delay: Delayed 10 second(s)

2018-06-18 14:11:01 - [MESSAGE][PASSED] - Delayed 10 second(s)

2018-06-18 14:11:01 - [TEST_STEP][PASSED] - uiaction.CommonUIActions.click: uiaction.CommonUIActions.click is PASSED

2018-06-18 14:11:01 - [MESSAGE][PASSED] - uiaction.CommonUIActions.click is PASSED

2018-06-18 14:11:01 - [TEST_STEP][PASSED] - uiaction.CommonUIActions.click: uiaction.CommonUIActions.click is PASSED

2018-06-18 14:11:06 - [MESSAGE][PASSED] - uiaction.CommonUIActions.click is PASSED

2018-06-18 14:11:06 - [TEST_STEP][PASSED] - Statement - assert TCflag == true: null

2018-06-18 14:11:06 - [TEST_STEP][PASSED] - Start listener action : sampleAfterTestCase: Browser is closed

2018-06-18 14:11:06 - [TEST_STEP][PASSED] - Statement - println(testCaseContext.getTestCaseId()): null

2018-06-18 14:11:06 - [TEST_STEP][PASSED] - Statement - println(testCaseContext.getTestCaseStatus()): null

2018-06-18 14:11:06 - [TEST_STEP][PASSED] - closeBrowser: Browser is closed

2018-06-18 14:11:07 - [MESSAGE][PASSED] - Browser is closed]]></system-out>
         <system-err><![CDATA[]]></system-err>
      </testcase>
      <testcase name="Test Cases/CreateGroupTC/HME-EditGroup-05" classname="Test Cases/CreateGroupTC/HME-EditGroup-05" status="PASSED">
         <system-out><![CDATA[2018-06-18 14:11:07 - [TEST_CASE][PASSED] - Test Cases/CreateGroupTC/HME-EditGroup-05: Browser is closed

2018-06-18 14:11:07 - [TEST_STEP][PASSED] - Start listener action : sampleBeforeTestCase: uiaction.CommonUIActions.deleteAllCookies is PASSED

2018-06-18 14:11:07 - [TEST_STEP][PASSED] - openBrowser: Browser is opened with url: ''

2018-06-18 14:11:09 - [MESSAGE][PASSED] - Browser is opened with url: ''

2018-06-18 14:11:09 - [TEST_STEP][PASSED] - maximizeWindow: Current window maximized

2018-06-18 14:11:10 - [MESSAGE][PASSED] - Current window maximized

2018-06-18 14:11:10 - [TEST_STEP][PASSED] - uiaction.CommonUIActions.deleteAllCookies: uiaction.CommonUIActions.deleteAllCookies is PASSED

2018-06-18 14:11:10 - [MESSAGE][PASSED] - Delete all cookies successfully

2018-06-18 14:11:10 - [MESSAGE][PASSED] - uiaction.CommonUIActions.deleteAllCookies is PASSED

2018-06-18 14:11:10 - [TEST_STEP][PASSED] - Statement - TCflag = true: null

2018-06-18 14:11:10 - [TEST_STEP][PASSED] - Statement - Try: uiaction.CommonUIActions.click is PASSED

2018-06-18 14:11:10 - [TEST_STEP][PASSED] - navigateToUrl: Navigate to 'https://hme-dev-public-cloud-app.azurewebsites.net/' successfully

2018-06-18 14:11:13 - [MESSAGE][PASSED] - Navigate to 'https://hme-dev-public-cloud-app.azurewebsites.net/' successfully

2018-06-18 14:11:13 - [TEST_STEP][PASSED] - projectSpecific.Reusability.login: projectSpecific.Reusability.login is PASSED

2018-06-18 14:11:13 - [MESSAGE][PASSED] - projectSpecific.Reusability.getTestData is PASSED

2018-06-18 14:11:13 - [MESSAGE][PASSED] - projectSpecific.Reusability.getTestData is PASSED

2018-06-18 14:11:13 - [MESSAGE][PASSED] - Text 'selvendrank@nousinfo.com' is set on object 'Object Repository/LoginPage/Username'

2018-06-18 14:11:13 - [MESSAGE][PASSED] - Text 'nous;123' is set on object 'Object Repository/LoginPage/Password'

2018-06-18 14:11:13 - [MESSAGE][PASSED] - Object: 'Object Repository/LoginPage/Login' is clicked on

2018-06-18 14:11:13 - [MESSAGE][PASSED] - projectSpecific.Reusability.login is PASSED

2018-06-18 14:11:13 - [TEST_STEP][PASSED] - delay: Delayed 5 second(s)

2018-06-18 14:11:18 - [MESSAGE][PASSED] - Delayed 5 second(s)

2018-06-18 14:11:18 - [TEST_STEP][PASSED] - uiaction.CommonUIActions.click: uiaction.CommonUIActions.click is PASSED

2018-06-18 14:11:47 - [MESSAGE][PASSED] - uiaction.CommonUIActions.click is PASSED

2018-06-18 14:11:47 - [TEST_STEP][PASSED] - uiaction.CommonUIActions.click: uiaction.CommonUIActions.click is PASSED

2018-06-18 14:11:48 - [MESSAGE][PASSED] - uiaction.CommonUIActions.click is PASSED

2018-06-18 14:11:48 - [TEST_STEP][PASSED] - uiaction.CommonUIActions.click: uiaction.CommonUIActions.click is PASSED

2018-06-18 14:11:48 - [MESSAGE][PASSED] - uiaction.CommonUIActions.click is PASSED

2018-06-18 14:11:48 - [TEST_STEP][PASSED] - verifyElementPresent: Object 'Object Repository/ReportingGroupManagement/reportingGroupDetails' is present

2018-06-18 14:11:48 - [MESSAGE][PASSED] - Object 'Object Repository/ReportingGroupManagement/reportingGroupDetails' is present

2018-06-18 14:11:48 - [TEST_STEP][PASSED] - uiaction.CommonUIActions.enter: uiaction.CommonUIActions.enter is PASSED

2018-06-18 14:11:48 - [MESSAGE][PASSED] - projectSpecific.Reusability.getTestData is PASSED

2018-06-18 14:11:49 - [MESSAGE][PASSED] - uiaction.CommonUIActions.enter is PASSED

2018-06-18 14:11:49 - [TEST_STEP][PASSED] - uiaction.CommonUIActions.enter: uiaction.CommonUIActions.enter is PASSED

2018-06-18 14:11:49 - [MESSAGE][PASSED] - projectSpecific.Reusability.getTestData is PASSED

2018-06-18 14:11:49 - [MESSAGE][PASSED] - uiaction.CommonUIActions.enter is PASSED

2018-06-18 14:11:49 - [TEST_STEP][PASSED] - uiaction.CommonUIActions.click: uiaction.CommonUIActions.click is PASSED

2018-06-18 14:11:49 - [MESSAGE][PASSED] - uiaction.CommonUIActions.click is PASSED

2018-06-18 14:11:49 - [TEST_STEP][PASSED] - delay: Delayed 10 second(s)

2018-06-18 14:11:59 - [MESSAGE][PASSED] - Delayed 10 second(s)

2018-06-18 14:11:59 - [TEST_STEP][PASSED] - uiaction.CommonUIActions.back: uiaction.CommonUIActions.back is PASSED

2018-06-18 14:11:59 - [MESSAGE][PASSED] - Navigate back successfully

2018-06-18 14:11:59 - [MESSAGE][PASSED] - uiaction.CommonUIActions.back is PASSED

2018-06-18 14:11:59 - [TEST_STEP][PASSED] - delay: Delayed 5 second(s)

2018-06-18 14:12:04 - [MESSAGE][PASSED] - Delayed 5 second(s)

2018-06-18 14:12:04 - [TEST_STEP][PASSED] - uiaction.CommonUIActions.back: uiaction.CommonUIActions.back is PASSED

2018-06-18 14:12:04 - [MESSAGE][PASSED] - Navigate back successfully

2018-06-18 14:12:04 - [MESSAGE][PASSED] - uiaction.CommonUIActions.back is PASSED

2018-06-18 14:12:04 - [TEST_STEP][PASSED] - delay: Delayed 5 second(s)

2018-06-18 14:12:09 - [MESSAGE][PASSED] - Delayed 5 second(s)

2018-06-18 14:12:09 - [TEST_STEP][PASSED] - Statement - driver = com.kms.katalon.core.webui.driver.DriverFactory.getWebDriver(): null

2018-06-18 14:12:09 - [TEST_STEP][PASSED] - Statement - groupHierarchyList = driver.findElements(org.openqa.selenium.By.xpath(com.kms.katalon.core.testdata.TestDataFactory.findTestData(OR_file).getValue(2, 13))): Reading excel file with source file 'C:\Users\shalinin\Katalon Studio\HME_Scripts\Data Files\HME_OR.xlsx' and sheet name 'Sheet1'

2018-06-18 14:12:09 - [TEST_STEP][PASSED] - Statement - actualgroupList = new java.util.ArrayList(): null

2018-06-18 14:12:09 - [TEST_STEP][PASSED] - Statement - For ([i = 0, i < groupHierarchyList.size(), (i++)]): null

2018-06-18 14:12:09 - [TEST_STEP][PASSED] - Statement - actualgroupList.add(i, groupHierarchyList.get(i).getText()): null

2018-06-18 14:12:09 - [TEST_STEP][PASSED] - Statement - actualgroupList.add(i, groupHierarchyList.get(i).getText()): null

2018-06-18 14:12:09 - [TEST_STEP][PASSED] - Statement - actualgroupList.add(i, groupHierarchyList.get(i).getText()): null

2018-06-18 14:12:09 - [TEST_STEP][PASSED] - Statement - actualgroupList.add(i, groupHierarchyList.get(i).getText()): null

2018-06-18 14:12:09 - [TEST_STEP][PASSED] - Statement - actualgroupList.add(i, groupHierarchyList.get(i).getText()): null

2018-06-18 14:12:09 - [TEST_STEP][PASSED] - Statement - actualgroupList.add(i, groupHierarchyList.get(i).getText()): null

2018-06-18 14:12:09 - [TEST_STEP][PASSED] - Statement - actualgroupList.add(i, groupHierarchyList.get(i).getText()): null

2018-06-18 14:12:09 - [TEST_STEP][PASSED] - Statement - actualgroupList.add(i, groupHierarchyList.get(i).getText()): null

2018-06-18 14:12:09 - [TEST_STEP][PASSED] - Statement - actualgroupList.add(i, groupHierarchyList.get(i).getText()): null

2018-06-18 14:12:09 - [TEST_STEP][PASSED] - Statement - actualgroupList.add(i, groupHierarchyList.get(i).getText()): null

2018-06-18 14:12:09 - [TEST_STEP][PASSED] - Statement - actualgroupList.add(i, groupHierarchyList.get(i).getText()): null

2018-06-18 14:12:09 - [TEST_STEP][PASSED] - Statement - actualgroupList.add(i, groupHierarchyList.get(i).getText()): null

2018-06-18 14:12:09 - [TEST_STEP][PASSED] - Statement - actualgroupList.add(i, groupHierarchyList.get(i).getText()): null

2018-06-18 14:12:09 - [TEST_STEP][PASSED] - Statement - actualgroupList.add(i, groupHierarchyList.get(i).getText()): null

2018-06-18 14:12:09 - [TEST_STEP][PASSED] - Statement - actualgroupList.add(i, groupHierarchyList.get(i).getText()): null

2018-06-18 14:12:09 - [TEST_STEP][PASSED] - Statement - actualgroupList.add(i, groupHierarchyList.get(i).getText()): null

2018-06-18 14:12:09 - [TEST_STEP][PASSED] - Statement - actualgroupList.add(i, groupHierarchyList.get(i).getText()): null

2018-06-18 14:12:09 - [TEST_STEP][PASSED] - Statement - actualgroupList.add(i, groupHierarchyList.get(i).getText()): null

2018-06-18 14:12:09 - [TEST_STEP][PASSED] - Statement - actualgroupList.add(i, groupHierarchyList.get(i).getText()): null

2018-06-18 14:12:09 - [TEST_STEP][PASSED] - Statement - actualgroupList.add(i, groupHierarchyList.get(i).getText()): null

2018-06-18 14:12:09 - [TEST_STEP][PASSED] - Statement - actualgroupList.add(i, groupHierarchyList.get(i).getText()): null

2018-06-18 14:12:09 - [TEST_STEP][PASSED] - Statement - actualgroupList.add(i, groupHierarchyList.get(i).getText()): null

2018-06-18 14:12:09 - [TEST_STEP][PASSED] - Statement - actualgroupList.add(i, groupHierarchyList.get(i).getText()): null

2018-06-18 14:12:09 - [TEST_STEP][PASSED] - Statement - actualgroupList.add(i, groupHierarchyList.get(i).getText()): null

2018-06-18 14:12:09 - [TEST_STEP][PASSED] - Statement - actualgroupList.add(i, groupHierarchyList.get(i).getText()): null

2018-06-18 14:12:09 - [TEST_STEP][PASSED] - Statement - actualgroupList.add(i, groupHierarchyList.get(i).getText()): null

2018-06-18 14:12:09 - [TEST_STEP][PASSED] - Statement - actualgroupList.add(i, groupHierarchyList.get(i).getText()): null

2018-06-18 14:12:09 - [TEST_STEP][PASSED] - Statement - actualgroupList.add(i, groupHierarchyList.get(i).getText()): null

2018-06-18 14:12:09 - [TEST_STEP][PASSED] - Statement - actualgroupList.add(i, groupHierarchyList.get(i).getText()): null

2018-06-18 14:12:09 - [TEST_STEP][PASSED] - Statement - actualgroupList.add(i, groupHierarchyList.get(i).getText()): null

2018-06-18 14:12:09 - [TEST_STEP][PASSED] - Statement - actualgroupList.add(i, groupHierarchyList.get(i).getText()): null

2018-06-18 14:12:09 - [TEST_STEP][PASSED] - Statement - actualgroupList.add(i, groupHierarchyList.get(i).getText()): null

2018-06-18 14:12:09 - [TEST_STEP][PASSED] - Statement - actualgroupList.add(i, groupHierarchyList.get(i).getText()): null

2018-06-18 14:12:09 - [TEST_STEP][PASSED] - Statement - actualgroupList.add(i, groupHierarchyList.get(i).getText()): null

2018-06-18 14:12:09 - [TEST_STEP][PASSED] - Statement - actualgroupList.add(i, groupHierarchyList.get(i).getText()): null

2018-06-18 14:12:09 - [TEST_STEP][PASSED] - Statement - actualgroupList.add(i, groupHierarchyList.get(i).getText()): null

2018-06-18 14:12:09 - [TEST_STEP][PASSED] - Statement - actualgroupList.add(i, groupHierarchyList.get(i).getText()): null

2018-06-18 14:12:09 - [TEST_STEP][PASSED] - Statement - actualgroupList.add(i, groupHierarchyList.get(i).getText()): null

2018-06-18 14:12:09 - [TEST_STEP][PASSED] - Statement - actualgroupList.add(i, groupHierarchyList.get(i).getText()): null

2018-06-18 14:12:09 - [TEST_STEP][PASSED] - Statement - actualgroupList.add(i, groupHierarchyList.get(i).getText()): null

2018-06-18 14:12:09 - [TEST_STEP][PASSED] - Statement - actualgroupList.add(i, groupHierarchyList.get(i).getText()): null

2018-06-18 14:12:09 - [TEST_STEP][PASSED] - Statement - actualgroupList.add(i, groupHierarchyList.get(i).getText()): null

2018-06-18 14:12:09 - [TEST_STEP][PASSED] - Statement - actualgroupList.add(i, groupHierarchyList.get(i).getText()): null

2018-06-18 14:12:10 - [TEST_STEP][PASSED] - Statement - actualgroupList.add(i, groupHierarchyList.get(i).getText()): null

2018-06-18 14:12:10 - [TEST_STEP][PASSED] - Statement - actualgroupList.add(i, groupHierarchyList.get(i).getText()): null

2018-06-18 14:12:10 - [TEST_STEP][PASSED] - Statement - actualgroupList.add(i, groupHierarchyList.get(i).getText()): null

2018-06-18 14:12:10 - [TEST_STEP][PASSED] - Statement - actualgroupList.add(i, groupHierarchyList.get(i).getText()): null

2018-06-18 14:12:10 - [TEST_STEP][PASSED] - Statement - actualgroupList.add(i, groupHierarchyList.get(i).getText()): null

2018-06-18 14:12:10 - [TEST_STEP][PASSED] - Statement - actualgroupList.add(i, groupHierarchyList.get(i).getText()): null

2018-06-18 14:12:10 - [TEST_STEP][PASSED] - Statement - actualgroupList.add(i, groupHierarchyList.get(i).getText()): null

2018-06-18 14:12:10 - [TEST_STEP][PASSED] - Statement - actualgroupList.add(i, groupHierarchyList.get(i).getText()): null

2018-06-18 14:12:10 - [TEST_STEP][PASSED] - Statement - actualgroupList.add(i, groupHierarchyList.get(i).getText()): null

2018-06-18 14:12:10 - [TEST_STEP][PASSED] - Statement - actualgroupList.add(i, groupHierarchyList.get(i).getText()): null

2018-06-18 14:12:10 - [TEST_STEP][PASSED] - Statement - actualgroupList.add(i, groupHierarchyList.get(i).getText()): null

2018-06-18 14:12:10 - [TEST_STEP][PASSED] - Statement - actualgroupList.add(i, groupHierarchyList.get(i).getText()): null

2018-06-18 14:12:10 - [TEST_STEP][PASSED] - Statement - actualgroupList.add(i, groupHierarchyList.get(i).getText()): null

2018-06-18 14:12:10 - [TEST_STEP][PASSED] - Statement - actualgroupList.add(i, groupHierarchyList.get(i).getText()): null

2018-06-18 14:12:10 - [TEST_STEP][PASSED] - Statement - actualgroupList.add(i, groupHierarchyList.get(i).getText()): null

2018-06-18 14:12:10 - [TEST_STEP][PASSED] - Statement - actualgroupList.add(i, groupHierarchyList.get(i).getText()): null

2018-06-18 14:12:10 - [TEST_STEP][PASSED] - Statement - actualgroupList.add(i, groupHierarchyList.get(i).getText()): null

2018-06-18 14:12:10 - [TEST_STEP][PASSED] - Statement - actualgroupList.add(i, groupHierarchyList.get(i).getText()): null

2018-06-18 14:12:10 - [TEST_STEP][PASSED] - Statement - actualgroupList.add(i, groupHierarchyList.get(i).getText()): null

2018-06-18 14:12:10 - [TEST_STEP][PASSED] - Statement - actualgroupList.add(i, groupHierarchyList.get(i).getText()): null

2018-06-18 14:12:10 - [TEST_STEP][PASSED] - Statement - actualgroupList.add(i, groupHierarchyList.get(i).getText()): null

2018-06-18 14:12:10 - [TEST_STEP][PASSED] - Statement - actualgroupList.add(i, groupHierarchyList.get(i).getText()): null

2018-06-18 14:12:10 - [TEST_STEP][PASSED] - Statement - actualgroupList.add(i, groupHierarchyList.get(i).getText()): null

2018-06-18 14:12:10 - [TEST_STEP][PASSED] - Statement - actualgroupList.add(i, groupHierarchyList.get(i).getText()): null

2018-06-18 14:12:10 - [TEST_STEP][PASSED] - Statement - actualgroupList.add(i, groupHierarchyList.get(i).getText()): null

2018-06-18 14:12:10 - [TEST_STEP][PASSED] - Statement - actualgroupList.add(i, groupHierarchyList.get(i).getText()): null

2018-06-18 14:12:10 - [TEST_STEP][PASSED] - Statement - actualgroupList.add(i, groupHierarchyList.get(i).getText()): null

2018-06-18 14:12:10 - [TEST_STEP][PASSED] - Statement - actualgroupList.add(i, groupHierarchyList.get(i).getText()): null

2018-06-18 14:12:10 - [TEST_STEP][PASSED] - Statement - actualgroupList.add(i, groupHierarchyList.get(i).getText()): null

2018-06-18 14:12:10 - [TEST_STEP][PASSED] - Statement - actualgroupList.add(i, groupHierarchyList.get(i).getText()): null

2018-06-18 14:12:10 - [TEST_STEP][PASSED] - Statement - actualgroupList.add(i, groupHierarchyList.get(i).getText()): null

2018-06-18 14:12:10 - [TEST_STEP][PASSED] - Statement - actualgroupList.add(i, groupHierarchyList.get(i).getText()): null

2018-06-18 14:12:10 - [TEST_STEP][PASSED] - Statement - actualgroupList.add(i, groupHierarchyList.get(i).getText()): null

2018-06-18 14:12:10 - [TEST_STEP][PASSED] - Statement - actualgroupList.add(i, groupHierarchyList.get(i).getText()): null

2018-06-18 14:12:10 - [TEST_STEP][PASSED] - Statement - actualgroupList.add(i, groupHierarchyList.get(i).getText()): null

2018-06-18 14:12:10 - [TEST_STEP][PASSED] - Statement - actualgroupList.add(i, groupHierarchyList.get(i).getText()): null

2018-06-18 14:12:10 - [TEST_STEP][PASSED] - Statement - actualgroupList.add(i, groupHierarchyList.get(i).getText()): null

2018-06-18 14:12:10 - [TEST_STEP][PASSED] - Statement - actualgroupList.add(i, groupHierarchyList.get(i).getText()): null

2018-06-18 14:12:10 - [TEST_STEP][PASSED] - Statement - actualgroupList.add(i, groupHierarchyList.get(i).getText()): null

2018-06-18 14:12:10 - [TEST_STEP][PASSED] - Statement - actualgroupList.add(i, groupHierarchyList.get(i).getText()): null

2018-06-18 14:12:10 - [TEST_STEP][PASSED] - Statement - actualgroupList.add(i, groupHierarchyList.get(i).getText()): null

2018-06-18 14:12:10 - [TEST_STEP][PASSED] - Statement - actualgroupList.add(i, groupHierarchyList.get(i).getText()): null

2018-06-18 14:12:10 - [TEST_STEP][PASSED] - Statement - actualgroupList.add(i, groupHierarchyList.get(i).getText()): null

2018-06-18 14:12:10 - [TEST_STEP][PASSED] - Statement - actualgroupList.add(i, groupHierarchyList.get(i).getText()): null

2018-06-18 14:12:10 - [TEST_STEP][PASSED] - Statement - actualgroupList.add(i, groupHierarchyList.get(i).getText()): null

2018-06-18 14:12:10 - [TEST_STEP][PASSED] - Statement - actualgroupList.add(i, groupHierarchyList.get(i).getText()): null

2018-06-18 14:12:10 - [TEST_STEP][PASSED] - Statement - actualgroupList.add(i, groupHierarchyList.get(i).getText()): null

2018-06-18 14:12:10 - [TEST_STEP][PASSED] - Statement - actualgroupList.add(i, groupHierarchyList.get(i).getText()): null

2018-06-18 14:12:10 - [TEST_STEP][PASSED] - Statement - actualgroupList.add(i, groupHierarchyList.get(i).getText()): null

2018-06-18 14:12:10 - [TEST_STEP][PASSED] - Statement - actualgroupList.add(i, groupHierarchyList.get(i).getText()): null

2018-06-18 14:12:10 - [TEST_STEP][PASSED] - Statement - actualgroupList.add(i, groupHierarchyList.get(i).getText()): null

2018-06-18 14:12:10 - [TEST_STEP][PASSED] - Statement - actualgroupList.add(i, groupHierarchyList.get(i).getText()): null

2018-06-18 14:12:10 - [TEST_STEP][PASSED] - Statement - actualgroupList.add(i, groupHierarchyList.get(i).getText()): null

2018-06-18 14:12:10 - [TEST_STEP][PASSED] - Statement - actualgroupList.add(i, groupHierarchyList.get(i).getText()): null

2018-06-18 14:12:10 - [TEST_STEP][PASSED] - Statement - actualgroupList.add(i, groupHierarchyList.get(i).getText()): null

2018-06-18 14:12:10 - [TEST_STEP][PASSED] - Statement - actualgroupList.add(i, groupHierarchyList.get(i).getText()): null

2018-06-18 14:12:10 - [TEST_STEP][PASSED] - Statement - actualgroupList.add(i, groupHierarchyList.get(i).getText()): null

2018-06-18 14:12:10 - [TEST_STEP][PASSED] - Statement - actualgroupList.add(i, groupHierarchyList.get(i).getText()): null

2018-06-18 14:12:10 - [TEST_STEP][PASSED] - Statement - actualgroupList.add(i, groupHierarchyList.get(i).getText()): null

2018-06-18 14:12:10 - [TEST_STEP][PASSED] - Statement - actualgroupList.add(i, groupHierarchyList.get(i).getText()): null

2018-06-18 14:12:10 - [TEST_STEP][PASSED] - Statement - actualgroupList.add(i, groupHierarchyList.get(i).getText()): null

2018-06-18 14:12:10 - [TEST_STEP][PASSED] - Statement - actualgroupList.add(i, groupHierarchyList.get(i).getText()): null

2018-06-18 14:12:10 - [TEST_STEP][PASSED] - Statement - actualgroupList.add(i, groupHierarchyList.get(i).getText()): null

2018-06-18 14:12:10 - [TEST_STEP][PASSED] - Statement - actualgroupList.add(i, groupHierarchyList.get(i).getText()): null

2018-06-18 14:12:10 - [TEST_STEP][PASSED] - Statement - actualgroupList.add(i, groupHierarchyList.get(i).getText()): null

2018-06-18 14:12:10 - [TEST_STEP][PASSED] - Statement - actualgroupList.add(i, groupHierarchyList.get(i).getText()): null

2018-06-18 14:12:11 - [TEST_STEP][PASSED] - Statement - actualgroupList.add(i, groupHierarchyList.get(i).getText()): null

2018-06-18 14:12:11 - [TEST_STEP][PASSED] - Statement - actualgroupList.add(i, groupHierarchyList.get(i).getText()): null

2018-06-18 14:12:11 - [TEST_STEP][PASSED] - Statement - actualgroupList.add(i, groupHierarchyList.get(i).getText()): null

2018-06-18 14:12:11 - [TEST_STEP][PASSED] - Statement - actualgroupList.add(i, groupHierarchyList.get(i).getText()): null

2018-06-18 14:12:11 - [TEST_STEP][PASSED] - Statement - actualgroupList.add(i, groupHierarchyList.get(i).getText()): null

2018-06-18 14:12:11 - [TEST_STEP][PASSED] - Statement - actualgroupList.add(i, groupHierarchyList.get(i).getText()): null

2018-06-18 14:12:11 - [TEST_STEP][PASSED] - Statement - actualgroupList.add(i, groupHierarchyList.get(i).getText()): null

2018-06-18 14:12:11 - [TEST_STEP][PASSED] - Statement - actualgroupList.add(i, groupHierarchyList.get(i).getText()): null

2018-06-18 14:12:11 - [TEST_STEP][PASSED] - Statement - actualgroupList.add(i, groupHierarchyList.get(i).getText()): null

2018-06-18 14:12:11 - [TEST_STEP][PASSED] - Statement - actualgroupList.add(i, groupHierarchyList.get(i).getText()): null

2018-06-18 14:12:11 - [TEST_STEP][PASSED] - Statement - actualgroupList.add(i, groupHierarchyList.get(i).getText()): null

2018-06-18 14:12:11 - [TEST_STEP][PASSED] - Statement - actualgroupList.add(i, groupHierarchyList.get(i).getText()): null

2018-06-18 14:12:11 - [TEST_STEP][PASSED] - Statement - actualgroupList.add(i, groupHierarchyList.get(i).getText()): null

2018-06-18 14:12:11 - [TEST_STEP][PASSED] - Statement - actualgroupList.add(i, groupHierarchyList.get(i).getText()): null

2018-06-18 14:12:11 - [TEST_STEP][PASSED] - Statement - actualgroupList.add(i, groupHierarchyList.get(i).getText()): null

2018-06-18 14:12:11 - [TEST_STEP][PASSED] - Statement - actualgroupList.add(i, groupHierarchyList.get(i).getText()): null

2018-06-18 14:12:11 - [TEST_STEP][PASSED] - Statement - actualgroupList.add(i, groupHierarchyList.get(i).getText()): null

2018-06-18 14:12:11 - [TEST_STEP][PASSED] - Statement - actualgroupList.add(i, groupHierarchyList.get(i).getText()): null

2018-06-18 14:12:11 - [TEST_STEP][PASSED] - Statement - actualgroupList.add(i, groupHierarchyList.get(i).getText()): null

2018-06-18 14:12:11 - [TEST_STEP][PASSED] - Statement - actualgroupList.add(i, groupHierarchyList.get(i).getText()): null

2018-06-18 14:12:11 - [TEST_STEP][PASSED] - Statement - actualgroupList.add(i, groupHierarchyList.get(i).getText()): null

2018-06-18 14:12:11 - [TEST_STEP][PASSED] - Statement - actualgroupList.add(i, groupHierarchyList.get(i).getText()): null

2018-06-18 14:12:11 - [TEST_STEP][PASSED] - Statement - actualgroupList.add(i, groupHierarchyList.get(i).getText()): null

2018-06-18 14:12:11 - [TEST_STEP][PASSED] - Statement - actualgroupList.add(i, groupHierarchyList.get(i).getText()): null

2018-06-18 14:12:11 - [TEST_STEP][PASSED] - Statement - actualgroupList.add(i, groupHierarchyList.get(i).getText()): null

2018-06-18 14:12:11 - [TEST_STEP][PASSED] - Statement - actualgroupList.add(i, groupHierarchyList.get(i).getText()): null

2018-06-18 14:12:11 - [TEST_STEP][PASSED] - Statement - actualgroupList.add(i, groupHierarchyList.get(i).getText()): null

2018-06-18 14:12:11 - [TEST_STEP][PASSED] - Statement - actualgroupList.add(i, groupHierarchyList.get(i).getText()): null

2018-06-18 14:12:11 - [TEST_STEP][PASSED] - Statement - actualgroupList.add(i, groupHierarchyList.get(i).getText()): null

2018-06-18 14:12:11 - [TEST_STEP][PASSED] - Statement - actualgroupList.add(i, groupHierarchyList.get(i).getText()): null

2018-06-18 14:12:11 - [TEST_STEP][PASSED] - Statement - actualgroupList.add(i, groupHierarchyList.get(i).getText()): null

2018-06-18 14:12:11 - [TEST_STEP][PASSED] - Statement - actualgroupList.add(i, groupHierarchyList.get(i).getText()): null

2018-06-18 14:12:11 - [TEST_STEP][PASSED] - Statement - actualgroupList.add(i, groupHierarchyList.get(i).getText()): null

2018-06-18 14:12:11 - [TEST_STEP][PASSED] - Statement - actualgroupList.add(i, groupHierarchyList.get(i).getText()): null

2018-06-18 14:12:11 - [TEST_STEP][PASSED] - Statement - actualgroupList.add(i, groupHierarchyList.get(i).getText()): null

2018-06-18 14:12:11 - [TEST_STEP][PASSED] - Statement - actualgroupList.add(i, groupHierarchyList.get(i).getText()): null

2018-06-18 14:12:11 - [TEST_STEP][PASSED] - Statement - actualgroupList.add(i, groupHierarchyList.get(i).getText()): null

2018-06-18 14:12:11 - [TEST_STEP][PASSED] - Statement - actualgroupList.add(i, groupHierarchyList.get(i).getText()): null

2018-06-18 14:12:11 - [TEST_STEP][PASSED] - Statement - actualgroupList.add(i, groupHierarchyList.get(i).getText()): null

2018-06-18 14:12:11 - [TEST_STEP][PASSED] - Statement - actualgroupList.add(i, groupHierarchyList.get(i).getText()): null

2018-06-18 14:12:11 - [TEST_STEP][PASSED] - Statement - actualgroupList.add(i, groupHierarchyList.get(i).getText()): null

2018-06-18 14:12:11 - [TEST_STEP][PASSED] - Statement - actualgroupList.add(i, groupHierarchyList.get(i).getText()): null

2018-06-18 14:12:11 - [TEST_STEP][PASSED] - Statement - actualgroupList.add(i, groupHierarchyList.get(i).getText()): null

2018-06-18 14:12:11 - [TEST_STEP][PASSED] - Statement - actualgroupList.add(i, groupHierarchyList.get(i).getText()): null

2018-06-18 14:12:11 - [TEST_STEP][PASSED] - Statement - actualgroupList.add(i, groupHierarchyList.get(i).getText()): null

2018-06-18 14:12:11 - [TEST_STEP][PASSED] - Statement - actualgroupList.add(i, groupHierarchyList.get(i).getText()): null

2018-06-18 14:12:11 - [TEST_STEP][PASSED] - Statement - actualgroupList.add(i, groupHierarchyList.get(i).getText()): null

2018-06-18 14:12:11 - [TEST_STEP][PASSED] - Statement - actualgroupList.add(i, groupHierarchyList.get(i).getText()): null

2018-06-18 14:12:11 - [TEST_STEP][PASSED] - Statement - actualgroupList.add(i, groupHierarchyList.get(i).getText()): null

2018-06-18 14:12:11 - [TEST_STEP][PASSED] - Statement - actualgroupList.add(i, groupHierarchyList.get(i).getText()): null

2018-06-18 14:12:11 - [TEST_STEP][PASSED] - Statement - actualgroupList.add(i, groupHierarchyList.get(i).getText()): null

2018-06-18 14:12:11 - [TEST_STEP][PASSED] - Statement - actualgroupList.add(i, groupHierarchyList.get(i).getText()): null

2018-06-18 14:12:11 - [TEST_STEP][PASSED] - Statement - actualgroupList.add(i, groupHierarchyList.get(i).getText()): null

2018-06-18 14:12:11 - [TEST_STEP][PASSED] - Statement - actualgroupList.add(i, groupHierarchyList.get(i).getText()): null

2018-06-18 14:12:11 - [TEST_STEP][PASSED] - Statement - actualgroupList.add(i, groupHierarchyList.get(i).getText()): null

2018-06-18 14:12:11 - [TEST_STEP][PASSED] - Statement - actualgroupList.add(i, groupHierarchyList.get(i).getText()): null

2018-06-18 14:12:11 - [TEST_STEP][PASSED] - Statement - actualgroupList.add(i, groupHierarchyList.get(i).getText()): null

2018-06-18 14:12:11 - [TEST_STEP][PASSED] - Statement - actualgroupList.add(i, groupHierarchyList.get(i).getText()): null

2018-06-18 14:12:11 - [TEST_STEP][PASSED] - Statement - actualgroupList.add(i, groupHierarchyList.get(i).getText()): null

2018-06-18 14:12:11 - [TEST_STEP][PASSED] - Statement - actualgroupList.add(i, groupHierarchyList.get(i).getText()): null

2018-06-18 14:12:11 - [TEST_STEP][PASSED] - Statement - actualgroupList.add(i, groupHierarchyList.get(i).getText()): null

2018-06-18 14:12:11 - [TEST_STEP][PASSED] - Statement - actualgroupList.add(i, groupHierarchyList.get(i).getText()): null

2018-06-18 14:12:11 - [TEST_STEP][PASSED] - Statement - actualgroupList.add(i, groupHierarchyList.get(i).getText()): null

2018-06-18 14:12:11 - [TEST_STEP][PASSED] - Statement - actualgroupList.add(i, groupHierarchyList.get(i).getText()): null

2018-06-18 14:12:12 - [TEST_STEP][PASSED] - Statement - actualgroupList.add(i, groupHierarchyList.get(i).getText()): null

2018-06-18 14:12:12 - [TEST_STEP][PASSED] - Statement - actualgroupList.add(i, groupHierarchyList.get(i).getText()): null

2018-06-18 14:12:12 - [TEST_STEP][PASSED] - Statement - actualgroupList.add(i, groupHierarchyList.get(i).getText()): null

2018-06-18 14:12:12 - [TEST_STEP][PASSED] - Statement - actualgroupList.add(i, groupHierarchyList.get(i).getText()): null

2018-06-18 14:12:12 - [TEST_STEP][PASSED] - Statement - actualgroupList.add(i, groupHierarchyList.get(i).getText()): null

2018-06-18 14:12:12 - [TEST_STEP][PASSED] - Statement - actualgroupList.add(i, groupHierarchyList.get(i).getText()): null

2018-06-18 14:12:12 - [TEST_STEP][PASSED] - Statement - actualgroupList.add(i, groupHierarchyList.get(i).getText()): null

2018-06-18 14:12:12 - [TEST_STEP][PASSED] - Statement - actualgroupList.add(i, groupHierarchyList.get(i).getText()): null

2018-06-18 14:12:12 - [TEST_STEP][PASSED] - Statement - actualgroupList.add(i, groupHierarchyList.get(i).getText()): null

2018-06-18 14:12:12 - [TEST_STEP][PASSED] - Statement - actualgroupList.add(i, groupHierarchyList.get(i).getText()): null

2018-06-18 14:12:12 - [TEST_STEP][PASSED] - Statement - actualgroupList.add(i, groupHierarchyList.get(i).getText()): null

2018-06-18 14:12:12 - [TEST_STEP][PASSED] - Statement - actualgroupList.add(i, groupHierarchyList.get(i).getText()): null

2018-06-18 14:12:12 - [TEST_STEP][PASSED] - Statement - actualgroupList.add(i, groupHierarchyList.get(i).getText()): null

2018-06-18 14:12:12 - [TEST_STEP][PASSED] - Statement - actualgroupList.add(i, groupHierarchyList.get(i).getText()): null

2018-06-18 14:12:12 - [TEST_STEP][PASSED] - Statement - actualgroupList.add(i, groupHierarchyList.get(i).getText()): null

2018-06-18 14:12:12 - [TEST_STEP][PASSED] - Statement - actualgroupList.add(i, groupHierarchyList.get(i).getText()): null

2018-06-18 14:12:12 - [TEST_STEP][PASSED] - Statement - actualgroupList.add(i, groupHierarchyList.get(i).getText()): null

2018-06-18 14:12:12 - [TEST_STEP][PASSED] - Statement - actualgroupList.add(i, groupHierarchyList.get(i).getText()): null

2018-06-18 14:12:12 - [TEST_STEP][PASSED] - Statement - actualgroupList.add(i, groupHierarchyList.get(i).getText()): null

2018-06-18 14:12:12 - [TEST_STEP][PASSED] - Statement - actualgroupList.add(i, groupHierarchyList.get(i).getText()): null

2018-06-18 14:12:12 - [TEST_STEP][PASSED] - Statement - actualgroupList.add(i, groupHierarchyList.get(i).getText()): null

2018-06-18 14:12:12 - [TEST_STEP][PASSED] - Statement - actualgroupList.add(i, groupHierarchyList.get(i).getText()): null

2018-06-18 14:12:12 - [TEST_STEP][PASSED] - Statement - actualgroupList.add(i, groupHierarchyList.get(i).getText()): null

2018-06-18 14:12:12 - [TEST_STEP][PASSED] - Statement - actualgroupList.add(i, groupHierarchyList.get(i).getText()): null

2018-06-18 14:12:12 - [TEST_STEP][PASSED] - Statement - actualgroupList.add(i, groupHierarchyList.get(i).getText()): null

2018-06-18 14:12:12 - [TEST_STEP][PASSED] - Statement - actualgroupList.add(i, groupHierarchyList.get(i).getText()): null

2018-06-18 14:12:12 - [TEST_STEP][PASSED] - Statement - actualgroupList.add(i, groupHierarchyList.get(i).getText()): null

2018-06-18 14:12:12 - [TEST_STEP][PASSED] - Statement - actualgroupList.add(i, groupHierarchyList.get(i).getText()): null

2018-06-18 14:12:12 - [TEST_STEP][PASSED] - Statement - actualgroupList.add(i, groupHierarchyList.get(i).getText()): null

2018-06-18 14:12:12 - [TEST_STEP][PASSED] - Statement - actualgroupList.add(i, groupHierarchyList.get(i).getText()): null

2018-06-18 14:12:12 - [TEST_STEP][PASSED] - Statement - actualgroupList.add(i, groupHierarchyList.get(i).getText()): null

2018-06-18 14:12:12 - [TEST_STEP][PASSED] - Statement - actualgroupList.add(i, groupHierarchyList.get(i).getText()): null

2018-06-18 14:12:12 - [TEST_STEP][PASSED] - Statement - actualgroupList.add(i, groupHierarchyList.get(i).getText()): null

2018-06-18 14:12:12 - [TEST_STEP][PASSED] - Statement - actualgroupList.add(i, groupHierarchyList.get(i).getText()): null

2018-06-18 14:12:12 - [TEST_STEP][PASSED] - Statement - actualgroupList.add(i, groupHierarchyList.get(i).getText()): null

2018-06-18 14:12:12 - [TEST_STEP][PASSED] - Statement - actualgroupList.add(i, groupHierarchyList.get(i).getText()): null

2018-06-18 14:12:12 - [TEST_STEP][PASSED] - Statement - actualgroupList.add(i, groupHierarchyList.get(i).getText()): null

2018-06-18 14:12:12 - [TEST_STEP][PASSED] - Statement - actualgroupList.add(i, groupHierarchyList.get(i).getText()): null

2018-06-18 14:12:12 - [TEST_STEP][PASSED] - Statement - actualgroupList.add(i, groupHierarchyList.get(i).getText()): null

2018-06-18 14:12:12 - [TEST_STEP][PASSED] - Statement - actualgroupList.add(i, groupHierarchyList.get(i).getText()): null

2018-06-18 14:12:12 - [TEST_STEP][PASSED] - Statement - actualgroupList.add(i, groupHierarchyList.get(i).getText()): null

2018-06-18 14:12:12 - [TEST_STEP][PASSED] - Statement - actualgroupList.add(i, groupHierarchyList.get(i).getText()): null

2018-06-18 14:12:12 - [TEST_STEP][PASSED] - Statement - actualgroupList.add(i, groupHierarchyList.get(i).getText()): null

2018-06-18 14:12:12 - [TEST_STEP][PASSED] - Statement - actualgroupList.add(i, groupHierarchyList.get(i).getText()): null

2018-06-18 14:12:12 - [TEST_STEP][PASSED] - Statement - actualgroupList.add(i, groupHierarchyList.get(i).getText()): null

2018-06-18 14:12:12 - [TEST_STEP][PASSED] - Statement - actualgroupList.add(i, groupHierarchyList.get(i).getText()): null

2018-06-18 14:12:12 - [TEST_STEP][PASSED] - Statement - actualgroupList.add(i, groupHierarchyList.get(i).getText()): null

2018-06-18 14:12:12 - [TEST_STEP][PASSED] - Statement - actualgroupList.add(i, groupHierarchyList.get(i).getText()): null

2018-06-18 14:12:12 - [TEST_STEP][PASSED] - Statement - actualgroupList.add(i, groupHierarchyList.get(i).getText()): null

2018-06-18 14:12:12 - [TEST_STEP][PASSED] - Statement - out.println(actualgroupList): null

2018-06-18 14:12:12 - [TEST_STEP][PASSED] - delay: Delayed 10 second(s)

2018-06-18 14:12:22 - [MESSAGE][PASSED] - Delayed 10 second(s)

2018-06-18 14:12:22 - [TEST_STEP][PASSED] - Statement - groupName = CustomKeywords.projectSpecific.Reusability.getTestData("ReportingGroupManagementPage", "GroupName"): projectSpecific.Reusability.getTestData is PASSED

2018-06-18 14:12:22 - [MESSAGE][PASSED] - projectSpecific.Reusability.getTestData is PASSED

2018-06-18 14:12:22 - [TEST_STEP][PASSED] - Statement - If (actualgroupList.contains(groupName)): null

2018-06-18 14:12:22 - [TEST_STEP][PASSED] - uiaction.CommonUIActions.click: uiaction.CommonUIActions.click is PASSED

2018-06-18 14:12:22 - [MESSAGE][PASSED] - uiaction.CommonUIActions.click is PASSED

2018-06-18 14:12:22 - [TEST_STEP][PASSED] - Statement - println("Automation Group is available in group hierarchy"): null

2018-06-18 14:12:22 - [TEST_STEP][PASSED] - verifyElementPresent: Object 'Object Repository/ReportingGroupManagement/reportingGroupDetails' is present

2018-06-18 14:12:22 - [MESSAGE][PASSED] - Object 'Object Repository/ReportingGroupManagement/reportingGroupDetails' is present

2018-06-18 14:12:22 - [TEST_STEP][PASSED] - delay: Delayed 5 second(s)

2018-06-18 14:12:27 - [MESSAGE][PASSED] - Delayed 5 second(s)

2018-06-18 14:12:27 - [TEST_STEP][PASSED] - uiaction.CommonUIActions.verifyMatch: uiaction.CommonUIActions.verifyMatch is PASSED

2018-06-18 14:12:27 - [MESSAGE][PASSED] - projectSpecific.Reusability.getTestData is PASSED

2018-06-18 14:12:27 - [MESSAGE][PASSED] - Attribute 'value' of object 'Object Repository/ReportingGroupManagement/groupNameTxt' is: 'AutomationGroup'

2018-06-18 14:12:27 - [MESSAGE][PASSED] - Actual text 'AutomationGroup' and expected text 'AutomationGroup' are matched 

2018-06-18 14:12:27 - [MESSAGE][PASSED] - uiaction.CommonUIActions.verifyMatch is PASSED

2018-06-18 14:12:27 - [TEST_STEP][PASSED] - delay: Delayed 5 second(s)

2018-06-18 14:12:32 - [MESSAGE][PASSED] - Delayed 5 second(s)

2018-06-18 14:12:32 - [TEST_STEP][PASSED] - uiaction.CommonUIActions.verifyMatch: uiaction.CommonUIActions.verifyMatch is PASSED

2018-06-18 14:12:32 - [MESSAGE][PASSED] - projectSpecific.Reusability.getTestData is PASSED

2018-06-18 14:12:32 - [MESSAGE][PASSED] - Attribute 'value' of object 'Object Repository/ReportingGroupManagement/groupDescTxt' is: 'South west branch Group 11'

2018-06-18 14:12:32 - [MESSAGE][PASSED] - Actual text 'South west branch Group 11' and expected text 'South west branch Group 11' are matched 

2018-06-18 14:12:32 - [MESSAGE][PASSED] - uiaction.CommonUIActions.verifyMatch is PASSED

2018-06-18 14:12:32 - [TEST_STEP][PASSED] - uiaction.CommonUIActions.click: uiaction.CommonUIActions.click is PASSED

2018-06-18 14:12:33 - [MESSAGE][PASSED] - uiaction.CommonUIActions.click is PASSED

2018-06-18 14:12:33 - [TEST_STEP][PASSED] - delay: Delayed 5 second(s)

2018-06-18 14:12:38 - [MESSAGE][PASSED] - Delayed 5 second(s)

2018-06-18 14:12:38 - [TEST_STEP][PASSED] - uiaction.CommonUIActions.click: uiaction.CommonUIActions.click is PASSED

2018-06-18 14:12:38 - [MESSAGE][PASSED] - uiaction.CommonUIActions.click is PASSED

2018-06-18 14:12:38 - [TEST_STEP][PASSED] - uiaction.CommonUIActions.enter: uiaction.CommonUIActions.enter is PASSED

2018-06-18 14:12:38 - [MESSAGE][PASSED] - projectSpecific.Reusability.getTestData is PASSED

2018-06-18 14:12:38 - [MESSAGE][PASSED] - uiaction.CommonUIActions.enter is PASSED

2018-06-18 14:12:38 - [TEST_STEP][PASSED] - uiaction.CommonUIActions.enter: uiaction.CommonUIActions.enter is PASSED

2018-06-18 14:12:38 - [MESSAGE][PASSED] - projectSpecific.Reusability.getTestData is PASSED

2018-06-18 14:12:38 - [MESSAGE][PASSED] - uiaction.CommonUIActions.enter is PASSED

2018-06-18 14:12:38 - [TEST_STEP][PASSED] - uiaction.CommonUIActions.click: uiaction.CommonUIActions.click is PASSED

2018-06-18 14:12:38 - [MESSAGE][PASSED] - uiaction.CommonUIActions.click is PASSED

2018-06-18 14:12:38 - [TEST_STEP][PASSED] - delay: Delayed 10 second(s)

2018-06-18 14:12:48 - [MESSAGE][PASSED] - Delayed 10 second(s)

2018-06-18 14:12:48 - [TEST_STEP][PASSED] - uiaction.CommonUIActions.back: uiaction.CommonUIActions.back is PASSED

2018-06-18 14:12:48 - [MESSAGE][PASSED] - Navigate back successfully

2018-06-18 14:12:48 - [MESSAGE][PASSED] - uiaction.CommonUIActions.back is PASSED

2018-06-18 14:12:48 - [TEST_STEP][PASSED] - delay: Delayed 5 second(s)

2018-06-18 14:12:53 - [MESSAGE][PASSED] - Delayed 5 second(s)

2018-06-18 14:12:53 - [TEST_STEP][PASSED] - uiaction.CommonUIActions.back: uiaction.CommonUIActions.back is PASSED

2018-06-18 14:12:53 - [MESSAGE][PASSED] - Navigate back successfully

2018-06-18 14:12:53 - [MESSAGE][PASSED] - uiaction.CommonUIActions.back is PASSED

2018-06-18 14:12:53 - [TEST_STEP][PASSED] - delay: Delayed 5 second(s)

2018-06-18 14:12:58 - [MESSAGE][PASSED] - Delayed 5 second(s)

2018-06-18 14:12:58 - [TEST_STEP][PASSED] - uiaction.CommonUIActions.click: uiaction.CommonUIActions.click is PASSED

2018-06-18 14:12:58 - [MESSAGE][PASSED] - uiaction.CommonUIActions.click is PASSED

2018-06-18 14:12:58 - [TEST_STEP][PASSED] - uiaction.CommonUIActions.enter: uiaction.CommonUIActions.enter is PASSED

2018-06-18 14:12:58 - [MESSAGE][PASSED] - projectSpecific.Reusability.getTestData is PASSED

2018-06-18 14:12:58 - [MESSAGE][PASSED] - uiaction.CommonUIActions.enter is PASSED

2018-06-18 14:12:58 - [TEST_STEP][PASSED] - uiaction.CommonUIActions.enter: uiaction.CommonUIActions.enter is PASSED

2018-06-18 14:12:58 - [MESSAGE][PASSED] - projectSpecific.Reusability.getTestData is PASSED

2018-06-18 14:12:58 - [MESSAGE][PASSED] - uiaction.CommonUIActions.enter is PASSED

2018-06-18 14:12:58 - [TEST_STEP][PASSED] - uiaction.CommonUIActions.click: uiaction.CommonUIActions.click is PASSED

2018-06-18 14:12:58 - [MESSAGE][PASSED] - uiaction.CommonUIActions.click is PASSED

2018-06-18 14:12:58 - [TEST_STEP][PASSED] - delay: Delayed 10 second(s)

2018-06-18 14:13:08 - [MESSAGE][PASSED] - Delayed 10 second(s)

2018-06-18 14:13:08 - [TEST_STEP][PASSED] - uiaction.CommonUIActions.back: uiaction.CommonUIActions.back is PASSED

2018-06-18 14:13:08 - [MESSAGE][PASSED] - Navigate back successfully

2018-06-18 14:13:08 - [MESSAGE][PASSED] - uiaction.CommonUIActions.back is PASSED

2018-06-18 14:13:08 - [TEST_STEP][PASSED] - delay: Delayed 5 second(s)

2018-06-18 14:13:13 - [MESSAGE][PASSED] - Delayed 5 second(s)

2018-06-18 14:13:13 - [TEST_STEP][PASSED] - uiaction.CommonUIActions.back: uiaction.CommonUIActions.back is PASSED

2018-06-18 14:13:13 - [MESSAGE][PASSED] - Navigate back successfully

2018-06-18 14:13:13 - [MESSAGE][PASSED] - uiaction.CommonUIActions.back is PASSED

2018-06-18 14:13:13 - [TEST_STEP][PASSED] - delay: Delayed 5 second(s)

2018-06-18 14:13:18 - [MESSAGE][PASSED] - Delayed 5 second(s)

2018-06-18 14:13:18 - [TEST_STEP][PASSED] - uiaction.CommonUIActions.click: uiaction.CommonUIActions.click is PASSED

2018-06-18 14:13:19 - [MESSAGE][PASSED] - uiaction.CommonUIActions.click is PASSED

2018-06-18 14:13:19 - [TEST_STEP][PASSED] - Statement - StoreList = CustomKeywords.projectSpecific.Reusability.getTestData("ReportingGroupManagementPage", "dummyGroupName2"): projectSpecific.Reusability.getTestData is PASSED

2018-06-18 14:13:19 - [MESSAGE][PASSED] - projectSpecific.Reusability.getTestData is PASSED

2018-06-18 14:13:19 - [TEST_STEP][PASSED] - Statement - listOfStores = new java.util.ArrayList(java.util.Arrays.asList(StoreList)): null

2018-06-18 14:13:19 - [TEST_STEP][PASSED] - Statement - out.println(listOfStores): null

2018-06-18 14:13:19 - [TEST_STEP][PASSED] - delay: Delayed 10 second(s)

2018-06-18 14:13:29 - [MESSAGE][PASSED] - Delayed 10 second(s)

2018-06-18 14:13:29 - [TEST_STEP][PASSED] - Statement - availableStoreList = driver.findElements(org.openqa.selenium.By.xpath(com.kms.katalon.core.testdata.TestDataFactory.findTestData(OR_file).getValue(2, 10))): Reading excel file with source file 'C:\Users\shalinin\Katalon Studio\HME_Scripts\Data Files\HME_OR.xlsx' and sheet name 'Sheet1'

2018-06-18 14:13:29 - [TEST_STEP][PASSED] - Statement - actualList = new java.util.ArrayList(): null

2018-06-18 14:13:29 - [TEST_STEP][PASSED] - Statement - For ([i = 0, i < availableStoreList.size(), (i++)]): null

2018-06-18 14:13:29 - [TEST_STEP][PASSED] - Statement - actualList.add(i, availableStoreList.get(i).getText()): null

2018-06-18 14:13:29 - [TEST_STEP][PASSED] - Statement - actualList.add(i, availableStoreList.get(i).getText()): null

2018-06-18 14:13:29 - [TEST_STEP][PASSED] - Statement - actualList.add(i, availableStoreList.get(i).getText()): null

2018-06-18 14:13:29 - [TEST_STEP][PASSED] - Statement - actualList.add(i, availableStoreList.get(i).getText()): null

2018-06-18 14:13:29 - [TEST_STEP][PASSED] - Statement - actualList.add(i, availableStoreList.get(i).getText()): null

2018-06-18 14:13:29 - [TEST_STEP][PASSED] - Statement - actualList.add(i, availableStoreList.get(i).getText()): null

2018-06-18 14:13:29 - [TEST_STEP][PASSED] - Statement - actualList.add(i, availableStoreList.get(i).getText()): null

2018-06-18 14:13:29 - [TEST_STEP][PASSED] - Statement - actualList.add(i, availableStoreList.get(i).getText()): null

2018-06-18 14:13:29 - [TEST_STEP][PASSED] - Statement - actualList.add(i, availableStoreList.get(i).getText()): null

2018-06-18 14:13:29 - [TEST_STEP][PASSED] - Statement - actualList.add(i, availableStoreList.get(i).getText()): null

2018-06-18 14:13:29 - [TEST_STEP][PASSED] - Statement - actualList.add(i, availableStoreList.get(i).getText()): null

2018-06-18 14:13:29 - [TEST_STEP][PASSED] - Statement - actualList.add(i, availableStoreList.get(i).getText()): null

2018-06-18 14:13:29 - [TEST_STEP][PASSED] - Statement - actualList.add(i, availableStoreList.get(i).getText()): null

2018-06-18 14:13:29 - [TEST_STEP][PASSED] - Statement - actualList.add(i, availableStoreList.get(i).getText()): null

2018-06-18 14:13:29 - [TEST_STEP][PASSED] - Statement - actualList.add(i, availableStoreList.get(i).getText()): null

2018-06-18 14:13:29 - [TEST_STEP][PASSED] - Statement - actualList.add(i, availableStoreList.get(i).getText()): null

2018-06-18 14:13:29 - [TEST_STEP][PASSED] - Statement - actualList.add(i, availableStoreList.get(i).getText()): null

2018-06-18 14:13:29 - [TEST_STEP][PASSED] - Statement - actualList.add(i, availableStoreList.get(i).getText()): null

2018-06-18 14:13:29 - [TEST_STEP][PASSED] - Statement - actualList.add(i, availableStoreList.get(i).getText()): null

2018-06-18 14:13:29 - [TEST_STEP][PASSED] - Statement - actualList.add(i, availableStoreList.get(i).getText()): null

2018-06-18 14:13:29 - [TEST_STEP][PASSED] - Statement - actualList.add(i, availableStoreList.get(i).getText()): null

2018-06-18 14:13:29 - [TEST_STEP][PASSED] - Statement - actualList.add(i, availableStoreList.get(i).getText()): null

2018-06-18 14:13:29 - [TEST_STEP][PASSED] - Statement - actualList.add(i, availableStoreList.get(i).getText()): null

2018-06-18 14:13:29 - [TEST_STEP][PASSED] - Statement - actualList.add(i, availableStoreList.get(i).getText()): null

2018-06-18 14:13:29 - [TEST_STEP][PASSED] - Statement - actualList.add(i, availableStoreList.get(i).getText()): null

2018-06-18 14:13:29 - [TEST_STEP][PASSED] - Statement - actualList.add(i, availableStoreList.get(i).getText()): null

2018-06-18 14:13:29 - [TEST_STEP][PASSED] - Statement - actualList.add(i, availableStoreList.get(i).getText()): null

2018-06-18 14:13:29 - [TEST_STEP][PASSED] - Statement - actualList.add(i, availableStoreList.get(i).getText()): null

2018-06-18 14:13:29 - [TEST_STEP][PASSED] - Statement - actualList.add(i, availableStoreList.get(i).getText()): null

2018-06-18 14:13:29 - [TEST_STEP][PASSED] - Statement - actualList.add(i, availableStoreList.get(i).getText()): null

2018-06-18 14:13:29 - [TEST_STEP][PASSED] - Statement - actualList.add(i, availableStoreList.get(i).getText()): null

2018-06-18 14:13:29 - [TEST_STEP][PASSED] - Statement - actualList.add(i, availableStoreList.get(i).getText()): null

2018-06-18 14:13:29 - [TEST_STEP][PASSED] - Statement - actualList.add(i, availableStoreList.get(i).getText()): null

2018-06-18 14:13:29 - [TEST_STEP][PASSED] - Statement - actualList.add(i, availableStoreList.get(i).getText()): null

2018-06-18 14:13:29 - [TEST_STEP][PASSED] - Statement - actualList.add(i, availableStoreList.get(i).getText()): null

2018-06-18 14:13:29 - [TEST_STEP][PASSED] - Statement - actualList.add(i, availableStoreList.get(i).getText()): null

2018-06-18 14:13:29 - [TEST_STEP][PASSED] - Statement - actualList.add(i, availableStoreList.get(i).getText()): null

2018-06-18 14:13:29 - [TEST_STEP][PASSED] - Statement - actualList.add(i, availableStoreList.get(i).getText()): null

2018-06-18 14:13:29 - [TEST_STEP][PASSED] - Statement - actualList.add(i, availableStoreList.get(i).getText()): null

2018-06-18 14:13:29 - [TEST_STEP][PASSED] - Statement - actualList.add(i, availableStoreList.get(i).getText()): null

2018-06-18 14:13:29 - [TEST_STEP][PASSED] - Statement - actualList.add(i, availableStoreList.get(i).getText()): null

2018-06-18 14:13:29 - [TEST_STEP][PASSED] - Statement - actualList.add(i, availableStoreList.get(i).getText()): null

2018-06-18 14:13:29 - [TEST_STEP][PASSED] - Statement - actualList.add(i, availableStoreList.get(i).getText()): null

2018-06-18 14:13:29 - [TEST_STEP][PASSED] - Statement - actualList.add(i, availableStoreList.get(i).getText()): null

2018-06-18 14:13:29 - [TEST_STEP][PASSED] - Statement - actualList.add(i, availableStoreList.get(i).getText()): null

2018-06-18 14:13:29 - [TEST_STEP][PASSED] - Statement - actualList.add(i, availableStoreList.get(i).getText()): null

2018-06-18 14:13:29 - [TEST_STEP][PASSED] - Statement - actualList.add(i, availableStoreList.get(i).getText()): null

2018-06-18 14:13:29 - [TEST_STEP][PASSED] - Statement - actualList.add(i, availableStoreList.get(i).getText()): null

2018-06-18 14:13:29 - [TEST_STEP][PASSED] - Statement - actualList.add(i, availableStoreList.get(i).getText()): null

2018-06-18 14:13:29 - [TEST_STEP][PASSED] - Statement - actualList.add(i, availableStoreList.get(i).getText()): null

2018-06-18 14:13:29 - [TEST_STEP][PASSED] - Statement - actualList.add(i, availableStoreList.get(i).getText()): null

2018-06-18 14:13:29 - [TEST_STEP][PASSED] - Statement - actualList.add(i, availableStoreList.get(i).getText()): null

2018-06-18 14:13:29 - [TEST_STEP][PASSED] - Statement - actualList.add(i, availableStoreList.get(i).getText()): null

2018-06-18 14:13:29 - [TEST_STEP][PASSED] - Statement - actualList.add(i, availableStoreList.get(i).getText()): null

2018-06-18 14:13:29 - [TEST_STEP][PASSED] - Statement - actualList.add(i, availableStoreList.get(i).getText()): null

2018-06-18 14:13:29 - [TEST_STEP][PASSED] - Statement - actualList.add(i, availableStoreList.get(i).getText()): null

2018-06-18 14:13:29 - [TEST_STEP][PASSED] - Statement - actualList.add(i, availableStoreList.get(i).getText()): null

2018-06-18 14:13:29 - [TEST_STEP][PASSED] - Statement - actualList.add(i, availableStoreList.get(i).getText()): null

2018-06-18 14:13:30 - [TEST_STEP][PASSED] - Statement - actualList.add(i, availableStoreList.get(i).getText()): null

2018-06-18 14:13:30 - [TEST_STEP][PASSED] - Statement - actualList.add(i, availableStoreList.get(i).getText()): null

2018-06-18 14:13:30 - [TEST_STEP][PASSED] - Statement - actualList.add(i, availableStoreList.get(i).getText()): null

2018-06-18 14:13:30 - [TEST_STEP][PASSED] - Statement - actualList.add(i, availableStoreList.get(i).getText()): null

2018-06-18 14:13:30 - [TEST_STEP][PASSED] - Statement - actualList.add(i, availableStoreList.get(i).getText()): null

2018-06-18 14:13:30 - [TEST_STEP][PASSED] - Statement - actualList.add(i, availableStoreList.get(i).getText()): null

2018-06-18 14:13:30 - [TEST_STEP][PASSED] - Statement - actualList.add(i, availableStoreList.get(i).getText()): null

2018-06-18 14:13:30 - [TEST_STEP][PASSED] - Statement - actualList.add(i, availableStoreList.get(i).getText()): null

2018-06-18 14:13:30 - [TEST_STEP][PASSED] - Statement - actualList.add(i, availableStoreList.get(i).getText()): null

2018-06-18 14:13:30 - [TEST_STEP][PASSED] - Statement - actualList.add(i, availableStoreList.get(i).getText()): null

2018-06-18 14:13:30 - [TEST_STEP][PASSED] - Statement - actualList.add(i, availableStoreList.get(i).getText()): null

2018-06-18 14:13:30 - [TEST_STEP][PASSED] - Statement - actualList.add(i, availableStoreList.get(i).getText()): null

2018-06-18 14:13:30 - [TEST_STEP][PASSED] - Statement - actualList.add(i, availableStoreList.get(i).getText()): null

2018-06-18 14:13:30 - [TEST_STEP][PASSED] - Statement - actualList.add(i, availableStoreList.get(i).getText()): null

2018-06-18 14:13:30 - [TEST_STEP][PASSED] - Statement - actualList.add(i, availableStoreList.get(i).getText()): null

2018-06-18 14:13:30 - [TEST_STEP][PASSED] - Statement - actualList.add(i, availableStoreList.get(i).getText()): null

2018-06-18 14:13:30 - [TEST_STEP][PASSED] - Statement - actualList.add(i, availableStoreList.get(i).getText()): null

2018-06-18 14:13:30 - [TEST_STEP][PASSED] - Statement - actualList.add(i, availableStoreList.get(i).getText()): null

2018-06-18 14:13:30 - [TEST_STEP][PASSED] - Statement - actualList.add(i, availableStoreList.get(i).getText()): null

2018-06-18 14:13:30 - [TEST_STEP][PASSED] - Statement - actualList.add(i, availableStoreList.get(i).getText()): null

2018-06-18 14:13:30 - [TEST_STEP][PASSED] - Statement - actualList.add(i, availableStoreList.get(i).getText()): null

2018-06-18 14:13:30 - [TEST_STEP][PASSED] - Statement - actualList.add(i, availableStoreList.get(i).getText()): null

2018-06-18 14:13:30 - [TEST_STEP][PASSED] - Statement - actualList.add(i, availableStoreList.get(i).getText()): null

2018-06-18 14:13:30 - [TEST_STEP][PASSED] - Statement - actualList.add(i, availableStoreList.get(i).getText()): null

2018-06-18 14:13:30 - [TEST_STEP][PASSED] - Statement - actualList.add(i, availableStoreList.get(i).getText()): null

2018-06-18 14:13:30 - [TEST_STEP][PASSED] - Statement - actualList.add(i, availableStoreList.get(i).getText()): null

2018-06-18 14:13:30 - [TEST_STEP][PASSED] - Statement - actualList.add(i, availableStoreList.get(i).getText()): null

2018-06-18 14:13:30 - [TEST_STEP][PASSED] - Statement - actualList.add(i, availableStoreList.get(i).getText()): null

2018-06-18 14:13:30 - [TEST_STEP][PASSED] - Statement - actualList.add(i, availableStoreList.get(i).getText()): null

2018-06-18 14:13:30 - [TEST_STEP][PASSED] - Statement - actualList.add(i, availableStoreList.get(i).getText()): null

2018-06-18 14:13:30 - [TEST_STEP][PASSED] - Statement - actualList.add(i, availableStoreList.get(i).getText()): null

2018-06-18 14:13:30 - [TEST_STEP][PASSED] - Statement - actualList.add(i, availableStoreList.get(i).getText()): null

2018-06-18 14:13:30 - [TEST_STEP][PASSED] - Statement - actualList.add(i, availableStoreList.get(i).getText()): null

2018-06-18 14:13:30 - [TEST_STEP][PASSED] - Statement - actualList.add(i, availableStoreList.get(i).getText()): null

2018-06-18 14:13:30 - [TEST_STEP][PASSED] - Statement - actualList.add(i, availableStoreList.get(i).getText()): null

2018-06-18 14:13:30 - [TEST_STEP][PASSED] - Statement - actualList.add(i, availableStoreList.get(i).getText()): null

2018-06-18 14:13:30 - [TEST_STEP][PASSED] - Statement - actualList.add(i, availableStoreList.get(i).getText()): null

2018-06-18 14:13:30 - [TEST_STEP][PASSED] - Statement - actualList.add(i, availableStoreList.get(i).getText()): null

2018-06-18 14:13:30 - [TEST_STEP][PASSED] - Statement - actualList.add(i, availableStoreList.get(i).getText()): null

2018-06-18 14:13:30 - [TEST_STEP][PASSED] - Statement - actualList.add(i, availableStoreList.get(i).getText()): null

2018-06-18 14:13:30 - [TEST_STEP][PASSED] - Statement - actualList.add(i, availableStoreList.get(i).getText()): null

2018-06-18 14:13:30 - [TEST_STEP][PASSED] - Statement - actualList.add(i, availableStoreList.get(i).getText()): null

2018-06-18 14:13:30 - [TEST_STEP][PASSED] - Statement - actualList.add(i, availableStoreList.get(i).getText()): null

2018-06-18 14:13:30 - [TEST_STEP][PASSED] - Statement - actualList.add(i, availableStoreList.get(i).getText()): null

2018-06-18 14:13:30 - [TEST_STEP][PASSED] - Statement - actualList.add(i, availableStoreList.get(i).getText()): null

2018-06-18 14:13:30 - [TEST_STEP][PASSED] - Statement - actualList.add(i, availableStoreList.get(i).getText()): null

2018-06-18 14:13:30 - [TEST_STEP][PASSED] - Statement - actualList.add(i, availableStoreList.get(i).getText()): null

2018-06-18 14:13:30 - [TEST_STEP][PASSED] - Statement - actualList.add(i, availableStoreList.get(i).getText()): null

2018-06-18 14:13:30 - [TEST_STEP][PASSED] - Statement - actualList.add(i, availableStoreList.get(i).getText()): null

2018-06-18 14:13:30 - [TEST_STEP][PASSED] - Statement - actualList.add(i, availableStoreList.get(i).getText()): null

2018-06-18 14:13:30 - [TEST_STEP][PASSED] - Statement - actualList.add(i, availableStoreList.get(i).getText()): null

2018-06-18 14:13:30 - [TEST_STEP][PASSED] - Statement - actualList.add(i, availableStoreList.get(i).getText()): null

2018-06-18 14:13:30 - [TEST_STEP][PASSED] - Statement - actualList.add(i, availableStoreList.get(i).getText()): null

2018-06-18 14:13:30 - [TEST_STEP][PASSED] - Statement - actualList.add(i, availableStoreList.get(i).getText()): null

2018-06-18 14:13:30 - [TEST_STEP][PASSED] - Statement - actualList.add(i, availableStoreList.get(i).getText()): null

2018-06-18 14:13:30 - [TEST_STEP][PASSED] - Statement - actualList.add(i, availableStoreList.get(i).getText()): null

2018-06-18 14:13:30 - [TEST_STEP][PASSED] - Statement - actualList.add(i, availableStoreList.get(i).getText()): null

2018-06-18 14:13:30 - [TEST_STEP][PASSED] - Statement - actualList.add(i, availableStoreList.get(i).getText()): null

2018-06-18 14:13:30 - [TEST_STEP][PASSED] - Statement - actualList.add(i, availableStoreList.get(i).getText()): null

2018-06-18 14:13:30 - [TEST_STEP][PASSED] - Statement - actualList.add(i, availableStoreList.get(i).getText()): null

2018-06-18 14:13:30 - [TEST_STEP][PASSED] - Statement - actualList.add(i, availableStoreList.get(i).getText()): null

2018-06-18 14:13:30 - [TEST_STEP][PASSED] - Statement - actualList.add(i, availableStoreList.get(i).getText()): null

2018-06-18 14:13:30 - [TEST_STEP][PASSED] - Statement - actualList.add(i, availableStoreList.get(i).getText()): null

2018-06-18 14:13:30 - [TEST_STEP][PASSED] - Statement - actualList.add(i, availableStoreList.get(i).getText()): null

2018-06-18 14:13:30 - [TEST_STEP][PASSED] - Statement - actualList.add(i, availableStoreList.get(i).getText()): null

2018-06-18 14:13:30 - [TEST_STEP][PASSED] - Statement - actualList.add(i, availableStoreList.get(i).getText()): null

2018-06-18 14:13:30 - [TEST_STEP][PASSED] - Statement - actualList.add(i, availableStoreList.get(i).getText()): null

2018-06-18 14:13:30 - [TEST_STEP][PASSED] - Statement - actualList.add(i, availableStoreList.get(i).getText()): null

2018-06-18 14:13:31 - [TEST_STEP][PASSED] - Statement - actualList.add(i, availableStoreList.get(i).getText()): null

2018-06-18 14:13:31 - [TEST_STEP][PASSED] - Statement - actualList.add(i, availableStoreList.get(i).getText()): null

2018-06-18 14:13:31 - [TEST_STEP][PASSED] - Statement - actualList.add(i, availableStoreList.get(i).getText()): null

2018-06-18 14:13:31 - [TEST_STEP][PASSED] - Statement - actualList.add(i, availableStoreList.get(i).getText()): null

2018-06-18 14:13:31 - [TEST_STEP][PASSED] - Statement - actualList.add(i, availableStoreList.get(i).getText()): null

2018-06-18 14:13:31 - [TEST_STEP][PASSED] - Statement - actualList.add(i, availableStoreList.get(i).getText()): null

2018-06-18 14:13:31 - [TEST_STEP][PASSED] - Statement - actualList.add(i, availableStoreList.get(i).getText()): null

2018-06-18 14:13:31 - [TEST_STEP][PASSED] - Statement - actualList.add(i, availableStoreList.get(i).getText()): null

2018-06-18 14:13:31 - [TEST_STEP][PASSED] - Statement - actualList.add(i, availableStoreList.get(i).getText()): null

2018-06-18 14:13:31 - [TEST_STEP][PASSED] - Statement - actualList.add(i, availableStoreList.get(i).getText()): null

2018-06-18 14:13:31 - [TEST_STEP][PASSED] - Statement - actualList.add(i, availableStoreList.get(i).getText()): null

2018-06-18 14:13:31 - [TEST_STEP][PASSED] - Statement - actualList.add(i, availableStoreList.get(i).getText()): null

2018-06-18 14:13:31 - [TEST_STEP][PASSED] - Statement - actualList.add(i, availableStoreList.get(i).getText()): null

2018-06-18 14:13:31 - [TEST_STEP][PASSED] - Statement - actualList.add(i, availableStoreList.get(i).getText()): null

2018-06-18 14:13:31 - [TEST_STEP][PASSED] - Statement - actualList.add(i, availableStoreList.get(i).getText()): null

2018-06-18 14:13:31 - [TEST_STEP][PASSED] - Statement - actualList.add(i, availableStoreList.get(i).getText()): null

2018-06-18 14:13:31 - [TEST_STEP][PASSED] - Statement - actualList.add(i, availableStoreList.get(i).getText()): null

2018-06-18 14:13:31 - [TEST_STEP][PASSED] - Statement - actualList.add(i, availableStoreList.get(i).getText()): null

2018-06-18 14:13:31 - [TEST_STEP][PASSED] - Statement - actualList.add(i, availableStoreList.get(i).getText()): null

2018-06-18 14:13:31 - [TEST_STEP][PASSED] - Statement - actualList.add(i, availableStoreList.get(i).getText()): null

2018-06-18 14:13:31 - [TEST_STEP][PASSED] - Statement - actualList.add(i, availableStoreList.get(i).getText()): null

2018-06-18 14:13:31 - [TEST_STEP][PASSED] - Statement - actualList.add(i, availableStoreList.get(i).getText()): null

2018-06-18 14:13:31 - [TEST_STEP][PASSED] - Statement - actualList.add(i, availableStoreList.get(i).getText()): null

2018-06-18 14:13:31 - [TEST_STEP][PASSED] - Statement - actualList.add(i, availableStoreList.get(i).getText()): null

2018-06-18 14:13:31 - [TEST_STEP][PASSED] - Statement - actualList.add(i, availableStoreList.get(i).getText()): null

2018-06-18 14:13:31 - [TEST_STEP][PASSED] - Statement - actualList.add(i, availableStoreList.get(i).getText()): null

2018-06-18 14:13:31 - [TEST_STEP][PASSED] - Statement - actualList.add(i, availableStoreList.get(i).getText()): null

2018-06-18 14:13:31 - [TEST_STEP][PASSED] - Statement - actualList.add(i, availableStoreList.get(i).getText()): null

2018-06-18 14:13:31 - [TEST_STEP][PASSED] - Statement - actualList.add(i, availableStoreList.get(i).getText()): null

2018-06-18 14:13:31 - [TEST_STEP][PASSED] - Statement - actualList.add(i, availableStoreList.get(i).getText()): null

2018-06-18 14:13:31 - [TEST_STEP][PASSED] - Statement - actualList.add(i, availableStoreList.get(i).getText()): null

2018-06-18 14:13:31 - [TEST_STEP][PASSED] - Statement - actualList.add(i, availableStoreList.get(i).getText()): null

2018-06-18 14:13:31 - [TEST_STEP][PASSED] - Statement - actualList.add(i, availableStoreList.get(i).getText()): null

2018-06-18 14:13:31 - [TEST_STEP][PASSED] - Statement - actualList.add(i, availableStoreList.get(i).getText()): null

2018-06-18 14:13:31 - [TEST_STEP][PASSED] - Statement - actualList.add(i, availableStoreList.get(i).getText()): null

2018-06-18 14:13:31 - [TEST_STEP][PASSED] - Statement - actualList.add(i, availableStoreList.get(i).getText()): null

2018-06-18 14:13:31 - [TEST_STEP][PASSED] - Statement - actualList.add(i, availableStoreList.get(i).getText()): null

2018-06-18 14:13:31 - [TEST_STEP][PASSED] - Statement - actualList.add(i, availableStoreList.get(i).getText()): null

2018-06-18 14:13:31 - [TEST_STEP][PASSED] - Statement - actualList.add(i, availableStoreList.get(i).getText()): null

2018-06-18 14:13:31 - [TEST_STEP][PASSED] - Statement - actualList.add(i, availableStoreList.get(i).getText()): null

2018-06-18 14:13:31 - [TEST_STEP][PASSED] - Statement - actualList.add(i, availableStoreList.get(i).getText()): null

2018-06-18 14:13:31 - [TEST_STEP][PASSED] - Statement - actualList.add(i, availableStoreList.get(i).getText()): null

2018-06-18 14:13:31 - [TEST_STEP][PASSED] - Statement - actualList.add(i, availableStoreList.get(i).getText()): null

2018-06-18 14:13:31 - [TEST_STEP][PASSED] - Statement - actualList.add(i, availableStoreList.get(i).getText()): null

2018-06-18 14:13:31 - [TEST_STEP][PASSED] - Statement - actualList.add(i, availableStoreList.get(i).getText()): null

2018-06-18 14:13:31 - [TEST_STEP][PASSED] - Statement - actualList.add(i, availableStoreList.get(i).getText()): null

2018-06-18 14:13:31 - [TEST_STEP][PASSED] - Statement - actualList.add(i, availableStoreList.get(i).getText()): null

2018-06-18 14:13:31 - [TEST_STEP][PASSED] - Statement - actualList.add(i, availableStoreList.get(i).getText()): null

2018-06-18 14:13:31 - [TEST_STEP][PASSED] - Statement - actualList.add(i, availableStoreList.get(i).getText()): null

2018-06-18 14:13:31 - [TEST_STEP][PASSED] - Statement - actualList.add(i, availableStoreList.get(i).getText()): null

2018-06-18 14:13:31 - [TEST_STEP][PASSED] - Statement - actualList.add(i, availableStoreList.get(i).getText()): null

2018-06-18 14:13:31 - [TEST_STEP][PASSED] - Statement - actualList.add(i, availableStoreList.get(i).getText()): null

2018-06-18 14:13:31 - [TEST_STEP][PASSED] - Statement - actualList.add(i, availableStoreList.get(i).getText()): null

2018-06-18 14:13:31 - [TEST_STEP][PASSED] - Statement - actualList.add(i, availableStoreList.get(i).getText()): null

2018-06-18 14:13:31 - [TEST_STEP][PASSED] - Statement - actualList.add(i, availableStoreList.get(i).getText()): null

2018-06-18 14:13:31 - [TEST_STEP][PASSED] - Statement - actualList.add(i, availableStoreList.get(i).getText()): null

2018-06-18 14:13:31 - [TEST_STEP][PASSED] - Statement - actualList.add(i, availableStoreList.get(i).getText()): null

2018-06-18 14:13:31 - [TEST_STEP][PASSED] - Statement - actualList.add(i, availableStoreList.get(i).getText()): null

2018-06-18 14:13:31 - [TEST_STEP][PASSED] - Statement - actualList.add(i, availableStoreList.get(i).getText()): null

2018-06-18 14:13:31 - [TEST_STEP][PASSED] - Statement - actualList.add(i, availableStoreList.get(i).getText()): null

2018-06-18 14:13:31 - [TEST_STEP][PASSED] - Statement - actualList.add(i, availableStoreList.get(i).getText()): null

2018-06-18 14:13:31 - [TEST_STEP][PASSED] - Statement - actualList.add(i, availableStoreList.get(i).getText()): null

2018-06-18 14:13:31 - [TEST_STEP][PASSED] - Statement - actualList.add(i, availableStoreList.get(i).getText()): null

2018-06-18 14:13:31 - [TEST_STEP][PASSED] - Statement - actualList.add(i, availableStoreList.get(i).getText()): null

2018-06-18 14:13:31 - [TEST_STEP][PASSED] - Statement - actualList.add(i, availableStoreList.get(i).getText()): null

2018-06-18 14:13:31 - [TEST_STEP][PASSED] - Statement - actualList.add(i, availableStoreList.get(i).getText()): null

2018-06-18 14:13:31 - [TEST_STEP][PASSED] - Statement - actualList.add(i, availableStoreList.get(i).getText()): null

2018-06-18 14:13:32 - [TEST_STEP][PASSED] - Statement - actualList.add(i, availableStoreList.get(i).getText()): null

2018-06-18 14:13:32 - [TEST_STEP][PASSED] - Statement - actualList.add(i, availableStoreList.get(i).getText()): null

2018-06-18 14:13:32 - [TEST_STEP][PASSED] - Statement - actualList.add(i, availableStoreList.get(i).getText()): null

2018-06-18 14:13:32 - [TEST_STEP][PASSED] - Statement - actualList.add(i, availableStoreList.get(i).getText()): null

2018-06-18 14:13:32 - [TEST_STEP][PASSED] - Statement - actualList.add(i, availableStoreList.get(i).getText()): null

2018-06-18 14:13:32 - [TEST_STEP][PASSED] - Statement - actualList.add(i, availableStoreList.get(i).getText()): null

2018-06-18 14:13:32 - [TEST_STEP][PASSED] - Statement - actualList.add(i, availableStoreList.get(i).getText()): null

2018-06-18 14:13:32 - [TEST_STEP][PASSED] - Statement - actualList.add(i, availableStoreList.get(i).getText()): null

2018-06-18 14:13:32 - [TEST_STEP][PASSED] - Statement - actualList.add(i, availableStoreList.get(i).getText()): null

2018-06-18 14:13:32 - [TEST_STEP][PASSED] - Statement - actualList.add(i, availableStoreList.get(i).getText()): null

2018-06-18 14:13:32 - [TEST_STEP][PASSED] - Statement - actualList.add(i, availableStoreList.get(i).getText()): null

2018-06-18 14:13:32 - [TEST_STEP][PASSED] - Statement - actualList.add(i, availableStoreList.get(i).getText()): null

2018-06-18 14:13:32 - [TEST_STEP][PASSED] - Statement - actualList.add(i, availableStoreList.get(i).getText()): null

2018-06-18 14:13:32 - [TEST_STEP][PASSED] - Statement - actualList.add(i, availableStoreList.get(i).getText()): null

2018-06-18 14:13:32 - [TEST_STEP][PASSED] - Statement - actualList.add(i, availableStoreList.get(i).getText()): null

2018-06-18 14:13:32 - [TEST_STEP][PASSED] - Statement - actualList.add(i, availableStoreList.get(i).getText()): null

2018-06-18 14:13:32 - [TEST_STEP][PASSED] - Statement - actualList.add(i, availableStoreList.get(i).getText()): null

2018-06-18 14:13:32 - [TEST_STEP][PASSED] - Statement - actualList.add(i, availableStoreList.get(i).getText()): null

2018-06-18 14:13:32 - [TEST_STEP][PASSED] - Statement - actualList.add(i, availableStoreList.get(i).getText()): null

2018-06-18 14:13:32 - [TEST_STEP][PASSED] - Statement - actualList.add(i, availableStoreList.get(i).getText()): null

2018-06-18 14:13:32 - [TEST_STEP][PASSED] - Statement - actualList.add(i, availableStoreList.get(i).getText()): null

2018-06-18 14:13:32 - [TEST_STEP][PASSED] - Statement - actualList.add(i, availableStoreList.get(i).getText()): null

2018-06-18 14:13:32 - [TEST_STEP][PASSED] - Statement - actualList.add(i, availableStoreList.get(i).getText()): null

2018-06-18 14:13:32 - [TEST_STEP][PASSED] - Statement - actualList.add(i, availableStoreList.get(i).getText()): null

2018-06-18 14:13:32 - [TEST_STEP][PASSED] - Statement - actualList.add(i, availableStoreList.get(i).getText()): null

2018-06-18 14:13:32 - [TEST_STEP][PASSED] - Statement - actualList.add(i, availableStoreList.get(i).getText()): null

2018-06-18 14:13:32 - [TEST_STEP][PASSED] - Statement - actualList.add(i, availableStoreList.get(i).getText()): null

2018-06-18 14:13:32 - [TEST_STEP][PASSED] - Statement - actualList.add(i, availableStoreList.get(i).getText()): null

2018-06-18 14:13:32 - [TEST_STEP][PASSED] - Statement - actualList.add(i, availableStoreList.get(i).getText()): null

2018-06-18 14:13:32 - [TEST_STEP][PASSED] - Statement - actualList.add(i, availableStoreList.get(i).getText()): null

2018-06-18 14:13:32 - [TEST_STEP][PASSED] - Statement - out.println(actualList): null

2018-06-18 14:13:32 - [TEST_STEP][PASSED] - Statement - If (actualList.containsAll(listOfStores)): null

2018-06-18 14:13:32 - [TEST_STEP][PASSED] - Statement - println("Actual list contains the required stores or groups"): null

2018-06-18 14:13:32 - [TEST_STEP][PASSED] - uiaction.CommonUIActions.click: uiaction.CommonUIActions.click is PASSED

2018-06-18 14:13:32 - [MESSAGE][PASSED] - uiaction.CommonUIActions.click is PASSED

2018-06-18 14:13:32 - [TEST_STEP][PASSED] - uiaction.CommonUIActions.click: uiaction.CommonUIActions.click is PASSED

2018-06-18 14:13:32 - [MESSAGE][PASSED] - uiaction.CommonUIActions.click is PASSED

2018-06-18 14:13:32 - [TEST_STEP][PASSED] - uiaction.CommonUIActions.back: uiaction.CommonUIActions.back is PASSED

2018-06-18 14:13:32 - [MESSAGE][PASSED] - Navigate back successfully

2018-06-18 14:13:32 - [MESSAGE][PASSED] - uiaction.CommonUIActions.back is PASSED

2018-06-18 14:13:32 - [TEST_STEP][PASSED] - delay: Delayed 5 second(s)

2018-06-18 14:13:37 - [MESSAGE][PASSED] - Delayed 5 second(s)

2018-06-18 14:13:37 - [TEST_STEP][PASSED] - uiaction.CommonUIActions.back: uiaction.CommonUIActions.back is PASSED

2018-06-18 14:13:37 - [MESSAGE][PASSED] - Navigate back successfully

2018-06-18 14:13:37 - [MESSAGE][PASSED] - uiaction.CommonUIActions.back is PASSED

2018-06-18 14:13:37 - [TEST_STEP][PASSED] - delay: Delayed 5 second(s)

2018-06-18 14:13:42 - [MESSAGE][PASSED] - Delayed 5 second(s)

2018-06-18 14:13:42 - [TEST_STEP][PASSED] - uiaction.CommonUIActions.click: uiaction.CommonUIActions.click is PASSED

2018-06-18 14:13:42 - [MESSAGE][PASSED] - uiaction.CommonUIActions.click is PASSED

2018-06-18 14:13:42 - [TEST_STEP][PASSED] - uiaction.CommonUIActions.click: uiaction.CommonUIActions.click is PASSED

2018-06-18 14:13:42 - [MESSAGE][PASSED] - uiaction.CommonUIActions.click is PASSED

2018-06-18 14:13:42 - [TEST_STEP][PASSED] - uiaction.CommonUIActions.click: uiaction.CommonUIActions.click is PASSED

2018-06-18 14:13:42 - [MESSAGE][PASSED] - uiaction.CommonUIActions.click is PASSED

2018-06-18 14:13:42 - [TEST_STEP][PASSED] - uiaction.CommonUIActions.back: uiaction.CommonUIActions.back is PASSED

2018-06-18 14:13:42 - [MESSAGE][PASSED] - Navigate back successfully

2018-06-18 14:13:42 - [MESSAGE][PASSED] - uiaction.CommonUIActions.back is PASSED

2018-06-18 14:13:42 - [TEST_STEP][PASSED] - delay: Delayed 5 second(s)

2018-06-18 14:13:47 - [MESSAGE][PASSED] - Delayed 5 second(s)

2018-06-18 14:13:47 - [TEST_STEP][PASSED] - uiaction.CommonUIActions.back: uiaction.CommonUIActions.back is PASSED

2018-06-18 14:13:47 - [MESSAGE][PASSED] - Navigate back successfully

2018-06-18 14:13:47 - [MESSAGE][PASSED] - uiaction.CommonUIActions.back is PASSED

2018-06-18 14:13:47 - [TEST_STEP][PASSED] - delay: Delayed 5 second(s)

2018-06-18 14:13:52 - [MESSAGE][PASSED] - Delayed 5 second(s)

2018-06-18 14:13:52 - [TEST_STEP][PASSED] - uiaction.CommonUIActions.click: uiaction.CommonUIActions.click is PASSED

2018-06-18 14:13:52 - [MESSAGE][PASSED] - uiaction.CommonUIActions.click is PASSED

2018-06-18 14:13:52 - [TEST_STEP][PASSED] - delay: Delayed 10 second(s)

2018-06-18 14:14:02 - [MESSAGE][PASSED] - Delayed 10 second(s)

2018-06-18 14:14:02 - [TEST_STEP][PASSED] - Statement - StoresCBList = driver.findElements(org.openqa.selenium.By.xpath(com.kms.katalon.core.testdata.TestDataFactory.findTestData(OR_file).getValue(2, 12))): Reading excel file with source file 'C:\Users\shalinin\Katalon Studio\HME_Scripts\Data Files\HME_OR.xlsx' and sheet name 'Sheet1'

2018-06-18 14:14:03 - [TEST_STEP][PASSED] - Statement - storesLabel = driver.findElements(org.openqa.selenium.By.xpath(com.kms.katalon.core.testdata.TestDataFactory.findTestData(OR_file).getValue(2, 10))): Reading excel file with source file 'C:\Users\shalinin\Katalon Studio\HME_Scripts\Data Files\HME_OR.xlsx' and sheet name 'Sheet1'

2018-06-18 14:14:03 - [TEST_STEP][PASSED] - Statement - groupStoresList = new java.util.ArrayList(): null

2018-06-18 14:14:03 - [TEST_STEP][PASSED] - Statement - groupStoresList1 = new java.util.ArrayList(): null

2018-06-18 14:14:03 - [TEST_STEP][PASSED] - Statement - out.println(StoresCBList.size()): null

2018-06-18 14:14:03 - [TEST_STEP][PASSED] - delay: Delayed 10 second(s)

2018-06-18 14:14:13 - [MESSAGE][PASSED] - Delayed 10 second(s)

2018-06-18 14:14:13 - [TEST_STEP][PASSED] - Statement - For ([i = 0, i < StoresCBList.size(), (i++)]): null

2018-06-18 14:14:13 - [TEST_STEP][PASSED] - Statement - groupStoresList[i] = storesLabel.get(i).getText(): null

2018-06-18 14:14:13 - [TEST_STEP][PASSED] - Statement - StoresCBList.get(i).click(): null

2018-06-18 14:14:13 - [TEST_STEP][PASSED] - Statement - groupStoresList[i] = storesLabel.get(i).getText(): null

2018-06-18 14:14:13 - [TEST_STEP][PASSED] - Statement - StoresCBList.get(i).click(): null

2018-06-18 14:14:13 - [TEST_STEP][PASSED] - Statement - groupStoresList[i] = storesLabel.get(i).getText(): null

2018-06-18 14:14:13 - [TEST_STEP][PASSED] - Statement - StoresCBList.get(i).click(): null

2018-06-18 14:14:13 - [TEST_STEP][PASSED] - Statement - groupStoresList[i] = storesLabel.get(i).getText(): null

2018-06-18 14:14:13 - [TEST_STEP][PASSED] - Statement - StoresCBList.get(i).click(): null

2018-06-18 14:14:13 - [TEST_STEP][PASSED] - Statement - groupStoresList[i] = storesLabel.get(i).getText(): null

2018-06-18 14:14:13 - [TEST_STEP][PASSED] - Statement - StoresCBList.get(i).click(): null

2018-06-18 14:14:13 - [TEST_STEP][PASSED] - Statement - groupStoresList[i] = storesLabel.get(i).getText(): null

2018-06-18 14:14:13 - [TEST_STEP][PASSED] - Statement - StoresCBList.get(i).click(): null

2018-06-18 14:14:13 - [TEST_STEP][PASSED] - Statement - groupStoresList[i] = storesLabel.get(i).getText(): null

2018-06-18 14:14:13 - [TEST_STEP][PASSED] - Statement - StoresCBList.get(i).click(): null

2018-06-18 14:14:13 - [TEST_STEP][PASSED] - Statement - groupStoresList[i] = storesLabel.get(i).getText(): null

2018-06-18 14:14:13 - [TEST_STEP][PASSED] - Statement - StoresCBList.get(i).click(): null

2018-06-18 14:14:13 - [TEST_STEP][PASSED] - Statement - groupStoresList[i] = storesLabel.get(i).getText(): null

2018-06-18 14:14:13 - [TEST_STEP][PASSED] - Statement - StoresCBList.get(i).click(): null

2018-06-18 14:14:13 - [TEST_STEP][PASSED] - Statement - groupStoresList[i] = storesLabel.get(i).getText(): null

2018-06-18 14:14:13 - [TEST_STEP][PASSED] - Statement - StoresCBList.get(i).click(): null

2018-06-18 14:14:13 - [TEST_STEP][PASSED] - Statement - groupStoresList[i] = storesLabel.get(i).getText(): null

2018-06-18 14:14:13 - [TEST_STEP][PASSED] - Statement - StoresCBList.get(i).click(): null

2018-06-18 14:14:13 - [TEST_STEP][PASSED] - Statement - groupStoresList[i] = storesLabel.get(i).getText(): null

2018-06-18 14:14:13 - [TEST_STEP][PASSED] - Statement - StoresCBList.get(i).click(): null

2018-06-18 14:14:13 - [TEST_STEP][PASSED] - Statement - groupStoresList[i] = storesLabel.get(i).getText(): null

2018-06-18 14:14:13 - [TEST_STEP][PASSED] - Statement - StoresCBList.get(i).click(): null

2018-06-18 14:14:13 - [TEST_STEP][PASSED] - Statement - groupStoresList[i] = storesLabel.get(i).getText(): null

2018-06-18 14:14:13 - [TEST_STEP][PASSED] - Statement - StoresCBList.get(i).click(): null

2018-06-18 14:14:13 - [TEST_STEP][PASSED] - Statement - groupStoresList[i] = storesLabel.get(i).getText(): null

2018-06-18 14:14:13 - [TEST_STEP][PASSED] - Statement - StoresCBList.get(i).click(): null

2018-06-18 14:14:14 - [TEST_STEP][PASSED] - Statement - groupStoresList[i] = storesLabel.get(i).getText(): null

2018-06-18 14:14:14 - [TEST_STEP][PASSED] - Statement - StoresCBList.get(i).click(): null

2018-06-18 14:14:14 - [TEST_STEP][PASSED] - Statement - groupStoresList[i] = storesLabel.get(i).getText(): null

2018-06-18 14:14:14 - [TEST_STEP][PASSED] - Statement - StoresCBList.get(i).click(): null

2018-06-18 14:14:14 - [TEST_STEP][PASSED] - Statement - groupStoresList[i] = storesLabel.get(i).getText(): null

2018-06-18 14:14:14 - [TEST_STEP][PASSED] - Statement - StoresCBList.get(i).click(): null

2018-06-18 14:14:14 - [TEST_STEP][PASSED] - Statement - groupStoresList[i] = storesLabel.get(i).getText(): null

2018-06-18 14:14:14 - [TEST_STEP][PASSED] - Statement - StoresCBList.get(i).click(): null

2018-06-18 14:14:14 - [TEST_STEP][PASSED] - Statement - groupStoresList[i] = storesLabel.get(i).getText(): null

2018-06-18 14:14:14 - [TEST_STEP][PASSED] - Statement - StoresCBList.get(i).click(): null

2018-06-18 14:14:14 - [TEST_STEP][PASSED] - Statement - groupStoresList[i] = storesLabel.get(i).getText(): null

2018-06-18 14:14:14 - [TEST_STEP][PASSED] - Statement - StoresCBList.get(i).click(): null

2018-06-18 14:14:14 - [TEST_STEP][PASSED] - Statement - groupStoresList[i] = storesLabel.get(i).getText(): null

2018-06-18 14:14:14 - [TEST_STEP][PASSED] - Statement - StoresCBList.get(i).click(): null

2018-06-18 14:14:14 - [TEST_STEP][PASSED] - Statement - groupStoresList[i] = storesLabel.get(i).getText(): null

2018-06-18 14:14:14 - [TEST_STEP][PASSED] - Statement - StoresCBList.get(i).click(): null

2018-06-18 14:14:14 - [TEST_STEP][PASSED] - Statement - groupStoresList[i] = storesLabel.get(i).getText(): null

2018-06-18 14:14:14 - [TEST_STEP][PASSED] - Statement - StoresCBList.get(i).click(): null

2018-06-18 14:14:14 - [TEST_STEP][PASSED] - Statement - groupStoresList[i] = storesLabel.get(i).getText(): null

2018-06-18 14:14:14 - [TEST_STEP][PASSED] - Statement - StoresCBList.get(i).click(): null

2018-06-18 14:14:14 - [TEST_STEP][PASSED] - Statement - groupStoresList[i] = storesLabel.get(i).getText(): null

2018-06-18 14:14:14 - [TEST_STEP][PASSED] - Statement - StoresCBList.get(i).click(): null

2018-06-18 14:14:14 - [TEST_STEP][PASSED] - Statement - groupStoresList[i] = storesLabel.get(i).getText(): null

2018-06-18 14:14:14 - [TEST_STEP][PASSED] - Statement - StoresCBList.get(i).click(): null

2018-06-18 14:14:14 - [TEST_STEP][PASSED] - Statement - groupStoresList[i] = storesLabel.get(i).getText(): null

2018-06-18 14:14:14 - [TEST_STEP][PASSED] - Statement - StoresCBList.get(i).click(): null

2018-06-18 14:14:14 - [TEST_STEP][PASSED] - Statement - groupStoresList[i] = storesLabel.get(i).getText(): null

2018-06-18 14:14:14 - [TEST_STEP][PASSED] - Statement - StoresCBList.get(i).click(): null

2018-06-18 14:14:14 - [TEST_STEP][PASSED] - Statement - groupStoresList[i] = storesLabel.get(i).getText(): null

2018-06-18 14:14:14 - [TEST_STEP][PASSED] - Statement - StoresCBList.get(i).click(): null

2018-06-18 14:14:14 - [TEST_STEP][PASSED] - Statement - groupStoresList[i] = storesLabel.get(i).getText(): null

2018-06-18 14:14:15 - [TEST_STEP][PASSED] - Statement - StoresCBList.get(i).click(): null

2018-06-18 14:14:15 - [TEST_STEP][PASSED] - Statement - groupStoresList[i] = storesLabel.get(i).getText(): null

2018-06-18 14:14:15 - [TEST_STEP][PASSED] - Statement - StoresCBList.get(i).click(): null

2018-06-18 14:14:15 - [TEST_STEP][PASSED] - Statement - groupStoresList[i] = storesLabel.get(i).getText(): null

2018-06-18 14:14:15 - [TEST_STEP][PASSED] - Statement - StoresCBList.get(i).click(): null

2018-06-18 14:14:15 - [TEST_STEP][PASSED] - Statement - groupStoresList[i] = storesLabel.get(i).getText(): null

2018-06-18 14:14:15 - [TEST_STEP][PASSED] - Statement - StoresCBList.get(i).click(): null

2018-06-18 14:14:15 - [TEST_STEP][PASSED] - Statement - groupStoresList[i] = storesLabel.get(i).getText(): null

2018-06-18 14:14:15 - [TEST_STEP][PASSED] - Statement - StoresCBList.get(i).click(): null

2018-06-18 14:14:15 - [TEST_STEP][PASSED] - Statement - groupStoresList[i] = storesLabel.get(i).getText(): null

2018-06-18 14:14:15 - [TEST_STEP][PASSED] - Statement - StoresCBList.get(i).click(): null

2018-06-18 14:14:15 - [TEST_STEP][PASSED] - Statement - groupStoresList[i] = storesLabel.get(i).getText(): null

2018-06-18 14:14:15 - [TEST_STEP][PASSED] - Statement - StoresCBList.get(i).click(): null

2018-06-18 14:14:15 - [TEST_STEP][PASSED] - Statement - groupStoresList[i] = storesLabel.get(i).getText(): null

2018-06-18 14:14:15 - [TEST_STEP][PASSED] - Statement - StoresCBList.get(i).click(): null

2018-06-18 14:14:15 - [TEST_STEP][PASSED] - Statement - groupStoresList[i] = storesLabel.get(i).getText(): null

2018-06-18 14:14:15 - [TEST_STEP][PASSED] - Statement - StoresCBList.get(i).click(): null

2018-06-18 14:14:15 - [TEST_STEP][PASSED] - Statement - groupStoresList[i] = storesLabel.get(i).getText(): null

2018-06-18 14:14:15 - [TEST_STEP][PASSED] - Statement - StoresCBList.get(i).click(): null

2018-06-18 14:14:15 - [TEST_STEP][PASSED] - Statement - groupStoresList[i] = storesLabel.get(i).getText(): null

2018-06-18 14:14:15 - [TEST_STEP][PASSED] - Statement - StoresCBList.get(i).click(): null

2018-06-18 14:14:15 - [TEST_STEP][PASSED] - Statement - groupStoresList[i] = storesLabel.get(i).getText(): null

2018-06-18 14:14:15 - [TEST_STEP][PASSED] - Statement - StoresCBList.get(i).click(): null

2018-06-18 14:14:15 - [TEST_STEP][PASSED] - Statement - groupStoresList[i] = storesLabel.get(i).getText(): null

2018-06-18 14:14:15 - [TEST_STEP][PASSED] - Statement - StoresCBList.get(i).click(): null

2018-06-18 14:14:15 - [TEST_STEP][PASSED] - Statement - groupStoresList[i] = storesLabel.get(i).getText(): null

2018-06-18 14:14:15 - [TEST_STEP][PASSED] - Statement - StoresCBList.get(i).click(): null

2018-06-18 14:14:15 - [TEST_STEP][PASSED] - Statement - groupStoresList[i] = storesLabel.get(i).getText(): null

2018-06-18 14:14:15 - [TEST_STEP][PASSED] - Statement - StoresCBList.get(i).click(): null

2018-06-18 14:14:16 - [TEST_STEP][PASSED] - Statement - groupStoresList[i] = storesLabel.get(i).getText(): null

2018-06-18 14:14:16 - [TEST_STEP][PASSED] - Statement - StoresCBList.get(i).click(): null

2018-06-18 14:14:16 - [TEST_STEP][PASSED] - Statement - groupStoresList[i] = storesLabel.get(i).getText(): null

2018-06-18 14:14:16 - [TEST_STEP][PASSED] - Statement - StoresCBList.get(i).click(): null

2018-06-18 14:14:16 - [TEST_STEP][PASSED] - Statement - groupStoresList[i] = storesLabel.get(i).getText(): null

2018-06-18 14:14:16 - [TEST_STEP][PASSED] - Statement - StoresCBList.get(i).click(): null

2018-06-18 14:14:16 - [TEST_STEP][PASSED] - Statement - groupStoresList[i] = storesLabel.get(i).getText(): null

2018-06-18 14:14:16 - [TEST_STEP][PASSED] - Statement - StoresCBList.get(i).click(): null

2018-06-18 14:14:16 - [TEST_STEP][PASSED] - Statement - groupStoresList[i] = storesLabel.get(i).getText(): null

2018-06-18 14:14:16 - [TEST_STEP][PASSED] - Statement - StoresCBList.get(i).click(): null

2018-06-18 14:14:16 - [TEST_STEP][PASSED] - Statement - groupStoresList[i] = storesLabel.get(i).getText(): null

2018-06-18 14:14:16 - [TEST_STEP][PASSED] - Statement - StoresCBList.get(i).click(): null

2018-06-18 14:14:16 - [TEST_STEP][PASSED] - Statement - groupStoresList[i] = storesLabel.get(i).getText(): null

2018-06-18 14:14:16 - [TEST_STEP][PASSED] - Statement - StoresCBList.get(i).click(): null

2018-06-18 14:14:16 - [TEST_STEP][PASSED] - Statement - groupStoresList[i] = storesLabel.get(i).getText(): null

2018-06-18 14:14:16 - [TEST_STEP][PASSED] - Statement - StoresCBList.get(i).click(): null

2018-06-18 14:14:16 - [TEST_STEP][PASSED] - Statement - groupStoresList[i] = storesLabel.get(i).getText(): null

2018-06-18 14:14:16 - [TEST_STEP][PASSED] - Statement - StoresCBList.get(i).click(): null

2018-06-18 14:14:16 - [TEST_STEP][PASSED] - Statement - groupStoresList[i] = storesLabel.get(i).getText(): null

2018-06-18 14:14:16 - [TEST_STEP][PASSED] - Statement - StoresCBList.get(i).click(): null

2018-06-18 14:14:16 - [TEST_STEP][PASSED] - Statement - groupStoresList[i] = storesLabel.get(i).getText(): null

2018-06-18 14:14:16 - [TEST_STEP][PASSED] - Statement - StoresCBList.get(i).click(): null

2018-06-18 14:14:16 - [TEST_STEP][PASSED] - Statement - groupStoresList[i] = storesLabel.get(i).getText(): null

2018-06-18 14:14:16 - [TEST_STEP][PASSED] - Statement - StoresCBList.get(i).click(): null

2018-06-18 14:14:16 - [TEST_STEP][PASSED] - Statement - groupStoresList[i] = storesLabel.get(i).getText(): null

2018-06-18 14:14:16 - [TEST_STEP][PASSED] - Statement - StoresCBList.get(i).click(): null

2018-06-18 14:14:16 - [TEST_STEP][PASSED] - Statement - groupStoresList[i] = storesLabel.get(i).getText(): null

2018-06-18 14:14:16 - [TEST_STEP][PASSED] - Statement - StoresCBList.get(i).click(): null

2018-06-18 14:14:16 - [TEST_STEP][PASSED] - Statement - groupStoresList[i] = storesLabel.get(i).getText(): null

2018-06-18 14:14:16 - [TEST_STEP][PASSED] - Statement - StoresCBList.get(i).click(): null

2018-06-18 14:14:16 - [TEST_STEP][PASSED] - Statement - groupStoresList[i] = storesLabel.get(i).getText(): null

2018-06-18 14:14:16 - [TEST_STEP][PASSED] - Statement - StoresCBList.get(i).click(): null

2018-06-18 14:14:17 - [TEST_STEP][PASSED] - Statement - groupStoresList[i] = storesLabel.get(i).getText(): null

2018-06-18 14:14:17 - [TEST_STEP][PASSED] - Statement - StoresCBList.get(i).click(): null

2018-06-18 14:14:17 - [TEST_STEP][PASSED] - Statement - groupStoresList[i] = storesLabel.get(i).getText(): null

2018-06-18 14:14:17 - [TEST_STEP][PASSED] - Statement - StoresCBList.get(i).click(): null

2018-06-18 14:14:17 - [TEST_STEP][PASSED] - Statement - groupStoresList[i] = storesLabel.get(i).getText(): null

2018-06-18 14:14:17 - [TEST_STEP][PASSED] - Statement - StoresCBList.get(i).click(): null

2018-06-18 14:14:17 - [TEST_STEP][PASSED] - Statement - groupStoresList[i] = storesLabel.get(i).getText(): null

2018-06-18 14:14:17 - [TEST_STEP][PASSED] - Statement - StoresCBList.get(i).click(): null

2018-06-18 14:14:17 - [TEST_STEP][PASSED] - Statement - groupStoresList[i] = storesLabel.get(i).getText(): null

2018-06-18 14:14:17 - [TEST_STEP][PASSED] - Statement - StoresCBList.get(i).click(): null

2018-06-18 14:14:17 - [TEST_STEP][PASSED] - Statement - groupStoresList[i] = storesLabel.get(i).getText(): null

2018-06-18 14:14:17 - [TEST_STEP][PASSED] - Statement - StoresCBList.get(i).click(): null

2018-06-18 14:14:17 - [TEST_STEP][PASSED] - Statement - groupStoresList[i] = storesLabel.get(i).getText(): null

2018-06-18 14:14:17 - [TEST_STEP][PASSED] - Statement - StoresCBList.get(i).click(): null

2018-06-18 14:14:17 - [TEST_STEP][PASSED] - Statement - groupStoresList[i] = storesLabel.get(i).getText(): null

2018-06-18 14:14:17 - [TEST_STEP][PASSED] - Statement - StoresCBList.get(i).click(): null

2018-06-18 14:14:17 - [TEST_STEP][PASSED] - Statement - groupStoresList[i] = storesLabel.get(i).getText(): null

2018-06-18 14:14:17 - [TEST_STEP][PASSED] - Statement - StoresCBList.get(i).click(): null

2018-06-18 14:14:17 - [TEST_STEP][PASSED] - Statement - groupStoresList[i] = storesLabel.get(i).getText(): null

2018-06-18 14:14:17 - [TEST_STEP][PASSED] - Statement - StoresCBList.get(i).click(): null

2018-06-18 14:14:17 - [TEST_STEP][PASSED] - Statement - groupStoresList[i] = storesLabel.get(i).getText(): null

2018-06-18 14:14:17 - [TEST_STEP][PASSED] - Statement - StoresCBList.get(i).click(): null

2018-06-18 14:14:17 - [TEST_STEP][PASSED] - Statement - groupStoresList[i] = storesLabel.get(i).getText(): null

2018-06-18 14:14:17 - [TEST_STEP][PASSED] - Statement - StoresCBList.get(i).click(): null

2018-06-18 14:14:17 - [TEST_STEP][PASSED] - Statement - groupStoresList[i] = storesLabel.get(i).getText(): null

2018-06-18 14:14:17 - [TEST_STEP][PASSED] - Statement - StoresCBList.get(i).click(): null

2018-06-18 14:14:17 - [TEST_STEP][PASSED] - Statement - groupStoresList[i] = storesLabel.get(i).getText(): null

2018-06-18 14:14:17 - [TEST_STEP][PASSED] - Statement - StoresCBList.get(i).click(): null

2018-06-18 14:14:17 - [TEST_STEP][PASSED] - Statement - groupStoresList[i] = storesLabel.get(i).getText(): null

2018-06-18 14:14:17 - [TEST_STEP][PASSED] - Statement - StoresCBList.get(i).click(): null

2018-06-18 14:14:17 - [TEST_STEP][PASSED] - Statement - groupStoresList[i] = storesLabel.get(i).getText(): null

2018-06-18 14:14:18 - [TEST_STEP][PASSED] - Statement - StoresCBList.get(i).click(): null

2018-06-18 14:14:18 - [TEST_STEP][PASSED] - Statement - groupStoresList[i] = storesLabel.get(i).getText(): null

2018-06-18 14:14:18 - [TEST_STEP][PASSED] - Statement - StoresCBList.get(i).click(): null

2018-06-18 14:14:18 - [TEST_STEP][PASSED] - Statement - groupStoresList[i] = storesLabel.get(i).getText(): null

2018-06-18 14:14:18 - [TEST_STEP][PASSED] - Statement - StoresCBList.get(i).click(): null

2018-06-18 14:14:18 - [TEST_STEP][PASSED] - Statement - groupStoresList[i] = storesLabel.get(i).getText(): null

2018-06-18 14:14:18 - [TEST_STEP][PASSED] - Statement - StoresCBList.get(i).click(): null

2018-06-18 14:14:18 - [TEST_STEP][PASSED] - Statement - groupStoresList[i] = storesLabel.get(i).getText(): null

2018-06-18 14:14:18 - [TEST_STEP][PASSED] - Statement - StoresCBList.get(i).click(): null

2018-06-18 14:14:18 - [TEST_STEP][PASSED] - Statement - groupStoresList[i] = storesLabel.get(i).getText(): null

2018-06-18 14:14:18 - [TEST_STEP][PASSED] - Statement - StoresCBList.get(i).click(): null

2018-06-18 14:14:18 - [TEST_STEP][PASSED] - Statement - groupStoresList[i] = storesLabel.get(i).getText(): null

2018-06-18 14:14:18 - [TEST_STEP][PASSED] - Statement - StoresCBList.get(i).click(): null

2018-06-18 14:14:18 - [TEST_STEP][PASSED] - Statement - groupStoresList[i] = storesLabel.get(i).getText(): null

2018-06-18 14:14:18 - [TEST_STEP][PASSED] - Statement - StoresCBList.get(i).click(): null

2018-06-18 14:14:18 - [TEST_STEP][PASSED] - Statement - groupStoresList[i] = storesLabel.get(i).getText(): null

2018-06-18 14:14:18 - [TEST_STEP][PASSED] - Statement - StoresCBList.get(i).click(): null

2018-06-18 14:14:18 - [TEST_STEP][PASSED] - Statement - groupStoresList[i] = storesLabel.get(i).getText(): null

2018-06-18 14:14:18 - [TEST_STEP][PASSED] - Statement - StoresCBList.get(i).click(): null

2018-06-18 14:14:18 - [TEST_STEP][PASSED] - Statement - groupStoresList[i] = storesLabel.get(i).getText(): null

2018-06-18 14:14:18 - [TEST_STEP][PASSED] - Statement - StoresCBList.get(i).click(): null

2018-06-18 14:14:18 - [TEST_STEP][PASSED] - Statement - groupStoresList[i] = storesLabel.get(i).getText(): null

2018-06-18 14:14:18 - [TEST_STEP][PASSED] - Statement - StoresCBList.get(i).click(): null

2018-06-18 14:14:18 - [TEST_STEP][PASSED] - Statement - groupStoresList[i] = storesLabel.get(i).getText(): null

2018-06-18 14:14:18 - [TEST_STEP][PASSED] - Statement - StoresCBList.get(i).click(): null

2018-06-18 14:14:18 - [TEST_STEP][PASSED] - Statement - groupStoresList[i] = storesLabel.get(i).getText(): null

2018-06-18 14:14:18 - [TEST_STEP][PASSED] - Statement - StoresCBList.get(i).click(): null

2018-06-18 14:14:18 - [TEST_STEP][PASSED] - Statement - groupStoresList[i] = storesLabel.get(i).getText(): null

2018-06-18 14:14:18 - [TEST_STEP][PASSED] - Statement - StoresCBList.get(i).click(): null

2018-06-18 14:14:19 - [TEST_STEP][PASSED] - Statement - groupStoresList[i] = storesLabel.get(i).getText(): null

2018-06-18 14:14:19 - [TEST_STEP][PASSED] - Statement - StoresCBList.get(i).click(): null

2018-06-18 14:14:19 - [TEST_STEP][PASSED] - Statement - groupStoresList[i] = storesLabel.get(i).getText(): null

2018-06-18 14:14:19 - [TEST_STEP][PASSED] - Statement - StoresCBList.get(i).click(): null

2018-06-18 14:14:19 - [TEST_STEP][PASSED] - Statement - groupStoresList[i] = storesLabel.get(i).getText(): null

2018-06-18 14:14:19 - [TEST_STEP][PASSED] - Statement - StoresCBList.get(i).click(): null

2018-06-18 14:14:19 - [TEST_STEP][PASSED] - Statement - groupStoresList[i] = storesLabel.get(i).getText(): null

2018-06-18 14:14:19 - [TEST_STEP][PASSED] - Statement - StoresCBList.get(i).click(): null

2018-06-18 14:14:19 - [TEST_STEP][PASSED] - Statement - groupStoresList[i] = storesLabel.get(i).getText(): null

2018-06-18 14:14:19 - [TEST_STEP][PASSED] - Statement - StoresCBList.get(i).click(): null

2018-06-18 14:14:19 - [TEST_STEP][PASSED] - Statement - groupStoresList[i] = storesLabel.get(i).getText(): null

2018-06-18 14:14:19 - [TEST_STEP][PASSED] - Statement - StoresCBList.get(i).click(): null

2018-06-18 14:14:19 - [TEST_STEP][PASSED] - Statement - groupStoresList[i] = storesLabel.get(i).getText(): null

2018-06-18 14:14:19 - [TEST_STEP][PASSED] - Statement - StoresCBList.get(i).click(): null

2018-06-18 14:14:19 - [TEST_STEP][PASSED] - Statement - groupStoresList[i] = storesLabel.get(i).getText(): null

2018-06-18 14:14:19 - [TEST_STEP][PASSED] - Statement - StoresCBList.get(i).click(): null

2018-06-18 14:14:19 - [TEST_STEP][PASSED] - Statement - groupStoresList[i] = storesLabel.get(i).getText(): null

2018-06-18 14:14:19 - [TEST_STEP][PASSED] - Statement - StoresCBList.get(i).click(): null

2018-06-18 14:14:19 - [TEST_STEP][PASSED] - Statement - groupStoresList[i] = storesLabel.get(i).getText(): null

2018-06-18 14:14:19 - [TEST_STEP][PASSED] - Statement - StoresCBList.get(i).click(): null

2018-06-18 14:14:19 - [TEST_STEP][PASSED] - Statement - groupStoresList[i] = storesLabel.get(i).getText(): null

2018-06-18 14:14:19 - [TEST_STEP][PASSED] - Statement - StoresCBList.get(i).click(): null

2018-06-18 14:14:19 - [TEST_STEP][PASSED] - Statement - groupStoresList[i] = storesLabel.get(i).getText(): null

2018-06-18 14:14:19 - [TEST_STEP][PASSED] - Statement - StoresCBList.get(i).click(): null

2018-06-18 14:14:19 - [TEST_STEP][PASSED] - Statement - groupStoresList[i] = storesLabel.get(i).getText(): null

2018-06-18 14:14:19 - [TEST_STEP][PASSED] - Statement - StoresCBList.get(i).click(): null

2018-06-18 14:14:19 - [TEST_STEP][PASSED] - Statement - groupStoresList[i] = storesLabel.get(i).getText(): null

2018-06-18 14:14:19 - [TEST_STEP][PASSED] - Statement - StoresCBList.get(i).click(): null

2018-06-18 14:14:19 - [TEST_STEP][PASSED] - Statement - groupStoresList[i] = storesLabel.get(i).getText(): null

2018-06-18 14:14:19 - [TEST_STEP][PASSED] - Statement - StoresCBList.get(i).click(): null

2018-06-18 14:14:19 - [TEST_STEP][PASSED] - Statement - groupStoresList[i] = storesLabel.get(i).getText(): null

2018-06-18 14:14:20 - [TEST_STEP][PASSED] - Statement - StoresCBList.get(i).click(): null

2018-06-18 14:14:20 - [TEST_STEP][PASSED] - Statement - groupStoresList[i] = storesLabel.get(i).getText(): null

2018-06-18 14:14:20 - [TEST_STEP][PASSED] - Statement - StoresCBList.get(i).click(): null

2018-06-18 14:14:20 - [TEST_STEP][PASSED] - Statement - groupStoresList[i] = storesLabel.get(i).getText(): null

2018-06-18 14:14:20 - [TEST_STEP][PASSED] - Statement - StoresCBList.get(i).click(): null

2018-06-18 14:14:20 - [TEST_STEP][PASSED] - Statement - groupStoresList[i] = storesLabel.get(i).getText(): null

2018-06-18 14:14:20 - [TEST_STEP][PASSED] - Statement - StoresCBList.get(i).click(): null

2018-06-18 14:14:20 - [TEST_STEP][PASSED] - Statement - groupStoresList[i] = storesLabel.get(i).getText(): null

2018-06-18 14:14:20 - [TEST_STEP][PASSED] - Statement - StoresCBList.get(i).click(): null

2018-06-18 14:14:20 - [TEST_STEP][PASSED] - Statement - groupStoresList[i] = storesLabel.get(i).getText(): null

2018-06-18 14:14:20 - [TEST_STEP][PASSED] - Statement - StoresCBList.get(i).click(): null

2018-06-18 14:14:20 - [TEST_STEP][PASSED] - Statement - groupStoresList[i] = storesLabel.get(i).getText(): null

2018-06-18 14:14:20 - [TEST_STEP][PASSED] - Statement - StoresCBList.get(i).click(): null

2018-06-18 14:14:20 - [TEST_STEP][PASSED] - Statement - groupStoresList[i] = storesLabel.get(i).getText(): null

2018-06-18 14:14:20 - [TEST_STEP][PASSED] - Statement - StoresCBList.get(i).click(): null

2018-06-18 14:14:20 - [TEST_STEP][PASSED] - Statement - groupStoresList[i] = storesLabel.get(i).getText(): null

2018-06-18 14:14:20 - [TEST_STEP][PASSED] - Statement - StoresCBList.get(i).click(): null

2018-06-18 14:14:20 - [TEST_STEP][PASSED] - Statement - groupStoresList[i] = storesLabel.get(i).getText(): null

2018-06-18 14:14:20 - [TEST_STEP][PASSED] - Statement - StoresCBList.get(i).click(): null

2018-06-18 14:14:20 - [TEST_STEP][PASSED] - Statement - groupStoresList[i] = storesLabel.get(i).getText(): null

2018-06-18 14:14:20 - [TEST_STEP][PASSED] - Statement - StoresCBList.get(i).click(): null

2018-06-18 14:14:20 - [TEST_STEP][PASSED] - Statement - groupStoresList[i] = storesLabel.get(i).getText(): null

2018-06-18 14:14:20 - [TEST_STEP][PASSED] - Statement - StoresCBList.get(i).click(): null

2018-06-18 14:14:20 - [TEST_STEP][PASSED] - Statement - groupStoresList[i] = storesLabel.get(i).getText(): null

2018-06-18 14:14:20 - [TEST_STEP][PASSED] - Statement - StoresCBList.get(i).click(): null

2018-06-18 14:14:20 - [TEST_STEP][PASSED] - Statement - groupStoresList[i] = storesLabel.get(i).getText(): null

2018-06-18 14:14:20 - [TEST_STEP][PASSED] - Statement - StoresCBList.get(i).click(): null

2018-06-18 14:14:20 - [TEST_STEP][PASSED] - Statement - groupStoresList[i] = storesLabel.get(i).getText(): null

2018-06-18 14:14:20 - [TEST_STEP][PASSED] - Statement - StoresCBList.get(i).click(): null

2018-06-18 14:14:20 - [TEST_STEP][PASSED] - Statement - groupStoresList[i] = storesLabel.get(i).getText(): null

2018-06-18 14:14:21 - [TEST_STEP][PASSED] - Statement - StoresCBList.get(i).click(): null

2018-06-18 14:14:21 - [TEST_STEP][PASSED] - Statement - groupStoresList[i] = storesLabel.get(i).getText(): null

2018-06-18 14:14:21 - [TEST_STEP][PASSED] - Statement - StoresCBList.get(i).click(): null

2018-06-18 14:14:21 - [TEST_STEP][PASSED] - Statement - groupStoresList[i] = storesLabel.get(i).getText(): null

2018-06-18 14:14:21 - [TEST_STEP][PASSED] - Statement - StoresCBList.get(i).click(): null

2018-06-18 14:14:21 - [TEST_STEP][PASSED] - Statement - groupStoresList[i] = storesLabel.get(i).getText(): null

2018-06-18 14:14:21 - [TEST_STEP][PASSED] - Statement - StoresCBList.get(i).click(): null

2018-06-18 14:14:21 - [TEST_STEP][PASSED] - Statement - groupStoresList[i] = storesLabel.get(i).getText(): null

2018-06-18 14:14:21 - [TEST_STEP][PASSED] - Statement - StoresCBList.get(i).click(): null

2018-06-18 14:14:21 - [TEST_STEP][PASSED] - Statement - groupStoresList[i] = storesLabel.get(i).getText(): null

2018-06-18 14:14:21 - [TEST_STEP][PASSED] - Statement - StoresCBList.get(i).click(): null

2018-06-18 14:14:21 - [TEST_STEP][PASSED] - Statement - groupStoresList[i] = storesLabel.get(i).getText(): null

2018-06-18 14:14:21 - [TEST_STEP][PASSED] - Statement - StoresCBList.get(i).click(): null

2018-06-18 14:14:21 - [TEST_STEP][PASSED] - Statement - groupStoresList[i] = storesLabel.get(i).getText(): null

2018-06-18 14:14:21 - [TEST_STEP][PASSED] - Statement - StoresCBList.get(i).click(): null

2018-06-18 14:14:21 - [TEST_STEP][PASSED] - Statement - groupStoresList[i] = storesLabel.get(i).getText(): null

2018-06-18 14:14:21 - [TEST_STEP][PASSED] - Statement - StoresCBList.get(i).click(): null

2018-06-18 14:14:21 - [TEST_STEP][PASSED] - Statement - groupStoresList[i] = storesLabel.get(i).getText(): null

2018-06-18 14:14:21 - [TEST_STEP][PASSED] - Statement - StoresCBList.get(i).click(): null

2018-06-18 14:14:21 - [TEST_STEP][PASSED] - Statement - groupStoresList[i] = storesLabel.get(i).getText(): null

2018-06-18 14:14:21 - [TEST_STEP][PASSED] - Statement - StoresCBList.get(i).click(): null

2018-06-18 14:14:21 - [TEST_STEP][PASSED] - Statement - groupStoresList[i] = storesLabel.get(i).getText(): null

2018-06-18 14:14:21 - [TEST_STEP][PASSED] - Statement - StoresCBList.get(i).click(): null

2018-06-18 14:14:21 - [TEST_STEP][PASSED] - Statement - groupStoresList[i] = storesLabel.get(i).getText(): null

2018-06-18 14:14:21 - [TEST_STEP][PASSED] - Statement - StoresCBList.get(i).click(): null

2018-06-18 14:14:21 - [TEST_STEP][PASSED] - Statement - groupStoresList[i] = storesLabel.get(i).getText(): null

2018-06-18 14:14:21 - [TEST_STEP][PASSED] - Statement - StoresCBList.get(i).click(): null

2018-06-18 14:14:21 - [TEST_STEP][PASSED] - Statement - groupStoresList[i] = storesLabel.get(i).getText(): null

2018-06-18 14:14:21 - [TEST_STEP][PASSED] - Statement - StoresCBList.get(i).click(): null

2018-06-18 14:14:21 - [TEST_STEP][PASSED] - Statement - groupStoresList[i] = storesLabel.get(i).getText(): null

2018-06-18 14:14:22 - [TEST_STEP][PASSED] - Statement - StoresCBList.get(i).click(): null

2018-06-18 14:14:22 - [TEST_STEP][PASSED] - Statement - groupStoresList[i] = storesLabel.get(i).getText(): null

2018-06-18 14:14:22 - [TEST_STEP][PASSED] - Statement - StoresCBList.get(i).click(): null

2018-06-18 14:14:22 - [TEST_STEP][PASSED] - Statement - groupStoresList[i] = storesLabel.get(i).getText(): null

2018-06-18 14:14:22 - [TEST_STEP][PASSED] - Statement - StoresCBList.get(i).click(): null

2018-06-18 14:14:22 - [TEST_STEP][PASSED] - Statement - groupStoresList[i] = storesLabel.get(i).getText(): null

2018-06-18 14:14:22 - [TEST_STEP][PASSED] - Statement - StoresCBList.get(i).click(): null

2018-06-18 14:14:22 - [TEST_STEP][PASSED] - Statement - groupStoresList[i] = storesLabel.get(i).getText(): null

2018-06-18 14:14:22 - [TEST_STEP][PASSED] - Statement - StoresCBList.get(i).click(): null

2018-06-18 14:14:22 - [TEST_STEP][PASSED] - Statement - groupStoresList[i] = storesLabel.get(i).getText(): null

2018-06-18 14:14:22 - [TEST_STEP][PASSED] - Statement - StoresCBList.get(i).click(): null

2018-06-18 14:14:22 - [TEST_STEP][PASSED] - Statement - groupStoresList[i] = storesLabel.get(i).getText(): null

2018-06-18 14:14:22 - [TEST_STEP][PASSED] - Statement - StoresCBList.get(i).click(): null

2018-06-18 14:14:22 - [TEST_STEP][PASSED] - Statement - groupStoresList[i] = storesLabel.get(i).getText(): null

2018-06-18 14:14:22 - [TEST_STEP][PASSED] - Statement - StoresCBList.get(i).click(): null

2018-06-18 14:14:22 - [TEST_STEP][PASSED] - Statement - groupStoresList[i] = storesLabel.get(i).getText(): null

2018-06-18 14:14:22 - [TEST_STEP][PASSED] - Statement - StoresCBList.get(i).click(): null

2018-06-18 14:14:22 - [TEST_STEP][PASSED] - Statement - groupStoresList[i] = storesLabel.get(i).getText(): null

2018-06-18 14:14:22 - [TEST_STEP][PASSED] - Statement - StoresCBList.get(i).click(): null

2018-06-18 14:14:22 - [TEST_STEP][PASSED] - Statement - groupStoresList[i] = storesLabel.get(i).getText(): null

2018-06-18 14:14:22 - [TEST_STEP][PASSED] - Statement - StoresCBList.get(i).click(): null

2018-06-18 14:14:22 - [TEST_STEP][PASSED] - Statement - groupStoresList[i] = storesLabel.get(i).getText(): null

2018-06-18 14:14:22 - [TEST_STEP][PASSED] - Statement - StoresCBList.get(i).click(): null

2018-06-18 14:14:22 - [TEST_STEP][PASSED] - Statement - groupStoresList[i] = storesLabel.get(i).getText(): null

2018-06-18 14:14:22 - [TEST_STEP][PASSED] - Statement - StoresCBList.get(i).click(): null

2018-06-18 14:14:22 - [TEST_STEP][PASSED] - Statement - groupStoresList[i] = storesLabel.get(i).getText(): null

2018-06-18 14:14:22 - [TEST_STEP][PASSED] - Statement - StoresCBList.get(i).click(): null

2018-06-18 14:14:22 - [TEST_STEP][PASSED] - Statement - groupStoresList[i] = storesLabel.get(i).getText(): null

2018-06-18 14:14:22 - [TEST_STEP][PASSED] - Statement - StoresCBList.get(i).click(): null

2018-06-18 14:14:22 - [TEST_STEP][PASSED] - Statement - groupStoresList[i] = storesLabel.get(i).getText(): null

2018-06-18 14:14:23 - [TEST_STEP][PASSED] - Statement - StoresCBList.get(i).click(): null

2018-06-18 14:14:23 - [TEST_STEP][PASSED] - Statement - groupStoresList[i] = storesLabel.get(i).getText(): null

2018-06-18 14:14:23 - [TEST_STEP][PASSED] - Statement - StoresCBList.get(i).click(): null

2018-06-18 14:14:23 - [TEST_STEP][PASSED] - Statement - groupStoresList[i] = storesLabel.get(i).getText(): null

2018-06-18 14:14:23 - [TEST_STEP][PASSED] - Statement - StoresCBList.get(i).click(): null

2018-06-18 14:14:23 - [TEST_STEP][PASSED] - Statement - groupStoresList[i] = storesLabel.get(i).getText(): null

2018-06-18 14:14:23 - [TEST_STEP][PASSED] - Statement - StoresCBList.get(i).click(): null

2018-06-18 14:14:23 - [TEST_STEP][PASSED] - Statement - groupStoresList[i] = storesLabel.get(i).getText(): null

2018-06-18 14:14:23 - [TEST_STEP][PASSED] - Statement - StoresCBList.get(i).click(): null

2018-06-18 14:14:23 - [TEST_STEP][PASSED] - Statement - groupStoresList[i] = storesLabel.get(i).getText(): null

2018-06-18 14:14:23 - [TEST_STEP][PASSED] - Statement - StoresCBList.get(i).click(): null

2018-06-18 14:14:23 - [TEST_STEP][PASSED] - Statement - groupStoresList[i] = storesLabel.get(i).getText(): null

2018-06-18 14:14:23 - [TEST_STEP][PASSED] - Statement - StoresCBList.get(i).click(): null

2018-06-18 14:14:23 - [TEST_STEP][PASSED] - Statement - groupStoresList[i] = storesLabel.get(i).getText(): null

2018-06-18 14:14:23 - [TEST_STEP][PASSED] - Statement - StoresCBList.get(i).click(): null

2018-06-18 14:14:23 - [TEST_STEP][PASSED] - Statement - groupStoresList[i] = storesLabel.get(i).getText(): null

2018-06-18 14:14:23 - [TEST_STEP][PASSED] - Statement - StoresCBList.get(i).click(): null

2018-06-18 14:14:23 - [TEST_STEP][PASSED] - Statement - groupStoresList[i] = storesLabel.get(i).getText(): null

2018-06-18 14:14:23 - [TEST_STEP][PASSED] - Statement - StoresCBList.get(i).click(): null

2018-06-18 14:14:23 - [TEST_STEP][PASSED] - Statement - groupStoresList[i] = storesLabel.get(i).getText(): null

2018-06-18 14:14:23 - [TEST_STEP][PASSED] - Statement - StoresCBList.get(i).click(): null

2018-06-18 14:14:23 - [TEST_STEP][PASSED] - Statement - groupStoresList[i] = storesLabel.get(i).getText(): null

2018-06-18 14:14:23 - [TEST_STEP][PASSED] - Statement - StoresCBList.get(i).click(): null

2018-06-18 14:14:23 - [TEST_STEP][PASSED] - Statement - groupStoresList[i] = storesLabel.get(i).getText(): null

2018-06-18 14:14:23 - [TEST_STEP][PASSED] - Statement - StoresCBList.get(i).click(): null

2018-06-18 14:14:23 - [TEST_STEP][PASSED] - Statement - groupStoresList[i] = storesLabel.get(i).getText(): null

2018-06-18 14:14:23 - [TEST_STEP][PASSED] - Statement - StoresCBList.get(i).click(): null

2018-06-18 14:14:23 - [TEST_STEP][PASSED] - Statement - groupStoresList[i] = storesLabel.get(i).getText(): null

2018-06-18 14:14:23 - [TEST_STEP][PASSED] - Statement - StoresCBList.get(i).click(): null

2018-06-18 14:14:23 - [TEST_STEP][PASSED] - Statement - groupStoresList[i] = storesLabel.get(i).getText(): null

2018-06-18 14:14:24 - [TEST_STEP][PASSED] - Statement - StoresCBList.get(i).click(): null

2018-06-18 14:14:24 - [TEST_STEP][PASSED] - Statement - groupStoresList[i] = storesLabel.get(i).getText(): null

2018-06-18 14:14:24 - [TEST_STEP][PASSED] - Statement - StoresCBList.get(i).click(): null

2018-06-18 14:14:24 - [TEST_STEP][PASSED] - Statement - groupStoresList[i] = storesLabel.get(i).getText(): null

2018-06-18 14:14:24 - [TEST_STEP][PASSED] - Statement - StoresCBList.get(i).click(): null

2018-06-18 14:14:24 - [TEST_STEP][PASSED] - Statement - groupStoresList[i] = storesLabel.get(i).getText(): null

2018-06-18 14:14:24 - [TEST_STEP][PASSED] - Statement - StoresCBList.get(i).click(): null

2018-06-18 14:14:24 - [TEST_STEP][PASSED] - Statement - groupStoresList[i] = storesLabel.get(i).getText(): null

2018-06-18 14:14:24 - [TEST_STEP][PASSED] - Statement - StoresCBList.get(i).click(): null

2018-06-18 14:14:24 - [TEST_STEP][PASSED] - Statement - groupStoresList[i] = storesLabel.get(i).getText(): null

2018-06-18 14:14:24 - [TEST_STEP][PASSED] - Statement - StoresCBList.get(i).click(): null

2018-06-18 14:14:24 - [TEST_STEP][PASSED] - Statement - groupStoresList[i] = storesLabel.get(i).getText(): null

2018-06-18 14:14:24 - [TEST_STEP][PASSED] - Statement - StoresCBList.get(i).click(): null

2018-06-18 14:14:24 - [TEST_STEP][PASSED] - Statement - groupStoresList[i] = storesLabel.get(i).getText(): null

2018-06-18 14:14:24 - [TEST_STEP][PASSED] - Statement - StoresCBList.get(i).click(): null

2018-06-18 14:14:24 - [TEST_STEP][PASSED] - Statement - groupStoresList[i] = storesLabel.get(i).getText(): null

2018-06-18 14:14:24 - [TEST_STEP][PASSED] - Statement - StoresCBList.get(i).click(): null

2018-06-18 14:14:24 - [TEST_STEP][PASSED] - Statement - groupStoresList[i] = storesLabel.get(i).getText(): null

2018-06-18 14:14:24 - [TEST_STEP][PASSED] - Statement - StoresCBList.get(i).click(): null

2018-06-18 14:14:24 - [TEST_STEP][PASSED] - Statement - groupStoresList[i] = storesLabel.get(i).getText(): null

2018-06-18 14:14:24 - [TEST_STEP][PASSED] - Statement - StoresCBList.get(i).click(): null

2018-06-18 14:14:24 - [TEST_STEP][PASSED] - Statement - groupStoresList[i] = storesLabel.get(i).getText(): null

2018-06-18 14:14:24 - [TEST_STEP][PASSED] - Statement - StoresCBList.get(i).click(): null

2018-06-18 14:14:24 - [TEST_STEP][PASSED] - Statement - groupStoresList[i] = storesLabel.get(i).getText(): null

2018-06-18 14:14:24 - [TEST_STEP][PASSED] - Statement - StoresCBList.get(i).click(): null

2018-06-18 14:14:24 - [TEST_STEP][PASSED] - Statement - groupStoresList[i] = storesLabel.get(i).getText(): null

2018-06-18 14:14:24 - [TEST_STEP][PASSED] - Statement - StoresCBList.get(i).click(): null

2018-06-18 14:14:24 - [TEST_STEP][PASSED] - Statement - groupStoresList[i] = storesLabel.get(i).getText(): null

2018-06-18 14:14:24 - [TEST_STEP][PASSED] - Statement - StoresCBList.get(i).click(): null

2018-06-18 14:14:24 - [TEST_STEP][PASSED] - Statement - groupStoresList[i] = storesLabel.get(i).getText(): null

2018-06-18 14:14:25 - [TEST_STEP][PASSED] - Statement - StoresCBList.get(i).click(): null

2018-06-18 14:14:25 - [TEST_STEP][PASSED] - Statement - groupStoresList[i] = storesLabel.get(i).getText(): null

2018-06-18 14:14:25 - [TEST_STEP][PASSED] - Statement - StoresCBList.get(i).click(): null

2018-06-18 14:14:25 - [TEST_STEP][PASSED] - Statement - groupStoresList[i] = storesLabel.get(i).getText(): null

2018-06-18 14:14:25 - [TEST_STEP][PASSED] - Statement - StoresCBList.get(i).click(): null

2018-06-18 14:14:25 - [TEST_STEP][PASSED] - Statement - groupStoresList[i] = storesLabel.get(i).getText(): null

2018-06-18 14:14:25 - [TEST_STEP][PASSED] - Statement - StoresCBList.get(i).click(): null

2018-06-18 14:14:25 - [TEST_STEP][PASSED] - Statement - groupStoresList[i] = storesLabel.get(i).getText(): null

2018-06-18 14:14:25 - [TEST_STEP][PASSED] - Statement - StoresCBList.get(i).click(): null

2018-06-18 14:14:25 - [TEST_STEP][PASSED] - Statement - groupStoresList[i] = storesLabel.get(i).getText(): null

2018-06-18 14:14:25 - [TEST_STEP][PASSED] - Statement - StoresCBList.get(i).click(): null

2018-06-18 14:14:25 - [TEST_STEP][PASSED] - Statement - groupStoresList[i] = storesLabel.get(i).getText(): null

2018-06-18 14:14:25 - [TEST_STEP][PASSED] - Statement - StoresCBList.get(i).click(): null

2018-06-18 14:14:25 - [TEST_STEP][PASSED] - Statement - groupStoresList[i] = storesLabel.get(i).getText(): null

2018-06-18 14:14:25 - [TEST_STEP][PASSED] - Statement - StoresCBList.get(i).click(): null

2018-06-18 14:14:25 - [TEST_STEP][PASSED] - Statement - groupStoresList[i] = storesLabel.get(i).getText(): null

2018-06-18 14:14:25 - [TEST_STEP][PASSED] - Statement - StoresCBList.get(i).click(): null

2018-06-18 14:14:25 - [TEST_STEP][PASSED] - Statement - groupStoresList[i] = storesLabel.get(i).getText(): null

2018-06-18 14:14:25 - [TEST_STEP][PASSED] - Statement - StoresCBList.get(i).click(): null

2018-06-18 14:14:25 - [TEST_STEP][PASSED] - Statement - groupStoresList[i] = storesLabel.get(i).getText(): null

2018-06-18 14:14:25 - [TEST_STEP][PASSED] - Statement - StoresCBList.get(i).click(): null

2018-06-18 14:14:25 - [TEST_STEP][PASSED] - Statement - groupStoresList[i] = storesLabel.get(i).getText(): null

2018-06-18 14:14:25 - [TEST_STEP][PASSED] - Statement - StoresCBList.get(i).click(): null

2018-06-18 14:14:25 - [TEST_STEP][PASSED] - Statement - groupStoresList[i] = storesLabel.get(i).getText(): null

2018-06-18 14:14:25 - [TEST_STEP][PASSED] - Statement - StoresCBList.get(i).click(): null

2018-06-18 14:14:25 - [TEST_STEP][PASSED] - Statement - groupStoresList[i] = storesLabel.get(i).getText(): null

2018-06-18 14:14:25 - [TEST_STEP][PASSED] - Statement - StoresCBList.get(i).click(): null

2018-06-18 14:14:25 - [TEST_STEP][PASSED] - Statement - groupStoresList[i] = storesLabel.get(i).getText(): null

2018-06-18 14:14:25 - [TEST_STEP][PASSED] - Statement - StoresCBList.get(i).click(): null

2018-06-18 14:14:25 - [TEST_STEP][PASSED] - Statement - groupStoresList[i] = storesLabel.get(i).getText(): null

2018-06-18 14:14:26 - [TEST_STEP][PASSED] - Statement - StoresCBList.get(i).click(): null

2018-06-18 14:14:26 - [TEST_STEP][PASSED] - Statement - groupStoresList[i] = storesLabel.get(i).getText(): null

2018-06-18 14:14:26 - [TEST_STEP][PASSED] - Statement - StoresCBList.get(i).click(): null

2018-06-18 14:14:26 - [TEST_STEP][PASSED] - Statement - groupStoresList[i] = storesLabel.get(i).getText(): null

2018-06-18 14:14:26 - [TEST_STEP][PASSED] - Statement - StoresCBList.get(i).click(): null

2018-06-18 14:14:26 - [TEST_STEP][PASSED] - Statement - groupStoresList[i] = storesLabel.get(i).getText(): null

2018-06-18 14:14:26 - [TEST_STEP][PASSED] - Statement - StoresCBList.get(i).click(): null

2018-06-18 14:14:26 - [TEST_STEP][PASSED] - Statement - groupStoresList[i] = storesLabel.get(i).getText(): null

2018-06-18 14:14:26 - [TEST_STEP][PASSED] - Statement - StoresCBList.get(i).click(): null

2018-06-18 14:14:26 - [TEST_STEP][PASSED] - Statement - groupStoresList[i] = storesLabel.get(i).getText(): null

2018-06-18 14:14:26 - [TEST_STEP][PASSED] - Statement - StoresCBList.get(i).click(): null

2018-06-18 14:14:26 - [TEST_STEP][PASSED] - Statement - groupStoresList[i] = storesLabel.get(i).getText(): null

2018-06-18 14:14:26 - [TEST_STEP][PASSED] - Statement - StoresCBList.get(i).click(): null

2018-06-18 14:14:26 - [TEST_STEP][PASSED] - Statement - groupStoresList[i] = storesLabel.get(i).getText(): null

2018-06-18 14:14:26 - [TEST_STEP][PASSED] - Statement - StoresCBList.get(i).click(): null

2018-06-18 14:14:26 - [TEST_STEP][PASSED] - Statement - groupStoresList[i] = storesLabel.get(i).getText(): null

2018-06-18 14:14:26 - [TEST_STEP][PASSED] - Statement - StoresCBList.get(i).click(): null

2018-06-18 14:14:26 - [TEST_STEP][PASSED] - Statement - groupStoresList[i] = storesLabel.get(i).getText(): null

2018-06-18 14:14:26 - [TEST_STEP][PASSED] - Statement - StoresCBList.get(i).click(): null

2018-06-18 14:14:26 - [TEST_STEP][PASSED] - Statement - groupStoresList[i] = storesLabel.get(i).getText(): null

2018-06-18 14:14:26 - [TEST_STEP][PASSED] - Statement - StoresCBList.get(i).click(): null

2018-06-18 14:14:26 - [TEST_STEP][PASSED] - Statement - groupStoresList[i] = storesLabel.get(i).getText(): null

2018-06-18 14:14:26 - [TEST_STEP][PASSED] - Statement - StoresCBList.get(i).click(): null

2018-06-18 14:14:26 - [TEST_STEP][PASSED] - Statement - groupStoresList[i] = storesLabel.get(i).getText(): null

2018-06-18 14:14:26 - [TEST_STEP][PASSED] - Statement - StoresCBList.get(i).click(): null

2018-06-18 14:14:26 - [TEST_STEP][PASSED] - Statement - groupStoresList[i] = storesLabel.get(i).getText(): null

2018-06-18 14:14:26 - [TEST_STEP][PASSED] - Statement - StoresCBList.get(i).click(): null

2018-06-18 14:14:26 - [TEST_STEP][PASSED] - Statement - groupStoresList[i] = storesLabel.get(i).getText(): null

2018-06-18 14:14:27 - [TEST_STEP][PASSED] - Statement - StoresCBList.get(i).click(): null

2018-06-18 14:14:27 - [TEST_STEP][PASSED] - Statement - groupStoresList[i] = storesLabel.get(i).getText(): null

2018-06-18 14:14:27 - [TEST_STEP][PASSED] - Statement - StoresCBList.get(i).click(): null

2018-06-18 14:14:27 - [TEST_STEP][PASSED] - Statement - groupStoresList[i] = storesLabel.get(i).getText(): null

2018-06-18 14:14:27 - [TEST_STEP][PASSED] - Statement - StoresCBList.get(i).click(): null

2018-06-18 14:14:27 - [TEST_STEP][PASSED] - Statement - groupStoresList[i] = storesLabel.get(i).getText(): null

2018-06-18 14:14:27 - [TEST_STEP][PASSED] - Statement - StoresCBList.get(i).click(): null

2018-06-18 14:14:27 - [TEST_STEP][PASSED] - Statement - groupStoresList[i] = storesLabel.get(i).getText(): null

2018-06-18 14:14:27 - [TEST_STEP][PASSED] - Statement - StoresCBList.get(i).click(): null

2018-06-18 14:14:27 - [TEST_STEP][PASSED] - Statement - groupStoresList[i] = storesLabel.get(i).getText(): null

2018-06-18 14:14:27 - [TEST_STEP][PASSED] - Statement - StoresCBList.get(i).click(): null

2018-06-18 14:14:27 - [TEST_STEP][PASSED] - Statement - groupStoresList[i] = storesLabel.get(i).getText(): null

2018-06-18 14:14:27 - [TEST_STEP][PASSED] - Statement - StoresCBList.get(i).click(): null

2018-06-18 14:14:27 - [TEST_STEP][PASSED] - Statement - groupStoresList[i] = storesLabel.get(i).getText(): null

2018-06-18 14:14:27 - [TEST_STEP][PASSED] - Statement - StoresCBList.get(i).click(): null

2018-06-18 14:14:27 - [TEST_STEP][PASSED] - Statement - groupStoresList[i] = storesLabel.get(i).getText(): null

2018-06-18 14:14:27 - [TEST_STEP][PASSED] - Statement - StoresCBList.get(i).click(): null

2018-06-18 14:14:27 - [TEST_STEP][PASSED] - Statement - groupStoresList[i] = storesLabel.get(i).getText(): null

2018-06-18 14:14:27 - [TEST_STEP][PASSED] - Statement - StoresCBList.get(i).click(): null

2018-06-18 14:14:27 - [TEST_STEP][PASSED] - Statement - groupStoresList[i] = storesLabel.get(i).getText(): null

2018-06-18 14:14:27 - [TEST_STEP][PASSED] - Statement - StoresCBList.get(i).click(): null

2018-06-18 14:14:27 - [TEST_STEP][PASSED] - Statement - out.println(groupStoresList): null

2018-06-18 14:14:27 - [TEST_STEP][PASSED] - Statement - size = groupStoresList.size(): null

2018-06-18 14:14:27 - [TEST_STEP][PASSED] - Statement - For ([i = 0, i < StoresCBList.size() - 10, (i++)]): null

2018-06-18 14:14:27 - [TEST_STEP][PASSED] - Statement - groupStoresList1[i] = storesLabel.get(i).getText(): null

2018-06-18 14:14:27 - [TEST_STEP][PASSED] - Statement - groupStoresList1[i] = storesLabel.get(i).getText(): null

2018-06-18 14:14:27 - [TEST_STEP][PASSED] - Statement - groupStoresList1[i] = storesLabel.get(i).getText(): null

2018-06-18 14:14:27 - [TEST_STEP][PASSED] - Statement - groupStoresList1[i] = storesLabel.get(i).getText(): null

2018-06-18 14:14:27 - [TEST_STEP][PASSED] - Statement - groupStoresList1[i] = storesLabel.get(i).getText(): null

2018-06-18 14:14:27 - [TEST_STEP][PASSED] - Statement - groupStoresList1[i] = storesLabel.get(i).getText(): null

2018-06-18 14:14:27 - [TEST_STEP][PASSED] - Statement - groupStoresList1[i] = storesLabel.get(i).getText(): null

2018-06-18 14:14:27 - [TEST_STEP][PASSED] - Statement - groupStoresList1[i] = storesLabel.get(i).getText(): null

2018-06-18 14:14:27 - [TEST_STEP][PASSED] - Statement - groupStoresList1[i] = storesLabel.get(i).getText(): null

2018-06-18 14:14:27 - [TEST_STEP][PASSED] - Statement - groupStoresList1[i] = storesLabel.get(i).getText(): null

2018-06-18 14:14:27 - [TEST_STEP][PASSED] - Statement - groupStoresList1[i] = storesLabel.get(i).getText(): null

2018-06-18 14:14:27 - [TEST_STEP][PASSED] - Statement - groupStoresList1[i] = storesLabel.get(i).getText(): null

2018-06-18 14:14:27 - [TEST_STEP][PASSED] - Statement - groupStoresList1[i] = storesLabel.get(i).getText(): null

2018-06-18 14:14:27 - [TEST_STEP][PASSED] - Statement - groupStoresList1[i] = storesLabel.get(i).getText(): null

2018-06-18 14:14:27 - [TEST_STEP][PASSED] - Statement - groupStoresList1[i] = storesLabel.get(i).getText(): null

2018-06-18 14:14:27 - [TEST_STEP][PASSED] - Statement - groupStoresList1[i] = storesLabel.get(i).getText(): null

2018-06-18 14:14:27 - [TEST_STEP][PASSED] - Statement - groupStoresList1[i] = storesLabel.get(i).getText(): null

2018-06-18 14:14:27 - [TEST_STEP][PASSED] - Statement - groupStoresList1[i] = storesLabel.get(i).getText(): null

2018-06-18 14:14:27 - [TEST_STEP][PASSED] - Statement - groupStoresList1[i] = storesLabel.get(i).getText(): null

2018-06-18 14:14:28 - [TEST_STEP][PASSED] - Statement - groupStoresList1[i] = storesLabel.get(i).getText(): null

2018-06-18 14:14:28 - [TEST_STEP][PASSED] - Statement - groupStoresList1[i] = storesLabel.get(i).getText(): null

2018-06-18 14:14:28 - [TEST_STEP][PASSED] - Statement - groupStoresList1[i] = storesLabel.get(i).getText(): null

2018-06-18 14:14:28 - [TEST_STEP][PASSED] - Statement - groupStoresList1[i] = storesLabel.get(i).getText(): null

2018-06-18 14:14:28 - [TEST_STEP][PASSED] - Statement - groupStoresList1[i] = storesLabel.get(i).getText(): null

2018-06-18 14:14:28 - [TEST_STEP][PASSED] - Statement - groupStoresList1[i] = storesLabel.get(i).getText(): null

2018-06-18 14:14:28 - [TEST_STEP][PASSED] - Statement - groupStoresList1[i] = storesLabel.get(i).getText(): null

2018-06-18 14:14:28 - [TEST_STEP][PASSED] - Statement - groupStoresList1[i] = storesLabel.get(i).getText(): null

2018-06-18 14:14:28 - [TEST_STEP][PASSED] - Statement - groupStoresList1[i] = storesLabel.get(i).getText(): null

2018-06-18 14:14:28 - [TEST_STEP][PASSED] - Statement - groupStoresList1[i] = storesLabel.get(i).getText(): null

2018-06-18 14:14:28 - [TEST_STEP][PASSED] - Statement - groupStoresList1[i] = storesLabel.get(i).getText(): null

2018-06-18 14:14:28 - [TEST_STEP][PASSED] - Statement - groupStoresList1[i] = storesLabel.get(i).getText(): null

2018-06-18 14:14:28 - [TEST_STEP][PASSED] - Statement - groupStoresList1[i] = storesLabel.get(i).getText(): null

2018-06-18 14:14:28 - [TEST_STEP][PASSED] - Statement - groupStoresList1[i] = storesLabel.get(i).getText(): null

2018-06-18 14:14:28 - [TEST_STEP][PASSED] - Statement - groupStoresList1[i] = storesLabel.get(i).getText(): null

2018-06-18 14:14:28 - [TEST_STEP][PASSED] - Statement - groupStoresList1[i] = storesLabel.get(i).getText(): null

2018-06-18 14:14:28 - [TEST_STEP][PASSED] - Statement - groupStoresList1[i] = storesLabel.get(i).getText(): null

2018-06-18 14:14:28 - [TEST_STEP][PASSED] - Statement - groupStoresList1[i] = storesLabel.get(i).getText(): null

2018-06-18 14:14:28 - [TEST_STEP][PASSED] - Statement - groupStoresList1[i] = storesLabel.get(i).getText(): null

2018-06-18 14:14:28 - [TEST_STEP][PASSED] - Statement - groupStoresList1[i] = storesLabel.get(i).getText(): null

2018-06-18 14:14:28 - [TEST_STEP][PASSED] - Statement - groupStoresList1[i] = storesLabel.get(i).getText(): null

2018-06-18 14:14:28 - [TEST_STEP][PASSED] - Statement - groupStoresList1[i] = storesLabel.get(i).getText(): null

2018-06-18 14:14:28 - [TEST_STEP][PASSED] - Statement - groupStoresList1[i] = storesLabel.get(i).getText(): null

2018-06-18 14:14:28 - [TEST_STEP][PASSED] - Statement - groupStoresList1[i] = storesLabel.get(i).getText(): null

2018-06-18 14:14:28 - [TEST_STEP][PASSED] - Statement - groupStoresList1[i] = storesLabel.get(i).getText(): null

2018-06-18 14:14:28 - [TEST_STEP][PASSED] - Statement - groupStoresList1[i] = storesLabel.get(i).getText(): null

2018-06-18 14:14:28 - [TEST_STEP][PASSED] - Statement - groupStoresList1[i] = storesLabel.get(i).getText(): null

2018-06-18 14:14:28 - [TEST_STEP][PASSED] - Statement - groupStoresList1[i] = storesLabel.get(i).getText(): null

2018-06-18 14:14:28 - [TEST_STEP][PASSED] - Statement - groupStoresList1[i] = storesLabel.get(i).getText(): null

2018-06-18 14:14:28 - [TEST_STEP][PASSED] - Statement - groupStoresList1[i] = storesLabel.get(i).getText(): null

2018-06-18 14:14:28 - [TEST_STEP][PASSED] - Statement - groupStoresList1[i] = storesLabel.get(i).getText(): null

2018-06-18 14:14:28 - [TEST_STEP][PASSED] - Statement - groupStoresList1[i] = storesLabel.get(i).getText(): null

2018-06-18 14:14:28 - [TEST_STEP][PASSED] - Statement - groupStoresList1[i] = storesLabel.get(i).getText(): null

2018-06-18 14:14:28 - [TEST_STEP][PASSED] - Statement - groupStoresList1[i] = storesLabel.get(i).getText(): null

2018-06-18 14:14:28 - [TEST_STEP][PASSED] - Statement - groupStoresList1[i] = storesLabel.get(i).getText(): null

2018-06-18 14:14:28 - [TEST_STEP][PASSED] - Statement - groupStoresList1[i] = storesLabel.get(i).getText(): null

2018-06-18 14:14:28 - [TEST_STEP][PASSED] - Statement - groupStoresList1[i] = storesLabel.get(i).getText(): null

2018-06-18 14:14:28 - [TEST_STEP][PASSED] - Statement - groupStoresList1[i] = storesLabel.get(i).getText(): null

2018-06-18 14:14:28 - [TEST_STEP][PASSED] - Statement - groupStoresList1[i] = storesLabel.get(i).getText(): null

2018-06-18 14:14:28 - [TEST_STEP][PASSED] - Statement - groupStoresList1[i] = storesLabel.get(i).getText(): null

2018-06-18 14:14:28 - [TEST_STEP][PASSED] - Statement - groupStoresList1[i] = storesLabel.get(i).getText(): null

2018-06-18 14:14:28 - [TEST_STEP][PASSED] - Statement - groupStoresList1[i] = storesLabel.get(i).getText(): null

2018-06-18 14:14:28 - [TEST_STEP][PASSED] - Statement - groupStoresList1[i] = storesLabel.get(i).getText(): null

2018-06-18 14:14:28 - [TEST_STEP][PASSED] - Statement - groupStoresList1[i] = storesLabel.get(i).getText(): null

2018-06-18 14:14:28 - [TEST_STEP][PASSED] - Statement - groupStoresList1[i] = storesLabel.get(i).getText(): null

2018-06-18 14:14:28 - [TEST_STEP][PASSED] - Statement - groupStoresList1[i] = storesLabel.get(i).getText(): null

2018-06-18 14:14:28 - [TEST_STEP][PASSED] - Statement - groupStoresList1[i] = storesLabel.get(i).getText(): null

2018-06-18 14:14:28 - [TEST_STEP][PASSED] - Statement - groupStoresList1[i] = storesLabel.get(i).getText(): null

2018-06-18 14:14:28 - [TEST_STEP][PASSED] - Statement - groupStoresList1[i] = storesLabel.get(i).getText(): null

2018-06-18 14:14:28 - [TEST_STEP][PASSED] - Statement - groupStoresList1[i] = storesLabel.get(i).getText(): null

2018-06-18 14:14:28 - [TEST_STEP][PASSED] - Statement - groupStoresList1[i] = storesLabel.get(i).getText(): null

2018-06-18 14:14:28 - [TEST_STEP][PASSED] - Statement - groupStoresList1[i] = storesLabel.get(i).getText(): null

2018-06-18 14:14:28 - [TEST_STEP][PASSED] - Statement - groupStoresList1[i] = storesLabel.get(i).getText(): null

2018-06-18 14:14:28 - [TEST_STEP][PASSED] - Statement - groupStoresList1[i] = storesLabel.get(i).getText(): null

2018-06-18 14:14:28 - [TEST_STEP][PASSED] - Statement - groupStoresList1[i] = storesLabel.get(i).getText(): null

2018-06-18 14:14:28 - [TEST_STEP][PASSED] - Statement - groupStoresList1[i] = storesLabel.get(i).getText(): null

2018-06-18 14:14:28 - [TEST_STEP][PASSED] - Statement - groupStoresList1[i] = storesLabel.get(i).getText(): null

2018-06-18 14:14:28 - [TEST_STEP][PASSED] - Statement - groupStoresList1[i] = storesLabel.get(i).getText(): null

2018-06-18 14:14:28 - [TEST_STEP][PASSED] - Statement - groupStoresList1[i] = storesLabel.get(i).getText(): null

2018-06-18 14:14:28 - [TEST_STEP][PASSED] - Statement - groupStoresList1[i] = storesLabel.get(i).getText(): null

2018-06-18 14:14:28 - [TEST_STEP][PASSED] - Statement - groupStoresList1[i] = storesLabel.get(i).getText(): null

2018-06-18 14:14:29 - [TEST_STEP][PASSED] - Statement - groupStoresList1[i] = storesLabel.get(i).getText(): null

2018-06-18 14:14:29 - [TEST_STEP][PASSED] - Statement - groupStoresList1[i] = storesLabel.get(i).getText(): null

2018-06-18 14:14:29 - [TEST_STEP][PASSED] - Statement - groupStoresList1[i] = storesLabel.get(i).getText(): null

2018-06-18 14:14:29 - [TEST_STEP][PASSED] - Statement - groupStoresList1[i] = storesLabel.get(i).getText(): null

2018-06-18 14:14:29 - [TEST_STEP][PASSED] - Statement - groupStoresList1[i] = storesLabel.get(i).getText(): null

2018-06-18 14:14:29 - [TEST_STEP][PASSED] - Statement - groupStoresList1[i] = storesLabel.get(i).getText(): null

2018-06-18 14:14:29 - [TEST_STEP][PASSED] - Statement - groupStoresList1[i] = storesLabel.get(i).getText(): null

2018-06-18 14:14:29 - [TEST_STEP][PASSED] - Statement - groupStoresList1[i] = storesLabel.get(i).getText(): null

2018-06-18 14:14:29 - [TEST_STEP][PASSED] - Statement - groupStoresList1[i] = storesLabel.get(i).getText(): null

2018-06-18 14:14:29 - [TEST_STEP][PASSED] - Statement - groupStoresList1[i] = storesLabel.get(i).getText(): null

2018-06-18 14:14:29 - [TEST_STEP][PASSED] - Statement - groupStoresList1[i] = storesLabel.get(i).getText(): null

2018-06-18 14:14:29 - [TEST_STEP][PASSED] - Statement - groupStoresList1[i] = storesLabel.get(i).getText(): null

2018-06-18 14:14:29 - [TEST_STEP][PASSED] - Statement - groupStoresList1[i] = storesLabel.get(i).getText(): null

2018-06-18 14:14:29 - [TEST_STEP][PASSED] - Statement - groupStoresList1[i] = storesLabel.get(i).getText(): null

2018-06-18 14:14:29 - [TEST_STEP][PASSED] - Statement - groupStoresList1[i] = storesLabel.get(i).getText(): null

2018-06-18 14:14:29 - [TEST_STEP][PASSED] - Statement - groupStoresList1[i] = storesLabel.get(i).getText(): null

2018-06-18 14:14:29 - [TEST_STEP][PASSED] - Statement - groupStoresList1[i] = storesLabel.get(i).getText(): null

2018-06-18 14:14:29 - [TEST_STEP][PASSED] - Statement - groupStoresList1[i] = storesLabel.get(i).getText(): null

2018-06-18 14:14:29 - [TEST_STEP][PASSED] - Statement - groupStoresList1[i] = storesLabel.get(i).getText(): null

2018-06-18 14:14:29 - [TEST_STEP][PASSED] - Statement - groupStoresList1[i] = storesLabel.get(i).getText(): null

2018-06-18 14:14:29 - [TEST_STEP][PASSED] - Statement - groupStoresList1[i] = storesLabel.get(i).getText(): null

2018-06-18 14:14:29 - [TEST_STEP][PASSED] - Statement - groupStoresList1[i] = storesLabel.get(i).getText(): null

2018-06-18 14:14:29 - [TEST_STEP][PASSED] - Statement - groupStoresList1[i] = storesLabel.get(i).getText(): null

2018-06-18 14:14:29 - [TEST_STEP][PASSED] - Statement - groupStoresList1[i] = storesLabel.get(i).getText(): null

2018-06-18 14:14:29 - [TEST_STEP][PASSED] - Statement - groupStoresList1[i] = storesLabel.get(i).getText(): null

2018-06-18 14:14:29 - [TEST_STEP][PASSED] - Statement - groupStoresList1[i] = storesLabel.get(i).getText(): null

2018-06-18 14:14:29 - [TEST_STEP][PASSED] - Statement - groupStoresList1[i] = storesLabel.get(i).getText(): null

2018-06-18 14:14:29 - [TEST_STEP][PASSED] - Statement - groupStoresList1[i] = storesLabel.get(i).getText(): null

2018-06-18 14:14:29 - [TEST_STEP][PASSED] - Statement - groupStoresList1[i] = storesLabel.get(i).getText(): null

2018-06-18 14:14:29 - [TEST_STEP][PASSED] - Statement - groupStoresList1[i] = storesLabel.get(i).getText(): null

2018-06-18 14:14:29 - [TEST_STEP][PASSED] - Statement - groupStoresList1[i] = storesLabel.get(i).getText(): null

2018-06-18 14:14:29 - [TEST_STEP][PASSED] - Statement - groupStoresList1[i] = storesLabel.get(i).getText(): null

2018-06-18 14:14:29 - [TEST_STEP][PASSED] - Statement - groupStoresList1[i] = storesLabel.get(i).getText(): null

2018-06-18 14:14:29 - [TEST_STEP][PASSED] - Statement - groupStoresList1[i] = storesLabel.get(i).getText(): null

2018-06-18 14:14:29 - [TEST_STEP][PASSED] - Statement - groupStoresList1[i] = storesLabel.get(i).getText(): null

2018-06-18 14:14:29 - [TEST_STEP][PASSED] - Statement - groupStoresList1[i] = storesLabel.get(i).getText(): null

2018-06-18 14:14:29 - [TEST_STEP][PASSED] - Statement - groupStoresList1[i] = storesLabel.get(i).getText(): null

2018-06-18 14:14:29 - [TEST_STEP][PASSED] - Statement - groupStoresList1[i] = storesLabel.get(i).getText(): null

2018-06-18 14:14:29 - [TEST_STEP][PASSED] - Statement - groupStoresList1[i] = storesLabel.get(i).getText(): null

2018-06-18 14:14:29 - [TEST_STEP][PASSED] - Statement - groupStoresList1[i] = storesLabel.get(i).getText(): null

2018-06-18 14:14:29 - [TEST_STEP][PASSED] - Statement - groupStoresList1[i] = storesLabel.get(i).getText(): null

2018-06-18 14:14:29 - [TEST_STEP][PASSED] - Statement - groupStoresList1[i] = storesLabel.get(i).getText(): null

2018-06-18 14:14:29 - [TEST_STEP][PASSED] - Statement - groupStoresList1[i] = storesLabel.get(i).getText(): null

2018-06-18 14:14:29 - [TEST_STEP][PASSED] - Statement - groupStoresList1[i] = storesLabel.get(i).getText(): null

2018-06-18 14:14:29 - [TEST_STEP][PASSED] - Statement - groupStoresList1[i] = storesLabel.get(i).getText(): null

2018-06-18 14:14:29 - [TEST_STEP][PASSED] - Statement - groupStoresList1[i] = storesLabel.get(i).getText(): null

2018-06-18 14:14:29 - [TEST_STEP][PASSED] - Statement - groupStoresList1[i] = storesLabel.get(i).getText(): null

2018-06-18 14:14:29 - [TEST_STEP][PASSED] - Statement - groupStoresList1[i] = storesLabel.get(i).getText(): null

2018-06-18 14:14:29 - [TEST_STEP][PASSED] - Statement - groupStoresList1[i] = storesLabel.get(i).getText(): null

2018-06-18 14:14:29 - [TEST_STEP][PASSED] - Statement - groupStoresList1[i] = storesLabel.get(i).getText(): null

2018-06-18 14:14:29 - [TEST_STEP][PASSED] - Statement - groupStoresList1[i] = storesLabel.get(i).getText(): null

2018-06-18 14:14:29 - [TEST_STEP][PASSED] - Statement - groupStoresList1[i] = storesLabel.get(i).getText(): null

2018-06-18 14:14:29 - [TEST_STEP][PASSED] - Statement - groupStoresList1[i] = storesLabel.get(i).getText(): null

2018-06-18 14:14:29 - [TEST_STEP][PASSED] - Statement - groupStoresList1[i] = storesLabel.get(i).getText(): null

2018-06-18 14:14:29 - [TEST_STEP][PASSED] - Statement - groupStoresList1[i] = storesLabel.get(i).getText(): null

2018-06-18 14:14:29 - [TEST_STEP][PASSED] - Statement - groupStoresList1[i] = storesLabel.get(i).getText(): null

2018-06-18 14:14:29 - [TEST_STEP][PASSED] - Statement - groupStoresList1[i] = storesLabel.get(i).getText(): null

2018-06-18 14:14:29 - [TEST_STEP][PASSED] - Statement - groupStoresList1[i] = storesLabel.get(i).getText(): null

2018-06-18 14:14:29 - [TEST_STEP][PASSED] - Statement - groupStoresList1[i] = storesLabel.get(i).getText(): null

2018-06-18 14:14:29 - [TEST_STEP][PASSED] - Statement - groupStoresList1[i] = storesLabel.get(i).getText(): null

2018-06-18 14:14:29 - [TEST_STEP][PASSED] - Statement - groupStoresList1[i] = storesLabel.get(i).getText(): null

2018-06-18 14:14:29 - [TEST_STEP][PASSED] - Statement - groupStoresList1[i] = storesLabel.get(i).getText(): null

2018-06-18 14:14:29 - [TEST_STEP][PASSED] - Statement - groupStoresList1[i] = storesLabel.get(i).getText(): null

2018-06-18 14:14:29 - [TEST_STEP][PASSED] - Statement - groupStoresList1[i] = storesLabel.get(i).getText(): null

2018-06-18 14:14:29 - [TEST_STEP][PASSED] - Statement - groupStoresList1[i] = storesLabel.get(i).getText(): null

2018-06-18 14:14:29 - [TEST_STEP][PASSED] - Statement - groupStoresList1[i] = storesLabel.get(i).getText(): null

2018-06-18 14:14:29 - [TEST_STEP][PASSED] - Statement - groupStoresList1[i] = storesLabel.get(i).getText(): null

2018-06-18 14:14:29 - [TEST_STEP][PASSED] - Statement - groupStoresList1[i] = storesLabel.get(i).getText(): null

2018-06-18 14:14:29 - [TEST_STEP][PASSED] - Statement - groupStoresList1[i] = storesLabel.get(i).getText(): null

2018-06-18 14:14:29 - [TEST_STEP][PASSED] - Statement - groupStoresList1[i] = storesLabel.get(i).getText(): null

2018-06-18 14:14:29 - [TEST_STEP][PASSED] - Statement - groupStoresList1[i] = storesLabel.get(i).getText(): null

2018-06-18 14:14:29 - [TEST_STEP][PASSED] - Statement - groupStoresList1[i] = storesLabel.get(i).getText(): null

2018-06-18 14:14:29 - [TEST_STEP][PASSED] - Statement - groupStoresList1[i] = storesLabel.get(i).getText(): null

2018-06-18 14:14:29 - [TEST_STEP][PASSED] - Statement - groupStoresList1[i] = storesLabel.get(i).getText(): null

2018-06-18 14:14:29 - [TEST_STEP][PASSED] - Statement - groupStoresList1[i] = storesLabel.get(i).getText(): null

2018-06-18 14:14:29 - [TEST_STEP][PASSED] - Statement - groupStoresList1[i] = storesLabel.get(i).getText(): null

2018-06-18 14:14:29 - [TEST_STEP][PASSED] - Statement - groupStoresList1[i] = storesLabel.get(i).getText(): null

2018-06-18 14:14:29 - [TEST_STEP][PASSED] - Statement - groupStoresList1[i] = storesLabel.get(i).getText(): null

2018-06-18 14:14:29 - [TEST_STEP][PASSED] - Statement - groupStoresList1[i] = storesLabel.get(i).getText(): null

2018-06-18 14:14:29 - [TEST_STEP][PASSED] - Statement - groupStoresList1[i] = storesLabel.get(i).getText(): null

2018-06-18 14:14:29 - [TEST_STEP][PASSED] - Statement - groupStoresList1[i] = storesLabel.get(i).getText(): null

2018-06-18 14:14:29 - [TEST_STEP][PASSED] - Statement - groupStoresList1[i] = storesLabel.get(i).getText(): null

2018-06-18 14:14:29 - [TEST_STEP][PASSED] - Statement - groupStoresList1[i] = storesLabel.get(i).getText(): null

2018-06-18 14:14:29 - [TEST_STEP][PASSED] - Statement - groupStoresList1[i] = storesLabel.get(i).getText(): null

2018-06-18 14:14:29 - [TEST_STEP][PASSED] - Statement - groupStoresList1[i] = storesLabel.get(i).getText(): null

2018-06-18 14:14:29 - [TEST_STEP][PASSED] - Statement - groupStoresList1[i] = storesLabel.get(i).getText(): null

2018-06-18 14:14:29 - [TEST_STEP][PASSED] - Statement - groupStoresList1[i] = storesLabel.get(i).getText(): null

2018-06-18 14:14:29 - [TEST_STEP][PASSED] - Statement - groupStoresList1[i] = storesLabel.get(i).getText(): null

2018-06-18 14:14:29 - [TEST_STEP][PASSED] - Statement - groupStoresList1[i] = storesLabel.get(i).getText(): null

2018-06-18 14:14:29 - [TEST_STEP][PASSED] - Statement - groupStoresList1[i] = storesLabel.get(i).getText(): null

2018-06-18 14:14:29 - [TEST_STEP][PASSED] - Statement - groupStoresList1[i] = storesLabel.get(i).getText(): null

2018-06-18 14:14:29 - [TEST_STEP][PASSED] - Statement - groupStoresList1[i] = storesLabel.get(i).getText(): null

2018-06-18 14:14:29 - [TEST_STEP][PASSED] - Statement - groupStoresList1[i] = storesLabel.get(i).getText(): null

2018-06-18 14:14:29 - [TEST_STEP][PASSED] - Statement - groupStoresList1[i] = storesLabel.get(i).getText(): null

2018-06-18 14:14:29 - [TEST_STEP][PASSED] - Statement - groupStoresList1[i] = storesLabel.get(i).getText(): null

2018-06-18 14:14:29 - [TEST_STEP][PASSED] - Statement - groupStoresList1[i] = storesLabel.get(i).getText(): null

2018-06-18 14:14:29 - [TEST_STEP][PASSED] - Statement - groupStoresList1[i] = storesLabel.get(i).getText(): null

2018-06-18 14:14:29 - [TEST_STEP][PASSED] - Statement - groupStoresList1[i] = storesLabel.get(i).getText(): null

2018-06-18 14:14:29 - [TEST_STEP][PASSED] - Statement - groupStoresList1[i] = storesLabel.get(i).getText(): null

2018-06-18 14:14:29 - [TEST_STEP][PASSED] - Statement - groupStoresList1[i] = storesLabel.get(i).getText(): null

2018-06-18 14:14:29 - [TEST_STEP][PASSED] - Statement - groupStoresList1[i] = storesLabel.get(i).getText(): null

2018-06-18 14:14:29 - [TEST_STEP][PASSED] - Statement - groupStoresList1[i] = storesLabel.get(i).getText(): null

2018-06-18 14:14:29 - [TEST_STEP][PASSED] - Statement - groupStoresList1[i] = storesLabel.get(i).getText(): null

2018-06-18 14:14:29 - [TEST_STEP][PASSED] - Statement - groupStoresList1[i] = storesLabel.get(i).getText(): null

2018-06-18 14:14:29 - [TEST_STEP][PASSED] - Statement - groupStoresList1[i] = storesLabel.get(i).getText(): null

2018-06-18 14:14:29 - [TEST_STEP][PASSED] - Statement - groupStoresList1[i] = storesLabel.get(i).getText(): null

2018-06-18 14:14:29 - [TEST_STEP][PASSED] - Statement - groupStoresList1[i] = storesLabel.get(i).getText(): null

2018-06-18 14:14:29 - [TEST_STEP][PASSED] - Statement - groupStoresList1[i] = storesLabel.get(i).getText(): null

2018-06-18 14:14:29 - [TEST_STEP][PASSED] - Statement - groupStoresList1[i] = storesLabel.get(i).getText(): null

2018-06-18 14:14:29 - [TEST_STEP][PASSED] - Statement - groupStoresList1[i] = storesLabel.get(i).getText(): null

2018-06-18 14:14:29 - [TEST_STEP][PASSED] - Statement - groupStoresList1[i] = storesLabel.get(i).getText(): null

2018-06-18 14:14:29 - [TEST_STEP][PASSED] - Statement - groupStoresList1[i] = storesLabel.get(i).getText(): null

2018-06-18 14:14:29 - [TEST_STEP][PASSED] - Statement - groupStoresList1[i] = storesLabel.get(i).getText(): null

2018-06-18 14:14:29 - [TEST_STEP][PASSED] - Statement - groupStoresList1[i] = storesLabel.get(i).getText(): null

2018-06-18 14:14:30 - [TEST_STEP][PASSED] - Statement - groupStoresList1[i] = storesLabel.get(i).getText(): null

2018-06-18 14:14:30 - [TEST_STEP][PASSED] - Statement - groupStoresList1[i] = storesLabel.get(i).getText(): null

2018-06-18 14:14:30 - [TEST_STEP][PASSED] - Statement - groupStoresList1[i] = storesLabel.get(i).getText(): null

2018-06-18 14:14:30 - [TEST_STEP][PASSED] - Statement - groupStoresList1[i] = storesLabel.get(i).getText(): null

2018-06-18 14:14:30 - [TEST_STEP][PASSED] - Statement - groupStoresList1[i] = storesLabel.get(i).getText(): null

2018-06-18 14:14:30 - [TEST_STEP][PASSED] - Statement - groupStoresList1[i] = storesLabel.get(i).getText(): null

2018-06-18 14:14:30 - [TEST_STEP][PASSED] - Statement - groupStoresList1[i] = storesLabel.get(i).getText(): null

2018-06-18 14:14:30 - [TEST_STEP][PASSED] - Statement - groupStoresList1[i] = storesLabel.get(i).getText(): null

2018-06-18 14:14:30 - [TEST_STEP][PASSED] - Statement - groupStoresList1[i] = storesLabel.get(i).getText(): null

2018-06-18 14:14:30 - [TEST_STEP][PASSED] - Statement - groupStoresList1[i] = storesLabel.get(i).getText(): null

2018-06-18 14:14:30 - [TEST_STEP][PASSED] - Statement - groupStoresList1[i] = storesLabel.get(i).getText(): null

2018-06-18 14:14:30 - [TEST_STEP][PASSED] - Statement - groupStoresList1[i] = storesLabel.get(i).getText(): null

2018-06-18 14:14:30 - [TEST_STEP][PASSED] - Statement - groupStoresList1[i] = storesLabel.get(i).getText(): null

2018-06-18 14:14:30 - [TEST_STEP][PASSED] - Statement - groupStoresList1[i] = storesLabel.get(i).getText(): null

2018-06-18 14:14:30 - [TEST_STEP][PASSED] - Statement - groupStoresList1[i] = storesLabel.get(i).getText(): null

2018-06-18 14:14:30 - [TEST_STEP][PASSED] - Statement - groupStoresList1[i] = storesLabel.get(i).getText(): null

2018-06-18 14:14:30 - [TEST_STEP][PASSED] - Statement - groupStoresList1[i] = storesLabel.get(i).getText(): null

2018-06-18 14:14:30 - [TEST_STEP][PASSED] - delay: Delayed 10 second(s)

2018-06-18 14:14:40 - [MESSAGE][PASSED] - Delayed 10 second(s)

2018-06-18 14:14:40 - [TEST_STEP][PASSED] - uiaction.CommonUIActions.click: uiaction.CommonUIActions.click is PASSED

2018-06-18 14:14:40 - [MESSAGE][PASSED] - uiaction.CommonUIActions.click is PASSED

2018-06-18 14:14:40 - [TEST_STEP][PASSED] - delay: Delayed 5 second(s)

2018-06-18 14:14:45 - [MESSAGE][PASSED] - Delayed 5 second(s)

2018-06-18 14:14:45 - [TEST_STEP][PASSED] - Statement - secondStoreListBox = driver.findElements(org.openqa.selenium.By.xpath(com.kms.katalon.core.testdata.TestDataFactory.findTestData(OR_file).getValue(2, 11))): Reading excel file with source file 'C:\Users\shalinin\Katalon Studio\HME_Scripts\Data Files\HME_OR.xlsx' and sheet name 'Sheet1'

2018-06-18 14:14:45 - [TEST_STEP][PASSED] - Statement - actualList1 = new java.util.ArrayList(): null

2018-06-18 14:14:45 - [TEST_STEP][PASSED] - Statement - For ([i = 0, i < secondStoreListBox.size(), (i++)]): null

2018-06-18 14:14:45 - [TEST_STEP][PASSED] - Statement - actualList1.add(i, secondStoreListBox.get(i).getText()): null

2018-06-18 14:14:45 - [TEST_STEP][PASSED] - Statement - actualList1.add(i, secondStoreListBox.get(i).getText()): null

2018-06-18 14:14:45 - [TEST_STEP][PASSED] - Statement - actualList1.add(i, secondStoreListBox.get(i).getText()): null

2018-06-18 14:14:45 - [TEST_STEP][PASSED] - Statement - actualList1.add(i, secondStoreListBox.get(i).getText()): null

2018-06-18 14:14:45 - [TEST_STEP][PASSED] - Statement - actualList1.add(i, secondStoreListBox.get(i).getText()): null

2018-06-18 14:14:45 - [TEST_STEP][PASSED] - Statement - actualList1.add(i, secondStoreListBox.get(i).getText()): null

2018-06-18 14:14:45 - [TEST_STEP][PASSED] - Statement - actualList1.add(i, secondStoreListBox.get(i).getText()): null

2018-06-18 14:14:45 - [TEST_STEP][PASSED] - Statement - actualList1.add(i, secondStoreListBox.get(i).getText()): null

2018-06-18 14:14:45 - [TEST_STEP][PASSED] - Statement - actualList1.add(i, secondStoreListBox.get(i).getText()): null

2018-06-18 14:14:45 - [TEST_STEP][PASSED] - Statement - actualList1.add(i, secondStoreListBox.get(i).getText()): null

2018-06-18 14:14:45 - [TEST_STEP][PASSED] - Statement - actualList1.add(i, secondStoreListBox.get(i).getText()): null

2018-06-18 14:14:45 - [TEST_STEP][PASSED] - Statement - actualList1.add(i, secondStoreListBox.get(i).getText()): null

2018-06-18 14:14:45 - [TEST_STEP][PASSED] - Statement - actualList1.add(i, secondStoreListBox.get(i).getText()): null

2018-06-18 14:14:45 - [TEST_STEP][PASSED] - Statement - actualList1.add(i, secondStoreListBox.get(i).getText()): null

2018-06-18 14:14:45 - [TEST_STEP][PASSED] - Statement - actualList1.add(i, secondStoreListBox.get(i).getText()): null

2018-06-18 14:14:45 - [TEST_STEP][PASSED] - Statement - actualList1.add(i, secondStoreListBox.get(i).getText()): null

2018-06-18 14:14:45 - [TEST_STEP][PASSED] - Statement - actualList1.add(i, secondStoreListBox.get(i).getText()): null

2018-06-18 14:14:45 - [TEST_STEP][PASSED] - Statement - actualList1.add(i, secondStoreListBox.get(i).getText()): null

2018-06-18 14:14:45 - [TEST_STEP][PASSED] - Statement - actualList1.add(i, secondStoreListBox.get(i).getText()): null

2018-06-18 14:14:45 - [TEST_STEP][PASSED] - Statement - actualList1.add(i, secondStoreListBox.get(i).getText()): null

2018-06-18 14:14:45 - [TEST_STEP][PASSED] - Statement - actualList1.add(i, secondStoreListBox.get(i).getText()): null

2018-06-18 14:14:45 - [TEST_STEP][PASSED] - Statement - actualList1.add(i, secondStoreListBox.get(i).getText()): null

2018-06-18 14:14:45 - [TEST_STEP][PASSED] - Statement - actualList1.add(i, secondStoreListBox.get(i).getText()): null

2018-06-18 14:14:45 - [TEST_STEP][PASSED] - Statement - actualList1.add(i, secondStoreListBox.get(i).getText()): null

2018-06-18 14:14:45 - [TEST_STEP][PASSED] - Statement - actualList1.add(i, secondStoreListBox.get(i).getText()): null

2018-06-18 14:14:45 - [TEST_STEP][PASSED] - Statement - actualList1.add(i, secondStoreListBox.get(i).getText()): null

2018-06-18 14:14:45 - [TEST_STEP][PASSED] - Statement - actualList1.add(i, secondStoreListBox.get(i).getText()): null

2018-06-18 14:14:45 - [TEST_STEP][PASSED] - Statement - actualList1.add(i, secondStoreListBox.get(i).getText()): null

2018-06-18 14:14:45 - [TEST_STEP][PASSED] - Statement - actualList1.add(i, secondStoreListBox.get(i).getText()): null

2018-06-18 14:14:45 - [TEST_STEP][PASSED] - Statement - actualList1.add(i, secondStoreListBox.get(i).getText()): null

2018-06-18 14:14:45 - [TEST_STEP][PASSED] - Statement - actualList1.add(i, secondStoreListBox.get(i).getText()): null

2018-06-18 14:14:45 - [TEST_STEP][PASSED] - Statement - actualList1.add(i, secondStoreListBox.get(i).getText()): null

2018-06-18 14:14:45 - [TEST_STEP][PASSED] - Statement - actualList1.add(i, secondStoreListBox.get(i).getText()): null

2018-06-18 14:14:45 - [TEST_STEP][PASSED] - Statement - actualList1.add(i, secondStoreListBox.get(i).getText()): null

2018-06-18 14:14:45 - [TEST_STEP][PASSED] - Statement - actualList1.add(i, secondStoreListBox.get(i).getText()): null

2018-06-18 14:14:45 - [TEST_STEP][PASSED] - Statement - actualList1.add(i, secondStoreListBox.get(i).getText()): null

2018-06-18 14:14:45 - [TEST_STEP][PASSED] - Statement - actualList1.add(i, secondStoreListBox.get(i).getText()): null

2018-06-18 14:14:45 - [TEST_STEP][PASSED] - Statement - actualList1.add(i, secondStoreListBox.get(i).getText()): null

2018-06-18 14:14:45 - [TEST_STEP][PASSED] - Statement - actualList1.add(i, secondStoreListBox.get(i).getText()): null

2018-06-18 14:14:45 - [TEST_STEP][PASSED] - Statement - actualList1.add(i, secondStoreListBox.get(i).getText()): null

2018-06-18 14:14:45 - [TEST_STEP][PASSED] - Statement - actualList1.add(i, secondStoreListBox.get(i).getText()): null

2018-06-18 14:14:45 - [TEST_STEP][PASSED] - Statement - actualList1.add(i, secondStoreListBox.get(i).getText()): null

2018-06-18 14:14:45 - [TEST_STEP][PASSED] - Statement - actualList1.add(i, secondStoreListBox.get(i).getText()): null

2018-06-18 14:14:45 - [TEST_STEP][PASSED] - Statement - actualList1.add(i, secondStoreListBox.get(i).getText()): null

2018-06-18 14:14:45 - [TEST_STEP][PASSED] - Statement - actualList1.add(i, secondStoreListBox.get(i).getText()): null

2018-06-18 14:14:45 - [TEST_STEP][PASSED] - Statement - actualList1.add(i, secondStoreListBox.get(i).getText()): null

2018-06-18 14:14:45 - [TEST_STEP][PASSED] - Statement - actualList1.add(i, secondStoreListBox.get(i).getText()): null

2018-06-18 14:14:46 - [TEST_STEP][PASSED] - Statement - actualList1.add(i, secondStoreListBox.get(i).getText()): null

2018-06-18 14:14:46 - [TEST_STEP][PASSED] - Statement - actualList1.add(i, secondStoreListBox.get(i).getText()): null

2018-06-18 14:14:46 - [TEST_STEP][PASSED] - Statement - actualList1.add(i, secondStoreListBox.get(i).getText()): null

2018-06-18 14:14:46 - [TEST_STEP][PASSED] - Statement - actualList1.add(i, secondStoreListBox.get(i).getText()): null

2018-06-18 14:14:46 - [TEST_STEP][PASSED] - Statement - actualList1.add(i, secondStoreListBox.get(i).getText()): null

2018-06-18 14:14:46 - [TEST_STEP][PASSED] - Statement - actualList1.add(i, secondStoreListBox.get(i).getText()): null

2018-06-18 14:14:46 - [TEST_STEP][PASSED] - Statement - actualList1.add(i, secondStoreListBox.get(i).getText()): null

2018-06-18 14:14:46 - [TEST_STEP][PASSED] - Statement - actualList1.add(i, secondStoreListBox.get(i).getText()): null

2018-06-18 14:14:46 - [TEST_STEP][PASSED] - Statement - actualList1.add(i, secondStoreListBox.get(i).getText()): null

2018-06-18 14:14:46 - [TEST_STEP][PASSED] - Statement - actualList1.add(i, secondStoreListBox.get(i).getText()): null

2018-06-18 14:14:46 - [TEST_STEP][PASSED] - Statement - actualList1.add(i, secondStoreListBox.get(i).getText()): null

2018-06-18 14:14:46 - [TEST_STEP][PASSED] - Statement - actualList1.add(i, secondStoreListBox.get(i).getText()): null

2018-06-18 14:14:46 - [TEST_STEP][PASSED] - Statement - actualList1.add(i, secondStoreListBox.get(i).getText()): null

2018-06-18 14:14:46 - [TEST_STEP][PASSED] - Statement - actualList1.add(i, secondStoreListBox.get(i).getText()): null

2018-06-18 14:14:46 - [TEST_STEP][PASSED] - Statement - actualList1.add(i, secondStoreListBox.get(i).getText()): null

2018-06-18 14:14:46 - [TEST_STEP][PASSED] - Statement - actualList1.add(i, secondStoreListBox.get(i).getText()): null

2018-06-18 14:14:46 - [TEST_STEP][PASSED] - Statement - actualList1.add(i, secondStoreListBox.get(i).getText()): null

2018-06-18 14:14:46 - [TEST_STEP][PASSED] - Statement - actualList1.add(i, secondStoreListBox.get(i).getText()): null

2018-06-18 14:14:46 - [TEST_STEP][PASSED] - Statement - actualList1.add(i, secondStoreListBox.get(i).getText()): null

2018-06-18 14:14:46 - [TEST_STEP][PASSED] - Statement - actualList1.add(i, secondStoreListBox.get(i).getText()): null

2018-06-18 14:14:46 - [TEST_STEP][PASSED] - Statement - actualList1.add(i, secondStoreListBox.get(i).getText()): null

2018-06-18 14:14:46 - [TEST_STEP][PASSED] - Statement - actualList1.add(i, secondStoreListBox.get(i).getText()): null

2018-06-18 14:14:46 - [TEST_STEP][PASSED] - Statement - actualList1.add(i, secondStoreListBox.get(i).getText()): null

2018-06-18 14:14:46 - [TEST_STEP][PASSED] - Statement - actualList1.add(i, secondStoreListBox.get(i).getText()): null

2018-06-18 14:14:46 - [TEST_STEP][PASSED] - Statement - actualList1.add(i, secondStoreListBox.get(i).getText()): null

2018-06-18 14:14:46 - [TEST_STEP][PASSED] - Statement - actualList1.add(i, secondStoreListBox.get(i).getText()): null

2018-06-18 14:14:46 - [TEST_STEP][PASSED] - Statement - actualList1.add(i, secondStoreListBox.get(i).getText()): null

2018-06-18 14:14:46 - [TEST_STEP][PASSED] - Statement - actualList1.add(i, secondStoreListBox.get(i).getText()): null

2018-06-18 14:14:46 - [TEST_STEP][PASSED] - Statement - actualList1.add(i, secondStoreListBox.get(i).getText()): null

2018-06-18 14:14:46 - [TEST_STEP][PASSED] - Statement - actualList1.add(i, secondStoreListBox.get(i).getText()): null

2018-06-18 14:14:46 - [TEST_STEP][PASSED] - Statement - actualList1.add(i, secondStoreListBox.get(i).getText()): null

2018-06-18 14:14:46 - [TEST_STEP][PASSED] - Statement - actualList1.add(i, secondStoreListBox.get(i).getText()): null

2018-06-18 14:14:46 - [TEST_STEP][PASSED] - Statement - actualList1.add(i, secondStoreListBox.get(i).getText()): null

2018-06-18 14:14:46 - [TEST_STEP][PASSED] - Statement - actualList1.add(i, secondStoreListBox.get(i).getText()): null

2018-06-18 14:14:46 - [TEST_STEP][PASSED] - Statement - actualList1.add(i, secondStoreListBox.get(i).getText()): null

2018-06-18 14:14:46 - [TEST_STEP][PASSED] - Statement - actualList1.add(i, secondStoreListBox.get(i).getText()): null

2018-06-18 14:14:46 - [TEST_STEP][PASSED] - Statement - actualList1.add(i, secondStoreListBox.get(i).getText()): null

2018-06-18 14:14:46 - [TEST_STEP][PASSED] - Statement - actualList1.add(i, secondStoreListBox.get(i).getText()): null

2018-06-18 14:14:46 - [TEST_STEP][PASSED] - Statement - actualList1.add(i, secondStoreListBox.get(i).getText()): null

2018-06-18 14:14:46 - [TEST_STEP][PASSED] - Statement - actualList1.add(i, secondStoreListBox.get(i).getText()): null

2018-06-18 14:14:46 - [TEST_STEP][PASSED] - Statement - actualList1.add(i, secondStoreListBox.get(i).getText()): null

2018-06-18 14:14:46 - [TEST_STEP][PASSED] - Statement - actualList1.add(i, secondStoreListBox.get(i).getText()): null

2018-06-18 14:14:46 - [TEST_STEP][PASSED] - Statement - actualList1.add(i, secondStoreListBox.get(i).getText()): null

2018-06-18 14:14:46 - [TEST_STEP][PASSED] - Statement - actualList1.add(i, secondStoreListBox.get(i).getText()): null

2018-06-18 14:14:46 - [TEST_STEP][PASSED] - Statement - actualList1.add(i, secondStoreListBox.get(i).getText()): null

2018-06-18 14:14:46 - [TEST_STEP][PASSED] - Statement - actualList1.add(i, secondStoreListBox.get(i).getText()): null

2018-06-18 14:14:46 - [TEST_STEP][PASSED] - Statement - actualList1.add(i, secondStoreListBox.get(i).getText()): null

2018-06-18 14:14:46 - [TEST_STEP][PASSED] - Statement - actualList1.add(i, secondStoreListBox.get(i).getText()): null

2018-06-18 14:14:46 - [TEST_STEP][PASSED] - Statement - actualList1.add(i, secondStoreListBox.get(i).getText()): null

2018-06-18 14:14:46 - [TEST_STEP][PASSED] - Statement - actualList1.add(i, secondStoreListBox.get(i).getText()): null

2018-06-18 14:14:46 - [TEST_STEP][PASSED] - Statement - actualList1.add(i, secondStoreListBox.get(i).getText()): null

2018-06-18 14:14:46 - [TEST_STEP][PASSED] - Statement - actualList1.add(i, secondStoreListBox.get(i).getText()): null

2018-06-18 14:14:46 - [TEST_STEP][PASSED] - Statement - actualList1.add(i, secondStoreListBox.get(i).getText()): null

2018-06-18 14:14:46 - [TEST_STEP][PASSED] - Statement - actualList1.add(i, secondStoreListBox.get(i).getText()): null

2018-06-18 14:14:46 - [TEST_STEP][PASSED] - Statement - actualList1.add(i, secondStoreListBox.get(i).getText()): null

2018-06-18 14:14:46 - [TEST_STEP][PASSED] - Statement - actualList1.add(i, secondStoreListBox.get(i).getText()): null

2018-06-18 14:14:46 - [TEST_STEP][PASSED] - Statement - actualList1.add(i, secondStoreListBox.get(i).getText()): null

2018-06-18 14:14:46 - [TEST_STEP][PASSED] - Statement - actualList1.add(i, secondStoreListBox.get(i).getText()): null

2018-06-18 14:14:46 - [TEST_STEP][PASSED] - Statement - actualList1.add(i, secondStoreListBox.get(i).getText()): null

2018-06-18 14:14:46 - [TEST_STEP][PASSED] - Statement - actualList1.add(i, secondStoreListBox.get(i).getText()): null

2018-06-18 14:14:46 - [TEST_STEP][PASSED] - Statement - actualList1.add(i, secondStoreListBox.get(i).getText()): null

2018-06-18 14:14:46 - [TEST_STEP][PASSED] - Statement - actualList1.add(i, secondStoreListBox.get(i).getText()): null

2018-06-18 14:14:46 - [TEST_STEP][PASSED] - Statement - actualList1.add(i, secondStoreListBox.get(i).getText()): null

2018-06-18 14:14:46 - [TEST_STEP][PASSED] - Statement - actualList1.add(i, secondStoreListBox.get(i).getText()): null

2018-06-18 14:14:47 - [TEST_STEP][PASSED] - Statement - actualList1.add(i, secondStoreListBox.get(i).getText()): null

2018-06-18 14:14:47 - [TEST_STEP][PASSED] - Statement - actualList1.add(i, secondStoreListBox.get(i).getText()): null

2018-06-18 14:14:47 - [TEST_STEP][PASSED] - Statement - actualList1.add(i, secondStoreListBox.get(i).getText()): null

2018-06-18 14:14:47 - [TEST_STEP][PASSED] - Statement - actualList1.add(i, secondStoreListBox.get(i).getText()): null

2018-06-18 14:14:47 - [TEST_STEP][PASSED] - Statement - actualList1.add(i, secondStoreListBox.get(i).getText()): null

2018-06-18 14:14:47 - [TEST_STEP][PASSED] - Statement - actualList1.add(i, secondStoreListBox.get(i).getText()): null

2018-06-18 14:14:47 - [TEST_STEP][PASSED] - Statement - actualList1.add(i, secondStoreListBox.get(i).getText()): null

2018-06-18 14:14:47 - [TEST_STEP][PASSED] - Statement - actualList1.add(i, secondStoreListBox.get(i).getText()): null

2018-06-18 14:14:47 - [TEST_STEP][PASSED] - Statement - actualList1.add(i, secondStoreListBox.get(i).getText()): null

2018-06-18 14:14:47 - [TEST_STEP][PASSED] - Statement - actualList1.add(i, secondStoreListBox.get(i).getText()): null

2018-06-18 14:14:47 - [TEST_STEP][PASSED] - Statement - actualList1.add(i, secondStoreListBox.get(i).getText()): null

2018-06-18 14:14:47 - [TEST_STEP][PASSED] - Statement - actualList1.add(i, secondStoreListBox.get(i).getText()): null

2018-06-18 14:14:47 - [TEST_STEP][PASSED] - Statement - actualList1.add(i, secondStoreListBox.get(i).getText()): null

2018-06-18 14:14:47 - [TEST_STEP][PASSED] - Statement - actualList1.add(i, secondStoreListBox.get(i).getText()): null

2018-06-18 14:14:47 - [TEST_STEP][PASSED] - Statement - actualList1.add(i, secondStoreListBox.get(i).getText()): null

2018-06-18 14:14:47 - [TEST_STEP][PASSED] - Statement - actualList1.add(i, secondStoreListBox.get(i).getText()): null

2018-06-18 14:14:47 - [TEST_STEP][PASSED] - Statement - actualList1.add(i, secondStoreListBox.get(i).getText()): null

2018-06-18 14:14:47 - [TEST_STEP][PASSED] - Statement - actualList1.add(i, secondStoreListBox.get(i).getText()): null

2018-06-18 14:14:47 - [TEST_STEP][PASSED] - Statement - actualList1.add(i, secondStoreListBox.get(i).getText()): null

2018-06-18 14:14:47 - [TEST_STEP][PASSED] - Statement - actualList1.add(i, secondStoreListBox.get(i).getText()): null

2018-06-18 14:14:47 - [TEST_STEP][PASSED] - Statement - actualList1.add(i, secondStoreListBox.get(i).getText()): null

2018-06-18 14:14:47 - [TEST_STEP][PASSED] - Statement - actualList1.add(i, secondStoreListBox.get(i).getText()): null

2018-06-18 14:14:47 - [TEST_STEP][PASSED] - Statement - actualList1.add(i, secondStoreListBox.get(i).getText()): null

2018-06-18 14:14:47 - [TEST_STEP][PASSED] - Statement - actualList1.add(i, secondStoreListBox.get(i).getText()): null

2018-06-18 14:14:47 - [TEST_STEP][PASSED] - Statement - actualList1.add(i, secondStoreListBox.get(i).getText()): null

2018-06-18 14:14:47 - [TEST_STEP][PASSED] - Statement - actualList1.add(i, secondStoreListBox.get(i).getText()): null

2018-06-18 14:14:47 - [TEST_STEP][PASSED] - Statement - actualList1.add(i, secondStoreListBox.get(i).getText()): null

2018-06-18 14:14:47 - [TEST_STEP][PASSED] - Statement - actualList1.add(i, secondStoreListBox.get(i).getText()): null

2018-06-18 14:14:47 - [TEST_STEP][PASSED] - Statement - actualList1.add(i, secondStoreListBox.get(i).getText()): null

2018-06-18 14:14:47 - [TEST_STEP][PASSED] - Statement - actualList1.add(i, secondStoreListBox.get(i).getText()): null

2018-06-18 14:14:47 - [TEST_STEP][PASSED] - Statement - actualList1.add(i, secondStoreListBox.get(i).getText()): null

2018-06-18 14:14:47 - [TEST_STEP][PASSED] - Statement - actualList1.add(i, secondStoreListBox.get(i).getText()): null

2018-06-18 14:14:47 - [TEST_STEP][PASSED] - Statement - actualList1.add(i, secondStoreListBox.get(i).getText()): null

2018-06-18 14:14:47 - [TEST_STEP][PASSED] - Statement - actualList1.add(i, secondStoreListBox.get(i).getText()): null

2018-06-18 14:14:47 - [TEST_STEP][PASSED] - Statement - actualList1.add(i, secondStoreListBox.get(i).getText()): null

2018-06-18 14:14:47 - [TEST_STEP][PASSED] - Statement - actualList1.add(i, secondStoreListBox.get(i).getText()): null

2018-06-18 14:14:47 - [TEST_STEP][PASSED] - Statement - actualList1.add(i, secondStoreListBox.get(i).getText()): null

2018-06-18 14:14:47 - [TEST_STEP][PASSED] - Statement - actualList1.add(i, secondStoreListBox.get(i).getText()): null

2018-06-18 14:14:47 - [TEST_STEP][PASSED] - Statement - actualList1.add(i, secondStoreListBox.get(i).getText()): null

2018-06-18 14:14:47 - [TEST_STEP][PASSED] - Statement - actualList1.add(i, secondStoreListBox.get(i).getText()): null

2018-06-18 14:14:47 - [TEST_STEP][PASSED] - Statement - actualList1.add(i, secondStoreListBox.get(i).getText()): null

2018-06-18 14:14:47 - [TEST_STEP][PASSED] - Statement - actualList1.add(i, secondStoreListBox.get(i).getText()): null

2018-06-18 14:14:47 - [TEST_STEP][PASSED] - Statement - actualList1.add(i, secondStoreListBox.get(i).getText()): null

2018-06-18 14:14:47 - [TEST_STEP][PASSED] - Statement - actualList1.add(i, secondStoreListBox.get(i).getText()): null

2018-06-18 14:14:47 - [TEST_STEP][PASSED] - Statement - actualList1.add(i, secondStoreListBox.get(i).getText()): null

2018-06-18 14:14:47 - [TEST_STEP][PASSED] - Statement - actualList1.add(i, secondStoreListBox.get(i).getText()): null

2018-06-18 14:14:47 - [TEST_STEP][PASSED] - Statement - actualList1.add(i, secondStoreListBox.get(i).getText()): null

2018-06-18 14:14:47 - [TEST_STEP][PASSED] - Statement - actualList1.add(i, secondStoreListBox.get(i).getText()): null

2018-06-18 14:14:47 - [TEST_STEP][PASSED] - Statement - actualList1.add(i, secondStoreListBox.get(i).getText()): null

2018-06-18 14:14:47 - [TEST_STEP][PASSED] - Statement - actualList1.add(i, secondStoreListBox.get(i).getText()): null

2018-06-18 14:14:47 - [TEST_STEP][PASSED] - Statement - actualList1.add(i, secondStoreListBox.get(i).getText()): null

2018-06-18 14:14:47 - [TEST_STEP][PASSED] - Statement - actualList1.add(i, secondStoreListBox.get(i).getText()): null

2018-06-18 14:14:47 - [TEST_STEP][PASSED] - Statement - actualList1.add(i, secondStoreListBox.get(i).getText()): null

2018-06-18 14:14:47 - [TEST_STEP][PASSED] - Statement - actualList1.add(i, secondStoreListBox.get(i).getText()): null

2018-06-18 14:14:47 - [TEST_STEP][PASSED] - Statement - actualList1.add(i, secondStoreListBox.get(i).getText()): null

2018-06-18 14:14:47 - [TEST_STEP][PASSED] - Statement - actualList1.add(i, secondStoreListBox.get(i).getText()): null

2018-06-18 14:14:47 - [TEST_STEP][PASSED] - Statement - actualList1.add(i, secondStoreListBox.get(i).getText()): null

2018-06-18 14:14:47 - [TEST_STEP][PASSED] - Statement - actualList1.add(i, secondStoreListBox.get(i).getText()): null

2018-06-18 14:14:47 - [TEST_STEP][PASSED] - Statement - actualList1.add(i, secondStoreListBox.get(i).getText()): null

2018-06-18 14:14:47 - [TEST_STEP][PASSED] - Statement - actualList1.add(i, secondStoreListBox.get(i).getText()): null

2018-06-18 14:14:47 - [TEST_STEP][PASSED] - Statement - actualList1.add(i, secondStoreListBox.get(i).getText()): null

2018-06-18 14:14:47 - [TEST_STEP][PASSED] - Statement - actualList1.add(i, secondStoreListBox.get(i).getText()): null

2018-06-18 14:14:47 - [TEST_STEP][PASSED] - Statement - actualList1.add(i, secondStoreListBox.get(i).getText()): null

2018-06-18 14:14:47 - [TEST_STEP][PASSED] - Statement - actualList1.add(i, secondStoreListBox.get(i).getText()): null

2018-06-18 14:14:48 - [TEST_STEP][PASSED] - Statement - actualList1.add(i, secondStoreListBox.get(i).getText()): null

2018-06-18 14:14:48 - [TEST_STEP][PASSED] - Statement - actualList1.add(i, secondStoreListBox.get(i).getText()): null

2018-06-18 14:14:48 - [TEST_STEP][PASSED] - Statement - actualList1.add(i, secondStoreListBox.get(i).getText()): null

2018-06-18 14:14:48 - [TEST_STEP][PASSED] - Statement - actualList1.add(i, secondStoreListBox.get(i).getText()): null

2018-06-18 14:14:48 - [TEST_STEP][PASSED] - Statement - actualList1.add(i, secondStoreListBox.get(i).getText()): null

2018-06-18 14:14:48 - [TEST_STEP][PASSED] - Statement - actualList1.add(i, secondStoreListBox.get(i).getText()): null

2018-06-18 14:14:48 - [TEST_STEP][PASSED] - Statement - actualList1.add(i, secondStoreListBox.get(i).getText()): null

2018-06-18 14:14:48 - [TEST_STEP][PASSED] - Statement - actualList1.add(i, secondStoreListBox.get(i).getText()): null

2018-06-18 14:14:48 - [TEST_STEP][PASSED] - Statement - actualList1.add(i, secondStoreListBox.get(i).getText()): null

2018-06-18 14:14:48 - [TEST_STEP][PASSED] - Statement - actualList1.add(i, secondStoreListBox.get(i).getText()): null

2018-06-18 14:14:48 - [TEST_STEP][PASSED] - Statement - actualList1.add(i, secondStoreListBox.get(i).getText()): null

2018-06-18 14:14:48 - [TEST_STEP][PASSED] - Statement - actualList1.add(i, secondStoreListBox.get(i).getText()): null

2018-06-18 14:14:48 - [TEST_STEP][PASSED] - Statement - actualList1.add(i, secondStoreListBox.get(i).getText()): null

2018-06-18 14:14:48 - [TEST_STEP][PASSED] - Statement - actualList1.add(i, secondStoreListBox.get(i).getText()): null

2018-06-18 14:14:48 - [TEST_STEP][PASSED] - Statement - actualList1.add(i, secondStoreListBox.get(i).getText()): null

2018-06-18 14:14:48 - [TEST_STEP][PASSED] - Statement - actualList1.add(i, secondStoreListBox.get(i).getText()): null

2018-06-18 14:14:48 - [TEST_STEP][PASSED] - Statement - actualList1.add(i, secondStoreListBox.get(i).getText()): null

2018-06-18 14:14:48 - [TEST_STEP][PASSED] - Statement - actualList1.add(i, secondStoreListBox.get(i).getText()): null

2018-06-18 14:14:48 - [TEST_STEP][PASSED] - Statement - actualList1.add(i, secondStoreListBox.get(i).getText()): null

2018-06-18 14:14:48 - [TEST_STEP][PASSED] - Statement - actualList1.add(i, secondStoreListBox.get(i).getText()): null

2018-06-18 14:14:48 - [TEST_STEP][PASSED] - Statement - actualList1.add(i, secondStoreListBox.get(i).getText()): null

2018-06-18 14:14:48 - [TEST_STEP][PASSED] - Statement - actualList1.add(i, secondStoreListBox.get(i).getText()): null

2018-06-18 14:14:48 - [TEST_STEP][PASSED] - Statement - actualList1.add(i, secondStoreListBox.get(i).getText()): null

2018-06-18 14:14:48 - [TEST_STEP][PASSED] - Statement - actualList1.add(i, secondStoreListBox.get(i).getText()): null

2018-06-18 14:14:48 - [TEST_STEP][PASSED] - Statement - actualList1.add(i, secondStoreListBox.get(i).getText()): null

2018-06-18 14:14:48 - [TEST_STEP][PASSED] - Statement - actualList1.add(i, secondStoreListBox.get(i).getText()): null

2018-06-18 14:14:48 - [TEST_STEP][PASSED] - Statement - actualList1.add(i, secondStoreListBox.get(i).getText()): null

2018-06-18 14:14:48 - [TEST_STEP][PASSED] - Statement - actualList1.add(i, secondStoreListBox.get(i).getText()): null

2018-06-18 14:14:48 - [TEST_STEP][PASSED] - Statement - actualList1.add(i, secondStoreListBox.get(i).getText()): null

2018-06-18 14:14:48 - [TEST_STEP][PASSED] - Statement - actualList1.add(i, secondStoreListBox.get(i).getText()): null

2018-06-18 14:14:48 - [TEST_STEP][PASSED] - Statement - actualList1.add(i, secondStoreListBox.get(i).getText()): null

2018-06-18 14:14:48 - [TEST_STEP][PASSED] - Statement - actualList1.add(i, secondStoreListBox.get(i).getText()): null

2018-06-18 14:14:48 - [TEST_STEP][PASSED] - Statement - actualList1.add(i, secondStoreListBox.get(i).getText()): null

2018-06-18 14:14:48 - [TEST_STEP][PASSED] - Statement - actualList1.add(i, secondStoreListBox.get(i).getText()): null

2018-06-18 14:14:48 - [TEST_STEP][PASSED] - Statement - actualList1.add(i, secondStoreListBox.get(i).getText()): null

2018-06-18 14:14:48 - [TEST_STEP][PASSED] - Statement - actualList1.add(i, secondStoreListBox.get(i).getText()): null

2018-06-18 14:14:48 - [TEST_STEP][PASSED] - Statement - actualList1.add(i, secondStoreListBox.get(i).getText()): null

2018-06-18 14:14:48 - [TEST_STEP][PASSED] - Statement - actualList1.add(i, secondStoreListBox.get(i).getText()): null

2018-06-18 14:14:48 - [TEST_STEP][PASSED] - Statement - actualList1.add(i, secondStoreListBox.get(i).getText()): null

2018-06-18 14:14:48 - [TEST_STEP][PASSED] - Statement - actualList1.add(i, secondStoreListBox.get(i).getText()): null

2018-06-18 14:14:48 - [TEST_STEP][PASSED] - Statement - actualList1.add(i, secondStoreListBox.get(i).getText()): null

2018-06-18 14:14:48 - [TEST_STEP][PASSED] - Statement - actualList1.add(i, secondStoreListBox.get(i).getText()): null

2018-06-18 14:14:48 - [TEST_STEP][PASSED] - Statement - actualList1.add(i, secondStoreListBox.get(i).getText()): null

2018-06-18 14:14:48 - [TEST_STEP][PASSED] - Statement - actualList1.add(i, secondStoreListBox.get(i).getText()): null

2018-06-18 14:14:48 - [TEST_STEP][PASSED] - Statement - actualList1.add(i, secondStoreListBox.get(i).getText()): null

2018-06-18 14:14:48 - [TEST_STEP][PASSED] - Statement - actualList1.add(i, secondStoreListBox.get(i).getText()): null

2018-06-18 14:14:48 - [TEST_STEP][PASSED] - Statement - out.println(actualList1): null

2018-06-18 14:14:48 - [TEST_STEP][PASSED] - delay: Delayed 10 second(s)

2018-06-18 14:14:58 - [MESSAGE][PASSED] - Delayed 10 second(s)

2018-06-18 14:14:58 - [TEST_STEP][PASSED] - Statement - If (actualList1.containsAll(groupStoresList)): null

2018-06-18 14:14:58 - [TEST_STEP][PASSED] - Statement - println("Moved stores are displayed in Group/Stores in Group listbox"): null

2018-06-18 14:14:58 - [TEST_STEP][PASSED] - uiaction.CommonUIActions.click: uiaction.CommonUIActions.click is PASSED

2018-06-18 14:14:58 - [MESSAGE][PASSED] - uiaction.CommonUIActions.click is PASSED

2018-06-18 14:14:58 - [TEST_STEP][PASSED] - delay: Delayed 10 second(s)

2018-06-18 14:15:08 - [MESSAGE][PASSED] - Delayed 10 second(s)

2018-06-18 14:15:08 - [TEST_STEP][PASSED] - uiaction.CommonUIActions.back: uiaction.CommonUIActions.back is PASSED

2018-06-18 14:15:08 - [MESSAGE][PASSED] - Navigate back successfully

2018-06-18 14:15:08 - [MESSAGE][PASSED] - uiaction.CommonUIActions.back is PASSED

2018-06-18 14:15:08 - [TEST_STEP][PASSED] - delay: Delayed 5 second(s)

2018-06-18 14:15:13 - [MESSAGE][PASSED] - Delayed 5 second(s)

2018-06-18 14:15:13 - [TEST_STEP][PASSED] - uiaction.CommonUIActions.back: uiaction.CommonUIActions.back is PASSED

2018-06-18 14:15:13 - [MESSAGE][PASSED] - Navigate back successfully

2018-06-18 14:15:13 - [MESSAGE][PASSED] - uiaction.CommonUIActions.back is PASSED

2018-06-18 14:15:13 - [TEST_STEP][PASSED] - delay: Delayed 5 second(s)

2018-06-18 14:15:18 - [MESSAGE][PASSED] - Delayed 5 second(s)

2018-06-18 14:15:18 - [TEST_STEP][PASSED] - uiaction.CommonUIActions.click: uiaction.CommonUIActions.click is PASSED

2018-06-18 14:15:18 - [MESSAGE][PASSED] - uiaction.CommonUIActions.click is PASSED

2018-06-18 14:15:18 - [TEST_STEP][PASSED] - Statement - subGroupList = new java.util.ArrayList(): null

2018-06-18 14:15:18 - [TEST_STEP][PASSED] - Statement - For ([i = 1, i <= size, (i++)]): null

2018-06-18 14:15:18 - [TEST_STEP][PASSED] - Statement - groupXpath = "(//span[@title='" + groupName + "']/following-sibling::ul/li/span[3]/span[2])[" + i + "]": null

2018-06-18 14:15:18 - [TEST_STEP][PASSED] - Statement - println(groupXpath): null

2018-06-18 14:15:18 - [TEST_STEP][PASSED] - Statement - childgroup = driver.findElement(org.openqa.selenium.By.xpath(groupXpath)).getText(): null

2018-06-18 14:15:18 - [TEST_STEP][PASSED] - Statement - println(childgroup): null

2018-06-18 14:15:18 - [TEST_STEP][PASSED] - Statement - subGroupList[i - 1] = childgroup: null

2018-06-18 14:15:18 - [TEST_STEP][PASSED] - Statement - groupXpath = "(//span[@title='" + groupName + "']/following-sibling::ul/li/span[3]/span[2])[" + i + "]": null

2018-06-18 14:15:18 - [TEST_STEP][PASSED] - Statement - println(groupXpath): null

2018-06-18 14:15:18 - [TEST_STEP][PASSED] - Statement - childgroup = driver.findElement(org.openqa.selenium.By.xpath(groupXpath)).getText(): null

2018-06-18 14:15:19 - [TEST_STEP][PASSED] - Statement - println(childgroup): null

2018-06-18 14:15:19 - [TEST_STEP][PASSED] - Statement - subGroupList[i - 1] = childgroup: null

2018-06-18 14:15:19 - [TEST_STEP][PASSED] - Statement - groupXpath = "(//span[@title='" + groupName + "']/following-sibling::ul/li/span[3]/span[2])[" + i + "]": null

2018-06-18 14:15:19 - [TEST_STEP][PASSED] - Statement - println(groupXpath): null

2018-06-18 14:15:19 - [TEST_STEP][PASSED] - Statement - childgroup = driver.findElement(org.openqa.selenium.By.xpath(groupXpath)).getText(): null

2018-06-18 14:15:19 - [TEST_STEP][PASSED] - Statement - println(childgroup): null

2018-06-18 14:15:19 - [TEST_STEP][PASSED] - Statement - subGroupList[i - 1] = childgroup: null

2018-06-18 14:15:19 - [TEST_STEP][PASSED] - Statement - groupXpath = "(//span[@title='" + groupName + "']/following-sibling::ul/li/span[3]/span[2])[" + i + "]": null

2018-06-18 14:15:19 - [TEST_STEP][PASSED] - Statement - println(groupXpath): null

2018-06-18 14:15:19 - [TEST_STEP][PASSED] - Statement - childgroup = driver.findElement(org.openqa.selenium.By.xpath(groupXpath)).getText(): null

2018-06-18 14:15:19 - [TEST_STEP][PASSED] - Statement - println(childgroup): null

2018-06-18 14:15:19 - [TEST_STEP][PASSED] - Statement - subGroupList[i - 1] = childgroup: null

2018-06-18 14:15:19 - [TEST_STEP][PASSED] - Statement - groupXpath = "(//span[@title='" + groupName + "']/following-sibling::ul/li/span[3]/span[2])[" + i + "]": null

2018-06-18 14:15:19 - [TEST_STEP][PASSED] - Statement - println(groupXpath): null

2018-06-18 14:15:19 - [TEST_STEP][PASSED] - Statement - childgroup = driver.findElement(org.openqa.selenium.By.xpath(groupXpath)).getText(): null

2018-06-18 14:15:19 - [TEST_STEP][PASSED] - Statement - println(childgroup): null

2018-06-18 14:15:19 - [TEST_STEP][PASSED] - Statement - subGroupList[i - 1] = childgroup: null

2018-06-18 14:15:19 - [TEST_STEP][PASSED] - Statement - groupXpath = "(//span[@title='" + groupName + "']/following-sibling::ul/li/span[3]/span[2])[" + i + "]": null

2018-06-18 14:15:19 - [TEST_STEP][PASSED] - Statement - println(groupXpath): null

2018-06-18 14:15:19 - [TEST_STEP][PASSED] - Statement - childgroup = driver.findElement(org.openqa.selenium.By.xpath(groupXpath)).getText(): null

2018-06-18 14:15:19 - [TEST_STEP][PASSED] - Statement - println(childgroup): null

2018-06-18 14:15:19 - [TEST_STEP][PASSED] - Statement - subGroupList[i - 1] = childgroup: null

2018-06-18 14:15:19 - [TEST_STEP][PASSED] - Statement - groupXpath = "(//span[@title='" + groupName + "']/following-sibling::ul/li/span[3]/span[2])[" + i + "]": null

2018-06-18 14:15:19 - [TEST_STEP][PASSED] - Statement - println(groupXpath): null

2018-06-18 14:15:19 - [TEST_STEP][PASSED] - Statement - childgroup = driver.findElement(org.openqa.selenium.By.xpath(groupXpath)).getText(): null

2018-06-18 14:15:19 - [TEST_STEP][PASSED] - Statement - println(childgroup): null

2018-06-18 14:15:19 - [TEST_STEP][PASSED] - Statement - subGroupList[i - 1] = childgroup: null

2018-06-18 14:15:19 - [TEST_STEP][PASSED] - Statement - groupXpath = "(//span[@title='" + groupName + "']/following-sibling::ul/li/span[3]/span[2])[" + i + "]": null

2018-06-18 14:15:19 - [TEST_STEP][PASSED] - Statement - println(groupXpath): null

2018-06-18 14:15:19 - [TEST_STEP][PASSED] - Statement - childgroup = driver.findElement(org.openqa.selenium.By.xpath(groupXpath)).getText(): null

2018-06-18 14:15:19 - [TEST_STEP][PASSED] - Statement - println(childgroup): null

2018-06-18 14:15:19 - [TEST_STEP][PASSED] - Statement - subGroupList[i - 1] = childgroup: null

2018-06-18 14:15:19 - [TEST_STEP][PASSED] - Statement - groupXpath = "(//span[@title='" + groupName + "']/following-sibling::ul/li/span[3]/span[2])[" + i + "]": null

2018-06-18 14:15:19 - [TEST_STEP][PASSED] - Statement - println(groupXpath): null

2018-06-18 14:15:19 - [TEST_STEP][PASSED] - Statement - childgroup = driver.findElement(org.openqa.selenium.By.xpath(groupXpath)).getText(): null

2018-06-18 14:15:19 - [TEST_STEP][PASSED] - Statement - println(childgroup): null

2018-06-18 14:15:19 - [TEST_STEP][PASSED] - Statement - subGroupList[i - 1] = childgroup: null

2018-06-18 14:15:19 - [TEST_STEP][PASSED] - Statement - groupXpath = "(//span[@title='" + groupName + "']/following-sibling::ul/li/span[3]/span[2])[" + i + "]": null

2018-06-18 14:15:19 - [TEST_STEP][PASSED] - Statement - println(groupXpath): null

2018-06-18 14:15:19 - [TEST_STEP][PASSED] - Statement - childgroup = driver.findElement(org.openqa.selenium.By.xpath(groupXpath)).getText(): null

2018-06-18 14:15:19 - [TEST_STEP][PASSED] - Statement - println(childgroup): null

2018-06-18 14:15:19 - [TEST_STEP][PASSED] - Statement - subGroupList[i - 1] = childgroup: null

2018-06-18 14:15:19 - [TEST_STEP][PASSED] - Statement - groupXpath = "(//span[@title='" + groupName + "']/following-sibling::ul/li/span[3]/span[2])[" + i + "]": null

2018-06-18 14:15:19 - [TEST_STEP][PASSED] - Statement - println(groupXpath): null

2018-06-18 14:15:19 - [TEST_STEP][PASSED] - Statement - childgroup = driver.findElement(org.openqa.selenium.By.xpath(groupXpath)).getText(): null

2018-06-18 14:15:19 - [TEST_STEP][PASSED] - Statement - println(childgroup): null

2018-06-18 14:15:19 - [TEST_STEP][PASSED] - Statement - subGroupList[i - 1] = childgroup: null

2018-06-18 14:15:19 - [TEST_STEP][PASSED] - Statement - groupXpath = "(//span[@title='" + groupName + "']/following-sibling::ul/li/span[3]/span[2])[" + i + "]": null

2018-06-18 14:15:19 - [TEST_STEP][PASSED] - Statement - println(groupXpath): null

2018-06-18 14:15:19 - [TEST_STEP][PASSED] - Statement - childgroup = driver.findElement(org.openqa.selenium.By.xpath(groupXpath)).getText(): null

2018-06-18 14:15:19 - [TEST_STEP][PASSED] - Statement - println(childgroup): null

2018-06-18 14:15:19 - [TEST_STEP][PASSED] - Statement - subGroupList[i - 1] = childgroup: null

2018-06-18 14:15:19 - [TEST_STEP][PASSED] - Statement - groupXpath = "(//span[@title='" + groupName + "']/following-sibling::ul/li/span[3]/span[2])[" + i + "]": null

2018-06-18 14:15:19 - [TEST_STEP][PASSED] - Statement - println(groupXpath): null

2018-06-18 14:15:19 - [TEST_STEP][PASSED] - Statement - childgroup = driver.findElement(org.openqa.selenium.By.xpath(groupXpath)).getText(): null

2018-06-18 14:15:19 - [TEST_STEP][PASSED] - Statement - println(childgroup): null

2018-06-18 14:15:19 - [TEST_STEP][PASSED] - Statement - subGroupList[i - 1] = childgroup: null

2018-06-18 14:15:19 - [TEST_STEP][PASSED] - Statement - groupXpath = "(//span[@title='" + groupName + "']/following-sibling::ul/li/span[3]/span[2])[" + i + "]": null

2018-06-18 14:15:19 - [TEST_STEP][PASSED] - Statement - println(groupXpath): null

2018-06-18 14:15:19 - [TEST_STEP][PASSED] - Statement - childgroup = driver.findElement(org.openqa.selenium.By.xpath(groupXpath)).getText(): null

2018-06-18 14:15:19 - [TEST_STEP][PASSED] - Statement - println(childgroup): null

2018-06-18 14:15:19 - [TEST_STEP][PASSED] - Statement - subGroupList[i - 1] = childgroup: null

2018-06-18 14:15:19 - [TEST_STEP][PASSED] - Statement - groupXpath = "(//span[@title='" + groupName + "']/following-sibling::ul/li/span[3]/span[2])[" + i + "]": null

2018-06-18 14:15:19 - [TEST_STEP][PASSED] - Statement - println(groupXpath): null

2018-06-18 14:15:19 - [TEST_STEP][PASSED] - Statement - childgroup = driver.findElement(org.openqa.selenium.By.xpath(groupXpath)).getText(): null

2018-06-18 14:15:19 - [TEST_STEP][PASSED] - Statement - println(childgroup): null

2018-06-18 14:15:19 - [TEST_STEP][PASSED] - Statement - subGroupList[i - 1] = childgroup: null

2018-06-18 14:15:19 - [TEST_STEP][PASSED] - Statement - groupXpath = "(//span[@title='" + groupName + "']/following-sibling::ul/li/span[3]/span[2])[" + i + "]": null

2018-06-18 14:15:19 - [TEST_STEP][PASSED] - Statement - println(groupXpath): null

2018-06-18 14:15:19 - [TEST_STEP][PASSED] - Statement - childgroup = driver.findElement(org.openqa.selenium.By.xpath(groupXpath)).getText(): null

2018-06-18 14:15:19 - [TEST_STEP][PASSED] - Statement - println(childgroup): null

2018-06-18 14:15:19 - [TEST_STEP][PASSED] - Statement - subGroupList[i - 1] = childgroup: null

2018-06-18 14:15:19 - [TEST_STEP][PASSED] - Statement - groupXpath = "(//span[@title='" + groupName + "']/following-sibling::ul/li/span[3]/span[2])[" + i + "]": null

2018-06-18 14:15:19 - [TEST_STEP][PASSED] - Statement - println(groupXpath): null

2018-06-18 14:15:19 - [TEST_STEP][PASSED] - Statement - childgroup = driver.findElement(org.openqa.selenium.By.xpath(groupXpath)).getText(): null

2018-06-18 14:15:19 - [TEST_STEP][PASSED] - Statement - println(childgroup): null

2018-06-18 14:15:19 - [TEST_STEP][PASSED] - Statement - subGroupList[i - 1] = childgroup: null

2018-06-18 14:15:19 - [TEST_STEP][PASSED] - Statement - groupXpath = "(//span[@title='" + groupName + "']/following-sibling::ul/li/span[3]/span[2])[" + i + "]": null

2018-06-18 14:15:19 - [TEST_STEP][PASSED] - Statement - println(groupXpath): null

2018-06-18 14:15:19 - [TEST_STEP][PASSED] - Statement - childgroup = driver.findElement(org.openqa.selenium.By.xpath(groupXpath)).getText(): null

2018-06-18 14:15:19 - [TEST_STEP][PASSED] - Statement - println(childgroup): null

2018-06-18 14:15:19 - [TEST_STEP][PASSED] - Statement - subGroupList[i - 1] = childgroup: null

2018-06-18 14:15:19 - [TEST_STEP][PASSED] - Statement - groupXpath = "(//span[@title='" + groupName + "']/following-sibling::ul/li/span[3]/span[2])[" + i + "]": null

2018-06-18 14:15:19 - [TEST_STEP][PASSED] - Statement - println(groupXpath): null

2018-06-18 14:15:19 - [TEST_STEP][PASSED] - Statement - childgroup = driver.findElement(org.openqa.selenium.By.xpath(groupXpath)).getText(): null

2018-06-18 14:15:19 - [TEST_STEP][PASSED] - Statement - println(childgroup): null

2018-06-18 14:15:19 - [TEST_STEP][PASSED] - Statement - subGroupList[i - 1] = childgroup: null

2018-06-18 14:15:19 - [TEST_STEP][PASSED] - Statement - groupXpath = "(//span[@title='" + groupName + "']/following-sibling::ul/li/span[3]/span[2])[" + i + "]": null

2018-06-18 14:15:19 - [TEST_STEP][PASSED] - Statement - println(groupXpath): null

2018-06-18 14:15:19 - [TEST_STEP][PASSED] - Statement - childgroup = driver.findElement(org.openqa.selenium.By.xpath(groupXpath)).getText(): null

2018-06-18 14:15:19 - [TEST_STEP][PASSED] - Statement - println(childgroup): null

2018-06-18 14:15:19 - [TEST_STEP][PASSED] - Statement - subGroupList[i - 1] = childgroup: null

2018-06-18 14:15:19 - [TEST_STEP][PASSED] - Statement - groupXpath = "(//span[@title='" + groupName + "']/following-sibling::ul/li/span[3]/span[2])[" + i + "]": null

2018-06-18 14:15:19 - [TEST_STEP][PASSED] - Statement - println(groupXpath): null

2018-06-18 14:15:19 - [TEST_STEP][PASSED] - Statement - childgroup = driver.findElement(org.openqa.selenium.By.xpath(groupXpath)).getText(): null

2018-06-18 14:15:19 - [TEST_STEP][PASSED] - Statement - println(childgroup): null

2018-06-18 14:15:19 - [TEST_STEP][PASSED] - Statement - subGroupList[i - 1] = childgroup: null

2018-06-18 14:15:19 - [TEST_STEP][PASSED] - Statement - groupXpath = "(//span[@title='" + groupName + "']/following-sibling::ul/li/span[3]/span[2])[" + i + "]": null

2018-06-18 14:15:19 - [TEST_STEP][PASSED] - Statement - println(groupXpath): null

2018-06-18 14:15:19 - [TEST_STEP][PASSED] - Statement - childgroup = driver.findElement(org.openqa.selenium.By.xpath(groupXpath)).getText(): null

2018-06-18 14:15:19 - [TEST_STEP][PASSED] - Statement - println(childgroup): null

2018-06-18 14:15:19 - [TEST_STEP][PASSED] - Statement - subGroupList[i - 1] = childgroup: null

2018-06-18 14:15:19 - [TEST_STEP][PASSED] - Statement - groupXpath = "(//span[@title='" + groupName + "']/following-sibling::ul/li/span[3]/span[2])[" + i + "]": null

2018-06-18 14:15:19 - [TEST_STEP][PASSED] - Statement - println(groupXpath): null

2018-06-18 14:15:19 - [TEST_STEP][PASSED] - Statement - childgroup = driver.findElement(org.openqa.selenium.By.xpath(groupXpath)).getText(): null

2018-06-18 14:15:19 - [TEST_STEP][PASSED] - Statement - println(childgroup): null

2018-06-18 14:15:19 - [TEST_STEP][PASSED] - Statement - subGroupList[i - 1] = childgroup: null

2018-06-18 14:15:19 - [TEST_STEP][PASSED] - Statement - groupXpath = "(//span[@title='" + groupName + "']/following-sibling::ul/li/span[3]/span[2])[" + i + "]": null

2018-06-18 14:15:19 - [TEST_STEP][PASSED] - Statement - println(groupXpath): null

2018-06-18 14:15:19 - [TEST_STEP][PASSED] - Statement - childgroup = driver.findElement(org.openqa.selenium.By.xpath(groupXpath)).getText(): null

2018-06-18 14:15:19 - [TEST_STEP][PASSED] - Statement - println(childgroup): null

2018-06-18 14:15:19 - [TEST_STEP][PASSED] - Statement - subGroupList[i - 1] = childgroup: null

2018-06-18 14:15:19 - [TEST_STEP][PASSED] - Statement - groupXpath = "(//span[@title='" + groupName + "']/following-sibling::ul/li/span[3]/span[2])[" + i + "]": null

2018-06-18 14:15:19 - [TEST_STEP][PASSED] - Statement - println(groupXpath): null

2018-06-18 14:15:19 - [TEST_STEP][PASSED] - Statement - childgroup = driver.findElement(org.openqa.selenium.By.xpath(groupXpath)).getText(): null

2018-06-18 14:15:19 - [TEST_STEP][PASSED] - Statement - println(childgroup): null

2018-06-18 14:15:19 - [TEST_STEP][PASSED] - Statement - subGroupList[i - 1] = childgroup: null

2018-06-18 14:15:19 - [TEST_STEP][PASSED] - Statement - groupXpath = "(//span[@title='" + groupName + "']/following-sibling::ul/li/span[3]/span[2])[" + i + "]": null

2018-06-18 14:15:19 - [TEST_STEP][PASSED] - Statement - println(groupXpath): null

2018-06-18 14:15:19 - [TEST_STEP][PASSED] - Statement - childgroup = driver.findElement(org.openqa.selenium.By.xpath(groupXpath)).getText(): null

2018-06-18 14:15:19 - [TEST_STEP][PASSED] - Statement - println(childgroup): null

2018-06-18 14:15:19 - [TEST_STEP][PASSED] - Statement - subGroupList[i - 1] = childgroup: null

2018-06-18 14:15:19 - [TEST_STEP][PASSED] - Statement - groupXpath = "(//span[@title='" + groupName + "']/following-sibling::ul/li/span[3]/span[2])[" + i + "]": null

2018-06-18 14:15:19 - [TEST_STEP][PASSED] - Statement - println(groupXpath): null

2018-06-18 14:15:19 - [TEST_STEP][PASSED] - Statement - childgroup = driver.findElement(org.openqa.selenium.By.xpath(groupXpath)).getText(): null

2018-06-18 14:15:19 - [TEST_STEP][PASSED] - Statement - println(childgroup): null

2018-06-18 14:15:19 - [TEST_STEP][PASSED] - Statement - subGroupList[i - 1] = childgroup: null

2018-06-18 14:15:19 - [TEST_STEP][PASSED] - Statement - groupXpath = "(//span[@title='" + groupName + "']/following-sibling::ul/li/span[3]/span[2])[" + i + "]": null

2018-06-18 14:15:19 - [TEST_STEP][PASSED] - Statement - println(groupXpath): null

2018-06-18 14:15:19 - [TEST_STEP][PASSED] - Statement - childgroup = driver.findElement(org.openqa.selenium.By.xpath(groupXpath)).getText(): null

2018-06-18 14:15:19 - [TEST_STEP][PASSED] - Statement - println(childgroup): null

2018-06-18 14:15:19 - [TEST_STEP][PASSED] - Statement - subGroupList[i - 1] = childgroup: null

2018-06-18 14:15:19 - [TEST_STEP][PASSED] - Statement - groupXpath = "(//span[@title='" + groupName + "']/following-sibling::ul/li/span[3]/span[2])[" + i + "]": null

2018-06-18 14:15:19 - [TEST_STEP][PASSED] - Statement - println(groupXpath): null

2018-06-18 14:15:19 - [TEST_STEP][PASSED] - Statement - childgroup = driver.findElement(org.openqa.selenium.By.xpath(groupXpath)).getText(): null

2018-06-18 14:15:19 - [TEST_STEP][PASSED] - Statement - println(childgroup): null

2018-06-18 14:15:19 - [TEST_STEP][PASSED] - Statement - subGroupList[i - 1] = childgroup: null

2018-06-18 14:15:19 - [TEST_STEP][PASSED] - Statement - groupXpath = "(//span[@title='" + groupName + "']/following-sibling::ul/li/span[3]/span[2])[" + i + "]": null

2018-06-18 14:15:19 - [TEST_STEP][PASSED] - Statement - println(groupXpath): null

2018-06-18 14:15:19 - [TEST_STEP][PASSED] - Statement - childgroup = driver.findElement(org.openqa.selenium.By.xpath(groupXpath)).getText(): null

2018-06-18 14:15:19 - [TEST_STEP][PASSED] - Statement - println(childgroup): null

2018-06-18 14:15:19 - [TEST_STEP][PASSED] - Statement - subGroupList[i - 1] = childgroup: null

2018-06-18 14:15:19 - [TEST_STEP][PASSED] - Statement - groupXpath = "(//span[@title='" + groupName + "']/following-sibling::ul/li/span[3]/span[2])[" + i + "]": null

2018-06-18 14:15:19 - [TEST_STEP][PASSED] - Statement - println(groupXpath): null

2018-06-18 14:15:19 - [TEST_STEP][PASSED] - Statement - childgroup = driver.findElement(org.openqa.selenium.By.xpath(groupXpath)).getText(): null

2018-06-18 14:15:19 - [TEST_STEP][PASSED] - Statement - println(childgroup): null

2018-06-18 14:15:19 - [TEST_STEP][PASSED] - Statement - subGroupList[i - 1] = childgroup: null

2018-06-18 14:15:19 - [TEST_STEP][PASSED] - Statement - groupXpath = "(//span[@title='" + groupName + "']/following-sibling::ul/li/span[3]/span[2])[" + i + "]": null

2018-06-18 14:15:19 - [TEST_STEP][PASSED] - Statement - println(groupXpath): null

2018-06-18 14:15:19 - [TEST_STEP][PASSED] - Statement - childgroup = driver.findElement(org.openqa.selenium.By.xpath(groupXpath)).getText(): null

2018-06-18 14:15:19 - [TEST_STEP][PASSED] - Statement - println(childgroup): null

2018-06-18 14:15:19 - [TEST_STEP][PASSED] - Statement - subGroupList[i - 1] = childgroup: null

2018-06-18 14:15:19 - [TEST_STEP][PASSED] - Statement - groupXpath = "(//span[@title='" + groupName + "']/following-sibling::ul/li/span[3]/span[2])[" + i + "]": null

2018-06-18 14:15:19 - [TEST_STEP][PASSED] - Statement - println(groupXpath): null

2018-06-18 14:15:19 - [TEST_STEP][PASSED] - Statement - childgroup = driver.findElement(org.openqa.selenium.By.xpath(groupXpath)).getText(): null

2018-06-18 14:15:19 - [TEST_STEP][PASSED] - Statement - println(childgroup): null

2018-06-18 14:15:19 - [TEST_STEP][PASSED] - Statement - subGroupList[i - 1] = childgroup: null

2018-06-18 14:15:19 - [TEST_STEP][PASSED] - Statement - groupXpath = "(//span[@title='" + groupName + "']/following-sibling::ul/li/span[3]/span[2])[" + i + "]": null

2018-06-18 14:15:19 - [TEST_STEP][PASSED] - Statement - println(groupXpath): null

2018-06-18 14:15:19 - [TEST_STEP][PASSED] - Statement - childgroup = driver.findElement(org.openqa.selenium.By.xpath(groupXpath)).getText(): null

2018-06-18 14:15:19 - [TEST_STEP][PASSED] - Statement - println(childgroup): null

2018-06-18 14:15:19 - [TEST_STEP][PASSED] - Statement - subGroupList[i - 1] = childgroup: null

2018-06-18 14:15:19 - [TEST_STEP][PASSED] - Statement - groupXpath = "(//span[@title='" + groupName + "']/following-sibling::ul/li/span[3]/span[2])[" + i + "]": null

2018-06-18 14:15:19 - [TEST_STEP][PASSED] - Statement - println(groupXpath): null

2018-06-18 14:15:19 - [TEST_STEP][PASSED] - Statement - childgroup = driver.findElement(org.openqa.selenium.By.xpath(groupXpath)).getText(): null

2018-06-18 14:15:19 - [TEST_STEP][PASSED] - Statement - println(childgroup): null

2018-06-18 14:15:19 - [TEST_STEP][PASSED] - Statement - subGroupList[i - 1] = childgroup: null

2018-06-18 14:15:19 - [TEST_STEP][PASSED] - Statement - groupXpath = "(//span[@title='" + groupName + "']/following-sibling::ul/li/span[3]/span[2])[" + i + "]": null

2018-06-18 14:15:19 - [TEST_STEP][PASSED] - Statement - println(groupXpath): null

2018-06-18 14:15:19 - [TEST_STEP][PASSED] - Statement - childgroup = driver.findElement(org.openqa.selenium.By.xpath(groupXpath)).getText(): null

2018-06-18 14:15:20 - [TEST_STEP][PASSED] - Statement - println(childgroup): null

2018-06-18 14:15:20 - [TEST_STEP][PASSED] - Statement - subGroupList[i - 1] = childgroup: null

2018-06-18 14:15:20 - [TEST_STEP][PASSED] - Statement - groupXpath = "(//span[@title='" + groupName + "']/following-sibling::ul/li/span[3]/span[2])[" + i + "]": null

2018-06-18 14:15:20 - [TEST_STEP][PASSED] - Statement - println(groupXpath): null

2018-06-18 14:15:20 - [TEST_STEP][PASSED] - Statement - childgroup = driver.findElement(org.openqa.selenium.By.xpath(groupXpath)).getText(): null

2018-06-18 14:15:20 - [TEST_STEP][PASSED] - Statement - println(childgroup): null

2018-06-18 14:15:20 - [TEST_STEP][PASSED] - Statement - subGroupList[i - 1] = childgroup: null

2018-06-18 14:15:20 - [TEST_STEP][PASSED] - Statement - groupXpath = "(//span[@title='" + groupName + "']/following-sibling::ul/li/span[3]/span[2])[" + i + "]": null

2018-06-18 14:15:20 - [TEST_STEP][PASSED] - Statement - println(groupXpath): null

2018-06-18 14:15:20 - [TEST_STEP][PASSED] - Statement - childgroup = driver.findElement(org.openqa.selenium.By.xpath(groupXpath)).getText(): null

2018-06-18 14:15:20 - [TEST_STEP][PASSED] - Statement - println(childgroup): null

2018-06-18 14:15:20 - [TEST_STEP][PASSED] - Statement - subGroupList[i - 1] = childgroup: null

2018-06-18 14:15:20 - [TEST_STEP][PASSED] - Statement - groupXpath = "(//span[@title='" + groupName + "']/following-sibling::ul/li/span[3]/span[2])[" + i + "]": null

2018-06-18 14:15:20 - [TEST_STEP][PASSED] - Statement - println(groupXpath): null

2018-06-18 14:15:20 - [TEST_STEP][PASSED] - Statement - childgroup = driver.findElement(org.openqa.selenium.By.xpath(groupXpath)).getText(): null

2018-06-18 14:15:20 - [TEST_STEP][PASSED] - Statement - println(childgroup): null

2018-06-18 14:15:20 - [TEST_STEP][PASSED] - Statement - subGroupList[i - 1] = childgroup: null

2018-06-18 14:15:20 - [TEST_STEP][PASSED] - Statement - groupXpath = "(//span[@title='" + groupName + "']/following-sibling::ul/li/span[3]/span[2])[" + i + "]": null

2018-06-18 14:15:20 - [TEST_STEP][PASSED] - Statement - println(groupXpath): null

2018-06-18 14:15:20 - [TEST_STEP][PASSED] - Statement - childgroup = driver.findElement(org.openqa.selenium.By.xpath(groupXpath)).getText(): null

2018-06-18 14:15:20 - [TEST_STEP][PASSED] - Statement - println(childgroup): null

2018-06-18 14:15:20 - [TEST_STEP][PASSED] - Statement - subGroupList[i - 1] = childgroup: null

2018-06-18 14:15:20 - [TEST_STEP][PASSED] - Statement - groupXpath = "(//span[@title='" + groupName + "']/following-sibling::ul/li/span[3]/span[2])[" + i + "]": null

2018-06-18 14:15:20 - [TEST_STEP][PASSED] - Statement - println(groupXpath): null

2018-06-18 14:15:20 - [TEST_STEP][PASSED] - Statement - childgroup = driver.findElement(org.openqa.selenium.By.xpath(groupXpath)).getText(): null

2018-06-18 14:15:20 - [TEST_STEP][PASSED] - Statement - println(childgroup): null

2018-06-18 14:15:20 - [TEST_STEP][PASSED] - Statement - subGroupList[i - 1] = childgroup: null

2018-06-18 14:15:20 - [TEST_STEP][PASSED] - Statement - groupXpath = "(//span[@title='" + groupName + "']/following-sibling::ul/li/span[3]/span[2])[" + i + "]": null

2018-06-18 14:15:20 - [TEST_STEP][PASSED] - Statement - println(groupXpath): null

2018-06-18 14:15:20 - [TEST_STEP][PASSED] - Statement - childgroup = driver.findElement(org.openqa.selenium.By.xpath(groupXpath)).getText(): null

2018-06-18 14:15:20 - [TEST_STEP][PASSED] - Statement - println(childgroup): null

2018-06-18 14:15:20 - [TEST_STEP][PASSED] - Statement - subGroupList[i - 1] = childgroup: null

2018-06-18 14:15:20 - [TEST_STEP][PASSED] - Statement - groupXpath = "(//span[@title='" + groupName + "']/following-sibling::ul/li/span[3]/span[2])[" + i + "]": null

2018-06-18 14:15:20 - [TEST_STEP][PASSED] - Statement - println(groupXpath): null

2018-06-18 14:15:20 - [TEST_STEP][PASSED] - Statement - childgroup = driver.findElement(org.openqa.selenium.By.xpath(groupXpath)).getText(): null

2018-06-18 14:15:20 - [TEST_STEP][PASSED] - Statement - println(childgroup): null

2018-06-18 14:15:20 - [TEST_STEP][PASSED] - Statement - subGroupList[i - 1] = childgroup: null

2018-06-18 14:15:20 - [TEST_STEP][PASSED] - Statement - groupXpath = "(//span[@title='" + groupName + "']/following-sibling::ul/li/span[3]/span[2])[" + i + "]": null

2018-06-18 14:15:20 - [TEST_STEP][PASSED] - Statement - println(groupXpath): null

2018-06-18 14:15:20 - [TEST_STEP][PASSED] - Statement - childgroup = driver.findElement(org.openqa.selenium.By.xpath(groupXpath)).getText(): null

2018-06-18 14:15:20 - [TEST_STEP][PASSED] - Statement - println(childgroup): null

2018-06-18 14:15:20 - [TEST_STEP][PASSED] - Statement - subGroupList[i - 1] = childgroup: null

2018-06-18 14:15:20 - [TEST_STEP][PASSED] - Statement - groupXpath = "(//span[@title='" + groupName + "']/following-sibling::ul/li/span[3]/span[2])[" + i + "]": null

2018-06-18 14:15:20 - [TEST_STEP][PASSED] - Statement - println(groupXpath): null

2018-06-18 14:15:20 - [TEST_STEP][PASSED] - Statement - childgroup = driver.findElement(org.openqa.selenium.By.xpath(groupXpath)).getText(): null

2018-06-18 14:15:20 - [TEST_STEP][PASSED] - Statement - println(childgroup): null

2018-06-18 14:15:20 - [TEST_STEP][PASSED] - Statement - subGroupList[i - 1] = childgroup: null

2018-06-18 14:15:20 - [TEST_STEP][PASSED] - Statement - groupXpath = "(//span[@title='" + groupName + "']/following-sibling::ul/li/span[3]/span[2])[" + i + "]": null

2018-06-18 14:15:20 - [TEST_STEP][PASSED] - Statement - println(groupXpath): null

2018-06-18 14:15:20 - [TEST_STEP][PASSED] - Statement - childgroup = driver.findElement(org.openqa.selenium.By.xpath(groupXpath)).getText(): null

2018-06-18 14:15:20 - [TEST_STEP][PASSED] - Statement - println(childgroup): null

2018-06-18 14:15:20 - [TEST_STEP][PASSED] - Statement - subGroupList[i - 1] = childgroup: null

2018-06-18 14:15:20 - [TEST_STEP][PASSED] - Statement - groupXpath = "(//span[@title='" + groupName + "']/following-sibling::ul/li/span[3]/span[2])[" + i + "]": null

2018-06-18 14:15:20 - [TEST_STEP][PASSED] - Statement - println(groupXpath): null

2018-06-18 14:15:20 - [TEST_STEP][PASSED] - Statement - childgroup = driver.findElement(org.openqa.selenium.By.xpath(groupXpath)).getText(): null

2018-06-18 14:15:20 - [TEST_STEP][PASSED] - Statement - println(childgroup): null

2018-06-18 14:15:20 - [TEST_STEP][PASSED] - Statement - subGroupList[i - 1] = childgroup: null

2018-06-18 14:15:20 - [TEST_STEP][PASSED] - Statement - groupXpath = "(//span[@title='" + groupName + "']/following-sibling::ul/li/span[3]/span[2])[" + i + "]": null

2018-06-18 14:15:20 - [TEST_STEP][PASSED] - Statement - println(groupXpath): null

2018-06-18 14:15:20 - [TEST_STEP][PASSED] - Statement - childgroup = driver.findElement(org.openqa.selenium.By.xpath(groupXpath)).getText(): null

2018-06-18 14:15:20 - [TEST_STEP][PASSED] - Statement - println(childgroup): null

2018-06-18 14:15:20 - [TEST_STEP][PASSED] - Statement - subGroupList[i - 1] = childgroup: null

2018-06-18 14:15:20 - [TEST_STEP][PASSED] - Statement - groupXpath = "(//span[@title='" + groupName + "']/following-sibling::ul/li/span[3]/span[2])[" + i + "]": null

2018-06-18 14:15:20 - [TEST_STEP][PASSED] - Statement - println(groupXpath): null

2018-06-18 14:15:20 - [TEST_STEP][PASSED] - Statement - childgroup = driver.findElement(org.openqa.selenium.By.xpath(groupXpath)).getText(): null

2018-06-18 14:15:20 - [TEST_STEP][PASSED] - Statement - println(childgroup): null

2018-06-18 14:15:20 - [TEST_STEP][PASSED] - Statement - subGroupList[i - 1] = childgroup: null

2018-06-18 14:15:20 - [TEST_STEP][PASSED] - Statement - groupXpath = "(//span[@title='" + groupName + "']/following-sibling::ul/li/span[3]/span[2])[" + i + "]": null

2018-06-18 14:15:20 - [TEST_STEP][PASSED] - Statement - println(groupXpath): null

2018-06-18 14:15:20 - [TEST_STEP][PASSED] - Statement - childgroup = driver.findElement(org.openqa.selenium.By.xpath(groupXpath)).getText(): null

2018-06-18 14:15:20 - [TEST_STEP][PASSED] - Statement - println(childgroup): null

2018-06-18 14:15:20 - [TEST_STEP][PASSED] - Statement - subGroupList[i - 1] = childgroup: null

2018-06-18 14:15:20 - [TEST_STEP][PASSED] - Statement - groupXpath = "(//span[@title='" + groupName + "']/following-sibling::ul/li/span[3]/span[2])[" + i + "]": null

2018-06-18 14:15:20 - [TEST_STEP][PASSED] - Statement - println(groupXpath): null

2018-06-18 14:15:20 - [TEST_STEP][PASSED] - Statement - childgroup = driver.findElement(org.openqa.selenium.By.xpath(groupXpath)).getText(): null

2018-06-18 14:15:20 - [TEST_STEP][PASSED] - Statement - println(childgroup): null

2018-06-18 14:15:20 - [TEST_STEP][PASSED] - Statement - subGroupList[i - 1] = childgroup: null

2018-06-18 14:15:20 - [TEST_STEP][PASSED] - Statement - groupXpath = "(//span[@title='" + groupName + "']/following-sibling::ul/li/span[3]/span[2])[" + i + "]": null

2018-06-18 14:15:20 - [TEST_STEP][PASSED] - Statement - println(groupXpath): null

2018-06-18 14:15:20 - [TEST_STEP][PASSED] - Statement - childgroup = driver.findElement(org.openqa.selenium.By.xpath(groupXpath)).getText(): null

2018-06-18 14:15:20 - [TEST_STEP][PASSED] - Statement - println(childgroup): null

2018-06-18 14:15:20 - [TEST_STEP][PASSED] - Statement - subGroupList[i - 1] = childgroup: null

2018-06-18 14:15:20 - [TEST_STEP][PASSED] - Statement - groupXpath = "(//span[@title='" + groupName + "']/following-sibling::ul/li/span[3]/span[2])[" + i + "]": null

2018-06-18 14:15:20 - [TEST_STEP][PASSED] - Statement - println(groupXpath): null

2018-06-18 14:15:20 - [TEST_STEP][PASSED] - Statement - childgroup = driver.findElement(org.openqa.selenium.By.xpath(groupXpath)).getText(): null

2018-06-18 14:15:20 - [TEST_STEP][PASSED] - Statement - println(childgroup): null

2018-06-18 14:15:20 - [TEST_STEP][PASSED] - Statement - subGroupList[i - 1] = childgroup: null

2018-06-18 14:15:20 - [TEST_STEP][PASSED] - Statement - groupXpath = "(//span[@title='" + groupName + "']/following-sibling::ul/li/span[3]/span[2])[" + i + "]": null

2018-06-18 14:15:20 - [TEST_STEP][PASSED] - Statement - println(groupXpath): null

2018-06-18 14:15:20 - [TEST_STEP][PASSED] - Statement - childgroup = driver.findElement(org.openqa.selenium.By.xpath(groupXpath)).getText(): null

2018-06-18 14:15:20 - [TEST_STEP][PASSED] - Statement - println(childgroup): null

2018-06-18 14:15:20 - [TEST_STEP][PASSED] - Statement - subGroupList[i - 1] = childgroup: null

2018-06-18 14:15:20 - [TEST_STEP][PASSED] - Statement - groupXpath = "(//span[@title='" + groupName + "']/following-sibling::ul/li/span[3]/span[2])[" + i + "]": null

2018-06-18 14:15:20 - [TEST_STEP][PASSED] - Statement - println(groupXpath): null

2018-06-18 14:15:20 - [TEST_STEP][PASSED] - Statement - childgroup = driver.findElement(org.openqa.selenium.By.xpath(groupXpath)).getText(): null

2018-06-18 14:15:20 - [TEST_STEP][PASSED] - Statement - println(childgroup): null

2018-06-18 14:15:20 - [TEST_STEP][PASSED] - Statement - subGroupList[i - 1] = childgroup: null

2018-06-18 14:15:20 - [TEST_STEP][PASSED] - Statement - groupXpath = "(//span[@title='" + groupName + "']/following-sibling::ul/li/span[3]/span[2])[" + i + "]": null

2018-06-18 14:15:20 - [TEST_STEP][PASSED] - Statement - println(groupXpath): null

2018-06-18 14:15:20 - [TEST_STEP][PASSED] - Statement - childgroup = driver.findElement(org.openqa.selenium.By.xpath(groupXpath)).getText(): null

2018-06-18 14:15:20 - [TEST_STEP][PASSED] - Statement - println(childgroup): null

2018-06-18 14:15:20 - [TEST_STEP][PASSED] - Statement - subGroupList[i - 1] = childgroup: null

2018-06-18 14:15:20 - [TEST_STEP][PASSED] - Statement - groupXpath = "(//span[@title='" + groupName + "']/following-sibling::ul/li/span[3]/span[2])[" + i + "]": null

2018-06-18 14:15:20 - [TEST_STEP][PASSED] - Statement - println(groupXpath): null

2018-06-18 14:15:20 - [TEST_STEP][PASSED] - Statement - childgroup = driver.findElement(org.openqa.selenium.By.xpath(groupXpath)).getText(): null

2018-06-18 14:15:20 - [TEST_STEP][PASSED] - Statement - println(childgroup): null

2018-06-18 14:15:20 - [TEST_STEP][PASSED] - Statement - subGroupList[i - 1] = childgroup: null

2018-06-18 14:15:20 - [TEST_STEP][PASSED] - Statement - groupXpath = "(//span[@title='" + groupName + "']/following-sibling::ul/li/span[3]/span[2])[" + i + "]": null

2018-06-18 14:15:20 - [TEST_STEP][PASSED] - Statement - println(groupXpath): null

2018-06-18 14:15:20 - [TEST_STEP][PASSED] - Statement - childgroup = driver.findElement(org.openqa.selenium.By.xpath(groupXpath)).getText(): null

2018-06-18 14:15:20 - [TEST_STEP][PASSED] - Statement - println(childgroup): null

2018-06-18 14:15:20 - [TEST_STEP][PASSED] - Statement - subGroupList[i - 1] = childgroup: null

2018-06-18 14:15:20 - [TEST_STEP][PASSED] - Statement - groupXpath = "(//span[@title='" + groupName + "']/following-sibling::ul/li/span[3]/span[2])[" + i + "]": null

2018-06-18 14:15:20 - [TEST_STEP][PASSED] - Statement - println(groupXpath): null

2018-06-18 14:15:20 - [TEST_STEP][PASSED] - Statement - childgroup = driver.findElement(org.openqa.selenium.By.xpath(groupXpath)).getText(): null

2018-06-18 14:15:20 - [TEST_STEP][PASSED] - Statement - println(childgroup): null

2018-06-18 14:15:20 - [TEST_STEP][PASSED] - Statement - subGroupList[i - 1] = childgroup: null

2018-06-18 14:15:20 - [TEST_STEP][PASSED] - Statement - groupXpath = "(//span[@title='" + groupName + "']/following-sibling::ul/li/span[3]/span[2])[" + i + "]": null

2018-06-18 14:15:20 - [TEST_STEP][PASSED] - Statement - println(groupXpath): null

2018-06-18 14:15:20 - [TEST_STEP][PASSED] - Statement - childgroup = driver.findElement(org.openqa.selenium.By.xpath(groupXpath)).getText(): null

2018-06-18 14:15:20 - [TEST_STEP][PASSED] - Statement - println(childgroup): null

2018-06-18 14:15:20 - [TEST_STEP][PASSED] - Statement - subGroupList[i - 1] = childgroup: null

2018-06-18 14:15:20 - [TEST_STEP][PASSED] - Statement - groupXpath = "(//span[@title='" + groupName + "']/following-sibling::ul/li/span[3]/span[2])[" + i + "]": null

2018-06-18 14:15:20 - [TEST_STEP][PASSED] - Statement - println(groupXpath): null

2018-06-18 14:15:20 - [TEST_STEP][PASSED] - Statement - childgroup = driver.findElement(org.openqa.selenium.By.xpath(groupXpath)).getText(): null

2018-06-18 14:15:20 - [TEST_STEP][PASSED] - Statement - println(childgroup): null

2018-06-18 14:15:20 - [TEST_STEP][PASSED] - Statement - subGroupList[i - 1] = childgroup: null

2018-06-18 14:15:20 - [TEST_STEP][PASSED] - Statement - groupXpath = "(//span[@title='" + groupName + "']/following-sibling::ul/li/span[3]/span[2])[" + i + "]": null

2018-06-18 14:15:20 - [TEST_STEP][PASSED] - Statement - println(groupXpath): null

2018-06-18 14:15:20 - [TEST_STEP][PASSED] - Statement - childgroup = driver.findElement(org.openqa.selenium.By.xpath(groupXpath)).getText(): null

2018-06-18 14:15:20 - [TEST_STEP][PASSED] - Statement - println(childgroup): null

2018-06-18 14:15:20 - [TEST_STEP][PASSED] - Statement - subGroupList[i - 1] = childgroup: null

2018-06-18 14:15:20 - [TEST_STEP][PASSED] - Statement - groupXpath = "(//span[@title='" + groupName + "']/following-sibling::ul/li/span[3]/span[2])[" + i + "]": null

2018-06-18 14:15:20 - [TEST_STEP][PASSED] - Statement - println(groupXpath): null

2018-06-18 14:15:20 - [TEST_STEP][PASSED] - Statement - childgroup = driver.findElement(org.openqa.selenium.By.xpath(groupXpath)).getText(): null

2018-06-18 14:15:20 - [TEST_STEP][PASSED] - Statement - println(childgroup): null

2018-06-18 14:15:20 - [TEST_STEP][PASSED] - Statement - subGroupList[i - 1] = childgroup: null

2018-06-18 14:15:20 - [TEST_STEP][PASSED] - Statement - groupXpath = "(//span[@title='" + groupName + "']/following-sibling::ul/li/span[3]/span[2])[" + i + "]": null

2018-06-18 14:15:20 - [TEST_STEP][PASSED] - Statement - println(groupXpath): null

2018-06-18 14:15:20 - [TEST_STEP][PASSED] - Statement - childgroup = driver.findElement(org.openqa.selenium.By.xpath(groupXpath)).getText(): null

2018-06-18 14:15:20 - [TEST_STEP][PASSED] - Statement - println(childgroup): null

2018-06-18 14:15:20 - [TEST_STEP][PASSED] - Statement - subGroupList[i - 1] = childgroup: null

2018-06-18 14:15:20 - [TEST_STEP][PASSED] - Statement - groupXpath = "(//span[@title='" + groupName + "']/following-sibling::ul/li/span[3]/span[2])[" + i + "]": null

2018-06-18 14:15:20 - [TEST_STEP][PASSED] - Statement - println(groupXpath): null

2018-06-18 14:15:20 - [TEST_STEP][PASSED] - Statement - childgroup = driver.findElement(org.openqa.selenium.By.xpath(groupXpath)).getText(): null

2018-06-18 14:15:20 - [TEST_STEP][PASSED] - Statement - println(childgroup): null

2018-06-18 14:15:20 - [TEST_STEP][PASSED] - Statement - subGroupList[i - 1] = childgroup: null

2018-06-18 14:15:20 - [TEST_STEP][PASSED] - Statement - groupXpath = "(//span[@title='" + groupName + "']/following-sibling::ul/li/span[3]/span[2])[" + i + "]": null

2018-06-18 14:15:20 - [TEST_STEP][PASSED] - Statement - println(groupXpath): null

2018-06-18 14:15:20 - [TEST_STEP][PASSED] - Statement - childgroup = driver.findElement(org.openqa.selenium.By.xpath(groupXpath)).getText(): null

2018-06-18 14:15:20 - [TEST_STEP][PASSED] - Statement - println(childgroup): null

2018-06-18 14:15:20 - [TEST_STEP][PASSED] - Statement - subGroupList[i - 1] = childgroup: null

2018-06-18 14:15:20 - [TEST_STEP][PASSED] - Statement - groupXpath = "(//span[@title='" + groupName + "']/following-sibling::ul/li/span[3]/span[2])[" + i + "]": null

2018-06-18 14:15:20 - [TEST_STEP][PASSED] - Statement - println(groupXpath): null

2018-06-18 14:15:20 - [TEST_STEP][PASSED] - Statement - childgroup = driver.findElement(org.openqa.selenium.By.xpath(groupXpath)).getText(): null

2018-06-18 14:15:20 - [TEST_STEP][PASSED] - Statement - println(childgroup): null

2018-06-18 14:15:20 - [TEST_STEP][PASSED] - Statement - subGroupList[i - 1] = childgroup: null

2018-06-18 14:15:20 - [TEST_STEP][PASSED] - Statement - groupXpath = "(//span[@title='" + groupName + "']/following-sibling::ul/li/span[3]/span[2])[" + i + "]": null

2018-06-18 14:15:20 - [TEST_STEP][PASSED] - Statement - println(groupXpath): null

2018-06-18 14:15:20 - [TEST_STEP][PASSED] - Statement - childgroup = driver.findElement(org.openqa.selenium.By.xpath(groupXpath)).getText(): null

2018-06-18 14:15:20 - [TEST_STEP][PASSED] - Statement - println(childgroup): null

2018-06-18 14:15:20 - [TEST_STEP][PASSED] - Statement - subGroupList[i - 1] = childgroup: null

2018-06-18 14:15:20 - [TEST_STEP][PASSED] - Statement - groupXpath = "(//span[@title='" + groupName + "']/following-sibling::ul/li/span[3]/span[2])[" + i + "]": null

2018-06-18 14:15:20 - [TEST_STEP][PASSED] - Statement - println(groupXpath): null

2018-06-18 14:15:20 - [TEST_STEP][PASSED] - Statement - childgroup = driver.findElement(org.openqa.selenium.By.xpath(groupXpath)).getText(): null

2018-06-18 14:15:20 - [TEST_STEP][PASSED] - Statement - println(childgroup): null

2018-06-18 14:15:20 - [TEST_STEP][PASSED] - Statement - subGroupList[i - 1] = childgroup: null

2018-06-18 14:15:20 - [TEST_STEP][PASSED] - Statement - groupXpath = "(//span[@title='" + groupName + "']/following-sibling::ul/li/span[3]/span[2])[" + i + "]": null

2018-06-18 14:15:20 - [TEST_STEP][PASSED] - Statement - println(groupXpath): null

2018-06-18 14:15:20 - [TEST_STEP][PASSED] - Statement - childgroup = driver.findElement(org.openqa.selenium.By.xpath(groupXpath)).getText(): null

2018-06-18 14:15:20 - [TEST_STEP][PASSED] - Statement - println(childgroup): null

2018-06-18 14:15:20 - [TEST_STEP][PASSED] - Statement - subGroupList[i - 1] = childgroup: null

2018-06-18 14:15:20 - [TEST_STEP][PASSED] - Statement - groupXpath = "(//span[@title='" + groupName + "']/following-sibling::ul/li/span[3]/span[2])[" + i + "]": null

2018-06-18 14:15:20 - [TEST_STEP][PASSED] - Statement - println(groupXpath): null

2018-06-18 14:15:20 - [TEST_STEP][PASSED] - Statement - childgroup = driver.findElement(org.openqa.selenium.By.xpath(groupXpath)).getText(): null

2018-06-18 14:15:20 - [TEST_STEP][PASSED] - Statement - println(childgroup): null

2018-06-18 14:15:20 - [TEST_STEP][PASSED] - Statement - subGroupList[i - 1] = childgroup: null

2018-06-18 14:15:20 - [TEST_STEP][PASSED] - Statement - groupXpath = "(//span[@title='" + groupName + "']/following-sibling::ul/li/span[3]/span[2])[" + i + "]": null

2018-06-18 14:15:20 - [TEST_STEP][PASSED] - Statement - println(groupXpath): null

2018-06-18 14:15:20 - [TEST_STEP][PASSED] - Statement - childgroup = driver.findElement(org.openqa.selenium.By.xpath(groupXpath)).getText(): null

2018-06-18 14:15:21 - [TEST_STEP][PASSED] - Statement - println(childgroup): null

2018-06-18 14:15:21 - [TEST_STEP][PASSED] - Statement - subGroupList[i - 1] = childgroup: null

2018-06-18 14:15:21 - [TEST_STEP][PASSED] - Statement - groupXpath = "(//span[@title='" + groupName + "']/following-sibling::ul/li/span[3]/span[2])[" + i + "]": null

2018-06-18 14:15:21 - [TEST_STEP][PASSED] - Statement - println(groupXpath): null

2018-06-18 14:15:21 - [TEST_STEP][PASSED] - Statement - childgroup = driver.findElement(org.openqa.selenium.By.xpath(groupXpath)).getText(): null

2018-06-18 14:15:21 - [TEST_STEP][PASSED] - Statement - println(childgroup): null

2018-06-18 14:15:21 - [TEST_STEP][PASSED] - Statement - subGroupList[i - 1] = childgroup: null

2018-06-18 14:15:21 - [TEST_STEP][PASSED] - Statement - groupXpath = "(//span[@title='" + groupName + "']/following-sibling::ul/li/span[3]/span[2])[" + i + "]": null

2018-06-18 14:15:21 - [TEST_STEP][PASSED] - Statement - println(groupXpath): null

2018-06-18 14:15:21 - [TEST_STEP][PASSED] - Statement - childgroup = driver.findElement(org.openqa.selenium.By.xpath(groupXpath)).getText(): null

2018-06-18 14:15:21 - [TEST_STEP][PASSED] - Statement - println(childgroup): null

2018-06-18 14:15:21 - [TEST_STEP][PASSED] - Statement - subGroupList[i - 1] = childgroup: null

2018-06-18 14:15:21 - [TEST_STEP][PASSED] - Statement - groupXpath = "(//span[@title='" + groupName + "']/following-sibling::ul/li/span[3]/span[2])[" + i + "]": null

2018-06-18 14:15:21 - [TEST_STEP][PASSED] - Statement - println(groupXpath): null

2018-06-18 14:15:21 - [TEST_STEP][PASSED] - Statement - childgroup = driver.findElement(org.openqa.selenium.By.xpath(groupXpath)).getText(): null

2018-06-18 14:15:21 - [TEST_STEP][PASSED] - Statement - println(childgroup): null

2018-06-18 14:15:21 - [TEST_STEP][PASSED] - Statement - subGroupList[i - 1] = childgroup: null

2018-06-18 14:15:21 - [TEST_STEP][PASSED] - Statement - groupXpath = "(//span[@title='" + groupName + "']/following-sibling::ul/li/span[3]/span[2])[" + i + "]": null

2018-06-18 14:15:21 - [TEST_STEP][PASSED] - Statement - println(groupXpath): null

2018-06-18 14:15:21 - [TEST_STEP][PASSED] - Statement - childgroup = driver.findElement(org.openqa.selenium.By.xpath(groupXpath)).getText(): null

2018-06-18 14:15:21 - [TEST_STEP][PASSED] - Statement - println(childgroup): null

2018-06-18 14:15:21 - [TEST_STEP][PASSED] - Statement - subGroupList[i - 1] = childgroup: null

2018-06-18 14:15:21 - [TEST_STEP][PASSED] - Statement - groupXpath = "(//span[@title='" + groupName + "']/following-sibling::ul/li/span[3]/span[2])[" + i + "]": null

2018-06-18 14:15:21 - [TEST_STEP][PASSED] - Statement - println(groupXpath): null

2018-06-18 14:15:21 - [TEST_STEP][PASSED] - Statement - childgroup = driver.findElement(org.openqa.selenium.By.xpath(groupXpath)).getText(): null

2018-06-18 14:15:21 - [TEST_STEP][PASSED] - Statement - println(childgroup): null

2018-06-18 14:15:21 - [TEST_STEP][PASSED] - Statement - subGroupList[i - 1] = childgroup: null

2018-06-18 14:15:21 - [TEST_STEP][PASSED] - Statement - groupXpath = "(//span[@title='" + groupName + "']/following-sibling::ul/li/span[3]/span[2])[" + i + "]": null

2018-06-18 14:15:21 - [TEST_STEP][PASSED] - Statement - println(groupXpath): null

2018-06-18 14:15:21 - [TEST_STEP][PASSED] - Statement - childgroup = driver.findElement(org.openqa.selenium.By.xpath(groupXpath)).getText(): null

2018-06-18 14:15:21 - [TEST_STEP][PASSED] - Statement - println(childgroup): null

2018-06-18 14:15:21 - [TEST_STEP][PASSED] - Statement - subGroupList[i - 1] = childgroup: null

2018-06-18 14:15:21 - [TEST_STEP][PASSED] - Statement - groupXpath = "(//span[@title='" + groupName + "']/following-sibling::ul/li/span[3]/span[2])[" + i + "]": null

2018-06-18 14:15:21 - [TEST_STEP][PASSED] - Statement - println(groupXpath): null

2018-06-18 14:15:21 - [TEST_STEP][PASSED] - Statement - childgroup = driver.findElement(org.openqa.selenium.By.xpath(groupXpath)).getText(): null

2018-06-18 14:15:21 - [TEST_STEP][PASSED] - Statement - println(childgroup): null

2018-06-18 14:15:21 - [TEST_STEP][PASSED] - Statement - subGroupList[i - 1] = childgroup: null

2018-06-18 14:15:21 - [TEST_STEP][PASSED] - Statement - groupXpath = "(//span[@title='" + groupName + "']/following-sibling::ul/li/span[3]/span[2])[" + i + "]": null

2018-06-18 14:15:21 - [TEST_STEP][PASSED] - Statement - println(groupXpath): null

2018-06-18 14:15:21 - [TEST_STEP][PASSED] - Statement - childgroup = driver.findElement(org.openqa.selenium.By.xpath(groupXpath)).getText(): null

2018-06-18 14:15:21 - [TEST_STEP][PASSED] - Statement - println(childgroup): null

2018-06-18 14:15:21 - [TEST_STEP][PASSED] - Statement - subGroupList[i - 1] = childgroup: null

2018-06-18 14:15:21 - [TEST_STEP][PASSED] - Statement - groupXpath = "(//span[@title='" + groupName + "']/following-sibling::ul/li/span[3]/span[2])[" + i + "]": null

2018-06-18 14:15:21 - [TEST_STEP][PASSED] - Statement - println(groupXpath): null

2018-06-18 14:15:21 - [TEST_STEP][PASSED] - Statement - childgroup = driver.findElement(org.openqa.selenium.By.xpath(groupXpath)).getText(): null

2018-06-18 14:15:21 - [TEST_STEP][PASSED] - Statement - println(childgroup): null

2018-06-18 14:15:21 - [TEST_STEP][PASSED] - Statement - subGroupList[i - 1] = childgroup: null

2018-06-18 14:15:21 - [TEST_STEP][PASSED] - Statement - groupXpath = "(//span[@title='" + groupName + "']/following-sibling::ul/li/span[3]/span[2])[" + i + "]": null

2018-06-18 14:15:21 - [TEST_STEP][PASSED] - Statement - println(groupXpath): null

2018-06-18 14:15:21 - [TEST_STEP][PASSED] - Statement - childgroup = driver.findElement(org.openqa.selenium.By.xpath(groupXpath)).getText(): null

2018-06-18 14:15:21 - [TEST_STEP][PASSED] - Statement - println(childgroup): null

2018-06-18 14:15:21 - [TEST_STEP][PASSED] - Statement - subGroupList[i - 1] = childgroup: null

2018-06-18 14:15:21 - [TEST_STEP][PASSED] - Statement - groupXpath = "(//span[@title='" + groupName + "']/following-sibling::ul/li/span[3]/span[2])[" + i + "]": null

2018-06-18 14:15:21 - [TEST_STEP][PASSED] - Statement - println(groupXpath): null

2018-06-18 14:15:21 - [TEST_STEP][PASSED] - Statement - childgroup = driver.findElement(org.openqa.selenium.By.xpath(groupXpath)).getText(): null

2018-06-18 14:15:21 - [TEST_STEP][PASSED] - Statement - println(childgroup): null

2018-06-18 14:15:21 - [TEST_STEP][PASSED] - Statement - subGroupList[i - 1] = childgroup: null

2018-06-18 14:15:21 - [TEST_STEP][PASSED] - Statement - groupXpath = "(//span[@title='" + groupName + "']/following-sibling::ul/li/span[3]/span[2])[" + i + "]": null

2018-06-18 14:15:21 - [TEST_STEP][PASSED] - Statement - println(groupXpath): null

2018-06-18 14:15:21 - [TEST_STEP][PASSED] - Statement - childgroup = driver.findElement(org.openqa.selenium.By.xpath(groupXpath)).getText(): null

2018-06-18 14:15:21 - [TEST_STEP][PASSED] - Statement - println(childgroup): null

2018-06-18 14:15:21 - [TEST_STEP][PASSED] - Statement - subGroupList[i - 1] = childgroup: null

2018-06-18 14:15:21 - [TEST_STEP][PASSED] - Statement - groupXpath = "(//span[@title='" + groupName + "']/following-sibling::ul/li/span[3]/span[2])[" + i + "]": null

2018-06-18 14:15:21 - [TEST_STEP][PASSED] - Statement - println(groupXpath): null

2018-06-18 14:15:21 - [TEST_STEP][PASSED] - Statement - childgroup = driver.findElement(org.openqa.selenium.By.xpath(groupXpath)).getText(): null

2018-06-18 14:15:21 - [TEST_STEP][PASSED] - Statement - println(childgroup): null

2018-06-18 14:15:21 - [TEST_STEP][PASSED] - Statement - subGroupList[i - 1] = childgroup: null

2018-06-18 14:15:21 - [TEST_STEP][PASSED] - Statement - groupXpath = "(//span[@title='" + groupName + "']/following-sibling::ul/li/span[3]/span[2])[" + i + "]": null

2018-06-18 14:15:21 - [TEST_STEP][PASSED] - Statement - println(groupXpath): null

2018-06-18 14:15:21 - [TEST_STEP][PASSED] - Statement - childgroup = driver.findElement(org.openqa.selenium.By.xpath(groupXpath)).getText(): null

2018-06-18 14:15:21 - [TEST_STEP][PASSED] - Statement - println(childgroup): null

2018-06-18 14:15:21 - [TEST_STEP][PASSED] - Statement - subGroupList[i - 1] = childgroup: null

2018-06-18 14:15:21 - [TEST_STEP][PASSED] - Statement - groupXpath = "(//span[@title='" + groupName + "']/following-sibling::ul/li/span[3]/span[2])[" + i + "]": null

2018-06-18 14:15:21 - [TEST_STEP][PASSED] - Statement - println(groupXpath): null

2018-06-18 14:15:21 - [TEST_STEP][PASSED] - Statement - childgroup = driver.findElement(org.openqa.selenium.By.xpath(groupXpath)).getText(): null

2018-06-18 14:15:21 - [TEST_STEP][PASSED] - Statement - println(childgroup): null

2018-06-18 14:15:21 - [TEST_STEP][PASSED] - Statement - subGroupList[i - 1] = childgroup: null

2018-06-18 14:15:21 - [TEST_STEP][PASSED] - Statement - groupXpath = "(//span[@title='" + groupName + "']/following-sibling::ul/li/span[3]/span[2])[" + i + "]": null

2018-06-18 14:15:21 - [TEST_STEP][PASSED] - Statement - println(groupXpath): null

2018-06-18 14:15:21 - [TEST_STEP][PASSED] - Statement - childgroup = driver.findElement(org.openqa.selenium.By.xpath(groupXpath)).getText(): null

2018-06-18 14:15:21 - [TEST_STEP][PASSED] - Statement - println(childgroup): null

2018-06-18 14:15:21 - [TEST_STEP][PASSED] - Statement - subGroupList[i - 1] = childgroup: null

2018-06-18 14:15:21 - [TEST_STEP][PASSED] - Statement - groupXpath = "(//span[@title='" + groupName + "']/following-sibling::ul/li/span[3]/span[2])[" + i + "]": null

2018-06-18 14:15:21 - [TEST_STEP][PASSED] - Statement - println(groupXpath): null

2018-06-18 14:15:21 - [TEST_STEP][PASSED] - Statement - childgroup = driver.findElement(org.openqa.selenium.By.xpath(groupXpath)).getText(): null

2018-06-18 14:15:21 - [TEST_STEP][PASSED] - Statement - println(childgroup): null

2018-06-18 14:15:21 - [TEST_STEP][PASSED] - Statement - subGroupList[i - 1] = childgroup: null

2018-06-18 14:15:21 - [TEST_STEP][PASSED] - Statement - groupXpath = "(//span[@title='" + groupName + "']/following-sibling::ul/li/span[3]/span[2])[" + i + "]": null

2018-06-18 14:15:21 - [TEST_STEP][PASSED] - Statement - println(groupXpath): null

2018-06-18 14:15:21 - [TEST_STEP][PASSED] - Statement - childgroup = driver.findElement(org.openqa.selenium.By.xpath(groupXpath)).getText(): null

2018-06-18 14:15:21 - [TEST_STEP][PASSED] - Statement - println(childgroup): null

2018-06-18 14:15:21 - [TEST_STEP][PASSED] - Statement - subGroupList[i - 1] = childgroup: null

2018-06-18 14:15:21 - [TEST_STEP][PASSED] - Statement - groupXpath = "(//span[@title='" + groupName + "']/following-sibling::ul/li/span[3]/span[2])[" + i + "]": null

2018-06-18 14:15:21 - [TEST_STEP][PASSED] - Statement - println(groupXpath): null

2018-06-18 14:15:21 - [TEST_STEP][PASSED] - Statement - childgroup = driver.findElement(org.openqa.selenium.By.xpath(groupXpath)).getText(): null

2018-06-18 14:15:21 - [TEST_STEP][PASSED] - Statement - println(childgroup): null

2018-06-18 14:15:21 - [TEST_STEP][PASSED] - Statement - subGroupList[i - 1] = childgroup: null

2018-06-18 14:15:21 - [TEST_STEP][PASSED] - Statement - groupXpath = "(//span[@title='" + groupName + "']/following-sibling::ul/li/span[3]/span[2])[" + i + "]": null

2018-06-18 14:15:21 - [TEST_STEP][PASSED] - Statement - println(groupXpath): null

2018-06-18 14:15:21 - [TEST_STEP][PASSED] - Statement - childgroup = driver.findElement(org.openqa.selenium.By.xpath(groupXpath)).getText(): null

2018-06-18 14:15:21 - [TEST_STEP][PASSED] - Statement - println(childgroup): null

2018-06-18 14:15:21 - [TEST_STEP][PASSED] - Statement - subGroupList[i - 1] = childgroup: null

2018-06-18 14:15:21 - [TEST_STEP][PASSED] - Statement - groupXpath = "(//span[@title='" + groupName + "']/following-sibling::ul/li/span[3]/span[2])[" + i + "]": null

2018-06-18 14:15:21 - [TEST_STEP][PASSED] - Statement - println(groupXpath): null

2018-06-18 14:15:21 - [TEST_STEP][PASSED] - Statement - childgroup = driver.findElement(org.openqa.selenium.By.xpath(groupXpath)).getText(): null

2018-06-18 14:15:21 - [TEST_STEP][PASSED] - Statement - println(childgroup): null

2018-06-18 14:15:21 - [TEST_STEP][PASSED] - Statement - subGroupList[i - 1] = childgroup: null

2018-06-18 14:15:21 - [TEST_STEP][PASSED] - Statement - groupXpath = "(//span[@title='" + groupName + "']/following-sibling::ul/li/span[3]/span[2])[" + i + "]": null

2018-06-18 14:15:21 - [TEST_STEP][PASSED] - Statement - println(groupXpath): null

2018-06-18 14:15:21 - [TEST_STEP][PASSED] - Statement - childgroup = driver.findElement(org.openqa.selenium.By.xpath(groupXpath)).getText(): null

2018-06-18 14:15:21 - [TEST_STEP][PASSED] - Statement - println(childgroup): null

2018-06-18 14:15:21 - [TEST_STEP][PASSED] - Statement - subGroupList[i - 1] = childgroup: null

2018-06-18 14:15:21 - [TEST_STEP][PASSED] - Statement - groupXpath = "(//span[@title='" + groupName + "']/following-sibling::ul/li/span[3]/span[2])[" + i + "]": null

2018-06-18 14:15:21 - [TEST_STEP][PASSED] - Statement - println(groupXpath): null

2018-06-18 14:15:21 - [TEST_STEP][PASSED] - Statement - childgroup = driver.findElement(org.openqa.selenium.By.xpath(groupXpath)).getText(): null

2018-06-18 14:15:21 - [TEST_STEP][PASSED] - Statement - println(childgroup): null

2018-06-18 14:15:21 - [TEST_STEP][PASSED] - Statement - subGroupList[i - 1] = childgroup: null

2018-06-18 14:15:21 - [TEST_STEP][PASSED] - Statement - groupXpath = "(//span[@title='" + groupName + "']/following-sibling::ul/li/span[3]/span[2])[" + i + "]": null

2018-06-18 14:15:21 - [TEST_STEP][PASSED] - Statement - println(groupXpath): null

2018-06-18 14:15:21 - [TEST_STEP][PASSED] - Statement - childgroup = driver.findElement(org.openqa.selenium.By.xpath(groupXpath)).getText(): null

2018-06-18 14:15:21 - [TEST_STEP][PASSED] - Statement - println(childgroup): null

2018-06-18 14:15:21 - [TEST_STEP][PASSED] - Statement - subGroupList[i - 1] = childgroup: null

2018-06-18 14:15:21 - [TEST_STEP][PASSED] - Statement - groupXpath = "(//span[@title='" + groupName + "']/following-sibling::ul/li/span[3]/span[2])[" + i + "]": null

2018-06-18 14:15:21 - [TEST_STEP][PASSED] - Statement - println(groupXpath): null

2018-06-18 14:15:21 - [TEST_STEP][PASSED] - Statement - childgroup = driver.findElement(org.openqa.selenium.By.xpath(groupXpath)).getText(): null

2018-06-18 14:15:21 - [TEST_STEP][PASSED] - Statement - println(childgroup): null

2018-06-18 14:15:21 - [TEST_STEP][PASSED] - Statement - subGroupList[i - 1] = childgroup: null

2018-06-18 14:15:21 - [TEST_STEP][PASSED] - Statement - groupXpath = "(//span[@title='" + groupName + "']/following-sibling::ul/li/span[3]/span[2])[" + i + "]": null

2018-06-18 14:15:21 - [TEST_STEP][PASSED] - Statement - println(groupXpath): null

2018-06-18 14:15:21 - [TEST_STEP][PASSED] - Statement - childgroup = driver.findElement(org.openqa.selenium.By.xpath(groupXpath)).getText(): null

2018-06-18 14:15:21 - [TEST_STEP][PASSED] - Statement - println(childgroup): null

2018-06-18 14:15:21 - [TEST_STEP][PASSED] - Statement - subGroupList[i - 1] = childgroup: null

2018-06-18 14:15:21 - [TEST_STEP][PASSED] - Statement - groupXpath = "(//span[@title='" + groupName + "']/following-sibling::ul/li/span[3]/span[2])[" + i + "]": null

2018-06-18 14:15:21 - [TEST_STEP][PASSED] - Statement - println(groupXpath): null

2018-06-18 14:15:21 - [TEST_STEP][PASSED] - Statement - childgroup = driver.findElement(org.openqa.selenium.By.xpath(groupXpath)).getText(): null

2018-06-18 14:15:21 - [TEST_STEP][PASSED] - Statement - println(childgroup): null

2018-06-18 14:15:21 - [TEST_STEP][PASSED] - Statement - subGroupList[i - 1] = childgroup: null

2018-06-18 14:15:21 - [TEST_STEP][PASSED] - Statement - groupXpath = "(//span[@title='" + groupName + "']/following-sibling::ul/li/span[3]/span[2])[" + i + "]": null

2018-06-18 14:15:21 - [TEST_STEP][PASSED] - Statement - println(groupXpath): null

2018-06-18 14:15:21 - [TEST_STEP][PASSED] - Statement - childgroup = driver.findElement(org.openqa.selenium.By.xpath(groupXpath)).getText(): null

2018-06-18 14:15:21 - [TEST_STEP][PASSED] - Statement - println(childgroup): null

2018-06-18 14:15:21 - [TEST_STEP][PASSED] - Statement - subGroupList[i - 1] = childgroup: null

2018-06-18 14:15:21 - [TEST_STEP][PASSED] - Statement - groupXpath = "(//span[@title='" + groupName + "']/following-sibling::ul/li/span[3]/span[2])[" + i + "]": null

2018-06-18 14:15:21 - [TEST_STEP][PASSED] - Statement - println(groupXpath): null

2018-06-18 14:15:21 - [TEST_STEP][PASSED] - Statement - childgroup = driver.findElement(org.openqa.selenium.By.xpath(groupXpath)).getText(): null

2018-06-18 14:15:21 - [TEST_STEP][PASSED] - Statement - println(childgroup): null

2018-06-18 14:15:21 - [TEST_STEP][PASSED] - Statement - subGroupList[i - 1] = childgroup: null

2018-06-18 14:15:21 - [TEST_STEP][PASSED] - Statement - groupXpath = "(//span[@title='" + groupName + "']/following-sibling::ul/li/span[3]/span[2])[" + i + "]": null

2018-06-18 14:15:21 - [TEST_STEP][PASSED] - Statement - println(groupXpath): null

2018-06-18 14:15:21 - [TEST_STEP][PASSED] - Statement - childgroup = driver.findElement(org.openqa.selenium.By.xpath(groupXpath)).getText(): null

2018-06-18 14:15:21 - [TEST_STEP][PASSED] - Statement - println(childgroup): null

2018-06-18 14:15:21 - [TEST_STEP][PASSED] - Statement - subGroupList[i - 1] = childgroup: null

2018-06-18 14:15:21 - [TEST_STEP][PASSED] - Statement - groupXpath = "(//span[@title='" + groupName + "']/following-sibling::ul/li/span[3]/span[2])[" + i + "]": null

2018-06-18 14:15:21 - [TEST_STEP][PASSED] - Statement - println(groupXpath): null

2018-06-18 14:15:21 - [TEST_STEP][PASSED] - Statement - childgroup = driver.findElement(org.openqa.selenium.By.xpath(groupXpath)).getText(): null

2018-06-18 14:15:21 - [TEST_STEP][PASSED] - Statement - println(childgroup): null

2018-06-18 14:15:21 - [TEST_STEP][PASSED] - Statement - subGroupList[i - 1] = childgroup: null

2018-06-18 14:15:21 - [TEST_STEP][PASSED] - Statement - groupXpath = "(//span[@title='" + groupName + "']/following-sibling::ul/li/span[3]/span[2])[" + i + "]": null

2018-06-18 14:15:21 - [TEST_STEP][PASSED] - Statement - println(groupXpath): null

2018-06-18 14:15:21 - [TEST_STEP][PASSED] - Statement - childgroup = driver.findElement(org.openqa.selenium.By.xpath(groupXpath)).getText(): null

2018-06-18 14:15:21 - [TEST_STEP][PASSED] - Statement - println(childgroup): null

2018-06-18 14:15:21 - [TEST_STEP][PASSED] - Statement - subGroupList[i - 1] = childgroup: null

2018-06-18 14:15:21 - [TEST_STEP][PASSED] - Statement - groupXpath = "(//span[@title='" + groupName + "']/following-sibling::ul/li/span[3]/span[2])[" + i + "]": null

2018-06-18 14:15:21 - [TEST_STEP][PASSED] - Statement - println(groupXpath): null

2018-06-18 14:15:21 - [TEST_STEP][PASSED] - Statement - childgroup = driver.findElement(org.openqa.selenium.By.xpath(groupXpath)).getText(): null

2018-06-18 14:15:21 - [TEST_STEP][PASSED] - Statement - println(childgroup): null

2018-06-18 14:15:21 - [TEST_STEP][PASSED] - Statement - subGroupList[i - 1] = childgroup: null

2018-06-18 14:15:21 - [TEST_STEP][PASSED] - Statement - groupXpath = "(//span[@title='" + groupName + "']/following-sibling::ul/li/span[3]/span[2])[" + i + "]": null

2018-06-18 14:15:21 - [TEST_STEP][PASSED] - Statement - println(groupXpath): null

2018-06-18 14:15:21 - [TEST_STEP][PASSED] - Statement - childgroup = driver.findElement(org.openqa.selenium.By.xpath(groupXpath)).getText(): null

2018-06-18 14:15:21 - [TEST_STEP][PASSED] - Statement - println(childgroup): null

2018-06-18 14:15:21 - [TEST_STEP][PASSED] - Statement - subGroupList[i - 1] = childgroup: null

2018-06-18 14:15:21 - [TEST_STEP][PASSED] - Statement - groupXpath = "(//span[@title='" + groupName + "']/following-sibling::ul/li/span[3]/span[2])[" + i + "]": null

2018-06-18 14:15:21 - [TEST_STEP][PASSED] - Statement - println(groupXpath): null

2018-06-18 14:15:21 - [TEST_STEP][PASSED] - Statement - childgroup = driver.findElement(org.openqa.selenium.By.xpath(groupXpath)).getText(): null

2018-06-18 14:15:21 - [TEST_STEP][PASSED] - Statement - println(childgroup): null

2018-06-18 14:15:21 - [TEST_STEP][PASSED] - Statement - subGroupList[i - 1] = childgroup: null

2018-06-18 14:15:21 - [TEST_STEP][PASSED] - Statement - groupXpath = "(//span[@title='" + groupName + "']/following-sibling::ul/li/span[3]/span[2])[" + i + "]": null

2018-06-18 14:15:21 - [TEST_STEP][PASSED] - Statement - println(groupXpath): null

2018-06-18 14:15:21 - [TEST_STEP][PASSED] - Statement - childgroup = driver.findElement(org.openqa.selenium.By.xpath(groupXpath)).getText(): null

2018-06-18 14:15:22 - [TEST_STEP][PASSED] - Statement - println(childgroup): null

2018-06-18 14:15:22 - [TEST_STEP][PASSED] - Statement - subGroupList[i - 1] = childgroup: null

2018-06-18 14:15:22 - [TEST_STEP][PASSED] - Statement - groupXpath = "(//span[@title='" + groupName + "']/following-sibling::ul/li/span[3]/span[2])[" + i + "]": null

2018-06-18 14:15:22 - [TEST_STEP][PASSED] - Statement - println(groupXpath): null

2018-06-18 14:15:22 - [TEST_STEP][PASSED] - Statement - childgroup = driver.findElement(org.openqa.selenium.By.xpath(groupXpath)).getText(): null

2018-06-18 14:15:22 - [TEST_STEP][PASSED] - Statement - println(childgroup): null

2018-06-18 14:15:22 - [TEST_STEP][PASSED] - Statement - subGroupList[i - 1] = childgroup: null

2018-06-18 14:15:22 - [TEST_STEP][PASSED] - Statement - groupXpath = "(//span[@title='" + groupName + "']/following-sibling::ul/li/span[3]/span[2])[" + i + "]": null

2018-06-18 14:15:22 - [TEST_STEP][PASSED] - Statement - println(groupXpath): null

2018-06-18 14:15:22 - [TEST_STEP][PASSED] - Statement - childgroup = driver.findElement(org.openqa.selenium.By.xpath(groupXpath)).getText(): null

2018-06-18 14:15:22 - [TEST_STEP][PASSED] - Statement - println(childgroup): null

2018-06-18 14:15:22 - [TEST_STEP][PASSED] - Statement - subGroupList[i - 1] = childgroup: null

2018-06-18 14:15:22 - [TEST_STEP][PASSED] - Statement - groupXpath = "(//span[@title='" + groupName + "']/following-sibling::ul/li/span[3]/span[2])[" + i + "]": null

2018-06-18 14:15:22 - [TEST_STEP][PASSED] - Statement - println(groupXpath): null

2018-06-18 14:15:22 - [TEST_STEP][PASSED] - Statement - childgroup = driver.findElement(org.openqa.selenium.By.xpath(groupXpath)).getText(): null

2018-06-18 14:15:22 - [TEST_STEP][PASSED] - Statement - println(childgroup): null

2018-06-18 14:15:22 - [TEST_STEP][PASSED] - Statement - subGroupList[i - 1] = childgroup: null

2018-06-18 14:15:22 - [TEST_STEP][PASSED] - Statement - groupXpath = "(//span[@title='" + groupName + "']/following-sibling::ul/li/span[3]/span[2])[" + i + "]": null

2018-06-18 14:15:22 - [TEST_STEP][PASSED] - Statement - println(groupXpath): null

2018-06-18 14:15:22 - [TEST_STEP][PASSED] - Statement - childgroup = driver.findElement(org.openqa.selenium.By.xpath(groupXpath)).getText(): null

2018-06-18 14:15:22 - [TEST_STEP][PASSED] - Statement - println(childgroup): null

2018-06-18 14:15:22 - [TEST_STEP][PASSED] - Statement - subGroupList[i - 1] = childgroup: null

2018-06-18 14:15:22 - [TEST_STEP][PASSED] - Statement - groupXpath = "(//span[@title='" + groupName + "']/following-sibling::ul/li/span[3]/span[2])[" + i + "]": null

2018-06-18 14:15:22 - [TEST_STEP][PASSED] - Statement - println(groupXpath): null

2018-06-18 14:15:22 - [TEST_STEP][PASSED] - Statement - childgroup = driver.findElement(org.openqa.selenium.By.xpath(groupXpath)).getText(): null

2018-06-18 14:15:22 - [TEST_STEP][PASSED] - Statement - println(childgroup): null

2018-06-18 14:15:22 - [TEST_STEP][PASSED] - Statement - subGroupList[i - 1] = childgroup: null

2018-06-18 14:15:22 - [TEST_STEP][PASSED] - Statement - groupXpath = "(//span[@title='" + groupName + "']/following-sibling::ul/li/span[3]/span[2])[" + i + "]": null

2018-06-18 14:15:22 - [TEST_STEP][PASSED] - Statement - println(groupXpath): null

2018-06-18 14:15:22 - [TEST_STEP][PASSED] - Statement - childgroup = driver.findElement(org.openqa.selenium.By.xpath(groupXpath)).getText(): null

2018-06-18 14:15:22 - [TEST_STEP][PASSED] - Statement - println(childgroup): null

2018-06-18 14:15:22 - [TEST_STEP][PASSED] - Statement - subGroupList[i - 1] = childgroup: null

2018-06-18 14:15:22 - [TEST_STEP][PASSED] - Statement - groupXpath = "(//span[@title='" + groupName + "']/following-sibling::ul/li/span[3]/span[2])[" + i + "]": null

2018-06-18 14:15:22 - [TEST_STEP][PASSED] - Statement - println(groupXpath): null

2018-06-18 14:15:22 - [TEST_STEP][PASSED] - Statement - childgroup = driver.findElement(org.openqa.selenium.By.xpath(groupXpath)).getText(): null

2018-06-18 14:15:22 - [TEST_STEP][PASSED] - Statement - println(childgroup): null

2018-06-18 14:15:22 - [TEST_STEP][PASSED] - Statement - subGroupList[i - 1] = childgroup: null

2018-06-18 14:15:22 - [TEST_STEP][PASSED] - Statement - groupXpath = "(//span[@title='" + groupName + "']/following-sibling::ul/li/span[3]/span[2])[" + i + "]": null

2018-06-18 14:15:22 - [TEST_STEP][PASSED] - Statement - println(groupXpath): null

2018-06-18 14:15:22 - [TEST_STEP][PASSED] - Statement - childgroup = driver.findElement(org.openqa.selenium.By.xpath(groupXpath)).getText(): null

2018-06-18 14:15:22 - [TEST_STEP][PASSED] - Statement - println(childgroup): null

2018-06-18 14:15:22 - [TEST_STEP][PASSED] - Statement - subGroupList[i - 1] = childgroup: null

2018-06-18 14:15:22 - [TEST_STEP][PASSED] - Statement - groupXpath = "(//span[@title='" + groupName + "']/following-sibling::ul/li/span[3]/span[2])[" + i + "]": null

2018-06-18 14:15:22 - [TEST_STEP][PASSED] - Statement - println(groupXpath): null

2018-06-18 14:15:22 - [TEST_STEP][PASSED] - Statement - childgroup = driver.findElement(org.openqa.selenium.By.xpath(groupXpath)).getText(): null

2018-06-18 14:15:22 - [TEST_STEP][PASSED] - Statement - println(childgroup): null

2018-06-18 14:15:22 - [TEST_STEP][PASSED] - Statement - subGroupList[i - 1] = childgroup: null

2018-06-18 14:15:22 - [TEST_STEP][PASSED] - Statement - groupXpath = "(//span[@title='" + groupName + "']/following-sibling::ul/li/span[3]/span[2])[" + i + "]": null

2018-06-18 14:15:22 - [TEST_STEP][PASSED] - Statement - println(groupXpath): null

2018-06-18 14:15:22 - [TEST_STEP][PASSED] - Statement - childgroup = driver.findElement(org.openqa.selenium.By.xpath(groupXpath)).getText(): null

2018-06-18 14:15:22 - [TEST_STEP][PASSED] - Statement - println(childgroup): null

2018-06-18 14:15:22 - [TEST_STEP][PASSED] - Statement - subGroupList[i - 1] = childgroup: null

2018-06-18 14:15:22 - [TEST_STEP][PASSED] - Statement - groupXpath = "(//span[@title='" + groupName + "']/following-sibling::ul/li/span[3]/span[2])[" + i + "]": null

2018-06-18 14:15:22 - [TEST_STEP][PASSED] - Statement - println(groupXpath): null

2018-06-18 14:15:22 - [TEST_STEP][PASSED] - Statement - childgroup = driver.findElement(org.openqa.selenium.By.xpath(groupXpath)).getText(): null

2018-06-18 14:15:22 - [TEST_STEP][PASSED] - Statement - println(childgroup): null

2018-06-18 14:15:22 - [TEST_STEP][PASSED] - Statement - subGroupList[i - 1] = childgroup: null

2018-06-18 14:15:22 - [TEST_STEP][PASSED] - Statement - groupXpath = "(//span[@title='" + groupName + "']/following-sibling::ul/li/span[3]/span[2])[" + i + "]": null

2018-06-18 14:15:22 - [TEST_STEP][PASSED] - Statement - println(groupXpath): null

2018-06-18 14:15:22 - [TEST_STEP][PASSED] - Statement - childgroup = driver.findElement(org.openqa.selenium.By.xpath(groupXpath)).getText(): null

2018-06-18 14:15:22 - [TEST_STEP][PASSED] - Statement - println(childgroup): null

2018-06-18 14:15:22 - [TEST_STEP][PASSED] - Statement - subGroupList[i - 1] = childgroup: null

2018-06-18 14:15:22 - [TEST_STEP][PASSED] - Statement - groupXpath = "(//span[@title='" + groupName + "']/following-sibling::ul/li/span[3]/span[2])[" + i + "]": null

2018-06-18 14:15:22 - [TEST_STEP][PASSED] - Statement - println(groupXpath): null

2018-06-18 14:15:22 - [TEST_STEP][PASSED] - Statement - childgroup = driver.findElement(org.openqa.selenium.By.xpath(groupXpath)).getText(): null

2018-06-18 14:15:22 - [TEST_STEP][PASSED] - Statement - println(childgroup): null

2018-06-18 14:15:22 - [TEST_STEP][PASSED] - Statement - subGroupList[i - 1] = childgroup: null

2018-06-18 14:15:22 - [TEST_STEP][PASSED] - Statement - groupXpath = "(//span[@title='" + groupName + "']/following-sibling::ul/li/span[3]/span[2])[" + i + "]": null

2018-06-18 14:15:22 - [TEST_STEP][PASSED] - Statement - println(groupXpath): null

2018-06-18 14:15:22 - [TEST_STEP][PASSED] - Statement - childgroup = driver.findElement(org.openqa.selenium.By.xpath(groupXpath)).getText(): null

2018-06-18 14:15:22 - [TEST_STEP][PASSED] - Statement - println(childgroup): null

2018-06-18 14:15:22 - [TEST_STEP][PASSED] - Statement - subGroupList[i - 1] = childgroup: null

2018-06-18 14:15:22 - [TEST_STEP][PASSED] - Statement - groupXpath = "(//span[@title='" + groupName + "']/following-sibling::ul/li/span[3]/span[2])[" + i + "]": null

2018-06-18 14:15:22 - [TEST_STEP][PASSED] - Statement - println(groupXpath): null

2018-06-18 14:15:22 - [TEST_STEP][PASSED] - Statement - childgroup = driver.findElement(org.openqa.selenium.By.xpath(groupXpath)).getText(): null

2018-06-18 14:15:22 - [TEST_STEP][PASSED] - Statement - println(childgroup): null

2018-06-18 14:15:22 - [TEST_STEP][PASSED] - Statement - subGroupList[i - 1] = childgroup: null

2018-06-18 14:15:22 - [TEST_STEP][PASSED] - Statement - groupXpath = "(//span[@title='" + groupName + "']/following-sibling::ul/li/span[3]/span[2])[" + i + "]": null

2018-06-18 14:15:22 - [TEST_STEP][PASSED] - Statement - println(groupXpath): null

2018-06-18 14:15:22 - [TEST_STEP][PASSED] - Statement - childgroup = driver.findElement(org.openqa.selenium.By.xpath(groupXpath)).getText(): null

2018-06-18 14:15:22 - [TEST_STEP][PASSED] - Statement - println(childgroup): null

2018-06-18 14:15:22 - [TEST_STEP][PASSED] - Statement - subGroupList[i - 1] = childgroup: null

2018-06-18 14:15:22 - [TEST_STEP][PASSED] - Statement - groupXpath = "(//span[@title='" + groupName + "']/following-sibling::ul/li/span[3]/span[2])[" + i + "]": null

2018-06-18 14:15:22 - [TEST_STEP][PASSED] - Statement - println(groupXpath): null

2018-06-18 14:15:22 - [TEST_STEP][PASSED] - Statement - childgroup = driver.findElement(org.openqa.selenium.By.xpath(groupXpath)).getText(): null

2018-06-18 14:15:22 - [TEST_STEP][PASSED] - Statement - println(childgroup): null

2018-06-18 14:15:22 - [TEST_STEP][PASSED] - Statement - subGroupList[i - 1] = childgroup: null

2018-06-18 14:15:22 - [TEST_STEP][PASSED] - Statement - groupXpath = "(//span[@title='" + groupName + "']/following-sibling::ul/li/span[3]/span[2])[" + i + "]": null

2018-06-18 14:15:22 - [TEST_STEP][PASSED] - Statement - println(groupXpath): null

2018-06-18 14:15:22 - [TEST_STEP][PASSED] - Statement - childgroup = driver.findElement(org.openqa.selenium.By.xpath(groupXpath)).getText(): null

2018-06-18 14:15:22 - [TEST_STEP][PASSED] - Statement - println(childgroup): null

2018-06-18 14:15:22 - [TEST_STEP][PASSED] - Statement - subGroupList[i - 1] = childgroup: null

2018-06-18 14:15:22 - [TEST_STEP][PASSED] - Statement - groupXpath = "(//span[@title='" + groupName + "']/following-sibling::ul/li/span[3]/span[2])[" + i + "]": null

2018-06-18 14:15:22 - [TEST_STEP][PASSED] - Statement - println(groupXpath): null

2018-06-18 14:15:22 - [TEST_STEP][PASSED] - Statement - childgroup = driver.findElement(org.openqa.selenium.By.xpath(groupXpath)).getText(): null

2018-06-18 14:15:22 - [TEST_STEP][PASSED] - Statement - println(childgroup): null

2018-06-18 14:15:22 - [TEST_STEP][PASSED] - Statement - subGroupList[i - 1] = childgroup: null

2018-06-18 14:15:22 - [TEST_STEP][PASSED] - Statement - groupXpath = "(//span[@title='" + groupName + "']/following-sibling::ul/li/span[3]/span[2])[" + i + "]": null

2018-06-18 14:15:22 - [TEST_STEP][PASSED] - Statement - println(groupXpath): null

2018-06-18 14:15:22 - [TEST_STEP][PASSED] - Statement - childgroup = driver.findElement(org.openqa.selenium.By.xpath(groupXpath)).getText(): null

2018-06-18 14:15:22 - [TEST_STEP][PASSED] - Statement - println(childgroup): null

2018-06-18 14:15:22 - [TEST_STEP][PASSED] - Statement - subGroupList[i - 1] = childgroup: null

2018-06-18 14:15:22 - [TEST_STEP][PASSED] - Statement - groupXpath = "(//span[@title='" + groupName + "']/following-sibling::ul/li/span[3]/span[2])[" + i + "]": null

2018-06-18 14:15:22 - [TEST_STEP][PASSED] - Statement - println(groupXpath): null

2018-06-18 14:15:22 - [TEST_STEP][PASSED] - Statement - childgroup = driver.findElement(org.openqa.selenium.By.xpath(groupXpath)).getText(): null

2018-06-18 14:15:22 - [TEST_STEP][PASSED] - Statement - println(childgroup): null

2018-06-18 14:15:22 - [TEST_STEP][PASSED] - Statement - subGroupList[i - 1] = childgroup: null

2018-06-18 14:15:22 - [TEST_STEP][PASSED] - Statement - groupXpath = "(//span[@title='" + groupName + "']/following-sibling::ul/li/span[3]/span[2])[" + i + "]": null

2018-06-18 14:15:22 - [TEST_STEP][PASSED] - Statement - println(groupXpath): null

2018-06-18 14:15:22 - [TEST_STEP][PASSED] - Statement - childgroup = driver.findElement(org.openqa.selenium.By.xpath(groupXpath)).getText(): null

2018-06-18 14:15:22 - [TEST_STEP][PASSED] - Statement - println(childgroup): null

2018-06-18 14:15:22 - [TEST_STEP][PASSED] - Statement - subGroupList[i - 1] = childgroup: null

2018-06-18 14:15:22 - [TEST_STEP][PASSED] - Statement - groupXpath = "(//span[@title='" + groupName + "']/following-sibling::ul/li/span[3]/span[2])[" + i + "]": null

2018-06-18 14:15:22 - [TEST_STEP][PASSED] - Statement - println(groupXpath): null

2018-06-18 14:15:22 - [TEST_STEP][PASSED] - Statement - childgroup = driver.findElement(org.openqa.selenium.By.xpath(groupXpath)).getText(): null

2018-06-18 14:15:22 - [TEST_STEP][PASSED] - Statement - println(childgroup): null

2018-06-18 14:15:22 - [TEST_STEP][PASSED] - Statement - subGroupList[i - 1] = childgroup: null

2018-06-18 14:15:22 - [TEST_STEP][PASSED] - Statement - groupXpath = "(//span[@title='" + groupName + "']/following-sibling::ul/li/span[3]/span[2])[" + i + "]": null

2018-06-18 14:15:22 - [TEST_STEP][PASSED] - Statement - println(groupXpath): null

2018-06-18 14:15:22 - [TEST_STEP][PASSED] - Statement - childgroup = driver.findElement(org.openqa.selenium.By.xpath(groupXpath)).getText(): null

2018-06-18 14:15:22 - [TEST_STEP][PASSED] - Statement - println(childgroup): null

2018-06-18 14:15:22 - [TEST_STEP][PASSED] - Statement - subGroupList[i - 1] = childgroup: null

2018-06-18 14:15:22 - [TEST_STEP][PASSED] - Statement - groupXpath = "(//span[@title='" + groupName + "']/following-sibling::ul/li/span[3]/span[2])[" + i + "]": null

2018-06-18 14:15:22 - [TEST_STEP][PASSED] - Statement - println(groupXpath): null

2018-06-18 14:15:22 - [TEST_STEP][PASSED] - Statement - childgroup = driver.findElement(org.openqa.selenium.By.xpath(groupXpath)).getText(): null

2018-06-18 14:15:22 - [TEST_STEP][PASSED] - Statement - println(childgroup): null

2018-06-18 14:15:22 - [TEST_STEP][PASSED] - Statement - subGroupList[i - 1] = childgroup: null

2018-06-18 14:15:22 - [TEST_STEP][PASSED] - Statement - groupXpath = "(//span[@title='" + groupName + "']/following-sibling::ul/li/span[3]/span[2])[" + i + "]": null

2018-06-18 14:15:22 - [TEST_STEP][PASSED] - Statement - println(groupXpath): null

2018-06-18 14:15:22 - [TEST_STEP][PASSED] - Statement - childgroup = driver.findElement(org.openqa.selenium.By.xpath(groupXpath)).getText(): null

2018-06-18 14:15:22 - [TEST_STEP][PASSED] - Statement - println(childgroup): null

2018-06-18 14:15:22 - [TEST_STEP][PASSED] - Statement - subGroupList[i - 1] = childgroup: null

2018-06-18 14:15:22 - [TEST_STEP][PASSED] - Statement - groupXpath = "(//span[@title='" + groupName + "']/following-sibling::ul/li/span[3]/span[2])[" + i + "]": null

2018-06-18 14:15:22 - [TEST_STEP][PASSED] - Statement - println(groupXpath): null

2018-06-18 14:15:22 - [TEST_STEP][PASSED] - Statement - childgroup = driver.findElement(org.openqa.selenium.By.xpath(groupXpath)).getText(): null

2018-06-18 14:15:22 - [TEST_STEP][PASSED] - Statement - println(childgroup): null

2018-06-18 14:15:22 - [TEST_STEP][PASSED] - Statement - subGroupList[i - 1] = childgroup: null

2018-06-18 14:15:22 - [TEST_STEP][PASSED] - Statement - groupXpath = "(//span[@title='" + groupName + "']/following-sibling::ul/li/span[3]/span[2])[" + i + "]": null

2018-06-18 14:15:22 - [TEST_STEP][PASSED] - Statement - println(groupXpath): null

2018-06-18 14:15:22 - [TEST_STEP][PASSED] - Statement - childgroup = driver.findElement(org.openqa.selenium.By.xpath(groupXpath)).getText(): null

2018-06-18 14:15:22 - [TEST_STEP][PASSED] - Statement - println(childgroup): null

2018-06-18 14:15:22 - [TEST_STEP][PASSED] - Statement - subGroupList[i - 1] = childgroup: null

2018-06-18 14:15:22 - [TEST_STEP][PASSED] - Statement - groupXpath = "(//span[@title='" + groupName + "']/following-sibling::ul/li/span[3]/span[2])[" + i + "]": null

2018-06-18 14:15:22 - [TEST_STEP][PASSED] - Statement - println(groupXpath): null

2018-06-18 14:15:22 - [TEST_STEP][PASSED] - Statement - childgroup = driver.findElement(org.openqa.selenium.By.xpath(groupXpath)).getText(): null

2018-06-18 14:15:22 - [TEST_STEP][PASSED] - Statement - println(childgroup): null

2018-06-18 14:15:22 - [TEST_STEP][PASSED] - Statement - subGroupList[i - 1] = childgroup: null

2018-06-18 14:15:22 - [TEST_STEP][PASSED] - Statement - groupXpath = "(//span[@title='" + groupName + "']/following-sibling::ul/li/span[3]/span[2])[" + i + "]": null

2018-06-18 14:15:22 - [TEST_STEP][PASSED] - Statement - println(groupXpath): null

2018-06-18 14:15:22 - [TEST_STEP][PASSED] - Statement - childgroup = driver.findElement(org.openqa.selenium.By.xpath(groupXpath)).getText(): null

2018-06-18 14:15:22 - [TEST_STEP][PASSED] - Statement - println(childgroup): null

2018-06-18 14:15:22 - [TEST_STEP][PASSED] - Statement - subGroupList[i - 1] = childgroup: null

2018-06-18 14:15:22 - [TEST_STEP][PASSED] - Statement - groupXpath = "(//span[@title='" + groupName + "']/following-sibling::ul/li/span[3]/span[2])[" + i + "]": null

2018-06-18 14:15:22 - [TEST_STEP][PASSED] - Statement - println(groupXpath): null

2018-06-18 14:15:22 - [TEST_STEP][PASSED] - Statement - childgroup = driver.findElement(org.openqa.selenium.By.xpath(groupXpath)).getText(): null

2018-06-18 14:15:22 - [TEST_STEP][PASSED] - Statement - println(childgroup): null

2018-06-18 14:15:22 - [TEST_STEP][PASSED] - Statement - subGroupList[i - 1] = childgroup: null

2018-06-18 14:15:22 - [TEST_STEP][PASSED] - Statement - groupXpath = "(//span[@title='" + groupName + "']/following-sibling::ul/li/span[3]/span[2])[" + i + "]": null

2018-06-18 14:15:22 - [TEST_STEP][PASSED] - Statement - println(groupXpath): null

2018-06-18 14:15:22 - [TEST_STEP][PASSED] - Statement - childgroup = driver.findElement(org.openqa.selenium.By.xpath(groupXpath)).getText(): null

2018-06-18 14:15:22 - [TEST_STEP][PASSED] - Statement - println(childgroup): null

2018-06-18 14:15:22 - [TEST_STEP][PASSED] - Statement - subGroupList[i - 1] = childgroup: null

2018-06-18 14:15:22 - [TEST_STEP][PASSED] - Statement - groupXpath = "(//span[@title='" + groupName + "']/following-sibling::ul/li/span[3]/span[2])[" + i + "]": null

2018-06-18 14:15:22 - [TEST_STEP][PASSED] - Statement - println(groupXpath): null

2018-06-18 14:15:22 - [TEST_STEP][PASSED] - Statement - childgroup = driver.findElement(org.openqa.selenium.By.xpath(groupXpath)).getText(): null

2018-06-18 14:15:22 - [TEST_STEP][PASSED] - Statement - println(childgroup): null

2018-06-18 14:15:22 - [TEST_STEP][PASSED] - Statement - subGroupList[i - 1] = childgroup: null

2018-06-18 14:15:22 - [TEST_STEP][PASSED] - Statement - groupXpath = "(//span[@title='" + groupName + "']/following-sibling::ul/li/span[3]/span[2])[" + i + "]": null

2018-06-18 14:15:22 - [TEST_STEP][PASSED] - Statement - println(groupXpath): null

2018-06-18 14:15:22 - [TEST_STEP][PASSED] - Statement - childgroup = driver.findElement(org.openqa.selenium.By.xpath(groupXpath)).getText(): null

2018-06-18 14:15:22 - [TEST_STEP][PASSED] - Statement - println(childgroup): null

2018-06-18 14:15:22 - [TEST_STEP][PASSED] - Statement - subGroupList[i - 1] = childgroup: null

2018-06-18 14:15:22 - [TEST_STEP][PASSED] - Statement - groupXpath = "(//span[@title='" + groupName + "']/following-sibling::ul/li/span[3]/span[2])[" + i + "]": null

2018-06-18 14:15:22 - [TEST_STEP][PASSED] - Statement - println(groupXpath): null

2018-06-18 14:15:22 - [TEST_STEP][PASSED] - Statement - childgroup = driver.findElement(org.openqa.selenium.By.xpath(groupXpath)).getText(): null

2018-06-18 14:15:22 - [TEST_STEP][PASSED] - Statement - println(childgroup): null

2018-06-18 14:15:22 - [TEST_STEP][PASSED] - Statement - subGroupList[i - 1] = childgroup: null

2018-06-18 14:15:22 - [TEST_STEP][PASSED] - Statement - groupXpath = "(//span[@title='" + groupName + "']/following-sibling::ul/li/span[3]/span[2])[" + i + "]": null

2018-06-18 14:15:22 - [TEST_STEP][PASSED] - Statement - println(groupXpath): null

2018-06-18 14:15:22 - [TEST_STEP][PASSED] - Statement - childgroup = driver.findElement(org.openqa.selenium.By.xpath(groupXpath)).getText(): null

2018-06-18 14:15:23 - [TEST_STEP][PASSED] - Statement - println(childgroup): null

2018-06-18 14:15:23 - [TEST_STEP][PASSED] - Statement - subGroupList[i - 1] = childgroup: null

2018-06-18 14:15:23 - [TEST_STEP][PASSED] - Statement - groupXpath = "(//span[@title='" + groupName + "']/following-sibling::ul/li/span[3]/span[2])[" + i + "]": null

2018-06-18 14:15:23 - [TEST_STEP][PASSED] - Statement - println(groupXpath): null

2018-06-18 14:15:23 - [TEST_STEP][PASSED] - Statement - childgroup = driver.findElement(org.openqa.selenium.By.xpath(groupXpath)).getText(): null

2018-06-18 14:15:23 - [TEST_STEP][PASSED] - Statement - println(childgroup): null

2018-06-18 14:15:23 - [TEST_STEP][PASSED] - Statement - subGroupList[i - 1] = childgroup: null

2018-06-18 14:15:23 - [TEST_STEP][PASSED] - Statement - groupXpath = "(//span[@title='" + groupName + "']/following-sibling::ul/li/span[3]/span[2])[" + i + "]": null

2018-06-18 14:15:23 - [TEST_STEP][PASSED] - Statement - println(groupXpath): null

2018-06-18 14:15:23 - [TEST_STEP][PASSED] - Statement - childgroup = driver.findElement(org.openqa.selenium.By.xpath(groupXpath)).getText(): null

2018-06-18 14:15:23 - [TEST_STEP][PASSED] - Statement - println(childgroup): null

2018-06-18 14:15:23 - [TEST_STEP][PASSED] - Statement - subGroupList[i - 1] = childgroup: null

2018-06-18 14:15:23 - [TEST_STEP][PASSED] - Statement - groupXpath = "(//span[@title='" + groupName + "']/following-sibling::ul/li/span[3]/span[2])[" + i + "]": null

2018-06-18 14:15:23 - [TEST_STEP][PASSED] - Statement - println(groupXpath): null

2018-06-18 14:15:23 - [TEST_STEP][PASSED] - Statement - childgroup = driver.findElement(org.openqa.selenium.By.xpath(groupXpath)).getText(): null

2018-06-18 14:15:23 - [TEST_STEP][PASSED] - Statement - println(childgroup): null

2018-06-18 14:15:23 - [TEST_STEP][PASSED] - Statement - subGroupList[i - 1] = childgroup: null

2018-06-18 14:15:23 - [TEST_STEP][PASSED] - Statement - groupXpath = "(//span[@title='" + groupName + "']/following-sibling::ul/li/span[3]/span[2])[" + i + "]": null

2018-06-18 14:15:23 - [TEST_STEP][PASSED] - Statement - println(groupXpath): null

2018-06-18 14:15:23 - [TEST_STEP][PASSED] - Statement - childgroup = driver.findElement(org.openqa.selenium.By.xpath(groupXpath)).getText(): null

2018-06-18 14:15:23 - [TEST_STEP][PASSED] - Statement - println(childgroup): null

2018-06-18 14:15:23 - [TEST_STEP][PASSED] - Statement - subGroupList[i - 1] = childgroup: null

2018-06-18 14:15:23 - [TEST_STEP][PASSED] - Statement - groupXpath = "(//span[@title='" + groupName + "']/following-sibling::ul/li/span[3]/span[2])[" + i + "]": null

2018-06-18 14:15:23 - [TEST_STEP][PASSED] - Statement - println(groupXpath): null

2018-06-18 14:15:23 - [TEST_STEP][PASSED] - Statement - childgroup = driver.findElement(org.openqa.selenium.By.xpath(groupXpath)).getText(): null

2018-06-18 14:15:23 - [TEST_STEP][PASSED] - Statement - println(childgroup): null

2018-06-18 14:15:23 - [TEST_STEP][PASSED] - Statement - subGroupList[i - 1] = childgroup: null

2018-06-18 14:15:23 - [TEST_STEP][PASSED] - Statement - groupXpath = "(//span[@title='" + groupName + "']/following-sibling::ul/li/span[3]/span[2])[" + i + "]": null

2018-06-18 14:15:23 - [TEST_STEP][PASSED] - Statement - println(groupXpath): null

2018-06-18 14:15:23 - [TEST_STEP][PASSED] - Statement - childgroup = driver.findElement(org.openqa.selenium.By.xpath(groupXpath)).getText(): null

2018-06-18 14:15:23 - [TEST_STEP][PASSED] - Statement - println(childgroup): null

2018-06-18 14:15:23 - [TEST_STEP][PASSED] - Statement - subGroupList[i - 1] = childgroup: null

2018-06-18 14:15:23 - [TEST_STEP][PASSED] - Statement - groupXpath = "(//span[@title='" + groupName + "']/following-sibling::ul/li/span[3]/span[2])[" + i + "]": null

2018-06-18 14:15:23 - [TEST_STEP][PASSED] - Statement - println(groupXpath): null

2018-06-18 14:15:23 - [TEST_STEP][PASSED] - Statement - childgroup = driver.findElement(org.openqa.selenium.By.xpath(groupXpath)).getText(): null

2018-06-18 14:15:23 - [TEST_STEP][PASSED] - Statement - println(childgroup): null

2018-06-18 14:15:23 - [TEST_STEP][PASSED] - Statement - subGroupList[i - 1] = childgroup: null

2018-06-18 14:15:23 - [TEST_STEP][PASSED] - Statement - groupXpath = "(//span[@title='" + groupName + "']/following-sibling::ul/li/span[3]/span[2])[" + i + "]": null

2018-06-18 14:15:23 - [TEST_STEP][PASSED] - Statement - println(groupXpath): null

2018-06-18 14:15:23 - [TEST_STEP][PASSED] - Statement - childgroup = driver.findElement(org.openqa.selenium.By.xpath(groupXpath)).getText(): null

2018-06-18 14:15:23 - [TEST_STEP][PASSED] - Statement - println(childgroup): null

2018-06-18 14:15:23 - [TEST_STEP][PASSED] - Statement - subGroupList[i - 1] = childgroup: null

2018-06-18 14:15:23 - [TEST_STEP][PASSED] - Statement - groupXpath = "(//span[@title='" + groupName + "']/following-sibling::ul/li/span[3]/span[2])[" + i + "]": null

2018-06-18 14:15:23 - [TEST_STEP][PASSED] - Statement - println(groupXpath): null

2018-06-18 14:15:23 - [TEST_STEP][PASSED] - Statement - childgroup = driver.findElement(org.openqa.selenium.By.xpath(groupXpath)).getText(): null

2018-06-18 14:15:23 - [TEST_STEP][PASSED] - Statement - println(childgroup): null

2018-06-18 14:15:23 - [TEST_STEP][PASSED] - Statement - subGroupList[i - 1] = childgroup: null

2018-06-18 14:15:23 - [TEST_STEP][PASSED] - Statement - groupXpath = "(//span[@title='" + groupName + "']/following-sibling::ul/li/span[3]/span[2])[" + i + "]": null

2018-06-18 14:15:23 - [TEST_STEP][PASSED] - Statement - println(groupXpath): null

2018-06-18 14:15:23 - [TEST_STEP][PASSED] - Statement - childgroup = driver.findElement(org.openqa.selenium.By.xpath(groupXpath)).getText(): null

2018-06-18 14:15:23 - [TEST_STEP][PASSED] - Statement - println(childgroup): null

2018-06-18 14:15:23 - [TEST_STEP][PASSED] - Statement - subGroupList[i - 1] = childgroup: null

2018-06-18 14:15:23 - [TEST_STEP][PASSED] - Statement - groupXpath = "(//span[@title='" + groupName + "']/following-sibling::ul/li/span[3]/span[2])[" + i + "]": null

2018-06-18 14:15:23 - [TEST_STEP][PASSED] - Statement - println(groupXpath): null

2018-06-18 14:15:23 - [TEST_STEP][PASSED] - Statement - childgroup = driver.findElement(org.openqa.selenium.By.xpath(groupXpath)).getText(): null

2018-06-18 14:15:23 - [TEST_STEP][PASSED] - Statement - println(childgroup): null

2018-06-18 14:15:23 - [TEST_STEP][PASSED] - Statement - subGroupList[i - 1] = childgroup: null

2018-06-18 14:15:23 - [TEST_STEP][PASSED] - Statement - groupXpath = "(//span[@title='" + groupName + "']/following-sibling::ul/li/span[3]/span[2])[" + i + "]": null

2018-06-18 14:15:23 - [TEST_STEP][PASSED] - Statement - println(groupXpath): null

2018-06-18 14:15:23 - [TEST_STEP][PASSED] - Statement - childgroup = driver.findElement(org.openqa.selenium.By.xpath(groupXpath)).getText(): null

2018-06-18 14:15:23 - [TEST_STEP][PASSED] - Statement - println(childgroup): null

2018-06-18 14:15:23 - [TEST_STEP][PASSED] - Statement - subGroupList[i - 1] = childgroup: null

2018-06-18 14:15:23 - [TEST_STEP][PASSED] - Statement - groupXpath = "(//span[@title='" + groupName + "']/following-sibling::ul/li/span[3]/span[2])[" + i + "]": null

2018-06-18 14:15:23 - [TEST_STEP][PASSED] - Statement - println(groupXpath): null

2018-06-18 14:15:23 - [TEST_STEP][PASSED] - Statement - childgroup = driver.findElement(org.openqa.selenium.By.xpath(groupXpath)).getText(): null

2018-06-18 14:15:23 - [TEST_STEP][PASSED] - Statement - println(childgroup): null

2018-06-18 14:15:23 - [TEST_STEP][PASSED] - Statement - subGroupList[i - 1] = childgroup: null

2018-06-18 14:15:23 - [TEST_STEP][PASSED] - Statement - groupXpath = "(//span[@title='" + groupName + "']/following-sibling::ul/li/span[3]/span[2])[" + i + "]": null

2018-06-18 14:15:23 - [TEST_STEP][PASSED] - Statement - println(groupXpath): null

2018-06-18 14:15:23 - [TEST_STEP][PASSED] - Statement - childgroup = driver.findElement(org.openqa.selenium.By.xpath(groupXpath)).getText(): null

2018-06-18 14:15:23 - [TEST_STEP][PASSED] - Statement - println(childgroup): null

2018-06-18 14:15:23 - [TEST_STEP][PASSED] - Statement - subGroupList[i - 1] = childgroup: null

2018-06-18 14:15:23 - [TEST_STEP][PASSED] - Statement - groupXpath = "(//span[@title='" + groupName + "']/following-sibling::ul/li/span[3]/span[2])[" + i + "]": null

2018-06-18 14:15:23 - [TEST_STEP][PASSED] - Statement - println(groupXpath): null

2018-06-18 14:15:23 - [TEST_STEP][PASSED] - Statement - childgroup = driver.findElement(org.openqa.selenium.By.xpath(groupXpath)).getText(): null

2018-06-18 14:15:23 - [TEST_STEP][PASSED] - Statement - println(childgroup): null

2018-06-18 14:15:23 - [TEST_STEP][PASSED] - Statement - subGroupList[i - 1] = childgroup: null

2018-06-18 14:15:23 - [TEST_STEP][PASSED] - Statement - groupXpath = "(//span[@title='" + groupName + "']/following-sibling::ul/li/span[3]/span[2])[" + i + "]": null

2018-06-18 14:15:23 - [TEST_STEP][PASSED] - Statement - println(groupXpath): null

2018-06-18 14:15:23 - [TEST_STEP][PASSED] - Statement - childgroup = driver.findElement(org.openqa.selenium.By.xpath(groupXpath)).getText(): null

2018-06-18 14:15:23 - [TEST_STEP][PASSED] - Statement - println(childgroup): null

2018-06-18 14:15:23 - [TEST_STEP][PASSED] - Statement - subGroupList[i - 1] = childgroup: null

2018-06-18 14:15:23 - [TEST_STEP][PASSED] - Statement - groupXpath = "(//span[@title='" + groupName + "']/following-sibling::ul/li/span[3]/span[2])[" + i + "]": null

2018-06-18 14:15:23 - [TEST_STEP][PASSED] - Statement - println(groupXpath): null

2018-06-18 14:15:23 - [TEST_STEP][PASSED] - Statement - childgroup = driver.findElement(org.openqa.selenium.By.xpath(groupXpath)).getText(): null

2018-06-18 14:15:23 - [TEST_STEP][PASSED] - Statement - println(childgroup): null

2018-06-18 14:15:23 - [TEST_STEP][PASSED] - Statement - subGroupList[i - 1] = childgroup: null

2018-06-18 14:15:23 - [TEST_STEP][PASSED] - Statement - groupXpath = "(//span[@title='" + groupName + "']/following-sibling::ul/li/span[3]/span[2])[" + i + "]": null

2018-06-18 14:15:23 - [TEST_STEP][PASSED] - Statement - println(groupXpath): null

2018-06-18 14:15:23 - [TEST_STEP][PASSED] - Statement - childgroup = driver.findElement(org.openqa.selenium.By.xpath(groupXpath)).getText(): null

2018-06-18 14:15:23 - [TEST_STEP][PASSED] - Statement - println(childgroup): null

2018-06-18 14:15:23 - [TEST_STEP][PASSED] - Statement - subGroupList[i - 1] = childgroup: null

2018-06-18 14:15:23 - [TEST_STEP][PASSED] - Statement - groupXpath = "(//span[@title='" + groupName + "']/following-sibling::ul/li/span[3]/span[2])[" + i + "]": null

2018-06-18 14:15:23 - [TEST_STEP][PASSED] - Statement - println(groupXpath): null

2018-06-18 14:15:23 - [TEST_STEP][PASSED] - Statement - childgroup = driver.findElement(org.openqa.selenium.By.xpath(groupXpath)).getText(): null

2018-06-18 14:15:23 - [TEST_STEP][PASSED] - Statement - println(childgroup): null

2018-06-18 14:15:23 - [TEST_STEP][PASSED] - Statement - subGroupList[i - 1] = childgroup: null

2018-06-18 14:15:23 - [TEST_STEP][PASSED] - Statement - groupXpath = "(//span[@title='" + groupName + "']/following-sibling::ul/li/span[3]/span[2])[" + i + "]": null

2018-06-18 14:15:23 - [TEST_STEP][PASSED] - Statement - println(groupXpath): null

2018-06-18 14:15:23 - [TEST_STEP][PASSED] - Statement - childgroup = driver.findElement(org.openqa.selenium.By.xpath(groupXpath)).getText(): null

2018-06-18 14:15:23 - [TEST_STEP][PASSED] - Statement - println(childgroup): null

2018-06-18 14:15:23 - [TEST_STEP][PASSED] - Statement - subGroupList[i - 1] = childgroup: null

2018-06-18 14:15:23 - [TEST_STEP][PASSED] - Statement - groupXpath = "(//span[@title='" + groupName + "']/following-sibling::ul/li/span[3]/span[2])[" + i + "]": null

2018-06-18 14:15:23 - [TEST_STEP][PASSED] - Statement - println(groupXpath): null

2018-06-18 14:15:23 - [TEST_STEP][PASSED] - Statement - childgroup = driver.findElement(org.openqa.selenium.By.xpath(groupXpath)).getText(): null

2018-06-18 14:15:23 - [TEST_STEP][PASSED] - Statement - println(childgroup): null

2018-06-18 14:15:23 - [TEST_STEP][PASSED] - Statement - subGroupList[i - 1] = childgroup: null

2018-06-18 14:15:23 - [TEST_STEP][PASSED] - Statement - groupXpath = "(//span[@title='" + groupName + "']/following-sibling::ul/li/span[3]/span[2])[" + i + "]": null

2018-06-18 14:15:23 - [TEST_STEP][PASSED] - Statement - println(groupXpath): null

2018-06-18 14:15:23 - [TEST_STEP][PASSED] - Statement - childgroup = driver.findElement(org.openqa.selenium.By.xpath(groupXpath)).getText(): null

2018-06-18 14:15:23 - [TEST_STEP][PASSED] - Statement - println(childgroup): null

2018-06-18 14:15:23 - [TEST_STEP][PASSED] - Statement - subGroupList[i - 1] = childgroup: null

2018-06-18 14:15:23 - [TEST_STEP][PASSED] - Statement - groupXpath = "(//span[@title='" + groupName + "']/following-sibling::ul/li/span[3]/span[2])[" + i + "]": null

2018-06-18 14:15:23 - [TEST_STEP][PASSED] - Statement - println(groupXpath): null

2018-06-18 14:15:23 - [TEST_STEP][PASSED] - Statement - childgroup = driver.findElement(org.openqa.selenium.By.xpath(groupXpath)).getText(): null

2018-06-18 14:15:23 - [TEST_STEP][PASSED] - Statement - println(childgroup): null

2018-06-18 14:15:23 - [TEST_STEP][PASSED] - Statement - subGroupList[i - 1] = childgroup: null

2018-06-18 14:15:23 - [TEST_STEP][PASSED] - Statement - groupXpath = "(//span[@title='" + groupName + "']/following-sibling::ul/li/span[3]/span[2])[" + i + "]": null

2018-06-18 14:15:23 - [TEST_STEP][PASSED] - Statement - println(groupXpath): null

2018-06-18 14:15:23 - [TEST_STEP][PASSED] - Statement - childgroup = driver.findElement(org.openqa.selenium.By.xpath(groupXpath)).getText(): null

2018-06-18 14:15:23 - [TEST_STEP][PASSED] - Statement - println(childgroup): null

2018-06-18 14:15:23 - [TEST_STEP][PASSED] - Statement - subGroupList[i - 1] = childgroup: null

2018-06-18 14:15:23 - [TEST_STEP][PASSED] - Statement - groupXpath = "(//span[@title='" + groupName + "']/following-sibling::ul/li/span[3]/span[2])[" + i + "]": null

2018-06-18 14:15:23 - [TEST_STEP][PASSED] - Statement - println(groupXpath): null

2018-06-18 14:15:23 - [TEST_STEP][PASSED] - Statement - childgroup = driver.findElement(org.openqa.selenium.By.xpath(groupXpath)).getText(): null

2018-06-18 14:15:23 - [TEST_STEP][PASSED] - Statement - println(childgroup): null

2018-06-18 14:15:23 - [TEST_STEP][PASSED] - Statement - subGroupList[i - 1] = childgroup: null

2018-06-18 14:15:23 - [TEST_STEP][PASSED] - Statement - groupXpath = "(//span[@title='" + groupName + "']/following-sibling::ul/li/span[3]/span[2])[" + i + "]": null

2018-06-18 14:15:23 - [TEST_STEP][PASSED] - Statement - println(groupXpath): null

2018-06-18 14:15:23 - [TEST_STEP][PASSED] - Statement - childgroup = driver.findElement(org.openqa.selenium.By.xpath(groupXpath)).getText(): null

2018-06-18 14:15:23 - [TEST_STEP][PASSED] - Statement - println(childgroup): null

2018-06-18 14:15:23 - [TEST_STEP][PASSED] - Statement - subGroupList[i - 1] = childgroup: null

2018-06-18 14:15:23 - [TEST_STEP][PASSED] - Statement - groupXpath = "(//span[@title='" + groupName + "']/following-sibling::ul/li/span[3]/span[2])[" + i + "]": null

2018-06-18 14:15:23 - [TEST_STEP][PASSED] - Statement - println(groupXpath): null

2018-06-18 14:15:23 - [TEST_STEP][PASSED] - Statement - childgroup = driver.findElement(org.openqa.selenium.By.xpath(groupXpath)).getText(): null

2018-06-18 14:15:23 - [TEST_STEP][PASSED] - Statement - println(childgroup): null

2018-06-18 14:15:23 - [TEST_STEP][PASSED] - Statement - subGroupList[i - 1] = childgroup: null

2018-06-18 14:15:23 - [TEST_STEP][PASSED] - Statement - groupXpath = "(//span[@title='" + groupName + "']/following-sibling::ul/li/span[3]/span[2])[" + i + "]": null

2018-06-18 14:15:23 - [TEST_STEP][PASSED] - Statement - println(groupXpath): null

2018-06-18 14:15:23 - [TEST_STEP][PASSED] - Statement - childgroup = driver.findElement(org.openqa.selenium.By.xpath(groupXpath)).getText(): null

2018-06-18 14:15:23 - [TEST_STEP][PASSED] - Statement - println(childgroup): null

2018-06-18 14:15:23 - [TEST_STEP][PASSED] - Statement - subGroupList[i - 1] = childgroup: null

2018-06-18 14:15:23 - [TEST_STEP][PASSED] - Statement - groupXpath = "(//span[@title='" + groupName + "']/following-sibling::ul/li/span[3]/span[2])[" + i + "]": null

2018-06-18 14:15:23 - [TEST_STEP][PASSED] - Statement - println(groupXpath): null

2018-06-18 14:15:23 - [TEST_STEP][PASSED] - Statement - childgroup = driver.findElement(org.openqa.selenium.By.xpath(groupXpath)).getText(): null

2018-06-18 14:15:23 - [TEST_STEP][PASSED] - Statement - println(childgroup): null

2018-06-18 14:15:23 - [TEST_STEP][PASSED] - Statement - subGroupList[i - 1] = childgroup: null

2018-06-18 14:15:23 - [TEST_STEP][PASSED] - Statement - groupXpath = "(//span[@title='" + groupName + "']/following-sibling::ul/li/span[3]/span[2])[" + i + "]": null

2018-06-18 14:15:23 - [TEST_STEP][PASSED] - Statement - println(groupXpath): null

2018-06-18 14:15:23 - [TEST_STEP][PASSED] - Statement - childgroup = driver.findElement(org.openqa.selenium.By.xpath(groupXpath)).getText(): null

2018-06-18 14:15:23 - [TEST_STEP][PASSED] - Statement - println(childgroup): null

2018-06-18 14:15:23 - [TEST_STEP][PASSED] - Statement - subGroupList[i - 1] = childgroup: null

2018-06-18 14:15:23 - [TEST_STEP][PASSED] - Statement - groupXpath = "(//span[@title='" + groupName + "']/following-sibling::ul/li/span[3]/span[2])[" + i + "]": null

2018-06-18 14:15:23 - [TEST_STEP][PASSED] - Statement - println(groupXpath): null

2018-06-18 14:15:23 - [TEST_STEP][PASSED] - Statement - childgroup = driver.findElement(org.openqa.selenium.By.xpath(groupXpath)).getText(): null

2018-06-18 14:15:23 - [TEST_STEP][PASSED] - Statement - println(childgroup): null

2018-06-18 14:15:23 - [TEST_STEP][PASSED] - Statement - subGroupList[i - 1] = childgroup: null

2018-06-18 14:15:23 - [TEST_STEP][PASSED] - Statement - groupXpath = "(//span[@title='" + groupName + "']/following-sibling::ul/li/span[3]/span[2])[" + i + "]": null

2018-06-18 14:15:23 - [TEST_STEP][PASSED] - Statement - println(groupXpath): null

2018-06-18 14:15:23 - [TEST_STEP][PASSED] - Statement - childgroup = driver.findElement(org.openqa.selenium.By.xpath(groupXpath)).getText(): null

2018-06-18 14:15:23 - [TEST_STEP][PASSED] - Statement - println(childgroup): null

2018-06-18 14:15:23 - [TEST_STEP][PASSED] - Statement - subGroupList[i - 1] = childgroup: null

2018-06-18 14:15:23 - [TEST_STEP][PASSED] - Statement - groupXpath = "(//span[@title='" + groupName + "']/following-sibling::ul/li/span[3]/span[2])[" + i + "]": null

2018-06-18 14:15:23 - [TEST_STEP][PASSED] - Statement - println(groupXpath): null

2018-06-18 14:15:23 - [TEST_STEP][PASSED] - Statement - childgroup = driver.findElement(org.openqa.selenium.By.xpath(groupXpath)).getText(): null

2018-06-18 14:15:23 - [TEST_STEP][PASSED] - Statement - println(childgroup): null

2018-06-18 14:15:23 - [TEST_STEP][PASSED] - Statement - subGroupList[i - 1] = childgroup: null

2018-06-18 14:15:23 - [TEST_STEP][PASSED] - Statement - groupXpath = "(//span[@title='" + groupName + "']/following-sibling::ul/li/span[3]/span[2])[" + i + "]": null

2018-06-18 14:15:23 - [TEST_STEP][PASSED] - Statement - println(groupXpath): null

2018-06-18 14:15:23 - [TEST_STEP][PASSED] - Statement - childgroup = driver.findElement(org.openqa.selenium.By.xpath(groupXpath)).getText(): null

2018-06-18 14:15:23 - [TEST_STEP][PASSED] - Statement - println(childgroup): null

2018-06-18 14:15:23 - [TEST_STEP][PASSED] - Statement - subGroupList[i - 1] = childgroup: null

2018-06-18 14:15:23 - [TEST_STEP][PASSED] - Statement - groupXpath = "(//span[@title='" + groupName + "']/following-sibling::ul/li/span[3]/span[2])[" + i + "]": null

2018-06-18 14:15:23 - [TEST_STEP][PASSED] - Statement - println(groupXpath): null

2018-06-18 14:15:23 - [TEST_STEP][PASSED] - Statement - childgroup = driver.findElement(org.openqa.selenium.By.xpath(groupXpath)).getText(): null

2018-06-18 14:15:23 - [TEST_STEP][PASSED] - Statement - println(childgroup): null

2018-06-18 14:15:23 - [TEST_STEP][PASSED] - Statement - subGroupList[i - 1] = childgroup: null

2018-06-18 14:15:23 - [TEST_STEP][PASSED] - Statement - groupXpath = "(//span[@title='" + groupName + "']/following-sibling::ul/li/span[3]/span[2])[" + i + "]": null

2018-06-18 14:15:23 - [TEST_STEP][PASSED] - Statement - println(groupXpath): null

2018-06-18 14:15:23 - [TEST_STEP][PASSED] - Statement - childgroup = driver.findElement(org.openqa.selenium.By.xpath(groupXpath)).getText(): null

2018-06-18 14:15:24 - [TEST_STEP][PASSED] - Statement - println(childgroup): null

2018-06-18 14:15:24 - [TEST_STEP][PASSED] - Statement - subGroupList[i - 1] = childgroup: null

2018-06-18 14:15:24 - [TEST_STEP][PASSED] - Statement - groupXpath = "(//span[@title='" + groupName + "']/following-sibling::ul/li/span[3]/span[2])[" + i + "]": null

2018-06-18 14:15:24 - [TEST_STEP][PASSED] - Statement - println(groupXpath): null

2018-06-18 14:15:24 - [TEST_STEP][PASSED] - Statement - childgroup = driver.findElement(org.openqa.selenium.By.xpath(groupXpath)).getText(): null

2018-06-18 14:15:24 - [TEST_STEP][PASSED] - Statement - println(childgroup): null

2018-06-18 14:15:24 - [TEST_STEP][PASSED] - Statement - subGroupList[i - 1] = childgroup: null

2018-06-18 14:15:24 - [TEST_STEP][PASSED] - Statement - groupXpath = "(//span[@title='" + groupName + "']/following-sibling::ul/li/span[3]/span[2])[" + i + "]": null

2018-06-18 14:15:24 - [TEST_STEP][PASSED] - Statement - println(groupXpath): null

2018-06-18 14:15:24 - [TEST_STEP][PASSED] - Statement - childgroup = driver.findElement(org.openqa.selenium.By.xpath(groupXpath)).getText(): null

2018-06-18 14:15:24 - [TEST_STEP][PASSED] - Statement - println(childgroup): null

2018-06-18 14:15:24 - [TEST_STEP][PASSED] - Statement - subGroupList[i - 1] = childgroup: null

2018-06-18 14:15:24 - [TEST_STEP][PASSED] - Statement - groupXpath = "(//span[@title='" + groupName + "']/following-sibling::ul/li/span[3]/span[2])[" + i + "]": null

2018-06-18 14:15:24 - [TEST_STEP][PASSED] - Statement - println(groupXpath): null

2018-06-18 14:15:24 - [TEST_STEP][PASSED] - Statement - childgroup = driver.findElement(org.openqa.selenium.By.xpath(groupXpath)).getText(): null

2018-06-18 14:15:24 - [TEST_STEP][PASSED] - Statement - println(childgroup): null

2018-06-18 14:15:24 - [TEST_STEP][PASSED] - Statement - subGroupList[i - 1] = childgroup: null

2018-06-18 14:15:24 - [TEST_STEP][PASSED] - Statement - groupXpath = "(//span[@title='" + groupName + "']/following-sibling::ul/li/span[3]/span[2])[" + i + "]": null

2018-06-18 14:15:24 - [TEST_STEP][PASSED] - Statement - println(groupXpath): null

2018-06-18 14:15:24 - [TEST_STEP][PASSED] - Statement - childgroup = driver.findElement(org.openqa.selenium.By.xpath(groupXpath)).getText(): null

2018-06-18 14:15:24 - [TEST_STEP][PASSED] - Statement - println(childgroup): null

2018-06-18 14:15:24 - [TEST_STEP][PASSED] - Statement - subGroupList[i - 1] = childgroup: null

2018-06-18 14:15:24 - [TEST_STEP][PASSED] - Statement - groupXpath = "(//span[@title='" + groupName + "']/following-sibling::ul/li/span[3]/span[2])[" + i + "]": null

2018-06-18 14:15:24 - [TEST_STEP][PASSED] - Statement - println(groupXpath): null

2018-06-18 14:15:24 - [TEST_STEP][PASSED] - Statement - childgroup = driver.findElement(org.openqa.selenium.By.xpath(groupXpath)).getText(): null

2018-06-18 14:15:24 - [TEST_STEP][PASSED] - Statement - println(childgroup): null

2018-06-18 14:15:24 - [TEST_STEP][PASSED] - Statement - subGroupList[i - 1] = childgroup: null

2018-06-18 14:15:24 - [TEST_STEP][PASSED] - Statement - groupXpath = "(//span[@title='" + groupName + "']/following-sibling::ul/li/span[3]/span[2])[" + i + "]": null

2018-06-18 14:15:24 - [TEST_STEP][PASSED] - Statement - println(groupXpath): null

2018-06-18 14:15:24 - [TEST_STEP][PASSED] - Statement - childgroup = driver.findElement(org.openqa.selenium.By.xpath(groupXpath)).getText(): null

2018-06-18 14:15:24 - [TEST_STEP][PASSED] - Statement - println(childgroup): null

2018-06-18 14:15:24 - [TEST_STEP][PASSED] - Statement - subGroupList[i - 1] = childgroup: null

2018-06-18 14:15:24 - [TEST_STEP][PASSED] - Statement - groupXpath = "(//span[@title='" + groupName + "']/following-sibling::ul/li/span[3]/span[2])[" + i + "]": null

2018-06-18 14:15:24 - [TEST_STEP][PASSED] - Statement - println(groupXpath): null

2018-06-18 14:15:24 - [TEST_STEP][PASSED] - Statement - childgroup = driver.findElement(org.openqa.selenium.By.xpath(groupXpath)).getText(): null

2018-06-18 14:15:24 - [TEST_STEP][PASSED] - Statement - println(childgroup): null

2018-06-18 14:15:24 - [TEST_STEP][PASSED] - Statement - subGroupList[i - 1] = childgroup: null

2018-06-18 14:15:24 - [TEST_STEP][PASSED] - Statement - groupXpath = "(//span[@title='" + groupName + "']/following-sibling::ul/li/span[3]/span[2])[" + i + "]": null

2018-06-18 14:15:24 - [TEST_STEP][PASSED] - Statement - println(groupXpath): null

2018-06-18 14:15:24 - [TEST_STEP][PASSED] - Statement - childgroup = driver.findElement(org.openqa.selenium.By.xpath(groupXpath)).getText(): null

2018-06-18 14:15:24 - [TEST_STEP][PASSED] - Statement - println(childgroup): null

2018-06-18 14:15:24 - [TEST_STEP][PASSED] - Statement - subGroupList[i - 1] = childgroup: null

2018-06-18 14:15:24 - [TEST_STEP][PASSED] - Statement - groupXpath = "(//span[@title='" + groupName + "']/following-sibling::ul/li/span[3]/span[2])[" + i + "]": null

2018-06-18 14:15:24 - [TEST_STEP][PASSED] - Statement - println(groupXpath): null

2018-06-18 14:15:24 - [TEST_STEP][PASSED] - Statement - childgroup = driver.findElement(org.openqa.selenium.By.xpath(groupXpath)).getText(): null

2018-06-18 14:15:24 - [TEST_STEP][PASSED] - Statement - println(childgroup): null

2018-06-18 14:15:24 - [TEST_STEP][PASSED] - Statement - subGroupList[i - 1] = childgroup: null

2018-06-18 14:15:24 - [TEST_STEP][PASSED] - Statement - groupXpath = "(//span[@title='" + groupName + "']/following-sibling::ul/li/span[3]/span[2])[" + i + "]": null

2018-06-18 14:15:24 - [TEST_STEP][PASSED] - Statement - println(groupXpath): null

2018-06-18 14:15:24 - [TEST_STEP][PASSED] - Statement - childgroup = driver.findElement(org.openqa.selenium.By.xpath(groupXpath)).getText(): null

2018-06-18 14:15:24 - [TEST_STEP][PASSED] - Statement - println(childgroup): null

2018-06-18 14:15:24 - [TEST_STEP][PASSED] - Statement - subGroupList[i - 1] = childgroup: null

2018-06-18 14:15:24 - [TEST_STEP][PASSED] - Statement - groupXpath = "(//span[@title='" + groupName + "']/following-sibling::ul/li/span[3]/span[2])[" + i + "]": null

2018-06-18 14:15:24 - [TEST_STEP][PASSED] - Statement - println(groupXpath): null

2018-06-18 14:15:24 - [TEST_STEP][PASSED] - Statement - childgroup = driver.findElement(org.openqa.selenium.By.xpath(groupXpath)).getText(): null

2018-06-18 14:15:24 - [TEST_STEP][PASSED] - Statement - println(childgroup): null

2018-06-18 14:15:24 - [TEST_STEP][PASSED] - Statement - subGroupList[i - 1] = childgroup: null

2018-06-18 14:15:24 - [TEST_STEP][PASSED] - Statement - groupXpath = "(//span[@title='" + groupName + "']/following-sibling::ul/li/span[3]/span[2])[" + i + "]": null

2018-06-18 14:15:24 - [TEST_STEP][PASSED] - Statement - println(groupXpath): null

2018-06-18 14:15:24 - [TEST_STEP][PASSED] - Statement - childgroup = driver.findElement(org.openqa.selenium.By.xpath(groupXpath)).getText(): null

2018-06-18 14:15:24 - [TEST_STEP][PASSED] - Statement - println(childgroup): null

2018-06-18 14:15:24 - [TEST_STEP][PASSED] - Statement - subGroupList[i - 1] = childgroup: null

2018-06-18 14:15:24 - [TEST_STEP][PASSED] - Statement - groupXpath = "(//span[@title='" + groupName + "']/following-sibling::ul/li/span[3]/span[2])[" + i + "]": null

2018-06-18 14:15:24 - [TEST_STEP][PASSED] - Statement - println(groupXpath): null

2018-06-18 14:15:24 - [TEST_STEP][PASSED] - Statement - childgroup = driver.findElement(org.openqa.selenium.By.xpath(groupXpath)).getText(): null

2018-06-18 14:15:24 - [TEST_STEP][PASSED] - Statement - println(childgroup): null

2018-06-18 14:15:24 - [TEST_STEP][PASSED] - Statement - subGroupList[i - 1] = childgroup: null

2018-06-18 14:15:24 - [TEST_STEP][PASSED] - Statement - groupXpath = "(//span[@title='" + groupName + "']/following-sibling::ul/li/span[3]/span[2])[" + i + "]": null

2018-06-18 14:15:24 - [TEST_STEP][PASSED] - Statement - println(groupXpath): null

2018-06-18 14:15:24 - [TEST_STEP][PASSED] - Statement - childgroup = driver.findElement(org.openqa.selenium.By.xpath(groupXpath)).getText(): null

2018-06-18 14:15:24 - [TEST_STEP][PASSED] - Statement - println(childgroup): null

2018-06-18 14:15:24 - [TEST_STEP][PASSED] - Statement - subGroupList[i - 1] = childgroup: null

2018-06-18 14:15:24 - [TEST_STEP][PASSED] - Statement - groupXpath = "(//span[@title='" + groupName + "']/following-sibling::ul/li/span[3]/span[2])[" + i + "]": null

2018-06-18 14:15:24 - [TEST_STEP][PASSED] - Statement - println(groupXpath): null

2018-06-18 14:15:24 - [TEST_STEP][PASSED] - Statement - childgroup = driver.findElement(org.openqa.selenium.By.xpath(groupXpath)).getText(): null

2018-06-18 14:15:24 - [TEST_STEP][PASSED] - Statement - println(childgroup): null

2018-06-18 14:15:24 - [TEST_STEP][PASSED] - Statement - subGroupList[i - 1] = childgroup: null

2018-06-18 14:15:24 - [TEST_STEP][PASSED] - Statement - groupXpath = "(//span[@title='" + groupName + "']/following-sibling::ul/li/span[3]/span[2])[" + i + "]": null

2018-06-18 14:15:24 - [TEST_STEP][PASSED] - Statement - println(groupXpath): null

2018-06-18 14:15:24 - [TEST_STEP][PASSED] - Statement - childgroup = driver.findElement(org.openqa.selenium.By.xpath(groupXpath)).getText(): null

2018-06-18 14:15:24 - [TEST_STEP][PASSED] - Statement - println(childgroup): null

2018-06-18 14:15:24 - [TEST_STEP][PASSED] - Statement - subGroupList[i - 1] = childgroup: null

2018-06-18 14:15:24 - [TEST_STEP][PASSED] - Statement - groupXpath = "(//span[@title='" + groupName + "']/following-sibling::ul/li/span[3]/span[2])[" + i + "]": null

2018-06-18 14:15:24 - [TEST_STEP][PASSED] - Statement - println(groupXpath): null

2018-06-18 14:15:24 - [TEST_STEP][PASSED] - Statement - childgroup = driver.findElement(org.openqa.selenium.By.xpath(groupXpath)).getText(): null

2018-06-18 14:15:24 - [TEST_STEP][PASSED] - Statement - println(childgroup): null

2018-06-18 14:15:24 - [TEST_STEP][PASSED] - Statement - subGroupList[i - 1] = childgroup: null

2018-06-18 14:15:24 - [TEST_STEP][PASSED] - Statement - groupXpath = "(//span[@title='" + groupName + "']/following-sibling::ul/li/span[3]/span[2])[" + i + "]": null

2018-06-18 14:15:24 - [TEST_STEP][PASSED] - Statement - println(groupXpath): null

2018-06-18 14:15:24 - [TEST_STEP][PASSED] - Statement - childgroup = driver.findElement(org.openqa.selenium.By.xpath(groupXpath)).getText(): null

2018-06-18 14:15:24 - [TEST_STEP][PASSED] - Statement - println(childgroup): null

2018-06-18 14:15:24 - [TEST_STEP][PASSED] - Statement - subGroupList[i - 1] = childgroup: null

2018-06-18 14:15:24 - [TEST_STEP][PASSED] - Statement - groupXpath = "(//span[@title='" + groupName + "']/following-sibling::ul/li/span[3]/span[2])[" + i + "]": null

2018-06-18 14:15:24 - [TEST_STEP][PASSED] - Statement - println(groupXpath): null

2018-06-18 14:15:24 - [TEST_STEP][PASSED] - Statement - childgroup = driver.findElement(org.openqa.selenium.By.xpath(groupXpath)).getText(): null

2018-06-18 14:15:24 - [TEST_STEP][PASSED] - Statement - println(childgroup): null

2018-06-18 14:15:24 - [TEST_STEP][PASSED] - Statement - subGroupList[i - 1] = childgroup: null

2018-06-18 14:15:24 - [TEST_STEP][PASSED] - Statement - groupXpath = "(//span[@title='" + groupName + "']/following-sibling::ul/li/span[3]/span[2])[" + i + "]": null

2018-06-18 14:15:24 - [TEST_STEP][PASSED] - Statement - println(groupXpath): null

2018-06-18 14:15:24 - [TEST_STEP][PASSED] - Statement - childgroup = driver.findElement(org.openqa.selenium.By.xpath(groupXpath)).getText(): null

2018-06-18 14:15:24 - [TEST_STEP][PASSED] - Statement - println(childgroup): null

2018-06-18 14:15:24 - [TEST_STEP][PASSED] - Statement - subGroupList[i - 1] = childgroup: null

2018-06-18 14:15:24 - [TEST_STEP][PASSED] - Statement - groupXpath = "(//span[@title='" + groupName + "']/following-sibling::ul/li/span[3]/span[2])[" + i + "]": null

2018-06-18 14:15:24 - [TEST_STEP][PASSED] - Statement - println(groupXpath): null

2018-06-18 14:15:24 - [TEST_STEP][PASSED] - Statement - childgroup = driver.findElement(org.openqa.selenium.By.xpath(groupXpath)).getText(): null

2018-06-18 14:15:24 - [TEST_STEP][PASSED] - Statement - println(childgroup): null

2018-06-18 14:15:24 - [TEST_STEP][PASSED] - Statement - subGroupList[i - 1] = childgroup: null

2018-06-18 14:15:24 - [TEST_STEP][PASSED] - Statement - groupXpath = "(//span[@title='" + groupName + "']/following-sibling::ul/li/span[3]/span[2])[" + i + "]": null

2018-06-18 14:15:24 - [TEST_STEP][PASSED] - Statement - println(groupXpath): null

2018-06-18 14:15:24 - [TEST_STEP][PASSED] - Statement - childgroup = driver.findElement(org.openqa.selenium.By.xpath(groupXpath)).getText(): null

2018-06-18 14:15:24 - [TEST_STEP][PASSED] - Statement - println(childgroup): null

2018-06-18 14:15:24 - [TEST_STEP][PASSED] - Statement - subGroupList[i - 1] = childgroup: null

2018-06-18 14:15:24 - [TEST_STEP][PASSED] - Statement - groupXpath = "(//span[@title='" + groupName + "']/following-sibling::ul/li/span[3]/span[2])[" + i + "]": null

2018-06-18 14:15:24 - [TEST_STEP][PASSED] - Statement - println(groupXpath): null

2018-06-18 14:15:24 - [TEST_STEP][PASSED] - Statement - childgroup = driver.findElement(org.openqa.selenium.By.xpath(groupXpath)).getText(): null

2018-06-18 14:15:24 - [TEST_STEP][PASSED] - Statement - println(childgroup): null

2018-06-18 14:15:24 - [TEST_STEP][PASSED] - Statement - subGroupList[i - 1] = childgroup: null

2018-06-18 14:15:24 - [TEST_STEP][PASSED] - Statement - groupXpath = "(//span[@title='" + groupName + "']/following-sibling::ul/li/span[3]/span[2])[" + i + "]": null

2018-06-18 14:15:24 - [TEST_STEP][PASSED] - Statement - println(groupXpath): null

2018-06-18 14:15:24 - [TEST_STEP][PASSED] - Statement - childgroup = driver.findElement(org.openqa.selenium.By.xpath(groupXpath)).getText(): null

2018-06-18 14:15:24 - [TEST_STEP][PASSED] - Statement - println(childgroup): null

2018-06-18 14:15:24 - [TEST_STEP][PASSED] - Statement - subGroupList[i - 1] = childgroup: null

2018-06-18 14:15:24 - [TEST_STEP][PASSED] - Statement - groupXpath = "(//span[@title='" + groupName + "']/following-sibling::ul/li/span[3]/span[2])[" + i + "]": null

2018-06-18 14:15:24 - [TEST_STEP][PASSED] - Statement - println(groupXpath): null

2018-06-18 14:15:24 - [TEST_STEP][PASSED] - Statement - childgroup = driver.findElement(org.openqa.selenium.By.xpath(groupXpath)).getText(): null

2018-06-18 14:15:24 - [TEST_STEP][PASSED] - Statement - println(childgroup): null

2018-06-18 14:15:24 - [TEST_STEP][PASSED] - Statement - subGroupList[i - 1] = childgroup: null

2018-06-18 14:15:24 - [TEST_STEP][PASSED] - Statement - groupXpath = "(//span[@title='" + groupName + "']/following-sibling::ul/li/span[3]/span[2])[" + i + "]": null

2018-06-18 14:15:24 - [TEST_STEP][PASSED] - Statement - println(groupXpath): null

2018-06-18 14:15:24 - [TEST_STEP][PASSED] - Statement - childgroup = driver.findElement(org.openqa.selenium.By.xpath(groupXpath)).getText(): null

2018-06-18 14:15:24 - [TEST_STEP][PASSED] - Statement - println(childgroup): null

2018-06-18 14:15:24 - [TEST_STEP][PASSED] - Statement - subGroupList[i - 1] = childgroup: null

2018-06-18 14:15:24 - [TEST_STEP][PASSED] - Statement - groupXpath = "(//span[@title='" + groupName + "']/following-sibling::ul/li/span[3]/span[2])[" + i + "]": null

2018-06-18 14:15:24 - [TEST_STEP][PASSED] - Statement - println(groupXpath): null

2018-06-18 14:15:24 - [TEST_STEP][PASSED] - Statement - childgroup = driver.findElement(org.openqa.selenium.By.xpath(groupXpath)).getText(): null

2018-06-18 14:15:24 - [TEST_STEP][PASSED] - Statement - println(childgroup): null

2018-06-18 14:15:24 - [TEST_STEP][PASSED] - Statement - subGroupList[i - 1] = childgroup: null

2018-06-18 14:15:24 - [TEST_STEP][PASSED] - Statement - groupXpath = "(//span[@title='" + groupName + "']/following-sibling::ul/li/span[3]/span[2])[" + i + "]": null

2018-06-18 14:15:24 - [TEST_STEP][PASSED] - Statement - println(groupXpath): null

2018-06-18 14:15:24 - [TEST_STEP][PASSED] - Statement - childgroup = driver.findElement(org.openqa.selenium.By.xpath(groupXpath)).getText(): null

2018-06-18 14:15:24 - [TEST_STEP][PASSED] - Statement - println(childgroup): null

2018-06-18 14:15:24 - [TEST_STEP][PASSED] - Statement - subGroupList[i - 1] = childgroup: null

2018-06-18 14:15:24 - [TEST_STEP][PASSED] - Statement - groupXpath = "(//span[@title='" + groupName + "']/following-sibling::ul/li/span[3]/span[2])[" + i + "]": null

2018-06-18 14:15:24 - [TEST_STEP][PASSED] - Statement - println(groupXpath): null

2018-06-18 14:15:24 - [TEST_STEP][PASSED] - Statement - childgroup = driver.findElement(org.openqa.selenium.By.xpath(groupXpath)).getText(): null

2018-06-18 14:15:24 - [TEST_STEP][PASSED] - Statement - println(childgroup): null

2018-06-18 14:15:24 - [TEST_STEP][PASSED] - Statement - subGroupList[i - 1] = childgroup: null

2018-06-18 14:15:24 - [TEST_STEP][PASSED] - Statement - groupXpath = "(//span[@title='" + groupName + "']/following-sibling::ul/li/span[3]/span[2])[" + i + "]": null

2018-06-18 14:15:24 - [TEST_STEP][PASSED] - Statement - println(groupXpath): null

2018-06-18 14:15:24 - [TEST_STEP][PASSED] - Statement - childgroup = driver.findElement(org.openqa.selenium.By.xpath(groupXpath)).getText(): null

2018-06-18 14:15:24 - [TEST_STEP][PASSED] - Statement - println(childgroup): null

2018-06-18 14:15:24 - [TEST_STEP][PASSED] - Statement - subGroupList[i - 1] = childgroup: null

2018-06-18 14:15:24 - [TEST_STEP][PASSED] - Statement - groupXpath = "(//span[@title='" + groupName + "']/following-sibling::ul/li/span[3]/span[2])[" + i + "]": null

2018-06-18 14:15:24 - [TEST_STEP][PASSED] - Statement - println(groupXpath): null

2018-06-18 14:15:24 - [TEST_STEP][PASSED] - Statement - childgroup = driver.findElement(org.openqa.selenium.By.xpath(groupXpath)).getText(): null

2018-06-18 14:15:24 - [TEST_STEP][PASSED] - Statement - println(childgroup): null

2018-06-18 14:15:24 - [TEST_STEP][PASSED] - Statement - subGroupList[i - 1] = childgroup: null

2018-06-18 14:15:24 - [TEST_STEP][PASSED] - Statement - groupXpath = "(//span[@title='" + groupName + "']/following-sibling::ul/li/span[3]/span[2])[" + i + "]": null

2018-06-18 14:15:24 - [TEST_STEP][PASSED] - Statement - println(groupXpath): null

2018-06-18 14:15:24 - [TEST_STEP][PASSED] - Statement - childgroup = driver.findElement(org.openqa.selenium.By.xpath(groupXpath)).getText(): null

2018-06-18 14:15:24 - [TEST_STEP][PASSED] - Statement - println(childgroup): null

2018-06-18 14:15:24 - [TEST_STEP][PASSED] - Statement - subGroupList[i - 1] = childgroup: null

2018-06-18 14:15:24 - [TEST_STEP][PASSED] - Statement - groupXpath = "(//span[@title='" + groupName + "']/following-sibling::ul/li/span[3]/span[2])[" + i + "]": null

2018-06-18 14:15:24 - [TEST_STEP][PASSED] - Statement - println(groupXpath): null

2018-06-18 14:15:24 - [TEST_STEP][PASSED] - Statement - childgroup = driver.findElement(org.openqa.selenium.By.xpath(groupXpath)).getText(): null

2018-06-18 14:15:24 - [TEST_STEP][PASSED] - Statement - println(childgroup): null

2018-06-18 14:15:24 - [TEST_STEP][PASSED] - Statement - subGroupList[i - 1] = childgroup: null

2018-06-18 14:15:24 - [TEST_STEP][PASSED] - Statement - groupXpath = "(//span[@title='" + groupName + "']/following-sibling::ul/li/span[3]/span[2])[" + i + "]": null

2018-06-18 14:15:24 - [TEST_STEP][PASSED] - Statement - println(groupXpath): null

2018-06-18 14:15:24 - [TEST_STEP][PASSED] - Statement - childgroup = driver.findElement(org.openqa.selenium.By.xpath(groupXpath)).getText(): null

2018-06-18 14:15:25 - [TEST_STEP][PASSED] - Statement - println(childgroup): null

2018-06-18 14:15:25 - [TEST_STEP][PASSED] - Statement - subGroupList[i - 1] = childgroup: null

2018-06-18 14:15:25 - [TEST_STEP][PASSED] - Statement - groupXpath = "(//span[@title='" + groupName + "']/following-sibling::ul/li/span[3]/span[2])[" + i + "]": null

2018-06-18 14:15:25 - [TEST_STEP][PASSED] - Statement - println(groupXpath): null

2018-06-18 14:15:25 - [TEST_STEP][PASSED] - Statement - childgroup = driver.findElement(org.openqa.selenium.By.xpath(groupXpath)).getText(): null

2018-06-18 14:15:25 - [TEST_STEP][PASSED] - Statement - println(childgroup): null

2018-06-18 14:15:25 - [TEST_STEP][PASSED] - Statement - subGroupList[i - 1] = childgroup: null

2018-06-18 14:15:25 - [TEST_STEP][PASSED] - Statement - groupXpath = "(//span[@title='" + groupName + "']/following-sibling::ul/li/span[3]/span[2])[" + i + "]": null

2018-06-18 14:15:25 - [TEST_STEP][PASSED] - Statement - println(groupXpath): null

2018-06-18 14:15:25 - [TEST_STEP][PASSED] - Statement - childgroup = driver.findElement(org.openqa.selenium.By.xpath(groupXpath)).getText(): null

2018-06-18 14:15:25 - [TEST_STEP][PASSED] - Statement - println(childgroup): null

2018-06-18 14:15:25 - [TEST_STEP][PASSED] - Statement - subGroupList[i - 1] = childgroup: null

2018-06-18 14:15:25 - [TEST_STEP][PASSED] - Statement - groupXpath = "(//span[@title='" + groupName + "']/following-sibling::ul/li/span[3]/span[2])[" + i + "]": null

2018-06-18 14:15:25 - [TEST_STEP][PASSED] - Statement - println(groupXpath): null

2018-06-18 14:15:25 - [TEST_STEP][PASSED] - Statement - childgroup = driver.findElement(org.openqa.selenium.By.xpath(groupXpath)).getText(): null

2018-06-18 14:15:25 - [TEST_STEP][PASSED] - Statement - println(childgroup): null

2018-06-18 14:15:25 - [TEST_STEP][PASSED] - Statement - subGroupList[i - 1] = childgroup: null

2018-06-18 14:15:25 - [TEST_STEP][PASSED] - Statement - groupXpath = "(//span[@title='" + groupName + "']/following-sibling::ul/li/span[3]/span[2])[" + i + "]": null

2018-06-18 14:15:25 - [TEST_STEP][PASSED] - Statement - println(groupXpath): null

2018-06-18 14:15:25 - [TEST_STEP][PASSED] - Statement - childgroup = driver.findElement(org.openqa.selenium.By.xpath(groupXpath)).getText(): null

2018-06-18 14:15:25 - [TEST_STEP][PASSED] - Statement - println(childgroup): null

2018-06-18 14:15:25 - [TEST_STEP][PASSED] - Statement - subGroupList[i - 1] = childgroup: null

2018-06-18 14:15:25 - [TEST_STEP][PASSED] - Statement - groupXpath = "(//span[@title='" + groupName + "']/following-sibling::ul/li/span[3]/span[2])[" + i + "]": null

2018-06-18 14:15:25 - [TEST_STEP][PASSED] - Statement - println(groupXpath): null

2018-06-18 14:15:25 - [TEST_STEP][PASSED] - Statement - childgroup = driver.findElement(org.openqa.selenium.By.xpath(groupXpath)).getText(): null

2018-06-18 14:15:25 - [TEST_STEP][PASSED] - Statement - println(childgroup): null

2018-06-18 14:15:25 - [TEST_STEP][PASSED] - Statement - subGroupList[i - 1] = childgroup: null

2018-06-18 14:15:25 - [TEST_STEP][PASSED] - Statement - groupXpath = "(//span[@title='" + groupName + "']/following-sibling::ul/li/span[3]/span[2])[" + i + "]": null

2018-06-18 14:15:25 - [TEST_STEP][PASSED] - Statement - println(groupXpath): null

2018-06-18 14:15:25 - [TEST_STEP][PASSED] - Statement - childgroup = driver.findElement(org.openqa.selenium.By.xpath(groupXpath)).getText(): null

2018-06-18 14:15:25 - [TEST_STEP][PASSED] - Statement - println(childgroup): null

2018-06-18 14:15:25 - [TEST_STEP][PASSED] - Statement - subGroupList[i - 1] = childgroup: null

2018-06-18 14:15:25 - [TEST_STEP][PASSED] - Statement - groupXpath = "(//span[@title='" + groupName + "']/following-sibling::ul/li/span[3]/span[2])[" + i + "]": null

2018-06-18 14:15:25 - [TEST_STEP][PASSED] - Statement - println(groupXpath): null

2018-06-18 14:15:25 - [TEST_STEP][PASSED] - Statement - childgroup = driver.findElement(org.openqa.selenium.By.xpath(groupXpath)).getText(): null

2018-06-18 14:15:25 - [TEST_STEP][PASSED] - Statement - println(childgroup): null

2018-06-18 14:15:25 - [TEST_STEP][PASSED] - Statement - subGroupList[i - 1] = childgroup: null

2018-06-18 14:15:25 - [TEST_STEP][PASSED] - Statement - println(subGroupList): null

2018-06-18 14:15:25 - [TEST_STEP][PASSED] - Statement - println(groupStoresList1): null

2018-06-18 14:15:25 - [TEST_STEP][PASSED] - Statement - If (subGroupList.containsAll(groupStoresList1)): null

2018-06-18 14:15:25 - [TEST_STEP][PASSED] - Statement - println("Parent group have all the associated stores and groups"): null

2018-06-18 14:15:25 - [TEST_STEP][PASSED] - uiaction.CommonUIActions.click: uiaction.CommonUIActions.click is PASSED

2018-06-18 14:16:06 - [MESSAGE][PASSED] - uiaction.CommonUIActions.click is PASSED

2018-06-18 14:16:06 - [TEST_STEP][PASSED] - Statement - storesList = driver.findElements(org.openqa.selenium.By.xpath(com.kms.katalon.core.testdata.TestDataFactory.findTestData(OR_file).getValue(2, 16))): Reading excel file with source file 'C:\Users\shalinin\Katalon Studio\HME_Scripts\Data Files\HME_OR.xlsx' and sheet name 'Sheet1'

2018-06-18 14:16:06 - [TEST_STEP][PASSED] - Statement - For ([i = 1, i < storesList.size(), (i++)]): null

2018-06-18 14:16:06 - [TEST_STEP][PASSED] - Statement - reportgroup = "(//div[@class='ctable']/table/tbody/tr[@class='tdata clear'])[" + i + "]/td[7]": null

2018-06-18 14:16:06 - [TEST_STEP][PASSED] - Statement - reportgroupTxt = driver.findElement(org.openqa.selenium.By.xpath(reportgroup)).getText(): null

2018-06-18 14:16:06 - [TEST_STEP][PASSED] - Statement - If (reportgroupTxt == "AutomationGroup"): null

2018-06-18 14:16:06 - [TEST_STEP][PASSED] - Statement - println("Report group has right group name"): null

2018-06-18 14:16:06 - [TEST_STEP][PASSED] - Statement - reportgroup = "(//div[@class='ctable']/table/tbody/tr[@class='tdata clear'])[" + i + "]/td[7]": null

2018-06-18 14:16:06 - [TEST_STEP][PASSED] - Statement - reportgroupTxt = driver.findElement(org.openqa.selenium.By.xpath(reportgroup)).getText(): null

2018-06-18 14:16:06 - [TEST_STEP][PASSED] - Statement - If (reportgroupTxt == "AutomationGroup"): null

2018-06-18 14:16:06 - [TEST_STEP][PASSED] - Statement - Else: null

2018-06-18 14:16:06 - [TEST_STEP][PASSED] - Statement - If (!(TCflag)): null

2018-06-18 14:16:06 - [TEST_STEP][PASSED] - Statement - reportgroup = "(//div[@class='ctable']/table/tbody/tr[@class='tdata clear'])[" + i + "]/td[7]": null

2018-06-18 14:16:06 - [TEST_STEP][PASSED] - Statement - reportgroupTxt = driver.findElement(org.openqa.selenium.By.xpath(reportgroup)).getText(): null

2018-06-18 14:16:06 - [TEST_STEP][PASSED] - Statement - If (reportgroupTxt == "AutomationGroup"): null

2018-06-18 14:16:06 - [TEST_STEP][PASSED] - Statement - println("Report group has right group name"): null

2018-06-18 14:16:06 - [TEST_STEP][PASSED] - Statement - reportgroup = "(//div[@class='ctable']/table/tbody/tr[@class='tdata clear'])[" + i + "]/td[7]": null

2018-06-18 14:16:06 - [TEST_STEP][PASSED] - Statement - reportgroupTxt = driver.findElement(org.openqa.selenium.By.xpath(reportgroup)).getText(): null

2018-06-18 14:16:06 - [TEST_STEP][PASSED] - Statement - If (reportgroupTxt == "AutomationGroup"): null

2018-06-18 14:16:06 - [TEST_STEP][PASSED] - Statement - Else: null

2018-06-18 14:16:06 - [TEST_STEP][PASSED] - Statement - If (!(TCflag)): null

2018-06-18 14:16:06 - [TEST_STEP][PASSED] - Statement - reportgroup = "(//div[@class='ctable']/table/tbody/tr[@class='tdata clear'])[" + i + "]/td[7]": null

2018-06-18 14:16:06 - [TEST_STEP][PASSED] - Statement - reportgroupTxt = driver.findElement(org.openqa.selenium.By.xpath(reportgroup)).getText(): null

2018-06-18 14:16:06 - [TEST_STEP][PASSED] - Statement - If (reportgroupTxt == "AutomationGroup"): null

2018-06-18 14:16:06 - [TEST_STEP][PASSED] - Statement - println("Report group has right group name"): null

2018-06-18 14:16:06 - [TEST_STEP][PASSED] - Statement - reportgroup = "(//div[@class='ctable']/table/tbody/tr[@class='tdata clear'])[" + i + "]/td[7]": null

2018-06-18 14:16:06 - [TEST_STEP][PASSED] - Statement - reportgroupTxt = driver.findElement(org.openqa.selenium.By.xpath(reportgroup)).getText(): null

2018-06-18 14:16:06 - [TEST_STEP][PASSED] - Statement - If (reportgroupTxt == "AutomationGroup"): null

2018-06-18 14:16:06 - [TEST_STEP][PASSED] - Statement - Else: null

2018-06-18 14:16:06 - [TEST_STEP][PASSED] - Statement - If (!(TCflag)): null

2018-06-18 14:16:06 - [TEST_STEP][PASSED] - Statement - reportgroup = "(//div[@class='ctable']/table/tbody/tr[@class='tdata clear'])[" + i + "]/td[7]": null

2018-06-18 14:16:06 - [TEST_STEP][PASSED] - Statement - reportgroupTxt = driver.findElement(org.openqa.selenium.By.xpath(reportgroup)).getText(): null

2018-06-18 14:16:06 - [TEST_STEP][PASSED] - Statement - If (reportgroupTxt == "AutomationGroup"): null

2018-06-18 14:16:06 - [TEST_STEP][PASSED] - Statement - Else: null

2018-06-18 14:16:06 - [TEST_STEP][PASSED] - Statement - If (!(TCflag)): null

2018-06-18 14:16:06 - [TEST_STEP][PASSED] - Statement - reportgroup = "(//div[@class='ctable']/table/tbody/tr[@class='tdata clear'])[" + i + "]/td[7]": null

2018-06-18 14:16:06 - [TEST_STEP][PASSED] - Statement - reportgroupTxt = driver.findElement(org.openqa.selenium.By.xpath(reportgroup)).getText(): null

2018-06-18 14:16:06 - [TEST_STEP][PASSED] - Statement - If (reportgroupTxt == "AutomationGroup"): null

2018-06-18 14:16:06 - [TEST_STEP][PASSED] - Statement - Else: null

2018-06-18 14:16:06 - [TEST_STEP][PASSED] - Statement - If (!(TCflag)): null

2018-06-18 14:16:06 - [TEST_STEP][PASSED] - Statement - reportgroup = "(//div[@class='ctable']/table/tbody/tr[@class='tdata clear'])[" + i + "]/td[7]": null

2018-06-18 14:16:06 - [TEST_STEP][PASSED] - Statement - reportgroupTxt = driver.findElement(org.openqa.selenium.By.xpath(reportgroup)).getText(): null

2018-06-18 14:16:06 - [TEST_STEP][PASSED] - Statement - If (reportgroupTxt == "AutomationGroup"): null

2018-06-18 14:16:06 - [TEST_STEP][PASSED] - Statement - println("Report group has right group name"): null

2018-06-18 14:16:06 - [TEST_STEP][PASSED] - Statement - reportgroup = "(//div[@class='ctable']/table/tbody/tr[@class='tdata clear'])[" + i + "]/td[7]": null

2018-06-18 14:16:06 - [TEST_STEP][PASSED] - Statement - reportgroupTxt = driver.findElement(org.openqa.selenium.By.xpath(reportgroup)).getText(): null

2018-06-18 14:16:06 - [TEST_STEP][PASSED] - Statement - If (reportgroupTxt == "AutomationGroup"): null

2018-06-18 14:16:06 - [TEST_STEP][PASSED] - Statement - println("Report group has right group name"): null

2018-06-18 14:16:06 - [TEST_STEP][PASSED] - Statement - reportgroup = "(//div[@class='ctable']/table/tbody/tr[@class='tdata clear'])[" + i + "]/td[7]": null

2018-06-18 14:16:06 - [TEST_STEP][PASSED] - Statement - reportgroupTxt = driver.findElement(org.openqa.selenium.By.xpath(reportgroup)).getText(): null

2018-06-18 14:16:06 - [TEST_STEP][PASSED] - Statement - If (reportgroupTxt == "AutomationGroup"): null

2018-06-18 14:16:06 - [TEST_STEP][PASSED] - Statement - println("Report group has right group name"): null

2018-06-18 14:16:06 - [TEST_STEP][PASSED] - Statement - reportgroup = "(//div[@class='ctable']/table/tbody/tr[@class='tdata clear'])[" + i + "]/td[7]": null

2018-06-18 14:16:06 - [TEST_STEP][PASSED] - Statement - reportgroupTxt = driver.findElement(org.openqa.selenium.By.xpath(reportgroup)).getText(): null

2018-06-18 14:16:06 - [TEST_STEP][PASSED] - Statement - If (reportgroupTxt == "AutomationGroup"): null

2018-06-18 14:16:06 - [TEST_STEP][PASSED] - Statement - println("Report group has right group name"): null

2018-06-18 14:16:06 - [TEST_STEP][PASSED] - Statement - reportgroup = "(//div[@class='ctable']/table/tbody/tr[@class='tdata clear'])[" + i + "]/td[7]": null

2018-06-18 14:16:06 - [TEST_STEP][PASSED] - Statement - reportgroupTxt = driver.findElement(org.openqa.selenium.By.xpath(reportgroup)).getText(): null

2018-06-18 14:16:06 - [TEST_STEP][PASSED] - Statement - If (reportgroupTxt == "AutomationGroup"): null

2018-06-18 14:16:06 - [TEST_STEP][PASSED] - Statement - println("Report group has right group name"): null

2018-06-18 14:16:06 - [TEST_STEP][PASSED] - Statement - reportgroup = "(//div[@class='ctable']/table/tbody/tr[@class='tdata clear'])[" + i + "]/td[7]": null

2018-06-18 14:16:06 - [TEST_STEP][PASSED] - Statement - reportgroupTxt = driver.findElement(org.openqa.selenium.By.xpath(reportgroup)).getText(): null

2018-06-18 14:16:07 - [TEST_STEP][PASSED] - Statement - If (reportgroupTxt == "AutomationGroup"): null

2018-06-18 14:16:07 - [TEST_STEP][PASSED] - Statement - Else: null

2018-06-18 14:16:07 - [TEST_STEP][PASSED] - Statement - If (!(TCflag)): null

2018-06-18 14:16:07 - [TEST_STEP][PASSED] - Statement - reportgroup = "(//div[@class='ctable']/table/tbody/tr[@class='tdata clear'])[" + i + "]/td[7]": null

2018-06-18 14:16:07 - [TEST_STEP][PASSED] - Statement - reportgroupTxt = driver.findElement(org.openqa.selenium.By.xpath(reportgroup)).getText(): null

2018-06-18 14:16:07 - [TEST_STEP][PASSED] - Statement - If (reportgroupTxt == "AutomationGroup"): null

2018-06-18 14:16:07 - [TEST_STEP][PASSED] - Statement - println("Report group has right group name"): null

2018-06-18 14:16:07 - [TEST_STEP][PASSED] - Statement - reportgroup = "(//div[@class='ctable']/table/tbody/tr[@class='tdata clear'])[" + i + "]/td[7]": null

2018-06-18 14:16:07 - [TEST_STEP][PASSED] - Statement - reportgroupTxt = driver.findElement(org.openqa.selenium.By.xpath(reportgroup)).getText(): null

2018-06-18 14:16:07 - [TEST_STEP][PASSED] - Statement - If (reportgroupTxt == "AutomationGroup"): null

2018-06-18 14:16:07 - [TEST_STEP][PASSED] - Statement - Else: null

2018-06-18 14:16:07 - [TEST_STEP][PASSED] - Statement - If (!(TCflag)): null

2018-06-18 14:16:07 - [TEST_STEP][PASSED] - Statement - reportgroup = "(//div[@class='ctable']/table/tbody/tr[@class='tdata clear'])[" + i + "]/td[7]": null

2018-06-18 14:16:07 - [TEST_STEP][PASSED] - Statement - reportgroupTxt = driver.findElement(org.openqa.selenium.By.xpath(reportgroup)).getText(): null

2018-06-18 14:16:07 - [TEST_STEP][PASSED] - Statement - If (reportgroupTxt == "AutomationGroup"): null

2018-06-18 14:16:07 - [TEST_STEP][PASSED] - Statement - println("Report group has right group name"): null

2018-06-18 14:16:07 - [TEST_STEP][PASSED] - Statement - reportgroup = "(//div[@class='ctable']/table/tbody/tr[@class='tdata clear'])[" + i + "]/td[7]": null

2018-06-18 14:16:07 - [TEST_STEP][PASSED] - Statement - reportgroupTxt = driver.findElement(org.openqa.selenium.By.xpath(reportgroup)).getText(): null

2018-06-18 14:16:07 - [TEST_STEP][PASSED] - Statement - If (reportgroupTxt == "AutomationGroup"): null

2018-06-18 14:16:07 - [TEST_STEP][PASSED] - Statement - println("Report group has right group name"): null

2018-06-18 14:16:07 - [TEST_STEP][PASSED] - Statement - reportgroup = "(//div[@class='ctable']/table/tbody/tr[@class='tdata clear'])[" + i + "]/td[7]": null

2018-06-18 14:16:07 - [TEST_STEP][PASSED] - Statement - reportgroupTxt = driver.findElement(org.openqa.selenium.By.xpath(reportgroup)).getText(): null

2018-06-18 14:16:07 - [TEST_STEP][PASSED] - Statement - If (reportgroupTxt == "AutomationGroup"): null

2018-06-18 14:16:07 - [TEST_STEP][PASSED] - Statement - println("Report group has right group name"): null

2018-06-18 14:16:07 - [TEST_STEP][PASSED] - Statement - reportgroup = "(//div[@class='ctable']/table/tbody/tr[@class='tdata clear'])[" + i + "]/td[7]": null

2018-06-18 14:16:07 - [TEST_STEP][PASSED] - Statement - reportgroupTxt = driver.findElement(org.openqa.selenium.By.xpath(reportgroup)).getText(): null

2018-06-18 14:16:07 - [TEST_STEP][PASSED] - Statement - If (reportgroupTxt == "AutomationGroup"): null

2018-06-18 14:16:07 - [TEST_STEP][PASSED] - Statement - println("Report group has right group name"): null

2018-06-18 14:16:07 - [TEST_STEP][PASSED] - Statement - reportgroup = "(//div[@class='ctable']/table/tbody/tr[@class='tdata clear'])[" + i + "]/td[7]": null

2018-06-18 14:16:07 - [TEST_STEP][PASSED] - Statement - reportgroupTxt = driver.findElement(org.openqa.selenium.By.xpath(reportgroup)).getText(): null

2018-06-18 14:16:07 - [TEST_STEP][PASSED] - Statement - If (reportgroupTxt == "AutomationGroup"): null

2018-06-18 14:16:07 - [TEST_STEP][PASSED] - Statement - println("Report group has right group name"): null

2018-06-18 14:16:07 - [TEST_STEP][PASSED] - Statement - reportgroup = "(//div[@class='ctable']/table/tbody/tr[@class='tdata clear'])[" + i + "]/td[7]": null

2018-06-18 14:16:07 - [TEST_STEP][PASSED] - Statement - reportgroupTxt = driver.findElement(org.openqa.selenium.By.xpath(reportgroup)).getText(): null

2018-06-18 14:16:07 - [TEST_STEP][PASSED] - Statement - If (reportgroupTxt == "AutomationGroup"): null

2018-06-18 14:16:07 - [TEST_STEP][PASSED] - Statement - println("Report group has right group name"): null

2018-06-18 14:16:07 - [TEST_STEP][PASSED] - Statement - reportgroup = "(//div[@class='ctable']/table/tbody/tr[@class='tdata clear'])[" + i + "]/td[7]": null

2018-06-18 14:16:07 - [TEST_STEP][PASSED] - Statement - reportgroupTxt = driver.findElement(org.openqa.selenium.By.xpath(reportgroup)).getText(): null

2018-06-18 14:16:07 - [TEST_STEP][PASSED] - Statement - If (reportgroupTxt == "AutomationGroup"): null

2018-06-18 14:16:07 - [TEST_STEP][PASSED] - Statement - println("Report group has right group name"): null

2018-06-18 14:16:07 - [TEST_STEP][PASSED] - Statement - reportgroup = "(//div[@class='ctable']/table/tbody/tr[@class='tdata clear'])[" + i + "]/td[7]": null

2018-06-18 14:16:07 - [TEST_STEP][PASSED] - Statement - reportgroupTxt = driver.findElement(org.openqa.selenium.By.xpath(reportgroup)).getText(): null

2018-06-18 14:16:07 - [TEST_STEP][PASSED] - Statement - If (reportgroupTxt == "AutomationGroup"): null

2018-06-18 14:16:07 - [TEST_STEP][PASSED] - Statement - Else: null

2018-06-18 14:16:07 - [TEST_STEP][PASSED] - Statement - If (!(TCflag)): null

2018-06-18 14:16:07 - [TEST_STEP][PASSED] - Statement - reportgroup = "(//div[@class='ctable']/table/tbody/tr[@class='tdata clear'])[" + i + "]/td[7]": null

2018-06-18 14:16:07 - [TEST_STEP][PASSED] - Statement - reportgroupTxt = driver.findElement(org.openqa.selenium.By.xpath(reportgroup)).getText(): null

2018-06-18 14:16:07 - [TEST_STEP][PASSED] - Statement - If (reportgroupTxt == "AutomationGroup"): null

2018-06-18 14:16:07 - [TEST_STEP][PASSED] - Statement - Else: null

2018-06-18 14:16:07 - [TEST_STEP][PASSED] - Statement - If (!(TCflag)): null

2018-06-18 14:16:07 - [TEST_STEP][PASSED] - Statement - reportgroup = "(//div[@class='ctable']/table/tbody/tr[@class='tdata clear'])[" + i + "]/td[7]": null

2018-06-18 14:16:07 - [TEST_STEP][PASSED] - Statement - reportgroupTxt = driver.findElement(org.openqa.selenium.By.xpath(reportgroup)).getText(): null

2018-06-18 14:16:07 - [TEST_STEP][PASSED] - Statement - If (reportgroupTxt == "AutomationGroup"): null

2018-06-18 14:16:07 - [TEST_STEP][PASSED] - Statement - println("Report group has right group name"): null

2018-06-18 14:16:07 - [TEST_STEP][PASSED] - Statement - reportgroup = "(//div[@class='ctable']/table/tbody/tr[@class='tdata clear'])[" + i + "]/td[7]": null

2018-06-18 14:16:07 - [TEST_STEP][PASSED] - Statement - reportgroupTxt = driver.findElement(org.openqa.selenium.By.xpath(reportgroup)).getText(): null

2018-06-18 14:16:07 - [TEST_STEP][PASSED] - Statement - If (reportgroupTxt == "AutomationGroup"): null

2018-06-18 14:16:07 - [TEST_STEP][PASSED] - Statement - println("Report group has right group name"): null

2018-06-18 14:16:07 - [TEST_STEP][PASSED] - Statement - reportgroup = "(//div[@class='ctable']/table/tbody/tr[@class='tdata clear'])[" + i + "]/td[7]": null

2018-06-18 14:16:07 - [TEST_STEP][PASSED] - Statement - reportgroupTxt = driver.findElement(org.openqa.selenium.By.xpath(reportgroup)).getText(): null

2018-06-18 14:16:07 - [TEST_STEP][PASSED] - Statement - If (reportgroupTxt == "AutomationGroup"): null

2018-06-18 14:16:07 - [TEST_STEP][PASSED] - Statement - println("Report group has right group name"): null

2018-06-18 14:16:07 - [TEST_STEP][PASSED] - Statement - reportgroup = "(//div[@class='ctable']/table/tbody/tr[@class='tdata clear'])[" + i + "]/td[7]": null

2018-06-18 14:16:07 - [TEST_STEP][PASSED] - Statement - reportgroupTxt = driver.findElement(org.openqa.selenium.By.xpath(reportgroup)).getText(): null

2018-06-18 14:16:07 - [TEST_STEP][PASSED] - Statement - If (reportgroupTxt == "AutomationGroup"): null

2018-06-18 14:16:07 - [TEST_STEP][PASSED] - Statement - Else: null

2018-06-18 14:16:07 - [TEST_STEP][PASSED] - Statement - If (!(TCflag)): null

2018-06-18 14:16:07 - [TEST_STEP][PASSED] - Statement - reportgroup = "(//div[@class='ctable']/table/tbody/tr[@class='tdata clear'])[" + i + "]/td[7]": null

2018-06-18 14:16:07 - [TEST_STEP][PASSED] - Statement - reportgroupTxt = driver.findElement(org.openqa.selenium.By.xpath(reportgroup)).getText(): null

2018-06-18 14:16:07 - [TEST_STEP][PASSED] - Statement - If (reportgroupTxt == "AutomationGroup"): null

2018-06-18 14:16:07 - [TEST_STEP][PASSED] - Statement - println("Report group has right group name"): null

2018-06-18 14:16:07 - [TEST_STEP][PASSED] - Statement - reportgroup = "(//div[@class='ctable']/table/tbody/tr[@class='tdata clear'])[" + i + "]/td[7]": null

2018-06-18 14:16:07 - [TEST_STEP][PASSED] - Statement - reportgroupTxt = driver.findElement(org.openqa.selenium.By.xpath(reportgroup)).getText(): null

2018-06-18 14:16:07 - [TEST_STEP][PASSED] - Statement - If (reportgroupTxt == "AutomationGroup"): null

2018-06-18 14:16:07 - [TEST_STEP][PASSED] - Statement - println("Report group has right group name"): null

2018-06-18 14:16:07 - [TEST_STEP][PASSED] - Statement - reportgroup = "(//div[@class='ctable']/table/tbody/tr[@class='tdata clear'])[" + i + "]/td[7]": null

2018-06-18 14:16:07 - [TEST_STEP][PASSED] - Statement - reportgroupTxt = driver.findElement(org.openqa.selenium.By.xpath(reportgroup)).getText(): null

2018-06-18 14:16:07 - [TEST_STEP][PASSED] - Statement - If (reportgroupTxt == "AutomationGroup"): null

2018-06-18 14:16:07 - [TEST_STEP][PASSED] - Statement - println("Report group has right group name"): null

2018-06-18 14:16:07 - [TEST_STEP][PASSED] - Statement - reportgroup = "(//div[@class='ctable']/table/tbody/tr[@class='tdata clear'])[" + i + "]/td[7]": null

2018-06-18 14:16:07 - [TEST_STEP][PASSED] - Statement - reportgroupTxt = driver.findElement(org.openqa.selenium.By.xpath(reportgroup)).getText(): null

2018-06-18 14:16:07 - [TEST_STEP][PASSED] - Statement - If (reportgroupTxt == "AutomationGroup"): null

2018-06-18 14:16:07 - [TEST_STEP][PASSED] - Statement - println("Report group has right group name"): null

2018-06-18 14:16:07 - [TEST_STEP][PASSED] - Statement - reportgroup = "(//div[@class='ctable']/table/tbody/tr[@class='tdata clear'])[" + i + "]/td[7]": null

2018-06-18 14:16:07 - [TEST_STEP][PASSED] - Statement - reportgroupTxt = driver.findElement(org.openqa.selenium.By.xpath(reportgroup)).getText(): null

2018-06-18 14:16:07 - [TEST_STEP][PASSED] - Statement - If (reportgroupTxt == "AutomationGroup"): null

2018-06-18 14:16:07 - [TEST_STEP][PASSED] - Statement - Else: null

2018-06-18 14:16:07 - [TEST_STEP][PASSED] - Statement - If (!(TCflag)): null

2018-06-18 14:16:07 - [TEST_STEP][PASSED] - Statement - reportgroup = "(//div[@class='ctable']/table/tbody/tr[@class='tdata clear'])[" + i + "]/td[7]": null

2018-06-18 14:16:07 - [TEST_STEP][PASSED] - Statement - reportgroupTxt = driver.findElement(org.openqa.selenium.By.xpath(reportgroup)).getText(): null

2018-06-18 14:16:07 - [TEST_STEP][PASSED] - Statement - If (reportgroupTxt == "AutomationGroup"): null

2018-06-18 14:16:07 - [TEST_STEP][PASSED] - Statement - println("Report group has right group name"): null

2018-06-18 14:16:07 - [TEST_STEP][PASSED] - Statement - reportgroup = "(//div[@class='ctable']/table/tbody/tr[@class='tdata clear'])[" + i + "]/td[7]": null

2018-06-18 14:16:07 - [TEST_STEP][PASSED] - Statement - reportgroupTxt = driver.findElement(org.openqa.selenium.By.xpath(reportgroup)).getText(): null

2018-06-18 14:16:07 - [TEST_STEP][PASSED] - Statement - If (reportgroupTxt == "AutomationGroup"): null

2018-06-18 14:16:07 - [TEST_STEP][PASSED] - Statement - println("Report group has right group name"): null

2018-06-18 14:16:07 - [TEST_STEP][PASSED] - Statement - reportgroup = "(//div[@class='ctable']/table/tbody/tr[@class='tdata clear'])[" + i + "]/td[7]": null

2018-06-18 14:16:07 - [TEST_STEP][PASSED] - Statement - reportgroupTxt = driver.findElement(org.openqa.selenium.By.xpath(reportgroup)).getText(): null

2018-06-18 14:16:07 - [TEST_STEP][PASSED] - Statement - If (reportgroupTxt == "AutomationGroup"): null

2018-06-18 14:16:07 - [TEST_STEP][PASSED] - Statement - println("Report group has right group name"): null

2018-06-18 14:16:07 - [TEST_STEP][PASSED] - Statement - reportgroup = "(//div[@class='ctable']/table/tbody/tr[@class='tdata clear'])[" + i + "]/td[7]": null

2018-06-18 14:16:07 - [TEST_STEP][PASSED] - Statement - reportgroupTxt = driver.findElement(org.openqa.selenium.By.xpath(reportgroup)).getText(): null

2018-06-18 14:16:07 - [TEST_STEP][PASSED] - Statement - If (reportgroupTxt == "AutomationGroup"): null

2018-06-18 14:16:07 - [TEST_STEP][PASSED] - Statement - println("Report group has right group name"): null

2018-06-18 14:16:07 - [TEST_STEP][PASSED] - Statement - reportgroup = "(//div[@class='ctable']/table/tbody/tr[@class='tdata clear'])[" + i + "]/td[7]": null

2018-06-18 14:16:07 - [TEST_STEP][PASSED] - Statement - reportgroupTxt = driver.findElement(org.openqa.selenium.By.xpath(reportgroup)).getText(): null

2018-06-18 14:16:07 - [TEST_STEP][PASSED] - Statement - If (reportgroupTxt == "AutomationGroup"): null

2018-06-18 14:16:07 - [TEST_STEP][PASSED] - Statement - println("Report group has right group name"): null

2018-06-18 14:16:07 - [TEST_STEP][PASSED] - Statement - reportgroup = "(//div[@class='ctable']/table/tbody/tr[@class='tdata clear'])[" + i + "]/td[7]": null

2018-06-18 14:16:07 - [TEST_STEP][PASSED] - Statement - reportgroupTxt = driver.findElement(org.openqa.selenium.By.xpath(reportgroup)).getText(): null

2018-06-18 14:16:07 - [TEST_STEP][PASSED] - Statement - If (reportgroupTxt == "AutomationGroup"): null

2018-06-18 14:16:07 - [TEST_STEP][PASSED] - Statement - println("Report group has right group name"): null

2018-06-18 14:16:07 - [TEST_STEP][PASSED] - Statement - reportgroup = "(//div[@class='ctable']/table/tbody/tr[@class='tdata clear'])[" + i + "]/td[7]": null

2018-06-18 14:16:07 - [TEST_STEP][PASSED] - Statement - reportgroupTxt = driver.findElement(org.openqa.selenium.By.xpath(reportgroup)).getText(): null

2018-06-18 14:16:07 - [TEST_STEP][PASSED] - Statement - If (reportgroupTxt == "AutomationGroup"): null

2018-06-18 14:16:07 - [TEST_STEP][PASSED] - Statement - println("Report group has right group name"): null

2018-06-18 14:16:07 - [TEST_STEP][PASSED] - Statement - reportgroup = "(//div[@class='ctable']/table/tbody/tr[@class='tdata clear'])[" + i + "]/td[7]": null

2018-06-18 14:16:07 - [TEST_STEP][PASSED] - Statement - reportgroupTxt = driver.findElement(org.openqa.selenium.By.xpath(reportgroup)).getText(): null

2018-06-18 14:16:07 - [TEST_STEP][PASSED] - Statement - If (reportgroupTxt == "AutomationGroup"): null

2018-06-18 14:16:07 - [TEST_STEP][PASSED] - Statement - println("Report group has right group name"): null

2018-06-18 14:16:07 - [TEST_STEP][PASSED] - Statement - reportgroup = "(//div[@class='ctable']/table/tbody/tr[@class='tdata clear'])[" + i + "]/td[7]": null

2018-06-18 14:16:07 - [TEST_STEP][PASSED] - Statement - reportgroupTxt = driver.findElement(org.openqa.selenium.By.xpath(reportgroup)).getText(): null

2018-06-18 14:16:07 - [TEST_STEP][PASSED] - Statement - If (reportgroupTxt == "AutomationGroup"): null

2018-06-18 14:16:07 - [TEST_STEP][PASSED] - Statement - Else: null

2018-06-18 14:16:07 - [TEST_STEP][PASSED] - Statement - If (!(TCflag)): null

2018-06-18 14:16:07 - [TEST_STEP][PASSED] - Statement - reportgroup = "(//div[@class='ctable']/table/tbody/tr[@class='tdata clear'])[" + i + "]/td[7]": null

2018-06-18 14:16:07 - [TEST_STEP][PASSED] - Statement - reportgroupTxt = driver.findElement(org.openqa.selenium.By.xpath(reportgroup)).getText(): null

2018-06-18 14:16:07 - [TEST_STEP][PASSED] - Statement - If (reportgroupTxt == "AutomationGroup"): null

2018-06-18 14:16:07 - [TEST_STEP][PASSED] - Statement - println("Report group has right group name"): null

2018-06-18 14:16:07 - [TEST_STEP][PASSED] - Statement - reportgroup = "(//div[@class='ctable']/table/tbody/tr[@class='tdata clear'])[" + i + "]/td[7]": null

2018-06-18 14:16:07 - [TEST_STEP][PASSED] - Statement - reportgroupTxt = driver.findElement(org.openqa.selenium.By.xpath(reportgroup)).getText(): null

2018-06-18 14:16:07 - [TEST_STEP][PASSED] - Statement - If (reportgroupTxt == "AutomationGroup"): null

2018-06-18 14:16:07 - [TEST_STEP][PASSED] - Statement - println("Report group has right group name"): null

2018-06-18 14:16:07 - [TEST_STEP][PASSED] - Statement - reportgroup = "(//div[@class='ctable']/table/tbody/tr[@class='tdata clear'])[" + i + "]/td[7]": null

2018-06-18 14:16:07 - [TEST_STEP][PASSED] - Statement - reportgroupTxt = driver.findElement(org.openqa.selenium.By.xpath(reportgroup)).getText(): null

2018-06-18 14:16:07 - [TEST_STEP][PASSED] - Statement - If (reportgroupTxt == "AutomationGroup"): null

2018-06-18 14:16:07 - [TEST_STEP][PASSED] - Statement - println("Report group has right group name"): null

2018-06-18 14:16:07 - [TEST_STEP][PASSED] - Statement - reportgroup = "(//div[@class='ctable']/table/tbody/tr[@class='tdata clear'])[" + i + "]/td[7]": null

2018-06-18 14:16:07 - [TEST_STEP][PASSED] - Statement - reportgroupTxt = driver.findElement(org.openqa.selenium.By.xpath(reportgroup)).getText(): null

2018-06-18 14:16:07 - [TEST_STEP][PASSED] - Statement - If (reportgroupTxt == "AutomationGroup"): null

2018-06-18 14:16:07 - [TEST_STEP][PASSED] - Statement - println("Report group has right group name"): null

2018-06-18 14:16:07 - [TEST_STEP][PASSED] - Statement - reportgroup = "(//div[@class='ctable']/table/tbody/tr[@class='tdata clear'])[" + i + "]/td[7]": null

2018-06-18 14:16:07 - [TEST_STEP][PASSED] - Statement - reportgroupTxt = driver.findElement(org.openqa.selenium.By.xpath(reportgroup)).getText(): null

2018-06-18 14:16:07 - [TEST_STEP][PASSED] - Statement - If (reportgroupTxt == "AutomationGroup"): null

2018-06-18 14:16:07 - [TEST_STEP][PASSED] - Statement - println("Report group has right group name"): null

2018-06-18 14:16:07 - [TEST_STEP][PASSED] - Statement - reportgroup = "(//div[@class='ctable']/table/tbody/tr[@class='tdata clear'])[" + i + "]/td[7]": null

2018-06-18 14:16:07 - [TEST_STEP][PASSED] - Statement - reportgroupTxt = driver.findElement(org.openqa.selenium.By.xpath(reportgroup)).getText(): null

2018-06-18 14:16:07 - [TEST_STEP][PASSED] - Statement - If (reportgroupTxt == "AutomationGroup"): null

2018-06-18 14:16:07 - [TEST_STEP][PASSED] - Statement - println("Report group has right group name"): null

2018-06-18 14:16:07 - [TEST_STEP][PASSED] - Statement - reportgroup = "(//div[@class='ctable']/table/tbody/tr[@class='tdata clear'])[" + i + "]/td[7]": null

2018-06-18 14:16:07 - [TEST_STEP][PASSED] - Statement - reportgroupTxt = driver.findElement(org.openqa.selenium.By.xpath(reportgroup)).getText(): null

2018-06-18 14:16:07 - [TEST_STEP][PASSED] - Statement - If (reportgroupTxt == "AutomationGroup"): null

2018-06-18 14:16:07 - [TEST_STEP][PASSED] - Statement - println("Report group has right group name"): null

2018-06-18 14:16:07 - [TEST_STEP][PASSED] - Statement - reportgroup = "(//div[@class='ctable']/table/tbody/tr[@class='tdata clear'])[" + i + "]/td[7]": null

2018-06-18 14:16:07 - [TEST_STEP][PASSED] - Statement - reportgroupTxt = driver.findElement(org.openqa.selenium.By.xpath(reportgroup)).getText(): null

2018-06-18 14:16:08 - [TEST_STEP][PASSED] - Statement - If (reportgroupTxt == "AutomationGroup"): null

2018-06-18 14:16:08 - [TEST_STEP][PASSED] - Statement - Else: null

2018-06-18 14:16:08 - [TEST_STEP][PASSED] - Statement - If (!(TCflag)): null

2018-06-18 14:16:08 - [TEST_STEP][PASSED] - Statement - reportgroup = "(//div[@class='ctable']/table/tbody/tr[@class='tdata clear'])[" + i + "]/td[7]": null

2018-06-18 14:16:08 - [TEST_STEP][PASSED] - Statement - reportgroupTxt = driver.findElement(org.openqa.selenium.By.xpath(reportgroup)).getText(): null

2018-06-18 14:16:08 - [TEST_STEP][PASSED] - Statement - If (reportgroupTxt == "AutomationGroup"): null

2018-06-18 14:16:08 - [TEST_STEP][PASSED] - Statement - Else: null

2018-06-18 14:16:08 - [TEST_STEP][PASSED] - Statement - If (!(TCflag)): null

2018-06-18 14:16:08 - [TEST_STEP][PASSED] - Statement - reportgroup = "(//div[@class='ctable']/table/tbody/tr[@class='tdata clear'])[" + i + "]/td[7]": null

2018-06-18 14:16:08 - [TEST_STEP][PASSED] - Statement - reportgroupTxt = driver.findElement(org.openqa.selenium.By.xpath(reportgroup)).getText(): null

2018-06-18 14:16:08 - [TEST_STEP][PASSED] - Statement - If (reportgroupTxt == "AutomationGroup"): null

2018-06-18 14:16:08 - [TEST_STEP][PASSED] - Statement - println("Report group has right group name"): null

2018-06-18 14:16:08 - [TEST_STEP][PASSED] - Statement - reportgroup = "(//div[@class='ctable']/table/tbody/tr[@class='tdata clear'])[" + i + "]/td[7]": null

2018-06-18 14:16:08 - [TEST_STEP][PASSED] - Statement - reportgroupTxt = driver.findElement(org.openqa.selenium.By.xpath(reportgroup)).getText(): null

2018-06-18 14:16:08 - [TEST_STEP][PASSED] - Statement - If (reportgroupTxt == "AutomationGroup"): null

2018-06-18 14:16:08 - [TEST_STEP][PASSED] - Statement - println("Report group has right group name"): null

2018-06-18 14:16:08 - [TEST_STEP][PASSED] - Statement - reportgroup = "(//div[@class='ctable']/table/tbody/tr[@class='tdata clear'])[" + i + "]/td[7]": null

2018-06-18 14:16:08 - [TEST_STEP][PASSED] - Statement - reportgroupTxt = driver.findElement(org.openqa.selenium.By.xpath(reportgroup)).getText(): null

2018-06-18 14:16:08 - [TEST_STEP][PASSED] - Statement - If (reportgroupTxt == "AutomationGroup"): null

2018-06-18 14:16:08 - [TEST_STEP][PASSED] - Statement - println("Report group has right group name"): null

2018-06-18 14:16:08 - [TEST_STEP][PASSED] - Statement - reportgroup = "(//div[@class='ctable']/table/tbody/tr[@class='tdata clear'])[" + i + "]/td[7]": null

2018-06-18 14:16:08 - [TEST_STEP][PASSED] - Statement - reportgroupTxt = driver.findElement(org.openqa.selenium.By.xpath(reportgroup)).getText(): null

2018-06-18 14:16:08 - [TEST_STEP][PASSED] - Statement - If (reportgroupTxt == "AutomationGroup"): null

2018-06-18 14:16:08 - [TEST_STEP][PASSED] - Statement - println("Report group has right group name"): null

2018-06-18 14:16:08 - [TEST_STEP][PASSED] - Statement - reportgroup = "(//div[@class='ctable']/table/tbody/tr[@class='tdata clear'])[" + i + "]/td[7]": null

2018-06-18 14:16:08 - [TEST_STEP][PASSED] - Statement - reportgroupTxt = driver.findElement(org.openqa.selenium.By.xpath(reportgroup)).getText(): null

2018-06-18 14:16:08 - [TEST_STEP][PASSED] - Statement - If (reportgroupTxt == "AutomationGroup"): null

2018-06-18 14:16:08 - [TEST_STEP][PASSED] - Statement - println("Report group has right group name"): null

2018-06-18 14:16:08 - [TEST_STEP][PASSED] - Statement - reportgroup = "(//div[@class='ctable']/table/tbody/tr[@class='tdata clear'])[" + i + "]/td[7]": null

2018-06-18 14:16:08 - [TEST_STEP][PASSED] - Statement - reportgroupTxt = driver.findElement(org.openqa.selenium.By.xpath(reportgroup)).getText(): null

2018-06-18 14:16:08 - [TEST_STEP][PASSED] - Statement - If (reportgroupTxt == "AutomationGroup"): null

2018-06-18 14:16:08 - [TEST_STEP][PASSED] - Statement - println("Report group has right group name"): null

2018-06-18 14:16:08 - [TEST_STEP][PASSED] - Statement - reportgroup = "(//div[@class='ctable']/table/tbody/tr[@class='tdata clear'])[" + i + "]/td[7]": null

2018-06-18 14:16:08 - [TEST_STEP][PASSED] - Statement - reportgroupTxt = driver.findElement(org.openqa.selenium.By.xpath(reportgroup)).getText(): null

2018-06-18 14:16:08 - [TEST_STEP][PASSED] - Statement - If (reportgroupTxt == "AutomationGroup"): null

2018-06-18 14:16:08 - [TEST_STEP][PASSED] - Statement - println("Report group has right group name"): null

2018-06-18 14:16:08 - [TEST_STEP][PASSED] - Statement - reportgroup = "(//div[@class='ctable']/table/tbody/tr[@class='tdata clear'])[" + i + "]/td[7]": null

2018-06-18 14:16:08 - [TEST_STEP][PASSED] - Statement - reportgroupTxt = driver.findElement(org.openqa.selenium.By.xpath(reportgroup)).getText(): null

2018-06-18 14:16:08 - [TEST_STEP][PASSED] - Statement - If (reportgroupTxt == "AutomationGroup"): null

2018-06-18 14:16:08 - [TEST_STEP][PASSED] - Statement - println("Report group has right group name"): null

2018-06-18 14:16:08 - [TEST_STEP][PASSED] - Statement - reportgroup = "(//div[@class='ctable']/table/tbody/tr[@class='tdata clear'])[" + i + "]/td[7]": null

2018-06-18 14:16:08 - [TEST_STEP][PASSED] - Statement - reportgroupTxt = driver.findElement(org.openqa.selenium.By.xpath(reportgroup)).getText(): null

2018-06-18 14:16:08 - [TEST_STEP][PASSED] - Statement - If (reportgroupTxt == "AutomationGroup"): null

2018-06-18 14:16:08 - [TEST_STEP][PASSED] - Statement - println("Report group has right group name"): null

2018-06-18 14:16:08 - [TEST_STEP][PASSED] - Statement - reportgroup = "(//div[@class='ctable']/table/tbody/tr[@class='tdata clear'])[" + i + "]/td[7]": null

2018-06-18 14:16:08 - [TEST_STEP][PASSED] - Statement - reportgroupTxt = driver.findElement(org.openqa.selenium.By.xpath(reportgroup)).getText(): null

2018-06-18 14:16:08 - [TEST_STEP][PASSED] - Statement - If (reportgroupTxt == "AutomationGroup"): null

2018-06-18 14:16:08 - [TEST_STEP][PASSED] - Statement - println("Report group has right group name"): null

2018-06-18 14:16:08 - [TEST_STEP][PASSED] - Statement - reportgroup = "(//div[@class='ctable']/table/tbody/tr[@class='tdata clear'])[" + i + "]/td[7]": null

2018-06-18 14:16:08 - [TEST_STEP][PASSED] - Statement - reportgroupTxt = driver.findElement(org.openqa.selenium.By.xpath(reportgroup)).getText(): null

2018-06-18 14:16:08 - [TEST_STEP][PASSED] - Statement - If (reportgroupTxt == "AutomationGroup"): null

2018-06-18 14:16:08 - [TEST_STEP][PASSED] - Statement - println("Report group has right group name"): null

2018-06-18 14:16:08 - [TEST_STEP][PASSED] - Statement - reportgroup = "(//div[@class='ctable']/table/tbody/tr[@class='tdata clear'])[" + i + "]/td[7]": null

2018-06-18 14:16:08 - [TEST_STEP][PASSED] - Statement - reportgroupTxt = driver.findElement(org.openqa.selenium.By.xpath(reportgroup)).getText(): null

2018-06-18 14:16:08 - [TEST_STEP][PASSED] - Statement - If (reportgroupTxt == "AutomationGroup"): null

2018-06-18 14:16:08 - [TEST_STEP][PASSED] - Statement - Else: null

2018-06-18 14:16:08 - [TEST_STEP][PASSED] - Statement - If (!(TCflag)): null

2018-06-18 14:16:08 - [TEST_STEP][PASSED] - Statement - reportgroup = "(//div[@class='ctable']/table/tbody/tr[@class='tdata clear'])[" + i + "]/td[7]": null

2018-06-18 14:16:08 - [TEST_STEP][PASSED] - Statement - reportgroupTxt = driver.findElement(org.openqa.selenium.By.xpath(reportgroup)).getText(): null

2018-06-18 14:16:08 - [TEST_STEP][PASSED] - Statement - If (reportgroupTxt == "AutomationGroup"): null

2018-06-18 14:16:08 - [TEST_STEP][PASSED] - Statement - println("Report group has right group name"): null

2018-06-18 14:16:08 - [TEST_STEP][PASSED] - Statement - reportgroup = "(//div[@class='ctable']/table/tbody/tr[@class='tdata clear'])[" + i + "]/td[7]": null

2018-06-18 14:16:08 - [TEST_STEP][PASSED] - Statement - reportgroupTxt = driver.findElement(org.openqa.selenium.By.xpath(reportgroup)).getText(): null

2018-06-18 14:16:08 - [TEST_STEP][PASSED] - Statement - If (reportgroupTxt == "AutomationGroup"): null

2018-06-18 14:16:08 - [TEST_STEP][PASSED] - Statement - println("Report group has right group name"): null

2018-06-18 14:16:08 - [TEST_STEP][PASSED] - Statement - reportgroup = "(//div[@class='ctable']/table/tbody/tr[@class='tdata clear'])[" + i + "]/td[7]": null

2018-06-18 14:16:08 - [TEST_STEP][PASSED] - Statement - reportgroupTxt = driver.findElement(org.openqa.selenium.By.xpath(reportgroup)).getText(): null

2018-06-18 14:16:08 - [TEST_STEP][PASSED] - Statement - If (reportgroupTxt == "AutomationGroup"): null

2018-06-18 14:16:08 - [TEST_STEP][PASSED] - Statement - println("Report group has right group name"): null

2018-06-18 14:16:08 - [TEST_STEP][PASSED] - Statement - reportgroup = "(//div[@class='ctable']/table/tbody/tr[@class='tdata clear'])[" + i + "]/td[7]": null

2018-06-18 14:16:08 - [TEST_STEP][PASSED] - Statement - reportgroupTxt = driver.findElement(org.openqa.selenium.By.xpath(reportgroup)).getText(): null

2018-06-18 14:16:08 - [TEST_STEP][PASSED] - Statement - If (reportgroupTxt == "AutomationGroup"): null

2018-06-18 14:16:08 - [TEST_STEP][PASSED] - Statement - println("Report group has right group name"): null

2018-06-18 14:16:08 - [TEST_STEP][PASSED] - Statement - reportgroup = "(//div[@class='ctable']/table/tbody/tr[@class='tdata clear'])[" + i + "]/td[7]": null

2018-06-18 14:16:08 - [TEST_STEP][PASSED] - Statement - reportgroupTxt = driver.findElement(org.openqa.selenium.By.xpath(reportgroup)).getText(): null

2018-06-18 14:16:08 - [TEST_STEP][PASSED] - Statement - If (reportgroupTxt == "AutomationGroup"): null

2018-06-18 14:16:08 - [TEST_STEP][PASSED] - Statement - println("Report group has right group name"): null

2018-06-18 14:16:08 - [TEST_STEP][PASSED] - Statement - reportgroup = "(//div[@class='ctable']/table/tbody/tr[@class='tdata clear'])[" + i + "]/td[7]": null

2018-06-18 14:16:08 - [TEST_STEP][PASSED] - Statement - reportgroupTxt = driver.findElement(org.openqa.selenium.By.xpath(reportgroup)).getText(): null

2018-06-18 14:16:08 - [TEST_STEP][PASSED] - Statement - If (reportgroupTxt == "AutomationGroup"): null

2018-06-18 14:16:08 - [TEST_STEP][PASSED] - Statement - println("Report group has right group name"): null

2018-06-18 14:16:08 - [TEST_STEP][PASSED] - Statement - reportgroup = "(//div[@class='ctable']/table/tbody/tr[@class='tdata clear'])[" + i + "]/td[7]": null

2018-06-18 14:16:08 - [TEST_STEP][PASSED] - Statement - reportgroupTxt = driver.findElement(org.openqa.selenium.By.xpath(reportgroup)).getText(): null

2018-06-18 14:16:08 - [TEST_STEP][PASSED] - Statement - If (reportgroupTxt == "AutomationGroup"): null

2018-06-18 14:16:08 - [TEST_STEP][PASSED] - Statement - println("Report group has right group name"): null

2018-06-18 14:16:08 - [TEST_STEP][PASSED] - Statement - reportgroup = "(//div[@class='ctable']/table/tbody/tr[@class='tdata clear'])[" + i + "]/td[7]": null

2018-06-18 14:16:08 - [TEST_STEP][PASSED] - Statement - reportgroupTxt = driver.findElement(org.openqa.selenium.By.xpath(reportgroup)).getText(): null

2018-06-18 14:16:08 - [TEST_STEP][PASSED] - Statement - If (reportgroupTxt == "AutomationGroup"): null

2018-06-18 14:16:08 - [TEST_STEP][PASSED] - Statement - Else: null

2018-06-18 14:16:08 - [TEST_STEP][PASSED] - Statement - If (!(TCflag)): null

2018-06-18 14:16:08 - [TEST_STEP][PASSED] - Statement - reportgroup = "(//div[@class='ctable']/table/tbody/tr[@class='tdata clear'])[" + i + "]/td[7]": null

2018-06-18 14:16:08 - [TEST_STEP][PASSED] - Statement - reportgroupTxt = driver.findElement(org.openqa.selenium.By.xpath(reportgroup)).getText(): null

2018-06-18 14:16:08 - [TEST_STEP][PASSED] - Statement - If (reportgroupTxt == "AutomationGroup"): null

2018-06-18 14:16:08 - [TEST_STEP][PASSED] - Statement - Else: null

2018-06-18 14:16:08 - [TEST_STEP][PASSED] - Statement - If (!(TCflag)): null

2018-06-18 14:16:08 - [TEST_STEP][PASSED] - Statement - reportgroup = "(//div[@class='ctable']/table/tbody/tr[@class='tdata clear'])[" + i + "]/td[7]": null

2018-06-18 14:16:08 - [TEST_STEP][PASSED] - Statement - reportgroupTxt = driver.findElement(org.openqa.selenium.By.xpath(reportgroup)).getText(): null

2018-06-18 14:16:08 - [TEST_STEP][PASSED] - Statement - If (reportgroupTxt == "AutomationGroup"): null

2018-06-18 14:16:08 - [TEST_STEP][PASSED] - Statement - println("Report group has right group name"): null

2018-06-18 14:16:08 - [TEST_STEP][PASSED] - Statement - reportgroup = "(//div[@class='ctable']/table/tbody/tr[@class='tdata clear'])[" + i + "]/td[7]": null

2018-06-18 14:16:08 - [TEST_STEP][PASSED] - Statement - reportgroupTxt = driver.findElement(org.openqa.selenium.By.xpath(reportgroup)).getText(): null

2018-06-18 14:16:08 - [TEST_STEP][PASSED] - Statement - If (reportgroupTxt == "AutomationGroup"): null

2018-06-18 14:16:08 - [TEST_STEP][PASSED] - Statement - println("Report group has right group name"): null

2018-06-18 14:16:08 - [TEST_STEP][PASSED] - Statement - reportgroup = "(//div[@class='ctable']/table/tbody/tr[@class='tdata clear'])[" + i + "]/td[7]": null

2018-06-18 14:16:08 - [TEST_STEP][PASSED] - Statement - reportgroupTxt = driver.findElement(org.openqa.selenium.By.xpath(reportgroup)).getText(): null

2018-06-18 14:16:08 - [TEST_STEP][PASSED] - Statement - If (reportgroupTxt == "AutomationGroup"): null

2018-06-18 14:16:08 - [TEST_STEP][PASSED] - Statement - Else: null

2018-06-18 14:16:08 - [TEST_STEP][PASSED] - Statement - If (!(TCflag)): null

2018-06-18 14:16:08 - [TEST_STEP][PASSED] - Statement - reportgroup = "(//div[@class='ctable']/table/tbody/tr[@class='tdata clear'])[" + i + "]/td[7]": null

2018-06-18 14:16:08 - [TEST_STEP][PASSED] - Statement - reportgroupTxt = driver.findElement(org.openqa.selenium.By.xpath(reportgroup)).getText(): null

2018-06-18 14:16:08 - [TEST_STEP][PASSED] - Statement - If (reportgroupTxt == "AutomationGroup"): null

2018-06-18 14:16:08 - [TEST_STEP][PASSED] - Statement - println("Report group has right group name"): null

2018-06-18 14:16:08 - [TEST_STEP][PASSED] - Statement - reportgroup = "(//div[@class='ctable']/table/tbody/tr[@class='tdata clear'])[" + i + "]/td[7]": null

2018-06-18 14:16:08 - [TEST_STEP][PASSED] - Statement - reportgroupTxt = driver.findElement(org.openqa.selenium.By.xpath(reportgroup)).getText(): null

2018-06-18 14:16:08 - [TEST_STEP][PASSED] - Statement - If (reportgroupTxt == "AutomationGroup"): null

2018-06-18 14:16:08 - [TEST_STEP][PASSED] - Statement - println("Report group has right group name"): null

2018-06-18 14:16:08 - [TEST_STEP][PASSED] - Statement - reportgroup = "(//div[@class='ctable']/table/tbody/tr[@class='tdata clear'])[" + i + "]/td[7]": null

2018-06-18 14:16:08 - [TEST_STEP][PASSED] - Statement - reportgroupTxt = driver.findElement(org.openqa.selenium.By.xpath(reportgroup)).getText(): null

2018-06-18 14:16:08 - [TEST_STEP][PASSED] - Statement - If (reportgroupTxt == "AutomationGroup"): null

2018-06-18 14:16:08 - [TEST_STEP][PASSED] - Statement - Else: null

2018-06-18 14:16:08 - [TEST_STEP][PASSED] - Statement - If (!(TCflag)): null

2018-06-18 14:16:08 - [TEST_STEP][PASSED] - Statement - reportgroup = "(//div[@class='ctable']/table/tbody/tr[@class='tdata clear'])[" + i + "]/td[7]": null

2018-06-18 14:16:08 - [TEST_STEP][PASSED] - Statement - reportgroupTxt = driver.findElement(org.openqa.selenium.By.xpath(reportgroup)).getText(): null

2018-06-18 14:16:08 - [TEST_STEP][PASSED] - Statement - If (reportgroupTxt == "AutomationGroup"): null

2018-06-18 14:16:08 - [TEST_STEP][PASSED] - Statement - println("Report group has right group name"): null

2018-06-18 14:16:08 - [TEST_STEP][PASSED] - Statement - reportgroup = "(//div[@class='ctable']/table/tbody/tr[@class='tdata clear'])[" + i + "]/td[7]": null

2018-06-18 14:16:08 - [TEST_STEP][PASSED] - Statement - reportgroupTxt = driver.findElement(org.openqa.selenium.By.xpath(reportgroup)).getText(): null

2018-06-18 14:16:08 - [TEST_STEP][PASSED] - Statement - If (reportgroupTxt == "AutomationGroup"): null

2018-06-18 14:16:08 - [TEST_STEP][PASSED] - Statement - println("Report group has right group name"): null

2018-06-18 14:16:08 - [TEST_STEP][PASSED] - Statement - reportgroup = "(//div[@class='ctable']/table/tbody/tr[@class='tdata clear'])[" + i + "]/td[7]": null

2018-06-18 14:16:08 - [TEST_STEP][PASSED] - Statement - reportgroupTxt = driver.findElement(org.openqa.selenium.By.xpath(reportgroup)).getText(): null

2018-06-18 14:16:08 - [TEST_STEP][PASSED] - Statement - If (reportgroupTxt == "AutomationGroup"): null

2018-06-18 14:16:08 - [TEST_STEP][PASSED] - Statement - Else: null

2018-06-18 14:16:08 - [TEST_STEP][PASSED] - Statement - If (!(TCflag)): null

2018-06-18 14:16:08 - [TEST_STEP][PASSED] - Statement - reportgroup = "(//div[@class='ctable']/table/tbody/tr[@class='tdata clear'])[" + i + "]/td[7]": null

2018-06-18 14:16:08 - [TEST_STEP][PASSED] - Statement - reportgroupTxt = driver.findElement(org.openqa.selenium.By.xpath(reportgroup)).getText(): null

2018-06-18 14:16:08 - [TEST_STEP][PASSED] - Statement - If (reportgroupTxt == "AutomationGroup"): null

2018-06-18 14:16:08 - [TEST_STEP][PASSED] - Statement - println("Report group has right group name"): null

2018-06-18 14:16:08 - [TEST_STEP][PASSED] - Statement - reportgroup = "(//div[@class='ctable']/table/tbody/tr[@class='tdata clear'])[" + i + "]/td[7]": null

2018-06-18 14:16:08 - [TEST_STEP][PASSED] - Statement - reportgroupTxt = driver.findElement(org.openqa.selenium.By.xpath(reportgroup)).getText(): null

2018-06-18 14:16:08 - [TEST_STEP][PASSED] - Statement - If (reportgroupTxt == "AutomationGroup"): null

2018-06-18 14:16:08 - [TEST_STEP][PASSED] - Statement - println("Report group has right group name"): null

2018-06-18 14:16:08 - [TEST_STEP][PASSED] - Statement - reportgroup = "(//div[@class='ctable']/table/tbody/tr[@class='tdata clear'])[" + i + "]/td[7]": null

2018-06-18 14:16:08 - [TEST_STEP][PASSED] - Statement - reportgroupTxt = driver.findElement(org.openqa.selenium.By.xpath(reportgroup)).getText(): null

2018-06-18 14:16:08 - [TEST_STEP][PASSED] - Statement - If (reportgroupTxt == "AutomationGroup"): null

2018-06-18 14:16:08 - [TEST_STEP][PASSED] - Statement - println("Report group has right group name"): null

2018-06-18 14:16:08 - [TEST_STEP][PASSED] - Statement - reportgroup = "(//div[@class='ctable']/table/tbody/tr[@class='tdata clear'])[" + i + "]/td[7]": null

2018-06-18 14:16:08 - [TEST_STEP][PASSED] - Statement - reportgroupTxt = driver.findElement(org.openqa.selenium.By.xpath(reportgroup)).getText(): null

2018-06-18 14:16:08 - [TEST_STEP][PASSED] - Statement - If (reportgroupTxt == "AutomationGroup"): null

2018-06-18 14:16:08 - [TEST_STEP][PASSED] - Statement - println("Report group has right group name"): null

2018-06-18 14:16:08 - [TEST_STEP][PASSED] - Statement - reportgroup = "(//div[@class='ctable']/table/tbody/tr[@class='tdata clear'])[" + i + "]/td[7]": null

2018-06-18 14:16:08 - [TEST_STEP][PASSED] - Statement - reportgroupTxt = driver.findElement(org.openqa.selenium.By.xpath(reportgroup)).getText(): null

2018-06-18 14:16:09 - [TEST_STEP][PASSED] - Statement - If (reportgroupTxt == "AutomationGroup"): null

2018-06-18 14:16:09 - [TEST_STEP][PASSED] - Statement - println("Report group has right group name"): null

2018-06-18 14:16:09 - [TEST_STEP][PASSED] - Statement - reportgroup = "(//div[@class='ctable']/table/tbody/tr[@class='tdata clear'])[" + i + "]/td[7]": null

2018-06-18 14:16:09 - [TEST_STEP][PASSED] - Statement - reportgroupTxt = driver.findElement(org.openqa.selenium.By.xpath(reportgroup)).getText(): null

2018-06-18 14:16:09 - [TEST_STEP][PASSED] - Statement - If (reportgroupTxt == "AutomationGroup"): null

2018-06-18 14:16:09 - [TEST_STEP][PASSED] - Statement - Else: null

2018-06-18 14:16:09 - [TEST_STEP][PASSED] - Statement - If (!(TCflag)): null

2018-06-18 14:16:09 - [TEST_STEP][PASSED] - Statement - reportgroup = "(//div[@class='ctable']/table/tbody/tr[@class='tdata clear'])[" + i + "]/td[7]": null

2018-06-18 14:16:09 - [TEST_STEP][PASSED] - Statement - reportgroupTxt = driver.findElement(org.openqa.selenium.By.xpath(reportgroup)).getText(): null

2018-06-18 14:16:09 - [TEST_STEP][PASSED] - Statement - If (reportgroupTxt == "AutomationGroup"): null

2018-06-18 14:16:09 - [TEST_STEP][PASSED] - Statement - Else: null

2018-06-18 14:16:09 - [TEST_STEP][PASSED] - Statement - If (!(TCflag)): null

2018-06-18 14:16:09 - [TEST_STEP][PASSED] - Statement - reportgroup = "(//div[@class='ctable']/table/tbody/tr[@class='tdata clear'])[" + i + "]/td[7]": null

2018-06-18 14:16:09 - [TEST_STEP][PASSED] - Statement - reportgroupTxt = driver.findElement(org.openqa.selenium.By.xpath(reportgroup)).getText(): null

2018-06-18 14:16:09 - [TEST_STEP][PASSED] - Statement - If (reportgroupTxt == "AutomationGroup"): null

2018-06-18 14:16:09 - [TEST_STEP][PASSED] - Statement - println("Report group has right group name"): null

2018-06-18 14:16:09 - [TEST_STEP][PASSED] - Statement - reportgroup = "(//div[@class='ctable']/table/tbody/tr[@class='tdata clear'])[" + i + "]/td[7]": null

2018-06-18 14:16:09 - [TEST_STEP][PASSED] - Statement - reportgroupTxt = driver.findElement(org.openqa.selenium.By.xpath(reportgroup)).getText(): null

2018-06-18 14:16:09 - [TEST_STEP][PASSED] - Statement - If (reportgroupTxt == "AutomationGroup"): null

2018-06-18 14:16:09 - [TEST_STEP][PASSED] - Statement - println("Report group has right group name"): null

2018-06-18 14:16:09 - [TEST_STEP][PASSED] - Statement - reportgroup = "(//div[@class='ctable']/table/tbody/tr[@class='tdata clear'])[" + i + "]/td[7]": null

2018-06-18 14:16:09 - [TEST_STEP][PASSED] - Statement - reportgroupTxt = driver.findElement(org.openqa.selenium.By.xpath(reportgroup)).getText(): null

2018-06-18 14:16:09 - [TEST_STEP][PASSED] - Statement - If (reportgroupTxt == "AutomationGroup"): null

2018-06-18 14:16:09 - [TEST_STEP][PASSED] - Statement - println("Report group has right group name"): null

2018-06-18 14:16:09 - [TEST_STEP][PASSED] - Statement - reportgroup = "(//div[@class='ctable']/table/tbody/tr[@class='tdata clear'])[" + i + "]/td[7]": null

2018-06-18 14:16:09 - [TEST_STEP][PASSED] - Statement - reportgroupTxt = driver.findElement(org.openqa.selenium.By.xpath(reportgroup)).getText(): null

2018-06-18 14:16:09 - [TEST_STEP][PASSED] - Statement - If (reportgroupTxt == "AutomationGroup"): null

2018-06-18 14:16:09 - [TEST_STEP][PASSED] - Statement - println("Report group has right group name"): null

2018-06-18 14:16:09 - [TEST_STEP][PASSED] - Statement - reportgroup = "(//div[@class='ctable']/table/tbody/tr[@class='tdata clear'])[" + i + "]/td[7]": null

2018-06-18 14:16:09 - [TEST_STEP][PASSED] - Statement - reportgroupTxt = driver.findElement(org.openqa.selenium.By.xpath(reportgroup)).getText(): null

2018-06-18 14:16:09 - [TEST_STEP][PASSED] - Statement - If (reportgroupTxt == "AutomationGroup"): null

2018-06-18 14:16:09 - [TEST_STEP][PASSED] - Statement - println("Report group has right group name"): null

2018-06-18 14:16:09 - [TEST_STEP][PASSED] - Statement - reportgroup = "(//div[@class='ctable']/table/tbody/tr[@class='tdata clear'])[" + i + "]/td[7]": null

2018-06-18 14:16:09 - [TEST_STEP][PASSED] - Statement - reportgroupTxt = driver.findElement(org.openqa.selenium.By.xpath(reportgroup)).getText(): null

2018-06-18 14:16:09 - [TEST_STEP][PASSED] - Statement - If (reportgroupTxt == "AutomationGroup"): null

2018-06-18 14:16:09 - [TEST_STEP][PASSED] - Statement - println("Report group has right group name"): null

2018-06-18 14:16:09 - [TEST_STEP][PASSED] - Statement - reportgroup = "(//div[@class='ctable']/table/tbody/tr[@class='tdata clear'])[" + i + "]/td[7]": null

2018-06-18 14:16:09 - [TEST_STEP][PASSED] - Statement - reportgroupTxt = driver.findElement(org.openqa.selenium.By.xpath(reportgroup)).getText(): null

2018-06-18 14:16:09 - [TEST_STEP][PASSED] - Statement - If (reportgroupTxt == "AutomationGroup"): null

2018-06-18 14:16:09 - [TEST_STEP][PASSED] - Statement - println("Report group has right group name"): null

2018-06-18 14:16:09 - [TEST_STEP][PASSED] - Statement - reportgroup = "(//div[@class='ctable']/table/tbody/tr[@class='tdata clear'])[" + i + "]/td[7]": null

2018-06-18 14:16:09 - [TEST_STEP][PASSED] - Statement - reportgroupTxt = driver.findElement(org.openqa.selenium.By.xpath(reportgroup)).getText(): null

2018-06-18 14:16:09 - [TEST_STEP][PASSED] - Statement - If (reportgroupTxt == "AutomationGroup"): null

2018-06-18 14:16:09 - [TEST_STEP][PASSED] - Statement - println("Report group has right group name"): null

2018-06-18 14:16:09 - [TEST_STEP][PASSED] - Statement - reportgroup = "(//div[@class='ctable']/table/tbody/tr[@class='tdata clear'])[" + i + "]/td[7]": null

2018-06-18 14:16:09 - [TEST_STEP][PASSED] - Statement - reportgroupTxt = driver.findElement(org.openqa.selenium.By.xpath(reportgroup)).getText(): null

2018-06-18 14:16:09 - [TEST_STEP][PASSED] - Statement - If (reportgroupTxt == "AutomationGroup"): null

2018-06-18 14:16:09 - [TEST_STEP][PASSED] - Statement - println("Report group has right group name"): null

2018-06-18 14:16:09 - [TEST_STEP][PASSED] - Statement - reportgroup = "(//div[@class='ctable']/table/tbody/tr[@class='tdata clear'])[" + i + "]/td[7]": null

2018-06-18 14:16:09 - [TEST_STEP][PASSED] - Statement - reportgroupTxt = driver.findElement(org.openqa.selenium.By.xpath(reportgroup)).getText(): null

2018-06-18 14:16:09 - [TEST_STEP][PASSED] - Statement - If (reportgroupTxt == "AutomationGroup"): null

2018-06-18 14:16:09 - [TEST_STEP][PASSED] - Statement - println("Report group has right group name"): null

2018-06-18 14:16:09 - [TEST_STEP][PASSED] - Statement - reportgroup = "(//div[@class='ctable']/table/tbody/tr[@class='tdata clear'])[" + i + "]/td[7]": null

2018-06-18 14:16:09 - [TEST_STEP][PASSED] - Statement - reportgroupTxt = driver.findElement(org.openqa.selenium.By.xpath(reportgroup)).getText(): null

2018-06-18 14:16:09 - [TEST_STEP][PASSED] - Statement - If (reportgroupTxt == "AutomationGroup"): null

2018-06-18 14:16:09 - [TEST_STEP][PASSED] - Statement - Else: null

2018-06-18 14:16:09 - [TEST_STEP][PASSED] - Statement - If (!(TCflag)): null

2018-06-18 14:16:09 - [TEST_STEP][PASSED] - Statement - reportgroup = "(//div[@class='ctable']/table/tbody/tr[@class='tdata clear'])[" + i + "]/td[7]": null

2018-06-18 14:16:09 - [TEST_STEP][PASSED] - Statement - reportgroupTxt = driver.findElement(org.openqa.selenium.By.xpath(reportgroup)).getText(): null

2018-06-18 14:16:09 - [TEST_STEP][PASSED] - Statement - If (reportgroupTxt == "AutomationGroup"): null

2018-06-18 14:16:09 - [TEST_STEP][PASSED] - Statement - println("Report group has right group name"): null

2018-06-18 14:16:09 - [TEST_STEP][PASSED] - Statement - reportgroup = "(//div[@class='ctable']/table/tbody/tr[@class='tdata clear'])[" + i + "]/td[7]": null

2018-06-18 14:16:09 - [TEST_STEP][PASSED] - Statement - reportgroupTxt = driver.findElement(org.openqa.selenium.By.xpath(reportgroup)).getText(): null

2018-06-18 14:16:09 - [TEST_STEP][PASSED] - Statement - If (reportgroupTxt == "AutomationGroup"): null

2018-06-18 14:16:09 - [TEST_STEP][PASSED] - Statement - println("Report group has right group name"): null

2018-06-18 14:16:09 - [TEST_STEP][PASSED] - Statement - reportgroup = "(//div[@class='ctable']/table/tbody/tr[@class='tdata clear'])[" + i + "]/td[7]": null

2018-06-18 14:16:09 - [TEST_STEP][PASSED] - Statement - reportgroupTxt = driver.findElement(org.openqa.selenium.By.xpath(reportgroup)).getText(): null

2018-06-18 14:16:09 - [TEST_STEP][PASSED] - Statement - If (reportgroupTxt == "AutomationGroup"): null

2018-06-18 14:16:09 - [TEST_STEP][PASSED] - Statement - println("Report group has right group name"): null

2018-06-18 14:16:09 - [TEST_STEP][PASSED] - Statement - reportgroup = "(//div[@class='ctable']/table/tbody/tr[@class='tdata clear'])[" + i + "]/td[7]": null

2018-06-18 14:16:09 - [TEST_STEP][PASSED] - Statement - reportgroupTxt = driver.findElement(org.openqa.selenium.By.xpath(reportgroup)).getText(): null

2018-06-18 14:16:09 - [TEST_STEP][PASSED] - Statement - If (reportgroupTxt == "AutomationGroup"): null

2018-06-18 14:16:09 - [TEST_STEP][PASSED] - Statement - println("Report group has right group name"): null

2018-06-18 14:16:09 - [TEST_STEP][PASSED] - Statement - reportgroup = "(//div[@class='ctable']/table/tbody/tr[@class='tdata clear'])[" + i + "]/td[7]": null

2018-06-18 14:16:09 - [TEST_STEP][PASSED] - Statement - reportgroupTxt = driver.findElement(org.openqa.selenium.By.xpath(reportgroup)).getText(): null

2018-06-18 14:16:09 - [TEST_STEP][PASSED] - Statement - If (reportgroupTxt == "AutomationGroup"): null

2018-06-18 14:16:09 - [TEST_STEP][PASSED] - Statement - Else: null

2018-06-18 14:16:09 - [TEST_STEP][PASSED] - Statement - If (!(TCflag)): null

2018-06-18 14:16:09 - [TEST_STEP][PASSED] - Statement - reportgroup = "(//div[@class='ctable']/table/tbody/tr[@class='tdata clear'])[" + i + "]/td[7]": null

2018-06-18 14:16:09 - [TEST_STEP][PASSED] - Statement - reportgroupTxt = driver.findElement(org.openqa.selenium.By.xpath(reportgroup)).getText(): null

2018-06-18 14:16:09 - [TEST_STEP][PASSED] - Statement - If (reportgroupTxt == "AutomationGroup"): null

2018-06-18 14:16:09 - [TEST_STEP][PASSED] - Statement - Else: null

2018-06-18 14:16:09 - [TEST_STEP][PASSED] - Statement - If (!(TCflag)): null

2018-06-18 14:16:09 - [TEST_STEP][PASSED] - Statement - reportgroup = "(//div[@class='ctable']/table/tbody/tr[@class='tdata clear'])[" + i + "]/td[7]": null

2018-06-18 14:16:09 - [TEST_STEP][PASSED] - Statement - reportgroupTxt = driver.findElement(org.openqa.selenium.By.xpath(reportgroup)).getText(): null

2018-06-18 14:16:09 - [TEST_STEP][PASSED] - Statement - If (reportgroupTxt == "AutomationGroup"): null

2018-06-18 14:16:09 - [TEST_STEP][PASSED] - Statement - Else: null

2018-06-18 14:16:09 - [TEST_STEP][PASSED] - Statement - If (!(TCflag)): null

2018-06-18 14:16:09 - [TEST_STEP][PASSED] - Statement - reportgroup = "(//div[@class='ctable']/table/tbody/tr[@class='tdata clear'])[" + i + "]/td[7]": null

2018-06-18 14:16:09 - [TEST_STEP][PASSED] - Statement - reportgroupTxt = driver.findElement(org.openqa.selenium.By.xpath(reportgroup)).getText(): null

2018-06-18 14:16:09 - [TEST_STEP][PASSED] - Statement - If (reportgroupTxt == "AutomationGroup"): null

2018-06-18 14:16:09 - [TEST_STEP][PASSED] - Statement - println("Report group has right group name"): null

2018-06-18 14:16:09 - [TEST_STEP][PASSED] - Statement - reportgroup = "(//div[@class='ctable']/table/tbody/tr[@class='tdata clear'])[" + i + "]/td[7]": null

2018-06-18 14:16:09 - [TEST_STEP][PASSED] - Statement - reportgroupTxt = driver.findElement(org.openqa.selenium.By.xpath(reportgroup)).getText(): null

2018-06-18 14:16:09 - [TEST_STEP][PASSED] - Statement - If (reportgroupTxt == "AutomationGroup"): null

2018-06-18 14:16:09 - [TEST_STEP][PASSED] - Statement - println("Report group has right group name"): null

2018-06-18 14:16:09 - [TEST_STEP][PASSED] - Statement - reportgroup = "(//div[@class='ctable']/table/tbody/tr[@class='tdata clear'])[" + i + "]/td[7]": null

2018-06-18 14:16:09 - [TEST_STEP][PASSED] - Statement - reportgroupTxt = driver.findElement(org.openqa.selenium.By.xpath(reportgroup)).getText(): null

2018-06-18 14:16:09 - [TEST_STEP][PASSED] - Statement - If (reportgroupTxt == "AutomationGroup"): null

2018-06-18 14:16:09 - [TEST_STEP][PASSED] - Statement - println("Report group has right group name"): null

2018-06-18 14:16:09 - [TEST_STEP][PASSED] - Statement - reportgroup = "(//div[@class='ctable']/table/tbody/tr[@class='tdata clear'])[" + i + "]/td[7]": null

2018-06-18 14:16:09 - [TEST_STEP][PASSED] - Statement - reportgroupTxt = driver.findElement(org.openqa.selenium.By.xpath(reportgroup)).getText(): null

2018-06-18 14:16:09 - [TEST_STEP][PASSED] - Statement - If (reportgroupTxt == "AutomationGroup"): null

2018-06-18 14:16:09 - [TEST_STEP][PASSED] - Statement - println("Report group has right group name"): null

2018-06-18 14:16:09 - [TEST_STEP][PASSED] - Statement - reportgroup = "(//div[@class='ctable']/table/tbody/tr[@class='tdata clear'])[" + i + "]/td[7]": null

2018-06-18 14:16:09 - [TEST_STEP][PASSED] - Statement - reportgroupTxt = driver.findElement(org.openqa.selenium.By.xpath(reportgroup)).getText(): null

2018-06-18 14:16:09 - [TEST_STEP][PASSED] - Statement - If (reportgroupTxt == "AutomationGroup"): null

2018-06-18 14:16:09 - [TEST_STEP][PASSED] - Statement - println("Report group has right group name"): null

2018-06-18 14:16:09 - [TEST_STEP][PASSED] - Statement - reportgroup = "(//div[@class='ctable']/table/tbody/tr[@class='tdata clear'])[" + i + "]/td[7]": null

2018-06-18 14:16:09 - [TEST_STEP][PASSED] - Statement - reportgroupTxt = driver.findElement(org.openqa.selenium.By.xpath(reportgroup)).getText(): null

2018-06-18 14:16:09 - [TEST_STEP][PASSED] - Statement - If (reportgroupTxt == "AutomationGroup"): null

2018-06-18 14:16:09 - [TEST_STEP][PASSED] - Statement - println("Report group has right group name"): null

2018-06-18 14:16:09 - [TEST_STEP][PASSED] - Statement - reportgroup = "(//div[@class='ctable']/table/tbody/tr[@class='tdata clear'])[" + i + "]/td[7]": null

2018-06-18 14:16:09 - [TEST_STEP][PASSED] - Statement - reportgroupTxt = driver.findElement(org.openqa.selenium.By.xpath(reportgroup)).getText(): null

2018-06-18 14:16:09 - [TEST_STEP][PASSED] - Statement - If (reportgroupTxt == "AutomationGroup"): null

2018-06-18 14:16:09 - [TEST_STEP][PASSED] - Statement - println("Report group has right group name"): null

2018-06-18 14:16:09 - [TEST_STEP][PASSED] - Statement - reportgroup = "(//div[@class='ctable']/table/tbody/tr[@class='tdata clear'])[" + i + "]/td[7]": null

2018-06-18 14:16:09 - [TEST_STEP][PASSED] - Statement - reportgroupTxt = driver.findElement(org.openqa.selenium.By.xpath(reportgroup)).getText(): null

2018-06-18 14:16:09 - [TEST_STEP][PASSED] - Statement - If (reportgroupTxt == "AutomationGroup"): null

2018-06-18 14:16:09 - [TEST_STEP][PASSED] - Statement - println("Report group has right group name"): null

2018-06-18 14:16:09 - [TEST_STEP][PASSED] - Statement - reportgroup = "(//div[@class='ctable']/table/tbody/tr[@class='tdata clear'])[" + i + "]/td[7]": null

2018-06-18 14:16:09 - [TEST_STEP][PASSED] - Statement - reportgroupTxt = driver.findElement(org.openqa.selenium.By.xpath(reportgroup)).getText(): null

2018-06-18 14:16:09 - [TEST_STEP][PASSED] - Statement - If (reportgroupTxt == "AutomationGroup"): null

2018-06-18 14:16:09 - [TEST_STEP][PASSED] - Statement - Else: null

2018-06-18 14:16:09 - [TEST_STEP][PASSED] - Statement - If (!(TCflag)): null

2018-06-18 14:16:09 - [TEST_STEP][PASSED] - Statement - reportgroup = "(//div[@class='ctable']/table/tbody/tr[@class='tdata clear'])[" + i + "]/td[7]": null

2018-06-18 14:16:09 - [TEST_STEP][PASSED] - Statement - reportgroupTxt = driver.findElement(org.openqa.selenium.By.xpath(reportgroup)).getText(): null

2018-06-18 14:16:09 - [TEST_STEP][PASSED] - Statement - If (reportgroupTxt == "AutomationGroup"): null

2018-06-18 14:16:09 - [TEST_STEP][PASSED] - Statement - println("Report group has right group name"): null

2018-06-18 14:16:09 - [TEST_STEP][PASSED] - Statement - reportgroup = "(//div[@class='ctable']/table/tbody/tr[@class='tdata clear'])[" + i + "]/td[7]": null

2018-06-18 14:16:09 - [TEST_STEP][PASSED] - Statement - reportgroupTxt = driver.findElement(org.openqa.selenium.By.xpath(reportgroup)).getText(): null

2018-06-18 14:16:09 - [TEST_STEP][PASSED] - Statement - If (reportgroupTxt == "AutomationGroup"): null

2018-06-18 14:16:09 - [TEST_STEP][PASSED] - Statement - println("Report group has right group name"): null

2018-06-18 14:16:09 - [TEST_STEP][PASSED] - Statement - reportgroup = "(//div[@class='ctable']/table/tbody/tr[@class='tdata clear'])[" + i + "]/td[7]": null

2018-06-18 14:16:09 - [TEST_STEP][PASSED] - Statement - reportgroupTxt = driver.findElement(org.openqa.selenium.By.xpath(reportgroup)).getText(): null

2018-06-18 14:16:09 - [TEST_STEP][PASSED] - Statement - If (reportgroupTxt == "AutomationGroup"): null

2018-06-18 14:16:09 - [TEST_STEP][PASSED] - Statement - println("Report group has right group name"): null

2018-06-18 14:16:09 - [TEST_STEP][PASSED] - Statement - reportgroup = "(//div[@class='ctable']/table/tbody/tr[@class='tdata clear'])[" + i + "]/td[7]": null

2018-06-18 14:16:09 - [TEST_STEP][PASSED] - Statement - reportgroupTxt = driver.findElement(org.openqa.selenium.By.xpath(reportgroup)).getText(): null

2018-06-18 14:16:09 - [TEST_STEP][PASSED] - Statement - If (reportgroupTxt == "AutomationGroup"): null

2018-06-18 14:16:09 - [TEST_STEP][PASSED] - Statement - println("Report group has right group name"): null

2018-06-18 14:16:09 - [TEST_STEP][PASSED] - Statement - reportgroup = "(//div[@class='ctable']/table/tbody/tr[@class='tdata clear'])[" + i + "]/td[7]": null

2018-06-18 14:16:09 - [TEST_STEP][PASSED] - Statement - reportgroupTxt = driver.findElement(org.openqa.selenium.By.xpath(reportgroup)).getText(): null

2018-06-18 14:16:09 - [TEST_STEP][PASSED] - Statement - If (reportgroupTxt == "AutomationGroup"): null

2018-06-18 14:16:09 - [TEST_STEP][PASSED] - Statement - println("Report group has right group name"): null

2018-06-18 14:16:09 - [TEST_STEP][PASSED] - Statement - reportgroup = "(//div[@class='ctable']/table/tbody/tr[@class='tdata clear'])[" + i + "]/td[7]": null

2018-06-18 14:16:09 - [TEST_STEP][PASSED] - Statement - reportgroupTxt = driver.findElement(org.openqa.selenium.By.xpath(reportgroup)).getText(): null

2018-06-18 14:16:09 - [TEST_STEP][PASSED] - Statement - If (reportgroupTxt == "AutomationGroup"): null

2018-06-18 14:16:09 - [TEST_STEP][PASSED] - Statement - println("Report group has right group name"): null

2018-06-18 14:16:09 - [TEST_STEP][PASSED] - Statement - reportgroup = "(//div[@class='ctable']/table/tbody/tr[@class='tdata clear'])[" + i + "]/td[7]": null

2018-06-18 14:16:09 - [TEST_STEP][PASSED] - Statement - reportgroupTxt = driver.findElement(org.openqa.selenium.By.xpath(reportgroup)).getText(): null

2018-06-18 14:16:10 - [TEST_STEP][PASSED] - Statement - If (reportgroupTxt == "AutomationGroup"): null

2018-06-18 14:16:10 - [TEST_STEP][PASSED] - Statement - println("Report group has right group name"): null

2018-06-18 14:16:10 - [TEST_STEP][PASSED] - Statement - reportgroup = "(//div[@class='ctable']/table/tbody/tr[@class='tdata clear'])[" + i + "]/td[7]": null

2018-06-18 14:16:10 - [TEST_STEP][PASSED] - Statement - reportgroupTxt = driver.findElement(org.openqa.selenium.By.xpath(reportgroup)).getText(): null

2018-06-18 14:16:10 - [TEST_STEP][PASSED] - Statement - If (reportgroupTxt == "AutomationGroup"): null

2018-06-18 14:16:10 - [TEST_STEP][PASSED] - Statement - Else: null

2018-06-18 14:16:10 - [TEST_STEP][PASSED] - Statement - If (!(TCflag)): null

2018-06-18 14:16:10 - [TEST_STEP][PASSED] - Statement - reportgroup = "(//div[@class='ctable']/table/tbody/tr[@class='tdata clear'])[" + i + "]/td[7]": null

2018-06-18 14:16:10 - [TEST_STEP][PASSED] - Statement - reportgroupTxt = driver.findElement(org.openqa.selenium.By.xpath(reportgroup)).getText(): null

2018-06-18 14:16:10 - [TEST_STEP][PASSED] - Statement - If (reportgroupTxt == "AutomationGroup"): null

2018-06-18 14:16:10 - [TEST_STEP][PASSED] - Statement - println("Report group has right group name"): null

2018-06-18 14:16:10 - [TEST_STEP][PASSED] - Statement - reportgroup = "(//div[@class='ctable']/table/tbody/tr[@class='tdata clear'])[" + i + "]/td[7]": null

2018-06-18 14:16:10 - [TEST_STEP][PASSED] - Statement - reportgroupTxt = driver.findElement(org.openqa.selenium.By.xpath(reportgroup)).getText(): null

2018-06-18 14:16:10 - [TEST_STEP][PASSED] - Statement - If (reportgroupTxt == "AutomationGroup"): null

2018-06-18 14:16:10 - [TEST_STEP][PASSED] - Statement - println("Report group has right group name"): null

2018-06-18 14:16:10 - [TEST_STEP][PASSED] - Statement - reportgroup = "(//div[@class='ctable']/table/tbody/tr[@class='tdata clear'])[" + i + "]/td[7]": null

2018-06-18 14:16:10 - [TEST_STEP][PASSED] - Statement - reportgroupTxt = driver.findElement(org.openqa.selenium.By.xpath(reportgroup)).getText(): null

2018-06-18 14:16:10 - [TEST_STEP][PASSED] - Statement - If (reportgroupTxt == "AutomationGroup"): null

2018-06-18 14:16:10 - [TEST_STEP][PASSED] - Statement - Else: null

2018-06-18 14:16:10 - [TEST_STEP][PASSED] - Statement - If (!(TCflag)): null

2018-06-18 14:16:10 - [TEST_STEP][PASSED] - Statement - reportgroup = "(//div[@class='ctable']/table/tbody/tr[@class='tdata clear'])[" + i + "]/td[7]": null

2018-06-18 14:16:10 - [TEST_STEP][PASSED] - Statement - reportgroupTxt = driver.findElement(org.openqa.selenium.By.xpath(reportgroup)).getText(): null

2018-06-18 14:16:10 - [TEST_STEP][PASSED] - Statement - If (reportgroupTxt == "AutomationGroup"): null

2018-06-18 14:16:10 - [TEST_STEP][PASSED] - Statement - println("Report group has right group name"): null

2018-06-18 14:16:10 - [TEST_STEP][PASSED] - Statement - reportgroup = "(//div[@class='ctable']/table/tbody/tr[@class='tdata clear'])[" + i + "]/td[7]": null

2018-06-18 14:16:10 - [TEST_STEP][PASSED] - Statement - reportgroupTxt = driver.findElement(org.openqa.selenium.By.xpath(reportgroup)).getText(): null

2018-06-18 14:16:10 - [TEST_STEP][PASSED] - Statement - If (reportgroupTxt == "AutomationGroup"): null

2018-06-18 14:16:10 - [TEST_STEP][PASSED] - Statement - println("Report group has right group name"): null

2018-06-18 14:16:10 - [TEST_STEP][PASSED] - Statement - reportgroup = "(//div[@class='ctable']/table/tbody/tr[@class='tdata clear'])[" + i + "]/td[7]": null

2018-06-18 14:16:10 - [TEST_STEP][PASSED] - Statement - reportgroupTxt = driver.findElement(org.openqa.selenium.By.xpath(reportgroup)).getText(): null

2018-06-18 14:16:10 - [TEST_STEP][PASSED] - Statement - If (reportgroupTxt == "AutomationGroup"): null

2018-06-18 14:16:10 - [TEST_STEP][PASSED] - Statement - println("Report group has right group name"): null

2018-06-18 14:16:10 - [TEST_STEP][PASSED] - Statement - reportgroup = "(//div[@class='ctable']/table/tbody/tr[@class='tdata clear'])[" + i + "]/td[7]": null

2018-06-18 14:16:10 - [TEST_STEP][PASSED] - Statement - reportgroupTxt = driver.findElement(org.openqa.selenium.By.xpath(reportgroup)).getText(): null

2018-06-18 14:16:10 - [TEST_STEP][PASSED] - Statement - If (reportgroupTxt == "AutomationGroup"): null

2018-06-18 14:16:10 - [TEST_STEP][PASSED] - Statement - println("Report group has right group name"): null

2018-06-18 14:16:10 - [TEST_STEP][PASSED] - Statement - reportgroup = "(//div[@class='ctable']/table/tbody/tr[@class='tdata clear'])[" + i + "]/td[7]": null

2018-06-18 14:16:10 - [TEST_STEP][PASSED] - Statement - reportgroupTxt = driver.findElement(org.openqa.selenium.By.xpath(reportgroup)).getText(): null

2018-06-18 14:16:10 - [TEST_STEP][PASSED] - Statement - If (reportgroupTxt == "AutomationGroup"): null

2018-06-18 14:16:10 - [TEST_STEP][PASSED] - Statement - println("Report group has right group name"): null

2018-06-18 14:16:10 - [TEST_STEP][PASSED] - Statement - reportgroup = "(//div[@class='ctable']/table/tbody/tr[@class='tdata clear'])[" + i + "]/td[7]": null

2018-06-18 14:16:10 - [TEST_STEP][PASSED] - Statement - reportgroupTxt = driver.findElement(org.openqa.selenium.By.xpath(reportgroup)).getText(): null

2018-06-18 14:16:10 - [TEST_STEP][PASSED] - Statement - If (reportgroupTxt == "AutomationGroup"): null

2018-06-18 14:16:10 - [TEST_STEP][PASSED] - Statement - Else: null

2018-06-18 14:16:10 - [TEST_STEP][PASSED] - Statement - If (!(TCflag)): null

2018-06-18 14:16:10 - [TEST_STEP][PASSED] - Statement - reportgroup = "(//div[@class='ctable']/table/tbody/tr[@class='tdata clear'])[" + i + "]/td[7]": null

2018-06-18 14:16:10 - [TEST_STEP][PASSED] - Statement - reportgroupTxt = driver.findElement(org.openqa.selenium.By.xpath(reportgroup)).getText(): null

2018-06-18 14:16:10 - [TEST_STEP][PASSED] - Statement - If (reportgroupTxt == "AutomationGroup"): null

2018-06-18 14:16:10 - [TEST_STEP][PASSED] - Statement - println("Report group has right group name"): null

2018-06-18 14:16:10 - [TEST_STEP][PASSED] - Statement - reportgroup = "(//div[@class='ctable']/table/tbody/tr[@class='tdata clear'])[" + i + "]/td[7]": null

2018-06-18 14:16:10 - [TEST_STEP][PASSED] - Statement - reportgroupTxt = driver.findElement(org.openqa.selenium.By.xpath(reportgroup)).getText(): null

2018-06-18 14:16:10 - [TEST_STEP][PASSED] - Statement - If (reportgroupTxt == "AutomationGroup"): null

2018-06-18 14:16:10 - [TEST_STEP][PASSED] - Statement - println("Report group has right group name"): null

2018-06-18 14:16:10 - [TEST_STEP][PASSED] - Statement - reportgroup = "(//div[@class='ctable']/table/tbody/tr[@class='tdata clear'])[" + i + "]/td[7]": null

2018-06-18 14:16:10 - [TEST_STEP][PASSED] - Statement - reportgroupTxt = driver.findElement(org.openqa.selenium.By.xpath(reportgroup)).getText(): null

2018-06-18 14:16:10 - [TEST_STEP][PASSED] - Statement - If (reportgroupTxt == "AutomationGroup"): null

2018-06-18 14:16:10 - [TEST_STEP][PASSED] - Statement - Else: null

2018-06-18 14:16:10 - [TEST_STEP][PASSED] - Statement - If (!(TCflag)): null

2018-06-18 14:16:10 - [TEST_STEP][PASSED] - Statement - reportgroup = "(//div[@class='ctable']/table/tbody/tr[@class='tdata clear'])[" + i + "]/td[7]": null

2018-06-18 14:16:10 - [TEST_STEP][PASSED] - Statement - reportgroupTxt = driver.findElement(org.openqa.selenium.By.xpath(reportgroup)).getText(): null

2018-06-18 14:16:10 - [TEST_STEP][PASSED] - Statement - If (reportgroupTxt == "AutomationGroup"): null

2018-06-18 14:16:10 - [TEST_STEP][PASSED] - Statement - println("Report group has right group name"): null

2018-06-18 14:16:10 - [TEST_STEP][PASSED] - Statement - reportgroup = "(//div[@class='ctable']/table/tbody/tr[@class='tdata clear'])[" + i + "]/td[7]": null

2018-06-18 14:16:10 - [TEST_STEP][PASSED] - Statement - reportgroupTxt = driver.findElement(org.openqa.selenium.By.xpath(reportgroup)).getText(): null

2018-06-18 14:16:10 - [TEST_STEP][PASSED] - Statement - If (reportgroupTxt == "AutomationGroup"): null

2018-06-18 14:16:10 - [TEST_STEP][PASSED] - Statement - Else: null

2018-06-18 14:16:10 - [TEST_STEP][PASSED] - Statement - If (!(TCflag)): null

2018-06-18 14:16:10 - [TEST_STEP][PASSED] - Statement - reportgroup = "(//div[@class='ctable']/table/tbody/tr[@class='tdata clear'])[" + i + "]/td[7]": null

2018-06-18 14:16:10 - [TEST_STEP][PASSED] - Statement - reportgroupTxt = driver.findElement(org.openqa.selenium.By.xpath(reportgroup)).getText(): null

2018-06-18 14:16:10 - [TEST_STEP][PASSED] - Statement - If (reportgroupTxt == "AutomationGroup"): null

2018-06-18 14:16:10 - [TEST_STEP][PASSED] - Statement - println("Report group has right group name"): null

2018-06-18 14:16:10 - [TEST_STEP][PASSED] - Statement - reportgroup = "(//div[@class='ctable']/table/tbody/tr[@class='tdata clear'])[" + i + "]/td[7]": null

2018-06-18 14:16:10 - [TEST_STEP][PASSED] - Statement - reportgroupTxt = driver.findElement(org.openqa.selenium.By.xpath(reportgroup)).getText(): null

2018-06-18 14:16:10 - [TEST_STEP][PASSED] - Statement - If (reportgroupTxt == "AutomationGroup"): null

2018-06-18 14:16:10 - [TEST_STEP][PASSED] - Statement - println("Report group has right group name"): null

2018-06-18 14:16:10 - [TEST_STEP][PASSED] - Statement - reportgroup = "(//div[@class='ctable']/table/tbody/tr[@class='tdata clear'])[" + i + "]/td[7]": null

2018-06-18 14:16:10 - [TEST_STEP][PASSED] - Statement - reportgroupTxt = driver.findElement(org.openqa.selenium.By.xpath(reportgroup)).getText(): null

2018-06-18 14:16:10 - [TEST_STEP][PASSED] - Statement - If (reportgroupTxt == "AutomationGroup"): null

2018-06-18 14:16:10 - [TEST_STEP][PASSED] - Statement - println("Report group has right group name"): null

2018-06-18 14:16:10 - [TEST_STEP][PASSED] - Statement - reportgroup = "(//div[@class='ctable']/table/tbody/tr[@class='tdata clear'])[" + i + "]/td[7]": null

2018-06-18 14:16:10 - [TEST_STEP][PASSED] - Statement - reportgroupTxt = driver.findElement(org.openqa.selenium.By.xpath(reportgroup)).getText(): null

2018-06-18 14:16:10 - [TEST_STEP][PASSED] - Statement - If (reportgroupTxt == "AutomationGroup"): null

2018-06-18 14:16:10 - [TEST_STEP][PASSED] - Statement - Else: null

2018-06-18 14:16:10 - [TEST_STEP][PASSED] - Statement - If (!(TCflag)): null

2018-06-18 14:16:10 - [TEST_STEP][PASSED] - Statement - reportgroup = "(//div[@class='ctable']/table/tbody/tr[@class='tdata clear'])[" + i + "]/td[7]": null

2018-06-18 14:16:10 - [TEST_STEP][PASSED] - Statement - reportgroupTxt = driver.findElement(org.openqa.selenium.By.xpath(reportgroup)).getText(): null

2018-06-18 14:16:10 - [TEST_STEP][PASSED] - Statement - If (reportgroupTxt == "AutomationGroup"): null

2018-06-18 14:16:10 - [TEST_STEP][PASSED] - Statement - println("Report group has right group name"): null

2018-06-18 14:16:10 - [TEST_STEP][PASSED] - Statement - reportgroup = "(//div[@class='ctable']/table/tbody/tr[@class='tdata clear'])[" + i + "]/td[7]": null

2018-06-18 14:16:10 - [TEST_STEP][PASSED] - Statement - reportgroupTxt = driver.findElement(org.openqa.selenium.By.xpath(reportgroup)).getText(): null

2018-06-18 14:16:10 - [TEST_STEP][PASSED] - Statement - If (reportgroupTxt == "AutomationGroup"): null

2018-06-18 14:16:10 - [TEST_STEP][PASSED] - Statement - println("Report group has right group name"): null

2018-06-18 14:16:10 - [TEST_STEP][PASSED] - Statement - reportgroup = "(//div[@class='ctable']/table/tbody/tr[@class='tdata clear'])[" + i + "]/td[7]": null

2018-06-18 14:16:10 - [TEST_STEP][PASSED] - Statement - reportgroupTxt = driver.findElement(org.openqa.selenium.By.xpath(reportgroup)).getText(): null

2018-06-18 14:16:10 - [TEST_STEP][PASSED] - Statement - If (reportgroupTxt == "AutomationGroup"): null

2018-06-18 14:16:10 - [TEST_STEP][PASSED] - Statement - println("Report group has right group name"): null

2018-06-18 14:16:10 - [TEST_STEP][PASSED] - Statement - reportgroup = "(//div[@class='ctable']/table/tbody/tr[@class='tdata clear'])[" + i + "]/td[7]": null

2018-06-18 14:16:10 - [TEST_STEP][PASSED] - Statement - reportgroupTxt = driver.findElement(org.openqa.selenium.By.xpath(reportgroup)).getText(): null

2018-06-18 14:16:10 - [TEST_STEP][PASSED] - Statement - If (reportgroupTxt == "AutomationGroup"): null

2018-06-18 14:16:10 - [TEST_STEP][PASSED] - Statement - println("Report group has right group name"): null

2018-06-18 14:16:10 - [TEST_STEP][PASSED] - Statement - reportgroup = "(//div[@class='ctable']/table/tbody/tr[@class='tdata clear'])[" + i + "]/td[7]": null

2018-06-18 14:16:10 - [TEST_STEP][PASSED] - Statement - reportgroupTxt = driver.findElement(org.openqa.selenium.By.xpath(reportgroup)).getText(): null

2018-06-18 14:16:10 - [TEST_STEP][PASSED] - Statement - If (reportgroupTxt == "AutomationGroup"): null

2018-06-18 14:16:10 - [TEST_STEP][PASSED] - Statement - println("Report group has right group name"): null

2018-06-18 14:16:10 - [TEST_STEP][PASSED] - Statement - reportgroup = "(//div[@class='ctable']/table/tbody/tr[@class='tdata clear'])[" + i + "]/td[7]": null

2018-06-18 14:16:10 - [TEST_STEP][PASSED] - Statement - reportgroupTxt = driver.findElement(org.openqa.selenium.By.xpath(reportgroup)).getText(): null

2018-06-18 14:16:10 - [TEST_STEP][PASSED] - Statement - If (reportgroupTxt == "AutomationGroup"): null

2018-06-18 14:16:10 - [TEST_STEP][PASSED] - Statement - println("Report group has right group name"): null

2018-06-18 14:16:10 - [TEST_STEP][PASSED] - Statement - reportgroup = "(//div[@class='ctable']/table/tbody/tr[@class='tdata clear'])[" + i + "]/td[7]": null

2018-06-18 14:16:10 - [TEST_STEP][PASSED] - Statement - reportgroupTxt = driver.findElement(org.openqa.selenium.By.xpath(reportgroup)).getText(): null

2018-06-18 14:16:10 - [TEST_STEP][PASSED] - Statement - If (reportgroupTxt == "AutomationGroup"): null

2018-06-18 14:16:10 - [TEST_STEP][PASSED] - Statement - println("Report group has right group name"): null

2018-06-18 14:16:10 - [TEST_STEP][PASSED] - Statement - reportgroup = "(//div[@class='ctable']/table/tbody/tr[@class='tdata clear'])[" + i + "]/td[7]": null

2018-06-18 14:16:10 - [TEST_STEP][PASSED] - Statement - reportgroupTxt = driver.findElement(org.openqa.selenium.By.xpath(reportgroup)).getText(): null

2018-06-18 14:16:10 - [TEST_STEP][PASSED] - Statement - If (reportgroupTxt == "AutomationGroup"): null

2018-06-18 14:16:10 - [TEST_STEP][PASSED] - Statement - println("Report group has right group name"): null

2018-06-18 14:16:10 - [TEST_STEP][PASSED] - Statement - reportgroup = "(//div[@class='ctable']/table/tbody/tr[@class='tdata clear'])[" + i + "]/td[7]": null

2018-06-18 14:16:10 - [TEST_STEP][PASSED] - Statement - reportgroupTxt = driver.findElement(org.openqa.selenium.By.xpath(reportgroup)).getText(): null

2018-06-18 14:16:10 - [TEST_STEP][PASSED] - Statement - If (reportgroupTxt == "AutomationGroup"): null

2018-06-18 14:16:10 - [TEST_STEP][PASSED] - Statement - println("Report group has right group name"): null

2018-06-18 14:16:10 - [TEST_STEP][PASSED] - Statement - reportgroup = "(//div[@class='ctable']/table/tbody/tr[@class='tdata clear'])[" + i + "]/td[7]": null

2018-06-18 14:16:10 - [TEST_STEP][PASSED] - Statement - reportgroupTxt = driver.findElement(org.openqa.selenium.By.xpath(reportgroup)).getText(): null

2018-06-18 14:16:10 - [TEST_STEP][PASSED] - Statement - If (reportgroupTxt == "AutomationGroup"): null

2018-06-18 14:16:10 - [TEST_STEP][PASSED] - Statement - println("Report group has right group name"): null

2018-06-18 14:16:10 - [TEST_STEP][PASSED] - Statement - reportgroup = "(//div[@class='ctable']/table/tbody/tr[@class='tdata clear'])[" + i + "]/td[7]": null

2018-06-18 14:16:10 - [TEST_STEP][PASSED] - Statement - reportgroupTxt = driver.findElement(org.openqa.selenium.By.xpath(reportgroup)).getText(): null

2018-06-18 14:16:10 - [TEST_STEP][PASSED] - Statement - If (reportgroupTxt == "AutomationGroup"): null

2018-06-18 14:16:10 - [TEST_STEP][PASSED] - Statement - println("Report group has right group name"): null

2018-06-18 14:16:10 - [TEST_STEP][PASSED] - Statement - reportgroup = "(//div[@class='ctable']/table/tbody/tr[@class='tdata clear'])[" + i + "]/td[7]": null

2018-06-18 14:16:10 - [TEST_STEP][PASSED] - Statement - reportgroupTxt = driver.findElement(org.openqa.selenium.By.xpath(reportgroup)).getText(): null

2018-06-18 14:16:10 - [TEST_STEP][PASSED] - Statement - If (reportgroupTxt == "AutomationGroup"): null

2018-06-18 14:16:10 - [TEST_STEP][PASSED] - Statement - println("Report group has right group name"): null

2018-06-18 14:16:10 - [TEST_STEP][PASSED] - Statement - reportgroup = "(//div[@class='ctable']/table/tbody/tr[@class='tdata clear'])[" + i + "]/td[7]": null

2018-06-18 14:16:10 - [TEST_STEP][PASSED] - Statement - reportgroupTxt = driver.findElement(org.openqa.selenium.By.xpath(reportgroup)).getText(): null

2018-06-18 14:16:10 - [TEST_STEP][PASSED] - Statement - If (reportgroupTxt == "AutomationGroup"): null

2018-06-18 14:16:10 - [TEST_STEP][PASSED] - Statement - println("Report group has right group name"): null

2018-06-18 14:16:10 - [TEST_STEP][PASSED] - Statement - reportgroup = "(//div[@class='ctable']/table/tbody/tr[@class='tdata clear'])[" + i + "]/td[7]": null

2018-06-18 14:16:10 - [TEST_STEP][PASSED] - Statement - reportgroupTxt = driver.findElement(org.openqa.selenium.By.xpath(reportgroup)).getText(): null

2018-06-18 14:16:10 - [TEST_STEP][PASSED] - Statement - If (reportgroupTxt == "AutomationGroup"): null

2018-06-18 14:16:10 - [TEST_STEP][PASSED] - Statement - println("Report group has right group name"): null

2018-06-18 14:16:10 - [TEST_STEP][PASSED] - Statement - reportgroup = "(//div[@class='ctable']/table/tbody/tr[@class='tdata clear'])[" + i + "]/td[7]": null

2018-06-18 14:16:10 - [TEST_STEP][PASSED] - Statement - reportgroupTxt = driver.findElement(org.openqa.selenium.By.xpath(reportgroup)).getText(): null

2018-06-18 14:16:10 - [TEST_STEP][PASSED] - Statement - If (reportgroupTxt == "AutomationGroup"): null

2018-06-18 14:16:10 - [TEST_STEP][PASSED] - Statement - println("Report group has right group name"): null

2018-06-18 14:16:10 - [TEST_STEP][PASSED] - Statement - reportgroup = "(//div[@class='ctable']/table/tbody/tr[@class='tdata clear'])[" + i + "]/td[7]": null

2018-06-18 14:16:10 - [TEST_STEP][PASSED] - Statement - reportgroupTxt = driver.findElement(org.openqa.selenium.By.xpath(reportgroup)).getText(): null

2018-06-18 14:16:11 - [TEST_STEP][PASSED] - Statement - If (reportgroupTxt == "AutomationGroup"): null

2018-06-18 14:16:11 - [TEST_STEP][PASSED] - Statement - println("Report group has right group name"): null

2018-06-18 14:16:11 - [TEST_STEP][PASSED] - Statement - reportgroup = "(//div[@class='ctable']/table/tbody/tr[@class='tdata clear'])[" + i + "]/td[7]": null

2018-06-18 14:16:11 - [TEST_STEP][PASSED] - Statement - reportgroupTxt = driver.findElement(org.openqa.selenium.By.xpath(reportgroup)).getText(): null

2018-06-18 14:16:11 - [TEST_STEP][PASSED] - Statement - If (reportgroupTxt == "AutomationGroup"): null

2018-06-18 14:16:11 - [TEST_STEP][PASSED] - Statement - println("Report group has right group name"): null

2018-06-18 14:16:11 - [TEST_STEP][PASSED] - Statement - reportgroup = "(//div[@class='ctable']/table/tbody/tr[@class='tdata clear'])[" + i + "]/td[7]": null

2018-06-18 14:16:11 - [TEST_STEP][PASSED] - Statement - reportgroupTxt = driver.findElement(org.openqa.selenium.By.xpath(reportgroup)).getText(): null

2018-06-18 14:16:11 - [TEST_STEP][PASSED] - Statement - If (reportgroupTxt == "AutomationGroup"): null

2018-06-18 14:16:11 - [TEST_STEP][PASSED] - Statement - println("Report group has right group name"): null

2018-06-18 14:16:11 - [TEST_STEP][PASSED] - Statement - reportgroup = "(//div[@class='ctable']/table/tbody/tr[@class='tdata clear'])[" + i + "]/td[7]": null

2018-06-18 14:16:11 - [TEST_STEP][PASSED] - Statement - reportgroupTxt = driver.findElement(org.openqa.selenium.By.xpath(reportgroup)).getText(): null

2018-06-18 14:16:11 - [TEST_STEP][PASSED] - Statement - If (reportgroupTxt == "AutomationGroup"): null

2018-06-18 14:16:11 - [TEST_STEP][PASSED] - Statement - println("Report group has right group name"): null

2018-06-18 14:16:11 - [TEST_STEP][PASSED] - Statement - reportgroup = "(//div[@class='ctable']/table/tbody/tr[@class='tdata clear'])[" + i + "]/td[7]": null

2018-06-18 14:16:11 - [TEST_STEP][PASSED] - Statement - reportgroupTxt = driver.findElement(org.openqa.selenium.By.xpath(reportgroup)).getText(): null

2018-06-18 14:16:11 - [TEST_STEP][PASSED] - Statement - If (reportgroupTxt == "AutomationGroup"): null

2018-06-18 14:16:11 - [TEST_STEP][PASSED] - Statement - println("Report group has right group name"): null

2018-06-18 14:16:11 - [TEST_STEP][PASSED] - Statement - reportgroup = "(//div[@class='ctable']/table/tbody/tr[@class='tdata clear'])[" + i + "]/td[7]": null

2018-06-18 14:16:11 - [TEST_STEP][PASSED] - Statement - reportgroupTxt = driver.findElement(org.openqa.selenium.By.xpath(reportgroup)).getText(): null

2018-06-18 14:16:11 - [TEST_STEP][PASSED] - Statement - If (reportgroupTxt == "AutomationGroup"): null

2018-06-18 14:16:11 - [TEST_STEP][PASSED] - Statement - Else: null

2018-06-18 14:16:11 - [TEST_STEP][PASSED] - Statement - If (!(TCflag)): null

2018-06-18 14:16:11 - [TEST_STEP][PASSED] - Statement - reportgroup = "(//div[@class='ctable']/table/tbody/tr[@class='tdata clear'])[" + i + "]/td[7]": null

2018-06-18 14:16:11 - [TEST_STEP][PASSED] - Statement - reportgroupTxt = driver.findElement(org.openqa.selenium.By.xpath(reportgroup)).getText(): null

2018-06-18 14:16:11 - [TEST_STEP][PASSED] - Statement - If (reportgroupTxt == "AutomationGroup"): null

2018-06-18 14:16:11 - [TEST_STEP][PASSED] - Statement - println("Report group has right group name"): null

2018-06-18 14:16:11 - [TEST_STEP][PASSED] - Statement - reportgroup = "(//div[@class='ctable']/table/tbody/tr[@class='tdata clear'])[" + i + "]/td[7]": null

2018-06-18 14:16:11 - [TEST_STEP][PASSED] - Statement - reportgroupTxt = driver.findElement(org.openqa.selenium.By.xpath(reportgroup)).getText(): null

2018-06-18 14:16:11 - [TEST_STEP][PASSED] - Statement - If (reportgroupTxt == "AutomationGroup"): null

2018-06-18 14:16:11 - [TEST_STEP][PASSED] - Statement - Else: null

2018-06-18 14:16:11 - [TEST_STEP][PASSED] - Statement - If (!(TCflag)): null

2018-06-18 14:16:11 - [TEST_STEP][PASSED] - Statement - reportgroup = "(//div[@class='ctable']/table/tbody/tr[@class='tdata clear'])[" + i + "]/td[7]": null

2018-06-18 14:16:11 - [TEST_STEP][PASSED] - Statement - reportgroupTxt = driver.findElement(org.openqa.selenium.By.xpath(reportgroup)).getText(): null

2018-06-18 14:16:11 - [TEST_STEP][PASSED] - Statement - If (reportgroupTxt == "AutomationGroup"): null

2018-06-18 14:16:11 - [TEST_STEP][PASSED] - Statement - println("Report group has right group name"): null

2018-06-18 14:16:11 - [TEST_STEP][PASSED] - Statement - reportgroup = "(//div[@class='ctable']/table/tbody/tr[@class='tdata clear'])[" + i + "]/td[7]": null

2018-06-18 14:16:11 - [TEST_STEP][PASSED] - Statement - reportgroupTxt = driver.findElement(org.openqa.selenium.By.xpath(reportgroup)).getText(): null

2018-06-18 14:16:11 - [TEST_STEP][PASSED] - Statement - If (reportgroupTxt == "AutomationGroup"): null

2018-06-18 14:16:11 - [TEST_STEP][PASSED] - Statement - println("Report group has right group name"): null

2018-06-18 14:16:11 - [TEST_STEP][PASSED] - Statement - reportgroup = "(//div[@class='ctable']/table/tbody/tr[@class='tdata clear'])[" + i + "]/td[7]": null

2018-06-18 14:16:11 - [TEST_STEP][PASSED] - Statement - reportgroupTxt = driver.findElement(org.openqa.selenium.By.xpath(reportgroup)).getText(): null

2018-06-18 14:16:11 - [TEST_STEP][PASSED] - Statement - If (reportgroupTxt == "AutomationGroup"): null

2018-06-18 14:16:11 - [TEST_STEP][PASSED] - Statement - println("Report group has right group name"): null

2018-06-18 14:16:11 - [TEST_STEP][PASSED] - Statement - reportgroup = "(//div[@class='ctable']/table/tbody/tr[@class='tdata clear'])[" + i + "]/td[7]": null

2018-06-18 14:16:11 - [TEST_STEP][PASSED] - Statement - reportgroupTxt = driver.findElement(org.openqa.selenium.By.xpath(reportgroup)).getText(): null

2018-06-18 14:16:11 - [TEST_STEP][PASSED] - Statement - If (reportgroupTxt == "AutomationGroup"): null

2018-06-18 14:16:11 - [TEST_STEP][PASSED] - Statement - println("Report group has right group name"): null

2018-06-18 14:16:11 - [TEST_STEP][PASSED] - Statement - reportgroup = "(//div[@class='ctable']/table/tbody/tr[@class='tdata clear'])[" + i + "]/td[7]": null

2018-06-18 14:16:11 - [TEST_STEP][PASSED] - Statement - reportgroupTxt = driver.findElement(org.openqa.selenium.By.xpath(reportgroup)).getText(): null

2018-06-18 14:16:11 - [TEST_STEP][PASSED] - Statement - If (reportgroupTxt == "AutomationGroup"): null

2018-06-18 14:16:11 - [TEST_STEP][PASSED] - Statement - Else: null

2018-06-18 14:16:11 - [TEST_STEP][PASSED] - Statement - If (!(TCflag)): null

2018-06-18 14:16:11 - [TEST_STEP][PASSED] - Statement - reportgroup = "(//div[@class='ctable']/table/tbody/tr[@class='tdata clear'])[" + i + "]/td[7]": null

2018-06-18 14:16:11 - [TEST_STEP][PASSED] - Statement - reportgroupTxt = driver.findElement(org.openqa.selenium.By.xpath(reportgroup)).getText(): null

2018-06-18 14:16:11 - [TEST_STEP][PASSED] - Statement - If (reportgroupTxt == "AutomationGroup"): null

2018-06-18 14:16:11 - [TEST_STEP][PASSED] - Statement - println("Report group has right group name"): null

2018-06-18 14:16:11 - [TEST_STEP][PASSED] - Statement - reportgroup = "(//div[@class='ctable']/table/tbody/tr[@class='tdata clear'])[" + i + "]/td[7]": null

2018-06-18 14:16:11 - [TEST_STEP][PASSED] - Statement - reportgroupTxt = driver.findElement(org.openqa.selenium.By.xpath(reportgroup)).getText(): null

2018-06-18 14:16:11 - [TEST_STEP][PASSED] - Statement - If (reportgroupTxt == "AutomationGroup"): null

2018-06-18 14:16:11 - [TEST_STEP][PASSED] - Statement - println("Report group has right group name"): null

2018-06-18 14:16:11 - [TEST_STEP][PASSED] - Statement - reportgroup = "(//div[@class='ctable']/table/tbody/tr[@class='tdata clear'])[" + i + "]/td[7]": null

2018-06-18 14:16:11 - [TEST_STEP][PASSED] - Statement - reportgroupTxt = driver.findElement(org.openqa.selenium.By.xpath(reportgroup)).getText(): null

2018-06-18 14:16:11 - [TEST_STEP][PASSED] - Statement - If (reportgroupTxt == "AutomationGroup"): null

2018-06-18 14:16:11 - [TEST_STEP][PASSED] - Statement - println("Report group has right group name"): null

2018-06-18 14:16:11 - [TEST_STEP][PASSED] - Statement - reportgroup = "(//div[@class='ctable']/table/tbody/tr[@class='tdata clear'])[" + i + "]/td[7]": null

2018-06-18 14:16:11 - [TEST_STEP][PASSED] - Statement - reportgroupTxt = driver.findElement(org.openqa.selenium.By.xpath(reportgroup)).getText(): null

2018-06-18 14:16:11 - [TEST_STEP][PASSED] - Statement - If (reportgroupTxt == "AutomationGroup"): null

2018-06-18 14:16:11 - [TEST_STEP][PASSED] - Statement - println("Report group has right group name"): null

2018-06-18 14:16:11 - [TEST_STEP][PASSED] - Statement - reportgroup = "(//div[@class='ctable']/table/tbody/tr[@class='tdata clear'])[" + i + "]/td[7]": null

2018-06-18 14:16:11 - [TEST_STEP][PASSED] - Statement - reportgroupTxt = driver.findElement(org.openqa.selenium.By.xpath(reportgroup)).getText(): null

2018-06-18 14:16:11 - [TEST_STEP][PASSED] - Statement - If (reportgroupTxt == "AutomationGroup"): null

2018-06-18 14:16:11 - [TEST_STEP][PASSED] - Statement - Else: null

2018-06-18 14:16:11 - [TEST_STEP][PASSED] - Statement - If (!(TCflag)): null

2018-06-18 14:16:11 - [TEST_STEP][PASSED] - Statement - reportgroup = "(//div[@class='ctable']/table/tbody/tr[@class='tdata clear'])[" + i + "]/td[7]": null

2018-06-18 14:16:11 - [TEST_STEP][PASSED] - Statement - reportgroupTxt = driver.findElement(org.openqa.selenium.By.xpath(reportgroup)).getText(): null

2018-06-18 14:16:11 - [TEST_STEP][PASSED] - Statement - If (reportgroupTxt == "AutomationGroup"): null

2018-06-18 14:16:11 - [TEST_STEP][PASSED] - Statement - Else: null

2018-06-18 14:16:11 - [TEST_STEP][PASSED] - Statement - If (!(TCflag)): null

2018-06-18 14:16:11 - [TEST_STEP][PASSED] - Statement - reportgroup = "(//div[@class='ctable']/table/tbody/tr[@class='tdata clear'])[" + i + "]/td[7]": null

2018-06-18 14:16:11 - [TEST_STEP][PASSED] - Statement - reportgroupTxt = driver.findElement(org.openqa.selenium.By.xpath(reportgroup)).getText(): null

2018-06-18 14:16:11 - [TEST_STEP][PASSED] - Statement - If (reportgroupTxt == "AutomationGroup"): null

2018-06-18 14:16:11 - [TEST_STEP][PASSED] - Statement - println("Report group has right group name"): null

2018-06-18 14:16:11 - [TEST_STEP][PASSED] - Statement - reportgroup = "(//div[@class='ctable']/table/tbody/tr[@class='tdata clear'])[" + i + "]/td[7]": null

2018-06-18 14:16:11 - [TEST_STEP][PASSED] - Statement - reportgroupTxt = driver.findElement(org.openqa.selenium.By.xpath(reportgroup)).getText(): null

2018-06-18 14:16:11 - [TEST_STEP][PASSED] - Statement - If (reportgroupTxt == "AutomationGroup"): null

2018-06-18 14:16:11 - [TEST_STEP][PASSED] - Statement - println("Report group has right group name"): null

2018-06-18 14:16:11 - [TEST_STEP][PASSED] - Statement - reportgroup = "(//div[@class='ctable']/table/tbody/tr[@class='tdata clear'])[" + i + "]/td[7]": null

2018-06-18 14:16:11 - [TEST_STEP][PASSED] - Statement - reportgroupTxt = driver.findElement(org.openqa.selenium.By.xpath(reportgroup)).getText(): null

2018-06-18 14:16:11 - [TEST_STEP][PASSED] - Statement - If (reportgroupTxt == "AutomationGroup"): null

2018-06-18 14:16:11 - [TEST_STEP][PASSED] - Statement - println("Report group has right group name"): null

2018-06-18 14:16:11 - [TEST_STEP][PASSED] - Statement - reportgroup = "(//div[@class='ctable']/table/tbody/tr[@class='tdata clear'])[" + i + "]/td[7]": null

2018-06-18 14:16:11 - [TEST_STEP][PASSED] - Statement - reportgroupTxt = driver.findElement(org.openqa.selenium.By.xpath(reportgroup)).getText(): null

2018-06-18 14:16:11 - [TEST_STEP][PASSED] - Statement - If (reportgroupTxt == "AutomationGroup"): null

2018-06-18 14:16:11 - [TEST_STEP][PASSED] - Statement - println("Report group has right group name"): null

2018-06-18 14:16:11 - [TEST_STEP][PASSED] - Statement - reportgroup = "(//div[@class='ctable']/table/tbody/tr[@class='tdata clear'])[" + i + "]/td[7]": null

2018-06-18 14:16:11 - [TEST_STEP][PASSED] - Statement - reportgroupTxt = driver.findElement(org.openqa.selenium.By.xpath(reportgroup)).getText(): null

2018-06-18 14:16:11 - [TEST_STEP][PASSED] - Statement - If (reportgroupTxt == "AutomationGroup"): null

2018-06-18 14:16:11 - [TEST_STEP][PASSED] - Statement - println("Report group has right group name"): null

2018-06-18 14:16:11 - [TEST_STEP][PASSED] - Statement - reportgroup = "(//div[@class='ctable']/table/tbody/tr[@class='tdata clear'])[" + i + "]/td[7]": null

2018-06-18 14:16:11 - [TEST_STEP][PASSED] - Statement - reportgroupTxt = driver.findElement(org.openqa.selenium.By.xpath(reportgroup)).getText(): null

2018-06-18 14:16:11 - [TEST_STEP][PASSED] - Statement - If (reportgroupTxt == "AutomationGroup"): null

2018-06-18 14:16:11 - [TEST_STEP][PASSED] - Statement - Else: null

2018-06-18 14:16:11 - [TEST_STEP][PASSED] - Statement - If (!(TCflag)): null

2018-06-18 14:16:11 - [TEST_STEP][PASSED] - Statement - reportgroup = "(//div[@class='ctable']/table/tbody/tr[@class='tdata clear'])[" + i + "]/td[7]": null

2018-06-18 14:16:11 - [TEST_STEP][PASSED] - Statement - reportgroupTxt = driver.findElement(org.openqa.selenium.By.xpath(reportgroup)).getText(): null

2018-06-18 14:16:11 - [TEST_STEP][PASSED] - Statement - If (reportgroupTxt == "AutomationGroup"): null

2018-06-18 14:16:11 - [TEST_STEP][PASSED] - Statement - println("Report group has right group name"): null

2018-06-18 14:16:11 - [TEST_STEP][PASSED] - Statement - reportgroup = "(//div[@class='ctable']/table/tbody/tr[@class='tdata clear'])[" + i + "]/td[7]": null

2018-06-18 14:16:11 - [TEST_STEP][PASSED] - Statement - reportgroupTxt = driver.findElement(org.openqa.selenium.By.xpath(reportgroup)).getText(): null

2018-06-18 14:16:11 - [TEST_STEP][PASSED] - Statement - If (reportgroupTxt == "AutomationGroup"): null

2018-06-18 14:16:11 - [TEST_STEP][PASSED] - Statement - println("Report group has right group name"): null

2018-06-18 14:16:11 - [TEST_STEP][PASSED] - Statement - reportgroup = "(//div[@class='ctable']/table/tbody/tr[@class='tdata clear'])[" + i + "]/td[7]": null

2018-06-18 14:16:11 - [TEST_STEP][PASSED] - Statement - reportgroupTxt = driver.findElement(org.openqa.selenium.By.xpath(reportgroup)).getText(): null

2018-06-18 14:16:11 - [TEST_STEP][PASSED] - Statement - If (reportgroupTxt == "AutomationGroup"): null

2018-06-18 14:16:11 - [TEST_STEP][PASSED] - Statement - Else: null

2018-06-18 14:16:11 - [TEST_STEP][PASSED] - Statement - If (!(TCflag)): null

2018-06-18 14:16:11 - [TEST_STEP][PASSED] - Statement - reportgroup = "(//div[@class='ctable']/table/tbody/tr[@class='tdata clear'])[" + i + "]/td[7]": null

2018-06-18 14:16:11 - [TEST_STEP][PASSED] - Statement - reportgroupTxt = driver.findElement(org.openqa.selenium.By.xpath(reportgroup)).getText(): null

2018-06-18 14:16:11 - [TEST_STEP][PASSED] - Statement - If (reportgroupTxt == "AutomationGroup"): null

2018-06-18 14:16:11 - [TEST_STEP][PASSED] - Statement - println("Report group has right group name"): null

2018-06-18 14:16:11 - [TEST_STEP][PASSED] - Statement - reportgroup = "(//div[@class='ctable']/table/tbody/tr[@class='tdata clear'])[" + i + "]/td[7]": null

2018-06-18 14:16:11 - [TEST_STEP][PASSED] - Statement - reportgroupTxt = driver.findElement(org.openqa.selenium.By.xpath(reportgroup)).getText(): null

2018-06-18 14:16:11 - [TEST_STEP][PASSED] - Statement - If (reportgroupTxt == "AutomationGroup"): null

2018-06-18 14:16:11 - [TEST_STEP][PASSED] - Statement - println("Report group has right group name"): null

2018-06-18 14:16:11 - [TEST_STEP][PASSED] - Statement - reportgroup = "(//div[@class='ctable']/table/tbody/tr[@class='tdata clear'])[" + i + "]/td[7]": null

2018-06-18 14:16:11 - [TEST_STEP][PASSED] - Statement - reportgroupTxt = driver.findElement(org.openqa.selenium.By.xpath(reportgroup)).getText(): null

2018-06-18 14:16:11 - [TEST_STEP][PASSED] - Statement - If (reportgroupTxt == "AutomationGroup"): null

2018-06-18 14:16:11 - [TEST_STEP][PASSED] - Statement - println("Report group has right group name"): null

2018-06-18 14:16:11 - [TEST_STEP][PASSED] - Statement - reportgroup = "(//div[@class='ctable']/table/tbody/tr[@class='tdata clear'])[" + i + "]/td[7]": null

2018-06-18 14:16:11 - [TEST_STEP][PASSED] - Statement - reportgroupTxt = driver.findElement(org.openqa.selenium.By.xpath(reportgroup)).getText(): null

2018-06-18 14:16:11 - [TEST_STEP][PASSED] - Statement - If (reportgroupTxt == "AutomationGroup"): null

2018-06-18 14:16:11 - [TEST_STEP][PASSED] - Statement - println("Report group has right group name"): null

2018-06-18 14:16:11 - [TEST_STEP][PASSED] - Statement - reportgroup = "(//div[@class='ctable']/table/tbody/tr[@class='tdata clear'])[" + i + "]/td[7]": null

2018-06-18 14:16:11 - [TEST_STEP][PASSED] - Statement - reportgroupTxt = driver.findElement(org.openqa.selenium.By.xpath(reportgroup)).getText(): null

2018-06-18 14:16:11 - [TEST_STEP][PASSED] - Statement - If (reportgroupTxt == "AutomationGroup"): null

2018-06-18 14:16:11 - [TEST_STEP][PASSED] - Statement - println("Report group has right group name"): null

2018-06-18 14:16:11 - [TEST_STEP][PASSED] - Statement - reportgroup = "(//div[@class='ctable']/table/tbody/tr[@class='tdata clear'])[" + i + "]/td[7]": null

2018-06-18 14:16:11 - [TEST_STEP][PASSED] - Statement - reportgroupTxt = driver.findElement(org.openqa.selenium.By.xpath(reportgroup)).getText(): null

2018-06-18 14:16:11 - [TEST_STEP][PASSED] - Statement - If (reportgroupTxt == "AutomationGroup"): null

2018-06-18 14:16:11 - [TEST_STEP][PASSED] - Statement - println("Report group has right group name"): null

2018-06-18 14:16:11 - [TEST_STEP][PASSED] - Statement - reportgroup = "(//div[@class='ctable']/table/tbody/tr[@class='tdata clear'])[" + i + "]/td[7]": null

2018-06-18 14:16:11 - [TEST_STEP][PASSED] - Statement - reportgroupTxt = driver.findElement(org.openqa.selenium.By.xpath(reportgroup)).getText(): null

2018-06-18 14:16:11 - [TEST_STEP][PASSED] - Statement - If (reportgroupTxt == "AutomationGroup"): null

2018-06-18 14:16:11 - [TEST_STEP][PASSED] - Statement - println("Report group has right group name"): null

2018-06-18 14:16:11 - [TEST_STEP][PASSED] - Statement - reportgroup = "(//div[@class='ctable']/table/tbody/tr[@class='tdata clear'])[" + i + "]/td[7]": null

2018-06-18 14:16:11 - [TEST_STEP][PASSED] - Statement - reportgroupTxt = driver.findElement(org.openqa.selenium.By.xpath(reportgroup)).getText(): null

2018-06-18 14:16:12 - [TEST_STEP][PASSED] - Statement - If (reportgroupTxt == "AutomationGroup"): null

2018-06-18 14:16:12 - [TEST_STEP][PASSED] - Statement - println("Report group has right group name"): null

2018-06-18 14:16:12 - [TEST_STEP][PASSED] - Statement - reportgroup = "(//div[@class='ctable']/table/tbody/tr[@class='tdata clear'])[" + i + "]/td[7]": null

2018-06-18 14:16:12 - [TEST_STEP][PASSED] - Statement - reportgroupTxt = driver.findElement(org.openqa.selenium.By.xpath(reportgroup)).getText(): null

2018-06-18 14:16:12 - [TEST_STEP][PASSED] - Statement - If (reportgroupTxt == "AutomationGroup"): null

2018-06-18 14:16:12 - [TEST_STEP][PASSED] - Statement - println("Report group has right group name"): null

2018-06-18 14:16:12 - [TEST_STEP][PASSED] - Statement - reportgroup = "(//div[@class='ctable']/table/tbody/tr[@class='tdata clear'])[" + i + "]/td[7]": null

2018-06-18 14:16:12 - [TEST_STEP][PASSED] - Statement - reportgroupTxt = driver.findElement(org.openqa.selenium.By.xpath(reportgroup)).getText(): null

2018-06-18 14:16:12 - [TEST_STEP][PASSED] - Statement - If (reportgroupTxt == "AutomationGroup"): null

2018-06-18 14:16:12 - [TEST_STEP][PASSED] - Statement - Else: null

2018-06-18 14:16:12 - [TEST_STEP][PASSED] - Statement - If (!(TCflag)): null

2018-06-18 14:16:12 - [TEST_STEP][PASSED] - Statement - reportgroup = "(//div[@class='ctable']/table/tbody/tr[@class='tdata clear'])[" + i + "]/td[7]": null

2018-06-18 14:16:12 - [TEST_STEP][PASSED] - Statement - reportgroupTxt = driver.findElement(org.openqa.selenium.By.xpath(reportgroup)).getText(): null

2018-06-18 14:16:12 - [TEST_STEP][PASSED] - Statement - If (reportgroupTxt == "AutomationGroup"): null

2018-06-18 14:16:12 - [TEST_STEP][PASSED] - Statement - println("Report group has right group name"): null

2018-06-18 14:16:12 - [TEST_STEP][PASSED] - Statement - reportgroup = "(//div[@class='ctable']/table/tbody/tr[@class='tdata clear'])[" + i + "]/td[7]": null

2018-06-18 14:16:12 - [TEST_STEP][PASSED] - Statement - reportgroupTxt = driver.findElement(org.openqa.selenium.By.xpath(reportgroup)).getText(): null

2018-06-18 14:16:12 - [TEST_STEP][PASSED] - Statement - If (reportgroupTxt == "AutomationGroup"): null

2018-06-18 14:16:12 - [TEST_STEP][PASSED] - Statement - println("Report group has right group name"): null

2018-06-18 14:16:12 - [TEST_STEP][PASSED] - Statement - reportgroup = "(//div[@class='ctable']/table/tbody/tr[@class='tdata clear'])[" + i + "]/td[7]": null

2018-06-18 14:16:12 - [TEST_STEP][PASSED] - Statement - reportgroupTxt = driver.findElement(org.openqa.selenium.By.xpath(reportgroup)).getText(): null

2018-06-18 14:16:12 - [TEST_STEP][PASSED] - Statement - If (reportgroupTxt == "AutomationGroup"): null

2018-06-18 14:16:12 - [TEST_STEP][PASSED] - Statement - Else: null

2018-06-18 14:16:12 - [TEST_STEP][PASSED] - Statement - If (!(TCflag)): null

2018-06-18 14:16:12 - [TEST_STEP][PASSED] - Statement - reportgroup = "(//div[@class='ctable']/table/tbody/tr[@class='tdata clear'])[" + i + "]/td[7]": null

2018-06-18 14:16:12 - [TEST_STEP][PASSED] - Statement - reportgroupTxt = driver.findElement(org.openqa.selenium.By.xpath(reportgroup)).getText(): null

2018-06-18 14:16:12 - [TEST_STEP][PASSED] - Statement - If (reportgroupTxt == "AutomationGroup"): null

2018-06-18 14:16:12 - [TEST_STEP][PASSED] - Statement - println("Report group has right group name"): null

2018-06-18 14:16:12 - [TEST_STEP][PASSED] - Statement - reportgroup = "(//div[@class='ctable']/table/tbody/tr[@class='tdata clear'])[" + i + "]/td[7]": null

2018-06-18 14:16:12 - [TEST_STEP][PASSED] - Statement - reportgroupTxt = driver.findElement(org.openqa.selenium.By.xpath(reportgroup)).getText(): null

2018-06-18 14:16:12 - [TEST_STEP][PASSED] - Statement - If (reportgroupTxt == "AutomationGroup"): null

2018-06-18 14:16:12 - [TEST_STEP][PASSED] - Statement - println("Report group has right group name"): null

2018-06-18 14:16:12 - [TEST_STEP][PASSED] - Statement - reportgroup = "(//div[@class='ctable']/table/tbody/tr[@class='tdata clear'])[" + i + "]/td[7]": null

2018-06-18 14:16:12 - [TEST_STEP][PASSED] - Statement - reportgroupTxt = driver.findElement(org.openqa.selenium.By.xpath(reportgroup)).getText(): null

2018-06-18 14:16:12 - [TEST_STEP][PASSED] - Statement - If (reportgroupTxt == "AutomationGroup"): null

2018-06-18 14:16:12 - [TEST_STEP][PASSED] - Statement - println("Report group has right group name"): null

2018-06-18 14:16:12 - [TEST_STEP][PASSED] - Statement - reportgroup = "(//div[@class='ctable']/table/tbody/tr[@class='tdata clear'])[" + i + "]/td[7]": null

2018-06-18 14:16:12 - [TEST_STEP][PASSED] - Statement - reportgroupTxt = driver.findElement(org.openqa.selenium.By.xpath(reportgroup)).getText(): null

2018-06-18 14:16:12 - [TEST_STEP][PASSED] - Statement - If (reportgroupTxt == "AutomationGroup"): null

2018-06-18 14:16:12 - [TEST_STEP][PASSED] - Statement - println("Report group has right group name"): null

2018-06-18 14:16:12 - [TEST_STEP][PASSED] - Statement - reportgroup = "(//div[@class='ctable']/table/tbody/tr[@class='tdata clear'])[" + i + "]/td[7]": null

2018-06-18 14:16:12 - [TEST_STEP][PASSED] - Statement - reportgroupTxt = driver.findElement(org.openqa.selenium.By.xpath(reportgroup)).getText(): null

2018-06-18 14:16:12 - [TEST_STEP][PASSED] - Statement - If (reportgroupTxt == "AutomationGroup"): null

2018-06-18 14:16:12 - [TEST_STEP][PASSED] - Statement - println("Report group has right group name"): null

2018-06-18 14:16:12 - [TEST_STEP][PASSED] - Statement - reportgroup = "(//div[@class='ctable']/table/tbody/tr[@class='tdata clear'])[" + i + "]/td[7]": null

2018-06-18 14:16:12 - [TEST_STEP][PASSED] - Statement - reportgroupTxt = driver.findElement(org.openqa.selenium.By.xpath(reportgroup)).getText(): null

2018-06-18 14:16:12 - [TEST_STEP][PASSED] - Statement - If (reportgroupTxt == "AutomationGroup"): null

2018-06-18 14:16:12 - [TEST_STEP][PASSED] - Statement - println("Report group has right group name"): null

2018-06-18 14:16:12 - [TEST_STEP][PASSED] - Statement - reportgroup = "(//div[@class='ctable']/table/tbody/tr[@class='tdata clear'])[" + i + "]/td[7]": null

2018-06-18 14:16:12 - [TEST_STEP][PASSED] - Statement - reportgroupTxt = driver.findElement(org.openqa.selenium.By.xpath(reportgroup)).getText(): null

2018-06-18 14:16:12 - [TEST_STEP][PASSED] - Statement - If (reportgroupTxt == "AutomationGroup"): null

2018-06-18 14:16:12 - [TEST_STEP][PASSED] - Statement - println("Report group has right group name"): null

2018-06-18 14:16:12 - [TEST_STEP][PASSED] - Statement - reportgroup = "(//div[@class='ctable']/table/tbody/tr[@class='tdata clear'])[" + i + "]/td[7]": null

2018-06-18 14:16:12 - [TEST_STEP][PASSED] - Statement - reportgroupTxt = driver.findElement(org.openqa.selenium.By.xpath(reportgroup)).getText(): null

2018-06-18 14:16:12 - [TEST_STEP][PASSED] - Statement - If (reportgroupTxt == "AutomationGroup"): null

2018-06-18 14:16:12 - [TEST_STEP][PASSED] - Statement - println("Report group has right group name"): null

2018-06-18 14:16:12 - [TEST_STEP][PASSED] - Statement - reportgroup = "(//div[@class='ctable']/table/tbody/tr[@class='tdata clear'])[" + i + "]/td[7]": null

2018-06-18 14:16:12 - [TEST_STEP][PASSED] - Statement - reportgroupTxt = driver.findElement(org.openqa.selenium.By.xpath(reportgroup)).getText(): null

2018-06-18 14:16:12 - [TEST_STEP][PASSED] - Statement - If (reportgroupTxt == "AutomationGroup"): null

2018-06-18 14:16:12 - [TEST_STEP][PASSED] - Statement - println("Report group has right group name"): null

2018-06-18 14:16:12 - [TEST_STEP][PASSED] - Statement - reportgroup = "(//div[@class='ctable']/table/tbody/tr[@class='tdata clear'])[" + i + "]/td[7]": null

2018-06-18 14:16:12 - [TEST_STEP][PASSED] - Statement - reportgroupTxt = driver.findElement(org.openqa.selenium.By.xpath(reportgroup)).getText(): null

2018-06-18 14:16:12 - [TEST_STEP][PASSED] - Statement - If (reportgroupTxt == "AutomationGroup"): null

2018-06-18 14:16:12 - [TEST_STEP][PASSED] - Statement - println("Report group has right group name"): null

2018-06-18 14:16:12 - [TEST_STEP][PASSED] - Statement - reportgroup = "(//div[@class='ctable']/table/tbody/tr[@class='tdata clear'])[" + i + "]/td[7]": null

2018-06-18 14:16:12 - [TEST_STEP][PASSED] - Statement - reportgroupTxt = driver.findElement(org.openqa.selenium.By.xpath(reportgroup)).getText(): null

2018-06-18 14:16:12 - [TEST_STEP][PASSED] - Statement - If (reportgroupTxt == "AutomationGroup"): null

2018-06-18 14:16:12 - [TEST_STEP][PASSED] - Statement - println("Report group has right group name"): null

2018-06-18 14:16:12 - [TEST_STEP][PASSED] - Statement - reportgroup = "(//div[@class='ctable']/table/tbody/tr[@class='tdata clear'])[" + i + "]/td[7]": null

2018-06-18 14:16:12 - [TEST_STEP][PASSED] - Statement - reportgroupTxt = driver.findElement(org.openqa.selenium.By.xpath(reportgroup)).getText(): null

2018-06-18 14:16:12 - [TEST_STEP][PASSED] - Statement - If (reportgroupTxt == "AutomationGroup"): null

2018-06-18 14:16:12 - [TEST_STEP][PASSED] - Statement - println("Report group has right group name"): null

2018-06-18 14:16:12 - [TEST_STEP][PASSED] - Statement - reportgroup = "(//div[@class='ctable']/table/tbody/tr[@class='tdata clear'])[" + i + "]/td[7]": null

2018-06-18 14:16:12 - [TEST_STEP][PASSED] - Statement - reportgroupTxt = driver.findElement(org.openqa.selenium.By.xpath(reportgroup)).getText(): null

2018-06-18 14:16:12 - [TEST_STEP][PASSED] - Statement - If (reportgroupTxt == "AutomationGroup"): null

2018-06-18 14:16:12 - [TEST_STEP][PASSED] - Statement - println("Report group has right group name"): null

2018-06-18 14:16:12 - [TEST_STEP][PASSED] - Statement - reportgroup = "(//div[@class='ctable']/table/tbody/tr[@class='tdata clear'])[" + i + "]/td[7]": null

2018-06-18 14:16:12 - [TEST_STEP][PASSED] - Statement - reportgroupTxt = driver.findElement(org.openqa.selenium.By.xpath(reportgroup)).getText(): null

2018-06-18 14:16:12 - [TEST_STEP][PASSED] - Statement - If (reportgroupTxt == "AutomationGroup"): null

2018-06-18 14:16:12 - [TEST_STEP][PASSED] - Statement - println("Report group has right group name"): null

2018-06-18 14:16:12 - [TEST_STEP][PASSED] - Statement - reportgroup = "(//div[@class='ctable']/table/tbody/tr[@class='tdata clear'])[" + i + "]/td[7]": null

2018-06-18 14:16:12 - [TEST_STEP][PASSED] - Statement - reportgroupTxt = driver.findElement(org.openqa.selenium.By.xpath(reportgroup)).getText(): null

2018-06-18 14:16:12 - [TEST_STEP][PASSED] - Statement - If (reportgroupTxt == "AutomationGroup"): null

2018-06-18 14:16:12 - [TEST_STEP][PASSED] - Statement - Else: null

2018-06-18 14:16:12 - [TEST_STEP][PASSED] - Statement - If (!(TCflag)): null

2018-06-18 14:16:12 - [TEST_STEP][PASSED] - Statement - reportgroup = "(//div[@class='ctable']/table/tbody/tr[@class='tdata clear'])[" + i + "]/td[7]": null

2018-06-18 14:16:12 - [TEST_STEP][PASSED] - Statement - reportgroupTxt = driver.findElement(org.openqa.selenium.By.xpath(reportgroup)).getText(): null

2018-06-18 14:16:12 - [TEST_STEP][PASSED] - Statement - If (reportgroupTxt == "AutomationGroup"): null

2018-06-18 14:16:12 - [TEST_STEP][PASSED] - Statement - Else: null

2018-06-18 14:16:12 - [TEST_STEP][PASSED] - Statement - If (!(TCflag)): null

2018-06-18 14:16:12 - [TEST_STEP][PASSED] - Statement - reportgroup = "(//div[@class='ctable']/table/tbody/tr[@class='tdata clear'])[" + i + "]/td[7]": null

2018-06-18 14:16:12 - [TEST_STEP][PASSED] - Statement - reportgroupTxt = driver.findElement(org.openqa.selenium.By.xpath(reportgroup)).getText(): null

2018-06-18 14:16:12 - [TEST_STEP][PASSED] - Statement - If (reportgroupTxt == "AutomationGroup"): null

2018-06-18 14:16:12 - [TEST_STEP][PASSED] - Statement - println("Report group has right group name"): null

2018-06-18 14:16:12 - [TEST_STEP][PASSED] - Statement - reportgroup = "(//div[@class='ctable']/table/tbody/tr[@class='tdata clear'])[" + i + "]/td[7]": null

2018-06-18 14:16:12 - [TEST_STEP][PASSED] - Statement - reportgroupTxt = driver.findElement(org.openqa.selenium.By.xpath(reportgroup)).getText(): null

2018-06-18 14:16:12 - [TEST_STEP][PASSED] - Statement - If (reportgroupTxt == "AutomationGroup"): null

2018-06-18 14:16:12 - [TEST_STEP][PASSED] - Statement - println("Report group has right group name"): null

2018-06-18 14:16:12 - [TEST_STEP][PASSED] - Statement - reportgroup = "(//div[@class='ctable']/table/tbody/tr[@class='tdata clear'])[" + i + "]/td[7]": null

2018-06-18 14:16:12 - [TEST_STEP][PASSED] - Statement - reportgroupTxt = driver.findElement(org.openqa.selenium.By.xpath(reportgroup)).getText(): null

2018-06-18 14:16:12 - [TEST_STEP][PASSED] - Statement - If (reportgroupTxt == "AutomationGroup"): null

2018-06-18 14:16:12 - [TEST_STEP][PASSED] - Statement - println("Report group has right group name"): null

2018-06-18 14:16:12 - [TEST_STEP][PASSED] - Statement - reportgroup = "(//div[@class='ctable']/table/tbody/tr[@class='tdata clear'])[" + i + "]/td[7]": null

2018-06-18 14:16:12 - [TEST_STEP][PASSED] - Statement - reportgroupTxt = driver.findElement(org.openqa.selenium.By.xpath(reportgroup)).getText(): null

2018-06-18 14:16:12 - [TEST_STEP][PASSED] - Statement - If (reportgroupTxt == "AutomationGroup"): null

2018-06-18 14:16:12 - [TEST_STEP][PASSED] - Statement - println("Report group has right group name"): null

2018-06-18 14:16:12 - [TEST_STEP][PASSED] - Statement - reportgroup = "(//div[@class='ctable']/table/tbody/tr[@class='tdata clear'])[" + i + "]/td[7]": null

2018-06-18 14:16:12 - [TEST_STEP][PASSED] - Statement - reportgroupTxt = driver.findElement(org.openqa.selenium.By.xpath(reportgroup)).getText(): null

2018-06-18 14:16:12 - [TEST_STEP][PASSED] - Statement - If (reportgroupTxt == "AutomationGroup"): null

2018-06-18 14:16:12 - [TEST_STEP][PASSED] - Statement - println("Report group has right group name"): null

2018-06-18 14:16:12 - [TEST_STEP][PASSED] - Statement - reportgroup = "(//div[@class='ctable']/table/tbody/tr[@class='tdata clear'])[" + i + "]/td[7]": null

2018-06-18 14:16:12 - [TEST_STEP][PASSED] - Statement - reportgroupTxt = driver.findElement(org.openqa.selenium.By.xpath(reportgroup)).getText(): null

2018-06-18 14:16:12 - [TEST_STEP][PASSED] - Statement - If (reportgroupTxt == "AutomationGroup"): null

2018-06-18 14:16:12 - [TEST_STEP][PASSED] - Statement - println("Report group has right group name"): null

2018-06-18 14:16:12 - [TEST_STEP][PASSED] - Statement - reportgroup = "(//div[@class='ctable']/table/tbody/tr[@class='tdata clear'])[" + i + "]/td[7]": null

2018-06-18 14:16:12 - [TEST_STEP][PASSED] - Statement - reportgroupTxt = driver.findElement(org.openqa.selenium.By.xpath(reportgroup)).getText(): null

2018-06-18 14:16:12 - [TEST_STEP][PASSED] - Statement - If (reportgroupTxt == "AutomationGroup"): null

2018-06-18 14:16:12 - [TEST_STEP][PASSED] - Statement - Else: null

2018-06-18 14:16:12 - [TEST_STEP][PASSED] - Statement - If (!(TCflag)): null

2018-06-18 14:16:12 - [TEST_STEP][PASSED] - Statement - reportgroup = "(//div[@class='ctable']/table/tbody/tr[@class='tdata clear'])[" + i + "]/td[7]": null

2018-06-18 14:16:12 - [TEST_STEP][PASSED] - Statement - reportgroupTxt = driver.findElement(org.openqa.selenium.By.xpath(reportgroup)).getText(): null

2018-06-18 14:16:12 - [TEST_STEP][PASSED] - Statement - If (reportgroupTxt == "AutomationGroup"): null

2018-06-18 14:16:12 - [TEST_STEP][PASSED] - Statement - println("Report group has right group name"): null

2018-06-18 14:16:12 - [TEST_STEP][PASSED] - Statement - reportgroup = "(//div[@class='ctable']/table/tbody/tr[@class='tdata clear'])[" + i + "]/td[7]": null

2018-06-18 14:16:12 - [TEST_STEP][PASSED] - Statement - reportgroupTxt = driver.findElement(org.openqa.selenium.By.xpath(reportgroup)).getText(): null

2018-06-18 14:16:12 - [TEST_STEP][PASSED] - Statement - If (reportgroupTxt == "AutomationGroup"): null

2018-06-18 14:16:12 - [TEST_STEP][PASSED] - Statement - println("Report group has right group name"): null

2018-06-18 14:16:12 - [TEST_STEP][PASSED] - Statement - reportgroup = "(//div[@class='ctable']/table/tbody/tr[@class='tdata clear'])[" + i + "]/td[7]": null

2018-06-18 14:16:12 - [TEST_STEP][PASSED] - Statement - reportgroupTxt = driver.findElement(org.openqa.selenium.By.xpath(reportgroup)).getText(): null

2018-06-18 14:16:12 - [TEST_STEP][PASSED] - Statement - If (reportgroupTxt == "AutomationGroup"): null

2018-06-18 14:16:12 - [TEST_STEP][PASSED] - Statement - println("Report group has right group name"): null

2018-06-18 14:16:12 - [TEST_STEP][PASSED] - Statement - reportgroup = "(//div[@class='ctable']/table/tbody/tr[@class='tdata clear'])[" + i + "]/td[7]": null

2018-06-18 14:16:12 - [TEST_STEP][PASSED] - Statement - reportgroupTxt = driver.findElement(org.openqa.selenium.By.xpath(reportgroup)).getText(): null

2018-06-18 14:16:12 - [TEST_STEP][PASSED] - Statement - If (reportgroupTxt == "AutomationGroup"): null

2018-06-18 14:16:12 - [TEST_STEP][PASSED] - Statement - Else: null

2018-06-18 14:16:12 - [TEST_STEP][PASSED] - Statement - If (!(TCflag)): null

2018-06-18 14:16:12 - [TEST_STEP][PASSED] - Statement - reportgroup = "(//div[@class='ctable']/table/tbody/tr[@class='tdata clear'])[" + i + "]/td[7]": null

2018-06-18 14:16:12 - [TEST_STEP][PASSED] - Statement - reportgroupTxt = driver.findElement(org.openqa.selenium.By.xpath(reportgroup)).getText(): null

2018-06-18 14:16:12 - [TEST_STEP][PASSED] - Statement - If (reportgroupTxt == "AutomationGroup"): null

2018-06-18 14:16:12 - [TEST_STEP][PASSED] - Statement - println("Report group has right group name"): null

2018-06-18 14:16:12 - [TEST_STEP][PASSED] - Statement - reportgroup = "(//div[@class='ctable']/table/tbody/tr[@class='tdata clear'])[" + i + "]/td[7]": null

2018-06-18 14:16:12 - [TEST_STEP][PASSED] - Statement - reportgroupTxt = driver.findElement(org.openqa.selenium.By.xpath(reportgroup)).getText(): null

2018-06-18 14:16:12 - [TEST_STEP][PASSED] - Statement - If (reportgroupTxt == "AutomationGroup"): null

2018-06-18 14:16:12 - [TEST_STEP][PASSED] - Statement - println("Report group has right group name"): null

2018-06-18 14:16:12 - [TEST_STEP][PASSED] - Statement - reportgroup = "(//div[@class='ctable']/table/tbody/tr[@class='tdata clear'])[" + i + "]/td[7]": null

2018-06-18 14:16:12 - [TEST_STEP][PASSED] - Statement - reportgroupTxt = driver.findElement(org.openqa.selenium.By.xpath(reportgroup)).getText(): null

2018-06-18 14:16:13 - [TEST_STEP][PASSED] - Statement - If (reportgroupTxt == "AutomationGroup"): null

2018-06-18 14:16:13 - [TEST_STEP][PASSED] - Statement - println("Report group has right group name"): null

2018-06-18 14:16:13 - [TEST_STEP][PASSED] - Statement - reportgroup = "(//div[@class='ctable']/table/tbody/tr[@class='tdata clear'])[" + i + "]/td[7]": null

2018-06-18 14:16:13 - [TEST_STEP][PASSED] - Statement - reportgroupTxt = driver.findElement(org.openqa.selenium.By.xpath(reportgroup)).getText(): null

2018-06-18 14:16:13 - [TEST_STEP][PASSED] - Statement - If (reportgroupTxt == "AutomationGroup"): null

2018-06-18 14:16:13 - [TEST_STEP][PASSED] - Statement - println("Report group has right group name"): null

2018-06-18 14:16:13 - [TEST_STEP][PASSED] - Statement - reportgroup = "(//div[@class='ctable']/table/tbody/tr[@class='tdata clear'])[" + i + "]/td[7]": null

2018-06-18 14:16:13 - [TEST_STEP][PASSED] - Statement - reportgroupTxt = driver.findElement(org.openqa.selenium.By.xpath(reportgroup)).getText(): null

2018-06-18 14:16:13 - [TEST_STEP][PASSED] - Statement - If (reportgroupTxt == "AutomationGroup"): null

2018-06-18 14:16:13 - [TEST_STEP][PASSED] - Statement - println("Report group has right group name"): null

2018-06-18 14:16:13 - [TEST_STEP][PASSED] - Statement - reportgroup = "(//div[@class='ctable']/table/tbody/tr[@class='tdata clear'])[" + i + "]/td[7]": null

2018-06-18 14:16:13 - [TEST_STEP][PASSED] - Statement - reportgroupTxt = driver.findElement(org.openqa.selenium.By.xpath(reportgroup)).getText(): null

2018-06-18 14:16:13 - [TEST_STEP][PASSED] - Statement - If (reportgroupTxt == "AutomationGroup"): null

2018-06-18 14:16:13 - [TEST_STEP][PASSED] - Statement - Else: null

2018-06-18 14:16:13 - [TEST_STEP][PASSED] - Statement - If (!(TCflag)): null

2018-06-18 14:16:13 - [TEST_STEP][PASSED] - Statement - reportgroup = "(//div[@class='ctable']/table/tbody/tr[@class='tdata clear'])[" + i + "]/td[7]": null

2018-06-18 14:16:13 - [TEST_STEP][PASSED] - Statement - reportgroupTxt = driver.findElement(org.openqa.selenium.By.xpath(reportgroup)).getText(): null

2018-06-18 14:16:13 - [TEST_STEP][PASSED] - Statement - If (reportgroupTxt == "AutomationGroup"): null

2018-06-18 14:16:13 - [TEST_STEP][PASSED] - Statement - println("Report group has right group name"): null

2018-06-18 14:16:13 - [TEST_STEP][PASSED] - Statement - reportgroup = "(//div[@class='ctable']/table/tbody/tr[@class='tdata clear'])[" + i + "]/td[7]": null

2018-06-18 14:16:13 - [TEST_STEP][PASSED] - Statement - reportgroupTxt = driver.findElement(org.openqa.selenium.By.xpath(reportgroup)).getText(): null

2018-06-18 14:16:13 - [TEST_STEP][PASSED] - Statement - If (reportgroupTxt == "AutomationGroup"): null

2018-06-18 14:16:13 - [TEST_STEP][PASSED] - Statement - println("Report group has right group name"): null

2018-06-18 14:16:13 - [TEST_STEP][PASSED] - Statement - reportgroup = "(//div[@class='ctable']/table/tbody/tr[@class='tdata clear'])[" + i + "]/td[7]": null

2018-06-18 14:16:13 - [TEST_STEP][PASSED] - Statement - reportgroupTxt = driver.findElement(org.openqa.selenium.By.xpath(reportgroup)).getText(): null

2018-06-18 14:16:13 - [TEST_STEP][PASSED] - Statement - If (reportgroupTxt == "AutomationGroup"): null

2018-06-18 14:16:13 - [TEST_STEP][PASSED] - Statement - println("Report group has right group name"): null

2018-06-18 14:16:13 - [TEST_STEP][PASSED] - Statement - reportgroup = "(//div[@class='ctable']/table/tbody/tr[@class='tdata clear'])[" + i + "]/td[7]": null

2018-06-18 14:16:13 - [TEST_STEP][PASSED] - Statement - reportgroupTxt = driver.findElement(org.openqa.selenium.By.xpath(reportgroup)).getText(): null

2018-06-18 14:16:13 - [TEST_STEP][PASSED] - Statement - If (reportgroupTxt == "AutomationGroup"): null

2018-06-18 14:16:13 - [TEST_STEP][PASSED] - Statement - println("Report group has right group name"): null

2018-06-18 14:16:13 - [TEST_STEP][PASSED] - Statement - reportgroup = "(//div[@class='ctable']/table/tbody/tr[@class='tdata clear'])[" + i + "]/td[7]": null

2018-06-18 14:16:13 - [TEST_STEP][PASSED] - Statement - reportgroupTxt = driver.findElement(org.openqa.selenium.By.xpath(reportgroup)).getText(): null

2018-06-18 14:16:13 - [TEST_STEP][PASSED] - Statement - If (reportgroupTxt == "AutomationGroup"): null

2018-06-18 14:16:13 - [TEST_STEP][PASSED] - Statement - println("Report group has right group name"): null

2018-06-18 14:16:13 - [TEST_STEP][PASSED] - Statement - reportgroup = "(//div[@class='ctable']/table/tbody/tr[@class='tdata clear'])[" + i + "]/td[7]": null

2018-06-18 14:16:13 - [TEST_STEP][PASSED] - Statement - reportgroupTxt = driver.findElement(org.openqa.selenium.By.xpath(reportgroup)).getText(): null

2018-06-18 14:16:13 - [TEST_STEP][PASSED] - Statement - If (reportgroupTxt == "AutomationGroup"): null

2018-06-18 14:16:13 - [TEST_STEP][PASSED] - Statement - println("Report group has right group name"): null

2018-06-18 14:16:13 - [TEST_STEP][PASSED] - Statement - reportgroup = "(//div[@class='ctable']/table/tbody/tr[@class='tdata clear'])[" + i + "]/td[7]": null

2018-06-18 14:16:13 - [TEST_STEP][PASSED] - Statement - reportgroupTxt = driver.findElement(org.openqa.selenium.By.xpath(reportgroup)).getText(): null

2018-06-18 14:16:13 - [TEST_STEP][PASSED] - Statement - If (reportgroupTxt == "AutomationGroup"): null

2018-06-18 14:16:13 - [TEST_STEP][PASSED] - Statement - println("Report group has right group name"): null

2018-06-18 14:16:13 - [TEST_STEP][PASSED] - Statement - reportgroup = "(//div[@class='ctable']/table/tbody/tr[@class='tdata clear'])[" + i + "]/td[7]": null

2018-06-18 14:16:13 - [TEST_STEP][PASSED] - Statement - reportgroupTxt = driver.findElement(org.openqa.selenium.By.xpath(reportgroup)).getText(): null

2018-06-18 14:16:13 - [TEST_STEP][PASSED] - Statement - If (reportgroupTxt == "AutomationGroup"): null

2018-06-18 14:16:13 - [TEST_STEP][PASSED] - Statement - println("Report group has right group name"): null

2018-06-18 14:16:13 - [TEST_STEP][PASSED] - Statement - reportgroup = "(//div[@class='ctable']/table/tbody/tr[@class='tdata clear'])[" + i + "]/td[7]": null

2018-06-18 14:16:13 - [TEST_STEP][PASSED] - Statement - reportgroupTxt = driver.findElement(org.openqa.selenium.By.xpath(reportgroup)).getText(): null

2018-06-18 14:16:13 - [TEST_STEP][PASSED] - Statement - If (reportgroupTxt == "AutomationGroup"): null

2018-06-18 14:16:13 - [TEST_STEP][PASSED] - Statement - println("Report group has right group name"): null

2018-06-18 14:16:13 - [TEST_STEP][PASSED] - Statement - reportgroup = "(//div[@class='ctable']/table/tbody/tr[@class='tdata clear'])[" + i + "]/td[7]": null

2018-06-18 14:16:13 - [TEST_STEP][PASSED] - Statement - reportgroupTxt = driver.findElement(org.openqa.selenium.By.xpath(reportgroup)).getText(): null

2018-06-18 14:16:13 - [TEST_STEP][PASSED] - Statement - If (reportgroupTxt == "AutomationGroup"): null

2018-06-18 14:16:13 - [TEST_STEP][PASSED] - Statement - println("Report group has right group name"): null

2018-06-18 14:16:13 - [TEST_STEP][PASSED] - Statement - reportgroup = "(//div[@class='ctable']/table/tbody/tr[@class='tdata clear'])[" + i + "]/td[7]": null

2018-06-18 14:16:13 - [TEST_STEP][PASSED] - Statement - reportgroupTxt = driver.findElement(org.openqa.selenium.By.xpath(reportgroup)).getText(): null

2018-06-18 14:16:13 - [TEST_STEP][PASSED] - Statement - If (reportgroupTxt == "AutomationGroup"): null

2018-06-18 14:16:13 - [TEST_STEP][PASSED] - Statement - Else: null

2018-06-18 14:16:13 - [TEST_STEP][PASSED] - Statement - If (!(TCflag)): null

2018-06-18 14:16:13 - [TEST_STEP][PASSED] - Statement - reportgroup = "(//div[@class='ctable']/table/tbody/tr[@class='tdata clear'])[" + i + "]/td[7]": null

2018-06-18 14:16:13 - [TEST_STEP][PASSED] - Statement - reportgroupTxt = driver.findElement(org.openqa.selenium.By.xpath(reportgroup)).getText(): null

2018-06-18 14:16:13 - [TEST_STEP][PASSED] - Statement - If (reportgroupTxt == "AutomationGroup"): null

2018-06-18 14:16:13 - [TEST_STEP][PASSED] - Statement - Else: null

2018-06-18 14:16:13 - [TEST_STEP][PASSED] - Statement - If (!(TCflag)): null

2018-06-18 14:16:13 - [TEST_STEP][PASSED] - Statement - reportgroup = "(//div[@class='ctable']/table/tbody/tr[@class='tdata clear'])[" + i + "]/td[7]": null

2018-06-18 14:16:13 - [TEST_STEP][PASSED] - Statement - reportgroupTxt = driver.findElement(org.openqa.selenium.By.xpath(reportgroup)).getText(): null

2018-06-18 14:16:13 - [TEST_STEP][PASSED] - Statement - If (reportgroupTxt == "AutomationGroup"): null

2018-06-18 14:16:13 - [TEST_STEP][PASSED] - Statement - Else: null

2018-06-18 14:16:13 - [TEST_STEP][PASSED] - Statement - If (!(TCflag)): null

2018-06-18 14:16:13 - [TEST_STEP][PASSED] - Statement - reportgroup = "(//div[@class='ctable']/table/tbody/tr[@class='tdata clear'])[" + i + "]/td[7]": null

2018-06-18 14:16:13 - [TEST_STEP][PASSED] - Statement - reportgroupTxt = driver.findElement(org.openqa.selenium.By.xpath(reportgroup)).getText(): null

2018-06-18 14:16:13 - [TEST_STEP][PASSED] - Statement - If (reportgroupTxt == "AutomationGroup"): null

2018-06-18 14:16:13 - [TEST_STEP][PASSED] - Statement - println("Report group has right group name"): null

2018-06-18 14:16:13 - [TEST_STEP][PASSED] - Statement - reportgroup = "(//div[@class='ctable']/table/tbody/tr[@class='tdata clear'])[" + i + "]/td[7]": null

2018-06-18 14:16:13 - [TEST_STEP][PASSED] - Statement - reportgroupTxt = driver.findElement(org.openqa.selenium.By.xpath(reportgroup)).getText(): null

2018-06-18 14:16:13 - [TEST_STEP][PASSED] - Statement - If (reportgroupTxt == "AutomationGroup"): null

2018-06-18 14:16:13 - [TEST_STEP][PASSED] - Statement - println("Report group has right group name"): null

2018-06-18 14:16:13 - [TEST_STEP][PASSED] - Statement - reportgroup = "(//div[@class='ctable']/table/tbody/tr[@class='tdata clear'])[" + i + "]/td[7]": null

2018-06-18 14:16:13 - [TEST_STEP][PASSED] - Statement - reportgroupTxt = driver.findElement(org.openqa.selenium.By.xpath(reportgroup)).getText(): null

2018-06-18 14:16:13 - [TEST_STEP][PASSED] - Statement - If (reportgroupTxt == "AutomationGroup"): null

2018-06-18 14:16:13 - [TEST_STEP][PASSED] - Statement - println("Report group has right group name"): null

2018-06-18 14:16:13 - [TEST_STEP][PASSED] - Statement - reportgroup = "(//div[@class='ctable']/table/tbody/tr[@class='tdata clear'])[" + i + "]/td[7]": null

2018-06-18 14:16:13 - [TEST_STEP][PASSED] - Statement - reportgroupTxt = driver.findElement(org.openqa.selenium.By.xpath(reportgroup)).getText(): null

2018-06-18 14:16:13 - [TEST_STEP][PASSED] - Statement - If (reportgroupTxt == "AutomationGroup"): null

2018-06-18 14:16:13 - [TEST_STEP][PASSED] - Statement - println("Report group has right group name"): null

2018-06-18 14:16:13 - [TEST_STEP][PASSED] - Statement - reportgroup = "(//div[@class='ctable']/table/tbody/tr[@class='tdata clear'])[" + i + "]/td[7]": null

2018-06-18 14:16:13 - [TEST_STEP][PASSED] - Statement - reportgroupTxt = driver.findElement(org.openqa.selenium.By.xpath(reportgroup)).getText(): null

2018-06-18 14:16:13 - [TEST_STEP][PASSED] - Statement - If (reportgroupTxt == "AutomationGroup"): null

2018-06-18 14:16:13 - [TEST_STEP][PASSED] - Statement - println("Report group has right group name"): null

2018-06-18 14:16:13 - [TEST_STEP][PASSED] - Statement - reportgroup = "(//div[@class='ctable']/table/tbody/tr[@class='tdata clear'])[" + i + "]/td[7]": null

2018-06-18 14:16:13 - [TEST_STEP][PASSED] - Statement - reportgroupTxt = driver.findElement(org.openqa.selenium.By.xpath(reportgroup)).getText(): null

2018-06-18 14:16:13 - [TEST_STEP][PASSED] - Statement - If (reportgroupTxt == "AutomationGroup"): null

2018-06-18 14:16:13 - [TEST_STEP][PASSED] - Statement - println("Report group has right group name"): null

2018-06-18 14:16:13 - [TEST_STEP][PASSED] - Statement - reportgroup = "(//div[@class='ctable']/table/tbody/tr[@class='tdata clear'])[" + i + "]/td[7]": null

2018-06-18 14:16:13 - [TEST_STEP][PASSED] - Statement - reportgroupTxt = driver.findElement(org.openqa.selenium.By.xpath(reportgroup)).getText(): null

2018-06-18 14:16:13 - [TEST_STEP][PASSED] - Statement - If (reportgroupTxt == "AutomationGroup"): null

2018-06-18 14:16:13 - [TEST_STEP][PASSED] - Statement - println("Report group has right group name"): null

2018-06-18 14:16:13 - [TEST_STEP][PASSED] - Statement - reportgroup = "(//div[@class='ctable']/table/tbody/tr[@class='tdata clear'])[" + i + "]/td[7]": null

2018-06-18 14:16:13 - [TEST_STEP][PASSED] - Statement - reportgroupTxt = driver.findElement(org.openqa.selenium.By.xpath(reportgroup)).getText(): null

2018-06-18 14:16:13 - [TEST_STEP][PASSED] - Statement - If (reportgroupTxt == "AutomationGroup"): null

2018-06-18 14:16:13 - [TEST_STEP][PASSED] - Statement - println("Report group has right group name"): null

2018-06-18 14:16:13 - [TEST_STEP][PASSED] - Statement - reportgroup = "(//div[@class='ctable']/table/tbody/tr[@class='tdata clear'])[" + i + "]/td[7]": null

2018-06-18 14:16:13 - [TEST_STEP][PASSED] - Statement - reportgroupTxt = driver.findElement(org.openqa.selenium.By.xpath(reportgroup)).getText(): null

2018-06-18 14:16:13 - [TEST_STEP][PASSED] - Statement - If (reportgroupTxt == "AutomationGroup"): null

2018-06-18 14:16:13 - [TEST_STEP][PASSED] - Statement - println("Report group has right group name"): null

2018-06-18 14:16:13 - [TEST_STEP][PASSED] - Statement - reportgroup = "(//div[@class='ctable']/table/tbody/tr[@class='tdata clear'])[" + i + "]/td[7]": null

2018-06-18 14:16:13 - [TEST_STEP][PASSED] - Statement - reportgroupTxt = driver.findElement(org.openqa.selenium.By.xpath(reportgroup)).getText(): null

2018-06-18 14:16:13 - [TEST_STEP][PASSED] - Statement - If (reportgroupTxt == "AutomationGroup"): null

2018-06-18 14:16:13 - [TEST_STEP][PASSED] - Statement - println("Report group has right group name"): null

2018-06-18 14:16:13 - [TEST_STEP][PASSED] - Statement - reportgroup = "(//div[@class='ctable']/table/tbody/tr[@class='tdata clear'])[" + i + "]/td[7]": null

2018-06-18 14:16:13 - [TEST_STEP][PASSED] - Statement - reportgroupTxt = driver.findElement(org.openqa.selenium.By.xpath(reportgroup)).getText(): null

2018-06-18 14:16:13 - [TEST_STEP][PASSED] - Statement - If (reportgroupTxt == "AutomationGroup"): null

2018-06-18 14:16:13 - [TEST_STEP][PASSED] - Statement - println("Report group has right group name"): null

2018-06-18 14:16:13 - [TEST_STEP][PASSED] - uiaction.CommonUIActions.click: uiaction.CommonUIActions.click is PASSED

2018-06-18 14:16:14 - [MESSAGE][PASSED] - uiaction.CommonUIActions.click is PASSED

2018-06-18 14:16:14 - [TEST_STEP][PASSED] - uiaction.CommonUIActions.click: uiaction.CommonUIActions.click is PASSED

2018-06-18 14:16:15 - [MESSAGE][PASSED] - uiaction.CommonUIActions.click is PASSED

2018-06-18 14:16:15 - [TEST_STEP][PASSED] - uiaction.CommonUIActions.click: uiaction.CommonUIActions.click is PASSED

2018-06-18 14:16:15 - [MESSAGE][PASSED] - uiaction.CommonUIActions.click is PASSED

2018-06-18 14:16:15 - [TEST_STEP][PASSED] - delay: Delayed 10 second(s)

2018-06-18 14:16:25 - [MESSAGE][PASSED] - Delayed 10 second(s)

2018-06-18 14:16:25 - [TEST_STEP][PASSED] - uiaction.CommonUIActions.click: uiaction.CommonUIActions.click is PASSED

2018-06-18 14:16:25 - [MESSAGE][PASSED] - uiaction.CommonUIActions.click is PASSED

2018-06-18 14:16:25 - [TEST_STEP][PASSED] - uiaction.CommonUIActions.click: uiaction.CommonUIActions.click is PASSED

2018-06-18 14:16:25 - [MESSAGE][PASSED] - uiaction.CommonUIActions.click is PASSED

2018-06-18 14:16:25 - [TEST_STEP][PASSED] - uiaction.CommonUIActions.click: uiaction.CommonUIActions.click is PASSED

2018-06-18 14:16:25 - [MESSAGE][PASSED] - uiaction.CommonUIActions.click is PASSED

2018-06-18 14:16:25 - [TEST_STEP][PASSED] - delay: Delayed 10 second(s)

2018-06-18 14:16:35 - [MESSAGE][PASSED] - Delayed 10 second(s)

2018-06-18 14:16:35 - [TEST_STEP][PASSED] - uiaction.CommonUIActions.back: uiaction.CommonUIActions.back is PASSED

2018-06-18 14:16:35 - [MESSAGE][PASSED] - Navigate back successfully

2018-06-18 14:16:35 - [MESSAGE][PASSED] - uiaction.CommonUIActions.back is PASSED

2018-06-18 14:16:35 - [TEST_STEP][PASSED] - delay: Delayed 5 second(s)

2018-06-18 14:16:40 - [MESSAGE][PASSED] - Delayed 5 second(s)

2018-06-18 14:16:40 - [TEST_STEP][PASSED] - uiaction.CommonUIActions.back: uiaction.CommonUIActions.back is PASSED

2018-06-18 14:16:40 - [MESSAGE][PASSED] - Navigate back successfully

2018-06-18 14:16:40 - [MESSAGE][PASSED] - uiaction.CommonUIActions.back is PASSED

2018-06-18 14:16:40 - [TEST_STEP][PASSED] - uiaction.CommonUIActions.click: uiaction.CommonUIActions.click is PASSED

2018-06-18 14:16:41 - [MESSAGE][PASSED] - uiaction.CommonUIActions.click is PASSED

2018-06-18 14:16:41 - [TEST_STEP][PASSED] - uiaction.CommonUIActions.click: uiaction.CommonUIActions.click is PASSED

2018-06-18 14:16:41 - [MESSAGE][PASSED] - uiaction.CommonUIActions.click is PASSED

2018-06-18 14:16:41 - [TEST_STEP][PASSED] - uiaction.CommonUIActions.click: uiaction.CommonUIActions.click is PASSED

2018-06-18 14:16:41 - [MESSAGE][PASSED] - uiaction.CommonUIActions.click is PASSED

2018-06-18 14:16:41 - [TEST_STEP][PASSED] - uiaction.CommonUIActions.click: uiaction.CommonUIActions.click is PASSED

2018-06-18 14:16:45 - [MESSAGE][PASSED] - uiaction.CommonUIActions.click is PASSED

2018-06-18 14:16:45 - [TEST_STEP][PASSED] - Statement - assert TCflag == true: null

2018-06-18 14:16:45 - [TEST_STEP][PASSED] - Start listener action : sampleAfterTestCase: Browser is closed

2018-06-18 14:16:45 - [TEST_STEP][PASSED] - Statement - println(testCaseContext.getTestCaseId()): null

2018-06-18 14:16:45 - [TEST_STEP][PASSED] - Statement - println(testCaseContext.getTestCaseStatus()): null

2018-06-18 14:16:45 - [TEST_STEP][PASSED] - closeBrowser: Browser is closed

2018-06-18 14:16:46 - [MESSAGE][PASSED] - Browser is closed]]></system-out>
         <system-err><![CDATA[]]></system-err>
      </testcase>
      <testcase name="Test Cases/CreateGroupTC/HME-ReportingGroupManagement-03" classname="Test Cases/CreateGroupTC/HME-ReportingGroupManagement-03" status="PASSED">
         <system-out><![CDATA[2018-06-18 14:16:46 - [TEST_CASE][PASSED] - Test Cases/CreateGroupTC/HME-ReportingGroupManagement-03: Browser is closed

2018-06-18 14:16:46 - [TEST_STEP][PASSED] - Start listener action : sampleBeforeTestCase: uiaction.CommonUIActions.deleteAllCookies is PASSED

2018-06-18 14:16:46 - [TEST_STEP][PASSED] - openBrowser: Browser is opened with url: ''

2018-06-18 14:16:48 - [MESSAGE][PASSED] - Browser is opened with url: ''

2018-06-18 14:16:48 - [TEST_STEP][PASSED] - maximizeWindow: Current window maximized

2018-06-18 14:16:49 - [MESSAGE][PASSED] - Current window maximized

2018-06-18 14:16:49 - [TEST_STEP][PASSED] - uiaction.CommonUIActions.deleteAllCookies: uiaction.CommonUIActions.deleteAllCookies is PASSED

2018-06-18 14:16:49 - [MESSAGE][PASSED] - Delete all cookies successfully

2018-06-18 14:16:49 - [MESSAGE][PASSED] - uiaction.CommonUIActions.deleteAllCookies is PASSED

2018-06-18 14:16:49 - [TEST_STEP][PASSED] - Statement - TCflag = true: null

2018-06-18 14:16:49 - [TEST_STEP][PASSED] - Statement - Try: uiaction.CommonUIActions.click is PASSED

2018-06-18 14:16:49 - [TEST_STEP][PASSED] - navigateToUrl: Navigate to 'https://hme-dev-public-cloud-app.azurewebsites.net/' successfully

2018-06-18 14:16:52 - [MESSAGE][PASSED] - Navigate to 'https://hme-dev-public-cloud-app.azurewebsites.net/' successfully

2018-06-18 14:16:52 - [TEST_STEP][PASSED] - delay: Delayed 15 second(s)

2018-06-18 14:17:07 - [MESSAGE][PASSED] - Delayed 15 second(s)

2018-06-18 14:17:07 - [TEST_STEP][PASSED] - delay: Delayed 15 second(s)

2018-06-18 14:17:22 - [MESSAGE][PASSED] - Delayed 15 second(s)

2018-06-18 14:17:22 - [TEST_STEP][PASSED] - Statement - driver = com.kms.katalon.core.webui.driver.DriverFactory.getWebDriver(): null

2018-06-18 14:17:22 - [TEST_STEP][PASSED] - projectSpecific.Reusability.login: projectSpecific.Reusability.login is PASSED

2018-06-18 14:17:22 - [MESSAGE][PASSED] - projectSpecific.Reusability.getTestData is PASSED

2018-06-18 14:17:22 - [MESSAGE][PASSED] - projectSpecific.Reusability.getTestData is PASSED

2018-06-18 14:17:22 - [MESSAGE][PASSED] - Text 'selvendrank@nousinfo.com' is set on object 'Object Repository/LoginPage/Username'

2018-06-18 14:17:22 - [MESSAGE][PASSED] - Text 'nous;123' is set on object 'Object Repository/LoginPage/Password'

2018-06-18 14:17:22 - [MESSAGE][PASSED] - Object: 'Object Repository/LoginPage/Login' is clicked on

2018-06-18 14:17:22 - [MESSAGE][PASSED] - projectSpecific.Reusability.login is PASSED

2018-06-18 14:17:22 - [TEST_STEP][PASSED] - uiaction.CommonUIActions.click: uiaction.CommonUIActions.click is PASSED

2018-06-18 14:17:43 - [MESSAGE][PASSED] - uiaction.CommonUIActions.click is PASSED

2018-06-18 14:17:43 - [TEST_STEP][PASSED] - delay: Delayed 10 second(s)

2018-06-18 14:17:53 - [MESSAGE][PASSED] - Delayed 10 second(s)

2018-06-18 14:17:53 - [TEST_STEP][PASSED] - uiaction.CommonUIActions.click: uiaction.CommonUIActions.click is PASSED

2018-06-18 14:18:05 - [MESSAGE][PASSED] - uiaction.CommonUIActions.click is PASSED

2018-06-18 14:18:05 - [TEST_STEP][PASSED] - verifyElementPresent: Object 'Object Repository/StorePage/StoreListHeading' is present

2018-06-18 14:18:05 - [MESSAGE][PASSED] - Object 'Object Repository/StorePage/StoreListHeading' is present

2018-06-18 14:18:05 - [TEST_STEP][PASSED] - uiaction.CommonUIActions.click: uiaction.CommonUIActions.click is PASSED

2018-06-18 14:18:16 - [MESSAGE][PASSED] - uiaction.CommonUIActions.click is PASSED

2018-06-18 14:18:16 - [TEST_STEP][PASSED] - verifyElementPresent: Object 'Object Repository/StorePage/ManageLeaderGroupsButton' is present

2018-06-18 14:18:16 - [MESSAGE][PASSED] - Object 'Object Repository/StorePage/ManageLeaderGroupsButton' is present

2018-06-18 14:18:16 - [TEST_STEP][PASSED] - verifyElementPresent: Object 'Object Repository/StorePage/ManageReportGroupsButtton' is present

2018-06-18 14:18:16 - [MESSAGE][PASSED] - Object 'Object Repository/StorePage/ManageReportGroupsButtton' is present

2018-06-18 14:18:16 - [TEST_STEP][PASSED] - uiaction.CommonUIActions.click: uiaction.CommonUIActions.click is PASSED

2018-06-18 14:18:18 - [MESSAGE][PASSED] - uiaction.CommonUIActions.click is PASSED

2018-06-18 14:18:18 - [TEST_STEP][PASSED] - verifyElementPresent: Object 'Object Repository/ReportingGroupManagement/addNewGroup' is present

2018-06-18 14:18:18 - [MESSAGE][PASSED] - Object 'Object Repository/ReportingGroupManagement/addNewGroup' is present

2018-06-18 14:18:18 - [TEST_STEP][PASSED] - uiaction.CommonUIActions.click: uiaction.CommonUIActions.click is PASSED

2018-06-18 14:18:18 - [MESSAGE][PASSED] - uiaction.CommonUIActions.click is PASSED

2018-06-18 14:18:18 - [TEST_STEP][PASSED] - uiaction.CommonUIActions.click: uiaction.CommonUIActions.click is PASSED

2018-06-18 14:18:18 - [MESSAGE][PASSED] - uiaction.CommonUIActions.click is PASSED

2018-06-18 14:18:18 - [TEST_STEP][PASSED] - uiaction.CommonUIActions.enter: uiaction.CommonUIActions.enter is PASSED

2018-06-18 14:18:18 - [MESSAGE][PASSED] - projectSpecific.Reusability.getTestData is PASSED

2018-06-18 14:18:18 - [MESSAGE][PASSED] - uiaction.CommonUIActions.enter is PASSED

2018-06-18 14:18:18 - [TEST_STEP][PASSED] - uiaction.CommonUIActions.click: uiaction.CommonUIActions.click is PASSED

2018-06-18 14:18:18 - [MESSAGE][PASSED] - uiaction.CommonUIActions.click is PASSED

2018-06-18 14:18:18 - [TEST_STEP][PASSED] - uiaction.CommonUIActions.enter: uiaction.CommonUIActions.enter is PASSED

2018-06-18 14:18:18 - [MESSAGE][PASSED] - projectSpecific.Reusability.getTestData is PASSED

2018-06-18 14:18:18 - [MESSAGE][PASSED] - uiaction.CommonUIActions.enter is PASSED

2018-06-18 14:18:18 - [TEST_STEP][PASSED] - uiaction.CommonUIActions.click: uiaction.CommonUIActions.click is PASSED

2018-06-18 14:18:18 - [MESSAGE][PASSED] - uiaction.CommonUIActions.click is PASSED

2018-06-18 14:18:18 - [TEST_STEP][PASSED] - delay: Delayed 10 second(s)

2018-06-18 14:18:28 - [MESSAGE][PASSED] - Delayed 10 second(s)

2018-06-18 14:18:28 - [TEST_STEP][PASSED] - back: Navigate back successfully

2018-06-18 14:18:28 - [MESSAGE][PASSED] - Navigate back successfully

2018-06-18 14:18:28 - [TEST_STEP][PASSED] - delay: Delayed 5 second(s)

2018-06-18 14:18:33 - [MESSAGE][PASSED] - Delayed 5 second(s)

2018-06-18 14:18:33 - [TEST_STEP][PASSED] - back: Navigate back successfully

2018-06-18 14:18:33 - [MESSAGE][PASSED] - Navigate back successfully

2018-06-18 14:18:33 - [TEST_STEP][PASSED] - delay: Delayed 5 second(s)

2018-06-18 14:18:38 - [MESSAGE][PASSED] - Delayed 5 second(s)

2018-06-18 14:18:38 - [TEST_STEP][PASSED] - Statement - index = 0: null

2018-06-18 14:18:38 - [TEST_STEP][PASSED] - Statement - groupName = CustomKeywords.projectSpecific.Reusability.getTestData("ReportingGroupManagementPage", "groupNameTC3"): projectSpecific.Reusability.getTestData is PASSED

2018-06-18 14:18:38 - [MESSAGE][PASSED] - projectSpecific.Reusability.getTestData is PASSED

2018-06-18 14:18:38 - [TEST_STEP][PASSED] - Statement - groupHierarchyList = driver.findElements(org.openqa.selenium.By.xpath(com.kms.katalon.core.testdata.TestDataFactory.findTestData(OR_file).getValue(2, 13))): Reading excel file with source file 'C:\Users\shalinin\Katalon Studio\HME_Scripts\Data Files\HME_OR.xlsx' and sheet name 'Sheet1'

2018-06-18 14:18:39 - [TEST_STEP][PASSED] - Statement - For ([i = 0, i < groupHierarchyList.size(), (i++)]): null

2018-06-18 14:18:39 - [TEST_STEP][PASSED] - Statement - If (groupHierarchyList.get(i).getText().equals(groupName)): null

2018-06-18 14:18:39 - [TEST_STEP][PASSED] - Statement - If (groupHierarchyList.get(i).getText().equals(groupName)): null

2018-06-18 14:18:39 - [TEST_STEP][PASSED] - Statement - If (groupHierarchyList.get(i).getText().equals(groupName)): null

2018-06-18 14:18:39 - [TEST_STEP][PASSED] - Statement - If (groupHierarchyList.get(i).getText().equals(groupName)): null

2018-06-18 14:18:39 - [TEST_STEP][PASSED] - Statement - If (groupHierarchyList.get(i).getText().equals(groupName)): null

2018-06-18 14:18:39 - [TEST_STEP][PASSED] - Statement - If (groupHierarchyList.get(i).getText().equals(groupName)): null

2018-06-18 14:18:39 - [TEST_STEP][PASSED] - Statement - index = i: null

2018-06-18 14:18:39 - [TEST_STEP][PASSED] - Statement - Break: null

2018-06-18 14:18:39 - [TEST_STEP][PASSED] - delay: Delayed 10 second(s)

2018-06-18 14:18:49 - [MESSAGE][PASSED] - Delayed 10 second(s)

2018-06-18 14:18:49 - [TEST_STEP][PASSED] - Statement - If (index != 0): uiaction.CommonUIActions.click is PASSED

2018-06-18 14:18:49 - [TEST_STEP][PASSED] - Statement - println("Group is available in group hierarchy"): null

2018-06-18 14:18:49 - [TEST_STEP][PASSED] - Statement - xpath = "//span[text()='" + groupName + "']": null

2018-06-18 14:18:49 - [TEST_STEP][PASSED] - Statement - out.println(xpath): null

2018-06-18 14:18:49 - [TEST_STEP][PASSED] - Statement - driver.findElement(org.openqa.selenium.By.xpath(xpath)).click(): null

2018-06-18 14:18:49 - [TEST_STEP][PASSED] - delay: Delayed 10 second(s)

2018-06-18 14:18:59 - [MESSAGE][PASSED] - Delayed 10 second(s)

2018-06-18 14:18:59 - [TEST_STEP][PASSED] - uiaction.CommonUIActions.click: uiaction.CommonUIActions.click is PASSED

2018-06-18 14:18:59 - [MESSAGE][PASSED] - uiaction.CommonUIActions.click is PASSED

2018-06-18 14:18:59 - [TEST_STEP][PASSED] - uiaction.CommonUIActions.click: uiaction.CommonUIActions.click is PASSED

2018-06-18 14:18:59 - [MESSAGE][PASSED] - uiaction.CommonUIActions.click is PASSED

2018-06-18 14:18:59 - [TEST_STEP][PASSED] - uiaction.CommonUIActions.click: uiaction.CommonUIActions.click is PASSED

2018-06-18 14:19:02 - [MESSAGE][PASSED] - uiaction.CommonUIActions.click is PASSED

2018-06-18 14:19:02 - [TEST_STEP][PASSED] - Statement - assert TCflag == true: null

2018-06-18 14:19:02 - [TEST_STEP][PASSED] - Start listener action : sampleAfterTestCase: Browser is closed

2018-06-18 14:19:02 - [TEST_STEP][PASSED] - Statement - println(testCaseContext.getTestCaseId()): null

2018-06-18 14:19:02 - [TEST_STEP][PASSED] - Statement - println(testCaseContext.getTestCaseStatus()): null

2018-06-18 14:19:02 - [TEST_STEP][PASSED] - closeBrowser: Browser is closed

2018-06-18 14:19:03 - [MESSAGE][PASSED] - Browser is closed]]></system-out>
         <system-err><![CDATA[]]></system-err>
      </testcase>
      <testcase name="Test Cases/CreateGroupTC/HME-StoreDetailsPage-09" classname="Test Cases/CreateGroupTC/HME-StoreDetailsPage-09" status="PASSED">
         <system-out><![CDATA[2018-06-18 14:19:03 - [TEST_CASE][PASSED] - Test Cases/CreateGroupTC/HME-StoreDetailsPage-09: Browser is closed

2018-06-18 14:19:03 - [TEST_STEP][PASSED] - Start listener action : sampleBeforeTestCase: uiaction.CommonUIActions.deleteAllCookies is PASSED

2018-06-18 14:19:03 - [TEST_STEP][PASSED] - openBrowser: Browser is opened with url: ''

2018-06-18 14:19:05 - [MESSAGE][PASSED] - Browser is opened with url: ''

2018-06-18 14:19:05 - [TEST_STEP][PASSED] - maximizeWindow: Current window maximized

2018-06-18 14:19:06 - [MESSAGE][PASSED] - Current window maximized

2018-06-18 14:19:06 - [TEST_STEP][PASSED] - uiaction.CommonUIActions.deleteAllCookies: uiaction.CommonUIActions.deleteAllCookies is PASSED

2018-06-18 14:19:06 - [MESSAGE][PASSED] - Delete all cookies successfully

2018-06-18 14:19:06 - [MESSAGE][PASSED] - uiaction.CommonUIActions.deleteAllCookies is PASSED

2018-06-18 14:19:06 - [TEST_STEP][PASSED] - Statement - TCflag = true: null

2018-06-18 14:19:06 - [TEST_STEP][PASSED] - Statement - Try: null

2018-06-18 14:19:06 - [TEST_STEP][PASSED] - navigateToUrl: Navigate to 'https://hme-dev-public-cloud-app.azurewebsites.net/' successfully

2018-06-18 14:19:09 - [MESSAGE][PASSED] - Navigate to 'https://hme-dev-public-cloud-app.azurewebsites.net/' successfully

2018-06-18 14:19:09 - [TEST_STEP][PASSED] - projectSpecific.Reusability.login: projectSpecific.Reusability.login is PASSED

2018-06-18 14:19:09 - [MESSAGE][PASSED] - projectSpecific.Reusability.getTestData is PASSED

2018-06-18 14:19:09 - [MESSAGE][PASSED] - projectSpecific.Reusability.getTestData is PASSED

2018-06-18 14:19:09 - [MESSAGE][PASSED] - Text 'selvendrank@nousinfo.com' is set on object 'Object Repository/LoginPage/Username'

2018-06-18 14:19:09 - [MESSAGE][PASSED] - Text 'nous;123' is set on object 'Object Repository/LoginPage/Password'

2018-06-18 14:19:09 - [MESSAGE][PASSED] - Object: 'Object Repository/LoginPage/Login' is clicked on

2018-06-18 14:19:09 - [MESSAGE][PASSED] - projectSpecific.Reusability.login is PASSED

2018-06-18 14:19:09 - [TEST_STEP][PASSED] - delay: Delayed 10 second(s)

2018-06-18 14:19:19 - [MESSAGE][PASSED] - Delayed 10 second(s)

2018-06-18 14:19:19 - [TEST_STEP][PASSED] - uiaction.CommonUIActions.click: uiaction.CommonUIActions.click is PASSED

2018-06-18 14:19:36 - [MESSAGE][PASSED] - uiaction.CommonUIActions.click is PASSED

2018-06-18 14:19:36 - [TEST_STEP][PASSED] - delay: Delayed 5 second(s)

2018-06-18 14:19:41 - [MESSAGE][PASSED] - Delayed 5 second(s)

2018-06-18 14:19:41 - [TEST_STEP][PASSED] - uiaction.CommonUIActions.click: uiaction.CommonUIActions.click is PASSED

2018-06-18 14:19:53 - [MESSAGE][PASSED] - uiaction.CommonUIActions.click is PASSED

2018-06-18 14:19:53 - [TEST_STEP][PASSED] - verifyElementPresent: Object 'Object Repository/StorePage/StoreListHeading' is present

2018-06-18 14:19:53 - [MESSAGE][PASSED] - Object 'Object Repository/StorePage/StoreListHeading' is present

2018-06-18 14:19:53 - [TEST_STEP][PASSED] - Statement - storeDetails = CustomKeywords.projectSpecific.Reusability.getTestData("StorePage", "StoreDetails"): projectSpecific.Reusability.getTestData is PASSED

2018-06-18 14:19:53 - [MESSAGE][PASSED] - projectSpecific.Reusability.getTestData is PASSED

2018-06-18 14:19:53 - [TEST_STEP][PASSED] - Statement - storedetail_label = CustomKeywords.projectSpecific.Reusability.getTestData("StorePage", "Store_labels"): projectSpecific.Reusability.getTestData is PASSED

2018-06-18 14:19:53 - [MESSAGE][PASSED] - projectSpecific.Reusability.getTestData is PASSED

2018-06-18 14:19:53 - [TEST_STEP][PASSED] - uiaction.CommonUIActions.click: uiaction.CommonUIActions.click is PASSED

2018-06-18 14:20:23 - [MESSAGE][PASSED] - uiaction.CommonUIActions.click is PASSED

2018-06-18 14:20:23 - [TEST_STEP][PASSED] - verifyElementPresent: Object 'Object Repository/HomePage/Verify_store' is present

2018-06-18 14:20:23 - [MESSAGE][PASSED] - Object 'Object Repository/HomePage/Verify_store' is present

2018-06-18 14:20:23 - [TEST_STEP][PASSED] - Statement - driver = com.kms.katalon.core.webui.driver.DriverFactory.getWebDriver(): null

2018-06-18 14:20:23 - [TEST_STEP][PASSED] - Statement - storeHeaders = driver.findElements(org.openqa.selenium.By.xpath(com.kms.katalon.core.testdata.TestDataFactory.findTestData(OR_file).getValue(2, 1))): Reading excel file with source file 'C:\Users\shalinin\Katalon Studio\HME_Scripts\Data Files\HME_OR.xlsx' and sheet name 'Sheet1'

2018-06-18 14:20:23 - [TEST_STEP][PASSED] - Statement - storeArraylabels = storedetail_label.split(",,"): null

2018-06-18 14:20:23 - [TEST_STEP][PASSED] - Statement - storeListlabels = new java.util.ArrayList(java.util.Arrays.asList(storeArraylabels)): null

2018-06-18 14:20:23 - [TEST_STEP][PASSED] - Statement - storeListlabels.unique(): null

2018-06-18 14:20:23 - [TEST_STEP][PASSED] - Statement - out.println(storeListlabels): null

2018-06-18 14:20:23 - [TEST_STEP][PASSED] - Statement - count = 1: null

2018-06-18 14:20:23 - [TEST_STEP][PASSED] - Statement - For ([i = 1, i < storeHeaders.size(), (i++)]): null

2018-06-18 14:20:23 - [TEST_STEP][PASSED] - Statement - execFlag = com.kms.katalon.core.webui.keyword.WebUiBuiltInKeywords.verifyMatch(storeHeaders.get(i).getText().trim(), storeListlabels[i].toString().trim(), false): Actual text 'Brand' and expected text 'Brand' are matched 

2018-06-18 14:20:23 - [MESSAGE][PASSED] - Actual text 'Brand' and expected text 'Brand' are matched 

2018-06-18 14:20:23 - [TEST_STEP][PASSED] - Statement - If (execFlag): null

2018-06-18 14:20:23 - [TEST_STEP][PASSED] - Statement - (count++): null

2018-06-18 14:20:23 - [TEST_STEP][PASSED] - Statement - execFlag = com.kms.katalon.core.webui.keyword.WebUiBuiltInKeywords.verifyMatch(storeHeaders.get(i).getText().trim(), storeListlabels[i].toString().trim(), false): Actual text 'Store' and expected text 'Store' are matched 

2018-06-18 14:20:23 - [MESSAGE][PASSED] - Actual text 'Store' and expected text 'Store' are matched 

2018-06-18 14:20:23 - [TEST_STEP][PASSED] - Statement - If (execFlag): null

2018-06-18 14:20:23 - [TEST_STEP][PASSED] - Statement - (count++): null

2018-06-18 14:20:23 - [TEST_STEP][PASSED] - Statement - execFlag = com.kms.katalon.core.webui.keyword.WebUiBuiltInKeywords.verifyMatch(storeHeaders.get(i).getText().trim(), storeListlabels[i].toString().trim(), false): Actual text 'Store Address' and expected text 'Store Address' are matched 

2018-06-18 14:20:23 - [MESSAGE][PASSED] - Actual text 'Store Address' and expected text 'Store Address' are matched 

2018-06-18 14:20:23 - [TEST_STEP][PASSED] - Statement - If (execFlag): null

2018-06-18 14:20:23 - [TEST_STEP][PASSED] - Statement - (count++): null

2018-06-18 14:20:23 - [TEST_STEP][PASSED] - Statement - execFlag = com.kms.katalon.core.webui.keyword.WebUiBuiltInKeywords.verifyMatch(storeHeaders.get(i).getText().trim(), storeListlabels[i].toString().trim(), false): Actual text 'City, State' and expected text 'City, State' are matched 

2018-06-18 14:20:23 - [MESSAGE][PASSED] - Actual text 'City, State' and expected text 'City, State' are matched 

2018-06-18 14:20:23 - [TEST_STEP][PASSED] - Statement - If (execFlag): null

2018-06-18 14:20:23 - [TEST_STEP][PASSED] - Statement - (count++): null

2018-06-18 14:20:23 - [TEST_STEP][PASSED] - Statement - execFlag = com.kms.katalon.core.webui.keyword.WebUiBuiltInKeywords.verifyMatch(storeHeaders.get(i).getText().trim(), storeListlabels[i].toString().trim(), false): Actual text 'Leaderboard Groups' and expected text 'Leaderboard Groups' are matched 

2018-06-18 14:20:23 - [MESSAGE][PASSED] - Actual text 'Leaderboard Groups' and expected text 'Leaderboard Groups' are matched 

2018-06-18 14:20:23 - [TEST_STEP][PASSED] - Statement - If (execFlag): null

2018-06-18 14:20:23 - [TEST_STEP][PASSED] - Statement - (count++): null

2018-06-18 14:20:23 - [TEST_STEP][PASSED] - Statement - execFlag = com.kms.katalon.core.webui.keyword.WebUiBuiltInKeywords.verifyMatch(storeHeaders.get(i).getText().trim(), storeListlabels[i].toString().trim(), false): Actual text 'Report Group' and expected text 'Report Group' are matched 

2018-06-18 14:20:23 - [MESSAGE][PASSED] - Actual text 'Report Group' and expected text 'Report Group' are matched 

2018-06-18 14:20:23 - [TEST_STEP][PASSED] - Statement - If (execFlag): null

2018-06-18 14:20:23 - [TEST_STEP][PASSED] - Statement - (count++): null

2018-06-18 14:20:23 - [TEST_STEP][PASSED] - Statement - execFlag = com.kms.katalon.core.webui.keyword.WebUiBuiltInKeywords.verifyMatch(storeHeaders.get(i).getText().trim(), storeListlabels[i].toString().trim(), false): Actual text 'System Name' and expected text 'System Name' are matched 

2018-06-18 14:20:23 - [MESSAGE][PASSED] - Actual text 'System Name' and expected text 'System Name' are matched 

2018-06-18 14:20:23 - [TEST_STEP][PASSED] - Statement - If (execFlag): null

2018-06-18 14:20:23 - [TEST_STEP][PASSED] - Statement - (count++): null

2018-06-18 14:20:23 - [TEST_STEP][PASSED] - Statement - execFlag = com.kms.katalon.core.webui.keyword.WebUiBuiltInKeywords.verifyMatch(storeHeaders.get(i).getText().trim(), storeListlabels[i].toString().trim(), false): Actual text 'System Version' and expected text 'System Version' are matched 

2018-06-18 14:20:23 - [MESSAGE][PASSED] - Actual text 'System Version' and expected text 'System Version' are matched 

2018-06-18 14:20:23 - [TEST_STEP][PASSED] - Statement - If (execFlag): null

2018-06-18 14:20:23 - [TEST_STEP][PASSED] - Statement - (count++): null

2018-06-18 14:20:23 - [TEST_STEP][PASSED] - Statement - execFlag = com.kms.katalon.core.webui.keyword.WebUiBuiltInKeywords.verifyMatch(storeHeaders.get(i).getText().trim(), storeListlabels[i].toString().trim(), false): Actual text 'System Status' and expected text 'System Status' are matched 

2018-06-18 14:20:23 - [MESSAGE][PASSED] - Actual text 'System Status' and expected text 'System Status' are matched 

2018-06-18 14:20:23 - [TEST_STEP][PASSED] - Statement - If (execFlag): null

2018-06-18 14:20:23 - [TEST_STEP][PASSED] - Statement - (count++): null

2018-06-18 14:20:23 - [TEST_STEP][PASSED] - Statement - If (count == storeHeaders.size()): Taking screenshot successfully

2018-06-18 14:20:23 - [TEST_STEP][PASSED] - takeScreenshot: Taking screenshot successfully

2018-06-18 14:20:23 - [MESSAGE][PASSED] - Taking screenshot successfully
[[ATTACHMENT|C:\\Users\\shalinin\\Katalon Studio\\HME_Scripts\\Reports\\RegressionSuite\\20180618_135250\\1529311823505.png]]

2018-06-18 14:20:23 - [TEST_STEP][PASSED] - uiaction.CommonUIActions.click: uiaction.CommonUIActions.click is PASSED

2018-06-18 14:20:25 - [MESSAGE][PASSED] - uiaction.CommonUIActions.click is PASSED

2018-06-18 14:20:25 - [TEST_STEP][PASSED] - verifyElementPresent: Object 'Object Repository/StorePage/storedetailslabel' is present

2018-06-18 14:20:25 - [MESSAGE][PASSED] - Object 'Object Repository/StorePage/storedetailslabel' is present

2018-06-18 14:20:25 - [TEST_STEP][PASSED] - verifyElementPresent: Object 'Object Repository/StorePage/zoomlabel' is present

2018-06-18 14:20:25 - [MESSAGE][PASSED] - Object 'Object Repository/StorePage/zoomlabel' is present

2018-06-18 14:20:25 - [TEST_STEP][PASSED] - Statement - defaultareaselected = com.kms.katalon.core.webui.keyword.WebUiBuiltInKeywords.getAttribute(com.kms.katalon.core.testobject.ObjectRepository.findTestObject(StorePage/defaultstoredetsails), "aria-selected"): Attribute 'aria-selected' of object 'Object Repository/StorePage/defaultstoredetsails' is: 'true'

2018-06-18 14:20:25 - [MESSAGE][PASSED] - Attribute 'aria-selected' of object 'Object Repository/StorePage/defaultstoredetsails' is: 'true'

2018-06-18 14:20:25 - [TEST_STEP][PASSED] - Statement - If (defaultareaselected): null

2018-06-18 14:20:25 - [TEST_STEP][PASSED] - Statement - out.println("Store Details is set by default"): null

2018-06-18 14:20:25 - [TEST_STEP][PASSED] - Statement - storeArray = storeDetails.split(","): null

2018-06-18 14:20:25 - [TEST_STEP][PASSED] - Statement - storeList = new java.util.ArrayList(java.util.Arrays.asList(storeArray)): null

2018-06-18 14:20:25 - [TEST_STEP][PASSED] - Statement - storeList.unique(): null

2018-06-18 14:20:25 - [TEST_STEP][PASSED] - Statement - out.println(storeList): null

2018-06-18 14:20:25 - [TEST_STEP][PASSED] - Statement - storeElements = driver.findElements(org.openqa.selenium.By.xpath(com.kms.katalon.core.testdata.TestDataFactory.findTestData(OR_file).getValue(2, 2))): Reading excel file with source file 'C:\Users\shalinin\Katalon Studio\HME_Scripts\Data Files\HME_OR.xlsx' and sheet name 'Sheet1'

2018-06-18 14:20:25 - [TEST_STEP][PASSED] - Statement - actualList = new java.util.ArrayList(): null

2018-06-18 14:20:25 - [TEST_STEP][PASSED] - Statement - For ([i = 0, i < storeElements.size(), (i++)]): null

2018-06-18 14:20:25 - [TEST_STEP][PASSED] - Statement - actualList.add(i, storeElements.get(i).getText()): null

2018-06-18 14:20:25 - [TEST_STEP][PASSED] - Statement - actualList.add(i, storeElements.get(i).getText()): null

2018-06-18 14:20:25 - [TEST_STEP][PASSED] - Statement - actualList.add(i, storeElements.get(i).getText()): null

2018-06-18 14:20:25 - [TEST_STEP][PASSED] - Statement - actualList.add(i, storeElements.get(i).getText()): null

2018-06-18 14:20:25 - [TEST_STEP][PASSED] - Statement - actualList.add(i, storeElements.get(i).getText()): null

2018-06-18 14:20:25 - [TEST_STEP][PASSED] - Statement - actualList.add(i, storeElements.get(i).getText()): null

2018-06-18 14:20:26 - [TEST_STEP][PASSED] - Statement - actualList.add(i, storeElements.get(i).getText()): null

2018-06-18 14:20:26 - [TEST_STEP][PASSED] - Statement - actualList.add(i, storeElements.get(i).getText()): null

2018-06-18 14:20:26 - [TEST_STEP][PASSED] - Statement - actualList.add(i, storeElements.get(i).getText()): null

2018-06-18 14:20:26 - [TEST_STEP][PASSED] - Statement - actualList.add(i, storeElements.get(i).getText()): null

2018-06-18 14:20:26 - [TEST_STEP][PASSED] - Statement - actualList.add(i, storeElements.get(i).getText()): null

2018-06-18 14:20:26 - [TEST_STEP][PASSED] - Statement - actualList.add(i, storeElements.get(i).getText()): null

2018-06-18 14:20:26 - [TEST_STEP][PASSED] - Statement - actualList.add(i, storeElements.get(i).getText()): null

2018-06-18 14:20:26 - [TEST_STEP][PASSED] - Statement - actualList.add(i, storeElements.get(i).getText()): null

2018-06-18 14:20:26 - [TEST_STEP][PASSED] - Statement - actualList.add(i, storeElements.get(i).getText()): null

2018-06-18 14:20:26 - [TEST_STEP][PASSED] - Statement - out.println(actualList): null

2018-06-18 14:20:26 - [TEST_STEP][PASSED] - Statement - execFlag1 = true: null

2018-06-18 14:20:26 - [TEST_STEP][PASSED] - Statement - For ([j = 0, j < actualList.size(), (j++)]): null

2018-06-18 14:20:26 - [TEST_STEP][PASSED] - Statement - execFlag1 = com.kms.katalon.core.webui.keyword.WebUiBuiltInKeywords.verifyMatch(storeList.get(j).toString().trim(), actualList.get(j).toString().trim(), false): Actual text 'Brand' and expected text 'Brand' are matched 

2018-06-18 14:20:26 - [MESSAGE][PASSED] - Actual text 'Brand' and expected text 'Brand' are matched 

2018-06-18 14:20:26 - [TEST_STEP][PASSED] - Statement - If (!(execFlag1)): null

2018-06-18 14:20:26 - [TEST_STEP][PASSED] - Statement - execFlag1 = com.kms.katalon.core.webui.keyword.WebUiBuiltInKeywords.verifyMatch(storeList.get(j).toString().trim(), actualList.get(j).toString().trim(), false): Actual text 'Store Name' and expected text 'Store Name' are matched 

2018-06-18 14:20:26 - [MESSAGE][PASSED] - Actual text 'Store Name' and expected text 'Store Name' are matched 

2018-06-18 14:20:26 - [TEST_STEP][PASSED] - Statement - If (!(execFlag1)): null

2018-06-18 14:20:26 - [TEST_STEP][PASSED] - Statement - execFlag1 = com.kms.katalon.core.webui.keyword.WebUiBuiltInKeywords.verifyMatch(storeList.get(j).toString().trim(), actualList.get(j).toString().trim(), false): Actual text 'Store Number' and expected text 'Store Number' are matched 

2018-06-18 14:20:26 - [MESSAGE][PASSED] - Actual text 'Store Number' and expected text 'Store Number' are matched 

2018-06-18 14:20:26 - [TEST_STEP][PASSED] - Statement - If (!(execFlag1)): null

2018-06-18 14:20:26 - [TEST_STEP][PASSED] - Statement - execFlag1 = com.kms.katalon.core.webui.keyword.WebUiBuiltInKeywords.verifyMatch(storeList.get(j).toString().trim(), actualList.get(j).toString().trim(), false): Actual text 'Group:' and expected text 'Group:' are matched 

2018-06-18 14:20:26 - [MESSAGE][PASSED] - Actual text 'Group:' and expected text 'Group:' are matched 

2018-06-18 14:20:26 - [TEST_STEP][PASSED] - Statement - If (!(execFlag1)): null

2018-06-18 14:20:26 - [TEST_STEP][PASSED] - Statement - execFlag1 = com.kms.katalon.core.webui.keyword.WebUiBuiltInKeywords.verifyMatch(storeList.get(j).toString().trim(), actualList.get(j).toString().trim(), false): Actual text 'Report Group:' and expected text 'Report Group:' are matched 

2018-06-18 14:20:26 - [MESSAGE][PASSED] - Actual text 'Report Group:' and expected text 'Report Group:' are matched 

2018-06-18 14:20:26 - [TEST_STEP][PASSED] - Statement - If (!(execFlag1)): null

2018-06-18 14:20:26 - [TEST_STEP][PASSED] - Statement - execFlag1 = com.kms.katalon.core.webui.keyword.WebUiBuiltInKeywords.verifyMatch(storeList.get(j).toString().trim(), actualList.get(j).toString().trim(), false): Actual text 'Address Line 1' and expected text 'Address Line 1' are matched 

2018-06-18 14:20:26 - [MESSAGE][PASSED] - Actual text 'Address Line 1' and expected text 'Address Line 1' are matched 

2018-06-18 14:20:26 - [TEST_STEP][PASSED] - Statement - If (!(execFlag1)): null

2018-06-18 14:20:26 - [TEST_STEP][PASSED] - Statement - execFlag1 = com.kms.katalon.core.webui.keyword.WebUiBuiltInKeywords.verifyMatch(storeList.get(j).toString().trim(), actualList.get(j).toString().trim(), false): Actual text 'Address Line 2' and expected text 'Address Line 2' are matched 

2018-06-18 14:20:26 - [MESSAGE][PASSED] - Actual text 'Address Line 2' and expected text 'Address Line 2' are matched 

2018-06-18 14:20:26 - [TEST_STEP][PASSED] - Statement - If (!(execFlag1)): null

2018-06-18 14:20:26 - [TEST_STEP][PASSED] - Statement - execFlag1 = com.kms.katalon.core.webui.keyword.WebUiBuiltInKeywords.verifyMatch(storeList.get(j).toString().trim(), actualList.get(j).toString().trim(), false): Actual text 'Address Line 3' and expected text 'Address Line 3' are matched 

2018-06-18 14:20:26 - [MESSAGE][PASSED] - Actual text 'Address Line 3' and expected text 'Address Line 3' are matched 

2018-06-18 14:20:26 - [TEST_STEP][PASSED] - Statement - If (!(execFlag1)): null

2018-06-18 14:20:26 - [TEST_STEP][PASSED] - Statement - execFlag1 = com.kms.katalon.core.webui.keyword.WebUiBuiltInKeywords.verifyMatch(storeList.get(j).toString().trim(), actualList.get(j).toString().trim(), false): Actual text 'Address Line 4' and expected text 'Address Line 4' are matched 

2018-06-18 14:20:26 - [MESSAGE][PASSED] - Actual text 'Address Line 4' and expected text 'Address Line 4' are matched 

2018-06-18 14:20:26 - [TEST_STEP][PASSED] - Statement - If (!(execFlag1)): null

2018-06-18 14:20:26 - [TEST_STEP][PASSED] - Statement - execFlag1 = com.kms.katalon.core.webui.keyword.WebUiBuiltInKeywords.verifyMatch(storeList.get(j).toString().trim(), actualList.get(j).toString().trim(), false): Actual text 'City' and expected text 'City' are matched 

2018-06-18 14:20:26 - [MESSAGE][PASSED] - Actual text 'City' and expected text 'City' are matched 

2018-06-18 14:20:26 - [TEST_STEP][PASSED] - Statement - If (!(execFlag1)): null

2018-06-18 14:20:26 - [TEST_STEP][PASSED] - Statement - execFlag1 = com.kms.katalon.core.webui.keyword.WebUiBuiltInKeywords.verifyMatch(storeList.get(j).toString().trim(), actualList.get(j).toString().trim(), false): Actual text 'Region: *' and expected text 'Region: *' are matched 

2018-06-18 14:20:26 - [MESSAGE][PASSED] - Actual text 'Region: *' and expected text 'Region: *' are matched 

2018-06-18 14:20:26 - [TEST_STEP][PASSED] - Statement - If (!(execFlag1)): null

2018-06-18 14:20:26 - [TEST_STEP][PASSED] - Statement - execFlag1 = com.kms.katalon.core.webui.keyword.WebUiBuiltInKeywords.verifyMatch(storeList.get(j).toString().trim(), actualList.get(j).toString().trim(), false): Actual text 'Zip:' and expected text 'Zip:' are matched 

2018-06-18 14:20:26 - [MESSAGE][PASSED] - Actual text 'Zip:' and expected text 'Zip:' are matched 

2018-06-18 14:20:26 - [TEST_STEP][PASSED] - Statement - If (!(execFlag1)): null

2018-06-18 14:20:26 - [TEST_STEP][PASSED] - Statement - execFlag1 = com.kms.katalon.core.webui.keyword.WebUiBuiltInKeywords.verifyMatch(storeList.get(j).toString().trim(), actualList.get(j).toString().trim(), false): Actual text 'Country:' and expected text 'Country:' are matched 

2018-06-18 14:20:26 - [MESSAGE][PASSED] - Actual text 'Country:' and expected text 'Country:' are matched 

2018-06-18 14:20:26 - [TEST_STEP][PASSED] - Statement - If (!(execFlag1)): null

2018-06-18 14:20:26 - [TEST_STEP][PASSED] - Statement - execFlag1 = com.kms.katalon.core.webui.keyword.WebUiBuiltInKeywords.verifyMatch(storeList.get(j).toString().trim(), actualList.get(j).toString().trim(), false): Actual text 'Phone:' and expected text 'Phone:' are matched 

2018-06-18 14:20:26 - [MESSAGE][PASSED] - Actual text 'Phone:' and expected text 'Phone:' are matched 

2018-06-18 14:20:26 - [TEST_STEP][PASSED] - Statement - If (!(execFlag1)): null

2018-06-18 14:20:26 - [TEST_STEP][PASSED] - Statement - execFlag1 = com.kms.katalon.core.webui.keyword.WebUiBuiltInKeywords.verifyMatch(storeList.get(j).toString().trim(), actualList.get(j).toString().trim(), false): Actual text 'Fax:' and expected text 'Fax:' are matched 

2018-06-18 14:20:26 - [MESSAGE][PASSED] - Actual text 'Fax:' and expected text 'Fax:' are matched 

2018-06-18 14:20:26 - [TEST_STEP][PASSED] - Statement - If (!(execFlag1)): null

2018-06-18 14:20:26 - [TEST_STEP][PASSED] - Statement - If (execFlag1): null

2018-06-18 14:20:26 - [TEST_STEP][PASSED] - Statement - out.println("Store details labels are verified"): null

2018-06-18 14:20:26 - [TEST_STEP][PASSED] - Statement - editfield = com.kms.katalon.core.webui.keyword.WebUiBuiltInKeywords.clearText(com.kms.katalon.core.testobject.ObjectRepository.findTestObject(StorePage/storeName)): Text of object 'Object Repository/StorePage/storeName' is cleared

2018-06-18 14:20:26 - [MESSAGE][PASSED] - Text of object 'Object Repository/StorePage/storeName' is cleared

2018-06-18 14:20:26 - [TEST_STEP][PASSED] - Statement - If (editfield): null

2018-06-18 14:20:26 - [TEST_STEP][PASSED] - Statement - out.println("The store name is editable field"): null

2018-06-18 14:20:26 - [TEST_STEP][PASSED] - Statement - inputFields = driver.findElements(org.openqa.selenium.By.xpath(com.kms.katalon.core.testdata.TestDataFactory.findTestData(OR_file).getValue(2, 3))): Reading excel file with source file 'C:\Users\shalinin\Katalon Studio\HME_Scripts\Data Files\HME_OR.xlsx' and sheet name 'Sheet1'

2018-06-18 14:20:26 - [TEST_STEP][PASSED] - Statement - inputFieldsResults = new java.util.ArrayList(): null

2018-06-18 14:20:26 - [TEST_STEP][PASSED] - Statement - index = 3: null

2018-06-18 14:20:26 - [TEST_STEP][PASSED] - Statement - For ([i = 0, i < inputFields.size(), (i++)]): null

2018-06-18 14:20:26 - [TEST_STEP][PASSED] - Statement - xpathval = "//form[@name='store_submit']/table/tbody/tr[" + index + "]//input": null

2018-06-18 14:20:26 - [TEST_STEP][PASSED] - Statement - LinkToSearch = com.kms.katalon.core.webui.keyword.WebUiBuiltInKeywords.modifyObjectProperty(com.kms.katalon.core.testobject.ObjectRepository.findTestObject(StorePage/storeInputValue), "xpath", "equals", xpathval, true): Modify property of object successfully

2018-06-18 14:20:26 - [MESSAGE][PASSED] - Modify property of object successfully

2018-06-18 14:20:26 - [TEST_STEP][PASSED] - Statement - attr1 = com.kms.katalon.core.webui.keyword.WebUiBuiltInKeywords.getAttribute(LinkToSearch, "disabled"): Attribute 'disabled' of object 'Object Repository/StorePage/storeInputValue' is: 'true'

2018-06-18 14:20:26 - [MESSAGE][PASSED] - Attribute 'disabled' of object 'Object Repository/StorePage/storeInputValue' is: 'true'

2018-06-18 14:20:26 - [TEST_STEP][PASSED] - Statement - If (attr1): null

2018-06-18 14:20:26 - [TEST_STEP][PASSED] - Statement - xpathval = "//form[@name='store_submit']/table/tbody/tr[" + index + "]//input": null

2018-06-18 14:20:26 - [TEST_STEP][PASSED] - Statement - LinkToSearch = com.kms.katalon.core.webui.keyword.WebUiBuiltInKeywords.modifyObjectProperty(com.kms.katalon.core.testobject.ObjectRepository.findTestObject(StorePage/storeInputValue), "xpath", "equals", xpathval, true): Modify property of object successfully

2018-06-18 14:20:26 - [MESSAGE][PASSED] - Modify property of object successfully

2018-06-18 14:20:26 - [TEST_STEP][PASSED] - Statement - attr1 = com.kms.katalon.core.webui.keyword.WebUiBuiltInKeywords.getAttribute(LinkToSearch, "disabled"): Attribute 'disabled' of object 'Object Repository/StorePage/storeInputValue' is: 'true'

2018-06-18 14:20:26 - [MESSAGE][PASSED] - Attribute 'disabled' of object 'Object Repository/StorePage/storeInputValue' is: 'true'

2018-06-18 14:20:26 - [TEST_STEP][PASSED] - Statement - If (attr1): null

2018-06-18 14:20:26 - [TEST_STEP][PASSED] - Statement - xpathval = "//form[@name='store_submit']/table/tbody/tr[" + index + "]//input": null

2018-06-18 14:20:26 - [TEST_STEP][PASSED] - Statement - LinkToSearch = com.kms.katalon.core.webui.keyword.WebUiBuiltInKeywords.modifyObjectProperty(com.kms.katalon.core.testobject.ObjectRepository.findTestObject(StorePage/storeInputValue), "xpath", "equals", xpathval, true): Modify property of object successfully

2018-06-18 14:20:26 - [MESSAGE][PASSED] - Modify property of object successfully

2018-06-18 14:20:26 - [TEST_STEP][PASSED] - Statement - attr1 = com.kms.katalon.core.webui.keyword.WebUiBuiltInKeywords.getAttribute(LinkToSearch, "disabled"): Attribute 'disabled' of object 'Object Repository/StorePage/storeInputValue' is: 'true'

2018-06-18 14:20:26 - [MESSAGE][PASSED] - Attribute 'disabled' of object 'Object Repository/StorePage/storeInputValue' is: 'true'

2018-06-18 14:20:26 - [TEST_STEP][PASSED] - Statement - If (attr1): null

2018-06-18 14:20:26 - [TEST_STEP][PASSED] - Statement - xpathval = "//form[@name='store_submit']/table/tbody/tr[" + index + "]//input": null

2018-06-18 14:20:26 - [TEST_STEP][PASSED] - Statement - LinkToSearch = com.kms.katalon.core.webui.keyword.WebUiBuiltInKeywords.modifyObjectProperty(com.kms.katalon.core.testobject.ObjectRepository.findTestObject(StorePage/storeInputValue), "xpath", "equals", xpathval, true): Modify property of object successfully

2018-06-18 14:20:26 - [MESSAGE][PASSED] - Modify property of object successfully

2018-06-18 14:20:26 - [TEST_STEP][PASSED] - Statement - attr1 = com.kms.katalon.core.webui.keyword.WebUiBuiltInKeywords.getAttribute(LinkToSearch, "disabled"): Attribute 'disabled' of object 'Object Repository/StorePage/storeInputValue' is: 'true'

2018-06-18 14:20:26 - [MESSAGE][PASSED] - Attribute 'disabled' of object 'Object Repository/StorePage/storeInputValue' is: 'true'

2018-06-18 14:20:26 - [TEST_STEP][PASSED] - Statement - If (attr1): null

2018-06-18 14:20:26 - [TEST_STEP][PASSED] - Statement - xpathval = "//form[@name='store_submit']/table/tbody/tr[" + index + "]//input": null

2018-06-18 14:20:26 - [TEST_STEP][PASSED] - Statement - LinkToSearch = com.kms.katalon.core.webui.keyword.WebUiBuiltInKeywords.modifyObjectProperty(com.kms.katalon.core.testobject.ObjectRepository.findTestObject(StorePage/storeInputValue), "xpath", "equals", xpathval, true): Modify property of object successfully

2018-06-18 14:20:26 - [MESSAGE][PASSED] - Modify property of object successfully

2018-06-18 14:20:26 - [TEST_STEP][PASSED] - Statement - attr1 = com.kms.katalon.core.webui.keyword.WebUiBuiltInKeywords.getAttribute(LinkToSearch, "disabled"): Attribute 'disabled' of object 'Object Repository/StorePage/storeInputValue' is: 'true'

2018-06-18 14:20:26 - [MESSAGE][PASSED] - Attribute 'disabled' of object 'Object Repository/StorePage/storeInputValue' is: 'true'

2018-06-18 14:20:26 - [TEST_STEP][PASSED] - Statement - If (attr1): null

2018-06-18 14:20:26 - [TEST_STEP][PASSED] - Statement - xpathval = "//form[@name='store_submit']/table/tbody/tr[" + index + "]//input": null

2018-06-18 14:20:26 - [TEST_STEP][PASSED] - Statement - LinkToSearch = com.kms.katalon.core.webui.keyword.WebUiBuiltInKeywords.modifyObjectProperty(com.kms.katalon.core.testobject.ObjectRepository.findTestObject(StorePage/storeInputValue), "xpath", "equals", xpathval, true): Modify property of object successfully

2018-06-18 14:20:26 - [MESSAGE][PASSED] - Modify property of object successfully

2018-06-18 14:20:26 - [TEST_STEP][PASSED] - Statement - attr1 = com.kms.katalon.core.webui.keyword.WebUiBuiltInKeywords.getAttribute(LinkToSearch, "disabled"): Attribute 'disabled' of object 'Object Repository/StorePage/storeInputValue' is: 'true'

2018-06-18 14:20:26 - [MESSAGE][PASSED] - Attribute 'disabled' of object 'Object Repository/StorePage/storeInputValue' is: 'true'

2018-06-18 14:20:26 - [TEST_STEP][PASSED] - Statement - If (attr1): null

2018-06-18 14:20:26 - [TEST_STEP][PASSED] - Statement - xpathval = "//form[@name='store_submit']/table/tbody/tr[" + index + "]//input": null

2018-06-18 14:20:26 - [TEST_STEP][PASSED] - Statement - LinkToSearch = com.kms.katalon.core.webui.keyword.WebUiBuiltInKeywords.modifyObjectProperty(com.kms.katalon.core.testobject.ObjectRepository.findTestObject(StorePage/storeInputValue), "xpath", "equals", xpathval, true): Modify property of object successfully

2018-06-18 14:20:26 - [MESSAGE][PASSED] - Modify property of object successfully

2018-06-18 14:20:26 - [TEST_STEP][PASSED] - Statement - attr1 = com.kms.katalon.core.webui.keyword.WebUiBuiltInKeywords.getAttribute(LinkToSearch, "disabled"): Attribute 'disabled' of object 'Object Repository/StorePage/storeInputValue' is: 'true'

2018-06-18 14:20:26 - [MESSAGE][PASSED] - Attribute 'disabled' of object 'Object Repository/StorePage/storeInputValue' is: 'true'

2018-06-18 14:20:26 - [TEST_STEP][PASSED] - Statement - If (attr1): null

2018-06-18 14:20:26 - [TEST_STEP][PASSED] - Statement - xpathval = "//form[@name='store_submit']/table/tbody/tr[" + index + "]//input": null

2018-06-18 14:20:26 - [TEST_STEP][PASSED] - Statement - LinkToSearch = com.kms.katalon.core.webui.keyword.WebUiBuiltInKeywords.modifyObjectProperty(com.kms.katalon.core.testobject.ObjectRepository.findTestObject(StorePage/storeInputValue), "xpath", "equals", xpathval, true): Modify property of object successfully

2018-06-18 14:20:26 - [MESSAGE][PASSED] - Modify property of object successfully

2018-06-18 14:20:26 - [TEST_STEP][PASSED] - Statement - attr1 = com.kms.katalon.core.webui.keyword.WebUiBuiltInKeywords.getAttribute(LinkToSearch, "disabled"): Attribute 'disabled' of object 'Object Repository/StorePage/storeInputValue' is: 'true'

2018-06-18 14:20:26 - [MESSAGE][PASSED] - Attribute 'disabled' of object 'Object Repository/StorePage/storeInputValue' is: 'true'

2018-06-18 14:20:26 - [TEST_STEP][PASSED] - Statement - If (attr1): null

2018-06-18 14:20:26 - [TEST_STEP][PASSED] - Statement - xpathval = "//form[@name='store_submit']/table/tbody/tr[" + index + "]//input": null

2018-06-18 14:20:26 - [TEST_STEP][PASSED] - Statement - LinkToSearch = com.kms.katalon.core.webui.keyword.WebUiBuiltInKeywords.modifyObjectProperty(com.kms.katalon.core.testobject.ObjectRepository.findTestObject(StorePage/storeInputValue), "xpath", "equals", xpathval, true): Modify property of object successfully

2018-06-18 14:20:26 - [MESSAGE][PASSED] - Modify property of object successfully

2018-06-18 14:20:26 - [TEST_STEP][PASSED] - Statement - attr1 = com.kms.katalon.core.webui.keyword.WebUiBuiltInKeywords.getAttribute(LinkToSearch, "disabled"): Attribute 'disabled' of object 'Object Repository/StorePage/storeInputValue' is: 'true'

2018-06-18 14:20:26 - [MESSAGE][PASSED] - Attribute 'disabled' of object 'Object Repository/StorePage/storeInputValue' is: 'true'

2018-06-18 14:20:26 - [TEST_STEP][PASSED] - Statement - If (attr1): null

2018-06-18 14:20:26 - [TEST_STEP][PASSED] - Statement - xpathval = "//form[@name='store_submit']/table/tbody/tr[" + index + "]//input": null

2018-06-18 14:20:26 - [TEST_STEP][PASSED] - Statement - LinkToSearch = com.kms.katalon.core.webui.keyword.WebUiBuiltInKeywords.modifyObjectProperty(com.kms.katalon.core.testobject.ObjectRepository.findTestObject(StorePage/storeInputValue), "xpath", "equals", xpathval, true): Modify property of object successfully

2018-06-18 14:20:26 - [MESSAGE][PASSED] - Modify property of object successfully

2018-06-18 14:20:26 - [TEST_STEP][PASSED] - Statement - attr1 = com.kms.katalon.core.webui.keyword.WebUiBuiltInKeywords.getAttribute(LinkToSearch, "disabled"): Attribute 'disabled' of object 'Object Repository/StorePage/storeInputValue' is: 'true'

2018-06-18 14:20:26 - [MESSAGE][PASSED] - Attribute 'disabled' of object 'Object Repository/StorePage/storeInputValue' is: 'true'

2018-06-18 14:20:26 - [TEST_STEP][PASSED] - Statement - If (attr1): null

2018-06-18 14:20:26 - [TEST_STEP][PASSED] - Statement - xpathval = "//form[@name='store_submit']/table/tbody/tr[" + index + "]//input": null

2018-06-18 14:20:26 - [TEST_STEP][PASSED] - Statement - LinkToSearch = com.kms.katalon.core.webui.keyword.WebUiBuiltInKeywords.modifyObjectProperty(com.kms.katalon.core.testobject.ObjectRepository.findTestObject(StorePage/storeInputValue), "xpath", "equals", xpathval, true): Modify property of object successfully

2018-06-18 14:20:26 - [MESSAGE][PASSED] - Modify property of object successfully

2018-06-18 14:20:26 - [TEST_STEP][PASSED] - Statement - attr1 = com.kms.katalon.core.webui.keyword.WebUiBuiltInKeywords.getAttribute(LinkToSearch, "disabled"): Attribute 'disabled' of object 'Object Repository/StorePage/storeInputValue' is: 'true'

2018-06-18 14:20:26 - [MESSAGE][PASSED] - Attribute 'disabled' of object 'Object Repository/StorePage/storeInputValue' is: 'true'

2018-06-18 14:20:26 - [TEST_STEP][PASSED] - Statement - If (attr1): null

2018-06-18 14:20:26 - [TEST_STEP][PASSED] - Statement - xpathval = "//form[@name='store_submit']/table/tbody/tr[" + index + "]//input": null

2018-06-18 14:20:26 - [TEST_STEP][PASSED] - Statement - LinkToSearch = com.kms.katalon.core.webui.keyword.WebUiBuiltInKeywords.modifyObjectProperty(com.kms.katalon.core.testobject.ObjectRepository.findTestObject(StorePage/storeInputValue), "xpath", "equals", xpathval, true): Modify property of object successfully

2018-06-18 14:20:26 - [MESSAGE][PASSED] - Modify property of object successfully

2018-06-18 14:20:26 - [TEST_STEP][PASSED] - Statement - attr1 = com.kms.katalon.core.webui.keyword.WebUiBuiltInKeywords.getAttribute(LinkToSearch, "disabled"): Attribute 'disabled' of object 'Object Repository/StorePage/storeInputValue' is: 'true'

2018-06-18 14:20:26 - [MESSAGE][PASSED] - Attribute 'disabled' of object 'Object Repository/StorePage/storeInputValue' is: 'true'

2018-06-18 14:20:26 - [TEST_STEP][PASSED] - Statement - If (attr1): null

2018-06-18 14:20:26 - [TEST_STEP][PASSED] - Statement - xpathval = "//form[@name='store_submit']/table/tbody/tr[" + index + "]//input": null

2018-06-18 14:20:26 - [TEST_STEP][PASSED] - Statement - LinkToSearch = com.kms.katalon.core.webui.keyword.WebUiBuiltInKeywords.modifyObjectProperty(com.kms.katalon.core.testobject.ObjectRepository.findTestObject(StorePage/storeInputValue), "xpath", "equals", xpathval, true): Modify property of object successfully

2018-06-18 14:20:26 - [MESSAGE][PASSED] - Modify property of object successfully

2018-06-18 14:20:26 - [TEST_STEP][PASSED] - Statement - attr1 = com.kms.katalon.core.webui.keyword.WebUiBuiltInKeywords.getAttribute(LinkToSearch, "disabled"): Attribute 'disabled' of object 'Object Repository/StorePage/storeInputValue' is: 'true'

2018-06-18 14:20:26 - [MESSAGE][PASSED] - Attribute 'disabled' of object 'Object Repository/StorePage/storeInputValue' is: 'true'

2018-06-18 14:20:26 - [TEST_STEP][PASSED] - Statement - If (attr1): null

2018-06-18 14:20:26 - [TEST_STEP][PASSED] - Statement - s = inputFieldsResults[1]: null

2018-06-18 14:20:26 - [TEST_STEP][PASSED] - Statement - isEditable = false: null

2018-06-18 14:20:26 - [TEST_STEP][PASSED] - Statement - For ([j = 2, j < inputFieldsResults.size(), (j++)]): null

2018-06-18 14:20:26 - [TEST_STEP][PASSED] - Statement - s1 = inputFieldsResults[j]: null

2018-06-18 14:20:26 - [TEST_STEP][PASSED] - Statement - If (!(s1.equals(s))): null

2018-06-18 14:20:26 - [TEST_STEP][PASSED] - Statement - s1 = inputFieldsResults[j]: null

2018-06-18 14:20:26 - [TEST_STEP][PASSED] - Statement - If (!(s1.equals(s))): null

2018-06-18 14:20:26 - [TEST_STEP][PASSED] - Statement - s1 = inputFieldsResults[j]: null

2018-06-18 14:20:26 - [TEST_STEP][PASSED] - Statement - If (!(s1.equals(s))): null

2018-06-18 14:20:26 - [TEST_STEP][PASSED] - Statement - s1 = inputFieldsResults[j]: null

2018-06-18 14:20:26 - [TEST_STEP][PASSED] - Statement - If (!(s1.equals(s))): null

2018-06-18 14:20:26 - [TEST_STEP][PASSED] - Statement - s1 = inputFieldsResults[j]: null

2018-06-18 14:20:26 - [TEST_STEP][PASSED] - Statement - If (!(s1.equals(s))): null

2018-06-18 14:20:26 - [TEST_STEP][PASSED] - Statement - s1 = inputFieldsResults[j]: null

2018-06-18 14:20:26 - [TEST_STEP][PASSED] - Statement - If (!(s1.equals(s))): null

2018-06-18 14:20:26 - [TEST_STEP][PASSED] - Statement - s1 = inputFieldsResults[j]: null

2018-06-18 14:20:26 - [TEST_STEP][PASSED] - Statement - If (!(s1.equals(s))): null

2018-06-18 14:20:26 - [TEST_STEP][PASSED] - Statement - s1 = inputFieldsResults[j]: null

2018-06-18 14:20:26 - [TEST_STEP][PASSED] - Statement - If (!(s1.equals(s))): null

2018-06-18 14:20:26 - [TEST_STEP][PASSED] - Statement - s1 = inputFieldsResults[j]: null

2018-06-18 14:20:26 - [TEST_STEP][PASSED] - Statement - If (!(s1.equals(s))): null

2018-06-18 14:20:26 - [TEST_STEP][PASSED] - Statement - s1 = inputFieldsResults[j]: null

2018-06-18 14:20:26 - [TEST_STEP][PASSED] - Statement - If (!(s1.equals(s))): null

2018-06-18 14:20:26 - [TEST_STEP][PASSED] - Statement - s1 = inputFieldsResults[j]: null

2018-06-18 14:20:26 - [TEST_STEP][PASSED] - Statement - If (!(s1.equals(s))): null

2018-06-18 14:20:26 - [TEST_STEP][PASSED] - Statement - If (!(isEditable)): null

2018-06-18 14:20:26 - [TEST_STEP][PASSED] - Statement - out.println("Store fields are not editable"): null

2018-06-18 14:20:26 - [TEST_STEP][PASSED] - Statement - attrDisabled = com.kms.katalon.core.webui.keyword.WebUiBuiltInKeywords.getAttribute(com.kms.katalon.core.testobject.ObjectRepository.findTestObject(StorePage/storebrandName), "disabled"): Attribute 'disabled' of object 'Object Repository/StorePage/storebrandName' is: 'true'

2018-06-18 14:20:26 - [MESSAGE][PASSED] - Attribute 'disabled' of object 'Object Repository/StorePage/storebrandName' is: 'true'

2018-06-18 14:20:26 - [TEST_STEP][PASSED] - Statement - If (attrDisabled): null

2018-06-18 14:20:26 - [TEST_STEP][PASSED] - Statement - out.println("Store brand is disabled"): null

2018-06-18 14:20:26 - [TEST_STEP][PASSED] - Statement - attrDisabled = com.kms.katalon.core.webui.keyword.WebUiBuiltInKeywords.getAttribute(com.kms.katalon.core.testobject.ObjectRepository.findTestObject(StorePage/storeCountryName), "disabled"): Attribute 'disabled' of object 'Object Repository/StorePage/storeCountryName' is: 'true'

2018-06-18 14:20:26 - [MESSAGE][PASSED] - Attribute 'disabled' of object 'Object Repository/StorePage/storeCountryName' is: 'true'

2018-06-18 14:20:26 - [TEST_STEP][PASSED] - Statement - If (attrDisabled): null

2018-06-18 14:20:26 - [TEST_STEP][PASSED] - Statement - out.println("Store countryName is disabled"): null

2018-06-18 14:20:26 - [TEST_STEP][PASSED] - Statement - assert TCflag == true: null

2018-06-18 14:20:26 - [TEST_STEP][PASSED] - Start listener action : sampleAfterTestCase: Browser is closed

2018-06-18 14:20:26 - [TEST_STEP][PASSED] - Statement - println(testCaseContext.getTestCaseId()): null

2018-06-18 14:20:26 - [TEST_STEP][PASSED] - Statement - println(testCaseContext.getTestCaseStatus()): null

2018-06-18 14:20:26 - [TEST_STEP][PASSED] - closeBrowser: Browser is closed

2018-06-18 14:20:27 - [MESSAGE][PASSED] - Browser is closed]]></system-out>
         <system-err><![CDATA[]]></system-err>
      </testcase>
      <testcase name="Test Cases/CreateGroupTC/HME-StoreListPage-01" classname="Test Cases/CreateGroupTC/HME-StoreListPage-01" status="PASSED">
         <system-out><![CDATA[2018-06-18 14:20:27 - [TEST_CASE][PASSED] - Test Cases/CreateGroupTC/HME-StoreListPage-01: Browser is closed

2018-06-18 14:20:27 - [TEST_STEP][PASSED] - Start listener action : sampleBeforeTestCase: uiaction.CommonUIActions.deleteAllCookies is PASSED

2018-06-18 14:20:27 - [TEST_STEP][PASSED] - openBrowser: Browser is opened with url: ''

2018-06-18 14:20:29 - [MESSAGE][PASSED] - Browser is opened with url: ''

2018-06-18 14:20:29 - [TEST_STEP][PASSED] - maximizeWindow: Current window maximized

2018-06-18 14:20:30 - [MESSAGE][PASSED] - Current window maximized

2018-06-18 14:20:30 - [TEST_STEP][PASSED] - uiaction.CommonUIActions.deleteAllCookies: uiaction.CommonUIActions.deleteAllCookies is PASSED

2018-06-18 14:20:30 - [MESSAGE][PASSED] - Delete all cookies successfully

2018-06-18 14:20:30 - [MESSAGE][PASSED] - uiaction.CommonUIActions.deleteAllCookies is PASSED

2018-06-18 14:20:30 - [TEST_STEP][PASSED] - Statement - TCflag = true: null

2018-06-18 14:20:30 - [TEST_STEP][PASSED] - Statement - Try: uiaction.CommonUIActions.click is PASSED

2018-06-18 14:20:30 - [TEST_STEP][PASSED] - navigateToUrl: Navigate to 'https://hme-dev-public-cloud-app.azurewebsites.net/' successfully

2018-06-18 14:20:33 - [MESSAGE][PASSED] - Navigate to 'https://hme-dev-public-cloud-app.azurewebsites.net/' successfully

2018-06-18 14:20:33 - [TEST_STEP][PASSED] - Statement - driver = com.kms.katalon.core.webui.driver.DriverFactory.getWebDriver(): null

2018-06-18 14:20:33 - [TEST_STEP][PASSED] - projectSpecific.Reusability.login: projectSpecific.Reusability.login is PASSED

2018-06-18 14:20:33 - [MESSAGE][PASSED] - projectSpecific.Reusability.getTestData is PASSED

2018-06-18 14:20:33 - [MESSAGE][PASSED] - projectSpecific.Reusability.getTestData is PASSED

2018-06-18 14:20:33 - [MESSAGE][PASSED] - Text 'selvendrank@nousinfo.com' is set on object 'Object Repository/LoginPage/Username'

2018-06-18 14:20:33 - [MESSAGE][PASSED] - Text 'nous;123' is set on object 'Object Repository/LoginPage/Password'

2018-06-18 14:20:33 - [MESSAGE][PASSED] - Object: 'Object Repository/LoginPage/Login' is clicked on

2018-06-18 14:20:33 - [MESSAGE][PASSED] - projectSpecific.Reusability.login is PASSED

2018-06-18 14:20:33 - [TEST_STEP][PASSED] - uiaction.CommonUIActions.click: uiaction.CommonUIActions.click is PASSED

2018-06-18 14:21:10 - [MESSAGE][PASSED] - uiaction.CommonUIActions.click is PASSED

2018-06-18 14:21:10 - [TEST_STEP][PASSED] - delay: Delayed 10 second(s)

2018-06-18 14:21:20 - [MESSAGE][PASSED] - Delayed 10 second(s)

2018-06-18 14:21:20 - [TEST_STEP][PASSED] - uiaction.CommonUIActions.click: uiaction.CommonUIActions.click is PASSED

2018-06-18 14:21:37 - [MESSAGE][PASSED] - uiaction.CommonUIActions.click is PASSED

2018-06-18 14:21:37 - [TEST_STEP][PASSED] - verifyElementPresent: Object 'Object Repository/StorePage/StoreListHeading' is present

2018-06-18 14:21:37 - [MESSAGE][PASSED] - Object 'Object Repository/StorePage/StoreListHeading' is present

2018-06-18 14:21:37 - [TEST_STEP][PASSED] - uiaction.CommonUIActions.click: uiaction.CommonUIActions.click is PASSED

2018-06-18 14:21:48 - [MESSAGE][PASSED] - uiaction.CommonUIActions.click is PASSED

2018-06-18 14:21:48 - [TEST_STEP][PASSED] - verifyElementPresent: Object 'Object Repository/StorePage/ManageLeaderGroupsButton' is present

2018-06-18 14:21:48 - [MESSAGE][PASSED] - Object 'Object Repository/StorePage/ManageLeaderGroupsButton' is present

2018-06-18 14:21:48 - [TEST_STEP][PASSED] - verifyElementPresent: Object 'Object Repository/StorePage/ManageReportGroupsButtton' is present

2018-06-18 14:21:48 - [MESSAGE][PASSED] - Object 'Object Repository/StorePage/ManageReportGroupsButtton' is present

2018-06-18 14:21:48 - [TEST_STEP][PASSED] - uiaction.CommonUIActions.click: uiaction.CommonUIActions.click is PASSED

2018-06-18 14:21:52 - [MESSAGE][PASSED] - uiaction.CommonUIActions.click is PASSED

2018-06-18 14:21:52 - [TEST_STEP][PASSED] - Statement - assert TCflag == true: null

2018-06-18 14:21:52 - [TEST_STEP][PASSED] - Start listener action : sampleAfterTestCase: Browser is closed

2018-06-18 14:21:52 - [TEST_STEP][PASSED] - Statement - println(testCaseContext.getTestCaseId()): null

2018-06-18 14:21:52 - [TEST_STEP][PASSED] - Statement - println(testCaseContext.getTestCaseStatus()): null

2018-06-18 14:21:52 - [TEST_STEP][PASSED] - closeBrowser: Browser is closed

2018-06-18 14:21:53 - [MESSAGE][PASSED] - Browser is closed]]></system-out>
         <system-err><![CDATA[]]></system-err>
      </testcase>
      <testcase name="Test Cases/CreateGroupTC/HME-StoreListPage-02" classname="Test Cases/CreateGroupTC/HME-StoreListPage-02" status="FAILED">
         <failure type="FAILED" message="Web element with id: 'Object Repository/StorePage/ManageLeaderGroupsButton' located by 'By.xpath: //span[text()='Manage Leaderboard Groups']/..' not found"/>
         <system-out><![CDATA[2018-06-18 14:21:53 - [TEST_CASE][FAILED] - Test Cases/CreateGroupTC/HME-StoreListPage-02: Test Cases/CreateGroupTC/HME-StoreListPage-02 FAILED because (of) Web element with id: 'Object Repository/StorePage/ManageLeaderGroupsButton' located by 'By.xpath: //span[text()='Manage Leaderboard Groups']/..' not found

2018-06-18 14:21:53 - [TEST_STEP][PASSED] - Start listener action : sampleBeforeTestCase: uiaction.CommonUIActions.deleteAllCookies is PASSED

2018-06-18 14:21:53 - [TEST_STEP][PASSED] - openBrowser: Browser is opened with url: ''

2018-06-18 14:21:55 - [MESSAGE][PASSED] - Browser is opened with url: ''

2018-06-18 14:21:55 - [TEST_STEP][PASSED] - maximizeWindow: Current window maximized

2018-06-18 14:21:56 - [MESSAGE][PASSED] - Current window maximized

2018-06-18 14:21:56 - [TEST_STEP][PASSED] - uiaction.CommonUIActions.deleteAllCookies: uiaction.CommonUIActions.deleteAllCookies is PASSED

2018-06-18 14:21:56 - [MESSAGE][PASSED] - Delete all cookies successfully

2018-06-18 14:21:56 - [MESSAGE][PASSED] - uiaction.CommonUIActions.deleteAllCookies is PASSED

2018-06-18 14:21:56 - [TEST_STEP][PASSED] - Statement - TCflag = true: null

2018-06-18 14:21:56 - [TEST_STEP][FAILED] - Statement - Try: uiaction.CommonUIActions.click is PASSED

2018-06-18 14:21:56 - [TEST_STEP][PASSED] - navigateToUrl: Navigate to 'https://hme-dev-public-cloud-app.azurewebsites.net/' successfully

2018-06-18 14:21:59 - [MESSAGE][PASSED] - Navigate to 'https://hme-dev-public-cloud-app.azurewebsites.net/' successfully

2018-06-18 14:21:59 - [TEST_STEP][PASSED] - projectSpecific.Reusability.login: projectSpecific.Reusability.login is PASSED

2018-06-18 14:21:59 - [MESSAGE][PASSED] - projectSpecific.Reusability.getTestData is PASSED

2018-06-18 14:21:59 - [MESSAGE][PASSED] - projectSpecific.Reusability.getTestData is PASSED

2018-06-18 14:21:59 - [MESSAGE][PASSED] - Text 'sangeetha_gokul@yahoo.com' is set on object 'Object Repository/LoginPage/Username'

2018-06-18 14:21:59 - [MESSAGE][PASSED] - Text 'gvcd6bjk5g' is set on object 'Object Repository/LoginPage/Password'

2018-06-18 14:21:59 - [MESSAGE][PASSED] - Object: 'Object Repository/LoginPage/Login' is clicked on

2018-06-18 14:21:59 - [MESSAGE][PASSED] - projectSpecific.Reusability.login is PASSED

2018-06-18 14:21:59 - [TEST_STEP][PASSED] - delay: Delayed 10 second(s)

2018-06-18 14:22:09 - [MESSAGE][PASSED] - Delayed 10 second(s)

2018-06-18 14:22:09 - [TEST_STEP][PASSED] - uiaction.CommonUIActions.click: uiaction.CommonUIActions.click is PASSED

2018-06-18 14:22:22 - [MESSAGE][PASSED] - uiaction.CommonUIActions.click is PASSED

2018-06-18 14:22:22 - [TEST_STEP][PASSED] - delay: Delayed 10 second(s)

2018-06-18 14:22:32 - [MESSAGE][PASSED] - Delayed 10 second(s)

2018-06-18 14:22:32 - [TEST_STEP][PASSED] - uiaction.CommonUIActions.click: uiaction.CommonUIActions.click is PASSED

2018-06-18 14:22:43 - [MESSAGE][PASSED] - uiaction.CommonUIActions.click is PASSED

2018-06-18 14:22:43 - [TEST_STEP][PASSED] - verifyElementPresent: Object 'Object Repository/StorePage/StoreListHeading' is present

2018-06-18 14:22:43 - [MESSAGE][PASSED] - Object 'Object Repository/StorePage/StoreListHeading' is present

2018-06-18 14:22:43 - [TEST_STEP][PASSED] - uiaction.CommonUIActions.click: uiaction.CommonUIActions.click is PASSED

2018-06-18 14:22:54 - [MESSAGE][PASSED] - uiaction.CommonUIActions.click is PASSED

2018-06-18 14:22:54 - [TEST_STEP][FAILED] - verifyElementNotVisible: Web element with id: 'Object Repository/StorePage/ManageLeaderGroupsButton' located by 'By.xpath: //span[text()='Manage Leaderboard Groups']/..' not found

2018-06-18 14:23:25 - [MESSAGE][FAILED] - Web element with id: 'Object Repository/StorePage/ManageLeaderGroupsButton' located by 'By.xpath: //span[text()='Manage Leaderboard Groups']/..' not found
[[ATTACHMENT|C:\\Users\\shalinin\\Katalon Studio\\HME_Scripts\\Reports\\RegressionSuite\\20180618_135250\\1529312005132.png]]

2018-06-18 14:23:25 - [TEST_STEP][FAILED] - verifyElementNotVisible: Web element with id: 'Object Repository/StorePage/ManageReportGroupsButtton' located by 'By.xpath: //span[text()='Manage Report Groups']/..' not found

2018-06-18 14:23:56 - [MESSAGE][FAILED] - Web element with id: 'Object Repository/StorePage/ManageReportGroupsButtton' located by 'By.xpath: //span[text()='Manage Report Groups']/..' not found
[[ATTACHMENT|C:\\Users\\shalinin\\Katalon Studio\\HME_Scripts\\Reports\\RegressionSuite\\20180618_135250\\1529312035966.png]]

2018-06-18 14:23:56 - [TEST_STEP][PASSED] - uiaction.CommonUIActions.click: uiaction.CommonUIActions.click is PASSED

2018-06-18 14:24:01 - [MESSAGE][PASSED] - uiaction.CommonUIActions.click is PASSED

2018-06-18 14:24:01 - [TEST_STEP][PASSED] - Statement - assert TCflag == true: null

2018-06-18 14:24:01 - [TEST_STEP][PASSED] - Start listener action : sampleAfterTestCase: Browser is closed

2018-06-18 14:24:01 - [TEST_STEP][PASSED] - Statement - println(testCaseContext.getTestCaseId()): null

2018-06-18 14:24:01 - [TEST_STEP][PASSED] - Statement - println(testCaseContext.getTestCaseStatus()): null

2018-06-18 14:24:01 - [TEST_STEP][PASSED] - closeBrowser: Browser is closed

2018-06-18 14:24:01 - [MESSAGE][PASSED] - Browser is closed]]></system-out>
         <system-err><![CDATA[2018-06-18 14:21:53 - [TEST_CASE][FAILED] - Test Cases/CreateGroupTC/HME-StoreListPage-02: Test Cases/CreateGroupTC/HME-StoreListPage-02 FAILED because (of) Web element with id: 'Object Repository/StorePage/ManageLeaderGroupsButton' located by 'By.xpath: //span[text()='Manage Leaderboard Groups']/..' not found]]></system-err>
      </testcase>
      <system-out><![CDATA[2018-06-18 13:52:53 - [TEST_SUITE][FAILED] - RegressionSuite: Test Cases/CreateGroupTC/HME-CreateGroup-08 FAILED because (of) Unable to verify match between actual text 'Group already exist in the user account' and expected text 'Web element with id: 'Object Repository/ReportingGroupManagement/groupCreationErrorMessage' located by 'By.xpath: //div[@class='alert alert-danger'] 
' not found' (Root cause: Actual text 'Group already exist in the user account' and expected text 'Web element with id: 'Object Repository/ReportingGroupManagement/groupCreationErrorMessage' located by 'By.xpath: //div[@class='alert alert-danger'] 
' not found' are not matched)]]></system-out>
      <system-err><![CDATA[2018-06-18 13:52:53 - [TEST_SUITE][FAILED] - RegressionSuite: Test Cases/CreateGroupTC/HME-CreateGroup-08 FAILED because (of) Unable to verify match between actual text 'Group already exist in the user account' and expected text 'Web element with id: 'Object Repository/ReportingGroupManagement/groupCreationErrorMessage' located by 'By.xpath: //div[@class='alert alert-danger'] 
' not found' (Root cause: Actual text 'Group already exist in the user account' and expected text 'Web element with id: 'Object Repository/ReportingGroupManagement/groupCreationErrorMessage' located by 'By.xpath: //div[@class='alert alert-danger'] 
' not found' are not matched)]]></system-err>
   </testsuite>
</testsuites>
