<?xml version="1.0" encoding="UTF-8"?>
<testsuites name="RegressionSuite" time="2296" tests="11" failures="3" errors="0">
   <testsuite name="RegressionSuite" tests="11" failures="3" errors="0" time="2296" timestamp="2018-05-21 11:12:06" hostname="shalinin - NIBC2129.nousinfo.com" id="Test Suites/RegressionSuite">
      <properties>
         <property name="deviceName" value=""/>
         <property name="devicePlatform" value=""/>
         <property name="logFolder" value="C:\\Users\\shalinin\\Katalon Studio\\HME_Scripts\\Reports\\RegressionSuite\\20180521_111202"/>
         <property name="logFiles" value="C:\\Users\\shalinin\\Katalon Studio\\HME_Scripts\\Reports\\RegressionSuite\\20180521_111202\\execution0.log"/>
         <property name="attachments" value="C:\\Users\\shalinin\\Katalon Studio\\HME_Scripts\\Reports\\RegressionSuite\\20180521_111202\\1526881458206.png, C:\\Users\\shalinin\\Katalon Studio\\HME_Scripts\\Reports\\RegressionSuite\\20180521_111202\\1526881777214.png, C:\\Users\\shalinin\\Katalon Studio\\HME_Scripts\\Reports\\RegressionSuite\\20180521_111202\\1526882053426.png, C:\\Users\\shalinin\\Katalon Studio\\HME_Scripts\\Reports\\RegressionSuite\\20180521_111202\\1526882085208.png"/>
         <property name="hostName" value="shalinin - NIBC2129.nousinfo.com"/>
         <property name="os" value="Windows 7 64bit"/>
         <property name="katalonVersion" value="5.3.1.1"/>
         <property name="browser" value="Chrome 66.0.3359.181"/>
         <property name="hostAddress" value="192.168.24.72"/>
         <property name="sessionId" value="f19d68ccbfc7f02179d813bb511c435b"/>
         <property name="seleniumVersion" value="3.7.1"/>
         <property name="proxyInformation" value="ProxyInformation{proxyOption=NO_PROXY, proxyServerType=HTTP, password=, proxyServerAddress=, proxyServerPort=0}"/>
         <property name="platform" value="Windows 7"/>
      </properties>
      <testcase name="Test Cases/TimeZoneTC/HME-Browser-Timezone-01" classname="Test Cases/TimeZoneTC/HME-Browser-Timezone-01" status="FAILED">
         <failure type="FAILED" message="org.codehaus.groovy.runtime.powerassert.PowerAssertionError: assert TCflag==true
       |     |
       false false"/>
         <system-out><![CDATA[2018-05-21 11:12:06 - [TEST_CASE][FAILED] - Test Cases/TimeZoneTC/HME-Browser-Timezone-01: Test Cases/TimeZoneTC/HME-Browser-Timezone-01 FAILED because (of) org.codehaus.groovy.runtime.powerassert.PowerAssertionError: assert TCflag==true
       |     |
       false false

2018-05-21 11:12:06 - [TEST_STEP][PASSED] - Start listener action : sampleBeforeTestCase: uiaction.CommonUIActions.deleteAllCookies is PASSED

2018-05-21 11:12:06 - [TEST_STEP][PASSED] - openBrowser: Browser is opened with url: ''

2018-05-21 11:12:12 - [MESSAGE][PASSED] - Browser is opened with url: ''

2018-05-21 11:12:12 - [TEST_STEP][PASSED] - maximizeWindow: Current window maximized

2018-05-21 11:12:13 - [MESSAGE][PASSED] - Current window maximized

2018-05-21 11:12:13 - [TEST_STEP][PASSED] - uiaction.CommonUIActions.deleteAllCookies: uiaction.CommonUIActions.deleteAllCookies is PASSED

2018-05-21 11:12:13 - [MESSAGE][PASSED] - Delete all cookies successfully

2018-05-21 11:12:13 - [MESSAGE][PASSED] - uiaction.CommonUIActions.deleteAllCookies is PASSED

2018-05-21 11:12:14 - [TEST_STEP][PASSED] - Statement - TCflag = true: null

2018-05-21 11:12:14 - [TEST_STEP][PASSED] - Statement - Try: Taking screenshot successfully

2018-05-21 11:12:14 - [TEST_STEP][PASSED] - navigateToUrl: Navigate to 'https://hme-dev-public-cloud-app.azurewebsites.net/' successfully

2018-05-21 11:12:17 - [MESSAGE][PASSED] - Navigate to 'https://hme-dev-public-cloud-app.azurewebsites.net/' successfully

2018-05-21 11:12:17 - [TEST_STEP][PASSED] - projectSpecific.Reusability.login: projectSpecific.Reusability.login is PASSED

2018-05-21 11:12:18 - [MESSAGE][PASSED] - projectSpecific.Reusability.getTestData is PASSED

2018-05-21 11:12:18 - [MESSAGE][PASSED] - projectSpecific.Reusability.getTestData is PASSED

2018-05-21 11:12:19 - [MESSAGE][PASSED] - Text 'selvendrank@nousinfo.com' is set on object 'Object Repository/LoginPage/Username'

2018-05-21 11:12:19 - [MESSAGE][PASSED] - Text 'nous;123' is set on object 'Object Repository/LoginPage/Password'

2018-05-21 11:12:19 - [MESSAGE][PASSED] - Object: 'Object Repository/LoginPage/Login' is clicked on

2018-05-21 11:12:19 - [MESSAGE][PASSED] - projectSpecific.Reusability.login is PASSED

2018-05-21 11:12:19 - [TEST_STEP][PASSED] - delay: Delayed 10 second(s)

2018-05-21 11:12:29 - [MESSAGE][PASSED] - Delayed 10 second(s)

2018-05-21 11:12:29 - [TEST_STEP][PASSED] - Statement - welcomeMsg = CustomKeywords.uiaction.CommonUIActions.getText(com.kms.katalon.core.testobject.ObjectRepository.findTestObject(HomePage/welcomeMessage)): uiaction.CommonUIActions.getText is PASSED

2018-05-21 11:12:45 - [MESSAGE][PASSED] - uiaction.CommonUIActions.getText is PASSED

2018-05-21 11:12:45 - [TEST_STEP][PASSED] - Statement - expactedWelcomeMsg = CustomKeywords.projectSpecific.Reusability.getTestData("HomePage", "welcomeMessage"): projectSpecific.Reusability.getTestData is PASSED

2018-05-21 11:12:45 - [MESSAGE][PASSED] - projectSpecific.Reusability.getTestData is PASSED

2018-05-21 11:12:45 - [TEST_STEP][PASSED] - verifyMatch: Actual text 'Welcome to HME CLOUD, Selvendran!' and expected text 'Welcome to HME CLOUD, Selvendran!' are matched 

2018-05-21 11:12:45 - [MESSAGE][PASSED] - Actual text 'Welcome to HME CLOUD, Selvendran!' and expected text 'Welcome to HME CLOUD, Selvendran!' are matched 

2018-05-21 11:12:45 - [TEST_STEP][PASSED] - uiaction.CommonUIActions.click: uiaction.CommonUIActions.click is PASSED

2018-05-21 11:12:58 - [MESSAGE][PASSED] - uiaction.CommonUIActions.click is PASSED

2018-05-21 11:12:58 - [TEST_STEP][PASSED] - uiaction.CommonUIActions.click: uiaction.CommonUIActions.click is PASSED

2018-05-21 11:13:01 - [MESSAGE][PASSED] - uiaction.CommonUIActions.click is PASSED

2018-05-21 11:13:01 - [TEST_STEP][PASSED] - uiaction.CommonUIActions.click: uiaction.CommonUIActions.click is PASSED

2018-05-21 11:13:01 - [MESSAGE][PASSED] - uiaction.CommonUIActions.click is PASSED

2018-05-21 11:13:01 - [TEST_STEP][PASSED] - uiaction.CommonUIActions.click: uiaction.CommonUIActions.click is PASSED

2018-05-21 11:13:09 - [MESSAGE][PASSED] - uiaction.CommonUIActions.click is PASSED

2018-05-21 11:13:09 - [TEST_STEP][PASSED] - Statement - storeID = CustomKeywords.uiaction.CommonUIActions.getText(com.kms.katalon.core.testobject.ObjectRepository.findTestObject(StorePage/storeID)): uiaction.CommonUIActions.getText is PASSED

2018-05-21 11:13:09 - [MESSAGE][PASSED] - uiaction.CommonUIActions.getText is PASSED

2018-05-21 11:13:09 - [TEST_STEP][PASSED] - Statement - storenumber = storeID.trim(): null

2018-05-21 11:13:09 - [TEST_STEP][PASSED] - Statement - println(storenumber): null

2018-05-21 11:13:09 - [TEST_STEP][PASSED] - uiaction.CommonUIActions.click: uiaction.CommonUIActions.click is PASSED

2018-05-21 11:13:10 - [MESSAGE][PASSED] - uiaction.CommonUIActions.click is PASSED

2018-05-21 11:13:10 - [TEST_STEP][PASSED] - delay: Delayed 10 second(s)

2018-05-21 11:13:20 - [MESSAGE][PASSED] - Delayed 10 second(s)

2018-05-21 11:13:20 - [TEST_STEP][PASSED] - Statement - driver = com.kms.katalon.core.webui.driver.DriverFactory.getWebDriver(): null

2018-05-21 11:13:20 - [TEST_STEP][PASSED] - Statement - driver.findElement(org.openqa.selenium.By.xpath("//span[contains(text(),'" + storenumber.trim() + "')]")).click(): null

2018-05-21 11:13:21 - [TEST_STEP][PASSED] - click: Object: 'Object Repository/ReportsPage/timeSelection' is clicked on

2018-05-21 11:13:21 - [MESSAGE][PASSED] - Object: 'Object Repository/ReportsPage/timeSelection' is clicked on

2018-05-21 11:13:21 - [TEST_STEP][PASSED] - click: Object: 'Object Repository/ReportsPage/dayTimeOption' is clicked on

2018-05-21 11:13:21 - [MESSAGE][PASSED] - Object: 'Object Repository/ReportsPage/dayTimeOption' is clicked on

2018-05-21 11:13:21 - [TEST_STEP][PASSED] - click: Object: 'Object Repository/ReportsPage/summaryReportHeading' is clicked on

2018-05-21 11:13:21 - [MESSAGE][PASSED] - Object: 'Object Repository/ReportsPage/summaryReportHeading' is clicked on

2018-05-21 11:13:21 - [TEST_STEP][PASSED] - verifyElementText: Actual text and expected text of test object 'Object Repository/ReportsPage/dayTimeOption' are matched.

2018-05-21 11:13:21 - [MESSAGE][PASSED] - projectSpecific.Reusability.getTestData is PASSED

2018-05-21 11:13:21 - [MESSAGE][PASSED] - Actual text and expected text of test object 'Object Repository/ReportsPage/dayTimeOption' are matched.

2018-05-21 11:13:21 - [TEST_STEP][PASSED] - verifyElementText: Actual text and expected text of test object 'Object Repository/ReportsPage/criteriaTimeMeasureForDay' are matched.

2018-05-21 11:13:21 - [MESSAGE][PASSED] - projectSpecific.Reusability.getTestData is PASSED

2018-05-21 11:13:21 - [MESSAGE][PASSED] - Actual text and expected text of test object 'Object Repository/ReportsPage/criteriaTimeMeasureForDay' are matched.

2018-05-21 11:13:21 - [TEST_STEP][PASSED] - delay: Delayed 5 second(s)

2018-05-21 11:13:26 - [MESSAGE][PASSED] - Delayed 5 second(s)

2018-05-21 11:13:26 - [TEST_STEP][PASSED] - click: Object: 'Object Repository/ReportsPage/fromDateSelector' is clicked on

2018-05-21 11:13:26 - [MESSAGE][PASSED] - Object: 'Object Repository/ReportsPage/fromDateSelector' is clicked on

2018-05-21 11:13:26 - [TEST_STEP][PASSED] - delay: Delayed 5 second(s)

2018-05-21 11:13:31 - [MESSAGE][PASSED] - Delayed 5 second(s)

2018-05-21 11:13:31 - [TEST_STEP][PASSED] - Statement - monthText = com.kms.katalon.core.webui.keyword.WebUiBuiltInKeywords.getText(com.kms.katalon.core.testobject.ObjectRepository.findTestObject(ReportsPage/monthText)): Text of object 'Object Repository/ReportsPage/monthText' is: 'May 2018'

2018-05-21 11:13:31 - [MESSAGE][PASSED] - Text of object 'Object Repository/ReportsPage/monthText' is: 'May 2018'

2018-05-21 11:13:31 - [TEST_STEP][PASSED] - Statement - monthTextArray = monthText.split(" "): null

2018-05-21 11:13:31 - [TEST_STEP][PASSED] - Statement - month = monthTextArray[0]: null

2018-05-21 11:13:31 - [TEST_STEP][PASSED] - Statement - monthTextValue = CustomKeywords.projectSpecific.Reusability.getTestData("ReportsPage", "Month"): projectSpecific.Reusability.getTestData is PASSED

2018-05-21 11:13:31 - [MESSAGE][PASSED] - projectSpecific.Reusability.getTestData is PASSED

2018-05-21 11:13:31 - [TEST_STEP][PASSED] - Statement - If (!(monthTextValue.equals(month))): null

2018-05-21 11:13:31 - [TEST_STEP][PASSED] - Statement - While (!(monthTextValue.equals(month))): null

2018-05-21 11:13:31 - [TEST_STEP][PASSED] - click: Object: 'Object Repository/ReportsPage/previousDateSelector' is clicked on

2018-05-21 11:13:31 - [MESSAGE][PASSED] - Object: 'Object Repository/ReportsPage/previousDateSelector' is clicked on

2018-05-21 11:13:31 - [TEST_STEP][PASSED] - Statement - monthText = com.kms.katalon.core.webui.keyword.WebUiBuiltInKeywords.getText(com.kms.katalon.core.testobject.ObjectRepository.findTestObject(ReportsPage/monthText)): Text of object 'Object Repository/ReportsPage/monthText' is: 'April 2018'

2018-05-21 11:13:31 - [MESSAGE][PASSED] - Text of object 'Object Repository/ReportsPage/monthText' is: 'April 2018'

2018-05-21 11:13:31 - [TEST_STEP][PASSED] - Statement - monthTextArray = monthText.split(" "): null

2018-05-21 11:13:31 - [TEST_STEP][PASSED] - Statement - month = monthTextArray[0]: null

2018-05-21 11:13:31 - [TEST_STEP][PASSED] - click: Object: 'Object Repository/ReportsPage/previousDateSelector' is clicked on

2018-05-21 11:13:31 - [MESSAGE][PASSED] - Object: 'Object Repository/ReportsPage/previousDateSelector' is clicked on

2018-05-21 11:13:31 - [TEST_STEP][PASSED] - Statement - monthText = com.kms.katalon.core.webui.keyword.WebUiBuiltInKeywords.getText(com.kms.katalon.core.testobject.ObjectRepository.findTestObject(ReportsPage/monthText)): Text of object 'Object Repository/ReportsPage/monthText' is: 'March 2018'

2018-05-21 11:13:31 - [MESSAGE][PASSED] - Text of object 'Object Repository/ReportsPage/monthText' is: 'March 2018'

2018-05-21 11:13:31 - [TEST_STEP][PASSED] - Statement - monthTextArray = monthText.split(" "): null

2018-05-21 11:13:31 - [TEST_STEP][PASSED] - Statement - month = monthTextArray[0]: null

2018-05-21 11:13:31 - [TEST_STEP][PASSED] - Statement - data = CustomKeywords.projectSpecific.Reusability.getTestData("ReportsPage", "StartDate_March"): projectSpecific.Reusability.getTestData is PASSED

2018-05-21 11:13:31 - [MESSAGE][PASSED] - projectSpecific.Reusability.getTestData is PASSED

2018-05-21 11:13:31 - [TEST_STEP][PASSED] - Statement - startDate = "(//td[text()='" + data + "'])[1]": null

2018-05-21 11:13:31 - [TEST_STEP][PASSED] - Statement - println(startDate): null

2018-05-21 11:13:31 - [TEST_STEP][PASSED] - Statement - startdateEle = driver.findElement(org.openqa.selenium.By.xpath(startDate)): null

2018-05-21 11:13:31 - [TEST_STEP][PASSED] - Statement - startdateEle.click(): null

2018-05-21 11:13:32 - [TEST_STEP][PASSED] - delay: Delayed 5 second(s)

2018-05-21 11:13:37 - [MESSAGE][PASSED] - Delayed 5 second(s)

2018-05-21 11:13:37 - [TEST_STEP][PASSED] - click: Object: 'Object Repository/ReportsPage/toDateSelector' is clicked on

2018-05-21 11:13:37 - [MESSAGE][PASSED] - Object: 'Object Repository/ReportsPage/toDateSelector' is clicked on

2018-05-21 11:13:37 - [TEST_STEP][PASSED] - Statement - monthText = com.kms.katalon.core.webui.keyword.WebUiBuiltInKeywords.getText(com.kms.katalon.core.testobject.ObjectRepository.findTestObject(ReportsPage/monthText2)): Text of object 'Object Repository/ReportsPage/monthText2' is: 'May 2018'

2018-05-21 11:13:37 - [MESSAGE][PASSED] - Text of object 'Object Repository/ReportsPage/monthText2' is: 'May 2018'

2018-05-21 11:13:37 - [TEST_STEP][PASSED] - Statement - monthTextArray = monthText.split(" "): null

2018-05-21 11:13:37 - [TEST_STEP][PASSED] - Statement - month = monthTextArray[0]: null

2018-05-21 11:13:37 - [TEST_STEP][PASSED] - Statement - monthTextValue1 = CustomKeywords.projectSpecific.Reusability.getTestData("ReportsPage", "Month"): projectSpecific.Reusability.getTestData is PASSED

2018-05-21 11:13:37 - [MESSAGE][PASSED] - projectSpecific.Reusability.getTestData is PASSED

2018-05-21 11:13:37 - [TEST_STEP][PASSED] - Statement - If (!(monthTextValue1.equals(month))): null

2018-05-21 11:13:37 - [TEST_STEP][PASSED] - Statement - While (!(monthTextValue1.equals(month))): null

2018-05-21 11:13:37 - [TEST_STEP][PASSED] - click: Object: 'Object Repository/ReportsPage/previousDateSelector2' is clicked on

2018-05-21 11:13:37 - [MESSAGE][PASSED] - Object: 'Object Repository/ReportsPage/previousDateSelector2' is clicked on

2018-05-21 11:13:37 - [TEST_STEP][PASSED] - Statement - monthText = com.kms.katalon.core.webui.keyword.WebUiBuiltInKeywords.getText(com.kms.katalon.core.testobject.ObjectRepository.findTestObject(ReportsPage/monthText2)): Text of object 'Object Repository/ReportsPage/monthText2' is: 'April 2018'

2018-05-21 11:13:37 - [MESSAGE][PASSED] - Text of object 'Object Repository/ReportsPage/monthText2' is: 'April 2018'

2018-05-21 11:13:37 - [TEST_STEP][PASSED] - Statement - monthTextArray = monthText.split(" "): null

2018-05-21 11:13:37 - [TEST_STEP][PASSED] - Statement - month = monthTextArray[0]: null

2018-05-21 11:13:37 - [TEST_STEP][PASSED] - click: Object: 'Object Repository/ReportsPage/previousDateSelector2' is clicked on

2018-05-21 11:13:37 - [MESSAGE][PASSED] - Object: 'Object Repository/ReportsPage/previousDateSelector2' is clicked on

2018-05-21 11:13:37 - [TEST_STEP][PASSED] - Statement - monthText = com.kms.katalon.core.webui.keyword.WebUiBuiltInKeywords.getText(com.kms.katalon.core.testobject.ObjectRepository.findTestObject(ReportsPage/monthText2)): Text of object 'Object Repository/ReportsPage/monthText2' is: 'March 2018'

2018-05-21 11:13:37 - [MESSAGE][PASSED] - Text of object 'Object Repository/ReportsPage/monthText2' is: 'March 2018'

2018-05-21 11:13:37 - [TEST_STEP][PASSED] - Statement - monthTextArray = monthText.split(" "): null

2018-05-21 11:13:37 - [TEST_STEP][PASSED] - Statement - month = monthTextArray[0]: null

2018-05-21 11:13:37 - [TEST_STEP][PASSED] - Statement - endDate = CustomKeywords.projectSpecific.Reusability.getTestData("ReportsPage", "EndDate_March"): projectSpecific.Reusability.getTestData is PASSED

2018-05-21 11:13:37 - [MESSAGE][PASSED] - projectSpecific.Reusability.getTestData is PASSED

2018-05-21 11:13:37 - [TEST_STEP][PASSED] - Statement - toDate = "(//td[text()='" + endDate + "'])[2]": null

2018-05-21 11:13:37 - [TEST_STEP][PASSED] - Statement - println(toDate): null

2018-05-21 11:13:37 - [TEST_STEP][PASSED] - Statement - toDateEle = driver.findElement(org.openqa.selenium.By.xpath(toDate)): null

2018-05-21 11:13:37 - [TEST_STEP][PASSED] - Statement - toDateEle.click(): null

2018-05-21 11:13:37 - [TEST_STEP][PASSED] - delay: Delayed 5 second(s)

2018-05-21 11:13:42 - [MESSAGE][PASSED] - Delayed 5 second(s)

2018-05-21 11:13:42 - [TEST_STEP][PASSED] - Statement - dateAttr = com.kms.katalon.core.webui.keyword.WebUiBuiltInKeywords.getAttribute(com.kms.katalon.core.testobject.ObjectRepository.findTestObject(ReportsPage/selectedDate1), "value"): Attribute 'value' of object 'Object Repository/ReportsPage/selectedDate1' is: '03/09/2018'

2018-05-21 11:13:42 - [MESSAGE][PASSED] - Attribute 'value' of object 'Object Repository/ReportsPage/selectedDate1' is: '03/09/2018'

2018-05-21 11:13:42 - [TEST_STEP][PASSED] - Statement - fromDateValue = CustomKeywords.projectSpecific.Reusability.getTestData("ReportsPage", "fromDate_March"): projectSpecific.Reusability.getTestData is PASSED

2018-05-21 11:13:42 - [MESSAGE][PASSED] - projectSpecific.Reusability.getTestData is PASSED

2018-05-21 11:13:42 - [TEST_STEP][PASSED] - Statement - If (!(dateAttr.equals(fromDateValue))): null

2018-05-21 11:13:42 - [TEST_STEP][PASSED] - Statement - dateAttr = com.kms.katalon.core.webui.keyword.WebUiBuiltInKeywords.getAttribute(com.kms.katalon.core.testobject.ObjectRepository.findTestObject(ReportsPage/selectedDate2), "value"): Attribute 'value' of object 'Object Repository/ReportsPage/selectedDate2' is: '03/10/2018'

2018-05-21 11:13:42 - [MESSAGE][PASSED] - Attribute 'value' of object 'Object Repository/ReportsPage/selectedDate2' is: '03/10/2018'

2018-05-21 11:13:42 - [TEST_STEP][PASSED] - Statement - toDateValue = CustomKeywords.projectSpecific.Reusability.getTestData("ReportsPage", "toDate_March"): projectSpecific.Reusability.getTestData is PASSED

2018-05-21 11:13:42 - [MESSAGE][PASSED] - projectSpecific.Reusability.getTestData is PASSED

2018-05-21 11:13:42 - [TEST_STEP][PASSED] - Statement - If (!(dateAttr.equals(toDateValue))): null

2018-05-21 11:13:42 - [TEST_STEP][PASSED] - click: Object: 'Object Repository/ReportsPage/generateReport' is clicked on

2018-05-21 11:13:42 - [MESSAGE][PASSED] - Object: 'Object Repository/ReportsPage/generateReport' is clicked on

2018-05-21 11:13:42 - [TEST_STEP][PASSED] - delay: Delayed 15 second(s)

2018-05-21 11:13:57 - [MESSAGE][PASSED] - Delayed 15 second(s)

2018-05-21 11:13:57 - [TEST_STEP][PASSED] - Statement - printTime = CustomKeywords.uiaction.CommonUIActions.getText(com.kms.katalon.core.testobject.ObjectRepository.findTestObject(SummarizedReportPage/printTime)): uiaction.CommonUIActions.getText is PASSED

2018-05-21 11:14:18 - [MESSAGE][PASSED] - uiaction.CommonUIActions.getText is PASSED

2018-05-21 11:14:18 - [TEST_STEP][PASSED] - Statement - cal = java.util.Calendar.getInstance(): null

2018-05-21 11:14:18 - [TEST_STEP][PASSED] - Statement - sdf = new java.text.SimpleDateFormat(hh:mm a): null

2018-05-21 11:14:18 - [TEST_STEP][PASSED] - Statement - currentSystemTime = sdf.format(cal.getTime()): null

2018-05-21 11:14:18 - [TEST_STEP][PASSED] - Statement - out.println(currentSystemTime): null

2018-05-21 11:14:18 - [TEST_STEP][PASSED] - Statement - If (printTime == currentSystemTime): null

2018-05-21 11:14:18 - [TEST_STEP][PASSED] - Statement - Else: Taking screenshot successfully

2018-05-21 11:14:18 - [TEST_STEP][PASSED] - Statement - If (TCflag): null

2018-05-21 11:14:18 - [TEST_STEP][PASSED] - Statement - out.println("Print Time is not displayed the current local time "): null

2018-05-21 11:14:18 - [TEST_STEP][PASSED] - takeScreenshot: Taking screenshot successfully

2018-05-21 11:14:18 - [MESSAGE][PASSED] - Taking screenshot successfully
[[ATTACHMENT|C:\\Users\\shalinin\\Katalon Studio\\HME_Scripts\\Reports\\RegressionSuite\\20180521_111202\\1526881458206.png]]

2018-05-21 11:14:18 - [TEST_STEP][PASSED] - Statement - assert TCflag == true: null

2018-05-21 11:14:18 - [TEST_STEP][PASSED] - Start listener action : sampleAfterTestCase: Browser is closed

2018-05-21 11:14:18 - [TEST_STEP][PASSED] - Statement - println(testCaseContext.getTestCaseId()): null

2018-05-21 11:14:18 - [TEST_STEP][PASSED] - Statement - println(testCaseContext.getTestCaseStatus()): null

2018-05-21 11:14:18 - [TEST_STEP][PASSED] - closeBrowser: Browser is closed

2018-05-21 11:14:19 - [MESSAGE][PASSED] - Browser is closed]]></system-out>
         <system-err><![CDATA[2018-05-21 11:12:06 - [TEST_CASE][FAILED] - Test Cases/TimeZoneTC/HME-Browser-Timezone-01: Test Cases/TimeZoneTC/HME-Browser-Timezone-01 FAILED because (of) org.codehaus.groovy.runtime.powerassert.PowerAssertionError: assert TCflag==true
       |     |
       false false]]></system-err>
      </testcase>
      <testcase name="Test Cases/TimeZoneTC/HME-Browser-Timezone-02" classname="Test Cases/TimeZoneTC/HME-Browser-Timezone-02" status="PASSED">
         <system-out><![CDATA[2018-05-21 11:14:19 - [TEST_CASE][PASSED] - Test Cases/TimeZoneTC/HME-Browser-Timezone-02: Browser is closed

2018-05-21 11:14:19 - [TEST_STEP][PASSED] - Start listener action : sampleBeforeTestCase: uiaction.CommonUIActions.deleteAllCookies is PASSED

2018-05-21 11:14:19 - [TEST_STEP][PASSED] - openBrowser: Browser is opened with url: ''

2018-05-21 11:14:21 - [MESSAGE][PASSED] - Browser is opened with url: ''

2018-05-21 11:14:21 - [TEST_STEP][PASSED] - maximizeWindow: Current window maximized

2018-05-21 11:14:22 - [MESSAGE][PASSED] - Current window maximized

2018-05-21 11:14:22 - [TEST_STEP][PASSED] - uiaction.CommonUIActions.deleteAllCookies: uiaction.CommonUIActions.deleteAllCookies is PASSED

2018-05-21 11:14:22 - [MESSAGE][PASSED] - Delete all cookies successfully

2018-05-21 11:14:22 - [MESSAGE][PASSED] - uiaction.CommonUIActions.deleteAllCookies is PASSED

2018-05-21 11:14:23 - [TEST_STEP][PASSED] - Statement - TCflag = true: null

2018-05-21 11:14:23 - [TEST_STEP][PASSED] - Statement - Try: null

2018-05-21 11:14:23 - [TEST_STEP][PASSED] - navigateToUrl: Navigate to 'https://hme-dev-public-cloud-app.azurewebsites.net/' successfully

2018-05-21 11:14:25 - [MESSAGE][PASSED] - Navigate to 'https://hme-dev-public-cloud-app.azurewebsites.net/' successfully

2018-05-21 11:14:25 - [TEST_STEP][PASSED] - projectSpecific.Reusability.login: projectSpecific.Reusability.login is PASSED

2018-05-21 11:14:25 - [MESSAGE][PASSED] - projectSpecific.Reusability.getTestData is PASSED

2018-05-21 11:14:25 - [MESSAGE][PASSED] - projectSpecific.Reusability.getTestData is PASSED

2018-05-21 11:14:25 - [MESSAGE][PASSED] - Text 'selvendrank@nousinfo.com' is set on object 'Object Repository/LoginPage/Username'

2018-05-21 11:14:26 - [MESSAGE][PASSED] - Text 'nous;123' is set on object 'Object Repository/LoginPage/Password'

2018-05-21 11:14:26 - [MESSAGE][PASSED] - Object: 'Object Repository/LoginPage/Login' is clicked on

2018-05-21 11:14:26 - [MESSAGE][PASSED] - projectSpecific.Reusability.login is PASSED

2018-05-21 11:14:26 - [TEST_STEP][PASSED] - delay: Delayed 10 second(s)

2018-05-21 11:14:36 - [MESSAGE][PASSED] - Delayed 10 second(s)

2018-05-21 11:14:36 - [TEST_STEP][PASSED] - Statement - welcomeMsg = CustomKeywords.uiaction.CommonUIActions.getText(com.kms.katalon.core.testobject.ObjectRepository.findTestObject(HomePage/welcomeMessage)): uiaction.CommonUIActions.getText is PASSED

2018-05-21 11:14:51 - [MESSAGE][PASSED] - uiaction.CommonUIActions.getText is PASSED

2018-05-21 11:14:51 - [TEST_STEP][PASSED] - Statement - expactedWelcomeMsg = CustomKeywords.projectSpecific.Reusability.getTestData("HomePage", "welcomeMessage"): projectSpecific.Reusability.getTestData is PASSED

2018-05-21 11:14:51 - [MESSAGE][PASSED] - projectSpecific.Reusability.getTestData is PASSED

2018-05-21 11:14:51 - [TEST_STEP][PASSED] - verifyMatch: Actual text 'Welcome to HME CLOUD, Selvendran!' and expected text 'Welcome to HME CLOUD, Selvendran!' are matched 

2018-05-21 11:14:51 - [MESSAGE][PASSED] - Actual text 'Welcome to HME CLOUD, Selvendran!' and expected text 'Welcome to HME CLOUD, Selvendran!' are matched 

2018-05-21 11:14:51 - [TEST_STEP][PASSED] - uiaction.CommonUIActions.click: uiaction.CommonUIActions.click is PASSED

2018-05-21 11:15:04 - [MESSAGE][PASSED] - uiaction.CommonUIActions.click is PASSED

2018-05-21 11:15:04 - [TEST_STEP][PASSED] - uiaction.CommonUIActions.click: uiaction.CommonUIActions.click is PASSED

2018-05-21 11:15:06 - [MESSAGE][PASSED] - uiaction.CommonUIActions.click is PASSED

2018-05-21 11:15:06 - [TEST_STEP][PASSED] - uiaction.CommonUIActions.click: uiaction.CommonUIActions.click is PASSED

2018-05-21 11:15:06 - [MESSAGE][PASSED] - uiaction.CommonUIActions.click is PASSED

2018-05-21 11:15:06 - [TEST_STEP][PASSED] - uiaction.CommonUIActions.click: uiaction.CommonUIActions.click is PASSED

2018-05-21 11:15:12 - [MESSAGE][PASSED] - uiaction.CommonUIActions.click is PASSED

2018-05-21 11:15:12 - [TEST_STEP][PASSED] - Statement - storeID = CustomKeywords.uiaction.CommonUIActions.getText(com.kms.katalon.core.testobject.ObjectRepository.findTestObject(StorePage/storeID)): uiaction.CommonUIActions.getText is PASSED

2018-05-21 11:15:12 - [MESSAGE][PASSED] - uiaction.CommonUIActions.getText is PASSED

2018-05-21 11:15:12 - [TEST_STEP][PASSED] - Statement - storenumber = storeID.trim(): null

2018-05-21 11:15:12 - [TEST_STEP][PASSED] - Statement - println(storenumber): null

2018-05-21 11:15:12 - [TEST_STEP][PASSED] - uiaction.CommonUIActions.click: uiaction.CommonUIActions.click is PASSED

2018-05-21 11:15:14 - [MESSAGE][PASSED] - uiaction.CommonUIActions.click is PASSED

2018-05-21 11:15:14 - [TEST_STEP][PASSED] - delay: Delayed 10 second(s)

2018-05-21 11:15:24 - [MESSAGE][PASSED] - Delayed 10 second(s)

2018-05-21 11:15:24 - [TEST_STEP][PASSED] - Statement - driver = com.kms.katalon.core.webui.driver.DriverFactory.getWebDriver(): null

2018-05-21 11:15:24 - [TEST_STEP][PASSED] - Statement - driver.findElement(org.openqa.selenium.By.xpath("//span[contains(text(),'" + storenumber.trim() + "')]")).click(): null

2018-05-21 11:15:24 - [TEST_STEP][PASSED] - click: Object: 'Object Repository/ReportsPage/timeSelection' is clicked on

2018-05-21 11:15:25 - [MESSAGE][PASSED] - Object: 'Object Repository/ReportsPage/timeSelection' is clicked on

2018-05-21 11:15:25 - [TEST_STEP][PASSED] - click: Object: 'Object Repository/ReportsPage/daypartTimeOption' is clicked on

2018-05-21 11:15:25 - [MESSAGE][PASSED] - Object: 'Object Repository/ReportsPage/daypartTimeOption' is clicked on

2018-05-21 11:15:25 - [TEST_STEP][PASSED] - click: Object: 'Object Repository/ReportsPage/summaryReportHeading' is clicked on

2018-05-21 11:15:25 - [MESSAGE][PASSED] - Object: 'Object Repository/ReportsPage/summaryReportHeading' is clicked on

2018-05-21 11:15:25 - [TEST_STEP][PASSED] - verifyElementText: Actual text and expected text of test object 'Object Repository/ReportsPage/daypartTimeOption' are matched.

2018-05-21 11:15:25 - [MESSAGE][PASSED] - projectSpecific.Reusability.getTestData is PASSED

2018-05-21 11:15:25 - [MESSAGE][PASSED] - Actual text and expected text of test object 'Object Repository/ReportsPage/daypartTimeOption' are matched.

2018-05-21 11:15:25 - [TEST_STEP][PASSED] - verifyElementText: Actual text and expected text of test object 'Object Repository/ReportsPage/criteriaTimeMeasureFordaypart' are matched.

2018-05-21 11:15:25 - [MESSAGE][PASSED] - projectSpecific.Reusability.getTestData is PASSED

2018-05-21 11:15:25 - [MESSAGE][PASSED] - Actual text and expected text of test object 'Object Repository/ReportsPage/criteriaTimeMeasureFordaypart' are matched.

2018-05-21 11:15:25 - [TEST_STEP][PASSED] - delay: Delayed 5 second(s)

2018-05-21 11:15:30 - [MESSAGE][PASSED] - Delayed 5 second(s)

2018-05-21 11:15:30 - [TEST_STEP][PASSED] - click: Object: 'Object Repository/ReportsPage/fromDateSelector' is clicked on

2018-05-21 11:15:30 - [MESSAGE][PASSED] - Object: 'Object Repository/ReportsPage/fromDateSelector' is clicked on

2018-05-21 11:15:30 - [TEST_STEP][PASSED] - delay: Delayed 5 second(s)

2018-05-21 11:15:35 - [MESSAGE][PASSED] - Delayed 5 second(s)

2018-05-21 11:15:35 - [TEST_STEP][PASSED] - Statement - monthText = com.kms.katalon.core.webui.keyword.WebUiBuiltInKeywords.getText(com.kms.katalon.core.testobject.ObjectRepository.findTestObject(ReportsPage/monthText)): Text of object 'Object Repository/ReportsPage/monthText' is: 'May 2018'

2018-05-21 11:15:35 - [MESSAGE][PASSED] - Text of object 'Object Repository/ReportsPage/monthText' is: 'May 2018'

2018-05-21 11:15:35 - [TEST_STEP][PASSED] - Statement - monthTextArray = monthText.split(" "): null

2018-05-21 11:15:35 - [TEST_STEP][PASSED] - Statement - month = monthTextArray[0]: null

2018-05-21 11:15:35 - [TEST_STEP][PASSED] - Statement - monthTextValue = CustomKeywords.projectSpecific.Reusability.getTestData("ReportsPage", "Month"): projectSpecific.Reusability.getTestData is PASSED

2018-05-21 11:15:35 - [MESSAGE][PASSED] - projectSpecific.Reusability.getTestData is PASSED

2018-05-21 11:15:35 - [TEST_STEP][PASSED] - Statement - If (!(monthTextValue.equals(month))): null

2018-05-21 11:15:35 - [TEST_STEP][PASSED] - Statement - While (!(monthTextValue.equals(month))): null

2018-05-21 11:15:35 - [TEST_STEP][PASSED] - click: Object: 'Object Repository/ReportsPage/previousDateSelector' is clicked on

2018-05-21 11:15:35 - [MESSAGE][PASSED] - Object: 'Object Repository/ReportsPage/previousDateSelector' is clicked on

2018-05-21 11:15:35 - [TEST_STEP][PASSED] - Statement - monthText = com.kms.katalon.core.webui.keyword.WebUiBuiltInKeywords.getText(com.kms.katalon.core.testobject.ObjectRepository.findTestObject(ReportsPage/monthText)): Text of object 'Object Repository/ReportsPage/monthText' is: 'April 2018'

2018-05-21 11:15:35 - [MESSAGE][PASSED] - Text of object 'Object Repository/ReportsPage/monthText' is: 'April 2018'

2018-05-21 11:15:35 - [TEST_STEP][PASSED] - Statement - monthTextArray = monthText.split(" "): null

2018-05-21 11:15:35 - [TEST_STEP][PASSED] - Statement - month = monthTextArray[0]: null

2018-05-21 11:15:35 - [TEST_STEP][PASSED] - click: Object: 'Object Repository/ReportsPage/previousDateSelector' is clicked on

2018-05-21 11:15:35 - [MESSAGE][PASSED] - Object: 'Object Repository/ReportsPage/previousDateSelector' is clicked on

2018-05-21 11:15:35 - [TEST_STEP][PASSED] - Statement - monthText = com.kms.katalon.core.webui.keyword.WebUiBuiltInKeywords.getText(com.kms.katalon.core.testobject.ObjectRepository.findTestObject(ReportsPage/monthText)): Text of object 'Object Repository/ReportsPage/monthText' is: 'March 2018'

2018-05-21 11:15:35 - [MESSAGE][PASSED] - Text of object 'Object Repository/ReportsPage/monthText' is: 'March 2018'

2018-05-21 11:15:35 - [TEST_STEP][PASSED] - Statement - monthTextArray = monthText.split(" "): null

2018-05-21 11:15:35 - [TEST_STEP][PASSED] - Statement - month = monthTextArray[0]: null

2018-05-21 11:15:35 - [TEST_STEP][PASSED] - Statement - data = CustomKeywords.projectSpecific.Reusability.getTestData("ReportsPage", "StartDate_March1"): projectSpecific.Reusability.getTestData is PASSED

2018-05-21 11:15:35 - [MESSAGE][PASSED] - projectSpecific.Reusability.getTestData is PASSED

2018-05-21 11:15:35 - [TEST_STEP][PASSED] - Statement - startDate = "(//td[text()='" + data + "'])[1]": null

2018-05-21 11:15:35 - [TEST_STEP][PASSED] - Statement - println(startDate): null

2018-05-21 11:15:35 - [TEST_STEP][PASSED] - Statement - startdateEle = driver.findElement(org.openqa.selenium.By.xpath(startDate)): null

2018-05-21 11:15:35 - [TEST_STEP][PASSED] - Statement - startdateEle.click(): null

2018-05-21 11:15:35 - [TEST_STEP][PASSED] - delay: Delayed 5 second(s)

2018-05-21 11:15:40 - [MESSAGE][PASSED] - Delayed 5 second(s)

2018-05-21 11:15:40 - [TEST_STEP][PASSED] - click: Object: 'Object Repository/ReportsPage/toDateSelector' is clicked on

2018-05-21 11:15:40 - [MESSAGE][PASSED] - Object: 'Object Repository/ReportsPage/toDateSelector' is clicked on

2018-05-21 11:15:40 - [TEST_STEP][PASSED] - Statement - monthText = com.kms.katalon.core.webui.keyword.WebUiBuiltInKeywords.getText(com.kms.katalon.core.testobject.ObjectRepository.findTestObject(ReportsPage/monthText2)): Text of object 'Object Repository/ReportsPage/monthText2' is: 'May 2018'

2018-05-21 11:15:40 - [MESSAGE][PASSED] - Text of object 'Object Repository/ReportsPage/monthText2' is: 'May 2018'

2018-05-21 11:15:40 - [TEST_STEP][PASSED] - Statement - monthTextArray = monthText.split(" "): null

2018-05-21 11:15:40 - [TEST_STEP][PASSED] - Statement - month = monthTextArray[0]: null

2018-05-21 11:15:40 - [TEST_STEP][PASSED] - Statement - monthTextValue1 = CustomKeywords.projectSpecific.Reusability.getTestData("ReportsPage", "Month"): projectSpecific.Reusability.getTestData is PASSED

2018-05-21 11:15:40 - [MESSAGE][PASSED] - projectSpecific.Reusability.getTestData is PASSED

2018-05-21 11:15:40 - [TEST_STEP][PASSED] - Statement - If (!(monthTextValue1.equals(month))): null

2018-05-21 11:15:40 - [TEST_STEP][PASSED] - Statement - While (!(monthTextValue1.equals(month))): null

2018-05-21 11:15:40 - [TEST_STEP][PASSED] - click: Object: 'Object Repository/ReportsPage/previousDateSelector2' is clicked on

2018-05-21 11:15:40 - [MESSAGE][PASSED] - Object: 'Object Repository/ReportsPage/previousDateSelector2' is clicked on

2018-05-21 11:15:40 - [TEST_STEP][PASSED] - Statement - monthText = com.kms.katalon.core.webui.keyword.WebUiBuiltInKeywords.getText(com.kms.katalon.core.testobject.ObjectRepository.findTestObject(ReportsPage/monthText2)): Text of object 'Object Repository/ReportsPage/monthText2' is: 'April 2018'

2018-05-21 11:15:40 - [MESSAGE][PASSED] - Text of object 'Object Repository/ReportsPage/monthText2' is: 'April 2018'

2018-05-21 11:15:40 - [TEST_STEP][PASSED] - Statement - monthTextArray = monthText.split(" "): null

2018-05-21 11:15:40 - [TEST_STEP][PASSED] - Statement - month = monthTextArray[0]: null

2018-05-21 11:15:40 - [TEST_STEP][PASSED] - click: Object: 'Object Repository/ReportsPage/previousDateSelector2' is clicked on

2018-05-21 11:15:41 - [MESSAGE][PASSED] - Object: 'Object Repository/ReportsPage/previousDateSelector2' is clicked on

2018-05-21 11:15:41 - [TEST_STEP][PASSED] - Statement - monthText = com.kms.katalon.core.webui.keyword.WebUiBuiltInKeywords.getText(com.kms.katalon.core.testobject.ObjectRepository.findTestObject(ReportsPage/monthText2)): Text of object 'Object Repository/ReportsPage/monthText2' is: 'March 2018'

2018-05-21 11:15:41 - [MESSAGE][PASSED] - Text of object 'Object Repository/ReportsPage/monthText2' is: 'March 2018'

2018-05-21 11:15:41 - [TEST_STEP][PASSED] - Statement - monthTextArray = monthText.split(" "): null

2018-05-21 11:15:41 - [TEST_STEP][PASSED] - Statement - month = monthTextArray[0]: null

2018-05-21 11:15:41 - [TEST_STEP][PASSED] - Statement - endDate = CustomKeywords.projectSpecific.Reusability.getTestData("ReportsPage", "EndDate_March1"): projectSpecific.Reusability.getTestData is PASSED

2018-05-21 11:15:41 - [MESSAGE][PASSED] - projectSpecific.Reusability.getTestData is PASSED

2018-05-21 11:15:41 - [TEST_STEP][PASSED] - Statement - toDate = "(//td[text()='" + endDate + "'])[2]": null

2018-05-21 11:15:41 - [TEST_STEP][PASSED] - Statement - println(toDate): null

2018-05-21 11:15:41 - [TEST_STEP][PASSED] - Statement - toDateEle = driver.findElement(org.openqa.selenium.By.xpath(toDate)): null

2018-05-21 11:15:41 - [TEST_STEP][PASSED] - Statement - toDateEle.click(): null

2018-05-21 11:15:41 - [TEST_STEP][PASSED] - delay: Delayed 5 second(s)

2018-05-21 11:15:46 - [MESSAGE][PASSED] - Delayed 5 second(s)

2018-05-21 11:15:46 - [TEST_STEP][PASSED] - Statement - dateAttr = com.kms.katalon.core.webui.keyword.WebUiBuiltInKeywords.getAttribute(com.kms.katalon.core.testobject.ObjectRepository.findTestObject(ReportsPage/selectedDate1), "value"): Attribute 'value' of object 'Object Repository/ReportsPage/selectedDate1' is: '03/12/2018'

2018-05-21 11:15:46 - [MESSAGE][PASSED] - Attribute 'value' of object 'Object Repository/ReportsPage/selectedDate1' is: '03/12/2018'

2018-05-21 11:15:46 - [TEST_STEP][PASSED] - Statement - fromDateValue = CustomKeywords.projectSpecific.Reusability.getTestData("ReportsPage", "fromDate_March1"): projectSpecific.Reusability.getTestData is PASSED

2018-05-21 11:15:46 - [MESSAGE][PASSED] - projectSpecific.Reusability.getTestData is PASSED

2018-05-21 11:15:46 - [TEST_STEP][PASSED] - Statement - If (!(dateAttr.equals(fromDateValue))): null

2018-05-21 11:15:46 - [TEST_STEP][PASSED] - Statement - dateAttr = com.kms.katalon.core.webui.keyword.WebUiBuiltInKeywords.getAttribute(com.kms.katalon.core.testobject.ObjectRepository.findTestObject(ReportsPage/selectedDate2), "value"): Attribute 'value' of object 'Object Repository/ReportsPage/selectedDate2' is: '03/13/2018'

2018-05-21 11:15:46 - [MESSAGE][PASSED] - Attribute 'value' of object 'Object Repository/ReportsPage/selectedDate2' is: '03/13/2018'

2018-05-21 11:15:46 - [TEST_STEP][PASSED] - Statement - toDateValue = CustomKeywords.projectSpecific.Reusability.getTestData("ReportsPage", "toDate_March1"): projectSpecific.Reusability.getTestData is PASSED

2018-05-21 11:15:46 - [MESSAGE][PASSED] - projectSpecific.Reusability.getTestData is PASSED

2018-05-21 11:15:46 - [TEST_STEP][PASSED] - Statement - If (!(dateAttr.equals(toDateValue))): null

2018-05-21 11:15:46 - [TEST_STEP][PASSED] - click: Object: 'Object Repository/ReportsPage/generateReport' is clicked on

2018-05-21 11:15:46 - [MESSAGE][PASSED] - Object: 'Object Repository/ReportsPage/generateReport' is clicked on

2018-05-21 11:15:46 - [TEST_STEP][PASSED] - delay: Delayed 5 second(s)

2018-05-21 11:15:51 - [MESSAGE][PASSED] - Delayed 5 second(s)

2018-05-21 11:15:51 - [TEST_STEP][PASSED] - Statement - printTime = CustomKeywords.uiaction.CommonUIActions.getText(com.kms.katalon.core.testobject.ObjectRepository.findTestObject(SummarizedReportPage/printTime)): uiaction.CommonUIActions.getText is PASSED

2018-05-21 11:16:05 - [MESSAGE][PASSED] - uiaction.CommonUIActions.getText is PASSED

2018-05-21 11:16:05 - [TEST_STEP][PASSED] - Statement - cal = java.util.Calendar.getInstance(): null

2018-05-21 11:16:05 - [TEST_STEP][PASSED] - Statement - sdf = new java.text.SimpleDateFormat(hh:mm a): null

2018-05-21 11:16:05 - [TEST_STEP][PASSED] - Statement - currentSystemTime = sdf.format(cal.getTime()): null

2018-05-21 11:16:05 - [TEST_STEP][PASSED] - Statement - out.println(currentSystemTime): null

2018-05-21 11:16:05 - [TEST_STEP][PASSED] - Statement - If (printTime == currentSystemTime): null

2018-05-21 11:16:05 - [TEST_STEP][PASSED] - Statement - out.println("Print Time is displayed the current local time "): null

2018-05-21 11:16:05 - [TEST_STEP][PASSED] - Statement - assert TCflag == true: null

2018-05-21 11:16:05 - [TEST_STEP][PASSED] - Start listener action : sampleAfterTestCase: Browser is closed

2018-05-21 11:16:05 - [TEST_STEP][PASSED] - Statement - println(testCaseContext.getTestCaseId()): null

2018-05-21 11:16:05 - [TEST_STEP][PASSED] - Statement - println(testCaseContext.getTestCaseStatus()): null

2018-05-21 11:16:05 - [TEST_STEP][PASSED] - closeBrowser: Browser is closed

2018-05-21 11:16:05 - [MESSAGE][PASSED] - Browser is closed]]></system-out>
         <system-err><![CDATA[]]></system-err>
      </testcase>
      <testcase name="Test Cases/TimeZoneTC/HME-Browser-Timezone-03" classname="Test Cases/TimeZoneTC/HME-Browser-Timezone-03" status="PASSED">
         <system-out><![CDATA[2018-05-21 11:16:05 - [TEST_CASE][PASSED] - Test Cases/TimeZoneTC/HME-Browser-Timezone-03: Browser is closed

2018-05-21 11:16:05 - [TEST_STEP][PASSED] - Start listener action : sampleBeforeTestCase: uiaction.CommonUIActions.deleteAllCookies is PASSED

2018-05-21 11:16:05 - [TEST_STEP][PASSED] - openBrowser: Browser is opened with url: ''

2018-05-21 11:16:07 - [MESSAGE][PASSED] - Browser is opened with url: ''

2018-05-21 11:16:07 - [TEST_STEP][PASSED] - maximizeWindow: Current window maximized

2018-05-21 11:16:09 - [MESSAGE][PASSED] - Current window maximized

2018-05-21 11:16:09 - [TEST_STEP][PASSED] - uiaction.CommonUIActions.deleteAllCookies: uiaction.CommonUIActions.deleteAllCookies is PASSED

2018-05-21 11:16:09 - [MESSAGE][PASSED] - Delete all cookies successfully

2018-05-21 11:16:09 - [MESSAGE][PASSED] - uiaction.CommonUIActions.deleteAllCookies is PASSED

2018-05-21 11:16:09 - [TEST_STEP][PASSED] - Statement - TCflag = true: null

2018-05-21 11:16:09 - [TEST_STEP][PASSED] - Statement - Try: null

2018-05-21 11:16:09 - [TEST_STEP][PASSED] - navigateToUrl: Navigate to 'https://hme-dev-public-cloud-app.azurewebsites.net/' successfully

2018-05-21 11:16:11 - [MESSAGE][PASSED] - Navigate to 'https://hme-dev-public-cloud-app.azurewebsites.net/' successfully

2018-05-21 11:16:11 - [TEST_STEP][PASSED] - projectSpecific.Reusability.login: projectSpecific.Reusability.login is PASSED

2018-05-21 11:16:12 - [MESSAGE][PASSED] - projectSpecific.Reusability.getTestData is PASSED

2018-05-21 11:16:12 - [MESSAGE][PASSED] - projectSpecific.Reusability.getTestData is PASSED

2018-05-21 11:16:12 - [MESSAGE][PASSED] - Text 'selvendrank@nousinfo.com' is set on object 'Object Repository/LoginPage/Username'

2018-05-21 11:16:12 - [MESSAGE][PASSED] - Text 'nous;123' is set on object 'Object Repository/LoginPage/Password'

2018-05-21 11:16:12 - [MESSAGE][PASSED] - Object: 'Object Repository/LoginPage/Login' is clicked on

2018-05-21 11:16:12 - [MESSAGE][PASSED] - projectSpecific.Reusability.login is PASSED

2018-05-21 11:16:12 - [TEST_STEP][PASSED] - delay: Delayed 10 second(s)

2018-05-21 11:16:22 - [MESSAGE][PASSED] - Delayed 10 second(s)

2018-05-21 11:16:22 - [TEST_STEP][PASSED] - Statement - welcomeMsg = CustomKeywords.uiaction.CommonUIActions.getText(com.kms.katalon.core.testobject.ObjectRepository.findTestObject(HomePage/welcomeMessage)): uiaction.CommonUIActions.getText is PASSED

2018-05-21 11:16:34 - [MESSAGE][PASSED] - uiaction.CommonUIActions.getText is PASSED

2018-05-21 11:16:34 - [TEST_STEP][PASSED] - Statement - expactedWelcomeMsg = CustomKeywords.projectSpecific.Reusability.getTestData("HomePage", "welcomeMessage"): projectSpecific.Reusability.getTestData is PASSED

2018-05-21 11:16:34 - [MESSAGE][PASSED] - projectSpecific.Reusability.getTestData is PASSED

2018-05-21 11:16:34 - [TEST_STEP][PASSED] - verifyMatch: Actual text 'Welcome to HME CLOUD, Selvendran!' and expected text 'Welcome to HME CLOUD, Selvendran!' are matched 

2018-05-21 11:16:34 - [MESSAGE][PASSED] - Actual text 'Welcome to HME CLOUD, Selvendran!' and expected text 'Welcome to HME CLOUD, Selvendran!' are matched 

2018-05-21 11:16:34 - [TEST_STEP][PASSED] - uiaction.CommonUIActions.click: uiaction.CommonUIActions.click is PASSED

2018-05-21 11:16:48 - [MESSAGE][PASSED] - uiaction.CommonUIActions.click is PASSED

2018-05-21 11:16:48 - [TEST_STEP][PASSED] - uiaction.CommonUIActions.click: uiaction.CommonUIActions.click is PASSED

2018-05-21 11:16:50 - [MESSAGE][PASSED] - uiaction.CommonUIActions.click is PASSED

2018-05-21 11:16:50 - [TEST_STEP][PASSED] - uiaction.CommonUIActions.click: uiaction.CommonUIActions.click is PASSED

2018-05-21 11:16:50 - [MESSAGE][PASSED] - uiaction.CommonUIActions.click is PASSED

2018-05-21 11:16:50 - [TEST_STEP][PASSED] - uiaction.CommonUIActions.click: uiaction.CommonUIActions.click is PASSED

2018-05-21 11:16:56 - [MESSAGE][PASSED] - uiaction.CommonUIActions.click is PASSED

2018-05-21 11:16:56 - [TEST_STEP][PASSED] - Statement - storeID = CustomKeywords.uiaction.CommonUIActions.getText(com.kms.katalon.core.testobject.ObjectRepository.findTestObject(StorePage/storeID)): uiaction.CommonUIActions.getText is PASSED

2018-05-21 11:16:56 - [MESSAGE][PASSED] - uiaction.CommonUIActions.getText is PASSED

2018-05-21 11:16:56 - [TEST_STEP][PASSED] - Statement - storenumber = storeID.trim(): null

2018-05-21 11:16:56 - [TEST_STEP][PASSED] - Statement - println(storenumber): null

2018-05-21 11:16:56 - [TEST_STEP][PASSED] - uiaction.CommonUIActions.click: uiaction.CommonUIActions.click is PASSED

2018-05-21 11:16:58 - [MESSAGE][PASSED] - uiaction.CommonUIActions.click is PASSED

2018-05-21 11:16:58 - [TEST_STEP][PASSED] - delay: Delayed 10 second(s)

2018-05-21 11:17:08 - [MESSAGE][PASSED] - Delayed 10 second(s)

2018-05-21 11:17:08 - [TEST_STEP][PASSED] - Statement - driver = com.kms.katalon.core.webui.driver.DriverFactory.getWebDriver(): null

2018-05-21 11:17:08 - [TEST_STEP][PASSED] - Statement - driver.findElement(org.openqa.selenium.By.xpath("//span[contains(text(),'" + storenumber.trim() + "')]")).click(): null

2018-05-21 11:17:08 - [TEST_STEP][PASSED] - click: Object: 'Object Repository/ReportsPage/timeSelection' is clicked on

2018-05-21 11:17:08 - [MESSAGE][PASSED] - Object: 'Object Repository/ReportsPage/timeSelection' is clicked on

2018-05-21 11:17:08 - [TEST_STEP][PASSED] - click: Object: 'Object Repository/ReportsPage/weekTimeOption' is clicked on

2018-05-21 11:17:08 - [MESSAGE][PASSED] - Object: 'Object Repository/ReportsPage/weekTimeOption' is clicked on

2018-05-21 11:17:08 - [TEST_STEP][PASSED] - click: Object: 'Object Repository/ReportsPage/summaryReportHeading' is clicked on

2018-05-21 11:17:08 - [MESSAGE][PASSED] - Object: 'Object Repository/ReportsPage/summaryReportHeading' is clicked on

2018-05-21 11:17:08 - [TEST_STEP][PASSED] - verifyElementText: Actual text and expected text of test object 'Object Repository/ReportsPage/weekTimeOption' are matched.

2018-05-21 11:17:08 - [MESSAGE][PASSED] - projectSpecific.Reusability.getTestData is PASSED

2018-05-21 11:17:08 - [MESSAGE][PASSED] - Actual text and expected text of test object 'Object Repository/ReportsPage/weekTimeOption' are matched.

2018-05-21 11:17:08 - [TEST_STEP][PASSED] - verifyElementText: Actual text and expected text of test object 'Object Repository/ReportsPage/criteriaTimeMeasure' are matched.

2018-05-21 11:17:08 - [MESSAGE][PASSED] - projectSpecific.Reusability.getTestData is PASSED

2018-05-21 11:17:08 - [MESSAGE][PASSED] - Actual text and expected text of test object 'Object Repository/ReportsPage/criteriaTimeMeasure' are matched.

2018-05-21 11:17:08 - [TEST_STEP][PASSED] - delay: Delayed 5 second(s)

2018-05-21 11:17:13 - [MESSAGE][PASSED] - Delayed 5 second(s)

2018-05-21 11:17:13 - [TEST_STEP][PASSED] - click: Object: 'Object Repository/ReportsPage/fromDateSelector' is clicked on

2018-05-21 11:17:13 - [MESSAGE][PASSED] - Object: 'Object Repository/ReportsPage/fromDateSelector' is clicked on

2018-05-21 11:17:13 - [TEST_STEP][PASSED] - delay: Delayed 5 second(s)

2018-05-21 11:17:18 - [MESSAGE][PASSED] - Delayed 5 second(s)

2018-05-21 11:17:18 - [TEST_STEP][PASSED] - Statement - monthText = com.kms.katalon.core.webui.keyword.WebUiBuiltInKeywords.getText(com.kms.katalon.core.testobject.ObjectRepository.findTestObject(ReportsPage/monthText)): Text of object 'Object Repository/ReportsPage/monthText' is: 'May 2018'

2018-05-21 11:17:18 - [MESSAGE][PASSED] - Text of object 'Object Repository/ReportsPage/monthText' is: 'May 2018'

2018-05-21 11:17:18 - [TEST_STEP][PASSED] - Statement - monthTextArray = monthText.split(" "): null

2018-05-21 11:17:18 - [TEST_STEP][PASSED] - Statement - month = monthTextArray[0]: null

2018-05-21 11:17:18 - [TEST_STEP][PASSED] - Statement - monthTextValue = CustomKeywords.projectSpecific.Reusability.getTestData("ReportsPage", "Month"): projectSpecific.Reusability.getTestData is PASSED

2018-05-21 11:17:19 - [MESSAGE][PASSED] - projectSpecific.Reusability.getTestData is PASSED

2018-05-21 11:17:19 - [TEST_STEP][PASSED] - Statement - If (!(monthTextValue.equals(month))): null

2018-05-21 11:17:19 - [TEST_STEP][PASSED] - Statement - While (!(monthTextValue.equals(month))): null

2018-05-21 11:17:19 - [TEST_STEP][PASSED] - click: Object: 'Object Repository/ReportsPage/previousDateSelector' is clicked on

2018-05-21 11:17:19 - [MESSAGE][PASSED] - Object: 'Object Repository/ReportsPage/previousDateSelector' is clicked on

2018-05-21 11:17:19 - [TEST_STEP][PASSED] - Statement - monthText = com.kms.katalon.core.webui.keyword.WebUiBuiltInKeywords.getText(com.kms.katalon.core.testobject.ObjectRepository.findTestObject(ReportsPage/monthText)): Text of object 'Object Repository/ReportsPage/monthText' is: 'April 2018'

2018-05-21 11:17:19 - [MESSAGE][PASSED] - Text of object 'Object Repository/ReportsPage/monthText' is: 'April 2018'

2018-05-21 11:17:19 - [TEST_STEP][PASSED] - Statement - monthTextArray = monthText.split(" "): null

2018-05-21 11:17:19 - [TEST_STEP][PASSED] - Statement - month = monthTextArray[0]: null

2018-05-21 11:17:19 - [TEST_STEP][PASSED] - click: Object: 'Object Repository/ReportsPage/previousDateSelector' is clicked on

2018-05-21 11:17:19 - [MESSAGE][PASSED] - Object: 'Object Repository/ReportsPage/previousDateSelector' is clicked on

2018-05-21 11:17:19 - [TEST_STEP][PASSED] - Statement - monthText = com.kms.katalon.core.webui.keyword.WebUiBuiltInKeywords.getText(com.kms.katalon.core.testobject.ObjectRepository.findTestObject(ReportsPage/monthText)): Text of object 'Object Repository/ReportsPage/monthText' is: 'March 2018'

2018-05-21 11:17:19 - [MESSAGE][PASSED] - Text of object 'Object Repository/ReportsPage/monthText' is: 'March 2018'

2018-05-21 11:17:19 - [TEST_STEP][PASSED] - Statement - monthTextArray = monthText.split(" "): null

2018-05-21 11:17:19 - [TEST_STEP][PASSED] - Statement - month = monthTextArray[0]: null

2018-05-21 11:17:19 - [TEST_STEP][PASSED] - Statement - data = CustomKeywords.projectSpecific.Reusability.getTestData("ReportsPage", "StartDate_March2"): projectSpecific.Reusability.getTestData is PASSED

2018-05-21 11:17:19 - [MESSAGE][PASSED] - projectSpecific.Reusability.getTestData is PASSED

2018-05-21 11:17:19 - [TEST_STEP][PASSED] - Statement - startDate = "(//td[text()='" + data + "'])[1]": null

2018-05-21 11:17:19 - [TEST_STEP][PASSED] - Statement - println(startDate): null

2018-05-21 11:17:19 - [TEST_STEP][PASSED] - Statement - startdateEle = driver.findElement(org.openqa.selenium.By.xpath(startDate)): null

2018-05-21 11:17:19 - [TEST_STEP][PASSED] - Statement - startdateEle.click(): null

2018-05-21 11:17:19 - [TEST_STEP][PASSED] - delay: Delayed 5 second(s)

2018-05-21 11:17:24 - [MESSAGE][PASSED] - Delayed 5 second(s)

2018-05-21 11:17:24 - [TEST_STEP][PASSED] - click: Object: 'Object Repository/ReportsPage/toDateSelector' is clicked on

2018-05-21 11:17:24 - [MESSAGE][PASSED] - Object: 'Object Repository/ReportsPage/toDateSelector' is clicked on

2018-05-21 11:17:24 - [TEST_STEP][PASSED] - Statement - monthText = com.kms.katalon.core.webui.keyword.WebUiBuiltInKeywords.getText(com.kms.katalon.core.testobject.ObjectRepository.findTestObject(ReportsPage/monthText2)): Text of object 'Object Repository/ReportsPage/monthText2' is: 'May 2018'

2018-05-21 11:17:24 - [MESSAGE][PASSED] - Text of object 'Object Repository/ReportsPage/monthText2' is: 'May 2018'

2018-05-21 11:17:24 - [TEST_STEP][PASSED] - Statement - monthTextArray = monthText.split(" "): null

2018-05-21 11:17:24 - [TEST_STEP][PASSED] - Statement - month = monthTextArray[0]: null

2018-05-21 11:17:24 - [TEST_STEP][PASSED] - Statement - monthTextValue1 = CustomKeywords.projectSpecific.Reusability.getTestData("ReportsPage", "Month"): projectSpecific.Reusability.getTestData is PASSED

2018-05-21 11:17:24 - [MESSAGE][PASSED] - projectSpecific.Reusability.getTestData is PASSED

2018-05-21 11:17:24 - [TEST_STEP][PASSED] - Statement - If (!(monthTextValue1.equals(month))): null

2018-05-21 11:17:24 - [TEST_STEP][PASSED] - Statement - While (!(monthTextValue1.equals(month))): null

2018-05-21 11:17:24 - [TEST_STEP][PASSED] - click: Object: 'Object Repository/ReportsPage/previousDateSelector2' is clicked on

2018-05-21 11:17:24 - [MESSAGE][PASSED] - Object: 'Object Repository/ReportsPage/previousDateSelector2' is clicked on

2018-05-21 11:17:24 - [TEST_STEP][PASSED] - Statement - monthText = com.kms.katalon.core.webui.keyword.WebUiBuiltInKeywords.getText(com.kms.katalon.core.testobject.ObjectRepository.findTestObject(ReportsPage/monthText2)): Text of object 'Object Repository/ReportsPage/monthText2' is: 'April 2018'

2018-05-21 11:17:24 - [MESSAGE][PASSED] - Text of object 'Object Repository/ReportsPage/monthText2' is: 'April 2018'

2018-05-21 11:17:24 - [TEST_STEP][PASSED] - Statement - monthTextArray = monthText.split(" "): null

2018-05-21 11:17:24 - [TEST_STEP][PASSED] - Statement - month = monthTextArray[0]: null

2018-05-21 11:17:24 - [TEST_STEP][PASSED] - click: Object: 'Object Repository/ReportsPage/previousDateSelector2' is clicked on

2018-05-21 11:17:24 - [MESSAGE][PASSED] - Object: 'Object Repository/ReportsPage/previousDateSelector2' is clicked on

2018-05-21 11:17:24 - [TEST_STEP][PASSED] - Statement - monthText = com.kms.katalon.core.webui.keyword.WebUiBuiltInKeywords.getText(com.kms.katalon.core.testobject.ObjectRepository.findTestObject(ReportsPage/monthText2)): Text of object 'Object Repository/ReportsPage/monthText2' is: 'March 2018'

2018-05-21 11:17:24 - [MESSAGE][PASSED] - Text of object 'Object Repository/ReportsPage/monthText2' is: 'March 2018'

2018-05-21 11:17:24 - [TEST_STEP][PASSED] - Statement - monthTextArray = monthText.split(" "): null

2018-05-21 11:17:24 - [TEST_STEP][PASSED] - Statement - month = monthTextArray[0]: null

2018-05-21 11:17:24 - [TEST_STEP][PASSED] - Statement - endDate = CustomKeywords.projectSpecific.Reusability.getTestData("ReportsPage", "EndDate_March2"): projectSpecific.Reusability.getTestData is PASSED

2018-05-21 11:17:24 - [MESSAGE][PASSED] - projectSpecific.Reusability.getTestData is PASSED

2018-05-21 11:17:24 - [TEST_STEP][PASSED] - Statement - toDate = "(//td[text()='" + endDate + "'])[2]": null

2018-05-21 11:17:24 - [TEST_STEP][PASSED] - Statement - println(toDate): null

2018-05-21 11:17:24 - [TEST_STEP][PASSED] - Statement - toDateEle = driver.findElement(org.openqa.selenium.By.xpath(toDate)): null

2018-05-21 11:17:24 - [TEST_STEP][PASSED] - Statement - toDateEle.click(): null

2018-05-21 11:17:24 - [TEST_STEP][PASSED] - delay: Delayed 5 second(s)

2018-05-21 11:17:29 - [MESSAGE][PASSED] - Delayed 5 second(s)

2018-05-21 11:17:29 - [TEST_STEP][PASSED] - Statement - dateAttr = com.kms.katalon.core.webui.keyword.WebUiBuiltInKeywords.getAttribute(com.kms.katalon.core.testobject.ObjectRepository.findTestObject(ReportsPage/selectedDate1), "value"): Attribute 'value' of object 'Object Repository/ReportsPage/selectedDate1' is: '03/13/2018'

2018-05-21 11:17:29 - [MESSAGE][PASSED] - Attribute 'value' of object 'Object Repository/ReportsPage/selectedDate1' is: '03/13/2018'

2018-05-21 11:17:29 - [TEST_STEP][PASSED] - Statement - fromDateValue = CustomKeywords.projectSpecific.Reusability.getTestData("ReportsPage", "fromDate_March2"): projectSpecific.Reusability.getTestData is PASSED

2018-05-21 11:17:29 - [MESSAGE][PASSED] - projectSpecific.Reusability.getTestData is PASSED

2018-05-21 11:17:29 - [TEST_STEP][PASSED] - Statement - If (!(dateAttr.equals(fromDateValue))): null

2018-05-21 11:17:29 - [TEST_STEP][PASSED] - Statement - dateAttr = com.kms.katalon.core.webui.keyword.WebUiBuiltInKeywords.getAttribute(com.kms.katalon.core.testobject.ObjectRepository.findTestObject(ReportsPage/selectedDate2), "value"): Attribute 'value' of object 'Object Repository/ReportsPage/selectedDate2' is: '03/16/2018'

2018-05-21 11:17:29 - [MESSAGE][PASSED] - Attribute 'value' of object 'Object Repository/ReportsPage/selectedDate2' is: '03/16/2018'

2018-05-21 11:17:29 - [TEST_STEP][PASSED] - Statement - toDateValue = CustomKeywords.projectSpecific.Reusability.getTestData("ReportsPage", "toDate_March2"): projectSpecific.Reusability.getTestData is PASSED

2018-05-21 11:17:29 - [MESSAGE][PASSED] - projectSpecific.Reusability.getTestData is PASSED

2018-05-21 11:17:29 - [TEST_STEP][PASSED] - Statement - If (!(dateAttr.equals(toDateValue))): null

2018-05-21 11:17:29 - [TEST_STEP][PASSED] - click: Object: 'Object Repository/ReportsPage/generateReport' is clicked on

2018-05-21 11:17:29 - [MESSAGE][PASSED] - Object: 'Object Repository/ReportsPage/generateReport' is clicked on

2018-05-21 11:17:29 - [TEST_STEP][PASSED] - delay: Delayed 5 second(s)

2018-05-21 11:17:34 - [MESSAGE][PASSED] - Delayed 5 second(s)

2018-05-21 11:17:34 - [TEST_STEP][PASSED] - Statement - printTime = CustomKeywords.uiaction.CommonUIActions.getText(com.kms.katalon.core.testobject.ObjectRepository.findTestObject(SummarizedReportPage/printTime)): uiaction.CommonUIActions.getText is PASSED

2018-05-21 11:17:47 - [MESSAGE][PASSED] - uiaction.CommonUIActions.getText is PASSED

2018-05-21 11:17:47 - [TEST_STEP][PASSED] - Statement - cal = java.util.Calendar.getInstance(): null

2018-05-21 11:17:47 - [TEST_STEP][PASSED] - Statement - sdf = new java.text.SimpleDateFormat(hh:mm a): null

2018-05-21 11:17:47 - [TEST_STEP][PASSED] - Statement - currentSystemTime = sdf.format(cal.getTime()): null

2018-05-21 11:17:47 - [TEST_STEP][PASSED] - Statement - out.println(currentSystemTime): null

2018-05-21 11:17:47 - [TEST_STEP][PASSED] - Statement - If (printTime == currentSystemTime): null

2018-05-21 11:17:47 - [TEST_STEP][PASSED] - Statement - out.println("Print Time is displayed the current local time "): null

2018-05-21 11:17:47 - [TEST_STEP][PASSED] - Statement - assert TCflag == true: null

2018-05-21 11:17:47 - [TEST_STEP][PASSED] - Start listener action : sampleAfterTestCase: Browser is closed

2018-05-21 11:17:47 - [TEST_STEP][PASSED] - Statement - println(testCaseContext.getTestCaseId()): null

2018-05-21 11:17:47 - [TEST_STEP][PASSED] - Statement - println(testCaseContext.getTestCaseStatus()): null

2018-05-21 11:17:47 - [TEST_STEP][PASSED] - closeBrowser: Browser is closed

2018-05-21 11:17:47 - [MESSAGE][PASSED] - Browser is closed]]></system-out>
         <system-err><![CDATA[]]></system-err>
      </testcase>
      <testcase name="Test Cases/TimeZoneTC/HME-Account_Setting-Timezone-04" classname="Test Cases/TimeZoneTC/HME-Account_Setting-Timezone-04" status="FAILED">
         <failure type="FAILED" message="org.codehaus.groovy.runtime.powerassert.PowerAssertionError: assert TCflag==true
       |     |
       false false"/>
         <system-out><![CDATA[2018-05-21 11:17:47 - [TEST_CASE][FAILED] - Test Cases/TimeZoneTC/HME-Account_Setting-Timezone-04: Test Cases/TimeZoneTC/HME-Account_Setting-Timezone-04 FAILED because (of) org.codehaus.groovy.runtime.powerassert.PowerAssertionError: assert TCflag==true
       |     |
       false false

2018-05-21 11:17:47 - [TEST_STEP][PASSED] - Start listener action : sampleBeforeTestCase: uiaction.CommonUIActions.deleteAllCookies is PASSED

2018-05-21 11:17:47 - [TEST_STEP][PASSED] - openBrowser: Browser is opened with url: ''

2018-05-21 11:17:49 - [MESSAGE][PASSED] - Browser is opened with url: ''

2018-05-21 11:17:49 - [TEST_STEP][PASSED] - maximizeWindow: Current window maximized

2018-05-21 11:17:50 - [MESSAGE][PASSED] - Current window maximized

2018-05-21 11:17:50 - [TEST_STEP][PASSED] - uiaction.CommonUIActions.deleteAllCookies: uiaction.CommonUIActions.deleteAllCookies is PASSED

2018-05-21 11:17:51 - [MESSAGE][PASSED] - Delete all cookies successfully

2018-05-21 11:17:51 - [MESSAGE][PASSED] - uiaction.CommonUIActions.deleteAllCookies is PASSED

2018-05-21 11:17:51 - [TEST_STEP][PASSED] - Statement - TCflag = true: null

2018-05-21 11:17:51 - [TEST_STEP][PASSED] - Statement - Try: Taking screenshot successfully

2018-05-21 11:17:51 - [TEST_STEP][PASSED] - navigateToUrl: Navigate to 'https://hme-dev-public-cloud-app.azurewebsites.net/' successfully

2018-05-21 11:17:54 - [MESSAGE][PASSED] - Navigate to 'https://hme-dev-public-cloud-app.azurewebsites.net/' successfully

2018-05-21 11:17:54 - [TEST_STEP][PASSED] - projectSpecific.Reusability.login: projectSpecific.Reusability.login is PASSED

2018-05-21 11:17:54 - [MESSAGE][PASSED] - projectSpecific.Reusability.getTestData is PASSED

2018-05-21 11:17:54 - [MESSAGE][PASSED] - projectSpecific.Reusability.getTestData is PASSED

2018-05-21 11:17:54 - [MESSAGE][PASSED] - Text 'selvendrank@nousinfo.com' is set on object 'Object Repository/LoginPage/Username'

2018-05-21 11:17:54 - [MESSAGE][PASSED] - Text 'nous;123' is set on object 'Object Repository/LoginPage/Password'

2018-05-21 11:17:54 - [MESSAGE][PASSED] - Object: 'Object Repository/LoginPage/Login' is clicked on

2018-05-21 11:17:54 - [MESSAGE][PASSED] - projectSpecific.Reusability.login is PASSED

2018-05-21 11:17:54 - [TEST_STEP][PASSED] - delay: Delayed 10 second(s)

2018-05-21 11:18:04 - [MESSAGE][PASSED] - Delayed 10 second(s)

2018-05-21 11:18:04 - [TEST_STEP][PASSED] - Statement - welcomeMsg = CustomKeywords.uiaction.CommonUIActions.getText(com.kms.katalon.core.testobject.ObjectRepository.findTestObject(HomePage/welcomeMessage)): uiaction.CommonUIActions.getText is PASSED

2018-05-21 11:18:17 - [MESSAGE][PASSED] - uiaction.CommonUIActions.getText is PASSED

2018-05-21 11:18:17 - [TEST_STEP][PASSED] - Statement - expactedWelcomeMsg = CustomKeywords.projectSpecific.Reusability.getTestData("HomePage", "welcomeMessage"): projectSpecific.Reusability.getTestData is PASSED

2018-05-21 11:18:17 - [MESSAGE][PASSED] - projectSpecific.Reusability.getTestData is PASSED

2018-05-21 11:18:17 - [TEST_STEP][PASSED] - verifyMatch: Actual text 'Welcome to HME CLOUD, Selvendran!' and expected text 'Welcome to HME CLOUD, Selvendran!' are matched 

2018-05-21 11:18:17 - [MESSAGE][PASSED] - Actual text 'Welcome to HME CLOUD, Selvendran!' and expected text 'Welcome to HME CLOUD, Selvendran!' are matched 

2018-05-21 11:18:17 - [TEST_STEP][PASSED] - uiaction.CommonUIActions.click: uiaction.CommonUIActions.click is PASSED

2018-05-21 11:18:30 - [MESSAGE][PASSED] - uiaction.CommonUIActions.click is PASSED

2018-05-21 11:18:30 - [TEST_STEP][PASSED] - uiaction.CommonUIActions.click: uiaction.CommonUIActions.click is PASSED

2018-05-21 11:18:32 - [MESSAGE][PASSED] - uiaction.CommonUIActions.click is PASSED

2018-05-21 11:18:32 - [TEST_STEP][PASSED] - uiaction.CommonUIActions.click: uiaction.CommonUIActions.click is PASSED

2018-05-21 11:18:32 - [MESSAGE][PASSED] - uiaction.CommonUIActions.click is PASSED

2018-05-21 11:18:32 - [TEST_STEP][PASSED] - uiaction.CommonUIActions.click: uiaction.CommonUIActions.click is PASSED

2018-05-21 11:18:38 - [MESSAGE][PASSED] - uiaction.CommonUIActions.click is PASSED

2018-05-21 11:18:38 - [TEST_STEP][PASSED] - Statement - storeID = CustomKeywords.uiaction.CommonUIActions.getText(com.kms.katalon.core.testobject.ObjectRepository.findTestObject(StorePage/storeID)): uiaction.CommonUIActions.getText is PASSED

2018-05-21 11:18:38 - [MESSAGE][PASSED] - uiaction.CommonUIActions.getText is PASSED

2018-05-21 11:18:38 - [TEST_STEP][PASSED] - Statement - storenumber = storeID.trim(): null

2018-05-21 11:18:38 - [TEST_STEP][PASSED] - Statement - println(storenumber): null

2018-05-21 11:18:38 - [TEST_STEP][PASSED] - uiaction.CommonUIActions.click: uiaction.CommonUIActions.click is PASSED

2018-05-21 11:18:40 - [MESSAGE][PASSED] - uiaction.CommonUIActions.click is PASSED

2018-05-21 11:18:40 - [TEST_STEP][PASSED] - delay: Delayed 10 second(s)

2018-05-21 11:18:50 - [MESSAGE][PASSED] - Delayed 10 second(s)

2018-05-21 11:18:50 - [TEST_STEP][PASSED] - Statement - driver = com.kms.katalon.core.webui.driver.DriverFactory.getWebDriver(): null

2018-05-21 11:18:50 - [TEST_STEP][PASSED] - Statement - driver.findElement(org.openqa.selenium.By.xpath("//span[contains(text(),'" + storenumber.trim() + "')]")).click(): null

2018-05-21 11:18:50 - [TEST_STEP][PASSED] - click: Object: 'Object Repository/ReportsPage/timeSelection' is clicked on

2018-05-21 11:18:50 - [MESSAGE][PASSED] - Object: 'Object Repository/ReportsPage/timeSelection' is clicked on

2018-05-21 11:18:50 - [TEST_STEP][PASSED] - click: Object: 'Object Repository/ReportsPage/dayTimeOption' is clicked on

2018-05-21 11:18:50 - [MESSAGE][PASSED] - Object: 'Object Repository/ReportsPage/dayTimeOption' is clicked on

2018-05-21 11:18:50 - [TEST_STEP][PASSED] - click: Object: 'Object Repository/ReportsPage/summaryReportHeading' is clicked on

2018-05-21 11:18:50 - [MESSAGE][PASSED] - Object: 'Object Repository/ReportsPage/summaryReportHeading' is clicked on

2018-05-21 11:18:50 - [TEST_STEP][PASSED] - verifyElementText: Actual text and expected text of test object 'Object Repository/ReportsPage/dayTimeOption' are matched.

2018-05-21 11:18:50 - [MESSAGE][PASSED] - projectSpecific.Reusability.getTestData is PASSED

2018-05-21 11:18:50 - [MESSAGE][PASSED] - Actual text and expected text of test object 'Object Repository/ReportsPage/dayTimeOption' are matched.

2018-05-21 11:18:50 - [TEST_STEP][PASSED] - verifyElementText: Actual text and expected text of test object 'Object Repository/ReportsPage/criteriaTimeMeasureForDay' are matched.

2018-05-21 11:18:50 - [MESSAGE][PASSED] - projectSpecific.Reusability.getTestData is PASSED

2018-05-21 11:18:50 - [MESSAGE][PASSED] - Actual text and expected text of test object 'Object Repository/ReportsPage/criteriaTimeMeasureForDay' are matched.

2018-05-21 11:18:50 - [TEST_STEP][PASSED] - delay: Delayed 5 second(s)

2018-05-21 11:18:55 - [MESSAGE][PASSED] - Delayed 5 second(s)

2018-05-21 11:18:55 - [TEST_STEP][PASSED] - click: Object: 'Object Repository/ReportsPage/fromDateSelector' is clicked on

2018-05-21 11:18:55 - [MESSAGE][PASSED] - Object: 'Object Repository/ReportsPage/fromDateSelector' is clicked on

2018-05-21 11:18:55 - [TEST_STEP][PASSED] - delay: Delayed 5 second(s)

2018-05-21 11:19:00 - [MESSAGE][PASSED] - Delayed 5 second(s)

2018-05-21 11:19:00 - [TEST_STEP][PASSED] - Statement - monthText = com.kms.katalon.core.webui.keyword.WebUiBuiltInKeywords.getText(com.kms.katalon.core.testobject.ObjectRepository.findTestObject(ReportsPage/monthText)): Text of object 'Object Repository/ReportsPage/monthText' is: 'May 2018'

2018-05-21 11:19:00 - [MESSAGE][PASSED] - Text of object 'Object Repository/ReportsPage/monthText' is: 'May 2018'

2018-05-21 11:19:00 - [TEST_STEP][PASSED] - Statement - monthTextArray = monthText.split(" "): null

2018-05-21 11:19:00 - [TEST_STEP][PASSED] - Statement - month = monthTextArray[0]: null

2018-05-21 11:19:00 - [TEST_STEP][PASSED] - Statement - monthTextValue = CustomKeywords.projectSpecific.Reusability.getTestData("ReportsPage", "Month"): projectSpecific.Reusability.getTestData is PASSED

2018-05-21 11:19:01 - [MESSAGE][PASSED] - projectSpecific.Reusability.getTestData is PASSED

2018-05-21 11:19:01 - [TEST_STEP][PASSED] - Statement - If (!(monthTextValue.equals(month))): null

2018-05-21 11:19:01 - [TEST_STEP][PASSED] - Statement - While (!(monthTextValue.equals(month))): null

2018-05-21 11:19:01 - [TEST_STEP][PASSED] - click: Object: 'Object Repository/ReportsPage/previousDateSelector' is clicked on

2018-05-21 11:19:01 - [MESSAGE][PASSED] - Object: 'Object Repository/ReportsPage/previousDateSelector' is clicked on

2018-05-21 11:19:01 - [TEST_STEP][PASSED] - Statement - monthText = com.kms.katalon.core.webui.keyword.WebUiBuiltInKeywords.getText(com.kms.katalon.core.testobject.ObjectRepository.findTestObject(ReportsPage/monthText)): Text of object 'Object Repository/ReportsPage/monthText' is: 'April 2018'

2018-05-21 11:19:01 - [MESSAGE][PASSED] - Text of object 'Object Repository/ReportsPage/monthText' is: 'April 2018'

2018-05-21 11:19:01 - [TEST_STEP][PASSED] - Statement - monthTextArray = monthText.split(" "): null

2018-05-21 11:19:01 - [TEST_STEP][PASSED] - Statement - month = monthTextArray[0]: null

2018-05-21 11:19:01 - [TEST_STEP][PASSED] - click: Object: 'Object Repository/ReportsPage/previousDateSelector' is clicked on

2018-05-21 11:19:01 - [MESSAGE][PASSED] - Object: 'Object Repository/ReportsPage/previousDateSelector' is clicked on

2018-05-21 11:19:01 - [TEST_STEP][PASSED] - Statement - monthText = com.kms.katalon.core.webui.keyword.WebUiBuiltInKeywords.getText(com.kms.katalon.core.testobject.ObjectRepository.findTestObject(ReportsPage/monthText)): Text of object 'Object Repository/ReportsPage/monthText' is: 'March 2018'

2018-05-21 11:19:01 - [MESSAGE][PASSED] - Text of object 'Object Repository/ReportsPage/monthText' is: 'March 2018'

2018-05-21 11:19:01 - [TEST_STEP][PASSED] - Statement - monthTextArray = monthText.split(" "): null

2018-05-21 11:19:01 - [TEST_STEP][PASSED] - Statement - month = monthTextArray[0]: null

2018-05-21 11:19:01 - [TEST_STEP][PASSED] - Statement - data = CustomKeywords.projectSpecific.Reusability.getTestData("ReportsPage", "EndDate"): projectSpecific.Reusability.getTestData is PASSED

2018-05-21 11:19:01 - [MESSAGE][PASSED] - projectSpecific.Reusability.getTestData is PASSED

2018-05-21 11:19:01 - [TEST_STEP][PASSED] - Statement - startDate = "(//td[text()='" + data + "'])[1]": null

2018-05-21 11:19:01 - [TEST_STEP][PASSED] - Statement - println(startDate): null

2018-05-21 11:19:01 - [TEST_STEP][PASSED] - Statement - startdateEle = driver.findElement(org.openqa.selenium.By.xpath(startDate)): null

2018-05-21 11:19:01 - [TEST_STEP][PASSED] - Statement - startdateEle.click(): null

2018-05-21 11:19:01 - [TEST_STEP][PASSED] - delay: Delayed 5 second(s)

2018-05-21 11:19:06 - [MESSAGE][PASSED] - Delayed 5 second(s)

2018-05-21 11:19:06 - [TEST_STEP][PASSED] - click: Object: 'Object Repository/ReportsPage/toDateSelector' is clicked on

2018-05-21 11:19:06 - [MESSAGE][PASSED] - Object: 'Object Repository/ReportsPage/toDateSelector' is clicked on

2018-05-21 11:19:06 - [TEST_STEP][PASSED] - Statement - monthText = com.kms.katalon.core.webui.keyword.WebUiBuiltInKeywords.getText(com.kms.katalon.core.testobject.ObjectRepository.findTestObject(ReportsPage/monthText2)): Text of object 'Object Repository/ReportsPage/monthText2' is: 'May 2018'

2018-05-21 11:19:06 - [MESSAGE][PASSED] - Text of object 'Object Repository/ReportsPage/monthText2' is: 'May 2018'

2018-05-21 11:19:06 - [TEST_STEP][PASSED] - Statement - monthTextArray = monthText.split(" "): null

2018-05-21 11:19:06 - [TEST_STEP][PASSED] - Statement - month = monthTextArray[0]: null

2018-05-21 11:19:06 - [TEST_STEP][PASSED] - Statement - monthTextValue1 = CustomKeywords.projectSpecific.Reusability.getTestData("ReportsPage", "Month"): projectSpecific.Reusability.getTestData is PASSED

2018-05-21 11:19:06 - [MESSAGE][PASSED] - projectSpecific.Reusability.getTestData is PASSED

2018-05-21 11:19:06 - [TEST_STEP][PASSED] - Statement - If (!(monthTextValue1.equals(month))): null

2018-05-21 11:19:06 - [TEST_STEP][PASSED] - Statement - While (!(monthTextValue1.equals(month))): null

2018-05-21 11:19:06 - [TEST_STEP][PASSED] - click: Object: 'Object Repository/ReportsPage/previousDateSelector2' is clicked on

2018-05-21 11:19:06 - [MESSAGE][PASSED] - Object: 'Object Repository/ReportsPage/previousDateSelector2' is clicked on

2018-05-21 11:19:06 - [TEST_STEP][PASSED] - Statement - monthText = com.kms.katalon.core.webui.keyword.WebUiBuiltInKeywords.getText(com.kms.katalon.core.testobject.ObjectRepository.findTestObject(ReportsPage/monthText2)): Text of object 'Object Repository/ReportsPage/monthText2' is: 'April 2018'

2018-05-21 11:19:06 - [MESSAGE][PASSED] - Text of object 'Object Repository/ReportsPage/monthText2' is: 'April 2018'

2018-05-21 11:19:06 - [TEST_STEP][PASSED] - Statement - monthTextArray = monthText.split(" "): null

2018-05-21 11:19:06 - [TEST_STEP][PASSED] - Statement - month = monthTextArray[0]: null

2018-05-21 11:19:06 - [TEST_STEP][PASSED] - click: Object: 'Object Repository/ReportsPage/previousDateSelector2' is clicked on

2018-05-21 11:19:06 - [MESSAGE][PASSED] - Object: 'Object Repository/ReportsPage/previousDateSelector2' is clicked on

2018-05-21 11:19:06 - [TEST_STEP][PASSED] - Statement - monthText = com.kms.katalon.core.webui.keyword.WebUiBuiltInKeywords.getText(com.kms.katalon.core.testobject.ObjectRepository.findTestObject(ReportsPage/monthText2)): Text of object 'Object Repository/ReportsPage/monthText2' is: 'March 2018'

2018-05-21 11:19:06 - [MESSAGE][PASSED] - Text of object 'Object Repository/ReportsPage/monthText2' is: 'March 2018'

2018-05-21 11:19:06 - [TEST_STEP][PASSED] - Statement - monthTextArray = monthText.split(" "): null

2018-05-21 11:19:06 - [TEST_STEP][PASSED] - Statement - month = monthTextArray[0]: null

2018-05-21 11:19:06 - [TEST_STEP][PASSED] - Statement - endDate = CustomKeywords.projectSpecific.Reusability.getTestData("ReportsPage", "EndDate"): projectSpecific.Reusability.getTestData is PASSED

2018-05-21 11:19:06 - [MESSAGE][PASSED] - projectSpecific.Reusability.getTestData is PASSED

2018-05-21 11:19:06 - [TEST_STEP][PASSED] - Statement - toDate = "(//td[text()='" + endDate + "'])[2]": null

2018-05-21 11:19:06 - [TEST_STEP][PASSED] - Statement - println(toDate): null

2018-05-21 11:19:06 - [TEST_STEP][PASSED] - Statement - toDateEle = driver.findElement(org.openqa.selenium.By.xpath(toDate)): null

2018-05-21 11:19:06 - [TEST_STEP][PASSED] - Statement - toDateEle.click(): null

2018-05-21 11:19:06 - [TEST_STEP][PASSED] - delay: Delayed 5 second(s)

2018-05-21 11:19:11 - [MESSAGE][PASSED] - Delayed 5 second(s)

2018-05-21 11:19:11 - [TEST_STEP][PASSED] - Statement - dateAttr = com.kms.katalon.core.webui.keyword.WebUiBuiltInKeywords.getAttribute(com.kms.katalon.core.testobject.ObjectRepository.findTestObject(ReportsPage/selectedDate1), "value"): Attribute 'value' of object 'Object Repository/ReportsPage/selectedDate1' is: '03/14/2018'

2018-05-21 11:19:11 - [MESSAGE][PASSED] - Attribute 'value' of object 'Object Repository/ReportsPage/selectedDate1' is: '03/14/2018'

2018-05-21 11:19:11 - [TEST_STEP][PASSED] - Statement - fromDateValue = CustomKeywords.projectSpecific.Reusability.getTestData("ReportsPage", "toDate"): projectSpecific.Reusability.getTestData is PASSED

2018-05-21 11:19:11 - [MESSAGE][PASSED] - projectSpecific.Reusability.getTestData is PASSED

2018-05-21 11:19:11 - [TEST_STEP][PASSED] - Statement - If (!(dateAttr.equals(fromDateValue))): null

2018-05-21 11:19:11 - [TEST_STEP][PASSED] - Statement - dateAttr = com.kms.katalon.core.webui.keyword.WebUiBuiltInKeywords.getAttribute(com.kms.katalon.core.testobject.ObjectRepository.findTestObject(ReportsPage/selectedDate2), "value"): Attribute 'value' of object 'Object Repository/ReportsPage/selectedDate2' is: '03/14/2018'

2018-05-21 11:19:11 - [MESSAGE][PASSED] - Attribute 'value' of object 'Object Repository/ReportsPage/selectedDate2' is: '03/14/2018'

2018-05-21 11:19:11 - [TEST_STEP][PASSED] - Statement - toDateValue = CustomKeywords.projectSpecific.Reusability.getTestData("ReportsPage", "toDate"): projectSpecific.Reusability.getTestData is PASSED

2018-05-21 11:19:11 - [MESSAGE][PASSED] - projectSpecific.Reusability.getTestData is PASSED

2018-05-21 11:19:11 - [TEST_STEP][PASSED] - Statement - If (!(dateAttr.equals(toDateValue))): null

2018-05-21 11:19:11 - [TEST_STEP][PASSED] - click: Object: 'Object Repository/ReportsPage/generateReport' is clicked on

2018-05-21 11:19:11 - [MESSAGE][PASSED] - Object: 'Object Repository/ReportsPage/generateReport' is clicked on

2018-05-21 11:19:11 - [TEST_STEP][PASSED] - delay: Delayed 5 second(s)

2018-05-21 11:19:16 - [MESSAGE][PASSED] - Delayed 5 second(s)

2018-05-21 11:19:16 - [TEST_STEP][PASSED] - Statement - printTime = CustomKeywords.uiaction.CommonUIActions.getText(com.kms.katalon.core.testobject.ObjectRepository.findTestObject(SummarizedReportPage/printTime)): uiaction.CommonUIActions.getText is PASSED

2018-05-21 11:19:37 - [MESSAGE][PASSED] - uiaction.CommonUIActions.getText is PASSED

2018-05-21 11:19:37 - [TEST_STEP][PASSED] - Statement - cal = java.util.Calendar.getInstance(): null

2018-05-21 11:19:37 - [TEST_STEP][PASSED] - Statement - sdf = new java.text.SimpleDateFormat(hh:mm a): null

2018-05-21 11:19:37 - [TEST_STEP][PASSED] - Statement - currentSystemTime = sdf.format(cal.getTime()): null

2018-05-21 11:19:37 - [TEST_STEP][PASSED] - Statement - out.println(currentSystemTime): null

2018-05-21 11:19:37 - [TEST_STEP][PASSED] - Statement - If (printTime == currentSystemTime): null

2018-05-21 11:19:37 - [TEST_STEP][PASSED] - Statement - Else: Taking screenshot successfully

2018-05-21 11:19:37 - [TEST_STEP][PASSED] - Statement - If (TCflag): null

2018-05-21 11:19:37 - [TEST_STEP][PASSED] - Statement - out.println("Print Time is not displayed the current local time "): null

2018-05-21 11:19:37 - [TEST_STEP][PASSED] - takeScreenshot: Taking screenshot successfully

2018-05-21 11:19:37 - [MESSAGE][PASSED] - Taking screenshot successfully
[[ATTACHMENT|C:\\Users\\shalinin\\Katalon Studio\\HME_Scripts\\Reports\\RegressionSuite\\20180521_111202\\1526881777214.png]]

2018-05-21 11:19:37 - [TEST_STEP][PASSED] - Statement - assert TCflag == true: null

2018-05-21 11:19:37 - [TEST_STEP][PASSED] - Start listener action : sampleAfterTestCase: Browser is closed

2018-05-21 11:19:37 - [TEST_STEP][PASSED] - Statement - println(testCaseContext.getTestCaseId()): null

2018-05-21 11:19:37 - [TEST_STEP][PASSED] - Statement - println(testCaseContext.getTestCaseStatus()): null

2018-05-21 11:19:37 - [TEST_STEP][PASSED] - closeBrowser: Browser is closed

2018-05-21 11:19:38 - [MESSAGE][PASSED] - Browser is closed]]></system-out>
         <system-err><![CDATA[2018-05-21 11:17:47 - [TEST_CASE][FAILED] - Test Cases/TimeZoneTC/HME-Account_Setting-Timezone-04: Test Cases/TimeZoneTC/HME-Account_Setting-Timezone-04 FAILED because (of) org.codehaus.groovy.runtime.powerassert.PowerAssertionError: assert TCflag==true
       |     |
       false false]]></system-err>
      </testcase>
      <testcase name="Test Cases/TimeZoneTC/HME-Account_Setting-Timezone-05" classname="Test Cases/TimeZoneTC/HME-Account_Setting-Timezone-05" status="PASSED">
         <system-out><![CDATA[2018-05-21 11:19:38 - [TEST_CASE][PASSED] - Test Cases/TimeZoneTC/HME-Account_Setting-Timezone-05: Browser is closed

2018-05-21 11:19:38 - [TEST_STEP][PASSED] - Start listener action : sampleBeforeTestCase: uiaction.CommonUIActions.deleteAllCookies is PASSED

2018-05-21 11:19:38 - [TEST_STEP][PASSED] - openBrowser: Browser is opened with url: ''

2018-05-21 11:19:40 - [MESSAGE][PASSED] - Browser is opened with url: ''

2018-05-21 11:19:40 - [TEST_STEP][PASSED] - maximizeWindow: Current window maximized

2018-05-21 11:19:41 - [MESSAGE][PASSED] - Current window maximized

2018-05-21 11:19:41 - [TEST_STEP][PASSED] - uiaction.CommonUIActions.deleteAllCookies: uiaction.CommonUIActions.deleteAllCookies is PASSED

2018-05-21 11:19:42 - [MESSAGE][PASSED] - Delete all cookies successfully

2018-05-21 11:19:42 - [MESSAGE][PASSED] - uiaction.CommonUIActions.deleteAllCookies is PASSED

2018-05-21 11:19:42 - [TEST_STEP][PASSED] - Statement - TCflag = true: null

2018-05-21 11:19:42 - [TEST_STEP][PASSED] - Statement - Try: null

2018-05-21 11:19:42 - [TEST_STEP][PASSED] - navigateToUrl: Navigate to 'https://hme-dev-public-cloud-app.azurewebsites.net/' successfully

2018-05-21 11:19:45 - [MESSAGE][PASSED] - Navigate to 'https://hme-dev-public-cloud-app.azurewebsites.net/' successfully

2018-05-21 11:19:45 - [TEST_STEP][PASSED] - projectSpecific.Reusability.login: projectSpecific.Reusability.login is PASSED

2018-05-21 11:19:45 - [MESSAGE][PASSED] - projectSpecific.Reusability.getTestData is PASSED

2018-05-21 11:19:45 - [MESSAGE][PASSED] - projectSpecific.Reusability.getTestData is PASSED

2018-05-21 11:19:45 - [MESSAGE][PASSED] - Text 'selvendrank@nousinfo.com' is set on object 'Object Repository/LoginPage/Username'

2018-05-21 11:19:45 - [MESSAGE][PASSED] - Text 'nous;123' is set on object 'Object Repository/LoginPage/Password'

2018-05-21 11:19:45 - [MESSAGE][PASSED] - Object: 'Object Repository/LoginPage/Login' is clicked on

2018-05-21 11:19:45 - [MESSAGE][PASSED] - projectSpecific.Reusability.login is PASSED

2018-05-21 11:19:45 - [TEST_STEP][PASSED] - delay: Delayed 10 second(s)

2018-05-21 11:19:55 - [MESSAGE][PASSED] - Delayed 10 second(s)

2018-05-21 11:19:55 - [TEST_STEP][PASSED] - Statement - welcomeMsg = CustomKeywords.uiaction.CommonUIActions.getText(com.kms.katalon.core.testobject.ObjectRepository.findTestObject(HomePage/welcomeMessage)): uiaction.CommonUIActions.getText is PASSED

2018-05-21 11:20:11 - [MESSAGE][PASSED] - uiaction.CommonUIActions.getText is PASSED

2018-05-21 11:20:11 - [TEST_STEP][PASSED] - Statement - expactedWelcomeMsg = CustomKeywords.projectSpecific.Reusability.getTestData("HomePage", "welcomeMessage"): projectSpecific.Reusability.getTestData is PASSED

2018-05-21 11:20:11 - [MESSAGE][PASSED] - projectSpecific.Reusability.getTestData is PASSED

2018-05-21 11:20:11 - [TEST_STEP][PASSED] - verifyMatch: Actual text 'Welcome to HME CLOUD, Selvendran!' and expected text 'Welcome to HME CLOUD, Selvendran!' are matched 

2018-05-21 11:20:11 - [MESSAGE][PASSED] - Actual text 'Welcome to HME CLOUD, Selvendran!' and expected text 'Welcome to HME CLOUD, Selvendran!' are matched 

2018-05-21 11:20:11 - [TEST_STEP][PASSED] - uiaction.CommonUIActions.click: uiaction.CommonUIActions.click is PASSED

2018-05-21 11:20:24 - [MESSAGE][PASSED] - uiaction.CommonUIActions.click is PASSED

2018-05-21 11:20:24 - [TEST_STEP][PASSED] - uiaction.CommonUIActions.click: uiaction.CommonUIActions.click is PASSED

2018-05-21 11:20:26 - [MESSAGE][PASSED] - uiaction.CommonUIActions.click is PASSED

2018-05-21 11:20:26 - [TEST_STEP][PASSED] - uiaction.CommonUIActions.click: uiaction.CommonUIActions.click is PASSED

2018-05-21 11:20:26 - [MESSAGE][PASSED] - uiaction.CommonUIActions.click is PASSED

2018-05-21 11:20:26 - [TEST_STEP][PASSED] - uiaction.CommonUIActions.click: uiaction.CommonUIActions.click is PASSED

2018-05-21 11:20:32 - [MESSAGE][PASSED] - uiaction.CommonUIActions.click is PASSED

2018-05-21 11:20:32 - [TEST_STEP][PASSED] - Statement - storeID = CustomKeywords.uiaction.CommonUIActions.getText(com.kms.katalon.core.testobject.ObjectRepository.findTestObject(StorePage/storeID)): uiaction.CommonUIActions.getText is PASSED

2018-05-21 11:20:32 - [MESSAGE][PASSED] - uiaction.CommonUIActions.getText is PASSED

2018-05-21 11:20:32 - [TEST_STEP][PASSED] - Statement - storenumber = storeID.trim(): null

2018-05-21 11:20:32 - [TEST_STEP][PASSED] - Statement - println(storenumber): null

2018-05-21 11:20:32 - [TEST_STEP][PASSED] - uiaction.CommonUIActions.click: uiaction.CommonUIActions.click is PASSED

2018-05-21 11:20:33 - [MESSAGE][PASSED] - uiaction.CommonUIActions.click is PASSED

2018-05-21 11:20:33 - [TEST_STEP][PASSED] - delay: Delayed 10 second(s)

2018-05-21 11:20:43 - [MESSAGE][PASSED] - Delayed 10 second(s)

2018-05-21 11:20:43 - [TEST_STEP][PASSED] - Statement - driver = com.kms.katalon.core.webui.driver.DriverFactory.getWebDriver(): null

2018-05-21 11:20:43 - [TEST_STEP][PASSED] - Statement - driver.findElement(org.openqa.selenium.By.xpath("//span[contains(text(),'" + storenumber.trim() + "')]")).click(): null

2018-05-21 11:20:43 - [TEST_STEP][PASSED] - delay: Delayed 5 second(s)

2018-05-21 11:20:48 - [MESSAGE][PASSED] - Delayed 5 second(s)

2018-05-21 11:20:48 - [TEST_STEP][PASSED] - click: Object: 'Object Repository/ReportsPage/timeSelection' is clicked on

2018-05-21 11:20:48 - [MESSAGE][PASSED] - Object: 'Object Repository/ReportsPage/timeSelection' is clicked on

2018-05-21 11:20:48 - [TEST_STEP][PASSED] - click: Object: 'Object Repository/ReportsPage/daypartTimeOption' is clicked on

2018-05-21 11:20:49 - [MESSAGE][PASSED] - Object: 'Object Repository/ReportsPage/daypartTimeOption' is clicked on

2018-05-21 11:20:49 - [TEST_STEP][PASSED] - click: Object: 'Object Repository/ReportsPage/summaryReportHeading' is clicked on

2018-05-21 11:20:49 - [MESSAGE][PASSED] - Object: 'Object Repository/ReportsPage/summaryReportHeading' is clicked on

2018-05-21 11:20:49 - [TEST_STEP][PASSED] - verifyElementText: Actual text and expected text of test object 'Object Repository/ReportsPage/daypartTimeOption' are matched.

2018-05-21 11:20:49 - [MESSAGE][PASSED] - projectSpecific.Reusability.getTestData is PASSED

2018-05-21 11:20:49 - [MESSAGE][PASSED] - Actual text and expected text of test object 'Object Repository/ReportsPage/daypartTimeOption' are matched.

2018-05-21 11:20:49 - [TEST_STEP][PASSED] - verifyElementText: Actual text and expected text of test object 'Object Repository/ReportsPage/criteriaTimeMeasureFordaypart' are matched.

2018-05-21 11:20:49 - [MESSAGE][PASSED] - projectSpecific.Reusability.getTestData is PASSED

2018-05-21 11:20:49 - [MESSAGE][PASSED] - Actual text and expected text of test object 'Object Repository/ReportsPage/criteriaTimeMeasureFordaypart' are matched.

2018-05-21 11:20:49 - [TEST_STEP][PASSED] - delay: Delayed 5 second(s)

2018-05-21 11:20:54 - [MESSAGE][PASSED] - Delayed 5 second(s)

2018-05-21 11:20:54 - [TEST_STEP][PASSED] - click: Object: 'Object Repository/ReportsPage/fromDateSelector' is clicked on

2018-05-21 11:20:54 - [MESSAGE][PASSED] - Object: 'Object Repository/ReportsPage/fromDateSelector' is clicked on

2018-05-21 11:20:54 - [TEST_STEP][PASSED] - delay: Delayed 5 second(s)

2018-05-21 11:20:59 - [MESSAGE][PASSED] - Delayed 5 second(s)

2018-05-21 11:20:59 - [TEST_STEP][PASSED] - Statement - monthText = com.kms.katalon.core.webui.keyword.WebUiBuiltInKeywords.getText(com.kms.katalon.core.testobject.ObjectRepository.findTestObject(ReportsPage/monthText)): Text of object 'Object Repository/ReportsPage/monthText' is: 'May 2018'

2018-05-21 11:20:59 - [MESSAGE][PASSED] - Text of object 'Object Repository/ReportsPage/monthText' is: 'May 2018'

2018-05-21 11:20:59 - [TEST_STEP][PASSED] - Statement - monthTextArray = monthText.split(" "): null

2018-05-21 11:20:59 - [TEST_STEP][PASSED] - Statement - month = monthTextArray[0]: null

2018-05-21 11:20:59 - [TEST_STEP][PASSED] - Statement - monthTextValue = CustomKeywords.projectSpecific.Reusability.getTestData("ReportsPage", "Month"): projectSpecific.Reusability.getTestData is PASSED

2018-05-21 11:20:59 - [MESSAGE][PASSED] - projectSpecific.Reusability.getTestData is PASSED

2018-05-21 11:20:59 - [TEST_STEP][PASSED] - Statement - If (!(monthTextValue.equals(month))): null

2018-05-21 11:20:59 - [TEST_STEP][PASSED] - Statement - While (!(monthTextValue.equals(month))): null

2018-05-21 11:20:59 - [TEST_STEP][PASSED] - click: Object: 'Object Repository/ReportsPage/previousDateSelector' is clicked on

2018-05-21 11:20:59 - [MESSAGE][PASSED] - Object: 'Object Repository/ReportsPage/previousDateSelector' is clicked on

2018-05-21 11:20:59 - [TEST_STEP][PASSED] - Statement - monthText = com.kms.katalon.core.webui.keyword.WebUiBuiltInKeywords.getText(com.kms.katalon.core.testobject.ObjectRepository.findTestObject(ReportsPage/monthText)): Text of object 'Object Repository/ReportsPage/monthText' is: 'April 2018'

2018-05-21 11:20:59 - [MESSAGE][PASSED] - Text of object 'Object Repository/ReportsPage/monthText' is: 'April 2018'

2018-05-21 11:20:59 - [TEST_STEP][PASSED] - Statement - monthTextArray = monthText.split(" "): null

2018-05-21 11:20:59 - [TEST_STEP][PASSED] - Statement - month = monthTextArray[0]: null

2018-05-21 11:20:59 - [TEST_STEP][PASSED] - click: Object: 'Object Repository/ReportsPage/previousDateSelector' is clicked on

2018-05-21 11:20:59 - [MESSAGE][PASSED] - Object: 'Object Repository/ReportsPage/previousDateSelector' is clicked on

2018-05-21 11:20:59 - [TEST_STEP][PASSED] - Statement - monthText = com.kms.katalon.core.webui.keyword.WebUiBuiltInKeywords.getText(com.kms.katalon.core.testobject.ObjectRepository.findTestObject(ReportsPage/monthText)): Text of object 'Object Repository/ReportsPage/monthText' is: 'March 2018'

2018-05-21 11:20:59 - [MESSAGE][PASSED] - Text of object 'Object Repository/ReportsPage/monthText' is: 'March 2018'

2018-05-21 11:20:59 - [TEST_STEP][PASSED] - Statement - monthTextArray = monthText.split(" "): null

2018-05-21 11:20:59 - [TEST_STEP][PASSED] - Statement - month = monthTextArray[0]: null

2018-05-21 11:20:59 - [TEST_STEP][PASSED] - Statement - data = CustomKeywords.projectSpecific.Reusability.getTestData("ReportsPage", "StartDate_March3"): projectSpecific.Reusability.getTestData is PASSED

2018-05-21 11:20:59 - [MESSAGE][PASSED] - projectSpecific.Reusability.getTestData is PASSED

2018-05-21 11:20:59 - [TEST_STEP][PASSED] - Statement - startDate = "(//td[text()='" + data + "'])[1]": null

2018-05-21 11:20:59 - [TEST_STEP][PASSED] - Statement - println(startDate): null

2018-05-21 11:20:59 - [TEST_STEP][PASSED] - Statement - startdateEle = driver.findElement(org.openqa.selenium.By.xpath(startDate)): null

2018-05-21 11:20:59 - [TEST_STEP][PASSED] - Statement - startdateEle.click(): null

2018-05-21 11:20:59 - [TEST_STEP][PASSED] - delay: Delayed 5 second(s)

2018-05-21 11:21:04 - [MESSAGE][PASSED] - Delayed 5 second(s)

2018-05-21 11:21:04 - [TEST_STEP][PASSED] - click: Object: 'Object Repository/ReportsPage/toDateSelector' is clicked on

2018-05-21 11:21:04 - [MESSAGE][PASSED] - Object: 'Object Repository/ReportsPage/toDateSelector' is clicked on

2018-05-21 11:21:04 - [TEST_STEP][PASSED] - Statement - monthText = com.kms.katalon.core.webui.keyword.WebUiBuiltInKeywords.getText(com.kms.katalon.core.testobject.ObjectRepository.findTestObject(ReportsPage/monthText2)): Text of object 'Object Repository/ReportsPage/monthText2' is: 'May 2018'

2018-05-21 11:21:04 - [MESSAGE][PASSED] - Text of object 'Object Repository/ReportsPage/monthText2' is: 'May 2018'

2018-05-21 11:21:04 - [TEST_STEP][PASSED] - Statement - monthTextArray = monthText.split(" "): null

2018-05-21 11:21:04 - [TEST_STEP][PASSED] - Statement - month = monthTextArray[0]: null

2018-05-21 11:21:04 - [TEST_STEP][PASSED] - Statement - monthTextValue1 = CustomKeywords.projectSpecific.Reusability.getTestData("ReportsPage", "Month"): projectSpecific.Reusability.getTestData is PASSED

2018-05-21 11:21:04 - [MESSAGE][PASSED] - projectSpecific.Reusability.getTestData is PASSED

2018-05-21 11:21:04 - [TEST_STEP][PASSED] - Statement - If (!(monthTextValue1.equals(month))): null

2018-05-21 11:21:04 - [TEST_STEP][PASSED] - Statement - While (!(monthTextValue1.equals(month))): null

2018-05-21 11:21:04 - [TEST_STEP][PASSED] - click: Object: 'Object Repository/ReportsPage/previousDateSelector2' is clicked on

2018-05-21 11:21:04 - [MESSAGE][PASSED] - Object: 'Object Repository/ReportsPage/previousDateSelector2' is clicked on

2018-05-21 11:21:04 - [TEST_STEP][PASSED] - Statement - monthText = com.kms.katalon.core.webui.keyword.WebUiBuiltInKeywords.getText(com.kms.katalon.core.testobject.ObjectRepository.findTestObject(ReportsPage/monthText2)): Text of object 'Object Repository/ReportsPage/monthText2' is: 'April 2018'

2018-05-21 11:21:04 - [MESSAGE][PASSED] - Text of object 'Object Repository/ReportsPage/monthText2' is: 'April 2018'

2018-05-21 11:21:04 - [TEST_STEP][PASSED] - Statement - monthTextArray = monthText.split(" "): null

2018-05-21 11:21:04 - [TEST_STEP][PASSED] - Statement - month = monthTextArray[0]: null

2018-05-21 11:21:04 - [TEST_STEP][PASSED] - click: Object: 'Object Repository/ReportsPage/previousDateSelector2' is clicked on

2018-05-21 11:21:04 - [MESSAGE][PASSED] - Object: 'Object Repository/ReportsPage/previousDateSelector2' is clicked on

2018-05-21 11:21:04 - [TEST_STEP][PASSED] - Statement - monthText = com.kms.katalon.core.webui.keyword.WebUiBuiltInKeywords.getText(com.kms.katalon.core.testobject.ObjectRepository.findTestObject(ReportsPage/monthText2)): Text of object 'Object Repository/ReportsPage/monthText2' is: 'March 2018'

2018-05-21 11:21:04 - [MESSAGE][PASSED] - Text of object 'Object Repository/ReportsPage/monthText2' is: 'March 2018'

2018-05-21 11:21:04 - [TEST_STEP][PASSED] - Statement - monthTextArray = monthText.split(" "): null

2018-05-21 11:21:04 - [TEST_STEP][PASSED] - Statement - month = monthTextArray[0]: null

2018-05-21 11:21:04 - [TEST_STEP][PASSED] - Statement - endDate = CustomKeywords.projectSpecific.Reusability.getTestData("ReportsPage", "EndDate_March3"): projectSpecific.Reusability.getTestData is PASSED

2018-05-21 11:21:04 - [MESSAGE][PASSED] - projectSpecific.Reusability.getTestData is PASSED

2018-05-21 11:21:04 - [TEST_STEP][PASSED] - Statement - toDate = "(//td[text()='" + endDate + "'])[2]": null

2018-05-21 11:21:04 - [TEST_STEP][PASSED] - Statement - println(toDate): null

2018-05-21 11:21:04 - [TEST_STEP][PASSED] - Statement - toDateEle = driver.findElement(org.openqa.selenium.By.xpath(toDate)): null

2018-05-21 11:21:04 - [TEST_STEP][PASSED] - Statement - toDateEle.click(): null

2018-05-21 11:21:04 - [TEST_STEP][PASSED] - delay: Delayed 5 second(s)

2018-05-21 11:21:09 - [MESSAGE][PASSED] - Delayed 5 second(s)

2018-05-21 11:21:09 - [TEST_STEP][PASSED] - Statement - dateAttr = com.kms.katalon.core.webui.keyword.WebUiBuiltInKeywords.getAttribute(com.kms.katalon.core.testobject.ObjectRepository.findTestObject(ReportsPage/selectedDate1), "value"): Attribute 'value' of object 'Object Repository/ReportsPage/selectedDate1' is: '03/15/2018'

2018-05-21 11:21:10 - [MESSAGE][PASSED] - Attribute 'value' of object 'Object Repository/ReportsPage/selectedDate1' is: '03/15/2018'

2018-05-21 11:21:10 - [TEST_STEP][PASSED] - Statement - fromDateValue = CustomKeywords.projectSpecific.Reusability.getTestData("ReportsPage", "fromDate_March3"): projectSpecific.Reusability.getTestData is PASSED

2018-05-21 11:21:10 - [MESSAGE][PASSED] - projectSpecific.Reusability.getTestData is PASSED

2018-05-21 11:21:10 - [TEST_STEP][PASSED] - Statement - If (!(dateAttr.equals(fromDateValue))): null

2018-05-21 11:21:10 - [TEST_STEP][PASSED] - Statement - dateAttr = com.kms.katalon.core.webui.keyword.WebUiBuiltInKeywords.getAttribute(com.kms.katalon.core.testobject.ObjectRepository.findTestObject(ReportsPage/selectedDate2), "value"): Attribute 'value' of object 'Object Repository/ReportsPage/selectedDate2' is: '03/17/2018'

2018-05-21 11:21:10 - [MESSAGE][PASSED] - Attribute 'value' of object 'Object Repository/ReportsPage/selectedDate2' is: '03/17/2018'

2018-05-21 11:21:10 - [TEST_STEP][PASSED] - Statement - toDateValue = CustomKeywords.projectSpecific.Reusability.getTestData("ReportsPage", "toDate_March3"): projectSpecific.Reusability.getTestData is PASSED

2018-05-21 11:21:10 - [MESSAGE][PASSED] - projectSpecific.Reusability.getTestData is PASSED

2018-05-21 11:21:10 - [TEST_STEP][PASSED] - Statement - If (!(dateAttr.equals(toDateValue))): null

2018-05-21 11:21:10 - [TEST_STEP][PASSED] - click: Object: 'Object Repository/ReportsPage/generateReport' is clicked on

2018-05-21 11:21:10 - [MESSAGE][PASSED] - Object: 'Object Repository/ReportsPage/generateReport' is clicked on

2018-05-21 11:21:10 - [TEST_STEP][PASSED] - delay: Delayed 5 second(s)

2018-05-21 11:21:15 - [MESSAGE][PASSED] - Delayed 5 second(s)

2018-05-21 11:21:15 - [TEST_STEP][PASSED] - Statement - printTime = CustomKeywords.uiaction.CommonUIActions.getText(com.kms.katalon.core.testobject.ObjectRepository.findTestObject(SummarizedReportPage/printTime)): uiaction.CommonUIActions.getText is PASSED

2018-05-21 11:21:27 - [MESSAGE][PASSED] - uiaction.CommonUIActions.getText is PASSED

2018-05-21 11:21:27 - [TEST_STEP][PASSED] - Statement - cal = java.util.Calendar.getInstance(): null

2018-05-21 11:21:27 - [TEST_STEP][PASSED] - Statement - sdf = new java.text.SimpleDateFormat(hh:mm a): null

2018-05-21 11:21:27 - [TEST_STEP][PASSED] - Statement - currentSystemTime = sdf.format(cal.getTime()): null

2018-05-21 11:21:27 - [TEST_STEP][PASSED] - Statement - out.println(currentSystemTime): null

2018-05-21 11:21:27 - [TEST_STEP][PASSED] - Statement - If (printTime == currentSystemTime): null

2018-05-21 11:21:27 - [TEST_STEP][PASSED] - Statement - out.println("Print Time is displayed the current local time "): null

2018-05-21 11:21:27 - [TEST_STEP][PASSED] - Statement - assert TCflag == true: null

2018-05-21 11:21:27 - [TEST_STEP][PASSED] - Start listener action : sampleAfterTestCase: Browser is closed

2018-05-21 11:21:27 - [TEST_STEP][PASSED] - Statement - println(testCaseContext.getTestCaseId()): null

2018-05-21 11:21:27 - [TEST_STEP][PASSED] - Statement - println(testCaseContext.getTestCaseStatus()): null

2018-05-21 11:21:27 - [TEST_STEP][PASSED] - closeBrowser: Browser is closed

2018-05-21 11:21:28 - [MESSAGE][PASSED] - Browser is closed]]></system-out>
         <system-err><![CDATA[]]></system-err>
      </testcase>
      <testcase name="Test Cases/TimeZoneTC/HME-Account_Setting-Timezone-06" classname="Test Cases/TimeZoneTC/HME-Account_Setting-Timezone-06" status="PASSED">
         <system-out><![CDATA[2018-05-21 11:21:28 - [TEST_CASE][PASSED] - Test Cases/TimeZoneTC/HME-Account_Setting-Timezone-06: Browser is closed

2018-05-21 11:21:28 - [TEST_STEP][PASSED] - Start listener action : sampleBeforeTestCase: uiaction.CommonUIActions.deleteAllCookies is PASSED

2018-05-21 11:21:28 - [TEST_STEP][PASSED] - openBrowser: Browser is opened with url: ''

2018-05-21 11:21:30 - [MESSAGE][PASSED] - Browser is opened with url: ''

2018-05-21 11:21:30 - [TEST_STEP][PASSED] - maximizeWindow: Current window maximized

2018-05-21 11:21:31 - [MESSAGE][PASSED] - Current window maximized

2018-05-21 11:21:31 - [TEST_STEP][PASSED] - uiaction.CommonUIActions.deleteAllCookies: uiaction.CommonUIActions.deleteAllCookies is PASSED

2018-05-21 11:21:31 - [MESSAGE][PASSED] - Delete all cookies successfully

2018-05-21 11:21:31 - [MESSAGE][PASSED] - uiaction.CommonUIActions.deleteAllCookies is PASSED

2018-05-21 11:21:32 - [TEST_STEP][PASSED] - Statement - TCflag = true: null

2018-05-21 11:21:32 - [TEST_STEP][PASSED] - Statement - Try: null

2018-05-21 11:21:32 - [TEST_STEP][PASSED] - navigateToUrl: Navigate to 'https://hme-dev-public-cloud-app.azurewebsites.net/' successfully

2018-05-21 11:21:34 - [MESSAGE][PASSED] - Navigate to 'https://hme-dev-public-cloud-app.azurewebsites.net/' successfully

2018-05-21 11:21:34 - [TEST_STEP][PASSED] - projectSpecific.Reusability.login: projectSpecific.Reusability.login is PASSED

2018-05-21 11:21:34 - [MESSAGE][PASSED] - projectSpecific.Reusability.getTestData is PASSED

2018-05-21 11:21:34 - [MESSAGE][PASSED] - projectSpecific.Reusability.getTestData is PASSED

2018-05-21 11:21:35 - [MESSAGE][PASSED] - Text 'selvendrank@nousinfo.com' is set on object 'Object Repository/LoginPage/Username'

2018-05-21 11:21:35 - [MESSAGE][PASSED] - Text 'nous;123' is set on object 'Object Repository/LoginPage/Password'

2018-05-21 11:21:35 - [MESSAGE][PASSED] - Object: 'Object Repository/LoginPage/Login' is clicked on

2018-05-21 11:21:35 - [MESSAGE][PASSED] - projectSpecific.Reusability.login is PASSED

2018-05-21 11:21:35 - [TEST_STEP][PASSED] - delay: Delayed 10 second(s)

2018-05-21 11:21:45 - [MESSAGE][PASSED] - Delayed 10 second(s)

2018-05-21 11:21:45 - [TEST_STEP][PASSED] - Statement - welcomeMsg = CustomKeywords.uiaction.CommonUIActions.getText(com.kms.katalon.core.testobject.ObjectRepository.findTestObject(HomePage/welcomeMessage)): uiaction.CommonUIActions.getText is PASSED

2018-05-21 11:21:58 - [MESSAGE][PASSED] - uiaction.CommonUIActions.getText is PASSED

2018-05-21 11:21:58 - [TEST_STEP][PASSED] - Statement - expactedWelcomeMsg = CustomKeywords.projectSpecific.Reusability.getTestData("HomePage", "welcomeMessage"): projectSpecific.Reusability.getTestData is PASSED

2018-05-21 11:21:58 - [MESSAGE][PASSED] - projectSpecific.Reusability.getTestData is PASSED

2018-05-21 11:21:58 - [TEST_STEP][PASSED] - verifyMatch: Actual text 'Welcome to HME CLOUD, Selvendran!' and expected text 'Welcome to HME CLOUD, Selvendran!' are matched 

2018-05-21 11:21:58 - [MESSAGE][PASSED] - Actual text 'Welcome to HME CLOUD, Selvendran!' and expected text 'Welcome to HME CLOUD, Selvendran!' are matched 

2018-05-21 11:21:58 - [TEST_STEP][PASSED] - uiaction.CommonUIActions.click: uiaction.CommonUIActions.click is PASSED

2018-05-21 11:22:11 - [MESSAGE][PASSED] - uiaction.CommonUIActions.click is PASSED

2018-05-21 11:22:11 - [TEST_STEP][PASSED] - uiaction.CommonUIActions.click: uiaction.CommonUIActions.click is PASSED

2018-05-21 11:22:13 - [MESSAGE][PASSED] - uiaction.CommonUIActions.click is PASSED

2018-05-21 11:22:13 - [TEST_STEP][PASSED] - uiaction.CommonUIActions.click: uiaction.CommonUIActions.click is PASSED

2018-05-21 11:22:14 - [MESSAGE][PASSED] - uiaction.CommonUIActions.click is PASSED

2018-05-21 11:22:14 - [TEST_STEP][PASSED] - uiaction.CommonUIActions.click: uiaction.CommonUIActions.click is PASSED

2018-05-21 11:22:20 - [MESSAGE][PASSED] - uiaction.CommonUIActions.click is PASSED

2018-05-21 11:22:20 - [TEST_STEP][PASSED] - Statement - storeID = CustomKeywords.uiaction.CommonUIActions.getText(com.kms.katalon.core.testobject.ObjectRepository.findTestObject(StorePage/storeID)): uiaction.CommonUIActions.getText is PASSED

2018-05-21 11:22:20 - [MESSAGE][PASSED] - uiaction.CommonUIActions.getText is PASSED

2018-05-21 11:22:20 - [TEST_STEP][PASSED] - Statement - storenumber = storeID.trim(): null

2018-05-21 11:22:20 - [TEST_STEP][PASSED] - Statement - println(storenumber): null

2018-05-21 11:22:20 - [TEST_STEP][PASSED] - uiaction.CommonUIActions.click: uiaction.CommonUIActions.click is PASSED

2018-05-21 11:22:21 - [MESSAGE][PASSED] - uiaction.CommonUIActions.click is PASSED

2018-05-21 11:22:21 - [TEST_STEP][PASSED] - delay: Delayed 10 second(s)

2018-05-21 11:22:31 - [MESSAGE][PASSED] - Delayed 10 second(s)

2018-05-21 11:22:31 - [TEST_STEP][PASSED] - Statement - driver = com.kms.katalon.core.webui.driver.DriverFactory.getWebDriver(): null

2018-05-21 11:22:31 - [TEST_STEP][PASSED] - Statement - driver.findElement(org.openqa.selenium.By.xpath("//span[contains(text(),'" + storenumber.trim() + "')]")).click(): null

2018-05-21 11:22:31 - [TEST_STEP][PASSED] - delay: Delayed 5 second(s)

2018-05-21 11:22:36 - [MESSAGE][PASSED] - Delayed 5 second(s)

2018-05-21 11:22:36 - [TEST_STEP][PASSED] - click: Object: 'Object Repository/ReportsPage/timeSelection' is clicked on

2018-05-21 11:22:37 - [MESSAGE][PASSED] - Object: 'Object Repository/ReportsPage/timeSelection' is clicked on

2018-05-21 11:22:37 - [TEST_STEP][PASSED] - click: Object: 'Object Repository/ReportsPage/weekTimeOption' is clicked on

2018-05-21 11:22:37 - [MESSAGE][PASSED] - Object: 'Object Repository/ReportsPage/weekTimeOption' is clicked on

2018-05-21 11:22:37 - [TEST_STEP][PASSED] - click: Object: 'Object Repository/ReportsPage/summaryReportHeading' is clicked on

2018-05-21 11:22:37 - [MESSAGE][PASSED] - Object: 'Object Repository/ReportsPage/summaryReportHeading' is clicked on

2018-05-21 11:22:37 - [TEST_STEP][PASSED] - verifyElementText: Actual text and expected text of test object 'Object Repository/ReportsPage/weekTimeOption' are matched.

2018-05-21 11:22:37 - [MESSAGE][PASSED] - projectSpecific.Reusability.getTestData is PASSED

2018-05-21 11:22:37 - [MESSAGE][PASSED] - Actual text and expected text of test object 'Object Repository/ReportsPage/weekTimeOption' are matched.

2018-05-21 11:22:37 - [TEST_STEP][PASSED] - verifyElementText: Actual text and expected text of test object 'Object Repository/ReportsPage/criteriaTimeMeasure' are matched.

2018-05-21 11:22:37 - [MESSAGE][PASSED] - projectSpecific.Reusability.getTestData is PASSED

2018-05-21 11:22:37 - [MESSAGE][PASSED] - Actual text and expected text of test object 'Object Repository/ReportsPage/criteriaTimeMeasure' are matched.

2018-05-21 11:22:37 - [TEST_STEP][PASSED] - delay: Delayed 5 second(s)

2018-05-21 11:22:42 - [MESSAGE][PASSED] - Delayed 5 second(s)

2018-05-21 11:22:42 - [TEST_STEP][PASSED] - click: Object: 'Object Repository/ReportsPage/fromDateSelector' is clicked on

2018-05-21 11:22:42 - [MESSAGE][PASSED] - Object: 'Object Repository/ReportsPage/fromDateSelector' is clicked on

2018-05-21 11:22:42 - [TEST_STEP][PASSED] - delay: Delayed 5 second(s)

2018-05-21 11:22:47 - [MESSAGE][PASSED] - Delayed 5 second(s)

2018-05-21 11:22:47 - [TEST_STEP][PASSED] - Statement - monthText = com.kms.katalon.core.webui.keyword.WebUiBuiltInKeywords.getText(com.kms.katalon.core.testobject.ObjectRepository.findTestObject(ReportsPage/monthText)): Text of object 'Object Repository/ReportsPage/monthText' is: 'May 2018'

2018-05-21 11:22:47 - [MESSAGE][PASSED] - Text of object 'Object Repository/ReportsPage/monthText' is: 'May 2018'

2018-05-21 11:22:47 - [TEST_STEP][PASSED] - Statement - monthTextArray = monthText.split(" "): null

2018-05-21 11:22:47 - [TEST_STEP][PASSED] - Statement - month = monthTextArray[0]: null

2018-05-21 11:22:47 - [TEST_STEP][PASSED] - Statement - monthTextValue = CustomKeywords.projectSpecific.Reusability.getTestData("ReportsPage", "Month"): projectSpecific.Reusability.getTestData is PASSED

2018-05-21 11:22:47 - [MESSAGE][PASSED] - projectSpecific.Reusability.getTestData is PASSED

2018-05-21 11:22:47 - [TEST_STEP][PASSED] - Statement - If (!(monthTextValue.equals(month))): null

2018-05-21 11:22:47 - [TEST_STEP][PASSED] - Statement - While (!(monthTextValue.equals(month))): null

2018-05-21 11:22:47 - [TEST_STEP][PASSED] - click: Object: 'Object Repository/ReportsPage/previousDateSelector' is clicked on

2018-05-21 11:22:47 - [MESSAGE][PASSED] - Object: 'Object Repository/ReportsPage/previousDateSelector' is clicked on

2018-05-21 11:22:47 - [TEST_STEP][PASSED] - Statement - monthText = com.kms.katalon.core.webui.keyword.WebUiBuiltInKeywords.getText(com.kms.katalon.core.testobject.ObjectRepository.findTestObject(ReportsPage/monthText)): Text of object 'Object Repository/ReportsPage/monthText' is: 'April 2018'

2018-05-21 11:22:47 - [MESSAGE][PASSED] - Text of object 'Object Repository/ReportsPage/monthText' is: 'April 2018'

2018-05-21 11:22:47 - [TEST_STEP][PASSED] - Statement - monthTextArray = monthText.split(" "): null

2018-05-21 11:22:47 - [TEST_STEP][PASSED] - Statement - month = monthTextArray[0]: null

2018-05-21 11:22:47 - [TEST_STEP][PASSED] - click: Object: 'Object Repository/ReportsPage/previousDateSelector' is clicked on

2018-05-21 11:22:47 - [MESSAGE][PASSED] - Object: 'Object Repository/ReportsPage/previousDateSelector' is clicked on

2018-05-21 11:22:47 - [TEST_STEP][PASSED] - Statement - monthText = com.kms.katalon.core.webui.keyword.WebUiBuiltInKeywords.getText(com.kms.katalon.core.testobject.ObjectRepository.findTestObject(ReportsPage/monthText)): Text of object 'Object Repository/ReportsPage/monthText' is: 'March 2018'

2018-05-21 11:22:47 - [MESSAGE][PASSED] - Text of object 'Object Repository/ReportsPage/monthText' is: 'March 2018'

2018-05-21 11:22:47 - [TEST_STEP][PASSED] - Statement - monthTextArray = monthText.split(" "): null

2018-05-21 11:22:47 - [TEST_STEP][PASSED] - Statement - month = monthTextArray[0]: null

2018-05-21 11:22:47 - [TEST_STEP][PASSED] - Statement - data = CustomKeywords.projectSpecific.Reusability.getTestData("ReportsPage", "StartDate_March2"): projectSpecific.Reusability.getTestData is PASSED

2018-05-21 11:22:47 - [MESSAGE][PASSED] - projectSpecific.Reusability.getTestData is PASSED

2018-05-21 11:22:47 - [TEST_STEP][PASSED] - Statement - startDate = "(//td[text()='" + data + "'])[1]": null

2018-05-21 11:22:47 - [TEST_STEP][PASSED] - Statement - println(startDate): null

2018-05-21 11:22:47 - [TEST_STEP][PASSED] - Statement - startdateEle = driver.findElement(org.openqa.selenium.By.xpath(startDate)): null

2018-05-21 11:22:47 - [TEST_STEP][PASSED] - Statement - startdateEle.click(): null

2018-05-21 11:22:47 - [TEST_STEP][PASSED] - delay: Delayed 5 second(s)

2018-05-21 11:22:52 - [MESSAGE][PASSED] - Delayed 5 second(s)

2018-05-21 11:22:52 - [TEST_STEP][PASSED] - click: Object: 'Object Repository/ReportsPage/toDateSelector' is clicked on

2018-05-21 11:22:52 - [MESSAGE][PASSED] - Object: 'Object Repository/ReportsPage/toDateSelector' is clicked on

2018-05-21 11:22:52 - [TEST_STEP][PASSED] - Statement - monthText = com.kms.katalon.core.webui.keyword.WebUiBuiltInKeywords.getText(com.kms.katalon.core.testobject.ObjectRepository.findTestObject(ReportsPage/monthText2)): Text of object 'Object Repository/ReportsPage/monthText2' is: 'May 2018'

2018-05-21 11:22:52 - [MESSAGE][PASSED] - Text of object 'Object Repository/ReportsPage/monthText2' is: 'May 2018'

2018-05-21 11:22:52 - [TEST_STEP][PASSED] - Statement - monthTextArray = monthText.split(" "): null

2018-05-21 11:22:52 - [TEST_STEP][PASSED] - Statement - month = monthTextArray[0]: null

2018-05-21 11:22:52 - [TEST_STEP][PASSED] - Statement - monthTextValue1 = CustomKeywords.projectSpecific.Reusability.getTestData("ReportsPage", "Month"): projectSpecific.Reusability.getTestData is PASSED

2018-05-21 11:22:52 - [MESSAGE][PASSED] - projectSpecific.Reusability.getTestData is PASSED

2018-05-21 11:22:52 - [TEST_STEP][PASSED] - Statement - If (!(monthTextValue1.equals(month))): null

2018-05-21 11:22:52 - [TEST_STEP][PASSED] - Statement - While (!(monthTextValue1.equals(month))): null

2018-05-21 11:22:52 - [TEST_STEP][PASSED] - click: Object: 'Object Repository/ReportsPage/previousDateSelector2' is clicked on

2018-05-21 11:22:52 - [MESSAGE][PASSED] - Object: 'Object Repository/ReportsPage/previousDateSelector2' is clicked on

2018-05-21 11:22:52 - [TEST_STEP][PASSED] - Statement - monthText = com.kms.katalon.core.webui.keyword.WebUiBuiltInKeywords.getText(com.kms.katalon.core.testobject.ObjectRepository.findTestObject(ReportsPage/monthText2)): Text of object 'Object Repository/ReportsPage/monthText2' is: 'April 2018'

2018-05-21 11:22:52 - [MESSAGE][PASSED] - Text of object 'Object Repository/ReportsPage/monthText2' is: 'April 2018'

2018-05-21 11:22:52 - [TEST_STEP][PASSED] - Statement - monthTextArray = monthText.split(" "): null

2018-05-21 11:22:52 - [TEST_STEP][PASSED] - Statement - month = monthTextArray[0]: null

2018-05-21 11:22:52 - [TEST_STEP][PASSED] - click: Object: 'Object Repository/ReportsPage/previousDateSelector2' is clicked on

2018-05-21 11:22:52 - [MESSAGE][PASSED] - Object: 'Object Repository/ReportsPage/previousDateSelector2' is clicked on

2018-05-21 11:22:52 - [TEST_STEP][PASSED] - Statement - monthText = com.kms.katalon.core.webui.keyword.WebUiBuiltInKeywords.getText(com.kms.katalon.core.testobject.ObjectRepository.findTestObject(ReportsPage/monthText2)): Text of object 'Object Repository/ReportsPage/monthText2' is: 'March 2018'

2018-05-21 11:22:52 - [MESSAGE][PASSED] - Text of object 'Object Repository/ReportsPage/monthText2' is: 'March 2018'

2018-05-21 11:22:52 - [TEST_STEP][PASSED] - Statement - monthTextArray = monthText.split(" "): null

2018-05-21 11:22:52 - [TEST_STEP][PASSED] - Statement - month = monthTextArray[0]: null

2018-05-21 11:22:52 - [TEST_STEP][PASSED] - Statement - endDate = CustomKeywords.projectSpecific.Reusability.getTestData("ReportsPage", "EndDate_March2"): projectSpecific.Reusability.getTestData is PASSED

2018-05-21 11:22:52 - [MESSAGE][PASSED] - projectSpecific.Reusability.getTestData is PASSED

2018-05-21 11:22:52 - [TEST_STEP][PASSED] - Statement - toDate = "(//td[text()='" + endDate + "'])[2]": null

2018-05-21 11:22:52 - [TEST_STEP][PASSED] - Statement - println(toDate): null

2018-05-21 11:22:52 - [TEST_STEP][PASSED] - Statement - toDateEle = driver.findElement(org.openqa.selenium.By.xpath(toDate)): null

2018-05-21 11:22:52 - [TEST_STEP][PASSED] - Statement - toDateEle.click(): null

2018-05-21 11:22:53 - [TEST_STEP][PASSED] - delay: Delayed 5 second(s)

2018-05-21 11:22:58 - [MESSAGE][PASSED] - Delayed 5 second(s)

2018-05-21 11:22:58 - [TEST_STEP][PASSED] - Statement - dateAttr = com.kms.katalon.core.webui.keyword.WebUiBuiltInKeywords.getAttribute(com.kms.katalon.core.testobject.ObjectRepository.findTestObject(ReportsPage/selectedDate1), "value"): Attribute 'value' of object 'Object Repository/ReportsPage/selectedDate1' is: '03/13/2018'

2018-05-21 11:22:58 - [MESSAGE][PASSED] - Attribute 'value' of object 'Object Repository/ReportsPage/selectedDate1' is: '03/13/2018'

2018-05-21 11:22:58 - [TEST_STEP][PASSED] - Statement - fromDateValue = CustomKeywords.projectSpecific.Reusability.getTestData("ReportsPage", "fromDate_March2"): projectSpecific.Reusability.getTestData is PASSED

2018-05-21 11:22:58 - [MESSAGE][PASSED] - projectSpecific.Reusability.getTestData is PASSED

2018-05-21 11:22:58 - [TEST_STEP][PASSED] - Statement - If (!(dateAttr.equals(fromDateValue))): null

2018-05-21 11:22:58 - [TEST_STEP][PASSED] - Statement - dateAttr = com.kms.katalon.core.webui.keyword.WebUiBuiltInKeywords.getAttribute(com.kms.katalon.core.testobject.ObjectRepository.findTestObject(ReportsPage/selectedDate2), "value"): Attribute 'value' of object 'Object Repository/ReportsPage/selectedDate2' is: '03/16/2018'

2018-05-21 11:22:58 - [MESSAGE][PASSED] - Attribute 'value' of object 'Object Repository/ReportsPage/selectedDate2' is: '03/16/2018'

2018-05-21 11:22:58 - [TEST_STEP][PASSED] - Statement - toDateValue = CustomKeywords.projectSpecific.Reusability.getTestData("ReportsPage", "toDate_March2"): projectSpecific.Reusability.getTestData is PASSED

2018-05-21 11:22:58 - [MESSAGE][PASSED] - projectSpecific.Reusability.getTestData is PASSED

2018-05-21 11:22:58 - [TEST_STEP][PASSED] - Statement - If (!(dateAttr.equals(toDateValue))): null

2018-05-21 11:22:58 - [TEST_STEP][PASSED] - click: Object: 'Object Repository/ReportsPage/generateReport' is clicked on

2018-05-21 11:22:58 - [MESSAGE][PASSED] - Object: 'Object Repository/ReportsPage/generateReport' is clicked on

2018-05-21 11:22:58 - [TEST_STEP][PASSED] - delay: Delayed 5 second(s)

2018-05-21 11:23:03 - [MESSAGE][PASSED] - Delayed 5 second(s)

2018-05-21 11:23:03 - [TEST_STEP][PASSED] - Statement - printTime = CustomKeywords.uiaction.CommonUIActions.getText(com.kms.katalon.core.testobject.ObjectRepository.findTestObject(SummarizedReportPage/printTime)): uiaction.CommonUIActions.getText is PASSED

2018-05-21 11:23:15 - [MESSAGE][PASSED] - uiaction.CommonUIActions.getText is PASSED

2018-05-21 11:23:15 - [TEST_STEP][PASSED] - Statement - cal = java.util.Calendar.getInstance(): null

2018-05-21 11:23:15 - [TEST_STEP][PASSED] - Statement - sdf = new java.text.SimpleDateFormat(hh:mm a): null

2018-05-21 11:23:15 - [TEST_STEP][PASSED] - Statement - currentSystemTime = sdf.format(cal.getTime()): null

2018-05-21 11:23:15 - [TEST_STEP][PASSED] - Statement - out.println(currentSystemTime): null

2018-05-21 11:23:15 - [TEST_STEP][PASSED] - Statement - If (printTime == currentSystemTime): null

2018-05-21 11:23:15 - [TEST_STEP][PASSED] - Statement - out.println("Print Time is displayed the current local time "): null

2018-05-21 11:23:15 - [TEST_STEP][PASSED] - Statement - assert TCflag == true: null

2018-05-21 11:23:15 - [TEST_STEP][PASSED] - Start listener action : sampleAfterTestCase: Browser is closed

2018-05-21 11:23:15 - [TEST_STEP][PASSED] - Statement - println(testCaseContext.getTestCaseId()): null

2018-05-21 11:23:15 - [TEST_STEP][PASSED] - Statement - println(testCaseContext.getTestCaseStatus()): null

2018-05-21 11:23:15 - [TEST_STEP][PASSED] - closeBrowser: Browser is closed

2018-05-21 11:23:16 - [MESSAGE][PASSED] - Browser is closed]]></system-out>
         <system-err><![CDATA[]]></system-err>
      </testcase>
      <testcase name="Test Cases/MasqueradeTC/HME-Masquerade-01" classname="Test Cases/MasqueradeTC/HME-Masquerade-01" status="FAILED">
         <failure type="FAILED" message="com.kms.katalon.core.webui.exception.WebElementNotFoundException: Web element with id: 'Object Repository/UsersPage/viewEditButton' located by 'By.xpath: //a[text()='View/Edit']' not found"/>
         <system-out><![CDATA[2018-05-21 11:23:16 - [TEST_CASE][FAILED] - Test Cases/MasqueradeTC/HME-Masquerade-01: Test Cases/MasqueradeTC/HME-Masquerade-01 FAILED because (of) com.kms.katalon.core.webui.exception.WebElementNotFoundException: Web element with id: 'Object Repository/UsersPage/viewEditButton' located by 'By.xpath: //a[text()='View/Edit']' not found

2018-05-21 11:23:16 - [TEST_STEP][PASSED] - Start listener action : sampleBeforeTestCase: uiaction.CommonUIActions.deleteAllCookies is PASSED

2018-05-21 11:23:16 - [TEST_STEP][PASSED] - openBrowser: Browser is opened with url: ''

2018-05-21 11:23:18 - [MESSAGE][PASSED] - Browser is opened with url: ''

2018-05-21 11:23:18 - [TEST_STEP][PASSED] - maximizeWindow: Current window maximized

2018-05-21 11:23:19 - [MESSAGE][PASSED] - Current window maximized

2018-05-21 11:23:19 - [TEST_STEP][PASSED] - uiaction.CommonUIActions.deleteAllCookies: uiaction.CommonUIActions.deleteAllCookies is PASSED

2018-05-21 11:23:19 - [MESSAGE][PASSED] - Delete all cookies successfully

2018-05-21 11:23:19 - [MESSAGE][PASSED] - uiaction.CommonUIActions.deleteAllCookies is PASSED

2018-05-21 11:23:20 - [TEST_STEP][PASSED] - Statement - TCflag = true: null

2018-05-21 11:23:20 - [TEST_STEP][FAILED] - Statement - Try: null

2018-05-21 11:23:20 - [TEST_STEP][PASSED] - navigateToUrl: Navigate to 'https://hme-dev-public-cloud-app.azurewebsites.net/admin' successfully

2018-05-21 11:23:22 - [MESSAGE][PASSED] - Navigate to 'https://hme-dev-public-cloud-app.azurewebsites.net/admin' successfully

2018-05-21 11:23:22 - [TEST_STEP][PASSED] - projectSpecific.Reusability.login: projectSpecific.Reusability.login is PASSED

2018-05-21 11:23:22 - [MESSAGE][PASSED] - projectSpecific.Reusability.getTestData is PASSED

2018-05-21 11:23:22 - [MESSAGE][PASSED] - projectSpecific.Reusability.getTestData is PASSED

2018-05-21 11:23:22 - [MESSAGE][PASSED] - Text 'nous-abhradipr@hme.com' is set on object 'Object Repository/LoginPage/Username'

2018-05-21 11:23:22 - [MESSAGE][PASSED] - Text '6Qt*qmL88' is set on object 'Object Repository/LoginPage/Password'

2018-05-21 11:23:22 - [MESSAGE][PASSED] - Object: 'Object Repository/LoginPage/Login' is clicked on

2018-05-21 11:23:22 - [MESSAGE][PASSED] - projectSpecific.Reusability.login is PASSED

2018-05-21 11:23:22 - [TEST_STEP][PASSED] - delay: Delayed 10 second(s)

2018-05-21 11:23:32 - [MESSAGE][PASSED] - Delayed 10 second(s)

2018-05-21 11:23:32 - [TEST_STEP][PASSED] - uiaction.CommonUIActions.click: uiaction.CommonUIActions.click is PASSED

2018-05-21 11:23:53 - [MESSAGE][PASSED] - uiaction.CommonUIActions.click is PASSED

2018-05-21 11:23:53 - [TEST_STEP][PASSED] - delay: Delayed 10 second(s)

2018-05-21 11:24:03 - [MESSAGE][PASSED] - Delayed 10 second(s)

2018-05-21 11:24:03 - [TEST_STEP][PASSED] - verifyElementPresent: Object 'Object Repository/UsersPage/users' is present

2018-05-21 11:24:03 - [MESSAGE][PASSED] - Object 'Object Repository/UsersPage/users' is present

2018-05-21 11:24:03 - [TEST_STEP][FAILED] - verifyElementPresent: com.kms.katalon.core.webui.exception.WebElementNotFoundException: Web element with id: 'Object Repository/UsersPage/viewEditButton' located by 'By.xpath: //a[text()='View/Edit']' not found

2018-05-21 11:24:13 - [MESSAGE][FAILED] - com.kms.katalon.core.webui.exception.WebElementNotFoundException: Web element with id: 'Object Repository/UsersPage/viewEditButton' located by 'By.xpath: //a[text()='View/Edit']' not found
[[ATTACHMENT|C:\\Users\\shalinin\\Katalon Studio\\HME_Scripts\\Reports\\RegressionSuite\\20180521_111202\\1526882053426.png]]

2018-05-21 11:24:13 - [TEST_STEP][PASSED] - Statement - driver = com.kms.katalon.core.webui.driver.DriverFactory.getWebDriver(): null

2018-05-21 11:24:13 - [TEST_STEP][PASSED] - Statement - userList = driver.findElements(org.openqa.selenium.By.xpath(com.kms.katalon.core.testdata.TestDataFactory.findTestData(OR_file).getValue(2, 19))): Reading excel file with source file 'C:\Users\shalinin\Katalon Studio\HME_Scripts\Data Files\HME_OR.xlsx' and sheet name 'Sheet1'

2018-05-21 11:24:13 - [TEST_STEP][PASSED] - Statement - size1 = userList.size(): null

2018-05-21 11:24:13 - [TEST_STEP][PASSED] - Statement - If (size1 <= 0): null

2018-05-21 11:24:13 - [TEST_STEP][PASSED] - Statement - Else: null

2018-05-21 11:24:13 - [TEST_STEP][PASSED] - Statement - out.println("User List is displayed"): null

2018-05-21 11:24:13 - [TEST_STEP][PASSED] - Statement - viewEditButtonList = driver.findElements(org.openqa.selenium.By.xpath(com.kms.katalon.core.testdata.TestDataFactory.findTestData(OR_file).getValue(2, 20))): Reading excel file with source file 'C:\Users\shalinin\Katalon Studio\HME_Scripts\Data Files\HME_OR.xlsx' and sheet name 'Sheet1'

2018-05-21 11:24:13 - [TEST_STEP][PASSED] - Statement - size2 = viewEditButtonList.size(): null

2018-05-21 11:24:13 - [TEST_STEP][PASSED] - Statement - If (size2 <= 0): null

2018-05-21 11:24:13 - [TEST_STEP][PASSED] - Statement - If (TCflag): null

2018-05-21 11:24:13 - [TEST_STEP][PASSED] - Statement - out.println("View/Edit Button is not displayed for each user"): null

2018-05-21 11:24:13 - [TEST_STEP][PASSED] - Statement - assert TCflag == true: null

2018-05-21 11:24:13 - [TEST_STEP][PASSED] - Start listener action : sampleAfterTestCase: Browser is closed

2018-05-21 11:24:13 - [TEST_STEP][PASSED] - Statement - println(testCaseContext.getTestCaseId()): null

2018-05-21 11:24:13 - [TEST_STEP][PASSED] - Statement - println(testCaseContext.getTestCaseStatus()): null

2018-05-21 11:24:13 - [TEST_STEP][PASSED] - closeBrowser: Browser is closed

2018-05-21 11:24:14 - [MESSAGE][PASSED] - Browser is closed]]></system-out>
         <system-err><![CDATA[2018-05-21 11:23:16 - [TEST_CASE][FAILED] - Test Cases/MasqueradeTC/HME-Masquerade-01: Test Cases/MasqueradeTC/HME-Masquerade-01 FAILED because (of) com.kms.katalon.core.webui.exception.WebElementNotFoundException: Web element with id: 'Object Repository/UsersPage/viewEditButton' located by 'By.xpath: //a[text()='View/Edit']' not found]]></system-err>
      </testcase>
      <testcase name="Test Cases/MasqueradeTC/HME-Masquerade-03" classname="Test Cases/MasqueradeTC/HME-Masquerade-03" status="PASSED">
         <system-out><![CDATA[2018-05-21 11:24:14 - [TEST_CASE][PASSED] - Test Cases/MasqueradeTC/HME-Masquerade-03: Browser is closed

2018-05-21 11:24:14 - [TEST_STEP][PASSED] - Start listener action : sampleBeforeTestCase: uiaction.CommonUIActions.deleteAllCookies is PASSED

2018-05-21 11:24:14 - [TEST_STEP][PASSED] - openBrowser: Browser is opened with url: ''

2018-05-21 11:24:16 - [MESSAGE][PASSED] - Browser is opened with url: ''

2018-05-21 11:24:16 - [TEST_STEP][PASSED] - maximizeWindow: Current window maximized

2018-05-21 11:24:17 - [MESSAGE][PASSED] - Current window maximized

2018-05-21 11:24:17 - [TEST_STEP][PASSED] - uiaction.CommonUIActions.deleteAllCookies: uiaction.CommonUIActions.deleteAllCookies is PASSED

2018-05-21 11:24:17 - [MESSAGE][PASSED] - Delete all cookies successfully

2018-05-21 11:24:17 - [MESSAGE][PASSED] - uiaction.CommonUIActions.deleteAllCookies is PASSED

2018-05-21 11:24:18 - [TEST_STEP][PASSED] - Statement - TCflag = true: null

2018-05-21 11:24:18 - [TEST_STEP][PASSED] - Statement - Try: null

2018-05-21 11:24:18 - [TEST_STEP][PASSED] - navigateToUrl: Navigate to 'https://hme-dev-public-cloud-app.azurewebsites.net/admin' successfully

2018-05-21 11:24:20 - [MESSAGE][PASSED] - Navigate to 'https://hme-dev-public-cloud-app.azurewebsites.net/admin' successfully

2018-05-21 11:24:20 - [TEST_STEP][PASSED] - projectSpecific.Reusability.login: projectSpecific.Reusability.login is PASSED

2018-05-21 11:24:20 - [MESSAGE][PASSED] - projectSpecific.Reusability.getTestData is PASSED

2018-05-21 11:24:20 - [MESSAGE][PASSED] - projectSpecific.Reusability.getTestData is PASSED

2018-05-21 11:24:20 - [MESSAGE][PASSED] - Text 'nous-abhradipr@hme.com' is set on object 'Object Repository/LoginPage/Username'

2018-05-21 11:24:20 - [MESSAGE][PASSED] - Text '6Qt*qmL88' is set on object 'Object Repository/LoginPage/Password'

2018-05-21 11:24:20 - [MESSAGE][PASSED] - Object: 'Object Repository/LoginPage/Login' is clicked on

2018-05-21 11:24:20 - [MESSAGE][PASSED] - projectSpecific.Reusability.login is PASSED

2018-05-21 11:24:20 - [TEST_STEP][PASSED] - delay: Delayed 15 second(s)

2018-05-21 11:24:35 - [MESSAGE][PASSED] - Delayed 15 second(s)

2018-05-21 11:24:35 - [TEST_STEP][PASSED] - verifyElementPresent: Object 'Object Repository/HomePage/loggedinUser' is present

2018-05-21 11:24:35 - [MESSAGE][PASSED] - Object 'Object Repository/HomePage/loggedinUser' is present

2018-05-21 11:24:35 - [TEST_STEP][PASSED] - Statement - loggedInUser = CustomKeywords.uiaction.CommonUIActions.getText(com.kms.katalon.core.testobject.ObjectRepository.findTestObject(Object Repository/HomePage/loggedinUser)): uiaction.CommonUIActions.getText is PASSED

2018-05-21 11:24:35 - [MESSAGE][PASSED] - uiaction.CommonUIActions.getText is PASSED

2018-05-21 11:24:35 - [TEST_STEP][PASSED] - Statement - loggedInUser = loggedInUser.trim(): null

2018-05-21 11:24:35 - [TEST_STEP][PASSED] - Statement - loggedinText = CustomKeywords.projectSpecific.Reusability.getTestData("HomePage", "loggedinText"): projectSpecific.Reusability.getTestData is PASSED

2018-05-21 11:24:35 - [MESSAGE][PASSED] - projectSpecific.Reusability.getTestData is PASSED

2018-05-21 11:24:35 - [TEST_STEP][PASSED] - Statement - If (loggedInUser.equals(loggedinText)): null

2018-05-21 11:24:35 - [TEST_STEP][PASSED] - Statement - welcomeUser = CustomKeywords.uiaction.CommonUIActions.getText(com.kms.katalon.core.testobject.ObjectRepository.findTestObject(Object Repository/HomePage/welcomeUserText)): uiaction.CommonUIActions.getText is PASSED

2018-05-21 11:24:36 - [MESSAGE][PASSED] - uiaction.CommonUIActions.getText is PASSED

2018-05-21 11:24:36 - [TEST_STEP][PASSED] - Statement - welcomeUser = welcomeUser.trim(): null

2018-05-21 11:24:36 - [TEST_STEP][PASSED] - Statement - welcomeText = CustomKeywords.projectSpecific.Reusability.getTestData("HomePage", "welcomeText"): projectSpecific.Reusability.getTestData is PASSED

2018-05-21 11:24:36 - [MESSAGE][PASSED] - projectSpecific.Reusability.getTestData is PASSED

2018-05-21 11:24:36 - [TEST_STEP][PASSED] - Statement - If (welcomeUser.equals(welcomeText)): null

2018-05-21 11:24:36 - [TEST_STEP][PASSED] - uiaction.CommonUIActions.click: uiaction.CommonUIActions.click is PASSED

2018-05-21 11:24:43 - [MESSAGE][PASSED] - uiaction.CommonUIActions.click is PASSED

2018-05-21 11:24:43 - [TEST_STEP][PASSED] - verifyElementPresent: Object 'Object Repository/StorePage/storeListHeading2' is present

2018-05-21 11:24:43 - [MESSAGE][PASSED] - Object 'Object Repository/StorePage/storeListHeading2' is present

2018-05-21 11:24:43 - [TEST_STEP][PASSED] - verifyElementPresent: Object 'Object Repository/StorePage/storeList' is present

2018-05-21 11:24:43 - [MESSAGE][PASSED] - Object 'Object Repository/StorePage/storeList' is present

2018-05-21 11:24:43 - [TEST_STEP][PASSED] - uiaction.CommonUIActions.click: uiaction.CommonUIActions.click is PASSED

2018-05-21 11:24:44 - [MESSAGE][PASSED] - uiaction.CommonUIActions.click is PASSED

2018-05-21 11:24:44 - [TEST_STEP][PASSED] - verifyElementPresent: Object 'Object Repository/StorePage/storedetailslabel' is present

2018-05-21 11:24:44 - [MESSAGE][PASSED] - Object 'Object Repository/StorePage/storedetailslabel' is present

2018-05-21 11:24:44 - [TEST_STEP][PASSED] - verifyElementPresent: Object 'Object Repository/StorePage/zoomlabel' is present

2018-05-21 11:24:44 - [MESSAGE][PASSED] - Object 'Object Repository/StorePage/zoomlabel' is present

2018-05-21 11:24:44 - [TEST_STEP][PASSED] - Statement - storedetail_label = CustomKeywords.projectSpecific.Reusability.getTestData("StorePage", "admin_Store_Labels"): projectSpecific.Reusability.getTestData is PASSED

2018-05-21 11:24:44 - [MESSAGE][PASSED] - projectSpecific.Reusability.getTestData is PASSED

2018-05-21 11:24:44 - [TEST_STEP][PASSED] - Statement - defaultareaselected = com.kms.katalon.core.webui.keyword.WebUiBuiltInKeywords.getAttribute(com.kms.katalon.core.testobject.ObjectRepository.findTestObject(StorePage/defaultstoredetsails), "aria-selected"): Attribute 'aria-selected' of object 'Object Repository/StorePage/defaultstoredetsails' is: 'true'

2018-05-21 11:24:44 - [MESSAGE][PASSED] - Attribute 'aria-selected' of object 'Object Repository/StorePage/defaultstoredetsails' is: 'true'

2018-05-21 11:24:44 - [TEST_STEP][PASSED] - Statement - If (defaultareaselected): null

2018-05-21 11:24:44 - [TEST_STEP][PASSED] - Statement - out.println("Store Details is set by default"): null

2018-05-21 11:24:44 - [TEST_STEP][PASSED] - Statement - driver = com.kms.katalon.core.webui.driver.DriverFactory.getWebDriver(): null

2018-05-21 11:24:44 - [TEST_STEP][PASSED] - Statement - storeHeaders = driver.findElements(org.openqa.selenium.By.xpath(com.kms.katalon.core.testdata.TestDataFactory.findTestData(OR_file).getValue(2, 1))): Reading excel file with source file 'C:\Users\shalinin\Katalon Studio\HME_Scripts\Data Files\HME_OR.xlsx' and sheet name 'Sheet1'

2018-05-21 11:24:44 - [TEST_STEP][PASSED] - Statement - storeArraylabels = storedetail_label.split(","): null

2018-05-21 11:24:44 - [TEST_STEP][PASSED] - Statement - storeListlabels = new java.util.ArrayList(java.util.Arrays.asList(storeArraylabels)): null

2018-05-21 11:24:44 - [TEST_STEP][PASSED] - Statement - storeListlabels.unique(): null

2018-05-21 11:24:44 - [TEST_STEP][PASSED] - Statement - out.println(storeListlabels): null

2018-05-21 11:24:44 - [TEST_STEP][PASSED] - Statement - count = 0: null

2018-05-21 11:24:44 - [TEST_STEP][PASSED] - Statement - For ([i = 0, i < storeHeaders.size(), (i++)]): null

2018-05-21 11:24:44 - [TEST_STEP][PASSED] - Statement - storeHeadingText = storeHeaders.get(i).getText().trim(): null

2018-05-21 11:24:45 - [TEST_STEP][PASSED] - Statement - storeHeadingText = storeHeadingText.replace("*", ""): null

2018-05-21 11:24:45 - [TEST_STEP][PASSED] - Statement - execFlag = com.kms.katalon.core.webui.keyword.WebUiBuiltInKeywords.verifyMatch(storeHeadingText, storeListlabels[i].toString().trim(), false): Actual text '' and expected text '' are matched 

2018-05-21 11:24:45 - [MESSAGE][PASSED] - Actual text '' and expected text '' are matched 

2018-05-21 11:24:45 - [TEST_STEP][PASSED] - Statement - If (execFlag): null

2018-05-21 11:24:45 - [TEST_STEP][PASSED] - Statement - (count++): null

2018-05-21 11:24:45 - [TEST_STEP][PASSED] - Statement - storeHeadingText = storeHeaders.get(i).getText().trim(): null

2018-05-21 11:24:45 - [TEST_STEP][PASSED] - Statement - storeHeadingText = storeHeadingText.replace("*", ""): null

2018-05-21 11:24:45 - [TEST_STEP][PASSED] - Statement - execFlag = com.kms.katalon.core.webui.keyword.WebUiBuiltInKeywords.verifyMatch(storeHeadingText, storeListlabels[i].toString().trim(), false): Actual text 'Company Name' and expected text 'Company Name' are matched 

2018-05-21 11:24:45 - [MESSAGE][PASSED] - Actual text 'Company Name' and expected text 'Company Name' are matched 

2018-05-21 11:24:45 - [TEST_STEP][PASSED] - Statement - If (execFlag): null

2018-05-21 11:24:45 - [TEST_STEP][PASSED] - Statement - (count++): null

2018-05-21 11:24:45 - [TEST_STEP][PASSED] - Statement - storeHeadingText = storeHeaders.get(i).getText().trim(): null

2018-05-21 11:24:45 - [TEST_STEP][PASSED] - Statement - storeHeadingText = storeHeadingText.replace("*", ""): null

2018-05-21 11:24:45 - [TEST_STEP][PASSED] - Statement - execFlag = com.kms.katalon.core.webui.keyword.WebUiBuiltInKeywords.verifyMatch(storeHeadingText, storeListlabels[i].toString().trim(), false): Actual text 'Brand' and expected text 'Brand' are matched 

2018-05-21 11:24:45 - [MESSAGE][PASSED] - Actual text 'Brand' and expected text 'Brand' are matched 

2018-05-21 11:24:45 - [TEST_STEP][PASSED] - Statement - If (execFlag): null

2018-05-21 11:24:45 - [TEST_STEP][PASSED] - Statement - (count++): null

2018-05-21 11:24:45 - [TEST_STEP][PASSED] - Statement - storeHeadingText = storeHeaders.get(i).getText().trim(): null

2018-05-21 11:24:45 - [TEST_STEP][PASSED] - Statement - storeHeadingText = storeHeadingText.replace("*", ""): null

2018-05-21 11:24:45 - [TEST_STEP][PASSED] - Statement - execFlag = com.kms.katalon.core.webui.keyword.WebUiBuiltInKeywords.verifyMatch(storeHeadingText, storeListlabels[i].toString().trim(), false): Actual text 'Store #' and expected text 'Store #' are matched 

2018-05-21 11:24:45 - [MESSAGE][PASSED] - Actual text 'Store #' and expected text 'Store #' are matched 

2018-05-21 11:24:45 - [TEST_STEP][PASSED] - Statement - If (execFlag): null

2018-05-21 11:24:45 - [TEST_STEP][PASSED] - Statement - (count++): null

2018-05-21 11:24:45 - [TEST_STEP][PASSED] - Statement - storeHeadingText = storeHeaders.get(i).getText().trim(): null

2018-05-21 11:24:45 - [TEST_STEP][PASSED] - Statement - storeHeadingText = storeHeadingText.replace("*", ""): null

2018-05-21 11:24:45 - [TEST_STEP][PASSED] - Statement - execFlag = com.kms.katalon.core.webui.keyword.WebUiBuiltInKeywords.verifyMatch(storeHeadingText, storeListlabels[i].toString().trim(), false): Actual text 'Store Name' and expected text 'Store Name' are matched 

2018-05-21 11:24:45 - [MESSAGE][PASSED] - Actual text 'Store Name' and expected text 'Store Name' are matched 

2018-05-21 11:24:45 - [TEST_STEP][PASSED] - Statement - If (execFlag): null

2018-05-21 11:24:45 - [TEST_STEP][PASSED] - Statement - (count++): null

2018-05-21 11:24:45 - [TEST_STEP][PASSED] - Statement - storeHeadingText = storeHeaders.get(i).getText().trim(): null

2018-05-21 11:24:45 - [TEST_STEP][PASSED] - Statement - storeHeadingText = storeHeadingText.replace("*", ""): null

2018-05-21 11:24:45 - [TEST_STEP][PASSED] - Statement - execFlag = com.kms.katalon.core.webui.keyword.WebUiBuiltInKeywords.verifyMatch(storeHeadingText, storeListlabels[i].toString().trim(), false): Actual text 'Store Address' and expected text 'Store Address' are matched 

2018-05-21 11:24:45 - [MESSAGE][PASSED] - Actual text 'Store Address' and expected text 'Store Address' are matched 

2018-05-21 11:24:45 - [TEST_STEP][PASSED] - Statement - If (execFlag): null

2018-05-21 11:24:45 - [TEST_STEP][PASSED] - Statement - (count++): null

2018-05-21 11:24:45 - [TEST_STEP][PASSED] - Statement - storeHeadingText = storeHeaders.get(i).getText().trim(): null

2018-05-21 11:24:45 - [TEST_STEP][PASSED] - Statement - storeHeadingText = storeHeadingText.replace("*", ""): null

2018-05-21 11:24:45 - [TEST_STEP][PASSED] - Statement - execFlag = com.kms.katalon.core.webui.keyword.WebUiBuiltInKeywords.verifyMatch(storeHeadingText, storeListlabels[i].toString().trim(), false): Actual text 'Serial #' and expected text 'Serial #' are matched 

2018-05-21 11:24:45 - [MESSAGE][PASSED] - Actual text 'Serial #' and expected text 'Serial #' are matched 

2018-05-21 11:24:45 - [TEST_STEP][PASSED] - Statement - If (execFlag): null

2018-05-21 11:24:45 - [TEST_STEP][PASSED] - Statement - (count++): null

2018-05-21 11:24:45 - [TEST_STEP][PASSED] - Statement - storeHeadingText = storeHeaders.get(i).getText().trim(): null

2018-05-21 11:24:45 - [TEST_STEP][PASSED] - Statement - storeHeadingText = storeHeadingText.replace("*", ""): null

2018-05-21 11:24:45 - [TEST_STEP][PASSED] - Statement - execFlag = com.kms.katalon.core.webui.keyword.WebUiBuiltInKeywords.verifyMatch(storeHeadingText, storeListlabels[i].toString().trim(), false): Actual text 'Version' and expected text 'Version' are matched 

2018-05-21 11:24:45 - [MESSAGE][PASSED] - Actual text 'Version' and expected text 'Version' are matched 

2018-05-21 11:24:45 - [TEST_STEP][PASSED] - Statement - If (execFlag): null

2018-05-21 11:24:45 - [TEST_STEP][PASSED] - Statement - (count++): null

2018-05-21 11:24:45 - [TEST_STEP][PASSED] - Statement - storeHeadingText = storeHeaders.get(i).getText().trim(): null

2018-05-21 11:24:45 - [TEST_STEP][PASSED] - Statement - storeHeadingText = storeHeadingText.replace("*", ""): null

2018-05-21 11:24:45 - [TEST_STEP][PASSED] - Statement - execFlag = com.kms.katalon.core.webui.keyword.WebUiBuiltInKeywords.verifyMatch(storeHeadingText, storeListlabels[i].toString().trim(), false): Actual text 'Subscription' and expected text 'Subscription' are matched 

2018-05-21 11:24:45 - [MESSAGE][PASSED] - Actual text 'Subscription' and expected text 'Subscription' are matched 

2018-05-21 11:24:45 - [TEST_STEP][PASSED] - Statement - If (execFlag): null

2018-05-21 11:24:45 - [TEST_STEP][PASSED] - Statement - (count++): null

2018-05-21 11:24:45 - [TEST_STEP][PASSED] - Statement - storeHeadingText = storeHeaders.get(i).getText().trim(): null

2018-05-21 11:24:45 - [TEST_STEP][PASSED] - Statement - storeHeadingText = storeHeadingText.replace("*", ""): null

2018-05-21 11:24:45 - [TEST_STEP][PASSED] - Statement - execFlag = com.kms.katalon.core.webui.keyword.WebUiBuiltInKeywords.verifyMatch(storeHeadingText, storeListlabels[i].toString().trim(), false): Actual text 'Status' and expected text 'Status' are matched 

2018-05-21 11:24:45 - [MESSAGE][PASSED] - Actual text 'Status' and expected text 'Status' are matched 

2018-05-21 11:24:45 - [TEST_STEP][PASSED] - Statement - If (execFlag): null

2018-05-21 11:24:45 - [TEST_STEP][PASSED] - Statement - (count++): null

2018-05-21 11:24:45 - [TEST_STEP][PASSED] - Statement - If (count == storeHeaders.size()): Taking screenshot successfully

2018-05-21 11:24:45 - [TEST_STEP][PASSED] - takeScreenshot: Taking screenshot successfully

2018-05-21 11:24:45 - [MESSAGE][PASSED] - Taking screenshot successfully
[[ATTACHMENT|C:\\Users\\shalinin\\Katalon Studio\\HME_Scripts\\Reports\\RegressionSuite\\20180521_111202\\1526882085208.png]]

2018-05-21 11:24:45 - [TEST_STEP][PASSED] - Statement - storeDetails = CustomKeywords.projectSpecific.Reusability.getTestData("StorePage", "admin_Store_Details"): projectSpecific.Reusability.getTestData is PASSED

2018-05-21 11:24:45 - [MESSAGE][PASSED] - projectSpecific.Reusability.getTestData is PASSED

2018-05-21 11:24:45 - [TEST_STEP][PASSED] - Statement - storeArray = storeDetails.split(","): null

2018-05-21 11:24:45 - [TEST_STEP][PASSED] - Statement - storeList = new java.util.ArrayList(java.util.Arrays.asList(storeArray)): null

2018-05-21 11:24:45 - [TEST_STEP][PASSED] - Statement - storeList.unique(): null

2018-05-21 11:24:45 - [TEST_STEP][PASSED] - Statement - out.println(storeList): null

2018-05-21 11:24:45 - [TEST_STEP][PASSED] - Statement - storeElements = driver.findElements(org.openqa.selenium.By.xpath(com.kms.katalon.core.testdata.TestDataFactory.findTestData(OR_file).getValue(2, 21))): Reading excel file with source file 'C:\Users\shalinin\Katalon Studio\HME_Scripts\Data Files\HME_OR.xlsx' and sheet name 'Sheet1'

2018-05-21 11:24:45 - [TEST_STEP][PASSED] - Statement - actualList = new java.util.ArrayList(): null

2018-05-21 11:24:45 - [TEST_STEP][PASSED] - Statement - For ([i = 0, i < storeElements.size(), (i++)]): null

2018-05-21 11:24:45 - [TEST_STEP][PASSED] - Statement - actualList.add(i, storeElements.get(i).getText()): null

2018-05-21 11:24:45 - [TEST_STEP][PASSED] - Statement - actualList.add(i, storeElements.get(i).getText()): null

2018-05-21 11:24:45 - [TEST_STEP][PASSED] - Statement - actualList.add(i, storeElements.get(i).getText()): null

2018-05-21 11:24:45 - [TEST_STEP][PASSED] - Statement - actualList.add(i, storeElements.get(i).getText()): null

2018-05-21 11:24:45 - [TEST_STEP][PASSED] - Statement - actualList.add(i, storeElements.get(i).getText()): null

2018-05-21 11:24:45 - [TEST_STEP][PASSED] - Statement - actualList.add(i, storeElements.get(i).getText()): null

2018-05-21 11:24:45 - [TEST_STEP][PASSED] - Statement - actualList.add(i, storeElements.get(i).getText()): null

2018-05-21 11:24:45 - [TEST_STEP][PASSED] - Statement - actualList.add(i, storeElements.get(i).getText()): null

2018-05-21 11:24:45 - [TEST_STEP][PASSED] - Statement - actualList.add(i, storeElements.get(i).getText()): null

2018-05-21 11:24:45 - [TEST_STEP][PASSED] - Statement - actualList.add(i, storeElements.get(i).getText()): null

2018-05-21 11:24:45 - [TEST_STEP][PASSED] - Statement - actualList.add(i, storeElements.get(i).getText()): null

2018-05-21 11:24:45 - [TEST_STEP][PASSED] - Statement - actualList.add(i, storeElements.get(i).getText()): null

2018-05-21 11:24:45 - [TEST_STEP][PASSED] - Statement - actualList.add(i, storeElements.get(i).getText()): null

2018-05-21 11:24:45 - [TEST_STEP][PASSED] - Statement - actualList.add(i, storeElements.get(i).getText()): null

2018-05-21 11:24:45 - [TEST_STEP][PASSED] - Statement - out.println(actualList): null

2018-05-21 11:24:45 - [TEST_STEP][PASSED] - Statement - execFlag1 = true: null

2018-05-21 11:24:45 - [TEST_STEP][PASSED] - Statement - For ([j = 0, j < actualList.size(), (j++)]): null

2018-05-21 11:24:45 - [TEST_STEP][PASSED] - Statement - execFlag1 = com.kms.katalon.core.webui.keyword.WebUiBuiltInKeywords.verifyMatch(storeList.get(j).toString().trim(), actualList.get(j).toString().trim(), false): Actual text 'Brand: *' and expected text 'Brand: *' are matched 

2018-05-21 11:24:45 - [MESSAGE][PASSED] - Actual text 'Brand: *' and expected text 'Brand: *' are matched 

2018-05-21 11:24:45 - [TEST_STEP][PASSED] - Statement - If (!(execFlag1)): null

2018-05-21 11:24:45 - [TEST_STEP][PASSED] - Statement - execFlag1 = com.kms.katalon.core.webui.keyword.WebUiBuiltInKeywords.verifyMatch(storeList.get(j).toString().trim(), actualList.get(j).toString().trim(), false): Actual text 'Store Name:' and expected text 'Store Name:' are matched 

2018-05-21 11:24:45 - [MESSAGE][PASSED] - Actual text 'Store Name:' and expected text 'Store Name:' are matched 

2018-05-21 11:24:45 - [TEST_STEP][PASSED] - Statement - If (!(execFlag1)): null

2018-05-21 11:24:45 - [TEST_STEP][PASSED] - Statement - execFlag1 = com.kms.katalon.core.webui.keyword.WebUiBuiltInKeywords.verifyMatch(storeList.get(j).toString().trim(), actualList.get(j).toString().trim(), false): Actual text 'Store Number: *' and expected text 'Store Number: *' are matched 

2018-05-21 11:24:45 - [MESSAGE][PASSED] - Actual text 'Store Number: *' and expected text 'Store Number: *' are matched 

2018-05-21 11:24:45 - [TEST_STEP][PASSED] - Statement - If (!(execFlag1)): null

2018-05-21 11:24:45 - [TEST_STEP][PASSED] - Statement - execFlag1 = com.kms.katalon.core.webui.keyword.WebUiBuiltInKeywords.verifyMatch(storeList.get(j).toString().trim(), actualList.get(j).toString().trim(), false): Actual text 'Address Line 1: *' and expected text 'Address Line 1: *' are matched 

2018-05-21 11:24:45 - [MESSAGE][PASSED] - Actual text 'Address Line 1: *' and expected text 'Address Line 1: *' are matched 

2018-05-21 11:24:45 - [TEST_STEP][PASSED] - Statement - If (!(execFlag1)): null

2018-05-21 11:24:45 - [TEST_STEP][PASSED] - Statement - execFlag1 = com.kms.katalon.core.webui.keyword.WebUiBuiltInKeywords.verifyMatch(storeList.get(j).toString().trim(), actualList.get(j).toString().trim(), false): Actual text 'Address Line 2:' and expected text 'Address Line 2:' are matched 

2018-05-21 11:24:45 - [MESSAGE][PASSED] - Actual text 'Address Line 2:' and expected text 'Address Line 2:' are matched 

2018-05-21 11:24:45 - [TEST_STEP][PASSED] - Statement - If (!(execFlag1)): null

2018-05-21 11:24:45 - [TEST_STEP][PASSED] - Statement - execFlag1 = com.kms.katalon.core.webui.keyword.WebUiBuiltInKeywords.verifyMatch(storeList.get(j).toString().trim(), actualList.get(j).toString().trim(), false): Actual text 'Address Line 3:' and expected text 'Address Line 3:' are matched 

2018-05-21 11:24:45 - [MESSAGE][PASSED] - Actual text 'Address Line 3:' and expected text 'Address Line 3:' are matched 

2018-05-21 11:24:45 - [TEST_STEP][PASSED] - Statement - If (!(execFlag1)): null

2018-05-21 11:24:45 - [TEST_STEP][PASSED] - Statement - execFlag1 = com.kms.katalon.core.webui.keyword.WebUiBuiltInKeywords.verifyMatch(storeList.get(j).toString().trim(), actualList.get(j).toString().trim(), false): Actual text 'Address Line 4:' and expected text 'Address Line 4:' are matched 

2018-05-21 11:24:45 - [MESSAGE][PASSED] - Actual text 'Address Line 4:' and expected text 'Address Line 4:' are matched 

2018-05-21 11:24:45 - [TEST_STEP][PASSED] - Statement - If (!(execFlag1)): null

2018-05-21 11:24:45 - [TEST_STEP][PASSED] - Statement - execFlag1 = com.kms.katalon.core.webui.keyword.WebUiBuiltInKeywords.verifyMatch(storeList.get(j).toString().trim(), actualList.get(j).toString().trim(), false): Actual text 'City: *' and expected text 'City: *' are matched 

2018-05-21 11:24:45 - [MESSAGE][PASSED] - Actual text 'City: *' and expected text 'City: *' are matched 

2018-05-21 11:24:45 - [TEST_STEP][PASSED] - Statement - If (!(execFlag1)): null

2018-05-21 11:24:45 - [TEST_STEP][PASSED] - Statement - execFlag1 = com.kms.katalon.core.webui.keyword.WebUiBuiltInKeywords.verifyMatch(storeList.get(j).toString().trim(), actualList.get(j).toString().trim(), false): Actual text 'Region: *' and expected text 'Region: *' are matched 

2018-05-21 11:24:45 - [MESSAGE][PASSED] - Actual text 'Region: *' and expected text 'Region: *' are matched 

2018-05-21 11:24:45 - [TEST_STEP][PASSED] - Statement - If (!(execFlag1)): null

2018-05-21 11:24:45 - [TEST_STEP][PASSED] - Statement - execFlag1 = com.kms.katalon.core.webui.keyword.WebUiBuiltInKeywords.verifyMatch(storeList.get(j).toString().trim(), actualList.get(j).toString().trim(), false): Actual text 'Zip: *' and expected text 'Zip: *' are matched 

2018-05-21 11:24:45 - [MESSAGE][PASSED] - Actual text 'Zip: *' and expected text 'Zip: *' are matched 

2018-05-21 11:24:45 - [TEST_STEP][PASSED] - Statement - If (!(execFlag1)): null

2018-05-21 11:24:45 - [TEST_STEP][PASSED] - Statement - execFlag1 = com.kms.katalon.core.webui.keyword.WebUiBuiltInKeywords.verifyMatch(storeList.get(j).toString().trim(), actualList.get(j).toString().trim(), false): Actual text 'Country: *' and expected text 'Country: *' are matched 

2018-05-21 11:24:45 - [MESSAGE][PASSED] - Actual text 'Country: *' and expected text 'Country: *' are matched 

2018-05-21 11:24:45 - [TEST_STEP][PASSED] - Statement - If (!(execFlag1)): null

2018-05-21 11:24:45 - [TEST_STEP][PASSED] - Statement - execFlag1 = com.kms.katalon.core.webui.keyword.WebUiBuiltInKeywords.verifyMatch(storeList.get(j).toString().trim(), actualList.get(j).toString().trim(), false): Actual text 'Timezone: *' and expected text 'Timezone: *' are matched 

2018-05-21 11:24:45 - [MESSAGE][PASSED] - Actual text 'Timezone: *' and expected text 'Timezone: *' are matched 

2018-05-21 11:24:45 - [TEST_STEP][PASSED] - Statement - If (!(execFlag1)): null

2018-05-21 11:24:45 - [TEST_STEP][PASSED] - Statement - execFlag1 = com.kms.katalon.core.webui.keyword.WebUiBuiltInKeywords.verifyMatch(storeList.get(j).toString().trim(), actualList.get(j).toString().trim(), false): Actual text 'Phone: *' and expected text 'Phone: *' are matched 

2018-05-21 11:24:45 - [MESSAGE][PASSED] - Actual text 'Phone: *' and expected text 'Phone: *' are matched 

2018-05-21 11:24:45 - [TEST_STEP][PASSED] - Statement - If (!(execFlag1)): null

2018-05-21 11:24:45 - [TEST_STEP][PASSED] - Statement - execFlag1 = com.kms.katalon.core.webui.keyword.WebUiBuiltInKeywords.verifyMatch(storeList.get(j).toString().trim(), actualList.get(j).toString().trim(), false): Actual text 'Fax:' and expected text 'Fax:' are matched 

2018-05-21 11:24:45 - [MESSAGE][PASSED] - Actual text 'Fax:' and expected text 'Fax:' are matched 

2018-05-21 11:24:45 - [TEST_STEP][PASSED] - Statement - If (!(execFlag1)): null

2018-05-21 11:24:45 - [TEST_STEP][PASSED] - Statement - If (execFlag1): null

2018-05-21 11:24:45 - [TEST_STEP][PASSED] - Statement - out.println("Store details labels are verified"): null

2018-05-21 11:24:45 - [TEST_STEP][PASSED] - Statement - attrDisabled = com.kms.katalon.core.webui.keyword.WebUiBuiltInKeywords.getAttribute(com.kms.katalon.core.testobject.ObjectRepository.findTestObject(StorePage/brandSelect), "disabled"): Attribute 'disabled' of object 'Object Repository/StorePage/brandSelect' is: 'true'

2018-05-21 11:24:45 - [MESSAGE][PASSED] - Attribute 'disabled' of object 'Object Repository/StorePage/brandSelect' is: 'true'

2018-05-21 11:24:45 - [TEST_STEP][PASSED] - Statement - If (attrDisabled): null

2018-05-21 11:24:45 - [TEST_STEP][PASSED] - Statement - out.println("Brand name is not editable field"): null

2018-05-21 11:24:45 - [TEST_STEP][PASSED] - Statement - inputFields = driver.findElements(org.openqa.selenium.By.xpath(com.kms.katalon.core.testdata.TestDataFactory.findTestData(OR_file).getValue(2, 22))): Reading excel file with source file 'C:\Users\shalinin\Katalon Studio\HME_Scripts\Data Files\HME_OR.xlsx' and sheet name 'Sheet1'

2018-05-21 11:24:45 - [TEST_STEP][PASSED] - Statement - inputFieldsResults = new java.util.ArrayList(): null

2018-05-21 11:24:45 - [TEST_STEP][PASSED] - Statement - For ([i = 0, i < inputFields.size(), (i++)]): Delayed 3 second(s)

2018-05-21 11:24:45 - [TEST_STEP][PASSED] - Statement - If (i != 1): null

2018-05-21 11:24:45 - [TEST_STEP][PASSED] - Statement - attr = inputFields[i].getAttribute("disabled"): null

2018-05-21 11:24:45 - [TEST_STEP][PASSED] - Statement - If (attr): null

2018-05-21 11:24:45 - [TEST_STEP][PASSED] - delay: Delayed 3 second(s)

2018-05-21 11:24:48 - [MESSAGE][PASSED] - Delayed 3 second(s)

2018-05-21 11:24:48 - [TEST_STEP][PASSED] - Statement - If (i != 1): null

2018-05-21 11:24:48 - [TEST_STEP][PASSED] - Statement - Else: null

2018-05-21 11:24:48 - [TEST_STEP][PASSED] - Statement - inputFieldsResults[i] = "disabled": null

2018-05-21 11:24:48 - [TEST_STEP][PASSED] - delay: Delayed 3 second(s)

2018-05-21 11:24:51 - [MESSAGE][PASSED] - Delayed 3 second(s)

2018-05-21 11:24:51 - [TEST_STEP][PASSED] - Statement - If (i != 1): null

2018-05-21 11:24:51 - [TEST_STEP][PASSED] - Statement - attr = inputFields[i].getAttribute("disabled"): null

2018-05-21 11:24:51 - [TEST_STEP][PASSED] - Statement - If (attr): null

2018-05-21 11:24:51 - [TEST_STEP][PASSED] - delay: Delayed 3 second(s)

2018-05-21 11:24:54 - [MESSAGE][PASSED] - Delayed 3 second(s)

2018-05-21 11:24:54 - [TEST_STEP][PASSED] - Statement - If (i != 1): null

2018-05-21 11:24:54 - [TEST_STEP][PASSED] - Statement - attr = inputFields[i].getAttribute("disabled"): null

2018-05-21 11:24:54 - [TEST_STEP][PASSED] - Statement - If (attr): null

2018-05-21 11:24:54 - [TEST_STEP][PASSED] - delay: Delayed 3 second(s)

2018-05-21 11:24:57 - [MESSAGE][PASSED] - Delayed 3 second(s)

2018-05-21 11:24:57 - [TEST_STEP][PASSED] - Statement - If (i != 1): null

2018-05-21 11:24:57 - [TEST_STEP][PASSED] - Statement - attr = inputFields[i].getAttribute("disabled"): null

2018-05-21 11:24:57 - [TEST_STEP][PASSED] - Statement - If (attr): null

2018-05-21 11:24:57 - [TEST_STEP][PASSED] - delay: Delayed 3 second(s)

2018-05-21 11:25:00 - [MESSAGE][PASSED] - Delayed 3 second(s)

2018-05-21 11:25:00 - [TEST_STEP][PASSED] - Statement - If (i != 1): null

2018-05-21 11:25:00 - [TEST_STEP][PASSED] - Statement - attr = inputFields[i].getAttribute("disabled"): null

2018-05-21 11:25:00 - [TEST_STEP][PASSED] - Statement - If (attr): null

2018-05-21 11:25:00 - [TEST_STEP][PASSED] - delay: Delayed 3 second(s)

2018-05-21 11:25:03 - [MESSAGE][PASSED] - Delayed 3 second(s)

2018-05-21 11:25:03 - [TEST_STEP][PASSED] - Statement - If (i != 1): null

2018-05-21 11:25:03 - [TEST_STEP][PASSED] - Statement - attr = inputFields[i].getAttribute("disabled"): null

2018-05-21 11:25:03 - [TEST_STEP][PASSED] - Statement - If (attr): null

2018-05-21 11:25:03 - [TEST_STEP][PASSED] - delay: Delayed 3 second(s)

2018-05-21 11:25:06 - [MESSAGE][PASSED] - Delayed 3 second(s)

2018-05-21 11:25:06 - [TEST_STEP][PASSED] - Statement - If (i != 1): null

2018-05-21 11:25:06 - [TEST_STEP][PASSED] - Statement - attr = inputFields[i].getAttribute("disabled"): null

2018-05-21 11:25:06 - [TEST_STEP][PASSED] - Statement - If (attr): null

2018-05-21 11:25:06 - [TEST_STEP][PASSED] - delay: Delayed 3 second(s)

2018-05-21 11:25:09 - [MESSAGE][PASSED] - Delayed 3 second(s)

2018-05-21 11:25:09 - [TEST_STEP][PASSED] - Statement - If (i != 1): null

2018-05-21 11:25:09 - [TEST_STEP][PASSED] - Statement - attr = inputFields[i].getAttribute("disabled"): null

2018-05-21 11:25:09 - [TEST_STEP][PASSED] - Statement - If (attr): null

2018-05-21 11:25:09 - [TEST_STEP][PASSED] - delay: Delayed 3 second(s)

2018-05-21 11:25:12 - [MESSAGE][PASSED] - Delayed 3 second(s)

2018-05-21 11:25:12 - [TEST_STEP][PASSED] - Statement - If (i != 1): null

2018-05-21 11:25:12 - [TEST_STEP][PASSED] - Statement - attr = inputFields[i].getAttribute("disabled"): null

2018-05-21 11:25:12 - [TEST_STEP][PASSED] - Statement - If (attr): null

2018-05-21 11:25:12 - [TEST_STEP][PASSED] - delay: Delayed 3 second(s)

2018-05-21 11:25:15 - [MESSAGE][PASSED] - Delayed 3 second(s)

2018-05-21 11:25:15 - [TEST_STEP][PASSED] - Statement - s = inputFieldsResults[1]: null

2018-05-21 11:25:15 - [TEST_STEP][PASSED] - Statement - isEditable = false: null

2018-05-21 11:25:15 - [TEST_STEP][PASSED] - Statement - For ([j = 2, j < inputFieldsResults.size(), (j++)]): null

2018-05-21 11:25:15 - [TEST_STEP][PASSED] - Statement - s1 = inputFieldsResults[j]: null

2018-05-21 11:25:15 - [TEST_STEP][PASSED] - Statement - If (!(s1.equals(s))): null

2018-05-21 11:25:15 - [TEST_STEP][PASSED] - Statement - s1 = inputFieldsResults[j]: null

2018-05-21 11:25:15 - [TEST_STEP][PASSED] - Statement - If (!(s1.equals(s))): null

2018-05-21 11:25:15 - [TEST_STEP][PASSED] - Statement - s1 = inputFieldsResults[j]: null

2018-05-21 11:25:15 - [TEST_STEP][PASSED] - Statement - If (!(s1.equals(s))): null

2018-05-21 11:25:15 - [TEST_STEP][PASSED] - Statement - s1 = inputFieldsResults[j]: null

2018-05-21 11:25:15 - [TEST_STEP][PASSED] - Statement - If (!(s1.equals(s))): null

2018-05-21 11:25:15 - [TEST_STEP][PASSED] - Statement - s1 = inputFieldsResults[j]: null

2018-05-21 11:25:15 - [TEST_STEP][PASSED] - Statement - If (!(s1.equals(s))): null

2018-05-21 11:25:15 - [TEST_STEP][PASSED] - Statement - s1 = inputFieldsResults[j]: null

2018-05-21 11:25:15 - [TEST_STEP][PASSED] - Statement - If (!(s1.equals(s))): null

2018-05-21 11:25:15 - [TEST_STEP][PASSED] - Statement - s1 = inputFieldsResults[j]: null

2018-05-21 11:25:15 - [TEST_STEP][PASSED] - Statement - If (!(s1.equals(s))): null

2018-05-21 11:25:15 - [TEST_STEP][PASSED] - Statement - s1 = inputFieldsResults[j]: null

2018-05-21 11:25:15 - [TEST_STEP][PASSED] - Statement - If (!(s1.equals(s))): null

2018-05-21 11:25:15 - [TEST_STEP][PASSED] - Statement - If (!(isEditable)): null

2018-05-21 11:25:15 - [TEST_STEP][PASSED] - Statement - out.println("Store fields are not editable"): null

2018-05-21 11:25:15 - [TEST_STEP][PASSED] - Statement - attrDisabled = com.kms.katalon.core.webui.keyword.WebUiBuiltInKeywords.getAttribute(com.kms.katalon.core.testobject.ObjectRepository.findTestObject(StorePage/store_City), "disabled"): Attribute 'disabled' of object 'Object Repository/StorePage/store_City' is: 'true'

2018-05-21 11:25:15 - [MESSAGE][PASSED] - Attribute 'disabled' of object 'Object Repository/StorePage/store_City' is: 'true'

2018-05-21 11:25:15 - [TEST_STEP][PASSED] - Statement - If (attrDisabled): null

2018-05-21 11:25:15 - [TEST_STEP][PASSED] - Statement - out.println("Store City is disabled"): null

2018-05-21 11:25:15 - [TEST_STEP][PASSED] - Statement - attrDisabled = com.kms.katalon.core.webui.keyword.WebUiBuiltInKeywords.getAttribute(com.kms.katalon.core.testobject.ObjectRepository.findTestObject(StorePage/store_Region), "disabled"): Attribute 'disabled' of object 'Object Repository/StorePage/store_Region' is: 'true'

2018-05-21 11:25:15 - [MESSAGE][PASSED] - Attribute 'disabled' of object 'Object Repository/StorePage/store_Region' is: 'true'

2018-05-21 11:25:15 - [TEST_STEP][PASSED] - Statement - If (attrDisabled): null

2018-05-21 11:25:15 - [TEST_STEP][PASSED] - Statement - out.println("Store Region is disabled"): null

2018-05-21 11:25:15 - [TEST_STEP][PASSED] - Statement - attrDisabled = com.kms.katalon.core.webui.keyword.WebUiBuiltInKeywords.getAttribute(com.kms.katalon.core.testobject.ObjectRepository.findTestObject(StorePage/store_Country), "disabled"): Attribute 'disabled' of object 'Object Repository/StorePage/store_Country' is: 'true'

2018-05-21 11:25:16 - [MESSAGE][PASSED] - Attribute 'disabled' of object 'Object Repository/StorePage/store_Country' is: 'true'

2018-05-21 11:25:16 - [TEST_STEP][PASSED] - Statement - If (attrDisabled): null

2018-05-21 11:25:16 - [TEST_STEP][PASSED] - Statement - out.println("Store Country is disabled"): null

2018-05-21 11:25:16 - [TEST_STEP][PASSED] - Statement - attrDisabled = com.kms.katalon.core.webui.keyword.WebUiBuiltInKeywords.verifyElementClickable(com.kms.katalon.core.testobject.ObjectRepository.findTestObject(StorePage/store_timeZone)): Object 'Object Repository/StorePage/store_timeZone' is clickable

2018-05-21 11:25:16 - [MESSAGE][PASSED] - Object 'Object Repository/StorePage/store_timeZone' is clickable

2018-05-21 11:25:16 - [TEST_STEP][PASSED] - Statement - If (attrDisabled): null

2018-05-21 11:25:16 - [TEST_STEP][PASSED] - Statement - out.println("Store timeZone is enabled"): null

2018-05-21 11:25:16 - [TEST_STEP][PASSED] - uiaction.CommonUIActions.click: uiaction.CommonUIActions.click is PASSED

2018-05-21 11:25:16 - [MESSAGE][PASSED] - uiaction.CommonUIActions.click is PASSED

2018-05-21 11:25:16 - [TEST_STEP][PASSED] - uiaction.CommonUIActions.click: uiaction.CommonUIActions.click is PASSED

2018-05-21 11:25:17 - [MESSAGE][PASSED] - uiaction.CommonUIActions.click is PASSED

2018-05-21 11:25:17 - [TEST_STEP][PASSED] - Statement - searchUserText = CustomKeywords.projectSpecific.Reusability.getTestData("UsersPage", "userSearchText"): projectSpecific.Reusability.getTestData is PASSED

2018-05-21 11:25:17 - [MESSAGE][PASSED] - projectSpecific.Reusability.getTestData is PASSED

2018-05-21 11:25:17 - [TEST_STEP][PASSED] - uiaction.CommonUIActions.enter: uiaction.CommonUIActions.enter is PASSED

2018-05-21 11:25:17 - [MESSAGE][PASSED] - uiaction.CommonUIActions.enter is PASSED

2018-05-21 11:25:17 - [TEST_STEP][PASSED] - uiaction.CommonUIActions.click: uiaction.CommonUIActions.click is PASSED

2018-05-21 11:25:17 - [MESSAGE][PASSED] - uiaction.CommonUIActions.click is PASSED

2018-05-21 11:25:17 - [TEST_STEP][PASSED] - uiaction.CommonUIActions.click: uiaction.CommonUIActions.click is PASSED

2018-05-21 11:25:20 - [MESSAGE][PASSED] - uiaction.CommonUIActions.click is PASSED

2018-05-21 11:25:20 - [TEST_STEP][PASSED] - delay: Delayed 10 second(s)

2018-05-21 11:25:30 - [MESSAGE][PASSED] - Delayed 10 second(s)

2018-05-21 11:25:30 - [TEST_STEP][PASSED] - uiaction.CommonUIActions.click: uiaction.CommonUIActions.click is PASSED

2018-05-21 11:25:34 - [MESSAGE][PASSED] - uiaction.CommonUIActions.click is PASSED

2018-05-21 11:25:34 - [TEST_STEP][PASSED] - delay: Delayed 10 second(s)

2018-05-21 11:25:44 - [MESSAGE][PASSED] - Delayed 10 second(s)

2018-05-21 11:25:44 - [TEST_STEP][PASSED] - Statement - userStoreList = driver.findElements(org.openqa.selenium.By.xpath(com.kms.katalon.core.testdata.TestDataFactory.findTestData(OR_file).getValue(2, 23))): Reading excel file with source file 'C:\Users\shalinin\Katalon Studio\HME_Scripts\Data Files\HME_OR.xlsx' and sheet name 'Sheet1'

2018-05-21 11:25:44 - [TEST_STEP][PASSED] - Statement - userstoreListSize = userStoreList.size(): null

2018-05-21 11:25:44 - [TEST_STEP][PASSED] - uiaction.CommonUIActions.click: uiaction.CommonUIActions.click is PASSED

2018-05-21 11:25:51 - [MESSAGE][PASSED] - uiaction.CommonUIActions.click is PASSED

2018-05-21 11:25:51 - [TEST_STEP][PASSED] - delay: Delayed 10 second(s)

2018-05-21 11:26:01 - [MESSAGE][PASSED] - Delayed 10 second(s)

2018-05-21 11:26:01 - [TEST_STEP][PASSED] - Statement - adminStoreList = driver.findElements(org.openqa.selenium.By.xpath(com.kms.katalon.core.testdata.TestDataFactory.findTestData(OR_file).getValue(2, 23))): Reading excel file with source file 'C:\Users\shalinin\Katalon Studio\HME_Scripts\Data Files\HME_OR.xlsx' and sheet name 'Sheet1'

2018-05-21 11:26:01 - [TEST_STEP][PASSED] - Statement - adminstoreListSize = adminStoreList.size(): null

2018-05-21 11:26:01 - [TEST_STEP][PASSED] - Statement - If (userstoreListSize != adminstoreListSize): null

2018-05-21 11:26:01 - [TEST_STEP][PASSED] - Statement - out.println(searchUserText + " User can see only stores related to him"): null

2018-05-21 11:26:01 - [TEST_STEP][PASSED] - Statement - assert TCflag == true: null

2018-05-21 11:26:01 - [TEST_STEP][PASSED] - Start listener action : sampleAfterTestCase: Browser is closed

2018-05-21 11:26:01 - [TEST_STEP][PASSED] - Statement - println(testCaseContext.getTestCaseId()): null

2018-05-21 11:26:01 - [TEST_STEP][PASSED] - Statement - println(testCaseContext.getTestCaseStatus()): null

2018-05-21 11:26:01 - [TEST_STEP][PASSED] - closeBrowser: Browser is closed

2018-05-21 11:26:01 - [MESSAGE][PASSED] - Browser is closed]]></system-out>
         <system-err><![CDATA[]]></system-err>
      </testcase>
      <testcase name="Test Cases/MasqueradeTC/HME-Masquerade-04" classname="Test Cases/MasqueradeTC/HME-Masquerade-04" status="PASSED">
         <system-out><![CDATA[2018-05-21 11:26:01 - [TEST_CASE][PASSED] - Test Cases/MasqueradeTC/HME-Masquerade-04: Browser is closed

2018-05-21 11:26:01 - [TEST_STEP][PASSED] - Start listener action : sampleBeforeTestCase: uiaction.CommonUIActions.deleteAllCookies is PASSED

2018-05-21 11:26:01 - [TEST_STEP][PASSED] - openBrowser: Browser is opened with url: ''

2018-05-21 11:26:04 - [MESSAGE][PASSED] - Browser is opened with url: ''

2018-05-21 11:26:04 - [TEST_STEP][PASSED] - maximizeWindow: Current window maximized

2018-05-21 11:26:05 - [MESSAGE][PASSED] - Current window maximized

2018-05-21 11:26:05 - [TEST_STEP][PASSED] - uiaction.CommonUIActions.deleteAllCookies: uiaction.CommonUIActions.deleteAllCookies is PASSED

2018-05-21 11:26:05 - [MESSAGE][PASSED] - Delete all cookies successfully

2018-05-21 11:26:05 - [MESSAGE][PASSED] - uiaction.CommonUIActions.deleteAllCookies is PASSED

2018-05-21 11:26:05 - [TEST_STEP][PASSED] - Statement - TCflag = true: null

2018-05-21 11:26:05 - [TEST_STEP][PASSED] - Statement - Try: null

2018-05-21 11:26:05 - [TEST_STEP][PASSED] - navigateToUrl: Navigate to 'https://hme-dev-public-cloud-app.azurewebsites.net/admin' successfully

2018-05-21 11:26:08 - [MESSAGE][PASSED] - Navigate to 'https://hme-dev-public-cloud-app.azurewebsites.net/admin' successfully

2018-05-21 11:26:08 - [TEST_STEP][PASSED] - projectSpecific.Reusability.login: projectSpecific.Reusability.login is PASSED

2018-05-21 11:26:08 - [MESSAGE][PASSED] - projectSpecific.Reusability.getTestData is PASSED

2018-05-21 11:26:08 - [MESSAGE][PASSED] - projectSpecific.Reusability.getTestData is PASSED

2018-05-21 11:26:08 - [MESSAGE][PASSED] - Text 'nous-abhradipr@hme.com' is set on object 'Object Repository/LoginPage/Username'

2018-05-21 11:26:08 - [MESSAGE][PASSED] - Text '6Qt*qmL88' is set on object 'Object Repository/LoginPage/Password'

2018-05-21 11:26:08 - [MESSAGE][PASSED] - Object: 'Object Repository/LoginPage/Login' is clicked on

2018-05-21 11:26:08 - [MESSAGE][PASSED] - projectSpecific.Reusability.login is PASSED

2018-05-21 11:26:08 - [TEST_STEP][PASSED] - delay: Delayed 10 second(s)

2018-05-21 11:26:18 - [MESSAGE][PASSED] - Delayed 10 second(s)

2018-05-21 11:26:18 - [TEST_STEP][PASSED] - verifyElementPresent: Object 'Object Repository/HomePage/loggedinUser' is present

2018-05-21 11:26:18 - [MESSAGE][PASSED] - Object 'Object Repository/HomePage/loggedinUser' is present

2018-05-21 11:26:18 - [TEST_STEP][PASSED] - Statement - loggedInUser = CustomKeywords.uiaction.CommonUIActions.getText(com.kms.katalon.core.testobject.ObjectRepository.findTestObject(HomePage/loggedinUser)): uiaction.CommonUIActions.getText is PASSED

2018-05-21 11:26:18 - [MESSAGE][PASSED] - uiaction.CommonUIActions.getText is PASSED

2018-05-21 11:26:18 - [TEST_STEP][PASSED] - Statement - loggedInUser = loggedInUser.trim(): null

2018-05-21 11:26:18 - [TEST_STEP][PASSED] - Statement - loggedinText = CustomKeywords.projectSpecific.Reusability.getTestData("HomePage", "loggedinText"): projectSpecific.Reusability.getTestData is PASSED

2018-05-21 11:26:18 - [MESSAGE][PASSED] - projectSpecific.Reusability.getTestData is PASSED

2018-05-21 11:26:18 - [TEST_STEP][PASSED] - Statement - If (loggedInUser.equals(loggedinText)): null

2018-05-21 11:26:18 - [TEST_STEP][PASSED] - Statement - welcomeUser = CustomKeywords.uiaction.CommonUIActions.getText(com.kms.katalon.core.testobject.ObjectRepository.findTestObject(HomePage/welcomeUserText)): uiaction.CommonUIActions.getText is PASSED

2018-05-21 11:26:18 - [MESSAGE][PASSED] - uiaction.CommonUIActions.getText is PASSED

2018-05-21 11:26:18 - [TEST_STEP][PASSED] - Statement - welcomeUser = welcomeUser.trim(): null

2018-05-21 11:26:18 - [TEST_STEP][PASSED] - Statement - welcomeText = CustomKeywords.projectSpecific.Reusability.getTestData("HomePage", "welcomeText"): projectSpecific.Reusability.getTestData is PASSED

2018-05-21 11:26:18 - [MESSAGE][PASSED] - projectSpecific.Reusability.getTestData is PASSED

2018-05-21 11:26:18 - [TEST_STEP][PASSED] - Statement - If (welcomeUser.equals(welcomeText)): null

2018-05-21 11:26:18 - [TEST_STEP][PASSED] - uiaction.CommonUIActions.click: uiaction.CommonUIActions.click is PASSED

2018-05-21 11:26:20 - [MESSAGE][PASSED] - uiaction.CommonUIActions.click is PASSED

2018-05-21 11:26:20 - [TEST_STEP][PASSED] - Statement - driver = com.kms.katalon.core.webui.driver.DriverFactory.getWebDriver(): null

2018-05-21 11:26:20 - [TEST_STEP][PASSED] - Statement - userlist1 = driver.findElements(org.openqa.selenium.By.xpath("//table//tr/td[3]")): null

2018-05-21 11:26:20 - [TEST_STEP][PASSED] - Statement - If (userlist1.size() > 0): null

2018-05-21 11:26:20 - [TEST_STEP][PASSED] - Statement - out.println("Users are listed in User Page"): null

2018-05-21 11:26:20 - [TEST_STEP][PASSED] - Statement - firstname = CustomKeywords.uiaction.CommonUIActions.getText(com.kms.katalon.core.testobject.ObjectRepository.findTestObject(UsersPage/userFN)): uiaction.CommonUIActions.getText is PASSED

2018-05-21 11:26:20 - [MESSAGE][PASSED] - uiaction.CommonUIActions.getText is PASSED

2018-05-21 11:26:20 - [TEST_STEP][PASSED] - uiaction.CommonUIActions.click: uiaction.CommonUIActions.click is PASSED

2018-05-21 11:26:22 - [MESSAGE][PASSED] - uiaction.CommonUIActions.click is PASSED

2018-05-21 11:26:22 - [TEST_STEP][PASSED] - delay: Delayed 10 second(s)

2018-05-21 11:26:32 - [MESSAGE][PASSED] - Delayed 10 second(s)

2018-05-21 11:26:32 - [TEST_STEP][PASSED] - Statement - firstnamefromuserdetailpage = CustomKeywords.uiaction.CommonUIActions.getAttribute(com.kms.katalon.core.testobject.ObjectRepository.findTestObject(UserDetailsPage/user_firstname), "value"): uiaction.CommonUIActions.getAttribute is PASSED

2018-05-21 11:26:32 - [MESSAGE][PASSED] - Attribute 'value' of object 'Object Repository/UserDetailsPage/user_firstname' is: 'dfsd'

2018-05-21 11:26:32 - [MESSAGE][PASSED] - uiaction.CommonUIActions.getAttribute is PASSED

2018-05-21 11:26:32 - [TEST_STEP][PASSED] - Statement - If (firstnamefromuserdetailpage.equals(firstname)): null

2018-05-21 11:26:32 - [TEST_STEP][PASSED] - Statement - out.println("User first Name is displayed Correctly"): null

2018-05-21 11:26:32 - [TEST_STEP][PASSED] - uiaction.CommonUIActions.click: uiaction.CommonUIActions.click is PASSED

2018-05-21 11:26:34 - [MESSAGE][PASSED] - uiaction.CommonUIActions.click is PASSED

2018-05-21 11:26:34 - [TEST_STEP][PASSED] - uiaction.CommonUIActions.click: uiaction.CommonUIActions.click is PASSED

2018-05-21 11:26:35 - [MESSAGE][PASSED] - uiaction.CommonUIActions.click is PASSED

2018-05-21 11:26:35 - [TEST_STEP][PASSED] - Statement - Lastname_beforeedit = CustomKeywords.uiaction.CommonUIActions.getText(com.kms.katalon.core.testobject.ObjectRepository.findTestObject(UsersPage/userLN)): uiaction.CommonUIActions.getText is PASSED

2018-05-21 11:26:35 - [MESSAGE][PASSED] - uiaction.CommonUIActions.getText is PASSED

2018-05-21 11:26:35 - [TEST_STEP][PASSED] - uiaction.CommonUIActions.click: uiaction.CommonUIActions.click is PASSED

2018-05-21 11:26:36 - [MESSAGE][PASSED] - uiaction.CommonUIActions.click is PASSED

2018-05-21 11:26:36 - [TEST_STEP][PASSED] - uiaction.CommonUIActions.enter: uiaction.CommonUIActions.enter is PASSED

2018-05-21 11:26:36 - [MESSAGE][PASSED] - projectSpecific.Reusability.getTestData is PASSED

2018-05-21 11:26:36 - [MESSAGE][PASSED] - uiaction.CommonUIActions.enter is PASSED

2018-05-21 11:26:36 - [TEST_STEP][PASSED] - uiaction.CommonUIActions.click: uiaction.CommonUIActions.click is PASSED

2018-05-21 11:26:36 - [MESSAGE][PASSED] - uiaction.CommonUIActions.click is PASSED

2018-05-21 11:26:36 - [TEST_STEP][PASSED] - delay: Delayed 10 second(s)

2018-05-21 11:26:46 - [MESSAGE][PASSED] - Delayed 10 second(s)

2018-05-21 11:26:46 - [TEST_STEP][PASSED] - uiaction.CommonUIActions.click: uiaction.CommonUIActions.click is PASSED

2018-05-21 11:26:48 - [MESSAGE][PASSED] - uiaction.CommonUIActions.click is PASSED

2018-05-21 11:26:48 - [TEST_STEP][PASSED] - uiaction.CommonUIActions.click: uiaction.CommonUIActions.click is PASSED

2018-05-21 11:26:49 - [MESSAGE][PASSED] - uiaction.CommonUIActions.click is PASSED

2018-05-21 11:26:49 - [TEST_STEP][PASSED] - Statement - Lastname_afteredit = CustomKeywords.uiaction.CommonUIActions.getText(com.kms.katalon.core.testobject.ObjectRepository.findTestObject(UsersPage/userLN)): uiaction.CommonUIActions.getText is PASSED

2018-05-21 11:26:49 - [MESSAGE][PASSED] - uiaction.CommonUIActions.getText is PASSED

2018-05-21 11:26:49 - [TEST_STEP][PASSED] - Statement - If (!(Lastname_afteredit.equals(Lastname_beforeedit))): null

2018-05-21 11:26:49 - [TEST_STEP][PASSED] - Statement - Else: null

2018-05-21 11:26:49 - [TEST_STEP][PASSED] - Statement - If (TCflag): null

2018-05-21 11:26:49 - [TEST_STEP][PASSED] - Statement - out.println("User Last Name is not edited"): null

2018-05-21 11:26:49 - [TEST_STEP][PASSED] - Statement - TCflag = true: null

2018-05-21 11:26:49 - [TEST_STEP][PASSED] - Statement - userlist = driver.findElements(org.openqa.selenium.By.xpath("//table//tr/td[3]")): null

2018-05-21 11:26:49 - [TEST_STEP][PASSED] - Statement - If (userlist.size() > 0): null

2018-05-21 11:26:49 - [TEST_STEP][PASSED] - Statement - out.println("Users page will be displayed"): null

2018-05-21 11:26:49 - [TEST_STEP][PASSED] - Statement - a = CustomKeywords.uiaction.CommonUIActions.isElementPresent(com.kms.katalon.core.testobject.ObjectRepository.findTestObject(UsersPage/Add_user_btn)): uiaction.CommonUIActions.isElementPresent is PASSED

2018-05-21 11:26:49 - [MESSAGE][PASSED] - uiaction.CommonUIActions.isElementPresent is PASSED

2018-05-21 11:26:49 - [TEST_STEP][PASSED] - Statement - If (a): null

2018-05-21 11:26:49 - [TEST_STEP][PASSED] - Statement - Else: null

2018-05-21 11:26:49 - [TEST_STEP][PASSED] - Statement - out.println("Add User Link is not displayed"): null

2018-05-21 11:26:49 - [TEST_STEP][PASSED] - uiaction.CommonUIActions.click: uiaction.CommonUIActions.click is PASSED

2018-05-21 11:26:50 - [MESSAGE][PASSED] - uiaction.CommonUIActions.click is PASSED

2018-05-21 11:26:50 - [TEST_STEP][PASSED] - delay: Delayed 10 second(s)

2018-05-21 11:27:00 - [MESSAGE][PASSED] - Delayed 10 second(s)

2018-05-21 11:27:00 - [TEST_STEP][PASSED] - Statement - b = CustomKeywords.uiaction.CommonUIActions.isElementPresent(com.kms.katalon.core.testobject.ObjectRepository.findTestObject(UserDetailsPage/removeruser_link)): uiaction.CommonUIActions.isElementPresent is PASSED

2018-05-21 11:27:00 - [MESSAGE][PASSED] - uiaction.CommonUIActions.isElementPresent is PASSED

2018-05-21 11:27:00 - [TEST_STEP][PASSED] - Statement - If (b): null

2018-05-21 11:27:00 - [TEST_STEP][PASSED] - Statement - Else: null

2018-05-21 11:27:00 - [TEST_STEP][PASSED] - Statement - out.println("Remove Link is not displayed"): null

2018-05-21 11:27:00 - [TEST_STEP][PASSED] - Statement - assert TCflag == true: null

2018-05-21 11:27:00 - [TEST_STEP][PASSED] - Start listener action : sampleAfterTestCase: Browser is closed

2018-05-21 11:27:00 - [TEST_STEP][PASSED] - Statement - println(testCaseContext.getTestCaseId()): null

2018-05-21 11:27:00 - [TEST_STEP][PASSED] - Statement - println(testCaseContext.getTestCaseStatus()): null

2018-05-21 11:27:00 - [TEST_STEP][PASSED] - closeBrowser: Browser is closed

2018-05-21 11:27:01 - [MESSAGE][PASSED] - Browser is closed]]></system-out>
         <system-err><![CDATA[]]></system-err>
      </testcase>
      <testcase name="Test Cases/GoalStatisticsTC/HME-Goal Statistics Report-05" classname="Test Cases/GoalStatisticsTC/HME-Goal Statistics Report-05" status="PASSED">
         <system-out><![CDATA[2018-05-21 11:27:01 - [TEST_CASE][PASSED] - Test Cases/GoalStatisticsTC/HME-Goal Statistics Report-05: Browser is closed

2018-05-21 11:27:01 - [TEST_STEP][PASSED] - Start listener action : sampleBeforeTestCase: uiaction.CommonUIActions.deleteAllCookies is PASSED

2018-05-21 11:27:01 - [TEST_STEP][PASSED] - openBrowser: Browser is opened with url: ''

2018-05-21 11:27:03 - [MESSAGE][PASSED] - Browser is opened with url: ''

2018-05-21 11:27:03 - [TEST_STEP][PASSED] - maximizeWindow: Current window maximized

2018-05-21 11:27:04 - [MESSAGE][PASSED] - Current window maximized

2018-05-21 11:27:04 - [TEST_STEP][PASSED] - uiaction.CommonUIActions.deleteAllCookies: uiaction.CommonUIActions.deleteAllCookies is PASSED

2018-05-21 11:27:04 - [MESSAGE][PASSED] - Delete all cookies successfully

2018-05-21 11:27:04 - [MESSAGE][PASSED] - uiaction.CommonUIActions.deleteAllCookies is PASSED

2018-05-21 11:27:04 - [TEST_STEP][PASSED] - Statement - TCflag = true: null

2018-05-21 11:27:04 - [TEST_STEP][PASSED] - Statement - Try: Delayed 10 second(s)

2018-05-21 11:27:04 - [TEST_STEP][PASSED] - navigateToUrl: Navigate to 'https://hme-dev-public-cloud-app.azurewebsites.net/' successfully

2018-05-21 11:27:07 - [MESSAGE][PASSED] - Navigate to 'https://hme-dev-public-cloud-app.azurewebsites.net/' successfully

2018-05-21 11:27:07 - [TEST_STEP][PASSED] - projectSpecific.Reusability.login: projectSpecific.Reusability.login is PASSED

2018-05-21 11:27:07 - [MESSAGE][PASSED] - projectSpecific.Reusability.getTestData is PASSED

2018-05-21 11:27:07 - [MESSAGE][PASSED] - projectSpecific.Reusability.getTestData is PASSED

2018-05-21 11:27:07 - [MESSAGE][PASSED] - Text 'selvendrank@nousinfo.com' is set on object 'Object Repository/LoginPage/Username'

2018-05-21 11:27:07 - [MESSAGE][PASSED] - Text 'nous;123' is set on object 'Object Repository/LoginPage/Password'

2018-05-21 11:27:07 - [MESSAGE][PASSED] - Object: 'Object Repository/LoginPage/Login' is clicked on

2018-05-21 11:27:07 - [MESSAGE][PASSED] - projectSpecific.Reusability.login is PASSED

2018-05-21 11:27:07 - [TEST_STEP][PASSED] - delay: Delayed 10 second(s)

2018-05-21 11:27:17 - [MESSAGE][PASSED] - Delayed 10 second(s)

2018-05-21 11:27:17 - [TEST_STEP][PASSED] - uiaction.CommonUIActions.click: uiaction.CommonUIActions.click is PASSED

2018-05-21 11:27:42 - [MESSAGE][PASSED] - uiaction.CommonUIActions.click is PASSED

2018-05-21 11:27:42 - [TEST_STEP][PASSED] - delay: Delayed 10 second(s)

2018-05-21 11:27:52 - [MESSAGE][PASSED] - Delayed 10 second(s)

2018-05-21 11:27:52 - [TEST_STEP][PASSED] - uiaction.CommonUIActions.click: uiaction.CommonUIActions.click is PASSED

2018-05-21 11:27:55 - [MESSAGE][PASSED] - uiaction.CommonUIActions.click is PASSED

2018-05-21 11:27:55 - [TEST_STEP][PASSED] - delay: Delayed 10 second(s)

2018-05-21 11:28:05 - [MESSAGE][PASSED] - Delayed 10 second(s)

2018-05-21 11:28:05 - [TEST_STEP][PASSED] - Statement - storelabel = com.kms.katalon.core.webui.keyword.WebUiBuiltInKeywords.getAttribute(com.kms.katalon.core.testobject.ObjectRepository.findTestObject(StorePage/store_label), "value"): Attribute 'value' of object 'Object Repository/StorePage/store_label' is: 'McDonald5'

2018-05-21 11:28:05 - [MESSAGE][PASSED] - Attribute 'value' of object 'Object Repository/StorePage/store_label' is: 'McDonald5'

2018-05-21 11:28:05 - [TEST_STEP][PASSED] - Statement - storelabel = storelabel.trim(): null

2018-05-21 11:28:05 - [TEST_STEP][PASSED] - uiaction.CommonUIActions.click: uiaction.CommonUIActions.click is PASSED

2018-05-21 11:28:05 - [MESSAGE][PASSED] - uiaction.CommonUIActions.click is PASSED

2018-05-21 11:28:05 - [TEST_STEP][PASSED] - uiaction.CommonUIActions.click: uiaction.CommonUIActions.click is PASSED

2018-05-21 11:28:12 - [MESSAGE][PASSED] - uiaction.CommonUIActions.click is PASSED

2018-05-21 11:28:12 - [TEST_STEP][PASSED] - Statement - storenumber = CustomKeywords.uiaction.CommonUIActions.getText(com.kms.katalon.core.testobject.ObjectRepository.findTestObject(StorePage/storeID)): uiaction.CommonUIActions.getText is PASSED

2018-05-21 11:28:12 - [MESSAGE][PASSED] - uiaction.CommonUIActions.getText is PASSED

2018-05-21 11:28:12 - [TEST_STEP][PASSED] - Statement - storenumber = storenumber.trim(): null

2018-05-21 11:28:12 - [TEST_STEP][PASSED] - Statement - out.println(" the store number is--" + storenumber.trim()): null

2018-05-21 11:28:12 - [TEST_STEP][PASSED] - Statement - driver = com.kms.katalon.core.webui.driver.DriverFactory.getWebDriver(): null

2018-05-21 11:28:12 - [TEST_STEP][PASSED] - delay: Delayed 10 second(s)

2018-05-21 11:28:22 - [MESSAGE][PASSED] - Delayed 10 second(s)

2018-05-21 11:28:22 - [TEST_STEP][PASSED] - uiaction.CommonUIActions.click: uiaction.CommonUIActions.click is PASSED

2018-05-21 11:28:25 - [MESSAGE][PASSED] - uiaction.CommonUIActions.click is PASSED

2018-05-21 11:28:25 - [TEST_STEP][PASSED] - delay: Delayed 10 second(s)

2018-05-21 11:28:35 - [MESSAGE][PASSED] - Delayed 10 second(s)

2018-05-21 11:28:35 - [TEST_STEP][PASSED] - uiaction.CommonUIActions.click: uiaction.CommonUIActions.click is PASSED

2018-05-21 11:28:48 - [MESSAGE][PASSED] - uiaction.CommonUIActions.click is PASSED

2018-05-21 11:28:48 - [TEST_STEP][PASSED] - delay: Delayed 10 second(s)

2018-05-21 11:28:58 - [MESSAGE][PASSED] - Delayed 10 second(s)

2018-05-21 11:28:58 - [TEST_STEP][PASSED] - uiaction.CommonUIActions.click: uiaction.CommonUIActions.click is PASSED

2018-05-21 11:29:01 - [MESSAGE][PASSED] - uiaction.CommonUIActions.click is PASSED

2018-05-21 11:29:01 - [TEST_STEP][PASSED] - uiaction.CommonUIActions.click: uiaction.CommonUIActions.click is PASSED

2018-05-21 11:29:01 - [MESSAGE][PASSED] - uiaction.CommonUIActions.click is PASSED

2018-05-21 11:29:01 - [TEST_STEP][PASSED] - Statement - grpName = "AutomationGrp2": null

2018-05-21 11:29:01 - [TEST_STEP][PASSED] - uiaction.CommonUIActions.enter: uiaction.CommonUIActions.enter is PASSED

2018-05-21 11:29:01 - [MESSAGE][PASSED] - uiaction.CommonUIActions.enter is PASSED

2018-05-21 11:29:01 - [TEST_STEP][PASSED] - uiaction.CommonUIActions.enter: uiaction.CommonUIActions.enter is PASSED

2018-05-21 11:29:01 - [MESSAGE][PASSED] - projectSpecific.Reusability.getTestData is PASSED

2018-05-21 11:29:01 - [MESSAGE][PASSED] - uiaction.CommonUIActions.enter is PASSED

2018-05-21 11:29:01 - [TEST_STEP][PASSED] - delay: Delayed 10 second(s)

2018-05-21 11:29:11 - [MESSAGE][PASSED] - Delayed 10 second(s)

2018-05-21 11:29:11 - [TEST_STEP][PASSED] - Statement - storesLabel = driver.findElements(org.openqa.selenium.By.xpath(com.kms.katalon.core.testdata.TestDataFactory.findTestData(OR_file).getValue(2, 10))): Reading excel file with source file 'C:\Users\shalinin\Katalon Studio\HME_Scripts\Data Files\HME_OR.xlsx' and sheet name 'Sheet1'

2018-05-21 11:29:11 - [TEST_STEP][PASSED] - Statement - groupStoresList = new java.util.ArrayList(): null

2018-05-21 11:29:11 - [TEST_STEP][PASSED] - Statement - out.println(storesLabel.size()): null

2018-05-21 11:29:11 - [TEST_STEP][PASSED] - Statement - size = storesLabel.size(): null

2018-05-21 11:29:11 - [TEST_STEP][PASSED] - Statement - index = 0: null

2018-05-21 11:29:11 - [TEST_STEP][PASSED] - Statement - For ([i = 0, i < size, (i++)]): null

2018-05-21 11:29:11 - [TEST_STEP][PASSED] - Statement - storeLabel = storesLabel.get(i).getText().trim(): null

2018-05-21 11:29:11 - [TEST_STEP][PASSED] - Statement - println(storeLabel): null

2018-05-21 11:29:11 - [TEST_STEP][PASSED] - Statement - If (storeLabel.contains(storelabel)): null

2018-05-21 11:29:11 - [TEST_STEP][PASSED] - Statement - storeLabel = storesLabel.get(i).getText().trim(): null

2018-05-21 11:29:11 - [TEST_STEP][PASSED] - Statement - println(storeLabel): null

2018-05-21 11:29:11 - [TEST_STEP][PASSED] - Statement - If (storeLabel.contains(storelabel)): null

2018-05-21 11:29:11 - [TEST_STEP][PASSED] - Statement - storeLabel = storesLabel.get(i).getText().trim(): null

2018-05-21 11:29:11 - [TEST_STEP][PASSED] - Statement - println(storeLabel): null

2018-05-21 11:29:11 - [TEST_STEP][PASSED] - Statement - If (storeLabel.contains(storelabel)): null

2018-05-21 11:29:11 - [TEST_STEP][PASSED] - Statement - storeLabel = storesLabel.get(i).getText().trim(): null

2018-05-21 11:29:11 - [TEST_STEP][PASSED] - Statement - println(storeLabel): null

2018-05-21 11:29:11 - [TEST_STEP][PASSED] - Statement - If (storeLabel.contains(storelabel)): null

2018-05-21 11:29:11 - [TEST_STEP][PASSED] - Statement - storeLabel = storesLabel.get(i).getText().trim(): null

2018-05-21 11:29:11 - [TEST_STEP][PASSED] - Statement - println(storeLabel): null

2018-05-21 11:29:11 - [TEST_STEP][PASSED] - Statement - If (storeLabel.contains(storelabel)): null

2018-05-21 11:29:11 - [TEST_STEP][PASSED] - Statement - storeLabel = storesLabel.get(i).getText().trim(): null

2018-05-21 11:29:11 - [TEST_STEP][PASSED] - Statement - println(storeLabel): null

2018-05-21 11:29:11 - [TEST_STEP][PASSED] - Statement - If (storeLabel.contains(storelabel)): null

2018-05-21 11:29:11 - [TEST_STEP][PASSED] - Statement - storeLabel = storesLabel.get(i).getText().trim(): null

2018-05-21 11:29:11 - [TEST_STEP][PASSED] - Statement - println(storeLabel): null

2018-05-21 11:29:11 - [TEST_STEP][PASSED] - Statement - If (storeLabel.contains(storelabel)): null

2018-05-21 11:29:11 - [TEST_STEP][PASSED] - Statement - storeLabel = storesLabel.get(i).getText().trim(): null

2018-05-21 11:29:11 - [TEST_STEP][PASSED] - Statement - println(storeLabel): null

2018-05-21 11:29:11 - [TEST_STEP][PASSED] - Statement - If (storeLabel.contains(storelabel)): null

2018-05-21 11:29:11 - [TEST_STEP][PASSED] - Statement - storeLabel = storesLabel.get(i).getText().trim(): null

2018-05-21 11:29:11 - [TEST_STEP][PASSED] - Statement - println(storeLabel): null

2018-05-21 11:29:11 - [TEST_STEP][PASSED] - Statement - If (storeLabel.contains(storelabel)): null

2018-05-21 11:29:11 - [TEST_STEP][PASSED] - Statement - storeLabel = storesLabel.get(i).getText().trim(): null

2018-05-21 11:29:11 - [TEST_STEP][PASSED] - Statement - println(storeLabel): null

2018-05-21 11:29:11 - [TEST_STEP][PASSED] - Statement - If (storeLabel.contains(storelabel)): null

2018-05-21 11:29:11 - [TEST_STEP][PASSED] - Statement - storeLabel = storesLabel.get(i).getText().trim(): null

2018-05-21 11:29:11 - [TEST_STEP][PASSED] - Statement - println(storeLabel): null

2018-05-21 11:29:11 - [TEST_STEP][PASSED] - Statement - If (storeLabel.contains(storelabel)): null

2018-05-21 11:29:11 - [TEST_STEP][PASSED] - Statement - storeLabel = storesLabel.get(i).getText().trim(): null

2018-05-21 11:29:11 - [TEST_STEP][PASSED] - Statement - println(storeLabel): null

2018-05-21 11:29:11 - [TEST_STEP][PASSED] - Statement - If (storeLabel.contains(storelabel)): null

2018-05-21 11:29:11 - [TEST_STEP][PASSED] - Statement - index = i + 1: null

2018-05-21 11:29:11 - [TEST_STEP][PASSED] - Statement - driver.findElement(org.openqa.selenium.By.xpath("(//ul[@class='unlinked-grouplist']/li/label)[" + index + "]")).click(): null

2018-05-21 11:29:11 - [TEST_STEP][PASSED] - Statement - driver.findElement(org.openqa.selenium.By.xpath("//button[contains(text(),'>')]")).click(): null

2018-05-21 11:29:11 - [TEST_STEP][PASSED] - Statement - Break: null

2018-05-21 11:29:11 - [TEST_STEP][PASSED] - delay: Delayed 10 second(s)

2018-05-21 11:29:21 - [MESSAGE][PASSED] - Delayed 10 second(s)

2018-05-21 11:29:21 - [TEST_STEP][PASSED] - uiaction.CommonUIActions.click: uiaction.CommonUIActions.click is PASSED

2018-05-21 11:29:21 - [MESSAGE][PASSED] - uiaction.CommonUIActions.click is PASSED

2018-05-21 11:29:21 - [TEST_STEP][PASSED] - uiaction.CommonUIActions.click: uiaction.CommonUIActions.click is PASSED

2018-05-21 11:29:21 - [MESSAGE][PASSED] - uiaction.CommonUIActions.click is PASSED

2018-05-21 11:29:21 - [TEST_STEP][PASSED] - delay: Delayed 10 second(s)

2018-05-21 11:29:31 - [MESSAGE][PASSED] - Delayed 10 second(s)

2018-05-21 11:29:31 - [TEST_STEP][PASSED] - uiaction.CommonUIActions.back: uiaction.CommonUIActions.back is PASSED

2018-05-21 11:29:32 - [MESSAGE][PASSED] - Navigate back successfully

2018-05-21 11:29:32 - [MESSAGE][PASSED] - uiaction.CommonUIActions.back is PASSED

2018-05-21 11:29:32 - [TEST_STEP][PASSED] - delay: Delayed 10 second(s)

2018-05-21 11:29:42 - [MESSAGE][PASSED] - Delayed 10 second(s)

2018-05-21 11:29:42 - [TEST_STEP][PASSED] - uiaction.CommonUIActions.click: uiaction.CommonUIActions.click is PASSED

2018-05-21 11:29:42 - [MESSAGE][PASSED] - uiaction.CommonUIActions.click is PASSED

2018-05-21 11:29:42 - [TEST_STEP][PASSED] - delay: Delayed 15 second(s)

2018-05-21 11:29:57 - [MESSAGE][PASSED] - Delayed 15 second(s)

2018-05-21 11:29:57 - [TEST_STEP][PASSED] - Statement - driver.findElement(org.openqa.selenium.By.xpath("//li/span/span/div/span[@class='StoreTitile'][text()='" + grpName + "']/../../../../span[1]")).click(): null

2018-05-21 11:29:57 - [TEST_STEP][PASSED] - delay: Delayed 10 second(s)

2018-05-21 11:30:07 - [MESSAGE][PASSED] - Delayed 10 second(s)

2018-05-21 11:30:07 - [TEST_STEP][PASSED] - Statement - driver.findElement(org.openqa.selenium.By.xpath("//li/span/span/div/span[@class='StoreTitile'][text()='" + grpName + "']/../../../../span[2]")).click(): null

2018-05-21 11:30:07 - [TEST_STEP][PASSED] - Statement - timemeasureoptions = driver.findElements(org.openqa.selenium.By.xpath("//select[@class='time-measures']/option")): null

2018-05-21 11:30:07 - [TEST_STEP][PASSED] - Statement - timemeasureoption_excel = CustomKeywords.projectSpecific.Reusability.getTestData("ReportsPage", "timemeasureoptions"): projectSpecific.Reusability.getTestData is PASSED

2018-05-21 11:30:07 - [MESSAGE][PASSED] - projectSpecific.Reusability.getTestData is PASSED

2018-05-21 11:30:07 - [TEST_STEP][PASSED] - Statement - timemeasureoption_excelsplit = timemeasureoption_excel.split(","): null

2018-05-21 11:30:07 - [TEST_STEP][PASSED] - Statement - For ([i = 0, i < timemeasureoptions.size(), (i++)]): null

2018-05-21 11:30:07 - [TEST_STEP][PASSED] - Statement - If (timemeasureoptions.get(i).getText() == timemeasureoption_excelsplit[i]): null

2018-05-21 11:30:07 - [TEST_STEP][PASSED] - Statement - out.println("Options are displayed correctly "): null

2018-05-21 11:30:07 - [TEST_STEP][PASSED] - Statement - If (timemeasureoptions.get(i).getText() == timemeasureoption_excelsplit[i]): null

2018-05-21 11:30:07 - [TEST_STEP][PASSED] - Statement - out.println("Options are displayed correctly "): null

2018-05-21 11:30:07 - [TEST_STEP][PASSED] - Statement - If (timemeasureoptions.get(i).getText() == timemeasureoption_excelsplit[i]): null

2018-05-21 11:30:07 - [TEST_STEP][PASSED] - Statement - out.println("Options are displayed correctly "): null

2018-05-21 11:30:07 - [TEST_STEP][PASSED] - Statement - If (timemeasureoptions.get(i).getText() == timemeasureoption_excelsplit[i]): null

2018-05-21 11:30:07 - [TEST_STEP][PASSED] - Statement - out.println("Options are displayed correctly "): null

2018-05-21 11:30:07 - [TEST_STEP][PASSED] - uiaction.CommonUIActions.click: uiaction.CommonUIActions.click is PASSED

2018-05-21 11:30:07 - [MESSAGE][PASSED] - uiaction.CommonUIActions.click is PASSED

2018-05-21 11:30:07 - [TEST_STEP][PASSED] - uiaction.CommonUIActions.click: uiaction.CommonUIActions.click is PASSED

2018-05-21 11:30:07 - [MESSAGE][PASSED] - uiaction.CommonUIActions.click is PASSED

2018-05-21 11:30:07 - [TEST_STEP][PASSED] - delay: Delayed 5 second(s)

2018-05-21 11:30:12 - [MESSAGE][PASSED] - Delayed 5 second(s)

2018-05-21 11:30:12 - [TEST_STEP][PASSED] - click: Object: 'Object Repository/ReportsPage/fromDateSelector' is clicked on

2018-05-21 11:30:12 - [MESSAGE][PASSED] - Object: 'Object Repository/ReportsPage/fromDateSelector' is clicked on

2018-05-21 11:30:12 - [TEST_STEP][PASSED] - delay: Delayed 5 second(s)

2018-05-21 11:30:17 - [MESSAGE][PASSED] - Delayed 5 second(s)

2018-05-21 11:30:17 - [TEST_STEP][PASSED] - Statement - monthText = com.kms.katalon.core.webui.keyword.WebUiBuiltInKeywords.getText(com.kms.katalon.core.testobject.ObjectRepository.findTestObject(ReportsPage/monthText)): Text of object 'Object Repository/ReportsPage/monthText' is: 'May 2018'

2018-05-21 11:30:17 - [MESSAGE][PASSED] - Text of object 'Object Repository/ReportsPage/monthText' is: 'May 2018'

2018-05-21 11:30:17 - [TEST_STEP][PASSED] - Statement - monthTextArray = monthText.split(" "): null

2018-05-21 11:30:17 - [TEST_STEP][PASSED] - Statement - month = monthTextArray[0]: null

2018-05-21 11:30:17 - [TEST_STEP][PASSED] - Statement - monthTextValue = CustomKeywords.projectSpecific.Reusability.getTestData("ReportsPage", "Month_January"): projectSpecific.Reusability.getTestData is PASSED

2018-05-21 11:30:17 - [MESSAGE][PASSED] - projectSpecific.Reusability.getTestData is PASSED

2018-05-21 11:30:17 - [TEST_STEP][PASSED] - Statement - If (!(monthTextValue.equals(month))): null

2018-05-21 11:30:17 - [TEST_STEP][PASSED] - Statement - While (!(monthTextValue.equals(month))): null

2018-05-21 11:30:17 - [TEST_STEP][PASSED] - click: Object: 'Object Repository/ReportsPage/previousDateSelector' is clicked on

2018-05-21 11:30:17 - [MESSAGE][PASSED] - Object: 'Object Repository/ReportsPage/previousDateSelector' is clicked on

2018-05-21 11:30:17 - [TEST_STEP][PASSED] - Statement - monthText = com.kms.katalon.core.webui.keyword.WebUiBuiltInKeywords.getText(com.kms.katalon.core.testobject.ObjectRepository.findTestObject(ReportsPage/monthText)): Text of object 'Object Repository/ReportsPage/monthText' is: 'April 2018'

2018-05-21 11:30:17 - [MESSAGE][PASSED] - Text of object 'Object Repository/ReportsPage/monthText' is: 'April 2018'

2018-05-21 11:30:17 - [TEST_STEP][PASSED] - Statement - monthTextArray = monthText.split(" "): null

2018-05-21 11:30:17 - [TEST_STEP][PASSED] - Statement - month = monthTextArray[0]: null

2018-05-21 11:30:17 - [TEST_STEP][PASSED] - click: Object: 'Object Repository/ReportsPage/previousDateSelector' is clicked on

2018-05-21 11:30:17 - [MESSAGE][PASSED] - Object: 'Object Repository/ReportsPage/previousDateSelector' is clicked on

2018-05-21 11:30:17 - [TEST_STEP][PASSED] - Statement - monthText = com.kms.katalon.core.webui.keyword.WebUiBuiltInKeywords.getText(com.kms.katalon.core.testobject.ObjectRepository.findTestObject(ReportsPage/monthText)): Text of object 'Object Repository/ReportsPage/monthText' is: 'March 2018'

2018-05-21 11:30:17 - [MESSAGE][PASSED] - Text of object 'Object Repository/ReportsPage/monthText' is: 'March 2018'

2018-05-21 11:30:17 - [TEST_STEP][PASSED] - Statement - monthTextArray = monthText.split(" "): null

2018-05-21 11:30:17 - [TEST_STEP][PASSED] - Statement - month = monthTextArray[0]: null

2018-05-21 11:30:17 - [TEST_STEP][PASSED] - click: Object: 'Object Repository/ReportsPage/previousDateSelector' is clicked on

2018-05-21 11:30:18 - [MESSAGE][PASSED] - Object: 'Object Repository/ReportsPage/previousDateSelector' is clicked on

2018-05-21 11:30:18 - [TEST_STEP][PASSED] - Statement - monthText = com.kms.katalon.core.webui.keyword.WebUiBuiltInKeywords.getText(com.kms.katalon.core.testobject.ObjectRepository.findTestObject(ReportsPage/monthText)): Text of object 'Object Repository/ReportsPage/monthText' is: 'February 2018'

2018-05-21 11:30:18 - [MESSAGE][PASSED] - Text of object 'Object Repository/ReportsPage/monthText' is: 'February 2018'

2018-05-21 11:30:18 - [TEST_STEP][PASSED] - Statement - monthTextArray = monthText.split(" "): null

2018-05-21 11:30:18 - [TEST_STEP][PASSED] - Statement - month = monthTextArray[0]: null

2018-05-21 11:30:18 - [TEST_STEP][PASSED] - click: Object: 'Object Repository/ReportsPage/previousDateSelector' is clicked on

2018-05-21 11:30:18 - [MESSAGE][PASSED] - Object: 'Object Repository/ReportsPage/previousDateSelector' is clicked on

2018-05-21 11:30:18 - [TEST_STEP][PASSED] - Statement - monthText = com.kms.katalon.core.webui.keyword.WebUiBuiltInKeywords.getText(com.kms.katalon.core.testobject.ObjectRepository.findTestObject(ReportsPage/monthText)): Text of object 'Object Repository/ReportsPage/monthText' is: 'January 2018'

2018-05-21 11:30:18 - [MESSAGE][PASSED] - Text of object 'Object Repository/ReportsPage/monthText' is: 'January 2018'

2018-05-21 11:30:18 - [TEST_STEP][PASSED] - Statement - monthTextArray = monthText.split(" "): null

2018-05-21 11:30:18 - [TEST_STEP][PASSED] - Statement - month = monthTextArray[0]: null

2018-05-21 11:30:18 - [TEST_STEP][PASSED] - Statement - data = CustomKeywords.projectSpecific.Reusability.getTestData("ReportsPage", "January_StartDate"): projectSpecific.Reusability.getTestData is PASSED

2018-05-21 11:30:18 - [MESSAGE][PASSED] - projectSpecific.Reusability.getTestData is PASSED

2018-05-21 11:30:18 - [TEST_STEP][PASSED] - Statement - startDate = "(//td[text()='" + data + "'])[1]": null

2018-05-21 11:30:18 - [TEST_STEP][PASSED] - Statement - println(startDate): null

2018-05-21 11:30:18 - [TEST_STEP][PASSED] - Statement - startdateEle = driver.findElement(org.openqa.selenium.By.xpath(startDate)): null

2018-05-21 11:30:18 - [TEST_STEP][PASSED] - Statement - startdateEle.click(): null

2018-05-21 11:30:18 - [TEST_STEP][PASSED] - delay: Delayed 5 second(s)

2018-05-21 11:30:23 - [MESSAGE][PASSED] - Delayed 5 second(s)

2018-05-21 11:30:23 - [TEST_STEP][PASSED] - click: Object: 'Object Repository/ReportsPage/toDateSelector' is clicked on

2018-05-21 11:30:23 - [MESSAGE][PASSED] - Object: 'Object Repository/ReportsPage/toDateSelector' is clicked on

2018-05-21 11:30:23 - [TEST_STEP][PASSED] - Statement - monthText = com.kms.katalon.core.webui.keyword.WebUiBuiltInKeywords.getText(com.kms.katalon.core.testobject.ObjectRepository.findTestObject(ReportsPage/monthText2)): Text of object 'Object Repository/ReportsPage/monthText2' is: 'May 2018'

2018-05-21 11:30:23 - [MESSAGE][PASSED] - Text of object 'Object Repository/ReportsPage/monthText2' is: 'May 2018'

2018-05-21 11:30:23 - [TEST_STEP][PASSED] - Statement - monthTextArray = monthText.split(" "): null

2018-05-21 11:30:23 - [TEST_STEP][PASSED] - Statement - month = monthTextArray[0]: null

2018-05-21 11:30:23 - [TEST_STEP][PASSED] - Statement - monthTextValue1 = CustomKeywords.projectSpecific.Reusability.getTestData("ReportsPage", "Month_January"): projectSpecific.Reusability.getTestData is PASSED

2018-05-21 11:30:23 - [MESSAGE][PASSED] - projectSpecific.Reusability.getTestData is PASSED

2018-05-21 11:30:23 - [TEST_STEP][PASSED] - Statement - If (!(monthTextValue1.equals(month))): null

2018-05-21 11:30:23 - [TEST_STEP][PASSED] - Statement - While (!(monthTextValue1.equals(month))): null

2018-05-21 11:30:23 - [TEST_STEP][PASSED] - click: Object: 'Object Repository/ReportsPage/previousDateSelector2' is clicked on

2018-05-21 11:30:23 - [MESSAGE][PASSED] - Object: 'Object Repository/ReportsPage/previousDateSelector2' is clicked on

2018-05-21 11:30:23 - [TEST_STEP][PASSED] - Statement - monthText = com.kms.katalon.core.webui.keyword.WebUiBuiltInKeywords.getText(com.kms.katalon.core.testobject.ObjectRepository.findTestObject(ReportsPage/monthText2)): Text of object 'Object Repository/ReportsPage/monthText2' is: 'April 2018'

2018-05-21 11:30:23 - [MESSAGE][PASSED] - Text of object 'Object Repository/ReportsPage/monthText2' is: 'April 2018'

2018-05-21 11:30:23 - [TEST_STEP][PASSED] - Statement - monthTextArray = monthText.split(" "): null

2018-05-21 11:30:23 - [TEST_STEP][PASSED] - Statement - month = monthTextArray[0]: null

2018-05-21 11:30:23 - [TEST_STEP][PASSED] - click: Object: 'Object Repository/ReportsPage/previousDateSelector2' is clicked on

2018-05-21 11:30:23 - [MESSAGE][PASSED] - Object: 'Object Repository/ReportsPage/previousDateSelector2' is clicked on

2018-05-21 11:30:23 - [TEST_STEP][PASSED] - Statement - monthText = com.kms.katalon.core.webui.keyword.WebUiBuiltInKeywords.getText(com.kms.katalon.core.testobject.ObjectRepository.findTestObject(ReportsPage/monthText2)): Text of object 'Object Repository/ReportsPage/monthText2' is: 'March 2018'

2018-05-21 11:30:23 - [MESSAGE][PASSED] - Text of object 'Object Repository/ReportsPage/monthText2' is: 'March 2018'

2018-05-21 11:30:23 - [TEST_STEP][PASSED] - Statement - monthTextArray = monthText.split(" "): null

2018-05-21 11:30:23 - [TEST_STEP][PASSED] - Statement - month = monthTextArray[0]: null

2018-05-21 11:30:23 - [TEST_STEP][PASSED] - click: Object: 'Object Repository/ReportsPage/previousDateSelector2' is clicked on

2018-05-21 11:30:23 - [MESSAGE][PASSED] - Object: 'Object Repository/ReportsPage/previousDateSelector2' is clicked on

2018-05-21 11:30:23 - [TEST_STEP][PASSED] - Statement - monthText = com.kms.katalon.core.webui.keyword.WebUiBuiltInKeywords.getText(com.kms.katalon.core.testobject.ObjectRepository.findTestObject(ReportsPage/monthText2)): Text of object 'Object Repository/ReportsPage/monthText2' is: 'February 2018'

2018-05-21 11:30:23 - [MESSAGE][PASSED] - Text of object 'Object Repository/ReportsPage/monthText2' is: 'February 2018'

2018-05-21 11:30:23 - [TEST_STEP][PASSED] - Statement - monthTextArray = monthText.split(" "): null

2018-05-21 11:30:23 - [TEST_STEP][PASSED] - Statement - month = monthTextArray[0]: null

2018-05-21 11:30:23 - [TEST_STEP][PASSED] - click: Object: 'Object Repository/ReportsPage/previousDateSelector2' is clicked on

2018-05-21 11:30:23 - [MESSAGE][PASSED] - Object: 'Object Repository/ReportsPage/previousDateSelector2' is clicked on

2018-05-21 11:30:23 - [TEST_STEP][PASSED] - Statement - monthText = com.kms.katalon.core.webui.keyword.WebUiBuiltInKeywords.getText(com.kms.katalon.core.testobject.ObjectRepository.findTestObject(ReportsPage/monthText2)): Text of object 'Object Repository/ReportsPage/monthText2' is: 'January 2018'

2018-05-21 11:30:23 - [MESSAGE][PASSED] - Text of object 'Object Repository/ReportsPage/monthText2' is: 'January 2018'

2018-05-21 11:30:23 - [TEST_STEP][PASSED] - Statement - monthTextArray = monthText.split(" "): null

2018-05-21 11:30:23 - [TEST_STEP][PASSED] - Statement - month = monthTextArray[0]: null

2018-05-21 11:30:23 - [TEST_STEP][PASSED] - Statement - endDate = CustomKeywords.projectSpecific.Reusability.getTestData("ReportsPage", "January_EndDate"): projectSpecific.Reusability.getTestData is PASSED

2018-05-21 11:30:23 - [MESSAGE][PASSED] - projectSpecific.Reusability.getTestData is PASSED

2018-05-21 11:30:23 - [TEST_STEP][PASSED] - Statement - toDate = "(//td[text()='" + endDate + "'])[2]": null

2018-05-21 11:30:23 - [TEST_STEP][PASSED] - Statement - toDateEle = driver.findElement(org.openqa.selenium.By.xpath(toDate)): null

2018-05-21 11:30:23 - [TEST_STEP][PASSED] - Statement - toDateEle.click(): null

2018-05-21 11:30:23 - [TEST_STEP][PASSED] - delay: Delayed 5 second(s)

2018-05-21 11:30:28 - [MESSAGE][PASSED] - Delayed 5 second(s)

2018-05-21 11:30:28 - [TEST_STEP][PASSED] - Statement - dateAttr = com.kms.katalon.core.webui.keyword.WebUiBuiltInKeywords.getAttribute(com.kms.katalon.core.testobject.ObjectRepository.findTestObject(ReportsPage/selectedDate1), "value"): Attribute 'value' of object 'Object Repository/ReportsPage/selectedDate1' is: '01/01/2018'

2018-05-21 11:30:28 - [MESSAGE][PASSED] - Attribute 'value' of object 'Object Repository/ReportsPage/selectedDate1' is: '01/01/2018'

2018-05-21 11:30:28 - [TEST_STEP][PASSED] - Statement - fromDateValue = CustomKeywords.projectSpecific.Reusability.getTestData("ReportsPage", "fromDate_January2"): projectSpecific.Reusability.getTestData is PASSED

2018-05-21 11:30:28 - [MESSAGE][PASSED] - projectSpecific.Reusability.getTestData is PASSED

2018-05-21 11:30:28 - [TEST_STEP][PASSED] - Statement - If (!(dateAttr.equals(fromDateValue))): null

2018-05-21 11:30:28 - [TEST_STEP][PASSED] - Statement - dateAttr = com.kms.katalon.core.webui.keyword.WebUiBuiltInKeywords.getAttribute(com.kms.katalon.core.testobject.ObjectRepository.findTestObject(ReportsPage/selectedDate2), "value"): Attribute 'value' of object 'Object Repository/ReportsPage/selectedDate2' is: '01/13/2018'

2018-05-21 11:30:28 - [MESSAGE][PASSED] - Attribute 'value' of object 'Object Repository/ReportsPage/selectedDate2' is: '01/13/2018'

2018-05-21 11:30:28 - [TEST_STEP][PASSED] - Statement - toDateValue = CustomKeywords.projectSpecific.Reusability.getTestData("ReportsPage", "toDate_January2"): projectSpecific.Reusability.getTestData is PASSED

2018-05-21 11:30:28 - [MESSAGE][PASSED] - projectSpecific.Reusability.getTestData is PASSED

2018-05-21 11:30:28 - [TEST_STEP][PASSED] - Statement - If (!(dateAttr.equals(toDateValue))): null

2018-05-21 11:30:28 - [TEST_STEP][PASSED] - uiaction.CommonUIActions.click: uiaction.CommonUIActions.click is PASSED

2018-05-21 11:30:28 - [MESSAGE][PASSED] - uiaction.CommonUIActions.click is PASSED

2018-05-21 11:30:28 - [TEST_STEP][PASSED] - Statement - opencheckbox = CustomKeywords.uiaction.CommonUIActions.isEnabled(com.kms.katalon.core.testobject.ObjectRepository.findTestObject(ReportsPage/Report_opencheckbox)): uiaction.CommonUIActions.isEnabled is PASSED

2018-05-21 11:30:28 - [MESSAGE][PASSED] - uiaction.CommonUIActions.isEnabled is PASSED

2018-05-21 11:30:28 - [TEST_STEP][PASSED] - Statement - If (!(opencheckbox)): null

2018-05-21 11:30:28 - [TEST_STEP][PASSED] - Statement - out.println("Open checkbox is checked by default"): null

2018-05-21 11:30:28 - [TEST_STEP][PASSED] - Statement - closecheckbox = CustomKeywords.uiaction.CommonUIActions.isEnabled(com.kms.katalon.core.testobject.ObjectRepository.findTestObject(ReportsPage/Report_closecheckbox)): uiaction.CommonUIActions.isEnabled is PASSED

2018-05-21 11:30:28 - [MESSAGE][PASSED] - uiaction.CommonUIActions.isEnabled is PASSED

2018-05-21 11:30:28 - [TEST_STEP][PASSED] - Statement - If (!(closecheckbox)): null

2018-05-21 11:30:28 - [TEST_STEP][PASSED] - Statement - out.println("Close checkbox is checked by default"): null

2018-05-21 11:30:28 - [TEST_STEP][PASSED] - uiaction.CommonUIActions.click: uiaction.CommonUIActions.click is PASSED

2018-05-21 11:30:29 - [MESSAGE][PASSED] - uiaction.CommonUIActions.click is PASSED

2018-05-21 11:30:29 - [TEST_STEP][PASSED] - uiaction.CommonUIActions.click: uiaction.CommonUIActions.click is PASSED

2018-05-21 11:30:29 - [MESSAGE][PASSED] - uiaction.CommonUIActions.click is PASSED

2018-05-21 11:30:29 - [TEST_STEP][PASSED] - verifyElementPresent: Object 'Object Repository/ReportsPage/advancedoption_am' is present

2018-05-21 11:30:29 - [MESSAGE][PASSED] - Object 'Object Repository/ReportsPage/advancedoption_am' is present

2018-05-21 11:30:29 - [TEST_STEP][PASSED] - verifyElementPresent: Object 'Object Repository/ReportsPage/advanceoptions_pm' is present

2018-05-21 11:30:29 - [MESSAGE][PASSED] - Object 'Object Repository/ReportsPage/advanceoptions_pm' is present

2018-05-21 11:30:29 - [TEST_STEP][PASSED] - Statement - open_am = CustomKeywords.uiaction.CommonUIActions.isEnabled(com.kms.katalon.core.testobject.ObjectRepository.findTestObject(ReportsPage/advancedoption_am)): uiaction.CommonUIActions.isEnabled is PASSED

2018-05-21 11:30:29 - [MESSAGE][PASSED] - uiaction.CommonUIActions.isEnabled is PASSED

2018-05-21 11:30:29 - [TEST_STEP][PASSED] - Statement - If (open_am): null

2018-05-21 11:30:29 - [TEST_STEP][PASSED] - Statement - out.println("AM Drop down boxes  enabled"): null

2018-05-21 11:30:29 - [TEST_STEP][PASSED] - Statement - open_pm = CustomKeywords.uiaction.CommonUIActions.isEnabled(com.kms.katalon.core.testobject.ObjectRepository.findTestObject(ReportsPage/advanceoptions_pm)): uiaction.CommonUIActions.isEnabled is PASSED

2018-05-21 11:30:29 - [MESSAGE][PASSED] - uiaction.CommonUIActions.isEnabled is PASSED

2018-05-21 11:30:29 - [TEST_STEP][PASSED] - Statement - If (open_pm): null

2018-05-21 11:30:29 - [TEST_STEP][PASSED] - Statement - out.println("PM Drop down boxes  enabled"): null

2018-05-21 11:30:29 - [TEST_STEP][PASSED] - delay: Delayed 10 second(s)

2018-05-21 11:30:39 - [MESSAGE][PASSED] - Delayed 10 second(s)

2018-05-21 11:30:39 - [TEST_STEP][PASSED] - uiaction.CommonUIActions.click: uiaction.CommonUIActions.click is PASSED

2018-05-21 11:30:39 - [MESSAGE][PASSED] - uiaction.CommonUIActions.click is PASSED

2018-05-21 11:30:39 - [TEST_STEP][PASSED] - uiaction.CommonUIActions.enter: uiaction.CommonUIActions.enter is PASSED

2018-05-21 11:30:39 - [MESSAGE][PASSED] - uiaction.CommonUIActions.enter is PASSED

2018-05-21 11:30:39 - [TEST_STEP][PASSED] - uiaction.CommonUIActions.click: uiaction.CommonUIActions.click is PASSED

2018-05-21 11:30:39 - [MESSAGE][PASSED] - uiaction.CommonUIActions.click is PASSED

2018-05-21 11:30:39 - [TEST_STEP][PASSED] - delay: Delayed 10 second(s)

2018-05-21 11:30:49 - [MESSAGE][PASSED] - Delayed 10 second(s)

2018-05-21 11:30:49 - [TEST_STEP][PASSED] - uiaction.CommonUIActions.click: uiaction.CommonUIActions.click is PASSED

2018-05-21 11:30:49 - [MESSAGE][PASSED] - uiaction.CommonUIActions.click is PASSED

2018-05-21 11:30:49 - [TEST_STEP][PASSED] - uiaction.CommonUIActions.click: uiaction.CommonUIActions.click is PASSED

2018-05-21 11:30:49 - [MESSAGE][PASSED] - uiaction.CommonUIActions.click is PASSED

2018-05-21 11:30:49 - [TEST_STEP][PASSED] - verifyElementPresent: Object 'Object Repository/ReportsPage/advancedoption_am' is present

2018-05-21 11:30:49 - [MESSAGE][PASSED] - Object 'Object Repository/ReportsPage/advancedoption_am' is present

2018-05-21 11:30:49 - [TEST_STEP][PASSED] - verifyElementPresent: Object 'Object Repository/ReportsPage/advanceoptions_pm' is present

2018-05-21 11:30:49 - [MESSAGE][PASSED] - Object 'Object Repository/ReportsPage/advanceoptions_pm' is present

2018-05-21 11:30:49 - [TEST_STEP][PASSED] - Statement - close_am = CustomKeywords.uiaction.CommonUIActions.isEnabled(com.kms.katalon.core.testobject.ObjectRepository.findTestObject(ReportsPage/advancedoption_am)): uiaction.CommonUIActions.isEnabled is PASSED

2018-05-21 11:30:49 - [MESSAGE][PASSED] - uiaction.CommonUIActions.isEnabled is PASSED

2018-05-21 11:30:49 - [TEST_STEP][PASSED] - Statement - If (close_am): null

2018-05-21 11:30:49 - [TEST_STEP][PASSED] - Statement - out.println("AM Drop down boxes  enabled"): null

2018-05-21 11:30:49 - [TEST_STEP][PASSED] - Statement - close_pm = CustomKeywords.uiaction.CommonUIActions.isEnabled(com.kms.katalon.core.testobject.ObjectRepository.findTestObject(ReportsPage/advanceoptions_pm)): uiaction.CommonUIActions.isEnabled is PASSED

2018-05-21 11:30:49 - [MESSAGE][PASSED] - uiaction.CommonUIActions.isEnabled is PASSED

2018-05-21 11:30:49 - [TEST_STEP][PASSED] - Statement - If (close_pm): null

2018-05-21 11:30:49 - [TEST_STEP][PASSED] - Statement - out.println("PM Drop down boxes  enabled"): null

2018-05-21 11:30:49 - [TEST_STEP][PASSED] - delay: Delayed 10 second(s)

2018-05-21 11:30:59 - [MESSAGE][PASSED] - Delayed 10 second(s)

2018-05-21 11:30:59 - [TEST_STEP][PASSED] - uiaction.CommonUIActions.click: uiaction.CommonUIActions.click is PASSED

2018-05-21 11:30:59 - [MESSAGE][PASSED] - uiaction.CommonUIActions.click is PASSED

2018-05-21 11:30:59 - [TEST_STEP][PASSED] - uiaction.CommonUIActions.enter: uiaction.CommonUIActions.enter is PASSED

2018-05-21 11:31:00 - [MESSAGE][PASSED] - uiaction.CommonUIActions.enter is PASSED

2018-05-21 11:31:00 - [TEST_STEP][PASSED] - uiaction.CommonUIActions.click: uiaction.CommonUIActions.click is PASSED

2018-05-21 11:31:00 - [MESSAGE][PASSED] - uiaction.CommonUIActions.click is PASSED

2018-05-21 11:31:00 - [TEST_STEP][PASSED] - delay: Delayed 10 second(s)

2018-05-21 11:31:10 - [MESSAGE][PASSED] - Delayed 10 second(s)

2018-05-21 11:31:10 - [TEST_STEP][PASSED] - click: Object: 'Object Repository/ReportsPage/generateReport' is clicked on

2018-05-21 11:31:10 - [MESSAGE][PASSED] - Object: 'Object Repository/ReportsPage/generateReport' is clicked on

2018-05-21 11:31:10 - [TEST_STEP][PASSED] - delay: Delayed 15 second(s)

2018-05-21 11:31:25 - [MESSAGE][PASSED] - Delayed 15 second(s)

2018-05-21 11:31:25 - [TEST_STEP][PASSED] - Statement - confirmationText = CustomKeywords.projectSpecific.Reusability.getTestData("SummarizedReportPage", "confirmationText"): projectSpecific.Reusability.getTestData is PASSED

2018-05-21 11:31:25 - [MESSAGE][PASSED] - projectSpecific.Reusability.getTestData is PASSED

2018-05-21 11:31:25 - [TEST_STEP][PASSED] - Statement - actualconfirmationText = CustomKeywords.uiaction.CommonUIActions.getText(com.kms.katalon.core.testobject.ObjectRepository.findTestObject(SummarizedReportPage/emailConfirmation)): uiaction.CommonUIActions.getText is PASSED

2018-05-21 11:31:25 - [MESSAGE][PASSED] - uiaction.CommonUIActions.getText is PASSED

2018-05-21 11:31:25 - [TEST_STEP][PASSED] - Statement - confirm = actualconfirmationText.trim().contains(confirmationText.trim()): null

2018-05-21 11:31:25 - [TEST_STEP][PASSED] - Statement - If (confirm): null

2018-05-21 11:31:25 - [TEST_STEP][PASSED] - Statement - out.println("Email Verification received"): null

2018-05-21 11:31:25 - [TEST_STEP][PASSED] - delay: Delayed 10 second(s)

2018-05-21 11:31:35 - [MESSAGE][PASSED] - Delayed 10 second(s)

2018-05-21 11:31:35 - [TEST_STEP][PASSED] - uiaction.CommonUIActions.click: uiaction.CommonUIActions.click is PASSED

2018-05-21 11:31:39 - [MESSAGE][PASSED] - uiaction.CommonUIActions.click is PASSED

2018-05-21 11:31:39 - [TEST_STEP][PASSED] - uiaction.CommonUIActions.click: uiaction.CommonUIActions.click is PASSED

2018-05-21 11:31:53 - [MESSAGE][PASSED] - uiaction.CommonUIActions.click is PASSED

2018-05-21 11:31:53 - [TEST_STEP][PASSED] - uiaction.CommonUIActions.click: uiaction.CommonUIActions.click is PASSED

2018-05-21 11:31:54 - [MESSAGE][PASSED] - uiaction.CommonUIActions.click is PASSED

2018-05-21 11:31:54 - [TEST_STEP][PASSED] - delay: Delayed 10 second(s)

2018-05-21 11:32:04 - [MESSAGE][PASSED] - Delayed 10 second(s)

2018-05-21 11:32:04 - [TEST_STEP][PASSED] - Statement - groupLink = "//span[text()='" + grpName + "']": null

2018-05-21 11:32:04 - [TEST_STEP][PASSED] - Statement - driver.findElement(org.openqa.selenium.By.xpath(groupLink)).click(): null

2018-05-21 11:32:04 - [TEST_STEP][PASSED] - delay: Delayed 10 second(s)

2018-05-21 11:32:14 - [MESSAGE][PASSED] - Delayed 10 second(s)

2018-05-21 11:32:14 - [TEST_STEP][PASSED] - uiaction.CommonUIActions.click: uiaction.CommonUIActions.click is PASSED

2018-05-21 11:32:14 - [MESSAGE][PASSED] - uiaction.CommonUIActions.click is PASSED

2018-05-21 11:32:14 - [TEST_STEP][PASSED] - delay: Delayed 5 second(s)

2018-05-21 11:32:19 - [MESSAGE][PASSED] - Delayed 5 second(s)

2018-05-21 11:32:19 - [TEST_STEP][PASSED] - uiaction.CommonUIActions.click: uiaction.CommonUIActions.click is PASSED

2018-05-21 11:32:19 - [MESSAGE][PASSED] - uiaction.CommonUIActions.click is PASSED

2018-05-21 11:32:19 - [TEST_STEP][PASSED] - delay: Delayed 10 second(s)

2018-05-21 11:32:29 - [MESSAGE][PASSED] - Delayed 10 second(s)

2018-05-21 11:32:29 - [TEST_STEP][PASSED] - Statement - assert TCflag == true: null

2018-05-21 11:32:29 - [TEST_STEP][PASSED] - Start listener action : sampleAfterTestCase: Browser is closed

2018-05-21 11:32:29 - [TEST_STEP][PASSED] - Statement - println(testCaseContext.getTestCaseId()): null

2018-05-21 11:32:29 - [TEST_STEP][PASSED] - Statement - println(testCaseContext.getTestCaseStatus()): null

2018-05-21 11:32:29 - [TEST_STEP][PASSED] - closeBrowser: Browser is closed

2018-05-21 11:32:30 - [MESSAGE][PASSED] - Browser is closed]]></system-out>
         <system-err><![CDATA[]]></system-err>
      </testcase>
      <testcase name="Test Cases/GoalStatisticsTC/HME-Goal Statistics Report-06" classname="Test Cases/GoalStatisticsTC/HME-Goal Statistics Report-06" status="PASSED">
         <system-out><![CDATA[2018-05-21 11:32:30 - [TEST_CASE][PASSED] - Test Cases/GoalStatisticsTC/HME-Goal Statistics Report-06: Browser is closed

2018-05-21 11:32:30 - [TEST_STEP][PASSED] - Start listener action : sampleBeforeTestCase: uiaction.CommonUIActions.deleteAllCookies is PASSED

2018-05-21 11:32:30 - [TEST_STEP][PASSED] - openBrowser: Browser is opened with url: ''

2018-05-21 11:32:32 - [MESSAGE][PASSED] - Browser is opened with url: ''

2018-05-21 11:32:32 - [TEST_STEP][PASSED] - maximizeWindow: Current window maximized

2018-05-21 11:32:33 - [MESSAGE][PASSED] - Current window maximized

2018-05-21 11:32:33 - [TEST_STEP][PASSED] - uiaction.CommonUIActions.deleteAllCookies: uiaction.CommonUIActions.deleteAllCookies is PASSED

2018-05-21 11:32:33 - [MESSAGE][PASSED] - Delete all cookies successfully

2018-05-21 11:32:33 - [MESSAGE][PASSED] - uiaction.CommonUIActions.deleteAllCookies is PASSED

2018-05-21 11:32:33 - [TEST_STEP][PASSED] - Statement - TCflag = true: null

2018-05-21 11:32:33 - [TEST_STEP][PASSED] - Statement - Try: uiaction.CommonUIActions.click is PASSED

2018-05-21 11:32:33 - [TEST_STEP][PASSED] - navigateToUrl: Navigate to 'https://hme-dev-public-cloud-app.azurewebsites.net/' successfully

2018-05-21 11:32:36 - [MESSAGE][PASSED] - Navigate to 'https://hme-dev-public-cloud-app.azurewebsites.net/' successfully

2018-05-21 11:32:36 - [TEST_STEP][PASSED] - projectSpecific.Reusability.login: projectSpecific.Reusability.login is PASSED

2018-05-21 11:32:36 - [MESSAGE][PASSED] - projectSpecific.Reusability.getTestData is PASSED

2018-05-21 11:32:36 - [MESSAGE][PASSED] - projectSpecific.Reusability.getTestData is PASSED

2018-05-21 11:32:36 - [MESSAGE][PASSED] - Text 'selvendrank@nousinfo.com' is set on object 'Object Repository/LoginPage/Username'

2018-05-21 11:32:36 - [MESSAGE][PASSED] - Text 'nous;123' is set on object 'Object Repository/LoginPage/Password'

2018-05-21 11:32:36 - [MESSAGE][PASSED] - Object: 'Object Repository/LoginPage/Login' is clicked on

2018-05-21 11:32:36 - [MESSAGE][PASSED] - projectSpecific.Reusability.login is PASSED

2018-05-21 11:32:36 - [TEST_STEP][PASSED] - delay: Delayed 10 second(s)

2018-05-21 11:32:46 - [MESSAGE][PASSED] - Delayed 10 second(s)

2018-05-21 11:32:46 - [TEST_STEP][PASSED] - uiaction.CommonUIActions.click: uiaction.CommonUIActions.click is PASSED

2018-05-21 11:33:13 - [MESSAGE][PASSED] - uiaction.CommonUIActions.click is PASSED

2018-05-21 11:33:13 - [TEST_STEP][PASSED] - delay: Delayed 10 second(s)

2018-05-21 11:33:23 - [MESSAGE][PASSED] - Delayed 10 second(s)

2018-05-21 11:33:23 - [TEST_STEP][PASSED] - uiaction.CommonUIActions.click: uiaction.CommonUIActions.click is PASSED

2018-05-21 11:33:25 - [MESSAGE][PASSED] - uiaction.CommonUIActions.click is PASSED

2018-05-21 11:33:25 - [TEST_STEP][PASSED] - delay: Delayed 10 second(s)

2018-05-21 11:33:35 - [MESSAGE][PASSED] - Delayed 10 second(s)

2018-05-21 11:33:35 - [TEST_STEP][PASSED] - Statement - storelabel = com.kms.katalon.core.webui.keyword.WebUiBuiltInKeywords.getAttribute(com.kms.katalon.core.testobject.ObjectRepository.findTestObject(StorePage/store_label), "value"): Attribute 'value' of object 'Object Repository/StorePage/store_label' is: 'McDonald5'

2018-05-21 11:33:35 - [MESSAGE][PASSED] - Attribute 'value' of object 'Object Repository/StorePage/store_label' is: 'McDonald5'

2018-05-21 11:33:35 - [TEST_STEP][PASSED] - Statement - storelabel = storelabel.trim(): null

2018-05-21 11:33:35 - [TEST_STEP][PASSED] - uiaction.CommonUIActions.click: uiaction.CommonUIActions.click is PASSED

2018-05-21 11:33:36 - [MESSAGE][PASSED] - uiaction.CommonUIActions.click is PASSED

2018-05-21 11:33:36 - [TEST_STEP][PASSED] - uiaction.CommonUIActions.click: uiaction.CommonUIActions.click is PASSED

2018-05-21 11:33:43 - [MESSAGE][PASSED] - uiaction.CommonUIActions.click is PASSED

2018-05-21 11:33:43 - [TEST_STEP][PASSED] - Statement - storenumber = CustomKeywords.uiaction.CommonUIActions.getText(com.kms.katalon.core.testobject.ObjectRepository.findTestObject(StorePage/storeID)): uiaction.CommonUIActions.getText is PASSED

2018-05-21 11:33:43 - [MESSAGE][PASSED] - uiaction.CommonUIActions.getText is PASSED

2018-05-21 11:33:43 - [TEST_STEP][PASSED] - Statement - storenumber = storenumber.trim(): null

2018-05-21 11:33:43 - [TEST_STEP][PASSED] - Statement - out.println(" the store number is--" + storenumber.trim()): null

2018-05-21 11:33:43 - [TEST_STEP][PASSED] - Statement - driver = com.kms.katalon.core.webui.driver.DriverFactory.getWebDriver(): null

2018-05-21 11:33:43 - [TEST_STEP][PASSED] - delay: Delayed 10 second(s)

2018-05-21 11:33:53 - [MESSAGE][PASSED] - Delayed 10 second(s)

2018-05-21 11:33:53 - [TEST_STEP][PASSED] - uiaction.CommonUIActions.click: uiaction.CommonUIActions.click is PASSED

2018-05-21 11:33:56 - [MESSAGE][PASSED] - uiaction.CommonUIActions.click is PASSED

2018-05-21 11:33:56 - [TEST_STEP][PASSED] - uiaction.CommonUIActions.click: uiaction.CommonUIActions.click is PASSED

2018-05-21 11:34:10 - [MESSAGE][PASSED] - uiaction.CommonUIActions.click is PASSED

2018-05-21 11:34:10 - [TEST_STEP][PASSED] - uiaction.CommonUIActions.click: uiaction.CommonUIActions.click is PASSED

2018-05-21 11:34:14 - [MESSAGE][PASSED] - uiaction.CommonUIActions.click is PASSED

2018-05-21 11:34:14 - [TEST_STEP][PASSED] - uiaction.CommonUIActions.click: uiaction.CommonUIActions.click is PASSED

2018-05-21 11:34:14 - [MESSAGE][PASSED] - uiaction.CommonUIActions.click is PASSED

2018-05-21 11:34:14 - [TEST_STEP][PASSED] - Statement - grpName = "AutomationGrp3": null

2018-05-21 11:34:14 - [TEST_STEP][PASSED] - uiaction.CommonUIActions.enter: uiaction.CommonUIActions.enter is PASSED

2018-05-21 11:34:14 - [MESSAGE][PASSED] - uiaction.CommonUIActions.enter is PASSED

2018-05-21 11:34:14 - [TEST_STEP][PASSED] - uiaction.CommonUIActions.enter: uiaction.CommonUIActions.enter is PASSED

2018-05-21 11:34:14 - [MESSAGE][PASSED] - projectSpecific.Reusability.getTestData is PASSED

2018-05-21 11:34:14 - [MESSAGE][PASSED] - uiaction.CommonUIActions.enter is PASSED

2018-05-21 11:34:14 - [TEST_STEP][PASSED] - delay: Delayed 10 second(s)

2018-05-21 11:34:24 - [MESSAGE][PASSED] - Delayed 10 second(s)

2018-05-21 11:34:24 - [TEST_STEP][PASSED] - Statement - storesLabel = driver.findElements(org.openqa.selenium.By.xpath(com.kms.katalon.core.testdata.TestDataFactory.findTestData(OR_file).getValue(2, 10))): Reading excel file with source file 'C:\Users\shalinin\Katalon Studio\HME_Scripts\Data Files\HME_OR.xlsx' and sheet name 'Sheet1'

2018-05-21 11:34:24 - [TEST_STEP][PASSED] - Statement - groupStoresList = new java.util.ArrayList(): null

2018-05-21 11:34:24 - [TEST_STEP][PASSED] - Statement - out.println(storesLabel.size()): null

2018-05-21 11:34:24 - [TEST_STEP][PASSED] - Statement - size = storesLabel.size(): null

2018-05-21 11:34:24 - [TEST_STEP][PASSED] - Statement - index = 0: null

2018-05-21 11:34:24 - [TEST_STEP][PASSED] - Statement - For ([i = 0, i < size, (i++)]): null

2018-05-21 11:34:24 - [TEST_STEP][PASSED] - Statement - storeLabel = storesLabel.get(i).getText().trim(): null

2018-05-21 11:34:24 - [TEST_STEP][PASSED] - Statement - println(storeLabel): null

2018-05-21 11:34:24 - [TEST_STEP][PASSED] - Statement - If (storeLabel.contains(storelabel)): null

2018-05-21 11:34:24 - [TEST_STEP][PASSED] - Statement - storeLabel = storesLabel.get(i).getText().trim(): null

2018-05-21 11:34:24 - [TEST_STEP][PASSED] - Statement - println(storeLabel): null

2018-05-21 11:34:24 - [TEST_STEP][PASSED] - Statement - If (storeLabel.contains(storelabel)): null

2018-05-21 11:34:24 - [TEST_STEP][PASSED] - Statement - storeLabel = storesLabel.get(i).getText().trim(): null

2018-05-21 11:34:24 - [TEST_STEP][PASSED] - Statement - println(storeLabel): null

2018-05-21 11:34:24 - [TEST_STEP][PASSED] - Statement - If (storeLabel.contains(storelabel)): null

2018-05-21 11:34:24 - [TEST_STEP][PASSED] - Statement - storeLabel = storesLabel.get(i).getText().trim(): null

2018-05-21 11:34:24 - [TEST_STEP][PASSED] - Statement - println(storeLabel): null

2018-05-21 11:34:24 - [TEST_STEP][PASSED] - Statement - If (storeLabel.contains(storelabel)): null

2018-05-21 11:34:24 - [TEST_STEP][PASSED] - Statement - storeLabel = storesLabel.get(i).getText().trim(): null

2018-05-21 11:34:24 - [TEST_STEP][PASSED] - Statement - println(storeLabel): null

2018-05-21 11:34:24 - [TEST_STEP][PASSED] - Statement - If (storeLabel.contains(storelabel)): null

2018-05-21 11:34:24 - [TEST_STEP][PASSED] - Statement - storeLabel = storesLabel.get(i).getText().trim(): null

2018-05-21 11:34:24 - [TEST_STEP][PASSED] - Statement - println(storeLabel): null

2018-05-21 11:34:24 - [TEST_STEP][PASSED] - Statement - If (storeLabel.contains(storelabel)): null

2018-05-21 11:34:24 - [TEST_STEP][PASSED] - Statement - storeLabel = storesLabel.get(i).getText().trim(): null

2018-05-21 11:34:24 - [TEST_STEP][PASSED] - Statement - println(storeLabel): null

2018-05-21 11:34:24 - [TEST_STEP][PASSED] - Statement - If (storeLabel.contains(storelabel)): null

2018-05-21 11:34:24 - [TEST_STEP][PASSED] - Statement - storeLabel = storesLabel.get(i).getText().trim(): null

2018-05-21 11:34:24 - [TEST_STEP][PASSED] - Statement - println(storeLabel): null

2018-05-21 11:34:24 - [TEST_STEP][PASSED] - Statement - If (storeLabel.contains(storelabel)): null

2018-05-21 11:34:24 - [TEST_STEP][PASSED] - Statement - storeLabel = storesLabel.get(i).getText().trim(): null

2018-05-21 11:34:24 - [TEST_STEP][PASSED] - Statement - println(storeLabel): null

2018-05-21 11:34:24 - [TEST_STEP][PASSED] - Statement - If (storeLabel.contains(storelabel)): null

2018-05-21 11:34:24 - [TEST_STEP][PASSED] - Statement - storeLabel = storesLabel.get(i).getText().trim(): null

2018-05-21 11:34:24 - [TEST_STEP][PASSED] - Statement - println(storeLabel): null

2018-05-21 11:34:24 - [TEST_STEP][PASSED] - Statement - If (storeLabel.contains(storelabel)): null

2018-05-21 11:34:24 - [TEST_STEP][PASSED] - Statement - storeLabel = storesLabel.get(i).getText().trim(): null

2018-05-21 11:34:24 - [TEST_STEP][PASSED] - Statement - println(storeLabel): null

2018-05-21 11:34:24 - [TEST_STEP][PASSED] - Statement - If (storeLabel.contains(storelabel)): null

2018-05-21 11:34:24 - [TEST_STEP][PASSED] - Statement - storeLabel = storesLabel.get(i).getText().trim(): null

2018-05-21 11:34:24 - [TEST_STEP][PASSED] - Statement - println(storeLabel): null

2018-05-21 11:34:24 - [TEST_STEP][PASSED] - Statement - If (storeLabel.contains(storelabel)): null

2018-05-21 11:34:24 - [TEST_STEP][PASSED] - Statement - index = i + 1: null

2018-05-21 11:34:24 - [TEST_STEP][PASSED] - Statement - driver.findElement(org.openqa.selenium.By.xpath("(//ul[@class='unlinked-grouplist']/li/label)[" + index + "]")).click(): null

2018-05-21 11:34:24 - [TEST_STEP][PASSED] - Statement - driver.findElement(org.openqa.selenium.By.xpath("//button[contains(text(),'>')]")).click(): null

2018-05-21 11:34:24 - [TEST_STEP][PASSED] - Statement - Break: null

2018-05-21 11:34:24 - [TEST_STEP][PASSED] - delay: Delayed 10 second(s)

2018-05-21 11:34:34 - [MESSAGE][PASSED] - Delayed 10 second(s)

2018-05-21 11:34:34 - [TEST_STEP][PASSED] - uiaction.CommonUIActions.click: uiaction.CommonUIActions.click is PASSED

2018-05-21 11:34:34 - [MESSAGE][PASSED] - uiaction.CommonUIActions.click is PASSED

2018-05-21 11:34:34 - [TEST_STEP][PASSED] - uiaction.CommonUIActions.click: uiaction.CommonUIActions.click is PASSED

2018-05-21 11:34:35 - [MESSAGE][PASSED] - uiaction.CommonUIActions.click is PASSED

2018-05-21 11:34:35 - [TEST_STEP][PASSED] - delay: Delayed 10 second(s)

2018-05-21 11:34:45 - [MESSAGE][PASSED] - Delayed 10 second(s)

2018-05-21 11:34:45 - [TEST_STEP][PASSED] - uiaction.CommonUIActions.back: uiaction.CommonUIActions.back is PASSED

2018-05-21 11:34:45 - [MESSAGE][PASSED] - Navigate back successfully

2018-05-21 11:34:45 - [MESSAGE][PASSED] - uiaction.CommonUIActions.back is PASSED

2018-05-21 11:34:45 - [TEST_STEP][PASSED] - delay: Delayed 5 second(s)

2018-05-21 11:34:50 - [MESSAGE][PASSED] - Delayed 5 second(s)

2018-05-21 11:34:50 - [TEST_STEP][PASSED] - uiaction.CommonUIActions.back: uiaction.CommonUIActions.back is PASSED

2018-05-21 11:34:50 - [MESSAGE][PASSED] - Navigate back successfully

2018-05-21 11:34:50 - [MESSAGE][PASSED] - uiaction.CommonUIActions.back is PASSED

2018-05-21 11:34:50 - [TEST_STEP][PASSED] - delay: Delayed 10 second(s)

2018-05-21 11:35:00 - [MESSAGE][PASSED] - Delayed 10 second(s)

2018-05-21 11:35:00 - [TEST_STEP][PASSED] - uiaction.CommonUIActions.click: uiaction.CommonUIActions.click is PASSED

2018-05-21 11:35:00 - [MESSAGE][PASSED] - uiaction.CommonUIActions.click is PASSED

2018-05-21 11:35:00 - [TEST_STEP][PASSED] - delay: Delayed 10 second(s)

2018-05-21 11:35:10 - [MESSAGE][PASSED] - Delayed 10 second(s)

2018-05-21 11:35:10 - [TEST_STEP][PASSED] - Statement - driver.findElement(org.openqa.selenium.By.xpath("//li/span/span/div/span[@class='StoreTitile'][text()='" + grpName + "']/../../../../span[1]")).click(): null

2018-05-21 11:35:10 - [TEST_STEP][PASSED] - delay: Delayed 5 second(s)

2018-05-21 11:35:15 - [MESSAGE][PASSED] - Delayed 5 second(s)

2018-05-21 11:35:15 - [TEST_STEP][PASSED] - Statement - driver.findElement(org.openqa.selenium.By.xpath("//li/span/span/div/span[@class='StoreTitile'][text()='" + grpName + "']/../../../../span[2]")).click(): null

2018-05-21 11:35:15 - [TEST_STEP][PASSED] - Statement - timemeasureoptions = driver.findElements(org.openqa.selenium.By.xpath("//select[@class='time-measures']/option")): null

2018-05-21 11:35:15 - [TEST_STEP][PASSED] - Statement - timemeasureoption_excel = CustomKeywords.projectSpecific.Reusability.getTestData("ReportsPage", "timemeasureoptions"): projectSpecific.Reusability.getTestData is PASSED

2018-05-21 11:35:15 - [MESSAGE][PASSED] - projectSpecific.Reusability.getTestData is PASSED

2018-05-21 11:35:15 - [TEST_STEP][PASSED] - Statement - timemeasureoption_excelsplit = timemeasureoption_excel.split(","): null

2018-05-21 11:35:15 - [TEST_STEP][PASSED] - Statement - For ([i = 0, i < timemeasureoptions.size(), (i++)]): null

2018-05-21 11:35:15 - [TEST_STEP][PASSED] - Statement - If (timemeasureoptions.get(i).getText() == timemeasureoption_excelsplit[i]): null

2018-05-21 11:35:15 - [TEST_STEP][PASSED] - Statement - out.println("Options are displayed correctly "): null

2018-05-21 11:35:15 - [TEST_STEP][PASSED] - Statement - If (timemeasureoptions.get(i).getText() == timemeasureoption_excelsplit[i]): null

2018-05-21 11:35:15 - [TEST_STEP][PASSED] - Statement - out.println("Options are displayed correctly "): null

2018-05-21 11:35:15 - [TEST_STEP][PASSED] - Statement - If (timemeasureoptions.get(i).getText() == timemeasureoption_excelsplit[i]): null

2018-05-21 11:35:15 - [TEST_STEP][PASSED] - Statement - out.println("Options are displayed correctly "): null

2018-05-21 11:35:15 - [TEST_STEP][PASSED] - Statement - If (timemeasureoptions.get(i).getText() == timemeasureoption_excelsplit[i]): null

2018-05-21 11:35:15 - [TEST_STEP][PASSED] - Statement - out.println("Options are displayed correctly "): null

2018-05-21 11:35:15 - [TEST_STEP][PASSED] - uiaction.CommonUIActions.click: uiaction.CommonUIActions.click is PASSED

2018-05-21 11:35:15 - [MESSAGE][PASSED] - uiaction.CommonUIActions.click is PASSED

2018-05-21 11:35:15 - [TEST_STEP][PASSED] - uiaction.CommonUIActions.click: uiaction.CommonUIActions.click is PASSED

2018-05-21 11:35:15 - [MESSAGE][PASSED] - uiaction.CommonUIActions.click is PASSED

2018-05-21 11:35:15 - [TEST_STEP][PASSED] - delay: Delayed 5 second(s)

2018-05-21 11:35:20 - [MESSAGE][PASSED] - Delayed 5 second(s)

2018-05-21 11:35:20 - [TEST_STEP][PASSED] - click: Object: 'Object Repository/ReportsPage/fromDateSelector' is clicked on

2018-05-21 11:35:20 - [MESSAGE][PASSED] - Object: 'Object Repository/ReportsPage/fromDateSelector' is clicked on

2018-05-21 11:35:20 - [TEST_STEP][PASSED] - delay: Delayed 5 second(s)

2018-05-21 11:35:25 - [MESSAGE][PASSED] - Delayed 5 second(s)

2018-05-21 11:35:25 - [TEST_STEP][PASSED] - Statement - monthText = com.kms.katalon.core.webui.keyword.WebUiBuiltInKeywords.getText(com.kms.katalon.core.testobject.ObjectRepository.findTestObject(ReportsPage/monthText)): Text of object 'Object Repository/ReportsPage/monthText' is: 'May 2018'

2018-05-21 11:35:25 - [MESSAGE][PASSED] - Text of object 'Object Repository/ReportsPage/monthText' is: 'May 2018'

2018-05-21 11:35:25 - [TEST_STEP][PASSED] - Statement - monthTextArray = monthText.split(" "): null

2018-05-21 11:35:25 - [TEST_STEP][PASSED] - Statement - month = monthTextArray[0]: null

2018-05-21 11:35:25 - [TEST_STEP][PASSED] - Statement - monthTextValue = CustomKeywords.projectSpecific.Reusability.getTestData("ReportsPage", "Month_January"): projectSpecific.Reusability.getTestData is PASSED

2018-05-21 11:35:25 - [MESSAGE][PASSED] - projectSpecific.Reusability.getTestData is PASSED

2018-05-21 11:35:25 - [TEST_STEP][PASSED] - Statement - If (!(monthTextValue.equals(month))): null

2018-05-21 11:35:25 - [TEST_STEP][PASSED] - Statement - While (!(monthTextValue.equals(month))): null

2018-05-21 11:35:25 - [TEST_STEP][PASSED] - click: Object: 'Object Repository/ReportsPage/previousDateSelector' is clicked on

2018-05-21 11:35:26 - [MESSAGE][PASSED] - Object: 'Object Repository/ReportsPage/previousDateSelector' is clicked on

2018-05-21 11:35:26 - [TEST_STEP][PASSED] - Statement - monthText = com.kms.katalon.core.webui.keyword.WebUiBuiltInKeywords.getText(com.kms.katalon.core.testobject.ObjectRepository.findTestObject(ReportsPage/monthText)): Text of object 'Object Repository/ReportsPage/monthText' is: 'April 2018'

2018-05-21 11:35:26 - [MESSAGE][PASSED] - Text of object 'Object Repository/ReportsPage/monthText' is: 'April 2018'

2018-05-21 11:35:26 - [TEST_STEP][PASSED] - Statement - monthTextArray = monthText.split(" "): null

2018-05-21 11:35:26 - [TEST_STEP][PASSED] - Statement - month = monthTextArray[0]: null

2018-05-21 11:35:26 - [TEST_STEP][PASSED] - click: Object: 'Object Repository/ReportsPage/previousDateSelector' is clicked on

2018-05-21 11:35:26 - [MESSAGE][PASSED] - Object: 'Object Repository/ReportsPage/previousDateSelector' is clicked on

2018-05-21 11:35:26 - [TEST_STEP][PASSED] - Statement - monthText = com.kms.katalon.core.webui.keyword.WebUiBuiltInKeywords.getText(com.kms.katalon.core.testobject.ObjectRepository.findTestObject(ReportsPage/monthText)): Text of object 'Object Repository/ReportsPage/monthText' is: 'March 2018'

2018-05-21 11:35:26 - [MESSAGE][PASSED] - Text of object 'Object Repository/ReportsPage/monthText' is: 'March 2018'

2018-05-21 11:35:26 - [TEST_STEP][PASSED] - Statement - monthTextArray = monthText.split(" "): null

2018-05-21 11:35:26 - [TEST_STEP][PASSED] - Statement - month = monthTextArray[0]: null

2018-05-21 11:35:26 - [TEST_STEP][PASSED] - click: Object: 'Object Repository/ReportsPage/previousDateSelector' is clicked on

2018-05-21 11:35:26 - [MESSAGE][PASSED] - Object: 'Object Repository/ReportsPage/previousDateSelector' is clicked on

2018-05-21 11:35:26 - [TEST_STEP][PASSED] - Statement - monthText = com.kms.katalon.core.webui.keyword.WebUiBuiltInKeywords.getText(com.kms.katalon.core.testobject.ObjectRepository.findTestObject(ReportsPage/monthText)): Text of object 'Object Repository/ReportsPage/monthText' is: 'February 2018'

2018-05-21 11:35:26 - [MESSAGE][PASSED] - Text of object 'Object Repository/ReportsPage/monthText' is: 'February 2018'

2018-05-21 11:35:26 - [TEST_STEP][PASSED] - Statement - monthTextArray = monthText.split(" "): null

2018-05-21 11:35:26 - [TEST_STEP][PASSED] - Statement - month = monthTextArray[0]: null

2018-05-21 11:35:26 - [TEST_STEP][PASSED] - click: Object: 'Object Repository/ReportsPage/previousDateSelector' is clicked on

2018-05-21 11:35:26 - [MESSAGE][PASSED] - Object: 'Object Repository/ReportsPage/previousDateSelector' is clicked on

2018-05-21 11:35:26 - [TEST_STEP][PASSED] - Statement - monthText = com.kms.katalon.core.webui.keyword.WebUiBuiltInKeywords.getText(com.kms.katalon.core.testobject.ObjectRepository.findTestObject(ReportsPage/monthText)): Text of object 'Object Repository/ReportsPage/monthText' is: 'January 2018'

2018-05-21 11:35:26 - [MESSAGE][PASSED] - Text of object 'Object Repository/ReportsPage/monthText' is: 'January 2018'

2018-05-21 11:35:26 - [TEST_STEP][PASSED] - Statement - monthTextArray = monthText.split(" "): null

2018-05-21 11:35:26 - [TEST_STEP][PASSED] - Statement - month = monthTextArray[0]: null

2018-05-21 11:35:26 - [TEST_STEP][PASSED] - Statement - data = CustomKeywords.projectSpecific.Reusability.getTestData("ReportsPage", "January_StartDate"): projectSpecific.Reusability.getTestData is PASSED

2018-05-21 11:35:26 - [MESSAGE][PASSED] - projectSpecific.Reusability.getTestData is PASSED

2018-05-21 11:35:26 - [TEST_STEP][PASSED] - Statement - startDate = "(//div[@class='rdtPicker']/div/table/tbody/tr/td[text()='" + data + "'])[1]": null

2018-05-21 11:35:26 - [TEST_STEP][PASSED] - Statement - println(startDate): null

2018-05-21 11:35:26 - [TEST_STEP][PASSED] - Statement - startdateEle = driver.findElement(org.openqa.selenium.By.xpath(startDate)): null

2018-05-21 11:35:26 - [TEST_STEP][PASSED] - Statement - startdateEle.click(): null

2018-05-21 11:35:26 - [TEST_STEP][PASSED] - delay: Delayed 5 second(s)

2018-05-21 11:35:31 - [MESSAGE][PASSED] - Delayed 5 second(s)

2018-05-21 11:35:31 - [TEST_STEP][PASSED] - click: Object: 'Object Repository/ReportsPage/toDateSelector' is clicked on

2018-05-21 11:35:31 - [MESSAGE][PASSED] - Object: 'Object Repository/ReportsPage/toDateSelector' is clicked on

2018-05-21 11:35:31 - [TEST_STEP][PASSED] - Statement - monthText = com.kms.katalon.core.webui.keyword.WebUiBuiltInKeywords.getText(com.kms.katalon.core.testobject.ObjectRepository.findTestObject(ReportsPage/monthText2)): Text of object 'Object Repository/ReportsPage/monthText2' is: 'May 2018'

2018-05-21 11:35:31 - [MESSAGE][PASSED] - Text of object 'Object Repository/ReportsPage/monthText2' is: 'May 2018'

2018-05-21 11:35:31 - [TEST_STEP][PASSED] - Statement - monthTextArray = monthText.split(" "): null

2018-05-21 11:35:31 - [TEST_STEP][PASSED] - Statement - month = monthTextArray[0]: null

2018-05-21 11:35:31 - [TEST_STEP][PASSED] - Statement - monthTextValue1 = CustomKeywords.projectSpecific.Reusability.getTestData("ReportsPage", "Month_January"): projectSpecific.Reusability.getTestData is PASSED

2018-05-21 11:35:31 - [MESSAGE][PASSED] - projectSpecific.Reusability.getTestData is PASSED

2018-05-21 11:35:31 - [TEST_STEP][PASSED] - Statement - If (!(monthTextValue1.equals(month))): null

2018-05-21 11:35:31 - [TEST_STEP][PASSED] - Statement - While (!(monthTextValue1.equals(month))): null

2018-05-21 11:35:31 - [TEST_STEP][PASSED] - click: Object: 'Object Repository/ReportsPage/previousDateSelector2' is clicked on

2018-05-21 11:35:31 - [MESSAGE][PASSED] - Object: 'Object Repository/ReportsPage/previousDateSelector2' is clicked on

2018-05-21 11:35:31 - [TEST_STEP][PASSED] - Statement - monthText = com.kms.katalon.core.webui.keyword.WebUiBuiltInKeywords.getText(com.kms.katalon.core.testobject.ObjectRepository.findTestObject(ReportsPage/monthText2)): Text of object 'Object Repository/ReportsPage/monthText2' is: 'April 2018'

2018-05-21 11:35:31 - [MESSAGE][PASSED] - Text of object 'Object Repository/ReportsPage/monthText2' is: 'April 2018'

2018-05-21 11:35:31 - [TEST_STEP][PASSED] - Statement - monthTextArray = monthText.split(" "): null

2018-05-21 11:35:31 - [TEST_STEP][PASSED] - Statement - month = monthTextArray[0]: null

2018-05-21 11:35:31 - [TEST_STEP][PASSED] - click: Object: 'Object Repository/ReportsPage/previousDateSelector2' is clicked on

2018-05-21 11:35:31 - [MESSAGE][PASSED] - Object: 'Object Repository/ReportsPage/previousDateSelector2' is clicked on

2018-05-21 11:35:31 - [TEST_STEP][PASSED] - Statement - monthText = com.kms.katalon.core.webui.keyword.WebUiBuiltInKeywords.getText(com.kms.katalon.core.testobject.ObjectRepository.findTestObject(ReportsPage/monthText2)): Text of object 'Object Repository/ReportsPage/monthText2' is: 'March 2018'

2018-05-21 11:35:31 - [MESSAGE][PASSED] - Text of object 'Object Repository/ReportsPage/monthText2' is: 'March 2018'

2018-05-21 11:35:31 - [TEST_STEP][PASSED] - Statement - monthTextArray = monthText.split(" "): null

2018-05-21 11:35:31 - [TEST_STEP][PASSED] - Statement - month = monthTextArray[0]: null

2018-05-21 11:35:31 - [TEST_STEP][PASSED] - click: Object: 'Object Repository/ReportsPage/previousDateSelector2' is clicked on

2018-05-21 11:35:31 - [MESSAGE][PASSED] - Object: 'Object Repository/ReportsPage/previousDateSelector2' is clicked on

2018-05-21 11:35:31 - [TEST_STEP][PASSED] - Statement - monthText = com.kms.katalon.core.webui.keyword.WebUiBuiltInKeywords.getText(com.kms.katalon.core.testobject.ObjectRepository.findTestObject(ReportsPage/monthText2)): Text of object 'Object Repository/ReportsPage/monthText2' is: 'February 2018'

2018-05-21 11:35:31 - [MESSAGE][PASSED] - Text of object 'Object Repository/ReportsPage/monthText2' is: 'February 2018'

2018-05-21 11:35:31 - [TEST_STEP][PASSED] - Statement - monthTextArray = monthText.split(" "): null

2018-05-21 11:35:31 - [TEST_STEP][PASSED] - Statement - month = monthTextArray[0]: null

2018-05-21 11:35:31 - [TEST_STEP][PASSED] - click: Object: 'Object Repository/ReportsPage/previousDateSelector2' is clicked on

2018-05-21 11:35:31 - [MESSAGE][PASSED] - Object: 'Object Repository/ReportsPage/previousDateSelector2' is clicked on

2018-05-21 11:35:31 - [TEST_STEP][PASSED] - Statement - monthText = com.kms.katalon.core.webui.keyword.WebUiBuiltInKeywords.getText(com.kms.katalon.core.testobject.ObjectRepository.findTestObject(ReportsPage/monthText2)): Text of object 'Object Repository/ReportsPage/monthText2' is: 'January 2018'

2018-05-21 11:35:31 - [MESSAGE][PASSED] - Text of object 'Object Repository/ReportsPage/monthText2' is: 'January 2018'

2018-05-21 11:35:31 - [TEST_STEP][PASSED] - Statement - monthTextArray = monthText.split(" "): null

2018-05-21 11:35:31 - [TEST_STEP][PASSED] - Statement - month = monthTextArray[0]: null

2018-05-21 11:35:31 - [TEST_STEP][PASSED] - Statement - endDate = CustomKeywords.projectSpecific.Reusability.getTestData("ReportsPage", "January_EndDate2"): projectSpecific.Reusability.getTestData is PASSED

2018-05-21 11:35:31 - [MESSAGE][PASSED] - projectSpecific.Reusability.getTestData is PASSED

2018-05-21 11:35:31 - [TEST_STEP][PASSED] - Statement - toDate = "(//div[@class='rdt date-time rdtOpen']/div[@class='rdtPicker']/div/table/tbody/tr/td[text()='" + endDate + "'])[1]": null

2018-05-21 11:35:31 - [TEST_STEP][PASSED] - Statement - println(toDate): null

2018-05-21 11:35:31 - [TEST_STEP][PASSED] - Statement - toDateEle = driver.findElement(org.openqa.selenium.By.xpath(toDate)): null

2018-05-21 11:35:31 - [TEST_STEP][PASSED] - Statement - toDateEle.click(): null

2018-05-21 11:35:31 - [TEST_STEP][PASSED] - delay: Delayed 5 second(s)

2018-05-21 11:35:36 - [MESSAGE][PASSED] - Delayed 5 second(s)

2018-05-21 11:35:36 - [TEST_STEP][PASSED] - Statement - dateAttr = com.kms.katalon.core.webui.keyword.WebUiBuiltInKeywords.getAttribute(com.kms.katalon.core.testobject.ObjectRepository.findTestObject(ReportsPage/selectedDate1), "value"): Attribute 'value' of object 'Object Repository/ReportsPage/selectedDate1' is: '01/01/2018'

2018-05-21 11:35:36 - [MESSAGE][PASSED] - Attribute 'value' of object 'Object Repository/ReportsPage/selectedDate1' is: '01/01/2018'

2018-05-21 11:35:36 - [TEST_STEP][PASSED] - Statement - fromDateValue = CustomKeywords.projectSpecific.Reusability.getTestData("ReportsPage", "fromDate_January1"): projectSpecific.Reusability.getTestData is PASSED

2018-05-21 11:35:36 - [MESSAGE][PASSED] - projectSpecific.Reusability.getTestData is PASSED

2018-05-21 11:35:36 - [TEST_STEP][PASSED] - Statement - If (!(dateAttr.equals(fromDateValue))): null

2018-05-21 11:35:36 - [TEST_STEP][PASSED] - Statement - dateAttr = com.kms.katalon.core.webui.keyword.WebUiBuiltInKeywords.getAttribute(com.kms.katalon.core.testobject.ObjectRepository.findTestObject(ReportsPage/selectedDate2), "value"): Attribute 'value' of object 'Object Repository/ReportsPage/selectedDate2' is: '01/02/2018'

2018-05-21 11:35:36 - [MESSAGE][PASSED] - Attribute 'value' of object 'Object Repository/ReportsPage/selectedDate2' is: '01/02/2018'

2018-05-21 11:35:36 - [TEST_STEP][PASSED] - Statement - toDateValue = CustomKeywords.projectSpecific.Reusability.getTestData("ReportsPage", "toDate_January1"): projectSpecific.Reusability.getTestData is PASSED

2018-05-21 11:35:36 - [MESSAGE][PASSED] - projectSpecific.Reusability.getTestData is PASSED

2018-05-21 11:35:36 - [TEST_STEP][PASSED] - Statement - If (!(dateAttr.equals(toDateValue))): null

2018-05-21 11:35:36 - [TEST_STEP][PASSED] - delay: Delayed 10 second(s)

2018-05-21 11:35:46 - [MESSAGE][PASSED] - Delayed 10 second(s)

2018-05-21 11:35:46 - [TEST_STEP][PASSED] - verifyElementPresent: Object 'Object Repository/ReportsPage/longestTimeOption' is present

2018-05-21 11:35:46 - [MESSAGE][PASSED] - Object 'Object Repository/ReportsPage/longestTimeOption' is present

2018-05-21 11:35:46 - [TEST_STEP][PASSED] - verifyElementPresent: Object 'Object Repository/ReportsPage/systemStatisticsOption' is present

2018-05-21 11:35:46 - [MESSAGE][PASSED] - Object 'Object Repository/ReportsPage/systemStatisticsOption' is present

2018-05-21 11:35:46 - [TEST_STEP][PASSED] - uiaction.CommonUIActions.click: uiaction.CommonUIActions.click is PASSED

2018-05-21 11:35:47 - [MESSAGE][PASSED] - uiaction.CommonUIActions.click is PASSED

2018-05-21 11:35:47 - [TEST_STEP][PASSED] - delay: Delayed 5 second(s)

2018-05-21 11:35:52 - [MESSAGE][PASSED] - Delayed 5 second(s)

2018-05-21 11:35:52 - [TEST_STEP][PASSED] - click: Object: 'Object Repository/ReportsPage/generateReport' is clicked on

2018-05-21 11:35:52 - [MESSAGE][PASSED] - Object: 'Object Repository/ReportsPage/generateReport' is clicked on

2018-05-21 11:35:52 - [TEST_STEP][PASSED] - delay: Delayed 15 second(s)

2018-05-21 11:36:07 - [MESSAGE][PASSED] - Delayed 15 second(s)

2018-05-21 11:36:07 - [TEST_STEP][PASSED] - Statement - goalStatisticsList = driver.findElements(org.openqa.selenium.By.xpath(com.kms.katalon.core.testdata.TestDataFactory.findTestData(OR_file).getValue(2, 17))): Reading excel file with source file 'C:\Users\shalinin\Katalon Studio\HME_Scripts\Data Files\HME_OR.xlsx' and sheet name 'Sheet1'

2018-05-21 11:36:07 - [TEST_STEP][PASSED] - Statement - groupSize = goalStatisticsList.size(): null

2018-05-21 11:36:07 - [TEST_STEP][PASSED] - Statement - actualgroupList = new java.util.ArrayList(): null

2018-05-21 11:36:07 - [TEST_STEP][PASSED] - Statement - For ([i = 0, i < groupSize, (i++)]): null

2018-05-21 11:36:07 - [TEST_STEP][PASSED] - Statement - goalStatisticsdata = CustomKeywords.projectSpecific.Reusability.getTestData("ReportsPage", "goalStatisticsData"): projectSpecific.Reusability.getTestData is PASSED

2018-05-21 11:36:07 - [MESSAGE][PASSED] - projectSpecific.Reusability.getTestData is PASSED

2018-05-21 11:36:07 - [TEST_STEP][PASSED] - Statement - goalStatisticsdataArray = goalStatisticsdata.split(","): null

2018-05-21 11:36:07 - [TEST_STEP][PASSED] - Statement - goalStatisticsdataList = new java.util.ArrayList(java.util.Arrays.asList(goalStatisticsdataArray)): null

2018-05-21 11:36:07 - [TEST_STEP][PASSED] - Statement - goalStatisticsdataList.unique(): null

2018-05-21 11:36:07 - [TEST_STEP][PASSED] - Statement - out.println(goalStatisticsdataList): null

2018-05-21 11:36:07 - [TEST_STEP][PASSED] - Statement - matchFound = true: null

2018-05-21 11:36:07 - [TEST_STEP][PASSED] - Statement - For ([j = 0, j < actualgroupList.size(), (j++)]): null

2018-05-21 11:36:07 - [TEST_STEP][PASSED] - Statement - If (matchFound): null

2018-05-21 11:36:07 - [TEST_STEP][PASSED] - Statement - out.println("GoalStatistics Columns are verified"): null

2018-05-21 11:36:07 - [TEST_STEP][PASSED] - delay: Delayed 10 second(s)

2018-05-21 11:36:17 - [MESSAGE][PASSED] - Delayed 10 second(s)

2018-05-21 11:36:17 - [TEST_STEP][PASSED] - uiaction.CommonUIActions.click: uiaction.CommonUIActions.click is PASSED

2018-05-21 11:36:21 - [MESSAGE][PASSED] - uiaction.CommonUIActions.click is PASSED

2018-05-21 11:36:21 - [TEST_STEP][PASSED] - uiaction.CommonUIActions.click: uiaction.CommonUIActions.click is PASSED

2018-05-21 11:36:34 - [MESSAGE][PASSED] - uiaction.CommonUIActions.click is PASSED

2018-05-21 11:36:34 - [TEST_STEP][PASSED] - uiaction.CommonUIActions.click: uiaction.CommonUIActions.click is PASSED

2018-05-21 11:36:34 - [MESSAGE][PASSED] - uiaction.CommonUIActions.click is PASSED

2018-05-21 11:36:34 - [TEST_STEP][PASSED] - delay: Delayed 10 second(s)

2018-05-21 11:36:44 - [MESSAGE][PASSED] - Delayed 10 second(s)

2018-05-21 11:36:44 - [TEST_STEP][PASSED] - delay: Delayed 10 second(s)

2018-05-21 11:36:54 - [MESSAGE][PASSED] - Delayed 10 second(s)

2018-05-21 11:36:54 - [TEST_STEP][PASSED] - Statement - groupLink = "//span[text()='" + grpName + "']": null

2018-05-21 11:36:54 - [TEST_STEP][PASSED] - Statement - driver.findElement(org.openqa.selenium.By.xpath(groupLink)).click(): null

2018-05-21 11:36:54 - [TEST_STEP][PASSED] - delay: Delayed 10 second(s)

2018-05-21 11:37:04 - [MESSAGE][PASSED] - Delayed 10 second(s)

2018-05-21 11:37:04 - [TEST_STEP][PASSED] - uiaction.CommonUIActions.click: uiaction.CommonUIActions.click is PASSED

2018-05-21 11:37:04 - [MESSAGE][PASSED] - uiaction.CommonUIActions.click is PASSED

2018-05-21 11:37:04 - [TEST_STEP][PASSED] - delay: Delayed 10 second(s)

2018-05-21 11:37:14 - [MESSAGE][PASSED] - Delayed 10 second(s)

2018-05-21 11:37:14 - [TEST_STEP][PASSED] - uiaction.CommonUIActions.click: uiaction.CommonUIActions.click is PASSED

2018-05-21 11:37:14 - [MESSAGE][PASSED] - uiaction.CommonUIActions.click is PASSED

2018-05-21 11:37:14 - [TEST_STEP][PASSED] - Statement - assert TCflag == true: null

2018-05-21 11:37:14 - [TEST_STEP][PASSED] - Start listener action : sampleAfterTestCase: Browser is closed

2018-05-21 11:37:14 - [TEST_STEP][PASSED] - Statement - println(testCaseContext.getTestCaseId()): null

2018-05-21 11:37:14 - [TEST_STEP][PASSED] - Statement - println(testCaseContext.getTestCaseStatus()): null

2018-05-21 11:37:14 - [TEST_STEP][PASSED] - closeBrowser: Browser is closed

2018-05-21 11:37:15 - [MESSAGE][PASSED] - Browser is closed]]></system-out>
         <system-err><![CDATA[]]></system-err>
      </testcase>
      <testcase name="Test Cases/GoalStatisticsTC/HME-Goal Statistics Report-9" classname="Test Cases/GoalStatisticsTC/HME-Goal Statistics Report-9" status="PASSED">
         <system-out><![CDATA[2018-05-21 11:37:15 - [TEST_CASE][PASSED] - Test Cases/GoalStatisticsTC/HME-Goal Statistics Report-9: Browser is closed

2018-05-21 11:37:15 - [TEST_STEP][PASSED] - Start listener action : sampleBeforeTestCase: uiaction.CommonUIActions.deleteAllCookies is PASSED

2018-05-21 11:37:15 - [TEST_STEP][PASSED] - openBrowser: Browser is opened with url: ''

2018-05-21 11:37:18 - [MESSAGE][PASSED] - Browser is opened with url: ''

2018-05-21 11:37:18 - [TEST_STEP][PASSED] - maximizeWindow: Current window maximized

2018-05-21 11:37:19 - [MESSAGE][PASSED] - Current window maximized

2018-05-21 11:37:19 - [TEST_STEP][PASSED] - uiaction.CommonUIActions.deleteAllCookies: uiaction.CommonUIActions.deleteAllCookies is PASSED

2018-05-21 11:37:19 - [MESSAGE][PASSED] - Delete all cookies successfully

2018-05-21 11:37:19 - [MESSAGE][PASSED] - uiaction.CommonUIActions.deleteAllCookies is PASSED

2018-05-21 11:37:19 - [TEST_STEP][PASSED] - Statement - TCflag = true: null

2018-05-21 11:37:19 - [TEST_STEP][PASSED] - Statement - Try: uiaction.CommonUIActions.click is PASSED

2018-05-21 11:37:19 - [TEST_STEP][PASSED] - navigateToUrl: Navigate to 'https://hme-dev-public-cloud-app.azurewebsites.net/' successfully

2018-05-21 11:37:22 - [MESSAGE][PASSED] - Navigate to 'https://hme-dev-public-cloud-app.azurewebsites.net/' successfully

2018-05-21 11:37:22 - [TEST_STEP][PASSED] - projectSpecific.Reusability.login: projectSpecific.Reusability.login is PASSED

2018-05-21 11:37:22 - [MESSAGE][PASSED] - projectSpecific.Reusability.getTestData is PASSED

2018-05-21 11:37:22 - [MESSAGE][PASSED] - projectSpecific.Reusability.getTestData is PASSED

2018-05-21 11:37:22 - [MESSAGE][PASSED] - Text 'selvendrank@nousinfo.com' is set on object 'Object Repository/LoginPage/Username'

2018-05-21 11:37:22 - [MESSAGE][PASSED] - Text 'nous;123' is set on object 'Object Repository/LoginPage/Password'

2018-05-21 11:37:22 - [MESSAGE][PASSED] - Object: 'Object Repository/LoginPage/Login' is clicked on

2018-05-21 11:37:22 - [MESSAGE][PASSED] - projectSpecific.Reusability.login is PASSED

2018-05-21 11:37:22 - [TEST_STEP][PASSED] - delay: Delayed 10 second(s)

2018-05-21 11:37:32 - [MESSAGE][PASSED] - Delayed 10 second(s)

2018-05-21 11:37:32 - [TEST_STEP][PASSED] - uiaction.CommonUIActions.click: uiaction.CommonUIActions.click is PASSED

2018-05-21 11:37:56 - [MESSAGE][PASSED] - uiaction.CommonUIActions.click is PASSED

2018-05-21 11:37:56 - [TEST_STEP][PASSED] - uiaction.CommonUIActions.click: uiaction.CommonUIActions.click is PASSED

2018-05-21 11:37:58 - [MESSAGE][PASSED] - uiaction.CommonUIActions.click is PASSED

2018-05-21 11:37:58 - [TEST_STEP][PASSED] - Statement - storelabel = com.kms.katalon.core.webui.keyword.WebUiBuiltInKeywords.getAttribute(com.kms.katalon.core.testobject.ObjectRepository.findTestObject(StorePage/storeName), "value"): Attribute 'value' of object 'Object Repository/StorePage/storeName' is: 'McDonald3'

2018-05-21 11:37:58 - [MESSAGE][PASSED] - Attribute 'value' of object 'Object Repository/StorePage/storeName' is: 'McDonald3'

2018-05-21 11:37:58 - [TEST_STEP][PASSED] - Statement - storelabel = storelabel.trim(): null

2018-05-21 11:37:58 - [TEST_STEP][PASSED] - Statement - out.println(" the storename is--" + storelabel.trim()): null

2018-05-21 11:37:58 - [TEST_STEP][PASSED] - delay: Delayed 5 second(s)

2018-05-21 11:38:03 - [MESSAGE][PASSED] - Delayed 5 second(s)

2018-05-21 11:38:03 - [TEST_STEP][PASSED] - uiaction.CommonUIActions.click: uiaction.CommonUIActions.click is PASSED

2018-05-21 11:38:03 - [MESSAGE][PASSED] - uiaction.CommonUIActions.click is PASSED

2018-05-21 11:38:03 - [TEST_STEP][PASSED] - uiaction.CommonUIActions.click: uiaction.CommonUIActions.click is PASSED

2018-05-21 11:38:11 - [MESSAGE][PASSED] - uiaction.CommonUIActions.click is PASSED

2018-05-21 11:38:11 - [TEST_STEP][PASSED] - Statement - storenumber = CustomKeywords.uiaction.CommonUIActions.getText(com.kms.katalon.core.testobject.ObjectRepository.findTestObject(StorePage/storeID)): uiaction.CommonUIActions.getText is PASSED

2018-05-21 11:38:11 - [MESSAGE][PASSED] - uiaction.CommonUIActions.getText is PASSED

2018-05-21 11:38:11 - [TEST_STEP][PASSED] - Statement - out.println(" the store number is--" + storenumber.trim()): null

2018-05-21 11:38:11 - [TEST_STEP][PASSED] - uiaction.CommonUIActions.click: uiaction.CommonUIActions.click is PASSED

2018-05-21 11:38:13 - [MESSAGE][PASSED] - uiaction.CommonUIActions.click is PASSED

2018-05-21 11:38:13 - [TEST_STEP][PASSED] - verifyElementPresent: Object 'Object Repository/SummarizedReportPage/SummaryReportheader' is present

2018-05-21 11:38:13 - [MESSAGE][PASSED] - Object 'Object Repository/SummarizedReportPage/SummaryReportheader' is present

2018-05-21 11:38:13 - [TEST_STEP][PASSED] - Statement - println("Summary Reports screen will be displayed"): null

2018-05-21 11:38:13 - [TEST_STEP][PASSED] - uiaction.CommonUIActions.click: uiaction.CommonUIActions.click is PASSED

2018-05-21 11:38:15 - [MESSAGE][PASSED] - uiaction.CommonUIActions.click is PASSED

2018-05-21 11:38:15 - [TEST_STEP][PASSED] - uiaction.CommonUIActions.click: uiaction.CommonUIActions.click is PASSED

2018-05-21 11:38:27 - [MESSAGE][PASSED] - uiaction.CommonUIActions.click is PASSED

2018-05-21 11:38:27 - [TEST_STEP][PASSED] - uiaction.CommonUIActions.click: uiaction.CommonUIActions.click is PASSED

2018-05-21 11:38:29 - [MESSAGE][PASSED] - uiaction.CommonUIActions.click is PASSED

2018-05-21 11:38:29 - [TEST_STEP][PASSED] - uiaction.CommonUIActions.click: uiaction.CommonUIActions.click is PASSED

2018-05-21 11:38:29 - [MESSAGE][PASSED] - uiaction.CommonUIActions.click is PASSED

2018-05-21 11:38:29 - [TEST_STEP][PASSED] - uiaction.CommonUIActions.enter: uiaction.CommonUIActions.enter is PASSED

2018-05-21 11:38:29 - [MESSAGE][PASSED] - projectSpecific.Reusability.getTestData is PASSED

2018-05-21 11:38:29 - [MESSAGE][PASSED] - uiaction.CommonUIActions.enter is PASSED

2018-05-21 11:38:29 - [TEST_STEP][PASSED] - uiaction.CommonUIActions.enter: uiaction.CommonUIActions.enter is PASSED

2018-05-21 11:38:29 - [MESSAGE][PASSED] - projectSpecific.Reusability.getTestData is PASSED

2018-05-21 11:38:30 - [MESSAGE][PASSED] - uiaction.CommonUIActions.enter is PASSED

2018-05-21 11:38:30 - [TEST_STEP][PASSED] - Statement - groupmain = CustomKeywords.projectSpecific.Reusability.getTestData("ReportingGroupManagementPage", "Summarygrp"): projectSpecific.Reusability.getTestData is PASSED

2018-05-21 11:38:30 - [MESSAGE][PASSED] - projectSpecific.Reusability.getTestData is PASSED

2018-05-21 11:38:30 - [TEST_STEP][PASSED] - delay: Delayed 10 second(s)

2018-05-21 11:38:40 - [MESSAGE][PASSED] - Delayed 10 second(s)

2018-05-21 11:38:40 - [TEST_STEP][PASSED] - Statement - driver = com.kms.katalon.core.webui.driver.DriverFactory.getWebDriver(): null

2018-05-21 11:38:40 - [TEST_STEP][PASSED] - Statement - grouplist = driver.findElements(org.openqa.selenium.By.xpath("//ul[@class='unlinked-grouplist']/li")): null

2018-05-21 11:38:40 - [TEST_STEP][PASSED] - delay: Delayed 10 second(s)

2018-05-21 11:38:50 - [MESSAGE][PASSED] - Delayed 10 second(s)

2018-05-21 11:38:50 - [TEST_STEP][PASSED] - Statement - For ([i = 0, i < grouplist.size(), (i++)]): null

2018-05-21 11:38:50 - [TEST_STEP][PASSED] - Statement - println(grouplist.get(i).getText()): null

2018-05-21 11:38:50 - [TEST_STEP][PASSED] - Statement - If (grouplist.get(i).getText().contains(storelabel.trim())): null

2018-05-21 11:38:50 - [TEST_STEP][PASSED] - Statement - println(grouplist.get(i).getText()): null

2018-05-21 11:38:50 - [TEST_STEP][PASSED] - Statement - If (grouplist.get(i).getText().contains(storelabel.trim())): null

2018-05-21 11:38:50 - [TEST_STEP][PASSED] - Statement - println(grouplist.get(i).getText()): null

2018-05-21 11:38:50 - [TEST_STEP][PASSED] - Statement - If (grouplist.get(i).getText().contains(storelabel.trim())): null

2018-05-21 11:38:50 - [TEST_STEP][PASSED] - Statement - println(grouplist.get(i).getText()): null

2018-05-21 11:38:50 - [TEST_STEP][PASSED] - Statement - If (grouplist.get(i).getText().contains(storelabel.trim())): null

2018-05-21 11:38:50 - [TEST_STEP][PASSED] - Statement - println(grouplist.get(i).getText()): null

2018-05-21 11:38:50 - [TEST_STEP][PASSED] - Statement - If (grouplist.get(i).getText().contains(storelabel.trim())): null

2018-05-21 11:38:50 - [TEST_STEP][PASSED] - Statement - println(grouplist.get(i).getText()): null

2018-05-21 11:38:50 - [TEST_STEP][PASSED] - Statement - If (grouplist.get(i).getText().contains(storelabel.trim())): null

2018-05-21 11:38:50 - [TEST_STEP][PASSED] - Statement - println(grouplist.get(i).getText()): null

2018-05-21 11:38:50 - [TEST_STEP][PASSED] - Statement - If (grouplist.get(i).getText().contains(storelabel.trim())): null

2018-05-21 11:38:50 - [TEST_STEP][PASSED] - Statement - println(grouplist.get(i).getText()): null

2018-05-21 11:38:50 - [TEST_STEP][PASSED] - Statement - If (grouplist.get(i).getText().contains(storelabel.trim())): null

2018-05-21 11:38:50 - [TEST_STEP][PASSED] - Statement - println(grouplist.get(i).getText()): null

2018-05-21 11:38:50 - [TEST_STEP][PASSED] - Statement - If (grouplist.get(i).getText().contains(storelabel.trim())): null

2018-05-21 11:38:50 - [TEST_STEP][PASSED] - Statement - println(grouplist.get(i).getText()): null

2018-05-21 11:38:50 - [TEST_STEP][PASSED] - Statement - If (grouplist.get(i).getText().contains(storelabel.trim())): null

2018-05-21 11:38:50 - [TEST_STEP][PASSED] - Statement - println(grouplist.get(i).getText()): null

2018-05-21 11:38:50 - [TEST_STEP][PASSED] - Statement - If (grouplist.get(i).getText().contains(storelabel.trim())): null

2018-05-21 11:38:50 - [TEST_STEP][PASSED] - Statement - driver.findElement(org.openqa.selenium.By.xpath("(//ul[@class='unlinked-grouplist']/li/label)[" + i + 1 + "]")).click(): null

2018-05-21 11:38:50 - [TEST_STEP][PASSED] - Statement - driver.findElement(org.openqa.selenium.By.xpath("//button[contains(text(),'>')]")).click(): null

2018-05-21 11:38:50 - [TEST_STEP][PASSED] - Statement - Break: null

2018-05-21 11:38:50 - [TEST_STEP][PASSED] - delay: Delayed 10 second(s)

2018-05-21 11:39:00 - [MESSAGE][PASSED] - Delayed 10 second(s)

2018-05-21 11:39:00 - [TEST_STEP][PASSED] - uiaction.CommonUIActions.click: uiaction.CommonUIActions.click is PASSED

2018-05-21 11:39:00 - [MESSAGE][PASSED] - uiaction.CommonUIActions.click is PASSED

2018-05-21 11:39:00 - [TEST_STEP][PASSED] - uiaction.CommonUIActions.click: uiaction.CommonUIActions.click is PASSED

2018-05-21 11:39:00 - [MESSAGE][PASSED] - uiaction.CommonUIActions.click is PASSED

2018-05-21 11:39:00 - [TEST_STEP][PASSED] - delay: Delayed 10 second(s)

2018-05-21 11:39:10 - [MESSAGE][PASSED] - Delayed 10 second(s)

2018-05-21 11:39:10 - [TEST_STEP][PASSED] - uiaction.CommonUIActions.click: uiaction.CommonUIActions.click is PASSED

2018-05-21 11:39:10 - [MESSAGE][PASSED] - uiaction.CommonUIActions.click is PASSED

2018-05-21 11:39:10 - [TEST_STEP][PASSED] - delay: Delayed 10 second(s)

2018-05-21 11:39:20 - [MESSAGE][PASSED] - Delayed 10 second(s)

2018-05-21 11:39:20 - [TEST_STEP][PASSED] - Statement - driver.findElement(org.openqa.selenium.By.xpath("//span[contains(text(),'" + groupmain + "')]/../../../../span[1]")).click(): null

2018-05-21 11:39:20 - [TEST_STEP][PASSED] - delay: Delayed 4 second(s)

2018-05-21 11:39:24 - [MESSAGE][PASSED] - Delayed 4 second(s)

2018-05-21 11:39:24 - [TEST_STEP][PASSED] - uiaction.CommonUIActions.click: uiaction.CommonUIActions.click is PASSED

2018-05-21 11:39:25 - [MESSAGE][PASSED] - uiaction.CommonUIActions.click is PASSED

2018-05-21 11:39:25 - [TEST_STEP][PASSED] - Statement - storesCheckBoxList = driver.findElements(org.openqa.selenium.By.xpath(com.kms.katalon.core.testdata.TestDataFactory.findTestData(OR_file).getValue(2, 4))): Reading excel file with source file 'C:\Users\shalinin\Katalon Studio\HME_Scripts\Data Files\HME_OR.xlsx' and sheet name 'Sheet1'

2018-05-21 11:39:25 - [TEST_STEP][PASSED] - Statement - storesCheckBoxListChecked = driver.findElements(org.openqa.selenium.By.xpath(com.kms.katalon.core.testdata.TestDataFactory.findTestData(OR_file).getValue(2, 14))): Reading excel file with source file 'C:\Users\shalinin\Katalon Studio\HME_Scripts\Data Files\HME_OR.xlsx' and sheet name 'Sheet1'

2018-05-21 11:39:25 - [TEST_STEP][PASSED] - Statement - If (storesCheckBoxList.size() == storesCheckBoxListChecked.size()): null

2018-05-21 11:39:25 - [TEST_STEP][PASSED] - Statement - out.println("All Store checkboxes are checked after selecting SelectAll button"): null

2018-05-21 11:39:25 - [TEST_STEP][PASSED] - delay: Delayed 4 second(s)

2018-05-21 11:39:29 - [MESSAGE][PASSED] - Delayed 4 second(s)

2018-05-21 11:39:29 - [TEST_STEP][PASSED] - uiaction.CommonUIActions.click: uiaction.CommonUIActions.click is PASSED

2018-05-21 11:39:29 - [MESSAGE][PASSED] - uiaction.CommonUIActions.click is PASSED

2018-05-21 11:39:29 - [TEST_STEP][PASSED] - delay: Delayed 4 second(s)

2018-05-21 11:39:33 - [MESSAGE][PASSED] - Delayed 4 second(s)

2018-05-21 11:39:33 - [TEST_STEP][PASSED] - Statement - driver.findElement(org.openqa.selenium.By.xpath("//span[contains(text(),'" + groupmain + "')]/../../../../span[2]")).click(): null

2018-05-21 11:39:33 - [TEST_STEP][PASSED] - Statement - timemeasureoptions = driver.findElements(org.openqa.selenium.By.xpath("//select[@class='time-measures']/option")): null

2018-05-21 11:39:33 - [TEST_STEP][PASSED] - Statement - count = 0: null

2018-05-21 11:39:33 - [TEST_STEP][PASSED] - Statement - For ([i = 0, i < timemeasureoptions.size(), (i++)]): null

2018-05-21 11:39:33 - [TEST_STEP][PASSED] - Statement - println(timemeasureoptions.get(i).getText()): null

2018-05-21 11:39:33 - [TEST_STEP][PASSED] - Statement - If (timemeasureoptions.get(i).getText() == "Week"): null

2018-05-21 11:39:33 - [TEST_STEP][PASSED] - Statement - println(timemeasureoptions.get(i).getText()): null

2018-05-21 11:39:33 - [TEST_STEP][PASSED] - Statement - If (timemeasureoptions.get(i).getText() == "Week"): null

2018-05-21 11:39:33 - [TEST_STEP][PASSED] - Statement - println(timemeasureoptions.get(i).getText()): null

2018-05-21 11:39:33 - [TEST_STEP][PASSED] - Statement - If (timemeasureoptions.get(i).getText() == "Week"): null

2018-05-21 11:39:33 - [TEST_STEP][PASSED] - Statement - timemeasureoptions[i].click(): null

2018-05-21 11:39:33 - [TEST_STEP][PASSED] - Statement - (count++): null

2018-05-21 11:39:33 - [TEST_STEP][PASSED] - Statement - Break: null

2018-05-21 11:39:33 - [TEST_STEP][PASSED] - Statement - If (count > 0): null

2018-05-21 11:39:33 - [TEST_STEP][PASSED] - Statement - out.println("Week option is selected"): null

2018-05-21 11:39:33 - [TEST_STEP][PASSED] - delay: Delayed 5 second(s)

2018-05-21 11:39:38 - [MESSAGE][PASSED] - Delayed 5 second(s)

2018-05-21 11:39:38 - [TEST_STEP][PASSED] - click: Object: 'Object Repository/ReportsPage/fromDateSelector' is clicked on

2018-05-21 11:39:38 - [MESSAGE][PASSED] - Object: 'Object Repository/ReportsPage/fromDateSelector' is clicked on

2018-05-21 11:39:38 - [TEST_STEP][PASSED] - delay: Delayed 5 second(s)

2018-05-21 11:39:43 - [MESSAGE][PASSED] - Delayed 5 second(s)

2018-05-21 11:39:43 - [TEST_STEP][PASSED] - Statement - monthText = com.kms.katalon.core.webui.keyword.WebUiBuiltInKeywords.getText(com.kms.katalon.core.testobject.ObjectRepository.findTestObject(ReportsPage/monthText)): Text of object 'Object Repository/ReportsPage/monthText' is: 'May 2018'

2018-05-21 11:39:43 - [MESSAGE][PASSED] - Text of object 'Object Repository/ReportsPage/monthText' is: 'May 2018'

2018-05-21 11:39:43 - [TEST_STEP][PASSED] - Statement - monthTextArray = monthText.split(" "): null

2018-05-21 11:39:43 - [TEST_STEP][PASSED] - Statement - month = monthTextArray[0]: null

2018-05-21 11:39:43 - [TEST_STEP][PASSED] - Statement - monthTextValue = CustomKeywords.projectSpecific.Reusability.getTestData("ReportsPage", "Month"): projectSpecific.Reusability.getTestData is PASSED

2018-05-21 11:39:43 - [MESSAGE][PASSED] - projectSpecific.Reusability.getTestData is PASSED

2018-05-21 11:39:43 - [TEST_STEP][PASSED] - Statement - If (!(monthTextValue.equals(month))): null

2018-05-21 11:39:43 - [TEST_STEP][PASSED] - Statement - While (!(monthTextValue.equals(month))): null

2018-05-21 11:39:43 - [TEST_STEP][PASSED] - click: Object: 'Object Repository/ReportsPage/previousDateSelector' is clicked on

2018-05-21 11:39:43 - [MESSAGE][PASSED] - Object: 'Object Repository/ReportsPage/previousDateSelector' is clicked on

2018-05-21 11:39:43 - [TEST_STEP][PASSED] - Statement - monthText = com.kms.katalon.core.webui.keyword.WebUiBuiltInKeywords.getText(com.kms.katalon.core.testobject.ObjectRepository.findTestObject(ReportsPage/monthText)): Text of object 'Object Repository/ReportsPage/monthText' is: 'April 2018'

2018-05-21 11:39:43 - [MESSAGE][PASSED] - Text of object 'Object Repository/ReportsPage/monthText' is: 'April 2018'

2018-05-21 11:39:43 - [TEST_STEP][PASSED] - Statement - monthTextArray = monthText.split(" "): null

2018-05-21 11:39:43 - [TEST_STEP][PASSED] - Statement - month = monthTextArray[0]: null

2018-05-21 11:39:43 - [TEST_STEP][PASSED] - click: Object: 'Object Repository/ReportsPage/previousDateSelector' is clicked on

2018-05-21 11:39:43 - [MESSAGE][PASSED] - Object: 'Object Repository/ReportsPage/previousDateSelector' is clicked on

2018-05-21 11:39:43 - [TEST_STEP][PASSED] - Statement - monthText = com.kms.katalon.core.webui.keyword.WebUiBuiltInKeywords.getText(com.kms.katalon.core.testobject.ObjectRepository.findTestObject(ReportsPage/monthText)): Text of object 'Object Repository/ReportsPage/monthText' is: 'March 2018'

2018-05-21 11:39:43 - [MESSAGE][PASSED] - Text of object 'Object Repository/ReportsPage/monthText' is: 'March 2018'

2018-05-21 11:39:43 - [TEST_STEP][PASSED] - Statement - monthTextArray = monthText.split(" "): null

2018-05-21 11:39:43 - [TEST_STEP][PASSED] - Statement - month = monthTextArray[0]: null

2018-05-21 11:39:43 - [TEST_STEP][PASSED] - Statement - data = CustomKeywords.projectSpecific.Reusability.getTestData("ReportsPage", "startdate_TC8"): projectSpecific.Reusability.getTestData is PASSED

2018-05-21 11:39:43 - [MESSAGE][PASSED] - projectSpecific.Reusability.getTestData is PASSED

2018-05-21 11:39:43 - [TEST_STEP][PASSED] - Statement - startDate = "(//td[text()='" + data + "'])[1]": null

2018-05-21 11:39:43 - [TEST_STEP][PASSED] - Statement - println(startDate): null

2018-05-21 11:39:43 - [TEST_STEP][PASSED] - Statement - startdateEle = driver.findElement(org.openqa.selenium.By.xpath(startDate)): null

2018-05-21 11:39:43 - [TEST_STEP][PASSED] - Statement - startdateEle.click(): null

2018-05-21 11:39:43 - [TEST_STEP][PASSED] - delay: Delayed 5 second(s)

2018-05-21 11:39:48 - [MESSAGE][PASSED] - Delayed 5 second(s)

2018-05-21 11:39:48 - [TEST_STEP][PASSED] - click: Object: 'Object Repository/ReportsPage/toDateSelector' is clicked on

2018-05-21 11:39:48 - [MESSAGE][PASSED] - Object: 'Object Repository/ReportsPage/toDateSelector' is clicked on

2018-05-21 11:39:48 - [TEST_STEP][PASSED] - Statement - monthText = com.kms.katalon.core.webui.keyword.WebUiBuiltInKeywords.getText(com.kms.katalon.core.testobject.ObjectRepository.findTestObject(ReportsPage/monthText2)): Text of object 'Object Repository/ReportsPage/monthText2' is: 'May 2018'

2018-05-21 11:39:48 - [MESSAGE][PASSED] - Text of object 'Object Repository/ReportsPage/monthText2' is: 'May 2018'

2018-05-21 11:39:48 - [TEST_STEP][PASSED] - Statement - monthTextArray = monthText.split(" "): null

2018-05-21 11:39:48 - [TEST_STEP][PASSED] - Statement - month = monthTextArray[0]: null

2018-05-21 11:39:48 - [TEST_STEP][PASSED] - Statement - If (!(monthTextValue.equals(month))): null

2018-05-21 11:39:48 - [TEST_STEP][PASSED] - Statement - While (!(monthTextValue.equals(month))): null

2018-05-21 11:39:48 - [TEST_STEP][PASSED] - click: Object: 'Object Repository/ReportsPage/previousDateSelector2' is clicked on

2018-05-21 11:39:49 - [MESSAGE][PASSED] - Object: 'Object Repository/ReportsPage/previousDateSelector2' is clicked on

2018-05-21 11:39:49 - [TEST_STEP][PASSED] - Statement - monthText = com.kms.katalon.core.webui.keyword.WebUiBuiltInKeywords.getText(com.kms.katalon.core.testobject.ObjectRepository.findTestObject(ReportsPage/monthText2)): Text of object 'Object Repository/ReportsPage/monthText2' is: 'April 2018'

2018-05-21 11:39:49 - [MESSAGE][PASSED] - Text of object 'Object Repository/ReportsPage/monthText2' is: 'April 2018'

2018-05-21 11:39:49 - [TEST_STEP][PASSED] - Statement - monthTextArray = monthText.split(" "): null

2018-05-21 11:39:49 - [TEST_STEP][PASSED] - Statement - month = monthTextArray[0]: null

2018-05-21 11:39:49 - [TEST_STEP][PASSED] - click: Object: 'Object Repository/ReportsPage/previousDateSelector2' is clicked on

2018-05-21 11:39:49 - [MESSAGE][PASSED] - Object: 'Object Repository/ReportsPage/previousDateSelector2' is clicked on

2018-05-21 11:39:49 - [TEST_STEP][PASSED] - Statement - monthText = com.kms.katalon.core.webui.keyword.WebUiBuiltInKeywords.getText(com.kms.katalon.core.testobject.ObjectRepository.findTestObject(ReportsPage/monthText2)): Text of object 'Object Repository/ReportsPage/monthText2' is: 'March 2018'

2018-05-21 11:39:49 - [MESSAGE][PASSED] - Text of object 'Object Repository/ReportsPage/monthText2' is: 'March 2018'

2018-05-21 11:39:49 - [TEST_STEP][PASSED] - Statement - monthTextArray = monthText.split(" "): null

2018-05-21 11:39:49 - [TEST_STEP][PASSED] - Statement - month = monthTextArray[0]: null

2018-05-21 11:39:49 - [TEST_STEP][PASSED] - Statement - endDate = CustomKeywords.projectSpecific.Reusability.getTestData("ReportsPage", "EndDate"): projectSpecific.Reusability.getTestData is PASSED

2018-05-21 11:39:49 - [MESSAGE][PASSED] - projectSpecific.Reusability.getTestData is PASSED

2018-05-21 11:39:49 - [TEST_STEP][PASSED] - Statement - toDate = "(//td[text()='" + endDate + "'])[2]": null

2018-05-21 11:39:49 - [TEST_STEP][PASSED] - Statement - toDateEle = driver.findElement(org.openqa.selenium.By.xpath(toDate)): null

2018-05-21 11:39:49 - [TEST_STEP][PASSED] - Statement - toDateEle.click(): null

2018-05-21 11:39:49 - [TEST_STEP][PASSED] - delay: Delayed 5 second(s)

2018-05-21 11:39:54 - [MESSAGE][PASSED] - Delayed 5 second(s)

2018-05-21 11:39:54 - [TEST_STEP][PASSED] - Statement - dateAttr = com.kms.katalon.core.webui.keyword.WebUiBuiltInKeywords.getAttribute(com.kms.katalon.core.testobject.ObjectRepository.findTestObject(ReportsPage/selectedDate1), "value"): Attribute 'value' of object 'Object Repository/ReportsPage/selectedDate1' is: '03/07/2018'

2018-05-21 11:39:54 - [MESSAGE][PASSED] - Attribute 'value' of object 'Object Repository/ReportsPage/selectedDate1' is: '03/07/2018'

2018-05-21 11:39:54 - [TEST_STEP][PASSED] - Statement - fromDateValue = CustomKeywords.projectSpecific.Reusability.getTestData("ReportsPage", "Fromdate_TC8"): projectSpecific.Reusability.getTestData is PASSED

2018-05-21 11:39:54 - [MESSAGE][PASSED] - projectSpecific.Reusability.getTestData is PASSED

2018-05-21 11:39:54 - [TEST_STEP][PASSED] - Statement - If (!(dateAttr.equals(fromDateValue))): null

2018-05-21 11:39:54 - [TEST_STEP][PASSED] - Statement - dateAttr = com.kms.katalon.core.webui.keyword.WebUiBuiltInKeywords.getAttribute(com.kms.katalon.core.testobject.ObjectRepository.findTestObject(ReportsPage/selectedDate2), "value"): Attribute 'value' of object 'Object Repository/ReportsPage/selectedDate2' is: '03/14/2018'

2018-05-21 11:39:54 - [MESSAGE][PASSED] - Attribute 'value' of object 'Object Repository/ReportsPage/selectedDate2' is: '03/14/2018'

2018-05-21 11:39:54 - [TEST_STEP][PASSED] - Statement - toDateValue = CustomKeywords.projectSpecific.Reusability.getTestData("ReportsPage", "toDate"): projectSpecific.Reusability.getTestData is PASSED

2018-05-21 11:39:54 - [MESSAGE][PASSED] - projectSpecific.Reusability.getTestData is PASSED

2018-05-21 11:39:54 - [TEST_STEP][PASSED] - Statement - If (!(dateAttr.equals(toDateValue))): null

2018-05-21 11:39:54 - [TEST_STEP][PASSED] - uiaction.CommonUIActions.click: uiaction.CommonUIActions.click is PASSED

2018-05-21 11:39:54 - [MESSAGE][PASSED] - uiaction.CommonUIActions.click is PASSED

2018-05-21 11:39:54 - [TEST_STEP][PASSED] - uiaction.CommonUIActions.click: uiaction.CommonUIActions.click is PASSED

2018-05-21 11:39:54 - [MESSAGE][PASSED] - uiaction.CommonUIActions.click is PASSED

2018-05-21 11:39:54 - [TEST_STEP][PASSED] - uiaction.CommonUIActions.click: uiaction.CommonUIActions.click is PASSED

2018-05-21 11:39:54 - [MESSAGE][PASSED] - uiaction.CommonUIActions.click is PASSED

2018-05-21 11:39:54 - [TEST_STEP][PASSED] - uiaction.CommonUIActions.enter: uiaction.CommonUIActions.enter is PASSED

2018-05-21 11:39:54 - [MESSAGE][PASSED] - uiaction.CommonUIActions.enter is PASSED

2018-05-21 11:39:54 - [TEST_STEP][PASSED] - click: Object: 'Object Repository/ReportsPage/report_submit' is clicked on

2018-05-21 11:39:54 - [MESSAGE][PASSED] - Object: 'Object Repository/ReportsPage/report_submit' is clicked on

2018-05-21 11:39:54 - [TEST_STEP][PASSED] - delay: Delayed 5 second(s)

2018-05-21 11:39:59 - [MESSAGE][PASSED] - Delayed 5 second(s)

2018-05-21 11:39:59 - [TEST_STEP][PASSED] - uiaction.CommonUIActions.click: uiaction.CommonUIActions.click is PASSED

2018-05-21 11:40:03 - [MESSAGE][PASSED] - uiaction.CommonUIActions.click is PASSED

2018-05-21 11:40:03 - [TEST_STEP][PASSED] - uiaction.CommonUIActions.click: uiaction.CommonUIActions.click is PASSED

2018-05-21 11:40:25 - [MESSAGE][PASSED] - uiaction.CommonUIActions.click is PASSED

2018-05-21 11:40:25 - [TEST_STEP][PASSED] - uiaction.CommonUIActions.click: uiaction.CommonUIActions.click is PASSED

2018-05-21 11:40:25 - [MESSAGE][PASSED] - uiaction.CommonUIActions.click is PASSED

2018-05-21 11:40:25 - [TEST_STEP][PASSED] - delay: Delayed 5 second(s)

2018-05-21 11:40:30 - [MESSAGE][PASSED] - Delayed 5 second(s)

2018-05-21 11:40:30 - [TEST_STEP][PASSED] - uiaction.CommonUIActions.click: uiaction.CommonUIActions.click is PASSED

2018-05-21 11:40:30 - [MESSAGE][PASSED] - uiaction.CommonUIActions.click is PASSED

2018-05-21 11:40:30 - [TEST_STEP][PASSED] - delay: Delayed 5 second(s)

2018-05-21 11:40:35 - [MESSAGE][PASSED] - Delayed 5 second(s)

2018-05-21 11:40:35 - [TEST_STEP][PASSED] - uiaction.CommonUIActions.click: uiaction.CommonUIActions.click is PASSED

2018-05-21 11:40:35 - [MESSAGE][PASSED] - uiaction.CommonUIActions.click is PASSED

2018-05-21 11:40:35 - [TEST_STEP][PASSED] - uiaction.CommonUIActions.click: uiaction.CommonUIActions.click is PASSED

2018-05-21 11:40:35 - [MESSAGE][PASSED] - uiaction.CommonUIActions.click is PASSED

2018-05-21 11:40:35 - [TEST_STEP][PASSED] - uiaction.CommonUIActions.click: uiaction.CommonUIActions.click is PASSED

2018-05-21 11:40:43 - [MESSAGE][PASSED] - uiaction.CommonUIActions.click is PASSED

2018-05-21 11:40:43 - [TEST_STEP][PASSED] - uiaction.CommonUIActions.click: uiaction.CommonUIActions.click is PASSED

2018-05-21 11:40:43 - [MESSAGE][PASSED] - uiaction.CommonUIActions.click is PASSED

2018-05-21 11:40:43 - [TEST_STEP][PASSED] - delay: Delayed 10 second(s)

2018-05-21 11:40:53 - [MESSAGE][PASSED] - Delayed 10 second(s)

2018-05-21 11:40:53 - [TEST_STEP][PASSED] - uiaction.CommonUIActions.click: uiaction.CommonUIActions.click is PASSED

2018-05-21 11:40:53 - [MESSAGE][PASSED] - uiaction.CommonUIActions.click is PASSED

2018-05-21 11:40:53 - [TEST_STEP][PASSED] - uiaction.CommonUIActions.click: uiaction.CommonUIActions.click is PASSED

2018-05-21 11:40:55 - [MESSAGE][PASSED] - uiaction.CommonUIActions.click is PASSED

2018-05-21 11:40:55 - [TEST_STEP][PASSED] - Statement - assert TCflag == true: null

2018-05-21 11:40:55 - [TEST_STEP][PASSED] - Start listener action : sampleAfterTestCase: Browser is closed

2018-05-21 11:40:55 - [TEST_STEP][PASSED] - Statement - println(testCaseContext.getTestCaseId()): null

2018-05-21 11:40:55 - [TEST_STEP][PASSED] - Statement - println(testCaseContext.getTestCaseStatus()): null

2018-05-21 11:40:55 - [TEST_STEP][PASSED] - closeBrowser: Browser is closed

2018-05-21 11:40:56 - [MESSAGE][PASSED] - Browser is closed]]></system-out>
         <system-err><![CDATA[]]></system-err>
      </testcase>
      <testcase name="Test Cases/GoalStatisticsTC/HME-Goal Statistics Report-10" classname="Test Cases/GoalStatisticsTC/HME-Goal Statistics Report-10" status="PASSED">
         <system-out><![CDATA[2018-05-21 11:40:56 - [TEST_CASE][PASSED] - Test Cases/GoalStatisticsTC/HME-Goal Statistics Report-10: Browser is closed

2018-05-21 11:40:56 - [TEST_STEP][PASSED] - Start listener action : sampleBeforeTestCase: uiaction.CommonUIActions.deleteAllCookies is PASSED

2018-05-21 11:40:56 - [TEST_STEP][PASSED] - openBrowser: Browser is opened with url: ''

2018-05-21 11:40:58 - [MESSAGE][PASSED] - Browser is opened with url: ''

2018-05-21 11:40:58 - [TEST_STEP][PASSED] - maximizeWindow: Current window maximized

2018-05-21 11:40:59 - [MESSAGE][PASSED] - Current window maximized

2018-05-21 11:40:59 - [TEST_STEP][PASSED] - uiaction.CommonUIActions.deleteAllCookies: uiaction.CommonUIActions.deleteAllCookies is PASSED

2018-05-21 11:40:59 - [MESSAGE][PASSED] - Delete all cookies successfully

2018-05-21 11:40:59 - [MESSAGE][PASSED] - uiaction.CommonUIActions.deleteAllCookies is PASSED

2018-05-21 11:40:59 - [TEST_STEP][PASSED] - Statement - TCflag = true: null

2018-05-21 11:40:59 - [TEST_STEP][PASSED] - Statement - Try: uiaction.CommonUIActions.click is PASSED

2018-05-21 11:40:59 - [TEST_STEP][PASSED] - navigateToUrl: Navigate to 'https://hme-dev-public-cloud-app.azurewebsites.net/' successfully

2018-05-21 11:41:12 - [MESSAGE][PASSED] - Navigate to 'https://hme-dev-public-cloud-app.azurewebsites.net/' successfully

2018-05-21 11:41:12 - [TEST_STEP][PASSED] - projectSpecific.Reusability.login: projectSpecific.Reusability.login is PASSED

2018-05-21 11:41:12 - [MESSAGE][PASSED] - projectSpecific.Reusability.getTestData is PASSED

2018-05-21 11:41:12 - [MESSAGE][PASSED] - projectSpecific.Reusability.getTestData is PASSED

2018-05-21 11:41:12 - [MESSAGE][PASSED] - Text 'selvendrank@nousinfo.com' is set on object 'Object Repository/LoginPage/Username'

2018-05-21 11:41:12 - [MESSAGE][PASSED] - Text 'nous;123' is set on object 'Object Repository/LoginPage/Password'

2018-05-21 11:41:12 - [MESSAGE][PASSED] - Object: 'Object Repository/LoginPage/Login' is clicked on

2018-05-21 11:41:12 - [MESSAGE][PASSED] - projectSpecific.Reusability.login is PASSED

2018-05-21 11:41:12 - [TEST_STEP][PASSED] - delay: Delayed 10 second(s)

2018-05-21 11:41:22 - [MESSAGE][PASSED] - Delayed 10 second(s)

2018-05-21 11:41:22 - [TEST_STEP][PASSED] - uiaction.CommonUIActions.click: uiaction.CommonUIActions.click is PASSED

2018-05-21 11:42:04 - [MESSAGE][PASSED] - uiaction.CommonUIActions.click is PASSED

2018-05-21 11:42:04 - [TEST_STEP][PASSED] - uiaction.CommonUIActions.click: uiaction.CommonUIActions.click is PASSED

2018-05-21 11:42:06 - [MESSAGE][PASSED] - uiaction.CommonUIActions.click is PASSED

2018-05-21 11:42:06 - [TEST_STEP][PASSED] - Statement - storelabel = com.kms.katalon.core.webui.keyword.WebUiBuiltInKeywords.getAttribute(com.kms.katalon.core.testobject.ObjectRepository.findTestObject(StorePage/storeName), "value"): Attribute 'value' of object 'Object Repository/StorePage/storeName' is: 'McDonald3'

2018-05-21 11:42:06 - [MESSAGE][PASSED] - Attribute 'value' of object 'Object Repository/StorePage/storeName' is: 'McDonald3'

2018-05-21 11:42:06 - [TEST_STEP][PASSED] - Statement - storelabel = storelabel.trim(): null

2018-05-21 11:42:06 - [TEST_STEP][PASSED] - Statement - out.println(" the storename is--" + storelabel.trim()): null

2018-05-21 11:42:06 - [TEST_STEP][PASSED] - delay: Delayed 5 second(s)

2018-05-21 11:42:11 - [MESSAGE][PASSED] - Delayed 5 second(s)

2018-05-21 11:42:11 - [TEST_STEP][PASSED] - uiaction.CommonUIActions.click: uiaction.CommonUIActions.click is PASSED

2018-05-21 11:42:11 - [MESSAGE][PASSED] - uiaction.CommonUIActions.click is PASSED

2018-05-21 11:42:11 - [TEST_STEP][PASSED] - uiaction.CommonUIActions.click: uiaction.CommonUIActions.click is PASSED

2018-05-21 11:42:17 - [MESSAGE][PASSED] - uiaction.CommonUIActions.click is PASSED

2018-05-21 11:42:17 - [TEST_STEP][PASSED] - Statement - storenumber = CustomKeywords.uiaction.CommonUIActions.getText(com.kms.katalon.core.testobject.ObjectRepository.findTestObject(StorePage/storeID)): uiaction.CommonUIActions.getText is PASSED

2018-05-21 11:42:17 - [MESSAGE][PASSED] - uiaction.CommonUIActions.getText is PASSED

2018-05-21 11:42:17 - [TEST_STEP][PASSED] - Statement - out.println(" the store number is--" + storenumber.trim()): null

2018-05-21 11:42:17 - [TEST_STEP][PASSED] - uiaction.CommonUIActions.click: uiaction.CommonUIActions.click is PASSED

2018-05-21 11:42:19 - [MESSAGE][PASSED] - uiaction.CommonUIActions.click is PASSED

2018-05-21 11:42:19 - [TEST_STEP][PASSED] - verifyElementPresent: Object 'Object Repository/SummarizedReportPage/SummaryReportheader' is present

2018-05-21 11:42:19 - [MESSAGE][PASSED] - Object 'Object Repository/SummarizedReportPage/SummaryReportheader' is present

2018-05-21 11:42:19 - [TEST_STEP][PASSED] - Statement - println("Summary Reports screen will be displayed"): null

2018-05-21 11:42:19 - [TEST_STEP][PASSED] - uiaction.CommonUIActions.click: uiaction.CommonUIActions.click is PASSED

2018-05-21 11:42:21 - [MESSAGE][PASSED] - uiaction.CommonUIActions.click is PASSED

2018-05-21 11:42:21 - [TEST_STEP][PASSED] - uiaction.CommonUIActions.click: uiaction.CommonUIActions.click is PASSED

2018-05-21 11:42:34 - [MESSAGE][PASSED] - uiaction.CommonUIActions.click is PASSED

2018-05-21 11:42:34 - [TEST_STEP][PASSED] - uiaction.CommonUIActions.click: uiaction.CommonUIActions.click is PASSED

2018-05-21 11:42:36 - [MESSAGE][PASSED] - uiaction.CommonUIActions.click is PASSED

2018-05-21 11:42:36 - [TEST_STEP][PASSED] - uiaction.CommonUIActions.click: uiaction.CommonUIActions.click is PASSED

2018-05-21 11:42:36 - [MESSAGE][PASSED] - uiaction.CommonUIActions.click is PASSED

2018-05-21 11:42:36 - [TEST_STEP][PASSED] - uiaction.CommonUIActions.enter: uiaction.CommonUIActions.enter is PASSED

2018-05-21 11:42:36 - [MESSAGE][PASSED] - projectSpecific.Reusability.getTestData is PASSED

2018-05-21 11:42:36 - [MESSAGE][PASSED] - uiaction.CommonUIActions.enter is PASSED

2018-05-21 11:42:36 - [TEST_STEP][PASSED] - uiaction.CommonUIActions.enter: uiaction.CommonUIActions.enter is PASSED

2018-05-21 11:42:36 - [MESSAGE][PASSED] - projectSpecific.Reusability.getTestData is PASSED

2018-05-21 11:42:36 - [MESSAGE][PASSED] - uiaction.CommonUIActions.enter is PASSED

2018-05-21 11:42:36 - [TEST_STEP][PASSED] - Statement - groupmain = CustomKeywords.projectSpecific.Reusability.getTestData("ReportingGroupManagementPage", "Summarygrp"): projectSpecific.Reusability.getTestData is PASSED

2018-05-21 11:42:36 - [MESSAGE][PASSED] - projectSpecific.Reusability.getTestData is PASSED

2018-05-21 11:42:36 - [TEST_STEP][PASSED] - delay: Delayed 10 second(s)

2018-05-21 11:42:46 - [MESSAGE][PASSED] - Delayed 10 second(s)

2018-05-21 11:42:46 - [TEST_STEP][PASSED] - Statement - driver = com.kms.katalon.core.webui.driver.DriverFactory.getWebDriver(): null

2018-05-21 11:42:46 - [TEST_STEP][PASSED] - Statement - grouplist = driver.findElements(org.openqa.selenium.By.xpath("//ul[@class='unlinked-grouplist']/li")): null

2018-05-21 11:42:46 - [TEST_STEP][PASSED] - delay: Delayed 10 second(s)

2018-05-21 11:42:56 - [MESSAGE][PASSED] - Delayed 10 second(s)

2018-05-21 11:42:56 - [TEST_STEP][PASSED] - Statement - For ([i = 0, i < grouplist.size(), (i++)]): null

2018-05-21 11:42:56 - [TEST_STEP][PASSED] - Statement - println(grouplist.get(i).getText()): null

2018-05-21 11:42:56 - [TEST_STEP][PASSED] - Statement - If (grouplist.get(i).getText().contains(storelabel.trim())): null

2018-05-21 11:42:56 - [TEST_STEP][PASSED] - Statement - println(grouplist.get(i).getText()): null

2018-05-21 11:42:56 - [TEST_STEP][PASSED] - Statement - If (grouplist.get(i).getText().contains(storelabel.trim())): null

2018-05-21 11:42:56 - [TEST_STEP][PASSED] - Statement - println(grouplist.get(i).getText()): null

2018-05-21 11:42:56 - [TEST_STEP][PASSED] - Statement - If (grouplist.get(i).getText().contains(storelabel.trim())): null

2018-05-21 11:42:56 - [TEST_STEP][PASSED] - Statement - println(grouplist.get(i).getText()): null

2018-05-21 11:42:56 - [TEST_STEP][PASSED] - Statement - If (grouplist.get(i).getText().contains(storelabel.trim())): null

2018-05-21 11:42:56 - [TEST_STEP][PASSED] - Statement - println(grouplist.get(i).getText()): null

2018-05-21 11:42:56 - [TEST_STEP][PASSED] - Statement - If (grouplist.get(i).getText().contains(storelabel.trim())): null

2018-05-21 11:42:56 - [TEST_STEP][PASSED] - Statement - println(grouplist.get(i).getText()): null

2018-05-21 11:42:56 - [TEST_STEP][PASSED] - Statement - If (grouplist.get(i).getText().contains(storelabel.trim())): null

2018-05-21 11:42:56 - [TEST_STEP][PASSED] - Statement - println(grouplist.get(i).getText()): null

2018-05-21 11:42:56 - [TEST_STEP][PASSED] - Statement - If (grouplist.get(i).getText().contains(storelabel.trim())): null

2018-05-21 11:42:56 - [TEST_STEP][PASSED] - Statement - println(grouplist.get(i).getText()): null

2018-05-21 11:42:56 - [TEST_STEP][PASSED] - Statement - If (grouplist.get(i).getText().contains(storelabel.trim())): null

2018-05-21 11:42:56 - [TEST_STEP][PASSED] - Statement - println(grouplist.get(i).getText()): null

2018-05-21 11:42:56 - [TEST_STEP][PASSED] - Statement - If (grouplist.get(i).getText().contains(storelabel.trim())): null

2018-05-21 11:42:56 - [TEST_STEP][PASSED] - Statement - println(grouplist.get(i).getText()): null

2018-05-21 11:42:56 - [TEST_STEP][PASSED] - Statement - If (grouplist.get(i).getText().contains(storelabel.trim())): null

2018-05-21 11:42:56 - [TEST_STEP][PASSED] - Statement - println(grouplist.get(i).getText()): null

2018-05-21 11:42:56 - [TEST_STEP][PASSED] - Statement - If (grouplist.get(i).getText().contains(storelabel.trim())): null

2018-05-21 11:42:56 - [TEST_STEP][PASSED] - Statement - driver.findElement(org.openqa.selenium.By.xpath("(//ul[@class='unlinked-grouplist']/li/label)[" + i + 1 + "]")).click(): null

2018-05-21 11:42:56 - [TEST_STEP][PASSED] - Statement - driver.findElement(org.openqa.selenium.By.xpath("//button[contains(text(),'>')]")).click(): null

2018-05-21 11:42:56 - [TEST_STEP][PASSED] - Statement - Break: null

2018-05-21 11:42:56 - [TEST_STEP][PASSED] - delay: Delayed 10 second(s)

2018-05-21 11:43:06 - [MESSAGE][PASSED] - Delayed 10 second(s)

2018-05-21 11:43:06 - [TEST_STEP][PASSED] - uiaction.CommonUIActions.click: uiaction.CommonUIActions.click is PASSED

2018-05-21 11:43:07 - [MESSAGE][PASSED] - uiaction.CommonUIActions.click is PASSED

2018-05-21 11:43:07 - [TEST_STEP][PASSED] - uiaction.CommonUIActions.click: uiaction.CommonUIActions.click is PASSED

2018-05-21 11:43:07 - [MESSAGE][PASSED] - uiaction.CommonUIActions.click is PASSED

2018-05-21 11:43:07 - [TEST_STEP][PASSED] - delay: Delayed 10 second(s)

2018-05-21 11:43:17 - [MESSAGE][PASSED] - Delayed 10 second(s)

2018-05-21 11:43:17 - [TEST_STEP][PASSED] - uiaction.CommonUIActions.click: uiaction.CommonUIActions.click is PASSED

2018-05-21 11:43:17 - [MESSAGE][PASSED] - uiaction.CommonUIActions.click is PASSED

2018-05-21 11:43:17 - [TEST_STEP][PASSED] - delay: Delayed 10 second(s)

2018-05-21 11:43:27 - [MESSAGE][PASSED] - Delayed 10 second(s)

2018-05-21 11:43:27 - [TEST_STEP][PASSED] - Statement - driver.findElement(org.openqa.selenium.By.xpath("//span[contains(text(),'" + groupmain + "')]/../../../../span[1]")).click(): null

2018-05-21 11:43:27 - [TEST_STEP][PASSED] - delay: Delayed 4 second(s)

2018-05-21 11:43:31 - [MESSAGE][PASSED] - Delayed 4 second(s)

2018-05-21 11:43:31 - [TEST_STEP][PASSED] - uiaction.CommonUIActions.click: uiaction.CommonUIActions.click is PASSED

2018-05-21 11:43:31 - [MESSAGE][PASSED] - uiaction.CommonUIActions.click is PASSED

2018-05-21 11:43:31 - [TEST_STEP][PASSED] - Statement - storesCheckBoxList = driver.findElements(org.openqa.selenium.By.xpath(com.kms.katalon.core.testdata.TestDataFactory.findTestData(OR_file).getValue(2, 4))): Reading excel file with source file 'C:\Users\shalinin\Katalon Studio\HME_Scripts\Data Files\HME_OR.xlsx' and sheet name 'Sheet1'

2018-05-21 11:43:31 - [TEST_STEP][PASSED] - Statement - storesCheckBoxListChecked = driver.findElements(org.openqa.selenium.By.xpath(com.kms.katalon.core.testdata.TestDataFactory.findTestData(OR_file).getValue(2, 14))): Reading excel file with source file 'C:\Users\shalinin\Katalon Studio\HME_Scripts\Data Files\HME_OR.xlsx' and sheet name 'Sheet1'

2018-05-21 11:43:31 - [TEST_STEP][PASSED] - Statement - If (storesCheckBoxList.size() == storesCheckBoxListChecked.size()): null

2018-05-21 11:43:31 - [TEST_STEP][PASSED] - Statement - out.println("All Store checkboxes are checked after selecting SelectAll button"): null

2018-05-21 11:43:31 - [TEST_STEP][PASSED] - delay: Delayed 4 second(s)

2018-05-21 11:43:35 - [MESSAGE][PASSED] - Delayed 4 second(s)

2018-05-21 11:43:35 - [TEST_STEP][PASSED] - uiaction.CommonUIActions.click: uiaction.CommonUIActions.click is PASSED

2018-05-21 11:43:35 - [MESSAGE][PASSED] - uiaction.CommonUIActions.click is PASSED

2018-05-21 11:43:35 - [TEST_STEP][PASSED] - delay: Delayed 4 second(s)

2018-05-21 11:43:39 - [MESSAGE][PASSED] - Delayed 4 second(s)

2018-05-21 11:43:39 - [TEST_STEP][PASSED] - Statement - driver.findElement(org.openqa.selenium.By.xpath("//span[contains(text(),'" + groupmain + "')]/../../../../span[2]")).click(): null

2018-05-21 11:43:39 - [TEST_STEP][PASSED] - Statement - timemeasureoptions = driver.findElements(org.openqa.selenium.By.xpath("//select[@class='time-measures']/option")): null

2018-05-21 11:43:39 - [TEST_STEP][PASSED] - Statement - count = 0: null

2018-05-21 11:43:39 - [TEST_STEP][PASSED] - Statement - For ([i = 0, i < timemeasureoptions.size(), (i++)]): null

2018-05-21 11:43:39 - [TEST_STEP][PASSED] - Statement - println(timemeasureoptions.get(i).getText()): null

2018-05-21 11:43:39 - [TEST_STEP][PASSED] - Statement - If (timemeasureoptions.get(i).getText() == "Week"): null

2018-05-21 11:43:39 - [TEST_STEP][PASSED] - Statement - println(timemeasureoptions.get(i).getText()): null

2018-05-21 11:43:39 - [TEST_STEP][PASSED] - Statement - If (timemeasureoptions.get(i).getText() == "Week"): null

2018-05-21 11:43:39 - [TEST_STEP][PASSED] - Statement - println(timemeasureoptions.get(i).getText()): null

2018-05-21 11:43:39 - [TEST_STEP][PASSED] - Statement - If (timemeasureoptions.get(i).getText() == "Week"): null

2018-05-21 11:43:39 - [TEST_STEP][PASSED] - Statement - timemeasureoptions[i].click(): null

2018-05-21 11:43:39 - [TEST_STEP][PASSED] - Statement - (count++): null

2018-05-21 11:43:39 - [TEST_STEP][PASSED] - Statement - Break: null

2018-05-21 11:43:39 - [TEST_STEP][PASSED] - Statement - If (count > 0): null

2018-05-21 11:43:39 - [TEST_STEP][PASSED] - Statement - out.println("Week option is selected"): null

2018-05-21 11:43:39 - [TEST_STEP][PASSED] - delay: Delayed 5 second(s)

2018-05-21 11:43:44 - [MESSAGE][PASSED] - Delayed 5 second(s)

2018-05-21 11:43:44 - [TEST_STEP][PASSED] - click: Object: 'Object Repository/ReportsPage/fromDateSelector' is clicked on

2018-05-21 11:43:44 - [MESSAGE][PASSED] - Object: 'Object Repository/ReportsPage/fromDateSelector' is clicked on

2018-05-21 11:43:44 - [TEST_STEP][PASSED] - delay: Delayed 5 second(s)

2018-05-21 11:43:49 - [MESSAGE][PASSED] - Delayed 5 second(s)

2018-05-21 11:43:49 - [TEST_STEP][PASSED] - Statement - monthText = com.kms.katalon.core.webui.keyword.WebUiBuiltInKeywords.getText(com.kms.katalon.core.testobject.ObjectRepository.findTestObject(ReportsPage/monthText)): Text of object 'Object Repository/ReportsPage/monthText' is: 'May 2018'

2018-05-21 11:43:49 - [MESSAGE][PASSED] - Text of object 'Object Repository/ReportsPage/monthText' is: 'May 2018'

2018-05-21 11:43:49 - [TEST_STEP][PASSED] - Statement - monthTextArray = monthText.split(" "): null

2018-05-21 11:43:49 - [TEST_STEP][PASSED] - Statement - month = monthTextArray[0]: null

2018-05-21 11:43:49 - [TEST_STEP][PASSED] - Statement - monthTextValue = CustomKeywords.projectSpecific.Reusability.getTestData("ReportsPage", "Month"): projectSpecific.Reusability.getTestData is PASSED

2018-05-21 11:43:49 - [MESSAGE][PASSED] - projectSpecific.Reusability.getTestData is PASSED

2018-05-21 11:43:49 - [TEST_STEP][PASSED] - Statement - If (!(monthTextValue.equals(month))): null

2018-05-21 11:43:49 - [TEST_STEP][PASSED] - Statement - While (!(monthTextValue.equals(month))): null

2018-05-21 11:43:49 - [TEST_STEP][PASSED] - click: Object: 'Object Repository/ReportsPage/previousDateSelector' is clicked on

2018-05-21 11:43:50 - [MESSAGE][PASSED] - Object: 'Object Repository/ReportsPage/previousDateSelector' is clicked on

2018-05-21 11:43:50 - [TEST_STEP][PASSED] - Statement - monthText = com.kms.katalon.core.webui.keyword.WebUiBuiltInKeywords.getText(com.kms.katalon.core.testobject.ObjectRepository.findTestObject(ReportsPage/monthText)): Text of object 'Object Repository/ReportsPage/monthText' is: 'April 2018'

2018-05-21 11:43:50 - [MESSAGE][PASSED] - Text of object 'Object Repository/ReportsPage/monthText' is: 'April 2018'

2018-05-21 11:43:50 - [TEST_STEP][PASSED] - Statement - monthTextArray = monthText.split(" "): null

2018-05-21 11:43:50 - [TEST_STEP][PASSED] - Statement - month = monthTextArray[0]: null

2018-05-21 11:43:50 - [TEST_STEP][PASSED] - click: Object: 'Object Repository/ReportsPage/previousDateSelector' is clicked on

2018-05-21 11:43:50 - [MESSAGE][PASSED] - Object: 'Object Repository/ReportsPage/previousDateSelector' is clicked on

2018-05-21 11:43:50 - [TEST_STEP][PASSED] - Statement - monthText = com.kms.katalon.core.webui.keyword.WebUiBuiltInKeywords.getText(com.kms.katalon.core.testobject.ObjectRepository.findTestObject(ReportsPage/monthText)): Text of object 'Object Repository/ReportsPage/monthText' is: 'March 2018'

2018-05-21 11:43:50 - [MESSAGE][PASSED] - Text of object 'Object Repository/ReportsPage/monthText' is: 'March 2018'

2018-05-21 11:43:50 - [TEST_STEP][PASSED] - Statement - monthTextArray = monthText.split(" "): null

2018-05-21 11:43:50 - [TEST_STEP][PASSED] - Statement - month = monthTextArray[0]: null

2018-05-21 11:43:50 - [TEST_STEP][PASSED] - Statement - data = CustomKeywords.projectSpecific.Reusability.getTestData("ReportsPage", "startdate_TC8"): projectSpecific.Reusability.getTestData is PASSED

2018-05-21 11:43:50 - [MESSAGE][PASSED] - projectSpecific.Reusability.getTestData is PASSED

2018-05-21 11:43:50 - [TEST_STEP][PASSED] - Statement - startDate = "(//td[text()='" + data + "'])[1]": null

2018-05-21 11:43:50 - [TEST_STEP][PASSED] - Statement - println(startDate): null

2018-05-21 11:43:50 - [TEST_STEP][PASSED] - Statement - startdateEle = driver.findElement(org.openqa.selenium.By.xpath(startDate)): null

2018-05-21 11:43:50 - [TEST_STEP][PASSED] - Statement - startdateEle.click(): null

2018-05-21 11:43:50 - [TEST_STEP][PASSED] - delay: Delayed 5 second(s)

2018-05-21 11:43:55 - [MESSAGE][PASSED] - Delayed 5 second(s)

2018-05-21 11:43:55 - [TEST_STEP][PASSED] - click: Object: 'Object Repository/ReportsPage/toDateSelector' is clicked on

2018-05-21 11:43:55 - [MESSAGE][PASSED] - Object: 'Object Repository/ReportsPage/toDateSelector' is clicked on

2018-05-21 11:43:55 - [TEST_STEP][PASSED] - Statement - monthText = com.kms.katalon.core.webui.keyword.WebUiBuiltInKeywords.getText(com.kms.katalon.core.testobject.ObjectRepository.findTestObject(ReportsPage/monthText2)): Text of object 'Object Repository/ReportsPage/monthText2' is: 'May 2018'

2018-05-21 11:43:55 - [MESSAGE][PASSED] - Text of object 'Object Repository/ReportsPage/monthText2' is: 'May 2018'

2018-05-21 11:43:55 - [TEST_STEP][PASSED] - Statement - monthTextArray = monthText.split(" "): null

2018-05-21 11:43:55 - [TEST_STEP][PASSED] - Statement - month = monthTextArray[0]: null

2018-05-21 11:43:55 - [TEST_STEP][PASSED] - Statement - If (!(monthTextValue.equals(month))): null

2018-05-21 11:43:55 - [TEST_STEP][PASSED] - Statement - While (!(monthTextValue.equals(month))): null

2018-05-21 11:43:55 - [TEST_STEP][PASSED] - click: Object: 'Object Repository/ReportsPage/previousDateSelector2' is clicked on

2018-05-21 11:43:55 - [MESSAGE][PASSED] - Object: 'Object Repository/ReportsPage/previousDateSelector2' is clicked on

2018-05-21 11:43:55 - [TEST_STEP][PASSED] - Statement - monthText = com.kms.katalon.core.webui.keyword.WebUiBuiltInKeywords.getText(com.kms.katalon.core.testobject.ObjectRepository.findTestObject(ReportsPage/monthText2)): Text of object 'Object Repository/ReportsPage/monthText2' is: 'April 2018'

2018-05-21 11:43:55 - [MESSAGE][PASSED] - Text of object 'Object Repository/ReportsPage/monthText2' is: 'April 2018'

2018-05-21 11:43:55 - [TEST_STEP][PASSED] - Statement - monthTextArray = monthText.split(" "): null

2018-05-21 11:43:55 - [TEST_STEP][PASSED] - Statement - month = monthTextArray[0]: null

2018-05-21 11:43:55 - [TEST_STEP][PASSED] - click: Object: 'Object Repository/ReportsPage/previousDateSelector2' is clicked on

2018-05-21 11:43:55 - [MESSAGE][PASSED] - Object: 'Object Repository/ReportsPage/previousDateSelector2' is clicked on

2018-05-21 11:43:55 - [TEST_STEP][PASSED] - Statement - monthText = com.kms.katalon.core.webui.keyword.WebUiBuiltInKeywords.getText(com.kms.katalon.core.testobject.ObjectRepository.findTestObject(ReportsPage/monthText2)): Text of object 'Object Repository/ReportsPage/monthText2' is: 'March 2018'

2018-05-21 11:43:55 - [MESSAGE][PASSED] - Text of object 'Object Repository/ReportsPage/monthText2' is: 'March 2018'

2018-05-21 11:43:55 - [TEST_STEP][PASSED] - Statement - monthTextArray = monthText.split(" "): null

2018-05-21 11:43:55 - [TEST_STEP][PASSED] - Statement - month = monthTextArray[0]: null

2018-05-21 11:43:55 - [TEST_STEP][PASSED] - Statement - endDate = CustomKeywords.projectSpecific.Reusability.getTestData("ReportsPage", "EndDate"): projectSpecific.Reusability.getTestData is PASSED

2018-05-21 11:43:55 - [MESSAGE][PASSED] - projectSpecific.Reusability.getTestData is PASSED

2018-05-21 11:43:55 - [TEST_STEP][PASSED] - Statement - toDate = "(//td[text()='" + endDate + "'])[2]": null

2018-05-21 11:43:55 - [TEST_STEP][PASSED] - Statement - toDateEle = driver.findElement(org.openqa.selenium.By.xpath(toDate)): null

2018-05-21 11:43:55 - [TEST_STEP][PASSED] - Statement - toDateEle.click(): null

2018-05-21 11:43:55 - [TEST_STEP][PASSED] - delay: Delayed 5 second(s)

2018-05-21 11:44:00 - [MESSAGE][PASSED] - Delayed 5 second(s)

2018-05-21 11:44:00 - [TEST_STEP][PASSED] - Statement - dateAttr = com.kms.katalon.core.webui.keyword.WebUiBuiltInKeywords.getAttribute(com.kms.katalon.core.testobject.ObjectRepository.findTestObject(ReportsPage/selectedDate1), "value"): Attribute 'value' of object 'Object Repository/ReportsPage/selectedDate1' is: '03/07/2018'

2018-05-21 11:44:00 - [MESSAGE][PASSED] - Attribute 'value' of object 'Object Repository/ReportsPage/selectedDate1' is: '03/07/2018'

2018-05-21 11:44:00 - [TEST_STEP][PASSED] - Statement - fromDateValue = CustomKeywords.projectSpecific.Reusability.getTestData("ReportsPage", "Fromdate_TC8"): projectSpecific.Reusability.getTestData is PASSED

2018-05-21 11:44:00 - [MESSAGE][PASSED] - projectSpecific.Reusability.getTestData is PASSED

2018-05-21 11:44:00 - [TEST_STEP][PASSED] - Statement - If (!(dateAttr.equals(fromDateValue))): null

2018-05-21 11:44:00 - [TEST_STEP][PASSED] - Statement - dateAttr = com.kms.katalon.core.webui.keyword.WebUiBuiltInKeywords.getAttribute(com.kms.katalon.core.testobject.ObjectRepository.findTestObject(ReportsPage/selectedDate2), "value"): Attribute 'value' of object 'Object Repository/ReportsPage/selectedDate2' is: '03/14/2018'

2018-05-21 11:44:00 - [MESSAGE][PASSED] - Attribute 'value' of object 'Object Repository/ReportsPage/selectedDate2' is: '03/14/2018'

2018-05-21 11:44:00 - [TEST_STEP][PASSED] - Statement - toDateValue = CustomKeywords.projectSpecific.Reusability.getTestData("ReportsPage", "toDate"): projectSpecific.Reusability.getTestData is PASSED

2018-05-21 11:44:00 - [MESSAGE][PASSED] - projectSpecific.Reusability.getTestData is PASSED

2018-05-21 11:44:00 - [TEST_STEP][PASSED] - Statement - If (!(dateAttr.equals(toDateValue))): null

2018-05-21 11:44:00 - [TEST_STEP][PASSED] - uiaction.CommonUIActions.click: uiaction.CommonUIActions.click is PASSED

2018-05-21 11:44:00 - [MESSAGE][PASSED] - uiaction.CommonUIActions.click is PASSED

2018-05-21 11:44:00 - [TEST_STEP][PASSED] - uiaction.CommonUIActions.click: uiaction.CommonUIActions.click is PASSED

2018-05-21 11:44:00 - [MESSAGE][PASSED] - uiaction.CommonUIActions.click is PASSED

2018-05-21 11:44:00 - [TEST_STEP][PASSED] - uiaction.CommonUIActions.click: uiaction.CommonUIActions.click is PASSED

2018-05-21 11:44:00 - [MESSAGE][PASSED] - uiaction.CommonUIActions.click is PASSED

2018-05-21 11:44:00 - [TEST_STEP][PASSED] - uiaction.CommonUIActions.enter: uiaction.CommonUIActions.enter is PASSED

2018-05-21 11:44:01 - [MESSAGE][PASSED] - uiaction.CommonUIActions.enter is PASSED

2018-05-21 11:44:01 - [TEST_STEP][PASSED] - click: Object: 'Object Repository/ReportsPage/report_submit' is clicked on

2018-05-21 11:44:01 - [MESSAGE][PASSED] - Object: 'Object Repository/ReportsPage/report_submit' is clicked on

2018-05-21 11:44:01 - [TEST_STEP][PASSED] - delay: Delayed 10 second(s)

2018-05-21 11:44:11 - [MESSAGE][PASSED] - Delayed 10 second(s)

2018-05-21 11:44:11 - [TEST_STEP][PASSED] - uiaction.CommonUIActions.click: uiaction.CommonUIActions.click is PASSED

2018-05-21 11:44:14 - [MESSAGE][PASSED] - uiaction.CommonUIActions.click is PASSED

2018-05-21 11:44:14 - [TEST_STEP][PASSED] - uiaction.CommonUIActions.click: uiaction.CommonUIActions.click is PASSED

2018-05-21 11:44:15 - [MESSAGE][PASSED] - uiaction.CommonUIActions.click is PASSED

2018-05-21 11:44:15 - [TEST_STEP][PASSED] - delay: Delayed 10 second(s)

2018-05-21 11:44:25 - [MESSAGE][PASSED] - Delayed 10 second(s)

2018-05-21 11:44:25 - [TEST_STEP][PASSED] - Statement - savedtemplatelist = driver.findElements(org.openqa.selenium.By.xpath("(//div[@class='saved-reports'])[2]/div")): null

2018-05-21 11:44:25 - [TEST_STEP][PASSED] - Statement - templatename1 = driver.findElement(org.openqa.selenium.By.xpath("((//div[@class='saved-reports'])[2]/div[@class='templateRow'])[2]")).getText(): null

2018-05-21 11:44:25 - [TEST_STEP][PASSED] - Statement - counttemplate = 0: null

2018-05-21 11:44:25 - [TEST_STEP][PASSED] - Statement - For ([i = 1, i <= savedtemplatelist.size(), (i++)]): null

2018-05-21 11:44:25 - [TEST_STEP][PASSED] - Statement - templatename = driver.findElement(org.openqa.selenium.By.xpath("((//div[@class='saved-reports'])[2]/div[@class='templateRow'])[" + i + "]")).getText(): null

2018-05-21 11:44:25 - [TEST_STEP][PASSED] - Statement - If (templatename == "HME-test"): null

2018-05-21 11:44:25 - [TEST_STEP][PASSED] - Statement - templatename = driver.findElement(org.openqa.selenium.By.xpath("((//div[@class='saved-reports'])[2]/div[@class='templateRow'])[" + i + "]")).getText(): null

2018-05-21 11:44:25 - [TEST_STEP][PASSED] - Statement - If (templatename == "HME-test"): null

2018-05-21 11:44:25 - [TEST_STEP][PASSED] - Statement - templatename = driver.findElement(org.openqa.selenium.By.xpath("((//div[@class='saved-reports'])[2]/div[@class='templateRow'])[" + i + "]")).getText(): null

2018-05-21 11:44:25 - [TEST_STEP][PASSED] - Statement - If (templatename == "HME-test"): null

2018-05-21 11:44:25 - [TEST_STEP][PASSED] - Statement - templatename = driver.findElement(org.openqa.selenium.By.xpath("((//div[@class='saved-reports'])[2]/div[@class='templateRow'])[" + i + "]")).getText(): null

2018-05-21 11:44:25 - [TEST_STEP][PASSED] - Statement - If (templatename == "HME-test"): null

2018-05-21 11:44:25 - [TEST_STEP][PASSED] - Statement - (counttemplate++): null

2018-05-21 11:44:25 - [TEST_STEP][PASSED] - Statement - driver.findElement(org.openqa.selenium.By.xpath("(//div[@class='saved-reports'])[2]/div['" + i + "']")).click(): null

2018-05-21 11:44:25 - [TEST_STEP][PASSED] - Statement - Break: null

2018-05-21 11:44:25 - [TEST_STEP][PASSED] - Statement - If (counttemplate > 0): null

2018-05-21 11:44:25 - [TEST_STEP][PASSED] - Statement - out.println("Template is saved"): null

2018-05-21 11:44:25 - [TEST_STEP][PASSED] - delay: Delayed 10 second(s)

2018-05-21 11:44:35 - [MESSAGE][PASSED] - Delayed 10 second(s)

2018-05-21 11:44:35 - [TEST_STEP][PASSED] - delay: Delayed 10 second(s)

2018-05-21 11:44:45 - [MESSAGE][PASSED] - Delayed 10 second(s)

2018-05-21 11:44:45 - [TEST_STEP][PASSED] - Statement - groupcheckbox = driver.findElement(org.openqa.selenium.By.xpath("//span[contains(text(),'" + groupmain + "')]/../../../../span[@class='rc-tree-checkbox rc-tree-checkbox-checked']")): null

2018-05-21 11:44:45 - [TEST_STEP][PASSED] - Statement - println(groupcheckbox.isDisplayed()): null

2018-05-21 11:44:45 - [TEST_STEP][PASSED] - Statement - If (groupcheckbox.isDisplayed()): null

2018-05-21 11:44:45 - [TEST_STEP][PASSED] - Statement - out.println("Group is selected "): null

2018-05-21 11:44:45 - [TEST_STEP][PASSED] - Statement - timemeasure = driver.findElement(org.openqa.selenium.By.xpath("//span[contains(text(),'Time Measure')]/..")).getText(): null

2018-05-21 11:44:45 - [TEST_STEP][PASSED] - Statement - println(timemeasure): null

2018-05-21 11:44:45 - [TEST_STEP][PASSED] - Statement - If (timemeasure.contains("Week")): null

2018-05-21 11:44:45 - [TEST_STEP][PASSED] - Statement - out.println("Week is displayed in Time Measure"): null

2018-05-21 11:44:45 - [TEST_STEP][PASSED] - click: Object: 'Object Repository/ReportsPage/report_submit' is clicked on

2018-05-21 11:44:45 - [MESSAGE][PASSED] - Object: 'Object Repository/ReportsPage/report_submit' is clicked on

2018-05-21 11:44:45 - [TEST_STEP][PASSED] - delay: Delayed 5 second(s)

2018-05-21 11:44:50 - [MESSAGE][PASSED] - Delayed 5 second(s)

2018-05-21 11:44:50 - [TEST_STEP][PASSED] - uiaction.CommonUIActions.click: uiaction.CommonUIActions.click is PASSED

2018-05-21 11:44:54 - [MESSAGE][PASSED] - uiaction.CommonUIActions.click is PASSED

2018-05-21 11:44:54 - [TEST_STEP][PASSED] - uiaction.CommonUIActions.click: uiaction.CommonUIActions.click is PASSED

2018-05-21 11:45:07 - [MESSAGE][PASSED] - uiaction.CommonUIActions.click is PASSED

2018-05-21 11:45:07 - [TEST_STEP][PASSED] - uiaction.CommonUIActions.click: uiaction.CommonUIActions.click is PASSED

2018-05-21 11:45:07 - [MESSAGE][PASSED] - uiaction.CommonUIActions.click is PASSED

2018-05-21 11:45:07 - [TEST_STEP][PASSED] - delay: Delayed 5 second(s)

2018-05-21 11:45:12 - [MESSAGE][PASSED] - Delayed 5 second(s)

2018-05-21 11:45:12 - [TEST_STEP][PASSED] - uiaction.CommonUIActions.click: uiaction.CommonUIActions.click is PASSED

2018-05-21 11:45:12 - [MESSAGE][PASSED] - uiaction.CommonUIActions.click is PASSED

2018-05-21 11:45:12 - [TEST_STEP][PASSED] - delay: Delayed 5 second(s)

2018-05-21 11:45:17 - [MESSAGE][PASSED] - Delayed 5 second(s)

2018-05-21 11:45:17 - [TEST_STEP][PASSED] - uiaction.CommonUIActions.click: uiaction.CommonUIActions.click is PASSED

2018-05-21 11:45:17 - [MESSAGE][PASSED] - uiaction.CommonUIActions.click is PASSED

2018-05-21 11:45:17 - [TEST_STEP][PASSED] - uiaction.CommonUIActions.click: uiaction.CommonUIActions.click is PASSED

2018-05-21 11:45:17 - [MESSAGE][PASSED] - uiaction.CommonUIActions.click is PASSED

2018-05-21 11:45:17 - [TEST_STEP][PASSED] - uiaction.CommonUIActions.click: uiaction.CommonUIActions.click is PASSED

2018-05-21 11:45:20 - [MESSAGE][PASSED] - uiaction.CommonUIActions.click is PASSED

2018-05-21 11:45:20 - [TEST_STEP][PASSED] - uiaction.CommonUIActions.click: uiaction.CommonUIActions.click is PASSED

2018-05-21 11:45:20 - [MESSAGE][PASSED] - uiaction.CommonUIActions.click is PASSED

2018-05-21 11:45:20 - [TEST_STEP][PASSED] - delay: Delayed 10 second(s)

2018-05-21 11:45:30 - [MESSAGE][PASSED] - Delayed 10 second(s)

2018-05-21 11:45:30 - [TEST_STEP][PASSED] - uiaction.CommonUIActions.click: uiaction.CommonUIActions.click is PASSED

2018-05-21 11:45:31 - [MESSAGE][PASSED] - uiaction.CommonUIActions.click is PASSED

2018-05-21 11:45:31 - [TEST_STEP][PASSED] - uiaction.CommonUIActions.click: uiaction.CommonUIActions.click is PASSED

2018-05-21 11:45:32 - [MESSAGE][PASSED] - uiaction.CommonUIActions.click is PASSED

2018-05-21 11:45:32 - [TEST_STEP][PASSED] - Statement - assert TCflag == true: null

2018-05-21 11:45:32 - [TEST_STEP][PASSED] - Start listener action : sampleAfterTestCase: Browser is closed

2018-05-21 11:45:32 - [TEST_STEP][PASSED] - Statement - println(testCaseContext.getTestCaseId()): null

2018-05-21 11:45:32 - [TEST_STEP][PASSED] - Statement - println(testCaseContext.getTestCaseStatus()): null

2018-05-21 11:45:32 - [TEST_STEP][PASSED] - closeBrowser: Browser is closed

2018-05-21 11:45:33 - [MESSAGE][PASSED] - Browser is closed]]></system-out>
         <system-err><![CDATA[]]></system-err>
      </testcase>
      <testcase name="Test Cases/GoalStatisticsTC/HME-Goal Statistics Report-11" classname="Test Cases/GoalStatisticsTC/HME-Goal Statistics Report-11" status="PASSED">
         <system-out><![CDATA[2018-05-21 11:45:33 - [TEST_CASE][PASSED] - Test Cases/GoalStatisticsTC/HME-Goal Statistics Report-11: Browser is closed

2018-05-21 11:45:33 - [TEST_STEP][PASSED] - Start listener action : sampleBeforeTestCase: uiaction.CommonUIActions.deleteAllCookies is PASSED

2018-05-21 11:45:33 - [TEST_STEP][PASSED] - openBrowser: Browser is opened with url: ''

2018-05-21 11:45:35 - [MESSAGE][PASSED] - Browser is opened with url: ''

2018-05-21 11:45:35 - [TEST_STEP][PASSED] - maximizeWindow: Current window maximized

2018-05-21 11:45:36 - [MESSAGE][PASSED] - Current window maximized

2018-05-21 11:45:36 - [TEST_STEP][PASSED] - uiaction.CommonUIActions.deleteAllCookies: uiaction.CommonUIActions.deleteAllCookies is PASSED

2018-05-21 11:45:36 - [MESSAGE][PASSED] - Delete all cookies successfully

2018-05-21 11:45:36 - [MESSAGE][PASSED] - uiaction.CommonUIActions.deleteAllCookies is PASSED

2018-05-21 11:45:37 - [TEST_STEP][PASSED] - Statement - TCflag = true: null

2018-05-21 11:45:37 - [TEST_STEP][PASSED] - Statement - Try: uiaction.CommonUIActions.click is PASSED

2018-05-21 11:45:37 - [TEST_STEP][PASSED] - navigateToUrl: Navigate to 'https://hme-dev-public-cloud-app.azurewebsites.net/' successfully

2018-05-21 11:45:45 - [MESSAGE][PASSED] - Navigate to 'https://hme-dev-public-cloud-app.azurewebsites.net/' successfully

2018-05-21 11:45:45 - [TEST_STEP][PASSED] - projectSpecific.Reusability.login: projectSpecific.Reusability.login is PASSED

2018-05-21 11:45:45 - [MESSAGE][PASSED] - projectSpecific.Reusability.getTestData is PASSED

2018-05-21 11:45:45 - [MESSAGE][PASSED] - projectSpecific.Reusability.getTestData is PASSED

2018-05-21 11:45:45 - [MESSAGE][PASSED] - Text 'selvendrank@nousinfo.com' is set on object 'Object Repository/LoginPage/Username'

2018-05-21 11:45:45 - [MESSAGE][PASSED] - Text 'nous;123' is set on object 'Object Repository/LoginPage/Password'

2018-05-21 11:45:45 - [MESSAGE][PASSED] - Object: 'Object Repository/LoginPage/Login' is clicked on

2018-05-21 11:45:45 - [MESSAGE][PASSED] - projectSpecific.Reusability.login is PASSED

2018-05-21 11:45:45 - [TEST_STEP][PASSED] - delay: Delayed 10 second(s)

2018-05-21 11:45:55 - [MESSAGE][PASSED] - Delayed 10 second(s)

2018-05-21 11:45:55 - [TEST_STEP][PASSED] - uiaction.CommonUIActions.click: uiaction.CommonUIActions.click is PASSED

2018-05-21 11:46:58 - [MESSAGE][PASSED] - uiaction.CommonUIActions.click is PASSED

2018-05-21 11:46:58 - [TEST_STEP][PASSED] - uiaction.CommonUIActions.click: uiaction.CommonUIActions.click is PASSED

2018-05-21 11:47:00 - [MESSAGE][PASSED] - uiaction.CommonUIActions.click is PASSED

2018-05-21 11:47:00 - [TEST_STEP][PASSED] - Statement - storelabel = com.kms.katalon.core.webui.keyword.WebUiBuiltInKeywords.getAttribute(com.kms.katalon.core.testobject.ObjectRepository.findTestObject(StorePage/storeName), "value"): Attribute 'value' of object 'Object Repository/StorePage/storeName' is: 'McDonald3'

2018-05-21 11:47:00 - [MESSAGE][PASSED] - Attribute 'value' of object 'Object Repository/StorePage/storeName' is: 'McDonald3'

2018-05-21 11:47:00 - [TEST_STEP][PASSED] - Statement - storelabel = storelabel.trim(): null

2018-05-21 11:47:00 - [TEST_STEP][PASSED] - Statement - out.println(" the storename is--" + storelabel.trim()): null

2018-05-21 11:47:00 - [TEST_STEP][PASSED] - delay: Delayed 5 second(s)

2018-05-21 11:47:05 - [MESSAGE][PASSED] - Delayed 5 second(s)

2018-05-21 11:47:05 - [TEST_STEP][PASSED] - uiaction.CommonUIActions.click: uiaction.CommonUIActions.click is PASSED

2018-05-21 11:47:05 - [MESSAGE][PASSED] - uiaction.CommonUIActions.click is PASSED

2018-05-21 11:47:05 - [TEST_STEP][PASSED] - uiaction.CommonUIActions.click: uiaction.CommonUIActions.click is PASSED

2018-05-21 11:47:13 - [MESSAGE][PASSED] - uiaction.CommonUIActions.click is PASSED

2018-05-21 11:47:13 - [TEST_STEP][PASSED] - Statement - storenumber = CustomKeywords.uiaction.CommonUIActions.getText(com.kms.katalon.core.testobject.ObjectRepository.findTestObject(StorePage/storeID)): uiaction.CommonUIActions.getText is PASSED

2018-05-21 11:47:13 - [MESSAGE][PASSED] - uiaction.CommonUIActions.getText is PASSED

2018-05-21 11:47:13 - [TEST_STEP][PASSED] - Statement - out.println(" the store number is--" + storenumber.trim()): null

2018-05-21 11:47:13 - [TEST_STEP][PASSED] - uiaction.CommonUIActions.click: uiaction.CommonUIActions.click is PASSED

2018-05-21 11:47:16 - [MESSAGE][PASSED] - uiaction.CommonUIActions.click is PASSED

2018-05-21 11:47:16 - [TEST_STEP][PASSED] - verifyElementPresent: Object 'Object Repository/SummarizedReportPage/SummaryReportheader' is present

2018-05-21 11:47:16 - [MESSAGE][PASSED] - Object 'Object Repository/SummarizedReportPage/SummaryReportheader' is present

2018-05-21 11:47:16 - [TEST_STEP][PASSED] - Statement - println("Summary Reports screen will be displayed"): null

2018-05-21 11:47:16 - [TEST_STEP][PASSED] - uiaction.CommonUIActions.click: uiaction.CommonUIActions.click is PASSED

2018-05-21 11:47:18 - [MESSAGE][PASSED] - uiaction.CommonUIActions.click is PASSED

2018-05-21 11:47:18 - [TEST_STEP][PASSED] - uiaction.CommonUIActions.click: uiaction.CommonUIActions.click is PASSED

2018-05-21 11:47:34 - [MESSAGE][PASSED] - uiaction.CommonUIActions.click is PASSED

2018-05-21 11:47:34 - [TEST_STEP][PASSED] - uiaction.CommonUIActions.click: uiaction.CommonUIActions.click is PASSED

2018-05-21 11:47:36 - [MESSAGE][PASSED] - uiaction.CommonUIActions.click is PASSED

2018-05-21 11:47:36 - [TEST_STEP][PASSED] - uiaction.CommonUIActions.click: uiaction.CommonUIActions.click is PASSED

2018-05-21 11:47:36 - [MESSAGE][PASSED] - uiaction.CommonUIActions.click is PASSED

2018-05-21 11:47:36 - [TEST_STEP][PASSED] - uiaction.CommonUIActions.enter: uiaction.CommonUIActions.enter is PASSED

2018-05-21 11:47:36 - [MESSAGE][PASSED] - projectSpecific.Reusability.getTestData is PASSED

2018-05-21 11:47:36 - [MESSAGE][PASSED] - uiaction.CommonUIActions.enter is PASSED

2018-05-21 11:47:36 - [TEST_STEP][PASSED] - uiaction.CommonUIActions.enter: uiaction.CommonUIActions.enter is PASSED

2018-05-21 11:47:36 - [MESSAGE][PASSED] - projectSpecific.Reusability.getTestData is PASSED

2018-05-21 11:47:36 - [MESSAGE][PASSED] - uiaction.CommonUIActions.enter is PASSED

2018-05-21 11:47:36 - [TEST_STEP][PASSED] - Statement - groupmain = CustomKeywords.projectSpecific.Reusability.getTestData("ReportingGroupManagementPage", "Summarygrp"): projectSpecific.Reusability.getTestData is PASSED

2018-05-21 11:47:36 - [MESSAGE][PASSED] - projectSpecific.Reusability.getTestData is PASSED

2018-05-21 11:47:36 - [TEST_STEP][PASSED] - delay: Delayed 10 second(s)

2018-05-21 11:47:46 - [MESSAGE][PASSED] - Delayed 10 second(s)

2018-05-21 11:47:46 - [TEST_STEP][PASSED] - Statement - driver = com.kms.katalon.core.webui.driver.DriverFactory.getWebDriver(): null

2018-05-21 11:47:46 - [TEST_STEP][PASSED] - Statement - grouplist = driver.findElements(org.openqa.selenium.By.xpath("//ul[@class='unlinked-grouplist']/li")): null

2018-05-21 11:47:46 - [TEST_STEP][PASSED] - delay: Delayed 10 second(s)

2018-05-21 11:47:56 - [MESSAGE][PASSED] - Delayed 10 second(s)

2018-05-21 11:47:56 - [TEST_STEP][PASSED] - Statement - For ([i = 0, i < grouplist.size(), (i++)]): null

2018-05-21 11:47:56 - [TEST_STEP][PASSED] - Statement - println(grouplist.get(i).getText()): null

2018-05-21 11:47:56 - [TEST_STEP][PASSED] - Statement - If (grouplist.get(i).getText().contains(storelabel.trim())): null

2018-05-21 11:47:56 - [TEST_STEP][PASSED] - Statement - println(grouplist.get(i).getText()): null

2018-05-21 11:47:56 - [TEST_STEP][PASSED] - Statement - If (grouplist.get(i).getText().contains(storelabel.trim())): null

2018-05-21 11:47:56 - [TEST_STEP][PASSED] - Statement - println(grouplist.get(i).getText()): null

2018-05-21 11:47:56 - [TEST_STEP][PASSED] - Statement - If (grouplist.get(i).getText().contains(storelabel.trim())): null

2018-05-21 11:47:56 - [TEST_STEP][PASSED] - Statement - println(grouplist.get(i).getText()): null

2018-05-21 11:47:56 - [TEST_STEP][PASSED] - Statement - If (grouplist.get(i).getText().contains(storelabel.trim())): null

2018-05-21 11:47:56 - [TEST_STEP][PASSED] - Statement - println(grouplist.get(i).getText()): null

2018-05-21 11:47:56 - [TEST_STEP][PASSED] - Statement - If (grouplist.get(i).getText().contains(storelabel.trim())): null

2018-05-21 11:47:56 - [TEST_STEP][PASSED] - Statement - println(grouplist.get(i).getText()): null

2018-05-21 11:47:56 - [TEST_STEP][PASSED] - Statement - If (grouplist.get(i).getText().contains(storelabel.trim())): null

2018-05-21 11:47:56 - [TEST_STEP][PASSED] - Statement - println(grouplist.get(i).getText()): null

2018-05-21 11:47:56 - [TEST_STEP][PASSED] - Statement - If (grouplist.get(i).getText().contains(storelabel.trim())): null

2018-05-21 11:47:56 - [TEST_STEP][PASSED] - Statement - println(grouplist.get(i).getText()): null

2018-05-21 11:47:56 - [TEST_STEP][PASSED] - Statement - If (grouplist.get(i).getText().contains(storelabel.trim())): null

2018-05-21 11:47:56 - [TEST_STEP][PASSED] - Statement - println(grouplist.get(i).getText()): null

2018-05-21 11:47:56 - [TEST_STEP][PASSED] - Statement - If (grouplist.get(i).getText().contains(storelabel.trim())): null

2018-05-21 11:47:56 - [TEST_STEP][PASSED] - Statement - println(grouplist.get(i).getText()): null

2018-05-21 11:47:56 - [TEST_STEP][PASSED] - Statement - If (grouplist.get(i).getText().contains(storelabel.trim())): null

2018-05-21 11:47:56 - [TEST_STEP][PASSED] - Statement - println(grouplist.get(i).getText()): null

2018-05-21 11:47:56 - [TEST_STEP][PASSED] - Statement - If (grouplist.get(i).getText().contains(storelabel.trim())): null

2018-05-21 11:47:56 - [TEST_STEP][PASSED] - Statement - driver.findElement(org.openqa.selenium.By.xpath("(//ul[@class='unlinked-grouplist']/li/label)[" + i + 1 + "]")).click(): null

2018-05-21 11:47:56 - [TEST_STEP][PASSED] - Statement - driver.findElement(org.openqa.selenium.By.xpath("//button[contains(text(),'>')]")).click(): null

2018-05-21 11:47:57 - [TEST_STEP][PASSED] - Statement - Break: null

2018-05-21 11:47:57 - [TEST_STEP][PASSED] - delay: Delayed 10 second(s)

2018-05-21 11:48:07 - [MESSAGE][PASSED] - Delayed 10 second(s)

2018-05-21 11:48:07 - [TEST_STEP][PASSED] - uiaction.CommonUIActions.click: uiaction.CommonUIActions.click is PASSED

2018-05-21 11:48:07 - [MESSAGE][PASSED] - uiaction.CommonUIActions.click is PASSED

2018-05-21 11:48:07 - [TEST_STEP][PASSED] - uiaction.CommonUIActions.click: uiaction.CommonUIActions.click is PASSED

2018-05-21 11:48:07 - [MESSAGE][PASSED] - uiaction.CommonUIActions.click is PASSED

2018-05-21 11:48:07 - [TEST_STEP][PASSED] - delay: Delayed 10 second(s)

2018-05-21 11:48:17 - [MESSAGE][PASSED] - Delayed 10 second(s)

2018-05-21 11:48:17 - [TEST_STEP][PASSED] - uiaction.CommonUIActions.click: uiaction.CommonUIActions.click is PASSED

2018-05-21 11:48:17 - [MESSAGE][PASSED] - uiaction.CommonUIActions.click is PASSED

2018-05-21 11:48:17 - [TEST_STEP][PASSED] - delay: Delayed 10 second(s)

2018-05-21 11:48:27 - [MESSAGE][PASSED] - Delayed 10 second(s)

2018-05-21 11:48:27 - [TEST_STEP][PASSED] - Statement - driver.findElement(org.openqa.selenium.By.xpath("//span[contains(text(),'" + groupmain + "')]/../../../../span[1]")).click(): null

2018-05-21 11:48:27 - [TEST_STEP][PASSED] - delay: Delayed 4 second(s)

2018-05-21 11:48:31 - [MESSAGE][PASSED] - Delayed 4 second(s)

2018-05-21 11:48:31 - [TEST_STEP][PASSED] - uiaction.CommonUIActions.click: uiaction.CommonUIActions.click is PASSED

2018-05-21 11:48:31 - [MESSAGE][PASSED] - uiaction.CommonUIActions.click is PASSED

2018-05-21 11:48:31 - [TEST_STEP][PASSED] - Statement - storesCheckBoxList = driver.findElements(org.openqa.selenium.By.xpath(com.kms.katalon.core.testdata.TestDataFactory.findTestData(OR_file).getValue(2, 4))): Reading excel file with source file 'C:\Users\shalinin\Katalon Studio\HME_Scripts\Data Files\HME_OR.xlsx' and sheet name 'Sheet1'

2018-05-21 11:48:31 - [TEST_STEP][PASSED] - Statement - storesCheckBoxListChecked = driver.findElements(org.openqa.selenium.By.xpath(com.kms.katalon.core.testdata.TestDataFactory.findTestData(OR_file).getValue(2, 14))): Reading excel file with source file 'C:\Users\shalinin\Katalon Studio\HME_Scripts\Data Files\HME_OR.xlsx' and sheet name 'Sheet1'

2018-05-21 11:48:31 - [TEST_STEP][PASSED] - Statement - If (storesCheckBoxList.size() == storesCheckBoxListChecked.size()): null

2018-05-21 11:48:31 - [TEST_STEP][PASSED] - Statement - out.println("All Store checkboxes are checked after selecting SelectAll button"): null

2018-05-21 11:48:31 - [TEST_STEP][PASSED] - delay: Delayed 4 second(s)

2018-05-21 11:48:35 - [MESSAGE][PASSED] - Delayed 4 second(s)

2018-05-21 11:48:35 - [TEST_STEP][PASSED] - uiaction.CommonUIActions.click: uiaction.CommonUIActions.click is PASSED

2018-05-21 11:48:35 - [MESSAGE][PASSED] - uiaction.CommonUIActions.click is PASSED

2018-05-21 11:48:35 - [TEST_STEP][PASSED] - delay: Delayed 4 second(s)

2018-05-21 11:48:39 - [MESSAGE][PASSED] - Delayed 4 second(s)

2018-05-21 11:48:39 - [TEST_STEP][PASSED] - Statement - driver.findElement(org.openqa.selenium.By.xpath("//span[contains(text(),'" + groupmain + "')]/../../../../span[2]")).click(): null

2018-05-21 11:48:39 - [TEST_STEP][PASSED] - Statement - timemeasureoptions = driver.findElements(org.openqa.selenium.By.xpath("//select[@class='time-measures']/option")): null

2018-05-21 11:48:39 - [TEST_STEP][PASSED] - Statement - count = 0: null

2018-05-21 11:48:39 - [TEST_STEP][PASSED] - Statement - For ([i = 0, i < timemeasureoptions.size(), (i++)]): null

2018-05-21 11:48:39 - [TEST_STEP][PASSED] - Statement - println(timemeasureoptions.get(i).getText()): null

2018-05-21 11:48:39 - [TEST_STEP][PASSED] - Statement - If (timemeasureoptions.get(i).getText() == "Week"): null

2018-05-21 11:48:39 - [TEST_STEP][PASSED] - Statement - println(timemeasureoptions.get(i).getText()): null

2018-05-21 11:48:39 - [TEST_STEP][PASSED] - Statement - If (timemeasureoptions.get(i).getText() == "Week"): null

2018-05-21 11:48:39 - [TEST_STEP][PASSED] - Statement - println(timemeasureoptions.get(i).getText()): null

2018-05-21 11:48:39 - [TEST_STEP][PASSED] - Statement - If (timemeasureoptions.get(i).getText() == "Week"): null

2018-05-21 11:48:39 - [TEST_STEP][PASSED] - Statement - timemeasureoptions[i].click(): null

2018-05-21 11:48:39 - [TEST_STEP][PASSED] - Statement - (count++): null

2018-05-21 11:48:39 - [TEST_STEP][PASSED] - Statement - Break: null

2018-05-21 11:48:39 - [TEST_STEP][PASSED] - Statement - If (count > 0): null

2018-05-21 11:48:39 - [TEST_STEP][PASSED] - Statement - out.println("Week option is selected"): null

2018-05-21 11:48:39 - [TEST_STEP][PASSED] - delay: Delayed 5 second(s)

2018-05-21 11:48:44 - [MESSAGE][PASSED] - Delayed 5 second(s)

2018-05-21 11:48:44 - [TEST_STEP][PASSED] - click: Object: 'Object Repository/ReportsPage/fromDateSelector' is clicked on

2018-05-21 11:48:45 - [MESSAGE][PASSED] - Object: 'Object Repository/ReportsPage/fromDateSelector' is clicked on

2018-05-21 11:48:45 - [TEST_STEP][PASSED] - delay: Delayed 5 second(s)

2018-05-21 11:48:50 - [MESSAGE][PASSED] - Delayed 5 second(s)

2018-05-21 11:48:50 - [TEST_STEP][PASSED] - Statement - monthText = com.kms.katalon.core.webui.keyword.WebUiBuiltInKeywords.getText(com.kms.katalon.core.testobject.ObjectRepository.findTestObject(ReportsPage/monthText)): Text of object 'Object Repository/ReportsPage/monthText' is: 'May 2018'

2018-05-21 11:48:50 - [MESSAGE][PASSED] - Text of object 'Object Repository/ReportsPage/monthText' is: 'May 2018'

2018-05-21 11:48:50 - [TEST_STEP][PASSED] - Statement - monthTextArray = monthText.split(" "): null

2018-05-21 11:48:50 - [TEST_STEP][PASSED] - Statement - month = monthTextArray[0]: null

2018-05-21 11:48:50 - [TEST_STEP][PASSED] - Statement - monthTextValue = CustomKeywords.projectSpecific.Reusability.getTestData("ReportsPage", "Month"): projectSpecific.Reusability.getTestData is PASSED

2018-05-21 11:48:50 - [MESSAGE][PASSED] - projectSpecific.Reusability.getTestData is PASSED

2018-05-21 11:48:50 - [TEST_STEP][PASSED] - Statement - If (!(monthTextValue.equals(month))): null

2018-05-21 11:48:50 - [TEST_STEP][PASSED] - Statement - While (!(monthTextValue.equals(month))): null

2018-05-21 11:48:50 - [TEST_STEP][PASSED] - click: Object: 'Object Repository/ReportsPage/previousDateSelector' is clicked on

2018-05-21 11:48:50 - [MESSAGE][PASSED] - Object: 'Object Repository/ReportsPage/previousDateSelector' is clicked on

2018-05-21 11:48:50 - [TEST_STEP][PASSED] - Statement - monthText = com.kms.katalon.core.webui.keyword.WebUiBuiltInKeywords.getText(com.kms.katalon.core.testobject.ObjectRepository.findTestObject(ReportsPage/monthText)): Text of object 'Object Repository/ReportsPage/monthText' is: 'April 2018'

2018-05-21 11:48:50 - [MESSAGE][PASSED] - Text of object 'Object Repository/ReportsPage/monthText' is: 'April 2018'

2018-05-21 11:48:50 - [TEST_STEP][PASSED] - Statement - monthTextArray = monthText.split(" "): null

2018-05-21 11:48:50 - [TEST_STEP][PASSED] - Statement - month = monthTextArray[0]: null

2018-05-21 11:48:50 - [TEST_STEP][PASSED] - click: Object: 'Object Repository/ReportsPage/previousDateSelector' is clicked on

2018-05-21 11:48:50 - [MESSAGE][PASSED] - Object: 'Object Repository/ReportsPage/previousDateSelector' is clicked on

2018-05-21 11:48:50 - [TEST_STEP][PASSED] - Statement - monthText = com.kms.katalon.core.webui.keyword.WebUiBuiltInKeywords.getText(com.kms.katalon.core.testobject.ObjectRepository.findTestObject(ReportsPage/monthText)): Text of object 'Object Repository/ReportsPage/monthText' is: 'March 2018'

2018-05-21 11:48:50 - [MESSAGE][PASSED] - Text of object 'Object Repository/ReportsPage/monthText' is: 'March 2018'

2018-05-21 11:48:50 - [TEST_STEP][PASSED] - Statement - monthTextArray = monthText.split(" "): null

2018-05-21 11:48:50 - [TEST_STEP][PASSED] - Statement - month = monthTextArray[0]: null

2018-05-21 11:48:50 - [TEST_STEP][PASSED] - Statement - data = CustomKeywords.projectSpecific.Reusability.getTestData("ReportsPage", "startdate_TC8"): projectSpecific.Reusability.getTestData is PASSED

2018-05-21 11:48:50 - [MESSAGE][PASSED] - projectSpecific.Reusability.getTestData is PASSED

2018-05-21 11:48:50 - [TEST_STEP][PASSED] - Statement - startDate = "(//td[text()='" + data + "'])[1]": null

2018-05-21 11:48:50 - [TEST_STEP][PASSED] - Statement - println(startDate): null

2018-05-21 11:48:50 - [TEST_STEP][PASSED] - Statement - startdateEle = driver.findElement(org.openqa.selenium.By.xpath(startDate)): null

2018-05-21 11:48:50 - [TEST_STEP][PASSED] - Statement - startdateEle.click(): null

2018-05-21 11:48:50 - [TEST_STEP][PASSED] - delay: Delayed 5 second(s)

2018-05-21 11:48:55 - [MESSAGE][PASSED] - Delayed 5 second(s)

2018-05-21 11:48:55 - [TEST_STEP][PASSED] - click: Object: 'Object Repository/ReportsPage/toDateSelector' is clicked on

2018-05-21 11:48:55 - [MESSAGE][PASSED] - Object: 'Object Repository/ReportsPage/toDateSelector' is clicked on

2018-05-21 11:48:55 - [TEST_STEP][PASSED] - Statement - monthText = com.kms.katalon.core.webui.keyword.WebUiBuiltInKeywords.getText(com.kms.katalon.core.testobject.ObjectRepository.findTestObject(ReportsPage/monthText2)): Text of object 'Object Repository/ReportsPage/monthText2' is: 'May 2018'

2018-05-21 11:48:55 - [MESSAGE][PASSED] - Text of object 'Object Repository/ReportsPage/monthText2' is: 'May 2018'

2018-05-21 11:48:55 - [TEST_STEP][PASSED] - Statement - monthTextArray = monthText.split(" "): null

2018-05-21 11:48:55 - [TEST_STEP][PASSED] - Statement - month = monthTextArray[0]: null

2018-05-21 11:48:55 - [TEST_STEP][PASSED] - Statement - If (!(monthTextValue.equals(month))): null

2018-05-21 11:48:55 - [TEST_STEP][PASSED] - Statement - While (!(monthTextValue.equals(month))): null

2018-05-21 11:48:55 - [TEST_STEP][PASSED] - click: Object: 'Object Repository/ReportsPage/previousDateSelector2' is clicked on

2018-05-21 11:48:55 - [MESSAGE][PASSED] - Object: 'Object Repository/ReportsPage/previousDateSelector2' is clicked on

2018-05-21 11:48:55 - [TEST_STEP][PASSED] - Statement - monthText = com.kms.katalon.core.webui.keyword.WebUiBuiltInKeywords.getText(com.kms.katalon.core.testobject.ObjectRepository.findTestObject(ReportsPage/monthText2)): Text of object 'Object Repository/ReportsPage/monthText2' is: 'April 2018'

2018-05-21 11:48:55 - [MESSAGE][PASSED] - Text of object 'Object Repository/ReportsPage/monthText2' is: 'April 2018'

2018-05-21 11:48:55 - [TEST_STEP][PASSED] - Statement - monthTextArray = monthText.split(" "): null

2018-05-21 11:48:55 - [TEST_STEP][PASSED] - Statement - month = monthTextArray[0]: null

2018-05-21 11:48:55 - [TEST_STEP][PASSED] - click: Object: 'Object Repository/ReportsPage/previousDateSelector2' is clicked on

2018-05-21 11:48:55 - [MESSAGE][PASSED] - Object: 'Object Repository/ReportsPage/previousDateSelector2' is clicked on

2018-05-21 11:48:55 - [TEST_STEP][PASSED] - Statement - monthText = com.kms.katalon.core.webui.keyword.WebUiBuiltInKeywords.getText(com.kms.katalon.core.testobject.ObjectRepository.findTestObject(ReportsPage/monthText2)): Text of object 'Object Repository/ReportsPage/monthText2' is: 'March 2018'

2018-05-21 11:48:55 - [MESSAGE][PASSED] - Text of object 'Object Repository/ReportsPage/monthText2' is: 'March 2018'

2018-05-21 11:48:55 - [TEST_STEP][PASSED] - Statement - monthTextArray = monthText.split(" "): null

2018-05-21 11:48:55 - [TEST_STEP][PASSED] - Statement - month = monthTextArray[0]: null

2018-05-21 11:48:55 - [TEST_STEP][PASSED] - Statement - endDate = CustomKeywords.projectSpecific.Reusability.getTestData("ReportsPage", "EndDate"): projectSpecific.Reusability.getTestData is PASSED

2018-05-21 11:48:55 - [MESSAGE][PASSED] - projectSpecific.Reusability.getTestData is PASSED

2018-05-21 11:48:55 - [TEST_STEP][PASSED] - Statement - toDate = "(//td[text()='" + endDate + "'])[2]": null

2018-05-21 11:48:55 - [TEST_STEP][PASSED] - Statement - toDateEle = driver.findElement(org.openqa.selenium.By.xpath(toDate)): null

2018-05-21 11:48:55 - [TEST_STEP][PASSED] - Statement - toDateEle.click(): null

2018-05-21 11:48:55 - [TEST_STEP][PASSED] - delay: Delayed 5 second(s)

2018-05-21 11:49:00 - [MESSAGE][PASSED] - Delayed 5 second(s)

2018-05-21 11:49:00 - [TEST_STEP][PASSED] - Statement - dateAttr = com.kms.katalon.core.webui.keyword.WebUiBuiltInKeywords.getAttribute(com.kms.katalon.core.testobject.ObjectRepository.findTestObject(ReportsPage/selectedDate1), "value"): Attribute 'value' of object 'Object Repository/ReportsPage/selectedDate1' is: '03/07/2018'

2018-05-21 11:49:00 - [MESSAGE][PASSED] - Attribute 'value' of object 'Object Repository/ReportsPage/selectedDate1' is: '03/07/2018'

2018-05-21 11:49:00 - [TEST_STEP][PASSED] - Statement - fromDateValue = CustomKeywords.projectSpecific.Reusability.getTestData("ReportsPage", "Fromdate_TC8"): projectSpecific.Reusability.getTestData is PASSED

2018-05-21 11:49:00 - [MESSAGE][PASSED] - projectSpecific.Reusability.getTestData is PASSED

2018-05-21 11:49:00 - [TEST_STEP][PASSED] - Statement - If (!(dateAttr.equals(fromDateValue))): null

2018-05-21 11:49:00 - [TEST_STEP][PASSED] - Statement - dateAttr = com.kms.katalon.core.webui.keyword.WebUiBuiltInKeywords.getAttribute(com.kms.katalon.core.testobject.ObjectRepository.findTestObject(ReportsPage/selectedDate2), "value"): Attribute 'value' of object 'Object Repository/ReportsPage/selectedDate2' is: '03/14/2018'

2018-05-21 11:49:00 - [MESSAGE][PASSED] - Attribute 'value' of object 'Object Repository/ReportsPage/selectedDate2' is: '03/14/2018'

2018-05-21 11:49:00 - [TEST_STEP][PASSED] - Statement - toDateValue = CustomKeywords.projectSpecific.Reusability.getTestData("ReportsPage", "toDate"): projectSpecific.Reusability.getTestData is PASSED

2018-05-21 11:49:00 - [MESSAGE][PASSED] - projectSpecific.Reusability.getTestData is PASSED

2018-05-21 11:49:00 - [TEST_STEP][PASSED] - Statement - If (!(dateAttr.equals(toDateValue))): null

2018-05-21 11:49:00 - [TEST_STEP][PASSED] - uiaction.CommonUIActions.click: uiaction.CommonUIActions.click is PASSED

2018-05-21 11:49:00 - [MESSAGE][PASSED] - uiaction.CommonUIActions.click is PASSED

2018-05-21 11:49:00 - [TEST_STEP][PASSED] - uiaction.CommonUIActions.click: uiaction.CommonUIActions.click is PASSED

2018-05-21 11:49:00 - [MESSAGE][PASSED] - uiaction.CommonUIActions.click is PASSED

2018-05-21 11:49:00 - [TEST_STEP][PASSED] - uiaction.CommonUIActions.click: uiaction.CommonUIActions.click is PASSED

2018-05-21 11:49:01 - [MESSAGE][PASSED] - uiaction.CommonUIActions.click is PASSED

2018-05-21 11:49:01 - [TEST_STEP][PASSED] - uiaction.CommonUIActions.enter: uiaction.CommonUIActions.enter is PASSED

2018-05-21 11:49:01 - [MESSAGE][PASSED] - uiaction.CommonUIActions.enter is PASSED

2018-05-21 11:49:01 - [TEST_STEP][PASSED] - click: Object: 'Object Repository/ReportsPage/report_submit' is clicked on

2018-05-21 11:49:01 - [MESSAGE][PASSED] - Object: 'Object Repository/ReportsPage/report_submit' is clicked on

2018-05-21 11:49:01 - [TEST_STEP][PASSED] - delay: Delayed 10 second(s)

2018-05-21 11:49:11 - [MESSAGE][PASSED] - Delayed 10 second(s)

2018-05-21 11:49:11 - [TEST_STEP][PASSED] - uiaction.CommonUIActions.click: uiaction.CommonUIActions.click is PASSED

2018-05-21 11:49:14 - [MESSAGE][PASSED] - uiaction.CommonUIActions.click is PASSED

2018-05-21 11:49:14 - [TEST_STEP][PASSED] - uiaction.CommonUIActions.click: uiaction.CommonUIActions.click is PASSED

2018-05-21 11:49:15 - [MESSAGE][PASSED] - uiaction.CommonUIActions.click is PASSED

2018-05-21 11:49:15 - [TEST_STEP][PASSED] - delay: Delayed 10 second(s)

2018-05-21 11:49:25 - [MESSAGE][PASSED] - Delayed 10 second(s)

2018-05-21 11:49:25 - [TEST_STEP][PASSED] - Statement - savedtemplatelist = driver.findElements(org.openqa.selenium.By.xpath("(//div[@class='saved-reports'])[2]/div")): null

2018-05-21 11:49:25 - [TEST_STEP][PASSED] - Statement - counttemplate = 0: null

2018-05-21 11:49:25 - [TEST_STEP][PASSED] - Statement - For ([i = 1, i <= savedtemplatelist.size(), (i++)]): null

2018-05-21 11:49:25 - [TEST_STEP][PASSED] - Statement - templatename = driver.findElement(org.openqa.selenium.By.xpath("((//div[@class='saved-reports'])[2]/div[@class='templateRow'])[" + i + "]")).getText(): null

2018-05-21 11:49:25 - [TEST_STEP][PASSED] - Statement - If (templatename == "HME-test"): null

2018-05-21 11:49:25 - [TEST_STEP][PASSED] - Statement - templatename = driver.findElement(org.openqa.selenium.By.xpath("((//div[@class='saved-reports'])[2]/div[@class='templateRow'])[" + i + "]")).getText(): null

2018-05-21 11:49:25 - [TEST_STEP][PASSED] - Statement - If (templatename == "HME-test"): null

2018-05-21 11:49:25 - [TEST_STEP][PASSED] - Statement - templatename = driver.findElement(org.openqa.selenium.By.xpath("((//div[@class='saved-reports'])[2]/div[@class='templateRow'])[" + i + "]")).getText(): null

2018-05-21 11:49:25 - [TEST_STEP][PASSED] - Statement - If (templatename == "HME-test"): null

2018-05-21 11:49:25 - [TEST_STEP][PASSED] - Statement - templatename = driver.findElement(org.openqa.selenium.By.xpath("((//div[@class='saved-reports'])[2]/div[@class='templateRow'])[" + i + "]")).getText(): null

2018-05-21 11:49:25 - [TEST_STEP][PASSED] - Statement - If (templatename == "HME-test"): null

2018-05-21 11:49:25 - [TEST_STEP][PASSED] - Statement - (counttemplate++): null

2018-05-21 11:49:25 - [TEST_STEP][PASSED] - Statement - driver.findElement(org.openqa.selenium.By.xpath("(//div[@class='saved-reports'])[2]/div['" + i + "']")).click(): null

2018-05-21 11:49:25 - [TEST_STEP][PASSED] - Statement - Break: null

2018-05-21 11:49:25 - [TEST_STEP][PASSED] - Statement - If (counttemplate > 0): null

2018-05-21 11:49:25 - [TEST_STEP][PASSED] - Statement - out.println("Template is saved"): null

2018-05-21 11:49:25 - [TEST_STEP][PASSED] - uiaction.CommonUIActions.click: uiaction.CommonUIActions.click is PASSED

2018-05-21 11:49:25 - [MESSAGE][PASSED] - uiaction.CommonUIActions.click is PASSED

2018-05-21 11:49:25 - [TEST_STEP][PASSED] - delay: Delayed 10 second(s)

2018-05-21 11:49:35 - [MESSAGE][PASSED] - Delayed 10 second(s)

2018-05-21 11:49:35 - [TEST_STEP][PASSED] - uiaction.CommonUIActions.click: uiaction.CommonUIActions.click is PASSED

2018-05-21 11:49:39 - [MESSAGE][PASSED] - uiaction.CommonUIActions.click is PASSED

2018-05-21 11:49:39 - [TEST_STEP][PASSED] - uiaction.CommonUIActions.click: uiaction.CommonUIActions.click is PASSED

2018-05-21 11:49:39 - [MESSAGE][PASSED] - uiaction.CommonUIActions.click is PASSED

2018-05-21 11:49:39 - [TEST_STEP][PASSED] - delay: Delayed 10 second(s)

2018-05-21 11:49:49 - [MESSAGE][PASSED] - Delayed 10 second(s)

2018-05-21 11:49:49 - [TEST_STEP][PASSED] - Statement - savedtemplatelist2 = driver.findElements(org.openqa.selenium.By.xpath("(//div[@class='saved-reports'])[2]/div")): null

2018-05-21 11:49:49 - [TEST_STEP][PASSED] - Statement - counttemplate2 = 0: null

2018-05-21 11:49:49 - [TEST_STEP][PASSED] - Statement - For ([i = 1, i <= savedtemplatelist2.size(), (i++)]): null

2018-05-21 11:49:49 - [TEST_STEP][PASSED] - Statement - templatename2 = driver.findElement(org.openqa.selenium.By.xpath("((//div[@class='saved-reports'])[2]/div[@class='templateRow'])[" + i + "]")).getText(): null

2018-05-21 11:49:49 - [TEST_STEP][PASSED] - Statement - If (templatename2 == "HME-test"): null

2018-05-21 11:49:49 - [TEST_STEP][PASSED] - Statement - templatename2 = driver.findElement(org.openqa.selenium.By.xpath("((//div[@class='saved-reports'])[2]/div[@class='templateRow'])[" + i + "]")).getText(): null

2018-05-21 11:49:49 - [TEST_STEP][PASSED] - Statement - If (templatename2 == "HME-test"): null

2018-05-21 11:49:49 - [TEST_STEP][PASSED] - Statement - templatename2 = driver.findElement(org.openqa.selenium.By.xpath("((//div[@class='saved-reports'])[2]/div[@class='templateRow'])[" + i + "]")).getText(): null

2018-05-21 11:49:49 - [TEST_STEP][PASSED] - Statement - If (templatename2 == "HME-test"): null

2018-05-21 11:49:49 - [TEST_STEP][PASSED] - Statement - If (counttemplate2 > 0): null

2018-05-21 11:49:49 - [TEST_STEP][PASSED] - Statement - Else: null

2018-05-21 11:49:49 - [TEST_STEP][PASSED] - Statement - println("Template is deleted Succesfully"): null

2018-05-21 11:49:49 - [TEST_STEP][PASSED] - delay: Delayed 5 second(s)

2018-05-21 11:49:54 - [MESSAGE][PASSED] - Delayed 5 second(s)

2018-05-21 11:49:54 - [TEST_STEP][PASSED] - uiaction.CommonUIActions.click: uiaction.CommonUIActions.click is PASSED

2018-05-21 11:49:58 - [MESSAGE][PASSED] - uiaction.CommonUIActions.click is PASSED

2018-05-21 11:49:58 - [TEST_STEP][PASSED] - uiaction.CommonUIActions.click: uiaction.CommonUIActions.click is PASSED

2018-05-21 11:50:10 - [MESSAGE][PASSED] - uiaction.CommonUIActions.click is PASSED

2018-05-21 11:50:10 - [TEST_STEP][PASSED] - uiaction.CommonUIActions.click: uiaction.CommonUIActions.click is PASSED

2018-05-21 11:50:11 - [MESSAGE][PASSED] - uiaction.CommonUIActions.click is PASSED

2018-05-21 11:50:11 - [TEST_STEP][PASSED] - delay: Delayed 5 second(s)

2018-05-21 11:50:16 - [MESSAGE][PASSED] - Delayed 5 second(s)

2018-05-21 11:50:16 - [TEST_STEP][PASSED] - uiaction.CommonUIActions.click: uiaction.CommonUIActions.click is PASSED

2018-05-21 11:50:16 - [MESSAGE][PASSED] - uiaction.CommonUIActions.click is PASSED

2018-05-21 11:50:16 - [TEST_STEP][PASSED] - delay: Delayed 5 second(s)

2018-05-21 11:50:21 - [MESSAGE][PASSED] - Delayed 5 second(s)

2018-05-21 11:50:21 - [TEST_STEP][PASSED] - uiaction.CommonUIActions.click: uiaction.CommonUIActions.click is PASSED

2018-05-21 11:50:21 - [MESSAGE][PASSED] - uiaction.CommonUIActions.click is PASSED

2018-05-21 11:50:21 - [TEST_STEP][PASSED] - uiaction.CommonUIActions.click: uiaction.CommonUIActions.click is PASSED

2018-05-21 11:50:21 - [MESSAGE][PASSED] - uiaction.CommonUIActions.click is PASSED

2018-05-21 11:50:21 - [TEST_STEP][PASSED] - uiaction.CommonUIActions.click: uiaction.CommonUIActions.click is PASSED

2018-05-21 11:50:22 - [MESSAGE][PASSED] - uiaction.CommonUIActions.click is PASSED

2018-05-21 11:50:22 - [TEST_STEP][PASSED] - Statement - assert TCflag == true: null

2018-05-21 11:50:22 - [TEST_STEP][PASSED] - Start listener action : sampleAfterTestCase: Browser is closed

2018-05-21 11:50:22 - [TEST_STEP][PASSED] - Statement - println(testCaseContext.getTestCaseId()): null

2018-05-21 11:50:22 - [TEST_STEP][PASSED] - Statement - println(testCaseContext.getTestCaseStatus()): null

2018-05-21 11:50:22 - [TEST_STEP][PASSED] - closeBrowser: Browser is closed

2018-05-21 11:50:23 - [MESSAGE][PASSED] - Browser is closed]]></system-out>
         <system-err><![CDATA[]]></system-err>
      </testcase>
      <system-out><![CDATA[2018-05-21 11:12:06 - [TEST_SUITE][FAILED] - RegressionSuite: Test Cases/TimeZoneTC/HME-Browser-Timezone-01 FAILED because (of) org.codehaus.groovy.runtime.powerassert.PowerAssertionError: assert TCflag==true
       |     |
       false false]]></system-out>
      <system-err><![CDATA[2018-05-21 11:12:06 - [TEST_SUITE][FAILED] - RegressionSuite: Test Cases/TimeZoneTC/HME-Browser-Timezone-01 FAILED because (of) org.codehaus.groovy.runtime.powerassert.PowerAssertionError: assert TCflag==true
       |     |
       false false]]></system-err>
   </testsuite>
</testsuites>
