<?xml version="1.0" encoding="UTF-8"?>
<testsuites name="RegressionSuite" time="2209" tests="4" failures="1" errors="0">
   <testsuite name="RegressionSuite" tests="4" failures="1" errors="0" time="2209" timestamp="2018-06-11 15:41:26" hostname="shalinin - NIBC2129.nousinfo.com" id="Test Suites/RegressionSuite">
      <properties>
         <property name="deviceName" value=""/>
         <property name="devicePlatform" value=""/>
         <property name="logFolder" value="C:\\Users\\shalinin\\Katalon Studio\\HME_Scripts\\Reports\\RegressionSuite\\20180611_154124"/>
         <property name="logFiles" value="C:\\Users\\shalinin\\Katalon Studio\\HME_Scripts\\Reports\\RegressionSuite\\20180611_154124\\execution0.log"/>
         <property name="attachments" value="C:\\Users\\shalinin\\Katalon Studio\\HME_Scripts\\Reports\\RegressionSuite\\20180611_154124\\1528713811963.png"/>
         <property name="hostName" value="shalinin - NIBC2129.nousinfo.com"/>
         <property name="os" value="Windows 7 64bit"/>
         <property name="katalonVersion" value="5.3.1.1"/>
         <property name="browser" value="Chrome 67.0.3396.79"/>
         <property name="hostAddress" value="192.168.24.174"/>
         <property name="sessionId" value="37597384470fb95a8b82c6c0f885dd31"/>
         <property name="seleniumVersion" value="3.7.1"/>
         <property name="proxyInformation" value="ProxyInformation{proxyOption=NO_PROXY, proxyServerType=HTTP, password=, proxyServerAddress=, proxyServerPort=0}"/>
         <property name="platform" value="Windows 7"/>
      </properties>
      <testcase name="Test Cases/MasqueradeTC/HME-Masquerade-06" classname="Test Cases/MasqueradeTC/HME-Masquerade-06" status="PASSED">
         <system-out><![CDATA[2018-06-11 15:41:27 - [TEST_CASE][PASSED] - Test Cases/MasqueradeTC/HME-Masquerade-06: Browser is closed

2018-06-11 15:41:27 - [TEST_STEP][PASSED] - Start listener action : sampleBeforeTestCase: uiaction.CommonUIActions.deleteAllCookies is PASSED

2018-06-11 15:41:27 - [TEST_STEP][PASSED] - openBrowser: Browser is opened with url: ''

2018-06-11 15:41:30 - [MESSAGE][PASSED] - Browser is opened with url: ''

2018-06-11 15:41:30 - [TEST_STEP][PASSED] - maximizeWindow: Current window maximized

2018-06-11 15:41:31 - [MESSAGE][PASSED] - Current window maximized

2018-06-11 15:41:31 - [TEST_STEP][PASSED] - uiaction.CommonUIActions.deleteAllCookies: uiaction.CommonUIActions.deleteAllCookies is PASSED

2018-06-11 15:41:31 - [MESSAGE][PASSED] - Delete all cookies successfully

2018-06-11 15:41:31 - [MESSAGE][PASSED] - uiaction.CommonUIActions.deleteAllCookies is PASSED

2018-06-11 15:41:31 - [TEST_STEP][PASSED] - Statement - TCflag = true: null

2018-06-11 15:41:31 - [TEST_STEP][PASSED] - Statement - Try: uiaction.CommonUIActions.click is PASSED

2018-06-11 15:41:31 - [TEST_STEP][PASSED] - navigateToUrl: Navigate to 'https://hme-dev-public-cloud-app.azurewebsites.net/admin' successfully

2018-06-11 15:41:34 - [MESSAGE][PASSED] - Navigate to 'https://hme-dev-public-cloud-app.azurewebsites.net/admin' successfully

2018-06-11 15:41:34 - [TEST_STEP][PASSED] - delay: Delayed 15 second(s)

2018-06-11 15:41:49 - [MESSAGE][PASSED] - Delayed 15 second(s)

2018-06-11 15:41:49 - [TEST_STEP][PASSED] - Statement - driver = com.kms.katalon.core.webui.driver.DriverFactory.getWebDriver(): null

2018-06-11 15:41:49 - [TEST_STEP][PASSED] - projectSpecific.Reusability.login: projectSpecific.Reusability.login is PASSED

2018-06-11 15:41:50 - [MESSAGE][PASSED] - projectSpecific.Reusability.getTestData is PASSED

2018-06-11 15:41:50 - [MESSAGE][PASSED] - projectSpecific.Reusability.getTestData is PASSED

2018-06-11 15:41:50 - [MESSAGE][PASSED] - Text 'nous-abhradipr@hme.com' is set on object 'Object Repository/LoginPage/Username'

2018-06-11 15:41:50 - [MESSAGE][PASSED] - Text '6Qt*qmL88' is set on object 'Object Repository/LoginPage/Password'

2018-06-11 15:41:51 - [MESSAGE][PASSED] - Object: 'Object Repository/LoginPage/Login' is clicked on

2018-06-11 15:41:51 - [MESSAGE][PASSED] - projectSpecific.Reusability.login is PASSED

2018-06-11 15:41:51 - [TEST_STEP][PASSED] - delay: Delayed 15 second(s)

2018-06-11 15:42:06 - [MESSAGE][PASSED] - Delayed 15 second(s)

2018-06-11 15:42:06 - [TEST_STEP][PASSED] - verifyElementPresent: Object 'Object Repository/HomePage/loggedinUser' is present

2018-06-11 15:42:09 - [MESSAGE][PASSED] - Object 'Object Repository/HomePage/loggedinUser' is present

2018-06-11 15:42:09 - [TEST_STEP][PASSED] - Statement - loggedInUser = CustomKeywords.uiaction.CommonUIActions.getText(com.kms.katalon.core.testobject.ObjectRepository.findTestObject(HomePage/loggedinUser)): uiaction.CommonUIActions.getText is PASSED

2018-06-11 15:42:10 - [MESSAGE][PASSED] - uiaction.CommonUIActions.getText is PASSED

2018-06-11 15:42:10 - [TEST_STEP][PASSED] - Statement - loggedInUser = loggedInUser.trim(): null

2018-06-11 15:42:10 - [TEST_STEP][PASSED] - Statement - loggedinText = CustomKeywords.projectSpecific.Reusability.getTestData("HomePage", "loggedinText"): projectSpecific.Reusability.getTestData is PASSED

2018-06-11 15:42:10 - [MESSAGE][PASSED] - projectSpecific.Reusability.getTestData is PASSED

2018-06-11 15:42:10 - [TEST_STEP][PASSED] - Statement - If (loggedInUser.equals(loggedinText)): null

2018-06-11 15:42:10 - [TEST_STEP][PASSED] - uiaction.CommonUIActions.click: uiaction.CommonUIActions.click is PASSED

2018-06-11 15:42:11 - [MESSAGE][PASSED] - uiaction.CommonUIActions.click is PASSED

2018-06-11 15:42:11 - [TEST_STEP][PASSED] - delay: Delayed 10 second(s)

2018-06-11 15:42:21 - [MESSAGE][PASSED] - Delayed 10 second(s)

2018-06-11 15:42:21 - [TEST_STEP][PASSED] - Statement - searchUserText2 = CustomKeywords.projectSpecific.Reusability.getTestData("UsersPage", "userSearchText2"): projectSpecific.Reusability.getTestData is PASSED

2018-06-11 15:42:21 - [MESSAGE][PASSED] - projectSpecific.Reusability.getTestData is PASSED

2018-06-11 15:42:21 - [TEST_STEP][PASSED] - uiaction.CommonUIActions.enter: uiaction.CommonUIActions.enter is PASSED

2018-06-11 15:42:21 - [MESSAGE][PASSED] - uiaction.CommonUIActions.enter is PASSED

2018-06-11 15:42:21 - [TEST_STEP][PASSED] - uiaction.CommonUIActions.click: uiaction.CommonUIActions.click is PASSED

2018-06-11 15:42:21 - [MESSAGE][PASSED] - uiaction.CommonUIActions.click is PASSED

2018-06-11 15:42:21 - [TEST_STEP][PASSED] - delay: Delayed 10 second(s)

2018-06-11 15:42:31 - [MESSAGE][PASSED] - Delayed 10 second(s)

2018-06-11 15:42:31 - [TEST_STEP][PASSED] - uiaction.CommonUIActions.click: uiaction.CommonUIActions.click is PASSED

2018-06-11 15:42:34 - [MESSAGE][PASSED] - uiaction.CommonUIActions.click is PASSED

2018-06-11 15:42:34 - [TEST_STEP][PASSED] - refresh: Refresh successfully

2018-06-11 15:42:34 - [MESSAGE][PASSED] - Refresh successfully

2018-06-11 15:42:34 - [TEST_STEP][PASSED] - delay: Delayed 15 second(s)

2018-06-11 15:42:49 - [MESSAGE][PASSED] - Delayed 15 second(s)

2018-06-11 15:42:49 - [TEST_STEP][PASSED] - Statement - viewAsUser = CustomKeywords.uiaction.CommonUIActions.getText(com.kms.katalon.core.testobject.ObjectRepository.findTestObject(UsersPage/viewAsUserText)): uiaction.CommonUIActions.getText is PASSED

2018-06-11 15:42:49 - [MESSAGE][PASSED] - uiaction.CommonUIActions.getText is PASSED

2018-06-11 15:42:49 - [TEST_STEP][PASSED] - Statement - viewAsUser = viewAsUser.trim(): null

2018-06-11 15:42:49 - [TEST_STEP][PASSED] - Statement - viewAsUserText = CustomKeywords.projectSpecific.Reusability.getTestData("HomePage", "viewAsUserText"): projectSpecific.Reusability.getTestData is PASSED

2018-06-11 15:42:49 - [MESSAGE][PASSED] - projectSpecific.Reusability.getTestData is PASSED

2018-06-11 15:42:49 - [TEST_STEP][PASSED] - Statement - If (viewAsUser.equals(viewAsUserText)): null

2018-06-11 15:42:49 - [TEST_STEP][PASSED] - delay: Delayed 10 second(s)

2018-06-11 15:42:59 - [MESSAGE][PASSED] - Delayed 10 second(s)

2018-06-11 15:42:59 - [TEST_STEP][PASSED] - uiaction.CommonUIActions.click: uiaction.CommonUIActions.click is PASSED

2018-06-11 15:43:01 - [MESSAGE][PASSED] - uiaction.CommonUIActions.click is PASSED

2018-06-11 15:43:01 - [TEST_STEP][PASSED] - delay: Delayed 10 second(s)

2018-06-11 15:43:11 - [MESSAGE][PASSED] - Delayed 10 second(s)

2018-06-11 15:43:11 - [TEST_STEP][PASSED] - uiaction.CommonUIActions.click: uiaction.CommonUIActions.click is PASSED

2018-06-11 15:43:11 - [MESSAGE][PASSED] - uiaction.CommonUIActions.click is PASSED

2018-06-11 15:43:11 - [TEST_STEP][PASSED] - delay: Delayed 10 second(s)

2018-06-11 15:43:21 - [MESSAGE][PASSED] - Delayed 10 second(s)

2018-06-11 15:43:21 - [TEST_STEP][PASSED] - verifyElementPresent: Object 'Object Repository/UsersPage/users' is present

2018-06-11 15:43:21 - [MESSAGE][PASSED] - Object 'Object Repository/UsersPage/users' is present

2018-06-11 15:43:21 - [TEST_STEP][PASSED] - verifyElementPresent: Object 'Object Repository/UsersPage/viewEditButton' is present

2018-06-11 15:43:21 - [MESSAGE][PASSED] - Object 'Object Repository/UsersPage/viewEditButton' is present

2018-06-11 15:43:21 - [TEST_STEP][PASSED] - delay: Delayed 5 second(s)

2018-06-11 15:43:26 - [MESSAGE][PASSED] - Delayed 5 second(s)

2018-06-11 15:43:26 - [TEST_STEP][PASSED] - Statement - userList = driver.findElements(org.openqa.selenium.By.xpath(com.kms.katalon.core.testdata.TestDataFactory.findTestData(OR_file).getValue(2, 19))): Reading excel file with source file 'C:\Users\shalinin\Katalon Studio\HME_Scripts\Data Files\HME_OR.xlsx' and sheet name 'Sheet1'

2018-06-11 15:43:26 - [TEST_STEP][PASSED] - Statement - size1 = userList.size(): null

2018-06-11 15:43:26 - [TEST_STEP][PASSED] - Statement - If (size1 <= 0): null

2018-06-11 15:43:26 - [TEST_STEP][PASSED] - Statement - Else: null

2018-06-11 15:43:26 - [TEST_STEP][PASSED] - Statement - out.println("User List is displayed"): null

2018-06-11 15:43:26 - [TEST_STEP][PASSED] - uiaction.CommonUIActions.click: uiaction.CommonUIActions.click is PASSED

2018-06-11 15:43:28 - [MESSAGE][PASSED] - uiaction.CommonUIActions.click is PASSED

2018-06-11 15:43:28 - [TEST_STEP][PASSED] - delay: Delayed 10 second(s)

2018-06-11 15:43:38 - [MESSAGE][PASSED] - Delayed 10 second(s)

2018-06-11 15:43:38 - [TEST_STEP][PASSED] - verifyElementPresent: Object 'Object Repository/StorePage/storeListHeading2' is present

2018-06-11 15:43:38 - [MESSAGE][PASSED] - Object 'Object Repository/StorePage/storeListHeading2' is present

2018-06-11 15:43:38 - [TEST_STEP][PASSED] - uiaction.CommonUIActions.click: uiaction.CommonUIActions.click is PASSED

2018-06-11 15:43:40 - [MESSAGE][PASSED] - uiaction.CommonUIActions.click is PASSED

2018-06-11 15:43:40 - [TEST_STEP][PASSED] - delay: Delayed 10 second(s)

2018-06-11 15:43:50 - [MESSAGE][PASSED] - Delayed 10 second(s)

2018-06-11 15:43:50 - [TEST_STEP][PASSED] - uiaction.CommonUIActions.click: uiaction.CommonUIActions.click is PASSED

2018-06-11 15:43:50 - [MESSAGE][PASSED] - uiaction.CommonUIActions.click is PASSED

2018-06-11 15:43:50 - [TEST_STEP][PASSED] - delay: Delayed 10 second(s)

2018-06-11 15:44:00 - [MESSAGE][PASSED] - Delayed 10 second(s)

2018-06-11 15:44:00 - [TEST_STEP][PASSED] - Statement - searchUserText2 = CustomKeywords.projectSpecific.Reusability.getTestData("UsersPage", "userSearchText2"): projectSpecific.Reusability.getTestData is PASSED

2018-06-11 15:44:00 - [MESSAGE][PASSED] - projectSpecific.Reusability.getTestData is PASSED

2018-06-11 15:44:00 - [TEST_STEP][PASSED] - uiaction.CommonUIActions.enter: uiaction.CommonUIActions.enter is PASSED

2018-06-11 15:44:01 - [MESSAGE][PASSED] - uiaction.CommonUIActions.enter is PASSED

2018-06-11 15:44:01 - [TEST_STEP][PASSED] - uiaction.CommonUIActions.click: uiaction.CommonUIActions.click is PASSED

2018-06-11 15:44:01 - [MESSAGE][PASSED] - uiaction.CommonUIActions.click is PASSED

2018-06-11 15:44:01 - [TEST_STEP][PASSED] - delay: Delayed 10 second(s)

2018-06-11 15:44:11 - [MESSAGE][PASSED] - Delayed 10 second(s)

2018-06-11 15:44:11 - [TEST_STEP][PASSED] - uiaction.CommonUIActions.click: uiaction.CommonUIActions.click is PASSED

2018-06-11 15:44:12 - [MESSAGE][PASSED] - uiaction.CommonUIActions.click is PASSED

2018-06-11 15:44:12 - [TEST_STEP][PASSED] - delay: Delayed 15 second(s)

2018-06-11 15:44:27 - [MESSAGE][PASSED] - Delayed 15 second(s)

2018-06-11 15:44:27 - [TEST_STEP][PASSED] - uiaction.CommonUIActions.click: uiaction.CommonUIActions.click is PASSED

2018-06-11 15:44:31 - [MESSAGE][PASSED] - uiaction.CommonUIActions.click is PASSED

2018-06-11 15:44:31 - [TEST_STEP][PASSED] - delay: Delayed 10 second(s)

2018-06-11 15:44:41 - [MESSAGE][PASSED] - Delayed 10 second(s)

2018-06-11 15:44:41 - [TEST_STEP][PASSED] - Statement - dashboardHeading = CustomKeywords.uiaction.CommonUIActions.getText(com.kms.katalon.core.testobject.ObjectRepository.findTestObject(DashBoardPage/dashboardHeading)): uiaction.CommonUIActions.getText is PASSED

2018-06-11 15:44:41 - [MESSAGE][PASSED] - uiaction.CommonUIActions.getText is PASSED

2018-06-11 15:44:41 - [TEST_STEP][PASSED] - Statement - dashboardHeading = dashboardHeading.trim(): null

2018-06-11 15:44:41 - [TEST_STEP][PASSED] - Statement - dashboardHeadingText = CustomKeywords.projectSpecific.Reusability.getTestData("UsersPage", "dashboardHeadingText"): projectSpecific.Reusability.getTestData is PASSED

2018-06-11 15:44:41 - [MESSAGE][PASSED] - projectSpecific.Reusability.getTestData is PASSED

2018-06-11 15:44:41 - [TEST_STEP][PASSED] - Statement - If (dashboardHeading.equals(dashboardHeadingText)): null

2018-06-11 15:44:41 - [TEST_STEP][PASSED] - verifyElementPresent: Object 'Object Repository/DashBoardPage/dashBoardStoreList' is present

2018-06-11 15:44:41 - [MESSAGE][PASSED] - Object 'Object Repository/DashBoardPage/dashBoardStoreList' is present

2018-06-11 15:44:41 - [TEST_STEP][PASSED] - Statement - dayHighlighted = com.kms.katalon.core.webui.keyword.WebUiBuiltInKeywords.getCSSValue(com.kms.katalon.core.testobject.ObjectRepository.findTestObject(DashBoardPage/dayPartLink), "cursor"): Get CSS 'cursor' value on 'Object Repository/DashBoardPage/dayPartLink' successfully: 'default'.

2018-06-11 15:44:41 - [MESSAGE][PASSED] - Get CSS 'cursor' value on 'Object Repository/DashBoardPage/dayPartLink' successfully: 'default'.

2018-06-11 15:44:41 - [TEST_STEP][PASSED] - Statement - If (dayHighlighted.contains("default")): null

2018-06-11 15:44:41 - [TEST_STEP][PASSED] - Statement - out.println("Day Part dashboard will be shown by default"): null

2018-06-11 15:44:41 - [TEST_STEP][PASSED] - delay: Delayed 10 second(s)

2018-06-11 15:44:51 - [MESSAGE][PASSED] - Delayed 10 second(s)

2018-06-11 15:44:51 - [TEST_STEP][PASSED] - uiaction.CommonUIActions.click: uiaction.CommonUIActions.click is PASSED

2018-06-11 15:44:52 - [MESSAGE][PASSED] - uiaction.CommonUIActions.click is PASSED

2018-06-11 15:44:52 - [TEST_STEP][PASSED] - delay: Delayed 10 second(s)

2018-06-11 15:45:02 - [MESSAGE][PASSED] - Delayed 10 second(s)

2018-06-11 15:45:02 - [TEST_STEP][PASSED] - Statement - rollingHourHeading = CustomKeywords.uiaction.CommonUIActions.getText(com.kms.katalon.core.testobject.ObjectRepository.findTestObject(DashBoardPage/reportHeading)): uiaction.CommonUIActions.getText is PASSED

2018-06-11 15:45:02 - [MESSAGE][PASSED] - uiaction.CommonUIActions.getText is PASSED

2018-06-11 15:45:02 - [TEST_STEP][PASSED] - Statement - rollingHourHeading = rollingHourHeading.trim(): null

2018-06-11 15:45:02 - [TEST_STEP][PASSED] - Statement - rollingHourHeadingText = CustomKeywords.projectSpecific.Reusability.getTestData("UsersPage", "rollingHourHeadingText"): projectSpecific.Reusability.getTestData is PASSED

2018-06-11 15:45:02 - [MESSAGE][PASSED] - projectSpecific.Reusability.getTestData is PASSED

2018-06-11 15:45:02 - [TEST_STEP][PASSED] - Statement - If (rollingHourHeading.equals(rollingHourHeadingText)): null

2018-06-11 15:45:02 - [TEST_STEP][PASSED] - verifyElementPresent: Object 'Object Repository/DashBoardPage/dashBoardStoreList' is present

2018-06-11 15:45:02 - [MESSAGE][PASSED] - Object 'Object Repository/DashBoardPage/dashBoardStoreList' is present

2018-06-11 15:45:02 - [TEST_STEP][PASSED] - delay: Delayed 10 second(s)

2018-06-11 15:45:12 - [MESSAGE][PASSED] - Delayed 10 second(s)

2018-06-11 15:45:12 - [TEST_STEP][PASSED] - uiaction.CommonUIActions.click: uiaction.CommonUIActions.click is PASSED

2018-06-11 15:45:13 - [MESSAGE][PASSED] - uiaction.CommonUIActions.click is PASSED

2018-06-11 15:45:13 - [TEST_STEP][PASSED] - delay: Delayed 10 second(s)

2018-06-11 15:45:23 - [MESSAGE][PASSED] - Delayed 10 second(s)

2018-06-11 15:45:23 - [TEST_STEP][PASSED] - Statement - hourHeading = CustomKeywords.uiaction.CommonUIActions.getText(com.kms.katalon.core.testobject.ObjectRepository.findTestObject(DashBoardPage/reportHeading)): uiaction.CommonUIActions.getText is PASSED

2018-06-11 15:45:23 - [MESSAGE][PASSED] - uiaction.CommonUIActions.getText is PASSED

2018-06-11 15:45:23 - [TEST_STEP][PASSED] - Statement - hourHeading = hourHeading.trim(): null

2018-06-11 15:45:23 - [TEST_STEP][PASSED] - Statement - hourHeadingText = CustomKeywords.projectSpecific.Reusability.getTestData("UsersPage", "hourHeadingText"): projectSpecific.Reusability.getTestData is PASSED

2018-06-11 15:45:23 - [MESSAGE][PASSED] - projectSpecific.Reusability.getTestData is PASSED

2018-06-11 15:45:23 - [TEST_STEP][PASSED] - Statement - If (hourHeading.equals(hourHeadingText)): null

2018-06-11 15:45:23 - [TEST_STEP][PASSED] - verifyElementPresent: Object 'Object Repository/DashBoardPage/dashBoardStoreList' is present

2018-06-11 15:45:23 - [MESSAGE][PASSED] - Object 'Object Repository/DashBoardPage/dashBoardStoreList' is present

2018-06-11 15:45:23 - [TEST_STEP][PASSED] - delay: Delayed 10 second(s)

2018-06-11 15:45:33 - [MESSAGE][PASSED] - Delayed 10 second(s)

2018-06-11 15:45:33 - [TEST_STEP][PASSED] - uiaction.CommonUIActions.click: uiaction.CommonUIActions.click is PASSED

2018-06-11 15:45:34 - [MESSAGE][PASSED] - uiaction.CommonUIActions.click is PASSED

2018-06-11 15:45:34 - [TEST_STEP][PASSED] - delay: Delayed 10 second(s)

2018-06-11 15:45:44 - [MESSAGE][PASSED] - Delayed 10 second(s)

2018-06-11 15:45:44 - [TEST_STEP][PASSED] - Statement - dayPartHeading = CustomKeywords.uiaction.CommonUIActions.getText(com.kms.katalon.core.testobject.ObjectRepository.findTestObject(DashBoardPage/reportHeading)): uiaction.CommonUIActions.getText is PASSED

2018-06-11 15:45:44 - [MESSAGE][PASSED] - uiaction.CommonUIActions.getText is PASSED

2018-06-11 15:45:44 - [TEST_STEP][PASSED] - Statement - dayPartHeading = dayPartHeading.trim(): null

2018-06-11 15:45:44 - [TEST_STEP][PASSED] - Statement - dayPartHeadingText = CustomKeywords.projectSpecific.Reusability.getTestData("UsersPage", "dayPartText"): projectSpecific.Reusability.getTestData is PASSED

2018-06-11 15:45:44 - [MESSAGE][PASSED] - projectSpecific.Reusability.getTestData is PASSED

2018-06-11 15:45:44 - [TEST_STEP][PASSED] - Statement - If (dayPartHeading.equals(dayPartHeadingText)): null

2018-06-11 15:45:44 - [TEST_STEP][PASSED] - verifyElementPresent: Object 'Object Repository/DashBoardPage/dashBoardStoreList' is present

2018-06-11 15:45:44 - [MESSAGE][PASSED] - Object 'Object Repository/DashBoardPage/dashBoardStoreList' is present

2018-06-11 15:45:44 - [TEST_STEP][PASSED] - delay: Delayed 10 second(s)

2018-06-11 15:45:54 - [MESSAGE][PASSED] - Delayed 10 second(s)

2018-06-11 15:45:54 - [TEST_STEP][PASSED] - uiaction.CommonUIActions.click: uiaction.CommonUIActions.click is PASSED

2018-06-11 15:45:55 - [MESSAGE][PASSED] - uiaction.CommonUIActions.click is PASSED

2018-06-11 15:45:55 - [TEST_STEP][PASSED] - delay: Delayed 10 second(s)

2018-06-11 15:46:05 - [MESSAGE][PASSED] - Delayed 10 second(s)

2018-06-11 15:46:05 - [TEST_STEP][PASSED] - Statement - weekHeading = CustomKeywords.uiaction.CommonUIActions.getText(com.kms.katalon.core.testobject.ObjectRepository.findTestObject(DashBoardPage/reportHeading)): uiaction.CommonUIActions.getText is PASSED

2018-06-11 15:46:05 - [MESSAGE][PASSED] - uiaction.CommonUIActions.getText is PASSED

2018-06-11 15:46:05 - [TEST_STEP][PASSED] - Statement - weekHeading = weekHeading.trim(): null

2018-06-11 15:46:05 - [TEST_STEP][PASSED] - Statement - weekHeadingText = CustomKeywords.projectSpecific.Reusability.getTestData("UsersPage", "weekText"): projectSpecific.Reusability.getTestData is PASSED

2018-06-11 15:46:05 - [MESSAGE][PASSED] - projectSpecific.Reusability.getTestData is PASSED

2018-06-11 15:46:05 - [TEST_STEP][PASSED] - Statement - If (weekHeading.equals(weekHeadingText)): null

2018-06-11 15:46:05 - [TEST_STEP][PASSED] - verifyElementPresent: Object 'Object Repository/DashBoardPage/dashBoardStoreList' is present

2018-06-11 15:46:05 - [MESSAGE][PASSED] - Object 'Object Repository/DashBoardPage/dashBoardStoreList' is present

2018-06-11 15:46:05 - [TEST_STEP][PASSED] - delay: Delayed 10 second(s)

2018-06-11 15:46:15 - [MESSAGE][PASSED] - Delayed 10 second(s)

2018-06-11 15:46:15 - [TEST_STEP][PASSED] - uiaction.CommonUIActions.click: uiaction.CommonUIActions.click is PASSED

2018-06-11 15:46:17 - [MESSAGE][PASSED] - uiaction.CommonUIActions.click is PASSED

2018-06-11 15:46:17 - [TEST_STEP][PASSED] - delay: Delayed 10 second(s)

2018-06-11 15:46:27 - [MESSAGE][PASSED] - Delayed 10 second(s)

2018-06-11 15:46:27 - [TEST_STEP][PASSED] - Statement - monthHeading = CustomKeywords.uiaction.CommonUIActions.getText(com.kms.katalon.core.testobject.ObjectRepository.findTestObject(DashBoardPage/reportHeading)): uiaction.CommonUIActions.getText is PASSED

2018-06-11 15:46:27 - [MESSAGE][PASSED] - uiaction.CommonUIActions.getText is PASSED

2018-06-11 15:46:27 - [TEST_STEP][PASSED] - Statement - monthHeading = monthHeading.trim(): null

2018-06-11 15:46:27 - [TEST_STEP][PASSED] - Statement - monthHeadingText = CustomKeywords.projectSpecific.Reusability.getTestData("UsersPage", "monthText"): projectSpecific.Reusability.getTestData is PASSED

2018-06-11 15:46:27 - [MESSAGE][PASSED] - projectSpecific.Reusability.getTestData is PASSED

2018-06-11 15:46:27 - [TEST_STEP][PASSED] - Statement - If (monthHeading.equals(monthHeadingText)): null

2018-06-11 15:46:27 - [TEST_STEP][PASSED] - verifyElementPresent: Object 'Object Repository/DashBoardPage/dashBoardStoreList' is present

2018-06-11 15:46:27 - [MESSAGE][PASSED] - Object 'Object Repository/DashBoardPage/dashBoardStoreList' is present

2018-06-11 15:46:27 - [TEST_STEP][PASSED] - delay: Delayed 10 second(s)

2018-06-11 15:46:37 - [MESSAGE][PASSED] - Delayed 10 second(s)

2018-06-11 15:46:37 - [TEST_STEP][PASSED] - delay: Delayed 15 second(s)

2018-06-11 15:46:52 - [MESSAGE][PASSED] - Delayed 15 second(s)

2018-06-11 15:46:52 - [TEST_STEP][PASSED] - uiaction.CommonUIActions.click: uiaction.CommonUIActions.click is PASSED

2018-06-11 15:46:55 - [MESSAGE][PASSED] - uiaction.CommonUIActions.click is PASSED

2018-06-11 15:46:55 - [TEST_STEP][PASSED] - refresh: Refresh successfully

2018-06-11 15:46:56 - [MESSAGE][PASSED] - Refresh successfully

2018-06-11 15:46:56 - [TEST_STEP][PASSED] - delay: Delayed 15 second(s)

2018-06-11 15:47:11 - [MESSAGE][PASSED] - Delayed 15 second(s)

2018-06-11 15:47:11 - [TEST_STEP][PASSED] - uiaction.CommonUIActions.click: uiaction.CommonUIActions.click is PASSED

2018-06-11 15:47:11 - [MESSAGE][PASSED] - uiaction.CommonUIActions.click is PASSED

2018-06-11 15:47:11 - [TEST_STEP][PASSED] - Statement - reportStoreList = driver.findElements(org.openqa.selenium.By.xpath(com.kms.katalon.core.testdata.TestDataFactory.findTestData(OR_file).getValue(2, 25))): Reading excel file with source file 'C:\Users\shalinin\Katalon Studio\HME_Scripts\Data Files\HME_OR.xlsx' and sheet name 'Sheet1'

2018-06-11 15:47:11 - [TEST_STEP][PASSED] - Statement - reportStoreListSize = reportStoreList.size(): null

2018-06-11 15:47:11 - [TEST_STEP][PASSED] - Statement - index = 0: null

2018-06-11 15:47:11 - [TEST_STEP][PASSED] - Statement - pattern = java.util.regex.Pattern.compile("[0-9]+"): null

2018-06-11 15:47:11 - [TEST_STEP][PASSED] - Statement - count = 0: null

2018-06-11 15:47:11 - [TEST_STEP][PASSED] - Statement - For ([i = 0, i < reportStoreListSize, (i++)]): null

2018-06-11 15:47:11 - [TEST_STEP][PASSED] - Statement - txt = reportStoreList.get(i).getText(): null

2018-06-11 15:47:11 - [TEST_STEP][PASSED] - Statement - index = i + 1: null

2018-06-11 15:47:11 - [TEST_STEP][PASSED] - Statement - matched = pattern.matcher(txt).matches(): null

2018-06-11 15:47:11 - [TEST_STEP][PASSED] - Statement - If (matched): null

2018-06-11 15:47:11 - [TEST_STEP][PASSED] - Statement - txt = reportStoreList.get(i).getText(): null

2018-06-11 15:47:11 - [TEST_STEP][PASSED] - Statement - index = i + 1: null

2018-06-11 15:47:11 - [TEST_STEP][PASSED] - Statement - matched = pattern.matcher(txt).matches(): null

2018-06-11 15:47:11 - [TEST_STEP][PASSED] - Statement - If (matched): null

2018-06-11 15:47:11 - [TEST_STEP][PASSED] - Statement - txt = reportStoreList.get(i).getText(): null

2018-06-11 15:47:11 - [TEST_STEP][PASSED] - Statement - index = i + 1: null

2018-06-11 15:47:11 - [TEST_STEP][PASSED] - Statement - matched = pattern.matcher(txt).matches(): null

2018-06-11 15:47:11 - [TEST_STEP][PASSED] - Statement - If (matched): null

2018-06-11 15:47:11 - [TEST_STEP][PASSED] - Statement - txt = reportStoreList.get(i).getText(): null

2018-06-11 15:47:11 - [TEST_STEP][PASSED] - Statement - index = i + 1: null

2018-06-11 15:47:11 - [TEST_STEP][PASSED] - Statement - matched = pattern.matcher(txt).matches(): null

2018-06-11 15:47:11 - [TEST_STEP][PASSED] - Statement - If (matched): null

2018-06-11 15:47:11 - [TEST_STEP][PASSED] - Statement - txt = reportStoreList.get(i).getText(): null

2018-06-11 15:47:11 - [TEST_STEP][PASSED] - Statement - index = i + 1: null

2018-06-11 15:47:11 - [TEST_STEP][PASSED] - Statement - matched = pattern.matcher(txt).matches(): null

2018-06-11 15:47:11 - [TEST_STEP][PASSED] - Statement - If (matched): null

2018-06-11 15:47:11 - [TEST_STEP][PASSED] - Statement - txt = reportStoreList.get(i).getText(): null

2018-06-11 15:47:11 - [TEST_STEP][PASSED] - Statement - index = i + 1: null

2018-06-11 15:47:11 - [TEST_STEP][PASSED] - Statement - matched = pattern.matcher(txt).matches(): null

2018-06-11 15:47:11 - [TEST_STEP][PASSED] - Statement - If (matched): null

2018-06-11 15:47:11 - [TEST_STEP][PASSED] - Statement - txt = reportStoreList.get(i).getText(): null

2018-06-11 15:47:11 - [TEST_STEP][PASSED] - Statement - index = i + 1: null

2018-06-11 15:47:11 - [TEST_STEP][PASSED] - Statement - matched = pattern.matcher(txt).matches(): null

2018-06-11 15:47:11 - [TEST_STEP][PASSED] - Statement - If (matched): null

2018-06-11 15:47:11 - [TEST_STEP][PASSED] - Statement - txt = reportStoreList.get(i).getText(): null

2018-06-11 15:47:11 - [TEST_STEP][PASSED] - Statement - index = i + 1: null

2018-06-11 15:47:11 - [TEST_STEP][PASSED] - Statement - matched = pattern.matcher(txt).matches(): null

2018-06-11 15:47:11 - [TEST_STEP][PASSED] - Statement - If (matched): null

2018-06-11 15:47:11 - [TEST_STEP][PASSED] - Statement - txt = reportStoreList.get(i).getText(): null

2018-06-11 15:47:11 - [TEST_STEP][PASSED] - Statement - index = i + 1: null

2018-06-11 15:47:11 - [TEST_STEP][PASSED] - Statement - matched = pattern.matcher(txt).matches(): null

2018-06-11 15:47:11 - [TEST_STEP][PASSED] - Statement - If (matched): null

2018-06-11 15:47:11 - [TEST_STEP][PASSED] - Statement - txt = reportStoreList.get(i).getText(): null

2018-06-11 15:47:11 - [TEST_STEP][PASSED] - Statement - index = i + 1: null

2018-06-11 15:47:11 - [TEST_STEP][PASSED] - Statement - matched = pattern.matcher(txt).matches(): null

2018-06-11 15:47:11 - [TEST_STEP][PASSED] - Statement - If (matched): null

2018-06-11 15:47:11 - [TEST_STEP][PASSED] - Statement - txt = reportStoreList.get(i).getText(): null

2018-06-11 15:47:11 - [TEST_STEP][PASSED] - Statement - index = i + 1: null

2018-06-11 15:47:11 - [TEST_STEP][PASSED] - Statement - matched = pattern.matcher(txt).matches(): null

2018-06-11 15:47:11 - [TEST_STEP][PASSED] - Statement - If (matched): null

2018-06-11 15:47:11 - [TEST_STEP][PASSED] - Statement - xpath = "//div[@class='saved-reports']/ul/li[" + index + "]/span[2]": null

2018-06-11 15:47:11 - [TEST_STEP][PASSED] - Statement - driver.findElement(org.openqa.selenium.By.xpath(xpath)).click(): null

2018-06-11 15:47:11 - [TEST_STEP][PASSED] - Statement - (count++): null

2018-06-11 15:47:11 - [TEST_STEP][PASSED] - Statement - If (count > 2): null

2018-06-11 15:47:11 - [TEST_STEP][PASSED] - Statement - txt = reportStoreList.get(i).getText(): null

2018-06-11 15:47:11 - [TEST_STEP][PASSED] - Statement - index = i + 1: null

2018-06-11 15:47:11 - [TEST_STEP][PASSED] - Statement - matched = pattern.matcher(txt).matches(): null

2018-06-11 15:47:11 - [TEST_STEP][PASSED] - Statement - If (matched): null

2018-06-11 15:47:11 - [TEST_STEP][PASSED] - Statement - xpath = "//div[@class='saved-reports']/ul/li[" + index + "]/span[2]": null

2018-06-11 15:47:11 - [TEST_STEP][PASSED] - Statement - driver.findElement(org.openqa.selenium.By.xpath(xpath)).click(): null

2018-06-11 15:47:11 - [TEST_STEP][PASSED] - Statement - (count++): null

2018-06-11 15:47:11 - [TEST_STEP][PASSED] - Statement - If (count > 2): null

2018-06-11 15:47:11 - [TEST_STEP][PASSED] - Statement - txt = reportStoreList.get(i).getText(): null

2018-06-11 15:47:11 - [TEST_STEP][PASSED] - Statement - index = i + 1: null

2018-06-11 15:47:11 - [TEST_STEP][PASSED] - Statement - matched = pattern.matcher(txt).matches(): null

2018-06-11 15:47:11 - [TEST_STEP][PASSED] - Statement - If (matched): null

2018-06-11 15:47:11 - [TEST_STEP][PASSED] - Statement - xpath = "//div[@class='saved-reports']/ul/li[" + index + "]/span[2]": null

2018-06-11 15:47:11 - [TEST_STEP][PASSED] - Statement - driver.findElement(org.openqa.selenium.By.xpath(xpath)).click(): null

2018-06-11 15:47:11 - [TEST_STEP][PASSED] - Statement - (count++): null

2018-06-11 15:47:11 - [TEST_STEP][PASSED] - Statement - If (count > 2): null

2018-06-11 15:47:11 - [TEST_STEP][PASSED] - uiaction.CommonUIActions.click: uiaction.CommonUIActions.click is PASSED

2018-06-11 15:47:11 - [MESSAGE][PASSED] - uiaction.CommonUIActions.click is PASSED

2018-06-11 15:47:11 - [TEST_STEP][PASSED] - delay: Delayed 15 second(s)

2018-06-11 15:47:26 - [MESSAGE][PASSED] - Delayed 15 second(s)

2018-06-11 15:47:26 - [TEST_STEP][PASSED] - Statement - summaryHeading = CustomKeywords.uiaction.CommonUIActions.getText(com.kms.katalon.core.testobject.ObjectRepository.findTestObject(SummarizedReportPage/summaryReport)): uiaction.CommonUIActions.getText is PASSED

2018-06-11 15:47:27 - [MESSAGE][PASSED] - uiaction.CommonUIActions.getText is PASSED

2018-06-11 15:47:27 - [TEST_STEP][PASSED] - Statement - summaryHeading = summaryHeading.trim(): null

2018-06-11 15:47:27 - [TEST_STEP][PASSED] - Statement - summaryHeadingText = CustomKeywords.projectSpecific.Reusability.getTestData("SummarizedReportPage", "summaryHeading"): projectSpecific.Reusability.getTestData is PASSED

2018-06-11 15:47:27 - [MESSAGE][PASSED] - projectSpecific.Reusability.getTestData is PASSED

2018-06-11 15:47:27 - [TEST_STEP][PASSED] - Statement - If (summaryHeading.equals(summaryHeadingText)): null

2018-06-11 15:47:27 - [TEST_STEP][PASSED] - uiaction.CommonUIActions.click: uiaction.CommonUIActions.click is PASSED

2018-06-11 15:47:27 - [MESSAGE][PASSED] - uiaction.CommonUIActions.click is PASSED

2018-06-11 15:47:27 - [TEST_STEP][PASSED] - verifyElementPresent: Object 'Object Repository/SummarizedReportPage/csvOption' is present

2018-06-11 15:47:27 - [MESSAGE][PASSED] - Object 'Object Repository/SummarizedReportPage/csvOption' is present

2018-06-11 15:47:27 - [TEST_STEP][PASSED] - verifyElementPresent: Object 'Object Repository/SummarizedReportPage/pdfOption' is present

2018-06-11 15:47:27 - [MESSAGE][PASSED] - Object 'Object Repository/SummarizedReportPage/pdfOption' is present

2018-06-11 15:47:27 - [TEST_STEP][PASSED] - uiaction.CommonUIActions.click: uiaction.CommonUIActions.click is PASSED

2018-06-11 15:47:27 - [MESSAGE][PASSED] - uiaction.CommonUIActions.click is PASSED

2018-06-11 15:47:27 - [TEST_STEP][PASSED] - delay: Delayed 15 second(s)

2018-06-11 15:47:42 - [MESSAGE][PASSED] - Delayed 15 second(s)

2018-06-11 15:47:42 - [TEST_STEP][PASSED] - Statement - confirmationText = CustomKeywords.projectSpecific.Reusability.getTestData("SummarizedReportPage", "confirmationText"): projectSpecific.Reusability.getTestData is PASSED

2018-06-11 15:47:42 - [MESSAGE][PASSED] - projectSpecific.Reusability.getTestData is PASSED

2018-06-11 15:47:42 - [TEST_STEP][PASSED] - Statement - actualconfirmationText = CustomKeywords.uiaction.CommonUIActions.getText(com.kms.katalon.core.testobject.ObjectRepository.findTestObject(SummarizedReportPage/emailConfirmation)): uiaction.CommonUIActions.getText is PASSED

2018-06-11 15:47:52 - [MESSAGE][PASSED] - uiaction.CommonUIActions.getText is PASSED

2018-06-11 15:47:52 - [TEST_STEP][PASSED] - Statement - confirm = com.kms.katalon.core.webui.keyword.WebUiBuiltInKeywords.verifyMatch(confirmationText, actualconfirmationText, false): Actual text 'Please check your email. Your Report has been sent to nous-abhradipr@HME.COM.' and expected text 'Please check your email. Your Report has been sent to nous-abhradipr@HME.COM.' are matched 

2018-06-11 15:47:52 - [MESSAGE][PASSED] - Actual text 'Please check your email. Your Report has been sent to nous-abhradipr@HME.COM.' and expected text 'Please check your email. Your Report has been sent to nous-abhradipr@HME.COM.' are matched 

2018-06-11 15:47:52 - [TEST_STEP][PASSED] - Statement - If (confirm): null

2018-06-11 15:47:52 - [TEST_STEP][PASSED] - Statement - out.println("Email Verification received"): null

2018-06-11 15:47:52 - [TEST_STEP][PASSED] - delay: Delayed 10 second(s)

2018-06-11 15:48:02 - [MESSAGE][PASSED] - Delayed 10 second(s)

2018-06-11 15:48:02 - [TEST_STEP][PASSED] - back: Navigate back successfully

2018-06-11 15:48:03 - [MESSAGE][PASSED] - Navigate back successfully

2018-06-11 15:48:03 - [TEST_STEP][PASSED] - delay: Delayed 10 second(s)

2018-06-11 15:48:13 - [MESSAGE][PASSED] - Delayed 10 second(s)

2018-06-11 15:48:13 - [TEST_STEP][PASSED] - uiaction.CommonUIActions.click: uiaction.CommonUIActions.click is PASSED

2018-06-11 15:48:13 - [MESSAGE][PASSED] - uiaction.CommonUIActions.click is PASSED

2018-06-11 15:48:13 - [TEST_STEP][PASSED] - delay: Delayed 10 second(s)

2018-06-11 15:48:23 - [MESSAGE][PASSED] - Delayed 10 second(s)

2018-06-11 15:48:23 - [TEST_STEP][PASSED] - uiaction.CommonUIActions.click: uiaction.CommonUIActions.click is PASSED

2018-06-11 15:48:23 - [MESSAGE][PASSED] - uiaction.CommonUIActions.click is PASSED

2018-06-11 15:48:23 - [TEST_STEP][PASSED] - delay: Delayed 15 second(s)

2018-06-11 15:48:38 - [MESSAGE][PASSED] - Delayed 15 second(s)

2018-06-11 15:48:38 - [TEST_STEP][PASSED] - Statement - confirmationText = CustomKeywords.projectSpecific.Reusability.getTestData("SummarizedReportPage", "confirmationText"): projectSpecific.Reusability.getTestData is PASSED

2018-06-11 15:48:38 - [MESSAGE][PASSED] - projectSpecific.Reusability.getTestData is PASSED

2018-06-11 15:48:38 - [TEST_STEP][PASSED] - Statement - actualconfirmationText = CustomKeywords.uiaction.CommonUIActions.getText(com.kms.katalon.core.testobject.ObjectRepository.findTestObject(SummarizedReportPage/emailConfirmation)): uiaction.CommonUIActions.getText is PASSED

2018-06-11 15:48:38 - [MESSAGE][PASSED] - uiaction.CommonUIActions.getText is PASSED

2018-06-11 15:48:38 - [TEST_STEP][PASSED] - Statement - confirm = com.kms.katalon.core.webui.keyword.WebUiBuiltInKeywords.verifyMatch(confirmationText, actualconfirmationText, false): Actual text 'Please check your email. Your Report has been sent to nous-abhradipr@HME.COM.' and expected text 'Please check your email. Your Report has been sent to nous-abhradipr@HME.COM.' are matched 

2018-06-11 15:48:38 - [MESSAGE][PASSED] - Actual text 'Please check your email. Your Report has been sent to nous-abhradipr@HME.COM.' and expected text 'Please check your email. Your Report has been sent to nous-abhradipr@HME.COM.' are matched 

2018-06-11 15:48:38 - [TEST_STEP][PASSED] - Statement - If (confirm): null

2018-06-11 15:48:38 - [TEST_STEP][PASSED] - Statement - out.println("Email Verification received"): null

2018-06-11 15:48:38 - [TEST_STEP][PASSED] - back: Navigate back successfully

2018-06-11 15:48:38 - [MESSAGE][PASSED] - Navigate back successfully

2018-06-11 15:48:38 - [TEST_STEP][PASSED] - delay: Delayed 15 second(s)

2018-06-11 15:48:53 - [MESSAGE][PASSED] - Delayed 15 second(s)

2018-06-11 15:48:53 - [TEST_STEP][PASSED] - back: Navigate back successfully

2018-06-11 15:48:53 - [MESSAGE][PASSED] - Navigate back successfully

2018-06-11 15:48:53 - [TEST_STEP][PASSED] - delay: Delayed 15 second(s)

2018-06-11 15:49:08 - [MESSAGE][PASSED] - Delayed 15 second(s)

2018-06-11 15:49:08 - [TEST_STEP][PASSED] - Statement - driver.findElement(org.openqa.selenium.By.xpath("//span[contains(text(),'22222')]")).click(): null

2018-06-11 15:49:08 - [TEST_STEP][PASSED] - uiaction.CommonUIActions.click: uiaction.CommonUIActions.click is PASSED

2018-06-11 15:49:08 - [MESSAGE][PASSED] - uiaction.CommonUIActions.click is PASSED

2018-06-11 15:49:08 - [TEST_STEP][PASSED] - delay: Delayed 10 second(s)

2018-06-11 15:49:18 - [MESSAGE][PASSED] - Delayed 10 second(s)

2018-06-11 15:49:18 - [TEST_STEP][PASSED] - uiaction.CommonUIActions.click: uiaction.CommonUIActions.click is PASSED

2018-06-11 15:49:18 - [MESSAGE][PASSED] - uiaction.CommonUIActions.click is PASSED

2018-06-11 15:49:18 - [TEST_STEP][PASSED] - delay: Delayed 15 second(s)

2018-06-11 15:49:33 - [MESSAGE][PASSED] - Delayed 15 second(s)

2018-06-11 15:49:33 - [TEST_STEP][PASSED] - delay: Delayed 15 second(s)

2018-06-11 15:49:48 - [MESSAGE][PASSED] - Delayed 15 second(s)

2018-06-11 15:49:48 - [TEST_STEP][PASSED] - Statement - summaryHeading = CustomKeywords.uiaction.CommonUIActions.getText(com.kms.katalon.core.testobject.ObjectRepository.findTestObject(SummarizedReportPage/summaryReport)): uiaction.CommonUIActions.getText is PASSED

2018-06-11 15:49:48 - [MESSAGE][PASSED] - uiaction.CommonUIActions.getText is PASSED

2018-06-11 15:49:48 - [TEST_STEP][PASSED] - Statement - summaryHeading = summaryHeading.trim(): null

2018-06-11 15:49:48 - [TEST_STEP][PASSED] - Statement - summaryHeadingText = CustomKeywords.projectSpecific.Reusability.getTestData("SummarizedReportPage", "summaryHeading"): projectSpecific.Reusability.getTestData is PASSED

2018-06-11 15:49:48 - [MESSAGE][PASSED] - projectSpecific.Reusability.getTestData is PASSED

2018-06-11 15:49:48 - [TEST_STEP][PASSED] - Statement - If (summaryHeading.equals(summaryHeadingText)): null

2018-06-11 15:49:48 - [TEST_STEP][PASSED] - back: Navigate back successfully

2018-06-11 15:49:48 - [MESSAGE][PASSED] - Navigate back successfully

2018-06-11 15:49:48 - [TEST_STEP][PASSED] - delay: Delayed 10 second(s)

2018-06-11 15:49:58 - [MESSAGE][PASSED] - Delayed 10 second(s)

2018-06-11 15:49:58 - [TEST_STEP][PASSED] - Statement - driver.findElement(org.openqa.selenium.By.xpath("//span[contains(text(),'22222')]")).click(): null

2018-06-11 15:49:59 - [TEST_STEP][PASSED] - uiaction.CommonUIActions.click: uiaction.CommonUIActions.click is PASSED

2018-06-11 15:49:59 - [MESSAGE][PASSED] - uiaction.CommonUIActions.click is PASSED

2018-06-11 15:49:59 - [TEST_STEP][PASSED] - delay: Delayed 10 second(s)

2018-06-11 15:50:09 - [MESSAGE][PASSED] - Delayed 10 second(s)

2018-06-11 15:50:09 - [TEST_STEP][PASSED] - uiaction.CommonUIActions.click: uiaction.CommonUIActions.click is PASSED

2018-06-11 15:50:09 - [MESSAGE][PASSED] - uiaction.CommonUIActions.click is PASSED

2018-06-11 15:50:09 - [TEST_STEP][PASSED] - delay: Delayed 15 second(s)

2018-06-11 15:50:24 - [MESSAGE][PASSED] - Delayed 15 second(s)

2018-06-11 15:50:24 - [TEST_STEP][PASSED] - Statement - summaryHeading = CustomKeywords.uiaction.CommonUIActions.getText(com.kms.katalon.core.testobject.ObjectRepository.findTestObject(SummarizedReportPage/summaryReport)): uiaction.CommonUIActions.getText is PASSED

2018-06-11 15:50:24 - [MESSAGE][PASSED] - uiaction.CommonUIActions.getText is PASSED

2018-06-11 15:50:24 - [TEST_STEP][PASSED] - Statement - summaryHeading = summaryHeading.trim(): null

2018-06-11 15:50:24 - [TEST_STEP][PASSED] - Statement - summaryHeadingText = CustomKeywords.projectSpecific.Reusability.getTestData("SummarizedReportPage", "summaryHeading"): projectSpecific.Reusability.getTestData is PASSED

2018-06-11 15:50:24 - [MESSAGE][PASSED] - projectSpecific.Reusability.getTestData is PASSED

2018-06-11 15:50:24 - [TEST_STEP][PASSED] - Statement - If (summaryHeading.equals(summaryHeadingText)): null

2018-06-11 15:50:24 - [TEST_STEP][PASSED] - back: Navigate back successfully

2018-06-11 15:50:24 - [MESSAGE][PASSED] - Navigate back successfully

2018-06-11 15:50:24 - [TEST_STEP][PASSED] - delay: Delayed 10 second(s)

2018-06-11 15:50:34 - [MESSAGE][PASSED] - Delayed 10 second(s)

2018-06-11 15:50:34 - [TEST_STEP][PASSED] - Statement - driver.findElement(org.openqa.selenium.By.xpath("//span[contains(text(),'22222')]")).click(): null

2018-06-11 15:50:34 - [TEST_STEP][PASSED] - uiaction.CommonUIActions.click: uiaction.CommonUIActions.click is PASSED

2018-06-11 15:50:34 - [MESSAGE][PASSED] - uiaction.CommonUIActions.click is PASSED

2018-06-11 15:50:34 - [TEST_STEP][PASSED] - delay: Delayed 10 second(s)

2018-06-11 15:50:44 - [MESSAGE][PASSED] - Delayed 10 second(s)

2018-06-11 15:50:44 - [TEST_STEP][PASSED] - uiaction.CommonUIActions.click: uiaction.CommonUIActions.click is PASSED

2018-06-11 15:50:44 - [MESSAGE][PASSED] - uiaction.CommonUIActions.click is PASSED

2018-06-11 15:50:44 - [TEST_STEP][PASSED] - delay: Delayed 15 second(s)

2018-06-11 15:50:59 - [MESSAGE][PASSED] - Delayed 15 second(s)

2018-06-11 15:50:59 - [TEST_STEP][PASSED] - Statement - summaryHeading = CustomKeywords.uiaction.CommonUIActions.getText(com.kms.katalon.core.testobject.ObjectRepository.findTestObject(SummarizedReportPage/rawCarDataHeading)): uiaction.CommonUIActions.getText is PASSED

2018-06-11 15:50:59 - [MESSAGE][PASSED] - uiaction.CommonUIActions.getText is PASSED

2018-06-11 15:50:59 - [TEST_STEP][PASSED] - Statement - summaryHeading = summaryHeading.trim(): null

2018-06-11 15:50:59 - [TEST_STEP][PASSED] - Statement - summaryHeadingText = CustomKeywords.projectSpecific.Reusability.getTestData("SummarizedReportPage", "rawCarDataReportHeading"): projectSpecific.Reusability.getTestData is PASSED

2018-06-11 15:50:59 - [MESSAGE][PASSED] - projectSpecific.Reusability.getTestData is PASSED

2018-06-11 15:50:59 - [TEST_STEP][PASSED] - Statement - If (summaryHeading.equals(summaryHeadingText)): null

2018-06-11 15:50:59 - [TEST_STEP][PASSED] - back: Navigate back successfully

2018-06-11 15:50:59 - [MESSAGE][PASSED] - Navigate back successfully

2018-06-11 15:50:59 - [TEST_STEP][PASSED] - delay: Delayed 10 second(s)

2018-06-11 15:51:09 - [MESSAGE][PASSED] - Delayed 10 second(s)

2018-06-11 15:51:09 - [TEST_STEP][PASSED] - uiaction.CommonUIActions.click: uiaction.CommonUIActions.click is PASSED

2018-06-11 15:51:11 - [MESSAGE][PASSED] - uiaction.CommonUIActions.click is PASSED

2018-06-11 15:51:11 - [TEST_STEP][PASSED] - delay: Delayed 15 second(s)

2018-06-11 15:51:26 - [MESSAGE][PASSED] - Delayed 15 second(s)

2018-06-11 15:51:26 - [TEST_STEP][PASSED] - uiaction.CommonUIActions.click: uiaction.CommonUIActions.click is PASSED

2018-06-11 15:51:27 - [MESSAGE][PASSED] - uiaction.CommonUIActions.click is PASSED

2018-06-11 15:51:27 - [TEST_STEP][PASSED] - delay: Delayed 10 second(s)

2018-06-11 15:51:37 - [MESSAGE][PASSED] - Delayed 10 second(s)

2018-06-11 15:51:37 - [TEST_STEP][PASSED] - Statement - searchUserText2 = CustomKeywords.projectSpecific.Reusability.getTestData("UsersPage", "userSearchText2"): projectSpecific.Reusability.getTestData is PASSED

2018-06-11 15:51:37 - [MESSAGE][PASSED] - projectSpecific.Reusability.getTestData is PASSED

2018-06-11 15:51:37 - [TEST_STEP][PASSED] - uiaction.CommonUIActions.enter: uiaction.CommonUIActions.enter is PASSED

2018-06-11 15:51:37 - [MESSAGE][PASSED] - uiaction.CommonUIActions.enter is PASSED

2018-06-11 15:51:37 - [TEST_STEP][PASSED] - uiaction.CommonUIActions.click: uiaction.CommonUIActions.click is PASSED

2018-06-11 15:51:38 - [MESSAGE][PASSED] - uiaction.CommonUIActions.click is PASSED

2018-06-11 15:51:38 - [TEST_STEP][PASSED] - delay: Delayed 15 second(s)

2018-06-11 15:51:53 - [MESSAGE][PASSED] - Delayed 15 second(s)

2018-06-11 15:51:53 - [TEST_STEP][PASSED] - uiaction.CommonUIActions.click: uiaction.CommonUIActions.click is PASSED

2018-06-11 15:51:57 - [MESSAGE][PASSED] - uiaction.CommonUIActions.click is PASSED

2018-06-11 15:51:57 - [TEST_STEP][PASSED] - delay: Delayed 10 second(s)

2018-06-11 15:52:07 - [MESSAGE][PASSED] - Delayed 10 second(s)

2018-06-11 15:52:07 - [TEST_STEP][PASSED] - uiaction.CommonUIActions.click: uiaction.CommonUIActions.click is PASSED

2018-06-11 15:52:09 - [MESSAGE][PASSED] - uiaction.CommonUIActions.click is PASSED

2018-06-11 15:52:09 - [TEST_STEP][PASSED] - delay: Delayed 5 second(s)

2018-06-11 15:52:14 - [MESSAGE][PASSED] - Delayed 5 second(s)

2018-06-11 15:52:14 - [TEST_STEP][PASSED] - verifyElementPresent: Object 'Object Repository/UsersPage/deviceSettingstoreList' is present

2018-06-11 15:52:14 - [MESSAGE][PASSED] - Object 'Object Repository/UsersPage/deviceSettingstoreList' is present

2018-06-11 15:52:14 - [TEST_STEP][PASSED] - Statement - storeviewDetailsLink = "(//table/tbody/tr/td[text()='" + searchUserText2 + "']/../td[1])[1]": null

2018-06-11 15:52:14 - [TEST_STEP][PASSED] - Statement - driver.findElement(org.openqa.selenium.By.xpath(storeviewDetailsLink)).click(): null

2018-06-11 15:52:14 - [TEST_STEP][PASSED] - Statement - createdBy = CustomKeywords.uiaction.CommonUIActions.getText(com.kms.katalon.core.testobject.ObjectRepository.findTestObject(UsersPage/deviceSettingscreatedBy)): uiaction.CommonUIActions.getText is PASSED

2018-06-11 15:52:14 - [MESSAGE][PASSED] - uiaction.CommonUIActions.getText is PASSED

2018-06-11 15:52:14 - [TEST_STEP][PASSED] - Statement - createdBy = createdBy.trim(): null

2018-06-11 15:52:14 - [TEST_STEP][PASSED] - Statement - If (createdBy.equals(searchUserText2)): null

2018-06-11 15:52:14 - [TEST_STEP][PASSED] - Statement - out.println("CreatedBy Text is displayed"): null

2018-06-11 15:52:14 - [TEST_STEP][PASSED] - uiaction.CommonUIActions.click: uiaction.CommonUIActions.click is PASSED

2018-06-11 15:52:14 - [MESSAGE][PASSED] - uiaction.CommonUIActions.click is PASSED

2018-06-11 15:52:14 - [TEST_STEP][PASSED] - uiaction.CommonUIActions.click: uiaction.CommonUIActions.click is PASSED

2018-06-11 15:52:15 - [MESSAGE][PASSED] - uiaction.CommonUIActions.click is PASSED

2018-06-11 15:52:15 - [TEST_STEP][PASSED] - Statement - assert TCflag == true: null

2018-06-11 15:52:15 - [TEST_STEP][PASSED] - Start listener action : sampleAfterTestCase: Browser is closed

2018-06-11 15:52:15 - [TEST_STEP][PASSED] - Statement - println(testCaseContext.getTestCaseId()): null

2018-06-11 15:52:15 - [TEST_STEP][PASSED] - Statement - println(testCaseContext.getTestCaseStatus()): null

2018-06-11 15:52:15 - [TEST_STEP][PASSED] - closeBrowser: Browser is closed

2018-06-11 15:52:16 - [MESSAGE][PASSED] - Browser is closed]]></system-out>
         <system-err><![CDATA[]]></system-err>
      </testcase>
      <testcase name="Test Cases/SummaryReportsTC/HME-Summary Report-03" classname="Test Cases/SummaryReportsTC/HME-Summary Report-03" status="PASSED">
         <system-out><![CDATA[2018-06-11 15:52:16 - [TEST_CASE][PASSED] - Test Cases/SummaryReportsTC/HME-Summary Report-03: Browser is closed

2018-06-11 15:52:16 - [TEST_STEP][PASSED] - Start listener action : sampleBeforeTestCase: uiaction.CommonUIActions.deleteAllCookies is PASSED

2018-06-11 15:52:16 - [TEST_STEP][PASSED] - openBrowser: Browser is opened with url: ''

2018-06-11 15:52:18 - [MESSAGE][PASSED] - Browser is opened with url: ''

2018-06-11 15:52:18 - [TEST_STEP][PASSED] - maximizeWindow: Current window maximized

2018-06-11 15:52:19 - [MESSAGE][PASSED] - Current window maximized

2018-06-11 15:52:19 - [TEST_STEP][PASSED] - uiaction.CommonUIActions.deleteAllCookies: uiaction.CommonUIActions.deleteAllCookies is PASSED

2018-06-11 15:52:19 - [MESSAGE][PASSED] - Delete all cookies successfully

2018-06-11 15:52:19 - [MESSAGE][PASSED] - uiaction.CommonUIActions.deleteAllCookies is PASSED

2018-06-11 15:52:20 - [TEST_STEP][PASSED] - Statement - TCflag = true: null

2018-06-11 15:52:20 - [TEST_STEP][PASSED] - Statement - Try: uiaction.CommonUIActions.click is PASSED

2018-06-11 15:52:20 - [TEST_STEP][PASSED] - navigateToUrl: Navigate to 'https://hme-dev-public-cloud-app.azurewebsites.net/' successfully

2018-06-11 15:52:22 - [MESSAGE][PASSED] - Navigate to 'https://hme-dev-public-cloud-app.azurewebsites.net/' successfully

2018-06-11 15:52:22 - [TEST_STEP][PASSED] - delay: Delayed 5 second(s)

2018-06-11 15:52:27 - [MESSAGE][PASSED] - Delayed 5 second(s)

2018-06-11 15:52:27 - [TEST_STEP][PASSED] - projectSpecific.Reusability.login: projectSpecific.Reusability.login is PASSED

2018-06-11 15:52:27 - [MESSAGE][PASSED] - projectSpecific.Reusability.getTestData is PASSED

2018-06-11 15:52:27 - [MESSAGE][PASSED] - projectSpecific.Reusability.getTestData is PASSED

2018-06-11 15:52:28 - [MESSAGE][PASSED] - Text 'selvendrank@nousinfo.com' is set on object 'Object Repository/LoginPage/Username'

2018-06-11 15:52:28 - [MESSAGE][PASSED] - Text 'nous;123' is set on object 'Object Repository/LoginPage/Password'

2018-06-11 15:52:28 - [MESSAGE][PASSED] - Object: 'Object Repository/LoginPage/Login' is clicked on

2018-06-11 15:52:28 - [MESSAGE][PASSED] - projectSpecific.Reusability.login is PASSED

2018-06-11 15:52:28 - [TEST_STEP][PASSED] - delay: Delayed 15 second(s)

2018-06-11 15:52:43 - [MESSAGE][PASSED] - Delayed 15 second(s)

2018-06-11 15:52:43 - [TEST_STEP][PASSED] - Statement - driver = com.kms.katalon.core.webui.driver.DriverFactory.getWebDriver(): null

2018-06-11 15:52:43 - [TEST_STEP][PASSED] - uiaction.CommonUIActions.click: uiaction.CommonUIActions.click is PASSED

2018-06-11 15:52:49 - [MESSAGE][PASSED] - uiaction.CommonUIActions.click is PASSED

2018-06-11 15:52:49 - [TEST_STEP][PASSED] - delay: Delayed 10 second(s)

2018-06-11 15:52:59 - [MESSAGE][PASSED] - Delayed 10 second(s)

2018-06-11 15:52:59 - [TEST_STEP][PASSED] - uiaction.CommonUIActions.click: uiaction.CommonUIActions.click is PASSED

2018-06-11 15:53:10 - [MESSAGE][PASSED] - uiaction.CommonUIActions.click is PASSED

2018-06-11 15:53:10 - [TEST_STEP][PASSED] - delay: Delayed 15 second(s)

2018-06-11 15:53:26 - [MESSAGE][PASSED] - Delayed 15 second(s)

2018-06-11 15:53:26 - [TEST_STEP][PASSED] - uiaction.CommonUIActions.click: uiaction.CommonUIActions.click is PASSED

2018-06-11 15:53:27 - [MESSAGE][PASSED] - uiaction.CommonUIActions.click is PASSED

2018-06-11 15:53:27 - [TEST_STEP][PASSED] - delay: Delayed 10 second(s)

2018-06-11 15:53:37 - [MESSAGE][PASSED] - Delayed 10 second(s)

2018-06-11 15:53:37 - [TEST_STEP][PASSED] - uiaction.CommonUIActions.click: uiaction.CommonUIActions.click is PASSED

2018-06-11 15:53:37 - [MESSAGE][PASSED] - uiaction.CommonUIActions.click is PASSED

2018-06-11 15:53:37 - [TEST_STEP][PASSED] - uiaction.CommonUIActions.enter: uiaction.CommonUIActions.enter is PASSED

2018-06-11 15:53:37 - [MESSAGE][PASSED] - projectSpecific.Reusability.getTestData is PASSED

2018-06-11 15:53:37 - [MESSAGE][PASSED] - uiaction.CommonUIActions.enter is PASSED

2018-06-11 15:53:37 - [TEST_STEP][PASSED] - uiaction.CommonUIActions.enter: uiaction.CommonUIActions.enter is PASSED

2018-06-11 15:53:37 - [MESSAGE][PASSED] - projectSpecific.Reusability.getTestData is PASSED

2018-06-11 15:53:38 - [MESSAGE][PASSED] - uiaction.CommonUIActions.enter is PASSED

2018-06-11 15:53:38 - [TEST_STEP][PASSED] - delay: Delayed 10 second(s)

2018-06-11 15:53:48 - [MESSAGE][PASSED] - Delayed 10 second(s)

2018-06-11 15:53:48 - [TEST_STEP][PASSED] - Statement - grouplist = driver.findElements(org.openqa.selenium.By.xpath("//ul[@class='unlinked-grouplist']/li")): null

2018-06-11 15:53:48 - [TEST_STEP][PASSED] - delay: Delayed 10 second(s)

2018-06-11 15:53:58 - [MESSAGE][PASSED] - Delayed 10 second(s)

2018-06-11 15:53:58 - [TEST_STEP][PASSED] - Statement - size = grouplist.size(): null

2018-06-11 15:53:58 - [TEST_STEP][PASSED] - Statement - index = 0: null

2018-06-11 15:53:58 - [TEST_STEP][PASSED] - Statement - pattern = java.util.regex.Pattern.compile("[0-9]+"): null

2018-06-11 15:53:58 - [TEST_STEP][PASSED] - Statement - count = 0: null

2018-06-11 15:53:58 - [TEST_STEP][PASSED] - Statement - For ([i = 0, i < grouplist.size(), (i++)]): null

2018-06-11 15:53:58 - [TEST_STEP][PASSED] - Statement - txt = grouplist.get(i).getText(): null

2018-06-11 15:53:58 - [TEST_STEP][PASSED] - Statement - index = i + 1: null

2018-06-11 15:53:58 - [TEST_STEP][PASSED] - Statement - matched = pattern.matcher(txt).matches(): null

2018-06-11 15:53:58 - [TEST_STEP][PASSED] - Statement - If (matched): null

2018-06-11 15:53:58 - [TEST_STEP][PASSED] - Statement - txt = grouplist.get(i).getText(): null

2018-06-11 15:53:58 - [TEST_STEP][PASSED] - Statement - index = i + 1: null

2018-06-11 15:53:58 - [TEST_STEP][PASSED] - Statement - matched = pattern.matcher(txt).matches(): null

2018-06-11 15:53:58 - [TEST_STEP][PASSED] - Statement - If (matched): null

2018-06-11 15:53:58 - [TEST_STEP][PASSED] - Statement - txt = grouplist.get(i).getText(): null

2018-06-11 15:53:58 - [TEST_STEP][PASSED] - Statement - index = i + 1: null

2018-06-11 15:53:58 - [TEST_STEP][PASSED] - Statement - matched = pattern.matcher(txt).matches(): null

2018-06-11 15:53:58 - [TEST_STEP][PASSED] - Statement - If (matched): null

2018-06-11 15:53:58 - [TEST_STEP][PASSED] - Statement - txt = grouplist.get(i).getText(): null

2018-06-11 15:53:58 - [TEST_STEP][PASSED] - Statement - index = i + 1: null

2018-06-11 15:53:58 - [TEST_STEP][PASSED] - Statement - matched = pattern.matcher(txt).matches(): null

2018-06-11 15:53:58 - [TEST_STEP][PASSED] - Statement - If (matched): null

2018-06-11 15:53:58 - [TEST_STEP][PASSED] - Statement - txt = grouplist.get(i).getText(): null

2018-06-11 15:53:58 - [TEST_STEP][PASSED] - Statement - index = i + 1: null

2018-06-11 15:53:58 - [TEST_STEP][PASSED] - Statement - matched = pattern.matcher(txt).matches(): null

2018-06-11 15:53:58 - [TEST_STEP][PASSED] - Statement - If (matched): null

2018-06-11 15:53:58 - [TEST_STEP][PASSED] - Statement - txt = grouplist.get(i).getText(): null

2018-06-11 15:53:58 - [TEST_STEP][PASSED] - Statement - index = i + 1: null

2018-06-11 15:53:58 - [TEST_STEP][PASSED] - Statement - matched = pattern.matcher(txt).matches(): null

2018-06-11 15:53:58 - [TEST_STEP][PASSED] - Statement - If (matched): null

2018-06-11 15:53:58 - [TEST_STEP][PASSED] - Statement - txt = grouplist.get(i).getText(): null

2018-06-11 15:53:58 - [TEST_STEP][PASSED] - Statement - index = i + 1: null

2018-06-11 15:53:58 - [TEST_STEP][PASSED] - Statement - matched = pattern.matcher(txt).matches(): null

2018-06-11 15:53:58 - [TEST_STEP][PASSED] - Statement - If (matched): null

2018-06-11 15:53:58 - [TEST_STEP][PASSED] - Statement - txt = grouplist.get(i).getText(): null

2018-06-11 15:53:58 - [TEST_STEP][PASSED] - Statement - index = i + 1: null

2018-06-11 15:53:58 - [TEST_STEP][PASSED] - Statement - matched = pattern.matcher(txt).matches(): null

2018-06-11 15:53:58 - [TEST_STEP][PASSED] - Statement - If (matched): null

2018-06-11 15:53:58 - [TEST_STEP][PASSED] - Statement - txt = grouplist.get(i).getText(): null

2018-06-11 15:53:58 - [TEST_STEP][PASSED] - Statement - index = i + 1: null

2018-06-11 15:53:58 - [TEST_STEP][PASSED] - Statement - matched = pattern.matcher(txt).matches(): null

2018-06-11 15:53:58 - [TEST_STEP][PASSED] - Statement - If (matched): null

2018-06-11 15:53:58 - [TEST_STEP][PASSED] - Statement - txt = grouplist.get(i).getText(): null

2018-06-11 15:53:58 - [TEST_STEP][PASSED] - Statement - index = i + 1: null

2018-06-11 15:53:58 - [TEST_STEP][PASSED] - Statement - matched = pattern.matcher(txt).matches(): null

2018-06-11 15:53:58 - [TEST_STEP][PASSED] - Statement - If (matched): null

2018-06-11 15:53:58 - [TEST_STEP][PASSED] - Statement - txt = grouplist.get(i).getText(): null

2018-06-11 15:53:58 - [TEST_STEP][PASSED] - Statement - index = i + 1: null

2018-06-11 15:53:58 - [TEST_STEP][PASSED] - Statement - matched = pattern.matcher(txt).matches(): null

2018-06-11 15:53:58 - [TEST_STEP][PASSED] - Statement - If (matched): null

2018-06-11 15:53:58 - [TEST_STEP][PASSED] - Statement - txt = grouplist.get(i).getText(): null

2018-06-11 15:53:58 - [TEST_STEP][PASSED] - Statement - index = i + 1: null

2018-06-11 15:53:58 - [TEST_STEP][PASSED] - Statement - matched = pattern.matcher(txt).matches(): null

2018-06-11 15:53:58 - [TEST_STEP][PASSED] - Statement - If (matched): null

2018-06-11 15:53:58 - [TEST_STEP][PASSED] - Statement - txt = grouplist.get(i).getText(): null

2018-06-11 15:53:58 - [TEST_STEP][PASSED] - Statement - index = i + 1: null

2018-06-11 15:53:58 - [TEST_STEP][PASSED] - Statement - matched = pattern.matcher(txt).matches(): null

2018-06-11 15:53:58 - [TEST_STEP][PASSED] - Statement - If (matched): null

2018-06-11 15:53:58 - [TEST_STEP][PASSED] - Statement - txt = grouplist.get(i).getText(): null

2018-06-11 15:53:58 - [TEST_STEP][PASSED] - Statement - index = i + 1: null

2018-06-11 15:53:58 - [TEST_STEP][PASSED] - Statement - matched = pattern.matcher(txt).matches(): null

2018-06-11 15:53:58 - [TEST_STEP][PASSED] - Statement - If (matched): null

2018-06-11 15:53:58 - [TEST_STEP][PASSED] - Statement - txt = grouplist.get(i).getText(): null

2018-06-11 15:53:58 - [TEST_STEP][PASSED] - Statement - index = i + 1: null

2018-06-11 15:53:58 - [TEST_STEP][PASSED] - Statement - matched = pattern.matcher(txt).matches(): null

2018-06-11 15:53:58 - [TEST_STEP][PASSED] - Statement - If (matched): null

2018-06-11 15:53:58 - [TEST_STEP][PASSED] - Statement - txt = grouplist.get(i).getText(): null

2018-06-11 15:53:58 - [TEST_STEP][PASSED] - Statement - index = i + 1: null

2018-06-11 15:53:58 - [TEST_STEP][PASSED] - Statement - matched = pattern.matcher(txt).matches(): null

2018-06-11 15:53:58 - [TEST_STEP][PASSED] - Statement - If (matched): null

2018-06-11 15:53:58 - [TEST_STEP][PASSED] - Statement - driver.findElement(org.openqa.selenium.By.xpath("(//ul[@class='unlinked-grouplist']/li/label)[" + index + "]")).click(): null

2018-06-11 15:53:58 - [TEST_STEP][PASSED] - Statement - (count++): null

2018-06-11 15:53:58 - [TEST_STEP][PASSED] - Statement - If (count > 60): null

2018-06-11 15:53:58 - [TEST_STEP][PASSED] - Statement - txt = grouplist.get(i).getText(): null

2018-06-11 15:53:58 - [TEST_STEP][PASSED] - Statement - index = i + 1: null

2018-06-11 15:53:58 - [TEST_STEP][PASSED] - Statement - matched = pattern.matcher(txt).matches(): null

2018-06-11 15:53:58 - [TEST_STEP][PASSED] - Statement - If (matched): null

2018-06-11 15:53:58 - [TEST_STEP][PASSED] - Statement - driver.findElement(org.openqa.selenium.By.xpath("(//ul[@class='unlinked-grouplist']/li/label)[" + index + "]")).click(): null

2018-06-11 15:53:58 - [TEST_STEP][PASSED] - Statement - (count++): null

2018-06-11 15:53:58 - [TEST_STEP][PASSED] - Statement - If (count > 60): null

2018-06-11 15:53:58 - [TEST_STEP][PASSED] - Statement - txt = grouplist.get(i).getText(): null

2018-06-11 15:53:58 - [TEST_STEP][PASSED] - Statement - index = i + 1: null

2018-06-11 15:53:58 - [TEST_STEP][PASSED] - Statement - matched = pattern.matcher(txt).matches(): null

2018-06-11 15:53:58 - [TEST_STEP][PASSED] - Statement - If (matched): null

2018-06-11 15:53:58 - [TEST_STEP][PASSED] - Statement - driver.findElement(org.openqa.selenium.By.xpath("(//ul[@class='unlinked-grouplist']/li/label)[" + index + "]")).click(): null

2018-06-11 15:53:58 - [TEST_STEP][PASSED] - Statement - (count++): null

2018-06-11 15:53:58 - [TEST_STEP][PASSED] - Statement - If (count > 60): null

2018-06-11 15:53:58 - [TEST_STEP][PASSED] - Statement - txt = grouplist.get(i).getText(): null

2018-06-11 15:53:58 - [TEST_STEP][PASSED] - Statement - index = i + 1: null

2018-06-11 15:53:58 - [TEST_STEP][PASSED] - Statement - matched = pattern.matcher(txt).matches(): null

2018-06-11 15:53:58 - [TEST_STEP][PASSED] - Statement - If (matched): null

2018-06-11 15:53:58 - [TEST_STEP][PASSED] - Statement - driver.findElement(org.openqa.selenium.By.xpath("(//ul[@class='unlinked-grouplist']/li/label)[" + index + "]")).click(): null

2018-06-11 15:53:58 - [TEST_STEP][PASSED] - Statement - (count++): null

2018-06-11 15:53:58 - [TEST_STEP][PASSED] - Statement - If (count > 60): null

2018-06-11 15:53:58 - [TEST_STEP][PASSED] - Statement - txt = grouplist.get(i).getText(): null

2018-06-11 15:53:58 - [TEST_STEP][PASSED] - Statement - index = i + 1: null

2018-06-11 15:53:58 - [TEST_STEP][PASSED] - Statement - matched = pattern.matcher(txt).matches(): null

2018-06-11 15:53:58 - [TEST_STEP][PASSED] - Statement - If (matched): null

2018-06-11 15:53:58 - [TEST_STEP][PASSED] - Statement - driver.findElement(org.openqa.selenium.By.xpath("(//ul[@class='unlinked-grouplist']/li/label)[" + index + "]")).click(): null

2018-06-11 15:53:58 - [TEST_STEP][PASSED] - Statement - (count++): null

2018-06-11 15:53:58 - [TEST_STEP][PASSED] - Statement - If (count > 60): null

2018-06-11 15:53:58 - [TEST_STEP][PASSED] - Statement - txt = grouplist.get(i).getText(): null

2018-06-11 15:53:58 - [TEST_STEP][PASSED] - Statement - index = i + 1: null

2018-06-11 15:53:58 - [TEST_STEP][PASSED] - Statement - matched = pattern.matcher(txt).matches(): null

2018-06-11 15:53:58 - [TEST_STEP][PASSED] - Statement - If (matched): null

2018-06-11 15:53:58 - [TEST_STEP][PASSED] - Statement - driver.findElement(org.openqa.selenium.By.xpath("(//ul[@class='unlinked-grouplist']/li/label)[" + index + "]")).click(): null

2018-06-11 15:53:58 - [TEST_STEP][PASSED] - Statement - (count++): null

2018-06-11 15:53:58 - [TEST_STEP][PASSED] - Statement - If (count > 60): null

2018-06-11 15:53:58 - [TEST_STEP][PASSED] - Statement - txt = grouplist.get(i).getText(): null

2018-06-11 15:53:58 - [TEST_STEP][PASSED] - Statement - index = i + 1: null

2018-06-11 15:53:58 - [TEST_STEP][PASSED] - Statement - matched = pattern.matcher(txt).matches(): null

2018-06-11 15:53:58 - [TEST_STEP][PASSED] - Statement - If (matched): null

2018-06-11 15:53:58 - [TEST_STEP][PASSED] - Statement - driver.findElement(org.openqa.selenium.By.xpath("(//ul[@class='unlinked-grouplist']/li/label)[" + index + "]")).click(): null

2018-06-11 15:53:58 - [TEST_STEP][PASSED] - Statement - (count++): null

2018-06-11 15:53:58 - [TEST_STEP][PASSED] - Statement - If (count > 60): null

2018-06-11 15:53:58 - [TEST_STEP][PASSED] - Statement - txt = grouplist.get(i).getText(): null

2018-06-11 15:53:59 - [TEST_STEP][PASSED] - Statement - index = i + 1: null

2018-06-11 15:53:59 - [TEST_STEP][PASSED] - Statement - matched = pattern.matcher(txt).matches(): null

2018-06-11 15:53:59 - [TEST_STEP][PASSED] - Statement - If (matched): null

2018-06-11 15:53:59 - [TEST_STEP][PASSED] - Statement - driver.findElement(org.openqa.selenium.By.xpath("(//ul[@class='unlinked-grouplist']/li/label)[" + index + "]")).click(): null

2018-06-11 15:53:59 - [TEST_STEP][PASSED] - Statement - (count++): null

2018-06-11 15:53:59 - [TEST_STEP][PASSED] - Statement - If (count > 60): null

2018-06-11 15:53:59 - [TEST_STEP][PASSED] - Statement - txt = grouplist.get(i).getText(): null

2018-06-11 15:53:59 - [TEST_STEP][PASSED] - Statement - index = i + 1: null

2018-06-11 15:53:59 - [TEST_STEP][PASSED] - Statement - matched = pattern.matcher(txt).matches(): null

2018-06-11 15:53:59 - [TEST_STEP][PASSED] - Statement - If (matched): null

2018-06-11 15:53:59 - [TEST_STEP][PASSED] - Statement - driver.findElement(org.openqa.selenium.By.xpath("(//ul[@class='unlinked-grouplist']/li/label)[" + index + "]")).click(): null

2018-06-11 15:53:59 - [TEST_STEP][PASSED] - Statement - (count++): null

2018-06-11 15:53:59 - [TEST_STEP][PASSED] - Statement - If (count > 60): null

2018-06-11 15:53:59 - [TEST_STEP][PASSED] - Statement - txt = grouplist.get(i).getText(): null

2018-06-11 15:53:59 - [TEST_STEP][PASSED] - Statement - index = i + 1: null

2018-06-11 15:53:59 - [TEST_STEP][PASSED] - Statement - matched = pattern.matcher(txt).matches(): null

2018-06-11 15:53:59 - [TEST_STEP][PASSED] - Statement - If (matched): null

2018-06-11 15:53:59 - [TEST_STEP][PASSED] - Statement - driver.findElement(org.openqa.selenium.By.xpath("(//ul[@class='unlinked-grouplist']/li/label)[" + index + "]")).click(): null

2018-06-11 15:53:59 - [TEST_STEP][PASSED] - Statement - (count++): null

2018-06-11 15:53:59 - [TEST_STEP][PASSED] - Statement - If (count > 60): null

2018-06-11 15:53:59 - [TEST_STEP][PASSED] - Statement - txt = grouplist.get(i).getText(): null

2018-06-11 15:53:59 - [TEST_STEP][PASSED] - Statement - index = i + 1: null

2018-06-11 15:53:59 - [TEST_STEP][PASSED] - Statement - matched = pattern.matcher(txt).matches(): null

2018-06-11 15:53:59 - [TEST_STEP][PASSED] - Statement - If (matched): null

2018-06-11 15:53:59 - [TEST_STEP][PASSED] - Statement - driver.findElement(org.openqa.selenium.By.xpath("(//ul[@class='unlinked-grouplist']/li/label)[" + index + "]")).click(): null

2018-06-11 15:53:59 - [TEST_STEP][PASSED] - Statement - (count++): null

2018-06-11 15:53:59 - [TEST_STEP][PASSED] - Statement - If (count > 60): null

2018-06-11 15:53:59 - [TEST_STEP][PASSED] - Statement - txt = grouplist.get(i).getText(): null

2018-06-11 15:53:59 - [TEST_STEP][PASSED] - Statement - index = i + 1: null

2018-06-11 15:53:59 - [TEST_STEP][PASSED] - Statement - matched = pattern.matcher(txt).matches(): null

2018-06-11 15:53:59 - [TEST_STEP][PASSED] - Statement - If (matched): null

2018-06-11 15:53:59 - [TEST_STEP][PASSED] - Statement - driver.findElement(org.openqa.selenium.By.xpath("(//ul[@class='unlinked-grouplist']/li/label)[" + index + "]")).click(): null

2018-06-11 15:53:59 - [TEST_STEP][PASSED] - Statement - (count++): null

2018-06-11 15:53:59 - [TEST_STEP][PASSED] - Statement - If (count > 60): null

2018-06-11 15:53:59 - [TEST_STEP][PASSED] - Statement - txt = grouplist.get(i).getText(): null

2018-06-11 15:53:59 - [TEST_STEP][PASSED] - Statement - index = i + 1: null

2018-06-11 15:53:59 - [TEST_STEP][PASSED] - Statement - matched = pattern.matcher(txt).matches(): null

2018-06-11 15:53:59 - [TEST_STEP][PASSED] - Statement - If (matched): null

2018-06-11 15:53:59 - [TEST_STEP][PASSED] - Statement - driver.findElement(org.openqa.selenium.By.xpath("(//ul[@class='unlinked-grouplist']/li/label)[" + index + "]")).click(): null

2018-06-11 15:53:59 - [TEST_STEP][PASSED] - Statement - (count++): null

2018-06-11 15:53:59 - [TEST_STEP][PASSED] - Statement - If (count > 60): null

2018-06-11 15:53:59 - [TEST_STEP][PASSED] - Statement - txt = grouplist.get(i).getText(): null

2018-06-11 15:53:59 - [TEST_STEP][PASSED] - Statement - index = i + 1: null

2018-06-11 15:53:59 - [TEST_STEP][PASSED] - Statement - matched = pattern.matcher(txt).matches(): null

2018-06-11 15:53:59 - [TEST_STEP][PASSED] - Statement - If (matched): null

2018-06-11 15:53:59 - [TEST_STEP][PASSED] - Statement - driver.findElement(org.openqa.selenium.By.xpath("(//ul[@class='unlinked-grouplist']/li/label)[" + index + "]")).click(): null

2018-06-11 15:53:59 - [TEST_STEP][PASSED] - Statement - (count++): null

2018-06-11 15:53:59 - [TEST_STEP][PASSED] - Statement - If (count > 60): null

2018-06-11 15:53:59 - [TEST_STEP][PASSED] - Statement - txt = grouplist.get(i).getText(): null

2018-06-11 15:53:59 - [TEST_STEP][PASSED] - Statement - index = i + 1: null

2018-06-11 15:53:59 - [TEST_STEP][PASSED] - Statement - matched = pattern.matcher(txt).matches(): null

2018-06-11 15:53:59 - [TEST_STEP][PASSED] - Statement - If (matched): null

2018-06-11 15:53:59 - [TEST_STEP][PASSED] - Statement - driver.findElement(org.openqa.selenium.By.xpath("(//ul[@class='unlinked-grouplist']/li/label)[" + index + "]")).click(): null

2018-06-11 15:53:59 - [TEST_STEP][PASSED] - Statement - (count++): null

2018-06-11 15:53:59 - [TEST_STEP][PASSED] - Statement - If (count > 60): null

2018-06-11 15:53:59 - [TEST_STEP][PASSED] - Statement - txt = grouplist.get(i).getText(): null

2018-06-11 15:53:59 - [TEST_STEP][PASSED] - Statement - index = i + 1: null

2018-06-11 15:53:59 - [TEST_STEP][PASSED] - Statement - matched = pattern.matcher(txt).matches(): null

2018-06-11 15:53:59 - [TEST_STEP][PASSED] - Statement - If (matched): null

2018-06-11 15:53:59 - [TEST_STEP][PASSED] - Statement - driver.findElement(org.openqa.selenium.By.xpath("(//ul[@class='unlinked-grouplist']/li/label)[" + index + "]")).click(): null

2018-06-11 15:53:59 - [TEST_STEP][PASSED] - Statement - (count++): null

2018-06-11 15:53:59 - [TEST_STEP][PASSED] - Statement - If (count > 60): null

2018-06-11 15:53:59 - [TEST_STEP][PASSED] - Statement - txt = grouplist.get(i).getText(): null

2018-06-11 15:53:59 - [TEST_STEP][PASSED] - Statement - index = i + 1: null

2018-06-11 15:53:59 - [TEST_STEP][PASSED] - Statement - matched = pattern.matcher(txt).matches(): null

2018-06-11 15:53:59 - [TEST_STEP][PASSED] - Statement - If (matched): null

2018-06-11 15:53:59 - [TEST_STEP][PASSED] - Statement - driver.findElement(org.openqa.selenium.By.xpath("(//ul[@class='unlinked-grouplist']/li/label)[" + index + "]")).click(): null

2018-06-11 15:53:59 - [TEST_STEP][PASSED] - Statement - (count++): null

2018-06-11 15:53:59 - [TEST_STEP][PASSED] - Statement - If (count > 60): null

2018-06-11 15:53:59 - [TEST_STEP][PASSED] - Statement - txt = grouplist.get(i).getText(): null

2018-06-11 15:53:59 - [TEST_STEP][PASSED] - Statement - index = i + 1: null

2018-06-11 15:53:59 - [TEST_STEP][PASSED] - Statement - matched = pattern.matcher(txt).matches(): null

2018-06-11 15:53:59 - [TEST_STEP][PASSED] - Statement - If (matched): null

2018-06-11 15:53:59 - [TEST_STEP][PASSED] - Statement - driver.findElement(org.openqa.selenium.By.xpath("(//ul[@class='unlinked-grouplist']/li/label)[" + index + "]")).click(): null

2018-06-11 15:53:59 - [TEST_STEP][PASSED] - Statement - (count++): null

2018-06-11 15:53:59 - [TEST_STEP][PASSED] - Statement - If (count > 60): null

2018-06-11 15:53:59 - [TEST_STEP][PASSED] - Statement - txt = grouplist.get(i).getText(): null

2018-06-11 15:53:59 - [TEST_STEP][PASSED] - Statement - index = i + 1: null

2018-06-11 15:53:59 - [TEST_STEP][PASSED] - Statement - matched = pattern.matcher(txt).matches(): null

2018-06-11 15:53:59 - [TEST_STEP][PASSED] - Statement - If (matched): null

2018-06-11 15:53:59 - [TEST_STEP][PASSED] - Statement - driver.findElement(org.openqa.selenium.By.xpath("(//ul[@class='unlinked-grouplist']/li/label)[" + index + "]")).click(): null

2018-06-11 15:53:59 - [TEST_STEP][PASSED] - Statement - (count++): null

2018-06-11 15:53:59 - [TEST_STEP][PASSED] - Statement - If (count > 60): null

2018-06-11 15:53:59 - [TEST_STEP][PASSED] - Statement - txt = grouplist.get(i).getText(): null

2018-06-11 15:54:00 - [TEST_STEP][PASSED] - Statement - index = i + 1: null

2018-06-11 15:54:00 - [TEST_STEP][PASSED] - Statement - matched = pattern.matcher(txt).matches(): null

2018-06-11 15:54:00 - [TEST_STEP][PASSED] - Statement - If (matched): null

2018-06-11 15:54:00 - [TEST_STEP][PASSED] - Statement - driver.findElement(org.openqa.selenium.By.xpath("(//ul[@class='unlinked-grouplist']/li/label)[" + index + "]")).click(): null

2018-06-11 15:54:00 - [TEST_STEP][PASSED] - Statement - (count++): null

2018-06-11 15:54:00 - [TEST_STEP][PASSED] - Statement - If (count > 60): null

2018-06-11 15:54:00 - [TEST_STEP][PASSED] - Statement - txt = grouplist.get(i).getText(): null

2018-06-11 15:54:00 - [TEST_STEP][PASSED] - Statement - index = i + 1: null

2018-06-11 15:54:00 - [TEST_STEP][PASSED] - Statement - matched = pattern.matcher(txt).matches(): null

2018-06-11 15:54:00 - [TEST_STEP][PASSED] - Statement - If (matched): null

2018-06-11 15:54:00 - [TEST_STEP][PASSED] - Statement - driver.findElement(org.openqa.selenium.By.xpath("(//ul[@class='unlinked-grouplist']/li/label)[" + index + "]")).click(): null

2018-06-11 15:54:00 - [TEST_STEP][PASSED] - Statement - (count++): null

2018-06-11 15:54:00 - [TEST_STEP][PASSED] - Statement - If (count > 60): null

2018-06-11 15:54:00 - [TEST_STEP][PASSED] - Statement - txt = grouplist.get(i).getText(): null

2018-06-11 15:54:00 - [TEST_STEP][PASSED] - Statement - index = i + 1: null

2018-06-11 15:54:00 - [TEST_STEP][PASSED] - Statement - matched = pattern.matcher(txt).matches(): null

2018-06-11 15:54:00 - [TEST_STEP][PASSED] - Statement - If (matched): null

2018-06-11 15:54:00 - [TEST_STEP][PASSED] - Statement - driver.findElement(org.openqa.selenium.By.xpath("(//ul[@class='unlinked-grouplist']/li/label)[" + index + "]")).click(): null

2018-06-11 15:54:00 - [TEST_STEP][PASSED] - Statement - (count++): null

2018-06-11 15:54:00 - [TEST_STEP][PASSED] - Statement - If (count > 60): null

2018-06-11 15:54:00 - [TEST_STEP][PASSED] - Statement - txt = grouplist.get(i).getText(): null

2018-06-11 15:54:00 - [TEST_STEP][PASSED] - Statement - index = i + 1: null

2018-06-11 15:54:00 - [TEST_STEP][PASSED] - Statement - matched = pattern.matcher(txt).matches(): null

2018-06-11 15:54:00 - [TEST_STEP][PASSED] - Statement - If (matched): null

2018-06-11 15:54:00 - [TEST_STEP][PASSED] - Statement - driver.findElement(org.openqa.selenium.By.xpath("(//ul[@class='unlinked-grouplist']/li/label)[" + index + "]")).click(): null

2018-06-11 15:54:00 - [TEST_STEP][PASSED] - Statement - (count++): null

2018-06-11 15:54:00 - [TEST_STEP][PASSED] - Statement - If (count > 60): null

2018-06-11 15:54:00 - [TEST_STEP][PASSED] - Statement - txt = grouplist.get(i).getText(): null

2018-06-11 15:54:00 - [TEST_STEP][PASSED] - Statement - index = i + 1: null

2018-06-11 15:54:00 - [TEST_STEP][PASSED] - Statement - matched = pattern.matcher(txt).matches(): null

2018-06-11 15:54:00 - [TEST_STEP][PASSED] - Statement - If (matched): null

2018-06-11 15:54:00 - [TEST_STEP][PASSED] - Statement - driver.findElement(org.openqa.selenium.By.xpath("(//ul[@class='unlinked-grouplist']/li/label)[" + index + "]")).click(): null

2018-06-11 15:54:00 - [TEST_STEP][PASSED] - Statement - (count++): null

2018-06-11 15:54:00 - [TEST_STEP][PASSED] - Statement - If (count > 60): null

2018-06-11 15:54:00 - [TEST_STEP][PASSED] - Statement - txt = grouplist.get(i).getText(): null

2018-06-11 15:54:00 - [TEST_STEP][PASSED] - Statement - index = i + 1: null

2018-06-11 15:54:00 - [TEST_STEP][PASSED] - Statement - matched = pattern.matcher(txt).matches(): null

2018-06-11 15:54:00 - [TEST_STEP][PASSED] - Statement - If (matched): null

2018-06-11 15:54:00 - [TEST_STEP][PASSED] - Statement - driver.findElement(org.openqa.selenium.By.xpath("(//ul[@class='unlinked-grouplist']/li/label)[" + index + "]")).click(): null

2018-06-11 15:54:00 - [TEST_STEP][PASSED] - Statement - (count++): null

2018-06-11 15:54:00 - [TEST_STEP][PASSED] - Statement - If (count > 60): null

2018-06-11 15:54:00 - [TEST_STEP][PASSED] - Statement - txt = grouplist.get(i).getText(): null

2018-06-11 15:54:00 - [TEST_STEP][PASSED] - Statement - index = i + 1: null

2018-06-11 15:54:00 - [TEST_STEP][PASSED] - Statement - matched = pattern.matcher(txt).matches(): null

2018-06-11 15:54:00 - [TEST_STEP][PASSED] - Statement - If (matched): null

2018-06-11 15:54:00 - [TEST_STEP][PASSED] - Statement - driver.findElement(org.openqa.selenium.By.xpath("(//ul[@class='unlinked-grouplist']/li/label)[" + index + "]")).click(): null

2018-06-11 15:54:00 - [TEST_STEP][PASSED] - Statement - (count++): null

2018-06-11 15:54:00 - [TEST_STEP][PASSED] - Statement - If (count > 60): null

2018-06-11 15:54:00 - [TEST_STEP][PASSED] - Statement - txt = grouplist.get(i).getText(): null

2018-06-11 15:54:00 - [TEST_STEP][PASSED] - Statement - index = i + 1: null

2018-06-11 15:54:00 - [TEST_STEP][PASSED] - Statement - matched = pattern.matcher(txt).matches(): null

2018-06-11 15:54:00 - [TEST_STEP][PASSED] - Statement - If (matched): null

2018-06-11 15:54:00 - [TEST_STEP][PASSED] - Statement - driver.findElement(org.openqa.selenium.By.xpath("(//ul[@class='unlinked-grouplist']/li/label)[" + index + "]")).click(): null

2018-06-11 15:54:00 - [TEST_STEP][PASSED] - Statement - (count++): null

2018-06-11 15:54:00 - [TEST_STEP][PASSED] - Statement - If (count > 60): null

2018-06-11 15:54:00 - [TEST_STEP][PASSED] - Statement - txt = grouplist.get(i).getText(): null

2018-06-11 15:54:00 - [TEST_STEP][PASSED] - Statement - index = i + 1: null

2018-06-11 15:54:00 - [TEST_STEP][PASSED] - Statement - matched = pattern.matcher(txt).matches(): null

2018-06-11 15:54:00 - [TEST_STEP][PASSED] - Statement - If (matched): null

2018-06-11 15:54:00 - [TEST_STEP][PASSED] - Statement - driver.findElement(org.openqa.selenium.By.xpath("(//ul[@class='unlinked-grouplist']/li/label)[" + index + "]")).click(): null

2018-06-11 15:54:00 - [TEST_STEP][PASSED] - Statement - (count++): null

2018-06-11 15:54:00 - [TEST_STEP][PASSED] - Statement - If (count > 60): null

2018-06-11 15:54:00 - [TEST_STEP][PASSED] - Statement - txt = grouplist.get(i).getText(): null

2018-06-11 15:54:00 - [TEST_STEP][PASSED] - Statement - index = i + 1: null

2018-06-11 15:54:00 - [TEST_STEP][PASSED] - Statement - matched = pattern.matcher(txt).matches(): null

2018-06-11 15:54:00 - [TEST_STEP][PASSED] - Statement - If (matched): null

2018-06-11 15:54:00 - [TEST_STEP][PASSED] - Statement - driver.findElement(org.openqa.selenium.By.xpath("(//ul[@class='unlinked-grouplist']/li/label)[" + index + "]")).click(): null

2018-06-11 15:54:00 - [TEST_STEP][PASSED] - Statement - (count++): null

2018-06-11 15:54:00 - [TEST_STEP][PASSED] - Statement - If (count > 60): null

2018-06-11 15:54:00 - [TEST_STEP][PASSED] - Statement - txt = grouplist.get(i).getText(): null

2018-06-11 15:54:00 - [TEST_STEP][PASSED] - Statement - index = i + 1: null

2018-06-11 15:54:00 - [TEST_STEP][PASSED] - Statement - matched = pattern.matcher(txt).matches(): null

2018-06-11 15:54:00 - [TEST_STEP][PASSED] - Statement - If (matched): null

2018-06-11 15:54:00 - [TEST_STEP][PASSED] - Statement - driver.findElement(org.openqa.selenium.By.xpath("(//ul[@class='unlinked-grouplist']/li/label)[" + index + "]")).click(): null

2018-06-11 15:54:00 - [TEST_STEP][PASSED] - Statement - (count++): null

2018-06-11 15:54:00 - [TEST_STEP][PASSED] - Statement - If (count > 60): null

2018-06-11 15:54:00 - [TEST_STEP][PASSED] - Statement - txt = grouplist.get(i).getText(): null

2018-06-11 15:54:00 - [TEST_STEP][PASSED] - Statement - index = i + 1: null

2018-06-11 15:54:00 - [TEST_STEP][PASSED] - Statement - matched = pattern.matcher(txt).matches(): null

2018-06-11 15:54:00 - [TEST_STEP][PASSED] - Statement - If (matched): null

2018-06-11 15:54:00 - [TEST_STEP][PASSED] - Statement - driver.findElement(org.openqa.selenium.By.xpath("(//ul[@class='unlinked-grouplist']/li/label)[" + index + "]")).click(): null

2018-06-11 15:54:00 - [TEST_STEP][PASSED] - Statement - (count++): null

2018-06-11 15:54:00 - [TEST_STEP][PASSED] - Statement - If (count > 60): null

2018-06-11 15:54:00 - [TEST_STEP][PASSED] - Statement - txt = grouplist.get(i).getText(): null

2018-06-11 15:54:00 - [TEST_STEP][PASSED] - Statement - index = i + 1: null

2018-06-11 15:54:00 - [TEST_STEP][PASSED] - Statement - matched = pattern.matcher(txt).matches(): null

2018-06-11 15:54:00 - [TEST_STEP][PASSED] - Statement - If (matched): null

2018-06-11 15:54:00 - [TEST_STEP][PASSED] - Statement - driver.findElement(org.openqa.selenium.By.xpath("(//ul[@class='unlinked-grouplist']/li/label)[" + index + "]")).click(): null

2018-06-11 15:54:01 - [TEST_STEP][PASSED] - Statement - (count++): null

2018-06-11 15:54:01 - [TEST_STEP][PASSED] - Statement - If (count > 60): null

2018-06-11 15:54:01 - [TEST_STEP][PASSED] - Statement - txt = grouplist.get(i).getText(): null

2018-06-11 15:54:01 - [TEST_STEP][PASSED] - Statement - index = i + 1: null

2018-06-11 15:54:01 - [TEST_STEP][PASSED] - Statement - matched = pattern.matcher(txt).matches(): null

2018-06-11 15:54:01 - [TEST_STEP][PASSED] - Statement - If (matched): null

2018-06-11 15:54:01 - [TEST_STEP][PASSED] - Statement - driver.findElement(org.openqa.selenium.By.xpath("(//ul[@class='unlinked-grouplist']/li/label)[" + index + "]")).click(): null

2018-06-11 15:54:01 - [TEST_STEP][PASSED] - Statement - (count++): null

2018-06-11 15:54:01 - [TEST_STEP][PASSED] - Statement - If (count > 60): null

2018-06-11 15:54:01 - [TEST_STEP][PASSED] - Statement - txt = grouplist.get(i).getText(): null

2018-06-11 15:54:01 - [TEST_STEP][PASSED] - Statement - index = i + 1: null

2018-06-11 15:54:01 - [TEST_STEP][PASSED] - Statement - matched = pattern.matcher(txt).matches(): null

2018-06-11 15:54:01 - [TEST_STEP][PASSED] - Statement - If (matched): null

2018-06-11 15:54:01 - [TEST_STEP][PASSED] - Statement - driver.findElement(org.openqa.selenium.By.xpath("(//ul[@class='unlinked-grouplist']/li/label)[" + index + "]")).click(): null

2018-06-11 15:54:01 - [TEST_STEP][PASSED] - Statement - (count++): null

2018-06-11 15:54:01 - [TEST_STEP][PASSED] - Statement - If (count > 60): null

2018-06-11 15:54:01 - [TEST_STEP][PASSED] - Statement - txt = grouplist.get(i).getText(): null

2018-06-11 15:54:01 - [TEST_STEP][PASSED] - Statement - index = i + 1: null

2018-06-11 15:54:01 - [TEST_STEP][PASSED] - Statement - matched = pattern.matcher(txt).matches(): null

2018-06-11 15:54:01 - [TEST_STEP][PASSED] - Statement - If (matched): null

2018-06-11 15:54:01 - [TEST_STEP][PASSED] - Statement - driver.findElement(org.openqa.selenium.By.xpath("(//ul[@class='unlinked-grouplist']/li/label)[" + index + "]")).click(): null

2018-06-11 15:54:01 - [TEST_STEP][PASSED] - Statement - (count++): null

2018-06-11 15:54:01 - [TEST_STEP][PASSED] - Statement - If (count > 60): null

2018-06-11 15:54:01 - [TEST_STEP][PASSED] - Statement - txt = grouplist.get(i).getText(): null

2018-06-11 15:54:01 - [TEST_STEP][PASSED] - Statement - index = i + 1: null

2018-06-11 15:54:01 - [TEST_STEP][PASSED] - Statement - matched = pattern.matcher(txt).matches(): null

2018-06-11 15:54:01 - [TEST_STEP][PASSED] - Statement - If (matched): null

2018-06-11 15:54:01 - [TEST_STEP][PASSED] - Statement - driver.findElement(org.openqa.selenium.By.xpath("(//ul[@class='unlinked-grouplist']/li/label)[" + index + "]")).click(): null

2018-06-11 15:54:01 - [TEST_STEP][PASSED] - Statement - (count++): null

2018-06-11 15:54:01 - [TEST_STEP][PASSED] - Statement - If (count > 60): null

2018-06-11 15:54:01 - [TEST_STEP][PASSED] - Statement - txt = grouplist.get(i).getText(): null

2018-06-11 15:54:01 - [TEST_STEP][PASSED] - Statement - index = i + 1: null

2018-06-11 15:54:01 - [TEST_STEP][PASSED] - Statement - matched = pattern.matcher(txt).matches(): null

2018-06-11 15:54:01 - [TEST_STEP][PASSED] - Statement - If (matched): null

2018-06-11 15:54:01 - [TEST_STEP][PASSED] - Statement - driver.findElement(org.openqa.selenium.By.xpath("(//ul[@class='unlinked-grouplist']/li/label)[" + index + "]")).click(): null

2018-06-11 15:54:01 - [TEST_STEP][PASSED] - Statement - (count++): null

2018-06-11 15:54:01 - [TEST_STEP][PASSED] - Statement - If (count > 60): null

2018-06-11 15:54:01 - [TEST_STEP][PASSED] - Statement - txt = grouplist.get(i).getText(): null

2018-06-11 15:54:01 - [TEST_STEP][PASSED] - Statement - index = i + 1: null

2018-06-11 15:54:01 - [TEST_STEP][PASSED] - Statement - matched = pattern.matcher(txt).matches(): null

2018-06-11 15:54:01 - [TEST_STEP][PASSED] - Statement - If (matched): null

2018-06-11 15:54:01 - [TEST_STEP][PASSED] - Statement - driver.findElement(org.openqa.selenium.By.xpath("(//ul[@class='unlinked-grouplist']/li/label)[" + index + "]")).click(): null

2018-06-11 15:54:01 - [TEST_STEP][PASSED] - Statement - (count++): null

2018-06-11 15:54:01 - [TEST_STEP][PASSED] - Statement - If (count > 60): null

2018-06-11 15:54:01 - [TEST_STEP][PASSED] - Statement - txt = grouplist.get(i).getText(): null

2018-06-11 15:54:01 - [TEST_STEP][PASSED] - Statement - index = i + 1: null

2018-06-11 15:54:01 - [TEST_STEP][PASSED] - Statement - matched = pattern.matcher(txt).matches(): null

2018-06-11 15:54:01 - [TEST_STEP][PASSED] - Statement - If (matched): null

2018-06-11 15:54:01 - [TEST_STEP][PASSED] - Statement - driver.findElement(org.openqa.selenium.By.xpath("(//ul[@class='unlinked-grouplist']/li/label)[" + index + "]")).click(): null

2018-06-11 15:54:01 - [TEST_STEP][PASSED] - Statement - (count++): null

2018-06-11 15:54:01 - [TEST_STEP][PASSED] - Statement - If (count > 60): null

2018-06-11 15:54:01 - [TEST_STEP][PASSED] - Statement - txt = grouplist.get(i).getText(): null

2018-06-11 15:54:01 - [TEST_STEP][PASSED] - Statement - index = i + 1: null

2018-06-11 15:54:01 - [TEST_STEP][PASSED] - Statement - matched = pattern.matcher(txt).matches(): null

2018-06-11 15:54:01 - [TEST_STEP][PASSED] - Statement - If (matched): null

2018-06-11 15:54:01 - [TEST_STEP][PASSED] - Statement - driver.findElement(org.openqa.selenium.By.xpath("(//ul[@class='unlinked-grouplist']/li/label)[" + index + "]")).click(): null

2018-06-11 15:54:01 - [TEST_STEP][PASSED] - Statement - (count++): null

2018-06-11 15:54:01 - [TEST_STEP][PASSED] - Statement - If (count > 60): null

2018-06-11 15:54:01 - [TEST_STEP][PASSED] - Statement - txt = grouplist.get(i).getText(): null

2018-06-11 15:54:01 - [TEST_STEP][PASSED] - Statement - index = i + 1: null

2018-06-11 15:54:01 - [TEST_STEP][PASSED] - Statement - matched = pattern.matcher(txt).matches(): null

2018-06-11 15:54:01 - [TEST_STEP][PASSED] - Statement - If (matched): null

2018-06-11 15:54:01 - [TEST_STEP][PASSED] - Statement - driver.findElement(org.openqa.selenium.By.xpath("(//ul[@class='unlinked-grouplist']/li/label)[" + index + "]")).click(): null

2018-06-11 15:54:01 - [TEST_STEP][PASSED] - Statement - (count++): null

2018-06-11 15:54:01 - [TEST_STEP][PASSED] - Statement - If (count > 60): null

2018-06-11 15:54:01 - [TEST_STEP][PASSED] - Statement - txt = grouplist.get(i).getText(): null

2018-06-11 15:54:01 - [TEST_STEP][PASSED] - Statement - index = i + 1: null

2018-06-11 15:54:01 - [TEST_STEP][PASSED] - Statement - matched = pattern.matcher(txt).matches(): null

2018-06-11 15:54:01 - [TEST_STEP][PASSED] - Statement - If (matched): null

2018-06-11 15:54:01 - [TEST_STEP][PASSED] - Statement - driver.findElement(org.openqa.selenium.By.xpath("(//ul[@class='unlinked-grouplist']/li/label)[" + index + "]")).click(): null

2018-06-11 15:54:01 - [TEST_STEP][PASSED] - Statement - (count++): null

2018-06-11 15:54:01 - [TEST_STEP][PASSED] - Statement - If (count > 60): null

2018-06-11 15:54:01 - [TEST_STEP][PASSED] - Statement - txt = grouplist.get(i).getText(): null

2018-06-11 15:54:01 - [TEST_STEP][PASSED] - Statement - index = i + 1: null

2018-06-11 15:54:01 - [TEST_STEP][PASSED] - Statement - matched = pattern.matcher(txt).matches(): null

2018-06-11 15:54:01 - [TEST_STEP][PASSED] - Statement - If (matched): null

2018-06-11 15:54:01 - [TEST_STEP][PASSED] - Statement - driver.findElement(org.openqa.selenium.By.xpath("(//ul[@class='unlinked-grouplist']/li/label)[" + index + "]")).click(): null

2018-06-11 15:54:01 - [TEST_STEP][PASSED] - Statement - (count++): null

2018-06-11 15:54:01 - [TEST_STEP][PASSED] - Statement - If (count > 60): null

2018-06-11 15:54:01 - [TEST_STEP][PASSED] - Statement - txt = grouplist.get(i).getText(): null

2018-06-11 15:54:01 - [TEST_STEP][PASSED] - Statement - index = i + 1: null

2018-06-11 15:54:01 - [TEST_STEP][PASSED] - Statement - matched = pattern.matcher(txt).matches(): null

2018-06-11 15:54:01 - [TEST_STEP][PASSED] - Statement - If (matched): null

2018-06-11 15:54:01 - [TEST_STEP][PASSED] - Statement - driver.findElement(org.openqa.selenium.By.xpath("(//ul[@class='unlinked-grouplist']/li/label)[" + index + "]")).click(): null

2018-06-11 15:54:01 - [TEST_STEP][PASSED] - Statement - (count++): null

2018-06-11 15:54:01 - [TEST_STEP][PASSED] - Statement - If (count > 60): null

2018-06-11 15:54:01 - [TEST_STEP][PASSED] - Statement - txt = grouplist.get(i).getText(): null

2018-06-11 15:54:01 - [TEST_STEP][PASSED] - Statement - index = i + 1: null

2018-06-11 15:54:01 - [TEST_STEP][PASSED] - Statement - matched = pattern.matcher(txt).matches(): null

2018-06-11 15:54:01 - [TEST_STEP][PASSED] - Statement - If (matched): null

2018-06-11 15:54:01 - [TEST_STEP][PASSED] - Statement - driver.findElement(org.openqa.selenium.By.xpath("(//ul[@class='unlinked-grouplist']/li/label)[" + index + "]")).click(): null

2018-06-11 15:54:02 - [TEST_STEP][PASSED] - Statement - (count++): null

2018-06-11 15:54:02 - [TEST_STEP][PASSED] - Statement - If (count > 60): null

2018-06-11 15:54:02 - [TEST_STEP][PASSED] - Statement - txt = grouplist.get(i).getText(): null

2018-06-11 15:54:02 - [TEST_STEP][PASSED] - Statement - index = i + 1: null

2018-06-11 15:54:02 - [TEST_STEP][PASSED] - Statement - matched = pattern.matcher(txt).matches(): null

2018-06-11 15:54:02 - [TEST_STEP][PASSED] - Statement - If (matched): null

2018-06-11 15:54:02 - [TEST_STEP][PASSED] - Statement - driver.findElement(org.openqa.selenium.By.xpath("(//ul[@class='unlinked-grouplist']/li/label)[" + index + "]")).click(): null

2018-06-11 15:54:02 - [TEST_STEP][PASSED] - Statement - (count++): null

2018-06-11 15:54:02 - [TEST_STEP][PASSED] - Statement - If (count > 60): null

2018-06-11 15:54:02 - [TEST_STEP][PASSED] - Statement - txt = grouplist.get(i).getText(): null

2018-06-11 15:54:02 - [TEST_STEP][PASSED] - Statement - index = i + 1: null

2018-06-11 15:54:02 - [TEST_STEP][PASSED] - Statement - matched = pattern.matcher(txt).matches(): null

2018-06-11 15:54:02 - [TEST_STEP][PASSED] - Statement - If (matched): null

2018-06-11 15:54:02 - [TEST_STEP][PASSED] - Statement - driver.findElement(org.openqa.selenium.By.xpath("(//ul[@class='unlinked-grouplist']/li/label)[" + index + "]")).click(): null

2018-06-11 15:54:02 - [TEST_STEP][PASSED] - Statement - (count++): null

2018-06-11 15:54:02 - [TEST_STEP][PASSED] - Statement - If (count > 60): null

2018-06-11 15:54:02 - [TEST_STEP][PASSED] - Statement - txt = grouplist.get(i).getText(): null

2018-06-11 15:54:02 - [TEST_STEP][PASSED] - Statement - index = i + 1: null

2018-06-11 15:54:02 - [TEST_STEP][PASSED] - Statement - matched = pattern.matcher(txt).matches(): null

2018-06-11 15:54:02 - [TEST_STEP][PASSED] - Statement - If (matched): null

2018-06-11 15:54:02 - [TEST_STEP][PASSED] - Statement - driver.findElement(org.openqa.selenium.By.xpath("(//ul[@class='unlinked-grouplist']/li/label)[" + index + "]")).click(): null

2018-06-11 15:54:02 - [TEST_STEP][PASSED] - Statement - (count++): null

2018-06-11 15:54:02 - [TEST_STEP][PASSED] - Statement - If (count > 60): null

2018-06-11 15:54:02 - [TEST_STEP][PASSED] - Statement - txt = grouplist.get(i).getText(): null

2018-06-11 15:54:02 - [TEST_STEP][PASSED] - Statement - index = i + 1: null

2018-06-11 15:54:02 - [TEST_STEP][PASSED] - Statement - matched = pattern.matcher(txt).matches(): null

2018-06-11 15:54:02 - [TEST_STEP][PASSED] - Statement - If (matched): null

2018-06-11 15:54:02 - [TEST_STEP][PASSED] - Statement - driver.findElement(org.openqa.selenium.By.xpath("(//ul[@class='unlinked-grouplist']/li/label)[" + index + "]")).click(): null

2018-06-11 15:54:02 - [TEST_STEP][PASSED] - Statement - (count++): null

2018-06-11 15:54:02 - [TEST_STEP][PASSED] - Statement - If (count > 60): null

2018-06-11 15:54:02 - [TEST_STEP][PASSED] - Statement - txt = grouplist.get(i).getText(): null

2018-06-11 15:54:02 - [TEST_STEP][PASSED] - Statement - index = i + 1: null

2018-06-11 15:54:02 - [TEST_STEP][PASSED] - Statement - matched = pattern.matcher(txt).matches(): null

2018-06-11 15:54:02 - [TEST_STEP][PASSED] - Statement - If (matched): null

2018-06-11 15:54:02 - [TEST_STEP][PASSED] - Statement - driver.findElement(org.openqa.selenium.By.xpath("(//ul[@class='unlinked-grouplist']/li/label)[" + index + "]")).click(): null

2018-06-11 15:54:02 - [TEST_STEP][PASSED] - Statement - (count++): null

2018-06-11 15:54:02 - [TEST_STEP][PASSED] - Statement - If (count > 60): null

2018-06-11 15:54:02 - [TEST_STEP][PASSED] - Statement - txt = grouplist.get(i).getText(): null

2018-06-11 15:54:02 - [TEST_STEP][PASSED] - Statement - index = i + 1: null

2018-06-11 15:54:02 - [TEST_STEP][PASSED] - Statement - matched = pattern.matcher(txt).matches(): null

2018-06-11 15:54:02 - [TEST_STEP][PASSED] - Statement - If (matched): null

2018-06-11 15:54:02 - [TEST_STEP][PASSED] - Statement - driver.findElement(org.openqa.selenium.By.xpath("(//ul[@class='unlinked-grouplist']/li/label)[" + index + "]")).click(): null

2018-06-11 15:54:02 - [TEST_STEP][PASSED] - Statement - (count++): null

2018-06-11 15:54:02 - [TEST_STEP][PASSED] - Statement - If (count > 60): null

2018-06-11 15:54:02 - [TEST_STEP][PASSED] - Statement - txt = grouplist.get(i).getText(): null

2018-06-11 15:54:02 - [TEST_STEP][PASSED] - Statement - index = i + 1: null

2018-06-11 15:54:02 - [TEST_STEP][PASSED] - Statement - matched = pattern.matcher(txt).matches(): null

2018-06-11 15:54:02 - [TEST_STEP][PASSED] - Statement - If (matched): null

2018-06-11 15:54:02 - [TEST_STEP][PASSED] - Statement - driver.findElement(org.openqa.selenium.By.xpath("(//ul[@class='unlinked-grouplist']/li/label)[" + index + "]")).click(): null

2018-06-11 15:54:02 - [TEST_STEP][PASSED] - Statement - (count++): null

2018-06-11 15:54:02 - [TEST_STEP][PASSED] - Statement - If (count > 60): null

2018-06-11 15:54:02 - [TEST_STEP][PASSED] - Statement - txt = grouplist.get(i).getText(): null

2018-06-11 15:54:02 - [TEST_STEP][PASSED] - Statement - index = i + 1: null

2018-06-11 15:54:02 - [TEST_STEP][PASSED] - Statement - matched = pattern.matcher(txt).matches(): null

2018-06-11 15:54:02 - [TEST_STEP][PASSED] - Statement - If (matched): null

2018-06-11 15:54:02 - [TEST_STEP][PASSED] - Statement - driver.findElement(org.openqa.selenium.By.xpath("(//ul[@class='unlinked-grouplist']/li/label)[" + index + "]")).click(): null

2018-06-11 15:54:02 - [TEST_STEP][PASSED] - Statement - (count++): null

2018-06-11 15:54:02 - [TEST_STEP][PASSED] - Statement - If (count > 60): null

2018-06-11 15:54:02 - [TEST_STEP][PASSED] - Statement - txt = grouplist.get(i).getText(): null

2018-06-11 15:54:02 - [TEST_STEP][PASSED] - Statement - index = i + 1: null

2018-06-11 15:54:02 - [TEST_STEP][PASSED] - Statement - matched = pattern.matcher(txt).matches(): null

2018-06-11 15:54:02 - [TEST_STEP][PASSED] - Statement - If (matched): null

2018-06-11 15:54:02 - [TEST_STEP][PASSED] - Statement - driver.findElement(org.openqa.selenium.By.xpath("(//ul[@class='unlinked-grouplist']/li/label)[" + index + "]")).click(): null

2018-06-11 15:54:02 - [TEST_STEP][PASSED] - Statement - (count++): null

2018-06-11 15:54:02 - [TEST_STEP][PASSED] - Statement - If (count > 60): null

2018-06-11 15:54:02 - [TEST_STEP][PASSED] - Statement - txt = grouplist.get(i).getText(): null

2018-06-11 15:54:02 - [TEST_STEP][PASSED] - Statement - index = i + 1: null

2018-06-11 15:54:02 - [TEST_STEP][PASSED] - Statement - matched = pattern.matcher(txt).matches(): null

2018-06-11 15:54:02 - [TEST_STEP][PASSED] - Statement - If (matched): null

2018-06-11 15:54:02 - [TEST_STEP][PASSED] - Statement - driver.findElement(org.openqa.selenium.By.xpath("(//ul[@class='unlinked-grouplist']/li/label)[" + index + "]")).click(): null

2018-06-11 15:54:02 - [TEST_STEP][PASSED] - Statement - (count++): null

2018-06-11 15:54:02 - [TEST_STEP][PASSED] - Statement - If (count > 60): null

2018-06-11 15:54:02 - [TEST_STEP][PASSED] - Statement - txt = grouplist.get(i).getText(): null

2018-06-11 15:54:02 - [TEST_STEP][PASSED] - Statement - index = i + 1: null

2018-06-11 15:54:02 - [TEST_STEP][PASSED] - Statement - matched = pattern.matcher(txt).matches(): null

2018-06-11 15:54:02 - [TEST_STEP][PASSED] - Statement - If (matched): null

2018-06-11 15:54:02 - [TEST_STEP][PASSED] - Statement - driver.findElement(org.openqa.selenium.By.xpath("(//ul[@class='unlinked-grouplist']/li/label)[" + index + "]")).click(): null

2018-06-11 15:54:02 - [TEST_STEP][PASSED] - Statement - (count++): null

2018-06-11 15:54:02 - [TEST_STEP][PASSED] - Statement - If (count > 60): null

2018-06-11 15:54:02 - [TEST_STEP][PASSED] - Statement - txt = grouplist.get(i).getText(): null

2018-06-11 15:54:02 - [TEST_STEP][PASSED] - Statement - index = i + 1: null

2018-06-11 15:54:02 - [TEST_STEP][PASSED] - Statement - matched = pattern.matcher(txt).matches(): null

2018-06-11 15:54:02 - [TEST_STEP][PASSED] - Statement - If (matched): null

2018-06-11 15:54:02 - [TEST_STEP][PASSED] - Statement - driver.findElement(org.openqa.selenium.By.xpath("(//ul[@class='unlinked-grouplist']/li/label)[" + index + "]")).click(): null

2018-06-11 15:54:03 - [TEST_STEP][PASSED] - Statement - (count++): null

2018-06-11 15:54:03 - [TEST_STEP][PASSED] - Statement - If (count > 60): null

2018-06-11 15:54:03 - [TEST_STEP][PASSED] - Statement - txt = grouplist.get(i).getText(): null

2018-06-11 15:54:03 - [TEST_STEP][PASSED] - Statement - index = i + 1: null

2018-06-11 15:54:03 - [TEST_STEP][PASSED] - Statement - matched = pattern.matcher(txt).matches(): null

2018-06-11 15:54:03 - [TEST_STEP][PASSED] - Statement - If (matched): null

2018-06-11 15:54:03 - [TEST_STEP][PASSED] - Statement - driver.findElement(org.openqa.selenium.By.xpath("(//ul[@class='unlinked-grouplist']/li/label)[" + index + "]")).click(): null

2018-06-11 15:54:03 - [TEST_STEP][PASSED] - Statement - (count++): null

2018-06-11 15:54:03 - [TEST_STEP][PASSED] - Statement - If (count > 60): null

2018-06-11 15:54:03 - [TEST_STEP][PASSED] - Statement - txt = grouplist.get(i).getText(): null

2018-06-11 15:54:03 - [TEST_STEP][PASSED] - Statement - index = i + 1: null

2018-06-11 15:54:03 - [TEST_STEP][PASSED] - Statement - matched = pattern.matcher(txt).matches(): null

2018-06-11 15:54:03 - [TEST_STEP][PASSED] - Statement - If (matched): null

2018-06-11 15:54:03 - [TEST_STEP][PASSED] - Statement - driver.findElement(org.openqa.selenium.By.xpath("(//ul[@class='unlinked-grouplist']/li/label)[" + index + "]")).click(): null

2018-06-11 15:54:03 - [TEST_STEP][PASSED] - Statement - (count++): null

2018-06-11 15:54:03 - [TEST_STEP][PASSED] - Statement - If (count > 60): null

2018-06-11 15:54:03 - [TEST_STEP][PASSED] - Statement - txt = grouplist.get(i).getText(): null

2018-06-11 15:54:03 - [TEST_STEP][PASSED] - Statement - index = i + 1: null

2018-06-11 15:54:03 - [TEST_STEP][PASSED] - Statement - matched = pattern.matcher(txt).matches(): null

2018-06-11 15:54:03 - [TEST_STEP][PASSED] - Statement - If (matched): null

2018-06-11 15:54:03 - [TEST_STEP][PASSED] - Statement - driver.findElement(org.openqa.selenium.By.xpath("(//ul[@class='unlinked-grouplist']/li/label)[" + index + "]")).click(): null

2018-06-11 15:54:03 - [TEST_STEP][PASSED] - Statement - (count++): null

2018-06-11 15:54:03 - [TEST_STEP][PASSED] - Statement - If (count > 60): null

2018-06-11 15:54:03 - [TEST_STEP][PASSED] - Statement - txt = grouplist.get(i).getText(): null

2018-06-11 15:54:03 - [TEST_STEP][PASSED] - Statement - index = i + 1: null

2018-06-11 15:54:03 - [TEST_STEP][PASSED] - Statement - matched = pattern.matcher(txt).matches(): null

2018-06-11 15:54:03 - [TEST_STEP][PASSED] - Statement - If (matched): null

2018-06-11 15:54:03 - [TEST_STEP][PASSED] - Statement - driver.findElement(org.openqa.selenium.By.xpath("(//ul[@class='unlinked-grouplist']/li/label)[" + index + "]")).click(): null

2018-06-11 15:54:03 - [TEST_STEP][PASSED] - Statement - (count++): null

2018-06-11 15:54:03 - [TEST_STEP][PASSED] - Statement - If (count > 60): null

2018-06-11 15:54:03 - [TEST_STEP][PASSED] - Statement - driver.findElement(org.openqa.selenium.By.xpath("//button[contains(text(),'>')]")).click(): null

2018-06-11 15:54:03 - [TEST_STEP][PASSED] - delay: Delayed 10 second(s)

2018-06-11 15:54:13 - [MESSAGE][PASSED] - Delayed 10 second(s)

2018-06-11 15:54:13 - [TEST_STEP][PASSED] - uiaction.CommonUIActions.click: uiaction.CommonUIActions.click is PASSED

2018-06-11 15:54:13 - [MESSAGE][PASSED] - uiaction.CommonUIActions.click is PASSED

2018-06-11 15:54:13 - [TEST_STEP][PASSED] - uiaction.CommonUIActions.click: uiaction.CommonUIActions.click is PASSED

2018-06-11 15:54:13 - [MESSAGE][PASSED] - uiaction.CommonUIActions.click is PASSED

2018-06-11 15:54:13 - [TEST_STEP][PASSED] - delay: Delayed 10 second(s)

2018-06-11 15:54:23 - [MESSAGE][PASSED] - Delayed 10 second(s)

2018-06-11 15:54:23 - [TEST_STEP][PASSED] - uiaction.CommonUIActions.click: uiaction.CommonUIActions.click is PASSED

2018-06-11 15:54:23 - [MESSAGE][PASSED] - uiaction.CommonUIActions.click is PASSED

2018-06-11 15:54:23 - [TEST_STEP][PASSED] - delay: Delayed 15 second(s)

2018-06-11 15:54:38 - [MESSAGE][PASSED] - Delayed 15 second(s)

2018-06-11 15:54:38 - [TEST_STEP][PASSED] - delay: Delayed 15 second(s)

2018-06-11 15:54:53 - [MESSAGE][PASSED] - Delayed 15 second(s)

2018-06-11 15:54:53 - [TEST_STEP][PASSED] - Statement - groupmain = CustomKeywords.projectSpecific.Reusability.getTestData("ReportingGroupManagementPage", "dummyGroupName1"): projectSpecific.Reusability.getTestData is PASSED

2018-06-11 15:54:53 - [MESSAGE][PASSED] - projectSpecific.Reusability.getTestData is PASSED

2018-06-11 15:54:53 - [TEST_STEP][PASSED] - Statement - driver.findElement(org.openqa.selenium.By.xpath("//span[contains(text(),'" + groupmain + "')]/../../../../span[1]")).click(): null

2018-06-11 15:54:53 - [TEST_STEP][PASSED] - Statement - driver.findElement(org.openqa.selenium.By.xpath("//span[contains(text(),'" + groupmain + "')]/../../../../span[2]")).click(): null

2018-06-11 15:54:53 - [TEST_STEP][PASSED] - delay: Delayed 4 second(s)

2018-06-11 15:54:57 - [MESSAGE][PASSED] - Delayed 4 second(s)

2018-06-11 15:54:57 - [TEST_STEP][PASSED] - click: Object: 'Object Repository/ReportsPage/fromDateSelector' is clicked on

2018-06-11 15:54:58 - [MESSAGE][PASSED] - Object: 'Object Repository/ReportsPage/fromDateSelector' is clicked on

2018-06-11 15:54:58 - [TEST_STEP][PASSED] - delay: Delayed 4 second(s)

2018-06-11 15:55:02 - [MESSAGE][PASSED] - Delayed 4 second(s)

2018-06-11 15:55:02 - [TEST_STEP][PASSED] - Statement - monthText = com.kms.katalon.core.webui.keyword.WebUiBuiltInKeywords.getText(com.kms.katalon.core.testobject.ObjectRepository.findTestObject(ReportsPage/monthText)): Text of object 'Object Repository/ReportsPage/monthText' is: 'June 2018'

2018-06-11 15:55:02 - [MESSAGE][PASSED] - Text of object 'Object Repository/ReportsPage/monthText' is: 'June 2018'

2018-06-11 15:55:02 - [TEST_STEP][PASSED] - Statement - monthTextArray = monthText.split(" "): null

2018-06-11 15:55:02 - [TEST_STEP][PASSED] - Statement - month = monthTextArray[0]: null

2018-06-11 15:55:02 - [TEST_STEP][PASSED] - Statement - monthTextValue = CustomKeywords.projectSpecific.Reusability.getTestData("ReportsPage", "Month"): projectSpecific.Reusability.getTestData is PASSED

2018-06-11 15:55:02 - [MESSAGE][PASSED] - projectSpecific.Reusability.getTestData is PASSED

2018-06-11 15:55:02 - [TEST_STEP][PASSED] - Statement - If (!(monthTextValue.equals(month))): null

2018-06-11 15:55:02 - [TEST_STEP][PASSED] - Statement - While (!(monthTextValue.equals(month))): null

2018-06-11 15:55:02 - [TEST_STEP][PASSED] - click: Object: 'Object Repository/ReportsPage/previousDateSelector' is clicked on

2018-06-11 15:55:02 - [MESSAGE][PASSED] - Object: 'Object Repository/ReportsPage/previousDateSelector' is clicked on

2018-06-11 15:55:02 - [TEST_STEP][PASSED] - Statement - monthText = com.kms.katalon.core.webui.keyword.WebUiBuiltInKeywords.getText(com.kms.katalon.core.testobject.ObjectRepository.findTestObject(ReportsPage/monthText)): Text of object 'Object Repository/ReportsPage/monthText' is: 'May 2018'

2018-06-11 15:55:02 - [MESSAGE][PASSED] - Text of object 'Object Repository/ReportsPage/monthText' is: 'May 2018'

2018-06-11 15:55:02 - [TEST_STEP][PASSED] - Statement - monthTextArray = monthText.split(" "): null

2018-06-11 15:55:02 - [TEST_STEP][PASSED] - Statement - month = monthTextArray[0]: null

2018-06-11 15:55:02 - [TEST_STEP][PASSED] - click: Object: 'Object Repository/ReportsPage/previousDateSelector' is clicked on

2018-06-11 15:55:02 - [MESSAGE][PASSED] - Object: 'Object Repository/ReportsPage/previousDateSelector' is clicked on

2018-06-11 15:55:02 - [TEST_STEP][PASSED] - Statement - monthText = com.kms.katalon.core.webui.keyword.WebUiBuiltInKeywords.getText(com.kms.katalon.core.testobject.ObjectRepository.findTestObject(ReportsPage/monthText)): Text of object 'Object Repository/ReportsPage/monthText' is: 'April 2018'

2018-06-11 15:55:02 - [MESSAGE][PASSED] - Text of object 'Object Repository/ReportsPage/monthText' is: 'April 2018'

2018-06-11 15:55:02 - [TEST_STEP][PASSED] - Statement - monthTextArray = monthText.split(" "): null

2018-06-11 15:55:02 - [TEST_STEP][PASSED] - Statement - month = monthTextArray[0]: null

2018-06-11 15:55:02 - [TEST_STEP][PASSED] - click: Object: 'Object Repository/ReportsPage/previousDateSelector' is clicked on

2018-06-11 15:55:02 - [MESSAGE][PASSED] - Object: 'Object Repository/ReportsPage/previousDateSelector' is clicked on

2018-06-11 15:55:02 - [TEST_STEP][PASSED] - Statement - monthText = com.kms.katalon.core.webui.keyword.WebUiBuiltInKeywords.getText(com.kms.katalon.core.testobject.ObjectRepository.findTestObject(ReportsPage/monthText)): Text of object 'Object Repository/ReportsPage/monthText' is: 'March 2018'

2018-06-11 15:55:02 - [MESSAGE][PASSED] - Text of object 'Object Repository/ReportsPage/monthText' is: 'March 2018'

2018-06-11 15:55:02 - [TEST_STEP][PASSED] - Statement - monthTextArray = monthText.split(" "): null

2018-06-11 15:55:02 - [TEST_STEP][PASSED] - Statement - month = monthTextArray[0]: null

2018-06-11 15:55:02 - [TEST_STEP][PASSED] - Statement - data = CustomKeywords.projectSpecific.Reusability.getTestData("ReportsPage", "StartDate"): projectSpecific.Reusability.getTestData is PASSED

2018-06-11 15:55:02 - [MESSAGE][PASSED] - projectSpecific.Reusability.getTestData is PASSED

2018-06-11 15:55:02 - [TEST_STEP][PASSED] - Statement - startDate = "(//td[text()='" + data + "'])[1]": null

2018-06-11 15:55:02 - [TEST_STEP][PASSED] - Statement - println(startDate): null

2018-06-11 15:55:02 - [TEST_STEP][PASSED] - Statement - startdateEle = driver.findElement(org.openqa.selenium.By.xpath(startDate)): null

2018-06-11 15:55:02 - [TEST_STEP][PASSED] - Statement - startdateEle.click(): null

2018-06-11 15:55:02 - [TEST_STEP][PASSED] - delay: Delayed 3 second(s)

2018-06-11 15:55:05 - [MESSAGE][PASSED] - Delayed 3 second(s)

2018-06-11 15:55:05 - [TEST_STEP][PASSED] - click: Object: 'Object Repository/ReportsPage/toDateSelector' is clicked on

2018-06-11 15:55:05 - [MESSAGE][PASSED] - Object: 'Object Repository/ReportsPage/toDateSelector' is clicked on

2018-06-11 15:55:05 - [TEST_STEP][PASSED] - delay: Delayed 3 second(s)

2018-06-11 15:55:08 - [MESSAGE][PASSED] - Delayed 3 second(s)

2018-06-11 15:55:08 - [TEST_STEP][PASSED] - Statement - monthText = com.kms.katalon.core.webui.keyword.WebUiBuiltInKeywords.getText(com.kms.katalon.core.testobject.ObjectRepository.findTestObject(ReportsPage/monthText2)): Text of object 'Object Repository/ReportsPage/monthText2' is: 'June 2018'

2018-06-11 15:55:08 - [MESSAGE][PASSED] - Text of object 'Object Repository/ReportsPage/monthText2' is: 'June 2018'

2018-06-11 15:55:08 - [TEST_STEP][PASSED] - Statement - monthTextArray = monthText.split(" "): null

2018-06-11 15:55:08 - [TEST_STEP][PASSED] - Statement - month = monthTextArray[0]: null

2018-06-11 15:55:08 - [TEST_STEP][PASSED] - Statement - If (!(monthTextValue.equals(month))): null

2018-06-11 15:55:08 - [TEST_STEP][PASSED] - Statement - While (!(monthTextValue.equals(month))): null

2018-06-11 15:55:08 - [TEST_STEP][PASSED] - click: Object: 'Object Repository/ReportsPage/previousDateSelector2' is clicked on

2018-06-11 15:55:08 - [MESSAGE][PASSED] - Object: 'Object Repository/ReportsPage/previousDateSelector2' is clicked on

2018-06-11 15:55:08 - [TEST_STEP][PASSED] - Statement - monthText = com.kms.katalon.core.webui.keyword.WebUiBuiltInKeywords.getText(com.kms.katalon.core.testobject.ObjectRepository.findTestObject(ReportsPage/monthText2)): Text of object 'Object Repository/ReportsPage/monthText2' is: 'May 2018'

2018-06-11 15:55:08 - [MESSAGE][PASSED] - Text of object 'Object Repository/ReportsPage/monthText2' is: 'May 2018'

2018-06-11 15:55:08 - [TEST_STEP][PASSED] - Statement - monthTextArray = monthText.split(" "): null

2018-06-11 15:55:08 - [TEST_STEP][PASSED] - Statement - month = monthTextArray[0]: null

2018-06-11 15:55:08 - [TEST_STEP][PASSED] - click: Object: 'Object Repository/ReportsPage/previousDateSelector2' is clicked on

2018-06-11 15:55:08 - [MESSAGE][PASSED] - Object: 'Object Repository/ReportsPage/previousDateSelector2' is clicked on

2018-06-11 15:55:08 - [TEST_STEP][PASSED] - Statement - monthText = com.kms.katalon.core.webui.keyword.WebUiBuiltInKeywords.getText(com.kms.katalon.core.testobject.ObjectRepository.findTestObject(ReportsPage/monthText2)): Text of object 'Object Repository/ReportsPage/monthText2' is: 'April 2018'

2018-06-11 15:55:08 - [MESSAGE][PASSED] - Text of object 'Object Repository/ReportsPage/monthText2' is: 'April 2018'

2018-06-11 15:55:08 - [TEST_STEP][PASSED] - Statement - monthTextArray = monthText.split(" "): null

2018-06-11 15:55:08 - [TEST_STEP][PASSED] - Statement - month = monthTextArray[0]: null

2018-06-11 15:55:08 - [TEST_STEP][PASSED] - click: Object: 'Object Repository/ReportsPage/previousDateSelector2' is clicked on

2018-06-11 15:55:08 - [MESSAGE][PASSED] - Object: 'Object Repository/ReportsPage/previousDateSelector2' is clicked on

2018-06-11 15:55:08 - [TEST_STEP][PASSED] - Statement - monthText = com.kms.katalon.core.webui.keyword.WebUiBuiltInKeywords.getText(com.kms.katalon.core.testobject.ObjectRepository.findTestObject(ReportsPage/monthText2)): Text of object 'Object Repository/ReportsPage/monthText2' is: 'March 2018'

2018-06-11 15:55:08 - [MESSAGE][PASSED] - Text of object 'Object Repository/ReportsPage/monthText2' is: 'March 2018'

2018-06-11 15:55:08 - [TEST_STEP][PASSED] - Statement - monthTextArray = monthText.split(" "): null

2018-06-11 15:55:08 - [TEST_STEP][PASSED] - Statement - month = monthTextArray[0]: null

2018-06-11 15:55:08 - [TEST_STEP][PASSED] - delay: Delayed 5 second(s)

2018-06-11 15:55:13 - [MESSAGE][PASSED] - Delayed 5 second(s)

2018-06-11 15:55:13 - [TEST_STEP][PASSED] - Statement - toDate = "(//div[@class='rdtPicker']/div/table/tbody/tr/td[text()='" + CustomKeywords.projectSpecific.Reusability.getTestData("ReportsPage", "EndDate9") + "'])[3]": projectSpecific.Reusability.getTestData is PASSED

2018-06-11 15:55:13 - [MESSAGE][PASSED] - projectSpecific.Reusability.getTestData is PASSED

2018-06-11 15:55:13 - [TEST_STEP][PASSED] - Statement - println(toDate): null

2018-06-11 15:55:13 - [TEST_STEP][PASSED] - Statement - toDateEle = driver.findElement(org.openqa.selenium.By.xpath(toDate)): null

2018-06-11 15:55:13 - [TEST_STEP][PASSED] - delay: Delayed 2 second(s)

2018-06-11 15:55:15 - [MESSAGE][PASSED] - Delayed 2 second(s)

2018-06-11 15:55:15 - [TEST_STEP][PASSED] - Statement - toDateEle.click(): null

2018-06-11 15:55:15 - [TEST_STEP][PASSED] - delay: Delayed 4 second(s)

2018-06-11 15:55:19 - [MESSAGE][PASSED] - Delayed 4 second(s)

2018-06-11 15:55:19 - [TEST_STEP][PASSED] - Statement - attr = com.kms.katalon.core.webui.keyword.WebUiBuiltInKeywords.getAttribute(com.kms.katalon.core.testobject.ObjectRepository.findTestObject(ReportsPage/selectedDate1), "value"): Attribute 'value' of object 'Object Repository/ReportsPage/selectedDate1' is: '03/01/2018'

2018-06-11 15:55:19 - [MESSAGE][PASSED] - Attribute 'value' of object 'Object Repository/ReportsPage/selectedDate1' is: '03/01/2018'

2018-06-11 15:55:19 - [TEST_STEP][PASSED] - Statement - fromDateValue = CustomKeywords.projectSpecific.Reusability.getTestData("ReportsPage", "fromDate"): projectSpecific.Reusability.getTestData is PASSED

2018-06-11 15:55:19 - [MESSAGE][PASSED] - projectSpecific.Reusability.getTestData is PASSED

2018-06-11 15:55:19 - [TEST_STEP][PASSED] - Statement - If (!(attr.equals(fromDateValue))): null

2018-06-11 15:55:19 - [TEST_STEP][PASSED] - Statement - attr = com.kms.katalon.core.webui.keyword.WebUiBuiltInKeywords.getAttribute(com.kms.katalon.core.testobject.ObjectRepository.findTestObject(ReportsPage/selectedDate1), "value"): Attribute 'value' of object 'Object Repository/ReportsPage/selectedDate1' is: '03/01/2018'

2018-06-11 15:55:19 - [MESSAGE][PASSED] - Attribute 'value' of object 'Object Repository/ReportsPage/selectedDate1' is: '03/01/2018'

2018-06-11 15:55:19 - [TEST_STEP][PASSED] - Statement - println(attr): null

2018-06-11 15:55:19 - [TEST_STEP][PASSED] - Statement - toDateValue = CustomKeywords.projectSpecific.Reusability.getTestData("ReportsPage", "toDate10"): projectSpecific.Reusability.getTestData is PASSED

2018-06-11 15:55:20 - [MESSAGE][PASSED] - projectSpecific.Reusability.getTestData is PASSED

2018-06-11 15:55:20 - [TEST_STEP][PASSED] - click: Object: 'Object Repository/ReportsPage/generateReport' is clicked on

2018-06-11 15:55:20 - [MESSAGE][PASSED] - Object: 'Object Repository/ReportsPage/generateReport' is clicked on

2018-06-11 15:55:20 - [TEST_STEP][PASSED] - delay: Delayed 25 second(s)

2018-06-11 15:55:45 - [MESSAGE][PASSED] - Delayed 25 second(s)

2018-06-11 15:55:45 - [TEST_STEP][PASSED] - Statement - summHeading = CustomKeywords.projectSpecific.Reusability.getTestData("SummarizedReportPage", "summaryHeading"): projectSpecific.Reusability.getTestData is PASSED

2018-06-11 15:55:45 - [MESSAGE][PASSED] - projectSpecific.Reusability.getTestData is PASSED

2018-06-11 15:55:45 - [TEST_STEP][PASSED] - verifyElementText: Actual text and expected text of test object 'Object Repository/SummarizedReportPage/summaryReport' are matched.

2018-06-11 15:55:45 - [MESSAGE][PASSED] - Actual text and expected text of test object 'Object Repository/SummarizedReportPage/summaryReport' are matched.

2018-06-11 15:55:45 - [TEST_STEP][PASSED] - Statement - startTime = CustomKeywords.projectSpecific.Reusability.getTestData("SummarizedReportPage", "reportstartTime1"): projectSpecific.Reusability.getTestData is PASSED

2018-06-11 15:55:45 - [MESSAGE][PASSED] - projectSpecific.Reusability.getTestData is PASSED

2018-06-11 15:55:45 - [TEST_STEP][PASSED] - Statement - If (startTime != null): null

2018-06-11 15:55:45 - [TEST_STEP][PASSED] - Statement - startTimeText = com.kms.katalon.core.webui.keyword.WebUiBuiltInKeywords.getText(com.kms.katalon.core.testobject.ObjectRepository.findTestObject(SummarizedReportPage/startDateText)).trim(): Text of object 'Object Repository/SummarizedReportPage/startDateText' is: 'MAR 1, 2018 OPEN'

2018-06-11 15:55:45 - [MESSAGE][PASSED] - Text of object 'Object Repository/SummarizedReportPage/startDateText' is: 'MAR 1, 2018 OPEN'

2018-06-11 15:55:45 - [TEST_STEP][PASSED] - verifyMatch: Actual text 'MAR 1, 2018 OPEN' and expected text 'MAR 1, 2018 OPEN' are matched 

2018-06-11 15:55:45 - [MESSAGE][PASSED] - Actual text 'MAR 1, 2018 OPEN' and expected text 'MAR 1, 2018 OPEN' are matched 

2018-06-11 15:55:45 - [TEST_STEP][PASSED] - Statement - endTime = CustomKeywords.projectSpecific.Reusability.getTestData("SummarizedReportPage", "reportendTime1"): projectSpecific.Reusability.getTestData is PASSED

2018-06-11 15:55:45 - [MESSAGE][PASSED] - projectSpecific.Reusability.getTestData is PASSED

2018-06-11 15:55:45 - [TEST_STEP][PASSED] - Statement - If (endTime != null): null

2018-06-11 15:55:45 - [TEST_STEP][PASSED] - Statement - endTimeText = com.kms.katalon.core.webui.keyword.WebUiBuiltInKeywords.getText(com.kms.katalon.core.testobject.ObjectRepository.findTestObject(SummarizedReportPage/endDateText)).trim(): Text of object 'Object Repository/SummarizedReportPage/endDateText' is: 'MAR 5, 2018 CLOSE'

2018-06-11 15:55:45 - [MESSAGE][PASSED] - Text of object 'Object Repository/SummarizedReportPage/endDateText' is: 'MAR 5, 2018 CLOSE'

2018-06-11 15:55:45 - [TEST_STEP][PASSED] - verifyMatch: Actual text 'MAR 5, 2018 CLOSE' and expected text 'MAR 5, 2018 CLOSE' are matched 

2018-06-11 15:55:45 - [MESSAGE][PASSED] - Actual text 'MAR 5, 2018 CLOSE' and expected text 'MAR 5, 2018 CLOSE' are matched 

2018-06-11 15:55:45 - [TEST_STEP][PASSED] - Statement - today = new java.util.Date(): null

2018-06-11 15:55:45 - [TEST_STEP][PASSED] - Statement - println(today.format("d")): null

2018-06-11 15:55:45 - [TEST_STEP][PASSED] - Statement - todayDate = today.format("d"): null

2018-06-11 15:55:45 - [TEST_STEP][PASSED] - Statement - date1 = CustomKeywords.uiaction.CommonUIActions.getText(com.kms.katalon.core.testobject.ObjectRepository.findTestObject(SummarizedReportPage/printDateText)): uiaction.CommonUIActions.getText is PASSED

2018-06-11 15:55:45 - [MESSAGE][PASSED] - uiaction.CommonUIActions.getText is PASSED

2018-06-11 15:55:45 - [TEST_STEP][PASSED] - Statement - If (date1.contains(todayDate)): null

2018-06-11 15:55:45 - [TEST_STEP][PASSED] - Statement - println("print time matched"): null

2018-06-11 15:55:45 - [TEST_STEP][PASSED] - delay: Delayed 8 second(s)

2018-06-11 15:55:53 - [MESSAGE][PASSED] - Delayed 8 second(s)

2018-06-11 15:55:53 - [TEST_STEP][PASSED] - Statement - reportHeaders = CustomKeywords.projectSpecific.Reusability.getTestData("SummarizedReportPage", "ReportsColumnHeader"): projectSpecific.Reusability.getTestData is PASSED

2018-06-11 15:55:53 - [MESSAGE][PASSED] - projectSpecific.Reusability.getTestData is PASSED

2018-06-11 15:55:53 - [TEST_STEP][PASSED] - Statement - reportsArray = reportHeaders.split(","): null

2018-06-11 15:55:53 - [TEST_STEP][PASSED] - Statement - reportsHeaderList = new java.util.ArrayList(java.util.Arrays.asList(reportsArray)): null

2018-06-11 15:55:53 - [TEST_STEP][PASSED] - Statement - reportsHeaderList.unique(): null

2018-06-11 15:55:53 - [TEST_STEP][PASSED] - Statement - out.println(reportsHeaderList): null

2018-06-11 15:55:53 - [TEST_STEP][PASSED] - Statement - columnHeaderList = driver.findElements(org.openqa.selenium.By.xpath(com.kms.katalon.core.testdata.TestDataFactory.findTestData(OR_file).getValue(2, 5))): Reading excel file with source file 'C:\Users\shalinin\Katalon Studio\HME_Scripts\Data Files\HME_OR.xlsx' and sheet name 'Sheet1'

2018-06-11 15:55:53 - [TEST_STEP][PASSED] - Statement - actualList = new java.util.ArrayList(): null

2018-06-11 15:55:53 - [TEST_STEP][PASSED] - Statement - For ([i = 0, i < columnHeaderList.size(), (i++)]): null

2018-06-11 15:55:53 - [TEST_STEP][PASSED] - Statement - actualList.add(i, columnHeaderList.get(i).getText()): null

2018-06-11 15:55:53 - [TEST_STEP][PASSED] - Statement - actualList.add(i, columnHeaderList.get(i).getText()): null

2018-06-11 15:55:53 - [TEST_STEP][PASSED] - Statement - actualList.add(i, columnHeaderList.get(i).getText()): null

2018-06-11 15:55:53 - [TEST_STEP][PASSED] - Statement - actualList.add(i, columnHeaderList.get(i).getText()): null

2018-06-11 15:55:53 - [TEST_STEP][PASSED] - Statement - actualList.add(i, columnHeaderList.get(i).getText()): null

2018-06-11 15:55:53 - [TEST_STEP][PASSED] - Statement - actualList.add(i, columnHeaderList.get(i).getText()): null

2018-06-11 15:55:53 - [TEST_STEP][PASSED] - Statement - actualList.add(i, columnHeaderList.get(i).getText()): null

2018-06-11 15:55:53 - [TEST_STEP][PASSED] - Statement - actualList.add(i, columnHeaderList.get(i).getText()): null

2018-06-11 15:55:53 - [TEST_STEP][PASSED] - Statement - out.println(actualList): null

2018-06-11 15:55:53 - [TEST_STEP][PASSED] - Statement - execFlag1 = true: null

2018-06-11 15:55:53 - [TEST_STEP][PASSED] - Statement - For ([j = 0, j < actualList.size(), (j++)]): null

2018-06-11 15:55:53 - [TEST_STEP][PASSED] - Statement - execFlag1 = com.kms.katalon.core.webui.keyword.WebUiBuiltInKeywords.verifyMatch(reportsHeaderList.get(j).toString().trim(), actualList.get(j).toString().trim(), false): Actual text 'Groups' and expected text 'Groups' are matched 

2018-06-11 15:55:53 - [MESSAGE][PASSED] - Actual text 'Groups' and expected text 'Groups' are matched 

2018-06-11 15:55:53 - [TEST_STEP][PASSED] - Statement - If (!(execFlag1)): null

2018-06-11 15:55:53 - [TEST_STEP][PASSED] - Statement - execFlag1 = com.kms.katalon.core.webui.keyword.WebUiBuiltInKeywords.verifyMatch(reportsHeaderList.get(j).toString().trim(), actualList.get(j).toString().trim(), false): Actual text 'Stores' and expected text 'Stores' are matched 

2018-06-11 15:55:53 - [MESSAGE][PASSED] - Actual text 'Stores' and expected text 'Stores' are matched 

2018-06-11 15:55:53 - [TEST_STEP][PASSED] - Statement - If (!(execFlag1)): null

2018-06-11 15:55:53 - [TEST_STEP][PASSED] - Statement - execFlag1 = com.kms.katalon.core.webui.keyword.WebUiBuiltInKeywords.verifyMatch(reportsHeaderList.get(j).toString().trim(), actualList.get(j).toString().trim(), false): Actual text 'Menu Board' and expected text 'Menu Board' are matched 

2018-06-11 15:55:53 - [MESSAGE][PASSED] - Actual text 'Menu Board' and expected text 'Menu Board' are matched 

2018-06-11 15:55:53 - [TEST_STEP][PASSED] - Statement - If (!(execFlag1)): null

2018-06-11 15:55:53 - [TEST_STEP][PASSED] - Statement - execFlag1 = com.kms.katalon.core.webui.keyword.WebUiBuiltInKeywords.verifyMatch(reportsHeaderList.get(j).toString().trim(), actualList.get(j).toString().trim(), false): Actual text 'Greet' and expected text 'Greet' are matched 

2018-06-11 15:55:53 - [MESSAGE][PASSED] - Actual text 'Greet' and expected text 'Greet' are matched 

2018-06-11 15:55:53 - [TEST_STEP][PASSED] - Statement - If (!(execFlag1)): null

2018-06-11 15:55:53 - [TEST_STEP][PASSED] - Statement - execFlag1 = com.kms.katalon.core.webui.keyword.WebUiBuiltInKeywords.verifyMatch(reportsHeaderList.get(j).toString().trim(), actualList.get(j).toString().trim(), false): Actual text 'Service' and expected text 'Service' are matched 

2018-06-11 15:55:53 - [MESSAGE][PASSED] - Actual text 'Service' and expected text 'Service' are matched 

2018-06-11 15:55:53 - [TEST_STEP][PASSED] - Statement - If (!(execFlag1)): null

2018-06-11 15:55:53 - [TEST_STEP][PASSED] - Statement - execFlag1 = com.kms.katalon.core.webui.keyword.WebUiBuiltInKeywords.verifyMatch(reportsHeaderList.get(j).toString().trim(), actualList.get(j).toString().trim(), false): Actual text 'Lane Queue' and expected text 'Lane Queue' are matched 

2018-06-11 15:55:53 - [MESSAGE][PASSED] - Actual text 'Lane Queue' and expected text 'Lane Queue' are matched 

2018-06-11 15:55:53 - [TEST_STEP][PASSED] - Statement - If (!(execFlag1)): null

2018-06-11 15:55:53 - [TEST_STEP][PASSED] - Statement - execFlag1 = com.kms.katalon.core.webui.keyword.WebUiBuiltInKeywords.verifyMatch(reportsHeaderList.get(j).toString().trim(), actualList.get(j).toString().trim(), false): Actual text 'Lane Total' and expected text 'Lane Total' are matched 

2018-06-11 15:55:53 - [MESSAGE][PASSED] - Actual text 'Lane Total' and expected text 'Lane Total' are matched 

2018-06-11 15:55:53 - [TEST_STEP][PASSED] - Statement - If (!(execFlag1)): null

2018-06-11 15:55:53 - [TEST_STEP][PASSED] - Statement - execFlag1 = com.kms.katalon.core.webui.keyword.WebUiBuiltInKeywords.verifyMatch(reportsHeaderList.get(j).toString().trim(), actualList.get(j).toString().trim(), false): Actual text 'Total Cars' and expected text 'Total Cars' are matched 

2018-06-11 15:55:53 - [MESSAGE][PASSED] - Actual text 'Total Cars' and expected text 'Total Cars' are matched 

2018-06-11 15:55:53 - [TEST_STEP][PASSED] - Statement - If (!(execFlag1)): null

2018-06-11 15:55:53 - [TEST_STEP][PASSED] - Statement - If (execFlag1): null

2018-06-11 15:55:53 - [TEST_STEP][PASSED] - Statement - out.println("Reports Column headers are verified"): null

2018-06-11 15:55:53 - [TEST_STEP][PASSED] - delay: Delayed 8 second(s)

2018-06-11 15:56:01 - [MESSAGE][PASSED] - Delayed 8 second(s)

2018-06-11 15:56:01 - [TEST_STEP][PASSED] - Statement - storeHeader1 = CustomKeywords.projectSpecific.Reusability.getTestData("SummarizedReportPage", "storerowHeader1"): projectSpecific.Reusability.getTestData is PASSED

2018-06-11 15:56:01 - [MESSAGE][PASSED] - projectSpecific.Reusability.getTestData is PASSED

2018-06-11 15:56:01 - [TEST_STEP][PASSED] - Statement - storeHeader1Text = com.kms.katalon.core.webui.keyword.WebUiBuiltInKeywords.getText(com.kms.katalon.core.testobject.ObjectRepository.findTestObject(SummarizedReportPage/storerowUnderHeader1)).trim(): Text of object 'Object Repository/SummarizedReportPage/storerowUnderHeader1' is: 'dummyAutomationGroup1'

2018-06-11 15:56:01 - [MESSAGE][PASSED] - Text of object 'Object Repository/SummarizedReportPage/storerowUnderHeader1' is: 'dummyAutomationGroup1'

2018-06-11 15:56:01 - [TEST_STEP][PASSED] - verifyMatch: Actual text 'dummyAutomationGroup1' and expected text 'dummyAutomationGroup1' are matched 

2018-06-11 15:56:01 - [MESSAGE][PASSED] - Actual text 'dummyAutomationGroup1' and expected text 'dummyAutomationGroup1' are matched 

2018-06-11 15:56:01 - [TEST_STEP][PASSED] - verifyElementText: Actual text and expected text of test object 'Object Repository/SummarizedReportPage/weekRange1' are matched.

2018-06-11 15:56:01 - [MESSAGE][PASSED] - projectSpecific.Reusability.getTestData is PASSED

2018-06-11 15:56:01 - [MESSAGE][PASSED] - Actual text and expected text of test object 'Object Repository/SummarizedReportPage/weekRange1' are matched.

2018-06-11 15:56:01 - [TEST_STEP][PASSED] - verifyElementText: Actual text and expected text of test object 'Object Repository/SummarizedReportPage/weekRange2' are matched.

2018-06-11 15:56:01 - [MESSAGE][PASSED] - projectSpecific.Reusability.getTestData is PASSED

2018-06-11 15:56:01 - [MESSAGE][PASSED] - Actual text and expected text of test object 'Object Repository/SummarizedReportPage/weekRange2' are matched.

2018-06-11 15:56:01 - [TEST_STEP][PASSED] - uiaction.CommonUIActions.click: uiaction.CommonUIActions.click is PASSED

2018-06-11 15:56:01 - [MESSAGE][PASSED] - uiaction.CommonUIActions.click is PASSED

2018-06-11 15:56:01 - [TEST_STEP][PASSED] - delay: Delayed 15 second(s)

2018-06-11 15:56:16 - [MESSAGE][PASSED] - Delayed 15 second(s)

2018-06-11 15:56:16 - [TEST_STEP][PASSED] - verifyElementText: Actual text and expected text of test object 'Object Repository/SummarizedReportPage/weekDateRange1' are matched.

2018-06-11 15:56:16 - [MESSAGE][PASSED] - projectSpecific.Reusability.getTestData is PASSED

2018-06-11 15:56:16 - [MESSAGE][PASSED] - Actual text and expected text of test object 'Object Repository/SummarizedReportPage/weekDateRange1' are matched.

2018-06-11 15:56:16 - [TEST_STEP][PASSED] - verifyElementText: Actual text and expected text of test object 'Object Repository/SummarizedReportPage/weekDateRange2' are matched.

2018-06-11 15:56:16 - [MESSAGE][PASSED] - projectSpecific.Reusability.getTestData is PASSED

2018-06-11 15:56:16 - [MESSAGE][PASSED] - Actual text and expected text of test object 'Object Repository/SummarizedReportPage/weekDateRange2' are matched.

2018-06-11 15:56:16 - [TEST_STEP][PASSED] - uiaction.CommonUIActions.click: uiaction.CommonUIActions.click is PASSED

2018-06-11 15:56:17 - [MESSAGE][PASSED] - uiaction.CommonUIActions.click is PASSED

2018-06-11 15:56:17 - [TEST_STEP][PASSED] - delay: Delayed 15 second(s)

2018-06-11 15:56:32 - [MESSAGE][PASSED] - Delayed 15 second(s)

2018-06-11 15:56:32 - [TEST_STEP][PASSED] - verifyElementText: Actual text and expected text of test object 'Object Repository/SummarizedReportPage/weekDateRange1' are matched.

2018-06-11 15:56:32 - [MESSAGE][PASSED] - projectSpecific.Reusability.getTestData is PASSED

2018-06-11 15:56:32 - [MESSAGE][PASSED] - Actual text and expected text of test object 'Object Repository/SummarizedReportPage/weekDateRange1' are matched.

2018-06-11 15:56:32 - [TEST_STEP][PASSED] - verifyElementText: Actual text and expected text of test object 'Object Repository/SummarizedReportPage/weekDateRange2' are matched.

2018-06-11 15:56:32 - [MESSAGE][PASSED] - projectSpecific.Reusability.getTestData is PASSED

2018-06-11 15:56:32 - [MESSAGE][PASSED] - Actual text and expected text of test object 'Object Repository/SummarizedReportPage/weekDateRange2' are matched.

2018-06-11 15:56:32 - [TEST_STEP][PASSED] - verifyElementText: Actual text and expected text of test object 'Object Repository/SummarizedReportPage/weekDateRange3' are matched.

2018-06-11 15:56:32 - [MESSAGE][PASSED] - projectSpecific.Reusability.getTestData is PASSED

2018-06-11 15:56:32 - [MESSAGE][PASSED] - Actual text and expected text of test object 'Object Repository/SummarizedReportPage/weekDateRange3' are matched.

2018-06-11 15:56:32 - [TEST_STEP][PASSED] - verifyElementText: Actual text and expected text of test object 'Object Repository/SummarizedReportPage/weekDateRange4' are matched.

2018-06-11 15:56:32 - [MESSAGE][PASSED] - projectSpecific.Reusability.getTestData is PASSED

2018-06-11 15:56:32 - [MESSAGE][PASSED] - Actual text and expected text of test object 'Object Repository/SummarizedReportPage/weekDateRange4' are matched.

2018-06-11 15:56:32 - [TEST_STEP][PASSED] - uiaction.CommonUIActions.click: uiaction.CommonUIActions.click is PASSED

2018-06-11 15:56:32 - [MESSAGE][PASSED] - uiaction.CommonUIActions.click is PASSED

2018-06-11 15:56:32 - [TEST_STEP][PASSED] - delay: Delayed 15 second(s)

2018-06-11 15:56:47 - [MESSAGE][PASSED] - Delayed 15 second(s)

2018-06-11 15:56:47 - [TEST_STEP][PASSED] - verifyElementVisible: Object 'Object Repository/SummarizedReportPage/storeHeading' is visible

2018-06-11 15:56:47 - [MESSAGE][PASSED] - Object 'Object Repository/SummarizedReportPage/storeHeading' is visible

2018-06-11 15:56:47 - [TEST_STEP][PASSED] - verifyElementVisible: Object 'Object Repository/SummarizedReportPage/storeDescHeading' is visible

2018-06-11 15:56:47 - [MESSAGE][PASSED] - Object 'Object Repository/SummarizedReportPage/storeDescHeading' is visible

2018-06-11 15:56:47 - [TEST_STEP][PASSED] - verifyElementVisible: Object 'Object Repository/SummarizedReportPage/startTimeHeading' is visible

2018-06-11 15:56:47 - [MESSAGE][PASSED] - Object 'Object Repository/SummarizedReportPage/startTimeHeading' is visible

2018-06-11 15:56:47 - [TEST_STEP][PASSED] - verifyElementVisible: Object 'Object Repository/SummarizedReportPage/stopTimeHeading' is visible

2018-06-11 15:56:47 - [MESSAGE][PASSED] - Object 'Object Repository/SummarizedReportPage/stopTimeHeading' is visible

2018-06-11 15:56:47 - [TEST_STEP][PASSED] - Statement - startTimeText = CustomKeywords.uiaction.CommonUIActions.getText(com.kms.katalon.core.testobject.ObjectRepository.findTestObject(SummarizedReportPage/startTimeText)): uiaction.CommonUIActions.getText is PASSED

2018-06-11 15:56:47 - [MESSAGE][PASSED] - uiaction.CommonUIActions.getText is PASSED

2018-06-11 15:56:47 - [TEST_STEP][PASSED] - Statement - startTimeText = startTimeText.trim(): null

2018-06-11 15:56:47 - [TEST_STEP][PASSED] - Statement - startText = CustomKeywords.projectSpecific.Reusability.getTestData("SummarizedReportPage", "startText"): projectSpecific.Reusability.getTestData is PASSED

2018-06-11 15:56:47 - [MESSAGE][PASSED] - projectSpecific.Reusability.getTestData is PASSED

2018-06-11 15:56:47 - [TEST_STEP][PASSED] - Statement - startText = startText.trim(): null

2018-06-11 15:56:47 - [TEST_STEP][PASSED] - Statement - If (startTimeText.equals(startText)): null

2018-06-11 15:56:47 - [TEST_STEP][PASSED] - Statement - out.println("headers in daily report for a selected store displayed"): null

2018-06-11 15:56:47 - [TEST_STEP][PASSED] - Statement - endTimeText = CustomKeywords.projectSpecific.Reusability.getTestData("SummarizedReportPage", "endText"): projectSpecific.Reusability.getTestData is PASSED

2018-06-11 15:56:47 - [MESSAGE][PASSED] - projectSpecific.Reusability.getTestData is PASSED

2018-06-11 15:56:47 - [TEST_STEP][PASSED] - Statement - endTimeText = endTimeText.trim(): null

2018-06-11 15:56:47 - [TEST_STEP][PASSED] - Statement - endText = CustomKeywords.uiaction.CommonUIActions.getText(com.kms.katalon.core.testobject.ObjectRepository.findTestObject(SummarizedReportPage/endTimeText)): uiaction.CommonUIActions.getText is PASSED

2018-06-11 15:56:47 - [MESSAGE][PASSED] - uiaction.CommonUIActions.getText is PASSED

2018-06-11 15:56:47 - [TEST_STEP][PASSED] - Statement - endText = endText.trim(): null

2018-06-11 15:56:47 - [TEST_STEP][PASSED] - Statement - If (endTimeText.equals(endTimeText)): null

2018-06-11 15:56:47 - [TEST_STEP][PASSED] - Statement - out.println("endTime is displayed "): null

2018-06-11 15:56:47 - [TEST_STEP][PASSED] - Statement - date2 = CustomKeywords.uiaction.CommonUIActions.getText(com.kms.katalon.core.testobject.ObjectRepository.findTestObject(SummarizedReportPage/printDateValue)): uiaction.CommonUIActions.getText is PASSED

2018-06-11 15:56:47 - [MESSAGE][PASSED] - uiaction.CommonUIActions.getText is PASSED

2018-06-11 15:56:47 - [TEST_STEP][PASSED] - Statement - If (date2.contains(todayDate)): null

2018-06-11 15:56:47 - [TEST_STEP][PASSED] - Statement - println("Print Date matched"): null

2018-06-11 15:56:47 - [TEST_STEP][PASSED] - Statement - reportHeaders = CustomKeywords.projectSpecific.Reusability.getTestData("SummarizedReportPage", "ReportsColumnHeader4"): projectSpecific.Reusability.getTestData is PASSED

2018-06-11 15:56:47 - [MESSAGE][PASSED] - projectSpecific.Reusability.getTestData is PASSED

2018-06-11 15:56:47 - [TEST_STEP][PASSED] - Statement - reportsArray = reportHeaders.split(","): null

2018-06-11 15:56:47 - [TEST_STEP][PASSED] - Statement - reportsHeaderList = new java.util.ArrayList(java.util.Arrays.asList(reportsArray)): null

2018-06-11 15:56:47 - [TEST_STEP][PASSED] - Statement - reportsHeaderList.unique(): null

2018-06-11 15:56:47 - [TEST_STEP][PASSED] - Statement - out.println(reportsHeaderList): null

2018-06-11 15:56:47 - [TEST_STEP][PASSED] - Statement - columnHeaderList = driver.findElements(org.openqa.selenium.By.xpath(com.kms.katalon.core.testdata.TestDataFactory.findTestData(OR_file).getValue(2, 27))): Reading excel file with source file 'C:\Users\shalinin\Katalon Studio\HME_Scripts\Data Files\HME_OR.xlsx' and sheet name 'Sheet1'

2018-06-11 15:56:47 - [TEST_STEP][PASSED] - Statement - actualList = new java.util.ArrayList(): null

2018-06-11 15:56:47 - [TEST_STEP][PASSED] - Statement - For ([i = 0, i < columnHeaderList.size(), (i++)]): null

2018-06-11 15:56:47 - [TEST_STEP][PASSED] - Statement - actualList.add(i, columnHeaderList.get(i).getText()): null

2018-06-11 15:56:47 - [TEST_STEP][PASSED] - Statement - actualList.add(i, columnHeaderList.get(i).getText()): null

2018-06-11 15:56:47 - [TEST_STEP][PASSED] - Statement - actualList.add(i, columnHeaderList.get(i).getText()): null

2018-06-11 15:56:47 - [TEST_STEP][PASSED] - Statement - actualList.add(i, columnHeaderList.get(i).getText()): null

2018-06-11 15:56:47 - [TEST_STEP][PASSED] - Statement - actualList.add(i, columnHeaderList.get(i).getText()): null

2018-06-11 15:56:47 - [TEST_STEP][PASSED] - Statement - actualList.add(i, columnHeaderList.get(i).getText()): null

2018-06-11 15:56:47 - [TEST_STEP][PASSED] - Statement - actualList.add(i, columnHeaderList.get(i).getText()): null

2018-06-11 15:56:47 - [TEST_STEP][PASSED] - Statement - out.println(actualList): null

2018-06-11 15:56:47 - [TEST_STEP][PASSED] - Statement - execFlag1 = true: null

2018-06-11 15:56:47 - [TEST_STEP][PASSED] - Statement - For ([j = 0, j < actualList.size(), (j++)]): null

2018-06-11 15:56:47 - [TEST_STEP][PASSED] - Statement - execFlag1 = com.kms.katalon.core.webui.keyword.WebUiBuiltInKeywords.verifyMatch(reportsHeaderList.get(j).toString().trim(), actualList.get(j).toString().trim(), false): Actual text 'Day' and expected text 'Day' are matched 

2018-06-11 15:56:47 - [MESSAGE][PASSED] - Actual text 'Day' and expected text 'Day' are matched 

2018-06-11 15:56:47 - [TEST_STEP][PASSED] - Statement - If (!(execFlag1)): null

2018-06-11 15:56:47 - [TEST_STEP][PASSED] - Statement - execFlag1 = com.kms.katalon.core.webui.keyword.WebUiBuiltInKeywords.verifyMatch(reportsHeaderList.get(j).toString().trim(), actualList.get(j).toString().trim(), false): Actual text 'Menu Board' and expected text 'Menu Board' are matched 

2018-06-11 15:56:47 - [MESSAGE][PASSED] - Actual text 'Menu Board' and expected text 'Menu Board' are matched 

2018-06-11 15:56:47 - [TEST_STEP][PASSED] - Statement - If (!(execFlag1)): null

2018-06-11 15:56:47 - [TEST_STEP][PASSED] - Statement - execFlag1 = com.kms.katalon.core.webui.keyword.WebUiBuiltInKeywords.verifyMatch(reportsHeaderList.get(j).toString().trim(), actualList.get(j).toString().trim(), false): Actual text 'Greet' and expected text 'Greet' are matched 

2018-06-11 15:56:47 - [MESSAGE][PASSED] - Actual text 'Greet' and expected text 'Greet' are matched 

2018-06-11 15:56:47 - [TEST_STEP][PASSED] - Statement - If (!(execFlag1)): null

2018-06-11 15:56:47 - [TEST_STEP][PASSED] - Statement - execFlag1 = com.kms.katalon.core.webui.keyword.WebUiBuiltInKeywords.verifyMatch(reportsHeaderList.get(j).toString().trim(), actualList.get(j).toString().trim(), false): Actual text 'Service' and expected text 'Service' are matched 

2018-06-11 15:56:47 - [MESSAGE][PASSED] - Actual text 'Service' and expected text 'Service' are matched 

2018-06-11 15:56:47 - [TEST_STEP][PASSED] - Statement - If (!(execFlag1)): null

2018-06-11 15:56:47 - [TEST_STEP][PASSED] - Statement - execFlag1 = com.kms.katalon.core.webui.keyword.WebUiBuiltInKeywords.verifyMatch(reportsHeaderList.get(j).toString().trim(), actualList.get(j).toString().trim(), false): Actual text 'Lane Queue' and expected text 'Lane Queue' are matched 

2018-06-11 15:56:47 - [MESSAGE][PASSED] - Actual text 'Lane Queue' and expected text 'Lane Queue' are matched 

2018-06-11 15:56:47 - [TEST_STEP][PASSED] - Statement - If (!(execFlag1)): null

2018-06-11 15:56:47 - [TEST_STEP][PASSED] - Statement - execFlag1 = com.kms.katalon.core.webui.keyword.WebUiBuiltInKeywords.verifyMatch(reportsHeaderList.get(j).toString().trim(), actualList.get(j).toString().trim(), false): Actual text 'Lane Total' and expected text 'Lane Total' are matched 

2018-06-11 15:56:47 - [MESSAGE][PASSED] - Actual text 'Lane Total' and expected text 'Lane Total' are matched 

2018-06-11 15:56:47 - [TEST_STEP][PASSED] - Statement - If (!(execFlag1)): null

2018-06-11 15:56:47 - [TEST_STEP][PASSED] - Statement - execFlag1 = com.kms.katalon.core.webui.keyword.WebUiBuiltInKeywords.verifyMatch(reportsHeaderList.get(j).toString().trim(), actualList.get(j).toString().trim(), false): Actual text 'Total Cars' and expected text 'Total Cars' are matched 

2018-06-11 15:56:47 - [MESSAGE][PASSED] - Actual text 'Total Cars' and expected text 'Total Cars' are matched 

2018-06-11 15:56:47 - [TEST_STEP][PASSED] - Statement - If (!(execFlag1)): null

2018-06-11 15:56:47 - [TEST_STEP][PASSED] - Statement - If (execFlag1): null

2018-06-11 15:56:47 - [TEST_STEP][PASSED] - Statement - out.println("Reports Column headers are verified"): null

2018-06-11 15:56:47 - [TEST_STEP][PASSED] - Statement - storeReportDate = CustomKeywords.uiaction.CommonUIActions.getText(com.kms.katalon.core.testobject.ObjectRepository.findTestObject(SummarizedReportPage/storeReportDate)): uiaction.CommonUIActions.getText is PASSED

2018-06-11 15:56:47 - [MESSAGE][PASSED] - uiaction.CommonUIActions.getText is PASSED

2018-06-11 15:56:47 - [TEST_STEP][PASSED] - Statement - storeReportDate = storeReportDate.trim(): null

2018-06-11 15:56:47 - [TEST_STEP][PASSED] - Statement - storeReportDateValue = CustomKeywords.projectSpecific.Reusability.getTestData("SummarizedReportPage", "storeReportDate"): projectSpecific.Reusability.getTestData is PASSED

2018-06-11 15:56:47 - [MESSAGE][PASSED] - projectSpecific.Reusability.getTestData is PASSED

2018-06-11 15:56:47 - [TEST_STEP][PASSED] - Statement - If (storeReportDate.equals(storeReportDateValue)): null

2018-06-11 15:56:47 - [TEST_STEP][PASSED] - Statement - out.println("rows displayed under Day column-passed"): null

2018-06-11 15:56:47 - [TEST_STEP][PASSED] - back: Navigate back successfully

2018-06-11 15:56:48 - [MESSAGE][PASSED] - Navigate back successfully

2018-06-11 15:56:48 - [TEST_STEP][PASSED] - delay: Delayed 10 second(s)

2018-06-11 15:56:58 - [MESSAGE][PASSED] - Delayed 10 second(s)

2018-06-11 15:56:58 - [TEST_STEP][PASSED] - back: Navigate back successfully

2018-06-11 15:56:58 - [MESSAGE][PASSED] - Navigate back successfully

2018-06-11 15:56:58 - [TEST_STEP][PASSED] - delay: Delayed 10 second(s)

2018-06-11 15:57:08 - [MESSAGE][PASSED] - Delayed 10 second(s)

2018-06-11 15:57:08 - [TEST_STEP][PASSED] - Statement - groupmain1 = CustomKeywords.projectSpecific.Reusability.getTestData("ReportingGroupManagementPage", "dummyGroupName1"): projectSpecific.Reusability.getTestData is PASSED

2018-06-11 15:57:08 - [MESSAGE][PASSED] - projectSpecific.Reusability.getTestData is PASSED

2018-06-11 15:57:08 - [TEST_STEP][PASSED] - Statement - driver.findElement(org.openqa.selenium.By.xpath("//span[contains(text(),'" + groupmain1 + "')]/../../../../span[1]")).click(): null

2018-06-11 15:57:08 - [TEST_STEP][PASSED] - Statement - driver.findElement(org.openqa.selenium.By.xpath("//span[contains(text(),'" + groupmain1 + "')]/../../../../span[2]")).click(): null

2018-06-11 15:57:08 - [TEST_STEP][PASSED] - click: Object: 'Object Repository/ReportsPage/timeSelection' is clicked on

2018-06-11 15:57:08 - [MESSAGE][PASSED] - Object: 'Object Repository/ReportsPage/timeSelection' is clicked on

2018-06-11 15:57:08 - [TEST_STEP][PASSED] - click: Object: 'Object Repository/ReportsPage/daypartTimeOption' is clicked on

2018-06-11 15:57:08 - [MESSAGE][PASSED] - Object: 'Object Repository/ReportsPage/daypartTimeOption' is clicked on

2018-06-11 15:57:08 - [TEST_STEP][PASSED] - delay: Delayed 4 second(s)

2018-06-11 15:57:12 - [MESSAGE][PASSED] - Delayed 4 second(s)

2018-06-11 15:57:12 - [TEST_STEP][PASSED] - click: Object: 'Object Repository/ReportsPage/fromDateSelector' is clicked on

2018-06-11 15:57:12 - [MESSAGE][PASSED] - Object: 'Object Repository/ReportsPage/fromDateSelector' is clicked on

2018-06-11 15:57:12 - [TEST_STEP][PASSED] - delay: Delayed 4 second(s)

2018-06-11 15:57:16 - [MESSAGE][PASSED] - Delayed 4 second(s)

2018-06-11 15:57:16 - [TEST_STEP][PASSED] - Statement - monthText9 = com.kms.katalon.core.webui.keyword.WebUiBuiltInKeywords.getText(com.kms.katalon.core.testobject.ObjectRepository.findTestObject(ReportsPage/monthText)): Text of object 'Object Repository/ReportsPage/monthText' is: 'June 2018'

2018-06-11 15:57:16 - [MESSAGE][PASSED] - Text of object 'Object Repository/ReportsPage/monthText' is: 'June 2018'

2018-06-11 15:57:16 - [TEST_STEP][PASSED] - Statement - monthTextArray9 = monthText9.split(" "): null

2018-06-11 15:57:16 - [TEST_STEP][PASSED] - Statement - month = monthTextArray9[0]: null

2018-06-11 15:57:16 - [TEST_STEP][PASSED] - Statement - monthTextValue = CustomKeywords.projectSpecific.Reusability.getTestData("ReportsPage", "Month"): projectSpecific.Reusability.getTestData is PASSED

2018-06-11 15:57:16 - [MESSAGE][PASSED] - projectSpecific.Reusability.getTestData is PASSED

2018-06-11 15:57:16 - [TEST_STEP][PASSED] - Statement - If (!(monthTextValue.equals(month))): null

2018-06-11 15:57:16 - [TEST_STEP][PASSED] - Statement - While (!(monthTextValue.equals(month))): null

2018-06-11 15:57:16 - [TEST_STEP][PASSED] - click: Object: 'Object Repository/ReportsPage/previousDateSelector' is clicked on

2018-06-11 15:57:16 - [MESSAGE][PASSED] - Object: 'Object Repository/ReportsPage/previousDateSelector' is clicked on

2018-06-11 15:57:16 - [TEST_STEP][PASSED] - Statement - monthText = com.kms.katalon.core.webui.keyword.WebUiBuiltInKeywords.getText(com.kms.katalon.core.testobject.ObjectRepository.findTestObject(ReportsPage/monthText)): Text of object 'Object Repository/ReportsPage/monthText' is: 'May 2018'

2018-06-11 15:57:16 - [MESSAGE][PASSED] - Text of object 'Object Repository/ReportsPage/monthText' is: 'May 2018'

2018-06-11 15:57:16 - [TEST_STEP][PASSED] - Statement - monthTextArray = monthText.split(" "): null

2018-06-11 15:57:16 - [TEST_STEP][PASSED] - Statement - month = monthTextArray[0]: null

2018-06-11 15:57:16 - [TEST_STEP][PASSED] - click: Object: 'Object Repository/ReportsPage/previousDateSelector' is clicked on

2018-06-11 15:57:16 - [MESSAGE][PASSED] - Object: 'Object Repository/ReportsPage/previousDateSelector' is clicked on

2018-06-11 15:57:16 - [TEST_STEP][PASSED] - Statement - monthText = com.kms.katalon.core.webui.keyword.WebUiBuiltInKeywords.getText(com.kms.katalon.core.testobject.ObjectRepository.findTestObject(ReportsPage/monthText)): Text of object 'Object Repository/ReportsPage/monthText' is: 'April 2018'

2018-06-11 15:57:16 - [MESSAGE][PASSED] - Text of object 'Object Repository/ReportsPage/monthText' is: 'April 2018'

2018-06-11 15:57:16 - [TEST_STEP][PASSED] - Statement - monthTextArray = monthText.split(" "): null

2018-06-11 15:57:16 - [TEST_STEP][PASSED] - Statement - month = monthTextArray[0]: null

2018-06-11 15:57:16 - [TEST_STEP][PASSED] - click: Object: 'Object Repository/ReportsPage/previousDateSelector' is clicked on

2018-06-11 15:57:16 - [MESSAGE][PASSED] - Object: 'Object Repository/ReportsPage/previousDateSelector' is clicked on

2018-06-11 15:57:16 - [TEST_STEP][PASSED] - Statement - monthText = com.kms.katalon.core.webui.keyword.WebUiBuiltInKeywords.getText(com.kms.katalon.core.testobject.ObjectRepository.findTestObject(ReportsPage/monthText)): Text of object 'Object Repository/ReportsPage/monthText' is: 'March 2018'

2018-06-11 15:57:16 - [MESSAGE][PASSED] - Text of object 'Object Repository/ReportsPage/monthText' is: 'March 2018'

2018-06-11 15:57:16 - [TEST_STEP][PASSED] - Statement - monthTextArray = monthText.split(" "): null

2018-06-11 15:57:16 - [TEST_STEP][PASSED] - Statement - month = monthTextArray[0]: null

2018-06-11 15:57:16 - [TEST_STEP][PASSED] - Statement - data = CustomKeywords.projectSpecific.Reusability.getTestData("ReportsPage", "StartDate"): projectSpecific.Reusability.getTestData is PASSED

2018-06-11 15:57:16 - [MESSAGE][PASSED] - projectSpecific.Reusability.getTestData is PASSED

2018-06-11 15:57:16 - [TEST_STEP][PASSED] - Statement - startDate = "(//td[text()='" + data + "'])[1]": null

2018-06-11 15:57:16 - [TEST_STEP][PASSED] - Statement - println(startDate): null

2018-06-11 15:57:16 - [TEST_STEP][PASSED] - Statement - startdateEle = driver.findElement(org.openqa.selenium.By.xpath(startDate)): null

2018-06-11 15:57:16 - [TEST_STEP][PASSED] - Statement - startdateEle.click(): null

2018-06-11 15:57:16 - [TEST_STEP][PASSED] - delay: Delayed 3 second(s)

2018-06-11 15:57:19 - [MESSAGE][PASSED] - Delayed 3 second(s)

2018-06-11 15:57:19 - [TEST_STEP][PASSED] - click: Object: 'Object Repository/ReportsPage/toDateSelector' is clicked on

2018-06-11 15:57:20 - [MESSAGE][PASSED] - Object: 'Object Repository/ReportsPage/toDateSelector' is clicked on

2018-06-11 15:57:20 - [TEST_STEP][PASSED] - delay: Delayed 3 second(s)

2018-06-11 15:57:23 - [MESSAGE][PASSED] - Delayed 3 second(s)

2018-06-11 15:57:23 - [TEST_STEP][PASSED] - Statement - monthText = com.kms.katalon.core.webui.keyword.WebUiBuiltInKeywords.getText(com.kms.katalon.core.testobject.ObjectRepository.findTestObject(ReportsPage/monthText2)): Text of object 'Object Repository/ReportsPage/monthText2' is: 'June 2018'

2018-06-11 15:57:23 - [MESSAGE][PASSED] - Text of object 'Object Repository/ReportsPage/monthText2' is: 'June 2018'

2018-06-11 15:57:23 - [TEST_STEP][PASSED] - Statement - monthTextArray = monthText.split(" "): null

2018-06-11 15:57:23 - [TEST_STEP][PASSED] - Statement - month = monthTextArray[0]: null

2018-06-11 15:57:23 - [TEST_STEP][PASSED] - Statement - If (!(monthTextValue.equals(month))): null

2018-06-11 15:57:23 - [TEST_STEP][PASSED] - Statement - While (!(monthTextValue.equals(month))): null

2018-06-11 15:57:23 - [TEST_STEP][PASSED] - click: Object: 'Object Repository/ReportsPage/previousDateSelector2' is clicked on

2018-06-11 15:57:23 - [MESSAGE][PASSED] - Object: 'Object Repository/ReportsPage/previousDateSelector2' is clicked on

2018-06-11 15:57:23 - [TEST_STEP][PASSED] - Statement - monthText = com.kms.katalon.core.webui.keyword.WebUiBuiltInKeywords.getText(com.kms.katalon.core.testobject.ObjectRepository.findTestObject(ReportsPage/monthText2)): Text of object 'Object Repository/ReportsPage/monthText2' is: 'May 2018'

2018-06-11 15:57:23 - [MESSAGE][PASSED] - Text of object 'Object Repository/ReportsPage/monthText2' is: 'May 2018'

2018-06-11 15:57:23 - [TEST_STEP][PASSED] - Statement - monthTextArray = monthText.split(" "): null

2018-06-11 15:57:23 - [TEST_STEP][PASSED] - Statement - month = monthTextArray[0]: null

2018-06-11 15:57:23 - [TEST_STEP][PASSED] - click: Object: 'Object Repository/ReportsPage/previousDateSelector2' is clicked on

2018-06-11 15:57:23 - [MESSAGE][PASSED] - Object: 'Object Repository/ReportsPage/previousDateSelector2' is clicked on

2018-06-11 15:57:23 - [TEST_STEP][PASSED] - Statement - monthText = com.kms.katalon.core.webui.keyword.WebUiBuiltInKeywords.getText(com.kms.katalon.core.testobject.ObjectRepository.findTestObject(ReportsPage/monthText2)): Text of object 'Object Repository/ReportsPage/monthText2' is: 'April 2018'

2018-06-11 15:57:23 - [MESSAGE][PASSED] - Text of object 'Object Repository/ReportsPage/monthText2' is: 'April 2018'

2018-06-11 15:57:23 - [TEST_STEP][PASSED] - Statement - monthTextArray = monthText.split(" "): null

2018-06-11 15:57:23 - [TEST_STEP][PASSED] - Statement - month = monthTextArray[0]: null

2018-06-11 15:57:23 - [TEST_STEP][PASSED] - click: Object: 'Object Repository/ReportsPage/previousDateSelector2' is clicked on

2018-06-11 15:57:23 - [MESSAGE][PASSED] - Object: 'Object Repository/ReportsPage/previousDateSelector2' is clicked on

2018-06-11 15:57:23 - [TEST_STEP][PASSED] - Statement - monthText = com.kms.katalon.core.webui.keyword.WebUiBuiltInKeywords.getText(com.kms.katalon.core.testobject.ObjectRepository.findTestObject(ReportsPage/monthText2)): Text of object 'Object Repository/ReportsPage/monthText2' is: 'March 2018'

2018-06-11 15:57:23 - [MESSAGE][PASSED] - Text of object 'Object Repository/ReportsPage/monthText2' is: 'March 2018'

2018-06-11 15:57:23 - [TEST_STEP][PASSED] - Statement - monthTextArray = monthText.split(" "): null

2018-06-11 15:57:23 - [TEST_STEP][PASSED] - Statement - month = monthTextArray[0]: null

2018-06-11 15:57:23 - [TEST_STEP][PASSED] - delay: Delayed 5 second(s)

2018-06-11 15:57:28 - [MESSAGE][PASSED] - Delayed 5 second(s)

2018-06-11 15:57:28 - [TEST_STEP][PASSED] - Statement - toDate = "(//div[@class='rdtPicker']/div/table/tbody/tr/td[text()='" + CustomKeywords.projectSpecific.Reusability.getTestData("ReportsPage", "EndDate9") + "'])[3]": projectSpecific.Reusability.getTestData is PASSED

2018-06-11 15:57:28 - [MESSAGE][PASSED] - projectSpecific.Reusability.getTestData is PASSED

2018-06-11 15:57:28 - [TEST_STEP][PASSED] - Statement - println(toDate): null

2018-06-11 15:57:28 - [TEST_STEP][PASSED] - Statement - toDateEle = driver.findElement(org.openqa.selenium.By.xpath(toDate)): null

2018-06-11 15:57:28 - [TEST_STEP][PASSED] - delay: Delayed 2 second(s)

2018-06-11 15:57:30 - [MESSAGE][PASSED] - Delayed 2 second(s)

2018-06-11 15:57:30 - [TEST_STEP][PASSED] - Statement - toDateEle.click(): null

2018-06-11 15:57:30 - [TEST_STEP][PASSED] - delay: Delayed 4 second(s)

2018-06-11 15:57:34 - [MESSAGE][PASSED] - Delayed 4 second(s)

2018-06-11 15:57:34 - [TEST_STEP][PASSED] - Statement - attr = com.kms.katalon.core.webui.keyword.WebUiBuiltInKeywords.getAttribute(com.kms.katalon.core.testobject.ObjectRepository.findTestObject(ReportsPage/selectedDate1), "value"): Attribute 'value' of object 'Object Repository/ReportsPage/selectedDate1' is: '03/01/2018'

2018-06-11 15:57:34 - [MESSAGE][PASSED] - Attribute 'value' of object 'Object Repository/ReportsPage/selectedDate1' is: '03/01/2018'

2018-06-11 15:57:34 - [TEST_STEP][PASSED] - Statement - fromDateValue = CustomKeywords.projectSpecific.Reusability.getTestData("ReportsPage", "fromDate"): projectSpecific.Reusability.getTestData is PASSED

2018-06-11 15:57:34 - [MESSAGE][PASSED] - projectSpecific.Reusability.getTestData is PASSED

2018-06-11 15:57:34 - [TEST_STEP][PASSED] - Statement - If (!(attr.equals(fromDateValue))): null

2018-06-11 15:57:34 - [TEST_STEP][PASSED] - Statement - attr = com.kms.katalon.core.webui.keyword.WebUiBuiltInKeywords.getAttribute(com.kms.katalon.core.testobject.ObjectRepository.findTestObject(ReportsPage/selectedDate1), "value"): Attribute 'value' of object 'Object Repository/ReportsPage/selectedDate1' is: '03/01/2018'

2018-06-11 15:57:34 - [MESSAGE][PASSED] - Attribute 'value' of object 'Object Repository/ReportsPage/selectedDate1' is: '03/01/2018'

2018-06-11 15:57:34 - [TEST_STEP][PASSED] - Statement - println(attr): null

2018-06-11 15:57:34 - [TEST_STEP][PASSED] - Statement - toDateValue = CustomKeywords.projectSpecific.Reusability.getTestData("ReportsPage", "toDate10"): projectSpecific.Reusability.getTestData is PASSED

2018-06-11 15:57:34 - [MESSAGE][PASSED] - projectSpecific.Reusability.getTestData is PASSED

2018-06-11 15:57:34 - [TEST_STEP][PASSED] - uiaction.CommonUIActions.click: uiaction.CommonUIActions.click is PASSED

2018-06-11 15:57:34 - [MESSAGE][PASSED] - uiaction.CommonUIActions.click is PASSED

2018-06-11 15:57:34 - [TEST_STEP][PASSED] - delay: Delayed 25 second(s)

2018-06-11 15:57:59 - [MESSAGE][PASSED] - Delayed 25 second(s)

2018-06-11 15:57:59 - [TEST_STEP][PASSED] - verifyElementPresent: Object 'Object Repository/SummarizedReportPage/average_time' is present

2018-06-11 15:57:59 - [MESSAGE][PASSED] - Object 'Object Repository/SummarizedReportPage/average_time' is present

2018-06-11 15:57:59 - [TEST_STEP][PASSED] - uiaction.CommonUIActions.click: uiaction.CommonUIActions.click is PASSED

2018-06-11 15:57:59 - [MESSAGE][PASSED] - uiaction.CommonUIActions.click is PASSED

2018-06-11 15:57:59 - [TEST_STEP][PASSED] - delay: Delayed 15 second(s)

2018-06-11 15:58:14 - [MESSAGE][PASSED] - Delayed 15 second(s)

2018-06-11 15:58:14 - [TEST_STEP][PASSED] - Statement - daypart = CustomKeywords.projectSpecific.Reusability.getTestData("SummarizedReportPage", "daypart"): projectSpecific.Reusability.getTestData is PASSED

2018-06-11 15:58:14 - [MESSAGE][PASSED] - projectSpecific.Reusability.getTestData is PASSED

2018-06-11 15:58:14 - [TEST_STEP][PASSED] - Statement - daypart_report = driver.findElement(org.openqa.selenium.By.xpath("//span[@class='timeSpan show']")).getText(): null

2018-06-11 15:58:14 - [TEST_STEP][PASSED] - Statement - If (daypart_report.equals(daypart)): null

2018-06-11 15:58:14 - [TEST_STEP][PASSED] - Statement - println("Daypart is Column is displayed"): null

2018-06-11 15:58:14 - [TEST_STEP][PASSED] - uiaction.CommonUIActions.click: uiaction.CommonUIActions.click is PASSED

2018-06-11 15:58:14 - [MESSAGE][PASSED] - uiaction.CommonUIActions.click is PASSED

2018-06-11 15:58:14 - [TEST_STEP][PASSED] - delay: Delayed 15 second(s)

2018-06-11 15:58:29 - [MESSAGE][PASSED] - Delayed 15 second(s)

2018-06-11 15:58:29 - [TEST_STEP][PASSED] - verifyElementPresent: Object 'Object Repository/SummarizedReportPage/rawCarDataHeading' is present

2018-06-11 15:58:29 - [MESSAGE][PASSED] - Object 'Object Repository/SummarizedReportPage/rawCarDataHeading' is present

2018-06-11 15:58:29 - [TEST_STEP][PASSED] - delay: Delayed 5 second(s)

2018-06-11 15:58:34 - [MESSAGE][PASSED] - Delayed 5 second(s)

2018-06-11 15:58:34 - [TEST_STEP][PASSED] - uiaction.CommonUIActions.click: uiaction.CommonUIActions.click is PASSED

2018-06-11 15:58:38 - [MESSAGE][PASSED] - uiaction.CommonUIActions.click is PASSED

2018-06-11 15:58:38 - [TEST_STEP][PASSED] - delay: Delayed 5 second(s)

2018-06-11 15:58:43 - [MESSAGE][PASSED] - Delayed 5 second(s)

2018-06-11 15:58:43 - [TEST_STEP][PASSED] - uiaction.CommonUIActions.click: uiaction.CommonUIActions.click is PASSED

2018-06-11 15:58:54 - [MESSAGE][PASSED] - uiaction.CommonUIActions.click is PASSED

2018-06-11 15:58:54 - [TEST_STEP][PASSED] - delay: Delayed 5 second(s)

2018-06-11 15:58:59 - [MESSAGE][PASSED] - Delayed 5 second(s)

2018-06-11 15:58:59 - [TEST_STEP][PASSED] - uiaction.CommonUIActions.click: uiaction.CommonUIActions.click is PASSED

2018-06-11 15:59:02 - [MESSAGE][PASSED] - uiaction.CommonUIActions.click is PASSED

2018-06-11 15:59:02 - [TEST_STEP][PASSED] - delay: Delayed 10 second(s)

2018-06-11 15:59:12 - [MESSAGE][PASSED] - Delayed 10 second(s)

2018-06-11 15:59:12 - [TEST_STEP][PASSED] - uiaction.CommonUIActions.click: uiaction.CommonUIActions.click is PASSED

2018-06-11 15:59:12 - [MESSAGE][PASSED] - uiaction.CommonUIActions.click is PASSED

2018-06-11 15:59:12 - [TEST_STEP][PASSED] - delay: Delayed 10 second(s)

2018-06-11 15:59:22 - [MESSAGE][PASSED] - Delayed 10 second(s)

2018-06-11 15:59:22 - [TEST_STEP][PASSED] - uiaction.CommonUIActions.click: uiaction.CommonUIActions.click is PASSED

2018-06-11 15:59:22 - [MESSAGE][PASSED] - uiaction.CommonUIActions.click is PASSED

2018-06-11 15:59:22 - [TEST_STEP][PASSED] - delay: Delayed 10 second(s)

2018-06-11 15:59:32 - [MESSAGE][PASSED] - Delayed 10 second(s)

2018-06-11 15:59:32 - [TEST_STEP][PASSED] - uiaction.CommonUIActions.click: uiaction.CommonUIActions.click is PASSED

2018-06-11 15:59:32 - [MESSAGE][PASSED] - uiaction.CommonUIActions.click is PASSED

2018-06-11 15:59:32 - [TEST_STEP][PASSED] - delay: Delayed 10 second(s)

2018-06-11 15:59:42 - [MESSAGE][PASSED] - Delayed 10 second(s)

2018-06-11 15:59:42 - [TEST_STEP][PASSED] - uiaction.CommonUIActions.click: uiaction.CommonUIActions.click is PASSED

2018-06-11 15:59:46 - [MESSAGE][PASSED] - uiaction.CommonUIActions.click is PASSED

2018-06-11 15:59:46 - [TEST_STEP][PASSED] - Statement - assert TCflag == true: null

2018-06-11 15:59:46 - [TEST_STEP][PASSED] - Start listener action : sampleAfterTestCase: Browser is closed

2018-06-11 15:59:46 - [TEST_STEP][PASSED] - Statement - println(testCaseContext.getTestCaseId()): null

2018-06-11 15:59:46 - [TEST_STEP][PASSED] - Statement - println(testCaseContext.getTestCaseStatus()): null

2018-06-11 15:59:46 - [TEST_STEP][PASSED] - closeBrowser: Browser is closed

2018-06-11 15:59:47 - [MESSAGE][PASSED] - Browser is closed]]></system-out>
         <system-err><![CDATA[]]></system-err>
      </testcase>
      <testcase name="Test Cases/MultilingualTC/HME-JWT-03" classname="Test Cases/MultilingualTC/HME-JWT-03" status="PASSED">
         <system-out><![CDATA[2018-06-11 15:59:47 - [TEST_CASE][PASSED] - Test Cases/MultilingualTC/HME-JWT-03: Browser is closed

2018-06-11 15:59:47 - [TEST_STEP][PASSED] - Start listener action : sampleBeforeTestCase: uiaction.CommonUIActions.deleteAllCookies is PASSED

2018-06-11 15:59:47 - [TEST_STEP][PASSED] - openBrowser: Browser is opened with url: ''

2018-06-11 15:59:49 - [MESSAGE][PASSED] - Browser is opened with url: ''

2018-06-11 15:59:49 - [TEST_STEP][PASSED] - maximizeWindow: Current window maximized

2018-06-11 15:59:50 - [MESSAGE][PASSED] - Current window maximized

2018-06-11 15:59:50 - [TEST_STEP][PASSED] - uiaction.CommonUIActions.deleteAllCookies: uiaction.CommonUIActions.deleteAllCookies is PASSED

2018-06-11 15:59:50 - [MESSAGE][PASSED] - Delete all cookies successfully

2018-06-11 15:59:50 - [MESSAGE][PASSED] - uiaction.CommonUIActions.deleteAllCookies is PASSED

2018-06-11 15:59:50 - [TEST_STEP][PASSED] - Statement - TCflag = true: null

2018-06-11 15:59:50 - [TEST_STEP][PASSED] - Statement - actual = null: null

2018-06-11 15:59:50 - [TEST_STEP][PASSED] - Statement - expected = null: null

2018-06-11 15:59:50 - [TEST_STEP][PASSED] - Statement - Try: null

2018-06-11 15:59:50 - [TEST_STEP][PASSED] - navigateToUrl: Navigate to 'https://hme-dev-public-cloud-app.azurewebsites.net/' successfully

2018-06-11 15:59:53 - [MESSAGE][PASSED] - Navigate to 'https://hme-dev-public-cloud-app.azurewebsites.net/' successfully

2018-06-11 15:59:53 - [TEST_STEP][PASSED] - Statement - actual = com.kms.katalon.core.webui.keyword.WebUiBuiltInKeywords.getText(com.kms.katalon.core.testobject.ObjectRepository.findTestObject(Language/L_LoginPage/userName)): Text of object 'Object Repository/Language/L_LoginPage/userName' is: 'Username'

2018-06-11 15:59:53 - [MESSAGE][PASSED] - Text of object 'Object Repository/Language/L_LoginPage/userName' is: 'Username'

2018-06-11 15:59:53 - [TEST_STEP][PASSED] - Statement - If (actual.equalsIgnoreCase(CustomKeywords.projectSpecific.Reusability.getTestData("MultiLanguageFrench", "UserName"))): null

2018-06-11 15:59:53 - [MESSAGE][PASSED] - projectSpecific.Reusability.getTestData is PASSED

2018-06-11 15:59:53 - [TEST_STEP][PASSED] - Statement - println("Login Page displayed"): null

2018-06-11 15:59:53 - [TEST_STEP][PASSED] - projectSpecific.Reusability.login: projectSpecific.Reusability.login is PASSED

2018-06-11 15:59:53 - [MESSAGE][PASSED] - projectSpecific.Reusability.getTestData is PASSED

2018-06-11 15:59:53 - [MESSAGE][PASSED] - projectSpecific.Reusability.getTestData is PASSED

2018-06-11 15:59:53 - [MESSAGE][PASSED] - Text 'selvendrank@nousinfo.com' is set on object 'Object Repository/LoginPage/Username'

2018-06-11 15:59:53 - [MESSAGE][PASSED] - Text 'nous;123' is set on object 'Object Repository/LoginPage/Password'

2018-06-11 15:59:53 - [MESSAGE][PASSED] - Object: 'Object Repository/LoginPage/Login' is clicked on

2018-06-11 15:59:53 - [MESSAGE][PASSED] - projectSpecific.Reusability.login is PASSED

2018-06-11 15:59:53 - [TEST_STEP][PASSED] - delay: Delayed 15 second(s)

2018-06-11 16:00:08 - [MESSAGE][PASSED] - Delayed 15 second(s)

2018-06-11 16:00:08 - [TEST_STEP][PASSED] - Statement - actual = com.kms.katalon.core.webui.keyword.WebUiBuiltInKeywords.getText(com.kms.katalon.core.testobject.ObjectRepository.findTestObject(Language/L_HomePage/logout)): Text of object 'Object Repository/Language/L_HomePage/logout' is: 'Logout'

2018-06-11 16:00:13 - [MESSAGE][PASSED] - Text of object 'Object Repository/Language/L_HomePage/logout' is: 'Logout'

2018-06-11 16:00:13 - [TEST_STEP][PASSED] - Statement - If (actual.equalsIgnoreCase("Logout")): null

2018-06-11 16:00:13 - [TEST_STEP][PASSED] - Statement - println("Home Page displayed"): null

2018-06-11 16:00:13 - [TEST_STEP][PASSED] - uiaction.CommonUIActions.click: uiaction.CommonUIActions.click is PASSED

2018-06-11 16:00:25 - [MESSAGE][PASSED] - uiaction.CommonUIActions.click is PASSED

2018-06-11 16:00:25 - [TEST_STEP][PASSED] - delay: Delayed 5 second(s)

2018-06-11 16:00:30 - [MESSAGE][PASSED] - Delayed 5 second(s)

2018-06-11 16:00:30 - [TEST_STEP][PASSED] - Statement - actual = com.kms.katalon.core.webui.keyword.WebUiBuiltInKeywords.getText(com.kms.katalon.core.testobject.ObjectRepository.findTestObject(Language/L_StoresPage/storeHeader)): Text of object 'Object Repository/Language/L_StoresPage/storeHeader' is: 'Stores'

2018-06-11 16:00:30 - [MESSAGE][PASSED] - Text of object 'Object Repository/Language/L_StoresPage/storeHeader' is: 'Stores'

2018-06-11 16:00:30 - [TEST_STEP][PASSED] - Statement - If (actual.equalsIgnoreCase(CustomKeywords.projectSpecific.Reusability.getTestData("MultiLanguageFrench", "StoreHeader"))): null

2018-06-11 16:00:30 - [MESSAGE][PASSED] - projectSpecific.Reusability.getTestData is PASSED

2018-06-11 16:00:30 - [TEST_STEP][PASSED] - Statement - println("Store Page displayed"): null

2018-06-11 16:00:30 - [TEST_STEP][PASSED] - uiaction.CommonUIActions.click: uiaction.CommonUIActions.click is PASSED

2018-06-11 16:00:31 - [MESSAGE][PASSED] - uiaction.CommonUIActions.click is PASSED

2018-06-11 16:00:31 - [TEST_STEP][PASSED] - delay: Delayed 5 second(s)

2018-06-11 16:00:36 - [MESSAGE][PASSED] - Delayed 5 second(s)

2018-06-11 16:00:36 - [TEST_STEP][PASSED] - Statement - actual = com.kms.katalon.core.webui.keyword.WebUiBuiltInKeywords.getText(com.kms.katalon.core.testobject.ObjectRepository.findTestObject(Language/L_StoresPage/reportingGroupmanagement)): Text of object 'Object Repository/Language/L_StoresPage/reportingGroupmanagement' is: 'Reporting Group Management'

2018-06-11 16:00:36 - [MESSAGE][PASSED] - Text of object 'Object Repository/Language/L_StoresPage/reportingGroupmanagement' is: 'Reporting Group Management'

2018-06-11 16:00:36 - [TEST_STEP][PASSED] - Statement - If (actual.equalsIgnoreCase(CustomKeywords.projectSpecific.Reusability.getTestData("MultiLanguageFrench", "ReportingGroupManagementHeader"))): null

2018-06-11 16:00:36 - [MESSAGE][PASSED] - projectSpecific.Reusability.getTestData is PASSED

2018-06-11 16:00:36 - [TEST_STEP][PASSED] - Statement - println("Reporting group management screen displayed"): null

2018-06-11 16:00:36 - [TEST_STEP][PASSED] - uiaction.CommonUIActions.click: uiaction.CommonUIActions.click is PASSED

2018-06-11 16:00:36 - [MESSAGE][PASSED] - uiaction.CommonUIActions.click is PASSED

2018-06-11 16:00:36 - [TEST_STEP][PASSED] - delay: Delayed 5 second(s)

2018-06-11 16:00:41 - [MESSAGE][PASSED] - Delayed 5 second(s)

2018-06-11 16:00:41 - [TEST_STEP][PASSED] - Statement - actual = com.kms.katalon.core.webui.keyword.WebUiBuiltInKeywords.getText(com.kms.katalon.core.testobject.ObjectRepository.findTestObject(Language/L_ReportingGroupDetailsPage/reportingGroupDetails_Header)): Text of object 'Object Repository/Language/L_ReportingGroupDetailsPage/reportingGroupDetails_Header' is: 'Reporting Group Details'

2018-06-11 16:00:41 - [MESSAGE][PASSED] - Text of object 'Object Repository/Language/L_ReportingGroupDetailsPage/reportingGroupDetails_Header' is: 'Reporting Group Details'

2018-06-11 16:00:41 - [TEST_STEP][PASSED] - Statement - If (actual.equalsIgnoreCase(CustomKeywords.projectSpecific.Reusability.getTestData("MultiLanguageFrench", "ReportingGroupDetailsHeader"))): null

2018-06-11 16:00:41 - [MESSAGE][PASSED] - projectSpecific.Reusability.getTestData is PASSED

2018-06-11 16:00:41 - [TEST_STEP][PASSED] - Statement - println("Reporting group details page  displayed"): null

2018-06-11 16:00:41 - [TEST_STEP][PASSED] - uiaction.CommonUIActions.click: uiaction.CommonUIActions.click is PASSED

2018-06-11 16:00:44 - [MESSAGE][PASSED] - uiaction.CommonUIActions.click is PASSED

2018-06-11 16:00:44 - [TEST_STEP][PASSED] - delay: Delayed 10 second(s)

2018-06-11 16:00:54 - [MESSAGE][PASSED] - Delayed 10 second(s)

2018-06-11 16:00:54 - [TEST_STEP][PASSED] - uiaction.CommonUIActions.click: uiaction.CommonUIActions.click is PASSED

2018-06-11 16:00:55 - [MESSAGE][PASSED] - uiaction.CommonUIActions.click is PASSED

2018-06-11 16:00:55 - [TEST_STEP][PASSED] - delay: Delayed 5 second(s)

2018-06-11 16:01:00 - [MESSAGE][PASSED] - Delayed 5 second(s)

2018-06-11 16:01:00 - [TEST_STEP][PASSED] - Statement - actual = com.kms.katalon.core.webui.keyword.WebUiBuiltInKeywords.getText(com.kms.katalon.core.testobject.ObjectRepository.findTestObject(Language/L_ReportsPage/summaryReport)): Text of object 'Object Repository/Language/L_ReportsPage/summaryReport' is: 'Summary Reports'

2018-06-11 16:01:00 - [MESSAGE][PASSED] - Text of object 'Object Repository/Language/L_ReportsPage/summaryReport' is: 'Summary Reports'

2018-06-11 16:01:00 - [TEST_STEP][PASSED] - Statement - If (actual.equalsIgnoreCase(CustomKeywords.projectSpecific.Reusability.getTestData("MultiLanguageFrench", "SummaryReportHeader"))): null

2018-06-11 16:01:00 - [MESSAGE][PASSED] - projectSpecific.Reusability.getTestData is PASSED

2018-06-11 16:01:00 - [TEST_STEP][PASSED] - Statement - println("Reports page  displayed"): null

2018-06-11 16:01:00 - [TEST_STEP][PASSED] - Statement - driver = com.kms.katalon.core.webui.driver.DriverFactory.getWebDriver(): null

2018-06-11 16:01:00 - [TEST_STEP][PASSED] - Statement - driver.findElement(org.openqa.selenium.By.xpath("//span[contains(text(),'22222')]")).click(): null

2018-06-11 16:01:00 - [TEST_STEP][PASSED] - uiaction.CommonUIActions.click: uiaction.CommonUIActions.click is PASSED

2018-06-11 16:01:00 - [MESSAGE][PASSED] - uiaction.CommonUIActions.click is PASSED

2018-06-11 16:01:00 - [TEST_STEP][PASSED] - uiaction.CommonUIActions.click: uiaction.CommonUIActions.click is PASSED

2018-06-11 16:01:01 - [MESSAGE][PASSED] - uiaction.CommonUIActions.click is PASSED

2018-06-11 16:01:01 - [TEST_STEP][PASSED] - click: Object: 'Object Repository/Language/L_ReportsPage/generateReportBtn' is clicked on

2018-06-11 16:01:01 - [MESSAGE][PASSED] - Object: 'Object Repository/Language/L_ReportsPage/generateReportBtn' is clicked on

2018-06-11 16:01:01 - [TEST_STEP][PASSED] - delay: Delayed 10 second(s)

2018-06-11 16:01:11 - [MESSAGE][PASSED] - Delayed 10 second(s)

2018-06-11 16:01:11 - [TEST_STEP][PASSED] - Statement - actual = com.kms.katalon.core.webui.keyword.WebUiBuiltInKeywords.getText(com.kms.katalon.core.testobject.ObjectRepository.findTestObject(Language/L_ReportsPage/summarizedReport)): Text of object 'Object Repository/Language/L_ReportsPage/summarizedReport' is: 'Summarized Report'

2018-06-11 16:01:11 - [MESSAGE][PASSED] - Text of object 'Object Repository/Language/L_ReportsPage/summarizedReport' is: 'Summarized Report'

2018-06-11 16:01:11 - [TEST_STEP][PASSED] - Statement - If (actual.equalsIgnoreCase("Summarized Report")): null

2018-06-11 16:01:11 - [TEST_STEP][PASSED] - Statement - println("Weekly summary report displayed"): null

2018-06-11 16:01:11 - [TEST_STEP][PASSED] - back: Navigate back successfully

2018-06-11 16:01:11 - [MESSAGE][PASSED] - Navigate back successfully

2018-06-11 16:01:11 - [TEST_STEP][PASSED] - delay: Delayed 10 second(s)

2018-06-11 16:01:21 - [MESSAGE][PASSED] - Delayed 10 second(s)

2018-06-11 16:01:21 - [TEST_STEP][PASSED] - Statement - driver.findElement(org.openqa.selenium.By.xpath("//span[contains(text(),'22222')]")).click(): null

2018-06-11 16:01:21 - [TEST_STEP][PASSED] - delay: Delayed 10 second(s)

2018-06-11 16:01:31 - [MESSAGE][PASSED] - Delayed 10 second(s)

2018-06-11 16:01:31 - [TEST_STEP][PASSED] - click: Object: 'Object Repository/Language/L_ReportsPage/generateReportBtn' is clicked on

2018-06-11 16:01:31 - [MESSAGE][PASSED] - Object: 'Object Repository/Language/L_ReportsPage/generateReportBtn' is clicked on

2018-06-11 16:01:31 - [TEST_STEP][PASSED] - delay: Delayed 15 second(s)

2018-06-11 16:01:46 - [MESSAGE][PASSED] - Delayed 15 second(s)

2018-06-11 16:01:46 - [TEST_STEP][PASSED] - Statement - actual = com.kms.katalon.core.webui.keyword.WebUiBuiltInKeywords.getText(com.kms.katalon.core.testobject.ObjectRepository.findTestObject(Language/L_ReportsPage/summarizedReport)): Text of object 'Object Repository/Language/L_ReportsPage/summarizedReport' is: 'Summarized Report'

2018-06-11 16:01:46 - [MESSAGE][PASSED] - Text of object 'Object Repository/Language/L_ReportsPage/summarizedReport' is: 'Summarized Report'

2018-06-11 16:01:46 - [TEST_STEP][PASSED] - Statement - If (actual.equalsIgnoreCase("Summarized Report")): null

2018-06-11 16:01:46 - [TEST_STEP][PASSED] - Statement - println("Daily summary report displayed"): null

2018-06-11 16:01:46 - [TEST_STEP][PASSED] - back: Navigate back successfully

2018-06-11 16:01:46 - [MESSAGE][PASSED] - Navigate back successfully

2018-06-11 16:01:46 - [TEST_STEP][PASSED] - delay: Delayed 10 second(s)

2018-06-11 16:01:56 - [MESSAGE][PASSED] - Delayed 10 second(s)

2018-06-11 16:01:56 - [TEST_STEP][PASSED] - Statement - driver.findElement(org.openqa.selenium.By.xpath("//span[contains(text(),'22222')]")).click(): null

2018-06-11 16:01:56 - [TEST_STEP][PASSED] - uiaction.CommonUIActions.click: uiaction.CommonUIActions.click is PASSED

2018-06-11 16:01:56 - [MESSAGE][PASSED] - uiaction.CommonUIActions.click is PASSED

2018-06-11 16:01:56 - [TEST_STEP][PASSED] - uiaction.CommonUIActions.click: uiaction.CommonUIActions.click is PASSED

2018-06-11 16:01:56 - [MESSAGE][PASSED] - uiaction.CommonUIActions.click is PASSED

2018-06-11 16:01:56 - [TEST_STEP][PASSED] - click: Object: 'Object Repository/Language/L_ReportsPage/generateReportBtn' is clicked on

2018-06-11 16:01:56 - [MESSAGE][PASSED] - Object: 'Object Repository/Language/L_ReportsPage/generateReportBtn' is clicked on

2018-06-11 16:01:56 - [TEST_STEP][PASSED] - delay: Delayed 10 second(s)

2018-06-11 16:02:06 - [MESSAGE][PASSED] - Delayed 10 second(s)

2018-06-11 16:02:06 - [TEST_STEP][PASSED] - Statement - actual = com.kms.katalon.core.webui.keyword.WebUiBuiltInKeywords.getText(com.kms.katalon.core.testobject.ObjectRepository.findTestObject(Language/L_ReportsPage/summarizedReport)): Text of object 'Object Repository/Language/L_ReportsPage/summarizedReport' is: 'Summarized Report'

2018-06-11 16:02:06 - [MESSAGE][PASSED] - Text of object 'Object Repository/Language/L_ReportsPage/summarizedReport' is: 'Summarized Report'

2018-06-11 16:02:06 - [TEST_STEP][PASSED] - Statement - If (actual.equalsIgnoreCase("Summarized Report")): null

2018-06-11 16:02:06 - [TEST_STEP][PASSED] - Statement - println("DayPart summary report displayed"): null

2018-06-11 16:02:06 - [TEST_STEP][PASSED] - back: Navigate back successfully

2018-06-11 16:02:07 - [MESSAGE][PASSED] - Navigate back successfully

2018-06-11 16:02:07 - [TEST_STEP][PASSED] - delay: Delayed 10 second(s)

2018-06-11 16:02:17 - [MESSAGE][PASSED] - Delayed 10 second(s)

2018-06-11 16:02:17 - [TEST_STEP][PASSED] - uiaction.CommonUIActions.click: uiaction.CommonUIActions.click is PASSED

2018-06-11 16:02:17 - [MESSAGE][PASSED] - uiaction.CommonUIActions.click is PASSED

2018-06-11 16:02:17 - [TEST_STEP][PASSED] - uiaction.CommonUIActions.click: uiaction.CommonUIActions.click is PASSED

2018-06-11 16:02:17 - [MESSAGE][PASSED] - uiaction.CommonUIActions.click is PASSED

2018-06-11 16:02:17 - [TEST_STEP][PASSED] - uiaction.CommonUIActions.click: uiaction.CommonUIActions.click is PASSED

2018-06-11 16:02:17 - [MESSAGE][PASSED] - uiaction.CommonUIActions.click is PASSED

2018-06-11 16:02:17 - [TEST_STEP][PASSED] - uiaction.CommonUIActions.click: uiaction.CommonUIActions.click is PASSED

2018-06-11 16:02:17 - [MESSAGE][PASSED] - uiaction.CommonUIActions.click is PASSED

2018-06-11 16:02:17 - [TEST_STEP][PASSED] - click: Object: 'Object Repository/Language/L_ReportsPage/generateReportBtn' is clicked on

2018-06-11 16:02:17 - [MESSAGE][PASSED] - Object: 'Object Repository/Language/L_ReportsPage/generateReportBtn' is clicked on

2018-06-11 16:02:17 - [TEST_STEP][PASSED] - delay: Delayed 10 second(s)

2018-06-11 16:02:27 - [MESSAGE][PASSED] - Delayed 10 second(s)

2018-06-11 16:02:27 - [TEST_STEP][PASSED] - Statement - actual = com.kms.katalon.core.webui.keyword.WebUiBuiltInKeywords.getText(com.kms.katalon.core.testobject.ObjectRepository.findTestObject(Language/L_ReportsPage/summarizedReport)): Text of object 'Object Repository/Language/L_ReportsPage/summarizedReport' is: 'Raw Car Data Report'

2018-06-11 16:02:27 - [MESSAGE][PASSED] - Text of object 'Object Repository/Language/L_ReportsPage/summarizedReport' is: 'Raw Car Data Report'

2018-06-11 16:02:27 - [TEST_STEP][PASSED] - Statement - If (actual.equalsIgnoreCase("Raw Car Data Report")): null

2018-06-11 16:02:27 - [TEST_STEP][PASSED] - Statement - println("Raw data summary report displayed"): null

2018-06-11 16:02:27 - [TEST_STEP][PASSED] - back: Navigate back successfully

2018-06-11 16:02:27 - [MESSAGE][PASSED] - Navigate back successfully

2018-06-11 16:02:27 - [TEST_STEP][PASSED] - delay: Delayed 10 second(s)

2018-06-11 16:02:37 - [MESSAGE][PASSED] - Delayed 10 second(s)

2018-06-11 16:02:37 - [TEST_STEP][PASSED] - uiaction.CommonUIActions.click: uiaction.CommonUIActions.click is PASSED

2018-06-11 16:02:40 - [MESSAGE][PASSED] - uiaction.CommonUIActions.click is PASSED

2018-06-11 16:02:40 - [TEST_STEP][PASSED] - uiaction.CommonUIActions.click: uiaction.CommonUIActions.click is PASSED

2018-06-11 16:02:44 - [MESSAGE][PASSED] - uiaction.CommonUIActions.click is PASSED

2018-06-11 16:02:44 - [TEST_STEP][PASSED] - delay: Delayed 5 second(s)

2018-06-11 16:02:49 - [MESSAGE][PASSED] - Delayed 5 second(s)

2018-06-11 16:02:49 - [TEST_STEP][PASSED] - Statement - actual = com.kms.katalon.core.webui.keyword.WebUiBuiltInKeywords.getText(com.kms.katalon.core.testobject.ObjectRepository.findTestObject(Language/L_AccountPage/userInformation)): Text of object 'Object Repository/Language/L_AccountPage/userInformation' is: 'User Information'

2018-06-11 16:02:49 - [MESSAGE][PASSED] - Text of object 'Object Repository/Language/L_AccountPage/userInformation' is: 'User Information'

2018-06-11 16:02:49 - [TEST_STEP][PASSED] - Statement - If (actual.equalsIgnoreCase("User Information")): null

2018-06-11 16:02:49 - [TEST_STEP][PASSED] - Statement - println("Accounts page  displayed"): null

2018-06-11 16:02:49 - [TEST_STEP][PASSED] - uiaction.CommonUIActions.click: uiaction.CommonUIActions.click is PASSED

2018-06-11 16:02:51 - [MESSAGE][PASSED] - uiaction.CommonUIActions.click is PASSED

2018-06-11 16:02:51 - [TEST_STEP][PASSED] - uiaction.CommonUIActions.click: uiaction.CommonUIActions.click is PASSED

2018-06-11 16:02:54 - [MESSAGE][PASSED] - uiaction.CommonUIActions.click is PASSED

2018-06-11 16:02:54 - [TEST_STEP][PASSED] - delay: Delayed 5 second(s)

2018-06-11 16:02:59 - [MESSAGE][PASSED] - Delayed 5 second(s)

2018-06-11 16:02:59 - [TEST_STEP][PASSED] - Statement - actual = com.kms.katalon.core.webui.keyword.WebUiBuiltInKeywords.getText(com.kms.katalon.core.testobject.ObjectRepository.findTestObject(Language/L_UserPage/addUser)): Text of object 'Object Repository/Language/L_UserPage/addUser' is: 'Add a User'

2018-06-11 16:02:59 - [MESSAGE][PASSED] - Text of object 'Object Repository/Language/L_UserPage/addUser' is: 'Add a User'

2018-06-11 16:02:59 - [TEST_STEP][PASSED] - Statement - If (actual.equalsIgnoreCase("Add a User")): null

2018-06-11 16:02:59 - [TEST_STEP][PASSED] - Statement - println("Users page  displayed"): null

2018-06-11 16:02:59 - [TEST_STEP][PASSED] - Statement - assert TCflag == true: null

2018-06-11 16:02:59 - [TEST_STEP][PASSED] - Start listener action : sampleAfterTestCase: Browser is closed

2018-06-11 16:02:59 - [TEST_STEP][PASSED] - Statement - println(testCaseContext.getTestCaseId()): null

2018-06-11 16:02:59 - [TEST_STEP][PASSED] - Statement - println(testCaseContext.getTestCaseStatus()): null

2018-06-11 16:02:59 - [TEST_STEP][PASSED] - closeBrowser: Browser is closed

2018-06-11 16:02:59 - [MESSAGE][PASSED] - Browser is closed]]></system-out>
         <system-err><![CDATA[]]></system-err>
      </testcase>
      <testcase name="Test Cases/MultilingualTC/HME-Multilingual-02" classname="Test Cases/MultilingualTC/HME-Multilingual-02" status="PASSED">
         <system-out><![CDATA[2018-06-11 16:02:59 - [TEST_CASE][PASSED] - Test Cases/MultilingualTC/HME-Multilingual-02: Browser is closed

2018-06-11 16:02:59 - [TEST_STEP][PASSED] - Start listener action : sampleBeforeTestCase: uiaction.CommonUIActions.deleteAllCookies is PASSED

2018-06-11 16:02:59 - [TEST_STEP][PASSED] - openBrowser: Browser is opened with url: ''

2018-06-11 16:03:01 - [MESSAGE][PASSED] - Browser is opened with url: ''

2018-06-11 16:03:01 - [TEST_STEP][PASSED] - maximizeWindow: Current window maximized

2018-06-11 16:03:03 - [MESSAGE][PASSED] - Current window maximized

2018-06-11 16:03:03 - [TEST_STEP][PASSED] - uiaction.CommonUIActions.deleteAllCookies: uiaction.CommonUIActions.deleteAllCookies is PASSED

2018-06-11 16:03:03 - [MESSAGE][PASSED] - Delete all cookies successfully

2018-06-11 16:03:03 - [MESSAGE][PASSED] - uiaction.CommonUIActions.deleteAllCookies is PASSED

2018-06-11 16:03:03 - [TEST_STEP][PASSED] - Statement - TCflag = true: null

2018-06-11 16:03:03 - [TEST_STEP][PASSED] - Statement - actual = null: null

2018-06-11 16:03:03 - [TEST_STEP][PASSED] - Statement - expected = null: null

2018-06-11 16:03:03 - [TEST_STEP][PASSED] - Statement - Try: Actual text 'Frequently Asked Questions' and expected text 'Frequently Asked Questions' are matched 

2018-06-11 16:03:03 - [TEST_STEP][PASSED] - Statement - jsCapabilities = org.openqa.selenium.remote.DesiredCapabilities.chrome(): null

2018-06-11 16:03:03 - [TEST_STEP][PASSED] - Statement - options = new org.openqa.selenium.chrome.ChromeOptions(): null

2018-06-11 16:03:03 - [TEST_STEP][PASSED] - Statement - prefs = new java.util.HashMap(): null

2018-06-11 16:03:03 - [TEST_STEP][PASSED] - Statement - prefs.put("intl.accept_languages", "en"): null

2018-06-11 16:03:03 - [TEST_STEP][PASSED] - Statement - options.setExperimentalOption("prefs", prefs): null

2018-06-11 16:03:03 - [TEST_STEP][PASSED] - Statement - jsCapabilities.setCapability(CAPABILITY, options): null

2018-06-11 16:03:03 - [TEST_STEP][PASSED] - Statement - chromedriverPath = com.kms.katalon.core.configuration.RunConfiguration.getProjectDir() + "/chromedriver.exe": null

2018-06-11 16:03:03 - [TEST_STEP][PASSED] - Statement - java.lang.System.setProperty("webdriver.chrome.driver", chromedriverPath): null

2018-06-11 16:03:03 - [TEST_STEP][PASSED] - Statement - driver = new org.openqa.selenium.chrome.ChromeDriver(options): null

2018-06-11 16:03:05 - [TEST_STEP][PASSED] - Statement - com.kms.katalon.core.webui.driver.DriverFactory.changeWebDriver(driver): null

2018-06-11 16:03:05 - [TEST_STEP][PASSED] - delay: Delayed 10 second(s)

2018-06-11 16:03:15 - [MESSAGE][PASSED] - Delayed 10 second(s)

2018-06-11 16:03:15 - [TEST_STEP][PASSED] - Statement - driver.get("https://hme-dev-public-cloud-app.azurewebsites.net/"): null

2018-06-11 16:03:18 - [TEST_STEP][PASSED] - maximizeWindow: Current window maximized

2018-06-11 16:03:19 - [MESSAGE][PASSED] - Current window maximized

2018-06-11 16:03:19 - [TEST_STEP][PASSED] - delay: Delayed 10 second(s)

2018-06-11 16:03:29 - [MESSAGE][PASSED] - Delayed 10 second(s)

2018-06-11 16:03:29 - [TEST_STEP][PASSED] - Statement - actual = com.kms.katalon.core.webui.keyword.WebUiBuiltInKeywords.getText(com.kms.katalon.core.testobject.ObjectRepository.findTestObject(Language/L_LoginPage/userName)): Text of object 'Object Repository/Language/L_LoginPage/userName' is: 'Username'

2018-06-11 16:03:29 - [MESSAGE][PASSED] - Text of object 'Object Repository/Language/L_LoginPage/userName' is: 'Username'

2018-06-11 16:03:29 - [TEST_STEP][PASSED] - verifyMatch: Actual text 'Username' and expected text 'Username' are matched 

2018-06-11 16:03:29 - [MESSAGE][PASSED] - projectSpecific.Reusability.getTestData is PASSED

2018-06-11 16:03:29 - [MESSAGE][PASSED] - Actual text 'Username' and expected text 'Username' are matched 

2018-06-11 16:03:29 - [TEST_STEP][PASSED] - Statement - actual = com.kms.katalon.core.webui.keyword.WebUiBuiltInKeywords.getText(com.kms.katalon.core.testobject.ObjectRepository.findTestObject(Language/L_LoginPage/userName)): Text of object 'Object Repository/Language/L_LoginPage/userName' is: 'Username'

2018-06-11 16:03:29 - [MESSAGE][PASSED] - Text of object 'Object Repository/Language/L_LoginPage/userName' is: 'Username'

2018-06-11 16:03:29 - [TEST_STEP][PASSED] - verifyMatch: Actual text 'Username' and expected text 'Username' are matched 

2018-06-11 16:03:29 - [MESSAGE][PASSED] - projectSpecific.Reusability.getTestData is PASSED

2018-06-11 16:03:29 - [MESSAGE][PASSED] - Actual text 'Username' and expected text 'Username' are matched 

2018-06-11 16:03:29 - [TEST_STEP][PASSED] - projectSpecific.Reusability.login: projectSpecific.Reusability.login is PASSED

2018-06-11 16:03:29 - [MESSAGE][PASSED] - projectSpecific.Reusability.getTestData is PASSED

2018-06-11 16:03:29 - [MESSAGE][PASSED] - projectSpecific.Reusability.getTestData is PASSED

2018-06-11 16:03:30 - [MESSAGE][PASSED] - Text 'sangeetha_gokul@yahoo.com' is set on object 'Object Repository/LoginPage/Username'

2018-06-11 16:03:30 - [MESSAGE][PASSED] - Text 'gvcd6bjk5g' is set on object 'Object Repository/LoginPage/Password'

2018-06-11 16:03:30 - [MESSAGE][PASSED] - Object: 'Object Repository/LoginPage/Login' is clicked on

2018-06-11 16:03:30 - [MESSAGE][PASSED] - projectSpecific.Reusability.login is PASSED

2018-06-11 16:03:30 - [TEST_STEP][PASSED] - delay: Delayed 15 second(s)

2018-06-11 16:03:45 - [MESSAGE][PASSED] - Delayed 15 second(s)

2018-06-11 16:03:45 - [TEST_STEP][PASSED] - uiaction.CommonUIActions.click: uiaction.CommonUIActions.click is PASSED

2018-06-11 16:03:50 - [MESSAGE][PASSED] - uiaction.CommonUIActions.click is PASSED

2018-06-11 16:03:50 - [TEST_STEP][PASSED] - delay: Delayed 10 second(s)

2018-06-11 16:04:00 - [MESSAGE][PASSED] - Delayed 10 second(s)

2018-06-11 16:04:00 - [TEST_STEP][PASSED] - Statement - driver.findElement(org.openqa.selenium.By.xpath("//span[contains(text(),'22222')]")).click(): null

2018-06-11 16:04:01 - [TEST_STEP][PASSED] - click: Object: 'Object Repository/Language/L_ReportsPage/fromDateSelector' is clicked on

2018-06-11 16:04:01 - [MESSAGE][PASSED] - Object: 'Object Repository/Language/L_ReportsPage/fromDateSelector' is clicked on

2018-06-11 16:04:01 - [TEST_STEP][PASSED] - delay: Delayed 5 second(s)

2018-06-11 16:04:06 - [MESSAGE][PASSED] - Delayed 5 second(s)

2018-06-11 16:04:06 - [TEST_STEP][PASSED] - Statement - monthText = com.kms.katalon.core.webui.keyword.WebUiBuiltInKeywords.getText(com.kms.katalon.core.testobject.ObjectRepository.findTestObject(Language/L_ReportsPage/monthText)): Text of object 'Object Repository/Language/L_ReportsPage/monthText' is: 'June 2018'

2018-06-11 16:04:06 - [MESSAGE][PASSED] - Text of object 'Object Repository/Language/L_ReportsPage/monthText' is: 'June 2018'

2018-06-11 16:04:06 - [TEST_STEP][PASSED] - Statement - monthTextArray = monthText.split(" "): null

2018-06-11 16:04:06 - [TEST_STEP][PASSED] - Statement - month = monthTextArray[0]: null

2018-06-11 16:04:06 - [TEST_STEP][PASSED] - Statement - monthTextValue = "March": null

2018-06-11 16:04:06 - [TEST_STEP][PASSED] - Statement - If (!(monthTextValue.equals(month))): null

2018-06-11 16:04:06 - [TEST_STEP][PASSED] - Statement - While (!(monthTextValue.equals(month))): null

2018-06-11 16:04:06 - [TEST_STEP][PASSED] - click: Object: 'Object Repository/Language/L_ReportsPage/previousDateSelector' is clicked on

2018-06-11 16:04:06 - [MESSAGE][PASSED] - Object: 'Object Repository/Language/L_ReportsPage/previousDateSelector' is clicked on

2018-06-11 16:04:06 - [TEST_STEP][PASSED] - Statement - monthText = com.kms.katalon.core.webui.keyword.WebUiBuiltInKeywords.getText(com.kms.katalon.core.testobject.ObjectRepository.findTestObject(Language/L_ReportsPage/monthText)): Text of object 'Object Repository/Language/L_ReportsPage/monthText' is: 'May 2018'

2018-06-11 16:04:06 - [MESSAGE][PASSED] - Text of object 'Object Repository/Language/L_ReportsPage/monthText' is: 'May 2018'

2018-06-11 16:04:06 - [TEST_STEP][PASSED] - Statement - monthTextArray = monthText.split(" "): null

2018-06-11 16:04:06 - [TEST_STEP][PASSED] - Statement - month = monthTextArray[0]: null

2018-06-11 16:04:06 - [TEST_STEP][PASSED] - click: Object: 'Object Repository/Language/L_ReportsPage/previousDateSelector' is clicked on

2018-06-11 16:04:06 - [MESSAGE][PASSED] - Object: 'Object Repository/Language/L_ReportsPage/previousDateSelector' is clicked on

2018-06-11 16:04:06 - [TEST_STEP][PASSED] - Statement - monthText = com.kms.katalon.core.webui.keyword.WebUiBuiltInKeywords.getText(com.kms.katalon.core.testobject.ObjectRepository.findTestObject(Language/L_ReportsPage/monthText)): Text of object 'Object Repository/Language/L_ReportsPage/monthText' is: 'April 2018'

2018-06-11 16:04:06 - [MESSAGE][PASSED] - Text of object 'Object Repository/Language/L_ReportsPage/monthText' is: 'April 2018'

2018-06-11 16:04:06 - [TEST_STEP][PASSED] - Statement - monthTextArray = monthText.split(" "): null

2018-06-11 16:04:06 - [TEST_STEP][PASSED] - Statement - month = monthTextArray[0]: null

2018-06-11 16:04:06 - [TEST_STEP][PASSED] - click: Object: 'Object Repository/Language/L_ReportsPage/previousDateSelector' is clicked on

2018-06-11 16:04:06 - [MESSAGE][PASSED] - Object: 'Object Repository/Language/L_ReportsPage/previousDateSelector' is clicked on

2018-06-11 16:04:06 - [TEST_STEP][PASSED] - Statement - monthText = com.kms.katalon.core.webui.keyword.WebUiBuiltInKeywords.getText(com.kms.katalon.core.testobject.ObjectRepository.findTestObject(Language/L_ReportsPage/monthText)): Text of object 'Object Repository/Language/L_ReportsPage/monthText' is: 'March 2018'

2018-06-11 16:04:06 - [MESSAGE][PASSED] - Text of object 'Object Repository/Language/L_ReportsPage/monthText' is: 'March 2018'

2018-06-11 16:04:06 - [TEST_STEP][PASSED] - Statement - monthTextArray = monthText.split(" "): null

2018-06-11 16:04:06 - [TEST_STEP][PASSED] - Statement - month = monthTextArray[0]: null

2018-06-11 16:04:06 - [TEST_STEP][PASSED] - Statement - data = "1": null

2018-06-11 16:04:06 - [TEST_STEP][PASSED] - Statement - startDate = "(//td[text()='" + data + "'])[1]": null

2018-06-11 16:04:06 - [TEST_STEP][PASSED] - Statement - println(startDate): null

2018-06-11 16:04:06 - [TEST_STEP][PASSED] - Statement - startdateEle = driver.findElement(org.openqa.selenium.By.xpath(startDate)): null

2018-06-11 16:04:06 - [TEST_STEP][PASSED] - Statement - startdateEle.click(): null

2018-06-11 16:04:06 - [TEST_STEP][PASSED] - delay: Delayed 5 second(s)

2018-06-11 16:04:11 - [MESSAGE][PASSED] - Delayed 5 second(s)

2018-06-11 16:04:11 - [TEST_STEP][PASSED] - click: Object: 'Object Repository/Language/L_ReportsPage/toDateSelector' is clicked on

2018-06-11 16:04:11 - [MESSAGE][PASSED] - Object: 'Object Repository/Language/L_ReportsPage/toDateSelector' is clicked on

2018-06-11 16:04:11 - [TEST_STEP][PASSED] - Statement - monthText = com.kms.katalon.core.webui.keyword.WebUiBuiltInKeywords.getText(com.kms.katalon.core.testobject.ObjectRepository.findTestObject(Language/L_ReportsPage/monthText2)): Text of object 'Object Repository/Language/L_ReportsPage/monthText2' is: 'June 2018'

2018-06-11 16:04:11 - [MESSAGE][PASSED] - Text of object 'Object Repository/Language/L_ReportsPage/monthText2' is: 'June 2018'

2018-06-11 16:04:11 - [TEST_STEP][PASSED] - Statement - monthTextArray = monthText.split(" "): null

2018-06-11 16:04:11 - [TEST_STEP][PASSED] - Statement - month = monthTextArray[0]: null

2018-06-11 16:04:11 - [TEST_STEP][PASSED] - Statement - If (!(monthTextValue.equals(month))): null

2018-06-11 16:04:11 - [TEST_STEP][PASSED] - Statement - While (!(monthTextValue.equals(month))): null

2018-06-11 16:04:11 - [TEST_STEP][PASSED] - click: Object: 'Object Repository/Language/L_ReportsPage/previousDateSelector2' is clicked on

2018-06-11 16:04:11 - [MESSAGE][PASSED] - Object: 'Object Repository/Language/L_ReportsPage/previousDateSelector2' is clicked on

2018-06-11 16:04:11 - [TEST_STEP][PASSED] - Statement - monthText = com.kms.katalon.core.webui.keyword.WebUiBuiltInKeywords.getText(com.kms.katalon.core.testobject.ObjectRepository.findTestObject(Language/L_ReportsPage/monthText2)): Text of object 'Object Repository/Language/L_ReportsPage/monthText2' is: 'May 2018'

2018-06-11 16:04:11 - [MESSAGE][PASSED] - Text of object 'Object Repository/Language/L_ReportsPage/monthText2' is: 'May 2018'

2018-06-11 16:04:11 - [TEST_STEP][PASSED] - Statement - monthTextArray = monthText.split(" "): null

2018-06-11 16:04:11 - [TEST_STEP][PASSED] - Statement - month = monthTextArray[0]: null

2018-06-11 16:04:11 - [TEST_STEP][PASSED] - click: Object: 'Object Repository/Language/L_ReportsPage/previousDateSelector2' is clicked on

2018-06-11 16:04:11 - [MESSAGE][PASSED] - Object: 'Object Repository/Language/L_ReportsPage/previousDateSelector2' is clicked on

2018-06-11 16:04:11 - [TEST_STEP][PASSED] - Statement - monthText = com.kms.katalon.core.webui.keyword.WebUiBuiltInKeywords.getText(com.kms.katalon.core.testobject.ObjectRepository.findTestObject(Language/L_ReportsPage/monthText2)): Text of object 'Object Repository/Language/L_ReportsPage/monthText2' is: 'April 2018'

2018-06-11 16:04:11 - [MESSAGE][PASSED] - Text of object 'Object Repository/Language/L_ReportsPage/monthText2' is: 'April 2018'

2018-06-11 16:04:11 - [TEST_STEP][PASSED] - Statement - monthTextArray = monthText.split(" "): null

2018-06-11 16:04:11 - [TEST_STEP][PASSED] - Statement - month = monthTextArray[0]: null

2018-06-11 16:04:11 - [TEST_STEP][PASSED] - click: Object: 'Object Repository/Language/L_ReportsPage/previousDateSelector2' is clicked on

2018-06-11 16:04:11 - [MESSAGE][PASSED] - Object: 'Object Repository/Language/L_ReportsPage/previousDateSelector2' is clicked on

2018-06-11 16:04:11 - [TEST_STEP][PASSED] - Statement - monthText = com.kms.katalon.core.webui.keyword.WebUiBuiltInKeywords.getText(com.kms.katalon.core.testobject.ObjectRepository.findTestObject(Language/L_ReportsPage/monthText2)): Text of object 'Object Repository/Language/L_ReportsPage/monthText2' is: 'March 2018'

2018-06-11 16:04:11 - [MESSAGE][PASSED] - Text of object 'Object Repository/Language/L_ReportsPage/monthText2' is: 'March 2018'

2018-06-11 16:04:11 - [TEST_STEP][PASSED] - Statement - monthTextArray = monthText.split(" "): null

2018-06-11 16:04:11 - [TEST_STEP][PASSED] - Statement - month = monthTextArray[0]: null

2018-06-11 16:04:11 - [TEST_STEP][PASSED] - Statement - endDate = "1": null

2018-06-11 16:04:11 - [TEST_STEP][PASSED] - Statement - toDate = "(//td[text()='" + endDate + "'])[3]": null

2018-06-11 16:04:11 - [TEST_STEP][PASSED] - Statement - toDateEle = driver.findElement(org.openqa.selenium.By.xpath(toDate)): null

2018-06-11 16:04:11 - [TEST_STEP][PASSED] - Statement - toDateEle.click(): null

2018-06-11 16:04:11 - [TEST_STEP][PASSED] - delay: Delayed 5 second(s)

2018-06-11 16:04:16 - [MESSAGE][PASSED] - Delayed 5 second(s)

2018-06-11 16:04:16 - [TEST_STEP][PASSED] - Statement - dateAttr = com.kms.katalon.core.webui.keyword.WebUiBuiltInKeywords.getAttribute(com.kms.katalon.core.testobject.ObjectRepository.findTestObject(Language/L_ReportsPage/selectedDate1), "value"): Attribute 'value' of object 'Object Repository/Language/L_ReportsPage/selectedDate1' is: '03/01/2018'

2018-06-11 16:04:16 - [MESSAGE][PASSED] - Attribute 'value' of object 'Object Repository/Language/L_ReportsPage/selectedDate1' is: '03/01/2018'

2018-06-11 16:04:16 - [TEST_STEP][PASSED] - Statement - fromDateValue = "03/01/2018": null

2018-06-11 16:04:16 - [TEST_STEP][PASSED] - Statement - If (!(dateAttr.equals(fromDateValue))): null

2018-06-11 16:04:16 - [TEST_STEP][PASSED] - Statement - dateAttr = com.kms.katalon.core.webui.keyword.WebUiBuiltInKeywords.getAttribute(com.kms.katalon.core.testobject.ObjectRepository.findTestObject(Language/L_ReportsPage/selectedDate2), "value"): Attribute 'value' of object 'Object Repository/Language/L_ReportsPage/selectedDate2' is: '03/01/2018'

2018-06-11 16:04:16 - [MESSAGE][PASSED] - Attribute 'value' of object 'Object Repository/Language/L_ReportsPage/selectedDate2' is: '03/01/2018'

2018-06-11 16:04:16 - [TEST_STEP][PASSED] - Statement - toDateValue = "03/01/2018": null

2018-06-11 16:04:16 - [TEST_STEP][PASSED] - Statement - If (!(dateAttr.equals(toDateValue))): null

2018-06-11 16:04:16 - [TEST_STEP][PASSED] - click: Object: 'Object Repository/Language/L_ReportsPage/generateReportBtn' is clicked on

2018-06-11 16:04:17 - [MESSAGE][PASSED] - Object: 'Object Repository/Language/L_ReportsPage/generateReportBtn' is clicked on

2018-06-11 16:04:17 - [TEST_STEP][PASSED] - delay: Delayed 15 second(s)

2018-06-11 16:04:32 - [MESSAGE][PASSED] - Delayed 15 second(s)

2018-06-11 16:04:32 - [TEST_STEP][PASSED] - uiaction.CommonUIActions.click: uiaction.CommonUIActions.click is PASSED

2018-06-11 16:04:32 - [MESSAGE][PASSED] - uiaction.CommonUIActions.click is PASSED

2018-06-11 16:04:32 - [TEST_STEP][PASSED] - uiaction.CommonUIActions.click: uiaction.CommonUIActions.click is PASSED

2018-06-11 16:04:32 - [MESSAGE][PASSED] - uiaction.CommonUIActions.click is PASSED

2018-06-11 16:04:32 - [TEST_STEP][PASSED] - delay: Delayed 15 second(s)

2018-06-11 16:04:47 - [MESSAGE][PASSED] - Delayed 15 second(s)

2018-06-11 16:04:47 - [TEST_STEP][PASSED] - Statement - s = CustomKeywords.projectSpecific.Reusability.checkemailandverifyattachment(): projectSpecific.Reusability.checkemailandverifyattachment is PASSED

2018-06-11 16:04:47 - [MESSAGE][WARNING] - A browser is already opened. Closing browser and opening a new one

2018-06-11 16:04:49 - [MESSAGE][PASSED] - Browser is opened with url: ''

2018-06-11 16:04:51 - [MESSAGE][PASSED] - Current window maximized

2018-06-11 16:04:56 - [MESSAGE][PASSED] - Navigate to 'https://mail.yahoo.com' successfully

2018-06-11 16:05:06 - [MESSAGE][PASSED] - Delayed 10 second(s)

2018-06-11 16:05:16 - [MESSAGE][PASSED] - Delayed 10 second(s)

2018-06-11 16:05:31 - [MESSAGE][PASSED] - Delayed 15 second(s)

2018-06-11 16:05:50 - [MESSAGE][PASSED] - Delayed 15 second(s)

2018-06-11 16:06:01 - [MESSAGE][PASSED] - Delayed 10 second(s)

2018-06-11 16:06:03 - [MESSAGE][PASSED] - Delayed 2 second(s)

2018-06-11 16:06:13 - [MESSAGE][PASSED] - Delayed 10 second(s)

2018-06-11 16:06:13 - [MESSAGE][PASSED] - projectSpecific.Reusability.checkemailandverifyattachment is PASSED

2018-06-11 16:06:13 - [TEST_STEP][PASSED] - Statement - out.println("the text is---" + s.get(0)): null

2018-06-11 16:06:13 - [TEST_STEP][PASSED] - Statement - englishmatch = s.get(0).substring(0, 5): null

2018-06-11 16:06:13 - [TEST_STEP][PASSED] - Statement - out.println("1----" + englishmatch): null

2018-06-11 16:06:13 - [TEST_STEP][PASSED] - Statement - If (englishmatch.contains("D") && englishmatch.contains("a") && englishmatch.contains("y")): null

2018-06-11 16:06:13 - [TEST_STEP][PASSED] - Statement - out.println("Downloaded file  displayed in English"): null

2018-06-11 16:06:13 - [TEST_STEP][PASSED] - delay: Delayed 5 second(s)

2018-06-11 16:06:18 - [MESSAGE][PASSED] - Delayed 5 second(s)

2018-06-11 16:06:18 - [TEST_STEP][PASSED] - navigateToUrl: Navigate to 'https://hme-dev-public-cloud-app.azurewebsites.net/' successfully

2018-06-11 16:06:21 - [MESSAGE][PASSED] - Navigate to 'https://hme-dev-public-cloud-app.azurewebsites.net/' successfully

2018-06-11 16:06:21 - [TEST_STEP][PASSED] - delay: Delayed 5 second(s)

2018-06-11 16:06:26 - [MESSAGE][PASSED] - Delayed 5 second(s)

2018-06-11 16:06:26 - [TEST_STEP][PASSED] - projectSpecific.Reusability.login: projectSpecific.Reusability.login is PASSED

2018-06-11 16:06:26 - [MESSAGE][PASSED] - projectSpecific.Reusability.getTestData is PASSED

2018-06-11 16:06:26 - [MESSAGE][PASSED] - projectSpecific.Reusability.getTestData is PASSED

2018-06-11 16:06:26 - [MESSAGE][PASSED] - Text 'selvendrank@nousinfo.com' is set on object 'Object Repository/LoginPage/Username'

2018-06-11 16:06:26 - [MESSAGE][PASSED] - Text 'nous;123' is set on object 'Object Repository/LoginPage/Password'

2018-06-11 16:06:26 - [MESSAGE][PASSED] - Object: 'Object Repository/LoginPage/Login' is clicked on

2018-06-11 16:06:26 - [MESSAGE][PASSED] - projectSpecific.Reusability.login is PASSED

2018-06-11 16:06:26 - [TEST_STEP][PASSED] - delay: Delayed 5 second(s)

2018-06-11 16:06:31 - [MESSAGE][PASSED] - Delayed 5 second(s)

2018-06-11 16:06:31 - [TEST_STEP][PASSED] - Statement - welcomeMessage = CustomKeywords.projectSpecific.Reusability.getTestData("MultiLanguageEnglish", "BienvenueàHMECLOUD"): projectSpecific.Reusability.getTestData is PASSED

2018-06-11 16:06:31 - [MESSAGE][PASSED] - projectSpecific.Reusability.getTestData is PASSED

2018-06-11 16:06:31 - [TEST_STEP][PASSED] - Statement - welcome = CustomKeywords.projectSpecific.Reusability.getTestData("MultiLanguageEnglish", "Bienvenue"): projectSpecific.Reusability.getTestData is PASSED

2018-06-11 16:06:31 - [MESSAGE][PASSED] - projectSpecific.Reusability.getTestData is PASSED

2018-06-11 16:06:31 - [TEST_STEP][PASSED] - Statement - stores = CustomKeywords.projectSpecific.Reusability.getTestData("MultiLanguageEnglish", "Restaurants"): projectSpecific.Reusability.getTestData is PASSED

2018-06-11 16:06:31 - [MESSAGE][PASSED] - projectSpecific.Reusability.getTestData is PASSED

2018-06-11 16:06:31 - [TEST_STEP][PASSED] - Statement - users = CustomKeywords.projectSpecific.Reusability.getTestData("MultiLanguageEnglish", "Utilisateurs"): projectSpecific.Reusability.getTestData is PASSED

2018-06-11 16:06:31 - [MESSAGE][PASSED] - projectSpecific.Reusability.getTestData is PASSED

2018-06-11 16:06:31 - [TEST_STEP][PASSED] - Statement - myAccount = CustomKeywords.projectSpecific.Reusability.getTestData("MultiLanguageEnglish", "Moncompte"): projectSpecific.Reusability.getTestData is PASSED

2018-06-11 16:06:31 - [MESSAGE][PASSED] - projectSpecific.Reusability.getTestData is PASSED

2018-06-11 16:06:31 - [TEST_STEP][PASSED] - uiaction.CommonUIActions.verifyContentText: uiaction.CommonUIActions.verifyContentText is PASSED

2018-06-11 16:06:45 - [MESSAGE][PASSED] - uiaction.CommonUIActions.verifyContentText is PASSED

2018-06-11 16:06:45 - [TEST_STEP][PASSED] - Statement - actual = com.kms.katalon.core.webui.keyword.WebUiBuiltInKeywords.getText(com.kms.katalon.core.testobject.ObjectRepository.findTestObject(Language/L_HomePage/welcomelink)): Text of object 'Object Repository/Language/L_HomePage/welcomelink' is: 'WELCOME'

2018-06-11 16:06:45 - [MESSAGE][PASSED] - Text of object 'Object Repository/Language/L_HomePage/welcomelink' is: 'WELCOME'

2018-06-11 16:06:45 - [TEST_STEP][PASSED] - verifyMatch: Actual text 'WELCOME' and expected text 'WELCOME' are matched 

2018-06-11 16:06:45 - [MESSAGE][PASSED] - Actual text 'WELCOME' and expected text 'WELCOME' are matched 

2018-06-11 16:06:45 - [TEST_STEP][PASSED] - Statement - actual = com.kms.katalon.core.webui.keyword.WebUiBuiltInKeywords.getText(com.kms.katalon.core.testobject.ObjectRepository.findTestObject(Language/L_HomePage/store)): Text of object 'Object Repository/Language/L_HomePage/store' is: 'Stores'

2018-06-11 16:06:45 - [MESSAGE][PASSED] - Text of object 'Object Repository/Language/L_HomePage/store' is: 'Stores'

2018-06-11 16:06:45 - [TEST_STEP][PASSED] - verifyMatch: Actual text 'Stores' and expected text 'Stores' are matched 

2018-06-11 16:06:45 - [MESSAGE][PASSED] - Actual text 'Stores' and expected text 'Stores' are matched 

2018-06-11 16:06:45 - [TEST_STEP][PASSED] - Statement - actual = com.kms.katalon.core.webui.keyword.WebUiBuiltInKeywords.getText(com.kms.katalon.core.testobject.ObjectRepository.findTestObject(Language/L_HomePage/users)): Text of object 'Object Repository/Language/L_HomePage/users' is: 'Users'

2018-06-11 16:06:45 - [MESSAGE][PASSED] - Text of object 'Object Repository/Language/L_HomePage/users' is: 'Users'

2018-06-11 16:06:45 - [TEST_STEP][PASSED] - verifyMatch: Actual text 'Users' and expected text 'Users' are matched 

2018-06-11 16:06:45 - [MESSAGE][PASSED] - Actual text 'Users' and expected text 'Users' are matched 

2018-06-11 16:06:45 - [TEST_STEP][PASSED] - Statement - actual = com.kms.katalon.core.webui.keyword.WebUiBuiltInKeywords.getText(com.kms.katalon.core.testobject.ObjectRepository.findTestObject(Language/L_HomePage/myAccount)): Text of object 'Object Repository/Language/L_HomePage/myAccount' is: 'My account'

2018-06-11 16:06:45 - [MESSAGE][PASSED] - Text of object 'Object Repository/Language/L_HomePage/myAccount' is: 'My account'

2018-06-11 16:06:45 - [TEST_STEP][PASSED] - verifyMatch: Actual text 'My account' and expected text 'My account' are matched 

2018-06-11 16:06:45 - [MESSAGE][PASSED] - Actual text 'My account' and expected text 'My account' are matched 

2018-06-11 16:06:45 - [TEST_STEP][PASSED] - uiaction.CommonUIActions.click: uiaction.CommonUIActions.click is PASSED

2018-06-11 16:06:57 - [MESSAGE][PASSED] - uiaction.CommonUIActions.click is PASSED

2018-06-11 16:06:57 - [TEST_STEP][PASSED] - Statement - actual = com.kms.katalon.core.webui.keyword.WebUiBuiltInKeywords.getText(com.kms.katalon.core.testobject.ObjectRepository.findTestObject(Language/L_StoresPage/manageLeaderboardGroups)): Text of object 'Object Repository/Language/L_StoresPage/manageLeaderboardGroups' is: 'Manage Leaderboard Groups'

2018-06-11 16:06:57 - [MESSAGE][PASSED] - Text of object 'Object Repository/Language/L_StoresPage/manageLeaderboardGroups' is: 'Manage Leaderboard Groups'

2018-06-11 16:06:57 - [TEST_STEP][PASSED] - verifyMatch: Actual text 'Manage Leaderboard Groups' and expected text 'Manage Leaderboard Groups' are matched 

2018-06-11 16:06:57 - [MESSAGE][PASSED] - projectSpecific.Reusability.getTestData is PASSED

2018-06-11 16:06:57 - [MESSAGE][PASSED] - Actual text 'Manage Leaderboard Groups' and expected text 'Manage Leaderboard Groups' are matched 

2018-06-11 16:06:57 - [TEST_STEP][PASSED] - Statement - actual = com.kms.katalon.core.webui.keyword.WebUiBuiltInKeywords.getText(com.kms.katalon.core.testobject.ObjectRepository.findTestObject(Language/L_StoresPage/manageReportGroups)): Text of object 'Object Repository/Language/L_StoresPage/manageReportGroups' is: 'Manage Report Groups'

2018-06-11 16:06:57 - [MESSAGE][PASSED] - Text of object 'Object Repository/Language/L_StoresPage/manageReportGroups' is: 'Manage Report Groups'

2018-06-11 16:06:57 - [TEST_STEP][PASSED] - verifyMatch: Actual text 'Manage Report Groups' and expected text 'Manage Report Groups' are matched 

2018-06-11 16:06:57 - [MESSAGE][PASSED] - projectSpecific.Reusability.getTestData is PASSED

2018-06-11 16:06:57 - [MESSAGE][PASSED] - Actual text 'Manage Report Groups' and expected text 'Manage Report Groups' are matched 

2018-06-11 16:06:57 - [TEST_STEP][PASSED] - uiaction.CommonUIActions.click: uiaction.CommonUIActions.click is PASSED

2018-06-11 16:06:59 - [MESSAGE][PASSED] - uiaction.CommonUIActions.click is PASSED

2018-06-11 16:06:59 - [TEST_STEP][PASSED] - delay: Delayed 10 second(s)

2018-06-11 16:07:09 - [MESSAGE][PASSED] - Delayed 10 second(s)

2018-06-11 16:07:09 - [TEST_STEP][PASSED] - uiaction.CommonUIActions.click: uiaction.CommonUIActions.click is PASSED

2018-06-11 16:07:11 - [MESSAGE][PASSED] - uiaction.CommonUIActions.click is PASSED

2018-06-11 16:07:11 - [TEST_STEP][PASSED] - Statement - actual = com.kms.katalon.core.webui.keyword.WebUiBuiltInKeywords.getText(com.kms.katalon.core.testobject.ObjectRepository.findTestObject(Language/L_UserPage/addUser)): Text of object 'Object Repository/Language/L_UserPage/addUser' is: 'Add a User'

2018-06-11 16:07:11 - [MESSAGE][PASSED] - Text of object 'Object Repository/Language/L_UserPage/addUser' is: 'Add a User'

2018-06-11 16:07:11 - [TEST_STEP][PASSED] - verifyMatch: Actual text 'Add a User' and expected text 'Add a User' are matched 

2018-06-11 16:07:11 - [MESSAGE][PASSED] - projectSpecific.Reusability.getTestData is PASSED

2018-06-11 16:07:11 - [MESSAGE][PASSED] - Actual text 'Add a User' and expected text 'Add a User' are matched 

2018-06-11 16:07:11 - [TEST_STEP][PASSED] - Statement - Try: uiaction.CommonUIActions.click is PASSED

2018-06-11 16:07:11 - [TEST_STEP][PASSED] - uiaction.CommonUIActions.click: uiaction.CommonUIActions.click is PASSED

2018-06-11 16:07:12 - [MESSAGE][PASSED] - uiaction.CommonUIActions.click is PASSED

2018-06-11 16:07:12 - [TEST_STEP][PASSED] - delay: Delayed 10 second(s)

2018-06-11 16:07:22 - [MESSAGE][PASSED] - Delayed 10 second(s)

2018-06-11 16:07:22 - [TEST_STEP][PASSED] - uiaction.CommonUIActions.click: uiaction.CommonUIActions.click is PASSED

2018-06-11 16:07:24 - [MESSAGE][PASSED] - uiaction.CommonUIActions.click is PASSED

2018-06-11 16:07:24 - [TEST_STEP][PASSED] - Statement - actual = com.kms.katalon.core.webui.keyword.WebUiBuiltInKeywords.getText(com.kms.katalon.core.testobject.ObjectRepository.findTestObject(Language/L_AccountPage/userInformation)): Text of object 'Object Repository/Language/L_AccountPage/userInformation' is: 'User Information'

2018-06-11 16:07:24 - [MESSAGE][PASSED] - Text of object 'Object Repository/Language/L_AccountPage/userInformation' is: 'User Information'

2018-06-11 16:07:24 - [TEST_STEP][PASSED] - verifyMatch: Actual text 'User Information' and expected text 'User Information' are matched 

2018-06-11 16:07:24 - [MESSAGE][PASSED] - projectSpecific.Reusability.getTestData is PASSED

2018-06-11 16:07:24 - [MESSAGE][PASSED] - Actual text 'User Information' and expected text 'User Information' are matched 

2018-06-11 16:07:24 - [TEST_STEP][PASSED] - Statement - Try: uiaction.CommonUIActions.click is PASSED

2018-06-11 16:07:24 - [TEST_STEP][PASSED] - uiaction.CommonUIActions.click: uiaction.CommonUIActions.click is PASSED

2018-06-11 16:07:26 - [MESSAGE][PASSED] - uiaction.CommonUIActions.click is PASSED

2018-06-11 16:07:26 - [TEST_STEP][PASSED] - delay: Delayed 10 second(s)

2018-06-11 16:07:36 - [MESSAGE][PASSED] - Delayed 10 second(s)

2018-06-11 16:07:36 - [TEST_STEP][PASSED] - uiaction.CommonUIActions.click: uiaction.CommonUIActions.click is PASSED

2018-06-11 16:07:47 - [MESSAGE][PASSED] - uiaction.CommonUIActions.click is PASSED

2018-06-11 16:07:47 - [TEST_STEP][PASSED] - uiaction.CommonUIActions.click: uiaction.CommonUIActions.click is PASSED

2018-06-11 16:07:49 - [MESSAGE][PASSED] - uiaction.CommonUIActions.click is PASSED

2018-06-11 16:07:49 - [TEST_STEP][PASSED] - Statement - actual = com.kms.katalon.core.webui.keyword.WebUiBuiltInKeywords.getText(com.kms.katalon.core.testobject.ObjectRepository.findTestObject(Language/L_StoresPage/reportingGroupmanagement)): Text of object 'Object Repository/Language/L_StoresPage/reportingGroupmanagement' is: 'Reporting Group Management'

2018-06-11 16:07:49 - [MESSAGE][PASSED] - Text of object 'Object Repository/Language/L_StoresPage/reportingGroupmanagement' is: 'Reporting Group Management'

2018-06-11 16:07:49 - [TEST_STEP][PASSED] - verifyMatch: Actual text 'Reporting Group Management' and expected text 'Reporting Group Management' are matched 

2018-06-11 16:07:49 - [MESSAGE][PASSED] - projectSpecific.Reusability.getTestData is PASSED

2018-06-11 16:07:49 - [MESSAGE][PASSED] - Actual text 'Reporting Group Management' and expected text 'Reporting Group Management' are matched 

2018-06-11 16:07:49 - [TEST_STEP][PASSED] - uiaction.CommonUIActions.click: uiaction.CommonUIActions.click is PASSED

2018-06-11 16:07:49 - [MESSAGE][PASSED] - uiaction.CommonUIActions.click is PASSED

2018-06-11 16:07:49 - [TEST_STEP][PASSED] - Statement - actual = com.kms.katalon.core.webui.keyword.WebUiBuiltInKeywords.getText(com.kms.katalon.core.testobject.ObjectRepository.findTestObject(Language/L_ReportingGroupDetailsPage/reportingGroupDetails_Header)): Text of object 'Object Repository/Language/L_ReportingGroupDetailsPage/reportingGroupDetails_Header' is: 'Reporting Group Details'

2018-06-11 16:07:49 - [MESSAGE][PASSED] - Text of object 'Object Repository/Language/L_ReportingGroupDetailsPage/reportingGroupDetails_Header' is: 'Reporting Group Details'

2018-06-11 16:07:49 - [TEST_STEP][PASSED] - verifyMatch: Actual text 'Reporting Group Details' and expected text 'Reporting Group Details' are matched 

2018-06-11 16:07:49 - [MESSAGE][PASSED] - projectSpecific.Reusability.getTestData is PASSED

2018-06-11 16:07:49 - [MESSAGE][PASSED] - Actual text 'Reporting Group Details' and expected text 'Reporting Group Details' are matched 

2018-06-11 16:07:49 - [TEST_STEP][PASSED] - uiaction.CommonUIActions.click: uiaction.CommonUIActions.click is PASSED

2018-06-11 16:07:52 - [MESSAGE][PASSED] - uiaction.CommonUIActions.click is PASSED

2018-06-11 16:07:52 - [TEST_STEP][PASSED] - uiaction.CommonUIActions.click: uiaction.CommonUIActions.click is PASSED

2018-06-11 16:07:53 - [MESSAGE][PASSED] - uiaction.CommonUIActions.click is PASSED

2018-06-11 16:07:53 - [TEST_STEP][PASSED] - delay: Delayed 10 second(s)

2018-06-11 16:08:03 - [MESSAGE][PASSED] - Delayed 10 second(s)

2018-06-11 16:08:03 - [TEST_STEP][PASSED] - Statement - actual = com.kms.katalon.core.webui.keyword.WebUiBuiltInKeywords.getText(com.kms.katalon.core.testobject.ObjectRepository.findTestObject(Language/L_ReportsPage/summaryReport)): Text of object 'Object Repository/Language/L_ReportsPage/summaryReport' is: 'Summary Reports'

2018-06-11 16:08:03 - [MESSAGE][PASSED] - Text of object 'Object Repository/Language/L_ReportsPage/summaryReport' is: 'Summary Reports'

2018-06-11 16:08:03 - [TEST_STEP][PASSED] - verifyMatch: Actual text 'Summary Reports' and expected text 'Summary Reports' are matched 

2018-06-11 16:08:03 - [MESSAGE][PASSED] - projectSpecific.Reusability.getTestData is PASSED

2018-06-11 16:08:03 - [MESSAGE][PASSED] - Actual text 'Summary Reports' and expected text 'Summary Reports' are matched 

2018-06-11 16:08:03 - [TEST_STEP][PASSED] - uiaction.CommonUIActions.click: uiaction.CommonUIActions.click is PASSED

2018-06-11 16:08:06 - [MESSAGE][PASSED] - uiaction.CommonUIActions.click is PASSED

2018-06-11 16:08:06 - [TEST_STEP][PASSED] - uiaction.CommonUIActions.click: uiaction.CommonUIActions.click is PASSED

2018-06-11 16:08:18 - [MESSAGE][PASSED] - uiaction.CommonUIActions.click is PASSED

2018-06-11 16:08:18 - [TEST_STEP][PASSED] - Statement - actual = com.kms.katalon.core.webui.keyword.WebUiBuiltInKeywords.getText(com.kms.katalon.core.testobject.ObjectRepository.findTestObject(Language/L_StoresPage/manageLeaderboardGroups)): Text of object 'Object Repository/Language/L_StoresPage/manageLeaderboardGroups' is: 'Manage Leaderboard Groups'

2018-06-11 16:08:18 - [MESSAGE][PASSED] - Text of object 'Object Repository/Language/L_StoresPage/manageLeaderboardGroups' is: 'Manage Leaderboard Groups'

2018-06-11 16:08:18 - [TEST_STEP][PASSED] - verifyMatch: Actual text 'Manage Leaderboard Groups' and expected text 'Manage Leaderboard Groups' are matched 

2018-06-11 16:08:18 - [MESSAGE][PASSED] - projectSpecific.Reusability.getTestData is PASSED

2018-06-11 16:08:18 - [MESSAGE][PASSED] - Actual text 'Manage Leaderboard Groups' and expected text 'Manage Leaderboard Groups' are matched 

2018-06-11 16:08:18 - [TEST_STEP][PASSED] - Statement - actual = com.kms.katalon.core.webui.keyword.WebUiBuiltInKeywords.getText(com.kms.katalon.core.testobject.ObjectRepository.findTestObject(Language/L_StoresPage/manageReportGroups)): Text of object 'Object Repository/Language/L_StoresPage/manageReportGroups' is: 'Manage Report Groups'

2018-06-11 16:08:18 - [MESSAGE][PASSED] - Text of object 'Object Repository/Language/L_StoresPage/manageReportGroups' is: 'Manage Report Groups'

2018-06-11 16:08:18 - [TEST_STEP][PASSED] - verifyMatch: Actual text 'Manage Report Groups' and expected text 'Manage Report Groups' are matched 

2018-06-11 16:08:18 - [MESSAGE][PASSED] - projectSpecific.Reusability.getTestData is PASSED

2018-06-11 16:08:18 - [MESSAGE][PASSED] - Actual text 'Manage Report Groups' and expected text 'Manage Report Groups' are matched 

2018-06-11 16:08:18 - [TEST_STEP][PASSED] - uiaction.CommonUIActions.click: uiaction.CommonUIActions.click is PASSED

2018-06-11 16:08:20 - [MESSAGE][PASSED] - uiaction.CommonUIActions.click is PASSED

2018-06-11 16:08:20 - [TEST_STEP][PASSED] - delay: Delayed 10 second(s)

2018-06-11 16:08:30 - [MESSAGE][PASSED] - Delayed 10 second(s)

2018-06-11 16:08:30 - [TEST_STEP][PASSED] - uiaction.CommonUIActions.click: uiaction.CommonUIActions.click is PASSED

2018-06-11 16:08:32 - [MESSAGE][PASSED] - uiaction.CommonUIActions.click is PASSED

2018-06-11 16:08:32 - [TEST_STEP][PASSED] - Statement - actual = com.kms.katalon.core.webui.keyword.WebUiBuiltInKeywords.getText(com.kms.katalon.core.testobject.ObjectRepository.findTestObject(Language/L_UserPage/addUser)): Text of object 'Object Repository/Language/L_UserPage/addUser' is: 'Add a User'

2018-06-11 16:08:32 - [MESSAGE][PASSED] - Text of object 'Object Repository/Language/L_UserPage/addUser' is: 'Add a User'

2018-06-11 16:08:32 - [TEST_STEP][PASSED] - verifyMatch: Actual text 'Add a User' and expected text 'Add a User' are matched 

2018-06-11 16:08:32 - [MESSAGE][PASSED] - projectSpecific.Reusability.getTestData is PASSED

2018-06-11 16:08:32 - [MESSAGE][PASSED] - Actual text 'Add a User' and expected text 'Add a User' are matched 

2018-06-11 16:08:32 - [TEST_STEP][PASSED] - uiaction.CommonUIActions.click: uiaction.CommonUIActions.click is PASSED

2018-06-11 16:08:35 - [MESSAGE][PASSED] - uiaction.CommonUIActions.click is PASSED

2018-06-11 16:08:35 - [TEST_STEP][PASSED] - Statement - actual = com.kms.katalon.core.webui.keyword.WebUiBuiltInKeywords.getText(com.kms.katalon.core.testobject.ObjectRepository.findTestObject(Language/L_RolesPage/addaRole)): Text of object 'Object Repository/Language/L_RolesPage/addaRole' is: 'Add a Role'

2018-06-11 16:08:35 - [MESSAGE][PASSED] - Text of object 'Object Repository/Language/L_RolesPage/addaRole' is: 'Add a Role'

2018-06-11 16:08:35 - [TEST_STEP][PASSED] - verifyMatch: Actual text 'Add a Role' and expected text 'Add a Role' are matched 

2018-06-11 16:08:35 - [MESSAGE][PASSED] - projectSpecific.Reusability.getTestData is PASSED

2018-06-11 16:08:35 - [MESSAGE][PASSED] - Actual text 'Add a Role' and expected text 'Add a Role' are matched 

2018-06-11 16:08:35 - [TEST_STEP][PASSED] - uiaction.CommonUIActions.click: uiaction.CommonUIActions.click is PASSED

2018-06-11 16:08:41 - [MESSAGE][PASSED] - uiaction.CommonUIActions.click is PASSED

2018-06-11 16:08:41 - [TEST_STEP][PASSED] - Statement - actual = com.kms.katalon.core.webui.keyword.WebUiBuiltInKeywords.getText(com.kms.katalon.core.testobject.ObjectRepository.findTestObject(Language/L_DashboardPage/dashboardHeaderMessage)): Text of object 'Object Repository/Language/L_DashboardPage/dashboardHeaderMessage' is: 'HME CLOUD DASHBOARD'

2018-06-11 16:08:41 - [MESSAGE][PASSED] - Text of object 'Object Repository/Language/L_DashboardPage/dashboardHeaderMessage' is: 'HME CLOUD DASHBOARD'

2018-06-11 16:08:41 - [TEST_STEP][PASSED] - verifyMatch: Actual text 'HME CLOUD DASHBOARD' and expected text 'HME CLOUD DASHBOARD' are matched 

2018-06-11 16:08:41 - [MESSAGE][PASSED] - projectSpecific.Reusability.getTestData is PASSED

2018-06-11 16:08:41 - [MESSAGE][PASSED] - Actual text 'HME CLOUD DASHBOARD' and expected text 'HME CLOUD DASHBOARD' are matched 

2018-06-11 16:08:41 - [TEST_STEP][PASSED] - uiaction.CommonUIActions.click: uiaction.CommonUIActions.click is PASSED

2018-06-11 16:08:43 - [MESSAGE][PASSED] - uiaction.CommonUIActions.click is PASSED

2018-06-11 16:08:43 - [TEST_STEP][PASSED] - uiaction.CommonUIActions.click: uiaction.CommonUIActions.click is PASSED

2018-06-11 16:08:45 - [MESSAGE][PASSED] - uiaction.CommonUIActions.click is PASSED

2018-06-11 16:08:45 - [TEST_STEP][PASSED] - delay: Delayed 10 second(s)

2018-06-11 16:08:55 - [MESSAGE][PASSED] - Delayed 10 second(s)

2018-06-11 16:08:55 - [TEST_STEP][PASSED] - uiaction.CommonUIActions.click: uiaction.CommonUIActions.click is PASSED

2018-06-11 16:08:57 - [MESSAGE][PASSED] - uiaction.CommonUIActions.click is PASSED

2018-06-11 16:08:57 - [TEST_STEP][PASSED] - uiaction.CommonUIActions.click: uiaction.CommonUIActions.click is PASSED

2018-06-11 16:08:59 - [MESSAGE][PASSED] - uiaction.CommonUIActions.click is PASSED

2018-06-11 16:08:59 - [TEST_STEP][PASSED] - uiaction.CommonUIActions.click: uiaction.CommonUIActions.click is PASSED

2018-06-11 16:09:01 - [MESSAGE][PASSED] - uiaction.CommonUIActions.click is PASSED

2018-06-11 16:09:01 - [TEST_STEP][PASSED] - Statement - errormessage = com.kms.katalon.core.webui.keyword.WebUiBuiltInKeywords.getText(com.kms.katalon.core.testobject.ObjectRepository.findTestObject(Language/L_RolesPage/roleName_ErrorMsg)): Text of object 'Object Repository/Language/L_RolesPage/roleName_ErrorMsg' is: 'Role name may not be blank.'

2018-06-11 16:09:01 - [MESSAGE][PASSED] - Text of object 'Object Repository/Language/L_RolesPage/roleName_ErrorMsg' is: 'Role name may not be blank.'

2018-06-11 16:09:01 - [TEST_STEP][PASSED] - Statement - actual = com.kms.katalon.core.webui.keyword.WebUiBuiltInKeywords.getText(com.kms.katalon.core.testobject.ObjectRepository.findTestObject(Language/L_RolesPage/roleName_ErrorMsg)): Text of object 'Object Repository/Language/L_RolesPage/roleName_ErrorMsg' is: 'Role name may not be blank.'

2018-06-11 16:09:01 - [MESSAGE][PASSED] - Text of object 'Object Repository/Language/L_RolesPage/roleName_ErrorMsg' is: 'Role name may not be blank.'

2018-06-11 16:09:01 - [TEST_STEP][PASSED] - verifyMatch: Actual text 'Role name may not be blank.' and expected text 'Role name may not be blank.' are matched 

2018-06-11 16:09:01 - [MESSAGE][PASSED] - projectSpecific.Reusability.getTestData is PASSED

2018-06-11 16:09:01 - [MESSAGE][PASSED] - Actual text 'Role name may not be blank.' and expected text 'Role name may not be blank.' are matched 

2018-06-11 16:09:01 - [TEST_STEP][PASSED] - uiaction.CommonUIActions.click: uiaction.CommonUIActions.click is PASSED

2018-06-11 16:09:03 - [MESSAGE][PASSED] - uiaction.CommonUIActions.click is PASSED

2018-06-11 16:09:03 - [TEST_STEP][PASSED] - uiaction.CommonUIActions.click: uiaction.CommonUIActions.click is PASSED

2018-06-11 16:09:15 - [MESSAGE][PASSED] - uiaction.CommonUIActions.click is PASSED

2018-06-11 16:09:15 - [TEST_STEP][PASSED] - uiaction.CommonUIActions.click: uiaction.CommonUIActions.click is PASSED

2018-06-11 16:09:15 - [MESSAGE][PASSED] - uiaction.CommonUIActions.click is PASSED

2018-06-11 16:09:15 - [TEST_STEP][PASSED] - uiaction.CommonUIActions.click: uiaction.CommonUIActions.click is PASSED

2018-06-11 16:09:17 - [MESSAGE][PASSED] - uiaction.CommonUIActions.click is PASSED

2018-06-11 16:09:17 - [TEST_STEP][PASSED] - scrollToPosition: Browser is scrolled to position x = 100, y = 1000

2018-06-11 16:09:17 - [MESSAGE][PASSED] - Browser is scrolled to position x = 100, y = 1000

2018-06-11 16:09:17 - [TEST_STEP][PASSED] - uiaction.CommonUIActions.click: uiaction.CommonUIActions.click is PASSED

2018-06-11 16:09:17 - [MESSAGE][PASSED] - uiaction.CommonUIActions.click is PASSED

2018-06-11 16:09:17 - [TEST_STEP][PASSED] - delay: Delayed 10 second(s)

2018-06-11 16:09:27 - [MESSAGE][PASSED] - Delayed 10 second(s)

2018-06-11 16:09:27 - [TEST_STEP][PASSED] - Statement - actual = com.kms.katalon.core.webui.keyword.WebUiBuiltInKeywords.getText(com.kms.katalon.core.testobject.ObjectRepository.findTestObject(Language/L_ReportingGroupManagementPage/delete_PopupMessage)): Text of object 'Object Repository/Language/L_ReportingGroupManagementPage/delete_PopupMessage' is: 'Confirm to Delete'

2018-06-11 16:09:27 - [MESSAGE][PASSED] - Text of object 'Object Repository/Language/L_ReportingGroupManagementPage/delete_PopupMessage' is: 'Confirm to Delete'

2018-06-11 16:09:27 - [TEST_STEP][PASSED] - verifyMatch: Actual text 'Confirm to Delete' and expected text 'Confirm to Delete' are matched 

2018-06-11 16:09:27 - [MESSAGE][PASSED] - projectSpecific.Reusability.getTestData is PASSED

2018-06-11 16:09:27 - [MESSAGE][PASSED] - Actual text 'Confirm to Delete' and expected text 'Confirm to Delete' are matched 

2018-06-11 16:09:27 - [TEST_STEP][PASSED] - uiaction.CommonUIActions.click: uiaction.CommonUIActions.click is PASSED

2018-06-11 16:09:27 - [MESSAGE][PASSED] - uiaction.CommonUIActions.click is PASSED

2018-06-11 16:09:27 - [TEST_STEP][PASSED] - uiaction.CommonUIActions.click: uiaction.CommonUIActions.click is PASSED

2018-06-11 16:09:27 - [MESSAGE][PASSED] - uiaction.CommonUIActions.click is PASSED

2018-06-11 16:09:27 - [TEST_STEP][PASSED] - delay: Delayed 10 second(s)

2018-06-11 16:09:37 - [MESSAGE][PASSED] - Delayed 10 second(s)

2018-06-11 16:09:37 - [TEST_STEP][PASSED] - uiaction.CommonUIActions.click: uiaction.CommonUIActions.click is PASSED

2018-06-11 16:09:40 - [MESSAGE][PASSED] - uiaction.CommonUIActions.click is PASSED

2018-06-11 16:09:40 - [TEST_STEP][PASSED] - uiaction.CommonUIActions.click: uiaction.CommonUIActions.click is PASSED

2018-06-11 16:09:47 - [MESSAGE][PASSED] - uiaction.CommonUIActions.click is PASSED

2018-06-11 16:09:47 - [TEST_STEP][PASSED] - uiaction.CommonUIActions.click: uiaction.CommonUIActions.click is PASSED

2018-06-11 16:09:47 - [MESSAGE][PASSED] - uiaction.CommonUIActions.click is PASSED

2018-06-11 16:09:47 - [TEST_STEP][PASSED] - Statement - actual = com.kms.katalon.core.webui.keyword.WebUiBuiltInKeywords.getText(com.kms.katalon.core.testobject.ObjectRepository.findTestObject(Language/L_DashboardPage/laneTotal)): Text of object 'Object Repository/Language/L_DashboardPage/laneTotal' is: 'Lane Total'

2018-06-11 16:09:47 - [MESSAGE][PASSED] - Text of object 'Object Repository/Language/L_DashboardPage/laneTotal' is: 'Lane Total'

2018-06-11 16:09:47 - [TEST_STEP][PASSED] - verifyMatch: Actual text 'Lane Total' and expected text 'Lane Total' are matched 

2018-06-11 16:09:48 - [MESSAGE][PASSED] - projectSpecific.Reusability.getTestData is PASSED

2018-06-11 16:09:48 - [MESSAGE][PASSED] - Actual text 'Lane Total' and expected text 'Lane Total' are matched 

2018-06-11 16:09:48 - [TEST_STEP][PASSED] - Statement - actual = com.kms.katalon.core.webui.keyword.WebUiBuiltInKeywords.getText(com.kms.katalon.core.testobject.ObjectRepository.findTestObject(Language/L_DashboardPage/laneTotal2)): Text of object 'Object Repository/Language/L_DashboardPage/laneTotal2' is: 'Lane Total 2'

2018-06-11 16:09:48 - [MESSAGE][PASSED] - Text of object 'Object Repository/Language/L_DashboardPage/laneTotal2' is: 'Lane Total 2'

2018-06-11 16:09:48 - [TEST_STEP][PASSED] - verifyMatch: Actual text 'Lane Total 2' and expected text 'Lane Total 2' are matched 

2018-06-11 16:09:48 - [MESSAGE][PASSED] - projectSpecific.Reusability.getTestData is PASSED

2018-06-11 16:09:48 - [MESSAGE][PASSED] - Actual text 'Lane Total 2' and expected text 'Lane Total 2' are matched 

2018-06-11 16:09:48 - [TEST_STEP][PASSED] - Statement - Try: uiaction.CommonUIActions.click is PASSED

2018-06-11 16:09:48 - [TEST_STEP][PASSED] - uiaction.CommonUIActions.click: uiaction.CommonUIActions.click is PASSED

2018-06-11 16:09:49 - [MESSAGE][PASSED] - uiaction.CommonUIActions.click is PASSED

2018-06-11 16:09:49 - [TEST_STEP][PASSED] - Statement - actual = com.kms.katalon.core.webui.keyword.WebUiBuiltInKeywords.getText(com.kms.katalon.core.testobject.ObjectRepository.findTestObject(Language/L_HomePage/welcomelink)): Text of object 'Object Repository/Language/L_HomePage/welcomelink' is: 'WELCOME'

2018-06-11 16:09:49 - [MESSAGE][PASSED] - Text of object 'Object Repository/Language/L_HomePage/welcomelink' is: 'WELCOME'

2018-06-11 16:09:49 - [TEST_STEP][PASSED] - verifyMatch: Actual text 'WELCOME' and expected text 'WELCOME' are matched 

2018-06-11 16:09:49 - [MESSAGE][PASSED] - projectSpecific.Reusability.getTestData is PASSED

2018-06-11 16:09:49 - [MESSAGE][PASSED] - Actual text 'WELCOME' and expected text 'WELCOME' are matched 

2018-06-11 16:09:49 - [TEST_STEP][PASSED] - Statement - actual = com.kms.katalon.core.webui.keyword.WebUiBuiltInKeywords.getText(com.kms.katalon.core.testobject.ObjectRepository.findTestObject(Language/L_HomePage/dashboard)): Text of object 'Object Repository/Language/L_HomePage/dashboard' is: 'ZOOM DASHBOARD'

2018-06-11 16:09:49 - [MESSAGE][PASSED] - Text of object 'Object Repository/Language/L_HomePage/dashboard' is: 'ZOOM DASHBOARD'

2018-06-11 16:09:49 - [TEST_STEP][PASSED] - verifyMatch: Actual text 'ZOOM DASHBOARD' and expected text 'ZOOM DASHBOARD' are matched 

2018-06-11 16:09:49 - [MESSAGE][PASSED] - projectSpecific.Reusability.getTestData is PASSED

2018-06-11 16:09:49 - [MESSAGE][PASSED] - Actual text 'ZOOM DASHBOARD' and expected text 'ZOOM DASHBOARD' are matched 

2018-06-11 16:09:49 - [TEST_STEP][PASSED] - Statement - actual = com.kms.katalon.core.webui.keyword.WebUiBuiltInKeywords.getText(com.kms.katalon.core.testobject.ObjectRepository.findTestObject(Language/L_HomePage/reports_Header)): Text of object 'Object Repository/Language/L_HomePage/reports_Header' is: 'REPORTS'

2018-06-11 16:09:49 - [MESSAGE][PASSED] - Text of object 'Object Repository/Language/L_HomePage/reports_Header' is: 'REPORTS'

2018-06-11 16:09:49 - [TEST_STEP][PASSED] - verifyMatch: Actual text 'REPORTS' and expected text 'REPORTS' are matched 

2018-06-11 16:09:49 - [MESSAGE][PASSED] - projectSpecific.Reusability.getTestData is PASSED

2018-06-11 16:09:49 - [MESSAGE][PASSED] - Actual text 'REPORTS' and expected text 'REPORTS' are matched 

2018-06-11 16:09:49 - [TEST_STEP][PASSED] - uiaction.CommonUIActions.verifyContentText: uiaction.CommonUIActions.verifyContentText is PASSED

2018-06-11 16:09:49 - [MESSAGE][PASSED] - projectSpecific.Reusability.getTestData is PASSED

2018-06-11 16:09:49 - [MESSAGE][PASSED] - uiaction.CommonUIActions.verifyContentText is PASSED

2018-06-11 16:09:49 - [TEST_STEP][PASSED] - Statement - actual = com.kms.katalon.core.webui.keyword.WebUiBuiltInKeywords.getText(com.kms.katalon.core.testobject.ObjectRepository.findTestObject(Language/L_HomePage/settings_Header)): Text of object 'Object Repository/Language/L_HomePage/settings_Header' is: 'SETTINGS'

2018-06-11 16:09:49 - [MESSAGE][PASSED] - Text of object 'Object Repository/Language/L_HomePage/settings_Header' is: 'SETTINGS'

2018-06-11 16:09:49 - [TEST_STEP][PASSED] - verifyMatch: Actual text 'SETTINGS' and expected text 'SETTINGS' are matched 

2018-06-11 16:09:49 - [MESSAGE][PASSED] - projectSpecific.Reusability.getTestData is PASSED

2018-06-11 16:09:49 - [MESSAGE][PASSED] - Actual text 'SETTINGS' and expected text 'SETTINGS' are matched 

2018-06-11 16:09:49 - [TEST_STEP][PASSED] - scrollToPosition: Browser is scrolled to position x = 100, y = 1000

2018-06-11 16:09:49 - [MESSAGE][PASSED] - Browser is scrolled to position x = 100, y = 1000

2018-06-11 16:09:49 - [TEST_STEP][PASSED] - delay: Delayed 5 second(s)

2018-06-11 16:09:54 - [MESSAGE][PASSED] - Delayed 5 second(s)

2018-06-11 16:09:54 - [TEST_STEP][PASSED] - Statement - actual = com.kms.katalon.core.webui.keyword.WebUiBuiltInKeywords.getText(com.kms.katalon.core.testobject.ObjectRepository.findTestObject(Language/L_HomePage/privacyPolicy_Footer)): Text of object 'Object Repository/Language/L_HomePage/privacyPolicy_Footer' is: 'Privacy Policy'

2018-06-11 16:09:54 - [MESSAGE][PASSED] - Text of object 'Object Repository/Language/L_HomePage/privacyPolicy_Footer' is: 'Privacy Policy'

2018-06-11 16:09:54 - [TEST_STEP][PASSED] - verifyMatch: Actual text 'Privacy Policy' and expected text 'Privacy Policy' are matched 

2018-06-11 16:09:54 - [MESSAGE][PASSED] - projectSpecific.Reusability.getTestData is PASSED

2018-06-11 16:09:54 - [MESSAGE][PASSED] - Actual text 'Privacy Policy' and expected text 'Privacy Policy' are matched 

2018-06-11 16:09:54 - [TEST_STEP][PASSED] - uiaction.CommonUIActions.click: uiaction.CommonUIActions.click is PASSED

2018-06-11 16:09:55 - [MESSAGE][PASSED] - uiaction.CommonUIActions.click is PASSED

2018-06-11 16:09:55 - [TEST_STEP][PASSED] - uiaction.CommonUIActions.click: uiaction.CommonUIActions.click is PASSED

2018-06-11 16:09:58 - [MESSAGE][PASSED] - uiaction.CommonUIActions.click is PASSED

2018-06-11 16:09:58 - [TEST_STEP][PASSED] - Statement - actual = com.kms.katalon.core.webui.keyword.WebUiBuiltInKeywords.getText(com.kms.katalon.core.testobject.ObjectRepository.findTestObject(Language/L_HelpPage/frequentlyAskedQues)): Text of object 'Object Repository/Language/L_HelpPage/frequentlyAskedQues' is: 'Frequently Asked Questions'

2018-06-11 16:09:58 - [MESSAGE][PASSED] - Text of object 'Object Repository/Language/L_HelpPage/frequentlyAskedQues' is: 'Frequently Asked Questions'

2018-06-11 16:09:58 - [TEST_STEP][PASSED] - verifyMatch: Actual text 'Frequently Asked Questions' and expected text 'Frequently Asked Questions' are matched 

2018-06-11 16:09:58 - [MESSAGE][PASSED] - projectSpecific.Reusability.getTestData is PASSED

2018-06-11 16:09:58 - [MESSAGE][PASSED] - Actual text 'Frequently Asked Questions' and expected text 'Frequently Asked Questions' are matched 

2018-06-11 16:09:58 - [TEST_STEP][PASSED] - Statement - assert TCflag == true: null

2018-06-11 16:09:58 - [TEST_STEP][PASSED] - Start listener action : sampleAfterTestCase: Browser is closed

2018-06-11 16:09:58 - [TEST_STEP][PASSED] - Statement - println(testCaseContext.getTestCaseId()): null

2018-06-11 16:09:58 - [TEST_STEP][PASSED] - Statement - println(testCaseContext.getTestCaseStatus()): null

2018-06-11 16:09:58 - [TEST_STEP][PASSED] - closeBrowser: Browser is closed

2018-06-11 16:09:59 - [MESSAGE][PASSED] - Browser is closed]]></system-out>
         <system-err><![CDATA[]]></system-err>
      </testcase>
      <testcase name="Test Cases/MultilingualTC/HME-Multilingual-01" classname="Test Cases/MultilingualTC/HME-Multilingual-01" status="FAILED">
         <failure type="FAILED" message="Unable to verify match between actual text 'WELCOME' and expected text 'BIENVENUE' (Root cause: Actual text 'WELCOME' and expected text 'BIENVENUE' are not matched)"/>
         <system-out><![CDATA[2018-06-11 16:09:59 - [TEST_CASE][FAILED] - Test Cases/MultilingualTC/HME-Multilingual-01: Test Cases/MultilingualTC/HME-Multilingual-01 FAILED because (of) Unable to verify match between actual text 'WELCOME' and expected text 'BIENVENUE' (Root cause: Actual text 'WELCOME' and expected text 'BIENVENUE' are not matched)

2018-06-11 16:09:59 - [TEST_STEP][PASSED] - Start listener action : sampleBeforeTestCase: uiaction.CommonUIActions.deleteAllCookies is PASSED

2018-06-11 16:09:59 - [TEST_STEP][PASSED] - openBrowser: Browser is opened with url: ''

2018-06-11 16:10:01 - [MESSAGE][PASSED] - Browser is opened with url: ''

2018-06-11 16:10:01 - [TEST_STEP][PASSED] - maximizeWindow: Current window maximized

2018-06-11 16:10:02 - [MESSAGE][PASSED] - Current window maximized

2018-06-11 16:10:02 - [TEST_STEP][PASSED] - uiaction.CommonUIActions.deleteAllCookies: uiaction.CommonUIActions.deleteAllCookies is PASSED

2018-06-11 16:10:02 - [MESSAGE][PASSED] - Delete all cookies successfully

2018-06-11 16:10:02 - [MESSAGE][PASSED] - uiaction.CommonUIActions.deleteAllCookies is PASSED

2018-06-11 16:10:03 - [TEST_STEP][PASSED] - Statement - TCflag = true: null

2018-06-11 16:10:03 - [TEST_STEP][PASSED] - Statement - actual = null: null

2018-06-11 16:10:03 - [TEST_STEP][PASSED] - Statement - expected = null: null

2018-06-11 16:10:03 - [TEST_STEP][FAILED] - Statement - Try: Unable to verify match between actual text 'Frequently Asked Questions' and expected text 'Questions fréquemment posées' (Root cause: Actual text 'Frequently Asked Questions' and expected text 'Questions fréquemment posées' are not matched)

2018-06-11 16:10:03 - [TEST_STEP][PASSED] - Statement - jsCapabilities = org.openqa.selenium.remote.DesiredCapabilities.chrome(): null

2018-06-11 16:10:03 - [TEST_STEP][PASSED] - Statement - options = new org.openqa.selenium.chrome.ChromeOptions(): null

2018-06-11 16:10:03 - [TEST_STEP][PASSED] - Statement - prefs = new java.util.HashMap(): null

2018-06-11 16:10:03 - [TEST_STEP][PASSED] - Statement - prefs.put("intl.accept_languages", "fr"): null

2018-06-11 16:10:03 - [TEST_STEP][PASSED] - Statement - options.setExperimentalOption("prefs", prefs): null

2018-06-11 16:10:03 - [TEST_STEP][PASSED] - Statement - jsCapabilities.setCapability(CAPABILITY, options): null

2018-06-11 16:10:03 - [TEST_STEP][PASSED] - Statement - chromedriverPath = com.kms.katalon.core.configuration.RunConfiguration.getProjectDir() + "/chromedriver.exe": null

2018-06-11 16:10:03 - [TEST_STEP][PASSED] - Statement - java.lang.System.setProperty("webdriver.chrome.driver", chromedriverPath): null

2018-06-11 16:10:03 - [TEST_STEP][PASSED] - Statement - driver = new org.openqa.selenium.chrome.ChromeDriver(options): null

2018-06-11 16:10:05 - [TEST_STEP][PASSED] - Statement - com.kms.katalon.core.webui.driver.DriverFactory.changeWebDriver(driver): null

2018-06-11 16:10:05 - [TEST_STEP][PASSED] - delay: Delayed 10 second(s)

2018-06-11 16:10:15 - [MESSAGE][PASSED] - Delayed 10 second(s)

2018-06-11 16:10:15 - [TEST_STEP][PASSED] - Statement - driver.get("https://hme-dev-public-cloud-app.azurewebsites.net/"): null

2018-06-11 16:10:18 - [TEST_STEP][PASSED] - maximizeWindow: Current window maximized

2018-06-11 16:10:19 - [MESSAGE][PASSED] - Current window maximized

2018-06-11 16:10:19 - [TEST_STEP][PASSED] - delay: Delayed 10 second(s)

2018-06-11 16:10:29 - [MESSAGE][PASSED] - Delayed 10 second(s)

2018-06-11 16:10:29 - [TEST_STEP][PASSED] - projectSpecific.Reusability.login: projectSpecific.Reusability.login is PASSED

2018-06-11 16:10:29 - [MESSAGE][PASSED] - projectSpecific.Reusability.getTestData is PASSED

2018-06-11 16:10:29 - [MESSAGE][PASSED] - projectSpecific.Reusability.getTestData is PASSED

2018-06-11 16:10:29 - [MESSAGE][PASSED] - Text 'selvendrank@nousinfo.com' is set on object 'Object Repository/LoginPage/Username'

2018-06-11 16:10:29 - [MESSAGE][PASSED] - Text 'nous;123' is set on object 'Object Repository/LoginPage/Password'

2018-06-11 16:10:29 - [MESSAGE][PASSED] - Object: 'Object Repository/LoginPage/Login' is clicked on

2018-06-11 16:10:29 - [MESSAGE][PASSED] - projectSpecific.Reusability.login is PASSED

2018-06-11 16:10:29 - [TEST_STEP][PASSED] - delay: Delayed 15 second(s)

2018-06-11 16:10:44 - [MESSAGE][PASSED] - Delayed 15 second(s)

2018-06-11 16:10:44 - [TEST_STEP][PASSED] - uiaction.CommonUIActions.click: uiaction.CommonUIActions.click is PASSED

2018-06-11 16:10:51 - [MESSAGE][PASSED] - uiaction.CommonUIActions.click is PASSED

2018-06-11 16:10:51 - [TEST_STEP][PASSED] - delay: Delayed 10 second(s)

2018-06-11 16:11:01 - [MESSAGE][PASSED] - Delayed 10 second(s)

2018-06-11 16:11:01 - [TEST_STEP][PASSED] - uiaction.CommonUIActions.click: uiaction.CommonUIActions.click is PASSED

2018-06-11 16:11:01 - [MESSAGE][PASSED] - uiaction.CommonUIActions.click is PASSED

2018-06-11 16:11:01 - [TEST_STEP][PASSED] - click: Object: 'Object Repository/Language/L_ReportsPage/fromDateSelector' is clicked on

2018-06-11 16:11:01 - [MESSAGE][PASSED] - Object: 'Object Repository/Language/L_ReportsPage/fromDateSelector' is clicked on

2018-06-11 16:11:01 - [TEST_STEP][PASSED] - delay: Delayed 5 second(s)

2018-06-11 16:11:06 - [MESSAGE][PASSED] - Delayed 5 second(s)

2018-06-11 16:11:06 - [TEST_STEP][PASSED] - Statement - monthText = com.kms.katalon.core.webui.keyword.WebUiBuiltInKeywords.getText(com.kms.katalon.core.testobject.ObjectRepository.findTestObject(Language/L_ReportsPage/monthText)): Text of object 'Object Repository/Language/L_ReportsPage/monthText' is: 'June 2018'

2018-06-11 16:11:06 - [MESSAGE][PASSED] - Text of object 'Object Repository/Language/L_ReportsPage/monthText' is: 'June 2018'

2018-06-11 16:11:06 - [TEST_STEP][PASSED] - Statement - monthTextArray = monthText.split(" "): null

2018-06-11 16:11:06 - [TEST_STEP][PASSED] - Statement - month = monthTextArray[0]: null

2018-06-11 16:11:06 - [TEST_STEP][PASSED] - Statement - monthTextValue = "March": null

2018-06-11 16:11:06 - [TEST_STEP][PASSED] - Statement - If (!(monthTextValue.equals(month))): null

2018-06-11 16:11:06 - [TEST_STEP][PASSED] - Statement - While (!(monthTextValue.equals(month))): null

2018-06-11 16:11:06 - [TEST_STEP][PASSED] - click: Object: 'Object Repository/Language/L_ReportsPage/previousDateSelector' is clicked on

2018-06-11 16:11:06 - [MESSAGE][PASSED] - Object: 'Object Repository/Language/L_ReportsPage/previousDateSelector' is clicked on

2018-06-11 16:11:06 - [TEST_STEP][PASSED] - Statement - monthText = com.kms.katalon.core.webui.keyword.WebUiBuiltInKeywords.getText(com.kms.katalon.core.testobject.ObjectRepository.findTestObject(Language/L_ReportsPage/monthText)): Text of object 'Object Repository/Language/L_ReportsPage/monthText' is: 'May 2018'

2018-06-11 16:11:06 - [MESSAGE][PASSED] - Text of object 'Object Repository/Language/L_ReportsPage/monthText' is: 'May 2018'

2018-06-11 16:11:06 - [TEST_STEP][PASSED] - Statement - monthTextArray = monthText.split(" "): null

2018-06-11 16:11:06 - [TEST_STEP][PASSED] - Statement - month = monthTextArray[0]: null

2018-06-11 16:11:06 - [TEST_STEP][PASSED] - click: Object: 'Object Repository/Language/L_ReportsPage/previousDateSelector' is clicked on

2018-06-11 16:11:06 - [MESSAGE][PASSED] - Object: 'Object Repository/Language/L_ReportsPage/previousDateSelector' is clicked on

2018-06-11 16:11:06 - [TEST_STEP][PASSED] - Statement - monthText = com.kms.katalon.core.webui.keyword.WebUiBuiltInKeywords.getText(com.kms.katalon.core.testobject.ObjectRepository.findTestObject(Language/L_ReportsPage/monthText)): Text of object 'Object Repository/Language/L_ReportsPage/monthText' is: 'April 2018'

2018-06-11 16:11:06 - [MESSAGE][PASSED] - Text of object 'Object Repository/Language/L_ReportsPage/monthText' is: 'April 2018'

2018-06-11 16:11:06 - [TEST_STEP][PASSED] - Statement - monthTextArray = monthText.split(" "): null

2018-06-11 16:11:06 - [TEST_STEP][PASSED] - Statement - month = monthTextArray[0]: null

2018-06-11 16:11:06 - [TEST_STEP][PASSED] - click: Object: 'Object Repository/Language/L_ReportsPage/previousDateSelector' is clicked on

2018-06-11 16:11:06 - [MESSAGE][PASSED] - Object: 'Object Repository/Language/L_ReportsPage/previousDateSelector' is clicked on

2018-06-11 16:11:06 - [TEST_STEP][PASSED] - Statement - monthText = com.kms.katalon.core.webui.keyword.WebUiBuiltInKeywords.getText(com.kms.katalon.core.testobject.ObjectRepository.findTestObject(Language/L_ReportsPage/monthText)): Text of object 'Object Repository/Language/L_ReportsPage/monthText' is: 'March 2018'

2018-06-11 16:11:06 - [MESSAGE][PASSED] - Text of object 'Object Repository/Language/L_ReportsPage/monthText' is: 'March 2018'

2018-06-11 16:11:06 - [TEST_STEP][PASSED] - Statement - monthTextArray = monthText.split(" "): null

2018-06-11 16:11:06 - [TEST_STEP][PASSED] - Statement - month = monthTextArray[0]: null

2018-06-11 16:11:06 - [TEST_STEP][PASSED] - Statement - data = "1": null

2018-06-11 16:11:06 - [TEST_STEP][PASSED] - Statement - startDate = "(//td[text()='" + data + "'])[1]": null

2018-06-11 16:11:06 - [TEST_STEP][PASSED] - Statement - println(startDate): null

2018-06-11 16:11:06 - [TEST_STEP][PASSED] - Statement - startdateEle = driver.findElement(org.openqa.selenium.By.xpath(startDate)): null

2018-06-11 16:11:06 - [TEST_STEP][PASSED] - Statement - startdateEle.click(): null

2018-06-11 16:11:06 - [TEST_STEP][PASSED] - delay: Delayed 5 second(s)

2018-06-11 16:11:11 - [MESSAGE][PASSED] - Delayed 5 second(s)

2018-06-11 16:11:11 - [TEST_STEP][PASSED] - click: Object: 'Object Repository/Language/L_ReportsPage/toDateSelector' is clicked on

2018-06-11 16:11:11 - [MESSAGE][PASSED] - Object: 'Object Repository/Language/L_ReportsPage/toDateSelector' is clicked on

2018-06-11 16:11:11 - [TEST_STEP][PASSED] - Statement - monthText = com.kms.katalon.core.webui.keyword.WebUiBuiltInKeywords.getText(com.kms.katalon.core.testobject.ObjectRepository.findTestObject(Language/L_ReportsPage/monthText2)): Text of object 'Object Repository/Language/L_ReportsPage/monthText2' is: 'June 2018'

2018-06-11 16:11:11 - [MESSAGE][PASSED] - Text of object 'Object Repository/Language/L_ReportsPage/monthText2' is: 'June 2018'

2018-06-11 16:11:11 - [TEST_STEP][PASSED] - Statement - monthTextArray = monthText.split(" "): null

2018-06-11 16:11:11 - [TEST_STEP][PASSED] - Statement - month = monthTextArray[0]: null

2018-06-11 16:11:11 - [TEST_STEP][PASSED] - Statement - If (!(monthTextValue.equals(month))): null

2018-06-11 16:11:11 - [TEST_STEP][PASSED] - Statement - While (!(monthTextValue.equals(month))): null

2018-06-11 16:11:11 - [TEST_STEP][PASSED] - click: Object: 'Object Repository/Language/L_ReportsPage/previousDateSelector2' is clicked on

2018-06-11 16:11:11 - [MESSAGE][PASSED] - Object: 'Object Repository/Language/L_ReportsPage/previousDateSelector2' is clicked on

2018-06-11 16:11:11 - [TEST_STEP][PASSED] - Statement - monthText = com.kms.katalon.core.webui.keyword.WebUiBuiltInKeywords.getText(com.kms.katalon.core.testobject.ObjectRepository.findTestObject(Language/L_ReportsPage/monthText2)): Text of object 'Object Repository/Language/L_ReportsPage/monthText2' is: 'May 2018'

2018-06-11 16:11:11 - [MESSAGE][PASSED] - Text of object 'Object Repository/Language/L_ReportsPage/monthText2' is: 'May 2018'

2018-06-11 16:11:11 - [TEST_STEP][PASSED] - Statement - monthTextArray = monthText.split(" "): null

2018-06-11 16:11:11 - [TEST_STEP][PASSED] - Statement - month = monthTextArray[0]: null

2018-06-11 16:11:11 - [TEST_STEP][PASSED] - click: Object: 'Object Repository/Language/L_ReportsPage/previousDateSelector2' is clicked on

2018-06-11 16:11:11 - [MESSAGE][PASSED] - Object: 'Object Repository/Language/L_ReportsPage/previousDateSelector2' is clicked on

2018-06-11 16:11:11 - [TEST_STEP][PASSED] - Statement - monthText = com.kms.katalon.core.webui.keyword.WebUiBuiltInKeywords.getText(com.kms.katalon.core.testobject.ObjectRepository.findTestObject(Language/L_ReportsPage/monthText2)): Text of object 'Object Repository/Language/L_ReportsPage/monthText2' is: 'April 2018'

2018-06-11 16:11:11 - [MESSAGE][PASSED] - Text of object 'Object Repository/Language/L_ReportsPage/monthText2' is: 'April 2018'

2018-06-11 16:11:11 - [TEST_STEP][PASSED] - Statement - monthTextArray = monthText.split(" "): null

2018-06-11 16:11:11 - [TEST_STEP][PASSED] - Statement - month = monthTextArray[0]: null

2018-06-11 16:11:11 - [TEST_STEP][PASSED] - click: Object: 'Object Repository/Language/L_ReportsPage/previousDateSelector2' is clicked on

2018-06-11 16:11:11 - [MESSAGE][PASSED] - Object: 'Object Repository/Language/L_ReportsPage/previousDateSelector2' is clicked on

2018-06-11 16:11:11 - [TEST_STEP][PASSED] - Statement - monthText = com.kms.katalon.core.webui.keyword.WebUiBuiltInKeywords.getText(com.kms.katalon.core.testobject.ObjectRepository.findTestObject(Language/L_ReportsPage/monthText2)): Text of object 'Object Repository/Language/L_ReportsPage/monthText2' is: 'March 2018'

2018-06-11 16:11:11 - [MESSAGE][PASSED] - Text of object 'Object Repository/Language/L_ReportsPage/monthText2' is: 'March 2018'

2018-06-11 16:11:11 - [TEST_STEP][PASSED] - Statement - monthTextArray = monthText.split(" "): null

2018-06-11 16:11:11 - [TEST_STEP][PASSED] - Statement - month = monthTextArray[0]: null

2018-06-11 16:11:11 - [TEST_STEP][PASSED] - Statement - endDate = "1": null

2018-06-11 16:11:11 - [TEST_STEP][PASSED] - Statement - toDate = "(//td[text()='" + endDate + "'])[3]": null

2018-06-11 16:11:11 - [TEST_STEP][PASSED] - Statement - toDateEle = driver.findElement(org.openqa.selenium.By.xpath(toDate)): null

2018-06-11 16:11:11 - [TEST_STEP][PASSED] - Statement - toDateEle.click(): null

2018-06-11 16:11:12 - [TEST_STEP][PASSED] - delay: Delayed 5 second(s)

2018-06-11 16:11:17 - [MESSAGE][PASSED] - Delayed 5 second(s)

2018-06-11 16:11:17 - [TEST_STEP][PASSED] - Statement - dateAttr = com.kms.katalon.core.webui.keyword.WebUiBuiltInKeywords.getAttribute(com.kms.katalon.core.testobject.ObjectRepository.findTestObject(Language/L_ReportsPage/selectedDate1), "value"): Attribute 'value' of object 'Object Repository/Language/L_ReportsPage/selectedDate1' is: '03/01/2018'

2018-06-11 16:11:17 - [MESSAGE][PASSED] - Attribute 'value' of object 'Object Repository/Language/L_ReportsPage/selectedDate1' is: '03/01/2018'

2018-06-11 16:11:17 - [TEST_STEP][PASSED] - Statement - fromDateValue = "03/01/2018": null

2018-06-11 16:11:17 - [TEST_STEP][PASSED] - Statement - If (!(dateAttr.equals(fromDateValue))): null

2018-06-11 16:11:17 - [TEST_STEP][PASSED] - Statement - dateAttr = com.kms.katalon.core.webui.keyword.WebUiBuiltInKeywords.getAttribute(com.kms.katalon.core.testobject.ObjectRepository.findTestObject(Language/L_ReportsPage/selectedDate2), "value"): Attribute 'value' of object 'Object Repository/Language/L_ReportsPage/selectedDate2' is: '03/01/2018'

2018-06-11 16:11:17 - [MESSAGE][PASSED] - Attribute 'value' of object 'Object Repository/Language/L_ReportsPage/selectedDate2' is: '03/01/2018'

2018-06-11 16:11:17 - [TEST_STEP][PASSED] - Statement - toDateValue = "03/01/2018": null

2018-06-11 16:11:17 - [TEST_STEP][PASSED] - Statement - If (!(dateAttr.equals(toDateValue))): null

2018-06-11 16:11:17 - [TEST_STEP][PASSED] - click: Object: 'Object Repository/Language/L_ReportsPage/generateReportBtn' is clicked on

2018-06-11 16:11:17 - [MESSAGE][PASSED] - Object: 'Object Repository/Language/L_ReportsPage/generateReportBtn' is clicked on

2018-06-11 16:11:17 - [TEST_STEP][PASSED] - delay: Delayed 15 second(s)

2018-06-11 16:11:32 - [MESSAGE][PASSED] - Delayed 15 second(s)

2018-06-11 16:11:32 - [TEST_STEP][PASSED] - uiaction.CommonUIActions.click: uiaction.CommonUIActions.click is PASSED

2018-06-11 16:11:32 - [MESSAGE][PASSED] - uiaction.CommonUIActions.click is PASSED

2018-06-11 16:11:32 - [TEST_STEP][PASSED] - uiaction.CommonUIActions.click: uiaction.CommonUIActions.click is PASSED

2018-06-11 16:11:32 - [MESSAGE][PASSED] - uiaction.CommonUIActions.click is PASSED

2018-06-11 16:11:32 - [TEST_STEP][PASSED] - Statement - s = CustomKeywords.projectSpecific.Reusability.checkemailandverifyattachment(): projectSpecific.Reusability.checkemailandverifyattachment is PASSED

2018-06-11 16:11:32 - [MESSAGE][WARNING] - A browser is already opened. Closing browser and opening a new one

2018-06-11 16:11:35 - [MESSAGE][PASSED] - Browser is opened with url: ''

2018-06-11 16:11:36 - [MESSAGE][PASSED] - Current window maximized

2018-06-11 16:11:38 - [MESSAGE][PASSED] - Navigate to 'https://mail.yahoo.com' successfully

2018-06-11 16:11:48 - [MESSAGE][PASSED] - Delayed 10 second(s)

2018-06-11 16:11:58 - [MESSAGE][PASSED] - Delayed 10 second(s)

2018-06-11 16:12:13 - [MESSAGE][PASSED] - Delayed 15 second(s)

2018-06-11 16:12:32 - [MESSAGE][PASSED] - Delayed 15 second(s)

2018-06-11 16:12:42 - [MESSAGE][PASSED] - Delayed 10 second(s)

2018-06-11 16:12:44 - [MESSAGE][PASSED] - Delayed 2 second(s)

2018-06-11 16:12:54 - [MESSAGE][PASSED] - Delayed 10 second(s)

2018-06-11 16:12:54 - [MESSAGE][PASSED] - projectSpecific.Reusability.checkemailandverifyattachment is PASSED

2018-06-11 16:12:54 - [TEST_STEP][PASSED] - Statement - out.println("the text is---" + s.get(0)): null

2018-06-11 16:12:54 - [TEST_STEP][PASSED] - Statement - englishmatch = s.get(0).substring(0, 5): null

2018-06-11 16:12:54 - [TEST_STEP][PASSED] - Statement - out.println("1----" + englishmatch): null

2018-06-11 16:12:54 - [TEST_STEP][PASSED] - Statement - If (englishmatch.contains("D") && englishmatch.contains("a") && englishmatch.contains("y")): null

2018-06-11 16:12:54 - [TEST_STEP][PASSED] - Statement - out.println("Downloaded file  displayed in French"): null

2018-06-11 16:12:54 - [TEST_STEP][PASSED] - delay: Delayed 5 second(s)

2018-06-11 16:12:59 - [MESSAGE][PASSED] - Delayed 5 second(s)

2018-06-11 16:12:59 - [TEST_STEP][PASSED] - navigateToUrl: Navigate to 'https://hme-dev-public-cloud-app.azurewebsites.net/' successfully

2018-06-11 16:13:02 - [MESSAGE][PASSED] - Navigate to 'https://hme-dev-public-cloud-app.azurewebsites.net/' successfully

2018-06-11 16:13:02 - [TEST_STEP][PASSED] - delay: Delayed 5 second(s)

2018-06-11 16:13:07 - [MESSAGE][PASSED] - Delayed 5 second(s)

2018-06-11 16:13:07 - [TEST_STEP][PASSED] - projectSpecific.Reusability.login: projectSpecific.Reusability.login is PASSED

2018-06-11 16:13:07 - [MESSAGE][PASSED] - projectSpecific.Reusability.getTestData is PASSED

2018-06-11 16:13:07 - [MESSAGE][PASSED] - projectSpecific.Reusability.getTestData is PASSED

2018-06-11 16:13:07 - [MESSAGE][PASSED] - Text 'selvendrank@nousinfo.com' is set on object 'Object Repository/LoginPage/Username'

2018-06-11 16:13:07 - [MESSAGE][PASSED] - Text 'nous;123' is set on object 'Object Repository/LoginPage/Password'

2018-06-11 16:13:07 - [MESSAGE][PASSED] - Object: 'Object Repository/LoginPage/Login' is clicked on

2018-06-11 16:13:07 - [MESSAGE][PASSED] - projectSpecific.Reusability.login is PASSED

2018-06-11 16:13:07 - [TEST_STEP][PASSED] - delay: Delayed 5 second(s)

2018-06-11 16:13:12 - [MESSAGE][PASSED] - Delayed 5 second(s)

2018-06-11 16:13:12 - [TEST_STEP][PASSED] - Statement - welcomeMessage = CustomKeywords.projectSpecific.Reusability.getTestData("MultiLanguageFrench", "WelcomeMessage"): projectSpecific.Reusability.getTestData is PASSED

2018-06-11 16:13:12 - [MESSAGE][PASSED] - projectSpecific.Reusability.getTestData is PASSED

2018-06-11 16:13:12 - [TEST_STEP][PASSED] - Statement - welcome = CustomKeywords.projectSpecific.Reusability.getTestData("MultiLanguageFrench", "WelcomeLink"): projectSpecific.Reusability.getTestData is PASSED

2018-06-11 16:13:13 - [MESSAGE][PASSED] - projectSpecific.Reusability.getTestData is PASSED

2018-06-11 16:13:13 - [TEST_STEP][PASSED] - Statement - stores = CustomKeywords.projectSpecific.Reusability.getTestData("MultiLanguageFrench", "Stores"): projectSpecific.Reusability.getTestData is PASSED

2018-06-11 16:13:13 - [MESSAGE][PASSED] - projectSpecific.Reusability.getTestData is PASSED

2018-06-11 16:13:13 - [TEST_STEP][PASSED] - Statement - users = CustomKeywords.projectSpecific.Reusability.getTestData("MultiLanguageFrench", "Users"): projectSpecific.Reusability.getTestData is PASSED

2018-06-11 16:13:13 - [MESSAGE][PASSED] - projectSpecific.Reusability.getTestData is PASSED

2018-06-11 16:13:13 - [TEST_STEP][PASSED] - Statement - myAccount = CustomKeywords.projectSpecific.Reusability.getTestData("MultiLanguageFrench", "My account"): projectSpecific.Reusability.getTestData is PASSED

2018-06-11 16:13:13 - [MESSAGE][PASSED] - projectSpecific.Reusability.getTestData is PASSED

2018-06-11 16:13:13 - [TEST_STEP][PASSED] - Statement - actual = com.kms.katalon.core.webui.keyword.WebUiBuiltInKeywords.getText(com.kms.katalon.core.testobject.ObjectRepository.findTestObject(Language/L_HomePage/welcomeMessage)): Text of object 'Object Repository/Language/L_HomePage/welcomeMessage' is: 'Welcome to HME CLOUD, Selvendran!'

2018-06-11 16:13:31 - [MESSAGE][PASSED] - Text of object 'Object Repository/Language/L_HomePage/welcomeMessage' is: 'Welcome to HME CLOUD, Selvendran!'

2018-06-11 16:13:31 - [TEST_STEP][PASSED] - Statement - If (actual.contains(welcomeMessage)): null

2018-06-11 16:13:31 - [TEST_STEP][PASSED] - Statement - Else: Taking screenshot successfully

2018-06-11 16:13:31 - [TEST_STEP][PASSED] - Statement - If (TCflag): null

2018-06-11 16:13:31 - [TEST_STEP][PASSED] - Statement - println("Welcome message not displayed "): null

2018-06-11 16:13:31 - [TEST_STEP][PASSED] - takeScreenshot: Taking screenshot successfully

2018-06-11 16:13:32 - [MESSAGE][PASSED] - Taking screenshot successfully
[[ATTACHMENT|C:\\Users\\shalinin\\Katalon Studio\\HME_Scripts\\Reports\\RegressionSuite\\20180611_154124\\1528713811963.png]]

2018-06-11 16:13:32 - [TEST_STEP][PASSED] - Statement - actual = com.kms.katalon.core.webui.keyword.WebUiBuiltInKeywords.getText(com.kms.katalon.core.testobject.ObjectRepository.findTestObject(Language/L_HomePage/welcomelink)): Text of object 'Object Repository/Language/L_HomePage/welcomelink' is: 'WELCOME'

2018-06-11 16:13:32 - [MESSAGE][PASSED] - Text of object 'Object Repository/Language/L_HomePage/welcomelink' is: 'WELCOME'

2018-06-11 16:13:32 - [TEST_STEP][FAILED] - verifyMatch: Unable to verify match between actual text 'WELCOME' and expected text 'BIENVENUE' (Root cause: Actual text 'WELCOME' and expected text 'BIENVENUE' are not matched)

2018-06-11 16:13:32 - [MESSAGE][FAILED] - Unable to verify match between actual text 'WELCOME' and expected text 'BIENVENUE' (Root cause: Actual text 'WELCOME' and expected text 'BIENVENUE' are not matched)

2018-06-11 16:13:32 - [TEST_STEP][PASSED] - Statement - actual = com.kms.katalon.core.webui.keyword.WebUiBuiltInKeywords.getText(com.kms.katalon.core.testobject.ObjectRepository.findTestObject(Language/L_HomePage/store)): Text of object 'Object Repository/Language/L_HomePage/store' is: 'Stores'

2018-06-11 16:13:32 - [MESSAGE][PASSED] - Text of object 'Object Repository/Language/L_HomePage/store' is: 'Stores'

2018-06-11 16:13:32 - [TEST_STEP][FAILED] - verifyMatch: Unable to verify match between actual text 'Stores' and expected text 'Restaurants' (Root cause: Actual text 'Stores' and expected text 'Restaurants' are not matched)

2018-06-11 16:13:32 - [MESSAGE][FAILED] - Unable to verify match between actual text 'Stores' and expected text 'Restaurants' (Root cause: Actual text 'Stores' and expected text 'Restaurants' are not matched)

2018-06-11 16:13:32 - [TEST_STEP][PASSED] - Statement - actual = com.kms.katalon.core.webui.keyword.WebUiBuiltInKeywords.getText(com.kms.katalon.core.testobject.ObjectRepository.findTestObject(Language/L_HomePage/users)): Text of object 'Object Repository/Language/L_HomePage/users' is: 'Users'

2018-06-11 16:13:32 - [MESSAGE][PASSED] - Text of object 'Object Repository/Language/L_HomePage/users' is: 'Users'

2018-06-11 16:13:32 - [TEST_STEP][FAILED] - verifyMatch: Unable to verify match between actual text 'Users' and expected text 'Utilisateurs' (Root cause: Actual text 'Users' and expected text 'Utilisateurs' are not matched)

2018-06-11 16:13:32 - [MESSAGE][FAILED] - Unable to verify match between actual text 'Users' and expected text 'Utilisateurs' (Root cause: Actual text 'Users' and expected text 'Utilisateurs' are not matched)

2018-06-11 16:13:32 - [TEST_STEP][PASSED] - Statement - actual = com.kms.katalon.core.webui.keyword.WebUiBuiltInKeywords.getText(com.kms.katalon.core.testobject.ObjectRepository.findTestObject(Language/L_HomePage/myAccount)): Text of object 'Object Repository/Language/L_HomePage/myAccount' is: 'My account'

2018-06-11 16:13:32 - [MESSAGE][PASSED] - Text of object 'Object Repository/Language/L_HomePage/myAccount' is: 'My account'

2018-06-11 16:13:32 - [TEST_STEP][FAILED] - verifyMatch: Unable to verify match between actual text 'My account' and expected text 'Mon compte' (Root cause: Actual text 'My account' and expected text 'Mon compte' are not matched)

2018-06-11 16:13:32 - [MESSAGE][FAILED] - Unable to verify match between actual text 'My account' and expected text 'Mon compte' (Root cause: Actual text 'My account' and expected text 'Mon compte' are not matched)

2018-06-11 16:13:32 - [TEST_STEP][PASSED] - uiaction.CommonUIActions.click: uiaction.CommonUIActions.click is PASSED

2018-06-11 16:13:43 - [MESSAGE][PASSED] - uiaction.CommonUIActions.click is PASSED

2018-06-11 16:13:43 - [TEST_STEP][PASSED] - delay: Delayed 10 second(s)

2018-06-11 16:13:53 - [MESSAGE][PASSED] - Delayed 10 second(s)

2018-06-11 16:13:53 - [TEST_STEP][PASSED] - Statement - actual = com.kms.katalon.core.webui.keyword.WebUiBuiltInKeywords.getText(com.kms.katalon.core.testobject.ObjectRepository.findTestObject(Language/L_StoresPage/manageLeaderboardGroups)): Text of object 'Object Repository/Language/L_StoresPage/manageLeaderboardGroups' is: 'Manage Leaderboard Groups'

2018-06-11 16:13:53 - [MESSAGE][PASSED] - Text of object 'Object Repository/Language/L_StoresPage/manageLeaderboardGroups' is: 'Manage Leaderboard Groups'

2018-06-11 16:13:53 - [TEST_STEP][PASSED] - Statement - expected = CustomKeywords.projectSpecific.Reusability.getTestData("MultiLanguageFrench", "ManageLeaderBoardGroups"): projectSpecific.Reusability.getTestData is PASSED

2018-06-11 16:13:53 - [MESSAGE][PASSED] - projectSpecific.Reusability.getTestData is PASSED

2018-06-11 16:13:53 - [TEST_STEP][FAILED] - verifyMatch: Unable to verify match between actual text 'Manage Leaderboard Groups' and expected text 'Gérer les groupes Leaderboard ' (Root cause: Actual text 'Manage Leaderboard Groups' and expected text 'Gérer les groupes Leaderboard ' are not matched)

2018-06-11 16:13:53 - [MESSAGE][FAILED] - Unable to verify match between actual text 'Manage Leaderboard Groups' and expected text 'Gérer les groupes Leaderboard ' (Root cause: Actual text 'Manage Leaderboard Groups' and expected text 'Gérer les groupes Leaderboard ' are not matched)

2018-06-11 16:13:53 - [TEST_STEP][PASSED] - Statement - actual = com.kms.katalon.core.webui.keyword.WebUiBuiltInKeywords.getText(com.kms.katalon.core.testobject.ObjectRepository.findTestObject(Language/L_StoresPage/manageReportGroups)): Text of object 'Object Repository/Language/L_StoresPage/manageReportGroups' is: 'Manage Report Groups'

2018-06-11 16:13:53 - [MESSAGE][PASSED] - Text of object 'Object Repository/Language/L_StoresPage/manageReportGroups' is: 'Manage Report Groups'

2018-06-11 16:13:53 - [TEST_STEP][PASSED] - Statement - expected = CustomKeywords.projectSpecific.Reusability.getTestData("MultiLanguageFrench", "ManageReportGroups"): projectSpecific.Reusability.getTestData is PASSED

2018-06-11 16:13:53 - [MESSAGE][PASSED] - projectSpecific.Reusability.getTestData is PASSED

2018-06-11 16:13:53 - [TEST_STEP][FAILED] - verifyMatch: Unable to verify match between actual text 'Manage Report Groups' and expected text 'gérer les groupes de rapports' (Root cause: Actual text 'Manage Report Groups' and expected text 'gérer les groupes de rapports' are not matched)

2018-06-11 16:13:53 - [MESSAGE][FAILED] - Unable to verify match between actual text 'Manage Report Groups' and expected text 'gérer les groupes de rapports' (Root cause: Actual text 'Manage Report Groups' and expected text 'gérer les groupes de rapports' are not matched)

2018-06-11 16:13:53 - [TEST_STEP][PASSED] - uiaction.CommonUIActions.click: uiaction.CommonUIActions.click is PASSED

2018-06-11 16:14:14 - [MESSAGE][PASSED] - uiaction.CommonUIActions.click is PASSED

2018-06-11 16:14:14 - [TEST_STEP][PASSED] - delay: Delayed 10 second(s)

2018-06-11 16:14:24 - [MESSAGE][PASSED] - Delayed 10 second(s)

2018-06-11 16:14:24 - [TEST_STEP][PASSED] - uiaction.CommonUIActions.click: uiaction.CommonUIActions.click is PASSED

2018-06-11 16:14:44 - [MESSAGE][PASSED] - uiaction.CommonUIActions.click is PASSED

2018-06-11 16:14:44 - [TEST_STEP][PASSED] - Statement - actual = com.kms.katalon.core.webui.keyword.WebUiBuiltInKeywords.getText(com.kms.katalon.core.testobject.ObjectRepository.findTestObject(Language/L_UserPage/addUser)): Text of object 'Object Repository/Language/L_UserPage/addUser' is: 'Manage Leaderboard Groups'

2018-06-11 16:14:44 - [MESSAGE][PASSED] - Text of object 'Object Repository/Language/L_UserPage/addUser' is: 'Manage Leaderboard Groups'

2018-06-11 16:14:44 - [TEST_STEP][PASSED] - Statement - expected = CustomKeywords.projectSpecific.Reusability.getTestData("MultiLanguageFrench", "AddaUser"): projectSpecific.Reusability.getTestData is PASSED

2018-06-11 16:14:44 - [MESSAGE][PASSED] - projectSpecific.Reusability.getTestData is PASSED

2018-06-11 16:14:44 - [TEST_STEP][FAILED] - verifyMatch: Unable to verify match between actual text 'Manage Leaderboard Groups' and expected text 'Ajouter un utilisateur' (Root cause: Actual text 'Manage Leaderboard Groups' and expected text 'Ajouter un utilisateur' are not matched)

2018-06-11 16:14:44 - [MESSAGE][FAILED] - Unable to verify match between actual text 'Manage Leaderboard Groups' and expected text 'Ajouter un utilisateur' (Root cause: Actual text 'Manage Leaderboard Groups' and expected text 'Ajouter un utilisateur' are not matched)

2018-06-11 16:14:44 - [TEST_STEP][PASSED] - uiaction.CommonUIActions.click: uiaction.CommonUIActions.click is PASSED

2018-06-11 16:14:47 - [MESSAGE][PASSED] - uiaction.CommonUIActions.click is PASSED

2018-06-11 16:14:47 - [TEST_STEP][PASSED] - delay: Delayed 10 second(s)

2018-06-11 16:14:57 - [MESSAGE][PASSED] - Delayed 10 second(s)

2018-06-11 16:14:57 - [TEST_STEP][PASSED] - uiaction.CommonUIActions.click: uiaction.CommonUIActions.click is PASSED

2018-06-11 16:15:02 - [MESSAGE][PASSED] - uiaction.CommonUIActions.click is PASSED

2018-06-11 16:15:02 - [TEST_STEP][PASSED] - Statement - actual = com.kms.katalon.core.webui.keyword.WebUiBuiltInKeywords.getText(com.kms.katalon.core.testobject.ObjectRepository.findTestObject(Language/L_AccountPage/userInformation)): Text of object 'Object Repository/Language/L_AccountPage/userInformation' is: 'User Information'

2018-06-11 16:15:02 - [MESSAGE][PASSED] - Text of object 'Object Repository/Language/L_AccountPage/userInformation' is: 'User Information'

2018-06-11 16:15:02 - [TEST_STEP][FAILED] - verifyMatch: Unable to verify match between actual text 'User Information' and expected text 'Information sur l’utilisateur' (Root cause: Actual text 'User Information' and expected text 'Information sur l’utilisateur' are not matched)

2018-06-11 16:15:02 - [MESSAGE][PASSED] - projectSpecific.Reusability.getTestData is PASSED

2018-06-11 16:15:02 - [MESSAGE][FAILED] - Unable to verify match between actual text 'User Information' and expected text 'Information sur l’utilisateur' (Root cause: Actual text 'User Information' and expected text 'Information sur l’utilisateur' are not matched)

2018-06-11 16:15:02 - [TEST_STEP][PASSED] - uiaction.CommonUIActions.click: uiaction.CommonUIActions.click is PASSED

2018-06-11 16:15:05 - [MESSAGE][PASSED] - uiaction.CommonUIActions.click is PASSED

2018-06-11 16:15:05 - [TEST_STEP][PASSED] - delay: Delayed 10 second(s)

2018-06-11 16:15:15 - [MESSAGE][PASSED] - Delayed 10 second(s)

2018-06-11 16:15:15 - [TEST_STEP][PASSED] - uiaction.CommonUIActions.click: uiaction.CommonUIActions.click is PASSED

2018-06-11 16:15:26 - [MESSAGE][PASSED] - uiaction.CommonUIActions.click is PASSED

2018-06-11 16:15:26 - [TEST_STEP][PASSED] - uiaction.CommonUIActions.click: uiaction.CommonUIActions.click is PASSED

2018-06-11 16:15:28 - [MESSAGE][PASSED] - uiaction.CommonUIActions.click is PASSED

2018-06-11 16:15:28 - [TEST_STEP][PASSED] - Statement - actual = com.kms.katalon.core.webui.keyword.WebUiBuiltInKeywords.getText(com.kms.katalon.core.testobject.ObjectRepository.findTestObject(Language/L_StoresPage/reportingGroupmanagement)): Text of object 'Object Repository/Language/L_StoresPage/reportingGroupmanagement' is: 'Reporting Group Management'

2018-06-11 16:15:28 - [MESSAGE][PASSED] - Text of object 'Object Repository/Language/L_StoresPage/reportingGroupmanagement' is: 'Reporting Group Management'

2018-06-11 16:15:28 - [TEST_STEP][FAILED] - verifyMatch: Unable to verify match between actual text 'Reporting Group Management' and expected text 'Gestion du groupe de reporting' (Root cause: Actual text 'Reporting Group Management' and expected text 'Gestion du groupe de reporting' are not matched)

2018-06-11 16:15:28 - [MESSAGE][PASSED] - projectSpecific.Reusability.getTestData is PASSED

2018-06-11 16:15:28 - [MESSAGE][FAILED] - Unable to verify match between actual text 'Reporting Group Management' and expected text 'Gestion du groupe de reporting' (Root cause: Actual text 'Reporting Group Management' and expected text 'Gestion du groupe de reporting' are not matched)

2018-06-11 16:15:28 - [TEST_STEP][PASSED] - uiaction.CommonUIActions.click: uiaction.CommonUIActions.click is PASSED

2018-06-11 16:15:28 - [MESSAGE][PASSED] - uiaction.CommonUIActions.click is PASSED

2018-06-11 16:15:28 - [TEST_STEP][PASSED] - Statement - actual = com.kms.katalon.core.webui.keyword.WebUiBuiltInKeywords.getText(com.kms.katalon.core.testobject.ObjectRepository.findTestObject(Language/L_ReportingGroupDetailsPage/reportingGroupDetails_Header)): Text of object 'Object Repository/Language/L_ReportingGroupDetailsPage/reportingGroupDetails_Header' is: 'Reporting Group Details'

2018-06-11 16:15:28 - [MESSAGE][PASSED] - Text of object 'Object Repository/Language/L_ReportingGroupDetailsPage/reportingGroupDetails_Header' is: 'Reporting Group Details'

2018-06-11 16:15:28 - [TEST_STEP][FAILED] - verifyMatch: Unable to verify match between actual text 'Reporting Group Details' and expected text 'Détails du groupe de rapports' (Root cause: Actual text 'Reporting Group Details' and expected text 'Détails du groupe de rapports' are not matched)

2018-06-11 16:15:28 - [MESSAGE][PASSED] - projectSpecific.Reusability.getTestData is PASSED

2018-06-11 16:15:28 - [MESSAGE][FAILED] - Unable to verify match between actual text 'Reporting Group Details' and expected text 'Détails du groupe de rapports' (Root cause: Actual text 'Reporting Group Details' and expected text 'Détails du groupe de rapports' are not matched)

2018-06-11 16:15:28 - [TEST_STEP][PASSED] - uiaction.CommonUIActions.click: uiaction.CommonUIActions.click is PASSED

2018-06-11 16:15:32 - [MESSAGE][PASSED] - uiaction.CommonUIActions.click is PASSED

2018-06-11 16:15:32 - [TEST_STEP][PASSED] - uiaction.CommonUIActions.click: uiaction.CommonUIActions.click is PASSED

2018-06-11 16:15:32 - [MESSAGE][PASSED] - uiaction.CommonUIActions.click is PASSED

2018-06-11 16:15:32 - [TEST_STEP][PASSED] - delay: Delayed 10 second(s)

2018-06-11 16:15:42 - [MESSAGE][PASSED] - Delayed 10 second(s)

2018-06-11 16:15:42 - [TEST_STEP][PASSED] - Statement - actual = com.kms.katalon.core.webui.keyword.WebUiBuiltInKeywords.getText(com.kms.katalon.core.testobject.ObjectRepository.findTestObject(Language/L_ReportsPage/summaryReport)): Text of object 'Object Repository/Language/L_ReportsPage/summaryReport' is: 'Summary Reports'

2018-06-11 16:15:42 - [MESSAGE][PASSED] - Text of object 'Object Repository/Language/L_ReportsPage/summaryReport' is: 'Summary Reports'

2018-06-11 16:15:42 - [TEST_STEP][FAILED] - verifyMatch: Unable to verify match between actual text 'Summary Reports' and expected text 'Récapitulatifs' (Root cause: Actual text 'Summary Reports' and expected text 'Récapitulatifs' are not matched)

2018-06-11 16:15:42 - [MESSAGE][PASSED] - projectSpecific.Reusability.getTestData is PASSED

2018-06-11 16:15:42 - [MESSAGE][FAILED] - Unable to verify match between actual text 'Summary Reports' and expected text 'Récapitulatifs' (Root cause: Actual text 'Summary Reports' and expected text 'Récapitulatifs' are not matched)

2018-06-11 16:15:42 - [TEST_STEP][PASSED] - uiaction.CommonUIActions.click: uiaction.CommonUIActions.click is PASSED

2018-06-11 16:15:46 - [MESSAGE][PASSED] - uiaction.CommonUIActions.click is PASSED

2018-06-11 16:15:46 - [TEST_STEP][PASSED] - uiaction.CommonUIActions.click: uiaction.CommonUIActions.click is PASSED

2018-06-11 16:15:57 - [MESSAGE][PASSED] - uiaction.CommonUIActions.click is PASSED

2018-06-11 16:15:57 - [TEST_STEP][PASSED] - Statement - actual = com.kms.katalon.core.webui.keyword.WebUiBuiltInKeywords.getText(com.kms.katalon.core.testobject.ObjectRepository.findTestObject(Language/L_StoresPage/manageLeaderboardGroups)): Text of object 'Object Repository/Language/L_StoresPage/manageLeaderboardGroups' is: 'Manage Leaderboard Groups'

2018-06-11 16:15:57 - [MESSAGE][PASSED] - Text of object 'Object Repository/Language/L_StoresPage/manageLeaderboardGroups' is: 'Manage Leaderboard Groups'

2018-06-11 16:15:57 - [TEST_STEP][FAILED] - verifyMatch: Unable to verify match between actual text 'Manage Leaderboard Groups' and expected text 'Gérer les groupes Leaderboard ' (Root cause: Actual text 'Manage Leaderboard Groups' and expected text 'Gérer les groupes Leaderboard ' are not matched)

2018-06-11 16:15:57 - [MESSAGE][PASSED] - projectSpecific.Reusability.getTestData is PASSED

2018-06-11 16:15:57 - [MESSAGE][FAILED] - Unable to verify match between actual text 'Manage Leaderboard Groups' and expected text 'Gérer les groupes Leaderboard ' (Root cause: Actual text 'Manage Leaderboard Groups' and expected text 'Gérer les groupes Leaderboard ' are not matched)

2018-06-11 16:15:57 - [TEST_STEP][PASSED] - Statement - actual = com.kms.katalon.core.webui.keyword.WebUiBuiltInKeywords.getText(com.kms.katalon.core.testobject.ObjectRepository.findTestObject(Language/L_StoresPage/manageReportGroups)): Text of object 'Object Repository/Language/L_StoresPage/manageReportGroups' is: 'Manage Report Groups'

2018-06-11 16:15:57 - [MESSAGE][PASSED] - Text of object 'Object Repository/Language/L_StoresPage/manageReportGroups' is: 'Manage Report Groups'

2018-06-11 16:15:57 - [TEST_STEP][FAILED] - verifyMatch: Unable to verify match between actual text 'Manage Report Groups' and expected text 'gérer les groupes de rapports' (Root cause: Actual text 'Manage Report Groups' and expected text 'gérer les groupes de rapports' are not matched)

2018-06-11 16:15:57 - [MESSAGE][PASSED] - projectSpecific.Reusability.getTestData is PASSED

2018-06-11 16:15:57 - [MESSAGE][FAILED] - Unable to verify match between actual text 'Manage Report Groups' and expected text 'gérer les groupes de rapports' (Root cause: Actual text 'Manage Report Groups' and expected text 'gérer les groupes de rapports' are not matched)

2018-06-11 16:15:57 - [TEST_STEP][PASSED] - uiaction.CommonUIActions.click: uiaction.CommonUIActions.click is PASSED

2018-06-11 16:16:18 - [MESSAGE][PASSED] - uiaction.CommonUIActions.click is PASSED

2018-06-11 16:16:18 - [TEST_STEP][PASSED] - uiaction.CommonUIActions.click: uiaction.CommonUIActions.click is PASSED

2018-06-11 16:16:38 - [MESSAGE][PASSED] - uiaction.CommonUIActions.click is PASSED

2018-06-11 16:16:38 - [TEST_STEP][PASSED] - Statement - actual = com.kms.katalon.core.webui.keyword.WebUiBuiltInKeywords.getText(com.kms.katalon.core.testobject.ObjectRepository.findTestObject(Language/L_UserPage/addUser)): Text of object 'Object Repository/Language/L_UserPage/addUser' is: 'Manage Leaderboard Groups'

2018-06-11 16:16:38 - [MESSAGE][PASSED] - Text of object 'Object Repository/Language/L_UserPage/addUser' is: 'Manage Leaderboard Groups'

2018-06-11 16:16:38 - [TEST_STEP][FAILED] - verifyMatch: Unable to verify match between actual text 'Manage Leaderboard Groups' and expected text 'Ajouter un utilisateur' (Root cause: Actual text 'Manage Leaderboard Groups' and expected text 'Ajouter un utilisateur' are not matched)

2018-06-11 16:16:38 - [MESSAGE][PASSED] - projectSpecific.Reusability.getTestData is PASSED

2018-06-11 16:16:38 - [MESSAGE][FAILED] - Unable to verify match between actual text 'Manage Leaderboard Groups' and expected text 'Ajouter un utilisateur' (Root cause: Actual text 'Manage Leaderboard Groups' and expected text 'Ajouter un utilisateur' are not matched)

2018-06-11 16:16:38 - [TEST_STEP][PASSED] - uiaction.CommonUIActions.click: uiaction.CommonUIActions.click is PASSED

2018-06-11 16:16:42 - [MESSAGE][PASSED] - uiaction.CommonUIActions.click is PASSED

2018-06-11 16:16:42 - [TEST_STEP][PASSED] - Statement - actual = com.kms.katalon.core.webui.keyword.WebUiBuiltInKeywords.getText(com.kms.katalon.core.testobject.ObjectRepository.findTestObject(Language/L_RolesPage/addaRole)): Text of object 'Object Repository/Language/L_RolesPage/addaRole' is: 'Add a Role'

2018-06-11 16:16:42 - [MESSAGE][PASSED] - Text of object 'Object Repository/Language/L_RolesPage/addaRole' is: 'Add a Role'

2018-06-11 16:16:42 - [TEST_STEP][FAILED] - verifyMatch: Unable to verify match between actual text 'Add a Role' and expected text 'Ajouter un rôle' (Root cause: Actual text 'Add a Role' and expected text 'Ajouter un rôle' are not matched)

2018-06-11 16:16:42 - [MESSAGE][PASSED] - projectSpecific.Reusability.getTestData is PASSED

2018-06-11 16:16:42 - [MESSAGE][FAILED] - Unable to verify match between actual text 'Add a Role' and expected text 'Ajouter un rôle' (Root cause: Actual text 'Add a Role' and expected text 'Ajouter un rôle' are not matched)

2018-06-11 16:16:42 - [TEST_STEP][PASSED] - uiaction.CommonUIActions.click: uiaction.CommonUIActions.click is PASSED

2018-06-11 16:16:53 - [MESSAGE][PASSED] - uiaction.CommonUIActions.click is PASSED

2018-06-11 16:16:53 - [TEST_STEP][PASSED] - Statement - actual = com.kms.katalon.core.webui.keyword.WebUiBuiltInKeywords.getText(com.kms.katalon.core.testobject.ObjectRepository.findTestObject(Language/L_DashboardPage/dashboardHeaderMessage)): Text of object 'Object Repository/Language/L_DashboardPage/dashboardHeaderMessage' is: 'HME CLOUD DASHBOARD'

2018-06-11 16:16:53 - [MESSAGE][PASSED] - Text of object 'Object Repository/Language/L_DashboardPage/dashboardHeaderMessage' is: 'HME CLOUD DASHBOARD'

2018-06-11 16:16:53 - [TEST_STEP][FAILED] - verifyMatch: Unable to verify match between actual text 'HME CLOUD DASHBOARD' and expected text 'TABLEAU DE BORD HME CLOUD' (Root cause: Actual text 'HME CLOUD DASHBOARD' and expected text 'TABLEAU DE BORD HME CLOUD' are not matched)

2018-06-11 16:16:53 - [MESSAGE][PASSED] - projectSpecific.Reusability.getTestData is PASSED

2018-06-11 16:16:53 - [MESSAGE][FAILED] - Unable to verify match between actual text 'HME CLOUD DASHBOARD' and expected text 'TABLEAU DE BORD HME CLOUD' (Root cause: Actual text 'HME CLOUD DASHBOARD' and expected text 'TABLEAU DE BORD HME CLOUD' are not matched)

2018-06-11 16:16:53 - [TEST_STEP][PASSED] - uiaction.CommonUIActions.click: uiaction.CommonUIActions.click is PASSED

2018-06-11 16:16:55 - [MESSAGE][PASSED] - uiaction.CommonUIActions.click is PASSED

2018-06-11 16:16:55 - [TEST_STEP][PASSED] - uiaction.CommonUIActions.click: uiaction.CommonUIActions.click is PASSED

2018-06-11 16:16:57 - [MESSAGE][PASSED] - uiaction.CommonUIActions.click is PASSED

2018-06-11 16:16:57 - [TEST_STEP][PASSED] - delay: Delayed 10 second(s)

2018-06-11 16:17:07 - [MESSAGE][PASSED] - Delayed 10 second(s)

2018-06-11 16:17:07 - [TEST_STEP][PASSED] - uiaction.CommonUIActions.click: uiaction.CommonUIActions.click is PASSED

2018-06-11 16:17:09 - [MESSAGE][PASSED] - uiaction.CommonUIActions.click is PASSED

2018-06-11 16:17:09 - [TEST_STEP][PASSED] - uiaction.CommonUIActions.click: uiaction.CommonUIActions.click is PASSED

2018-06-11 16:17:10 - [MESSAGE][PASSED] - uiaction.CommonUIActions.click is PASSED

2018-06-11 16:17:10 - [TEST_STEP][PASSED] - uiaction.CommonUIActions.click: uiaction.CommonUIActions.click is PASSED

2018-06-11 16:17:16 - [MESSAGE][PASSED] - uiaction.CommonUIActions.click is PASSED

2018-06-11 16:17:16 - [TEST_STEP][PASSED] - Statement - errormessage = com.kms.katalon.core.webui.keyword.WebUiBuiltInKeywords.getText(com.kms.katalon.core.testobject.ObjectRepository.findTestObject(Language/L_RolesPage/roleName_ErrorMsg)): Text of object 'Object Repository/Language/L_RolesPage/roleName_ErrorMsg' is: 'Role name may not be blank.'

2018-06-11 16:17:16 - [MESSAGE][PASSED] - Text of object 'Object Repository/Language/L_RolesPage/roleName_ErrorMsg' is: 'Role name may not be blank.'

2018-06-11 16:17:16 - [TEST_STEP][PASSED] - Statement - actual = com.kms.katalon.core.webui.keyword.WebUiBuiltInKeywords.getText(com.kms.katalon.core.testobject.ObjectRepository.findTestObject(Language/L_RolesPage/roleName_ErrorMsg)): Text of object 'Object Repository/Language/L_RolesPage/roleName_ErrorMsg' is: 'Role name may not be blank.'

2018-06-11 16:17:16 - [MESSAGE][PASSED] - Text of object 'Object Repository/Language/L_RolesPage/roleName_ErrorMsg' is: 'Role name may not be blank.'

2018-06-11 16:17:16 - [TEST_STEP][FAILED] - verifyMatch: Unable to verify match between actual text 'Role name may not be blank.' and expected text 'Vous devez indiquer un nom de rôle' (Root cause: Actual text 'Role name may not be blank.' and expected text 'Vous devez indiquer un nom de rôle' are not matched)

2018-06-11 16:17:16 - [MESSAGE][PASSED] - projectSpecific.Reusability.getTestData is PASSED

2018-06-11 16:17:16 - [MESSAGE][FAILED] - Unable to verify match between actual text 'Role name may not be blank.' and expected text 'Vous devez indiquer un nom de rôle' (Root cause: Actual text 'Role name may not be blank.' and expected text 'Vous devez indiquer un nom de rôle' are not matched)

2018-06-11 16:17:16 - [TEST_STEP][PASSED] - uiaction.CommonUIActions.click: uiaction.CommonUIActions.click is PASSED

2018-06-11 16:17:18 - [MESSAGE][PASSED] - uiaction.CommonUIActions.click is PASSED

2018-06-11 16:17:18 - [TEST_STEP][PASSED] - uiaction.CommonUIActions.click: uiaction.CommonUIActions.click is PASSED

2018-06-11 16:17:31 - [MESSAGE][PASSED] - uiaction.CommonUIActions.click is PASSED

2018-06-11 16:17:31 - [TEST_STEP][PASSED] - uiaction.CommonUIActions.click: uiaction.CommonUIActions.click is PASSED

2018-06-11 16:17:31 - [MESSAGE][PASSED] - uiaction.CommonUIActions.click is PASSED

2018-06-11 16:17:31 - [TEST_STEP][PASSED] - uiaction.CommonUIActions.click: uiaction.CommonUIActions.click is PASSED

2018-06-11 16:17:33 - [MESSAGE][PASSED] - uiaction.CommonUIActions.click is PASSED

2018-06-11 16:17:33 - [TEST_STEP][PASSED] - scrollToPosition: Browser is scrolled to position x = 100, y = 1000

2018-06-11 16:17:33 - [MESSAGE][PASSED] - Browser is scrolled to position x = 100, y = 1000

2018-06-11 16:17:33 - [TEST_STEP][PASSED] - uiaction.CommonUIActions.click: uiaction.CommonUIActions.click is PASSED

2018-06-11 16:17:33 - [MESSAGE][PASSED] - uiaction.CommonUIActions.click is PASSED

2018-06-11 16:17:33 - [TEST_STEP][PASSED] - delay: Delayed 10 second(s)

2018-06-11 16:17:43 - [MESSAGE][PASSED] - Delayed 10 second(s)

2018-06-11 16:17:43 - [TEST_STEP][PASSED] - Statement - actual = com.kms.katalon.core.webui.keyword.WebUiBuiltInKeywords.getText(com.kms.katalon.core.testobject.ObjectRepository.findTestObject(Language/L_ReportingGroupManagementPage/delete_PopupMessage)): Text of object 'Object Repository/Language/L_ReportingGroupManagementPage/delete_PopupMessage' is: 'Confirm to Delete'

2018-06-11 16:17:43 - [MESSAGE][PASSED] - Text of object 'Object Repository/Language/L_ReportingGroupManagementPage/delete_PopupMessage' is: 'Confirm to Delete'

2018-06-11 16:17:43 - [TEST_STEP][FAILED] - verifyMatch: Unable to verify match between actual text 'Confirm to Delete' and expected text 'Confirmer pour supprimer' (Root cause: Actual text 'Confirm to Delete' and expected text 'Confirmer pour supprimer' are not matched)

2018-06-11 16:17:43 - [MESSAGE][PASSED] - projectSpecific.Reusability.getTestData is PASSED

2018-06-11 16:17:43 - [MESSAGE][FAILED] - Unable to verify match between actual text 'Confirm to Delete' and expected text 'Confirmer pour supprimer' (Root cause: Actual text 'Confirm to Delete' and expected text 'Confirmer pour supprimer' are not matched)

2018-06-11 16:17:43 - [TEST_STEP][PASSED] - uiaction.CommonUIActions.click: uiaction.CommonUIActions.click is PASSED

2018-06-11 16:17:43 - [MESSAGE][PASSED] - uiaction.CommonUIActions.click is PASSED

2018-06-11 16:17:43 - [TEST_STEP][PASSED] - uiaction.CommonUIActions.click: uiaction.CommonUIActions.click is PASSED

2018-06-11 16:17:43 - [MESSAGE][PASSED] - uiaction.CommonUIActions.click is PASSED

2018-06-11 16:17:43 - [TEST_STEP][PASSED] - delay: Delayed 10 second(s)

2018-06-11 16:17:53 - [MESSAGE][PASSED] - Delayed 10 second(s)

2018-06-11 16:17:53 - [TEST_STEP][PASSED] - uiaction.CommonUIActions.click: uiaction.CommonUIActions.click is PASSED

2018-06-11 16:17:57 - [MESSAGE][PASSED] - uiaction.CommonUIActions.click is PASSED

2018-06-11 16:17:57 - [TEST_STEP][PASSED] - uiaction.CommonUIActions.click: uiaction.CommonUIActions.click is PASSED

2018-06-11 16:18:04 - [MESSAGE][PASSED] - uiaction.CommonUIActions.click is PASSED

2018-06-11 16:18:04 - [TEST_STEP][PASSED] - uiaction.CommonUIActions.click: uiaction.CommonUIActions.click is PASSED

2018-06-11 16:18:04 - [MESSAGE][PASSED] - uiaction.CommonUIActions.click is PASSED

2018-06-11 16:18:04 - [TEST_STEP][PASSED] - Statement - actual = com.kms.katalon.core.webui.keyword.WebUiBuiltInKeywords.getText(com.kms.katalon.core.testobject.ObjectRepository.findTestObject(Language/L_DashboardPage/laneTotal)): Text of object 'Object Repository/Language/L_DashboardPage/laneTotal' is: 'Lane Total'

2018-06-11 16:18:04 - [MESSAGE][PASSED] - Text of object 'Object Repository/Language/L_DashboardPage/laneTotal' is: 'Lane Total'

2018-06-11 16:18:04 - [TEST_STEP][FAILED] - verifyMatch: Unable to verify match between actual text 'Lane Total' and expected text 'Total allée' (Root cause: Actual text 'Lane Total' and expected text 'Total allée' are not matched)

2018-06-11 16:18:04 - [MESSAGE][PASSED] - projectSpecific.Reusability.getTestData is PASSED

2018-06-11 16:18:04 - [MESSAGE][FAILED] - Unable to verify match between actual text 'Lane Total' and expected text 'Total allée' (Root cause: Actual text 'Lane Total' and expected text 'Total allée' are not matched)

2018-06-11 16:18:04 - [TEST_STEP][PASSED] - Statement - actual = com.kms.katalon.core.webui.keyword.WebUiBuiltInKeywords.getText(com.kms.katalon.core.testobject.ObjectRepository.findTestObject(Language/L_DashboardPage/laneTotal2)): Text of object 'Object Repository/Language/L_DashboardPage/laneTotal2' is: 'Lane Total 2'

2018-06-11 16:18:04 - [MESSAGE][PASSED] - Text of object 'Object Repository/Language/L_DashboardPage/laneTotal2' is: 'Lane Total 2'

2018-06-11 16:18:04 - [TEST_STEP][FAILED] - verifyMatch: Unable to verify match between actual text 'Lane Total 2' and expected text 'Total de l'allée 2' (Root cause: Actual text 'Lane Total 2' and expected text 'Total de l'allée 2' are not matched)

2018-06-11 16:18:04 - [MESSAGE][PASSED] - projectSpecific.Reusability.getTestData is PASSED

2018-06-11 16:18:04 - [MESSAGE][FAILED] - Unable to verify match between actual text 'Lane Total 2' and expected text 'Total de l'allée 2' (Root cause: Actual text 'Lane Total 2' and expected text 'Total de l'allée 2' are not matched)

2018-06-11 16:18:04 - [TEST_STEP][PASSED] - uiaction.CommonUIActions.click: uiaction.CommonUIActions.click is PASSED

2018-06-11 16:18:06 - [MESSAGE][PASSED] - uiaction.CommonUIActions.click is PASSED

2018-06-11 16:18:06 - [TEST_STEP][PASSED] - Statement - actual = com.kms.katalon.core.webui.keyword.WebUiBuiltInKeywords.getText(com.kms.katalon.core.testobject.ObjectRepository.findTestObject(Language/L_HomePage/welcomelink)): Text of object 'Object Repository/Language/L_HomePage/welcomelink' is: 'WELCOME'

2018-06-11 16:18:06 - [MESSAGE][PASSED] - Text of object 'Object Repository/Language/L_HomePage/welcomelink' is: 'WELCOME'

2018-06-11 16:18:06 - [TEST_STEP][FAILED] - verifyMatch: Unable to verify match between actual text 'WELCOME' and expected text 'BIENVENUE' (Root cause: Actual text 'WELCOME' and expected text 'BIENVENUE' are not matched)

2018-06-11 16:18:06 - [MESSAGE][PASSED] - projectSpecific.Reusability.getTestData is PASSED

2018-06-11 16:18:06 - [MESSAGE][FAILED] - Unable to verify match between actual text 'WELCOME' and expected text 'BIENVENUE' (Root cause: Actual text 'WELCOME' and expected text 'BIENVENUE' are not matched)

2018-06-11 16:18:06 - [TEST_STEP][PASSED] - Statement - actual = com.kms.katalon.core.webui.keyword.WebUiBuiltInKeywords.getText(com.kms.katalon.core.testobject.ObjectRepository.findTestObject(Language/L_HomePage/dashboard)): Text of object 'Object Repository/Language/L_HomePage/dashboard' is: 'ZOOM DASHBOARD'

2018-06-11 16:18:06 - [MESSAGE][PASSED] - Text of object 'Object Repository/Language/L_HomePage/dashboard' is: 'ZOOM DASHBOARD'

2018-06-11 16:18:06 - [TEST_STEP][FAILED] - verifyMatch: Unable to verify match between actual text 'ZOOM DASHBOARD' and expected text 'TABLEAU DE BORD ZOOM' (Root cause: Actual text 'ZOOM DASHBOARD' and expected text 'TABLEAU DE BORD ZOOM' are not matched)

2018-06-11 16:18:06 - [MESSAGE][PASSED] - projectSpecific.Reusability.getTestData is PASSED

2018-06-11 16:18:06 - [MESSAGE][FAILED] - Unable to verify match between actual text 'ZOOM DASHBOARD' and expected text 'TABLEAU DE BORD ZOOM' (Root cause: Actual text 'ZOOM DASHBOARD' and expected text 'TABLEAU DE BORD ZOOM' are not matched)

2018-06-11 16:18:06 - [TEST_STEP][PASSED] - Statement - actual = com.kms.katalon.core.webui.keyword.WebUiBuiltInKeywords.getText(com.kms.katalon.core.testobject.ObjectRepository.findTestObject(Language/L_HomePage/reports_Header)): Text of object 'Object Repository/Language/L_HomePage/reports_Header' is: 'REPORTS'

2018-06-11 16:18:06 - [MESSAGE][PASSED] - Text of object 'Object Repository/Language/L_HomePage/reports_Header' is: 'REPORTS'

2018-06-11 16:18:06 - [TEST_STEP][FAILED] - verifyMatch: Unable to verify match between actual text 'REPORTS' and expected text 'RAPPORTS' (Root cause: Actual text 'REPORTS' and expected text 'RAPPORTS' are not matched)

2018-06-11 16:18:06 - [MESSAGE][PASSED] - projectSpecific.Reusability.getTestData is PASSED

2018-06-11 16:18:06 - [MESSAGE][FAILED] - Unable to verify match between actual text 'REPORTS' and expected text 'RAPPORTS' (Root cause: Actual text 'REPORTS' and expected text 'RAPPORTS' are not matched)

2018-06-11 16:18:06 - [TEST_STEP][PASSED] - Statement - actual = com.kms.katalon.core.webui.keyword.WebUiBuiltInKeywords.getText(com.kms.katalon.core.testobject.ObjectRepository.findTestObject(Language/L_HomePage/myAccount_Header)): Text of object 'Object Repository/Language/L_HomePage/myAccount_Header' is: 'MY ACCOUNT'

2018-06-11 16:18:06 - [MESSAGE][PASSED] - Text of object 'Object Repository/Language/L_HomePage/myAccount_Header' is: 'MY ACCOUNT'

2018-06-11 16:18:06 - [TEST_STEP][FAILED] - verifyMatch: Unable to verify match between actual text 'MY ACCOUNT' and expected text 'MON COMPTE' (Root cause: Actual text 'MY ACCOUNT' and expected text 'MON COMPTE' are not matched)

2018-06-11 16:18:06 - [MESSAGE][PASSED] - projectSpecific.Reusability.getTestData is PASSED

2018-06-11 16:18:06 - [MESSAGE][FAILED] - Unable to verify match between actual text 'MY ACCOUNT' and expected text 'MON COMPTE' (Root cause: Actual text 'MY ACCOUNT' and expected text 'MON COMPTE' are not matched)

2018-06-11 16:18:06 - [TEST_STEP][PASSED] - Statement - actual = com.kms.katalon.core.webui.keyword.WebUiBuiltInKeywords.getText(com.kms.katalon.core.testobject.ObjectRepository.findTestObject(Language/L_HomePage/settings_Header)): Text of object 'Object Repository/Language/L_HomePage/settings_Header' is: 'SETTINGS'

2018-06-11 16:18:06 - [MESSAGE][PASSED] - Text of object 'Object Repository/Language/L_HomePage/settings_Header' is: 'SETTINGS'

2018-06-11 16:18:06 - [TEST_STEP][FAILED] - verifyMatch: Unable to verify match between actual text 'SETTINGS' and expected text 'PARAMÈTRES' (Root cause: Actual text 'SETTINGS' and expected text 'PARAMÈTRES' are not matched)

2018-06-11 16:18:06 - [MESSAGE][PASSED] - projectSpecific.Reusability.getTestData is PASSED

2018-06-11 16:18:06 - [MESSAGE][FAILED] - Unable to verify match between actual text 'SETTINGS' and expected text 'PARAMÈTRES' (Root cause: Actual text 'SETTINGS' and expected text 'PARAMÈTRES' are not matched)

2018-06-11 16:18:06 - [TEST_STEP][PASSED] - scrollToPosition: Browser is scrolled to position x = 100, y = 1000

2018-06-11 16:18:06 - [MESSAGE][PASSED] - Browser is scrolled to position x = 100, y = 1000

2018-06-11 16:18:06 - [TEST_STEP][PASSED] - delay: Delayed 5 second(s)

2018-06-11 16:18:11 - [MESSAGE][PASSED] - Delayed 5 second(s)

2018-06-11 16:18:11 - [TEST_STEP][PASSED] - Statement - actual = com.kms.katalon.core.webui.keyword.WebUiBuiltInKeywords.getText(com.kms.katalon.core.testobject.ObjectRepository.findTestObject(Language/L_HomePage/privacyPolicy_Footer)): Text of object 'Object Repository/Language/L_HomePage/privacyPolicy_Footer' is: 'Privacy Policy'

2018-06-11 16:18:11 - [MESSAGE][PASSED] - Text of object 'Object Repository/Language/L_HomePage/privacyPolicy_Footer' is: 'Privacy Policy'

2018-06-11 16:18:11 - [TEST_STEP][FAILED] - verifyMatch: Unable to verify match between actual text 'Privacy Policy' and expected text 'Politique sur la protection des renseignements personnels' (Root cause: Actual text 'Privacy Policy' and expected text 'Politique sur la protection des renseignements personnels' are not matched)

2018-06-11 16:18:11 - [MESSAGE][PASSED] - projectSpecific.Reusability.getTestData is PASSED

2018-06-11 16:18:11 - [MESSAGE][FAILED] - Unable to verify match between actual text 'Privacy Policy' and expected text 'Politique sur la protection des renseignements personnels' (Root cause: Actual text 'Privacy Policy' and expected text 'Politique sur la protection des renseignements personnels' are not matched)

2018-06-11 16:18:11 - [TEST_STEP][PASSED] - uiaction.CommonUIActions.click: uiaction.CommonUIActions.click is PASSED

2018-06-11 16:18:11 - [MESSAGE][PASSED] - uiaction.CommonUIActions.click is PASSED

2018-06-11 16:18:11 - [TEST_STEP][PASSED] - uiaction.CommonUIActions.click: uiaction.CommonUIActions.click is PASSED

2018-06-11 16:18:15 - [MESSAGE][PASSED] - uiaction.CommonUIActions.click is PASSED

2018-06-11 16:18:15 - [TEST_STEP][PASSED] - Statement - actual = com.kms.katalon.core.webui.keyword.WebUiBuiltInKeywords.getText(com.kms.katalon.core.testobject.ObjectRepository.findTestObject(Language/L_HelpPage/frequentlyAskedQues)): Text of object 'Object Repository/Language/L_HelpPage/frequentlyAskedQues' is: 'Frequently Asked Questions'

2018-06-11 16:18:15 - [MESSAGE][PASSED] - Text of object 'Object Repository/Language/L_HelpPage/frequentlyAskedQues' is: 'Frequently Asked Questions'

2018-06-11 16:18:15 - [TEST_STEP][FAILED] - verifyMatch: Unable to verify match between actual text 'Frequently Asked Questions' and expected text 'Questions fréquemment posées' (Root cause: Actual text 'Frequently Asked Questions' and expected text 'Questions fréquemment posées' are not matched)

2018-06-11 16:18:15 - [MESSAGE][PASSED] - projectSpecific.Reusability.getTestData is PASSED

2018-06-11 16:18:15 - [MESSAGE][FAILED] - Unable to verify match between actual text 'Frequently Asked Questions' and expected text 'Questions fréquemment posées' (Root cause: Actual text 'Frequently Asked Questions' and expected text 'Questions fréquemment posées' are not matched)

2018-06-11 16:18:15 - [TEST_STEP][PASSED] - Statement - assert TCflag == true: null

2018-06-11 16:18:15 - [TEST_STEP][PASSED] - Start listener action : sampleAfterTestCase: Browser is closed

2018-06-11 16:18:15 - [TEST_STEP][PASSED] - Statement - println(testCaseContext.getTestCaseId()): null

2018-06-11 16:18:15 - [TEST_STEP][PASSED] - Statement - println(testCaseContext.getTestCaseStatus()): null

2018-06-11 16:18:15 - [TEST_STEP][PASSED] - closeBrowser: Browser is closed

2018-06-11 16:18:16 - [MESSAGE][PASSED] - Browser is closed]]></system-out>
         <system-err><![CDATA[2018-06-11 16:09:59 - [TEST_CASE][FAILED] - Test Cases/MultilingualTC/HME-Multilingual-01: Test Cases/MultilingualTC/HME-Multilingual-01 FAILED because (of) Unable to verify match between actual text 'WELCOME' and expected text 'BIENVENUE' (Root cause: Actual text 'WELCOME' and expected text 'BIENVENUE' are not matched)]]></system-err>
      </testcase>
      <system-out><![CDATA[2018-06-11 15:41:26 - [TEST_SUITE][FAILED] - RegressionSuite: Test Cases/MultilingualTC/HME-Multilingual-01 FAILED because (of) Unable to verify match between actual text 'WELCOME' and expected text 'BIENVENUE' (Root cause: Actual text 'WELCOME' and expected text 'BIENVENUE' are not matched)]]></system-out>
      <system-err><![CDATA[2018-06-11 15:41:26 - [TEST_SUITE][FAILED] - RegressionSuite: Test Cases/MultilingualTC/HME-Multilingual-01 FAILED because (of) Unable to verify match between actual text 'WELCOME' and expected text 'BIENVENUE' (Root cause: Actual text 'WELCOME' and expected text 'BIENVENUE' are not matched)]]></system-err>
   </testsuite>
</testsuites>
